<?xml version="1.0" encoding="UTF-8"?>
<testsuites name="Update Employee Information (Employer)" time="5301" tests="16" failures="0" errors="0">
   <testsuite name="Update Employee Information (Employer)" tests="16" failures="0" errors="0" time="5301" timestamp="2019-01-03 20:18:07" hostname="Admin - Win7Test02" id="Test Suites/Workflow/Update Employee Information (Employer)">
      <properties>
         <property name="deviceName" value=""/>
         <property name="devicePlatform" value=""/>
         <property name="logFolder" value="C:\\Users\\Admin\\Desktop\\PKS\\Perkeso Phase A\\Reports\\Workflow\\Update Employee Information (Employer)\\20190103_102114"/>
         <property name="logFiles" value="C:\\Users\\Admin\\Desktop\\PKS\\Perkeso Phase A\\Reports\\Workflow\\Update Employee Information (Employer)\\20190103_102114\\execution0.log, C:\\Users\\Admin\\Desktop\\PKS\\Perkeso Phase A\\Reports\\Workflow\\Update Employee Information (Employer)\\20190103_102114\\execution1.log"/>
         <property name="attachments" value=""/>
         <property name="hostName" value="Admin - Win7Test02"/>
         <property name="os" value="Windows 7 64bit"/>
         <property name="katalonVersion" value="5.8.6.1"/>
         <property name="browser" value="Chrome 71.0.3578.98"/>
         <property name="hostAddress" value="10.20.3.72"/>
         <property name="sessionId" value="1471faf708d43ac3f80f3413a324477f"/>
         <property name="seleniumVersion" value="3.7.1"/>
         <property name="proxyInformation" value="ProxyInformation{proxyOption=NO_PROXY, proxyServerType=HTTP, password=, proxyServerAddress=, proxyServerPort=0}"/>
         <property name="platform" value="Windows 7"/>
      </properties>
      <testcase name="Test Cases/Final Aug 2018 - PKS Automation/Registration Module/Workflow/Update Employee Information (Employer)/Employer - UO (Approve)" classname="Test Cases/Final Aug 2018 - PKS Automation/Registration Module/Workflow/Update Employee Information (Employer)/Employer - UO (Approve)" status="PASSED">
         <system-out><![CDATA[2019-01-03 20:18:08 - [TEST_CASE][PASSED] - Test Cases/Final Aug 2018 - PKS Automation/Registration Module/Workflow/Update Employee Information (Employer)/Employer - UO (Approve): Test Cases/Final Aug 2018 - PKS Automation/Registration Module/Workflow/Update Employee Information (Employer)/Employer - UO (Approve)

2019-01-03 20:18:08 - [TEST_STEP][PASSED] - callTestCase: Call Test Case 'Test Cases/Final Aug 2018 - PKS Automation/Registration Module/Workflow/Update Employee Information (Employer)/Template/Update Employer Information - Special Case (Employer)' successfully

2019-01-03 20:18:08 - [TEST_CASE][PASSED] - Test Cases/Final Aug 2018 - PKS Automation/Registration Module/Workflow/Update Employee Information (Employer)/Template/Update Employer Information - Special Case (Employer): Test Cases/Final Aug 2018 - PKS Automation/Registration Module/Workflow/Update Employee Information (Employer)/Template/Update Employer Information - Special Case (Employer)

2019-01-03 20:18:09 - [TEST_STEP][PASSED] - callTestCase: Call Test Case 'Test Cases/Final Aug 2018 - PKS Automation/Registration Module/Workflow/Update Add New Employee/Template/New Company for Update Add New - Employer' successfully

2019-01-03 20:18:09 - [TEST_CASE][PASSED] - Test Cases/Final Aug 2018 - PKS Automation/Registration Module/Workflow/Update Add New Employee/Template/New Company for Update Add New - Employer: Test Cases/Final Aug 2018 - PKS Automation/Registration Module/Workflow/Update Add New Employee/Template/New Company for Update Add New - Employer

2019-01-03 20:18:09 - [TEST_STEP][PASSED] - callTestCase: Call Test Case 'Test Cases/Final Aug 2018 - PKS Automation/Create Employer Acc/Create Employer Account' successfully

2019-01-03 20:18:09 - [TEST_CASE][PASSED] - Test Cases/Final Aug 2018 - PKS Automation/Create Employer Acc/Create Employer Account: Test Cases/Final Aug 2018 - PKS Automation/Create Employer Acc/Create Employer Account

2019-01-03 20:18:10 - [TEST_STEP][PASSED] - callTestCase: Call Test Case 'Test Cases/Final Aug 2018 - PKS Automation/Create Employer Acc/Template/Register Employer' successfully

2019-01-03 20:18:10 - [TEST_CASE][PASSED] - Test Cases/Final Aug 2018 - PKS Automation/Create Employer Acc/Template/Register Employer: Test Cases/Final Aug 2018 - PKS Automation/Create Employer Acc/Template/Register Employer

2019-01-03 20:18:10 - [TEST_STEP][PASSED] - openBrowser: Browser is opened with url: ''

2019-01-03 20:18:14 - [MESSAGE][PASSED] - Browser is opened with url: ''

2019-01-03 20:18:14 - [TEST_STEP][PASSED] - navigateToUrl: Navigate to 'https://assist2-uat.perkeso.gov.my/login' successfully

2019-01-03 20:18:16 - [MESSAGE][PASSED] - Navigate to 'https://assist2-uat.perkeso.gov.my/login' successfully

2019-01-03 20:18:16 - [TEST_STEP][PASSED] - setText: Text 'johorotc1@gmail.com' is set on object 'Object Repository/Final Object Repo/Login Page/Internal User/Email Address'

2019-01-03 20:18:16 - [MESSAGE][PASSED] - Text 'johorotc1@gmail.com' is set on object 'Object Repository/Final Object Repo/Login Page/Internal User/Email Address'

2019-01-03 20:18:16 - [TEST_STEP][PASSED] - click: Object: 'Object Repository/Final Object Repo/Login Page/Internal User/Next Button' is clicked on

2019-01-03 20:18:16 - [MESSAGE][PASSED] - Object: 'Object Repository/Final Object Repo/Login Page/Internal User/Next Button' is clicked on

2019-01-03 20:18:16 - [TEST_STEP][PASSED] - delay: Delayed 1 second(s)

2019-01-03 20:18:17 - [MESSAGE][PASSED] - Delayed 1 second(s)

2019-01-03 20:18:17 - [TEST_STEP][PASSED] - setEncryptedText: Text ****** has been set on object 'Object Repository/Final Object Repo/Login Page/Internal User/Password'

2019-01-03 20:18:18 - [MESSAGE][PASSED] - Text ****** has been set on object 'Object Repository/Final Object Repo/Login Page/Internal User/Password'

2019-01-03 20:18:18 - [TEST_STEP][PASSED] - click: Object: 'Object Repository/Final Object Repo/Login Page/Internal User/Login Button' is clicked on

2019-01-03 20:18:18 - [MESSAGE][PASSED] - Object: 'Object Repository/Final Object Repo/Login Page/Internal User/Login Button' is clicked on

2019-01-03 20:18:18 - [TEST_STEP][PASSED] - delay: Delayed 1 second(s)

2019-01-03 20:18:19 - [MESSAGE][PASSED] - Delayed 1 second(s)

2019-01-03 20:18:19 - [TEST_STEP][PASSED] - navigateToUrl: Navigate to 'https://assist2-uat.perkeso.gov.my/web/base/portal-id/registration' successfully

2019-01-03 20:18:21 - [MESSAGE][PASSED] - Navigate to 'https://assist2-uat.perkeso.gov.my/web/base/portal-id/registration' successfully

2019-01-03 20:18:21 - [TEST_STEP][PASSED] - setText: Text 'AUTOMATION EMPLOYER' is set on object 'Object Repository/Final Object Repo/Creating Employer Account/Page_Registration - ASSIST (Base)/Employer Name'

2019-01-03 20:18:21 - [MESSAGE][PASSED] - Text 'AUTOMATION EMPLOYER' is set on object 'Object Repository/Final Object Repo/Creating Employer Account/Page_Registration - ASSIST (Base)/Employer Name'

2019-01-03 20:18:21 - [TEST_STEP][PASSED] - delay: Delayed 2 second(s)

2019-01-03 20:18:23 - [MESSAGE][PASSED] - Delayed 2 second(s)

2019-01-03 20:18:23 - [TEST_STEP][PASSED] - click: Object: 'Object Repository/Final Object Repo/Creating Employer Account/Page_Registration - ASSIST (Base)/Registration Type' is clicked on

2019-01-03 20:18:23 - [MESSAGE][PASSED] - Object: 'Object Repository/Final Object Repo/Creating Employer Account/Page_Registration - ASSIST (Base)/Registration Type' is clicked on

2019-01-03 20:18:23 - [TEST_STEP][PASSED] - delay: Delayed 2 second(s)

2019-01-03 20:18:25 - [MESSAGE][PASSED] - Delayed 2 second(s)

2019-01-03 20:18:25 - [TEST_STEP][PASSED] - click: Object: 'Object Repository/Final Object Repo/Creating Employer Account/Page_Registration - ASSIST (Base)/Registration Type - Registration No' is clicked on

2019-01-03 20:18:26 - [MESSAGE][PASSED] - Object: 'Object Repository/Final Object Repo/Creating Employer Account/Page_Registration - ASSIST (Base)/Registration Type - Registration No' is clicked on

2019-01-03 20:18:26 - [TEST_STEP][PASSED] - delay: Delayed 2 second(s)

2019-01-03 20:18:28 - [MESSAGE][PASSED] - Delayed 2 second(s)

2019-01-03 20:18:28 - [TEST_STEP][PASSED] - setText: Text 'AUTOMATE001' is set on object 'Object Repository/Final Object Repo/Creating Employer Account/Page_Registration - ASSIST (Base)/Registration Number'

2019-01-03 20:18:28 - [MESSAGE][PASSED] - Text 'AUTOMATE001' is set on object 'Object Repository/Final Object Repo/Creating Employer Account/Page_Registration - ASSIST (Base)/Registration Number'

2019-01-03 20:18:28 - [TEST_STEP][PASSED] - delay: Delayed 2 second(s)

2019-01-03 20:18:30 - [MESSAGE][PASSED] - Delayed 2 second(s)

2019-01-03 20:18:30 - [TEST_STEP][PASSED] - setText: Text 'ADDRESS 1' is set on object 'Object Repository/Final Object Repo/Creating Employer Account/Page_Registration - ASSIST (Base)/Postal Address 1'

2019-01-03 20:18:30 - [MESSAGE][PASSED] - Text 'ADDRESS 1' is set on object 'Object Repository/Final Object Repo/Creating Employer Account/Page_Registration - ASSIST (Base)/Postal Address 1'

2019-01-03 20:18:30 - [TEST_STEP][PASSED] - setText: Text 'ADDRESS 2' is set on object 'Object Repository/Final Object Repo/Creating Employer Account/Page_Registration - ASSIST (Base)/Postal Address 2'

2019-01-03 20:18:30 - [MESSAGE][PASSED] - Text 'ADDRESS 2' is set on object 'Object Repository/Final Object Repo/Creating Employer Account/Page_Registration - ASSIST (Base)/Postal Address 2'

2019-01-03 20:18:30 - [TEST_STEP][PASSED] - click: Object: 'Object Repository/Final Object Repo/Creating Employer Account/Page_Registration - ASSIST (Base)/State' is clicked on

2019-01-03 20:18:31 - [MESSAGE][PASSED] - Object: 'Object Repository/Final Object Repo/Creating Employer Account/Page_Registration - ASSIST (Base)/State' is clicked on

2019-01-03 20:18:31 - [TEST_STEP][PASSED] - delay: Delayed 2 second(s)

2019-01-03 20:18:33 - [MESSAGE][PASSED] - Delayed 2 second(s)

2019-01-03 20:18:33 - [TEST_STEP][PASSED] - click: Object: 'Object Repository/Final Object Repo/Creating Employer Account/Page_Registration - ASSIST (Base)/State - Johor' is clicked on

2019-01-03 20:18:33 - [MESSAGE][PASSED] - Object: 'Object Repository/Final Object Repo/Creating Employer Account/Page_Registration - ASSIST (Base)/State - Johor' is clicked on

2019-01-03 20:18:33 - [TEST_STEP][PASSED] - delay: Delayed 2 second(s)

2019-01-03 20:18:35 - [MESSAGE][PASSED] - Delayed 2 second(s)

2019-01-03 20:18:35 - [TEST_STEP][PASSED] - click: Object: 'Object Repository/Final Object Repo/Creating Employer Account/Page_Registration - ASSIST (Base)/City' is clicked on

2019-01-03 20:18:35 - [MESSAGE][PASSED] - Object: 'Object Repository/Final Object Repo/Creating Employer Account/Page_Registration - ASSIST (Base)/City' is clicked on

2019-01-03 20:18:35 - [TEST_STEP][PASSED] - delay: Delayed 2 second(s)

2019-01-03 20:18:37 - [MESSAGE][PASSED] - Delayed 2 second(s)

2019-01-03 20:18:37 - [TEST_STEP][PASSED] - setText: Text 'joh' is set on object 'Object Repository/Final Object Repo/Creating Employer Account/Page_Registration - ASSIST (Base)/City - joh'

2019-01-03 20:18:37 - [MESSAGE][PASSED] - Text 'joh' is set on object 'Object Repository/Final Object Repo/Creating Employer Account/Page_Registration - ASSIST (Base)/City - joh'

2019-01-03 20:18:37 - [TEST_STEP][PASSED] - delay: Delayed 2 second(s)

2019-01-03 20:18:39 - [MESSAGE][PASSED] - Delayed 2 second(s)

2019-01-03 20:18:39 - [TEST_STEP][PASSED] - click: Object: 'Object Repository/Final Object Repo/Creating Employer Account/Page_Registration - ASSIST (Base)/City - Johor Bharu' is clicked on

2019-01-03 20:18:39 - [MESSAGE][PASSED] - Object: 'Object Repository/Final Object Repo/Creating Employer Account/Page_Registration - ASSIST (Base)/City - Johor Bharu' is clicked on

2019-01-03 20:18:39 - [TEST_STEP][PASSED] - delay: Delayed 2 second(s)

2019-01-03 20:18:41 - [MESSAGE][PASSED] - Delayed 2 second(s)

2019-01-03 20:18:41 - [TEST_STEP][PASSED] - click: Object: 'Object Repository/Final Object Repo/Creating Employer Account/Page_Registration - ASSIST (Base)/Post Code' is clicked on

2019-01-03 20:18:42 - [MESSAGE][PASSED] - Object: 'Object Repository/Final Object Repo/Creating Employer Account/Page_Registration - ASSIST (Base)/Post Code' is clicked on

2019-01-03 20:18:42 - [TEST_STEP][PASSED] - delay: Delayed 2 second(s)

2019-01-03 20:18:44 - [MESSAGE][PASSED] - Delayed 2 second(s)

2019-01-03 20:18:44 - [TEST_STEP][PASSED] - setText: Text '810' is set on object 'Object Repository/Final Object Repo/Creating Employer Account/Page_Registration - ASSIST (Base)/Post Code - 810'

2019-01-03 20:18:44 - [MESSAGE][PASSED] - Text '810' is set on object 'Object Repository/Final Object Repo/Creating Employer Account/Page_Registration - ASSIST (Base)/Post Code - 810'

2019-01-03 20:18:44 - [TEST_STEP][PASSED] - delay: Delayed 2 second(s)

2019-01-03 20:18:46 - [MESSAGE][PASSED] - Delayed 2 second(s)

2019-01-03 20:18:46 - [TEST_STEP][PASSED] - click: Object: 'Object Repository/Final Object Repo/Creating Employer Account/Page_Registration - ASSIST (Base)/Post Code - 81000' is clicked on

2019-01-03 20:18:46 - [MESSAGE][PASSED] - Object: 'Object Repository/Final Object Repo/Creating Employer Account/Page_Registration - ASSIST (Base)/Post Code - 81000' is clicked on

2019-01-03 20:18:46 - [TEST_STEP][PASSED] - delay: Delayed 2 second(s)

2019-01-03 20:18:48 - [MESSAGE][PASSED] - Delayed 2 second(s)

2019-01-03 20:18:48 - [TEST_STEP][PASSED] - setText: Text 'PERKESO' is set on object 'Object Repository/Final Object Repo/Creating Employer Account/Page_Registration - ASSIST (Base)/Full Name'

2019-01-03 20:18:48 - [MESSAGE][PASSED] - Text 'PERKESO' is set on object 'Object Repository/Final Object Repo/Creating Employer Account/Page_Registration - ASSIST (Base)/Full Name'

2019-01-03 20:18:48 - [TEST_STEP][PASSED] - Statement - rnd = new java.util.Random(): null

2019-01-03 20:18:48 - [TEST_STEP][PASSED] - Statement - snum = rnd.nextInt(899999 + 1) + 100000: null

2019-01-03 20:18:48 - [TEST_STEP][PASSED] - Statement - tnum = rnd.nextInt(899999 + 1) + 100000: null

2019-01-03 20:18:48 - [TEST_STEP][PASSED] - Statement - IC = java.lang.Integer.toString(snum) + java.lang.Integer.toString(tnum): null

2019-01-03 20:18:48 - [TEST_STEP][PASSED] - Statement - out.println(IC): null

2019-01-03 20:18:48 - [TEST_STEP][PASSED] - setText: Text '560085187527' is set on object 'Object Repository/Final Object Repo/Creating Employer Account/Page_Registration - ASSIST (Base)/Identification Number'

2019-01-03 20:18:49 - [MESSAGE][PASSED] - Text '560085187527' is set on object 'Object Repository/Final Object Repo/Creating Employer Account/Page_Registration - ASSIST (Base)/Identification Number'

2019-01-03 20:18:49 - [TEST_STEP][PASSED] - delay: Delayed 2 second(s)

2019-01-03 20:18:51 - [MESSAGE][PASSED] - Delayed 2 second(s)

2019-01-03 20:18:51 - [TEST_STEP][PASSED] - setText: Text '123456789012' is set on object 'Object Repository/Final Object Repo/Creating Employer Account/Page_Registration - ASSIST (Base)/Contact Number'

2019-01-03 20:18:51 - [MESSAGE][PASSED] - Text '123456789012' is set on object 'Object Repository/Final Object Repo/Creating Employer Account/Page_Registration - ASSIST (Base)/Contact Number'

2019-01-03 20:18:51 - [TEST_STEP][PASSED] - Statement - Email = "perkeso" + IC + "@gmail.com": null

2019-01-03 20:18:51 - [TEST_STEP][PASSED] - delay: Delayed 2 second(s)

2019-01-03 20:18:53 - [MESSAGE][PASSED] - Delayed 2 second(s)

2019-01-03 20:18:53 - [TEST_STEP][PASSED] - callTestCase: Call Test Case 'Test Cases/Final Aug 2018 - PKS Automation/Create Employer Acc/Template/Employer Email Settler' successfully

2019-01-03 20:18:53 - [TEST_CASE][PASSED] - Test Cases/Final Aug 2018 - PKS Automation/Create Employer Acc/Template/Employer Email Settler: Test Cases/Final Aug 2018 - PKS Automation/Create Employer Acc/Template/Employer Email Settler

2019-01-03 20:18:53 - [TEST_STEP][PASSED] - Statement - EmpEmailOld = new java.io.File(C://Users//Admin//Desktop//PKS//Automation Reference Point//EmpEmail.txt): null

2019-01-03 20:18:54 - [TEST_STEP][PASSED] - Statement - EmpEmailOld.delete(): null

2019-01-03 20:18:54 - [TEST_STEP][PASSED] - delay: Delayed 5 second(s)

2019-01-03 20:18:59 - [MESSAGE][PASSED] - Delayed 5 second(s)

2019-01-03 20:18:59 - [TEST_STEP][PASSED] - Statement - EmpEmail = new java.io.File(C://Users//Admin//Desktop//PKS//Automation Reference Point//EmpEmail.txt): null

2019-01-03 20:18:59 - [TEST_STEP][PASSED] - Statement - f2 = new java.io.FileWriter(EmpEmail, false): null

2019-01-03 20:18:59 - [TEST_STEP][PASSED] - Statement - f2.write(Email): null

2019-01-03 20:18:59 - [TEST_STEP][PASSED] - Statement - f2.close(): null

2019-01-03 20:18:59 - [TEST_STEP][PASSED] - Statement - out.println(Email): null

2019-01-03 20:18:59 - [MESSAGE][PASSED] - Call Test Case 'Test Cases/Final Aug 2018 - PKS Automation/Create Employer Acc/Template/Employer Email Settler' successfully

2019-01-03 20:18:59 - [TEST_STEP][PASSED] - delay: Delayed 2 second(s)

2019-01-03 20:19:01 - [MESSAGE][PASSED] - Delayed 2 second(s)

2019-01-03 20:19:01 - [TEST_STEP][PASSED] - setText: Text 'perkeso560085187527@gmail.com' is set on object 'Object Repository/Final Object Repo/Creating Employer Account/Page_Registration - ASSIST (Base)/Email'

2019-01-03 20:19:01 - [MESSAGE][PASSED] - Text 'perkeso560085187527@gmail.com' is set on object 'Object Repository/Final Object Repo/Creating Employer Account/Page_Registration - ASSIST (Base)/Email'

2019-01-03 20:19:01 - [TEST_STEP][PASSED] - setText: Text '123' is set on object 'Object Repository/Final Object Repo/Creating Employer Account/Page_Registration - ASSIST (Base)/Security Phase'

2019-01-03 20:19:01 - [MESSAGE][PASSED] - Text '123' is set on object 'Object Repository/Final Object Repo/Creating Employer Account/Page_Registration - ASSIST (Base)/Security Phase'

2019-01-03 20:19:01 - [TEST_STEP][PASSED] - click: Object: 'Object Repository/Final Object Repo/Creating Employer Account/Page_Registration - ASSIST (Base)/Save  Continue' is clicked on

2019-01-03 20:19:01 - [MESSAGE][PASSED] - Object: 'Object Repository/Final Object Repo/Creating Employer Account/Page_Registration - ASSIST (Base)/Save  Continue' is clicked on

2019-01-03 20:19:01 - [TEST_STEP][PASSED] - delay: Delayed 2 second(s)

2019-01-03 20:19:03 - [MESSAGE][PASSED] - Delayed 2 second(s)

2019-01-03 20:19:03 - [TEST_STEP][PASSED] - click: Object: 'Object Repository/Final Object Repo/Creating Employer Account/Page_Registration - ASSIST (Base)/Add Document' is clicked on

2019-01-03 20:19:04 - [MESSAGE][PASSED] - Object: 'Object Repository/Final Object Repo/Creating Employer Account/Page_Registration - ASSIST (Base)/Add Document' is clicked on

2019-01-03 20:19:04 - [TEST_STEP][PASSED] - delay: Delayed 2 second(s)

2019-01-03 20:19:06 - [MESSAGE][PASSED] - Delayed 2 second(s)

2019-01-03 20:19:06 - [TEST_STEP][PASSED] - click: Object: 'Object Repository/Final Object Repo/Creating Employer Account/Page_Registration - ASSIST (Base)/Document Type' is clicked on

2019-01-03 20:19:06 - [MESSAGE][PASSED] - Object: 'Object Repository/Final Object Repo/Creating Employer Account/Page_Registration - ASSIST (Base)/Document Type' is clicked on

2019-01-03 20:19:06 - [TEST_STEP][PASSED] - delay: Delayed 2 second(s)

2019-01-03 20:19:08 - [MESSAGE][PASSED] - Delayed 2 second(s)

2019-01-03 20:19:08 - [TEST_STEP][PASSED] - click: Object: 'Object Repository/Final Object Repo/Creating Employer Account/Page_Registration - ASSIST (Base)/Document Type - Letter of Authorization' is clicked on

2019-01-03 20:19:08 - [MESSAGE][PASSED] - Object: 'Object Repository/Final Object Repo/Creating Employer Account/Page_Registration - ASSIST (Base)/Document Type - Letter of Authorization' is clicked on

2019-01-03 20:19:08 - [TEST_STEP][PASSED] - delay: Delayed 2 second(s)

2019-01-03 20:19:10 - [MESSAGE][PASSED] - Delayed 2 second(s)

2019-01-03 20:19:10 - [TEST_STEP][PASSED] - sendKeys: Keys 'C:\Users\Public\Pictures\Sample Pictures\Koala.jpg' sent to object: 'Object Repository/Final Object Repo/Creating Employer Account/Page_Registration - ASSIST (Base)/Uploading File'

2019-01-03 20:19:10 - [MESSAGE][PASSED] - Keys 'C:\Users\Public\Pictures\Sample Pictures\Koala.jpg' sent to object: 'Object Repository/Final Object Repo/Creating Employer Account/Page_Registration - ASSIST (Base)/Uploading File'

2019-01-03 20:19:10 - [TEST_STEP][PASSED] - delay: Delayed 2 second(s)

2019-01-03 20:19:12 - [MESSAGE][PASSED] - Delayed 2 second(s)

2019-01-03 20:19:12 - [TEST_STEP][PASSED] - click: Object: 'Object Repository/Final Object Repo/Creating Employer Account/Page_Registration - ASSIST (Base)/Add Document in Uploading File' is clicked on

2019-01-03 20:19:12 - [MESSAGE][PASSED] - Object: 'Object Repository/Final Object Repo/Creating Employer Account/Page_Registration - ASSIST (Base)/Add Document in Uploading File' is clicked on

2019-01-03 20:19:12 - [TEST_STEP][PASSED] - delay: Delayed 2 second(s)

2019-01-03 20:19:14 - [MESSAGE][PASSED] - Delayed 2 second(s)

2019-01-03 20:19:14 - [TEST_STEP][PASSED] - click: Object: 'Object Repository/Final Object Repo/Creating Employer Account/Page_Registration - ASSIST (Base)/Save' is clicked on

2019-01-03 20:19:14 - [MESSAGE][PASSED] - Object: 'Object Repository/Final Object Repo/Creating Employer Account/Page_Registration - ASSIST (Base)/Save' is clicked on

2019-01-03 20:19:14 - [TEST_STEP][PASSED] - delay: Delayed 2 second(s)

2019-01-03 20:19:16 - [MESSAGE][PASSED] - Delayed 2 second(s)

2019-01-03 20:19:16 - [TEST_STEP][PASSED] - click: Object: 'Object Repository/Final Object Repo/Creating Employer Account/Page_Registration - ASSIST (Base)/Submit' is clicked on

2019-01-03 20:19:17 - [MESSAGE][PASSED] - Object: 'Object Repository/Final Object Repo/Creating Employer Account/Page_Registration - ASSIST (Base)/Submit' is clicked on

2019-01-03 20:19:17 - [TEST_STEP][PASSED] - delay: Delayed 2 second(s)

2019-01-03 20:19:19 - [MESSAGE][PASSED] - Delayed 2 second(s)

2019-01-03 20:19:19 - [TEST_STEP][PASSED] - click: Object: 'Object Repository/Final Object Repo/Creating Employer Account/Page_Registration - ASSIST (Base)/Confirm' is clicked on

2019-01-03 20:19:19 - [MESSAGE][PASSED] - Object: 'Object Repository/Final Object Repo/Creating Employer Account/Page_Registration - ASSIST (Base)/Confirm' is clicked on

2019-01-03 20:19:19 - [MESSAGE][PASSED] - Call Test Case 'Test Cases/Final Aug 2018 - PKS Automation/Create Employer Acc/Template/Register Employer' successfully

2019-01-03 20:19:19 - [TEST_STEP][PASSED] - delay: Delayed 1 second(s)

2019-01-03 20:19:20 - [MESSAGE][PASSED] - Delayed 1 second(s)

2019-01-03 20:19:20 - [TEST_STEP][PASSED] - navigateToUrl: Navigate to 'https://assist2-uat.perkeso.gov.my/c/portal/logout' successfully

2019-01-03 20:19:21 - [MESSAGE][PASSED] - Navigate to 'https://assist2-uat.perkeso.gov.my/c/portal/logout' successfully

2019-01-03 20:19:21 - [TEST_STEP][PASSED] - delay: Delayed 1 second(s)

2019-01-03 20:19:22 - [MESSAGE][PASSED] - Delayed 1 second(s)

2019-01-03 20:19:22 - [TEST_STEP][PASSED] - callTestCase: Call Test Case 'Test Cases/Final Aug 2018 - PKS Automation/Create Employer Acc/Template/Change Password of Employer' successfully

2019-01-03 20:19:23 - [TEST_CASE][PASSED] - Test Cases/Final Aug 2018 - PKS Automation/Create Employer Acc/Template/Change Password of Employer: Test Cases/Final Aug 2018 - PKS Automation/Create Employer Acc/Template/Change Password of Employer

2019-01-03 20:19:23 - [TEST_STEP][PASSED] - openBrowser: Browser is opened with url: ''

2019-01-03 20:19:23 - [MESSAGE][WARNING] - A browser is already opened. Closing browser and opening a new one

2019-01-03 20:19:27 - [MESSAGE][PASSED] - Browser is opened with url: ''

2019-01-03 20:19:27 - [TEST_STEP][PASSED] - navigateToUrl: Navigate to 'https://assist2-uat.perkeso.gov.my/login' successfully

2019-01-03 20:19:28 - [MESSAGE][PASSED] - Navigate to 'https://assist2-uat.perkeso.gov.my/login' successfully

2019-01-03 20:19:28 - [TEST_STEP][PASSED] - delay: Delayed 5 second(s)

2019-01-03 20:19:33 - [MESSAGE][PASSED] - Delayed 5 second(s)

2019-01-03 20:19:33 - [TEST_STEP][PASSED] - setText: Text 'test@liferay.com' is set on object 'Object Repository/Final Object Repo/Login Page/Internal User/Email Address'

2019-01-03 20:19:33 - [MESSAGE][PASSED] - Text 'test@liferay.com' is set on object 'Object Repository/Final Object Repo/Login Page/Internal User/Email Address'

2019-01-03 20:19:33 - [TEST_STEP][PASSED] - click: Object: 'Object Repository/Final Object Repo/Login Page/Internal User/Next Button' is clicked on

2019-01-03 20:19:33 - [MESSAGE][PASSED] - Object: 'Object Repository/Final Object Repo/Login Page/Internal User/Next Button' is clicked on

2019-01-03 20:19:33 - [TEST_STEP][PASSED] - delay: Delayed 2 second(s)

2019-01-03 20:19:35 - [MESSAGE][PASSED] - Delayed 2 second(s)

2019-01-03 20:19:35 - [TEST_STEP][PASSED] - setText: Text 'test' is set on object 'Object Repository/Final Object Repo/Login Page/Internal User/Password'

2019-01-03 20:19:35 - [MESSAGE][PASSED] - Text 'test' is set on object 'Object Repository/Final Object Repo/Login Page/Internal User/Password'

2019-01-03 20:19:35 - [TEST_STEP][PASSED] - delay: Delayed 2 second(s)

2019-01-03 20:19:37 - [MESSAGE][PASSED] - Delayed 2 second(s)

2019-01-03 20:19:37 - [TEST_STEP][PASSED] - click: Object: 'Object Repository/Final Object Repo/Login Page/Internal User/Login Button' is clicked on

2019-01-03 20:19:38 - [MESSAGE][PASSED] - Object: 'Object Repository/Final Object Repo/Login Page/Internal User/Login Button' is clicked on

2019-01-03 20:19:38 - [TEST_STEP][PASSED] - delay: Delayed 3 second(s)

2019-01-03 20:19:41 - [MESSAGE][PASSED] - Delayed 3 second(s)

2019-01-03 20:19:41 - [TEST_STEP][PASSED] - navigateToUrl: Navigate to 'https://assist2-uat.perkeso.gov.my/group/control_panel/manage?p_p_id=125&p_p_lifecycle=0&p_p_state=maximized&p_p_mode=view&refererPlid=20455&_125_usersListView=flat-users&_125_toolbarItem=view-all-users&_125_saveUsersListView=true&_125_struts_action=%2Fusers_admin%2Fview' successfully

2019-01-03 20:19:42 - [MESSAGE][PASSED] - Navigate to 'https://assist2-uat.perkeso.gov.my/group/control_panel/manage?p_p_id=125&p_p_lifecycle=0&p_p_state=maximized&p_p_mode=view&refererPlid=20455&_125_usersListView=flat-users&_125_toolbarItem=view-all-users&_125_saveUsersListView=true&_125_struts_action=%2Fusers_admin%2Fview' successfully

2019-01-03 20:19:42 - [TEST_STEP][PASSED] - delay: Delayed 3 second(s)

2019-01-03 20:19:45 - [MESSAGE][PASSED] - Delayed 3 second(s)

2019-01-03 20:19:45 - [TEST_STEP][PASSED] - setText: Text 'perkeso560085187527@gmail.com' is set on object 'Object Repository/Final Object Repo/Creating Employer Account/Page_Users and Organizations - ASSIST/Employer name'

2019-01-03 20:19:46 - [MESSAGE][PASSED] - Text 'perkeso560085187527@gmail.com' is set on object 'Object Repository/Final Object Repo/Creating Employer Account/Page_Users and Organizations - ASSIST/Employer name'

2019-01-03 20:19:46 - [TEST_STEP][PASSED] - delay: Delayed 3 second(s)

2019-01-03 20:19:49 - [MESSAGE][PASSED] - Delayed 3 second(s)

2019-01-03 20:19:49 - [TEST_STEP][PASSED] - click: Object: 'Object Repository/Final Object Repo/Creating Employer Account/Page_Users and Organizations - ASSIST/Search' is clicked on

2019-01-03 20:19:49 - [MESSAGE][PASSED] - Object: 'Object Repository/Final Object Repo/Creating Employer Account/Page_Users and Organizations - ASSIST/Search' is clicked on

2019-01-03 20:19:49 - [TEST_STEP][PASSED] - delay: Delayed 3 second(s)

2019-01-03 20:19:52 - [MESSAGE][PASSED] - Delayed 3 second(s)

2019-01-03 20:19:52 - [TEST_STEP][PASSED] - click: Object: 'Object Repository/Final Object Repo/Creating Employer Account/Page_Users and Organizations - ASSIST/Action' is clicked on

2019-01-03 20:19:52 - [MESSAGE][PASSED] - Object: 'Object Repository/Final Object Repo/Creating Employer Account/Page_Users and Organizations - ASSIST/Action' is clicked on

2019-01-03 20:19:52 - [TEST_STEP][PASSED] - delay: Delayed 3 second(s)

2019-01-03 20:19:55 - [MESSAGE][PASSED] - Delayed 3 second(s)

2019-01-03 20:19:55 - [TEST_STEP][PASSED] - click: Object: 'Object Repository/Final Object Repo/Creating Employer Account/Page_Users and Organizations - ASSIST/Edit' is clicked on

2019-01-03 20:19:56 - [MESSAGE][PASSED] - Object: 'Object Repository/Final Object Repo/Creating Employer Account/Page_Users and Organizations - ASSIST/Edit' is clicked on

2019-01-03 20:19:56 - [TEST_STEP][PASSED] - delay: Delayed 3 second(s)

2019-01-03 20:19:59 - [MESSAGE][PASSED] - Delayed 3 second(s)

2019-01-03 20:19:59 - [TEST_STEP][PASSED] - click: Object: 'Object Repository/Final Object Repo/Creating Employer Account/Page_PERKESO - Users and Organizati/a_Password (Modified)' is clicked on

2019-01-03 20:20:00 - [MESSAGE][PASSED] - Object: 'Object Repository/Final Object Repo/Creating Employer Account/Page_PERKESO - Users and Organizati/a_Password (Modified)' is clicked on

2019-01-03 20:20:00 - [TEST_STEP][PASSED] - delay: Delayed 3 second(s)

2019-01-03 20:20:03 - [MESSAGE][PASSED] - Delayed 3 second(s)

2019-01-03 20:20:03 - [TEST_STEP][PASSED] - setEncryptedText: Text ****** has been set on object 'Object Repository/Final Object Repo/Creating Employer Account/Page_PERKESO - Users and Organizati/input__125_password1'

2019-01-03 20:20:03 - [MESSAGE][PASSED] - Text ****** has been set on object 'Object Repository/Final Object Repo/Creating Employer Account/Page_PERKESO - Users and Organizati/input__125_password1'

2019-01-03 20:20:03 - [TEST_STEP][PASSED] - delay: Delayed 3 second(s)

2019-01-03 20:20:06 - [MESSAGE][PASSED] - Delayed 3 second(s)

2019-01-03 20:20:06 - [TEST_STEP][PASSED] - setEncryptedText: Text ****** has been set on object 'Object Repository/Final Object Repo/Creating Employer Account/Page_PERKESO - Users and Organizati/input__125_password2'

2019-01-03 20:20:06 - [MESSAGE][PASSED] - Text ****** has been set on object 'Object Repository/Final Object Repo/Creating Employer Account/Page_PERKESO - Users and Organizati/input__125_password2'

2019-01-03 20:20:06 - [TEST_STEP][PASSED] - delay: Delayed 3 second(s)

2019-01-03 20:20:09 - [MESSAGE][PASSED] - Delayed 3 second(s)

2019-01-03 20:20:09 - [TEST_STEP][PASSED] - click: Object: 'Object Repository/Final Object Repo/Creating Employer Account/Page_PERKESO - Users and Organizati/Save' is clicked on

2019-01-03 20:20:11 - [MESSAGE][PASSED] - Object: 'Object Repository/Final Object Repo/Creating Employer Account/Page_PERKESO - Users and Organizati/Save' is clicked on

2019-01-03 20:20:11 - [MESSAGE][PASSED] - Call Test Case 'Test Cases/Final Aug 2018 - PKS Automation/Create Employer Acc/Template/Change Password of Employer' successfully

2019-01-03 20:20:11 - [TEST_STEP][PASSED] - delay: Delayed 1 second(s)

2019-01-03 20:20:12 - [MESSAGE][PASSED] - Delayed 1 second(s)

2019-01-03 20:20:12 - [TEST_STEP][PASSED] - navigateToUrl: Navigate to 'https://assist2-uat.perkeso.gov.my/c/portal/logout' successfully

2019-01-03 20:20:12 - [MESSAGE][PASSED] - Navigate to 'https://assist2-uat.perkeso.gov.my/c/portal/logout' successfully

2019-01-03 20:20:12 - [TEST_STEP][PASSED] - delay: Delayed 1 second(s)

2019-01-03 20:20:13 - [MESSAGE][PASSED] - Delayed 1 second(s)

2019-01-03 20:20:13 - [TEST_STEP][PASSED] - callTestCase: Call Test Case 'Test Cases/Final Aug 2018 - PKS Automation/Create Employer Acc/Template/Login to Employer Account (First Time)' successfully

2019-01-03 20:20:14 - [TEST_CASE][PASSED] - Test Cases/Final Aug 2018 - PKS Automation/Create Employer Acc/Template/Login to Employer Account (First Time): Test Cases/Final Aug 2018 - PKS Automation/Create Employer Acc/Template/Login to Employer Account (First Time)

2019-01-03 20:20:14 - [TEST_STEP][PASSED] - openBrowser: Browser is opened with url: ''

2019-01-03 20:20:14 - [MESSAGE][WARNING] - A browser is already opened. Closing browser and opening a new one

2019-01-03 20:20:18 - [MESSAGE][PASSED] - Browser is opened with url: ''

2019-01-03 20:20:18 - [TEST_STEP][PASSED] - navigateToUrl: Navigate to 'https://assist2-uat.perkeso.gov.my/employer/login' successfully

2019-01-03 20:20:19 - [MESSAGE][PASSED] - Navigate to 'https://assist2-uat.perkeso.gov.my/employer/login' successfully

2019-01-03 20:20:19 - [TEST_STEP][PASSED] - delay: Delayed 3 second(s)

2019-01-03 20:20:22 - [MESSAGE][PASSED] - Delayed 3 second(s)

2019-01-03 20:20:22 - [TEST_STEP][PASSED] - callTestCase: Call Test Case 'Test Cases/Final Aug 2018 - PKS Automation/Create Employer Acc/Template/Employer Email Getter' successfully

2019-01-03 20:20:22 - [TEST_CASE][PASSED] - Test Cases/Final Aug 2018 - PKS Automation/Create Employer Acc/Template/Employer Email Getter: Test Cases/Final Aug 2018 - PKS Automation/Create Employer Acc/Template/Employer Email Getter

2019-01-03 20:20:22 - [TEST_STEP][PASSED] - Statement - Try: null

2019-01-03 20:20:22 - [TEST_STEP][PASSED] - Statement - EmpEmail = new java.io.File(C://Users//Admin//Desktop//PKS//Automation Reference Point//EmpEmail.txt): null

2019-01-03 20:20:22 - [TEST_STEP][PASSED] - Statement - bufferread = new java.io.BufferedReader(new java.io.FileReader(EmpEmail)): null

2019-01-03 20:20:22 - [TEST_STEP][PASSED] - Statement - readedVal = bufferread.readLine(): null

2019-01-03 20:20:22 - [TEST_STEP][PASSED] - Statement - out.println(readedVal): null

2019-01-03 20:20:22 - [TEST_STEP][PASSED] - Statement - Email = readedVal: null

2019-01-03 20:20:22 - [MESSAGE][PASSED] - Call Test Case 'Test Cases/Final Aug 2018 - PKS Automation/Create Employer Acc/Template/Employer Email Getter' successfully

2019-01-03 20:20:22 - [TEST_STEP][PASSED] - setText: Text 'perkeso560085187527@gmail.com' is set on object 'Object Repository/Final Object Repo/Login Page/External Login Page/Email'

2019-01-03 20:20:23 - [MESSAGE][PASSED] - Text 'perkeso560085187527@gmail.com' is set on object 'Object Repository/Final Object Repo/Login Page/External Login Page/Email'

2019-01-03 20:20:23 - [TEST_STEP][PASSED] - click: Object: 'Object Repository/Final Object Repo/Login Page/External Login Page/Next' is clicked on

2019-01-03 20:20:23 - [MESSAGE][PASSED] - Object: 'Object Repository/Final Object Repo/Login Page/External Login Page/Next' is clicked on

2019-01-03 20:20:23 - [TEST_STEP][PASSED] - delay: Delayed 3 second(s)

2019-01-03 20:20:26 - [MESSAGE][PASSED] - Delayed 3 second(s)

2019-01-03 20:20:26 - [TEST_STEP][PASSED] - setEncryptedText: Text ****** has been set on object 'Object Repository/Final Object Repo/Login Page/External Login Page/Password'

2019-01-03 20:20:26 - [MESSAGE][PASSED] - Text ****** has been set on object 'Object Repository/Final Object Repo/Login Page/External Login Page/Password'

2019-01-03 20:20:26 - [TEST_STEP][PASSED] - click: Object: 'Object Repository/Final Object Repo/Login Page/External Login Page/Login' is clicked on

2019-01-03 20:20:26 - [MESSAGE][PASSED] - Object: 'Object Repository/Final Object Repo/Login Page/External Login Page/Login' is clicked on

2019-01-03 20:20:26 - [TEST_STEP][PASSED] - delay: Delayed 3 second(s)

2019-01-03 20:20:29 - [MESSAGE][PASSED] - Delayed 3 second(s)

2019-01-03 20:20:29 - [TEST_STEP][PASSED] - click: Object: 'Object Repository/Final Object Repo/Creating Employer Account/Page_Terms of Use - ASSIST/button_I Agree' is clicked on

2019-01-03 20:20:30 - [MESSAGE][PASSED] - Object: 'Object Repository/Final Object Repo/Creating Employer Account/Page_Terms of Use - ASSIST/button_I Agree' is clicked on

2019-01-03 20:20:30 - [TEST_STEP][PASSED] - delay: Delayed 2 second(s)

2019-01-03 20:20:32 - [MESSAGE][PASSED] - Delayed 2 second(s)

2019-01-03 20:20:32 - [TEST_STEP][PASSED] - setEncryptedText: Text ****** has been set on object 'Object Repository/Final Object Repo/Creating Employer Account/Page_New Password - ASSIST/input_password1'

2019-01-03 20:20:32 - [MESSAGE][PASSED] - Text ****** has been set on object 'Object Repository/Final Object Repo/Creating Employer Account/Page_New Password - ASSIST/input_password1'

2019-01-03 20:20:32 - [TEST_STEP][PASSED] - setEncryptedText: Text ****** has been set on object 'Object Repository/Final Object Repo/Creating Employer Account/Page_New Password - ASSIST/input_password2'

2019-01-03 20:20:32 - [MESSAGE][PASSED] - Text ****** has been set on object 'Object Repository/Final Object Repo/Creating Employer Account/Page_New Password - ASSIST/input_password2'

2019-01-03 20:20:32 - [TEST_STEP][PASSED] - delay: Delayed 2 second(s)

2019-01-03 20:20:34 - [MESSAGE][PASSED] - Delayed 2 second(s)

2019-01-03 20:20:34 - [TEST_STEP][PASSED] - click: Object: 'Object Repository/Final Object Repo/Creating Employer Account/Page_New Password - ASSIST/Save' is clicked on

2019-01-03 20:20:35 - [MESSAGE][PASSED] - Object: 'Object Repository/Final Object Repo/Creating Employer Account/Page_New Password - ASSIST/Save' is clicked on

2019-01-03 20:20:35 - [TEST_STEP][PASSED] - delay: Delayed 2 second(s)

2019-01-03 20:20:37 - [MESSAGE][PASSED] - Delayed 2 second(s)

2019-01-03 20:20:37 - [TEST_STEP][PASSED] - setText: Text 'test' is set on object 'Object Repository/Final Object Repo/Creating Employer Account/Page_Password Reminder - ASSIST/Reminder Query Answer'

2019-01-03 20:20:37 - [MESSAGE][PASSED] - Text 'test' is set on object 'Object Repository/Final Object Repo/Creating Employer Account/Page_Password Reminder - ASSIST/Reminder Query Answer'

2019-01-03 20:20:37 - [TEST_STEP][PASSED] - delay: Delayed 2 second(s)

2019-01-03 20:20:39 - [MESSAGE][PASSED] - Delayed 2 second(s)

2019-01-03 20:20:39 - [TEST_STEP][PASSED] - doubleClick: Object: 'Object Repository/Final Object Repo/Creating Employer Account/Page_Password Reminder - ASSIST/Save' is double clicked on

2019-01-03 20:20:39 - [MESSAGE][PASSED] - Object: 'Object Repository/Final Object Repo/Creating Employer Account/Page_Password Reminder - ASSIST/Save' is double clicked on

2019-01-03 20:20:39 - [MESSAGE][PASSED] - Call Test Case 'Test Cases/Final Aug 2018 - PKS Automation/Create Employer Acc/Template/Login to Employer Account (First Time)' successfully

2019-01-03 20:20:39 - [MESSAGE][PASSED] - Call Test Case 'Test Cases/Final Aug 2018 - PKS Automation/Create Employer Acc/Create Employer Account' successfully

2019-01-03 20:20:39 - [TEST_STEP][PASSED] - callTestCase: Call Test Case 'Test Cases/Final Aug 2018 - PKS Automation/Registration Module/Log Out/log out avoiding katalon tagging' successfully

2019-01-03 20:20:39 - [TEST_CASE][PASSED] - Test Cases/Final Aug 2018 - PKS Automation/Registration Module/Log Out/log out avoiding katalon tagging: Test Cases/Final Aug 2018 - PKS Automation/Registration Module/Log Out/log out avoiding katalon tagging

2019-01-03 20:20:39 - [TEST_STEP][PASSED] - navigateToUrl: Navigate to 'https://assist2-uat.perkeso.gov.my/c/portal/logout' successfully

2019-01-03 20:20:42 - [MESSAGE][PASSED] - Navigate to 'https://assist2-uat.perkeso.gov.my/c/portal/logout' successfully

2019-01-03 20:20:42 - [MESSAGE][PASSED] - Call Test Case 'Test Cases/Final Aug 2018 - PKS Automation/Registration Module/Log Out/log out avoiding katalon tagging' successfully

2019-01-03 20:20:42 - [TEST_STEP][PASSED] - callTestCase: Call Test Case 'Test Cases/Final Aug 2018 - PKS Automation/Create Employer Acc/Login to Employer Account (Second time)' successfully

2019-01-03 20:20:42 - [TEST_CASE][PASSED] - Test Cases/Final Aug 2018 - PKS Automation/Create Employer Acc/Login to Employer Account (Second time): Test Cases/Final Aug 2018 - PKS Automation/Create Employer Acc/Login to Employer Account (Second time)

2019-01-03 20:20:42 - [TEST_STEP][PASSED] - openBrowser: Browser is opened with url: ''

2019-01-03 20:20:42 - [MESSAGE][WARNING] - A browser is already opened. Closing browser and opening a new one

2019-01-03 20:20:46 - [MESSAGE][PASSED] - Browser is opened with url: ''

2019-01-03 20:20:46 - [TEST_STEP][PASSED] - navigateToUrl: Navigate to 'https://assist2-uat.perkeso.gov.my/employer/login' successfully

2019-01-03 20:20:47 - [MESSAGE][PASSED] - Navigate to 'https://assist2-uat.perkeso.gov.my/employer/login' successfully

2019-01-03 20:20:47 - [TEST_STEP][PASSED] - delay: Delayed 3 second(s)

2019-01-03 20:20:50 - [MESSAGE][PASSED] - Delayed 3 second(s)

2019-01-03 20:20:50 - [TEST_STEP][PASSED] - callTestCase: Call Test Case 'Test Cases/Final Aug 2018 - PKS Automation/Create Employer Acc/Template/Employer Email Getter' successfully

2019-01-03 20:20:50 - [TEST_CASE][PASSED] - Test Cases/Final Aug 2018 - PKS Automation/Create Employer Acc/Template/Employer Email Getter: Test Cases/Final Aug 2018 - PKS Automation/Create Employer Acc/Template/Employer Email Getter

2019-01-03 20:20:50 - [TEST_STEP][PASSED] - Statement - Try: null

2019-01-03 20:20:50 - [TEST_STEP][PASSED] - Statement - EmpEmail = new java.io.File(C://Users//Admin//Desktop//PKS//Automation Reference Point//EmpEmail.txt): null

2019-01-03 20:20:50 - [TEST_STEP][PASSED] - Statement - bufferread = new java.io.BufferedReader(new java.io.FileReader(EmpEmail)): null

2019-01-03 20:20:50 - [TEST_STEP][PASSED] - Statement - readedVal = bufferread.readLine(): null

2019-01-03 20:20:50 - [TEST_STEP][PASSED] - Statement - out.println(readedVal): null

2019-01-03 20:20:50 - [TEST_STEP][PASSED] - Statement - Email = readedVal: null

2019-01-03 20:20:50 - [MESSAGE][PASSED] - Call Test Case 'Test Cases/Final Aug 2018 - PKS Automation/Create Employer Acc/Template/Employer Email Getter' successfully

2019-01-03 20:20:50 - [TEST_STEP][PASSED] - setText: Text 'perkeso560085187527@gmail.com' is set on object 'Object Repository/Final Object Repo/Login Page/External Login Page/Email'

2019-01-03 20:20:51 - [MESSAGE][PASSED] - Text 'perkeso560085187527@gmail.com' is set on object 'Object Repository/Final Object Repo/Login Page/External Login Page/Email'

2019-01-03 20:20:51 - [TEST_STEP][PASSED] - click: Object: 'Object Repository/Final Object Repo/Login Page/External Login Page/Next' is clicked on

2019-01-03 20:20:51 - [MESSAGE][PASSED] - Object: 'Object Repository/Final Object Repo/Login Page/External Login Page/Next' is clicked on

2019-01-03 20:20:51 - [TEST_STEP][PASSED] - delay: Delayed 3 second(s)

2019-01-03 20:20:54 - [MESSAGE][PASSED] - Delayed 3 second(s)

2019-01-03 20:20:54 - [TEST_STEP][PASSED] - setEncryptedText: Text ****** has been set on object 'Object Repository/Final Object Repo/Login Page/External Login Page/Password'

2019-01-03 20:20:54 - [MESSAGE][PASSED] - Text ****** has been set on object 'Object Repository/Final Object Repo/Login Page/External Login Page/Password'

2019-01-03 20:20:54 - [TEST_STEP][PASSED] - click: Object: 'Object Repository/Final Object Repo/Login Page/External Login Page/Login' is clicked on

2019-01-03 20:20:54 - [MESSAGE][PASSED] - Object: 'Object Repository/Final Object Repo/Login Page/External Login Page/Login' is clicked on

2019-01-03 20:20:54 - [TEST_STEP][PASSED] - delay: Delayed 5 second(s)

2019-01-03 20:20:59 - [MESSAGE][PASSED] - Delayed 5 second(s)

2019-01-03 20:20:59 - [MESSAGE][PASSED] - Call Test Case 'Test Cases/Final Aug 2018 - PKS Automation/Create Employer Acc/Login to Employer Account (Second time)' successfully

2019-01-03 20:20:59 - [TEST_STEP][PASSED] - delay: Delayed 4 second(s)

2019-01-03 20:21:03 - [MESSAGE][PASSED] - Delayed 4 second(s)

2019-01-03 20:21:03 - [TEST_STEP][PASSED] - Statement - Try: Delayed 2 second(s)

2019-01-03 20:21:03 - [TEST_STEP][PASSED] - Statement - Checker = false: null

2019-01-03 20:21:03 - [TEST_STEP][PASSED] - Statement - Checker = com.kms.katalon.core.webui.keyword.WebUiBuiltInKeywords.verifyElementHasAttribute(com.kms.katalon.core.testobject.ObjectRepository.findTestObject(Final Object Repo/Landing Page/BM Detecting), "href", 20, OPTIONAL): Object 'Object Repository/Final Object Repo/Landing Page/BM Detecting' has attribute 'href'

2019-01-03 20:21:03 - [MESSAGE][PASSED] - Object 'Object Repository/Final Object Repo/Landing Page/BM Detecting' has attribute 'href'

2019-01-03 20:21:03 - [TEST_STEP][PASSED] - Statement - out.println(Checker): null

2019-01-03 20:21:03 - [TEST_STEP][PASSED] - Statement - If (Checker == false): null

2019-01-03 20:21:03 - [TEST_STEP][PASSED] - Statement - Else: null

2019-01-03 20:21:03 - [TEST_STEP][PASSED] - delay: Delayed 2 second(s)

2019-01-03 20:21:05 - [MESSAGE][PASSED] - Delayed 2 second(s)

2019-01-03 20:21:05 - [TEST_STEP][PASSED] - delay: Delayed 4 second(s)

2019-01-03 20:21:09 - [MESSAGE][PASSED] - Delayed 4 second(s)

2019-01-03 20:21:09 - [TEST_STEP][PASSED] - click: Object: 'Object Repository/Final Object Repo/Landing Page/My Sites Drop Down' is clicked on

2019-01-03 20:21:10 - [MESSAGE][PASSED] - Object: 'Object Repository/Final Object Repo/Landing Page/My Sites Drop Down' is clicked on

2019-01-03 20:21:10 - [TEST_STEP][PASSED] - click: Object: 'Object Repository/Final Object Repo/Landing Page/Select to Registration Module' is clicked on

2019-01-03 20:21:12 - [MESSAGE][PASSED] - Object: 'Object Repository/Final Object Repo/Landing Page/Select to Registration Module' is clicked on

2019-01-03 20:21:12 - [TEST_STEP][PASSED] - click: Object: 'Object Repository/Final Object Repo/Landing Page/Registration Button' is clicked on

2019-01-03 20:21:14 - [MESSAGE][PASSED] - Object: 'Object Repository/Final Object Repo/Landing Page/Registration Button' is clicked on

2019-01-03 20:21:14 - [TEST_STEP][PASSED] - delay: Delayed 2 second(s)

2019-01-03 20:21:16 - [MESSAGE][PASSED] - Delayed 2 second(s)

2019-01-03 20:21:16 - [TEST_STEP][PASSED] - click: Object: 'Object Repository/Final Object Repo/New Registration - Registration Module Pages/New Reg - OTC to RO/Special Case - OTC - Form 1/AEC NO' is clicked on

2019-01-03 20:21:16 - [MESSAGE][PASSED] - Object: 'Object Repository/Final Object Repo/New Registration - Registration Module Pages/New Reg - OTC to RO/Special Case - OTC - Form 1/AEC NO' is clicked on

2019-01-03 20:21:16 - [TEST_STEP][PASSED] - click: Object: 'Object Repository/Final Object Repo/New Registration - Registration Module Pages/New Reg - OTC to RO/Special Case - OTC - Form 1/Business Entity - Please Select' is clicked on

2019-01-03 20:21:16 - [MESSAGE][PASSED] - Object: 'Object Repository/Final Object Repo/New Registration - Registration Module Pages/New Reg - OTC to RO/Special Case - OTC - Form 1/Business Entity - Please Select' is clicked on

2019-01-03 20:21:16 - [TEST_STEP][PASSED] - click: Object: 'Object Repository/Final Object Repo/New Registration - Registration Module Pages/New Reg - OTC to RO/Special Case - OTC - Form 1/Selected - Corporation' is clicked on

2019-01-03 20:21:16 - [MESSAGE][PASSED] - Object: 'Object Repository/Final Object Repo/New Registration - Registration Module Pages/New Reg - OTC to RO/Special Case - OTC - Form 1/Selected - Corporation' is clicked on

2019-01-03 20:21:16 - [TEST_STEP][PASSED] - delay: Delayed 2 second(s)

2019-01-03 20:21:18 - [MESSAGE][PASSED] - Delayed 2 second(s)

2019-01-03 20:21:18 - [TEST_STEP][PASSED] - click: Object: 'Object Repository/Final Object Repo/New Registration - Registration Module Pages/New Reg - OTC to RO/Special Case - OTC - Form 1/Sub Business Entity - Please Select' is clicked on

2019-01-03 20:21:18 - [MESSAGE][PASSED] - Object: 'Object Repository/Final Object Repo/New Registration - Registration Module Pages/New Reg - OTC to RO/Special Case - OTC - Form 1/Sub Business Entity - Please Select' is clicked on

2019-01-03 20:21:18 - [TEST_STEP][PASSED] - delay: Delayed 2 second(s)

2019-01-03 20:21:20 - [MESSAGE][PASSED] - Delayed 2 second(s)

2019-01-03 20:21:20 - [TEST_STEP][PASSED] - click: Object: 'Object Repository/Final Object Repo/New Registration - Registration Module Pages/New Reg - OTC to RO/Special Case - OTC - Form 1/Selected - Sendirian Berhad' is clicked on

2019-01-03 20:21:21 - [MESSAGE][PASSED] - Object: 'Object Repository/Final Object Repo/New Registration - Registration Module Pages/New Reg - OTC to RO/Special Case - OTC - Form 1/Selected - Sendirian Berhad' is clicked on

2019-01-03 20:21:21 - [TEST_STEP][PASSED] - setText: Text 'AUTOMATE001' is set on object 'Object Repository/Final Object Repo/New Registration - Registration Module Pages/New Reg - OTC to RO/Special Case - OTC - Form 1/Input BRN Number'

2019-01-03 20:21:21 - [MESSAGE][PASSED] - Text 'AUTOMATE001' is set on object 'Object Repository/Final Object Repo/New Registration - Registration Module Pages/New Reg - OTC to RO/Special Case - OTC - Form 1/Input BRN Number'

2019-01-03 20:21:21 - [TEST_STEP][PASSED] - delay: Delayed 2 second(s)

2019-01-03 20:21:23 - [MESSAGE][PASSED] - Delayed 2 second(s)

2019-01-03 20:21:23 - [TEST_STEP][PASSED] - click: Object: 'Object Repository/Final Object Repo/New Registration - Registration Module Pages/New Reg - OTC to RO/Special Case - OTC - Form 1/BRN Search' is clicked on

2019-01-03 20:21:23 - [MESSAGE][PASSED] - Object: 'Object Repository/Final Object Repo/New Registration - Registration Module Pages/New Reg - OTC to RO/Special Case - OTC - Form 1/BRN Search' is clicked on

2019-01-03 20:21:23 - [TEST_STEP][PASSED] - delay: Delayed 4 second(s)

2019-01-03 20:21:27 - [MESSAGE][PASSED] - Delayed 4 second(s)

2019-01-03 20:21:27 - [TEST_STEP][PASSED] - click: Object: 'Object Repository/Final Object Repo/New Registration - Registration Module Pages/New Reg - OTC to RO/Special Case - OTC - Form 1/Registered with SSM - After Feb 2017' is clicked on

2019-01-03 20:21:27 - [MESSAGE][PASSED] - Object: 'Object Repository/Final Object Repo/New Registration - Registration Module Pages/New Reg - OTC to RO/Special Case - OTC - Form 1/Registered with SSM - After Feb 2017' is clicked on

2019-01-03 20:21:27 - [TEST_STEP][PASSED] - delay: Delayed 2 second(s)

2019-01-03 20:21:29 - [MESSAGE][PASSED] - Delayed 2 second(s)

2019-01-03 20:21:29 - [TEST_STEP][PASSED] - click: Object: 'Object Repository/Final Object Repo/New Registration - Registration Module Pages/Form 1/Registered As a Branch - Yes' is clicked on

2019-01-03 20:21:29 - [MESSAGE][PASSED] - Object: 'Object Repository/Final Object Repo/New Registration - Registration Module Pages/Form 1/Registered As a Branch - Yes' is clicked on

2019-01-03 20:21:29 - [TEST_STEP][PASSED] - click: Object: 'Object Repository/Final Object Repo/New Registration - Registration Module Pages/New Reg - OTC to RO/Special Case - OTC - Form 1/Acknowledgement Ticked' is clicked on

2019-01-03 20:21:30 - [MESSAGE][PASSED] - Object: 'Object Repository/Final Object Repo/New Registration - Registration Module Pages/New Reg - OTC to RO/Special Case - OTC - Form 1/Acknowledgement Ticked' is clicked on

2019-01-03 20:21:30 - [TEST_STEP][PASSED] - setText: Text 'perkeso560085187527@gmail.com' is set on object 'Object Repository/Final Object Repo/New Registration - Registration Module Pages/Form 1/Email'

2019-01-03 20:21:30 - [MESSAGE][PASSED] - Text 'perkeso560085187527@gmail.com' is set on object 'Object Repository/Final Object Repo/New Registration - Registration Module Pages/Form 1/Email'

2019-01-03 20:21:30 - [TEST_STEP][PASSED] - click: Object: 'Object Repository/Final Object Repo/New Registration - Registration Module Pages/New Reg - OTC to RO/Special Case - OTC - Form 1/Submit Button' is clicked on

2019-01-03 20:21:31 - [MESSAGE][PASSED] - Object: 'Object Repository/Final Object Repo/New Registration - Registration Module Pages/New Reg - OTC to RO/Special Case - OTC - Form 1/Submit Button' is clicked on

2019-01-03 20:21:31 - [TEST_STEP][PASSED] - callTestCase: Call Test Case 'Test Cases/Final Aug 2018 - PKS Automation/Registration Module/New Registration/Form 2/Add 1 Eligible - Employer Account Use' successfully

2019-01-03 20:21:31 - [TEST_CASE][PASSED] - Test Cases/Final Aug 2018 - PKS Automation/Registration Module/New Registration/Form 2/Add 1 Eligible - Employer Account Use: Test Cases/Final Aug 2018 - PKS Automation/Registration Module/New Registration/Form 2/Add 1 Eligible - Employer Account Use

2019-01-03 20:21:31 - [TEST_STEP][PASSED] - delay: Delayed 2 second(s)

2019-01-03 20:21:33 - [MESSAGE][PASSED] - Delayed 2 second(s)

2019-01-03 20:21:33 - [TEST_STEP][PASSED] - callTestCase: Call Test Case 'Test Cases/Final Aug 2018 - PKS Automation/Registration Module/New Registration/Form 2/Date Updater' successfully

2019-01-03 20:21:33 - [TEST_CASE][PASSED] - Test Cases/Final Aug 2018 - PKS Automation/Registration Module/New Registration/Form 2/Date Updater: Test Cases/Final Aug 2018 - PKS Automation/Registration Module/New Registration/Form 2/Date Updater

2019-01-03 20:21:33 - [TEST_STEP][PASSED] - Statement - TodayDate = new java.util.Date(): null

2019-01-03 20:21:33 - [TEST_STEP][PASSED] - Statement - CurrentDateNoFilter = new java.text.SimpleDateFormat(): null

2019-01-03 20:21:33 - [TEST_STEP][PASSED] - Statement - CurrentDateNoFilter.applyPattern("MM"): null

2019-01-03 20:21:33 - [TEST_STEP][PASSED] - Statement - monthContainerMatcher = java.lang.Integer.parseInt(CurrentDateNoFilter.format(TodayDate)): null

2019-01-03 20:21:33 - [TEST_STEP][PASSED] - Statement - monthContainerMatcher = monthContainerMatcher - 1: null

2019-01-03 20:21:33 - [TEST_STEP][PASSED] - Statement - CurrentMonth = monthContainerMatcher.toString(): null

2019-01-03 20:21:33 - [TEST_STEP][PASSED] - Statement - CurrentMonth = CurrentMonth: null

2019-01-03 20:21:33 - [TEST_STEP][PASSED] - Statement - CurrentDateNoFilter.applyPattern("yyyy"): null

2019-01-03 20:21:33 - [TEST_STEP][PASSED] - Statement - CurrentYear = CurrentDateNoFilter.format(TodayDate): null

2019-01-03 20:21:33 - [TEST_STEP][PASSED] - Statement - CurrentYear = CurrentYear: null

2019-01-03 20:21:33 - [TEST_STEP][PASSED] - Statement - intCurrentYear = java.lang.Integer.parseInt(CurrentDateNoFilter.format(TodayDate)): null

2019-01-03 20:21:33 - [TEST_STEP][PASSED] - Statement - eighteenYrsAgo = intCurrentYear - 18: null

2019-01-03 20:21:33 - [TEST_STEP][PASSED] - Statement - eighteenYrsBeforeThisYr = eighteenYrsAgo.toString(): null

2019-01-03 20:21:33 - [TEST_STEP][PASSED] - Statement - EighteenYrsBefore = eighteenYrsBeforeThisYr: null

2019-01-03 20:21:33 - [TEST_STEP][PASSED] - Statement - fiftysevenYrsAgo = intCurrentYear - 57: null

2019-01-03 20:21:33 - [TEST_STEP][PASSED] - Statement - fiftysevenYrsBeforeThisYr = fiftysevenYrsAgo.toString(): null

2019-01-03 20:21:33 - [TEST_STEP][PASSED] - Statement - FiftysevenYrsBefore = fiftysevenYrsBeforeThisYr: null

2019-01-03 20:21:33 - [TEST_STEP][PASSED] - Statement - leapYear = false: null

2019-01-03 20:21:33 - [TEST_STEP][PASSED] - Statement - leapYear = intCurrentYear % 4 == 0: null

2019-01-03 20:21:33 - [TEST_STEP][PASSED] - Statement - CurrentDateNoFilter.applyPattern("dd"): null

2019-01-03 20:21:33 - [TEST_STEP][PASSED] - Statement - CurrentDate = CurrentDateNoFilter.format(TodayDate): null

2019-01-03 20:21:33 - [TEST_STEP][PASSED] - Statement - CurrentDate = java.lang.Integer.parseInt(CurrentDate): null

2019-01-03 20:21:33 - [TEST_STEP][PASSED] - Statement - CurrentDate = CurrentDate: null

2019-01-03 20:21:33 - [TEST_STEP][PASSED] - Statement - CurrentDay = java.lang.Integer.parseInt(CurrentDate): null

2019-01-03 20:21:33 - [TEST_STEP][PASSED] - Statement - ConfAdder = <not implemented yet for class: org.codehaus.groovy.ast.expr.EmptyExpression>: null

2019-01-03 20:21:33 - [TEST_STEP][PASSED] - Statement - out.println(CurrentMonth): null

2019-01-03 20:21:33 - [TEST_STEP][PASSED] - Statement - out.println(CurrentDate): null

2019-01-03 20:21:33 - [TEST_STEP][PASSED] - Statement - switch (CurrentDate): null

2019-01-03 20:21:33 - [TEST_STEP][PASSED] - Statement - Default: null

2019-01-03 20:21:33 - [TEST_STEP][PASSED] - Statement - ConfAdder = true: null

2019-01-03 20:21:33 - [TEST_STEP][PASSED] - Statement - Break: null

2019-01-03 20:21:33 - [TEST_STEP][PASSED] - Statement - aDayBefore = <not implemented yet for class: org.codehaus.groovy.ast.expr.EmptyExpression>: null

2019-01-03 20:21:33 - [TEST_STEP][PASSED] - Statement - out.println(ConfAdder): null

2019-01-03 20:21:33 - [TEST_STEP][PASSED] - Statement - If (ConfAdder == true): null

2019-01-03 20:21:33 - [TEST_STEP][PASSED] - Statement - aDayBefore = CurrentDay + 1: null

2019-01-03 20:21:33 - [TEST_STEP][PASSED] - Statement - out.println(aDayBefore): null

2019-01-03 20:21:33 - [TEST_STEP][PASSED] - Statement - If (aDayBefore == 1 && CurrentMonth == 11): null

2019-01-03 20:21:33 - [TEST_STEP][PASSED] - Statement - DayBefore = aDayBefore.toString(): null

2019-01-03 20:21:33 - [TEST_STEP][PASSED] - Statement - OneDayBefore = DayBefore: null

2019-01-03 20:21:33 - [MESSAGE][PASSED] - Call Test Case 'Test Cases/Final Aug 2018 - PKS Automation/Registration Module/New Registration/Form 2/Date Updater' successfully

2019-01-03 20:21:33 - [TEST_STEP][PASSED] - delay: Delayed 1 second(s)

2019-01-03 20:21:34 - [MESSAGE][PASSED] - Delayed 1 second(s)

2019-01-03 20:21:34 - [TEST_STEP][PASSED] - Statement - CaseReferenceNo = com.kms.katalon.core.webui.keyword.WebUiBuiltInKeywords.getText(com.kms.katalon.core.testobject.ObjectRepository.findTestObject(Final Object Repo/New Registration - Registration Module Pages/Form 2/RefNo Acquiring)): Text of object 'Object Repository/Final Object Repo/New Registration - Registration Module Pages/Form 2/RefNo Acquiring' is: 'CRN01201900123595'

2019-01-03 20:21:34 - [MESSAGE][PASSED] - Text of object 'Object Repository/Final Object Repo/New Registration - Registration Module Pages/Form 2/RefNo Acquiring' is: 'CRN01201900123595'

2019-01-03 20:21:34 - [TEST_STEP][PASSED] - delay: Delayed 1 second(s)

2019-01-03 20:21:35 - [MESSAGE][PASSED] - Delayed 1 second(s)

2019-01-03 20:21:35 - [TEST_STEP][PASSED] - click: Object: 'Object Repository/Final Object Repo/New Registration - Registration Module Pages/Form 2/Add Employee Button' is clicked on

2019-01-03 20:21:36 - [MESSAGE][PASSED] - Object: 'Object Repository/Final Object Repo/New Registration - Registration Module Pages/Form 2/Add Employee Button' is clicked on

2019-01-03 20:21:36 - [TEST_STEP][PASSED] - delay: Delayed 1 second(s)

2019-01-03 20:21:37 - [MESSAGE][PASSED] - Delayed 1 second(s)

2019-01-03 20:21:37 - [TEST_STEP][PASSED] - setText: Text '010903091948' is set on object 'Object Repository/Final Object Repo/New Registration - Registration Module Pages/Form 2/NRIC Input'

2019-01-03 20:21:37 - [MESSAGE][PASSED] - Text '010903091948' is set on object 'Object Repository/Final Object Repo/New Registration - Registration Module Pages/Form 2/NRIC Input'

2019-01-03 20:21:37 - [TEST_STEP][PASSED] - delay: Delayed 2 second(s)

2019-01-03 20:21:39 - [MESSAGE][PASSED] - Delayed 2 second(s)

2019-01-03 20:21:39 - [TEST_STEP][PASSED] - setText: Text 'Automate001 eligible 1' is set on object 'Object Repository/Final Object Repo/New Registration - Registration Module Pages/Form 2/Employee Name Input'

2019-01-03 20:21:39 - [MESSAGE][PASSED] - Text 'Automate001 eligible 1' is set on object 'Object Repository/Final Object Repo/New Registration - Registration Module Pages/Form 2/Employee Name Input'

2019-01-03 20:21:39 - [TEST_STEP][PASSED] - delay: Delayed 2 second(s)

2019-01-03 20:21:41 - [MESSAGE][PASSED] - Delayed 2 second(s)

2019-01-03 20:21:41 - [TEST_STEP][PASSED] - click: Object: 'Object Repository/Final Object Repo/New Registration - Registration Module Pages/Form 2/DatePicker Pop Up' is clicked on

2019-01-03 20:21:42 - [MESSAGE][PASSED] - Object: 'Object Repository/Final Object Repo/New Registration - Registration Module Pages/Form 2/DatePicker Pop Up' is clicked on

2019-01-03 20:21:42 - [TEST_STEP][PASSED] - click: Object: 'Object Repository/Final Object Repo/New Registration - Registration Module Pages/Form 2/DOB Month' is clicked on

2019-01-03 20:21:42 - [MESSAGE][PASSED] - Object: 'Object Repository/Final Object Repo/New Registration - Registration Module Pages/Form 2/DOB Month' is clicked on

2019-01-03 20:21:42 - [TEST_STEP][PASSED] - Statement - CurrentMonth = CurrentMonth: null

2019-01-03 20:21:42 - [TEST_STEP][PASSED] - Statement - selectMonth = new com.kms.katalon.core.testobject.TestObject(): null

2019-01-03 20:21:42 - [TEST_STEP][PASSED] - Statement - selectMonth.addProperty("xpath", EQUALS, "//body/div/div/div/select/option[@value='" + CurrentMonth + "']", true): null

2019-01-03 20:21:42 - [TEST_STEP][PASSED] - click: Object: '' is clicked on

2019-01-03 20:21:42 - [MESSAGE][PASSED] - Object: '' is clicked on

2019-01-03 20:21:42 - [TEST_STEP][PASSED] - click: Object: 'Object Repository/Final Object Repo/New Registration - Registration Module Pages/Form 2/DOB Year' is clicked on

2019-01-03 20:21:42 - [MESSAGE][PASSED] - Object: 'Object Repository/Final Object Repo/New Registration - Registration Module Pages/Form 2/DOB Year' is clicked on

2019-01-03 20:21:42 - [TEST_STEP][PASSED] - Statement - Eyearsbf = EighteenYrsBefore: null

2019-01-03 20:21:42 - [TEST_STEP][PASSED] - Statement - selectYear = new com.kms.katalon.core.testobject.TestObject(): null

2019-01-03 20:21:42 - [TEST_STEP][PASSED] - Statement - selectYear.addProperty("xpath", EQUALS, "//div/div/div/select/option[@value='" + Eyearsbf + "']", true): null

2019-01-03 20:21:42 - [TEST_STEP][PASSED] - click: Object: '' is clicked on

2019-01-03 20:21:42 - [MESSAGE][PASSED] - Object: '' is clicked on

2019-01-03 20:21:42 - [TEST_STEP][PASSED] - Statement - UpdatedSelectDate = com.kms.katalon.core.webui.keyword.WebUiBuiltInKeywords.modifyObjectProperty(com.kms.katalon.core.testobject.ObjectRepository.findTestObject(Final Object Repo/New Registration - Registration Module Pages/Form 2/DOB Date), "xpath", "equals", "//body/div/table/tbody/tr/td/a[text()="" + CurrentDate + ""]", true): Modify property of object successfully

2019-01-03 20:21:42 - [MESSAGE][PASSED] - Modify property of object successfully

2019-01-03 20:21:42 - [TEST_STEP][PASSED] - delay: Delayed 3 second(s)

2019-01-03 20:21:45 - [MESSAGE][PASSED] - Delayed 3 second(s)

2019-01-03 20:21:45 - [TEST_STEP][PASSED] - click: Object: 'Object Repository/Final Object Repo/New Registration - Registration Module Pages/Form 2/DOB Date' is clicked on

2019-01-03 20:21:45 - [MESSAGE][PASSED] - Object: 'Object Repository/Final Object Repo/New Registration - Registration Module Pages/Form 2/DOB Date' is clicked on

2019-01-03 20:21:45 - [TEST_STEP][PASSED] - delay: Delayed 2 second(s)

2019-01-03 20:21:47 - [MESSAGE][PASSED] - Delayed 2 second(s)

2019-01-03 20:21:47 - [TEST_STEP][PASSED] - click: Object: 'Object Repository/Final Object Repo/New Registration - Registration Module Pages/Form 2/EmploymentStartDate Pop Up' is clicked on

2019-01-03 20:21:48 - [MESSAGE][PASSED] - Object: 'Object Repository/Final Object Repo/New Registration - Registration Module Pages/Form 2/EmploymentStartDate Pop Up' is clicked on

2019-01-03 20:21:48 - [TEST_STEP][PASSED] - delay: Delayed 2 second(s)

2019-01-03 20:21:50 - [MESSAGE][PASSED] - Delayed 2 second(s)

2019-01-03 20:21:50 - [TEST_STEP][PASSED] - click: Object: 'Object Repository/Final Object Repo/New Registration - Registration Module Pages/Form 2/Socso Employment StartDate Month' is clicked on

2019-01-03 20:21:50 - [MESSAGE][PASSED] - Object: 'Object Repository/Final Object Repo/New Registration - Registration Module Pages/Form 2/Socso Employment StartDate Month' is clicked on

2019-01-03 20:21:50 - [TEST_STEP][PASSED] - delay: Delayed 1 second(s)

2019-01-03 20:21:51 - [MESSAGE][PASSED] - Delayed 1 second(s)

2019-01-03 20:21:51 - [TEST_STEP][PASSED] - click: Object: 'Object Repository/Final Object Repo/New Registration - Registration Module Pages/Form 2/Select Socso Employement Startdate Month' is clicked on

2019-01-03 20:21:51 - [MESSAGE][PASSED] - Object: 'Object Repository/Final Object Repo/New Registration - Registration Module Pages/Form 2/Select Socso Employement Startdate Month' is clicked on

2019-01-03 20:21:51 - [TEST_STEP][PASSED] - delay: Delayed 2 second(s)

2019-01-03 20:21:53 - [MESSAGE][PASSED] - Delayed 2 second(s)

2019-01-03 20:21:53 - [TEST_STEP][PASSED] - click: Object: 'Object Repository/Final Object Repo/New Registration - Registration Module Pages/Form 2/Socso Employment StartDate Year' is clicked on

2019-01-03 20:21:53 - [MESSAGE][PASSED] - Object: 'Object Repository/Final Object Repo/New Registration - Registration Module Pages/Form 2/Socso Employment StartDate Year' is clicked on

2019-01-03 20:21:53 - [TEST_STEP][PASSED] - delay: Delayed 1 second(s)

2019-01-03 20:21:54 - [MESSAGE][PASSED] - Delayed 1 second(s)

2019-01-03 20:21:54 - [TEST_STEP][PASSED] - click: Object: 'Object Repository/Final Object Repo/New Registration - Registration Module Pages/Form 2/Select Socso Employment Startdate Year' is clicked on

2019-01-03 20:21:54 - [MESSAGE][PASSED] - Object: 'Object Repository/Final Object Repo/New Registration - Registration Module Pages/Form 2/Select Socso Employment Startdate Year' is clicked on

2019-01-03 20:21:54 - [TEST_STEP][PASSED] - delay: Delayed 2 second(s)

2019-01-03 20:21:56 - [MESSAGE][PASSED] - Delayed 2 second(s)

2019-01-03 20:21:56 - [TEST_STEP][PASSED] - click: Object: 'Object Repository/Final Object Repo/New Registration - Registration Module Pages/Form 2/Socso Employment Start Date Day' is clicked on

2019-01-03 20:21:56 - [MESSAGE][PASSED] - Object: 'Object Repository/Final Object Repo/New Registration - Registration Module Pages/Form 2/Socso Employment Start Date Day' is clicked on

2019-01-03 20:21:56 - [TEST_STEP][PASSED] - delay: Delayed 2 second(s)

2019-01-03 20:21:58 - [MESSAGE][PASSED] - Delayed 2 second(s)

2019-01-03 20:21:58 - [TEST_STEP][PASSED] - click: Object: 'Object Repository/Final Object Repo/New Registration - Registration Module Pages/Form 2/Save Button for Add Employee' is clicked on

2019-01-03 20:21:58 - [MESSAGE][PASSED] - Object: 'Object Repository/Final Object Repo/New Registration - Registration Module Pages/Form 2/Save Button for Add Employee' is clicked on

2019-01-03 20:21:58 - [TEST_STEP][PASSED] - delay: Delayed 6 second(s)

2019-01-03 20:22:04 - [MESSAGE][PASSED] - Delayed 6 second(s)

2019-01-03 20:22:04 - [TEST_STEP][PASSED] - click: Object: 'Object Repository/Final Object Repo/New Registration - Registration Module Pages/Form 2/Save and Continue Form 2' is clicked on

2019-01-03 20:22:05 - [MESSAGE][PASSED] - Object: 'Object Repository/Final Object Repo/New Registration - Registration Module Pages/Form 2/Save and Continue Form 2' is clicked on

2019-01-03 20:22:05 - [MESSAGE][PASSED] - Call Test Case 'Test Cases/Final Aug 2018 - PKS Automation/Registration Module/New Registration/Form 2/Add 1 Eligible - Employer Account Use' successfully

2019-01-03 20:22:05 - [TEST_STEP][PASSED] - callTestCase: Call Test Case 'Test Cases/Final Aug 2018 - PKS Automation/Registration Module/New Registration/Flow of New Registration/Third Screen - Upload Supporting Doc - Preview' successfully

2019-01-03 20:22:05 - [TEST_CASE][PASSED] - Test Cases/Final Aug 2018 - PKS Automation/Registration Module/New Registration/Flow of New Registration/Third Screen - Upload Supporting Doc - Preview: Test Cases/Final Aug 2018 - PKS Automation/Registration Module/New Registration/Flow of New Registration/Third Screen - Upload Supporting Doc - Preview

2019-01-03 20:22:05 - [TEST_STEP][PASSED] - waitForPageLoad: Wait for page load successfully

2019-01-03 20:22:05 - [MESSAGE][PASSED] - Wait for page load successfully

2019-01-03 20:22:05 - [TEST_STEP][PASSED] - Statement - CaseReferenceNo = com.kms.katalon.core.webui.keyword.WebUiBuiltInKeywords.getText(com.kms.katalon.core.testobject.ObjectRepository.findTestObject(Final Object Repo/New Registration - Registration Module Pages/Third Screen - Upload Supporting Doc- Preview/RefNo Acquiring)): Text of object 'Object Repository/Final Object Repo/New Registration - Registration Module Pages/Third Screen - Upload Supporting Doc- Preview/RefNo Acquiring' is: 'CRN01201900123595'

2019-01-03 20:22:06 - [MESSAGE][PASSED] - Text of object 'Object Repository/Final Object Repo/New Registration - Registration Module Pages/Third Screen - Upload Supporting Doc- Preview/RefNo Acquiring' is: 'CRN01201900123595'

2019-01-03 20:22:06 - [TEST_STEP][PASSED] - delay: Delayed 2 second(s)

2019-01-03 20:22:08 - [MESSAGE][PASSED] - Delayed 2 second(s)

2019-01-03 20:22:08 - [TEST_STEP][PASSED] - callTestCase: Call Test Case 'Test Cases/Final Aug 2018 - PKS Automation/Common/Reference Number Setter' successfully

2019-01-03 20:22:08 - [TEST_CASE][PASSED] - Test Cases/Final Aug 2018 - PKS Automation/Common/Reference Number Setter: Test Cases/Final Aug 2018 - PKS Automation/Common/Reference Number Setter

2019-01-03 20:22:08 - [TEST_STEP][PASSED] - Statement - RefNoOldFile = new java.io.File(C://Users//Admin//Desktop//PKS//Automation Reference Point//KatalonReference.txt): null

2019-01-03 20:22:08 - [TEST_STEP][PASSED] - Statement - RefNoOldFile.delete(): null

2019-01-03 20:22:08 - [TEST_STEP][PASSED] - delay: Delayed 5 second(s)

2019-01-03 20:22:13 - [MESSAGE][PASSED] - Delayed 5 second(s)

2019-01-03 20:22:13 - [TEST_STEP][PASSED] - Statement - RefNo = new java.io.File(C://Users//Admin//Desktop//PKS//Automation Reference Point//KatalonReference.txt): null

2019-01-03 20:22:13 - [TEST_STEP][PASSED] - Statement - f2 = new java.io.FileWriter(RefNo, false): null

2019-01-03 20:22:13 - [TEST_STEP][PASSED] - Statement - f2.write(CaseReferenceNo): null

2019-01-03 20:22:13 - [TEST_STEP][PASSED] - Statement - f2.close(): null

2019-01-03 20:22:13 - [TEST_STEP][PASSED] - Statement - out.println("


" + CaseReferenceNo + "


"): null

2019-01-03 20:22:13 - [MESSAGE][PASSED] - Call Test Case 'Test Cases/Final Aug 2018 - PKS Automation/Common/Reference Number Setter' successfully

2019-01-03 20:22:13 - [TEST_STEP][PASSED] - waitForElementClickable: Object 'Object Repository/Final Object Repo/New Registration - Registration Module Pages/Third Screen - Upload Supporting Doc- Preview/Save n Continue in SIP Employee Listing Page' is clickable

2019-01-03 20:22:13 - [MESSAGE][PASSED] - Object 'Object Repository/Final Object Repo/New Registration - Registration Module Pages/Third Screen - Upload Supporting Doc- Preview/Save n Continue in SIP Employee Listing Page' is clickable

2019-01-03 20:22:13 - [TEST_STEP][PASSED] - click: Object: 'Object Repository/Final Object Repo/New Registration - Registration Module Pages/Third Screen - Upload Supporting Doc- Preview/Save n Continue in SIP Employee Listing Page' is clicked on

2019-01-03 20:22:19 - [MESSAGE][PASSED] - Object: 'Object Repository/Final Object Repo/New Registration - Registration Module Pages/Third Screen - Upload Supporting Doc- Preview/Save n Continue in SIP Employee Listing Page' is clicked on

2019-01-03 20:22:19 - [TEST_STEP][PASSED] - delay: Delayed 7 second(s)

2019-01-03 20:22:26 - [MESSAGE][PASSED] - Delayed 7 second(s)

2019-01-03 20:22:26 - [TEST_STEP][PASSED] - click: Object: 'Object Repository/Final Object Repo/New Registration - Registration Module Pages/Third Screen - Upload Supporting Doc- Preview/Add Document Button' is clicked on

2019-01-03 20:22:26 - [MESSAGE][PASSED] - Object: 'Object Repository/Final Object Repo/New Registration - Registration Module Pages/Third Screen - Upload Supporting Doc- Preview/Add Document Button' is clicked on

2019-01-03 20:22:26 - [TEST_STEP][PASSED] - delay: Delayed 30 second(s)

2019-01-03 20:22:56 - [MESSAGE][PASSED] - Delayed 30 second(s)

2019-01-03 20:22:56 - [TEST_STEP][PASSED] - click: Object: 'Object Repository/Final Object Repo/New Registration - Registration Module Pages/Third Screen - Upload Supporting Doc- Preview/Supporting Doc Please Select Drop Down' is clicked on

2019-01-03 20:22:56 - [MESSAGE][PASSED] - Object: 'Object Repository/Final Object Repo/New Registration - Registration Module Pages/Third Screen - Upload Supporting Doc- Preview/Supporting Doc Please Select Drop Down' is clicked on

2019-01-03 20:22:56 - [TEST_STEP][PASSED] - delay: Delayed 2 second(s)

2019-01-03 20:22:58 - [MESSAGE][PASSED] - Delayed 2 second(s)

2019-01-03 20:22:58 - [TEST_STEP][PASSED] - click: Object: 'Object Repository/Final Object Repo/New Registration - Registration Module Pages/Third Screen - Upload Supporting Doc- Preview/Select to Upload Form 1' is clicked on

2019-01-03 20:22:58 - [MESSAGE][PASSED] - Object: 'Object Repository/Final Object Repo/New Registration - Registration Module Pages/Third Screen - Upload Supporting Doc- Preview/Select to Upload Form 1' is clicked on

2019-01-03 20:22:58 - [TEST_STEP][PASSED] - delay: Delayed 2 second(s)

2019-01-03 20:23:00 - [MESSAGE][PASSED] - Delayed 2 second(s)

2019-01-03 20:23:00 - [TEST_STEP][PASSED] - uploadFile: File 'C:\Users\Public\Pictures\Sample Pictures\Koala.jpg' sent to object: 'Object Repository/Final Object Repo/New Registration - Registration Module Pages/Third Screen - Upload Supporting Doc- Preview/Upload File Adding'

2019-01-03 20:23:01 - [MESSAGE][PASSED] - File 'C:\Users\Public\Pictures\Sample Pictures\Koala.jpg' sent to object: 'Object Repository/Final Object Repo/New Registration - Registration Module Pages/Third Screen - Upload Supporting Doc- Preview/Upload File Adding'

2019-01-03 20:23:01 - [TEST_STEP][PASSED] - delay: Delayed 5 second(s)

2019-01-03 20:23:06 - [MESSAGE][PASSED] - Delayed 5 second(s)

2019-01-03 20:23:06 - [TEST_STEP][PASSED] - click: Object: 'Object Repository/Final Object Repo/New Registration - Registration Module Pages/Third Screen - Upload Supporting Doc- Preview/Inner Form Add Document Button' is clicked on

2019-01-03 20:23:06 - [MESSAGE][PASSED] - Object: 'Object Repository/Final Object Repo/New Registration - Registration Module Pages/Third Screen - Upload Supporting Doc- Preview/Inner Form Add Document Button' is clicked on

2019-01-03 20:23:06 - [TEST_STEP][PASSED] - delay: Delayed 3 second(s)

2019-01-03 20:23:09 - [MESSAGE][PASSED] - Delayed 3 second(s)

2019-01-03 20:23:09 - [TEST_STEP][PASSED] - click: Object: 'Object Repository/Final Object Repo/New Registration - Registration Module Pages/Third Screen - Upload Supporting Doc- Preview/Add Document Button' is clicked on

2019-01-03 20:23:10 - [MESSAGE][PASSED] - Object: 'Object Repository/Final Object Repo/New Registration - Registration Module Pages/Third Screen - Upload Supporting Doc- Preview/Add Document Button' is clicked on

2019-01-03 20:23:10 - [TEST_STEP][PASSED] - delay: Delayed 30 second(s)

2019-01-03 20:23:40 - [MESSAGE][PASSED] - Delayed 30 second(s)

2019-01-03 20:23:40 - [TEST_STEP][PASSED] - click: Object: 'Object Repository/Final Object Repo/New Registration - Registration Module Pages/Third Screen - Upload Supporting Doc- Preview/Supporting Doc Please Select Drop Down' is clicked on

2019-01-03 20:23:40 - [MESSAGE][PASSED] - Object: 'Object Repository/Final Object Repo/New Registration - Registration Module Pages/Third Screen - Upload Supporting Doc- Preview/Supporting Doc Please Select Drop Down' is clicked on

2019-01-03 20:23:40 - [TEST_STEP][PASSED] - delay: Delayed 4 second(s)

2019-01-03 20:23:44 - [MESSAGE][PASSED] - Delayed 4 second(s)

2019-01-03 20:23:44 - [TEST_STEP][PASSED] - click: Object: 'Object Repository/Final Object Repo/New Registration - Registration Module Pages/Third Screen - Upload Supporting Doc- Preview/Select to Upload Form 2' is clicked on

2019-01-03 20:23:45 - [MESSAGE][PASSED] - Object: 'Object Repository/Final Object Repo/New Registration - Registration Module Pages/Third Screen - Upload Supporting Doc- Preview/Select to Upload Form 2' is clicked on

2019-01-03 20:23:45 - [TEST_STEP][PASSED] - delay: Delayed 2 second(s)

2019-01-03 20:23:47 - [MESSAGE][PASSED] - Delayed 2 second(s)

2019-01-03 20:23:47 - [TEST_STEP][PASSED] - uploadFile: File 'C:\Users\Public\Pictures\Sample Pictures\Koala.jpg' sent to object: 'Object Repository/Final Object Repo/New Registration - Registration Module Pages/Third Screen - Upload Supporting Doc- Preview/Upload File Adding'

2019-01-03 20:23:47 - [MESSAGE][PASSED] - File 'C:\Users\Public\Pictures\Sample Pictures\Koala.jpg' sent to object: 'Object Repository/Final Object Repo/New Registration - Registration Module Pages/Third Screen - Upload Supporting Doc- Preview/Upload File Adding'

2019-01-03 20:23:47 - [TEST_STEP][PASSED] - click: Object: 'Object Repository/Final Object Repo/New Registration - Registration Module Pages/Third Screen - Upload Supporting Doc- Preview/Inner Form Add Document Button' is clicked on

2019-01-03 20:23:47 - [MESSAGE][PASSED] - Object: 'Object Repository/Final Object Repo/New Registration - Registration Module Pages/Third Screen - Upload Supporting Doc- Preview/Inner Form Add Document Button' is clicked on

2019-01-03 20:23:47 - [TEST_STEP][PASSED] - delay: Delayed 5 second(s)

2019-01-03 20:23:52 - [MESSAGE][PASSED] - Delayed 5 second(s)

2019-01-03 20:23:52 - [TEST_STEP][PASSED] - click: Object: 'Object Repository/Final Object Repo/New Registration - Registration Module Pages/Third Screen - Upload Supporting Doc- Preview/Add Document Button' is clicked on

2019-01-03 20:23:52 - [MESSAGE][PASSED] - Object: 'Object Repository/Final Object Repo/New Registration - Registration Module Pages/Third Screen - Upload Supporting Doc- Preview/Add Document Button' is clicked on

2019-01-03 20:23:52 - [TEST_STEP][PASSED] - delay: Delayed 30 second(s)

2019-01-03 20:24:22 - [MESSAGE][PASSED] - Delayed 30 second(s)

2019-01-03 20:24:22 - [TEST_STEP][PASSED] - click: Object: 'Object Repository/Final Object Repo/New Registration - Registration Module Pages/Third Screen - Upload Supporting Doc- Preview/Supporting Doc Please Select Drop Down' is clicked on

2019-01-03 20:24:22 - [MESSAGE][PASSED] - Object: 'Object Repository/Final Object Repo/New Registration - Registration Module Pages/Third Screen - Upload Supporting Doc- Preview/Supporting Doc Please Select Drop Down' is clicked on

2019-01-03 20:24:22 - [TEST_STEP][PASSED] - click: Object: 'Object Repository/Final Object Repo/New Registration - Registration Module Pages/Third Screen - Upload Supporting Doc- Preview/Select to Upload Borang SIP 1' is clicked on

2019-01-03 20:24:22 - [MESSAGE][PASSED] - Object: 'Object Repository/Final Object Repo/New Registration - Registration Module Pages/Third Screen - Upload Supporting Doc- Preview/Select to Upload Borang SIP 1' is clicked on

2019-01-03 20:24:22 - [TEST_STEP][PASSED] - delay: Delayed 2 second(s)

2019-01-03 20:24:24 - [MESSAGE][PASSED] - Delayed 2 second(s)

2019-01-03 20:24:24 - [TEST_STEP][PASSED] - uploadFile: File 'C:\Users\Public\Pictures\Sample Pictures\Koala.jpg' sent to object: 'Object Repository/Final Object Repo/New Registration - Registration Module Pages/Third Screen - Upload Supporting Doc- Preview/Upload File Adding'

2019-01-03 20:24:25 - [MESSAGE][PASSED] - File 'C:\Users\Public\Pictures\Sample Pictures\Koala.jpg' sent to object: 'Object Repository/Final Object Repo/New Registration - Registration Module Pages/Third Screen - Upload Supporting Doc- Preview/Upload File Adding'

2019-01-03 20:24:25 - [TEST_STEP][PASSED] - click: Object: 'Object Repository/Final Object Repo/New Registration - Registration Module Pages/Third Screen - Upload Supporting Doc- Preview/Inner Form Add Document Button' is clicked on

2019-01-03 20:24:25 - [MESSAGE][PASSED] - Object: 'Object Repository/Final Object Repo/New Registration - Registration Module Pages/Third Screen - Upload Supporting Doc- Preview/Inner Form Add Document Button' is clicked on

2019-01-03 20:24:25 - [TEST_STEP][PASSED] - delay: Delayed 5 second(s)

2019-01-03 20:24:30 - [MESSAGE][PASSED] - Delayed 5 second(s)

2019-01-03 20:24:30 - [TEST_STEP][PASSED] - click: Object: 'Object Repository/Final Object Repo/New Registration - Registration Module Pages/Third Screen - Upload Supporting Doc- Preview/Add Document Button' is clicked on

2019-01-03 20:24:30 - [MESSAGE][PASSED] - Object: 'Object Repository/Final Object Repo/New Registration - Registration Module Pages/Third Screen - Upload Supporting Doc- Preview/Add Document Button' is clicked on

2019-01-03 20:24:30 - [TEST_STEP][PASSED] - delay: Delayed 30 second(s)

2019-01-03 20:25:00 - [MESSAGE][PASSED] - Delayed 30 second(s)

2019-01-03 20:25:00 - [TEST_STEP][PASSED] - click: Object: 'Object Repository/Final Object Repo/New Registration - Registration Module Pages/Third Screen - Upload Supporting Doc- Preview/Supporting Doc Please Select Drop Down' is clicked on

2019-01-03 20:25:00 - [MESSAGE][PASSED] - Object: 'Object Repository/Final Object Repo/New Registration - Registration Module Pages/Third Screen - Upload Supporting Doc- Preview/Supporting Doc Please Select Drop Down' is clicked on

2019-01-03 20:25:00 - [TEST_STEP][PASSED] - delay: Delayed 3 second(s)

2019-01-03 20:25:03 - [MESSAGE][PASSED] - Delayed 3 second(s)

2019-01-03 20:25:03 - [TEST_STEP][PASSED] - click: Object: 'Object Repository/Final Object Repo/New Registration - Registration Module Pages/Third Screen - Upload Supporting Doc- Preview/Select to Upload Borang SIP 2' is clicked on

2019-01-03 20:25:03 - [MESSAGE][PASSED] - Object: 'Object Repository/Final Object Repo/New Registration - Registration Module Pages/Third Screen - Upload Supporting Doc- Preview/Select to Upload Borang SIP 2' is clicked on

2019-01-03 20:25:03 - [TEST_STEP][PASSED] - delay: Delayed 2 second(s)

2019-01-03 20:25:05 - [MESSAGE][PASSED] - Delayed 2 second(s)

2019-01-03 20:25:05 - [TEST_STEP][PASSED] - uploadFile: File 'C:\Users\Public\Pictures\Sample Pictures\Koala.jpg' sent to object: 'Object Repository/Final Object Repo/New Registration - Registration Module Pages/Third Screen - Upload Supporting Doc- Preview/Upload File Adding'

2019-01-03 20:25:05 - [MESSAGE][PASSED] - File 'C:\Users\Public\Pictures\Sample Pictures\Koala.jpg' sent to object: 'Object Repository/Final Object Repo/New Registration - Registration Module Pages/Third Screen - Upload Supporting Doc- Preview/Upload File Adding'

2019-01-03 20:25:05 - [TEST_STEP][PASSED] - delay: Delayed 5 second(s)

2019-01-03 20:25:10 - [MESSAGE][PASSED] - Delayed 5 second(s)

2019-01-03 20:25:10 - [TEST_STEP][PASSED] - click: Object: 'Object Repository/Final Object Repo/New Registration - Registration Module Pages/Third Screen - Upload Supporting Doc- Preview/Inner Form Add Document Button' is clicked on

2019-01-03 20:25:10 - [MESSAGE][PASSED] - Object: 'Object Repository/Final Object Repo/New Registration - Registration Module Pages/Third Screen - Upload Supporting Doc- Preview/Inner Form Add Document Button' is clicked on

2019-01-03 20:25:10 - [TEST_STEP][PASSED] - delay: Delayed 3 second(s)

2019-01-03 20:25:13 - [MESSAGE][PASSED] - Delayed 3 second(s)

2019-01-03 20:25:13 - [TEST_STEP][PASSED] - waitForElementClickable: Object 'Object Repository/Final Object Repo/New Registration - Registration Module Pages/Third Screen - Upload Supporting Doc- Preview/Save n Continue in Uploading Supporting Doc Page' is clickable

2019-01-03 20:25:15 - [MESSAGE][PASSED] - Object 'Object Repository/Final Object Repo/New Registration - Registration Module Pages/Third Screen - Upload Supporting Doc- Preview/Save n Continue in Uploading Supporting Doc Page' is clickable

2019-01-03 20:25:15 - [TEST_STEP][PASSED] - click: Object: 'Object Repository/Final Object Repo/New Registration - Registration Module Pages/Third Screen - Upload Supporting Doc- Preview/Save n Continue in Uploading Supporting Doc Page' is clicked on

2019-01-03 20:25:15 - [MESSAGE][PASSED] - Object: 'Object Repository/Final Object Repo/New Registration - Registration Module Pages/Third Screen - Upload Supporting Doc- Preview/Save n Continue in Uploading Supporting Doc Page' is clicked on

2019-01-03 20:25:15 - [MESSAGE][PASSED] - Call Test Case 'Test Cases/Final Aug 2018 - PKS Automation/Registration Module/New Registration/Flow of New Registration/Third Screen - Upload Supporting Doc - Preview' successfully

2019-01-03 20:25:15 - [TEST_STEP][PASSED] - setText: Text 'Tester' is set on object 'Object Repository/Final Object Repo/New Registration - Registration Module Pages/New Reg - OTC to RO/Special Case - All Related Objects/Employer Preview Name'

2019-01-03 20:25:19 - [MESSAGE][PASSED] - Text 'Tester' is set on object 'Object Repository/Final Object Repo/New Registration - Registration Module Pages/New Reg - OTC to RO/Special Case - All Related Objects/Employer Preview Name'

2019-01-03 20:25:19 - [TEST_STEP][PASSED] - click: Object: 'Object Repository/Final Object Repo/New Registration - Registration Module Pages/New Reg - OTC to RO/Special Case - All Related Objects/IC Type Drop Down' is clicked on

2019-01-03 20:25:20 - [MESSAGE][PASSED] - Object: 'Object Repository/Final Object Repo/New Registration - Registration Module Pages/New Reg - OTC to RO/Special Case - All Related Objects/IC Type Drop Down' is clicked on

2019-01-03 20:25:20 - [TEST_STEP][PASSED] - click: Object: 'Object Repository/Final Object Repo/New Registration - Registration Module Pages/New Reg - OTC to RO/Special Case - All Related Objects/Select to NRIC' is clicked on

2019-01-03 20:25:20 - [MESSAGE][PASSED] - Object: 'Object Repository/Final Object Repo/New Registration - Registration Module Pages/New Reg - OTC to RO/Special Case - All Related Objects/Select to NRIC' is clicked on

2019-01-03 20:25:20 - [TEST_STEP][PASSED] - setText: Text '133245561223' is set on object 'Object Repository/Final Object Repo/New Registration - Registration Module Pages/New Reg - OTC to RO/Special Case - All Related Objects/IC Value'

2019-01-03 20:25:20 - [MESSAGE][PASSED] - Text '133245561223' is set on object 'Object Repository/Final Object Repo/New Registration - Registration Module Pages/New Reg - OTC to RO/Special Case - All Related Objects/IC Value'

2019-01-03 20:25:20 - [TEST_STEP][PASSED] - setText: Text 'Auto' is set on object 'Object Repository/Final Object Repo/New Registration - Registration Module Pages/New Reg - OTC to RO/Special Case - All Related Objects/Designation'

2019-01-03 20:25:20 - [MESSAGE][PASSED] - Text 'Auto' is set on object 'Object Repository/Final Object Repo/New Registration - Registration Module Pages/New Reg - OTC to RO/Special Case - All Related Objects/Designation'

2019-01-03 20:25:20 - [TEST_STEP][PASSED] - callTestCase: Call Test Case 'Test Cases/Final Aug 2018 - PKS Automation/Registration Module/New Registration/Submit and Screenshot/Submit Registration and Screenshot - Copy' successfully

2019-01-03 20:25:20 - [TEST_CASE][PASSED] - Test Cases/Final Aug 2018 - PKS Automation/Registration Module/New Registration/Submit and Screenshot/Submit Registration and Screenshot - Copy: Test Cases/Final Aug 2018 - PKS Automation/Registration Module/New Registration/Submit and Screenshot/Submit Registration and Screenshot - Copy

2019-01-03 20:25:21 - [TEST_STEP][PASSED] - delay: Delayed 6 second(s)

2019-01-03 20:25:27 - [MESSAGE][PASSED] - Delayed 6 second(s)

2019-01-03 20:25:27 - [TEST_STEP][PASSED] - click: Object: 'Object Repository/Final Object Repo/New Registration - Registration Module Pages/Third Screen - Upload Supporting Doc- Preview/Preview Submit Button' is clicked on

2019-01-03 20:25:27 - [MESSAGE][PASSED] - Object: 'Object Repository/Final Object Repo/New Registration - Registration Module Pages/Third Screen - Upload Supporting Doc- Preview/Preview Submit Button' is clicked on

2019-01-03 20:25:27 - [TEST_STEP][PASSED] - delay: Delayed 2 second(s)

2019-01-03 20:25:29 - [MESSAGE][PASSED] - Delayed 2 second(s)

2019-01-03 20:25:29 - [TEST_STEP][PASSED] - click: Object: 'Object Repository/Final Object Repo/New Registration - Registration Module Pages/Third Screen - Upload Supporting Doc- Preview/Preview Submit - Confirm' is clicked on

2019-01-03 20:25:29 - [MESSAGE][PASSED] - Object: 'Object Repository/Final Object Repo/New Registration - Registration Module Pages/Third Screen - Upload Supporting Doc- Preview/Preview Submit - Confirm' is clicked on

2019-01-03 20:25:29 - [TEST_STEP][PASSED] - delay: Delayed 15 second(s)

2019-01-03 20:25:44 - [MESSAGE][PASSED] - Delayed 15 second(s)

2019-01-03 20:25:44 - [TEST_STEP][PASSED] - Statement - driver = com.kms.katalon.core.webui.driver.DriverFactory.getWebDriver(): null

2019-01-03 20:25:44 - [TEST_STEP][PASSED] - Statement - driver.manage().timeouts().implicitlyWait(10, SECONDS): null

2019-01-03 20:25:44 - [TEST_STEP][PASSED] - Statement - PresavePath = KatalonScreenshots: null

2019-01-03 20:25:44 - [TEST_STEP][PASSED] - Statement - pathPrefix = "C:\Users\Public\Pictures\Sample Pictures\Katalon Screenshots\Automate Ending Screen": null

2019-01-03 20:25:44 - [TEST_STEP][PASSED] - Statement - finalPath = <not implemented yet for class: org.codehaus.groovy.ast.expr.EmptyExpression>: null

2019-01-03 20:25:44 - [TEST_STEP][PASSED] - Statement - scrFile = driver.getScreenshotAs(FILE): null

2019-01-03 20:25:44 - [TEST_STEP][PASSED] - Statement - PreSaveFile = new java.io.File(PresavePath): null

2019-01-03 20:25:44 - [TEST_STEP][PASSED] - Statement - counter = 0: null

2019-01-03 20:25:44 - [TEST_STEP][PASSED] - Statement - If (PreSaveFile.exists()): null

2019-01-03 20:25:44 - [TEST_STEP][PASSED] - Statement - While (PreSaveFile.exists()): null

2019-01-03 20:25:44 - [TEST_STEP][PASSED] - Statement - counter = counter + 1: null

2019-01-03 20:25:44 - [TEST_STEP][PASSED] - Statement - PreSaveFile = new java.io.File(((pathPrefix + java.lang.Integer.toString(counter)) + .png)): null

2019-01-03 20:25:44 - [TEST_STEP][PASSED] - Statement - counter = counter + 1: null

2019-01-03 20:25:44 - [TEST_STEP][PASSED] - Statement - PreSaveFile = new java.io.File(((pathPrefix + java.lang.Integer.toString(counter)) + .png)): null

2019-01-03 20:25:44 - [TEST_STEP][PASSED] - Statement - counter = counter + 1: null

2019-01-03 20:25:44 - [TEST_STEP][PASSED] - Statement - PreSaveFile = new java.io.File(((pathPrefix + java.lang.Integer.toString(counter)) + .png)): null

2019-01-03 20:25:44 - [TEST_STEP][PASSED] - Statement - counter = counter + 1: null

2019-01-03 20:25:44 - [TEST_STEP][PASSED] - Statement - PreSaveFile = new java.io.File(((pathPrefix + java.lang.Integer.toString(counter)) + .png)): null

2019-01-03 20:25:44 - [TEST_STEP][PASSED] - Statement - counter = counter + 1: null

2019-01-03 20:25:44 - [TEST_STEP][PASSED] - Statement - PreSaveFile = new java.io.File(((pathPrefix + java.lang.Integer.toString(counter)) + .png)): null

2019-01-03 20:25:44 - [TEST_STEP][PASSED] - Statement - counter = counter + 1: null

2019-01-03 20:25:44 - [TEST_STEP][PASSED] - Statement - PreSaveFile = new java.io.File(((pathPrefix + java.lang.Integer.toString(counter)) + .png)): null

2019-01-03 20:25:44 - [TEST_STEP][PASSED] - Statement - counter = counter + 1: null

2019-01-03 20:25:44 - [TEST_STEP][PASSED] - Statement - PreSaveFile = new java.io.File(((pathPrefix + java.lang.Integer.toString(counter)) + .png)): null

2019-01-03 20:25:44 - [TEST_STEP][PASSED] - Statement - counter = counter + 1: null

2019-01-03 20:25:44 - [TEST_STEP][PASSED] - Statement - PreSaveFile = new java.io.File(((pathPrefix + java.lang.Integer.toString(counter)) + .png)): null

2019-01-03 20:25:44 - [TEST_STEP][PASSED] - Statement - counter = counter + 1: null

2019-01-03 20:25:44 - [TEST_STEP][PASSED] - Statement - PreSaveFile = new java.io.File(((pathPrefix + java.lang.Integer.toString(counter)) + .png)): null

2019-01-03 20:25:44 - [TEST_STEP][PASSED] - Statement - counter = counter + 1: null

2019-01-03 20:25:44 - [TEST_STEP][PASSED] - Statement - PreSaveFile = new java.io.File(((pathPrefix + java.lang.Integer.toString(counter)) + .png)): null

2019-01-03 20:25:44 - [TEST_STEP][PASSED] - Statement - counter = counter + 1: null

2019-01-03 20:25:44 - [TEST_STEP][PASSED] - Statement - PreSaveFile = new java.io.File(((pathPrefix + java.lang.Integer.toString(counter)) + .png)): null

2019-01-03 20:25:44 - [TEST_STEP][PASSED] - Statement - counter = counter + 1: null

2019-01-03 20:25:44 - [TEST_STEP][PASSED] - Statement - PreSaveFile = new java.io.File(((pathPrefix + java.lang.Integer.toString(counter)) + .png)): null

2019-01-03 20:25:44 - [TEST_STEP][PASSED] - Statement - counter = counter + 1: null

2019-01-03 20:25:44 - [TEST_STEP][PASSED] - Statement - PreSaveFile = new java.io.File(((pathPrefix + java.lang.Integer.toString(counter)) + .png)): null

2019-01-03 20:25:44 - [TEST_STEP][PASSED] - Statement - counter = counter + 1: null

2019-01-03 20:25:44 - [TEST_STEP][PASSED] - Statement - PreSaveFile = new java.io.File(((pathPrefix + java.lang.Integer.toString(counter)) + .png)): null

2019-01-03 20:25:44 - [TEST_STEP][PASSED] - Statement - counter = counter + 1: null

2019-01-03 20:25:44 - [TEST_STEP][PASSED] - Statement - PreSaveFile = new java.io.File(((pathPrefix + java.lang.Integer.toString(counter)) + .png)): null

2019-01-03 20:25:44 - [TEST_STEP][PASSED] - Statement - counter = counter + 1: null

2019-01-03 20:25:44 - [TEST_STEP][PASSED] - Statement - PreSaveFile = new java.io.File(((pathPrefix + java.lang.Integer.toString(counter)) + .png)): null

2019-01-03 20:25:44 - [TEST_STEP][PASSED] - Statement - counter = counter + 1: null

2019-01-03 20:25:44 - [TEST_STEP][PASSED] - Statement - PreSaveFile = new java.io.File(((pathPrefix + java.lang.Integer.toString(counter)) + .png)): null

2019-01-03 20:25:44 - [TEST_STEP][PASSED] - Statement - counter = counter + 1: null

2019-01-03 20:25:44 - [TEST_STEP][PASSED] - Statement - PreSaveFile = new java.io.File(((pathPrefix + java.lang.Integer.toString(counter)) + .png)): null

2019-01-03 20:25:44 - [TEST_STEP][PASSED] - Statement - counter = counter + 1: null

2019-01-03 20:25:44 - [TEST_STEP][PASSED] - Statement - PreSaveFile = new java.io.File(((pathPrefix + java.lang.Integer.toString(counter)) + .png)): null

2019-01-03 20:25:44 - [TEST_STEP][PASSED] - Statement - counter = counter + 1: null

2019-01-03 20:25:44 - [TEST_STEP][PASSED] - Statement - PreSaveFile = new java.io.File(((pathPrefix + java.lang.Integer.toString(counter)) + .png)): null

2019-01-03 20:25:44 - [TEST_STEP][PASSED] - Statement - counter = counter + 1: null

2019-01-03 20:25:44 - [TEST_STEP][PASSED] - Statement - PreSaveFile = new java.io.File(((pathPrefix + java.lang.Integer.toString(counter)) + .png)): null

2019-01-03 20:25:44 - [TEST_STEP][PASSED] - Statement - counter = counter + 1: null

2019-01-03 20:25:44 - [TEST_STEP][PASSED] - Statement - PreSaveFile = new java.io.File(((pathPrefix + java.lang.Integer.toString(counter)) + .png)): null

2019-01-03 20:25:44 - [TEST_STEP][PASSED] - Statement - counter = counter + 1: null

2019-01-03 20:25:44 - [TEST_STEP][PASSED] - Statement - PreSaveFile = new java.io.File(((pathPrefix + java.lang.Integer.toString(counter)) + .png)): null

2019-01-03 20:25:44 - [TEST_STEP][PASSED] - Statement - counter = counter + 1: null

2019-01-03 20:25:44 - [TEST_STEP][PASSED] - Statement - PreSaveFile = new java.io.File(((pathPrefix + java.lang.Integer.toString(counter)) + .png)): null

2019-01-03 20:25:44 - [TEST_STEP][PASSED] - Statement - counter = counter + 1: null

2019-01-03 20:25:44 - [TEST_STEP][PASSED] - Statement - PreSaveFile = new java.io.File(((pathPrefix + java.lang.Integer.toString(counter)) + .png)): null

2019-01-03 20:25:44 - [TEST_STEP][PASSED] - Statement - counter = counter + 1: null

2019-01-03 20:25:44 - [TEST_STEP][PASSED] - Statement - PreSaveFile = new java.io.File(((pathPrefix + java.lang.Integer.toString(counter)) + .png)): null

2019-01-03 20:25:44 - [TEST_STEP][PASSED] - Statement - counter = counter + 1: null

2019-01-03 20:25:44 - [TEST_STEP][PASSED] - Statement - PreSaveFile = new java.io.File(((pathPrefix + java.lang.Integer.toString(counter)) + .png)): null

2019-01-03 20:25:44 - [TEST_STEP][PASSED] - Statement - counter = counter + 1: null

2019-01-03 20:25:44 - [TEST_STEP][PASSED] - Statement - PreSaveFile = new java.io.File(((pathPrefix + java.lang.Integer.toString(counter)) + .png)): null

2019-01-03 20:25:44 - [TEST_STEP][PASSED] - Statement - counter = counter + 1: null

2019-01-03 20:25:44 - [TEST_STEP][PASSED] - Statement - PreSaveFile = new java.io.File(((pathPrefix + java.lang.Integer.toString(counter)) + .png)): null

2019-01-03 20:25:44 - [TEST_STEP][PASSED] - Statement - counter = counter + 1: null

2019-01-03 20:25:44 - [TEST_STEP][PASSED] - Statement - PreSaveFile = new java.io.File(((pathPrefix + java.lang.Integer.toString(counter)) + .png)): null

2019-01-03 20:25:44 - [TEST_STEP][PASSED] - Statement - counter = counter + 1: null

2019-01-03 20:25:44 - [TEST_STEP][PASSED] - Statement - PreSaveFile = new java.io.File(((pathPrefix + java.lang.Integer.toString(counter)) + .png)): null

2019-01-03 20:25:44 - [TEST_STEP][PASSED] - Statement - counter = counter + 1: null

2019-01-03 20:25:44 - [TEST_STEP][PASSED] - Statement - PreSaveFile = new java.io.File(((pathPrefix + java.lang.Integer.toString(counter)) + .png)): null

2019-01-03 20:25:44 - [TEST_STEP][PASSED] - Statement - counter = counter + 1: null

2019-01-03 20:25:44 - [TEST_STEP][PASSED] - Statement - PreSaveFile = new java.io.File(((pathPrefix + java.lang.Integer.toString(counter)) + .png)): null

2019-01-03 20:25:44 - [TEST_STEP][PASSED] - Statement - counter = counter + 1: null

2019-01-03 20:25:44 - [TEST_STEP][PASSED] - Statement - PreSaveFile = new java.io.File(((pathPrefix + java.lang.Integer.toString(counter)) + .png)): null

2019-01-03 20:25:44 - [TEST_STEP][PASSED] - Statement - counter = counter + 1: null

2019-01-03 20:25:44 - [TEST_STEP][PASSED] - Statement - PreSaveFile = new java.io.File(((pathPrefix + java.lang.Integer.toString(counter)) + .png)): null

2019-01-03 20:25:44 - [TEST_STEP][PASSED] - Statement - counter = counter + 1: null

2019-01-03 20:25:44 - [TEST_STEP][PASSED] - Statement - PreSaveFile = new java.io.File(((pathPrefix + java.lang.Integer.toString(counter)) + .png)): null

2019-01-03 20:25:44 - [TEST_STEP][PASSED] - Statement - counter = counter + 1: null

2019-01-03 20:25:44 - [TEST_STEP][PASSED] - Statement - PreSaveFile = new java.io.File(((pathPrefix + java.lang.Integer.toString(counter)) + .png)): null

2019-01-03 20:25:44 - [TEST_STEP][PASSED] - Statement - counter = counter + 1: null

2019-01-03 20:25:44 - [TEST_STEP][PASSED] - Statement - PreSaveFile = new java.io.File(((pathPrefix + java.lang.Integer.toString(counter)) + .png)): null

2019-01-03 20:25:44 - [TEST_STEP][PASSED] - Statement - counter = counter + 1: null

2019-01-03 20:25:44 - [TEST_STEP][PASSED] - Statement - PreSaveFile = new java.io.File(((pathPrefix + java.lang.Integer.toString(counter)) + .png)): null

2019-01-03 20:25:44 - [TEST_STEP][PASSED] - Statement - counter = counter + 1: null

2019-01-03 20:25:44 - [TEST_STEP][PASSED] - Statement - PreSaveFile = new java.io.File(((pathPrefix + java.lang.Integer.toString(counter)) + .png)): null

2019-01-03 20:25:44 - [TEST_STEP][PASSED] - Statement - counter = counter + 1: null

2019-01-03 20:25:44 - [TEST_STEP][PASSED] - Statement - PreSaveFile = new java.io.File(((pathPrefix + java.lang.Integer.toString(counter)) + .png)): null

2019-01-03 20:25:44 - [TEST_STEP][PASSED] - Statement - counter = counter + 1: null

2019-01-03 20:25:44 - [TEST_STEP][PASSED] - Statement - PreSaveFile = new java.io.File(((pathPrefix + java.lang.Integer.toString(counter)) + .png)): null

2019-01-03 20:25:44 - [TEST_STEP][PASSED] - Statement - counter = counter + 1: null

2019-01-03 20:25:44 - [TEST_STEP][PASSED] - Statement - PreSaveFile = new java.io.File(((pathPrefix + java.lang.Integer.toString(counter)) + .png)): null

2019-01-03 20:25:44 - [TEST_STEP][PASSED] - Statement - counter = counter + 1: null

2019-01-03 20:25:44 - [TEST_STEP][PASSED] - Statement - PreSaveFile = new java.io.File(((pathPrefix + java.lang.Integer.toString(counter)) + .png)): null

2019-01-03 20:25:44 - [TEST_STEP][PASSED] - Statement - counter = counter + 1: null

2019-01-03 20:25:44 - [TEST_STEP][PASSED] - Statement - PreSaveFile = new java.io.File(((pathPrefix + java.lang.Integer.toString(counter)) + .png)): null

2019-01-03 20:25:44 - [TEST_STEP][PASSED] - Statement - counter = counter + 1: null

2019-01-03 20:25:44 - [TEST_STEP][PASSED] - Statement - PreSaveFile = new java.io.File(((pathPrefix + java.lang.Integer.toString(counter)) + .png)): null

2019-01-03 20:25:44 - [TEST_STEP][PASSED] - Statement - counter = counter + 1: null

2019-01-03 20:25:44 - [TEST_STEP][PASSED] - Statement - PreSaveFile = new java.io.File(((pathPrefix + java.lang.Integer.toString(counter)) + .png)): null

2019-01-03 20:25:44 - [TEST_STEP][PASSED] - Statement - counter = counter + 1: null

2019-01-03 20:25:44 - [TEST_STEP][PASSED] - Statement - PreSaveFile = new java.io.File(((pathPrefix + java.lang.Integer.toString(counter)) + .png)): null

2019-01-03 20:25:44 - [TEST_STEP][PASSED] - Statement - counter = counter + 1: null

2019-01-03 20:25:44 - [TEST_STEP][PASSED] - Statement - PreSaveFile = new java.io.File(((pathPrefix + java.lang.Integer.toString(counter)) + .png)): null

2019-01-03 20:25:44 - [TEST_STEP][PASSED] - Statement - counter = counter + 1: null

2019-01-03 20:25:44 - [TEST_STEP][PASSED] - Statement - PreSaveFile = new java.io.File(((pathPrefix + java.lang.Integer.toString(counter)) + .png)): null

2019-01-03 20:25:44 - [TEST_STEP][PASSED] - Statement - counter = counter + 1: null

2019-01-03 20:25:44 - [TEST_STEP][PASSED] - Statement - PreSaveFile = new java.io.File(((pathPrefix + java.lang.Integer.toString(counter)) + .png)): null

2019-01-03 20:25:44 - [TEST_STEP][PASSED] - Statement - counter = counter + 1: null

2019-01-03 20:25:44 - [TEST_STEP][PASSED] - Statement - PreSaveFile = new java.io.File(((pathPrefix + java.lang.Integer.toString(counter)) + .png)): null

2019-01-03 20:25:44 - [TEST_STEP][PASSED] - Statement - counter = counter + 1: null

2019-01-03 20:25:44 - [TEST_STEP][PASSED] - Statement - PreSaveFile = new java.io.File(((pathPrefix + java.lang.Integer.toString(counter)) + .png)): null

2019-01-03 20:25:44 - [TEST_STEP][PASSED] - Statement - counter = counter + 1: null

2019-01-03 20:25:44 - [TEST_STEP][PASSED] - Statement - PreSaveFile = new java.io.File(((pathPrefix + java.lang.Integer.toString(counter)) + .png)): null

2019-01-03 20:25:44 - [TEST_STEP][PASSED] - Statement - counter = counter + 1: null

2019-01-03 20:25:44 - [TEST_STEP][PASSED] - Statement - PreSaveFile = new java.io.File(((pathPrefix + java.lang.Integer.toString(counter)) + .png)): null

2019-01-03 20:25:44 - [TEST_STEP][PASSED] - Statement - counter = counter + 1: null

2019-01-03 20:25:44 - [TEST_STEP][PASSED] - Statement - PreSaveFile = new java.io.File(((pathPrefix + java.lang.Integer.toString(counter)) + .png)): null

2019-01-03 20:25:44 - [TEST_STEP][PASSED] - Statement - counter = counter + 1: null

2019-01-03 20:25:44 - [TEST_STEP][PASSED] - Statement - PreSaveFile = new java.io.File(((pathPrefix + java.lang.Integer.toString(counter)) + .png)): null

2019-01-03 20:25:44 - [TEST_STEP][PASSED] - Statement - counter = counter + 1: null

2019-01-03 20:25:44 - [TEST_STEP][PASSED] - Statement - PreSaveFile = new java.io.File(((pathPrefix + java.lang.Integer.toString(counter)) + .png)): null

2019-01-03 20:25:44 - [TEST_STEP][PASSED] - Statement - counter = counter + 1: null

2019-01-03 20:25:44 - [TEST_STEP][PASSED] - Statement - PreSaveFile = new java.io.File(((pathPrefix + java.lang.Integer.toString(counter)) + .png)): null

2019-01-03 20:25:44 - [TEST_STEP][PASSED] - Statement - counter = counter + 1: null

2019-01-03 20:25:44 - [TEST_STEP][PASSED] - Statement - PreSaveFile = new java.io.File(((pathPrefix + java.lang.Integer.toString(counter)) + .png)): null

2019-01-03 20:25:44 - [TEST_STEP][PASSED] - Statement - counter = counter + 1: null

2019-01-03 20:25:44 - [TEST_STEP][PASSED] - Statement - PreSaveFile = new java.io.File(((pathPrefix + java.lang.Integer.toString(counter)) + .png)): null

2019-01-03 20:25:44 - [TEST_STEP][PASSED] - Statement - counter = counter + 1: null

2019-01-03 20:25:44 - [TEST_STEP][PASSED] - Statement - PreSaveFile = new java.io.File(((pathPrefix + java.lang.Integer.toString(counter)) + .png)): null

2019-01-03 20:25:44 - [TEST_STEP][PASSED] - Statement - counter = counter + 1: null

2019-01-03 20:25:44 - [TEST_STEP][PASSED] - Statement - PreSaveFile = new java.io.File(((pathPrefix + java.lang.Integer.toString(counter)) + .png)): null

2019-01-03 20:25:44 - [TEST_STEP][PASSED] - Statement - counter = counter + 1: null

2019-01-03 20:25:44 - [TEST_STEP][PASSED] - Statement - PreSaveFile = new java.io.File(((pathPrefix + java.lang.Integer.toString(counter)) + .png)): null

2019-01-03 20:25:44 - [TEST_STEP][PASSED] - Statement - counter = counter + 1: null

2019-01-03 20:25:44 - [TEST_STEP][PASSED] - Statement - PreSaveFile = new java.io.File(((pathPrefix + java.lang.Integer.toString(counter)) + .png)): null

2019-01-03 20:25:44 - [TEST_STEP][PASSED] - Statement - counter = counter + 1: null

2019-01-03 20:25:44 - [TEST_STEP][PASSED] - Statement - PreSaveFile = new java.io.File(((pathPrefix + java.lang.Integer.toString(counter)) + .png)): null

2019-01-03 20:25:44 - [TEST_STEP][PASSED] - Statement - counter = counter + 1: null

2019-01-03 20:25:44 - [TEST_STEP][PASSED] - Statement - PreSaveFile = new java.io.File(((pathPrefix + java.lang.Integer.toString(counter)) + .png)): null

2019-01-03 20:25:44 - [TEST_STEP][PASSED] - Statement - counter = counter + 1: null

2019-01-03 20:25:44 - [TEST_STEP][PASSED] - Statement - PreSaveFile = new java.io.File(((pathPrefix + java.lang.Integer.toString(counter)) + .png)): null

2019-01-03 20:25:44 - [TEST_STEP][PASSED] - Statement - counter = counter + 1: null

2019-01-03 20:25:44 - [TEST_STEP][PASSED] - Statement - PreSaveFile = new java.io.File(((pathPrefix + java.lang.Integer.toString(counter)) + .png)): null

2019-01-03 20:25:44 - [TEST_STEP][PASSED] - Statement - counter = counter + 1: null

2019-01-03 20:25:44 - [TEST_STEP][PASSED] - Statement - PreSaveFile = new java.io.File(((pathPrefix + java.lang.Integer.toString(counter)) + .png)): null

2019-01-03 20:25:44 - [TEST_STEP][PASSED] - Statement - counter = counter + 1: null

2019-01-03 20:25:44 - [TEST_STEP][PASSED] - Statement - PreSaveFile = new java.io.File(((pathPrefix + java.lang.Integer.toString(counter)) + .png)): null

2019-01-03 20:25:44 - [TEST_STEP][PASSED] - Statement - counter = counter + 1: null

2019-01-03 20:25:44 - [TEST_STEP][PASSED] - Statement - PreSaveFile = new java.io.File(((pathPrefix + java.lang.Integer.toString(counter)) + .png)): null

2019-01-03 20:25:44 - [TEST_STEP][PASSED] - Statement - counter = counter + 1: null

2019-01-03 20:25:44 - [TEST_STEP][PASSED] - Statement - PreSaveFile = new java.io.File(((pathPrefix + java.lang.Integer.toString(counter)) + .png)): null

2019-01-03 20:25:44 - [TEST_STEP][PASSED] - Statement - counter = counter + 1: null

2019-01-03 20:25:44 - [TEST_STEP][PASSED] - Statement - PreSaveFile = new java.io.File(((pathPrefix + java.lang.Integer.toString(counter)) + .png)): null

2019-01-03 20:25:44 - [TEST_STEP][PASSED] - Statement - counter = counter + 1: null

2019-01-03 20:25:44 - [TEST_STEP][PASSED] - Statement - PreSaveFile = new java.io.File(((pathPrefix + java.lang.Integer.toString(counter)) + .png)): null

2019-01-03 20:25:44 - [TEST_STEP][PASSED] - Statement - counter = counter + 1: null

2019-01-03 20:25:44 - [TEST_STEP][PASSED] - Statement - PreSaveFile = new java.io.File(((pathPrefix + java.lang.Integer.toString(counter)) + .png)): null

2019-01-03 20:25:44 - [TEST_STEP][PASSED] - Statement - counter = counter + 1: null

2019-01-03 20:25:44 - [TEST_STEP][PASSED] - Statement - PreSaveFile = new java.io.File(((pathPrefix + java.lang.Integer.toString(counter)) + .png)): null

2019-01-03 20:25:44 - [TEST_STEP][PASSED] - Statement - counter = counter + 1: null

2019-01-03 20:25:44 - [TEST_STEP][PASSED] - Statement - PreSaveFile = new java.io.File(((pathPrefix + java.lang.Integer.toString(counter)) + .png)): null

2019-01-03 20:25:44 - [TEST_STEP][PASSED] - Statement - counter = counter + 1: null

2019-01-03 20:25:44 - [TEST_STEP][PASSED] - Statement - PreSaveFile = new java.io.File(((pathPrefix + java.lang.Integer.toString(counter)) + .png)): null

2019-01-03 20:25:45 - [TEST_STEP][PASSED] - Statement - counter = counter + 1: null

2019-01-03 20:25:45 - [TEST_STEP][PASSED] - Statement - PreSaveFile = new java.io.File(((pathPrefix + java.lang.Integer.toString(counter)) + .png)): null

2019-01-03 20:25:45 - [TEST_STEP][PASSED] - Statement - counter = counter + 1: null

2019-01-03 20:25:45 - [TEST_STEP][PASSED] - Statement - PreSaveFile = new java.io.File(((pathPrefix + java.lang.Integer.toString(counter)) + .png)): null

2019-01-03 20:25:45 - [TEST_STEP][PASSED] - Statement - counter = counter + 1: null

2019-01-03 20:25:45 - [TEST_STEP][PASSED] - Statement - PreSaveFile = new java.io.File(((pathPrefix + java.lang.Integer.toString(counter)) + .png)): null

2019-01-03 20:25:45 - [TEST_STEP][PASSED] - Statement - counter = counter + 1: null

2019-01-03 20:25:45 - [TEST_STEP][PASSED] - Statement - PreSaveFile = new java.io.File(((pathPrefix + java.lang.Integer.toString(counter)) + .png)): null

2019-01-03 20:25:45 - [TEST_STEP][PASSED] - Statement - counter = counter + 1: null

2019-01-03 20:25:45 - [TEST_STEP][PASSED] - Statement - PreSaveFile = new java.io.File(((pathPrefix + java.lang.Integer.toString(counter)) + .png)): null

2019-01-03 20:25:45 - [TEST_STEP][PASSED] - Statement - counter = counter + 1: null

2019-01-03 20:25:45 - [TEST_STEP][PASSED] - Statement - PreSaveFile = new java.io.File(((pathPrefix + java.lang.Integer.toString(counter)) + .png)): null

2019-01-03 20:25:45 - [TEST_STEP][PASSED] - Statement - counter = counter + 1: null

2019-01-03 20:25:45 - [TEST_STEP][PASSED] - Statement - PreSaveFile = new java.io.File(((pathPrefix + java.lang.Integer.toString(counter)) + .png)): null

2019-01-03 20:25:45 - [TEST_STEP][PASSED] - Statement - counter = counter + 1: null

2019-01-03 20:25:45 - [TEST_STEP][PASSED] - Statement - PreSaveFile = new java.io.File(((pathPrefix + java.lang.Integer.toString(counter)) + .png)): null

2019-01-03 20:25:45 - [TEST_STEP][PASSED] - Statement - counter = counter + 1: null

2019-01-03 20:25:45 - [TEST_STEP][PASSED] - Statement - PreSaveFile = new java.io.File(((pathPrefix + java.lang.Integer.toString(counter)) + .png)): null

2019-01-03 20:25:45 - [TEST_STEP][PASSED] - Statement - counter = counter + 1: null

2019-01-03 20:25:45 - [TEST_STEP][PASSED] - Statement - PreSaveFile = new java.io.File(((pathPrefix + java.lang.Integer.toString(counter)) + .png)): null

2019-01-03 20:25:45 - [TEST_STEP][PASSED] - Statement - counter = counter + 1: null

2019-01-03 20:25:45 - [TEST_STEP][PASSED] - Statement - PreSaveFile = new java.io.File(((pathPrefix + java.lang.Integer.toString(counter)) + .png)): null

2019-01-03 20:25:45 - [TEST_STEP][PASSED] - Statement - counter = counter + 1: null

2019-01-03 20:25:45 - [TEST_STEP][PASSED] - Statement - PreSaveFile = new java.io.File(((pathPrefix + java.lang.Integer.toString(counter)) + .png)): null

2019-01-03 20:25:45 - [TEST_STEP][PASSED] - Statement - counter = counter + 1: null

2019-01-03 20:25:45 - [TEST_STEP][PASSED] - Statement - PreSaveFile = new java.io.File(((pathPrefix + java.lang.Integer.toString(counter)) + .png)): null

2019-01-03 20:25:45 - [TEST_STEP][PASSED] - Statement - counter = counter + 1: null

2019-01-03 20:25:45 - [TEST_STEP][PASSED] - Statement - PreSaveFile = new java.io.File(((pathPrefix + java.lang.Integer.toString(counter)) + .png)): null

2019-01-03 20:25:45 - [TEST_STEP][PASSED] - Statement - counter = counter + 1: null

2019-01-03 20:25:45 - [TEST_STEP][PASSED] - Statement - PreSaveFile = new java.io.File(((pathPrefix + java.lang.Integer.toString(counter)) + .png)): null

2019-01-03 20:25:45 - [TEST_STEP][PASSED] - Statement - counter = counter + 1: null

2019-01-03 20:25:45 - [TEST_STEP][PASSED] - Statement - PreSaveFile = new java.io.File(((pathPrefix + java.lang.Integer.toString(counter)) + .png)): null

2019-01-03 20:25:45 - [TEST_STEP][PASSED] - Statement - counter = counter + 1: null

2019-01-03 20:25:45 - [TEST_STEP][PASSED] - Statement - PreSaveFile = new java.io.File(((pathPrefix + java.lang.Integer.toString(counter)) + .png)): null

2019-01-03 20:25:45 - [TEST_STEP][PASSED] - Statement - counter = counter + 1: null

2019-01-03 20:25:45 - [TEST_STEP][PASSED] - Statement - PreSaveFile = new java.io.File(((pathPrefix + java.lang.Integer.toString(counter)) + .png)): null

2019-01-03 20:25:45 - [TEST_STEP][PASSED] - Statement - counter = counter + 1: null

2019-01-03 20:25:45 - [TEST_STEP][PASSED] - Statement - PreSaveFile = new java.io.File(((pathPrefix + java.lang.Integer.toString(counter)) + .png)): null

2019-01-03 20:25:45 - [TEST_STEP][PASSED] - Statement - counter = counter + 1: null

2019-01-03 20:25:45 - [TEST_STEP][PASSED] - Statement - PreSaveFile = new java.io.File(((pathPrefix + java.lang.Integer.toString(counter)) + .png)): null

2019-01-03 20:25:45 - [TEST_STEP][PASSED] - Statement - counter = counter + 1: null

2019-01-03 20:25:45 - [TEST_STEP][PASSED] - Statement - PreSaveFile = new java.io.File(((pathPrefix + java.lang.Integer.toString(counter)) + .png)): null

2019-01-03 20:25:45 - [TEST_STEP][PASSED] - Statement - counter = counter + 1: null

2019-01-03 20:25:45 - [TEST_STEP][PASSED] - Statement - PreSaveFile = new java.io.File(((pathPrefix + java.lang.Integer.toString(counter)) + .png)): null

2019-01-03 20:25:45 - [TEST_STEP][PASSED] - Statement - counter = counter + 1: null

2019-01-03 20:25:45 - [TEST_STEP][PASSED] - Statement - PreSaveFile = new java.io.File(((pathPrefix + java.lang.Integer.toString(counter)) + .png)): null

2019-01-03 20:25:45 - [TEST_STEP][PASSED] - Statement - counter = counter + 1: null

2019-01-03 20:25:45 - [TEST_STEP][PASSED] - Statement - PreSaveFile = new java.io.File(((pathPrefix + java.lang.Integer.toString(counter)) + .png)): null

2019-01-03 20:25:45 - [TEST_STEP][PASSED] - Statement - counter = counter + 1: null

2019-01-03 20:25:45 - [TEST_STEP][PASSED] - Statement - PreSaveFile = new java.io.File(((pathPrefix + java.lang.Integer.toString(counter)) + .png)): null

2019-01-03 20:25:45 - [TEST_STEP][PASSED] - Statement - counter = counter + 1: null

2019-01-03 20:25:45 - [TEST_STEP][PASSED] - Statement - PreSaveFile = new java.io.File(((pathPrefix + java.lang.Integer.toString(counter)) + .png)): null

2019-01-03 20:25:45 - [TEST_STEP][PASSED] - Statement - counter = counter + 1: null

2019-01-03 20:25:45 - [TEST_STEP][PASSED] - Statement - PreSaveFile = new java.io.File(((pathPrefix + java.lang.Integer.toString(counter)) + .png)): null

2019-01-03 20:25:45 - [TEST_STEP][PASSED] - Statement - counter = counter + 1: null

2019-01-03 20:25:45 - [TEST_STEP][PASSED] - Statement - PreSaveFile = new java.io.File(((pathPrefix + java.lang.Integer.toString(counter)) + .png)): null

2019-01-03 20:25:45 - [TEST_STEP][PASSED] - Statement - counter = counter + 1: null

2019-01-03 20:25:45 - [TEST_STEP][PASSED] - Statement - PreSaveFile = new java.io.File(((pathPrefix + java.lang.Integer.toString(counter)) + .png)): null

2019-01-03 20:25:45 - [TEST_STEP][PASSED] - Statement - counter = counter + 1: null

2019-01-03 20:25:45 - [TEST_STEP][PASSED] - Statement - PreSaveFile = new java.io.File(((pathPrefix + java.lang.Integer.toString(counter)) + .png)): null

2019-01-03 20:25:45 - [TEST_STEP][PASSED] - Statement - counter = counter + 1: null

2019-01-03 20:25:45 - [TEST_STEP][PASSED] - Statement - PreSaveFile = new java.io.File(((pathPrefix + java.lang.Integer.toString(counter)) + .png)): null

2019-01-03 20:25:45 - [TEST_STEP][PASSED] - Statement - counter = counter + 1: null

2019-01-03 20:25:45 - [TEST_STEP][PASSED] - Statement - PreSaveFile = new java.io.File(((pathPrefix + java.lang.Integer.toString(counter)) + .png)): null

2019-01-03 20:25:45 - [TEST_STEP][PASSED] - Statement - counter = counter + 1: null

2019-01-03 20:25:45 - [TEST_STEP][PASSED] - Statement - PreSaveFile = new java.io.File(((pathPrefix + java.lang.Integer.toString(counter)) + .png)): null

2019-01-03 20:25:45 - [TEST_STEP][PASSED] - Statement - counter = counter + 1: null

2019-01-03 20:25:45 - [TEST_STEP][PASSED] - Statement - PreSaveFile = new java.io.File(((pathPrefix + java.lang.Integer.toString(counter)) + .png)): null

2019-01-03 20:25:45 - [TEST_STEP][PASSED] - Statement - counter = counter + 1: null

2019-01-03 20:25:45 - [TEST_STEP][PASSED] - Statement - PreSaveFile = new java.io.File(((pathPrefix + java.lang.Integer.toString(counter)) + .png)): null

2019-01-03 20:25:45 - [TEST_STEP][PASSED] - Statement - counter = counter + 1: null

2019-01-03 20:25:45 - [TEST_STEP][PASSED] - Statement - PreSaveFile = new java.io.File(((pathPrefix + java.lang.Integer.toString(counter)) + .png)): null

2019-01-03 20:25:45 - [TEST_STEP][PASSED] - Statement - counter = counter + 1: null

2019-01-03 20:25:45 - [TEST_STEP][PASSED] - Statement - PreSaveFile = new java.io.File(((pathPrefix + java.lang.Integer.toString(counter)) + .png)): null

2019-01-03 20:25:45 - [TEST_STEP][PASSED] - Statement - counter = counter + 1: null

2019-01-03 20:25:45 - [TEST_STEP][PASSED] - Statement - PreSaveFile = new java.io.File(((pathPrefix + java.lang.Integer.toString(counter)) + .png)): null

2019-01-03 20:25:45 - [TEST_STEP][PASSED] - Statement - counter = counter + 1: null

2019-01-03 20:25:45 - [TEST_STEP][PASSED] - Statement - PreSaveFile = new java.io.File(((pathPrefix + java.lang.Integer.toString(counter)) + .png)): null

2019-01-03 20:25:45 - [TEST_STEP][PASSED] - Statement - counter = counter + 1: null

2019-01-03 20:25:45 - [TEST_STEP][PASSED] - Statement - PreSaveFile = new java.io.File(((pathPrefix + java.lang.Integer.toString(counter)) + .png)): null

2019-01-03 20:25:45 - [TEST_STEP][PASSED] - Statement - counter = counter + 1: null

2019-01-03 20:25:45 - [TEST_STEP][PASSED] - Statement - PreSaveFile = new java.io.File(((pathPrefix + java.lang.Integer.toString(counter)) + .png)): null

2019-01-03 20:25:45 - [TEST_STEP][PASSED] - Statement - counter = counter + 1: null

2019-01-03 20:25:45 - [TEST_STEP][PASSED] - Statement - PreSaveFile = new java.io.File(((pathPrefix + java.lang.Integer.toString(counter)) + .png)): null

2019-01-03 20:25:45 - [TEST_STEP][PASSED] - Statement - counter = counter + 1: null

2019-01-03 20:25:45 - [TEST_STEP][PASSED] - Statement - PreSaveFile = new java.io.File(((pathPrefix + java.lang.Integer.toString(counter)) + .png)): null

2019-01-03 20:25:45 - [TEST_STEP][PASSED] - Statement - counter = counter + 1: null

2019-01-03 20:25:45 - [TEST_STEP][PASSED] - Statement - PreSaveFile = new java.io.File(((pathPrefix + java.lang.Integer.toString(counter)) + .png)): null

2019-01-03 20:25:45 - [TEST_STEP][PASSED] - Statement - counter = counter + 1: null

2019-01-03 20:25:45 - [TEST_STEP][PASSED] - Statement - PreSaveFile = new java.io.File(((pathPrefix + java.lang.Integer.toString(counter)) + .png)): null

2019-01-03 20:25:45 - [TEST_STEP][PASSED] - Statement - counter = counter + 1: null

2019-01-03 20:25:45 - [TEST_STEP][PASSED] - Statement - PreSaveFile = new java.io.File(((pathPrefix + java.lang.Integer.toString(counter)) + .png)): null

2019-01-03 20:25:45 - [TEST_STEP][PASSED] - Statement - counter = counter + 1: null

2019-01-03 20:25:45 - [TEST_STEP][PASSED] - Statement - PreSaveFile = new java.io.File(((pathPrefix + java.lang.Integer.toString(counter)) + .png)): null

2019-01-03 20:25:45 - [TEST_STEP][PASSED] - Statement - counter = counter + 1: null

2019-01-03 20:25:45 - [TEST_STEP][PASSED] - Statement - PreSaveFile = new java.io.File(((pathPrefix + java.lang.Integer.toString(counter)) + .png)): null

2019-01-03 20:25:45 - [TEST_STEP][PASSED] - Statement - counter = counter + 1: null

2019-01-03 20:25:45 - [TEST_STEP][PASSED] - Statement - PreSaveFile = new java.io.File(((pathPrefix + java.lang.Integer.toString(counter)) + .png)): null

2019-01-03 20:25:45 - [TEST_STEP][PASSED] - Statement - counter = counter + 1: null

2019-01-03 20:25:45 - [TEST_STEP][PASSED] - Statement - PreSaveFile = new java.io.File(((pathPrefix + java.lang.Integer.toString(counter)) + .png)): null

2019-01-03 20:25:45 - [TEST_STEP][PASSED] - Statement - counter = counter + 1: null

2019-01-03 20:25:45 - [TEST_STEP][PASSED] - Statement - PreSaveFile = new java.io.File(((pathPrefix + java.lang.Integer.toString(counter)) + .png)): null

2019-01-03 20:25:45 - [TEST_STEP][PASSED] - Statement - counter = counter + 1: null

2019-01-03 20:25:45 - [TEST_STEP][PASSED] - Statement - PreSaveFile = new java.io.File(((pathPrefix + java.lang.Integer.toString(counter)) + .png)): null

2019-01-03 20:25:45 - [TEST_STEP][PASSED] - Statement - counter = counter + 1: null

2019-01-03 20:25:45 - [TEST_STEP][PASSED] - Statement - PreSaveFile = new java.io.File(((pathPrefix + java.lang.Integer.toString(counter)) + .png)): null

2019-01-03 20:25:45 - [TEST_STEP][PASSED] - Statement - counter = counter + 1: null

2019-01-03 20:25:45 - [TEST_STEP][PASSED] - Statement - PreSaveFile = new java.io.File(((pathPrefix + java.lang.Integer.toString(counter)) + .png)): null

2019-01-03 20:25:45 - [TEST_STEP][PASSED] - Statement - counter = counter + 1: null

2019-01-03 20:25:45 - [TEST_STEP][PASSED] - Statement - PreSaveFile = new java.io.File(((pathPrefix + java.lang.Integer.toString(counter)) + .png)): null

2019-01-03 20:25:45 - [TEST_STEP][PASSED] - Statement - counter = counter + 1: null

2019-01-03 20:25:45 - [TEST_STEP][PASSED] - Statement - PreSaveFile = new java.io.File(((pathPrefix + java.lang.Integer.toString(counter)) + .png)): null

2019-01-03 20:25:45 - [TEST_STEP][PASSED] - Statement - counter = counter + 1: null

2019-01-03 20:25:45 - [TEST_STEP][PASSED] - Statement - PreSaveFile = new java.io.File(((pathPrefix + java.lang.Integer.toString(counter)) + .png)): null

2019-01-03 20:25:45 - [TEST_STEP][PASSED] - Statement - counter = counter + 1: null

2019-01-03 20:25:45 - [TEST_STEP][PASSED] - Statement - PreSaveFile = new java.io.File(((pathPrefix + java.lang.Integer.toString(counter)) + .png)): null

2019-01-03 20:25:45 - [TEST_STEP][PASSED] - Statement - counter = counter + 1: null

2019-01-03 20:25:45 - [TEST_STEP][PASSED] - Statement - PreSaveFile = new java.io.File(((pathPrefix + java.lang.Integer.toString(counter)) + .png)): null

2019-01-03 20:25:45 - [TEST_STEP][PASSED] - Statement - counter = counter + 1: null

2019-01-03 20:25:45 - [TEST_STEP][PASSED] - Statement - PreSaveFile = new java.io.File(((pathPrefix + java.lang.Integer.toString(counter)) + .png)): null

2019-01-03 20:25:45 - [TEST_STEP][PASSED] - Statement - counter = counter + 1: null

2019-01-03 20:25:45 - [TEST_STEP][PASSED] - Statement - PreSaveFile = new java.io.File(((pathPrefix + java.lang.Integer.toString(counter)) + .png)): null

2019-01-03 20:25:45 - [TEST_STEP][PASSED] - Statement - counter = counter + 1: null

2019-01-03 20:25:45 - [TEST_STEP][PASSED] - Statement - PreSaveFile = new java.io.File(((pathPrefix + java.lang.Integer.toString(counter)) + .png)): null

2019-01-03 20:25:45 - [TEST_STEP][PASSED] - Statement - counter = counter + 1: null

2019-01-03 20:25:45 - [TEST_STEP][PASSED] - Statement - PreSaveFile = new java.io.File(((pathPrefix + java.lang.Integer.toString(counter)) + .png)): null

2019-01-03 20:25:45 - [TEST_STEP][PASSED] - Statement - counter = counter + 1: null

2019-01-03 20:25:45 - [TEST_STEP][PASSED] - Statement - PreSaveFile = new java.io.File(((pathPrefix + java.lang.Integer.toString(counter)) + .png)): null

2019-01-03 20:25:45 - [TEST_STEP][PASSED] - Statement - counter = counter + 1: null

2019-01-03 20:25:45 - [TEST_STEP][PASSED] - Statement - PreSaveFile = new java.io.File(((pathPrefix + java.lang.Integer.toString(counter)) + .png)): null

2019-01-03 20:25:45 - [TEST_STEP][PASSED] - Statement - counter = counter + 1: null

2019-01-03 20:25:45 - [TEST_STEP][PASSED] - Statement - PreSaveFile = new java.io.File(((pathPrefix + java.lang.Integer.toString(counter)) + .png)): null

2019-01-03 20:25:45 - [TEST_STEP][PASSED] - Statement - counter = counter + 1: null

2019-01-03 20:25:45 - [TEST_STEP][PASSED] - Statement - PreSaveFile = new java.io.File(((pathPrefix + java.lang.Integer.toString(counter)) + .png)): null

2019-01-03 20:25:45 - [TEST_STEP][PASSED] - Statement - counter = counter + 1: null

2019-01-03 20:25:45 - [TEST_STEP][PASSED] - Statement - PreSaveFile = new java.io.File(((pathPrefix + java.lang.Integer.toString(counter)) + .png)): null

2019-01-03 20:25:45 - [TEST_STEP][PASSED] - Statement - counter = counter + 1: null

2019-01-03 20:25:45 - [TEST_STEP][PASSED] - Statement - PreSaveFile = new java.io.File(((pathPrefix + java.lang.Integer.toString(counter)) + .png)): null

2019-01-03 20:25:45 - [TEST_STEP][PASSED] - Statement - counter = counter + 1: null

2019-01-03 20:25:45 - [TEST_STEP][PASSED] - Statement - PreSaveFile = new java.io.File(((pathPrefix + java.lang.Integer.toString(counter)) + .png)): null

2019-01-03 20:25:45 - [TEST_STEP][PASSED] - Statement - counter = counter + 1: null

2019-01-03 20:25:45 - [TEST_STEP][PASSED] - Statement - PreSaveFile = new java.io.File(((pathPrefix + java.lang.Integer.toString(counter)) + .png)): null

2019-01-03 20:25:45 - [TEST_STEP][PASSED] - Statement - counter = counter + 1: null

2019-01-03 20:25:45 - [TEST_STEP][PASSED] - Statement - PreSaveFile = new java.io.File(((pathPrefix + java.lang.Integer.toString(counter)) + .png)): null

2019-01-03 20:25:45 - [TEST_STEP][PASSED] - Statement - counter = counter + 1: null

2019-01-03 20:25:45 - [TEST_STEP][PASSED] - Statement - PreSaveFile = new java.io.File(((pathPrefix + java.lang.Integer.toString(counter)) + .png)): null

2019-01-03 20:25:45 - [TEST_STEP][PASSED] - Statement - counter = counter + 1: null

2019-01-03 20:25:45 - [TEST_STEP][PASSED] - Statement - PreSaveFile = new java.io.File(((pathPrefix + java.lang.Integer.toString(counter)) + .png)): null

2019-01-03 20:25:45 - [TEST_STEP][PASSED] - Statement - counter = counter + 1: null

2019-01-03 20:25:45 - [TEST_STEP][PASSED] - Statement - PreSaveFile = new java.io.File(((pathPrefix + java.lang.Integer.toString(counter)) + .png)): null

2019-01-03 20:25:45 - [TEST_STEP][PASSED] - Statement - counter = counter + 1: null

2019-01-03 20:25:45 - [TEST_STEP][PASSED] - Statement - PreSaveFile = new java.io.File(((pathPrefix + java.lang.Integer.toString(counter)) + .png)): null

2019-01-03 20:25:45 - [TEST_STEP][PASSED] - Statement - counter = counter + 1: null

2019-01-03 20:25:45 - [TEST_STEP][PASSED] - Statement - PreSaveFile = new java.io.File(((pathPrefix + java.lang.Integer.toString(counter)) + .png)): null

2019-01-03 20:25:45 - [TEST_STEP][PASSED] - Statement - counter = counter + 1: null

2019-01-03 20:25:45 - [TEST_STEP][PASSED] - Statement - PreSaveFile = new java.io.File(((pathPrefix + java.lang.Integer.toString(counter)) + .png)): null

2019-01-03 20:25:45 - [TEST_STEP][PASSED] - Statement - counter = counter + 1: null

2019-01-03 20:25:45 - [TEST_STEP][PASSED] - Statement - PreSaveFile = new java.io.File(((pathPrefix + java.lang.Integer.toString(counter)) + .png)): null

2019-01-03 20:25:45 - [TEST_STEP][PASSED] - Statement - counter = counter + 1: null

2019-01-03 20:25:45 - [TEST_STEP][PASSED] - Statement - PreSaveFile = new java.io.File(((pathPrefix + java.lang.Integer.toString(counter)) + .png)): null

2019-01-03 20:25:45 - [TEST_STEP][PASSED] - Statement - counter = counter + 1: null

2019-01-03 20:25:45 - [TEST_STEP][PASSED] - Statement - PreSaveFile = new java.io.File(((pathPrefix + java.lang.Integer.toString(counter)) + .png)): null

2019-01-03 20:25:45 - [TEST_STEP][PASSED] - Statement - counter = counter + 1: null

2019-01-03 20:25:45 - [TEST_STEP][PASSED] - Statement - PreSaveFile = new java.io.File(((pathPrefix + java.lang.Integer.toString(counter)) + .png)): null

2019-01-03 20:25:45 - [TEST_STEP][PASSED] - Statement - counter = counter + 1: null

2019-01-03 20:25:45 - [TEST_STEP][PASSED] - Statement - PreSaveFile = new java.io.File(((pathPrefix + java.lang.Integer.toString(counter)) + .png)): null

2019-01-03 20:25:45 - [TEST_STEP][PASSED] - Statement - counter = counter + 1: null

2019-01-03 20:25:45 - [TEST_STEP][PASSED] - Statement - PreSaveFile = new java.io.File(((pathPrefix + java.lang.Integer.toString(counter)) + .png)): null

2019-01-03 20:25:45 - [TEST_STEP][PASSED] - Statement - counter = counter + 1: null

2019-01-03 20:25:45 - [TEST_STEP][PASSED] - Statement - PreSaveFile = new java.io.File(((pathPrefix + java.lang.Integer.toString(counter)) + .png)): null

2019-01-03 20:25:45 - [TEST_STEP][PASSED] - Statement - counter = counter + 1: null

2019-01-03 20:25:45 - [TEST_STEP][PASSED] - Statement - PreSaveFile = new java.io.File(((pathPrefix + java.lang.Integer.toString(counter)) + .png)): null

2019-01-03 20:25:45 - [TEST_STEP][PASSED] - Statement - counter = counter + 1: null

2019-01-03 20:25:45 - [TEST_STEP][PASSED] - Statement - PreSaveFile = new java.io.File(((pathPrefix + java.lang.Integer.toString(counter)) + .png)): null

2019-01-03 20:25:45 - [TEST_STEP][PASSED] - Statement - counter = counter + 1: null

2019-01-03 20:25:45 - [TEST_STEP][PASSED] - Statement - PreSaveFile = new java.io.File(((pathPrefix + java.lang.Integer.toString(counter)) + .png)): null

2019-01-03 20:25:45 - [TEST_STEP][PASSED] - Statement - counter = counter + 1: null

2019-01-03 20:25:45 - [TEST_STEP][PASSED] - Statement - PreSaveFile = new java.io.File(((pathPrefix + java.lang.Integer.toString(counter)) + .png)): null

2019-01-03 20:25:45 - [TEST_STEP][PASSED] - Statement - counter = counter + 1: null

2019-01-03 20:25:45 - [TEST_STEP][PASSED] - Statement - PreSaveFile = new java.io.File(((pathPrefix + java.lang.Integer.toString(counter)) + .png)): null

2019-01-03 20:25:45 - [TEST_STEP][PASSED] - Statement - counter = counter + 1: null

2019-01-03 20:25:45 - [TEST_STEP][PASSED] - Statement - PreSaveFile = new java.io.File(((pathPrefix + java.lang.Integer.toString(counter)) + .png)): null

2019-01-03 20:25:45 - [TEST_STEP][PASSED] - Statement - counter = counter + 1: null

2019-01-03 20:25:45 - [TEST_STEP][PASSED] - Statement - PreSaveFile = new java.io.File(((pathPrefix + java.lang.Integer.toString(counter)) + .png)): null

2019-01-03 20:25:45 - [TEST_STEP][PASSED] - Statement - counter = counter + 1: null

2019-01-03 20:25:45 - [TEST_STEP][PASSED] - Statement - PreSaveFile = new java.io.File(((pathPrefix + java.lang.Integer.toString(counter)) + .png)): null

2019-01-03 20:25:45 - [TEST_STEP][PASSED] - Statement - counter = counter + 1: null

2019-01-03 20:25:45 - [TEST_STEP][PASSED] - Statement - PreSaveFile = new java.io.File(((pathPrefix + java.lang.Integer.toString(counter)) + .png)): null

2019-01-03 20:25:45 - [TEST_STEP][PASSED] - Statement - counter = counter + 1: null

2019-01-03 20:25:45 - [TEST_STEP][PASSED] - Statement - PreSaveFile = new java.io.File(((pathPrefix + java.lang.Integer.toString(counter)) + .png)): null

2019-01-03 20:25:45 - [TEST_STEP][PASSED] - Statement - counter = counter + 1: null

2019-01-03 20:25:45 - [TEST_STEP][PASSED] - Statement - PreSaveFile = new java.io.File(((pathPrefix + java.lang.Integer.toString(counter)) + .png)): null

2019-01-03 20:25:45 - [TEST_STEP][PASSED] - Statement - counter = counter + 1: null

2019-01-03 20:25:45 - [TEST_STEP][PASSED] - Statement - PreSaveFile = new java.io.File(((pathPrefix + java.lang.Integer.toString(counter)) + .png)): null

2019-01-03 20:25:45 - [TEST_STEP][PASSED] - Statement - counter = counter + 1: null

2019-01-03 20:25:45 - [TEST_STEP][PASSED] - Statement - PreSaveFile = new java.io.File(((pathPrefix + java.lang.Integer.toString(counter)) + .png)): null

2019-01-03 20:25:45 - [TEST_STEP][PASSED] - Statement - counter = counter + 1: null

2019-01-03 20:25:45 - [TEST_STEP][PASSED] - Statement - PreSaveFile = new java.io.File(((pathPrefix + java.lang.Integer.toString(counter)) + .png)): null

2019-01-03 20:25:45 - [TEST_STEP][PASSED] - Statement - counter = counter + 1: null

2019-01-03 20:25:45 - [TEST_STEP][PASSED] - Statement - PreSaveFile = new java.io.File(((pathPrefix + java.lang.Integer.toString(counter)) + .png)): null

2019-01-03 20:25:45 - [TEST_STEP][PASSED] - Statement - counter = counter + 1: null

2019-01-03 20:25:45 - [TEST_STEP][PASSED] - Statement - PreSaveFile = new java.io.File(((pathPrefix + java.lang.Integer.toString(counter)) + .png)): null

2019-01-03 20:25:45 - [TEST_STEP][PASSED] - Statement - counter = counter + 1: null

2019-01-03 20:25:45 - [TEST_STEP][PASSED] - Statement - PreSaveFile = new java.io.File(((pathPrefix + java.lang.Integer.toString(counter)) + .png)): null

2019-01-03 20:25:45 - [TEST_STEP][PASSED] - Statement - counter = counter + 1: null

2019-01-03 20:25:45 - [TEST_STEP][PASSED] - Statement - PreSaveFile = new java.io.File(((pathPrefix + java.lang.Integer.toString(counter)) + .png)): null

2019-01-03 20:25:45 - [TEST_STEP][PASSED] - Statement - counter = counter + 1: null

2019-01-03 20:25:45 - [TEST_STEP][PASSED] - Statement - PreSaveFile = new java.io.File(((pathPrefix + java.lang.Integer.toString(counter)) + .png)): null

2019-01-03 20:25:45 - [TEST_STEP][PASSED] - Statement - counter = counter + 1: null

2019-01-03 20:25:45 - [TEST_STEP][PASSED] - Statement - PreSaveFile = new java.io.File(((pathPrefix + java.lang.Integer.toString(counter)) + .png)): null

2019-01-03 20:25:45 - [TEST_STEP][PASSED] - Statement - counter = counter + 1: null

2019-01-03 20:25:45 - [TEST_STEP][PASSED] - Statement - PreSaveFile = new java.io.File(((pathPrefix + java.lang.Integer.toString(counter)) + .png)): null

2019-01-03 20:25:45 - [TEST_STEP][PASSED] - Statement - counter = counter + 1: null

2019-01-03 20:25:45 - [TEST_STEP][PASSED] - Statement - PreSaveFile = new java.io.File(((pathPrefix + java.lang.Integer.toString(counter)) + .png)): null

2019-01-03 20:25:45 - [TEST_STEP][PASSED] - Statement - counter = counter + 1: null

2019-01-03 20:25:45 - [TEST_STEP][PASSED] - Statement - PreSaveFile = new java.io.File(((pathPrefix + java.lang.Integer.toString(counter)) + .png)): null

2019-01-03 20:25:45 - [TEST_STEP][PASSED] - Statement - counter = counter + 1: null

2019-01-03 20:25:45 - [TEST_STEP][PASSED] - Statement - PreSaveFile = new java.io.File(((pathPrefix + java.lang.Integer.toString(counter)) + .png)): null

2019-01-03 20:25:45 - [TEST_STEP][PASSED] - Statement - counter = counter + 1: null

2019-01-03 20:25:45 - [TEST_STEP][PASSED] - Statement - PreSaveFile = new java.io.File(((pathPrefix + java.lang.Integer.toString(counter)) + .png)): null

2019-01-03 20:25:45 - [TEST_STEP][PASSED] - Statement - counter = counter + 1: null

2019-01-03 20:25:45 - [TEST_STEP][PASSED] - Statement - PreSaveFile = new java.io.File(((pathPrefix + java.lang.Integer.toString(counter)) + .png)): null

2019-01-03 20:25:45 - [TEST_STEP][PASSED] - Statement - counter = counter + 1: null

2019-01-03 20:25:45 - [TEST_STEP][PASSED] - Statement - PreSaveFile = new java.io.File(((pathPrefix + java.lang.Integer.toString(counter)) + .png)): null

2019-01-03 20:25:45 - [TEST_STEP][PASSED] - Statement - counter = counter + 1: null

2019-01-03 20:25:45 - [TEST_STEP][PASSED] - Statement - PreSaveFile = new java.io.File(((pathPrefix + java.lang.Integer.toString(counter)) + .png)): null

2019-01-03 20:25:45 - [TEST_STEP][PASSED] - Statement - counter = counter + 1: null

2019-01-03 20:25:45 - [TEST_STEP][PASSED] - Statement - PreSaveFile = new java.io.File(((pathPrefix + java.lang.Integer.toString(counter)) + .png)): null

2019-01-03 20:25:45 - [TEST_STEP][PASSED] - Statement - counter = counter + 1: null

2019-01-03 20:25:45 - [TEST_STEP][PASSED] - Statement - PreSaveFile = new java.io.File(((pathPrefix + java.lang.Integer.toString(counter)) + .png)): null

2019-01-03 20:25:45 - [TEST_STEP][PASSED] - Statement - counter = counter + 1: null

2019-01-03 20:25:45 - [TEST_STEP][PASSED] - Statement - PreSaveFile = new java.io.File(((pathPrefix + java.lang.Integer.toString(counter)) + .png)): null

2019-01-03 20:25:45 - [TEST_STEP][PASSED] - Statement - counter = counter + 1: null

2019-01-03 20:25:45 - [TEST_STEP][PASSED] - Statement - PreSaveFile = new java.io.File(((pathPrefix + java.lang.Integer.toString(counter)) + .png)): null

2019-01-03 20:25:45 - [TEST_STEP][PASSED] - Statement - counter = counter + 1: null

2019-01-03 20:25:45 - [TEST_STEP][PASSED] - Statement - PreSaveFile = new java.io.File(((pathPrefix + java.lang.Integer.toString(counter)) + .png)): null

2019-01-03 20:25:45 - [TEST_STEP][PASSED] - Statement - counter = counter + 1: null

2019-01-03 20:25:45 - [TEST_STEP][PASSED] - Statement - PreSaveFile = new java.io.File(((pathPrefix + java.lang.Integer.toString(counter)) + .png)): null

2019-01-03 20:25:45 - [TEST_STEP][PASSED] - Statement - counter = counter + 1: null

2019-01-03 20:25:45 - [TEST_STEP][PASSED] - Statement - PreSaveFile = new java.io.File(((pathPrefix + java.lang.Integer.toString(counter)) + .png)): null

2019-01-03 20:25:45 - [TEST_STEP][PASSED] - Statement - counter = counter + 1: null

2019-01-03 20:25:45 - [TEST_STEP][PASSED] - Statement - PreSaveFile = new java.io.File(((pathPrefix + java.lang.Integer.toString(counter)) + .png)): null

2019-01-03 20:25:45 - [TEST_STEP][PASSED] - Statement - counter = counter + 1: null

2019-01-03 20:25:45 - [TEST_STEP][PASSED] - Statement - PreSaveFile = new java.io.File(((pathPrefix + java.lang.Integer.toString(counter)) + .png)): null

2019-01-03 20:25:45 - [TEST_STEP][PASSED] - Statement - counter = counter + 1: null

2019-01-03 20:25:45 - [TEST_STEP][PASSED] - Statement - PreSaveFile = new java.io.File(((pathPrefix + java.lang.Integer.toString(counter)) + .png)): null

2019-01-03 20:25:45 - [TEST_STEP][PASSED] - Statement - counter = counter + 1: null

2019-01-03 20:25:45 - [TEST_STEP][PASSED] - Statement - PreSaveFile = new java.io.File(((pathPrefix + java.lang.Integer.toString(counter)) + .png)): null

2019-01-03 20:25:45 - [TEST_STEP][PASSED] - Statement - counter = counter + 1: null

2019-01-03 20:25:45 - [TEST_STEP][PASSED] - Statement - PreSaveFile = new java.io.File(((pathPrefix + java.lang.Integer.toString(counter)) + .png)): null

2019-01-03 20:25:45 - [TEST_STEP][PASSED] - Statement - counter = counter + 1: null

2019-01-03 20:25:45 - [TEST_STEP][PASSED] - Statement - PreSaveFile = new java.io.File(((pathPrefix + java.lang.Integer.toString(counter)) + .png)): null

2019-01-03 20:25:45 - [TEST_STEP][PASSED] - Statement - counter = counter + 1: null

2019-01-03 20:25:45 - [TEST_STEP][PASSED] - Statement - PreSaveFile = new java.io.File(((pathPrefix + java.lang.Integer.toString(counter)) + .png)): null

2019-01-03 20:25:45 - [TEST_STEP][PASSED] - Statement - counter = counter + 1: null

2019-01-03 20:25:45 - [TEST_STEP][PASSED] - Statement - PreSaveFile = new java.io.File(((pathPrefix + java.lang.Integer.toString(counter)) + .png)): null

2019-01-03 20:25:45 - [TEST_STEP][PASSED] - Statement - counter = counter + 1: null

2019-01-03 20:25:45 - [TEST_STEP][PASSED] - Statement - PreSaveFile = new java.io.File(((pathPrefix + java.lang.Integer.toString(counter)) + .png)): null

2019-01-03 20:25:45 - [TEST_STEP][PASSED] - Statement - counter = counter + 1: null

2019-01-03 20:25:45 - [TEST_STEP][PASSED] - Statement - PreSaveFile = new java.io.File(((pathPrefix + java.lang.Integer.toString(counter)) + .png)): null

2019-01-03 20:25:45 - [TEST_STEP][PASSED] - Statement - counter = counter + 1: null

2019-01-03 20:25:45 - [TEST_STEP][PASSED] - Statement - PreSaveFile = new java.io.File(((pathPrefix + java.lang.Integer.toString(counter)) + .png)): null

2019-01-03 20:25:45 - [TEST_STEP][PASSED] - Statement - counter = counter + 1: null

2019-01-03 20:25:45 - [TEST_STEP][PASSED] - Statement - PreSaveFile = new java.io.File(((pathPrefix + java.lang.Integer.toString(counter)) + .png)): null

2019-01-03 20:25:45 - [TEST_STEP][PASSED] - Statement - counter = counter + 1: null

2019-01-03 20:25:45 - [TEST_STEP][PASSED] - Statement - PreSaveFile = new java.io.File(((pathPrefix + java.lang.Integer.toString(counter)) + .png)): null

2019-01-03 20:25:45 - [TEST_STEP][PASSED] - Statement - counter = counter + 1: null

2019-01-03 20:25:45 - [TEST_STEP][PASSED] - Statement - PreSaveFile = new java.io.File(((pathPrefix + java.lang.Integer.toString(counter)) + .png)): null

2019-01-03 20:25:45 - [TEST_STEP][PASSED] - Statement - counter = counter + 1: null

2019-01-03 20:25:45 - [TEST_STEP][PASSED] - Statement - PreSaveFile = new java.io.File(((pathPrefix + java.lang.Integer.toString(counter)) + .png)): null

2019-01-03 20:25:45 - [TEST_STEP][PASSED] - Statement - counter = counter + 1: null

2019-01-03 20:25:45 - [TEST_STEP][PASSED] - Statement - PreSaveFile = new java.io.File(((pathPrefix + java.lang.Integer.toString(counter)) + .png)): null

2019-01-03 20:25:45 - [TEST_STEP][PASSED] - Statement - counter = counter + 1: null

2019-01-03 20:25:45 - [TEST_STEP][PASSED] - Statement - PreSaveFile = new java.io.File(((pathPrefix + java.lang.Integer.toString(counter)) + .png)): null

2019-01-03 20:25:45 - [TEST_STEP][PASSED] - Statement - counter = counter + 1: null

2019-01-03 20:25:45 - [TEST_STEP][PASSED] - Statement - PreSaveFile = new java.io.File(((pathPrefix + java.lang.Integer.toString(counter)) + .png)): null

2019-01-03 20:25:45 - [TEST_STEP][PASSED] - Statement - counter = counter + 1: null

2019-01-03 20:25:45 - [TEST_STEP][PASSED] - Statement - PreSaveFile = new java.io.File(((pathPrefix + java.lang.Integer.toString(counter)) + .png)): null

2019-01-03 20:25:45 - [TEST_STEP][PASSED] - Statement - counter = counter + 1: null

2019-01-03 20:25:45 - [TEST_STEP][PASSED] - Statement - PreSaveFile = new java.io.File(((pathPrefix + java.lang.Integer.toString(counter)) + .png)): null

2019-01-03 20:25:45 - [TEST_STEP][PASSED] - Statement - counter = counter + 1: null

2019-01-03 20:25:45 - [TEST_STEP][PASSED] - Statement - PreSaveFile = new java.io.File(((pathPrefix + java.lang.Integer.toString(counter)) + .png)): null

2019-01-03 20:25:45 - [TEST_STEP][PASSED] - Statement - counter = counter + 1: null

2019-01-03 20:25:45 - [TEST_STEP][PASSED] - Statement - PreSaveFile = new java.io.File(((pathPrefix + java.lang.Integer.toString(counter)) + .png)): null

2019-01-03 20:25:45 - [TEST_STEP][PASSED] - Statement - counter = counter + 1: null

2019-01-03 20:25:45 - [TEST_STEP][PASSED] - Statement - PreSaveFile = new java.io.File(((pathPrefix + java.lang.Integer.toString(counter)) + .png)): null

2019-01-03 20:25:45 - [TEST_STEP][PASSED] - Statement - counter = counter + 1: null

2019-01-03 20:25:45 - [TEST_STEP][PASSED] - Statement - PreSaveFile = new java.io.File(((pathPrefix + java.lang.Integer.toString(counter)) + .png)): null

2019-01-03 20:25:45 - [TEST_STEP][PASSED] - Statement - counter = counter + 1: null

2019-01-03 20:25:45 - [TEST_STEP][PASSED] - Statement - PreSaveFile = new java.io.File(((pathPrefix + java.lang.Integer.toString(counter)) + .png)): null

2019-01-03 20:25:45 - [TEST_STEP][PASSED] - Statement - counter = counter + 1: null

2019-01-03 20:25:45 - [TEST_STEP][PASSED] - Statement - PreSaveFile = new java.io.File(((pathPrefix + java.lang.Integer.toString(counter)) + .png)): null

2019-01-03 20:25:45 - [TEST_STEP][PASSED] - Statement - counter = counter + 1: null

2019-01-03 20:25:45 - [TEST_STEP][PASSED] - Statement - PreSaveFile = new java.io.File(((pathPrefix + java.lang.Integer.toString(counter)) + .png)): null

2019-01-03 20:25:45 - [TEST_STEP][PASSED] - Statement - counter = counter + 1: null

2019-01-03 20:25:45 - [TEST_STEP][PASSED] - Statement - PreSaveFile = new java.io.File(((pathPrefix + java.lang.Integer.toString(counter)) + .png)): null

2019-01-03 20:25:45 - [TEST_STEP][PASSED] - Statement - counter = counter + 1: null

2019-01-03 20:25:45 - [TEST_STEP][PASSED] - Statement - PreSaveFile = new java.io.File(((pathPrefix + java.lang.Integer.toString(counter)) + .png)): null

2019-01-03 20:25:45 - [TEST_STEP][PASSED] - Statement - counter = counter + 1: null

2019-01-03 20:25:45 - [TEST_STEP][PASSED] - Statement - PreSaveFile = new java.io.File(((pathPrefix + java.lang.Integer.toString(counter)) + .png)): null

2019-01-03 20:25:45 - [TEST_STEP][PASSED] - Statement - counter = counter + 1: null

2019-01-03 20:25:45 - [TEST_STEP][PASSED] - Statement - PreSaveFile = new java.io.File(((pathPrefix + java.lang.Integer.toString(counter)) + .png)): null

2019-01-03 20:25:45 - [TEST_STEP][PASSED] - Statement - counter = counter + 1: null

2019-01-03 20:25:45 - [TEST_STEP][PASSED] - Statement - PreSaveFile = new java.io.File(((pathPrefix + java.lang.Integer.toString(counter)) + .png)): null

2019-01-03 20:25:45 - [TEST_STEP][PASSED] - Statement - counter = counter + 1: null

2019-01-03 20:25:45 - [TEST_STEP][PASSED] - Statement - PreSaveFile = new java.io.File(((pathPrefix + java.lang.Integer.toString(counter)) + .png)): null

2019-01-03 20:25:45 - [TEST_STEP][PASSED] - Statement - counter = counter + 1: null

2019-01-03 20:25:45 - [TEST_STEP][PASSED] - Statement - PreSaveFile = new java.io.File(((pathPrefix + java.lang.Integer.toString(counter)) + .png)): null

2019-01-03 20:25:45 - [TEST_STEP][PASSED] - Statement - counter = counter + 1: null

2019-01-03 20:25:45 - [TEST_STEP][PASSED] - Statement - PreSaveFile = new java.io.File(((pathPrefix + java.lang.Integer.toString(counter)) + .png)): null

2019-01-03 20:25:45 - [TEST_STEP][PASSED] - Statement - counter = counter + 1: null

2019-01-03 20:25:45 - [TEST_STEP][PASSED] - Statement - PreSaveFile = new java.io.File(((pathPrefix + java.lang.Integer.toString(counter)) + .png)): null

2019-01-03 20:25:45 - [TEST_STEP][PASSED] - Statement - counter = counter + 1: null

2019-01-03 20:25:45 - [TEST_STEP][PASSED] - Statement - PreSaveFile = new java.io.File(((pathPrefix + java.lang.Integer.toString(counter)) + .png)): null

2019-01-03 20:25:45 - [TEST_STEP][PASSED] - Statement - counter = counter + 1: null

2019-01-03 20:25:45 - [TEST_STEP][PASSED] - Statement - PreSaveFile = new java.io.File(((pathPrefix + java.lang.Integer.toString(counter)) + .png)): null

2019-01-03 20:25:45 - [TEST_STEP][PASSED] - Statement - counter = counter + 1: null

2019-01-03 20:25:45 - [TEST_STEP][PASSED] - Statement - PreSaveFile = new java.io.File(((pathPrefix + java.lang.Integer.toString(counter)) + .png)): null

2019-01-03 20:25:45 - [TEST_STEP][PASSED] - Statement - counter = counter + 1: null

2019-01-03 20:25:45 - [TEST_STEP][PASSED] - Statement - PreSaveFile = new java.io.File(((pathPrefix + java.lang.Integer.toString(counter)) + .png)): null

2019-01-03 20:25:45 - [TEST_STEP][PASSED] - Statement - counter = counter + 1: null

2019-01-03 20:25:45 - [TEST_STEP][PASSED] - Statement - PreSaveFile = new java.io.File(((pathPrefix + java.lang.Integer.toString(counter)) + .png)): null

2019-01-03 20:25:45 - [TEST_STEP][PASSED] - Statement - counter = counter + 1: null

2019-01-03 20:25:45 - [TEST_STEP][PASSED] - Statement - PreSaveFile = new java.io.File(((pathPrefix + java.lang.Integer.toString(counter)) + .png)): null

2019-01-03 20:25:45 - [TEST_STEP][PASSED] - Statement - counter = counter + 1: null

2019-01-03 20:25:45 - [TEST_STEP][PASSED] - Statement - PreSaveFile = new java.io.File(((pathPrefix + java.lang.Integer.toString(counter)) + .png)): null

2019-01-03 20:25:45 - [TEST_STEP][PASSED] - Statement - counter = counter + 1: null

2019-01-03 20:25:45 - [TEST_STEP][PASSED] - Statement - PreSaveFile = new java.io.File(((pathPrefix + java.lang.Integer.toString(counter)) + .png)): null

2019-01-03 20:25:45 - [TEST_STEP][PASSED] - Statement - counter = counter + 1: null

2019-01-03 20:25:45 - [TEST_STEP][PASSED] - Statement - PreSaveFile = new java.io.File(((pathPrefix + java.lang.Integer.toString(counter)) + .png)): null

2019-01-03 20:25:45 - [TEST_STEP][PASSED] - Statement - counter = counter + 1: null

2019-01-03 20:25:45 - [TEST_STEP][PASSED] - Statement - PreSaveFile = new java.io.File(((pathPrefix + java.lang.Integer.toString(counter)) + .png)): null

2019-01-03 20:25:45 - [TEST_STEP][PASSED] - Statement - counter = counter + 1: null

2019-01-03 20:25:45 - [TEST_STEP][PASSED] - Statement - PreSaveFile = new java.io.File(((pathPrefix + java.lang.Integer.toString(counter)) + .png)): null

2019-01-03 20:25:45 - [TEST_STEP][PASSED] - Statement - counter = counter + 1: null

2019-01-03 20:25:45 - [TEST_STEP][PASSED] - Statement - PreSaveFile = new java.io.File(((pathPrefix + java.lang.Integer.toString(counter)) + .png)): null

2019-01-03 20:25:45 - [TEST_STEP][PASSED] - Statement - counter = counter + 1: null

2019-01-03 20:25:45 - [TEST_STEP][PASSED] - Statement - PreSaveFile = new java.io.File(((pathPrefix + java.lang.Integer.toString(counter)) + .png)): null

2019-01-03 20:25:45 - [TEST_STEP][PASSED] - Statement - counter = counter + 1: null

2019-01-03 20:25:45 - [TEST_STEP][PASSED] - Statement - PreSaveFile = new java.io.File(((pathPrefix + java.lang.Integer.toString(counter)) + .png)): null

2019-01-03 20:25:45 - [TEST_STEP][PASSED] - Statement - counter = counter + 1: null

2019-01-03 20:25:45 - [TEST_STEP][PASSED] - Statement - PreSaveFile = new java.io.File(((pathPrefix + java.lang.Integer.toString(counter)) + .png)): null

2019-01-03 20:25:45 - [TEST_STEP][PASSED] - Statement - counter = counter + 1: null

2019-01-03 20:25:45 - [TEST_STEP][PASSED] - Statement - PreSaveFile = new java.io.File(((pathPrefix + java.lang.Integer.toString(counter)) + .png)): null

2019-01-03 20:25:45 - [TEST_STEP][PASSED] - Statement - counter = counter + 1: null

2019-01-03 20:25:45 - [TEST_STEP][PASSED] - Statement - PreSaveFile = new java.io.File(((pathPrefix + java.lang.Integer.toString(counter)) + .png)): null

2019-01-03 20:25:45 - [TEST_STEP][PASSED] - Statement - counter = counter + 1: null

2019-01-03 20:25:45 - [TEST_STEP][PASSED] - Statement - PreSaveFile = new java.io.File(((pathPrefix + java.lang.Integer.toString(counter)) + .png)): null

2019-01-03 20:25:45 - [TEST_STEP][PASSED] - Statement - counter = counter + 1: null

2019-01-03 20:25:45 - [TEST_STEP][PASSED] - Statement - PreSaveFile = new java.io.File(((pathPrefix + java.lang.Integer.toString(counter)) + .png)): null

2019-01-03 20:25:45 - [TEST_STEP][PASSED] - Statement - counter = counter + 1: null

2019-01-03 20:25:45 - [TEST_STEP][PASSED] - Statement - PreSaveFile = new java.io.File(((pathPrefix + java.lang.Integer.toString(counter)) + .png)): null

2019-01-03 20:25:45 - [TEST_STEP][PASSED] - Statement - counter = counter + 1: null

2019-01-03 20:25:45 - [TEST_STEP][PASSED] - Statement - PreSaveFile = new java.io.File(((pathPrefix + java.lang.Integer.toString(counter)) + .png)): null

2019-01-03 20:25:45 - [TEST_STEP][PASSED] - Statement - counter = counter + 1: null

2019-01-03 20:25:45 - [TEST_STEP][PASSED] - Statement - PreSaveFile = new java.io.File(((pathPrefix + java.lang.Integer.toString(counter)) + .png)): null

2019-01-03 20:25:45 - [TEST_STEP][PASSED] - Statement - counter = counter + 1: null

2019-01-03 20:25:45 - [TEST_STEP][PASSED] - Statement - PreSaveFile = new java.io.File(((pathPrefix + java.lang.Integer.toString(counter)) + .png)): null

2019-01-03 20:25:45 - [TEST_STEP][PASSED] - Statement - counter = counter + 1: null

2019-01-03 20:25:45 - [TEST_STEP][PASSED] - Statement - PreSaveFile = new java.io.File(((pathPrefix + java.lang.Integer.toString(counter)) + .png)): null

2019-01-03 20:25:45 - [TEST_STEP][PASSED] - Statement - counter = counter + 1: null

2019-01-03 20:25:45 - [TEST_STEP][PASSED] - Statement - PreSaveFile = new java.io.File(((pathPrefix + java.lang.Integer.toString(counter)) + .png)): null

2019-01-03 20:25:45 - [TEST_STEP][PASSED] - Statement - counter = counter + 1: null

2019-01-03 20:25:45 - [TEST_STEP][PASSED] - Statement - PreSaveFile = new java.io.File(((pathPrefix + java.lang.Integer.toString(counter)) + .png)): null

2019-01-03 20:25:45 - [TEST_STEP][PASSED] - Statement - counter = counter + 1: null

2019-01-03 20:25:45 - [TEST_STEP][PASSED] - Statement - PreSaveFile = new java.io.File(((pathPrefix + java.lang.Integer.toString(counter)) + .png)): null

2019-01-03 20:25:45 - [TEST_STEP][PASSED] - Statement - counter = counter + 1: null

2019-01-03 20:25:45 - [TEST_STEP][PASSED] - Statement - PreSaveFile = new java.io.File(((pathPrefix + java.lang.Integer.toString(counter)) + .png)): null

2019-01-03 20:25:45 - [TEST_STEP][PASSED] - Statement - counter = counter + 1: null

2019-01-03 20:25:45 - [TEST_STEP][PASSED] - Statement - PreSaveFile = new java.io.File(((pathPrefix + java.lang.Integer.toString(counter)) + .png)): null

2019-01-03 20:25:45 - [TEST_STEP][PASSED] - Statement - counter = counter + 1: null

2019-01-03 20:25:45 - [TEST_STEP][PASSED] - Statement - PreSaveFile = new java.io.File(((pathPrefix + java.lang.Integer.toString(counter)) + .png)): null

2019-01-03 20:25:45 - [TEST_STEP][PASSED] - Statement - counter = counter + 1: null

2019-01-03 20:25:45 - [TEST_STEP][PASSED] - Statement - PreSaveFile = new java.io.File(((pathPrefix + java.lang.Integer.toString(counter)) + .png)): null

2019-01-03 20:25:45 - [TEST_STEP][PASSED] - Statement - counter = counter + 1: null

2019-01-03 20:25:45 - [TEST_STEP][PASSED] - Statement - PreSaveFile = new java.io.File(((pathPrefix + java.lang.Integer.toString(counter)) + .png)): null

2019-01-03 20:25:45 - [TEST_STEP][PASSED] - Statement - counter = counter + 1: null

2019-01-03 20:25:45 - [TEST_STEP][PASSED] - Statement - PreSaveFile = new java.io.File(((pathPrefix + java.lang.Integer.toString(counter)) + .png)): null

2019-01-03 20:25:45 - [TEST_STEP][PASSED] - Statement - counter = counter + 1: null

2019-01-03 20:25:45 - [TEST_STEP][PASSED] - Statement - PreSaveFile = new java.io.File(((pathPrefix + java.lang.Integer.toString(counter)) + .png)): null

2019-01-03 20:25:45 - [TEST_STEP][PASSED] - Statement - counter = counter + 1: null

2019-01-03 20:25:45 - [TEST_STEP][PASSED] - Statement - PreSaveFile = new java.io.File(((pathPrefix + java.lang.Integer.toString(counter)) + .png)): null

2019-01-03 20:25:45 - [TEST_STEP][PASSED] - Statement - counter = counter + 1: null

2019-01-03 20:25:45 - [TEST_STEP][PASSED] - Statement - PreSaveFile = new java.io.File(((pathPrefix + java.lang.Integer.toString(counter)) + .png)): null

2019-01-03 20:25:45 - [TEST_STEP][PASSED] - Statement - counter = counter + 1: null

2019-01-03 20:25:45 - [TEST_STEP][PASSED] - Statement - PreSaveFile = new java.io.File(((pathPrefix + java.lang.Integer.toString(counter)) + .png)): null

2019-01-03 20:25:45 - [TEST_STEP][PASSED] - Statement - counter = counter + 1: null

2019-01-03 20:25:45 - [TEST_STEP][PASSED] - Statement - PreSaveFile = new java.io.File(((pathPrefix + java.lang.Integer.toString(counter)) + .png)): null

2019-01-03 20:25:45 - [TEST_STEP][PASSED] - Statement - counter = counter + 1: null

2019-01-03 20:25:45 - [TEST_STEP][PASSED] - Statement - PreSaveFile = new java.io.File(((pathPrefix + java.lang.Integer.toString(counter)) + .png)): null

2019-01-03 20:25:45 - [TEST_STEP][PASSED] - Statement - counter = counter + 1: null

2019-01-03 20:25:45 - [TEST_STEP][PASSED] - Statement - PreSaveFile = new java.io.File(((pathPrefix + java.lang.Integer.toString(counter)) + .png)): null

2019-01-03 20:25:45 - [TEST_STEP][PASSED] - Statement - counter = counter + 1: null

2019-01-03 20:25:45 - [TEST_STEP][PASSED] - Statement - PreSaveFile = new java.io.File(((pathPrefix + java.lang.Integer.toString(counter)) + .png)): null

2019-01-03 20:25:45 - [TEST_STEP][PASSED] - Statement - counter = counter + 1: null

2019-01-03 20:25:45 - [TEST_STEP][PASSED] - Statement - PreSaveFile = new java.io.File(((pathPrefix + java.lang.Integer.toString(counter)) + .png)): null

2019-01-03 20:25:45 - [TEST_STEP][PASSED] - Statement - counter = counter + 1: null

2019-01-03 20:25:45 - [TEST_STEP][PASSED] - Statement - PreSaveFile = new java.io.File(((pathPrefix + java.lang.Integer.toString(counter)) + .png)): null

2019-01-03 20:25:45 - [TEST_STEP][PASSED] - Statement - counter = counter + 1: null

2019-01-03 20:25:45 - [TEST_STEP][PASSED] - Statement - PreSaveFile = new java.io.File(((pathPrefix + java.lang.Integer.toString(counter)) + .png)): null

2019-01-03 20:25:45 - [TEST_STEP][PASSED] - Statement - counter = counter + 1: null

2019-01-03 20:25:45 - [TEST_STEP][PASSED] - Statement - PreSaveFile = new java.io.File(((pathPrefix + java.lang.Integer.toString(counter)) + .png)): null

2019-01-03 20:25:45 - [TEST_STEP][PASSED] - Statement - counter = counter + 1: null

2019-01-03 20:25:45 - [TEST_STEP][PASSED] - Statement - PreSaveFile = new java.io.File(((pathPrefix + java.lang.Integer.toString(counter)) + .png)): null

2019-01-03 20:25:45 - [TEST_STEP][PASSED] - Statement - counter = counter + 1: null

2019-01-03 20:25:45 - [TEST_STEP][PASSED] - Statement - PreSaveFile = new java.io.File(((pathPrefix + java.lang.Integer.toString(counter)) + .png)): null

2019-01-03 20:25:45 - [TEST_STEP][PASSED] - Statement - counter = counter + 1: null

2019-01-03 20:25:45 - [TEST_STEP][PASSED] - Statement - PreSaveFile = new java.io.File(((pathPrefix + java.lang.Integer.toString(counter)) + .png)): null

2019-01-03 20:25:45 - [TEST_STEP][PASSED] - Statement - counter = counter + 1: null

2019-01-03 20:25:45 - [TEST_STEP][PASSED] - Statement - PreSaveFile = new java.io.File(((pathPrefix + java.lang.Integer.toString(counter)) + .png)): null

2019-01-03 20:25:45 - [TEST_STEP][PASSED] - Statement - counter = counter + 1: null

2019-01-03 20:25:45 - [TEST_STEP][PASSED] - Statement - PreSaveFile = new java.io.File(((pathPrefix + java.lang.Integer.toString(counter)) + .png)): null

2019-01-03 20:25:45 - [TEST_STEP][PASSED] - Statement - counter = counter + 1: null

2019-01-03 20:25:45 - [TEST_STEP][PASSED] - Statement - PreSaveFile = new java.io.File(((pathPrefix + java.lang.Integer.toString(counter)) + .png)): null

2019-01-03 20:25:45 - [TEST_STEP][PASSED] - Statement - counter = counter + 1: null

2019-01-03 20:25:45 - [TEST_STEP][PASSED] - Statement - PreSaveFile = new java.io.File(((pathPrefix + java.lang.Integer.toString(counter)) + .png)): null

2019-01-03 20:25:45 - [TEST_STEP][PASSED] - Statement - counter = counter + 1: null

2019-01-03 20:25:45 - [TEST_STEP][PASSED] - Statement - PreSaveFile = new java.io.File(((pathPrefix + java.lang.Integer.toString(counter)) + .png)): null

2019-01-03 20:25:45 - [TEST_STEP][PASSED] - Statement - counter = counter + 1: null

2019-01-03 20:25:45 - [TEST_STEP][PASSED] - Statement - PreSaveFile = new java.io.File(((pathPrefix + java.lang.Integer.toString(counter)) + .png)): null

2019-01-03 20:25:45 - [TEST_STEP][PASSED] - Statement - counter = counter + 1: null

2019-01-03 20:25:45 - [TEST_STEP][PASSED] - Statement - PreSaveFile = new java.io.File(((pathPrefix + java.lang.Integer.toString(counter)) + .png)): null

2019-01-03 20:25:45 - [TEST_STEP][PASSED] - Statement - counter = counter + 1: null

2019-01-03 20:25:45 - [TEST_STEP][PASSED] - Statement - PreSaveFile = new java.io.File(((pathPrefix + java.lang.Integer.toString(counter)) + .png)): null

2019-01-03 20:25:45 - [TEST_STEP][PASSED] - Statement - counter = counter + 1: null

2019-01-03 20:25:45 - [TEST_STEP][PASSED] - Statement - PreSaveFile = new java.io.File(((pathPrefix + java.lang.Integer.toString(counter)) + .png)): null

2019-01-03 20:25:45 - [TEST_STEP][PASSED] - Statement - counter = counter + 1: null

2019-01-03 20:25:45 - [TEST_STEP][PASSED] - Statement - PreSaveFile = new java.io.File(((pathPrefix + java.lang.Integer.toString(counter)) + .png)): null

2019-01-03 20:25:45 - [TEST_STEP][PASSED] - Statement - counter = counter + 1: null

2019-01-03 20:25:45 - [TEST_STEP][PASSED] - Statement - PreSaveFile = new java.io.File(((pathPrefix + java.lang.Integer.toString(counter)) + .png)): null

2019-01-03 20:25:45 - [TEST_STEP][PASSED] - Statement - counter = counter + 1: null

2019-01-03 20:25:45 - [TEST_STEP][PASSED] - Statement - PreSaveFile = new java.io.File(((pathPrefix + java.lang.Integer.toString(counter)) + .png)): null

2019-01-03 20:25:45 - [TEST_STEP][PASSED] - Statement - counter = counter + 1: null

2019-01-03 20:25:45 - [TEST_STEP][PASSED] - Statement - PreSaveFile = new java.io.File(((pathPrefix + java.lang.Integer.toString(counter)) + .png)): null

2019-01-03 20:25:45 - [TEST_STEP][PASSED] - Statement - counter = counter + 1: null

2019-01-03 20:25:45 - [TEST_STEP][PASSED] - Statement - PreSaveFile = new java.io.File(((pathPrefix + java.lang.Integer.toString(counter)) + .png)): null

2019-01-03 20:25:45 - [TEST_STEP][PASSED] - Statement - counter = counter + 1: null

2019-01-03 20:25:45 - [TEST_STEP][PASSED] - Statement - PreSaveFile = new java.io.File(((pathPrefix + java.lang.Integer.toString(counter)) + .png)): null

2019-01-03 20:25:45 - [TEST_STEP][PASSED] - Statement - counter = counter + 1: null

2019-01-03 20:25:45 - [TEST_STEP][PASSED] - Statement - PreSaveFile = new java.io.File(((pathPrefix + java.lang.Integer.toString(counter)) + .png)): null

2019-01-03 20:25:45 - [TEST_STEP][PASSED] - Statement - counter = counter + 1: null

2019-01-03 20:25:45 - [TEST_STEP][PASSED] - Statement - PreSaveFile = new java.io.File(((pathPrefix + java.lang.Integer.toString(counter)) + .png)): null

2019-01-03 20:25:45 - [TEST_STEP][PASSED] - Statement - counter = counter + 1: null

2019-01-03 20:25:45 - [TEST_STEP][PASSED] - Statement - PreSaveFile = new java.io.File(((pathPrefix + java.lang.Integer.toString(counter)) + .png)): null

2019-01-03 20:25:45 - [TEST_STEP][PASSED] - Statement - counter = counter + 1: null

2019-01-03 20:25:45 - [TEST_STEP][PASSED] - Statement - PreSaveFile = new java.io.File(((pathPrefix + java.lang.Integer.toString(counter)) + .png)): null

2019-01-03 20:25:45 - [TEST_STEP][PASSED] - Statement - counter = counter + 1: null

2019-01-03 20:25:45 - [TEST_STEP][PASSED] - Statement - PreSaveFile = new java.io.File(((pathPrefix + java.lang.Integer.toString(counter)) + .png)): null

2019-01-03 20:25:45 - [TEST_STEP][PASSED] - Statement - counter = counter + 1: null

2019-01-03 20:25:45 - [TEST_STEP][PASSED] - Statement - PreSaveFile = new java.io.File(((pathPrefix + java.lang.Integer.toString(counter)) + .png)): null

2019-01-03 20:25:45 - [TEST_STEP][PASSED] - Statement - counter = counter + 1: null

2019-01-03 20:25:45 - [TEST_STEP][PASSED] - Statement - PreSaveFile = new java.io.File(((pathPrefix + java.lang.Integer.toString(counter)) + .png)): null

2019-01-03 20:25:45 - [TEST_STEP][PASSED] - Statement - counter = counter + 1: null

2019-01-03 20:25:45 - [TEST_STEP][PASSED] - Statement - PreSaveFile = new java.io.File(((pathPrefix + java.lang.Integer.toString(counter)) + .png)): null

2019-01-03 20:25:45 - [TEST_STEP][PASSED] - Statement - counter = counter + 1: null

2019-01-03 20:25:45 - [TEST_STEP][PASSED] - Statement - PreSaveFile = new java.io.File(((pathPrefix + java.lang.Integer.toString(counter)) + .png)): null

2019-01-03 20:25:45 - [TEST_STEP][PASSED] - Statement - counter = counter + 1: null

2019-01-03 20:25:45 - [TEST_STEP][PASSED] - Statement - PreSaveFile = new java.io.File(((pathPrefix + java.lang.Integer.toString(counter)) + .png)): null

2019-01-03 20:25:45 - [TEST_STEP][PASSED] - Statement - counter = counter + 1: null

2019-01-03 20:25:45 - [TEST_STEP][PASSED] - Statement - PreSaveFile = new java.io.File(((pathPrefix + java.lang.Integer.toString(counter)) + .png)): null

2019-01-03 20:25:45 - [TEST_STEP][PASSED] - Statement - counter = counter + 1: null

2019-01-03 20:25:45 - [TEST_STEP][PASSED] - Statement - PreSaveFile = new java.io.File(((pathPrefix + java.lang.Integer.toString(counter)) + .png)): null

2019-01-03 20:25:45 - [TEST_STEP][PASSED] - Statement - counter = counter + 1: null

2019-01-03 20:25:45 - [TEST_STEP][PASSED] - Statement - PreSaveFile = new java.io.File(((pathPrefix + java.lang.Integer.toString(counter)) + .png)): null

2019-01-03 20:25:45 - [TEST_STEP][PASSED] - Statement - counter = counter + 1: null

2019-01-03 20:25:45 - [TEST_STEP][PASSED] - Statement - PreSaveFile = new java.io.File(((pathPrefix + java.lang.Integer.toString(counter)) + .png)): null

2019-01-03 20:25:45 - [TEST_STEP][PASSED] - Statement - counter = counter + 1: null

2019-01-03 20:25:45 - [TEST_STEP][PASSED] - Statement - PreSaveFile = new java.io.File(((pathPrefix + java.lang.Integer.toString(counter)) + .png)): null

2019-01-03 20:25:45 - [TEST_STEP][PASSED] - Statement - counter = counter + 1: null

2019-01-03 20:25:45 - [TEST_STEP][PASSED] - Statement - PreSaveFile = new java.io.File(((pathPrefix + java.lang.Integer.toString(counter)) + .png)): null

2019-01-03 20:25:45 - [TEST_STEP][PASSED] - Statement - counter = counter + 1: null

2019-01-03 20:25:45 - [TEST_STEP][PASSED] - Statement - PreSaveFile = new java.io.File(((pathPrefix + java.lang.Integer.toString(counter)) + .png)): null

2019-01-03 20:25:45 - [TEST_STEP][PASSED] - Statement - counter = counter + 1: null

2019-01-03 20:25:45 - [TEST_STEP][PASSED] - Statement - PreSaveFile = new java.io.File(((pathPrefix + java.lang.Integer.toString(counter)) + .png)): null

2019-01-03 20:25:45 - [TEST_STEP][PASSED] - Statement - counter = counter + 1: null

2019-01-03 20:25:45 - [TEST_STEP][PASSED] - Statement - PreSaveFile = new java.io.File(((pathPrefix + java.lang.Integer.toString(counter)) + .png)): null

2019-01-03 20:25:45 - [TEST_STEP][PASSED] - Statement - counter = counter + 1: null

2019-01-03 20:25:45 - [TEST_STEP][PASSED] - Statement - PreSaveFile = new java.io.File(((pathPrefix + java.lang.Integer.toString(counter)) + .png)): null

2019-01-03 20:25:45 - [TEST_STEP][PASSED] - Statement - counter = counter + 1: null

2019-01-03 20:25:45 - [TEST_STEP][PASSED] - Statement - PreSaveFile = new java.io.File(((pathPrefix + java.lang.Integer.toString(counter)) + .png)): null

2019-01-03 20:25:45 - [TEST_STEP][PASSED] - Statement - counter = counter + 1: null

2019-01-03 20:25:45 - [TEST_STEP][PASSED] - Statement - PreSaveFile = new java.io.File(((pathPrefix + java.lang.Integer.toString(counter)) + .png)): null

2019-01-03 20:25:45 - [TEST_STEP][PASSED] - Statement - counter = counter + 1: null

2019-01-03 20:25:45 - [TEST_STEP][PASSED] - Statement - PreSaveFile = new java.io.File(((pathPrefix + java.lang.Integer.toString(counter)) + .png)): null

2019-01-03 20:25:45 - [TEST_STEP][PASSED] - Statement - counter = counter + 1: null

2019-01-03 20:25:45 - [TEST_STEP][PASSED] - Statement - PreSaveFile = new java.io.File(((pathPrefix + java.lang.Integer.toString(counter)) + .png)): null

2019-01-03 20:25:45 - [TEST_STEP][PASSED] - Statement - counter = counter + 1: null

2019-01-03 20:25:45 - [TEST_STEP][PASSED] - Statement - PreSaveFile = new java.io.File(((pathPrefix + java.lang.Integer.toString(counter)) + .png)): null

2019-01-03 20:25:45 - [TEST_STEP][PASSED] - Statement - counter = counter + 1: null

2019-01-03 20:25:45 - [TEST_STEP][PASSED] - Statement - PreSaveFile = new java.io.File(((pathPrefix + java.lang.Integer.toString(counter)) + .png)): null

2019-01-03 20:25:45 - [TEST_STEP][PASSED] - Statement - counter = counter + 1: null

2019-01-03 20:25:45 - [TEST_STEP][PASSED] - Statement - PreSaveFile = new java.io.File(((pathPrefix + java.lang.Integer.toString(counter)) + .png)): null

2019-01-03 20:25:45 - [TEST_STEP][PASSED] - Statement - counter = counter + 1: null

2019-01-03 20:25:45 - [TEST_STEP][PASSED] - Statement - PreSaveFile = new java.io.File(((pathPrefix + java.lang.Integer.toString(counter)) + .png)): null

2019-01-03 20:25:45 - [TEST_STEP][PASSED] - Statement - counter = counter + 1: null

2019-01-03 20:25:45 - [TEST_STEP][PASSED] - Statement - PreSaveFile = new java.io.File(((pathPrefix + java.lang.Integer.toString(counter)) + .png)): null

2019-01-03 20:25:45 - [TEST_STEP][PASSED] - Statement - counter = counter + 1: null

2019-01-03 20:25:45 - [TEST_STEP][PASSED] - Statement - PreSaveFile = new java.io.File(((pathPrefix + java.lang.Integer.toString(counter)) + .png)): null

2019-01-03 20:25:45 - [TEST_STEP][PASSED] - Statement - counter = counter + 1: null

2019-01-03 20:25:46 - [TEST_STEP][PASSED] - Statement - PreSaveFile = new java.io.File(((pathPrefix + java.lang.Integer.toString(counter)) + .png)): null

2019-01-03 20:25:46 - [TEST_STEP][PASSED] - Statement - counter = counter + 1: null

2019-01-03 20:25:46 - [TEST_STEP][PASSED] - Statement - PreSaveFile = new java.io.File(((pathPrefix + java.lang.Integer.toString(counter)) + .png)): null

2019-01-03 20:25:46 - [TEST_STEP][PASSED] - Statement - counter = counter + 1: null

2019-01-03 20:25:46 - [TEST_STEP][PASSED] - Statement - PreSaveFile = new java.io.File(((pathPrefix + java.lang.Integer.toString(counter)) + .png)): null

2019-01-03 20:25:46 - [TEST_STEP][PASSED] - Statement - counter = counter + 1: null

2019-01-03 20:25:46 - [TEST_STEP][PASSED] - Statement - PreSaveFile = new java.io.File(((pathPrefix + java.lang.Integer.toString(counter)) + .png)): null

2019-01-03 20:25:46 - [TEST_STEP][PASSED] - Statement - counter = counter + 1: null

2019-01-03 20:25:46 - [TEST_STEP][PASSED] - Statement - PreSaveFile = new java.io.File(((pathPrefix + java.lang.Integer.toString(counter)) + .png)): null

2019-01-03 20:25:46 - [TEST_STEP][PASSED] - Statement - counter = counter + 1: null

2019-01-03 20:25:46 - [TEST_STEP][PASSED] - Statement - PreSaveFile = new java.io.File(((pathPrefix + java.lang.Integer.toString(counter)) + .png)): null

2019-01-03 20:25:46 - [TEST_STEP][PASSED] - Statement - counter = counter + 1: null

2019-01-03 20:25:46 - [TEST_STEP][PASSED] - Statement - PreSaveFile = new java.io.File(((pathPrefix + java.lang.Integer.toString(counter)) + .png)): null

2019-01-03 20:25:46 - [TEST_STEP][PASSED] - Statement - counter = counter + 1: null

2019-01-03 20:25:46 - [TEST_STEP][PASSED] - Statement - PreSaveFile = new java.io.File(((pathPrefix + java.lang.Integer.toString(counter)) + .png)): null

2019-01-03 20:25:46 - [TEST_STEP][PASSED] - Statement - counter = counter + 1: null

2019-01-03 20:25:46 - [TEST_STEP][PASSED] - Statement - PreSaveFile = new java.io.File(((pathPrefix + java.lang.Integer.toString(counter)) + .png)): null

2019-01-03 20:25:46 - [TEST_STEP][PASSED] - Statement - counter = counter + 1: null

2019-01-03 20:25:46 - [TEST_STEP][PASSED] - Statement - PreSaveFile = new java.io.File(((pathPrefix + java.lang.Integer.toString(counter)) + .png)): null

2019-01-03 20:25:46 - [TEST_STEP][PASSED] - Statement - counter = counter + 1: null

2019-01-03 20:25:46 - [TEST_STEP][PASSED] - Statement - PreSaveFile = new java.io.File(((pathPrefix + java.lang.Integer.toString(counter)) + .png)): null

2019-01-03 20:25:46 - [TEST_STEP][PASSED] - Statement - counter = counter + 1: null

2019-01-03 20:25:46 - [TEST_STEP][PASSED] - Statement - PreSaveFile = new java.io.File(((pathPrefix + java.lang.Integer.toString(counter)) + .png)): null

2019-01-03 20:25:46 - [TEST_STEP][PASSED] - Statement - counter = counter + 1: null

2019-01-03 20:25:46 - [TEST_STEP][PASSED] - Statement - PreSaveFile = new java.io.File(((pathPrefix + java.lang.Integer.toString(counter)) + .png)): null

2019-01-03 20:25:46 - [TEST_STEP][PASSED] - Statement - counter = counter + 1: null

2019-01-03 20:25:46 - [TEST_STEP][PASSED] - Statement - PreSaveFile = new java.io.File(((pathPrefix + java.lang.Integer.toString(counter)) + .png)): null

2019-01-03 20:25:46 - [TEST_STEP][PASSED] - Statement - counter = counter + 1: null

2019-01-03 20:25:46 - [TEST_STEP][PASSED] - Statement - PreSaveFile = new java.io.File(((pathPrefix + java.lang.Integer.toString(counter)) + .png)): null

2019-01-03 20:25:46 - [TEST_STEP][PASSED] - Statement - counter = counter + 1: null

2019-01-03 20:25:46 - [TEST_STEP][PASSED] - Statement - PreSaveFile = new java.io.File(((pathPrefix + java.lang.Integer.toString(counter)) + .png)): null

2019-01-03 20:25:46 - [TEST_STEP][PASSED] - Statement - counter = counter + 1: null

2019-01-03 20:25:46 - [TEST_STEP][PASSED] - Statement - PreSaveFile = new java.io.File(((pathPrefix + java.lang.Integer.toString(counter)) + .png)): null

2019-01-03 20:25:46 - [TEST_STEP][PASSED] - Statement - counter = counter + 1: null

2019-01-03 20:25:46 - [TEST_STEP][PASSED] - Statement - PreSaveFile = new java.io.File(((pathPrefix + java.lang.Integer.toString(counter)) + .png)): null

2019-01-03 20:25:46 - [TEST_STEP][PASSED] - Statement - counter = counter + 1: null

2019-01-03 20:25:46 - [TEST_STEP][PASSED] - Statement - PreSaveFile = new java.io.File(((pathPrefix + java.lang.Integer.toString(counter)) + .png)): null

2019-01-03 20:25:46 - [TEST_STEP][PASSED] - Statement - counter = counter + 1: null

2019-01-03 20:25:46 - [TEST_STEP][PASSED] - Statement - PreSaveFile = new java.io.File(((pathPrefix + java.lang.Integer.toString(counter)) + .png)): null

2019-01-03 20:25:46 - [TEST_STEP][PASSED] - Statement - counter = counter + 1: null

2019-01-03 20:25:46 - [TEST_STEP][PASSED] - Statement - PreSaveFile = new java.io.File(((pathPrefix + java.lang.Integer.toString(counter)) + .png)): null

2019-01-03 20:25:46 - [TEST_STEP][PASSED] - Statement - counter = counter + 1: null

2019-01-03 20:25:46 - [TEST_STEP][PASSED] - Statement - PreSaveFile = new java.io.File(((pathPrefix + java.lang.Integer.toString(counter)) + .png)): null

2019-01-03 20:25:46 - [TEST_STEP][PASSED] - Statement - counter = counter + 1: null

2019-01-03 20:25:46 - [TEST_STEP][PASSED] - Statement - PreSaveFile = new java.io.File(((pathPrefix + java.lang.Integer.toString(counter)) + .png)): null

2019-01-03 20:25:46 - [TEST_STEP][PASSED] - Statement - counter = counter + 1: null

2019-01-03 20:25:46 - [TEST_STEP][PASSED] - Statement - PreSaveFile = new java.io.File(((pathPrefix + java.lang.Integer.toString(counter)) + .png)): null

2019-01-03 20:25:46 - [TEST_STEP][PASSED] - Statement - counter = counter + 1: null

2019-01-03 20:25:46 - [TEST_STEP][PASSED] - Statement - PreSaveFile = new java.io.File(((pathPrefix + java.lang.Integer.toString(counter)) + .png)): null

2019-01-03 20:25:46 - [TEST_STEP][PASSED] - Statement - counter = counter + 1: null

2019-01-03 20:25:46 - [TEST_STEP][PASSED] - Statement - PreSaveFile = new java.io.File(((pathPrefix + java.lang.Integer.toString(counter)) + .png)): null

2019-01-03 20:25:46 - [TEST_STEP][PASSED] - Statement - counter = counter + 1: null

2019-01-03 20:25:46 - [TEST_STEP][PASSED] - Statement - PreSaveFile = new java.io.File(((pathPrefix + java.lang.Integer.toString(counter)) + .png)): null

2019-01-03 20:25:46 - [TEST_STEP][PASSED] - Statement - counter = counter + 1: null

2019-01-03 20:25:46 - [TEST_STEP][PASSED] - Statement - PreSaveFile = new java.io.File(((pathPrefix + java.lang.Integer.toString(counter)) + .png)): null

2019-01-03 20:25:46 - [TEST_STEP][PASSED] - Statement - counter = counter + 1: null

2019-01-03 20:25:46 - [TEST_STEP][PASSED] - Statement - PreSaveFile = new java.io.File(((pathPrefix + java.lang.Integer.toString(counter)) + .png)): null

2019-01-03 20:25:46 - [TEST_STEP][PASSED] - Statement - counter = counter + 1: null

2019-01-03 20:25:46 - [TEST_STEP][PASSED] - Statement - PreSaveFile = new java.io.File(((pathPrefix + java.lang.Integer.toString(counter)) + .png)): null

2019-01-03 20:25:46 - [TEST_STEP][PASSED] - Statement - counter = counter + 1: null

2019-01-03 20:25:46 - [TEST_STEP][PASSED] - Statement - PreSaveFile = new java.io.File(((pathPrefix + java.lang.Integer.toString(counter)) + .png)): null

2019-01-03 20:25:46 - [TEST_STEP][PASSED] - Statement - counter = counter + 1: null

2019-01-03 20:25:46 - [TEST_STEP][PASSED] - Statement - PreSaveFile = new java.io.File(((pathPrefix + java.lang.Integer.toString(counter)) + .png)): null

2019-01-03 20:25:46 - [TEST_STEP][PASSED] - Statement - counter = counter + 1: null

2019-01-03 20:25:46 - [TEST_STEP][PASSED] - Statement - PreSaveFile = new java.io.File(((pathPrefix + java.lang.Integer.toString(counter)) + .png)): null

2019-01-03 20:25:46 - [TEST_STEP][PASSED] - Statement - counter = counter + 1: null

2019-01-03 20:25:46 - [TEST_STEP][PASSED] - Statement - PreSaveFile = new java.io.File(((pathPrefix + java.lang.Integer.toString(counter)) + .png)): null

2019-01-03 20:25:46 - [TEST_STEP][PASSED] - Statement - counter = counter + 1: null

2019-01-03 20:25:46 - [TEST_STEP][PASSED] - Statement - PreSaveFile = new java.io.File(((pathPrefix + java.lang.Integer.toString(counter)) + .png)): null

2019-01-03 20:25:46 - [TEST_STEP][PASSED] - Statement - counter = counter + 1: null

2019-01-03 20:25:46 - [TEST_STEP][PASSED] - Statement - PreSaveFile = new java.io.File(((pathPrefix + java.lang.Integer.toString(counter)) + .png)): null

2019-01-03 20:25:46 - [TEST_STEP][PASSED] - Statement - counter = counter + 1: null

2019-01-03 20:25:46 - [TEST_STEP][PASSED] - Statement - PreSaveFile = new java.io.File(((pathPrefix + java.lang.Integer.toString(counter)) + .png)): null

2019-01-03 20:25:46 - [TEST_STEP][PASSED] - Statement - counter = counter + 1: null

2019-01-03 20:25:46 - [TEST_STEP][PASSED] - Statement - PreSaveFile = new java.io.File(((pathPrefix + java.lang.Integer.toString(counter)) + .png)): null

2019-01-03 20:25:46 - [TEST_STEP][PASSED] - Statement - counter = counter + 1: null

2019-01-03 20:25:46 - [TEST_STEP][PASSED] - Statement - PreSaveFile = new java.io.File(((pathPrefix + java.lang.Integer.toString(counter)) + .png)): null

2019-01-03 20:25:46 - [TEST_STEP][PASSED] - Statement - counter = counter + 1: null

2019-01-03 20:25:46 - [TEST_STEP][PASSED] - Statement - PreSaveFile = new java.io.File(((pathPrefix + java.lang.Integer.toString(counter)) + .png)): null

2019-01-03 20:25:46 - [TEST_STEP][PASSED] - Statement - counter = counter + 1: null

2019-01-03 20:25:46 - [TEST_STEP][PASSED] - Statement - PreSaveFile = new java.io.File(((pathPrefix + java.lang.Integer.toString(counter)) + .png)): null

2019-01-03 20:25:46 - [TEST_STEP][PASSED] - Statement - counter = counter + 1: null

2019-01-03 20:25:46 - [TEST_STEP][PASSED] - Statement - PreSaveFile = new java.io.File(((pathPrefix + java.lang.Integer.toString(counter)) + .png)): null

2019-01-03 20:25:46 - [TEST_STEP][PASSED] - Statement - counter = counter + 1: null

2019-01-03 20:25:46 - [TEST_STEP][PASSED] - Statement - PreSaveFile = new java.io.File(((pathPrefix + java.lang.Integer.toString(counter)) + .png)): null

2019-01-03 20:25:46 - [TEST_STEP][PASSED] - Statement - counter = counter + 1: null

2019-01-03 20:25:46 - [TEST_STEP][PASSED] - Statement - PreSaveFile = new java.io.File(((pathPrefix + java.lang.Integer.toString(counter)) + .png)): null

2019-01-03 20:25:46 - [TEST_STEP][PASSED] - Statement - counter = counter + 1: null

2019-01-03 20:25:46 - [TEST_STEP][PASSED] - Statement - PreSaveFile = new java.io.File(((pathPrefix + java.lang.Integer.toString(counter)) + .png)): null

2019-01-03 20:25:46 - [TEST_STEP][PASSED] - Statement - counter = counter + 1: null

2019-01-03 20:25:46 - [TEST_STEP][PASSED] - Statement - PreSaveFile = new java.io.File(((pathPrefix + java.lang.Integer.toString(counter)) + .png)): null

2019-01-03 20:25:46 - [TEST_STEP][PASSED] - Statement - counter = counter + 1: null

2019-01-03 20:25:46 - [TEST_STEP][PASSED] - Statement - PreSaveFile = new java.io.File(((pathPrefix + java.lang.Integer.toString(counter)) + .png)): null

2019-01-03 20:25:46 - [TEST_STEP][PASSED] - Statement - counter = counter + 1: null

2019-01-03 20:25:46 - [TEST_STEP][PASSED] - Statement - PreSaveFile = new java.io.File(((pathPrefix + java.lang.Integer.toString(counter)) + .png)): null

2019-01-03 20:25:46 - [TEST_STEP][PASSED] - Statement - counter = counter + 1: null

2019-01-03 20:25:46 - [TEST_STEP][PASSED] - Statement - PreSaveFile = new java.io.File(((pathPrefix + java.lang.Integer.toString(counter)) + .png)): null

2019-01-03 20:25:46 - [TEST_STEP][PASSED] - Statement - counter = counter + 1: null

2019-01-03 20:25:46 - [TEST_STEP][PASSED] - Statement - PreSaveFile = new java.io.File(((pathPrefix + java.lang.Integer.toString(counter)) + .png)): null

2019-01-03 20:25:46 - [TEST_STEP][PASSED] - Statement - counter = counter + 1: null

2019-01-03 20:25:46 - [TEST_STEP][PASSED] - Statement - PreSaveFile = new java.io.File(((pathPrefix + java.lang.Integer.toString(counter)) + .png)): null

2019-01-03 20:25:46 - [TEST_STEP][PASSED] - Statement - counter = counter + 1: null

2019-01-03 20:25:46 - [TEST_STEP][PASSED] - Statement - PreSaveFile = new java.io.File(((pathPrefix + java.lang.Integer.toString(counter)) + .png)): null

2019-01-03 20:25:46 - [TEST_STEP][PASSED] - Statement - counter = counter + 1: null

2019-01-03 20:25:46 - [TEST_STEP][PASSED] - Statement - PreSaveFile = new java.io.File(((pathPrefix + java.lang.Integer.toString(counter)) + .png)): null

2019-01-03 20:25:46 - [TEST_STEP][PASSED] - Statement - counter = counter + 1: null

2019-01-03 20:25:46 - [TEST_STEP][PASSED] - Statement - PreSaveFile = new java.io.File(((pathPrefix + java.lang.Integer.toString(counter)) + .png)): null

2019-01-03 20:25:46 - [TEST_STEP][PASSED] - Statement - counter = counter + 1: null

2019-01-03 20:25:46 - [TEST_STEP][PASSED] - Statement - PreSaveFile = new java.io.File(((pathPrefix + java.lang.Integer.toString(counter)) + .png)): null

2019-01-03 20:25:46 - [TEST_STEP][PASSED] - Statement - counter = counter + 1: null

2019-01-03 20:25:46 - [TEST_STEP][PASSED] - Statement - PreSaveFile = new java.io.File(((pathPrefix + java.lang.Integer.toString(counter)) + .png)): null

2019-01-03 20:25:46 - [TEST_STEP][PASSED] - Statement - counter = counter + 1: null

2019-01-03 20:25:46 - [TEST_STEP][PASSED] - Statement - PreSaveFile = new java.io.File(((pathPrefix + java.lang.Integer.toString(counter)) + .png)): null

2019-01-03 20:25:46 - [TEST_STEP][PASSED] - Statement - counter = counter + 1: null

2019-01-03 20:25:46 - [TEST_STEP][PASSED] - Statement - PreSaveFile = new java.io.File(((pathPrefix + java.lang.Integer.toString(counter)) + .png)): null

2019-01-03 20:25:46 - [TEST_STEP][PASSED] - Statement - counter = counter + 1: null

2019-01-03 20:25:46 - [TEST_STEP][PASSED] - Statement - PreSaveFile = new java.io.File(((pathPrefix + java.lang.Integer.toString(counter)) + .png)): null

2019-01-03 20:25:46 - [TEST_STEP][PASSED] - Statement - counter = counter + 1: null

2019-01-03 20:25:46 - [TEST_STEP][PASSED] - Statement - PreSaveFile = new java.io.File(((pathPrefix + java.lang.Integer.toString(counter)) + .png)): null

2019-01-03 20:25:46 - [TEST_STEP][PASSED] - Statement - counter = counter + 1: null

2019-01-03 20:25:46 - [TEST_STEP][PASSED] - Statement - PreSaveFile = new java.io.File(((pathPrefix + java.lang.Integer.toString(counter)) + .png)): null

2019-01-03 20:25:46 - [TEST_STEP][PASSED] - Statement - counter = counter + 1: null

2019-01-03 20:25:46 - [TEST_STEP][PASSED] - Statement - PreSaveFile = new java.io.File(((pathPrefix + java.lang.Integer.toString(counter)) + .png)): null

2019-01-03 20:25:46 - [TEST_STEP][PASSED] - Statement - counter = counter + 1: null

2019-01-03 20:25:46 - [TEST_STEP][PASSED] - Statement - PreSaveFile = new java.io.File(((pathPrefix + java.lang.Integer.toString(counter)) + .png)): null

2019-01-03 20:25:46 - [TEST_STEP][PASSED] - Statement - counter = counter + 1: null

2019-01-03 20:25:46 - [TEST_STEP][PASSED] - Statement - PreSaveFile = new java.io.File(((pathPrefix + java.lang.Integer.toString(counter)) + .png)): null

2019-01-03 20:25:46 - [TEST_STEP][PASSED] - Statement - counter = counter + 1: null

2019-01-03 20:25:46 - [TEST_STEP][PASSED] - Statement - PreSaveFile = new java.io.File(((pathPrefix + java.lang.Integer.toString(counter)) + .png)): null

2019-01-03 20:25:46 - [TEST_STEP][PASSED] - Statement - counter = counter + 1: null

2019-01-03 20:25:46 - [TEST_STEP][PASSED] - Statement - PreSaveFile = new java.io.File(((pathPrefix + java.lang.Integer.toString(counter)) + .png)): null

2019-01-03 20:25:46 - [TEST_STEP][PASSED] - Statement - counter = counter + 1: null

2019-01-03 20:25:46 - [TEST_STEP][PASSED] - Statement - PreSaveFile = new java.io.File(((pathPrefix + java.lang.Integer.toString(counter)) + .png)): null

2019-01-03 20:25:46 - [TEST_STEP][PASSED] - Statement - counter = counter + 1: null

2019-01-03 20:25:46 - [TEST_STEP][PASSED] - Statement - PreSaveFile = new java.io.File(((pathPrefix + java.lang.Integer.toString(counter)) + .png)): null

2019-01-03 20:25:46 - [TEST_STEP][PASSED] - Statement - counter = counter + 1: null

2019-01-03 20:25:46 - [TEST_STEP][PASSED] - Statement - PreSaveFile = new java.io.File(((pathPrefix + java.lang.Integer.toString(counter)) + .png)): null

2019-01-03 20:25:46 - [TEST_STEP][PASSED] - Statement - counter = counter + 1: null

2019-01-03 20:25:46 - [TEST_STEP][PASSED] - Statement - PreSaveFile = new java.io.File(((pathPrefix + java.lang.Integer.toString(counter)) + .png)): null

2019-01-03 20:25:46 - [TEST_STEP][PASSED] - Statement - counter = counter + 1: null

2019-01-03 20:25:46 - [TEST_STEP][PASSED] - Statement - PreSaveFile = new java.io.File(((pathPrefix + java.lang.Integer.toString(counter)) + .png)): null

2019-01-03 20:25:46 - [TEST_STEP][PASSED] - Statement - counter = counter + 1: null

2019-01-03 20:25:46 - [TEST_STEP][PASSED] - Statement - PreSaveFile = new java.io.File(((pathPrefix + java.lang.Integer.toString(counter)) + .png)): null

2019-01-03 20:25:46 - [TEST_STEP][PASSED] - Statement - counter = counter + 1: null

2019-01-03 20:25:46 - [TEST_STEP][PASSED] - Statement - PreSaveFile = new java.io.File(((pathPrefix + java.lang.Integer.toString(counter)) + .png)): null

2019-01-03 20:25:46 - [TEST_STEP][PASSED] - Statement - counter = counter + 1: null

2019-01-03 20:25:46 - [TEST_STEP][PASSED] - Statement - PreSaveFile = new java.io.File(((pathPrefix + java.lang.Integer.toString(counter)) + .png)): null

2019-01-03 20:25:46 - [TEST_STEP][PASSED] - Statement - counter = counter + 1: null

2019-01-03 20:25:46 - [TEST_STEP][PASSED] - Statement - PreSaveFile = new java.io.File(((pathPrefix + java.lang.Integer.toString(counter)) + .png)): null

2019-01-03 20:25:46 - [TEST_STEP][PASSED] - Statement - counter = counter + 1: null

2019-01-03 20:25:46 - [TEST_STEP][PASSED] - Statement - PreSaveFile = new java.io.File(((pathPrefix + java.lang.Integer.toString(counter)) + .png)): null

2019-01-03 20:25:46 - [TEST_STEP][PASSED] - Statement - counter = counter + 1: null

2019-01-03 20:25:46 - [TEST_STEP][PASSED] - Statement - PreSaveFile = new java.io.File(((pathPrefix + java.lang.Integer.toString(counter)) + .png)): null

2019-01-03 20:25:46 - [TEST_STEP][PASSED] - Statement - counter = counter + 1: null

2019-01-03 20:25:46 - [TEST_STEP][PASSED] - Statement - PreSaveFile = new java.io.File(((pathPrefix + java.lang.Integer.toString(counter)) + .png)): null

2019-01-03 20:25:46 - [TEST_STEP][PASSED] - Statement - counter = counter + 1: null

2019-01-03 20:25:46 - [TEST_STEP][PASSED] - Statement - PreSaveFile = new java.io.File(((pathPrefix + java.lang.Integer.toString(counter)) + .png)): null

2019-01-03 20:25:46 - [TEST_STEP][PASSED] - Statement - counter = counter + 1: null

2019-01-03 20:25:46 - [TEST_STEP][PASSED] - Statement - PreSaveFile = new java.io.File(((pathPrefix + java.lang.Integer.toString(counter)) + .png)): null

2019-01-03 20:25:46 - [TEST_STEP][PASSED] - Statement - counter = counter + 1: null

2019-01-03 20:25:46 - [TEST_STEP][PASSED] - Statement - PreSaveFile = new java.io.File(((pathPrefix + java.lang.Integer.toString(counter)) + .png)): null

2019-01-03 20:25:46 - [TEST_STEP][PASSED] - Statement - counter = counter + 1: null

2019-01-03 20:25:46 - [TEST_STEP][PASSED] - Statement - PreSaveFile = new java.io.File(((pathPrefix + java.lang.Integer.toString(counter)) + .png)): null

2019-01-03 20:25:46 - [TEST_STEP][PASSED] - Statement - counter = counter + 1: null

2019-01-03 20:25:46 - [TEST_STEP][PASSED] - Statement - PreSaveFile = new java.io.File(((pathPrefix + java.lang.Integer.toString(counter)) + .png)): null

2019-01-03 20:25:46 - [TEST_STEP][PASSED] - Statement - counter = counter + 1: null

2019-01-03 20:25:46 - [TEST_STEP][PASSED] - Statement - PreSaveFile = new java.io.File(((pathPrefix + java.lang.Integer.toString(counter)) + .png)): null

2019-01-03 20:25:46 - [TEST_STEP][PASSED] - Statement - counter = counter + 1: null

2019-01-03 20:25:46 - [TEST_STEP][PASSED] - Statement - PreSaveFile = new java.io.File(((pathPrefix + java.lang.Integer.toString(counter)) + .png)): null

2019-01-03 20:25:46 - [TEST_STEP][PASSED] - Statement - counter = counter + 1: null

2019-01-03 20:25:46 - [TEST_STEP][PASSED] - Statement - PreSaveFile = new java.io.File(((pathPrefix + java.lang.Integer.toString(counter)) + .png)): null

2019-01-03 20:25:46 - [TEST_STEP][PASSED] - Statement - counter = counter + 1: null

2019-01-03 20:25:46 - [TEST_STEP][PASSED] - Statement - PreSaveFile = new java.io.File(((pathPrefix + java.lang.Integer.toString(counter)) + .png)): null

2019-01-03 20:25:46 - [TEST_STEP][PASSED] - Statement - counter = counter + 1: null

2019-01-03 20:25:46 - [TEST_STEP][PASSED] - Statement - PreSaveFile = new java.io.File(((pathPrefix + java.lang.Integer.toString(counter)) + .png)): null

2019-01-03 20:25:46 - [TEST_STEP][PASSED] - Statement - counter = counter + 1: null

2019-01-03 20:25:46 - [TEST_STEP][PASSED] - Statement - PreSaveFile = new java.io.File(((pathPrefix + java.lang.Integer.toString(counter)) + .png)): null

2019-01-03 20:25:46 - [TEST_STEP][PASSED] - Statement - counter = counter + 1: null

2019-01-03 20:25:46 - [TEST_STEP][PASSED] - Statement - PreSaveFile = new java.io.File(((pathPrefix + java.lang.Integer.toString(counter)) + .png)): null

2019-01-03 20:25:46 - [TEST_STEP][PASSED] - Statement - counter = counter + 1: null

2019-01-03 20:25:46 - [TEST_STEP][PASSED] - Statement - PreSaveFile = new java.io.File(((pathPrefix + java.lang.Integer.toString(counter)) + .png)): null

2019-01-03 20:25:46 - [TEST_STEP][PASSED] - Statement - counter = counter + 1: null

2019-01-03 20:25:46 - [TEST_STEP][PASSED] - Statement - PreSaveFile = new java.io.File(((pathPrefix + java.lang.Integer.toString(counter)) + .png)): null

2019-01-03 20:25:46 - [TEST_STEP][PASSED] - Statement - counter = counter + 1: null

2019-01-03 20:25:46 - [TEST_STEP][PASSED] - Statement - PreSaveFile = new java.io.File(((pathPrefix + java.lang.Integer.toString(counter)) + .png)): null

2019-01-03 20:25:46 - [TEST_STEP][PASSED] - Statement - counter = counter + 1: null

2019-01-03 20:25:46 - [TEST_STEP][PASSED] - Statement - PreSaveFile = new java.io.File(((pathPrefix + java.lang.Integer.toString(counter)) + .png)): null

2019-01-03 20:25:46 - [TEST_STEP][PASSED] - Statement - counter = counter + 1: null

2019-01-03 20:25:46 - [TEST_STEP][PASSED] - Statement - PreSaveFile = new java.io.File(((pathPrefix + java.lang.Integer.toString(counter)) + .png)): null

2019-01-03 20:25:46 - [TEST_STEP][PASSED] - Statement - counter = counter + 1: null

2019-01-03 20:25:46 - [TEST_STEP][PASSED] - Statement - PreSaveFile = new java.io.File(((pathPrefix + java.lang.Integer.toString(counter)) + .png)): null

2019-01-03 20:25:46 - [TEST_STEP][PASSED] - Statement - counter = counter + 1: null

2019-01-03 20:25:46 - [TEST_STEP][PASSED] - Statement - PreSaveFile = new java.io.File(((pathPrefix + java.lang.Integer.toString(counter)) + .png)): null

2019-01-03 20:25:46 - [TEST_STEP][PASSED] - Statement - counter = counter + 1: null

2019-01-03 20:25:46 - [TEST_STEP][PASSED] - Statement - PreSaveFile = new java.io.File(((pathPrefix + java.lang.Integer.toString(counter)) + .png)): null

2019-01-03 20:25:46 - [TEST_STEP][PASSED] - Statement - counter = counter + 1: null

2019-01-03 20:25:46 - [TEST_STEP][PASSED] - Statement - PreSaveFile = new java.io.File(((pathPrefix + java.lang.Integer.toString(counter)) + .png)): null

2019-01-03 20:25:46 - [TEST_STEP][PASSED] - Statement - counter = counter + 1: null

2019-01-03 20:25:46 - [TEST_STEP][PASSED] - Statement - PreSaveFile = new java.io.File(((pathPrefix + java.lang.Integer.toString(counter)) + .png)): null

2019-01-03 20:25:46 - [TEST_STEP][PASSED] - Statement - counter = counter + 1: null

2019-01-03 20:25:46 - [TEST_STEP][PASSED] - Statement - PreSaveFile = new java.io.File(((pathPrefix + java.lang.Integer.toString(counter)) + .png)): null

2019-01-03 20:25:46 - [TEST_STEP][PASSED] - Statement - counter = counter + 1: null

2019-01-03 20:25:46 - [TEST_STEP][PASSED] - Statement - PreSaveFile = new java.io.File(((pathPrefix + java.lang.Integer.toString(counter)) + .png)): null

2019-01-03 20:25:46 - [TEST_STEP][PASSED] - Statement - counter = counter + 1: null

2019-01-03 20:25:46 - [TEST_STEP][PASSED] - Statement - PreSaveFile = new java.io.File(((pathPrefix + java.lang.Integer.toString(counter)) + .png)): null

2019-01-03 20:25:46 - [TEST_STEP][PASSED] - Statement - counter = counter + 1: null

2019-01-03 20:25:46 - [TEST_STEP][PASSED] - Statement - PreSaveFile = new java.io.File(((pathPrefix + java.lang.Integer.toString(counter)) + .png)): null

2019-01-03 20:25:46 - [TEST_STEP][PASSED] - Statement - counter = counter + 1: null

2019-01-03 20:25:46 - [TEST_STEP][PASSED] - Statement - PreSaveFile = new java.io.File(((pathPrefix + java.lang.Integer.toString(counter)) + .png)): null

2019-01-03 20:25:46 - [TEST_STEP][PASSED] - Statement - counter = counter + 1: null

2019-01-03 20:25:46 - [TEST_STEP][PASSED] - Statement - PreSaveFile = new java.io.File(((pathPrefix + java.lang.Integer.toString(counter)) + .png)): null

2019-01-03 20:25:46 - [TEST_STEP][PASSED] - Statement - counter = counter + 1: null

2019-01-03 20:25:46 - [TEST_STEP][PASSED] - Statement - PreSaveFile = new java.io.File(((pathPrefix + java.lang.Integer.toString(counter)) + .png)): null

2019-01-03 20:25:46 - [TEST_STEP][PASSED] - Statement - counter = counter + 1: null

2019-01-03 20:25:46 - [TEST_STEP][PASSED] - Statement - PreSaveFile = new java.io.File(((pathPrefix + java.lang.Integer.toString(counter)) + .png)): null

2019-01-03 20:25:46 - [TEST_STEP][PASSED] - Statement - counter = counter + 1: null

2019-01-03 20:25:46 - [TEST_STEP][PASSED] - Statement - PreSaveFile = new java.io.File(((pathPrefix + java.lang.Integer.toString(counter)) + .png)): null

2019-01-03 20:25:46 - [TEST_STEP][PASSED] - Statement - counter = counter + 1: null

2019-01-03 20:25:46 - [TEST_STEP][PASSED] - Statement - PreSaveFile = new java.io.File(((pathPrefix + java.lang.Integer.toString(counter)) + .png)): null

2019-01-03 20:25:46 - [TEST_STEP][PASSED] - Statement - counter = counter + 1: null

2019-01-03 20:25:46 - [TEST_STEP][PASSED] - Statement - PreSaveFile = new java.io.File(((pathPrefix + java.lang.Integer.toString(counter)) + .png)): null

2019-01-03 20:25:46 - [TEST_STEP][PASSED] - Statement - counter = counter + 1: null

2019-01-03 20:25:46 - [TEST_STEP][PASSED] - Statement - PreSaveFile = new java.io.File(((pathPrefix + java.lang.Integer.toString(counter)) + .png)): null

2019-01-03 20:25:46 - [TEST_STEP][PASSED] - Statement - counter = counter + 1: null

2019-01-03 20:25:46 - [TEST_STEP][PASSED] - Statement - PreSaveFile = new java.io.File(((pathPrefix + java.lang.Integer.toString(counter)) + .png)): null

2019-01-03 20:25:46 - [TEST_STEP][PASSED] - Statement - counter = counter + 1: null

2019-01-03 20:25:46 - [TEST_STEP][PASSED] - Statement - PreSaveFile = new java.io.File(((pathPrefix + java.lang.Integer.toString(counter)) + .png)): null

2019-01-03 20:25:46 - [TEST_STEP][PASSED] - Statement - counter = counter + 1: null

2019-01-03 20:25:46 - [TEST_STEP][PASSED] - Statement - PreSaveFile = new java.io.File(((pathPrefix + java.lang.Integer.toString(counter)) + .png)): null

2019-01-03 20:25:46 - [TEST_STEP][PASSED] - Statement - counter = counter + 1: null

2019-01-03 20:25:46 - [TEST_STEP][PASSED] - Statement - PreSaveFile = new java.io.File(((pathPrefix + java.lang.Integer.toString(counter)) + .png)): null

2019-01-03 20:25:46 - [TEST_STEP][PASSED] - Statement - counter = counter + 1: null

2019-01-03 20:25:46 - [TEST_STEP][PASSED] - Statement - PreSaveFile = new java.io.File(((pathPrefix + java.lang.Integer.toString(counter)) + .png)): null

2019-01-03 20:25:46 - [TEST_STEP][PASSED] - Statement - counter = counter + 1: null

2019-01-03 20:25:46 - [TEST_STEP][PASSED] - Statement - PreSaveFile = new java.io.File(((pathPrefix + java.lang.Integer.toString(counter)) + .png)): null

2019-01-03 20:25:46 - [TEST_STEP][PASSED] - Statement - counter = counter + 1: null

2019-01-03 20:25:46 - [TEST_STEP][PASSED] - Statement - PreSaveFile = new java.io.File(((pathPrefix + java.lang.Integer.toString(counter)) + .png)): null

2019-01-03 20:25:46 - [TEST_STEP][PASSED] - Statement - counter = counter + 1: null

2019-01-03 20:25:46 - [TEST_STEP][PASSED] - Statement - PreSaveFile = new java.io.File(((pathPrefix + java.lang.Integer.toString(counter)) + .png)): null

2019-01-03 20:25:46 - [TEST_STEP][PASSED] - Statement - counter = counter + 1: null

2019-01-03 20:25:46 - [TEST_STEP][PASSED] - Statement - PreSaveFile = new java.io.File(((pathPrefix + java.lang.Integer.toString(counter)) + .png)): null

2019-01-03 20:25:46 - [TEST_STEP][PASSED] - Statement - counter = counter + 1: null

2019-01-03 20:25:46 - [TEST_STEP][PASSED] - Statement - PreSaveFile = new java.io.File(((pathPrefix + java.lang.Integer.toString(counter)) + .png)): null

2019-01-03 20:25:46 - [TEST_STEP][PASSED] - Statement - counter = counter + 1: null

2019-01-03 20:25:46 - [TEST_STEP][PASSED] - Statement - PreSaveFile = new java.io.File(((pathPrefix + java.lang.Integer.toString(counter)) + .png)): null

2019-01-03 20:25:46 - [TEST_STEP][PASSED] - Statement - counter = counter + 1: null

2019-01-03 20:25:46 - [TEST_STEP][PASSED] - Statement - PreSaveFile = new java.io.File(((pathPrefix + java.lang.Integer.toString(counter)) + .png)): null

2019-01-03 20:25:46 - [TEST_STEP][PASSED] - Statement - counter = counter + 1: null

2019-01-03 20:25:46 - [TEST_STEP][PASSED] - Statement - PreSaveFile = new java.io.File(((pathPrefix + java.lang.Integer.toString(counter)) + .png)): null

2019-01-03 20:25:46 - [TEST_STEP][PASSED] - Statement - counter = counter + 1: null

2019-01-03 20:25:46 - [TEST_STEP][PASSED] - Statement - PreSaveFile = new java.io.File(((pathPrefix + java.lang.Integer.toString(counter)) + .png)): null

2019-01-03 20:25:46 - [TEST_STEP][PASSED] - Statement - counter = counter + 1: null

2019-01-03 20:25:46 - [TEST_STEP][PASSED] - Statement - PreSaveFile = new java.io.File(((pathPrefix + java.lang.Integer.toString(counter)) + .png)): null

2019-01-03 20:25:46 - [TEST_STEP][PASSED] - Statement - counter = counter + 1: null

2019-01-03 20:25:46 - [TEST_STEP][PASSED] - Statement - PreSaveFile = new java.io.File(((pathPrefix + java.lang.Integer.toString(counter)) + .png)): null

2019-01-03 20:25:46 - [TEST_STEP][PASSED] - Statement - counter = counter + 1: null

2019-01-03 20:25:46 - [TEST_STEP][PASSED] - Statement - PreSaveFile = new java.io.File(((pathPrefix + java.lang.Integer.toString(counter)) + .png)): null

2019-01-03 20:25:46 - [TEST_STEP][PASSED] - Statement - counter = counter + 1: null

2019-01-03 20:25:46 - [TEST_STEP][PASSED] - Statement - PreSaveFile = new java.io.File(((pathPrefix + java.lang.Integer.toString(counter)) + .png)): null

2019-01-03 20:25:46 - [TEST_STEP][PASSED] - Statement - counter = counter + 1: null

2019-01-03 20:25:46 - [TEST_STEP][PASSED] - Statement - PreSaveFile = new java.io.File(((pathPrefix + java.lang.Integer.toString(counter)) + .png)): null

2019-01-03 20:25:46 - [TEST_STEP][PASSED] - Statement - counter = counter + 1: null

2019-01-03 20:25:46 - [TEST_STEP][PASSED] - Statement - PreSaveFile = new java.io.File(((pathPrefix + java.lang.Integer.toString(counter)) + .png)): null

2019-01-03 20:25:46 - [TEST_STEP][PASSED] - Statement - counter = counter + 1: null

2019-01-03 20:25:46 - [TEST_STEP][PASSED] - Statement - PreSaveFile = new java.io.File(((pathPrefix + java.lang.Integer.toString(counter)) + .png)): null

2019-01-03 20:25:46 - [TEST_STEP][PASSED] - Statement - counter = counter + 1: null

2019-01-03 20:25:46 - [TEST_STEP][PASSED] - Statement - PreSaveFile = new java.io.File(((pathPrefix + java.lang.Integer.toString(counter)) + .png)): null

2019-01-03 20:25:46 - [TEST_STEP][PASSED] - Statement - counter = counter + 1: null

2019-01-03 20:25:46 - [TEST_STEP][PASSED] - Statement - PreSaveFile = new java.io.File(((pathPrefix + java.lang.Integer.toString(counter)) + .png)): null

2019-01-03 20:25:46 - [TEST_STEP][PASSED] - Statement - counter = counter + 1: null

2019-01-03 20:25:46 - [TEST_STEP][PASSED] - Statement - PreSaveFile = new java.io.File(((pathPrefix + java.lang.Integer.toString(counter)) + .png)): null

2019-01-03 20:25:46 - [TEST_STEP][PASSED] - Statement - counter = counter + 1: null

2019-01-03 20:25:46 - [TEST_STEP][PASSED] - Statement - PreSaveFile = new java.io.File(((pathPrefix + java.lang.Integer.toString(counter)) + .png)): null

2019-01-03 20:25:46 - [TEST_STEP][PASSED] - Statement - counter = counter + 1: null

2019-01-03 20:25:46 - [TEST_STEP][PASSED] - Statement - PreSaveFile = new java.io.File(((pathPrefix + java.lang.Integer.toString(counter)) + .png)): null

2019-01-03 20:25:46 - [TEST_STEP][PASSED] - Statement - counter = counter + 1: null

2019-01-03 20:25:46 - [TEST_STEP][PASSED] - Statement - PreSaveFile = new java.io.File(((pathPrefix + java.lang.Integer.toString(counter)) + .png)): null

2019-01-03 20:25:46 - [TEST_STEP][PASSED] - Statement - counter = counter + 1: null

2019-01-03 20:25:46 - [TEST_STEP][PASSED] - Statement - PreSaveFile = new java.io.File(((pathPrefix + java.lang.Integer.toString(counter)) + .png)): null

2019-01-03 20:25:46 - [TEST_STEP][PASSED] - Statement - counter = counter + 1: null

2019-01-03 20:25:46 - [TEST_STEP][PASSED] - Statement - PreSaveFile = new java.io.File(((pathPrefix + java.lang.Integer.toString(counter)) + .png)): null

2019-01-03 20:25:46 - [TEST_STEP][PASSED] - Statement - counter = counter + 1: null

2019-01-03 20:25:46 - [TEST_STEP][PASSED] - Statement - PreSaveFile = new java.io.File(((pathPrefix + java.lang.Integer.toString(counter)) + .png)): null

2019-01-03 20:25:46 - [TEST_STEP][PASSED] - Statement - counter = counter + 1: null

2019-01-03 20:25:46 - [TEST_STEP][PASSED] - Statement - PreSaveFile = new java.io.File(((pathPrefix + java.lang.Integer.toString(counter)) + .png)): null

2019-01-03 20:25:46 - [TEST_STEP][PASSED] - Statement - counter = counter + 1: null

2019-01-03 20:25:46 - [TEST_STEP][PASSED] - Statement - PreSaveFile = new java.io.File(((pathPrefix + java.lang.Integer.toString(counter)) + .png)): null

2019-01-03 20:25:46 - [TEST_STEP][PASSED] - Statement - counter = counter + 1: null

2019-01-03 20:25:46 - [TEST_STEP][PASSED] - Statement - PreSaveFile = new java.io.File(((pathPrefix + java.lang.Integer.toString(counter)) + .png)): null

2019-01-03 20:25:46 - [TEST_STEP][PASSED] - Statement - counter = counter + 1: null

2019-01-03 20:25:46 - [TEST_STEP][PASSED] - Statement - PreSaveFile = new java.io.File(((pathPrefix + java.lang.Integer.toString(counter)) + .png)): null

2019-01-03 20:25:46 - [TEST_STEP][PASSED] - Statement - counter = counter + 1: null

2019-01-03 20:25:46 - [TEST_STEP][PASSED] - Statement - PreSaveFile = new java.io.File(((pathPrefix + java.lang.Integer.toString(counter)) + .png)): null

2019-01-03 20:25:46 - [TEST_STEP][PASSED] - Statement - counter = counter + 1: null

2019-01-03 20:25:46 - [TEST_STEP][PASSED] - Statement - PreSaveFile = new java.io.File(((pathPrefix + java.lang.Integer.toString(counter)) + .png)): null

2019-01-03 20:25:46 - [TEST_STEP][PASSED] - Statement - counter = counter + 1: null

2019-01-03 20:25:46 - [TEST_STEP][PASSED] - Statement - PreSaveFile = new java.io.File(((pathPrefix + java.lang.Integer.toString(counter)) + .png)): null

2019-01-03 20:25:46 - [TEST_STEP][PASSED] - Statement - counter = counter + 1: null

2019-01-03 20:25:46 - [TEST_STEP][PASSED] - Statement - PreSaveFile = new java.io.File(((pathPrefix + java.lang.Integer.toString(counter)) + .png)): null

2019-01-03 20:25:46 - [TEST_STEP][PASSED] - Statement - counter = counter + 1: null

2019-01-03 20:25:46 - [TEST_STEP][PASSED] - Statement - PreSaveFile = new java.io.File(((pathPrefix + java.lang.Integer.toString(counter)) + .png)): null

2019-01-03 20:25:46 - [TEST_STEP][PASSED] - Statement - counter = counter + 1: null

2019-01-03 20:25:46 - [TEST_STEP][PASSED] - Statement - PreSaveFile = new java.io.File(((pathPrefix + java.lang.Integer.toString(counter)) + .png)): null

2019-01-03 20:25:46 - [TEST_STEP][PASSED] - Statement - counter = counter + 1: null

2019-01-03 20:25:46 - [TEST_STEP][PASSED] - Statement - PreSaveFile = new java.io.File(((pathPrefix + java.lang.Integer.toString(counter)) + .png)): null

2019-01-03 20:25:46 - [TEST_STEP][PASSED] - Statement - counter = counter + 1: null

2019-01-03 20:25:46 - [TEST_STEP][PASSED] - Statement - PreSaveFile = new java.io.File(((pathPrefix + java.lang.Integer.toString(counter)) + .png)): null

2019-01-03 20:25:46 - [TEST_STEP][PASSED] - Statement - counter = counter + 1: null

2019-01-03 20:25:46 - [TEST_STEP][PASSED] - Statement - PreSaveFile = new java.io.File(((pathPrefix + java.lang.Integer.toString(counter)) + .png)): null

2019-01-03 20:25:46 - [TEST_STEP][PASSED] - Statement - counter = counter + 1: null

2019-01-03 20:25:46 - [TEST_STEP][PASSED] - Statement - PreSaveFile = new java.io.File(((pathPrefix + java.lang.Integer.toString(counter)) + .png)): null

2019-01-03 20:25:46 - [TEST_STEP][PASSED] - Statement - counter = counter + 1: null

2019-01-03 20:25:46 - [TEST_STEP][PASSED] - Statement - PreSaveFile = new java.io.File(((pathPrefix + java.lang.Integer.toString(counter)) + .png)): null

2019-01-03 20:25:46 - [TEST_STEP][PASSED] - Statement - counter = counter + 1: null

2019-01-03 20:25:46 - [TEST_STEP][PASSED] - Statement - PreSaveFile = new java.io.File(((pathPrefix + java.lang.Integer.toString(counter)) + .png)): null

2019-01-03 20:25:46 - [TEST_STEP][PASSED] - Statement - counter = counter + 1: null

2019-01-03 20:25:46 - [TEST_STEP][PASSED] - Statement - PreSaveFile = new java.io.File(((pathPrefix + java.lang.Integer.toString(counter)) + .png)): null

2019-01-03 20:25:46 - [TEST_STEP][PASSED] - Statement - counter = counter + 1: null

2019-01-03 20:25:46 - [TEST_STEP][PASSED] - Statement - PreSaveFile = new java.io.File(((pathPrefix + java.lang.Integer.toString(counter)) + .png)): null

2019-01-03 20:25:46 - [TEST_STEP][PASSED] - Statement - counter = counter + 1: null

2019-01-03 20:25:46 - [TEST_STEP][PASSED] - Statement - PreSaveFile = new java.io.File(((pathPrefix + java.lang.Integer.toString(counter)) + .png)): null

2019-01-03 20:25:46 - [TEST_STEP][PASSED] - Statement - counter = counter + 1: null

2019-01-03 20:25:46 - [TEST_STEP][PASSED] - Statement - PreSaveFile = new java.io.File(((pathPrefix + java.lang.Integer.toString(counter)) + .png)): null

2019-01-03 20:25:46 - [TEST_STEP][PASSED] - Statement - counter = counter + 1: null

2019-01-03 20:25:46 - [TEST_STEP][PASSED] - Statement - PreSaveFile = new java.io.File(((pathPrefix + java.lang.Integer.toString(counter)) + .png)): null

2019-01-03 20:25:46 - [TEST_STEP][PASSED] - Statement - counter = counter + 1: null

2019-01-03 20:25:46 - [TEST_STEP][PASSED] - Statement - PreSaveFile = new java.io.File(((pathPrefix + java.lang.Integer.toString(counter)) + .png)): null

2019-01-03 20:25:46 - [TEST_STEP][PASSED] - Statement - counter = counter + 1: null

2019-01-03 20:25:46 - [TEST_STEP][PASSED] - Statement - PreSaveFile = new java.io.File(((pathPrefix + java.lang.Integer.toString(counter)) + .png)): null

2019-01-03 20:25:46 - [TEST_STEP][PASSED] - Statement - counter = counter + 1: null

2019-01-03 20:25:46 - [TEST_STEP][PASSED] - Statement - PreSaveFile = new java.io.File(((pathPrefix + java.lang.Integer.toString(counter)) + .png)): null

2019-01-03 20:25:46 - [TEST_STEP][PASSED] - Statement - counter = counter + 1: null

2019-01-03 20:25:46 - [TEST_STEP][PASSED] - Statement - PreSaveFile = new java.io.File(((pathPrefix + java.lang.Integer.toString(counter)) + .png)): null

2019-01-03 20:25:46 - [TEST_STEP][PASSED] - Statement - counter = counter + 1: null

2019-01-03 20:25:46 - [TEST_STEP][PASSED] - Statement - PreSaveFile = new java.io.File(((pathPrefix + java.lang.Integer.toString(counter)) + .png)): null

2019-01-03 20:25:46 - [TEST_STEP][PASSED] - Statement - counter = counter + 1: null

2019-01-03 20:25:46 - [TEST_STEP][PASSED] - Statement - PreSaveFile = new java.io.File(((pathPrefix + java.lang.Integer.toString(counter)) + .png)): null

2019-01-03 20:25:46 - [TEST_STEP][PASSED] - Statement - counter = counter + 1: null

2019-01-03 20:25:46 - [TEST_STEP][PASSED] - Statement - PreSaveFile = new java.io.File(((pathPrefix + java.lang.Integer.toString(counter)) + .png)): null

2019-01-03 20:25:46 - [TEST_STEP][PASSED] - Statement - counter = counter + 1: null

2019-01-03 20:25:46 - [TEST_STEP][PASSED] - Statement - PreSaveFile = new java.io.File(((pathPrefix + java.lang.Integer.toString(counter)) + .png)): null

2019-01-03 20:25:46 - [TEST_STEP][PASSED] - Statement - counter = counter + 1: null

2019-01-03 20:25:46 - [TEST_STEP][PASSED] - Statement - PreSaveFile = new java.io.File(((pathPrefix + java.lang.Integer.toString(counter)) + .png)): null

2019-01-03 20:25:46 - [TEST_STEP][PASSED] - Statement - counter = counter + 1: null

2019-01-03 20:25:46 - [TEST_STEP][PASSED] - Statement - PreSaveFile = new java.io.File(((pathPrefix + java.lang.Integer.toString(counter)) + .png)): null

2019-01-03 20:25:46 - [TEST_STEP][PASSED] - Statement - counter = counter + 1: null

2019-01-03 20:25:46 - [TEST_STEP][PASSED] - Statement - PreSaveFile = new java.io.File(((pathPrefix + java.lang.Integer.toString(counter)) + .png)): null

2019-01-03 20:25:46 - [TEST_STEP][PASSED] - Statement - counter = counter + 1: null

2019-01-03 20:25:46 - [TEST_STEP][PASSED] - Statement - PreSaveFile = new java.io.File(((pathPrefix + java.lang.Integer.toString(counter)) + .png)): null

2019-01-03 20:25:46 - [TEST_STEP][PASSED] - Statement - counter = counter + 1: null

2019-01-03 20:25:46 - [TEST_STEP][PASSED] - Statement - PreSaveFile = new java.io.File(((pathPrefix + java.lang.Integer.toString(counter)) + .png)): null

2019-01-03 20:25:46 - [TEST_STEP][PASSED] - Statement - counter = counter + 1: null

2019-01-03 20:25:46 - [TEST_STEP][PASSED] - Statement - PreSaveFile = new java.io.File(((pathPrefix + java.lang.Integer.toString(counter)) + .png)): null

2019-01-03 20:25:46 - [TEST_STEP][PASSED] - Statement - counter = counter + 1: null

2019-01-03 20:25:46 - [TEST_STEP][PASSED] - Statement - PreSaveFile = new java.io.File(((pathPrefix + java.lang.Integer.toString(counter)) + .png)): null

2019-01-03 20:25:46 - [TEST_STEP][PASSED] - Statement - counter = counter + 1: null

2019-01-03 20:25:46 - [TEST_STEP][PASSED] - Statement - PreSaveFile = new java.io.File(((pathPrefix + java.lang.Integer.toString(counter)) + .png)): null

2019-01-03 20:25:46 - [TEST_STEP][PASSED] - Statement - counter = counter + 1: null

2019-01-03 20:25:46 - [TEST_STEP][PASSED] - Statement - PreSaveFile = new java.io.File(((pathPrefix + java.lang.Integer.toString(counter)) + .png)): null

2019-01-03 20:25:46 - [TEST_STEP][PASSED] - Statement - counter = counter + 1: null

2019-01-03 20:25:46 - [TEST_STEP][PASSED] - Statement - PreSaveFile = new java.io.File(((pathPrefix + java.lang.Integer.toString(counter)) + .png)): null

2019-01-03 20:25:46 - [TEST_STEP][PASSED] - Statement - counter = counter + 1: null

2019-01-03 20:25:46 - [TEST_STEP][PASSED] - Statement - PreSaveFile = new java.io.File(((pathPrefix + java.lang.Integer.toString(counter)) + .png)): null

2019-01-03 20:25:46 - [TEST_STEP][PASSED] - Statement - counter = counter + 1: null

2019-01-03 20:25:46 - [TEST_STEP][PASSED] - Statement - PreSaveFile = new java.io.File(((pathPrefix + java.lang.Integer.toString(counter)) + .png)): null

2019-01-03 20:25:46 - [TEST_STEP][PASSED] - Statement - counter = counter + 1: null

2019-01-03 20:25:46 - [TEST_STEP][PASSED] - Statement - PreSaveFile = new java.io.File(((pathPrefix + java.lang.Integer.toString(counter)) + .png)): null

2019-01-03 20:25:46 - [TEST_STEP][PASSED] - Statement - counter = counter + 1: null

2019-01-03 20:25:46 - [TEST_STEP][PASSED] - Statement - PreSaveFile = new java.io.File(((pathPrefix + java.lang.Integer.toString(counter)) + .png)): null

2019-01-03 20:25:46 - [TEST_STEP][PASSED] - Statement - counter = counter + 1: null

2019-01-03 20:25:46 - [TEST_STEP][PASSED] - Statement - PreSaveFile = new java.io.File(((pathPrefix + java.lang.Integer.toString(counter)) + .png)): null

2019-01-03 20:25:46 - [TEST_STEP][PASSED] - Statement - counter = counter + 1: null

2019-01-03 20:25:46 - [TEST_STEP][PASSED] - Statement - PreSaveFile = new java.io.File(((pathPrefix + java.lang.Integer.toString(counter)) + .png)): null

2019-01-03 20:25:46 - [TEST_STEP][PASSED] - Statement - counter = counter + 1: null

2019-01-03 20:25:46 - [TEST_STEP][PASSED] - Statement - PreSaveFile = new java.io.File(((pathPrefix + java.lang.Integer.toString(counter)) + .png)): null

2019-01-03 20:25:46 - [TEST_STEP][PASSED] - Statement - counter = counter + 1: null

2019-01-03 20:25:46 - [TEST_STEP][PASSED] - Statement - PreSaveFile = new java.io.File(((pathPrefix + java.lang.Integer.toString(counter)) + .png)): null

2019-01-03 20:25:46 - [TEST_STEP][PASSED] - Statement - counter = counter + 1: null

2019-01-03 20:25:46 - [TEST_STEP][PASSED] - Statement - PreSaveFile = new java.io.File(((pathPrefix + java.lang.Integer.toString(counter)) + .png)): null

2019-01-03 20:25:46 - [TEST_STEP][PASSED] - Statement - counter = counter + 1: null

2019-01-03 20:25:46 - [TEST_STEP][PASSED] - Statement - PreSaveFile = new java.io.File(((pathPrefix + java.lang.Integer.toString(counter)) + .png)): null

2019-01-03 20:25:46 - [TEST_STEP][PASSED] - Statement - counter = counter + 1: null

2019-01-03 20:25:46 - [TEST_STEP][PASSED] - Statement - PreSaveFile = new java.io.File(((pathPrefix + java.lang.Integer.toString(counter)) + .png)): null

2019-01-03 20:25:46 - [TEST_STEP][PASSED] - Statement - counter = counter + 1: null

2019-01-03 20:25:46 - [TEST_STEP][PASSED] - Statement - PreSaveFile = new java.io.File(((pathPrefix + java.lang.Integer.toString(counter)) + .png)): null

2019-01-03 20:25:46 - [TEST_STEP][PASSED] - Statement - counter = counter + 1: null

2019-01-03 20:25:46 - [TEST_STEP][PASSED] - Statement - PreSaveFile = new java.io.File(((pathPrefix + java.lang.Integer.toString(counter)) + .png)): null

2019-01-03 20:25:46 - [TEST_STEP][PASSED] - Statement - counter = counter + 1: null

2019-01-03 20:25:46 - [TEST_STEP][PASSED] - Statement - PreSaveFile = new java.io.File(((pathPrefix + java.lang.Integer.toString(counter)) + .png)): null

2019-01-03 20:25:46 - [TEST_STEP][PASSED] - Statement - counter = counter + 1: null

2019-01-03 20:25:46 - [TEST_STEP][PASSED] - Statement - PreSaveFile = new java.io.File(((pathPrefix + java.lang.Integer.toString(counter)) + .png)): null

2019-01-03 20:25:46 - [TEST_STEP][PASSED] - Statement - counter = counter + 1: null

2019-01-03 20:25:46 - [TEST_STEP][PASSED] - Statement - PreSaveFile = new java.io.File(((pathPrefix + java.lang.Integer.toString(counter)) + .png)): null

2019-01-03 20:25:46 - [TEST_STEP][PASSED] - Statement - counter = counter + 1: null

2019-01-03 20:25:46 - [TEST_STEP][PASSED] - Statement - PreSaveFile = new java.io.File(((pathPrefix + java.lang.Integer.toString(counter)) + .png)): null

2019-01-03 20:25:46 - [TEST_STEP][PASSED] - Statement - counter = counter + 1: null

2019-01-03 20:25:46 - [TEST_STEP][PASSED] - Statement - PreSaveFile = new java.io.File(((pathPrefix + java.lang.Integer.toString(counter)) + .png)): null

2019-01-03 20:25:46 - [TEST_STEP][PASSED] - Statement - counter = counter + 1: null

2019-01-03 20:25:46 - [TEST_STEP][PASSED] - Statement - PreSaveFile = new java.io.File(((pathPrefix + java.lang.Integer.toString(counter)) + .png)): null

2019-01-03 20:25:46 - [TEST_STEP][PASSED] - Statement - counter = counter + 1: null

2019-01-03 20:25:46 - [TEST_STEP][PASSED] - Statement - PreSaveFile = new java.io.File(((pathPrefix + java.lang.Integer.toString(counter)) + .png)): null

2019-01-03 20:25:46 - [TEST_STEP][PASSED] - Statement - counter = counter + 1: null

2019-01-03 20:25:46 - [TEST_STEP][PASSED] - Statement - PreSaveFile = new java.io.File(((pathPrefix + java.lang.Integer.toString(counter)) + .png)): null

2019-01-03 20:25:46 - [TEST_STEP][PASSED] - Statement - counter = counter + 1: null

2019-01-03 20:25:46 - [TEST_STEP][PASSED] - Statement - PreSaveFile = new java.io.File(((pathPrefix + java.lang.Integer.toString(counter)) + .png)): null

2019-01-03 20:25:46 - [TEST_STEP][PASSED] - Statement - counter = counter + 1: null

2019-01-03 20:25:46 - [TEST_STEP][PASSED] - Statement - PreSaveFile = new java.io.File(((pathPrefix + java.lang.Integer.toString(counter)) + .png)): null

2019-01-03 20:25:46 - [TEST_STEP][PASSED] - Statement - counter = counter + 1: null

2019-01-03 20:25:46 - [TEST_STEP][PASSED] - Statement - PreSaveFile = new java.io.File(((pathPrefix + java.lang.Integer.toString(counter)) + .png)): null

2019-01-03 20:25:46 - [TEST_STEP][PASSED] - Statement - counter = counter + 1: null

2019-01-03 20:25:46 - [TEST_STEP][PASSED] - Statement - PreSaveFile = new java.io.File(((pathPrefix + java.lang.Integer.toString(counter)) + .png)): null

2019-01-03 20:25:46 - [TEST_STEP][PASSED] - Statement - counter = counter + 1: null

2019-01-03 20:25:46 - [TEST_STEP][PASSED] - Statement - PreSaveFile = new java.io.File(((pathPrefix + java.lang.Integer.toString(counter)) + .png)): null

2019-01-03 20:25:46 - [TEST_STEP][PASSED] - Statement - counter = counter + 1: null

2019-01-03 20:25:46 - [TEST_STEP][PASSED] - Statement - PreSaveFile = new java.io.File(((pathPrefix + java.lang.Integer.toString(counter)) + .png)): null

2019-01-03 20:25:46 - [TEST_STEP][PASSED] - Statement - counter = counter + 1: null

2019-01-03 20:25:46 - [TEST_STEP][PASSED] - Statement - PreSaveFile = new java.io.File(((pathPrefix + java.lang.Integer.toString(counter)) + .png)): null

2019-01-03 20:25:46 - [TEST_STEP][PASSED] - Statement - counter = counter + 1: null

2019-01-03 20:25:46 - [TEST_STEP][PASSED] - Statement - PreSaveFile = new java.io.File(((pathPrefix + java.lang.Integer.toString(counter)) + .png)): null

2019-01-03 20:25:46 - [TEST_STEP][PASSED] - Statement - counter = counter + 1: null

2019-01-03 20:25:46 - [TEST_STEP][PASSED] - Statement - PreSaveFile = new java.io.File(((pathPrefix + java.lang.Integer.toString(counter)) + .png)): null

2019-01-03 20:25:46 - [TEST_STEP][PASSED] - Statement - counter = counter + 1: null

2019-01-03 20:25:46 - [TEST_STEP][PASSED] - Statement - PreSaveFile = new java.io.File(((pathPrefix + java.lang.Integer.toString(counter)) + .png)): null

2019-01-03 20:25:46 - [TEST_STEP][PASSED] - Statement - counter = counter + 1: null

2019-01-03 20:25:46 - [TEST_STEP][PASSED] - Statement - PreSaveFile = new java.io.File(((pathPrefix + java.lang.Integer.toString(counter)) + .png)): null

2019-01-03 20:25:46 - [TEST_STEP][PASSED] - Statement - counter = counter + 1: null

2019-01-03 20:25:46 - [TEST_STEP][PASSED] - Statement - PreSaveFile = new java.io.File(((pathPrefix + java.lang.Integer.toString(counter)) + .png)): null

2019-01-03 20:25:46 - [TEST_STEP][PASSED] - Statement - counter = counter + 1: null

2019-01-03 20:25:46 - [TEST_STEP][PASSED] - Statement - PreSaveFile = new java.io.File(((pathPrefix + java.lang.Integer.toString(counter)) + .png)): null

2019-01-03 20:25:46 - [TEST_STEP][PASSED] - Statement - counter = counter + 1: null

2019-01-03 20:25:46 - [TEST_STEP][PASSED] - Statement - PreSaveFile = new java.io.File(((pathPrefix + java.lang.Integer.toString(counter)) + .png)): null

2019-01-03 20:25:46 - [TEST_STEP][PASSED] - Statement - counter = counter + 1: null

2019-01-03 20:25:46 - [TEST_STEP][PASSED] - Statement - PreSaveFile = new java.io.File(((pathPrefix + java.lang.Integer.toString(counter)) + .png)): null

2019-01-03 20:25:46 - [TEST_STEP][PASSED] - Statement - counter = counter + 1: null

2019-01-03 20:25:46 - [TEST_STEP][PASSED] - Statement - PreSaveFile = new java.io.File(((pathPrefix + java.lang.Integer.toString(counter)) + .png)): null

2019-01-03 20:25:46 - [TEST_STEP][PASSED] - Statement - counter = counter + 1: null

2019-01-03 20:25:46 - [TEST_STEP][PASSED] - Statement - PreSaveFile = new java.io.File(((pathPrefix + java.lang.Integer.toString(counter)) + .png)): null

2019-01-03 20:25:46 - [TEST_STEP][PASSED] - Statement - counter = counter + 1: null

2019-01-03 20:25:46 - [TEST_STEP][PASSED] - Statement - PreSaveFile = new java.io.File(((pathPrefix + java.lang.Integer.toString(counter)) + .png)): null

2019-01-03 20:25:46 - [TEST_STEP][PASSED] - Statement - counter = counter + 1: null

2019-01-03 20:25:46 - [TEST_STEP][PASSED] - Statement - PreSaveFile = new java.io.File(((pathPrefix + java.lang.Integer.toString(counter)) + .png)): null

2019-01-03 20:25:46 - [TEST_STEP][PASSED] - Statement - counter = counter + 1: null

2019-01-03 20:25:46 - [TEST_STEP][PASSED] - Statement - PreSaveFile = new java.io.File(((pathPrefix + java.lang.Integer.toString(counter)) + .png)): null

2019-01-03 20:25:46 - [TEST_STEP][PASSED] - Statement - counter = counter + 1: null

2019-01-03 20:25:46 - [TEST_STEP][PASSED] - Statement - PreSaveFile = new java.io.File(((pathPrefix + java.lang.Integer.toString(counter)) + .png)): null

2019-01-03 20:25:46 - [TEST_STEP][PASSED] - Statement - counter = counter + 1: null

2019-01-03 20:25:46 - [TEST_STEP][PASSED] - Statement - PreSaveFile = new java.io.File(((pathPrefix + java.lang.Integer.toString(counter)) + .png)): null

2019-01-03 20:25:46 - [TEST_STEP][PASSED] - Statement - counter = counter + 1: null

2019-01-03 20:25:46 - [TEST_STEP][PASSED] - Statement - PreSaveFile = new java.io.File(((pathPrefix + java.lang.Integer.toString(counter)) + .png)): null

2019-01-03 20:25:46 - [TEST_STEP][PASSED] - Statement - counter = counter + 1: null

2019-01-03 20:25:46 - [TEST_STEP][PASSED] - Statement - PreSaveFile = new java.io.File(((pathPrefix + java.lang.Integer.toString(counter)) + .png)): null

2019-01-03 20:25:46 - [TEST_STEP][PASSED] - Statement - counter = counter + 1: null

2019-01-03 20:25:46 - [TEST_STEP][PASSED] - Statement - PreSaveFile = new java.io.File(((pathPrefix + java.lang.Integer.toString(counter)) + .png)): null

2019-01-03 20:25:46 - [TEST_STEP][PASSED] - Statement - counter = counter + 1: null

2019-01-03 20:25:46 - [TEST_STEP][PASSED] - Statement - PreSaveFile = new java.io.File(((pathPrefix + java.lang.Integer.toString(counter)) + .png)): null

2019-01-03 20:25:46 - [TEST_STEP][PASSED] - Statement - counter = counter + 1: null

2019-01-03 20:25:46 - [TEST_STEP][PASSED] - Statement - PreSaveFile = new java.io.File(((pathPrefix + java.lang.Integer.toString(counter)) + .png)): null

2019-01-03 20:25:46 - [TEST_STEP][PASSED] - Statement - counter = counter + 1: null

2019-01-03 20:25:46 - [TEST_STEP][PASSED] - Statement - PreSaveFile = new java.io.File(((pathPrefix + java.lang.Integer.toString(counter)) + .png)): null

2019-01-03 20:25:46 - [TEST_STEP][PASSED] - Statement - counter = counter + 1: null

2019-01-03 20:25:46 - [TEST_STEP][PASSED] - Statement - PreSaveFile = new java.io.File(((pathPrefix + java.lang.Integer.toString(counter)) + .png)): null

2019-01-03 20:25:47 - [TEST_STEP][PASSED] - Statement - counter = counter + 1: null

2019-01-03 20:25:47 - [TEST_STEP][PASSED] - Statement - PreSaveFile = new java.io.File(((pathPrefix + java.lang.Integer.toString(counter)) + .png)): null

2019-01-03 20:25:47 - [TEST_STEP][PASSED] - Statement - counter = counter + 1: null

2019-01-03 20:25:47 - [TEST_STEP][PASSED] - Statement - PreSaveFile = new java.io.File(((pathPrefix + java.lang.Integer.toString(counter)) + .png)): null

2019-01-03 20:25:47 - [TEST_STEP][PASSED] - Statement - counter = counter + 1: null

2019-01-03 20:25:47 - [TEST_STEP][PASSED] - Statement - PreSaveFile = new java.io.File(((pathPrefix + java.lang.Integer.toString(counter)) + .png)): null

2019-01-03 20:25:47 - [TEST_STEP][PASSED] - Statement - counter = counter + 1: null

2019-01-03 20:25:47 - [TEST_STEP][PASSED] - Statement - PreSaveFile = new java.io.File(((pathPrefix + java.lang.Integer.toString(counter)) + .png)): null

2019-01-03 20:25:47 - [TEST_STEP][PASSED] - Statement - counter = counter + 1: null

2019-01-03 20:25:47 - [TEST_STEP][PASSED] - Statement - PreSaveFile = new java.io.File(((pathPrefix + java.lang.Integer.toString(counter)) + .png)): null

2019-01-03 20:25:47 - [TEST_STEP][PASSED] - Statement - counter = counter + 1: null

2019-01-03 20:25:47 - [TEST_STEP][PASSED] - Statement - PreSaveFile = new java.io.File(((pathPrefix + java.lang.Integer.toString(counter)) + .png)): null

2019-01-03 20:25:47 - [TEST_STEP][PASSED] - Statement - counter = counter + 1: null

2019-01-03 20:25:47 - [TEST_STEP][PASSED] - Statement - PreSaveFile = new java.io.File(((pathPrefix + java.lang.Integer.toString(counter)) + .png)): null

2019-01-03 20:25:47 - [TEST_STEP][PASSED] - Statement - counter = counter + 1: null

2019-01-03 20:25:47 - [TEST_STEP][PASSED] - Statement - PreSaveFile = new java.io.File(((pathPrefix + java.lang.Integer.toString(counter)) + .png)): null

2019-01-03 20:25:47 - [TEST_STEP][PASSED] - Statement - counter = counter + 1: null

2019-01-03 20:25:47 - [TEST_STEP][PASSED] - Statement - PreSaveFile = new java.io.File(((pathPrefix + java.lang.Integer.toString(counter)) + .png)): null

2019-01-03 20:25:47 - [TEST_STEP][PASSED] - Statement - counter = counter + 1: null

2019-01-03 20:25:47 - [TEST_STEP][PASSED] - Statement - PreSaveFile = new java.io.File(((pathPrefix + java.lang.Integer.toString(counter)) + .png)): null

2019-01-03 20:25:47 - [TEST_STEP][PASSED] - Statement - counter = counter + 1: null

2019-01-03 20:25:47 - [TEST_STEP][PASSED] - Statement - PreSaveFile = new java.io.File(((pathPrefix + java.lang.Integer.toString(counter)) + .png)): null

2019-01-03 20:25:47 - [TEST_STEP][PASSED] - Statement - counter = counter + 1: null

2019-01-03 20:25:47 - [TEST_STEP][PASSED] - Statement - PreSaveFile = new java.io.File(((pathPrefix + java.lang.Integer.toString(counter)) + .png)): null

2019-01-03 20:25:47 - [TEST_STEP][PASSED] - Statement - counter = counter + 1: null

2019-01-03 20:25:47 - [TEST_STEP][PASSED] - Statement - PreSaveFile = new java.io.File(((pathPrefix + java.lang.Integer.toString(counter)) + .png)): null

2019-01-03 20:25:47 - [TEST_STEP][PASSED] - Statement - counter = counter + 1: null

2019-01-03 20:25:47 - [TEST_STEP][PASSED] - Statement - PreSaveFile = new java.io.File(((pathPrefix + java.lang.Integer.toString(counter)) + .png)): null

2019-01-03 20:25:47 - [TEST_STEP][PASSED] - Statement - counter = counter + 1: null

2019-01-03 20:25:47 - [TEST_STEP][PASSED] - Statement - PreSaveFile = new java.io.File(((pathPrefix + java.lang.Integer.toString(counter)) + .png)): null

2019-01-03 20:25:47 - [TEST_STEP][PASSED] - Statement - counter = counter + 1: null

2019-01-03 20:25:47 - [TEST_STEP][PASSED] - Statement - PreSaveFile = new java.io.File(((pathPrefix + java.lang.Integer.toString(counter)) + .png)): null

2019-01-03 20:25:47 - [TEST_STEP][PASSED] - Statement - counter = counter + 1: null

2019-01-03 20:25:47 - [TEST_STEP][PASSED] - Statement - PreSaveFile = new java.io.File(((pathPrefix + java.lang.Integer.toString(counter)) + .png)): null

2019-01-03 20:25:47 - [TEST_STEP][PASSED] - Statement - counter = counter + 1: null

2019-01-03 20:25:47 - [TEST_STEP][PASSED] - Statement - PreSaveFile = new java.io.File(((pathPrefix + java.lang.Integer.toString(counter)) + .png)): null

2019-01-03 20:25:47 - [TEST_STEP][PASSED] - Statement - counter = counter + 1: null

2019-01-03 20:25:47 - [TEST_STEP][PASSED] - Statement - PreSaveFile = new java.io.File(((pathPrefix + java.lang.Integer.toString(counter)) + .png)): null

2019-01-03 20:25:47 - [TEST_STEP][PASSED] - Statement - counter = counter + 1: null

2019-01-03 20:25:47 - [TEST_STEP][PASSED] - Statement - PreSaveFile = new java.io.File(((pathPrefix + java.lang.Integer.toString(counter)) + .png)): null

2019-01-03 20:25:47 - [TEST_STEP][PASSED] - Statement - counter = counter + 1: null

2019-01-03 20:25:47 - [TEST_STEP][PASSED] - Statement - PreSaveFile = new java.io.File(((pathPrefix + java.lang.Integer.toString(counter)) + .png)): null

2019-01-03 20:25:47 - [TEST_STEP][PASSED] - Statement - counter = counter + 1: null

2019-01-03 20:25:47 - [TEST_STEP][PASSED] - Statement - PreSaveFile = new java.io.File(((pathPrefix + java.lang.Integer.toString(counter)) + .png)): null

2019-01-03 20:25:47 - [TEST_STEP][PASSED] - Statement - counter = counter + 1: null

2019-01-03 20:25:47 - [TEST_STEP][PASSED] - Statement - PreSaveFile = new java.io.File(((pathPrefix + java.lang.Integer.toString(counter)) + .png)): null

2019-01-03 20:25:47 - [TEST_STEP][PASSED] - Statement - counter = counter + 1: null

2019-01-03 20:25:47 - [TEST_STEP][PASSED] - Statement - PreSaveFile = new java.io.File(((pathPrefix + java.lang.Integer.toString(counter)) + .png)): null

2019-01-03 20:25:47 - [TEST_STEP][PASSED] - Statement - counter = counter + 1: null

2019-01-03 20:25:47 - [TEST_STEP][PASSED] - Statement - PreSaveFile = new java.io.File(((pathPrefix + java.lang.Integer.toString(counter)) + .png)): null

2019-01-03 20:25:47 - [TEST_STEP][PASSED] - Statement - counter = counter + 1: null

2019-01-03 20:25:47 - [TEST_STEP][PASSED] - Statement - PreSaveFile = new java.io.File(((pathPrefix + java.lang.Integer.toString(counter)) + .png)): null

2019-01-03 20:25:47 - [TEST_STEP][PASSED] - Statement - counter = counter + 1: null

2019-01-03 20:25:47 - [TEST_STEP][PASSED] - Statement - PreSaveFile = new java.io.File(((pathPrefix + java.lang.Integer.toString(counter)) + .png)): null

2019-01-03 20:25:47 - [TEST_STEP][PASSED] - Statement - counter = counter + 1: null

2019-01-03 20:25:47 - [TEST_STEP][PASSED] - Statement - PreSaveFile = new java.io.File(((pathPrefix + java.lang.Integer.toString(counter)) + .png)): null

2019-01-03 20:25:47 - [TEST_STEP][PASSED] - Statement - counter = counter + 1: null

2019-01-03 20:25:47 - [TEST_STEP][PASSED] - Statement - PreSaveFile = new java.io.File(((pathPrefix + java.lang.Integer.toString(counter)) + .png)): null

2019-01-03 20:25:47 - [TEST_STEP][PASSED] - Statement - counter = counter + 1: null

2019-01-03 20:25:47 - [TEST_STEP][PASSED] - Statement - PreSaveFile = new java.io.File(((pathPrefix + java.lang.Integer.toString(counter)) + .png)): null

2019-01-03 20:25:47 - [TEST_STEP][PASSED] - Statement - counter = counter + 1: null

2019-01-03 20:25:47 - [TEST_STEP][PASSED] - Statement - PreSaveFile = new java.io.File(((pathPrefix + java.lang.Integer.toString(counter)) + .png)): null

2019-01-03 20:25:47 - [TEST_STEP][PASSED] - Statement - counter = counter + 1: null

2019-01-03 20:25:47 - [TEST_STEP][PASSED] - Statement - PreSaveFile = new java.io.File(((pathPrefix + java.lang.Integer.toString(counter)) + .png)): null

2019-01-03 20:25:47 - [TEST_STEP][PASSED] - Statement - counter = counter + 1: null

2019-01-03 20:25:47 - [TEST_STEP][PASSED] - Statement - PreSaveFile = new java.io.File(((pathPrefix + java.lang.Integer.toString(counter)) + .png)): null

2019-01-03 20:25:47 - [TEST_STEP][PASSED] - Statement - counter = counter + 1: null

2019-01-03 20:25:47 - [TEST_STEP][PASSED] - Statement - PreSaveFile = new java.io.File(((pathPrefix + java.lang.Integer.toString(counter)) + .png)): null

2019-01-03 20:25:47 - [TEST_STEP][PASSED] - Statement - counter = counter + 1: null

2019-01-03 20:25:47 - [TEST_STEP][PASSED] - Statement - PreSaveFile = new java.io.File(((pathPrefix + java.lang.Integer.toString(counter)) + .png)): null

2019-01-03 20:25:47 - [TEST_STEP][PASSED] - Statement - counter = counter + 1: null

2019-01-03 20:25:47 - [TEST_STEP][PASSED] - Statement - PreSaveFile = new java.io.File(((pathPrefix + java.lang.Integer.toString(counter)) + .png)): null

2019-01-03 20:25:47 - [TEST_STEP][PASSED] - Statement - counter = counter + 1: null

2019-01-03 20:25:47 - [TEST_STEP][PASSED] - Statement - PreSaveFile = new java.io.File(((pathPrefix + java.lang.Integer.toString(counter)) + .png)): null

2019-01-03 20:25:47 - [TEST_STEP][PASSED] - Statement - counter = counter + 1: null

2019-01-03 20:25:47 - [TEST_STEP][PASSED] - Statement - PreSaveFile = new java.io.File(((pathPrefix + java.lang.Integer.toString(counter)) + .png)): null

2019-01-03 20:25:47 - [TEST_STEP][PASSED] - Statement - counter = counter + 1: null

2019-01-03 20:25:47 - [TEST_STEP][PASSED] - Statement - PreSaveFile = new java.io.File(((pathPrefix + java.lang.Integer.toString(counter)) + .png)): null

2019-01-03 20:25:47 - [TEST_STEP][PASSED] - Statement - counter = counter + 1: null

2019-01-03 20:25:47 - [TEST_STEP][PASSED] - Statement - PreSaveFile = new java.io.File(((pathPrefix + java.lang.Integer.toString(counter)) + .png)): null

2019-01-03 20:25:47 - [TEST_STEP][PASSED] - Statement - counter = counter + 1: null

2019-01-03 20:25:47 - [TEST_STEP][PASSED] - Statement - PreSaveFile = new java.io.File(((pathPrefix + java.lang.Integer.toString(counter)) + .png)): null

2019-01-03 20:25:47 - [TEST_STEP][PASSED] - Statement - counter = counter + 1: null

2019-01-03 20:25:47 - [TEST_STEP][PASSED] - Statement - PreSaveFile = new java.io.File(((pathPrefix + java.lang.Integer.toString(counter)) + .png)): null

2019-01-03 20:25:47 - [TEST_STEP][PASSED] - Statement - counter = counter + 1: null

2019-01-03 20:25:47 - [TEST_STEP][PASSED] - Statement - PreSaveFile = new java.io.File(((pathPrefix + java.lang.Integer.toString(counter)) + .png)): null

2019-01-03 20:25:47 - [TEST_STEP][PASSED] - Statement - counter = counter + 1: null

2019-01-03 20:25:47 - [TEST_STEP][PASSED] - Statement - PreSaveFile = new java.io.File(((pathPrefix + java.lang.Integer.toString(counter)) + .png)): null

2019-01-03 20:25:47 - [TEST_STEP][PASSED] - Statement - counter = counter + 1: null

2019-01-03 20:25:47 - [TEST_STEP][PASSED] - Statement - PreSaveFile = new java.io.File(((pathPrefix + java.lang.Integer.toString(counter)) + .png)): null

2019-01-03 20:25:47 - [TEST_STEP][PASSED] - Statement - counter = counter + 1: null

2019-01-03 20:25:47 - [TEST_STEP][PASSED] - Statement - PreSaveFile = new java.io.File(((pathPrefix + java.lang.Integer.toString(counter)) + .png)): null

2019-01-03 20:25:47 - [TEST_STEP][PASSED] - Statement - counter = counter + 1: null

2019-01-03 20:25:47 - [TEST_STEP][PASSED] - Statement - PreSaveFile = new java.io.File(((pathPrefix + java.lang.Integer.toString(counter)) + .png)): null

2019-01-03 20:25:47 - [TEST_STEP][PASSED] - Statement - counter = counter + 1: null

2019-01-03 20:25:47 - [TEST_STEP][PASSED] - Statement - PreSaveFile = new java.io.File(((pathPrefix + java.lang.Integer.toString(counter)) + .png)): null

2019-01-03 20:25:47 - [TEST_STEP][PASSED] - Statement - counter = counter + 1: null

2019-01-03 20:25:47 - [TEST_STEP][PASSED] - Statement - PreSaveFile = new java.io.File(((pathPrefix + java.lang.Integer.toString(counter)) + .png)): null

2019-01-03 20:25:47 - [TEST_STEP][PASSED] - Statement - counter = counter + 1: null

2019-01-03 20:25:47 - [TEST_STEP][PASSED] - Statement - PreSaveFile = new java.io.File(((pathPrefix + java.lang.Integer.toString(counter)) + .png)): null

2019-01-03 20:25:47 - [TEST_STEP][PASSED] - Statement - counter = counter + 1: null

2019-01-03 20:25:47 - [TEST_STEP][PASSED] - Statement - PreSaveFile = new java.io.File(((pathPrefix + java.lang.Integer.toString(counter)) + .png)): null

2019-01-03 20:25:47 - [TEST_STEP][PASSED] - Statement - counter = counter + 1: null

2019-01-03 20:25:47 - [TEST_STEP][PASSED] - Statement - PreSaveFile = new java.io.File(((pathPrefix + java.lang.Integer.toString(counter)) + .png)): null

2019-01-03 20:25:47 - [TEST_STEP][PASSED] - Statement - counter = counter + 1: null

2019-01-03 20:25:47 - [TEST_STEP][PASSED] - Statement - PreSaveFile = new java.io.File(((pathPrefix + java.lang.Integer.toString(counter)) + .png)): null

2019-01-03 20:25:47 - [TEST_STEP][PASSED] - Statement - counter = counter + 1: null

2019-01-03 20:25:47 - [TEST_STEP][PASSED] - Statement - PreSaveFile = new java.io.File(((pathPrefix + java.lang.Integer.toString(counter)) + .png)): null

2019-01-03 20:25:47 - [TEST_STEP][PASSED] - Statement - counter = counter + 1: null

2019-01-03 20:25:47 - [TEST_STEP][PASSED] - Statement - PreSaveFile = new java.io.File(((pathPrefix + java.lang.Integer.toString(counter)) + .png)): null

2019-01-03 20:25:47 - [TEST_STEP][PASSED] - Statement - counter = counter + 1: null

2019-01-03 20:25:47 - [TEST_STEP][PASSED] - Statement - PreSaveFile = new java.io.File(((pathPrefix + java.lang.Integer.toString(counter)) + .png)): null

2019-01-03 20:25:47 - [TEST_STEP][PASSED] - Statement - counter = counter + 1: null

2019-01-03 20:25:47 - [TEST_STEP][PASSED] - Statement - PreSaveFile = new java.io.File(((pathPrefix + java.lang.Integer.toString(counter)) + .png)): null

2019-01-03 20:25:47 - [TEST_STEP][PASSED] - Statement - counter = counter + 1: null

2019-01-03 20:25:47 - [TEST_STEP][PASSED] - Statement - PreSaveFile = new java.io.File(((pathPrefix + java.lang.Integer.toString(counter)) + .png)): null

2019-01-03 20:25:47 - [TEST_STEP][PASSED] - Statement - counter = counter + 1: null

2019-01-03 20:25:47 - [TEST_STEP][PASSED] - Statement - PreSaveFile = new java.io.File(((pathPrefix + java.lang.Integer.toString(counter)) + .png)): null

2019-01-03 20:25:47 - [TEST_STEP][PASSED] - Statement - counter = counter + 1: null

2019-01-03 20:25:47 - [TEST_STEP][PASSED] - Statement - PreSaveFile = new java.io.File(((pathPrefix + java.lang.Integer.toString(counter)) + .png)): null

2019-01-03 20:25:47 - [TEST_STEP][PASSED] - Statement - counter = counter + 1: null

2019-01-03 20:25:47 - [TEST_STEP][PASSED] - Statement - PreSaveFile = new java.io.File(((pathPrefix + java.lang.Integer.toString(counter)) + .png)): null

2019-01-03 20:25:47 - [TEST_STEP][PASSED] - Statement - counter = counter + 1: null

2019-01-03 20:25:47 - [TEST_STEP][PASSED] - Statement - PreSaveFile = new java.io.File(((pathPrefix + java.lang.Integer.toString(counter)) + .png)): null

2019-01-03 20:25:47 - [TEST_STEP][PASSED] - Statement - counter = counter + 1: null

2019-01-03 20:25:47 - [TEST_STEP][PASSED] - Statement - PreSaveFile = new java.io.File(((pathPrefix + java.lang.Integer.toString(counter)) + .png)): null

2019-01-03 20:25:47 - [TEST_STEP][PASSED] - Statement - counter = counter + 1: null

2019-01-03 20:25:47 - [TEST_STEP][PASSED] - Statement - PreSaveFile = new java.io.File(((pathPrefix + java.lang.Integer.toString(counter)) + .png)): null

2019-01-03 20:25:47 - [TEST_STEP][PASSED] - Statement - counter = counter + 1: null

2019-01-03 20:25:47 - [TEST_STEP][PASSED] - Statement - PreSaveFile = new java.io.File(((pathPrefix + java.lang.Integer.toString(counter)) + .png)): null

2019-01-03 20:25:47 - [TEST_STEP][PASSED] - Statement - counter = counter + 1: null

2019-01-03 20:25:47 - [TEST_STEP][PASSED] - Statement - PreSaveFile = new java.io.File(((pathPrefix + java.lang.Integer.toString(counter)) + .png)): null

2019-01-03 20:25:47 - [TEST_STEP][PASSED] - Statement - counter = counter + 1: null

2019-01-03 20:25:47 - [TEST_STEP][PASSED] - Statement - PreSaveFile = new java.io.File(((pathPrefix + java.lang.Integer.toString(counter)) + .png)): null

2019-01-03 20:25:47 - [TEST_STEP][PASSED] - Statement - counter = counter + 1: null

2019-01-03 20:25:47 - [TEST_STEP][PASSED] - Statement - PreSaveFile = new java.io.File(((pathPrefix + java.lang.Integer.toString(counter)) + .png)): null

2019-01-03 20:25:47 - [TEST_STEP][PASSED] - Statement - counter = counter + 1: null

2019-01-03 20:25:47 - [TEST_STEP][PASSED] - Statement - PreSaveFile = new java.io.File(((pathPrefix + java.lang.Integer.toString(counter)) + .png)): null

2019-01-03 20:25:47 - [TEST_STEP][PASSED] - Statement - counter = counter + 1: null

2019-01-03 20:25:47 - [TEST_STEP][PASSED] - Statement - PreSaveFile = new java.io.File(((pathPrefix + java.lang.Integer.toString(counter)) + .png)): null

2019-01-03 20:25:47 - [TEST_STEP][PASSED] - Statement - counter = counter + 1: null

2019-01-03 20:25:47 - [TEST_STEP][PASSED] - Statement - PreSaveFile = new java.io.File(((pathPrefix + java.lang.Integer.toString(counter)) + .png)): null

2019-01-03 20:25:47 - [TEST_STEP][PASSED] - Statement - counter = counter + 1: null

2019-01-03 20:25:47 - [TEST_STEP][PASSED] - Statement - PreSaveFile = new java.io.File(((pathPrefix + java.lang.Integer.toString(counter)) + .png)): null

2019-01-03 20:25:47 - [TEST_STEP][PASSED] - Statement - counter = counter + 1: null

2019-01-03 20:25:47 - [TEST_STEP][PASSED] - Statement - PreSaveFile = new java.io.File(((pathPrefix + java.lang.Integer.toString(counter)) + .png)): null

2019-01-03 20:25:47 - [TEST_STEP][PASSED] - Statement - counter = counter + 1: null

2019-01-03 20:25:47 - [TEST_STEP][PASSED] - Statement - PreSaveFile = new java.io.File(((pathPrefix + java.lang.Integer.toString(counter)) + .png)): null

2019-01-03 20:25:47 - [TEST_STEP][PASSED] - Statement - counter = counter + 1: null

2019-01-03 20:25:47 - [TEST_STEP][PASSED] - Statement - PreSaveFile = new java.io.File(((pathPrefix + java.lang.Integer.toString(counter)) + .png)): null

2019-01-03 20:25:47 - [TEST_STEP][PASSED] - Statement - counter = counter + 1: null

2019-01-03 20:25:47 - [TEST_STEP][PASSED] - Statement - PreSaveFile = new java.io.File(((pathPrefix + java.lang.Integer.toString(counter)) + .png)): null

2019-01-03 20:25:47 - [TEST_STEP][PASSED] - Statement - counter = counter + 1: null

2019-01-03 20:25:47 - [TEST_STEP][PASSED] - Statement - PreSaveFile = new java.io.File(((pathPrefix + java.lang.Integer.toString(counter)) + .png)): null

2019-01-03 20:25:47 - [TEST_STEP][PASSED] - Statement - counter = counter + 1: null

2019-01-03 20:25:47 - [TEST_STEP][PASSED] - Statement - PreSaveFile = new java.io.File(((pathPrefix + java.lang.Integer.toString(counter)) + .png)): null

2019-01-03 20:25:47 - [TEST_STEP][PASSED] - Statement - counter = counter + 1: null

2019-01-03 20:25:47 - [TEST_STEP][PASSED] - Statement - PreSaveFile = new java.io.File(((pathPrefix + java.lang.Integer.toString(counter)) + .png)): null

2019-01-03 20:25:47 - [TEST_STEP][PASSED] - Statement - counter = counter + 1: null

2019-01-03 20:25:47 - [TEST_STEP][PASSED] - Statement - PreSaveFile = new java.io.File(((pathPrefix + java.lang.Integer.toString(counter)) + .png)): null

2019-01-03 20:25:47 - [TEST_STEP][PASSED] - Statement - counter = counter + 1: null

2019-01-03 20:25:47 - [TEST_STEP][PASSED] - Statement - PreSaveFile = new java.io.File(((pathPrefix + java.lang.Integer.toString(counter)) + .png)): null

2019-01-03 20:25:47 - [TEST_STEP][PASSED] - Statement - counter = counter + 1: null

2019-01-03 20:25:47 - [TEST_STEP][PASSED] - Statement - PreSaveFile = new java.io.File(((pathPrefix + java.lang.Integer.toString(counter)) + .png)): null

2019-01-03 20:25:47 - [TEST_STEP][PASSED] - Statement - counter = counter + 1: null

2019-01-03 20:25:47 - [TEST_STEP][PASSED] - Statement - PreSaveFile = new java.io.File(((pathPrefix + java.lang.Integer.toString(counter)) + .png)): null

2019-01-03 20:25:47 - [TEST_STEP][PASSED] - Statement - counter = counter + 1: null

2019-01-03 20:25:47 - [TEST_STEP][PASSED] - Statement - PreSaveFile = new java.io.File(((pathPrefix + java.lang.Integer.toString(counter)) + .png)): null

2019-01-03 20:25:47 - [TEST_STEP][PASSED] - Statement - counter = counter + 1: null

2019-01-03 20:25:47 - [TEST_STEP][PASSED] - Statement - PreSaveFile = new java.io.File(((pathPrefix + java.lang.Integer.toString(counter)) + .png)): null

2019-01-03 20:25:47 - [TEST_STEP][PASSED] - Statement - counter = counter + 1: null

2019-01-03 20:25:47 - [TEST_STEP][PASSED] - Statement - PreSaveFile = new java.io.File(((pathPrefix + java.lang.Integer.toString(counter)) + .png)): null

2019-01-03 20:25:47 - [TEST_STEP][PASSED] - Statement - counter = counter + 1: null

2019-01-03 20:25:47 - [TEST_STEP][PASSED] - Statement - PreSaveFile = new java.io.File(((pathPrefix + java.lang.Integer.toString(counter)) + .png)): null

2019-01-03 20:25:47 - [TEST_STEP][PASSED] - Statement - counter = counter + 1: null

2019-01-03 20:25:47 - [TEST_STEP][PASSED] - Statement - PreSaveFile = new java.io.File(((pathPrefix + java.lang.Integer.toString(counter)) + .png)): null

2019-01-03 20:25:47 - [TEST_STEP][PASSED] - Statement - counter = counter + 1: null

2019-01-03 20:25:47 - [TEST_STEP][PASSED] - Statement - PreSaveFile = new java.io.File(((pathPrefix + java.lang.Integer.toString(counter)) + .png)): null

2019-01-03 20:25:47 - [TEST_STEP][PASSED] - Statement - counter = counter + 1: null

2019-01-03 20:25:47 - [TEST_STEP][PASSED] - Statement - PreSaveFile = new java.io.File(((pathPrefix + java.lang.Integer.toString(counter)) + .png)): null

2019-01-03 20:25:47 - [TEST_STEP][PASSED] - Statement - counter = counter + 1: null

2019-01-03 20:25:47 - [TEST_STEP][PASSED] - Statement - PreSaveFile = new java.io.File(((pathPrefix + java.lang.Integer.toString(counter)) + .png)): null

2019-01-03 20:25:47 - [TEST_STEP][PASSED] - Statement - counter = counter + 1: null

2019-01-03 20:25:47 - [TEST_STEP][PASSED] - Statement - PreSaveFile = new java.io.File(((pathPrefix + java.lang.Integer.toString(counter)) + .png)): null

2019-01-03 20:25:47 - [TEST_STEP][PASSED] - Statement - counter = counter + 1: null

2019-01-03 20:25:47 - [TEST_STEP][PASSED] - Statement - PreSaveFile = new java.io.File(((pathPrefix + java.lang.Integer.toString(counter)) + .png)): null

2019-01-03 20:25:47 - [TEST_STEP][PASSED] - Statement - counter = counter + 1: null

2019-01-03 20:25:47 - [TEST_STEP][PASSED] - Statement - PreSaveFile = new java.io.File(((pathPrefix + java.lang.Integer.toString(counter)) + .png)): null

2019-01-03 20:25:47 - [TEST_STEP][PASSED] - Statement - counter = counter + 1: null

2019-01-03 20:25:47 - [TEST_STEP][PASSED] - Statement - PreSaveFile = new java.io.File(((pathPrefix + java.lang.Integer.toString(counter)) + .png)): null

2019-01-03 20:25:47 - [TEST_STEP][PASSED] - Statement - counter = counter + 1: null

2019-01-03 20:25:47 - [TEST_STEP][PASSED] - Statement - PreSaveFile = new java.io.File(((pathPrefix + java.lang.Integer.toString(counter)) + .png)): null

2019-01-03 20:25:47 - [TEST_STEP][PASSED] - Statement - counter = counter + 1: null

2019-01-03 20:25:47 - [TEST_STEP][PASSED] - Statement - PreSaveFile = new java.io.File(((pathPrefix + java.lang.Integer.toString(counter)) + .png)): null

2019-01-03 20:25:47 - [TEST_STEP][PASSED] - Statement - counter = counter + 1: null

2019-01-03 20:25:47 - [TEST_STEP][PASSED] - Statement - PreSaveFile = new java.io.File(((pathPrefix + java.lang.Integer.toString(counter)) + .png)): null

2019-01-03 20:25:47 - [TEST_STEP][PASSED] - Statement - counter = counter + 1: null

2019-01-03 20:25:47 - [TEST_STEP][PASSED] - Statement - PreSaveFile = new java.io.File(((pathPrefix + java.lang.Integer.toString(counter)) + .png)): null

2019-01-03 20:25:47 - [TEST_STEP][PASSED] - Statement - counter = counter + 1: null

2019-01-03 20:25:47 - [TEST_STEP][PASSED] - Statement - PreSaveFile = new java.io.File(((pathPrefix + java.lang.Integer.toString(counter)) + .png)): null

2019-01-03 20:25:47 - [TEST_STEP][PASSED] - Statement - counter = counter + 1: null

2019-01-03 20:25:47 - [TEST_STEP][PASSED] - Statement - PreSaveFile = new java.io.File(((pathPrefix + java.lang.Integer.toString(counter)) + .png)): null

2019-01-03 20:25:47 - [TEST_STEP][PASSED] - Statement - counter = counter + 1: null

2019-01-03 20:25:47 - [TEST_STEP][PASSED] - Statement - PreSaveFile = new java.io.File(((pathPrefix + java.lang.Integer.toString(counter)) + .png)): null

2019-01-03 20:25:47 - [TEST_STEP][PASSED] - Statement - counter = counter + 1: null

2019-01-03 20:25:47 - [TEST_STEP][PASSED] - Statement - PreSaveFile = new java.io.File(((pathPrefix + java.lang.Integer.toString(counter)) + .png)): null

2019-01-03 20:25:47 - [TEST_STEP][PASSED] - Statement - counter = counter + 1: null

2019-01-03 20:25:47 - [TEST_STEP][PASSED] - Statement - PreSaveFile = new java.io.File(((pathPrefix + java.lang.Integer.toString(counter)) + .png)): null

2019-01-03 20:25:47 - [TEST_STEP][PASSED] - Statement - counter = counter + 1: null

2019-01-03 20:25:47 - [TEST_STEP][PASSED] - Statement - PreSaveFile = new java.io.File(((pathPrefix + java.lang.Integer.toString(counter)) + .png)): null

2019-01-03 20:25:47 - [TEST_STEP][PASSED] - Statement - counter = counter + 1: null

2019-01-03 20:25:47 - [TEST_STEP][PASSED] - Statement - PreSaveFile = new java.io.File(((pathPrefix + java.lang.Integer.toString(counter)) + .png)): null

2019-01-03 20:25:47 - [TEST_STEP][PASSED] - Statement - counter = counter + 1: null

2019-01-03 20:25:47 - [TEST_STEP][PASSED] - Statement - PreSaveFile = new java.io.File(((pathPrefix + java.lang.Integer.toString(counter)) + .png)): null

2019-01-03 20:25:47 - [TEST_STEP][PASSED] - Statement - counter = counter + 1: null

2019-01-03 20:25:47 - [TEST_STEP][PASSED] - Statement - PreSaveFile = new java.io.File(((pathPrefix + java.lang.Integer.toString(counter)) + .png)): null

2019-01-03 20:25:47 - [TEST_STEP][PASSED] - Statement - counter = counter + 1: null

2019-01-03 20:25:47 - [TEST_STEP][PASSED] - Statement - PreSaveFile = new java.io.File(((pathPrefix + java.lang.Integer.toString(counter)) + .png)): null

2019-01-03 20:25:47 - [TEST_STEP][PASSED] - Statement - counter = counter + 1: null

2019-01-03 20:25:47 - [TEST_STEP][PASSED] - Statement - PreSaveFile = new java.io.File(((pathPrefix + java.lang.Integer.toString(counter)) + .png)): null

2019-01-03 20:25:47 - [TEST_STEP][PASSED] - Statement - counter = counter + 1: null

2019-01-03 20:25:47 - [TEST_STEP][PASSED] - Statement - PreSaveFile = new java.io.File(((pathPrefix + java.lang.Integer.toString(counter)) + .png)): null

2019-01-03 20:25:47 - [TEST_STEP][PASSED] - Statement - counter = counter + 1: null

2019-01-03 20:25:47 - [TEST_STEP][PASSED] - Statement - PreSaveFile = new java.io.File(((pathPrefix + java.lang.Integer.toString(counter)) + .png)): null

2019-01-03 20:25:47 - [TEST_STEP][PASSED] - Statement - counter = counter + 1: null

2019-01-03 20:25:47 - [TEST_STEP][PASSED] - Statement - PreSaveFile = new java.io.File(((pathPrefix + java.lang.Integer.toString(counter)) + .png)): null

2019-01-03 20:25:47 - [TEST_STEP][PASSED] - Statement - counter = counter + 1: null

2019-01-03 20:25:47 - [TEST_STEP][PASSED] - Statement - PreSaveFile = new java.io.File(((pathPrefix + java.lang.Integer.toString(counter)) + .png)): null

2019-01-03 20:25:47 - [TEST_STEP][PASSED] - Statement - counter = counter + 1: null

2019-01-03 20:25:47 - [TEST_STEP][PASSED] - Statement - PreSaveFile = new java.io.File(((pathPrefix + java.lang.Integer.toString(counter)) + .png)): null

2019-01-03 20:25:47 - [TEST_STEP][PASSED] - Statement - counter = counter + 1: null

2019-01-03 20:25:47 - [TEST_STEP][PASSED] - Statement - PreSaveFile = new java.io.File(((pathPrefix + java.lang.Integer.toString(counter)) + .png)): null

2019-01-03 20:25:47 - [TEST_STEP][PASSED] - Statement - counter = counter + 1: null

2019-01-03 20:25:47 - [TEST_STEP][PASSED] - Statement - PreSaveFile = new java.io.File(((pathPrefix + java.lang.Integer.toString(counter)) + .png)): null

2019-01-03 20:25:47 - [TEST_STEP][PASSED] - Statement - counter = counter + 1: null

2019-01-03 20:25:47 - [TEST_STEP][PASSED] - Statement - PreSaveFile = new java.io.File(((pathPrefix + java.lang.Integer.toString(counter)) + .png)): null

2019-01-03 20:25:47 - [TEST_STEP][PASSED] - Statement - counter = counter + 1: null

2019-01-03 20:25:47 - [TEST_STEP][PASSED] - Statement - PreSaveFile = new java.io.File(((pathPrefix + java.lang.Integer.toString(counter)) + .png)): null

2019-01-03 20:25:47 - [TEST_STEP][PASSED] - Statement - counter = counter + 1: null

2019-01-03 20:25:47 - [TEST_STEP][PASSED] - Statement - PreSaveFile = new java.io.File(((pathPrefix + java.lang.Integer.toString(counter)) + .png)): null

2019-01-03 20:25:47 - [TEST_STEP][PASSED] - Statement - counter = counter + 1: null

2019-01-03 20:25:47 - [TEST_STEP][PASSED] - Statement - PreSaveFile = new java.io.File(((pathPrefix + java.lang.Integer.toString(counter)) + .png)): null

2019-01-03 20:25:47 - [TEST_STEP][PASSED] - Statement - counter = counter + 1: null

2019-01-03 20:25:47 - [TEST_STEP][PASSED] - Statement - PreSaveFile = new java.io.File(((pathPrefix + java.lang.Integer.toString(counter)) + .png)): null

2019-01-03 20:25:47 - [TEST_STEP][PASSED] - Statement - counter = counter + 1: null

2019-01-03 20:25:47 - [TEST_STEP][PASSED] - Statement - PreSaveFile = new java.io.File(((pathPrefix + java.lang.Integer.toString(counter)) + .png)): null

2019-01-03 20:25:47 - [TEST_STEP][PASSED] - Statement - counter = counter + 1: null

2019-01-03 20:25:47 - [TEST_STEP][PASSED] - Statement - PreSaveFile = new java.io.File(((pathPrefix + java.lang.Integer.toString(counter)) + .png)): null

2019-01-03 20:25:47 - [TEST_STEP][PASSED] - Statement - counter = counter + 1: null

2019-01-03 20:25:47 - [TEST_STEP][PASSED] - Statement - PreSaveFile = new java.io.File(((pathPrefix + java.lang.Integer.toString(counter)) + .png)): null

2019-01-03 20:25:47 - [TEST_STEP][PASSED] - Statement - counter = counter + 1: null

2019-01-03 20:25:47 - [TEST_STEP][PASSED] - Statement - PreSaveFile = new java.io.File(((pathPrefix + java.lang.Integer.toString(counter)) + .png)): null

2019-01-03 20:25:47 - [TEST_STEP][PASSED] - Statement - counter = counter + 1: null

2019-01-03 20:25:47 - [TEST_STEP][PASSED] - Statement - PreSaveFile = new java.io.File(((pathPrefix + java.lang.Integer.toString(counter)) + .png)): null

2019-01-03 20:25:47 - [TEST_STEP][PASSED] - Statement - counter = counter + 1: null

2019-01-03 20:25:47 - [TEST_STEP][PASSED] - Statement - PreSaveFile = new java.io.File(((pathPrefix + java.lang.Integer.toString(counter)) + .png)): null

2019-01-03 20:25:47 - [TEST_STEP][PASSED] - Statement - counter = counter + 1: null

2019-01-03 20:25:47 - [TEST_STEP][PASSED] - Statement - PreSaveFile = new java.io.File(((pathPrefix + java.lang.Integer.toString(counter)) + .png)): null

2019-01-03 20:25:47 - [TEST_STEP][PASSED] - Statement - counter = counter + 1: null

2019-01-03 20:25:47 - [TEST_STEP][PASSED] - Statement - PreSaveFile = new java.io.File(((pathPrefix + java.lang.Integer.toString(counter)) + .png)): null

2019-01-03 20:25:47 - [TEST_STEP][PASSED] - Statement - counter = counter + 1: null

2019-01-03 20:25:47 - [TEST_STEP][PASSED] - Statement - PreSaveFile = new java.io.File(((pathPrefix + java.lang.Integer.toString(counter)) + .png)): null

2019-01-03 20:25:47 - [TEST_STEP][PASSED] - Statement - counter = counter + 1: null

2019-01-03 20:25:47 - [TEST_STEP][PASSED] - Statement - PreSaveFile = new java.io.File(((pathPrefix + java.lang.Integer.toString(counter)) + .png)): null

2019-01-03 20:25:47 - [TEST_STEP][PASSED] - Statement - counter = counter + 1: null

2019-01-03 20:25:47 - [TEST_STEP][PASSED] - Statement - PreSaveFile = new java.io.File(((pathPrefix + java.lang.Integer.toString(counter)) + .png)): null

2019-01-03 20:25:47 - [TEST_STEP][PASSED] - Statement - counter = counter + 1: null

2019-01-03 20:25:47 - [TEST_STEP][PASSED] - Statement - PreSaveFile = new java.io.File(((pathPrefix + java.lang.Integer.toString(counter)) + .png)): null

2019-01-03 20:25:47 - [TEST_STEP][PASSED] - Statement - counter = counter + 1: null

2019-01-03 20:25:47 - [TEST_STEP][PASSED] - Statement - PreSaveFile = new java.io.File(((pathPrefix + java.lang.Integer.toString(counter)) + .png)): null

2019-01-03 20:25:47 - [TEST_STEP][PASSED] - Statement - counter = counter + 1: null

2019-01-03 20:25:47 - [TEST_STEP][PASSED] - Statement - PreSaveFile = new java.io.File(((pathPrefix + java.lang.Integer.toString(counter)) + .png)): null

2019-01-03 20:25:47 - [TEST_STEP][PASSED] - Statement - counter = counter + 1: null

2019-01-03 20:25:47 - [TEST_STEP][PASSED] - Statement - PreSaveFile = new java.io.File(((pathPrefix + java.lang.Integer.toString(counter)) + .png)): null

2019-01-03 20:25:47 - [TEST_STEP][PASSED] - Statement - counter = counter + 1: null

2019-01-03 20:25:47 - [TEST_STEP][PASSED] - Statement - PreSaveFile = new java.io.File(((pathPrefix + java.lang.Integer.toString(counter)) + .png)): null

2019-01-03 20:25:47 - [TEST_STEP][PASSED] - Statement - counter = counter + 1: null

2019-01-03 20:25:47 - [TEST_STEP][PASSED] - Statement - PreSaveFile = new java.io.File(((pathPrefix + java.lang.Integer.toString(counter)) + .png)): null

2019-01-03 20:25:47 - [TEST_STEP][PASSED] - Statement - counter = counter + 1: null

2019-01-03 20:25:47 - [TEST_STEP][PASSED] - Statement - PreSaveFile = new java.io.File(((pathPrefix + java.lang.Integer.toString(counter)) + .png)): null

2019-01-03 20:25:47 - [TEST_STEP][PASSED] - Statement - counter = counter + 1: null

2019-01-03 20:25:47 - [TEST_STEP][PASSED] - Statement - PreSaveFile = new java.io.File(((pathPrefix + java.lang.Integer.toString(counter)) + .png)): null

2019-01-03 20:25:47 - [TEST_STEP][PASSED] - Statement - counter = counter + 1: null

2019-01-03 20:25:47 - [TEST_STEP][PASSED] - Statement - PreSaveFile = new java.io.File(((pathPrefix + java.lang.Integer.toString(counter)) + .png)): null

2019-01-03 20:25:47 - [TEST_STEP][PASSED] - Statement - counter = counter + 1: null

2019-01-03 20:25:47 - [TEST_STEP][PASSED] - Statement - PreSaveFile = new java.io.File(((pathPrefix + java.lang.Integer.toString(counter)) + .png)): null

2019-01-03 20:25:47 - [TEST_STEP][PASSED] - Statement - counter = counter + 1: null

2019-01-03 20:25:47 - [TEST_STEP][PASSED] - Statement - PreSaveFile = new java.io.File(((pathPrefix + java.lang.Integer.toString(counter)) + .png)): null

2019-01-03 20:25:47 - [TEST_STEP][PASSED] - Statement - counter = counter + 1: null

2019-01-03 20:25:47 - [TEST_STEP][PASSED] - Statement - PreSaveFile = new java.io.File(((pathPrefix + java.lang.Integer.toString(counter)) + .png)): null

2019-01-03 20:25:47 - [TEST_STEP][PASSED] - Statement - counter = counter + 1: null

2019-01-03 20:25:47 - [TEST_STEP][PASSED] - Statement - PreSaveFile = new java.io.File(((pathPrefix + java.lang.Integer.toString(counter)) + .png)): null

2019-01-03 20:25:47 - [TEST_STEP][PASSED] - Statement - counter = counter + 1: null

2019-01-03 20:25:47 - [TEST_STEP][PASSED] - Statement - PreSaveFile = new java.io.File(((pathPrefix + java.lang.Integer.toString(counter)) + .png)): null

2019-01-03 20:25:47 - [TEST_STEP][PASSED] - Statement - counter = counter + 1: null

2019-01-03 20:25:47 - [TEST_STEP][PASSED] - Statement - PreSaveFile = new java.io.File(((pathPrefix + java.lang.Integer.toString(counter)) + .png)): null

2019-01-03 20:25:47 - [TEST_STEP][PASSED] - Statement - counter = counter + 1: null

2019-01-03 20:25:47 - [TEST_STEP][PASSED] - Statement - PreSaveFile = new java.io.File(((pathPrefix + java.lang.Integer.toString(counter)) + .png)): null

2019-01-03 20:25:47 - [TEST_STEP][PASSED] - Statement - counter = counter + 1: null

2019-01-03 20:25:47 - [TEST_STEP][PASSED] - Statement - PreSaveFile = new java.io.File(((pathPrefix + java.lang.Integer.toString(counter)) + .png)): null

2019-01-03 20:25:47 - [TEST_STEP][PASSED] - Statement - counter = counter + 1: null

2019-01-03 20:25:47 - [TEST_STEP][PASSED] - Statement - PreSaveFile = new java.io.File(((pathPrefix + java.lang.Integer.toString(counter)) + .png)): null

2019-01-03 20:25:47 - [TEST_STEP][PASSED] - Statement - counter = counter + 1: null

2019-01-03 20:25:47 - [TEST_STEP][PASSED] - Statement - PreSaveFile = new java.io.File(((pathPrefix + java.lang.Integer.toString(counter)) + .png)): null

2019-01-03 20:25:47 - [TEST_STEP][PASSED] - Statement - counter = counter + 1: null

2019-01-03 20:25:47 - [TEST_STEP][PASSED] - Statement - PreSaveFile = new java.io.File(((pathPrefix + java.lang.Integer.toString(counter)) + .png)): null

2019-01-03 20:25:47 - [TEST_STEP][PASSED] - Statement - counter = counter + 1: null

2019-01-03 20:25:47 - [TEST_STEP][PASSED] - Statement - PreSaveFile = new java.io.File(((pathPrefix + java.lang.Integer.toString(counter)) + .png)): null

2019-01-03 20:25:47 - [TEST_STEP][PASSED] - Statement - counter = counter + 1: null

2019-01-03 20:25:47 - [TEST_STEP][PASSED] - Statement - PreSaveFile = new java.io.File(((pathPrefix + java.lang.Integer.toString(counter)) + .png)): null

2019-01-03 20:25:47 - [TEST_STEP][PASSED] - Statement - counter = counter + 1: null

2019-01-03 20:25:47 - [TEST_STEP][PASSED] - Statement - PreSaveFile = new java.io.File(((pathPrefix + java.lang.Integer.toString(counter)) + .png)): null

2019-01-03 20:25:47 - [TEST_STEP][PASSED] - Statement - counter = counter + 1: null

2019-01-03 20:25:47 - [TEST_STEP][PASSED] - Statement - PreSaveFile = new java.io.File(((pathPrefix + java.lang.Integer.toString(counter)) + .png)): null

2019-01-03 20:25:47 - [TEST_STEP][PASSED] - Statement - counter = counter + 1: null

2019-01-03 20:25:47 - [TEST_STEP][PASSED] - Statement - PreSaveFile = new java.io.File(((pathPrefix + java.lang.Integer.toString(counter)) + .png)): null

2019-01-03 20:25:47 - [TEST_STEP][PASSED] - Statement - counter = counter + 1: null

2019-01-03 20:25:47 - [TEST_STEP][PASSED] - Statement - PreSaveFile = new java.io.File(((pathPrefix + java.lang.Integer.toString(counter)) + .png)): null

2019-01-03 20:25:47 - [TEST_STEP][PASSED] - Statement - counter = counter + 1: null

2019-01-03 20:25:47 - [TEST_STEP][PASSED] - Statement - PreSaveFile = new java.io.File(((pathPrefix + java.lang.Integer.toString(counter)) + .png)): null

2019-01-03 20:25:47 - [TEST_STEP][PASSED] - Statement - counter = counter + 1: null

2019-01-03 20:25:47 - [TEST_STEP][PASSED] - Statement - PreSaveFile = new java.io.File(((pathPrefix + java.lang.Integer.toString(counter)) + .png)): null

2019-01-03 20:25:47 - [TEST_STEP][PASSED] - Statement - counter = counter + 1: null

2019-01-03 20:25:47 - [TEST_STEP][PASSED] - Statement - PreSaveFile = new java.io.File(((pathPrefix + java.lang.Integer.toString(counter)) + .png)): null

2019-01-03 20:25:47 - [TEST_STEP][PASSED] - Statement - counter = counter + 1: null

2019-01-03 20:25:47 - [TEST_STEP][PASSED] - Statement - PreSaveFile = new java.io.File(((pathPrefix + java.lang.Integer.toString(counter)) + .png)): null

2019-01-03 20:25:47 - [TEST_STEP][PASSED] - Statement - counter = counter + 1: null

2019-01-03 20:25:47 - [TEST_STEP][PASSED] - Statement - PreSaveFile = new java.io.File(((pathPrefix + java.lang.Integer.toString(counter)) + .png)): null

2019-01-03 20:25:47 - [TEST_STEP][PASSED] - Statement - counter = counter + 1: null

2019-01-03 20:25:47 - [TEST_STEP][PASSED] - Statement - PreSaveFile = new java.io.File(((pathPrefix + java.lang.Integer.toString(counter)) + .png)): null

2019-01-03 20:25:47 - [TEST_STEP][PASSED] - Statement - counter = counter + 1: null

2019-01-03 20:25:47 - [TEST_STEP][PASSED] - Statement - PreSaveFile = new java.io.File(((pathPrefix + java.lang.Integer.toString(counter)) + .png)): null

2019-01-03 20:25:47 - [TEST_STEP][PASSED] - Statement - counter = counter + 1: null

2019-01-03 20:25:47 - [TEST_STEP][PASSED] - Statement - PreSaveFile = new java.io.File(((pathPrefix + java.lang.Integer.toString(counter)) + .png)): null

2019-01-03 20:25:47 - [TEST_STEP][PASSED] - Statement - counter = counter + 1: null

2019-01-03 20:25:47 - [TEST_STEP][PASSED] - Statement - PreSaveFile = new java.io.File(((pathPrefix + java.lang.Integer.toString(counter)) + .png)): null

2019-01-03 20:25:47 - [TEST_STEP][PASSED] - Statement - counter = counter + 1: null

2019-01-03 20:25:47 - [TEST_STEP][PASSED] - Statement - PreSaveFile = new java.io.File(((pathPrefix + java.lang.Integer.toString(counter)) + .png)): null

2019-01-03 20:25:47 - [TEST_STEP][PASSED] - Statement - counter = counter + 1: null

2019-01-03 20:25:47 - [TEST_STEP][PASSED] - Statement - PreSaveFile = new java.io.File(((pathPrefix + java.lang.Integer.toString(counter)) + .png)): null

2019-01-03 20:25:47 - [TEST_STEP][PASSED] - Statement - counter = counter + 1: null

2019-01-03 20:25:47 - [TEST_STEP][PASSED] - Statement - PreSaveFile = new java.io.File(((pathPrefix + java.lang.Integer.toString(counter)) + .png)): null

2019-01-03 20:25:47 - [TEST_STEP][PASSED] - Statement - counter = counter + 1: null

2019-01-03 20:25:47 - [TEST_STEP][PASSED] - Statement - PreSaveFile = new java.io.File(((pathPrefix + java.lang.Integer.toString(counter)) + .png)): null

2019-01-03 20:25:47 - [TEST_STEP][PASSED] - Statement - counter = counter + 1: null

2019-01-03 20:25:47 - [TEST_STEP][PASSED] - Statement - PreSaveFile = new java.io.File(((pathPrefix + java.lang.Integer.toString(counter)) + .png)): null

2019-01-03 20:25:47 - [TEST_STEP][PASSED] - Statement - counter = counter + 1: null

2019-01-03 20:25:47 - [TEST_STEP][PASSED] - Statement - PreSaveFile = new java.io.File(((pathPrefix + java.lang.Integer.toString(counter)) + .png)): null

2019-01-03 20:25:47 - [TEST_STEP][PASSED] - Statement - counter = counter + 1: null

2019-01-03 20:25:47 - [TEST_STEP][PASSED] - Statement - PreSaveFile = new java.io.File(((pathPrefix + java.lang.Integer.toString(counter)) + .png)): null

2019-01-03 20:25:47 - [TEST_STEP][PASSED] - Statement - counter = counter + 1: null

2019-01-03 20:25:47 - [TEST_STEP][PASSED] - Statement - PreSaveFile = new java.io.File(((pathPrefix + java.lang.Integer.toString(counter)) + .png)): null

2019-01-03 20:25:47 - [TEST_STEP][PASSED] - Statement - counter = counter + 1: null

2019-01-03 20:25:47 - [TEST_STEP][PASSED] - Statement - PreSaveFile = new java.io.File(((pathPrefix + java.lang.Integer.toString(counter)) + .png)): null

2019-01-03 20:25:47 - [TEST_STEP][PASSED] - Statement - counter = counter + 1: null

2019-01-03 20:25:47 - [TEST_STEP][PASSED] - Statement - PreSaveFile = new java.io.File(((pathPrefix + java.lang.Integer.toString(counter)) + .png)): null

2019-01-03 20:25:47 - [TEST_STEP][PASSED] - Statement - counter = counter + 1: null

2019-01-03 20:25:47 - [TEST_STEP][PASSED] - Statement - PreSaveFile = new java.io.File(((pathPrefix + java.lang.Integer.toString(counter)) + .png)): null

2019-01-03 20:25:47 - [TEST_STEP][PASSED] - Statement - counter = counter + 1: null

2019-01-03 20:25:47 - [TEST_STEP][PASSED] - Statement - PreSaveFile = new java.io.File(((pathPrefix + java.lang.Integer.toString(counter)) + .png)): null

2019-01-03 20:25:47 - [TEST_STEP][PASSED] - Statement - counter = counter + 1: null

2019-01-03 20:25:47 - [TEST_STEP][PASSED] - Statement - PreSaveFile = new java.io.File(((pathPrefix + java.lang.Integer.toString(counter)) + .png)): null

2019-01-03 20:25:47 - [TEST_STEP][PASSED] - Statement - counter = counter + 1: null

2019-01-03 20:25:47 - [TEST_STEP][PASSED] - Statement - PreSaveFile = new java.io.File(((pathPrefix + java.lang.Integer.toString(counter)) + .png)): null

2019-01-03 20:25:47 - [TEST_STEP][PASSED] - Statement - counter = counter + 1: null

2019-01-03 20:25:47 - [TEST_STEP][PASSED] - Statement - PreSaveFile = new java.io.File(((pathPrefix + java.lang.Integer.toString(counter)) + .png)): null

2019-01-03 20:25:47 - [TEST_STEP][PASSED] - Statement - counter = counter + 1: null

2019-01-03 20:25:47 - [TEST_STEP][PASSED] - Statement - PreSaveFile = new java.io.File(((pathPrefix + java.lang.Integer.toString(counter)) + .png)): null

2019-01-03 20:25:47 - [TEST_STEP][PASSED] - Statement - counter = counter + 1: null

2019-01-03 20:25:47 - [TEST_STEP][PASSED] - Statement - PreSaveFile = new java.io.File(((pathPrefix + java.lang.Integer.toString(counter)) + .png)): null

2019-01-03 20:25:47 - [TEST_STEP][PASSED] - Statement - counter = counter + 1: null

2019-01-03 20:25:47 - [TEST_STEP][PASSED] - Statement - PreSaveFile = new java.io.File(((pathPrefix + java.lang.Integer.toString(counter)) + .png)): null

2019-01-03 20:25:47 - [TEST_STEP][PASSED] - Statement - counter = counter + 1: null

2019-01-03 20:25:47 - [TEST_STEP][PASSED] - Statement - PreSaveFile = new java.io.File(((pathPrefix + java.lang.Integer.toString(counter)) + .png)): null

2019-01-03 20:25:47 - [TEST_STEP][PASSED] - Statement - counter = counter + 1: null

2019-01-03 20:25:47 - [TEST_STEP][PASSED] - Statement - PreSaveFile = new java.io.File(((pathPrefix + java.lang.Integer.toString(counter)) + .png)): null

2019-01-03 20:25:47 - [TEST_STEP][PASSED] - Statement - counter = counter + 1: null

2019-01-03 20:25:47 - [TEST_STEP][PASSED] - Statement - PreSaveFile = new java.io.File(((pathPrefix + java.lang.Integer.toString(counter)) + .png)): null

2019-01-03 20:25:47 - [TEST_STEP][PASSED] - Statement - counter = counter + 1: null

2019-01-03 20:25:47 - [TEST_STEP][PASSED] - Statement - PreSaveFile = new java.io.File(((pathPrefix + java.lang.Integer.toString(counter)) + .png)): null

2019-01-03 20:25:47 - [TEST_STEP][PASSED] - Statement - counter = counter + 1: null

2019-01-03 20:25:47 - [TEST_STEP][PASSED] - Statement - PreSaveFile = new java.io.File(((pathPrefix + java.lang.Integer.toString(counter)) + .png)): null

2019-01-03 20:25:47 - [TEST_STEP][PASSED] - Statement - counter = counter + 1: null

2019-01-03 20:25:47 - [TEST_STEP][PASSED] - Statement - PreSaveFile = new java.io.File(((pathPrefix + java.lang.Integer.toString(counter)) + .png)): null

2019-01-03 20:25:47 - [TEST_STEP][PASSED] - Statement - counter = counter + 1: null

2019-01-03 20:25:47 - [TEST_STEP][PASSED] - Statement - PreSaveFile = new java.io.File(((pathPrefix + java.lang.Integer.toString(counter)) + .png)): null

2019-01-03 20:25:47 - [TEST_STEP][PASSED] - Statement - counter = counter + 1: null

2019-01-03 20:25:47 - [TEST_STEP][PASSED] - Statement - PreSaveFile = new java.io.File(((pathPrefix + java.lang.Integer.toString(counter)) + .png)): null

2019-01-03 20:25:47 - [TEST_STEP][PASSED] - Statement - counter = counter + 1: null

2019-01-03 20:25:47 - [TEST_STEP][PASSED] - Statement - PreSaveFile = new java.io.File(((pathPrefix + java.lang.Integer.toString(counter)) + .png)): null

2019-01-03 20:25:47 - [TEST_STEP][PASSED] - Statement - counter = counter + 1: null

2019-01-03 20:25:47 - [TEST_STEP][PASSED] - Statement - PreSaveFile = new java.io.File(((pathPrefix + java.lang.Integer.toString(counter)) + .png)): null

2019-01-03 20:25:47 - [TEST_STEP][PASSED] - Statement - counter = counter + 1: null

2019-01-03 20:25:47 - [TEST_STEP][PASSED] - Statement - PreSaveFile = new java.io.File(((pathPrefix + java.lang.Integer.toString(counter)) + .png)): null

2019-01-03 20:25:47 - [TEST_STEP][PASSED] - Statement - counter = counter + 1: null

2019-01-03 20:25:47 - [TEST_STEP][PASSED] - Statement - PreSaveFile = new java.io.File(((pathPrefix + java.lang.Integer.toString(counter)) + .png)): null

2019-01-03 20:25:47 - [TEST_STEP][PASSED] - Statement - counter = counter + 1: null

2019-01-03 20:25:47 - [TEST_STEP][PASSED] - Statement - PreSaveFile = new java.io.File(((pathPrefix + java.lang.Integer.toString(counter)) + .png)): null

2019-01-03 20:25:47 - [TEST_STEP][PASSED] - Statement - counter = counter + 1: null

2019-01-03 20:25:47 - [TEST_STEP][PASSED] - Statement - PreSaveFile = new java.io.File(((pathPrefix + java.lang.Integer.toString(counter)) + .png)): null

2019-01-03 20:25:47 - [TEST_STEP][PASSED] - Statement - counter = counter + 1: null

2019-01-03 20:25:47 - [TEST_STEP][PASSED] - Statement - PreSaveFile = new java.io.File(((pathPrefix + java.lang.Integer.toString(counter)) + .png)): null

2019-01-03 20:25:47 - [TEST_STEP][PASSED] - Statement - counter = counter + 1: null

2019-01-03 20:25:47 - [TEST_STEP][PASSED] - Statement - PreSaveFile = new java.io.File(((pathPrefix + java.lang.Integer.toString(counter)) + .png)): null

2019-01-03 20:25:47 - [TEST_STEP][PASSED] - Statement - counter = counter + 1: null

2019-01-03 20:25:47 - [TEST_STEP][PASSED] - Statement - PreSaveFile = new java.io.File(((pathPrefix + java.lang.Integer.toString(counter)) + .png)): null

2019-01-03 20:25:47 - [TEST_STEP][PASSED] - Statement - counter = counter + 1: null

2019-01-03 20:25:47 - [TEST_STEP][PASSED] - Statement - PreSaveFile = new java.io.File(((pathPrefix + java.lang.Integer.toString(counter)) + .png)): null

2019-01-03 20:25:47 - [TEST_STEP][PASSED] - Statement - counter = counter + 1: null

2019-01-03 20:25:47 - [TEST_STEP][PASSED] - Statement - PreSaveFile = new java.io.File(((pathPrefix + java.lang.Integer.toString(counter)) + .png)): null

2019-01-03 20:25:47 - [TEST_STEP][PASSED] - Statement - counter = counter + 1: null

2019-01-03 20:25:47 - [TEST_STEP][PASSED] - Statement - PreSaveFile = new java.io.File(((pathPrefix + java.lang.Integer.toString(counter)) + .png)): null

2019-01-03 20:25:47 - [TEST_STEP][PASSED] - Statement - counter = counter + 1: null

2019-01-03 20:25:47 - [TEST_STEP][PASSED] - Statement - PreSaveFile = new java.io.File(((pathPrefix + java.lang.Integer.toString(counter)) + .png)): null

2019-01-03 20:25:47 - [TEST_STEP][PASSED] - Statement - counter = counter + 1: null

2019-01-03 20:25:47 - [TEST_STEP][PASSED] - Statement - PreSaveFile = new java.io.File(((pathPrefix + java.lang.Integer.toString(counter)) + .png)): null

2019-01-03 20:25:47 - [TEST_STEP][PASSED] - Statement - counter = counter + 1: null

2019-01-03 20:25:47 - [TEST_STEP][PASSED] - Statement - PreSaveFile = new java.io.File(((pathPrefix + java.lang.Integer.toString(counter)) + .png)): null

2019-01-03 20:25:47 - [TEST_STEP][PASSED] - Statement - finalPath = pathPrefix + java.lang.Integer.toString(counter) + ".png": null

2019-01-03 20:25:47 - [TEST_STEP][PASSED] - Statement - SaveFile = new java.io.File(finalPath): null

2019-01-03 20:25:47 - [TEST_STEP][PASSED] - Statement - Try: null

2019-01-03 20:25:47 - [TEST_STEP][PASSED] - Statement - org.apache.commons.io.FileUtils.copyFile(scrFile, SaveFile): null

2019-01-03 20:25:47 - [TEST_STEP][PASSED] - Statement - out.println("file kept"): null

2019-01-03 20:25:47 - [TEST_STEP][PASSED] - delay: Delayed 10 second(s)

2019-01-03 20:25:57 - [MESSAGE][PASSED] - Delayed 10 second(s)

2019-01-03 20:25:57 - [MESSAGE][PASSED] - Call Test Case 'Test Cases/Final Aug 2018 - PKS Automation/Registration Module/New Registration/Submit and Screenshot/Submit Registration and Screenshot - Copy' successfully

2019-01-03 20:25:57 - [TEST_STEP][PASSED] - Statement - UpdateAddNewECode = com.kms.katalon.core.webui.keyword.WebUiBuiltInKeywords.getText(com.kms.katalon.core.testobject.ObjectRepository.findTestObject(Object Repository/Final Object Repo/Page_Update Add New Employee - ASSIST/getEmpCode)): Text of object 'Object Repository/Final Object Repo/Page_Update Add New Employee - ASSIST/getEmpCode' is: 'E1102071100V'

2019-01-03 20:25:57 - [MESSAGE][PASSED] - Text of object 'Object Repository/Final Object Repo/Page_Update Add New Employee - ASSIST/getEmpCode' is: 'E1102071100V'

2019-01-03 20:25:57 - [TEST_STEP][PASSED] - callTestCase: Call Test Case 'Test Cases/Final Aug 2018 - PKS Automation/Common/Emp Code Setter' successfully

2019-01-03 20:25:58 - [TEST_CASE][PASSED] - Test Cases/Final Aug 2018 - PKS Automation/Common/Emp Code Setter: Test Cases/Final Aug 2018 - PKS Automation/Common/Emp Code Setter

2019-01-03 20:25:58 - [TEST_STEP][PASSED] - Statement - EmpCodeOld = new java.io.File(C://Users//Admin//Desktop//PKS//Automation Reference Point//EmpCode.txt): null

2019-01-03 20:25:58 - [TEST_STEP][PASSED] - Statement - EmpCodeOld.delete(): null

2019-01-03 20:25:58 - [TEST_STEP][PASSED] - Statement - EmpCode = new java.io.File(C://Users//Admin//Desktop//PKS//Automation Reference Point//EmpCode.txt): null

2019-01-03 20:25:58 - [TEST_STEP][PASSED] - Statement - f2 = new java.io.FileWriter(EmpCode, false): null

2019-01-03 20:25:58 - [TEST_STEP][PASSED] - Statement - f2.write(UpdateAddNewECode): null

2019-01-03 20:25:58 - [TEST_STEP][PASSED] - Statement - f2.close(): null

2019-01-03 20:25:58 - [TEST_STEP][PASSED] - Statement - out.println("


" + UpdateAddNewECode + "


"): null

2019-01-03 20:25:58 - [MESSAGE][PASSED] - Call Test Case 'Test Cases/Final Aug 2018 - PKS Automation/Common/Emp Code Setter' successfully

2019-01-03 20:25:58 - [MESSAGE][PASSED] - Call Test Case 'Test Cases/Final Aug 2018 - PKS Automation/Registration Module/Workflow/Update Add New Employee/Template/New Company for Update Add New - Employer' successfully

2019-01-03 20:25:58 - [TEST_STEP][PASSED] - callTestCase: Call Test Case 'Test Cases/Final Aug 2018 - PKS Automation/Create Employer Acc/Login to Employer Account (Second time)' successfully

2019-01-03 20:25:58 - [TEST_CASE][PASSED] - Test Cases/Final Aug 2018 - PKS Automation/Create Employer Acc/Login to Employer Account (Second time): Test Cases/Final Aug 2018 - PKS Automation/Create Employer Acc/Login to Employer Account (Second time)

2019-01-03 20:25:58 - [TEST_STEP][PASSED] - openBrowser: Browser is opened with url: ''

2019-01-03 20:25:58 - [MESSAGE][WARNING] - A browser is already opened. Closing browser and opening a new one

2019-01-03 20:26:02 - [MESSAGE][PASSED] - Browser is opened with url: ''

2019-01-03 20:26:02 - [TEST_STEP][PASSED] - navigateToUrl: Navigate to 'https://assist2-uat.perkeso.gov.my/employer/login' successfully

2019-01-03 20:26:03 - [MESSAGE][PASSED] - Navigate to 'https://assist2-uat.perkeso.gov.my/employer/login' successfully

2019-01-03 20:26:03 - [TEST_STEP][PASSED] - delay: Delayed 3 second(s)

2019-01-03 20:26:06 - [MESSAGE][PASSED] - Delayed 3 second(s)

2019-01-03 20:26:06 - [TEST_STEP][PASSED] - callTestCase: Call Test Case 'Test Cases/Final Aug 2018 - PKS Automation/Create Employer Acc/Template/Employer Email Getter' successfully

2019-01-03 20:26:06 - [TEST_CASE][PASSED] - Test Cases/Final Aug 2018 - PKS Automation/Create Employer Acc/Template/Employer Email Getter: Test Cases/Final Aug 2018 - PKS Automation/Create Employer Acc/Template/Employer Email Getter

2019-01-03 20:26:06 - [TEST_STEP][PASSED] - Statement - Try: null

2019-01-03 20:26:06 - [TEST_STEP][PASSED] - Statement - EmpEmail = new java.io.File(C://Users//Admin//Desktop//PKS//Automation Reference Point//EmpEmail.txt): null

2019-01-03 20:26:06 - [TEST_STEP][PASSED] - Statement - bufferread = new java.io.BufferedReader(new java.io.FileReader(EmpEmail)): null

2019-01-03 20:26:06 - [TEST_STEP][PASSED] - Statement - readedVal = bufferread.readLine(): null

2019-01-03 20:26:06 - [TEST_STEP][PASSED] - Statement - out.println(readedVal): null

2019-01-03 20:26:06 - [TEST_STEP][PASSED] - Statement - Email = readedVal: null

2019-01-03 20:26:06 - [MESSAGE][PASSED] - Call Test Case 'Test Cases/Final Aug 2018 - PKS Automation/Create Employer Acc/Template/Employer Email Getter' successfully

2019-01-03 20:26:06 - [TEST_STEP][PASSED] - setText: Text 'perkeso560085187527@gmail.com' is set on object 'Object Repository/Final Object Repo/Login Page/External Login Page/Email'

2019-01-03 20:26:06 - [MESSAGE][PASSED] - Text 'perkeso560085187527@gmail.com' is set on object 'Object Repository/Final Object Repo/Login Page/External Login Page/Email'

2019-01-03 20:26:06 - [TEST_STEP][PASSED] - click: Object: 'Object Repository/Final Object Repo/Login Page/External Login Page/Next' is clicked on

2019-01-03 20:26:06 - [MESSAGE][PASSED] - Object: 'Object Repository/Final Object Repo/Login Page/External Login Page/Next' is clicked on

2019-01-03 20:26:06 - [TEST_STEP][PASSED] - delay: Delayed 3 second(s)

2019-01-03 20:26:09 - [MESSAGE][PASSED] - Delayed 3 second(s)

2019-01-03 20:26:09 - [TEST_STEP][PASSED] - setEncryptedText: Text ****** has been set on object 'Object Repository/Final Object Repo/Login Page/External Login Page/Password'

2019-01-03 20:26:10 - [MESSAGE][PASSED] - Text ****** has been set on object 'Object Repository/Final Object Repo/Login Page/External Login Page/Password'

2019-01-03 20:26:10 - [TEST_STEP][PASSED] - click: Object: 'Object Repository/Final Object Repo/Login Page/External Login Page/Login' is clicked on

2019-01-03 20:26:10 - [MESSAGE][PASSED] - Object: 'Object Repository/Final Object Repo/Login Page/External Login Page/Login' is clicked on

2019-01-03 20:26:10 - [TEST_STEP][PASSED] - delay: Delayed 5 second(s)

2019-01-03 20:26:15 - [MESSAGE][PASSED] - Delayed 5 second(s)

2019-01-03 20:26:15 - [MESSAGE][PASSED] - Call Test Case 'Test Cases/Final Aug 2018 - PKS Automation/Create Employer Acc/Login to Employer Account (Second time)' successfully

2019-01-03 20:26:15 - [TEST_STEP][PASSED] - Statement - Try: Delayed 2 second(s)

2019-01-03 20:26:15 - [TEST_STEP][PASSED] - Statement - Checker = false: null

2019-01-03 20:26:15 - [TEST_STEP][PASSED] - Statement - Checker = com.kms.katalon.core.webui.keyword.WebUiBuiltInKeywords.verifyElementHasAttribute(com.kms.katalon.core.testobject.ObjectRepository.findTestObject(Final Object Repo/Landing Page/BM Detecting), "href", 20, OPTIONAL): Object 'Object Repository/Final Object Repo/Landing Page/BM Detecting' has attribute 'href'

2019-01-03 20:26:15 - [MESSAGE][PASSED] - Object 'Object Repository/Final Object Repo/Landing Page/BM Detecting' has attribute 'href'

2019-01-03 20:26:15 - [TEST_STEP][PASSED] - Statement - out.println(Checker): null

2019-01-03 20:26:15 - [TEST_STEP][PASSED] - Statement - If (Checker == false): null

2019-01-03 20:26:15 - [TEST_STEP][PASSED] - Statement - Else: null

2019-01-03 20:26:15 - [TEST_STEP][PASSED] - delay: Delayed 2 second(s)

2019-01-03 20:26:17 - [MESSAGE][PASSED] - Delayed 2 second(s)

2019-01-03 20:26:17 - [TEST_STEP][PASSED] - navigateToUrl: Navigate to 'https://assist2-uat.perkeso.gov.my/web/registration/update/update-employee-information-employer-' successfully

2019-01-03 20:26:18 - [MESSAGE][PASSED] - Navigate to 'https://assist2-uat.perkeso.gov.my/web/registration/update/update-employee-information-employer-' successfully

2019-01-03 20:26:18 - [TEST_STEP][PASSED] - click: Object: 'Object Repository/Final Object Repo/Page_Update Employee Information By Employer/Edit Button' is clicked on

2019-01-03 20:26:22 - [MESSAGE][PASSED] - Object: 'Object Repository/Final Object Repo/Page_Update Employee Information By Employer/Edit Button' is clicked on

2019-01-03 20:26:22 - [TEST_STEP][PASSED] - click: Object: 'Object Repository/Final Object Repo/Page_Update Employee Information By Employer/Employee Name or New Identification' is clicked on

2019-01-03 20:26:22 - [MESSAGE][PASSED] - Object: 'Object Repository/Final Object Repo/Page_Update Employee Information By Employer/Employee Name or New Identification' is clicked on

2019-01-03 20:26:22 - [TEST_STEP][PASSED] - delay: Delayed 1 second(s)

2019-01-03 20:26:23 - [MESSAGE][PASSED] - Delayed 1 second(s)

2019-01-03 20:26:23 - [TEST_STEP][PASSED] - click: Object: 'Object Repository/Final Object Repo/Page_Update Employee Information By Employer/Selection - Employee Name' is clicked on

2019-01-03 20:26:23 - [MESSAGE][PASSED] - Object: 'Object Repository/Final Object Repo/Page_Update Employee Information By Employer/Selection - Employee Name' is clicked on

2019-01-03 20:26:23 - [TEST_STEP][PASSED] - delay: Delayed 1 second(s)

2019-01-03 20:26:24 - [MESSAGE][PASSED] - Delayed 1 second(s)

2019-01-03 20:26:24 - [TEST_STEP][PASSED] - setText: Text 'AUTOMATE001 ELIGIBLE 1' is set on object 'Object Repository/Final Object Repo/Page_Update Employee Information By Employer/Employee Name'

2019-01-03 20:26:24 - [MESSAGE][PASSED] - Text 'AUTOMATE001 ELIGIBLE 1' is set on object 'Object Repository/Final Object Repo/Page_Update Employee Information By Employer/Employee Name'

2019-01-03 20:26:24 - [TEST_STEP][PASSED] - delay: Delayed 2 second(s)

2019-01-03 20:26:26 - [MESSAGE][PASSED] - Delayed 2 second(s)

2019-01-03 20:26:26 - [TEST_STEP][PASSED] - click: Object: 'Object Repository/Final Object Repo/Page_Update Employee Information By Employer/Search Employee' is clicked on

2019-01-03 20:26:27 - [MESSAGE][PASSED] - Object: 'Object Repository/Final Object Repo/Page_Update Employee Information By Employer/Search Employee' is clicked on

2019-01-03 20:26:27 - [TEST_STEP][PASSED] - delay: Delayed 3 second(s)

2019-01-03 20:26:30 - [MESSAGE][PASSED] - Delayed 3 second(s)

2019-01-03 20:26:30 - [TEST_STEP][PASSED] - click: Object: 'Object Repository/Final Object Repo/Page_Update Employee Information By Employer/Employee Edit Button' is clicked on

2019-01-03 20:26:30 - [MESSAGE][PASSED] - Object: 'Object Repository/Final Object Repo/Page_Update Employee Information By Employer/Employee Edit Button' is clicked on

2019-01-03 20:26:30 - [TEST_STEP][PASSED] - delay: Delayed 3 second(s)

2019-01-03 20:26:33 - [MESSAGE][PASSED] - Delayed 3 second(s)

2019-01-03 20:26:33 - [TEST_STEP][PASSED] - setText: Text '' is set on object 'Object Repository/Final Object Repo/Page_Update Employee Information By Employer/Identification Number'

2019-01-03 20:26:33 - [MESSAGE][PASSED] - Text '' is set on object 'Object Repository/Final Object Repo/Page_Update Employee Information By Employer/Identification Number'

2019-01-03 20:26:33 - [TEST_STEP][PASSED] - Statement - rnd = new java.util.Random(): null

2019-01-03 20:26:33 - [TEST_STEP][PASSED] - Statement - snum = rnd.nextInt(899999 + 1) + 100000: null

2019-01-03 20:26:33 - [TEST_STEP][PASSED] - Statement - tnum = rnd.nextInt(899999 + 1) + 100000: null

2019-01-03 20:26:33 - [TEST_STEP][PASSED] - Statement - IC = java.lang.Integer.toString(snum) + java.lang.Integer.toString(tnum): null

2019-01-03 20:26:33 - [TEST_STEP][PASSED] - Statement - out.println(IC): null

2019-01-03 20:26:33 - [TEST_STEP][PASSED] - setText: Text '831112662435' is set on object 'Object Repository/Final Object Repo/Page_Update Employee Information By Employer/Identification Number'

2019-01-03 20:26:33 - [MESSAGE][PASSED] - Text '831112662435' is set on object 'Object Repository/Final Object Repo/Page_Update Employee Information By Employer/Identification Number'

2019-01-03 20:26:33 - [TEST_STEP][PASSED] - click: Object: 'Object Repository/Final Object Repo/Page_Update Employee Information By Employer/Save' is clicked on

2019-01-03 20:26:33 - [MESSAGE][PASSED] - Object: 'Object Repository/Final Object Repo/Page_Update Employee Information By Employer/Save' is clicked on

2019-01-03 20:26:33 - [TEST_STEP][PASSED] - delay: Delayed 5 second(s)

2019-01-03 20:26:38 - [MESSAGE][PASSED] - Delayed 5 second(s)

2019-01-03 20:26:38 - [TEST_STEP][PASSED] - Statement - CaseReferenceNo = com.kms.katalon.core.webui.keyword.WebUiBuiltInKeywords.getText(com.kms.katalon.core.testobject.ObjectRepository.findTestObject(Final Object Repo/Reference Number/Reference Number in Update Employee Information Page)): Text of object 'Object Repository/Final Object Repo/Reference Number/Reference Number in Update Employee Information Page' is: 'CUN012019C100006150'

2019-01-03 20:26:38 - [MESSAGE][PASSED] - Text of object 'Object Repository/Final Object Repo/Reference Number/Reference Number in Update Employee Information Page' is: 'CUN012019C100006150'

2019-01-03 20:26:38 - [TEST_STEP][PASSED] - callTestCase: Call Test Case 'Test Cases/Final Aug 2018 - PKS Automation/Common/Reference Number Setter' successfully

2019-01-03 20:26:39 - [TEST_CASE][PASSED] - Test Cases/Final Aug 2018 - PKS Automation/Common/Reference Number Setter: Test Cases/Final Aug 2018 - PKS Automation/Common/Reference Number Setter

2019-01-03 20:26:39 - [TEST_STEP][PASSED] - Statement - RefNoOldFile = new java.io.File(C://Users//Admin//Desktop//PKS//Automation Reference Point//KatalonReference.txt): null

2019-01-03 20:26:39 - [TEST_STEP][PASSED] - Statement - RefNoOldFile.delete(): null

2019-01-03 20:26:39 - [TEST_STEP][PASSED] - delay: Delayed 5 second(s)

2019-01-03 20:26:44 - [MESSAGE][PASSED] - Delayed 5 second(s)

2019-01-03 20:26:44 - [TEST_STEP][PASSED] - Statement - RefNo = new java.io.File(C://Users//Admin//Desktop//PKS//Automation Reference Point//KatalonReference.txt): null

2019-01-03 20:26:44 - [TEST_STEP][PASSED] - Statement - f2 = new java.io.FileWriter(RefNo, false): null

2019-01-03 20:26:44 - [TEST_STEP][PASSED] - Statement - f2.write(CaseReferenceNo): null

2019-01-03 20:26:44 - [TEST_STEP][PASSED] - Statement - f2.close(): null

2019-01-03 20:26:44 - [TEST_STEP][PASSED] - Statement - out.println("


" + CaseReferenceNo + "


"): null

2019-01-03 20:26:44 - [MESSAGE][PASSED] - Call Test Case 'Test Cases/Final Aug 2018 - PKS Automation/Common/Reference Number Setter' successfully

2019-01-03 20:26:44 - [TEST_STEP][PASSED] - delay: Delayed 5 second(s)

2019-01-03 20:26:49 - [MESSAGE][PASSED] - Delayed 5 second(s)

2019-01-03 20:26:49 - [TEST_STEP][PASSED] - click: Object: 'Object Repository/Final Object Repo/Page_Update Employee Information By Employer/Save  Continue in  Employee Information Page' is clicked on

2019-01-03 20:26:49 - [MESSAGE][PASSED] - Object: 'Object Repository/Final Object Repo/Page_Update Employee Information By Employer/Save  Continue in  Employee Information Page' is clicked on

2019-01-03 20:26:49 - [TEST_STEP][PASSED] - delay: Delayed 5 second(s)

2019-01-03 20:26:54 - [MESSAGE][PASSED] - Delayed 5 second(s)

2019-01-03 20:26:54 - [TEST_STEP][PASSED] - click: Object: 'Object Repository/Final Object Repo/Page_Update Employee Information By Employer/Save  Continue in Uploading Page 1' is clicked on

2019-01-03 20:26:54 - [MESSAGE][PASSED] - Object: 'Object Repository/Final Object Repo/Page_Update Employee Information By Employer/Save  Continue in Uploading Page 1' is clicked on

2019-01-03 20:26:54 - [TEST_STEP][PASSED] - delay: Delayed 5 second(s)

2019-01-03 20:26:59 - [MESSAGE][PASSED] - Delayed 5 second(s)

2019-01-03 20:26:59 - [TEST_STEP][PASSED] - click: Object: 'Object Repository/Final Object Repo/Page_Update Employee Information By Employer/Submit' is clicked on

2019-01-03 20:26:59 - [MESSAGE][PASSED] - Object: 'Object Repository/Final Object Repo/Page_Update Employee Information By Employer/Submit' is clicked on

2019-01-03 20:26:59 - [TEST_STEP][PASSED] - delay: Delayed 5 second(s)

2019-01-03 20:27:04 - [MESSAGE][PASSED] - Delayed 5 second(s)

2019-01-03 20:27:04 - [TEST_STEP][PASSED] - click: Object: 'Object Repository/Final Object Repo/Page_Update Employee Information By Employer/Confirm' is clicked on

2019-01-03 20:27:04 - [MESSAGE][PASSED] - Object: 'Object Repository/Final Object Repo/Page_Update Employee Information By Employer/Confirm' is clicked on

2019-01-03 20:27:04 - [TEST_STEP][PASSED] - delay: Delayed 5 second(s)

2019-01-03 20:27:09 - [MESSAGE][PASSED] - Delayed 5 second(s)

2019-01-03 20:27:09 - [TEST_STEP][PASSED] - verifyElementVisible: Object 'Object Repository/Final Object Repo/Page_Update Employee Information By Employer/Successfull Message Routed to UO' is visible

2019-01-03 20:27:09 - [MESSAGE][PASSED] - Object 'Object Repository/Final Object Repo/Page_Update Employee Information By Employer/Successfull Message Routed to UO' is visible

2019-01-03 20:27:09 - [MESSAGE][PASSED] - Call Test Case 'Test Cases/Final Aug 2018 - PKS Automation/Registration Module/Workflow/Update Employee Information (Employer)/Template/Update Employer Information - Special Case (Employer)' successfully

2019-01-03 20:27:09 - [TEST_STEP][PASSED] - callTestCase: Call Test Case 'Test Cases/Final Aug 2018 - PKS Automation/Registration Module/Workflow/Update Employee Information (Employer)/Template/Update Employee Information - Special Case - UO (Approve)' successfully

2019-01-03 20:27:09 - [TEST_CASE][PASSED] - Test Cases/Final Aug 2018 - PKS Automation/Registration Module/Workflow/Update Employee Information (Employer)/Template/Update Employee Information - Special Case - UO (Approve): Test Cases/Final Aug 2018 - PKS Automation/Registration Module/Workflow/Update Employee Information (Employer)/Template/Update Employee Information - Special Case - UO (Approve)

2019-01-03 20:27:10 - [TEST_STEP][NOT_RUN] - callTestCase: NOT_RUN: callTestCase

2019-01-03 20:27:10 - [MESSAGE][NOT_RUN] - NOT_RUN: callTestCase

2019-01-03 20:27:10 - [TEST_STEP][PASSED] - delay: Delayed 2 second(s)

2019-01-03 20:27:12 - [MESSAGE][PASSED] - Delayed 2 second(s)

2019-01-03 20:27:12 - [TEST_STEP][PASSED] - navigateToUrl: Navigate to 'https://assist2-uat.perkeso.gov.my/c/portal/logout' successfully

2019-01-03 20:27:12 - [MESSAGE][PASSED] - Navigate to 'https://assist2-uat.perkeso.gov.my/c/portal/logout' successfully

2019-01-03 20:27:12 - [TEST_STEP][PASSED] - delay: Delayed 2 second(s)

2019-01-03 20:27:14 - [MESSAGE][PASSED] - Delayed 2 second(s)

2019-01-03 20:27:14 - [TEST_STEP][PASSED] - callTestCase: Call Test Case 'Test Cases/Final Aug 2018 - PKS Automation/Common/Reference Number Getter' successfully

2019-01-03 20:27:14 - [TEST_CASE][PASSED] - Test Cases/Final Aug 2018 - PKS Automation/Common/Reference Number Getter: Test Cases/Final Aug 2018 - PKS Automation/Common/Reference Number Getter

2019-01-03 20:27:15 - [TEST_STEP][PASSED] - Statement - Try: null

2019-01-03 20:27:15 - [TEST_STEP][PASSED] - Statement - RefNo = new java.io.File(C://Users//Admin//Desktop//PKS//Automation Reference Point//KatalonReference.txt): null

2019-01-03 20:27:15 - [TEST_STEP][PASSED] - Statement - bufferread = new java.io.BufferedReader(new java.io.FileReader(RefNo)): null

2019-01-03 20:27:15 - [TEST_STEP][PASSED] - Statement - readedVal = bufferread.readLine(): null

2019-01-03 20:27:15 - [TEST_STEP][PASSED] - Statement - out.println(CaseReferenceNo): null

2019-01-03 20:27:15 - [TEST_STEP][PASSED] - Statement - out.println(readedVal): null

2019-01-03 20:27:15 - [TEST_STEP][PASSED] - Statement - CaseReferenceNo = "": null

2019-01-03 20:27:15 - [TEST_STEP][PASSED] - Statement - CaseReferenceNo = readedVal: null

2019-01-03 20:27:15 - [MESSAGE][PASSED] - Call Test Case 'Test Cases/Final Aug 2018 - PKS Automation/Common/Reference Number Getter' successfully

2019-01-03 20:27:15 - [TEST_STEP][PASSED] - callTestCase: Call Test Case 'Test Cases/Final Aug 2018 - PKS Automation/Common/Workflow Owner Finder' successfully

2019-01-03 20:27:15 - [TEST_CASE][PASSED] - Test Cases/Final Aug 2018 - PKS Automation/Common/Workflow Owner Finder: Test Cases/Final Aug 2018 - PKS Automation/Common/Workflow Owner Finder

2019-01-03 20:27:15 - [TEST_STEP][PASSED] - openBrowser: Browser is opened with url: ''

2019-01-03 20:27:15 - [MESSAGE][WARNING] - A browser is already opened. Closing browser and opening a new one

2019-01-03 20:27:19 - [MESSAGE][PASSED] - Browser is opened with url: ''

2019-01-03 20:27:19 - [TEST_STEP][PASSED] - navigateToUrl: Navigate to 'https://assist2-uat.perkeso.gov.my/login' successfully

2019-01-03 20:27:20 - [MESSAGE][PASSED] - Navigate to 'https://assist2-uat.perkeso.gov.my/login' successfully

2019-01-03 20:27:20 - [TEST_STEP][PASSED] - delay: Delayed 5 second(s)

2019-01-03 20:27:25 - [MESSAGE][PASSED] - Delayed 5 second(s)

2019-01-03 20:27:25 - [TEST_STEP][PASSED] - setText: Text 'test@liferay.com' is set on object 'Object Repository/Final Object Repo/Login Page/Internal User/Email Address'

2019-01-03 20:27:25 - [MESSAGE][PASSED] - Text 'test@liferay.com' is set on object 'Object Repository/Final Object Repo/Login Page/Internal User/Email Address'

2019-01-03 20:27:25 - [TEST_STEP][PASSED] - click: Object: 'Object Repository/Final Object Repo/Login Page/Internal User/Next Button' is clicked on

2019-01-03 20:27:26 - [MESSAGE][PASSED] - Object: 'Object Repository/Final Object Repo/Login Page/Internal User/Next Button' is clicked on

2019-01-03 20:27:26 - [TEST_STEP][PASSED] - delay: Delayed 2 second(s)

2019-01-03 20:27:28 - [MESSAGE][PASSED] - Delayed 2 second(s)

2019-01-03 20:27:28 - [TEST_STEP][PASSED] - setText: Text 'test' is set on object 'Object Repository/Final Object Repo/Login Page/Internal User/Password'

2019-01-03 20:27:28 - [MESSAGE][PASSED] - Text 'test' is set on object 'Object Repository/Final Object Repo/Login Page/Internal User/Password'

2019-01-03 20:27:28 - [TEST_STEP][PASSED] - delay: Delayed 2 second(s)

2019-01-03 20:27:30 - [MESSAGE][PASSED] - Delayed 2 second(s)

2019-01-03 20:27:30 - [TEST_STEP][PASSED] - click: Object: 'Object Repository/Final Object Repo/Login Page/Internal User/Login Button' is clicked on

2019-01-03 20:27:30 - [MESSAGE][PASSED] - Object: 'Object Repository/Final Object Repo/Login Page/Internal User/Login Button' is clicked on

2019-01-03 20:27:30 - [TEST_STEP][PASSED] - Statement - tester = com.kms.katalon.core.testobject.ObjectRepository.findTestObject(Final Object Repo/Landing Page/Select to English): Finding Test Object with id 'Object Repository/Final Object Repo/Landing Page/Select to English'

2019-01-03 20:27:30 - [TEST_STEP][PASSED] - Statement - Try: Delayed 2 second(s)

2019-01-03 20:27:30 - [TEST_STEP][PASSED] - Statement - Checker = com.kms.katalon.core.webui.keyword.WebUiBuiltInKeywords.verifyElementNotPresent(tester, 3): Web element with id: 'Object Repository/Final Object Repo/Landing Page/Select to English' located by 'By.xpath: //a[@class = 'taglib-language-list-text' and @lang = 'en-US' and (contains(text(), 'EN') or contains(., 'EN'))]' is not present after '3' second(s)

2019-01-03 20:27:32 - [MESSAGE][PASSED] - Web element with id: 'Object Repository/Final Object Repo/Landing Page/Select to English' located by 'By.xpath: //a[@class = 'taglib-language-list-text' and @lang = 'en-US' and (contains(text(), 'EN') or contains(., 'EN'))]' is not present after '3' second(s)

2019-01-03 20:27:32 - [TEST_STEP][PASSED] - Statement - If (Checker == false): null

2019-01-03 20:27:32 - [TEST_STEP][PASSED] - delay: Delayed 2 second(s)

2019-01-03 20:27:34 - [MESSAGE][PASSED] - Delayed 2 second(s)

2019-01-03 20:27:34 - [TEST_STEP][PASSED] - delay: Delayed 5 second(s)

2019-01-03 20:27:39 - [MESSAGE][PASSED] - Delayed 5 second(s)

2019-01-03 20:27:39 - [TEST_STEP][PASSED] - mouseOver: Object: 'Object Repository/Final Object Repo/Landing Page/WorkFlow Menu' is hovered

2019-01-03 20:27:39 - [MESSAGE][PASSED] - Object: 'Object Repository/Final Object Repo/Landing Page/WorkFlow Menu' is hovered

2019-01-03 20:27:39 - [TEST_STEP][PASSED] - delay: Delayed 2 second(s)

2019-01-03 20:27:41 - [MESSAGE][PASSED] - Delayed 2 second(s)

2019-01-03 20:27:41 - [TEST_STEP][PASSED] - click: Object: 'Object Repository/Final Object Repo/Landing Page/Select to Workflow Listing' is clicked on

2019-01-03 20:27:42 - [MESSAGE][PASSED] - Object: 'Object Repository/Final Object Repo/Landing Page/Select to Workflow Listing' is clicked on

2019-01-03 20:27:42 - [TEST_STEP][PASSED] - delay: Delayed 2 second(s)

2019-01-03 20:27:44 - [MESSAGE][PASSED] - Delayed 2 second(s)

2019-01-03 20:27:44 - [TEST_STEP][PASSED] - click: Object: 'Object Repository/Final Object Repo/WorkFlow Listing Page/Search Information - To Put Ref No' is clicked on

2019-01-03 20:27:44 - [MESSAGE][PASSED] - Object: 'Object Repository/Final Object Repo/WorkFlow Listing Page/Search Information - To Put Ref No' is clicked on

2019-01-03 20:27:44 - [TEST_STEP][PASSED] - delay: Delayed 2 second(s)

2019-01-03 20:27:46 - [MESSAGE][PASSED] - Delayed 2 second(s)

2019-01-03 20:27:46 - [TEST_STEP][PASSED] - callTestCase: Call Test Case 'Test Cases/Final Aug 2018 - PKS Automation/Common/Reference Number Getter' successfully

2019-01-03 20:27:47 - [TEST_CASE][PASSED] - Test Cases/Final Aug 2018 - PKS Automation/Common/Reference Number Getter: Test Cases/Final Aug 2018 - PKS Automation/Common/Reference Number Getter

2019-01-03 20:27:47 - [TEST_STEP][PASSED] - Statement - Try: null

2019-01-03 20:27:47 - [TEST_STEP][PASSED] - Statement - RefNo = new java.io.File(C://Users//Admin//Desktop//PKS//Automation Reference Point//KatalonReference.txt): null

2019-01-03 20:27:47 - [TEST_STEP][PASSED] - Statement - bufferread = new java.io.BufferedReader(new java.io.FileReader(RefNo)): null

2019-01-03 20:27:47 - [TEST_STEP][PASSED] - Statement - readedVal = bufferread.readLine(): null

2019-01-03 20:27:47 - [TEST_STEP][PASSED] - Statement - out.println(CaseReferenceNo): null

2019-01-03 20:27:47 - [TEST_STEP][PASSED] - Statement - out.println(readedVal): null

2019-01-03 20:27:47 - [TEST_STEP][PASSED] - Statement - CaseReferenceNo = "": null

2019-01-03 20:27:47 - [TEST_STEP][PASSED] - Statement - CaseReferenceNo = readedVal: null

2019-01-03 20:27:47 - [MESSAGE][PASSED] - Call Test Case 'Test Cases/Final Aug 2018 - PKS Automation/Common/Reference Number Getter' successfully

2019-01-03 20:27:47 - [TEST_STEP][PASSED] - setText: Text 'CUN012019C100006150' is set on object 'Object Repository/Final Object Repo/WorkFlow Listing Page/Ref No Set Text'

2019-01-03 20:27:47 - [MESSAGE][PASSED] - Text 'CUN012019C100006150' is set on object 'Object Repository/Final Object Repo/WorkFlow Listing Page/Ref No Set Text'

2019-01-03 20:27:47 - [TEST_STEP][PASSED] - delay: Delayed 2 second(s)

2019-01-03 20:27:49 - [MESSAGE][PASSED] - Delayed 2 second(s)

2019-01-03 20:27:49 - [TEST_STEP][PASSED] - click: Object: 'Object Repository/Final Object Repo/WorkFlow Listing Page/Search Ref No Search Button' is clicked on

2019-01-03 20:27:49 - [MESSAGE][PASSED] - Object: 'Object Repository/Final Object Repo/WorkFlow Listing Page/Search Ref No Search Button' is clicked on

2019-01-03 20:27:49 - [TEST_STEP][PASSED] - delay: Delayed 6 second(s)

2019-01-03 20:27:55 - [MESSAGE][PASSED] - Delayed 6 second(s)

2019-01-03 20:27:55 - [TEST_STEP][PASSED] - click: Object: 'Object Repository/Final Object Repo/WorkFlow Listing Page/Click Continue Tooltip' is clicked on

2019-01-03 20:27:56 - [MESSAGE][PASSED] - Object: 'Object Repository/Final Object Repo/WorkFlow Listing Page/Click Continue Tooltip' is clicked on

2019-01-03 20:27:56 - [TEST_STEP][PASSED] - delay: Delayed 5 second(s)

2019-01-03 20:28:01 - [MESSAGE][PASSED] - Delayed 5 second(s)

2019-01-03 20:28:01 - [TEST_STEP][PASSED] - doubleClick: Object: 'Object Repository/Final Object Repo/WorkFlow Listing Page/Workflow Found - Listing 1' is double clicked on

2019-01-03 20:28:01 - [MESSAGE][PASSED] - Object: 'Object Repository/Final Object Repo/WorkFlow Listing Page/Workflow Found - Listing 1' is double clicked on

2019-01-03 20:28:01 - [TEST_STEP][PASSED] - Statement - println(OwnerID): null

2019-01-03 20:28:01 - [TEST_STEP][PASSED] - Statement - OwnerID = com.kms.katalon.core.webui.keyword.WebUiBuiltInKeywords.getText(com.kms.katalon.core.testobject.ObjectRepository.findTestObject(Final Object Repo/WorkFlow Listing Page/Workflow Found - Listing 1), STOP_ON_FAILURE): Text of object 'Object Repository/Final Object Repo/WorkFlow Listing Page/Workflow Found - Listing 1' is: 'JOHORuo3'

2019-01-03 20:28:01 - [MESSAGE][PASSED] - Text of object 'Object Repository/Final Object Repo/WorkFlow Listing Page/Workflow Found - Listing 1' is: 'JOHORuo3'

2019-01-03 20:28:01 - [TEST_STEP][PASSED] - Statement - OwnerID = OwnerID.toLowerCase() + "@gmail.com": null

2019-01-03 20:28:01 - [TEST_STEP][PASSED] - Statement - println(OwnerID): null

2019-01-03 20:28:01 - [TEST_STEP][PASSED] - delay: Delayed 2 second(s)

2019-01-03 20:28:03 - [MESSAGE][PASSED] - Delayed 2 second(s)

2019-01-03 20:28:03 - [MESSAGE][PASSED] - Call Test Case 'Test Cases/Final Aug 2018 - PKS Automation/Common/Workflow Owner Finder' successfully

2019-01-03 20:28:03 - [TEST_STEP][PASSED] - delay: Delayed 2 second(s)

2019-01-03 20:28:05 - [MESSAGE][PASSED] - Delayed 2 second(s)

2019-01-03 20:28:05 - [TEST_STEP][PASSED] - navigateToUrl: Navigate to 'https://assist2-uat.perkeso.gov.my/c/portal/logout' successfully

2019-01-03 20:28:06 - [MESSAGE][PASSED] - Navigate to 'https://assist2-uat.perkeso.gov.my/c/portal/logout' successfully

2019-01-03 20:28:06 - [TEST_STEP][PASSED] - delay: Delayed 2 second(s)

2019-01-03 20:28:08 - [MESSAGE][PASSED] - Delayed 2 second(s)

2019-01-03 20:28:08 - [TEST_STEP][PASSED] - callTestCase: Call Test Case 'Test Cases/Final Aug 2018 - PKS Automation/Registration Module/Workflow/Login and Search Case For Workflow' successfully

2019-01-03 20:28:08 - [TEST_CASE][PASSED] - Test Cases/Final Aug 2018 - PKS Automation/Registration Module/Workflow/Login and Search Case For Workflow: Test Cases/Final Aug 2018 - PKS Automation/Registration Module/Workflow/Login and Search Case For Workflow

2019-01-03 20:28:09 - [TEST_STEP][PASSED] - navigateToUrl: Navigate to 'https://assist2-uat.perkeso.gov.my/login' successfully

2019-01-03 20:28:09 - [MESSAGE][PASSED] - Navigate to 'https://assist2-uat.perkeso.gov.my/login' successfully

2019-01-03 20:28:09 - [TEST_STEP][PASSED] - setText: Text 'johoruo3@gmail.com' is set on object 'Object Repository/Final Object Repo/Login Page/Internal User/Email Address'

2019-01-03 20:28:09 - [MESSAGE][PASSED] - Text 'johoruo3@gmail.com' is set on object 'Object Repository/Final Object Repo/Login Page/Internal User/Email Address'

2019-01-03 20:28:09 - [TEST_STEP][PASSED] - click: Object: 'Object Repository/Final Object Repo/Login Page/Internal User/Next Button' is clicked on

2019-01-03 20:28:10 - [MESSAGE][PASSED] - Object: 'Object Repository/Final Object Repo/Login Page/Internal User/Next Button' is clicked on

2019-01-03 20:28:10 - [TEST_STEP][PASSED] - delay: Delayed 1 second(s)

2019-01-03 20:28:11 - [MESSAGE][PASSED] - Delayed 1 second(s)

2019-01-03 20:28:11 - [TEST_STEP][PASSED] - setEncryptedText: Text ****** has been set on object 'Object Repository/Final Object Repo/Login Page/Internal User/Password'

2019-01-03 20:28:11 - [MESSAGE][PASSED] - Text ****** has been set on object 'Object Repository/Final Object Repo/Login Page/Internal User/Password'

2019-01-03 20:28:11 - [TEST_STEP][PASSED] - click: Object: 'Object Repository/Final Object Repo/Login Page/Internal User/Login Button' is clicked on

2019-01-03 20:28:11 - [MESSAGE][PASSED] - Object: 'Object Repository/Final Object Repo/Login Page/Internal User/Login Button' is clicked on

2019-01-03 20:28:11 - [TEST_STEP][PASSED] - delay: Delayed 2 second(s)

2019-01-03 20:28:13 - [MESSAGE][PASSED] - Delayed 2 second(s)

2019-01-03 20:28:13 - [TEST_STEP][PASSED] - Statement - Try: Delayed 2 second(s)

2019-01-03 20:28:13 - [TEST_STEP][PASSED] - Statement - Checker = false: null

2019-01-03 20:28:13 - [TEST_STEP][PASSED] - Statement - Checker = com.kms.katalon.core.webui.keyword.WebUiBuiltInKeywords.verifyElementHasAttribute(com.kms.katalon.core.testobject.ObjectRepository.findTestObject(Final Object Repo/Landing Page/BM Detecting), "href", 20, OPTIONAL): Object 'Object Repository/Final Object Repo/Landing Page/BM Detecting' has attribute 'href'

2019-01-03 20:28:13 - [MESSAGE][PASSED] - Object 'Object Repository/Final Object Repo/Landing Page/BM Detecting' has attribute 'href'

2019-01-03 20:28:13 - [TEST_STEP][PASSED] - Statement - out.println(Checker): null

2019-01-03 20:28:13 - [TEST_STEP][PASSED] - Statement - If (Checker == false): null

2019-01-03 20:28:13 - [TEST_STEP][PASSED] - Statement - Else: null

2019-01-03 20:28:13 - [TEST_STEP][PASSED] - delay: Delayed 2 second(s)

2019-01-03 20:28:15 - [MESSAGE][PASSED] - Delayed 2 second(s)

2019-01-03 20:28:15 - [TEST_STEP][PASSED] - click: Object: 'Object Repository/Final Object Repo/Page_MyASSIST - ASSIST - Search Pending Case For Add Supporting Document/Search Information' is clicked on

2019-01-03 20:28:15 - [MESSAGE][PASSED] - Object: 'Object Repository/Final Object Repo/Page_MyASSIST - ASSIST - Search Pending Case For Add Supporting Document/Search Information' is clicked on

2019-01-03 20:28:15 - [TEST_STEP][PASSED] - delay: Delayed 3 second(s)

2019-01-03 20:28:18 - [MESSAGE][PASSED] - Delayed 3 second(s)

2019-01-03 20:28:18 - [TEST_STEP][PASSED] - sendKeys: Keys 'CUN012019C100006150' sent to object: 'Object Repository/Final Object Repo/Page_MyASSIST - ASSIST - Search Pending Case For Add Supporting Document/Reference No'

2019-01-03 20:28:19 - [MESSAGE][PASSED] - Keys 'CUN012019C100006150' sent to object: 'Object Repository/Final Object Repo/Page_MyASSIST - ASSIST - Search Pending Case For Add Supporting Document/Reference No'

2019-01-03 20:28:19 - [TEST_STEP][PASSED] - click: Object: 'Object Repository/Final Object Repo/Page_MyASSIST - ASSIST - Search Pending Case For Add Supporting Document/Search Reference No' is clicked on

2019-01-03 20:28:19 - [MESSAGE][PASSED] - Object: 'Object Repository/Final Object Repo/Page_MyASSIST - ASSIST - Search Pending Case For Add Supporting Document/Search Reference No' is clicked on

2019-01-03 20:28:19 - [TEST_STEP][PASSED] - delay: Delayed 2 second(s)

2019-01-03 20:28:21 - [MESSAGE][PASSED] - Delayed 2 second(s)

2019-01-03 20:28:21 - [TEST_STEP][PASSED] - click: Object: 'Object Repository/Final Object Repo/Page_MyASSIST - ASSIST - Search Pending Case For Add Supporting Document/Continue' is clicked on

2019-01-03 20:28:25 - [MESSAGE][PASSED] - Object: 'Object Repository/Final Object Repo/Page_MyASSIST - ASSIST - Search Pending Case For Add Supporting Document/Continue' is clicked on

2019-01-03 20:28:25 - [TEST_STEP][PASSED] - delay: Delayed 20 second(s)

2019-01-03 20:28:45 - [MESSAGE][PASSED] - Delayed 20 second(s)

2019-01-03 20:28:45 - [MESSAGE][PASSED] - Call Test Case 'Test Cases/Final Aug 2018 - PKS Automation/Registration Module/Workflow/Login and Search Case For Workflow' successfully

2019-01-03 20:28:45 - [TEST_STEP][PASSED] - delay: Delayed 2 second(s)

2019-01-03 20:28:47 - [MESSAGE][PASSED] - Delayed 2 second(s)

2019-01-03 20:28:47 - [TEST_STEP][PASSED] - click: Object: 'Object Repository/Final Object Repo/Page_Update Employee Information By Employer/Page_Update Employee Information by Employer (Approve)/Continue' is clicked on

2019-01-03 20:28:50 - [MESSAGE][PASSED] - Object: 'Object Repository/Final Object Repo/Page_Update Employee Information By Employer/Page_Update Employee Information by Employer (Approve)/Continue' is clicked on

2019-01-03 20:28:50 - [TEST_STEP][PASSED] - delay: Delayed 2 second(s)

2019-01-03 20:28:52 - [MESSAGE][PASSED] - Delayed 2 second(s)

2019-01-03 20:28:52 - [TEST_STEP][PASSED] - click: Object: 'Object Repository/Final Object Repo/Page_Update Employee Information By Employer/Page_Update Employee Information by Employer (Approve)/Save  Continue in Update Employee Information Page' is clicked on

2019-01-03 20:28:53 - [MESSAGE][PASSED] - Object: 'Object Repository/Final Object Repo/Page_Update Employee Information By Employer/Page_Update Employee Information by Employer (Approve)/Save  Continue in Update Employee Information Page' is clicked on

2019-01-03 20:28:53 - [TEST_STEP][PASSED] - delay: Delayed 4 second(s)

2019-01-03 20:28:57 - [MESSAGE][PASSED] - Delayed 4 second(s)

2019-01-03 20:28:57 - [TEST_STEP][PASSED] - click: Object: 'Object Repository/Final Object Repo/Page_Update Employee Information By Employer/Page_Update Employee Information by Employer (Approve)/Save  Continue in Upload Supporting Doucument Page' is clicked on

2019-01-03 20:28:57 - [MESSAGE][PASSED] - Object: 'Object Repository/Final Object Repo/Page_Update Employee Information By Employer/Page_Update Employee Information by Employer (Approve)/Save  Continue in Upload Supporting Doucument Page' is clicked on

2019-01-03 20:28:57 - [TEST_STEP][PASSED] - delay: Delayed 2 second(s)

2019-01-03 20:28:59 - [MESSAGE][PASSED] - Delayed 2 second(s)

2019-01-03 20:28:59 - [TEST_STEP][PASSED] - click: Object: 'Object Repository/Final Object Repo/Page_Update Employee Information By Employer/Page_Update Employee Information by Employer (Approve)/Approve' is clicked on

2019-01-03 20:29:00 - [MESSAGE][PASSED] - Object: 'Object Repository/Final Object Repo/Page_Update Employee Information By Employer/Page_Update Employee Information by Employer (Approve)/Approve' is clicked on

2019-01-03 20:29:00 - [TEST_STEP][PASSED] - delay: Delayed 2 second(s)

2019-01-03 20:29:02 - [MESSAGE][PASSED] - Delayed 2 second(s)

2019-01-03 20:29:02 - [TEST_STEP][PASSED] - click: Object: 'Object Repository/Final Object Repo/Page_Update Employee Information By Employer/Page_Update Employee Information by Employer (Approve)/Confirm' is clicked on

2019-01-03 20:29:03 - [MESSAGE][PASSED] - Object: 'Object Repository/Final Object Repo/Page_Update Employee Information By Employer/Page_Update Employee Information by Employer (Approve)/Confirm' is clicked on

2019-01-03 20:29:03 - [TEST_STEP][PASSED] - delay: Delayed 2 second(s)

2019-01-03 20:29:05 - [MESSAGE][PASSED] - Delayed 2 second(s)

2019-01-03 20:29:05 - [TEST_STEP][PASSED] - verifyElementVisible: Object 'Object Repository/Final Object Repo/Page_Update Employee Information By Employer/Page_Update Employee Information by Employer (Approve)/Successfull Message Submitted Successfully' is visible

2019-01-03 20:29:09 - [MESSAGE][PASSED] - Object 'Object Repository/Final Object Repo/Page_Update Employee Information By Employer/Page_Update Employee Information by Employer (Approve)/Successfull Message Submitted Successfully' is visible

2019-01-03 20:29:09 - [TEST_STEP][PASSED] - delay: Delayed 2 second(s)

2019-01-03 20:29:11 - [MESSAGE][PASSED] - Delayed 2 second(s)

2019-01-03 20:29:11 - [TEST_STEP][PASSED] - verifyElementVisible: Object 'Object Repository/Final Object Repo/Page_Update Employee Information By Employer/Page_Update Employee Information by Employer (Approve)/Letter of Successful update' is visible

2019-01-03 20:29:11 - [MESSAGE][PASSED] - Object 'Object Repository/Final Object Repo/Page_Update Employee Information By Employer/Page_Update Employee Information by Employer (Approve)/Letter of Successful update' is visible

2019-01-03 20:29:11 - [MESSAGE][PASSED] - Call Test Case 'Test Cases/Final Aug 2018 - PKS Automation/Registration Module/Workflow/Update Employee Information (Employer)/Template/Update Employee Information - Special Case - UO (Approve)' successfully]]></system-out>
         <system-err><![CDATA[]]></system-err>
      </testcase>
      <testcase name="Test Cases/Final Aug 2018 - PKS Automation/Registration Module/Workflow/Update Employee Information (Employer)/Employer - UO (Query)" classname="Test Cases/Final Aug 2018 - PKS Automation/Registration Module/Workflow/Update Employee Information (Employer)/Employer - UO (Query)" status="PASSED">
         <system-out><![CDATA[2019-01-03 20:29:11 - [TEST_CASE][PASSED] - Test Cases/Final Aug 2018 - PKS Automation/Registration Module/Workflow/Update Employee Information (Employer)/Employer - UO (Query): Test Cases/Final Aug 2018 - PKS Automation/Registration Module/Workflow/Update Employee Information (Employer)/Employer - UO (Query)

2019-01-03 20:29:11 - [TEST_STEP][PASSED] - callTestCase: Call Test Case 'Test Cases/Final Aug 2018 - PKS Automation/Registration Module/Workflow/Update Employee Information (Employer)/Template/Update Employer Information - Special Case (Employer)' successfully

2019-01-03 20:29:11 - [TEST_CASE][PASSED] - Test Cases/Final Aug 2018 - PKS Automation/Registration Module/Workflow/Update Employee Information (Employer)/Template/Update Employer Information - Special Case (Employer): Test Cases/Final Aug 2018 - PKS Automation/Registration Module/Workflow/Update Employee Information (Employer)/Template/Update Employer Information - Special Case (Employer)

2019-01-03 20:29:11 - [TEST_STEP][PASSED] - callTestCase: Call Test Case 'Test Cases/Final Aug 2018 - PKS Automation/Registration Module/Workflow/Update Add New Employee/Template/New Company for Update Add New - Employer' successfully

2019-01-03 20:29:11 - [TEST_CASE][PASSED] - Test Cases/Final Aug 2018 - PKS Automation/Registration Module/Workflow/Update Add New Employee/Template/New Company for Update Add New - Employer: Test Cases/Final Aug 2018 - PKS Automation/Registration Module/Workflow/Update Add New Employee/Template/New Company for Update Add New - Employer

2019-01-03 20:29:11 - [TEST_STEP][PASSED] - callTestCase: Call Test Case 'Test Cases/Final Aug 2018 - PKS Automation/Create Employer Acc/Create Employer Account' successfully

2019-01-03 20:29:11 - [TEST_CASE][PASSED] - Test Cases/Final Aug 2018 - PKS Automation/Create Employer Acc/Create Employer Account: Test Cases/Final Aug 2018 - PKS Automation/Create Employer Acc/Create Employer Account

2019-01-03 20:29:11 - [TEST_STEP][PASSED] - callTestCase: Call Test Case 'Test Cases/Final Aug 2018 - PKS Automation/Create Employer Acc/Template/Register Employer' successfully

2019-01-03 20:29:11 - [TEST_CASE][PASSED] - Test Cases/Final Aug 2018 - PKS Automation/Create Employer Acc/Template/Register Employer: Test Cases/Final Aug 2018 - PKS Automation/Create Employer Acc/Template/Register Employer

2019-01-03 20:29:11 - [TEST_STEP][PASSED] - openBrowser: Browser is opened with url: ''

2019-01-03 20:29:11 - [MESSAGE][WARNING] - A browser is already opened. Closing browser and opening a new one

2019-01-03 20:29:15 - [MESSAGE][PASSED] - Browser is opened with url: ''

2019-01-03 20:29:15 - [TEST_STEP][PASSED] - navigateToUrl: Navigate to 'https://assist2-uat.perkeso.gov.my/login' successfully

2019-01-03 20:29:16 - [MESSAGE][PASSED] - Navigate to 'https://assist2-uat.perkeso.gov.my/login' successfully

2019-01-03 20:29:16 - [TEST_STEP][PASSED] - setText: Text 'johorotc1@gmail.com' is set on object 'Object Repository/Final Object Repo/Login Page/Internal User/Email Address'

2019-01-03 20:29:17 - [MESSAGE][PASSED] - Text 'johorotc1@gmail.com' is set on object 'Object Repository/Final Object Repo/Login Page/Internal User/Email Address'

2019-01-03 20:29:17 - [TEST_STEP][PASSED] - click: Object: 'Object Repository/Final Object Repo/Login Page/Internal User/Next Button' is clicked on

2019-01-03 20:29:17 - [MESSAGE][PASSED] - Object: 'Object Repository/Final Object Repo/Login Page/Internal User/Next Button' is clicked on

2019-01-03 20:29:17 - [TEST_STEP][PASSED] - delay: Delayed 1 second(s)

2019-01-03 20:29:18 - [MESSAGE][PASSED] - Delayed 1 second(s)

2019-01-03 20:29:18 - [TEST_STEP][PASSED] - setEncryptedText: Text ****** has been set on object 'Object Repository/Final Object Repo/Login Page/Internal User/Password'

2019-01-03 20:29:18 - [MESSAGE][PASSED] - Text ****** has been set on object 'Object Repository/Final Object Repo/Login Page/Internal User/Password'

2019-01-03 20:29:18 - [TEST_STEP][PASSED] - click: Object: 'Object Repository/Final Object Repo/Login Page/Internal User/Login Button' is clicked on

2019-01-03 20:29:18 - [MESSAGE][PASSED] - Object: 'Object Repository/Final Object Repo/Login Page/Internal User/Login Button' is clicked on

2019-01-03 20:29:18 - [TEST_STEP][PASSED] - delay: Delayed 1 second(s)

2019-01-03 20:29:19 - [MESSAGE][PASSED] - Delayed 1 second(s)

2019-01-03 20:29:19 - [TEST_STEP][PASSED] - navigateToUrl: Navigate to 'https://assist2-uat.perkeso.gov.my/web/base/portal-id/registration' successfully

2019-01-03 20:29:21 - [MESSAGE][PASSED] - Navigate to 'https://assist2-uat.perkeso.gov.my/web/base/portal-id/registration' successfully

2019-01-03 20:29:21 - [TEST_STEP][PASSED] - setText: Text 'AUTOMATION EMPLOYER' is set on object 'Object Repository/Final Object Repo/Creating Employer Account/Page_Registration - ASSIST (Base)/Employer Name'

2019-01-03 20:29:21 - [MESSAGE][PASSED] - Text 'AUTOMATION EMPLOYER' is set on object 'Object Repository/Final Object Repo/Creating Employer Account/Page_Registration - ASSIST (Base)/Employer Name'

2019-01-03 20:29:21 - [TEST_STEP][PASSED] - delay: Delayed 2 second(s)

2019-01-03 20:29:23 - [MESSAGE][PASSED] - Delayed 2 second(s)

2019-01-03 20:29:23 - [TEST_STEP][PASSED] - click: Object: 'Object Repository/Final Object Repo/Creating Employer Account/Page_Registration - ASSIST (Base)/Registration Type' is clicked on

2019-01-03 20:29:23 - [MESSAGE][PASSED] - Object: 'Object Repository/Final Object Repo/Creating Employer Account/Page_Registration - ASSIST (Base)/Registration Type' is clicked on

2019-01-03 20:29:23 - [TEST_STEP][PASSED] - delay: Delayed 2 second(s)

2019-01-03 20:29:25 - [MESSAGE][PASSED] - Delayed 2 second(s)

2019-01-03 20:29:25 - [TEST_STEP][PASSED] - click: Object: 'Object Repository/Final Object Repo/Creating Employer Account/Page_Registration - ASSIST (Base)/Registration Type - Registration No' is clicked on

2019-01-03 20:29:25 - [MESSAGE][PASSED] - Object: 'Object Repository/Final Object Repo/Creating Employer Account/Page_Registration - ASSIST (Base)/Registration Type - Registration No' is clicked on

2019-01-03 20:29:25 - [TEST_STEP][PASSED] - delay: Delayed 2 second(s)

2019-01-03 20:29:27 - [MESSAGE][PASSED] - Delayed 2 second(s)

2019-01-03 20:29:27 - [TEST_STEP][PASSED] - setText: Text 'AUTOMATE001' is set on object 'Object Repository/Final Object Repo/Creating Employer Account/Page_Registration - ASSIST (Base)/Registration Number'

2019-01-03 20:29:28 - [MESSAGE][PASSED] - Text 'AUTOMATE001' is set on object 'Object Repository/Final Object Repo/Creating Employer Account/Page_Registration - ASSIST (Base)/Registration Number'

2019-01-03 20:29:28 - [TEST_STEP][PASSED] - delay: Delayed 2 second(s)

2019-01-03 20:29:30 - [MESSAGE][PASSED] - Delayed 2 second(s)

2019-01-03 20:29:30 - [TEST_STEP][PASSED] - setText: Text 'ADDRESS 1' is set on object 'Object Repository/Final Object Repo/Creating Employer Account/Page_Registration - ASSIST (Base)/Postal Address 1'

2019-01-03 20:29:30 - [MESSAGE][PASSED] - Text 'ADDRESS 1' is set on object 'Object Repository/Final Object Repo/Creating Employer Account/Page_Registration - ASSIST (Base)/Postal Address 1'

2019-01-03 20:29:30 - [TEST_STEP][PASSED] - setText: Text 'ADDRESS 2' is set on object 'Object Repository/Final Object Repo/Creating Employer Account/Page_Registration - ASSIST (Base)/Postal Address 2'

2019-01-03 20:29:30 - [MESSAGE][PASSED] - Text 'ADDRESS 2' is set on object 'Object Repository/Final Object Repo/Creating Employer Account/Page_Registration - ASSIST (Base)/Postal Address 2'

2019-01-03 20:29:30 - [TEST_STEP][PASSED] - click: Object: 'Object Repository/Final Object Repo/Creating Employer Account/Page_Registration - ASSIST (Base)/State' is clicked on

2019-01-03 20:29:30 - [MESSAGE][PASSED] - Object: 'Object Repository/Final Object Repo/Creating Employer Account/Page_Registration - ASSIST (Base)/State' is clicked on

2019-01-03 20:29:30 - [TEST_STEP][PASSED] - delay: Delayed 2 second(s)

2019-01-03 20:29:32 - [MESSAGE][PASSED] - Delayed 2 second(s)

2019-01-03 20:29:32 - [TEST_STEP][PASSED] - click: Object: 'Object Repository/Final Object Repo/Creating Employer Account/Page_Registration - ASSIST (Base)/State - Johor' is clicked on

2019-01-03 20:29:33 - [MESSAGE][PASSED] - Object: 'Object Repository/Final Object Repo/Creating Employer Account/Page_Registration - ASSIST (Base)/State - Johor' is clicked on

2019-01-03 20:29:33 - [TEST_STEP][PASSED] - delay: Delayed 2 second(s)

2019-01-03 20:29:35 - [MESSAGE][PASSED] - Delayed 2 second(s)

2019-01-03 20:29:35 - [TEST_STEP][PASSED] - click: Object: 'Object Repository/Final Object Repo/Creating Employer Account/Page_Registration - ASSIST (Base)/City' is clicked on

2019-01-03 20:29:35 - [MESSAGE][PASSED] - Object: 'Object Repository/Final Object Repo/Creating Employer Account/Page_Registration - ASSIST (Base)/City' is clicked on

2019-01-03 20:29:35 - [TEST_STEP][PASSED] - delay: Delayed 2 second(s)

2019-01-03 20:29:37 - [MESSAGE][PASSED] - Delayed 2 second(s)

2019-01-03 20:29:37 - [TEST_STEP][PASSED] - setText: Text 'joh' is set on object 'Object Repository/Final Object Repo/Creating Employer Account/Page_Registration - ASSIST (Base)/City - joh'

2019-01-03 20:29:37 - [MESSAGE][PASSED] - Text 'joh' is set on object 'Object Repository/Final Object Repo/Creating Employer Account/Page_Registration - ASSIST (Base)/City - joh'

2019-01-03 20:29:37 - [TEST_STEP][PASSED] - delay: Delayed 2 second(s)

2019-01-03 20:29:39 - [MESSAGE][PASSED] - Delayed 2 second(s)

2019-01-03 20:29:39 - [TEST_STEP][PASSED] - click: Object: 'Object Repository/Final Object Repo/Creating Employer Account/Page_Registration - ASSIST (Base)/City - Johor Bharu' is clicked on

2019-01-03 20:29:39 - [MESSAGE][PASSED] - Object: 'Object Repository/Final Object Repo/Creating Employer Account/Page_Registration - ASSIST (Base)/City - Johor Bharu' is clicked on

2019-01-03 20:29:39 - [TEST_STEP][PASSED] - delay: Delayed 2 second(s)

2019-01-03 20:29:41 - [MESSAGE][PASSED] - Delayed 2 second(s)

2019-01-03 20:29:41 - [TEST_STEP][PASSED] - click: Object: 'Object Repository/Final Object Repo/Creating Employer Account/Page_Registration - ASSIST (Base)/Post Code' is clicked on

2019-01-03 20:29:41 - [MESSAGE][PASSED] - Object: 'Object Repository/Final Object Repo/Creating Employer Account/Page_Registration - ASSIST (Base)/Post Code' is clicked on

2019-01-03 20:29:41 - [TEST_STEP][PASSED] - delay: Delayed 2 second(s)

2019-01-03 20:29:43 - [MESSAGE][PASSED] - Delayed 2 second(s)

2019-01-03 20:29:43 - [TEST_STEP][PASSED] - setText: Text '810' is set on object 'Object Repository/Final Object Repo/Creating Employer Account/Page_Registration - ASSIST (Base)/Post Code - 810'

2019-01-03 20:29:44 - [MESSAGE][PASSED] - Text '810' is set on object 'Object Repository/Final Object Repo/Creating Employer Account/Page_Registration - ASSIST (Base)/Post Code - 810'

2019-01-03 20:29:44 - [TEST_STEP][PASSED] - delay: Delayed 2 second(s)

2019-01-03 20:29:46 - [MESSAGE][PASSED] - Delayed 2 second(s)

2019-01-03 20:29:46 - [TEST_STEP][PASSED] - click: Object: 'Object Repository/Final Object Repo/Creating Employer Account/Page_Registration - ASSIST (Base)/Post Code - 81000' is clicked on

2019-01-03 20:29:46 - [MESSAGE][PASSED] - Object: 'Object Repository/Final Object Repo/Creating Employer Account/Page_Registration - ASSIST (Base)/Post Code - 81000' is clicked on

2019-01-03 20:29:46 - [TEST_STEP][PASSED] - delay: Delayed 2 second(s)

2019-01-03 20:29:48 - [MESSAGE][PASSED] - Delayed 2 second(s)

2019-01-03 20:29:48 - [TEST_STEP][PASSED] - setText: Text 'PERKESO' is set on object 'Object Repository/Final Object Repo/Creating Employer Account/Page_Registration - ASSIST (Base)/Full Name'

2019-01-03 20:29:48 - [MESSAGE][PASSED] - Text 'PERKESO' is set on object 'Object Repository/Final Object Repo/Creating Employer Account/Page_Registration - ASSIST (Base)/Full Name'

2019-01-03 20:29:48 - [TEST_STEP][PASSED] - Statement - rnd = new java.util.Random(): null

2019-01-03 20:29:48 - [TEST_STEP][PASSED] - Statement - snum = rnd.nextInt(899999 + 1) + 100000: null

2019-01-03 20:29:48 - [TEST_STEP][PASSED] - Statement - tnum = rnd.nextInt(899999 + 1) + 100000: null

2019-01-03 20:29:48 - [TEST_STEP][PASSED] - Statement - IC = java.lang.Integer.toString(snum) + java.lang.Integer.toString(tnum): null

2019-01-03 20:29:48 - [TEST_STEP][PASSED] - Statement - out.println(IC): null

2019-01-03 20:29:48 - [TEST_STEP][PASSED] - setText: Text '984790668429' is set on object 'Object Repository/Final Object Repo/Creating Employer Account/Page_Registration - ASSIST (Base)/Identification Number'

2019-01-03 20:29:48 - [MESSAGE][PASSED] - Text '984790668429' is set on object 'Object Repository/Final Object Repo/Creating Employer Account/Page_Registration - ASSIST (Base)/Identification Number'

2019-01-03 20:29:48 - [TEST_STEP][PASSED] - delay: Delayed 2 second(s)

2019-01-03 20:29:50 - [MESSAGE][PASSED] - Delayed 2 second(s)

2019-01-03 20:29:50 - [TEST_STEP][PASSED] - setText: Text '123456789012' is set on object 'Object Repository/Final Object Repo/Creating Employer Account/Page_Registration - ASSIST (Base)/Contact Number'

2019-01-03 20:29:51 - [MESSAGE][PASSED] - Text '123456789012' is set on object 'Object Repository/Final Object Repo/Creating Employer Account/Page_Registration - ASSIST (Base)/Contact Number'

2019-01-03 20:29:51 - [TEST_STEP][PASSED] - Statement - Email = "perkeso" + IC + "@gmail.com": null

2019-01-03 20:29:51 - [TEST_STEP][PASSED] - delay: Delayed 2 second(s)

2019-01-03 20:29:53 - [MESSAGE][PASSED] - Delayed 2 second(s)

2019-01-03 20:29:53 - [TEST_STEP][PASSED] - callTestCase: Call Test Case 'Test Cases/Final Aug 2018 - PKS Automation/Create Employer Acc/Template/Employer Email Settler' successfully

2019-01-03 20:29:53 - [TEST_CASE][PASSED] - Test Cases/Final Aug 2018 - PKS Automation/Create Employer Acc/Template/Employer Email Settler: Test Cases/Final Aug 2018 - PKS Automation/Create Employer Acc/Template/Employer Email Settler

2019-01-03 20:29:53 - [TEST_STEP][PASSED] - Statement - EmpEmailOld = new java.io.File(C://Users//Admin//Desktop//PKS//Automation Reference Point//EmpEmail.txt): null

2019-01-03 20:29:53 - [TEST_STEP][PASSED] - Statement - EmpEmailOld.delete(): null

2019-01-03 20:29:53 - [TEST_STEP][PASSED] - delay: Delayed 5 second(s)

2019-01-03 20:29:58 - [MESSAGE][PASSED] - Delayed 5 second(s)

2019-01-03 20:29:58 - [TEST_STEP][PASSED] - Statement - EmpEmail = new java.io.File(C://Users//Admin//Desktop//PKS//Automation Reference Point//EmpEmail.txt): null

2019-01-03 20:29:58 - [TEST_STEP][PASSED] - Statement - f2 = new java.io.FileWriter(EmpEmail, false): null

2019-01-03 20:29:58 - [TEST_STEP][PASSED] - Statement - f2.write(Email): null

2019-01-03 20:29:58 - [TEST_STEP][PASSED] - Statement - f2.close(): null

2019-01-03 20:29:58 - [TEST_STEP][PASSED] - Statement - out.println(Email): null

2019-01-03 20:29:58 - [MESSAGE][PASSED] - Call Test Case 'Test Cases/Final Aug 2018 - PKS Automation/Create Employer Acc/Template/Employer Email Settler' successfully

2019-01-03 20:29:58 - [TEST_STEP][PASSED] - delay: Delayed 2 second(s)

2019-01-03 20:30:00 - [MESSAGE][PASSED] - Delayed 2 second(s)

2019-01-03 20:30:00 - [TEST_STEP][PASSED] - setText: Text 'perkeso984790668429@gmail.com' is set on object 'Object Repository/Final Object Repo/Creating Employer Account/Page_Registration - ASSIST (Base)/Email'

2019-01-03 20:30:00 - [MESSAGE][PASSED] - Text 'perkeso984790668429@gmail.com' is set on object 'Object Repository/Final Object Repo/Creating Employer Account/Page_Registration - ASSIST (Base)/Email'

2019-01-03 20:30:00 - [TEST_STEP][PASSED] - setText: Text '123' is set on object 'Object Repository/Final Object Repo/Creating Employer Account/Page_Registration - ASSIST (Base)/Security Phase'

2019-01-03 20:30:00 - [MESSAGE][PASSED] - Text '123' is set on object 'Object Repository/Final Object Repo/Creating Employer Account/Page_Registration - ASSIST (Base)/Security Phase'

2019-01-03 20:30:00 - [TEST_STEP][PASSED] - click: Object: 'Object Repository/Final Object Repo/Creating Employer Account/Page_Registration - ASSIST (Base)/Save  Continue' is clicked on

2019-01-03 20:30:01 - [MESSAGE][PASSED] - Object: 'Object Repository/Final Object Repo/Creating Employer Account/Page_Registration - ASSIST (Base)/Save  Continue' is clicked on

2019-01-03 20:30:01 - [TEST_STEP][PASSED] - delay: Delayed 2 second(s)

2019-01-03 20:30:03 - [MESSAGE][PASSED] - Delayed 2 second(s)

2019-01-03 20:30:03 - [TEST_STEP][PASSED] - click: Object: 'Object Repository/Final Object Repo/Creating Employer Account/Page_Registration - ASSIST (Base)/Add Document' is clicked on

2019-01-03 20:30:03 - [MESSAGE][PASSED] - Object: 'Object Repository/Final Object Repo/Creating Employer Account/Page_Registration - ASSIST (Base)/Add Document' is clicked on

2019-01-03 20:30:03 - [TEST_STEP][PASSED] - delay: Delayed 2 second(s)

2019-01-03 20:30:05 - [MESSAGE][PASSED] - Delayed 2 second(s)

2019-01-03 20:30:05 - [TEST_STEP][PASSED] - click: Object: 'Object Repository/Final Object Repo/Creating Employer Account/Page_Registration - ASSIST (Base)/Document Type' is clicked on

2019-01-03 20:30:05 - [MESSAGE][PASSED] - Object: 'Object Repository/Final Object Repo/Creating Employer Account/Page_Registration - ASSIST (Base)/Document Type' is clicked on

2019-01-03 20:30:05 - [TEST_STEP][PASSED] - delay: Delayed 2 second(s)

2019-01-03 20:30:07 - [MESSAGE][PASSED] - Delayed 2 second(s)

2019-01-03 20:30:07 - [TEST_STEP][PASSED] - click: Object: 'Object Repository/Final Object Repo/Creating Employer Account/Page_Registration - ASSIST (Base)/Document Type - Letter of Authorization' is clicked on

2019-01-03 20:30:07 - [MESSAGE][PASSED] - Object: 'Object Repository/Final Object Repo/Creating Employer Account/Page_Registration - ASSIST (Base)/Document Type - Letter of Authorization' is clicked on

2019-01-03 20:30:07 - [TEST_STEP][PASSED] - delay: Delayed 2 second(s)

2019-01-03 20:30:09 - [MESSAGE][PASSED] - Delayed 2 second(s)

2019-01-03 20:30:09 - [TEST_STEP][PASSED] - sendKeys: Keys 'C:\Users\Public\Pictures\Sample Pictures\Koala.jpg' sent to object: 'Object Repository/Final Object Repo/Creating Employer Account/Page_Registration - ASSIST (Base)/Uploading File'

2019-01-03 20:30:09 - [MESSAGE][PASSED] - Keys 'C:\Users\Public\Pictures\Sample Pictures\Koala.jpg' sent to object: 'Object Repository/Final Object Repo/Creating Employer Account/Page_Registration - ASSIST (Base)/Uploading File'

2019-01-03 20:30:09 - [TEST_STEP][PASSED] - delay: Delayed 2 second(s)

2019-01-03 20:30:11 - [MESSAGE][PASSED] - Delayed 2 second(s)

2019-01-03 20:30:11 - [TEST_STEP][PASSED] - click: Object: 'Object Repository/Final Object Repo/Creating Employer Account/Page_Registration - ASSIST (Base)/Add Document in Uploading File' is clicked on

2019-01-03 20:30:11 - [MESSAGE][PASSED] - Object: 'Object Repository/Final Object Repo/Creating Employer Account/Page_Registration - ASSIST (Base)/Add Document in Uploading File' is clicked on

2019-01-03 20:30:11 - [TEST_STEP][PASSED] - delay: Delayed 2 second(s)

2019-01-03 20:30:13 - [MESSAGE][PASSED] - Delayed 2 second(s)

2019-01-03 20:30:13 - [TEST_STEP][PASSED] - click: Object: 'Object Repository/Final Object Repo/Creating Employer Account/Page_Registration - ASSIST (Base)/Save' is clicked on

2019-01-03 20:30:13 - [MESSAGE][PASSED] - Object: 'Object Repository/Final Object Repo/Creating Employer Account/Page_Registration - ASSIST (Base)/Save' is clicked on

2019-01-03 20:30:13 - [TEST_STEP][PASSED] - delay: Delayed 2 second(s)

2019-01-03 20:30:15 - [MESSAGE][PASSED] - Delayed 2 second(s)

2019-01-03 20:30:15 - [TEST_STEP][PASSED] - click: Object: 'Object Repository/Final Object Repo/Creating Employer Account/Page_Registration - ASSIST (Base)/Submit' is clicked on

2019-01-03 20:30:16 - [MESSAGE][PASSED] - Object: 'Object Repository/Final Object Repo/Creating Employer Account/Page_Registration - ASSIST (Base)/Submit' is clicked on

2019-01-03 20:30:16 - [TEST_STEP][PASSED] - delay: Delayed 2 second(s)

2019-01-03 20:30:18 - [MESSAGE][PASSED] - Delayed 2 second(s)

2019-01-03 20:30:18 - [TEST_STEP][PASSED] - click: Object: 'Object Repository/Final Object Repo/Creating Employer Account/Page_Registration - ASSIST (Base)/Confirm' is clicked on

2019-01-03 20:30:18 - [MESSAGE][PASSED] - Object: 'Object Repository/Final Object Repo/Creating Employer Account/Page_Registration - ASSIST (Base)/Confirm' is clicked on

2019-01-03 20:30:18 - [MESSAGE][PASSED] - Call Test Case 'Test Cases/Final Aug 2018 - PKS Automation/Create Employer Acc/Template/Register Employer' successfully

2019-01-03 20:30:18 - [TEST_STEP][PASSED] - delay: Delayed 1 second(s)

2019-01-03 20:30:19 - [MESSAGE][PASSED] - Delayed 1 second(s)

2019-01-03 20:30:19 - [TEST_STEP][PASSED] - navigateToUrl: Navigate to 'https://assist2-uat.perkeso.gov.my/c/portal/logout' successfully

2019-01-03 20:30:20 - [MESSAGE][PASSED] - Navigate to 'https://assist2-uat.perkeso.gov.my/c/portal/logout' successfully

2019-01-03 20:30:20 - [TEST_STEP][PASSED] - delay: Delayed 1 second(s)

2019-01-03 20:30:21 - [MESSAGE][PASSED] - Delayed 1 second(s)

2019-01-03 20:30:21 - [TEST_STEP][PASSED] - callTestCase: Call Test Case 'Test Cases/Final Aug 2018 - PKS Automation/Create Employer Acc/Template/Change Password of Employer' successfully

2019-01-03 20:30:21 - [TEST_CASE][PASSED] - Test Cases/Final Aug 2018 - PKS Automation/Create Employer Acc/Template/Change Password of Employer: Test Cases/Final Aug 2018 - PKS Automation/Create Employer Acc/Template/Change Password of Employer

2019-01-03 20:30:21 - [TEST_STEP][PASSED] - openBrowser: Browser is opened with url: ''

2019-01-03 20:30:21 - [MESSAGE][WARNING] - A browser is already opened. Closing browser and opening a new one

2019-01-03 20:30:25 - [MESSAGE][PASSED] - Browser is opened with url: ''

2019-01-03 20:30:25 - [TEST_STEP][PASSED] - navigateToUrl: Navigate to 'https://assist2-uat.perkeso.gov.my/login' successfully

2019-01-03 20:30:26 - [MESSAGE][PASSED] - Navigate to 'https://assist2-uat.perkeso.gov.my/login' successfully

2019-01-03 20:30:26 - [TEST_STEP][PASSED] - delay: Delayed 5 second(s)

2019-01-03 20:30:31 - [MESSAGE][PASSED] - Delayed 5 second(s)

2019-01-03 20:30:31 - [TEST_STEP][PASSED] - setText: Text 'test@liferay.com' is set on object 'Object Repository/Final Object Repo/Login Page/Internal User/Email Address'

2019-01-03 20:30:32 - [MESSAGE][PASSED] - Text 'test@liferay.com' is set on object 'Object Repository/Final Object Repo/Login Page/Internal User/Email Address'

2019-01-03 20:30:32 - [TEST_STEP][PASSED] - click: Object: 'Object Repository/Final Object Repo/Login Page/Internal User/Next Button' is clicked on

2019-01-03 20:30:32 - [MESSAGE][PASSED] - Object: 'Object Repository/Final Object Repo/Login Page/Internal User/Next Button' is clicked on

2019-01-03 20:30:32 - [TEST_STEP][PASSED] - delay: Delayed 2 second(s)

2019-01-03 20:30:34 - [MESSAGE][PASSED] - Delayed 2 second(s)

2019-01-03 20:30:34 - [TEST_STEP][PASSED] - setText: Text 'test' is set on object 'Object Repository/Final Object Repo/Login Page/Internal User/Password'

2019-01-03 20:30:34 - [MESSAGE][PASSED] - Text 'test' is set on object 'Object Repository/Final Object Repo/Login Page/Internal User/Password'

2019-01-03 20:30:34 - [TEST_STEP][PASSED] - delay: Delayed 2 second(s)

2019-01-03 20:30:36 - [MESSAGE][PASSED] - Delayed 2 second(s)

2019-01-03 20:30:36 - [TEST_STEP][PASSED] - click: Object: 'Object Repository/Final Object Repo/Login Page/Internal User/Login Button' is clicked on

2019-01-03 20:30:36 - [MESSAGE][PASSED] - Object: 'Object Repository/Final Object Repo/Login Page/Internal User/Login Button' is clicked on

2019-01-03 20:30:36 - [TEST_STEP][PASSED] - delay: Delayed 3 second(s)

2019-01-03 20:30:39 - [MESSAGE][PASSED] - Delayed 3 second(s)

2019-01-03 20:30:39 - [TEST_STEP][PASSED] - navigateToUrl: Navigate to 'https://assist2-uat.perkeso.gov.my/group/control_panel/manage?p_p_id=125&p_p_lifecycle=0&p_p_state=maximized&p_p_mode=view&refererPlid=20455&_125_usersListView=flat-users&_125_toolbarItem=view-all-users&_125_saveUsersListView=true&_125_struts_action=%2Fusers_admin%2Fview' successfully

2019-01-03 20:30:41 - [MESSAGE][PASSED] - Navigate to 'https://assist2-uat.perkeso.gov.my/group/control_panel/manage?p_p_id=125&p_p_lifecycle=0&p_p_state=maximized&p_p_mode=view&refererPlid=20455&_125_usersListView=flat-users&_125_toolbarItem=view-all-users&_125_saveUsersListView=true&_125_struts_action=%2Fusers_admin%2Fview' successfully

2019-01-03 20:30:41 - [TEST_STEP][PASSED] - delay: Delayed 3 second(s)

2019-01-03 20:30:44 - [MESSAGE][PASSED] - Delayed 3 second(s)

2019-01-03 20:30:44 - [TEST_STEP][PASSED] - setText: Text 'perkeso984790668429@gmail.com' is set on object 'Object Repository/Final Object Repo/Creating Employer Account/Page_Users and Organizations - ASSIST/Employer name'

2019-01-03 20:30:44 - [MESSAGE][PASSED] - Text 'perkeso984790668429@gmail.com' is set on object 'Object Repository/Final Object Repo/Creating Employer Account/Page_Users and Organizations - ASSIST/Employer name'

2019-01-03 20:30:44 - [TEST_STEP][PASSED] - delay: Delayed 3 second(s)

2019-01-03 20:30:47 - [MESSAGE][PASSED] - Delayed 3 second(s)

2019-01-03 20:30:47 - [TEST_STEP][PASSED] - click: Object: 'Object Repository/Final Object Repo/Creating Employer Account/Page_Users and Organizations - ASSIST/Search' is clicked on

2019-01-03 20:30:48 - [MESSAGE][PASSED] - Object: 'Object Repository/Final Object Repo/Creating Employer Account/Page_Users and Organizations - ASSIST/Search' is clicked on

2019-01-03 20:30:48 - [TEST_STEP][PASSED] - delay: Delayed 3 second(s)

2019-01-03 20:30:51 - [MESSAGE][PASSED] - Delayed 3 second(s)

2019-01-03 20:30:51 - [TEST_STEP][PASSED] - click: Object: 'Object Repository/Final Object Repo/Creating Employer Account/Page_Users and Organizations - ASSIST/Action' is clicked on

2019-01-03 20:30:51 - [MESSAGE][PASSED] - Object: 'Object Repository/Final Object Repo/Creating Employer Account/Page_Users and Organizations - ASSIST/Action' is clicked on

2019-01-03 20:30:51 - [TEST_STEP][PASSED] - delay: Delayed 3 second(s)

2019-01-03 20:30:54 - [MESSAGE][PASSED] - Delayed 3 second(s)

2019-01-03 20:30:54 - [TEST_STEP][PASSED] - click: Object: 'Object Repository/Final Object Repo/Creating Employer Account/Page_Users and Organizations - ASSIST/Edit' is clicked on

2019-01-03 20:30:55 - [MESSAGE][PASSED] - Object: 'Object Repository/Final Object Repo/Creating Employer Account/Page_Users and Organizations - ASSIST/Edit' is clicked on

2019-01-03 20:30:55 - [TEST_STEP][PASSED] - delay: Delayed 3 second(s)

2019-01-03 20:30:58 - [MESSAGE][PASSED] - Delayed 3 second(s)

2019-01-03 20:30:58 - [TEST_STEP][PASSED] - click: Object: 'Object Repository/Final Object Repo/Creating Employer Account/Page_PERKESO - Users and Organizati/a_Password (Modified)' is clicked on

2019-01-03 20:30:58 - [MESSAGE][PASSED] - Object: 'Object Repository/Final Object Repo/Creating Employer Account/Page_PERKESO - Users and Organizati/a_Password (Modified)' is clicked on

2019-01-03 20:30:58 - [TEST_STEP][PASSED] - delay: Delayed 3 second(s)

2019-01-03 20:31:01 - [MESSAGE][PASSED] - Delayed 3 second(s)

2019-01-03 20:31:01 - [TEST_STEP][PASSED] - setEncryptedText: Text ****** has been set on object 'Object Repository/Final Object Repo/Creating Employer Account/Page_PERKESO - Users and Organizati/input__125_password1'

2019-01-03 20:31:01 - [MESSAGE][PASSED] - Text ****** has been set on object 'Object Repository/Final Object Repo/Creating Employer Account/Page_PERKESO - Users and Organizati/input__125_password1'

2019-01-03 20:31:01 - [TEST_STEP][PASSED] - delay: Delayed 3 second(s)

2019-01-03 20:31:04 - [MESSAGE][PASSED] - Delayed 3 second(s)

2019-01-03 20:31:04 - [TEST_STEP][PASSED] - setEncryptedText: Text ****** has been set on object 'Object Repository/Final Object Repo/Creating Employer Account/Page_PERKESO - Users and Organizati/input__125_password2'

2019-01-03 20:31:05 - [MESSAGE][PASSED] - Text ****** has been set on object 'Object Repository/Final Object Repo/Creating Employer Account/Page_PERKESO - Users and Organizati/input__125_password2'

2019-01-03 20:31:05 - [TEST_STEP][PASSED] - delay: Delayed 3 second(s)

2019-01-03 20:31:08 - [MESSAGE][PASSED] - Delayed 3 second(s)

2019-01-03 20:31:08 - [TEST_STEP][PASSED] - click: Object: 'Object Repository/Final Object Repo/Creating Employer Account/Page_PERKESO - Users and Organizati/Save' is clicked on

2019-01-03 20:31:09 - [MESSAGE][PASSED] - Object: 'Object Repository/Final Object Repo/Creating Employer Account/Page_PERKESO - Users and Organizati/Save' is clicked on

2019-01-03 20:31:09 - [MESSAGE][PASSED] - Call Test Case 'Test Cases/Final Aug 2018 - PKS Automation/Create Employer Acc/Template/Change Password of Employer' successfully

2019-01-03 20:31:09 - [TEST_STEP][PASSED] - delay: Delayed 1 second(s)

2019-01-03 20:31:10 - [MESSAGE][PASSED] - Delayed 1 second(s)

2019-01-03 20:31:10 - [TEST_STEP][PASSED] - navigateToUrl: Navigate to 'https://assist2-uat.perkeso.gov.my/c/portal/logout' successfully

2019-01-03 20:31:11 - [MESSAGE][PASSED] - Navigate to 'https://assist2-uat.perkeso.gov.my/c/portal/logout' successfully

2019-01-03 20:31:11 - [TEST_STEP][PASSED] - delay: Delayed 1 second(s)

2019-01-03 20:31:12 - [MESSAGE][PASSED] - Delayed 1 second(s)

2019-01-03 20:31:12 - [TEST_STEP][PASSED] - callTestCase: Call Test Case 'Test Cases/Final Aug 2018 - PKS Automation/Create Employer Acc/Template/Login to Employer Account (First Time)' successfully

2019-01-03 20:31:12 - [TEST_CASE][PASSED] - Test Cases/Final Aug 2018 - PKS Automation/Create Employer Acc/Template/Login to Employer Account (First Time): Test Cases/Final Aug 2018 - PKS Automation/Create Employer Acc/Template/Login to Employer Account (First Time)

2019-01-03 20:31:12 - [TEST_STEP][PASSED] - openBrowser: Browser is opened with url: ''

2019-01-03 20:31:12 - [MESSAGE][WARNING] - A browser is already opened. Closing browser and opening a new one

2019-01-03 20:31:16 - [MESSAGE][PASSED] - Browser is opened with url: ''

2019-01-03 20:31:16 - [TEST_STEP][PASSED] - navigateToUrl: Navigate to 'https://assist2-uat.perkeso.gov.my/employer/login' successfully

2019-01-03 20:31:17 - [MESSAGE][PASSED] - Navigate to 'https://assist2-uat.perkeso.gov.my/employer/login' successfully

2019-01-03 20:31:17 - [TEST_STEP][PASSED] - delay: Delayed 3 second(s)

2019-01-03 20:31:20 - [MESSAGE][PASSED] - Delayed 3 second(s)

2019-01-03 20:31:20 - [TEST_STEP][PASSED] - callTestCase: Call Test Case 'Test Cases/Final Aug 2018 - PKS Automation/Create Employer Acc/Template/Employer Email Getter' successfully

2019-01-03 20:31:20 - [TEST_CASE][PASSED] - Test Cases/Final Aug 2018 - PKS Automation/Create Employer Acc/Template/Employer Email Getter: Test Cases/Final Aug 2018 - PKS Automation/Create Employer Acc/Template/Employer Email Getter

2019-01-03 20:31:20 - [TEST_STEP][PASSED] - Statement - Try: null

2019-01-03 20:31:20 - [TEST_STEP][PASSED] - Statement - EmpEmail = new java.io.File(C://Users//Admin//Desktop//PKS//Automation Reference Point//EmpEmail.txt): null

2019-01-03 20:31:20 - [TEST_STEP][PASSED] - Statement - bufferread = new java.io.BufferedReader(new java.io.FileReader(EmpEmail)): null

2019-01-03 20:31:20 - [TEST_STEP][PASSED] - Statement - readedVal = bufferread.readLine(): null

2019-01-03 20:31:20 - [TEST_STEP][PASSED] - Statement - out.println(readedVal): null

2019-01-03 20:31:20 - [TEST_STEP][PASSED] - Statement - Email = readedVal: null

2019-01-03 20:31:20 - [MESSAGE][PASSED] - Call Test Case 'Test Cases/Final Aug 2018 - PKS Automation/Create Employer Acc/Template/Employer Email Getter' successfully

2019-01-03 20:31:20 - [TEST_STEP][PASSED] - setText: Text 'perkeso984790668429@gmail.com' is set on object 'Object Repository/Final Object Repo/Login Page/External Login Page/Email'

2019-01-03 20:31:20 - [MESSAGE][PASSED] - Text 'perkeso984790668429@gmail.com' is set on object 'Object Repository/Final Object Repo/Login Page/External Login Page/Email'

2019-01-03 20:31:20 - [TEST_STEP][PASSED] - click: Object: 'Object Repository/Final Object Repo/Login Page/External Login Page/Next' is clicked on

2019-01-03 20:31:21 - [MESSAGE][PASSED] - Object: 'Object Repository/Final Object Repo/Login Page/External Login Page/Next' is clicked on

2019-01-03 20:31:21 - [TEST_STEP][PASSED] - delay: Delayed 3 second(s)

2019-01-03 20:31:24 - [MESSAGE][PASSED] - Delayed 3 second(s)

2019-01-03 20:31:24 - [TEST_STEP][PASSED] - setEncryptedText: Text ****** has been set on object 'Object Repository/Final Object Repo/Login Page/External Login Page/Password'

2019-01-03 20:31:24 - [MESSAGE][PASSED] - Text ****** has been set on object 'Object Repository/Final Object Repo/Login Page/External Login Page/Password'

2019-01-03 20:31:24 - [TEST_STEP][PASSED] - click: Object: 'Object Repository/Final Object Repo/Login Page/External Login Page/Login' is clicked on

2019-01-03 20:31:24 - [MESSAGE][PASSED] - Object: 'Object Repository/Final Object Repo/Login Page/External Login Page/Login' is clicked on

2019-01-03 20:31:24 - [TEST_STEP][PASSED] - delay: Delayed 3 second(s)

2019-01-03 20:31:27 - [MESSAGE][PASSED] - Delayed 3 second(s)

2019-01-03 20:31:27 - [TEST_STEP][PASSED] - click: Object: 'Object Repository/Final Object Repo/Creating Employer Account/Page_Terms of Use - ASSIST/button_I Agree' is clicked on

2019-01-03 20:31:28 - [MESSAGE][PASSED] - Object: 'Object Repository/Final Object Repo/Creating Employer Account/Page_Terms of Use - ASSIST/button_I Agree' is clicked on

2019-01-03 20:31:28 - [TEST_STEP][PASSED] - delay: Delayed 2 second(s)

2019-01-03 20:31:30 - [MESSAGE][PASSED] - Delayed 2 second(s)

2019-01-03 20:31:30 - [TEST_STEP][PASSED] - setEncryptedText: Text ****** has been set on object 'Object Repository/Final Object Repo/Creating Employer Account/Page_New Password - ASSIST/input_password1'

2019-01-03 20:31:30 - [MESSAGE][PASSED] - Text ****** has been set on object 'Object Repository/Final Object Repo/Creating Employer Account/Page_New Password - ASSIST/input_password1'

2019-01-03 20:31:30 - [TEST_STEP][PASSED] - setEncryptedText: Text ****** has been set on object 'Object Repository/Final Object Repo/Creating Employer Account/Page_New Password - ASSIST/input_password2'

2019-01-03 20:31:30 - [MESSAGE][PASSED] - Text ****** has been set on object 'Object Repository/Final Object Repo/Creating Employer Account/Page_New Password - ASSIST/input_password2'

2019-01-03 20:31:30 - [TEST_STEP][PASSED] - delay: Delayed 2 second(s)

2019-01-03 20:31:32 - [MESSAGE][PASSED] - Delayed 2 second(s)

2019-01-03 20:31:32 - [TEST_STEP][PASSED] - click: Object: 'Object Repository/Final Object Repo/Creating Employer Account/Page_New Password - ASSIST/Save' is clicked on

2019-01-03 20:31:32 - [MESSAGE][PASSED] - Object: 'Object Repository/Final Object Repo/Creating Employer Account/Page_New Password - ASSIST/Save' is clicked on

2019-01-03 20:31:32 - [TEST_STEP][PASSED] - delay: Delayed 2 second(s)

2019-01-03 20:31:34 - [MESSAGE][PASSED] - Delayed 2 second(s)

2019-01-03 20:31:34 - [TEST_STEP][PASSED] - setText: Text 'test' is set on object 'Object Repository/Final Object Repo/Creating Employer Account/Page_Password Reminder - ASSIST/Reminder Query Answer'

2019-01-03 20:31:35 - [MESSAGE][PASSED] - Text 'test' is set on object 'Object Repository/Final Object Repo/Creating Employer Account/Page_Password Reminder - ASSIST/Reminder Query Answer'

2019-01-03 20:31:35 - [TEST_STEP][PASSED] - delay: Delayed 2 second(s)

2019-01-03 20:31:37 - [MESSAGE][PASSED] - Delayed 2 second(s)

2019-01-03 20:31:37 - [TEST_STEP][PASSED] - doubleClick: Object: 'Object Repository/Final Object Repo/Creating Employer Account/Page_Password Reminder - ASSIST/Save' is double clicked on

2019-01-03 20:31:39 - [MESSAGE][PASSED] - Object: 'Object Repository/Final Object Repo/Creating Employer Account/Page_Password Reminder - ASSIST/Save' is double clicked on

2019-01-03 20:31:39 - [MESSAGE][PASSED] - Call Test Case 'Test Cases/Final Aug 2018 - PKS Automation/Create Employer Acc/Template/Login to Employer Account (First Time)' successfully

2019-01-03 20:31:39 - [MESSAGE][PASSED] - Call Test Case 'Test Cases/Final Aug 2018 - PKS Automation/Create Employer Acc/Create Employer Account' successfully

2019-01-03 20:31:39 - [TEST_STEP][PASSED] - callTestCase: Call Test Case 'Test Cases/Final Aug 2018 - PKS Automation/Registration Module/Log Out/log out avoiding katalon tagging' successfully

2019-01-03 20:31:39 - [TEST_CASE][PASSED] - Test Cases/Final Aug 2018 - PKS Automation/Registration Module/Log Out/log out avoiding katalon tagging: Test Cases/Final Aug 2018 - PKS Automation/Registration Module/Log Out/log out avoiding katalon tagging

2019-01-03 20:31:39 - [TEST_STEP][PASSED] - navigateToUrl: Navigate to 'https://assist2-uat.perkeso.gov.my/c/portal/logout' successfully

2019-01-03 20:31:40 - [MESSAGE][PASSED] - Navigate to 'https://assist2-uat.perkeso.gov.my/c/portal/logout' successfully

2019-01-03 20:31:40 - [MESSAGE][PASSED] - Call Test Case 'Test Cases/Final Aug 2018 - PKS Automation/Registration Module/Log Out/log out avoiding katalon tagging' successfully

2019-01-03 20:31:40 - [TEST_STEP][PASSED] - callTestCase: Call Test Case 'Test Cases/Final Aug 2018 - PKS Automation/Create Employer Acc/Login to Employer Account (Second time)' successfully

2019-01-03 20:31:40 - [TEST_CASE][PASSED] - Test Cases/Final Aug 2018 - PKS Automation/Create Employer Acc/Login to Employer Account (Second time): Test Cases/Final Aug 2018 - PKS Automation/Create Employer Acc/Login to Employer Account (Second time)

2019-01-03 20:31:40 - [TEST_STEP][PASSED] - openBrowser: Browser is opened with url: ''

2019-01-03 20:31:40 - [MESSAGE][WARNING] - A browser is already opened. Closing browser and opening a new one

2019-01-03 20:31:44 - [MESSAGE][PASSED] - Browser is opened with url: ''

2019-01-03 20:31:44 - [TEST_STEP][PASSED] - navigateToUrl: Navigate to 'https://assist2-uat.perkeso.gov.my/employer/login' successfully

2019-01-03 20:31:44 - [MESSAGE][PASSED] - Navigate to 'https://assist2-uat.perkeso.gov.my/employer/login' successfully

2019-01-03 20:31:44 - [TEST_STEP][PASSED] - delay: Delayed 3 second(s)

2019-01-03 20:31:47 - [MESSAGE][PASSED] - Delayed 3 second(s)

2019-01-03 20:31:47 - [TEST_STEP][PASSED] - callTestCase: Call Test Case 'Test Cases/Final Aug 2018 - PKS Automation/Create Employer Acc/Template/Employer Email Getter' successfully

2019-01-03 20:31:48 - [TEST_CASE][PASSED] - Test Cases/Final Aug 2018 - PKS Automation/Create Employer Acc/Template/Employer Email Getter: Test Cases/Final Aug 2018 - PKS Automation/Create Employer Acc/Template/Employer Email Getter

2019-01-03 20:31:48 - [TEST_STEP][PASSED] - Statement - Try: null

2019-01-03 20:31:48 - [TEST_STEP][PASSED] - Statement - EmpEmail = new java.io.File(C://Users//Admin//Desktop//PKS//Automation Reference Point//EmpEmail.txt): null

2019-01-03 20:31:48 - [TEST_STEP][PASSED] - Statement - bufferread = new java.io.BufferedReader(new java.io.FileReader(EmpEmail)): null

2019-01-03 20:31:48 - [TEST_STEP][PASSED] - Statement - readedVal = bufferread.readLine(): null

2019-01-03 20:31:48 - [TEST_STEP][PASSED] - Statement - out.println(readedVal): null

2019-01-03 20:31:48 - [TEST_STEP][PASSED] - Statement - Email = readedVal: null

2019-01-03 20:31:48 - [MESSAGE][PASSED] - Call Test Case 'Test Cases/Final Aug 2018 - PKS Automation/Create Employer Acc/Template/Employer Email Getter' successfully

2019-01-03 20:31:48 - [TEST_STEP][PASSED] - setText: Text 'perkeso984790668429@gmail.com' is set on object 'Object Repository/Final Object Repo/Login Page/External Login Page/Email'

2019-01-03 20:31:48 - [MESSAGE][PASSED] - Text 'perkeso984790668429@gmail.com' is set on object 'Object Repository/Final Object Repo/Login Page/External Login Page/Email'

2019-01-03 20:31:48 - [TEST_STEP][PASSED] - click: Object: 'Object Repository/Final Object Repo/Login Page/External Login Page/Next' is clicked on

2019-01-03 20:31:48 - [MESSAGE][PASSED] - Object: 'Object Repository/Final Object Repo/Login Page/External Login Page/Next' is clicked on

2019-01-03 20:31:48 - [TEST_STEP][PASSED] - delay: Delayed 3 second(s)

2019-01-03 20:31:51 - [MESSAGE][PASSED] - Delayed 3 second(s)

2019-01-03 20:31:51 - [TEST_STEP][PASSED] - setEncryptedText: Text ****** has been set on object 'Object Repository/Final Object Repo/Login Page/External Login Page/Password'

2019-01-03 20:31:51 - [MESSAGE][PASSED] - Text ****** has been set on object 'Object Repository/Final Object Repo/Login Page/External Login Page/Password'

2019-01-03 20:31:51 - [TEST_STEP][PASSED] - click: Object: 'Object Repository/Final Object Repo/Login Page/External Login Page/Login' is clicked on

2019-01-03 20:31:51 - [MESSAGE][PASSED] - Object: 'Object Repository/Final Object Repo/Login Page/External Login Page/Login' is clicked on

2019-01-03 20:31:51 - [TEST_STEP][PASSED] - delay: Delayed 5 second(s)

2019-01-03 20:31:56 - [MESSAGE][PASSED] - Delayed 5 second(s)

2019-01-03 20:31:56 - [MESSAGE][PASSED] - Call Test Case 'Test Cases/Final Aug 2018 - PKS Automation/Create Employer Acc/Login to Employer Account (Second time)' successfully

2019-01-03 20:31:56 - [TEST_STEP][PASSED] - delay: Delayed 4 second(s)

2019-01-03 20:32:00 - [MESSAGE][PASSED] - Delayed 4 second(s)

2019-01-03 20:32:00 - [TEST_STEP][PASSED] - Statement - Try: Delayed 2 second(s)

2019-01-03 20:32:00 - [TEST_STEP][PASSED] - Statement - Checker = false: null

2019-01-03 20:32:00 - [TEST_STEP][PASSED] - Statement - Checker = com.kms.katalon.core.webui.keyword.WebUiBuiltInKeywords.verifyElementHasAttribute(com.kms.katalon.core.testobject.ObjectRepository.findTestObject(Final Object Repo/Landing Page/BM Detecting), "href", 20, OPTIONAL): Object 'Object Repository/Final Object Repo/Landing Page/BM Detecting' has attribute 'href'

2019-01-03 20:32:01 - [MESSAGE][PASSED] - Object 'Object Repository/Final Object Repo/Landing Page/BM Detecting' has attribute 'href'

2019-01-03 20:32:01 - [TEST_STEP][PASSED] - Statement - out.println(Checker): null

2019-01-03 20:32:01 - [TEST_STEP][PASSED] - Statement - If (Checker == false): null

2019-01-03 20:32:01 - [TEST_STEP][PASSED] - Statement - Else: null

2019-01-03 20:32:01 - [TEST_STEP][PASSED] - delay: Delayed 2 second(s)

2019-01-03 20:32:03 - [MESSAGE][PASSED] - Delayed 2 second(s)

2019-01-03 20:32:03 - [TEST_STEP][PASSED] - delay: Delayed 4 second(s)

2019-01-03 20:32:07 - [MESSAGE][PASSED] - Delayed 4 second(s)

2019-01-03 20:32:07 - [TEST_STEP][PASSED] - click: Object: 'Object Repository/Final Object Repo/Landing Page/My Sites Drop Down' is clicked on

2019-01-03 20:32:07 - [MESSAGE][PASSED] - Object: 'Object Repository/Final Object Repo/Landing Page/My Sites Drop Down' is clicked on

2019-01-03 20:32:07 - [TEST_STEP][PASSED] - click: Object: 'Object Repository/Final Object Repo/Landing Page/Select to Registration Module' is clicked on

2019-01-03 20:32:09 - [MESSAGE][PASSED] - Object: 'Object Repository/Final Object Repo/Landing Page/Select to Registration Module' is clicked on

2019-01-03 20:32:09 - [TEST_STEP][PASSED] - click: Object: 'Object Repository/Final Object Repo/Landing Page/Registration Button' is clicked on

2019-01-03 20:32:11 - [MESSAGE][PASSED] - Object: 'Object Repository/Final Object Repo/Landing Page/Registration Button' is clicked on

2019-01-03 20:32:11 - [TEST_STEP][PASSED] - delay: Delayed 2 second(s)

2019-01-03 20:32:13 - [MESSAGE][PASSED] - Delayed 2 second(s)

2019-01-03 20:32:13 - [TEST_STEP][PASSED] - click: Object: 'Object Repository/Final Object Repo/New Registration - Registration Module Pages/New Reg - OTC to RO/Special Case - OTC - Form 1/AEC NO' is clicked on

2019-01-03 20:32:13 - [MESSAGE][PASSED] - Object: 'Object Repository/Final Object Repo/New Registration - Registration Module Pages/New Reg - OTC to RO/Special Case - OTC - Form 1/AEC NO' is clicked on

2019-01-03 20:32:13 - [TEST_STEP][PASSED] - click: Object: 'Object Repository/Final Object Repo/New Registration - Registration Module Pages/New Reg - OTC to RO/Special Case - OTC - Form 1/Business Entity - Please Select' is clicked on

2019-01-03 20:32:13 - [MESSAGE][PASSED] - Object: 'Object Repository/Final Object Repo/New Registration - Registration Module Pages/New Reg - OTC to RO/Special Case - OTC - Form 1/Business Entity - Please Select' is clicked on

2019-01-03 20:32:13 - [TEST_STEP][PASSED] - click: Object: 'Object Repository/Final Object Repo/New Registration - Registration Module Pages/New Reg - OTC to RO/Special Case - OTC - Form 1/Selected - Corporation' is clicked on

2019-01-03 20:32:13 - [MESSAGE][PASSED] - Object: 'Object Repository/Final Object Repo/New Registration - Registration Module Pages/New Reg - OTC to RO/Special Case - OTC - Form 1/Selected - Corporation' is clicked on

2019-01-03 20:32:13 - [TEST_STEP][PASSED] - delay: Delayed 2 second(s)

2019-01-03 20:32:15 - [MESSAGE][PASSED] - Delayed 2 second(s)

2019-01-03 20:32:15 - [TEST_STEP][PASSED] - click: Object: 'Object Repository/Final Object Repo/New Registration - Registration Module Pages/New Reg - OTC to RO/Special Case - OTC - Form 1/Sub Business Entity - Please Select' is clicked on

2019-01-03 20:32:15 - [MESSAGE][PASSED] - Object: 'Object Repository/Final Object Repo/New Registration - Registration Module Pages/New Reg - OTC to RO/Special Case - OTC - Form 1/Sub Business Entity - Please Select' is clicked on

2019-01-03 20:32:15 - [TEST_STEP][PASSED] - delay: Delayed 2 second(s)

2019-01-03 20:32:17 - [MESSAGE][PASSED] - Delayed 2 second(s)

2019-01-03 20:32:17 - [TEST_STEP][PASSED] - click: Object: 'Object Repository/Final Object Repo/New Registration - Registration Module Pages/New Reg - OTC to RO/Special Case - OTC - Form 1/Selected - Sendirian Berhad' is clicked on

2019-01-03 20:32:18 - [MESSAGE][PASSED] - Object: 'Object Repository/Final Object Repo/New Registration - Registration Module Pages/New Reg - OTC to RO/Special Case - OTC - Form 1/Selected - Sendirian Berhad' is clicked on

2019-01-03 20:32:18 - [TEST_STEP][PASSED] - setText: Text 'AUTOMATE001' is set on object 'Object Repository/Final Object Repo/New Registration - Registration Module Pages/New Reg - OTC to RO/Special Case - OTC - Form 1/Input BRN Number'

2019-01-03 20:32:18 - [MESSAGE][PASSED] - Text 'AUTOMATE001' is set on object 'Object Repository/Final Object Repo/New Registration - Registration Module Pages/New Reg - OTC to RO/Special Case - OTC - Form 1/Input BRN Number'

2019-01-03 20:32:18 - [TEST_STEP][PASSED] - delay: Delayed 2 second(s)

2019-01-03 20:32:20 - [MESSAGE][PASSED] - Delayed 2 second(s)

2019-01-03 20:32:20 - [TEST_STEP][PASSED] - click: Object: 'Object Repository/Final Object Repo/New Registration - Registration Module Pages/New Reg - OTC to RO/Special Case - OTC - Form 1/BRN Search' is clicked on

2019-01-03 20:32:20 - [MESSAGE][PASSED] - Object: 'Object Repository/Final Object Repo/New Registration - Registration Module Pages/New Reg - OTC to RO/Special Case - OTC - Form 1/BRN Search' is clicked on

2019-01-03 20:32:20 - [TEST_STEP][PASSED] - delay: Delayed 4 second(s)

2019-01-03 20:32:24 - [MESSAGE][PASSED] - Delayed 4 second(s)

2019-01-03 20:32:24 - [TEST_STEP][PASSED] - click: Object: 'Object Repository/Final Object Repo/New Registration - Registration Module Pages/New Reg - OTC to RO/Special Case - OTC - Form 1/Registered with SSM - After Feb 2017' is clicked on

2019-01-03 20:32:24 - [MESSAGE][PASSED] - Object: 'Object Repository/Final Object Repo/New Registration - Registration Module Pages/New Reg - OTC to RO/Special Case - OTC - Form 1/Registered with SSM - After Feb 2017' is clicked on

2019-01-03 20:32:24 - [TEST_STEP][PASSED] - delay: Delayed 2 second(s)

2019-01-03 20:32:26 - [MESSAGE][PASSED] - Delayed 2 second(s)

2019-01-03 20:32:26 - [TEST_STEP][PASSED] - click: Object: 'Object Repository/Final Object Repo/New Registration - Registration Module Pages/Form 1/Registered As a Branch - Yes' is clicked on

2019-01-03 20:32:27 - [MESSAGE][PASSED] - Object: 'Object Repository/Final Object Repo/New Registration - Registration Module Pages/Form 1/Registered As a Branch - Yes' is clicked on

2019-01-03 20:32:27 - [TEST_STEP][PASSED] - click: Object: 'Object Repository/Final Object Repo/New Registration - Registration Module Pages/New Reg - OTC to RO/Special Case - OTC - Form 1/Acknowledgement Ticked' is clicked on

2019-01-03 20:32:27 - [MESSAGE][PASSED] - Object: 'Object Repository/Final Object Repo/New Registration - Registration Module Pages/New Reg - OTC to RO/Special Case - OTC - Form 1/Acknowledgement Ticked' is clicked on

2019-01-03 20:32:27 - [TEST_STEP][PASSED] - setText: Text 'perkeso984790668429@gmail.com' is set on object 'Object Repository/Final Object Repo/New Registration - Registration Module Pages/Form 1/Email'

2019-01-03 20:32:27 - [MESSAGE][PASSED] - Text 'perkeso984790668429@gmail.com' is set on object 'Object Repository/Final Object Repo/New Registration - Registration Module Pages/Form 1/Email'

2019-01-03 20:32:27 - [TEST_STEP][PASSED] - click: Object: 'Object Repository/Final Object Repo/New Registration - Registration Module Pages/New Reg - OTC to RO/Special Case - OTC - Form 1/Submit Button' is clicked on

2019-01-03 20:32:28 - [MESSAGE][PASSED] - Object: 'Object Repository/Final Object Repo/New Registration - Registration Module Pages/New Reg - OTC to RO/Special Case - OTC - Form 1/Submit Button' is clicked on

2019-01-03 20:32:28 - [TEST_STEP][PASSED] - callTestCase: Call Test Case 'Test Cases/Final Aug 2018 - PKS Automation/Registration Module/New Registration/Form 2/Add 1 Eligible - Employer Account Use' successfully

2019-01-03 20:32:28 - [TEST_CASE][PASSED] - Test Cases/Final Aug 2018 - PKS Automation/Registration Module/New Registration/Form 2/Add 1 Eligible - Employer Account Use: Test Cases/Final Aug 2018 - PKS Automation/Registration Module/New Registration/Form 2/Add 1 Eligible - Employer Account Use

2019-01-03 20:32:28 - [TEST_STEP][PASSED] - delay: Delayed 2 second(s)

2019-01-03 20:32:30 - [MESSAGE][PASSED] - Delayed 2 second(s)

2019-01-03 20:32:30 - [TEST_STEP][PASSED] - callTestCase: Call Test Case 'Test Cases/Final Aug 2018 - PKS Automation/Registration Module/New Registration/Form 2/Date Updater' successfully

2019-01-03 20:32:30 - [TEST_CASE][PASSED] - Test Cases/Final Aug 2018 - PKS Automation/Registration Module/New Registration/Form 2/Date Updater: Test Cases/Final Aug 2018 - PKS Automation/Registration Module/New Registration/Form 2/Date Updater

2019-01-03 20:32:30 - [TEST_STEP][PASSED] - Statement - TodayDate = new java.util.Date(): null

2019-01-03 20:32:30 - [TEST_STEP][PASSED] - Statement - CurrentDateNoFilter = new java.text.SimpleDateFormat(): null

2019-01-03 20:32:30 - [TEST_STEP][PASSED] - Statement - CurrentDateNoFilter.applyPattern("MM"): null

2019-01-03 20:32:30 - [TEST_STEP][PASSED] - Statement - monthContainerMatcher = java.lang.Integer.parseInt(CurrentDateNoFilter.format(TodayDate)): null

2019-01-03 20:32:30 - [TEST_STEP][PASSED] - Statement - monthContainerMatcher = monthContainerMatcher - 1: null

2019-01-03 20:32:30 - [TEST_STEP][PASSED] - Statement - CurrentMonth = monthContainerMatcher.toString(): null

2019-01-03 20:32:30 - [TEST_STEP][PASSED] - Statement - CurrentMonth = CurrentMonth: null

2019-01-03 20:32:30 - [TEST_STEP][PASSED] - Statement - CurrentDateNoFilter.applyPattern("yyyy"): null

2019-01-03 20:32:30 - [TEST_STEP][PASSED] - Statement - CurrentYear = CurrentDateNoFilter.format(TodayDate): null

2019-01-03 20:32:30 - [TEST_STEP][PASSED] - Statement - CurrentYear = CurrentYear: null

2019-01-03 20:32:30 - [TEST_STEP][PASSED] - Statement - intCurrentYear = java.lang.Integer.parseInt(CurrentDateNoFilter.format(TodayDate)): null

2019-01-03 20:32:30 - [TEST_STEP][PASSED] - Statement - eighteenYrsAgo = intCurrentYear - 18: null

2019-01-03 20:32:30 - [TEST_STEP][PASSED] - Statement - eighteenYrsBeforeThisYr = eighteenYrsAgo.toString(): null

2019-01-03 20:32:30 - [TEST_STEP][PASSED] - Statement - EighteenYrsBefore = eighteenYrsBeforeThisYr: null

2019-01-03 20:32:30 - [TEST_STEP][PASSED] - Statement - fiftysevenYrsAgo = intCurrentYear - 57: null

2019-01-03 20:32:30 - [TEST_STEP][PASSED] - Statement - fiftysevenYrsBeforeThisYr = fiftysevenYrsAgo.toString(): null

2019-01-03 20:32:30 - [TEST_STEP][PASSED] - Statement - FiftysevenYrsBefore = fiftysevenYrsBeforeThisYr: null

2019-01-03 20:32:30 - [TEST_STEP][PASSED] - Statement - leapYear = false: null

2019-01-03 20:32:30 - [TEST_STEP][PASSED] - Statement - leapYear = intCurrentYear % 4 == 0: null

2019-01-03 20:32:30 - [TEST_STEP][PASSED] - Statement - CurrentDateNoFilter.applyPattern("dd"): null

2019-01-03 20:32:30 - [TEST_STEP][PASSED] - Statement - CurrentDate = CurrentDateNoFilter.format(TodayDate): null

2019-01-03 20:32:30 - [TEST_STEP][PASSED] - Statement - CurrentDate = java.lang.Integer.parseInt(CurrentDate): null

2019-01-03 20:32:30 - [TEST_STEP][PASSED] - Statement - CurrentDate = CurrentDate: null

2019-01-03 20:32:30 - [TEST_STEP][PASSED] - Statement - CurrentDay = java.lang.Integer.parseInt(CurrentDate): null

2019-01-03 20:32:30 - [TEST_STEP][PASSED] - Statement - ConfAdder = <not implemented yet for class: org.codehaus.groovy.ast.expr.EmptyExpression>: null

2019-01-03 20:32:30 - [TEST_STEP][PASSED] - Statement - out.println(CurrentMonth): null

2019-01-03 20:32:30 - [TEST_STEP][PASSED] - Statement - out.println(CurrentDate): null

2019-01-03 20:32:30 - [TEST_STEP][PASSED] - Statement - switch (CurrentDate): null

2019-01-03 20:32:30 - [TEST_STEP][PASSED] - Statement - Default: null

2019-01-03 20:32:30 - [TEST_STEP][PASSED] - Statement - ConfAdder = true: null

2019-01-03 20:32:30 - [TEST_STEP][PASSED] - Statement - Break: null

2019-01-03 20:32:30 - [TEST_STEP][PASSED] - Statement - aDayBefore = <not implemented yet for class: org.codehaus.groovy.ast.expr.EmptyExpression>: null

2019-01-03 20:32:30 - [TEST_STEP][PASSED] - Statement - out.println(ConfAdder): null

2019-01-03 20:32:30 - [TEST_STEP][PASSED] - Statement - If (ConfAdder == true): null

2019-01-03 20:32:30 - [TEST_STEP][PASSED] - Statement - aDayBefore = CurrentDay + 1: null

2019-01-03 20:32:30 - [TEST_STEP][PASSED] - Statement - out.println(aDayBefore): null

2019-01-03 20:32:30 - [TEST_STEP][PASSED] - Statement - If (aDayBefore == 1 && CurrentMonth == 11): null

2019-01-03 20:32:30 - [TEST_STEP][PASSED] - Statement - DayBefore = aDayBefore.toString(): null

2019-01-03 20:32:30 - [TEST_STEP][PASSED] - Statement - OneDayBefore = DayBefore: null

2019-01-03 20:32:30 - [MESSAGE][PASSED] - Call Test Case 'Test Cases/Final Aug 2018 - PKS Automation/Registration Module/New Registration/Form 2/Date Updater' successfully

2019-01-03 20:32:30 - [TEST_STEP][PASSED] - delay: Delayed 1 second(s)

2019-01-03 20:32:31 - [MESSAGE][PASSED] - Delayed 1 second(s)

2019-01-03 20:32:31 - [TEST_STEP][PASSED] - Statement - CaseReferenceNo = com.kms.katalon.core.webui.keyword.WebUiBuiltInKeywords.getText(com.kms.katalon.core.testobject.ObjectRepository.findTestObject(Final Object Repo/New Registration - Registration Module Pages/Form 2/RefNo Acquiring)): Text of object 'Object Repository/Final Object Repo/New Registration - Registration Module Pages/Form 2/RefNo Acquiring' is: 'CRN01201900123596'

2019-01-03 20:32:31 - [MESSAGE][PASSED] - Text of object 'Object Repository/Final Object Repo/New Registration - Registration Module Pages/Form 2/RefNo Acquiring' is: 'CRN01201900123596'

2019-01-03 20:32:31 - [TEST_STEP][PASSED] - delay: Delayed 1 second(s)

2019-01-03 20:32:32 - [MESSAGE][PASSED] - Delayed 1 second(s)

2019-01-03 20:32:32 - [TEST_STEP][PASSED] - click: Object: 'Object Repository/Final Object Repo/New Registration - Registration Module Pages/Form 2/Add Employee Button' is clicked on

2019-01-03 20:32:32 - [MESSAGE][PASSED] - Object: 'Object Repository/Final Object Repo/New Registration - Registration Module Pages/Form 2/Add Employee Button' is clicked on

2019-01-03 20:32:32 - [TEST_STEP][PASSED] - delay: Delayed 1 second(s)

2019-01-03 20:32:33 - [MESSAGE][PASSED] - Delayed 1 second(s)

2019-01-03 20:32:33 - [TEST_STEP][PASSED] - setText: Text '010903091948' is set on object 'Object Repository/Final Object Repo/New Registration - Registration Module Pages/Form 2/NRIC Input'

2019-01-03 20:32:33 - [MESSAGE][PASSED] - Text '010903091948' is set on object 'Object Repository/Final Object Repo/New Registration - Registration Module Pages/Form 2/NRIC Input'

2019-01-03 20:32:33 - [TEST_STEP][PASSED] - delay: Delayed 2 second(s)

2019-01-03 20:32:35 - [MESSAGE][PASSED] - Delayed 2 second(s)

2019-01-03 20:32:35 - [TEST_STEP][PASSED] - setText: Text 'Automate001 eligible 1' is set on object 'Object Repository/Final Object Repo/New Registration - Registration Module Pages/Form 2/Employee Name Input'

2019-01-03 20:32:36 - [MESSAGE][PASSED] - Text 'Automate001 eligible 1' is set on object 'Object Repository/Final Object Repo/New Registration - Registration Module Pages/Form 2/Employee Name Input'

2019-01-03 20:32:36 - [TEST_STEP][PASSED] - delay: Delayed 2 second(s)

2019-01-03 20:32:38 - [MESSAGE][PASSED] - Delayed 2 second(s)

2019-01-03 20:32:38 - [TEST_STEP][PASSED] - click: Object: 'Object Repository/Final Object Repo/New Registration - Registration Module Pages/Form 2/DatePicker Pop Up' is clicked on

2019-01-03 20:32:38 - [MESSAGE][PASSED] - Object: 'Object Repository/Final Object Repo/New Registration - Registration Module Pages/Form 2/DatePicker Pop Up' is clicked on

2019-01-03 20:32:38 - [TEST_STEP][PASSED] - click: Object: 'Object Repository/Final Object Repo/New Registration - Registration Module Pages/Form 2/DOB Month' is clicked on

2019-01-03 20:32:38 - [MESSAGE][PASSED] - Object: 'Object Repository/Final Object Repo/New Registration - Registration Module Pages/Form 2/DOB Month' is clicked on

2019-01-03 20:32:38 - [TEST_STEP][PASSED] - Statement - CurrentMonth = CurrentMonth: null

2019-01-03 20:32:38 - [TEST_STEP][PASSED] - Statement - selectMonth = new com.kms.katalon.core.testobject.TestObject(): null

2019-01-03 20:32:38 - [TEST_STEP][PASSED] - Statement - selectMonth.addProperty("xpath", EQUALS, "//body/div/div/div/select/option[@value='" + CurrentMonth + "']", true): null

2019-01-03 20:32:38 - [TEST_STEP][PASSED] - click: Object: '' is clicked on

2019-01-03 20:32:38 - [MESSAGE][PASSED] - Object: '' is clicked on

2019-01-03 20:32:38 - [TEST_STEP][PASSED] - click: Object: 'Object Repository/Final Object Repo/New Registration - Registration Module Pages/Form 2/DOB Year' is clicked on

2019-01-03 20:32:38 - [MESSAGE][PASSED] - Object: 'Object Repository/Final Object Repo/New Registration - Registration Module Pages/Form 2/DOB Year' is clicked on

2019-01-03 20:32:38 - [TEST_STEP][PASSED] - Statement - Eyearsbf = EighteenYrsBefore: null

2019-01-03 20:32:38 - [TEST_STEP][PASSED] - Statement - selectYear = new com.kms.katalon.core.testobject.TestObject(): null

2019-01-03 20:32:38 - [TEST_STEP][PASSED] - Statement - selectYear.addProperty("xpath", EQUALS, "//div/div/div/select/option[@value='" + Eyearsbf + "']", true): null

2019-01-03 20:32:38 - [TEST_STEP][PASSED] - click: Object: '' is clicked on

2019-01-03 20:32:39 - [MESSAGE][PASSED] - Object: '' is clicked on

2019-01-03 20:32:39 - [TEST_STEP][PASSED] - Statement - UpdatedSelectDate = com.kms.katalon.core.webui.keyword.WebUiBuiltInKeywords.modifyObjectProperty(com.kms.katalon.core.testobject.ObjectRepository.findTestObject(Final Object Repo/New Registration - Registration Module Pages/Form 2/DOB Date), "xpath", "equals", "//body/div/table/tbody/tr/td/a[text()="" + CurrentDate + ""]", true): Modify property of object successfully

2019-01-03 20:32:39 - [MESSAGE][PASSED] - Modify property of object successfully

2019-01-03 20:32:39 - [TEST_STEP][PASSED] - delay: Delayed 3 second(s)

2019-01-03 20:32:42 - [MESSAGE][PASSED] - Delayed 3 second(s)

2019-01-03 20:32:42 - [TEST_STEP][PASSED] - click: Object: 'Object Repository/Final Object Repo/New Registration - Registration Module Pages/Form 2/DOB Date' is clicked on

2019-01-03 20:32:42 - [MESSAGE][PASSED] - Object: 'Object Repository/Final Object Repo/New Registration - Registration Module Pages/Form 2/DOB Date' is clicked on

2019-01-03 20:32:42 - [TEST_STEP][PASSED] - delay: Delayed 2 second(s)

2019-01-03 20:32:44 - [MESSAGE][PASSED] - Delayed 2 second(s)

2019-01-03 20:32:44 - [TEST_STEP][PASSED] - click: Object: 'Object Repository/Final Object Repo/New Registration - Registration Module Pages/Form 2/EmploymentStartDate Pop Up' is clicked on

2019-01-03 20:32:44 - [MESSAGE][PASSED] - Object: 'Object Repository/Final Object Repo/New Registration - Registration Module Pages/Form 2/EmploymentStartDate Pop Up' is clicked on

2019-01-03 20:32:44 - [TEST_STEP][PASSED] - delay: Delayed 2 second(s)

2019-01-03 20:32:46 - [MESSAGE][PASSED] - Delayed 2 second(s)

2019-01-03 20:32:46 - [TEST_STEP][PASSED] - click: Object: 'Object Repository/Final Object Repo/New Registration - Registration Module Pages/Form 2/Socso Employment StartDate Month' is clicked on

2019-01-03 20:32:46 - [MESSAGE][PASSED] - Object: 'Object Repository/Final Object Repo/New Registration - Registration Module Pages/Form 2/Socso Employment StartDate Month' is clicked on

2019-01-03 20:32:46 - [TEST_STEP][PASSED] - delay: Delayed 1 second(s)

2019-01-03 20:32:47 - [MESSAGE][PASSED] - Delayed 1 second(s)

2019-01-03 20:32:47 - [TEST_STEP][PASSED] - click: Object: 'Object Repository/Final Object Repo/New Registration - Registration Module Pages/Form 2/Select Socso Employement Startdate Month' is clicked on

2019-01-03 20:32:47 - [MESSAGE][PASSED] - Object: 'Object Repository/Final Object Repo/New Registration - Registration Module Pages/Form 2/Select Socso Employement Startdate Month' is clicked on

2019-01-03 20:32:47 - [TEST_STEP][PASSED] - delay: Delayed 2 second(s)

2019-01-03 20:32:49 - [MESSAGE][PASSED] - Delayed 2 second(s)

2019-01-03 20:32:49 - [TEST_STEP][PASSED] - click: Object: 'Object Repository/Final Object Repo/New Registration - Registration Module Pages/Form 2/Socso Employment StartDate Year' is clicked on

2019-01-03 20:32:49 - [MESSAGE][PASSED] - Object: 'Object Repository/Final Object Repo/New Registration - Registration Module Pages/Form 2/Socso Employment StartDate Year' is clicked on

2019-01-03 20:32:49 - [TEST_STEP][PASSED] - delay: Delayed 1 second(s)

2019-01-03 20:32:50 - [MESSAGE][PASSED] - Delayed 1 second(s)

2019-01-03 20:32:50 - [TEST_STEP][PASSED] - click: Object: 'Object Repository/Final Object Repo/New Registration - Registration Module Pages/Form 2/Select Socso Employment Startdate Year' is clicked on

2019-01-03 20:32:50 - [MESSAGE][PASSED] - Object: 'Object Repository/Final Object Repo/New Registration - Registration Module Pages/Form 2/Select Socso Employment Startdate Year' is clicked on

2019-01-03 20:32:50 - [TEST_STEP][PASSED] - delay: Delayed 2 second(s)

2019-01-03 20:32:52 - [MESSAGE][PASSED] - Delayed 2 second(s)

2019-01-03 20:32:52 - [TEST_STEP][PASSED] - click: Object: 'Object Repository/Final Object Repo/New Registration - Registration Module Pages/Form 2/Socso Employment Start Date Day' is clicked on

2019-01-03 20:32:53 - [MESSAGE][PASSED] - Object: 'Object Repository/Final Object Repo/New Registration - Registration Module Pages/Form 2/Socso Employment Start Date Day' is clicked on

2019-01-03 20:32:53 - [TEST_STEP][PASSED] - delay: Delayed 2 second(s)

2019-01-03 20:32:55 - [MESSAGE][PASSED] - Delayed 2 second(s)

2019-01-03 20:32:55 - [TEST_STEP][PASSED] - click: Object: 'Object Repository/Final Object Repo/New Registration - Registration Module Pages/Form 2/Save Button for Add Employee' is clicked on

2019-01-03 20:32:55 - [MESSAGE][PASSED] - Object: 'Object Repository/Final Object Repo/New Registration - Registration Module Pages/Form 2/Save Button for Add Employee' is clicked on

2019-01-03 20:32:55 - [TEST_STEP][PASSED] - delay: Delayed 6 second(s)

2019-01-03 20:33:01 - [MESSAGE][PASSED] - Delayed 6 second(s)

2019-01-03 20:33:01 - [TEST_STEP][PASSED] - click: Object: 'Object Repository/Final Object Repo/New Registration - Registration Module Pages/Form 2/Save and Continue Form 2' is clicked on

2019-01-03 20:33:01 - [MESSAGE][PASSED] - Object: 'Object Repository/Final Object Repo/New Registration - Registration Module Pages/Form 2/Save and Continue Form 2' is clicked on

2019-01-03 20:33:01 - [MESSAGE][PASSED] - Call Test Case 'Test Cases/Final Aug 2018 - PKS Automation/Registration Module/New Registration/Form 2/Add 1 Eligible - Employer Account Use' successfully

2019-01-03 20:33:01 - [TEST_STEP][PASSED] - callTestCase: Call Test Case 'Test Cases/Final Aug 2018 - PKS Automation/Registration Module/New Registration/Flow of New Registration/Third Screen - Upload Supporting Doc - Preview' successfully

2019-01-03 20:33:01 - [TEST_CASE][PASSED] - Test Cases/Final Aug 2018 - PKS Automation/Registration Module/New Registration/Flow of New Registration/Third Screen - Upload Supporting Doc - Preview: Test Cases/Final Aug 2018 - PKS Automation/Registration Module/New Registration/Flow of New Registration/Third Screen - Upload Supporting Doc - Preview

2019-01-03 20:33:01 - [TEST_STEP][PASSED] - waitForPageLoad: Wait for page load successfully

2019-01-03 20:33:02 - [MESSAGE][PASSED] - Wait for page load successfully

2019-01-03 20:33:02 - [TEST_STEP][PASSED] - Statement - CaseReferenceNo = com.kms.katalon.core.webui.keyword.WebUiBuiltInKeywords.getText(com.kms.katalon.core.testobject.ObjectRepository.findTestObject(Final Object Repo/New Registration - Registration Module Pages/Third Screen - Upload Supporting Doc- Preview/RefNo Acquiring)): Text of object 'Object Repository/Final Object Repo/New Registration - Registration Module Pages/Third Screen - Upload Supporting Doc- Preview/RefNo Acquiring' is: 'CRN01201900123596'

2019-01-03 20:33:02 - [MESSAGE][PASSED] - Text of object 'Object Repository/Final Object Repo/New Registration - Registration Module Pages/Third Screen - Upload Supporting Doc- Preview/RefNo Acquiring' is: 'CRN01201900123596'

2019-01-03 20:33:02 - [TEST_STEP][PASSED] - delay: Delayed 2 second(s)

2019-01-03 20:33:04 - [MESSAGE][PASSED] - Delayed 2 second(s)

2019-01-03 20:33:04 - [TEST_STEP][PASSED] - callTestCase: Call Test Case 'Test Cases/Final Aug 2018 - PKS Automation/Common/Reference Number Setter' successfully

2019-01-03 20:33:04 - [TEST_CASE][PASSED] - Test Cases/Final Aug 2018 - PKS Automation/Common/Reference Number Setter: Test Cases/Final Aug 2018 - PKS Automation/Common/Reference Number Setter

2019-01-03 20:33:04 - [TEST_STEP][PASSED] - Statement - RefNoOldFile = new java.io.File(C://Users//Admin//Desktop//PKS//Automation Reference Point//KatalonReference.txt): null

2019-01-03 20:33:04 - [TEST_STEP][PASSED] - Statement - RefNoOldFile.delete(): null

2019-01-03 20:33:04 - [TEST_STEP][PASSED] - delay: Delayed 5 second(s)

2019-01-03 20:33:09 - [MESSAGE][PASSED] - Delayed 5 second(s)

2019-01-03 20:33:09 - [TEST_STEP][PASSED] - Statement - RefNo = new java.io.File(C://Users//Admin//Desktop//PKS//Automation Reference Point//KatalonReference.txt): null

2019-01-03 20:33:09 - [TEST_STEP][PASSED] - Statement - f2 = new java.io.FileWriter(RefNo, false): null

2019-01-03 20:33:09 - [TEST_STEP][PASSED] - Statement - f2.write(CaseReferenceNo): null

2019-01-03 20:33:09 - [TEST_STEP][PASSED] - Statement - f2.close(): null

2019-01-03 20:33:09 - [TEST_STEP][PASSED] - Statement - out.println("


" + CaseReferenceNo + "


"): null

2019-01-03 20:33:09 - [MESSAGE][PASSED] - Call Test Case 'Test Cases/Final Aug 2018 - PKS Automation/Common/Reference Number Setter' successfully

2019-01-03 20:33:09 - [TEST_STEP][PASSED] - waitForElementClickable: Object 'Object Repository/Final Object Repo/New Registration - Registration Module Pages/Third Screen - Upload Supporting Doc- Preview/Save n Continue in SIP Employee Listing Page' is clickable

2019-01-03 20:33:09 - [MESSAGE][PASSED] - Object 'Object Repository/Final Object Repo/New Registration - Registration Module Pages/Third Screen - Upload Supporting Doc- Preview/Save n Continue in SIP Employee Listing Page' is clickable

2019-01-03 20:33:09 - [TEST_STEP][PASSED] - click: Object: 'Object Repository/Final Object Repo/New Registration - Registration Module Pages/Third Screen - Upload Supporting Doc- Preview/Save n Continue in SIP Employee Listing Page' is clicked on

2019-01-03 20:33:14 - [MESSAGE][PASSED] - Object: 'Object Repository/Final Object Repo/New Registration - Registration Module Pages/Third Screen - Upload Supporting Doc- Preview/Save n Continue in SIP Employee Listing Page' is clicked on

2019-01-03 20:33:14 - [TEST_STEP][PASSED] - delay: Delayed 7 second(s)

2019-01-03 20:33:21 - [MESSAGE][PASSED] - Delayed 7 second(s)

2019-01-03 20:33:21 - [TEST_STEP][PASSED] - click: Object: 'Object Repository/Final Object Repo/New Registration - Registration Module Pages/Third Screen - Upload Supporting Doc- Preview/Add Document Button' is clicked on

2019-01-03 20:33:21 - [MESSAGE][PASSED] - Object: 'Object Repository/Final Object Repo/New Registration - Registration Module Pages/Third Screen - Upload Supporting Doc- Preview/Add Document Button' is clicked on

2019-01-03 20:33:21 - [TEST_STEP][PASSED] - delay: Delayed 30 second(s)

2019-01-03 20:33:51 - [MESSAGE][PASSED] - Delayed 30 second(s)

2019-01-03 20:33:51 - [TEST_STEP][PASSED] - click: Object: 'Object Repository/Final Object Repo/New Registration - Registration Module Pages/Third Screen - Upload Supporting Doc- Preview/Supporting Doc Please Select Drop Down' is clicked on

2019-01-03 20:33:52 - [MESSAGE][PASSED] - Object: 'Object Repository/Final Object Repo/New Registration - Registration Module Pages/Third Screen - Upload Supporting Doc- Preview/Supporting Doc Please Select Drop Down' is clicked on

2019-01-03 20:33:52 - [TEST_STEP][PASSED] - delay: Delayed 2 second(s)

2019-01-03 20:33:54 - [MESSAGE][PASSED] - Delayed 2 second(s)

2019-01-03 20:33:54 - [TEST_STEP][PASSED] - click: Object: 'Object Repository/Final Object Repo/New Registration - Registration Module Pages/Third Screen - Upload Supporting Doc- Preview/Select to Upload Form 1' is clicked on

2019-01-03 20:33:54 - [MESSAGE][PASSED] - Object: 'Object Repository/Final Object Repo/New Registration - Registration Module Pages/Third Screen - Upload Supporting Doc- Preview/Select to Upload Form 1' is clicked on

2019-01-03 20:33:54 - [TEST_STEP][PASSED] - delay: Delayed 2 second(s)

2019-01-03 20:33:56 - [MESSAGE][PASSED] - Delayed 2 second(s)

2019-01-03 20:33:56 - [TEST_STEP][PASSED] - uploadFile: File 'C:\Users\Public\Pictures\Sample Pictures\Koala.jpg' sent to object: 'Object Repository/Final Object Repo/New Registration - Registration Module Pages/Third Screen - Upload Supporting Doc- Preview/Upload File Adding'

2019-01-03 20:33:56 - [MESSAGE][PASSED] - File 'C:\Users\Public\Pictures\Sample Pictures\Koala.jpg' sent to object: 'Object Repository/Final Object Repo/New Registration - Registration Module Pages/Third Screen - Upload Supporting Doc- Preview/Upload File Adding'

2019-01-03 20:33:56 - [TEST_STEP][PASSED] - delay: Delayed 5 second(s)

2019-01-03 20:34:01 - [MESSAGE][PASSED] - Delayed 5 second(s)

2019-01-03 20:34:01 - [TEST_STEP][PASSED] - click: Object: 'Object Repository/Final Object Repo/New Registration - Registration Module Pages/Third Screen - Upload Supporting Doc- Preview/Inner Form Add Document Button' is clicked on

2019-01-03 20:34:01 - [MESSAGE][PASSED] - Object: 'Object Repository/Final Object Repo/New Registration - Registration Module Pages/Third Screen - Upload Supporting Doc- Preview/Inner Form Add Document Button' is clicked on

2019-01-03 20:34:01 - [TEST_STEP][PASSED] - delay: Delayed 3 second(s)

2019-01-03 20:34:04 - [MESSAGE][PASSED] - Delayed 3 second(s)

2019-01-03 20:34:04 - [TEST_STEP][PASSED] - click: Object: 'Object Repository/Final Object Repo/New Registration - Registration Module Pages/Third Screen - Upload Supporting Doc- Preview/Add Document Button' is clicked on

2019-01-03 20:34:06 - [MESSAGE][PASSED] - Object: 'Object Repository/Final Object Repo/New Registration - Registration Module Pages/Third Screen - Upload Supporting Doc- Preview/Add Document Button' is clicked on

2019-01-03 20:34:06 - [TEST_STEP][PASSED] - delay: Delayed 30 second(s)

2019-01-03 20:34:36 - [MESSAGE][PASSED] - Delayed 30 second(s)

2019-01-03 20:34:36 - [TEST_STEP][PASSED] - click: Object: 'Object Repository/Final Object Repo/New Registration - Registration Module Pages/Third Screen - Upload Supporting Doc- Preview/Supporting Doc Please Select Drop Down' is clicked on

2019-01-03 20:34:36 - [MESSAGE][PASSED] - Object: 'Object Repository/Final Object Repo/New Registration - Registration Module Pages/Third Screen - Upload Supporting Doc- Preview/Supporting Doc Please Select Drop Down' is clicked on

2019-01-03 20:34:36 - [TEST_STEP][PASSED] - delay: Delayed 4 second(s)

2019-01-03 20:34:40 - [MESSAGE][PASSED] - Delayed 4 second(s)

2019-01-03 20:34:40 - [TEST_STEP][PASSED] - click: Object: 'Object Repository/Final Object Repo/New Registration - Registration Module Pages/Third Screen - Upload Supporting Doc- Preview/Select to Upload Form 2' is clicked on

2019-01-03 20:34:40 - [MESSAGE][PASSED] - Object: 'Object Repository/Final Object Repo/New Registration - Registration Module Pages/Third Screen - Upload Supporting Doc- Preview/Select to Upload Form 2' is clicked on

2019-01-03 20:34:40 - [TEST_STEP][PASSED] - delay: Delayed 2 second(s)

2019-01-03 20:34:42 - [MESSAGE][PASSED] - Delayed 2 second(s)

2019-01-03 20:34:42 - [TEST_STEP][PASSED] - uploadFile: File 'C:\Users\Public\Pictures\Sample Pictures\Koala.jpg' sent to object: 'Object Repository/Final Object Repo/New Registration - Registration Module Pages/Third Screen - Upload Supporting Doc- Preview/Upload File Adding'

2019-01-03 20:34:42 - [MESSAGE][PASSED] - File 'C:\Users\Public\Pictures\Sample Pictures\Koala.jpg' sent to object: 'Object Repository/Final Object Repo/New Registration - Registration Module Pages/Third Screen - Upload Supporting Doc- Preview/Upload File Adding'

2019-01-03 20:34:42 - [TEST_STEP][PASSED] - click: Object: 'Object Repository/Final Object Repo/New Registration - Registration Module Pages/Third Screen - Upload Supporting Doc- Preview/Inner Form Add Document Button' is clicked on

2019-01-03 20:34:42 - [MESSAGE][PASSED] - Object: 'Object Repository/Final Object Repo/New Registration - Registration Module Pages/Third Screen - Upload Supporting Doc- Preview/Inner Form Add Document Button' is clicked on

2019-01-03 20:34:42 - [TEST_STEP][PASSED] - delay: Delayed 5 second(s)

2019-01-03 20:34:47 - [MESSAGE][PASSED] - Delayed 5 second(s)

2019-01-03 20:34:47 - [TEST_STEP][PASSED] - click: Object: 'Object Repository/Final Object Repo/New Registration - Registration Module Pages/Third Screen - Upload Supporting Doc- Preview/Add Document Button' is clicked on

2019-01-03 20:34:47 - [MESSAGE][PASSED] - Object: 'Object Repository/Final Object Repo/New Registration - Registration Module Pages/Third Screen - Upload Supporting Doc- Preview/Add Document Button' is clicked on

2019-01-03 20:34:47 - [TEST_STEP][PASSED] - delay: Delayed 30 second(s)

2019-01-03 20:35:17 - [MESSAGE][PASSED] - Delayed 30 second(s)

2019-01-03 20:35:17 - [TEST_STEP][PASSED] - click: Object: 'Object Repository/Final Object Repo/New Registration - Registration Module Pages/Third Screen - Upload Supporting Doc- Preview/Supporting Doc Please Select Drop Down' is clicked on

2019-01-03 20:35:18 - [MESSAGE][PASSED] - Object: 'Object Repository/Final Object Repo/New Registration - Registration Module Pages/Third Screen - Upload Supporting Doc- Preview/Supporting Doc Please Select Drop Down' is clicked on

2019-01-03 20:35:18 - [TEST_STEP][PASSED] - click: Object: 'Object Repository/Final Object Repo/New Registration - Registration Module Pages/Third Screen - Upload Supporting Doc- Preview/Select to Upload Borang SIP 1' is clicked on

2019-01-03 20:35:18 - [MESSAGE][PASSED] - Object: 'Object Repository/Final Object Repo/New Registration - Registration Module Pages/Third Screen - Upload Supporting Doc- Preview/Select to Upload Borang SIP 1' is clicked on

2019-01-03 20:35:18 - [TEST_STEP][PASSED] - delay: Delayed 2 second(s)

2019-01-03 20:35:20 - [MESSAGE][PASSED] - Delayed 2 second(s)

2019-01-03 20:35:20 - [TEST_STEP][PASSED] - uploadFile: File 'C:\Users\Public\Pictures\Sample Pictures\Koala.jpg' sent to object: 'Object Repository/Final Object Repo/New Registration - Registration Module Pages/Third Screen - Upload Supporting Doc- Preview/Upload File Adding'

2019-01-03 20:35:20 - [MESSAGE][PASSED] - File 'C:\Users\Public\Pictures\Sample Pictures\Koala.jpg' sent to object: 'Object Repository/Final Object Repo/New Registration - Registration Module Pages/Third Screen - Upload Supporting Doc- Preview/Upload File Adding'

2019-01-03 20:35:20 - [TEST_STEP][PASSED] - click: Object: 'Object Repository/Final Object Repo/New Registration - Registration Module Pages/Third Screen - Upload Supporting Doc- Preview/Inner Form Add Document Button' is clicked on

2019-01-03 20:35:20 - [MESSAGE][PASSED] - Object: 'Object Repository/Final Object Repo/New Registration - Registration Module Pages/Third Screen - Upload Supporting Doc- Preview/Inner Form Add Document Button' is clicked on

2019-01-03 20:35:20 - [TEST_STEP][PASSED] - delay: Delayed 5 second(s)

2019-01-03 20:35:25 - [MESSAGE][PASSED] - Delayed 5 second(s)

2019-01-03 20:35:25 - [TEST_STEP][PASSED] - click: Object: 'Object Repository/Final Object Repo/New Registration - Registration Module Pages/Third Screen - Upload Supporting Doc- Preview/Add Document Button' is clicked on

2019-01-03 20:35:25 - [MESSAGE][PASSED] - Object: 'Object Repository/Final Object Repo/New Registration - Registration Module Pages/Third Screen - Upload Supporting Doc- Preview/Add Document Button' is clicked on

2019-01-03 20:35:25 - [TEST_STEP][PASSED] - delay: Delayed 30 second(s)

2019-01-03 20:35:55 - [MESSAGE][PASSED] - Delayed 30 second(s)

2019-01-03 20:35:55 - [TEST_STEP][PASSED] - click: Object: 'Object Repository/Final Object Repo/New Registration - Registration Module Pages/Third Screen - Upload Supporting Doc- Preview/Supporting Doc Please Select Drop Down' is clicked on

2019-01-03 20:35:55 - [MESSAGE][PASSED] - Object: 'Object Repository/Final Object Repo/New Registration - Registration Module Pages/Third Screen - Upload Supporting Doc- Preview/Supporting Doc Please Select Drop Down' is clicked on

2019-01-03 20:35:55 - [TEST_STEP][PASSED] - delay: Delayed 3 second(s)

2019-01-03 20:35:58 - [MESSAGE][PASSED] - Delayed 3 second(s)

2019-01-03 20:35:58 - [TEST_STEP][PASSED] - click: Object: 'Object Repository/Final Object Repo/New Registration - Registration Module Pages/Third Screen - Upload Supporting Doc- Preview/Select to Upload Borang SIP 2' is clicked on

2019-01-03 20:35:59 - [MESSAGE][PASSED] - Object: 'Object Repository/Final Object Repo/New Registration - Registration Module Pages/Third Screen - Upload Supporting Doc- Preview/Select to Upload Borang SIP 2' is clicked on

2019-01-03 20:35:59 - [TEST_STEP][PASSED] - delay: Delayed 2 second(s)

2019-01-03 20:36:01 - [MESSAGE][PASSED] - Delayed 2 second(s)

2019-01-03 20:36:01 - [TEST_STEP][PASSED] - uploadFile: File 'C:\Users\Public\Pictures\Sample Pictures\Koala.jpg' sent to object: 'Object Repository/Final Object Repo/New Registration - Registration Module Pages/Third Screen - Upload Supporting Doc- Preview/Upload File Adding'

2019-01-03 20:36:01 - [MESSAGE][PASSED] - File 'C:\Users\Public\Pictures\Sample Pictures\Koala.jpg' sent to object: 'Object Repository/Final Object Repo/New Registration - Registration Module Pages/Third Screen - Upload Supporting Doc- Preview/Upload File Adding'

2019-01-03 20:36:01 - [TEST_STEP][PASSED] - delay: Delayed 5 second(s)

2019-01-03 20:36:06 - [MESSAGE][PASSED] - Delayed 5 second(s)

2019-01-03 20:36:06 - [TEST_STEP][PASSED] - click: Object: 'Object Repository/Final Object Repo/New Registration - Registration Module Pages/Third Screen - Upload Supporting Doc- Preview/Inner Form Add Document Button' is clicked on

2019-01-03 20:36:06 - [MESSAGE][PASSED] - Object: 'Object Repository/Final Object Repo/New Registration - Registration Module Pages/Third Screen - Upload Supporting Doc- Preview/Inner Form Add Document Button' is clicked on

2019-01-03 20:36:06 - [TEST_STEP][PASSED] - delay: Delayed 3 second(s)

2019-01-03 20:36:09 - [MESSAGE][PASSED] - Delayed 3 second(s)

2019-01-03 20:36:09 - [TEST_STEP][PASSED] - waitForElementClickable: Object 'Object Repository/Final Object Repo/New Registration - Registration Module Pages/Third Screen - Upload Supporting Doc- Preview/Save n Continue in Uploading Supporting Doc Page' is clickable

2019-01-03 20:36:10 - [MESSAGE][PASSED] - Object 'Object Repository/Final Object Repo/New Registration - Registration Module Pages/Third Screen - Upload Supporting Doc- Preview/Save n Continue in Uploading Supporting Doc Page' is clickable

2019-01-03 20:36:10 - [TEST_STEP][PASSED] - click: Object: 'Object Repository/Final Object Repo/New Registration - Registration Module Pages/Third Screen - Upload Supporting Doc- Preview/Save n Continue in Uploading Supporting Doc Page' is clicked on

2019-01-03 20:36:10 - [MESSAGE][PASSED] - Object: 'Object Repository/Final Object Repo/New Registration - Registration Module Pages/Third Screen - Upload Supporting Doc- Preview/Save n Continue in Uploading Supporting Doc Page' is clicked on

2019-01-03 20:36:10 - [MESSAGE][PASSED] - Call Test Case 'Test Cases/Final Aug 2018 - PKS Automation/Registration Module/New Registration/Flow of New Registration/Third Screen - Upload Supporting Doc - Preview' successfully

2019-01-03 20:36:10 - [TEST_STEP][PASSED] - setText: Text 'Tester' is set on object 'Object Repository/Final Object Repo/New Registration - Registration Module Pages/New Reg - OTC to RO/Special Case - All Related Objects/Employer Preview Name'

2019-01-03 20:36:15 - [MESSAGE][PASSED] - Text 'Tester' is set on object 'Object Repository/Final Object Repo/New Registration - Registration Module Pages/New Reg - OTC to RO/Special Case - All Related Objects/Employer Preview Name'

2019-01-03 20:36:15 - [TEST_STEP][PASSED] - click: Object: 'Object Repository/Final Object Repo/New Registration - Registration Module Pages/New Reg - OTC to RO/Special Case - All Related Objects/IC Type Drop Down' is clicked on

2019-01-03 20:36:15 - [MESSAGE][PASSED] - Object: 'Object Repository/Final Object Repo/New Registration - Registration Module Pages/New Reg - OTC to RO/Special Case - All Related Objects/IC Type Drop Down' is clicked on

2019-01-03 20:36:15 - [TEST_STEP][PASSED] - click: Object: 'Object Repository/Final Object Repo/New Registration - Registration Module Pages/New Reg - OTC to RO/Special Case - All Related Objects/Select to NRIC' is clicked on

2019-01-03 20:36:15 - [MESSAGE][PASSED] - Object: 'Object Repository/Final Object Repo/New Registration - Registration Module Pages/New Reg - OTC to RO/Special Case - All Related Objects/Select to NRIC' is clicked on

2019-01-03 20:36:15 - [TEST_STEP][PASSED] - setText: Text '133245561223' is set on object 'Object Repository/Final Object Repo/New Registration - Registration Module Pages/New Reg - OTC to RO/Special Case - All Related Objects/IC Value'

2019-01-03 20:36:15 - [MESSAGE][PASSED] - Text '133245561223' is set on object 'Object Repository/Final Object Repo/New Registration - Registration Module Pages/New Reg - OTC to RO/Special Case - All Related Objects/IC Value'

2019-01-03 20:36:15 - [TEST_STEP][PASSED] - setText: Text 'Auto' is set on object 'Object Repository/Final Object Repo/New Registration - Registration Module Pages/New Reg - OTC to RO/Special Case - All Related Objects/Designation'

2019-01-03 20:36:16 - [MESSAGE][PASSED] - Text 'Auto' is set on object 'Object Repository/Final Object Repo/New Registration - Registration Module Pages/New Reg - OTC to RO/Special Case - All Related Objects/Designation'

2019-01-03 20:36:16 - [TEST_STEP][PASSED] - callTestCase: Call Test Case 'Test Cases/Final Aug 2018 - PKS Automation/Registration Module/New Registration/Submit and Screenshot/Submit Registration and Screenshot - Copy' successfully

2019-01-03 20:36:16 - [TEST_CASE][PASSED] - Test Cases/Final Aug 2018 - PKS Automation/Registration Module/New Registration/Submit and Screenshot/Submit Registration and Screenshot - Copy: Test Cases/Final Aug 2018 - PKS Automation/Registration Module/New Registration/Submit and Screenshot/Submit Registration and Screenshot - Copy

2019-01-03 20:36:16 - [TEST_STEP][PASSED] - delay: Delayed 6 second(s)

2019-01-03 20:36:22 - [MESSAGE][PASSED] - Delayed 6 second(s)

2019-01-03 20:36:22 - [TEST_STEP][PASSED] - click: Object: 'Object Repository/Final Object Repo/New Registration - Registration Module Pages/Third Screen - Upload Supporting Doc- Preview/Preview Submit Button' is clicked on

2019-01-03 20:36:22 - [MESSAGE][PASSED] - Object: 'Object Repository/Final Object Repo/New Registration - Registration Module Pages/Third Screen - Upload Supporting Doc- Preview/Preview Submit Button' is clicked on

2019-01-03 20:36:22 - [TEST_STEP][PASSED] - delay: Delayed 2 second(s)

2019-01-03 20:36:24 - [MESSAGE][PASSED] - Delayed 2 second(s)

2019-01-03 20:36:24 - [TEST_STEP][PASSED] - click: Object: 'Object Repository/Final Object Repo/New Registration - Registration Module Pages/Third Screen - Upload Supporting Doc- Preview/Preview Submit - Confirm' is clicked on

2019-01-03 20:36:24 - [MESSAGE][PASSED] - Object: 'Object Repository/Final Object Repo/New Registration - Registration Module Pages/Third Screen - Upload Supporting Doc- Preview/Preview Submit - Confirm' is clicked on

2019-01-03 20:36:24 - [TEST_STEP][PASSED] - delay: Delayed 15 second(s)

2019-01-03 20:36:39 - [MESSAGE][PASSED] - Delayed 15 second(s)

2019-01-03 20:36:39 - [TEST_STEP][PASSED] - Statement - driver = com.kms.katalon.core.webui.driver.DriverFactory.getWebDriver(): null

2019-01-03 20:36:39 - [TEST_STEP][PASSED] - Statement - driver.manage().timeouts().implicitlyWait(10, SECONDS): null

2019-01-03 20:36:39 - [TEST_STEP][PASSED] - Statement - PresavePath = KatalonScreenshots: null

2019-01-03 20:36:39 - [TEST_STEP][PASSED] - Statement - pathPrefix = "C:\Users\Public\Pictures\Sample Pictures\Katalon Screenshots\Automate Ending Screen": null

2019-01-03 20:36:39 - [TEST_STEP][PASSED] - Statement - finalPath = <not implemented yet for class: org.codehaus.groovy.ast.expr.EmptyExpression>: null

2019-01-03 20:36:39 - [TEST_STEP][PASSED] - Statement - scrFile = driver.getScreenshotAs(FILE): null

2019-01-03 20:36:41 - [TEST_STEP][PASSED] - Statement - PreSaveFile = new java.io.File(PresavePath): null

2019-01-03 20:36:41 - [TEST_STEP][PASSED] - Statement - counter = 0: null

2019-01-03 20:36:41 - [TEST_STEP][PASSED] - Statement - If (PreSaveFile.exists()): null

2019-01-03 20:36:41 - [TEST_STEP][PASSED] - Statement - While (PreSaveFile.exists()): null

2019-01-03 20:36:41 - [TEST_STEP][PASSED] - Statement - counter = counter + 1: null

2019-01-03 20:36:41 - [TEST_STEP][PASSED] - Statement - PreSaveFile = new java.io.File(((pathPrefix + java.lang.Integer.toString(counter)) + .png)): null

2019-01-03 20:36:41 - [TEST_STEP][PASSED] - Statement - counter = counter + 1: null

2019-01-03 20:36:41 - [TEST_STEP][PASSED] - Statement - PreSaveFile = new java.io.File(((pathPrefix + java.lang.Integer.toString(counter)) + .png)): null

2019-01-03 20:36:41 - [TEST_STEP][PASSED] - Statement - counter = counter + 1: null

2019-01-03 20:36:41 - [TEST_STEP][PASSED] - Statement - PreSaveFile = new java.io.File(((pathPrefix + java.lang.Integer.toString(counter)) + .png)): null

2019-01-03 20:36:41 - [TEST_STEP][PASSED] - Statement - counter = counter + 1: null

2019-01-03 20:36:41 - [TEST_STEP][PASSED] - Statement - PreSaveFile = new java.io.File(((pathPrefix + java.lang.Integer.toString(counter)) + .png)): null

2019-01-03 20:36:41 - [TEST_STEP][PASSED] - Statement - counter = counter + 1: null

2019-01-03 20:36:41 - [TEST_STEP][PASSED] - Statement - PreSaveFile = new java.io.File(((pathPrefix + java.lang.Integer.toString(counter)) + .png)): null

2019-01-03 20:36:41 - [TEST_STEP][PASSED] - Statement - counter = counter + 1: null

2019-01-03 20:36:41 - [TEST_STEP][PASSED] - Statement - PreSaveFile = new java.io.File(((pathPrefix + java.lang.Integer.toString(counter)) + .png)): null

2019-01-03 20:36:41 - [TEST_STEP][PASSED] - Statement - counter = counter + 1: null

2019-01-03 20:36:41 - [TEST_STEP][PASSED] - Statement - PreSaveFile = new java.io.File(((pathPrefix + java.lang.Integer.toString(counter)) + .png)): null

2019-01-03 20:36:41 - [TEST_STEP][PASSED] - Statement - counter = counter + 1: null

2019-01-03 20:36:41 - [TEST_STEP][PASSED] - Statement - PreSaveFile = new java.io.File(((pathPrefix + java.lang.Integer.toString(counter)) + .png)): null

2019-01-03 20:36:41 - [TEST_STEP][PASSED] - Statement - counter = counter + 1: null

2019-01-03 20:36:41 - [TEST_STEP][PASSED] - Statement - PreSaveFile = new java.io.File(((pathPrefix + java.lang.Integer.toString(counter)) + .png)): null

2019-01-03 20:36:41 - [TEST_STEP][PASSED] - Statement - counter = counter + 1: null

2019-01-03 20:36:41 - [TEST_STEP][PASSED] - Statement - PreSaveFile = new java.io.File(((pathPrefix + java.lang.Integer.toString(counter)) + .png)): null

2019-01-03 20:36:41 - [TEST_STEP][PASSED] - Statement - counter = counter + 1: null

2019-01-03 20:36:41 - [TEST_STEP][PASSED] - Statement - PreSaveFile = new java.io.File(((pathPrefix + java.lang.Integer.toString(counter)) + .png)): null

2019-01-03 20:36:41 - [TEST_STEP][PASSED] - Statement - counter = counter + 1: null

2019-01-03 20:36:41 - [TEST_STEP][PASSED] - Statement - PreSaveFile = new java.io.File(((pathPrefix + java.lang.Integer.toString(counter)) + .png)): null

2019-01-03 20:36:41 - [TEST_STEP][PASSED] - Statement - counter = counter + 1: null

2019-01-03 20:36:41 - [TEST_STEP][PASSED] - Statement - PreSaveFile = new java.io.File(((pathPrefix + java.lang.Integer.toString(counter)) + .png)): null

2019-01-03 20:36:41 - [TEST_STEP][PASSED] - Statement - counter = counter + 1: null

2019-01-03 20:36:41 - [TEST_STEP][PASSED] - Statement - PreSaveFile = new java.io.File(((pathPrefix + java.lang.Integer.toString(counter)) + .png)): null

2019-01-03 20:36:41 - [TEST_STEP][PASSED] - Statement - counter = counter + 1: null

2019-01-03 20:36:41 - [TEST_STEP][PASSED] - Statement - PreSaveFile = new java.io.File(((pathPrefix + java.lang.Integer.toString(counter)) + .png)): null

2019-01-03 20:36:41 - [TEST_STEP][PASSED] - Statement - counter = counter + 1: null

2019-01-03 20:36:41 - [TEST_STEP][PASSED] - Statement - PreSaveFile = new java.io.File(((pathPrefix + java.lang.Integer.toString(counter)) + .png)): null

2019-01-03 20:36:41 - [TEST_STEP][PASSED] - Statement - counter = counter + 1: null

2019-01-03 20:36:41 - [TEST_STEP][PASSED] - Statement - PreSaveFile = new java.io.File(((pathPrefix + java.lang.Integer.toString(counter)) + .png)): null

2019-01-03 20:36:41 - [TEST_STEP][PASSED] - Statement - counter = counter + 1: null

2019-01-03 20:36:41 - [TEST_STEP][PASSED] - Statement - PreSaveFile = new java.io.File(((pathPrefix + java.lang.Integer.toString(counter)) + .png)): null

2019-01-03 20:36:41 - [TEST_STEP][PASSED] - Statement - counter = counter + 1: null

2019-01-03 20:36:41 - [TEST_STEP][PASSED] - Statement - PreSaveFile = new java.io.File(((pathPrefix + java.lang.Integer.toString(counter)) + .png)): null

2019-01-03 20:36:41 - [TEST_STEP][PASSED] - Statement - counter = counter + 1: null

2019-01-03 20:36:41 - [TEST_STEP][PASSED] - Statement - PreSaveFile = new java.io.File(((pathPrefix + java.lang.Integer.toString(counter)) + .png)): null

2019-01-03 20:36:41 - [TEST_STEP][PASSED] - Statement - counter = counter + 1: null

2019-01-03 20:36:41 - [TEST_STEP][PASSED] - Statement - PreSaveFile = new java.io.File(((pathPrefix + java.lang.Integer.toString(counter)) + .png)): null

2019-01-03 20:36:41 - [TEST_STEP][PASSED] - Statement - counter = counter + 1: null

2019-01-03 20:36:41 - [TEST_STEP][PASSED] - Statement - PreSaveFile = new java.io.File(((pathPrefix + java.lang.Integer.toString(counter)) + .png)): null

2019-01-03 20:36:41 - [TEST_STEP][PASSED] - Statement - counter = counter + 1: null

2019-01-03 20:36:41 - [TEST_STEP][PASSED] - Statement - PreSaveFile = new java.io.File(((pathPrefix + java.lang.Integer.toString(counter)) + .png)): null

2019-01-03 20:36:41 - [TEST_STEP][PASSED] - Statement - counter = counter + 1: null

2019-01-03 20:36:41 - [TEST_STEP][PASSED] - Statement - PreSaveFile = new java.io.File(((pathPrefix + java.lang.Integer.toString(counter)) + .png)): null

2019-01-03 20:36:41 - [TEST_STEP][PASSED] - Statement - counter = counter + 1: null

2019-01-03 20:36:41 - [TEST_STEP][PASSED] - Statement - PreSaveFile = new java.io.File(((pathPrefix + java.lang.Integer.toString(counter)) + .png)): null

2019-01-03 20:36:41 - [TEST_STEP][PASSED] - Statement - counter = counter + 1: null

2019-01-03 20:36:41 - [TEST_STEP][PASSED] - Statement - PreSaveFile = new java.io.File(((pathPrefix + java.lang.Integer.toString(counter)) + .png)): null

2019-01-03 20:36:41 - [TEST_STEP][PASSED] - Statement - counter = counter + 1: null

2019-01-03 20:36:41 - [TEST_STEP][PASSED] - Statement - PreSaveFile = new java.io.File(((pathPrefix + java.lang.Integer.toString(counter)) + .png)): null

2019-01-03 20:36:41 - [TEST_STEP][PASSED] - Statement - counter = counter + 1: null

2019-01-03 20:36:41 - [TEST_STEP][PASSED] - Statement - PreSaveFile = new java.io.File(((pathPrefix + java.lang.Integer.toString(counter)) + .png)): null

2019-01-03 20:36:41 - [TEST_STEP][PASSED] - Statement - counter = counter + 1: null

2019-01-03 20:36:41 - [TEST_STEP][PASSED] - Statement - PreSaveFile = new java.io.File(((pathPrefix + java.lang.Integer.toString(counter)) + .png)): null

2019-01-03 20:36:41 - [TEST_STEP][PASSED] - Statement - counter = counter + 1: null

2019-01-03 20:36:41 - [TEST_STEP][PASSED] - Statement - PreSaveFile = new java.io.File(((pathPrefix + java.lang.Integer.toString(counter)) + .png)): null

2019-01-03 20:36:41 - [TEST_STEP][PASSED] - Statement - counter = counter + 1: null

2019-01-03 20:36:41 - [TEST_STEP][PASSED] - Statement - PreSaveFile = new java.io.File(((pathPrefix + java.lang.Integer.toString(counter)) + .png)): null

2019-01-03 20:36:41 - [TEST_STEP][PASSED] - Statement - counter = counter + 1: null

2019-01-03 20:36:41 - [TEST_STEP][PASSED] - Statement - PreSaveFile = new java.io.File(((pathPrefix + java.lang.Integer.toString(counter)) + .png)): null

2019-01-03 20:36:41 - [TEST_STEP][PASSED] - Statement - counter = counter + 1: null

2019-01-03 20:36:41 - [TEST_STEP][PASSED] - Statement - PreSaveFile = new java.io.File(((pathPrefix + java.lang.Integer.toString(counter)) + .png)): null

2019-01-03 20:36:41 - [TEST_STEP][PASSED] - Statement - counter = counter + 1: null

2019-01-03 20:36:41 - [TEST_STEP][PASSED] - Statement - PreSaveFile = new java.io.File(((pathPrefix + java.lang.Integer.toString(counter)) + .png)): null

2019-01-03 20:36:41 - [TEST_STEP][PASSED] - Statement - counter = counter + 1: null

2019-01-03 20:36:41 - [TEST_STEP][PASSED] - Statement - PreSaveFile = new java.io.File(((pathPrefix + java.lang.Integer.toString(counter)) + .png)): null

2019-01-03 20:36:41 - [TEST_STEP][PASSED] - Statement - counter = counter + 1: null

2019-01-03 20:36:41 - [TEST_STEP][PASSED] - Statement - PreSaveFile = new java.io.File(((pathPrefix + java.lang.Integer.toString(counter)) + .png)): null

2019-01-03 20:36:41 - [TEST_STEP][PASSED] - Statement - counter = counter + 1: null

2019-01-03 20:36:41 - [TEST_STEP][PASSED] - Statement - PreSaveFile = new java.io.File(((pathPrefix + java.lang.Integer.toString(counter)) + .png)): null

2019-01-03 20:36:41 - [TEST_STEP][PASSED] - Statement - counter = counter + 1: null

2019-01-03 20:36:41 - [TEST_STEP][PASSED] - Statement - PreSaveFile = new java.io.File(((pathPrefix + java.lang.Integer.toString(counter)) + .png)): null

2019-01-03 20:36:41 - [TEST_STEP][PASSED] - Statement - counter = counter + 1: null

2019-01-03 20:36:41 - [TEST_STEP][PASSED] - Statement - PreSaveFile = new java.io.File(((pathPrefix + java.lang.Integer.toString(counter)) + .png)): null

2019-01-03 20:36:41 - [TEST_STEP][PASSED] - Statement - counter = counter + 1: null

2019-01-03 20:36:41 - [TEST_STEP][PASSED] - Statement - PreSaveFile = new java.io.File(((pathPrefix + java.lang.Integer.toString(counter)) + .png)): null

2019-01-03 20:36:41 - [TEST_STEP][PASSED] - Statement - counter = counter + 1: null

2019-01-03 20:36:41 - [TEST_STEP][PASSED] - Statement - PreSaveFile = new java.io.File(((pathPrefix + java.lang.Integer.toString(counter)) + .png)): null

2019-01-03 20:36:41 - [TEST_STEP][PASSED] - Statement - counter = counter + 1: null

2019-01-03 20:36:41 - [TEST_STEP][PASSED] - Statement - PreSaveFile = new java.io.File(((pathPrefix + java.lang.Integer.toString(counter)) + .png)): null

2019-01-03 20:36:41 - [TEST_STEP][PASSED] - Statement - counter = counter + 1: null

2019-01-03 20:36:41 - [TEST_STEP][PASSED] - Statement - PreSaveFile = new java.io.File(((pathPrefix + java.lang.Integer.toString(counter)) + .png)): null

2019-01-03 20:36:41 - [TEST_STEP][PASSED] - Statement - counter = counter + 1: null

2019-01-03 20:36:41 - [TEST_STEP][PASSED] - Statement - PreSaveFile = new java.io.File(((pathPrefix + java.lang.Integer.toString(counter)) + .png)): null

2019-01-03 20:36:41 - [TEST_STEP][PASSED] - Statement - counter = counter + 1: null

2019-01-03 20:36:41 - [TEST_STEP][PASSED] - Statement - PreSaveFile = new java.io.File(((pathPrefix + java.lang.Integer.toString(counter)) + .png)): null

2019-01-03 20:36:41 - [TEST_STEP][PASSED] - Statement - counter = counter + 1: null

2019-01-03 20:36:41 - [TEST_STEP][PASSED] - Statement - PreSaveFile = new java.io.File(((pathPrefix + java.lang.Integer.toString(counter)) + .png)): null

2019-01-03 20:36:41 - [TEST_STEP][PASSED] - Statement - counter = counter + 1: null

2019-01-03 20:36:41 - [TEST_STEP][PASSED] - Statement - PreSaveFile = new java.io.File(((pathPrefix + java.lang.Integer.toString(counter)) + .png)): null

2019-01-03 20:36:41 - [TEST_STEP][PASSED] - Statement - counter = counter + 1: null

2019-01-03 20:36:41 - [TEST_STEP][PASSED] - Statement - PreSaveFile = new java.io.File(((pathPrefix + java.lang.Integer.toString(counter)) + .png)): null

2019-01-03 20:36:41 - [TEST_STEP][PASSED] - Statement - counter = counter + 1: null

2019-01-03 20:36:41 - [TEST_STEP][PASSED] - Statement - PreSaveFile = new java.io.File(((pathPrefix + java.lang.Integer.toString(counter)) + .png)): null

2019-01-03 20:36:41 - [TEST_STEP][PASSED] - Statement - counter = counter + 1: null

2019-01-03 20:36:41 - [TEST_STEP][PASSED] - Statement - PreSaveFile = new java.io.File(((pathPrefix + java.lang.Integer.toString(counter)) + .png)): null

2019-01-03 20:36:41 - [TEST_STEP][PASSED] - Statement - counter = counter + 1: null

2019-01-03 20:36:41 - [TEST_STEP][PASSED] - Statement - PreSaveFile = new java.io.File(((pathPrefix + java.lang.Integer.toString(counter)) + .png)): null

2019-01-03 20:36:41 - [TEST_STEP][PASSED] - Statement - counter = counter + 1: null

2019-01-03 20:36:41 - [TEST_STEP][PASSED] - Statement - PreSaveFile = new java.io.File(((pathPrefix + java.lang.Integer.toString(counter)) + .png)): null

2019-01-03 20:36:41 - [TEST_STEP][PASSED] - Statement - counter = counter + 1: null

2019-01-03 20:36:41 - [TEST_STEP][PASSED] - Statement - PreSaveFile = new java.io.File(((pathPrefix + java.lang.Integer.toString(counter)) + .png)): null

2019-01-03 20:36:41 - [TEST_STEP][PASSED] - Statement - counter = counter + 1: null

2019-01-03 20:36:41 - [TEST_STEP][PASSED] - Statement - PreSaveFile = new java.io.File(((pathPrefix + java.lang.Integer.toString(counter)) + .png)): null

2019-01-03 20:36:41 - [TEST_STEP][PASSED] - Statement - counter = counter + 1: null

2019-01-03 20:36:41 - [TEST_STEP][PASSED] - Statement - PreSaveFile = new java.io.File(((pathPrefix + java.lang.Integer.toString(counter)) + .png)): null

2019-01-03 20:36:41 - [TEST_STEP][PASSED] - Statement - counter = counter + 1: null

2019-01-03 20:36:41 - [TEST_STEP][PASSED] - Statement - PreSaveFile = new java.io.File(((pathPrefix + java.lang.Integer.toString(counter)) + .png)): null

2019-01-03 20:36:41 - [TEST_STEP][PASSED] - Statement - counter = counter + 1: null

2019-01-03 20:36:41 - [TEST_STEP][PASSED] - Statement - PreSaveFile = new java.io.File(((pathPrefix + java.lang.Integer.toString(counter)) + .png)): null

2019-01-03 20:36:41 - [TEST_STEP][PASSED] - Statement - counter = counter + 1: null

2019-01-03 20:36:41 - [TEST_STEP][PASSED] - Statement - PreSaveFile = new java.io.File(((pathPrefix + java.lang.Integer.toString(counter)) + .png)): null

2019-01-03 20:36:41 - [TEST_STEP][PASSED] - Statement - counter = counter + 1: null

2019-01-03 20:36:41 - [TEST_STEP][PASSED] - Statement - PreSaveFile = new java.io.File(((pathPrefix + java.lang.Integer.toString(counter)) + .png)): null

2019-01-03 20:36:41 - [TEST_STEP][PASSED] - Statement - counter = counter + 1: null

2019-01-03 20:36:41 - [TEST_STEP][PASSED] - Statement - PreSaveFile = new java.io.File(((pathPrefix + java.lang.Integer.toString(counter)) + .png)): null

2019-01-03 20:36:41 - [TEST_STEP][PASSED] - Statement - counter = counter + 1: null

2019-01-03 20:36:41 - [TEST_STEP][PASSED] - Statement - PreSaveFile = new java.io.File(((pathPrefix + java.lang.Integer.toString(counter)) + .png)): null

2019-01-03 20:36:41 - [TEST_STEP][PASSED] - Statement - counter = counter + 1: null

2019-01-03 20:36:41 - [TEST_STEP][PASSED] - Statement - PreSaveFile = new java.io.File(((pathPrefix + java.lang.Integer.toString(counter)) + .png)): null

2019-01-03 20:36:41 - [TEST_STEP][PASSED] - Statement - counter = counter + 1: null

2019-01-03 20:36:41 - [TEST_STEP][PASSED] - Statement - PreSaveFile = new java.io.File(((pathPrefix + java.lang.Integer.toString(counter)) + .png)): null

2019-01-03 20:36:41 - [TEST_STEP][PASSED] - Statement - counter = counter + 1: null

2019-01-03 20:36:41 - [TEST_STEP][PASSED] - Statement - PreSaveFile = new java.io.File(((pathPrefix + java.lang.Integer.toString(counter)) + .png)): null

2019-01-03 20:36:41 - [TEST_STEP][PASSED] - Statement - counter = counter + 1: null

2019-01-03 20:36:41 - [TEST_STEP][PASSED] - Statement - PreSaveFile = new java.io.File(((pathPrefix + java.lang.Integer.toString(counter)) + .png)): null

2019-01-03 20:36:41 - [TEST_STEP][PASSED] - Statement - counter = counter + 1: null

2019-01-03 20:36:41 - [TEST_STEP][PASSED] - Statement - PreSaveFile = new java.io.File(((pathPrefix + java.lang.Integer.toString(counter)) + .png)): null

2019-01-03 20:36:41 - [TEST_STEP][PASSED] - Statement - counter = counter + 1: null

2019-01-03 20:36:41 - [TEST_STEP][PASSED] - Statement - PreSaveFile = new java.io.File(((pathPrefix + java.lang.Integer.toString(counter)) + .png)): null

2019-01-03 20:36:41 - [TEST_STEP][PASSED] - Statement - counter = counter + 1: null

2019-01-03 20:36:41 - [TEST_STEP][PASSED] - Statement - PreSaveFile = new java.io.File(((pathPrefix + java.lang.Integer.toString(counter)) + .png)): null

2019-01-03 20:36:41 - [TEST_STEP][PASSED] - Statement - counter = counter + 1: null

2019-01-03 20:36:41 - [TEST_STEP][PASSED] - Statement - PreSaveFile = new java.io.File(((pathPrefix + java.lang.Integer.toString(counter)) + .png)): null

2019-01-03 20:36:41 - [TEST_STEP][PASSED] - Statement - counter = counter + 1: null

2019-01-03 20:36:41 - [TEST_STEP][PASSED] - Statement - PreSaveFile = new java.io.File(((pathPrefix + java.lang.Integer.toString(counter)) + .png)): null

2019-01-03 20:36:41 - [TEST_STEP][PASSED] - Statement - counter = counter + 1: null

2019-01-03 20:36:41 - [TEST_STEP][PASSED] - Statement - PreSaveFile = new java.io.File(((pathPrefix + java.lang.Integer.toString(counter)) + .png)): null

2019-01-03 20:36:41 - [TEST_STEP][PASSED] - Statement - counter = counter + 1: null

2019-01-03 20:36:41 - [TEST_STEP][PASSED] - Statement - PreSaveFile = new java.io.File(((pathPrefix + java.lang.Integer.toString(counter)) + .png)): null

2019-01-03 20:36:41 - [TEST_STEP][PASSED] - Statement - counter = counter + 1: null

2019-01-03 20:36:41 - [TEST_STEP][PASSED] - Statement - PreSaveFile = new java.io.File(((pathPrefix + java.lang.Integer.toString(counter)) + .png)): null

2019-01-03 20:36:41 - [TEST_STEP][PASSED] - Statement - counter = counter + 1: null

2019-01-03 20:36:41 - [TEST_STEP][PASSED] - Statement - PreSaveFile = new java.io.File(((pathPrefix + java.lang.Integer.toString(counter)) + .png)): null

2019-01-03 20:36:41 - [TEST_STEP][PASSED] - Statement - counter = counter + 1: null

2019-01-03 20:36:41 - [TEST_STEP][PASSED] - Statement - PreSaveFile = new java.io.File(((pathPrefix + java.lang.Integer.toString(counter)) + .png)): null

2019-01-03 20:36:41 - [TEST_STEP][PASSED] - Statement - counter = counter + 1: null

2019-01-03 20:36:41 - [TEST_STEP][PASSED] - Statement - PreSaveFile = new java.io.File(((pathPrefix + java.lang.Integer.toString(counter)) + .png)): null

2019-01-03 20:36:41 - [TEST_STEP][PASSED] - Statement - counter = counter + 1: null

2019-01-03 20:36:41 - [TEST_STEP][PASSED] - Statement - PreSaveFile = new java.io.File(((pathPrefix + java.lang.Integer.toString(counter)) + .png)): null

2019-01-03 20:36:41 - [TEST_STEP][PASSED] - Statement - counter = counter + 1: null

2019-01-03 20:36:41 - [TEST_STEP][PASSED] - Statement - PreSaveFile = new java.io.File(((pathPrefix + java.lang.Integer.toString(counter)) + .png)): null

2019-01-03 20:36:41 - [TEST_STEP][PASSED] - Statement - counter = counter + 1: null

2019-01-03 20:36:41 - [TEST_STEP][PASSED] - Statement - PreSaveFile = new java.io.File(((pathPrefix + java.lang.Integer.toString(counter)) + .png)): null

2019-01-03 20:36:41 - [TEST_STEP][PASSED] - Statement - counter = counter + 1: null

2019-01-03 20:36:41 - [TEST_STEP][PASSED] - Statement - PreSaveFile = new java.io.File(((pathPrefix + java.lang.Integer.toString(counter)) + .png)): null

2019-01-03 20:36:41 - [TEST_STEP][PASSED] - Statement - counter = counter + 1: null

2019-01-03 20:36:41 - [TEST_STEP][PASSED] - Statement - PreSaveFile = new java.io.File(((pathPrefix + java.lang.Integer.toString(counter)) + .png)): null

2019-01-03 20:36:41 - [TEST_STEP][PASSED] - Statement - counter = counter + 1: null

2019-01-03 20:36:41 - [TEST_STEP][PASSED] - Statement - PreSaveFile = new java.io.File(((pathPrefix + java.lang.Integer.toString(counter)) + .png)): null

2019-01-03 20:36:41 - [TEST_STEP][PASSED] - Statement - counter = counter + 1: null

2019-01-03 20:36:41 - [TEST_STEP][PASSED] - Statement - PreSaveFile = new java.io.File(((pathPrefix + java.lang.Integer.toString(counter)) + .png)): null

2019-01-03 20:36:41 - [TEST_STEP][PASSED] - Statement - counter = counter + 1: null

2019-01-03 20:36:41 - [TEST_STEP][PASSED] - Statement - PreSaveFile = new java.io.File(((pathPrefix + java.lang.Integer.toString(counter)) + .png)): null

2019-01-03 20:36:41 - [TEST_STEP][PASSED] - Statement - counter = counter + 1: null

2019-01-03 20:36:41 - [TEST_STEP][PASSED] - Statement - PreSaveFile = new java.io.File(((pathPrefix + java.lang.Integer.toString(counter)) + .png)): null

2019-01-03 20:36:41 - [TEST_STEP][PASSED] - Statement - counter = counter + 1: null

2019-01-03 20:36:41 - [TEST_STEP][PASSED] - Statement - PreSaveFile = new java.io.File(((pathPrefix + java.lang.Integer.toString(counter)) + .png)): null

2019-01-03 20:36:41 - [TEST_STEP][PASSED] - Statement - counter = counter + 1: null

2019-01-03 20:36:41 - [TEST_STEP][PASSED] - Statement - PreSaveFile = new java.io.File(((pathPrefix + java.lang.Integer.toString(counter)) + .png)): null

2019-01-03 20:36:41 - [TEST_STEP][PASSED] - Statement - counter = counter + 1: null

2019-01-03 20:36:41 - [TEST_STEP][PASSED] - Statement - PreSaveFile = new java.io.File(((pathPrefix + java.lang.Integer.toString(counter)) + .png)): null

2019-01-03 20:36:41 - [TEST_STEP][PASSED] - Statement - counter = counter + 1: null

2019-01-03 20:36:41 - [TEST_STEP][PASSED] - Statement - PreSaveFile = new java.io.File(((pathPrefix + java.lang.Integer.toString(counter)) + .png)): null

2019-01-03 20:36:41 - [TEST_STEP][PASSED] - Statement - counter = counter + 1: null

2019-01-03 20:36:41 - [TEST_STEP][PASSED] - Statement - PreSaveFile = new java.io.File(((pathPrefix + java.lang.Integer.toString(counter)) + .png)): null

2019-01-03 20:36:41 - [TEST_STEP][PASSED] - Statement - counter = counter + 1: null

2019-01-03 20:36:41 - [TEST_STEP][PASSED] - Statement - PreSaveFile = new java.io.File(((pathPrefix + java.lang.Integer.toString(counter)) + .png)): null

2019-01-03 20:36:41 - [TEST_STEP][PASSED] - Statement - counter = counter + 1: null

2019-01-03 20:36:41 - [TEST_STEP][PASSED] - Statement - PreSaveFile = new java.io.File(((pathPrefix + java.lang.Integer.toString(counter)) + .png)): null

2019-01-03 20:36:41 - [TEST_STEP][PASSED] - Statement - counter = counter + 1: null

2019-01-03 20:36:41 - [TEST_STEP][PASSED] - Statement - PreSaveFile = new java.io.File(((pathPrefix + java.lang.Integer.toString(counter)) + .png)): null

2019-01-03 20:36:41 - [TEST_STEP][PASSED] - Statement - counter = counter + 1: null

2019-01-03 20:36:41 - [TEST_STEP][PASSED] - Statement - PreSaveFile = new java.io.File(((pathPrefix + java.lang.Integer.toString(counter)) + .png)): null

2019-01-03 20:36:41 - [TEST_STEP][PASSED] - Statement - counter = counter + 1: null

2019-01-03 20:36:41 - [TEST_STEP][PASSED] - Statement - PreSaveFile = new java.io.File(((pathPrefix + java.lang.Integer.toString(counter)) + .png)): null

2019-01-03 20:36:41 - [TEST_STEP][PASSED] - Statement - counter = counter + 1: null

2019-01-03 20:36:41 - [TEST_STEP][PASSED] - Statement - PreSaveFile = new java.io.File(((pathPrefix + java.lang.Integer.toString(counter)) + .png)): null

2019-01-03 20:36:41 - [TEST_STEP][PASSED] - Statement - counter = counter + 1: null

2019-01-03 20:36:41 - [TEST_STEP][PASSED] - Statement - PreSaveFile = new java.io.File(((pathPrefix + java.lang.Integer.toString(counter)) + .png)): null

2019-01-03 20:36:41 - [TEST_STEP][PASSED] - Statement - counter = counter + 1: null

2019-01-03 20:36:41 - [TEST_STEP][PASSED] - Statement - PreSaveFile = new java.io.File(((pathPrefix + java.lang.Integer.toString(counter)) + .png)): null

2019-01-03 20:36:41 - [TEST_STEP][PASSED] - Statement - counter = counter + 1: null

2019-01-03 20:36:41 - [TEST_STEP][PASSED] - Statement - PreSaveFile = new java.io.File(((pathPrefix + java.lang.Integer.toString(counter)) + .png)): null

2019-01-03 20:36:41 - [TEST_STEP][PASSED] - Statement - counter = counter + 1: null

2019-01-03 20:36:41 - [TEST_STEP][PASSED] - Statement - PreSaveFile = new java.io.File(((pathPrefix + java.lang.Integer.toString(counter)) + .png)): null

2019-01-03 20:36:41 - [TEST_STEP][PASSED] - Statement - counter = counter + 1: null

2019-01-03 20:36:41 - [TEST_STEP][PASSED] - Statement - PreSaveFile = new java.io.File(((pathPrefix + java.lang.Integer.toString(counter)) + .png)): null

2019-01-03 20:36:41 - [TEST_STEP][PASSED] - Statement - counter = counter + 1: null

2019-01-03 20:36:41 - [TEST_STEP][PASSED] - Statement - PreSaveFile = new java.io.File(((pathPrefix + java.lang.Integer.toString(counter)) + .png)): null

2019-01-03 20:36:41 - [TEST_STEP][PASSED] - Statement - counter = counter + 1: null

2019-01-03 20:36:41 - [TEST_STEP][PASSED] - Statement - PreSaveFile = new java.io.File(((pathPrefix + java.lang.Integer.toString(counter)) + .png)): null

2019-01-03 20:36:41 - [TEST_STEP][PASSED] - Statement - counter = counter + 1: null

2019-01-03 20:36:41 - [TEST_STEP][PASSED] - Statement - PreSaveFile = new java.io.File(((pathPrefix + java.lang.Integer.toString(counter)) + .png)): null

2019-01-03 20:36:41 - [TEST_STEP][PASSED] - Statement - counter = counter + 1: null

2019-01-03 20:36:41 - [TEST_STEP][PASSED] - Statement - PreSaveFile = new java.io.File(((pathPrefix + java.lang.Integer.toString(counter)) + .png)): null

2019-01-03 20:36:41 - [TEST_STEP][PASSED] - Statement - counter = counter + 1: null

2019-01-03 20:36:41 - [TEST_STEP][PASSED] - Statement - PreSaveFile = new java.io.File(((pathPrefix + java.lang.Integer.toString(counter)) + .png)): null

2019-01-03 20:36:41 - [TEST_STEP][PASSED] - Statement - counter = counter + 1: null

2019-01-03 20:36:41 - [TEST_STEP][PASSED] - Statement - PreSaveFile = new java.io.File(((pathPrefix + java.lang.Integer.toString(counter)) + .png)): null

2019-01-03 20:36:41 - [TEST_STEP][PASSED] - Statement - counter = counter + 1: null

2019-01-03 20:36:41 - [TEST_STEP][PASSED] - Statement - PreSaveFile = new java.io.File(((pathPrefix + java.lang.Integer.toString(counter)) + .png)): null

2019-01-03 20:36:41 - [TEST_STEP][PASSED] - Statement - counter = counter + 1: null

2019-01-03 20:36:41 - [TEST_STEP][PASSED] - Statement - PreSaveFile = new java.io.File(((pathPrefix + java.lang.Integer.toString(counter)) + .png)): null

2019-01-03 20:36:41 - [TEST_STEP][PASSED] - Statement - counter = counter + 1: null

2019-01-03 20:36:42 - [TEST_STEP][PASSED] - Statement - PreSaveFile = new java.io.File(((pathPrefix + java.lang.Integer.toString(counter)) + .png)): null

2019-01-03 20:36:42 - [TEST_STEP][PASSED] - Statement - counter = counter + 1: null

2019-01-03 20:36:42 - [TEST_STEP][PASSED] - Statement - PreSaveFile = new java.io.File(((pathPrefix + java.lang.Integer.toString(counter)) + .png)): null

2019-01-03 20:36:42 - [TEST_STEP][PASSED] - Statement - counter = counter + 1: null

2019-01-03 20:36:42 - [TEST_STEP][PASSED] - Statement - PreSaveFile = new java.io.File(((pathPrefix + java.lang.Integer.toString(counter)) + .png)): null

2019-01-03 20:36:42 - [TEST_STEP][PASSED] - Statement - counter = counter + 1: null

2019-01-03 20:36:42 - [TEST_STEP][PASSED] - Statement - PreSaveFile = new java.io.File(((pathPrefix + java.lang.Integer.toString(counter)) + .png)): null

2019-01-03 20:36:42 - [TEST_STEP][PASSED] - Statement - counter = counter + 1: null

2019-01-03 20:36:42 - [TEST_STEP][PASSED] - Statement - PreSaveFile = new java.io.File(((pathPrefix + java.lang.Integer.toString(counter)) + .png)): null

2019-01-03 20:36:42 - [TEST_STEP][PASSED] - Statement - counter = counter + 1: null

2019-01-03 20:36:42 - [TEST_STEP][PASSED] - Statement - PreSaveFile = new java.io.File(((pathPrefix + java.lang.Integer.toString(counter)) + .png)): null

2019-01-03 20:36:42 - [TEST_STEP][PASSED] - Statement - counter = counter + 1: null

2019-01-03 20:36:42 - [TEST_STEP][PASSED] - Statement - PreSaveFile = new java.io.File(((pathPrefix + java.lang.Integer.toString(counter)) + .png)): null

2019-01-03 20:36:42 - [TEST_STEP][PASSED] - Statement - counter = counter + 1: null

2019-01-03 20:36:42 - [TEST_STEP][PASSED] - Statement - PreSaveFile = new java.io.File(((pathPrefix + java.lang.Integer.toString(counter)) + .png)): null

2019-01-03 20:36:42 - [TEST_STEP][PASSED] - Statement - counter = counter + 1: null

2019-01-03 20:36:42 - [TEST_STEP][PASSED] - Statement - PreSaveFile = new java.io.File(((pathPrefix + java.lang.Integer.toString(counter)) + .png)): null

2019-01-03 20:36:42 - [TEST_STEP][PASSED] - Statement - counter = counter + 1: null

2019-01-03 20:36:42 - [TEST_STEP][PASSED] - Statement - PreSaveFile = new java.io.File(((pathPrefix + java.lang.Integer.toString(counter)) + .png)): null

2019-01-03 20:36:42 - [TEST_STEP][PASSED] - Statement - counter = counter + 1: null

2019-01-03 20:36:42 - [TEST_STEP][PASSED] - Statement - PreSaveFile = new java.io.File(((pathPrefix + java.lang.Integer.toString(counter)) + .png)): null

2019-01-03 20:36:42 - [TEST_STEP][PASSED] - Statement - counter = counter + 1: null

2019-01-03 20:36:42 - [TEST_STEP][PASSED] - Statement - PreSaveFile = new java.io.File(((pathPrefix + java.lang.Integer.toString(counter)) + .png)): null

2019-01-03 20:36:42 - [TEST_STEP][PASSED] - Statement - counter = counter + 1: null

2019-01-03 20:36:42 - [TEST_STEP][PASSED] - Statement - PreSaveFile = new java.io.File(((pathPrefix + java.lang.Integer.toString(counter)) + .png)): null

2019-01-03 20:36:42 - [TEST_STEP][PASSED] - Statement - counter = counter + 1: null

2019-01-03 20:36:42 - [TEST_STEP][PASSED] - Statement - PreSaveFile = new java.io.File(((pathPrefix + java.lang.Integer.toString(counter)) + .png)): null

2019-01-03 20:36:42 - [TEST_STEP][PASSED] - Statement - counter = counter + 1: null

2019-01-03 20:36:42 - [TEST_STEP][PASSED] - Statement - PreSaveFile = new java.io.File(((pathPrefix + java.lang.Integer.toString(counter)) + .png)): null

2019-01-03 20:36:42 - [TEST_STEP][PASSED] - Statement - counter = counter + 1: null

2019-01-03 20:36:42 - [TEST_STEP][PASSED] - Statement - PreSaveFile = new java.io.File(((pathPrefix + java.lang.Integer.toString(counter)) + .png)): null

2019-01-03 20:36:42 - [TEST_STEP][PASSED] - Statement - counter = counter + 1: null

2019-01-03 20:36:42 - [TEST_STEP][PASSED] - Statement - PreSaveFile = new java.io.File(((pathPrefix + java.lang.Integer.toString(counter)) + .png)): null

2019-01-03 20:36:42 - [TEST_STEP][PASSED] - Statement - counter = counter + 1: null

2019-01-03 20:36:42 - [TEST_STEP][PASSED] - Statement - PreSaveFile = new java.io.File(((pathPrefix + java.lang.Integer.toString(counter)) + .png)): null

2019-01-03 20:36:42 - [TEST_STEP][PASSED] - Statement - counter = counter + 1: null

2019-01-03 20:36:42 - [TEST_STEP][PASSED] - Statement - PreSaveFile = new java.io.File(((pathPrefix + java.lang.Integer.toString(counter)) + .png)): null

2019-01-03 20:36:42 - [TEST_STEP][PASSED] - Statement - counter = counter + 1: null

2019-01-03 20:36:42 - [TEST_STEP][PASSED] - Statement - PreSaveFile = new java.io.File(((pathPrefix + java.lang.Integer.toString(counter)) + .png)): null

2019-01-03 20:36:42 - [TEST_STEP][PASSED] - Statement - counter = counter + 1: null

2019-01-03 20:36:42 - [TEST_STEP][PASSED] - Statement - PreSaveFile = new java.io.File(((pathPrefix + java.lang.Integer.toString(counter)) + .png)): null

2019-01-03 20:36:42 - [TEST_STEP][PASSED] - Statement - counter = counter + 1: null

2019-01-03 20:36:42 - [TEST_STEP][PASSED] - Statement - PreSaveFile = new java.io.File(((pathPrefix + java.lang.Integer.toString(counter)) + .png)): null

2019-01-03 20:36:42 - [TEST_STEP][PASSED] - Statement - counter = counter + 1: null

2019-01-03 20:36:42 - [TEST_STEP][PASSED] - Statement - PreSaveFile = new java.io.File(((pathPrefix + java.lang.Integer.toString(counter)) + .png)): null

2019-01-03 20:36:42 - [TEST_STEP][PASSED] - Statement - counter = counter + 1: null

2019-01-03 20:36:42 - [TEST_STEP][PASSED] - Statement - PreSaveFile = new java.io.File(((pathPrefix + java.lang.Integer.toString(counter)) + .png)): null

2019-01-03 20:36:42 - [TEST_STEP][PASSED] - Statement - counter = counter + 1: null

2019-01-03 20:36:42 - [TEST_STEP][PASSED] - Statement - PreSaveFile = new java.io.File(((pathPrefix + java.lang.Integer.toString(counter)) + .png)): null

2019-01-03 20:36:42 - [TEST_STEP][PASSED] - Statement - counter = counter + 1: null

2019-01-03 20:36:42 - [TEST_STEP][PASSED] - Statement - PreSaveFile = new java.io.File(((pathPrefix + java.lang.Integer.toString(counter)) + .png)): null

2019-01-03 20:36:42 - [TEST_STEP][PASSED] - Statement - counter = counter + 1: null

2019-01-03 20:36:42 - [TEST_STEP][PASSED] - Statement - PreSaveFile = new java.io.File(((pathPrefix + java.lang.Integer.toString(counter)) + .png)): null

2019-01-03 20:36:42 - [TEST_STEP][PASSED] - Statement - counter = counter + 1: null

2019-01-03 20:36:42 - [TEST_STEP][PASSED] - Statement - PreSaveFile = new java.io.File(((pathPrefix + java.lang.Integer.toString(counter)) + .png)): null

2019-01-03 20:36:42 - [TEST_STEP][PASSED] - Statement - counter = counter + 1: null

2019-01-03 20:36:42 - [TEST_STEP][PASSED] - Statement - PreSaveFile = new java.io.File(((pathPrefix + java.lang.Integer.toString(counter)) + .png)): null

2019-01-03 20:36:42 - [TEST_STEP][PASSED] - Statement - counter = counter + 1: null

2019-01-03 20:36:42 - [TEST_STEP][PASSED] - Statement - PreSaveFile = new java.io.File(((pathPrefix + java.lang.Integer.toString(counter)) + .png)): null

2019-01-03 20:36:42 - [TEST_STEP][PASSED] - Statement - counter = counter + 1: null

2019-01-03 20:36:42 - [TEST_STEP][PASSED] - Statement - PreSaveFile = new java.io.File(((pathPrefix + java.lang.Integer.toString(counter)) + .png)): null

2019-01-03 20:36:42 - [TEST_STEP][PASSED] - Statement - counter = counter + 1: null

2019-01-03 20:36:42 - [TEST_STEP][PASSED] - Statement - PreSaveFile = new java.io.File(((pathPrefix + java.lang.Integer.toString(counter)) + .png)): null

2019-01-03 20:36:42 - [TEST_STEP][PASSED] - Statement - counter = counter + 1: null

2019-01-03 20:36:42 - [TEST_STEP][PASSED] - Statement - PreSaveFile = new java.io.File(((pathPrefix + java.lang.Integer.toString(counter)) + .png)): null

2019-01-03 20:36:42 - [TEST_STEP][PASSED] - Statement - counter = counter + 1: null

2019-01-03 20:36:42 - [TEST_STEP][PASSED] - Statement - PreSaveFile = new java.io.File(((pathPrefix + java.lang.Integer.toString(counter)) + .png)): null

2019-01-03 20:36:42 - [TEST_STEP][PASSED] - Statement - counter = counter + 1: null

2019-01-03 20:36:42 - [TEST_STEP][PASSED] - Statement - PreSaveFile = new java.io.File(((pathPrefix + java.lang.Integer.toString(counter)) + .png)): null

2019-01-03 20:36:42 - [TEST_STEP][PASSED] - Statement - counter = counter + 1: null

2019-01-03 20:36:42 - [TEST_STEP][PASSED] - Statement - PreSaveFile = new java.io.File(((pathPrefix + java.lang.Integer.toString(counter)) + .png)): null

2019-01-03 20:36:42 - [TEST_STEP][PASSED] - Statement - counter = counter + 1: null

2019-01-03 20:36:42 - [TEST_STEP][PASSED] - Statement - PreSaveFile = new java.io.File(((pathPrefix + java.lang.Integer.toString(counter)) + .png)): null

2019-01-03 20:36:42 - [TEST_STEP][PASSED] - Statement - counter = counter + 1: null

2019-01-03 20:36:42 - [TEST_STEP][PASSED] - Statement - PreSaveFile = new java.io.File(((pathPrefix + java.lang.Integer.toString(counter)) + .png)): null

2019-01-03 20:36:42 - [TEST_STEP][PASSED] - Statement - counter = counter + 1: null

2019-01-03 20:36:42 - [TEST_STEP][PASSED] - Statement - PreSaveFile = new java.io.File(((pathPrefix + java.lang.Integer.toString(counter)) + .png)): null

2019-01-03 20:36:42 - [TEST_STEP][PASSED] - Statement - counter = counter + 1: null

2019-01-03 20:36:42 - [TEST_STEP][PASSED] - Statement - PreSaveFile = new java.io.File(((pathPrefix + java.lang.Integer.toString(counter)) + .png)): null

2019-01-03 20:36:42 - [TEST_STEP][PASSED] - Statement - counter = counter + 1: null

2019-01-03 20:36:42 - [TEST_STEP][PASSED] - Statement - PreSaveFile = new java.io.File(((pathPrefix + java.lang.Integer.toString(counter)) + .png)): null

2019-01-03 20:36:42 - [TEST_STEP][PASSED] - Statement - counter = counter + 1: null

2019-01-03 20:36:42 - [TEST_STEP][PASSED] - Statement - PreSaveFile = new java.io.File(((pathPrefix + java.lang.Integer.toString(counter)) + .png)): null

2019-01-03 20:36:42 - [TEST_STEP][PASSED] - Statement - counter = counter + 1: null

2019-01-03 20:36:42 - [TEST_STEP][PASSED] - Statement - PreSaveFile = new java.io.File(((pathPrefix + java.lang.Integer.toString(counter)) + .png)): null

2019-01-03 20:36:42 - [TEST_STEP][PASSED] - Statement - counter = counter + 1: null

2019-01-03 20:36:42 - [TEST_STEP][PASSED] - Statement - PreSaveFile = new java.io.File(((pathPrefix + java.lang.Integer.toString(counter)) + .png)): null

2019-01-03 20:36:42 - [TEST_STEP][PASSED] - Statement - counter = counter + 1: null

2019-01-03 20:36:42 - [TEST_STEP][PASSED] - Statement - PreSaveFile = new java.io.File(((pathPrefix + java.lang.Integer.toString(counter)) + .png)): null

2019-01-03 20:36:42 - [TEST_STEP][PASSED] - Statement - counter = counter + 1: null

2019-01-03 20:36:42 - [TEST_STEP][PASSED] - Statement - PreSaveFile = new java.io.File(((pathPrefix + java.lang.Integer.toString(counter)) + .png)): null

2019-01-03 20:36:42 - [TEST_STEP][PASSED] - Statement - counter = counter + 1: null

2019-01-03 20:36:42 - [TEST_STEP][PASSED] - Statement - PreSaveFile = new java.io.File(((pathPrefix + java.lang.Integer.toString(counter)) + .png)): null

2019-01-03 20:36:42 - [TEST_STEP][PASSED] - Statement - counter = counter + 1: null

2019-01-03 20:36:42 - [TEST_STEP][PASSED] - Statement - PreSaveFile = new java.io.File(((pathPrefix + java.lang.Integer.toString(counter)) + .png)): null

2019-01-03 20:36:42 - [TEST_STEP][PASSED] - Statement - counter = counter + 1: null

2019-01-03 20:36:42 - [TEST_STEP][PASSED] - Statement - PreSaveFile = new java.io.File(((pathPrefix + java.lang.Integer.toString(counter)) + .png)): null

2019-01-03 20:36:42 - [TEST_STEP][PASSED] - Statement - counter = counter + 1: null

2019-01-03 20:36:42 - [TEST_STEP][PASSED] - Statement - PreSaveFile = new java.io.File(((pathPrefix + java.lang.Integer.toString(counter)) + .png)): null

2019-01-03 20:36:42 - [TEST_STEP][PASSED] - Statement - counter = counter + 1: null

2019-01-03 20:36:42 - [TEST_STEP][PASSED] - Statement - PreSaveFile = new java.io.File(((pathPrefix + java.lang.Integer.toString(counter)) + .png)): null

2019-01-03 20:36:42 - [TEST_STEP][PASSED] - Statement - counter = counter + 1: null

2019-01-03 20:36:42 - [TEST_STEP][PASSED] - Statement - PreSaveFile = new java.io.File(((pathPrefix + java.lang.Integer.toString(counter)) + .png)): null

2019-01-03 20:36:42 - [TEST_STEP][PASSED] - Statement - counter = counter + 1: null

2019-01-03 20:36:42 - [TEST_STEP][PASSED] - Statement - PreSaveFile = new java.io.File(((pathPrefix + java.lang.Integer.toString(counter)) + .png)): null

2019-01-03 20:36:42 - [TEST_STEP][PASSED] - Statement - counter = counter + 1: null

2019-01-03 20:36:42 - [TEST_STEP][PASSED] - Statement - PreSaveFile = new java.io.File(((pathPrefix + java.lang.Integer.toString(counter)) + .png)): null

2019-01-03 20:36:42 - [TEST_STEP][PASSED] - Statement - counter = counter + 1: null

2019-01-03 20:36:42 - [TEST_STEP][PASSED] - Statement - PreSaveFile = new java.io.File(((pathPrefix + java.lang.Integer.toString(counter)) + .png)): null

2019-01-03 20:36:42 - [TEST_STEP][PASSED] - Statement - counter = counter + 1: null

2019-01-03 20:36:42 - [TEST_STEP][PASSED] - Statement - PreSaveFile = new java.io.File(((pathPrefix + java.lang.Integer.toString(counter)) + .png)): null

2019-01-03 20:36:42 - [TEST_STEP][PASSED] - Statement - counter = counter + 1: null

2019-01-03 20:36:42 - [TEST_STEP][PASSED] - Statement - PreSaveFile = new java.io.File(((pathPrefix + java.lang.Integer.toString(counter)) + .png)): null

2019-01-03 20:36:42 - [TEST_STEP][PASSED] - Statement - counter = counter + 1: null

2019-01-03 20:36:42 - [TEST_STEP][PASSED] - Statement - PreSaveFile = new java.io.File(((pathPrefix + java.lang.Integer.toString(counter)) + .png)): null

2019-01-03 20:36:42 - [TEST_STEP][PASSED] - Statement - counter = counter + 1: null

2019-01-03 20:36:42 - [TEST_STEP][PASSED] - Statement - PreSaveFile = new java.io.File(((pathPrefix + java.lang.Integer.toString(counter)) + .png)): null

2019-01-03 20:36:42 - [TEST_STEP][PASSED] - Statement - counter = counter + 1: null

2019-01-03 20:36:42 - [TEST_STEP][PASSED] - Statement - PreSaveFile = new java.io.File(((pathPrefix + java.lang.Integer.toString(counter)) + .png)): null

2019-01-03 20:36:42 - [TEST_STEP][PASSED] - Statement - counter = counter + 1: null

2019-01-03 20:36:42 - [TEST_STEP][PASSED] - Statement - PreSaveFile = new java.io.File(((pathPrefix + java.lang.Integer.toString(counter)) + .png)): null

2019-01-03 20:36:42 - [TEST_STEP][PASSED] - Statement - counter = counter + 1: null

2019-01-03 20:36:42 - [TEST_STEP][PASSED] - Statement - PreSaveFile = new java.io.File(((pathPrefix + java.lang.Integer.toString(counter)) + .png)): null

2019-01-03 20:36:42 - [TEST_STEP][PASSED] - Statement - counter = counter + 1: null

2019-01-03 20:36:42 - [TEST_STEP][PASSED] - Statement - PreSaveFile = new java.io.File(((pathPrefix + java.lang.Integer.toString(counter)) + .png)): null

2019-01-03 20:36:42 - [TEST_STEP][PASSED] - Statement - counter = counter + 1: null

2019-01-03 20:36:42 - [TEST_STEP][PASSED] - Statement - PreSaveFile = new java.io.File(((pathPrefix + java.lang.Integer.toString(counter)) + .png)): null

2019-01-03 20:36:42 - [TEST_STEP][PASSED] - Statement - counter = counter + 1: null

2019-01-03 20:36:42 - [TEST_STEP][PASSED] - Statement - PreSaveFile = new java.io.File(((pathPrefix + java.lang.Integer.toString(counter)) + .png)): null

2019-01-03 20:36:42 - [TEST_STEP][PASSED] - Statement - counter = counter + 1: null

2019-01-03 20:36:42 - [TEST_STEP][PASSED] - Statement - PreSaveFile = new java.io.File(((pathPrefix + java.lang.Integer.toString(counter)) + .png)): null

2019-01-03 20:36:42 - [TEST_STEP][PASSED] - Statement - counter = counter + 1: null

2019-01-03 20:36:42 - [TEST_STEP][PASSED] - Statement - PreSaveFile = new java.io.File(((pathPrefix + java.lang.Integer.toString(counter)) + .png)): null

2019-01-03 20:36:42 - [TEST_STEP][PASSED] - Statement - counter = counter + 1: null

2019-01-03 20:36:42 - [TEST_STEP][PASSED] - Statement - PreSaveFile = new java.io.File(((pathPrefix + java.lang.Integer.toString(counter)) + .png)): null

2019-01-03 20:36:42 - [TEST_STEP][PASSED] - Statement - counter = counter + 1: null

2019-01-03 20:36:42 - [TEST_STEP][PASSED] - Statement - PreSaveFile = new java.io.File(((pathPrefix + java.lang.Integer.toString(counter)) + .png)): null

2019-01-03 20:36:42 - [TEST_STEP][PASSED] - Statement - counter = counter + 1: null

2019-01-03 20:36:42 - [TEST_STEP][PASSED] - Statement - PreSaveFile = new java.io.File(((pathPrefix + java.lang.Integer.toString(counter)) + .png)): null

2019-01-03 20:36:42 - [TEST_STEP][PASSED] - Statement - counter = counter + 1: null

2019-01-03 20:36:42 - [TEST_STEP][PASSED] - Statement - PreSaveFile = new java.io.File(((pathPrefix + java.lang.Integer.toString(counter)) + .png)): null

2019-01-03 20:36:42 - [TEST_STEP][PASSED] - Statement - counter = counter + 1: null

2019-01-03 20:36:42 - [TEST_STEP][PASSED] - Statement - PreSaveFile = new java.io.File(((pathPrefix + java.lang.Integer.toString(counter)) + .png)): null

2019-01-03 20:36:42 - [TEST_STEP][PASSED] - Statement - counter = counter + 1: null

2019-01-03 20:36:42 - [TEST_STEP][PASSED] - Statement - PreSaveFile = new java.io.File(((pathPrefix + java.lang.Integer.toString(counter)) + .png)): null

2019-01-03 20:36:42 - [TEST_STEP][PASSED] - Statement - counter = counter + 1: null

2019-01-03 20:36:42 - [TEST_STEP][PASSED] - Statement - PreSaveFile = new java.io.File(((pathPrefix + java.lang.Integer.toString(counter)) + .png)): null

2019-01-03 20:36:42 - [TEST_STEP][PASSED] - Statement - counter = counter + 1: null

2019-01-03 20:36:42 - [TEST_STEP][PASSED] - Statement - PreSaveFile = new java.io.File(((pathPrefix + java.lang.Integer.toString(counter)) + .png)): null

2019-01-03 20:36:42 - [TEST_STEP][PASSED] - Statement - counter = counter + 1: null

2019-01-03 20:36:42 - [TEST_STEP][PASSED] - Statement - PreSaveFile = new java.io.File(((pathPrefix + java.lang.Integer.toString(counter)) + .png)): null

2019-01-03 20:36:42 - [TEST_STEP][PASSED] - Statement - counter = counter + 1: null

2019-01-03 20:36:42 - [TEST_STEP][PASSED] - Statement - PreSaveFile = new java.io.File(((pathPrefix + java.lang.Integer.toString(counter)) + .png)): null

2019-01-03 20:36:42 - [TEST_STEP][PASSED] - Statement - counter = counter + 1: null

2019-01-03 20:36:42 - [TEST_STEP][PASSED] - Statement - PreSaveFile = new java.io.File(((pathPrefix + java.lang.Integer.toString(counter)) + .png)): null

2019-01-03 20:36:42 - [TEST_STEP][PASSED] - Statement - counter = counter + 1: null

2019-01-03 20:36:42 - [TEST_STEP][PASSED] - Statement - PreSaveFile = new java.io.File(((pathPrefix + java.lang.Integer.toString(counter)) + .png)): null

2019-01-03 20:36:42 - [TEST_STEP][PASSED] - Statement - counter = counter + 1: null

2019-01-03 20:36:42 - [TEST_STEP][PASSED] - Statement - PreSaveFile = new java.io.File(((pathPrefix + java.lang.Integer.toString(counter)) + .png)): null

2019-01-03 20:36:42 - [TEST_STEP][PASSED] - Statement - counter = counter + 1: null

2019-01-03 20:36:42 - [TEST_STEP][PASSED] - Statement - PreSaveFile = new java.io.File(((pathPrefix + java.lang.Integer.toString(counter)) + .png)): null

2019-01-03 20:36:42 - [TEST_STEP][PASSED] - Statement - counter = counter + 1: null

2019-01-03 20:36:42 - [TEST_STEP][PASSED] - Statement - PreSaveFile = new java.io.File(((pathPrefix + java.lang.Integer.toString(counter)) + .png)): null

2019-01-03 20:36:42 - [TEST_STEP][PASSED] - Statement - counter = counter + 1: null

2019-01-03 20:36:42 - [TEST_STEP][PASSED] - Statement - PreSaveFile = new java.io.File(((pathPrefix + java.lang.Integer.toString(counter)) + .png)): null

2019-01-03 20:36:42 - [TEST_STEP][PASSED] - Statement - counter = counter + 1: null

2019-01-03 20:36:42 - [TEST_STEP][PASSED] - Statement - PreSaveFile = new java.io.File(((pathPrefix + java.lang.Integer.toString(counter)) + .png)): null

2019-01-03 20:36:42 - [TEST_STEP][PASSED] - Statement - counter = counter + 1: null

2019-01-03 20:36:42 - [TEST_STEP][PASSED] - Statement - PreSaveFile = new java.io.File(((pathPrefix + java.lang.Integer.toString(counter)) + .png)): null

2019-01-03 20:36:42 - [TEST_STEP][PASSED] - Statement - counter = counter + 1: null

2019-01-03 20:36:42 - [TEST_STEP][PASSED] - Statement - PreSaveFile = new java.io.File(((pathPrefix + java.lang.Integer.toString(counter)) + .png)): null

2019-01-03 20:36:42 - [TEST_STEP][PASSED] - Statement - counter = counter + 1: null

2019-01-03 20:36:42 - [TEST_STEP][PASSED] - Statement - PreSaveFile = new java.io.File(((pathPrefix + java.lang.Integer.toString(counter)) + .png)): null

2019-01-03 20:36:42 - [TEST_STEP][PASSED] - Statement - counter = counter + 1: null

2019-01-03 20:36:42 - [TEST_STEP][PASSED] - Statement - PreSaveFile = new java.io.File(((pathPrefix + java.lang.Integer.toString(counter)) + .png)): null

2019-01-03 20:36:42 - [TEST_STEP][PASSED] - Statement - counter = counter + 1: null

2019-01-03 20:36:42 - [TEST_STEP][PASSED] - Statement - PreSaveFile = new java.io.File(((pathPrefix + java.lang.Integer.toString(counter)) + .png)): null

2019-01-03 20:36:42 - [TEST_STEP][PASSED] - Statement - counter = counter + 1: null

2019-01-03 20:36:42 - [TEST_STEP][PASSED] - Statement - PreSaveFile = new java.io.File(((pathPrefix + java.lang.Integer.toString(counter)) + .png)): null

2019-01-03 20:36:42 - [TEST_STEP][PASSED] - Statement - counter = counter + 1: null

2019-01-03 20:36:42 - [TEST_STEP][PASSED] - Statement - PreSaveFile = new java.io.File(((pathPrefix + java.lang.Integer.toString(counter)) + .png)): null

2019-01-03 20:36:42 - [TEST_STEP][PASSED] - Statement - counter = counter + 1: null

2019-01-03 20:36:42 - [TEST_STEP][PASSED] - Statement - PreSaveFile = new java.io.File(((pathPrefix + java.lang.Integer.toString(counter)) + .png)): null

2019-01-03 20:36:42 - [TEST_STEP][PASSED] - Statement - counter = counter + 1: null

2019-01-03 20:36:42 - [TEST_STEP][PASSED] - Statement - PreSaveFile = new java.io.File(((pathPrefix + java.lang.Integer.toString(counter)) + .png)): null

2019-01-03 20:36:42 - [TEST_STEP][PASSED] - Statement - counter = counter + 1: null

2019-01-03 20:36:42 - [TEST_STEP][PASSED] - Statement - PreSaveFile = new java.io.File(((pathPrefix + java.lang.Integer.toString(counter)) + .png)): null

2019-01-03 20:36:42 - [TEST_STEP][PASSED] - Statement - counter = counter + 1: null

2019-01-03 20:36:42 - [TEST_STEP][PASSED] - Statement - PreSaveFile = new java.io.File(((pathPrefix + java.lang.Integer.toString(counter)) + .png)): null

2019-01-03 20:36:42 - [TEST_STEP][PASSED] - Statement - counter = counter + 1: null

2019-01-03 20:36:42 - [TEST_STEP][PASSED] - Statement - PreSaveFile = new java.io.File(((pathPrefix + java.lang.Integer.toString(counter)) + .png)): null

2019-01-03 20:36:42 - [TEST_STEP][PASSED] - Statement - counter = counter + 1: null

2019-01-03 20:36:42 - [TEST_STEP][PASSED] - Statement - PreSaveFile = new java.io.File(((pathPrefix + java.lang.Integer.toString(counter)) + .png)): null

2019-01-03 20:36:42 - [TEST_STEP][PASSED] - Statement - counter = counter + 1: null

2019-01-03 20:36:42 - [TEST_STEP][PASSED] - Statement - PreSaveFile = new java.io.File(((pathPrefix + java.lang.Integer.toString(counter)) + .png)): null

2019-01-03 20:36:42 - [TEST_STEP][PASSED] - Statement - counter = counter + 1: null

2019-01-03 20:36:42 - [TEST_STEP][PASSED] - Statement - PreSaveFile = new java.io.File(((pathPrefix + java.lang.Integer.toString(counter)) + .png)): null

2019-01-03 20:36:42 - [TEST_STEP][PASSED] - Statement - counter = counter + 1: null

2019-01-03 20:36:42 - [TEST_STEP][PASSED] - Statement - PreSaveFile = new java.io.File(((pathPrefix + java.lang.Integer.toString(counter)) + .png)): null

2019-01-03 20:36:42 - [TEST_STEP][PASSED] - Statement - counter = counter + 1: null

2019-01-03 20:36:42 - [TEST_STEP][PASSED] - Statement - PreSaveFile = new java.io.File(((pathPrefix + java.lang.Integer.toString(counter)) + .png)): null

2019-01-03 20:36:42 - [TEST_STEP][PASSED] - Statement - counter = counter + 1: null

2019-01-03 20:36:42 - [TEST_STEP][PASSED] - Statement - PreSaveFile = new java.io.File(((pathPrefix + java.lang.Integer.toString(counter)) + .png)): null

2019-01-03 20:36:42 - [TEST_STEP][PASSED] - Statement - counter = counter + 1: null

2019-01-03 20:36:42 - [TEST_STEP][PASSED] - Statement - PreSaveFile = new java.io.File(((pathPrefix + java.lang.Integer.toString(counter)) + .png)): null

2019-01-03 20:36:42 - [TEST_STEP][PASSED] - Statement - counter = counter + 1: null

2019-01-03 20:36:42 - [TEST_STEP][PASSED] - Statement - PreSaveFile = new java.io.File(((pathPrefix + java.lang.Integer.toString(counter)) + .png)): null

2019-01-03 20:36:42 - [TEST_STEP][PASSED] - Statement - counter = counter + 1: null

2019-01-03 20:36:42 - [TEST_STEP][PASSED] - Statement - PreSaveFile = new java.io.File(((pathPrefix + java.lang.Integer.toString(counter)) + .png)): null

2019-01-03 20:36:42 - [TEST_STEP][PASSED] - Statement - counter = counter + 1: null

2019-01-03 20:36:42 - [TEST_STEP][PASSED] - Statement - PreSaveFile = new java.io.File(((pathPrefix + java.lang.Integer.toString(counter)) + .png)): null

2019-01-03 20:36:42 - [TEST_STEP][PASSED] - Statement - counter = counter + 1: null

2019-01-03 20:36:42 - [TEST_STEP][PASSED] - Statement - PreSaveFile = new java.io.File(((pathPrefix + java.lang.Integer.toString(counter)) + .png)): null

2019-01-03 20:36:42 - [TEST_STEP][PASSED] - Statement - counter = counter + 1: null

2019-01-03 20:36:42 - [TEST_STEP][PASSED] - Statement - PreSaveFile = new java.io.File(((pathPrefix + java.lang.Integer.toString(counter)) + .png)): null

2019-01-03 20:36:42 - [TEST_STEP][PASSED] - Statement - counter = counter + 1: null

2019-01-03 20:36:42 - [TEST_STEP][PASSED] - Statement - PreSaveFile = new java.io.File(((pathPrefix + java.lang.Integer.toString(counter)) + .png)): null

2019-01-03 20:36:42 - [TEST_STEP][PASSED] - Statement - counter = counter + 1: null

2019-01-03 20:36:42 - [TEST_STEP][PASSED] - Statement - PreSaveFile = new java.io.File(((pathPrefix + java.lang.Integer.toString(counter)) + .png)): null

2019-01-03 20:36:42 - [TEST_STEP][PASSED] - Statement - counter = counter + 1: null

2019-01-03 20:36:42 - [TEST_STEP][PASSED] - Statement - PreSaveFile = new java.io.File(((pathPrefix + java.lang.Integer.toString(counter)) + .png)): null

2019-01-03 20:36:42 - [TEST_STEP][PASSED] - Statement - counter = counter + 1: null

2019-01-03 20:36:42 - [TEST_STEP][PASSED] - Statement - PreSaveFile = new java.io.File(((pathPrefix + java.lang.Integer.toString(counter)) + .png)): null

2019-01-03 20:36:42 - [TEST_STEP][PASSED] - Statement - counter = counter + 1: null

2019-01-03 20:36:42 - [TEST_STEP][PASSED] - Statement - PreSaveFile = new java.io.File(((pathPrefix + java.lang.Integer.toString(counter)) + .png)): null

2019-01-03 20:36:42 - [TEST_STEP][PASSED] - Statement - counter = counter + 1: null

2019-01-03 20:36:42 - [TEST_STEP][PASSED] - Statement - PreSaveFile = new java.io.File(((pathPrefix + java.lang.Integer.toString(counter)) + .png)): null

2019-01-03 20:36:42 - [TEST_STEP][PASSED] - Statement - counter = counter + 1: null

2019-01-03 20:36:42 - [TEST_STEP][PASSED] - Statement - PreSaveFile = new java.io.File(((pathPrefix + java.lang.Integer.toString(counter)) + .png)): null

2019-01-03 20:36:42 - [TEST_STEP][PASSED] - Statement - counter = counter + 1: null

2019-01-03 20:36:42 - [TEST_STEP][PASSED] - Statement - PreSaveFile = new java.io.File(((pathPrefix + java.lang.Integer.toString(counter)) + .png)): null

2019-01-03 20:36:42 - [TEST_STEP][PASSED] - Statement - counter = counter + 1: null

2019-01-03 20:36:42 - [TEST_STEP][PASSED] - Statement - PreSaveFile = new java.io.File(((pathPrefix + java.lang.Integer.toString(counter)) + .png)): null

2019-01-03 20:36:42 - [TEST_STEP][PASSED] - Statement - counter = counter + 1: null

2019-01-03 20:36:42 - [TEST_STEP][PASSED] - Statement - PreSaveFile = new java.io.File(((pathPrefix + java.lang.Integer.toString(counter)) + .png)): null

2019-01-03 20:36:42 - [TEST_STEP][PASSED] - Statement - counter = counter + 1: null

2019-01-03 20:36:42 - [TEST_STEP][PASSED] - Statement - PreSaveFile = new java.io.File(((pathPrefix + java.lang.Integer.toString(counter)) + .png)): null

2019-01-03 20:36:42 - [TEST_STEP][PASSED] - Statement - counter = counter + 1: null

2019-01-03 20:36:42 - [TEST_STEP][PASSED] - Statement - PreSaveFile = new java.io.File(((pathPrefix + java.lang.Integer.toString(counter)) + .png)): null

2019-01-03 20:36:42 - [TEST_STEP][PASSED] - Statement - counter = counter + 1: null

2019-01-03 20:36:42 - [TEST_STEP][PASSED] - Statement - PreSaveFile = new java.io.File(((pathPrefix + java.lang.Integer.toString(counter)) + .png)): null

2019-01-03 20:36:42 - [TEST_STEP][PASSED] - Statement - counter = counter + 1: null

2019-01-03 20:36:42 - [TEST_STEP][PASSED] - Statement - PreSaveFile = new java.io.File(((pathPrefix + java.lang.Integer.toString(counter)) + .png)): null

2019-01-03 20:36:42 - [TEST_STEP][PASSED] - Statement - counter = counter + 1: null

2019-01-03 20:36:42 - [TEST_STEP][PASSED] - Statement - PreSaveFile = new java.io.File(((pathPrefix + java.lang.Integer.toString(counter)) + .png)): null

2019-01-03 20:36:42 - [TEST_STEP][PASSED] - Statement - counter = counter + 1: null

2019-01-03 20:36:42 - [TEST_STEP][PASSED] - Statement - PreSaveFile = new java.io.File(((pathPrefix + java.lang.Integer.toString(counter)) + .png)): null

2019-01-03 20:36:42 - [TEST_STEP][PASSED] - Statement - counter = counter + 1: null

2019-01-03 20:36:42 - [TEST_STEP][PASSED] - Statement - PreSaveFile = new java.io.File(((pathPrefix + java.lang.Integer.toString(counter)) + .png)): null

2019-01-03 20:36:42 - [TEST_STEP][PASSED] - Statement - counter = counter + 1: null

2019-01-03 20:36:42 - [TEST_STEP][PASSED] - Statement - PreSaveFile = new java.io.File(((pathPrefix + java.lang.Integer.toString(counter)) + .png)): null

2019-01-03 20:36:42 - [TEST_STEP][PASSED] - Statement - counter = counter + 1: null

2019-01-03 20:36:42 - [TEST_STEP][PASSED] - Statement - PreSaveFile = new java.io.File(((pathPrefix + java.lang.Integer.toString(counter)) + .png)): null

2019-01-03 20:36:42 - [TEST_STEP][PASSED] - Statement - counter = counter + 1: null

2019-01-03 20:36:42 - [TEST_STEP][PASSED] - Statement - PreSaveFile = new java.io.File(((pathPrefix + java.lang.Integer.toString(counter)) + .png)): null

2019-01-03 20:36:42 - [TEST_STEP][PASSED] - Statement - counter = counter + 1: null

2019-01-03 20:36:42 - [TEST_STEP][PASSED] - Statement - PreSaveFile = new java.io.File(((pathPrefix + java.lang.Integer.toString(counter)) + .png)): null

2019-01-03 20:36:42 - [TEST_STEP][PASSED] - Statement - counter = counter + 1: null

2019-01-03 20:36:42 - [TEST_STEP][PASSED] - Statement - PreSaveFile = new java.io.File(((pathPrefix + java.lang.Integer.toString(counter)) + .png)): null

2019-01-03 20:36:42 - [TEST_STEP][PASSED] - Statement - counter = counter + 1: null

2019-01-03 20:36:42 - [TEST_STEP][PASSED] - Statement - PreSaveFile = new java.io.File(((pathPrefix + java.lang.Integer.toString(counter)) + .png)): null

2019-01-03 20:36:42 - [TEST_STEP][PASSED] - Statement - counter = counter + 1: null

2019-01-03 20:36:42 - [TEST_STEP][PASSED] - Statement - PreSaveFile = new java.io.File(((pathPrefix + java.lang.Integer.toString(counter)) + .png)): null

2019-01-03 20:36:42 - [TEST_STEP][PASSED] - Statement - counter = counter + 1: null

2019-01-03 20:36:42 - [TEST_STEP][PASSED] - Statement - PreSaveFile = new java.io.File(((pathPrefix + java.lang.Integer.toString(counter)) + .png)): null

2019-01-03 20:36:42 - [TEST_STEP][PASSED] - Statement - counter = counter + 1: null

2019-01-03 20:36:42 - [TEST_STEP][PASSED] - Statement - PreSaveFile = new java.io.File(((pathPrefix + java.lang.Integer.toString(counter)) + .png)): null

2019-01-03 20:36:42 - [TEST_STEP][PASSED] - Statement - counter = counter + 1: null

2019-01-03 20:36:42 - [TEST_STEP][PASSED] - Statement - PreSaveFile = new java.io.File(((pathPrefix + java.lang.Integer.toString(counter)) + .png)): null

2019-01-03 20:36:42 - [TEST_STEP][PASSED] - Statement - counter = counter + 1: null

2019-01-03 20:36:42 - [TEST_STEP][PASSED] - Statement - PreSaveFile = new java.io.File(((pathPrefix + java.lang.Integer.toString(counter)) + .png)): null

2019-01-03 20:36:42 - [TEST_STEP][PASSED] - Statement - counter = counter + 1: null

2019-01-03 20:36:42 - [TEST_STEP][PASSED] - Statement - PreSaveFile = new java.io.File(((pathPrefix + java.lang.Integer.toString(counter)) + .png)): null

2019-01-03 20:36:42 - [TEST_STEP][PASSED] - Statement - counter = counter + 1: null

2019-01-03 20:36:42 - [TEST_STEP][PASSED] - Statement - PreSaveFile = new java.io.File(((pathPrefix + java.lang.Integer.toString(counter)) + .png)): null

2019-01-03 20:36:42 - [TEST_STEP][PASSED] - Statement - counter = counter + 1: null

2019-01-03 20:36:42 - [TEST_STEP][PASSED] - Statement - PreSaveFile = new java.io.File(((pathPrefix + java.lang.Integer.toString(counter)) + .png)): null

2019-01-03 20:36:42 - [TEST_STEP][PASSED] - Statement - counter = counter + 1: null

2019-01-03 20:36:42 - [TEST_STEP][PASSED] - Statement - PreSaveFile = new java.io.File(((pathPrefix + java.lang.Integer.toString(counter)) + .png)): null

2019-01-03 20:36:42 - [TEST_STEP][PASSED] - Statement - counter = counter + 1: null

2019-01-03 20:36:42 - [TEST_STEP][PASSED] - Statement - PreSaveFile = new java.io.File(((pathPrefix + java.lang.Integer.toString(counter)) + .png)): null

2019-01-03 20:36:42 - [TEST_STEP][PASSED] - Statement - counter = counter + 1: null

2019-01-03 20:36:42 - [TEST_STEP][PASSED] - Statement - PreSaveFile = new java.io.File(((pathPrefix + java.lang.Integer.toString(counter)) + .png)): null

2019-01-03 20:36:42 - [TEST_STEP][PASSED] - Statement - counter = counter + 1: null

2019-01-03 20:36:42 - [TEST_STEP][PASSED] - Statement - PreSaveFile = new java.io.File(((pathPrefix + java.lang.Integer.toString(counter)) + .png)): null

2019-01-03 20:36:42 - [TEST_STEP][PASSED] - Statement - counter = counter + 1: null

2019-01-03 20:36:42 - [TEST_STEP][PASSED] - Statement - PreSaveFile = new java.io.File(((pathPrefix + java.lang.Integer.toString(counter)) + .png)): null

2019-01-03 20:36:42 - [TEST_STEP][PASSED] - Statement - counter = counter + 1: null

2019-01-03 20:36:42 - [TEST_STEP][PASSED] - Statement - PreSaveFile = new java.io.File(((pathPrefix + java.lang.Integer.toString(counter)) + .png)): null

2019-01-03 20:36:42 - [TEST_STEP][PASSED] - Statement - counter = counter + 1: null

2019-01-03 20:36:42 - [TEST_STEP][PASSED] - Statement - PreSaveFile = new java.io.File(((pathPrefix + java.lang.Integer.toString(counter)) + .png)): null

2019-01-03 20:36:42 - [TEST_STEP][PASSED] - Statement - counter = counter + 1: null

2019-01-03 20:36:42 - [TEST_STEP][PASSED] - Statement - PreSaveFile = new java.io.File(((pathPrefix + java.lang.Integer.toString(counter)) + .png)): null

2019-01-03 20:36:42 - [TEST_STEP][PASSED] - Statement - counter = counter + 1: null

2019-01-03 20:36:42 - [TEST_STEP][PASSED] - Statement - PreSaveFile = new java.io.File(((pathPrefix + java.lang.Integer.toString(counter)) + .png)): null

2019-01-03 20:36:42 - [TEST_STEP][PASSED] - Statement - counter = counter + 1: null

2019-01-03 20:36:42 - [TEST_STEP][PASSED] - Statement - PreSaveFile = new java.io.File(((pathPrefix + java.lang.Integer.toString(counter)) + .png)): null

2019-01-03 20:36:42 - [TEST_STEP][PASSED] - Statement - counter = counter + 1: null

2019-01-03 20:36:42 - [TEST_STEP][PASSED] - Statement - PreSaveFile = new java.io.File(((pathPrefix + java.lang.Integer.toString(counter)) + .png)): null

2019-01-03 20:36:42 - [TEST_STEP][PASSED] - Statement - counter = counter + 1: null

2019-01-03 20:36:42 - [TEST_STEP][PASSED] - Statement - PreSaveFile = new java.io.File(((pathPrefix + java.lang.Integer.toString(counter)) + .png)): null

2019-01-03 20:36:42 - [TEST_STEP][PASSED] - Statement - counter = counter + 1: null

2019-01-03 20:36:42 - [TEST_STEP][PASSED] - Statement - PreSaveFile = new java.io.File(((pathPrefix + java.lang.Integer.toString(counter)) + .png)): null

2019-01-03 20:36:42 - [TEST_STEP][PASSED] - Statement - counter = counter + 1: null

2019-01-03 20:36:42 - [TEST_STEP][PASSED] - Statement - PreSaveFile = new java.io.File(((pathPrefix + java.lang.Integer.toString(counter)) + .png)): null

2019-01-03 20:36:42 - [TEST_STEP][PASSED] - Statement - counter = counter + 1: null

2019-01-03 20:36:42 - [TEST_STEP][PASSED] - Statement - PreSaveFile = new java.io.File(((pathPrefix + java.lang.Integer.toString(counter)) + .png)): null

2019-01-03 20:36:42 - [TEST_STEP][PASSED] - Statement - counter = counter + 1: null

2019-01-03 20:36:42 - [TEST_STEP][PASSED] - Statement - PreSaveFile = new java.io.File(((pathPrefix + java.lang.Integer.toString(counter)) + .png)): null

2019-01-03 20:36:42 - [TEST_STEP][PASSED] - Statement - counter = counter + 1: null

2019-01-03 20:36:42 - [TEST_STEP][PASSED] - Statement - PreSaveFile = new java.io.File(((pathPrefix + java.lang.Integer.toString(counter)) + .png)): null

2019-01-03 20:36:42 - [TEST_STEP][PASSED] - Statement - counter = counter + 1: null

2019-01-03 20:36:42 - [TEST_STEP][PASSED] - Statement - PreSaveFile = new java.io.File(((pathPrefix + java.lang.Integer.toString(counter)) + .png)): null

2019-01-03 20:36:42 - [TEST_STEP][PASSED] - Statement - counter = counter + 1: null

2019-01-03 20:36:42 - [TEST_STEP][PASSED] - Statement - PreSaveFile = new java.io.File(((pathPrefix + java.lang.Integer.toString(counter)) + .png)): null

2019-01-03 20:36:42 - [TEST_STEP][PASSED] - Statement - counter = counter + 1: null

2019-01-03 20:36:42 - [TEST_STEP][PASSED] - Statement - PreSaveFile = new java.io.File(((pathPrefix + java.lang.Integer.toString(counter)) + .png)): null

2019-01-03 20:36:42 - [TEST_STEP][PASSED] - Statement - counter = counter + 1: null

2019-01-03 20:36:42 - [TEST_STEP][PASSED] - Statement - PreSaveFile = new java.io.File(((pathPrefix + java.lang.Integer.toString(counter)) + .png)): null

2019-01-03 20:36:42 - [TEST_STEP][PASSED] - Statement - counter = counter + 1: null

2019-01-03 20:36:42 - [TEST_STEP][PASSED] - Statement - PreSaveFile = new java.io.File(((pathPrefix + java.lang.Integer.toString(counter)) + .png)): null

2019-01-03 20:36:42 - [TEST_STEP][PASSED] - Statement - counter = counter + 1: null

2019-01-03 20:36:42 - [TEST_STEP][PASSED] - Statement - PreSaveFile = new java.io.File(((pathPrefix + java.lang.Integer.toString(counter)) + .png)): null

2019-01-03 20:36:42 - [TEST_STEP][PASSED] - Statement - counter = counter + 1: null

2019-01-03 20:36:42 - [TEST_STEP][PASSED] - Statement - PreSaveFile = new java.io.File(((pathPrefix + java.lang.Integer.toString(counter)) + .png)): null

2019-01-03 20:36:42 - [TEST_STEP][PASSED] - Statement - counter = counter + 1: null

2019-01-03 20:36:42 - [TEST_STEP][PASSED] - Statement - PreSaveFile = new java.io.File(((pathPrefix + java.lang.Integer.toString(counter)) + .png)): null

2019-01-03 20:36:42 - [TEST_STEP][PASSED] - Statement - counter = counter + 1: null

2019-01-03 20:36:42 - [TEST_STEP][PASSED] - Statement - PreSaveFile = new java.io.File(((pathPrefix + java.lang.Integer.toString(counter)) + .png)): null

2019-01-03 20:36:42 - [TEST_STEP][PASSED] - Statement - counter = counter + 1: null

2019-01-03 20:36:42 - [TEST_STEP][PASSED] - Statement - PreSaveFile = new java.io.File(((pathPrefix + java.lang.Integer.toString(counter)) + .png)): null

2019-01-03 20:36:42 - [TEST_STEP][PASSED] - Statement - counter = counter + 1: null

2019-01-03 20:36:42 - [TEST_STEP][PASSED] - Statement - PreSaveFile = new java.io.File(((pathPrefix + java.lang.Integer.toString(counter)) + .png)): null

2019-01-03 20:36:42 - [TEST_STEP][PASSED] - Statement - counter = counter + 1: null

2019-01-03 20:36:42 - [TEST_STEP][PASSED] - Statement - PreSaveFile = new java.io.File(((pathPrefix + java.lang.Integer.toString(counter)) + .png)): null

2019-01-03 20:36:42 - [TEST_STEP][PASSED] - Statement - counter = counter + 1: null

2019-01-03 20:36:42 - [TEST_STEP][PASSED] - Statement - PreSaveFile = new java.io.File(((pathPrefix + java.lang.Integer.toString(counter)) + .png)): null

2019-01-03 20:36:42 - [TEST_STEP][PASSED] - Statement - counter = counter + 1: null

2019-01-03 20:36:42 - [TEST_STEP][PASSED] - Statement - PreSaveFile = new java.io.File(((pathPrefix + java.lang.Integer.toString(counter)) + .png)): null

2019-01-03 20:36:42 - [TEST_STEP][PASSED] - Statement - counter = counter + 1: null

2019-01-03 20:36:42 - [TEST_STEP][PASSED] - Statement - PreSaveFile = new java.io.File(((pathPrefix + java.lang.Integer.toString(counter)) + .png)): null

2019-01-03 20:36:42 - [TEST_STEP][PASSED] - Statement - counter = counter + 1: null

2019-01-03 20:36:42 - [TEST_STEP][PASSED] - Statement - PreSaveFile = new java.io.File(((pathPrefix + java.lang.Integer.toString(counter)) + .png)): null

2019-01-03 20:36:42 - [TEST_STEP][PASSED] - Statement - counter = counter + 1: null

2019-01-03 20:36:42 - [TEST_STEP][PASSED] - Statement - PreSaveFile = new java.io.File(((pathPrefix + java.lang.Integer.toString(counter)) + .png)): null

2019-01-03 20:36:42 - [TEST_STEP][PASSED] - Statement - counter = counter + 1: null

2019-01-03 20:36:42 - [TEST_STEP][PASSED] - Statement - PreSaveFile = new java.io.File(((pathPrefix + java.lang.Integer.toString(counter)) + .png)): null

2019-01-03 20:36:42 - [TEST_STEP][PASSED] - Statement - counter = counter + 1: null

2019-01-03 20:36:42 - [TEST_STEP][PASSED] - Statement - PreSaveFile = new java.io.File(((pathPrefix + java.lang.Integer.toString(counter)) + .png)): null

2019-01-03 20:36:42 - [TEST_STEP][PASSED] - Statement - counter = counter + 1: null

2019-01-03 20:36:42 - [TEST_STEP][PASSED] - Statement - PreSaveFile = new java.io.File(((pathPrefix + java.lang.Integer.toString(counter)) + .png)): null

2019-01-03 20:36:42 - [TEST_STEP][PASSED] - Statement - counter = counter + 1: null

2019-01-03 20:36:42 - [TEST_STEP][PASSED] - Statement - PreSaveFile = new java.io.File(((pathPrefix + java.lang.Integer.toString(counter)) + .png)): null

2019-01-03 20:36:42 - [TEST_STEP][PASSED] - Statement - counter = counter + 1: null

2019-01-03 20:36:42 - [TEST_STEP][PASSED] - Statement - PreSaveFile = new java.io.File(((pathPrefix + java.lang.Integer.toString(counter)) + .png)): null

2019-01-03 20:36:42 - [TEST_STEP][PASSED] - Statement - counter = counter + 1: null

2019-01-03 20:36:42 - [TEST_STEP][PASSED] - Statement - PreSaveFile = new java.io.File(((pathPrefix + java.lang.Integer.toString(counter)) + .png)): null

2019-01-03 20:36:42 - [TEST_STEP][PASSED] - Statement - counter = counter + 1: null

2019-01-03 20:36:42 - [TEST_STEP][PASSED] - Statement - PreSaveFile = new java.io.File(((pathPrefix + java.lang.Integer.toString(counter)) + .png)): null

2019-01-03 20:36:42 - [TEST_STEP][PASSED] - Statement - counter = counter + 1: null

2019-01-03 20:36:42 - [TEST_STEP][PASSED] - Statement - PreSaveFile = new java.io.File(((pathPrefix + java.lang.Integer.toString(counter)) + .png)): null

2019-01-03 20:36:42 - [TEST_STEP][PASSED] - Statement - counter = counter + 1: null

2019-01-03 20:36:42 - [TEST_STEP][PASSED] - Statement - PreSaveFile = new java.io.File(((pathPrefix + java.lang.Integer.toString(counter)) + .png)): null

2019-01-03 20:36:42 - [TEST_STEP][PASSED] - Statement - counter = counter + 1: null

2019-01-03 20:36:42 - [TEST_STEP][PASSED] - Statement - PreSaveFile = new java.io.File(((pathPrefix + java.lang.Integer.toString(counter)) + .png)): null

2019-01-03 20:36:42 - [TEST_STEP][PASSED] - Statement - counter = counter + 1: null

2019-01-03 20:36:42 - [TEST_STEP][PASSED] - Statement - PreSaveFile = new java.io.File(((pathPrefix + java.lang.Integer.toString(counter)) + .png)): null

2019-01-03 20:36:42 - [TEST_STEP][PASSED] - Statement - counter = counter + 1: null

2019-01-03 20:36:42 - [TEST_STEP][PASSED] - Statement - PreSaveFile = new java.io.File(((pathPrefix + java.lang.Integer.toString(counter)) + .png)): null

2019-01-03 20:36:42 - [TEST_STEP][PASSED] - Statement - counter = counter + 1: null

2019-01-03 20:36:42 - [TEST_STEP][PASSED] - Statement - PreSaveFile = new java.io.File(((pathPrefix + java.lang.Integer.toString(counter)) + .png)): null

2019-01-03 20:36:42 - [TEST_STEP][PASSED] - Statement - counter = counter + 1: null

2019-01-03 20:36:42 - [TEST_STEP][PASSED] - Statement - PreSaveFile = new java.io.File(((pathPrefix + java.lang.Integer.toString(counter)) + .png)): null

2019-01-03 20:36:42 - [TEST_STEP][PASSED] - Statement - counter = counter + 1: null

2019-01-03 20:36:42 - [TEST_STEP][PASSED] - Statement - PreSaveFile = new java.io.File(((pathPrefix + java.lang.Integer.toString(counter)) + .png)): null

2019-01-03 20:36:42 - [TEST_STEP][PASSED] - Statement - counter = counter + 1: null

2019-01-03 20:36:42 - [TEST_STEP][PASSED] - Statement - PreSaveFile = new java.io.File(((pathPrefix + java.lang.Integer.toString(counter)) + .png)): null

2019-01-03 20:36:42 - [TEST_STEP][PASSED] - Statement - counter = counter + 1: null

2019-01-03 20:36:42 - [TEST_STEP][PASSED] - Statement - PreSaveFile = new java.io.File(((pathPrefix + java.lang.Integer.toString(counter)) + .png)): null

2019-01-03 20:36:42 - [TEST_STEP][PASSED] - Statement - counter = counter + 1: null

2019-01-03 20:36:42 - [TEST_STEP][PASSED] - Statement - PreSaveFile = new java.io.File(((pathPrefix + java.lang.Integer.toString(counter)) + .png)): null

2019-01-03 20:36:42 - [TEST_STEP][PASSED] - Statement - counter = counter + 1: null

2019-01-03 20:36:42 - [TEST_STEP][PASSED] - Statement - PreSaveFile = new java.io.File(((pathPrefix + java.lang.Integer.toString(counter)) + .png)): null

2019-01-03 20:36:42 - [TEST_STEP][PASSED] - Statement - counter = counter + 1: null

2019-01-03 20:36:42 - [TEST_STEP][PASSED] - Statement - PreSaveFile = new java.io.File(((pathPrefix + java.lang.Integer.toString(counter)) + .png)): null

2019-01-03 20:36:42 - [TEST_STEP][PASSED] - Statement - counter = counter + 1: null

2019-01-03 20:36:42 - [TEST_STEP][PASSED] - Statement - PreSaveFile = new java.io.File(((pathPrefix + java.lang.Integer.toString(counter)) + .png)): null

2019-01-03 20:36:42 - [TEST_STEP][PASSED] - Statement - counter = counter + 1: null

2019-01-03 20:36:42 - [TEST_STEP][PASSED] - Statement - PreSaveFile = new java.io.File(((pathPrefix + java.lang.Integer.toString(counter)) + .png)): null

2019-01-03 20:36:42 - [TEST_STEP][PASSED] - Statement - counter = counter + 1: null

2019-01-03 20:36:42 - [TEST_STEP][PASSED] - Statement - PreSaveFile = new java.io.File(((pathPrefix + java.lang.Integer.toString(counter)) + .png)): null

2019-01-03 20:36:42 - [TEST_STEP][PASSED] - Statement - counter = counter + 1: null

2019-01-03 20:36:42 - [TEST_STEP][PASSED] - Statement - PreSaveFile = new java.io.File(((pathPrefix + java.lang.Integer.toString(counter)) + .png)): null

2019-01-03 20:36:42 - [TEST_STEP][PASSED] - Statement - counter = counter + 1: null

2019-01-03 20:36:42 - [TEST_STEP][PASSED] - Statement - PreSaveFile = new java.io.File(((pathPrefix + java.lang.Integer.toString(counter)) + .png)): null

2019-01-03 20:36:42 - [TEST_STEP][PASSED] - Statement - counter = counter + 1: null

2019-01-03 20:36:42 - [TEST_STEP][PASSED] - Statement - PreSaveFile = new java.io.File(((pathPrefix + java.lang.Integer.toString(counter)) + .png)): null

2019-01-03 20:36:42 - [TEST_STEP][PASSED] - Statement - counter = counter + 1: null

2019-01-03 20:36:42 - [TEST_STEP][PASSED] - Statement - PreSaveFile = new java.io.File(((pathPrefix + java.lang.Integer.toString(counter)) + .png)): null

2019-01-03 20:36:42 - [TEST_STEP][PASSED] - Statement - counter = counter + 1: null

2019-01-03 20:36:42 - [TEST_STEP][PASSED] - Statement - PreSaveFile = new java.io.File(((pathPrefix + java.lang.Integer.toString(counter)) + .png)): null

2019-01-03 20:36:42 - [TEST_STEP][PASSED] - Statement - counter = counter + 1: null

2019-01-03 20:36:42 - [TEST_STEP][PASSED] - Statement - PreSaveFile = new java.io.File(((pathPrefix + java.lang.Integer.toString(counter)) + .png)): null

2019-01-03 20:36:42 - [TEST_STEP][PASSED] - Statement - counter = counter + 1: null

2019-01-03 20:36:42 - [TEST_STEP][PASSED] - Statement - PreSaveFile = new java.io.File(((pathPrefix + java.lang.Integer.toString(counter)) + .png)): null

2019-01-03 20:36:42 - [TEST_STEP][PASSED] - Statement - counter = counter + 1: null

2019-01-03 20:36:42 - [TEST_STEP][PASSED] - Statement - PreSaveFile = new java.io.File(((pathPrefix + java.lang.Integer.toString(counter)) + .png)): null

2019-01-03 20:36:42 - [TEST_STEP][PASSED] - Statement - counter = counter + 1: null

2019-01-03 20:36:42 - [TEST_STEP][PASSED] - Statement - PreSaveFile = new java.io.File(((pathPrefix + java.lang.Integer.toString(counter)) + .png)): null

2019-01-03 20:36:42 - [TEST_STEP][PASSED] - Statement - counter = counter + 1: null

2019-01-03 20:36:42 - [TEST_STEP][PASSED] - Statement - PreSaveFile = new java.io.File(((pathPrefix + java.lang.Integer.toString(counter)) + .png)): null

2019-01-03 20:36:42 - [TEST_STEP][PASSED] - Statement - counter = counter + 1: null

2019-01-03 20:36:42 - [TEST_STEP][PASSED] - Statement - PreSaveFile = new java.io.File(((pathPrefix + java.lang.Integer.toString(counter)) + .png)): null

2019-01-03 20:36:42 - [TEST_STEP][PASSED] - Statement - counter = counter + 1: null

2019-01-03 20:36:42 - [TEST_STEP][PASSED] - Statement - PreSaveFile = new java.io.File(((pathPrefix + java.lang.Integer.toString(counter)) + .png)): null

2019-01-03 20:36:42 - [TEST_STEP][PASSED] - Statement - counter = counter + 1: null

2019-01-03 20:36:42 - [TEST_STEP][PASSED] - Statement - PreSaveFile = new java.io.File(((pathPrefix + java.lang.Integer.toString(counter)) + .png)): null

2019-01-03 20:36:42 - [TEST_STEP][PASSED] - Statement - counter = counter + 1: null

2019-01-03 20:36:42 - [TEST_STEP][PASSED] - Statement - PreSaveFile = new java.io.File(((pathPrefix + java.lang.Integer.toString(counter)) + .png)): null

2019-01-03 20:36:42 - [TEST_STEP][PASSED] - Statement - counter = counter + 1: null

2019-01-03 20:36:42 - [TEST_STEP][PASSED] - Statement - PreSaveFile = new java.io.File(((pathPrefix + java.lang.Integer.toString(counter)) + .png)): null

2019-01-03 20:36:42 - [TEST_STEP][PASSED] - Statement - counter = counter + 1: null

2019-01-03 20:36:42 - [TEST_STEP][PASSED] - Statement - PreSaveFile = new java.io.File(((pathPrefix + java.lang.Integer.toString(counter)) + .png)): null

2019-01-03 20:36:42 - [TEST_STEP][PASSED] - Statement - counter = counter + 1: null

2019-01-03 20:36:42 - [TEST_STEP][PASSED] - Statement - PreSaveFile = new java.io.File(((pathPrefix + java.lang.Integer.toString(counter)) + .png)): null

2019-01-03 20:36:42 - [TEST_STEP][PASSED] - Statement - counter = counter + 1: null

2019-01-03 20:36:42 - [TEST_STEP][PASSED] - Statement - PreSaveFile = new java.io.File(((pathPrefix + java.lang.Integer.toString(counter)) + .png)): null

2019-01-03 20:36:42 - [TEST_STEP][PASSED] - Statement - counter = counter + 1: null

2019-01-03 20:36:42 - [TEST_STEP][PASSED] - Statement - PreSaveFile = new java.io.File(((pathPrefix + java.lang.Integer.toString(counter)) + .png)): null

2019-01-03 20:36:42 - [TEST_STEP][PASSED] - Statement - counter = counter + 1: null

2019-01-03 20:36:42 - [TEST_STEP][PASSED] - Statement - PreSaveFile = new java.io.File(((pathPrefix + java.lang.Integer.toString(counter)) + .png)): null

2019-01-03 20:36:42 - [TEST_STEP][PASSED] - Statement - counter = counter + 1: null

2019-01-03 20:36:42 - [TEST_STEP][PASSED] - Statement - PreSaveFile = new java.io.File(((pathPrefix + java.lang.Integer.toString(counter)) + .png)): null

2019-01-03 20:36:42 - [TEST_STEP][PASSED] - Statement - counter = counter + 1: null

2019-01-03 20:36:42 - [TEST_STEP][PASSED] - Statement - PreSaveFile = new java.io.File(((pathPrefix + java.lang.Integer.toString(counter)) + .png)): null

2019-01-03 20:36:42 - [TEST_STEP][PASSED] - Statement - counter = counter + 1: null

2019-01-03 20:36:42 - [TEST_STEP][PASSED] - Statement - PreSaveFile = new java.io.File(((pathPrefix + java.lang.Integer.toString(counter)) + .png)): null

2019-01-03 20:36:42 - [TEST_STEP][PASSED] - Statement - counter = counter + 1: null

2019-01-03 20:36:42 - [TEST_STEP][PASSED] - Statement - PreSaveFile = new java.io.File(((pathPrefix + java.lang.Integer.toString(counter)) + .png)): null

2019-01-03 20:36:42 - [TEST_STEP][PASSED] - Statement - counter = counter + 1: null

2019-01-03 20:36:42 - [TEST_STEP][PASSED] - Statement - PreSaveFile = new java.io.File(((pathPrefix + java.lang.Integer.toString(counter)) + .png)): null

2019-01-03 20:36:42 - [TEST_STEP][PASSED] - Statement - counter = counter + 1: null

2019-01-03 20:36:42 - [TEST_STEP][PASSED] - Statement - PreSaveFile = new java.io.File(((pathPrefix + java.lang.Integer.toString(counter)) + .png)): null

2019-01-03 20:36:42 - [TEST_STEP][PASSED] - Statement - counter = counter + 1: null

2019-01-03 20:36:42 - [TEST_STEP][PASSED] - Statement - PreSaveFile = new java.io.File(((pathPrefix + java.lang.Integer.toString(counter)) + .png)): null

2019-01-03 20:36:42 - [TEST_STEP][PASSED] - Statement - counter = counter + 1: null

2019-01-03 20:36:42 - [TEST_STEP][PASSED] - Statement - PreSaveFile = new java.io.File(((pathPrefix + java.lang.Integer.toString(counter)) + .png)): null

2019-01-03 20:36:42 - [TEST_STEP][PASSED] - Statement - counter = counter + 1: null

2019-01-03 20:36:42 - [TEST_STEP][PASSED] - Statement - PreSaveFile = new java.io.File(((pathPrefix + java.lang.Integer.toString(counter)) + .png)): null

2019-01-03 20:36:42 - [TEST_STEP][PASSED] - Statement - counter = counter + 1: null

2019-01-03 20:36:42 - [TEST_STEP][PASSED] - Statement - PreSaveFile = new java.io.File(((pathPrefix + java.lang.Integer.toString(counter)) + .png)): null

2019-01-03 20:36:42 - [TEST_STEP][PASSED] - Statement - counter = counter + 1: null

2019-01-03 20:36:42 - [TEST_STEP][PASSED] - Statement - PreSaveFile = new java.io.File(((pathPrefix + java.lang.Integer.toString(counter)) + .png)): null

2019-01-03 20:36:42 - [TEST_STEP][PASSED] - Statement - counter = counter + 1: null

2019-01-03 20:36:42 - [TEST_STEP][PASSED] - Statement - PreSaveFile = new java.io.File(((pathPrefix + java.lang.Integer.toString(counter)) + .png)): null

2019-01-03 20:36:42 - [TEST_STEP][PASSED] - Statement - counter = counter + 1: null

2019-01-03 20:36:42 - [TEST_STEP][PASSED] - Statement - PreSaveFile = new java.io.File(((pathPrefix + java.lang.Integer.toString(counter)) + .png)): null

2019-01-03 20:36:42 - [TEST_STEP][PASSED] - Statement - counter = counter + 1: null

2019-01-03 20:36:42 - [TEST_STEP][PASSED] - Statement - PreSaveFile = new java.io.File(((pathPrefix + java.lang.Integer.toString(counter)) + .png)): null

2019-01-03 20:36:42 - [TEST_STEP][PASSED] - Statement - counter = counter + 1: null

2019-01-03 20:36:42 - [TEST_STEP][PASSED] - Statement - PreSaveFile = new java.io.File(((pathPrefix + java.lang.Integer.toString(counter)) + .png)): null

2019-01-03 20:36:42 - [TEST_STEP][PASSED] - Statement - counter = counter + 1: null

2019-01-03 20:36:42 - [TEST_STEP][PASSED] - Statement - PreSaveFile = new java.io.File(((pathPrefix + java.lang.Integer.toString(counter)) + .png)): null

2019-01-03 20:36:42 - [TEST_STEP][PASSED] - Statement - counter = counter + 1: null

2019-01-03 20:36:42 - [TEST_STEP][PASSED] - Statement - PreSaveFile = new java.io.File(((pathPrefix + java.lang.Integer.toString(counter)) + .png)): null

2019-01-03 20:36:42 - [TEST_STEP][PASSED] - Statement - counter = counter + 1: null

2019-01-03 20:36:42 - [TEST_STEP][PASSED] - Statement - PreSaveFile = new java.io.File(((pathPrefix + java.lang.Integer.toString(counter)) + .png)): null

2019-01-03 20:36:42 - [TEST_STEP][PASSED] - Statement - counter = counter + 1: null

2019-01-03 20:36:42 - [TEST_STEP][PASSED] - Statement - PreSaveFile = new java.io.File(((pathPrefix + java.lang.Integer.toString(counter)) + .png)): null

2019-01-03 20:36:42 - [TEST_STEP][PASSED] - Statement - counter = counter + 1: null

2019-01-03 20:36:42 - [TEST_STEP][PASSED] - Statement - PreSaveFile = new java.io.File(((pathPrefix + java.lang.Integer.toString(counter)) + .png)): null

2019-01-03 20:36:42 - [TEST_STEP][PASSED] - Statement - counter = counter + 1: null

2019-01-03 20:36:42 - [TEST_STEP][PASSED] - Statement - PreSaveFile = new java.io.File(((pathPrefix + java.lang.Integer.toString(counter)) + .png)): null

2019-01-03 20:36:42 - [TEST_STEP][PASSED] - Statement - counter = counter + 1: null

2019-01-03 20:36:42 - [TEST_STEP][PASSED] - Statement - PreSaveFile = new java.io.File(((pathPrefix + java.lang.Integer.toString(counter)) + .png)): null

2019-01-03 20:36:42 - [TEST_STEP][PASSED] - Statement - counter = counter + 1: null

2019-01-03 20:36:42 - [TEST_STEP][PASSED] - Statement - PreSaveFile = new java.io.File(((pathPrefix + java.lang.Integer.toString(counter)) + .png)): null

2019-01-03 20:36:42 - [TEST_STEP][PASSED] - Statement - counter = counter + 1: null

2019-01-03 20:36:42 - [TEST_STEP][PASSED] - Statement - PreSaveFile = new java.io.File(((pathPrefix + java.lang.Integer.toString(counter)) + .png)): null

2019-01-03 20:36:42 - [TEST_STEP][PASSED] - Statement - counter = counter + 1: null

2019-01-03 20:36:42 - [TEST_STEP][PASSED] - Statement - PreSaveFile = new java.io.File(((pathPrefix + java.lang.Integer.toString(counter)) + .png)): null

2019-01-03 20:36:42 - [TEST_STEP][PASSED] - Statement - counter = counter + 1: null

2019-01-03 20:36:42 - [TEST_STEP][PASSED] - Statement - PreSaveFile = new java.io.File(((pathPrefix + java.lang.Integer.toString(counter)) + .png)): null

2019-01-03 20:36:42 - [TEST_STEP][PASSED] - Statement - counter = counter + 1: null

2019-01-03 20:36:42 - [TEST_STEP][PASSED] - Statement - PreSaveFile = new java.io.File(((pathPrefix + java.lang.Integer.toString(counter)) + .png)): null

2019-01-03 20:36:42 - [TEST_STEP][PASSED] - Statement - counter = counter + 1: null

2019-01-03 20:36:42 - [TEST_STEP][PASSED] - Statement - PreSaveFile = new java.io.File(((pathPrefix + java.lang.Integer.toString(counter)) + .png)): null

2019-01-03 20:36:42 - [TEST_STEP][PASSED] - Statement - counter = counter + 1: null

2019-01-03 20:36:42 - [TEST_STEP][PASSED] - Statement - PreSaveFile = new java.io.File(((pathPrefix + java.lang.Integer.toString(counter)) + .png)): null

2019-01-03 20:36:42 - [TEST_STEP][PASSED] - Statement - counter = counter + 1: null

2019-01-03 20:36:42 - [TEST_STEP][PASSED] - Statement - PreSaveFile = new java.io.File(((pathPrefix + java.lang.Integer.toString(counter)) + .png)): null

2019-01-03 20:36:42 - [TEST_STEP][PASSED] - Statement - counter = counter + 1: null

2019-01-03 20:36:42 - [TEST_STEP][PASSED] - Statement - PreSaveFile = new java.io.File(((pathPrefix + java.lang.Integer.toString(counter)) + .png)): null

2019-01-03 20:36:42 - [TEST_STEP][PASSED] - Statement - counter = counter + 1: null

2019-01-03 20:36:42 - [TEST_STEP][PASSED] - Statement - PreSaveFile = new java.io.File(((pathPrefix + java.lang.Integer.toString(counter)) + .png)): null

2019-01-03 20:36:42 - [TEST_STEP][PASSED] - Statement - counter = counter + 1: null

2019-01-03 20:36:42 - [TEST_STEP][PASSED] - Statement - PreSaveFile = new java.io.File(((pathPrefix + java.lang.Integer.toString(counter)) + .png)): null

2019-01-03 20:36:42 - [TEST_STEP][PASSED] - Statement - counter = counter + 1: null

2019-01-03 20:36:42 - [TEST_STEP][PASSED] - Statement - PreSaveFile = new java.io.File(((pathPrefix + java.lang.Integer.toString(counter)) + .png)): null

2019-01-03 20:36:42 - [TEST_STEP][PASSED] - Statement - counter = counter + 1: null

2019-01-03 20:36:43 - [TEST_STEP][PASSED] - Statement - PreSaveFile = new java.io.File(((pathPrefix + java.lang.Integer.toString(counter)) + .png)): null

2019-01-03 20:36:43 - [TEST_STEP][PASSED] - Statement - counter = counter + 1: null

2019-01-03 20:36:43 - [TEST_STEP][PASSED] - Statement - PreSaveFile = new java.io.File(((pathPrefix + java.lang.Integer.toString(counter)) + .png)): null

2019-01-03 20:36:43 - [TEST_STEP][PASSED] - Statement - counter = counter + 1: null

2019-01-03 20:36:43 - [TEST_STEP][PASSED] - Statement - PreSaveFile = new java.io.File(((pathPrefix + java.lang.Integer.toString(counter)) + .png)): null

2019-01-03 20:36:43 - [TEST_STEP][PASSED] - Statement - counter = counter + 1: null

2019-01-03 20:36:43 - [TEST_STEP][PASSED] - Statement - PreSaveFile = new java.io.File(((pathPrefix + java.lang.Integer.toString(counter)) + .png)): null

2019-01-03 20:36:43 - [TEST_STEP][PASSED] - Statement - counter = counter + 1: null

2019-01-03 20:36:43 - [TEST_STEP][PASSED] - Statement - PreSaveFile = new java.io.File(((pathPrefix + java.lang.Integer.toString(counter)) + .png)): null

2019-01-03 20:36:43 - [TEST_STEP][PASSED] - Statement - counter = counter + 1: null

2019-01-03 20:36:43 - [TEST_STEP][PASSED] - Statement - PreSaveFile = new java.io.File(((pathPrefix + java.lang.Integer.toString(counter)) + .png)): null

2019-01-03 20:36:43 - [TEST_STEP][PASSED] - Statement - counter = counter + 1: null

2019-01-03 20:36:43 - [TEST_STEP][PASSED] - Statement - PreSaveFile = new java.io.File(((pathPrefix + java.lang.Integer.toString(counter)) + .png)): null

2019-01-03 20:36:43 - [TEST_STEP][PASSED] - Statement - counter = counter + 1: null

2019-01-03 20:36:43 - [TEST_STEP][PASSED] - Statement - PreSaveFile = new java.io.File(((pathPrefix + java.lang.Integer.toString(counter)) + .png)): null

2019-01-03 20:36:43 - [TEST_STEP][PASSED] - Statement - counter = counter + 1: null

2019-01-03 20:36:43 - [TEST_STEP][PASSED] - Statement - PreSaveFile = new java.io.File(((pathPrefix + java.lang.Integer.toString(counter)) + .png)): null

2019-01-03 20:36:43 - [TEST_STEP][PASSED] - Statement - counter = counter + 1: null

2019-01-03 20:36:43 - [TEST_STEP][PASSED] - Statement - PreSaveFile = new java.io.File(((pathPrefix + java.lang.Integer.toString(counter)) + .png)): null

2019-01-03 20:36:43 - [TEST_STEP][PASSED] - Statement - counter = counter + 1: null

2019-01-03 20:36:43 - [TEST_STEP][PASSED] - Statement - PreSaveFile = new java.io.File(((pathPrefix + java.lang.Integer.toString(counter)) + .png)): null

2019-01-03 20:36:43 - [TEST_STEP][PASSED] - Statement - counter = counter + 1: null

2019-01-03 20:36:43 - [TEST_STEP][PASSED] - Statement - PreSaveFile = new java.io.File(((pathPrefix + java.lang.Integer.toString(counter)) + .png)): null

2019-01-03 20:36:43 - [TEST_STEP][PASSED] - Statement - counter = counter + 1: null

2019-01-03 20:36:43 - [TEST_STEP][PASSED] - Statement - PreSaveFile = new java.io.File(((pathPrefix + java.lang.Integer.toString(counter)) + .png)): null

2019-01-03 20:36:43 - [TEST_STEP][PASSED] - Statement - counter = counter + 1: null

2019-01-03 20:36:43 - [TEST_STEP][PASSED] - Statement - PreSaveFile = new java.io.File(((pathPrefix + java.lang.Integer.toString(counter)) + .png)): null

2019-01-03 20:36:43 - [TEST_STEP][PASSED] - Statement - counter = counter + 1: null

2019-01-03 20:36:43 - [TEST_STEP][PASSED] - Statement - PreSaveFile = new java.io.File(((pathPrefix + java.lang.Integer.toString(counter)) + .png)): null

2019-01-03 20:36:43 - [TEST_STEP][PASSED] - Statement - counter = counter + 1: null

2019-01-03 20:36:43 - [TEST_STEP][PASSED] - Statement - PreSaveFile = new java.io.File(((pathPrefix + java.lang.Integer.toString(counter)) + .png)): null

2019-01-03 20:36:43 - [TEST_STEP][PASSED] - Statement - counter = counter + 1: null

2019-01-03 20:36:43 - [TEST_STEP][PASSED] - Statement - PreSaveFile = new java.io.File(((pathPrefix + java.lang.Integer.toString(counter)) + .png)): null

2019-01-03 20:36:43 - [TEST_STEP][PASSED] - Statement - counter = counter + 1: null

2019-01-03 20:36:43 - [TEST_STEP][PASSED] - Statement - PreSaveFile = new java.io.File(((pathPrefix + java.lang.Integer.toString(counter)) + .png)): null

2019-01-03 20:36:43 - [TEST_STEP][PASSED] - Statement - counter = counter + 1: null

2019-01-03 20:36:43 - [TEST_STEP][PASSED] - Statement - PreSaveFile = new java.io.File(((pathPrefix + java.lang.Integer.toString(counter)) + .png)): null

2019-01-03 20:36:43 - [TEST_STEP][PASSED] - Statement - counter = counter + 1: null

2019-01-03 20:36:43 - [TEST_STEP][PASSED] - Statement - PreSaveFile = new java.io.File(((pathPrefix + java.lang.Integer.toString(counter)) + .png)): null

2019-01-03 20:36:43 - [TEST_STEP][PASSED] - Statement - counter = counter + 1: null

2019-01-03 20:36:43 - [TEST_STEP][PASSED] - Statement - PreSaveFile = new java.io.File(((pathPrefix + java.lang.Integer.toString(counter)) + .png)): null

2019-01-03 20:36:43 - [TEST_STEP][PASSED] - Statement - counter = counter + 1: null

2019-01-03 20:36:43 - [TEST_STEP][PASSED] - Statement - PreSaveFile = new java.io.File(((pathPrefix + java.lang.Integer.toString(counter)) + .png)): null

2019-01-03 20:36:43 - [TEST_STEP][PASSED] - Statement - counter = counter + 1: null

2019-01-03 20:36:43 - [TEST_STEP][PASSED] - Statement - PreSaveFile = new java.io.File(((pathPrefix + java.lang.Integer.toString(counter)) + .png)): null

2019-01-03 20:36:43 - [TEST_STEP][PASSED] - Statement - counter = counter + 1: null

2019-01-03 20:36:43 - [TEST_STEP][PASSED] - Statement - PreSaveFile = new java.io.File(((pathPrefix + java.lang.Integer.toString(counter)) + .png)): null

2019-01-03 20:36:43 - [TEST_STEP][PASSED] - Statement - counter = counter + 1: null

2019-01-03 20:36:43 - [TEST_STEP][PASSED] - Statement - PreSaveFile = new java.io.File(((pathPrefix + java.lang.Integer.toString(counter)) + .png)): null

2019-01-03 20:36:43 - [TEST_STEP][PASSED] - Statement - counter = counter + 1: null

2019-01-03 20:36:43 - [TEST_STEP][PASSED] - Statement - PreSaveFile = new java.io.File(((pathPrefix + java.lang.Integer.toString(counter)) + .png)): null

2019-01-03 20:36:43 - [TEST_STEP][PASSED] - Statement - counter = counter + 1: null

2019-01-03 20:36:43 - [TEST_STEP][PASSED] - Statement - PreSaveFile = new java.io.File(((pathPrefix + java.lang.Integer.toString(counter)) + .png)): null

2019-01-03 20:36:43 - [TEST_STEP][PASSED] - Statement - counter = counter + 1: null

2019-01-03 20:36:43 - [TEST_STEP][PASSED] - Statement - PreSaveFile = new java.io.File(((pathPrefix + java.lang.Integer.toString(counter)) + .png)): null

2019-01-03 20:36:43 - [TEST_STEP][PASSED] - Statement - counter = counter + 1: null

2019-01-03 20:36:43 - [TEST_STEP][PASSED] - Statement - PreSaveFile = new java.io.File(((pathPrefix + java.lang.Integer.toString(counter)) + .png)): null

2019-01-03 20:36:43 - [TEST_STEP][PASSED] - Statement - counter = counter + 1: null

2019-01-03 20:36:43 - [TEST_STEP][PASSED] - Statement - PreSaveFile = new java.io.File(((pathPrefix + java.lang.Integer.toString(counter)) + .png)): null

2019-01-03 20:36:43 - [TEST_STEP][PASSED] - Statement - counter = counter + 1: null

2019-01-03 20:36:43 - [TEST_STEP][PASSED] - Statement - PreSaveFile = new java.io.File(((pathPrefix + java.lang.Integer.toString(counter)) + .png)): null

2019-01-03 20:36:43 - [TEST_STEP][PASSED] - Statement - counter = counter + 1: null

2019-01-03 20:36:43 - [TEST_STEP][PASSED] - Statement - PreSaveFile = new java.io.File(((pathPrefix + java.lang.Integer.toString(counter)) + .png)): null

2019-01-03 20:36:43 - [TEST_STEP][PASSED] - Statement - counter = counter + 1: null

2019-01-03 20:36:43 - [TEST_STEP][PASSED] - Statement - PreSaveFile = new java.io.File(((pathPrefix + java.lang.Integer.toString(counter)) + .png)): null

2019-01-03 20:36:43 - [TEST_STEP][PASSED] - Statement - counter = counter + 1: null

2019-01-03 20:36:43 - [TEST_STEP][PASSED] - Statement - PreSaveFile = new java.io.File(((pathPrefix + java.lang.Integer.toString(counter)) + .png)): null

2019-01-03 20:36:43 - [TEST_STEP][PASSED] - Statement - counter = counter + 1: null

2019-01-03 20:36:43 - [TEST_STEP][PASSED] - Statement - PreSaveFile = new java.io.File(((pathPrefix + java.lang.Integer.toString(counter)) + .png)): null

2019-01-03 20:36:43 - [TEST_STEP][PASSED] - Statement - counter = counter + 1: null

2019-01-03 20:36:43 - [TEST_STEP][PASSED] - Statement - PreSaveFile = new java.io.File(((pathPrefix + java.lang.Integer.toString(counter)) + .png)): null

2019-01-03 20:36:43 - [TEST_STEP][PASSED] - Statement - counter = counter + 1: null

2019-01-03 20:36:43 - [TEST_STEP][PASSED] - Statement - PreSaveFile = new java.io.File(((pathPrefix + java.lang.Integer.toString(counter)) + .png)): null

2019-01-03 20:36:43 - [TEST_STEP][PASSED] - Statement - counter = counter + 1: null

2019-01-03 20:36:43 - [TEST_STEP][PASSED] - Statement - PreSaveFile = new java.io.File(((pathPrefix + java.lang.Integer.toString(counter)) + .png)): null

2019-01-03 20:36:43 - [TEST_STEP][PASSED] - Statement - counter = counter + 1: null

2019-01-03 20:36:43 - [TEST_STEP][PASSED] - Statement - PreSaveFile = new java.io.File(((pathPrefix + java.lang.Integer.toString(counter)) + .png)): null

2019-01-03 20:36:43 - [TEST_STEP][PASSED] - Statement - counter = counter + 1: null

2019-01-03 20:36:43 - [TEST_STEP][PASSED] - Statement - PreSaveFile = new java.io.File(((pathPrefix + java.lang.Integer.toString(counter)) + .png)): null

2019-01-03 20:36:43 - [TEST_STEP][PASSED] - Statement - counter = counter + 1: null

2019-01-03 20:36:43 - [TEST_STEP][PASSED] - Statement - PreSaveFile = new java.io.File(((pathPrefix + java.lang.Integer.toString(counter)) + .png)): null

2019-01-03 20:36:43 - [TEST_STEP][PASSED] - Statement - counter = counter + 1: null

2019-01-03 20:36:43 - [TEST_STEP][PASSED] - Statement - PreSaveFile = new java.io.File(((pathPrefix + java.lang.Integer.toString(counter)) + .png)): null

2019-01-03 20:36:43 - [TEST_STEP][PASSED] - Statement - counter = counter + 1: null

2019-01-03 20:36:43 - [TEST_STEP][PASSED] - Statement - PreSaveFile = new java.io.File(((pathPrefix + java.lang.Integer.toString(counter)) + .png)): null

2019-01-03 20:36:43 - [TEST_STEP][PASSED] - Statement - counter = counter + 1: null

2019-01-03 20:36:43 - [TEST_STEP][PASSED] - Statement - PreSaveFile = new java.io.File(((pathPrefix + java.lang.Integer.toString(counter)) + .png)): null

2019-01-03 20:36:43 - [TEST_STEP][PASSED] - Statement - counter = counter + 1: null

2019-01-03 20:36:43 - [TEST_STEP][PASSED] - Statement - PreSaveFile = new java.io.File(((pathPrefix + java.lang.Integer.toString(counter)) + .png)): null

2019-01-03 20:36:43 - [TEST_STEP][PASSED] - Statement - counter = counter + 1: null

2019-01-03 20:36:43 - [TEST_STEP][PASSED] - Statement - PreSaveFile = new java.io.File(((pathPrefix + java.lang.Integer.toString(counter)) + .png)): null

2019-01-03 20:36:43 - [TEST_STEP][PASSED] - Statement - counter = counter + 1: null

2019-01-03 20:36:43 - [TEST_STEP][PASSED] - Statement - PreSaveFile = new java.io.File(((pathPrefix + java.lang.Integer.toString(counter)) + .png)): null

2019-01-03 20:36:43 - [TEST_STEP][PASSED] - Statement - counter = counter + 1: null

2019-01-03 20:36:43 - [TEST_STEP][PASSED] - Statement - PreSaveFile = new java.io.File(((pathPrefix + java.lang.Integer.toString(counter)) + .png)): null

2019-01-03 20:36:43 - [TEST_STEP][PASSED] - Statement - counter = counter + 1: null

2019-01-03 20:36:43 - [TEST_STEP][PASSED] - Statement - PreSaveFile = new java.io.File(((pathPrefix + java.lang.Integer.toString(counter)) + .png)): null

2019-01-03 20:36:43 - [TEST_STEP][PASSED] - Statement - counter = counter + 1: null

2019-01-03 20:36:43 - [TEST_STEP][PASSED] - Statement - PreSaveFile = new java.io.File(((pathPrefix + java.lang.Integer.toString(counter)) + .png)): null

2019-01-03 20:36:43 - [TEST_STEP][PASSED] - Statement - counter = counter + 1: null

2019-01-03 20:36:43 - [TEST_STEP][PASSED] - Statement - PreSaveFile = new java.io.File(((pathPrefix + java.lang.Integer.toString(counter)) + .png)): null

2019-01-03 20:36:43 - [TEST_STEP][PASSED] - Statement - counter = counter + 1: null

2019-01-03 20:36:43 - [TEST_STEP][PASSED] - Statement - PreSaveFile = new java.io.File(((pathPrefix + java.lang.Integer.toString(counter)) + .png)): null

2019-01-03 20:36:43 - [TEST_STEP][PASSED] - Statement - counter = counter + 1: null

2019-01-03 20:36:43 - [TEST_STEP][PASSED] - Statement - PreSaveFile = new java.io.File(((pathPrefix + java.lang.Integer.toString(counter)) + .png)): null

2019-01-03 20:36:43 - [TEST_STEP][PASSED] - Statement - counter = counter + 1: null

2019-01-03 20:36:43 - [TEST_STEP][PASSED] - Statement - PreSaveFile = new java.io.File(((pathPrefix + java.lang.Integer.toString(counter)) + .png)): null

2019-01-03 20:36:43 - [TEST_STEP][PASSED] - Statement - counter = counter + 1: null

2019-01-03 20:36:43 - [TEST_STEP][PASSED] - Statement - PreSaveFile = new java.io.File(((pathPrefix + java.lang.Integer.toString(counter)) + .png)): null

2019-01-03 20:36:43 - [TEST_STEP][PASSED] - Statement - counter = counter + 1: null

2019-01-03 20:36:43 - [TEST_STEP][PASSED] - Statement - PreSaveFile = new java.io.File(((pathPrefix + java.lang.Integer.toString(counter)) + .png)): null

2019-01-03 20:36:43 - [TEST_STEP][PASSED] - Statement - counter = counter + 1: null

2019-01-03 20:36:43 - [TEST_STEP][PASSED] - Statement - PreSaveFile = new java.io.File(((pathPrefix + java.lang.Integer.toString(counter)) + .png)): null

2019-01-03 20:36:43 - [TEST_STEP][PASSED] - Statement - counter = counter + 1: null

2019-01-03 20:36:43 - [TEST_STEP][PASSED] - Statement - PreSaveFile = new java.io.File(((pathPrefix + java.lang.Integer.toString(counter)) + .png)): null

2019-01-03 20:36:43 - [TEST_STEP][PASSED] - Statement - counter = counter + 1: null

2019-01-03 20:36:43 - [TEST_STEP][PASSED] - Statement - PreSaveFile = new java.io.File(((pathPrefix + java.lang.Integer.toString(counter)) + .png)): null

2019-01-03 20:36:43 - [TEST_STEP][PASSED] - Statement - counter = counter + 1: null

2019-01-03 20:36:43 - [TEST_STEP][PASSED] - Statement - PreSaveFile = new java.io.File(((pathPrefix + java.lang.Integer.toString(counter)) + .png)): null

2019-01-03 20:36:43 - [TEST_STEP][PASSED] - Statement - counter = counter + 1: null

2019-01-03 20:36:43 - [TEST_STEP][PASSED] - Statement - PreSaveFile = new java.io.File(((pathPrefix + java.lang.Integer.toString(counter)) + .png)): null

2019-01-03 20:36:43 - [TEST_STEP][PASSED] - Statement - counter = counter + 1: null

2019-01-03 20:36:43 - [TEST_STEP][PASSED] - Statement - PreSaveFile = new java.io.File(((pathPrefix + java.lang.Integer.toString(counter)) + .png)): null

2019-01-03 20:36:43 - [TEST_STEP][PASSED] - Statement - counter = counter + 1: null

2019-01-03 20:36:43 - [TEST_STEP][PASSED] - Statement - PreSaveFile = new java.io.File(((pathPrefix + java.lang.Integer.toString(counter)) + .png)): null

2019-01-03 20:36:43 - [TEST_STEP][PASSED] - Statement - counter = counter + 1: null

2019-01-03 20:36:43 - [TEST_STEP][PASSED] - Statement - PreSaveFile = new java.io.File(((pathPrefix + java.lang.Integer.toString(counter)) + .png)): null

2019-01-03 20:36:43 - [TEST_STEP][PASSED] - Statement - counter = counter + 1: null

2019-01-03 20:36:43 - [TEST_STEP][PASSED] - Statement - PreSaveFile = new java.io.File(((pathPrefix + java.lang.Integer.toString(counter)) + .png)): null

2019-01-03 20:36:43 - [TEST_STEP][PASSED] - Statement - counter = counter + 1: null

2019-01-03 20:36:43 - [TEST_STEP][PASSED] - Statement - PreSaveFile = new java.io.File(((pathPrefix + java.lang.Integer.toString(counter)) + .png)): null

2019-01-03 20:36:43 - [TEST_STEP][PASSED] - Statement - counter = counter + 1: null

2019-01-03 20:36:43 - [TEST_STEP][PASSED] - Statement - PreSaveFile = new java.io.File(((pathPrefix + java.lang.Integer.toString(counter)) + .png)): null

2019-01-03 20:36:43 - [TEST_STEP][PASSED] - Statement - counter = counter + 1: null

2019-01-03 20:36:43 - [TEST_STEP][PASSED] - Statement - PreSaveFile = new java.io.File(((pathPrefix + java.lang.Integer.toString(counter)) + .png)): null

2019-01-03 20:36:43 - [TEST_STEP][PASSED] - Statement - counter = counter + 1: null

2019-01-03 20:36:43 - [TEST_STEP][PASSED] - Statement - PreSaveFile = new java.io.File(((pathPrefix + java.lang.Integer.toString(counter)) + .png)): null

2019-01-03 20:36:43 - [TEST_STEP][PASSED] - Statement - counter = counter + 1: null

2019-01-03 20:36:43 - [TEST_STEP][PASSED] - Statement - PreSaveFile = new java.io.File(((pathPrefix + java.lang.Integer.toString(counter)) + .png)): null

2019-01-03 20:36:43 - [TEST_STEP][PASSED] - Statement - counter = counter + 1: null

2019-01-03 20:36:43 - [TEST_STEP][PASSED] - Statement - PreSaveFile = new java.io.File(((pathPrefix + java.lang.Integer.toString(counter)) + .png)): null

2019-01-03 20:36:43 - [TEST_STEP][PASSED] - Statement - counter = counter + 1: null

2019-01-03 20:36:43 - [TEST_STEP][PASSED] - Statement - PreSaveFile = new java.io.File(((pathPrefix + java.lang.Integer.toString(counter)) + .png)): null

2019-01-03 20:36:43 - [TEST_STEP][PASSED] - Statement - counter = counter + 1: null

2019-01-03 20:36:43 - [TEST_STEP][PASSED] - Statement - PreSaveFile = new java.io.File(((pathPrefix + java.lang.Integer.toString(counter)) + .png)): null

2019-01-03 20:36:43 - [TEST_STEP][PASSED] - Statement - counter = counter + 1: null

2019-01-03 20:36:43 - [TEST_STEP][PASSED] - Statement - PreSaveFile = new java.io.File(((pathPrefix + java.lang.Integer.toString(counter)) + .png)): null

2019-01-03 20:36:43 - [TEST_STEP][PASSED] - Statement - counter = counter + 1: null

2019-01-03 20:36:43 - [TEST_STEP][PASSED] - Statement - PreSaveFile = new java.io.File(((pathPrefix + java.lang.Integer.toString(counter)) + .png)): null

2019-01-03 20:36:43 - [TEST_STEP][PASSED] - Statement - counter = counter + 1: null

2019-01-03 20:36:43 - [TEST_STEP][PASSED] - Statement - PreSaveFile = new java.io.File(((pathPrefix + java.lang.Integer.toString(counter)) + .png)): null

2019-01-03 20:36:43 - [TEST_STEP][PASSED] - Statement - counter = counter + 1: null

2019-01-03 20:36:43 - [TEST_STEP][PASSED] - Statement - PreSaveFile = new java.io.File(((pathPrefix + java.lang.Integer.toString(counter)) + .png)): null

2019-01-03 20:36:43 - [TEST_STEP][PASSED] - Statement - counter = counter + 1: null

2019-01-03 20:36:43 - [TEST_STEP][PASSED] - Statement - PreSaveFile = new java.io.File(((pathPrefix + java.lang.Integer.toString(counter)) + .png)): null

2019-01-03 20:36:43 - [TEST_STEP][PASSED] - Statement - counter = counter + 1: null

2019-01-03 20:36:43 - [TEST_STEP][PASSED] - Statement - PreSaveFile = new java.io.File(((pathPrefix + java.lang.Integer.toString(counter)) + .png)): null

2019-01-03 20:36:43 - [TEST_STEP][PASSED] - Statement - counter = counter + 1: null

2019-01-03 20:36:43 - [TEST_STEP][PASSED] - Statement - PreSaveFile = new java.io.File(((pathPrefix + java.lang.Integer.toString(counter)) + .png)): null

2019-01-03 20:36:43 - [TEST_STEP][PASSED] - Statement - counter = counter + 1: null

2019-01-03 20:36:43 - [TEST_STEP][PASSED] - Statement - PreSaveFile = new java.io.File(((pathPrefix + java.lang.Integer.toString(counter)) + .png)): null

2019-01-03 20:36:43 - [TEST_STEP][PASSED] - Statement - counter = counter + 1: null

2019-01-03 20:36:43 - [TEST_STEP][PASSED] - Statement - PreSaveFile = new java.io.File(((pathPrefix + java.lang.Integer.toString(counter)) + .png)): null

2019-01-03 20:36:43 - [TEST_STEP][PASSED] - Statement - counter = counter + 1: null

2019-01-03 20:36:43 - [TEST_STEP][PASSED] - Statement - PreSaveFile = new java.io.File(((pathPrefix + java.lang.Integer.toString(counter)) + .png)): null

2019-01-03 20:36:43 - [TEST_STEP][PASSED] - Statement - counter = counter + 1: null

2019-01-03 20:36:43 - [TEST_STEP][PASSED] - Statement - PreSaveFile = new java.io.File(((pathPrefix + java.lang.Integer.toString(counter)) + .png)): null

2019-01-03 20:36:43 - [TEST_STEP][PASSED] - Statement - counter = counter + 1: null

2019-01-03 20:36:43 - [TEST_STEP][PASSED] - Statement - PreSaveFile = new java.io.File(((pathPrefix + java.lang.Integer.toString(counter)) + .png)): null

2019-01-03 20:36:43 - [TEST_STEP][PASSED] - Statement - counter = counter + 1: null

2019-01-03 20:36:43 - [TEST_STEP][PASSED] - Statement - PreSaveFile = new java.io.File(((pathPrefix + java.lang.Integer.toString(counter)) + .png)): null

2019-01-03 20:36:43 - [TEST_STEP][PASSED] - Statement - counter = counter + 1: null

2019-01-03 20:36:43 - [TEST_STEP][PASSED] - Statement - PreSaveFile = new java.io.File(((pathPrefix + java.lang.Integer.toString(counter)) + .png)): null

2019-01-03 20:36:43 - [TEST_STEP][PASSED] - Statement - counter = counter + 1: null

2019-01-03 20:36:43 - [TEST_STEP][PASSED] - Statement - PreSaveFile = new java.io.File(((pathPrefix + java.lang.Integer.toString(counter)) + .png)): null

2019-01-03 20:36:43 - [TEST_STEP][PASSED] - Statement - counter = counter + 1: null

2019-01-03 20:36:43 - [TEST_STEP][PASSED] - Statement - PreSaveFile = new java.io.File(((pathPrefix + java.lang.Integer.toString(counter)) + .png)): null

2019-01-03 20:36:43 - [TEST_STEP][PASSED] - Statement - counter = counter + 1: null

2019-01-03 20:36:43 - [TEST_STEP][PASSED] - Statement - PreSaveFile = new java.io.File(((pathPrefix + java.lang.Integer.toString(counter)) + .png)): null

2019-01-03 20:36:43 - [TEST_STEP][PASSED] - Statement - counter = counter + 1: null

2019-01-03 20:36:43 - [TEST_STEP][PASSED] - Statement - PreSaveFile = new java.io.File(((pathPrefix + java.lang.Integer.toString(counter)) + .png)): null

2019-01-03 20:36:43 - [TEST_STEP][PASSED] - Statement - counter = counter + 1: null

2019-01-03 20:36:43 - [TEST_STEP][PASSED] - Statement - PreSaveFile = new java.io.File(((pathPrefix + java.lang.Integer.toString(counter)) + .png)): null

2019-01-03 20:36:43 - [TEST_STEP][PASSED] - Statement - counter = counter + 1: null

2019-01-03 20:36:43 - [TEST_STEP][PASSED] - Statement - PreSaveFile = new java.io.File(((pathPrefix + java.lang.Integer.toString(counter)) + .png)): null

2019-01-03 20:36:43 - [TEST_STEP][PASSED] - Statement - counter = counter + 1: null

2019-01-03 20:36:43 - [TEST_STEP][PASSED] - Statement - PreSaveFile = new java.io.File(((pathPrefix + java.lang.Integer.toString(counter)) + .png)): null

2019-01-03 20:36:43 - [TEST_STEP][PASSED] - Statement - counter = counter + 1: null

2019-01-03 20:36:43 - [TEST_STEP][PASSED] - Statement - PreSaveFile = new java.io.File(((pathPrefix + java.lang.Integer.toString(counter)) + .png)): null

2019-01-03 20:36:43 - [TEST_STEP][PASSED] - Statement - counter = counter + 1: null

2019-01-03 20:36:43 - [TEST_STEP][PASSED] - Statement - PreSaveFile = new java.io.File(((pathPrefix + java.lang.Integer.toString(counter)) + .png)): null

2019-01-03 20:36:43 - [TEST_STEP][PASSED] - Statement - counter = counter + 1: null

2019-01-03 20:36:43 - [TEST_STEP][PASSED] - Statement - PreSaveFile = new java.io.File(((pathPrefix + java.lang.Integer.toString(counter)) + .png)): null

2019-01-03 20:36:43 - [TEST_STEP][PASSED] - Statement - counter = counter + 1: null

2019-01-03 20:36:43 - [TEST_STEP][PASSED] - Statement - PreSaveFile = new java.io.File(((pathPrefix + java.lang.Integer.toString(counter)) + .png)): null

2019-01-03 20:36:43 - [TEST_STEP][PASSED] - Statement - counter = counter + 1: null

2019-01-03 20:36:43 - [TEST_STEP][PASSED] - Statement - PreSaveFile = new java.io.File(((pathPrefix + java.lang.Integer.toString(counter)) + .png)): null

2019-01-03 20:36:43 - [TEST_STEP][PASSED] - Statement - counter = counter + 1: null

2019-01-03 20:36:43 - [TEST_STEP][PASSED] - Statement - PreSaveFile = new java.io.File(((pathPrefix + java.lang.Integer.toString(counter)) + .png)): null

2019-01-03 20:36:43 - [TEST_STEP][PASSED] - Statement - counter = counter + 1: null

2019-01-03 20:36:43 - [TEST_STEP][PASSED] - Statement - PreSaveFile = new java.io.File(((pathPrefix + java.lang.Integer.toString(counter)) + .png)): null

2019-01-03 20:36:43 - [TEST_STEP][PASSED] - Statement - counter = counter + 1: null

2019-01-03 20:36:43 - [TEST_STEP][PASSED] - Statement - PreSaveFile = new java.io.File(((pathPrefix + java.lang.Integer.toString(counter)) + .png)): null

2019-01-03 20:36:43 - [TEST_STEP][PASSED] - Statement - counter = counter + 1: null

2019-01-03 20:36:43 - [TEST_STEP][PASSED] - Statement - PreSaveFile = new java.io.File(((pathPrefix + java.lang.Integer.toString(counter)) + .png)): null

2019-01-03 20:36:43 - [TEST_STEP][PASSED] - Statement - counter = counter + 1: null

2019-01-03 20:36:43 - [TEST_STEP][PASSED] - Statement - PreSaveFile = new java.io.File(((pathPrefix + java.lang.Integer.toString(counter)) + .png)): null

2019-01-03 20:36:43 - [TEST_STEP][PASSED] - Statement - counter = counter + 1: null

2019-01-03 20:36:43 - [TEST_STEP][PASSED] - Statement - PreSaveFile = new java.io.File(((pathPrefix + java.lang.Integer.toString(counter)) + .png)): null

2019-01-03 20:36:43 - [TEST_STEP][PASSED] - Statement - counter = counter + 1: null

2019-01-03 20:36:43 - [TEST_STEP][PASSED] - Statement - PreSaveFile = new java.io.File(((pathPrefix + java.lang.Integer.toString(counter)) + .png)): null

2019-01-03 20:36:43 - [TEST_STEP][PASSED] - Statement - counter = counter + 1: null

2019-01-03 20:36:43 - [TEST_STEP][PASSED] - Statement - PreSaveFile = new java.io.File(((pathPrefix + java.lang.Integer.toString(counter)) + .png)): null

2019-01-03 20:36:43 - [TEST_STEP][PASSED] - Statement - counter = counter + 1: null

2019-01-03 20:36:43 - [TEST_STEP][PASSED] - Statement - PreSaveFile = new java.io.File(((pathPrefix + java.lang.Integer.toString(counter)) + .png)): null

2019-01-03 20:36:43 - [TEST_STEP][PASSED] - Statement - counter = counter + 1: null

2019-01-03 20:36:43 - [TEST_STEP][PASSED] - Statement - PreSaveFile = new java.io.File(((pathPrefix + java.lang.Integer.toString(counter)) + .png)): null

2019-01-03 20:36:43 - [TEST_STEP][PASSED] - Statement - counter = counter + 1: null

2019-01-03 20:36:43 - [TEST_STEP][PASSED] - Statement - PreSaveFile = new java.io.File(((pathPrefix + java.lang.Integer.toString(counter)) + .png)): null

2019-01-03 20:36:43 - [TEST_STEP][PASSED] - Statement - counter = counter + 1: null

2019-01-03 20:36:43 - [TEST_STEP][PASSED] - Statement - PreSaveFile = new java.io.File(((pathPrefix + java.lang.Integer.toString(counter)) + .png)): null

2019-01-03 20:36:43 - [TEST_STEP][PASSED] - Statement - counter = counter + 1: null

2019-01-03 20:36:43 - [TEST_STEP][PASSED] - Statement - PreSaveFile = new java.io.File(((pathPrefix + java.lang.Integer.toString(counter)) + .png)): null

2019-01-03 20:36:43 - [TEST_STEP][PASSED] - Statement - counter = counter + 1: null

2019-01-03 20:36:43 - [TEST_STEP][PASSED] - Statement - PreSaveFile = new java.io.File(((pathPrefix + java.lang.Integer.toString(counter)) + .png)): null

2019-01-03 20:36:43 - [TEST_STEP][PASSED] - Statement - counter = counter + 1: null

2019-01-03 20:36:43 - [TEST_STEP][PASSED] - Statement - PreSaveFile = new java.io.File(((pathPrefix + java.lang.Integer.toString(counter)) + .png)): null

2019-01-03 20:36:43 - [TEST_STEP][PASSED] - Statement - counter = counter + 1: null

2019-01-03 20:36:43 - [TEST_STEP][PASSED] - Statement - PreSaveFile = new java.io.File(((pathPrefix + java.lang.Integer.toString(counter)) + .png)): null

2019-01-03 20:36:43 - [TEST_STEP][PASSED] - Statement - counter = counter + 1: null

2019-01-03 20:36:43 - [TEST_STEP][PASSED] - Statement - PreSaveFile = new java.io.File(((pathPrefix + java.lang.Integer.toString(counter)) + .png)): null

2019-01-03 20:36:43 - [TEST_STEP][PASSED] - Statement - counter = counter + 1: null

2019-01-03 20:36:43 - [TEST_STEP][PASSED] - Statement - PreSaveFile = new java.io.File(((pathPrefix + java.lang.Integer.toString(counter)) + .png)): null

2019-01-03 20:36:43 - [TEST_STEP][PASSED] - Statement - counter = counter + 1: null

2019-01-03 20:36:43 - [TEST_STEP][PASSED] - Statement - PreSaveFile = new java.io.File(((pathPrefix + java.lang.Integer.toString(counter)) + .png)): null

2019-01-03 20:36:43 - [TEST_STEP][PASSED] - Statement - counter = counter + 1: null

2019-01-03 20:36:43 - [TEST_STEP][PASSED] - Statement - PreSaveFile = new java.io.File(((pathPrefix + java.lang.Integer.toString(counter)) + .png)): null

2019-01-03 20:36:43 - [TEST_STEP][PASSED] - Statement - counter = counter + 1: null

2019-01-03 20:36:43 - [TEST_STEP][PASSED] - Statement - PreSaveFile = new java.io.File(((pathPrefix + java.lang.Integer.toString(counter)) + .png)): null

2019-01-03 20:36:43 - [TEST_STEP][PASSED] - Statement - counter = counter + 1: null

2019-01-03 20:36:43 - [TEST_STEP][PASSED] - Statement - PreSaveFile = new java.io.File(((pathPrefix + java.lang.Integer.toString(counter)) + .png)): null

2019-01-03 20:36:43 - [TEST_STEP][PASSED] - Statement - counter = counter + 1: null

2019-01-03 20:36:43 - [TEST_STEP][PASSED] - Statement - PreSaveFile = new java.io.File(((pathPrefix + java.lang.Integer.toString(counter)) + .png)): null

2019-01-03 20:36:43 - [TEST_STEP][PASSED] - Statement - counter = counter + 1: null

2019-01-03 20:36:43 - [TEST_STEP][PASSED] - Statement - PreSaveFile = new java.io.File(((pathPrefix + java.lang.Integer.toString(counter)) + .png)): null

2019-01-03 20:36:43 - [TEST_STEP][PASSED] - Statement - counter = counter + 1: null

2019-01-03 20:36:43 - [TEST_STEP][PASSED] - Statement - PreSaveFile = new java.io.File(((pathPrefix + java.lang.Integer.toString(counter)) + .png)): null

2019-01-03 20:36:43 - [TEST_STEP][PASSED] - Statement - counter = counter + 1: null

2019-01-03 20:36:43 - [TEST_STEP][PASSED] - Statement - PreSaveFile = new java.io.File(((pathPrefix + java.lang.Integer.toString(counter)) + .png)): null

2019-01-03 20:36:43 - [TEST_STEP][PASSED] - Statement - counter = counter + 1: null

2019-01-03 20:36:43 - [TEST_STEP][PASSED] - Statement - PreSaveFile = new java.io.File(((pathPrefix + java.lang.Integer.toString(counter)) + .png)): null

2019-01-03 20:36:43 - [TEST_STEP][PASSED] - Statement - counter = counter + 1: null

2019-01-03 20:36:43 - [TEST_STEP][PASSED] - Statement - PreSaveFile = new java.io.File(((pathPrefix + java.lang.Integer.toString(counter)) + .png)): null

2019-01-03 20:36:43 - [TEST_STEP][PASSED] - Statement - counter = counter + 1: null

2019-01-03 20:36:43 - [TEST_STEP][PASSED] - Statement - PreSaveFile = new java.io.File(((pathPrefix + java.lang.Integer.toString(counter)) + .png)): null

2019-01-03 20:36:43 - [TEST_STEP][PASSED] - Statement - counter = counter + 1: null

2019-01-03 20:36:43 - [TEST_STEP][PASSED] - Statement - PreSaveFile = new java.io.File(((pathPrefix + java.lang.Integer.toString(counter)) + .png)): null

2019-01-03 20:36:43 - [TEST_STEP][PASSED] - Statement - counter = counter + 1: null

2019-01-03 20:36:43 - [TEST_STEP][PASSED] - Statement - PreSaveFile = new java.io.File(((pathPrefix + java.lang.Integer.toString(counter)) + .png)): null

2019-01-03 20:36:43 - [TEST_STEP][PASSED] - Statement - counter = counter + 1: null

2019-01-03 20:36:43 - [TEST_STEP][PASSED] - Statement - PreSaveFile = new java.io.File(((pathPrefix + java.lang.Integer.toString(counter)) + .png)): null

2019-01-03 20:36:43 - [TEST_STEP][PASSED] - Statement - counter = counter + 1: null

2019-01-03 20:36:43 - [TEST_STEP][PASSED] - Statement - PreSaveFile = new java.io.File(((pathPrefix + java.lang.Integer.toString(counter)) + .png)): null

2019-01-03 20:36:43 - [TEST_STEP][PASSED] - Statement - counter = counter + 1: null

2019-01-03 20:36:43 - [TEST_STEP][PASSED] - Statement - PreSaveFile = new java.io.File(((pathPrefix + java.lang.Integer.toString(counter)) + .png)): null

2019-01-03 20:36:43 - [TEST_STEP][PASSED] - Statement - counter = counter + 1: null

2019-01-03 20:36:43 - [TEST_STEP][PASSED] - Statement - PreSaveFile = new java.io.File(((pathPrefix + java.lang.Integer.toString(counter)) + .png)): null

2019-01-03 20:36:43 - [TEST_STEP][PASSED] - Statement - counter = counter + 1: null

2019-01-03 20:36:43 - [TEST_STEP][PASSED] - Statement - PreSaveFile = new java.io.File(((pathPrefix + java.lang.Integer.toString(counter)) + .png)): null

2019-01-03 20:36:43 - [TEST_STEP][PASSED] - Statement - counter = counter + 1: null

2019-01-03 20:36:43 - [TEST_STEP][PASSED] - Statement - PreSaveFile = new java.io.File(((pathPrefix + java.lang.Integer.toString(counter)) + .png)): null

2019-01-03 20:36:43 - [TEST_STEP][PASSED] - Statement - counter = counter + 1: null

2019-01-03 20:36:43 - [TEST_STEP][PASSED] - Statement - PreSaveFile = new java.io.File(((pathPrefix + java.lang.Integer.toString(counter)) + .png)): null

2019-01-03 20:36:43 - [TEST_STEP][PASSED] - Statement - counter = counter + 1: null

2019-01-03 20:36:43 - [TEST_STEP][PASSED] - Statement - PreSaveFile = new java.io.File(((pathPrefix + java.lang.Integer.toString(counter)) + .png)): null

2019-01-03 20:36:43 - [TEST_STEP][PASSED] - Statement - counter = counter + 1: null

2019-01-03 20:36:43 - [TEST_STEP][PASSED] - Statement - PreSaveFile = new java.io.File(((pathPrefix + java.lang.Integer.toString(counter)) + .png)): null

2019-01-03 20:36:43 - [TEST_STEP][PASSED] - Statement - counter = counter + 1: null

2019-01-03 20:36:43 - [TEST_STEP][PASSED] - Statement - PreSaveFile = new java.io.File(((pathPrefix + java.lang.Integer.toString(counter)) + .png)): null

2019-01-03 20:36:43 - [TEST_STEP][PASSED] - Statement - counter = counter + 1: null

2019-01-03 20:36:43 - [TEST_STEP][PASSED] - Statement - PreSaveFile = new java.io.File(((pathPrefix + java.lang.Integer.toString(counter)) + .png)): null

2019-01-03 20:36:43 - [TEST_STEP][PASSED] - Statement - counter = counter + 1: null

2019-01-03 20:36:43 - [TEST_STEP][PASSED] - Statement - PreSaveFile = new java.io.File(((pathPrefix + java.lang.Integer.toString(counter)) + .png)): null

2019-01-03 20:36:43 - [TEST_STEP][PASSED] - Statement - counter = counter + 1: null

2019-01-03 20:36:43 - [TEST_STEP][PASSED] - Statement - PreSaveFile = new java.io.File(((pathPrefix + java.lang.Integer.toString(counter)) + .png)): null

2019-01-03 20:36:43 - [TEST_STEP][PASSED] - Statement - counter = counter + 1: null

2019-01-03 20:36:43 - [TEST_STEP][PASSED] - Statement - PreSaveFile = new java.io.File(((pathPrefix + java.lang.Integer.toString(counter)) + .png)): null

2019-01-03 20:36:43 - [TEST_STEP][PASSED] - Statement - counter = counter + 1: null

2019-01-03 20:36:43 - [TEST_STEP][PASSED] - Statement - PreSaveFile = new java.io.File(((pathPrefix + java.lang.Integer.toString(counter)) + .png)): null

2019-01-03 20:36:43 - [TEST_STEP][PASSED] - Statement - counter = counter + 1: null

2019-01-03 20:36:43 - [TEST_STEP][PASSED] - Statement - PreSaveFile = new java.io.File(((pathPrefix + java.lang.Integer.toString(counter)) + .png)): null

2019-01-03 20:36:43 - [TEST_STEP][PASSED] - Statement - counter = counter + 1: null

2019-01-03 20:36:43 - [TEST_STEP][PASSED] - Statement - PreSaveFile = new java.io.File(((pathPrefix + java.lang.Integer.toString(counter)) + .png)): null

2019-01-03 20:36:43 - [TEST_STEP][PASSED] - Statement - counter = counter + 1: null

2019-01-03 20:36:43 - [TEST_STEP][PASSED] - Statement - PreSaveFile = new java.io.File(((pathPrefix + java.lang.Integer.toString(counter)) + .png)): null

2019-01-03 20:36:43 - [TEST_STEP][PASSED] - Statement - counter = counter + 1: null

2019-01-03 20:36:43 - [TEST_STEP][PASSED] - Statement - PreSaveFile = new java.io.File(((pathPrefix + java.lang.Integer.toString(counter)) + .png)): null

2019-01-03 20:36:43 - [TEST_STEP][PASSED] - Statement - counter = counter + 1: null

2019-01-03 20:36:43 - [TEST_STEP][PASSED] - Statement - PreSaveFile = new java.io.File(((pathPrefix + java.lang.Integer.toString(counter)) + .png)): null

2019-01-03 20:36:43 - [TEST_STEP][PASSED] - Statement - counter = counter + 1: null

2019-01-03 20:36:43 - [TEST_STEP][PASSED] - Statement - PreSaveFile = new java.io.File(((pathPrefix + java.lang.Integer.toString(counter)) + .png)): null

2019-01-03 20:36:43 - [TEST_STEP][PASSED] - Statement - counter = counter + 1: null

2019-01-03 20:36:43 - [TEST_STEP][PASSED] - Statement - PreSaveFile = new java.io.File(((pathPrefix + java.lang.Integer.toString(counter)) + .png)): null

2019-01-03 20:36:43 - [TEST_STEP][PASSED] - Statement - counter = counter + 1: null

2019-01-03 20:36:43 - [TEST_STEP][PASSED] - Statement - PreSaveFile = new java.io.File(((pathPrefix + java.lang.Integer.toString(counter)) + .png)): null

2019-01-03 20:36:43 - [TEST_STEP][PASSED] - Statement - counter = counter + 1: null

2019-01-03 20:36:43 - [TEST_STEP][PASSED] - Statement - PreSaveFile = new java.io.File(((pathPrefix + java.lang.Integer.toString(counter)) + .png)): null

2019-01-03 20:36:43 - [TEST_STEP][PASSED] - Statement - counter = counter + 1: null

2019-01-03 20:36:43 - [TEST_STEP][PASSED] - Statement - PreSaveFile = new java.io.File(((pathPrefix + java.lang.Integer.toString(counter)) + .png)): null

2019-01-03 20:36:43 - [TEST_STEP][PASSED] - Statement - counter = counter + 1: null

2019-01-03 20:36:43 - [TEST_STEP][PASSED] - Statement - PreSaveFile = new java.io.File(((pathPrefix + java.lang.Integer.toString(counter)) + .png)): null

2019-01-03 20:36:43 - [TEST_STEP][PASSED] - Statement - counter = counter + 1: null

2019-01-03 20:36:43 - [TEST_STEP][PASSED] - Statement - PreSaveFile = new java.io.File(((pathPrefix + java.lang.Integer.toString(counter)) + .png)): null

2019-01-03 20:36:43 - [TEST_STEP][PASSED] - Statement - counter = counter + 1: null

2019-01-03 20:36:43 - [TEST_STEP][PASSED] - Statement - PreSaveFile = new java.io.File(((pathPrefix + java.lang.Integer.toString(counter)) + .png)): null

2019-01-03 20:36:43 - [TEST_STEP][PASSED] - Statement - counter = counter + 1: null

2019-01-03 20:36:43 - [TEST_STEP][PASSED] - Statement - PreSaveFile = new java.io.File(((pathPrefix + java.lang.Integer.toString(counter)) + .png)): null

2019-01-03 20:36:43 - [TEST_STEP][PASSED] - Statement - counter = counter + 1: null

2019-01-03 20:36:43 - [TEST_STEP][PASSED] - Statement - PreSaveFile = new java.io.File(((pathPrefix + java.lang.Integer.toString(counter)) + .png)): null

2019-01-03 20:36:43 - [TEST_STEP][PASSED] - Statement - counter = counter + 1: null

2019-01-03 20:36:43 - [TEST_STEP][PASSED] - Statement - PreSaveFile = new java.io.File(((pathPrefix + java.lang.Integer.toString(counter)) + .png)): null

2019-01-03 20:36:43 - [TEST_STEP][PASSED] - Statement - counter = counter + 1: null

2019-01-03 20:36:43 - [TEST_STEP][PASSED] - Statement - PreSaveFile = new java.io.File(((pathPrefix + java.lang.Integer.toString(counter)) + .png)): null

2019-01-03 20:36:43 - [TEST_STEP][PASSED] - Statement - counter = counter + 1: null

2019-01-03 20:36:43 - [TEST_STEP][PASSED] - Statement - PreSaveFile = new java.io.File(((pathPrefix + java.lang.Integer.toString(counter)) + .png)): null

2019-01-03 20:36:43 - [TEST_STEP][PASSED] - Statement - counter = counter + 1: null

2019-01-03 20:36:43 - [TEST_STEP][PASSED] - Statement - PreSaveFile = new java.io.File(((pathPrefix + java.lang.Integer.toString(counter)) + .png)): null

2019-01-03 20:36:43 - [TEST_STEP][PASSED] - Statement - counter = counter + 1: null

2019-01-03 20:36:43 - [TEST_STEP][PASSED] - Statement - PreSaveFile = new java.io.File(((pathPrefix + java.lang.Integer.toString(counter)) + .png)): null

2019-01-03 20:36:43 - [TEST_STEP][PASSED] - Statement - counter = counter + 1: null

2019-01-03 20:36:43 - [TEST_STEP][PASSED] - Statement - PreSaveFile = new java.io.File(((pathPrefix + java.lang.Integer.toString(counter)) + .png)): null

2019-01-03 20:36:43 - [TEST_STEP][PASSED] - Statement - counter = counter + 1: null

2019-01-03 20:36:43 - [TEST_STEP][PASSED] - Statement - PreSaveFile = new java.io.File(((pathPrefix + java.lang.Integer.toString(counter)) + .png)): null

2019-01-03 20:36:43 - [TEST_STEP][PASSED] - Statement - counter = counter + 1: null

2019-01-03 20:36:43 - [TEST_STEP][PASSED] - Statement - PreSaveFile = new java.io.File(((pathPrefix + java.lang.Integer.toString(counter)) + .png)): null

2019-01-03 20:36:43 - [TEST_STEP][PASSED] - Statement - counter = counter + 1: null

2019-01-03 20:36:43 - [TEST_STEP][PASSED] - Statement - PreSaveFile = new java.io.File(((pathPrefix + java.lang.Integer.toString(counter)) + .png)): null

2019-01-03 20:36:43 - [TEST_STEP][PASSED] - Statement - counter = counter + 1: null

2019-01-03 20:36:43 - [TEST_STEP][PASSED] - Statement - PreSaveFile = new java.io.File(((pathPrefix + java.lang.Integer.toString(counter)) + .png)): null

2019-01-03 20:36:43 - [TEST_STEP][PASSED] - Statement - counter = counter + 1: null

2019-01-03 20:36:43 - [TEST_STEP][PASSED] - Statement - PreSaveFile = new java.io.File(((pathPrefix + java.lang.Integer.toString(counter)) + .png)): null

2019-01-03 20:36:43 - [TEST_STEP][PASSED] - Statement - counter = counter + 1: null

2019-01-03 20:36:43 - [TEST_STEP][PASSED] - Statement - PreSaveFile = new java.io.File(((pathPrefix + java.lang.Integer.toString(counter)) + .png)): null

2019-01-03 20:36:43 - [TEST_STEP][PASSED] - Statement - counter = counter + 1: null

2019-01-03 20:36:43 - [TEST_STEP][PASSED] - Statement - PreSaveFile = new java.io.File(((pathPrefix + java.lang.Integer.toString(counter)) + .png)): null

2019-01-03 20:36:43 - [TEST_STEP][PASSED] - Statement - counter = counter + 1: null

2019-01-03 20:36:43 - [TEST_STEP][PASSED] - Statement - PreSaveFile = new java.io.File(((pathPrefix + java.lang.Integer.toString(counter)) + .png)): null

2019-01-03 20:36:43 - [TEST_STEP][PASSED] - Statement - counter = counter + 1: null

2019-01-03 20:36:43 - [TEST_STEP][PASSED] - Statement - PreSaveFile = new java.io.File(((pathPrefix + java.lang.Integer.toString(counter)) + .png)): null

2019-01-03 20:36:43 - [TEST_STEP][PASSED] - Statement - counter = counter + 1: null

2019-01-03 20:36:43 - [TEST_STEP][PASSED] - Statement - PreSaveFile = new java.io.File(((pathPrefix + java.lang.Integer.toString(counter)) + .png)): null

2019-01-03 20:36:43 - [TEST_STEP][PASSED] - Statement - counter = counter + 1: null

2019-01-03 20:36:43 - [TEST_STEP][PASSED] - Statement - PreSaveFile = new java.io.File(((pathPrefix + java.lang.Integer.toString(counter)) + .png)): null

2019-01-03 20:36:43 - [TEST_STEP][PASSED] - Statement - counter = counter + 1: null

2019-01-03 20:36:43 - [TEST_STEP][PASSED] - Statement - PreSaveFile = new java.io.File(((pathPrefix + java.lang.Integer.toString(counter)) + .png)): null

2019-01-03 20:36:43 - [TEST_STEP][PASSED] - Statement - counter = counter + 1: null

2019-01-03 20:36:43 - [TEST_STEP][PASSED] - Statement - PreSaveFile = new java.io.File(((pathPrefix + java.lang.Integer.toString(counter)) + .png)): null

2019-01-03 20:36:43 - [TEST_STEP][PASSED] - Statement - counter = counter + 1: null

2019-01-03 20:36:43 - [TEST_STEP][PASSED] - Statement - PreSaveFile = new java.io.File(((pathPrefix + java.lang.Integer.toString(counter)) + .png)): null

2019-01-03 20:36:43 - [TEST_STEP][PASSED] - Statement - counter = counter + 1: null

2019-01-03 20:36:43 - [TEST_STEP][PASSED] - Statement - PreSaveFile = new java.io.File(((pathPrefix + java.lang.Integer.toString(counter)) + .png)): null

2019-01-03 20:36:43 - [TEST_STEP][PASSED] - Statement - counter = counter + 1: null

2019-01-03 20:36:43 - [TEST_STEP][PASSED] - Statement - PreSaveFile = new java.io.File(((pathPrefix + java.lang.Integer.toString(counter)) + .png)): null

2019-01-03 20:36:43 - [TEST_STEP][PASSED] - Statement - counter = counter + 1: null

2019-01-03 20:36:43 - [TEST_STEP][PASSED] - Statement - PreSaveFile = new java.io.File(((pathPrefix + java.lang.Integer.toString(counter)) + .png)): null

2019-01-03 20:36:43 - [TEST_STEP][PASSED] - Statement - counter = counter + 1: null

2019-01-03 20:36:43 - [TEST_STEP][PASSED] - Statement - PreSaveFile = new java.io.File(((pathPrefix + java.lang.Integer.toString(counter)) + .png)): null

2019-01-03 20:36:43 - [TEST_STEP][PASSED] - Statement - counter = counter + 1: null

2019-01-03 20:36:43 - [TEST_STEP][PASSED] - Statement - PreSaveFile = new java.io.File(((pathPrefix + java.lang.Integer.toString(counter)) + .png)): null

2019-01-03 20:36:43 - [TEST_STEP][PASSED] - Statement - counter = counter + 1: null

2019-01-03 20:36:43 - [TEST_STEP][PASSED] - Statement - PreSaveFile = new java.io.File(((pathPrefix + java.lang.Integer.toString(counter)) + .png)): null

2019-01-03 20:36:43 - [TEST_STEP][PASSED] - Statement - counter = counter + 1: null

2019-01-03 20:36:43 - [TEST_STEP][PASSED] - Statement - PreSaveFile = new java.io.File(((pathPrefix + java.lang.Integer.toString(counter)) + .png)): null

2019-01-03 20:36:43 - [TEST_STEP][PASSED] - Statement - counter = counter + 1: null

2019-01-03 20:36:43 - [TEST_STEP][PASSED] - Statement - PreSaveFile = new java.io.File(((pathPrefix + java.lang.Integer.toString(counter)) + .png)): null

2019-01-03 20:36:43 - [TEST_STEP][PASSED] - Statement - counter = counter + 1: null

2019-01-03 20:36:43 - [TEST_STEP][PASSED] - Statement - PreSaveFile = new java.io.File(((pathPrefix + java.lang.Integer.toString(counter)) + .png)): null

2019-01-03 20:36:43 - [TEST_STEP][PASSED] - Statement - counter = counter + 1: null

2019-01-03 20:36:43 - [TEST_STEP][PASSED] - Statement - PreSaveFile = new java.io.File(((pathPrefix + java.lang.Integer.toString(counter)) + .png)): null

2019-01-03 20:36:43 - [TEST_STEP][PASSED] - Statement - counter = counter + 1: null

2019-01-03 20:36:43 - [TEST_STEP][PASSED] - Statement - PreSaveFile = new java.io.File(((pathPrefix + java.lang.Integer.toString(counter)) + .png)): null

2019-01-03 20:36:43 - [TEST_STEP][PASSED] - Statement - counter = counter + 1: null

2019-01-03 20:36:43 - [TEST_STEP][PASSED] - Statement - PreSaveFile = new java.io.File(((pathPrefix + java.lang.Integer.toString(counter)) + .png)): null

2019-01-03 20:36:43 - [TEST_STEP][PASSED] - Statement - counter = counter + 1: null

2019-01-03 20:36:43 - [TEST_STEP][PASSED] - Statement - PreSaveFile = new java.io.File(((pathPrefix + java.lang.Integer.toString(counter)) + .png)): null

2019-01-03 20:36:43 - [TEST_STEP][PASSED] - Statement - counter = counter + 1: null

2019-01-03 20:36:43 - [TEST_STEP][PASSED] - Statement - PreSaveFile = new java.io.File(((pathPrefix + java.lang.Integer.toString(counter)) + .png)): null

2019-01-03 20:36:43 - [TEST_STEP][PASSED] - Statement - counter = counter + 1: null

2019-01-03 20:36:43 - [TEST_STEP][PASSED] - Statement - PreSaveFile = new java.io.File(((pathPrefix + java.lang.Integer.toString(counter)) + .png)): null

2019-01-03 20:36:43 - [TEST_STEP][PASSED] - Statement - counter = counter + 1: null

2019-01-03 20:36:43 - [TEST_STEP][PASSED] - Statement - PreSaveFile = new java.io.File(((pathPrefix + java.lang.Integer.toString(counter)) + .png)): null

2019-01-03 20:36:43 - [TEST_STEP][PASSED] - Statement - counter = counter + 1: null

2019-01-03 20:36:43 - [TEST_STEP][PASSED] - Statement - PreSaveFile = new java.io.File(((pathPrefix + java.lang.Integer.toString(counter)) + .png)): null

2019-01-03 20:36:43 - [TEST_STEP][PASSED] - Statement - counter = counter + 1: null

2019-01-03 20:36:43 - [TEST_STEP][PASSED] - Statement - PreSaveFile = new java.io.File(((pathPrefix + java.lang.Integer.toString(counter)) + .png)): null

2019-01-03 20:36:43 - [TEST_STEP][PASSED] - Statement - counter = counter + 1: null

2019-01-03 20:36:43 - [TEST_STEP][PASSED] - Statement - PreSaveFile = new java.io.File(((pathPrefix + java.lang.Integer.toString(counter)) + .png)): null

2019-01-03 20:36:43 - [TEST_STEP][PASSED] - Statement - counter = counter + 1: null

2019-01-03 20:36:43 - [TEST_STEP][PASSED] - Statement - PreSaveFile = new java.io.File(((pathPrefix + java.lang.Integer.toString(counter)) + .png)): null

2019-01-03 20:36:43 - [TEST_STEP][PASSED] - Statement - counter = counter + 1: null

2019-01-03 20:36:43 - [TEST_STEP][PASSED] - Statement - PreSaveFile = new java.io.File(((pathPrefix + java.lang.Integer.toString(counter)) + .png)): null

2019-01-03 20:36:43 - [TEST_STEP][PASSED] - Statement - counter = counter + 1: null

2019-01-03 20:36:43 - [TEST_STEP][PASSED] - Statement - PreSaveFile = new java.io.File(((pathPrefix + java.lang.Integer.toString(counter)) + .png)): null

2019-01-03 20:36:43 - [TEST_STEP][PASSED] - Statement - counter = counter + 1: null

2019-01-03 20:36:43 - [TEST_STEP][PASSED] - Statement - PreSaveFile = new java.io.File(((pathPrefix + java.lang.Integer.toString(counter)) + .png)): null

2019-01-03 20:36:43 - [TEST_STEP][PASSED] - Statement - counter = counter + 1: null

2019-01-03 20:36:43 - [TEST_STEP][PASSED] - Statement - PreSaveFile = new java.io.File(((pathPrefix + java.lang.Integer.toString(counter)) + .png)): null

2019-01-03 20:36:43 - [TEST_STEP][PASSED] - Statement - counter = counter + 1: null

2019-01-03 20:36:43 - [TEST_STEP][PASSED] - Statement - PreSaveFile = new java.io.File(((pathPrefix + java.lang.Integer.toString(counter)) + .png)): null

2019-01-03 20:36:43 - [TEST_STEP][PASSED] - Statement - counter = counter + 1: null

2019-01-03 20:36:43 - [TEST_STEP][PASSED] - Statement - PreSaveFile = new java.io.File(((pathPrefix + java.lang.Integer.toString(counter)) + .png)): null

2019-01-03 20:36:43 - [TEST_STEP][PASSED] - Statement - counter = counter + 1: null

2019-01-03 20:36:43 - [TEST_STEP][PASSED] - Statement - PreSaveFile = new java.io.File(((pathPrefix + java.lang.Integer.toString(counter)) + .png)): null

2019-01-03 20:36:43 - [TEST_STEP][PASSED] - Statement - counter = counter + 1: null

2019-01-03 20:36:43 - [TEST_STEP][PASSED] - Statement - PreSaveFile = new java.io.File(((pathPrefix + java.lang.Integer.toString(counter)) + .png)): null

2019-01-03 20:36:43 - [TEST_STEP][PASSED] - Statement - counter = counter + 1: null

2019-01-03 20:36:43 - [TEST_STEP][PASSED] - Statement - PreSaveFile = new java.io.File(((pathPrefix + java.lang.Integer.toString(counter)) + .png)): null

2019-01-03 20:36:43 - [TEST_STEP][PASSED] - Statement - counter = counter + 1: null

2019-01-03 20:36:43 - [TEST_STEP][PASSED] - Statement - PreSaveFile = new java.io.File(((pathPrefix + java.lang.Integer.toString(counter)) + .png)): null

2019-01-03 20:36:43 - [TEST_STEP][PASSED] - Statement - counter = counter + 1: null

2019-01-03 20:36:43 - [TEST_STEP][PASSED] - Statement - PreSaveFile = new java.io.File(((pathPrefix + java.lang.Integer.toString(counter)) + .png)): null

2019-01-03 20:36:43 - [TEST_STEP][PASSED] - Statement - counter = counter + 1: null

2019-01-03 20:36:43 - [TEST_STEP][PASSED] - Statement - PreSaveFile = new java.io.File(((pathPrefix + java.lang.Integer.toString(counter)) + .png)): null

2019-01-03 20:36:43 - [TEST_STEP][PASSED] - Statement - counter = counter + 1: null

2019-01-03 20:36:43 - [TEST_STEP][PASSED] - Statement - PreSaveFile = new java.io.File(((pathPrefix + java.lang.Integer.toString(counter)) + .png)): null

2019-01-03 20:36:43 - [TEST_STEP][PASSED] - Statement - counter = counter + 1: null

2019-01-03 20:36:43 - [TEST_STEP][PASSED] - Statement - PreSaveFile = new java.io.File(((pathPrefix + java.lang.Integer.toString(counter)) + .png)): null

2019-01-03 20:36:43 - [TEST_STEP][PASSED] - Statement - counter = counter + 1: null

2019-01-03 20:36:43 - [TEST_STEP][PASSED] - Statement - PreSaveFile = new java.io.File(((pathPrefix + java.lang.Integer.toString(counter)) + .png)): null

2019-01-03 20:36:43 - [TEST_STEP][PASSED] - Statement - counter = counter + 1: null

2019-01-03 20:36:43 - [TEST_STEP][PASSED] - Statement - PreSaveFile = new java.io.File(((pathPrefix + java.lang.Integer.toString(counter)) + .png)): null

2019-01-03 20:36:43 - [TEST_STEP][PASSED] - Statement - counter = counter + 1: null

2019-01-03 20:36:43 - [TEST_STEP][PASSED] - Statement - PreSaveFile = new java.io.File(((pathPrefix + java.lang.Integer.toString(counter)) + .png)): null

2019-01-03 20:36:43 - [TEST_STEP][PASSED] - Statement - counter = counter + 1: null

2019-01-03 20:36:43 - [TEST_STEP][PASSED] - Statement - PreSaveFile = new java.io.File(((pathPrefix + java.lang.Integer.toString(counter)) + .png)): null

2019-01-03 20:36:43 - [TEST_STEP][PASSED] - Statement - counter = counter + 1: null

2019-01-03 20:36:43 - [TEST_STEP][PASSED] - Statement - PreSaveFile = new java.io.File(((pathPrefix + java.lang.Integer.toString(counter)) + .png)): null

2019-01-03 20:36:43 - [TEST_STEP][PASSED] - Statement - counter = counter + 1: null

2019-01-03 20:36:43 - [TEST_STEP][PASSED] - Statement - PreSaveFile = new java.io.File(((pathPrefix + java.lang.Integer.toString(counter)) + .png)): null

2019-01-03 20:36:43 - [TEST_STEP][PASSED] - Statement - counter = counter + 1: null

2019-01-03 20:36:43 - [TEST_STEP][PASSED] - Statement - PreSaveFile = new java.io.File(((pathPrefix + java.lang.Integer.toString(counter)) + .png)): null

2019-01-03 20:36:43 - [TEST_STEP][PASSED] - Statement - counter = counter + 1: null

2019-01-03 20:36:43 - [TEST_STEP][PASSED] - Statement - PreSaveFile = new java.io.File(((pathPrefix + java.lang.Integer.toString(counter)) + .png)): null

2019-01-03 20:36:43 - [TEST_STEP][PASSED] - Statement - counter = counter + 1: null

2019-01-03 20:36:43 - [TEST_STEP][PASSED] - Statement - PreSaveFile = new java.io.File(((pathPrefix + java.lang.Integer.toString(counter)) + .png)): null

2019-01-03 20:36:43 - [TEST_STEP][PASSED] - Statement - counter = counter + 1: null

2019-01-03 20:36:43 - [TEST_STEP][PASSED] - Statement - PreSaveFile = new java.io.File(((pathPrefix + java.lang.Integer.toString(counter)) + .png)): null

2019-01-03 20:36:43 - [TEST_STEP][PASSED] - Statement - counter = counter + 1: null

2019-01-03 20:36:43 - [TEST_STEP][PASSED] - Statement - PreSaveFile = new java.io.File(((pathPrefix + java.lang.Integer.toString(counter)) + .png)): null

2019-01-03 20:36:43 - [TEST_STEP][PASSED] - Statement - counter = counter + 1: null

2019-01-03 20:36:43 - [TEST_STEP][PASSED] - Statement - PreSaveFile = new java.io.File(((pathPrefix + java.lang.Integer.toString(counter)) + .png)): null

2019-01-03 20:36:43 - [TEST_STEP][PASSED] - Statement - counter = counter + 1: null

2019-01-03 20:36:43 - [TEST_STEP][PASSED] - Statement - PreSaveFile = new java.io.File(((pathPrefix + java.lang.Integer.toString(counter)) + .png)): null

2019-01-03 20:36:43 - [TEST_STEP][PASSED] - Statement - counter = counter + 1: null

2019-01-03 20:36:43 - [TEST_STEP][PASSED] - Statement - PreSaveFile = new java.io.File(((pathPrefix + java.lang.Integer.toString(counter)) + .png)): null

2019-01-03 20:36:43 - [TEST_STEP][PASSED] - Statement - counter = counter + 1: null

2019-01-03 20:36:43 - [TEST_STEP][PASSED] - Statement - PreSaveFile = new java.io.File(((pathPrefix + java.lang.Integer.toString(counter)) + .png)): null

2019-01-03 20:36:43 - [TEST_STEP][PASSED] - Statement - counter = counter + 1: null

2019-01-03 20:36:43 - [TEST_STEP][PASSED] - Statement - PreSaveFile = new java.io.File(((pathPrefix + java.lang.Integer.toString(counter)) + .png)): null

2019-01-03 20:36:43 - [TEST_STEP][PASSED] - Statement - counter = counter + 1: null

2019-01-03 20:36:43 - [TEST_STEP][PASSED] - Statement - PreSaveFile = new java.io.File(((pathPrefix + java.lang.Integer.toString(counter)) + .png)): null

2019-01-03 20:36:43 - [TEST_STEP][PASSED] - Statement - counter = counter + 1: null

2019-01-03 20:36:43 - [TEST_STEP][PASSED] - Statement - PreSaveFile = new java.io.File(((pathPrefix + java.lang.Integer.toString(counter)) + .png)): null

2019-01-03 20:36:43 - [TEST_STEP][PASSED] - Statement - counter = counter + 1: null

2019-01-03 20:36:43 - [TEST_STEP][PASSED] - Statement - PreSaveFile = new java.io.File(((pathPrefix + java.lang.Integer.toString(counter)) + .png)): null

2019-01-03 20:36:43 - [TEST_STEP][PASSED] - Statement - counter = counter + 1: null

2019-01-03 20:36:43 - [TEST_STEP][PASSED] - Statement - PreSaveFile = new java.io.File(((pathPrefix + java.lang.Integer.toString(counter)) + .png)): null

2019-01-03 20:36:43 - [TEST_STEP][PASSED] - Statement - counter = counter + 1: null

2019-01-03 20:36:43 - [TEST_STEP][PASSED] - Statement - PreSaveFile = new java.io.File(((pathPrefix + java.lang.Integer.toString(counter)) + .png)): null

2019-01-03 20:36:43 - [TEST_STEP][PASSED] - Statement - counter = counter + 1: null

2019-01-03 20:36:43 - [TEST_STEP][PASSED] - Statement - PreSaveFile = new java.io.File(((pathPrefix + java.lang.Integer.toString(counter)) + .png)): null

2019-01-03 20:36:43 - [TEST_STEP][PASSED] - Statement - counter = counter + 1: null

2019-01-03 20:36:43 - [TEST_STEP][PASSED] - Statement - PreSaveFile = new java.io.File(((pathPrefix + java.lang.Integer.toString(counter)) + .png)): null

2019-01-03 20:36:43 - [TEST_STEP][PASSED] - Statement - counter = counter + 1: null

2019-01-03 20:36:43 - [TEST_STEP][PASSED] - Statement - PreSaveFile = new java.io.File(((pathPrefix + java.lang.Integer.toString(counter)) + .png)): null

2019-01-03 20:36:43 - [TEST_STEP][PASSED] - Statement - counter = counter + 1: null

2019-01-03 20:36:43 - [TEST_STEP][PASSED] - Statement - PreSaveFile = new java.io.File(((pathPrefix + java.lang.Integer.toString(counter)) + .png)): null

2019-01-03 20:36:43 - [TEST_STEP][PASSED] - Statement - counter = counter + 1: null

2019-01-03 20:36:43 - [TEST_STEP][PASSED] - Statement - PreSaveFile = new java.io.File(((pathPrefix + java.lang.Integer.toString(counter)) + .png)): null

2019-01-03 20:36:43 - [TEST_STEP][PASSED] - Statement - counter = counter + 1: null

2019-01-03 20:36:43 - [TEST_STEP][PASSED] - Statement - PreSaveFile = new java.io.File(((pathPrefix + java.lang.Integer.toString(counter)) + .png)): null

2019-01-03 20:36:43 - [TEST_STEP][PASSED] - Statement - counter = counter + 1: null

2019-01-03 20:36:43 - [TEST_STEP][PASSED] - Statement - PreSaveFile = new java.io.File(((pathPrefix + java.lang.Integer.toString(counter)) + .png)): null

2019-01-03 20:36:43 - [TEST_STEP][PASSED] - Statement - counter = counter + 1: null

2019-01-03 20:36:43 - [TEST_STEP][PASSED] - Statement - PreSaveFile = new java.io.File(((pathPrefix + java.lang.Integer.toString(counter)) + .png)): null

2019-01-03 20:36:43 - [TEST_STEP][PASSED] - Statement - counter = counter + 1: null

2019-01-03 20:36:43 - [TEST_STEP][PASSED] - Statement - PreSaveFile = new java.io.File(((pathPrefix + java.lang.Integer.toString(counter)) + .png)): null

2019-01-03 20:36:43 - [TEST_STEP][PASSED] - Statement - counter = counter + 1: null

2019-01-03 20:36:43 - [TEST_STEP][PASSED] - Statement - PreSaveFile = new java.io.File(((pathPrefix + java.lang.Integer.toString(counter)) + .png)): null

2019-01-03 20:36:43 - [TEST_STEP][PASSED] - Statement - counter = counter + 1: null

2019-01-03 20:36:43 - [TEST_STEP][PASSED] - Statement - PreSaveFile = new java.io.File(((pathPrefix + java.lang.Integer.toString(counter)) + .png)): null

2019-01-03 20:36:43 - [TEST_STEP][PASSED] - Statement - counter = counter + 1: null

2019-01-03 20:36:43 - [TEST_STEP][PASSED] - Statement - PreSaveFile = new java.io.File(((pathPrefix + java.lang.Integer.toString(counter)) + .png)): null

2019-01-03 20:36:43 - [TEST_STEP][PASSED] - Statement - counter = counter + 1: null

2019-01-03 20:36:43 - [TEST_STEP][PASSED] - Statement - PreSaveFile = new java.io.File(((pathPrefix + java.lang.Integer.toString(counter)) + .png)): null

2019-01-03 20:36:43 - [TEST_STEP][PASSED] - Statement - counter = counter + 1: null

2019-01-03 20:36:43 - [TEST_STEP][PASSED] - Statement - PreSaveFile = new java.io.File(((pathPrefix + java.lang.Integer.toString(counter)) + .png)): null

2019-01-03 20:36:43 - [TEST_STEP][PASSED] - Statement - counter = counter + 1: null

2019-01-03 20:36:44 - [TEST_STEP][PASSED] - Statement - PreSaveFile = new java.io.File(((pathPrefix + java.lang.Integer.toString(counter)) + .png)): null

2019-01-03 20:36:44 - [TEST_STEP][PASSED] - Statement - counter = counter + 1: null

2019-01-03 20:36:44 - [TEST_STEP][PASSED] - Statement - PreSaveFile = new java.io.File(((pathPrefix + java.lang.Integer.toString(counter)) + .png)): null

2019-01-03 20:36:44 - [TEST_STEP][PASSED] - Statement - counter = counter + 1: null

2019-01-03 20:36:44 - [TEST_STEP][PASSED] - Statement - PreSaveFile = new java.io.File(((pathPrefix + java.lang.Integer.toString(counter)) + .png)): null

2019-01-03 20:36:44 - [TEST_STEP][PASSED] - Statement - counter = counter + 1: null

2019-01-03 20:36:44 - [TEST_STEP][PASSED] - Statement - PreSaveFile = new java.io.File(((pathPrefix + java.lang.Integer.toString(counter)) + .png)): null

2019-01-03 20:36:44 - [TEST_STEP][PASSED] - Statement - counter = counter + 1: null

2019-01-03 20:36:44 - [TEST_STEP][PASSED] - Statement - PreSaveFile = new java.io.File(((pathPrefix + java.lang.Integer.toString(counter)) + .png)): null

2019-01-03 20:36:44 - [TEST_STEP][PASSED] - Statement - counter = counter + 1: null

2019-01-03 20:36:44 - [TEST_STEP][PASSED] - Statement - PreSaveFile = new java.io.File(((pathPrefix + java.lang.Integer.toString(counter)) + .png)): null

2019-01-03 20:36:44 - [TEST_STEP][PASSED] - Statement - counter = counter + 1: null

2019-01-03 20:36:44 - [TEST_STEP][PASSED] - Statement - PreSaveFile = new java.io.File(((pathPrefix + java.lang.Integer.toString(counter)) + .png)): null

2019-01-03 20:36:44 - [TEST_STEP][PASSED] - Statement - counter = counter + 1: null

2019-01-03 20:36:44 - [TEST_STEP][PASSED] - Statement - PreSaveFile = new java.io.File(((pathPrefix + java.lang.Integer.toString(counter)) + .png)): null

2019-01-03 20:36:44 - [TEST_STEP][PASSED] - Statement - counter = counter + 1: null

2019-01-03 20:36:44 - [TEST_STEP][PASSED] - Statement - PreSaveFile = new java.io.File(((pathPrefix + java.lang.Integer.toString(counter)) + .png)): null

2019-01-03 20:36:44 - [TEST_STEP][PASSED] - Statement - counter = counter + 1: null

2019-01-03 20:36:44 - [TEST_STEP][PASSED] - Statement - PreSaveFile = new java.io.File(((pathPrefix + java.lang.Integer.toString(counter)) + .png)): null

2019-01-03 20:36:44 - [TEST_STEP][PASSED] - Statement - counter = counter + 1: null

2019-01-03 20:36:44 - [TEST_STEP][PASSED] - Statement - PreSaveFile = new java.io.File(((pathPrefix + java.lang.Integer.toString(counter)) + .png)): null

2019-01-03 20:36:44 - [TEST_STEP][PASSED] - Statement - counter = counter + 1: null

2019-01-03 20:36:44 - [TEST_STEP][PASSED] - Statement - PreSaveFile = new java.io.File(((pathPrefix + java.lang.Integer.toString(counter)) + .png)): null

2019-01-03 20:36:44 - [TEST_STEP][PASSED] - Statement - counter = counter + 1: null

2019-01-03 20:36:44 - [TEST_STEP][PASSED] - Statement - PreSaveFile = new java.io.File(((pathPrefix + java.lang.Integer.toString(counter)) + .png)): null

2019-01-03 20:36:44 - [TEST_STEP][PASSED] - Statement - counter = counter + 1: null

2019-01-03 20:36:44 - [TEST_STEP][PASSED] - Statement - PreSaveFile = new java.io.File(((pathPrefix + java.lang.Integer.toString(counter)) + .png)): null

2019-01-03 20:36:44 - [TEST_STEP][PASSED] - Statement - counter = counter + 1: null

2019-01-03 20:36:44 - [TEST_STEP][PASSED] - Statement - PreSaveFile = new java.io.File(((pathPrefix + java.lang.Integer.toString(counter)) + .png)): null

2019-01-03 20:36:44 - [TEST_STEP][PASSED] - Statement - counter = counter + 1: null

2019-01-03 20:36:44 - [TEST_STEP][PASSED] - Statement - PreSaveFile = new java.io.File(((pathPrefix + java.lang.Integer.toString(counter)) + .png)): null

2019-01-03 20:36:44 - [TEST_STEP][PASSED] - Statement - counter = counter + 1: null

2019-01-03 20:36:44 - [TEST_STEP][PASSED] - Statement - PreSaveFile = new java.io.File(((pathPrefix + java.lang.Integer.toString(counter)) + .png)): null

2019-01-03 20:36:44 - [TEST_STEP][PASSED] - Statement - counter = counter + 1: null

2019-01-03 20:36:44 - [TEST_STEP][PASSED] - Statement - PreSaveFile = new java.io.File(((pathPrefix + java.lang.Integer.toString(counter)) + .png)): null

2019-01-03 20:36:44 - [TEST_STEP][PASSED] - Statement - counter = counter + 1: null

2019-01-03 20:36:44 - [TEST_STEP][PASSED] - Statement - PreSaveFile = new java.io.File(((pathPrefix + java.lang.Integer.toString(counter)) + .png)): null

2019-01-03 20:36:44 - [TEST_STEP][PASSED] - Statement - counter = counter + 1: null

2019-01-03 20:36:44 - [TEST_STEP][PASSED] - Statement - PreSaveFile = new java.io.File(((pathPrefix + java.lang.Integer.toString(counter)) + .png)): null

2019-01-03 20:36:44 - [TEST_STEP][PASSED] - Statement - counter = counter + 1: null

2019-01-03 20:36:44 - [TEST_STEP][PASSED] - Statement - PreSaveFile = new java.io.File(((pathPrefix + java.lang.Integer.toString(counter)) + .png)): null

2019-01-03 20:36:44 - [TEST_STEP][PASSED] - Statement - counter = counter + 1: null

2019-01-03 20:36:44 - [TEST_STEP][PASSED] - Statement - PreSaveFile = new java.io.File(((pathPrefix + java.lang.Integer.toString(counter)) + .png)): null

2019-01-03 20:36:44 - [TEST_STEP][PASSED] - Statement - counter = counter + 1: null

2019-01-03 20:36:44 - [TEST_STEP][PASSED] - Statement - PreSaveFile = new java.io.File(((pathPrefix + java.lang.Integer.toString(counter)) + .png)): null

2019-01-03 20:36:44 - [TEST_STEP][PASSED] - Statement - counter = counter + 1: null

2019-01-03 20:36:44 - [TEST_STEP][PASSED] - Statement - PreSaveFile = new java.io.File(((pathPrefix + java.lang.Integer.toString(counter)) + .png)): null

2019-01-03 20:36:44 - [TEST_STEP][PASSED] - Statement - counter = counter + 1: null

2019-01-03 20:36:44 - [TEST_STEP][PASSED] - Statement - PreSaveFile = new java.io.File(((pathPrefix + java.lang.Integer.toString(counter)) + .png)): null

2019-01-03 20:36:44 - [TEST_STEP][PASSED] - Statement - counter = counter + 1: null

2019-01-03 20:36:44 - [TEST_STEP][PASSED] - Statement - PreSaveFile = new java.io.File(((pathPrefix + java.lang.Integer.toString(counter)) + .png)): null

2019-01-03 20:36:44 - [TEST_STEP][PASSED] - Statement - counter = counter + 1: null

2019-01-03 20:36:44 - [TEST_STEP][PASSED] - Statement - PreSaveFile = new java.io.File(((pathPrefix + java.lang.Integer.toString(counter)) + .png)): null

2019-01-03 20:36:44 - [TEST_STEP][PASSED] - Statement - counter = counter + 1: null

2019-01-03 20:36:44 - [TEST_STEP][PASSED] - Statement - PreSaveFile = new java.io.File(((pathPrefix + java.lang.Integer.toString(counter)) + .png)): null

2019-01-03 20:36:44 - [TEST_STEP][PASSED] - Statement - counter = counter + 1: null

2019-01-03 20:36:44 - [TEST_STEP][PASSED] - Statement - PreSaveFile = new java.io.File(((pathPrefix + java.lang.Integer.toString(counter)) + .png)): null

2019-01-03 20:36:44 - [TEST_STEP][PASSED] - Statement - counter = counter + 1: null

2019-01-03 20:36:44 - [TEST_STEP][PASSED] - Statement - PreSaveFile = new java.io.File(((pathPrefix + java.lang.Integer.toString(counter)) + .png)): null

2019-01-03 20:36:44 - [TEST_STEP][PASSED] - Statement - counter = counter + 1: null

2019-01-03 20:36:44 - [TEST_STEP][PASSED] - Statement - PreSaveFile = new java.io.File(((pathPrefix + java.lang.Integer.toString(counter)) + .png)): null

2019-01-03 20:36:44 - [TEST_STEP][PASSED] - Statement - counter = counter + 1: null

2019-01-03 20:36:44 - [TEST_STEP][PASSED] - Statement - PreSaveFile = new java.io.File(((pathPrefix + java.lang.Integer.toString(counter)) + .png)): null

2019-01-03 20:36:44 - [TEST_STEP][PASSED] - Statement - counter = counter + 1: null

2019-01-03 20:36:44 - [TEST_STEP][PASSED] - Statement - PreSaveFile = new java.io.File(((pathPrefix + java.lang.Integer.toString(counter)) + .png)): null

2019-01-03 20:36:44 - [TEST_STEP][PASSED] - Statement - counter = counter + 1: null

2019-01-03 20:36:44 - [TEST_STEP][PASSED] - Statement - PreSaveFile = new java.io.File(((pathPrefix + java.lang.Integer.toString(counter)) + .png)): null

2019-01-03 20:36:44 - [TEST_STEP][PASSED] - Statement - counter = counter + 1: null

2019-01-03 20:36:44 - [TEST_STEP][PASSED] - Statement - PreSaveFile = new java.io.File(((pathPrefix + java.lang.Integer.toString(counter)) + .png)): null

2019-01-03 20:36:44 - [TEST_STEP][PASSED] - Statement - counter = counter + 1: null

2019-01-03 20:36:44 - [TEST_STEP][PASSED] - Statement - PreSaveFile = new java.io.File(((pathPrefix + java.lang.Integer.toString(counter)) + .png)): null

2019-01-03 20:36:44 - [TEST_STEP][PASSED] - Statement - counter = counter + 1: null

2019-01-03 20:36:44 - [TEST_STEP][PASSED] - Statement - PreSaveFile = new java.io.File(((pathPrefix + java.lang.Integer.toString(counter)) + .png)): null

2019-01-03 20:36:44 - [TEST_STEP][PASSED] - Statement - counter = counter + 1: null

2019-01-03 20:36:44 - [TEST_STEP][PASSED] - Statement - PreSaveFile = new java.io.File(((pathPrefix + java.lang.Integer.toString(counter)) + .png)): null

2019-01-03 20:36:44 - [TEST_STEP][PASSED] - Statement - counter = counter + 1: null

2019-01-03 20:36:44 - [TEST_STEP][PASSED] - Statement - PreSaveFile = new java.io.File(((pathPrefix + java.lang.Integer.toString(counter)) + .png)): null

2019-01-03 20:36:44 - [TEST_STEP][PASSED] - Statement - counter = counter + 1: null

2019-01-03 20:36:44 - [TEST_STEP][PASSED] - Statement - PreSaveFile = new java.io.File(((pathPrefix + java.lang.Integer.toString(counter)) + .png)): null

2019-01-03 20:36:44 - [TEST_STEP][PASSED] - Statement - counter = counter + 1: null

2019-01-03 20:36:44 - [TEST_STEP][PASSED] - Statement - PreSaveFile = new java.io.File(((pathPrefix + java.lang.Integer.toString(counter)) + .png)): null

2019-01-03 20:36:44 - [TEST_STEP][PASSED] - Statement - counter = counter + 1: null

2019-01-03 20:36:44 - [TEST_STEP][PASSED] - Statement - PreSaveFile = new java.io.File(((pathPrefix + java.lang.Integer.toString(counter)) + .png)): null

2019-01-03 20:36:44 - [TEST_STEP][PASSED] - Statement - counter = counter + 1: null

2019-01-03 20:36:44 - [TEST_STEP][PASSED] - Statement - PreSaveFile = new java.io.File(((pathPrefix + java.lang.Integer.toString(counter)) + .png)): null

2019-01-03 20:36:44 - [TEST_STEP][PASSED] - Statement - counter = counter + 1: null

2019-01-03 20:36:44 - [TEST_STEP][PASSED] - Statement - PreSaveFile = new java.io.File(((pathPrefix + java.lang.Integer.toString(counter)) + .png)): null

2019-01-03 20:36:44 - [TEST_STEP][PASSED] - Statement - counter = counter + 1: null

2019-01-03 20:36:44 - [TEST_STEP][PASSED] - Statement - PreSaveFile = new java.io.File(((pathPrefix + java.lang.Integer.toString(counter)) + .png)): null

2019-01-03 20:36:44 - [TEST_STEP][PASSED] - Statement - counter = counter + 1: null

2019-01-03 20:36:44 - [TEST_STEP][PASSED] - Statement - PreSaveFile = new java.io.File(((pathPrefix + java.lang.Integer.toString(counter)) + .png)): null

2019-01-03 20:36:44 - [TEST_STEP][PASSED] - Statement - counter = counter + 1: null

2019-01-03 20:36:44 - [TEST_STEP][PASSED] - Statement - PreSaveFile = new java.io.File(((pathPrefix + java.lang.Integer.toString(counter)) + .png)): null

2019-01-03 20:36:44 - [TEST_STEP][PASSED] - Statement - counter = counter + 1: null

2019-01-03 20:36:44 - [TEST_STEP][PASSED] - Statement - PreSaveFile = new java.io.File(((pathPrefix + java.lang.Integer.toString(counter)) + .png)): null

2019-01-03 20:36:44 - [TEST_STEP][PASSED] - Statement - counter = counter + 1: null

2019-01-03 20:36:44 - [TEST_STEP][PASSED] - Statement - PreSaveFile = new java.io.File(((pathPrefix + java.lang.Integer.toString(counter)) + .png)): null

2019-01-03 20:36:44 - [TEST_STEP][PASSED] - Statement - counter = counter + 1: null

2019-01-03 20:36:44 - [TEST_STEP][PASSED] - Statement - PreSaveFile = new java.io.File(((pathPrefix + java.lang.Integer.toString(counter)) + .png)): null

2019-01-03 20:36:44 - [TEST_STEP][PASSED] - Statement - counter = counter + 1: null

2019-01-03 20:36:44 - [TEST_STEP][PASSED] - Statement - PreSaveFile = new java.io.File(((pathPrefix + java.lang.Integer.toString(counter)) + .png)): null

2019-01-03 20:36:44 - [TEST_STEP][PASSED] - Statement - counter = counter + 1: null

2019-01-03 20:36:44 - [TEST_STEP][PASSED] - Statement - PreSaveFile = new java.io.File(((pathPrefix + java.lang.Integer.toString(counter)) + .png)): null

2019-01-03 20:36:44 - [TEST_STEP][PASSED] - Statement - counter = counter + 1: null

2019-01-03 20:36:44 - [TEST_STEP][PASSED] - Statement - PreSaveFile = new java.io.File(((pathPrefix + java.lang.Integer.toString(counter)) + .png)): null

2019-01-03 20:36:44 - [TEST_STEP][PASSED] - Statement - counter = counter + 1: null

2019-01-03 20:36:44 - [TEST_STEP][PASSED] - Statement - PreSaveFile = new java.io.File(((pathPrefix + java.lang.Integer.toString(counter)) + .png)): null

2019-01-03 20:36:44 - [TEST_STEP][PASSED] - Statement - counter = counter + 1: null

2019-01-03 20:36:44 - [TEST_STEP][PASSED] - Statement - PreSaveFile = new java.io.File(((pathPrefix + java.lang.Integer.toString(counter)) + .png)): null

2019-01-03 20:36:44 - [TEST_STEP][PASSED] - Statement - counter = counter + 1: null

2019-01-03 20:36:44 - [TEST_STEP][PASSED] - Statement - PreSaveFile = new java.io.File(((pathPrefix + java.lang.Integer.toString(counter)) + .png)): null

2019-01-03 20:36:44 - [TEST_STEP][PASSED] - Statement - counter = counter + 1: null

2019-01-03 20:36:44 - [TEST_STEP][PASSED] - Statement - PreSaveFile = new java.io.File(((pathPrefix + java.lang.Integer.toString(counter)) + .png)): null

2019-01-03 20:36:44 - [TEST_STEP][PASSED] - Statement - counter = counter + 1: null

2019-01-03 20:36:44 - [TEST_STEP][PASSED] - Statement - PreSaveFile = new java.io.File(((pathPrefix + java.lang.Integer.toString(counter)) + .png)): null

2019-01-03 20:36:44 - [TEST_STEP][PASSED] - Statement - counter = counter + 1: null

2019-01-03 20:36:44 - [TEST_STEP][PASSED] - Statement - PreSaveFile = new java.io.File(((pathPrefix + java.lang.Integer.toString(counter)) + .png)): null

2019-01-03 20:36:44 - [TEST_STEP][PASSED] - Statement - counter = counter + 1: null

2019-01-03 20:36:44 - [TEST_STEP][PASSED] - Statement - PreSaveFile = new java.io.File(((pathPrefix + java.lang.Integer.toString(counter)) + .png)): null

2019-01-03 20:36:44 - [TEST_STEP][PASSED] - Statement - counter = counter + 1: null

2019-01-03 20:36:44 - [TEST_STEP][PASSED] - Statement - PreSaveFile = new java.io.File(((pathPrefix + java.lang.Integer.toString(counter)) + .png)): null

2019-01-03 20:36:44 - [TEST_STEP][PASSED] - Statement - counter = counter + 1: null

2019-01-03 20:36:44 - [TEST_STEP][PASSED] - Statement - PreSaveFile = new java.io.File(((pathPrefix + java.lang.Integer.toString(counter)) + .png)): null

2019-01-03 20:36:44 - [TEST_STEP][PASSED] - Statement - counter = counter + 1: null

2019-01-03 20:36:44 - [TEST_STEP][PASSED] - Statement - PreSaveFile = new java.io.File(((pathPrefix + java.lang.Integer.toString(counter)) + .png)): null

2019-01-03 20:36:44 - [TEST_STEP][PASSED] - Statement - counter = counter + 1: null

2019-01-03 20:36:44 - [TEST_STEP][PASSED] - Statement - PreSaveFile = new java.io.File(((pathPrefix + java.lang.Integer.toString(counter)) + .png)): null

2019-01-03 20:36:44 - [TEST_STEP][PASSED] - Statement - counter = counter + 1: null

2019-01-03 20:36:44 - [TEST_STEP][PASSED] - Statement - PreSaveFile = new java.io.File(((pathPrefix + java.lang.Integer.toString(counter)) + .png)): null

2019-01-03 20:36:44 - [TEST_STEP][PASSED] - Statement - counter = counter + 1: null

2019-01-03 20:36:44 - [TEST_STEP][PASSED] - Statement - PreSaveFile = new java.io.File(((pathPrefix + java.lang.Integer.toString(counter)) + .png)): null

2019-01-03 20:36:44 - [TEST_STEP][PASSED] - Statement - counter = counter + 1: null

2019-01-03 20:36:44 - [TEST_STEP][PASSED] - Statement - PreSaveFile = new java.io.File(((pathPrefix + java.lang.Integer.toString(counter)) + .png)): null

2019-01-03 20:36:44 - [TEST_STEP][PASSED] - Statement - counter = counter + 1: null

2019-01-03 20:36:44 - [TEST_STEP][PASSED] - Statement - PreSaveFile = new java.io.File(((pathPrefix + java.lang.Integer.toString(counter)) + .png)): null

2019-01-03 20:36:44 - [TEST_STEP][PASSED] - Statement - counter = counter + 1: null

2019-01-03 20:36:44 - [TEST_STEP][PASSED] - Statement - PreSaveFile = new java.io.File(((pathPrefix + java.lang.Integer.toString(counter)) + .png)): null

2019-01-03 20:36:44 - [TEST_STEP][PASSED] - Statement - counter = counter + 1: null

2019-01-03 20:36:44 - [TEST_STEP][PASSED] - Statement - PreSaveFile = new java.io.File(((pathPrefix + java.lang.Integer.toString(counter)) + .png)): null

2019-01-03 20:36:44 - [TEST_STEP][PASSED] - Statement - counter = counter + 1: null

2019-01-03 20:36:44 - [TEST_STEP][PASSED] - Statement - PreSaveFile = new java.io.File(((pathPrefix + java.lang.Integer.toString(counter)) + .png)): null

2019-01-03 20:36:44 - [TEST_STEP][PASSED] - Statement - counter = counter + 1: null

2019-01-03 20:36:44 - [TEST_STEP][PASSED] - Statement - PreSaveFile = new java.io.File(((pathPrefix + java.lang.Integer.toString(counter)) + .png)): null

2019-01-03 20:36:44 - [TEST_STEP][PASSED] - Statement - counter = counter + 1: null

2019-01-03 20:36:44 - [TEST_STEP][PASSED] - Statement - PreSaveFile = new java.io.File(((pathPrefix + java.lang.Integer.toString(counter)) + .png)): null

2019-01-03 20:36:44 - [TEST_STEP][PASSED] - Statement - counter = counter + 1: null

2019-01-03 20:36:44 - [TEST_STEP][PASSED] - Statement - PreSaveFile = new java.io.File(((pathPrefix + java.lang.Integer.toString(counter)) + .png)): null

2019-01-03 20:36:44 - [TEST_STEP][PASSED] - Statement - counter = counter + 1: null

2019-01-03 20:36:44 - [TEST_STEP][PASSED] - Statement - PreSaveFile = new java.io.File(((pathPrefix + java.lang.Integer.toString(counter)) + .png)): null

2019-01-03 20:36:44 - [TEST_STEP][PASSED] - Statement - counter = counter + 1: null

2019-01-03 20:36:44 - [TEST_STEP][PASSED] - Statement - PreSaveFile = new java.io.File(((pathPrefix + java.lang.Integer.toString(counter)) + .png)): null

2019-01-03 20:36:44 - [TEST_STEP][PASSED] - Statement - counter = counter + 1: null

2019-01-03 20:36:44 - [TEST_STEP][PASSED] - Statement - PreSaveFile = new java.io.File(((pathPrefix + java.lang.Integer.toString(counter)) + .png)): null

2019-01-03 20:36:44 - [TEST_STEP][PASSED] - Statement - counter = counter + 1: null

2019-01-03 20:36:44 - [TEST_STEP][PASSED] - Statement - PreSaveFile = new java.io.File(((pathPrefix + java.lang.Integer.toString(counter)) + .png)): null

2019-01-03 20:36:44 - [TEST_STEP][PASSED] - Statement - counter = counter + 1: null

2019-01-03 20:36:44 - [TEST_STEP][PASSED] - Statement - PreSaveFile = new java.io.File(((pathPrefix + java.lang.Integer.toString(counter)) + .png)): null

2019-01-03 20:36:44 - [TEST_STEP][PASSED] - Statement - counter = counter + 1: null

2019-01-03 20:36:44 - [TEST_STEP][PASSED] - Statement - PreSaveFile = new java.io.File(((pathPrefix + java.lang.Integer.toString(counter)) + .png)): null

2019-01-03 20:36:44 - [TEST_STEP][PASSED] - Statement - counter = counter + 1: null

2019-01-03 20:36:44 - [TEST_STEP][PASSED] - Statement - PreSaveFile = new java.io.File(((pathPrefix + java.lang.Integer.toString(counter)) + .png)): null

2019-01-03 20:36:44 - [TEST_STEP][PASSED] - Statement - counter = counter + 1: null

2019-01-03 20:36:44 - [TEST_STEP][PASSED] - Statement - PreSaveFile = new java.io.File(((pathPrefix + java.lang.Integer.toString(counter)) + .png)): null

2019-01-03 20:36:44 - [TEST_STEP][PASSED] - Statement - counter = counter + 1: null

2019-01-03 20:36:44 - [TEST_STEP][PASSED] - Statement - PreSaveFile = new java.io.File(((pathPrefix + java.lang.Integer.toString(counter)) + .png)): null

2019-01-03 20:36:44 - [TEST_STEP][PASSED] - Statement - counter = counter + 1: null

2019-01-03 20:36:44 - [TEST_STEP][PASSED] - Statement - PreSaveFile = new java.io.File(((pathPrefix + java.lang.Integer.toString(counter)) + .png)): null

2019-01-03 20:36:44 - [TEST_STEP][PASSED] - Statement - counter = counter + 1: null

2019-01-03 20:36:44 - [TEST_STEP][PASSED] - Statement - PreSaveFile = new java.io.File(((pathPrefix + java.lang.Integer.toString(counter)) + .png)): null

2019-01-03 20:36:44 - [TEST_STEP][PASSED] - Statement - counter = counter + 1: null

2019-01-03 20:36:44 - [TEST_STEP][PASSED] - Statement - PreSaveFile = new java.io.File(((pathPrefix + java.lang.Integer.toString(counter)) + .png)): null

2019-01-03 20:36:44 - [TEST_STEP][PASSED] - Statement - counter = counter + 1: null

2019-01-03 20:36:44 - [TEST_STEP][PASSED] - Statement - PreSaveFile = new java.io.File(((pathPrefix + java.lang.Integer.toString(counter)) + .png)): null

2019-01-03 20:36:44 - [TEST_STEP][PASSED] - Statement - counter = counter + 1: null

2019-01-03 20:36:44 - [TEST_STEP][PASSED] - Statement - PreSaveFile = new java.io.File(((pathPrefix + java.lang.Integer.toString(counter)) + .png)): null

2019-01-03 20:36:44 - [TEST_STEP][PASSED] - Statement - counter = counter + 1: null

2019-01-03 20:36:44 - [TEST_STEP][PASSED] - Statement - PreSaveFile = new java.io.File(((pathPrefix + java.lang.Integer.toString(counter)) + .png)): null

2019-01-03 20:36:44 - [TEST_STEP][PASSED] - Statement - counter = counter + 1: null

2019-01-03 20:36:44 - [TEST_STEP][PASSED] - Statement - PreSaveFile = new java.io.File(((pathPrefix + java.lang.Integer.toString(counter)) + .png)): null

2019-01-03 20:36:44 - [TEST_STEP][PASSED] - Statement - counter = counter + 1: null

2019-01-03 20:36:44 - [TEST_STEP][PASSED] - Statement - PreSaveFile = new java.io.File(((pathPrefix + java.lang.Integer.toString(counter)) + .png)): null

2019-01-03 20:36:44 - [TEST_STEP][PASSED] - Statement - counter = counter + 1: null

2019-01-03 20:36:44 - [TEST_STEP][PASSED] - Statement - PreSaveFile = new java.io.File(((pathPrefix + java.lang.Integer.toString(counter)) + .png)): null

2019-01-03 20:36:44 - [TEST_STEP][PASSED] - Statement - counter = counter + 1: null

2019-01-03 20:36:44 - [TEST_STEP][PASSED] - Statement - PreSaveFile = new java.io.File(((pathPrefix + java.lang.Integer.toString(counter)) + .png)): null

2019-01-03 20:36:44 - [TEST_STEP][PASSED] - Statement - counter = counter + 1: null

2019-01-03 20:36:44 - [TEST_STEP][PASSED] - Statement - PreSaveFile = new java.io.File(((pathPrefix + java.lang.Integer.toString(counter)) + .png)): null

2019-01-03 20:36:44 - [TEST_STEP][PASSED] - Statement - counter = counter + 1: null

2019-01-03 20:36:44 - [TEST_STEP][PASSED] - Statement - PreSaveFile = new java.io.File(((pathPrefix + java.lang.Integer.toString(counter)) + .png)): null

2019-01-03 20:36:44 - [TEST_STEP][PASSED] - Statement - counter = counter + 1: null

2019-01-03 20:36:44 - [TEST_STEP][PASSED] - Statement - PreSaveFile = new java.io.File(((pathPrefix + java.lang.Integer.toString(counter)) + .png)): null

2019-01-03 20:36:44 - [TEST_STEP][PASSED] - Statement - counter = counter + 1: null

2019-01-03 20:36:44 - [TEST_STEP][PASSED] - Statement - PreSaveFile = new java.io.File(((pathPrefix + java.lang.Integer.toString(counter)) + .png)): null

2019-01-03 20:36:44 - [TEST_STEP][PASSED] - Statement - counter = counter + 1: null

2019-01-03 20:36:44 - [TEST_STEP][PASSED] - Statement - PreSaveFile = new java.io.File(((pathPrefix + java.lang.Integer.toString(counter)) + .png)): null

2019-01-03 20:36:44 - [TEST_STEP][PASSED] - Statement - counter = counter + 1: null

2019-01-03 20:36:44 - [TEST_STEP][PASSED] - Statement - PreSaveFile = new java.io.File(((pathPrefix + java.lang.Integer.toString(counter)) + .png)): null

2019-01-03 20:36:44 - [TEST_STEP][PASSED] - Statement - counter = counter + 1: null

2019-01-03 20:36:44 - [TEST_STEP][PASSED] - Statement - PreSaveFile = new java.io.File(((pathPrefix + java.lang.Integer.toString(counter)) + .png)): null

2019-01-03 20:36:44 - [TEST_STEP][PASSED] - Statement - counter = counter + 1: null

2019-01-03 20:36:44 - [TEST_STEP][PASSED] - Statement - PreSaveFile = new java.io.File(((pathPrefix + java.lang.Integer.toString(counter)) + .png)): null

2019-01-03 20:36:44 - [TEST_STEP][PASSED] - Statement - counter = counter + 1: null

2019-01-03 20:36:44 - [TEST_STEP][PASSED] - Statement - PreSaveFile = new java.io.File(((pathPrefix + java.lang.Integer.toString(counter)) + .png)): null

2019-01-03 20:36:44 - [TEST_STEP][PASSED] - Statement - counter = counter + 1: null

2019-01-03 20:36:44 - [TEST_STEP][PASSED] - Statement - PreSaveFile = new java.io.File(((pathPrefix + java.lang.Integer.toString(counter)) + .png)): null

2019-01-03 20:36:44 - [TEST_STEP][PASSED] - Statement - counter = counter + 1: null

2019-01-03 20:36:44 - [TEST_STEP][PASSED] - Statement - PreSaveFile = new java.io.File(((pathPrefix + java.lang.Integer.toString(counter)) + .png)): null

2019-01-03 20:36:44 - [TEST_STEP][PASSED] - Statement - counter = counter + 1: null

2019-01-03 20:36:44 - [TEST_STEP][PASSED] - Statement - PreSaveFile = new java.io.File(((pathPrefix + java.lang.Integer.toString(counter)) + .png)): null

2019-01-03 20:36:44 - [TEST_STEP][PASSED] - Statement - counter = counter + 1: null

2019-01-03 20:36:44 - [TEST_STEP][PASSED] - Statement - PreSaveFile = new java.io.File(((pathPrefix + java.lang.Integer.toString(counter)) + .png)): null

2019-01-03 20:36:44 - [TEST_STEP][PASSED] - Statement - counter = counter + 1: null

2019-01-03 20:36:44 - [TEST_STEP][PASSED] - Statement - PreSaveFile = new java.io.File(((pathPrefix + java.lang.Integer.toString(counter)) + .png)): null

2019-01-03 20:36:44 - [TEST_STEP][PASSED] - Statement - counter = counter + 1: null

2019-01-03 20:36:44 - [TEST_STEP][PASSED] - Statement - PreSaveFile = new java.io.File(((pathPrefix + java.lang.Integer.toString(counter)) + .png)): null

2019-01-03 20:36:44 - [TEST_STEP][PASSED] - Statement - counter = counter + 1: null

2019-01-03 20:36:44 - [TEST_STEP][PASSED] - Statement - PreSaveFile = new java.io.File(((pathPrefix + java.lang.Integer.toString(counter)) + .png)): null

2019-01-03 20:36:44 - [TEST_STEP][PASSED] - Statement - counter = counter + 1: null

2019-01-03 20:36:44 - [TEST_STEP][PASSED] - Statement - PreSaveFile = new java.io.File(((pathPrefix + java.lang.Integer.toString(counter)) + .png)): null

2019-01-03 20:36:44 - [TEST_STEP][PASSED] - Statement - counter = counter + 1: null

2019-01-03 20:36:44 - [TEST_STEP][PASSED] - Statement - PreSaveFile = new java.io.File(((pathPrefix + java.lang.Integer.toString(counter)) + .png)): null

2019-01-03 20:36:44 - [TEST_STEP][PASSED] - Statement - counter = counter + 1: null

2019-01-03 20:36:44 - [TEST_STEP][PASSED] - Statement - PreSaveFile = new java.io.File(((pathPrefix + java.lang.Integer.toString(counter)) + .png)): null

2019-01-03 20:36:44 - [TEST_STEP][PASSED] - Statement - counter = counter + 1: null

2019-01-03 20:36:44 - [TEST_STEP][PASSED] - Statement - PreSaveFile = new java.io.File(((pathPrefix + java.lang.Integer.toString(counter)) + .png)): null

2019-01-03 20:36:44 - [TEST_STEP][PASSED] - Statement - counter = counter + 1: null

2019-01-03 20:36:44 - [TEST_STEP][PASSED] - Statement - PreSaveFile = new java.io.File(((pathPrefix + java.lang.Integer.toString(counter)) + .png)): null

2019-01-03 20:36:44 - [TEST_STEP][PASSED] - Statement - counter = counter + 1: null

2019-01-03 20:36:44 - [TEST_STEP][PASSED] - Statement - PreSaveFile = new java.io.File(((pathPrefix + java.lang.Integer.toString(counter)) + .png)): null

2019-01-03 20:36:44 - [TEST_STEP][PASSED] - Statement - counter = counter + 1: null

2019-01-03 20:36:44 - [TEST_STEP][PASSED] - Statement - PreSaveFile = new java.io.File(((pathPrefix + java.lang.Integer.toString(counter)) + .png)): null

2019-01-03 20:36:44 - [TEST_STEP][PASSED] - Statement - counter = counter + 1: null

2019-01-03 20:36:44 - [TEST_STEP][PASSED] - Statement - PreSaveFile = new java.io.File(((pathPrefix + java.lang.Integer.toString(counter)) + .png)): null

2019-01-03 20:36:44 - [TEST_STEP][PASSED] - Statement - counter = counter + 1: null

2019-01-03 20:36:44 - [TEST_STEP][PASSED] - Statement - PreSaveFile = new java.io.File(((pathPrefix + java.lang.Integer.toString(counter)) + .png)): null

2019-01-03 20:36:44 - [TEST_STEP][PASSED] - Statement - counter = counter + 1: null

2019-01-03 20:36:44 - [TEST_STEP][PASSED] - Statement - PreSaveFile = new java.io.File(((pathPrefix + java.lang.Integer.toString(counter)) + .png)): null

2019-01-03 20:36:44 - [TEST_STEP][PASSED] - Statement - counter = counter + 1: null

2019-01-03 20:36:44 - [TEST_STEP][PASSED] - Statement - PreSaveFile = new java.io.File(((pathPrefix + java.lang.Integer.toString(counter)) + .png)): null

2019-01-03 20:36:44 - [TEST_STEP][PASSED] - Statement - counter = counter + 1: null

2019-01-03 20:36:44 - [TEST_STEP][PASSED] - Statement - PreSaveFile = new java.io.File(((pathPrefix + java.lang.Integer.toString(counter)) + .png)): null

2019-01-03 20:36:44 - [TEST_STEP][PASSED] - Statement - counter = counter + 1: null

2019-01-03 20:36:44 - [TEST_STEP][PASSED] - Statement - PreSaveFile = new java.io.File(((pathPrefix + java.lang.Integer.toString(counter)) + .png)): null

2019-01-03 20:36:44 - [TEST_STEP][PASSED] - Statement - counter = counter + 1: null

2019-01-03 20:36:44 - [TEST_STEP][PASSED] - Statement - PreSaveFile = new java.io.File(((pathPrefix + java.lang.Integer.toString(counter)) + .png)): null

2019-01-03 20:36:44 - [TEST_STEP][PASSED] - Statement - counter = counter + 1: null

2019-01-03 20:36:44 - [TEST_STEP][PASSED] - Statement - PreSaveFile = new java.io.File(((pathPrefix + java.lang.Integer.toString(counter)) + .png)): null

2019-01-03 20:36:44 - [TEST_STEP][PASSED] - Statement - counter = counter + 1: null

2019-01-03 20:36:44 - [TEST_STEP][PASSED] - Statement - PreSaveFile = new java.io.File(((pathPrefix + java.lang.Integer.toString(counter)) + .png)): null

2019-01-03 20:36:44 - [TEST_STEP][PASSED] - Statement - counter = counter + 1: null

2019-01-03 20:36:44 - [TEST_STEP][PASSED] - Statement - PreSaveFile = new java.io.File(((pathPrefix + java.lang.Integer.toString(counter)) + .png)): null

2019-01-03 20:36:44 - [TEST_STEP][PASSED] - Statement - counter = counter + 1: null

2019-01-03 20:36:44 - [TEST_STEP][PASSED] - Statement - PreSaveFile = new java.io.File(((pathPrefix + java.lang.Integer.toString(counter)) + .png)): null

2019-01-03 20:36:44 - [TEST_STEP][PASSED] - Statement - counter = counter + 1: null

2019-01-03 20:36:44 - [TEST_STEP][PASSED] - Statement - PreSaveFile = new java.io.File(((pathPrefix + java.lang.Integer.toString(counter)) + .png)): null

2019-01-03 20:36:44 - [TEST_STEP][PASSED] - Statement - counter = counter + 1: null

2019-01-03 20:36:44 - [TEST_STEP][PASSED] - Statement - PreSaveFile = new java.io.File(((pathPrefix + java.lang.Integer.toString(counter)) + .png)): null

2019-01-03 20:36:44 - [TEST_STEP][PASSED] - Statement - counter = counter + 1: null

2019-01-03 20:36:44 - [TEST_STEP][PASSED] - Statement - PreSaveFile = new java.io.File(((pathPrefix + java.lang.Integer.toString(counter)) + .png)): null

2019-01-03 20:36:44 - [TEST_STEP][PASSED] - Statement - counter = counter + 1: null

2019-01-03 20:36:44 - [TEST_STEP][PASSED] - Statement - PreSaveFile = new java.io.File(((pathPrefix + java.lang.Integer.toString(counter)) + .png)): null

2019-01-03 20:36:44 - [TEST_STEP][PASSED] - Statement - counter = counter + 1: null

2019-01-03 20:36:44 - [TEST_STEP][PASSED] - Statement - PreSaveFile = new java.io.File(((pathPrefix + java.lang.Integer.toString(counter)) + .png)): null

2019-01-03 20:36:44 - [TEST_STEP][PASSED] - Statement - counter = counter + 1: null

2019-01-03 20:36:44 - [TEST_STEP][PASSED] - Statement - PreSaveFile = new java.io.File(((pathPrefix + java.lang.Integer.toString(counter)) + .png)): null

2019-01-03 20:36:44 - [TEST_STEP][PASSED] - Statement - counter = counter + 1: null

2019-01-03 20:36:44 - [TEST_STEP][PASSED] - Statement - PreSaveFile = new java.io.File(((pathPrefix + java.lang.Integer.toString(counter)) + .png)): null

2019-01-03 20:36:44 - [TEST_STEP][PASSED] - Statement - counter = counter + 1: null

2019-01-03 20:36:44 - [TEST_STEP][PASSED] - Statement - PreSaveFile = new java.io.File(((pathPrefix + java.lang.Integer.toString(counter)) + .png)): null

2019-01-03 20:36:44 - [TEST_STEP][PASSED] - Statement - counter = counter + 1: null

2019-01-03 20:36:44 - [TEST_STEP][PASSED] - Statement - PreSaveFile = new java.io.File(((pathPrefix + java.lang.Integer.toString(counter)) + .png)): null

2019-01-03 20:36:44 - [TEST_STEP][PASSED] - Statement - counter = counter + 1: null

2019-01-03 20:36:44 - [TEST_STEP][PASSED] - Statement - PreSaveFile = new java.io.File(((pathPrefix + java.lang.Integer.toString(counter)) + .png)): null

2019-01-03 20:36:44 - [TEST_STEP][PASSED] - Statement - counter = counter + 1: null

2019-01-03 20:36:44 - [TEST_STEP][PASSED] - Statement - PreSaveFile = new java.io.File(((pathPrefix + java.lang.Integer.toString(counter)) + .png)): null

2019-01-03 20:36:44 - [TEST_STEP][PASSED] - Statement - counter = counter + 1: null

2019-01-03 20:36:44 - [TEST_STEP][PASSED] - Statement - PreSaveFile = new java.io.File(((pathPrefix + java.lang.Integer.toString(counter)) + .png)): null

2019-01-03 20:36:44 - [TEST_STEP][PASSED] - Statement - counter = counter + 1: null

2019-01-03 20:36:44 - [TEST_STEP][PASSED] - Statement - PreSaveFile = new java.io.File(((pathPrefix + java.lang.Integer.toString(counter)) + .png)): null

2019-01-03 20:36:44 - [TEST_STEP][PASSED] - Statement - counter = counter + 1: null

2019-01-03 20:36:44 - [TEST_STEP][PASSED] - Statement - PreSaveFile = new java.io.File(((pathPrefix + java.lang.Integer.toString(counter)) + .png)): null

2019-01-03 20:36:44 - [TEST_STEP][PASSED] - Statement - counter = counter + 1: null

2019-01-03 20:36:44 - [TEST_STEP][PASSED] - Statement - PreSaveFile = new java.io.File(((pathPrefix + java.lang.Integer.toString(counter)) + .png)): null

2019-01-03 20:36:44 - [TEST_STEP][PASSED] - Statement - counter = counter + 1: null

2019-01-03 20:36:44 - [TEST_STEP][PASSED] - Statement - PreSaveFile = new java.io.File(((pathPrefix + java.lang.Integer.toString(counter)) + .png)): null

2019-01-03 20:36:44 - [TEST_STEP][PASSED] - Statement - counter = counter + 1: null

2019-01-03 20:36:44 - [TEST_STEP][PASSED] - Statement - PreSaveFile = new java.io.File(((pathPrefix + java.lang.Integer.toString(counter)) + .png)): null

2019-01-03 20:36:44 - [TEST_STEP][PASSED] - Statement - counter = counter + 1: null

2019-01-03 20:36:44 - [TEST_STEP][PASSED] - Statement - PreSaveFile = new java.io.File(((pathPrefix + java.lang.Integer.toString(counter)) + .png)): null

2019-01-03 20:36:44 - [TEST_STEP][PASSED] - Statement - counter = counter + 1: null

2019-01-03 20:36:44 - [TEST_STEP][PASSED] - Statement - PreSaveFile = new java.io.File(((pathPrefix + java.lang.Integer.toString(counter)) + .png)): null

2019-01-03 20:36:44 - [TEST_STEP][PASSED] - Statement - counter = counter + 1: null

2019-01-03 20:36:44 - [TEST_STEP][PASSED] - Statement - PreSaveFile = new java.io.File(((pathPrefix + java.lang.Integer.toString(counter)) + .png)): null

2019-01-03 20:36:44 - [TEST_STEP][PASSED] - Statement - counter = counter + 1: null

2019-01-03 20:36:44 - [TEST_STEP][PASSED] - Statement - PreSaveFile = new java.io.File(((pathPrefix + java.lang.Integer.toString(counter)) + .png)): null

2019-01-03 20:36:44 - [TEST_STEP][PASSED] - Statement - counter = counter + 1: null

2019-01-03 20:36:44 - [TEST_STEP][PASSED] - Statement - PreSaveFile = new java.io.File(((pathPrefix + java.lang.Integer.toString(counter)) + .png)): null

2019-01-03 20:36:44 - [TEST_STEP][PASSED] - Statement - counter = counter + 1: null

2019-01-03 20:36:44 - [TEST_STEP][PASSED] - Statement - PreSaveFile = new java.io.File(((pathPrefix + java.lang.Integer.toString(counter)) + .png)): null

2019-01-03 20:36:44 - [TEST_STEP][PASSED] - Statement - counter = counter + 1: null

2019-01-03 20:36:44 - [TEST_STEP][PASSED] - Statement - PreSaveFile = new java.io.File(((pathPrefix + java.lang.Integer.toString(counter)) + .png)): null

2019-01-03 20:36:44 - [TEST_STEP][PASSED] - Statement - counter = counter + 1: null

2019-01-03 20:36:44 - [TEST_STEP][PASSED] - Statement - PreSaveFile = new java.io.File(((pathPrefix + java.lang.Integer.toString(counter)) + .png)): null

2019-01-03 20:36:44 - [TEST_STEP][PASSED] - Statement - counter = counter + 1: null

2019-01-03 20:36:44 - [TEST_STEP][PASSED] - Statement - PreSaveFile = new java.io.File(((pathPrefix + java.lang.Integer.toString(counter)) + .png)): null

2019-01-03 20:36:44 - [TEST_STEP][PASSED] - Statement - counter = counter + 1: null

2019-01-03 20:36:44 - [TEST_STEP][PASSED] - Statement - PreSaveFile = new java.io.File(((pathPrefix + java.lang.Integer.toString(counter)) + .png)): null

2019-01-03 20:36:44 - [TEST_STEP][PASSED] - Statement - counter = counter + 1: null

2019-01-03 20:36:44 - [TEST_STEP][PASSED] - Statement - PreSaveFile = new java.io.File(((pathPrefix + java.lang.Integer.toString(counter)) + .png)): null

2019-01-03 20:36:44 - [TEST_STEP][PASSED] - Statement - counter = counter + 1: null

2019-01-03 20:36:44 - [TEST_STEP][PASSED] - Statement - PreSaveFile = new java.io.File(((pathPrefix + java.lang.Integer.toString(counter)) + .png)): null

2019-01-03 20:36:44 - [TEST_STEP][PASSED] - Statement - counter = counter + 1: null

2019-01-03 20:36:44 - [TEST_STEP][PASSED] - Statement - PreSaveFile = new java.io.File(((pathPrefix + java.lang.Integer.toString(counter)) + .png)): null

2019-01-03 20:36:44 - [TEST_STEP][PASSED] - Statement - counter = counter + 1: null

2019-01-03 20:36:44 - [TEST_STEP][PASSED] - Statement - PreSaveFile = new java.io.File(((pathPrefix + java.lang.Integer.toString(counter)) + .png)): null

2019-01-03 20:36:44 - [TEST_STEP][PASSED] - Statement - counter = counter + 1: null

2019-01-03 20:36:44 - [TEST_STEP][PASSED] - Statement - PreSaveFile = new java.io.File(((pathPrefix + java.lang.Integer.toString(counter)) + .png)): null

2019-01-03 20:36:44 - [TEST_STEP][PASSED] - Statement - counter = counter + 1: null

2019-01-03 20:36:44 - [TEST_STEP][PASSED] - Statement - PreSaveFile = new java.io.File(((pathPrefix + java.lang.Integer.toString(counter)) + .png)): null

2019-01-03 20:36:44 - [TEST_STEP][PASSED] - Statement - counter = counter + 1: null

2019-01-03 20:36:44 - [TEST_STEP][PASSED] - Statement - PreSaveFile = new java.io.File(((pathPrefix + java.lang.Integer.toString(counter)) + .png)): null

2019-01-03 20:36:44 - [TEST_STEP][PASSED] - Statement - finalPath = pathPrefix + java.lang.Integer.toString(counter) + ".png": null

2019-01-03 20:36:44 - [TEST_STEP][PASSED] - Statement - SaveFile = new java.io.File(finalPath): null

2019-01-03 20:36:44 - [TEST_STEP][PASSED] - Statement - Try: null

2019-01-03 20:36:44 - [TEST_STEP][PASSED] - Statement - org.apache.commons.io.FileUtils.copyFile(scrFile, SaveFile): null

2019-01-03 20:36:44 - [TEST_STEP][PASSED] - Statement - out.println("file kept"): null

2019-01-03 20:36:44 - [TEST_STEP][PASSED] - delay: Delayed 10 second(s)

2019-01-03 20:36:54 - [MESSAGE][PASSED] - Delayed 10 second(s)

2019-01-03 20:36:54 - [MESSAGE][PASSED] - Call Test Case 'Test Cases/Final Aug 2018 - PKS Automation/Registration Module/New Registration/Submit and Screenshot/Submit Registration and Screenshot - Copy' successfully

2019-01-03 20:36:54 - [TEST_STEP][PASSED] - Statement - UpdateAddNewECode = com.kms.katalon.core.webui.keyword.WebUiBuiltInKeywords.getText(com.kms.katalon.core.testobject.ObjectRepository.findTestObject(Object Repository/Final Object Repo/Page_Update Add New Employee - ASSIST/getEmpCode)): Text of object 'Object Repository/Final Object Repo/Page_Update Add New Employee - ASSIST/getEmpCode' is: 'E1102071101M'

2019-01-03 20:36:54 - [MESSAGE][PASSED] - Text of object 'Object Repository/Final Object Repo/Page_Update Add New Employee - ASSIST/getEmpCode' is: 'E1102071101M'

2019-01-03 20:36:54 - [TEST_STEP][PASSED] - callTestCase: Call Test Case 'Test Cases/Final Aug 2018 - PKS Automation/Common/Emp Code Setter' successfully

2019-01-03 20:36:54 - [TEST_CASE][PASSED] - Test Cases/Final Aug 2018 - PKS Automation/Common/Emp Code Setter: Test Cases/Final Aug 2018 - PKS Automation/Common/Emp Code Setter

2019-01-03 20:36:54 - [TEST_STEP][PASSED] - Statement - EmpCodeOld = new java.io.File(C://Users//Admin//Desktop//PKS//Automation Reference Point//EmpCode.txt): null

2019-01-03 20:36:54 - [TEST_STEP][PASSED] - Statement - EmpCodeOld.delete(): null

2019-01-03 20:36:54 - [TEST_STEP][PASSED] - Statement - EmpCode = new java.io.File(C://Users//Admin//Desktop//PKS//Automation Reference Point//EmpCode.txt): null

2019-01-03 20:36:54 - [TEST_STEP][PASSED] - Statement - f2 = new java.io.FileWriter(EmpCode, false): null

2019-01-03 20:36:54 - [TEST_STEP][PASSED] - Statement - f2.write(UpdateAddNewECode): null

2019-01-03 20:36:54 - [TEST_STEP][PASSED] - Statement - f2.close(): null

2019-01-03 20:36:54 - [TEST_STEP][PASSED] - Statement - out.println("


" + UpdateAddNewECode + "


"): null

2019-01-03 20:36:54 - [MESSAGE][PASSED] - Call Test Case 'Test Cases/Final Aug 2018 - PKS Automation/Common/Emp Code Setter' successfully

2019-01-03 20:36:54 - [MESSAGE][PASSED] - Call Test Case 'Test Cases/Final Aug 2018 - PKS Automation/Registration Module/Workflow/Update Add New Employee/Template/New Company for Update Add New - Employer' successfully

2019-01-03 20:36:54 - [TEST_STEP][PASSED] - callTestCase: Call Test Case 'Test Cases/Final Aug 2018 - PKS Automation/Create Employer Acc/Login to Employer Account (Second time)' successfully

2019-01-03 20:36:54 - [TEST_CASE][PASSED] - Test Cases/Final Aug 2018 - PKS Automation/Create Employer Acc/Login to Employer Account (Second time): Test Cases/Final Aug 2018 - PKS Automation/Create Employer Acc/Login to Employer Account (Second time)

2019-01-03 20:36:54 - [TEST_STEP][PASSED] - openBrowser: Browser is opened with url: ''

2019-01-03 20:36:54 - [MESSAGE][WARNING] - A browser is already opened. Closing browser and opening a new one

2019-01-03 20:36:58 - [MESSAGE][PASSED] - Browser is opened with url: ''

2019-01-03 20:36:58 - [TEST_STEP][PASSED] - navigateToUrl: Navigate to 'https://assist2-uat.perkeso.gov.my/employer/login' successfully

2019-01-03 20:36:59 - [MESSAGE][PASSED] - Navigate to 'https://assist2-uat.perkeso.gov.my/employer/login' successfully

2019-01-03 20:36:59 - [TEST_STEP][PASSED] - delay: Delayed 3 second(s)

2019-01-03 20:37:02 - [MESSAGE][PASSED] - Delayed 3 second(s)

2019-01-03 20:37:02 - [TEST_STEP][PASSED] - callTestCase: Call Test Case 'Test Cases/Final Aug 2018 - PKS Automation/Create Employer Acc/Template/Employer Email Getter' successfully

2019-01-03 20:37:02 - [TEST_CASE][PASSED] - Test Cases/Final Aug 2018 - PKS Automation/Create Employer Acc/Template/Employer Email Getter: Test Cases/Final Aug 2018 - PKS Automation/Create Employer Acc/Template/Employer Email Getter

2019-01-03 20:37:02 - [TEST_STEP][PASSED] - Statement - Try: null

2019-01-03 20:37:02 - [TEST_STEP][PASSED] - Statement - EmpEmail = new java.io.File(C://Users//Admin//Desktop//PKS//Automation Reference Point//EmpEmail.txt): null

2019-01-03 20:37:02 - [TEST_STEP][PASSED] - Statement - bufferread = new java.io.BufferedReader(new java.io.FileReader(EmpEmail)): null

2019-01-03 20:37:02 - [TEST_STEP][PASSED] - Statement - readedVal = bufferread.readLine(): null

2019-01-03 20:37:02 - [TEST_STEP][PASSED] - Statement - out.println(readedVal): null

2019-01-03 20:37:02 - [TEST_STEP][PASSED] - Statement - Email = readedVal: null

2019-01-03 20:37:02 - [MESSAGE][PASSED] - Call Test Case 'Test Cases/Final Aug 2018 - PKS Automation/Create Employer Acc/Template/Employer Email Getter' successfully

2019-01-03 20:37:02 - [TEST_STEP][PASSED] - setText: Text 'perkeso984790668429@gmail.com' is set on object 'Object Repository/Final Object Repo/Login Page/External Login Page/Email'

2019-01-03 20:37:03 - [MESSAGE][PASSED] - Text 'perkeso984790668429@gmail.com' is set on object 'Object Repository/Final Object Repo/Login Page/External Login Page/Email'

2019-01-03 20:37:03 - [TEST_STEP][PASSED] - click: Object: 'Object Repository/Final Object Repo/Login Page/External Login Page/Next' is clicked on

2019-01-03 20:37:03 - [MESSAGE][PASSED] - Object: 'Object Repository/Final Object Repo/Login Page/External Login Page/Next' is clicked on

2019-01-03 20:37:03 - [TEST_STEP][PASSED] - delay: Delayed 3 second(s)

2019-01-03 20:37:06 - [MESSAGE][PASSED] - Delayed 3 second(s)

2019-01-03 20:37:06 - [TEST_STEP][PASSED] - setEncryptedText: Text ****** has been set on object 'Object Repository/Final Object Repo/Login Page/External Login Page/Password'

2019-01-03 20:37:06 - [MESSAGE][PASSED] - Text ****** has been set on object 'Object Repository/Final Object Repo/Login Page/External Login Page/Password'

2019-01-03 20:37:06 - [TEST_STEP][PASSED] - click: Object: 'Object Repository/Final Object Repo/Login Page/External Login Page/Login' is clicked on

2019-01-03 20:37:06 - [MESSAGE][PASSED] - Object: 'Object Repository/Final Object Repo/Login Page/External Login Page/Login' is clicked on

2019-01-03 20:37:06 - [TEST_STEP][PASSED] - delay: Delayed 5 second(s)

2019-01-03 20:37:11 - [MESSAGE][PASSED] - Delayed 5 second(s)

2019-01-03 20:37:11 - [MESSAGE][PASSED] - Call Test Case 'Test Cases/Final Aug 2018 - PKS Automation/Create Employer Acc/Login to Employer Account (Second time)' successfully

2019-01-03 20:37:11 - [TEST_STEP][PASSED] - Statement - Try: Delayed 2 second(s)

2019-01-03 20:37:11 - [TEST_STEP][PASSED] - Statement - Checker = false: null

2019-01-03 20:37:11 - [TEST_STEP][PASSED] - Statement - Checker = com.kms.katalon.core.webui.keyword.WebUiBuiltInKeywords.verifyElementHasAttribute(com.kms.katalon.core.testobject.ObjectRepository.findTestObject(Final Object Repo/Landing Page/BM Detecting), "href", 20, OPTIONAL): Object 'Object Repository/Final Object Repo/Landing Page/BM Detecting' has attribute 'href'

2019-01-03 20:37:11 - [MESSAGE][PASSED] - Object 'Object Repository/Final Object Repo/Landing Page/BM Detecting' has attribute 'href'

2019-01-03 20:37:11 - [TEST_STEP][PASSED] - Statement - out.println(Checker): null

2019-01-03 20:37:11 - [TEST_STEP][PASSED] - Statement - If (Checker == false): null

2019-01-03 20:37:11 - [TEST_STEP][PASSED] - Statement - Else: null

2019-01-03 20:37:11 - [TEST_STEP][PASSED] - delay: Delayed 2 second(s)

2019-01-03 20:37:13 - [MESSAGE][PASSED] - Delayed 2 second(s)

2019-01-03 20:37:13 - [TEST_STEP][PASSED] - navigateToUrl: Navigate to 'https://assist2-uat.perkeso.gov.my/web/registration/update/update-employee-information-employer-' successfully

2019-01-03 20:37:14 - [MESSAGE][PASSED] - Navigate to 'https://assist2-uat.perkeso.gov.my/web/registration/update/update-employee-information-employer-' successfully

2019-01-03 20:37:14 - [TEST_STEP][PASSED] - click: Object: 'Object Repository/Final Object Repo/Page_Update Employee Information By Employer/Edit Button' is clicked on

2019-01-03 20:37:17 - [MESSAGE][PASSED] - Object: 'Object Repository/Final Object Repo/Page_Update Employee Information By Employer/Edit Button' is clicked on

2019-01-03 20:37:17 - [TEST_STEP][PASSED] - click: Object: 'Object Repository/Final Object Repo/Page_Update Employee Information By Employer/Employee Name or New Identification' is clicked on

2019-01-03 20:37:17 - [MESSAGE][PASSED] - Object: 'Object Repository/Final Object Repo/Page_Update Employee Information By Employer/Employee Name or New Identification' is clicked on

2019-01-03 20:37:17 - [TEST_STEP][PASSED] - delay: Delayed 1 second(s)

2019-01-03 20:37:18 - [MESSAGE][PASSED] - Delayed 1 second(s)

2019-01-03 20:37:18 - [TEST_STEP][PASSED] - click: Object: 'Object Repository/Final Object Repo/Page_Update Employee Information By Employer/Selection - Employee Name' is clicked on

2019-01-03 20:37:18 - [MESSAGE][PASSED] - Object: 'Object Repository/Final Object Repo/Page_Update Employee Information By Employer/Selection - Employee Name' is clicked on

2019-01-03 20:37:18 - [TEST_STEP][PASSED] - delay: Delayed 1 second(s)

2019-01-03 20:37:19 - [MESSAGE][PASSED] - Delayed 1 second(s)

2019-01-03 20:37:19 - [TEST_STEP][PASSED] - setText: Text 'AUTOMATE001 ELIGIBLE 1' is set on object 'Object Repository/Final Object Repo/Page_Update Employee Information By Employer/Employee Name'

2019-01-03 20:37:19 - [MESSAGE][PASSED] - Text 'AUTOMATE001 ELIGIBLE 1' is set on object 'Object Repository/Final Object Repo/Page_Update Employee Information By Employer/Employee Name'

2019-01-03 20:37:19 - [TEST_STEP][PASSED] - delay: Delayed 2 second(s)

2019-01-03 20:37:21 - [MESSAGE][PASSED] - Delayed 2 second(s)

2019-01-03 20:37:21 - [TEST_STEP][PASSED] - click: Object: 'Object Repository/Final Object Repo/Page_Update Employee Information By Employer/Search Employee' is clicked on

2019-01-03 20:37:22 - [MESSAGE][PASSED] - Object: 'Object Repository/Final Object Repo/Page_Update Employee Information By Employer/Search Employee' is clicked on

2019-01-03 20:37:22 - [TEST_STEP][PASSED] - delay: Delayed 3 second(s)

2019-01-03 20:37:25 - [MESSAGE][PASSED] - Delayed 3 second(s)

2019-01-03 20:37:25 - [TEST_STEP][PASSED] - click: Object: 'Object Repository/Final Object Repo/Page_Update Employee Information By Employer/Employee Edit Button' is clicked on

2019-01-03 20:37:25 - [MESSAGE][PASSED] - Object: 'Object Repository/Final Object Repo/Page_Update Employee Information By Employer/Employee Edit Button' is clicked on

2019-01-03 20:37:25 - [TEST_STEP][PASSED] - delay: Delayed 3 second(s)

2019-01-03 20:37:28 - [MESSAGE][PASSED] - Delayed 3 second(s)

2019-01-03 20:37:28 - [TEST_STEP][PASSED] - setText: Text '' is set on object 'Object Repository/Final Object Repo/Page_Update Employee Information By Employer/Identification Number'

2019-01-03 20:37:28 - [MESSAGE][PASSED] - Text '' is set on object 'Object Repository/Final Object Repo/Page_Update Employee Information By Employer/Identification Number'

2019-01-03 20:37:28 - [TEST_STEP][PASSED] - Statement - rnd = new java.util.Random(): null

2019-01-03 20:37:28 - [TEST_STEP][PASSED] - Statement - snum = rnd.nextInt(899999 + 1) + 100000: null

2019-01-03 20:37:28 - [TEST_STEP][PASSED] - Statement - tnum = rnd.nextInt(899999 + 1) + 100000: null

2019-01-03 20:37:28 - [TEST_STEP][PASSED] - Statement - IC = java.lang.Integer.toString(snum) + java.lang.Integer.toString(tnum): null

2019-01-03 20:37:28 - [TEST_STEP][PASSED] - Statement - out.println(IC): null

2019-01-03 20:37:28 - [TEST_STEP][PASSED] - setText: Text '336283986610' is set on object 'Object Repository/Final Object Repo/Page_Update Employee Information By Employer/Identification Number'

2019-01-03 20:37:28 - [MESSAGE][PASSED] - Text '336283986610' is set on object 'Object Repository/Final Object Repo/Page_Update Employee Information By Employer/Identification Number'

2019-01-03 20:37:28 - [TEST_STEP][PASSED] - click: Object: 'Object Repository/Final Object Repo/Page_Update Employee Information By Employer/Save' is clicked on

2019-01-03 20:37:28 - [MESSAGE][PASSED] - Object: 'Object Repository/Final Object Repo/Page_Update Employee Information By Employer/Save' is clicked on

2019-01-03 20:37:28 - [TEST_STEP][PASSED] - delay: Delayed 5 second(s)

2019-01-03 20:37:33 - [MESSAGE][PASSED] - Delayed 5 second(s)

2019-01-03 20:37:33 - [TEST_STEP][PASSED] - Statement - CaseReferenceNo = com.kms.katalon.core.webui.keyword.WebUiBuiltInKeywords.getText(com.kms.katalon.core.testobject.ObjectRepository.findTestObject(Final Object Repo/Reference Number/Reference Number in Update Employee Information Page)): Text of object 'Object Repository/Final Object Repo/Reference Number/Reference Number in Update Employee Information Page' is: 'CUN012019C100006151'

2019-01-03 20:37:34 - [MESSAGE][PASSED] - Text of object 'Object Repository/Final Object Repo/Reference Number/Reference Number in Update Employee Information Page' is: 'CUN012019C100006151'

2019-01-03 20:37:34 - [TEST_STEP][PASSED] - callTestCase: Call Test Case 'Test Cases/Final Aug 2018 - PKS Automation/Common/Reference Number Setter' successfully

2019-01-03 20:37:34 - [TEST_CASE][PASSED] - Test Cases/Final Aug 2018 - PKS Automation/Common/Reference Number Setter: Test Cases/Final Aug 2018 - PKS Automation/Common/Reference Number Setter

2019-01-03 20:37:34 - [TEST_STEP][PASSED] - Statement - RefNoOldFile = new java.io.File(C://Users//Admin//Desktop//PKS//Automation Reference Point//KatalonReference.txt): null

2019-01-03 20:37:34 - [TEST_STEP][PASSED] - Statement - RefNoOldFile.delete(): null

2019-01-03 20:37:34 - [TEST_STEP][PASSED] - delay: Delayed 5 second(s)

2019-01-03 20:37:39 - [MESSAGE][PASSED] - Delayed 5 second(s)

2019-01-03 20:37:39 - [TEST_STEP][PASSED] - Statement - RefNo = new java.io.File(C://Users//Admin//Desktop//PKS//Automation Reference Point//KatalonReference.txt): null

2019-01-03 20:37:39 - [TEST_STEP][PASSED] - Statement - f2 = new java.io.FileWriter(RefNo, false): null

2019-01-03 20:37:39 - [TEST_STEP][PASSED] - Statement - f2.write(CaseReferenceNo): null

2019-01-03 20:37:39 - [TEST_STEP][PASSED] - Statement - f2.close(): null

2019-01-03 20:37:39 - [TEST_STEP][PASSED] - Statement - out.println("


" + CaseReferenceNo + "


"): null

2019-01-03 20:37:39 - [MESSAGE][PASSED] - Call Test Case 'Test Cases/Final Aug 2018 - PKS Automation/Common/Reference Number Setter' successfully

2019-01-03 20:37:39 - [TEST_STEP][PASSED] - delay: Delayed 5 second(s)

2019-01-03 20:37:44 - [MESSAGE][PASSED] - Delayed 5 second(s)

2019-01-03 20:37:44 - [TEST_STEP][PASSED] - click: Object: 'Object Repository/Final Object Repo/Page_Update Employee Information By Employer/Save  Continue in  Employee Information Page' is clicked on

2019-01-03 20:37:44 - [MESSAGE][PASSED] - Object: 'Object Repository/Final Object Repo/Page_Update Employee Information By Employer/Save  Continue in  Employee Information Page' is clicked on

2019-01-03 20:37:44 - [TEST_STEP][PASSED] - delay: Delayed 5 second(s)

2019-01-03 20:37:49 - [MESSAGE][PASSED] - Delayed 5 second(s)

2019-01-03 20:37:49 - [TEST_STEP][PASSED] - click: Object: 'Object Repository/Final Object Repo/Page_Update Employee Information By Employer/Save  Continue in Uploading Page 1' is clicked on

2019-01-03 20:37:49 - [MESSAGE][PASSED] - Object: 'Object Repository/Final Object Repo/Page_Update Employee Information By Employer/Save  Continue in Uploading Page 1' is clicked on

2019-01-03 20:37:49 - [TEST_STEP][PASSED] - delay: Delayed 5 second(s)

2019-01-03 20:37:54 - [MESSAGE][PASSED] - Delayed 5 second(s)

2019-01-03 20:37:54 - [TEST_STEP][PASSED] - click: Object: 'Object Repository/Final Object Repo/Page_Update Employee Information By Employer/Submit' is clicked on

2019-01-03 20:37:54 - [MESSAGE][PASSED] - Object: 'Object Repository/Final Object Repo/Page_Update Employee Information By Employer/Submit' is clicked on

2019-01-03 20:37:54 - [TEST_STEP][PASSED] - delay: Delayed 5 second(s)

2019-01-03 20:37:59 - [MESSAGE][PASSED] - Delayed 5 second(s)

2019-01-03 20:37:59 - [TEST_STEP][PASSED] - click: Object: 'Object Repository/Final Object Repo/Page_Update Employee Information By Employer/Confirm' is clicked on

2019-01-03 20:37:59 - [MESSAGE][PASSED] - Object: 'Object Repository/Final Object Repo/Page_Update Employee Information By Employer/Confirm' is clicked on

2019-01-03 20:37:59 - [TEST_STEP][PASSED] - delay: Delayed 5 second(s)

2019-01-03 20:38:04 - [MESSAGE][PASSED] - Delayed 5 second(s)

2019-01-03 20:38:04 - [TEST_STEP][PASSED] - verifyElementVisible: Object 'Object Repository/Final Object Repo/Page_Update Employee Information By Employer/Successfull Message Routed to UO' is visible

2019-01-03 20:38:04 - [MESSAGE][PASSED] - Object 'Object Repository/Final Object Repo/Page_Update Employee Information By Employer/Successfull Message Routed to UO' is visible

2019-01-03 20:38:04 - [MESSAGE][PASSED] - Call Test Case 'Test Cases/Final Aug 2018 - PKS Automation/Registration Module/Workflow/Update Employee Information (Employer)/Template/Update Employer Information - Special Case (Employer)' successfully

2019-01-03 20:38:04 - [TEST_STEP][PASSED] - callTestCase: Call Test Case 'Test Cases/Final Aug 2018 - PKS Automation/Registration Module/Workflow/Update Employee Information (Employer)/Template/Update Employee Information - Special Case - UO(Query)' successfully

2019-01-03 20:38:04 - [TEST_CASE][PASSED] - Test Cases/Final Aug 2018 - PKS Automation/Registration Module/Workflow/Update Employee Information (Employer)/Template/Update Employee Information - Special Case - UO(Query): Test Cases/Final Aug 2018 - PKS Automation/Registration Module/Workflow/Update Employee Information (Employer)/Template/Update Employee Information - Special Case - UO(Query)

2019-01-03 20:38:05 - [TEST_STEP][NOT_RUN] - callTestCase: NOT_RUN: callTestCase

2019-01-03 20:38:05 - [MESSAGE][NOT_RUN] - NOT_RUN: callTestCase

2019-01-03 20:38:05 - [TEST_STEP][PASSED] - delay: Delayed 2 second(s)

2019-01-03 20:38:07 - [MESSAGE][PASSED] - Delayed 2 second(s)

2019-01-03 20:38:07 - [TEST_STEP][PASSED] - navigateToUrl: Navigate to 'https://assist2-uat.perkeso.gov.my/c/portal/logout' successfully

2019-01-03 20:38:08 - [MESSAGE][PASSED] - Navigate to 'https://assist2-uat.perkeso.gov.my/c/portal/logout' successfully

2019-01-03 20:38:08 - [TEST_STEP][PASSED] - delay: Delayed 2 second(s)

2019-01-03 20:38:10 - [MESSAGE][PASSED] - Delayed 2 second(s)

2019-01-03 20:38:10 - [TEST_STEP][PASSED] - callTestCase: Call Test Case 'Test Cases/Final Aug 2018 - PKS Automation/Common/Reference Number Getter' successfully

2019-01-03 20:38:10 - [TEST_CASE][PASSED] - Test Cases/Final Aug 2018 - PKS Automation/Common/Reference Number Getter: Test Cases/Final Aug 2018 - PKS Automation/Common/Reference Number Getter

2019-01-03 20:38:10 - [TEST_STEP][PASSED] - Statement - Try: null

2019-01-03 20:38:10 - [TEST_STEP][PASSED] - Statement - RefNo = new java.io.File(C://Users//Admin//Desktop//PKS//Automation Reference Point//KatalonReference.txt): null

2019-01-03 20:38:10 - [TEST_STEP][PASSED] - Statement - bufferread = new java.io.BufferedReader(new java.io.FileReader(RefNo)): null

2019-01-03 20:38:10 - [TEST_STEP][PASSED] - Statement - readedVal = bufferread.readLine(): null

2019-01-03 20:38:10 - [TEST_STEP][PASSED] - Statement - out.println(CaseReferenceNo): null

2019-01-03 20:38:10 - [TEST_STEP][PASSED] - Statement - out.println(readedVal): null

2019-01-03 20:38:10 - [TEST_STEP][PASSED] - Statement - CaseReferenceNo = "": null

2019-01-03 20:38:10 - [TEST_STEP][PASSED] - Statement - CaseReferenceNo = readedVal: null

2019-01-03 20:38:10 - [MESSAGE][PASSED] - Call Test Case 'Test Cases/Final Aug 2018 - PKS Automation/Common/Reference Number Getter' successfully

2019-01-03 20:38:10 - [TEST_STEP][PASSED] - callTestCase: Call Test Case 'Test Cases/Final Aug 2018 - PKS Automation/Common/Workflow Owner Finder' successfully

2019-01-03 20:38:10 - [TEST_CASE][PASSED] - Test Cases/Final Aug 2018 - PKS Automation/Common/Workflow Owner Finder: Test Cases/Final Aug 2018 - PKS Automation/Common/Workflow Owner Finder

2019-01-03 20:38:10 - [TEST_STEP][PASSED] - openBrowser: Browser is opened with url: ''

2019-01-03 20:38:10 - [MESSAGE][WARNING] - A browser is already opened. Closing browser and opening a new one

2019-01-03 20:38:13 - [MESSAGE][PASSED] - Browser is opened with url: ''

2019-01-03 20:38:13 - [TEST_STEP][PASSED] - navigateToUrl: Navigate to 'https://assist2-uat.perkeso.gov.my/login' successfully

2019-01-03 20:38:15 - [MESSAGE][PASSED] - Navigate to 'https://assist2-uat.perkeso.gov.my/login' successfully

2019-01-03 20:38:15 - [TEST_STEP][PASSED] - delay: Delayed 5 second(s)

2019-01-03 20:38:20 - [MESSAGE][PASSED] - Delayed 5 second(s)

2019-01-03 20:38:20 - [TEST_STEP][PASSED] - setText: Text 'test@liferay.com' is set on object 'Object Repository/Final Object Repo/Login Page/Internal User/Email Address'

2019-01-03 20:38:20 - [MESSAGE][PASSED] - Text 'test@liferay.com' is set on object 'Object Repository/Final Object Repo/Login Page/Internal User/Email Address'

2019-01-03 20:38:20 - [TEST_STEP][PASSED] - click: Object: 'Object Repository/Final Object Repo/Login Page/Internal User/Next Button' is clicked on

2019-01-03 20:38:20 - [MESSAGE][PASSED] - Object: 'Object Repository/Final Object Repo/Login Page/Internal User/Next Button' is clicked on

2019-01-03 20:38:20 - [TEST_STEP][PASSED] - delay: Delayed 2 second(s)

2019-01-03 20:38:22 - [MESSAGE][PASSED] - Delayed 2 second(s)

2019-01-03 20:38:22 - [TEST_STEP][PASSED] - setText: Text 'test' is set on object 'Object Repository/Final Object Repo/Login Page/Internal User/Password'

2019-01-03 20:38:22 - [MESSAGE][PASSED] - Text 'test' is set on object 'Object Repository/Final Object Repo/Login Page/Internal User/Password'

2019-01-03 20:38:22 - [TEST_STEP][PASSED] - delay: Delayed 2 second(s)

2019-01-03 20:38:24 - [MESSAGE][PASSED] - Delayed 2 second(s)

2019-01-03 20:38:24 - [TEST_STEP][PASSED] - click: Object: 'Object Repository/Final Object Repo/Login Page/Internal User/Login Button' is clicked on

2019-01-03 20:38:24 - [MESSAGE][PASSED] - Object: 'Object Repository/Final Object Repo/Login Page/Internal User/Login Button' is clicked on

2019-01-03 20:38:24 - [TEST_STEP][PASSED] - Statement - tester = com.kms.katalon.core.testobject.ObjectRepository.findTestObject(Final Object Repo/Landing Page/Select to English): Finding Test Object with id 'Object Repository/Final Object Repo/Landing Page/Select to English'

2019-01-03 20:38:24 - [TEST_STEP][PASSED] - Statement - Try: Delayed 2 second(s)

2019-01-03 20:38:24 - [TEST_STEP][PASSED] - Statement - Checker = com.kms.katalon.core.webui.keyword.WebUiBuiltInKeywords.verifyElementNotPresent(tester, 3): Web element with id: 'Object Repository/Final Object Repo/Landing Page/Select to English' located by 'By.xpath: //a[@class = 'taglib-language-list-text' and @lang = 'en-US' and (contains(text(), 'EN') or contains(., 'EN'))]' is not present after '3' second(s)

2019-01-03 20:38:26 - [MESSAGE][PASSED] - Web element with id: 'Object Repository/Final Object Repo/Landing Page/Select to English' located by 'By.xpath: //a[@class = 'taglib-language-list-text' and @lang = 'en-US' and (contains(text(), 'EN') or contains(., 'EN'))]' is not present after '3' second(s)

2019-01-03 20:38:26 - [TEST_STEP][PASSED] - Statement - If (Checker == false): null

2019-01-03 20:38:26 - [TEST_STEP][PASSED] - delay: Delayed 2 second(s)

2019-01-03 20:38:28 - [MESSAGE][PASSED] - Delayed 2 second(s)

2019-01-03 20:38:28 - [TEST_STEP][PASSED] - delay: Delayed 5 second(s)

2019-01-03 20:38:33 - [MESSAGE][PASSED] - Delayed 5 second(s)

2019-01-03 20:38:33 - [TEST_STEP][PASSED] - mouseOver: Object: 'Object Repository/Final Object Repo/Landing Page/WorkFlow Menu' is hovered

2019-01-03 20:38:33 - [MESSAGE][PASSED] - Object: 'Object Repository/Final Object Repo/Landing Page/WorkFlow Menu' is hovered

2019-01-03 20:38:33 - [TEST_STEP][PASSED] - delay: Delayed 2 second(s)

2019-01-03 20:38:35 - [MESSAGE][PASSED] - Delayed 2 second(s)

2019-01-03 20:38:35 - [TEST_STEP][PASSED] - click: Object: 'Object Repository/Final Object Repo/Landing Page/Select to Workflow Listing' is clicked on

2019-01-03 20:38:37 - [MESSAGE][PASSED] - Object: 'Object Repository/Final Object Repo/Landing Page/Select to Workflow Listing' is clicked on

2019-01-03 20:38:37 - [TEST_STEP][PASSED] - delay: Delayed 2 second(s)

2019-01-03 20:38:39 - [MESSAGE][PASSED] - Delayed 2 second(s)

2019-01-03 20:38:39 - [TEST_STEP][PASSED] - click: Object: 'Object Repository/Final Object Repo/WorkFlow Listing Page/Search Information - To Put Ref No' is clicked on

2019-01-03 20:38:39 - [MESSAGE][PASSED] - Object: 'Object Repository/Final Object Repo/WorkFlow Listing Page/Search Information - To Put Ref No' is clicked on

2019-01-03 20:38:39 - [TEST_STEP][PASSED] - delay: Delayed 2 second(s)

2019-01-03 20:38:41 - [MESSAGE][PASSED] - Delayed 2 second(s)

2019-01-03 20:38:41 - [TEST_STEP][PASSED] - callTestCase: Call Test Case 'Test Cases/Final Aug 2018 - PKS Automation/Common/Reference Number Getter' successfully

2019-01-03 20:38:41 - [TEST_CASE][PASSED] - Test Cases/Final Aug 2018 - PKS Automation/Common/Reference Number Getter: Test Cases/Final Aug 2018 - PKS Automation/Common/Reference Number Getter

2019-01-03 20:38:41 - [TEST_STEP][PASSED] - Statement - Try: null

2019-01-03 20:38:41 - [TEST_STEP][PASSED] - Statement - RefNo = new java.io.File(C://Users//Admin//Desktop//PKS//Automation Reference Point//KatalonReference.txt): null

2019-01-03 20:38:41 - [TEST_STEP][PASSED] - Statement - bufferread = new java.io.BufferedReader(new java.io.FileReader(RefNo)): null

2019-01-03 20:38:41 - [TEST_STEP][PASSED] - Statement - readedVal = bufferread.readLine(): null

2019-01-03 20:38:41 - [TEST_STEP][PASSED] - Statement - out.println(CaseReferenceNo): null

2019-01-03 20:38:41 - [TEST_STEP][PASSED] - Statement - out.println(readedVal): null

2019-01-03 20:38:41 - [TEST_STEP][PASSED] - Statement - CaseReferenceNo = "": null

2019-01-03 20:38:41 - [TEST_STEP][PASSED] - Statement - CaseReferenceNo = readedVal: null

2019-01-03 20:38:41 - [MESSAGE][PASSED] - Call Test Case 'Test Cases/Final Aug 2018 - PKS Automation/Common/Reference Number Getter' successfully

2019-01-03 20:38:41 - [TEST_STEP][PASSED] - setText: Text 'CUN012019C100006151' is set on object 'Object Repository/Final Object Repo/WorkFlow Listing Page/Ref No Set Text'

2019-01-03 20:38:41 - [MESSAGE][PASSED] - Text 'CUN012019C100006151' is set on object 'Object Repository/Final Object Repo/WorkFlow Listing Page/Ref No Set Text'

2019-01-03 20:38:41 - [TEST_STEP][PASSED] - delay: Delayed 2 second(s)

2019-01-03 20:38:43 - [MESSAGE][PASSED] - Delayed 2 second(s)

2019-01-03 20:38:43 - [TEST_STEP][PASSED] - click: Object: 'Object Repository/Final Object Repo/WorkFlow Listing Page/Search Ref No Search Button' is clicked on

2019-01-03 20:38:44 - [MESSAGE][PASSED] - Object: 'Object Repository/Final Object Repo/WorkFlow Listing Page/Search Ref No Search Button' is clicked on

2019-01-03 20:38:44 - [TEST_STEP][PASSED] - delay: Delayed 6 second(s)

2019-01-03 20:38:50 - [MESSAGE][PASSED] - Delayed 6 second(s)

2019-01-03 20:38:50 - [TEST_STEP][PASSED] - click: Object: 'Object Repository/Final Object Repo/WorkFlow Listing Page/Click Continue Tooltip' is clicked on

2019-01-03 20:38:50 - [MESSAGE][PASSED] - Object: 'Object Repository/Final Object Repo/WorkFlow Listing Page/Click Continue Tooltip' is clicked on

2019-01-03 20:38:50 - [TEST_STEP][PASSED] - delay: Delayed 5 second(s)

2019-01-03 20:38:55 - [MESSAGE][PASSED] - Delayed 5 second(s)

2019-01-03 20:38:55 - [TEST_STEP][PASSED] - doubleClick: Object: 'Object Repository/Final Object Repo/WorkFlow Listing Page/Workflow Found - Listing 1' is double clicked on

2019-01-03 20:38:56 - [MESSAGE][PASSED] - Object: 'Object Repository/Final Object Repo/WorkFlow Listing Page/Workflow Found - Listing 1' is double clicked on

2019-01-03 20:38:56 - [TEST_STEP][PASSED] - Statement - println(OwnerID): null

2019-01-03 20:38:56 - [TEST_STEP][PASSED] - Statement - OwnerID = com.kms.katalon.core.webui.keyword.WebUiBuiltInKeywords.getText(com.kms.katalon.core.testobject.ObjectRepository.findTestObject(Final Object Repo/WorkFlow Listing Page/Workflow Found - Listing 1), STOP_ON_FAILURE): Text of object 'Object Repository/Final Object Repo/WorkFlow Listing Page/Workflow Found - Listing 1' is: 'JOHORuo1'

2019-01-03 20:38:56 - [MESSAGE][PASSED] - Text of object 'Object Repository/Final Object Repo/WorkFlow Listing Page/Workflow Found - Listing 1' is: 'JOHORuo1'

2019-01-03 20:38:56 - [TEST_STEP][PASSED] - Statement - OwnerID = OwnerID.toLowerCase() + "@gmail.com": null

2019-01-03 20:38:56 - [TEST_STEP][PASSED] - Statement - println(OwnerID): null

2019-01-03 20:38:56 - [TEST_STEP][PASSED] - delay: Delayed 2 second(s)

2019-01-03 20:38:58 - [MESSAGE][PASSED] - Delayed 2 second(s)

2019-01-03 20:38:58 - [MESSAGE][PASSED] - Call Test Case 'Test Cases/Final Aug 2018 - PKS Automation/Common/Workflow Owner Finder' successfully

2019-01-03 20:38:58 - [TEST_STEP][PASSED] - delay: Delayed 2 second(s)

2019-01-03 20:39:00 - [MESSAGE][PASSED] - Delayed 2 second(s)

2019-01-03 20:39:00 - [TEST_STEP][PASSED] - navigateToUrl: Navigate to 'https://assist2-uat.perkeso.gov.my/c/portal/logout' successfully

2019-01-03 20:39:00 - [MESSAGE][PASSED] - Navigate to 'https://assist2-uat.perkeso.gov.my/c/portal/logout' successfully

2019-01-03 20:39:00 - [TEST_STEP][PASSED] - delay: Delayed 2 second(s)

2019-01-03 20:39:02 - [MESSAGE][PASSED] - Delayed 2 second(s)

2019-01-03 20:39:02 - [TEST_STEP][PASSED] - callTestCase: Call Test Case 'Test Cases/Final Aug 2018 - PKS Automation/Registration Module/Workflow/Login and Search Case For Workflow' successfully

2019-01-03 20:39:02 - [TEST_CASE][PASSED] - Test Cases/Final Aug 2018 - PKS Automation/Registration Module/Workflow/Login and Search Case For Workflow: Test Cases/Final Aug 2018 - PKS Automation/Registration Module/Workflow/Login and Search Case For Workflow

2019-01-03 20:39:02 - [TEST_STEP][PASSED] - navigateToUrl: Navigate to 'https://assist2-uat.perkeso.gov.my/login' successfully

2019-01-03 20:39:03 - [MESSAGE][PASSED] - Navigate to 'https://assist2-uat.perkeso.gov.my/login' successfully

2019-01-03 20:39:03 - [TEST_STEP][PASSED] - setText: Text 'johoruo1@gmail.com' is set on object 'Object Repository/Final Object Repo/Login Page/Internal User/Email Address'

2019-01-03 20:39:03 - [MESSAGE][PASSED] - Text 'johoruo1@gmail.com' is set on object 'Object Repository/Final Object Repo/Login Page/Internal User/Email Address'

2019-01-03 20:39:03 - [TEST_STEP][PASSED] - click: Object: 'Object Repository/Final Object Repo/Login Page/Internal User/Next Button' is clicked on

2019-01-03 20:39:03 - [MESSAGE][PASSED] - Object: 'Object Repository/Final Object Repo/Login Page/Internal User/Next Button' is clicked on

2019-01-03 20:39:03 - [TEST_STEP][PASSED] - delay: Delayed 1 second(s)

2019-01-03 20:39:04 - [MESSAGE][PASSED] - Delayed 1 second(s)

2019-01-03 20:39:04 - [TEST_STEP][PASSED] - setEncryptedText: Text ****** has been set on object 'Object Repository/Final Object Repo/Login Page/Internal User/Password'

2019-01-03 20:39:05 - [MESSAGE][PASSED] - Text ****** has been set on object 'Object Repository/Final Object Repo/Login Page/Internal User/Password'

2019-01-03 20:39:05 - [TEST_STEP][PASSED] - click: Object: 'Object Repository/Final Object Repo/Login Page/Internal User/Login Button' is clicked on

2019-01-03 20:39:05 - [MESSAGE][PASSED] - Object: 'Object Repository/Final Object Repo/Login Page/Internal User/Login Button' is clicked on

2019-01-03 20:39:05 - [TEST_STEP][PASSED] - delay: Delayed 2 second(s)

2019-01-03 20:39:07 - [MESSAGE][PASSED] - Delayed 2 second(s)

2019-01-03 20:39:07 - [TEST_STEP][PASSED] - Statement - Try: Delayed 2 second(s)

2019-01-03 20:39:07 - [TEST_STEP][PASSED] - Statement - Checker = false: null

2019-01-03 20:39:07 - [TEST_STEP][PASSED] - Statement - Checker = com.kms.katalon.core.webui.keyword.WebUiBuiltInKeywords.verifyElementHasAttribute(com.kms.katalon.core.testobject.ObjectRepository.findTestObject(Final Object Repo/Landing Page/BM Detecting), "href", 20, OPTIONAL): Object 'Object Repository/Final Object Repo/Landing Page/BM Detecting' has attribute 'href'

2019-01-03 20:39:07 - [MESSAGE][PASSED] - Object 'Object Repository/Final Object Repo/Landing Page/BM Detecting' has attribute 'href'

2019-01-03 20:39:07 - [TEST_STEP][PASSED] - Statement - out.println(Checker): null

2019-01-03 20:39:07 - [TEST_STEP][PASSED] - Statement - If (Checker == false): null

2019-01-03 20:39:07 - [TEST_STEP][PASSED] - Statement - Else: null

2019-01-03 20:39:07 - [TEST_STEP][PASSED] - delay: Delayed 2 second(s)

2019-01-03 20:39:09 - [MESSAGE][PASSED] - Delayed 2 second(s)

2019-01-03 20:39:09 - [TEST_STEP][PASSED] - click: Object: 'Object Repository/Final Object Repo/Page_MyASSIST - ASSIST - Search Pending Case For Add Supporting Document/Search Information' is clicked on

2019-01-03 20:39:09 - [MESSAGE][PASSED] - Object: 'Object Repository/Final Object Repo/Page_MyASSIST - ASSIST - Search Pending Case For Add Supporting Document/Search Information' is clicked on

2019-01-03 20:39:09 - [TEST_STEP][PASSED] - delay: Delayed 3 second(s)

2019-01-03 20:39:12 - [MESSAGE][PASSED] - Delayed 3 second(s)

2019-01-03 20:39:12 - [TEST_STEP][PASSED] - sendKeys: Keys 'CUN012019C100006151' sent to object: 'Object Repository/Final Object Repo/Page_MyASSIST - ASSIST - Search Pending Case For Add Supporting Document/Reference No'

2019-01-03 20:39:12 - [MESSAGE][PASSED] - Keys 'CUN012019C100006151' sent to object: 'Object Repository/Final Object Repo/Page_MyASSIST - ASSIST - Search Pending Case For Add Supporting Document/Reference No'

2019-01-03 20:39:12 - [TEST_STEP][PASSED] - click: Object: 'Object Repository/Final Object Repo/Page_MyASSIST - ASSIST - Search Pending Case For Add Supporting Document/Search Reference No' is clicked on

2019-01-03 20:39:12 - [MESSAGE][PASSED] - Object: 'Object Repository/Final Object Repo/Page_MyASSIST - ASSIST - Search Pending Case For Add Supporting Document/Search Reference No' is clicked on

2019-01-03 20:39:12 - [TEST_STEP][PASSED] - delay: Delayed 2 second(s)

2019-01-03 20:39:14 - [MESSAGE][PASSED] - Delayed 2 second(s)

2019-01-03 20:39:14 - [TEST_STEP][PASSED] - click: Object: 'Object Repository/Final Object Repo/Page_MyASSIST - ASSIST - Search Pending Case For Add Supporting Document/Continue' is clicked on

2019-01-03 20:39:19 - [MESSAGE][PASSED] - Object: 'Object Repository/Final Object Repo/Page_MyASSIST - ASSIST - Search Pending Case For Add Supporting Document/Continue' is clicked on

2019-01-03 20:39:19 - [TEST_STEP][PASSED] - delay: Delayed 20 second(s)

2019-01-03 20:39:39 - [MESSAGE][PASSED] - Delayed 20 second(s)

2019-01-03 20:39:39 - [MESSAGE][PASSED] - Call Test Case 'Test Cases/Final Aug 2018 - PKS Automation/Registration Module/Workflow/Login and Search Case For Workflow' successfully

2019-01-03 20:39:39 - [TEST_STEP][PASSED] - delay: Delayed 2 second(s)

2019-01-03 20:39:41 - [MESSAGE][PASSED] - Delayed 2 second(s)

2019-01-03 20:39:41 - [TEST_STEP][PASSED] - click: Object: 'Object Repository/Final Object Repo/Page_Update Employee Information By Employer/Page_Update Employee Information by Employer (Approve)/Continue' is clicked on

2019-01-03 20:39:44 - [MESSAGE][PASSED] - Object: 'Object Repository/Final Object Repo/Page_Update Employee Information By Employer/Page_Update Employee Information by Employer (Approve)/Continue' is clicked on

2019-01-03 20:39:44 - [TEST_STEP][PASSED] - delay: Delayed 2 second(s)

2019-01-03 20:39:46 - [MESSAGE][PASSED] - Delayed 2 second(s)

2019-01-03 20:39:46 - [TEST_STEP][PASSED] - click: Object: 'Object Repository/Final Object Repo/Page_Update Employee Information By Employer/Page_Update Employee Information by Employer (Approve)/Save  Continue in Update Employee Information Page' is clicked on

2019-01-03 20:39:47 - [MESSAGE][PASSED] - Object: 'Object Repository/Final Object Repo/Page_Update Employee Information By Employer/Page_Update Employee Information by Employer (Approve)/Save  Continue in Update Employee Information Page' is clicked on

2019-01-03 20:39:47 - [TEST_STEP][PASSED] - delay: Delayed 4 second(s)

2019-01-03 20:39:51 - [MESSAGE][PASSED] - Delayed 4 second(s)

2019-01-03 20:39:51 - [TEST_STEP][PASSED] - setText: Text 'Query' is set on object 'Object Repository/Final Object Repo/Page_Update Employee Information By Employer/Page_Update Employee Information by Employer (Query)/Remark'

2019-01-03 20:39:51 - [MESSAGE][PASSED] - Text 'Query' is set on object 'Object Repository/Final Object Repo/Page_Update Employee Information By Employer/Page_Update Employee Information by Employer (Query)/Remark'

2019-01-03 20:39:51 - [TEST_STEP][PASSED] - delay: Delayed 2 second(s)

2019-01-03 20:39:53 - [MESSAGE][PASSED] - Delayed 2 second(s)

2019-01-03 20:39:53 - [TEST_STEP][PASSED] - click: Object: 'Object Repository/Final Object Repo/Page_Update Employee Information By Employer/Page_Update Employee Information by Employer (Approve)/Save  Continue in Upload Supporting Doucument Page' is clicked on

2019-01-03 20:39:53 - [MESSAGE][PASSED] - Object: 'Object Repository/Final Object Repo/Page_Update Employee Information By Employer/Page_Update Employee Information by Employer (Approve)/Save  Continue in Upload Supporting Doucument Page' is clicked on

2019-01-03 20:39:53 - [TEST_STEP][PASSED] - delay: Delayed 2 second(s)

2019-01-03 20:39:55 - [MESSAGE][PASSED] - Delayed 2 second(s)

2019-01-03 20:39:55 - [TEST_STEP][PASSED] - click: Object: 'Object Repository/Final Object Repo/Page_Update Employee Information By Employer/Page_Update Employee Information by Employer (Query)/Query' is clicked on

2019-01-03 20:39:57 - [MESSAGE][PASSED] - Object: 'Object Repository/Final Object Repo/Page_Update Employee Information By Employer/Page_Update Employee Information by Employer (Query)/Query' is clicked on

2019-01-03 20:39:57 - [TEST_STEP][PASSED] - delay: Delayed 2 second(s)

2019-01-03 20:39:59 - [MESSAGE][PASSED] - Delayed 2 second(s)

2019-01-03 20:39:59 - [TEST_STEP][PASSED] - click: Object: 'Object Repository/Final Object Repo/Page_Update Employee Information By Employer/Page_Update Employee Information by Employer (Approve)/Confirm' is clicked on

2019-01-03 20:39:59 - [MESSAGE][PASSED] - Object: 'Object Repository/Final Object Repo/Page_Update Employee Information By Employer/Page_Update Employee Information by Employer (Approve)/Confirm' is clicked on

2019-01-03 20:39:59 - [TEST_STEP][PASSED] - delay: Delayed 2 second(s)

2019-01-03 20:40:01 - [MESSAGE][PASSED] - Delayed 2 second(s)

2019-01-03 20:40:01 - [TEST_STEP][PASSED] - click: Object: 'Object Repository/Final Object Repo/Page_Update Employee Information By Employer/Page_Update Employee Information by Employer (Query)/Query Message The case is Under Query' is clicked on

2019-01-03 20:40:05 - [MESSAGE][PASSED] - Object: 'Object Repository/Final Object Repo/Page_Update Employee Information By Employer/Page_Update Employee Information by Employer (Query)/Query Message The case is Under Query' is clicked on

2019-01-03 20:40:05 - [TEST_STEP][PASSED] - delay: Delayed 2 second(s)

2019-01-03 20:40:07 - [MESSAGE][PASSED] - Delayed 2 second(s)

2019-01-03 20:40:07 - [TEST_STEP][PASSED] - click: Object: 'Object Repository/Final Object Repo/Page_Update Employee Information By Employer/Page_Update Employee Information by Employer (Query)/Letter of inquiry' is clicked on

2019-01-03 20:40:08 - [MESSAGE][PASSED] - Object: 'Object Repository/Final Object Repo/Page_Update Employee Information By Employer/Page_Update Employee Information by Employer (Query)/Letter of inquiry' is clicked on

2019-01-03 20:40:08 - [TEST_STEP][PASSED] - delay: Delayed 1 second(s)

2019-01-03 20:40:09 - [MESSAGE][PASSED] - Delayed 1 second(s)

2019-01-03 20:40:09 - [TEST_STEP][PASSED] - navigateToUrl: Navigate to 'https://assist2-uat.perkeso.gov.my/c/portal/logout' successfully

2019-01-03 20:40:10 - [MESSAGE][PASSED] - Navigate to 'https://assist2-uat.perkeso.gov.my/c/portal/logout' successfully

2019-01-03 20:40:10 - [TEST_STEP][PASSED] - delay: Delayed 1 second(s)

2019-01-03 20:40:11 - [MESSAGE][PASSED] - Delayed 1 second(s)

2019-01-03 20:40:11 - [TEST_STEP][PASSED] - callTestCase: Call Test Case 'Test Cases/Final Aug 2018 - PKS Automation/Registration Module/Workflow/Search Pending Case For Add Supporting Document (OTC)' successfully

2019-01-03 20:40:11 - [TEST_CASE][PASSED] - Test Cases/Final Aug 2018 - PKS Automation/Registration Module/Workflow/Search Pending Case For Add Supporting Document (OTC): Test Cases/Final Aug 2018 - PKS Automation/Registration Module/Workflow/Search Pending Case For Add Supporting Document (OTC)

2019-01-03 20:40:11 - [TEST_STEP][PASSED] - openBrowser: Browser is opened with url: ''

2019-01-03 20:40:11 - [MESSAGE][WARNING] - A browser is already opened. Closing browser and opening a new one

2019-01-03 20:40:15 - [MESSAGE][PASSED] - Browser is opened with url: ''

2019-01-03 20:40:15 - [TEST_STEP][PASSED] - navigateToUrl: Navigate to 'https://assist2-uat.perkeso.gov.my/login' successfully

2019-01-03 20:40:16 - [MESSAGE][PASSED] - Navigate to 'https://assist2-uat.perkeso.gov.my/login' successfully

2019-01-03 20:40:16 - [TEST_STEP][PASSED] - setText: Text 'johorotc1@gmail.com' is set on object 'Object Repository/Final Object Repo/Login Page/Internal User/Email Address'

2019-01-03 20:40:16 - [MESSAGE][PASSED] - Text 'johorotc1@gmail.com' is set on object 'Object Repository/Final Object Repo/Login Page/Internal User/Email Address'

2019-01-03 20:40:16 - [TEST_STEP][PASSED] - click: Object: 'Object Repository/Final Object Repo/Login Page/Internal User/Next Button' is clicked on

2019-01-03 20:40:17 - [MESSAGE][PASSED] - Object: 'Object Repository/Final Object Repo/Login Page/Internal User/Next Button' is clicked on

2019-01-03 20:40:17 - [TEST_STEP][PASSED] - delay: Delayed 1 second(s)

2019-01-03 20:40:18 - [MESSAGE][PASSED] - Delayed 1 second(s)

2019-01-03 20:40:18 - [TEST_STEP][PASSED] - setEncryptedText: Text ****** has been set on object 'Object Repository/Final Object Repo/Login Page/Internal User/Password'

2019-01-03 20:40:18 - [MESSAGE][PASSED] - Text ****** has been set on object 'Object Repository/Final Object Repo/Login Page/Internal User/Password'

2019-01-03 20:40:18 - [TEST_STEP][PASSED] - click: Object: 'Object Repository/Final Object Repo/Login Page/Internal User/Login Button' is clicked on

2019-01-03 20:40:18 - [MESSAGE][PASSED] - Object: 'Object Repository/Final Object Repo/Login Page/Internal User/Login Button' is clicked on

2019-01-03 20:40:18 - [TEST_STEP][PASSED] - delay: Delayed 1 second(s)

2019-01-03 20:40:19 - [MESSAGE][PASSED] - Delayed 1 second(s)

2019-01-03 20:40:19 - [TEST_STEP][PASSED] - Statement - Try: Delayed 2 second(s)

2019-01-03 20:40:19 - [TEST_STEP][PASSED] - Statement - Checker = false: null

2019-01-03 20:40:19 - [TEST_STEP][PASSED] - Statement - Checker = com.kms.katalon.core.webui.keyword.WebUiBuiltInKeywords.verifyElementHasAttribute(com.kms.katalon.core.testobject.ObjectRepository.findTestObject(Final Object Repo/Landing Page/BM Detecting), "href", 20, OPTIONAL): Object 'Object Repository/Final Object Repo/Landing Page/BM Detecting' has attribute 'href'

2019-01-03 20:40:20 - [MESSAGE][PASSED] - Object 'Object Repository/Final Object Repo/Landing Page/BM Detecting' has attribute 'href'

2019-01-03 20:40:20 - [TEST_STEP][PASSED] - Statement - out.println(Checker): null

2019-01-03 20:40:20 - [TEST_STEP][PASSED] - Statement - If (Checker == false): null

2019-01-03 20:40:20 - [TEST_STEP][PASSED] - Statement - Else: null

2019-01-03 20:40:20 - [TEST_STEP][PASSED] - delay: Delayed 2 second(s)

2019-01-03 20:40:22 - [MESSAGE][PASSED] - Delayed 2 second(s)

2019-01-03 20:40:22 - [TEST_STEP][PASSED] - navigateToUrl: Navigate to 'https://assist2-uat.perkeso.gov.my/web/registration/search/search-pending-case-for-add-supporting-document' successfully

2019-01-03 20:40:22 - [MESSAGE][PASSED] - Navigate to 'https://assist2-uat.perkeso.gov.my/web/registration/search/search-pending-case-for-add-supporting-document' successfully

2019-01-03 20:40:22 - [TEST_STEP][PASSED] - click: Object: 'Object Repository/Final Object Repo/Page_Search Pending Case For Add Suporting Document/Search By' is clicked on

2019-01-03 20:40:23 - [MESSAGE][PASSED] - Object: 'Object Repository/Final Object Repo/Page_Search Pending Case For Add Suporting Document/Search By' is clicked on

2019-01-03 20:40:23 - [TEST_STEP][PASSED] - click: Object: 'Object Repository/Final Object Repo/Page_Search Pending Case For Add Suporting Document/Search By - Reference ID' is clicked on

2019-01-03 20:40:23 - [MESSAGE][PASSED] - Object: 'Object Repository/Final Object Repo/Page_Search Pending Case For Add Suporting Document/Search By - Reference ID' is clicked on

2019-01-03 20:40:23 - [TEST_STEP][PASSED] - delay: Delayed 2 second(s)

2019-01-03 20:40:25 - [MESSAGE][PASSED] - Delayed 2 second(s)

2019-01-03 20:40:25 - [TEST_STEP][PASSED] - setText: Text 'CUN012019C100006151' is set on object 'Object Repository/Final Object Repo/Page_Search Pending Case For Add Suporting Document/Reference ID'

2019-01-03 20:40:25 - [MESSAGE][PASSED] - Text 'CUN012019C100006151' is set on object 'Object Repository/Final Object Repo/Page_Search Pending Case For Add Suporting Document/Reference ID'

2019-01-03 20:40:25 - [TEST_STEP][PASSED] - click: Object: 'Object Repository/Final Object Repo/Page_Search Pending Case For Add Suporting Document/Search' is clicked on

2019-01-03 20:40:25 - [MESSAGE][PASSED] - Object: 'Object Repository/Final Object Repo/Page_Search Pending Case For Add Suporting Document/Search' is clicked on

2019-01-03 20:40:25 - [TEST_STEP][PASSED] - delay: Delayed 2 second(s)

2019-01-03 20:40:27 - [MESSAGE][PASSED] - Delayed 2 second(s)

2019-01-03 20:40:27 - [TEST_STEP][PASSED] - click: Object: 'Object Repository/Final Object Repo/Page_Search Pending Case For Add Suporting Document/Edit' is clicked on

2019-01-03 20:40:31 - [MESSAGE][PASSED] - Object: 'Object Repository/Final Object Repo/Page_Search Pending Case For Add Suporting Document/Edit' is clicked on

2019-01-03 20:40:31 - [MESSAGE][PASSED] - Call Test Case 'Test Cases/Final Aug 2018 - PKS Automation/Registration Module/Workflow/Search Pending Case For Add Supporting Document (OTC)' successfully

2019-01-03 20:40:31 - [TEST_STEP][PASSED] - click: Object: 'Object Repository/Final Object Repo/Page_Update Employee Information By Employer/Page_Update Employee Information by Employer (Query -OTC -UO)/Next' is clicked on

2019-01-03 20:40:34 - [MESSAGE][PASSED] - Object: 'Object Repository/Final Object Repo/Page_Update Employee Information By Employer/Page_Update Employee Information by Employer (Query -OTC -UO)/Next' is clicked on

2019-01-03 20:40:34 - [TEST_STEP][PASSED] - delay: Delayed 2 second(s)

2019-01-03 20:40:36 - [MESSAGE][PASSED] - Delayed 2 second(s)

2019-01-03 20:40:36 - [TEST_STEP][PASSED] - click: Object: 'Object Repository/Final Object Repo/Page_Update Employee Information By Employer/Page_Update Employee Information by Employer (Query -OTC -UO)/Add Document Button' is clicked on

2019-01-03 20:40:36 - [MESSAGE][PASSED] - Object: 'Object Repository/Final Object Repo/Page_Update Employee Information By Employer/Page_Update Employee Information by Employer (Query -OTC -UO)/Add Document Button' is clicked on

2019-01-03 20:40:36 - [TEST_STEP][PASSED] - delay: Delayed 5 second(s)

2019-01-03 20:40:41 - [MESSAGE][PASSED] - Delayed 5 second(s)

2019-01-03 20:40:41 - [TEST_STEP][PASSED] - click: Object: 'Object Repository/Final Object Repo/Page_Update Employee Information By Employer/Page_Update Employee Information by Employer (Query -OTC -UO)/Document Type' is clicked on

2019-01-03 20:40:41 - [MESSAGE][PASSED] - Object: 'Object Repository/Final Object Repo/Page_Update Employee Information By Employer/Page_Update Employee Information by Employer (Query -OTC -UO)/Document Type' is clicked on

2019-01-03 20:40:41 - [TEST_STEP][PASSED] - click: Object: 'Object Repository/Final Object Repo/Page_Update Employee Information By Employer/Page_Update Employee Information by Employer (Query -OTC -UO)/Document Type - Other' is clicked on

2019-01-03 20:40:41 - [MESSAGE][PASSED] - Object: 'Object Repository/Final Object Repo/Page_Update Employee Information By Employer/Page_Update Employee Information by Employer (Query -OTC -UO)/Document Type - Other' is clicked on

2019-01-03 20:40:41 - [TEST_STEP][PASSED] - sendKeys: Keys 'C:\Users\Public\Pictures\Sample Pictures\Koala.jpg' sent to object: 'Object Repository/Final Object Repo/Page_Update Employee Information By Employer/Page_Update Employee Information by Employer (Query -OTC -UO)/Upload File'

2019-01-03 20:40:41 - [MESSAGE][PASSED] - Keys 'C:\Users\Public\Pictures\Sample Pictures\Koala.jpg' sent to object: 'Object Repository/Final Object Repo/Page_Update Employee Information By Employer/Page_Update Employee Information by Employer (Query -OTC -UO)/Upload File'

2019-01-03 20:40:41 - [TEST_STEP][PASSED] - click: Object: 'Object Repository/Final Object Repo/Page_Update Employee Information By Employer/Page_Update Employee Information by Employer (Query -OTC -UO)/Add Document' is clicked on

2019-01-03 20:40:42 - [MESSAGE][PASSED] - Object: 'Object Repository/Final Object Repo/Page_Update Employee Information By Employer/Page_Update Employee Information by Employer (Query -OTC -UO)/Add Document' is clicked on

2019-01-03 20:40:42 - [TEST_STEP][PASSED] - delay: Delayed 2 second(s)

2019-01-03 20:40:44 - [MESSAGE][PASSED] - Delayed 2 second(s)

2019-01-03 20:40:44 - [TEST_STEP][PASSED] - click: Object: 'Object Repository/Final Object Repo/Page_Update Employee Information By Employer/Page_Update Employee Information by Employer (Query -OTC -UO)/Exit' is clicked on

2019-01-03 20:40:47 - [MESSAGE][PASSED] - Object: 'Object Repository/Final Object Repo/Page_Update Employee Information By Employer/Page_Update Employee Information by Employer (Query -OTC -UO)/Exit' is clicked on

2019-01-03 20:40:47 - [TEST_STEP][PASSED] - delay: Delayed 2 second(s)

2019-01-03 20:40:49 - [MESSAGE][PASSED] - Delayed 2 second(s)

2019-01-03 20:40:49 - [TEST_STEP][PASSED] - navigateToUrl: Navigate to 'https://assist2-uat.perkeso.gov.my/c/portal/logout' successfully

2019-01-03 20:40:49 - [MESSAGE][PASSED] - Navigate to 'https://assist2-uat.perkeso.gov.my/c/portal/logout' successfully

2019-01-03 20:40:49 - [TEST_STEP][PASSED] - delay: Delayed 2 second(s)

2019-01-03 20:40:51 - [MESSAGE][PASSED] - Delayed 2 second(s)

2019-01-03 20:40:51 - [TEST_STEP][PASSED] - callTestCase: Call Test Case 'Test Cases/Final Aug 2018 - PKS Automation/Registration Module/Workflow/Login and Search Case For Workflow' successfully

2019-01-03 20:40:52 - [TEST_CASE][PASSED] - Test Cases/Final Aug 2018 - PKS Automation/Registration Module/Workflow/Login and Search Case For Workflow: Test Cases/Final Aug 2018 - PKS Automation/Registration Module/Workflow/Login and Search Case For Workflow

2019-01-03 20:40:52 - [TEST_STEP][PASSED] - navigateToUrl: Navigate to 'https://assist2-uat.perkeso.gov.my/login' successfully

2019-01-03 20:40:52 - [MESSAGE][PASSED] - Navigate to 'https://assist2-uat.perkeso.gov.my/login' successfully

2019-01-03 20:40:52 - [TEST_STEP][PASSED] - setText: Text 'johoruo1@gmail.com' is set on object 'Object Repository/Final Object Repo/Login Page/Internal User/Email Address'

2019-01-03 20:40:52 - [MESSAGE][PASSED] - Text 'johoruo1@gmail.com' is set on object 'Object Repository/Final Object Repo/Login Page/Internal User/Email Address'

2019-01-03 20:40:52 - [TEST_STEP][PASSED] - click: Object: 'Object Repository/Final Object Repo/Login Page/Internal User/Next Button' is clicked on

2019-01-03 20:40:52 - [MESSAGE][PASSED] - Object: 'Object Repository/Final Object Repo/Login Page/Internal User/Next Button' is clicked on

2019-01-03 20:40:52 - [TEST_STEP][PASSED] - delay: Delayed 1 second(s)

2019-01-03 20:40:53 - [MESSAGE][PASSED] - Delayed 1 second(s)

2019-01-03 20:40:53 - [TEST_STEP][PASSED] - setEncryptedText: Text ****** has been set on object 'Object Repository/Final Object Repo/Login Page/Internal User/Password'

2019-01-03 20:40:54 - [MESSAGE][PASSED] - Text ****** has been set on object 'Object Repository/Final Object Repo/Login Page/Internal User/Password'

2019-01-03 20:40:54 - [TEST_STEP][PASSED] - click: Object: 'Object Repository/Final Object Repo/Login Page/Internal User/Login Button' is clicked on

2019-01-03 20:40:54 - [MESSAGE][PASSED] - Object: 'Object Repository/Final Object Repo/Login Page/Internal User/Login Button' is clicked on

2019-01-03 20:40:54 - [TEST_STEP][PASSED] - delay: Delayed 2 second(s)

2019-01-03 20:40:56 - [MESSAGE][PASSED] - Delayed 2 second(s)

2019-01-03 20:40:56 - [TEST_STEP][PASSED] - Statement - Try: Delayed 2 second(s)

2019-01-03 20:40:56 - [TEST_STEP][PASSED] - Statement - Checker = false: null

2019-01-03 20:40:56 - [TEST_STEP][PASSED] - Statement - Checker = com.kms.katalon.core.webui.keyword.WebUiBuiltInKeywords.verifyElementHasAttribute(com.kms.katalon.core.testobject.ObjectRepository.findTestObject(Final Object Repo/Landing Page/BM Detecting), "href", 20, OPTIONAL): Object 'Object Repository/Final Object Repo/Landing Page/BM Detecting' has attribute 'href'

2019-01-03 20:40:56 - [MESSAGE][PASSED] - Object 'Object Repository/Final Object Repo/Landing Page/BM Detecting' has attribute 'href'

2019-01-03 20:40:56 - [TEST_STEP][PASSED] - Statement - out.println(Checker): null

2019-01-03 20:40:56 - [TEST_STEP][PASSED] - Statement - If (Checker == false): null

2019-01-03 20:40:56 - [TEST_STEP][PASSED] - Statement - Else: null

2019-01-03 20:40:56 - [TEST_STEP][PASSED] - delay: Delayed 2 second(s)

2019-01-03 20:40:58 - [MESSAGE][PASSED] - Delayed 2 second(s)

2019-01-03 20:40:58 - [TEST_STEP][PASSED] - click: Object: 'Object Repository/Final Object Repo/Page_MyASSIST - ASSIST - Search Pending Case For Add Supporting Document/Search Information' is clicked on

2019-01-03 20:40:58 - [MESSAGE][PASSED] - Object: 'Object Repository/Final Object Repo/Page_MyASSIST - ASSIST - Search Pending Case For Add Supporting Document/Search Information' is clicked on

2019-01-03 20:40:58 - [TEST_STEP][PASSED] - delay: Delayed 3 second(s)

2019-01-03 20:41:01 - [MESSAGE][PASSED] - Delayed 3 second(s)

2019-01-03 20:41:01 - [TEST_STEP][PASSED] - sendKeys: Keys 'CUN012019C100006151' sent to object: 'Object Repository/Final Object Repo/Page_MyASSIST - ASSIST - Search Pending Case For Add Supporting Document/Reference No'

2019-01-03 20:41:01 - [MESSAGE][PASSED] - Keys 'CUN012019C100006151' sent to object: 'Object Repository/Final Object Repo/Page_MyASSIST - ASSIST - Search Pending Case For Add Supporting Document/Reference No'

2019-01-03 20:41:01 - [TEST_STEP][PASSED] - click: Object: 'Object Repository/Final Object Repo/Page_MyASSIST - ASSIST - Search Pending Case For Add Supporting Document/Search Reference No' is clicked on

2019-01-03 20:41:01 - [MESSAGE][PASSED] - Object: 'Object Repository/Final Object Repo/Page_MyASSIST - ASSIST - Search Pending Case For Add Supporting Document/Search Reference No' is clicked on

2019-01-03 20:41:01 - [TEST_STEP][PASSED] - delay: Delayed 2 second(s)

2019-01-03 20:41:03 - [MESSAGE][PASSED] - Delayed 2 second(s)

2019-01-03 20:41:03 - [TEST_STEP][PASSED] - click: Object: 'Object Repository/Final Object Repo/Page_MyASSIST - ASSIST - Search Pending Case For Add Supporting Document/Continue' is clicked on

2019-01-03 20:41:07 - [MESSAGE][PASSED] - Object: 'Object Repository/Final Object Repo/Page_MyASSIST - ASSIST - Search Pending Case For Add Supporting Document/Continue' is clicked on

2019-01-03 20:41:07 - [TEST_STEP][PASSED] - delay: Delayed 20 second(s)

2019-01-03 20:41:27 - [MESSAGE][PASSED] - Delayed 20 second(s)

2019-01-03 20:41:27 - [MESSAGE][PASSED] - Call Test Case 'Test Cases/Final Aug 2018 - PKS Automation/Registration Module/Workflow/Login and Search Case For Workflow' successfully

2019-01-03 20:41:27 - [TEST_STEP][PASSED] - click: Object: 'Object Repository/Final Object Repo/Page_Update Employee Information By Employer/Page_Update Employee Information by Employer (Approve)/Continue' is clicked on

2019-01-03 20:41:31 - [MESSAGE][PASSED] - Object: 'Object Repository/Final Object Repo/Page_Update Employee Information By Employer/Page_Update Employee Information by Employer (Approve)/Continue' is clicked on

2019-01-03 20:41:31 - [TEST_STEP][PASSED] - delay: Delayed 2 second(s)

2019-01-03 20:41:33 - [MESSAGE][PASSED] - Delayed 2 second(s)

2019-01-03 20:41:33 - [TEST_STEP][PASSED] - click: Object: 'Object Repository/Final Object Repo/Page_Update Employee Information By Employer/Page_Update Employee Information by Employer (Approve)/Save  Continue in Update Employee Information Page' is clicked on

2019-01-03 20:41:33 - [MESSAGE][PASSED] - Object: 'Object Repository/Final Object Repo/Page_Update Employee Information By Employer/Page_Update Employee Information by Employer (Approve)/Save  Continue in Update Employee Information Page' is clicked on

2019-01-03 20:41:33 - [TEST_STEP][PASSED] - delay: Delayed 4 second(s)

2019-01-03 20:41:37 - [MESSAGE][PASSED] - Delayed 4 second(s)

2019-01-03 20:41:37 - [TEST_STEP][PASSED] - click: Object: 'Object Repository/Final Object Repo/Page_Update Employee Information By Employer/Page_Update Employee Information by Employer (Approve)/Save  Continue in Upload Supporting Doucument Page' is clicked on

2019-01-03 20:41:37 - [MESSAGE][PASSED] - Object: 'Object Repository/Final Object Repo/Page_Update Employee Information By Employer/Page_Update Employee Information by Employer (Approve)/Save  Continue in Upload Supporting Doucument Page' is clicked on

2019-01-03 20:41:37 - [TEST_STEP][PASSED] - delay: Delayed 2 second(s)

2019-01-03 20:41:39 - [MESSAGE][PASSED] - Delayed 2 second(s)

2019-01-03 20:41:39 - [TEST_STEP][PASSED] - click: Object: 'Object Repository/Final Object Repo/Page_Update Employee Information By Employer/Page_Update Employee Information by Employer (Approve)/Approve' is clicked on

2019-01-03 20:41:41 - [MESSAGE][PASSED] - Object: 'Object Repository/Final Object Repo/Page_Update Employee Information By Employer/Page_Update Employee Information by Employer (Approve)/Approve' is clicked on

2019-01-03 20:41:41 - [TEST_STEP][PASSED] - delay: Delayed 2 second(s)

2019-01-03 20:41:43 - [MESSAGE][PASSED] - Delayed 2 second(s)

2019-01-03 20:41:43 - [TEST_STEP][PASSED] - click: Object: 'Object Repository/Final Object Repo/Page_Update Employee Information By Employer/Page_Update Employee Information by Employer (Approve)/Confirm' is clicked on

2019-01-03 20:41:43 - [MESSAGE][PASSED] - Object: 'Object Repository/Final Object Repo/Page_Update Employee Information By Employer/Page_Update Employee Information by Employer (Approve)/Confirm' is clicked on

2019-01-03 20:41:43 - [TEST_STEP][PASSED] - delay: Delayed 2 second(s)

2019-01-03 20:41:45 - [MESSAGE][PASSED] - Delayed 2 second(s)

2019-01-03 20:41:45 - [TEST_STEP][PASSED] - verifyElementVisible: Object 'Object Repository/Final Object Repo/Page_Update Employee Information By Employer/Page_Update Employee Information by Employer (Approve)/Successfull Message Submitted Successfully' is visible

2019-01-03 20:41:49 - [MESSAGE][PASSED] - Object 'Object Repository/Final Object Repo/Page_Update Employee Information By Employer/Page_Update Employee Information by Employer (Approve)/Successfull Message Submitted Successfully' is visible

2019-01-03 20:41:49 - [TEST_STEP][PASSED] - delay: Delayed 2 second(s)

2019-01-03 20:41:51 - [MESSAGE][PASSED] - Delayed 2 second(s)

2019-01-03 20:41:51 - [TEST_STEP][PASSED] - verifyElementVisible: Object 'Object Repository/Final Object Repo/Page_Update Employee Information By Employer/Page_Update Employee Information by Employer (Approve)/Letter of Successful update' is visible

2019-01-03 20:41:52 - [MESSAGE][PASSED] - Object 'Object Repository/Final Object Repo/Page_Update Employee Information By Employer/Page_Update Employee Information by Employer (Approve)/Letter of Successful update' is visible

2019-01-03 20:41:52 - [MESSAGE][PASSED] - Call Test Case 'Test Cases/Final Aug 2018 - PKS Automation/Registration Module/Workflow/Update Employee Information (Employer)/Template/Update Employee Information - Special Case - UO(Query)' successfully]]></system-out>
         <system-err><![CDATA[]]></system-err>
      </testcase>
      <testcase name="Test Cases/Final Aug 2018 - PKS Automation/Registration Module/Workflow/Update Employee Information (Employer)/Employer - UO (Reject)" classname="Test Cases/Final Aug 2018 - PKS Automation/Registration Module/Workflow/Update Employee Information (Employer)/Employer - UO (Reject)" status="PASSED">
         <system-out><![CDATA[2019-01-03 20:41:52 - [TEST_CASE][PASSED] - Test Cases/Final Aug 2018 - PKS Automation/Registration Module/Workflow/Update Employee Information (Employer)/Employer - UO (Reject): Test Cases/Final Aug 2018 - PKS Automation/Registration Module/Workflow/Update Employee Information (Employer)/Employer - UO (Reject)

2019-01-03 20:41:52 - [TEST_STEP][PASSED] - callTestCase: Call Test Case 'Test Cases/Final Aug 2018 - PKS Automation/Registration Module/Workflow/Update Employee Information (Employer)/Template/Update Employer Information - Special Case (Employer)' successfully

2019-01-03 20:41:52 - [TEST_CASE][PASSED] - Test Cases/Final Aug 2018 - PKS Automation/Registration Module/Workflow/Update Employee Information (Employer)/Template/Update Employer Information - Special Case (Employer): Test Cases/Final Aug 2018 - PKS Automation/Registration Module/Workflow/Update Employee Information (Employer)/Template/Update Employer Information - Special Case (Employer)

2019-01-03 20:41:52 - [TEST_STEP][PASSED] - callTestCase: Call Test Case 'Test Cases/Final Aug 2018 - PKS Automation/Registration Module/Workflow/Update Add New Employee/Template/New Company for Update Add New - Employer' successfully

2019-01-03 20:41:52 - [TEST_CASE][PASSED] - Test Cases/Final Aug 2018 - PKS Automation/Registration Module/Workflow/Update Add New Employee/Template/New Company for Update Add New - Employer: Test Cases/Final Aug 2018 - PKS Automation/Registration Module/Workflow/Update Add New Employee/Template/New Company for Update Add New - Employer

2019-01-03 20:41:52 - [TEST_STEP][PASSED] - callTestCase: Call Test Case 'Test Cases/Final Aug 2018 - PKS Automation/Create Employer Acc/Create Employer Account' successfully

2019-01-03 20:41:52 - [TEST_CASE][PASSED] - Test Cases/Final Aug 2018 - PKS Automation/Create Employer Acc/Create Employer Account: Test Cases/Final Aug 2018 - PKS Automation/Create Employer Acc/Create Employer Account

2019-01-03 20:41:52 - [TEST_STEP][PASSED] - callTestCase: Call Test Case 'Test Cases/Final Aug 2018 - PKS Automation/Create Employer Acc/Template/Register Employer' successfully

2019-01-03 20:41:52 - [TEST_CASE][PASSED] - Test Cases/Final Aug 2018 - PKS Automation/Create Employer Acc/Template/Register Employer: Test Cases/Final Aug 2018 - PKS Automation/Create Employer Acc/Template/Register Employer

2019-01-03 20:41:52 - [TEST_STEP][PASSED] - openBrowser: Browser is opened with url: ''

2019-01-03 20:41:52 - [MESSAGE][WARNING] - A browser is already opened. Closing browser and opening a new one

2019-01-03 20:41:56 - [MESSAGE][PASSED] - Browser is opened with url: ''

2019-01-03 20:41:56 - [TEST_STEP][PASSED] - navigateToUrl: Navigate to 'https://assist2-uat.perkeso.gov.my/login' successfully

2019-01-03 20:41:57 - [MESSAGE][PASSED] - Navigate to 'https://assist2-uat.perkeso.gov.my/login' successfully

2019-01-03 20:41:57 - [TEST_STEP][PASSED] - setText: Text 'johorotc1@gmail.com' is set on object 'Object Repository/Final Object Repo/Login Page/Internal User/Email Address'

2019-01-03 20:41:57 - [MESSAGE][PASSED] - Text 'johorotc1@gmail.com' is set on object 'Object Repository/Final Object Repo/Login Page/Internal User/Email Address'

2019-01-03 20:41:57 - [TEST_STEP][PASSED] - click: Object: 'Object Repository/Final Object Repo/Login Page/Internal User/Next Button' is clicked on

2019-01-03 20:41:57 - [MESSAGE][PASSED] - Object: 'Object Repository/Final Object Repo/Login Page/Internal User/Next Button' is clicked on

2019-01-03 20:41:57 - [TEST_STEP][PASSED] - delay: Delayed 1 second(s)

2019-01-03 20:41:58 - [MESSAGE][PASSED] - Delayed 1 second(s)

2019-01-03 20:41:58 - [TEST_STEP][PASSED] - setEncryptedText: Text ****** has been set on object 'Object Repository/Final Object Repo/Login Page/Internal User/Password'

2019-01-03 20:41:59 - [MESSAGE][PASSED] - Text ****** has been set on object 'Object Repository/Final Object Repo/Login Page/Internal User/Password'

2019-01-03 20:41:59 - [TEST_STEP][PASSED] - click: Object: 'Object Repository/Final Object Repo/Login Page/Internal User/Login Button' is clicked on

2019-01-03 20:41:59 - [MESSAGE][PASSED] - Object: 'Object Repository/Final Object Repo/Login Page/Internal User/Login Button' is clicked on

2019-01-03 20:41:59 - [TEST_STEP][PASSED] - delay: Delayed 1 second(s)

2019-01-03 20:42:00 - [MESSAGE][PASSED] - Delayed 1 second(s)

2019-01-03 20:42:00 - [TEST_STEP][PASSED] - navigateToUrl: Navigate to 'https://assist2-uat.perkeso.gov.my/web/base/portal-id/registration' successfully

2019-01-03 20:42:01 - [MESSAGE][PASSED] - Navigate to 'https://assist2-uat.perkeso.gov.my/web/base/portal-id/registration' successfully

2019-01-03 20:42:01 - [TEST_STEP][PASSED] - setText: Text 'AUTOMATION EMPLOYER' is set on object 'Object Repository/Final Object Repo/Creating Employer Account/Page_Registration - ASSIST (Base)/Employer Name'

2019-01-03 20:42:02 - [MESSAGE][PASSED] - Text 'AUTOMATION EMPLOYER' is set on object 'Object Repository/Final Object Repo/Creating Employer Account/Page_Registration - ASSIST (Base)/Employer Name'

2019-01-03 20:42:02 - [TEST_STEP][PASSED] - delay: Delayed 2 second(s)

2019-01-03 20:42:04 - [MESSAGE][PASSED] - Delayed 2 second(s)

2019-01-03 20:42:04 - [TEST_STEP][PASSED] - click: Object: 'Object Repository/Final Object Repo/Creating Employer Account/Page_Registration - ASSIST (Base)/Registration Type' is clicked on

2019-01-03 20:42:04 - [MESSAGE][PASSED] - Object: 'Object Repository/Final Object Repo/Creating Employer Account/Page_Registration - ASSIST (Base)/Registration Type' is clicked on

2019-01-03 20:42:04 - [TEST_STEP][PASSED] - delay: Delayed 2 second(s)

2019-01-03 20:42:06 - [MESSAGE][PASSED] - Delayed 2 second(s)

2019-01-03 20:42:06 - [TEST_STEP][PASSED] - click: Object: 'Object Repository/Final Object Repo/Creating Employer Account/Page_Registration - ASSIST (Base)/Registration Type - Registration No' is clicked on

2019-01-03 20:42:06 - [MESSAGE][PASSED] - Object: 'Object Repository/Final Object Repo/Creating Employer Account/Page_Registration - ASSIST (Base)/Registration Type - Registration No' is clicked on

2019-01-03 20:42:06 - [TEST_STEP][PASSED] - delay: Delayed 2 second(s)

2019-01-03 20:42:08 - [MESSAGE][PASSED] - Delayed 2 second(s)

2019-01-03 20:42:08 - [TEST_STEP][PASSED] - setText: Text 'AUTOMATE001' is set on object 'Object Repository/Final Object Repo/Creating Employer Account/Page_Registration - ASSIST (Base)/Registration Number'

2019-01-03 20:42:08 - [MESSAGE][PASSED] - Text 'AUTOMATE001' is set on object 'Object Repository/Final Object Repo/Creating Employer Account/Page_Registration - ASSIST (Base)/Registration Number'

2019-01-03 20:42:08 - [TEST_STEP][PASSED] - delay: Delayed 2 second(s)

2019-01-03 20:42:10 - [MESSAGE][PASSED] - Delayed 2 second(s)

2019-01-03 20:42:10 - [TEST_STEP][PASSED] - setText: Text 'ADDRESS 1' is set on object 'Object Repository/Final Object Repo/Creating Employer Account/Page_Registration - ASSIST (Base)/Postal Address 1'

2019-01-03 20:42:11 - [MESSAGE][PASSED] - Text 'ADDRESS 1' is set on object 'Object Repository/Final Object Repo/Creating Employer Account/Page_Registration - ASSIST (Base)/Postal Address 1'

2019-01-03 20:42:11 - [TEST_STEP][PASSED] - setText: Text 'ADDRESS 2' is set on object 'Object Repository/Final Object Repo/Creating Employer Account/Page_Registration - ASSIST (Base)/Postal Address 2'

2019-01-03 20:42:11 - [MESSAGE][PASSED] - Text 'ADDRESS 2' is set on object 'Object Repository/Final Object Repo/Creating Employer Account/Page_Registration - ASSIST (Base)/Postal Address 2'

2019-01-03 20:42:11 - [TEST_STEP][PASSED] - click: Object: 'Object Repository/Final Object Repo/Creating Employer Account/Page_Registration - ASSIST (Base)/State' is clicked on

2019-01-03 20:42:11 - [MESSAGE][PASSED] - Object: 'Object Repository/Final Object Repo/Creating Employer Account/Page_Registration - ASSIST (Base)/State' is clicked on

2019-01-03 20:42:11 - [TEST_STEP][PASSED] - delay: Delayed 2 second(s)

2019-01-03 20:42:13 - [MESSAGE][PASSED] - Delayed 2 second(s)

2019-01-03 20:42:13 - [TEST_STEP][PASSED] - click: Object: 'Object Repository/Final Object Repo/Creating Employer Account/Page_Registration - ASSIST (Base)/State - Johor' is clicked on

2019-01-03 20:42:13 - [MESSAGE][PASSED] - Object: 'Object Repository/Final Object Repo/Creating Employer Account/Page_Registration - ASSIST (Base)/State - Johor' is clicked on

2019-01-03 20:42:13 - [TEST_STEP][PASSED] - delay: Delayed 2 second(s)

2019-01-03 20:42:15 - [MESSAGE][PASSED] - Delayed 2 second(s)

2019-01-03 20:42:15 - [TEST_STEP][PASSED] - click: Object: 'Object Repository/Final Object Repo/Creating Employer Account/Page_Registration - ASSIST (Base)/City' is clicked on

2019-01-03 20:42:16 - [MESSAGE][PASSED] - Object: 'Object Repository/Final Object Repo/Creating Employer Account/Page_Registration - ASSIST (Base)/City' is clicked on

2019-01-03 20:42:16 - [TEST_STEP][PASSED] - delay: Delayed 2 second(s)

2019-01-03 20:42:18 - [MESSAGE][PASSED] - Delayed 2 second(s)

2019-01-03 20:42:18 - [TEST_STEP][PASSED] - setText: Text 'joh' is set on object 'Object Repository/Final Object Repo/Creating Employer Account/Page_Registration - ASSIST (Base)/City - joh'

2019-01-03 20:42:18 - [MESSAGE][PASSED] - Text 'joh' is set on object 'Object Repository/Final Object Repo/Creating Employer Account/Page_Registration - ASSIST (Base)/City - joh'

2019-01-03 20:42:18 - [TEST_STEP][PASSED] - delay: Delayed 2 second(s)

2019-01-03 20:42:20 - [MESSAGE][PASSED] - Delayed 2 second(s)

2019-01-03 20:42:20 - [TEST_STEP][PASSED] - click: Object: 'Object Repository/Final Object Repo/Creating Employer Account/Page_Registration - ASSIST (Base)/City - Johor Bharu' is clicked on

2019-01-03 20:42:20 - [MESSAGE][PASSED] - Object: 'Object Repository/Final Object Repo/Creating Employer Account/Page_Registration - ASSIST (Base)/City - Johor Bharu' is clicked on

2019-01-03 20:42:20 - [TEST_STEP][PASSED] - delay: Delayed 2 second(s)

2019-01-03 20:42:22 - [MESSAGE][PASSED] - Delayed 2 second(s)

2019-01-03 20:42:22 - [TEST_STEP][PASSED] - click: Object: 'Object Repository/Final Object Repo/Creating Employer Account/Page_Registration - ASSIST (Base)/Post Code' is clicked on

2019-01-03 20:42:22 - [MESSAGE][PASSED] - Object: 'Object Repository/Final Object Repo/Creating Employer Account/Page_Registration - ASSIST (Base)/Post Code' is clicked on

2019-01-03 20:42:22 - [TEST_STEP][PASSED] - delay: Delayed 2 second(s)

2019-01-03 20:42:24 - [MESSAGE][PASSED] - Delayed 2 second(s)

2019-01-03 20:42:24 - [TEST_STEP][PASSED] - setText: Text '810' is set on object 'Object Repository/Final Object Repo/Creating Employer Account/Page_Registration - ASSIST (Base)/Post Code - 810'

2019-01-03 20:42:24 - [MESSAGE][PASSED] - Text '810' is set on object 'Object Repository/Final Object Repo/Creating Employer Account/Page_Registration - ASSIST (Base)/Post Code - 810'

2019-01-03 20:42:24 - [TEST_STEP][PASSED] - delay: Delayed 2 second(s)

2019-01-03 20:42:26 - [MESSAGE][PASSED] - Delayed 2 second(s)

2019-01-03 20:42:26 - [TEST_STEP][PASSED] - click: Object: 'Object Repository/Final Object Repo/Creating Employer Account/Page_Registration - ASSIST (Base)/Post Code - 81000' is clicked on

2019-01-03 20:42:26 - [MESSAGE][PASSED] - Object: 'Object Repository/Final Object Repo/Creating Employer Account/Page_Registration - ASSIST (Base)/Post Code - 81000' is clicked on

2019-01-03 20:42:26 - [TEST_STEP][PASSED] - delay: Delayed 2 second(s)

2019-01-03 20:42:28 - [MESSAGE][PASSED] - Delayed 2 second(s)

2019-01-03 20:42:28 - [TEST_STEP][PASSED] - setText: Text 'PERKESO' is set on object 'Object Repository/Final Object Repo/Creating Employer Account/Page_Registration - ASSIST (Base)/Full Name'

2019-01-03 20:42:29 - [MESSAGE][PASSED] - Text 'PERKESO' is set on object 'Object Repository/Final Object Repo/Creating Employer Account/Page_Registration - ASSIST (Base)/Full Name'

2019-01-03 20:42:29 - [TEST_STEP][PASSED] - Statement - rnd = new java.util.Random(): null

2019-01-03 20:42:29 - [TEST_STEP][PASSED] - Statement - snum = rnd.nextInt(899999 + 1) + 100000: null

2019-01-03 20:42:29 - [TEST_STEP][PASSED] - Statement - tnum = rnd.nextInt(899999 + 1) + 100000: null

2019-01-03 20:42:29 - [TEST_STEP][PASSED] - Statement - IC = java.lang.Integer.toString(snum) + java.lang.Integer.toString(tnum): null

2019-01-03 20:42:29 - [TEST_STEP][PASSED] - Statement - out.println(IC): null

2019-01-03 20:42:29 - [TEST_STEP][PASSED] - setText: Text '701134517917' is set on object 'Object Repository/Final Object Repo/Creating Employer Account/Page_Registration - ASSIST (Base)/Identification Number'

2019-01-03 20:42:29 - [MESSAGE][PASSED] - Text '701134517917' is set on object 'Object Repository/Final Object Repo/Creating Employer Account/Page_Registration - ASSIST (Base)/Identification Number'

2019-01-03 20:42:29 - [TEST_STEP][PASSED] - delay: Delayed 2 second(s)

2019-01-03 20:42:31 - [MESSAGE][PASSED] - Delayed 2 second(s)

2019-01-03 20:42:31 - [TEST_STEP][PASSED] - setText: Text '123456789012' is set on object 'Object Repository/Final Object Repo/Creating Employer Account/Page_Registration - ASSIST (Base)/Contact Number'

2019-01-03 20:42:31 - [MESSAGE][PASSED] - Text '123456789012' is set on object 'Object Repository/Final Object Repo/Creating Employer Account/Page_Registration - ASSIST (Base)/Contact Number'

2019-01-03 20:42:31 - [TEST_STEP][PASSED] - Statement - Email = "perkeso" + IC + "@gmail.com": null

2019-01-03 20:42:31 - [TEST_STEP][PASSED] - delay: Delayed 2 second(s)

2019-01-03 20:42:33 - [MESSAGE][PASSED] - Delayed 2 second(s)

2019-01-03 20:42:33 - [TEST_STEP][PASSED] - callTestCase: Call Test Case 'Test Cases/Final Aug 2018 - PKS Automation/Create Employer Acc/Template/Employer Email Settler' successfully

2019-01-03 20:42:33 - [TEST_CASE][PASSED] - Test Cases/Final Aug 2018 - PKS Automation/Create Employer Acc/Template/Employer Email Settler: Test Cases/Final Aug 2018 - PKS Automation/Create Employer Acc/Template/Employer Email Settler

2019-01-03 20:42:33 - [TEST_STEP][PASSED] - Statement - EmpEmailOld = new java.io.File(C://Users//Admin//Desktop//PKS//Automation Reference Point//EmpEmail.txt): null

2019-01-03 20:42:33 - [TEST_STEP][PASSED] - Statement - EmpEmailOld.delete(): null

2019-01-03 20:42:33 - [TEST_STEP][PASSED] - delay: Delayed 5 second(s)

2019-01-03 20:42:38 - [MESSAGE][PASSED] - Delayed 5 second(s)

2019-01-03 20:42:38 - [TEST_STEP][PASSED] - Statement - EmpEmail = new java.io.File(C://Users//Admin//Desktop//PKS//Automation Reference Point//EmpEmail.txt): null

2019-01-03 20:42:38 - [TEST_STEP][PASSED] - Statement - f2 = new java.io.FileWriter(EmpEmail, false): null

2019-01-03 20:42:38 - [TEST_STEP][PASSED] - Statement - f2.write(Email): null

2019-01-03 20:42:38 - [TEST_STEP][PASSED] - Statement - f2.close(): null

2019-01-03 20:42:38 - [TEST_STEP][PASSED] - Statement - out.println(Email): null

2019-01-03 20:42:38 - [MESSAGE][PASSED] - Call Test Case 'Test Cases/Final Aug 2018 - PKS Automation/Create Employer Acc/Template/Employer Email Settler' successfully

2019-01-03 20:42:38 - [TEST_STEP][PASSED] - delay: Delayed 2 second(s)

2019-01-03 20:42:40 - [MESSAGE][PASSED] - Delayed 2 second(s)

2019-01-03 20:42:40 - [TEST_STEP][PASSED] - setText: Text 'perkeso701134517917@gmail.com' is set on object 'Object Repository/Final Object Repo/Creating Employer Account/Page_Registration - ASSIST (Base)/Email'

2019-01-03 20:42:41 - [MESSAGE][PASSED] - Text 'perkeso701134517917@gmail.com' is set on object 'Object Repository/Final Object Repo/Creating Employer Account/Page_Registration - ASSIST (Base)/Email'

2019-01-03 20:42:41 - [TEST_STEP][PASSED] - setText: Text '123' is set on object 'Object Repository/Final Object Repo/Creating Employer Account/Page_Registration - ASSIST (Base)/Security Phase'

2019-01-03 20:42:41 - [MESSAGE][PASSED] - Text '123' is set on object 'Object Repository/Final Object Repo/Creating Employer Account/Page_Registration - ASSIST (Base)/Security Phase'

2019-01-03 20:42:41 - [TEST_STEP][PASSED] - click: Object: 'Object Repository/Final Object Repo/Creating Employer Account/Page_Registration - ASSIST (Base)/Save  Continue' is clicked on

2019-01-03 20:42:41 - [MESSAGE][PASSED] - Object: 'Object Repository/Final Object Repo/Creating Employer Account/Page_Registration - ASSIST (Base)/Save  Continue' is clicked on

2019-01-03 20:42:41 - [TEST_STEP][PASSED] - delay: Delayed 2 second(s)

2019-01-03 20:42:43 - [MESSAGE][PASSED] - Delayed 2 second(s)

2019-01-03 20:42:43 - [TEST_STEP][PASSED] - click: Object: 'Object Repository/Final Object Repo/Creating Employer Account/Page_Registration - ASSIST (Base)/Add Document' is clicked on

2019-01-03 20:42:43 - [MESSAGE][PASSED] - Object: 'Object Repository/Final Object Repo/Creating Employer Account/Page_Registration - ASSIST (Base)/Add Document' is clicked on

2019-01-03 20:42:43 - [TEST_STEP][PASSED] - delay: Delayed 2 second(s)

2019-01-03 20:42:45 - [MESSAGE][PASSED] - Delayed 2 second(s)

2019-01-03 20:42:45 - [TEST_STEP][PASSED] - click: Object: 'Object Repository/Final Object Repo/Creating Employer Account/Page_Registration - ASSIST (Base)/Document Type' is clicked on

2019-01-03 20:42:46 - [MESSAGE][PASSED] - Object: 'Object Repository/Final Object Repo/Creating Employer Account/Page_Registration - ASSIST (Base)/Document Type' is clicked on

2019-01-03 20:42:46 - [TEST_STEP][PASSED] - delay: Delayed 2 second(s)

2019-01-03 20:42:48 - [MESSAGE][PASSED] - Delayed 2 second(s)

2019-01-03 20:42:48 - [TEST_STEP][PASSED] - click: Object: 'Object Repository/Final Object Repo/Creating Employer Account/Page_Registration - ASSIST (Base)/Document Type - Letter of Authorization' is clicked on

2019-01-03 20:42:48 - [MESSAGE][PASSED] - Object: 'Object Repository/Final Object Repo/Creating Employer Account/Page_Registration - ASSIST (Base)/Document Type - Letter of Authorization' is clicked on

2019-01-03 20:42:48 - [TEST_STEP][PASSED] - delay: Delayed 2 second(s)

2019-01-03 20:42:50 - [MESSAGE][PASSED] - Delayed 2 second(s)

2019-01-03 20:42:50 - [TEST_STEP][PASSED] - sendKeys: Keys 'C:\Users\Public\Pictures\Sample Pictures\Koala.jpg' sent to object: 'Object Repository/Final Object Repo/Creating Employer Account/Page_Registration - ASSIST (Base)/Uploading File'

2019-01-03 20:42:50 - [MESSAGE][PASSED] - Keys 'C:\Users\Public\Pictures\Sample Pictures\Koala.jpg' sent to object: 'Object Repository/Final Object Repo/Creating Employer Account/Page_Registration - ASSIST (Base)/Uploading File'

2019-01-03 20:42:50 - [TEST_STEP][PASSED] - delay: Delayed 2 second(s)

2019-01-03 20:42:52 - [MESSAGE][PASSED] - Delayed 2 second(s)

2019-01-03 20:42:52 - [TEST_STEP][PASSED] - click: Object: 'Object Repository/Final Object Repo/Creating Employer Account/Page_Registration - ASSIST (Base)/Add Document in Uploading File' is clicked on

2019-01-03 20:42:52 - [MESSAGE][PASSED] - Object: 'Object Repository/Final Object Repo/Creating Employer Account/Page_Registration - ASSIST (Base)/Add Document in Uploading File' is clicked on

2019-01-03 20:42:52 - [TEST_STEP][PASSED] - delay: Delayed 2 second(s)

2019-01-03 20:42:54 - [MESSAGE][PASSED] - Delayed 2 second(s)

2019-01-03 20:42:54 - [TEST_STEP][PASSED] - click: Object: 'Object Repository/Final Object Repo/Creating Employer Account/Page_Registration - ASSIST (Base)/Save' is clicked on

2019-01-03 20:42:54 - [MESSAGE][PASSED] - Object: 'Object Repository/Final Object Repo/Creating Employer Account/Page_Registration - ASSIST (Base)/Save' is clicked on

2019-01-03 20:42:54 - [TEST_STEP][PASSED] - delay: Delayed 2 second(s)

2019-01-03 20:42:56 - [MESSAGE][PASSED] - Delayed 2 second(s)

2019-01-03 20:42:56 - [TEST_STEP][PASSED] - click: Object: 'Object Repository/Final Object Repo/Creating Employer Account/Page_Registration - ASSIST (Base)/Submit' is clicked on

2019-01-03 20:42:56 - [MESSAGE][PASSED] - Object: 'Object Repository/Final Object Repo/Creating Employer Account/Page_Registration - ASSIST (Base)/Submit' is clicked on

2019-01-03 20:42:56 - [TEST_STEP][PASSED] - delay: Delayed 2 second(s)

2019-01-03 20:42:58 - [MESSAGE][PASSED] - Delayed 2 second(s)

2019-01-03 20:42:58 - [TEST_STEP][PASSED] - click: Object: 'Object Repository/Final Object Repo/Creating Employer Account/Page_Registration - ASSIST (Base)/Confirm' is clicked on

2019-01-03 20:42:58 - [MESSAGE][PASSED] - Object: 'Object Repository/Final Object Repo/Creating Employer Account/Page_Registration - ASSIST (Base)/Confirm' is clicked on

2019-01-03 20:42:58 - [MESSAGE][PASSED] - Call Test Case 'Test Cases/Final Aug 2018 - PKS Automation/Create Employer Acc/Template/Register Employer' successfully

2019-01-03 20:42:58 - [TEST_STEP][PASSED] - delay: Delayed 1 second(s)

2019-01-03 20:42:59 - [MESSAGE][PASSED] - Delayed 1 second(s)

2019-01-03 20:42:59 - [TEST_STEP][PASSED] - navigateToUrl: Navigate to 'https://assist2-uat.perkeso.gov.my/c/portal/logout' successfully

2019-01-03 20:43:01 - [MESSAGE][PASSED] - Navigate to 'https://assist2-uat.perkeso.gov.my/c/portal/logout' successfully

2019-01-03 20:43:01 - [TEST_STEP][PASSED] - delay: Delayed 1 second(s)

2019-01-03 20:43:02 - [MESSAGE][PASSED] - Delayed 1 second(s)

2019-01-03 20:43:02 - [TEST_STEP][PASSED] - callTestCase: Call Test Case 'Test Cases/Final Aug 2018 - PKS Automation/Create Employer Acc/Template/Change Password of Employer' successfully

2019-01-03 20:43:02 - [TEST_CASE][PASSED] - Test Cases/Final Aug 2018 - PKS Automation/Create Employer Acc/Template/Change Password of Employer: Test Cases/Final Aug 2018 - PKS Automation/Create Employer Acc/Template/Change Password of Employer

2019-01-03 20:43:02 - [TEST_STEP][PASSED] - openBrowser: Browser is opened with url: ''

2019-01-03 20:43:02 - [MESSAGE][WARNING] - A browser is already opened. Closing browser and opening a new one

2019-01-03 20:43:06 - [MESSAGE][PASSED] - Browser is opened with url: ''

2019-01-03 20:43:06 - [TEST_STEP][PASSED] - navigateToUrl: Navigate to 'https://assist2-uat.perkeso.gov.my/login' successfully

2019-01-03 20:43:07 - [MESSAGE][PASSED] - Navigate to 'https://assist2-uat.perkeso.gov.my/login' successfully

2019-01-03 20:43:07 - [TEST_STEP][PASSED] - delay: Delayed 5 second(s)

2019-01-03 20:43:12 - [MESSAGE][PASSED] - Delayed 5 second(s)

2019-01-03 20:43:12 - [TEST_STEP][PASSED] - setText: Text 'test@liferay.com' is set on object 'Object Repository/Final Object Repo/Login Page/Internal User/Email Address'

2019-01-03 20:43:13 - [MESSAGE][PASSED] - Text 'test@liferay.com' is set on object 'Object Repository/Final Object Repo/Login Page/Internal User/Email Address'

2019-01-03 20:43:13 - [TEST_STEP][PASSED] - click: Object: 'Object Repository/Final Object Repo/Login Page/Internal User/Next Button' is clicked on

2019-01-03 20:43:13 - [MESSAGE][PASSED] - Object: 'Object Repository/Final Object Repo/Login Page/Internal User/Next Button' is clicked on

2019-01-03 20:43:13 - [TEST_STEP][PASSED] - delay: Delayed 2 second(s)

2019-01-03 20:43:15 - [MESSAGE][PASSED] - Delayed 2 second(s)

2019-01-03 20:43:15 - [TEST_STEP][PASSED] - setText: Text 'test' is set on object 'Object Repository/Final Object Repo/Login Page/Internal User/Password'

2019-01-03 20:43:15 - [MESSAGE][PASSED] - Text 'test' is set on object 'Object Repository/Final Object Repo/Login Page/Internal User/Password'

2019-01-03 20:43:15 - [TEST_STEP][PASSED] - delay: Delayed 2 second(s)

2019-01-03 20:43:17 - [MESSAGE][PASSED] - Delayed 2 second(s)

2019-01-03 20:43:17 - [TEST_STEP][PASSED] - click: Object: 'Object Repository/Final Object Repo/Login Page/Internal User/Login Button' is clicked on

2019-01-03 20:43:17 - [MESSAGE][PASSED] - Object: 'Object Repository/Final Object Repo/Login Page/Internal User/Login Button' is clicked on

2019-01-03 20:43:17 - [TEST_STEP][PASSED] - delay: Delayed 3 second(s)

2019-01-03 20:43:20 - [MESSAGE][PASSED] - Delayed 3 second(s)

2019-01-03 20:43:20 - [TEST_STEP][PASSED] - navigateToUrl: Navigate to 'https://assist2-uat.perkeso.gov.my/group/control_panel/manage?p_p_id=125&p_p_lifecycle=0&p_p_state=maximized&p_p_mode=view&refererPlid=20455&_125_usersListView=flat-users&_125_toolbarItem=view-all-users&_125_saveUsersListView=true&_125_struts_action=%2Fusers_admin%2Fview' successfully

2019-01-03 20:43:22 - [MESSAGE][PASSED] - Navigate to 'https://assist2-uat.perkeso.gov.my/group/control_panel/manage?p_p_id=125&p_p_lifecycle=0&p_p_state=maximized&p_p_mode=view&refererPlid=20455&_125_usersListView=flat-users&_125_toolbarItem=view-all-users&_125_saveUsersListView=true&_125_struts_action=%2Fusers_admin%2Fview' successfully

2019-01-03 20:43:22 - [TEST_STEP][PASSED] - delay: Delayed 3 second(s)

2019-01-03 20:43:25 - [MESSAGE][PASSED] - Delayed 3 second(s)

2019-01-03 20:43:25 - [TEST_STEP][PASSED] - setText: Text 'perkeso701134517917@gmail.com' is set on object 'Object Repository/Final Object Repo/Creating Employer Account/Page_Users and Organizations - ASSIST/Employer name'

2019-01-03 20:43:25 - [MESSAGE][PASSED] - Text 'perkeso701134517917@gmail.com' is set on object 'Object Repository/Final Object Repo/Creating Employer Account/Page_Users and Organizations - ASSIST/Employer name'

2019-01-03 20:43:25 - [TEST_STEP][PASSED] - delay: Delayed 3 second(s)

2019-01-03 20:43:28 - [MESSAGE][PASSED] - Delayed 3 second(s)

2019-01-03 20:43:28 - [TEST_STEP][PASSED] - click: Object: 'Object Repository/Final Object Repo/Creating Employer Account/Page_Users and Organizations - ASSIST/Search' is clicked on

2019-01-03 20:43:29 - [MESSAGE][PASSED] - Object: 'Object Repository/Final Object Repo/Creating Employer Account/Page_Users and Organizations - ASSIST/Search' is clicked on

2019-01-03 20:43:29 - [TEST_STEP][PASSED] - delay: Delayed 3 second(s)

2019-01-03 20:43:32 - [MESSAGE][PASSED] - Delayed 3 second(s)

2019-01-03 20:43:32 - [TEST_STEP][PASSED] - click: Object: 'Object Repository/Final Object Repo/Creating Employer Account/Page_Users and Organizations - ASSIST/Action' is clicked on

2019-01-03 20:43:32 - [MESSAGE][PASSED] - Object: 'Object Repository/Final Object Repo/Creating Employer Account/Page_Users and Organizations - ASSIST/Action' is clicked on

2019-01-03 20:43:32 - [TEST_STEP][PASSED] - delay: Delayed 3 second(s)

2019-01-03 20:43:35 - [MESSAGE][PASSED] - Delayed 3 second(s)

2019-01-03 20:43:35 - [TEST_STEP][PASSED] - click: Object: 'Object Repository/Final Object Repo/Creating Employer Account/Page_Users and Organizations - ASSIST/Edit' is clicked on

2019-01-03 20:43:36 - [MESSAGE][PASSED] - Object: 'Object Repository/Final Object Repo/Creating Employer Account/Page_Users and Organizations - ASSIST/Edit' is clicked on

2019-01-03 20:43:36 - [TEST_STEP][PASSED] - delay: Delayed 3 second(s)

2019-01-03 20:43:39 - [MESSAGE][PASSED] - Delayed 3 second(s)

2019-01-03 20:43:39 - [TEST_STEP][PASSED] - click: Object: 'Object Repository/Final Object Repo/Creating Employer Account/Page_PERKESO - Users and Organizati/a_Password (Modified)' is clicked on

2019-01-03 20:43:39 - [MESSAGE][PASSED] - Object: 'Object Repository/Final Object Repo/Creating Employer Account/Page_PERKESO - Users and Organizati/a_Password (Modified)' is clicked on

2019-01-03 20:43:39 - [TEST_STEP][PASSED] - delay: Delayed 3 second(s)

2019-01-03 20:43:42 - [MESSAGE][PASSED] - Delayed 3 second(s)

2019-01-03 20:43:42 - [TEST_STEP][PASSED] - setEncryptedText: Text ****** has been set on object 'Object Repository/Final Object Repo/Creating Employer Account/Page_PERKESO - Users and Organizati/input__125_password1'

2019-01-03 20:43:42 - [MESSAGE][PASSED] - Text ****** has been set on object 'Object Repository/Final Object Repo/Creating Employer Account/Page_PERKESO - Users and Organizati/input__125_password1'

2019-01-03 20:43:42 - [TEST_STEP][PASSED] - delay: Delayed 3 second(s)

2019-01-03 20:43:45 - [MESSAGE][PASSED] - Delayed 3 second(s)

2019-01-03 20:43:45 - [TEST_STEP][PASSED] - setEncryptedText: Text ****** has been set on object 'Object Repository/Final Object Repo/Creating Employer Account/Page_PERKESO - Users and Organizati/input__125_password2'

2019-01-03 20:43:46 - [MESSAGE][PASSED] - Text ****** has been set on object 'Object Repository/Final Object Repo/Creating Employer Account/Page_PERKESO - Users and Organizati/input__125_password2'

2019-01-03 20:43:46 - [TEST_STEP][PASSED] - delay: Delayed 3 second(s)

2019-01-03 20:43:49 - [MESSAGE][PASSED] - Delayed 3 second(s)

2019-01-03 20:43:49 - [TEST_STEP][PASSED] - click: Object: 'Object Repository/Final Object Repo/Creating Employer Account/Page_PERKESO - Users and Organizati/Save' is clicked on

2019-01-03 20:43:50 - [MESSAGE][PASSED] - Object: 'Object Repository/Final Object Repo/Creating Employer Account/Page_PERKESO - Users and Organizati/Save' is clicked on

2019-01-03 20:43:50 - [MESSAGE][PASSED] - Call Test Case 'Test Cases/Final Aug 2018 - PKS Automation/Create Employer Acc/Template/Change Password of Employer' successfully

2019-01-03 20:43:50 - [TEST_STEP][PASSED] - delay: Delayed 1 second(s)

2019-01-03 20:43:51 - [MESSAGE][PASSED] - Delayed 1 second(s)

2019-01-03 20:43:51 - [TEST_STEP][PASSED] - navigateToUrl: Navigate to 'https://assist2-uat.perkeso.gov.my/c/portal/logout' successfully

2019-01-03 20:43:52 - [MESSAGE][PASSED] - Navigate to 'https://assist2-uat.perkeso.gov.my/c/portal/logout' successfully

2019-01-03 20:43:52 - [TEST_STEP][PASSED] - delay: Delayed 1 second(s)

2019-01-03 20:43:53 - [MESSAGE][PASSED] - Delayed 1 second(s)

2019-01-03 20:43:53 - [TEST_STEP][PASSED] - callTestCase: Call Test Case 'Test Cases/Final Aug 2018 - PKS Automation/Create Employer Acc/Template/Login to Employer Account (First Time)' successfully

2019-01-03 20:43:53 - [TEST_CASE][PASSED] - Test Cases/Final Aug 2018 - PKS Automation/Create Employer Acc/Template/Login to Employer Account (First Time): Test Cases/Final Aug 2018 - PKS Automation/Create Employer Acc/Template/Login to Employer Account (First Time)

2019-01-03 20:43:53 - [TEST_STEP][PASSED] - openBrowser: Browser is opened with url: ''

2019-01-03 20:43:53 - [MESSAGE][WARNING] - A browser is already opened. Closing browser and opening a new one

2019-01-03 20:43:57 - [MESSAGE][PASSED] - Browser is opened with url: ''

2019-01-03 20:43:57 - [TEST_STEP][PASSED] - navigateToUrl: Navigate to 'https://assist2-uat.perkeso.gov.my/employer/login' successfully

2019-01-03 20:43:58 - [MESSAGE][PASSED] - Navigate to 'https://assist2-uat.perkeso.gov.my/employer/login' successfully

2019-01-03 20:43:58 - [TEST_STEP][PASSED] - delay: Delayed 3 second(s)

2019-01-03 20:44:01 - [MESSAGE][PASSED] - Delayed 3 second(s)

2019-01-03 20:44:01 - [TEST_STEP][PASSED] - callTestCase: Call Test Case 'Test Cases/Final Aug 2018 - PKS Automation/Create Employer Acc/Template/Employer Email Getter' successfully

2019-01-03 20:44:01 - [TEST_CASE][PASSED] - Test Cases/Final Aug 2018 - PKS Automation/Create Employer Acc/Template/Employer Email Getter: Test Cases/Final Aug 2018 - PKS Automation/Create Employer Acc/Template/Employer Email Getter

2019-01-03 20:44:01 - [TEST_STEP][PASSED] - Statement - Try: null

2019-01-03 20:44:01 - [TEST_STEP][PASSED] - Statement - EmpEmail = new java.io.File(C://Users//Admin//Desktop//PKS//Automation Reference Point//EmpEmail.txt): null

2019-01-03 20:44:01 - [TEST_STEP][PASSED] - Statement - bufferread = new java.io.BufferedReader(new java.io.FileReader(EmpEmail)): null

2019-01-03 20:44:01 - [TEST_STEP][PASSED] - Statement - readedVal = bufferread.readLine(): null

2019-01-03 20:44:01 - [TEST_STEP][PASSED] - Statement - out.println(readedVal): null

2019-01-03 20:44:01 - [TEST_STEP][PASSED] - Statement - Email = readedVal: null

2019-01-03 20:44:01 - [MESSAGE][PASSED] - Call Test Case 'Test Cases/Final Aug 2018 - PKS Automation/Create Employer Acc/Template/Employer Email Getter' successfully

2019-01-03 20:44:01 - [TEST_STEP][PASSED] - setText: Text 'perkeso701134517917@gmail.com' is set on object 'Object Repository/Final Object Repo/Login Page/External Login Page/Email'

2019-01-03 20:44:02 - [MESSAGE][PASSED] - Text 'perkeso701134517917@gmail.com' is set on object 'Object Repository/Final Object Repo/Login Page/External Login Page/Email'

2019-01-03 20:44:02 - [TEST_STEP][PASSED] - click: Object: 'Object Repository/Final Object Repo/Login Page/External Login Page/Next' is clicked on

2019-01-03 20:44:02 - [MESSAGE][PASSED] - Object: 'Object Repository/Final Object Repo/Login Page/External Login Page/Next' is clicked on

2019-01-03 20:44:02 - [TEST_STEP][PASSED] - delay: Delayed 3 second(s)

2019-01-03 20:44:05 - [MESSAGE][PASSED] - Delayed 3 second(s)

2019-01-03 20:44:05 - [TEST_STEP][PASSED] - setEncryptedText: Text ****** has been set on object 'Object Repository/Final Object Repo/Login Page/External Login Page/Password'

2019-01-03 20:44:05 - [MESSAGE][PASSED] - Text ****** has been set on object 'Object Repository/Final Object Repo/Login Page/External Login Page/Password'

2019-01-03 20:44:05 - [TEST_STEP][PASSED] - click: Object: 'Object Repository/Final Object Repo/Login Page/External Login Page/Login' is clicked on

2019-01-03 20:44:05 - [MESSAGE][PASSED] - Object: 'Object Repository/Final Object Repo/Login Page/External Login Page/Login' is clicked on

2019-01-03 20:44:05 - [TEST_STEP][PASSED] - delay: Delayed 3 second(s)

2019-01-03 20:44:08 - [MESSAGE][PASSED] - Delayed 3 second(s)

2019-01-03 20:44:08 - [TEST_STEP][PASSED] - click: Object: 'Object Repository/Final Object Repo/Creating Employer Account/Page_Terms of Use - ASSIST/button_I Agree' is clicked on

2019-01-03 20:44:09 - [MESSAGE][PASSED] - Object: 'Object Repository/Final Object Repo/Creating Employer Account/Page_Terms of Use - ASSIST/button_I Agree' is clicked on

2019-01-03 20:44:09 - [TEST_STEP][PASSED] - delay: Delayed 2 second(s)

2019-01-03 20:44:11 - [MESSAGE][PASSED] - Delayed 2 second(s)

2019-01-03 20:44:11 - [TEST_STEP][PASSED] - setEncryptedText: Text ****** has been set on object 'Object Repository/Final Object Repo/Creating Employer Account/Page_New Password - ASSIST/input_password1'

2019-01-03 20:44:11 - [MESSAGE][PASSED] - Text ****** has been set on object 'Object Repository/Final Object Repo/Creating Employer Account/Page_New Password - ASSIST/input_password1'

2019-01-03 20:44:11 - [TEST_STEP][PASSED] - setEncryptedText: Text ****** has been set on object 'Object Repository/Final Object Repo/Creating Employer Account/Page_New Password - ASSIST/input_password2'

2019-01-03 20:44:11 - [MESSAGE][PASSED] - Text ****** has been set on object 'Object Repository/Final Object Repo/Creating Employer Account/Page_New Password - ASSIST/input_password2'

2019-01-03 20:44:11 - [TEST_STEP][PASSED] - delay: Delayed 2 second(s)

2019-01-03 20:44:13 - [MESSAGE][PASSED] - Delayed 2 second(s)

2019-01-03 20:44:13 - [TEST_STEP][PASSED] - click: Object: 'Object Repository/Final Object Repo/Creating Employer Account/Page_New Password - ASSIST/Save' is clicked on

2019-01-03 20:44:14 - [MESSAGE][PASSED] - Object: 'Object Repository/Final Object Repo/Creating Employer Account/Page_New Password - ASSIST/Save' is clicked on

2019-01-03 20:44:14 - [TEST_STEP][PASSED] - delay: Delayed 2 second(s)

2019-01-03 20:44:16 - [MESSAGE][PASSED] - Delayed 2 second(s)

2019-01-03 20:44:16 - [TEST_STEP][PASSED] - setText: Text 'test' is set on object 'Object Repository/Final Object Repo/Creating Employer Account/Page_Password Reminder - ASSIST/Reminder Query Answer'

2019-01-03 20:44:16 - [MESSAGE][PASSED] - Text 'test' is set on object 'Object Repository/Final Object Repo/Creating Employer Account/Page_Password Reminder - ASSIST/Reminder Query Answer'

2019-01-03 20:44:16 - [TEST_STEP][PASSED] - delay: Delayed 2 second(s)

2019-01-03 20:44:18 - [MESSAGE][PASSED] - Delayed 2 second(s)

2019-01-03 20:44:18 - [TEST_STEP][PASSED] - doubleClick: Object: 'Object Repository/Final Object Repo/Creating Employer Account/Page_Password Reminder - ASSIST/Save' is double clicked on

2019-01-03 20:44:18 - [MESSAGE][PASSED] - Object: 'Object Repository/Final Object Repo/Creating Employer Account/Page_Password Reminder - ASSIST/Save' is double clicked on

2019-01-03 20:44:18 - [MESSAGE][PASSED] - Call Test Case 'Test Cases/Final Aug 2018 - PKS Automation/Create Employer Acc/Template/Login to Employer Account (First Time)' successfully

2019-01-03 20:44:18 - [MESSAGE][PASSED] - Call Test Case 'Test Cases/Final Aug 2018 - PKS Automation/Create Employer Acc/Create Employer Account' successfully

2019-01-03 20:44:18 - [TEST_STEP][PASSED] - callTestCase: Call Test Case 'Test Cases/Final Aug 2018 - PKS Automation/Registration Module/Log Out/log out avoiding katalon tagging' successfully

2019-01-03 20:44:18 - [TEST_CASE][PASSED] - Test Cases/Final Aug 2018 - PKS Automation/Registration Module/Log Out/log out avoiding katalon tagging: Test Cases/Final Aug 2018 - PKS Automation/Registration Module/Log Out/log out avoiding katalon tagging

2019-01-03 20:44:18 - [TEST_STEP][PASSED] - navigateToUrl: Navigate to 'https://assist2-uat.perkeso.gov.my/c/portal/logout' successfully

2019-01-03 20:44:21 - [MESSAGE][PASSED] - Navigate to 'https://assist2-uat.perkeso.gov.my/c/portal/logout' successfully

2019-01-03 20:44:21 - [MESSAGE][PASSED] - Call Test Case 'Test Cases/Final Aug 2018 - PKS Automation/Registration Module/Log Out/log out avoiding katalon tagging' successfully

2019-01-03 20:44:21 - [TEST_STEP][PASSED] - callTestCase: Call Test Case 'Test Cases/Final Aug 2018 - PKS Automation/Create Employer Acc/Login to Employer Account (Second time)' successfully

2019-01-03 20:44:21 - [TEST_CASE][PASSED] - Test Cases/Final Aug 2018 - PKS Automation/Create Employer Acc/Login to Employer Account (Second time): Test Cases/Final Aug 2018 - PKS Automation/Create Employer Acc/Login to Employer Account (Second time)

2019-01-03 20:44:21 - [TEST_STEP][PASSED] - openBrowser: Browser is opened with url: ''

2019-01-03 20:44:21 - [MESSAGE][WARNING] - A browser is already opened. Closing browser and opening a new one

2019-01-03 20:44:25 - [MESSAGE][PASSED] - Browser is opened with url: ''

2019-01-03 20:44:25 - [TEST_STEP][PASSED] - navigateToUrl: Navigate to 'https://assist2-uat.perkeso.gov.my/employer/login' successfully

2019-01-03 20:44:26 - [MESSAGE][PASSED] - Navigate to 'https://assist2-uat.perkeso.gov.my/employer/login' successfully

2019-01-03 20:44:26 - [TEST_STEP][PASSED] - delay: Delayed 3 second(s)

2019-01-03 20:44:29 - [MESSAGE][PASSED] - Delayed 3 second(s)

2019-01-03 20:44:29 - [TEST_STEP][PASSED] - callTestCase: Call Test Case 'Test Cases/Final Aug 2018 - PKS Automation/Create Employer Acc/Template/Employer Email Getter' successfully

2019-01-03 20:44:29 - [TEST_CASE][PASSED] - Test Cases/Final Aug 2018 - PKS Automation/Create Employer Acc/Template/Employer Email Getter: Test Cases/Final Aug 2018 - PKS Automation/Create Employer Acc/Template/Employer Email Getter

2019-01-03 20:44:29 - [TEST_STEP][PASSED] - Statement - Try: null

2019-01-03 20:44:29 - [TEST_STEP][PASSED] - Statement - EmpEmail = new java.io.File(C://Users//Admin//Desktop//PKS//Automation Reference Point//EmpEmail.txt): null

2019-01-03 20:44:29 - [TEST_STEP][PASSED] - Statement - bufferread = new java.io.BufferedReader(new java.io.FileReader(EmpEmail)): null

2019-01-03 20:44:29 - [TEST_STEP][PASSED] - Statement - readedVal = bufferread.readLine(): null

2019-01-03 20:44:29 - [TEST_STEP][PASSED] - Statement - out.println(readedVal): null

2019-01-03 20:44:29 - [TEST_STEP][PASSED] - Statement - Email = readedVal: null

2019-01-03 20:44:29 - [MESSAGE][PASSED] - Call Test Case 'Test Cases/Final Aug 2018 - PKS Automation/Create Employer Acc/Template/Employer Email Getter' successfully

2019-01-03 20:44:29 - [TEST_STEP][PASSED] - setText: Text 'perkeso701134517917@gmail.com' is set on object 'Object Repository/Final Object Repo/Login Page/External Login Page/Email'

2019-01-03 20:44:29 - [MESSAGE][PASSED] - Text 'perkeso701134517917@gmail.com' is set on object 'Object Repository/Final Object Repo/Login Page/External Login Page/Email'

2019-01-03 20:44:29 - [TEST_STEP][PASSED] - click: Object: 'Object Repository/Final Object Repo/Login Page/External Login Page/Next' is clicked on

2019-01-03 20:44:29 - [MESSAGE][PASSED] - Object: 'Object Repository/Final Object Repo/Login Page/External Login Page/Next' is clicked on

2019-01-03 20:44:29 - [TEST_STEP][PASSED] - delay: Delayed 3 second(s)

2019-01-03 20:44:32 - [MESSAGE][PASSED] - Delayed 3 second(s)

2019-01-03 20:44:32 - [TEST_STEP][PASSED] - setEncryptedText: Text ****** has been set on object 'Object Repository/Final Object Repo/Login Page/External Login Page/Password'

2019-01-03 20:44:33 - [MESSAGE][PASSED] - Text ****** has been set on object 'Object Repository/Final Object Repo/Login Page/External Login Page/Password'

2019-01-03 20:44:33 - [TEST_STEP][PASSED] - click: Object: 'Object Repository/Final Object Repo/Login Page/External Login Page/Login' is clicked on

2019-01-03 20:44:33 - [MESSAGE][PASSED] - Object: 'Object Repository/Final Object Repo/Login Page/External Login Page/Login' is clicked on

2019-01-03 20:44:33 - [TEST_STEP][PASSED] - delay: Delayed 5 second(s)

2019-01-03 20:44:38 - [MESSAGE][PASSED] - Delayed 5 second(s)

2019-01-03 20:44:38 - [MESSAGE][PASSED] - Call Test Case 'Test Cases/Final Aug 2018 - PKS Automation/Create Employer Acc/Login to Employer Account (Second time)' successfully

2019-01-03 20:44:38 - [TEST_STEP][PASSED] - delay: Delayed 4 second(s)

2019-01-03 20:44:42 - [MESSAGE][PASSED] - Delayed 4 second(s)

2019-01-03 20:44:42 - [TEST_STEP][PASSED] - Statement - Try: Delayed 2 second(s)

2019-01-03 20:44:42 - [TEST_STEP][PASSED] - Statement - Checker = false: null

2019-01-03 20:44:42 - [TEST_STEP][PASSED] - Statement - Checker = com.kms.katalon.core.webui.keyword.WebUiBuiltInKeywords.verifyElementHasAttribute(com.kms.katalon.core.testobject.ObjectRepository.findTestObject(Final Object Repo/Landing Page/BM Detecting), "href", 20, OPTIONAL): Object 'Object Repository/Final Object Repo/Landing Page/BM Detecting' has attribute 'href'

2019-01-03 20:44:42 - [MESSAGE][PASSED] - Object 'Object Repository/Final Object Repo/Landing Page/BM Detecting' has attribute 'href'

2019-01-03 20:44:42 - [TEST_STEP][PASSED] - Statement - out.println(Checker): null

2019-01-03 20:44:42 - [TEST_STEP][PASSED] - Statement - If (Checker == false): null

2019-01-03 20:44:42 - [TEST_STEP][PASSED] - Statement - Else: null

2019-01-03 20:44:42 - [TEST_STEP][PASSED] - delay: Delayed 2 second(s)

2019-01-03 20:44:44 - [MESSAGE][PASSED] - Delayed 2 second(s)

2019-01-03 20:44:44 - [TEST_STEP][PASSED] - delay: Delayed 4 second(s)

2019-01-03 20:44:48 - [MESSAGE][PASSED] - Delayed 4 second(s)

2019-01-03 20:44:48 - [TEST_STEP][PASSED] - click: Object: 'Object Repository/Final Object Repo/Landing Page/My Sites Drop Down' is clicked on

2019-01-03 20:44:48 - [MESSAGE][PASSED] - Object: 'Object Repository/Final Object Repo/Landing Page/My Sites Drop Down' is clicked on

2019-01-03 20:44:48 - [TEST_STEP][PASSED] - click: Object: 'Object Repository/Final Object Repo/Landing Page/Select to Registration Module' is clicked on

2019-01-03 20:44:50 - [MESSAGE][PASSED] - Object: 'Object Repository/Final Object Repo/Landing Page/Select to Registration Module' is clicked on

2019-01-03 20:44:50 - [TEST_STEP][PASSED] - click: Object: 'Object Repository/Final Object Repo/Landing Page/Registration Button' is clicked on

2019-01-03 20:44:52 - [MESSAGE][PASSED] - Object: 'Object Repository/Final Object Repo/Landing Page/Registration Button' is clicked on

2019-01-03 20:44:52 - [TEST_STEP][PASSED] - delay: Delayed 2 second(s)

2019-01-03 20:44:54 - [MESSAGE][PASSED] - Delayed 2 second(s)

2019-01-03 20:44:54 - [TEST_STEP][PASSED] - click: Object: 'Object Repository/Final Object Repo/New Registration - Registration Module Pages/New Reg - OTC to RO/Special Case - OTC - Form 1/AEC NO' is clicked on

2019-01-03 20:44:54 - [MESSAGE][PASSED] - Object: 'Object Repository/Final Object Repo/New Registration - Registration Module Pages/New Reg - OTC to RO/Special Case - OTC - Form 1/AEC NO' is clicked on

2019-01-03 20:44:54 - [TEST_STEP][PASSED] - click: Object: 'Object Repository/Final Object Repo/New Registration - Registration Module Pages/New Reg - OTC to RO/Special Case - OTC - Form 1/Business Entity - Please Select' is clicked on

2019-01-03 20:44:54 - [MESSAGE][PASSED] - Object: 'Object Repository/Final Object Repo/New Registration - Registration Module Pages/New Reg - OTC to RO/Special Case - OTC - Form 1/Business Entity - Please Select' is clicked on

2019-01-03 20:44:54 - [TEST_STEP][PASSED] - click: Object: 'Object Repository/Final Object Repo/New Registration - Registration Module Pages/New Reg - OTC to RO/Special Case - OTC - Form 1/Selected - Corporation' is clicked on

2019-01-03 20:44:54 - [MESSAGE][PASSED] - Object: 'Object Repository/Final Object Repo/New Registration - Registration Module Pages/New Reg - OTC to RO/Special Case - OTC - Form 1/Selected - Corporation' is clicked on

2019-01-03 20:44:54 - [TEST_STEP][PASSED] - delay: Delayed 2 second(s)

2019-01-03 20:44:56 - [MESSAGE][PASSED] - Delayed 2 second(s)

2019-01-03 20:44:56 - [TEST_STEP][PASSED] - click: Object: 'Object Repository/Final Object Repo/New Registration - Registration Module Pages/New Reg - OTC to RO/Special Case - OTC - Form 1/Sub Business Entity - Please Select' is clicked on

2019-01-03 20:44:57 - [MESSAGE][PASSED] - Object: 'Object Repository/Final Object Repo/New Registration - Registration Module Pages/New Reg - OTC to RO/Special Case - OTC - Form 1/Sub Business Entity - Please Select' is clicked on

2019-01-03 20:44:57 - [TEST_STEP][PASSED] - delay: Delayed 2 second(s)

2019-01-03 20:44:59 - [MESSAGE][PASSED] - Delayed 2 second(s)

2019-01-03 20:44:59 - [TEST_STEP][PASSED] - click: Object: 'Object Repository/Final Object Repo/New Registration - Registration Module Pages/New Reg - OTC to RO/Special Case - OTC - Form 1/Selected - Sendirian Berhad' is clicked on

2019-01-03 20:44:59 - [MESSAGE][PASSED] - Object: 'Object Repository/Final Object Repo/New Registration - Registration Module Pages/New Reg - OTC to RO/Special Case - OTC - Form 1/Selected - Sendirian Berhad' is clicked on

2019-01-03 20:44:59 - [TEST_STEP][PASSED] - setText: Text 'AUTOMATE001' is set on object 'Object Repository/Final Object Repo/New Registration - Registration Module Pages/New Reg - OTC to RO/Special Case - OTC - Form 1/Input BRN Number'

2019-01-03 20:44:59 - [MESSAGE][PASSED] - Text 'AUTOMATE001' is set on object 'Object Repository/Final Object Repo/New Registration - Registration Module Pages/New Reg - OTC to RO/Special Case - OTC - Form 1/Input BRN Number'

2019-01-03 20:44:59 - [TEST_STEP][PASSED] - delay: Delayed 2 second(s)

2019-01-03 20:45:01 - [MESSAGE][PASSED] - Delayed 2 second(s)

2019-01-03 20:45:01 - [TEST_STEP][PASSED] - click: Object: 'Object Repository/Final Object Repo/New Registration - Registration Module Pages/New Reg - OTC to RO/Special Case - OTC - Form 1/BRN Search' is clicked on

2019-01-03 20:45:01 - [MESSAGE][PASSED] - Object: 'Object Repository/Final Object Repo/New Registration - Registration Module Pages/New Reg - OTC to RO/Special Case - OTC - Form 1/BRN Search' is clicked on

2019-01-03 20:45:01 - [TEST_STEP][PASSED] - delay: Delayed 4 second(s)

2019-01-03 20:45:05 - [MESSAGE][PASSED] - Delayed 4 second(s)

2019-01-03 20:45:05 - [TEST_STEP][PASSED] - click: Object: 'Object Repository/Final Object Repo/New Registration - Registration Module Pages/New Reg - OTC to RO/Special Case - OTC - Form 1/Registered with SSM - After Feb 2017' is clicked on

2019-01-03 20:45:05 - [MESSAGE][PASSED] - Object: 'Object Repository/Final Object Repo/New Registration - Registration Module Pages/New Reg - OTC to RO/Special Case - OTC - Form 1/Registered with SSM - After Feb 2017' is clicked on

2019-01-03 20:45:05 - [TEST_STEP][PASSED] - delay: Delayed 2 second(s)

2019-01-03 20:45:07 - [MESSAGE][PASSED] - Delayed 2 second(s)

2019-01-03 20:45:07 - [TEST_STEP][PASSED] - click: Object: 'Object Repository/Final Object Repo/New Registration - Registration Module Pages/Form 1/Registered As a Branch - Yes' is clicked on

2019-01-03 20:45:08 - [MESSAGE][PASSED] - Object: 'Object Repository/Final Object Repo/New Registration - Registration Module Pages/Form 1/Registered As a Branch - Yes' is clicked on

2019-01-03 20:45:08 - [TEST_STEP][PASSED] - click: Object: 'Object Repository/Final Object Repo/New Registration - Registration Module Pages/New Reg - OTC to RO/Special Case - OTC - Form 1/Acknowledgement Ticked' is clicked on

2019-01-03 20:45:08 - [MESSAGE][PASSED] - Object: 'Object Repository/Final Object Repo/New Registration - Registration Module Pages/New Reg - OTC to RO/Special Case - OTC - Form 1/Acknowledgement Ticked' is clicked on

2019-01-03 20:45:08 - [TEST_STEP][PASSED] - setText: Text 'perkeso701134517917@gmail.com' is set on object 'Object Repository/Final Object Repo/New Registration - Registration Module Pages/Form 1/Email'

2019-01-03 20:45:09 - [MESSAGE][PASSED] - Text 'perkeso701134517917@gmail.com' is set on object 'Object Repository/Final Object Repo/New Registration - Registration Module Pages/Form 1/Email'

2019-01-03 20:45:09 - [TEST_STEP][PASSED] - click: Object: 'Object Repository/Final Object Repo/New Registration - Registration Module Pages/New Reg - OTC to RO/Special Case - OTC - Form 1/Submit Button' is clicked on

2019-01-03 20:45:09 - [MESSAGE][PASSED] - Object: 'Object Repository/Final Object Repo/New Registration - Registration Module Pages/New Reg - OTC to RO/Special Case - OTC - Form 1/Submit Button' is clicked on

2019-01-03 20:45:09 - [TEST_STEP][PASSED] - callTestCase: Call Test Case 'Test Cases/Final Aug 2018 - PKS Automation/Registration Module/New Registration/Form 2/Add 1 Eligible - Employer Account Use' successfully

2019-01-03 20:45:09 - [TEST_CASE][PASSED] - Test Cases/Final Aug 2018 - PKS Automation/Registration Module/New Registration/Form 2/Add 1 Eligible - Employer Account Use: Test Cases/Final Aug 2018 - PKS Automation/Registration Module/New Registration/Form 2/Add 1 Eligible - Employer Account Use

2019-01-03 20:45:09 - [TEST_STEP][PASSED] - delay: Delayed 2 second(s)

2019-01-03 20:45:11 - [MESSAGE][PASSED] - Delayed 2 second(s)

2019-01-03 20:45:11 - [TEST_STEP][PASSED] - callTestCase: Call Test Case 'Test Cases/Final Aug 2018 - PKS Automation/Registration Module/New Registration/Form 2/Date Updater' successfully

2019-01-03 20:45:11 - [TEST_CASE][PASSED] - Test Cases/Final Aug 2018 - PKS Automation/Registration Module/New Registration/Form 2/Date Updater: Test Cases/Final Aug 2018 - PKS Automation/Registration Module/New Registration/Form 2/Date Updater

2019-01-03 20:45:11 - [TEST_STEP][PASSED] - Statement - TodayDate = new java.util.Date(): null

2019-01-03 20:45:11 - [TEST_STEP][PASSED] - Statement - CurrentDateNoFilter = new java.text.SimpleDateFormat(): null

2019-01-03 20:45:11 - [TEST_STEP][PASSED] - Statement - CurrentDateNoFilter.applyPattern("MM"): null

2019-01-03 20:45:11 - [TEST_STEP][PASSED] - Statement - monthContainerMatcher = java.lang.Integer.parseInt(CurrentDateNoFilter.format(TodayDate)): null

2019-01-03 20:45:11 - [TEST_STEP][PASSED] - Statement - monthContainerMatcher = monthContainerMatcher - 1: null

2019-01-03 20:45:11 - [TEST_STEP][PASSED] - Statement - CurrentMonth = monthContainerMatcher.toString(): null

2019-01-03 20:45:11 - [TEST_STEP][PASSED] - Statement - CurrentMonth = CurrentMonth: null

2019-01-03 20:45:11 - [TEST_STEP][PASSED] - Statement - CurrentDateNoFilter.applyPattern("yyyy"): null

2019-01-03 20:45:11 - [TEST_STEP][PASSED] - Statement - CurrentYear = CurrentDateNoFilter.format(TodayDate): null

2019-01-03 20:45:11 - [TEST_STEP][PASSED] - Statement - CurrentYear = CurrentYear: null

2019-01-03 20:45:11 - [TEST_STEP][PASSED] - Statement - intCurrentYear = java.lang.Integer.parseInt(CurrentDateNoFilter.format(TodayDate)): null

2019-01-03 20:45:11 - [TEST_STEP][PASSED] - Statement - eighteenYrsAgo = intCurrentYear - 18: null

2019-01-03 20:45:11 - [TEST_STEP][PASSED] - Statement - eighteenYrsBeforeThisYr = eighteenYrsAgo.toString(): null

2019-01-03 20:45:11 - [TEST_STEP][PASSED] - Statement - EighteenYrsBefore = eighteenYrsBeforeThisYr: null

2019-01-03 20:45:11 - [TEST_STEP][PASSED] - Statement - fiftysevenYrsAgo = intCurrentYear - 57: null

2019-01-03 20:45:11 - [TEST_STEP][PASSED] - Statement - fiftysevenYrsBeforeThisYr = fiftysevenYrsAgo.toString(): null

2019-01-03 20:45:11 - [TEST_STEP][PASSED] - Statement - FiftysevenYrsBefore = fiftysevenYrsBeforeThisYr: null

2019-01-03 20:45:11 - [TEST_STEP][PASSED] - Statement - leapYear = false: null

2019-01-03 20:45:11 - [TEST_STEP][PASSED] - Statement - leapYear = intCurrentYear % 4 == 0: null

2019-01-03 20:45:11 - [TEST_STEP][PASSED] - Statement - CurrentDateNoFilter.applyPattern("dd"): null

2019-01-03 20:45:11 - [TEST_STEP][PASSED] - Statement - CurrentDate = CurrentDateNoFilter.format(TodayDate): null

2019-01-03 20:45:11 - [TEST_STEP][PASSED] - Statement - CurrentDate = java.lang.Integer.parseInt(CurrentDate): null

2019-01-03 20:45:11 - [TEST_STEP][PASSED] - Statement - CurrentDate = CurrentDate: null

2019-01-03 20:45:11 - [TEST_STEP][PASSED] - Statement - CurrentDay = java.lang.Integer.parseInt(CurrentDate): null

2019-01-03 20:45:11 - [TEST_STEP][PASSED] - Statement - ConfAdder = <not implemented yet for class: org.codehaus.groovy.ast.expr.EmptyExpression>: null

2019-01-03 20:45:11 - [TEST_STEP][PASSED] - Statement - out.println(CurrentMonth): null

2019-01-03 20:45:11 - [TEST_STEP][PASSED] - Statement - out.println(CurrentDate): null

2019-01-03 20:45:11 - [TEST_STEP][PASSED] - Statement - switch (CurrentDate): null

2019-01-03 20:45:11 - [TEST_STEP][PASSED] - Statement - Default: null

2019-01-03 20:45:11 - [TEST_STEP][PASSED] - Statement - ConfAdder = true: null

2019-01-03 20:45:11 - [TEST_STEP][PASSED] - Statement - Break: null

2019-01-03 20:45:11 - [TEST_STEP][PASSED] - Statement - aDayBefore = <not implemented yet for class: org.codehaus.groovy.ast.expr.EmptyExpression>: null

2019-01-03 20:45:11 - [TEST_STEP][PASSED] - Statement - out.println(ConfAdder): null

2019-01-03 20:45:11 - [TEST_STEP][PASSED] - Statement - If (ConfAdder == true): null

2019-01-03 20:45:11 - [TEST_STEP][PASSED] - Statement - aDayBefore = CurrentDay + 1: null

2019-01-03 20:45:11 - [TEST_STEP][PASSED] - Statement - out.println(aDayBefore): null

2019-01-03 20:45:11 - [TEST_STEP][PASSED] - Statement - If (aDayBefore == 1 && CurrentMonth == 11): null

2019-01-03 20:45:11 - [TEST_STEP][PASSED] - Statement - DayBefore = aDayBefore.toString(): null

2019-01-03 20:45:11 - [TEST_STEP][PASSED] - Statement - OneDayBefore = DayBefore: null

2019-01-03 20:45:11 - [MESSAGE][PASSED] - Call Test Case 'Test Cases/Final Aug 2018 - PKS Automation/Registration Module/New Registration/Form 2/Date Updater' successfully

2019-01-03 20:45:11 - [TEST_STEP][PASSED] - delay: Delayed 1 second(s)

2019-01-03 20:45:12 - [MESSAGE][PASSED] - Delayed 1 second(s)

2019-01-03 20:45:12 - [TEST_STEP][PASSED] - Statement - CaseReferenceNo = com.kms.katalon.core.webui.keyword.WebUiBuiltInKeywords.getText(com.kms.katalon.core.testobject.ObjectRepository.findTestObject(Final Object Repo/New Registration - Registration Module Pages/Form 2/RefNo Acquiring)): Text of object 'Object Repository/Final Object Repo/New Registration - Registration Module Pages/Form 2/RefNo Acquiring' is: 'CRN01201900123597'

2019-01-03 20:45:12 - [MESSAGE][PASSED] - Text of object 'Object Repository/Final Object Repo/New Registration - Registration Module Pages/Form 2/RefNo Acquiring' is: 'CRN01201900123597'

2019-01-03 20:45:12 - [TEST_STEP][PASSED] - delay: Delayed 1 second(s)

2019-01-03 20:45:13 - [MESSAGE][PASSED] - Delayed 1 second(s)

2019-01-03 20:45:13 - [TEST_STEP][PASSED] - click: Object: 'Object Repository/Final Object Repo/New Registration - Registration Module Pages/Form 2/Add Employee Button' is clicked on

2019-01-03 20:45:13 - [MESSAGE][PASSED] - Object: 'Object Repository/Final Object Repo/New Registration - Registration Module Pages/Form 2/Add Employee Button' is clicked on

2019-01-03 20:45:13 - [TEST_STEP][PASSED] - delay: Delayed 1 second(s)

2019-01-03 20:45:14 - [MESSAGE][PASSED] - Delayed 1 second(s)

2019-01-03 20:45:14 - [TEST_STEP][PASSED] - setText: Text '010903091948' is set on object 'Object Repository/Final Object Repo/New Registration - Registration Module Pages/Form 2/NRIC Input'

2019-01-03 20:45:14 - [MESSAGE][PASSED] - Text '010903091948' is set on object 'Object Repository/Final Object Repo/New Registration - Registration Module Pages/Form 2/NRIC Input'

2019-01-03 20:45:14 - [TEST_STEP][PASSED] - delay: Delayed 2 second(s)

2019-01-03 20:45:16 - [MESSAGE][PASSED] - Delayed 2 second(s)

2019-01-03 20:45:16 - [TEST_STEP][PASSED] - setText: Text 'Automate001 eligible 1' is set on object 'Object Repository/Final Object Repo/New Registration - Registration Module Pages/Form 2/Employee Name Input'

2019-01-03 20:45:17 - [MESSAGE][PASSED] - Text 'Automate001 eligible 1' is set on object 'Object Repository/Final Object Repo/New Registration - Registration Module Pages/Form 2/Employee Name Input'

2019-01-03 20:45:17 - [TEST_STEP][PASSED] - delay: Delayed 2 second(s)

2019-01-03 20:45:19 - [MESSAGE][PASSED] - Delayed 2 second(s)

2019-01-03 20:45:19 - [TEST_STEP][PASSED] - click: Object: 'Object Repository/Final Object Repo/New Registration - Registration Module Pages/Form 2/DatePicker Pop Up' is clicked on

2019-01-03 20:45:19 - [MESSAGE][PASSED] - Object: 'Object Repository/Final Object Repo/New Registration - Registration Module Pages/Form 2/DatePicker Pop Up' is clicked on

2019-01-03 20:45:19 - [TEST_STEP][PASSED] - click: Object: 'Object Repository/Final Object Repo/New Registration - Registration Module Pages/Form 2/DOB Month' is clicked on

2019-01-03 20:45:19 - [MESSAGE][PASSED] - Object: 'Object Repository/Final Object Repo/New Registration - Registration Module Pages/Form 2/DOB Month' is clicked on

2019-01-03 20:45:19 - [TEST_STEP][PASSED] - Statement - CurrentMonth = CurrentMonth: null

2019-01-03 20:45:19 - [TEST_STEP][PASSED] - Statement - selectMonth = new com.kms.katalon.core.testobject.TestObject(): null

2019-01-03 20:45:19 - [TEST_STEP][PASSED] - Statement - selectMonth.addProperty("xpath", EQUALS, "//body/div/div/div/select/option[@value='" + CurrentMonth + "']", true): null

2019-01-03 20:45:19 - [TEST_STEP][PASSED] - click: Object: '' is clicked on

2019-01-03 20:45:19 - [MESSAGE][PASSED] - Object: '' is clicked on

2019-01-03 20:45:19 - [TEST_STEP][PASSED] - click: Object: 'Object Repository/Final Object Repo/New Registration - Registration Module Pages/Form 2/DOB Year' is clicked on

2019-01-03 20:45:20 - [MESSAGE][PASSED] - Object: 'Object Repository/Final Object Repo/New Registration - Registration Module Pages/Form 2/DOB Year' is clicked on

2019-01-03 20:45:20 - [TEST_STEP][PASSED] - Statement - Eyearsbf = EighteenYrsBefore: null

2019-01-03 20:45:20 - [TEST_STEP][PASSED] - Statement - selectYear = new com.kms.katalon.core.testobject.TestObject(): null

2019-01-03 20:45:20 - [TEST_STEP][PASSED] - Statement - selectYear.addProperty("xpath", EQUALS, "//div/div/div/select/option[@value='" + Eyearsbf + "']", true): null

2019-01-03 20:45:20 - [TEST_STEP][PASSED] - click: Object: '' is clicked on

2019-01-03 20:45:20 - [MESSAGE][PASSED] - Object: '' is clicked on

2019-01-03 20:45:20 - [TEST_STEP][PASSED] - Statement - UpdatedSelectDate = com.kms.katalon.core.webui.keyword.WebUiBuiltInKeywords.modifyObjectProperty(com.kms.katalon.core.testobject.ObjectRepository.findTestObject(Final Object Repo/New Registration - Registration Module Pages/Form 2/DOB Date), "xpath", "equals", "//body/div/table/tbody/tr/td/a[text()="" + CurrentDate + ""]", true): Modify property of object successfully

2019-01-03 20:45:20 - [MESSAGE][PASSED] - Modify property of object successfully

2019-01-03 20:45:20 - [TEST_STEP][PASSED] - delay: Delayed 3 second(s)

2019-01-03 20:45:23 - [MESSAGE][PASSED] - Delayed 3 second(s)

2019-01-03 20:45:23 - [TEST_STEP][PASSED] - click: Object: 'Object Repository/Final Object Repo/New Registration - Registration Module Pages/Form 2/DOB Date' is clicked on

2019-01-03 20:45:23 - [MESSAGE][PASSED] - Object: 'Object Repository/Final Object Repo/New Registration - Registration Module Pages/Form 2/DOB Date' is clicked on

2019-01-03 20:45:23 - [TEST_STEP][PASSED] - delay: Delayed 2 second(s)

2019-01-03 20:45:25 - [MESSAGE][PASSED] - Delayed 2 second(s)

2019-01-03 20:45:25 - [TEST_STEP][PASSED] - click: Object: 'Object Repository/Final Object Repo/New Registration - Registration Module Pages/Form 2/EmploymentStartDate Pop Up' is clicked on

2019-01-03 20:45:25 - [MESSAGE][PASSED] - Object: 'Object Repository/Final Object Repo/New Registration - Registration Module Pages/Form 2/EmploymentStartDate Pop Up' is clicked on

2019-01-03 20:45:25 - [TEST_STEP][PASSED] - delay: Delayed 2 second(s)

2019-01-03 20:45:27 - [MESSAGE][PASSED] - Delayed 2 second(s)

2019-01-03 20:45:27 - [TEST_STEP][PASSED] - click: Object: 'Object Repository/Final Object Repo/New Registration - Registration Module Pages/Form 2/Socso Employment StartDate Month' is clicked on

2019-01-03 20:45:27 - [MESSAGE][PASSED] - Object: 'Object Repository/Final Object Repo/New Registration - Registration Module Pages/Form 2/Socso Employment StartDate Month' is clicked on

2019-01-03 20:45:27 - [TEST_STEP][PASSED] - delay: Delayed 1 second(s)

2019-01-03 20:45:28 - [MESSAGE][PASSED] - Delayed 1 second(s)

2019-01-03 20:45:28 - [TEST_STEP][PASSED] - click: Object: 'Object Repository/Final Object Repo/New Registration - Registration Module Pages/Form 2/Select Socso Employement Startdate Month' is clicked on

2019-01-03 20:45:28 - [MESSAGE][PASSED] - Object: 'Object Repository/Final Object Repo/New Registration - Registration Module Pages/Form 2/Select Socso Employement Startdate Month' is clicked on

2019-01-03 20:45:28 - [TEST_STEP][PASSED] - delay: Delayed 2 second(s)

2019-01-03 20:45:30 - [MESSAGE][PASSED] - Delayed 2 second(s)

2019-01-03 20:45:30 - [TEST_STEP][PASSED] - click: Object: 'Object Repository/Final Object Repo/New Registration - Registration Module Pages/Form 2/Socso Employment StartDate Year' is clicked on

2019-01-03 20:45:30 - [MESSAGE][PASSED] - Object: 'Object Repository/Final Object Repo/New Registration - Registration Module Pages/Form 2/Socso Employment StartDate Year' is clicked on

2019-01-03 20:45:30 - [TEST_STEP][PASSED] - delay: Delayed 1 second(s)

2019-01-03 20:45:31 - [MESSAGE][PASSED] - Delayed 1 second(s)

2019-01-03 20:45:31 - [TEST_STEP][PASSED] - click: Object: 'Object Repository/Final Object Repo/New Registration - Registration Module Pages/Form 2/Select Socso Employment Startdate Year' is clicked on

2019-01-03 20:45:32 - [MESSAGE][PASSED] - Object: 'Object Repository/Final Object Repo/New Registration - Registration Module Pages/Form 2/Select Socso Employment Startdate Year' is clicked on

2019-01-03 20:45:32 - [TEST_STEP][PASSED] - delay: Delayed 2 second(s)

2019-01-03 20:45:34 - [MESSAGE][PASSED] - Delayed 2 second(s)

2019-01-03 20:45:34 - [TEST_STEP][PASSED] - click: Object: 'Object Repository/Final Object Repo/New Registration - Registration Module Pages/Form 2/Socso Employment Start Date Day' is clicked on

2019-01-03 20:45:34 - [MESSAGE][PASSED] - Object: 'Object Repository/Final Object Repo/New Registration - Registration Module Pages/Form 2/Socso Employment Start Date Day' is clicked on

2019-01-03 20:45:34 - [TEST_STEP][PASSED] - delay: Delayed 2 second(s)

2019-01-03 20:45:36 - [MESSAGE][PASSED] - Delayed 2 second(s)

2019-01-03 20:45:36 - [TEST_STEP][PASSED] - click: Object: 'Object Repository/Final Object Repo/New Registration - Registration Module Pages/Form 2/Save Button for Add Employee' is clicked on

2019-01-03 20:45:36 - [MESSAGE][PASSED] - Object: 'Object Repository/Final Object Repo/New Registration - Registration Module Pages/Form 2/Save Button for Add Employee' is clicked on

2019-01-03 20:45:36 - [TEST_STEP][PASSED] - delay: Delayed 6 second(s)

2019-01-03 20:45:42 - [MESSAGE][PASSED] - Delayed 6 second(s)

2019-01-03 20:45:42 - [TEST_STEP][PASSED] - click: Object: 'Object Repository/Final Object Repo/New Registration - Registration Module Pages/Form 2/Save and Continue Form 2' is clicked on

2019-01-03 20:45:42 - [MESSAGE][PASSED] - Object: 'Object Repository/Final Object Repo/New Registration - Registration Module Pages/Form 2/Save and Continue Form 2' is clicked on

2019-01-03 20:45:42 - [MESSAGE][PASSED] - Call Test Case 'Test Cases/Final Aug 2018 - PKS Automation/Registration Module/New Registration/Form 2/Add 1 Eligible - Employer Account Use' successfully

2019-01-03 20:45:42 - [TEST_STEP][PASSED] - callTestCase: Call Test Case 'Test Cases/Final Aug 2018 - PKS Automation/Registration Module/New Registration/Flow of New Registration/Third Screen - Upload Supporting Doc - Preview' successfully

2019-01-03 20:45:42 - [TEST_CASE][PASSED] - Test Cases/Final Aug 2018 - PKS Automation/Registration Module/New Registration/Flow of New Registration/Third Screen - Upload Supporting Doc - Preview: Test Cases/Final Aug 2018 - PKS Automation/Registration Module/New Registration/Flow of New Registration/Third Screen - Upload Supporting Doc - Preview

2019-01-03 20:45:42 - [TEST_STEP][PASSED] - waitForPageLoad: Wait for page load successfully

2019-01-03 20:45:43 - [MESSAGE][PASSED] - Wait for page load successfully

2019-01-03 20:45:43 - [TEST_STEP][PASSED] - Statement - CaseReferenceNo = com.kms.katalon.core.webui.keyword.WebUiBuiltInKeywords.getText(com.kms.katalon.core.testobject.ObjectRepository.findTestObject(Final Object Repo/New Registration - Registration Module Pages/Third Screen - Upload Supporting Doc- Preview/RefNo Acquiring)): Text of object 'Object Repository/Final Object Repo/New Registration - Registration Module Pages/Third Screen - Upload Supporting Doc- Preview/RefNo Acquiring' is: 'CRN01201900123597'

2019-01-03 20:45:43 - [MESSAGE][PASSED] - Text of object 'Object Repository/Final Object Repo/New Registration - Registration Module Pages/Third Screen - Upload Supporting Doc- Preview/RefNo Acquiring' is: 'CRN01201900123597'

2019-01-03 20:45:43 - [TEST_STEP][PASSED] - delay: Delayed 2 second(s)

2019-01-03 20:45:45 - [MESSAGE][PASSED] - Delayed 2 second(s)

2019-01-03 20:45:45 - [TEST_STEP][PASSED] - callTestCase: Call Test Case 'Test Cases/Final Aug 2018 - PKS Automation/Common/Reference Number Setter' successfully

2019-01-03 20:45:45 - [TEST_CASE][PASSED] - Test Cases/Final Aug 2018 - PKS Automation/Common/Reference Number Setter: Test Cases/Final Aug 2018 - PKS Automation/Common/Reference Number Setter

2019-01-03 20:45:45 - [TEST_STEP][PASSED] - Statement - RefNoOldFile = new java.io.File(C://Users//Admin//Desktop//PKS//Automation Reference Point//KatalonReference.txt): null

2019-01-03 20:45:45 - [TEST_STEP][PASSED] - Statement - RefNoOldFile.delete(): null

2019-01-03 20:45:45 - [TEST_STEP][PASSED] - delay: Delayed 5 second(s)

2019-01-03 20:45:50 - [MESSAGE][PASSED] - Delayed 5 second(s)

2019-01-03 20:45:50 - [TEST_STEP][PASSED] - Statement - RefNo = new java.io.File(C://Users//Admin//Desktop//PKS//Automation Reference Point//KatalonReference.txt): null

2019-01-03 20:45:50 - [TEST_STEP][PASSED] - Statement - f2 = new java.io.FileWriter(RefNo, false): null

2019-01-03 20:45:50 - [TEST_STEP][PASSED] - Statement - f2.write(CaseReferenceNo): null

2019-01-03 20:45:50 - [TEST_STEP][PASSED] - Statement - f2.close(): null

2019-01-03 20:45:50 - [TEST_STEP][PASSED] - Statement - out.println("


" + CaseReferenceNo + "


"): null

2019-01-03 20:45:50 - [MESSAGE][PASSED] - Call Test Case 'Test Cases/Final Aug 2018 - PKS Automation/Common/Reference Number Setter' successfully

2019-01-03 20:45:50 - [TEST_STEP][PASSED] - waitForElementClickable: Object 'Object Repository/Final Object Repo/New Registration - Registration Module Pages/Third Screen - Upload Supporting Doc- Preview/Save n Continue in SIP Employee Listing Page' is clickable

2019-01-03 20:45:50 - [MESSAGE][PASSED] - Object 'Object Repository/Final Object Repo/New Registration - Registration Module Pages/Third Screen - Upload Supporting Doc- Preview/Save n Continue in SIP Employee Listing Page' is clickable

2019-01-03 20:45:50 - [TEST_STEP][PASSED] - click: Object: 'Object Repository/Final Object Repo/New Registration - Registration Module Pages/Third Screen - Upload Supporting Doc- Preview/Save n Continue in SIP Employee Listing Page' is clicked on

2019-01-03 20:45:56 - [MESSAGE][PASSED] - Object: 'Object Repository/Final Object Repo/New Registration - Registration Module Pages/Third Screen - Upload Supporting Doc- Preview/Save n Continue in SIP Employee Listing Page' is clicked on

2019-01-03 20:45:56 - [TEST_STEP][PASSED] - delay: Delayed 7 second(s)

2019-01-03 20:46:03 - [MESSAGE][PASSED] - Delayed 7 second(s)

2019-01-03 20:46:03 - [TEST_STEP][PASSED] - click: Object: 'Object Repository/Final Object Repo/New Registration - Registration Module Pages/Third Screen - Upload Supporting Doc- Preview/Add Document Button' is clicked on

2019-01-03 20:46:03 - [MESSAGE][PASSED] - Object: 'Object Repository/Final Object Repo/New Registration - Registration Module Pages/Third Screen - Upload Supporting Doc- Preview/Add Document Button' is clicked on

2019-01-03 20:46:03 - [TEST_STEP][PASSED] - delay: Delayed 30 second(s)

2019-01-03 20:46:33 - [MESSAGE][PASSED] - Delayed 30 second(s)

2019-01-03 20:46:33 - [TEST_STEP][PASSED] - click: Object: 'Object Repository/Final Object Repo/New Registration - Registration Module Pages/Third Screen - Upload Supporting Doc- Preview/Supporting Doc Please Select Drop Down' is clicked on

2019-01-03 20:46:33 - [MESSAGE][PASSED] - Object: 'Object Repository/Final Object Repo/New Registration - Registration Module Pages/Third Screen - Upload Supporting Doc- Preview/Supporting Doc Please Select Drop Down' is clicked on

2019-01-03 20:46:33 - [TEST_STEP][PASSED] - delay: Delayed 2 second(s)

2019-01-03 20:46:35 - [MESSAGE][PASSED] - Delayed 2 second(s)

2019-01-03 20:46:35 - [TEST_STEP][PASSED] - click: Object: 'Object Repository/Final Object Repo/New Registration - Registration Module Pages/Third Screen - Upload Supporting Doc- Preview/Select to Upload Form 1' is clicked on

2019-01-03 20:46:35 - [MESSAGE][PASSED] - Object: 'Object Repository/Final Object Repo/New Registration - Registration Module Pages/Third Screen - Upload Supporting Doc- Preview/Select to Upload Form 1' is clicked on

2019-01-03 20:46:35 - [TEST_STEP][PASSED] - delay: Delayed 2 second(s)

2019-01-03 20:46:37 - [MESSAGE][PASSED] - Delayed 2 second(s)

2019-01-03 20:46:37 - [TEST_STEP][PASSED] - uploadFile: File 'C:\Users\Public\Pictures\Sample Pictures\Koala.jpg' sent to object: 'Object Repository/Final Object Repo/New Registration - Registration Module Pages/Third Screen - Upload Supporting Doc- Preview/Upload File Adding'

2019-01-03 20:46:37 - [MESSAGE][PASSED] - File 'C:\Users\Public\Pictures\Sample Pictures\Koala.jpg' sent to object: 'Object Repository/Final Object Repo/New Registration - Registration Module Pages/Third Screen - Upload Supporting Doc- Preview/Upload File Adding'

2019-01-03 20:46:37 - [TEST_STEP][PASSED] - delay: Delayed 5 second(s)

2019-01-03 20:46:42 - [MESSAGE][PASSED] - Delayed 5 second(s)

2019-01-03 20:46:42 - [TEST_STEP][PASSED] - click: Object: 'Object Repository/Final Object Repo/New Registration - Registration Module Pages/Third Screen - Upload Supporting Doc- Preview/Inner Form Add Document Button' is clicked on

2019-01-03 20:46:43 - [MESSAGE][PASSED] - Object: 'Object Repository/Final Object Repo/New Registration - Registration Module Pages/Third Screen - Upload Supporting Doc- Preview/Inner Form Add Document Button' is clicked on

2019-01-03 20:46:43 - [TEST_STEP][PASSED] - delay: Delayed 3 second(s)

2019-01-03 20:46:46 - [MESSAGE][PASSED] - Delayed 3 second(s)

2019-01-03 20:46:46 - [TEST_STEP][PASSED] - click: Object: 'Object Repository/Final Object Repo/New Registration - Registration Module Pages/Third Screen - Upload Supporting Doc- Preview/Add Document Button' is clicked on

2019-01-03 20:46:47 - [MESSAGE][PASSED] - Object: 'Object Repository/Final Object Repo/New Registration - Registration Module Pages/Third Screen - Upload Supporting Doc- Preview/Add Document Button' is clicked on

2019-01-03 20:46:47 - [TEST_STEP][PASSED] - delay: Delayed 30 second(s)

2019-01-03 20:47:17 - [MESSAGE][PASSED] - Delayed 30 second(s)

2019-01-03 20:47:17 - [TEST_STEP][PASSED] - click: Object: 'Object Repository/Final Object Repo/New Registration - Registration Module Pages/Third Screen - Upload Supporting Doc- Preview/Supporting Doc Please Select Drop Down' is clicked on

2019-01-03 20:47:17 - [MESSAGE][PASSED] - Object: 'Object Repository/Final Object Repo/New Registration - Registration Module Pages/Third Screen - Upload Supporting Doc- Preview/Supporting Doc Please Select Drop Down' is clicked on

2019-01-03 20:47:17 - [TEST_STEP][PASSED] - delay: Delayed 4 second(s)

2019-01-03 20:47:21 - [MESSAGE][PASSED] - Delayed 4 second(s)

2019-01-03 20:47:21 - [TEST_STEP][PASSED] - click: Object: 'Object Repository/Final Object Repo/New Registration - Registration Module Pages/Third Screen - Upload Supporting Doc- Preview/Select to Upload Form 2' is clicked on

2019-01-03 20:47:21 - [MESSAGE][PASSED] - Object: 'Object Repository/Final Object Repo/New Registration - Registration Module Pages/Third Screen - Upload Supporting Doc- Preview/Select to Upload Form 2' is clicked on

2019-01-03 20:47:21 - [TEST_STEP][PASSED] - delay: Delayed 2 second(s)

2019-01-03 20:47:23 - [MESSAGE][PASSED] - Delayed 2 second(s)

2019-01-03 20:47:23 - [TEST_STEP][PASSED] - uploadFile: File 'C:\Users\Public\Pictures\Sample Pictures\Koala.jpg' sent to object: 'Object Repository/Final Object Repo/New Registration - Registration Module Pages/Third Screen - Upload Supporting Doc- Preview/Upload File Adding'

2019-01-03 20:47:23 - [MESSAGE][PASSED] - File 'C:\Users\Public\Pictures\Sample Pictures\Koala.jpg' sent to object: 'Object Repository/Final Object Repo/New Registration - Registration Module Pages/Third Screen - Upload Supporting Doc- Preview/Upload File Adding'

2019-01-03 20:47:23 - [TEST_STEP][PASSED] - click: Object: 'Object Repository/Final Object Repo/New Registration - Registration Module Pages/Third Screen - Upload Supporting Doc- Preview/Inner Form Add Document Button' is clicked on

2019-01-03 20:47:24 - [MESSAGE][PASSED] - Object: 'Object Repository/Final Object Repo/New Registration - Registration Module Pages/Third Screen - Upload Supporting Doc- Preview/Inner Form Add Document Button' is clicked on

2019-01-03 20:47:24 - [TEST_STEP][PASSED] - delay: Delayed 5 second(s)

2019-01-03 20:47:29 - [MESSAGE][PASSED] - Delayed 5 second(s)

2019-01-03 20:47:29 - [TEST_STEP][PASSED] - click: Object: 'Object Repository/Final Object Repo/New Registration - Registration Module Pages/Third Screen - Upload Supporting Doc- Preview/Add Document Button' is clicked on

2019-01-03 20:47:29 - [MESSAGE][PASSED] - Object: 'Object Repository/Final Object Repo/New Registration - Registration Module Pages/Third Screen - Upload Supporting Doc- Preview/Add Document Button' is clicked on

2019-01-03 20:47:29 - [TEST_STEP][PASSED] - delay: Delayed 30 second(s)

2019-01-03 20:47:59 - [MESSAGE][PASSED] - Delayed 30 second(s)

2019-01-03 20:47:59 - [TEST_STEP][PASSED] - click: Object: 'Object Repository/Final Object Repo/New Registration - Registration Module Pages/Third Screen - Upload Supporting Doc- Preview/Supporting Doc Please Select Drop Down' is clicked on

2019-01-03 20:47:59 - [MESSAGE][PASSED] - Object: 'Object Repository/Final Object Repo/New Registration - Registration Module Pages/Third Screen - Upload Supporting Doc- Preview/Supporting Doc Please Select Drop Down' is clicked on

2019-01-03 20:47:59 - [TEST_STEP][PASSED] - click: Object: 'Object Repository/Final Object Repo/New Registration - Registration Module Pages/Third Screen - Upload Supporting Doc- Preview/Select to Upload Borang SIP 1' is clicked on

2019-01-03 20:47:59 - [MESSAGE][PASSED] - Object: 'Object Repository/Final Object Repo/New Registration - Registration Module Pages/Third Screen - Upload Supporting Doc- Preview/Select to Upload Borang SIP 1' is clicked on

2019-01-03 20:47:59 - [TEST_STEP][PASSED] - delay: Delayed 2 second(s)

2019-01-03 20:48:01 - [MESSAGE][PASSED] - Delayed 2 second(s)

2019-01-03 20:48:01 - [TEST_STEP][PASSED] - uploadFile: File 'C:\Users\Public\Pictures\Sample Pictures\Koala.jpg' sent to object: 'Object Repository/Final Object Repo/New Registration - Registration Module Pages/Third Screen - Upload Supporting Doc- Preview/Upload File Adding'

2019-01-03 20:48:01 - [MESSAGE][PASSED] - File 'C:\Users\Public\Pictures\Sample Pictures\Koala.jpg' sent to object: 'Object Repository/Final Object Repo/New Registration - Registration Module Pages/Third Screen - Upload Supporting Doc- Preview/Upload File Adding'

2019-01-03 20:48:01 - [TEST_STEP][PASSED] - click: Object: 'Object Repository/Final Object Repo/New Registration - Registration Module Pages/Third Screen - Upload Supporting Doc- Preview/Inner Form Add Document Button' is clicked on

2019-01-03 20:48:01 - [MESSAGE][PASSED] - Object: 'Object Repository/Final Object Repo/New Registration - Registration Module Pages/Third Screen - Upload Supporting Doc- Preview/Inner Form Add Document Button' is clicked on

2019-01-03 20:48:01 - [TEST_STEP][PASSED] - delay: Delayed 5 second(s)

2019-01-03 20:48:06 - [MESSAGE][PASSED] - Delayed 5 second(s)

2019-01-03 20:48:06 - [TEST_STEP][PASSED] - click: Object: 'Object Repository/Final Object Repo/New Registration - Registration Module Pages/Third Screen - Upload Supporting Doc- Preview/Add Document Button' is clicked on

2019-01-03 20:48:07 - [MESSAGE][PASSED] - Object: 'Object Repository/Final Object Repo/New Registration - Registration Module Pages/Third Screen - Upload Supporting Doc- Preview/Add Document Button' is clicked on

2019-01-03 20:48:07 - [TEST_STEP][PASSED] - delay: Delayed 30 second(s)

2019-01-03 20:48:37 - [MESSAGE][PASSED] - Delayed 30 second(s)

2019-01-03 20:48:37 - [TEST_STEP][PASSED] - click: Object: 'Object Repository/Final Object Repo/New Registration - Registration Module Pages/Third Screen - Upload Supporting Doc- Preview/Supporting Doc Please Select Drop Down' is clicked on

2019-01-03 20:48:37 - [MESSAGE][PASSED] - Object: 'Object Repository/Final Object Repo/New Registration - Registration Module Pages/Third Screen - Upload Supporting Doc- Preview/Supporting Doc Please Select Drop Down' is clicked on

2019-01-03 20:48:37 - [TEST_STEP][PASSED] - delay: Delayed 3 second(s)

2019-01-03 20:48:40 - [MESSAGE][PASSED] - Delayed 3 second(s)

2019-01-03 20:48:40 - [TEST_STEP][PASSED] - click: Object: 'Object Repository/Final Object Repo/New Registration - Registration Module Pages/Third Screen - Upload Supporting Doc- Preview/Select to Upload Borang SIP 2' is clicked on

2019-01-03 20:48:40 - [MESSAGE][PASSED] - Object: 'Object Repository/Final Object Repo/New Registration - Registration Module Pages/Third Screen - Upload Supporting Doc- Preview/Select to Upload Borang SIP 2' is clicked on

2019-01-03 20:48:40 - [TEST_STEP][PASSED] - delay: Delayed 2 second(s)

2019-01-03 20:48:42 - [MESSAGE][PASSED] - Delayed 2 second(s)

2019-01-03 20:48:42 - [TEST_STEP][PASSED] - uploadFile: File 'C:\Users\Public\Pictures\Sample Pictures\Koala.jpg' sent to object: 'Object Repository/Final Object Repo/New Registration - Registration Module Pages/Third Screen - Upload Supporting Doc- Preview/Upload File Adding'

2019-01-03 20:48:42 - [MESSAGE][PASSED] - File 'C:\Users\Public\Pictures\Sample Pictures\Koala.jpg' sent to object: 'Object Repository/Final Object Repo/New Registration - Registration Module Pages/Third Screen - Upload Supporting Doc- Preview/Upload File Adding'

2019-01-03 20:48:42 - [TEST_STEP][PASSED] - delay: Delayed 5 second(s)

2019-01-03 20:48:47 - [MESSAGE][PASSED] - Delayed 5 second(s)

2019-01-03 20:48:47 - [TEST_STEP][PASSED] - click: Object: 'Object Repository/Final Object Repo/New Registration - Registration Module Pages/Third Screen - Upload Supporting Doc- Preview/Inner Form Add Document Button' is clicked on

2019-01-03 20:48:47 - [MESSAGE][PASSED] - Object: 'Object Repository/Final Object Repo/New Registration - Registration Module Pages/Third Screen - Upload Supporting Doc- Preview/Inner Form Add Document Button' is clicked on

2019-01-03 20:48:47 - [TEST_STEP][PASSED] - delay: Delayed 3 second(s)

2019-01-03 20:48:50 - [MESSAGE][PASSED] - Delayed 3 second(s)

2019-01-03 20:48:50 - [TEST_STEP][PASSED] - waitForElementClickable: Object 'Object Repository/Final Object Repo/New Registration - Registration Module Pages/Third Screen - Upload Supporting Doc- Preview/Save n Continue in Uploading Supporting Doc Page' is clickable

2019-01-03 20:48:51 - [MESSAGE][PASSED] - Object 'Object Repository/Final Object Repo/New Registration - Registration Module Pages/Third Screen - Upload Supporting Doc- Preview/Save n Continue in Uploading Supporting Doc Page' is clickable

2019-01-03 20:48:51 - [TEST_STEP][PASSED] - click: Object: 'Object Repository/Final Object Repo/New Registration - Registration Module Pages/Third Screen - Upload Supporting Doc- Preview/Save n Continue in Uploading Supporting Doc Page' is clicked on

2019-01-03 20:48:52 - [MESSAGE][PASSED] - Object: 'Object Repository/Final Object Repo/New Registration - Registration Module Pages/Third Screen - Upload Supporting Doc- Preview/Save n Continue in Uploading Supporting Doc Page' is clicked on

2019-01-03 20:48:52 - [MESSAGE][PASSED] - Call Test Case 'Test Cases/Final Aug 2018 - PKS Automation/Registration Module/New Registration/Flow of New Registration/Third Screen - Upload Supporting Doc - Preview' successfully

2019-01-03 20:48:52 - [TEST_STEP][PASSED] - setText: Text 'Tester' is set on object 'Object Repository/Final Object Repo/New Registration - Registration Module Pages/New Reg - OTC to RO/Special Case - All Related Objects/Employer Preview Name'

2019-01-03 20:48:56 - [MESSAGE][PASSED] - Text 'Tester' is set on object 'Object Repository/Final Object Repo/New Registration - Registration Module Pages/New Reg - OTC to RO/Special Case - All Related Objects/Employer Preview Name'

2019-01-03 20:48:56 - [TEST_STEP][PASSED] - click: Object: 'Object Repository/Final Object Repo/New Registration - Registration Module Pages/New Reg - OTC to RO/Special Case - All Related Objects/IC Type Drop Down' is clicked on

2019-01-03 20:48:56 - [MESSAGE][PASSED] - Object: 'Object Repository/Final Object Repo/New Registration - Registration Module Pages/New Reg - OTC to RO/Special Case - All Related Objects/IC Type Drop Down' is clicked on

2019-01-03 20:48:56 - [TEST_STEP][PASSED] - click: Object: 'Object Repository/Final Object Repo/New Registration - Registration Module Pages/New Reg - OTC to RO/Special Case - All Related Objects/Select to NRIC' is clicked on

2019-01-03 20:48:57 - [MESSAGE][PASSED] - Object: 'Object Repository/Final Object Repo/New Registration - Registration Module Pages/New Reg - OTC to RO/Special Case - All Related Objects/Select to NRIC' is clicked on

2019-01-03 20:48:57 - [TEST_STEP][PASSED] - setText: Text '133245561223' is set on object 'Object Repository/Final Object Repo/New Registration - Registration Module Pages/New Reg - OTC to RO/Special Case - All Related Objects/IC Value'

2019-01-03 20:48:57 - [MESSAGE][PASSED] - Text '133245561223' is set on object 'Object Repository/Final Object Repo/New Registration - Registration Module Pages/New Reg - OTC to RO/Special Case - All Related Objects/IC Value'

2019-01-03 20:48:57 - [TEST_STEP][PASSED] - setText: Text 'Auto' is set on object 'Object Repository/Final Object Repo/New Registration - Registration Module Pages/New Reg - OTC to RO/Special Case - All Related Objects/Designation'

2019-01-03 20:48:57 - [MESSAGE][PASSED] - Text 'Auto' is set on object 'Object Repository/Final Object Repo/New Registration - Registration Module Pages/New Reg - OTC to RO/Special Case - All Related Objects/Designation'

2019-01-03 20:48:57 - [TEST_STEP][PASSED] - callTestCase: Call Test Case 'Test Cases/Final Aug 2018 - PKS Automation/Registration Module/New Registration/Submit and Screenshot/Submit Registration and Screenshot - Copy' successfully

2019-01-03 20:48:57 - [TEST_CASE][PASSED] - Test Cases/Final Aug 2018 - PKS Automation/Registration Module/New Registration/Submit and Screenshot/Submit Registration and Screenshot - Copy: Test Cases/Final Aug 2018 - PKS Automation/Registration Module/New Registration/Submit and Screenshot/Submit Registration and Screenshot - Copy

2019-01-03 20:48:57 - [TEST_STEP][PASSED] - delay: Delayed 6 second(s)

2019-01-03 20:49:03 - [MESSAGE][PASSED] - Delayed 6 second(s)

2019-01-03 20:49:03 - [TEST_STEP][PASSED] - click: Object: 'Object Repository/Final Object Repo/New Registration - Registration Module Pages/Third Screen - Upload Supporting Doc- Preview/Preview Submit Button' is clicked on

2019-01-03 20:49:03 - [MESSAGE][PASSED] - Object: 'Object Repository/Final Object Repo/New Registration - Registration Module Pages/Third Screen - Upload Supporting Doc- Preview/Preview Submit Button' is clicked on

2019-01-03 20:49:03 - [TEST_STEP][PASSED] - delay: Delayed 2 second(s)

2019-01-03 20:49:05 - [MESSAGE][PASSED] - Delayed 2 second(s)

2019-01-03 20:49:05 - [TEST_STEP][PASSED] - click: Object: 'Object Repository/Final Object Repo/New Registration - Registration Module Pages/Third Screen - Upload Supporting Doc- Preview/Preview Submit - Confirm' is clicked on

2019-01-03 20:49:05 - [MESSAGE][PASSED] - Object: 'Object Repository/Final Object Repo/New Registration - Registration Module Pages/Third Screen - Upload Supporting Doc- Preview/Preview Submit - Confirm' is clicked on

2019-01-03 20:49:05 - [TEST_STEP][PASSED] - delay: Delayed 15 second(s)

2019-01-03 20:49:20 - [MESSAGE][PASSED] - Delayed 15 second(s)

2019-01-03 20:49:20 - [TEST_STEP][PASSED] - Statement - driver = com.kms.katalon.core.webui.driver.DriverFactory.getWebDriver(): null

2019-01-03 20:49:20 - [TEST_STEP][PASSED] - Statement - driver.manage().timeouts().implicitlyWait(10, SECONDS): null

2019-01-03 20:49:20 - [TEST_STEP][PASSED] - Statement - PresavePath = KatalonScreenshots: null

2019-01-03 20:49:20 - [TEST_STEP][PASSED] - Statement - pathPrefix = "C:\Users\Public\Pictures\Sample Pictures\Katalon Screenshots\Automate Ending Screen": null

2019-01-03 20:49:20 - [TEST_STEP][PASSED] - Statement - finalPath = <not implemented yet for class: org.codehaus.groovy.ast.expr.EmptyExpression>: null

2019-01-03 20:49:20 - [TEST_STEP][PASSED] - Statement - scrFile = driver.getScreenshotAs(FILE): null

2019-01-03 20:49:21 - [TEST_STEP][PASSED] - Statement - PreSaveFile = new java.io.File(PresavePath): null

2019-01-03 20:49:21 - [TEST_STEP][PASSED] - Statement - counter = 0: null

2019-01-03 20:49:21 - [TEST_STEP][PASSED] - Statement - If (PreSaveFile.exists()): null

2019-01-03 20:49:21 - [TEST_STEP][PASSED] - Statement - While (PreSaveFile.exists()): null

2019-01-03 20:49:21 - [TEST_STEP][PASSED] - Statement - counter = counter + 1: null

2019-01-03 20:49:21 - [TEST_STEP][PASSED] - Statement - PreSaveFile = new java.io.File(((pathPrefix + java.lang.Integer.toString(counter)) + .png)): null

2019-01-03 20:49:21 - [TEST_STEP][PASSED] - Statement - counter = counter + 1: null

2019-01-03 20:49:21 - [TEST_STEP][PASSED] - Statement - PreSaveFile = new java.io.File(((pathPrefix + java.lang.Integer.toString(counter)) + .png)): null

2019-01-03 20:49:21 - [TEST_STEP][PASSED] - Statement - counter = counter + 1: null

2019-01-03 20:49:21 - [TEST_STEP][PASSED] - Statement - PreSaveFile = new java.io.File(((pathPrefix + java.lang.Integer.toString(counter)) + .png)): null

2019-01-03 20:49:21 - [TEST_STEP][PASSED] - Statement - counter = counter + 1: null

2019-01-03 20:49:21 - [TEST_STEP][PASSED] - Statement - PreSaveFile = new java.io.File(((pathPrefix + java.lang.Integer.toString(counter)) + .png)): null

2019-01-03 20:49:21 - [TEST_STEP][PASSED] - Statement - counter = counter + 1: null

2019-01-03 20:49:21 - [TEST_STEP][PASSED] - Statement - PreSaveFile = new java.io.File(((pathPrefix + java.lang.Integer.toString(counter)) + .png)): null

2019-01-03 20:49:21 - [TEST_STEP][PASSED] - Statement - counter = counter + 1: null

2019-01-03 20:49:21 - [TEST_STEP][PASSED] - Statement - PreSaveFile = new java.io.File(((pathPrefix + java.lang.Integer.toString(counter)) + .png)): null

2019-01-03 20:49:21 - [TEST_STEP][PASSED] - Statement - counter = counter + 1: null

2019-01-03 20:49:21 - [TEST_STEP][PASSED] - Statement - PreSaveFile = new java.io.File(((pathPrefix + java.lang.Integer.toString(counter)) + .png)): null

2019-01-03 20:49:21 - [TEST_STEP][PASSED] - Statement - counter = counter + 1: null

2019-01-03 20:49:21 - [TEST_STEP][PASSED] - Statement - PreSaveFile = new java.io.File(((pathPrefix + java.lang.Integer.toString(counter)) + .png)): null

2019-01-03 20:49:21 - [TEST_STEP][PASSED] - Statement - counter = counter + 1: null

2019-01-03 20:49:21 - [TEST_STEP][PASSED] - Statement - PreSaveFile = new java.io.File(((pathPrefix + java.lang.Integer.toString(counter)) + .png)): null

2019-01-03 20:49:21 - [TEST_STEP][PASSED] - Statement - counter = counter + 1: null

2019-01-03 20:49:21 - [TEST_STEP][PASSED] - Statement - PreSaveFile = new java.io.File(((pathPrefix + java.lang.Integer.toString(counter)) + .png)): null

2019-01-03 20:49:21 - [TEST_STEP][PASSED] - Statement - counter = counter + 1: null

2019-01-03 20:49:21 - [TEST_STEP][PASSED] - Statement - PreSaveFile = new java.io.File(((pathPrefix + java.lang.Integer.toString(counter)) + .png)): null

2019-01-03 20:49:21 - [TEST_STEP][PASSED] - Statement - counter = counter + 1: null

2019-01-03 20:49:21 - [TEST_STEP][PASSED] - Statement - PreSaveFile = new java.io.File(((pathPrefix + java.lang.Integer.toString(counter)) + .png)): null

2019-01-03 20:49:21 - [TEST_STEP][PASSED] - Statement - counter = counter + 1: null

2019-01-03 20:49:21 - [TEST_STEP][PASSED] - Statement - PreSaveFile = new java.io.File(((pathPrefix + java.lang.Integer.toString(counter)) + .png)): null

2019-01-03 20:49:21 - [TEST_STEP][PASSED] - Statement - counter = counter + 1: null

2019-01-03 20:49:21 - [TEST_STEP][PASSED] - Statement - PreSaveFile = new java.io.File(((pathPrefix + java.lang.Integer.toString(counter)) + .png)): null

2019-01-03 20:49:21 - [TEST_STEP][PASSED] - Statement - counter = counter + 1: null

2019-01-03 20:49:21 - [TEST_STEP][PASSED] - Statement - PreSaveFile = new java.io.File(((pathPrefix + java.lang.Integer.toString(counter)) + .png)): null

2019-01-03 20:49:21 - [TEST_STEP][PASSED] - Statement - counter = counter + 1: null

2019-01-03 20:49:21 - [TEST_STEP][PASSED] - Statement - PreSaveFile = new java.io.File(((pathPrefix + java.lang.Integer.toString(counter)) + .png)): null

2019-01-03 20:49:21 - [TEST_STEP][PASSED] - Statement - counter = counter + 1: null

2019-01-03 20:49:21 - [TEST_STEP][PASSED] - Statement - PreSaveFile = new java.io.File(((pathPrefix + java.lang.Integer.toString(counter)) + .png)): null

2019-01-03 20:49:21 - [TEST_STEP][PASSED] - Statement - counter = counter + 1: null

2019-01-03 20:49:21 - [TEST_STEP][PASSED] - Statement - PreSaveFile = new java.io.File(((pathPrefix + java.lang.Integer.toString(counter)) + .png)): null

2019-01-03 20:49:21 - [TEST_STEP][PASSED] - Statement - counter = counter + 1: null

2019-01-03 20:49:21 - [TEST_STEP][PASSED] - Statement - PreSaveFile = new java.io.File(((pathPrefix + java.lang.Integer.toString(counter)) + .png)): null

2019-01-03 20:49:21 - [TEST_STEP][PASSED] - Statement - counter = counter + 1: null

2019-01-03 20:49:21 - [TEST_STEP][PASSED] - Statement - PreSaveFile = new java.io.File(((pathPrefix + java.lang.Integer.toString(counter)) + .png)): null

2019-01-03 20:49:21 - [TEST_STEP][PASSED] - Statement - counter = counter + 1: null

2019-01-03 20:49:21 - [TEST_STEP][PASSED] - Statement - PreSaveFile = new java.io.File(((pathPrefix + java.lang.Integer.toString(counter)) + .png)): null

2019-01-03 20:49:21 - [TEST_STEP][PASSED] - Statement - counter = counter + 1: null

2019-01-03 20:49:21 - [TEST_STEP][PASSED] - Statement - PreSaveFile = new java.io.File(((pathPrefix + java.lang.Integer.toString(counter)) + .png)): null

2019-01-03 20:49:21 - [TEST_STEP][PASSED] - Statement - counter = counter + 1: null

2019-01-03 20:49:21 - [TEST_STEP][PASSED] - Statement - PreSaveFile = new java.io.File(((pathPrefix + java.lang.Integer.toString(counter)) + .png)): null

2019-01-03 20:49:21 - [TEST_STEP][PASSED] - Statement - counter = counter + 1: null

2019-01-03 20:49:21 - [TEST_STEP][PASSED] - Statement - PreSaveFile = new java.io.File(((pathPrefix + java.lang.Integer.toString(counter)) + .png)): null

2019-01-03 20:49:21 - [TEST_STEP][PASSED] - Statement - counter = counter + 1: null

2019-01-03 20:49:21 - [TEST_STEP][PASSED] - Statement - PreSaveFile = new java.io.File(((pathPrefix + java.lang.Integer.toString(counter)) + .png)): null

2019-01-03 20:49:21 - [TEST_STEP][PASSED] - Statement - counter = counter + 1: null

2019-01-03 20:49:21 - [TEST_STEP][PASSED] - Statement - PreSaveFile = new java.io.File(((pathPrefix + java.lang.Integer.toString(counter)) + .png)): null

2019-01-03 20:49:21 - [TEST_STEP][PASSED] - Statement - counter = counter + 1: null

2019-01-03 20:49:21 - [TEST_STEP][PASSED] - Statement - PreSaveFile = new java.io.File(((pathPrefix + java.lang.Integer.toString(counter)) + .png)): null

2019-01-03 20:49:21 - [TEST_STEP][PASSED] - Statement - counter = counter + 1: null

2019-01-03 20:49:21 - [TEST_STEP][PASSED] - Statement - PreSaveFile = new java.io.File(((pathPrefix + java.lang.Integer.toString(counter)) + .png)): null

2019-01-03 20:49:21 - [TEST_STEP][PASSED] - Statement - counter = counter + 1: null

2019-01-03 20:49:21 - [TEST_STEP][PASSED] - Statement - PreSaveFile = new java.io.File(((pathPrefix + java.lang.Integer.toString(counter)) + .png)): null

2019-01-03 20:49:21 - [TEST_STEP][PASSED] - Statement - counter = counter + 1: null

2019-01-03 20:49:21 - [TEST_STEP][PASSED] - Statement - PreSaveFile = new java.io.File(((pathPrefix + java.lang.Integer.toString(counter)) + .png)): null

2019-01-03 20:49:21 - [TEST_STEP][PASSED] - Statement - counter = counter + 1: null

2019-01-03 20:49:21 - [TEST_STEP][PASSED] - Statement - PreSaveFile = new java.io.File(((pathPrefix + java.lang.Integer.toString(counter)) + .png)): null

2019-01-03 20:49:21 - [TEST_STEP][PASSED] - Statement - counter = counter + 1: null

2019-01-03 20:49:21 - [TEST_STEP][PASSED] - Statement - PreSaveFile = new java.io.File(((pathPrefix + java.lang.Integer.toString(counter)) + .png)): null

2019-01-03 20:49:21 - [TEST_STEP][PASSED] - Statement - counter = counter + 1: null

2019-01-03 20:49:21 - [TEST_STEP][PASSED] - Statement - PreSaveFile = new java.io.File(((pathPrefix + java.lang.Integer.toString(counter)) + .png)): null

2019-01-03 20:49:21 - [TEST_STEP][PASSED] - Statement - counter = counter + 1: null

2019-01-03 20:49:21 - [TEST_STEP][PASSED] - Statement - PreSaveFile = new java.io.File(((pathPrefix + java.lang.Integer.toString(counter)) + .png)): null

2019-01-03 20:49:21 - [TEST_STEP][PASSED] - Statement - counter = counter + 1: null

2019-01-03 20:49:21 - [TEST_STEP][PASSED] - Statement - PreSaveFile = new java.io.File(((pathPrefix + java.lang.Integer.toString(counter)) + .png)): null

2019-01-03 20:49:21 - [TEST_STEP][PASSED] - Statement - counter = counter + 1: null

2019-01-03 20:49:21 - [TEST_STEP][PASSED] - Statement - PreSaveFile = new java.io.File(((pathPrefix + java.lang.Integer.toString(counter)) + .png)): null

2019-01-03 20:49:21 - [TEST_STEP][PASSED] - Statement - counter = counter + 1: null

2019-01-03 20:49:21 - [TEST_STEP][PASSED] - Statement - PreSaveFile = new java.io.File(((pathPrefix + java.lang.Integer.toString(counter)) + .png)): null

2019-01-03 20:49:21 - [TEST_STEP][PASSED] - Statement - counter = counter + 1: null

2019-01-03 20:49:21 - [TEST_STEP][PASSED] - Statement - PreSaveFile = new java.io.File(((pathPrefix + java.lang.Integer.toString(counter)) + .png)): null

2019-01-03 20:49:21 - [TEST_STEP][PASSED] - Statement - counter = counter + 1: null

2019-01-03 20:49:21 - [TEST_STEP][PASSED] - Statement - PreSaveFile = new java.io.File(((pathPrefix + java.lang.Integer.toString(counter)) + .png)): null

2019-01-03 20:49:21 - [TEST_STEP][PASSED] - Statement - counter = counter + 1: null

2019-01-03 20:49:21 - [TEST_STEP][PASSED] - Statement - PreSaveFile = new java.io.File(((pathPrefix + java.lang.Integer.toString(counter)) + .png)): null

2019-01-03 20:49:21 - [TEST_STEP][PASSED] - Statement - counter = counter + 1: null

2019-01-03 20:49:21 - [TEST_STEP][PASSED] - Statement - PreSaveFile = new java.io.File(((pathPrefix + java.lang.Integer.toString(counter)) + .png)): null

2019-01-03 20:49:21 - [TEST_STEP][PASSED] - Statement - counter = counter + 1: null

2019-01-03 20:49:21 - [TEST_STEP][PASSED] - Statement - PreSaveFile = new java.io.File(((pathPrefix + java.lang.Integer.toString(counter)) + .png)): null

2019-01-03 20:49:21 - [TEST_STEP][PASSED] - Statement - counter = counter + 1: null

2019-01-03 20:49:21 - [TEST_STEP][PASSED] - Statement - PreSaveFile = new java.io.File(((pathPrefix + java.lang.Integer.toString(counter)) + .png)): null

2019-01-03 20:49:21 - [TEST_STEP][PASSED] - Statement - counter = counter + 1: null

2019-01-03 20:49:21 - [TEST_STEP][PASSED] - Statement - PreSaveFile = new java.io.File(((pathPrefix + java.lang.Integer.toString(counter)) + .png)): null

2019-01-03 20:49:21 - [TEST_STEP][PASSED] - Statement - counter = counter + 1: null

2019-01-03 20:49:21 - [TEST_STEP][PASSED] - Statement - PreSaveFile = new java.io.File(((pathPrefix + java.lang.Integer.toString(counter)) + .png)): null

2019-01-03 20:49:21 - [TEST_STEP][PASSED] - Statement - counter = counter + 1: null

2019-01-03 20:49:21 - [TEST_STEP][PASSED] - Statement - PreSaveFile = new java.io.File(((pathPrefix + java.lang.Integer.toString(counter)) + .png)): null

2019-01-03 20:49:21 - [TEST_STEP][PASSED] - Statement - counter = counter + 1: null

2019-01-03 20:49:21 - [TEST_STEP][PASSED] - Statement - PreSaveFile = new java.io.File(((pathPrefix + java.lang.Integer.toString(counter)) + .png)): null

2019-01-03 20:49:21 - [TEST_STEP][PASSED] - Statement - counter = counter + 1: null

2019-01-03 20:49:21 - [TEST_STEP][PASSED] - Statement - PreSaveFile = new java.io.File(((pathPrefix + java.lang.Integer.toString(counter)) + .png)): null

2019-01-03 20:49:21 - [TEST_STEP][PASSED] - Statement - counter = counter + 1: null

2019-01-03 20:49:21 - [TEST_STEP][PASSED] - Statement - PreSaveFile = new java.io.File(((pathPrefix + java.lang.Integer.toString(counter)) + .png)): null

2019-01-03 20:49:21 - [TEST_STEP][PASSED] - Statement - counter = counter + 1: null

2019-01-03 20:49:21 - [TEST_STEP][PASSED] - Statement - PreSaveFile = new java.io.File(((pathPrefix + java.lang.Integer.toString(counter)) + .png)): null

2019-01-03 20:49:21 - [TEST_STEP][PASSED] - Statement - counter = counter + 1: null

2019-01-03 20:49:21 - [TEST_STEP][PASSED] - Statement - PreSaveFile = new java.io.File(((pathPrefix + java.lang.Integer.toString(counter)) + .png)): null

2019-01-03 20:49:21 - [TEST_STEP][PASSED] - Statement - counter = counter + 1: null

2019-01-03 20:49:21 - [TEST_STEP][PASSED] - Statement - PreSaveFile = new java.io.File(((pathPrefix + java.lang.Integer.toString(counter)) + .png)): null

2019-01-03 20:49:21 - [TEST_STEP][PASSED] - Statement - counter = counter + 1: null

2019-01-03 20:49:21 - [TEST_STEP][PASSED] - Statement - PreSaveFile = new java.io.File(((pathPrefix + java.lang.Integer.toString(counter)) + .png)): null

2019-01-03 20:49:21 - [TEST_STEP][PASSED] - Statement - counter = counter + 1: null

2019-01-03 20:49:21 - [TEST_STEP][PASSED] - Statement - PreSaveFile = new java.io.File(((pathPrefix + java.lang.Integer.toString(counter)) + .png)): null

2019-01-03 20:49:21 - [TEST_STEP][PASSED] - Statement - counter = counter + 1: null

2019-01-03 20:49:21 - [TEST_STEP][PASSED] - Statement - PreSaveFile = new java.io.File(((pathPrefix + java.lang.Integer.toString(counter)) + .png)): null

2019-01-03 20:49:21 - [TEST_STEP][PASSED] - Statement - counter = counter + 1: null

2019-01-03 20:49:21 - [TEST_STEP][PASSED] - Statement - PreSaveFile = new java.io.File(((pathPrefix + java.lang.Integer.toString(counter)) + .png)): null

2019-01-03 20:49:21 - [TEST_STEP][PASSED] - Statement - counter = counter + 1: null

2019-01-03 20:49:21 - [TEST_STEP][PASSED] - Statement - PreSaveFile = new java.io.File(((pathPrefix + java.lang.Integer.toString(counter)) + .png)): null

2019-01-03 20:49:21 - [TEST_STEP][PASSED] - Statement - counter = counter + 1: null

2019-01-03 20:49:21 - [TEST_STEP][PASSED] - Statement - PreSaveFile = new java.io.File(((pathPrefix + java.lang.Integer.toString(counter)) + .png)): null

2019-01-03 20:49:21 - [TEST_STEP][PASSED] - Statement - counter = counter + 1: null

2019-01-03 20:49:21 - [TEST_STEP][PASSED] - Statement - PreSaveFile = new java.io.File(((pathPrefix + java.lang.Integer.toString(counter)) + .png)): null

2019-01-03 20:49:21 - [TEST_STEP][PASSED] - Statement - counter = counter + 1: null

2019-01-03 20:49:21 - [TEST_STEP][PASSED] - Statement - PreSaveFile = new java.io.File(((pathPrefix + java.lang.Integer.toString(counter)) + .png)): null

2019-01-03 20:49:21 - [TEST_STEP][PASSED] - Statement - counter = counter + 1: null

2019-01-03 20:49:21 - [TEST_STEP][PASSED] - Statement - PreSaveFile = new java.io.File(((pathPrefix + java.lang.Integer.toString(counter)) + .png)): null

2019-01-03 20:49:21 - [TEST_STEP][PASSED] - Statement - counter = counter + 1: null

2019-01-03 20:49:21 - [TEST_STEP][PASSED] - Statement - PreSaveFile = new java.io.File(((pathPrefix + java.lang.Integer.toString(counter)) + .png)): null

2019-01-03 20:49:21 - [TEST_STEP][PASSED] - Statement - counter = counter + 1: null

2019-01-03 20:49:21 - [TEST_STEP][PASSED] - Statement - PreSaveFile = new java.io.File(((pathPrefix + java.lang.Integer.toString(counter)) + .png)): null

2019-01-03 20:49:21 - [TEST_STEP][PASSED] - Statement - counter = counter + 1: null

2019-01-03 20:49:21 - [TEST_STEP][PASSED] - Statement - PreSaveFile = new java.io.File(((pathPrefix + java.lang.Integer.toString(counter)) + .png)): null

2019-01-03 20:49:21 - [TEST_STEP][PASSED] - Statement - counter = counter + 1: null

2019-01-03 20:49:21 - [TEST_STEP][PASSED] - Statement - PreSaveFile = new java.io.File(((pathPrefix + java.lang.Integer.toString(counter)) + .png)): null

2019-01-03 20:49:21 - [TEST_STEP][PASSED] - Statement - counter = counter + 1: null

2019-01-03 20:49:21 - [TEST_STEP][PASSED] - Statement - PreSaveFile = new java.io.File(((pathPrefix + java.lang.Integer.toString(counter)) + .png)): null

2019-01-03 20:49:21 - [TEST_STEP][PASSED] - Statement - counter = counter + 1: null

2019-01-03 20:49:21 - [TEST_STEP][PASSED] - Statement - PreSaveFile = new java.io.File(((pathPrefix + java.lang.Integer.toString(counter)) + .png)): null

2019-01-03 20:49:21 - [TEST_STEP][PASSED] - Statement - counter = counter + 1: null

2019-01-03 20:49:21 - [TEST_STEP][PASSED] - Statement - PreSaveFile = new java.io.File(((pathPrefix + java.lang.Integer.toString(counter)) + .png)): null

2019-01-03 20:49:21 - [TEST_STEP][PASSED] - Statement - counter = counter + 1: null

2019-01-03 20:49:21 - [TEST_STEP][PASSED] - Statement - PreSaveFile = new java.io.File(((pathPrefix + java.lang.Integer.toString(counter)) + .png)): null

2019-01-03 20:49:21 - [TEST_STEP][PASSED] - Statement - counter = counter + 1: null

2019-01-03 20:49:21 - [TEST_STEP][PASSED] - Statement - PreSaveFile = new java.io.File(((pathPrefix + java.lang.Integer.toString(counter)) + .png)): null

2019-01-03 20:49:21 - [TEST_STEP][PASSED] - Statement - counter = counter + 1: null

2019-01-03 20:49:21 - [TEST_STEP][PASSED] - Statement - PreSaveFile = new java.io.File(((pathPrefix + java.lang.Integer.toString(counter)) + .png)): null

2019-01-03 20:49:21 - [TEST_STEP][PASSED] - Statement - counter = counter + 1: null

2019-01-03 20:49:21 - [TEST_STEP][PASSED] - Statement - PreSaveFile = new java.io.File(((pathPrefix + java.lang.Integer.toString(counter)) + .png)): null

2019-01-03 20:49:21 - [TEST_STEP][PASSED] - Statement - counter = counter + 1: null

2019-01-03 20:49:21 - [TEST_STEP][PASSED] - Statement - PreSaveFile = new java.io.File(((pathPrefix + java.lang.Integer.toString(counter)) + .png)): null

2019-01-03 20:49:21 - [TEST_STEP][PASSED] - Statement - counter = counter + 1: null

2019-01-03 20:49:21 - [TEST_STEP][PASSED] - Statement - PreSaveFile = new java.io.File(((pathPrefix + java.lang.Integer.toString(counter)) + .png)): null

2019-01-03 20:49:21 - [TEST_STEP][PASSED] - Statement - counter = counter + 1: null

2019-01-03 20:49:21 - [TEST_STEP][PASSED] - Statement - PreSaveFile = new java.io.File(((pathPrefix + java.lang.Integer.toString(counter)) + .png)): null

2019-01-03 20:49:21 - [TEST_STEP][PASSED] - Statement - counter = counter + 1: null

2019-01-03 20:49:21 - [TEST_STEP][PASSED] - Statement - PreSaveFile = new java.io.File(((pathPrefix + java.lang.Integer.toString(counter)) + .png)): null

2019-01-03 20:49:21 - [TEST_STEP][PASSED] - Statement - counter = counter + 1: null

2019-01-03 20:49:21 - [TEST_STEP][PASSED] - Statement - PreSaveFile = new java.io.File(((pathPrefix + java.lang.Integer.toString(counter)) + .png)): null

2019-01-03 20:49:21 - [TEST_STEP][PASSED] - Statement - counter = counter + 1: null

2019-01-03 20:49:21 - [TEST_STEP][PASSED] - Statement - PreSaveFile = new java.io.File(((pathPrefix + java.lang.Integer.toString(counter)) + .png)): null

2019-01-03 20:49:21 - [TEST_STEP][PASSED] - Statement - counter = counter + 1: null

2019-01-03 20:49:21 - [TEST_STEP][PASSED] - Statement - PreSaveFile = new java.io.File(((pathPrefix + java.lang.Integer.toString(counter)) + .png)): null

2019-01-03 20:49:21 - [TEST_STEP][PASSED] - Statement - counter = counter + 1: null

2019-01-03 20:49:21 - [TEST_STEP][PASSED] - Statement - PreSaveFile = new java.io.File(((pathPrefix + java.lang.Integer.toString(counter)) + .png)): null

2019-01-03 20:49:21 - [TEST_STEP][PASSED] - Statement - counter = counter + 1: null

2019-01-03 20:49:21 - [TEST_STEP][PASSED] - Statement - PreSaveFile = new java.io.File(((pathPrefix + java.lang.Integer.toString(counter)) + .png)): null

2019-01-03 20:49:21 - [TEST_STEP][PASSED] - Statement - counter = counter + 1: null

2019-01-03 20:49:21 - [TEST_STEP][PASSED] - Statement - PreSaveFile = new java.io.File(((pathPrefix + java.lang.Integer.toString(counter)) + .png)): null

2019-01-03 20:49:21 - [TEST_STEP][PASSED] - Statement - counter = counter + 1: null

2019-01-03 20:49:21 - [TEST_STEP][PASSED] - Statement - PreSaveFile = new java.io.File(((pathPrefix + java.lang.Integer.toString(counter)) + .png)): null

2019-01-03 20:49:21 - [TEST_STEP][PASSED] - Statement - counter = counter + 1: null

2019-01-03 20:49:21 - [TEST_STEP][PASSED] - Statement - PreSaveFile = new java.io.File(((pathPrefix + java.lang.Integer.toString(counter)) + .png)): null

2019-01-03 20:49:21 - [TEST_STEP][PASSED] - Statement - counter = counter + 1: null

2019-01-03 20:49:21 - [TEST_STEP][PASSED] - Statement - PreSaveFile = new java.io.File(((pathPrefix + java.lang.Integer.toString(counter)) + .png)): null

2019-01-03 20:49:21 - [TEST_STEP][PASSED] - Statement - counter = counter + 1: null

2019-01-03 20:49:21 - [TEST_STEP][PASSED] - Statement - PreSaveFile = new java.io.File(((pathPrefix + java.lang.Integer.toString(counter)) + .png)): null

2019-01-03 20:49:21 - [TEST_STEP][PASSED] - Statement - counter = counter + 1: null

2019-01-03 20:49:21 - [TEST_STEP][PASSED] - Statement - PreSaveFile = new java.io.File(((pathPrefix + java.lang.Integer.toString(counter)) + .png)): null

2019-01-03 20:49:21 - [TEST_STEP][PASSED] - Statement - counter = counter + 1: null

2019-01-03 20:49:21 - [TEST_STEP][PASSED] - Statement - PreSaveFile = new java.io.File(((pathPrefix + java.lang.Integer.toString(counter)) + .png)): null

2019-01-03 20:49:21 - [TEST_STEP][PASSED] - Statement - counter = counter + 1: null

2019-01-03 20:49:21 - [TEST_STEP][PASSED] - Statement - PreSaveFile = new java.io.File(((pathPrefix + java.lang.Integer.toString(counter)) + .png)): null

2019-01-03 20:49:21 - [TEST_STEP][PASSED] - Statement - counter = counter + 1: null

2019-01-03 20:49:21 - [TEST_STEP][PASSED] - Statement - PreSaveFile = new java.io.File(((pathPrefix + java.lang.Integer.toString(counter)) + .png)): null

2019-01-03 20:49:21 - [TEST_STEP][PASSED] - Statement - counter = counter + 1: null

2019-01-03 20:49:21 - [TEST_STEP][PASSED] - Statement - PreSaveFile = new java.io.File(((pathPrefix + java.lang.Integer.toString(counter)) + .png)): null

2019-01-03 20:49:21 - [TEST_STEP][PASSED] - Statement - counter = counter + 1: null

2019-01-03 20:49:21 - [TEST_STEP][PASSED] - Statement - PreSaveFile = new java.io.File(((pathPrefix + java.lang.Integer.toString(counter)) + .png)): null

2019-01-03 20:49:21 - [TEST_STEP][PASSED] - Statement - counter = counter + 1: null

2019-01-03 20:49:21 - [TEST_STEP][PASSED] - Statement - PreSaveFile = new java.io.File(((pathPrefix + java.lang.Integer.toString(counter)) + .png)): null

2019-01-03 20:49:21 - [TEST_STEP][PASSED] - Statement - counter = counter + 1: null

2019-01-03 20:49:21 - [TEST_STEP][PASSED] - Statement - PreSaveFile = new java.io.File(((pathPrefix + java.lang.Integer.toString(counter)) + .png)): null

2019-01-03 20:49:21 - [TEST_STEP][PASSED] - Statement - counter = counter + 1: null

2019-01-03 20:49:21 - [TEST_STEP][PASSED] - Statement - PreSaveFile = new java.io.File(((pathPrefix + java.lang.Integer.toString(counter)) + .png)): null

2019-01-03 20:49:21 - [TEST_STEP][PASSED] - Statement - counter = counter + 1: null

2019-01-03 20:49:21 - [TEST_STEP][PASSED] - Statement - PreSaveFile = new java.io.File(((pathPrefix + java.lang.Integer.toString(counter)) + .png)): null

2019-01-03 20:49:21 - [TEST_STEP][PASSED] - Statement - counter = counter + 1: null

2019-01-03 20:49:21 - [TEST_STEP][PASSED] - Statement - PreSaveFile = new java.io.File(((pathPrefix + java.lang.Integer.toString(counter)) + .png)): null

2019-01-03 20:49:21 - [TEST_STEP][PASSED] - Statement - counter = counter + 1: null

2019-01-03 20:49:21 - [TEST_STEP][PASSED] - Statement - PreSaveFile = new java.io.File(((pathPrefix + java.lang.Integer.toString(counter)) + .png)): null

2019-01-03 20:49:21 - [TEST_STEP][PASSED] - Statement - counter = counter + 1: null

2019-01-03 20:49:21 - [TEST_STEP][PASSED] - Statement - PreSaveFile = new java.io.File(((pathPrefix + java.lang.Integer.toString(counter)) + .png)): null

2019-01-03 20:49:21 - [TEST_STEP][PASSED] - Statement - counter = counter + 1: null

2019-01-03 20:49:21 - [TEST_STEP][PASSED] - Statement - PreSaveFile = new java.io.File(((pathPrefix + java.lang.Integer.toString(counter)) + .png)): null

2019-01-03 20:49:21 - [TEST_STEP][PASSED] - Statement - counter = counter + 1: null

2019-01-03 20:49:21 - [TEST_STEP][PASSED] - Statement - PreSaveFile = new java.io.File(((pathPrefix + java.lang.Integer.toString(counter)) + .png)): null

2019-01-03 20:49:21 - [TEST_STEP][PASSED] - Statement - counter = counter + 1: null

2019-01-03 20:49:21 - [TEST_STEP][PASSED] - Statement - PreSaveFile = new java.io.File(((pathPrefix + java.lang.Integer.toString(counter)) + .png)): null

2019-01-03 20:49:21 - [TEST_STEP][PASSED] - Statement - counter = counter + 1: null

2019-01-03 20:49:21 - [TEST_STEP][PASSED] - Statement - PreSaveFile = new java.io.File(((pathPrefix + java.lang.Integer.toString(counter)) + .png)): null

2019-01-03 20:49:21 - [TEST_STEP][PASSED] - Statement - counter = counter + 1: null

2019-01-03 20:49:21 - [TEST_STEP][PASSED] - Statement - PreSaveFile = new java.io.File(((pathPrefix + java.lang.Integer.toString(counter)) + .png)): null

2019-01-03 20:49:21 - [TEST_STEP][PASSED] - Statement - counter = counter + 1: null

2019-01-03 20:49:21 - [TEST_STEP][PASSED] - Statement - PreSaveFile = new java.io.File(((pathPrefix + java.lang.Integer.toString(counter)) + .png)): null

2019-01-03 20:49:21 - [TEST_STEP][PASSED] - Statement - counter = counter + 1: null

2019-01-03 20:49:21 - [TEST_STEP][PASSED] - Statement - PreSaveFile = new java.io.File(((pathPrefix + java.lang.Integer.toString(counter)) + .png)): null

2019-01-03 20:49:21 - [TEST_STEP][PASSED] - Statement - counter = counter + 1: null

2019-01-03 20:49:21 - [TEST_STEP][PASSED] - Statement - PreSaveFile = new java.io.File(((pathPrefix + java.lang.Integer.toString(counter)) + .png)): null

2019-01-03 20:49:21 - [TEST_STEP][PASSED] - Statement - counter = counter + 1: null

2019-01-03 20:49:21 - [TEST_STEP][PASSED] - Statement - PreSaveFile = new java.io.File(((pathPrefix + java.lang.Integer.toString(counter)) + .png)): null

2019-01-03 20:49:21 - [TEST_STEP][PASSED] - Statement - counter = counter + 1: null

2019-01-03 20:49:21 - [TEST_STEP][PASSED] - Statement - PreSaveFile = new java.io.File(((pathPrefix + java.lang.Integer.toString(counter)) + .png)): null

2019-01-03 20:49:21 - [TEST_STEP][PASSED] - Statement - counter = counter + 1: null

2019-01-03 20:49:21 - [TEST_STEP][PASSED] - Statement - PreSaveFile = new java.io.File(((pathPrefix + java.lang.Integer.toString(counter)) + .png)): null

2019-01-03 20:49:21 - [TEST_STEP][PASSED] - Statement - counter = counter + 1: null

2019-01-03 20:49:21 - [TEST_STEP][PASSED] - Statement - PreSaveFile = new java.io.File(((pathPrefix + java.lang.Integer.toString(counter)) + .png)): null

2019-01-03 20:49:21 - [TEST_STEP][PASSED] - Statement - counter = counter + 1: null

2019-01-03 20:49:21 - [TEST_STEP][PASSED] - Statement - PreSaveFile = new java.io.File(((pathPrefix + java.lang.Integer.toString(counter)) + .png)): null

2019-01-03 20:49:21 - [TEST_STEP][PASSED] - Statement - counter = counter + 1: null

2019-01-03 20:49:21 - [TEST_STEP][PASSED] - Statement - PreSaveFile = new java.io.File(((pathPrefix + java.lang.Integer.toString(counter)) + .png)): null

2019-01-03 20:49:21 - [TEST_STEP][PASSED] - Statement - counter = counter + 1: null

2019-01-03 20:49:21 - [TEST_STEP][PASSED] - Statement - PreSaveFile = new java.io.File(((pathPrefix + java.lang.Integer.toString(counter)) + .png)): null

2019-01-03 20:49:21 - [TEST_STEP][PASSED] - Statement - counter = counter + 1: null

2019-01-03 20:49:21 - [TEST_STEP][PASSED] - Statement - PreSaveFile = new java.io.File(((pathPrefix + java.lang.Integer.toString(counter)) + .png)): null

2019-01-03 20:49:21 - [TEST_STEP][PASSED] - Statement - counter = counter + 1: null

2019-01-03 20:49:21 - [TEST_STEP][PASSED] - Statement - PreSaveFile = new java.io.File(((pathPrefix + java.lang.Integer.toString(counter)) + .png)): null

2019-01-03 20:49:21 - [TEST_STEP][PASSED] - Statement - counter = counter + 1: null

2019-01-03 20:49:21 - [TEST_STEP][PASSED] - Statement - PreSaveFile = new java.io.File(((pathPrefix + java.lang.Integer.toString(counter)) + .png)): null

2019-01-03 20:49:21 - [TEST_STEP][PASSED] - Statement - counter = counter + 1: null

2019-01-03 20:49:21 - [TEST_STEP][PASSED] - Statement - PreSaveFile = new java.io.File(((pathPrefix + java.lang.Integer.toString(counter)) + .png)): null

2019-01-03 20:49:21 - [TEST_STEP][PASSED] - Statement - counter = counter + 1: null

2019-01-03 20:49:21 - [TEST_STEP][PASSED] - Statement - PreSaveFile = new java.io.File(((pathPrefix + java.lang.Integer.toString(counter)) + .png)): null

2019-01-03 20:49:21 - [TEST_STEP][PASSED] - Statement - counter = counter + 1: null

2019-01-03 20:49:21 - [TEST_STEP][PASSED] - Statement - PreSaveFile = new java.io.File(((pathPrefix + java.lang.Integer.toString(counter)) + .png)): null

2019-01-03 20:49:21 - [TEST_STEP][PASSED] - Statement - counter = counter + 1: null

2019-01-03 20:49:21 - [TEST_STEP][PASSED] - Statement - PreSaveFile = new java.io.File(((pathPrefix + java.lang.Integer.toString(counter)) + .png)): null

2019-01-03 20:49:21 - [TEST_STEP][PASSED] - Statement - counter = counter + 1: null

2019-01-03 20:49:21 - [TEST_STEP][PASSED] - Statement - PreSaveFile = new java.io.File(((pathPrefix + java.lang.Integer.toString(counter)) + .png)): null

2019-01-03 20:49:21 - [TEST_STEP][PASSED] - Statement - counter = counter + 1: null

2019-01-03 20:49:21 - [TEST_STEP][PASSED] - Statement - PreSaveFile = new java.io.File(((pathPrefix + java.lang.Integer.toString(counter)) + .png)): null

2019-01-03 20:49:21 - [TEST_STEP][PASSED] - Statement - counter = counter + 1: null

2019-01-03 20:49:21 - [TEST_STEP][PASSED] - Statement - PreSaveFile = new java.io.File(((pathPrefix + java.lang.Integer.toString(counter)) + .png)): null

2019-01-03 20:49:21 - [TEST_STEP][PASSED] - Statement - counter = counter + 1: null

2019-01-03 20:49:21 - [TEST_STEP][PASSED] - Statement - PreSaveFile = new java.io.File(((pathPrefix + java.lang.Integer.toString(counter)) + .png)): null

2019-01-03 20:49:21 - [TEST_STEP][PASSED] - Statement - counter = counter + 1: null

2019-01-03 20:49:21 - [TEST_STEP][PASSED] - Statement - PreSaveFile = new java.io.File(((pathPrefix + java.lang.Integer.toString(counter)) + .png)): null

2019-01-03 20:49:21 - [TEST_STEP][PASSED] - Statement - counter = counter + 1: null

2019-01-03 20:49:21 - [TEST_STEP][PASSED] - Statement - PreSaveFile = new java.io.File(((pathPrefix + java.lang.Integer.toString(counter)) + .png)): null

2019-01-03 20:49:21 - [TEST_STEP][PASSED] - Statement - counter = counter + 1: null

2019-01-03 20:49:21 - [TEST_STEP][PASSED] - Statement - PreSaveFile = new java.io.File(((pathPrefix + java.lang.Integer.toString(counter)) + .png)): null

2019-01-03 20:49:21 - [TEST_STEP][PASSED] - Statement - counter = counter + 1: null

2019-01-03 20:49:21 - [TEST_STEP][PASSED] - Statement - PreSaveFile = new java.io.File(((pathPrefix + java.lang.Integer.toString(counter)) + .png)): null

2019-01-03 20:49:21 - [TEST_STEP][PASSED] - Statement - counter = counter + 1: null

2019-01-03 20:49:21 - [TEST_STEP][PASSED] - Statement - PreSaveFile = new java.io.File(((pathPrefix + java.lang.Integer.toString(counter)) + .png)): null

2019-01-03 20:49:21 - [TEST_STEP][PASSED] - Statement - counter = counter + 1: null

2019-01-03 20:49:22 - [TEST_STEP][PASSED] - Statement - PreSaveFile = new java.io.File(((pathPrefix + java.lang.Integer.toString(counter)) + .png)): null

2019-01-03 20:49:22 - [TEST_STEP][PASSED] - Statement - counter = counter + 1: null

2019-01-03 20:49:22 - [TEST_STEP][PASSED] - Statement - PreSaveFile = new java.io.File(((pathPrefix + java.lang.Integer.toString(counter)) + .png)): null

2019-01-03 20:49:22 - [TEST_STEP][PASSED] - Statement - counter = counter + 1: null

2019-01-03 20:49:22 - [TEST_STEP][PASSED] - Statement - PreSaveFile = new java.io.File(((pathPrefix + java.lang.Integer.toString(counter)) + .png)): null

2019-01-03 20:49:22 - [TEST_STEP][PASSED] - Statement - counter = counter + 1: null

2019-01-03 20:49:22 - [TEST_STEP][PASSED] - Statement - PreSaveFile = new java.io.File(((pathPrefix + java.lang.Integer.toString(counter)) + .png)): null

2019-01-03 20:49:22 - [TEST_STEP][PASSED] - Statement - counter = counter + 1: null

2019-01-03 20:49:22 - [TEST_STEP][PASSED] - Statement - PreSaveFile = new java.io.File(((pathPrefix + java.lang.Integer.toString(counter)) + .png)): null

2019-01-03 20:49:22 - [TEST_STEP][PASSED] - Statement - counter = counter + 1: null

2019-01-03 20:49:22 - [TEST_STEP][PASSED] - Statement - PreSaveFile = new java.io.File(((pathPrefix + java.lang.Integer.toString(counter)) + .png)): null

2019-01-03 20:49:22 - [TEST_STEP][PASSED] - Statement - counter = counter + 1: null

2019-01-03 20:49:22 - [TEST_STEP][PASSED] - Statement - PreSaveFile = new java.io.File(((pathPrefix + java.lang.Integer.toString(counter)) + .png)): null

2019-01-03 20:49:22 - [TEST_STEP][PASSED] - Statement - counter = counter + 1: null

2019-01-03 20:49:22 - [TEST_STEP][PASSED] - Statement - PreSaveFile = new java.io.File(((pathPrefix + java.lang.Integer.toString(counter)) + .png)): null

2019-01-03 20:49:22 - [TEST_STEP][PASSED] - Statement - counter = counter + 1: null

2019-01-03 20:49:22 - [TEST_STEP][PASSED] - Statement - PreSaveFile = new java.io.File(((pathPrefix + java.lang.Integer.toString(counter)) + .png)): null

2019-01-03 20:49:22 - [TEST_STEP][PASSED] - Statement - counter = counter + 1: null

2019-01-03 20:49:22 - [TEST_STEP][PASSED] - Statement - PreSaveFile = new java.io.File(((pathPrefix + java.lang.Integer.toString(counter)) + .png)): null

2019-01-03 20:49:22 - [TEST_STEP][PASSED] - Statement - counter = counter + 1: null

2019-01-03 20:49:22 - [TEST_STEP][PASSED] - Statement - PreSaveFile = new java.io.File(((pathPrefix + java.lang.Integer.toString(counter)) + .png)): null

2019-01-03 20:49:22 - [TEST_STEP][PASSED] - Statement - counter = counter + 1: null

2019-01-03 20:49:22 - [TEST_STEP][PASSED] - Statement - PreSaveFile = new java.io.File(((pathPrefix + java.lang.Integer.toString(counter)) + .png)): null

2019-01-03 20:49:22 - [TEST_STEP][PASSED] - Statement - counter = counter + 1: null

2019-01-03 20:49:22 - [TEST_STEP][PASSED] - Statement - PreSaveFile = new java.io.File(((pathPrefix + java.lang.Integer.toString(counter)) + .png)): null

2019-01-03 20:49:22 - [TEST_STEP][PASSED] - Statement - counter = counter + 1: null

2019-01-03 20:49:22 - [TEST_STEP][PASSED] - Statement - PreSaveFile = new java.io.File(((pathPrefix + java.lang.Integer.toString(counter)) + .png)): null

2019-01-03 20:49:22 - [TEST_STEP][PASSED] - Statement - counter = counter + 1: null

2019-01-03 20:49:22 - [TEST_STEP][PASSED] - Statement - PreSaveFile = new java.io.File(((pathPrefix + java.lang.Integer.toString(counter)) + .png)): null

2019-01-03 20:49:22 - [TEST_STEP][PASSED] - Statement - counter = counter + 1: null

2019-01-03 20:49:22 - [TEST_STEP][PASSED] - Statement - PreSaveFile = new java.io.File(((pathPrefix + java.lang.Integer.toString(counter)) + .png)): null

2019-01-03 20:49:22 - [TEST_STEP][PASSED] - Statement - counter = counter + 1: null

2019-01-03 20:49:22 - [TEST_STEP][PASSED] - Statement - PreSaveFile = new java.io.File(((pathPrefix + java.lang.Integer.toString(counter)) + .png)): null

2019-01-03 20:49:22 - [TEST_STEP][PASSED] - Statement - counter = counter + 1: null

2019-01-03 20:49:22 - [TEST_STEP][PASSED] - Statement - PreSaveFile = new java.io.File(((pathPrefix + java.lang.Integer.toString(counter)) + .png)): null

2019-01-03 20:49:22 - [TEST_STEP][PASSED] - Statement - counter = counter + 1: null

2019-01-03 20:49:22 - [TEST_STEP][PASSED] - Statement - PreSaveFile = new java.io.File(((pathPrefix + java.lang.Integer.toString(counter)) + .png)): null

2019-01-03 20:49:22 - [TEST_STEP][PASSED] - Statement - counter = counter + 1: null

2019-01-03 20:49:22 - [TEST_STEP][PASSED] - Statement - PreSaveFile = new java.io.File(((pathPrefix + java.lang.Integer.toString(counter)) + .png)): null

2019-01-03 20:49:22 - [TEST_STEP][PASSED] - Statement - counter = counter + 1: null

2019-01-03 20:49:22 - [TEST_STEP][PASSED] - Statement - PreSaveFile = new java.io.File(((pathPrefix + java.lang.Integer.toString(counter)) + .png)): null

2019-01-03 20:49:22 - [TEST_STEP][PASSED] - Statement - counter = counter + 1: null

2019-01-03 20:49:22 - [TEST_STEP][PASSED] - Statement - PreSaveFile = new java.io.File(((pathPrefix + java.lang.Integer.toString(counter)) + .png)): null

2019-01-03 20:49:22 - [TEST_STEP][PASSED] - Statement - counter = counter + 1: null

2019-01-03 20:49:22 - [TEST_STEP][PASSED] - Statement - PreSaveFile = new java.io.File(((pathPrefix + java.lang.Integer.toString(counter)) + .png)): null

2019-01-03 20:49:22 - [TEST_STEP][PASSED] - Statement - counter = counter + 1: null

2019-01-03 20:49:22 - [TEST_STEP][PASSED] - Statement - PreSaveFile = new java.io.File(((pathPrefix + java.lang.Integer.toString(counter)) + .png)): null

2019-01-03 20:49:22 - [TEST_STEP][PASSED] - Statement - counter = counter + 1: null

2019-01-03 20:49:22 - [TEST_STEP][PASSED] - Statement - PreSaveFile = new java.io.File(((pathPrefix + java.lang.Integer.toString(counter)) + .png)): null

2019-01-03 20:49:22 - [TEST_STEP][PASSED] - Statement - counter = counter + 1: null

2019-01-03 20:49:22 - [TEST_STEP][PASSED] - Statement - PreSaveFile = new java.io.File(((pathPrefix + java.lang.Integer.toString(counter)) + .png)): null

2019-01-03 20:49:22 - [TEST_STEP][PASSED] - Statement - counter = counter + 1: null

2019-01-03 20:49:22 - [TEST_STEP][PASSED] - Statement - PreSaveFile = new java.io.File(((pathPrefix + java.lang.Integer.toString(counter)) + .png)): null

2019-01-03 20:49:22 - [TEST_STEP][PASSED] - Statement - counter = counter + 1: null

2019-01-03 20:49:22 - [TEST_STEP][PASSED] - Statement - PreSaveFile = new java.io.File(((pathPrefix + java.lang.Integer.toString(counter)) + .png)): null

2019-01-03 20:49:22 - [TEST_STEP][PASSED] - Statement - counter = counter + 1: null

2019-01-03 20:49:22 - [TEST_STEP][PASSED] - Statement - PreSaveFile = new java.io.File(((pathPrefix + java.lang.Integer.toString(counter)) + .png)): null

2019-01-03 20:49:22 - [TEST_STEP][PASSED] - Statement - counter = counter + 1: null

2019-01-03 20:49:22 - [TEST_STEP][PASSED] - Statement - PreSaveFile = new java.io.File(((pathPrefix + java.lang.Integer.toString(counter)) + .png)): null

2019-01-03 20:49:22 - [TEST_STEP][PASSED] - Statement - counter = counter + 1: null

2019-01-03 20:49:22 - [TEST_STEP][PASSED] - Statement - PreSaveFile = new java.io.File(((pathPrefix + java.lang.Integer.toString(counter)) + .png)): null

2019-01-03 20:49:22 - [TEST_STEP][PASSED] - Statement - counter = counter + 1: null

2019-01-03 20:49:22 - [TEST_STEP][PASSED] - Statement - PreSaveFile = new java.io.File(((pathPrefix + java.lang.Integer.toString(counter)) + .png)): null

2019-01-03 20:49:22 - [TEST_STEP][PASSED] - Statement - counter = counter + 1: null

2019-01-03 20:49:22 - [TEST_STEP][PASSED] - Statement - PreSaveFile = new java.io.File(((pathPrefix + java.lang.Integer.toString(counter)) + .png)): null

2019-01-03 20:49:22 - [TEST_STEP][PASSED] - Statement - counter = counter + 1: null

2019-01-03 20:49:22 - [TEST_STEP][PASSED] - Statement - PreSaveFile = new java.io.File(((pathPrefix + java.lang.Integer.toString(counter)) + .png)): null

2019-01-03 20:49:22 - [TEST_STEP][PASSED] - Statement - counter = counter + 1: null

2019-01-03 20:49:22 - [TEST_STEP][PASSED] - Statement - PreSaveFile = new java.io.File(((pathPrefix + java.lang.Integer.toString(counter)) + .png)): null

2019-01-03 20:49:22 - [TEST_STEP][PASSED] - Statement - counter = counter + 1: null

2019-01-03 20:49:22 - [TEST_STEP][PASSED] - Statement - PreSaveFile = new java.io.File(((pathPrefix + java.lang.Integer.toString(counter)) + .png)): null

2019-01-03 20:49:22 - [TEST_STEP][PASSED] - Statement - counter = counter + 1: null

2019-01-03 20:49:22 - [TEST_STEP][PASSED] - Statement - PreSaveFile = new java.io.File(((pathPrefix + java.lang.Integer.toString(counter)) + .png)): null

2019-01-03 20:49:22 - [TEST_STEP][PASSED] - Statement - counter = counter + 1: null

2019-01-03 20:49:22 - [TEST_STEP][PASSED] - Statement - PreSaveFile = new java.io.File(((pathPrefix + java.lang.Integer.toString(counter)) + .png)): null

2019-01-03 20:49:22 - [TEST_STEP][PASSED] - Statement - counter = counter + 1: null

2019-01-03 20:49:22 - [TEST_STEP][PASSED] - Statement - PreSaveFile = new java.io.File(((pathPrefix + java.lang.Integer.toString(counter)) + .png)): null

2019-01-03 20:49:22 - [TEST_STEP][PASSED] - Statement - counter = counter + 1: null

2019-01-03 20:49:22 - [TEST_STEP][PASSED] - Statement - PreSaveFile = new java.io.File(((pathPrefix + java.lang.Integer.toString(counter)) + .png)): null

2019-01-03 20:49:22 - [TEST_STEP][PASSED] - Statement - counter = counter + 1: null

2019-01-03 20:49:22 - [TEST_STEP][PASSED] - Statement - PreSaveFile = new java.io.File(((pathPrefix + java.lang.Integer.toString(counter)) + .png)): null

2019-01-03 20:49:22 - [TEST_STEP][PASSED] - Statement - counter = counter + 1: null

2019-01-03 20:49:22 - [TEST_STEP][PASSED] - Statement - PreSaveFile = new java.io.File(((pathPrefix + java.lang.Integer.toString(counter)) + .png)): null

2019-01-03 20:49:22 - [TEST_STEP][PASSED] - Statement - counter = counter + 1: null

2019-01-03 20:49:22 - [TEST_STEP][PASSED] - Statement - PreSaveFile = new java.io.File(((pathPrefix + java.lang.Integer.toString(counter)) + .png)): null

2019-01-03 20:49:22 - [TEST_STEP][PASSED] - Statement - counter = counter + 1: null

2019-01-03 20:49:22 - [TEST_STEP][PASSED] - Statement - PreSaveFile = new java.io.File(((pathPrefix + java.lang.Integer.toString(counter)) + .png)): null

2019-01-03 20:49:22 - [TEST_STEP][PASSED] - Statement - counter = counter + 1: null

2019-01-03 20:49:22 - [TEST_STEP][PASSED] - Statement - PreSaveFile = new java.io.File(((pathPrefix + java.lang.Integer.toString(counter)) + .png)): null

2019-01-03 20:49:22 - [TEST_STEP][PASSED] - Statement - counter = counter + 1: null

2019-01-03 20:49:22 - [TEST_STEP][PASSED] - Statement - PreSaveFile = new java.io.File(((pathPrefix + java.lang.Integer.toString(counter)) + .png)): null

2019-01-03 20:49:22 - [TEST_STEP][PASSED] - Statement - counter = counter + 1: null

2019-01-03 20:49:22 - [TEST_STEP][PASSED] - Statement - PreSaveFile = new java.io.File(((pathPrefix + java.lang.Integer.toString(counter)) + .png)): null

2019-01-03 20:49:22 - [TEST_STEP][PASSED] - Statement - counter = counter + 1: null

2019-01-03 20:49:22 - [TEST_STEP][PASSED] - Statement - PreSaveFile = new java.io.File(((pathPrefix + java.lang.Integer.toString(counter)) + .png)): null

2019-01-03 20:49:22 - [TEST_STEP][PASSED] - Statement - counter = counter + 1: null

2019-01-03 20:49:22 - [TEST_STEP][PASSED] - Statement - PreSaveFile = new java.io.File(((pathPrefix + java.lang.Integer.toString(counter)) + .png)): null

2019-01-03 20:49:22 - [TEST_STEP][PASSED] - Statement - counter = counter + 1: null

2019-01-03 20:49:22 - [TEST_STEP][PASSED] - Statement - PreSaveFile = new java.io.File(((pathPrefix + java.lang.Integer.toString(counter)) + .png)): null

2019-01-03 20:49:22 - [TEST_STEP][PASSED] - Statement - counter = counter + 1: null

2019-01-03 20:49:22 - [TEST_STEP][PASSED] - Statement - PreSaveFile = new java.io.File(((pathPrefix + java.lang.Integer.toString(counter)) + .png)): null

2019-01-03 20:49:22 - [TEST_STEP][PASSED] - Statement - counter = counter + 1: null

2019-01-03 20:49:22 - [TEST_STEP][PASSED] - Statement - PreSaveFile = new java.io.File(((pathPrefix + java.lang.Integer.toString(counter)) + .png)): null

2019-01-03 20:49:22 - [TEST_STEP][PASSED] - Statement - counter = counter + 1: null

2019-01-03 20:49:22 - [TEST_STEP][PASSED] - Statement - PreSaveFile = new java.io.File(((pathPrefix + java.lang.Integer.toString(counter)) + .png)): null

2019-01-03 20:49:22 - [TEST_STEP][PASSED] - Statement - counter = counter + 1: null

2019-01-03 20:49:22 - [TEST_STEP][PASSED] - Statement - PreSaveFile = new java.io.File(((pathPrefix + java.lang.Integer.toString(counter)) + .png)): null

2019-01-03 20:49:22 - [TEST_STEP][PASSED] - Statement - counter = counter + 1: null

2019-01-03 20:49:22 - [TEST_STEP][PASSED] - Statement - PreSaveFile = new java.io.File(((pathPrefix + java.lang.Integer.toString(counter)) + .png)): null

2019-01-03 20:49:22 - [TEST_STEP][PASSED] - Statement - counter = counter + 1: null

2019-01-03 20:49:22 - [TEST_STEP][PASSED] - Statement - PreSaveFile = new java.io.File(((pathPrefix + java.lang.Integer.toString(counter)) + .png)): null

2019-01-03 20:49:22 - [TEST_STEP][PASSED] - Statement - counter = counter + 1: null

2019-01-03 20:49:22 - [TEST_STEP][PASSED] - Statement - PreSaveFile = new java.io.File(((pathPrefix + java.lang.Integer.toString(counter)) + .png)): null

2019-01-03 20:49:22 - [TEST_STEP][PASSED] - Statement - counter = counter + 1: null

2019-01-03 20:49:22 - [TEST_STEP][PASSED] - Statement - PreSaveFile = new java.io.File(((pathPrefix + java.lang.Integer.toString(counter)) + .png)): null

2019-01-03 20:49:22 - [TEST_STEP][PASSED] - Statement - counter = counter + 1: null

2019-01-03 20:49:22 - [TEST_STEP][PASSED] - Statement - PreSaveFile = new java.io.File(((pathPrefix + java.lang.Integer.toString(counter)) + .png)): null

2019-01-03 20:49:22 - [TEST_STEP][PASSED] - Statement - counter = counter + 1: null

2019-01-03 20:49:22 - [TEST_STEP][PASSED] - Statement - PreSaveFile = new java.io.File(((pathPrefix + java.lang.Integer.toString(counter)) + .png)): null

2019-01-03 20:49:22 - [TEST_STEP][PASSED] - Statement - counter = counter + 1: null

2019-01-03 20:49:22 - [TEST_STEP][PASSED] - Statement - PreSaveFile = new java.io.File(((pathPrefix + java.lang.Integer.toString(counter)) + .png)): null

2019-01-03 20:49:22 - [TEST_STEP][PASSED] - Statement - counter = counter + 1: null

2019-01-03 20:49:22 - [TEST_STEP][PASSED] - Statement - PreSaveFile = new java.io.File(((pathPrefix + java.lang.Integer.toString(counter)) + .png)): null

2019-01-03 20:49:22 - [TEST_STEP][PASSED] - Statement - counter = counter + 1: null

2019-01-03 20:49:22 - [TEST_STEP][PASSED] - Statement - PreSaveFile = new java.io.File(((pathPrefix + java.lang.Integer.toString(counter)) + .png)): null

2019-01-03 20:49:22 - [TEST_STEP][PASSED] - Statement - counter = counter + 1: null

2019-01-03 20:49:22 - [TEST_STEP][PASSED] - Statement - PreSaveFile = new java.io.File(((pathPrefix + java.lang.Integer.toString(counter)) + .png)): null

2019-01-03 20:49:22 - [TEST_STEP][PASSED] - Statement - counter = counter + 1: null

2019-01-03 20:49:22 - [TEST_STEP][PASSED] - Statement - PreSaveFile = new java.io.File(((pathPrefix + java.lang.Integer.toString(counter)) + .png)): null

2019-01-03 20:49:22 - [TEST_STEP][PASSED] - Statement - counter = counter + 1: null

2019-01-03 20:49:22 - [TEST_STEP][PASSED] - Statement - PreSaveFile = new java.io.File(((pathPrefix + java.lang.Integer.toString(counter)) + .png)): null

2019-01-03 20:49:22 - [TEST_STEP][PASSED] - Statement - counter = counter + 1: null

2019-01-03 20:49:22 - [TEST_STEP][PASSED] - Statement - PreSaveFile = new java.io.File(((pathPrefix + java.lang.Integer.toString(counter)) + .png)): null

2019-01-03 20:49:22 - [TEST_STEP][PASSED] - Statement - counter = counter + 1: null

2019-01-03 20:49:22 - [TEST_STEP][PASSED] - Statement - PreSaveFile = new java.io.File(((pathPrefix + java.lang.Integer.toString(counter)) + .png)): null

2019-01-03 20:49:22 - [TEST_STEP][PASSED] - Statement - counter = counter + 1: null

2019-01-03 20:49:22 - [TEST_STEP][PASSED] - Statement - PreSaveFile = new java.io.File(((pathPrefix + java.lang.Integer.toString(counter)) + .png)): null

2019-01-03 20:49:22 - [TEST_STEP][PASSED] - Statement - counter = counter + 1: null

2019-01-03 20:49:22 - [TEST_STEP][PASSED] - Statement - PreSaveFile = new java.io.File(((pathPrefix + java.lang.Integer.toString(counter)) + .png)): null

2019-01-03 20:49:22 - [TEST_STEP][PASSED] - Statement - counter = counter + 1: null

2019-01-03 20:49:22 - [TEST_STEP][PASSED] - Statement - PreSaveFile = new java.io.File(((pathPrefix + java.lang.Integer.toString(counter)) + .png)): null

2019-01-03 20:49:22 - [TEST_STEP][PASSED] - Statement - counter = counter + 1: null

2019-01-03 20:49:22 - [TEST_STEP][PASSED] - Statement - PreSaveFile = new java.io.File(((pathPrefix + java.lang.Integer.toString(counter)) + .png)): null

2019-01-03 20:49:22 - [TEST_STEP][PASSED] - Statement - counter = counter + 1: null

2019-01-03 20:49:22 - [TEST_STEP][PASSED] - Statement - PreSaveFile = new java.io.File(((pathPrefix + java.lang.Integer.toString(counter)) + .png)): null

2019-01-03 20:49:22 - [TEST_STEP][PASSED] - Statement - counter = counter + 1: null

2019-01-03 20:49:22 - [TEST_STEP][PASSED] - Statement - PreSaveFile = new java.io.File(((pathPrefix + java.lang.Integer.toString(counter)) + .png)): null

2019-01-03 20:49:22 - [TEST_STEP][PASSED] - Statement - counter = counter + 1: null

2019-01-03 20:49:22 - [TEST_STEP][PASSED] - Statement - PreSaveFile = new java.io.File(((pathPrefix + java.lang.Integer.toString(counter)) + .png)): null

2019-01-03 20:49:22 - [TEST_STEP][PASSED] - Statement - counter = counter + 1: null

2019-01-03 20:49:22 - [TEST_STEP][PASSED] - Statement - PreSaveFile = new java.io.File(((pathPrefix + java.lang.Integer.toString(counter)) + .png)): null

2019-01-03 20:49:22 - [TEST_STEP][PASSED] - Statement - counter = counter + 1: null

2019-01-03 20:49:22 - [TEST_STEP][PASSED] - Statement - PreSaveFile = new java.io.File(((pathPrefix + java.lang.Integer.toString(counter)) + .png)): null

2019-01-03 20:49:22 - [TEST_STEP][PASSED] - Statement - counter = counter + 1: null

2019-01-03 20:49:22 - [TEST_STEP][PASSED] - Statement - PreSaveFile = new java.io.File(((pathPrefix + java.lang.Integer.toString(counter)) + .png)): null

2019-01-03 20:49:22 - [TEST_STEP][PASSED] - Statement - counter = counter + 1: null

2019-01-03 20:49:22 - [TEST_STEP][PASSED] - Statement - PreSaveFile = new java.io.File(((pathPrefix + java.lang.Integer.toString(counter)) + .png)): null

2019-01-03 20:49:22 - [TEST_STEP][PASSED] - Statement - counter = counter + 1: null

2019-01-03 20:49:22 - [TEST_STEP][PASSED] - Statement - PreSaveFile = new java.io.File(((pathPrefix + java.lang.Integer.toString(counter)) + .png)): null

2019-01-03 20:49:22 - [TEST_STEP][PASSED] - Statement - counter = counter + 1: null

2019-01-03 20:49:22 - [TEST_STEP][PASSED] - Statement - PreSaveFile = new java.io.File(((pathPrefix + java.lang.Integer.toString(counter)) + .png)): null

2019-01-03 20:49:22 - [TEST_STEP][PASSED] - Statement - counter = counter + 1: null

2019-01-03 20:49:22 - [TEST_STEP][PASSED] - Statement - PreSaveFile = new java.io.File(((pathPrefix + java.lang.Integer.toString(counter)) + .png)): null

2019-01-03 20:49:22 - [TEST_STEP][PASSED] - Statement - counter = counter + 1: null

2019-01-03 20:49:22 - [TEST_STEP][PASSED] - Statement - PreSaveFile = new java.io.File(((pathPrefix + java.lang.Integer.toString(counter)) + .png)): null

2019-01-03 20:49:22 - [TEST_STEP][PASSED] - Statement - counter = counter + 1: null

2019-01-03 20:49:22 - [TEST_STEP][PASSED] - Statement - PreSaveFile = new java.io.File(((pathPrefix + java.lang.Integer.toString(counter)) + .png)): null

2019-01-03 20:49:22 - [TEST_STEP][PASSED] - Statement - counter = counter + 1: null

2019-01-03 20:49:22 - [TEST_STEP][PASSED] - Statement - PreSaveFile = new java.io.File(((pathPrefix + java.lang.Integer.toString(counter)) + .png)): null

2019-01-03 20:49:22 - [TEST_STEP][PASSED] - Statement - counter = counter + 1: null

2019-01-03 20:49:22 - [TEST_STEP][PASSED] - Statement - PreSaveFile = new java.io.File(((pathPrefix + java.lang.Integer.toString(counter)) + .png)): null

2019-01-03 20:49:22 - [TEST_STEP][PASSED] - Statement - counter = counter + 1: null

2019-01-03 20:49:22 - [TEST_STEP][PASSED] - Statement - PreSaveFile = new java.io.File(((pathPrefix + java.lang.Integer.toString(counter)) + .png)): null

2019-01-03 20:49:22 - [TEST_STEP][PASSED] - Statement - counter = counter + 1: null

2019-01-03 20:49:22 - [TEST_STEP][PASSED] - Statement - PreSaveFile = new java.io.File(((pathPrefix + java.lang.Integer.toString(counter)) + .png)): null

2019-01-03 20:49:22 - [TEST_STEP][PASSED] - Statement - counter = counter + 1: null

2019-01-03 20:49:22 - [TEST_STEP][PASSED] - Statement - PreSaveFile = new java.io.File(((pathPrefix + java.lang.Integer.toString(counter)) + .png)): null

2019-01-03 20:49:22 - [TEST_STEP][PASSED] - Statement - counter = counter + 1: null

2019-01-03 20:49:22 - [TEST_STEP][PASSED] - Statement - PreSaveFile = new java.io.File(((pathPrefix + java.lang.Integer.toString(counter)) + .png)): null

2019-01-03 20:49:22 - [TEST_STEP][PASSED] - Statement - counter = counter + 1: null

2019-01-03 20:49:22 - [TEST_STEP][PASSED] - Statement - PreSaveFile = new java.io.File(((pathPrefix + java.lang.Integer.toString(counter)) + .png)): null

2019-01-03 20:49:22 - [TEST_STEP][PASSED] - Statement - counter = counter + 1: null

2019-01-03 20:49:22 - [TEST_STEP][PASSED] - Statement - PreSaveFile = new java.io.File(((pathPrefix + java.lang.Integer.toString(counter)) + .png)): null

2019-01-03 20:49:22 - [TEST_STEP][PASSED] - Statement - counter = counter + 1: null

2019-01-03 20:49:22 - [TEST_STEP][PASSED] - Statement - PreSaveFile = new java.io.File(((pathPrefix + java.lang.Integer.toString(counter)) + .png)): null

2019-01-03 20:49:22 - [TEST_STEP][PASSED] - Statement - counter = counter + 1: null

2019-01-03 20:49:22 - [TEST_STEP][PASSED] - Statement - PreSaveFile = new java.io.File(((pathPrefix + java.lang.Integer.toString(counter)) + .png)): null

2019-01-03 20:49:22 - [TEST_STEP][PASSED] - Statement - counter = counter + 1: null

2019-01-03 20:49:22 - [TEST_STEP][PASSED] - Statement - PreSaveFile = new java.io.File(((pathPrefix + java.lang.Integer.toString(counter)) + .png)): null

2019-01-03 20:49:22 - [TEST_STEP][PASSED] - Statement - counter = counter + 1: null

2019-01-03 20:49:22 - [TEST_STEP][PASSED] - Statement - PreSaveFile = new java.io.File(((pathPrefix + java.lang.Integer.toString(counter)) + .png)): null

2019-01-03 20:49:22 - [TEST_STEP][PASSED] - Statement - counter = counter + 1: null

2019-01-03 20:49:22 - [TEST_STEP][PASSED] - Statement - PreSaveFile = new java.io.File(((pathPrefix + java.lang.Integer.toString(counter)) + .png)): null

2019-01-03 20:49:22 - [TEST_STEP][PASSED] - Statement - counter = counter + 1: null

2019-01-03 20:49:22 - [TEST_STEP][PASSED] - Statement - PreSaveFile = new java.io.File(((pathPrefix + java.lang.Integer.toString(counter)) + .png)): null

2019-01-03 20:49:22 - [TEST_STEP][PASSED] - Statement - counter = counter + 1: null

2019-01-03 20:49:22 - [TEST_STEP][PASSED] - Statement - PreSaveFile = new java.io.File(((pathPrefix + java.lang.Integer.toString(counter)) + .png)): null

2019-01-03 20:49:22 - [TEST_STEP][PASSED] - Statement - counter = counter + 1: null

2019-01-03 20:49:22 - [TEST_STEP][PASSED] - Statement - PreSaveFile = new java.io.File(((pathPrefix + java.lang.Integer.toString(counter)) + .png)): null

2019-01-03 20:49:22 - [TEST_STEP][PASSED] - Statement - counter = counter + 1: null

2019-01-03 20:49:22 - [TEST_STEP][PASSED] - Statement - PreSaveFile = new java.io.File(((pathPrefix + java.lang.Integer.toString(counter)) + .png)): null

2019-01-03 20:49:22 - [TEST_STEP][PASSED] - Statement - counter = counter + 1: null

2019-01-03 20:49:22 - [TEST_STEP][PASSED] - Statement - PreSaveFile = new java.io.File(((pathPrefix + java.lang.Integer.toString(counter)) + .png)): null

2019-01-03 20:49:22 - [TEST_STEP][PASSED] - Statement - counter = counter + 1: null

2019-01-03 20:49:22 - [TEST_STEP][PASSED] - Statement - PreSaveFile = new java.io.File(((pathPrefix + java.lang.Integer.toString(counter)) + .png)): null

2019-01-03 20:49:22 - [TEST_STEP][PASSED] - Statement - counter = counter + 1: null

2019-01-03 20:49:22 - [TEST_STEP][PASSED] - Statement - PreSaveFile = new java.io.File(((pathPrefix + java.lang.Integer.toString(counter)) + .png)): null

2019-01-03 20:49:22 - [TEST_STEP][PASSED] - Statement - counter = counter + 1: null

2019-01-03 20:49:22 - [TEST_STEP][PASSED] - Statement - PreSaveFile = new java.io.File(((pathPrefix + java.lang.Integer.toString(counter)) + .png)): null

2019-01-03 20:49:22 - [TEST_STEP][PASSED] - Statement - counter = counter + 1: null

2019-01-03 20:49:22 - [TEST_STEP][PASSED] - Statement - PreSaveFile = new java.io.File(((pathPrefix + java.lang.Integer.toString(counter)) + .png)): null

2019-01-03 20:49:22 - [TEST_STEP][PASSED] - Statement - counter = counter + 1: null

2019-01-03 20:49:22 - [TEST_STEP][PASSED] - Statement - PreSaveFile = new java.io.File(((pathPrefix + java.lang.Integer.toString(counter)) + .png)): null

2019-01-03 20:49:22 - [TEST_STEP][PASSED] - Statement - counter = counter + 1: null

2019-01-03 20:49:22 - [TEST_STEP][PASSED] - Statement - PreSaveFile = new java.io.File(((pathPrefix + java.lang.Integer.toString(counter)) + .png)): null

2019-01-03 20:49:22 - [TEST_STEP][PASSED] - Statement - counter = counter + 1: null

2019-01-03 20:49:22 - [TEST_STEP][PASSED] - Statement - PreSaveFile = new java.io.File(((pathPrefix + java.lang.Integer.toString(counter)) + .png)): null

2019-01-03 20:49:22 - [TEST_STEP][PASSED] - Statement - counter = counter + 1: null

2019-01-03 20:49:22 - [TEST_STEP][PASSED] - Statement - PreSaveFile = new java.io.File(((pathPrefix + java.lang.Integer.toString(counter)) + .png)): null

2019-01-03 20:49:22 - [TEST_STEP][PASSED] - Statement - counter = counter + 1: null

2019-01-03 20:49:22 - [TEST_STEP][PASSED] - Statement - PreSaveFile = new java.io.File(((pathPrefix + java.lang.Integer.toString(counter)) + .png)): null

2019-01-03 20:49:22 - [TEST_STEP][PASSED] - Statement - counter = counter + 1: null

2019-01-03 20:49:22 - [TEST_STEP][PASSED] - Statement - PreSaveFile = new java.io.File(((pathPrefix + java.lang.Integer.toString(counter)) + .png)): null

2019-01-03 20:49:22 - [TEST_STEP][PASSED] - Statement - counter = counter + 1: null

2019-01-03 20:49:22 - [TEST_STEP][PASSED] - Statement - PreSaveFile = new java.io.File(((pathPrefix + java.lang.Integer.toString(counter)) + .png)): null

2019-01-03 20:49:22 - [TEST_STEP][PASSED] - Statement - counter = counter + 1: null

2019-01-03 20:49:22 - [TEST_STEP][PASSED] - Statement - PreSaveFile = new java.io.File(((pathPrefix + java.lang.Integer.toString(counter)) + .png)): null

2019-01-03 20:49:22 - [TEST_STEP][PASSED] - Statement - counter = counter + 1: null

2019-01-03 20:49:22 - [TEST_STEP][PASSED] - Statement - PreSaveFile = new java.io.File(((pathPrefix + java.lang.Integer.toString(counter)) + .png)): null

2019-01-03 20:49:22 - [TEST_STEP][PASSED] - Statement - counter = counter + 1: null

2019-01-03 20:49:22 - [TEST_STEP][PASSED] - Statement - PreSaveFile = new java.io.File(((pathPrefix + java.lang.Integer.toString(counter)) + .png)): null

2019-01-03 20:49:22 - [TEST_STEP][PASSED] - Statement - counter = counter + 1: null

2019-01-03 20:49:22 - [TEST_STEP][PASSED] - Statement - PreSaveFile = new java.io.File(((pathPrefix + java.lang.Integer.toString(counter)) + .png)): null

2019-01-03 20:49:22 - [TEST_STEP][PASSED] - Statement - counter = counter + 1: null

2019-01-03 20:49:22 - [TEST_STEP][PASSED] - Statement - PreSaveFile = new java.io.File(((pathPrefix + java.lang.Integer.toString(counter)) + .png)): null

2019-01-03 20:49:22 - [TEST_STEP][PASSED] - Statement - counter = counter + 1: null

2019-01-03 20:49:22 - [TEST_STEP][PASSED] - Statement - PreSaveFile = new java.io.File(((pathPrefix + java.lang.Integer.toString(counter)) + .png)): null

2019-01-03 20:49:22 - [TEST_STEP][PASSED] - Statement - counter = counter + 1: null

2019-01-03 20:49:22 - [TEST_STEP][PASSED] - Statement - PreSaveFile = new java.io.File(((pathPrefix + java.lang.Integer.toString(counter)) + .png)): null

2019-01-03 20:49:22 - [TEST_STEP][PASSED] - Statement - counter = counter + 1: null

2019-01-03 20:49:22 - [TEST_STEP][PASSED] - Statement - PreSaveFile = new java.io.File(((pathPrefix + java.lang.Integer.toString(counter)) + .png)): null

2019-01-03 20:49:22 - [TEST_STEP][PASSED] - Statement - counter = counter + 1: null

2019-01-03 20:49:22 - [TEST_STEP][PASSED] - Statement - PreSaveFile = new java.io.File(((pathPrefix + java.lang.Integer.toString(counter)) + .png)): null

2019-01-03 20:49:22 - [TEST_STEP][PASSED] - Statement - counter = counter + 1: null

2019-01-03 20:49:22 - [TEST_STEP][PASSED] - Statement - PreSaveFile = new java.io.File(((pathPrefix + java.lang.Integer.toString(counter)) + .png)): null

2019-01-03 20:49:22 - [TEST_STEP][PASSED] - Statement - counter = counter + 1: null

2019-01-03 20:49:22 - [TEST_STEP][PASSED] - Statement - PreSaveFile = new java.io.File(((pathPrefix + java.lang.Integer.toString(counter)) + .png)): null

2019-01-03 20:49:22 - [TEST_STEP][PASSED] - Statement - counter = counter + 1: null

2019-01-03 20:49:22 - [TEST_STEP][PASSED] - Statement - PreSaveFile = new java.io.File(((pathPrefix + java.lang.Integer.toString(counter)) + .png)): null

2019-01-03 20:49:22 - [TEST_STEP][PASSED] - Statement - counter = counter + 1: null

2019-01-03 20:49:22 - [TEST_STEP][PASSED] - Statement - PreSaveFile = new java.io.File(((pathPrefix + java.lang.Integer.toString(counter)) + .png)): null

2019-01-03 20:49:22 - [TEST_STEP][PASSED] - Statement - counter = counter + 1: null

2019-01-03 20:49:22 - [TEST_STEP][PASSED] - Statement - PreSaveFile = new java.io.File(((pathPrefix + java.lang.Integer.toString(counter)) + .png)): null

2019-01-03 20:49:22 - [TEST_STEP][PASSED] - Statement - counter = counter + 1: null

2019-01-03 20:49:22 - [TEST_STEP][PASSED] - Statement - PreSaveFile = new java.io.File(((pathPrefix + java.lang.Integer.toString(counter)) + .png)): null

2019-01-03 20:49:22 - [TEST_STEP][PASSED] - Statement - counter = counter + 1: null

2019-01-03 20:49:22 - [TEST_STEP][PASSED] - Statement - PreSaveFile = new java.io.File(((pathPrefix + java.lang.Integer.toString(counter)) + .png)): null

2019-01-03 20:49:22 - [TEST_STEP][PASSED] - Statement - counter = counter + 1: null

2019-01-03 20:49:22 - [TEST_STEP][PASSED] - Statement - PreSaveFile = new java.io.File(((pathPrefix + java.lang.Integer.toString(counter)) + .png)): null

2019-01-03 20:49:22 - [TEST_STEP][PASSED] - Statement - counter = counter + 1: null

2019-01-03 20:49:22 - [TEST_STEP][PASSED] - Statement - PreSaveFile = new java.io.File(((pathPrefix + java.lang.Integer.toString(counter)) + .png)): null

2019-01-03 20:49:22 - [TEST_STEP][PASSED] - Statement - counter = counter + 1: null

2019-01-03 20:49:22 - [TEST_STEP][PASSED] - Statement - PreSaveFile = new java.io.File(((pathPrefix + java.lang.Integer.toString(counter)) + .png)): null

2019-01-03 20:49:22 - [TEST_STEP][PASSED] - Statement - counter = counter + 1: null

2019-01-03 20:49:22 - [TEST_STEP][PASSED] - Statement - PreSaveFile = new java.io.File(((pathPrefix + java.lang.Integer.toString(counter)) + .png)): null

2019-01-03 20:49:22 - [TEST_STEP][PASSED] - Statement - counter = counter + 1: null

2019-01-03 20:49:22 - [TEST_STEP][PASSED] - Statement - PreSaveFile = new java.io.File(((pathPrefix + java.lang.Integer.toString(counter)) + .png)): null

2019-01-03 20:49:22 - [TEST_STEP][PASSED] - Statement - counter = counter + 1: null

2019-01-03 20:49:22 - [TEST_STEP][PASSED] - Statement - PreSaveFile = new java.io.File(((pathPrefix + java.lang.Integer.toString(counter)) + .png)): null

2019-01-03 20:49:22 - [TEST_STEP][PASSED] - Statement - counter = counter + 1: null

2019-01-03 20:49:22 - [TEST_STEP][PASSED] - Statement - PreSaveFile = new java.io.File(((pathPrefix + java.lang.Integer.toString(counter)) + .png)): null

2019-01-03 20:49:22 - [TEST_STEP][PASSED] - Statement - counter = counter + 1: null

2019-01-03 20:49:22 - [TEST_STEP][PASSED] - Statement - PreSaveFile = new java.io.File(((pathPrefix + java.lang.Integer.toString(counter)) + .png)): null

2019-01-03 20:49:22 - [TEST_STEP][PASSED] - Statement - counter = counter + 1: null

2019-01-03 20:49:22 - [TEST_STEP][PASSED] - Statement - PreSaveFile = new java.io.File(((pathPrefix + java.lang.Integer.toString(counter)) + .png)): null

2019-01-03 20:49:22 - [TEST_STEP][PASSED] - Statement - counter = counter + 1: null

2019-01-03 20:49:22 - [TEST_STEP][PASSED] - Statement - PreSaveFile = new java.io.File(((pathPrefix + java.lang.Integer.toString(counter)) + .png)): null

2019-01-03 20:49:22 - [TEST_STEP][PASSED] - Statement - counter = counter + 1: null

2019-01-03 20:49:22 - [TEST_STEP][PASSED] - Statement - PreSaveFile = new java.io.File(((pathPrefix + java.lang.Integer.toString(counter)) + .png)): null

2019-01-03 20:49:22 - [TEST_STEP][PASSED] - Statement - counter = counter + 1: null

2019-01-03 20:49:22 - [TEST_STEP][PASSED] - Statement - PreSaveFile = new java.io.File(((pathPrefix + java.lang.Integer.toString(counter)) + .png)): null

2019-01-03 20:49:22 - [TEST_STEP][PASSED] - Statement - counter = counter + 1: null

2019-01-03 20:49:22 - [TEST_STEP][PASSED] - Statement - PreSaveFile = new java.io.File(((pathPrefix + java.lang.Integer.toString(counter)) + .png)): null

2019-01-03 20:49:22 - [TEST_STEP][PASSED] - Statement - counter = counter + 1: null

2019-01-03 20:49:22 - [TEST_STEP][PASSED] - Statement - PreSaveFile = new java.io.File(((pathPrefix + java.lang.Integer.toString(counter)) + .png)): null

2019-01-03 20:49:22 - [TEST_STEP][PASSED] - Statement - counter = counter + 1: null

2019-01-03 20:49:22 - [TEST_STEP][PASSED] - Statement - PreSaveFile = new java.io.File(((pathPrefix + java.lang.Integer.toString(counter)) + .png)): null

2019-01-03 20:49:22 - [TEST_STEP][PASSED] - Statement - counter = counter + 1: null

2019-01-03 20:49:22 - [TEST_STEP][PASSED] - Statement - PreSaveFile = new java.io.File(((pathPrefix + java.lang.Integer.toString(counter)) + .png)): null

2019-01-03 20:49:22 - [TEST_STEP][PASSED] - Statement - counter = counter + 1: null

2019-01-03 20:49:22 - [TEST_STEP][PASSED] - Statement - PreSaveFile = new java.io.File(((pathPrefix + java.lang.Integer.toString(counter)) + .png)): null

2019-01-03 20:49:22 - [TEST_STEP][PASSED] - Statement - counter = counter + 1: null

2019-01-03 20:49:22 - [TEST_STEP][PASSED] - Statement - PreSaveFile = new java.io.File(((pathPrefix + java.lang.Integer.toString(counter)) + .png)): null

2019-01-03 20:49:22 - [TEST_STEP][PASSED] - Statement - counter = counter + 1: null

2019-01-03 20:49:22 - [TEST_STEP][PASSED] - Statement - PreSaveFile = new java.io.File(((pathPrefix + java.lang.Integer.toString(counter)) + .png)): null

2019-01-03 20:49:22 - [TEST_STEP][PASSED] - Statement - counter = counter + 1: null

2019-01-03 20:49:22 - [TEST_STEP][PASSED] - Statement - PreSaveFile = new java.io.File(((pathPrefix + java.lang.Integer.toString(counter)) + .png)): null

2019-01-03 20:49:22 - [TEST_STEP][PASSED] - Statement - counter = counter + 1: null

2019-01-03 20:49:22 - [TEST_STEP][PASSED] - Statement - PreSaveFile = new java.io.File(((pathPrefix + java.lang.Integer.toString(counter)) + .png)): null

2019-01-03 20:49:22 - [TEST_STEP][PASSED] - Statement - counter = counter + 1: null

2019-01-03 20:49:22 - [TEST_STEP][PASSED] - Statement - PreSaveFile = new java.io.File(((pathPrefix + java.lang.Integer.toString(counter)) + .png)): null

2019-01-03 20:49:22 - [TEST_STEP][PASSED] - Statement - counter = counter + 1: null

2019-01-03 20:49:22 - [TEST_STEP][PASSED] - Statement - PreSaveFile = new java.io.File(((pathPrefix + java.lang.Integer.toString(counter)) + .png)): null

2019-01-03 20:49:22 - [TEST_STEP][PASSED] - Statement - counter = counter + 1: null

2019-01-03 20:49:22 - [TEST_STEP][PASSED] - Statement - PreSaveFile = new java.io.File(((pathPrefix + java.lang.Integer.toString(counter)) + .png)): null

2019-01-03 20:49:22 - [TEST_STEP][PASSED] - Statement - counter = counter + 1: null

2019-01-03 20:49:22 - [TEST_STEP][PASSED] - Statement - PreSaveFile = new java.io.File(((pathPrefix + java.lang.Integer.toString(counter)) + .png)): null

2019-01-03 20:49:22 - [TEST_STEP][PASSED] - Statement - counter = counter + 1: null

2019-01-03 20:49:22 - [TEST_STEP][PASSED] - Statement - PreSaveFile = new java.io.File(((pathPrefix + java.lang.Integer.toString(counter)) + .png)): null

2019-01-03 20:49:22 - [TEST_STEP][PASSED] - Statement - counter = counter + 1: null

2019-01-03 20:49:22 - [TEST_STEP][PASSED] - Statement - PreSaveFile = new java.io.File(((pathPrefix + java.lang.Integer.toString(counter)) + .png)): null

2019-01-03 20:49:22 - [TEST_STEP][PASSED] - Statement - counter = counter + 1: null

2019-01-03 20:49:22 - [TEST_STEP][PASSED] - Statement - PreSaveFile = new java.io.File(((pathPrefix + java.lang.Integer.toString(counter)) + .png)): null

2019-01-03 20:49:22 - [TEST_STEP][PASSED] - Statement - counter = counter + 1: null

2019-01-03 20:49:22 - [TEST_STEP][PASSED] - Statement - PreSaveFile = new java.io.File(((pathPrefix + java.lang.Integer.toString(counter)) + .png)): null

2019-01-03 20:49:22 - [TEST_STEP][PASSED] - Statement - counter = counter + 1: null

2019-01-03 20:49:22 - [TEST_STEP][PASSED] - Statement - PreSaveFile = new java.io.File(((pathPrefix + java.lang.Integer.toString(counter)) + .png)): null

2019-01-03 20:49:22 - [TEST_STEP][PASSED] - Statement - counter = counter + 1: null

2019-01-03 20:49:22 - [TEST_STEP][PASSED] - Statement - PreSaveFile = new java.io.File(((pathPrefix + java.lang.Integer.toString(counter)) + .png)): null

2019-01-03 20:49:22 - [TEST_STEP][PASSED] - Statement - counter = counter + 1: null

2019-01-03 20:49:22 - [TEST_STEP][PASSED] - Statement - PreSaveFile = new java.io.File(((pathPrefix + java.lang.Integer.toString(counter)) + .png)): null

2019-01-03 20:49:22 - [TEST_STEP][PASSED] - Statement - counter = counter + 1: null

2019-01-03 20:49:22 - [TEST_STEP][PASSED] - Statement - PreSaveFile = new java.io.File(((pathPrefix + java.lang.Integer.toString(counter)) + .png)): null

2019-01-03 20:49:22 - [TEST_STEP][PASSED] - Statement - counter = counter + 1: null

2019-01-03 20:49:22 - [TEST_STEP][PASSED] - Statement - PreSaveFile = new java.io.File(((pathPrefix + java.lang.Integer.toString(counter)) + .png)): null

2019-01-03 20:49:22 - [TEST_STEP][PASSED] - Statement - counter = counter + 1: null

2019-01-03 20:49:22 - [TEST_STEP][PASSED] - Statement - PreSaveFile = new java.io.File(((pathPrefix + java.lang.Integer.toString(counter)) + .png)): null

2019-01-03 20:49:22 - [TEST_STEP][PASSED] - Statement - counter = counter + 1: null

2019-01-03 20:49:22 - [TEST_STEP][PASSED] - Statement - PreSaveFile = new java.io.File(((pathPrefix + java.lang.Integer.toString(counter)) + .png)): null

2019-01-03 20:49:22 - [TEST_STEP][PASSED] - Statement - counter = counter + 1: null

2019-01-03 20:49:22 - [TEST_STEP][PASSED] - Statement - PreSaveFile = new java.io.File(((pathPrefix + java.lang.Integer.toString(counter)) + .png)): null

2019-01-03 20:49:22 - [TEST_STEP][PASSED] - Statement - counter = counter + 1: null

2019-01-03 20:49:22 - [TEST_STEP][PASSED] - Statement - PreSaveFile = new java.io.File(((pathPrefix + java.lang.Integer.toString(counter)) + .png)): null

2019-01-03 20:49:22 - [TEST_STEP][PASSED] - Statement - counter = counter + 1: null

2019-01-03 20:49:22 - [TEST_STEP][PASSED] - Statement - PreSaveFile = new java.io.File(((pathPrefix + java.lang.Integer.toString(counter)) + .png)): null

2019-01-03 20:49:22 - [TEST_STEP][PASSED] - Statement - counter = counter + 1: null

2019-01-03 20:49:22 - [TEST_STEP][PASSED] - Statement - PreSaveFile = new java.io.File(((pathPrefix + java.lang.Integer.toString(counter)) + .png)): null

2019-01-03 20:49:22 - [TEST_STEP][PASSED] - Statement - counter = counter + 1: null

2019-01-03 20:49:22 - [TEST_STEP][PASSED] - Statement - PreSaveFile = new java.io.File(((pathPrefix + java.lang.Integer.toString(counter)) + .png)): null

2019-01-03 20:49:22 - [TEST_STEP][PASSED] - Statement - counter = counter + 1: null

2019-01-03 20:49:22 - [TEST_STEP][PASSED] - Statement - PreSaveFile = new java.io.File(((pathPrefix + java.lang.Integer.toString(counter)) + .png)): null

2019-01-03 20:49:22 - [TEST_STEP][PASSED] - Statement - counter = counter + 1: null

2019-01-03 20:49:22 - [TEST_STEP][PASSED] - Statement - PreSaveFile = new java.io.File(((pathPrefix + java.lang.Integer.toString(counter)) + .png)): null

2019-01-03 20:49:22 - [TEST_STEP][PASSED] - Statement - counter = counter + 1: null

2019-01-03 20:49:22 - [TEST_STEP][PASSED] - Statement - PreSaveFile = new java.io.File(((pathPrefix + java.lang.Integer.toString(counter)) + .png)): null

2019-01-03 20:49:22 - [TEST_STEP][PASSED] - Statement - counter = counter + 1: null

2019-01-03 20:49:22 - [TEST_STEP][PASSED] - Statement - PreSaveFile = new java.io.File(((pathPrefix + java.lang.Integer.toString(counter)) + .png)): null

2019-01-03 20:49:22 - [TEST_STEP][PASSED] - Statement - counter = counter + 1: null

2019-01-03 20:49:22 - [TEST_STEP][PASSED] - Statement - PreSaveFile = new java.io.File(((pathPrefix + java.lang.Integer.toString(counter)) + .png)): null

2019-01-03 20:49:22 - [TEST_STEP][PASSED] - Statement - counter = counter + 1: null

2019-01-03 20:49:22 - [TEST_STEP][PASSED] - Statement - PreSaveFile = new java.io.File(((pathPrefix + java.lang.Integer.toString(counter)) + .png)): null

2019-01-03 20:49:22 - [TEST_STEP][PASSED] - Statement - counter = counter + 1: null

2019-01-03 20:49:22 - [TEST_STEP][PASSED] - Statement - PreSaveFile = new java.io.File(((pathPrefix + java.lang.Integer.toString(counter)) + .png)): null

2019-01-03 20:49:22 - [TEST_STEP][PASSED] - Statement - counter = counter + 1: null

2019-01-03 20:49:22 - [TEST_STEP][PASSED] - Statement - PreSaveFile = new java.io.File(((pathPrefix + java.lang.Integer.toString(counter)) + .png)): null

2019-01-03 20:49:22 - [TEST_STEP][PASSED] - Statement - counter = counter + 1: null

2019-01-03 20:49:22 - [TEST_STEP][PASSED] - Statement - PreSaveFile = new java.io.File(((pathPrefix + java.lang.Integer.toString(counter)) + .png)): null

2019-01-03 20:49:22 - [TEST_STEP][PASSED] - Statement - counter = counter + 1: null

2019-01-03 20:49:22 - [TEST_STEP][PASSED] - Statement - PreSaveFile = new java.io.File(((pathPrefix + java.lang.Integer.toString(counter)) + .png)): null

2019-01-03 20:49:22 - [TEST_STEP][PASSED] - Statement - counter = counter + 1: null

2019-01-03 20:49:22 - [TEST_STEP][PASSED] - Statement - PreSaveFile = new java.io.File(((pathPrefix + java.lang.Integer.toString(counter)) + .png)): null

2019-01-03 20:49:22 - [TEST_STEP][PASSED] - Statement - counter = counter + 1: null

2019-01-03 20:49:22 - [TEST_STEP][PASSED] - Statement - PreSaveFile = new java.io.File(((pathPrefix + java.lang.Integer.toString(counter)) + .png)): null

2019-01-03 20:49:22 - [TEST_STEP][PASSED] - Statement - counter = counter + 1: null

2019-01-03 20:49:22 - [TEST_STEP][PASSED] - Statement - PreSaveFile = new java.io.File(((pathPrefix + java.lang.Integer.toString(counter)) + .png)): null

2019-01-03 20:49:22 - [TEST_STEP][PASSED] - Statement - counter = counter + 1: null

2019-01-03 20:49:22 - [TEST_STEP][PASSED] - Statement - PreSaveFile = new java.io.File(((pathPrefix + java.lang.Integer.toString(counter)) + .png)): null

2019-01-03 20:49:22 - [TEST_STEP][PASSED] - Statement - counter = counter + 1: null

2019-01-03 20:49:22 - [TEST_STEP][PASSED] - Statement - PreSaveFile = new java.io.File(((pathPrefix + java.lang.Integer.toString(counter)) + .png)): null

2019-01-03 20:49:22 - [TEST_STEP][PASSED] - Statement - counter = counter + 1: null

2019-01-03 20:49:22 - [TEST_STEP][PASSED] - Statement - PreSaveFile = new java.io.File(((pathPrefix + java.lang.Integer.toString(counter)) + .png)): null

2019-01-03 20:49:22 - [TEST_STEP][PASSED] - Statement - counter = counter + 1: null

2019-01-03 20:49:22 - [TEST_STEP][PASSED] - Statement - PreSaveFile = new java.io.File(((pathPrefix + java.lang.Integer.toString(counter)) + .png)): null

2019-01-03 20:49:22 - [TEST_STEP][PASSED] - Statement - counter = counter + 1: null

2019-01-03 20:49:22 - [TEST_STEP][PASSED] - Statement - PreSaveFile = new java.io.File(((pathPrefix + java.lang.Integer.toString(counter)) + .png)): null

2019-01-03 20:49:22 - [TEST_STEP][PASSED] - Statement - counter = counter + 1: null

2019-01-03 20:49:22 - [TEST_STEP][PASSED] - Statement - PreSaveFile = new java.io.File(((pathPrefix + java.lang.Integer.toString(counter)) + .png)): null

2019-01-03 20:49:22 - [TEST_STEP][PASSED] - Statement - counter = counter + 1: null

2019-01-03 20:49:22 - [TEST_STEP][PASSED] - Statement - PreSaveFile = new java.io.File(((pathPrefix + java.lang.Integer.toString(counter)) + .png)): null

2019-01-03 20:49:22 - [TEST_STEP][PASSED] - Statement - counter = counter + 1: null

2019-01-03 20:49:22 - [TEST_STEP][PASSED] - Statement - PreSaveFile = new java.io.File(((pathPrefix + java.lang.Integer.toString(counter)) + .png)): null

2019-01-03 20:49:22 - [TEST_STEP][PASSED] - Statement - counter = counter + 1: null

2019-01-03 20:49:22 - [TEST_STEP][PASSED] - Statement - PreSaveFile = new java.io.File(((pathPrefix + java.lang.Integer.toString(counter)) + .png)): null

2019-01-03 20:49:22 - [TEST_STEP][PASSED] - Statement - counter = counter + 1: null

2019-01-03 20:49:22 - [TEST_STEP][PASSED] - Statement - PreSaveFile = new java.io.File(((pathPrefix + java.lang.Integer.toString(counter)) + .png)): null

2019-01-03 20:49:22 - [TEST_STEP][PASSED] - Statement - counter = counter + 1: null

2019-01-03 20:49:22 - [TEST_STEP][PASSED] - Statement - PreSaveFile = new java.io.File(((pathPrefix + java.lang.Integer.toString(counter)) + .png)): null

2019-01-03 20:49:22 - [TEST_STEP][PASSED] - Statement - counter = counter + 1: null

2019-01-03 20:49:22 - [TEST_STEP][PASSED] - Statement - PreSaveFile = new java.io.File(((pathPrefix + java.lang.Integer.toString(counter)) + .png)): null

2019-01-03 20:49:22 - [TEST_STEP][PASSED] - Statement - counter = counter + 1: null

2019-01-03 20:49:22 - [TEST_STEP][PASSED] - Statement - PreSaveFile = new java.io.File(((pathPrefix + java.lang.Integer.toString(counter)) + .png)): null

2019-01-03 20:49:22 - [TEST_STEP][PASSED] - Statement - counter = counter + 1: null

2019-01-03 20:49:22 - [TEST_STEP][PASSED] - Statement - PreSaveFile = new java.io.File(((pathPrefix + java.lang.Integer.toString(counter)) + .png)): null

2019-01-03 20:49:22 - [TEST_STEP][PASSED] - Statement - counter = counter + 1: null

2019-01-03 20:49:22 - [TEST_STEP][PASSED] - Statement - PreSaveFile = new java.io.File(((pathPrefix + java.lang.Integer.toString(counter)) + .png)): null

2019-01-03 20:49:22 - [TEST_STEP][PASSED] - Statement - counter = counter + 1: null

2019-01-03 20:49:22 - [TEST_STEP][PASSED] - Statement - PreSaveFile = new java.io.File(((pathPrefix + java.lang.Integer.toString(counter)) + .png)): null

2019-01-03 20:49:22 - [TEST_STEP][PASSED] - Statement - counter = counter + 1: null

2019-01-03 20:49:22 - [TEST_STEP][PASSED] - Statement - PreSaveFile = new java.io.File(((pathPrefix + java.lang.Integer.toString(counter)) + .png)): null

2019-01-03 20:49:22 - [TEST_STEP][PASSED] - Statement - counter = counter + 1: null

2019-01-03 20:49:22 - [TEST_STEP][PASSED] - Statement - PreSaveFile = new java.io.File(((pathPrefix + java.lang.Integer.toString(counter)) + .png)): null

2019-01-03 20:49:22 - [TEST_STEP][PASSED] - Statement - counter = counter + 1: null

2019-01-03 20:49:22 - [TEST_STEP][PASSED] - Statement - PreSaveFile = new java.io.File(((pathPrefix + java.lang.Integer.toString(counter)) + .png)): null

2019-01-03 20:49:22 - [TEST_STEP][PASSED] - Statement - counter = counter + 1: null

2019-01-03 20:49:22 - [TEST_STEP][PASSED] - Statement - PreSaveFile = new java.io.File(((pathPrefix + java.lang.Integer.toString(counter)) + .png)): null

2019-01-03 20:49:22 - [TEST_STEP][PASSED] - Statement - counter = counter + 1: null

2019-01-03 20:49:22 - [TEST_STEP][PASSED] - Statement - PreSaveFile = new java.io.File(((pathPrefix + java.lang.Integer.toString(counter)) + .png)): null

2019-01-03 20:49:22 - [TEST_STEP][PASSED] - Statement - counter = counter + 1: null

2019-01-03 20:49:22 - [TEST_STEP][PASSED] - Statement - PreSaveFile = new java.io.File(((pathPrefix + java.lang.Integer.toString(counter)) + .png)): null

2019-01-03 20:49:22 - [TEST_STEP][PASSED] - Statement - counter = counter + 1: null

2019-01-03 20:49:22 - [TEST_STEP][PASSED] - Statement - PreSaveFile = new java.io.File(((pathPrefix + java.lang.Integer.toString(counter)) + .png)): null

2019-01-03 20:49:22 - [TEST_STEP][PASSED] - Statement - counter = counter + 1: null

2019-01-03 20:49:22 - [TEST_STEP][PASSED] - Statement - PreSaveFile = new java.io.File(((pathPrefix + java.lang.Integer.toString(counter)) + .png)): null

2019-01-03 20:49:22 - [TEST_STEP][PASSED] - Statement - counter = counter + 1: null

2019-01-03 20:49:22 - [TEST_STEP][PASSED] - Statement - PreSaveFile = new java.io.File(((pathPrefix + java.lang.Integer.toString(counter)) + .png)): null

2019-01-03 20:49:22 - [TEST_STEP][PASSED] - Statement - counter = counter + 1: null

2019-01-03 20:49:22 - [TEST_STEP][PASSED] - Statement - PreSaveFile = new java.io.File(((pathPrefix + java.lang.Integer.toString(counter)) + .png)): null

2019-01-03 20:49:22 - [TEST_STEP][PASSED] - Statement - counter = counter + 1: null

2019-01-03 20:49:22 - [TEST_STEP][PASSED] - Statement - PreSaveFile = new java.io.File(((pathPrefix + java.lang.Integer.toString(counter)) + .png)): null

2019-01-03 20:49:22 - [TEST_STEP][PASSED] - Statement - counter = counter + 1: null

2019-01-03 20:49:22 - [TEST_STEP][PASSED] - Statement - PreSaveFile = new java.io.File(((pathPrefix + java.lang.Integer.toString(counter)) + .png)): null

2019-01-03 20:49:22 - [TEST_STEP][PASSED] - Statement - counter = counter + 1: null

2019-01-03 20:49:22 - [TEST_STEP][PASSED] - Statement - PreSaveFile = new java.io.File(((pathPrefix + java.lang.Integer.toString(counter)) + .png)): null

2019-01-03 20:49:22 - [TEST_STEP][PASSED] - Statement - counter = counter + 1: null

2019-01-03 20:49:22 - [TEST_STEP][PASSED] - Statement - PreSaveFile = new java.io.File(((pathPrefix + java.lang.Integer.toString(counter)) + .png)): null

2019-01-03 20:49:22 - [TEST_STEP][PASSED] - Statement - counter = counter + 1: null

2019-01-03 20:49:22 - [TEST_STEP][PASSED] - Statement - PreSaveFile = new java.io.File(((pathPrefix + java.lang.Integer.toString(counter)) + .png)): null

2019-01-03 20:49:22 - [TEST_STEP][PASSED] - Statement - counter = counter + 1: null

2019-01-03 20:49:22 - [TEST_STEP][PASSED] - Statement - PreSaveFile = new java.io.File(((pathPrefix + java.lang.Integer.toString(counter)) + .png)): null

2019-01-03 20:49:22 - [TEST_STEP][PASSED] - Statement - counter = counter + 1: null

2019-01-03 20:49:22 - [TEST_STEP][PASSED] - Statement - PreSaveFile = new java.io.File(((pathPrefix + java.lang.Integer.toString(counter)) + .png)): null

2019-01-03 20:49:22 - [TEST_STEP][PASSED] - Statement - counter = counter + 1: null

2019-01-03 20:49:22 - [TEST_STEP][PASSED] - Statement - PreSaveFile = new java.io.File(((pathPrefix + java.lang.Integer.toString(counter)) + .png)): null

2019-01-03 20:49:22 - [TEST_STEP][PASSED] - Statement - counter = counter + 1: null

2019-01-03 20:49:22 - [TEST_STEP][PASSED] - Statement - PreSaveFile = new java.io.File(((pathPrefix + java.lang.Integer.toString(counter)) + .png)): null

2019-01-03 20:49:22 - [TEST_STEP][PASSED] - Statement - counter = counter + 1: null

2019-01-03 20:49:22 - [TEST_STEP][PASSED] - Statement - PreSaveFile = new java.io.File(((pathPrefix + java.lang.Integer.toString(counter)) + .png)): null

2019-01-03 20:49:22 - [TEST_STEP][PASSED] - Statement - counter = counter + 1: null

2019-01-03 20:49:22 - [TEST_STEP][PASSED] - Statement - PreSaveFile = new java.io.File(((pathPrefix + java.lang.Integer.toString(counter)) + .png)): null

2019-01-03 20:49:22 - [TEST_STEP][PASSED] - Statement - counter = counter + 1: null

2019-01-03 20:49:22 - [TEST_STEP][PASSED] - Statement - PreSaveFile = new java.io.File(((pathPrefix + java.lang.Integer.toString(counter)) + .png)): null

2019-01-03 20:49:22 - [TEST_STEP][PASSED] - Statement - counter = counter + 1: null

2019-01-03 20:49:22 - [TEST_STEP][PASSED] - Statement - PreSaveFile = new java.io.File(((pathPrefix + java.lang.Integer.toString(counter)) + .png)): null

2019-01-03 20:49:22 - [TEST_STEP][PASSED] - Statement - counter = counter + 1: null

2019-01-03 20:49:22 - [TEST_STEP][PASSED] - Statement - PreSaveFile = new java.io.File(((pathPrefix + java.lang.Integer.toString(counter)) + .png)): null

2019-01-03 20:49:22 - [TEST_STEP][PASSED] - Statement - counter = counter + 1: null

2019-01-03 20:49:22 - [TEST_STEP][PASSED] - Statement - PreSaveFile = new java.io.File(((pathPrefix + java.lang.Integer.toString(counter)) + .png)): null

2019-01-03 20:49:22 - [TEST_STEP][PASSED] - Statement - counter = counter + 1: null

2019-01-03 20:49:22 - [TEST_STEP][PASSED] - Statement - PreSaveFile = new java.io.File(((pathPrefix + java.lang.Integer.toString(counter)) + .png)): null

2019-01-03 20:49:22 - [TEST_STEP][PASSED] - Statement - counter = counter + 1: null

2019-01-03 20:49:22 - [TEST_STEP][PASSED] - Statement - PreSaveFile = new java.io.File(((pathPrefix + java.lang.Integer.toString(counter)) + .png)): null

2019-01-03 20:49:22 - [TEST_STEP][PASSED] - Statement - counter = counter + 1: null

2019-01-03 20:49:22 - [TEST_STEP][PASSED] - Statement - PreSaveFile = new java.io.File(((pathPrefix + java.lang.Integer.toString(counter)) + .png)): null

2019-01-03 20:49:22 - [TEST_STEP][PASSED] - Statement - counter = counter + 1: null

2019-01-03 20:49:22 - [TEST_STEP][PASSED] - Statement - PreSaveFile = new java.io.File(((pathPrefix + java.lang.Integer.toString(counter)) + .png)): null

2019-01-03 20:49:22 - [TEST_STEP][PASSED] - Statement - counter = counter + 1: null

2019-01-03 20:49:22 - [TEST_STEP][PASSED] - Statement - PreSaveFile = new java.io.File(((pathPrefix + java.lang.Integer.toString(counter)) + .png)): null

2019-01-03 20:49:22 - [TEST_STEP][PASSED] - Statement - counter = counter + 1: null

2019-01-03 20:49:22 - [TEST_STEP][PASSED] - Statement - PreSaveFile = new java.io.File(((pathPrefix + java.lang.Integer.toString(counter)) + .png)): null

2019-01-03 20:49:22 - [TEST_STEP][PASSED] - Statement - counter = counter + 1: null

2019-01-03 20:49:22 - [TEST_STEP][PASSED] - Statement - PreSaveFile = new java.io.File(((pathPrefix + java.lang.Integer.toString(counter)) + .png)): null

2019-01-03 20:49:22 - [TEST_STEP][PASSED] - Statement - counter = counter + 1: null

2019-01-03 20:49:22 - [TEST_STEP][PASSED] - Statement - PreSaveFile = new java.io.File(((pathPrefix + java.lang.Integer.toString(counter)) + .png)): null

2019-01-03 20:49:22 - [TEST_STEP][PASSED] - Statement - counter = counter + 1: null

2019-01-03 20:49:22 - [TEST_STEP][PASSED] - Statement - PreSaveFile = new java.io.File(((pathPrefix + java.lang.Integer.toString(counter)) + .png)): null

2019-01-03 20:49:22 - [TEST_STEP][PASSED] - Statement - counter = counter + 1: null

2019-01-03 20:49:22 - [TEST_STEP][PASSED] - Statement - PreSaveFile = new java.io.File(((pathPrefix + java.lang.Integer.toString(counter)) + .png)): null

2019-01-03 20:49:22 - [TEST_STEP][PASSED] - Statement - counter = counter + 1: null

2019-01-03 20:49:22 - [TEST_STEP][PASSED] - Statement - PreSaveFile = new java.io.File(((pathPrefix + java.lang.Integer.toString(counter)) + .png)): null

2019-01-03 20:49:22 - [TEST_STEP][PASSED] - Statement - counter = counter + 1: null

2019-01-03 20:49:22 - [TEST_STEP][PASSED] - Statement - PreSaveFile = new java.io.File(((pathPrefix + java.lang.Integer.toString(counter)) + .png)): null

2019-01-03 20:49:22 - [TEST_STEP][PASSED] - Statement - counter = counter + 1: null

2019-01-03 20:49:22 - [TEST_STEP][PASSED] - Statement - PreSaveFile = new java.io.File(((pathPrefix + java.lang.Integer.toString(counter)) + .png)): null

2019-01-03 20:49:22 - [TEST_STEP][PASSED] - Statement - counter = counter + 1: null

2019-01-03 20:49:22 - [TEST_STEP][PASSED] - Statement - PreSaveFile = new java.io.File(((pathPrefix + java.lang.Integer.toString(counter)) + .png)): null

2019-01-03 20:49:22 - [TEST_STEP][PASSED] - Statement - counter = counter + 1: null

2019-01-03 20:49:22 - [TEST_STEP][PASSED] - Statement - PreSaveFile = new java.io.File(((pathPrefix + java.lang.Integer.toString(counter)) + .png)): null

2019-01-03 20:49:22 - [TEST_STEP][PASSED] - Statement - counter = counter + 1: null

2019-01-03 20:49:22 - [TEST_STEP][PASSED] - Statement - PreSaveFile = new java.io.File(((pathPrefix + java.lang.Integer.toString(counter)) + .png)): null

2019-01-03 20:49:22 - [TEST_STEP][PASSED] - Statement - counter = counter + 1: null

2019-01-03 20:49:22 - [TEST_STEP][PASSED] - Statement - PreSaveFile = new java.io.File(((pathPrefix + java.lang.Integer.toString(counter)) + .png)): null

2019-01-03 20:49:22 - [TEST_STEP][PASSED] - Statement - counter = counter + 1: null

2019-01-03 20:49:22 - [TEST_STEP][PASSED] - Statement - PreSaveFile = new java.io.File(((pathPrefix + java.lang.Integer.toString(counter)) + .png)): null

2019-01-03 20:49:22 - [TEST_STEP][PASSED] - Statement - counter = counter + 1: null

2019-01-03 20:49:22 - [TEST_STEP][PASSED] - Statement - PreSaveFile = new java.io.File(((pathPrefix + java.lang.Integer.toString(counter)) + .png)): null

2019-01-03 20:49:22 - [TEST_STEP][PASSED] - Statement - counter = counter + 1: null

2019-01-03 20:49:22 - [TEST_STEP][PASSED] - Statement - PreSaveFile = new java.io.File(((pathPrefix + java.lang.Integer.toString(counter)) + .png)): null

2019-01-03 20:49:22 - [TEST_STEP][PASSED] - Statement - counter = counter + 1: null

2019-01-03 20:49:22 - [TEST_STEP][PASSED] - Statement - PreSaveFile = new java.io.File(((pathPrefix + java.lang.Integer.toString(counter)) + .png)): null

2019-01-03 20:49:22 - [TEST_STEP][PASSED] - Statement - counter = counter + 1: null

2019-01-03 20:49:22 - [TEST_STEP][PASSED] - Statement - PreSaveFile = new java.io.File(((pathPrefix + java.lang.Integer.toString(counter)) + .png)): null

2019-01-03 20:49:22 - [TEST_STEP][PASSED] - Statement - counter = counter + 1: null

2019-01-03 20:49:22 - [TEST_STEP][PASSED] - Statement - PreSaveFile = new java.io.File(((pathPrefix + java.lang.Integer.toString(counter)) + .png)): null

2019-01-03 20:49:22 - [TEST_STEP][PASSED] - Statement - counter = counter + 1: null

2019-01-03 20:49:22 - [TEST_STEP][PASSED] - Statement - PreSaveFile = new java.io.File(((pathPrefix + java.lang.Integer.toString(counter)) + .png)): null

2019-01-03 20:49:22 - [TEST_STEP][PASSED] - Statement - counter = counter + 1: null

2019-01-03 20:49:22 - [TEST_STEP][PASSED] - Statement - PreSaveFile = new java.io.File(((pathPrefix + java.lang.Integer.toString(counter)) + .png)): null

2019-01-03 20:49:22 - [TEST_STEP][PASSED] - Statement - counter = counter + 1: null

2019-01-03 20:49:22 - [TEST_STEP][PASSED] - Statement - PreSaveFile = new java.io.File(((pathPrefix + java.lang.Integer.toString(counter)) + .png)): null

2019-01-03 20:49:23 - [TEST_STEP][PASSED] - Statement - counter = counter + 1: null

2019-01-03 20:49:23 - [TEST_STEP][PASSED] - Statement - PreSaveFile = new java.io.File(((pathPrefix + java.lang.Integer.toString(counter)) + .png)): null

2019-01-03 20:49:23 - [TEST_STEP][PASSED] - Statement - counter = counter + 1: null

2019-01-03 20:49:23 - [TEST_STEP][PASSED] - Statement - PreSaveFile = new java.io.File(((pathPrefix + java.lang.Integer.toString(counter)) + .png)): null

2019-01-03 20:49:23 - [TEST_STEP][PASSED] - Statement - counter = counter + 1: null

2019-01-03 20:49:23 - [TEST_STEP][PASSED] - Statement - PreSaveFile = new java.io.File(((pathPrefix + java.lang.Integer.toString(counter)) + .png)): null

2019-01-03 20:49:23 - [TEST_STEP][PASSED] - Statement - counter = counter + 1: null

2019-01-03 20:49:23 - [TEST_STEP][PASSED] - Statement - PreSaveFile = new java.io.File(((pathPrefix + java.lang.Integer.toString(counter)) + .png)): null

2019-01-03 20:49:23 - [TEST_STEP][PASSED] - Statement - counter = counter + 1: null

2019-01-03 20:49:23 - [TEST_STEP][PASSED] - Statement - PreSaveFile = new java.io.File(((pathPrefix + java.lang.Integer.toString(counter)) + .png)): null

2019-01-03 20:49:23 - [TEST_STEP][PASSED] - Statement - counter = counter + 1: null

2019-01-03 20:49:23 - [TEST_STEP][PASSED] - Statement - PreSaveFile = new java.io.File(((pathPrefix + java.lang.Integer.toString(counter)) + .png)): null

2019-01-03 20:49:23 - [TEST_STEP][PASSED] - Statement - counter = counter + 1: null

2019-01-03 20:49:23 - [TEST_STEP][PASSED] - Statement - PreSaveFile = new java.io.File(((pathPrefix + java.lang.Integer.toString(counter)) + .png)): null

2019-01-03 20:49:23 - [TEST_STEP][PASSED] - Statement - counter = counter + 1: null

2019-01-03 20:49:23 - [TEST_STEP][PASSED] - Statement - PreSaveFile = new java.io.File(((pathPrefix + java.lang.Integer.toString(counter)) + .png)): null

2019-01-03 20:49:23 - [TEST_STEP][PASSED] - Statement - counter = counter + 1: null

2019-01-03 20:49:23 - [TEST_STEP][PASSED] - Statement - PreSaveFile = new java.io.File(((pathPrefix + java.lang.Integer.toString(counter)) + .png)): null

2019-01-03 20:49:23 - [TEST_STEP][PASSED] - Statement - counter = counter + 1: null

2019-01-03 20:49:23 - [TEST_STEP][PASSED] - Statement - PreSaveFile = new java.io.File(((pathPrefix + java.lang.Integer.toString(counter)) + .png)): null

2019-01-03 20:49:23 - [TEST_STEP][PASSED] - Statement - counter = counter + 1: null

2019-01-03 20:49:23 - [TEST_STEP][PASSED] - Statement - PreSaveFile = new java.io.File(((pathPrefix + java.lang.Integer.toString(counter)) + .png)): null

2019-01-03 20:49:23 - [TEST_STEP][PASSED] - Statement - counter = counter + 1: null

2019-01-03 20:49:23 - [TEST_STEP][PASSED] - Statement - PreSaveFile = new java.io.File(((pathPrefix + java.lang.Integer.toString(counter)) + .png)): null

2019-01-03 20:49:23 - [TEST_STEP][PASSED] - Statement - counter = counter + 1: null

2019-01-03 20:49:23 - [TEST_STEP][PASSED] - Statement - PreSaveFile = new java.io.File(((pathPrefix + java.lang.Integer.toString(counter)) + .png)): null

2019-01-03 20:49:23 - [TEST_STEP][PASSED] - Statement - counter = counter + 1: null

2019-01-03 20:49:23 - [TEST_STEP][PASSED] - Statement - PreSaveFile = new java.io.File(((pathPrefix + java.lang.Integer.toString(counter)) + .png)): null

2019-01-03 20:49:23 - [TEST_STEP][PASSED] - Statement - counter = counter + 1: null

2019-01-03 20:49:23 - [TEST_STEP][PASSED] - Statement - PreSaveFile = new java.io.File(((pathPrefix + java.lang.Integer.toString(counter)) + .png)): null

2019-01-03 20:49:23 - [TEST_STEP][PASSED] - Statement - counter = counter + 1: null

2019-01-03 20:49:23 - [TEST_STEP][PASSED] - Statement - PreSaveFile = new java.io.File(((pathPrefix + java.lang.Integer.toString(counter)) + .png)): null

2019-01-03 20:49:23 - [TEST_STEP][PASSED] - Statement - counter = counter + 1: null

2019-01-03 20:49:23 - [TEST_STEP][PASSED] - Statement - PreSaveFile = new java.io.File(((pathPrefix + java.lang.Integer.toString(counter)) + .png)): null

2019-01-03 20:49:23 - [TEST_STEP][PASSED] - Statement - counter = counter + 1: null

2019-01-03 20:49:23 - [TEST_STEP][PASSED] - Statement - PreSaveFile = new java.io.File(((pathPrefix + java.lang.Integer.toString(counter)) + .png)): null

2019-01-03 20:49:23 - [TEST_STEP][PASSED] - Statement - counter = counter + 1: null

2019-01-03 20:49:23 - [TEST_STEP][PASSED] - Statement - PreSaveFile = new java.io.File(((pathPrefix + java.lang.Integer.toString(counter)) + .png)): null

2019-01-03 20:49:23 - [TEST_STEP][PASSED] - Statement - counter = counter + 1: null

2019-01-03 20:49:23 - [TEST_STEP][PASSED] - Statement - PreSaveFile = new java.io.File(((pathPrefix + java.lang.Integer.toString(counter)) + .png)): null

2019-01-03 20:49:23 - [TEST_STEP][PASSED] - Statement - counter = counter + 1: null

2019-01-03 20:49:23 - [TEST_STEP][PASSED] - Statement - PreSaveFile = new java.io.File(((pathPrefix + java.lang.Integer.toString(counter)) + .png)): null

2019-01-03 20:49:23 - [TEST_STEP][PASSED] - Statement - counter = counter + 1: null

2019-01-03 20:49:23 - [TEST_STEP][PASSED] - Statement - PreSaveFile = new java.io.File(((pathPrefix + java.lang.Integer.toString(counter)) + .png)): null

2019-01-03 20:49:23 - [TEST_STEP][PASSED] - Statement - counter = counter + 1: null

2019-01-03 20:49:23 - [TEST_STEP][PASSED] - Statement - PreSaveFile = new java.io.File(((pathPrefix + java.lang.Integer.toString(counter)) + .png)): null

2019-01-03 20:49:23 - [TEST_STEP][PASSED] - Statement - counter = counter + 1: null

2019-01-03 20:49:23 - [TEST_STEP][PASSED] - Statement - PreSaveFile = new java.io.File(((pathPrefix + java.lang.Integer.toString(counter)) + .png)): null

2019-01-03 20:49:23 - [TEST_STEP][PASSED] - Statement - counter = counter + 1: null

2019-01-03 20:49:23 - [TEST_STEP][PASSED] - Statement - PreSaveFile = new java.io.File(((pathPrefix + java.lang.Integer.toString(counter)) + .png)): null

2019-01-03 20:49:23 - [TEST_STEP][PASSED] - Statement - counter = counter + 1: null

2019-01-03 20:49:23 - [TEST_STEP][PASSED] - Statement - PreSaveFile = new java.io.File(((pathPrefix + java.lang.Integer.toString(counter)) + .png)): null

2019-01-03 20:49:23 - [TEST_STEP][PASSED] - Statement - counter = counter + 1: null

2019-01-03 20:49:23 - [TEST_STEP][PASSED] - Statement - PreSaveFile = new java.io.File(((pathPrefix + java.lang.Integer.toString(counter)) + .png)): null

2019-01-03 20:49:23 - [TEST_STEP][PASSED] - Statement - counter = counter + 1: null

2019-01-03 20:49:23 - [TEST_STEP][PASSED] - Statement - PreSaveFile = new java.io.File(((pathPrefix + java.lang.Integer.toString(counter)) + .png)): null

2019-01-03 20:49:23 - [TEST_STEP][PASSED] - Statement - counter = counter + 1: null

2019-01-03 20:49:23 - [TEST_STEP][PASSED] - Statement - PreSaveFile = new java.io.File(((pathPrefix + java.lang.Integer.toString(counter)) + .png)): null

2019-01-03 20:49:23 - [TEST_STEP][PASSED] - Statement - counter = counter + 1: null

2019-01-03 20:49:23 - [TEST_STEP][PASSED] - Statement - PreSaveFile = new java.io.File(((pathPrefix + java.lang.Integer.toString(counter)) + .png)): null

2019-01-03 20:49:23 - [TEST_STEP][PASSED] - Statement - counter = counter + 1: null

2019-01-03 20:49:23 - [TEST_STEP][PASSED] - Statement - PreSaveFile = new java.io.File(((pathPrefix + java.lang.Integer.toString(counter)) + .png)): null

2019-01-03 20:49:23 - [TEST_STEP][PASSED] - Statement - counter = counter + 1: null

2019-01-03 20:49:23 - [TEST_STEP][PASSED] - Statement - PreSaveFile = new java.io.File(((pathPrefix + java.lang.Integer.toString(counter)) + .png)): null

2019-01-03 20:49:23 - [TEST_STEP][PASSED] - Statement - counter = counter + 1: null

2019-01-03 20:49:23 - [TEST_STEP][PASSED] - Statement - PreSaveFile = new java.io.File(((pathPrefix + java.lang.Integer.toString(counter)) + .png)): null

2019-01-03 20:49:23 - [TEST_STEP][PASSED] - Statement - counter = counter + 1: null

2019-01-03 20:49:23 - [TEST_STEP][PASSED] - Statement - PreSaveFile = new java.io.File(((pathPrefix + java.lang.Integer.toString(counter)) + .png)): null

2019-01-03 20:49:23 - [TEST_STEP][PASSED] - Statement - counter = counter + 1: null

2019-01-03 20:49:23 - [TEST_STEP][PASSED] - Statement - PreSaveFile = new java.io.File(((pathPrefix + java.lang.Integer.toString(counter)) + .png)): null

2019-01-03 20:49:23 - [TEST_STEP][PASSED] - Statement - counter = counter + 1: null

2019-01-03 20:49:23 - [TEST_STEP][PASSED] - Statement - PreSaveFile = new java.io.File(((pathPrefix + java.lang.Integer.toString(counter)) + .png)): null

2019-01-03 20:49:23 - [TEST_STEP][PASSED] - Statement - counter = counter + 1: null

2019-01-03 20:49:23 - [TEST_STEP][PASSED] - Statement - PreSaveFile = new java.io.File(((pathPrefix + java.lang.Integer.toString(counter)) + .png)): null

2019-01-03 20:49:23 - [TEST_STEP][PASSED] - Statement - counter = counter + 1: null

2019-01-03 20:49:23 - [TEST_STEP][PASSED] - Statement - PreSaveFile = new java.io.File(((pathPrefix + java.lang.Integer.toString(counter)) + .png)): null

2019-01-03 20:49:23 - [TEST_STEP][PASSED] - Statement - counter = counter + 1: null

2019-01-03 20:49:23 - [TEST_STEP][PASSED] - Statement - PreSaveFile = new java.io.File(((pathPrefix + java.lang.Integer.toString(counter)) + .png)): null

2019-01-03 20:49:23 - [TEST_STEP][PASSED] - Statement - counter = counter + 1: null

2019-01-03 20:49:23 - [TEST_STEP][PASSED] - Statement - PreSaveFile = new java.io.File(((pathPrefix + java.lang.Integer.toString(counter)) + .png)): null

2019-01-03 20:49:23 - [TEST_STEP][PASSED] - Statement - counter = counter + 1: null

2019-01-03 20:49:23 - [TEST_STEP][PASSED] - Statement - PreSaveFile = new java.io.File(((pathPrefix + java.lang.Integer.toString(counter)) + .png)): null

2019-01-03 20:49:23 - [TEST_STEP][PASSED] - Statement - counter = counter + 1: null

2019-01-03 20:49:23 - [TEST_STEP][PASSED] - Statement - PreSaveFile = new java.io.File(((pathPrefix + java.lang.Integer.toString(counter)) + .png)): null

2019-01-03 20:49:23 - [TEST_STEP][PASSED] - Statement - counter = counter + 1: null

2019-01-03 20:49:23 - [TEST_STEP][PASSED] - Statement - PreSaveFile = new java.io.File(((pathPrefix + java.lang.Integer.toString(counter)) + .png)): null

2019-01-03 20:49:23 - [TEST_STEP][PASSED] - Statement - counter = counter + 1: null

2019-01-03 20:49:23 - [TEST_STEP][PASSED] - Statement - PreSaveFile = new java.io.File(((pathPrefix + java.lang.Integer.toString(counter)) + .png)): null

2019-01-03 20:49:23 - [TEST_STEP][PASSED] - Statement - counter = counter + 1: null

2019-01-03 20:49:23 - [TEST_STEP][PASSED] - Statement - PreSaveFile = new java.io.File(((pathPrefix + java.lang.Integer.toString(counter)) + .png)): null

2019-01-03 20:49:23 - [TEST_STEP][PASSED] - Statement - counter = counter + 1: null

2019-01-03 20:49:23 - [TEST_STEP][PASSED] - Statement - PreSaveFile = new java.io.File(((pathPrefix + java.lang.Integer.toString(counter)) + .png)): null

2019-01-03 20:49:23 - [TEST_STEP][PASSED] - Statement - counter = counter + 1: null

2019-01-03 20:49:23 - [TEST_STEP][PASSED] - Statement - PreSaveFile = new java.io.File(((pathPrefix + java.lang.Integer.toString(counter)) + .png)): null

2019-01-03 20:49:23 - [TEST_STEP][PASSED] - Statement - counter = counter + 1: null

2019-01-03 20:49:23 - [TEST_STEP][PASSED] - Statement - PreSaveFile = new java.io.File(((pathPrefix + java.lang.Integer.toString(counter)) + .png)): null

2019-01-03 20:49:23 - [TEST_STEP][PASSED] - Statement - counter = counter + 1: null

2019-01-03 20:49:23 - [TEST_STEP][PASSED] - Statement - PreSaveFile = new java.io.File(((pathPrefix + java.lang.Integer.toString(counter)) + .png)): null

2019-01-03 20:49:23 - [TEST_STEP][PASSED] - Statement - counter = counter + 1: null

2019-01-03 20:49:23 - [TEST_STEP][PASSED] - Statement - PreSaveFile = new java.io.File(((pathPrefix + java.lang.Integer.toString(counter)) + .png)): null

2019-01-03 20:49:23 - [TEST_STEP][PASSED] - Statement - counter = counter + 1: null

2019-01-03 20:49:23 - [TEST_STEP][PASSED] - Statement - PreSaveFile = new java.io.File(((pathPrefix + java.lang.Integer.toString(counter)) + .png)): null

2019-01-03 20:49:23 - [TEST_STEP][PASSED] - Statement - counter = counter + 1: null

2019-01-03 20:49:23 - [TEST_STEP][PASSED] - Statement - PreSaveFile = new java.io.File(((pathPrefix + java.lang.Integer.toString(counter)) + .png)): null

2019-01-03 20:49:23 - [TEST_STEP][PASSED] - Statement - counter = counter + 1: null

2019-01-03 20:49:23 - [TEST_STEP][PASSED] - Statement - PreSaveFile = new java.io.File(((pathPrefix + java.lang.Integer.toString(counter)) + .png)): null

2019-01-03 20:49:23 - [TEST_STEP][PASSED] - Statement - counter = counter + 1: null

2019-01-03 20:49:23 - [TEST_STEP][PASSED] - Statement - PreSaveFile = new java.io.File(((pathPrefix + java.lang.Integer.toString(counter)) + .png)): null

2019-01-03 20:49:23 - [TEST_STEP][PASSED] - Statement - counter = counter + 1: null

2019-01-03 20:49:23 - [TEST_STEP][PASSED] - Statement - PreSaveFile = new java.io.File(((pathPrefix + java.lang.Integer.toString(counter)) + .png)): null

2019-01-03 20:49:23 - [TEST_STEP][PASSED] - Statement - counter = counter + 1: null

2019-01-03 20:49:23 - [TEST_STEP][PASSED] - Statement - PreSaveFile = new java.io.File(((pathPrefix + java.lang.Integer.toString(counter)) + .png)): null

2019-01-03 20:49:23 - [TEST_STEP][PASSED] - Statement - counter = counter + 1: null

2019-01-03 20:49:23 - [TEST_STEP][PASSED] - Statement - PreSaveFile = new java.io.File(((pathPrefix + java.lang.Integer.toString(counter)) + .png)): null

2019-01-03 20:49:23 - [TEST_STEP][PASSED] - Statement - counter = counter + 1: null

2019-01-03 20:49:23 - [TEST_STEP][PASSED] - Statement - PreSaveFile = new java.io.File(((pathPrefix + java.lang.Integer.toString(counter)) + .png)): null

2019-01-03 20:49:23 - [TEST_STEP][PASSED] - Statement - counter = counter + 1: null

2019-01-03 20:49:23 - [TEST_STEP][PASSED] - Statement - PreSaveFile = new java.io.File(((pathPrefix + java.lang.Integer.toString(counter)) + .png)): null

2019-01-03 20:49:23 - [TEST_STEP][PASSED] - Statement - counter = counter + 1: null

2019-01-03 20:49:23 - [TEST_STEP][PASSED] - Statement - PreSaveFile = new java.io.File(((pathPrefix + java.lang.Integer.toString(counter)) + .png)): null

2019-01-03 20:49:23 - [TEST_STEP][PASSED] - Statement - counter = counter + 1: null

2019-01-03 20:49:23 - [TEST_STEP][PASSED] - Statement - PreSaveFile = new java.io.File(((pathPrefix + java.lang.Integer.toString(counter)) + .png)): null

2019-01-03 20:49:23 - [TEST_STEP][PASSED] - Statement - counter = counter + 1: null

2019-01-03 20:49:23 - [TEST_STEP][PASSED] - Statement - PreSaveFile = new java.io.File(((pathPrefix + java.lang.Integer.toString(counter)) + .png)): null

2019-01-03 20:49:23 - [TEST_STEP][PASSED] - Statement - counter = counter + 1: null

2019-01-03 20:49:23 - [TEST_STEP][PASSED] - Statement - PreSaveFile = new java.io.File(((pathPrefix + java.lang.Integer.toString(counter)) + .png)): null

2019-01-03 20:49:23 - [TEST_STEP][PASSED] - Statement - counter = counter + 1: null

2019-01-03 20:49:23 - [TEST_STEP][PASSED] - Statement - PreSaveFile = new java.io.File(((pathPrefix + java.lang.Integer.toString(counter)) + .png)): null

2019-01-03 20:49:23 - [TEST_STEP][PASSED] - Statement - counter = counter + 1: null

2019-01-03 20:49:23 - [TEST_STEP][PASSED] - Statement - PreSaveFile = new java.io.File(((pathPrefix + java.lang.Integer.toString(counter)) + .png)): null

2019-01-03 20:49:23 - [TEST_STEP][PASSED] - Statement - counter = counter + 1: null

2019-01-03 20:49:23 - [TEST_STEP][PASSED] - Statement - PreSaveFile = new java.io.File(((pathPrefix + java.lang.Integer.toString(counter)) + .png)): null

2019-01-03 20:49:23 - [TEST_STEP][PASSED] - Statement - counter = counter + 1: null

2019-01-03 20:49:23 - [TEST_STEP][PASSED] - Statement - PreSaveFile = new java.io.File(((pathPrefix + java.lang.Integer.toString(counter)) + .png)): null

2019-01-03 20:49:23 - [TEST_STEP][PASSED] - Statement - counter = counter + 1: null

2019-01-03 20:49:23 - [TEST_STEP][PASSED] - Statement - PreSaveFile = new java.io.File(((pathPrefix + java.lang.Integer.toString(counter)) + .png)): null

2019-01-03 20:49:23 - [TEST_STEP][PASSED] - Statement - counter = counter + 1: null

2019-01-03 20:49:23 - [TEST_STEP][PASSED] - Statement - PreSaveFile = new java.io.File(((pathPrefix + java.lang.Integer.toString(counter)) + .png)): null

2019-01-03 20:49:23 - [TEST_STEP][PASSED] - Statement - counter = counter + 1: null

2019-01-03 20:49:23 - [TEST_STEP][PASSED] - Statement - PreSaveFile = new java.io.File(((pathPrefix + java.lang.Integer.toString(counter)) + .png)): null

2019-01-03 20:49:23 - [TEST_STEP][PASSED] - Statement - counter = counter + 1: null

2019-01-03 20:49:23 - [TEST_STEP][PASSED] - Statement - PreSaveFile = new java.io.File(((pathPrefix + java.lang.Integer.toString(counter)) + .png)): null

2019-01-03 20:49:23 - [TEST_STEP][PASSED] - Statement - counter = counter + 1: null

2019-01-03 20:49:23 - [TEST_STEP][PASSED] - Statement - PreSaveFile = new java.io.File(((pathPrefix + java.lang.Integer.toString(counter)) + .png)): null

2019-01-03 20:49:23 - [TEST_STEP][PASSED] - Statement - counter = counter + 1: null

2019-01-03 20:49:23 - [TEST_STEP][PASSED] - Statement - PreSaveFile = new java.io.File(((pathPrefix + java.lang.Integer.toString(counter)) + .png)): null

2019-01-03 20:49:23 - [TEST_STEP][PASSED] - Statement - counter = counter + 1: null

2019-01-03 20:49:23 - [TEST_STEP][PASSED] - Statement - PreSaveFile = new java.io.File(((pathPrefix + java.lang.Integer.toString(counter)) + .png)): null

2019-01-03 20:49:23 - [TEST_STEP][PASSED] - Statement - counter = counter + 1: null

2019-01-03 20:49:23 - [TEST_STEP][PASSED] - Statement - PreSaveFile = new java.io.File(((pathPrefix + java.lang.Integer.toString(counter)) + .png)): null

2019-01-03 20:49:23 - [TEST_STEP][PASSED] - Statement - counter = counter + 1: null

2019-01-03 20:49:23 - [TEST_STEP][PASSED] - Statement - PreSaveFile = new java.io.File(((pathPrefix + java.lang.Integer.toString(counter)) + .png)): null

2019-01-03 20:49:23 - [TEST_STEP][PASSED] - Statement - counter = counter + 1: null

2019-01-03 20:49:23 - [TEST_STEP][PASSED] - Statement - PreSaveFile = new java.io.File(((pathPrefix + java.lang.Integer.toString(counter)) + .png)): null

2019-01-03 20:49:23 - [TEST_STEP][PASSED] - Statement - counter = counter + 1: null

2019-01-03 20:49:23 - [TEST_STEP][PASSED] - Statement - PreSaveFile = new java.io.File(((pathPrefix + java.lang.Integer.toString(counter)) + .png)): null

2019-01-03 20:49:23 - [TEST_STEP][PASSED] - Statement - counter = counter + 1: null

2019-01-03 20:49:23 - [TEST_STEP][PASSED] - Statement - PreSaveFile = new java.io.File(((pathPrefix + java.lang.Integer.toString(counter)) + .png)): null

2019-01-03 20:49:23 - [TEST_STEP][PASSED] - Statement - counter = counter + 1: null

2019-01-03 20:49:23 - [TEST_STEP][PASSED] - Statement - PreSaveFile = new java.io.File(((pathPrefix + java.lang.Integer.toString(counter)) + .png)): null

2019-01-03 20:49:23 - [TEST_STEP][PASSED] - Statement - counter = counter + 1: null

2019-01-03 20:49:23 - [TEST_STEP][PASSED] - Statement - PreSaveFile = new java.io.File(((pathPrefix + java.lang.Integer.toString(counter)) + .png)): null

2019-01-03 20:49:23 - [TEST_STEP][PASSED] - Statement - counter = counter + 1: null

2019-01-03 20:49:23 - [TEST_STEP][PASSED] - Statement - PreSaveFile = new java.io.File(((pathPrefix + java.lang.Integer.toString(counter)) + .png)): null

2019-01-03 20:49:23 - [TEST_STEP][PASSED] - Statement - counter = counter + 1: null

2019-01-03 20:49:23 - [TEST_STEP][PASSED] - Statement - PreSaveFile = new java.io.File(((pathPrefix + java.lang.Integer.toString(counter)) + .png)): null

2019-01-03 20:49:23 - [TEST_STEP][PASSED] - Statement - counter = counter + 1: null

2019-01-03 20:49:23 - [TEST_STEP][PASSED] - Statement - PreSaveFile = new java.io.File(((pathPrefix + java.lang.Integer.toString(counter)) + .png)): null

2019-01-03 20:49:23 - [TEST_STEP][PASSED] - Statement - counter = counter + 1: null

2019-01-03 20:49:23 - [TEST_STEP][PASSED] - Statement - PreSaveFile = new java.io.File(((pathPrefix + java.lang.Integer.toString(counter)) + .png)): null

2019-01-03 20:49:23 - [TEST_STEP][PASSED] - Statement - counter = counter + 1: null

2019-01-03 20:49:23 - [TEST_STEP][PASSED] - Statement - PreSaveFile = new java.io.File(((pathPrefix + java.lang.Integer.toString(counter)) + .png)): null

2019-01-03 20:49:23 - [TEST_STEP][PASSED] - Statement - counter = counter + 1: null

2019-01-03 20:49:23 - [TEST_STEP][PASSED] - Statement - PreSaveFile = new java.io.File(((pathPrefix + java.lang.Integer.toString(counter)) + .png)): null

2019-01-03 20:49:23 - [TEST_STEP][PASSED] - Statement - counter = counter + 1: null

2019-01-03 20:49:23 - [TEST_STEP][PASSED] - Statement - PreSaveFile = new java.io.File(((pathPrefix + java.lang.Integer.toString(counter)) + .png)): null

2019-01-03 20:49:23 - [TEST_STEP][PASSED] - Statement - counter = counter + 1: null

2019-01-03 20:49:23 - [TEST_STEP][PASSED] - Statement - PreSaveFile = new java.io.File(((pathPrefix + java.lang.Integer.toString(counter)) + .png)): null

2019-01-03 20:49:23 - [TEST_STEP][PASSED] - Statement - counter = counter + 1: null

2019-01-03 20:49:23 - [TEST_STEP][PASSED] - Statement - PreSaveFile = new java.io.File(((pathPrefix + java.lang.Integer.toString(counter)) + .png)): null

2019-01-03 20:49:23 - [TEST_STEP][PASSED] - Statement - counter = counter + 1: null

2019-01-03 20:49:23 - [TEST_STEP][PASSED] - Statement - PreSaveFile = new java.io.File(((pathPrefix + java.lang.Integer.toString(counter)) + .png)): null

2019-01-03 20:49:23 - [TEST_STEP][PASSED] - Statement - counter = counter + 1: null

2019-01-03 20:49:23 - [TEST_STEP][PASSED] - Statement - PreSaveFile = new java.io.File(((pathPrefix + java.lang.Integer.toString(counter)) + .png)): null

2019-01-03 20:49:23 - [TEST_STEP][PASSED] - Statement - counter = counter + 1: null

2019-01-03 20:49:23 - [TEST_STEP][PASSED] - Statement - PreSaveFile = new java.io.File(((pathPrefix + java.lang.Integer.toString(counter)) + .png)): null

2019-01-03 20:49:23 - [TEST_STEP][PASSED] - Statement - counter = counter + 1: null

2019-01-03 20:49:23 - [TEST_STEP][PASSED] - Statement - PreSaveFile = new java.io.File(((pathPrefix + java.lang.Integer.toString(counter)) + .png)): null

2019-01-03 20:49:23 - [TEST_STEP][PASSED] - Statement - counter = counter + 1: null

2019-01-03 20:49:23 - [TEST_STEP][PASSED] - Statement - PreSaveFile = new java.io.File(((pathPrefix + java.lang.Integer.toString(counter)) + .png)): null

2019-01-03 20:49:23 - [TEST_STEP][PASSED] - Statement - counter = counter + 1: null

2019-01-03 20:49:23 - [TEST_STEP][PASSED] - Statement - PreSaveFile = new java.io.File(((pathPrefix + java.lang.Integer.toString(counter)) + .png)): null

2019-01-03 20:49:23 - [TEST_STEP][PASSED] - Statement - counter = counter + 1: null

2019-01-03 20:49:23 - [TEST_STEP][PASSED] - Statement - PreSaveFile = new java.io.File(((pathPrefix + java.lang.Integer.toString(counter)) + .png)): null

2019-01-03 20:49:23 - [TEST_STEP][PASSED] - Statement - counter = counter + 1: null

2019-01-03 20:49:23 - [TEST_STEP][PASSED] - Statement - PreSaveFile = new java.io.File(((pathPrefix + java.lang.Integer.toString(counter)) + .png)): null

2019-01-03 20:49:23 - [TEST_STEP][PASSED] - Statement - counter = counter + 1: null

2019-01-03 20:49:23 - [TEST_STEP][PASSED] - Statement - PreSaveFile = new java.io.File(((pathPrefix + java.lang.Integer.toString(counter)) + .png)): null

2019-01-03 20:49:23 - [TEST_STEP][PASSED] - Statement - counter = counter + 1: null

2019-01-03 20:49:23 - [TEST_STEP][PASSED] - Statement - PreSaveFile = new java.io.File(((pathPrefix + java.lang.Integer.toString(counter)) + .png)): null

2019-01-03 20:49:23 - [TEST_STEP][PASSED] - Statement - counter = counter + 1: null

2019-01-03 20:49:23 - [TEST_STEP][PASSED] - Statement - PreSaveFile = new java.io.File(((pathPrefix + java.lang.Integer.toString(counter)) + .png)): null

2019-01-03 20:49:23 - [TEST_STEP][PASSED] - Statement - counter = counter + 1: null

2019-01-03 20:49:23 - [TEST_STEP][PASSED] - Statement - PreSaveFile = new java.io.File(((pathPrefix + java.lang.Integer.toString(counter)) + .png)): null

2019-01-03 20:49:23 - [TEST_STEP][PASSED] - Statement - counter = counter + 1: null

2019-01-03 20:49:23 - [TEST_STEP][PASSED] - Statement - PreSaveFile = new java.io.File(((pathPrefix + java.lang.Integer.toString(counter)) + .png)): null

2019-01-03 20:49:23 - [TEST_STEP][PASSED] - Statement - counter = counter + 1: null

2019-01-03 20:49:23 - [TEST_STEP][PASSED] - Statement - PreSaveFile = new java.io.File(((pathPrefix + java.lang.Integer.toString(counter)) + .png)): null

2019-01-03 20:49:23 - [TEST_STEP][PASSED] - Statement - counter = counter + 1: null

2019-01-03 20:49:23 - [TEST_STEP][PASSED] - Statement - PreSaveFile = new java.io.File(((pathPrefix + java.lang.Integer.toString(counter)) + .png)): null

2019-01-03 20:49:23 - [TEST_STEP][PASSED] - Statement - counter = counter + 1: null

2019-01-03 20:49:23 - [TEST_STEP][PASSED] - Statement - PreSaveFile = new java.io.File(((pathPrefix + java.lang.Integer.toString(counter)) + .png)): null

2019-01-03 20:49:23 - [TEST_STEP][PASSED] - Statement - counter = counter + 1: null

2019-01-03 20:49:23 - [TEST_STEP][PASSED] - Statement - PreSaveFile = new java.io.File(((pathPrefix + java.lang.Integer.toString(counter)) + .png)): null

2019-01-03 20:49:23 - [TEST_STEP][PASSED] - Statement - counter = counter + 1: null

2019-01-03 20:49:23 - [TEST_STEP][PASSED] - Statement - PreSaveFile = new java.io.File(((pathPrefix + java.lang.Integer.toString(counter)) + .png)): null

2019-01-03 20:49:23 - [TEST_STEP][PASSED] - Statement - counter = counter + 1: null

2019-01-03 20:49:23 - [TEST_STEP][PASSED] - Statement - PreSaveFile = new java.io.File(((pathPrefix + java.lang.Integer.toString(counter)) + .png)): null

2019-01-03 20:49:23 - [TEST_STEP][PASSED] - Statement - counter = counter + 1: null

2019-01-03 20:49:23 - [TEST_STEP][PASSED] - Statement - PreSaveFile = new java.io.File(((pathPrefix + java.lang.Integer.toString(counter)) + .png)): null

2019-01-03 20:49:23 - [TEST_STEP][PASSED] - Statement - counter = counter + 1: null

2019-01-03 20:49:23 - [TEST_STEP][PASSED] - Statement - PreSaveFile = new java.io.File(((pathPrefix + java.lang.Integer.toString(counter)) + .png)): null

2019-01-03 20:49:23 - [TEST_STEP][PASSED] - Statement - counter = counter + 1: null

2019-01-03 20:49:23 - [TEST_STEP][PASSED] - Statement - PreSaveFile = new java.io.File(((pathPrefix + java.lang.Integer.toString(counter)) + .png)): null

2019-01-03 20:49:23 - [TEST_STEP][PASSED] - Statement - counter = counter + 1: null

2019-01-03 20:49:23 - [TEST_STEP][PASSED] - Statement - PreSaveFile = new java.io.File(((pathPrefix + java.lang.Integer.toString(counter)) + .png)): null

2019-01-03 20:49:23 - [TEST_STEP][PASSED] - Statement - counter = counter + 1: null

2019-01-03 20:49:23 - [TEST_STEP][PASSED] - Statement - PreSaveFile = new java.io.File(((pathPrefix + java.lang.Integer.toString(counter)) + .png)): null

2019-01-03 20:49:23 - [TEST_STEP][PASSED] - Statement - counter = counter + 1: null

2019-01-03 20:49:23 - [TEST_STEP][PASSED] - Statement - PreSaveFile = new java.io.File(((pathPrefix + java.lang.Integer.toString(counter)) + .png)): null

2019-01-03 20:49:23 - [TEST_STEP][PASSED] - Statement - counter = counter + 1: null

2019-01-03 20:49:23 - [TEST_STEP][PASSED] - Statement - PreSaveFile = new java.io.File(((pathPrefix + java.lang.Integer.toString(counter)) + .png)): null

2019-01-03 20:49:23 - [TEST_STEP][PASSED] - Statement - counter = counter + 1: null

2019-01-03 20:49:23 - [TEST_STEP][PASSED] - Statement - PreSaveFile = new java.io.File(((pathPrefix + java.lang.Integer.toString(counter)) + .png)): null

2019-01-03 20:49:23 - [TEST_STEP][PASSED] - Statement - counter = counter + 1: null

2019-01-03 20:49:23 - [TEST_STEP][PASSED] - Statement - PreSaveFile = new java.io.File(((pathPrefix + java.lang.Integer.toString(counter)) + .png)): null

2019-01-03 20:49:23 - [TEST_STEP][PASSED] - Statement - counter = counter + 1: null

2019-01-03 20:49:23 - [TEST_STEP][PASSED] - Statement - PreSaveFile = new java.io.File(((pathPrefix + java.lang.Integer.toString(counter)) + .png)): null

2019-01-03 20:49:23 - [TEST_STEP][PASSED] - Statement - counter = counter + 1: null

2019-01-03 20:49:23 - [TEST_STEP][PASSED] - Statement - PreSaveFile = new java.io.File(((pathPrefix + java.lang.Integer.toString(counter)) + .png)): null

2019-01-03 20:49:23 - [TEST_STEP][PASSED] - Statement - counter = counter + 1: null

2019-01-03 20:49:23 - [TEST_STEP][PASSED] - Statement - PreSaveFile = new java.io.File(((pathPrefix + java.lang.Integer.toString(counter)) + .png)): null

2019-01-03 20:49:23 - [TEST_STEP][PASSED] - Statement - counter = counter + 1: null

2019-01-03 20:49:23 - [TEST_STEP][PASSED] - Statement - PreSaveFile = new java.io.File(((pathPrefix + java.lang.Integer.toString(counter)) + .png)): null

2019-01-03 20:49:23 - [TEST_STEP][PASSED] - Statement - counter = counter + 1: null

2019-01-03 20:49:23 - [TEST_STEP][PASSED] - Statement - PreSaveFile = new java.io.File(((pathPrefix + java.lang.Integer.toString(counter)) + .png)): null

2019-01-03 20:49:23 - [TEST_STEP][PASSED] - Statement - counter = counter + 1: null

2019-01-03 20:49:23 - [TEST_STEP][PASSED] - Statement - PreSaveFile = new java.io.File(((pathPrefix + java.lang.Integer.toString(counter)) + .png)): null

2019-01-03 20:49:23 - [TEST_STEP][PASSED] - Statement - counter = counter + 1: null

2019-01-03 20:49:23 - [TEST_STEP][PASSED] - Statement - PreSaveFile = new java.io.File(((pathPrefix + java.lang.Integer.toString(counter)) + .png)): null

2019-01-03 20:49:23 - [TEST_STEP][PASSED] - Statement - counter = counter + 1: null

2019-01-03 20:49:23 - [TEST_STEP][PASSED] - Statement - PreSaveFile = new java.io.File(((pathPrefix + java.lang.Integer.toString(counter)) + .png)): null

2019-01-03 20:49:23 - [TEST_STEP][PASSED] - Statement - counter = counter + 1: null

2019-01-03 20:49:23 - [TEST_STEP][PASSED] - Statement - PreSaveFile = new java.io.File(((pathPrefix + java.lang.Integer.toString(counter)) + .png)): null

2019-01-03 20:49:23 - [TEST_STEP][PASSED] - Statement - counter = counter + 1: null

2019-01-03 20:49:23 - [TEST_STEP][PASSED] - Statement - PreSaveFile = new java.io.File(((pathPrefix + java.lang.Integer.toString(counter)) + .png)): null

2019-01-03 20:49:23 - [TEST_STEP][PASSED] - Statement - counter = counter + 1: null

2019-01-03 20:49:23 - [TEST_STEP][PASSED] - Statement - PreSaveFile = new java.io.File(((pathPrefix + java.lang.Integer.toString(counter)) + .png)): null

2019-01-03 20:49:23 - [TEST_STEP][PASSED] - Statement - counter = counter + 1: null

2019-01-03 20:49:23 - [TEST_STEP][PASSED] - Statement - PreSaveFile = new java.io.File(((pathPrefix + java.lang.Integer.toString(counter)) + .png)): null

2019-01-03 20:49:23 - [TEST_STEP][PASSED] - Statement - counter = counter + 1: null

2019-01-03 20:49:23 - [TEST_STEP][PASSED] - Statement - PreSaveFile = new java.io.File(((pathPrefix + java.lang.Integer.toString(counter)) + .png)): null

2019-01-03 20:49:23 - [TEST_STEP][PASSED] - Statement - counter = counter + 1: null

2019-01-03 20:49:23 - [TEST_STEP][PASSED] - Statement - PreSaveFile = new java.io.File(((pathPrefix + java.lang.Integer.toString(counter)) + .png)): null

2019-01-03 20:49:23 - [TEST_STEP][PASSED] - Statement - counter = counter + 1: null

2019-01-03 20:49:23 - [TEST_STEP][PASSED] - Statement - PreSaveFile = new java.io.File(((pathPrefix + java.lang.Integer.toString(counter)) + .png)): null

2019-01-03 20:49:23 - [TEST_STEP][PASSED] - Statement - counter = counter + 1: null

2019-01-03 20:49:23 - [TEST_STEP][PASSED] - Statement - PreSaveFile = new java.io.File(((pathPrefix + java.lang.Integer.toString(counter)) + .png)): null

2019-01-03 20:49:23 - [TEST_STEP][PASSED] - Statement - counter = counter + 1: null

2019-01-03 20:49:23 - [TEST_STEP][PASSED] - Statement - PreSaveFile = new java.io.File(((pathPrefix + java.lang.Integer.toString(counter)) + .png)): null

2019-01-03 20:49:23 - [TEST_STEP][PASSED] - Statement - counter = counter + 1: null

2019-01-03 20:49:23 - [TEST_STEP][PASSED] - Statement - PreSaveFile = new java.io.File(((pathPrefix + java.lang.Integer.toString(counter)) + .png)): null

2019-01-03 20:49:23 - [TEST_STEP][PASSED] - Statement - counter = counter + 1: null

2019-01-03 20:49:23 - [TEST_STEP][PASSED] - Statement - PreSaveFile = new java.io.File(((pathPrefix + java.lang.Integer.toString(counter)) + .png)): null

2019-01-03 20:49:23 - [TEST_STEP][PASSED] - Statement - counter = counter + 1: null

2019-01-03 20:49:23 - [TEST_STEP][PASSED] - Statement - PreSaveFile = new java.io.File(((pathPrefix + java.lang.Integer.toString(counter)) + .png)): null

2019-01-03 20:49:23 - [TEST_STEP][PASSED] - Statement - counter = counter + 1: null

2019-01-03 20:49:23 - [TEST_STEP][PASSED] - Statement - PreSaveFile = new java.io.File(((pathPrefix + java.lang.Integer.toString(counter)) + .png)): null

2019-01-03 20:49:23 - [TEST_STEP][PASSED] - Statement - counter = counter + 1: null

2019-01-03 20:49:23 - [TEST_STEP][PASSED] - Statement - PreSaveFile = new java.io.File(((pathPrefix + java.lang.Integer.toString(counter)) + .png)): null

2019-01-03 20:49:23 - [TEST_STEP][PASSED] - Statement - counter = counter + 1: null

2019-01-03 20:49:23 - [TEST_STEP][PASSED] - Statement - PreSaveFile = new java.io.File(((pathPrefix + java.lang.Integer.toString(counter)) + .png)): null

2019-01-03 20:49:23 - [TEST_STEP][PASSED] - Statement - counter = counter + 1: null

2019-01-03 20:49:23 - [TEST_STEP][PASSED] - Statement - PreSaveFile = new java.io.File(((pathPrefix + java.lang.Integer.toString(counter)) + .png)): null

2019-01-03 20:49:23 - [TEST_STEP][PASSED] - Statement - counter = counter + 1: null

2019-01-03 20:49:23 - [TEST_STEP][PASSED] - Statement - PreSaveFile = new java.io.File(((pathPrefix + java.lang.Integer.toString(counter)) + .png)): null

2019-01-03 20:49:23 - [TEST_STEP][PASSED] - Statement - counter = counter + 1: null

2019-01-03 20:49:23 - [TEST_STEP][PASSED] - Statement - PreSaveFile = new java.io.File(((pathPrefix + java.lang.Integer.toString(counter)) + .png)): null

2019-01-03 20:49:23 - [TEST_STEP][PASSED] - Statement - counter = counter + 1: null

2019-01-03 20:49:23 - [TEST_STEP][PASSED] - Statement - PreSaveFile = new java.io.File(((pathPrefix + java.lang.Integer.toString(counter)) + .png)): null

2019-01-03 20:49:23 - [TEST_STEP][PASSED] - Statement - counter = counter + 1: null

2019-01-03 20:49:23 - [TEST_STEP][PASSED] - Statement - PreSaveFile = new java.io.File(((pathPrefix + java.lang.Integer.toString(counter)) + .png)): null

2019-01-03 20:49:23 - [TEST_STEP][PASSED] - Statement - counter = counter + 1: null

2019-01-03 20:49:23 - [TEST_STEP][PASSED] - Statement - PreSaveFile = new java.io.File(((pathPrefix + java.lang.Integer.toString(counter)) + .png)): null

2019-01-03 20:49:23 - [TEST_STEP][PASSED] - Statement - counter = counter + 1: null

2019-01-03 20:49:23 - [TEST_STEP][PASSED] - Statement - PreSaveFile = new java.io.File(((pathPrefix + java.lang.Integer.toString(counter)) + .png)): null

2019-01-03 20:49:23 - [TEST_STEP][PASSED] - Statement - counter = counter + 1: null

2019-01-03 20:49:23 - [TEST_STEP][PASSED] - Statement - PreSaveFile = new java.io.File(((pathPrefix + java.lang.Integer.toString(counter)) + .png)): null

2019-01-03 20:49:23 - [TEST_STEP][PASSED] - Statement - counter = counter + 1: null

2019-01-03 20:49:23 - [TEST_STEP][PASSED] - Statement - PreSaveFile = new java.io.File(((pathPrefix + java.lang.Integer.toString(counter)) + .png)): null

2019-01-03 20:49:23 - [TEST_STEP][PASSED] - Statement - counter = counter + 1: null

2019-01-03 20:49:23 - [TEST_STEP][PASSED] - Statement - PreSaveFile = new java.io.File(((pathPrefix + java.lang.Integer.toString(counter)) + .png)): null

2019-01-03 20:49:23 - [TEST_STEP][PASSED] - Statement - counter = counter + 1: null

2019-01-03 20:49:23 - [TEST_STEP][PASSED] - Statement - PreSaveFile = new java.io.File(((pathPrefix + java.lang.Integer.toString(counter)) + .png)): null

2019-01-03 20:49:23 - [TEST_STEP][PASSED] - Statement - counter = counter + 1: null

2019-01-03 20:49:23 - [TEST_STEP][PASSED] - Statement - PreSaveFile = new java.io.File(((pathPrefix + java.lang.Integer.toString(counter)) + .png)): null

2019-01-03 20:49:23 - [TEST_STEP][PASSED] - Statement - counter = counter + 1: null

2019-01-03 20:49:23 - [TEST_STEP][PASSED] - Statement - PreSaveFile = new java.io.File(((pathPrefix + java.lang.Integer.toString(counter)) + .png)): null

2019-01-03 20:49:23 - [TEST_STEP][PASSED] - Statement - counter = counter + 1: null

2019-01-03 20:49:23 - [TEST_STEP][PASSED] - Statement - PreSaveFile = new java.io.File(((pathPrefix + java.lang.Integer.toString(counter)) + .png)): null

2019-01-03 20:49:23 - [TEST_STEP][PASSED] - Statement - counter = counter + 1: null

2019-01-03 20:49:23 - [TEST_STEP][PASSED] - Statement - PreSaveFile = new java.io.File(((pathPrefix + java.lang.Integer.toString(counter)) + .png)): null

2019-01-03 20:49:23 - [TEST_STEP][PASSED] - Statement - counter = counter + 1: null

2019-01-03 20:49:23 - [TEST_STEP][PASSED] - Statement - PreSaveFile = new java.io.File(((pathPrefix + java.lang.Integer.toString(counter)) + .png)): null

2019-01-03 20:49:23 - [TEST_STEP][PASSED] - Statement - counter = counter + 1: null

2019-01-03 20:49:23 - [TEST_STEP][PASSED] - Statement - PreSaveFile = new java.io.File(((pathPrefix + java.lang.Integer.toString(counter)) + .png)): null

2019-01-03 20:49:23 - [TEST_STEP][PASSED] - Statement - counter = counter + 1: null

2019-01-03 20:49:23 - [TEST_STEP][PASSED] - Statement - PreSaveFile = new java.io.File(((pathPrefix + java.lang.Integer.toString(counter)) + .png)): null

2019-01-03 20:49:23 - [TEST_STEP][PASSED] - Statement - counter = counter + 1: null

2019-01-03 20:49:23 - [TEST_STEP][PASSED] - Statement - PreSaveFile = new java.io.File(((pathPrefix + java.lang.Integer.toString(counter)) + .png)): null

2019-01-03 20:49:23 - [TEST_STEP][PASSED] - Statement - counter = counter + 1: null

2019-01-03 20:49:23 - [TEST_STEP][PASSED] - Statement - PreSaveFile = new java.io.File(((pathPrefix + java.lang.Integer.toString(counter)) + .png)): null

2019-01-03 20:49:23 - [TEST_STEP][PASSED] - Statement - counter = counter + 1: null

2019-01-03 20:49:23 - [TEST_STEP][PASSED] - Statement - PreSaveFile = new java.io.File(((pathPrefix + java.lang.Integer.toString(counter)) + .png)): null

2019-01-03 20:49:23 - [TEST_STEP][PASSED] - Statement - counter = counter + 1: null

2019-01-03 20:49:23 - [TEST_STEP][PASSED] - Statement - PreSaveFile = new java.io.File(((pathPrefix + java.lang.Integer.toString(counter)) + .png)): null

2019-01-03 20:49:23 - [TEST_STEP][PASSED] - Statement - counter = counter + 1: null

2019-01-03 20:49:23 - [TEST_STEP][PASSED] - Statement - PreSaveFile = new java.io.File(((pathPrefix + java.lang.Integer.toString(counter)) + .png)): null

2019-01-03 20:49:23 - [TEST_STEP][PASSED] - Statement - counter = counter + 1: null

2019-01-03 20:49:23 - [TEST_STEP][PASSED] - Statement - PreSaveFile = new java.io.File(((pathPrefix + java.lang.Integer.toString(counter)) + .png)): null

2019-01-03 20:49:23 - [TEST_STEP][PASSED] - Statement - counter = counter + 1: null

2019-01-03 20:49:23 - [TEST_STEP][PASSED] - Statement - PreSaveFile = new java.io.File(((pathPrefix + java.lang.Integer.toString(counter)) + .png)): null

2019-01-03 20:49:23 - [TEST_STEP][PASSED] - Statement - counter = counter + 1: null

2019-01-03 20:49:23 - [TEST_STEP][PASSED] - Statement - PreSaveFile = new java.io.File(((pathPrefix + java.lang.Integer.toString(counter)) + .png)): null

2019-01-03 20:49:23 - [TEST_STEP][PASSED] - Statement - counter = counter + 1: null

2019-01-03 20:49:23 - [TEST_STEP][PASSED] - Statement - PreSaveFile = new java.io.File(((pathPrefix + java.lang.Integer.toString(counter)) + .png)): null

2019-01-03 20:49:23 - [TEST_STEP][PASSED] - Statement - counter = counter + 1: null

2019-01-03 20:49:23 - [TEST_STEP][PASSED] - Statement - PreSaveFile = new java.io.File(((pathPrefix + java.lang.Integer.toString(counter)) + .png)): null

2019-01-03 20:49:23 - [TEST_STEP][PASSED] - Statement - counter = counter + 1: null

2019-01-03 20:49:23 - [TEST_STEP][PASSED] - Statement - PreSaveFile = new java.io.File(((pathPrefix + java.lang.Integer.toString(counter)) + .png)): null

2019-01-03 20:49:23 - [TEST_STEP][PASSED] - Statement - counter = counter + 1: null

2019-01-03 20:49:23 - [TEST_STEP][PASSED] - Statement - PreSaveFile = new java.io.File(((pathPrefix + java.lang.Integer.toString(counter)) + .png)): null

2019-01-03 20:49:23 - [TEST_STEP][PASSED] - Statement - counter = counter + 1: null

2019-01-03 20:49:23 - [TEST_STEP][PASSED] - Statement - PreSaveFile = new java.io.File(((pathPrefix + java.lang.Integer.toString(counter)) + .png)): null

2019-01-03 20:49:23 - [TEST_STEP][PASSED] - Statement - counter = counter + 1: null

2019-01-03 20:49:23 - [TEST_STEP][PASSED] - Statement - PreSaveFile = new java.io.File(((pathPrefix + java.lang.Integer.toString(counter)) + .png)): null

2019-01-03 20:49:23 - [TEST_STEP][PASSED] - Statement - counter = counter + 1: null

2019-01-03 20:49:23 - [TEST_STEP][PASSED] - Statement - PreSaveFile = new java.io.File(((pathPrefix + java.lang.Integer.toString(counter)) + .png)): null

2019-01-03 20:49:23 - [TEST_STEP][PASSED] - Statement - counter = counter + 1: null

2019-01-03 20:49:23 - [TEST_STEP][PASSED] - Statement - PreSaveFile = new java.io.File(((pathPrefix + java.lang.Integer.toString(counter)) + .png)): null

2019-01-03 20:49:23 - [TEST_STEP][PASSED] - Statement - counter = counter + 1: null

2019-01-03 20:49:23 - [TEST_STEP][PASSED] - Statement - PreSaveFile = new java.io.File(((pathPrefix + java.lang.Integer.toString(counter)) + .png)): null

2019-01-03 20:49:23 - [TEST_STEP][PASSED] - Statement - counter = counter + 1: null

2019-01-03 20:49:23 - [TEST_STEP][PASSED] - Statement - PreSaveFile = new java.io.File(((pathPrefix + java.lang.Integer.toString(counter)) + .png)): null

2019-01-03 20:49:23 - [TEST_STEP][PASSED] - Statement - counter = counter + 1: null

2019-01-03 20:49:23 - [TEST_STEP][PASSED] - Statement - PreSaveFile = new java.io.File(((pathPrefix + java.lang.Integer.toString(counter)) + .png)): null

2019-01-03 20:49:23 - [TEST_STEP][PASSED] - Statement - counter = counter + 1: null

2019-01-03 20:49:23 - [TEST_STEP][PASSED] - Statement - PreSaveFile = new java.io.File(((pathPrefix + java.lang.Integer.toString(counter)) + .png)): null

2019-01-03 20:49:23 - [TEST_STEP][PASSED] - Statement - counter = counter + 1: null

2019-01-03 20:49:23 - [TEST_STEP][PASSED] - Statement - PreSaveFile = new java.io.File(((pathPrefix + java.lang.Integer.toString(counter)) + .png)): null

2019-01-03 20:49:23 - [TEST_STEP][PASSED] - Statement - counter = counter + 1: null

2019-01-03 20:49:23 - [TEST_STEP][PASSED] - Statement - PreSaveFile = new java.io.File(((pathPrefix + java.lang.Integer.toString(counter)) + .png)): null

2019-01-03 20:49:23 - [TEST_STEP][PASSED] - Statement - counter = counter + 1: null

2019-01-03 20:49:23 - [TEST_STEP][PASSED] - Statement - PreSaveFile = new java.io.File(((pathPrefix + java.lang.Integer.toString(counter)) + .png)): null

2019-01-03 20:49:23 - [TEST_STEP][PASSED] - Statement - counter = counter + 1: null

2019-01-03 20:49:23 - [TEST_STEP][PASSED] - Statement - PreSaveFile = new java.io.File(((pathPrefix + java.lang.Integer.toString(counter)) + .png)): null

2019-01-03 20:49:23 - [TEST_STEP][PASSED] - Statement - counter = counter + 1: null

2019-01-03 20:49:23 - [TEST_STEP][PASSED] - Statement - PreSaveFile = new java.io.File(((pathPrefix + java.lang.Integer.toString(counter)) + .png)): null

2019-01-03 20:49:23 - [TEST_STEP][PASSED] - Statement - counter = counter + 1: null

2019-01-03 20:49:23 - [TEST_STEP][PASSED] - Statement - PreSaveFile = new java.io.File(((pathPrefix + java.lang.Integer.toString(counter)) + .png)): null

2019-01-03 20:49:23 - [TEST_STEP][PASSED] - Statement - counter = counter + 1: null

2019-01-03 20:49:23 - [TEST_STEP][PASSED] - Statement - PreSaveFile = new java.io.File(((pathPrefix + java.lang.Integer.toString(counter)) + .png)): null

2019-01-03 20:49:23 - [TEST_STEP][PASSED] - Statement - counter = counter + 1: null

2019-01-03 20:49:23 - [TEST_STEP][PASSED] - Statement - PreSaveFile = new java.io.File(((pathPrefix + java.lang.Integer.toString(counter)) + .png)): null

2019-01-03 20:49:23 - [TEST_STEP][PASSED] - Statement - counter = counter + 1: null

2019-01-03 20:49:23 - [TEST_STEP][PASSED] - Statement - PreSaveFile = new java.io.File(((pathPrefix + java.lang.Integer.toString(counter)) + .png)): null

2019-01-03 20:49:23 - [TEST_STEP][PASSED] - Statement - counter = counter + 1: null

2019-01-03 20:49:23 - [TEST_STEP][PASSED] - Statement - PreSaveFile = new java.io.File(((pathPrefix + java.lang.Integer.toString(counter)) + .png)): null

2019-01-03 20:49:23 - [TEST_STEP][PASSED] - Statement - counter = counter + 1: null

2019-01-03 20:49:23 - [TEST_STEP][PASSED] - Statement - PreSaveFile = new java.io.File(((pathPrefix + java.lang.Integer.toString(counter)) + .png)): null

2019-01-03 20:49:23 - [TEST_STEP][PASSED] - Statement - counter = counter + 1: null

2019-01-03 20:49:23 - [TEST_STEP][PASSED] - Statement - PreSaveFile = new java.io.File(((pathPrefix + java.lang.Integer.toString(counter)) + .png)): null

2019-01-03 20:49:23 - [TEST_STEP][PASSED] - Statement - counter = counter + 1: null

2019-01-03 20:49:23 - [TEST_STEP][PASSED] - Statement - PreSaveFile = new java.io.File(((pathPrefix + java.lang.Integer.toString(counter)) + .png)): null

2019-01-03 20:49:23 - [TEST_STEP][PASSED] - Statement - counter = counter + 1: null

2019-01-03 20:49:23 - [TEST_STEP][PASSED] - Statement - PreSaveFile = new java.io.File(((pathPrefix + java.lang.Integer.toString(counter)) + .png)): null

2019-01-03 20:49:23 - [TEST_STEP][PASSED] - Statement - counter = counter + 1: null

2019-01-03 20:49:23 - [TEST_STEP][PASSED] - Statement - PreSaveFile = new java.io.File(((pathPrefix + java.lang.Integer.toString(counter)) + .png)): null

2019-01-03 20:49:23 - [TEST_STEP][PASSED] - Statement - counter = counter + 1: null

2019-01-03 20:49:23 - [TEST_STEP][PASSED] - Statement - PreSaveFile = new java.io.File(((pathPrefix + java.lang.Integer.toString(counter)) + .png)): null

2019-01-03 20:49:23 - [TEST_STEP][PASSED] - Statement - counter = counter + 1: null

2019-01-03 20:49:23 - [TEST_STEP][PASSED] - Statement - PreSaveFile = new java.io.File(((pathPrefix + java.lang.Integer.toString(counter)) + .png)): null

2019-01-03 20:49:23 - [TEST_STEP][PASSED] - Statement - counter = counter + 1: null

2019-01-03 20:49:23 - [TEST_STEP][PASSED] - Statement - PreSaveFile = new java.io.File(((pathPrefix + java.lang.Integer.toString(counter)) + .png)): null

2019-01-03 20:49:23 - [TEST_STEP][PASSED] - Statement - counter = counter + 1: null

2019-01-03 20:49:23 - [TEST_STEP][PASSED] - Statement - PreSaveFile = new java.io.File(((pathPrefix + java.lang.Integer.toString(counter)) + .png)): null

2019-01-03 20:49:23 - [TEST_STEP][PASSED] - Statement - counter = counter + 1: null

2019-01-03 20:49:23 - [TEST_STEP][PASSED] - Statement - PreSaveFile = new java.io.File(((pathPrefix + java.lang.Integer.toString(counter)) + .png)): null

2019-01-03 20:49:23 - [TEST_STEP][PASSED] - Statement - counter = counter + 1: null

2019-01-03 20:49:23 - [TEST_STEP][PASSED] - Statement - PreSaveFile = new java.io.File(((pathPrefix + java.lang.Integer.toString(counter)) + .png)): null

2019-01-03 20:49:23 - [TEST_STEP][PASSED] - Statement - counter = counter + 1: null

2019-01-03 20:49:23 - [TEST_STEP][PASSED] - Statement - PreSaveFile = new java.io.File(((pathPrefix + java.lang.Integer.toString(counter)) + .png)): null

2019-01-03 20:49:23 - [TEST_STEP][PASSED] - Statement - counter = counter + 1: null

2019-01-03 20:49:23 - [TEST_STEP][PASSED] - Statement - PreSaveFile = new java.io.File(((pathPrefix + java.lang.Integer.toString(counter)) + .png)): null

2019-01-03 20:49:23 - [TEST_STEP][PASSED] - Statement - counter = counter + 1: null

2019-01-03 20:49:23 - [TEST_STEP][PASSED] - Statement - PreSaveFile = new java.io.File(((pathPrefix + java.lang.Integer.toString(counter)) + .png)): null

2019-01-03 20:49:23 - [TEST_STEP][PASSED] - Statement - counter = counter + 1: null

2019-01-03 20:49:23 - [TEST_STEP][PASSED] - Statement - PreSaveFile = new java.io.File(((pathPrefix + java.lang.Integer.toString(counter)) + .png)): null

2019-01-03 20:49:23 - [TEST_STEP][PASSED] - Statement - counter = counter + 1: null

2019-01-03 20:49:23 - [TEST_STEP][PASSED] - Statement - PreSaveFile = new java.io.File(((pathPrefix + java.lang.Integer.toString(counter)) + .png)): null

2019-01-03 20:49:23 - [TEST_STEP][PASSED] - Statement - counter = counter + 1: null

2019-01-03 20:49:23 - [TEST_STEP][PASSED] - Statement - PreSaveFile = new java.io.File(((pathPrefix + java.lang.Integer.toString(counter)) + .png)): null

2019-01-03 20:49:23 - [TEST_STEP][PASSED] - Statement - counter = counter + 1: null

2019-01-03 20:49:23 - [TEST_STEP][PASSED] - Statement - PreSaveFile = new java.io.File(((pathPrefix + java.lang.Integer.toString(counter)) + .png)): null

2019-01-03 20:49:23 - [TEST_STEP][PASSED] - Statement - counter = counter + 1: null

2019-01-03 20:49:23 - [TEST_STEP][PASSED] - Statement - PreSaveFile = new java.io.File(((pathPrefix + java.lang.Integer.toString(counter)) + .png)): null

2019-01-03 20:49:23 - [TEST_STEP][PASSED] - Statement - counter = counter + 1: null

2019-01-03 20:49:23 - [TEST_STEP][PASSED] - Statement - PreSaveFile = new java.io.File(((pathPrefix + java.lang.Integer.toString(counter)) + .png)): null

2019-01-03 20:49:23 - [TEST_STEP][PASSED] - Statement - counter = counter + 1: null

2019-01-03 20:49:23 - [TEST_STEP][PASSED] - Statement - PreSaveFile = new java.io.File(((pathPrefix + java.lang.Integer.toString(counter)) + .png)): null

2019-01-03 20:49:23 - [TEST_STEP][PASSED] - Statement - counter = counter + 1: null

2019-01-03 20:49:23 - [TEST_STEP][PASSED] - Statement - PreSaveFile = new java.io.File(((pathPrefix + java.lang.Integer.toString(counter)) + .png)): null

2019-01-03 20:49:23 - [TEST_STEP][PASSED] - Statement - counter = counter + 1: null

2019-01-03 20:49:23 - [TEST_STEP][PASSED] - Statement - PreSaveFile = new java.io.File(((pathPrefix + java.lang.Integer.toString(counter)) + .png)): null

2019-01-03 20:49:23 - [TEST_STEP][PASSED] - Statement - counter = counter + 1: null

2019-01-03 20:49:23 - [TEST_STEP][PASSED] - Statement - PreSaveFile = new java.io.File(((pathPrefix + java.lang.Integer.toString(counter)) + .png)): null

2019-01-03 20:49:23 - [TEST_STEP][PASSED] - Statement - counter = counter + 1: null

2019-01-03 20:49:23 - [TEST_STEP][PASSED] - Statement - PreSaveFile = new java.io.File(((pathPrefix + java.lang.Integer.toString(counter)) + .png)): null

2019-01-03 20:49:23 - [TEST_STEP][PASSED] - Statement - counter = counter + 1: null

2019-01-03 20:49:23 - [TEST_STEP][PASSED] - Statement - PreSaveFile = new java.io.File(((pathPrefix + java.lang.Integer.toString(counter)) + .png)): null

2019-01-03 20:49:23 - [TEST_STEP][PASSED] - Statement - counter = counter + 1: null

2019-01-03 20:49:23 - [TEST_STEP][PASSED] - Statement - PreSaveFile = new java.io.File(((pathPrefix + java.lang.Integer.toString(counter)) + .png)): null

2019-01-03 20:49:23 - [TEST_STEP][PASSED] - Statement - counter = counter + 1: null

2019-01-03 20:49:23 - [TEST_STEP][PASSED] - Statement - PreSaveFile = new java.io.File(((pathPrefix + java.lang.Integer.toString(counter)) + .png)): null

2019-01-03 20:49:23 - [TEST_STEP][PASSED] - Statement - counter = counter + 1: null

2019-01-03 20:49:23 - [TEST_STEP][PASSED] - Statement - PreSaveFile = new java.io.File(((pathPrefix + java.lang.Integer.toString(counter)) + .png)): null

2019-01-03 20:49:23 - [TEST_STEP][PASSED] - Statement - counter = counter + 1: null

2019-01-03 20:49:23 - [TEST_STEP][PASSED] - Statement - PreSaveFile = new java.io.File(((pathPrefix + java.lang.Integer.toString(counter)) + .png)): null

2019-01-03 20:49:23 - [TEST_STEP][PASSED] - Statement - counter = counter + 1: null

2019-01-03 20:49:23 - [TEST_STEP][PASSED] - Statement - PreSaveFile = new java.io.File(((pathPrefix + java.lang.Integer.toString(counter)) + .png)): null

2019-01-03 20:49:23 - [TEST_STEP][PASSED] - Statement - counter = counter + 1: null

2019-01-03 20:49:23 - [TEST_STEP][PASSED] - Statement - PreSaveFile = new java.io.File(((pathPrefix + java.lang.Integer.toString(counter)) + .png)): null

2019-01-03 20:49:23 - [TEST_STEP][PASSED] - Statement - counter = counter + 1: null

2019-01-03 20:49:23 - [TEST_STEP][PASSED] - Statement - PreSaveFile = new java.io.File(((pathPrefix + java.lang.Integer.toString(counter)) + .png)): null

2019-01-03 20:49:23 - [TEST_STEP][PASSED] - Statement - counter = counter + 1: null

2019-01-03 20:49:23 - [TEST_STEP][PASSED] - Statement - PreSaveFile = new java.io.File(((pathPrefix + java.lang.Integer.toString(counter)) + .png)): null

2019-01-03 20:49:23 - [TEST_STEP][PASSED] - Statement - counter = counter + 1: null

2019-01-03 20:49:23 - [TEST_STEP][PASSED] - Statement - PreSaveFile = new java.io.File(((pathPrefix + java.lang.Integer.toString(counter)) + .png)): null

2019-01-03 20:49:23 - [TEST_STEP][PASSED] - Statement - counter = counter + 1: null

2019-01-03 20:49:23 - [TEST_STEP][PASSED] - Statement - PreSaveFile = new java.io.File(((pathPrefix + java.lang.Integer.toString(counter)) + .png)): null

2019-01-03 20:49:23 - [TEST_STEP][PASSED] - Statement - counter = counter + 1: null

2019-01-03 20:49:23 - [TEST_STEP][PASSED] - Statement - PreSaveFile = new java.io.File(((pathPrefix + java.lang.Integer.toString(counter)) + .png)): null

2019-01-03 20:49:23 - [TEST_STEP][PASSED] - Statement - counter = counter + 1: null

2019-01-03 20:49:23 - [TEST_STEP][PASSED] - Statement - PreSaveFile = new java.io.File(((pathPrefix + java.lang.Integer.toString(counter)) + .png)): null

2019-01-03 20:49:23 - [TEST_STEP][PASSED] - Statement - counter = counter + 1: null

2019-01-03 20:49:23 - [TEST_STEP][PASSED] - Statement - PreSaveFile = new java.io.File(((pathPrefix + java.lang.Integer.toString(counter)) + .png)): null

2019-01-03 20:49:23 - [TEST_STEP][PASSED] - Statement - counter = counter + 1: null

2019-01-03 20:49:23 - [TEST_STEP][PASSED] - Statement - PreSaveFile = new java.io.File(((pathPrefix + java.lang.Integer.toString(counter)) + .png)): null

2019-01-03 20:49:23 - [TEST_STEP][PASSED] - Statement - counter = counter + 1: null

2019-01-03 20:49:23 - [TEST_STEP][PASSED] - Statement - PreSaveFile = new java.io.File(((pathPrefix + java.lang.Integer.toString(counter)) + .png)): null

2019-01-03 20:49:23 - [TEST_STEP][PASSED] - Statement - counter = counter + 1: null

2019-01-03 20:49:23 - [TEST_STEP][PASSED] - Statement - PreSaveFile = new java.io.File(((pathPrefix + java.lang.Integer.toString(counter)) + .png)): null

2019-01-03 20:49:23 - [TEST_STEP][PASSED] - Statement - counter = counter + 1: null

2019-01-03 20:49:23 - [TEST_STEP][PASSED] - Statement - PreSaveFile = new java.io.File(((pathPrefix + java.lang.Integer.toString(counter)) + .png)): null

2019-01-03 20:49:23 - [TEST_STEP][PASSED] - Statement - counter = counter + 1: null

2019-01-03 20:49:23 - [TEST_STEP][PASSED] - Statement - PreSaveFile = new java.io.File(((pathPrefix + java.lang.Integer.toString(counter)) + .png)): null

2019-01-03 20:49:23 - [TEST_STEP][PASSED] - Statement - counter = counter + 1: null

2019-01-03 20:49:23 - [TEST_STEP][PASSED] - Statement - PreSaveFile = new java.io.File(((pathPrefix + java.lang.Integer.toString(counter)) + .png)): null

2019-01-03 20:49:23 - [TEST_STEP][PASSED] - Statement - counter = counter + 1: null

2019-01-03 20:49:23 - [TEST_STEP][PASSED] - Statement - PreSaveFile = new java.io.File(((pathPrefix + java.lang.Integer.toString(counter)) + .png)): null

2019-01-03 20:49:23 - [TEST_STEP][PASSED] - Statement - counter = counter + 1: null

2019-01-03 20:49:23 - [TEST_STEP][PASSED] - Statement - PreSaveFile = new java.io.File(((pathPrefix + java.lang.Integer.toString(counter)) + .png)): null

2019-01-03 20:49:23 - [TEST_STEP][PASSED] - Statement - counter = counter + 1: null

2019-01-03 20:49:23 - [TEST_STEP][PASSED] - Statement - PreSaveFile = new java.io.File(((pathPrefix + java.lang.Integer.toString(counter)) + .png)): null

2019-01-03 20:49:23 - [TEST_STEP][PASSED] - Statement - counter = counter + 1: null

2019-01-03 20:49:23 - [TEST_STEP][PASSED] - Statement - PreSaveFile = new java.io.File(((pathPrefix + java.lang.Integer.toString(counter)) + .png)): null

2019-01-03 20:49:23 - [TEST_STEP][PASSED] - Statement - counter = counter + 1: null

2019-01-03 20:49:23 - [TEST_STEP][PASSED] - Statement - PreSaveFile = new java.io.File(((pathPrefix + java.lang.Integer.toString(counter)) + .png)): null

2019-01-03 20:49:23 - [TEST_STEP][PASSED] - Statement - counter = counter + 1: null

2019-01-03 20:49:23 - [TEST_STEP][PASSED] - Statement - PreSaveFile = new java.io.File(((pathPrefix + java.lang.Integer.toString(counter)) + .png)): null

2019-01-03 20:49:23 - [TEST_STEP][PASSED] - Statement - counter = counter + 1: null

2019-01-03 20:49:23 - [TEST_STEP][PASSED] - Statement - PreSaveFile = new java.io.File(((pathPrefix + java.lang.Integer.toString(counter)) + .png)): null

2019-01-03 20:49:23 - [TEST_STEP][PASSED] - Statement - counter = counter + 1: null

2019-01-03 20:49:23 - [TEST_STEP][PASSED] - Statement - PreSaveFile = new java.io.File(((pathPrefix + java.lang.Integer.toString(counter)) + .png)): null

2019-01-03 20:49:23 - [TEST_STEP][PASSED] - Statement - counter = counter + 1: null

2019-01-03 20:49:23 - [TEST_STEP][PASSED] - Statement - PreSaveFile = new java.io.File(((pathPrefix + java.lang.Integer.toString(counter)) + .png)): null

2019-01-03 20:49:23 - [TEST_STEP][PASSED] - Statement - counter = counter + 1: null

2019-01-03 20:49:23 - [TEST_STEP][PASSED] - Statement - PreSaveFile = new java.io.File(((pathPrefix + java.lang.Integer.toString(counter)) + .png)): null

2019-01-03 20:49:23 - [TEST_STEP][PASSED] - Statement - counter = counter + 1: null

2019-01-03 20:49:23 - [TEST_STEP][PASSED] - Statement - PreSaveFile = new java.io.File(((pathPrefix + java.lang.Integer.toString(counter)) + .png)): null

2019-01-03 20:49:23 - [TEST_STEP][PASSED] - Statement - counter = counter + 1: null

2019-01-03 20:49:23 - [TEST_STEP][PASSED] - Statement - PreSaveFile = new java.io.File(((pathPrefix + java.lang.Integer.toString(counter)) + .png)): null

2019-01-03 20:49:23 - [TEST_STEP][PASSED] - Statement - counter = counter + 1: null

2019-01-03 20:49:23 - [TEST_STEP][PASSED] - Statement - PreSaveFile = new java.io.File(((pathPrefix + java.lang.Integer.toString(counter)) + .png)): null

2019-01-03 20:49:23 - [TEST_STEP][PASSED] - Statement - counter = counter + 1: null

2019-01-03 20:49:23 - [TEST_STEP][PASSED] - Statement - PreSaveFile = new java.io.File(((pathPrefix + java.lang.Integer.toString(counter)) + .png)): null

2019-01-03 20:49:23 - [TEST_STEP][PASSED] - Statement - counter = counter + 1: null

2019-01-03 20:49:23 - [TEST_STEP][PASSED] - Statement - PreSaveFile = new java.io.File(((pathPrefix + java.lang.Integer.toString(counter)) + .png)): null

2019-01-03 20:49:23 - [TEST_STEP][PASSED] - Statement - counter = counter + 1: null

2019-01-03 20:49:23 - [TEST_STEP][PASSED] - Statement - PreSaveFile = new java.io.File(((pathPrefix + java.lang.Integer.toString(counter)) + .png)): null

2019-01-03 20:49:23 - [TEST_STEP][PASSED] - Statement - counter = counter + 1: null

2019-01-03 20:49:23 - [TEST_STEP][PASSED] - Statement - PreSaveFile = new java.io.File(((pathPrefix + java.lang.Integer.toString(counter)) + .png)): null

2019-01-03 20:49:23 - [TEST_STEP][PASSED] - Statement - counter = counter + 1: null

2019-01-03 20:49:23 - [TEST_STEP][PASSED] - Statement - PreSaveFile = new java.io.File(((pathPrefix + java.lang.Integer.toString(counter)) + .png)): null

2019-01-03 20:49:23 - [TEST_STEP][PASSED] - Statement - counter = counter + 1: null

2019-01-03 20:49:23 - [TEST_STEP][PASSED] - Statement - PreSaveFile = new java.io.File(((pathPrefix + java.lang.Integer.toString(counter)) + .png)): null

2019-01-03 20:49:23 - [TEST_STEP][PASSED] - Statement - counter = counter + 1: null

2019-01-03 20:49:24 - [TEST_STEP][PASSED] - Statement - PreSaveFile = new java.io.File(((pathPrefix + java.lang.Integer.toString(counter)) + .png)): null

2019-01-03 20:49:24 - [TEST_STEP][PASSED] - Statement - counter = counter + 1: null

2019-01-03 20:49:24 - [TEST_STEP][PASSED] - Statement - PreSaveFile = new java.io.File(((pathPrefix + java.lang.Integer.toString(counter)) + .png)): null

2019-01-03 20:49:24 - [TEST_STEP][PASSED] - Statement - counter = counter + 1: null

2019-01-03 20:49:24 - [TEST_STEP][PASSED] - Statement - PreSaveFile = new java.io.File(((pathPrefix + java.lang.Integer.toString(counter)) + .png)): null

2019-01-03 20:49:24 - [TEST_STEP][PASSED] - Statement - counter = counter + 1: null

2019-01-03 20:49:24 - [TEST_STEP][PASSED] - Statement - PreSaveFile = new java.io.File(((pathPrefix + java.lang.Integer.toString(counter)) + .png)): null

2019-01-03 20:49:24 - [TEST_STEP][PASSED] - Statement - counter = counter + 1: null

2019-01-03 20:49:24 - [TEST_STEP][PASSED] - Statement - PreSaveFile = new java.io.File(((pathPrefix + java.lang.Integer.toString(counter)) + .png)): null

2019-01-03 20:49:24 - [TEST_STEP][PASSED] - Statement - counter = counter + 1: null

2019-01-03 20:49:24 - [TEST_STEP][PASSED] - Statement - PreSaveFile = new java.io.File(((pathPrefix + java.lang.Integer.toString(counter)) + .png)): null

2019-01-03 20:49:24 - [TEST_STEP][PASSED] - Statement - counter = counter + 1: null

2019-01-03 20:49:24 - [TEST_STEP][PASSED] - Statement - PreSaveFile = new java.io.File(((pathPrefix + java.lang.Integer.toString(counter)) + .png)): null

2019-01-03 20:49:24 - [TEST_STEP][PASSED] - Statement - counter = counter + 1: null

2019-01-03 20:49:24 - [TEST_STEP][PASSED] - Statement - PreSaveFile = new java.io.File(((pathPrefix + java.lang.Integer.toString(counter)) + .png)): null

2019-01-03 20:49:24 - [TEST_STEP][PASSED] - Statement - counter = counter + 1: null

2019-01-03 20:49:24 - [TEST_STEP][PASSED] - Statement - PreSaveFile = new java.io.File(((pathPrefix + java.lang.Integer.toString(counter)) + .png)): null

2019-01-03 20:49:24 - [TEST_STEP][PASSED] - Statement - counter = counter + 1: null

2019-01-03 20:49:24 - [TEST_STEP][PASSED] - Statement - PreSaveFile = new java.io.File(((pathPrefix + java.lang.Integer.toString(counter)) + .png)): null

2019-01-03 20:49:24 - [TEST_STEP][PASSED] - Statement - counter = counter + 1: null

2019-01-03 20:49:24 - [TEST_STEP][PASSED] - Statement - PreSaveFile = new java.io.File(((pathPrefix + java.lang.Integer.toString(counter)) + .png)): null

2019-01-03 20:49:24 - [TEST_STEP][PASSED] - Statement - counter = counter + 1: null

2019-01-03 20:49:24 - [TEST_STEP][PASSED] - Statement - PreSaveFile = new java.io.File(((pathPrefix + java.lang.Integer.toString(counter)) + .png)): null

2019-01-03 20:49:24 - [TEST_STEP][PASSED] - Statement - counter = counter + 1: null

2019-01-03 20:49:24 - [TEST_STEP][PASSED] - Statement - PreSaveFile = new java.io.File(((pathPrefix + java.lang.Integer.toString(counter)) + .png)): null

2019-01-03 20:49:24 - [TEST_STEP][PASSED] - Statement - counter = counter + 1: null

2019-01-03 20:49:24 - [TEST_STEP][PASSED] - Statement - PreSaveFile = new java.io.File(((pathPrefix + java.lang.Integer.toString(counter)) + .png)): null

2019-01-03 20:49:24 - [TEST_STEP][PASSED] - Statement - counter = counter + 1: null

2019-01-03 20:49:24 - [TEST_STEP][PASSED] - Statement - PreSaveFile = new java.io.File(((pathPrefix + java.lang.Integer.toString(counter)) + .png)): null

2019-01-03 20:49:24 - [TEST_STEP][PASSED] - Statement - counter = counter + 1: null

2019-01-03 20:49:24 - [TEST_STEP][PASSED] - Statement - PreSaveFile = new java.io.File(((pathPrefix + java.lang.Integer.toString(counter)) + .png)): null

2019-01-03 20:49:24 - [TEST_STEP][PASSED] - Statement - counter = counter + 1: null

2019-01-03 20:49:24 - [TEST_STEP][PASSED] - Statement - PreSaveFile = new java.io.File(((pathPrefix + java.lang.Integer.toString(counter)) + .png)): null

2019-01-03 20:49:24 - [TEST_STEP][PASSED] - Statement - counter = counter + 1: null

2019-01-03 20:49:24 - [TEST_STEP][PASSED] - Statement - PreSaveFile = new java.io.File(((pathPrefix + java.lang.Integer.toString(counter)) + .png)): null

2019-01-03 20:49:24 - [TEST_STEP][PASSED] - Statement - counter = counter + 1: null

2019-01-03 20:49:24 - [TEST_STEP][PASSED] - Statement - PreSaveFile = new java.io.File(((pathPrefix + java.lang.Integer.toString(counter)) + .png)): null

2019-01-03 20:49:24 - [TEST_STEP][PASSED] - Statement - counter = counter + 1: null

2019-01-03 20:49:24 - [TEST_STEP][PASSED] - Statement - PreSaveFile = new java.io.File(((pathPrefix + java.lang.Integer.toString(counter)) + .png)): null

2019-01-03 20:49:24 - [TEST_STEP][PASSED] - Statement - counter = counter + 1: null

2019-01-03 20:49:24 - [TEST_STEP][PASSED] - Statement - PreSaveFile = new java.io.File(((pathPrefix + java.lang.Integer.toString(counter)) + .png)): null

2019-01-03 20:49:24 - [TEST_STEP][PASSED] - Statement - counter = counter + 1: null

2019-01-03 20:49:24 - [TEST_STEP][PASSED] - Statement - PreSaveFile = new java.io.File(((pathPrefix + java.lang.Integer.toString(counter)) + .png)): null

2019-01-03 20:49:24 - [TEST_STEP][PASSED] - Statement - counter = counter + 1: null

2019-01-03 20:49:24 - [TEST_STEP][PASSED] - Statement - PreSaveFile = new java.io.File(((pathPrefix + java.lang.Integer.toString(counter)) + .png)): null

2019-01-03 20:49:24 - [TEST_STEP][PASSED] - Statement - counter = counter + 1: null

2019-01-03 20:49:24 - [TEST_STEP][PASSED] - Statement - PreSaveFile = new java.io.File(((pathPrefix + java.lang.Integer.toString(counter)) + .png)): null

2019-01-03 20:49:24 - [TEST_STEP][PASSED] - Statement - counter = counter + 1: null

2019-01-03 20:49:24 - [TEST_STEP][PASSED] - Statement - PreSaveFile = new java.io.File(((pathPrefix + java.lang.Integer.toString(counter)) + .png)): null

2019-01-03 20:49:24 - [TEST_STEP][PASSED] - Statement - counter = counter + 1: null

2019-01-03 20:49:24 - [TEST_STEP][PASSED] - Statement - PreSaveFile = new java.io.File(((pathPrefix + java.lang.Integer.toString(counter)) + .png)): null

2019-01-03 20:49:24 - [TEST_STEP][PASSED] - Statement - counter = counter + 1: null

2019-01-03 20:49:24 - [TEST_STEP][PASSED] - Statement - PreSaveFile = new java.io.File(((pathPrefix + java.lang.Integer.toString(counter)) + .png)): null

2019-01-03 20:49:24 - [TEST_STEP][PASSED] - Statement - counter = counter + 1: null

2019-01-03 20:49:24 - [TEST_STEP][PASSED] - Statement - PreSaveFile = new java.io.File(((pathPrefix + java.lang.Integer.toString(counter)) + .png)): null

2019-01-03 20:49:24 - [TEST_STEP][PASSED] - Statement - counter = counter + 1: null

2019-01-03 20:49:24 - [TEST_STEP][PASSED] - Statement - PreSaveFile = new java.io.File(((pathPrefix + java.lang.Integer.toString(counter)) + .png)): null

2019-01-03 20:49:24 - [TEST_STEP][PASSED] - Statement - counter = counter + 1: null

2019-01-03 20:49:24 - [TEST_STEP][PASSED] - Statement - PreSaveFile = new java.io.File(((pathPrefix + java.lang.Integer.toString(counter)) + .png)): null

2019-01-03 20:49:24 - [TEST_STEP][PASSED] - Statement - counter = counter + 1: null

2019-01-03 20:49:24 - [TEST_STEP][PASSED] - Statement - PreSaveFile = new java.io.File(((pathPrefix + java.lang.Integer.toString(counter)) + .png)): null

2019-01-03 20:49:24 - [TEST_STEP][PASSED] - Statement - counter = counter + 1: null

2019-01-03 20:49:24 - [TEST_STEP][PASSED] - Statement - PreSaveFile = new java.io.File(((pathPrefix + java.lang.Integer.toString(counter)) + .png)): null

2019-01-03 20:49:24 - [TEST_STEP][PASSED] - Statement - counter = counter + 1: null

2019-01-03 20:49:24 - [TEST_STEP][PASSED] - Statement - PreSaveFile = new java.io.File(((pathPrefix + java.lang.Integer.toString(counter)) + .png)): null

2019-01-03 20:49:24 - [TEST_STEP][PASSED] - Statement - counter = counter + 1: null

2019-01-03 20:49:24 - [TEST_STEP][PASSED] - Statement - PreSaveFile = new java.io.File(((pathPrefix + java.lang.Integer.toString(counter)) + .png)): null

2019-01-03 20:49:24 - [TEST_STEP][PASSED] - Statement - counter = counter + 1: null

2019-01-03 20:49:24 - [TEST_STEP][PASSED] - Statement - PreSaveFile = new java.io.File(((pathPrefix + java.lang.Integer.toString(counter)) + .png)): null

2019-01-03 20:49:24 - [TEST_STEP][PASSED] - Statement - counter = counter + 1: null

2019-01-03 20:49:24 - [TEST_STEP][PASSED] - Statement - PreSaveFile = new java.io.File(((pathPrefix + java.lang.Integer.toString(counter)) + .png)): null

2019-01-03 20:49:24 - [TEST_STEP][PASSED] - Statement - counter = counter + 1: null

2019-01-03 20:49:24 - [TEST_STEP][PASSED] - Statement - PreSaveFile = new java.io.File(((pathPrefix + java.lang.Integer.toString(counter)) + .png)): null

2019-01-03 20:49:24 - [TEST_STEP][PASSED] - Statement - counter = counter + 1: null

2019-01-03 20:49:24 - [TEST_STEP][PASSED] - Statement - PreSaveFile = new java.io.File(((pathPrefix + java.lang.Integer.toString(counter)) + .png)): null

2019-01-03 20:49:24 - [TEST_STEP][PASSED] - Statement - counter = counter + 1: null

2019-01-03 20:49:24 - [TEST_STEP][PASSED] - Statement - PreSaveFile = new java.io.File(((pathPrefix + java.lang.Integer.toString(counter)) + .png)): null

2019-01-03 20:49:24 - [TEST_STEP][PASSED] - Statement - counter = counter + 1: null

2019-01-03 20:49:24 - [TEST_STEP][PASSED] - Statement - PreSaveFile = new java.io.File(((pathPrefix + java.lang.Integer.toString(counter)) + .png)): null

2019-01-03 20:49:24 - [TEST_STEP][PASSED] - Statement - counter = counter + 1: null

2019-01-03 20:49:24 - [TEST_STEP][PASSED] - Statement - PreSaveFile = new java.io.File(((pathPrefix + java.lang.Integer.toString(counter)) + .png)): null

2019-01-03 20:49:24 - [TEST_STEP][PASSED] - Statement - counter = counter + 1: null

2019-01-03 20:49:24 - [TEST_STEP][PASSED] - Statement - PreSaveFile = new java.io.File(((pathPrefix + java.lang.Integer.toString(counter)) + .png)): null

2019-01-03 20:49:24 - [TEST_STEP][PASSED] - Statement - counter = counter + 1: null

2019-01-03 20:49:24 - [TEST_STEP][PASSED] - Statement - PreSaveFile = new java.io.File(((pathPrefix + java.lang.Integer.toString(counter)) + .png)): null

2019-01-03 20:49:24 - [TEST_STEP][PASSED] - Statement - counter = counter + 1: null

2019-01-03 20:49:24 - [TEST_STEP][PASSED] - Statement - PreSaveFile = new java.io.File(((pathPrefix + java.lang.Integer.toString(counter)) + .png)): null

2019-01-03 20:49:24 - [TEST_STEP][PASSED] - Statement - counter = counter + 1: null

2019-01-03 20:49:24 - [TEST_STEP][PASSED] - Statement - PreSaveFile = new java.io.File(((pathPrefix + java.lang.Integer.toString(counter)) + .png)): null

2019-01-03 20:49:24 - [TEST_STEP][PASSED] - Statement - counter = counter + 1: null

2019-01-03 20:49:24 - [TEST_STEP][PASSED] - Statement - PreSaveFile = new java.io.File(((pathPrefix + java.lang.Integer.toString(counter)) + .png)): null

2019-01-03 20:49:24 - [TEST_STEP][PASSED] - Statement - counter = counter + 1: null

2019-01-03 20:49:24 - [TEST_STEP][PASSED] - Statement - PreSaveFile = new java.io.File(((pathPrefix + java.lang.Integer.toString(counter)) + .png)): null

2019-01-03 20:49:24 - [TEST_STEP][PASSED] - Statement - counter = counter + 1: null

2019-01-03 20:49:24 - [TEST_STEP][PASSED] - Statement - PreSaveFile = new java.io.File(((pathPrefix + java.lang.Integer.toString(counter)) + .png)): null

2019-01-03 20:49:24 - [TEST_STEP][PASSED] - Statement - counter = counter + 1: null

2019-01-03 20:49:24 - [TEST_STEP][PASSED] - Statement - PreSaveFile = new java.io.File(((pathPrefix + java.lang.Integer.toString(counter)) + .png)): null

2019-01-03 20:49:24 - [TEST_STEP][PASSED] - Statement - counter = counter + 1: null

2019-01-03 20:49:24 - [TEST_STEP][PASSED] - Statement - PreSaveFile = new java.io.File(((pathPrefix + java.lang.Integer.toString(counter)) + .png)): null

2019-01-03 20:49:24 - [TEST_STEP][PASSED] - Statement - counter = counter + 1: null

2019-01-03 20:49:24 - [TEST_STEP][PASSED] - Statement - PreSaveFile = new java.io.File(((pathPrefix + java.lang.Integer.toString(counter)) + .png)): null

2019-01-03 20:49:24 - [TEST_STEP][PASSED] - Statement - counter = counter + 1: null

2019-01-03 20:49:24 - [TEST_STEP][PASSED] - Statement - PreSaveFile = new java.io.File(((pathPrefix + java.lang.Integer.toString(counter)) + .png)): null

2019-01-03 20:49:24 - [TEST_STEP][PASSED] - Statement - counter = counter + 1: null

2019-01-03 20:49:24 - [TEST_STEP][PASSED] - Statement - PreSaveFile = new java.io.File(((pathPrefix + java.lang.Integer.toString(counter)) + .png)): null

2019-01-03 20:49:24 - [TEST_STEP][PASSED] - Statement - counter = counter + 1: null

2019-01-03 20:49:24 - [TEST_STEP][PASSED] - Statement - PreSaveFile = new java.io.File(((pathPrefix + java.lang.Integer.toString(counter)) + .png)): null

2019-01-03 20:49:24 - [TEST_STEP][PASSED] - Statement - counter = counter + 1: null

2019-01-03 20:49:24 - [TEST_STEP][PASSED] - Statement - PreSaveFile = new java.io.File(((pathPrefix + java.lang.Integer.toString(counter)) + .png)): null

2019-01-03 20:49:24 - [TEST_STEP][PASSED] - Statement - counter = counter + 1: null

2019-01-03 20:49:24 - [TEST_STEP][PASSED] - Statement - PreSaveFile = new java.io.File(((pathPrefix + java.lang.Integer.toString(counter)) + .png)): null

2019-01-03 20:49:24 - [TEST_STEP][PASSED] - Statement - counter = counter + 1: null

2019-01-03 20:49:24 - [TEST_STEP][PASSED] - Statement - PreSaveFile = new java.io.File(((pathPrefix + java.lang.Integer.toString(counter)) + .png)): null

2019-01-03 20:49:24 - [TEST_STEP][PASSED] - Statement - counter = counter + 1: null

2019-01-03 20:49:24 - [TEST_STEP][PASSED] - Statement - PreSaveFile = new java.io.File(((pathPrefix + java.lang.Integer.toString(counter)) + .png)): null

2019-01-03 20:49:24 - [TEST_STEP][PASSED] - Statement - counter = counter + 1: null

2019-01-03 20:49:24 - [TEST_STEP][PASSED] - Statement - PreSaveFile = new java.io.File(((pathPrefix + java.lang.Integer.toString(counter)) + .png)): null

2019-01-03 20:49:24 - [TEST_STEP][PASSED] - Statement - counter = counter + 1: null

2019-01-03 20:49:24 - [TEST_STEP][PASSED] - Statement - PreSaveFile = new java.io.File(((pathPrefix + java.lang.Integer.toString(counter)) + .png)): null

2019-01-03 20:49:24 - [TEST_STEP][PASSED] - Statement - counter = counter + 1: null

2019-01-03 20:49:24 - [TEST_STEP][PASSED] - Statement - PreSaveFile = new java.io.File(((pathPrefix + java.lang.Integer.toString(counter)) + .png)): null

2019-01-03 20:49:24 - [TEST_STEP][PASSED] - Statement - counter = counter + 1: null

2019-01-03 20:49:24 - [TEST_STEP][PASSED] - Statement - PreSaveFile = new java.io.File(((pathPrefix + java.lang.Integer.toString(counter)) + .png)): null

2019-01-03 20:49:24 - [TEST_STEP][PASSED] - Statement - counter = counter + 1: null

2019-01-03 20:49:24 - [TEST_STEP][PASSED] - Statement - PreSaveFile = new java.io.File(((pathPrefix + java.lang.Integer.toString(counter)) + .png)): null

2019-01-03 20:49:24 - [TEST_STEP][PASSED] - Statement - counter = counter + 1: null

2019-01-03 20:49:24 - [TEST_STEP][PASSED] - Statement - PreSaveFile = new java.io.File(((pathPrefix + java.lang.Integer.toString(counter)) + .png)): null

2019-01-03 20:49:24 - [TEST_STEP][PASSED] - Statement - counter = counter + 1: null

2019-01-03 20:49:24 - [TEST_STEP][PASSED] - Statement - PreSaveFile = new java.io.File(((pathPrefix + java.lang.Integer.toString(counter)) + .png)): null

2019-01-03 20:49:24 - [TEST_STEP][PASSED] - Statement - counter = counter + 1: null

2019-01-03 20:49:24 - [TEST_STEP][PASSED] - Statement - PreSaveFile = new java.io.File(((pathPrefix + java.lang.Integer.toString(counter)) + .png)): null

2019-01-03 20:49:24 - [TEST_STEP][PASSED] - Statement - counter = counter + 1: null

2019-01-03 20:49:24 - [TEST_STEP][PASSED] - Statement - PreSaveFile = new java.io.File(((pathPrefix + java.lang.Integer.toString(counter)) + .png)): null

2019-01-03 20:49:24 - [TEST_STEP][PASSED] - Statement - counter = counter + 1: null

2019-01-03 20:49:24 - [TEST_STEP][PASSED] - Statement - PreSaveFile = new java.io.File(((pathPrefix + java.lang.Integer.toString(counter)) + .png)): null

2019-01-03 20:49:24 - [TEST_STEP][PASSED] - Statement - counter = counter + 1: null

2019-01-03 20:49:24 - [TEST_STEP][PASSED] - Statement - PreSaveFile = new java.io.File(((pathPrefix + java.lang.Integer.toString(counter)) + .png)): null

2019-01-03 20:49:24 - [TEST_STEP][PASSED] - Statement - counter = counter + 1: null

2019-01-03 20:49:24 - [TEST_STEP][PASSED] - Statement - PreSaveFile = new java.io.File(((pathPrefix + java.lang.Integer.toString(counter)) + .png)): null

2019-01-03 20:49:24 - [TEST_STEP][PASSED] - Statement - counter = counter + 1: null

2019-01-03 20:49:24 - [TEST_STEP][PASSED] - Statement - PreSaveFile = new java.io.File(((pathPrefix + java.lang.Integer.toString(counter)) + .png)): null

2019-01-03 20:49:24 - [TEST_STEP][PASSED] - Statement - counter = counter + 1: null

2019-01-03 20:49:24 - [TEST_STEP][PASSED] - Statement - PreSaveFile = new java.io.File(((pathPrefix + java.lang.Integer.toString(counter)) + .png)): null

2019-01-03 20:49:24 - [TEST_STEP][PASSED] - Statement - counter = counter + 1: null

2019-01-03 20:49:24 - [TEST_STEP][PASSED] - Statement - PreSaveFile = new java.io.File(((pathPrefix + java.lang.Integer.toString(counter)) + .png)): null

2019-01-03 20:49:24 - [TEST_STEP][PASSED] - Statement - counter = counter + 1: null

2019-01-03 20:49:24 - [TEST_STEP][PASSED] - Statement - PreSaveFile = new java.io.File(((pathPrefix + java.lang.Integer.toString(counter)) + .png)): null

2019-01-03 20:49:24 - [TEST_STEP][PASSED] - Statement - counter = counter + 1: null

2019-01-03 20:49:24 - [TEST_STEP][PASSED] - Statement - PreSaveFile = new java.io.File(((pathPrefix + java.lang.Integer.toString(counter)) + .png)): null

2019-01-03 20:49:24 - [TEST_STEP][PASSED] - Statement - counter = counter + 1: null

2019-01-03 20:49:24 - [TEST_STEP][PASSED] - Statement - PreSaveFile = new java.io.File(((pathPrefix + java.lang.Integer.toString(counter)) + .png)): null

2019-01-03 20:49:24 - [TEST_STEP][PASSED] - Statement - counter = counter + 1: null

2019-01-03 20:49:24 - [TEST_STEP][PASSED] - Statement - PreSaveFile = new java.io.File(((pathPrefix + java.lang.Integer.toString(counter)) + .png)): null

2019-01-03 20:49:24 - [TEST_STEP][PASSED] - Statement - counter = counter + 1: null

2019-01-03 20:49:24 - [TEST_STEP][PASSED] - Statement - PreSaveFile = new java.io.File(((pathPrefix + java.lang.Integer.toString(counter)) + .png)): null

2019-01-03 20:49:24 - [TEST_STEP][PASSED] - Statement - counter = counter + 1: null

2019-01-03 20:49:24 - [TEST_STEP][PASSED] - Statement - PreSaveFile = new java.io.File(((pathPrefix + java.lang.Integer.toString(counter)) + .png)): null

2019-01-03 20:49:24 - [TEST_STEP][PASSED] - Statement - counter = counter + 1: null

2019-01-03 20:49:24 - [TEST_STEP][PASSED] - Statement - PreSaveFile = new java.io.File(((pathPrefix + java.lang.Integer.toString(counter)) + .png)): null

2019-01-03 20:49:24 - [TEST_STEP][PASSED] - Statement - counter = counter + 1: null

2019-01-03 20:49:24 - [TEST_STEP][PASSED] - Statement - PreSaveFile = new java.io.File(((pathPrefix + java.lang.Integer.toString(counter)) + .png)): null

2019-01-03 20:49:24 - [TEST_STEP][PASSED] - Statement - counter = counter + 1: null

2019-01-03 20:49:24 - [TEST_STEP][PASSED] - Statement - PreSaveFile = new java.io.File(((pathPrefix + java.lang.Integer.toString(counter)) + .png)): null

2019-01-03 20:49:24 - [TEST_STEP][PASSED] - Statement - counter = counter + 1: null

2019-01-03 20:49:24 - [TEST_STEP][PASSED] - Statement - PreSaveFile = new java.io.File(((pathPrefix + java.lang.Integer.toString(counter)) + .png)): null

2019-01-03 20:49:24 - [TEST_STEP][PASSED] - Statement - counter = counter + 1: null

2019-01-03 20:49:24 - [TEST_STEP][PASSED] - Statement - PreSaveFile = new java.io.File(((pathPrefix + java.lang.Integer.toString(counter)) + .png)): null

2019-01-03 20:49:24 - [TEST_STEP][PASSED] - Statement - counter = counter + 1: null

2019-01-03 20:49:24 - [TEST_STEP][PASSED] - Statement - PreSaveFile = new java.io.File(((pathPrefix + java.lang.Integer.toString(counter)) + .png)): null

2019-01-03 20:49:24 - [TEST_STEP][PASSED] - Statement - counter = counter + 1: null

2019-01-03 20:49:24 - [TEST_STEP][PASSED] - Statement - PreSaveFile = new java.io.File(((pathPrefix + java.lang.Integer.toString(counter)) + .png)): null

2019-01-03 20:49:24 - [TEST_STEP][PASSED] - Statement - counter = counter + 1: null

2019-01-03 20:49:24 - [TEST_STEP][PASSED] - Statement - PreSaveFile = new java.io.File(((pathPrefix + java.lang.Integer.toString(counter)) + .png)): null

2019-01-03 20:49:24 - [TEST_STEP][PASSED] - Statement - counter = counter + 1: null

2019-01-03 20:49:24 - [TEST_STEP][PASSED] - Statement - PreSaveFile = new java.io.File(((pathPrefix + java.lang.Integer.toString(counter)) + .png)): null

2019-01-03 20:49:24 - [TEST_STEP][PASSED] - Statement - counter = counter + 1: null

2019-01-03 20:49:24 - [TEST_STEP][PASSED] - Statement - PreSaveFile = new java.io.File(((pathPrefix + java.lang.Integer.toString(counter)) + .png)): null

2019-01-03 20:49:24 - [TEST_STEP][PASSED] - Statement - counter = counter + 1: null

2019-01-03 20:49:24 - [TEST_STEP][PASSED] - Statement - PreSaveFile = new java.io.File(((pathPrefix + java.lang.Integer.toString(counter)) + .png)): null

2019-01-03 20:49:24 - [TEST_STEP][PASSED] - Statement - counter = counter + 1: null

2019-01-03 20:49:24 - [TEST_STEP][PASSED] - Statement - PreSaveFile = new java.io.File(((pathPrefix + java.lang.Integer.toString(counter)) + .png)): null

2019-01-03 20:49:24 - [TEST_STEP][PASSED] - Statement - counter = counter + 1: null

2019-01-03 20:49:24 - [TEST_STEP][PASSED] - Statement - PreSaveFile = new java.io.File(((pathPrefix + java.lang.Integer.toString(counter)) + .png)): null

2019-01-03 20:49:24 - [TEST_STEP][PASSED] - Statement - counter = counter + 1: null

2019-01-03 20:49:24 - [TEST_STEP][PASSED] - Statement - PreSaveFile = new java.io.File(((pathPrefix + java.lang.Integer.toString(counter)) + .png)): null

2019-01-03 20:49:24 - [TEST_STEP][PASSED] - Statement - counter = counter + 1: null

2019-01-03 20:49:24 - [TEST_STEP][PASSED] - Statement - PreSaveFile = new java.io.File(((pathPrefix + java.lang.Integer.toString(counter)) + .png)): null

2019-01-03 20:49:24 - [TEST_STEP][PASSED] - Statement - counter = counter + 1: null

2019-01-03 20:49:24 - [TEST_STEP][PASSED] - Statement - PreSaveFile = new java.io.File(((pathPrefix + java.lang.Integer.toString(counter)) + .png)): null

2019-01-03 20:49:24 - [TEST_STEP][PASSED] - Statement - counter = counter + 1: null

2019-01-03 20:49:24 - [TEST_STEP][PASSED] - Statement - PreSaveFile = new java.io.File(((pathPrefix + java.lang.Integer.toString(counter)) + .png)): null

2019-01-03 20:49:24 - [TEST_STEP][PASSED] - Statement - counter = counter + 1: null

2019-01-03 20:49:24 - [TEST_STEP][PASSED] - Statement - PreSaveFile = new java.io.File(((pathPrefix + java.lang.Integer.toString(counter)) + .png)): null

2019-01-03 20:49:24 - [TEST_STEP][PASSED] - Statement - counter = counter + 1: null

2019-01-03 20:49:24 - [TEST_STEP][PASSED] - Statement - PreSaveFile = new java.io.File(((pathPrefix + java.lang.Integer.toString(counter)) + .png)): null

2019-01-03 20:49:24 - [TEST_STEP][PASSED] - Statement - counter = counter + 1: null

2019-01-03 20:49:24 - [TEST_STEP][PASSED] - Statement - PreSaveFile = new java.io.File(((pathPrefix + java.lang.Integer.toString(counter)) + .png)): null

2019-01-03 20:49:24 - [TEST_STEP][PASSED] - Statement - counter = counter + 1: null

2019-01-03 20:49:24 - [TEST_STEP][PASSED] - Statement - PreSaveFile = new java.io.File(((pathPrefix + java.lang.Integer.toString(counter)) + .png)): null

2019-01-03 20:49:24 - [TEST_STEP][PASSED] - Statement - counter = counter + 1: null

2019-01-03 20:49:24 - [TEST_STEP][PASSED] - Statement - PreSaveFile = new java.io.File(((pathPrefix + java.lang.Integer.toString(counter)) + .png)): null

2019-01-03 20:49:24 - [TEST_STEP][PASSED] - Statement - counter = counter + 1: null

2019-01-03 20:49:24 - [TEST_STEP][PASSED] - Statement - PreSaveFile = new java.io.File(((pathPrefix + java.lang.Integer.toString(counter)) + .png)): null

2019-01-03 20:49:24 - [TEST_STEP][PASSED] - Statement - counter = counter + 1: null

2019-01-03 20:49:24 - [TEST_STEP][PASSED] - Statement - PreSaveFile = new java.io.File(((pathPrefix + java.lang.Integer.toString(counter)) + .png)): null

2019-01-03 20:49:24 - [TEST_STEP][PASSED] - Statement - counter = counter + 1: null

2019-01-03 20:49:24 - [TEST_STEP][PASSED] - Statement - PreSaveFile = new java.io.File(((pathPrefix + java.lang.Integer.toString(counter)) + .png)): null

2019-01-03 20:49:24 - [TEST_STEP][PASSED] - Statement - counter = counter + 1: null

2019-01-03 20:49:24 - [TEST_STEP][PASSED] - Statement - PreSaveFile = new java.io.File(((pathPrefix + java.lang.Integer.toString(counter)) + .png)): null

2019-01-03 20:49:24 - [TEST_STEP][PASSED] - Statement - counter = counter + 1: null

2019-01-03 20:49:24 - [TEST_STEP][PASSED] - Statement - PreSaveFile = new java.io.File(((pathPrefix + java.lang.Integer.toString(counter)) + .png)): null

2019-01-03 20:49:24 - [TEST_STEP][PASSED] - Statement - counter = counter + 1: null

2019-01-03 20:49:24 - [TEST_STEP][PASSED] - Statement - PreSaveFile = new java.io.File(((pathPrefix + java.lang.Integer.toString(counter)) + .png)): null

2019-01-03 20:49:24 - [TEST_STEP][PASSED] - Statement - counter = counter + 1: null

2019-01-03 20:49:24 - [TEST_STEP][PASSED] - Statement - PreSaveFile = new java.io.File(((pathPrefix + java.lang.Integer.toString(counter)) + .png)): null

2019-01-03 20:49:24 - [TEST_STEP][PASSED] - Statement - counter = counter + 1: null

2019-01-03 20:49:24 - [TEST_STEP][PASSED] - Statement - PreSaveFile = new java.io.File(((pathPrefix + java.lang.Integer.toString(counter)) + .png)): null

2019-01-03 20:49:24 - [TEST_STEP][PASSED] - Statement - counter = counter + 1: null

2019-01-03 20:49:24 - [TEST_STEP][PASSED] - Statement - PreSaveFile = new java.io.File(((pathPrefix + java.lang.Integer.toString(counter)) + .png)): null

2019-01-03 20:49:24 - [TEST_STEP][PASSED] - Statement - counter = counter + 1: null

2019-01-03 20:49:24 - [TEST_STEP][PASSED] - Statement - PreSaveFile = new java.io.File(((pathPrefix + java.lang.Integer.toString(counter)) + .png)): null

2019-01-03 20:49:24 - [TEST_STEP][PASSED] - Statement - counter = counter + 1: null

2019-01-03 20:49:24 - [TEST_STEP][PASSED] - Statement - PreSaveFile = new java.io.File(((pathPrefix + java.lang.Integer.toString(counter)) + .png)): null

2019-01-03 20:49:24 - [TEST_STEP][PASSED] - Statement - counter = counter + 1: null

2019-01-03 20:49:24 - [TEST_STEP][PASSED] - Statement - PreSaveFile = new java.io.File(((pathPrefix + java.lang.Integer.toString(counter)) + .png)): null

2019-01-03 20:49:24 - [TEST_STEP][PASSED] - Statement - counter = counter + 1: null

2019-01-03 20:49:24 - [TEST_STEP][PASSED] - Statement - PreSaveFile = new java.io.File(((pathPrefix + java.lang.Integer.toString(counter)) + .png)): null

2019-01-03 20:49:24 - [TEST_STEP][PASSED] - Statement - counter = counter + 1: null

2019-01-03 20:49:24 - [TEST_STEP][PASSED] - Statement - PreSaveFile = new java.io.File(((pathPrefix + java.lang.Integer.toString(counter)) + .png)): null

2019-01-03 20:49:24 - [TEST_STEP][PASSED] - Statement - counter = counter + 1: null

2019-01-03 20:49:24 - [TEST_STEP][PASSED] - Statement - PreSaveFile = new java.io.File(((pathPrefix + java.lang.Integer.toString(counter)) + .png)): null

2019-01-03 20:49:24 - [TEST_STEP][PASSED] - Statement - counter = counter + 1: null

2019-01-03 20:49:24 - [TEST_STEP][PASSED] - Statement - PreSaveFile = new java.io.File(((pathPrefix + java.lang.Integer.toString(counter)) + .png)): null

2019-01-03 20:49:24 - [TEST_STEP][PASSED] - Statement - counter = counter + 1: null

2019-01-03 20:49:24 - [TEST_STEP][PASSED] - Statement - PreSaveFile = new java.io.File(((pathPrefix + java.lang.Integer.toString(counter)) + .png)): null

2019-01-03 20:49:24 - [TEST_STEP][PASSED] - Statement - counter = counter + 1: null

2019-01-03 20:49:24 - [TEST_STEP][PASSED] - Statement - PreSaveFile = new java.io.File(((pathPrefix + java.lang.Integer.toString(counter)) + .png)): null

2019-01-03 20:49:24 - [TEST_STEP][PASSED] - Statement - counter = counter + 1: null

2019-01-03 20:49:24 - [TEST_STEP][PASSED] - Statement - PreSaveFile = new java.io.File(((pathPrefix + java.lang.Integer.toString(counter)) + .png)): null

2019-01-03 20:49:24 - [TEST_STEP][PASSED] - Statement - counter = counter + 1: null

2019-01-03 20:49:24 - [TEST_STEP][PASSED] - Statement - PreSaveFile = new java.io.File(((pathPrefix + java.lang.Integer.toString(counter)) + .png)): null

2019-01-03 20:49:24 - [TEST_STEP][PASSED] - Statement - counter = counter + 1: null

2019-01-03 20:49:24 - [TEST_STEP][PASSED] - Statement - PreSaveFile = new java.io.File(((pathPrefix + java.lang.Integer.toString(counter)) + .png)): null

2019-01-03 20:49:24 - [TEST_STEP][PASSED] - Statement - counter = counter + 1: null

2019-01-03 20:49:24 - [TEST_STEP][PASSED] - Statement - PreSaveFile = new java.io.File(((pathPrefix + java.lang.Integer.toString(counter)) + .png)): null

2019-01-03 20:49:24 - [TEST_STEP][PASSED] - Statement - counter = counter + 1: null

2019-01-03 20:49:24 - [TEST_STEP][PASSED] - Statement - PreSaveFile = new java.io.File(((pathPrefix + java.lang.Integer.toString(counter)) + .png)): null

2019-01-03 20:49:24 - [TEST_STEP][PASSED] - Statement - counter = counter + 1: null

2019-01-03 20:49:24 - [TEST_STEP][PASSED] - Statement - PreSaveFile = new java.io.File(((pathPrefix + java.lang.Integer.toString(counter)) + .png)): null

2019-01-03 20:49:24 - [TEST_STEP][PASSED] - Statement - counter = counter + 1: null

2019-01-03 20:49:24 - [TEST_STEP][PASSED] - Statement - PreSaveFile = new java.io.File(((pathPrefix + java.lang.Integer.toString(counter)) + .png)): null

2019-01-03 20:49:24 - [TEST_STEP][PASSED] - Statement - counter = counter + 1: null

2019-01-03 20:49:24 - [TEST_STEP][PASSED] - Statement - PreSaveFile = new java.io.File(((pathPrefix + java.lang.Integer.toString(counter)) + .png)): null

2019-01-03 20:49:24 - [TEST_STEP][PASSED] - Statement - counter = counter + 1: null

2019-01-03 20:49:24 - [TEST_STEP][PASSED] - Statement - PreSaveFile = new java.io.File(((pathPrefix + java.lang.Integer.toString(counter)) + .png)): null

2019-01-03 20:49:24 - [TEST_STEP][PASSED] - Statement - counter = counter + 1: null

2019-01-03 20:49:24 - [TEST_STEP][PASSED] - Statement - PreSaveFile = new java.io.File(((pathPrefix + java.lang.Integer.toString(counter)) + .png)): null

2019-01-03 20:49:24 - [TEST_STEP][PASSED] - Statement - counter = counter + 1: null

2019-01-03 20:49:24 - [TEST_STEP][PASSED] - Statement - PreSaveFile = new java.io.File(((pathPrefix + java.lang.Integer.toString(counter)) + .png)): null

2019-01-03 20:49:24 - [TEST_STEP][PASSED] - Statement - counter = counter + 1: null

2019-01-03 20:49:24 - [TEST_STEP][PASSED] - Statement - PreSaveFile = new java.io.File(((pathPrefix + java.lang.Integer.toString(counter)) + .png)): null

2019-01-03 20:49:24 - [TEST_STEP][PASSED] - Statement - counter = counter + 1: null

2019-01-03 20:49:24 - [TEST_STEP][PASSED] - Statement - PreSaveFile = new java.io.File(((pathPrefix + java.lang.Integer.toString(counter)) + .png)): null

2019-01-03 20:49:24 - [TEST_STEP][PASSED] - Statement - counter = counter + 1: null

2019-01-03 20:49:24 - [TEST_STEP][PASSED] - Statement - PreSaveFile = new java.io.File(((pathPrefix + java.lang.Integer.toString(counter)) + .png)): null

2019-01-03 20:49:24 - [TEST_STEP][PASSED] - Statement - counter = counter + 1: null

2019-01-03 20:49:24 - [TEST_STEP][PASSED] - Statement - PreSaveFile = new java.io.File(((pathPrefix + java.lang.Integer.toString(counter)) + .png)): null

2019-01-03 20:49:24 - [TEST_STEP][PASSED] - Statement - counter = counter + 1: null

2019-01-03 20:49:24 - [TEST_STEP][PASSED] - Statement - PreSaveFile = new java.io.File(((pathPrefix + java.lang.Integer.toString(counter)) + .png)): null

2019-01-03 20:49:24 - [TEST_STEP][PASSED] - Statement - counter = counter + 1: null

2019-01-03 20:49:24 - [TEST_STEP][PASSED] - Statement - PreSaveFile = new java.io.File(((pathPrefix + java.lang.Integer.toString(counter)) + .png)): null

2019-01-03 20:49:24 - [TEST_STEP][PASSED] - Statement - counter = counter + 1: null

2019-01-03 20:49:24 - [TEST_STEP][PASSED] - Statement - PreSaveFile = new java.io.File(((pathPrefix + java.lang.Integer.toString(counter)) + .png)): null

2019-01-03 20:49:24 - [TEST_STEP][PASSED] - Statement - finalPath = pathPrefix + java.lang.Integer.toString(counter) + ".png": null

2019-01-03 20:49:24 - [TEST_STEP][PASSED] - Statement - SaveFile = new java.io.File(finalPath): null

2019-01-03 20:49:24 - [TEST_STEP][PASSED] - Statement - Try: null

2019-01-03 20:49:24 - [TEST_STEP][PASSED] - Statement - org.apache.commons.io.FileUtils.copyFile(scrFile, SaveFile): null

2019-01-03 20:49:24 - [TEST_STEP][PASSED] - Statement - out.println("file kept"): null

2019-01-03 20:49:24 - [TEST_STEP][PASSED] - delay: Delayed 10 second(s)

2019-01-03 20:49:34 - [MESSAGE][PASSED] - Delayed 10 second(s)

2019-01-03 20:49:34 - [MESSAGE][PASSED] - Call Test Case 'Test Cases/Final Aug 2018 - PKS Automation/Registration Module/New Registration/Submit and Screenshot/Submit Registration and Screenshot - Copy' successfully

2019-01-03 20:49:34 - [TEST_STEP][PASSED] - Statement - UpdateAddNewECode = com.kms.katalon.core.webui.keyword.WebUiBuiltInKeywords.getText(com.kms.katalon.core.testobject.ObjectRepository.findTestObject(Object Repository/Final Object Repo/Page_Update Add New Employee - ASSIST/getEmpCode)): Text of object 'Object Repository/Final Object Repo/Page_Update Add New Employee - ASSIST/getEmpCode' is: 'E1102071102F'

2019-01-03 20:49:34 - [MESSAGE][PASSED] - Text of object 'Object Repository/Final Object Repo/Page_Update Add New Employee - ASSIST/getEmpCode' is: 'E1102071102F'

2019-01-03 20:49:34 - [TEST_STEP][PASSED] - callTestCase: Call Test Case 'Test Cases/Final Aug 2018 - PKS Automation/Common/Emp Code Setter' successfully

2019-01-03 20:49:34 - [TEST_CASE][PASSED] - Test Cases/Final Aug 2018 - PKS Automation/Common/Emp Code Setter: Test Cases/Final Aug 2018 - PKS Automation/Common/Emp Code Setter

2019-01-03 20:49:34 - [TEST_STEP][PASSED] - Statement - EmpCodeOld = new java.io.File(C://Users//Admin//Desktop//PKS//Automation Reference Point//EmpCode.txt): null

2019-01-03 20:49:34 - [TEST_STEP][PASSED] - Statement - EmpCodeOld.delete(): null

2019-01-03 20:49:34 - [TEST_STEP][PASSED] - Statement - EmpCode = new java.io.File(C://Users//Admin//Desktop//PKS//Automation Reference Point//EmpCode.txt): null

2019-01-03 20:49:34 - [TEST_STEP][PASSED] - Statement - f2 = new java.io.FileWriter(EmpCode, false): null

2019-01-03 20:49:34 - [TEST_STEP][PASSED] - Statement - f2.write(UpdateAddNewECode): null

2019-01-03 20:49:34 - [TEST_STEP][PASSED] - Statement - f2.close(): null

2019-01-03 20:49:34 - [TEST_STEP][PASSED] - Statement - out.println("


" + UpdateAddNewECode + "


"): null

2019-01-03 20:49:34 - [MESSAGE][PASSED] - Call Test Case 'Test Cases/Final Aug 2018 - PKS Automation/Common/Emp Code Setter' successfully

2019-01-03 20:49:34 - [MESSAGE][PASSED] - Call Test Case 'Test Cases/Final Aug 2018 - PKS Automation/Registration Module/Workflow/Update Add New Employee/Template/New Company for Update Add New - Employer' successfully

2019-01-03 20:49:34 - [TEST_STEP][PASSED] - callTestCase: Call Test Case 'Test Cases/Final Aug 2018 - PKS Automation/Create Employer Acc/Login to Employer Account (Second time)' successfully

2019-01-03 20:49:34 - [TEST_CASE][PASSED] - Test Cases/Final Aug 2018 - PKS Automation/Create Employer Acc/Login to Employer Account (Second time): Test Cases/Final Aug 2018 - PKS Automation/Create Employer Acc/Login to Employer Account (Second time)

2019-01-03 20:49:34 - [TEST_STEP][PASSED] - openBrowser: Browser is opened with url: ''

2019-01-03 20:49:34 - [MESSAGE][WARNING] - A browser is already opened. Closing browser and opening a new one

2019-01-03 20:49:38 - [MESSAGE][PASSED] - Browser is opened with url: ''

2019-01-03 20:49:38 - [TEST_STEP][PASSED] - navigateToUrl: Navigate to 'https://assist2-uat.perkeso.gov.my/employer/login' successfully

2019-01-03 20:49:39 - [MESSAGE][PASSED] - Navigate to 'https://assist2-uat.perkeso.gov.my/employer/login' successfully

2019-01-03 20:49:39 - [TEST_STEP][PASSED] - delay: Delayed 3 second(s)

2019-01-03 20:49:42 - [MESSAGE][PASSED] - Delayed 3 second(s)

2019-01-03 20:49:42 - [TEST_STEP][PASSED] - callTestCase: Call Test Case 'Test Cases/Final Aug 2018 - PKS Automation/Create Employer Acc/Template/Employer Email Getter' successfully

2019-01-03 20:49:42 - [TEST_CASE][PASSED] - Test Cases/Final Aug 2018 - PKS Automation/Create Employer Acc/Template/Employer Email Getter: Test Cases/Final Aug 2018 - PKS Automation/Create Employer Acc/Template/Employer Email Getter

2019-01-03 20:49:42 - [TEST_STEP][PASSED] - Statement - Try: null

2019-01-03 20:49:42 - [TEST_STEP][PASSED] - Statement - EmpEmail = new java.io.File(C://Users//Admin//Desktop//PKS//Automation Reference Point//EmpEmail.txt): null

2019-01-03 20:49:42 - [TEST_STEP][PASSED] - Statement - bufferread = new java.io.BufferedReader(new java.io.FileReader(EmpEmail)): null

2019-01-03 20:49:42 - [TEST_STEP][PASSED] - Statement - readedVal = bufferread.readLine(): null

2019-01-03 20:49:42 - [TEST_STEP][PASSED] - Statement - out.println(readedVal): null

2019-01-03 20:49:42 - [TEST_STEP][PASSED] - Statement - Email = readedVal: null

2019-01-03 20:49:42 - [MESSAGE][PASSED] - Call Test Case 'Test Cases/Final Aug 2018 - PKS Automation/Create Employer Acc/Template/Employer Email Getter' successfully

2019-01-03 20:49:42 - [TEST_STEP][PASSED] - setText: Text 'perkeso701134517917@gmail.com' is set on object 'Object Repository/Final Object Repo/Login Page/External Login Page/Email'

2019-01-03 20:49:43 - [MESSAGE][PASSED] - Text 'perkeso701134517917@gmail.com' is set on object 'Object Repository/Final Object Repo/Login Page/External Login Page/Email'

2019-01-03 20:49:43 - [TEST_STEP][PASSED] - click: Object: 'Object Repository/Final Object Repo/Login Page/External Login Page/Next' is clicked on

2019-01-03 20:49:43 - [MESSAGE][PASSED] - Object: 'Object Repository/Final Object Repo/Login Page/External Login Page/Next' is clicked on

2019-01-03 20:49:43 - [TEST_STEP][PASSED] - delay: Delayed 3 second(s)

2019-01-03 20:49:46 - [MESSAGE][PASSED] - Delayed 3 second(s)

2019-01-03 20:49:46 - [TEST_STEP][PASSED] - setEncryptedText: Text ****** has been set on object 'Object Repository/Final Object Repo/Login Page/External Login Page/Password'

2019-01-03 20:49:46 - [MESSAGE][PASSED] - Text ****** has been set on object 'Object Repository/Final Object Repo/Login Page/External Login Page/Password'

2019-01-03 20:49:46 - [TEST_STEP][PASSED] - click: Object: 'Object Repository/Final Object Repo/Login Page/External Login Page/Login' is clicked on

2019-01-03 20:49:46 - [MESSAGE][PASSED] - Object: 'Object Repository/Final Object Repo/Login Page/External Login Page/Login' is clicked on

2019-01-03 20:49:46 - [TEST_STEP][PASSED] - delay: Delayed 5 second(s)

2019-01-03 20:49:51 - [MESSAGE][PASSED] - Delayed 5 second(s)

2019-01-03 20:49:51 - [MESSAGE][PASSED] - Call Test Case 'Test Cases/Final Aug 2018 - PKS Automation/Create Employer Acc/Login to Employer Account (Second time)' successfully

2019-01-03 20:49:51 - [TEST_STEP][PASSED] - Statement - Try: Delayed 2 second(s)

2019-01-03 20:49:51 - [TEST_STEP][PASSED] - Statement - Checker = false: null

2019-01-03 20:49:51 - [TEST_STEP][PASSED] - Statement - Checker = com.kms.katalon.core.webui.keyword.WebUiBuiltInKeywords.verifyElementHasAttribute(com.kms.katalon.core.testobject.ObjectRepository.findTestObject(Final Object Repo/Landing Page/BM Detecting), "href", 20, OPTIONAL): Object 'Object Repository/Final Object Repo/Landing Page/BM Detecting' has attribute 'href'

2019-01-03 20:49:52 - [MESSAGE][PASSED] - Object 'Object Repository/Final Object Repo/Landing Page/BM Detecting' has attribute 'href'

2019-01-03 20:49:52 - [TEST_STEP][PASSED] - Statement - out.println(Checker): null

2019-01-03 20:49:52 - [TEST_STEP][PASSED] - Statement - If (Checker == false): null

2019-01-03 20:49:52 - [TEST_STEP][PASSED] - Statement - Else: null

2019-01-03 20:49:52 - [TEST_STEP][PASSED] - delay: Delayed 2 second(s)

2019-01-03 20:49:54 - [MESSAGE][PASSED] - Delayed 2 second(s)

2019-01-03 20:49:54 - [TEST_STEP][PASSED] - navigateToUrl: Navigate to 'https://assist2-uat.perkeso.gov.my/web/registration/update/update-employee-information-employer-' successfully

2019-01-03 20:49:55 - [MESSAGE][PASSED] - Navigate to 'https://assist2-uat.perkeso.gov.my/web/registration/update/update-employee-information-employer-' successfully

2019-01-03 20:49:55 - [TEST_STEP][PASSED] - click: Object: 'Object Repository/Final Object Repo/Page_Update Employee Information By Employer/Edit Button' is clicked on

2019-01-03 20:49:57 - [MESSAGE][PASSED] - Object: 'Object Repository/Final Object Repo/Page_Update Employee Information By Employer/Edit Button' is clicked on

2019-01-03 20:49:57 - [TEST_STEP][PASSED] - click: Object: 'Object Repository/Final Object Repo/Page_Update Employee Information By Employer/Employee Name or New Identification' is clicked on

2019-01-03 20:49:57 - [MESSAGE][PASSED] - Object: 'Object Repository/Final Object Repo/Page_Update Employee Information By Employer/Employee Name or New Identification' is clicked on

2019-01-03 20:49:57 - [TEST_STEP][PASSED] - delay: Delayed 1 second(s)

2019-01-03 20:49:58 - [MESSAGE][PASSED] - Delayed 1 second(s)

2019-01-03 20:49:58 - [TEST_STEP][PASSED] - click: Object: 'Object Repository/Final Object Repo/Page_Update Employee Information By Employer/Selection - Employee Name' is clicked on

2019-01-03 20:49:59 - [MESSAGE][PASSED] - Object: 'Object Repository/Final Object Repo/Page_Update Employee Information By Employer/Selection - Employee Name' is clicked on

2019-01-03 20:49:59 - [TEST_STEP][PASSED] - delay: Delayed 1 second(s)

2019-01-03 20:50:00 - [MESSAGE][PASSED] - Delayed 1 second(s)

2019-01-03 20:50:00 - [TEST_STEP][PASSED] - setText: Text 'AUTOMATE001 ELIGIBLE 1' is set on object 'Object Repository/Final Object Repo/Page_Update Employee Information By Employer/Employee Name'

2019-01-03 20:50:00 - [MESSAGE][PASSED] - Text 'AUTOMATE001 ELIGIBLE 1' is set on object 'Object Repository/Final Object Repo/Page_Update Employee Information By Employer/Employee Name'

2019-01-03 20:50:00 - [TEST_STEP][PASSED] - delay: Delayed 2 second(s)

2019-01-03 20:50:02 - [MESSAGE][PASSED] - Delayed 2 second(s)

2019-01-03 20:50:02 - [TEST_STEP][PASSED] - click: Object: 'Object Repository/Final Object Repo/Page_Update Employee Information By Employer/Search Employee' is clicked on

2019-01-03 20:50:02 - [MESSAGE][PASSED] - Object: 'Object Repository/Final Object Repo/Page_Update Employee Information By Employer/Search Employee' is clicked on

2019-01-03 20:50:02 - [TEST_STEP][PASSED] - delay: Delayed 3 second(s)

2019-01-03 20:50:05 - [MESSAGE][PASSED] - Delayed 3 second(s)

2019-01-03 20:50:05 - [TEST_STEP][PASSED] - click: Object: 'Object Repository/Final Object Repo/Page_Update Employee Information By Employer/Employee Edit Button' is clicked on

2019-01-03 20:50:05 - [MESSAGE][PASSED] - Object: 'Object Repository/Final Object Repo/Page_Update Employee Information By Employer/Employee Edit Button' is clicked on

2019-01-03 20:50:05 - [TEST_STEP][PASSED] - delay: Delayed 3 second(s)

2019-01-03 20:50:08 - [MESSAGE][PASSED] - Delayed 3 second(s)

2019-01-03 20:50:08 - [TEST_STEP][PASSED] - setText: Text '' is set on object 'Object Repository/Final Object Repo/Page_Update Employee Information By Employer/Identification Number'

2019-01-03 20:50:09 - [MESSAGE][PASSED] - Text '' is set on object 'Object Repository/Final Object Repo/Page_Update Employee Information By Employer/Identification Number'

2019-01-03 20:50:09 - [TEST_STEP][PASSED] - Statement - rnd = new java.util.Random(): null

2019-01-03 20:50:09 - [TEST_STEP][PASSED] - Statement - snum = rnd.nextInt(899999 + 1) + 100000: null

2019-01-03 20:50:09 - [TEST_STEP][PASSED] - Statement - tnum = rnd.nextInt(899999 + 1) + 100000: null

2019-01-03 20:50:09 - [TEST_STEP][PASSED] - Statement - IC = java.lang.Integer.toString(snum) + java.lang.Integer.toString(tnum): null

2019-01-03 20:50:09 - [TEST_STEP][PASSED] - Statement - out.println(IC): null

2019-01-03 20:50:09 - [TEST_STEP][PASSED] - setText: Text '367270115447' is set on object 'Object Repository/Final Object Repo/Page_Update Employee Information By Employer/Identification Number'

2019-01-03 20:50:09 - [MESSAGE][PASSED] - Text '367270115447' is set on object 'Object Repository/Final Object Repo/Page_Update Employee Information By Employer/Identification Number'

2019-01-03 20:50:09 - [TEST_STEP][PASSED] - click: Object: 'Object Repository/Final Object Repo/Page_Update Employee Information By Employer/Save' is clicked on

2019-01-03 20:50:09 - [MESSAGE][PASSED] - Object: 'Object Repository/Final Object Repo/Page_Update Employee Information By Employer/Save' is clicked on

2019-01-03 20:50:09 - [TEST_STEP][PASSED] - delay: Delayed 5 second(s)

2019-01-03 20:50:14 - [MESSAGE][PASSED] - Delayed 5 second(s)

2019-01-03 20:50:14 - [TEST_STEP][PASSED] - Statement - CaseReferenceNo = com.kms.katalon.core.webui.keyword.WebUiBuiltInKeywords.getText(com.kms.katalon.core.testobject.ObjectRepository.findTestObject(Final Object Repo/Reference Number/Reference Number in Update Employee Information Page)): Text of object 'Object Repository/Final Object Repo/Reference Number/Reference Number in Update Employee Information Page' is: 'CUN012019C100006152'

2019-01-03 20:50:14 - [MESSAGE][PASSED] - Text of object 'Object Repository/Final Object Repo/Reference Number/Reference Number in Update Employee Information Page' is: 'CUN012019C100006152'

2019-01-03 20:50:14 - [TEST_STEP][PASSED] - callTestCase: Call Test Case 'Test Cases/Final Aug 2018 - PKS Automation/Common/Reference Number Setter' successfully

2019-01-03 20:50:14 - [TEST_CASE][PASSED] - Test Cases/Final Aug 2018 - PKS Automation/Common/Reference Number Setter: Test Cases/Final Aug 2018 - PKS Automation/Common/Reference Number Setter

2019-01-03 20:50:14 - [TEST_STEP][PASSED] - Statement - RefNoOldFile = new java.io.File(C://Users//Admin//Desktop//PKS//Automation Reference Point//KatalonReference.txt): null

2019-01-03 20:50:14 - [TEST_STEP][PASSED] - Statement - RefNoOldFile.delete(): null

2019-01-03 20:50:14 - [TEST_STEP][PASSED] - delay: Delayed 5 second(s)

2019-01-03 20:50:19 - [MESSAGE][PASSED] - Delayed 5 second(s)

2019-01-03 20:50:19 - [TEST_STEP][PASSED] - Statement - RefNo = new java.io.File(C://Users//Admin//Desktop//PKS//Automation Reference Point//KatalonReference.txt): null

2019-01-03 20:50:19 - [TEST_STEP][PASSED] - Statement - f2 = new java.io.FileWriter(RefNo, false): null

2019-01-03 20:50:19 - [TEST_STEP][PASSED] - Statement - f2.write(CaseReferenceNo): null

2019-01-03 20:50:19 - [TEST_STEP][PASSED] - Statement - f2.close(): null

2019-01-03 20:50:19 - [TEST_STEP][PASSED] - Statement - out.println("


" + CaseReferenceNo + "


"): null

2019-01-03 20:50:19 - [MESSAGE][PASSED] - Call Test Case 'Test Cases/Final Aug 2018 - PKS Automation/Common/Reference Number Setter' successfully

2019-01-03 20:50:19 - [TEST_STEP][PASSED] - delay: Delayed 5 second(s)

2019-01-03 20:50:24 - [MESSAGE][PASSED] - Delayed 5 second(s)

2019-01-03 20:50:24 - [TEST_STEP][PASSED] - click: Object: 'Object Repository/Final Object Repo/Page_Update Employee Information By Employer/Save  Continue in  Employee Information Page' is clicked on

2019-01-03 20:50:24 - [MESSAGE][PASSED] - Object: 'Object Repository/Final Object Repo/Page_Update Employee Information By Employer/Save  Continue in  Employee Information Page' is clicked on

2019-01-03 20:50:24 - [TEST_STEP][PASSED] - delay: Delayed 5 second(s)

2019-01-03 20:50:29 - [MESSAGE][PASSED] - Delayed 5 second(s)

2019-01-03 20:50:29 - [TEST_STEP][PASSED] - click: Object: 'Object Repository/Final Object Repo/Page_Update Employee Information By Employer/Save  Continue in Uploading Page 1' is clicked on

2019-01-03 20:50:30 - [MESSAGE][PASSED] - Object: 'Object Repository/Final Object Repo/Page_Update Employee Information By Employer/Save  Continue in Uploading Page 1' is clicked on

2019-01-03 20:50:30 - [TEST_STEP][PASSED] - delay: Delayed 5 second(s)

2019-01-03 20:50:35 - [MESSAGE][PASSED] - Delayed 5 second(s)

2019-01-03 20:50:35 - [TEST_STEP][PASSED] - click: Object: 'Object Repository/Final Object Repo/Page_Update Employee Information By Employer/Submit' is clicked on

2019-01-03 20:50:35 - [MESSAGE][PASSED] - Object: 'Object Repository/Final Object Repo/Page_Update Employee Information By Employer/Submit' is clicked on

2019-01-03 20:50:35 - [TEST_STEP][PASSED] - delay: Delayed 5 second(s)

2019-01-03 20:50:40 - [MESSAGE][PASSED] - Delayed 5 second(s)

2019-01-03 20:50:40 - [TEST_STEP][PASSED] - click: Object: 'Object Repository/Final Object Repo/Page_Update Employee Information By Employer/Confirm' is clicked on

2019-01-03 20:50:40 - [MESSAGE][PASSED] - Object: 'Object Repository/Final Object Repo/Page_Update Employee Information By Employer/Confirm' is clicked on

2019-01-03 20:50:40 - [TEST_STEP][PASSED] - delay: Delayed 5 second(s)

2019-01-03 20:50:45 - [MESSAGE][PASSED] - Delayed 5 second(s)

2019-01-03 20:50:45 - [TEST_STEP][PASSED] - verifyElementVisible: Object 'Object Repository/Final Object Repo/Page_Update Employee Information By Employer/Successfull Message Routed to UO' is visible

2019-01-03 20:50:45 - [MESSAGE][PASSED] - Object 'Object Repository/Final Object Repo/Page_Update Employee Information By Employer/Successfull Message Routed to UO' is visible

2019-01-03 20:50:45 - [MESSAGE][PASSED] - Call Test Case 'Test Cases/Final Aug 2018 - PKS Automation/Registration Module/Workflow/Update Employee Information (Employer)/Template/Update Employer Information - Special Case (Employer)' successfully

2019-01-03 20:50:45 - [TEST_STEP][PASSED] - callTestCase: Call Test Case 'Test Cases/Final Aug 2018 - PKS Automation/Registration Module/Workflow/Update Employee Information (Employer)/Template/Update Employee Information - Special Case - UO (Reject)' successfully

2019-01-03 20:50:45 - [TEST_CASE][PASSED] - Test Cases/Final Aug 2018 - PKS Automation/Registration Module/Workflow/Update Employee Information (Employer)/Template/Update Employee Information - Special Case - UO (Reject): Test Cases/Final Aug 2018 - PKS Automation/Registration Module/Workflow/Update Employee Information (Employer)/Template/Update Employee Information - Special Case - UO (Reject)

2019-01-03 20:50:45 - [TEST_STEP][NOT_RUN] - callTestCase: NOT_RUN: callTestCase

2019-01-03 20:50:45 - [MESSAGE][NOT_RUN] - NOT_RUN: callTestCase

2019-01-03 20:50:45 - [TEST_STEP][PASSED] - delay: Delayed 2 second(s)

2019-01-03 20:50:47 - [MESSAGE][PASSED] - Delayed 2 second(s)

2019-01-03 20:50:47 - [TEST_STEP][PASSED] - navigateToUrl: Navigate to 'https://assist2-uat.perkeso.gov.my/c/portal/logout' successfully

2019-01-03 20:50:48 - [MESSAGE][PASSED] - Navigate to 'https://assist2-uat.perkeso.gov.my/c/portal/logout' successfully

2019-01-03 20:50:48 - [TEST_STEP][PASSED] - delay: Delayed 2 second(s)

2019-01-03 20:50:50 - [MESSAGE][PASSED] - Delayed 2 second(s)

2019-01-03 20:50:50 - [TEST_STEP][PASSED] - callTestCase: Call Test Case 'Test Cases/Final Aug 2018 - PKS Automation/Common/Reference Number Getter' successfully

2019-01-03 20:50:50 - [TEST_CASE][PASSED] - Test Cases/Final Aug 2018 - PKS Automation/Common/Reference Number Getter: Test Cases/Final Aug 2018 - PKS Automation/Common/Reference Number Getter

2019-01-03 20:50:50 - [TEST_STEP][PASSED] - Statement - Try: null

2019-01-03 20:50:50 - [TEST_STEP][PASSED] - Statement - RefNo = new java.io.File(C://Users//Admin//Desktop//PKS//Automation Reference Point//KatalonReference.txt): null

2019-01-03 20:50:50 - [TEST_STEP][PASSED] - Statement - bufferread = new java.io.BufferedReader(new java.io.FileReader(RefNo)): null

2019-01-03 20:50:50 - [TEST_STEP][PASSED] - Statement - readedVal = bufferread.readLine(): null

2019-01-03 20:50:50 - [TEST_STEP][PASSED] - Statement - out.println(CaseReferenceNo): null

2019-01-03 20:50:50 - [TEST_STEP][PASSED] - Statement - out.println(readedVal): null

2019-01-03 20:50:50 - [TEST_STEP][PASSED] - Statement - CaseReferenceNo = "": null

2019-01-03 20:50:50 - [TEST_STEP][PASSED] - Statement - CaseReferenceNo = readedVal: null

2019-01-03 20:50:50 - [MESSAGE][PASSED] - Call Test Case 'Test Cases/Final Aug 2018 - PKS Automation/Common/Reference Number Getter' successfully

2019-01-03 20:50:50 - [TEST_STEP][PASSED] - callTestCase: Call Test Case 'Test Cases/Final Aug 2018 - PKS Automation/Common/Workflow Owner Finder' successfully

2019-01-03 20:50:50 - [TEST_CASE][PASSED] - Test Cases/Final Aug 2018 - PKS Automation/Common/Workflow Owner Finder: Test Cases/Final Aug 2018 - PKS Automation/Common/Workflow Owner Finder

2019-01-03 20:50:50 - [TEST_STEP][PASSED] - openBrowser: Browser is opened with url: ''

2019-01-03 20:50:50 - [MESSAGE][WARNING] - A browser is already opened. Closing browser and opening a new one

2019-01-03 20:50:55 - [MESSAGE][PASSED] - Browser is opened with url: ''

2019-01-03 20:50:55 - [TEST_STEP][PASSED] - navigateToUrl: Navigate to 'https://assist2-uat.perkeso.gov.my/login' successfully

2019-01-03 20:50:56 - [MESSAGE][PASSED] - Navigate to 'https://assist2-uat.perkeso.gov.my/login' successfully

2019-01-03 20:50:56 - [TEST_STEP][PASSED] - delay: Delayed 5 second(s)

2019-01-03 20:51:01 - [MESSAGE][PASSED] - Delayed 5 second(s)

2019-01-03 20:51:01 - [TEST_STEP][PASSED] - setText: Text 'test@liferay.com' is set on object 'Object Repository/Final Object Repo/Login Page/Internal User/Email Address'

2019-01-03 20:51:01 - [MESSAGE][PASSED] - Text 'test@liferay.com' is set on object 'Object Repository/Final Object Repo/Login Page/Internal User/Email Address'

2019-01-03 20:51:01 - [TEST_STEP][PASSED] - click: Object: 'Object Repository/Final Object Repo/Login Page/Internal User/Next Button' is clicked on

2019-01-03 20:51:01 - [MESSAGE][PASSED] - Object: 'Object Repository/Final Object Repo/Login Page/Internal User/Next Button' is clicked on

2019-01-03 20:51:01 - [TEST_STEP][PASSED] - delay: Delayed 2 second(s)

2019-01-03 20:51:03 - [MESSAGE][PASSED] - Delayed 2 second(s)

2019-01-03 20:51:03 - [TEST_STEP][PASSED] - setText: Text 'test' is set on object 'Object Repository/Final Object Repo/Login Page/Internal User/Password'

2019-01-03 20:51:03 - [MESSAGE][PASSED] - Text 'test' is set on object 'Object Repository/Final Object Repo/Login Page/Internal User/Password'

2019-01-03 20:51:03 - [TEST_STEP][PASSED] - delay: Delayed 2 second(s)

2019-01-03 20:51:05 - [MESSAGE][PASSED] - Delayed 2 second(s)

2019-01-03 20:51:05 - [TEST_STEP][PASSED] - click: Object: 'Object Repository/Final Object Repo/Login Page/Internal User/Login Button' is clicked on

2019-01-03 20:51:05 - [MESSAGE][PASSED] - Object: 'Object Repository/Final Object Repo/Login Page/Internal User/Login Button' is clicked on

2019-01-03 20:51:05 - [TEST_STEP][PASSED] - Statement - tester = com.kms.katalon.core.testobject.ObjectRepository.findTestObject(Final Object Repo/Landing Page/Select to English): Finding Test Object with id 'Object Repository/Final Object Repo/Landing Page/Select to English'

2019-01-03 20:51:05 - [TEST_STEP][PASSED] - Statement - Try: Delayed 2 second(s)

2019-01-03 20:51:05 - [TEST_STEP][PASSED] - Statement - Checker = com.kms.katalon.core.webui.keyword.WebUiBuiltInKeywords.verifyElementNotPresent(tester, 3): Web element with id: 'Object Repository/Final Object Repo/Landing Page/Select to English' located by 'By.xpath: //a[@class = 'taglib-language-list-text' and @lang = 'en-US' and (contains(text(), 'EN') or contains(., 'EN'))]' is not present after '3' second(s)

2019-01-03 20:51:07 - [MESSAGE][PASSED] - Web element with id: 'Object Repository/Final Object Repo/Landing Page/Select to English' located by 'By.xpath: //a[@class = 'taglib-language-list-text' and @lang = 'en-US' and (contains(text(), 'EN') or contains(., 'EN'))]' is not present after '3' second(s)

2019-01-03 20:51:07 - [TEST_STEP][PASSED] - Statement - If (Checker == false): null

2019-01-03 20:51:07 - [TEST_STEP][PASSED] - delay: Delayed 2 second(s)

2019-01-03 20:51:09 - [MESSAGE][PASSED] - Delayed 2 second(s)

2019-01-03 20:51:09 - [TEST_STEP][PASSED] - delay: Delayed 5 second(s)

2019-01-03 20:51:14 - [MESSAGE][PASSED] - Delayed 5 second(s)

2019-01-03 20:51:14 - [TEST_STEP][PASSED] - mouseOver: Object: 'Object Repository/Final Object Repo/Landing Page/WorkFlow Menu' is hovered

2019-01-03 20:51:14 - [MESSAGE][PASSED] - Object: 'Object Repository/Final Object Repo/Landing Page/WorkFlow Menu' is hovered

2019-01-03 20:51:14 - [TEST_STEP][PASSED] - delay: Delayed 2 second(s)

2019-01-03 20:51:16 - [MESSAGE][PASSED] - Delayed 2 second(s)

2019-01-03 20:51:16 - [TEST_STEP][PASSED] - click: Object: 'Object Repository/Final Object Repo/Landing Page/Select to Workflow Listing' is clicked on

2019-01-03 20:51:18 - [MESSAGE][PASSED] - Object: 'Object Repository/Final Object Repo/Landing Page/Select to Workflow Listing' is clicked on

2019-01-03 20:51:18 - [TEST_STEP][PASSED] - delay: Delayed 2 second(s)

2019-01-03 20:51:20 - [MESSAGE][PASSED] - Delayed 2 second(s)

2019-01-03 20:51:20 - [TEST_STEP][PASSED] - click: Object: 'Object Repository/Final Object Repo/WorkFlow Listing Page/Search Information - To Put Ref No' is clicked on

2019-01-03 20:51:20 - [MESSAGE][PASSED] - Object: 'Object Repository/Final Object Repo/WorkFlow Listing Page/Search Information - To Put Ref No' is clicked on

2019-01-03 20:51:20 - [TEST_STEP][PASSED] - delay: Delayed 2 second(s)

2019-01-03 20:51:22 - [MESSAGE][PASSED] - Delayed 2 second(s)

2019-01-03 20:51:22 - [TEST_STEP][PASSED] - callTestCase: Call Test Case 'Test Cases/Final Aug 2018 - PKS Automation/Common/Reference Number Getter' successfully

2019-01-03 20:51:22 - [TEST_CASE][PASSED] - Test Cases/Final Aug 2018 - PKS Automation/Common/Reference Number Getter: Test Cases/Final Aug 2018 - PKS Automation/Common/Reference Number Getter

2019-01-03 20:51:22 - [TEST_STEP][PASSED] - Statement - Try: null

2019-01-03 20:51:22 - [TEST_STEP][PASSED] - Statement - RefNo = new java.io.File(C://Users//Admin//Desktop//PKS//Automation Reference Point//KatalonReference.txt): null

2019-01-03 20:51:22 - [TEST_STEP][PASSED] - Statement - bufferread = new java.io.BufferedReader(new java.io.FileReader(RefNo)): null

2019-01-03 20:51:22 - [TEST_STEP][PASSED] - Statement - readedVal = bufferread.readLine(): null

2019-01-03 20:51:22 - [TEST_STEP][PASSED] - Statement - out.println(CaseReferenceNo): null

2019-01-03 20:51:22 - [TEST_STEP][PASSED] - Statement - out.println(readedVal): null

2019-01-03 20:51:22 - [TEST_STEP][PASSED] - Statement - CaseReferenceNo = "": null

2019-01-03 20:51:22 - [TEST_STEP][PASSED] - Statement - CaseReferenceNo = readedVal: null

2019-01-03 20:51:22 - [MESSAGE][PASSED] - Call Test Case 'Test Cases/Final Aug 2018 - PKS Automation/Common/Reference Number Getter' successfully

2019-01-03 20:51:22 - [TEST_STEP][PASSED] - setText: Text 'CUN012019C100006152' is set on object 'Object Repository/Final Object Repo/WorkFlow Listing Page/Ref No Set Text'

2019-01-03 20:51:22 - [MESSAGE][PASSED] - Text 'CUN012019C100006152' is set on object 'Object Repository/Final Object Repo/WorkFlow Listing Page/Ref No Set Text'

2019-01-03 20:51:22 - [TEST_STEP][PASSED] - delay: Delayed 2 second(s)

2019-01-03 20:51:24 - [MESSAGE][PASSED] - Delayed 2 second(s)

2019-01-03 20:51:24 - [TEST_STEP][PASSED] - click: Object: 'Object Repository/Final Object Repo/WorkFlow Listing Page/Search Ref No Search Button' is clicked on

2019-01-03 20:51:24 - [MESSAGE][PASSED] - Object: 'Object Repository/Final Object Repo/WorkFlow Listing Page/Search Ref No Search Button' is clicked on

2019-01-03 20:51:24 - [TEST_STEP][PASSED] - delay: Delayed 6 second(s)

2019-01-03 20:51:30 - [MESSAGE][PASSED] - Delayed 6 second(s)

2019-01-03 20:51:30 - [TEST_STEP][PASSED] - click: Object: 'Object Repository/Final Object Repo/WorkFlow Listing Page/Click Continue Tooltip' is clicked on

2019-01-03 20:51:31 - [MESSAGE][PASSED] - Object: 'Object Repository/Final Object Repo/WorkFlow Listing Page/Click Continue Tooltip' is clicked on

2019-01-03 20:51:31 - [TEST_STEP][PASSED] - delay: Delayed 5 second(s)

2019-01-03 20:51:36 - [MESSAGE][PASSED] - Delayed 5 second(s)

2019-01-03 20:51:36 - [TEST_STEP][PASSED] - doubleClick: Object: 'Object Repository/Final Object Repo/WorkFlow Listing Page/Workflow Found - Listing 1' is double clicked on

2019-01-03 20:51:36 - [MESSAGE][PASSED] - Object: 'Object Repository/Final Object Repo/WorkFlow Listing Page/Workflow Found - Listing 1' is double clicked on

2019-01-03 20:51:36 - [TEST_STEP][PASSED] - Statement - println(OwnerID): null

2019-01-03 20:51:36 - [TEST_STEP][PASSED] - Statement - OwnerID = com.kms.katalon.core.webui.keyword.WebUiBuiltInKeywords.getText(com.kms.katalon.core.testobject.ObjectRepository.findTestObject(Final Object Repo/WorkFlow Listing Page/Workflow Found - Listing 1), STOP_ON_FAILURE): Text of object 'Object Repository/Final Object Repo/WorkFlow Listing Page/Workflow Found - Listing 1' is: 'JOHORuo2'

2019-01-03 20:51:36 - [MESSAGE][PASSED] - Text of object 'Object Repository/Final Object Repo/WorkFlow Listing Page/Workflow Found - Listing 1' is: 'JOHORuo2'

2019-01-03 20:51:36 - [TEST_STEP][PASSED] - Statement - OwnerID = OwnerID.toLowerCase() + "@gmail.com": null

2019-01-03 20:51:36 - [TEST_STEP][PASSED] - Statement - println(OwnerID): null

2019-01-03 20:51:36 - [TEST_STEP][PASSED] - delay: Delayed 2 second(s)

2019-01-03 20:51:38 - [MESSAGE][PASSED] - Delayed 2 second(s)

2019-01-03 20:51:38 - [MESSAGE][PASSED] - Call Test Case 'Test Cases/Final Aug 2018 - PKS Automation/Common/Workflow Owner Finder' successfully

2019-01-03 20:51:38 - [TEST_STEP][PASSED] - delay: Delayed 2 second(s)

2019-01-03 20:51:40 - [MESSAGE][PASSED] - Delayed 2 second(s)

2019-01-03 20:51:40 - [TEST_STEP][PASSED] - navigateToUrl: Navigate to 'https://assist2-uat.perkeso.gov.my/c/portal/logout' successfully

2019-01-03 20:51:41 - [MESSAGE][PASSED] - Navigate to 'https://assist2-uat.perkeso.gov.my/c/portal/logout' successfully

2019-01-03 20:51:41 - [TEST_STEP][PASSED] - delay: Delayed 2 second(s)

2019-01-03 20:51:43 - [MESSAGE][PASSED] - Delayed 2 second(s)

2019-01-03 20:51:43 - [TEST_STEP][PASSED] - callTestCase: Call Test Case 'Test Cases/Final Aug 2018 - PKS Automation/Registration Module/Workflow/Login and Search Case For Workflow' successfully

2019-01-03 20:51:43 - [TEST_CASE][PASSED] - Test Cases/Final Aug 2018 - PKS Automation/Registration Module/Workflow/Login and Search Case For Workflow: Test Cases/Final Aug 2018 - PKS Automation/Registration Module/Workflow/Login and Search Case For Workflow

2019-01-03 20:51:43 - [TEST_STEP][PASSED] - navigateToUrl: Navigate to 'https://assist2-uat.perkeso.gov.my/login' successfully

2019-01-03 20:51:44 - [MESSAGE][PASSED] - Navigate to 'https://assist2-uat.perkeso.gov.my/login' successfully

2019-01-03 20:51:44 - [TEST_STEP][PASSED] - setText: Text 'johoruo2@gmail.com' is set on object 'Object Repository/Final Object Repo/Login Page/Internal User/Email Address'

2019-01-03 20:51:44 - [MESSAGE][PASSED] - Text 'johoruo2@gmail.com' is set on object 'Object Repository/Final Object Repo/Login Page/Internal User/Email Address'

2019-01-03 20:51:44 - [TEST_STEP][PASSED] - click: Object: 'Object Repository/Final Object Repo/Login Page/Internal User/Next Button' is clicked on

2019-01-03 20:51:44 - [MESSAGE][PASSED] - Object: 'Object Repository/Final Object Repo/Login Page/Internal User/Next Button' is clicked on

2019-01-03 20:51:44 - [TEST_STEP][PASSED] - delay: Delayed 1 second(s)

2019-01-03 20:51:45 - [MESSAGE][PASSED] - Delayed 1 second(s)

2019-01-03 20:51:45 - [TEST_STEP][PASSED] - setEncryptedText: Text ****** has been set on object 'Object Repository/Final Object Repo/Login Page/Internal User/Password'

2019-01-03 20:51:46 - [MESSAGE][PASSED] - Text ****** has been set on object 'Object Repository/Final Object Repo/Login Page/Internal User/Password'

2019-01-03 20:51:46 - [TEST_STEP][PASSED] - click: Object: 'Object Repository/Final Object Repo/Login Page/Internal User/Login Button' is clicked on

2019-01-03 20:51:46 - [MESSAGE][PASSED] - Object: 'Object Repository/Final Object Repo/Login Page/Internal User/Login Button' is clicked on

2019-01-03 20:51:46 - [TEST_STEP][PASSED] - delay: Delayed 2 second(s)

2019-01-03 20:51:48 - [MESSAGE][PASSED] - Delayed 2 second(s)

2019-01-03 20:51:48 - [TEST_STEP][PASSED] - Statement - Try: Delayed 2 second(s)

2019-01-03 20:51:48 - [TEST_STEP][PASSED] - Statement - Checker = false: null

2019-01-03 20:51:48 - [TEST_STEP][PASSED] - Statement - Checker = com.kms.katalon.core.webui.keyword.WebUiBuiltInKeywords.verifyElementHasAttribute(com.kms.katalon.core.testobject.ObjectRepository.findTestObject(Final Object Repo/Landing Page/BM Detecting), "href", 20, OPTIONAL): Object 'Object Repository/Final Object Repo/Landing Page/BM Detecting' has attribute 'href'

2019-01-03 20:51:48 - [MESSAGE][PASSED] - Object 'Object Repository/Final Object Repo/Landing Page/BM Detecting' has attribute 'href'

2019-01-03 20:51:48 - [TEST_STEP][PASSED] - Statement - out.println(Checker): null

2019-01-03 20:51:48 - [TEST_STEP][PASSED] - Statement - If (Checker == false): null

2019-01-03 20:51:48 - [TEST_STEP][PASSED] - Statement - Else: null

2019-01-03 20:51:48 - [TEST_STEP][PASSED] - delay: Delayed 2 second(s)

2019-01-03 20:51:50 - [MESSAGE][PASSED] - Delayed 2 second(s)

2019-01-03 20:51:50 - [TEST_STEP][PASSED] - click: Object: 'Object Repository/Final Object Repo/Page_MyASSIST - ASSIST - Search Pending Case For Add Supporting Document/Search Information' is clicked on

2019-01-03 20:51:50 - [MESSAGE][PASSED] - Object: 'Object Repository/Final Object Repo/Page_MyASSIST - ASSIST - Search Pending Case For Add Supporting Document/Search Information' is clicked on

2019-01-03 20:51:50 - [TEST_STEP][PASSED] - delay: Delayed 3 second(s)

2019-01-03 20:51:53 - [MESSAGE][PASSED] - Delayed 3 second(s)

2019-01-03 20:51:53 - [TEST_STEP][PASSED] - sendKeys: Keys 'CUN012019C100006152' sent to object: 'Object Repository/Final Object Repo/Page_MyASSIST - ASSIST - Search Pending Case For Add Supporting Document/Reference No'

2019-01-03 20:51:53 - [MESSAGE][PASSED] - Keys 'CUN012019C100006152' sent to object: 'Object Repository/Final Object Repo/Page_MyASSIST - ASSIST - Search Pending Case For Add Supporting Document/Reference No'

2019-01-03 20:51:53 - [TEST_STEP][PASSED] - click: Object: 'Object Repository/Final Object Repo/Page_MyASSIST - ASSIST - Search Pending Case For Add Supporting Document/Search Reference No' is clicked on

2019-01-03 20:51:53 - [MESSAGE][PASSED] - Object: 'Object Repository/Final Object Repo/Page_MyASSIST - ASSIST - Search Pending Case For Add Supporting Document/Search Reference No' is clicked on

2019-01-03 20:51:53 - [TEST_STEP][PASSED] - delay: Delayed 2 second(s)

2019-01-03 20:51:55 - [MESSAGE][PASSED] - Delayed 2 second(s)

2019-01-03 20:51:55 - [TEST_STEP][PASSED] - click: Object: 'Object Repository/Final Object Repo/Page_MyASSIST - ASSIST - Search Pending Case For Add Supporting Document/Continue' is clicked on

2019-01-03 20:51:59 - [MESSAGE][PASSED] - Object: 'Object Repository/Final Object Repo/Page_MyASSIST - ASSIST - Search Pending Case For Add Supporting Document/Continue' is clicked on

2019-01-03 20:51:59 - [TEST_STEP][PASSED] - delay: Delayed 20 second(s)

2019-01-03 20:52:19 - [MESSAGE][PASSED] - Delayed 20 second(s)

2019-01-03 20:52:19 - [MESSAGE][PASSED] - Call Test Case 'Test Cases/Final Aug 2018 - PKS Automation/Registration Module/Workflow/Login and Search Case For Workflow' successfully

2019-01-03 20:52:19 - [TEST_STEP][PASSED] - delay: Delayed 2 second(s)

2019-01-03 20:52:21 - [MESSAGE][PASSED] - Delayed 2 second(s)

2019-01-03 20:52:21 - [TEST_STEP][PASSED] - click: Object: 'Object Repository/Final Object Repo/Page_Update Employee Information By Employer/Page_Update Employee Information by Employer (Approve)/Continue' is clicked on

2019-01-03 20:52:25 - [MESSAGE][PASSED] - Object: 'Object Repository/Final Object Repo/Page_Update Employee Information By Employer/Page_Update Employee Information by Employer (Approve)/Continue' is clicked on

2019-01-03 20:52:25 - [TEST_STEP][PASSED] - delay: Delayed 2 second(s)

2019-01-03 20:52:27 - [MESSAGE][PASSED] - Delayed 2 second(s)

2019-01-03 20:52:27 - [TEST_STEP][PASSED] - click: Object: 'Object Repository/Final Object Repo/Page_Update Employee Information By Employer/Page_Update Employee Information by Employer (Approve)/Save  Continue in Update Employee Information Page' is clicked on

2019-01-03 20:52:27 - [MESSAGE][PASSED] - Object: 'Object Repository/Final Object Repo/Page_Update Employee Information By Employer/Page_Update Employee Information by Employer (Approve)/Save  Continue in Update Employee Information Page' is clicked on

2019-01-03 20:52:27 - [TEST_STEP][PASSED] - delay: Delayed 4 second(s)

2019-01-03 20:52:31 - [MESSAGE][PASSED] - Delayed 4 second(s)

2019-01-03 20:52:31 - [TEST_STEP][PASSED] - click: Object: 'Object Repository/Final Object Repo/Page_Update Employee Information By Employer/Page_Update Employee Information by Employer (Approve)/Save  Continue in Upload Supporting Doucument Page' is clicked on

2019-01-03 20:52:31 - [MESSAGE][PASSED] - Object: 'Object Repository/Final Object Repo/Page_Update Employee Information By Employer/Page_Update Employee Information by Employer (Approve)/Save  Continue in Upload Supporting Doucument Page' is clicked on

2019-01-03 20:52:31 - [TEST_STEP][PASSED] - delay: Delayed 2 second(s)

2019-01-03 20:52:33 - [MESSAGE][PASSED] - Delayed 2 second(s)

2019-01-03 20:52:33 - [TEST_STEP][PASSED] - click: Object: 'Object Repository/Final Object Repo/Page_Update Employee Information By Employer/Page_Update Employee Information by Employer (Reject)/Reject' is clicked on

2019-01-03 20:52:35 - [MESSAGE][PASSED] - Object: 'Object Repository/Final Object Repo/Page_Update Employee Information By Employer/Page_Update Employee Information by Employer (Reject)/Reject' is clicked on

2019-01-03 20:52:35 - [TEST_STEP][PASSED] - delay: Delayed 2 second(s)

2019-01-03 20:52:37 - [MESSAGE][PASSED] - Delayed 2 second(s)

2019-01-03 20:52:37 - [TEST_STEP][PASSED] - click: Object: 'Object Repository/Final Object Repo/Page_Update Employee Information By Employer/Page_Update Employee Information by Employer (Approve)/Confirm' is clicked on

2019-01-03 20:52:37 - [MESSAGE][PASSED] - Object: 'Object Repository/Final Object Repo/Page_Update Employee Information By Employer/Page_Update Employee Information by Employer (Approve)/Confirm' is clicked on

2019-01-03 20:52:37 - [TEST_STEP][PASSED] - delay: Delayed 2 second(s)

2019-01-03 20:52:39 - [MESSAGE][PASSED] - Delayed 2 second(s)

2019-01-03 20:52:39 - [TEST_STEP][PASSED] - verifyElementVisible: Object 'Object Repository/Final Object Repo/Page_Update Employee Information By Employer/Page_Update Employee Information by Employer (Reject)/Rejected Messeage This Case has been Rejecte' is visible

2019-01-03 20:52:42 - [MESSAGE][PASSED] - Object 'Object Repository/Final Object Repo/Page_Update Employee Information By Employer/Page_Update Employee Information by Employer (Reject)/Rejected Messeage This Case has been Rejecte' is visible

2019-01-03 20:52:42 - [TEST_STEP][PASSED] - delay: Delayed 2 second(s)

2019-01-03 20:52:44 - [MESSAGE][PASSED] - Delayed 2 second(s)

2019-01-03 20:52:44 - [TEST_STEP][PASSED] - verifyElementVisible: Object 'Object Repository/Final Object Repo/Page_Update Employee Information By Employer/Page_Update Employee Information by Employer (Reject)/Letter of update rejection' is visible

2019-01-03 20:52:44 - [MESSAGE][PASSED] - Object 'Object Repository/Final Object Repo/Page_Update Employee Information By Employer/Page_Update Employee Information by Employer (Reject)/Letter of update rejection' is visible

2019-01-03 20:52:44 - [MESSAGE][PASSED] - Call Test Case 'Test Cases/Final Aug 2018 - PKS Automation/Registration Module/Workflow/Update Employee Information (Employer)/Template/Update Employee Information - Special Case - UO (Reject)' successfully]]></system-out>
         <system-err><![CDATA[]]></system-err>
      </testcase>
      <testcase name="Test Cases/Final Aug 2018 - PKS Automation/Registration Module/Workflow/Update Employee Information (Employer)/Employer - UO (Under enforcement)" classname="Test Cases/Final Aug 2018 - PKS Automation/Registration Module/Workflow/Update Employee Information (Employer)/Employer - UO (Under enforcement)" status="PASSED">
         <system-out><![CDATA[2019-01-03 20:52:44 - [TEST_CASE][PASSED] - Test Cases/Final Aug 2018 - PKS Automation/Registration Module/Workflow/Update Employee Information (Employer)/Employer - UO (Under enforcement): Test Cases/Final Aug 2018 - PKS Automation/Registration Module/Workflow/Update Employee Information (Employer)/Employer - UO (Under enforcement)

2019-01-03 20:52:44 - [TEST_STEP][PASSED] - callTestCase: Call Test Case 'Test Cases/Final Aug 2018 - PKS Automation/Registration Module/Workflow/Update Employee Information (Employer)/Template/Update Employer Information - Special Case (Employer)' successfully

2019-01-03 20:52:44 - [TEST_CASE][PASSED] - Test Cases/Final Aug 2018 - PKS Automation/Registration Module/Workflow/Update Employee Information (Employer)/Template/Update Employer Information - Special Case (Employer): Test Cases/Final Aug 2018 - PKS Automation/Registration Module/Workflow/Update Employee Information (Employer)/Template/Update Employer Information - Special Case (Employer)

2019-01-03 20:52:44 - [TEST_STEP][PASSED] - callTestCase: Call Test Case 'Test Cases/Final Aug 2018 - PKS Automation/Registration Module/Workflow/Update Add New Employee/Template/New Company for Update Add New - Employer' successfully

2019-01-03 20:52:44 - [TEST_CASE][PASSED] - Test Cases/Final Aug 2018 - PKS Automation/Registration Module/Workflow/Update Add New Employee/Template/New Company for Update Add New - Employer: Test Cases/Final Aug 2018 - PKS Automation/Registration Module/Workflow/Update Add New Employee/Template/New Company for Update Add New - Employer

2019-01-03 20:52:44 - [TEST_STEP][PASSED] - callTestCase: Call Test Case 'Test Cases/Final Aug 2018 - PKS Automation/Create Employer Acc/Create Employer Account' successfully

2019-01-03 20:52:44 - [TEST_CASE][PASSED] - Test Cases/Final Aug 2018 - PKS Automation/Create Employer Acc/Create Employer Account: Test Cases/Final Aug 2018 - PKS Automation/Create Employer Acc/Create Employer Account

2019-01-03 20:52:44 - [TEST_STEP][PASSED] - callTestCase: Call Test Case 'Test Cases/Final Aug 2018 - PKS Automation/Create Employer Acc/Template/Register Employer' successfully

2019-01-03 20:52:44 - [TEST_CASE][PASSED] - Test Cases/Final Aug 2018 - PKS Automation/Create Employer Acc/Template/Register Employer: Test Cases/Final Aug 2018 - PKS Automation/Create Employer Acc/Template/Register Employer

2019-01-03 20:52:44 - [TEST_STEP][PASSED] - openBrowser: Browser is opened with url: ''

2019-01-03 20:52:44 - [MESSAGE][WARNING] - A browser is already opened. Closing browser and opening a new one

2019-01-03 20:52:48 - [MESSAGE][PASSED] - Browser is opened with url: ''

2019-01-03 20:52:48 - [TEST_STEP][PASSED] - navigateToUrl: Navigate to 'https://assist2-uat.perkeso.gov.my/login' successfully

2019-01-03 20:52:49 - [MESSAGE][PASSED] - Navigate to 'https://assist2-uat.perkeso.gov.my/login' successfully

2019-01-03 20:52:49 - [TEST_STEP][PASSED] - setText: Text 'johorotc1@gmail.com' is set on object 'Object Repository/Final Object Repo/Login Page/Internal User/Email Address'

2019-01-03 20:52:50 - [MESSAGE][PASSED] - Text 'johorotc1@gmail.com' is set on object 'Object Repository/Final Object Repo/Login Page/Internal User/Email Address'

2019-01-03 20:52:50 - [TEST_STEP][PASSED] - click: Object: 'Object Repository/Final Object Repo/Login Page/Internal User/Next Button' is clicked on

2019-01-03 20:52:50 - [MESSAGE][PASSED] - Object: 'Object Repository/Final Object Repo/Login Page/Internal User/Next Button' is clicked on

2019-01-03 20:52:50 - [TEST_STEP][PASSED] - delay: Delayed 1 second(s)

2019-01-03 20:52:51 - [MESSAGE][PASSED] - Delayed 1 second(s)

2019-01-03 20:52:51 - [TEST_STEP][PASSED] - setEncryptedText: Text ****** has been set on object 'Object Repository/Final Object Repo/Login Page/Internal User/Password'

2019-01-03 20:52:51 - [MESSAGE][PASSED] - Text ****** has been set on object 'Object Repository/Final Object Repo/Login Page/Internal User/Password'

2019-01-03 20:52:51 - [TEST_STEP][PASSED] - click: Object: 'Object Repository/Final Object Repo/Login Page/Internal User/Login Button' is clicked on

2019-01-03 20:52:51 - [MESSAGE][PASSED] - Object: 'Object Repository/Final Object Repo/Login Page/Internal User/Login Button' is clicked on

2019-01-03 20:52:51 - [TEST_STEP][PASSED] - delay: Delayed 1 second(s)

2019-01-03 20:52:52 - [MESSAGE][PASSED] - Delayed 1 second(s)

2019-01-03 20:52:52 - [TEST_STEP][PASSED] - navigateToUrl: Navigate to 'https://assist2-uat.perkeso.gov.my/web/base/portal-id/registration' successfully

2019-01-03 20:52:54 - [MESSAGE][PASSED] - Navigate to 'https://assist2-uat.perkeso.gov.my/web/base/portal-id/registration' successfully

2019-01-03 20:52:54 - [TEST_STEP][PASSED] - setText: Text 'AUTOMATION EMPLOYER' is set on object 'Object Repository/Final Object Repo/Creating Employer Account/Page_Registration - ASSIST (Base)/Employer Name'

2019-01-03 20:52:54 - [MESSAGE][PASSED] - Text 'AUTOMATION EMPLOYER' is set on object 'Object Repository/Final Object Repo/Creating Employer Account/Page_Registration - ASSIST (Base)/Employer Name'

2019-01-03 20:52:54 - [TEST_STEP][PASSED] - delay: Delayed 2 second(s)

2019-01-03 20:52:56 - [MESSAGE][PASSED] - Delayed 2 second(s)

2019-01-03 20:52:56 - [TEST_STEP][PASSED] - click: Object: 'Object Repository/Final Object Repo/Creating Employer Account/Page_Registration - ASSIST (Base)/Registration Type' is clicked on

2019-01-03 20:52:56 - [MESSAGE][PASSED] - Object: 'Object Repository/Final Object Repo/Creating Employer Account/Page_Registration - ASSIST (Base)/Registration Type' is clicked on

2019-01-03 20:52:56 - [TEST_STEP][PASSED] - delay: Delayed 2 second(s)

2019-01-03 20:52:58 - [MESSAGE][PASSED] - Delayed 2 second(s)

2019-01-03 20:52:58 - [TEST_STEP][PASSED] - click: Object: 'Object Repository/Final Object Repo/Creating Employer Account/Page_Registration - ASSIST (Base)/Registration Type - Registration No' is clicked on

2019-01-03 20:52:58 - [MESSAGE][PASSED] - Object: 'Object Repository/Final Object Repo/Creating Employer Account/Page_Registration - ASSIST (Base)/Registration Type - Registration No' is clicked on

2019-01-03 20:52:58 - [TEST_STEP][PASSED] - delay: Delayed 2 second(s)

2019-01-03 20:53:00 - [MESSAGE][PASSED] - Delayed 2 second(s)

2019-01-03 20:53:00 - [TEST_STEP][PASSED] - setText: Text 'AUTOMATE001' is set on object 'Object Repository/Final Object Repo/Creating Employer Account/Page_Registration - ASSIST (Base)/Registration Number'

2019-01-03 20:53:01 - [MESSAGE][PASSED] - Text 'AUTOMATE001' is set on object 'Object Repository/Final Object Repo/Creating Employer Account/Page_Registration - ASSIST (Base)/Registration Number'

2019-01-03 20:53:01 - [TEST_STEP][PASSED] - delay: Delayed 2 second(s)

2019-01-03 20:53:03 - [MESSAGE][PASSED] - Delayed 2 second(s)

2019-01-03 20:53:03 - [TEST_STEP][PASSED] - setText: Text 'ADDRESS 1' is set on object 'Object Repository/Final Object Repo/Creating Employer Account/Page_Registration - ASSIST (Base)/Postal Address 1'

2019-01-03 20:53:03 - [MESSAGE][PASSED] - Text 'ADDRESS 1' is set on object 'Object Repository/Final Object Repo/Creating Employer Account/Page_Registration - ASSIST (Base)/Postal Address 1'

2019-01-03 20:53:03 - [TEST_STEP][PASSED] - setText: Text 'ADDRESS 2' is set on object 'Object Repository/Final Object Repo/Creating Employer Account/Page_Registration - ASSIST (Base)/Postal Address 2'

2019-01-03 20:53:03 - [MESSAGE][PASSED] - Text 'ADDRESS 2' is set on object 'Object Repository/Final Object Repo/Creating Employer Account/Page_Registration - ASSIST (Base)/Postal Address 2'

2019-01-03 20:53:03 - [TEST_STEP][PASSED] - click: Object: 'Object Repository/Final Object Repo/Creating Employer Account/Page_Registration - ASSIST (Base)/State' is clicked on

2019-01-03 20:53:03 - [MESSAGE][PASSED] - Object: 'Object Repository/Final Object Repo/Creating Employer Account/Page_Registration - ASSIST (Base)/State' is clicked on

2019-01-03 20:53:03 - [TEST_STEP][PASSED] - delay: Delayed 2 second(s)

2019-01-03 20:53:05 - [MESSAGE][PASSED] - Delayed 2 second(s)

2019-01-03 20:53:05 - [TEST_STEP][PASSED] - click: Object: 'Object Repository/Final Object Repo/Creating Employer Account/Page_Registration - ASSIST (Base)/State - Johor' is clicked on

2019-01-03 20:53:06 - [MESSAGE][PASSED] - Object: 'Object Repository/Final Object Repo/Creating Employer Account/Page_Registration - ASSIST (Base)/State - Johor' is clicked on

2019-01-03 20:53:06 - [TEST_STEP][PASSED] - delay: Delayed 2 second(s)

2019-01-03 20:53:08 - [MESSAGE][PASSED] - Delayed 2 second(s)

2019-01-03 20:53:08 - [TEST_STEP][PASSED] - click: Object: 'Object Repository/Final Object Repo/Creating Employer Account/Page_Registration - ASSIST (Base)/City' is clicked on

2019-01-03 20:53:08 - [MESSAGE][PASSED] - Object: 'Object Repository/Final Object Repo/Creating Employer Account/Page_Registration - ASSIST (Base)/City' is clicked on

2019-01-03 20:53:08 - [TEST_STEP][PASSED] - delay: Delayed 2 second(s)

2019-01-03 20:53:10 - [MESSAGE][PASSED] - Delayed 2 second(s)

2019-01-03 20:53:10 - [TEST_STEP][PASSED] - setText: Text 'joh' is set on object 'Object Repository/Final Object Repo/Creating Employer Account/Page_Registration - ASSIST (Base)/City - joh'

2019-01-03 20:53:10 - [MESSAGE][PASSED] - Text 'joh' is set on object 'Object Repository/Final Object Repo/Creating Employer Account/Page_Registration - ASSIST (Base)/City - joh'

2019-01-03 20:53:10 - [TEST_STEP][PASSED] - delay: Delayed 2 second(s)

2019-01-03 20:53:12 - [MESSAGE][PASSED] - Delayed 2 second(s)

2019-01-03 20:53:12 - [TEST_STEP][PASSED] - click: Object: 'Object Repository/Final Object Repo/Creating Employer Account/Page_Registration - ASSIST (Base)/City - Johor Bharu' is clicked on

2019-01-03 20:53:12 - [MESSAGE][PASSED] - Object: 'Object Repository/Final Object Repo/Creating Employer Account/Page_Registration - ASSIST (Base)/City - Johor Bharu' is clicked on

2019-01-03 20:53:12 - [TEST_STEP][PASSED] - delay: Delayed 2 second(s)

2019-01-03 20:53:14 - [MESSAGE][PASSED] - Delayed 2 second(s)

2019-01-03 20:53:14 - [TEST_STEP][PASSED] - click: Object: 'Object Repository/Final Object Repo/Creating Employer Account/Page_Registration - ASSIST (Base)/Post Code' is clicked on

2019-01-03 20:53:14 - [MESSAGE][PASSED] - Object: 'Object Repository/Final Object Repo/Creating Employer Account/Page_Registration - ASSIST (Base)/Post Code' is clicked on

2019-01-03 20:53:14 - [TEST_STEP][PASSED] - delay: Delayed 2 second(s)

2019-01-03 20:53:16 - [MESSAGE][PASSED] - Delayed 2 second(s)

2019-01-03 20:53:16 - [TEST_STEP][PASSED] - setText: Text '810' is set on object 'Object Repository/Final Object Repo/Creating Employer Account/Page_Registration - ASSIST (Base)/Post Code - 810'

2019-01-03 20:53:17 - [MESSAGE][PASSED] - Text '810' is set on object 'Object Repository/Final Object Repo/Creating Employer Account/Page_Registration - ASSIST (Base)/Post Code - 810'

2019-01-03 20:53:17 - [TEST_STEP][PASSED] - delay: Delayed 2 second(s)

2019-01-03 20:53:19 - [MESSAGE][PASSED] - Delayed 2 second(s)

2019-01-03 20:53:19 - [TEST_STEP][PASSED] - click: Object: 'Object Repository/Final Object Repo/Creating Employer Account/Page_Registration - ASSIST (Base)/Post Code - 81000' is clicked on

2019-01-03 20:53:19 - [MESSAGE][PASSED] - Object: 'Object Repository/Final Object Repo/Creating Employer Account/Page_Registration - ASSIST (Base)/Post Code - 81000' is clicked on

2019-01-03 20:53:19 - [TEST_STEP][PASSED] - delay: Delayed 2 second(s)

2019-01-03 20:53:21 - [MESSAGE][PASSED] - Delayed 2 second(s)

2019-01-03 20:53:21 - [TEST_STEP][PASSED] - setText: Text 'PERKESO' is set on object 'Object Repository/Final Object Repo/Creating Employer Account/Page_Registration - ASSIST (Base)/Full Name'

2019-01-03 20:53:21 - [MESSAGE][PASSED] - Text 'PERKESO' is set on object 'Object Repository/Final Object Repo/Creating Employer Account/Page_Registration - ASSIST (Base)/Full Name'

2019-01-03 20:53:21 - [TEST_STEP][PASSED] - Statement - rnd = new java.util.Random(): null

2019-01-03 20:53:21 - [TEST_STEP][PASSED] - Statement - snum = rnd.nextInt(899999 + 1) + 100000: null

2019-01-03 20:53:21 - [TEST_STEP][PASSED] - Statement - tnum = rnd.nextInt(899999 + 1) + 100000: null

2019-01-03 20:53:21 - [TEST_STEP][PASSED] - Statement - IC = java.lang.Integer.toString(snum) + java.lang.Integer.toString(tnum): null

2019-01-03 20:53:21 - [TEST_STEP][PASSED] - Statement - out.println(IC): null

2019-01-03 20:53:21 - [TEST_STEP][PASSED] - setText: Text '682795300325' is set on object 'Object Repository/Final Object Repo/Creating Employer Account/Page_Registration - ASSIST (Base)/Identification Number'

2019-01-03 20:53:21 - [MESSAGE][PASSED] - Text '682795300325' is set on object 'Object Repository/Final Object Repo/Creating Employer Account/Page_Registration - ASSIST (Base)/Identification Number'

2019-01-03 20:53:21 - [TEST_STEP][PASSED] - delay: Delayed 2 second(s)

2019-01-03 20:53:23 - [MESSAGE][PASSED] - Delayed 2 second(s)

2019-01-03 20:53:23 - [TEST_STEP][PASSED] - setText: Text '123456789012' is set on object 'Object Repository/Final Object Repo/Creating Employer Account/Page_Registration - ASSIST (Base)/Contact Number'

2019-01-03 20:53:24 - [MESSAGE][PASSED] - Text '123456789012' is set on object 'Object Repository/Final Object Repo/Creating Employer Account/Page_Registration - ASSIST (Base)/Contact Number'

2019-01-03 20:53:24 - [TEST_STEP][PASSED] - Statement - Email = "perkeso" + IC + "@gmail.com": null

2019-01-03 20:53:24 - [TEST_STEP][PASSED] - delay: Delayed 2 second(s)

2019-01-03 20:53:26 - [MESSAGE][PASSED] - Delayed 2 second(s)

2019-01-03 20:53:26 - [TEST_STEP][PASSED] - callTestCase: Call Test Case 'Test Cases/Final Aug 2018 - PKS Automation/Create Employer Acc/Template/Employer Email Settler' successfully

2019-01-03 20:53:26 - [TEST_CASE][PASSED] - Test Cases/Final Aug 2018 - PKS Automation/Create Employer Acc/Template/Employer Email Settler: Test Cases/Final Aug 2018 - PKS Automation/Create Employer Acc/Template/Employer Email Settler

2019-01-03 20:53:26 - [TEST_STEP][PASSED] - Statement - EmpEmailOld = new java.io.File(C://Users//Admin//Desktop//PKS//Automation Reference Point//EmpEmail.txt): null

2019-01-03 20:53:26 - [TEST_STEP][PASSED] - Statement - EmpEmailOld.delete(): null

2019-01-03 20:53:26 - [TEST_STEP][PASSED] - delay: Delayed 5 second(s)

2019-01-03 20:53:31 - [MESSAGE][PASSED] - Delayed 5 second(s)

2019-01-03 20:53:31 - [TEST_STEP][PASSED] - Statement - EmpEmail = new java.io.File(C://Users//Admin//Desktop//PKS//Automation Reference Point//EmpEmail.txt): null

2019-01-03 20:53:31 - [TEST_STEP][PASSED] - Statement - f2 = new java.io.FileWriter(EmpEmail, false): null

2019-01-03 20:53:31 - [TEST_STEP][PASSED] - Statement - f2.write(Email): null

2019-01-03 20:53:31 - [TEST_STEP][PASSED] - Statement - f2.close(): null

2019-01-03 20:53:31 - [TEST_STEP][PASSED] - Statement - out.println(Email): null

2019-01-03 20:53:31 - [MESSAGE][PASSED] - Call Test Case 'Test Cases/Final Aug 2018 - PKS Automation/Create Employer Acc/Template/Employer Email Settler' successfully

2019-01-03 20:53:31 - [TEST_STEP][PASSED] - delay: Delayed 2 second(s)

2019-01-03 20:53:33 - [MESSAGE][PASSED] - Delayed 2 second(s)

2019-01-03 20:53:33 - [TEST_STEP][PASSED] - setText: Text 'perkeso682795300325@gmail.com' is set on object 'Object Repository/Final Object Repo/Creating Employer Account/Page_Registration - ASSIST (Base)/Email'

2019-01-03 20:53:33 - [MESSAGE][PASSED] - Text 'perkeso682795300325@gmail.com' is set on object 'Object Repository/Final Object Repo/Creating Employer Account/Page_Registration - ASSIST (Base)/Email'

2019-01-03 20:53:33 - [TEST_STEP][PASSED] - setText: Text '123' is set on object 'Object Repository/Final Object Repo/Creating Employer Account/Page_Registration - ASSIST (Base)/Security Phase'

2019-01-03 20:53:33 - [MESSAGE][PASSED] - Text '123' is set on object 'Object Repository/Final Object Repo/Creating Employer Account/Page_Registration - ASSIST (Base)/Security Phase'

2019-01-03 20:53:33 - [TEST_STEP][PASSED] - click: Object: 'Object Repository/Final Object Repo/Creating Employer Account/Page_Registration - ASSIST (Base)/Save  Continue' is clicked on

2019-01-03 20:53:33 - [MESSAGE][PASSED] - Object: 'Object Repository/Final Object Repo/Creating Employer Account/Page_Registration - ASSIST (Base)/Save  Continue' is clicked on

2019-01-03 20:53:33 - [TEST_STEP][PASSED] - delay: Delayed 2 second(s)

2019-01-03 20:53:35 - [MESSAGE][PASSED] - Delayed 2 second(s)

2019-01-03 20:53:35 - [TEST_STEP][PASSED] - click: Object: 'Object Repository/Final Object Repo/Creating Employer Account/Page_Registration - ASSIST (Base)/Add Document' is clicked on

2019-01-03 20:53:36 - [MESSAGE][PASSED] - Object: 'Object Repository/Final Object Repo/Creating Employer Account/Page_Registration - ASSIST (Base)/Add Document' is clicked on

2019-01-03 20:53:36 - [TEST_STEP][PASSED] - delay: Delayed 2 second(s)

2019-01-03 20:53:38 - [MESSAGE][PASSED] - Delayed 2 second(s)

2019-01-03 20:53:38 - [TEST_STEP][PASSED] - click: Object: 'Object Repository/Final Object Repo/Creating Employer Account/Page_Registration - ASSIST (Base)/Document Type' is clicked on

2019-01-03 20:53:38 - [MESSAGE][PASSED] - Object: 'Object Repository/Final Object Repo/Creating Employer Account/Page_Registration - ASSIST (Base)/Document Type' is clicked on

2019-01-03 20:53:38 - [TEST_STEP][PASSED] - delay: Delayed 2 second(s)

2019-01-03 20:53:40 - [MESSAGE][PASSED] - Delayed 2 second(s)

2019-01-03 20:53:40 - [TEST_STEP][PASSED] - click: Object: 'Object Repository/Final Object Repo/Creating Employer Account/Page_Registration - ASSIST (Base)/Document Type - Letter of Authorization' is clicked on

2019-01-03 20:53:40 - [MESSAGE][PASSED] - Object: 'Object Repository/Final Object Repo/Creating Employer Account/Page_Registration - ASSIST (Base)/Document Type - Letter of Authorization' is clicked on

2019-01-03 20:53:40 - [TEST_STEP][PASSED] - delay: Delayed 2 second(s)

2019-01-03 20:53:42 - [MESSAGE][PASSED] - Delayed 2 second(s)

2019-01-03 20:53:42 - [TEST_STEP][PASSED] - sendKeys: Keys 'C:\Users\Public\Pictures\Sample Pictures\Koala.jpg' sent to object: 'Object Repository/Final Object Repo/Creating Employer Account/Page_Registration - ASSIST (Base)/Uploading File'

2019-01-03 20:53:42 - [MESSAGE][PASSED] - Keys 'C:\Users\Public\Pictures\Sample Pictures\Koala.jpg' sent to object: 'Object Repository/Final Object Repo/Creating Employer Account/Page_Registration - ASSIST (Base)/Uploading File'

2019-01-03 20:53:42 - [TEST_STEP][PASSED] - delay: Delayed 2 second(s)

2019-01-03 20:53:44 - [MESSAGE][PASSED] - Delayed 2 second(s)

2019-01-03 20:53:44 - [TEST_STEP][PASSED] - click: Object: 'Object Repository/Final Object Repo/Creating Employer Account/Page_Registration - ASSIST (Base)/Add Document in Uploading File' is clicked on

2019-01-03 20:53:44 - [MESSAGE][PASSED] - Object: 'Object Repository/Final Object Repo/Creating Employer Account/Page_Registration - ASSIST (Base)/Add Document in Uploading File' is clicked on

2019-01-03 20:53:44 - [TEST_STEP][PASSED] - delay: Delayed 2 second(s)

2019-01-03 20:53:46 - [MESSAGE][PASSED] - Delayed 2 second(s)

2019-01-03 20:53:46 - [TEST_STEP][PASSED] - click: Object: 'Object Repository/Final Object Repo/Creating Employer Account/Page_Registration - ASSIST (Base)/Save' is clicked on

2019-01-03 20:53:46 - [MESSAGE][PASSED] - Object: 'Object Repository/Final Object Repo/Creating Employer Account/Page_Registration - ASSIST (Base)/Save' is clicked on

2019-01-03 20:53:46 - [TEST_STEP][PASSED] - delay: Delayed 2 second(s)

2019-01-03 20:53:48 - [MESSAGE][PASSED] - Delayed 2 second(s)

2019-01-03 20:53:48 - [TEST_STEP][PASSED] - click: Object: 'Object Repository/Final Object Repo/Creating Employer Account/Page_Registration - ASSIST (Base)/Submit' is clicked on

2019-01-03 20:53:49 - [MESSAGE][PASSED] - Object: 'Object Repository/Final Object Repo/Creating Employer Account/Page_Registration - ASSIST (Base)/Submit' is clicked on

2019-01-03 20:53:49 - [TEST_STEP][PASSED] - delay: Delayed 2 second(s)

2019-01-03 20:53:51 - [MESSAGE][PASSED] - Delayed 2 second(s)

2019-01-03 20:53:51 - [TEST_STEP][PASSED] - click: Object: 'Object Repository/Final Object Repo/Creating Employer Account/Page_Registration - ASSIST (Base)/Confirm' is clicked on

2019-01-03 20:53:51 - [MESSAGE][PASSED] - Object: 'Object Repository/Final Object Repo/Creating Employer Account/Page_Registration - ASSIST (Base)/Confirm' is clicked on

2019-01-03 20:53:51 - [MESSAGE][PASSED] - Call Test Case 'Test Cases/Final Aug 2018 - PKS Automation/Create Employer Acc/Template/Register Employer' successfully

2019-01-03 20:53:51 - [TEST_STEP][PASSED] - delay: Delayed 1 second(s)

2019-01-03 20:53:52 - [MESSAGE][PASSED] - Delayed 1 second(s)

2019-01-03 20:53:52 - [TEST_STEP][PASSED] - navigateToUrl: Navigate to 'https://assist2-uat.perkeso.gov.my/c/portal/logout' successfully

2019-01-03 20:53:53 - [MESSAGE][PASSED] - Navigate to 'https://assist2-uat.perkeso.gov.my/c/portal/logout' successfully

2019-01-03 20:53:53 - [TEST_STEP][PASSED] - delay: Delayed 1 second(s)

2019-01-03 20:53:54 - [MESSAGE][PASSED] - Delayed 1 second(s)

2019-01-03 20:53:54 - [TEST_STEP][PASSED] - callTestCase: Call Test Case 'Test Cases/Final Aug 2018 - PKS Automation/Create Employer Acc/Template/Change Password of Employer' successfully

2019-01-03 20:53:54 - [TEST_CASE][PASSED] - Test Cases/Final Aug 2018 - PKS Automation/Create Employer Acc/Template/Change Password of Employer: Test Cases/Final Aug 2018 - PKS Automation/Create Employer Acc/Template/Change Password of Employer

2019-01-03 20:53:55 - [TEST_STEP][PASSED] - openBrowser: Browser is opened with url: ''

2019-01-03 20:53:55 - [MESSAGE][WARNING] - A browser is already opened. Closing browser and opening a new one

2019-01-03 20:53:58 - [MESSAGE][PASSED] - Browser is opened with url: ''

2019-01-03 20:53:58 - [TEST_STEP][PASSED] - navigateToUrl: Navigate to 'https://assist2-uat.perkeso.gov.my/login' successfully

2019-01-03 20:53:59 - [MESSAGE][PASSED] - Navigate to 'https://assist2-uat.perkeso.gov.my/login' successfully

2019-01-03 20:53:59 - [TEST_STEP][PASSED] - delay: Delayed 5 second(s)

2019-01-03 20:54:04 - [MESSAGE][PASSED] - Delayed 5 second(s)

2019-01-03 20:54:04 - [TEST_STEP][PASSED] - setText: Text 'test@liferay.com' is set on object 'Object Repository/Final Object Repo/Login Page/Internal User/Email Address'

2019-01-03 20:54:05 - [MESSAGE][PASSED] - Text 'test@liferay.com' is set on object 'Object Repository/Final Object Repo/Login Page/Internal User/Email Address'

2019-01-03 20:54:05 - [TEST_STEP][PASSED] - click: Object: 'Object Repository/Final Object Repo/Login Page/Internal User/Next Button' is clicked on

2019-01-03 20:54:05 - [MESSAGE][PASSED] - Object: 'Object Repository/Final Object Repo/Login Page/Internal User/Next Button' is clicked on

2019-01-03 20:54:05 - [TEST_STEP][PASSED] - delay: Delayed 2 second(s)

2019-01-03 20:54:07 - [MESSAGE][PASSED] - Delayed 2 second(s)

2019-01-03 20:54:07 - [TEST_STEP][PASSED] - setText: Text 'test' is set on object 'Object Repository/Final Object Repo/Login Page/Internal User/Password'

2019-01-03 20:54:07 - [MESSAGE][PASSED] - Text 'test' is set on object 'Object Repository/Final Object Repo/Login Page/Internal User/Password'

2019-01-03 20:54:07 - [TEST_STEP][PASSED] - delay: Delayed 2 second(s)

2019-01-03 20:54:09 - [MESSAGE][PASSED] - Delayed 2 second(s)

2019-01-03 20:54:09 - [TEST_STEP][PASSED] - click: Object: 'Object Repository/Final Object Repo/Login Page/Internal User/Login Button' is clicked on

2019-01-03 20:54:09 - [MESSAGE][PASSED] - Object: 'Object Repository/Final Object Repo/Login Page/Internal User/Login Button' is clicked on

2019-01-03 20:54:09 - [TEST_STEP][PASSED] - delay: Delayed 3 second(s)

2019-01-03 20:54:12 - [MESSAGE][PASSED] - Delayed 3 second(s)

2019-01-03 20:54:12 - [TEST_STEP][PASSED] - navigateToUrl: Navigate to 'https://assist2-uat.perkeso.gov.my/group/control_panel/manage?p_p_id=125&p_p_lifecycle=0&p_p_state=maximized&p_p_mode=view&refererPlid=20455&_125_usersListView=flat-users&_125_toolbarItem=view-all-users&_125_saveUsersListView=true&_125_struts_action=%2Fusers_admin%2Fview' successfully

2019-01-03 20:54:14 - [MESSAGE][PASSED] - Navigate to 'https://assist2-uat.perkeso.gov.my/group/control_panel/manage?p_p_id=125&p_p_lifecycle=0&p_p_state=maximized&p_p_mode=view&refererPlid=20455&_125_usersListView=flat-users&_125_toolbarItem=view-all-users&_125_saveUsersListView=true&_125_struts_action=%2Fusers_admin%2Fview' successfully

2019-01-03 20:54:14 - [TEST_STEP][PASSED] - delay: Delayed 3 second(s)

2019-01-03 20:54:17 - [MESSAGE][PASSED] - Delayed 3 second(s)

2019-01-03 20:54:17 - [TEST_STEP][PASSED] - setText: Text 'perkeso682795300325@gmail.com' is set on object 'Object Repository/Final Object Repo/Creating Employer Account/Page_Users and Organizations - ASSIST/Employer name'

2019-01-03 20:54:17 - [MESSAGE][PASSED] - Text 'perkeso682795300325@gmail.com' is set on object 'Object Repository/Final Object Repo/Creating Employer Account/Page_Users and Organizations - ASSIST/Employer name'

2019-01-03 20:54:17 - [TEST_STEP][PASSED] - delay: Delayed 3 second(s)

2019-01-03 20:54:20 - [MESSAGE][PASSED] - Delayed 3 second(s)

2019-01-03 20:54:20 - [TEST_STEP][PASSED] - click: Object: 'Object Repository/Final Object Repo/Creating Employer Account/Page_Users and Organizations - ASSIST/Search' is clicked on

2019-01-03 20:54:20 - [MESSAGE][PASSED] - Object: 'Object Repository/Final Object Repo/Creating Employer Account/Page_Users and Organizations - ASSIST/Search' is clicked on

2019-01-03 20:54:20 - [TEST_STEP][PASSED] - delay: Delayed 3 second(s)

2019-01-03 20:54:23 - [MESSAGE][PASSED] - Delayed 3 second(s)

2019-01-03 20:54:23 - [TEST_STEP][PASSED] - click: Object: 'Object Repository/Final Object Repo/Creating Employer Account/Page_Users and Organizations - ASSIST/Action' is clicked on

2019-01-03 20:54:24 - [MESSAGE][PASSED] - Object: 'Object Repository/Final Object Repo/Creating Employer Account/Page_Users and Organizations - ASSIST/Action' is clicked on

2019-01-03 20:54:24 - [TEST_STEP][PASSED] - delay: Delayed 3 second(s)

2019-01-03 20:54:27 - [MESSAGE][PASSED] - Delayed 3 second(s)

2019-01-03 20:54:27 - [TEST_STEP][PASSED] - click: Object: 'Object Repository/Final Object Repo/Creating Employer Account/Page_Users and Organizations - ASSIST/Edit' is clicked on

2019-01-03 20:54:28 - [MESSAGE][PASSED] - Object: 'Object Repository/Final Object Repo/Creating Employer Account/Page_Users and Organizations - ASSIST/Edit' is clicked on

2019-01-03 20:54:28 - [TEST_STEP][PASSED] - delay: Delayed 3 second(s)

2019-01-03 20:54:31 - [MESSAGE][PASSED] - Delayed 3 second(s)

2019-01-03 20:54:31 - [TEST_STEP][PASSED] - click: Object: 'Object Repository/Final Object Repo/Creating Employer Account/Page_PERKESO - Users and Organizati/a_Password (Modified)' is clicked on

2019-01-03 20:54:31 - [MESSAGE][PASSED] - Object: 'Object Repository/Final Object Repo/Creating Employer Account/Page_PERKESO - Users and Organizati/a_Password (Modified)' is clicked on

2019-01-03 20:54:31 - [TEST_STEP][PASSED] - delay: Delayed 3 second(s)

2019-01-03 20:54:34 - [MESSAGE][PASSED] - Delayed 3 second(s)

2019-01-03 20:54:34 - [TEST_STEP][PASSED] - setEncryptedText: Text ****** has been set on object 'Object Repository/Final Object Repo/Creating Employer Account/Page_PERKESO - Users and Organizati/input__125_password1'

2019-01-03 20:54:34 - [MESSAGE][PASSED] - Text ****** has been set on object 'Object Repository/Final Object Repo/Creating Employer Account/Page_PERKESO - Users and Organizati/input__125_password1'

2019-01-03 20:54:34 - [TEST_STEP][PASSED] - delay: Delayed 3 second(s)

2019-01-03 20:54:37 - [MESSAGE][PASSED] - Delayed 3 second(s)

2019-01-03 20:54:37 - [TEST_STEP][PASSED] - setEncryptedText: Text ****** has been set on object 'Object Repository/Final Object Repo/Creating Employer Account/Page_PERKESO - Users and Organizati/input__125_password2'

2019-01-03 20:54:38 - [MESSAGE][PASSED] - Text ****** has been set on object 'Object Repository/Final Object Repo/Creating Employer Account/Page_PERKESO - Users and Organizati/input__125_password2'

2019-01-03 20:54:38 - [TEST_STEP][PASSED] - delay: Delayed 3 second(s)

2019-01-03 20:54:41 - [MESSAGE][PASSED] - Delayed 3 second(s)

2019-01-03 20:54:41 - [TEST_STEP][PASSED] - click: Object: 'Object Repository/Final Object Repo/Creating Employer Account/Page_PERKESO - Users and Organizati/Save' is clicked on

2019-01-03 20:54:42 - [MESSAGE][PASSED] - Object: 'Object Repository/Final Object Repo/Creating Employer Account/Page_PERKESO - Users and Organizati/Save' is clicked on

2019-01-03 20:54:42 - [MESSAGE][PASSED] - Call Test Case 'Test Cases/Final Aug 2018 - PKS Automation/Create Employer Acc/Template/Change Password of Employer' successfully

2019-01-03 20:54:42 - [TEST_STEP][PASSED] - delay: Delayed 1 second(s)

2019-01-03 20:54:43 - [MESSAGE][PASSED] - Delayed 1 second(s)

2019-01-03 20:54:43 - [TEST_STEP][PASSED] - navigateToUrl: Navigate to 'https://assist2-uat.perkeso.gov.my/c/portal/logout' successfully

2019-01-03 20:54:44 - [MESSAGE][PASSED] - Navigate to 'https://assist2-uat.perkeso.gov.my/c/portal/logout' successfully

2019-01-03 20:54:44 - [TEST_STEP][PASSED] - delay: Delayed 1 second(s)

2019-01-03 20:54:45 - [MESSAGE][PASSED] - Delayed 1 second(s)

2019-01-03 20:54:45 - [TEST_STEP][PASSED] - callTestCase: Call Test Case 'Test Cases/Final Aug 2018 - PKS Automation/Create Employer Acc/Template/Login to Employer Account (First Time)' successfully

2019-01-03 20:54:45 - [TEST_CASE][PASSED] - Test Cases/Final Aug 2018 - PKS Automation/Create Employer Acc/Template/Login to Employer Account (First Time): Test Cases/Final Aug 2018 - PKS Automation/Create Employer Acc/Template/Login to Employer Account (First Time)

2019-01-03 20:54:45 - [TEST_STEP][PASSED] - openBrowser: Browser is opened with url: ''

2019-01-03 20:54:45 - [MESSAGE][WARNING] - A browser is already opened. Closing browser and opening a new one

2019-01-03 20:54:49 - [MESSAGE][PASSED] - Browser is opened with url: ''

2019-01-03 20:54:49 - [TEST_STEP][PASSED] - navigateToUrl: Navigate to 'https://assist2-uat.perkeso.gov.my/employer/login' successfully

2019-01-03 20:54:50 - [MESSAGE][PASSED] - Navigate to 'https://assist2-uat.perkeso.gov.my/employer/login' successfully

2019-01-03 20:54:50 - [TEST_STEP][PASSED] - delay: Delayed 3 second(s)

2019-01-03 20:54:53 - [MESSAGE][PASSED] - Delayed 3 second(s)

2019-01-03 20:54:53 - [TEST_STEP][PASSED] - callTestCase: Call Test Case 'Test Cases/Final Aug 2018 - PKS Automation/Create Employer Acc/Template/Employer Email Getter' successfully

2019-01-03 20:54:53 - [TEST_CASE][PASSED] - Test Cases/Final Aug 2018 - PKS Automation/Create Employer Acc/Template/Employer Email Getter: Test Cases/Final Aug 2018 - PKS Automation/Create Employer Acc/Template/Employer Email Getter

2019-01-03 20:54:53 - [TEST_STEP][PASSED] - Statement - Try: null

2019-01-03 20:54:53 - [TEST_STEP][PASSED] - Statement - EmpEmail = new java.io.File(C://Users//Admin//Desktop//PKS//Automation Reference Point//EmpEmail.txt): null

2019-01-03 20:54:53 - [TEST_STEP][PASSED] - Statement - bufferread = new java.io.BufferedReader(new java.io.FileReader(EmpEmail)): null

2019-01-03 20:54:53 - [TEST_STEP][PASSED] - Statement - readedVal = bufferread.readLine(): null

2019-01-03 20:54:53 - [TEST_STEP][PASSED] - Statement - out.println(readedVal): null

2019-01-03 20:54:53 - [TEST_STEP][PASSED] - Statement - Email = readedVal: null

2019-01-03 20:54:53 - [MESSAGE][PASSED] - Call Test Case 'Test Cases/Final Aug 2018 - PKS Automation/Create Employer Acc/Template/Employer Email Getter' successfully

2019-01-03 20:54:53 - [TEST_STEP][PASSED] - setText: Text 'perkeso682795300325@gmail.com' is set on object 'Object Repository/Final Object Repo/Login Page/External Login Page/Email'

2019-01-03 20:54:53 - [MESSAGE][PASSED] - Text 'perkeso682795300325@gmail.com' is set on object 'Object Repository/Final Object Repo/Login Page/External Login Page/Email'

2019-01-03 20:54:53 - [TEST_STEP][PASSED] - click: Object: 'Object Repository/Final Object Repo/Login Page/External Login Page/Next' is clicked on

2019-01-03 20:54:54 - [MESSAGE][PASSED] - Object: 'Object Repository/Final Object Repo/Login Page/External Login Page/Next' is clicked on

2019-01-03 20:54:54 - [TEST_STEP][PASSED] - delay: Delayed 3 second(s)

2019-01-03 20:54:57 - [MESSAGE][PASSED] - Delayed 3 second(s)

2019-01-03 20:54:57 - [TEST_STEP][PASSED] - setEncryptedText: Text ****** has been set on object 'Object Repository/Final Object Repo/Login Page/External Login Page/Password'

2019-01-03 20:54:57 - [MESSAGE][PASSED] - Text ****** has been set on object 'Object Repository/Final Object Repo/Login Page/External Login Page/Password'

2019-01-03 20:54:57 - [TEST_STEP][PASSED] - click: Object: 'Object Repository/Final Object Repo/Login Page/External Login Page/Login' is clicked on

2019-01-03 20:54:57 - [MESSAGE][PASSED] - Object: 'Object Repository/Final Object Repo/Login Page/External Login Page/Login' is clicked on

2019-01-03 20:54:57 - [TEST_STEP][PASSED] - delay: Delayed 3 second(s)

2019-01-03 20:55:00 - [MESSAGE][PASSED] - Delayed 3 second(s)

2019-01-03 20:55:00 - [TEST_STEP][PASSED] - click: Object: 'Object Repository/Final Object Repo/Creating Employer Account/Page_Terms of Use - ASSIST/button_I Agree' is clicked on

2019-01-03 20:55:01 - [MESSAGE][PASSED] - Object: 'Object Repository/Final Object Repo/Creating Employer Account/Page_Terms of Use - ASSIST/button_I Agree' is clicked on

2019-01-03 20:55:01 - [TEST_STEP][PASSED] - delay: Delayed 2 second(s)

2019-01-03 20:55:03 - [MESSAGE][PASSED] - Delayed 2 second(s)

2019-01-03 20:55:03 - [TEST_STEP][PASSED] - setEncryptedText: Text ****** has been set on object 'Object Repository/Final Object Repo/Creating Employer Account/Page_New Password - ASSIST/input_password1'

2019-01-03 20:55:03 - [MESSAGE][PASSED] - Text ****** has been set on object 'Object Repository/Final Object Repo/Creating Employer Account/Page_New Password - ASSIST/input_password1'

2019-01-03 20:55:03 - [TEST_STEP][PASSED] - setEncryptedText: Text ****** has been set on object 'Object Repository/Final Object Repo/Creating Employer Account/Page_New Password - ASSIST/input_password2'

2019-01-03 20:55:03 - [MESSAGE][PASSED] - Text ****** has been set on object 'Object Repository/Final Object Repo/Creating Employer Account/Page_New Password - ASSIST/input_password2'

2019-01-03 20:55:03 - [TEST_STEP][PASSED] - delay: Delayed 2 second(s)

2019-01-03 20:55:05 - [MESSAGE][PASSED] - Delayed 2 second(s)

2019-01-03 20:55:05 - [TEST_STEP][PASSED] - click: Object: 'Object Repository/Final Object Repo/Creating Employer Account/Page_New Password - ASSIST/Save' is clicked on

2019-01-03 20:55:05 - [MESSAGE][PASSED] - Object: 'Object Repository/Final Object Repo/Creating Employer Account/Page_New Password - ASSIST/Save' is clicked on

2019-01-03 20:55:05 - [TEST_STEP][PASSED] - delay: Delayed 2 second(s)

2019-01-03 20:55:07 - [MESSAGE][PASSED] - Delayed 2 second(s)

2019-01-03 20:55:07 - [TEST_STEP][PASSED] - setText: Text 'test' is set on object 'Object Repository/Final Object Repo/Creating Employer Account/Page_Password Reminder - ASSIST/Reminder Query Answer'

2019-01-03 20:55:08 - [MESSAGE][PASSED] - Text 'test' is set on object 'Object Repository/Final Object Repo/Creating Employer Account/Page_Password Reminder - ASSIST/Reminder Query Answer'

2019-01-03 20:55:08 - [TEST_STEP][PASSED] - delay: Delayed 2 second(s)

2019-01-03 20:55:10 - [MESSAGE][PASSED] - Delayed 2 second(s)

2019-01-03 20:55:10 - [TEST_STEP][PASSED] - doubleClick: Object: 'Object Repository/Final Object Repo/Creating Employer Account/Page_Password Reminder - ASSIST/Save' is double clicked on

2019-01-03 20:55:13 - [MESSAGE][PASSED] - Object: 'Object Repository/Final Object Repo/Creating Employer Account/Page_Password Reminder - ASSIST/Save' is double clicked on

2019-01-03 20:55:13 - [MESSAGE][PASSED] - Call Test Case 'Test Cases/Final Aug 2018 - PKS Automation/Create Employer Acc/Template/Login to Employer Account (First Time)' successfully

2019-01-03 20:55:13 - [MESSAGE][PASSED] - Call Test Case 'Test Cases/Final Aug 2018 - PKS Automation/Create Employer Acc/Create Employer Account' successfully

2019-01-03 20:55:13 - [TEST_STEP][PASSED] - callTestCase: Call Test Case 'Test Cases/Final Aug 2018 - PKS Automation/Registration Module/Log Out/log out avoiding katalon tagging' successfully

2019-01-03 20:55:13 - [TEST_CASE][PASSED] - Test Cases/Final Aug 2018 - PKS Automation/Registration Module/Log Out/log out avoiding katalon tagging: Test Cases/Final Aug 2018 - PKS Automation/Registration Module/Log Out/log out avoiding katalon tagging

2019-01-03 20:55:13 - [TEST_STEP][PASSED] - navigateToUrl: Navigate to 'https://assist2-uat.perkeso.gov.my/c/portal/logout' successfully

2019-01-03 20:55:13 - [MESSAGE][PASSED] - Navigate to 'https://assist2-uat.perkeso.gov.my/c/portal/logout' successfully

2019-01-03 20:55:13 - [MESSAGE][PASSED] - Call Test Case 'Test Cases/Final Aug 2018 - PKS Automation/Registration Module/Log Out/log out avoiding katalon tagging' successfully

2019-01-03 20:55:13 - [TEST_STEP][PASSED] - callTestCase: Call Test Case 'Test Cases/Final Aug 2018 - PKS Automation/Create Employer Acc/Login to Employer Account (Second time)' successfully

2019-01-03 20:55:13 - [TEST_CASE][PASSED] - Test Cases/Final Aug 2018 - PKS Automation/Create Employer Acc/Login to Employer Account (Second time): Test Cases/Final Aug 2018 - PKS Automation/Create Employer Acc/Login to Employer Account (Second time)

2019-01-03 20:55:13 - [TEST_STEP][PASSED] - openBrowser: Browser is opened with url: ''

2019-01-03 20:55:13 - [MESSAGE][WARNING] - A browser is already opened. Closing browser and opening a new one

2019-01-03 20:55:17 - [MESSAGE][PASSED] - Browser is opened with url: ''

2019-01-03 20:55:17 - [TEST_STEP][PASSED] - navigateToUrl: Navigate to 'https://assist2-uat.perkeso.gov.my/employer/login' successfully

2019-01-03 20:55:18 - [MESSAGE][PASSED] - Navigate to 'https://assist2-uat.perkeso.gov.my/employer/login' successfully

2019-01-03 20:55:18 - [TEST_STEP][PASSED] - delay: Delayed 3 second(s)

2019-01-03 20:55:21 - [MESSAGE][PASSED] - Delayed 3 second(s)

2019-01-03 20:55:21 - [TEST_STEP][PASSED] - callTestCase: Call Test Case 'Test Cases/Final Aug 2018 - PKS Automation/Create Employer Acc/Template/Employer Email Getter' successfully

2019-01-03 20:55:21 - [TEST_CASE][PASSED] - Test Cases/Final Aug 2018 - PKS Automation/Create Employer Acc/Template/Employer Email Getter: Test Cases/Final Aug 2018 - PKS Automation/Create Employer Acc/Template/Employer Email Getter

2019-01-03 20:55:21 - [TEST_STEP][PASSED] - Statement - Try: null

2019-01-03 20:55:21 - [TEST_STEP][PASSED] - Statement - EmpEmail = new java.io.File(C://Users//Admin//Desktop//PKS//Automation Reference Point//EmpEmail.txt): null

2019-01-03 20:55:21 - [TEST_STEP][PASSED] - Statement - bufferread = new java.io.BufferedReader(new java.io.FileReader(EmpEmail)): null

2019-01-03 20:55:21 - [TEST_STEP][PASSED] - Statement - readedVal = bufferread.readLine(): null

2019-01-03 20:55:21 - [TEST_STEP][PASSED] - Statement - out.println(readedVal): null

2019-01-03 20:55:21 - [TEST_STEP][PASSED] - Statement - Email = readedVal: null

2019-01-03 20:55:21 - [MESSAGE][PASSED] - Call Test Case 'Test Cases/Final Aug 2018 - PKS Automation/Create Employer Acc/Template/Employer Email Getter' successfully

2019-01-03 20:55:21 - [TEST_STEP][PASSED] - setText: Text 'perkeso682795300325@gmail.com' is set on object 'Object Repository/Final Object Repo/Login Page/External Login Page/Email'

2019-01-03 20:55:22 - [MESSAGE][PASSED] - Text 'perkeso682795300325@gmail.com' is set on object 'Object Repository/Final Object Repo/Login Page/External Login Page/Email'

2019-01-03 20:55:22 - [TEST_STEP][PASSED] - click: Object: 'Object Repository/Final Object Repo/Login Page/External Login Page/Next' is clicked on

2019-01-03 20:55:22 - [MESSAGE][PASSED] - Object: 'Object Repository/Final Object Repo/Login Page/External Login Page/Next' is clicked on

2019-01-03 20:55:22 - [TEST_STEP][PASSED] - delay: Delayed 3 second(s)

2019-01-03 20:55:25 - [MESSAGE][PASSED] - Delayed 3 second(s)

2019-01-03 20:55:25 - [TEST_STEP][PASSED] - setEncryptedText: Text ****** has been set on object 'Object Repository/Final Object Repo/Login Page/External Login Page/Password'

2019-01-03 20:55:25 - [MESSAGE][PASSED] - Text ****** has been set on object 'Object Repository/Final Object Repo/Login Page/External Login Page/Password'

2019-01-03 20:55:25 - [TEST_STEP][PASSED] - click: Object: 'Object Repository/Final Object Repo/Login Page/External Login Page/Login' is clicked on

2019-01-03 20:55:25 - [MESSAGE][PASSED] - Object: 'Object Repository/Final Object Repo/Login Page/External Login Page/Login' is clicked on

2019-01-03 20:55:25 - [TEST_STEP][PASSED] - delay: Delayed 5 second(s)

2019-01-03 20:55:30 - [MESSAGE][PASSED] - Delayed 5 second(s)

2019-01-03 20:55:30 - [MESSAGE][PASSED] - Call Test Case 'Test Cases/Final Aug 2018 - PKS Automation/Create Employer Acc/Login to Employer Account (Second time)' successfully

2019-01-03 20:55:30 - [TEST_STEP][PASSED] - delay: Delayed 4 second(s)

2019-01-03 20:55:34 - [MESSAGE][PASSED] - Delayed 4 second(s)

2019-01-03 20:55:34 - [TEST_STEP][PASSED] - Statement - Try: Delayed 2 second(s)

2019-01-03 20:55:34 - [TEST_STEP][PASSED] - Statement - Checker = false: null

2019-01-03 20:55:34 - [TEST_STEP][PASSED] - Statement - Checker = com.kms.katalon.core.webui.keyword.WebUiBuiltInKeywords.verifyElementHasAttribute(com.kms.katalon.core.testobject.ObjectRepository.findTestObject(Final Object Repo/Landing Page/BM Detecting), "href", 20, OPTIONAL): Object 'Object Repository/Final Object Repo/Landing Page/BM Detecting' has attribute 'href'

2019-01-03 20:55:34 - [MESSAGE][PASSED] - Object 'Object Repository/Final Object Repo/Landing Page/BM Detecting' has attribute 'href'

2019-01-03 20:55:34 - [TEST_STEP][PASSED] - Statement - out.println(Checker): null

2019-01-03 20:55:34 - [TEST_STEP][PASSED] - Statement - If (Checker == false): null

2019-01-03 20:55:34 - [TEST_STEP][PASSED] - Statement - Else: null

2019-01-03 20:55:34 - [TEST_STEP][PASSED] - delay: Delayed 2 second(s)

2019-01-03 20:55:36 - [MESSAGE][PASSED] - Delayed 2 second(s)

2019-01-03 20:55:36 - [TEST_STEP][PASSED] - delay: Delayed 4 second(s)

2019-01-03 20:55:40 - [MESSAGE][PASSED] - Delayed 4 second(s)

2019-01-03 20:55:40 - [TEST_STEP][PASSED] - click: Object: 'Object Repository/Final Object Repo/Landing Page/My Sites Drop Down' is clicked on

2019-01-03 20:55:40 - [MESSAGE][PASSED] - Object: 'Object Repository/Final Object Repo/Landing Page/My Sites Drop Down' is clicked on

2019-01-03 20:55:40 - [TEST_STEP][PASSED] - click: Object: 'Object Repository/Final Object Repo/Landing Page/Select to Registration Module' is clicked on

2019-01-03 20:55:43 - [MESSAGE][PASSED] - Object: 'Object Repository/Final Object Repo/Landing Page/Select to Registration Module' is clicked on

2019-01-03 20:55:43 - [TEST_STEP][PASSED] - click: Object: 'Object Repository/Final Object Repo/Landing Page/Registration Button' is clicked on

2019-01-03 20:55:44 - [MESSAGE][PASSED] - Object: 'Object Repository/Final Object Repo/Landing Page/Registration Button' is clicked on

2019-01-03 20:55:44 - [TEST_STEP][PASSED] - delay: Delayed 2 second(s)

2019-01-03 20:55:46 - [MESSAGE][PASSED] - Delayed 2 second(s)

2019-01-03 20:55:46 - [TEST_STEP][PASSED] - click: Object: 'Object Repository/Final Object Repo/New Registration - Registration Module Pages/New Reg - OTC to RO/Special Case - OTC - Form 1/AEC NO' is clicked on

2019-01-03 20:55:46 - [MESSAGE][PASSED] - Object: 'Object Repository/Final Object Repo/New Registration - Registration Module Pages/New Reg - OTC to RO/Special Case - OTC - Form 1/AEC NO' is clicked on

2019-01-03 20:55:46 - [TEST_STEP][PASSED] - click: Object: 'Object Repository/Final Object Repo/New Registration - Registration Module Pages/New Reg - OTC to RO/Special Case - OTC - Form 1/Business Entity - Please Select' is clicked on

2019-01-03 20:55:47 - [MESSAGE][PASSED] - Object: 'Object Repository/Final Object Repo/New Registration - Registration Module Pages/New Reg - OTC to RO/Special Case - OTC - Form 1/Business Entity - Please Select' is clicked on

2019-01-03 20:55:47 - [TEST_STEP][PASSED] - click: Object: 'Object Repository/Final Object Repo/New Registration - Registration Module Pages/New Reg - OTC to RO/Special Case - OTC - Form 1/Selected - Corporation' is clicked on

2019-01-03 20:55:47 - [MESSAGE][PASSED] - Object: 'Object Repository/Final Object Repo/New Registration - Registration Module Pages/New Reg - OTC to RO/Special Case - OTC - Form 1/Selected - Corporation' is clicked on

2019-01-03 20:55:47 - [TEST_STEP][PASSED] - delay: Delayed 2 second(s)

2019-01-03 20:55:49 - [MESSAGE][PASSED] - Delayed 2 second(s)

2019-01-03 20:55:49 - [TEST_STEP][PASSED] - click: Object: 'Object Repository/Final Object Repo/New Registration - Registration Module Pages/New Reg - OTC to RO/Special Case - OTC - Form 1/Sub Business Entity - Please Select' is clicked on

2019-01-03 20:55:49 - [MESSAGE][PASSED] - Object: 'Object Repository/Final Object Repo/New Registration - Registration Module Pages/New Reg - OTC to RO/Special Case - OTC - Form 1/Sub Business Entity - Please Select' is clicked on

2019-01-03 20:55:49 - [TEST_STEP][PASSED] - delay: Delayed 2 second(s)

2019-01-03 20:55:51 - [MESSAGE][PASSED] - Delayed 2 second(s)

2019-01-03 20:55:51 - [TEST_STEP][PASSED] - click: Object: 'Object Repository/Final Object Repo/New Registration - Registration Module Pages/New Reg - OTC to RO/Special Case - OTC - Form 1/Selected - Sendirian Berhad' is clicked on

2019-01-03 20:55:51 - [MESSAGE][PASSED] - Object: 'Object Repository/Final Object Repo/New Registration - Registration Module Pages/New Reg - OTC to RO/Special Case - OTC - Form 1/Selected - Sendirian Berhad' is clicked on

2019-01-03 20:55:51 - [TEST_STEP][PASSED] - setText: Text 'AUTOMATE001' is set on object 'Object Repository/Final Object Repo/New Registration - Registration Module Pages/New Reg - OTC to RO/Special Case - OTC - Form 1/Input BRN Number'

2019-01-03 20:55:52 - [MESSAGE][PASSED] - Text 'AUTOMATE001' is set on object 'Object Repository/Final Object Repo/New Registration - Registration Module Pages/New Reg - OTC to RO/Special Case - OTC - Form 1/Input BRN Number'

2019-01-03 20:55:52 - [TEST_STEP][PASSED] - delay: Delayed 2 second(s)

2019-01-03 20:55:54 - [MESSAGE][PASSED] - Delayed 2 second(s)

2019-01-03 20:55:54 - [TEST_STEP][PASSED] - click: Object: 'Object Repository/Final Object Repo/New Registration - Registration Module Pages/New Reg - OTC to RO/Special Case - OTC - Form 1/BRN Search' is clicked on

2019-01-03 20:55:54 - [MESSAGE][PASSED] - Object: 'Object Repository/Final Object Repo/New Registration - Registration Module Pages/New Reg - OTC to RO/Special Case - OTC - Form 1/BRN Search' is clicked on

2019-01-03 20:55:54 - [TEST_STEP][PASSED] - delay: Delayed 4 second(s)

2019-01-03 20:55:58 - [MESSAGE][PASSED] - Delayed 4 second(s)

2019-01-03 20:55:58 - [TEST_STEP][PASSED] - click: Object: 'Object Repository/Final Object Repo/New Registration - Registration Module Pages/New Reg - OTC to RO/Special Case - OTC - Form 1/Registered with SSM - After Feb 2017' is clicked on

2019-01-03 20:55:58 - [MESSAGE][PASSED] - Object: 'Object Repository/Final Object Repo/New Registration - Registration Module Pages/New Reg - OTC to RO/Special Case - OTC - Form 1/Registered with SSM - After Feb 2017' is clicked on

2019-01-03 20:55:58 - [TEST_STEP][PASSED] - delay: Delayed 2 second(s)

2019-01-03 20:56:00 - [MESSAGE][PASSED] - Delayed 2 second(s)

2019-01-03 20:56:00 - [TEST_STEP][PASSED] - click: Object: 'Object Repository/Final Object Repo/New Registration - Registration Module Pages/Form 1/Registered As a Branch - Yes' is clicked on

2019-01-03 20:56:00 - [MESSAGE][PASSED] - Object: 'Object Repository/Final Object Repo/New Registration - Registration Module Pages/Form 1/Registered As a Branch - Yes' is clicked on

2019-01-03 20:56:00 - [TEST_STEP][PASSED] - click: Object: 'Object Repository/Final Object Repo/New Registration - Registration Module Pages/New Reg - OTC to RO/Special Case - OTC - Form 1/Acknowledgement Ticked' is clicked on

2019-01-03 20:56:00 - [MESSAGE][PASSED] - Object: 'Object Repository/Final Object Repo/New Registration - Registration Module Pages/New Reg - OTC to RO/Special Case - OTC - Form 1/Acknowledgement Ticked' is clicked on

2019-01-03 20:56:00 - [TEST_STEP][PASSED] - setText: Text 'perkeso682795300325@gmail.com' is set on object 'Object Repository/Final Object Repo/New Registration - Registration Module Pages/Form 1/Email'

2019-01-03 20:56:01 - [MESSAGE][PASSED] - Text 'perkeso682795300325@gmail.com' is set on object 'Object Repository/Final Object Repo/New Registration - Registration Module Pages/Form 1/Email'

2019-01-03 20:56:01 - [TEST_STEP][PASSED] - click: Object: 'Object Repository/Final Object Repo/New Registration - Registration Module Pages/New Reg - OTC to RO/Special Case - OTC - Form 1/Submit Button' is clicked on

2019-01-03 20:56:01 - [MESSAGE][PASSED] - Object: 'Object Repository/Final Object Repo/New Registration - Registration Module Pages/New Reg - OTC to RO/Special Case - OTC - Form 1/Submit Button' is clicked on

2019-01-03 20:56:01 - [TEST_STEP][PASSED] - callTestCase: Call Test Case 'Test Cases/Final Aug 2018 - PKS Automation/Registration Module/New Registration/Form 2/Add 1 Eligible - Employer Account Use' successfully

2019-01-03 20:56:01 - [TEST_CASE][PASSED] - Test Cases/Final Aug 2018 - PKS Automation/Registration Module/New Registration/Form 2/Add 1 Eligible - Employer Account Use: Test Cases/Final Aug 2018 - PKS Automation/Registration Module/New Registration/Form 2/Add 1 Eligible - Employer Account Use

2019-01-03 20:56:01 - [TEST_STEP][PASSED] - delay: Delayed 2 second(s)

2019-01-03 20:56:03 - [MESSAGE][PASSED] - Delayed 2 second(s)

2019-01-03 20:56:03 - [TEST_STEP][PASSED] - callTestCase: Call Test Case 'Test Cases/Final Aug 2018 - PKS Automation/Registration Module/New Registration/Form 2/Date Updater' successfully

2019-01-03 20:56:03 - [TEST_CASE][PASSED] - Test Cases/Final Aug 2018 - PKS Automation/Registration Module/New Registration/Form 2/Date Updater: Test Cases/Final Aug 2018 - PKS Automation/Registration Module/New Registration/Form 2/Date Updater

2019-01-03 20:56:03 - [TEST_STEP][PASSED] - Statement - TodayDate = new java.util.Date(): null

2019-01-03 20:56:03 - [TEST_STEP][PASSED] - Statement - CurrentDateNoFilter = new java.text.SimpleDateFormat(): null

2019-01-03 20:56:03 - [TEST_STEP][PASSED] - Statement - CurrentDateNoFilter.applyPattern("MM"): null

2019-01-03 20:56:03 - [TEST_STEP][PASSED] - Statement - monthContainerMatcher = java.lang.Integer.parseInt(CurrentDateNoFilter.format(TodayDate)): null

2019-01-03 20:56:03 - [TEST_STEP][PASSED] - Statement - monthContainerMatcher = monthContainerMatcher - 1: null

2019-01-03 20:56:03 - [TEST_STEP][PASSED] - Statement - CurrentMonth = monthContainerMatcher.toString(): null

2019-01-03 20:56:03 - [TEST_STEP][PASSED] - Statement - CurrentMonth = CurrentMonth: null

2019-01-03 20:56:03 - [TEST_STEP][PASSED] - Statement - CurrentDateNoFilter.applyPattern("yyyy"): null

2019-01-03 20:56:03 - [TEST_STEP][PASSED] - Statement - CurrentYear = CurrentDateNoFilter.format(TodayDate): null

2019-01-03 20:56:03 - [TEST_STEP][PASSED] - Statement - CurrentYear = CurrentYear: null

2019-01-03 20:56:03 - [TEST_STEP][PASSED] - Statement - intCurrentYear = java.lang.Integer.parseInt(CurrentDateNoFilter.format(TodayDate)): null

2019-01-03 20:56:03 - [TEST_STEP][PASSED] - Statement - eighteenYrsAgo = intCurrentYear - 18: null

2019-01-03 20:56:03 - [TEST_STEP][PASSED] - Statement - eighteenYrsBeforeThisYr = eighteenYrsAgo.toString(): null

2019-01-03 20:56:03 - [TEST_STEP][PASSED] - Statement - EighteenYrsBefore = eighteenYrsBeforeThisYr: null

2019-01-03 20:56:03 - [TEST_STEP][PASSED] - Statement - fiftysevenYrsAgo = intCurrentYear - 57: null

2019-01-03 20:56:03 - [TEST_STEP][PASSED] - Statement - fiftysevenYrsBeforeThisYr = fiftysevenYrsAgo.toString(): null

2019-01-03 20:56:03 - [TEST_STEP][PASSED] - Statement - FiftysevenYrsBefore = fiftysevenYrsBeforeThisYr: null

2019-01-03 20:56:03 - [TEST_STEP][PASSED] - Statement - leapYear = false: null

2019-01-03 20:56:03 - [TEST_STEP][PASSED] - Statement - leapYear = intCurrentYear % 4 == 0: null

2019-01-03 20:56:03 - [TEST_STEP][PASSED] - Statement - CurrentDateNoFilter.applyPattern("dd"): null

2019-01-03 20:56:03 - [TEST_STEP][PASSED] - Statement - CurrentDate = CurrentDateNoFilter.format(TodayDate): null

2019-01-03 20:56:03 - [TEST_STEP][PASSED] - Statement - CurrentDate = java.lang.Integer.parseInt(CurrentDate): null

2019-01-03 20:56:03 - [TEST_STEP][PASSED] - Statement - CurrentDate = CurrentDate: null

2019-01-03 20:56:03 - [TEST_STEP][PASSED] - Statement - CurrentDay = java.lang.Integer.parseInt(CurrentDate): null

2019-01-03 20:56:03 - [TEST_STEP][PASSED] - Statement - ConfAdder = <not implemented yet for class: org.codehaus.groovy.ast.expr.EmptyExpression>: null

2019-01-03 20:56:03 - [TEST_STEP][PASSED] - Statement - out.println(CurrentMonth): null

2019-01-03 20:56:03 - [TEST_STEP][PASSED] - Statement - out.println(CurrentDate): null

2019-01-03 20:56:03 - [TEST_STEP][PASSED] - Statement - switch (CurrentDate): null

2019-01-03 20:56:03 - [TEST_STEP][PASSED] - Statement - Default: null

2019-01-03 20:56:03 - [TEST_STEP][PASSED] - Statement - ConfAdder = true: null

2019-01-03 20:56:03 - [TEST_STEP][PASSED] - Statement - Break: null

2019-01-03 20:56:03 - [TEST_STEP][PASSED] - Statement - aDayBefore = <not implemented yet for class: org.codehaus.groovy.ast.expr.EmptyExpression>: null

2019-01-03 20:56:03 - [TEST_STEP][PASSED] - Statement - out.println(ConfAdder): null

2019-01-03 20:56:03 - [TEST_STEP][PASSED] - Statement - If (ConfAdder == true): null

2019-01-03 20:56:03 - [TEST_STEP][PASSED] - Statement - aDayBefore = CurrentDay + 1: null

2019-01-03 20:56:03 - [TEST_STEP][PASSED] - Statement - out.println(aDayBefore): null

2019-01-03 20:56:03 - [TEST_STEP][PASSED] - Statement - If (aDayBefore == 1 && CurrentMonth == 11): null

2019-01-03 20:56:03 - [TEST_STEP][PASSED] - Statement - DayBefore = aDayBefore.toString(): null

2019-01-03 20:56:03 - [TEST_STEP][PASSED] - Statement - OneDayBefore = DayBefore: null

2019-01-03 20:56:03 - [MESSAGE][PASSED] - Call Test Case 'Test Cases/Final Aug 2018 - PKS Automation/Registration Module/New Registration/Form 2/Date Updater' successfully

2019-01-03 20:56:03 - [TEST_STEP][PASSED] - delay: Delayed 1 second(s)

2019-01-03 20:56:04 - [MESSAGE][PASSED] - Delayed 1 second(s)

2019-01-03 20:56:04 - [TEST_STEP][PASSED] - Statement - CaseReferenceNo = com.kms.katalon.core.webui.keyword.WebUiBuiltInKeywords.getText(com.kms.katalon.core.testobject.ObjectRepository.findTestObject(Final Object Repo/New Registration - Registration Module Pages/Form 2/RefNo Acquiring)): Text of object 'Object Repository/Final Object Repo/New Registration - Registration Module Pages/Form 2/RefNo Acquiring' is: 'CRN01201900123598'

2019-01-03 20:56:04 - [MESSAGE][PASSED] - Text of object 'Object Repository/Final Object Repo/New Registration - Registration Module Pages/Form 2/RefNo Acquiring' is: 'CRN01201900123598'

2019-01-03 20:56:04 - [TEST_STEP][PASSED] - delay: Delayed 1 second(s)

2019-01-03 20:56:05 - [MESSAGE][PASSED] - Delayed 1 second(s)

2019-01-03 20:56:05 - [TEST_STEP][PASSED] - click: Object: 'Object Repository/Final Object Repo/New Registration - Registration Module Pages/Form 2/Add Employee Button' is clicked on

2019-01-03 20:56:05 - [MESSAGE][PASSED] - Object: 'Object Repository/Final Object Repo/New Registration - Registration Module Pages/Form 2/Add Employee Button' is clicked on

2019-01-03 20:56:05 - [TEST_STEP][PASSED] - delay: Delayed 1 second(s)

2019-01-03 20:56:06 - [MESSAGE][PASSED] - Delayed 1 second(s)

2019-01-03 20:56:06 - [TEST_STEP][PASSED] - setText: Text '010903091948' is set on object 'Object Repository/Final Object Repo/New Registration - Registration Module Pages/Form 2/NRIC Input'

2019-01-03 20:56:07 - [MESSAGE][PASSED] - Text '010903091948' is set on object 'Object Repository/Final Object Repo/New Registration - Registration Module Pages/Form 2/NRIC Input'

2019-01-03 20:56:07 - [TEST_STEP][PASSED] - delay: Delayed 2 second(s)

2019-01-03 20:56:09 - [MESSAGE][PASSED] - Delayed 2 second(s)

2019-01-03 20:56:09 - [TEST_STEP][PASSED] - setText: Text 'Automate001 eligible 1' is set on object 'Object Repository/Final Object Repo/New Registration - Registration Module Pages/Form 2/Employee Name Input'

2019-01-03 20:56:09 - [MESSAGE][PASSED] - Text 'Automate001 eligible 1' is set on object 'Object Repository/Final Object Repo/New Registration - Registration Module Pages/Form 2/Employee Name Input'

2019-01-03 20:56:09 - [TEST_STEP][PASSED] - delay: Delayed 2 second(s)

2019-01-03 20:56:11 - [MESSAGE][PASSED] - Delayed 2 second(s)

2019-01-03 20:56:11 - [TEST_STEP][PASSED] - click: Object: 'Object Repository/Final Object Repo/New Registration - Registration Module Pages/Form 2/DatePicker Pop Up' is clicked on

2019-01-03 20:56:11 - [MESSAGE][PASSED] - Object: 'Object Repository/Final Object Repo/New Registration - Registration Module Pages/Form 2/DatePicker Pop Up' is clicked on

2019-01-03 20:56:11 - [TEST_STEP][PASSED] - click: Object: 'Object Repository/Final Object Repo/New Registration - Registration Module Pages/Form 2/DOB Month' is clicked on

2019-01-03 20:56:12 - [MESSAGE][PASSED] - Object: 'Object Repository/Final Object Repo/New Registration - Registration Module Pages/Form 2/DOB Month' is clicked on

2019-01-03 20:56:12 - [TEST_STEP][PASSED] - Statement - CurrentMonth = CurrentMonth: null

2019-01-03 20:56:12 - [TEST_STEP][PASSED] - Statement - selectMonth = new com.kms.katalon.core.testobject.TestObject(): null

2019-01-03 20:56:12 - [TEST_STEP][PASSED] - Statement - selectMonth.addProperty("xpath", EQUALS, "//body/div/div/div/select/option[@value='" + CurrentMonth + "']", true): null

2019-01-03 20:56:12 - [TEST_STEP][PASSED] - click: Object: '' is clicked on

2019-01-03 20:56:12 - [MESSAGE][PASSED] - Object: '' is clicked on

2019-01-03 20:56:12 - [TEST_STEP][PASSED] - click: Object: 'Object Repository/Final Object Repo/New Registration - Registration Module Pages/Form 2/DOB Year' is clicked on

2019-01-03 20:56:12 - [MESSAGE][PASSED] - Object: 'Object Repository/Final Object Repo/New Registration - Registration Module Pages/Form 2/DOB Year' is clicked on

2019-01-03 20:56:12 - [TEST_STEP][PASSED] - Statement - Eyearsbf = EighteenYrsBefore: null

2019-01-03 20:56:12 - [TEST_STEP][PASSED] - Statement - selectYear = new com.kms.katalon.core.testobject.TestObject(): null

2019-01-03 20:56:12 - [TEST_STEP][PASSED] - Statement - selectYear.addProperty("xpath", EQUALS, "//div/div/div/select/option[@value='" + Eyearsbf + "']", true): null

2019-01-03 20:56:12 - [TEST_STEP][PASSED] - click: Object: '' is clicked on

2019-01-03 20:56:12 - [MESSAGE][PASSED] - Object: '' is clicked on

2019-01-03 20:56:12 - [TEST_STEP][PASSED] - Statement - UpdatedSelectDate = com.kms.katalon.core.webui.keyword.WebUiBuiltInKeywords.modifyObjectProperty(com.kms.katalon.core.testobject.ObjectRepository.findTestObject(Final Object Repo/New Registration - Registration Module Pages/Form 2/DOB Date), "xpath", "equals", "//body/div/table/tbody/tr/td/a[text()="" + CurrentDate + ""]", true): Modify property of object successfully

2019-01-03 20:56:12 - [MESSAGE][PASSED] - Modify property of object successfully

2019-01-03 20:56:12 - [TEST_STEP][PASSED] - delay: Delayed 3 second(s)

2019-01-03 20:56:15 - [MESSAGE][PASSED] - Delayed 3 second(s)

2019-01-03 20:56:15 - [TEST_STEP][PASSED] - click: Object: 'Object Repository/Final Object Repo/New Registration - Registration Module Pages/Form 2/DOB Date' is clicked on

2019-01-03 20:56:15 - [MESSAGE][PASSED] - Object: 'Object Repository/Final Object Repo/New Registration - Registration Module Pages/Form 2/DOB Date' is clicked on

2019-01-03 20:56:15 - [TEST_STEP][PASSED] - delay: Delayed 2 second(s)

2019-01-03 20:56:17 - [MESSAGE][PASSED] - Delayed 2 second(s)

2019-01-03 20:56:17 - [TEST_STEP][PASSED] - click: Object: 'Object Repository/Final Object Repo/New Registration - Registration Module Pages/Form 2/EmploymentStartDate Pop Up' is clicked on

2019-01-03 20:56:17 - [MESSAGE][PASSED] - Object: 'Object Repository/Final Object Repo/New Registration - Registration Module Pages/Form 2/EmploymentStartDate Pop Up' is clicked on

2019-01-03 20:56:17 - [TEST_STEP][PASSED] - delay: Delayed 2 second(s)

2019-01-03 20:56:19 - [MESSAGE][PASSED] - Delayed 2 second(s)

2019-01-03 20:56:19 - [TEST_STEP][PASSED] - click: Object: 'Object Repository/Final Object Repo/New Registration - Registration Module Pages/Form 2/Socso Employment StartDate Month' is clicked on

2019-01-03 20:56:19 - [MESSAGE][PASSED] - Object: 'Object Repository/Final Object Repo/New Registration - Registration Module Pages/Form 2/Socso Employment StartDate Month' is clicked on

2019-01-03 20:56:19 - [TEST_STEP][PASSED] - delay: Delayed 1 second(s)

2019-01-03 20:56:20 - [MESSAGE][PASSED] - Delayed 1 second(s)

2019-01-03 20:56:20 - [TEST_STEP][PASSED] - click: Object: 'Object Repository/Final Object Repo/New Registration - Registration Module Pages/Form 2/Select Socso Employement Startdate Month' is clicked on

2019-01-03 20:56:21 - [MESSAGE][PASSED] - Object: 'Object Repository/Final Object Repo/New Registration - Registration Module Pages/Form 2/Select Socso Employement Startdate Month' is clicked on

2019-01-03 20:56:21 - [TEST_STEP][PASSED] - delay: Delayed 2 second(s)

2019-01-03 20:56:23 - [MESSAGE][PASSED] - Delayed 2 second(s)

2019-01-03 20:56:23 - [TEST_STEP][PASSED] - click: Object: 'Object Repository/Final Object Repo/New Registration - Registration Module Pages/Form 2/Socso Employment StartDate Year' is clicked on

2019-01-03 20:56:23 - [MESSAGE][PASSED] - Object: 'Object Repository/Final Object Repo/New Registration - Registration Module Pages/Form 2/Socso Employment StartDate Year' is clicked on

2019-01-03 20:56:23 - [TEST_STEP][PASSED] - delay: Delayed 1 second(s)

2019-01-03 20:56:24 - [MESSAGE][PASSED] - Delayed 1 second(s)

2019-01-03 20:56:24 - [TEST_STEP][PASSED] - click: Object: 'Object Repository/Final Object Repo/New Registration - Registration Module Pages/Form 2/Select Socso Employment Startdate Year' is clicked on

2019-01-03 20:56:24 - [MESSAGE][PASSED] - Object: 'Object Repository/Final Object Repo/New Registration - Registration Module Pages/Form 2/Select Socso Employment Startdate Year' is clicked on

2019-01-03 20:56:24 - [TEST_STEP][PASSED] - delay: Delayed 2 second(s)

2019-01-03 20:56:26 - [MESSAGE][PASSED] - Delayed 2 second(s)

2019-01-03 20:56:26 - [TEST_STEP][PASSED] - click: Object: 'Object Repository/Final Object Repo/New Registration - Registration Module Pages/Form 2/Socso Employment Start Date Day' is clicked on

2019-01-03 20:56:26 - [MESSAGE][PASSED] - Object: 'Object Repository/Final Object Repo/New Registration - Registration Module Pages/Form 2/Socso Employment Start Date Day' is clicked on

2019-01-03 20:56:26 - [TEST_STEP][PASSED] - delay: Delayed 2 second(s)

2019-01-03 20:56:28 - [MESSAGE][PASSED] - Delayed 2 second(s)

2019-01-03 20:56:28 - [TEST_STEP][PASSED] - click: Object: 'Object Repository/Final Object Repo/New Registration - Registration Module Pages/Form 2/Save Button for Add Employee' is clicked on

2019-01-03 20:56:28 - [MESSAGE][PASSED] - Object: 'Object Repository/Final Object Repo/New Registration - Registration Module Pages/Form 2/Save Button for Add Employee' is clicked on

2019-01-03 20:56:28 - [TEST_STEP][PASSED] - delay: Delayed 6 second(s)

2019-01-03 20:56:34 - [MESSAGE][PASSED] - Delayed 6 second(s)

2019-01-03 20:56:34 - [TEST_STEP][PASSED] - click: Object: 'Object Repository/Final Object Repo/New Registration - Registration Module Pages/Form 2/Save and Continue Form 2' is clicked on

2019-01-03 20:56:34 - [MESSAGE][PASSED] - Object: 'Object Repository/Final Object Repo/New Registration - Registration Module Pages/Form 2/Save and Continue Form 2' is clicked on

2019-01-03 20:56:34 - [MESSAGE][PASSED] - Call Test Case 'Test Cases/Final Aug 2018 - PKS Automation/Registration Module/New Registration/Form 2/Add 1 Eligible - Employer Account Use' successfully

2019-01-03 20:56:34 - [TEST_STEP][PASSED] - callTestCase: Call Test Case 'Test Cases/Final Aug 2018 - PKS Automation/Registration Module/New Registration/Flow of New Registration/Third Screen - Upload Supporting Doc - Preview' successfully

2019-01-03 20:56:34 - [TEST_CASE][PASSED] - Test Cases/Final Aug 2018 - PKS Automation/Registration Module/New Registration/Flow of New Registration/Third Screen - Upload Supporting Doc - Preview: Test Cases/Final Aug 2018 - PKS Automation/Registration Module/New Registration/Flow of New Registration/Third Screen - Upload Supporting Doc - Preview

2019-01-03 20:56:34 - [TEST_STEP][PASSED] - waitForPageLoad: Wait for page load successfully

2019-01-03 20:56:35 - [MESSAGE][PASSED] - Wait for page load successfully

2019-01-03 20:56:35 - [TEST_STEP][PASSED] - Statement - CaseReferenceNo = com.kms.katalon.core.webui.keyword.WebUiBuiltInKeywords.getText(com.kms.katalon.core.testobject.ObjectRepository.findTestObject(Final Object Repo/New Registration - Registration Module Pages/Third Screen - Upload Supporting Doc- Preview/RefNo Acquiring)): Text of object 'Object Repository/Final Object Repo/New Registration - Registration Module Pages/Third Screen - Upload Supporting Doc- Preview/RefNo Acquiring' is: 'CRN01201900123598'

2019-01-03 20:56:35 - [MESSAGE][PASSED] - Text of object 'Object Repository/Final Object Repo/New Registration - Registration Module Pages/Third Screen - Upload Supporting Doc- Preview/RefNo Acquiring' is: 'CRN01201900123598'

2019-01-03 20:56:35 - [TEST_STEP][PASSED] - delay: Delayed 2 second(s)

2019-01-03 20:56:37 - [MESSAGE][PASSED] - Delayed 2 second(s)

2019-01-03 20:56:37 - [TEST_STEP][PASSED] - callTestCase: Call Test Case 'Test Cases/Final Aug 2018 - PKS Automation/Common/Reference Number Setter' successfully

2019-01-03 20:56:37 - [TEST_CASE][PASSED] - Test Cases/Final Aug 2018 - PKS Automation/Common/Reference Number Setter: Test Cases/Final Aug 2018 - PKS Automation/Common/Reference Number Setter

2019-01-03 20:56:37 - [TEST_STEP][PASSED] - Statement - RefNoOldFile = new java.io.File(C://Users//Admin//Desktop//PKS//Automation Reference Point//KatalonReference.txt): null

2019-01-03 20:56:37 - [TEST_STEP][PASSED] - Statement - RefNoOldFile.delete(): null

2019-01-03 20:56:37 - [TEST_STEP][PASSED] - delay: Delayed 5 second(s)

2019-01-03 20:56:42 - [MESSAGE][PASSED] - Delayed 5 second(s)

2019-01-03 20:56:42 - [TEST_STEP][PASSED] - Statement - RefNo = new java.io.File(C://Users//Admin//Desktop//PKS//Automation Reference Point//KatalonReference.txt): null

2019-01-03 20:56:42 - [TEST_STEP][PASSED] - Statement - f2 = new java.io.FileWriter(RefNo, false): null

2019-01-03 20:56:42 - [TEST_STEP][PASSED] - Statement - f2.write(CaseReferenceNo): null

2019-01-03 20:56:42 - [TEST_STEP][PASSED] - Statement - f2.close(): null

2019-01-03 20:56:42 - [TEST_STEP][PASSED] - Statement - out.println("


" + CaseReferenceNo + "


"): null

2019-01-03 20:56:42 - [MESSAGE][PASSED] - Call Test Case 'Test Cases/Final Aug 2018 - PKS Automation/Common/Reference Number Setter' successfully

2019-01-03 20:56:42 - [TEST_STEP][PASSED] - waitForElementClickable: Object 'Object Repository/Final Object Repo/New Registration - Registration Module Pages/Third Screen - Upload Supporting Doc- Preview/Save n Continue in SIP Employee Listing Page' is clickable

2019-01-03 20:56:42 - [MESSAGE][PASSED] - Object 'Object Repository/Final Object Repo/New Registration - Registration Module Pages/Third Screen - Upload Supporting Doc- Preview/Save n Continue in SIP Employee Listing Page' is clickable

2019-01-03 20:56:42 - [TEST_STEP][PASSED] - click: Object: 'Object Repository/Final Object Repo/New Registration - Registration Module Pages/Third Screen - Upload Supporting Doc- Preview/Save n Continue in SIP Employee Listing Page' is clicked on

2019-01-03 20:56:48 - [MESSAGE][PASSED] - Object: 'Object Repository/Final Object Repo/New Registration - Registration Module Pages/Third Screen - Upload Supporting Doc- Preview/Save n Continue in SIP Employee Listing Page' is clicked on

2019-01-03 20:56:48 - [TEST_STEP][PASSED] - delay: Delayed 7 second(s)

2019-01-03 20:56:55 - [MESSAGE][PASSED] - Delayed 7 second(s)

2019-01-03 20:56:55 - [TEST_STEP][PASSED] - click: Object: 'Object Repository/Final Object Repo/New Registration - Registration Module Pages/Third Screen - Upload Supporting Doc- Preview/Add Document Button' is clicked on

2019-01-03 20:56:55 - [MESSAGE][PASSED] - Object: 'Object Repository/Final Object Repo/New Registration - Registration Module Pages/Third Screen - Upload Supporting Doc- Preview/Add Document Button' is clicked on

2019-01-03 20:56:55 - [TEST_STEP][PASSED] - delay: Delayed 30 second(s)

2019-01-03 20:57:25 - [MESSAGE][PASSED] - Delayed 30 second(s)

2019-01-03 20:57:25 - [TEST_STEP][PASSED] - click: Object: 'Object Repository/Final Object Repo/New Registration - Registration Module Pages/Third Screen - Upload Supporting Doc- Preview/Supporting Doc Please Select Drop Down' is clicked on

2019-01-03 20:57:25 - [MESSAGE][PASSED] - Object: 'Object Repository/Final Object Repo/New Registration - Registration Module Pages/Third Screen - Upload Supporting Doc- Preview/Supporting Doc Please Select Drop Down' is clicked on

2019-01-03 20:57:25 - [TEST_STEP][PASSED] - delay: Delayed 2 second(s)

2019-01-03 20:57:27 - [MESSAGE][PASSED] - Delayed 2 second(s)

2019-01-03 20:57:27 - [TEST_STEP][PASSED] - click: Object: 'Object Repository/Final Object Repo/New Registration - Registration Module Pages/Third Screen - Upload Supporting Doc- Preview/Select to Upload Form 1' is clicked on

2019-01-03 20:57:27 - [MESSAGE][PASSED] - Object: 'Object Repository/Final Object Repo/New Registration - Registration Module Pages/Third Screen - Upload Supporting Doc- Preview/Select to Upload Form 1' is clicked on

2019-01-03 20:57:27 - [TEST_STEP][PASSED] - delay: Delayed 2 second(s)

2019-01-03 20:57:29 - [MESSAGE][PASSED] - Delayed 2 second(s)

2019-01-03 20:57:29 - [TEST_STEP][PASSED] - uploadFile: File 'C:\Users\Public\Pictures\Sample Pictures\Koala.jpg' sent to object: 'Object Repository/Final Object Repo/New Registration - Registration Module Pages/Third Screen - Upload Supporting Doc- Preview/Upload File Adding'

2019-01-03 20:57:30 - [MESSAGE][PASSED] - File 'C:\Users\Public\Pictures\Sample Pictures\Koala.jpg' sent to object: 'Object Repository/Final Object Repo/New Registration - Registration Module Pages/Third Screen - Upload Supporting Doc- Preview/Upload File Adding'

2019-01-03 20:57:30 - [TEST_STEP][PASSED] - delay: Delayed 5 second(s)

2019-01-03 20:57:35 - [MESSAGE][PASSED] - Delayed 5 second(s)

2019-01-03 20:57:35 - [TEST_STEP][PASSED] - click: Object: 'Object Repository/Final Object Repo/New Registration - Registration Module Pages/Third Screen - Upload Supporting Doc- Preview/Inner Form Add Document Button' is clicked on

2019-01-03 20:57:35 - [MESSAGE][PASSED] - Object: 'Object Repository/Final Object Repo/New Registration - Registration Module Pages/Third Screen - Upload Supporting Doc- Preview/Inner Form Add Document Button' is clicked on

2019-01-03 20:57:35 - [TEST_STEP][PASSED] - delay: Delayed 3 second(s)

2019-01-03 20:57:38 - [MESSAGE][PASSED] - Delayed 3 second(s)

2019-01-03 20:57:38 - [TEST_STEP][PASSED] - click: Object: 'Object Repository/Final Object Repo/New Registration - Registration Module Pages/Third Screen - Upload Supporting Doc- Preview/Add Document Button' is clicked on

2019-01-03 20:57:39 - [MESSAGE][PASSED] - Object: 'Object Repository/Final Object Repo/New Registration - Registration Module Pages/Third Screen - Upload Supporting Doc- Preview/Add Document Button' is clicked on

2019-01-03 20:57:39 - [TEST_STEP][PASSED] - delay: Delayed 30 second(s)

2019-01-03 20:58:09 - [MESSAGE][PASSED] - Delayed 30 second(s)

2019-01-03 20:58:09 - [TEST_STEP][PASSED] - click: Object: 'Object Repository/Final Object Repo/New Registration - Registration Module Pages/Third Screen - Upload Supporting Doc- Preview/Supporting Doc Please Select Drop Down' is clicked on

2019-01-03 20:58:09 - [MESSAGE][PASSED] - Object: 'Object Repository/Final Object Repo/New Registration - Registration Module Pages/Third Screen - Upload Supporting Doc- Preview/Supporting Doc Please Select Drop Down' is clicked on

2019-01-03 20:58:09 - [TEST_STEP][PASSED] - delay: Delayed 4 second(s)

2019-01-03 20:58:13 - [MESSAGE][PASSED] - Delayed 4 second(s)

2019-01-03 20:58:13 - [TEST_STEP][PASSED] - click: Object: 'Object Repository/Final Object Repo/New Registration - Registration Module Pages/Third Screen - Upload Supporting Doc- Preview/Select to Upload Form 2' is clicked on

2019-01-03 20:58:13 - [MESSAGE][PASSED] - Object: 'Object Repository/Final Object Repo/New Registration - Registration Module Pages/Third Screen - Upload Supporting Doc- Preview/Select to Upload Form 2' is clicked on

2019-01-03 20:58:13 - [TEST_STEP][PASSED] - delay: Delayed 2 second(s)

2019-01-03 20:58:15 - [MESSAGE][PASSED] - Delayed 2 second(s)

2019-01-03 20:58:15 - [TEST_STEP][PASSED] - uploadFile: File 'C:\Users\Public\Pictures\Sample Pictures\Koala.jpg' sent to object: 'Object Repository/Final Object Repo/New Registration - Registration Module Pages/Third Screen - Upload Supporting Doc- Preview/Upload File Adding'

2019-01-03 20:58:16 - [MESSAGE][PASSED] - File 'C:\Users\Public\Pictures\Sample Pictures\Koala.jpg' sent to object: 'Object Repository/Final Object Repo/New Registration - Registration Module Pages/Third Screen - Upload Supporting Doc- Preview/Upload File Adding'

2019-01-03 20:58:16 - [TEST_STEP][PASSED] - click: Object: 'Object Repository/Final Object Repo/New Registration - Registration Module Pages/Third Screen - Upload Supporting Doc- Preview/Inner Form Add Document Button' is clicked on

2019-01-03 20:58:16 - [MESSAGE][PASSED] - Object: 'Object Repository/Final Object Repo/New Registration - Registration Module Pages/Third Screen - Upload Supporting Doc- Preview/Inner Form Add Document Button' is clicked on

2019-01-03 20:58:16 - [TEST_STEP][PASSED] - delay: Delayed 5 second(s)

2019-01-03 20:58:21 - [MESSAGE][PASSED] - Delayed 5 second(s)

2019-01-03 20:58:21 - [TEST_STEP][PASSED] - click: Object: 'Object Repository/Final Object Repo/New Registration - Registration Module Pages/Third Screen - Upload Supporting Doc- Preview/Add Document Button' is clicked on

2019-01-03 20:58:21 - [MESSAGE][PASSED] - Object: 'Object Repository/Final Object Repo/New Registration - Registration Module Pages/Third Screen - Upload Supporting Doc- Preview/Add Document Button' is clicked on

2019-01-03 20:58:21 - [TEST_STEP][PASSED] - delay: Delayed 30 second(s)

2019-01-03 20:58:51 - [MESSAGE][PASSED] - Delayed 30 second(s)

2019-01-03 20:58:51 - [TEST_STEP][PASSED] - click: Object: 'Object Repository/Final Object Repo/New Registration - Registration Module Pages/Third Screen - Upload Supporting Doc- Preview/Supporting Doc Please Select Drop Down' is clicked on

2019-01-03 20:58:51 - [MESSAGE][PASSED] - Object: 'Object Repository/Final Object Repo/New Registration - Registration Module Pages/Third Screen - Upload Supporting Doc- Preview/Supporting Doc Please Select Drop Down' is clicked on

2019-01-03 20:58:51 - [TEST_STEP][PASSED] - click: Object: 'Object Repository/Final Object Repo/New Registration - Registration Module Pages/Third Screen - Upload Supporting Doc- Preview/Select to Upload Borang SIP 1' is clicked on

2019-01-03 20:58:52 - [MESSAGE][PASSED] - Object: 'Object Repository/Final Object Repo/New Registration - Registration Module Pages/Third Screen - Upload Supporting Doc- Preview/Select to Upload Borang SIP 1' is clicked on

2019-01-03 20:58:52 - [TEST_STEP][PASSED] - delay: Delayed 2 second(s)

2019-01-03 20:58:54 - [MESSAGE][PASSED] - Delayed 2 second(s)

2019-01-03 20:58:54 - [TEST_STEP][PASSED] - uploadFile: File 'C:\Users\Public\Pictures\Sample Pictures\Koala.jpg' sent to object: 'Object Repository/Final Object Repo/New Registration - Registration Module Pages/Third Screen - Upload Supporting Doc- Preview/Upload File Adding'

2019-01-03 20:58:54 - [MESSAGE][PASSED] - File 'C:\Users\Public\Pictures\Sample Pictures\Koala.jpg' sent to object: 'Object Repository/Final Object Repo/New Registration - Registration Module Pages/Third Screen - Upload Supporting Doc- Preview/Upload File Adding'

2019-01-03 20:58:54 - [TEST_STEP][PASSED] - click: Object: 'Object Repository/Final Object Repo/New Registration - Registration Module Pages/Third Screen - Upload Supporting Doc- Preview/Inner Form Add Document Button' is clicked on

2019-01-03 20:58:54 - [MESSAGE][PASSED] - Object: 'Object Repository/Final Object Repo/New Registration - Registration Module Pages/Third Screen - Upload Supporting Doc- Preview/Inner Form Add Document Button' is clicked on

2019-01-03 20:58:54 - [TEST_STEP][PASSED] - delay: Delayed 5 second(s)

2019-01-03 20:58:59 - [MESSAGE][PASSED] - Delayed 5 second(s)

2019-01-03 20:58:59 - [TEST_STEP][PASSED] - click: Object: 'Object Repository/Final Object Repo/New Registration - Registration Module Pages/Third Screen - Upload Supporting Doc- Preview/Add Document Button' is clicked on

2019-01-03 20:58:59 - [MESSAGE][PASSED] - Object: 'Object Repository/Final Object Repo/New Registration - Registration Module Pages/Third Screen - Upload Supporting Doc- Preview/Add Document Button' is clicked on

2019-01-03 20:58:59 - [TEST_STEP][PASSED] - delay: Delayed 30 second(s)

2019-01-03 20:59:29 - [MESSAGE][PASSED] - Delayed 30 second(s)

2019-01-03 20:59:29 - [TEST_STEP][PASSED] - click: Object: 'Object Repository/Final Object Repo/New Registration - Registration Module Pages/Third Screen - Upload Supporting Doc- Preview/Supporting Doc Please Select Drop Down' is clicked on

2019-01-03 20:59:29 - [MESSAGE][PASSED] - Object: 'Object Repository/Final Object Repo/New Registration - Registration Module Pages/Third Screen - Upload Supporting Doc- Preview/Supporting Doc Please Select Drop Down' is clicked on

2019-01-03 20:59:29 - [TEST_STEP][PASSED] - delay: Delayed 3 second(s)

2019-01-03 20:59:32 - [MESSAGE][PASSED] - Delayed 3 second(s)

2019-01-03 20:59:32 - [TEST_STEP][PASSED] - click: Object: 'Object Repository/Final Object Repo/New Registration - Registration Module Pages/Third Screen - Upload Supporting Doc- Preview/Select to Upload Borang SIP 2' is clicked on

2019-01-03 20:59:32 - [MESSAGE][PASSED] - Object: 'Object Repository/Final Object Repo/New Registration - Registration Module Pages/Third Screen - Upload Supporting Doc- Preview/Select to Upload Borang SIP 2' is clicked on

2019-01-03 20:59:32 - [TEST_STEP][PASSED] - delay: Delayed 2 second(s)

2019-01-03 20:59:34 - [MESSAGE][PASSED] - Delayed 2 second(s)

2019-01-03 20:59:34 - [TEST_STEP][PASSED] - uploadFile: File 'C:\Users\Public\Pictures\Sample Pictures\Koala.jpg' sent to object: 'Object Repository/Final Object Repo/New Registration - Registration Module Pages/Third Screen - Upload Supporting Doc- Preview/Upload File Adding'

2019-01-03 20:59:35 - [MESSAGE][PASSED] - File 'C:\Users\Public\Pictures\Sample Pictures\Koala.jpg' sent to object: 'Object Repository/Final Object Repo/New Registration - Registration Module Pages/Third Screen - Upload Supporting Doc- Preview/Upload File Adding'

2019-01-03 20:59:35 - [TEST_STEP][PASSED] - delay: Delayed 5 second(s)

2019-01-03 20:59:40 - [MESSAGE][PASSED] - Delayed 5 second(s)

2019-01-03 20:59:40 - [TEST_STEP][PASSED] - click: Object: 'Object Repository/Final Object Repo/New Registration - Registration Module Pages/Third Screen - Upload Supporting Doc- Preview/Inner Form Add Document Button' is clicked on

2019-01-03 20:59:40 - [MESSAGE][PASSED] - Object: 'Object Repository/Final Object Repo/New Registration - Registration Module Pages/Third Screen - Upload Supporting Doc- Preview/Inner Form Add Document Button' is clicked on

2019-01-03 20:59:40 - [TEST_STEP][PASSED] - delay: Delayed 3 second(s)

2019-01-03 20:59:43 - [MESSAGE][PASSED] - Delayed 3 second(s)

2019-01-03 20:59:43 - [TEST_STEP][PASSED] - waitForElementClickable: Object 'Object Repository/Final Object Repo/New Registration - Registration Module Pages/Third Screen - Upload Supporting Doc- Preview/Save n Continue in Uploading Supporting Doc Page' is clickable

2019-01-03 20:59:44 - [MESSAGE][PASSED] - Object 'Object Repository/Final Object Repo/New Registration - Registration Module Pages/Third Screen - Upload Supporting Doc- Preview/Save n Continue in Uploading Supporting Doc Page' is clickable

2019-01-03 20:59:44 - [TEST_STEP][PASSED] - click: Object: 'Object Repository/Final Object Repo/New Registration - Registration Module Pages/Third Screen - Upload Supporting Doc- Preview/Save n Continue in Uploading Supporting Doc Page' is clicked on

2019-01-03 20:59:44 - [MESSAGE][PASSED] - Object: 'Object Repository/Final Object Repo/New Registration - Registration Module Pages/Third Screen - Upload Supporting Doc- Preview/Save n Continue in Uploading Supporting Doc Page' is clicked on

2019-01-03 20:59:44 - [MESSAGE][PASSED] - Call Test Case 'Test Cases/Final Aug 2018 - PKS Automation/Registration Module/New Registration/Flow of New Registration/Third Screen - Upload Supporting Doc - Preview' successfully

2019-01-03 20:59:44 - [TEST_STEP][PASSED] - setText: Text 'Tester' is set on object 'Object Repository/Final Object Repo/New Registration - Registration Module Pages/New Reg - OTC to RO/Special Case - All Related Objects/Employer Preview Name'

2019-01-03 20:59:49 - [MESSAGE][PASSED] - Text 'Tester' is set on object 'Object Repository/Final Object Repo/New Registration - Registration Module Pages/New Reg - OTC to RO/Special Case - All Related Objects/Employer Preview Name'

2019-01-03 20:59:49 - [TEST_STEP][PASSED] - click: Object: 'Object Repository/Final Object Repo/New Registration - Registration Module Pages/New Reg - OTC to RO/Special Case - All Related Objects/IC Type Drop Down' is clicked on

2019-01-03 20:59:49 - [MESSAGE][PASSED] - Object: 'Object Repository/Final Object Repo/New Registration - Registration Module Pages/New Reg - OTC to RO/Special Case - All Related Objects/IC Type Drop Down' is clicked on

2019-01-03 20:59:49 - [TEST_STEP][PASSED] - click: Object: 'Object Repository/Final Object Repo/New Registration - Registration Module Pages/New Reg - OTC to RO/Special Case - All Related Objects/Select to NRIC' is clicked on

2019-01-03 20:59:49 - [MESSAGE][PASSED] - Object: 'Object Repository/Final Object Repo/New Registration - Registration Module Pages/New Reg - OTC to RO/Special Case - All Related Objects/Select to NRIC' is clicked on

2019-01-03 20:59:49 - [TEST_STEP][PASSED] - setText: Text '133245561223' is set on object 'Object Repository/Final Object Repo/New Registration - Registration Module Pages/New Reg - OTC to RO/Special Case - All Related Objects/IC Value'

2019-01-03 20:59:49 - [MESSAGE][PASSED] - Text '133245561223' is set on object 'Object Repository/Final Object Repo/New Registration - Registration Module Pages/New Reg - OTC to RO/Special Case - All Related Objects/IC Value'

2019-01-03 20:59:49 - [TEST_STEP][PASSED] - setText: Text 'Auto' is set on object 'Object Repository/Final Object Repo/New Registration - Registration Module Pages/New Reg - OTC to RO/Special Case - All Related Objects/Designation'

2019-01-03 20:59:50 - [MESSAGE][PASSED] - Text 'Auto' is set on object 'Object Repository/Final Object Repo/New Registration - Registration Module Pages/New Reg - OTC to RO/Special Case - All Related Objects/Designation'

2019-01-03 20:59:50 - [TEST_STEP][PASSED] - callTestCase: Call Test Case 'Test Cases/Final Aug 2018 - PKS Automation/Registration Module/New Registration/Submit and Screenshot/Submit Registration and Screenshot - Copy' successfully

2019-01-03 20:59:50 - [TEST_CASE][PASSED] - Test Cases/Final Aug 2018 - PKS Automation/Registration Module/New Registration/Submit and Screenshot/Submit Registration and Screenshot - Copy: Test Cases/Final Aug 2018 - PKS Automation/Registration Module/New Registration/Submit and Screenshot/Submit Registration and Screenshot - Copy

2019-01-03 20:59:50 - [TEST_STEP][PASSED] - delay: Delayed 6 second(s)

2019-01-03 20:59:56 - [MESSAGE][PASSED] - Delayed 6 second(s)

2019-01-03 20:59:56 - [TEST_STEP][PASSED] - click: Object: 'Object Repository/Final Object Repo/New Registration - Registration Module Pages/Third Screen - Upload Supporting Doc- Preview/Preview Submit Button' is clicked on

2019-01-03 20:59:56 - [MESSAGE][PASSED] - Object: 'Object Repository/Final Object Repo/New Registration - Registration Module Pages/Third Screen - Upload Supporting Doc- Preview/Preview Submit Button' is clicked on

2019-01-03 20:59:56 - [TEST_STEP][PASSED] - delay: Delayed 2 second(s)

2019-01-03 20:59:58 - [MESSAGE][PASSED] - Delayed 2 second(s)

2019-01-03 20:59:58 - [TEST_STEP][PASSED] - click: Object: 'Object Repository/Final Object Repo/New Registration - Registration Module Pages/Third Screen - Upload Supporting Doc- Preview/Preview Submit - Confirm' is clicked on

2019-01-03 20:59:58 - [MESSAGE][PASSED] - Object: 'Object Repository/Final Object Repo/New Registration - Registration Module Pages/Third Screen - Upload Supporting Doc- Preview/Preview Submit - Confirm' is clicked on

2019-01-03 20:59:58 - [TEST_STEP][PASSED] - delay: Delayed 15 second(s)

2019-01-03 21:00:13 - [MESSAGE][PASSED] - Delayed 15 second(s)

2019-01-03 21:00:13 - [TEST_STEP][PASSED] - Statement - driver = com.kms.katalon.core.webui.driver.DriverFactory.getWebDriver(): null

2019-01-03 21:00:13 - [TEST_STEP][PASSED] - Statement - driver.manage().timeouts().implicitlyWait(10, SECONDS): null

2019-01-03 21:00:13 - [TEST_STEP][PASSED] - Statement - PresavePath = KatalonScreenshots: null

2019-01-03 21:00:13 - [TEST_STEP][PASSED] - Statement - pathPrefix = "C:\Users\Public\Pictures\Sample Pictures\Katalon Screenshots\Automate Ending Screen": null

2019-01-03 21:00:13 - [TEST_STEP][PASSED] - Statement - finalPath = <not implemented yet for class: org.codehaus.groovy.ast.expr.EmptyExpression>: null

2019-01-03 21:00:13 - [TEST_STEP][PASSED] - Statement - scrFile = driver.getScreenshotAs(FILE): null

2019-01-03 21:00:13 - [TEST_STEP][PASSED] - Statement - PreSaveFile = new java.io.File(PresavePath): null

2019-01-03 21:00:13 - [TEST_STEP][PASSED] - Statement - counter = 0: null

2019-01-03 21:00:13 - [TEST_STEP][PASSED] - Statement - If (PreSaveFile.exists()): null

2019-01-03 21:00:13 - [TEST_STEP][PASSED] - Statement - While (PreSaveFile.exists()): null

2019-01-03 21:00:13 - [TEST_STEP][PASSED] - Statement - counter = counter + 1: null

2019-01-03 21:00:13 - [TEST_STEP][PASSED] - Statement - PreSaveFile = new java.io.File(((pathPrefix + java.lang.Integer.toString(counter)) + .png)): null

2019-01-03 21:00:13 - [TEST_STEP][PASSED] - Statement - counter = counter + 1: null

2019-01-03 21:00:13 - [TEST_STEP][PASSED] - Statement - PreSaveFile = new java.io.File(((pathPrefix + java.lang.Integer.toString(counter)) + .png)): null

2019-01-03 21:00:13 - [TEST_STEP][PASSED] - Statement - counter = counter + 1: null

2019-01-03 21:00:13 - [TEST_STEP][PASSED] - Statement - PreSaveFile = new java.io.File(((pathPrefix + java.lang.Integer.toString(counter)) + .png)): null

2019-01-03 21:00:13 - [TEST_STEP][PASSED] - Statement - counter = counter + 1: null

2019-01-03 21:00:13 - [TEST_STEP][PASSED] - Statement - PreSaveFile = new java.io.File(((pathPrefix + java.lang.Integer.toString(counter)) + .png)): null

2019-01-03 21:00:13 - [TEST_STEP][PASSED] - Statement - counter = counter + 1: null

2019-01-03 21:00:13 - [TEST_STEP][PASSED] - Statement - PreSaveFile = new java.io.File(((pathPrefix + java.lang.Integer.toString(counter)) + .png)): null

2019-01-03 21:00:13 - [TEST_STEP][PASSED] - Statement - counter = counter + 1: null

2019-01-03 21:00:13 - [TEST_STEP][PASSED] - Statement - PreSaveFile = new java.io.File(((pathPrefix + java.lang.Integer.toString(counter)) + .png)): null

2019-01-03 21:00:13 - [TEST_STEP][PASSED] - Statement - counter = counter + 1: null

2019-01-03 21:00:13 - [TEST_STEP][PASSED] - Statement - PreSaveFile = new java.io.File(((pathPrefix + java.lang.Integer.toString(counter)) + .png)): null

2019-01-03 21:00:13 - [TEST_STEP][PASSED] - Statement - counter = counter + 1: null

2019-01-03 21:00:13 - [TEST_STEP][PASSED] - Statement - PreSaveFile = new java.io.File(((pathPrefix + java.lang.Integer.toString(counter)) + .png)): null

2019-01-03 21:00:13 - [TEST_STEP][PASSED] - Statement - counter = counter + 1: null

2019-01-03 21:00:13 - [TEST_STEP][PASSED] - Statement - PreSaveFile = new java.io.File(((pathPrefix + java.lang.Integer.toString(counter)) + .png)): null

2019-01-03 21:00:13 - [TEST_STEP][PASSED] - Statement - counter = counter + 1: null

2019-01-03 21:00:13 - [TEST_STEP][PASSED] - Statement - PreSaveFile = new java.io.File(((pathPrefix + java.lang.Integer.toString(counter)) + .png)): null

2019-01-03 21:00:13 - [TEST_STEP][PASSED] - Statement - counter = counter + 1: null

2019-01-03 21:00:13 - [TEST_STEP][PASSED] - Statement - PreSaveFile = new java.io.File(((pathPrefix + java.lang.Integer.toString(counter)) + .png)): null

2019-01-03 21:00:13 - [TEST_STEP][PASSED] - Statement - counter = counter + 1: null

2019-01-03 21:00:13 - [TEST_STEP][PASSED] - Statement - PreSaveFile = new java.io.File(((pathPrefix + java.lang.Integer.toString(counter)) + .png)): null

2019-01-03 21:00:13 - [TEST_STEP][PASSED] - Statement - counter = counter + 1: null

2019-01-03 21:00:13 - [TEST_STEP][PASSED] - Statement - PreSaveFile = new java.io.File(((pathPrefix + java.lang.Integer.toString(counter)) + .png)): null

2019-01-03 21:00:13 - [TEST_STEP][PASSED] - Statement - counter = counter + 1: null

2019-01-03 21:00:13 - [TEST_STEP][PASSED] - Statement - PreSaveFile = new java.io.File(((pathPrefix + java.lang.Integer.toString(counter)) + .png)): null

2019-01-03 21:00:13 - [TEST_STEP][PASSED] - Statement - counter = counter + 1: null

2019-01-03 21:00:13 - [TEST_STEP][PASSED] - Statement - PreSaveFile = new java.io.File(((pathPrefix + java.lang.Integer.toString(counter)) + .png)): null

2019-01-03 21:00:13 - [TEST_STEP][PASSED] - Statement - counter = counter + 1: null

2019-01-03 21:00:13 - [TEST_STEP][PASSED] - Statement - PreSaveFile = new java.io.File(((pathPrefix + java.lang.Integer.toString(counter)) + .png)): null

2019-01-03 21:00:13 - [TEST_STEP][PASSED] - Statement - counter = counter + 1: null

2019-01-03 21:00:13 - [TEST_STEP][PASSED] - Statement - PreSaveFile = new java.io.File(((pathPrefix + java.lang.Integer.toString(counter)) + .png)): null

2019-01-03 21:00:13 - [TEST_STEP][PASSED] - Statement - counter = counter + 1: null

2019-01-03 21:00:13 - [TEST_STEP][PASSED] - Statement - PreSaveFile = new java.io.File(((pathPrefix + java.lang.Integer.toString(counter)) + .png)): null

2019-01-03 21:00:13 - [TEST_STEP][PASSED] - Statement - counter = counter + 1: null

2019-01-03 21:00:13 - [TEST_STEP][PASSED] - Statement - PreSaveFile = new java.io.File(((pathPrefix + java.lang.Integer.toString(counter)) + .png)): null

2019-01-03 21:00:13 - [TEST_STEP][PASSED] - Statement - counter = counter + 1: null

2019-01-03 21:00:13 - [TEST_STEP][PASSED] - Statement - PreSaveFile = new java.io.File(((pathPrefix + java.lang.Integer.toString(counter)) + .png)): null

2019-01-03 21:00:13 - [TEST_STEP][PASSED] - Statement - counter = counter + 1: null

2019-01-03 21:00:13 - [TEST_STEP][PASSED] - Statement - PreSaveFile = new java.io.File(((pathPrefix + java.lang.Integer.toString(counter)) + .png)): null

2019-01-03 21:00:13 - [TEST_STEP][PASSED] - Statement - counter = counter + 1: null

2019-01-03 21:00:13 - [TEST_STEP][PASSED] - Statement - PreSaveFile = new java.io.File(((pathPrefix + java.lang.Integer.toString(counter)) + .png)): null

2019-01-03 21:00:13 - [TEST_STEP][PASSED] - Statement - counter = counter + 1: null

2019-01-03 21:00:13 - [TEST_STEP][PASSED] - Statement - PreSaveFile = new java.io.File(((pathPrefix + java.lang.Integer.toString(counter)) + .png)): null

2019-01-03 21:00:13 - [TEST_STEP][PASSED] - Statement - counter = counter + 1: null

2019-01-03 21:00:13 - [TEST_STEP][PASSED] - Statement - PreSaveFile = new java.io.File(((pathPrefix + java.lang.Integer.toString(counter)) + .png)): null

2019-01-03 21:00:13 - [TEST_STEP][PASSED] - Statement - counter = counter + 1: null

2019-01-03 21:00:13 - [TEST_STEP][PASSED] - Statement - PreSaveFile = new java.io.File(((pathPrefix + java.lang.Integer.toString(counter)) + .png)): null

2019-01-03 21:00:13 - [TEST_STEP][PASSED] - Statement - counter = counter + 1: null

2019-01-03 21:00:13 - [TEST_STEP][PASSED] - Statement - PreSaveFile = new java.io.File(((pathPrefix + java.lang.Integer.toString(counter)) + .png)): null

2019-01-03 21:00:13 - [TEST_STEP][PASSED] - Statement - counter = counter + 1: null

2019-01-03 21:00:13 - [TEST_STEP][PASSED] - Statement - PreSaveFile = new java.io.File(((pathPrefix + java.lang.Integer.toString(counter)) + .png)): null

2019-01-03 21:00:13 - [TEST_STEP][PASSED] - Statement - counter = counter + 1: null

2019-01-03 21:00:13 - [TEST_STEP][PASSED] - Statement - PreSaveFile = new java.io.File(((pathPrefix + java.lang.Integer.toString(counter)) + .png)): null

2019-01-03 21:00:13 - [TEST_STEP][PASSED] - Statement - counter = counter + 1: null

2019-01-03 21:00:13 - [TEST_STEP][PASSED] - Statement - PreSaveFile = new java.io.File(((pathPrefix + java.lang.Integer.toString(counter)) + .png)): null

2019-01-03 21:00:13 - [TEST_STEP][PASSED] - Statement - counter = counter + 1: null

2019-01-03 21:00:13 - [TEST_STEP][PASSED] - Statement - PreSaveFile = new java.io.File(((pathPrefix + java.lang.Integer.toString(counter)) + .png)): null

2019-01-03 21:00:13 - [TEST_STEP][PASSED] - Statement - counter = counter + 1: null

2019-01-03 21:00:13 - [TEST_STEP][PASSED] - Statement - PreSaveFile = new java.io.File(((pathPrefix + java.lang.Integer.toString(counter)) + .png)): null

2019-01-03 21:00:13 - [TEST_STEP][PASSED] - Statement - counter = counter + 1: null

2019-01-03 21:00:13 - [TEST_STEP][PASSED] - Statement - PreSaveFile = new java.io.File(((pathPrefix + java.lang.Integer.toString(counter)) + .png)): null

2019-01-03 21:00:13 - [TEST_STEP][PASSED] - Statement - counter = counter + 1: null

2019-01-03 21:00:13 - [TEST_STEP][PASSED] - Statement - PreSaveFile = new java.io.File(((pathPrefix + java.lang.Integer.toString(counter)) + .png)): null

2019-01-03 21:00:13 - [TEST_STEP][PASSED] - Statement - counter = counter + 1: null

2019-01-03 21:00:13 - [TEST_STEP][PASSED] - Statement - PreSaveFile = new java.io.File(((pathPrefix + java.lang.Integer.toString(counter)) + .png)): null

2019-01-03 21:00:13 - [TEST_STEP][PASSED] - Statement - counter = counter + 1: null

2019-01-03 21:00:13 - [TEST_STEP][PASSED] - Statement - PreSaveFile = new java.io.File(((pathPrefix + java.lang.Integer.toString(counter)) + .png)): null

2019-01-03 21:00:13 - [TEST_STEP][PASSED] - Statement - counter = counter + 1: null

2019-01-03 21:00:13 - [TEST_STEP][PASSED] - Statement - PreSaveFile = new java.io.File(((pathPrefix + java.lang.Integer.toString(counter)) + .png)): null

2019-01-03 21:00:13 - [TEST_STEP][PASSED] - Statement - counter = counter + 1: null

2019-01-03 21:00:13 - [TEST_STEP][PASSED] - Statement - PreSaveFile = new java.io.File(((pathPrefix + java.lang.Integer.toString(counter)) + .png)): null

2019-01-03 21:00:13 - [TEST_STEP][PASSED] - Statement - counter = counter + 1: null

2019-01-03 21:00:13 - [TEST_STEP][PASSED] - Statement - PreSaveFile = new java.io.File(((pathPrefix + java.lang.Integer.toString(counter)) + .png)): null

2019-01-03 21:00:13 - [TEST_STEP][PASSED] - Statement - counter = counter + 1: null

2019-01-03 21:00:13 - [TEST_STEP][PASSED] - Statement - PreSaveFile = new java.io.File(((pathPrefix + java.lang.Integer.toString(counter)) + .png)): null

2019-01-03 21:00:13 - [TEST_STEP][PASSED] - Statement - counter = counter + 1: null

2019-01-03 21:00:13 - [TEST_STEP][PASSED] - Statement - PreSaveFile = new java.io.File(((pathPrefix + java.lang.Integer.toString(counter)) + .png)): null

2019-01-03 21:00:13 - [TEST_STEP][PASSED] - Statement - counter = counter + 1: null

2019-01-03 21:00:13 - [TEST_STEP][PASSED] - Statement - PreSaveFile = new java.io.File(((pathPrefix + java.lang.Integer.toString(counter)) + .png)): null

2019-01-03 21:00:13 - [TEST_STEP][PASSED] - Statement - counter = counter + 1: null

2019-01-03 21:00:13 - [TEST_STEP][PASSED] - Statement - PreSaveFile = new java.io.File(((pathPrefix + java.lang.Integer.toString(counter)) + .png)): null

2019-01-03 21:00:13 - [TEST_STEP][PASSED] - Statement - counter = counter + 1: null

2019-01-03 21:00:13 - [TEST_STEP][PASSED] - Statement - PreSaveFile = new java.io.File(((pathPrefix + java.lang.Integer.toString(counter)) + .png)): null

2019-01-03 21:00:13 - [TEST_STEP][PASSED] - Statement - counter = counter + 1: null

2019-01-03 21:00:13 - [TEST_STEP][PASSED] - Statement - PreSaveFile = new java.io.File(((pathPrefix + java.lang.Integer.toString(counter)) + .png)): null

2019-01-03 21:00:13 - [TEST_STEP][PASSED] - Statement - counter = counter + 1: null

2019-01-03 21:00:13 - [TEST_STEP][PASSED] - Statement - PreSaveFile = new java.io.File(((pathPrefix + java.lang.Integer.toString(counter)) + .png)): null

2019-01-03 21:00:13 - [TEST_STEP][PASSED] - Statement - counter = counter + 1: null

2019-01-03 21:00:13 - [TEST_STEP][PASSED] - Statement - PreSaveFile = new java.io.File(((pathPrefix + java.lang.Integer.toString(counter)) + .png)): null

2019-01-03 21:00:13 - [TEST_STEP][PASSED] - Statement - counter = counter + 1: null

2019-01-03 21:00:13 - [TEST_STEP][PASSED] - Statement - PreSaveFile = new java.io.File(((pathPrefix + java.lang.Integer.toString(counter)) + .png)): null

2019-01-03 21:00:13 - [TEST_STEP][PASSED] - Statement - counter = counter + 1: null

2019-01-03 21:00:13 - [TEST_STEP][PASSED] - Statement - PreSaveFile = new java.io.File(((pathPrefix + java.lang.Integer.toString(counter)) + .png)): null

2019-01-03 21:00:13 - [TEST_STEP][PASSED] - Statement - counter = counter + 1: null

2019-01-03 21:00:13 - [TEST_STEP][PASSED] - Statement - PreSaveFile = new java.io.File(((pathPrefix + java.lang.Integer.toString(counter)) + .png)): null

2019-01-03 21:00:13 - [TEST_STEP][PASSED] - Statement - counter = counter + 1: null

2019-01-03 21:00:13 - [TEST_STEP][PASSED] - Statement - PreSaveFile = new java.io.File(((pathPrefix + java.lang.Integer.toString(counter)) + .png)): null

2019-01-03 21:00:13 - [TEST_STEP][PASSED] - Statement - counter = counter + 1: null

2019-01-03 21:00:13 - [TEST_STEP][PASSED] - Statement - PreSaveFile = new java.io.File(((pathPrefix + java.lang.Integer.toString(counter)) + .png)): null

2019-01-03 21:00:13 - [TEST_STEP][PASSED] - Statement - counter = counter + 1: null

2019-01-03 21:00:13 - [TEST_STEP][PASSED] - Statement - PreSaveFile = new java.io.File(((pathPrefix + java.lang.Integer.toString(counter)) + .png)): null

2019-01-03 21:00:13 - [TEST_STEP][PASSED] - Statement - counter = counter + 1: null

2019-01-03 21:00:13 - [TEST_STEP][PASSED] - Statement - PreSaveFile = new java.io.File(((pathPrefix + java.lang.Integer.toString(counter)) + .png)): null

2019-01-03 21:00:13 - [TEST_STEP][PASSED] - Statement - counter = counter + 1: null

2019-01-03 21:00:13 - [TEST_STEP][PASSED] - Statement - PreSaveFile = new java.io.File(((pathPrefix + java.lang.Integer.toString(counter)) + .png)): null

2019-01-03 21:00:13 - [TEST_STEP][PASSED] - Statement - counter = counter + 1: null

2019-01-03 21:00:13 - [TEST_STEP][PASSED] - Statement - PreSaveFile = new java.io.File(((pathPrefix + java.lang.Integer.toString(counter)) + .png)): null

2019-01-03 21:00:13 - [TEST_STEP][PASSED] - Statement - counter = counter + 1: null

2019-01-03 21:00:13 - [TEST_STEP][PASSED] - Statement - PreSaveFile = new java.io.File(((pathPrefix + java.lang.Integer.toString(counter)) + .png)): null

2019-01-03 21:00:13 - [TEST_STEP][PASSED] - Statement - counter = counter + 1: null

2019-01-03 21:00:14 - [TEST_STEP][PASSED] - Statement - PreSaveFile = new java.io.File(((pathPrefix + java.lang.Integer.toString(counter)) + .png)): null

2019-01-03 21:00:14 - [TEST_STEP][PASSED] - Statement - counter = counter + 1: null

2019-01-03 21:00:14 - [TEST_STEP][PASSED] - Statement - PreSaveFile = new java.io.File(((pathPrefix + java.lang.Integer.toString(counter)) + .png)): null

2019-01-03 21:00:14 - [TEST_STEP][PASSED] - Statement - counter = counter + 1: null

2019-01-03 21:00:14 - [TEST_STEP][PASSED] - Statement - PreSaveFile = new java.io.File(((pathPrefix + java.lang.Integer.toString(counter)) + .png)): null

2019-01-03 21:00:14 - [TEST_STEP][PASSED] - Statement - counter = counter + 1: null

2019-01-03 21:00:14 - [TEST_STEP][PASSED] - Statement - PreSaveFile = new java.io.File(((pathPrefix + java.lang.Integer.toString(counter)) + .png)): null

2019-01-03 21:00:14 - [TEST_STEP][PASSED] - Statement - counter = counter + 1: null

2019-01-03 21:00:14 - [TEST_STEP][PASSED] - Statement - PreSaveFile = new java.io.File(((pathPrefix + java.lang.Integer.toString(counter)) + .png)): null

2019-01-03 21:00:14 - [TEST_STEP][PASSED] - Statement - counter = counter + 1: null

2019-01-03 21:00:14 - [TEST_STEP][PASSED] - Statement - PreSaveFile = new java.io.File(((pathPrefix + java.lang.Integer.toString(counter)) + .png)): null

2019-01-03 21:00:14 - [TEST_STEP][PASSED] - Statement - counter = counter + 1: null

2019-01-03 21:00:14 - [TEST_STEP][PASSED] - Statement - PreSaveFile = new java.io.File(((pathPrefix + java.lang.Integer.toString(counter)) + .png)): null

2019-01-03 21:00:14 - [TEST_STEP][PASSED] - Statement - counter = counter + 1: null

2019-01-03 21:00:14 - [TEST_STEP][PASSED] - Statement - PreSaveFile = new java.io.File(((pathPrefix + java.lang.Integer.toString(counter)) + .png)): null

2019-01-03 21:00:14 - [TEST_STEP][PASSED] - Statement - counter = counter + 1: null

2019-01-03 21:00:14 - [TEST_STEP][PASSED] - Statement - PreSaveFile = new java.io.File(((pathPrefix + java.lang.Integer.toString(counter)) + .png)): null

2019-01-03 21:00:14 - [TEST_STEP][PASSED] - Statement - counter = counter + 1: null

2019-01-03 21:00:14 - [TEST_STEP][PASSED] - Statement - PreSaveFile = new java.io.File(((pathPrefix + java.lang.Integer.toString(counter)) + .png)): null

2019-01-03 21:00:14 - [TEST_STEP][PASSED] - Statement - counter = counter + 1: null

2019-01-03 21:00:14 - [TEST_STEP][PASSED] - Statement - PreSaveFile = new java.io.File(((pathPrefix + java.lang.Integer.toString(counter)) + .png)): null

2019-01-03 21:00:14 - [TEST_STEP][PASSED] - Statement - counter = counter + 1: null

2019-01-03 21:00:14 - [TEST_STEP][PASSED] - Statement - PreSaveFile = new java.io.File(((pathPrefix + java.lang.Integer.toString(counter)) + .png)): null

2019-01-03 21:00:14 - [TEST_STEP][PASSED] - Statement - counter = counter + 1: null

2019-01-03 21:00:14 - [TEST_STEP][PASSED] - Statement - PreSaveFile = new java.io.File(((pathPrefix + java.lang.Integer.toString(counter)) + .png)): null

2019-01-03 21:00:14 - [TEST_STEP][PASSED] - Statement - counter = counter + 1: null

2019-01-03 21:00:14 - [TEST_STEP][PASSED] - Statement - PreSaveFile = new java.io.File(((pathPrefix + java.lang.Integer.toString(counter)) + .png)): null

2019-01-03 21:00:14 - [TEST_STEP][PASSED] - Statement - counter = counter + 1: null

2019-01-03 21:00:14 - [TEST_STEP][PASSED] - Statement - PreSaveFile = new java.io.File(((pathPrefix + java.lang.Integer.toString(counter)) + .png)): null

2019-01-03 21:00:14 - [TEST_STEP][PASSED] - Statement - counter = counter + 1: null

2019-01-03 21:00:14 - [TEST_STEP][PASSED] - Statement - PreSaveFile = new java.io.File(((pathPrefix + java.lang.Integer.toString(counter)) + .png)): null

2019-01-03 21:00:14 - [TEST_STEP][PASSED] - Statement - counter = counter + 1: null

2019-01-03 21:00:14 - [TEST_STEP][PASSED] - Statement - PreSaveFile = new java.io.File(((pathPrefix + java.lang.Integer.toString(counter)) + .png)): null

2019-01-03 21:00:14 - [TEST_STEP][PASSED] - Statement - counter = counter + 1: null

2019-01-03 21:00:14 - [TEST_STEP][PASSED] - Statement - PreSaveFile = new java.io.File(((pathPrefix + java.lang.Integer.toString(counter)) + .png)): null

2019-01-03 21:00:14 - [TEST_STEP][PASSED] - Statement - counter = counter + 1: null

2019-01-03 21:00:14 - [TEST_STEP][PASSED] - Statement - PreSaveFile = new java.io.File(((pathPrefix + java.lang.Integer.toString(counter)) + .png)): null

2019-01-03 21:00:14 - [TEST_STEP][PASSED] - Statement - counter = counter + 1: null

2019-01-03 21:00:14 - [TEST_STEP][PASSED] - Statement - PreSaveFile = new java.io.File(((pathPrefix + java.lang.Integer.toString(counter)) + .png)): null

2019-01-03 21:00:14 - [TEST_STEP][PASSED] - Statement - counter = counter + 1: null

2019-01-03 21:00:14 - [TEST_STEP][PASSED] - Statement - PreSaveFile = new java.io.File(((pathPrefix + java.lang.Integer.toString(counter)) + .png)): null

2019-01-03 21:00:14 - [TEST_STEP][PASSED] - Statement - counter = counter + 1: null

2019-01-03 21:00:14 - [TEST_STEP][PASSED] - Statement - PreSaveFile = new java.io.File(((pathPrefix + java.lang.Integer.toString(counter)) + .png)): null

2019-01-03 21:00:14 - [TEST_STEP][PASSED] - Statement - counter = counter + 1: null

2019-01-03 21:00:14 - [TEST_STEP][PASSED] - Statement - PreSaveFile = new java.io.File(((pathPrefix + java.lang.Integer.toString(counter)) + .png)): null

2019-01-03 21:00:14 - [TEST_STEP][PASSED] - Statement - counter = counter + 1: null

2019-01-03 21:00:14 - [TEST_STEP][PASSED] - Statement - PreSaveFile = new java.io.File(((pathPrefix + java.lang.Integer.toString(counter)) + .png)): null

2019-01-03 21:00:14 - [TEST_STEP][PASSED] - Statement - counter = counter + 1: null

2019-01-03 21:00:14 - [TEST_STEP][PASSED] - Statement - PreSaveFile = new java.io.File(((pathPrefix + java.lang.Integer.toString(counter)) + .png)): null

2019-01-03 21:00:14 - [TEST_STEP][PASSED] - Statement - counter = counter + 1: null

2019-01-03 21:00:14 - [TEST_STEP][PASSED] - Statement - PreSaveFile = new java.io.File(((pathPrefix + java.lang.Integer.toString(counter)) + .png)): null

2019-01-03 21:00:14 - [TEST_STEP][PASSED] - Statement - counter = counter + 1: null

2019-01-03 21:00:14 - [TEST_STEP][PASSED] - Statement - PreSaveFile = new java.io.File(((pathPrefix + java.lang.Integer.toString(counter)) + .png)): null

2019-01-03 21:00:14 - [TEST_STEP][PASSED] - Statement - counter = counter + 1: null

2019-01-03 21:00:14 - [TEST_STEP][PASSED] - Statement - PreSaveFile = new java.io.File(((pathPrefix + java.lang.Integer.toString(counter)) + .png)): null

2019-01-03 21:00:14 - [TEST_STEP][PASSED] - Statement - counter = counter + 1: null

2019-01-03 21:00:14 - [TEST_STEP][PASSED] - Statement - PreSaveFile = new java.io.File(((pathPrefix + java.lang.Integer.toString(counter)) + .png)): null

2019-01-03 21:00:14 - [TEST_STEP][PASSED] - Statement - counter = counter + 1: null

2019-01-03 21:00:14 - [TEST_STEP][PASSED] - Statement - PreSaveFile = new java.io.File(((pathPrefix + java.lang.Integer.toString(counter)) + .png)): null

2019-01-03 21:00:14 - [TEST_STEP][PASSED] - Statement - counter = counter + 1: null

2019-01-03 21:00:14 - [TEST_STEP][PASSED] - Statement - PreSaveFile = new java.io.File(((pathPrefix + java.lang.Integer.toString(counter)) + .png)): null

2019-01-03 21:00:14 - [TEST_STEP][PASSED] - Statement - counter = counter + 1: null

2019-01-03 21:00:14 - [TEST_STEP][PASSED] - Statement - PreSaveFile = new java.io.File(((pathPrefix + java.lang.Integer.toString(counter)) + .png)): null

2019-01-03 21:00:14 - [TEST_STEP][PASSED] - Statement - counter = counter + 1: null

2019-01-03 21:00:14 - [TEST_STEP][PASSED] - Statement - PreSaveFile = new java.io.File(((pathPrefix + java.lang.Integer.toString(counter)) + .png)): null

2019-01-03 21:00:14 - [TEST_STEP][PASSED] - Statement - counter = counter + 1: null

2019-01-03 21:00:14 - [TEST_STEP][PASSED] - Statement - PreSaveFile = new java.io.File(((pathPrefix + java.lang.Integer.toString(counter)) + .png)): null

2019-01-03 21:00:14 - [TEST_STEP][PASSED] - Statement - counter = counter + 1: null

2019-01-03 21:00:14 - [TEST_STEP][PASSED] - Statement - PreSaveFile = new java.io.File(((pathPrefix + java.lang.Integer.toString(counter)) + .png)): null

2019-01-03 21:00:14 - [TEST_STEP][PASSED] - Statement - counter = counter + 1: null

2019-01-03 21:00:14 - [TEST_STEP][PASSED] - Statement - PreSaveFile = new java.io.File(((pathPrefix + java.lang.Integer.toString(counter)) + .png)): null

2019-01-03 21:00:14 - [TEST_STEP][PASSED] - Statement - counter = counter + 1: null

2019-01-03 21:00:14 - [TEST_STEP][PASSED] - Statement - PreSaveFile = new java.io.File(((pathPrefix + java.lang.Integer.toString(counter)) + .png)): null

2019-01-03 21:00:14 - [TEST_STEP][PASSED] - Statement - counter = counter + 1: null

2019-01-03 21:00:14 - [TEST_STEP][PASSED] - Statement - PreSaveFile = new java.io.File(((pathPrefix + java.lang.Integer.toString(counter)) + .png)): null

2019-01-03 21:00:14 - [TEST_STEP][PASSED] - Statement - counter = counter + 1: null

2019-01-03 21:00:14 - [TEST_STEP][PASSED] - Statement - PreSaveFile = new java.io.File(((pathPrefix + java.lang.Integer.toString(counter)) + .png)): null

2019-01-03 21:00:14 - [TEST_STEP][PASSED] - Statement - counter = counter + 1: null

2019-01-03 21:00:14 - [TEST_STEP][PASSED] - Statement - PreSaveFile = new java.io.File(((pathPrefix + java.lang.Integer.toString(counter)) + .png)): null

2019-01-03 21:00:14 - [TEST_STEP][PASSED] - Statement - counter = counter + 1: null

2019-01-03 21:00:14 - [TEST_STEP][PASSED] - Statement - PreSaveFile = new java.io.File(((pathPrefix + java.lang.Integer.toString(counter)) + .png)): null

2019-01-03 21:00:14 - [TEST_STEP][PASSED] - Statement - counter = counter + 1: null

2019-01-03 21:00:14 - [TEST_STEP][PASSED] - Statement - PreSaveFile = new java.io.File(((pathPrefix + java.lang.Integer.toString(counter)) + .png)): null

2019-01-03 21:00:14 - [TEST_STEP][PASSED] - Statement - counter = counter + 1: null

2019-01-03 21:00:14 - [TEST_STEP][PASSED] - Statement - PreSaveFile = new java.io.File(((pathPrefix + java.lang.Integer.toString(counter)) + .png)): null

2019-01-03 21:00:14 - [TEST_STEP][PASSED] - Statement - counter = counter + 1: null

2019-01-03 21:00:14 - [TEST_STEP][PASSED] - Statement - PreSaveFile = new java.io.File(((pathPrefix + java.lang.Integer.toString(counter)) + .png)): null

2019-01-03 21:00:14 - [TEST_STEP][PASSED] - Statement - counter = counter + 1: null

2019-01-03 21:00:14 - [TEST_STEP][PASSED] - Statement - PreSaveFile = new java.io.File(((pathPrefix + java.lang.Integer.toString(counter)) + .png)): null

2019-01-03 21:00:14 - [TEST_STEP][PASSED] - Statement - counter = counter + 1: null

2019-01-03 21:00:14 - [TEST_STEP][PASSED] - Statement - PreSaveFile = new java.io.File(((pathPrefix + java.lang.Integer.toString(counter)) + .png)): null

2019-01-03 21:00:14 - [TEST_STEP][PASSED] - Statement - counter = counter + 1: null

2019-01-03 21:00:14 - [TEST_STEP][PASSED] - Statement - PreSaveFile = new java.io.File(((pathPrefix + java.lang.Integer.toString(counter)) + .png)): null

2019-01-03 21:00:14 - [TEST_STEP][PASSED] - Statement - counter = counter + 1: null

2019-01-03 21:00:14 - [TEST_STEP][PASSED] - Statement - PreSaveFile = new java.io.File(((pathPrefix + java.lang.Integer.toString(counter)) + .png)): null

2019-01-03 21:00:14 - [TEST_STEP][PASSED] - Statement - counter = counter + 1: null

2019-01-03 21:00:14 - [TEST_STEP][PASSED] - Statement - PreSaveFile = new java.io.File(((pathPrefix + java.lang.Integer.toString(counter)) + .png)): null

2019-01-03 21:00:14 - [TEST_STEP][PASSED] - Statement - counter = counter + 1: null

2019-01-03 21:00:14 - [TEST_STEP][PASSED] - Statement - PreSaveFile = new java.io.File(((pathPrefix + java.lang.Integer.toString(counter)) + .png)): null

2019-01-03 21:00:14 - [TEST_STEP][PASSED] - Statement - counter = counter + 1: null

2019-01-03 21:00:14 - [TEST_STEP][PASSED] - Statement - PreSaveFile = new java.io.File(((pathPrefix + java.lang.Integer.toString(counter)) + .png)): null

2019-01-03 21:00:14 - [TEST_STEP][PASSED] - Statement - counter = counter + 1: null

2019-01-03 21:00:14 - [TEST_STEP][PASSED] - Statement - PreSaveFile = new java.io.File(((pathPrefix + java.lang.Integer.toString(counter)) + .png)): null

2019-01-03 21:00:14 - [TEST_STEP][PASSED] - Statement - counter = counter + 1: null

2019-01-03 21:00:14 - [TEST_STEP][PASSED] - Statement - PreSaveFile = new java.io.File(((pathPrefix + java.lang.Integer.toString(counter)) + .png)): null

2019-01-03 21:00:14 - [TEST_STEP][PASSED] - Statement - counter = counter + 1: null

2019-01-03 21:00:14 - [TEST_STEP][PASSED] - Statement - PreSaveFile = new java.io.File(((pathPrefix + java.lang.Integer.toString(counter)) + .png)): null

2019-01-03 21:00:14 - [TEST_STEP][PASSED] - Statement - counter = counter + 1: null

2019-01-03 21:00:14 - [TEST_STEP][PASSED] - Statement - PreSaveFile = new java.io.File(((pathPrefix + java.lang.Integer.toString(counter)) + .png)): null

2019-01-03 21:00:14 - [TEST_STEP][PASSED] - Statement - counter = counter + 1: null

2019-01-03 21:00:14 - [TEST_STEP][PASSED] - Statement - PreSaveFile = new java.io.File(((pathPrefix + java.lang.Integer.toString(counter)) + .png)): null

2019-01-03 21:00:14 - [TEST_STEP][PASSED] - Statement - counter = counter + 1: null

2019-01-03 21:00:14 - [TEST_STEP][PASSED] - Statement - PreSaveFile = new java.io.File(((pathPrefix + java.lang.Integer.toString(counter)) + .png)): null

2019-01-03 21:00:14 - [TEST_STEP][PASSED] - Statement - counter = counter + 1: null

2019-01-03 21:00:14 - [TEST_STEP][PASSED] - Statement - PreSaveFile = new java.io.File(((pathPrefix + java.lang.Integer.toString(counter)) + .png)): null

2019-01-03 21:00:14 - [TEST_STEP][PASSED] - Statement - counter = counter + 1: null

2019-01-03 21:00:14 - [TEST_STEP][PASSED] - Statement - PreSaveFile = new java.io.File(((pathPrefix + java.lang.Integer.toString(counter)) + .png)): null

2019-01-03 21:00:14 - [TEST_STEP][PASSED] - Statement - counter = counter + 1: null

2019-01-03 21:00:14 - [TEST_STEP][PASSED] - Statement - PreSaveFile = new java.io.File(((pathPrefix + java.lang.Integer.toString(counter)) + .png)): null

2019-01-03 21:00:14 - [TEST_STEP][PASSED] - Statement - counter = counter + 1: null

2019-01-03 21:00:14 - [TEST_STEP][PASSED] - Statement - PreSaveFile = new java.io.File(((pathPrefix + java.lang.Integer.toString(counter)) + .png)): null

2019-01-03 21:00:14 - [TEST_STEP][PASSED] - Statement - counter = counter + 1: null

2019-01-03 21:00:14 - [TEST_STEP][PASSED] - Statement - PreSaveFile = new java.io.File(((pathPrefix + java.lang.Integer.toString(counter)) + .png)): null

2019-01-03 21:00:14 - [TEST_STEP][PASSED] - Statement - counter = counter + 1: null

2019-01-03 21:00:14 - [TEST_STEP][PASSED] - Statement - PreSaveFile = new java.io.File(((pathPrefix + java.lang.Integer.toString(counter)) + .png)): null

2019-01-03 21:00:14 - [TEST_STEP][PASSED] - Statement - counter = counter + 1: null

2019-01-03 21:00:14 - [TEST_STEP][PASSED] - Statement - PreSaveFile = new java.io.File(((pathPrefix + java.lang.Integer.toString(counter)) + .png)): null

2019-01-03 21:00:14 - [TEST_STEP][PASSED] - Statement - counter = counter + 1: null

2019-01-03 21:00:14 - [TEST_STEP][PASSED] - Statement - PreSaveFile = new java.io.File(((pathPrefix + java.lang.Integer.toString(counter)) + .png)): null

2019-01-03 21:00:14 - [TEST_STEP][PASSED] - Statement - counter = counter + 1: null

2019-01-03 21:00:14 - [TEST_STEP][PASSED] - Statement - PreSaveFile = new java.io.File(((pathPrefix + java.lang.Integer.toString(counter)) + .png)): null

2019-01-03 21:00:14 - [TEST_STEP][PASSED] - Statement - counter = counter + 1: null

2019-01-03 21:00:14 - [TEST_STEP][PASSED] - Statement - PreSaveFile = new java.io.File(((pathPrefix + java.lang.Integer.toString(counter)) + .png)): null

2019-01-03 21:00:14 - [TEST_STEP][PASSED] - Statement - counter = counter + 1: null

2019-01-03 21:00:14 - [TEST_STEP][PASSED] - Statement - PreSaveFile = new java.io.File(((pathPrefix + java.lang.Integer.toString(counter)) + .png)): null

2019-01-03 21:00:14 - [TEST_STEP][PASSED] - Statement - counter = counter + 1: null

2019-01-03 21:00:14 - [TEST_STEP][PASSED] - Statement - PreSaveFile = new java.io.File(((pathPrefix + java.lang.Integer.toString(counter)) + .png)): null

2019-01-03 21:00:14 - [TEST_STEP][PASSED] - Statement - counter = counter + 1: null

2019-01-03 21:00:14 - [TEST_STEP][PASSED] - Statement - PreSaveFile = new java.io.File(((pathPrefix + java.lang.Integer.toString(counter)) + .png)): null

2019-01-03 21:00:14 - [TEST_STEP][PASSED] - Statement - counter = counter + 1: null

2019-01-03 21:00:14 - [TEST_STEP][PASSED] - Statement - PreSaveFile = new java.io.File(((pathPrefix + java.lang.Integer.toString(counter)) + .png)): null

2019-01-03 21:00:14 - [TEST_STEP][PASSED] - Statement - counter = counter + 1: null

2019-01-03 21:00:14 - [TEST_STEP][PASSED] - Statement - PreSaveFile = new java.io.File(((pathPrefix + java.lang.Integer.toString(counter)) + .png)): null

2019-01-03 21:00:14 - [TEST_STEP][PASSED] - Statement - counter = counter + 1: null

2019-01-03 21:00:14 - [TEST_STEP][PASSED] - Statement - PreSaveFile = new java.io.File(((pathPrefix + java.lang.Integer.toString(counter)) + .png)): null

2019-01-03 21:00:14 - [TEST_STEP][PASSED] - Statement - counter = counter + 1: null

2019-01-03 21:00:14 - [TEST_STEP][PASSED] - Statement - PreSaveFile = new java.io.File(((pathPrefix + java.lang.Integer.toString(counter)) + .png)): null

2019-01-03 21:00:14 - [TEST_STEP][PASSED] - Statement - counter = counter + 1: null

2019-01-03 21:00:14 - [TEST_STEP][PASSED] - Statement - PreSaveFile = new java.io.File(((pathPrefix + java.lang.Integer.toString(counter)) + .png)): null

2019-01-03 21:00:14 - [TEST_STEP][PASSED] - Statement - counter = counter + 1: null

2019-01-03 21:00:14 - [TEST_STEP][PASSED] - Statement - PreSaveFile = new java.io.File(((pathPrefix + java.lang.Integer.toString(counter)) + .png)): null

2019-01-03 21:00:14 - [TEST_STEP][PASSED] - Statement - counter = counter + 1: null

2019-01-03 21:00:14 - [TEST_STEP][PASSED] - Statement - PreSaveFile = new java.io.File(((pathPrefix + java.lang.Integer.toString(counter)) + .png)): null

2019-01-03 21:00:14 - [TEST_STEP][PASSED] - Statement - counter = counter + 1: null

2019-01-03 21:00:14 - [TEST_STEP][PASSED] - Statement - PreSaveFile = new java.io.File(((pathPrefix + java.lang.Integer.toString(counter)) + .png)): null

2019-01-03 21:00:14 - [TEST_STEP][PASSED] - Statement - counter = counter + 1: null

2019-01-03 21:00:14 - [TEST_STEP][PASSED] - Statement - PreSaveFile = new java.io.File(((pathPrefix + java.lang.Integer.toString(counter)) + .png)): null

2019-01-03 21:00:14 - [TEST_STEP][PASSED] - Statement - counter = counter + 1: null

2019-01-03 21:00:14 - [TEST_STEP][PASSED] - Statement - PreSaveFile = new java.io.File(((pathPrefix + java.lang.Integer.toString(counter)) + .png)): null

2019-01-03 21:00:14 - [TEST_STEP][PASSED] - Statement - counter = counter + 1: null

2019-01-03 21:00:14 - [TEST_STEP][PASSED] - Statement - PreSaveFile = new java.io.File(((pathPrefix + java.lang.Integer.toString(counter)) + .png)): null

2019-01-03 21:00:14 - [TEST_STEP][PASSED] - Statement - counter = counter + 1: null

2019-01-03 21:00:14 - [TEST_STEP][PASSED] - Statement - PreSaveFile = new java.io.File(((pathPrefix + java.lang.Integer.toString(counter)) + .png)): null

2019-01-03 21:00:14 - [TEST_STEP][PASSED] - Statement - counter = counter + 1: null

2019-01-03 21:00:14 - [TEST_STEP][PASSED] - Statement - PreSaveFile = new java.io.File(((pathPrefix + java.lang.Integer.toString(counter)) + .png)): null

2019-01-03 21:00:14 - [TEST_STEP][PASSED] - Statement - counter = counter + 1: null

2019-01-03 21:00:14 - [TEST_STEP][PASSED] - Statement - PreSaveFile = new java.io.File(((pathPrefix + java.lang.Integer.toString(counter)) + .png)): null

2019-01-03 21:00:14 - [TEST_STEP][PASSED] - Statement - counter = counter + 1: null

2019-01-03 21:00:14 - [TEST_STEP][PASSED] - Statement - PreSaveFile = new java.io.File(((pathPrefix + java.lang.Integer.toString(counter)) + .png)): null

2019-01-03 21:00:14 - [TEST_STEP][PASSED] - Statement - counter = counter + 1: null

2019-01-03 21:00:14 - [TEST_STEP][PASSED] - Statement - PreSaveFile = new java.io.File(((pathPrefix + java.lang.Integer.toString(counter)) + .png)): null

2019-01-03 21:00:14 - [TEST_STEP][PASSED] - Statement - counter = counter + 1: null

2019-01-03 21:00:14 - [TEST_STEP][PASSED] - Statement - PreSaveFile = new java.io.File(((pathPrefix + java.lang.Integer.toString(counter)) + .png)): null

2019-01-03 21:00:14 - [TEST_STEP][PASSED] - Statement - counter = counter + 1: null

2019-01-03 21:00:14 - [TEST_STEP][PASSED] - Statement - PreSaveFile = new java.io.File(((pathPrefix + java.lang.Integer.toString(counter)) + .png)): null

2019-01-03 21:00:14 - [TEST_STEP][PASSED] - Statement - counter = counter + 1: null

2019-01-03 21:00:14 - [TEST_STEP][PASSED] - Statement - PreSaveFile = new java.io.File(((pathPrefix + java.lang.Integer.toString(counter)) + .png)): null

2019-01-03 21:00:14 - [TEST_STEP][PASSED] - Statement - counter = counter + 1: null

2019-01-03 21:00:14 - [TEST_STEP][PASSED] - Statement - PreSaveFile = new java.io.File(((pathPrefix + java.lang.Integer.toString(counter)) + .png)): null

2019-01-03 21:00:14 - [TEST_STEP][PASSED] - Statement - counter = counter + 1: null

2019-01-03 21:00:14 - [TEST_STEP][PASSED] - Statement - PreSaveFile = new java.io.File(((pathPrefix + java.lang.Integer.toString(counter)) + .png)): null

2019-01-03 21:00:14 - [TEST_STEP][PASSED] - Statement - counter = counter + 1: null

2019-01-03 21:00:14 - [TEST_STEP][PASSED] - Statement - PreSaveFile = new java.io.File(((pathPrefix + java.lang.Integer.toString(counter)) + .png)): null

2019-01-03 21:00:14 - [TEST_STEP][PASSED] - Statement - counter = counter + 1: null

2019-01-03 21:00:14 - [TEST_STEP][PASSED] - Statement - PreSaveFile = new java.io.File(((pathPrefix + java.lang.Integer.toString(counter)) + .png)): null

2019-01-03 21:00:14 - [TEST_STEP][PASSED] - Statement - counter = counter + 1: null

2019-01-03 21:00:14 - [TEST_STEP][PASSED] - Statement - PreSaveFile = new java.io.File(((pathPrefix + java.lang.Integer.toString(counter)) + .png)): null

2019-01-03 21:00:14 - [TEST_STEP][PASSED] - Statement - counter = counter + 1: null

2019-01-03 21:00:14 - [TEST_STEP][PASSED] - Statement - PreSaveFile = new java.io.File(((pathPrefix + java.lang.Integer.toString(counter)) + .png)): null

2019-01-03 21:00:14 - [TEST_STEP][PASSED] - Statement - counter = counter + 1: null

2019-01-03 21:00:14 - [TEST_STEP][PASSED] - Statement - PreSaveFile = new java.io.File(((pathPrefix + java.lang.Integer.toString(counter)) + .png)): null

2019-01-03 21:00:14 - [TEST_STEP][PASSED] - Statement - counter = counter + 1: null

2019-01-03 21:00:14 - [TEST_STEP][PASSED] - Statement - PreSaveFile = new java.io.File(((pathPrefix + java.lang.Integer.toString(counter)) + .png)): null

2019-01-03 21:00:14 - [TEST_STEP][PASSED] - Statement - counter = counter + 1: null

2019-01-03 21:00:14 - [TEST_STEP][PASSED] - Statement - PreSaveFile = new java.io.File(((pathPrefix + java.lang.Integer.toString(counter)) + .png)): null

2019-01-03 21:00:14 - [TEST_STEP][PASSED] - Statement - counter = counter + 1: null

2019-01-03 21:00:14 - [TEST_STEP][PASSED] - Statement - PreSaveFile = new java.io.File(((pathPrefix + java.lang.Integer.toString(counter)) + .png)): null

2019-01-03 21:00:14 - [TEST_STEP][PASSED] - Statement - counter = counter + 1: null

2019-01-03 21:00:14 - [TEST_STEP][PASSED] - Statement - PreSaveFile = new java.io.File(((pathPrefix + java.lang.Integer.toString(counter)) + .png)): null

2019-01-03 21:00:14 - [TEST_STEP][PASSED] - Statement - counter = counter + 1: null

2019-01-03 21:00:14 - [TEST_STEP][PASSED] - Statement - PreSaveFile = new java.io.File(((pathPrefix + java.lang.Integer.toString(counter)) + .png)): null

2019-01-03 21:00:14 - [TEST_STEP][PASSED] - Statement - counter = counter + 1: null

2019-01-03 21:00:14 - [TEST_STEP][PASSED] - Statement - PreSaveFile = new java.io.File(((pathPrefix + java.lang.Integer.toString(counter)) + .png)): null

2019-01-03 21:00:14 - [TEST_STEP][PASSED] - Statement - counter = counter + 1: null

2019-01-03 21:00:14 - [TEST_STEP][PASSED] - Statement - PreSaveFile = new java.io.File(((pathPrefix + java.lang.Integer.toString(counter)) + .png)): null

2019-01-03 21:00:14 - [TEST_STEP][PASSED] - Statement - counter = counter + 1: null

2019-01-03 21:00:14 - [TEST_STEP][PASSED] - Statement - PreSaveFile = new java.io.File(((pathPrefix + java.lang.Integer.toString(counter)) + .png)): null

2019-01-03 21:00:14 - [TEST_STEP][PASSED] - Statement - counter = counter + 1: null

2019-01-03 21:00:14 - [TEST_STEP][PASSED] - Statement - PreSaveFile = new java.io.File(((pathPrefix + java.lang.Integer.toString(counter)) + .png)): null

2019-01-03 21:00:14 - [TEST_STEP][PASSED] - Statement - counter = counter + 1: null

2019-01-03 21:00:14 - [TEST_STEP][PASSED] - Statement - PreSaveFile = new java.io.File(((pathPrefix + java.lang.Integer.toString(counter)) + .png)): null

2019-01-03 21:00:14 - [TEST_STEP][PASSED] - Statement - counter = counter + 1: null

2019-01-03 21:00:14 - [TEST_STEP][PASSED] - Statement - PreSaveFile = new java.io.File(((pathPrefix + java.lang.Integer.toString(counter)) + .png)): null

2019-01-03 21:00:14 - [TEST_STEP][PASSED] - Statement - counter = counter + 1: null

2019-01-03 21:00:14 - [TEST_STEP][PASSED] - Statement - PreSaveFile = new java.io.File(((pathPrefix + java.lang.Integer.toString(counter)) + .png)): null

2019-01-03 21:00:14 - [TEST_STEP][PASSED] - Statement - counter = counter + 1: null

2019-01-03 21:00:14 - [TEST_STEP][PASSED] - Statement - PreSaveFile = new java.io.File(((pathPrefix + java.lang.Integer.toString(counter)) + .png)): null

2019-01-03 21:00:14 - [TEST_STEP][PASSED] - Statement - counter = counter + 1: null

2019-01-03 21:00:14 - [TEST_STEP][PASSED] - Statement - PreSaveFile = new java.io.File(((pathPrefix + java.lang.Integer.toString(counter)) + .png)): null

2019-01-03 21:00:14 - [TEST_STEP][PASSED] - Statement - counter = counter + 1: null

2019-01-03 21:00:14 - [TEST_STEP][PASSED] - Statement - PreSaveFile = new java.io.File(((pathPrefix + java.lang.Integer.toString(counter)) + .png)): null

2019-01-03 21:00:14 - [TEST_STEP][PASSED] - Statement - counter = counter + 1: null

2019-01-03 21:00:14 - [TEST_STEP][PASSED] - Statement - PreSaveFile = new java.io.File(((pathPrefix + java.lang.Integer.toString(counter)) + .png)): null

2019-01-03 21:00:14 - [TEST_STEP][PASSED] - Statement - counter = counter + 1: null

2019-01-03 21:00:14 - [TEST_STEP][PASSED] - Statement - PreSaveFile = new java.io.File(((pathPrefix + java.lang.Integer.toString(counter)) + .png)): null

2019-01-03 21:00:14 - [TEST_STEP][PASSED] - Statement - counter = counter + 1: null

2019-01-03 21:00:14 - [TEST_STEP][PASSED] - Statement - PreSaveFile = new java.io.File(((pathPrefix + java.lang.Integer.toString(counter)) + .png)): null

2019-01-03 21:00:14 - [TEST_STEP][PASSED] - Statement - counter = counter + 1: null

2019-01-03 21:00:14 - [TEST_STEP][PASSED] - Statement - PreSaveFile = new java.io.File(((pathPrefix + java.lang.Integer.toString(counter)) + .png)): null

2019-01-03 21:00:14 - [TEST_STEP][PASSED] - Statement - counter = counter + 1: null

2019-01-03 21:00:14 - [TEST_STEP][PASSED] - Statement - PreSaveFile = new java.io.File(((pathPrefix + java.lang.Integer.toString(counter)) + .png)): null

2019-01-03 21:00:14 - [TEST_STEP][PASSED] - Statement - counter = counter + 1: null

2019-01-03 21:00:14 - [TEST_STEP][PASSED] - Statement - PreSaveFile = new java.io.File(((pathPrefix + java.lang.Integer.toString(counter)) + .png)): null

2019-01-03 21:00:14 - [TEST_STEP][PASSED] - Statement - counter = counter + 1: null

2019-01-03 21:00:14 - [TEST_STEP][PASSED] - Statement - PreSaveFile = new java.io.File(((pathPrefix + java.lang.Integer.toString(counter)) + .png)): null

2019-01-03 21:00:14 - [TEST_STEP][PASSED] - Statement - counter = counter + 1: null

2019-01-03 21:00:14 - [TEST_STEP][PASSED] - Statement - PreSaveFile = new java.io.File(((pathPrefix + java.lang.Integer.toString(counter)) + .png)): null

2019-01-03 21:00:14 - [TEST_STEP][PASSED] - Statement - counter = counter + 1: null

2019-01-03 21:00:14 - [TEST_STEP][PASSED] - Statement - PreSaveFile = new java.io.File(((pathPrefix + java.lang.Integer.toString(counter)) + .png)): null

2019-01-03 21:00:14 - [TEST_STEP][PASSED] - Statement - counter = counter + 1: null

2019-01-03 21:00:14 - [TEST_STEP][PASSED] - Statement - PreSaveFile = new java.io.File(((pathPrefix + java.lang.Integer.toString(counter)) + .png)): null

2019-01-03 21:00:14 - [TEST_STEP][PASSED] - Statement - counter = counter + 1: null

2019-01-03 21:00:14 - [TEST_STEP][PASSED] - Statement - PreSaveFile = new java.io.File(((pathPrefix + java.lang.Integer.toString(counter)) + .png)): null

2019-01-03 21:00:14 - [TEST_STEP][PASSED] - Statement - counter = counter + 1: null

2019-01-03 21:00:14 - [TEST_STEP][PASSED] - Statement - PreSaveFile = new java.io.File(((pathPrefix + java.lang.Integer.toString(counter)) + .png)): null

2019-01-03 21:00:14 - [TEST_STEP][PASSED] - Statement - counter = counter + 1: null

2019-01-03 21:00:14 - [TEST_STEP][PASSED] - Statement - PreSaveFile = new java.io.File(((pathPrefix + java.lang.Integer.toString(counter)) + .png)): null

2019-01-03 21:00:14 - [TEST_STEP][PASSED] - Statement - counter = counter + 1: null

2019-01-03 21:00:14 - [TEST_STEP][PASSED] - Statement - PreSaveFile = new java.io.File(((pathPrefix + java.lang.Integer.toString(counter)) + .png)): null

2019-01-03 21:00:14 - [TEST_STEP][PASSED] - Statement - counter = counter + 1: null

2019-01-03 21:00:14 - [TEST_STEP][PASSED] - Statement - PreSaveFile = new java.io.File(((pathPrefix + java.lang.Integer.toString(counter)) + .png)): null

2019-01-03 21:00:14 - [TEST_STEP][PASSED] - Statement - counter = counter + 1: null

2019-01-03 21:00:14 - [TEST_STEP][PASSED] - Statement - PreSaveFile = new java.io.File(((pathPrefix + java.lang.Integer.toString(counter)) + .png)): null

2019-01-03 21:00:14 - [TEST_STEP][PASSED] - Statement - counter = counter + 1: null

2019-01-03 21:00:14 - [TEST_STEP][PASSED] - Statement - PreSaveFile = new java.io.File(((pathPrefix + java.lang.Integer.toString(counter)) + .png)): null

2019-01-03 21:00:14 - [TEST_STEP][PASSED] - Statement - counter = counter + 1: null

2019-01-03 21:00:14 - [TEST_STEP][PASSED] - Statement - PreSaveFile = new java.io.File(((pathPrefix + java.lang.Integer.toString(counter)) + .png)): null

2019-01-03 21:00:14 - [TEST_STEP][PASSED] - Statement - counter = counter + 1: null

2019-01-03 21:00:14 - [TEST_STEP][PASSED] - Statement - PreSaveFile = new java.io.File(((pathPrefix + java.lang.Integer.toString(counter)) + .png)): null

2019-01-03 21:00:14 - [TEST_STEP][PASSED] - Statement - counter = counter + 1: null

2019-01-03 21:00:14 - [TEST_STEP][PASSED] - Statement - PreSaveFile = new java.io.File(((pathPrefix + java.lang.Integer.toString(counter)) + .png)): null

2019-01-03 21:00:14 - [TEST_STEP][PASSED] - Statement - counter = counter + 1: null

2019-01-03 21:00:14 - [TEST_STEP][PASSED] - Statement - PreSaveFile = new java.io.File(((pathPrefix + java.lang.Integer.toString(counter)) + .png)): null

2019-01-03 21:00:14 - [TEST_STEP][PASSED] - Statement - counter = counter + 1: null

2019-01-03 21:00:14 - [TEST_STEP][PASSED] - Statement - PreSaveFile = new java.io.File(((pathPrefix + java.lang.Integer.toString(counter)) + .png)): null

2019-01-03 21:00:14 - [TEST_STEP][PASSED] - Statement - counter = counter + 1: null

2019-01-03 21:00:14 - [TEST_STEP][PASSED] - Statement - PreSaveFile = new java.io.File(((pathPrefix + java.lang.Integer.toString(counter)) + .png)): null

2019-01-03 21:00:14 - [TEST_STEP][PASSED] - Statement - counter = counter + 1: null

2019-01-03 21:00:14 - [TEST_STEP][PASSED] - Statement - PreSaveFile = new java.io.File(((pathPrefix + java.lang.Integer.toString(counter)) + .png)): null

2019-01-03 21:00:14 - [TEST_STEP][PASSED] - Statement - counter = counter + 1: null

2019-01-03 21:00:14 - [TEST_STEP][PASSED] - Statement - PreSaveFile = new java.io.File(((pathPrefix + java.lang.Integer.toString(counter)) + .png)): null

2019-01-03 21:00:14 - [TEST_STEP][PASSED] - Statement - counter = counter + 1: null

2019-01-03 21:00:14 - [TEST_STEP][PASSED] - Statement - PreSaveFile = new java.io.File(((pathPrefix + java.lang.Integer.toString(counter)) + .png)): null

2019-01-03 21:00:14 - [TEST_STEP][PASSED] - Statement - counter = counter + 1: null

2019-01-03 21:00:14 - [TEST_STEP][PASSED] - Statement - PreSaveFile = new java.io.File(((pathPrefix + java.lang.Integer.toString(counter)) + .png)): null

2019-01-03 21:00:14 - [TEST_STEP][PASSED] - Statement - counter = counter + 1: null

2019-01-03 21:00:14 - [TEST_STEP][PASSED] - Statement - PreSaveFile = new java.io.File(((pathPrefix + java.lang.Integer.toString(counter)) + .png)): null

2019-01-03 21:00:14 - [TEST_STEP][PASSED] - Statement - counter = counter + 1: null

2019-01-03 21:00:14 - [TEST_STEP][PASSED] - Statement - PreSaveFile = new java.io.File(((pathPrefix + java.lang.Integer.toString(counter)) + .png)): null

2019-01-03 21:00:14 - [TEST_STEP][PASSED] - Statement - counter = counter + 1: null

2019-01-03 21:00:14 - [TEST_STEP][PASSED] - Statement - PreSaveFile = new java.io.File(((pathPrefix + java.lang.Integer.toString(counter)) + .png)): null

2019-01-03 21:00:14 - [TEST_STEP][PASSED] - Statement - counter = counter + 1: null

2019-01-03 21:00:14 - [TEST_STEP][PASSED] - Statement - PreSaveFile = new java.io.File(((pathPrefix + java.lang.Integer.toString(counter)) + .png)): null

2019-01-03 21:00:14 - [TEST_STEP][PASSED] - Statement - counter = counter + 1: null

2019-01-03 21:00:14 - [TEST_STEP][PASSED] - Statement - PreSaveFile = new java.io.File(((pathPrefix + java.lang.Integer.toString(counter)) + .png)): null

2019-01-03 21:00:14 - [TEST_STEP][PASSED] - Statement - counter = counter + 1: null

2019-01-03 21:00:14 - [TEST_STEP][PASSED] - Statement - PreSaveFile = new java.io.File(((pathPrefix + java.lang.Integer.toString(counter)) + .png)): null

2019-01-03 21:00:14 - [TEST_STEP][PASSED] - Statement - counter = counter + 1: null

2019-01-03 21:00:14 - [TEST_STEP][PASSED] - Statement - PreSaveFile = new java.io.File(((pathPrefix + java.lang.Integer.toString(counter)) + .png)): null

2019-01-03 21:00:14 - [TEST_STEP][PASSED] - Statement - counter = counter + 1: null

2019-01-03 21:00:14 - [TEST_STEP][PASSED] - Statement - PreSaveFile = new java.io.File(((pathPrefix + java.lang.Integer.toString(counter)) + .png)): null

2019-01-03 21:00:14 - [TEST_STEP][PASSED] - Statement - counter = counter + 1: null

2019-01-03 21:00:14 - [TEST_STEP][PASSED] - Statement - PreSaveFile = new java.io.File(((pathPrefix + java.lang.Integer.toString(counter)) + .png)): null

2019-01-03 21:00:14 - [TEST_STEP][PASSED] - Statement - counter = counter + 1: null

2019-01-03 21:00:14 - [TEST_STEP][PASSED] - Statement - PreSaveFile = new java.io.File(((pathPrefix + java.lang.Integer.toString(counter)) + .png)): null

2019-01-03 21:00:14 - [TEST_STEP][PASSED] - Statement - counter = counter + 1: null

2019-01-03 21:00:14 - [TEST_STEP][PASSED] - Statement - PreSaveFile = new java.io.File(((pathPrefix + java.lang.Integer.toString(counter)) + .png)): null

2019-01-03 21:00:14 - [TEST_STEP][PASSED] - Statement - counter = counter + 1: null

2019-01-03 21:00:14 - [TEST_STEP][PASSED] - Statement - PreSaveFile = new java.io.File(((pathPrefix + java.lang.Integer.toString(counter)) + .png)): null

2019-01-03 21:00:14 - [TEST_STEP][PASSED] - Statement - counter = counter + 1: null

2019-01-03 21:00:14 - [TEST_STEP][PASSED] - Statement - PreSaveFile = new java.io.File(((pathPrefix + java.lang.Integer.toString(counter)) + .png)): null

2019-01-03 21:00:14 - [TEST_STEP][PASSED] - Statement - counter = counter + 1: null

2019-01-03 21:00:14 - [TEST_STEP][PASSED] - Statement - PreSaveFile = new java.io.File(((pathPrefix + java.lang.Integer.toString(counter)) + .png)): null

2019-01-03 21:00:14 - [TEST_STEP][PASSED] - Statement - counter = counter + 1: null

2019-01-03 21:00:14 - [TEST_STEP][PASSED] - Statement - PreSaveFile = new java.io.File(((pathPrefix + java.lang.Integer.toString(counter)) + .png)): null

2019-01-03 21:00:14 - [TEST_STEP][PASSED] - Statement - counter = counter + 1: null

2019-01-03 21:00:14 - [TEST_STEP][PASSED] - Statement - PreSaveFile = new java.io.File(((pathPrefix + java.lang.Integer.toString(counter)) + .png)): null

2019-01-03 21:00:14 - [TEST_STEP][PASSED] - Statement - counter = counter + 1: null

2019-01-03 21:00:14 - [TEST_STEP][PASSED] - Statement - PreSaveFile = new java.io.File(((pathPrefix + java.lang.Integer.toString(counter)) + .png)): null

2019-01-03 21:00:14 - [TEST_STEP][PASSED] - Statement - counter = counter + 1: null

2019-01-03 21:00:14 - [TEST_STEP][PASSED] - Statement - PreSaveFile = new java.io.File(((pathPrefix + java.lang.Integer.toString(counter)) + .png)): null

2019-01-03 21:00:14 - [TEST_STEP][PASSED] - Statement - counter = counter + 1: null

2019-01-03 21:00:14 - [TEST_STEP][PASSED] - Statement - PreSaveFile = new java.io.File(((pathPrefix + java.lang.Integer.toString(counter)) + .png)): null

2019-01-03 21:00:14 - [TEST_STEP][PASSED] - Statement - counter = counter + 1: null

2019-01-03 21:00:14 - [TEST_STEP][PASSED] - Statement - PreSaveFile = new java.io.File(((pathPrefix + java.lang.Integer.toString(counter)) + .png)): null

2019-01-03 21:00:14 - [TEST_STEP][PASSED] - Statement - counter = counter + 1: null

2019-01-03 21:00:14 - [TEST_STEP][PASSED] - Statement - PreSaveFile = new java.io.File(((pathPrefix + java.lang.Integer.toString(counter)) + .png)): null

2019-01-03 21:00:14 - [TEST_STEP][PASSED] - Statement - counter = counter + 1: null

2019-01-03 21:00:14 - [TEST_STEP][PASSED] - Statement - PreSaveFile = new java.io.File(((pathPrefix + java.lang.Integer.toString(counter)) + .png)): null

2019-01-03 21:00:14 - [TEST_STEP][PASSED] - Statement - counter = counter + 1: null

2019-01-03 21:00:14 - [TEST_STEP][PASSED] - Statement - PreSaveFile = new java.io.File(((pathPrefix + java.lang.Integer.toString(counter)) + .png)): null

2019-01-03 21:00:14 - [TEST_STEP][PASSED] - Statement - counter = counter + 1: null

2019-01-03 21:00:14 - [TEST_STEP][PASSED] - Statement - PreSaveFile = new java.io.File(((pathPrefix + java.lang.Integer.toString(counter)) + .png)): null

2019-01-03 21:00:14 - [TEST_STEP][PASSED] - Statement - counter = counter + 1: null

2019-01-03 21:00:14 - [TEST_STEP][PASSED] - Statement - PreSaveFile = new java.io.File(((pathPrefix + java.lang.Integer.toString(counter)) + .png)): null

2019-01-03 21:00:14 - [TEST_STEP][PASSED] - Statement - counter = counter + 1: null

2019-01-03 21:00:14 - [TEST_STEP][PASSED] - Statement - PreSaveFile = new java.io.File(((pathPrefix + java.lang.Integer.toString(counter)) + .png)): null

2019-01-03 21:00:14 - [TEST_STEP][PASSED] - Statement - counter = counter + 1: null

2019-01-03 21:00:14 - [TEST_STEP][PASSED] - Statement - PreSaveFile = new java.io.File(((pathPrefix + java.lang.Integer.toString(counter)) + .png)): null

2019-01-03 21:00:14 - [TEST_STEP][PASSED] - Statement - counter = counter + 1: null

2019-01-03 21:00:14 - [TEST_STEP][PASSED] - Statement - PreSaveFile = new java.io.File(((pathPrefix + java.lang.Integer.toString(counter)) + .png)): null

2019-01-03 21:00:14 - [TEST_STEP][PASSED] - Statement - counter = counter + 1: null

2019-01-03 21:00:14 - [TEST_STEP][PASSED] - Statement - PreSaveFile = new java.io.File(((pathPrefix + java.lang.Integer.toString(counter)) + .png)): null

2019-01-03 21:00:14 - [TEST_STEP][PASSED] - Statement - counter = counter + 1: null

2019-01-03 21:00:14 - [TEST_STEP][PASSED] - Statement - PreSaveFile = new java.io.File(((pathPrefix + java.lang.Integer.toString(counter)) + .png)): null

2019-01-03 21:00:14 - [TEST_STEP][PASSED] - Statement - counter = counter + 1: null

2019-01-03 21:00:14 - [TEST_STEP][PASSED] - Statement - PreSaveFile = new java.io.File(((pathPrefix + java.lang.Integer.toString(counter)) + .png)): null

2019-01-03 21:00:14 - [TEST_STEP][PASSED] - Statement - counter = counter + 1: null

2019-01-03 21:00:14 - [TEST_STEP][PASSED] - Statement - PreSaveFile = new java.io.File(((pathPrefix + java.lang.Integer.toString(counter)) + .png)): null

2019-01-03 21:00:14 - [TEST_STEP][PASSED] - Statement - counter = counter + 1: null

2019-01-03 21:00:14 - [TEST_STEP][PASSED] - Statement - PreSaveFile = new java.io.File(((pathPrefix + java.lang.Integer.toString(counter)) + .png)): null

2019-01-03 21:00:14 - [TEST_STEP][PASSED] - Statement - counter = counter + 1: null

2019-01-03 21:00:14 - [TEST_STEP][PASSED] - Statement - PreSaveFile = new java.io.File(((pathPrefix + java.lang.Integer.toString(counter)) + .png)): null

2019-01-03 21:00:14 - [TEST_STEP][PASSED] - Statement - counter = counter + 1: null

2019-01-03 21:00:14 - [TEST_STEP][PASSED] - Statement - PreSaveFile = new java.io.File(((pathPrefix + java.lang.Integer.toString(counter)) + .png)): null

2019-01-03 21:00:14 - [TEST_STEP][PASSED] - Statement - counter = counter + 1: null

2019-01-03 21:00:14 - [TEST_STEP][PASSED] - Statement - PreSaveFile = new java.io.File(((pathPrefix + java.lang.Integer.toString(counter)) + .png)): null

2019-01-03 21:00:14 - [TEST_STEP][PASSED] - Statement - counter = counter + 1: null

2019-01-03 21:00:14 - [TEST_STEP][PASSED] - Statement - PreSaveFile = new java.io.File(((pathPrefix + java.lang.Integer.toString(counter)) + .png)): null

2019-01-03 21:00:14 - [TEST_STEP][PASSED] - Statement - counter = counter + 1: null

2019-01-03 21:00:14 - [TEST_STEP][PASSED] - Statement - PreSaveFile = new java.io.File(((pathPrefix + java.lang.Integer.toString(counter)) + .png)): null

2019-01-03 21:00:14 - [TEST_STEP][PASSED] - Statement - counter = counter + 1: null

2019-01-03 21:00:14 - [TEST_STEP][PASSED] - Statement - PreSaveFile = new java.io.File(((pathPrefix + java.lang.Integer.toString(counter)) + .png)): null

2019-01-03 21:00:14 - [TEST_STEP][PASSED] - Statement - counter = counter + 1: null

2019-01-03 21:00:14 - [TEST_STEP][PASSED] - Statement - PreSaveFile = new java.io.File(((pathPrefix + java.lang.Integer.toString(counter)) + .png)): null

2019-01-03 21:00:14 - [TEST_STEP][PASSED] - Statement - counter = counter + 1: null

2019-01-03 21:00:14 - [TEST_STEP][PASSED] - Statement - PreSaveFile = new java.io.File(((pathPrefix + java.lang.Integer.toString(counter)) + .png)): null

2019-01-03 21:00:14 - [TEST_STEP][PASSED] - Statement - counter = counter + 1: null

2019-01-03 21:00:14 - [TEST_STEP][PASSED] - Statement - PreSaveFile = new java.io.File(((pathPrefix + java.lang.Integer.toString(counter)) + .png)): null

2019-01-03 21:00:14 - [TEST_STEP][PASSED] - Statement - counter = counter + 1: null

2019-01-03 21:00:14 - [TEST_STEP][PASSED] - Statement - PreSaveFile = new java.io.File(((pathPrefix + java.lang.Integer.toString(counter)) + .png)): null

2019-01-03 21:00:14 - [TEST_STEP][PASSED] - Statement - counter = counter + 1: null

2019-01-03 21:00:14 - [TEST_STEP][PASSED] - Statement - PreSaveFile = new java.io.File(((pathPrefix + java.lang.Integer.toString(counter)) + .png)): null

2019-01-03 21:00:14 - [TEST_STEP][PASSED] - Statement - counter = counter + 1: null

2019-01-03 21:00:14 - [TEST_STEP][PASSED] - Statement - PreSaveFile = new java.io.File(((pathPrefix + java.lang.Integer.toString(counter)) + .png)): null

2019-01-03 21:00:14 - [TEST_STEP][PASSED] - Statement - counter = counter + 1: null

2019-01-03 21:00:14 - [TEST_STEP][PASSED] - Statement - PreSaveFile = new java.io.File(((pathPrefix + java.lang.Integer.toString(counter)) + .png)): null

2019-01-03 21:00:14 - [TEST_STEP][PASSED] - Statement - counter = counter + 1: null

2019-01-03 21:00:14 - [TEST_STEP][PASSED] - Statement - PreSaveFile = new java.io.File(((pathPrefix + java.lang.Integer.toString(counter)) + .png)): null

2019-01-03 21:00:14 - [TEST_STEP][PASSED] - Statement - counter = counter + 1: null

2019-01-03 21:00:14 - [TEST_STEP][PASSED] - Statement - PreSaveFile = new java.io.File(((pathPrefix + java.lang.Integer.toString(counter)) + .png)): null

2019-01-03 21:00:14 - [TEST_STEP][PASSED] - Statement - counter = counter + 1: null

2019-01-03 21:00:14 - [TEST_STEP][PASSED] - Statement - PreSaveFile = new java.io.File(((pathPrefix + java.lang.Integer.toString(counter)) + .png)): null

2019-01-03 21:00:14 - [TEST_STEP][PASSED] - Statement - counter = counter + 1: null

2019-01-03 21:00:14 - [TEST_STEP][PASSED] - Statement - PreSaveFile = new java.io.File(((pathPrefix + java.lang.Integer.toString(counter)) + .png)): null

2019-01-03 21:00:14 - [TEST_STEP][PASSED] - Statement - counter = counter + 1: null

2019-01-03 21:00:14 - [TEST_STEP][PASSED] - Statement - PreSaveFile = new java.io.File(((pathPrefix + java.lang.Integer.toString(counter)) + .png)): null

2019-01-03 21:00:14 - [TEST_STEP][PASSED] - Statement - counter = counter + 1: null

2019-01-03 21:00:14 - [TEST_STEP][PASSED] - Statement - PreSaveFile = new java.io.File(((pathPrefix + java.lang.Integer.toString(counter)) + .png)): null

2019-01-03 21:00:14 - [TEST_STEP][PASSED] - Statement - counter = counter + 1: null

2019-01-03 21:00:14 - [TEST_STEP][PASSED] - Statement - PreSaveFile = new java.io.File(((pathPrefix + java.lang.Integer.toString(counter)) + .png)): null

2019-01-03 21:00:14 - [TEST_STEP][PASSED] - Statement - counter = counter + 1: null

2019-01-03 21:00:14 - [TEST_STEP][PASSED] - Statement - PreSaveFile = new java.io.File(((pathPrefix + java.lang.Integer.toString(counter)) + .png)): null

2019-01-03 21:00:14 - [TEST_STEP][PASSED] - Statement - counter = counter + 1: null

2019-01-03 21:00:14 - [TEST_STEP][PASSED] - Statement - PreSaveFile = new java.io.File(((pathPrefix + java.lang.Integer.toString(counter)) + .png)): null

2019-01-03 21:00:14 - [TEST_STEP][PASSED] - Statement - counter = counter + 1: null

2019-01-03 21:00:14 - [TEST_STEP][PASSED] - Statement - PreSaveFile = new java.io.File(((pathPrefix + java.lang.Integer.toString(counter)) + .png)): null

2019-01-03 21:00:14 - [TEST_STEP][PASSED] - Statement - counter = counter + 1: null

2019-01-03 21:00:14 - [TEST_STEP][PASSED] - Statement - PreSaveFile = new java.io.File(((pathPrefix + java.lang.Integer.toString(counter)) + .png)): null

2019-01-03 21:00:14 - [TEST_STEP][PASSED] - Statement - counter = counter + 1: null

2019-01-03 21:00:14 - [TEST_STEP][PASSED] - Statement - PreSaveFile = new java.io.File(((pathPrefix + java.lang.Integer.toString(counter)) + .png)): null

2019-01-03 21:00:14 - [TEST_STEP][PASSED] - Statement - counter = counter + 1: null

2019-01-03 21:00:14 - [TEST_STEP][PASSED] - Statement - PreSaveFile = new java.io.File(((pathPrefix + java.lang.Integer.toString(counter)) + .png)): null

2019-01-03 21:00:14 - [TEST_STEP][PASSED] - Statement - counter = counter + 1: null

2019-01-03 21:00:14 - [TEST_STEP][PASSED] - Statement - PreSaveFile = new java.io.File(((pathPrefix + java.lang.Integer.toString(counter)) + .png)): null

2019-01-03 21:00:14 - [TEST_STEP][PASSED] - Statement - counter = counter + 1: null

2019-01-03 21:00:14 - [TEST_STEP][PASSED] - Statement - PreSaveFile = new java.io.File(((pathPrefix + java.lang.Integer.toString(counter)) + .png)): null

2019-01-03 21:00:14 - [TEST_STEP][PASSED] - Statement - counter = counter + 1: null

2019-01-03 21:00:14 - [TEST_STEP][PASSED] - Statement - PreSaveFile = new java.io.File(((pathPrefix + java.lang.Integer.toString(counter)) + .png)): null

2019-01-03 21:00:14 - [TEST_STEP][PASSED] - Statement - counter = counter + 1: null

2019-01-03 21:00:14 - [TEST_STEP][PASSED] - Statement - PreSaveFile = new java.io.File(((pathPrefix + java.lang.Integer.toString(counter)) + .png)): null

2019-01-03 21:00:14 - [TEST_STEP][PASSED] - Statement - counter = counter + 1: null

2019-01-03 21:00:14 - [TEST_STEP][PASSED] - Statement - PreSaveFile = new java.io.File(((pathPrefix + java.lang.Integer.toString(counter)) + .png)): null

2019-01-03 21:00:14 - [TEST_STEP][PASSED] - Statement - counter = counter + 1: null

2019-01-03 21:00:14 - [TEST_STEP][PASSED] - Statement - PreSaveFile = new java.io.File(((pathPrefix + java.lang.Integer.toString(counter)) + .png)): null

2019-01-03 21:00:14 - [TEST_STEP][PASSED] - Statement - counter = counter + 1: null

2019-01-03 21:00:14 - [TEST_STEP][PASSED] - Statement - PreSaveFile = new java.io.File(((pathPrefix + java.lang.Integer.toString(counter)) + .png)): null

2019-01-03 21:00:14 - [TEST_STEP][PASSED] - Statement - counter = counter + 1: null

2019-01-03 21:00:14 - [TEST_STEP][PASSED] - Statement - PreSaveFile = new java.io.File(((pathPrefix + java.lang.Integer.toString(counter)) + .png)): null

2019-01-03 21:00:14 - [TEST_STEP][PASSED] - Statement - counter = counter + 1: null

2019-01-03 21:00:14 - [TEST_STEP][PASSED] - Statement - PreSaveFile = new java.io.File(((pathPrefix + java.lang.Integer.toString(counter)) + .png)): null

2019-01-03 21:00:14 - [TEST_STEP][PASSED] - Statement - counter = counter + 1: null

2019-01-03 21:00:14 - [TEST_STEP][PASSED] - Statement - PreSaveFile = new java.io.File(((pathPrefix + java.lang.Integer.toString(counter)) + .png)): null

2019-01-03 21:00:14 - [TEST_STEP][PASSED] - Statement - counter = counter + 1: null

2019-01-03 21:00:14 - [TEST_STEP][PASSED] - Statement - PreSaveFile = new java.io.File(((pathPrefix + java.lang.Integer.toString(counter)) + .png)): null

2019-01-03 21:00:14 - [TEST_STEP][PASSED] - Statement - counter = counter + 1: null

2019-01-03 21:00:14 - [TEST_STEP][PASSED] - Statement - PreSaveFile = new java.io.File(((pathPrefix + java.lang.Integer.toString(counter)) + .png)): null

2019-01-03 21:00:14 - [TEST_STEP][PASSED] - Statement - counter = counter + 1: null

2019-01-03 21:00:14 - [TEST_STEP][PASSED] - Statement - PreSaveFile = new java.io.File(((pathPrefix + java.lang.Integer.toString(counter)) + .png)): null

2019-01-03 21:00:14 - [TEST_STEP][PASSED] - Statement - counter = counter + 1: null

2019-01-03 21:00:14 - [TEST_STEP][PASSED] - Statement - PreSaveFile = new java.io.File(((pathPrefix + java.lang.Integer.toString(counter)) + .png)): null

2019-01-03 21:00:14 - [TEST_STEP][PASSED] - Statement - counter = counter + 1: null

2019-01-03 21:00:14 - [TEST_STEP][PASSED] - Statement - PreSaveFile = new java.io.File(((pathPrefix + java.lang.Integer.toString(counter)) + .png)): null

2019-01-03 21:00:14 - [TEST_STEP][PASSED] - Statement - counter = counter + 1: null

2019-01-03 21:00:14 - [TEST_STEP][PASSED] - Statement - PreSaveFile = new java.io.File(((pathPrefix + java.lang.Integer.toString(counter)) + .png)): null

2019-01-03 21:00:14 - [TEST_STEP][PASSED] - Statement - counter = counter + 1: null

2019-01-03 21:00:14 - [TEST_STEP][PASSED] - Statement - PreSaveFile = new java.io.File(((pathPrefix + java.lang.Integer.toString(counter)) + .png)): null

2019-01-03 21:00:14 - [TEST_STEP][PASSED] - Statement - counter = counter + 1: null

2019-01-03 21:00:14 - [TEST_STEP][PASSED] - Statement - PreSaveFile = new java.io.File(((pathPrefix + java.lang.Integer.toString(counter)) + .png)): null

2019-01-03 21:00:14 - [TEST_STEP][PASSED] - Statement - counter = counter + 1: null

2019-01-03 21:00:14 - [TEST_STEP][PASSED] - Statement - PreSaveFile = new java.io.File(((pathPrefix + java.lang.Integer.toString(counter)) + .png)): null

2019-01-03 21:00:14 - [TEST_STEP][PASSED] - Statement - counter = counter + 1: null

2019-01-03 21:00:14 - [TEST_STEP][PASSED] - Statement - PreSaveFile = new java.io.File(((pathPrefix + java.lang.Integer.toString(counter)) + .png)): null

2019-01-03 21:00:14 - [TEST_STEP][PASSED] - Statement - counter = counter + 1: null

2019-01-03 21:00:14 - [TEST_STEP][PASSED] - Statement - PreSaveFile = new java.io.File(((pathPrefix + java.lang.Integer.toString(counter)) + .png)): null

2019-01-03 21:00:14 - [TEST_STEP][PASSED] - Statement - counter = counter + 1: null

2019-01-03 21:00:14 - [TEST_STEP][PASSED] - Statement - PreSaveFile = new java.io.File(((pathPrefix + java.lang.Integer.toString(counter)) + .png)): null

2019-01-03 21:00:14 - [TEST_STEP][PASSED] - Statement - counter = counter + 1: null

2019-01-03 21:00:14 - [TEST_STEP][PASSED] - Statement - PreSaveFile = new java.io.File(((pathPrefix + java.lang.Integer.toString(counter)) + .png)): null

2019-01-03 21:00:14 - [TEST_STEP][PASSED] - Statement - counter = counter + 1: null

2019-01-03 21:00:14 - [TEST_STEP][PASSED] - Statement - PreSaveFile = new java.io.File(((pathPrefix + java.lang.Integer.toString(counter)) + .png)): null

2019-01-03 21:00:14 - [TEST_STEP][PASSED] - Statement - counter = counter + 1: null

2019-01-03 21:00:14 - [TEST_STEP][PASSED] - Statement - PreSaveFile = new java.io.File(((pathPrefix + java.lang.Integer.toString(counter)) + .png)): null

2019-01-03 21:00:14 - [TEST_STEP][PASSED] - Statement - counter = counter + 1: null

2019-01-03 21:00:14 - [TEST_STEP][PASSED] - Statement - PreSaveFile = new java.io.File(((pathPrefix + java.lang.Integer.toString(counter)) + .png)): null

2019-01-03 21:00:14 - [TEST_STEP][PASSED] - Statement - counter = counter + 1: null

2019-01-03 21:00:14 - [TEST_STEP][PASSED] - Statement - PreSaveFile = new java.io.File(((pathPrefix + java.lang.Integer.toString(counter)) + .png)): null

2019-01-03 21:00:14 - [TEST_STEP][PASSED] - Statement - counter = counter + 1: null

2019-01-03 21:00:14 - [TEST_STEP][PASSED] - Statement - PreSaveFile = new java.io.File(((pathPrefix + java.lang.Integer.toString(counter)) + .png)): null

2019-01-03 21:00:14 - [TEST_STEP][PASSED] - Statement - counter = counter + 1: null

2019-01-03 21:00:14 - [TEST_STEP][PASSED] - Statement - PreSaveFile = new java.io.File(((pathPrefix + java.lang.Integer.toString(counter)) + .png)): null

2019-01-03 21:00:14 - [TEST_STEP][PASSED] - Statement - counter = counter + 1: null

2019-01-03 21:00:14 - [TEST_STEP][PASSED] - Statement - PreSaveFile = new java.io.File(((pathPrefix + java.lang.Integer.toString(counter)) + .png)): null

2019-01-03 21:00:14 - [TEST_STEP][PASSED] - Statement - counter = counter + 1: null

2019-01-03 21:00:14 - [TEST_STEP][PASSED] - Statement - PreSaveFile = new java.io.File(((pathPrefix + java.lang.Integer.toString(counter)) + .png)): null

2019-01-03 21:00:14 - [TEST_STEP][PASSED] - Statement - counter = counter + 1: null

2019-01-03 21:00:14 - [TEST_STEP][PASSED] - Statement - PreSaveFile = new java.io.File(((pathPrefix + java.lang.Integer.toString(counter)) + .png)): null

2019-01-03 21:00:14 - [TEST_STEP][PASSED] - Statement - counter = counter + 1: null

2019-01-03 21:00:14 - [TEST_STEP][PASSED] - Statement - PreSaveFile = new java.io.File(((pathPrefix + java.lang.Integer.toString(counter)) + .png)): null

2019-01-03 21:00:14 - [TEST_STEP][PASSED] - Statement - counter = counter + 1: null

2019-01-03 21:00:14 - [TEST_STEP][PASSED] - Statement - PreSaveFile = new java.io.File(((pathPrefix + java.lang.Integer.toString(counter)) + .png)): null

2019-01-03 21:00:14 - [TEST_STEP][PASSED] - Statement - counter = counter + 1: null

2019-01-03 21:00:14 - [TEST_STEP][PASSED] - Statement - PreSaveFile = new java.io.File(((pathPrefix + java.lang.Integer.toString(counter)) + .png)): null

2019-01-03 21:00:14 - [TEST_STEP][PASSED] - Statement - counter = counter + 1: null

2019-01-03 21:00:14 - [TEST_STEP][PASSED] - Statement - PreSaveFile = new java.io.File(((pathPrefix + java.lang.Integer.toString(counter)) + .png)): null

2019-01-03 21:00:14 - [TEST_STEP][PASSED] - Statement - counter = counter + 1: null

2019-01-03 21:00:14 - [TEST_STEP][PASSED] - Statement - PreSaveFile = new java.io.File(((pathPrefix + java.lang.Integer.toString(counter)) + .png)): null

2019-01-03 21:00:14 - [TEST_STEP][PASSED] - Statement - counter = counter + 1: null

2019-01-03 21:00:14 - [TEST_STEP][PASSED] - Statement - PreSaveFile = new java.io.File(((pathPrefix + java.lang.Integer.toString(counter)) + .png)): null

2019-01-03 21:00:14 - [TEST_STEP][PASSED] - Statement - counter = counter + 1: null

2019-01-03 21:00:14 - [TEST_STEP][PASSED] - Statement - PreSaveFile = new java.io.File(((pathPrefix + java.lang.Integer.toString(counter)) + .png)): null

2019-01-03 21:00:14 - [TEST_STEP][PASSED] - Statement - counter = counter + 1: null

2019-01-03 21:00:14 - [TEST_STEP][PASSED] - Statement - PreSaveFile = new java.io.File(((pathPrefix + java.lang.Integer.toString(counter)) + .png)): null

2019-01-03 21:00:14 - [TEST_STEP][PASSED] - Statement - counter = counter + 1: null

2019-01-03 21:00:14 - [TEST_STEP][PASSED] - Statement - PreSaveFile = new java.io.File(((pathPrefix + java.lang.Integer.toString(counter)) + .png)): null

2019-01-03 21:00:14 - [TEST_STEP][PASSED] - Statement - counter = counter + 1: null

2019-01-03 21:00:14 - [TEST_STEP][PASSED] - Statement - PreSaveFile = new java.io.File(((pathPrefix + java.lang.Integer.toString(counter)) + .png)): null

2019-01-03 21:00:14 - [TEST_STEP][PASSED] - Statement - counter = counter + 1: null

2019-01-03 21:00:14 - [TEST_STEP][PASSED] - Statement - PreSaveFile = new java.io.File(((pathPrefix + java.lang.Integer.toString(counter)) + .png)): null

2019-01-03 21:00:14 - [TEST_STEP][PASSED] - Statement - counter = counter + 1: null

2019-01-03 21:00:14 - [TEST_STEP][PASSED] - Statement - PreSaveFile = new java.io.File(((pathPrefix + java.lang.Integer.toString(counter)) + .png)): null

2019-01-03 21:00:14 - [TEST_STEP][PASSED] - Statement - counter = counter + 1: null

2019-01-03 21:00:14 - [TEST_STEP][PASSED] - Statement - PreSaveFile = new java.io.File(((pathPrefix + java.lang.Integer.toString(counter)) + .png)): null

2019-01-03 21:00:14 - [TEST_STEP][PASSED] - Statement - counter = counter + 1: null

2019-01-03 21:00:14 - [TEST_STEP][PASSED] - Statement - PreSaveFile = new java.io.File(((pathPrefix + java.lang.Integer.toString(counter)) + .png)): null

2019-01-03 21:00:14 - [TEST_STEP][PASSED] - Statement - counter = counter + 1: null

2019-01-03 21:00:14 - [TEST_STEP][PASSED] - Statement - PreSaveFile = new java.io.File(((pathPrefix + java.lang.Integer.toString(counter)) + .png)): null

2019-01-03 21:00:14 - [TEST_STEP][PASSED] - Statement - counter = counter + 1: null

2019-01-03 21:00:14 - [TEST_STEP][PASSED] - Statement - PreSaveFile = new java.io.File(((pathPrefix + java.lang.Integer.toString(counter)) + .png)): null

2019-01-03 21:00:14 - [TEST_STEP][PASSED] - Statement - counter = counter + 1: null

2019-01-03 21:00:14 - [TEST_STEP][PASSED] - Statement - PreSaveFile = new java.io.File(((pathPrefix + java.lang.Integer.toString(counter)) + .png)): null

2019-01-03 21:00:14 - [TEST_STEP][PASSED] - Statement - counter = counter + 1: null

2019-01-03 21:00:14 - [TEST_STEP][PASSED] - Statement - PreSaveFile = new java.io.File(((pathPrefix + java.lang.Integer.toString(counter)) + .png)): null

2019-01-03 21:00:14 - [TEST_STEP][PASSED] - Statement - counter = counter + 1: null

2019-01-03 21:00:14 - [TEST_STEP][PASSED] - Statement - PreSaveFile = new java.io.File(((pathPrefix + java.lang.Integer.toString(counter)) + .png)): null

2019-01-03 21:00:14 - [TEST_STEP][PASSED] - Statement - counter = counter + 1: null

2019-01-03 21:00:14 - [TEST_STEP][PASSED] - Statement - PreSaveFile = new java.io.File(((pathPrefix + java.lang.Integer.toString(counter)) + .png)): null

2019-01-03 21:00:14 - [TEST_STEP][PASSED] - Statement - counter = counter + 1: null

2019-01-03 21:00:15 - [TEST_STEP][PASSED] - Statement - PreSaveFile = new java.io.File(((pathPrefix + java.lang.Integer.toString(counter)) + .png)): null

2019-01-03 21:00:15 - [TEST_STEP][PASSED] - Statement - counter = counter + 1: null

2019-01-03 21:00:15 - [TEST_STEP][PASSED] - Statement - PreSaveFile = new java.io.File(((pathPrefix + java.lang.Integer.toString(counter)) + .png)): null

2019-01-03 21:00:15 - [TEST_STEP][PASSED] - Statement - counter = counter + 1: null

2019-01-03 21:00:15 - [TEST_STEP][PASSED] - Statement - PreSaveFile = new java.io.File(((pathPrefix + java.lang.Integer.toString(counter)) + .png)): null

2019-01-03 21:00:15 - [TEST_STEP][PASSED] - Statement - counter = counter + 1: null

2019-01-03 21:00:15 - [TEST_STEP][PASSED] - Statement - PreSaveFile = new java.io.File(((pathPrefix + java.lang.Integer.toString(counter)) + .png)): null

2019-01-03 21:00:15 - [TEST_STEP][PASSED] - Statement - counter = counter + 1: null

2019-01-03 21:00:15 - [TEST_STEP][PASSED] - Statement - PreSaveFile = new java.io.File(((pathPrefix + java.lang.Integer.toString(counter)) + .png)): null

2019-01-03 21:00:15 - [TEST_STEP][PASSED] - Statement - counter = counter + 1: null

2019-01-03 21:00:15 - [TEST_STEP][PASSED] - Statement - PreSaveFile = new java.io.File(((pathPrefix + java.lang.Integer.toString(counter)) + .png)): null

2019-01-03 21:00:15 - [TEST_STEP][PASSED] - Statement - counter = counter + 1: null

2019-01-03 21:00:15 - [TEST_STEP][PASSED] - Statement - PreSaveFile = new java.io.File(((pathPrefix + java.lang.Integer.toString(counter)) + .png)): null

2019-01-03 21:00:15 - [TEST_STEP][PASSED] - Statement - counter = counter + 1: null

2019-01-03 21:00:15 - [TEST_STEP][PASSED] - Statement - PreSaveFile = new java.io.File(((pathPrefix + java.lang.Integer.toString(counter)) + .png)): null

2019-01-03 21:00:15 - [TEST_STEP][PASSED] - Statement - counter = counter + 1: null

2019-01-03 21:00:15 - [TEST_STEP][PASSED] - Statement - PreSaveFile = new java.io.File(((pathPrefix + java.lang.Integer.toString(counter)) + .png)): null

2019-01-03 21:00:15 - [TEST_STEP][PASSED] - Statement - counter = counter + 1: null

2019-01-03 21:00:15 - [TEST_STEP][PASSED] - Statement - PreSaveFile = new java.io.File(((pathPrefix + java.lang.Integer.toString(counter)) + .png)): null

2019-01-03 21:00:15 - [TEST_STEP][PASSED] - Statement - counter = counter + 1: null

2019-01-03 21:00:15 - [TEST_STEP][PASSED] - Statement - PreSaveFile = new java.io.File(((pathPrefix + java.lang.Integer.toString(counter)) + .png)): null

2019-01-03 21:00:15 - [TEST_STEP][PASSED] - Statement - counter = counter + 1: null

2019-01-03 21:00:15 - [TEST_STEP][PASSED] - Statement - PreSaveFile = new java.io.File(((pathPrefix + java.lang.Integer.toString(counter)) + .png)): null

2019-01-03 21:00:15 - [TEST_STEP][PASSED] - Statement - counter = counter + 1: null

2019-01-03 21:00:15 - [TEST_STEP][PASSED] - Statement - PreSaveFile = new java.io.File(((pathPrefix + java.lang.Integer.toString(counter)) + .png)): null

2019-01-03 21:00:15 - [TEST_STEP][PASSED] - Statement - counter = counter + 1: null

2019-01-03 21:00:15 - [TEST_STEP][PASSED] - Statement - PreSaveFile = new java.io.File(((pathPrefix + java.lang.Integer.toString(counter)) + .png)): null

2019-01-03 21:00:15 - [TEST_STEP][PASSED] - Statement - counter = counter + 1: null

2019-01-03 21:00:15 - [TEST_STEP][PASSED] - Statement - PreSaveFile = new java.io.File(((pathPrefix + java.lang.Integer.toString(counter)) + .png)): null

2019-01-03 21:00:15 - [TEST_STEP][PASSED] - Statement - counter = counter + 1: null

2019-01-03 21:00:15 - [TEST_STEP][PASSED] - Statement - PreSaveFile = new java.io.File(((pathPrefix + java.lang.Integer.toString(counter)) + .png)): null

2019-01-03 21:00:15 - [TEST_STEP][PASSED] - Statement - counter = counter + 1: null

2019-01-03 21:00:15 - [TEST_STEP][PASSED] - Statement - PreSaveFile = new java.io.File(((pathPrefix + java.lang.Integer.toString(counter)) + .png)): null

2019-01-03 21:00:15 - [TEST_STEP][PASSED] - Statement - counter = counter + 1: null

2019-01-03 21:00:15 - [TEST_STEP][PASSED] - Statement - PreSaveFile = new java.io.File(((pathPrefix + java.lang.Integer.toString(counter)) + .png)): null

2019-01-03 21:00:15 - [TEST_STEP][PASSED] - Statement - counter = counter + 1: null

2019-01-03 21:00:15 - [TEST_STEP][PASSED] - Statement - PreSaveFile = new java.io.File(((pathPrefix + java.lang.Integer.toString(counter)) + .png)): null

2019-01-03 21:00:15 - [TEST_STEP][PASSED] - Statement - counter = counter + 1: null

2019-01-03 21:00:15 - [TEST_STEP][PASSED] - Statement - PreSaveFile = new java.io.File(((pathPrefix + java.lang.Integer.toString(counter)) + .png)): null

2019-01-03 21:00:15 - [TEST_STEP][PASSED] - Statement - counter = counter + 1: null

2019-01-03 21:00:15 - [TEST_STEP][PASSED] - Statement - PreSaveFile = new java.io.File(((pathPrefix + java.lang.Integer.toString(counter)) + .png)): null

2019-01-03 21:00:15 - [TEST_STEP][PASSED] - Statement - counter = counter + 1: null

2019-01-03 21:00:15 - [TEST_STEP][PASSED] - Statement - PreSaveFile = new java.io.File(((pathPrefix + java.lang.Integer.toString(counter)) + .png)): null

2019-01-03 21:00:15 - [TEST_STEP][PASSED] - Statement - counter = counter + 1: null

2019-01-03 21:00:15 - [TEST_STEP][PASSED] - Statement - PreSaveFile = new java.io.File(((pathPrefix + java.lang.Integer.toString(counter)) + .png)): null

2019-01-03 21:00:15 - [TEST_STEP][PASSED] - Statement - counter = counter + 1: null

2019-01-03 21:00:15 - [TEST_STEP][PASSED] - Statement - PreSaveFile = new java.io.File(((pathPrefix + java.lang.Integer.toString(counter)) + .png)): null

2019-01-03 21:00:15 - [TEST_STEP][PASSED] - Statement - counter = counter + 1: null

2019-01-03 21:00:15 - [TEST_STEP][PASSED] - Statement - PreSaveFile = new java.io.File(((pathPrefix + java.lang.Integer.toString(counter)) + .png)): null

2019-01-03 21:00:15 - [TEST_STEP][PASSED] - Statement - counter = counter + 1: null

2019-01-03 21:00:15 - [TEST_STEP][PASSED] - Statement - PreSaveFile = new java.io.File(((pathPrefix + java.lang.Integer.toString(counter)) + .png)): null

2019-01-03 21:00:15 - [TEST_STEP][PASSED] - Statement - counter = counter + 1: null

2019-01-03 21:00:15 - [TEST_STEP][PASSED] - Statement - PreSaveFile = new java.io.File(((pathPrefix + java.lang.Integer.toString(counter)) + .png)): null

2019-01-03 21:00:15 - [TEST_STEP][PASSED] - Statement - counter = counter + 1: null

2019-01-03 21:00:15 - [TEST_STEP][PASSED] - Statement - PreSaveFile = new java.io.File(((pathPrefix + java.lang.Integer.toString(counter)) + .png)): null

2019-01-03 21:00:15 - [TEST_STEP][PASSED] - Statement - counter = counter + 1: null

2019-01-03 21:00:15 - [TEST_STEP][PASSED] - Statement - PreSaveFile = new java.io.File(((pathPrefix + java.lang.Integer.toString(counter)) + .png)): null

2019-01-03 21:00:15 - [TEST_STEP][PASSED] - Statement - counter = counter + 1: null

2019-01-03 21:00:15 - [TEST_STEP][PASSED] - Statement - PreSaveFile = new java.io.File(((pathPrefix + java.lang.Integer.toString(counter)) + .png)): null

2019-01-03 21:00:15 - [TEST_STEP][PASSED] - Statement - counter = counter + 1: null

2019-01-03 21:00:15 - [TEST_STEP][PASSED] - Statement - PreSaveFile = new java.io.File(((pathPrefix + java.lang.Integer.toString(counter)) + .png)): null

2019-01-03 21:00:15 - [TEST_STEP][PASSED] - Statement - counter = counter + 1: null

2019-01-03 21:00:15 - [TEST_STEP][PASSED] - Statement - PreSaveFile = new java.io.File(((pathPrefix + java.lang.Integer.toString(counter)) + .png)): null

2019-01-03 21:00:15 - [TEST_STEP][PASSED] - Statement - counter = counter + 1: null

2019-01-03 21:00:15 - [TEST_STEP][PASSED] - Statement - PreSaveFile = new java.io.File(((pathPrefix + java.lang.Integer.toString(counter)) + .png)): null

2019-01-03 21:00:15 - [TEST_STEP][PASSED] - Statement - counter = counter + 1: null

2019-01-03 21:00:15 - [TEST_STEP][PASSED] - Statement - PreSaveFile = new java.io.File(((pathPrefix + java.lang.Integer.toString(counter)) + .png)): null

2019-01-03 21:00:15 - [TEST_STEP][PASSED] - Statement - counter = counter + 1: null

2019-01-03 21:00:15 - [TEST_STEP][PASSED] - Statement - PreSaveFile = new java.io.File(((pathPrefix + java.lang.Integer.toString(counter)) + .png)): null

2019-01-03 21:00:15 - [TEST_STEP][PASSED] - Statement - counter = counter + 1: null

2019-01-03 21:00:15 - [TEST_STEP][PASSED] - Statement - PreSaveFile = new java.io.File(((pathPrefix + java.lang.Integer.toString(counter)) + .png)): null

2019-01-03 21:00:15 - [TEST_STEP][PASSED] - Statement - counter = counter + 1: null

2019-01-03 21:00:15 - [TEST_STEP][PASSED] - Statement - PreSaveFile = new java.io.File(((pathPrefix + java.lang.Integer.toString(counter)) + .png)): null

2019-01-03 21:00:15 - [TEST_STEP][PASSED] - Statement - counter = counter + 1: null

2019-01-03 21:00:15 - [TEST_STEP][PASSED] - Statement - PreSaveFile = new java.io.File(((pathPrefix + java.lang.Integer.toString(counter)) + .png)): null

2019-01-03 21:00:15 - [TEST_STEP][PASSED] - Statement - counter = counter + 1: null

2019-01-03 21:00:15 - [TEST_STEP][PASSED] - Statement - PreSaveFile = new java.io.File(((pathPrefix + java.lang.Integer.toString(counter)) + .png)): null

2019-01-03 21:00:15 - [TEST_STEP][PASSED] - Statement - counter = counter + 1: null

2019-01-03 21:00:15 - [TEST_STEP][PASSED] - Statement - PreSaveFile = new java.io.File(((pathPrefix + java.lang.Integer.toString(counter)) + .png)): null

2019-01-03 21:00:15 - [TEST_STEP][PASSED] - Statement - counter = counter + 1: null

2019-01-03 21:00:15 - [TEST_STEP][PASSED] - Statement - PreSaveFile = new java.io.File(((pathPrefix + java.lang.Integer.toString(counter)) + .png)): null

2019-01-03 21:00:15 - [TEST_STEP][PASSED] - Statement - counter = counter + 1: null

2019-01-03 21:00:15 - [TEST_STEP][PASSED] - Statement - PreSaveFile = new java.io.File(((pathPrefix + java.lang.Integer.toString(counter)) + .png)): null

2019-01-03 21:00:15 - [TEST_STEP][PASSED] - Statement - counter = counter + 1: null

2019-01-03 21:00:15 - [TEST_STEP][PASSED] - Statement - PreSaveFile = new java.io.File(((pathPrefix + java.lang.Integer.toString(counter)) + .png)): null

2019-01-03 21:00:15 - [TEST_STEP][PASSED] - Statement - counter = counter + 1: null

2019-01-03 21:00:15 - [TEST_STEP][PASSED] - Statement - PreSaveFile = new java.io.File(((pathPrefix + java.lang.Integer.toString(counter)) + .png)): null

2019-01-03 21:00:15 - [TEST_STEP][PASSED] - Statement - counter = counter + 1: null

2019-01-03 21:00:15 - [TEST_STEP][PASSED] - Statement - PreSaveFile = new java.io.File(((pathPrefix + java.lang.Integer.toString(counter)) + .png)): null

2019-01-03 21:00:15 - [TEST_STEP][PASSED] - Statement - counter = counter + 1: null

2019-01-03 21:00:15 - [TEST_STEP][PASSED] - Statement - PreSaveFile = new java.io.File(((pathPrefix + java.lang.Integer.toString(counter)) + .png)): null

2019-01-03 21:00:15 - [TEST_STEP][PASSED] - Statement - counter = counter + 1: null

2019-01-03 21:00:15 - [TEST_STEP][PASSED] - Statement - PreSaveFile = new java.io.File(((pathPrefix + java.lang.Integer.toString(counter)) + .png)): null

2019-01-03 21:00:15 - [TEST_STEP][PASSED] - Statement - counter = counter + 1: null

2019-01-03 21:00:15 - [TEST_STEP][PASSED] - Statement - PreSaveFile = new java.io.File(((pathPrefix + java.lang.Integer.toString(counter)) + .png)): null

2019-01-03 21:00:15 - [TEST_STEP][PASSED] - Statement - counter = counter + 1: null

2019-01-03 21:00:15 - [TEST_STEP][PASSED] - Statement - PreSaveFile = new java.io.File(((pathPrefix + java.lang.Integer.toString(counter)) + .png)): null

2019-01-03 21:00:15 - [TEST_STEP][PASSED] - Statement - counter = counter + 1: null

2019-01-03 21:00:15 - [TEST_STEP][PASSED] - Statement - PreSaveFile = new java.io.File(((pathPrefix + java.lang.Integer.toString(counter)) + .png)): null

2019-01-03 21:00:15 - [TEST_STEP][PASSED] - Statement - counter = counter + 1: null

2019-01-03 21:00:15 - [TEST_STEP][PASSED] - Statement - PreSaveFile = new java.io.File(((pathPrefix + java.lang.Integer.toString(counter)) + .png)): null

2019-01-03 21:00:15 - [TEST_STEP][PASSED] - Statement - counter = counter + 1: null

2019-01-03 21:00:15 - [TEST_STEP][PASSED] - Statement - PreSaveFile = new java.io.File(((pathPrefix + java.lang.Integer.toString(counter)) + .png)): null

2019-01-03 21:00:15 - [TEST_STEP][PASSED] - Statement - counter = counter + 1: null

2019-01-03 21:00:15 - [TEST_STEP][PASSED] - Statement - PreSaveFile = new java.io.File(((pathPrefix + java.lang.Integer.toString(counter)) + .png)): null

2019-01-03 21:00:15 - [TEST_STEP][PASSED] - Statement - counter = counter + 1: null

2019-01-03 21:00:15 - [TEST_STEP][PASSED] - Statement - PreSaveFile = new java.io.File(((pathPrefix + java.lang.Integer.toString(counter)) + .png)): null

2019-01-03 21:00:15 - [TEST_STEP][PASSED] - Statement - counter = counter + 1: null

2019-01-03 21:00:15 - [TEST_STEP][PASSED] - Statement - PreSaveFile = new java.io.File(((pathPrefix + java.lang.Integer.toString(counter)) + .png)): null

2019-01-03 21:00:15 - [TEST_STEP][PASSED] - Statement - counter = counter + 1: null

2019-01-03 21:00:15 - [TEST_STEP][PASSED] - Statement - PreSaveFile = new java.io.File(((pathPrefix + java.lang.Integer.toString(counter)) + .png)): null

2019-01-03 21:00:15 - [TEST_STEP][PASSED] - Statement - counter = counter + 1: null

2019-01-03 21:00:15 - [TEST_STEP][PASSED] - Statement - PreSaveFile = new java.io.File(((pathPrefix + java.lang.Integer.toString(counter)) + .png)): null

2019-01-03 21:00:15 - [TEST_STEP][PASSED] - Statement - counter = counter + 1: null

2019-01-03 21:00:15 - [TEST_STEP][PASSED] - Statement - PreSaveFile = new java.io.File(((pathPrefix + java.lang.Integer.toString(counter)) + .png)): null

2019-01-03 21:00:15 - [TEST_STEP][PASSED] - Statement - counter = counter + 1: null

2019-01-03 21:00:15 - [TEST_STEP][PASSED] - Statement - PreSaveFile = new java.io.File(((pathPrefix + java.lang.Integer.toString(counter)) + .png)): null

2019-01-03 21:00:15 - [TEST_STEP][PASSED] - Statement - counter = counter + 1: null

2019-01-03 21:00:15 - [TEST_STEP][PASSED] - Statement - PreSaveFile = new java.io.File(((pathPrefix + java.lang.Integer.toString(counter)) + .png)): null

2019-01-03 21:00:15 - [TEST_STEP][PASSED] - Statement - counter = counter + 1: null

2019-01-03 21:00:15 - [TEST_STEP][PASSED] - Statement - PreSaveFile = new java.io.File(((pathPrefix + java.lang.Integer.toString(counter)) + .png)): null

2019-01-03 21:00:15 - [TEST_STEP][PASSED] - Statement - counter = counter + 1: null

2019-01-03 21:00:15 - [TEST_STEP][PASSED] - Statement - PreSaveFile = new java.io.File(((pathPrefix + java.lang.Integer.toString(counter)) + .png)): null

2019-01-03 21:00:15 - [TEST_STEP][PASSED] - Statement - counter = counter + 1: null

2019-01-03 21:00:15 - [TEST_STEP][PASSED] - Statement - PreSaveFile = new java.io.File(((pathPrefix + java.lang.Integer.toString(counter)) + .png)): null

2019-01-03 21:00:15 - [TEST_STEP][PASSED] - Statement - counter = counter + 1: null

2019-01-03 21:00:15 - [TEST_STEP][PASSED] - Statement - PreSaveFile = new java.io.File(((pathPrefix + java.lang.Integer.toString(counter)) + .png)): null

2019-01-03 21:00:15 - [TEST_STEP][PASSED] - Statement - counter = counter + 1: null

2019-01-03 21:00:15 - [TEST_STEP][PASSED] - Statement - PreSaveFile = new java.io.File(((pathPrefix + java.lang.Integer.toString(counter)) + .png)): null

2019-01-03 21:00:15 - [TEST_STEP][PASSED] - Statement - counter = counter + 1: null

2019-01-03 21:00:15 - [TEST_STEP][PASSED] - Statement - PreSaveFile = new java.io.File(((pathPrefix + java.lang.Integer.toString(counter)) + .png)): null

2019-01-03 21:00:15 - [TEST_STEP][PASSED] - Statement - counter = counter + 1: null

2019-01-03 21:00:15 - [TEST_STEP][PASSED] - Statement - PreSaveFile = new java.io.File(((pathPrefix + java.lang.Integer.toString(counter)) + .png)): null

2019-01-03 21:00:15 - [TEST_STEP][PASSED] - Statement - counter = counter + 1: null

2019-01-03 21:00:15 - [TEST_STEP][PASSED] - Statement - PreSaveFile = new java.io.File(((pathPrefix + java.lang.Integer.toString(counter)) + .png)): null

2019-01-03 21:00:15 - [TEST_STEP][PASSED] - Statement - counter = counter + 1: null

2019-01-03 21:00:15 - [TEST_STEP][PASSED] - Statement - PreSaveFile = new java.io.File(((pathPrefix + java.lang.Integer.toString(counter)) + .png)): null

2019-01-03 21:00:15 - [TEST_STEP][PASSED] - Statement - counter = counter + 1: null

2019-01-03 21:00:15 - [TEST_STEP][PASSED] - Statement - PreSaveFile = new java.io.File(((pathPrefix + java.lang.Integer.toString(counter)) + .png)): null

2019-01-03 21:00:15 - [TEST_STEP][PASSED] - Statement - counter = counter + 1: null

2019-01-03 21:00:15 - [TEST_STEP][PASSED] - Statement - PreSaveFile = new java.io.File(((pathPrefix + java.lang.Integer.toString(counter)) + .png)): null

2019-01-03 21:00:15 - [TEST_STEP][PASSED] - Statement - counter = counter + 1: null

2019-01-03 21:00:15 - [TEST_STEP][PASSED] - Statement - PreSaveFile = new java.io.File(((pathPrefix + java.lang.Integer.toString(counter)) + .png)): null

2019-01-03 21:00:15 - [TEST_STEP][PASSED] - Statement - counter = counter + 1: null

2019-01-03 21:00:15 - [TEST_STEP][PASSED] - Statement - PreSaveFile = new java.io.File(((pathPrefix + java.lang.Integer.toString(counter)) + .png)): null

2019-01-03 21:00:15 - [TEST_STEP][PASSED] - Statement - counter = counter + 1: null

2019-01-03 21:00:15 - [TEST_STEP][PASSED] - Statement - PreSaveFile = new java.io.File(((pathPrefix + java.lang.Integer.toString(counter)) + .png)): null

2019-01-03 21:00:15 - [TEST_STEP][PASSED] - Statement - counter = counter + 1: null

2019-01-03 21:00:15 - [TEST_STEP][PASSED] - Statement - PreSaveFile = new java.io.File(((pathPrefix + java.lang.Integer.toString(counter)) + .png)): null

2019-01-03 21:00:15 - [TEST_STEP][PASSED] - Statement - counter = counter + 1: null

2019-01-03 21:00:15 - [TEST_STEP][PASSED] - Statement - PreSaveFile = new java.io.File(((pathPrefix + java.lang.Integer.toString(counter)) + .png)): null

2019-01-03 21:00:15 - [TEST_STEP][PASSED] - Statement - counter = counter + 1: null

2019-01-03 21:00:15 - [TEST_STEP][PASSED] - Statement - PreSaveFile = new java.io.File(((pathPrefix + java.lang.Integer.toString(counter)) + .png)): null

2019-01-03 21:00:15 - [TEST_STEP][PASSED] - Statement - counter = counter + 1: null

2019-01-03 21:00:15 - [TEST_STEP][PASSED] - Statement - PreSaveFile = new java.io.File(((pathPrefix + java.lang.Integer.toString(counter)) + .png)): null

2019-01-03 21:00:15 - [TEST_STEP][PASSED] - Statement - counter = counter + 1: null

2019-01-03 21:00:15 - [TEST_STEP][PASSED] - Statement - PreSaveFile = new java.io.File(((pathPrefix + java.lang.Integer.toString(counter)) + .png)): null

2019-01-03 21:00:15 - [TEST_STEP][PASSED] - Statement - counter = counter + 1: null

2019-01-03 21:00:15 - [TEST_STEP][PASSED] - Statement - PreSaveFile = new java.io.File(((pathPrefix + java.lang.Integer.toString(counter)) + .png)): null

2019-01-03 21:00:15 - [TEST_STEP][PASSED] - Statement - counter = counter + 1: null

2019-01-03 21:00:15 - [TEST_STEP][PASSED] - Statement - PreSaveFile = new java.io.File(((pathPrefix + java.lang.Integer.toString(counter)) + .png)): null

2019-01-03 21:00:15 - [TEST_STEP][PASSED] - Statement - counter = counter + 1: null

2019-01-03 21:00:15 - [TEST_STEP][PASSED] - Statement - PreSaveFile = new java.io.File(((pathPrefix + java.lang.Integer.toString(counter)) + .png)): null

2019-01-03 21:00:15 - [TEST_STEP][PASSED] - Statement - counter = counter + 1: null

2019-01-03 21:00:15 - [TEST_STEP][PASSED] - Statement - PreSaveFile = new java.io.File(((pathPrefix + java.lang.Integer.toString(counter)) + .png)): null

2019-01-03 21:00:15 - [TEST_STEP][PASSED] - Statement - counter = counter + 1: null

2019-01-03 21:00:15 - [TEST_STEP][PASSED] - Statement - PreSaveFile = new java.io.File(((pathPrefix + java.lang.Integer.toString(counter)) + .png)): null

2019-01-03 21:00:15 - [TEST_STEP][PASSED] - Statement - counter = counter + 1: null

2019-01-03 21:00:15 - [TEST_STEP][PASSED] - Statement - PreSaveFile = new java.io.File(((pathPrefix + java.lang.Integer.toString(counter)) + .png)): null

2019-01-03 21:00:15 - [TEST_STEP][PASSED] - Statement - counter = counter + 1: null

2019-01-03 21:00:15 - [TEST_STEP][PASSED] - Statement - PreSaveFile = new java.io.File(((pathPrefix + java.lang.Integer.toString(counter)) + .png)): null

2019-01-03 21:00:15 - [TEST_STEP][PASSED] - Statement - counter = counter + 1: null

2019-01-03 21:00:15 - [TEST_STEP][PASSED] - Statement - PreSaveFile = new java.io.File(((pathPrefix + java.lang.Integer.toString(counter)) + .png)): null

2019-01-03 21:00:15 - [TEST_STEP][PASSED] - Statement - counter = counter + 1: null

2019-01-03 21:00:15 - [TEST_STEP][PASSED] - Statement - PreSaveFile = new java.io.File(((pathPrefix + java.lang.Integer.toString(counter)) + .png)): null

2019-01-03 21:00:15 - [TEST_STEP][PASSED] - Statement - counter = counter + 1: null

2019-01-03 21:00:15 - [TEST_STEP][PASSED] - Statement - PreSaveFile = new java.io.File(((pathPrefix + java.lang.Integer.toString(counter)) + .png)): null

2019-01-03 21:00:15 - [TEST_STEP][PASSED] - Statement - counter = counter + 1: null

2019-01-03 21:00:15 - [TEST_STEP][PASSED] - Statement - PreSaveFile = new java.io.File(((pathPrefix + java.lang.Integer.toString(counter)) + .png)): null

2019-01-03 21:00:15 - [TEST_STEP][PASSED] - Statement - counter = counter + 1: null

2019-01-03 21:00:15 - [TEST_STEP][PASSED] - Statement - PreSaveFile = new java.io.File(((pathPrefix + java.lang.Integer.toString(counter)) + .png)): null

2019-01-03 21:00:15 - [TEST_STEP][PASSED] - Statement - counter = counter + 1: null

2019-01-03 21:00:15 - [TEST_STEP][PASSED] - Statement - PreSaveFile = new java.io.File(((pathPrefix + java.lang.Integer.toString(counter)) + .png)): null

2019-01-03 21:00:15 - [TEST_STEP][PASSED] - Statement - counter = counter + 1: null

2019-01-03 21:00:15 - [TEST_STEP][PASSED] - Statement - PreSaveFile = new java.io.File(((pathPrefix + java.lang.Integer.toString(counter)) + .png)): null

2019-01-03 21:00:15 - [TEST_STEP][PASSED] - Statement - counter = counter + 1: null

2019-01-03 21:00:15 - [TEST_STEP][PASSED] - Statement - PreSaveFile = new java.io.File(((pathPrefix + java.lang.Integer.toString(counter)) + .png)): null

2019-01-03 21:00:15 - [TEST_STEP][PASSED] - Statement - counter = counter + 1: null

2019-01-03 21:00:15 - [TEST_STEP][PASSED] - Statement - PreSaveFile = new java.io.File(((pathPrefix + java.lang.Integer.toString(counter)) + .png)): null

2019-01-03 21:00:15 - [TEST_STEP][PASSED] - Statement - counter = counter + 1: null

2019-01-03 21:00:15 - [TEST_STEP][PASSED] - Statement - PreSaveFile = new java.io.File(((pathPrefix + java.lang.Integer.toString(counter)) + .png)): null

2019-01-03 21:00:15 - [TEST_STEP][PASSED] - Statement - counter = counter + 1: null

2019-01-03 21:00:15 - [TEST_STEP][PASSED] - Statement - PreSaveFile = new java.io.File(((pathPrefix + java.lang.Integer.toString(counter)) + .png)): null

2019-01-03 21:00:15 - [TEST_STEP][PASSED] - Statement - counter = counter + 1: null

2019-01-03 21:00:15 - [TEST_STEP][PASSED] - Statement - PreSaveFile = new java.io.File(((pathPrefix + java.lang.Integer.toString(counter)) + .png)): null

2019-01-03 21:00:15 - [TEST_STEP][PASSED] - Statement - counter = counter + 1: null

2019-01-03 21:00:15 - [TEST_STEP][PASSED] - Statement - PreSaveFile = new java.io.File(((pathPrefix + java.lang.Integer.toString(counter)) + .png)): null

2019-01-03 21:00:15 - [TEST_STEP][PASSED] - Statement - counter = counter + 1: null

2019-01-03 21:00:15 - [TEST_STEP][PASSED] - Statement - PreSaveFile = new java.io.File(((pathPrefix + java.lang.Integer.toString(counter)) + .png)): null

2019-01-03 21:00:15 - [TEST_STEP][PASSED] - Statement - counter = counter + 1: null

2019-01-03 21:00:15 - [TEST_STEP][PASSED] - Statement - PreSaveFile = new java.io.File(((pathPrefix + java.lang.Integer.toString(counter)) + .png)): null

2019-01-03 21:00:15 - [TEST_STEP][PASSED] - Statement - counter = counter + 1: null

2019-01-03 21:00:15 - [TEST_STEP][PASSED] - Statement - PreSaveFile = new java.io.File(((pathPrefix + java.lang.Integer.toString(counter)) + .png)): null

2019-01-03 21:00:15 - [TEST_STEP][PASSED] - Statement - counter = counter + 1: null

2019-01-03 21:00:15 - [TEST_STEP][PASSED] - Statement - PreSaveFile = new java.io.File(((pathPrefix + java.lang.Integer.toString(counter)) + .png)): null

2019-01-03 21:00:15 - [TEST_STEP][PASSED] - Statement - counter = counter + 1: null

2019-01-03 21:00:15 - [TEST_STEP][PASSED] - Statement - PreSaveFile = new java.io.File(((pathPrefix + java.lang.Integer.toString(counter)) + .png)): null

2019-01-03 21:00:15 - [TEST_STEP][PASSED] - Statement - counter = counter + 1: null

2019-01-03 21:00:15 - [TEST_STEP][PASSED] - Statement - PreSaveFile = new java.io.File(((pathPrefix + java.lang.Integer.toString(counter)) + .png)): null

2019-01-03 21:00:15 - [TEST_STEP][PASSED] - Statement - counter = counter + 1: null

2019-01-03 21:00:15 - [TEST_STEP][PASSED] - Statement - PreSaveFile = new java.io.File(((pathPrefix + java.lang.Integer.toString(counter)) + .png)): null

2019-01-03 21:00:15 - [TEST_STEP][PASSED] - Statement - counter = counter + 1: null

2019-01-03 21:00:15 - [TEST_STEP][PASSED] - Statement - PreSaveFile = new java.io.File(((pathPrefix + java.lang.Integer.toString(counter)) + .png)): null

2019-01-03 21:00:15 - [TEST_STEP][PASSED] - Statement - counter = counter + 1: null

2019-01-03 21:00:15 - [TEST_STEP][PASSED] - Statement - PreSaveFile = new java.io.File(((pathPrefix + java.lang.Integer.toString(counter)) + .png)): null

2019-01-03 21:00:15 - [TEST_STEP][PASSED] - Statement - counter = counter + 1: null

2019-01-03 21:00:15 - [TEST_STEP][PASSED] - Statement - PreSaveFile = new java.io.File(((pathPrefix + java.lang.Integer.toString(counter)) + .png)): null

2019-01-03 21:00:15 - [TEST_STEP][PASSED] - Statement - counter = counter + 1: null

2019-01-03 21:00:15 - [TEST_STEP][PASSED] - Statement - PreSaveFile = new java.io.File(((pathPrefix + java.lang.Integer.toString(counter)) + .png)): null

2019-01-03 21:00:15 - [TEST_STEP][PASSED] - Statement - counter = counter + 1: null

2019-01-03 21:00:15 - [TEST_STEP][PASSED] - Statement - PreSaveFile = new java.io.File(((pathPrefix + java.lang.Integer.toString(counter)) + .png)): null

2019-01-03 21:00:15 - [TEST_STEP][PASSED] - Statement - counter = counter + 1: null

2019-01-03 21:00:15 - [TEST_STEP][PASSED] - Statement - PreSaveFile = new java.io.File(((pathPrefix + java.lang.Integer.toString(counter)) + .png)): null

2019-01-03 21:00:15 - [TEST_STEP][PASSED] - Statement - counter = counter + 1: null

2019-01-03 21:00:15 - [TEST_STEP][PASSED] - Statement - PreSaveFile = new java.io.File(((pathPrefix + java.lang.Integer.toString(counter)) + .png)): null

2019-01-03 21:00:15 - [TEST_STEP][PASSED] - Statement - counter = counter + 1: null

2019-01-03 21:00:15 - [TEST_STEP][PASSED] - Statement - PreSaveFile = new java.io.File(((pathPrefix + java.lang.Integer.toString(counter)) + .png)): null

2019-01-03 21:00:15 - [TEST_STEP][PASSED] - Statement - counter = counter + 1: null

2019-01-03 21:00:15 - [TEST_STEP][PASSED] - Statement - PreSaveFile = new java.io.File(((pathPrefix + java.lang.Integer.toString(counter)) + .png)): null

2019-01-03 21:00:15 - [TEST_STEP][PASSED] - Statement - counter = counter + 1: null

2019-01-03 21:00:15 - [TEST_STEP][PASSED] - Statement - PreSaveFile = new java.io.File(((pathPrefix + java.lang.Integer.toString(counter)) + .png)): null

2019-01-03 21:00:15 - [TEST_STEP][PASSED] - Statement - counter = counter + 1: null

2019-01-03 21:00:15 - [TEST_STEP][PASSED] - Statement - PreSaveFile = new java.io.File(((pathPrefix + java.lang.Integer.toString(counter)) + .png)): null

2019-01-03 21:00:15 - [TEST_STEP][PASSED] - Statement - counter = counter + 1: null

2019-01-03 21:00:15 - [TEST_STEP][PASSED] - Statement - PreSaveFile = new java.io.File(((pathPrefix + java.lang.Integer.toString(counter)) + .png)): null

2019-01-03 21:00:15 - [TEST_STEP][PASSED] - Statement - counter = counter + 1: null

2019-01-03 21:00:15 - [TEST_STEP][PASSED] - Statement - PreSaveFile = new java.io.File(((pathPrefix + java.lang.Integer.toString(counter)) + .png)): null

2019-01-03 21:00:15 - [TEST_STEP][PASSED] - Statement - counter = counter + 1: null

2019-01-03 21:00:15 - [TEST_STEP][PASSED] - Statement - PreSaveFile = new java.io.File(((pathPrefix + java.lang.Integer.toString(counter)) + .png)): null

2019-01-03 21:00:15 - [TEST_STEP][PASSED] - Statement - counter = counter + 1: null

2019-01-03 21:00:15 - [TEST_STEP][PASSED] - Statement - PreSaveFile = new java.io.File(((pathPrefix + java.lang.Integer.toString(counter)) + .png)): null

2019-01-03 21:00:15 - [TEST_STEP][PASSED] - Statement - counter = counter + 1: null

2019-01-03 21:00:15 - [TEST_STEP][PASSED] - Statement - PreSaveFile = new java.io.File(((pathPrefix + java.lang.Integer.toString(counter)) + .png)): null

2019-01-03 21:00:15 - [TEST_STEP][PASSED] - Statement - counter = counter + 1: null

2019-01-03 21:00:15 - [TEST_STEP][PASSED] - Statement - PreSaveFile = new java.io.File(((pathPrefix + java.lang.Integer.toString(counter)) + .png)): null

2019-01-03 21:00:15 - [TEST_STEP][PASSED] - Statement - counter = counter + 1: null

2019-01-03 21:00:15 - [TEST_STEP][PASSED] - Statement - PreSaveFile = new java.io.File(((pathPrefix + java.lang.Integer.toString(counter)) + .png)): null

2019-01-03 21:00:15 - [TEST_STEP][PASSED] - Statement - counter = counter + 1: null

2019-01-03 21:00:15 - [TEST_STEP][PASSED] - Statement - PreSaveFile = new java.io.File(((pathPrefix + java.lang.Integer.toString(counter)) + .png)): null

2019-01-03 21:00:15 - [TEST_STEP][PASSED] - Statement - counter = counter + 1: null

2019-01-03 21:00:15 - [TEST_STEP][PASSED] - Statement - PreSaveFile = new java.io.File(((pathPrefix + java.lang.Integer.toString(counter)) + .png)): null

2019-01-03 21:00:15 - [TEST_STEP][PASSED] - Statement - counter = counter + 1: null

2019-01-03 21:00:15 - [TEST_STEP][PASSED] - Statement - PreSaveFile = new java.io.File(((pathPrefix + java.lang.Integer.toString(counter)) + .png)): null

2019-01-03 21:00:15 - [TEST_STEP][PASSED] - Statement - counter = counter + 1: null

2019-01-03 21:00:15 - [TEST_STEP][PASSED] - Statement - PreSaveFile = new java.io.File(((pathPrefix + java.lang.Integer.toString(counter)) + .png)): null

2019-01-03 21:00:15 - [TEST_STEP][PASSED] - Statement - counter = counter + 1: null

2019-01-03 21:00:15 - [TEST_STEP][PASSED] - Statement - PreSaveFile = new java.io.File(((pathPrefix + java.lang.Integer.toString(counter)) + .png)): null

2019-01-03 21:00:15 - [TEST_STEP][PASSED] - Statement - counter = counter + 1: null

2019-01-03 21:00:15 - [TEST_STEP][PASSED] - Statement - PreSaveFile = new java.io.File(((pathPrefix + java.lang.Integer.toString(counter)) + .png)): null

2019-01-03 21:00:15 - [TEST_STEP][PASSED] - Statement - counter = counter + 1: null

2019-01-03 21:00:15 - [TEST_STEP][PASSED] - Statement - PreSaveFile = new java.io.File(((pathPrefix + java.lang.Integer.toString(counter)) + .png)): null

2019-01-03 21:00:15 - [TEST_STEP][PASSED] - Statement - counter = counter + 1: null

2019-01-03 21:00:15 - [TEST_STEP][PASSED] - Statement - PreSaveFile = new java.io.File(((pathPrefix + java.lang.Integer.toString(counter)) + .png)): null

2019-01-03 21:00:15 - [TEST_STEP][PASSED] - Statement - counter = counter + 1: null

2019-01-03 21:00:15 - [TEST_STEP][PASSED] - Statement - PreSaveFile = new java.io.File(((pathPrefix + java.lang.Integer.toString(counter)) + .png)): null

2019-01-03 21:00:15 - [TEST_STEP][PASSED] - Statement - counter = counter + 1: null

2019-01-03 21:00:15 - [TEST_STEP][PASSED] - Statement - PreSaveFile = new java.io.File(((pathPrefix + java.lang.Integer.toString(counter)) + .png)): null

2019-01-03 21:00:15 - [TEST_STEP][PASSED] - Statement - counter = counter + 1: null

2019-01-03 21:00:15 - [TEST_STEP][PASSED] - Statement - PreSaveFile = new java.io.File(((pathPrefix + java.lang.Integer.toString(counter)) + .png)): null

2019-01-03 21:00:15 - [TEST_STEP][PASSED] - Statement - counter = counter + 1: null

2019-01-03 21:00:15 - [TEST_STEP][PASSED] - Statement - PreSaveFile = new java.io.File(((pathPrefix + java.lang.Integer.toString(counter)) + .png)): null

2019-01-03 21:00:15 - [TEST_STEP][PASSED] - Statement - counter = counter + 1: null

2019-01-03 21:00:15 - [TEST_STEP][PASSED] - Statement - PreSaveFile = new java.io.File(((pathPrefix + java.lang.Integer.toString(counter)) + .png)): null

2019-01-03 21:00:15 - [TEST_STEP][PASSED] - Statement - counter = counter + 1: null

2019-01-03 21:00:15 - [TEST_STEP][PASSED] - Statement - PreSaveFile = new java.io.File(((pathPrefix + java.lang.Integer.toString(counter)) + .png)): null

2019-01-03 21:00:15 - [TEST_STEP][PASSED] - Statement - counter = counter + 1: null

2019-01-03 21:00:15 - [TEST_STEP][PASSED] - Statement - PreSaveFile = new java.io.File(((pathPrefix + java.lang.Integer.toString(counter)) + .png)): null

2019-01-03 21:00:15 - [TEST_STEP][PASSED] - Statement - counter = counter + 1: null

2019-01-03 21:00:15 - [TEST_STEP][PASSED] - Statement - PreSaveFile = new java.io.File(((pathPrefix + java.lang.Integer.toString(counter)) + .png)): null

2019-01-03 21:00:15 - [TEST_STEP][PASSED] - Statement - counter = counter + 1: null

2019-01-03 21:00:15 - [TEST_STEP][PASSED] - Statement - PreSaveFile = new java.io.File(((pathPrefix + java.lang.Integer.toString(counter)) + .png)): null

2019-01-03 21:00:15 - [TEST_STEP][PASSED] - Statement - counter = counter + 1: null

2019-01-03 21:00:15 - [TEST_STEP][PASSED] - Statement - PreSaveFile = new java.io.File(((pathPrefix + java.lang.Integer.toString(counter)) + .png)): null

2019-01-03 21:00:15 - [TEST_STEP][PASSED] - Statement - counter = counter + 1: null

2019-01-03 21:00:15 - [TEST_STEP][PASSED] - Statement - PreSaveFile = new java.io.File(((pathPrefix + java.lang.Integer.toString(counter)) + .png)): null

2019-01-03 21:00:15 - [TEST_STEP][PASSED] - Statement - counter = counter + 1: null

2019-01-03 21:00:15 - [TEST_STEP][PASSED] - Statement - PreSaveFile = new java.io.File(((pathPrefix + java.lang.Integer.toString(counter)) + .png)): null

2019-01-03 21:00:15 - [TEST_STEP][PASSED] - Statement - counter = counter + 1: null

2019-01-03 21:00:15 - [TEST_STEP][PASSED] - Statement - PreSaveFile = new java.io.File(((pathPrefix + java.lang.Integer.toString(counter)) + .png)): null

2019-01-03 21:00:15 - [TEST_STEP][PASSED] - Statement - counter = counter + 1: null

2019-01-03 21:00:15 - [TEST_STEP][PASSED] - Statement - PreSaveFile = new java.io.File(((pathPrefix + java.lang.Integer.toString(counter)) + .png)): null

2019-01-03 21:00:15 - [TEST_STEP][PASSED] - Statement - counter = counter + 1: null

2019-01-03 21:00:15 - [TEST_STEP][PASSED] - Statement - PreSaveFile = new java.io.File(((pathPrefix + java.lang.Integer.toString(counter)) + .png)): null

2019-01-03 21:00:15 - [TEST_STEP][PASSED] - Statement - counter = counter + 1: null

2019-01-03 21:00:15 - [TEST_STEP][PASSED] - Statement - PreSaveFile = new java.io.File(((pathPrefix + java.lang.Integer.toString(counter)) + .png)): null

2019-01-03 21:00:15 - [TEST_STEP][PASSED] - Statement - counter = counter + 1: null

2019-01-03 21:00:15 - [TEST_STEP][PASSED] - Statement - PreSaveFile = new java.io.File(((pathPrefix + java.lang.Integer.toString(counter)) + .png)): null

2019-01-03 21:00:15 - [TEST_STEP][PASSED] - Statement - counter = counter + 1: null

2019-01-03 21:00:15 - [TEST_STEP][PASSED] - Statement - PreSaveFile = new java.io.File(((pathPrefix + java.lang.Integer.toString(counter)) + .png)): null

2019-01-03 21:00:15 - [TEST_STEP][PASSED] - Statement - counter = counter + 1: null

2019-01-03 21:00:15 - [TEST_STEP][PASSED] - Statement - PreSaveFile = new java.io.File(((pathPrefix + java.lang.Integer.toString(counter)) + .png)): null

2019-01-03 21:00:15 - [TEST_STEP][PASSED] - Statement - counter = counter + 1: null

2019-01-03 21:00:15 - [TEST_STEP][PASSED] - Statement - PreSaveFile = new java.io.File(((pathPrefix + java.lang.Integer.toString(counter)) + .png)): null

2019-01-03 21:00:15 - [TEST_STEP][PASSED] - Statement - counter = counter + 1: null

2019-01-03 21:00:15 - [TEST_STEP][PASSED] - Statement - PreSaveFile = new java.io.File(((pathPrefix + java.lang.Integer.toString(counter)) + .png)): null

2019-01-03 21:00:15 - [TEST_STEP][PASSED] - Statement - counter = counter + 1: null

2019-01-03 21:00:15 - [TEST_STEP][PASSED] - Statement - PreSaveFile = new java.io.File(((pathPrefix + java.lang.Integer.toString(counter)) + .png)): null

2019-01-03 21:00:15 - [TEST_STEP][PASSED] - Statement - counter = counter + 1: null

2019-01-03 21:00:15 - [TEST_STEP][PASSED] - Statement - PreSaveFile = new java.io.File(((pathPrefix + java.lang.Integer.toString(counter)) + .png)): null

2019-01-03 21:00:15 - [TEST_STEP][PASSED] - Statement - counter = counter + 1: null

2019-01-03 21:00:15 - [TEST_STEP][PASSED] - Statement - PreSaveFile = new java.io.File(((pathPrefix + java.lang.Integer.toString(counter)) + .png)): null

2019-01-03 21:00:15 - [TEST_STEP][PASSED] - Statement - counter = counter + 1: null

2019-01-03 21:00:15 - [TEST_STEP][PASSED] - Statement - PreSaveFile = new java.io.File(((pathPrefix + java.lang.Integer.toString(counter)) + .png)): null

2019-01-03 21:00:15 - [TEST_STEP][PASSED] - Statement - counter = counter + 1: null

2019-01-03 21:00:15 - [TEST_STEP][PASSED] - Statement - PreSaveFile = new java.io.File(((pathPrefix + java.lang.Integer.toString(counter)) + .png)): null

2019-01-03 21:00:15 - [TEST_STEP][PASSED] - Statement - counter = counter + 1: null

2019-01-03 21:00:15 - [TEST_STEP][PASSED] - Statement - PreSaveFile = new java.io.File(((pathPrefix + java.lang.Integer.toString(counter)) + .png)): null

2019-01-03 21:00:15 - [TEST_STEP][PASSED] - Statement - counter = counter + 1: null

2019-01-03 21:00:15 - [TEST_STEP][PASSED] - Statement - PreSaveFile = new java.io.File(((pathPrefix + java.lang.Integer.toString(counter)) + .png)): null

2019-01-03 21:00:15 - [TEST_STEP][PASSED] - Statement - counter = counter + 1: null

2019-01-03 21:00:15 - [TEST_STEP][PASSED] - Statement - PreSaveFile = new java.io.File(((pathPrefix + java.lang.Integer.toString(counter)) + .png)): null

2019-01-03 21:00:15 - [TEST_STEP][PASSED] - Statement - counter = counter + 1: null

2019-01-03 21:00:15 - [TEST_STEP][PASSED] - Statement - PreSaveFile = new java.io.File(((pathPrefix + java.lang.Integer.toString(counter)) + .png)): null

2019-01-03 21:00:15 - [TEST_STEP][PASSED] - Statement - counter = counter + 1: null

2019-01-03 21:00:15 - [TEST_STEP][PASSED] - Statement - PreSaveFile = new java.io.File(((pathPrefix + java.lang.Integer.toString(counter)) + .png)): null

2019-01-03 21:00:15 - [TEST_STEP][PASSED] - Statement - counter = counter + 1: null

2019-01-03 21:00:15 - [TEST_STEP][PASSED] - Statement - PreSaveFile = new java.io.File(((pathPrefix + java.lang.Integer.toString(counter)) + .png)): null

2019-01-03 21:00:15 - [TEST_STEP][PASSED] - Statement - counter = counter + 1: null

2019-01-03 21:00:15 - [TEST_STEP][PASSED] - Statement - PreSaveFile = new java.io.File(((pathPrefix + java.lang.Integer.toString(counter)) + .png)): null

2019-01-03 21:00:15 - [TEST_STEP][PASSED] - Statement - counter = counter + 1: null

2019-01-03 21:00:15 - [TEST_STEP][PASSED] - Statement - PreSaveFile = new java.io.File(((pathPrefix + java.lang.Integer.toString(counter)) + .png)): null

2019-01-03 21:00:15 - [TEST_STEP][PASSED] - Statement - counter = counter + 1: null

2019-01-03 21:00:15 - [TEST_STEP][PASSED] - Statement - PreSaveFile = new java.io.File(((pathPrefix + java.lang.Integer.toString(counter)) + .png)): null

2019-01-03 21:00:15 - [TEST_STEP][PASSED] - Statement - counter = counter + 1: null

2019-01-03 21:00:15 - [TEST_STEP][PASSED] - Statement - PreSaveFile = new java.io.File(((pathPrefix + java.lang.Integer.toString(counter)) + .png)): null

2019-01-03 21:00:15 - [TEST_STEP][PASSED] - Statement - counter = counter + 1: null

2019-01-03 21:00:15 - [TEST_STEP][PASSED] - Statement - PreSaveFile = new java.io.File(((pathPrefix + java.lang.Integer.toString(counter)) + .png)): null

2019-01-03 21:00:15 - [TEST_STEP][PASSED] - Statement - counter = counter + 1: null

2019-01-03 21:00:15 - [TEST_STEP][PASSED] - Statement - PreSaveFile = new java.io.File(((pathPrefix + java.lang.Integer.toString(counter)) + .png)): null

2019-01-03 21:00:15 - [TEST_STEP][PASSED] - Statement - counter = counter + 1: null

2019-01-03 21:00:15 - [TEST_STEP][PASSED] - Statement - PreSaveFile = new java.io.File(((pathPrefix + java.lang.Integer.toString(counter)) + .png)): null

2019-01-03 21:00:15 - [TEST_STEP][PASSED] - Statement - counter = counter + 1: null

2019-01-03 21:00:15 - [TEST_STEP][PASSED] - Statement - PreSaveFile = new java.io.File(((pathPrefix + java.lang.Integer.toString(counter)) + .png)): null

2019-01-03 21:00:15 - [TEST_STEP][PASSED] - Statement - counter = counter + 1: null

2019-01-03 21:00:15 - [TEST_STEP][PASSED] - Statement - PreSaveFile = new java.io.File(((pathPrefix + java.lang.Integer.toString(counter)) + .png)): null

2019-01-03 21:00:15 - [TEST_STEP][PASSED] - Statement - counter = counter + 1: null

2019-01-03 21:00:15 - [TEST_STEP][PASSED] - Statement - PreSaveFile = new java.io.File(((pathPrefix + java.lang.Integer.toString(counter)) + .png)): null

2019-01-03 21:00:15 - [TEST_STEP][PASSED] - Statement - counter = counter + 1: null

2019-01-03 21:00:15 - [TEST_STEP][PASSED] - Statement - PreSaveFile = new java.io.File(((pathPrefix + java.lang.Integer.toString(counter)) + .png)): null

2019-01-03 21:00:15 - [TEST_STEP][PASSED] - Statement - counter = counter + 1: null

2019-01-03 21:00:15 - [TEST_STEP][PASSED] - Statement - PreSaveFile = new java.io.File(((pathPrefix + java.lang.Integer.toString(counter)) + .png)): null

2019-01-03 21:00:15 - [TEST_STEP][PASSED] - Statement - counter = counter + 1: null

2019-01-03 21:00:15 - [TEST_STEP][PASSED] - Statement - PreSaveFile = new java.io.File(((pathPrefix + java.lang.Integer.toString(counter)) + .png)): null

2019-01-03 21:00:15 - [TEST_STEP][PASSED] - Statement - counter = counter + 1: null

2019-01-03 21:00:15 - [TEST_STEP][PASSED] - Statement - PreSaveFile = new java.io.File(((pathPrefix + java.lang.Integer.toString(counter)) + .png)): null

2019-01-03 21:00:15 - [TEST_STEP][PASSED] - Statement - counter = counter + 1: null

2019-01-03 21:00:15 - [TEST_STEP][PASSED] - Statement - PreSaveFile = new java.io.File(((pathPrefix + java.lang.Integer.toString(counter)) + .png)): null

2019-01-03 21:00:15 - [TEST_STEP][PASSED] - Statement - counter = counter + 1: null

2019-01-03 21:00:15 - [TEST_STEP][PASSED] - Statement - PreSaveFile = new java.io.File(((pathPrefix + java.lang.Integer.toString(counter)) + .png)): null

2019-01-03 21:00:15 - [TEST_STEP][PASSED] - Statement - counter = counter + 1: null

2019-01-03 21:00:15 - [TEST_STEP][PASSED] - Statement - PreSaveFile = new java.io.File(((pathPrefix + java.lang.Integer.toString(counter)) + .png)): null

2019-01-03 21:00:15 - [TEST_STEP][PASSED] - Statement - counter = counter + 1: null

2019-01-03 21:00:15 - [TEST_STEP][PASSED] - Statement - PreSaveFile = new java.io.File(((pathPrefix + java.lang.Integer.toString(counter)) + .png)): null

2019-01-03 21:00:15 - [TEST_STEP][PASSED] - Statement - counter = counter + 1: null

2019-01-03 21:00:15 - [TEST_STEP][PASSED] - Statement - PreSaveFile = new java.io.File(((pathPrefix + java.lang.Integer.toString(counter)) + .png)): null

2019-01-03 21:00:15 - [TEST_STEP][PASSED] - Statement - counter = counter + 1: null

2019-01-03 21:00:15 - [TEST_STEP][PASSED] - Statement - PreSaveFile = new java.io.File(((pathPrefix + java.lang.Integer.toString(counter)) + .png)): null

2019-01-03 21:00:15 - [TEST_STEP][PASSED] - Statement - counter = counter + 1: null

2019-01-03 21:00:15 - [TEST_STEP][PASSED] - Statement - PreSaveFile = new java.io.File(((pathPrefix + java.lang.Integer.toString(counter)) + .png)): null

2019-01-03 21:00:15 - [TEST_STEP][PASSED] - Statement - counter = counter + 1: null

2019-01-03 21:00:15 - [TEST_STEP][PASSED] - Statement - PreSaveFile = new java.io.File(((pathPrefix + java.lang.Integer.toString(counter)) + .png)): null

2019-01-03 21:00:15 - [TEST_STEP][PASSED] - Statement - counter = counter + 1: null

2019-01-03 21:00:15 - [TEST_STEP][PASSED] - Statement - PreSaveFile = new java.io.File(((pathPrefix + java.lang.Integer.toString(counter)) + .png)): null

2019-01-03 21:00:15 - [TEST_STEP][PASSED] - Statement - counter = counter + 1: null

2019-01-03 21:00:15 - [TEST_STEP][PASSED] - Statement - PreSaveFile = new java.io.File(((pathPrefix + java.lang.Integer.toString(counter)) + .png)): null

2019-01-03 21:00:15 - [TEST_STEP][PASSED] - Statement - counter = counter + 1: null

2019-01-03 21:00:15 - [TEST_STEP][PASSED] - Statement - PreSaveFile = new java.io.File(((pathPrefix + java.lang.Integer.toString(counter)) + .png)): null

2019-01-03 21:00:15 - [TEST_STEP][PASSED] - Statement - counter = counter + 1: null

2019-01-03 21:00:15 - [TEST_STEP][PASSED] - Statement - PreSaveFile = new java.io.File(((pathPrefix + java.lang.Integer.toString(counter)) + .png)): null

2019-01-03 21:00:15 - [TEST_STEP][PASSED] - Statement - counter = counter + 1: null

2019-01-03 21:00:15 - [TEST_STEP][PASSED] - Statement - PreSaveFile = new java.io.File(((pathPrefix + java.lang.Integer.toString(counter)) + .png)): null

2019-01-03 21:00:15 - [TEST_STEP][PASSED] - Statement - counter = counter + 1: null

2019-01-03 21:00:15 - [TEST_STEP][PASSED] - Statement - PreSaveFile = new java.io.File(((pathPrefix + java.lang.Integer.toString(counter)) + .png)): null

2019-01-03 21:00:15 - [TEST_STEP][PASSED] - Statement - counter = counter + 1: null

2019-01-03 21:00:15 - [TEST_STEP][PASSED] - Statement - PreSaveFile = new java.io.File(((pathPrefix + java.lang.Integer.toString(counter)) + .png)): null

2019-01-03 21:00:15 - [TEST_STEP][PASSED] - Statement - counter = counter + 1: null

2019-01-03 21:00:15 - [TEST_STEP][PASSED] - Statement - PreSaveFile = new java.io.File(((pathPrefix + java.lang.Integer.toString(counter)) + .png)): null

2019-01-03 21:00:15 - [TEST_STEP][PASSED] - Statement - counter = counter + 1: null

2019-01-03 21:00:15 - [TEST_STEP][PASSED] - Statement - PreSaveFile = new java.io.File(((pathPrefix + java.lang.Integer.toString(counter)) + .png)): null

2019-01-03 21:00:15 - [TEST_STEP][PASSED] - Statement - counter = counter + 1: null

2019-01-03 21:00:15 - [TEST_STEP][PASSED] - Statement - PreSaveFile = new java.io.File(((pathPrefix + java.lang.Integer.toString(counter)) + .png)): null

2019-01-03 21:00:15 - [TEST_STEP][PASSED] - Statement - counter = counter + 1: null

2019-01-03 21:00:15 - [TEST_STEP][PASSED] - Statement - PreSaveFile = new java.io.File(((pathPrefix + java.lang.Integer.toString(counter)) + .png)): null

2019-01-03 21:00:15 - [TEST_STEP][PASSED] - Statement - counter = counter + 1: null

2019-01-03 21:00:15 - [TEST_STEP][PASSED] - Statement - PreSaveFile = new java.io.File(((pathPrefix + java.lang.Integer.toString(counter)) + .png)): null

2019-01-03 21:00:15 - [TEST_STEP][PASSED] - Statement - counter = counter + 1: null

2019-01-03 21:00:15 - [TEST_STEP][PASSED] - Statement - PreSaveFile = new java.io.File(((pathPrefix + java.lang.Integer.toString(counter)) + .png)): null

2019-01-03 21:00:15 - [TEST_STEP][PASSED] - Statement - counter = counter + 1: null

2019-01-03 21:00:15 - [TEST_STEP][PASSED] - Statement - PreSaveFile = new java.io.File(((pathPrefix + java.lang.Integer.toString(counter)) + .png)): null

2019-01-03 21:00:15 - [TEST_STEP][PASSED] - Statement - counter = counter + 1: null

2019-01-03 21:00:15 - [TEST_STEP][PASSED] - Statement - PreSaveFile = new java.io.File(((pathPrefix + java.lang.Integer.toString(counter)) + .png)): null

2019-01-03 21:00:15 - [TEST_STEP][PASSED] - Statement - counter = counter + 1: null

2019-01-03 21:00:15 - [TEST_STEP][PASSED] - Statement - PreSaveFile = new java.io.File(((pathPrefix + java.lang.Integer.toString(counter)) + .png)): null

2019-01-03 21:00:15 - [TEST_STEP][PASSED] - Statement - counter = counter + 1: null

2019-01-03 21:00:15 - [TEST_STEP][PASSED] - Statement - PreSaveFile = new java.io.File(((pathPrefix + java.lang.Integer.toString(counter)) + .png)): null

2019-01-03 21:00:15 - [TEST_STEP][PASSED] - Statement - counter = counter + 1: null

2019-01-03 21:00:15 - [TEST_STEP][PASSED] - Statement - PreSaveFile = new java.io.File(((pathPrefix + java.lang.Integer.toString(counter)) + .png)): null

2019-01-03 21:00:15 - [TEST_STEP][PASSED] - Statement - counter = counter + 1: null

2019-01-03 21:00:15 - [TEST_STEP][PASSED] - Statement - PreSaveFile = new java.io.File(((pathPrefix + java.lang.Integer.toString(counter)) + .png)): null

2019-01-03 21:00:15 - [TEST_STEP][PASSED] - Statement - counter = counter + 1: null

2019-01-03 21:00:15 - [TEST_STEP][PASSED] - Statement - PreSaveFile = new java.io.File(((pathPrefix + java.lang.Integer.toString(counter)) + .png)): null

2019-01-03 21:00:15 - [TEST_STEP][PASSED] - Statement - counter = counter + 1: null

2019-01-03 21:00:15 - [TEST_STEP][PASSED] - Statement - PreSaveFile = new java.io.File(((pathPrefix + java.lang.Integer.toString(counter)) + .png)): null

2019-01-03 21:00:15 - [TEST_STEP][PASSED] - Statement - counter = counter + 1: null

2019-01-03 21:00:15 - [TEST_STEP][PASSED] - Statement - PreSaveFile = new java.io.File(((pathPrefix + java.lang.Integer.toString(counter)) + .png)): null

2019-01-03 21:00:15 - [TEST_STEP][PASSED] - Statement - counter = counter + 1: null

2019-01-03 21:00:15 - [TEST_STEP][PASSED] - Statement - PreSaveFile = new java.io.File(((pathPrefix + java.lang.Integer.toString(counter)) + .png)): null

2019-01-03 21:00:15 - [TEST_STEP][PASSED] - Statement - counter = counter + 1: null

2019-01-03 21:00:15 - [TEST_STEP][PASSED] - Statement - PreSaveFile = new java.io.File(((pathPrefix + java.lang.Integer.toString(counter)) + .png)): null

2019-01-03 21:00:15 - [TEST_STEP][PASSED] - Statement - counter = counter + 1: null

2019-01-03 21:00:15 - [TEST_STEP][PASSED] - Statement - PreSaveFile = new java.io.File(((pathPrefix + java.lang.Integer.toString(counter)) + .png)): null

2019-01-03 21:00:15 - [TEST_STEP][PASSED] - Statement - counter = counter + 1: null

2019-01-03 21:00:15 - [TEST_STEP][PASSED] - Statement - PreSaveFile = new java.io.File(((pathPrefix + java.lang.Integer.toString(counter)) + .png)): null

2019-01-03 21:00:15 - [TEST_STEP][PASSED] - Statement - counter = counter + 1: null

2019-01-03 21:00:15 - [TEST_STEP][PASSED] - Statement - PreSaveFile = new java.io.File(((pathPrefix + java.lang.Integer.toString(counter)) + .png)): null

2019-01-03 21:00:15 - [TEST_STEP][PASSED] - Statement - counter = counter + 1: null

2019-01-03 21:00:15 - [TEST_STEP][PASSED] - Statement - PreSaveFile = new java.io.File(((pathPrefix + java.lang.Integer.toString(counter)) + .png)): null

2019-01-03 21:00:15 - [TEST_STEP][PASSED] - Statement - counter = counter + 1: null

2019-01-03 21:00:15 - [TEST_STEP][PASSED] - Statement - PreSaveFile = new java.io.File(((pathPrefix + java.lang.Integer.toString(counter)) + .png)): null

2019-01-03 21:00:15 - [TEST_STEP][PASSED] - Statement - counter = counter + 1: null

2019-01-03 21:00:15 - [TEST_STEP][PASSED] - Statement - PreSaveFile = new java.io.File(((pathPrefix + java.lang.Integer.toString(counter)) + .png)): null

2019-01-03 21:00:15 - [TEST_STEP][PASSED] - Statement - counter = counter + 1: null

2019-01-03 21:00:15 - [TEST_STEP][PASSED] - Statement - PreSaveFile = new java.io.File(((pathPrefix + java.lang.Integer.toString(counter)) + .png)): null

2019-01-03 21:00:15 - [TEST_STEP][PASSED] - Statement - counter = counter + 1: null

2019-01-03 21:00:15 - [TEST_STEP][PASSED] - Statement - PreSaveFile = new java.io.File(((pathPrefix + java.lang.Integer.toString(counter)) + .png)): null

2019-01-03 21:00:15 - [TEST_STEP][PASSED] - Statement - counter = counter + 1: null

2019-01-03 21:00:15 - [TEST_STEP][PASSED] - Statement - PreSaveFile = new java.io.File(((pathPrefix + java.lang.Integer.toString(counter)) + .png)): null

2019-01-03 21:00:15 - [TEST_STEP][PASSED] - Statement - counter = counter + 1: null

2019-01-03 21:00:15 - [TEST_STEP][PASSED] - Statement - PreSaveFile = new java.io.File(((pathPrefix + java.lang.Integer.toString(counter)) + .png)): null

2019-01-03 21:00:15 - [TEST_STEP][PASSED] - Statement - counter = counter + 1: null

2019-01-03 21:00:15 - [TEST_STEP][PASSED] - Statement - PreSaveFile = new java.io.File(((pathPrefix + java.lang.Integer.toString(counter)) + .png)): null

2019-01-03 21:00:15 - [TEST_STEP][PASSED] - Statement - counter = counter + 1: null

2019-01-03 21:00:15 - [TEST_STEP][PASSED] - Statement - PreSaveFile = new java.io.File(((pathPrefix + java.lang.Integer.toString(counter)) + .png)): null

2019-01-03 21:00:15 - [TEST_STEP][PASSED] - Statement - counter = counter + 1: null

2019-01-03 21:00:15 - [TEST_STEP][PASSED] - Statement - PreSaveFile = new java.io.File(((pathPrefix + java.lang.Integer.toString(counter)) + .png)): null

2019-01-03 21:00:15 - [TEST_STEP][PASSED] - Statement - counter = counter + 1: null

2019-01-03 21:00:15 - [TEST_STEP][PASSED] - Statement - PreSaveFile = new java.io.File(((pathPrefix + java.lang.Integer.toString(counter)) + .png)): null

2019-01-03 21:00:15 - [TEST_STEP][PASSED] - Statement - counter = counter + 1: null

2019-01-03 21:00:15 - [TEST_STEP][PASSED] - Statement - PreSaveFile = new java.io.File(((pathPrefix + java.lang.Integer.toString(counter)) + .png)): null

2019-01-03 21:00:15 - [TEST_STEP][PASSED] - Statement - counter = counter + 1: null

2019-01-03 21:00:15 - [TEST_STEP][PASSED] - Statement - PreSaveFile = new java.io.File(((pathPrefix + java.lang.Integer.toString(counter)) + .png)): null

2019-01-03 21:00:15 - [TEST_STEP][PASSED] - Statement - counter = counter + 1: null

2019-01-03 21:00:15 - [TEST_STEP][PASSED] - Statement - PreSaveFile = new java.io.File(((pathPrefix + java.lang.Integer.toString(counter)) + .png)): null

2019-01-03 21:00:15 - [TEST_STEP][PASSED] - Statement - counter = counter + 1: null

2019-01-03 21:00:15 - [TEST_STEP][PASSED] - Statement - PreSaveFile = new java.io.File(((pathPrefix + java.lang.Integer.toString(counter)) + .png)): null

2019-01-03 21:00:15 - [TEST_STEP][PASSED] - Statement - counter = counter + 1: null

2019-01-03 21:00:15 - [TEST_STEP][PASSED] - Statement - PreSaveFile = new java.io.File(((pathPrefix + java.lang.Integer.toString(counter)) + .png)): null

2019-01-03 21:00:15 - [TEST_STEP][PASSED] - Statement - counter = counter + 1: null

2019-01-03 21:00:15 - [TEST_STEP][PASSED] - Statement - PreSaveFile = new java.io.File(((pathPrefix + java.lang.Integer.toString(counter)) + .png)): null

2019-01-03 21:00:15 - [TEST_STEP][PASSED] - Statement - counter = counter + 1: null

2019-01-03 21:00:15 - [TEST_STEP][PASSED] - Statement - PreSaveFile = new java.io.File(((pathPrefix + java.lang.Integer.toString(counter)) + .png)): null

2019-01-03 21:00:15 - [TEST_STEP][PASSED] - Statement - counter = counter + 1: null

2019-01-03 21:00:15 - [TEST_STEP][PASSED] - Statement - PreSaveFile = new java.io.File(((pathPrefix + java.lang.Integer.toString(counter)) + .png)): null

2019-01-03 21:00:15 - [TEST_STEP][PASSED] - Statement - counter = counter + 1: null

2019-01-03 21:00:15 - [TEST_STEP][PASSED] - Statement - PreSaveFile = new java.io.File(((pathPrefix + java.lang.Integer.toString(counter)) + .png)): null

2019-01-03 21:00:15 - [TEST_STEP][PASSED] - Statement - counter = counter + 1: null

2019-01-03 21:00:15 - [TEST_STEP][PASSED] - Statement - PreSaveFile = new java.io.File(((pathPrefix + java.lang.Integer.toString(counter)) + .png)): null

2019-01-03 21:00:15 - [TEST_STEP][PASSED] - Statement - counter = counter + 1: null

2019-01-03 21:00:15 - [TEST_STEP][PASSED] - Statement - PreSaveFile = new java.io.File(((pathPrefix + java.lang.Integer.toString(counter)) + .png)): null

2019-01-03 21:00:15 - [TEST_STEP][PASSED] - Statement - counter = counter + 1: null

2019-01-03 21:00:15 - [TEST_STEP][PASSED] - Statement - PreSaveFile = new java.io.File(((pathPrefix + java.lang.Integer.toString(counter)) + .png)): null

2019-01-03 21:00:15 - [TEST_STEP][PASSED] - Statement - counter = counter + 1: null

2019-01-03 21:00:15 - [TEST_STEP][PASSED] - Statement - PreSaveFile = new java.io.File(((pathPrefix + java.lang.Integer.toString(counter)) + .png)): null

2019-01-03 21:00:15 - [TEST_STEP][PASSED] - Statement - counter = counter + 1: null

2019-01-03 21:00:15 - [TEST_STEP][PASSED] - Statement - PreSaveFile = new java.io.File(((pathPrefix + java.lang.Integer.toString(counter)) + .png)): null

2019-01-03 21:00:15 - [TEST_STEP][PASSED] - Statement - counter = counter + 1: null

2019-01-03 21:00:15 - [TEST_STEP][PASSED] - Statement - PreSaveFile = new java.io.File(((pathPrefix + java.lang.Integer.toString(counter)) + .png)): null

2019-01-03 21:00:15 - [TEST_STEP][PASSED] - Statement - counter = counter + 1: null

2019-01-03 21:00:15 - [TEST_STEP][PASSED] - Statement - PreSaveFile = new java.io.File(((pathPrefix + java.lang.Integer.toString(counter)) + .png)): null

2019-01-03 21:00:15 - [TEST_STEP][PASSED] - Statement - counter = counter + 1: null

2019-01-03 21:00:15 - [TEST_STEP][PASSED] - Statement - PreSaveFile = new java.io.File(((pathPrefix + java.lang.Integer.toString(counter)) + .png)): null

2019-01-03 21:00:15 - [TEST_STEP][PASSED] - Statement - counter = counter + 1: null

2019-01-03 21:00:15 - [TEST_STEP][PASSED] - Statement - PreSaveFile = new java.io.File(((pathPrefix + java.lang.Integer.toString(counter)) + .png)): null

2019-01-03 21:00:15 - [TEST_STEP][PASSED] - Statement - counter = counter + 1: null

2019-01-03 21:00:15 - [TEST_STEP][PASSED] - Statement - PreSaveFile = new java.io.File(((pathPrefix + java.lang.Integer.toString(counter)) + .png)): null

2019-01-03 21:00:15 - [TEST_STEP][PASSED] - Statement - counter = counter + 1: null

2019-01-03 21:00:15 - [TEST_STEP][PASSED] - Statement - PreSaveFile = new java.io.File(((pathPrefix + java.lang.Integer.toString(counter)) + .png)): null

2019-01-03 21:00:15 - [TEST_STEP][PASSED] - Statement - counter = counter + 1: null

2019-01-03 21:00:15 - [TEST_STEP][PASSED] - Statement - PreSaveFile = new java.io.File(((pathPrefix + java.lang.Integer.toString(counter)) + .png)): null

2019-01-03 21:00:15 - [TEST_STEP][PASSED] - Statement - counter = counter + 1: null

2019-01-03 21:00:15 - [TEST_STEP][PASSED] - Statement - PreSaveFile = new java.io.File(((pathPrefix + java.lang.Integer.toString(counter)) + .png)): null

2019-01-03 21:00:15 - [TEST_STEP][PASSED] - Statement - counter = counter + 1: null

2019-01-03 21:00:15 - [TEST_STEP][PASSED] - Statement - PreSaveFile = new java.io.File(((pathPrefix + java.lang.Integer.toString(counter)) + .png)): null

2019-01-03 21:00:15 - [TEST_STEP][PASSED] - Statement - counter = counter + 1: null

2019-01-03 21:00:15 - [TEST_STEP][PASSED] - Statement - PreSaveFile = new java.io.File(((pathPrefix + java.lang.Integer.toString(counter)) + .png)): null

2019-01-03 21:00:15 - [TEST_STEP][PASSED] - Statement - counter = counter + 1: null

2019-01-03 21:00:15 - [TEST_STEP][PASSED] - Statement - PreSaveFile = new java.io.File(((pathPrefix + java.lang.Integer.toString(counter)) + .png)): null

2019-01-03 21:00:15 - [TEST_STEP][PASSED] - Statement - counter = counter + 1: null

2019-01-03 21:00:15 - [TEST_STEP][PASSED] - Statement - PreSaveFile = new java.io.File(((pathPrefix + java.lang.Integer.toString(counter)) + .png)): null

2019-01-03 21:00:15 - [TEST_STEP][PASSED] - Statement - counter = counter + 1: null

2019-01-03 21:00:16 - [TEST_STEP][PASSED] - Statement - PreSaveFile = new java.io.File(((pathPrefix + java.lang.Integer.toString(counter)) + .png)): null

2019-01-03 21:00:16 - [TEST_STEP][PASSED] - Statement - counter = counter + 1: null

2019-01-03 21:00:16 - [TEST_STEP][PASSED] - Statement - PreSaveFile = new java.io.File(((pathPrefix + java.lang.Integer.toString(counter)) + .png)): null

2019-01-03 21:00:16 - [TEST_STEP][PASSED] - Statement - counter = counter + 1: null

2019-01-03 21:00:16 - [TEST_STEP][PASSED] - Statement - PreSaveFile = new java.io.File(((pathPrefix + java.lang.Integer.toString(counter)) + .png)): null

2019-01-03 21:00:16 - [TEST_STEP][PASSED] - Statement - counter = counter + 1: null

2019-01-03 21:00:16 - [TEST_STEP][PASSED] - Statement - PreSaveFile = new java.io.File(((pathPrefix + java.lang.Integer.toString(counter)) + .png)): null

2019-01-03 21:00:16 - [TEST_STEP][PASSED] - Statement - counter = counter + 1: null

2019-01-03 21:00:16 - [TEST_STEP][PASSED] - Statement - PreSaveFile = new java.io.File(((pathPrefix + java.lang.Integer.toString(counter)) + .png)): null

2019-01-03 21:00:16 - [TEST_STEP][PASSED] - Statement - counter = counter + 1: null

2019-01-03 21:00:16 - [TEST_STEP][PASSED] - Statement - PreSaveFile = new java.io.File(((pathPrefix + java.lang.Integer.toString(counter)) + .png)): null

2019-01-03 21:00:16 - [TEST_STEP][PASSED] - Statement - counter = counter + 1: null

2019-01-03 21:00:16 - [TEST_STEP][PASSED] - Statement - PreSaveFile = new java.io.File(((pathPrefix + java.lang.Integer.toString(counter)) + .png)): null

2019-01-03 21:00:16 - [TEST_STEP][PASSED] - Statement - counter = counter + 1: null

2019-01-03 21:00:16 - [TEST_STEP][PASSED] - Statement - PreSaveFile = new java.io.File(((pathPrefix + java.lang.Integer.toString(counter)) + .png)): null

2019-01-03 21:00:16 - [TEST_STEP][PASSED] - Statement - counter = counter + 1: null

2019-01-03 21:00:16 - [TEST_STEP][PASSED] - Statement - PreSaveFile = new java.io.File(((pathPrefix + java.lang.Integer.toString(counter)) + .png)): null

2019-01-03 21:00:16 - [TEST_STEP][PASSED] - Statement - counter = counter + 1: null

2019-01-03 21:00:16 - [TEST_STEP][PASSED] - Statement - PreSaveFile = new java.io.File(((pathPrefix + java.lang.Integer.toString(counter)) + .png)): null

2019-01-03 21:00:16 - [TEST_STEP][PASSED] - Statement - counter = counter + 1: null

2019-01-03 21:00:16 - [TEST_STEP][PASSED] - Statement - PreSaveFile = new java.io.File(((pathPrefix + java.lang.Integer.toString(counter)) + .png)): null

2019-01-03 21:00:16 - [TEST_STEP][PASSED] - Statement - counter = counter + 1: null

2019-01-03 21:00:16 - [TEST_STEP][PASSED] - Statement - PreSaveFile = new java.io.File(((pathPrefix + java.lang.Integer.toString(counter)) + .png)): null

2019-01-03 21:00:16 - [TEST_STEP][PASSED] - Statement - counter = counter + 1: null

2019-01-03 21:00:16 - [TEST_STEP][PASSED] - Statement - PreSaveFile = new java.io.File(((pathPrefix + java.lang.Integer.toString(counter)) + .png)): null

2019-01-03 21:00:16 - [TEST_STEP][PASSED] - Statement - counter = counter + 1: null

2019-01-03 21:00:16 - [TEST_STEP][PASSED] - Statement - PreSaveFile = new java.io.File(((pathPrefix + java.lang.Integer.toString(counter)) + .png)): null

2019-01-03 21:00:16 - [TEST_STEP][PASSED] - Statement - counter = counter + 1: null

2019-01-03 21:00:16 - [TEST_STEP][PASSED] - Statement - PreSaveFile = new java.io.File(((pathPrefix + java.lang.Integer.toString(counter)) + .png)): null

2019-01-03 21:00:16 - [TEST_STEP][PASSED] - Statement - counter = counter + 1: null

2019-01-03 21:00:16 - [TEST_STEP][PASSED] - Statement - PreSaveFile = new java.io.File(((pathPrefix + java.lang.Integer.toString(counter)) + .png)): null

2019-01-03 21:00:16 - [TEST_STEP][PASSED] - Statement - counter = counter + 1: null

2019-01-03 21:00:16 - [TEST_STEP][PASSED] - Statement - PreSaveFile = new java.io.File(((pathPrefix + java.lang.Integer.toString(counter)) + .png)): null

2019-01-03 21:00:16 - [TEST_STEP][PASSED] - Statement - counter = counter + 1: null

2019-01-03 21:00:16 - [TEST_STEP][PASSED] - Statement - PreSaveFile = new java.io.File(((pathPrefix + java.lang.Integer.toString(counter)) + .png)): null

2019-01-03 21:00:16 - [TEST_STEP][PASSED] - Statement - counter = counter + 1: null

2019-01-03 21:00:16 - [TEST_STEP][PASSED] - Statement - PreSaveFile = new java.io.File(((pathPrefix + java.lang.Integer.toString(counter)) + .png)): null

2019-01-03 21:00:16 - [TEST_STEP][PASSED] - Statement - counter = counter + 1: null

2019-01-03 21:00:16 - [TEST_STEP][PASSED] - Statement - PreSaveFile = new java.io.File(((pathPrefix + java.lang.Integer.toString(counter)) + .png)): null

2019-01-03 21:00:16 - [TEST_STEP][PASSED] - Statement - counter = counter + 1: null

2019-01-03 21:00:16 - [TEST_STEP][PASSED] - Statement - PreSaveFile = new java.io.File(((pathPrefix + java.lang.Integer.toString(counter)) + .png)): null

2019-01-03 21:00:16 - [TEST_STEP][PASSED] - Statement - counter = counter + 1: null

2019-01-03 21:00:16 - [TEST_STEP][PASSED] - Statement - PreSaveFile = new java.io.File(((pathPrefix + java.lang.Integer.toString(counter)) + .png)): null

2019-01-03 21:00:16 - [TEST_STEP][PASSED] - Statement - counter = counter + 1: null

2019-01-03 21:00:16 - [TEST_STEP][PASSED] - Statement - PreSaveFile = new java.io.File(((pathPrefix + java.lang.Integer.toString(counter)) + .png)): null

2019-01-03 21:00:16 - [TEST_STEP][PASSED] - Statement - counter = counter + 1: null

2019-01-03 21:00:16 - [TEST_STEP][PASSED] - Statement - PreSaveFile = new java.io.File(((pathPrefix + java.lang.Integer.toString(counter)) + .png)): null

2019-01-03 21:00:16 - [TEST_STEP][PASSED] - Statement - counter = counter + 1: null

2019-01-03 21:00:16 - [TEST_STEP][PASSED] - Statement - PreSaveFile = new java.io.File(((pathPrefix + java.lang.Integer.toString(counter)) + .png)): null

2019-01-03 21:00:16 - [TEST_STEP][PASSED] - Statement - counter = counter + 1: null

2019-01-03 21:00:16 - [TEST_STEP][PASSED] - Statement - PreSaveFile = new java.io.File(((pathPrefix + java.lang.Integer.toString(counter)) + .png)): null

2019-01-03 21:00:16 - [TEST_STEP][PASSED] - Statement - counter = counter + 1: null

2019-01-03 21:00:16 - [TEST_STEP][PASSED] - Statement - PreSaveFile = new java.io.File(((pathPrefix + java.lang.Integer.toString(counter)) + .png)): null

2019-01-03 21:00:16 - [TEST_STEP][PASSED] - Statement - counter = counter + 1: null

2019-01-03 21:00:16 - [TEST_STEP][PASSED] - Statement - PreSaveFile = new java.io.File(((pathPrefix + java.lang.Integer.toString(counter)) + .png)): null

2019-01-03 21:00:16 - [TEST_STEP][PASSED] - Statement - counter = counter + 1: null

2019-01-03 21:00:16 - [TEST_STEP][PASSED] - Statement - PreSaveFile = new java.io.File(((pathPrefix + java.lang.Integer.toString(counter)) + .png)): null

2019-01-03 21:00:16 - [TEST_STEP][PASSED] - Statement - counter = counter + 1: null

2019-01-03 21:00:16 - [TEST_STEP][PASSED] - Statement - PreSaveFile = new java.io.File(((pathPrefix + java.lang.Integer.toString(counter)) + .png)): null

2019-01-03 21:00:16 - [TEST_STEP][PASSED] - Statement - counter = counter + 1: null

2019-01-03 21:00:16 - [TEST_STEP][PASSED] - Statement - PreSaveFile = new java.io.File(((pathPrefix + java.lang.Integer.toString(counter)) + .png)): null

2019-01-03 21:00:16 - [TEST_STEP][PASSED] - Statement - counter = counter + 1: null

2019-01-03 21:00:16 - [TEST_STEP][PASSED] - Statement - PreSaveFile = new java.io.File(((pathPrefix + java.lang.Integer.toString(counter)) + .png)): null

2019-01-03 21:00:16 - [TEST_STEP][PASSED] - Statement - counter = counter + 1: null

2019-01-03 21:00:16 - [TEST_STEP][PASSED] - Statement - PreSaveFile = new java.io.File(((pathPrefix + java.lang.Integer.toString(counter)) + .png)): null

2019-01-03 21:00:16 - [TEST_STEP][PASSED] - Statement - counter = counter + 1: null

2019-01-03 21:00:16 - [TEST_STEP][PASSED] - Statement - PreSaveFile = new java.io.File(((pathPrefix + java.lang.Integer.toString(counter)) + .png)): null

2019-01-03 21:00:16 - [TEST_STEP][PASSED] - Statement - counter = counter + 1: null

2019-01-03 21:00:16 - [TEST_STEP][PASSED] - Statement - PreSaveFile = new java.io.File(((pathPrefix + java.lang.Integer.toString(counter)) + .png)): null

2019-01-03 21:00:16 - [TEST_STEP][PASSED] - Statement - counter = counter + 1: null

2019-01-03 21:00:16 - [TEST_STEP][PASSED] - Statement - PreSaveFile = new java.io.File(((pathPrefix + java.lang.Integer.toString(counter)) + .png)): null

2019-01-03 21:00:16 - [TEST_STEP][PASSED] - Statement - counter = counter + 1: null

2019-01-03 21:00:16 - [TEST_STEP][PASSED] - Statement - PreSaveFile = new java.io.File(((pathPrefix + java.lang.Integer.toString(counter)) + .png)): null

2019-01-03 21:00:16 - [TEST_STEP][PASSED] - Statement - counter = counter + 1: null

2019-01-03 21:00:16 - [TEST_STEP][PASSED] - Statement - PreSaveFile = new java.io.File(((pathPrefix + java.lang.Integer.toString(counter)) + .png)): null

2019-01-03 21:00:16 - [TEST_STEP][PASSED] - Statement - counter = counter + 1: null

2019-01-03 21:00:16 - [TEST_STEP][PASSED] - Statement - PreSaveFile = new java.io.File(((pathPrefix + java.lang.Integer.toString(counter)) + .png)): null

2019-01-03 21:00:16 - [TEST_STEP][PASSED] - Statement - counter = counter + 1: null

2019-01-03 21:00:16 - [TEST_STEP][PASSED] - Statement - PreSaveFile = new java.io.File(((pathPrefix + java.lang.Integer.toString(counter)) + .png)): null

2019-01-03 21:00:16 - [TEST_STEP][PASSED] - Statement - counter = counter + 1: null

2019-01-03 21:00:16 - [TEST_STEP][PASSED] - Statement - PreSaveFile = new java.io.File(((pathPrefix + java.lang.Integer.toString(counter)) + .png)): null

2019-01-03 21:00:16 - [TEST_STEP][PASSED] - Statement - counter = counter + 1: null

2019-01-03 21:00:16 - [TEST_STEP][PASSED] - Statement - PreSaveFile = new java.io.File(((pathPrefix + java.lang.Integer.toString(counter)) + .png)): null

2019-01-03 21:00:16 - [TEST_STEP][PASSED] - Statement - counter = counter + 1: null

2019-01-03 21:00:16 - [TEST_STEP][PASSED] - Statement - PreSaveFile = new java.io.File(((pathPrefix + java.lang.Integer.toString(counter)) + .png)): null

2019-01-03 21:00:16 - [TEST_STEP][PASSED] - Statement - counter = counter + 1: null

2019-01-03 21:00:16 - [TEST_STEP][PASSED] - Statement - PreSaveFile = new java.io.File(((pathPrefix + java.lang.Integer.toString(counter)) + .png)): null

2019-01-03 21:00:16 - [TEST_STEP][PASSED] - Statement - counter = counter + 1: null

2019-01-03 21:00:16 - [TEST_STEP][PASSED] - Statement - PreSaveFile = new java.io.File(((pathPrefix + java.lang.Integer.toString(counter)) + .png)): null

2019-01-03 21:00:16 - [TEST_STEP][PASSED] - Statement - counter = counter + 1: null

2019-01-03 21:00:16 - [TEST_STEP][PASSED] - Statement - PreSaveFile = new java.io.File(((pathPrefix + java.lang.Integer.toString(counter)) + .png)): null

2019-01-03 21:00:16 - [TEST_STEP][PASSED] - Statement - counter = counter + 1: null

2019-01-03 21:00:16 - [TEST_STEP][PASSED] - Statement - PreSaveFile = new java.io.File(((pathPrefix + java.lang.Integer.toString(counter)) + .png)): null

2019-01-03 21:00:16 - [TEST_STEP][PASSED] - Statement - counter = counter + 1: null

2019-01-03 21:00:16 - [TEST_STEP][PASSED] - Statement - PreSaveFile = new java.io.File(((pathPrefix + java.lang.Integer.toString(counter)) + .png)): null

2019-01-03 21:00:16 - [TEST_STEP][PASSED] - Statement - counter = counter + 1: null

2019-01-03 21:00:16 - [TEST_STEP][PASSED] - Statement - PreSaveFile = new java.io.File(((pathPrefix + java.lang.Integer.toString(counter)) + .png)): null

2019-01-03 21:00:16 - [TEST_STEP][PASSED] - Statement - counter = counter + 1: null

2019-01-03 21:00:16 - [TEST_STEP][PASSED] - Statement - PreSaveFile = new java.io.File(((pathPrefix + java.lang.Integer.toString(counter)) + .png)): null

2019-01-03 21:00:16 - [TEST_STEP][PASSED] - Statement - counter = counter + 1: null

2019-01-03 21:00:16 - [TEST_STEP][PASSED] - Statement - PreSaveFile = new java.io.File(((pathPrefix + java.lang.Integer.toString(counter)) + .png)): null

2019-01-03 21:00:16 - [TEST_STEP][PASSED] - Statement - counter = counter + 1: null

2019-01-03 21:00:16 - [TEST_STEP][PASSED] - Statement - PreSaveFile = new java.io.File(((pathPrefix + java.lang.Integer.toString(counter)) + .png)): null

2019-01-03 21:00:16 - [TEST_STEP][PASSED] - Statement - counter = counter + 1: null

2019-01-03 21:00:16 - [TEST_STEP][PASSED] - Statement - PreSaveFile = new java.io.File(((pathPrefix + java.lang.Integer.toString(counter)) + .png)): null

2019-01-03 21:00:16 - [TEST_STEP][PASSED] - Statement - counter = counter + 1: null

2019-01-03 21:00:16 - [TEST_STEP][PASSED] - Statement - PreSaveFile = new java.io.File(((pathPrefix + java.lang.Integer.toString(counter)) + .png)): null

2019-01-03 21:00:16 - [TEST_STEP][PASSED] - Statement - counter = counter + 1: null

2019-01-03 21:00:16 - [TEST_STEP][PASSED] - Statement - PreSaveFile = new java.io.File(((pathPrefix + java.lang.Integer.toString(counter)) + .png)): null

2019-01-03 21:00:16 - [TEST_STEP][PASSED] - Statement - counter = counter + 1: null

2019-01-03 21:00:16 - [TEST_STEP][PASSED] - Statement - PreSaveFile = new java.io.File(((pathPrefix + java.lang.Integer.toString(counter)) + .png)): null

2019-01-03 21:00:16 - [TEST_STEP][PASSED] - Statement - counter = counter + 1: null

2019-01-03 21:00:16 - [TEST_STEP][PASSED] - Statement - PreSaveFile = new java.io.File(((pathPrefix + java.lang.Integer.toString(counter)) + .png)): null

2019-01-03 21:00:16 - [TEST_STEP][PASSED] - Statement - counter = counter + 1: null

2019-01-03 21:00:16 - [TEST_STEP][PASSED] - Statement - PreSaveFile = new java.io.File(((pathPrefix + java.lang.Integer.toString(counter)) + .png)): null

2019-01-03 21:00:16 - [TEST_STEP][PASSED] - Statement - counter = counter + 1: null

2019-01-03 21:00:16 - [TEST_STEP][PASSED] - Statement - PreSaveFile = new java.io.File(((pathPrefix + java.lang.Integer.toString(counter)) + .png)): null

2019-01-03 21:00:16 - [TEST_STEP][PASSED] - Statement - counter = counter + 1: null

2019-01-03 21:00:16 - [TEST_STEP][PASSED] - Statement - PreSaveFile = new java.io.File(((pathPrefix + java.lang.Integer.toString(counter)) + .png)): null

2019-01-03 21:00:16 - [TEST_STEP][PASSED] - Statement - counter = counter + 1: null

2019-01-03 21:00:16 - [TEST_STEP][PASSED] - Statement - PreSaveFile = new java.io.File(((pathPrefix + java.lang.Integer.toString(counter)) + .png)): null

2019-01-03 21:00:16 - [TEST_STEP][PASSED] - Statement - counter = counter + 1: null

2019-01-03 21:00:16 - [TEST_STEP][PASSED] - Statement - PreSaveFile = new java.io.File(((pathPrefix + java.lang.Integer.toString(counter)) + .png)): null

2019-01-03 21:00:16 - [TEST_STEP][PASSED] - Statement - counter = counter + 1: null

2019-01-03 21:00:16 - [TEST_STEP][PASSED] - Statement - PreSaveFile = new java.io.File(((pathPrefix + java.lang.Integer.toString(counter)) + .png)): null

2019-01-03 21:00:16 - [TEST_STEP][PASSED] - Statement - counter = counter + 1: null

2019-01-03 21:00:16 - [TEST_STEP][PASSED] - Statement - PreSaveFile = new java.io.File(((pathPrefix + java.lang.Integer.toString(counter)) + .png)): null

2019-01-03 21:00:16 - [TEST_STEP][PASSED] - Statement - counter = counter + 1: null

2019-01-03 21:00:16 - [TEST_STEP][PASSED] - Statement - PreSaveFile = new java.io.File(((pathPrefix + java.lang.Integer.toString(counter)) + .png)): null

2019-01-03 21:00:16 - [TEST_STEP][PASSED] - Statement - counter = counter + 1: null

2019-01-03 21:00:16 - [TEST_STEP][PASSED] - Statement - PreSaveFile = new java.io.File(((pathPrefix + java.lang.Integer.toString(counter)) + .png)): null

2019-01-03 21:00:16 - [TEST_STEP][PASSED] - Statement - counter = counter + 1: null

2019-01-03 21:00:16 - [TEST_STEP][PASSED] - Statement - PreSaveFile = new java.io.File(((pathPrefix + java.lang.Integer.toString(counter)) + .png)): null

2019-01-03 21:00:16 - [TEST_STEP][PASSED] - Statement - counter = counter + 1: null

2019-01-03 21:00:16 - [TEST_STEP][PASSED] - Statement - PreSaveFile = new java.io.File(((pathPrefix + java.lang.Integer.toString(counter)) + .png)): null

2019-01-03 21:00:16 - [TEST_STEP][PASSED] - Statement - counter = counter + 1: null

2019-01-03 21:00:16 - [TEST_STEP][PASSED] - Statement - PreSaveFile = new java.io.File(((pathPrefix + java.lang.Integer.toString(counter)) + .png)): null

2019-01-03 21:00:16 - [TEST_STEP][PASSED] - Statement - counter = counter + 1: null

2019-01-03 21:00:16 - [TEST_STEP][PASSED] - Statement - PreSaveFile = new java.io.File(((pathPrefix + java.lang.Integer.toString(counter)) + .png)): null

2019-01-03 21:00:16 - [TEST_STEP][PASSED] - Statement - counter = counter + 1: null

2019-01-03 21:00:16 - [TEST_STEP][PASSED] - Statement - PreSaveFile = new java.io.File(((pathPrefix + java.lang.Integer.toString(counter)) + .png)): null

2019-01-03 21:00:16 - [TEST_STEP][PASSED] - Statement - counter = counter + 1: null

2019-01-03 21:00:16 - [TEST_STEP][PASSED] - Statement - PreSaveFile = new java.io.File(((pathPrefix + java.lang.Integer.toString(counter)) + .png)): null

2019-01-03 21:00:16 - [TEST_STEP][PASSED] - Statement - counter = counter + 1: null

2019-01-03 21:00:16 - [TEST_STEP][PASSED] - Statement - PreSaveFile = new java.io.File(((pathPrefix + java.lang.Integer.toString(counter)) + .png)): null

2019-01-03 21:00:16 - [TEST_STEP][PASSED] - Statement - counter = counter + 1: null

2019-01-03 21:00:16 - [TEST_STEP][PASSED] - Statement - PreSaveFile = new java.io.File(((pathPrefix + java.lang.Integer.toString(counter)) + .png)): null

2019-01-03 21:00:16 - [TEST_STEP][PASSED] - Statement - counter = counter + 1: null

2019-01-03 21:00:16 - [TEST_STEP][PASSED] - Statement - PreSaveFile = new java.io.File(((pathPrefix + java.lang.Integer.toString(counter)) + .png)): null

2019-01-03 21:00:16 - [TEST_STEP][PASSED] - Statement - counter = counter + 1: null

2019-01-03 21:00:16 - [TEST_STEP][PASSED] - Statement - PreSaveFile = new java.io.File(((pathPrefix + java.lang.Integer.toString(counter)) + .png)): null

2019-01-03 21:00:16 - [TEST_STEP][PASSED] - Statement - counter = counter + 1: null

2019-01-03 21:00:16 - [TEST_STEP][PASSED] - Statement - PreSaveFile = new java.io.File(((pathPrefix + java.lang.Integer.toString(counter)) + .png)): null

2019-01-03 21:00:16 - [TEST_STEP][PASSED] - Statement - counter = counter + 1: null

2019-01-03 21:00:16 - [TEST_STEP][PASSED] - Statement - PreSaveFile = new java.io.File(((pathPrefix + java.lang.Integer.toString(counter)) + .png)): null

2019-01-03 21:00:16 - [TEST_STEP][PASSED] - Statement - counter = counter + 1: null

2019-01-03 21:00:16 - [TEST_STEP][PASSED] - Statement - PreSaveFile = new java.io.File(((pathPrefix + java.lang.Integer.toString(counter)) + .png)): null

2019-01-03 21:00:16 - [TEST_STEP][PASSED] - Statement - counter = counter + 1: null

2019-01-03 21:00:16 - [TEST_STEP][PASSED] - Statement - PreSaveFile = new java.io.File(((pathPrefix + java.lang.Integer.toString(counter)) + .png)): null

2019-01-03 21:00:16 - [TEST_STEP][PASSED] - Statement - counter = counter + 1: null

2019-01-03 21:00:16 - [TEST_STEP][PASSED] - Statement - PreSaveFile = new java.io.File(((pathPrefix + java.lang.Integer.toString(counter)) + .png)): null

2019-01-03 21:00:16 - [TEST_STEP][PASSED] - Statement - counter = counter + 1: null

2019-01-03 21:00:16 - [TEST_STEP][PASSED] - Statement - PreSaveFile = new java.io.File(((pathPrefix + java.lang.Integer.toString(counter)) + .png)): null

2019-01-03 21:00:16 - [TEST_STEP][PASSED] - Statement - counter = counter + 1: null

2019-01-03 21:00:16 - [TEST_STEP][PASSED] - Statement - PreSaveFile = new java.io.File(((pathPrefix + java.lang.Integer.toString(counter)) + .png)): null

2019-01-03 21:00:16 - [TEST_STEP][PASSED] - Statement - counter = counter + 1: null

2019-01-03 21:00:16 - [TEST_STEP][PASSED] - Statement - PreSaveFile = new java.io.File(((pathPrefix + java.lang.Integer.toString(counter)) + .png)): null

2019-01-03 21:00:16 - [TEST_STEP][PASSED] - Statement - counter = counter + 1: null

2019-01-03 21:00:16 - [TEST_STEP][PASSED] - Statement - PreSaveFile = new java.io.File(((pathPrefix + java.lang.Integer.toString(counter)) + .png)): null

2019-01-03 21:00:16 - [TEST_STEP][PASSED] - Statement - counter = counter + 1: null

2019-01-03 21:00:16 - [TEST_STEP][PASSED] - Statement - PreSaveFile = new java.io.File(((pathPrefix + java.lang.Integer.toString(counter)) + .png)): null

2019-01-03 21:00:16 - [TEST_STEP][PASSED] - Statement - counter = counter + 1: null

2019-01-03 21:00:16 - [TEST_STEP][PASSED] - Statement - PreSaveFile = new java.io.File(((pathPrefix + java.lang.Integer.toString(counter)) + .png)): null

2019-01-03 21:00:16 - [TEST_STEP][PASSED] - Statement - counter = counter + 1: null

2019-01-03 21:00:16 - [TEST_STEP][PASSED] - Statement - PreSaveFile = new java.io.File(((pathPrefix + java.lang.Integer.toString(counter)) + .png)): null

2019-01-03 21:00:16 - [TEST_STEP][PASSED] - Statement - counter = counter + 1: null

2019-01-03 21:00:16 - [TEST_STEP][PASSED] - Statement - PreSaveFile = new java.io.File(((pathPrefix + java.lang.Integer.toString(counter)) + .png)): null

2019-01-03 21:00:16 - [TEST_STEP][PASSED] - Statement - counter = counter + 1: null

2019-01-03 21:00:16 - [TEST_STEP][PASSED] - Statement - PreSaveFile = new java.io.File(((pathPrefix + java.lang.Integer.toString(counter)) + .png)): null

2019-01-03 21:00:16 - [TEST_STEP][PASSED] - Statement - counter = counter + 1: null

2019-01-03 21:00:16 - [TEST_STEP][PASSED] - Statement - PreSaveFile = new java.io.File(((pathPrefix + java.lang.Integer.toString(counter)) + .png)): null

2019-01-03 21:00:16 - [TEST_STEP][PASSED] - Statement - counter = counter + 1: null

2019-01-03 21:00:16 - [TEST_STEP][PASSED] - Statement - PreSaveFile = new java.io.File(((pathPrefix + java.lang.Integer.toString(counter)) + .png)): null

2019-01-03 21:00:16 - [TEST_STEP][PASSED] - Statement - counter = counter + 1: null

2019-01-03 21:00:16 - [TEST_STEP][PASSED] - Statement - PreSaveFile = new java.io.File(((pathPrefix + java.lang.Integer.toString(counter)) + .png)): null

2019-01-03 21:00:16 - [TEST_STEP][PASSED] - Statement - counter = counter + 1: null

2019-01-03 21:00:16 - [TEST_STEP][PASSED] - Statement - PreSaveFile = new java.io.File(((pathPrefix + java.lang.Integer.toString(counter)) + .png)): null

2019-01-03 21:00:16 - [TEST_STEP][PASSED] - Statement - counter = counter + 1: null

2019-01-03 21:00:16 - [TEST_STEP][PASSED] - Statement - PreSaveFile = new java.io.File(((pathPrefix + java.lang.Integer.toString(counter)) + .png)): null

2019-01-03 21:00:16 - [TEST_STEP][PASSED] - Statement - counter = counter + 1: null

2019-01-03 21:00:16 - [TEST_STEP][PASSED] - Statement - PreSaveFile = new java.io.File(((pathPrefix + java.lang.Integer.toString(counter)) + .png)): null

2019-01-03 21:00:16 - [TEST_STEP][PASSED] - Statement - counter = counter + 1: null

2019-01-03 21:00:16 - [TEST_STEP][PASSED] - Statement - PreSaveFile = new java.io.File(((pathPrefix + java.lang.Integer.toString(counter)) + .png)): null

2019-01-03 21:00:16 - [TEST_STEP][PASSED] - Statement - counter = counter + 1: null

2019-01-03 21:00:16 - [TEST_STEP][PASSED] - Statement - PreSaveFile = new java.io.File(((pathPrefix + java.lang.Integer.toString(counter)) + .png)): null

2019-01-03 21:00:16 - [TEST_STEP][PASSED] - Statement - counter = counter + 1: null

2019-01-03 21:00:16 - [TEST_STEP][PASSED] - Statement - PreSaveFile = new java.io.File(((pathPrefix + java.lang.Integer.toString(counter)) + .png)): null

2019-01-03 21:00:16 - [TEST_STEP][PASSED] - Statement - counter = counter + 1: null

2019-01-03 21:00:16 - [TEST_STEP][PASSED] - Statement - PreSaveFile = new java.io.File(((pathPrefix + java.lang.Integer.toString(counter)) + .png)): null

2019-01-03 21:00:16 - [TEST_STEP][PASSED] - Statement - counter = counter + 1: null

2019-01-03 21:00:16 - [TEST_STEP][PASSED] - Statement - PreSaveFile = new java.io.File(((pathPrefix + java.lang.Integer.toString(counter)) + .png)): null

2019-01-03 21:00:16 - [TEST_STEP][PASSED] - Statement - counter = counter + 1: null

2019-01-03 21:00:16 - [TEST_STEP][PASSED] - Statement - PreSaveFile = new java.io.File(((pathPrefix + java.lang.Integer.toString(counter)) + .png)): null

2019-01-03 21:00:16 - [TEST_STEP][PASSED] - Statement - counter = counter + 1: null

2019-01-03 21:00:16 - [TEST_STEP][PASSED] - Statement - PreSaveFile = new java.io.File(((pathPrefix + java.lang.Integer.toString(counter)) + .png)): null

2019-01-03 21:00:16 - [TEST_STEP][PASSED] - Statement - counter = counter + 1: null

2019-01-03 21:00:16 - [TEST_STEP][PASSED] - Statement - PreSaveFile = new java.io.File(((pathPrefix + java.lang.Integer.toString(counter)) + .png)): null

2019-01-03 21:00:16 - [TEST_STEP][PASSED] - Statement - counter = counter + 1: null

2019-01-03 21:00:16 - [TEST_STEP][PASSED] - Statement - PreSaveFile = new java.io.File(((pathPrefix + java.lang.Integer.toString(counter)) + .png)): null

2019-01-03 21:00:16 - [TEST_STEP][PASSED] - Statement - counter = counter + 1: null

2019-01-03 21:00:16 - [TEST_STEP][PASSED] - Statement - PreSaveFile = new java.io.File(((pathPrefix + java.lang.Integer.toString(counter)) + .png)): null

2019-01-03 21:00:16 - [TEST_STEP][PASSED] - Statement - counter = counter + 1: null

2019-01-03 21:00:16 - [TEST_STEP][PASSED] - Statement - PreSaveFile = new java.io.File(((pathPrefix + java.lang.Integer.toString(counter)) + .png)): null

2019-01-03 21:00:16 - [TEST_STEP][PASSED] - Statement - counter = counter + 1: null

2019-01-03 21:00:16 - [TEST_STEP][PASSED] - Statement - PreSaveFile = new java.io.File(((pathPrefix + java.lang.Integer.toString(counter)) + .png)): null

2019-01-03 21:00:16 - [TEST_STEP][PASSED] - Statement - counter = counter + 1: null

2019-01-03 21:00:16 - [TEST_STEP][PASSED] - Statement - PreSaveFile = new java.io.File(((pathPrefix + java.lang.Integer.toString(counter)) + .png)): null

2019-01-03 21:00:16 - [TEST_STEP][PASSED] - Statement - counter = counter + 1: null

2019-01-03 21:00:16 - [TEST_STEP][PASSED] - Statement - PreSaveFile = new java.io.File(((pathPrefix + java.lang.Integer.toString(counter)) + .png)): null

2019-01-03 21:00:16 - [TEST_STEP][PASSED] - Statement - counter = counter + 1: null

2019-01-03 21:00:16 - [TEST_STEP][PASSED] - Statement - PreSaveFile = new java.io.File(((pathPrefix + java.lang.Integer.toString(counter)) + .png)): null

2019-01-03 21:00:16 - [TEST_STEP][PASSED] - Statement - counter = counter + 1: null

2019-01-03 21:00:16 - [TEST_STEP][PASSED] - Statement - PreSaveFile = new java.io.File(((pathPrefix + java.lang.Integer.toString(counter)) + .png)): null

2019-01-03 21:00:16 - [TEST_STEP][PASSED] - Statement - counter = counter + 1: null

2019-01-03 21:00:16 - [TEST_STEP][PASSED] - Statement - PreSaveFile = new java.io.File(((pathPrefix + java.lang.Integer.toString(counter)) + .png)): null

2019-01-03 21:00:16 - [TEST_STEP][PASSED] - Statement - counter = counter + 1: null

2019-01-03 21:00:16 - [TEST_STEP][PASSED] - Statement - PreSaveFile = new java.io.File(((pathPrefix + java.lang.Integer.toString(counter)) + .png)): null

2019-01-03 21:00:16 - [TEST_STEP][PASSED] - Statement - counter = counter + 1: null

2019-01-03 21:00:16 - [TEST_STEP][PASSED] - Statement - PreSaveFile = new java.io.File(((pathPrefix + java.lang.Integer.toString(counter)) + .png)): null

2019-01-03 21:00:16 - [TEST_STEP][PASSED] - Statement - counter = counter + 1: null

2019-01-03 21:00:16 - [TEST_STEP][PASSED] - Statement - PreSaveFile = new java.io.File(((pathPrefix + java.lang.Integer.toString(counter)) + .png)): null

2019-01-03 21:00:16 - [TEST_STEP][PASSED] - Statement - counter = counter + 1: null

2019-01-03 21:00:16 - [TEST_STEP][PASSED] - Statement - PreSaveFile = new java.io.File(((pathPrefix + java.lang.Integer.toString(counter)) + .png)): null

2019-01-03 21:00:16 - [TEST_STEP][PASSED] - Statement - counter = counter + 1: null

2019-01-03 21:00:16 - [TEST_STEP][PASSED] - Statement - PreSaveFile = new java.io.File(((pathPrefix + java.lang.Integer.toString(counter)) + .png)): null

2019-01-03 21:00:16 - [TEST_STEP][PASSED] - Statement - counter = counter + 1: null

2019-01-03 21:00:16 - [TEST_STEP][PASSED] - Statement - PreSaveFile = new java.io.File(((pathPrefix + java.lang.Integer.toString(counter)) + .png)): null

2019-01-03 21:00:16 - [TEST_STEP][PASSED] - Statement - counter = counter + 1: null

2019-01-03 21:00:16 - [TEST_STEP][PASSED] - Statement - PreSaveFile = new java.io.File(((pathPrefix + java.lang.Integer.toString(counter)) + .png)): null

2019-01-03 21:00:16 - [TEST_STEP][PASSED] - Statement - counter = counter + 1: null

2019-01-03 21:00:16 - [TEST_STEP][PASSED] - Statement - PreSaveFile = new java.io.File(((pathPrefix + java.lang.Integer.toString(counter)) + .png)): null

2019-01-03 21:00:16 - [TEST_STEP][PASSED] - Statement - counter = counter + 1: null

2019-01-03 21:00:16 - [TEST_STEP][PASSED] - Statement - PreSaveFile = new java.io.File(((pathPrefix + java.lang.Integer.toString(counter)) + .png)): null

2019-01-03 21:00:16 - [TEST_STEP][PASSED] - Statement - counter = counter + 1: null

2019-01-03 21:00:16 - [TEST_STEP][PASSED] - Statement - PreSaveFile = new java.io.File(((pathPrefix + java.lang.Integer.toString(counter)) + .png)): null

2019-01-03 21:00:16 - [TEST_STEP][PASSED] - Statement - counter = counter + 1: null

2019-01-03 21:00:16 - [TEST_STEP][PASSED] - Statement - PreSaveFile = new java.io.File(((pathPrefix + java.lang.Integer.toString(counter)) + .png)): null

2019-01-03 21:00:16 - [TEST_STEP][PASSED] - Statement - counter = counter + 1: null

2019-01-03 21:00:16 - [TEST_STEP][PASSED] - Statement - PreSaveFile = new java.io.File(((pathPrefix + java.lang.Integer.toString(counter)) + .png)): null

2019-01-03 21:00:16 - [TEST_STEP][PASSED] - Statement - counter = counter + 1: null

2019-01-03 21:00:16 - [TEST_STEP][PASSED] - Statement - PreSaveFile = new java.io.File(((pathPrefix + java.lang.Integer.toString(counter)) + .png)): null

2019-01-03 21:00:16 - [TEST_STEP][PASSED] - Statement - counter = counter + 1: null

2019-01-03 21:00:16 - [TEST_STEP][PASSED] - Statement - PreSaveFile = new java.io.File(((pathPrefix + java.lang.Integer.toString(counter)) + .png)): null

2019-01-03 21:00:16 - [TEST_STEP][PASSED] - Statement - counter = counter + 1: null

2019-01-03 21:00:16 - [TEST_STEP][PASSED] - Statement - PreSaveFile = new java.io.File(((pathPrefix + java.lang.Integer.toString(counter)) + .png)): null

2019-01-03 21:00:16 - [TEST_STEP][PASSED] - Statement - counter = counter + 1: null

2019-01-03 21:00:16 - [TEST_STEP][PASSED] - Statement - PreSaveFile = new java.io.File(((pathPrefix + java.lang.Integer.toString(counter)) + .png)): null

2019-01-03 21:00:16 - [TEST_STEP][PASSED] - Statement - counter = counter + 1: null

2019-01-03 21:00:16 - [TEST_STEP][PASSED] - Statement - PreSaveFile = new java.io.File(((pathPrefix + java.lang.Integer.toString(counter)) + .png)): null

2019-01-03 21:00:16 - [TEST_STEP][PASSED] - Statement - counter = counter + 1: null

2019-01-03 21:00:16 - [TEST_STEP][PASSED] - Statement - PreSaveFile = new java.io.File(((pathPrefix + java.lang.Integer.toString(counter)) + .png)): null

2019-01-03 21:00:16 - [TEST_STEP][PASSED] - Statement - counter = counter + 1: null

2019-01-03 21:00:16 - [TEST_STEP][PASSED] - Statement - PreSaveFile = new java.io.File(((pathPrefix + java.lang.Integer.toString(counter)) + .png)): null

2019-01-03 21:00:16 - [TEST_STEP][PASSED] - Statement - counter = counter + 1: null

2019-01-03 21:00:16 - [TEST_STEP][PASSED] - Statement - PreSaveFile = new java.io.File(((pathPrefix + java.lang.Integer.toString(counter)) + .png)): null

2019-01-03 21:00:16 - [TEST_STEP][PASSED] - Statement - counter = counter + 1: null

2019-01-03 21:00:16 - [TEST_STEP][PASSED] - Statement - PreSaveFile = new java.io.File(((pathPrefix + java.lang.Integer.toString(counter)) + .png)): null

2019-01-03 21:00:16 - [TEST_STEP][PASSED] - Statement - counter = counter + 1: null

2019-01-03 21:00:16 - [TEST_STEP][PASSED] - Statement - PreSaveFile = new java.io.File(((pathPrefix + java.lang.Integer.toString(counter)) + .png)): null

2019-01-03 21:00:16 - [TEST_STEP][PASSED] - Statement - counter = counter + 1: null

2019-01-03 21:00:16 - [TEST_STEP][PASSED] - Statement - PreSaveFile = new java.io.File(((pathPrefix + java.lang.Integer.toString(counter)) + .png)): null

2019-01-03 21:00:16 - [TEST_STEP][PASSED] - Statement - counter = counter + 1: null

2019-01-03 21:00:16 - [TEST_STEP][PASSED] - Statement - PreSaveFile = new java.io.File(((pathPrefix + java.lang.Integer.toString(counter)) + .png)): null

2019-01-03 21:00:16 - [TEST_STEP][PASSED] - Statement - counter = counter + 1: null

2019-01-03 21:00:16 - [TEST_STEP][PASSED] - Statement - PreSaveFile = new java.io.File(((pathPrefix + java.lang.Integer.toString(counter)) + .png)): null

2019-01-03 21:00:16 - [TEST_STEP][PASSED] - Statement - counter = counter + 1: null

2019-01-03 21:00:16 - [TEST_STEP][PASSED] - Statement - PreSaveFile = new java.io.File(((pathPrefix + java.lang.Integer.toString(counter)) + .png)): null

2019-01-03 21:00:16 - [TEST_STEP][PASSED] - Statement - counter = counter + 1: null

2019-01-03 21:00:16 - [TEST_STEP][PASSED] - Statement - PreSaveFile = new java.io.File(((pathPrefix + java.lang.Integer.toString(counter)) + .png)): null

2019-01-03 21:00:16 - [TEST_STEP][PASSED] - Statement - counter = counter + 1: null

2019-01-03 21:00:16 - [TEST_STEP][PASSED] - Statement - PreSaveFile = new java.io.File(((pathPrefix + java.lang.Integer.toString(counter)) + .png)): null

2019-01-03 21:00:16 - [TEST_STEP][PASSED] - Statement - counter = counter + 1: null

2019-01-03 21:00:16 - [TEST_STEP][PASSED] - Statement - PreSaveFile = new java.io.File(((pathPrefix + java.lang.Integer.toString(counter)) + .png)): null

2019-01-03 21:00:16 - [TEST_STEP][PASSED] - Statement - counter = counter + 1: null

2019-01-03 21:00:16 - [TEST_STEP][PASSED] - Statement - PreSaveFile = new java.io.File(((pathPrefix + java.lang.Integer.toString(counter)) + .png)): null

2019-01-03 21:00:16 - [TEST_STEP][PASSED] - Statement - counter = counter + 1: null

2019-01-03 21:00:16 - [TEST_STEP][PASSED] - Statement - PreSaveFile = new java.io.File(((pathPrefix + java.lang.Integer.toString(counter)) + .png)): null

2019-01-03 21:00:16 - [TEST_STEP][PASSED] - Statement - counter = counter + 1: null

2019-01-03 21:00:16 - [TEST_STEP][PASSED] - Statement - PreSaveFile = new java.io.File(((pathPrefix + java.lang.Integer.toString(counter)) + .png)): null

2019-01-03 21:00:16 - [TEST_STEP][PASSED] - Statement - counter = counter + 1: null

2019-01-03 21:00:16 - [TEST_STEP][PASSED] - Statement - PreSaveFile = new java.io.File(((pathPrefix + java.lang.Integer.toString(counter)) + .png)): null

2019-01-03 21:00:16 - [TEST_STEP][PASSED] - Statement - counter = counter + 1: null

2019-01-03 21:00:16 - [TEST_STEP][PASSED] - Statement - PreSaveFile = new java.io.File(((pathPrefix + java.lang.Integer.toString(counter)) + .png)): null

2019-01-03 21:00:16 - [TEST_STEP][PASSED] - Statement - counter = counter + 1: null

2019-01-03 21:00:16 - [TEST_STEP][PASSED] - Statement - PreSaveFile = new java.io.File(((pathPrefix + java.lang.Integer.toString(counter)) + .png)): null

2019-01-03 21:00:16 - [TEST_STEP][PASSED] - Statement - counter = counter + 1: null

2019-01-03 21:00:16 - [TEST_STEP][PASSED] - Statement - PreSaveFile = new java.io.File(((pathPrefix + java.lang.Integer.toString(counter)) + .png)): null

2019-01-03 21:00:16 - [TEST_STEP][PASSED] - Statement - counter = counter + 1: null

2019-01-03 21:00:16 - [TEST_STEP][PASSED] - Statement - PreSaveFile = new java.io.File(((pathPrefix + java.lang.Integer.toString(counter)) + .png)): null

2019-01-03 21:00:16 - [TEST_STEP][PASSED] - Statement - counter = counter + 1: null

2019-01-03 21:00:16 - [TEST_STEP][PASSED] - Statement - PreSaveFile = new java.io.File(((pathPrefix + java.lang.Integer.toString(counter)) + .png)): null

2019-01-03 21:00:16 - [TEST_STEP][PASSED] - Statement - counter = counter + 1: null

2019-01-03 21:00:16 - [TEST_STEP][PASSED] - Statement - PreSaveFile = new java.io.File(((pathPrefix + java.lang.Integer.toString(counter)) + .png)): null

2019-01-03 21:00:16 - [TEST_STEP][PASSED] - Statement - counter = counter + 1: null

2019-01-03 21:00:16 - [TEST_STEP][PASSED] - Statement - PreSaveFile = new java.io.File(((pathPrefix + java.lang.Integer.toString(counter)) + .png)): null

2019-01-03 21:00:16 - [TEST_STEP][PASSED] - Statement - counter = counter + 1: null

2019-01-03 21:00:16 - [TEST_STEP][PASSED] - Statement - PreSaveFile = new java.io.File(((pathPrefix + java.lang.Integer.toString(counter)) + .png)): null

2019-01-03 21:00:16 - [TEST_STEP][PASSED] - Statement - counter = counter + 1: null

2019-01-03 21:00:16 - [TEST_STEP][PASSED] - Statement - PreSaveFile = new java.io.File(((pathPrefix + java.lang.Integer.toString(counter)) + .png)): null

2019-01-03 21:00:16 - [TEST_STEP][PASSED] - Statement - counter = counter + 1: null

2019-01-03 21:00:16 - [TEST_STEP][PASSED] - Statement - PreSaveFile = new java.io.File(((pathPrefix + java.lang.Integer.toString(counter)) + .png)): null

2019-01-03 21:00:16 - [TEST_STEP][PASSED] - Statement - counter = counter + 1: null

2019-01-03 21:00:16 - [TEST_STEP][PASSED] - Statement - PreSaveFile = new java.io.File(((pathPrefix + java.lang.Integer.toString(counter)) + .png)): null

2019-01-03 21:00:16 - [TEST_STEP][PASSED] - Statement - counter = counter + 1: null

2019-01-03 21:00:16 - [TEST_STEP][PASSED] - Statement - PreSaveFile = new java.io.File(((pathPrefix + java.lang.Integer.toString(counter)) + .png)): null

2019-01-03 21:00:16 - [TEST_STEP][PASSED] - Statement - counter = counter + 1: null

2019-01-03 21:00:16 - [TEST_STEP][PASSED] - Statement - PreSaveFile = new java.io.File(((pathPrefix + java.lang.Integer.toString(counter)) + .png)): null

2019-01-03 21:00:16 - [TEST_STEP][PASSED] - Statement - counter = counter + 1: null

2019-01-03 21:00:16 - [TEST_STEP][PASSED] - Statement - PreSaveFile = new java.io.File(((pathPrefix + java.lang.Integer.toString(counter)) + .png)): null

2019-01-03 21:00:16 - [TEST_STEP][PASSED] - Statement - counter = counter + 1: null

2019-01-03 21:00:16 - [TEST_STEP][PASSED] - Statement - PreSaveFile = new java.io.File(((pathPrefix + java.lang.Integer.toString(counter)) + .png)): null

2019-01-03 21:00:16 - [TEST_STEP][PASSED] - Statement - counter = counter + 1: null

2019-01-03 21:00:16 - [TEST_STEP][PASSED] - Statement - PreSaveFile = new java.io.File(((pathPrefix + java.lang.Integer.toString(counter)) + .png)): null

2019-01-03 21:00:16 - [TEST_STEP][PASSED] - Statement - counter = counter + 1: null

2019-01-03 21:00:16 - [TEST_STEP][PASSED] - Statement - PreSaveFile = new java.io.File(((pathPrefix + java.lang.Integer.toString(counter)) + .png)): null

2019-01-03 21:00:16 - [TEST_STEP][PASSED] - Statement - counter = counter + 1: null

2019-01-03 21:00:16 - [TEST_STEP][PASSED] - Statement - PreSaveFile = new java.io.File(((pathPrefix + java.lang.Integer.toString(counter)) + .png)): null

2019-01-03 21:00:16 - [TEST_STEP][PASSED] - Statement - counter = counter + 1: null

2019-01-03 21:00:16 - [TEST_STEP][PASSED] - Statement - PreSaveFile = new java.io.File(((pathPrefix + java.lang.Integer.toString(counter)) + .png)): null

2019-01-03 21:00:16 - [TEST_STEP][PASSED] - Statement - counter = counter + 1: null

2019-01-03 21:00:16 - [TEST_STEP][PASSED] - Statement - PreSaveFile = new java.io.File(((pathPrefix + java.lang.Integer.toString(counter)) + .png)): null

2019-01-03 21:00:16 - [TEST_STEP][PASSED] - Statement - counter = counter + 1: null

2019-01-03 21:00:16 - [TEST_STEP][PASSED] - Statement - PreSaveFile = new java.io.File(((pathPrefix + java.lang.Integer.toString(counter)) + .png)): null

2019-01-03 21:00:16 - [TEST_STEP][PASSED] - Statement - counter = counter + 1: null

2019-01-03 21:00:16 - [TEST_STEP][PASSED] - Statement - PreSaveFile = new java.io.File(((pathPrefix + java.lang.Integer.toString(counter)) + .png)): null

2019-01-03 21:00:16 - [TEST_STEP][PASSED] - Statement - counter = counter + 1: null

2019-01-03 21:00:16 - [TEST_STEP][PASSED] - Statement - PreSaveFile = new java.io.File(((pathPrefix + java.lang.Integer.toString(counter)) + .png)): null

2019-01-03 21:00:16 - [TEST_STEP][PASSED] - Statement - counter = counter + 1: null

2019-01-03 21:00:16 - [TEST_STEP][PASSED] - Statement - PreSaveFile = new java.io.File(((pathPrefix + java.lang.Integer.toString(counter)) + .png)): null

2019-01-03 21:00:16 - [TEST_STEP][PASSED] - Statement - counter = counter + 1: null

2019-01-03 21:00:16 - [TEST_STEP][PASSED] - Statement - PreSaveFile = new java.io.File(((pathPrefix + java.lang.Integer.toString(counter)) + .png)): null

2019-01-03 21:00:16 - [TEST_STEP][PASSED] - Statement - counter = counter + 1: null

2019-01-03 21:00:16 - [TEST_STEP][PASSED] - Statement - PreSaveFile = new java.io.File(((pathPrefix + java.lang.Integer.toString(counter)) + .png)): null

2019-01-03 21:00:16 - [TEST_STEP][PASSED] - Statement - counter = counter + 1: null

2019-01-03 21:00:16 - [TEST_STEP][PASSED] - Statement - PreSaveFile = new java.io.File(((pathPrefix + java.lang.Integer.toString(counter)) + .png)): null

2019-01-03 21:00:16 - [TEST_STEP][PASSED] - Statement - counter = counter + 1: null

2019-01-03 21:00:16 - [TEST_STEP][PASSED] - Statement - PreSaveFile = new java.io.File(((pathPrefix + java.lang.Integer.toString(counter)) + .png)): null

2019-01-03 21:00:16 - [TEST_STEP][PASSED] - Statement - counter = counter + 1: null

2019-01-03 21:00:16 - [TEST_STEP][PASSED] - Statement - PreSaveFile = new java.io.File(((pathPrefix + java.lang.Integer.toString(counter)) + .png)): null

2019-01-03 21:00:16 - [TEST_STEP][PASSED] - Statement - counter = counter + 1: null

2019-01-03 21:00:16 - [TEST_STEP][PASSED] - Statement - PreSaveFile = new java.io.File(((pathPrefix + java.lang.Integer.toString(counter)) + .png)): null

2019-01-03 21:00:16 - [TEST_STEP][PASSED] - Statement - counter = counter + 1: null

2019-01-03 21:00:16 - [TEST_STEP][PASSED] - Statement - PreSaveFile = new java.io.File(((pathPrefix + java.lang.Integer.toString(counter)) + .png)): null

2019-01-03 21:00:16 - [TEST_STEP][PASSED] - Statement - counter = counter + 1: null

2019-01-03 21:00:16 - [TEST_STEP][PASSED] - Statement - PreSaveFile = new java.io.File(((pathPrefix + java.lang.Integer.toString(counter)) + .png)): null

2019-01-03 21:00:16 - [TEST_STEP][PASSED] - Statement - counter = counter + 1: null

2019-01-03 21:00:16 - [TEST_STEP][PASSED] - Statement - PreSaveFile = new java.io.File(((pathPrefix + java.lang.Integer.toString(counter)) + .png)): null

2019-01-03 21:00:16 - [TEST_STEP][PASSED] - Statement - counter = counter + 1: null

2019-01-03 21:00:16 - [TEST_STEP][PASSED] - Statement - PreSaveFile = new java.io.File(((pathPrefix + java.lang.Integer.toString(counter)) + .png)): null

2019-01-03 21:00:16 - [TEST_STEP][PASSED] - Statement - counter = counter + 1: null

2019-01-03 21:00:16 - [TEST_STEP][PASSED] - Statement - PreSaveFile = new java.io.File(((pathPrefix + java.lang.Integer.toString(counter)) + .png)): null

2019-01-03 21:00:16 - [TEST_STEP][PASSED] - Statement - counter = counter + 1: null

2019-01-03 21:00:16 - [TEST_STEP][PASSED] - Statement - PreSaveFile = new java.io.File(((pathPrefix + java.lang.Integer.toString(counter)) + .png)): null

2019-01-03 21:00:16 - [TEST_STEP][PASSED] - Statement - counter = counter + 1: null

2019-01-03 21:00:16 - [TEST_STEP][PASSED] - Statement - PreSaveFile = new java.io.File(((pathPrefix + java.lang.Integer.toString(counter)) + .png)): null

2019-01-03 21:00:16 - [TEST_STEP][PASSED] - Statement - counter = counter + 1: null

2019-01-03 21:00:16 - [TEST_STEP][PASSED] - Statement - PreSaveFile = new java.io.File(((pathPrefix + java.lang.Integer.toString(counter)) + .png)): null

2019-01-03 21:00:16 - [TEST_STEP][PASSED] - Statement - counter = counter + 1: null

2019-01-03 21:00:16 - [TEST_STEP][PASSED] - Statement - PreSaveFile = new java.io.File(((pathPrefix + java.lang.Integer.toString(counter)) + .png)): null

2019-01-03 21:00:16 - [TEST_STEP][PASSED] - Statement - counter = counter + 1: null

2019-01-03 21:00:16 - [TEST_STEP][PASSED] - Statement - PreSaveFile = new java.io.File(((pathPrefix + java.lang.Integer.toString(counter)) + .png)): null

2019-01-03 21:00:16 - [TEST_STEP][PASSED] - Statement - counter = counter + 1: null

2019-01-03 21:00:16 - [TEST_STEP][PASSED] - Statement - PreSaveFile = new java.io.File(((pathPrefix + java.lang.Integer.toString(counter)) + .png)): null

2019-01-03 21:00:16 - [TEST_STEP][PASSED] - Statement - counter = counter + 1: null

2019-01-03 21:00:16 - [TEST_STEP][PASSED] - Statement - PreSaveFile = new java.io.File(((pathPrefix + java.lang.Integer.toString(counter)) + .png)): null

2019-01-03 21:00:16 - [TEST_STEP][PASSED] - Statement - counter = counter + 1: null

2019-01-03 21:00:16 - [TEST_STEP][PASSED] - Statement - PreSaveFile = new java.io.File(((pathPrefix + java.lang.Integer.toString(counter)) + .png)): null

2019-01-03 21:00:16 - [TEST_STEP][PASSED] - Statement - counter = counter + 1: null

2019-01-03 21:00:16 - [TEST_STEP][PASSED] - Statement - PreSaveFile = new java.io.File(((pathPrefix + java.lang.Integer.toString(counter)) + .png)): null

2019-01-03 21:00:16 - [TEST_STEP][PASSED] - Statement - counter = counter + 1: null

2019-01-03 21:00:16 - [TEST_STEP][PASSED] - Statement - PreSaveFile = new java.io.File(((pathPrefix + java.lang.Integer.toString(counter)) + .png)): null

2019-01-03 21:00:16 - [TEST_STEP][PASSED] - Statement - counter = counter + 1: null

2019-01-03 21:00:16 - [TEST_STEP][PASSED] - Statement - PreSaveFile = new java.io.File(((pathPrefix + java.lang.Integer.toString(counter)) + .png)): null

2019-01-03 21:00:16 - [TEST_STEP][PASSED] - Statement - counter = counter + 1: null

2019-01-03 21:00:16 - [TEST_STEP][PASSED] - Statement - PreSaveFile = new java.io.File(((pathPrefix + java.lang.Integer.toString(counter)) + .png)): null

2019-01-03 21:00:16 - [TEST_STEP][PASSED] - Statement - counter = counter + 1: null

2019-01-03 21:00:16 - [TEST_STEP][PASSED] - Statement - PreSaveFile = new java.io.File(((pathPrefix + java.lang.Integer.toString(counter)) + .png)): null

2019-01-03 21:00:16 - [TEST_STEP][PASSED] - Statement - counter = counter + 1: null

2019-01-03 21:00:16 - [TEST_STEP][PASSED] - Statement - PreSaveFile = new java.io.File(((pathPrefix + java.lang.Integer.toString(counter)) + .png)): null

2019-01-03 21:00:16 - [TEST_STEP][PASSED] - Statement - counter = counter + 1: null

2019-01-03 21:00:16 - [TEST_STEP][PASSED] - Statement - PreSaveFile = new java.io.File(((pathPrefix + java.lang.Integer.toString(counter)) + .png)): null

2019-01-03 21:00:16 - [TEST_STEP][PASSED] - Statement - counter = counter + 1: null

2019-01-03 21:00:16 - [TEST_STEP][PASSED] - Statement - PreSaveFile = new java.io.File(((pathPrefix + java.lang.Integer.toString(counter)) + .png)): null

2019-01-03 21:00:16 - [TEST_STEP][PASSED] - Statement - counter = counter + 1: null

2019-01-03 21:00:16 - [TEST_STEP][PASSED] - Statement - PreSaveFile = new java.io.File(((pathPrefix + java.lang.Integer.toString(counter)) + .png)): null

2019-01-03 21:00:16 - [TEST_STEP][PASSED] - Statement - counter = counter + 1: null

2019-01-03 21:00:16 - [TEST_STEP][PASSED] - Statement - PreSaveFile = new java.io.File(((pathPrefix + java.lang.Integer.toString(counter)) + .png)): null

2019-01-03 21:00:16 - [TEST_STEP][PASSED] - Statement - counter = counter + 1: null

2019-01-03 21:00:16 - [TEST_STEP][PASSED] - Statement - PreSaveFile = new java.io.File(((pathPrefix + java.lang.Integer.toString(counter)) + .png)): null

2019-01-03 21:00:16 - [TEST_STEP][PASSED] - Statement - counter = counter + 1: null

2019-01-03 21:00:16 - [TEST_STEP][PASSED] - Statement - PreSaveFile = new java.io.File(((pathPrefix + java.lang.Integer.toString(counter)) + .png)): null

2019-01-03 21:00:16 - [TEST_STEP][PASSED] - Statement - counter = counter + 1: null

2019-01-03 21:00:16 - [TEST_STEP][PASSED] - Statement - PreSaveFile = new java.io.File(((pathPrefix + java.lang.Integer.toString(counter)) + .png)): null

2019-01-03 21:00:16 - [TEST_STEP][PASSED] - Statement - counter = counter + 1: null

2019-01-03 21:00:16 - [TEST_STEP][PASSED] - Statement - PreSaveFile = new java.io.File(((pathPrefix + java.lang.Integer.toString(counter)) + .png)): null

2019-01-03 21:00:16 - [TEST_STEP][PASSED] - Statement - counter = counter + 1: null

2019-01-03 21:00:16 - [TEST_STEP][PASSED] - Statement - PreSaveFile = new java.io.File(((pathPrefix + java.lang.Integer.toString(counter)) + .png)): null

2019-01-03 21:00:16 - [TEST_STEP][PASSED] - Statement - counter = counter + 1: null

2019-01-03 21:00:16 - [TEST_STEP][PASSED] - Statement - PreSaveFile = new java.io.File(((pathPrefix + java.lang.Integer.toString(counter)) + .png)): null

2019-01-03 21:00:16 - [TEST_STEP][PASSED] - Statement - counter = counter + 1: null

2019-01-03 21:00:16 - [TEST_STEP][PASSED] - Statement - PreSaveFile = new java.io.File(((pathPrefix + java.lang.Integer.toString(counter)) + .png)): null

2019-01-03 21:00:16 - [TEST_STEP][PASSED] - Statement - counter = counter + 1: null

2019-01-03 21:00:16 - [TEST_STEP][PASSED] - Statement - PreSaveFile = new java.io.File(((pathPrefix + java.lang.Integer.toString(counter)) + .png)): null

2019-01-03 21:00:16 - [TEST_STEP][PASSED] - Statement - counter = counter + 1: null

2019-01-03 21:00:16 - [TEST_STEP][PASSED] - Statement - PreSaveFile = new java.io.File(((pathPrefix + java.lang.Integer.toString(counter)) + .png)): null

2019-01-03 21:00:16 - [TEST_STEP][PASSED] - Statement - counter = counter + 1: null

2019-01-03 21:00:16 - [TEST_STEP][PASSED] - Statement - PreSaveFile = new java.io.File(((pathPrefix + java.lang.Integer.toString(counter)) + .png)): null

2019-01-03 21:00:16 - [TEST_STEP][PASSED] - Statement - counter = counter + 1: null

2019-01-03 21:00:16 - [TEST_STEP][PASSED] - Statement - PreSaveFile = new java.io.File(((pathPrefix + java.lang.Integer.toString(counter)) + .png)): null

2019-01-03 21:00:16 - [TEST_STEP][PASSED] - Statement - counter = counter + 1: null

2019-01-03 21:00:16 - [TEST_STEP][PASSED] - Statement - PreSaveFile = new java.io.File(((pathPrefix + java.lang.Integer.toString(counter)) + .png)): null

2019-01-03 21:00:16 - [TEST_STEP][PASSED] - Statement - counter = counter + 1: null

2019-01-03 21:00:16 - [TEST_STEP][PASSED] - Statement - PreSaveFile = new java.io.File(((pathPrefix + java.lang.Integer.toString(counter)) + .png)): null

2019-01-03 21:00:16 - [TEST_STEP][PASSED] - Statement - counter = counter + 1: null

2019-01-03 21:00:16 - [TEST_STEP][PASSED] - Statement - PreSaveFile = new java.io.File(((pathPrefix + java.lang.Integer.toString(counter)) + .png)): null

2019-01-03 21:00:16 - [TEST_STEP][PASSED] - Statement - counter = counter + 1: null

2019-01-03 21:00:16 - [TEST_STEP][PASSED] - Statement - PreSaveFile = new java.io.File(((pathPrefix + java.lang.Integer.toString(counter)) + .png)): null

2019-01-03 21:00:16 - [TEST_STEP][PASSED] - Statement - counter = counter + 1: null

2019-01-03 21:00:16 - [TEST_STEP][PASSED] - Statement - PreSaveFile = new java.io.File(((pathPrefix + java.lang.Integer.toString(counter)) + .png)): null

2019-01-03 21:00:16 - [TEST_STEP][PASSED] - Statement - counter = counter + 1: null

2019-01-03 21:00:16 - [TEST_STEP][PASSED] - Statement - PreSaveFile = new java.io.File(((pathPrefix + java.lang.Integer.toString(counter)) + .png)): null

2019-01-03 21:00:16 - [TEST_STEP][PASSED] - Statement - finalPath = pathPrefix + java.lang.Integer.toString(counter) + ".png": null

2019-01-03 21:00:16 - [TEST_STEP][PASSED] - Statement - SaveFile = new java.io.File(finalPath): null

2019-01-03 21:00:16 - [TEST_STEP][PASSED] - Statement - Try: null

2019-01-03 21:00:16 - [TEST_STEP][PASSED] - Statement - org.apache.commons.io.FileUtils.copyFile(scrFile, SaveFile): null

2019-01-03 21:00:16 - [TEST_STEP][PASSED] - Statement - out.println("file kept"): null

2019-01-03 21:00:16 - [TEST_STEP][PASSED] - delay: Delayed 10 second(s)

2019-01-03 21:00:26 - [MESSAGE][PASSED] - Delayed 10 second(s)

2019-01-03 21:00:26 - [MESSAGE][PASSED] - Call Test Case 'Test Cases/Final Aug 2018 - PKS Automation/Registration Module/New Registration/Submit and Screenshot/Submit Registration and Screenshot - Copy' successfully

2019-01-03 21:00:26 - [TEST_STEP][PASSED] - Statement - UpdateAddNewECode = com.kms.katalon.core.webui.keyword.WebUiBuiltInKeywords.getText(com.kms.katalon.core.testobject.ObjectRepository.findTestObject(Object Repository/Final Object Repo/Page_Update Add New Employee - ASSIST/getEmpCode)): Text of object 'Object Repository/Final Object Repo/Page_Update Add New Employee - ASSIST/getEmpCode' is: 'E1102071103A'

2019-01-03 21:00:26 - [MESSAGE][PASSED] - Text of object 'Object Repository/Final Object Repo/Page_Update Add New Employee - ASSIST/getEmpCode' is: 'E1102071103A'

2019-01-03 21:00:26 - [TEST_STEP][PASSED] - callTestCase: Call Test Case 'Test Cases/Final Aug 2018 - PKS Automation/Common/Emp Code Setter' successfully

2019-01-03 21:00:27 - [TEST_CASE][PASSED] - Test Cases/Final Aug 2018 - PKS Automation/Common/Emp Code Setter: Test Cases/Final Aug 2018 - PKS Automation/Common/Emp Code Setter

2019-01-03 21:00:27 - [TEST_STEP][PASSED] - Statement - EmpCodeOld = new java.io.File(C://Users//Admin//Desktop//PKS//Automation Reference Point//EmpCode.txt): null

2019-01-03 21:00:27 - [TEST_STEP][PASSED] - Statement - EmpCodeOld.delete(): null

2019-01-03 21:00:27 - [TEST_STEP][PASSED] - Statement - EmpCode = new java.io.File(C://Users//Admin//Desktop//PKS//Automation Reference Point//EmpCode.txt): null

2019-01-03 21:00:27 - [TEST_STEP][PASSED] - Statement - f2 = new java.io.FileWriter(EmpCode, false): null

2019-01-03 21:00:27 - [TEST_STEP][PASSED] - Statement - f2.write(UpdateAddNewECode): null

2019-01-03 21:00:27 - [TEST_STEP][PASSED] - Statement - f2.close(): null

2019-01-03 21:00:27 - [TEST_STEP][PASSED] - Statement - out.println("


" + UpdateAddNewECode + "


"): null

2019-01-03 21:00:27 - [MESSAGE][PASSED] - Call Test Case 'Test Cases/Final Aug 2018 - PKS Automation/Common/Emp Code Setter' successfully

2019-01-03 21:00:27 - [MESSAGE][PASSED] - Call Test Case 'Test Cases/Final Aug 2018 - PKS Automation/Registration Module/Workflow/Update Add New Employee/Template/New Company for Update Add New - Employer' successfully

2019-01-03 21:00:27 - [TEST_STEP][PASSED] - callTestCase: Call Test Case 'Test Cases/Final Aug 2018 - PKS Automation/Create Employer Acc/Login to Employer Account (Second time)' successfully

2019-01-03 21:00:27 - [TEST_CASE][PASSED] - Test Cases/Final Aug 2018 - PKS Automation/Create Employer Acc/Login to Employer Account (Second time): Test Cases/Final Aug 2018 - PKS Automation/Create Employer Acc/Login to Employer Account (Second time)

2019-01-03 21:00:27 - [TEST_STEP][PASSED] - openBrowser: Browser is opened with url: ''

2019-01-03 21:00:27 - [MESSAGE][WARNING] - A browser is already opened. Closing browser and opening a new one

2019-01-03 21:00:30 - [MESSAGE][PASSED] - Browser is opened with url: ''

2019-01-03 21:00:30 - [TEST_STEP][PASSED] - navigateToUrl: Navigate to 'https://assist2-uat.perkeso.gov.my/employer/login' successfully

2019-01-03 21:00:32 - [MESSAGE][PASSED] - Navigate to 'https://assist2-uat.perkeso.gov.my/employer/login' successfully

2019-01-03 21:00:32 - [TEST_STEP][PASSED] - delay: Delayed 3 second(s)

2019-01-03 21:00:35 - [MESSAGE][PASSED] - Delayed 3 second(s)

2019-01-03 21:00:35 - [TEST_STEP][PASSED] - callTestCase: Call Test Case 'Test Cases/Final Aug 2018 - PKS Automation/Create Employer Acc/Template/Employer Email Getter' successfully

2019-01-03 21:00:35 - [TEST_CASE][PASSED] - Test Cases/Final Aug 2018 - PKS Automation/Create Employer Acc/Template/Employer Email Getter: Test Cases/Final Aug 2018 - PKS Automation/Create Employer Acc/Template/Employer Email Getter

2019-01-03 21:00:35 - [TEST_STEP][PASSED] - Statement - Try: null

2019-01-03 21:00:35 - [TEST_STEP][PASSED] - Statement - EmpEmail = new java.io.File(C://Users//Admin//Desktop//PKS//Automation Reference Point//EmpEmail.txt): null

2019-01-03 21:00:35 - [TEST_STEP][PASSED] - Statement - bufferread = new java.io.BufferedReader(new java.io.FileReader(EmpEmail)): null

2019-01-03 21:00:35 - [TEST_STEP][PASSED] - Statement - readedVal = bufferread.readLine(): null

2019-01-03 21:00:35 - [TEST_STEP][PASSED] - Statement - out.println(readedVal): null

2019-01-03 21:00:35 - [TEST_STEP][PASSED] - Statement - Email = readedVal: null

2019-01-03 21:00:35 - [MESSAGE][PASSED] - Call Test Case 'Test Cases/Final Aug 2018 - PKS Automation/Create Employer Acc/Template/Employer Email Getter' successfully

2019-01-03 21:00:35 - [TEST_STEP][PASSED] - setText: Text 'perkeso682795300325@gmail.com' is set on object 'Object Repository/Final Object Repo/Login Page/External Login Page/Email'

2019-01-03 21:00:35 - [MESSAGE][PASSED] - Text 'perkeso682795300325@gmail.com' is set on object 'Object Repository/Final Object Repo/Login Page/External Login Page/Email'

2019-01-03 21:00:35 - [TEST_STEP][PASSED] - click: Object: 'Object Repository/Final Object Repo/Login Page/External Login Page/Next' is clicked on

2019-01-03 21:00:35 - [MESSAGE][PASSED] - Object: 'Object Repository/Final Object Repo/Login Page/External Login Page/Next' is clicked on

2019-01-03 21:00:35 - [TEST_STEP][PASSED] - delay: Delayed 3 second(s)

2019-01-03 21:00:38 - [MESSAGE][PASSED] - Delayed 3 second(s)

2019-01-03 21:00:38 - [TEST_STEP][PASSED] - setEncryptedText: Text ****** has been set on object 'Object Repository/Final Object Repo/Login Page/External Login Page/Password'

2019-01-03 21:00:38 - [MESSAGE][PASSED] - Text ****** has been set on object 'Object Repository/Final Object Repo/Login Page/External Login Page/Password'

2019-01-03 21:00:38 - [TEST_STEP][PASSED] - click: Object: 'Object Repository/Final Object Repo/Login Page/External Login Page/Login' is clicked on

2019-01-03 21:00:39 - [MESSAGE][PASSED] - Object: 'Object Repository/Final Object Repo/Login Page/External Login Page/Login' is clicked on

2019-01-03 21:00:39 - [TEST_STEP][PASSED] - delay: Delayed 5 second(s)

2019-01-03 21:00:44 - [MESSAGE][PASSED] - Delayed 5 second(s)

2019-01-03 21:00:44 - [MESSAGE][PASSED] - Call Test Case 'Test Cases/Final Aug 2018 - PKS Automation/Create Employer Acc/Login to Employer Account (Second time)' successfully

2019-01-03 21:00:44 - [TEST_STEP][PASSED] - Statement - Try: Delayed 2 second(s)

2019-01-03 21:00:44 - [TEST_STEP][PASSED] - Statement - Checker = false: null

2019-01-03 21:00:44 - [TEST_STEP][PASSED] - Statement - Checker = com.kms.katalon.core.webui.keyword.WebUiBuiltInKeywords.verifyElementHasAttribute(com.kms.katalon.core.testobject.ObjectRepository.findTestObject(Final Object Repo/Landing Page/BM Detecting), "href", 20, OPTIONAL): Object 'Object Repository/Final Object Repo/Landing Page/BM Detecting' has attribute 'href'

2019-01-03 21:00:44 - [MESSAGE][PASSED] - Object 'Object Repository/Final Object Repo/Landing Page/BM Detecting' has attribute 'href'

2019-01-03 21:00:44 - [TEST_STEP][PASSED] - Statement - out.println(Checker): null

2019-01-03 21:00:44 - [TEST_STEP][PASSED] - Statement - If (Checker == false): null

2019-01-03 21:00:44 - [TEST_STEP][PASSED] - Statement - Else: null

2019-01-03 21:00:44 - [TEST_STEP][PASSED] - delay: Delayed 2 second(s)

2019-01-03 21:00:46 - [MESSAGE][PASSED] - Delayed 2 second(s)

2019-01-03 21:00:46 - [TEST_STEP][PASSED] - navigateToUrl: Navigate to 'https://assist2-uat.perkeso.gov.my/web/registration/update/update-employee-information-employer-' successfully

2019-01-03 21:00:47 - [MESSAGE][PASSED] - Navigate to 'https://assist2-uat.perkeso.gov.my/web/registration/update/update-employee-information-employer-' successfully

2019-01-03 21:00:47 - [TEST_STEP][PASSED] - click: Object: 'Object Repository/Final Object Repo/Page_Update Employee Information By Employer/Edit Button' is clicked on

2019-01-03 21:00:49 - [MESSAGE][PASSED] - Object: 'Object Repository/Final Object Repo/Page_Update Employee Information By Employer/Edit Button' is clicked on

2019-01-03 21:00:49 - [TEST_STEP][PASSED] - click: Object: 'Object Repository/Final Object Repo/Page_Update Employee Information By Employer/Employee Name or New Identification' is clicked on

2019-01-03 21:00:49 - [MESSAGE][PASSED] - Object: 'Object Repository/Final Object Repo/Page_Update Employee Information By Employer/Employee Name or New Identification' is clicked on

2019-01-03 21:00:49 - [TEST_STEP][PASSED] - delay: Delayed 1 second(s)

2019-01-03 21:00:50 - [MESSAGE][PASSED] - Delayed 1 second(s)

2019-01-03 21:00:50 - [TEST_STEP][PASSED] - click: Object: 'Object Repository/Final Object Repo/Page_Update Employee Information By Employer/Selection - Employee Name' is clicked on

2019-01-03 21:00:50 - [MESSAGE][PASSED] - Object: 'Object Repository/Final Object Repo/Page_Update Employee Information By Employer/Selection - Employee Name' is clicked on

2019-01-03 21:00:50 - [TEST_STEP][PASSED] - delay: Delayed 1 second(s)

2019-01-03 21:00:51 - [MESSAGE][PASSED] - Delayed 1 second(s)

2019-01-03 21:00:51 - [TEST_STEP][PASSED] - setText: Text 'AUTOMATE001 ELIGIBLE 1' is set on object 'Object Repository/Final Object Repo/Page_Update Employee Information By Employer/Employee Name'

2019-01-03 21:00:52 - [MESSAGE][PASSED] - Text 'AUTOMATE001 ELIGIBLE 1' is set on object 'Object Repository/Final Object Repo/Page_Update Employee Information By Employer/Employee Name'

2019-01-03 21:00:52 - [TEST_STEP][PASSED] - delay: Delayed 2 second(s)

2019-01-03 21:00:54 - [MESSAGE][PASSED] - Delayed 2 second(s)

2019-01-03 21:00:54 - [TEST_STEP][PASSED] - click: Object: 'Object Repository/Final Object Repo/Page_Update Employee Information By Employer/Search Employee' is clicked on

2019-01-03 21:00:54 - [MESSAGE][PASSED] - Object: 'Object Repository/Final Object Repo/Page_Update Employee Information By Employer/Search Employee' is clicked on

2019-01-03 21:00:54 - [TEST_STEP][PASSED] - delay: Delayed 3 second(s)

2019-01-03 21:00:57 - [MESSAGE][PASSED] - Delayed 3 second(s)

2019-01-03 21:00:57 - [TEST_STEP][PASSED] - click: Object: 'Object Repository/Final Object Repo/Page_Update Employee Information By Employer/Employee Edit Button' is clicked on

2019-01-03 21:00:57 - [MESSAGE][PASSED] - Object: 'Object Repository/Final Object Repo/Page_Update Employee Information By Employer/Employee Edit Button' is clicked on

2019-01-03 21:00:57 - [TEST_STEP][PASSED] - delay: Delayed 3 second(s)

2019-01-03 21:01:00 - [MESSAGE][PASSED] - Delayed 3 second(s)

2019-01-03 21:01:00 - [TEST_STEP][PASSED] - setText: Text '' is set on object 'Object Repository/Final Object Repo/Page_Update Employee Information By Employer/Identification Number'

2019-01-03 21:01:00 - [MESSAGE][PASSED] - Text '' is set on object 'Object Repository/Final Object Repo/Page_Update Employee Information By Employer/Identification Number'

2019-01-03 21:01:00 - [TEST_STEP][PASSED] - Statement - rnd = new java.util.Random(): null

2019-01-03 21:01:00 - [TEST_STEP][PASSED] - Statement - snum = rnd.nextInt(899999 + 1) + 100000: null

2019-01-03 21:01:00 - [TEST_STEP][PASSED] - Statement - tnum = rnd.nextInt(899999 + 1) + 100000: null

2019-01-03 21:01:00 - [TEST_STEP][PASSED] - Statement - IC = java.lang.Integer.toString(snum) + java.lang.Integer.toString(tnum): null

2019-01-03 21:01:00 - [TEST_STEP][PASSED] - Statement - out.println(IC): null

2019-01-03 21:01:00 - [TEST_STEP][PASSED] - setText: Text '860035205275' is set on object 'Object Repository/Final Object Repo/Page_Update Employee Information By Employer/Identification Number'

2019-01-03 21:01:00 - [MESSAGE][PASSED] - Text '860035205275' is set on object 'Object Repository/Final Object Repo/Page_Update Employee Information By Employer/Identification Number'

2019-01-03 21:01:00 - [TEST_STEP][PASSED] - click: Object: 'Object Repository/Final Object Repo/Page_Update Employee Information By Employer/Save' is clicked on

2019-01-03 21:01:01 - [MESSAGE][PASSED] - Object: 'Object Repository/Final Object Repo/Page_Update Employee Information By Employer/Save' is clicked on

2019-01-03 21:01:01 - [TEST_STEP][PASSED] - delay: Delayed 5 second(s)

2019-01-03 21:01:06 - [MESSAGE][PASSED] - Delayed 5 second(s)

2019-01-03 21:01:06 - [TEST_STEP][PASSED] - Statement - CaseReferenceNo = com.kms.katalon.core.webui.keyword.WebUiBuiltInKeywords.getText(com.kms.katalon.core.testobject.ObjectRepository.findTestObject(Final Object Repo/Reference Number/Reference Number in Update Employee Information Page)): Text of object 'Object Repository/Final Object Repo/Reference Number/Reference Number in Update Employee Information Page' is: 'CUN012019C100006153'

2019-01-03 21:01:06 - [MESSAGE][PASSED] - Text of object 'Object Repository/Final Object Repo/Reference Number/Reference Number in Update Employee Information Page' is: 'CUN012019C100006153'

2019-01-03 21:01:06 - [TEST_STEP][PASSED] - callTestCase: Call Test Case 'Test Cases/Final Aug 2018 - PKS Automation/Common/Reference Number Setter' successfully

2019-01-03 21:01:06 - [TEST_CASE][PASSED] - Test Cases/Final Aug 2018 - PKS Automation/Common/Reference Number Setter: Test Cases/Final Aug 2018 - PKS Automation/Common/Reference Number Setter

2019-01-03 21:01:06 - [TEST_STEP][PASSED] - Statement - RefNoOldFile = new java.io.File(C://Users//Admin//Desktop//PKS//Automation Reference Point//KatalonReference.txt): null

2019-01-03 21:01:06 - [TEST_STEP][PASSED] - Statement - RefNoOldFile.delete(): null

2019-01-03 21:01:06 - [TEST_STEP][PASSED] - delay: Delayed 5 second(s)

2019-01-03 21:01:11 - [MESSAGE][PASSED] - Delayed 5 second(s)

2019-01-03 21:01:11 - [TEST_STEP][PASSED] - Statement - RefNo = new java.io.File(C://Users//Admin//Desktop//PKS//Automation Reference Point//KatalonReference.txt): null

2019-01-03 21:01:11 - [TEST_STEP][PASSED] - Statement - f2 = new java.io.FileWriter(RefNo, false): null

2019-01-03 21:01:11 - [TEST_STEP][PASSED] - Statement - f2.write(CaseReferenceNo): null

2019-01-03 21:01:11 - [TEST_STEP][PASSED] - Statement - f2.close(): null

2019-01-03 21:01:11 - [TEST_STEP][PASSED] - Statement - out.println("


" + CaseReferenceNo + "


"): null

2019-01-03 21:01:11 - [MESSAGE][PASSED] - Call Test Case 'Test Cases/Final Aug 2018 - PKS Automation/Common/Reference Number Setter' successfully

2019-01-03 21:01:11 - [TEST_STEP][PASSED] - delay: Delayed 5 second(s)

2019-01-03 21:01:16 - [MESSAGE][PASSED] - Delayed 5 second(s)

2019-01-03 21:01:16 - [TEST_STEP][PASSED] - click: Object: 'Object Repository/Final Object Repo/Page_Update Employee Information By Employer/Save  Continue in  Employee Information Page' is clicked on

2019-01-03 21:01:16 - [MESSAGE][PASSED] - Object: 'Object Repository/Final Object Repo/Page_Update Employee Information By Employer/Save  Continue in  Employee Information Page' is clicked on

2019-01-03 21:01:16 - [TEST_STEP][PASSED] - delay: Delayed 5 second(s)

2019-01-03 21:01:21 - [MESSAGE][PASSED] - Delayed 5 second(s)

2019-01-03 21:01:21 - [TEST_STEP][PASSED] - click: Object: 'Object Repository/Final Object Repo/Page_Update Employee Information By Employer/Save  Continue in Uploading Page 1' is clicked on

2019-01-03 21:01:21 - [MESSAGE][PASSED] - Object: 'Object Repository/Final Object Repo/Page_Update Employee Information By Employer/Save  Continue in Uploading Page 1' is clicked on

2019-01-03 21:01:21 - [TEST_STEP][PASSED] - delay: Delayed 5 second(s)

2019-01-03 21:01:26 - [MESSAGE][PASSED] - Delayed 5 second(s)

2019-01-03 21:01:26 - [TEST_STEP][PASSED] - click: Object: 'Object Repository/Final Object Repo/Page_Update Employee Information By Employer/Submit' is clicked on

2019-01-03 21:01:26 - [MESSAGE][PASSED] - Object: 'Object Repository/Final Object Repo/Page_Update Employee Information By Employer/Submit' is clicked on

2019-01-03 21:01:26 - [TEST_STEP][PASSED] - delay: Delayed 5 second(s)

2019-01-03 21:01:31 - [MESSAGE][PASSED] - Delayed 5 second(s)

2019-01-03 21:01:31 - [TEST_STEP][PASSED] - click: Object: 'Object Repository/Final Object Repo/Page_Update Employee Information By Employer/Confirm' is clicked on

2019-01-03 21:01:31 - [MESSAGE][PASSED] - Object: 'Object Repository/Final Object Repo/Page_Update Employee Information By Employer/Confirm' is clicked on

2019-01-03 21:01:31 - [TEST_STEP][PASSED] - delay: Delayed 5 second(s)

2019-01-03 21:01:36 - [MESSAGE][PASSED] - Delayed 5 second(s)

2019-01-03 21:01:36 - [TEST_STEP][PASSED] - verifyElementVisible: Object 'Object Repository/Final Object Repo/Page_Update Employee Information By Employer/Successfull Message Routed to UO' is visible

2019-01-03 21:01:37 - [MESSAGE][PASSED] - Object 'Object Repository/Final Object Repo/Page_Update Employee Information By Employer/Successfull Message Routed to UO' is visible

2019-01-03 21:01:37 - [MESSAGE][PASSED] - Call Test Case 'Test Cases/Final Aug 2018 - PKS Automation/Registration Module/Workflow/Update Employee Information (Employer)/Template/Update Employer Information - Special Case (Employer)' successfully

2019-01-03 21:01:37 - [TEST_STEP][PASSED] - callTestCase: Call Test Case 'Test Cases/Final Aug 2018 - PKS Automation/Registration Module/Workflow/Update Employee Information (Employer)/Template/Update Employee Information - Special Case - UO (UnderEnforcement)' successfully

2019-01-03 21:01:37 - [TEST_CASE][PASSED] - Test Cases/Final Aug 2018 - PKS Automation/Registration Module/Workflow/Update Employee Information (Employer)/Template/Update Employee Information - Special Case - UO (UnderEnforcement): Test Cases/Final Aug 2018 - PKS Automation/Registration Module/Workflow/Update Employee Information (Employer)/Template/Update Employee Information - Special Case - UO (UnderEnforcement)

2019-01-03 21:01:37 - [TEST_STEP][NOT_RUN] - callTestCase: NOT_RUN: callTestCase

2019-01-03 21:01:37 - [MESSAGE][NOT_RUN] - NOT_RUN: callTestCase

2019-01-03 21:01:37 - [TEST_STEP][PASSED] - delay: Delayed 2 second(s)

2019-01-03 21:01:39 - [MESSAGE][PASSED] - Delayed 2 second(s)

2019-01-03 21:01:39 - [TEST_STEP][PASSED] - navigateToUrl: Navigate to 'https://assist2-uat.perkeso.gov.my/c/portal/logout' successfully

2019-01-03 21:01:40 - [MESSAGE][PASSED] - Navigate to 'https://assist2-uat.perkeso.gov.my/c/portal/logout' successfully

2019-01-03 21:01:40 - [TEST_STEP][PASSED] - delay: Delayed 2 second(s)

2019-01-03 21:01:42 - [MESSAGE][PASSED] - Delayed 2 second(s)

2019-01-03 21:01:42 - [TEST_STEP][PASSED] - callTestCase: Call Test Case 'Test Cases/Final Aug 2018 - PKS Automation/Common/Reference Number Getter' successfully

2019-01-03 21:01:42 - [TEST_CASE][PASSED] - Test Cases/Final Aug 2018 - PKS Automation/Common/Reference Number Getter: Test Cases/Final Aug 2018 - PKS Automation/Common/Reference Number Getter

2019-01-03 21:01:42 - [TEST_STEP][PASSED] - Statement - Try: null

2019-01-03 21:01:42 - [TEST_STEP][PASSED] - Statement - RefNo = new java.io.File(C://Users//Admin//Desktop//PKS//Automation Reference Point//KatalonReference.txt): null

2019-01-03 21:01:42 - [TEST_STEP][PASSED] - Statement - bufferread = new java.io.BufferedReader(new java.io.FileReader(RefNo)): null

2019-01-03 21:01:42 - [TEST_STEP][PASSED] - Statement - readedVal = bufferread.readLine(): null

2019-01-03 21:01:42 - [TEST_STEP][PASSED] - Statement - out.println(CaseReferenceNo): null

2019-01-03 21:01:42 - [TEST_STEP][PASSED] - Statement - out.println(readedVal): null

2019-01-03 21:01:42 - [TEST_STEP][PASSED] - Statement - CaseReferenceNo = "": null

2019-01-03 21:01:42 - [TEST_STEP][PASSED] - Statement - CaseReferenceNo = readedVal: null

2019-01-03 21:01:42 - [MESSAGE][PASSED] - Call Test Case 'Test Cases/Final Aug 2018 - PKS Automation/Common/Reference Number Getter' successfully

2019-01-03 21:01:42 - [TEST_STEP][PASSED] - callTestCase: Call Test Case 'Test Cases/Final Aug 2018 - PKS Automation/Common/Workflow Owner Finder' successfully

2019-01-03 21:01:42 - [TEST_CASE][PASSED] - Test Cases/Final Aug 2018 - PKS Automation/Common/Workflow Owner Finder: Test Cases/Final Aug 2018 - PKS Automation/Common/Workflow Owner Finder

2019-01-03 21:01:42 - [TEST_STEP][PASSED] - openBrowser: Browser is opened with url: ''

2019-01-03 21:01:42 - [MESSAGE][WARNING] - A browser is already opened. Closing browser and opening a new one

2019-01-03 21:01:46 - [MESSAGE][PASSED] - Browser is opened with url: ''

2019-01-03 21:01:46 - [TEST_STEP][PASSED] - navigateToUrl: Navigate to 'https://assist2-uat.perkeso.gov.my/login' successfully

2019-01-03 21:01:47 - [MESSAGE][PASSED] - Navigate to 'https://assist2-uat.perkeso.gov.my/login' successfully

2019-01-03 21:01:47 - [TEST_STEP][PASSED] - delay: Delayed 5 second(s)

2019-01-03 21:01:52 - [MESSAGE][PASSED] - Delayed 5 second(s)

2019-01-03 21:01:52 - [TEST_STEP][PASSED] - setText: Text 'test@liferay.com' is set on object 'Object Repository/Final Object Repo/Login Page/Internal User/Email Address'

2019-01-03 21:01:52 - [MESSAGE][PASSED] - Text 'test@liferay.com' is set on object 'Object Repository/Final Object Repo/Login Page/Internal User/Email Address'

2019-01-03 21:01:52 - [TEST_STEP][PASSED] - click: Object: 'Object Repository/Final Object Repo/Login Page/Internal User/Next Button' is clicked on

2019-01-03 21:01:52 - [MESSAGE][PASSED] - Object: 'Object Repository/Final Object Repo/Login Page/Internal User/Next Button' is clicked on

2019-01-03 21:01:52 - [TEST_STEP][PASSED] - delay: Delayed 2 second(s)

2019-01-03 21:01:54 - [MESSAGE][PASSED] - Delayed 2 second(s)

2019-01-03 21:01:54 - [TEST_STEP][PASSED] - setText: Text 'test' is set on object 'Object Repository/Final Object Repo/Login Page/Internal User/Password'

2019-01-03 21:01:54 - [MESSAGE][PASSED] - Text 'test' is set on object 'Object Repository/Final Object Repo/Login Page/Internal User/Password'

2019-01-03 21:01:54 - [TEST_STEP][PASSED] - delay: Delayed 2 second(s)

2019-01-03 21:01:56 - [MESSAGE][PASSED] - Delayed 2 second(s)

2019-01-03 21:01:56 - [TEST_STEP][PASSED] - click: Object: 'Object Repository/Final Object Repo/Login Page/Internal User/Login Button' is clicked on

2019-01-03 21:01:56 - [MESSAGE][PASSED] - Object: 'Object Repository/Final Object Repo/Login Page/Internal User/Login Button' is clicked on

2019-01-03 21:01:56 - [TEST_STEP][PASSED] - Statement - tester = com.kms.katalon.core.testobject.ObjectRepository.findTestObject(Final Object Repo/Landing Page/Select to English): Finding Test Object with id 'Object Repository/Final Object Repo/Landing Page/Select to English'

2019-01-03 21:01:57 - [TEST_STEP][PASSED] - Statement - Try: Delayed 2 second(s)

2019-01-03 21:01:57 - [TEST_STEP][PASSED] - Statement - Checker = com.kms.katalon.core.webui.keyword.WebUiBuiltInKeywords.verifyElementNotPresent(tester, 3): Web element with id: 'Object Repository/Final Object Repo/Landing Page/Select to English' located by 'By.xpath: //a[@class = 'taglib-language-list-text' and @lang = 'en-US' and (contains(text(), 'EN') or contains(., 'EN'))]' is not present after '3' second(s)

2019-01-03 21:01:58 - [MESSAGE][PASSED] - Web element with id: 'Object Repository/Final Object Repo/Landing Page/Select to English' located by 'By.xpath: //a[@class = 'taglib-language-list-text' and @lang = 'en-US' and (contains(text(), 'EN') or contains(., 'EN'))]' is not present after '3' second(s)

2019-01-03 21:01:58 - [TEST_STEP][PASSED] - Statement - If (Checker == false): null

2019-01-03 21:01:58 - [TEST_STEP][PASSED] - delay: Delayed 2 second(s)

2019-01-03 21:02:00 - [MESSAGE][PASSED] - Delayed 2 second(s)

2019-01-03 21:02:00 - [TEST_STEP][PASSED] - delay: Delayed 5 second(s)

2019-01-03 21:02:05 - [MESSAGE][PASSED] - Delayed 5 second(s)

2019-01-03 21:02:05 - [TEST_STEP][PASSED] - mouseOver: Object: 'Object Repository/Final Object Repo/Landing Page/WorkFlow Menu' is hovered

2019-01-03 21:02:06 - [MESSAGE][PASSED] - Object: 'Object Repository/Final Object Repo/Landing Page/WorkFlow Menu' is hovered

2019-01-03 21:02:06 - [TEST_STEP][PASSED] - delay: Delayed 2 second(s)

2019-01-03 21:02:08 - [MESSAGE][PASSED] - Delayed 2 second(s)

2019-01-03 21:02:08 - [TEST_STEP][PASSED] - click: Object: 'Object Repository/Final Object Repo/Landing Page/Select to Workflow Listing' is clicked on

2019-01-03 21:02:09 - [MESSAGE][PASSED] - Object: 'Object Repository/Final Object Repo/Landing Page/Select to Workflow Listing' is clicked on

2019-01-03 21:02:09 - [TEST_STEP][PASSED] - delay: Delayed 2 second(s)

2019-01-03 21:02:11 - [MESSAGE][PASSED] - Delayed 2 second(s)

2019-01-03 21:02:11 - [TEST_STEP][PASSED] - click: Object: 'Object Repository/Final Object Repo/WorkFlow Listing Page/Search Information - To Put Ref No' is clicked on

2019-01-03 21:02:11 - [MESSAGE][PASSED] - Object: 'Object Repository/Final Object Repo/WorkFlow Listing Page/Search Information - To Put Ref No' is clicked on

2019-01-03 21:02:11 - [TEST_STEP][PASSED] - delay: Delayed 2 second(s)

2019-01-03 21:02:13 - [MESSAGE][PASSED] - Delayed 2 second(s)

2019-01-03 21:02:13 - [TEST_STEP][PASSED] - callTestCase: Call Test Case 'Test Cases/Final Aug 2018 - PKS Automation/Common/Reference Number Getter' successfully

2019-01-03 21:02:13 - [TEST_CASE][PASSED] - Test Cases/Final Aug 2018 - PKS Automation/Common/Reference Number Getter: Test Cases/Final Aug 2018 - PKS Automation/Common/Reference Number Getter

2019-01-03 21:02:13 - [TEST_STEP][PASSED] - Statement - Try: null

2019-01-03 21:02:13 - [TEST_STEP][PASSED] - Statement - RefNo = new java.io.File(C://Users//Admin//Desktop//PKS//Automation Reference Point//KatalonReference.txt): null

2019-01-03 21:02:13 - [TEST_STEP][PASSED] - Statement - bufferread = new java.io.BufferedReader(new java.io.FileReader(RefNo)): null

2019-01-03 21:02:13 - [TEST_STEP][PASSED] - Statement - readedVal = bufferread.readLine(): null

2019-01-03 21:02:13 - [TEST_STEP][PASSED] - Statement - out.println(CaseReferenceNo): null

2019-01-03 21:02:13 - [TEST_STEP][PASSED] - Statement - out.println(readedVal): null

2019-01-03 21:02:13 - [TEST_STEP][PASSED] - Statement - CaseReferenceNo = "": null

2019-01-03 21:02:13 - [TEST_STEP][PASSED] - Statement - CaseReferenceNo = readedVal: null

2019-01-03 21:02:13 - [MESSAGE][PASSED] - Call Test Case 'Test Cases/Final Aug 2018 - PKS Automation/Common/Reference Number Getter' successfully

2019-01-03 21:02:13 - [TEST_STEP][PASSED] - setText: Text 'CUN012019C100006153' is set on object 'Object Repository/Final Object Repo/WorkFlow Listing Page/Ref No Set Text'

2019-01-03 21:02:13 - [MESSAGE][PASSED] - Text 'CUN012019C100006153' is set on object 'Object Repository/Final Object Repo/WorkFlow Listing Page/Ref No Set Text'

2019-01-03 21:02:13 - [TEST_STEP][PASSED] - delay: Delayed 2 second(s)

2019-01-03 21:02:15 - [MESSAGE][PASSED] - Delayed 2 second(s)

2019-01-03 21:02:15 - [TEST_STEP][PASSED] - click: Object: 'Object Repository/Final Object Repo/WorkFlow Listing Page/Search Ref No Search Button' is clicked on

2019-01-03 21:02:15 - [MESSAGE][PASSED] - Object: 'Object Repository/Final Object Repo/WorkFlow Listing Page/Search Ref No Search Button' is clicked on

2019-01-03 21:02:15 - [TEST_STEP][PASSED] - delay: Delayed 6 second(s)

2019-01-03 21:02:21 - [MESSAGE][PASSED] - Delayed 6 second(s)

2019-01-03 21:02:21 - [TEST_STEP][PASSED] - click: Object: 'Object Repository/Final Object Repo/WorkFlow Listing Page/Click Continue Tooltip' is clicked on

2019-01-03 21:02:22 - [MESSAGE][PASSED] - Object: 'Object Repository/Final Object Repo/WorkFlow Listing Page/Click Continue Tooltip' is clicked on

2019-01-03 21:02:22 - [TEST_STEP][PASSED] - delay: Delayed 5 second(s)

2019-01-03 21:02:27 - [MESSAGE][PASSED] - Delayed 5 second(s)

2019-01-03 21:02:27 - [TEST_STEP][PASSED] - doubleClick: Object: 'Object Repository/Final Object Repo/WorkFlow Listing Page/Workflow Found - Listing 1' is double clicked on

2019-01-03 21:02:28 - [MESSAGE][PASSED] - Object: 'Object Repository/Final Object Repo/WorkFlow Listing Page/Workflow Found - Listing 1' is double clicked on

2019-01-03 21:02:28 - [TEST_STEP][PASSED] - Statement - println(OwnerID): null

2019-01-03 21:02:28 - [TEST_STEP][PASSED] - Statement - OwnerID = com.kms.katalon.core.webui.keyword.WebUiBuiltInKeywords.getText(com.kms.katalon.core.testobject.ObjectRepository.findTestObject(Final Object Repo/WorkFlow Listing Page/Workflow Found - Listing 1), STOP_ON_FAILURE): Text of object 'Object Repository/Final Object Repo/WorkFlow Listing Page/Workflow Found - Listing 1' is: 'JOHORuo3'

2019-01-03 21:02:28 - [MESSAGE][PASSED] - Text of object 'Object Repository/Final Object Repo/WorkFlow Listing Page/Workflow Found - Listing 1' is: 'JOHORuo3'

2019-01-03 21:02:28 - [TEST_STEP][PASSED] - Statement - OwnerID = OwnerID.toLowerCase() + "@gmail.com": null

2019-01-03 21:02:28 - [TEST_STEP][PASSED] - Statement - println(OwnerID): null

2019-01-03 21:02:28 - [TEST_STEP][PASSED] - delay: Delayed 2 second(s)

2019-01-03 21:02:30 - [MESSAGE][PASSED] - Delayed 2 second(s)

2019-01-03 21:02:30 - [MESSAGE][PASSED] - Call Test Case 'Test Cases/Final Aug 2018 - PKS Automation/Common/Workflow Owner Finder' successfully

2019-01-03 21:02:30 - [TEST_STEP][PASSED] - delay: Delayed 2 second(s)

2019-01-03 21:02:32 - [MESSAGE][PASSED] - Delayed 2 second(s)

2019-01-03 21:02:32 - [TEST_STEP][PASSED] - navigateToUrl: Navigate to 'https://assist2-uat.perkeso.gov.my/c/portal/logout' successfully

2019-01-03 21:02:32 - [MESSAGE][PASSED] - Navigate to 'https://assist2-uat.perkeso.gov.my/c/portal/logout' successfully

2019-01-03 21:02:32 - [TEST_STEP][PASSED] - delay: Delayed 2 second(s)

2019-01-03 21:02:34 - [MESSAGE][PASSED] - Delayed 2 second(s)

2019-01-03 21:02:34 - [TEST_STEP][PASSED] - callTestCase: Call Test Case 'Test Cases/Final Aug 2018 - PKS Automation/Registration Module/Workflow/Login and Search Case For Workflow' successfully

2019-01-03 21:02:34 - [TEST_CASE][PASSED] - Test Cases/Final Aug 2018 - PKS Automation/Registration Module/Workflow/Login and Search Case For Workflow: Test Cases/Final Aug 2018 - PKS Automation/Registration Module/Workflow/Login and Search Case For Workflow

2019-01-03 21:02:35 - [TEST_STEP][PASSED] - navigateToUrl: Navigate to 'https://assist2-uat.perkeso.gov.my/login' successfully

2019-01-03 21:02:35 - [MESSAGE][PASSED] - Navigate to 'https://assist2-uat.perkeso.gov.my/login' successfully

2019-01-03 21:02:35 - [TEST_STEP][PASSED] - setText: Text 'johoruo3@gmail.com' is set on object 'Object Repository/Final Object Repo/Login Page/Internal User/Email Address'

2019-01-03 21:02:35 - [MESSAGE][PASSED] - Text 'johoruo3@gmail.com' is set on object 'Object Repository/Final Object Repo/Login Page/Internal User/Email Address'

2019-01-03 21:02:35 - [TEST_STEP][PASSED] - click: Object: 'Object Repository/Final Object Repo/Login Page/Internal User/Next Button' is clicked on

2019-01-03 21:02:36 - [MESSAGE][PASSED] - Object: 'Object Repository/Final Object Repo/Login Page/Internal User/Next Button' is clicked on

2019-01-03 21:02:36 - [TEST_STEP][PASSED] - delay: Delayed 1 second(s)

2019-01-03 21:02:37 - [MESSAGE][PASSED] - Delayed 1 second(s)

2019-01-03 21:02:37 - [TEST_STEP][PASSED] - setEncryptedText: Text ****** has been set on object 'Object Repository/Final Object Repo/Login Page/Internal User/Password'

2019-01-03 21:02:37 - [MESSAGE][PASSED] - Text ****** has been set on object 'Object Repository/Final Object Repo/Login Page/Internal User/Password'

2019-01-03 21:02:37 - [TEST_STEP][PASSED] - click: Object: 'Object Repository/Final Object Repo/Login Page/Internal User/Login Button' is clicked on

2019-01-03 21:02:37 - [MESSAGE][PASSED] - Object: 'Object Repository/Final Object Repo/Login Page/Internal User/Login Button' is clicked on

2019-01-03 21:02:37 - [TEST_STEP][PASSED] - delay: Delayed 2 second(s)

2019-01-03 21:02:39 - [MESSAGE][PASSED] - Delayed 2 second(s)

2019-01-03 21:02:39 - [TEST_STEP][PASSED] - Statement - Try: Delayed 2 second(s)

2019-01-03 21:02:39 - [TEST_STEP][PASSED] - Statement - Checker = false: null

2019-01-03 21:02:39 - [TEST_STEP][PASSED] - Statement - Checker = com.kms.katalon.core.webui.keyword.WebUiBuiltInKeywords.verifyElementHasAttribute(com.kms.katalon.core.testobject.ObjectRepository.findTestObject(Final Object Repo/Landing Page/BM Detecting), "href", 20, OPTIONAL): Object 'Object Repository/Final Object Repo/Landing Page/BM Detecting' has attribute 'href'

2019-01-03 21:02:39 - [MESSAGE][PASSED] - Object 'Object Repository/Final Object Repo/Landing Page/BM Detecting' has attribute 'href'

2019-01-03 21:02:39 - [TEST_STEP][PASSED] - Statement - out.println(Checker): null

2019-01-03 21:02:39 - [TEST_STEP][PASSED] - Statement - If (Checker == false): null

2019-01-03 21:02:39 - [TEST_STEP][PASSED] - Statement - Else: null

2019-01-03 21:02:39 - [TEST_STEP][PASSED] - delay: Delayed 2 second(s)

2019-01-03 21:02:41 - [MESSAGE][PASSED] - Delayed 2 second(s)

2019-01-03 21:02:41 - [TEST_STEP][PASSED] - click: Object: 'Object Repository/Final Object Repo/Page_MyASSIST - ASSIST - Search Pending Case For Add Supporting Document/Search Information' is clicked on

2019-01-03 21:02:41 - [MESSAGE][PASSED] - Object: 'Object Repository/Final Object Repo/Page_MyASSIST - ASSIST - Search Pending Case For Add Supporting Document/Search Information' is clicked on

2019-01-03 21:02:41 - [TEST_STEP][PASSED] - delay: Delayed 3 second(s)

2019-01-03 21:02:44 - [MESSAGE][PASSED] - Delayed 3 second(s)

2019-01-03 21:02:44 - [TEST_STEP][PASSED] - sendKeys: Keys 'CUN012019C100006153' sent to object: 'Object Repository/Final Object Repo/Page_MyASSIST - ASSIST - Search Pending Case For Add Supporting Document/Reference No'

2019-01-03 21:02:44 - [MESSAGE][PASSED] - Keys 'CUN012019C100006153' sent to object: 'Object Repository/Final Object Repo/Page_MyASSIST - ASSIST - Search Pending Case For Add Supporting Document/Reference No'

2019-01-03 21:02:44 - [TEST_STEP][PASSED] - click: Object: 'Object Repository/Final Object Repo/Page_MyASSIST - ASSIST - Search Pending Case For Add Supporting Document/Search Reference No' is clicked on

2019-01-03 21:02:45 - [MESSAGE][PASSED] - Object: 'Object Repository/Final Object Repo/Page_MyASSIST - ASSIST - Search Pending Case For Add Supporting Document/Search Reference No' is clicked on

2019-01-03 21:02:45 - [TEST_STEP][PASSED] - delay: Delayed 2 second(s)

2019-01-03 21:02:47 - [MESSAGE][PASSED] - Delayed 2 second(s)

2019-01-03 21:02:47 - [TEST_STEP][PASSED] - click: Object: 'Object Repository/Final Object Repo/Page_MyASSIST - ASSIST - Search Pending Case For Add Supporting Document/Continue' is clicked on

2019-01-03 21:02:51 - [MESSAGE][PASSED] - Object: 'Object Repository/Final Object Repo/Page_MyASSIST - ASSIST - Search Pending Case For Add Supporting Document/Continue' is clicked on

2019-01-03 21:02:51 - [TEST_STEP][PASSED] - delay: Delayed 20 second(s)

2019-01-03 21:03:11 - [MESSAGE][PASSED] - Delayed 20 second(s)

2019-01-03 21:03:11 - [MESSAGE][PASSED] - Call Test Case 'Test Cases/Final Aug 2018 - PKS Automation/Registration Module/Workflow/Login and Search Case For Workflow' successfully

2019-01-03 21:03:11 - [TEST_STEP][PASSED] - delay: Delayed 2 second(s)

2019-01-03 21:03:13 - [MESSAGE][PASSED] - Delayed 2 second(s)

2019-01-03 21:03:13 - [TEST_STEP][PASSED] - click: Object: 'Object Repository/Final Object Repo/Page_Update Employee Information By Employer/Page_Update Employee Information by Employer (Approve)/Continue' is clicked on

2019-01-03 21:03:17 - [MESSAGE][PASSED] - Object: 'Object Repository/Final Object Repo/Page_Update Employee Information By Employer/Page_Update Employee Information by Employer (Approve)/Continue' is clicked on

2019-01-03 21:03:17 - [TEST_STEP][PASSED] - delay: Delayed 2 second(s)

2019-01-03 21:03:19 - [MESSAGE][PASSED] - Delayed 2 second(s)

2019-01-03 21:03:19 - [TEST_STEP][PASSED] - click: Object: 'Object Repository/Final Object Repo/Page_Update Employee Information By Employer/Page_Update Employee Information by Employer (Approve)/Save  Continue in Update Employee Information Page' is clicked on

2019-01-03 21:03:19 - [MESSAGE][PASSED] - Object: 'Object Repository/Final Object Repo/Page_Update Employee Information By Employer/Page_Update Employee Information by Employer (Approve)/Save  Continue in Update Employee Information Page' is clicked on

2019-01-03 21:03:19 - [TEST_STEP][PASSED] - delay: Delayed 4 second(s)

2019-01-03 21:03:23 - [MESSAGE][PASSED] - Delayed 4 second(s)

2019-01-03 21:03:23 - [TEST_STEP][PASSED] - click: Object: 'Object Repository/Final Object Repo/Page_Update Employee Information By Employer/Page_Update Employee Information by Employer (Approve)/Save  Continue in Upload Supporting Doucument Page' is clicked on

2019-01-03 21:03:23 - [MESSAGE][PASSED] - Object: 'Object Repository/Final Object Repo/Page_Update Employee Information By Employer/Page_Update Employee Information by Employer (Approve)/Save  Continue in Upload Supporting Doucument Page' is clicked on

2019-01-03 21:03:23 - [TEST_STEP][PASSED] - delay: Delayed 2 second(s)

2019-01-03 21:03:25 - [MESSAGE][PASSED] - Delayed 2 second(s)

2019-01-03 21:03:25 - [TEST_STEP][PASSED] - click: Object: 'Object Repository/Final Object Repo/Page_Update Employee Information By Employer/Page_Update Employee Information by Employer (Under enforcement)/Under enforcement' is clicked on

2019-01-03 21:03:27 - [MESSAGE][PASSED] - Object: 'Object Repository/Final Object Repo/Page_Update Employee Information By Employer/Page_Update Employee Information by Employer (Under enforcement)/Under enforcement' is clicked on

2019-01-03 21:03:27 - [TEST_STEP][PASSED] - delay: Delayed 2 second(s)

2019-01-03 21:03:29 - [MESSAGE][PASSED] - Delayed 2 second(s)

2019-01-03 21:03:29 - [TEST_STEP][PASSED] - setText: Text 'Remark' is set on object 'Object Repository/Final Object Repo/Page_Update Employee Information By Employer/Page_Update Employee Information by Employer (Under enforcement)/Under enforcement - Remark'

2019-01-03 21:03:29 - [MESSAGE][PASSED] - Text 'Remark' is set on object 'Object Repository/Final Object Repo/Page_Update Employee Information By Employer/Page_Update Employee Information by Employer (Under enforcement)/Under enforcement - Remark'

2019-01-03 21:03:29 - [TEST_STEP][PASSED] - delay: Delayed 2 second(s)

2019-01-03 21:03:31 - [MESSAGE][PASSED] - Delayed 2 second(s)

2019-01-03 21:03:31 - [TEST_STEP][PASSED] - click: Object: 'Object Repository/Final Object Repo/Page_Update Employee Information By Employer/Page_Update Employee Information by Employer (Under enforcement)/Save  Continu in Under enforcement Page' is clicked on

2019-01-03 21:03:31 - [MESSAGE][PASSED] - Object: 'Object Repository/Final Object Repo/Page_Update Employee Information By Employer/Page_Update Employee Information by Employer (Under enforcement)/Save  Continu in Under enforcement Page' is clicked on

2019-01-03 21:03:31 - [TEST_STEP][PASSED] - delay: Delayed 2 second(s)

2019-01-03 21:03:33 - [MESSAGE][PASSED] - Delayed 2 second(s)

2019-01-03 21:03:33 - [TEST_STEP][PASSED] - click: Object: 'Object Repository/Final Object Repo/Page_Update Employee Information By Employer/Page_Update Employee Information by Employer (Under enforcement)/Under enforceme Message The case is under enforcement' is clicked on

2019-01-03 21:03:35 - [MESSAGE][PASSED] - Object: 'Object Repository/Final Object Repo/Page_Update Employee Information By Employer/Page_Update Employee Information by Employer (Under enforcement)/Under enforceme Message The case is under enforcement' is clicked on

2019-01-03 21:03:35 - [TEST_STEP][PASSED] - click: Object: 'Object Repository/Final Object Repo/Page_Update Employee Information By Employer/Page_Update Employee Information by Employer (Under enforcement)/Under enforcement - OK button' is clicked on

2019-01-03 21:03:35 - [MESSAGE][PASSED] - Object: 'Object Repository/Final Object Repo/Page_Update Employee Information By Employer/Page_Update Employee Information by Employer (Under enforcement)/Under enforcement - OK button' is clicked on

2019-01-03 21:03:35 - [MESSAGE][PASSED] - Call Test Case 'Test Cases/Final Aug 2018 - PKS Automation/Registration Module/Workflow/Update Employee Information (Employer)/Template/Update Employee Information - Special Case - UO (UnderEnforcement)' successfully]]></system-out>
         <system-err><![CDATA[]]></system-err>
      </testcase>
      <testcase name="Test Cases/Final Aug 2018 - PKS Automation/Registration Module/Workflow/Update Employee Information (Employer)/OTC - UO (Approve)" classname="Test Cases/Final Aug 2018 - PKS Automation/Registration Module/Workflow/Update Employee Information (Employer)/OTC - UO (Approve)" status="PASSED">
         <system-out><![CDATA[2019-01-03 21:03:35 - [TEST_CASE][PASSED] - Test Cases/Final Aug 2018 - PKS Automation/Registration Module/Workflow/Update Employee Information (Employer)/OTC - UO (Approve): Test Cases/Final Aug 2018 - PKS Automation/Registration Module/Workflow/Update Employee Information (Employer)/OTC - UO (Approve)

2019-01-03 21:03:36 - [TEST_STEP][PASSED] - callTestCase: Call Test Case 'Test Cases/Final Aug 2018 - PKS Automation/Registration Module/Workflow/Update Employee Information (Employer)/Template/Update Employer Information - Special Case (OTC)' successfully

2019-01-03 21:03:36 - [TEST_CASE][PASSED] - Test Cases/Final Aug 2018 - PKS Automation/Registration Module/Workflow/Update Employee Information (Employer)/Template/Update Employer Information - Special Case (OTC): Test Cases/Final Aug 2018 - PKS Automation/Registration Module/Workflow/Update Employee Information (Employer)/Template/Update Employer Information - Special Case (OTC)

2019-01-03 21:03:36 - [TEST_STEP][PASSED] - openBrowser: Browser is opened with url: ''

2019-01-03 21:03:36 - [MESSAGE][WARNING] - A browser is already opened. Closing browser and opening a new one

2019-01-03 21:03:40 - [MESSAGE][PASSED] - Browser is opened with url: ''

2019-01-03 21:03:40 - [TEST_STEP][PASSED] - navigateToUrl: Navigate to 'https://assist2-uat.perkeso.gov.my/login' successfully

2019-01-03 21:03:41 - [MESSAGE][PASSED] - Navigate to 'https://assist2-uat.perkeso.gov.my/login' successfully

2019-01-03 21:03:41 - [TEST_STEP][PASSED] - setText: Text 'johorotc1@gmail.com' is set on object 'Object Repository/Final Object Repo/Login Page/Internal User/Email Address'

2019-01-03 21:03:41 - [MESSAGE][PASSED] - Text 'johorotc1@gmail.com' is set on object 'Object Repository/Final Object Repo/Login Page/Internal User/Email Address'

2019-01-03 21:03:41 - [TEST_STEP][PASSED] - click: Object: 'Object Repository/Final Object Repo/Login Page/Internal User/Next Button' is clicked on

2019-01-03 21:03:41 - [MESSAGE][PASSED] - Object: 'Object Repository/Final Object Repo/Login Page/Internal User/Next Button' is clicked on

2019-01-03 21:03:41 - [TEST_STEP][PASSED] - delay: Delayed 1 second(s)

2019-01-03 21:03:42 - [MESSAGE][PASSED] - Delayed 1 second(s)

2019-01-03 21:03:42 - [TEST_STEP][PASSED] - setEncryptedText: Text ****** has been set on object 'Object Repository/Final Object Repo/Login Page/Internal User/Password'

2019-01-03 21:03:43 - [MESSAGE][PASSED] - Text ****** has been set on object 'Object Repository/Final Object Repo/Login Page/Internal User/Password'

2019-01-03 21:03:43 - [TEST_STEP][PASSED] - click: Object: 'Object Repository/Final Object Repo/Login Page/Internal User/Login Button' is clicked on

2019-01-03 21:03:43 - [MESSAGE][PASSED] - Object: 'Object Repository/Final Object Repo/Login Page/Internal User/Login Button' is clicked on

2019-01-03 21:03:43 - [TEST_STEP][PASSED] - Statement - tester = com.kms.katalon.core.testobject.ObjectRepository.findTestObject(Final Object Repo/Landing Page/Select to English): Finding Test Object with id 'Object Repository/Final Object Repo/Landing Page/Select to English'

2019-01-03 21:03:43 - [TEST_STEP][PASSED] - Statement - Try: Delayed 2 second(s)

2019-01-03 21:03:43 - [TEST_STEP][PASSED] - Statement - Checker = com.kms.katalon.core.webui.keyword.WebUiBuiltInKeywords.verifyElementNotPresent(tester, 3): Web element with id: 'Object Repository/Final Object Repo/Landing Page/Select to English' located by 'By.xpath: //a[@class = 'taglib-language-list-text' and @lang = 'en-US' and (contains(text(), 'EN') or contains(., 'EN'))]' is not present after '3' second(s)

2019-01-03 21:03:45 - [MESSAGE][PASSED] - Web element with id: 'Object Repository/Final Object Repo/Landing Page/Select to English' located by 'By.xpath: //a[@class = 'taglib-language-list-text' and @lang = 'en-US' and (contains(text(), 'EN') or contains(., 'EN'))]' is not present after '3' second(s)

2019-01-03 21:03:45 - [TEST_STEP][PASSED] - Statement - If (Checker == false): null

2019-01-03 21:03:45 - [TEST_STEP][PASSED] - delay: Delayed 2 second(s)

2019-01-03 21:03:47 - [MESSAGE][PASSED] - Delayed 2 second(s)

2019-01-03 21:03:47 - [TEST_STEP][PASSED] - delay: Delayed 5 second(s)

2019-01-03 21:03:52 - [MESSAGE][PASSED] - Delayed 5 second(s)

2019-01-03 21:03:52 - [TEST_STEP][PASSED] - navigateToUrl: Navigate to 'https://assist2-uat.perkeso.gov.my/web/registration/update/update-employee-information-employer-' successfully

2019-01-03 21:03:53 - [MESSAGE][PASSED] - Navigate to 'https://assist2-uat.perkeso.gov.my/web/registration/update/update-employee-information-employer-' successfully

2019-01-03 21:03:53 - [TEST_STEP][PASSED] - setText: Text 'E1102001065V' is set on object 'Object Repository/Final Object Repo/Page_Update Employee Information By Employer/Employer Code'

2019-01-03 21:03:53 - [MESSAGE][PASSED] - Text 'E1102001065V' is set on object 'Object Repository/Final Object Repo/Page_Update Employee Information By Employer/Employer Code'

2019-01-03 21:03:53 - [TEST_STEP][PASSED] - click: Object: 'Object Repository/Final Object Repo/Page_Update Employee Information By Employer/Search Employer Code' is clicked on

2019-01-03 21:03:53 - [MESSAGE][PASSED] - Object: 'Object Repository/Final Object Repo/Page_Update Employee Information By Employer/Search Employer Code' is clicked on

2019-01-03 21:03:53 - [TEST_STEP][PASSED] - click: Object: 'Object Repository/Final Object Repo/Page_Update Employee Information By Employer/Edit Button' is clicked on

2019-01-03 21:03:57 - [MESSAGE][PASSED] - Object: 'Object Repository/Final Object Repo/Page_Update Employee Information By Employer/Edit Button' is clicked on

2019-01-03 21:03:57 - [TEST_STEP][PASSED] - click: Object: 'Object Repository/Final Object Repo/Page_Update Employee Information By Employer/Employee Name or New Identification' is clicked on

2019-01-03 21:03:57 - [MESSAGE][PASSED] - Object: 'Object Repository/Final Object Repo/Page_Update Employee Information By Employer/Employee Name or New Identification' is clicked on

2019-01-03 21:03:57 - [TEST_STEP][PASSED] - delay: Delayed 1 second(s)

2019-01-03 21:03:58 - [MESSAGE][PASSED] - Delayed 1 second(s)

2019-01-03 21:03:58 - [TEST_STEP][PASSED] - click: Object: 'Object Repository/Final Object Repo/Page_Update Employee Information By Employer/Selection - Employee Name' is clicked on

2019-01-03 21:03:58 - [MESSAGE][PASSED] - Object: 'Object Repository/Final Object Repo/Page_Update Employee Information By Employer/Selection - Employee Name' is clicked on

2019-01-03 21:03:58 - [TEST_STEP][PASSED] - delay: Delayed 1 second(s)

2019-01-03 21:03:59 - [MESSAGE][PASSED] - Delayed 1 second(s)

2019-01-03 21:03:59 - [TEST_STEP][PASSED] - setText: Text 'PERKESO' is set on object 'Object Repository/Final Object Repo/Page_Update Employee Information By Employer/Employee Name'

2019-01-03 21:03:59 - [MESSAGE][PASSED] - Text 'PERKESO' is set on object 'Object Repository/Final Object Repo/Page_Update Employee Information By Employer/Employee Name'

2019-01-03 21:03:59 - [TEST_STEP][PASSED] - delay: Delayed 2 second(s)

2019-01-03 21:04:01 - [MESSAGE][PASSED] - Delayed 2 second(s)

2019-01-03 21:04:01 - [TEST_STEP][PASSED] - click: Object: 'Object Repository/Final Object Repo/Page_Update Employee Information By Employer/Search Employee' is clicked on

2019-01-03 21:04:02 - [MESSAGE][PASSED] - Object: 'Object Repository/Final Object Repo/Page_Update Employee Information By Employer/Search Employee' is clicked on

2019-01-03 21:04:02 - [TEST_STEP][PASSED] - delay: Delayed 3 second(s)

2019-01-03 21:04:05 - [MESSAGE][PASSED] - Delayed 3 second(s)

2019-01-03 21:04:05 - [TEST_STEP][PASSED] - click: Object: 'Object Repository/Final Object Repo/Page_Update Employee Information By Employer/Employee Edit Button' is clicked on

2019-01-03 21:04:05 - [MESSAGE][PASSED] - Object: 'Object Repository/Final Object Repo/Page_Update Employee Information By Employer/Employee Edit Button' is clicked on

2019-01-03 21:04:05 - [TEST_STEP][PASSED] - delay: Delayed 3 second(s)

2019-01-03 21:04:08 - [MESSAGE][PASSED] - Delayed 3 second(s)

2019-01-03 21:04:08 - [TEST_STEP][PASSED] - setText: Text '' is set on object 'Object Repository/Final Object Repo/Page_Update Employee Information By Employer/Identification Number'

2019-01-03 21:04:08 - [MESSAGE][PASSED] - Text '' is set on object 'Object Repository/Final Object Repo/Page_Update Employee Information By Employer/Identification Number'

2019-01-03 21:04:08 - [TEST_STEP][PASSED] - Statement - rnd = new java.util.Random(): null

2019-01-03 21:04:08 - [TEST_STEP][PASSED] - Statement - snum = rnd.nextInt(899999 + 1) + 100000: null

2019-01-03 21:04:08 - [TEST_STEP][PASSED] - Statement - tnum = rnd.nextInt(899999 + 1) + 100000: null

2019-01-03 21:04:08 - [TEST_STEP][PASSED] - Statement - IC = java.lang.Integer.toString(snum) + java.lang.Integer.toString(tnum): null

2019-01-03 21:04:08 - [TEST_STEP][PASSED] - Statement - out.println(IC): null

2019-01-03 21:04:08 - [TEST_STEP][PASSED] - setText: Text '155245770540' is set on object 'Object Repository/Final Object Repo/Page_Update Employee Information By Employer/Identification Number'

2019-01-03 21:04:08 - [MESSAGE][PASSED] - Text '155245770540' is set on object 'Object Repository/Final Object Repo/Page_Update Employee Information By Employer/Identification Number'

2019-01-03 21:04:08 - [TEST_STEP][PASSED] - click: Object: 'Object Repository/Final Object Repo/Page_Update Employee Information By Employer/Save' is clicked on

2019-01-03 21:04:08 - [MESSAGE][PASSED] - Object: 'Object Repository/Final Object Repo/Page_Update Employee Information By Employer/Save' is clicked on

2019-01-03 21:04:08 - [TEST_STEP][PASSED] - delay: Delayed 5 second(s)

2019-01-03 21:04:13 - [MESSAGE][PASSED] - Delayed 5 second(s)

2019-01-03 21:04:13 - [TEST_STEP][PASSED] - Statement - CaseReferenceNo = com.kms.katalon.core.webui.keyword.WebUiBuiltInKeywords.getText(com.kms.katalon.core.testobject.ObjectRepository.findTestObject(Final Object Repo/Reference Number/Reference Number in Update Employee Information Page)): Text of object 'Object Repository/Final Object Repo/Reference Number/Reference Number in Update Employee Information Page' is: 'CUN012019C100006154'

2019-01-03 21:04:14 - [MESSAGE][PASSED] - Text of object 'Object Repository/Final Object Repo/Reference Number/Reference Number in Update Employee Information Page' is: 'CUN012019C100006154'

2019-01-03 21:04:14 - [TEST_STEP][PASSED] - callTestCase: Call Test Case 'Test Cases/Final Aug 2018 - PKS Automation/Common/Reference Number Setter' successfully

2019-01-03 21:04:14 - [TEST_CASE][PASSED] - Test Cases/Final Aug 2018 - PKS Automation/Common/Reference Number Setter: Test Cases/Final Aug 2018 - PKS Automation/Common/Reference Number Setter

2019-01-03 21:04:14 - [TEST_STEP][PASSED] - Statement - RefNoOldFile = new java.io.File(C://Users//Admin//Desktop//PKS//Automation Reference Point//KatalonReference.txt): null

2019-01-03 21:04:14 - [TEST_STEP][PASSED] - Statement - RefNoOldFile.delete(): null

2019-01-03 21:04:14 - [TEST_STEP][PASSED] - delay: Delayed 5 second(s)

2019-01-03 21:04:19 - [MESSAGE][PASSED] - Delayed 5 second(s)

2019-01-03 21:04:19 - [TEST_STEP][PASSED] - Statement - RefNo = new java.io.File(C://Users//Admin//Desktop//PKS//Automation Reference Point//KatalonReference.txt): null

2019-01-03 21:04:19 - [TEST_STEP][PASSED] - Statement - f2 = new java.io.FileWriter(RefNo, false): null

2019-01-03 21:04:19 - [TEST_STEP][PASSED] - Statement - f2.write(CaseReferenceNo): null

2019-01-03 21:04:19 - [TEST_STEP][PASSED] - Statement - f2.close(): null

2019-01-03 21:04:19 - [TEST_STEP][PASSED] - Statement - out.println("


" + CaseReferenceNo + "


"): null

2019-01-03 21:04:19 - [MESSAGE][PASSED] - Call Test Case 'Test Cases/Final Aug 2018 - PKS Automation/Common/Reference Number Setter' successfully

2019-01-03 21:04:19 - [TEST_STEP][PASSED] - delay: Delayed 5 second(s)

2019-01-03 21:04:24 - [MESSAGE][PASSED] - Delayed 5 second(s)

2019-01-03 21:04:24 - [TEST_STEP][PASSED] - click: Object: 'Object Repository/Final Object Repo/Page_Update Employee Information By Employer/Save  Continue in  Employee Information Page' is clicked on

2019-01-03 21:04:24 - [MESSAGE][PASSED] - Object: 'Object Repository/Final Object Repo/Page_Update Employee Information By Employer/Save  Continue in  Employee Information Page' is clicked on

2019-01-03 21:04:24 - [TEST_STEP][PASSED] - delay: Delayed 5 second(s)

2019-01-03 21:04:29 - [MESSAGE][PASSED] - Delayed 5 second(s)

2019-01-03 21:04:29 - [TEST_STEP][PASSED] - click: Object: 'Object Repository/Final Object Repo/Page_Update Employee Information By Employer/Save  Continue in Uploading Page 1' is clicked on

2019-01-03 21:04:29 - [MESSAGE][PASSED] - Object: 'Object Repository/Final Object Repo/Page_Update Employee Information By Employer/Save  Continue in Uploading Page 1' is clicked on

2019-01-03 21:04:29 - [TEST_STEP][PASSED] - delay: Delayed 5 second(s)

2019-01-03 21:04:34 - [MESSAGE][PASSED] - Delayed 5 second(s)

2019-01-03 21:04:34 - [TEST_STEP][PASSED] - click: Object: 'Object Repository/Final Object Repo/Page_Update Employee Information By Employer/Submit' is clicked on

2019-01-03 21:04:34 - [MESSAGE][PASSED] - Object: 'Object Repository/Final Object Repo/Page_Update Employee Information By Employer/Submit' is clicked on

2019-01-03 21:04:34 - [TEST_STEP][PASSED] - delay: Delayed 5 second(s)

2019-01-03 21:04:39 - [MESSAGE][PASSED] - Delayed 5 second(s)

2019-01-03 21:04:39 - [TEST_STEP][PASSED] - click: Object: 'Object Repository/Final Object Repo/Page_Update Employee Information By Employer/Confirm' is clicked on

2019-01-03 21:04:39 - [MESSAGE][PASSED] - Object: 'Object Repository/Final Object Repo/Page_Update Employee Information By Employer/Confirm' is clicked on

2019-01-03 21:04:39 - [TEST_STEP][PASSED] - delay: Delayed 5 second(s)

2019-01-03 21:04:44 - [MESSAGE][PASSED] - Delayed 5 second(s)

2019-01-03 21:04:44 - [TEST_STEP][PASSED] - verifyElementVisible: Object 'Object Repository/Final Object Repo/Page_Update Employee Information By Employer/Successfull Message Routed to UO' is visible

2019-01-03 21:04:44 - [MESSAGE][PASSED] - Object 'Object Repository/Final Object Repo/Page_Update Employee Information By Employer/Successfull Message Routed to UO' is visible

2019-01-03 21:04:44 - [MESSAGE][PASSED] - Call Test Case 'Test Cases/Final Aug 2018 - PKS Automation/Registration Module/Workflow/Update Employee Information (Employer)/Template/Update Employer Information - Special Case (OTC)' successfully

2019-01-03 21:04:44 - [TEST_STEP][PASSED] - callTestCase: Call Test Case 'Test Cases/Final Aug 2018 - PKS Automation/Registration Module/Workflow/Update Employer Information/Template/Update Employer Information - Special Case - UO (Approve)' successfully

2019-01-03 21:04:44 - [TEST_CASE][PASSED] - Test Cases/Final Aug 2018 - PKS Automation/Registration Module/Workflow/Update Employer Information/Template/Update Employer Information - Special Case - UO (Approve): Test Cases/Final Aug 2018 - PKS Automation/Registration Module/Workflow/Update Employer Information/Template/Update Employer Information - Special Case - UO (Approve)

2019-01-03 21:04:45 - [TEST_STEP][NOT_RUN] - callTestCase: NOT_RUN: callTestCase

2019-01-03 21:04:45 - [MESSAGE][NOT_RUN] - NOT_RUN: callTestCase

2019-01-03 21:04:45 - [TEST_STEP][NOT_RUN] - delay: NOT_RUN: delay

2019-01-03 21:04:45 - [MESSAGE][NOT_RUN] - NOT_RUN: delay

2019-01-03 21:04:45 - [TEST_STEP][NOT_RUN] - navigateToUrl: NOT_RUN: navigateToUrl

2019-01-03 21:04:45 - [MESSAGE][NOT_RUN] - NOT_RUN: navigateToUrl

2019-01-03 21:04:45 - [TEST_STEP][PASSED] - delay: Delayed 1 second(s)

2019-01-03 21:04:46 - [MESSAGE][PASSED] - Delayed 1 second(s)

2019-01-03 21:04:46 - [TEST_STEP][PASSED] - callTestCase: Call Test Case 'Test Cases/Final Aug 2018 - PKS Automation/Common/Reference Number Getter' successfully

2019-01-03 21:04:46 - [TEST_CASE][PASSED] - Test Cases/Final Aug 2018 - PKS Automation/Common/Reference Number Getter: Test Cases/Final Aug 2018 - PKS Automation/Common/Reference Number Getter

2019-01-03 21:04:46 - [TEST_STEP][PASSED] - Statement - Try: null

2019-01-03 21:04:46 - [TEST_STEP][PASSED] - Statement - RefNo = new java.io.File(C://Users//Admin//Desktop//PKS//Automation Reference Point//KatalonReference.txt): null

2019-01-03 21:04:46 - [TEST_STEP][PASSED] - Statement - bufferread = new java.io.BufferedReader(new java.io.FileReader(RefNo)): null

2019-01-03 21:04:46 - [TEST_STEP][PASSED] - Statement - readedVal = bufferread.readLine(): null

2019-01-03 21:04:46 - [TEST_STEP][PASSED] - Statement - out.println(CaseReferenceNo): null

2019-01-03 21:04:46 - [TEST_STEP][PASSED] - Statement - out.println(readedVal): null

2019-01-03 21:04:46 - [TEST_STEP][PASSED] - Statement - CaseReferenceNo = "": null

2019-01-03 21:04:46 - [TEST_STEP][PASSED] - Statement - CaseReferenceNo = readedVal: null

2019-01-03 21:04:46 - [MESSAGE][PASSED] - Call Test Case 'Test Cases/Final Aug 2018 - PKS Automation/Common/Reference Number Getter' successfully

2019-01-03 21:04:46 - [TEST_STEP][PASSED] - callTestCase: Call Test Case 'Test Cases/Final Aug 2018 - PKS Automation/Common/Workflow Owner Finder' successfully

2019-01-03 21:04:46 - [TEST_CASE][PASSED] - Test Cases/Final Aug 2018 - PKS Automation/Common/Workflow Owner Finder: Test Cases/Final Aug 2018 - PKS Automation/Common/Workflow Owner Finder

2019-01-03 21:04:46 - [TEST_STEP][PASSED] - openBrowser: Browser is opened with url: ''

2019-01-03 21:04:46 - [MESSAGE][WARNING] - A browser is already opened. Closing browser and opening a new one

2019-01-03 21:04:50 - [MESSAGE][PASSED] - Browser is opened with url: ''

2019-01-03 21:04:50 - [TEST_STEP][PASSED] - navigateToUrl: Navigate to 'https://assist2-uat.perkeso.gov.my/login' successfully

2019-01-03 21:04:51 - [MESSAGE][PASSED] - Navigate to 'https://assist2-uat.perkeso.gov.my/login' successfully

2019-01-03 21:04:51 - [TEST_STEP][PASSED] - delay: Delayed 5 second(s)

2019-01-03 21:04:56 - [MESSAGE][PASSED] - Delayed 5 second(s)

2019-01-03 21:04:56 - [TEST_STEP][PASSED] - setText: Text 'test@liferay.com' is set on object 'Object Repository/Final Object Repo/Login Page/Internal User/Email Address'

2019-01-03 21:04:56 - [MESSAGE][PASSED] - Text 'test@liferay.com' is set on object 'Object Repository/Final Object Repo/Login Page/Internal User/Email Address'

2019-01-03 21:04:56 - [TEST_STEP][PASSED] - click: Object: 'Object Repository/Final Object Repo/Login Page/Internal User/Next Button' is clicked on

2019-01-03 21:04:56 - [MESSAGE][PASSED] - Object: 'Object Repository/Final Object Repo/Login Page/Internal User/Next Button' is clicked on

2019-01-03 21:04:56 - [TEST_STEP][PASSED] - delay: Delayed 2 second(s)

2019-01-03 21:04:58 - [MESSAGE][PASSED] - Delayed 2 second(s)

2019-01-03 21:04:58 - [TEST_STEP][PASSED] - setText: Text 'test' is set on object 'Object Repository/Final Object Repo/Login Page/Internal User/Password'

2019-01-03 21:04:58 - [MESSAGE][PASSED] - Text 'test' is set on object 'Object Repository/Final Object Repo/Login Page/Internal User/Password'

2019-01-03 21:04:58 - [TEST_STEP][PASSED] - delay: Delayed 2 second(s)

2019-01-03 21:05:00 - [MESSAGE][PASSED] - Delayed 2 second(s)

2019-01-03 21:05:00 - [TEST_STEP][PASSED] - click: Object: 'Object Repository/Final Object Repo/Login Page/Internal User/Login Button' is clicked on

2019-01-03 21:05:00 - [MESSAGE][PASSED] - Object: 'Object Repository/Final Object Repo/Login Page/Internal User/Login Button' is clicked on

2019-01-03 21:05:00 - [TEST_STEP][PASSED] - Statement - tester = com.kms.katalon.core.testobject.ObjectRepository.findTestObject(Final Object Repo/Landing Page/Select to English): Finding Test Object with id 'Object Repository/Final Object Repo/Landing Page/Select to English'

2019-01-03 21:05:00 - [TEST_STEP][PASSED] - Statement - Try: Delayed 2 second(s)

2019-01-03 21:05:00 - [TEST_STEP][PASSED] - Statement - Checker = com.kms.katalon.core.webui.keyword.WebUiBuiltInKeywords.verifyElementNotPresent(tester, 3): Web element with id: 'Object Repository/Final Object Repo/Landing Page/Select to English' located by 'By.xpath: //a[@class = 'taglib-language-list-text' and @lang = 'en-US' and (contains(text(), 'EN') or contains(., 'EN'))]' is not present after '3' second(s)

2019-01-03 21:05:02 - [MESSAGE][PASSED] - Web element with id: 'Object Repository/Final Object Repo/Landing Page/Select to English' located by 'By.xpath: //a[@class = 'taglib-language-list-text' and @lang = 'en-US' and (contains(text(), 'EN') or contains(., 'EN'))]' is not present after '3' second(s)

2019-01-03 21:05:02 - [TEST_STEP][PASSED] - Statement - If (Checker == false): null

2019-01-03 21:05:02 - [TEST_STEP][PASSED] - delay: Delayed 2 second(s)

2019-01-03 21:05:04 - [MESSAGE][PASSED] - Delayed 2 second(s)

2019-01-03 21:05:04 - [TEST_STEP][PASSED] - delay: Delayed 5 second(s)

2019-01-03 21:05:09 - [MESSAGE][PASSED] - Delayed 5 second(s)

2019-01-03 21:05:09 - [TEST_STEP][PASSED] - mouseOver: Object: 'Object Repository/Final Object Repo/Landing Page/WorkFlow Menu' is hovered

2019-01-03 21:05:09 - [MESSAGE][PASSED] - Object: 'Object Repository/Final Object Repo/Landing Page/WorkFlow Menu' is hovered

2019-01-03 21:05:09 - [TEST_STEP][PASSED] - delay: Delayed 2 second(s)

2019-01-03 21:05:11 - [MESSAGE][PASSED] - Delayed 2 second(s)

2019-01-03 21:05:11 - [TEST_STEP][PASSED] - click: Object: 'Object Repository/Final Object Repo/Landing Page/Select to Workflow Listing' is clicked on

2019-01-03 21:05:12 - [MESSAGE][PASSED] - Object: 'Object Repository/Final Object Repo/Landing Page/Select to Workflow Listing' is clicked on

2019-01-03 21:05:12 - [TEST_STEP][PASSED] - delay: Delayed 2 second(s)

2019-01-03 21:05:14 - [MESSAGE][PASSED] - Delayed 2 second(s)

2019-01-03 21:05:14 - [TEST_STEP][PASSED] - click: Object: 'Object Repository/Final Object Repo/WorkFlow Listing Page/Search Information - To Put Ref No' is clicked on

2019-01-03 21:05:15 - [MESSAGE][PASSED] - Object: 'Object Repository/Final Object Repo/WorkFlow Listing Page/Search Information - To Put Ref No' is clicked on

2019-01-03 21:05:15 - [TEST_STEP][PASSED] - delay: Delayed 2 second(s)

2019-01-03 21:05:17 - [MESSAGE][PASSED] - Delayed 2 second(s)

2019-01-03 21:05:17 - [TEST_STEP][PASSED] - callTestCase: Call Test Case 'Test Cases/Final Aug 2018 - PKS Automation/Common/Reference Number Getter' successfully

2019-01-03 21:05:17 - [TEST_CASE][PASSED] - Test Cases/Final Aug 2018 - PKS Automation/Common/Reference Number Getter: Test Cases/Final Aug 2018 - PKS Automation/Common/Reference Number Getter

2019-01-03 21:05:17 - [TEST_STEP][PASSED] - Statement - Try: null

2019-01-03 21:05:17 - [TEST_STEP][PASSED] - Statement - RefNo = new java.io.File(C://Users//Admin//Desktop//PKS//Automation Reference Point//KatalonReference.txt): null

2019-01-03 21:05:17 - [TEST_STEP][PASSED] - Statement - bufferread = new java.io.BufferedReader(new java.io.FileReader(RefNo)): null

2019-01-03 21:05:17 - [TEST_STEP][PASSED] - Statement - readedVal = bufferread.readLine(): null

2019-01-03 21:05:17 - [TEST_STEP][PASSED] - Statement - out.println(CaseReferenceNo): null

2019-01-03 21:05:17 - [TEST_STEP][PASSED] - Statement - out.println(readedVal): null

2019-01-03 21:05:17 - [TEST_STEP][PASSED] - Statement - CaseReferenceNo = "": null

2019-01-03 21:05:17 - [TEST_STEP][PASSED] - Statement - CaseReferenceNo = readedVal: null

2019-01-03 21:05:17 - [MESSAGE][PASSED] - Call Test Case 'Test Cases/Final Aug 2018 - PKS Automation/Common/Reference Number Getter' successfully

2019-01-03 21:05:17 - [TEST_STEP][PASSED] - setText: Text 'CUN012019C100006154' is set on object 'Object Repository/Final Object Repo/WorkFlow Listing Page/Ref No Set Text'

2019-01-03 21:05:17 - [MESSAGE][PASSED] - Text 'CUN012019C100006154' is set on object 'Object Repository/Final Object Repo/WorkFlow Listing Page/Ref No Set Text'

2019-01-03 21:05:17 - [TEST_STEP][PASSED] - delay: Delayed 2 second(s)

2019-01-03 21:05:19 - [MESSAGE][PASSED] - Delayed 2 second(s)

2019-01-03 21:05:19 - [TEST_STEP][PASSED] - click: Object: 'Object Repository/Final Object Repo/WorkFlow Listing Page/Search Ref No Search Button' is clicked on

2019-01-03 21:05:19 - [MESSAGE][PASSED] - Object: 'Object Repository/Final Object Repo/WorkFlow Listing Page/Search Ref No Search Button' is clicked on

2019-01-03 21:05:19 - [TEST_STEP][PASSED] - delay: Delayed 6 second(s)

2019-01-03 21:05:25 - [MESSAGE][PASSED] - Delayed 6 second(s)

2019-01-03 21:05:25 - [TEST_STEP][PASSED] - click: Object: 'Object Repository/Final Object Repo/WorkFlow Listing Page/Click Continue Tooltip' is clicked on

2019-01-03 21:05:26 - [MESSAGE][PASSED] - Object: 'Object Repository/Final Object Repo/WorkFlow Listing Page/Click Continue Tooltip' is clicked on

2019-01-03 21:05:26 - [TEST_STEP][PASSED] - delay: Delayed 5 second(s)

2019-01-03 21:05:31 - [MESSAGE][PASSED] - Delayed 5 second(s)

2019-01-03 21:05:31 - [TEST_STEP][PASSED] - doubleClick: Object: 'Object Repository/Final Object Repo/WorkFlow Listing Page/Workflow Found - Listing 1' is double clicked on

2019-01-03 21:05:31 - [MESSAGE][PASSED] - Object: 'Object Repository/Final Object Repo/WorkFlow Listing Page/Workflow Found - Listing 1' is double clicked on

2019-01-03 21:05:31 - [TEST_STEP][PASSED] - Statement - println(OwnerID): null

2019-01-03 21:05:31 - [TEST_STEP][PASSED] - Statement - OwnerID = com.kms.katalon.core.webui.keyword.WebUiBuiltInKeywords.getText(com.kms.katalon.core.testobject.ObjectRepository.findTestObject(Final Object Repo/WorkFlow Listing Page/Workflow Found - Listing 1), STOP_ON_FAILURE): Text of object 'Object Repository/Final Object Repo/WorkFlow Listing Page/Workflow Found - Listing 1' is: 'JOHORuo1'

2019-01-03 21:05:31 - [MESSAGE][PASSED] - Text of object 'Object Repository/Final Object Repo/WorkFlow Listing Page/Workflow Found - Listing 1' is: 'JOHORuo1'

2019-01-03 21:05:31 - [TEST_STEP][PASSED] - Statement - OwnerID = OwnerID.toLowerCase() + "@gmail.com": null

2019-01-03 21:05:31 - [TEST_STEP][PASSED] - Statement - println(OwnerID): null

2019-01-03 21:05:31 - [TEST_STEP][PASSED] - delay: Delayed 2 second(s)

2019-01-03 21:05:33 - [MESSAGE][PASSED] - Delayed 2 second(s)

2019-01-03 21:05:33 - [MESSAGE][PASSED] - Call Test Case 'Test Cases/Final Aug 2018 - PKS Automation/Common/Workflow Owner Finder' successfully

2019-01-03 21:05:33 - [TEST_STEP][PASSED] - delay: Delayed 1 second(s)

2019-01-03 21:05:34 - [MESSAGE][PASSED] - Delayed 1 second(s)

2019-01-03 21:05:34 - [TEST_STEP][PASSED] - navigateToUrl: Navigate to 'https://assist2-uat.perkeso.gov.my/c/portal/logout' successfully

2019-01-03 21:05:35 - [MESSAGE][PASSED] - Navigate to 'https://assist2-uat.perkeso.gov.my/c/portal/logout' successfully

2019-01-03 21:05:35 - [TEST_STEP][PASSED] - callTestCase: Call Test Case 'Test Cases/Final Aug 2018 - PKS Automation/Registration Module/Workflow/Login and Search Case For Workflow' successfully

2019-01-03 21:05:35 - [TEST_CASE][PASSED] - Test Cases/Final Aug 2018 - PKS Automation/Registration Module/Workflow/Login and Search Case For Workflow: Test Cases/Final Aug 2018 - PKS Automation/Registration Module/Workflow/Login and Search Case For Workflow

2019-01-03 21:05:35 - [TEST_STEP][PASSED] - navigateToUrl: Navigate to 'https://assist2-uat.perkeso.gov.my/login' successfully

2019-01-03 21:05:36 - [MESSAGE][PASSED] - Navigate to 'https://assist2-uat.perkeso.gov.my/login' successfully

2019-01-03 21:05:36 - [TEST_STEP][PASSED] - setText: Text 'johoruo1@gmail.com' is set on object 'Object Repository/Final Object Repo/Login Page/Internal User/Email Address'

2019-01-03 21:05:36 - [MESSAGE][PASSED] - Text 'johoruo1@gmail.com' is set on object 'Object Repository/Final Object Repo/Login Page/Internal User/Email Address'

2019-01-03 21:05:36 - [TEST_STEP][PASSED] - click: Object: 'Object Repository/Final Object Repo/Login Page/Internal User/Next Button' is clicked on

2019-01-03 21:05:36 - [MESSAGE][PASSED] - Object: 'Object Repository/Final Object Repo/Login Page/Internal User/Next Button' is clicked on

2019-01-03 21:05:36 - [TEST_STEP][PASSED] - delay: Delayed 1 second(s)

2019-01-03 21:05:37 - [MESSAGE][PASSED] - Delayed 1 second(s)

2019-01-03 21:05:37 - [TEST_STEP][PASSED] - setEncryptedText: Text ****** has been set on object 'Object Repository/Final Object Repo/Login Page/Internal User/Password'

2019-01-03 21:05:37 - [MESSAGE][PASSED] - Text ****** has been set on object 'Object Repository/Final Object Repo/Login Page/Internal User/Password'

2019-01-03 21:05:37 - [TEST_STEP][PASSED] - click: Object: 'Object Repository/Final Object Repo/Login Page/Internal User/Login Button' is clicked on

2019-01-03 21:05:37 - [MESSAGE][PASSED] - Object: 'Object Repository/Final Object Repo/Login Page/Internal User/Login Button' is clicked on

2019-01-03 21:05:37 - [TEST_STEP][PASSED] - delay: Delayed 2 second(s)

2019-01-03 21:05:39 - [MESSAGE][PASSED] - Delayed 2 second(s)

2019-01-03 21:05:39 - [TEST_STEP][PASSED] - Statement - Try: Delayed 2 second(s)

2019-01-03 21:05:39 - [TEST_STEP][PASSED] - Statement - Checker = false: null

2019-01-03 21:05:39 - [TEST_STEP][PASSED] - Statement - Checker = com.kms.katalon.core.webui.keyword.WebUiBuiltInKeywords.verifyElementHasAttribute(com.kms.katalon.core.testobject.ObjectRepository.findTestObject(Final Object Repo/Landing Page/BM Detecting), "href", 20, OPTIONAL): Object 'Object Repository/Final Object Repo/Landing Page/BM Detecting' has attribute 'href'

2019-01-03 21:05:40 - [MESSAGE][PASSED] - Object 'Object Repository/Final Object Repo/Landing Page/BM Detecting' has attribute 'href'

2019-01-03 21:05:40 - [TEST_STEP][PASSED] - Statement - out.println(Checker): null

2019-01-03 21:05:40 - [TEST_STEP][PASSED] - Statement - If (Checker == false): null

2019-01-03 21:05:40 - [TEST_STEP][PASSED] - Statement - Else: null

2019-01-03 21:05:40 - [TEST_STEP][PASSED] - delay: Delayed 2 second(s)

2019-01-03 21:05:42 - [MESSAGE][PASSED] - Delayed 2 second(s)

2019-01-03 21:05:42 - [TEST_STEP][PASSED] - click: Object: 'Object Repository/Final Object Repo/Page_MyASSIST - ASSIST - Search Pending Case For Add Supporting Document/Search Information' is clicked on

2019-01-03 21:05:42 - [MESSAGE][PASSED] - Object: 'Object Repository/Final Object Repo/Page_MyASSIST - ASSIST - Search Pending Case For Add Supporting Document/Search Information' is clicked on

2019-01-03 21:05:42 - [TEST_STEP][PASSED] - delay: Delayed 3 second(s)

2019-01-03 21:05:45 - [MESSAGE][PASSED] - Delayed 3 second(s)

2019-01-03 21:05:45 - [TEST_STEP][PASSED] - sendKeys: Keys 'CUN012019C100006154' sent to object: 'Object Repository/Final Object Repo/Page_MyASSIST - ASSIST - Search Pending Case For Add Supporting Document/Reference No'

2019-01-03 21:05:45 - [MESSAGE][PASSED] - Keys 'CUN012019C100006154' sent to object: 'Object Repository/Final Object Repo/Page_MyASSIST - ASSIST - Search Pending Case For Add Supporting Document/Reference No'

2019-01-03 21:05:45 - [TEST_STEP][PASSED] - click: Object: 'Object Repository/Final Object Repo/Page_MyASSIST - ASSIST - Search Pending Case For Add Supporting Document/Search Reference No' is clicked on

2019-01-03 21:05:45 - [MESSAGE][PASSED] - Object: 'Object Repository/Final Object Repo/Page_MyASSIST - ASSIST - Search Pending Case For Add Supporting Document/Search Reference No' is clicked on

2019-01-03 21:05:45 - [TEST_STEP][PASSED] - delay: Delayed 2 second(s)

2019-01-03 21:05:47 - [MESSAGE][PASSED] - Delayed 2 second(s)

2019-01-03 21:05:47 - [TEST_STEP][PASSED] - click: Object: 'Object Repository/Final Object Repo/Page_MyASSIST - ASSIST - Search Pending Case For Add Supporting Document/Continue' is clicked on

2019-01-03 21:05:51 - [MESSAGE][PASSED] - Object: 'Object Repository/Final Object Repo/Page_MyASSIST - ASSIST - Search Pending Case For Add Supporting Document/Continue' is clicked on

2019-01-03 21:05:51 - [TEST_STEP][PASSED] - delay: Delayed 20 second(s)

2019-01-03 21:06:11 - [MESSAGE][PASSED] - Delayed 20 second(s)

2019-01-03 21:06:11 - [MESSAGE][PASSED] - Call Test Case 'Test Cases/Final Aug 2018 - PKS Automation/Registration Module/Workflow/Login and Search Case For Workflow' successfully

2019-01-03 21:06:11 - [TEST_STEP][PASSED] - delay: Delayed 10 second(s)

2019-01-03 21:06:21 - [MESSAGE][PASSED] - Delayed 10 second(s)

2019-01-03 21:06:21 - [TEST_STEP][PASSED] - click: Object: 'Object Repository/Final Object Repo/Page_Update Employer Information/Page_Update Employer Information UO (Approve)/Continue' is clicked on

2019-01-03 21:06:24 - [MESSAGE][PASSED] - Object: 'Object Repository/Final Object Repo/Page_Update Employer Information/Page_Update Employer Information UO (Approve)/Continue' is clicked on

2019-01-03 21:06:24 - [TEST_STEP][PASSED] - delay: Delayed 10 second(s)

2019-01-03 21:06:34 - [MESSAGE][PASSED] - Delayed 10 second(s)

2019-01-03 21:06:34 - [TEST_STEP][PASSED] - click: Object: 'Object Repository/Final Object Repo/Page_Update Employer Information/Page_Update Employer Information UO (Approve)/Save  Continue in Update Employer Information Page' is clicked on

2019-01-03 21:06:35 - [MESSAGE][PASSED] - Object: 'Object Repository/Final Object Repo/Page_Update Employer Information/Page_Update Employer Information UO (Approve)/Save  Continue in Update Employer Information Page' is clicked on

2019-01-03 21:06:35 - [TEST_STEP][PASSED] - delay: Delayed 3 second(s)

2019-01-03 21:06:38 - [MESSAGE][PASSED] - Delayed 3 second(s)

2019-01-03 21:06:38 - [TEST_STEP][PASSED] - click: Object: 'Object Repository/Final Object Repo/Page_Update Employer Information/Page_Update Employer Information UO (Approve)/Save  Continue in Uploading Supporting Document Page' is clicked on

2019-01-03 21:06:38 - [MESSAGE][PASSED] - Object: 'Object Repository/Final Object Repo/Page_Update Employer Information/Page_Update Employer Information UO (Approve)/Save  Continue in Uploading Supporting Document Page' is clicked on

2019-01-03 21:06:38 - [TEST_STEP][PASSED] - delay: Delayed 3 second(s)

2019-01-03 21:06:41 - [MESSAGE][PASSED] - Delayed 3 second(s)

2019-01-03 21:06:41 - [TEST_STEP][PASSED] - click: Object: 'Object Repository/Final Object Repo/Page_Update Employer Information/Page_Update Employer Information UO (Approve)/Approve' is clicked on

2019-01-03 21:06:42 - [MESSAGE][PASSED] - Object: 'Object Repository/Final Object Repo/Page_Update Employer Information/Page_Update Employer Information UO (Approve)/Approve' is clicked on

2019-01-03 21:06:42 - [TEST_STEP][PASSED] - delay: Delayed 2 second(s)

2019-01-03 21:06:44 - [MESSAGE][PASSED] - Delayed 2 second(s)

2019-01-03 21:06:44 - [TEST_STEP][PASSED] - click: Object: 'Object Repository/Final Object Repo/Page_Update Employer Information/Page_Update Employer Information UO (Approve)/Confirm' is clicked on

2019-01-03 21:06:44 - [MESSAGE][PASSED] - Object: 'Object Repository/Final Object Repo/Page_Update Employer Information/Page_Update Employer Information UO (Approve)/Confirm' is clicked on

2019-01-03 21:06:44 - [TEST_STEP][PASSED] - delay: Delayed 2 second(s)

2019-01-03 21:06:46 - [MESSAGE][PASSED] - Delayed 2 second(s)

2019-01-03 21:06:46 - [TEST_STEP][PASSED] - verifyElementVisible: Object 'Object Repository/Final Object Repo/Page_Update Employer Information/Page_Update Employer Information UO (Approve)/Message Your Request' is visible

2019-01-03 21:06:51 - [MESSAGE][PASSED] - Object 'Object Repository/Final Object Repo/Page_Update Employer Information/Page_Update Employer Information UO (Approve)/Message Your Request' is visible

2019-01-03 21:06:51 - [TEST_STEP][PASSED] - verifyElementVisible: Object 'Object Repository/Final Object Repo/Page_Update Employer Information/Page_Update Employer Information UO (Approve)/Letter of successful update' is visible

2019-01-03 21:06:51 - [MESSAGE][PASSED] - Object 'Object Repository/Final Object Repo/Page_Update Employer Information/Page_Update Employer Information UO (Approve)/Letter of successful update' is visible

2019-01-03 21:06:51 - [MESSAGE][PASSED] - Call Test Case 'Test Cases/Final Aug 2018 - PKS Automation/Registration Module/Workflow/Update Employer Information/Template/Update Employer Information - Special Case - UO (Approve)' successfully]]></system-out>
         <system-err><![CDATA[]]></system-err>
      </testcase>
      <testcase name="Test Cases/Final Aug 2018 - PKS Automation/Registration Module/Workflow/Update Employee Information (Employer)/OTC - UO (Query)" classname="Test Cases/Final Aug 2018 - PKS Automation/Registration Module/Workflow/Update Employee Information (Employer)/OTC - UO (Query)" status="PASSED">
         <system-out><![CDATA[2019-01-03 21:06:51 - [TEST_CASE][PASSED] - Test Cases/Final Aug 2018 - PKS Automation/Registration Module/Workflow/Update Employee Information (Employer)/OTC - UO (Query): Test Cases/Final Aug 2018 - PKS Automation/Registration Module/Workflow/Update Employee Information (Employer)/OTC - UO (Query)

2019-01-03 21:06:51 - [TEST_STEP][PASSED] - callTestCase: Call Test Case 'Test Cases/Final Aug 2018 - PKS Automation/Registration Module/Workflow/Update Employee Information (Employer)/Template/Update Employer Information - Special Case (OTC)' successfully

2019-01-03 21:06:51 - [TEST_CASE][PASSED] - Test Cases/Final Aug 2018 - PKS Automation/Registration Module/Workflow/Update Employee Information (Employer)/Template/Update Employer Information - Special Case (OTC): Test Cases/Final Aug 2018 - PKS Automation/Registration Module/Workflow/Update Employee Information (Employer)/Template/Update Employer Information - Special Case (OTC)

2019-01-03 21:06:51 - [TEST_STEP][PASSED] - openBrowser: Browser is opened with url: ''

2019-01-03 21:06:51 - [MESSAGE][WARNING] - A browser is already opened. Closing browser and opening a new one

2019-01-03 21:06:55 - [MESSAGE][PASSED] - Browser is opened with url: ''

2019-01-03 21:06:55 - [TEST_STEP][PASSED] - navigateToUrl: Navigate to 'https://assist2-uat.perkeso.gov.my/login' successfully

2019-01-03 21:06:56 - [MESSAGE][PASSED] - Navigate to 'https://assist2-uat.perkeso.gov.my/login' successfully

2019-01-03 21:06:56 - [TEST_STEP][PASSED] - setText: Text 'johorotc1@gmail.com' is set on object 'Object Repository/Final Object Repo/Login Page/Internal User/Email Address'

2019-01-03 21:06:57 - [MESSAGE][PASSED] - Text 'johorotc1@gmail.com' is set on object 'Object Repository/Final Object Repo/Login Page/Internal User/Email Address'

2019-01-03 21:06:57 - [TEST_STEP][PASSED] - click: Object: 'Object Repository/Final Object Repo/Login Page/Internal User/Next Button' is clicked on

2019-01-03 21:06:57 - [MESSAGE][PASSED] - Object: 'Object Repository/Final Object Repo/Login Page/Internal User/Next Button' is clicked on

2019-01-03 21:06:57 - [TEST_STEP][PASSED] - delay: Delayed 1 second(s)

2019-01-03 21:06:58 - [MESSAGE][PASSED] - Delayed 1 second(s)

2019-01-03 21:06:58 - [TEST_STEP][PASSED] - setEncryptedText: Text ****** has been set on object 'Object Repository/Final Object Repo/Login Page/Internal User/Password'

2019-01-03 21:06:58 - [MESSAGE][PASSED] - Text ****** has been set on object 'Object Repository/Final Object Repo/Login Page/Internal User/Password'

2019-01-03 21:06:58 - [TEST_STEP][PASSED] - click: Object: 'Object Repository/Final Object Repo/Login Page/Internal User/Login Button' is clicked on

2019-01-03 21:06:58 - [MESSAGE][PASSED] - Object: 'Object Repository/Final Object Repo/Login Page/Internal User/Login Button' is clicked on

2019-01-03 21:06:58 - [TEST_STEP][PASSED] - Statement - tester = com.kms.katalon.core.testobject.ObjectRepository.findTestObject(Final Object Repo/Landing Page/Select to English): Finding Test Object with id 'Object Repository/Final Object Repo/Landing Page/Select to English'

2019-01-03 21:06:58 - [TEST_STEP][PASSED] - Statement - Try: Delayed 2 second(s)

2019-01-03 21:06:58 - [TEST_STEP][PASSED] - Statement - Checker = com.kms.katalon.core.webui.keyword.WebUiBuiltInKeywords.verifyElementNotPresent(tester, 3): Web element with id: 'Object Repository/Final Object Repo/Landing Page/Select to English' located by 'By.xpath: //a[@class = 'taglib-language-list-text' and @lang = 'en-US' and (contains(text(), 'EN') or contains(., 'EN'))]' is not present after '3' second(s)

2019-01-03 21:07:00 - [MESSAGE][PASSED] - Web element with id: 'Object Repository/Final Object Repo/Landing Page/Select to English' located by 'By.xpath: //a[@class = 'taglib-language-list-text' and @lang = 'en-US' and (contains(text(), 'EN') or contains(., 'EN'))]' is not present after '3' second(s)

2019-01-03 21:07:00 - [TEST_STEP][PASSED] - Statement - If (Checker == false): null

2019-01-03 21:07:00 - [TEST_STEP][PASSED] - delay: Delayed 2 second(s)

2019-01-03 21:07:02 - [MESSAGE][PASSED] - Delayed 2 second(s)

2019-01-03 21:07:02 - [TEST_STEP][PASSED] - delay: Delayed 5 second(s)

2019-01-03 21:07:07 - [MESSAGE][PASSED] - Delayed 5 second(s)

2019-01-03 21:07:07 - [TEST_STEP][PASSED] - navigateToUrl: Navigate to 'https://assist2-uat.perkeso.gov.my/web/registration/update/update-employee-information-employer-' successfully

2019-01-03 21:07:08 - [MESSAGE][PASSED] - Navigate to 'https://assist2-uat.perkeso.gov.my/web/registration/update/update-employee-information-employer-' successfully

2019-01-03 21:07:08 - [TEST_STEP][PASSED] - setText: Text 'E1102001065V' is set on object 'Object Repository/Final Object Repo/Page_Update Employee Information By Employer/Employer Code'

2019-01-03 21:07:08 - [MESSAGE][PASSED] - Text 'E1102001065V' is set on object 'Object Repository/Final Object Repo/Page_Update Employee Information By Employer/Employer Code'

2019-01-03 21:07:08 - [TEST_STEP][PASSED] - click: Object: 'Object Repository/Final Object Repo/Page_Update Employee Information By Employer/Search Employer Code' is clicked on

2019-01-03 21:07:08 - [MESSAGE][PASSED] - Object: 'Object Repository/Final Object Repo/Page_Update Employee Information By Employer/Search Employer Code' is clicked on

2019-01-03 21:07:08 - [TEST_STEP][PASSED] - click: Object: 'Object Repository/Final Object Repo/Page_Update Employee Information By Employer/Edit Button' is clicked on

2019-01-03 21:07:12 - [MESSAGE][PASSED] - Object: 'Object Repository/Final Object Repo/Page_Update Employee Information By Employer/Edit Button' is clicked on

2019-01-03 21:07:12 - [TEST_STEP][PASSED] - click: Object: 'Object Repository/Final Object Repo/Page_Update Employee Information By Employer/Employee Name or New Identification' is clicked on

2019-01-03 21:07:13 - [MESSAGE][PASSED] - Object: 'Object Repository/Final Object Repo/Page_Update Employee Information By Employer/Employee Name or New Identification' is clicked on

2019-01-03 21:07:13 - [TEST_STEP][PASSED] - delay: Delayed 1 second(s)

2019-01-03 21:07:14 - [MESSAGE][PASSED] - Delayed 1 second(s)

2019-01-03 21:07:14 - [TEST_STEP][PASSED] - click: Object: 'Object Repository/Final Object Repo/Page_Update Employee Information By Employer/Selection - Employee Name' is clicked on

2019-01-03 21:07:14 - [MESSAGE][PASSED] - Object: 'Object Repository/Final Object Repo/Page_Update Employee Information By Employer/Selection - Employee Name' is clicked on

2019-01-03 21:07:14 - [TEST_STEP][PASSED] - delay: Delayed 1 second(s)

2019-01-03 21:07:15 - [MESSAGE][PASSED] - Delayed 1 second(s)

2019-01-03 21:07:15 - [TEST_STEP][PASSED] - setText: Text 'PERKESO' is set on object 'Object Repository/Final Object Repo/Page_Update Employee Information By Employer/Employee Name'

2019-01-03 21:07:15 - [MESSAGE][PASSED] - Text 'PERKESO' is set on object 'Object Repository/Final Object Repo/Page_Update Employee Information By Employer/Employee Name'

2019-01-03 21:07:15 - [TEST_STEP][PASSED] - delay: Delayed 2 second(s)

2019-01-03 21:07:17 - [MESSAGE][PASSED] - Delayed 2 second(s)

2019-01-03 21:07:17 - [TEST_STEP][PASSED] - click: Object: 'Object Repository/Final Object Repo/Page_Update Employee Information By Employer/Search Employee' is clicked on

2019-01-03 21:07:17 - [MESSAGE][PASSED] - Object: 'Object Repository/Final Object Repo/Page_Update Employee Information By Employer/Search Employee' is clicked on

2019-01-03 21:07:17 - [TEST_STEP][PASSED] - delay: Delayed 3 second(s)

2019-01-03 21:07:20 - [MESSAGE][PASSED] - Delayed 3 second(s)

2019-01-03 21:07:20 - [TEST_STEP][PASSED] - click: Object: 'Object Repository/Final Object Repo/Page_Update Employee Information By Employer/Employee Edit Button' is clicked on

2019-01-03 21:07:20 - [MESSAGE][PASSED] - Object: 'Object Repository/Final Object Repo/Page_Update Employee Information By Employer/Employee Edit Button' is clicked on

2019-01-03 21:07:20 - [TEST_STEP][PASSED] - delay: Delayed 3 second(s)

2019-01-03 21:07:23 - [MESSAGE][PASSED] - Delayed 3 second(s)

2019-01-03 21:07:23 - [TEST_STEP][PASSED] - setText: Text '' is set on object 'Object Repository/Final Object Repo/Page_Update Employee Information By Employer/Identification Number'

2019-01-03 21:07:24 - [MESSAGE][PASSED] - Text '' is set on object 'Object Repository/Final Object Repo/Page_Update Employee Information By Employer/Identification Number'

2019-01-03 21:07:24 - [TEST_STEP][PASSED] - Statement - rnd = new java.util.Random(): null

2019-01-03 21:07:24 - [TEST_STEP][PASSED] - Statement - snum = rnd.nextInt(899999 + 1) + 100000: null

2019-01-03 21:07:24 - [TEST_STEP][PASSED] - Statement - tnum = rnd.nextInt(899999 + 1) + 100000: null

2019-01-03 21:07:24 - [TEST_STEP][PASSED] - Statement - IC = java.lang.Integer.toString(snum) + java.lang.Integer.toString(tnum): null

2019-01-03 21:07:24 - [TEST_STEP][PASSED] - Statement - out.println(IC): null

2019-01-03 21:07:24 - [TEST_STEP][PASSED] - setText: Text '679914277431' is set on object 'Object Repository/Final Object Repo/Page_Update Employee Information By Employer/Identification Number'

2019-01-03 21:07:24 - [MESSAGE][PASSED] - Text '679914277431' is set on object 'Object Repository/Final Object Repo/Page_Update Employee Information By Employer/Identification Number'

2019-01-03 21:07:24 - [TEST_STEP][PASSED] - click: Object: 'Object Repository/Final Object Repo/Page_Update Employee Information By Employer/Save' is clicked on

2019-01-03 21:07:24 - [MESSAGE][PASSED] - Object: 'Object Repository/Final Object Repo/Page_Update Employee Information By Employer/Save' is clicked on

2019-01-03 21:07:24 - [TEST_STEP][PASSED] - delay: Delayed 5 second(s)

2019-01-03 21:07:29 - [MESSAGE][PASSED] - Delayed 5 second(s)

2019-01-03 21:07:29 - [TEST_STEP][PASSED] - Statement - CaseReferenceNo = com.kms.katalon.core.webui.keyword.WebUiBuiltInKeywords.getText(com.kms.katalon.core.testobject.ObjectRepository.findTestObject(Final Object Repo/Reference Number/Reference Number in Update Employee Information Page)): Text of object 'Object Repository/Final Object Repo/Reference Number/Reference Number in Update Employee Information Page' is: 'CUN012019C100006155'

2019-01-03 21:07:29 - [MESSAGE][PASSED] - Text of object 'Object Repository/Final Object Repo/Reference Number/Reference Number in Update Employee Information Page' is: 'CUN012019C100006155'

2019-01-03 21:07:29 - [TEST_STEP][PASSED] - callTestCase: Call Test Case 'Test Cases/Final Aug 2018 - PKS Automation/Common/Reference Number Setter' successfully

2019-01-03 21:07:29 - [TEST_CASE][PASSED] - Test Cases/Final Aug 2018 - PKS Automation/Common/Reference Number Setter: Test Cases/Final Aug 2018 - PKS Automation/Common/Reference Number Setter

2019-01-03 21:07:29 - [TEST_STEP][PASSED] - Statement - RefNoOldFile = new java.io.File(C://Users//Admin//Desktop//PKS//Automation Reference Point//KatalonReference.txt): null

2019-01-03 21:07:29 - [TEST_STEP][PASSED] - Statement - RefNoOldFile.delete(): null

2019-01-03 21:07:29 - [TEST_STEP][PASSED] - delay: Delayed 5 second(s)

2019-01-03 21:07:34 - [MESSAGE][PASSED] - Delayed 5 second(s)

2019-01-03 21:07:34 - [TEST_STEP][PASSED] - Statement - RefNo = new java.io.File(C://Users//Admin//Desktop//PKS//Automation Reference Point//KatalonReference.txt): null

2019-01-03 21:07:34 - [TEST_STEP][PASSED] - Statement - f2 = new java.io.FileWriter(RefNo, false): null

2019-01-03 21:07:34 - [TEST_STEP][PASSED] - Statement - f2.write(CaseReferenceNo): null

2019-01-03 21:07:34 - [TEST_STEP][PASSED] - Statement - f2.close(): null

2019-01-03 21:07:34 - [TEST_STEP][PASSED] - Statement - out.println("


" + CaseReferenceNo + "


"): null

2019-01-03 21:07:34 - [MESSAGE][PASSED] - Call Test Case 'Test Cases/Final Aug 2018 - PKS Automation/Common/Reference Number Setter' successfully

2019-01-03 21:07:34 - [TEST_STEP][PASSED] - delay: Delayed 5 second(s)

2019-01-03 21:07:39 - [MESSAGE][PASSED] - Delayed 5 second(s)

2019-01-03 21:07:39 - [TEST_STEP][PASSED] - click: Object: 'Object Repository/Final Object Repo/Page_Update Employee Information By Employer/Save  Continue in  Employee Information Page' is clicked on

2019-01-03 21:07:39 - [MESSAGE][PASSED] - Object: 'Object Repository/Final Object Repo/Page_Update Employee Information By Employer/Save  Continue in  Employee Information Page' is clicked on

2019-01-03 21:07:39 - [TEST_STEP][PASSED] - delay: Delayed 5 second(s)

2019-01-03 21:07:44 - [MESSAGE][PASSED] - Delayed 5 second(s)

2019-01-03 21:07:44 - [TEST_STEP][PASSED] - click: Object: 'Object Repository/Final Object Repo/Page_Update Employee Information By Employer/Save  Continue in Uploading Page 1' is clicked on

2019-01-03 21:07:45 - [MESSAGE][PASSED] - Object: 'Object Repository/Final Object Repo/Page_Update Employee Information By Employer/Save  Continue in Uploading Page 1' is clicked on

2019-01-03 21:07:45 - [TEST_STEP][PASSED] - delay: Delayed 5 second(s)

2019-01-03 21:07:50 - [MESSAGE][PASSED] - Delayed 5 second(s)

2019-01-03 21:07:50 - [TEST_STEP][PASSED] - click: Object: 'Object Repository/Final Object Repo/Page_Update Employee Information By Employer/Submit' is clicked on

2019-01-03 21:07:50 - [MESSAGE][PASSED] - Object: 'Object Repository/Final Object Repo/Page_Update Employee Information By Employer/Submit' is clicked on

2019-01-03 21:07:50 - [TEST_STEP][PASSED] - delay: Delayed 5 second(s)

2019-01-03 21:07:55 - [MESSAGE][PASSED] - Delayed 5 second(s)

2019-01-03 21:07:55 - [TEST_STEP][PASSED] - click: Object: 'Object Repository/Final Object Repo/Page_Update Employee Information By Employer/Confirm' is clicked on

2019-01-03 21:07:55 - [MESSAGE][PASSED] - Object: 'Object Repository/Final Object Repo/Page_Update Employee Information By Employer/Confirm' is clicked on

2019-01-03 21:07:55 - [TEST_STEP][PASSED] - delay: Delayed 5 second(s)

2019-01-03 21:08:00 - [MESSAGE][PASSED] - Delayed 5 second(s)

2019-01-03 21:08:00 - [TEST_STEP][PASSED] - verifyElementVisible: Object 'Object Repository/Final Object Repo/Page_Update Employee Information By Employer/Successfull Message Routed to UO' is visible

2019-01-03 21:08:00 - [MESSAGE][PASSED] - Object 'Object Repository/Final Object Repo/Page_Update Employee Information By Employer/Successfull Message Routed to UO' is visible

2019-01-03 21:08:00 - [MESSAGE][PASSED] - Call Test Case 'Test Cases/Final Aug 2018 - PKS Automation/Registration Module/Workflow/Update Employee Information (Employer)/Template/Update Employer Information - Special Case (OTC)' successfully

2019-01-03 21:08:00 - [TEST_STEP][PASSED] - callTestCase: Call Test Case 'Test Cases/Final Aug 2018 - PKS Automation/Registration Module/Workflow/Update Employee Information (Employer)/Template/Update Employee Information - Special Case - UO(Query)' successfully

2019-01-03 21:08:00 - [TEST_CASE][PASSED] - Test Cases/Final Aug 2018 - PKS Automation/Registration Module/Workflow/Update Employee Information (Employer)/Template/Update Employee Information - Special Case - UO(Query): Test Cases/Final Aug 2018 - PKS Automation/Registration Module/Workflow/Update Employee Information (Employer)/Template/Update Employee Information - Special Case - UO(Query)

2019-01-03 21:08:00 - [TEST_STEP][NOT_RUN] - callTestCase: NOT_RUN: callTestCase

2019-01-03 21:08:00 - [MESSAGE][NOT_RUN] - NOT_RUN: callTestCase

2019-01-03 21:08:00 - [TEST_STEP][PASSED] - delay: Delayed 2 second(s)

2019-01-03 21:08:02 - [MESSAGE][PASSED] - Delayed 2 second(s)

2019-01-03 21:08:02 - [TEST_STEP][PASSED] - navigateToUrl: Navigate to 'https://assist2-uat.perkeso.gov.my/c/portal/logout' successfully

2019-01-03 21:08:03 - [MESSAGE][PASSED] - Navigate to 'https://assist2-uat.perkeso.gov.my/c/portal/logout' successfully

2019-01-03 21:08:03 - [TEST_STEP][PASSED] - delay: Delayed 2 second(s)

2019-01-03 21:08:05 - [MESSAGE][PASSED] - Delayed 2 second(s)

2019-01-03 21:08:05 - [TEST_STEP][PASSED] - callTestCase: Call Test Case 'Test Cases/Final Aug 2018 - PKS Automation/Common/Reference Number Getter' successfully

2019-01-03 21:08:05 - [TEST_CASE][PASSED] - Test Cases/Final Aug 2018 - PKS Automation/Common/Reference Number Getter: Test Cases/Final Aug 2018 - PKS Automation/Common/Reference Number Getter

2019-01-03 21:08:05 - [TEST_STEP][PASSED] - Statement - Try: null

2019-01-03 21:08:05 - [TEST_STEP][PASSED] - Statement - RefNo = new java.io.File(C://Users//Admin//Desktop//PKS//Automation Reference Point//KatalonReference.txt): null

2019-01-03 21:08:05 - [TEST_STEP][PASSED] - Statement - bufferread = new java.io.BufferedReader(new java.io.FileReader(RefNo)): null

2019-01-03 21:08:05 - [TEST_STEP][PASSED] - Statement - readedVal = bufferread.readLine(): null

2019-01-03 21:08:05 - [TEST_STEP][PASSED] - Statement - out.println(CaseReferenceNo): null

2019-01-03 21:08:05 - [TEST_STEP][PASSED] - Statement - out.println(readedVal): null

2019-01-03 21:08:05 - [TEST_STEP][PASSED] - Statement - CaseReferenceNo = "": null

2019-01-03 21:08:05 - [TEST_STEP][PASSED] - Statement - CaseReferenceNo = readedVal: null

2019-01-03 21:08:05 - [MESSAGE][PASSED] - Call Test Case 'Test Cases/Final Aug 2018 - PKS Automation/Common/Reference Number Getter' successfully

2019-01-03 21:08:05 - [TEST_STEP][PASSED] - callTestCase: Call Test Case 'Test Cases/Final Aug 2018 - PKS Automation/Common/Workflow Owner Finder' successfully

2019-01-03 21:08:05 - [TEST_CASE][PASSED] - Test Cases/Final Aug 2018 - PKS Automation/Common/Workflow Owner Finder: Test Cases/Final Aug 2018 - PKS Automation/Common/Workflow Owner Finder

2019-01-03 21:08:05 - [TEST_STEP][PASSED] - openBrowser: Browser is opened with url: ''

2019-01-03 21:08:05 - [MESSAGE][WARNING] - A browser is already opened. Closing browser and opening a new one

2019-01-03 21:08:09 - [MESSAGE][PASSED] - Browser is opened with url: ''

2019-01-03 21:08:09 - [TEST_STEP][PASSED] - navigateToUrl: Navigate to 'https://assist2-uat.perkeso.gov.my/login' successfully

2019-01-03 21:08:10 - [MESSAGE][PASSED] - Navigate to 'https://assist2-uat.perkeso.gov.my/login' successfully

2019-01-03 21:08:10 - [TEST_STEP][PASSED] - delay: Delayed 5 second(s)

2019-01-03 21:08:15 - [MESSAGE][PASSED] - Delayed 5 second(s)

2019-01-03 21:08:15 - [TEST_STEP][PASSED] - setText: Text 'test@liferay.com' is set on object 'Object Repository/Final Object Repo/Login Page/Internal User/Email Address'

2019-01-03 21:08:15 - [MESSAGE][PASSED] - Text 'test@liferay.com' is set on object 'Object Repository/Final Object Repo/Login Page/Internal User/Email Address'

2019-01-03 21:08:15 - [TEST_STEP][PASSED] - click: Object: 'Object Repository/Final Object Repo/Login Page/Internal User/Next Button' is clicked on

2019-01-03 21:08:15 - [MESSAGE][PASSED] - Object: 'Object Repository/Final Object Repo/Login Page/Internal User/Next Button' is clicked on

2019-01-03 21:08:15 - [TEST_STEP][PASSED] - delay: Delayed 2 second(s)

2019-01-03 21:08:17 - [MESSAGE][PASSED] - Delayed 2 second(s)

2019-01-03 21:08:17 - [TEST_STEP][PASSED] - setText: Text 'test' is set on object 'Object Repository/Final Object Repo/Login Page/Internal User/Password'

2019-01-03 21:08:17 - [MESSAGE][PASSED] - Text 'test' is set on object 'Object Repository/Final Object Repo/Login Page/Internal User/Password'

2019-01-03 21:08:17 - [TEST_STEP][PASSED] - delay: Delayed 2 second(s)

2019-01-03 21:08:19 - [MESSAGE][PASSED] - Delayed 2 second(s)

2019-01-03 21:08:19 - [TEST_STEP][PASSED] - click: Object: 'Object Repository/Final Object Repo/Login Page/Internal User/Login Button' is clicked on

2019-01-03 21:08:20 - [MESSAGE][PASSED] - Object: 'Object Repository/Final Object Repo/Login Page/Internal User/Login Button' is clicked on

2019-01-03 21:08:20 - [TEST_STEP][PASSED] - Statement - tester = com.kms.katalon.core.testobject.ObjectRepository.findTestObject(Final Object Repo/Landing Page/Select to English): Finding Test Object with id 'Object Repository/Final Object Repo/Landing Page/Select to English'

2019-01-03 21:08:20 - [TEST_STEP][PASSED] - Statement - Try: Delayed 2 second(s)

2019-01-03 21:08:20 - [TEST_STEP][PASSED] - Statement - Checker = com.kms.katalon.core.webui.keyword.WebUiBuiltInKeywords.verifyElementNotPresent(tester, 3): Web element with id: 'Object Repository/Final Object Repo/Landing Page/Select to English' located by 'By.xpath: //a[@class = 'taglib-language-list-text' and @lang = 'en-US' and (contains(text(), 'EN') or contains(., 'EN'))]' is not present after '3' second(s)

2019-01-03 21:08:21 - [MESSAGE][PASSED] - Web element with id: 'Object Repository/Final Object Repo/Landing Page/Select to English' located by 'By.xpath: //a[@class = 'taglib-language-list-text' and @lang = 'en-US' and (contains(text(), 'EN') or contains(., 'EN'))]' is not present after '3' second(s)

2019-01-03 21:08:21 - [TEST_STEP][PASSED] - Statement - If (Checker == false): null

2019-01-03 21:08:21 - [TEST_STEP][PASSED] - delay: Delayed 2 second(s)

2019-01-03 21:08:23 - [MESSAGE][PASSED] - Delayed 2 second(s)

2019-01-03 21:08:23 - [TEST_STEP][PASSED] - delay: Delayed 5 second(s)

2019-01-03 21:08:28 - [MESSAGE][PASSED] - Delayed 5 second(s)

2019-01-03 21:08:28 - [TEST_STEP][PASSED] - mouseOver: Object: 'Object Repository/Final Object Repo/Landing Page/WorkFlow Menu' is hovered

2019-01-03 21:08:28 - [MESSAGE][PASSED] - Object: 'Object Repository/Final Object Repo/Landing Page/WorkFlow Menu' is hovered

2019-01-03 21:08:28 - [TEST_STEP][PASSED] - delay: Delayed 2 second(s)

2019-01-03 21:08:30 - [MESSAGE][PASSED] - Delayed 2 second(s)

2019-01-03 21:08:30 - [TEST_STEP][PASSED] - click: Object: 'Object Repository/Final Object Repo/Landing Page/Select to Workflow Listing' is clicked on

2019-01-03 21:08:31 - [MESSAGE][PASSED] - Object: 'Object Repository/Final Object Repo/Landing Page/Select to Workflow Listing' is clicked on

2019-01-03 21:08:31 - [TEST_STEP][PASSED] - delay: Delayed 2 second(s)

2019-01-03 21:08:33 - [MESSAGE][PASSED] - Delayed 2 second(s)

2019-01-03 21:08:33 - [TEST_STEP][PASSED] - click: Object: 'Object Repository/Final Object Repo/WorkFlow Listing Page/Search Information - To Put Ref No' is clicked on

2019-01-03 21:08:33 - [MESSAGE][PASSED] - Object: 'Object Repository/Final Object Repo/WorkFlow Listing Page/Search Information - To Put Ref No' is clicked on

2019-01-03 21:08:33 - [TEST_STEP][PASSED] - delay: Delayed 2 second(s)

2019-01-03 21:08:35 - [MESSAGE][PASSED] - Delayed 2 second(s)

2019-01-03 21:08:35 - [TEST_STEP][PASSED] - callTestCase: Call Test Case 'Test Cases/Final Aug 2018 - PKS Automation/Common/Reference Number Getter' successfully

2019-01-03 21:08:36 - [TEST_CASE][PASSED] - Test Cases/Final Aug 2018 - PKS Automation/Common/Reference Number Getter: Test Cases/Final Aug 2018 - PKS Automation/Common/Reference Number Getter

2019-01-03 21:08:36 - [TEST_STEP][PASSED] - Statement - Try: null

2019-01-03 21:08:36 - [TEST_STEP][PASSED] - Statement - RefNo = new java.io.File(C://Users//Admin//Desktop//PKS//Automation Reference Point//KatalonReference.txt): null

2019-01-03 21:08:36 - [TEST_STEP][PASSED] - Statement - bufferread = new java.io.BufferedReader(new java.io.FileReader(RefNo)): null

2019-01-03 21:08:36 - [TEST_STEP][PASSED] - Statement - readedVal = bufferread.readLine(): null

2019-01-03 21:08:36 - [TEST_STEP][PASSED] - Statement - out.println(CaseReferenceNo): null

2019-01-03 21:08:36 - [TEST_STEP][PASSED] - Statement - out.println(readedVal): null

2019-01-03 21:08:36 - [TEST_STEP][PASSED] - Statement - CaseReferenceNo = "": null

2019-01-03 21:08:36 - [TEST_STEP][PASSED] - Statement - CaseReferenceNo = readedVal: null

2019-01-03 21:08:36 - [MESSAGE][PASSED] - Call Test Case 'Test Cases/Final Aug 2018 - PKS Automation/Common/Reference Number Getter' successfully

2019-01-03 21:08:36 - [TEST_STEP][PASSED] - setText: Text 'CUN012019C100006155' is set on object 'Object Repository/Final Object Repo/WorkFlow Listing Page/Ref No Set Text'

2019-01-03 21:08:36 - [MESSAGE][PASSED] - Text 'CUN012019C100006155' is set on object 'Object Repository/Final Object Repo/WorkFlow Listing Page/Ref No Set Text'

2019-01-03 21:08:36 - [TEST_STEP][PASSED] - delay: Delayed 2 second(s)

2019-01-03 21:08:38 - [MESSAGE][PASSED] - Delayed 2 second(s)

2019-01-03 21:08:38 - [TEST_STEP][PASSED] - click: Object: 'Object Repository/Final Object Repo/WorkFlow Listing Page/Search Ref No Search Button' is clicked on

2019-01-03 21:08:38 - [MESSAGE][PASSED] - Object: 'Object Repository/Final Object Repo/WorkFlow Listing Page/Search Ref No Search Button' is clicked on

2019-01-03 21:08:38 - [TEST_STEP][PASSED] - delay: Delayed 6 second(s)

2019-01-03 21:08:44 - [MESSAGE][PASSED] - Delayed 6 second(s)

2019-01-03 21:08:44 - [TEST_STEP][PASSED] - click: Object: 'Object Repository/Final Object Repo/WorkFlow Listing Page/Click Continue Tooltip' is clicked on

2019-01-03 21:08:45 - [MESSAGE][PASSED] - Object: 'Object Repository/Final Object Repo/WorkFlow Listing Page/Click Continue Tooltip' is clicked on

2019-01-03 21:08:45 - [TEST_STEP][PASSED] - delay: Delayed 5 second(s)

2019-01-03 21:08:50 - [MESSAGE][PASSED] - Delayed 5 second(s)

2019-01-03 21:08:50 - [TEST_STEP][PASSED] - doubleClick: Object: 'Object Repository/Final Object Repo/WorkFlow Listing Page/Workflow Found - Listing 1' is double clicked on

2019-01-03 21:08:50 - [MESSAGE][PASSED] - Object: 'Object Repository/Final Object Repo/WorkFlow Listing Page/Workflow Found - Listing 1' is double clicked on

2019-01-03 21:08:50 - [TEST_STEP][PASSED] - Statement - println(OwnerID): null

2019-01-03 21:08:50 - [TEST_STEP][PASSED] - Statement - OwnerID = com.kms.katalon.core.webui.keyword.WebUiBuiltInKeywords.getText(com.kms.katalon.core.testobject.ObjectRepository.findTestObject(Final Object Repo/WorkFlow Listing Page/Workflow Found - Listing 1), STOP_ON_FAILURE): Text of object 'Object Repository/Final Object Repo/WorkFlow Listing Page/Workflow Found - Listing 1' is: 'JOHORuo2'

2019-01-03 21:08:50 - [MESSAGE][PASSED] - Text of object 'Object Repository/Final Object Repo/WorkFlow Listing Page/Workflow Found - Listing 1' is: 'JOHORuo2'

2019-01-03 21:08:50 - [TEST_STEP][PASSED] - Statement - OwnerID = OwnerID.toLowerCase() + "@gmail.com": null

2019-01-03 21:08:50 - [TEST_STEP][PASSED] - Statement - println(OwnerID): null

2019-01-03 21:08:50 - [TEST_STEP][PASSED] - delay: Delayed 2 second(s)

2019-01-03 21:08:52 - [MESSAGE][PASSED] - Delayed 2 second(s)

2019-01-03 21:08:52 - [MESSAGE][PASSED] - Call Test Case 'Test Cases/Final Aug 2018 - PKS Automation/Common/Workflow Owner Finder' successfully

2019-01-03 21:08:52 - [TEST_STEP][PASSED] - delay: Delayed 2 second(s)

2019-01-03 21:08:54 - [MESSAGE][PASSED] - Delayed 2 second(s)

2019-01-03 21:08:54 - [TEST_STEP][PASSED] - navigateToUrl: Navigate to 'https://assist2-uat.perkeso.gov.my/c/portal/logout' successfully

2019-01-03 21:08:55 - [MESSAGE][PASSED] - Navigate to 'https://assist2-uat.perkeso.gov.my/c/portal/logout' successfully

2019-01-03 21:08:55 - [TEST_STEP][PASSED] - delay: Delayed 2 second(s)

2019-01-03 21:08:57 - [MESSAGE][PASSED] - Delayed 2 second(s)

2019-01-03 21:08:57 - [TEST_STEP][PASSED] - callTestCase: Call Test Case 'Test Cases/Final Aug 2018 - PKS Automation/Registration Module/Workflow/Login and Search Case For Workflow' successfully

2019-01-03 21:08:57 - [TEST_CASE][PASSED] - Test Cases/Final Aug 2018 - PKS Automation/Registration Module/Workflow/Login and Search Case For Workflow: Test Cases/Final Aug 2018 - PKS Automation/Registration Module/Workflow/Login and Search Case For Workflow

2019-01-03 21:08:57 - [TEST_STEP][PASSED] - navigateToUrl: Navigate to 'https://assist2-uat.perkeso.gov.my/login' successfully

2019-01-03 21:08:58 - [MESSAGE][PASSED] - Navigate to 'https://assist2-uat.perkeso.gov.my/login' successfully

2019-01-03 21:08:58 - [TEST_STEP][PASSED] - setText: Text 'johoruo2@gmail.com' is set on object 'Object Repository/Final Object Repo/Login Page/Internal User/Email Address'

2019-01-03 21:08:58 - [MESSAGE][PASSED] - Text 'johoruo2@gmail.com' is set on object 'Object Repository/Final Object Repo/Login Page/Internal User/Email Address'

2019-01-03 21:08:58 - [TEST_STEP][PASSED] - click: Object: 'Object Repository/Final Object Repo/Login Page/Internal User/Next Button' is clicked on

2019-01-03 21:08:58 - [MESSAGE][PASSED] - Object: 'Object Repository/Final Object Repo/Login Page/Internal User/Next Button' is clicked on

2019-01-03 21:08:58 - [TEST_STEP][PASSED] - delay: Delayed 1 second(s)

2019-01-03 21:08:59 - [MESSAGE][PASSED] - Delayed 1 second(s)

2019-01-03 21:08:59 - [TEST_STEP][PASSED] - setEncryptedText: Text ****** has been set on object 'Object Repository/Final Object Repo/Login Page/Internal User/Password'

2019-01-03 21:08:59 - [MESSAGE][PASSED] - Text ****** has been set on object 'Object Repository/Final Object Repo/Login Page/Internal User/Password'

2019-01-03 21:08:59 - [TEST_STEP][PASSED] - click: Object: 'Object Repository/Final Object Repo/Login Page/Internal User/Login Button' is clicked on

2019-01-03 21:08:59 - [MESSAGE][PASSED] - Object: 'Object Repository/Final Object Repo/Login Page/Internal User/Login Button' is clicked on

2019-01-03 21:08:59 - [TEST_STEP][PASSED] - delay: Delayed 2 second(s)

2019-01-03 21:09:01 - [MESSAGE][PASSED] - Delayed 2 second(s)

2019-01-03 21:09:01 - [TEST_STEP][PASSED] - Statement - Try: Delayed 2 second(s)

2019-01-03 21:09:01 - [TEST_STEP][PASSED] - Statement - Checker = false: null

2019-01-03 21:09:01 - [TEST_STEP][PASSED] - Statement - Checker = com.kms.katalon.core.webui.keyword.WebUiBuiltInKeywords.verifyElementHasAttribute(com.kms.katalon.core.testobject.ObjectRepository.findTestObject(Final Object Repo/Landing Page/BM Detecting), "href", 20, OPTIONAL): Object 'Object Repository/Final Object Repo/Landing Page/BM Detecting' has attribute 'href'

2019-01-03 21:09:01 - [MESSAGE][PASSED] - Object 'Object Repository/Final Object Repo/Landing Page/BM Detecting' has attribute 'href'

2019-01-03 21:09:01 - [TEST_STEP][PASSED] - Statement - out.println(Checker): null

2019-01-03 21:09:01 - [TEST_STEP][PASSED] - Statement - If (Checker == false): null

2019-01-03 21:09:01 - [TEST_STEP][PASSED] - Statement - Else: null

2019-01-03 21:09:01 - [TEST_STEP][PASSED] - delay: Delayed 2 second(s)

2019-01-03 21:09:03 - [MESSAGE][PASSED] - Delayed 2 second(s)

2019-01-03 21:09:03 - [TEST_STEP][PASSED] - click: Object: 'Object Repository/Final Object Repo/Page_MyASSIST - ASSIST - Search Pending Case For Add Supporting Document/Search Information' is clicked on

2019-01-03 21:09:04 - [MESSAGE][PASSED] - Object: 'Object Repository/Final Object Repo/Page_MyASSIST - ASSIST - Search Pending Case For Add Supporting Document/Search Information' is clicked on

2019-01-03 21:09:04 - [TEST_STEP][PASSED] - delay: Delayed 3 second(s)

2019-01-03 21:09:07 - [MESSAGE][PASSED] - Delayed 3 second(s)

2019-01-03 21:09:07 - [TEST_STEP][PASSED] - sendKeys: Keys 'CUN012019C100006155' sent to object: 'Object Repository/Final Object Repo/Page_MyASSIST - ASSIST - Search Pending Case For Add Supporting Document/Reference No'

2019-01-03 21:09:07 - [MESSAGE][PASSED] - Keys 'CUN012019C100006155' sent to object: 'Object Repository/Final Object Repo/Page_MyASSIST - ASSIST - Search Pending Case For Add Supporting Document/Reference No'

2019-01-03 21:09:07 - [TEST_STEP][PASSED] - click: Object: 'Object Repository/Final Object Repo/Page_MyASSIST - ASSIST - Search Pending Case For Add Supporting Document/Search Reference No' is clicked on

2019-01-03 21:09:07 - [MESSAGE][PASSED] - Object: 'Object Repository/Final Object Repo/Page_MyASSIST - ASSIST - Search Pending Case For Add Supporting Document/Search Reference No' is clicked on

2019-01-03 21:09:07 - [TEST_STEP][PASSED] - delay: Delayed 2 second(s)

2019-01-03 21:09:09 - [MESSAGE][PASSED] - Delayed 2 second(s)

2019-01-03 21:09:09 - [TEST_STEP][PASSED] - click: Object: 'Object Repository/Final Object Repo/Page_MyASSIST - ASSIST - Search Pending Case For Add Supporting Document/Continue' is clicked on

2019-01-03 21:09:13 - [MESSAGE][PASSED] - Object: 'Object Repository/Final Object Repo/Page_MyASSIST - ASSIST - Search Pending Case For Add Supporting Document/Continue' is clicked on

2019-01-03 21:09:13 - [TEST_STEP][PASSED] - delay: Delayed 20 second(s)

2019-01-03 21:09:33 - [MESSAGE][PASSED] - Delayed 20 second(s)

2019-01-03 21:09:33 - [MESSAGE][PASSED] - Call Test Case 'Test Cases/Final Aug 2018 - PKS Automation/Registration Module/Workflow/Login and Search Case For Workflow' successfully

2019-01-03 21:09:33 - [TEST_STEP][PASSED] - delay: Delayed 2 second(s)

2019-01-03 21:09:35 - [MESSAGE][PASSED] - Delayed 2 second(s)

2019-01-03 21:09:35 - [TEST_STEP][PASSED] - click: Object: 'Object Repository/Final Object Repo/Page_Update Employee Information By Employer/Page_Update Employee Information by Employer (Approve)/Continue' is clicked on

2019-01-03 21:09:39 - [MESSAGE][PASSED] - Object: 'Object Repository/Final Object Repo/Page_Update Employee Information By Employer/Page_Update Employee Information by Employer (Approve)/Continue' is clicked on

2019-01-03 21:09:39 - [TEST_STEP][PASSED] - delay: Delayed 2 second(s)

2019-01-03 21:09:41 - [MESSAGE][PASSED] - Delayed 2 second(s)

2019-01-03 21:09:41 - [TEST_STEP][PASSED] - click: Object: 'Object Repository/Final Object Repo/Page_Update Employee Information By Employer/Page_Update Employee Information by Employer (Approve)/Save  Continue in Update Employee Information Page' is clicked on

2019-01-03 21:09:41 - [MESSAGE][PASSED] - Object: 'Object Repository/Final Object Repo/Page_Update Employee Information By Employer/Page_Update Employee Information by Employer (Approve)/Save  Continue in Update Employee Information Page' is clicked on

2019-01-03 21:09:41 - [TEST_STEP][PASSED] - delay: Delayed 4 second(s)

2019-01-03 21:09:45 - [MESSAGE][PASSED] - Delayed 4 second(s)

2019-01-03 21:09:45 - [TEST_STEP][PASSED] - setText: Text 'Query' is set on object 'Object Repository/Final Object Repo/Page_Update Employee Information By Employer/Page_Update Employee Information by Employer (Query)/Remark'

2019-01-03 21:09:45 - [MESSAGE][PASSED] - Text 'Query' is set on object 'Object Repository/Final Object Repo/Page_Update Employee Information By Employer/Page_Update Employee Information by Employer (Query)/Remark'

2019-01-03 21:09:45 - [TEST_STEP][PASSED] - delay: Delayed 2 second(s)

2019-01-03 21:09:47 - [MESSAGE][PASSED] - Delayed 2 second(s)

2019-01-03 21:09:47 - [TEST_STEP][PASSED] - click: Object: 'Object Repository/Final Object Repo/Page_Update Employee Information By Employer/Page_Update Employee Information by Employer (Approve)/Save  Continue in Upload Supporting Doucument Page' is clicked on

2019-01-03 21:09:47 - [MESSAGE][PASSED] - Object: 'Object Repository/Final Object Repo/Page_Update Employee Information By Employer/Page_Update Employee Information by Employer (Approve)/Save  Continue in Upload Supporting Doucument Page' is clicked on

2019-01-03 21:09:47 - [TEST_STEP][PASSED] - delay: Delayed 2 second(s)

2019-01-03 21:09:49 - [MESSAGE][PASSED] - Delayed 2 second(s)

2019-01-03 21:09:49 - [TEST_STEP][PASSED] - click: Object: 'Object Repository/Final Object Repo/Page_Update Employee Information By Employer/Page_Update Employee Information by Employer (Query)/Query' is clicked on

2019-01-03 21:09:52 - [MESSAGE][PASSED] - Object: 'Object Repository/Final Object Repo/Page_Update Employee Information By Employer/Page_Update Employee Information by Employer (Query)/Query' is clicked on

2019-01-03 21:09:52 - [TEST_STEP][PASSED] - delay: Delayed 2 second(s)

2019-01-03 21:09:54 - [MESSAGE][PASSED] - Delayed 2 second(s)

2019-01-03 21:09:54 - [TEST_STEP][PASSED] - click: Object: 'Object Repository/Final Object Repo/Page_Update Employee Information By Employer/Page_Update Employee Information by Employer (Approve)/Confirm' is clicked on

2019-01-03 21:09:54 - [MESSAGE][PASSED] - Object: 'Object Repository/Final Object Repo/Page_Update Employee Information By Employer/Page_Update Employee Information by Employer (Approve)/Confirm' is clicked on

2019-01-03 21:09:54 - [TEST_STEP][PASSED] - delay: Delayed 2 second(s)

2019-01-03 21:09:56 - [MESSAGE][PASSED] - Delayed 2 second(s)

2019-01-03 21:09:56 - [TEST_STEP][PASSED] - click: Object: 'Object Repository/Final Object Repo/Page_Update Employee Information By Employer/Page_Update Employee Information by Employer (Query)/Query Message The case is Under Query' is clicked on

2019-01-03 21:10:00 - [MESSAGE][PASSED] - Object: 'Object Repository/Final Object Repo/Page_Update Employee Information By Employer/Page_Update Employee Information by Employer (Query)/Query Message The case is Under Query' is clicked on

2019-01-03 21:10:00 - [TEST_STEP][PASSED] - delay: Delayed 2 second(s)

2019-01-03 21:10:02 - [MESSAGE][PASSED] - Delayed 2 second(s)

2019-01-03 21:10:02 - [TEST_STEP][PASSED] - click: Object: 'Object Repository/Final Object Repo/Page_Update Employee Information By Employer/Page_Update Employee Information by Employer (Query)/Letter of inquiry' is clicked on

2019-01-03 21:10:03 - [MESSAGE][PASSED] - Object: 'Object Repository/Final Object Repo/Page_Update Employee Information By Employer/Page_Update Employee Information by Employer (Query)/Letter of inquiry' is clicked on

2019-01-03 21:10:03 - [TEST_STEP][PASSED] - delay: Delayed 1 second(s)

2019-01-03 21:10:04 - [MESSAGE][PASSED] - Delayed 1 second(s)

2019-01-03 21:10:04 - [TEST_STEP][PASSED] - navigateToUrl: Navigate to 'https://assist2-uat.perkeso.gov.my/c/portal/logout' successfully

2019-01-03 21:10:04 - [MESSAGE][PASSED] - Navigate to 'https://assist2-uat.perkeso.gov.my/c/portal/logout' successfully

2019-01-03 21:10:04 - [TEST_STEP][PASSED] - delay: Delayed 1 second(s)

2019-01-03 21:10:05 - [MESSAGE][PASSED] - Delayed 1 second(s)

2019-01-03 21:10:05 - [TEST_STEP][PASSED] - callTestCase: Call Test Case 'Test Cases/Final Aug 2018 - PKS Automation/Registration Module/Workflow/Search Pending Case For Add Supporting Document (OTC)' successfully

2019-01-03 21:10:05 - [TEST_CASE][PASSED] - Test Cases/Final Aug 2018 - PKS Automation/Registration Module/Workflow/Search Pending Case For Add Supporting Document (OTC): Test Cases/Final Aug 2018 - PKS Automation/Registration Module/Workflow/Search Pending Case For Add Supporting Document (OTC)

2019-01-03 21:10:05 - [TEST_STEP][PASSED] - openBrowser: Browser is opened with url: ''

2019-01-03 21:10:05 - [MESSAGE][WARNING] - A browser is already opened. Closing browser and opening a new one

2019-01-03 21:10:09 - [MESSAGE][PASSED] - Browser is opened with url: ''

2019-01-03 21:10:09 - [TEST_STEP][PASSED] - navigateToUrl: Navigate to 'https://assist2-uat.perkeso.gov.my/login' successfully

2019-01-03 21:10:10 - [MESSAGE][PASSED] - Navigate to 'https://assist2-uat.perkeso.gov.my/login' successfully

2019-01-03 21:10:10 - [TEST_STEP][PASSED] - setText: Text 'johorotc1@gmail.com' is set on object 'Object Repository/Final Object Repo/Login Page/Internal User/Email Address'

2019-01-03 21:10:10 - [MESSAGE][PASSED] - Text 'johorotc1@gmail.com' is set on object 'Object Repository/Final Object Repo/Login Page/Internal User/Email Address'

2019-01-03 21:10:10 - [TEST_STEP][PASSED] - click: Object: 'Object Repository/Final Object Repo/Login Page/Internal User/Next Button' is clicked on

2019-01-03 21:10:11 - [MESSAGE][PASSED] - Object: 'Object Repository/Final Object Repo/Login Page/Internal User/Next Button' is clicked on

2019-01-03 21:10:11 - [TEST_STEP][PASSED] - delay: Delayed 1 second(s)

2019-01-03 21:10:12 - [MESSAGE][PASSED] - Delayed 1 second(s)

2019-01-03 21:10:12 - [TEST_STEP][PASSED] - setEncryptedText: Text ****** has been set on object 'Object Repository/Final Object Repo/Login Page/Internal User/Password'

2019-01-03 21:10:12 - [MESSAGE][PASSED] - Text ****** has been set on object 'Object Repository/Final Object Repo/Login Page/Internal User/Password'

2019-01-03 21:10:12 - [TEST_STEP][PASSED] - click: Object: 'Object Repository/Final Object Repo/Login Page/Internal User/Login Button' is clicked on

2019-01-03 21:10:12 - [MESSAGE][PASSED] - Object: 'Object Repository/Final Object Repo/Login Page/Internal User/Login Button' is clicked on

2019-01-03 21:10:12 - [TEST_STEP][PASSED] - delay: Delayed 1 second(s)

2019-01-03 21:10:13 - [MESSAGE][PASSED] - Delayed 1 second(s)

2019-01-03 21:10:13 - [TEST_STEP][PASSED] - Statement - Try: Delayed 2 second(s)

2019-01-03 21:10:13 - [TEST_STEP][PASSED] - Statement - Checker = false: null

2019-01-03 21:10:13 - [TEST_STEP][PASSED] - Statement - Checker = com.kms.katalon.core.webui.keyword.WebUiBuiltInKeywords.verifyElementHasAttribute(com.kms.katalon.core.testobject.ObjectRepository.findTestObject(Final Object Repo/Landing Page/BM Detecting), "href", 20, OPTIONAL): Object 'Object Repository/Final Object Repo/Landing Page/BM Detecting' has attribute 'href'

2019-01-03 21:10:14 - [MESSAGE][PASSED] - Object 'Object Repository/Final Object Repo/Landing Page/BM Detecting' has attribute 'href'

2019-01-03 21:10:14 - [TEST_STEP][PASSED] - Statement - out.println(Checker): null

2019-01-03 21:10:14 - [TEST_STEP][PASSED] - Statement - If (Checker == false): null

2019-01-03 21:10:14 - [TEST_STEP][PASSED] - Statement - Else: null

2019-01-03 21:10:14 - [TEST_STEP][PASSED] - delay: Delayed 2 second(s)

2019-01-03 21:10:16 - [MESSAGE][PASSED] - Delayed 2 second(s)

2019-01-03 21:10:16 - [TEST_STEP][PASSED] - navigateToUrl: Navigate to 'https://assist2-uat.perkeso.gov.my/web/registration/search/search-pending-case-for-add-supporting-document' successfully

2019-01-03 21:10:17 - [MESSAGE][PASSED] - Navigate to 'https://assist2-uat.perkeso.gov.my/web/registration/search/search-pending-case-for-add-supporting-document' successfully

2019-01-03 21:10:17 - [TEST_STEP][PASSED] - click: Object: 'Object Repository/Final Object Repo/Page_Search Pending Case For Add Suporting Document/Search By' is clicked on

2019-01-03 21:10:17 - [MESSAGE][PASSED] - Object: 'Object Repository/Final Object Repo/Page_Search Pending Case For Add Suporting Document/Search By' is clicked on

2019-01-03 21:10:17 - [TEST_STEP][PASSED] - click: Object: 'Object Repository/Final Object Repo/Page_Search Pending Case For Add Suporting Document/Search By - Reference ID' is clicked on

2019-01-03 21:10:17 - [MESSAGE][PASSED] - Object: 'Object Repository/Final Object Repo/Page_Search Pending Case For Add Suporting Document/Search By - Reference ID' is clicked on

2019-01-03 21:10:17 - [TEST_STEP][PASSED] - delay: Delayed 2 second(s)

2019-01-03 21:10:19 - [MESSAGE][PASSED] - Delayed 2 second(s)

2019-01-03 21:10:19 - [TEST_STEP][PASSED] - setText: Text 'CUN012019C100006155' is set on object 'Object Repository/Final Object Repo/Page_Search Pending Case For Add Suporting Document/Reference ID'

2019-01-03 21:10:19 - [MESSAGE][PASSED] - Text 'CUN012019C100006155' is set on object 'Object Repository/Final Object Repo/Page_Search Pending Case For Add Suporting Document/Reference ID'

2019-01-03 21:10:19 - [TEST_STEP][PASSED] - click: Object: 'Object Repository/Final Object Repo/Page_Search Pending Case For Add Suporting Document/Search' is clicked on

2019-01-03 21:10:19 - [MESSAGE][PASSED] - Object: 'Object Repository/Final Object Repo/Page_Search Pending Case For Add Suporting Document/Search' is clicked on

2019-01-03 21:10:19 - [TEST_STEP][PASSED] - delay: Delayed 2 second(s)

2019-01-03 21:10:21 - [MESSAGE][PASSED] - Delayed 2 second(s)

2019-01-03 21:10:21 - [TEST_STEP][PASSED] - click: Object: 'Object Repository/Final Object Repo/Page_Search Pending Case For Add Suporting Document/Edit' is clicked on

2019-01-03 21:10:25 - [MESSAGE][PASSED] - Object: 'Object Repository/Final Object Repo/Page_Search Pending Case For Add Suporting Document/Edit' is clicked on

2019-01-03 21:10:25 - [MESSAGE][PASSED] - Call Test Case 'Test Cases/Final Aug 2018 - PKS Automation/Registration Module/Workflow/Search Pending Case For Add Supporting Document (OTC)' successfully

2019-01-03 21:10:25 - [TEST_STEP][PASSED] - click: Object: 'Object Repository/Final Object Repo/Page_Update Employee Information By Employer/Page_Update Employee Information by Employer (Query -OTC -UO)/Next' is clicked on

2019-01-03 21:10:28 - [MESSAGE][PASSED] - Object: 'Object Repository/Final Object Repo/Page_Update Employee Information By Employer/Page_Update Employee Information by Employer (Query -OTC -UO)/Next' is clicked on

2019-01-03 21:10:28 - [TEST_STEP][PASSED] - delay: Delayed 2 second(s)

2019-01-03 21:10:30 - [MESSAGE][PASSED] - Delayed 2 second(s)

2019-01-03 21:10:30 - [TEST_STEP][PASSED] - click: Object: 'Object Repository/Final Object Repo/Page_Update Employee Information By Employer/Page_Update Employee Information by Employer (Query -OTC -UO)/Add Document Button' is clicked on

2019-01-03 21:10:30 - [MESSAGE][PASSED] - Object: 'Object Repository/Final Object Repo/Page_Update Employee Information By Employer/Page_Update Employee Information by Employer (Query -OTC -UO)/Add Document Button' is clicked on

2019-01-03 21:10:30 - [TEST_STEP][PASSED] - delay: Delayed 5 second(s)

2019-01-03 21:10:35 - [MESSAGE][PASSED] - Delayed 5 second(s)

2019-01-03 21:10:35 - [TEST_STEP][PASSED] - click: Object: 'Object Repository/Final Object Repo/Page_Update Employee Information By Employer/Page_Update Employee Information by Employer (Query -OTC -UO)/Document Type' is clicked on

2019-01-03 21:10:35 - [MESSAGE][PASSED] - Object: 'Object Repository/Final Object Repo/Page_Update Employee Information By Employer/Page_Update Employee Information by Employer (Query -OTC -UO)/Document Type' is clicked on

2019-01-03 21:10:35 - [TEST_STEP][PASSED] - click: Object: 'Object Repository/Final Object Repo/Page_Update Employee Information By Employer/Page_Update Employee Information by Employer (Query -OTC -UO)/Document Type - Other' is clicked on

2019-01-03 21:10:36 - [MESSAGE][PASSED] - Object: 'Object Repository/Final Object Repo/Page_Update Employee Information By Employer/Page_Update Employee Information by Employer (Query -OTC -UO)/Document Type - Other' is clicked on

2019-01-03 21:10:36 - [TEST_STEP][PASSED] - sendKeys: Keys 'C:\Users\Public\Pictures\Sample Pictures\Koala.jpg' sent to object: 'Object Repository/Final Object Repo/Page_Update Employee Information By Employer/Page_Update Employee Information by Employer (Query -OTC -UO)/Upload File'

2019-01-03 21:10:36 - [MESSAGE][PASSED] - Keys 'C:\Users\Public\Pictures\Sample Pictures\Koala.jpg' sent to object: 'Object Repository/Final Object Repo/Page_Update Employee Information By Employer/Page_Update Employee Information by Employer (Query -OTC -UO)/Upload File'

2019-01-03 21:10:36 - [TEST_STEP][PASSED] - click: Object: 'Object Repository/Final Object Repo/Page_Update Employee Information By Employer/Page_Update Employee Information by Employer (Query -OTC -UO)/Add Document' is clicked on

2019-01-03 21:10:36 - [MESSAGE][PASSED] - Object: 'Object Repository/Final Object Repo/Page_Update Employee Information By Employer/Page_Update Employee Information by Employer (Query -OTC -UO)/Add Document' is clicked on

2019-01-03 21:10:36 - [TEST_STEP][PASSED] - delay: Delayed 2 second(s)

2019-01-03 21:10:38 - [MESSAGE][PASSED] - Delayed 2 second(s)

2019-01-03 21:10:38 - [TEST_STEP][PASSED] - click: Object: 'Object Repository/Final Object Repo/Page_Update Employee Information By Employer/Page_Update Employee Information by Employer (Query -OTC -UO)/Exit' is clicked on

2019-01-03 21:10:41 - [MESSAGE][PASSED] - Object: 'Object Repository/Final Object Repo/Page_Update Employee Information By Employer/Page_Update Employee Information by Employer (Query -OTC -UO)/Exit' is clicked on

2019-01-03 21:10:41 - [TEST_STEP][PASSED] - delay: Delayed 2 second(s)

2019-01-03 21:10:43 - [MESSAGE][PASSED] - Delayed 2 second(s)

2019-01-03 21:10:43 - [TEST_STEP][PASSED] - navigateToUrl: Navigate to 'https://assist2-uat.perkeso.gov.my/c/portal/logout' successfully

2019-01-03 21:10:44 - [MESSAGE][PASSED] - Navigate to 'https://assist2-uat.perkeso.gov.my/c/portal/logout' successfully

2019-01-03 21:10:44 - [TEST_STEP][PASSED] - delay: Delayed 2 second(s)

2019-01-03 21:10:46 - [MESSAGE][PASSED] - Delayed 2 second(s)

2019-01-03 21:10:46 - [TEST_STEP][PASSED] - callTestCase: Call Test Case 'Test Cases/Final Aug 2018 - PKS Automation/Registration Module/Workflow/Login and Search Case For Workflow' successfully

2019-01-03 21:10:46 - [TEST_CASE][PASSED] - Test Cases/Final Aug 2018 - PKS Automation/Registration Module/Workflow/Login and Search Case For Workflow: Test Cases/Final Aug 2018 - PKS Automation/Registration Module/Workflow/Login and Search Case For Workflow

2019-01-03 21:10:46 - [TEST_STEP][PASSED] - navigateToUrl: Navigate to 'https://assist2-uat.perkeso.gov.my/login' successfully

2019-01-03 21:10:46 - [MESSAGE][PASSED] - Navigate to 'https://assist2-uat.perkeso.gov.my/login' successfully

2019-01-03 21:10:46 - [TEST_STEP][PASSED] - setText: Text 'johoruo2@gmail.com' is set on object 'Object Repository/Final Object Repo/Login Page/Internal User/Email Address'

2019-01-03 21:10:46 - [MESSAGE][PASSED] - Text 'johoruo2@gmail.com' is set on object 'Object Repository/Final Object Repo/Login Page/Internal User/Email Address'

2019-01-03 21:10:46 - [TEST_STEP][PASSED] - click: Object: 'Object Repository/Final Object Repo/Login Page/Internal User/Next Button' is clicked on

2019-01-03 21:10:46 - [MESSAGE][PASSED] - Object: 'Object Repository/Final Object Repo/Login Page/Internal User/Next Button' is clicked on

2019-01-03 21:10:46 - [TEST_STEP][PASSED] - delay: Delayed 1 second(s)

2019-01-03 21:10:47 - [MESSAGE][PASSED] - Delayed 1 second(s)

2019-01-03 21:10:47 - [TEST_STEP][PASSED] - setEncryptedText: Text ****** has been set on object 'Object Repository/Final Object Repo/Login Page/Internal User/Password'

2019-01-03 21:10:48 - [MESSAGE][PASSED] - Text ****** has been set on object 'Object Repository/Final Object Repo/Login Page/Internal User/Password'

2019-01-03 21:10:48 - [TEST_STEP][PASSED] - click: Object: 'Object Repository/Final Object Repo/Login Page/Internal User/Login Button' is clicked on

2019-01-03 21:10:48 - [MESSAGE][PASSED] - Object: 'Object Repository/Final Object Repo/Login Page/Internal User/Login Button' is clicked on

2019-01-03 21:10:48 - [TEST_STEP][PASSED] - delay: Delayed 2 second(s)

2019-01-03 21:10:50 - [MESSAGE][PASSED] - Delayed 2 second(s)

2019-01-03 21:10:50 - [TEST_STEP][PASSED] - Statement - Try: Delayed 2 second(s)

2019-01-03 21:10:50 - [TEST_STEP][PASSED] - Statement - Checker = false: null

2019-01-03 21:10:50 - [TEST_STEP][PASSED] - Statement - Checker = com.kms.katalon.core.webui.keyword.WebUiBuiltInKeywords.verifyElementHasAttribute(com.kms.katalon.core.testobject.ObjectRepository.findTestObject(Final Object Repo/Landing Page/BM Detecting), "href", 20, OPTIONAL): Object 'Object Repository/Final Object Repo/Landing Page/BM Detecting' has attribute 'href'

2019-01-03 21:10:50 - [MESSAGE][PASSED] - Object 'Object Repository/Final Object Repo/Landing Page/BM Detecting' has attribute 'href'

2019-01-03 21:10:50 - [TEST_STEP][PASSED] - Statement - out.println(Checker): null

2019-01-03 21:10:50 - [TEST_STEP][PASSED] - Statement - If (Checker == false): null

2019-01-03 21:10:50 - [TEST_STEP][PASSED] - Statement - Else: null

2019-01-03 21:10:50 - [TEST_STEP][PASSED] - delay: Delayed 2 second(s)

2019-01-03 21:10:52 - [MESSAGE][PASSED] - Delayed 2 second(s)

2019-01-03 21:10:52 - [TEST_STEP][PASSED] - click: Object: 'Object Repository/Final Object Repo/Page_MyASSIST - ASSIST - Search Pending Case For Add Supporting Document/Search Information' is clicked on

2019-01-03 21:10:52 - [MESSAGE][PASSED] - Object: 'Object Repository/Final Object Repo/Page_MyASSIST - ASSIST - Search Pending Case For Add Supporting Document/Search Information' is clicked on

2019-01-03 21:10:52 - [TEST_STEP][PASSED] - delay: Delayed 3 second(s)

2019-01-03 21:10:55 - [MESSAGE][PASSED] - Delayed 3 second(s)

2019-01-03 21:10:55 - [TEST_STEP][PASSED] - sendKeys: Keys 'CUN012019C100006155' sent to object: 'Object Repository/Final Object Repo/Page_MyASSIST - ASSIST - Search Pending Case For Add Supporting Document/Reference No'

2019-01-03 21:10:55 - [MESSAGE][PASSED] - Keys 'CUN012019C100006155' sent to object: 'Object Repository/Final Object Repo/Page_MyASSIST - ASSIST - Search Pending Case For Add Supporting Document/Reference No'

2019-01-03 21:10:55 - [TEST_STEP][PASSED] - click: Object: 'Object Repository/Final Object Repo/Page_MyASSIST - ASSIST - Search Pending Case For Add Supporting Document/Search Reference No' is clicked on

2019-01-03 21:10:55 - [MESSAGE][PASSED] - Object: 'Object Repository/Final Object Repo/Page_MyASSIST - ASSIST - Search Pending Case For Add Supporting Document/Search Reference No' is clicked on

2019-01-03 21:10:55 - [TEST_STEP][PASSED] - delay: Delayed 2 second(s)

2019-01-03 21:10:57 - [MESSAGE][PASSED] - Delayed 2 second(s)

2019-01-03 21:10:57 - [TEST_STEP][PASSED] - click: Object: 'Object Repository/Final Object Repo/Page_MyASSIST - ASSIST - Search Pending Case For Add Supporting Document/Continue' is clicked on

2019-01-03 21:11:01 - [MESSAGE][PASSED] - Object: 'Object Repository/Final Object Repo/Page_MyASSIST - ASSIST - Search Pending Case For Add Supporting Document/Continue' is clicked on

2019-01-03 21:11:01 - [TEST_STEP][PASSED] - delay: Delayed 20 second(s)

2019-01-03 21:11:21 - [MESSAGE][PASSED] - Delayed 20 second(s)

2019-01-03 21:11:21 - [MESSAGE][PASSED] - Call Test Case 'Test Cases/Final Aug 2018 - PKS Automation/Registration Module/Workflow/Login and Search Case For Workflow' successfully

2019-01-03 21:11:21 - [TEST_STEP][PASSED] - click: Object: 'Object Repository/Final Object Repo/Page_Update Employee Information By Employer/Page_Update Employee Information by Employer (Approve)/Continue' is clicked on

2019-01-03 21:11:25 - [MESSAGE][PASSED] - Object: 'Object Repository/Final Object Repo/Page_Update Employee Information By Employer/Page_Update Employee Information by Employer (Approve)/Continue' is clicked on

2019-01-03 21:11:25 - [TEST_STEP][PASSED] - delay: Delayed 2 second(s)

2019-01-03 21:11:27 - [MESSAGE][PASSED] - Delayed 2 second(s)

2019-01-03 21:11:27 - [TEST_STEP][PASSED] - click: Object: 'Object Repository/Final Object Repo/Page_Update Employee Information By Employer/Page_Update Employee Information by Employer (Approve)/Save  Continue in Update Employee Information Page' is clicked on

2019-01-03 21:11:27 - [MESSAGE][PASSED] - Object: 'Object Repository/Final Object Repo/Page_Update Employee Information By Employer/Page_Update Employee Information by Employer (Approve)/Save  Continue in Update Employee Information Page' is clicked on

2019-01-03 21:11:27 - [TEST_STEP][PASSED] - delay: Delayed 4 second(s)

2019-01-03 21:11:31 - [MESSAGE][PASSED] - Delayed 4 second(s)

2019-01-03 21:11:31 - [TEST_STEP][PASSED] - click: Object: 'Object Repository/Final Object Repo/Page_Update Employee Information By Employer/Page_Update Employee Information by Employer (Approve)/Save  Continue in Upload Supporting Doucument Page' is clicked on

2019-01-03 21:11:31 - [MESSAGE][PASSED] - Object: 'Object Repository/Final Object Repo/Page_Update Employee Information By Employer/Page_Update Employee Information by Employer (Approve)/Save  Continue in Upload Supporting Doucument Page' is clicked on

2019-01-03 21:11:31 - [TEST_STEP][PASSED] - delay: Delayed 2 second(s)

2019-01-03 21:11:33 - [MESSAGE][PASSED] - Delayed 2 second(s)

2019-01-03 21:11:33 - [TEST_STEP][PASSED] - click: Object: 'Object Repository/Final Object Repo/Page_Update Employee Information By Employer/Page_Update Employee Information by Employer (Approve)/Approve' is clicked on

2019-01-03 21:11:35 - [MESSAGE][PASSED] - Object: 'Object Repository/Final Object Repo/Page_Update Employee Information By Employer/Page_Update Employee Information by Employer (Approve)/Approve' is clicked on

2019-01-03 21:11:35 - [TEST_STEP][PASSED] - delay: Delayed 2 second(s)

2019-01-03 21:11:37 - [MESSAGE][PASSED] - Delayed 2 second(s)

2019-01-03 21:11:37 - [TEST_STEP][PASSED] - click: Object: 'Object Repository/Final Object Repo/Page_Update Employee Information By Employer/Page_Update Employee Information by Employer (Approve)/Confirm' is clicked on

2019-01-03 21:11:37 - [MESSAGE][PASSED] - Object: 'Object Repository/Final Object Repo/Page_Update Employee Information By Employer/Page_Update Employee Information by Employer (Approve)/Confirm' is clicked on

2019-01-03 21:11:37 - [TEST_STEP][PASSED] - delay: Delayed 2 second(s)

2019-01-03 21:11:39 - [MESSAGE][PASSED] - Delayed 2 second(s)

2019-01-03 21:11:39 - [TEST_STEP][PASSED] - verifyElementVisible: Object 'Object Repository/Final Object Repo/Page_Update Employee Information By Employer/Page_Update Employee Information by Employer (Approve)/Successfull Message Submitted Successfully' is visible

2019-01-03 21:11:43 - [MESSAGE][PASSED] - Object 'Object Repository/Final Object Repo/Page_Update Employee Information By Employer/Page_Update Employee Information by Employer (Approve)/Successfull Message Submitted Successfully' is visible

2019-01-03 21:11:43 - [TEST_STEP][PASSED] - delay: Delayed 2 second(s)

2019-01-03 21:11:45 - [MESSAGE][PASSED] - Delayed 2 second(s)

2019-01-03 21:11:45 - [TEST_STEP][PASSED] - verifyElementVisible: Object 'Object Repository/Final Object Repo/Page_Update Employee Information By Employer/Page_Update Employee Information by Employer (Approve)/Letter of Successful update' is visible

2019-01-03 21:11:45 - [MESSAGE][PASSED] - Object 'Object Repository/Final Object Repo/Page_Update Employee Information By Employer/Page_Update Employee Information by Employer (Approve)/Letter of Successful update' is visible

2019-01-03 21:11:45 - [MESSAGE][PASSED] - Call Test Case 'Test Cases/Final Aug 2018 - PKS Automation/Registration Module/Workflow/Update Employee Information (Employer)/Template/Update Employee Information - Special Case - UO(Query)' successfully]]></system-out>
         <system-err><![CDATA[]]></system-err>
      </testcase>
      <testcase name="Test Cases/Final Aug 2018 - PKS Automation/Registration Module/Workflow/Update Employee Information (Employer)/OTC - UO (Reject)" classname="Test Cases/Final Aug 2018 - PKS Automation/Registration Module/Workflow/Update Employee Information (Employer)/OTC - UO (Reject)" status="PASSED">
         <system-out><![CDATA[2019-01-03 21:11:45 - [TEST_CASE][PASSED] - Test Cases/Final Aug 2018 - PKS Automation/Registration Module/Workflow/Update Employee Information (Employer)/OTC - UO (Reject): Test Cases/Final Aug 2018 - PKS Automation/Registration Module/Workflow/Update Employee Information (Employer)/OTC - UO (Reject)

2019-01-03 21:11:45 - [TEST_STEP][PASSED] - callTestCase: Call Test Case 'Test Cases/Final Aug 2018 - PKS Automation/Registration Module/Workflow/Update Employee Information (Employer)/Template/Update Employer Information - Special Case (OTC)' successfully

2019-01-03 21:11:46 - [TEST_CASE][PASSED] - Test Cases/Final Aug 2018 - PKS Automation/Registration Module/Workflow/Update Employee Information (Employer)/Template/Update Employer Information - Special Case (OTC): Test Cases/Final Aug 2018 - PKS Automation/Registration Module/Workflow/Update Employee Information (Employer)/Template/Update Employer Information - Special Case (OTC)

2019-01-03 21:11:46 - [TEST_STEP][PASSED] - openBrowser: Browser is opened with url: ''

2019-01-03 21:11:46 - [MESSAGE][WARNING] - A browser is already opened. Closing browser and opening a new one

2019-01-03 21:11:49 - [MESSAGE][PASSED] - Browser is opened with url: ''

2019-01-03 21:11:49 - [TEST_STEP][PASSED] - navigateToUrl: Navigate to 'https://assist2-uat.perkeso.gov.my/login' successfully

2019-01-03 21:11:50 - [MESSAGE][PASSED] - Navigate to 'https://assist2-uat.perkeso.gov.my/login' successfully

2019-01-03 21:11:50 - [TEST_STEP][PASSED] - setText: Text 'johorotc1@gmail.com' is set on object 'Object Repository/Final Object Repo/Login Page/Internal User/Email Address'

2019-01-03 21:11:51 - [MESSAGE][PASSED] - Text 'johorotc1@gmail.com' is set on object 'Object Repository/Final Object Repo/Login Page/Internal User/Email Address'

2019-01-03 21:11:51 - [TEST_STEP][PASSED] - click: Object: 'Object Repository/Final Object Repo/Login Page/Internal User/Next Button' is clicked on

2019-01-03 21:11:51 - [MESSAGE][PASSED] - Object: 'Object Repository/Final Object Repo/Login Page/Internal User/Next Button' is clicked on

2019-01-03 21:11:51 - [TEST_STEP][PASSED] - delay: Delayed 1 second(s)

2019-01-03 21:11:52 - [MESSAGE][PASSED] - Delayed 1 second(s)

2019-01-03 21:11:52 - [TEST_STEP][PASSED] - setEncryptedText: Text ****** has been set on object 'Object Repository/Final Object Repo/Login Page/Internal User/Password'

2019-01-03 21:11:52 - [MESSAGE][PASSED] - Text ****** has been set on object 'Object Repository/Final Object Repo/Login Page/Internal User/Password'

2019-01-03 21:11:52 - [TEST_STEP][PASSED] - click: Object: 'Object Repository/Final Object Repo/Login Page/Internal User/Login Button' is clicked on

2019-01-03 21:11:52 - [MESSAGE][PASSED] - Object: 'Object Repository/Final Object Repo/Login Page/Internal User/Login Button' is clicked on

2019-01-03 21:11:52 - [TEST_STEP][PASSED] - Statement - tester = com.kms.katalon.core.testobject.ObjectRepository.findTestObject(Final Object Repo/Landing Page/Select to English): Finding Test Object with id 'Object Repository/Final Object Repo/Landing Page/Select to English'

2019-01-03 21:11:52 - [TEST_STEP][PASSED] - Statement - Try: Delayed 2 second(s)

2019-01-03 21:11:52 - [TEST_STEP][PASSED] - Statement - Checker = com.kms.katalon.core.webui.keyword.WebUiBuiltInKeywords.verifyElementNotPresent(tester, 3): Web element with id: 'Object Repository/Final Object Repo/Landing Page/Select to English' located by 'By.xpath: //a[@class = 'taglib-language-list-text' and @lang = 'en-US' and (contains(text(), 'EN') or contains(., 'EN'))]' is not present after '3' second(s)

2019-01-03 21:11:54 - [MESSAGE][PASSED] - Web element with id: 'Object Repository/Final Object Repo/Landing Page/Select to English' located by 'By.xpath: //a[@class = 'taglib-language-list-text' and @lang = 'en-US' and (contains(text(), 'EN') or contains(., 'EN'))]' is not present after '3' second(s)

2019-01-03 21:11:54 - [TEST_STEP][PASSED] - Statement - If (Checker == false): null

2019-01-03 21:11:54 - [TEST_STEP][PASSED] - delay: Delayed 2 second(s)

2019-01-03 21:11:56 - [MESSAGE][PASSED] - Delayed 2 second(s)

2019-01-03 21:11:56 - [TEST_STEP][PASSED] - delay: Delayed 5 second(s)

2019-01-03 21:12:01 - [MESSAGE][PASSED] - Delayed 5 second(s)

2019-01-03 21:12:01 - [TEST_STEP][PASSED] - navigateToUrl: Navigate to 'https://assist2-uat.perkeso.gov.my/web/registration/update/update-employee-information-employer-' successfully

2019-01-03 21:12:02 - [MESSAGE][PASSED] - Navigate to 'https://assist2-uat.perkeso.gov.my/web/registration/update/update-employee-information-employer-' successfully

2019-01-03 21:12:02 - [TEST_STEP][PASSED] - setText: Text 'E1102001065V' is set on object 'Object Repository/Final Object Repo/Page_Update Employee Information By Employer/Employer Code'

2019-01-03 21:12:02 - [MESSAGE][PASSED] - Text 'E1102001065V' is set on object 'Object Repository/Final Object Repo/Page_Update Employee Information By Employer/Employer Code'

2019-01-03 21:12:02 - [TEST_STEP][PASSED] - click: Object: 'Object Repository/Final Object Repo/Page_Update Employee Information By Employer/Search Employer Code' is clicked on

2019-01-03 21:12:02 - [MESSAGE][PASSED] - Object: 'Object Repository/Final Object Repo/Page_Update Employee Information By Employer/Search Employer Code' is clicked on

2019-01-03 21:12:02 - [TEST_STEP][PASSED] - click: Object: 'Object Repository/Final Object Repo/Page_Update Employee Information By Employer/Edit Button' is clicked on

2019-01-03 21:12:06 - [MESSAGE][PASSED] - Object: 'Object Repository/Final Object Repo/Page_Update Employee Information By Employer/Edit Button' is clicked on

2019-01-03 21:12:06 - [TEST_STEP][PASSED] - click: Object: 'Object Repository/Final Object Repo/Page_Update Employee Information By Employer/Employee Name or New Identification' is clicked on

2019-01-03 21:12:06 - [MESSAGE][PASSED] - Object: 'Object Repository/Final Object Repo/Page_Update Employee Information By Employer/Employee Name or New Identification' is clicked on

2019-01-03 21:12:06 - [TEST_STEP][PASSED] - delay: Delayed 1 second(s)

2019-01-03 21:12:07 - [MESSAGE][PASSED] - Delayed 1 second(s)

2019-01-03 21:12:07 - [TEST_STEP][PASSED] - click: Object: 'Object Repository/Final Object Repo/Page_Update Employee Information By Employer/Selection - Employee Name' is clicked on

2019-01-03 21:12:07 - [MESSAGE][PASSED] - Object: 'Object Repository/Final Object Repo/Page_Update Employee Information By Employer/Selection - Employee Name' is clicked on

2019-01-03 21:12:07 - [TEST_STEP][PASSED] - delay: Delayed 1 second(s)

2019-01-03 21:12:08 - [MESSAGE][PASSED] - Delayed 1 second(s)

2019-01-03 21:12:08 - [TEST_STEP][PASSED] - setText: Text 'PERKESO' is set on object 'Object Repository/Final Object Repo/Page_Update Employee Information By Employer/Employee Name'

2019-01-03 21:12:08 - [MESSAGE][PASSED] - Text 'PERKESO' is set on object 'Object Repository/Final Object Repo/Page_Update Employee Information By Employer/Employee Name'

2019-01-03 21:12:08 - [TEST_STEP][PASSED] - delay: Delayed 2 second(s)

2019-01-03 21:12:10 - [MESSAGE][PASSED] - Delayed 2 second(s)

2019-01-03 21:12:10 - [TEST_STEP][PASSED] - click: Object: 'Object Repository/Final Object Repo/Page_Update Employee Information By Employer/Search Employee' is clicked on

2019-01-03 21:12:10 - [MESSAGE][PASSED] - Object: 'Object Repository/Final Object Repo/Page_Update Employee Information By Employer/Search Employee' is clicked on

2019-01-03 21:12:10 - [TEST_STEP][PASSED] - delay: Delayed 3 second(s)

2019-01-03 21:12:13 - [MESSAGE][PASSED] - Delayed 3 second(s)

2019-01-03 21:12:13 - [TEST_STEP][PASSED] - click: Object: 'Object Repository/Final Object Repo/Page_Update Employee Information By Employer/Employee Edit Button' is clicked on

2019-01-03 21:12:14 - [MESSAGE][PASSED] - Object: 'Object Repository/Final Object Repo/Page_Update Employee Information By Employer/Employee Edit Button' is clicked on

2019-01-03 21:12:14 - [TEST_STEP][PASSED] - delay: Delayed 3 second(s)

2019-01-03 21:12:17 - [MESSAGE][PASSED] - Delayed 3 second(s)

2019-01-03 21:12:17 - [TEST_STEP][PASSED] - setText: Text '' is set on object 'Object Repository/Final Object Repo/Page_Update Employee Information By Employer/Identification Number'

2019-01-03 21:12:17 - [MESSAGE][PASSED] - Text '' is set on object 'Object Repository/Final Object Repo/Page_Update Employee Information By Employer/Identification Number'

2019-01-03 21:12:17 - [TEST_STEP][PASSED] - Statement - rnd = new java.util.Random(): null

2019-01-03 21:12:17 - [TEST_STEP][PASSED] - Statement - snum = rnd.nextInt(899999 + 1) + 100000: null

2019-01-03 21:12:17 - [TEST_STEP][PASSED] - Statement - tnum = rnd.nextInt(899999 + 1) + 100000: null

2019-01-03 21:12:17 - [TEST_STEP][PASSED] - Statement - IC = java.lang.Integer.toString(snum) + java.lang.Integer.toString(tnum): null

2019-01-03 21:12:17 - [TEST_STEP][PASSED] - Statement - out.println(IC): null

2019-01-03 21:12:17 - [TEST_STEP][PASSED] - setText: Text '987292638835' is set on object 'Object Repository/Final Object Repo/Page_Update Employee Information By Employer/Identification Number'

2019-01-03 21:12:17 - [MESSAGE][PASSED] - Text '987292638835' is set on object 'Object Repository/Final Object Repo/Page_Update Employee Information By Employer/Identification Number'

2019-01-03 21:12:17 - [TEST_STEP][PASSED] - click: Object: 'Object Repository/Final Object Repo/Page_Update Employee Information By Employer/Save' is clicked on

2019-01-03 21:12:17 - [MESSAGE][PASSED] - Object: 'Object Repository/Final Object Repo/Page_Update Employee Information By Employer/Save' is clicked on

2019-01-03 21:12:17 - [TEST_STEP][PASSED] - delay: Delayed 5 second(s)

2019-01-03 21:12:22 - [MESSAGE][PASSED] - Delayed 5 second(s)

2019-01-03 21:12:22 - [TEST_STEP][PASSED] - Statement - CaseReferenceNo = com.kms.katalon.core.webui.keyword.WebUiBuiltInKeywords.getText(com.kms.katalon.core.testobject.ObjectRepository.findTestObject(Final Object Repo/Reference Number/Reference Number in Update Employee Information Page)): Text of object 'Object Repository/Final Object Repo/Reference Number/Reference Number in Update Employee Information Page' is: 'CUN012019C100006156'

2019-01-03 21:12:22 - [MESSAGE][PASSED] - Text of object 'Object Repository/Final Object Repo/Reference Number/Reference Number in Update Employee Information Page' is: 'CUN012019C100006156'

2019-01-03 21:12:22 - [TEST_STEP][PASSED] - callTestCase: Call Test Case 'Test Cases/Final Aug 2018 - PKS Automation/Common/Reference Number Setter' successfully

2019-01-03 21:12:23 - [TEST_CASE][PASSED] - Test Cases/Final Aug 2018 - PKS Automation/Common/Reference Number Setter: Test Cases/Final Aug 2018 - PKS Automation/Common/Reference Number Setter

2019-01-03 21:12:23 - [TEST_STEP][PASSED] - Statement - RefNoOldFile = new java.io.File(C://Users//Admin//Desktop//PKS//Automation Reference Point//KatalonReference.txt): null

2019-01-03 21:12:23 - [TEST_STEP][PASSED] - Statement - RefNoOldFile.delete(): null

2019-01-03 21:12:23 - [TEST_STEP][PASSED] - delay: Delayed 5 second(s)

2019-01-03 21:12:28 - [MESSAGE][PASSED] - Delayed 5 second(s)

2019-01-03 21:12:28 - [TEST_STEP][PASSED] - Statement - RefNo = new java.io.File(C://Users//Admin//Desktop//PKS//Automation Reference Point//KatalonReference.txt): null

2019-01-03 21:12:28 - [TEST_STEP][PASSED] - Statement - f2 = new java.io.FileWriter(RefNo, false): null

2019-01-03 21:12:28 - [TEST_STEP][PASSED] - Statement - f2.write(CaseReferenceNo): null

2019-01-03 21:12:28 - [TEST_STEP][PASSED] - Statement - f2.close(): null

2019-01-03 21:12:28 - [TEST_STEP][PASSED] - Statement - out.println("


" + CaseReferenceNo + "


"): null

2019-01-03 21:12:28 - [MESSAGE][PASSED] - Call Test Case 'Test Cases/Final Aug 2018 - PKS Automation/Common/Reference Number Setter' successfully

2019-01-03 21:12:28 - [TEST_STEP][PASSED] - delay: Delayed 5 second(s)

2019-01-03 21:12:33 - [MESSAGE][PASSED] - Delayed 5 second(s)

2019-01-03 21:12:33 - [TEST_STEP][PASSED] - click: Object: 'Object Repository/Final Object Repo/Page_Update Employee Information By Employer/Save  Continue in  Employee Information Page' is clicked on

2019-01-03 21:12:33 - [MESSAGE][PASSED] - Object: 'Object Repository/Final Object Repo/Page_Update Employee Information By Employer/Save  Continue in  Employee Information Page' is clicked on

2019-01-03 21:12:33 - [TEST_STEP][PASSED] - delay: Delayed 5 second(s)

2019-01-03 21:12:38 - [MESSAGE][PASSED] - Delayed 5 second(s)

2019-01-03 21:12:38 - [TEST_STEP][PASSED] - click: Object: 'Object Repository/Final Object Repo/Page_Update Employee Information By Employer/Save  Continue in Uploading Page 1' is clicked on

2019-01-03 21:12:38 - [MESSAGE][PASSED] - Object: 'Object Repository/Final Object Repo/Page_Update Employee Information By Employer/Save  Continue in Uploading Page 1' is clicked on

2019-01-03 21:12:38 - [TEST_STEP][PASSED] - delay: Delayed 5 second(s)

2019-01-03 21:12:43 - [MESSAGE][PASSED] - Delayed 5 second(s)

2019-01-03 21:12:43 - [TEST_STEP][PASSED] - click: Object: 'Object Repository/Final Object Repo/Page_Update Employee Information By Employer/Submit' is clicked on

2019-01-03 21:12:43 - [MESSAGE][PASSED] - Object: 'Object Repository/Final Object Repo/Page_Update Employee Information By Employer/Submit' is clicked on

2019-01-03 21:12:43 - [TEST_STEP][PASSED] - delay: Delayed 5 second(s)

2019-01-03 21:12:48 - [MESSAGE][PASSED] - Delayed 5 second(s)

2019-01-03 21:12:48 - [TEST_STEP][PASSED] - click: Object: 'Object Repository/Final Object Repo/Page_Update Employee Information By Employer/Confirm' is clicked on

2019-01-03 21:12:48 - [MESSAGE][PASSED] - Object: 'Object Repository/Final Object Repo/Page_Update Employee Information By Employer/Confirm' is clicked on

2019-01-03 21:12:48 - [TEST_STEP][PASSED] - delay: Delayed 5 second(s)

2019-01-03 21:12:53 - [MESSAGE][PASSED] - Delayed 5 second(s)

2019-01-03 21:12:53 - [TEST_STEP][PASSED] - verifyElementVisible: Object 'Object Repository/Final Object Repo/Page_Update Employee Information By Employer/Successfull Message Routed to UO' is visible

2019-01-03 21:12:53 - [MESSAGE][PASSED] - Object 'Object Repository/Final Object Repo/Page_Update Employee Information By Employer/Successfull Message Routed to UO' is visible

2019-01-03 21:12:53 - [MESSAGE][PASSED] - Call Test Case 'Test Cases/Final Aug 2018 - PKS Automation/Registration Module/Workflow/Update Employee Information (Employer)/Template/Update Employer Information - Special Case (OTC)' successfully

2019-01-03 21:12:53 - [TEST_STEP][PASSED] - callTestCase: Call Test Case 'Test Cases/Final Aug 2018 - PKS Automation/Registration Module/Workflow/Update Employee Information (Employer)/Template/Update Employee Information - Special Case - UO (Reject)' successfully

2019-01-03 21:12:53 - [TEST_CASE][PASSED] - Test Cases/Final Aug 2018 - PKS Automation/Registration Module/Workflow/Update Employee Information (Employer)/Template/Update Employee Information - Special Case - UO (Reject): Test Cases/Final Aug 2018 - PKS Automation/Registration Module/Workflow/Update Employee Information (Employer)/Template/Update Employee Information - Special Case - UO (Reject)

2019-01-03 21:12:53 - [TEST_STEP][NOT_RUN] - callTestCase: NOT_RUN: callTestCase

2019-01-03 21:12:53 - [MESSAGE][NOT_RUN] - NOT_RUN: callTestCase

2019-01-03 21:12:53 - [TEST_STEP][PASSED] - delay: Delayed 2 second(s)

2019-01-03 21:12:55 - [MESSAGE][PASSED] - Delayed 2 second(s)

2019-01-03 21:12:55 - [TEST_STEP][PASSED] - navigateToUrl: Navigate to 'https://assist2-uat.perkeso.gov.my/c/portal/logout' successfully

2019-01-03 21:12:56 - [MESSAGE][PASSED] - Navigate to 'https://assist2-uat.perkeso.gov.my/c/portal/logout' successfully

2019-01-03 21:12:56 - [TEST_STEP][PASSED] - delay: Delayed 2 second(s)

2019-01-03 21:12:58 - [MESSAGE][PASSED] - Delayed 2 second(s)

2019-01-03 21:12:58 - [TEST_STEP][PASSED] - callTestCase: Call Test Case 'Test Cases/Final Aug 2018 - PKS Automation/Common/Reference Number Getter' successfully

2019-01-03 21:12:58 - [TEST_CASE][PASSED] - Test Cases/Final Aug 2018 - PKS Automation/Common/Reference Number Getter: Test Cases/Final Aug 2018 - PKS Automation/Common/Reference Number Getter

2019-01-03 21:12:58 - [TEST_STEP][PASSED] - Statement - Try: null

2019-01-03 21:12:58 - [TEST_STEP][PASSED] - Statement - RefNo = new java.io.File(C://Users//Admin//Desktop//PKS//Automation Reference Point//KatalonReference.txt): null

2019-01-03 21:12:58 - [TEST_STEP][PASSED] - Statement - bufferread = new java.io.BufferedReader(new java.io.FileReader(RefNo)): null

2019-01-03 21:12:58 - [TEST_STEP][PASSED] - Statement - readedVal = bufferread.readLine(): null

2019-01-03 21:12:58 - [TEST_STEP][PASSED] - Statement - out.println(CaseReferenceNo): null

2019-01-03 21:12:58 - [TEST_STEP][PASSED] - Statement - out.println(readedVal): null

2019-01-03 21:12:58 - [TEST_STEP][PASSED] - Statement - CaseReferenceNo = "": null

2019-01-03 21:12:58 - [TEST_STEP][PASSED] - Statement - CaseReferenceNo = readedVal: null

2019-01-03 21:12:58 - [MESSAGE][PASSED] - Call Test Case 'Test Cases/Final Aug 2018 - PKS Automation/Common/Reference Number Getter' successfully

2019-01-03 21:12:58 - [TEST_STEP][PASSED] - callTestCase: Call Test Case 'Test Cases/Final Aug 2018 - PKS Automation/Common/Workflow Owner Finder' successfully

2019-01-03 21:12:58 - [TEST_CASE][PASSED] - Test Cases/Final Aug 2018 - PKS Automation/Common/Workflow Owner Finder: Test Cases/Final Aug 2018 - PKS Automation/Common/Workflow Owner Finder

2019-01-03 21:12:58 - [TEST_STEP][PASSED] - openBrowser: Browser is opened with url: ''

2019-01-03 21:12:58 - [MESSAGE][WARNING] - A browser is already opened. Closing browser and opening a new one

2019-01-03 21:13:02 - [MESSAGE][PASSED] - Browser is opened with url: ''

2019-01-03 21:13:02 - [TEST_STEP][PASSED] - navigateToUrl: Navigate to 'https://assist2-uat.perkeso.gov.my/login' successfully

2019-01-03 21:13:03 - [MESSAGE][PASSED] - Navigate to 'https://assist2-uat.perkeso.gov.my/login' successfully

2019-01-03 21:13:03 - [TEST_STEP][PASSED] - delay: Delayed 5 second(s)

2019-01-03 21:13:08 - [MESSAGE][PASSED] - Delayed 5 second(s)

2019-01-03 21:13:08 - [TEST_STEP][PASSED] - setText: Text 'test@liferay.com' is set on object 'Object Repository/Final Object Repo/Login Page/Internal User/Email Address'

2019-01-03 21:13:09 - [MESSAGE][PASSED] - Text 'test@liferay.com' is set on object 'Object Repository/Final Object Repo/Login Page/Internal User/Email Address'

2019-01-03 21:13:09 - [TEST_STEP][PASSED] - click: Object: 'Object Repository/Final Object Repo/Login Page/Internal User/Next Button' is clicked on

2019-01-03 21:13:09 - [MESSAGE][PASSED] - Object: 'Object Repository/Final Object Repo/Login Page/Internal User/Next Button' is clicked on

2019-01-03 21:13:09 - [TEST_STEP][PASSED] - delay: Delayed 2 second(s)

2019-01-03 21:13:11 - [MESSAGE][PASSED] - Delayed 2 second(s)

2019-01-03 21:13:11 - [TEST_STEP][PASSED] - setText: Text 'test' is set on object 'Object Repository/Final Object Repo/Login Page/Internal User/Password'

2019-01-03 21:13:11 - [MESSAGE][PASSED] - Text 'test' is set on object 'Object Repository/Final Object Repo/Login Page/Internal User/Password'

2019-01-03 21:13:11 - [TEST_STEP][PASSED] - delay: Delayed 2 second(s)

2019-01-03 21:13:13 - [MESSAGE][PASSED] - Delayed 2 second(s)

2019-01-03 21:13:13 - [TEST_STEP][PASSED] - click: Object: 'Object Repository/Final Object Repo/Login Page/Internal User/Login Button' is clicked on

2019-01-03 21:13:13 - [MESSAGE][PASSED] - Object: 'Object Repository/Final Object Repo/Login Page/Internal User/Login Button' is clicked on

2019-01-03 21:13:13 - [TEST_STEP][PASSED] - Statement - tester = com.kms.katalon.core.testobject.ObjectRepository.findTestObject(Final Object Repo/Landing Page/Select to English): Finding Test Object with id 'Object Repository/Final Object Repo/Landing Page/Select to English'

2019-01-03 21:13:13 - [TEST_STEP][PASSED] - Statement - Try: Delayed 2 second(s)

2019-01-03 21:13:13 - [TEST_STEP][PASSED] - Statement - Checker = com.kms.katalon.core.webui.keyword.WebUiBuiltInKeywords.verifyElementNotPresent(tester, 3): Web element with id: 'Object Repository/Final Object Repo/Landing Page/Select to English' located by 'By.xpath: //a[@class = 'taglib-language-list-text' and @lang = 'en-US' and (contains(text(), 'EN') or contains(., 'EN'))]' is not present after '3' second(s)

2019-01-03 21:13:15 - [MESSAGE][PASSED] - Web element with id: 'Object Repository/Final Object Repo/Landing Page/Select to English' located by 'By.xpath: //a[@class = 'taglib-language-list-text' and @lang = 'en-US' and (contains(text(), 'EN') or contains(., 'EN'))]' is not present after '3' second(s)

2019-01-03 21:13:15 - [TEST_STEP][PASSED] - Statement - If (Checker == false): null

2019-01-03 21:13:15 - [TEST_STEP][PASSED] - delay: Delayed 2 second(s)

2019-01-03 21:13:17 - [MESSAGE][PASSED] - Delayed 2 second(s)

2019-01-03 21:13:17 - [TEST_STEP][PASSED] - delay: Delayed 5 second(s)

2019-01-03 21:13:22 - [MESSAGE][PASSED] - Delayed 5 second(s)

2019-01-03 21:13:22 - [TEST_STEP][PASSED] - mouseOver: Object: 'Object Repository/Final Object Repo/Landing Page/WorkFlow Menu' is hovered

2019-01-03 21:13:22 - [MESSAGE][PASSED] - Object: 'Object Repository/Final Object Repo/Landing Page/WorkFlow Menu' is hovered

2019-01-03 21:13:22 - [TEST_STEP][PASSED] - delay: Delayed 2 second(s)

2019-01-03 21:13:24 - [MESSAGE][PASSED] - Delayed 2 second(s)

2019-01-03 21:13:24 - [TEST_STEP][PASSED] - click: Object: 'Object Repository/Final Object Repo/Landing Page/Select to Workflow Listing' is clicked on

2019-01-03 21:13:25 - [MESSAGE][PASSED] - Object: 'Object Repository/Final Object Repo/Landing Page/Select to Workflow Listing' is clicked on

2019-01-03 21:13:25 - [TEST_STEP][PASSED] - delay: Delayed 2 second(s)

2019-01-03 21:13:27 - [MESSAGE][PASSED] - Delayed 2 second(s)

2019-01-03 21:13:27 - [TEST_STEP][PASSED] - click: Object: 'Object Repository/Final Object Repo/WorkFlow Listing Page/Search Information - To Put Ref No' is clicked on

2019-01-03 21:13:27 - [MESSAGE][PASSED] - Object: 'Object Repository/Final Object Repo/WorkFlow Listing Page/Search Information - To Put Ref No' is clicked on

2019-01-03 21:13:27 - [TEST_STEP][PASSED] - delay: Delayed 2 second(s)

2019-01-03 21:13:29 - [MESSAGE][PASSED] - Delayed 2 second(s)

2019-01-03 21:13:29 - [TEST_STEP][PASSED] - callTestCase: Call Test Case 'Test Cases/Final Aug 2018 - PKS Automation/Common/Reference Number Getter' successfully

2019-01-03 21:13:29 - [TEST_CASE][PASSED] - Test Cases/Final Aug 2018 - PKS Automation/Common/Reference Number Getter: Test Cases/Final Aug 2018 - PKS Automation/Common/Reference Number Getter

2019-01-03 21:13:29 - [TEST_STEP][PASSED] - Statement - Try: null

2019-01-03 21:13:29 - [TEST_STEP][PASSED] - Statement - RefNo = new java.io.File(C://Users//Admin//Desktop//PKS//Automation Reference Point//KatalonReference.txt): null

2019-01-03 21:13:29 - [TEST_STEP][PASSED] - Statement - bufferread = new java.io.BufferedReader(new java.io.FileReader(RefNo)): null

2019-01-03 21:13:29 - [TEST_STEP][PASSED] - Statement - readedVal = bufferread.readLine(): null

2019-01-03 21:13:29 - [TEST_STEP][PASSED] - Statement - out.println(CaseReferenceNo): null

2019-01-03 21:13:29 - [TEST_STEP][PASSED] - Statement - out.println(readedVal): null

2019-01-03 21:13:29 - [TEST_STEP][PASSED] - Statement - CaseReferenceNo = "": null

2019-01-03 21:13:29 - [TEST_STEP][PASSED] - Statement - CaseReferenceNo = readedVal: null

2019-01-03 21:13:29 - [MESSAGE][PASSED] - Call Test Case 'Test Cases/Final Aug 2018 - PKS Automation/Common/Reference Number Getter' successfully

2019-01-03 21:13:29 - [TEST_STEP][PASSED] - setText: Text 'CUN012019C100006156' is set on object 'Object Repository/Final Object Repo/WorkFlow Listing Page/Ref No Set Text'

2019-01-03 21:13:30 - [MESSAGE][PASSED] - Text 'CUN012019C100006156' is set on object 'Object Repository/Final Object Repo/WorkFlow Listing Page/Ref No Set Text'

2019-01-03 21:13:30 - [TEST_STEP][PASSED] - delay: Delayed 2 second(s)

2019-01-03 21:13:32 - [MESSAGE][PASSED] - Delayed 2 second(s)

2019-01-03 21:13:32 - [TEST_STEP][PASSED] - click: Object: 'Object Repository/Final Object Repo/WorkFlow Listing Page/Search Ref No Search Button' is clicked on

2019-01-03 21:13:32 - [MESSAGE][PASSED] - Object: 'Object Repository/Final Object Repo/WorkFlow Listing Page/Search Ref No Search Button' is clicked on

2019-01-03 21:13:32 - [TEST_STEP][PASSED] - delay: Delayed 6 second(s)

2019-01-03 21:13:38 - [MESSAGE][PASSED] - Delayed 6 second(s)

2019-01-03 21:13:38 - [TEST_STEP][PASSED] - click: Object: 'Object Repository/Final Object Repo/WorkFlow Listing Page/Click Continue Tooltip' is clicked on

2019-01-03 21:13:39 - [MESSAGE][PASSED] - Object: 'Object Repository/Final Object Repo/WorkFlow Listing Page/Click Continue Tooltip' is clicked on

2019-01-03 21:13:39 - [TEST_STEP][PASSED] - delay: Delayed 5 second(s)

2019-01-03 21:13:44 - [MESSAGE][PASSED] - Delayed 5 second(s)

2019-01-03 21:13:44 - [TEST_STEP][PASSED] - doubleClick: Object: 'Object Repository/Final Object Repo/WorkFlow Listing Page/Workflow Found - Listing 1' is double clicked on

2019-01-03 21:13:44 - [MESSAGE][PASSED] - Object: 'Object Repository/Final Object Repo/WorkFlow Listing Page/Workflow Found - Listing 1' is double clicked on

2019-01-03 21:13:44 - [TEST_STEP][PASSED] - Statement - println(OwnerID): null

2019-01-03 21:13:44 - [TEST_STEP][PASSED] - Statement - OwnerID = com.kms.katalon.core.webui.keyword.WebUiBuiltInKeywords.getText(com.kms.katalon.core.testobject.ObjectRepository.findTestObject(Final Object Repo/WorkFlow Listing Page/Workflow Found - Listing 1), STOP_ON_FAILURE): Text of object 'Object Repository/Final Object Repo/WorkFlow Listing Page/Workflow Found - Listing 1' is: 'JOHORuo3'

2019-01-03 21:13:44 - [MESSAGE][PASSED] - Text of object 'Object Repository/Final Object Repo/WorkFlow Listing Page/Workflow Found - Listing 1' is: 'JOHORuo3'

2019-01-03 21:13:44 - [TEST_STEP][PASSED] - Statement - OwnerID = OwnerID.toLowerCase() + "@gmail.com": null

2019-01-03 21:13:44 - [TEST_STEP][PASSED] - Statement - println(OwnerID): null

2019-01-03 21:13:44 - [TEST_STEP][PASSED] - delay: Delayed 2 second(s)

2019-01-03 21:13:46 - [MESSAGE][PASSED] - Delayed 2 second(s)

2019-01-03 21:13:46 - [MESSAGE][PASSED] - Call Test Case 'Test Cases/Final Aug 2018 - PKS Automation/Common/Workflow Owner Finder' successfully

2019-01-03 21:13:46 - [TEST_STEP][PASSED] - delay: Delayed 2 second(s)

2019-01-03 21:13:48 - [MESSAGE][PASSED] - Delayed 2 second(s)

2019-01-03 21:13:48 - [TEST_STEP][PASSED] - navigateToUrl: Navigate to 'https://assist2-uat.perkeso.gov.my/c/portal/logout' successfully

2019-01-03 21:13:49 - [MESSAGE][PASSED] - Navigate to 'https://assist2-uat.perkeso.gov.my/c/portal/logout' successfully

2019-01-03 21:13:49 - [TEST_STEP][PASSED] - delay: Delayed 2 second(s)

2019-01-03 21:13:51 - [MESSAGE][PASSED] - Delayed 2 second(s)

2019-01-03 21:13:51 - [TEST_STEP][PASSED] - callTestCase: Call Test Case 'Test Cases/Final Aug 2018 - PKS Automation/Registration Module/Workflow/Login and Search Case For Workflow' successfully

2019-01-03 21:13:51 - [TEST_CASE][PASSED] - Test Cases/Final Aug 2018 - PKS Automation/Registration Module/Workflow/Login and Search Case For Workflow: Test Cases/Final Aug 2018 - PKS Automation/Registration Module/Workflow/Login and Search Case For Workflow

2019-01-03 21:13:51 - [TEST_STEP][PASSED] - navigateToUrl: Navigate to 'https://assist2-uat.perkeso.gov.my/login' successfully

2019-01-03 21:13:52 - [MESSAGE][PASSED] - Navigate to 'https://assist2-uat.perkeso.gov.my/login' successfully

2019-01-03 21:13:52 - [TEST_STEP][PASSED] - setText: Text 'johoruo3@gmail.com' is set on object 'Object Repository/Final Object Repo/Login Page/Internal User/Email Address'

2019-01-03 21:13:52 - [MESSAGE][PASSED] - Text 'johoruo3@gmail.com' is set on object 'Object Repository/Final Object Repo/Login Page/Internal User/Email Address'

2019-01-03 21:13:52 - [TEST_STEP][PASSED] - click: Object: 'Object Repository/Final Object Repo/Login Page/Internal User/Next Button' is clicked on

2019-01-03 21:13:52 - [MESSAGE][PASSED] - Object: 'Object Repository/Final Object Repo/Login Page/Internal User/Next Button' is clicked on

2019-01-03 21:13:52 - [TEST_STEP][PASSED] - delay: Delayed 1 second(s)

2019-01-03 21:13:53 - [MESSAGE][PASSED] - Delayed 1 second(s)

2019-01-03 21:13:53 - [TEST_STEP][PASSED] - setEncryptedText: Text ****** has been set on object 'Object Repository/Final Object Repo/Login Page/Internal User/Password'

2019-01-03 21:13:53 - [MESSAGE][PASSED] - Text ****** has been set on object 'Object Repository/Final Object Repo/Login Page/Internal User/Password'

2019-01-03 21:13:53 - [TEST_STEP][PASSED] - click: Object: 'Object Repository/Final Object Repo/Login Page/Internal User/Login Button' is clicked on

2019-01-03 21:13:54 - [MESSAGE][PASSED] - Object: 'Object Repository/Final Object Repo/Login Page/Internal User/Login Button' is clicked on

2019-01-03 21:13:54 - [TEST_STEP][PASSED] - delay: Delayed 2 second(s)

2019-01-03 21:13:56 - [MESSAGE][PASSED] - Delayed 2 second(s)

2019-01-03 21:13:56 - [TEST_STEP][PASSED] - Statement - Try: Delayed 2 second(s)

2019-01-03 21:13:56 - [TEST_STEP][PASSED] - Statement - Checker = false: null

2019-01-03 21:13:56 - [TEST_STEP][PASSED] - Statement - Checker = com.kms.katalon.core.webui.keyword.WebUiBuiltInKeywords.verifyElementHasAttribute(com.kms.katalon.core.testobject.ObjectRepository.findTestObject(Final Object Repo/Landing Page/BM Detecting), "href", 20, OPTIONAL): Object 'Object Repository/Final Object Repo/Landing Page/BM Detecting' has attribute 'href'

2019-01-03 21:13:56 - [MESSAGE][PASSED] - Object 'Object Repository/Final Object Repo/Landing Page/BM Detecting' has attribute 'href'

2019-01-03 21:13:56 - [TEST_STEP][PASSED] - Statement - out.println(Checker): null

2019-01-03 21:13:56 - [TEST_STEP][PASSED] - Statement - If (Checker == false): null

2019-01-03 21:13:56 - [TEST_STEP][PASSED] - Statement - Else: null

2019-01-03 21:13:56 - [TEST_STEP][PASSED] - delay: Delayed 2 second(s)

2019-01-03 21:13:58 - [MESSAGE][PASSED] - Delayed 2 second(s)

2019-01-03 21:13:58 - [TEST_STEP][PASSED] - click: Object: 'Object Repository/Final Object Repo/Page_MyASSIST - ASSIST - Search Pending Case For Add Supporting Document/Search Information' is clicked on

2019-01-03 21:13:58 - [MESSAGE][PASSED] - Object: 'Object Repository/Final Object Repo/Page_MyASSIST - ASSIST - Search Pending Case For Add Supporting Document/Search Information' is clicked on

2019-01-03 21:13:58 - [TEST_STEP][PASSED] - delay: Delayed 3 second(s)

2019-01-03 21:14:01 - [MESSAGE][PASSED] - Delayed 3 second(s)

2019-01-03 21:14:01 - [TEST_STEP][PASSED] - sendKeys: Keys 'CUN012019C100006156' sent to object: 'Object Repository/Final Object Repo/Page_MyASSIST - ASSIST - Search Pending Case For Add Supporting Document/Reference No'

2019-01-03 21:14:01 - [MESSAGE][PASSED] - Keys 'CUN012019C100006156' sent to object: 'Object Repository/Final Object Repo/Page_MyASSIST - ASSIST - Search Pending Case For Add Supporting Document/Reference No'

2019-01-03 21:14:01 - [TEST_STEP][PASSED] - click: Object: 'Object Repository/Final Object Repo/Page_MyASSIST - ASSIST - Search Pending Case For Add Supporting Document/Search Reference No' is clicked on

2019-01-03 21:14:01 - [MESSAGE][PASSED] - Object: 'Object Repository/Final Object Repo/Page_MyASSIST - ASSIST - Search Pending Case For Add Supporting Document/Search Reference No' is clicked on

2019-01-03 21:14:01 - [TEST_STEP][PASSED] - delay: Delayed 2 second(s)

2019-01-03 21:14:03 - [MESSAGE][PASSED] - Delayed 2 second(s)

2019-01-03 21:14:03 - [TEST_STEP][PASSED] - click: Object: 'Object Repository/Final Object Repo/Page_MyASSIST - ASSIST - Search Pending Case For Add Supporting Document/Continue' is clicked on

2019-01-03 21:14:07 - [MESSAGE][PASSED] - Object: 'Object Repository/Final Object Repo/Page_MyASSIST - ASSIST - Search Pending Case For Add Supporting Document/Continue' is clicked on

2019-01-03 21:14:07 - [TEST_STEP][PASSED] - delay: Delayed 20 second(s)

2019-01-03 21:14:27 - [MESSAGE][PASSED] - Delayed 20 second(s)

2019-01-03 21:14:27 - [MESSAGE][PASSED] - Call Test Case 'Test Cases/Final Aug 2018 - PKS Automation/Registration Module/Workflow/Login and Search Case For Workflow' successfully

2019-01-03 21:14:27 - [TEST_STEP][PASSED] - delay: Delayed 2 second(s)

2019-01-03 21:14:29 - [MESSAGE][PASSED] - Delayed 2 second(s)

2019-01-03 21:14:29 - [TEST_STEP][PASSED] - click: Object: 'Object Repository/Final Object Repo/Page_Update Employee Information By Employer/Page_Update Employee Information by Employer (Approve)/Continue' is clicked on

2019-01-03 21:14:33 - [MESSAGE][PASSED] - Object: 'Object Repository/Final Object Repo/Page_Update Employee Information By Employer/Page_Update Employee Information by Employer (Approve)/Continue' is clicked on

2019-01-03 21:14:33 - [TEST_STEP][PASSED] - delay: Delayed 2 second(s)

2019-01-03 21:14:35 - [MESSAGE][PASSED] - Delayed 2 second(s)

2019-01-03 21:14:35 - [TEST_STEP][PASSED] - click: Object: 'Object Repository/Final Object Repo/Page_Update Employee Information By Employer/Page_Update Employee Information by Employer (Approve)/Save  Continue in Update Employee Information Page' is clicked on

2019-01-03 21:14:35 - [MESSAGE][PASSED] - Object: 'Object Repository/Final Object Repo/Page_Update Employee Information By Employer/Page_Update Employee Information by Employer (Approve)/Save  Continue in Update Employee Information Page' is clicked on

2019-01-03 21:14:35 - [TEST_STEP][PASSED] - delay: Delayed 4 second(s)

2019-01-03 21:14:39 - [MESSAGE][PASSED] - Delayed 4 second(s)

2019-01-03 21:14:39 - [TEST_STEP][PASSED] - click: Object: 'Object Repository/Final Object Repo/Page_Update Employee Information By Employer/Page_Update Employee Information by Employer (Approve)/Save  Continue in Upload Supporting Doucument Page' is clicked on

2019-01-03 21:14:39 - [MESSAGE][PASSED] - Object: 'Object Repository/Final Object Repo/Page_Update Employee Information By Employer/Page_Update Employee Information by Employer (Approve)/Save  Continue in Upload Supporting Doucument Page' is clicked on

2019-01-03 21:14:39 - [TEST_STEP][PASSED] - delay: Delayed 2 second(s)

2019-01-03 21:14:41 - [MESSAGE][PASSED] - Delayed 2 second(s)

2019-01-03 21:14:41 - [TEST_STEP][PASSED] - click: Object: 'Object Repository/Final Object Repo/Page_Update Employee Information By Employer/Page_Update Employee Information by Employer (Reject)/Reject' is clicked on

2019-01-03 21:14:43 - [MESSAGE][PASSED] - Object: 'Object Repository/Final Object Repo/Page_Update Employee Information By Employer/Page_Update Employee Information by Employer (Reject)/Reject' is clicked on

2019-01-03 21:14:43 - [TEST_STEP][PASSED] - delay: Delayed 2 second(s)

2019-01-03 21:14:45 - [MESSAGE][PASSED] - Delayed 2 second(s)

2019-01-03 21:14:45 - [TEST_STEP][PASSED] - click: Object: 'Object Repository/Final Object Repo/Page_Update Employee Information By Employer/Page_Update Employee Information by Employer (Approve)/Confirm' is clicked on

2019-01-03 21:14:45 - [MESSAGE][PASSED] - Object: 'Object Repository/Final Object Repo/Page_Update Employee Information By Employer/Page_Update Employee Information by Employer (Approve)/Confirm' is clicked on

2019-01-03 21:14:45 - [TEST_STEP][PASSED] - delay: Delayed 2 second(s)

2019-01-03 21:14:47 - [MESSAGE][PASSED] - Delayed 2 second(s)

2019-01-03 21:14:47 - [TEST_STEP][PASSED] - verifyElementVisible: Object 'Object Repository/Final Object Repo/Page_Update Employee Information By Employer/Page_Update Employee Information by Employer (Reject)/Rejected Messeage This Case has been Rejecte' is visible

2019-01-03 21:14:50 - [MESSAGE][PASSED] - Object 'Object Repository/Final Object Repo/Page_Update Employee Information By Employer/Page_Update Employee Information by Employer (Reject)/Rejected Messeage This Case has been Rejecte' is visible

2019-01-03 21:14:50 - [TEST_STEP][PASSED] - delay: Delayed 2 second(s)

2019-01-03 21:14:52 - [MESSAGE][PASSED] - Delayed 2 second(s)

2019-01-03 21:14:52 - [TEST_STEP][PASSED] - verifyElementVisible: Object 'Object Repository/Final Object Repo/Page_Update Employee Information By Employer/Page_Update Employee Information by Employer (Reject)/Letter of update rejection' is visible

2019-01-03 21:14:52 - [MESSAGE][PASSED] - Object 'Object Repository/Final Object Repo/Page_Update Employee Information By Employer/Page_Update Employee Information by Employer (Reject)/Letter of update rejection' is visible

2019-01-03 21:14:52 - [MESSAGE][PASSED] - Call Test Case 'Test Cases/Final Aug 2018 - PKS Automation/Registration Module/Workflow/Update Employee Information (Employer)/Template/Update Employee Information - Special Case - UO (Reject)' successfully]]></system-out>
         <system-err><![CDATA[]]></system-err>
      </testcase>
      <testcase name="Test Cases/Final Aug 2018 - PKS Automation/Registration Module/Workflow/Update Employee Information (Employer)/OTC - UO (Under enforcement)" classname="Test Cases/Final Aug 2018 - PKS Automation/Registration Module/Workflow/Update Employee Information (Employer)/OTC - UO (Under enforcement)" status="PASSED">
         <system-out><![CDATA[2019-01-03 21:14:52 - [TEST_CASE][PASSED] - Test Cases/Final Aug 2018 - PKS Automation/Registration Module/Workflow/Update Employee Information (Employer)/OTC - UO (Under enforcement): Test Cases/Final Aug 2018 - PKS Automation/Registration Module/Workflow/Update Employee Information (Employer)/OTC - UO (Under enforcement)

2019-01-03 21:14:52 - [TEST_STEP][PASSED] - callTestCase: Call Test Case 'Test Cases/Final Aug 2018 - PKS Automation/Registration Module/Workflow/Update Employee Information (Employer)/Template/Update Employer Information - Special Case (OTC)' successfully

2019-01-03 21:14:52 - [TEST_CASE][PASSED] - Test Cases/Final Aug 2018 - PKS Automation/Registration Module/Workflow/Update Employee Information (Employer)/Template/Update Employer Information - Special Case (OTC): Test Cases/Final Aug 2018 - PKS Automation/Registration Module/Workflow/Update Employee Information (Employer)/Template/Update Employer Information - Special Case (OTC)

2019-01-03 21:14:52 - [TEST_STEP][PASSED] - openBrowser: Browser is opened with url: ''

2019-01-03 21:14:52 - [MESSAGE][WARNING] - A browser is already opened. Closing browser and opening a new one

2019-01-03 21:14:56 - [MESSAGE][PASSED] - Browser is opened with url: ''

2019-01-03 21:14:56 - [TEST_STEP][PASSED] - navigateToUrl: Navigate to 'https://assist2-uat.perkeso.gov.my/login' successfully

2019-01-03 21:14:57 - [MESSAGE][PASSED] - Navigate to 'https://assist2-uat.perkeso.gov.my/login' successfully

2019-01-03 21:14:57 - [TEST_STEP][PASSED] - setText: Text 'johorotc1@gmail.com' is set on object 'Object Repository/Final Object Repo/Login Page/Internal User/Email Address'

2019-01-03 21:14:58 - [MESSAGE][PASSED] - Text 'johorotc1@gmail.com' is set on object 'Object Repository/Final Object Repo/Login Page/Internal User/Email Address'

2019-01-03 21:14:58 - [TEST_STEP][PASSED] - click: Object: 'Object Repository/Final Object Repo/Login Page/Internal User/Next Button' is clicked on

2019-01-03 21:14:58 - [MESSAGE][PASSED] - Object: 'Object Repository/Final Object Repo/Login Page/Internal User/Next Button' is clicked on

2019-01-03 21:14:58 - [TEST_STEP][PASSED] - delay: Delayed 1 second(s)

2019-01-03 21:14:59 - [MESSAGE][PASSED] - Delayed 1 second(s)

2019-01-03 21:14:59 - [TEST_STEP][PASSED] - setEncryptedText: Text ****** has been set on object 'Object Repository/Final Object Repo/Login Page/Internal User/Password'

2019-01-03 21:14:59 - [MESSAGE][PASSED] - Text ****** has been set on object 'Object Repository/Final Object Repo/Login Page/Internal User/Password'

2019-01-03 21:14:59 - [TEST_STEP][PASSED] - click: Object: 'Object Repository/Final Object Repo/Login Page/Internal User/Login Button' is clicked on

2019-01-03 21:14:59 - [MESSAGE][PASSED] - Object: 'Object Repository/Final Object Repo/Login Page/Internal User/Login Button' is clicked on

2019-01-03 21:14:59 - [TEST_STEP][PASSED] - Statement - tester = com.kms.katalon.core.testobject.ObjectRepository.findTestObject(Final Object Repo/Landing Page/Select to English): Finding Test Object with id 'Object Repository/Final Object Repo/Landing Page/Select to English'

2019-01-03 21:14:59 - [TEST_STEP][PASSED] - Statement - Try: Delayed 2 second(s)

2019-01-03 21:14:59 - [TEST_STEP][PASSED] - Statement - Checker = com.kms.katalon.core.webui.keyword.WebUiBuiltInKeywords.verifyElementNotPresent(tester, 3): Web element with id: 'Object Repository/Final Object Repo/Landing Page/Select to English' located by 'By.xpath: //a[@class = 'taglib-language-list-text' and @lang = 'en-US' and (contains(text(), 'EN') or contains(., 'EN'))]' is not present after '3' second(s)

2019-01-03 21:15:01 - [MESSAGE][PASSED] - Web element with id: 'Object Repository/Final Object Repo/Landing Page/Select to English' located by 'By.xpath: //a[@class = 'taglib-language-list-text' and @lang = 'en-US' and (contains(text(), 'EN') or contains(., 'EN'))]' is not present after '3' second(s)

2019-01-03 21:15:01 - [TEST_STEP][PASSED] - Statement - If (Checker == false): null

2019-01-03 21:15:01 - [TEST_STEP][PASSED] - delay: Delayed 2 second(s)

2019-01-03 21:15:03 - [MESSAGE][PASSED] - Delayed 2 second(s)

2019-01-03 21:15:03 - [TEST_STEP][PASSED] - delay: Delayed 5 second(s)

2019-01-03 21:15:08 - [MESSAGE][PASSED] - Delayed 5 second(s)

2019-01-03 21:15:08 - [TEST_STEP][PASSED] - navigateToUrl: Navigate to 'https://assist2-uat.perkeso.gov.my/web/registration/update/update-employee-information-employer-' successfully

2019-01-03 21:15:09 - [MESSAGE][PASSED] - Navigate to 'https://assist2-uat.perkeso.gov.my/web/registration/update/update-employee-information-employer-' successfully

2019-01-03 21:15:09 - [TEST_STEP][PASSED] - setText: Text 'E1102001065V' is set on object 'Object Repository/Final Object Repo/Page_Update Employee Information By Employer/Employer Code'

2019-01-03 21:15:09 - [MESSAGE][PASSED] - Text 'E1102001065V' is set on object 'Object Repository/Final Object Repo/Page_Update Employee Information By Employer/Employer Code'

2019-01-03 21:15:09 - [TEST_STEP][PASSED] - click: Object: 'Object Repository/Final Object Repo/Page_Update Employee Information By Employer/Search Employer Code' is clicked on

2019-01-03 21:15:09 - [MESSAGE][PASSED] - Object: 'Object Repository/Final Object Repo/Page_Update Employee Information By Employer/Search Employer Code' is clicked on

2019-01-03 21:15:09 - [TEST_STEP][PASSED] - click: Object: 'Object Repository/Final Object Repo/Page_Update Employee Information By Employer/Edit Button' is clicked on

2019-01-03 21:15:13 - [MESSAGE][PASSED] - Object: 'Object Repository/Final Object Repo/Page_Update Employee Information By Employer/Edit Button' is clicked on

2019-01-03 21:15:13 - [TEST_STEP][PASSED] - click: Object: 'Object Repository/Final Object Repo/Page_Update Employee Information By Employer/Employee Name or New Identification' is clicked on

2019-01-03 21:15:13 - [MESSAGE][PASSED] - Object: 'Object Repository/Final Object Repo/Page_Update Employee Information By Employer/Employee Name or New Identification' is clicked on

2019-01-03 21:15:13 - [TEST_STEP][PASSED] - delay: Delayed 1 second(s)

2019-01-03 21:15:14 - [MESSAGE][PASSED] - Delayed 1 second(s)

2019-01-03 21:15:14 - [TEST_STEP][PASSED] - click: Object: 'Object Repository/Final Object Repo/Page_Update Employee Information By Employer/Selection - Employee Name' is clicked on

2019-01-03 21:15:14 - [MESSAGE][PASSED] - Object: 'Object Repository/Final Object Repo/Page_Update Employee Information By Employer/Selection - Employee Name' is clicked on

2019-01-03 21:15:14 - [TEST_STEP][PASSED] - delay: Delayed 1 second(s)

2019-01-03 21:15:15 - [MESSAGE][PASSED] - Delayed 1 second(s)

2019-01-03 21:15:15 - [TEST_STEP][PASSED] - setText: Text 'PERKESO' is set on object 'Object Repository/Final Object Repo/Page_Update Employee Information By Employer/Employee Name'

2019-01-03 21:15:16 - [MESSAGE][PASSED] - Text 'PERKESO' is set on object 'Object Repository/Final Object Repo/Page_Update Employee Information By Employer/Employee Name'

2019-01-03 21:15:16 - [TEST_STEP][PASSED] - delay: Delayed 2 second(s)

2019-01-03 21:15:18 - [MESSAGE][PASSED] - Delayed 2 second(s)

2019-01-03 21:15:18 - [TEST_STEP][PASSED] - click: Object: 'Object Repository/Final Object Repo/Page_Update Employee Information By Employer/Search Employee' is clicked on

2019-01-03 21:15:18 - [MESSAGE][PASSED] - Object: 'Object Repository/Final Object Repo/Page_Update Employee Information By Employer/Search Employee' is clicked on

2019-01-03 21:15:18 - [TEST_STEP][PASSED] - delay: Delayed 3 second(s)

2019-01-03 21:15:21 - [MESSAGE][PASSED] - Delayed 3 second(s)

2019-01-03 21:15:21 - [TEST_STEP][PASSED] - click: Object: 'Object Repository/Final Object Repo/Page_Update Employee Information By Employer/Employee Edit Button' is clicked on

2019-01-03 21:15:21 - [MESSAGE][PASSED] - Object: 'Object Repository/Final Object Repo/Page_Update Employee Information By Employer/Employee Edit Button' is clicked on

2019-01-03 21:15:21 - [TEST_STEP][PASSED] - delay: Delayed 3 second(s)

2019-01-03 21:15:24 - [MESSAGE][PASSED] - Delayed 3 second(s)

2019-01-03 21:15:24 - [TEST_STEP][PASSED] - setText: Text '' is set on object 'Object Repository/Final Object Repo/Page_Update Employee Information By Employer/Identification Number'

2019-01-03 21:15:24 - [MESSAGE][PASSED] - Text '' is set on object 'Object Repository/Final Object Repo/Page_Update Employee Information By Employer/Identification Number'

2019-01-03 21:15:24 - [TEST_STEP][PASSED] - Statement - rnd = new java.util.Random(): null

2019-01-03 21:15:24 - [TEST_STEP][PASSED] - Statement - snum = rnd.nextInt(899999 + 1) + 100000: null

2019-01-03 21:15:24 - [TEST_STEP][PASSED] - Statement - tnum = rnd.nextInt(899999 + 1) + 100000: null

2019-01-03 21:15:24 - [TEST_STEP][PASSED] - Statement - IC = java.lang.Integer.toString(snum) + java.lang.Integer.toString(tnum): null

2019-01-03 21:15:24 - [TEST_STEP][PASSED] - Statement - out.println(IC): null

2019-01-03 21:15:24 - [TEST_STEP][PASSED] - setText: Text '718379172648' is set on object 'Object Repository/Final Object Repo/Page_Update Employee Information By Employer/Identification Number'

2019-01-03 21:15:25 - [MESSAGE][PASSED] - Text '718379172648' is set on object 'Object Repository/Final Object Repo/Page_Update Employee Information By Employer/Identification Number'

2019-01-03 21:15:25 - [TEST_STEP][PASSED] - click: Object: 'Object Repository/Final Object Repo/Page_Update Employee Information By Employer/Save' is clicked on

2019-01-03 21:15:25 - [MESSAGE][PASSED] - Object: 'Object Repository/Final Object Repo/Page_Update Employee Information By Employer/Save' is clicked on

2019-01-03 21:15:25 - [TEST_STEP][PASSED] - delay: Delayed 5 second(s)

2019-01-03 21:15:30 - [MESSAGE][PASSED] - Delayed 5 second(s)

2019-01-03 21:15:30 - [TEST_STEP][PASSED] - Statement - CaseReferenceNo = com.kms.katalon.core.webui.keyword.WebUiBuiltInKeywords.getText(com.kms.katalon.core.testobject.ObjectRepository.findTestObject(Final Object Repo/Reference Number/Reference Number in Update Employee Information Page)): Text of object 'Object Repository/Final Object Repo/Reference Number/Reference Number in Update Employee Information Page' is: 'CUN012019C100006157'

2019-01-03 21:15:30 - [MESSAGE][PASSED] - Text of object 'Object Repository/Final Object Repo/Reference Number/Reference Number in Update Employee Information Page' is: 'CUN012019C100006157'

2019-01-03 21:15:30 - [TEST_STEP][PASSED] - callTestCase: Call Test Case 'Test Cases/Final Aug 2018 - PKS Automation/Common/Reference Number Setter' successfully

2019-01-03 21:15:30 - [TEST_CASE][PASSED] - Test Cases/Final Aug 2018 - PKS Automation/Common/Reference Number Setter: Test Cases/Final Aug 2018 - PKS Automation/Common/Reference Number Setter

2019-01-03 21:15:30 - [TEST_STEP][PASSED] - Statement - RefNoOldFile = new java.io.File(C://Users//Admin//Desktop//PKS//Automation Reference Point//KatalonReference.txt): null

2019-01-03 21:15:30 - [TEST_STEP][PASSED] - Statement - RefNoOldFile.delete(): null

2019-01-03 21:15:30 - [TEST_STEP][PASSED] - delay: Delayed 5 second(s)

2019-01-03 21:15:35 - [MESSAGE][PASSED] - Delayed 5 second(s)

2019-01-03 21:15:35 - [TEST_STEP][PASSED] - Statement - RefNo = new java.io.File(C://Users//Admin//Desktop//PKS//Automation Reference Point//KatalonReference.txt): null

2019-01-03 21:15:35 - [TEST_STEP][PASSED] - Statement - f2 = new java.io.FileWriter(RefNo, false): null

2019-01-03 21:15:35 - [TEST_STEP][PASSED] - Statement - f2.write(CaseReferenceNo): null

2019-01-03 21:15:35 - [TEST_STEP][PASSED] - Statement - f2.close(): null

2019-01-03 21:15:35 - [TEST_STEP][PASSED] - Statement - out.println("


" + CaseReferenceNo + "


"): null

2019-01-03 21:15:35 - [MESSAGE][PASSED] - Call Test Case 'Test Cases/Final Aug 2018 - PKS Automation/Common/Reference Number Setter' successfully

2019-01-03 21:15:35 - [TEST_STEP][PASSED] - delay: Delayed 5 second(s)

2019-01-03 21:15:40 - [MESSAGE][PASSED] - Delayed 5 second(s)

2019-01-03 21:15:40 - [TEST_STEP][PASSED] - click: Object: 'Object Repository/Final Object Repo/Page_Update Employee Information By Employer/Save  Continue in  Employee Information Page' is clicked on

2019-01-03 21:15:40 - [MESSAGE][PASSED] - Object: 'Object Repository/Final Object Repo/Page_Update Employee Information By Employer/Save  Continue in  Employee Information Page' is clicked on

2019-01-03 21:15:40 - [TEST_STEP][PASSED] - delay: Delayed 5 second(s)

2019-01-03 21:15:45 - [MESSAGE][PASSED] - Delayed 5 second(s)

2019-01-03 21:15:45 - [TEST_STEP][PASSED] - click: Object: 'Object Repository/Final Object Repo/Page_Update Employee Information By Employer/Save  Continue in Uploading Page 1' is clicked on

2019-01-03 21:15:45 - [MESSAGE][PASSED] - Object: 'Object Repository/Final Object Repo/Page_Update Employee Information By Employer/Save  Continue in Uploading Page 1' is clicked on

2019-01-03 21:15:45 - [TEST_STEP][PASSED] - delay: Delayed 5 second(s)

2019-01-03 21:15:50 - [MESSAGE][PASSED] - Delayed 5 second(s)

2019-01-03 21:15:50 - [TEST_STEP][PASSED] - click: Object: 'Object Repository/Final Object Repo/Page_Update Employee Information By Employer/Submit' is clicked on

2019-01-03 21:15:50 - [MESSAGE][PASSED] - Object: 'Object Repository/Final Object Repo/Page_Update Employee Information By Employer/Submit' is clicked on

2019-01-03 21:15:50 - [TEST_STEP][PASSED] - delay: Delayed 5 second(s)

2019-01-03 21:15:55 - [MESSAGE][PASSED] - Delayed 5 second(s)

2019-01-03 21:15:55 - [TEST_STEP][PASSED] - click: Object: 'Object Repository/Final Object Repo/Page_Update Employee Information By Employer/Confirm' is clicked on

2019-01-03 21:15:56 - [MESSAGE][PASSED] - Object: 'Object Repository/Final Object Repo/Page_Update Employee Information By Employer/Confirm' is clicked on

2019-01-03 21:15:56 - [TEST_STEP][PASSED] - delay: Delayed 5 second(s)

2019-01-03 21:16:01 - [MESSAGE][PASSED] - Delayed 5 second(s)

2019-01-03 21:16:01 - [TEST_STEP][PASSED] - verifyElementVisible: Object 'Object Repository/Final Object Repo/Page_Update Employee Information By Employer/Successfull Message Routed to UO' is visible

2019-01-03 21:16:01 - [MESSAGE][PASSED] - Object 'Object Repository/Final Object Repo/Page_Update Employee Information By Employer/Successfull Message Routed to UO' is visible

2019-01-03 21:16:01 - [MESSAGE][PASSED] - Call Test Case 'Test Cases/Final Aug 2018 - PKS Automation/Registration Module/Workflow/Update Employee Information (Employer)/Template/Update Employer Information - Special Case (OTC)' successfully

2019-01-03 21:16:01 - [TEST_STEP][PASSED] - callTestCase: Call Test Case 'Test Cases/Final Aug 2018 - PKS Automation/Registration Module/Workflow/Update Employee Information (Employer)/Template/Update Employee Information - Special Case - UO (UnderEnforcement)' successfully

2019-01-03 21:16:01 - [TEST_CASE][PASSED] - Test Cases/Final Aug 2018 - PKS Automation/Registration Module/Workflow/Update Employee Information (Employer)/Template/Update Employee Information - Special Case - UO (UnderEnforcement): Test Cases/Final Aug 2018 - PKS Automation/Registration Module/Workflow/Update Employee Information (Employer)/Template/Update Employee Information - Special Case - UO (UnderEnforcement)

2019-01-03 21:16:01 - [TEST_STEP][NOT_RUN] - callTestCase: NOT_RUN: callTestCase

2019-01-03 21:16:01 - [MESSAGE][NOT_RUN] - NOT_RUN: callTestCase

2019-01-03 21:16:01 - [TEST_STEP][PASSED] - delay: Delayed 2 second(s)

2019-01-03 21:16:03 - [MESSAGE][PASSED] - Delayed 2 second(s)

2019-01-03 21:16:03 - [TEST_STEP][PASSED] - navigateToUrl: Navigate to 'https://assist2-uat.perkeso.gov.my/c/portal/logout' successfully

2019-01-03 21:16:03 - [MESSAGE][PASSED] - Navigate to 'https://assist2-uat.perkeso.gov.my/c/portal/logout' successfully

2019-01-03 21:16:03 - [TEST_STEP][PASSED] - delay: Delayed 2 second(s)

2019-01-03 21:16:05 - [MESSAGE][PASSED] - Delayed 2 second(s)

2019-01-03 21:16:05 - [TEST_STEP][PASSED] - callTestCase: Call Test Case 'Test Cases/Final Aug 2018 - PKS Automation/Common/Reference Number Getter' successfully

2019-01-03 21:16:06 - [TEST_CASE][PASSED] - Test Cases/Final Aug 2018 - PKS Automation/Common/Reference Number Getter: Test Cases/Final Aug 2018 - PKS Automation/Common/Reference Number Getter

2019-01-03 21:16:06 - [TEST_STEP][PASSED] - Statement - Try: null

2019-01-03 21:16:06 - [TEST_STEP][PASSED] - Statement - RefNo = new java.io.File(C://Users//Admin//Desktop//PKS//Automation Reference Point//KatalonReference.txt): null

2019-01-03 21:16:06 - [TEST_STEP][PASSED] - Statement - bufferread = new java.io.BufferedReader(new java.io.FileReader(RefNo)): null

2019-01-03 21:16:06 - [TEST_STEP][PASSED] - Statement - readedVal = bufferread.readLine(): null

2019-01-03 21:16:06 - [TEST_STEP][PASSED] - Statement - out.println(CaseReferenceNo): null

2019-01-03 21:16:06 - [TEST_STEP][PASSED] - Statement - out.println(readedVal): null

2019-01-03 21:16:06 - [TEST_STEP][PASSED] - Statement - CaseReferenceNo = "": null

2019-01-03 21:16:06 - [TEST_STEP][PASSED] - Statement - CaseReferenceNo = readedVal: null

2019-01-03 21:16:06 - [MESSAGE][PASSED] - Call Test Case 'Test Cases/Final Aug 2018 - PKS Automation/Common/Reference Number Getter' successfully

2019-01-03 21:16:06 - [TEST_STEP][PASSED] - callTestCase: Call Test Case 'Test Cases/Final Aug 2018 - PKS Automation/Common/Workflow Owner Finder' successfully

2019-01-03 21:16:06 - [TEST_CASE][PASSED] - Test Cases/Final Aug 2018 - PKS Automation/Common/Workflow Owner Finder: Test Cases/Final Aug 2018 - PKS Automation/Common/Workflow Owner Finder

2019-01-03 21:16:06 - [TEST_STEP][PASSED] - openBrowser: Browser is opened with url: ''

2019-01-03 21:16:06 - [MESSAGE][WARNING] - A browser is already opened. Closing browser and opening a new one

2019-01-03 21:16:09 - [MESSAGE][PASSED] - Browser is opened with url: ''

2019-01-03 21:16:09 - [TEST_STEP][PASSED] - navigateToUrl: Navigate to 'https://assist2-uat.perkeso.gov.my/login' successfully

2019-01-03 21:16:10 - [MESSAGE][PASSED] - Navigate to 'https://assist2-uat.perkeso.gov.my/login' successfully

2019-01-03 21:16:10 - [TEST_STEP][PASSED] - delay: Delayed 5 second(s)

2019-01-03 21:16:15 - [MESSAGE][PASSED] - Delayed 5 second(s)

2019-01-03 21:16:15 - [TEST_STEP][PASSED] - setText: Text 'test@liferay.com' is set on object 'Object Repository/Final Object Repo/Login Page/Internal User/Email Address'

2019-01-03 21:16:16 - [MESSAGE][PASSED] - Text 'test@liferay.com' is set on object 'Object Repository/Final Object Repo/Login Page/Internal User/Email Address'

2019-01-03 21:16:16 - [TEST_STEP][PASSED] - click: Object: 'Object Repository/Final Object Repo/Login Page/Internal User/Next Button' is clicked on

2019-01-03 21:16:16 - [MESSAGE][PASSED] - Object: 'Object Repository/Final Object Repo/Login Page/Internal User/Next Button' is clicked on

2019-01-03 21:16:16 - [TEST_STEP][PASSED] - delay: Delayed 2 second(s)

2019-01-03 21:16:18 - [MESSAGE][PASSED] - Delayed 2 second(s)

2019-01-03 21:16:18 - [TEST_STEP][PASSED] - setText: Text 'test' is set on object 'Object Repository/Final Object Repo/Login Page/Internal User/Password'

2019-01-03 21:16:18 - [MESSAGE][PASSED] - Text 'test' is set on object 'Object Repository/Final Object Repo/Login Page/Internal User/Password'

2019-01-03 21:16:18 - [TEST_STEP][PASSED] - delay: Delayed 2 second(s)

2019-01-03 21:16:20 - [MESSAGE][PASSED] - Delayed 2 second(s)

2019-01-03 21:16:20 - [TEST_STEP][PASSED] - click: Object: 'Object Repository/Final Object Repo/Login Page/Internal User/Login Button' is clicked on

2019-01-03 21:16:20 - [MESSAGE][PASSED] - Object: 'Object Repository/Final Object Repo/Login Page/Internal User/Login Button' is clicked on

2019-01-03 21:16:20 - [TEST_STEP][PASSED] - Statement - tester = com.kms.katalon.core.testobject.ObjectRepository.findTestObject(Final Object Repo/Landing Page/Select to English): Finding Test Object with id 'Object Repository/Final Object Repo/Landing Page/Select to English'

2019-01-03 21:16:20 - [TEST_STEP][PASSED] - Statement - Try: Delayed 2 second(s)

2019-01-03 21:16:20 - [TEST_STEP][PASSED] - Statement - Checker = com.kms.katalon.core.webui.keyword.WebUiBuiltInKeywords.verifyElementNotPresent(tester, 3): Web element with id: 'Object Repository/Final Object Repo/Landing Page/Select to English' located by 'By.xpath: //a[@class = 'taglib-language-list-text' and @lang = 'en-US' and (contains(text(), 'EN') or contains(., 'EN'))]' is not present after '3' second(s)

2019-01-03 21:16:22 - [MESSAGE][PASSED] - Web element with id: 'Object Repository/Final Object Repo/Landing Page/Select to English' located by 'By.xpath: //a[@class = 'taglib-language-list-text' and @lang = 'en-US' and (contains(text(), 'EN') or contains(., 'EN'))]' is not present after '3' second(s)

2019-01-03 21:16:22 - [TEST_STEP][PASSED] - Statement - If (Checker == false): null

2019-01-03 21:16:22 - [TEST_STEP][PASSED] - delay: Delayed 2 second(s)

2019-01-03 21:16:24 - [MESSAGE][PASSED] - Delayed 2 second(s)

2019-01-03 21:16:24 - [TEST_STEP][PASSED] - delay: Delayed 5 second(s)

2019-01-03 21:16:29 - [MESSAGE][PASSED] - Delayed 5 second(s)

2019-01-03 21:16:29 - [TEST_STEP][PASSED] - mouseOver: Object: 'Object Repository/Final Object Repo/Landing Page/WorkFlow Menu' is hovered

2019-01-03 21:16:29 - [MESSAGE][PASSED] - Object: 'Object Repository/Final Object Repo/Landing Page/WorkFlow Menu' is hovered

2019-01-03 21:16:29 - [TEST_STEP][PASSED] - delay: Delayed 2 second(s)

2019-01-03 21:16:31 - [MESSAGE][PASSED] - Delayed 2 second(s)

2019-01-03 21:16:31 - [TEST_STEP][PASSED] - click: Object: 'Object Repository/Final Object Repo/Landing Page/Select to Workflow Listing' is clicked on

2019-01-03 21:16:32 - [MESSAGE][PASSED] - Object: 'Object Repository/Final Object Repo/Landing Page/Select to Workflow Listing' is clicked on

2019-01-03 21:16:32 - [TEST_STEP][PASSED] - delay: Delayed 2 second(s)

2019-01-03 21:16:34 - [MESSAGE][PASSED] - Delayed 2 second(s)

2019-01-03 21:16:34 - [TEST_STEP][PASSED] - click: Object: 'Object Repository/Final Object Repo/WorkFlow Listing Page/Search Information - To Put Ref No' is clicked on

2019-01-03 21:16:35 - [MESSAGE][PASSED] - Object: 'Object Repository/Final Object Repo/WorkFlow Listing Page/Search Information - To Put Ref No' is clicked on

2019-01-03 21:16:35 - [TEST_STEP][PASSED] - delay: Delayed 2 second(s)

2019-01-03 21:16:37 - [MESSAGE][PASSED] - Delayed 2 second(s)

2019-01-03 21:16:37 - [TEST_STEP][PASSED] - callTestCase: Call Test Case 'Test Cases/Final Aug 2018 - PKS Automation/Common/Reference Number Getter' successfully

2019-01-03 21:16:37 - [TEST_CASE][PASSED] - Test Cases/Final Aug 2018 - PKS Automation/Common/Reference Number Getter: Test Cases/Final Aug 2018 - PKS Automation/Common/Reference Number Getter

2019-01-03 21:16:37 - [TEST_STEP][PASSED] - Statement - Try: null

2019-01-03 21:16:37 - [TEST_STEP][PASSED] - Statement - RefNo = new java.io.File(C://Users//Admin//Desktop//PKS//Automation Reference Point//KatalonReference.txt): null

2019-01-03 21:16:37 - [TEST_STEP][PASSED] - Statement - bufferread = new java.io.BufferedReader(new java.io.FileReader(RefNo)): null

2019-01-03 21:16:37 - [TEST_STEP][PASSED] - Statement - readedVal = bufferread.readLine(): null

2019-01-03 21:16:37 - [TEST_STEP][PASSED] - Statement - out.println(CaseReferenceNo): null

2019-01-03 21:16:37 - [TEST_STEP][PASSED] - Statement - out.println(readedVal): null

2019-01-03 21:16:37 - [TEST_STEP][PASSED] - Statement - CaseReferenceNo = "": null

2019-01-03 21:16:37 - [TEST_STEP][PASSED] - Statement - CaseReferenceNo = readedVal: null

2019-01-03 21:16:37 - [MESSAGE][PASSED] - Call Test Case 'Test Cases/Final Aug 2018 - PKS Automation/Common/Reference Number Getter' successfully

2019-01-03 21:16:37 - [TEST_STEP][PASSED] - setText: Text 'CUN012019C100006157' is set on object 'Object Repository/Final Object Repo/WorkFlow Listing Page/Ref No Set Text'

2019-01-03 21:16:37 - [MESSAGE][PASSED] - Text 'CUN012019C100006157' is set on object 'Object Repository/Final Object Repo/WorkFlow Listing Page/Ref No Set Text'

2019-01-03 21:16:37 - [TEST_STEP][PASSED] - delay: Delayed 2 second(s)

2019-01-03 21:16:39 - [MESSAGE][PASSED] - Delayed 2 second(s)

2019-01-03 21:16:39 - [TEST_STEP][PASSED] - click: Object: 'Object Repository/Final Object Repo/WorkFlow Listing Page/Search Ref No Search Button' is clicked on

2019-01-03 21:16:39 - [MESSAGE][PASSED] - Object: 'Object Repository/Final Object Repo/WorkFlow Listing Page/Search Ref No Search Button' is clicked on

2019-01-03 21:16:39 - [TEST_STEP][PASSED] - delay: Delayed 6 second(s)

2019-01-03 21:16:45 - [MESSAGE][PASSED] - Delayed 6 second(s)

2019-01-03 21:16:45 - [TEST_STEP][PASSED] - click: Object: 'Object Repository/Final Object Repo/WorkFlow Listing Page/Click Continue Tooltip' is clicked on

2019-01-03 21:16:46 - [MESSAGE][PASSED] - Object: 'Object Repository/Final Object Repo/WorkFlow Listing Page/Click Continue Tooltip' is clicked on

2019-01-03 21:16:46 - [TEST_STEP][PASSED] - delay: Delayed 5 second(s)

2019-01-03 21:16:51 - [MESSAGE][PASSED] - Delayed 5 second(s)

2019-01-03 21:16:51 - [TEST_STEP][PASSED] - doubleClick: Object: 'Object Repository/Final Object Repo/WorkFlow Listing Page/Workflow Found - Listing 1' is double clicked on

2019-01-03 21:16:51 - [MESSAGE][PASSED] - Object: 'Object Repository/Final Object Repo/WorkFlow Listing Page/Workflow Found - Listing 1' is double clicked on

2019-01-03 21:16:51 - [TEST_STEP][PASSED] - Statement - println(OwnerID): null

2019-01-03 21:16:51 - [TEST_STEP][PASSED] - Statement - OwnerID = com.kms.katalon.core.webui.keyword.WebUiBuiltInKeywords.getText(com.kms.katalon.core.testobject.ObjectRepository.findTestObject(Final Object Repo/WorkFlow Listing Page/Workflow Found - Listing 1), STOP_ON_FAILURE): Text of object 'Object Repository/Final Object Repo/WorkFlow Listing Page/Workflow Found - Listing 1' is: 'JOHORuo1'

2019-01-03 21:16:51 - [MESSAGE][PASSED] - Text of object 'Object Repository/Final Object Repo/WorkFlow Listing Page/Workflow Found - Listing 1' is: 'JOHORuo1'

2019-01-03 21:16:51 - [TEST_STEP][PASSED] - Statement - OwnerID = OwnerID.toLowerCase() + "@gmail.com": null

2019-01-03 21:16:51 - [TEST_STEP][PASSED] - Statement - println(OwnerID): null

2019-01-03 21:16:51 - [TEST_STEP][PASSED] - delay: Delayed 2 second(s)

2019-01-03 21:16:53 - [MESSAGE][PASSED] - Delayed 2 second(s)

2019-01-03 21:16:53 - [MESSAGE][PASSED] - Call Test Case 'Test Cases/Final Aug 2018 - PKS Automation/Common/Workflow Owner Finder' successfully

2019-01-03 21:16:53 - [TEST_STEP][PASSED] - delay: Delayed 2 second(s)

2019-01-03 21:16:55 - [MESSAGE][PASSED] - Delayed 2 second(s)

2019-01-03 21:16:55 - [TEST_STEP][PASSED] - navigateToUrl: Navigate to 'https://assist2-uat.perkeso.gov.my/c/portal/logout' successfully

2019-01-03 21:16:56 - [MESSAGE][PASSED] - Navigate to 'https://assist2-uat.perkeso.gov.my/c/portal/logout' successfully

2019-01-03 21:16:56 - [TEST_STEP][PASSED] - delay: Delayed 2 second(s)

2019-01-03 21:16:58 - [MESSAGE][PASSED] - Delayed 2 second(s)

2019-01-03 21:16:58 - [TEST_STEP][PASSED] - callTestCase: Call Test Case 'Test Cases/Final Aug 2018 - PKS Automation/Registration Module/Workflow/Login and Search Case For Workflow' successfully

2019-01-03 21:16:58 - [TEST_CASE][PASSED] - Test Cases/Final Aug 2018 - PKS Automation/Registration Module/Workflow/Login and Search Case For Workflow: Test Cases/Final Aug 2018 - PKS Automation/Registration Module/Workflow/Login and Search Case For Workflow

2019-01-03 21:16:58 - [TEST_STEP][PASSED] - navigateToUrl: Navigate to 'https://assist2-uat.perkeso.gov.my/login' successfully

2019-01-03 21:16:59 - [MESSAGE][PASSED] - Navigate to 'https://assist2-uat.perkeso.gov.my/login' successfully

2019-01-03 21:16:59 - [TEST_STEP][PASSED] - setText: Text 'johoruo1@gmail.com' is set on object 'Object Repository/Final Object Repo/Login Page/Internal User/Email Address'

2019-01-03 21:16:59 - [MESSAGE][PASSED] - Text 'johoruo1@gmail.com' is set on object 'Object Repository/Final Object Repo/Login Page/Internal User/Email Address'

2019-01-03 21:16:59 - [TEST_STEP][PASSED] - click: Object: 'Object Repository/Final Object Repo/Login Page/Internal User/Next Button' is clicked on

2019-01-03 21:16:59 - [MESSAGE][PASSED] - Object: 'Object Repository/Final Object Repo/Login Page/Internal User/Next Button' is clicked on

2019-01-03 21:16:59 - [TEST_STEP][PASSED] - delay: Delayed 1 second(s)

2019-01-03 21:17:00 - [MESSAGE][PASSED] - Delayed 1 second(s)

2019-01-03 21:17:00 - [TEST_STEP][PASSED] - setEncryptedText: Text ****** has been set on object 'Object Repository/Final Object Repo/Login Page/Internal User/Password'

2019-01-03 21:17:00 - [MESSAGE][PASSED] - Text ****** has been set on object 'Object Repository/Final Object Repo/Login Page/Internal User/Password'

2019-01-03 21:17:00 - [TEST_STEP][PASSED] - click: Object: 'Object Repository/Final Object Repo/Login Page/Internal User/Login Button' is clicked on

2019-01-03 21:17:00 - [MESSAGE][PASSED] - Object: 'Object Repository/Final Object Repo/Login Page/Internal User/Login Button' is clicked on

2019-01-03 21:17:00 - [TEST_STEP][PASSED] - delay: Delayed 2 second(s)

2019-01-03 21:17:02 - [MESSAGE][PASSED] - Delayed 2 second(s)

2019-01-03 21:17:02 - [TEST_STEP][PASSED] - Statement - Try: Delayed 2 second(s)

2019-01-03 21:17:02 - [TEST_STEP][PASSED] - Statement - Checker = false: null

2019-01-03 21:17:02 - [TEST_STEP][PASSED] - Statement - Checker = com.kms.katalon.core.webui.keyword.WebUiBuiltInKeywords.verifyElementHasAttribute(com.kms.katalon.core.testobject.ObjectRepository.findTestObject(Final Object Repo/Landing Page/BM Detecting), "href", 20, OPTIONAL): Object 'Object Repository/Final Object Repo/Landing Page/BM Detecting' has attribute 'href'

2019-01-03 21:17:02 - [MESSAGE][PASSED] - Object 'Object Repository/Final Object Repo/Landing Page/BM Detecting' has attribute 'href'

2019-01-03 21:17:02 - [TEST_STEP][PASSED] - Statement - out.println(Checker): null

2019-01-03 21:17:02 - [TEST_STEP][PASSED] - Statement - If (Checker == false): null

2019-01-03 21:17:02 - [TEST_STEP][PASSED] - Statement - Else: null

2019-01-03 21:17:02 - [TEST_STEP][PASSED] - delay: Delayed 2 second(s)

2019-01-03 21:17:04 - [MESSAGE][PASSED] - Delayed 2 second(s)

2019-01-03 21:17:04 - [TEST_STEP][PASSED] - click: Object: 'Object Repository/Final Object Repo/Page_MyASSIST - ASSIST - Search Pending Case For Add Supporting Document/Search Information' is clicked on

2019-01-03 21:17:05 - [MESSAGE][PASSED] - Object: 'Object Repository/Final Object Repo/Page_MyASSIST - ASSIST - Search Pending Case For Add Supporting Document/Search Information' is clicked on

2019-01-03 21:17:05 - [TEST_STEP][PASSED] - delay: Delayed 3 second(s)

2019-01-03 21:17:08 - [MESSAGE][PASSED] - Delayed 3 second(s)

2019-01-03 21:17:08 - [TEST_STEP][PASSED] - sendKeys: Keys 'CUN012019C100006157' sent to object: 'Object Repository/Final Object Repo/Page_MyASSIST - ASSIST - Search Pending Case For Add Supporting Document/Reference No'

2019-01-03 21:17:08 - [MESSAGE][PASSED] - Keys 'CUN012019C100006157' sent to object: 'Object Repository/Final Object Repo/Page_MyASSIST - ASSIST - Search Pending Case For Add Supporting Document/Reference No'

2019-01-03 21:17:08 - [TEST_STEP][PASSED] - click: Object: 'Object Repository/Final Object Repo/Page_MyASSIST - ASSIST - Search Pending Case For Add Supporting Document/Search Reference No' is clicked on

2019-01-03 21:17:08 - [MESSAGE][PASSED] - Object: 'Object Repository/Final Object Repo/Page_MyASSIST - ASSIST - Search Pending Case For Add Supporting Document/Search Reference No' is clicked on

2019-01-03 21:17:08 - [TEST_STEP][PASSED] - delay: Delayed 2 second(s)

2019-01-03 21:17:10 - [MESSAGE][PASSED] - Delayed 2 second(s)

2019-01-03 21:17:10 - [TEST_STEP][PASSED] - click: Object: 'Object Repository/Final Object Repo/Page_MyASSIST - ASSIST - Search Pending Case For Add Supporting Document/Continue' is clicked on

2019-01-03 21:17:14 - [MESSAGE][PASSED] - Object: 'Object Repository/Final Object Repo/Page_MyASSIST - ASSIST - Search Pending Case For Add Supporting Document/Continue' is clicked on

2019-01-03 21:17:14 - [TEST_STEP][PASSED] - delay: Delayed 20 second(s)

2019-01-03 21:17:34 - [MESSAGE][PASSED] - Delayed 20 second(s)

2019-01-03 21:17:34 - [MESSAGE][PASSED] - Call Test Case 'Test Cases/Final Aug 2018 - PKS Automation/Registration Module/Workflow/Login and Search Case For Workflow' successfully

2019-01-03 21:17:34 - [TEST_STEP][PASSED] - delay: Delayed 2 second(s)

2019-01-03 21:17:36 - [MESSAGE][PASSED] - Delayed 2 second(s)

2019-01-03 21:17:36 - [TEST_STEP][PASSED] - click: Object: 'Object Repository/Final Object Repo/Page_Update Employee Information By Employer/Page_Update Employee Information by Employer (Approve)/Continue' is clicked on

2019-01-03 21:17:39 - [MESSAGE][PASSED] - Object: 'Object Repository/Final Object Repo/Page_Update Employee Information By Employer/Page_Update Employee Information by Employer (Approve)/Continue' is clicked on

2019-01-03 21:17:39 - [TEST_STEP][PASSED] - delay: Delayed 2 second(s)

2019-01-03 21:17:41 - [MESSAGE][PASSED] - Delayed 2 second(s)

2019-01-03 21:17:41 - [TEST_STEP][PASSED] - click: Object: 'Object Repository/Final Object Repo/Page_Update Employee Information By Employer/Page_Update Employee Information by Employer (Approve)/Save  Continue in Update Employee Information Page' is clicked on

2019-01-03 21:17:42 - [MESSAGE][PASSED] - Object: 'Object Repository/Final Object Repo/Page_Update Employee Information By Employer/Page_Update Employee Information by Employer (Approve)/Save  Continue in Update Employee Information Page' is clicked on

2019-01-03 21:17:42 - [TEST_STEP][PASSED] - delay: Delayed 4 second(s)

2019-01-03 21:17:46 - [MESSAGE][PASSED] - Delayed 4 second(s)

2019-01-03 21:17:46 - [TEST_STEP][PASSED] - click: Object: 'Object Repository/Final Object Repo/Page_Update Employee Information By Employer/Page_Update Employee Information by Employer (Approve)/Save  Continue in Upload Supporting Doucument Page' is clicked on

2019-01-03 21:17:46 - [MESSAGE][PASSED] - Object: 'Object Repository/Final Object Repo/Page_Update Employee Information By Employer/Page_Update Employee Information by Employer (Approve)/Save  Continue in Upload Supporting Doucument Page' is clicked on

2019-01-03 21:17:46 - [TEST_STEP][PASSED] - delay: Delayed 2 second(s)

2019-01-03 21:17:48 - [MESSAGE][PASSED] - Delayed 2 second(s)

2019-01-03 21:17:48 - [TEST_STEP][PASSED] - click: Object: 'Object Repository/Final Object Repo/Page_Update Employee Information By Employer/Page_Update Employee Information by Employer (Under enforcement)/Under enforcement' is clicked on

2019-01-03 21:17:49 - [MESSAGE][PASSED] - Object: 'Object Repository/Final Object Repo/Page_Update Employee Information By Employer/Page_Update Employee Information by Employer (Under enforcement)/Under enforcement' is clicked on

2019-01-03 21:17:49 - [TEST_STEP][PASSED] - delay: Delayed 2 second(s)

2019-01-03 21:17:51 - [MESSAGE][PASSED] - Delayed 2 second(s)

2019-01-03 21:17:51 - [TEST_STEP][PASSED] - setText: Text 'Remark' is set on object 'Object Repository/Final Object Repo/Page_Update Employee Information By Employer/Page_Update Employee Information by Employer (Under enforcement)/Under enforcement - Remark'

2019-01-03 21:17:52 - [MESSAGE][PASSED] - Text 'Remark' is set on object 'Object Repository/Final Object Repo/Page_Update Employee Information By Employer/Page_Update Employee Information by Employer (Under enforcement)/Under enforcement - Remark'

2019-01-03 21:17:52 - [TEST_STEP][PASSED] - delay: Delayed 2 second(s)

2019-01-03 21:17:54 - [MESSAGE][PASSED] - Delayed 2 second(s)

2019-01-03 21:17:54 - [TEST_STEP][PASSED] - click: Object: 'Object Repository/Final Object Repo/Page_Update Employee Information By Employer/Page_Update Employee Information by Employer (Under enforcement)/Save  Continu in Under enforcement Page' is clicked on

2019-01-03 21:17:54 - [MESSAGE][PASSED] - Object: 'Object Repository/Final Object Repo/Page_Update Employee Information By Employer/Page_Update Employee Information by Employer (Under enforcement)/Save  Continu in Under enforcement Page' is clicked on

2019-01-03 21:17:54 - [TEST_STEP][PASSED] - delay: Delayed 2 second(s)

2019-01-03 21:17:56 - [MESSAGE][PASSED] - Delayed 2 second(s)

2019-01-03 21:17:56 - [TEST_STEP][PASSED] - click: Object: 'Object Repository/Final Object Repo/Page_Update Employee Information By Employer/Page_Update Employee Information by Employer (Under enforcement)/Under enforceme Message The case is under enforcement' is clicked on

2019-01-03 21:17:57 - [MESSAGE][PASSED] - Object: 'Object Repository/Final Object Repo/Page_Update Employee Information By Employer/Page_Update Employee Information by Employer (Under enforcement)/Under enforceme Message The case is under enforcement' is clicked on

2019-01-03 21:17:57 - [TEST_STEP][PASSED] - click: Object: 'Object Repository/Final Object Repo/Page_Update Employee Information By Employer/Page_Update Employee Information by Employer (Under enforcement)/Under enforcement - OK button' is clicked on

2019-01-03 21:17:58 - [MESSAGE][PASSED] - Object: 'Object Repository/Final Object Repo/Page_Update Employee Information By Employer/Page_Update Employee Information by Employer (Under enforcement)/Under enforcement - OK button' is clicked on

2019-01-03 21:17:58 - [MESSAGE][PASSED] - Call Test Case 'Test Cases/Final Aug 2018 - PKS Automation/Registration Module/Workflow/Update Employee Information (Employer)/Template/Update Employee Information - Special Case - UO (UnderEnforcement)' successfully]]></system-out>
         <system-err><![CDATA[]]></system-err>
      </testcase>
      <testcase name="Test Cases/Final Aug 2018 - PKS Automation/Registration Module/Workflow/Update Employee Information (Employer)/PAU to UO (Approve)" classname="Test Cases/Final Aug 2018 - PKS Automation/Registration Module/Workflow/Update Employee Information (Employer)/PAU to UO (Approve)" status="PASSED">
         <system-out><![CDATA[2019-01-03 21:17:58 - [TEST_CASE][PASSED] - Test Cases/Final Aug 2018 - PKS Automation/Registration Module/Workflow/Update Employee Information (Employer)/PAU to UO (Approve): Test Cases/Final Aug 2018 - PKS Automation/Registration Module/Workflow/Update Employee Information (Employer)/PAU to UO (Approve)

2019-01-03 21:17:58 - [TEST_STEP][PASSED] - callTestCase: Call Test Case 'Test Cases/Final Aug 2018 - PKS Automation/Registration Module/Workflow/Update Employee Information (Employer)/Template/Update Employer Information - Special Case (PAU)' successfully

2019-01-03 21:17:58 - [TEST_CASE][PASSED] - Test Cases/Final Aug 2018 - PKS Automation/Registration Module/Workflow/Update Employee Information (Employer)/Template/Update Employer Information - Special Case (PAU): Test Cases/Final Aug 2018 - PKS Automation/Registration Module/Workflow/Update Employee Information (Employer)/Template/Update Employer Information - Special Case (PAU)

2019-01-03 21:17:59 - [TEST_STEP][PASSED] - openBrowser: Browser is opened with url: ''

2019-01-03 21:17:59 - [MESSAGE][WARNING] - A browser is already opened. Closing browser and opening a new one

2019-01-03 21:18:03 - [MESSAGE][PASSED] - Browser is opened with url: ''

2019-01-03 21:18:03 - [TEST_STEP][PASSED] - navigateToUrl: Navigate to 'https://assist2-uat.perkeso.gov.my/login' successfully

2019-01-03 21:18:04 - [MESSAGE][PASSED] - Navigate to 'https://assist2-uat.perkeso.gov.my/login' successfully

2019-01-03 21:18:04 - [TEST_STEP][PASSED] - setText: Text 'johorpau1@gmail.com' is set on object 'Object Repository/Final Object Repo/Login Page/Internal User/Email Address'

2019-01-03 21:18:04 - [MESSAGE][PASSED] - Text 'johorpau1@gmail.com' is set on object 'Object Repository/Final Object Repo/Login Page/Internal User/Email Address'

2019-01-03 21:18:04 - [TEST_STEP][PASSED] - click: Object: 'Object Repository/Final Object Repo/Login Page/Internal User/Next Button' is clicked on

2019-01-03 21:18:04 - [MESSAGE][PASSED] - Object: 'Object Repository/Final Object Repo/Login Page/Internal User/Next Button' is clicked on

2019-01-03 21:18:04 - [TEST_STEP][PASSED] - delay: Delayed 1 second(s)

2019-01-03 21:18:05 - [MESSAGE][PASSED] - Delayed 1 second(s)

2019-01-03 21:18:05 - [TEST_STEP][PASSED] - setEncryptedText: Text ****** has been set on object 'Object Repository/Final Object Repo/Login Page/Internal User/Password'

2019-01-03 21:18:05 - [MESSAGE][PASSED] - Text ****** has been set on object 'Object Repository/Final Object Repo/Login Page/Internal User/Password'

2019-01-03 21:18:05 - [TEST_STEP][PASSED] - click: Object: 'Object Repository/Final Object Repo/Login Page/Internal User/Login Button' is clicked on

2019-01-03 21:18:05 - [MESSAGE][PASSED] - Object: 'Object Repository/Final Object Repo/Login Page/Internal User/Login Button' is clicked on

2019-01-03 21:18:05 - [TEST_STEP][PASSED] - Statement - tester = com.kms.katalon.core.testobject.ObjectRepository.findTestObject(Final Object Repo/Landing Page/Select to English): Finding Test Object with id 'Object Repository/Final Object Repo/Landing Page/Select to English'

2019-01-03 21:18:05 - [TEST_STEP][PASSED] - Statement - Try: Delayed 2 second(s)

2019-01-03 21:18:05 - [TEST_STEP][PASSED] - Statement - Checker = com.kms.katalon.core.webui.keyword.WebUiBuiltInKeywords.verifyElementNotPresent(tester, 3): Web element with id: 'Object Repository/Final Object Repo/Landing Page/Select to English' located by 'By.xpath: //a[@class = 'taglib-language-list-text' and @lang = 'en-US' and (contains(text(), 'EN') or contains(., 'EN'))]' is not present after '3' second(s)

2019-01-03 21:18:07 - [MESSAGE][PASSED] - Web element with id: 'Object Repository/Final Object Repo/Landing Page/Select to English' located by 'By.xpath: //a[@class = 'taglib-language-list-text' and @lang = 'en-US' and (contains(text(), 'EN') or contains(., 'EN'))]' is not present after '3' second(s)

2019-01-03 21:18:07 - [TEST_STEP][PASSED] - Statement - If (Checker == false): null

2019-01-03 21:18:07 - [TEST_STEP][PASSED] - delay: Delayed 2 second(s)

2019-01-03 21:18:09 - [MESSAGE][PASSED] - Delayed 2 second(s)

2019-01-03 21:18:09 - [TEST_STEP][PASSED] - delay: Delayed 5 second(s)

2019-01-03 21:18:14 - [MESSAGE][PASSED] - Delayed 5 second(s)

2019-01-03 21:18:14 - [TEST_STEP][PASSED] - navigateToUrl: Navigate to 'https://assist2-uat.perkeso.gov.my/web/registration/update/update-employee-information-employer-' successfully

2019-01-03 21:18:15 - [MESSAGE][PASSED] - Navigate to 'https://assist2-uat.perkeso.gov.my/web/registration/update/update-employee-information-employer-' successfully

2019-01-03 21:18:15 - [TEST_STEP][PASSED] - setText: Text 'E1102001065V' is set on object 'Object Repository/Final Object Repo/Page_Update Employee Information By Employer/Employer Code'

2019-01-03 21:18:15 - [MESSAGE][PASSED] - Text 'E1102001065V' is set on object 'Object Repository/Final Object Repo/Page_Update Employee Information By Employer/Employer Code'

2019-01-03 21:18:15 - [TEST_STEP][PASSED] - click: Object: 'Object Repository/Final Object Repo/Page_Update Employee Information By Employer/Search Employer Code' is clicked on

2019-01-03 21:18:16 - [MESSAGE][PASSED] - Object: 'Object Repository/Final Object Repo/Page_Update Employee Information By Employer/Search Employer Code' is clicked on

2019-01-03 21:18:16 - [TEST_STEP][PASSED] - click: Object: 'Object Repository/Final Object Repo/Page_Update Employee Information By Employer/Edit Button' is clicked on

2019-01-03 21:18:19 - [MESSAGE][PASSED] - Object: 'Object Repository/Final Object Repo/Page_Update Employee Information By Employer/Edit Button' is clicked on

2019-01-03 21:18:19 - [TEST_STEP][PASSED] - click: Object: 'Object Repository/Final Object Repo/Page_Update Employee Information By Employer/Employee Name or New Identification' is clicked on

2019-01-03 21:18:19 - [MESSAGE][PASSED] - Object: 'Object Repository/Final Object Repo/Page_Update Employee Information By Employer/Employee Name or New Identification' is clicked on

2019-01-03 21:18:19 - [TEST_STEP][PASSED] - delay: Delayed 1 second(s)

2019-01-03 21:18:20 - [MESSAGE][PASSED] - Delayed 1 second(s)

2019-01-03 21:18:20 - [TEST_STEP][PASSED] - click: Object: 'Object Repository/Final Object Repo/Page_Update Employee Information By Employer/Selection - Employee Name' is clicked on

2019-01-03 21:18:20 - [MESSAGE][PASSED] - Object: 'Object Repository/Final Object Repo/Page_Update Employee Information By Employer/Selection - Employee Name' is clicked on

2019-01-03 21:18:20 - [TEST_STEP][PASSED] - delay: Delayed 1 second(s)

2019-01-03 21:18:21 - [MESSAGE][PASSED] - Delayed 1 second(s)

2019-01-03 21:18:21 - [TEST_STEP][PASSED] - setText: Text 'PERKESO' is set on object 'Object Repository/Final Object Repo/Page_Update Employee Information By Employer/Employee Name'

2019-01-03 21:18:22 - [MESSAGE][PASSED] - Text 'PERKESO' is set on object 'Object Repository/Final Object Repo/Page_Update Employee Information By Employer/Employee Name'

2019-01-03 21:18:22 - [TEST_STEP][PASSED] - delay: Delayed 2 second(s)

2019-01-03 21:18:24 - [MESSAGE][PASSED] - Delayed 2 second(s)

2019-01-03 21:18:24 - [TEST_STEP][PASSED] - click: Object: 'Object Repository/Final Object Repo/Page_Update Employee Information By Employer/Search Employee' is clicked on

2019-01-03 21:18:24 - [MESSAGE][PASSED] - Object: 'Object Repository/Final Object Repo/Page_Update Employee Information By Employer/Search Employee' is clicked on

2019-01-03 21:18:24 - [TEST_STEP][PASSED] - delay: Delayed 3 second(s)

2019-01-03 21:18:27 - [MESSAGE][PASSED] - Delayed 3 second(s)

2019-01-03 21:18:27 - [TEST_STEP][PASSED] - click: Object: 'Object Repository/Final Object Repo/Page_Update Employee Information By Employer/Employee Edit Button' is clicked on

2019-01-03 21:18:27 - [MESSAGE][PASSED] - Object: 'Object Repository/Final Object Repo/Page_Update Employee Information By Employer/Employee Edit Button' is clicked on

2019-01-03 21:18:27 - [TEST_STEP][PASSED] - delay: Delayed 3 second(s)

2019-01-03 21:18:30 - [MESSAGE][PASSED] - Delayed 3 second(s)

2019-01-03 21:18:30 - [TEST_STEP][PASSED] - setText: Text '' is set on object 'Object Repository/Final Object Repo/Page_Update Employee Information By Employer/Identification Number'

2019-01-03 21:18:30 - [MESSAGE][PASSED] - Text '' is set on object 'Object Repository/Final Object Repo/Page_Update Employee Information By Employer/Identification Number'

2019-01-03 21:18:30 - [TEST_STEP][PASSED] - Statement - rnd = new java.util.Random(): null

2019-01-03 21:18:30 - [TEST_STEP][PASSED] - Statement - snum = rnd.nextInt(899999 + 1) + 100000: null

2019-01-03 21:18:30 - [TEST_STEP][PASSED] - Statement - tnum = rnd.nextInt(899999 + 1) + 100000: null

2019-01-03 21:18:30 - [TEST_STEP][PASSED] - Statement - IC = java.lang.Integer.toString(snum) + java.lang.Integer.toString(tnum): null

2019-01-03 21:18:30 - [TEST_STEP][PASSED] - Statement - out.println(IC): null

2019-01-03 21:18:30 - [TEST_STEP][PASSED] - setText: Text '781580860265' is set on object 'Object Repository/Final Object Repo/Page_Update Employee Information By Employer/Identification Number'

2019-01-03 21:18:31 - [MESSAGE][PASSED] - Text '781580860265' is set on object 'Object Repository/Final Object Repo/Page_Update Employee Information By Employer/Identification Number'

2019-01-03 21:18:31 - [TEST_STEP][PASSED] - click: Object: 'Object Repository/Final Object Repo/Page_Update Employee Information By Employer/Save' is clicked on

2019-01-03 21:18:31 - [MESSAGE][PASSED] - Object: 'Object Repository/Final Object Repo/Page_Update Employee Information By Employer/Save' is clicked on

2019-01-03 21:18:31 - [TEST_STEP][PASSED] - delay: Delayed 5 second(s)

2019-01-03 21:18:36 - [MESSAGE][PASSED] - Delayed 5 second(s)

2019-01-03 21:18:36 - [TEST_STEP][PASSED] - Statement - CaseReferenceNo = com.kms.katalon.core.webui.keyword.WebUiBuiltInKeywords.getText(com.kms.katalon.core.testobject.ObjectRepository.findTestObject(Final Object Repo/Reference Number/Reference Number in Update Employee Information Page)): Text of object 'Object Repository/Final Object Repo/Reference Number/Reference Number in Update Employee Information Page' is: 'CUN012019C100006158'

2019-01-03 21:18:36 - [MESSAGE][PASSED] - Text of object 'Object Repository/Final Object Repo/Reference Number/Reference Number in Update Employee Information Page' is: 'CUN012019C100006158'

2019-01-03 21:18:36 - [TEST_STEP][PASSED] - callTestCase: Call Test Case 'Test Cases/Final Aug 2018 - PKS Automation/Common/Reference Number Setter' successfully

2019-01-03 21:18:36 - [TEST_CASE][PASSED] - Test Cases/Final Aug 2018 - PKS Automation/Common/Reference Number Setter: Test Cases/Final Aug 2018 - PKS Automation/Common/Reference Number Setter

2019-01-03 21:18:36 - [TEST_STEP][PASSED] - Statement - RefNoOldFile = new java.io.File(C://Users//Admin//Desktop//PKS//Automation Reference Point//KatalonReference.txt): null

2019-01-03 21:18:36 - [TEST_STEP][PASSED] - Statement - RefNoOldFile.delete(): null

2019-01-03 21:18:36 - [TEST_STEP][PASSED] - delay: Delayed 5 second(s)

2019-01-03 21:18:41 - [MESSAGE][PASSED] - Delayed 5 second(s)

2019-01-03 21:18:41 - [TEST_STEP][PASSED] - Statement - RefNo = new java.io.File(C://Users//Admin//Desktop//PKS//Automation Reference Point//KatalonReference.txt): null

2019-01-03 21:18:41 - [TEST_STEP][PASSED] - Statement - f2 = new java.io.FileWriter(RefNo, false): null

2019-01-03 21:18:41 - [TEST_STEP][PASSED] - Statement - f2.write(CaseReferenceNo): null

2019-01-03 21:18:41 - [TEST_STEP][PASSED] - Statement - f2.close(): null

2019-01-03 21:18:41 - [TEST_STEP][PASSED] - Statement - out.println("


" + CaseReferenceNo + "


"): null

2019-01-03 21:18:41 - [MESSAGE][PASSED] - Call Test Case 'Test Cases/Final Aug 2018 - PKS Automation/Common/Reference Number Setter' successfully

2019-01-03 21:18:41 - [TEST_STEP][PASSED] - delay: Delayed 5 second(s)

2019-01-03 21:18:46 - [MESSAGE][PASSED] - Delayed 5 second(s)

2019-01-03 21:18:46 - [TEST_STEP][PASSED] - click: Object: 'Object Repository/Final Object Repo/Page_Update Employee Information By Employer/Save  Continue in  Employee Information Page' is clicked on

2019-01-03 21:18:46 - [MESSAGE][PASSED] - Object: 'Object Repository/Final Object Repo/Page_Update Employee Information By Employer/Save  Continue in  Employee Information Page' is clicked on

2019-01-03 21:18:46 - [TEST_STEP][PASSED] - delay: Delayed 5 second(s)

2019-01-03 21:18:51 - [MESSAGE][PASSED] - Delayed 5 second(s)

2019-01-03 21:18:51 - [TEST_STEP][PASSED] - click: Object: 'Object Repository/Final Object Repo/Page_Update Employee Information By Employer/Save  Continue in Uploading Page 1' is clicked on

2019-01-03 21:18:51 - [MESSAGE][PASSED] - Object: 'Object Repository/Final Object Repo/Page_Update Employee Information By Employer/Save  Continue in Uploading Page 1' is clicked on

2019-01-03 21:18:51 - [TEST_STEP][PASSED] - delay: Delayed 5 second(s)

2019-01-03 21:18:56 - [MESSAGE][PASSED] - Delayed 5 second(s)

2019-01-03 21:18:56 - [TEST_STEP][PASSED] - click: Object: 'Object Repository/Final Object Repo/Page_Update Employee Information By Employer/Submit' is clicked on

2019-01-03 21:18:56 - [MESSAGE][PASSED] - Object: 'Object Repository/Final Object Repo/Page_Update Employee Information By Employer/Submit' is clicked on

2019-01-03 21:18:56 - [TEST_STEP][PASSED] - delay: Delayed 5 second(s)

2019-01-03 21:19:01 - [MESSAGE][PASSED] - Delayed 5 second(s)

2019-01-03 21:19:01 - [TEST_STEP][PASSED] - click: Object: 'Object Repository/Final Object Repo/Page_Update Employee Information By Employer/Confirm' is clicked on

2019-01-03 21:19:02 - [MESSAGE][PASSED] - Object: 'Object Repository/Final Object Repo/Page_Update Employee Information By Employer/Confirm' is clicked on

2019-01-03 21:19:02 - [TEST_STEP][PASSED] - delay: Delayed 5 second(s)

2019-01-03 21:19:07 - [MESSAGE][PASSED] - Delayed 5 second(s)

2019-01-03 21:19:07 - [TEST_STEP][PASSED] - verifyElementVisible: Object 'Object Repository/Final Object Repo/Page_Update Employee Information By Employer/Successfull Message Routed to UO' is visible

2019-01-03 21:19:07 - [MESSAGE][PASSED] - Object 'Object Repository/Final Object Repo/Page_Update Employee Information By Employer/Successfull Message Routed to UO' is visible

2019-01-03 21:19:07 - [MESSAGE][PASSED] - Call Test Case 'Test Cases/Final Aug 2018 - PKS Automation/Registration Module/Workflow/Update Employee Information (Employer)/Template/Update Employer Information - Special Case (PAU)' successfully

2019-01-03 21:19:07 - [TEST_STEP][PASSED] - callTestCase: Call Test Case 'Test Cases/Final Aug 2018 - PKS Automation/Registration Module/Workflow/Update Employee Information (Employer)/Template/Update Employee Information - Special Case - UO (Approve)' successfully

2019-01-03 21:19:07 - [TEST_CASE][PASSED] - Test Cases/Final Aug 2018 - PKS Automation/Registration Module/Workflow/Update Employee Information (Employer)/Template/Update Employee Information - Special Case - UO (Approve): Test Cases/Final Aug 2018 - PKS Automation/Registration Module/Workflow/Update Employee Information (Employer)/Template/Update Employee Information - Special Case - UO (Approve)

2019-01-03 21:19:07 - [TEST_STEP][NOT_RUN] - callTestCase: NOT_RUN: callTestCase

2019-01-03 21:19:07 - [MESSAGE][NOT_RUN] - NOT_RUN: callTestCase

2019-01-03 21:19:07 - [TEST_STEP][PASSED] - delay: Delayed 2 second(s)

2019-01-03 21:19:09 - [MESSAGE][PASSED] - Delayed 2 second(s)

2019-01-03 21:19:09 - [TEST_STEP][PASSED] - navigateToUrl: Navigate to 'https://assist2-uat.perkeso.gov.my/c/portal/logout' successfully

2019-01-03 21:19:10 - [MESSAGE][PASSED] - Navigate to 'https://assist2-uat.perkeso.gov.my/c/portal/logout' successfully

2019-01-03 21:19:10 - [TEST_STEP][PASSED] - delay: Delayed 2 second(s)

2019-01-03 21:19:12 - [MESSAGE][PASSED] - Delayed 2 second(s)

2019-01-03 21:19:12 - [TEST_STEP][PASSED] - callTestCase: Call Test Case 'Test Cases/Final Aug 2018 - PKS Automation/Common/Reference Number Getter' successfully

2019-01-03 21:19:12 - [TEST_CASE][PASSED] - Test Cases/Final Aug 2018 - PKS Automation/Common/Reference Number Getter: Test Cases/Final Aug 2018 - PKS Automation/Common/Reference Number Getter

2019-01-03 21:19:12 - [TEST_STEP][PASSED] - Statement - Try: null

2019-01-03 21:19:12 - [TEST_STEP][PASSED] - Statement - RefNo = new java.io.File(C://Users//Admin//Desktop//PKS//Automation Reference Point//KatalonReference.txt): null

2019-01-03 21:19:12 - [TEST_STEP][PASSED] - Statement - bufferread = new java.io.BufferedReader(new java.io.FileReader(RefNo)): null

2019-01-03 21:19:12 - [TEST_STEP][PASSED] - Statement - readedVal = bufferread.readLine(): null

2019-01-03 21:19:12 - [TEST_STEP][PASSED] - Statement - out.println(CaseReferenceNo): null

2019-01-03 21:19:12 - [TEST_STEP][PASSED] - Statement - out.println(readedVal): null

2019-01-03 21:19:12 - [TEST_STEP][PASSED] - Statement - CaseReferenceNo = "": null

2019-01-03 21:19:12 - [TEST_STEP][PASSED] - Statement - CaseReferenceNo = readedVal: null

2019-01-03 21:19:12 - [MESSAGE][PASSED] - Call Test Case 'Test Cases/Final Aug 2018 - PKS Automation/Common/Reference Number Getter' successfully

2019-01-03 21:19:12 - [TEST_STEP][PASSED] - callTestCase: Call Test Case 'Test Cases/Final Aug 2018 - PKS Automation/Common/Workflow Owner Finder' successfully

2019-01-03 21:19:12 - [TEST_CASE][PASSED] - Test Cases/Final Aug 2018 - PKS Automation/Common/Workflow Owner Finder: Test Cases/Final Aug 2018 - PKS Automation/Common/Workflow Owner Finder

2019-01-03 21:19:12 - [TEST_STEP][PASSED] - openBrowser: Browser is opened with url: ''

2019-01-03 21:19:12 - [MESSAGE][WARNING] - A browser is already opened. Closing browser and opening a new one

2019-01-03 21:19:16 - [MESSAGE][PASSED] - Browser is opened with url: ''

2019-01-03 21:19:16 - [TEST_STEP][PASSED] - navigateToUrl: Navigate to 'https://assist2-uat.perkeso.gov.my/login' successfully

2019-01-03 21:19:17 - [MESSAGE][PASSED] - Navigate to 'https://assist2-uat.perkeso.gov.my/login' successfully

2019-01-03 21:19:17 - [TEST_STEP][PASSED] - delay: Delayed 5 second(s)

2019-01-03 21:19:22 - [MESSAGE][PASSED] - Delayed 5 second(s)

2019-01-03 21:19:22 - [TEST_STEP][PASSED] - setText: Text 'test@liferay.com' is set on object 'Object Repository/Final Object Repo/Login Page/Internal User/Email Address'

2019-01-03 21:19:22 - [MESSAGE][PASSED] - Text 'test@liferay.com' is set on object 'Object Repository/Final Object Repo/Login Page/Internal User/Email Address'

2019-01-03 21:19:22 - [TEST_STEP][PASSED] - click: Object: 'Object Repository/Final Object Repo/Login Page/Internal User/Next Button' is clicked on

2019-01-03 21:19:22 - [MESSAGE][PASSED] - Object: 'Object Repository/Final Object Repo/Login Page/Internal User/Next Button' is clicked on

2019-01-03 21:19:22 - [TEST_STEP][PASSED] - delay: Delayed 2 second(s)

2019-01-03 21:19:24 - [MESSAGE][PASSED] - Delayed 2 second(s)

2019-01-03 21:19:24 - [TEST_STEP][PASSED] - setText: Text 'test' is set on object 'Object Repository/Final Object Repo/Login Page/Internal User/Password'

2019-01-03 21:19:24 - [MESSAGE][PASSED] - Text 'test' is set on object 'Object Repository/Final Object Repo/Login Page/Internal User/Password'

2019-01-03 21:19:24 - [TEST_STEP][PASSED] - delay: Delayed 2 second(s)

2019-01-03 21:19:26 - [MESSAGE][PASSED] - Delayed 2 second(s)

2019-01-03 21:19:26 - [TEST_STEP][PASSED] - click: Object: 'Object Repository/Final Object Repo/Login Page/Internal User/Login Button' is clicked on

2019-01-03 21:19:26 - [MESSAGE][PASSED] - Object: 'Object Repository/Final Object Repo/Login Page/Internal User/Login Button' is clicked on

2019-01-03 21:19:26 - [TEST_STEP][PASSED] - Statement - tester = com.kms.katalon.core.testobject.ObjectRepository.findTestObject(Final Object Repo/Landing Page/Select to English): Finding Test Object with id 'Object Repository/Final Object Repo/Landing Page/Select to English'

2019-01-03 21:19:26 - [TEST_STEP][PASSED] - Statement - Try: Delayed 2 second(s)

2019-01-03 21:19:26 - [TEST_STEP][PASSED] - Statement - Checker = com.kms.katalon.core.webui.keyword.WebUiBuiltInKeywords.verifyElementNotPresent(tester, 3): Web element with id: 'Object Repository/Final Object Repo/Landing Page/Select to English' located by 'By.xpath: //a[@class = 'taglib-language-list-text' and @lang = 'en-US' and (contains(text(), 'EN') or contains(., 'EN'))]' is not present after '3' second(s)

2019-01-03 21:19:28 - [MESSAGE][PASSED] - Web element with id: 'Object Repository/Final Object Repo/Landing Page/Select to English' located by 'By.xpath: //a[@class = 'taglib-language-list-text' and @lang = 'en-US' and (contains(text(), 'EN') or contains(., 'EN'))]' is not present after '3' second(s)

2019-01-03 21:19:28 - [TEST_STEP][PASSED] - Statement - If (Checker == false): null

2019-01-03 21:19:28 - [TEST_STEP][PASSED] - delay: Delayed 2 second(s)

2019-01-03 21:19:30 - [MESSAGE][PASSED] - Delayed 2 second(s)

2019-01-03 21:19:30 - [TEST_STEP][PASSED] - delay: Delayed 5 second(s)

2019-01-03 21:19:35 - [MESSAGE][PASSED] - Delayed 5 second(s)

2019-01-03 21:19:35 - [TEST_STEP][PASSED] - mouseOver: Object: 'Object Repository/Final Object Repo/Landing Page/WorkFlow Menu' is hovered

2019-01-03 21:19:35 - [MESSAGE][PASSED] - Object: 'Object Repository/Final Object Repo/Landing Page/WorkFlow Menu' is hovered

2019-01-03 21:19:35 - [TEST_STEP][PASSED] - delay: Delayed 2 second(s)

2019-01-03 21:19:37 - [MESSAGE][PASSED] - Delayed 2 second(s)

2019-01-03 21:19:37 - [TEST_STEP][PASSED] - click: Object: 'Object Repository/Final Object Repo/Landing Page/Select to Workflow Listing' is clicked on

2019-01-03 21:19:38 - [MESSAGE][PASSED] - Object: 'Object Repository/Final Object Repo/Landing Page/Select to Workflow Listing' is clicked on

2019-01-03 21:19:38 - [TEST_STEP][PASSED] - delay: Delayed 2 second(s)

2019-01-03 21:19:40 - [MESSAGE][PASSED] - Delayed 2 second(s)

2019-01-03 21:19:40 - [TEST_STEP][PASSED] - click: Object: 'Object Repository/Final Object Repo/WorkFlow Listing Page/Search Information - To Put Ref No' is clicked on

2019-01-03 21:19:41 - [MESSAGE][PASSED] - Object: 'Object Repository/Final Object Repo/WorkFlow Listing Page/Search Information - To Put Ref No' is clicked on

2019-01-03 21:19:41 - [TEST_STEP][PASSED] - delay: Delayed 2 second(s)

2019-01-03 21:19:43 - [MESSAGE][PASSED] - Delayed 2 second(s)

2019-01-03 21:19:43 - [TEST_STEP][PASSED] - callTestCase: Call Test Case 'Test Cases/Final Aug 2018 - PKS Automation/Common/Reference Number Getter' successfully

2019-01-03 21:19:43 - [TEST_CASE][PASSED] - Test Cases/Final Aug 2018 - PKS Automation/Common/Reference Number Getter: Test Cases/Final Aug 2018 - PKS Automation/Common/Reference Number Getter

2019-01-03 21:19:43 - [TEST_STEP][PASSED] - Statement - Try: null

2019-01-03 21:19:43 - [TEST_STEP][PASSED] - Statement - RefNo = new java.io.File(C://Users//Admin//Desktop//PKS//Automation Reference Point//KatalonReference.txt): null

2019-01-03 21:19:43 - [TEST_STEP][PASSED] - Statement - bufferread = new java.io.BufferedReader(new java.io.FileReader(RefNo)): null

2019-01-03 21:19:43 - [TEST_STEP][PASSED] - Statement - readedVal = bufferread.readLine(): null

2019-01-03 21:19:43 - [TEST_STEP][PASSED] - Statement - out.println(CaseReferenceNo): null

2019-01-03 21:19:43 - [TEST_STEP][PASSED] - Statement - out.println(readedVal): null

2019-01-03 21:19:43 - [TEST_STEP][PASSED] - Statement - CaseReferenceNo = "": null

2019-01-03 21:19:43 - [TEST_STEP][PASSED] - Statement - CaseReferenceNo = readedVal: null

2019-01-03 21:19:43 - [MESSAGE][PASSED] - Call Test Case 'Test Cases/Final Aug 2018 - PKS Automation/Common/Reference Number Getter' successfully

2019-01-03 21:19:43 - [TEST_STEP][PASSED] - setText: Text 'CUN012019C100006158' is set on object 'Object Repository/Final Object Repo/WorkFlow Listing Page/Ref No Set Text'

2019-01-03 21:19:43 - [MESSAGE][PASSED] - Text 'CUN012019C100006158' is set on object 'Object Repository/Final Object Repo/WorkFlow Listing Page/Ref No Set Text'

2019-01-03 21:19:43 - [TEST_STEP][PASSED] - delay: Delayed 2 second(s)

2019-01-03 21:19:45 - [MESSAGE][PASSED] - Delayed 2 second(s)

2019-01-03 21:19:45 - [TEST_STEP][PASSED] - click: Object: 'Object Repository/Final Object Repo/WorkFlow Listing Page/Search Ref No Search Button' is clicked on

2019-01-03 21:19:45 - [MESSAGE][PASSED] - Object: 'Object Repository/Final Object Repo/WorkFlow Listing Page/Search Ref No Search Button' is clicked on

2019-01-03 21:19:45 - [TEST_STEP][PASSED] - delay: Delayed 6 second(s)

2019-01-03 21:19:51 - [MESSAGE][PASSED] - Delayed 6 second(s)

2019-01-03 21:19:51 - [TEST_STEP][PASSED] - click: Object: 'Object Repository/Final Object Repo/WorkFlow Listing Page/Click Continue Tooltip' is clicked on

2019-01-03 21:19:52 - [MESSAGE][PASSED] - Object: 'Object Repository/Final Object Repo/WorkFlow Listing Page/Click Continue Tooltip' is clicked on

2019-01-03 21:19:52 - [TEST_STEP][PASSED] - delay: Delayed 5 second(s)

2019-01-03 21:19:57 - [MESSAGE][PASSED] - Delayed 5 second(s)

2019-01-03 21:19:57 - [TEST_STEP][PASSED] - doubleClick: Object: 'Object Repository/Final Object Repo/WorkFlow Listing Page/Workflow Found - Listing 1' is double clicked on

2019-01-03 21:19:57 - [MESSAGE][PASSED] - Object: 'Object Repository/Final Object Repo/WorkFlow Listing Page/Workflow Found - Listing 1' is double clicked on

2019-01-03 21:19:57 - [TEST_STEP][PASSED] - Statement - println(OwnerID): null

2019-01-03 21:19:57 - [TEST_STEP][PASSED] - Statement - OwnerID = com.kms.katalon.core.webui.keyword.WebUiBuiltInKeywords.getText(com.kms.katalon.core.testobject.ObjectRepository.findTestObject(Final Object Repo/WorkFlow Listing Page/Workflow Found - Listing 1), STOP_ON_FAILURE): Text of object 'Object Repository/Final Object Repo/WorkFlow Listing Page/Workflow Found - Listing 1' is: 'JOHORuo2'

2019-01-03 21:19:57 - [MESSAGE][PASSED] - Text of object 'Object Repository/Final Object Repo/WorkFlow Listing Page/Workflow Found - Listing 1' is: 'JOHORuo2'

2019-01-03 21:19:57 - [TEST_STEP][PASSED] - Statement - OwnerID = OwnerID.toLowerCase() + "@gmail.com": null

2019-01-03 21:19:57 - [TEST_STEP][PASSED] - Statement - println(OwnerID): null

2019-01-03 21:19:57 - [TEST_STEP][PASSED] - delay: Delayed 2 second(s)

2019-01-03 21:19:59 - [MESSAGE][PASSED] - Delayed 2 second(s)

2019-01-03 21:19:59 - [MESSAGE][PASSED] - Call Test Case 'Test Cases/Final Aug 2018 - PKS Automation/Common/Workflow Owner Finder' successfully

2019-01-03 21:19:59 - [TEST_STEP][PASSED] - delay: Delayed 2 second(s)

2019-01-03 21:20:01 - [MESSAGE][PASSED] - Delayed 2 second(s)

2019-01-03 21:20:01 - [TEST_STEP][PASSED] - navigateToUrl: Navigate to 'https://assist2-uat.perkeso.gov.my/c/portal/logout' successfully

2019-01-03 21:20:02 - [MESSAGE][PASSED] - Navigate to 'https://assist2-uat.perkeso.gov.my/c/portal/logout' successfully

2019-01-03 21:20:02 - [TEST_STEP][PASSED] - delay: Delayed 2 second(s)

2019-01-03 21:20:04 - [MESSAGE][PASSED] - Delayed 2 second(s)

2019-01-03 21:20:04 - [TEST_STEP][PASSED] - callTestCase: Call Test Case 'Test Cases/Final Aug 2018 - PKS Automation/Registration Module/Workflow/Login and Search Case For Workflow' successfully

2019-01-03 21:20:04 - [TEST_CASE][PASSED] - Test Cases/Final Aug 2018 - PKS Automation/Registration Module/Workflow/Login and Search Case For Workflow: Test Cases/Final Aug 2018 - PKS Automation/Registration Module/Workflow/Login and Search Case For Workflow

2019-01-03 21:20:04 - [TEST_STEP][PASSED] - navigateToUrl: Navigate to 'https://assist2-uat.perkeso.gov.my/login' successfully

2019-01-03 21:20:04 - [MESSAGE][PASSED] - Navigate to 'https://assist2-uat.perkeso.gov.my/login' successfully

2019-01-03 21:20:04 - [TEST_STEP][PASSED] - setText: Text 'johoruo2@gmail.com' is set on object 'Object Repository/Final Object Repo/Login Page/Internal User/Email Address'

2019-01-03 21:20:05 - [MESSAGE][PASSED] - Text 'johoruo2@gmail.com' is set on object 'Object Repository/Final Object Repo/Login Page/Internal User/Email Address'

2019-01-03 21:20:05 - [TEST_STEP][PASSED] - click: Object: 'Object Repository/Final Object Repo/Login Page/Internal User/Next Button' is clicked on

2019-01-03 21:20:05 - [MESSAGE][PASSED] - Object: 'Object Repository/Final Object Repo/Login Page/Internal User/Next Button' is clicked on

2019-01-03 21:20:05 - [TEST_STEP][PASSED] - delay: Delayed 1 second(s)

2019-01-03 21:20:06 - [MESSAGE][PASSED] - Delayed 1 second(s)

2019-01-03 21:20:06 - [TEST_STEP][PASSED] - setEncryptedText: Text ****** has been set on object 'Object Repository/Final Object Repo/Login Page/Internal User/Password'

2019-01-03 21:20:06 - [MESSAGE][PASSED] - Text ****** has been set on object 'Object Repository/Final Object Repo/Login Page/Internal User/Password'

2019-01-03 21:20:06 - [TEST_STEP][PASSED] - click: Object: 'Object Repository/Final Object Repo/Login Page/Internal User/Login Button' is clicked on

2019-01-03 21:20:06 - [MESSAGE][PASSED] - Object: 'Object Repository/Final Object Repo/Login Page/Internal User/Login Button' is clicked on

2019-01-03 21:20:06 - [TEST_STEP][PASSED] - delay: Delayed 2 second(s)

2019-01-03 21:20:08 - [MESSAGE][PASSED] - Delayed 2 second(s)

2019-01-03 21:20:08 - [TEST_STEP][PASSED] - Statement - Try: Delayed 2 second(s)

2019-01-03 21:20:08 - [TEST_STEP][PASSED] - Statement - Checker = false: null

2019-01-03 21:20:08 - [TEST_STEP][PASSED] - Statement - Checker = com.kms.katalon.core.webui.keyword.WebUiBuiltInKeywords.verifyElementHasAttribute(com.kms.katalon.core.testobject.ObjectRepository.findTestObject(Final Object Repo/Landing Page/BM Detecting), "href", 20, OPTIONAL): Object 'Object Repository/Final Object Repo/Landing Page/BM Detecting' has attribute 'href'

2019-01-03 21:20:08 - [MESSAGE][PASSED] - Object 'Object Repository/Final Object Repo/Landing Page/BM Detecting' has attribute 'href'

2019-01-03 21:20:08 - [TEST_STEP][PASSED] - Statement - out.println(Checker): null

2019-01-03 21:20:08 - [TEST_STEP][PASSED] - Statement - If (Checker == false): null

2019-01-03 21:20:08 - [TEST_STEP][PASSED] - Statement - Else: null

2019-01-03 21:20:08 - [TEST_STEP][PASSED] - delay: Delayed 2 second(s)

2019-01-03 21:20:10 - [MESSAGE][PASSED] - Delayed 2 second(s)

2019-01-03 21:20:10 - [TEST_STEP][PASSED] - click: Object: 'Object Repository/Final Object Repo/Page_MyASSIST - ASSIST - Search Pending Case For Add Supporting Document/Search Information' is clicked on

2019-01-03 21:20:11 - [MESSAGE][PASSED] - Object: 'Object Repository/Final Object Repo/Page_MyASSIST - ASSIST - Search Pending Case For Add Supporting Document/Search Information' is clicked on

2019-01-03 21:20:11 - [TEST_STEP][PASSED] - delay: Delayed 3 second(s)

2019-01-03 21:20:14 - [MESSAGE][PASSED] - Delayed 3 second(s)

2019-01-03 21:20:14 - [TEST_STEP][PASSED] - sendKeys: Keys 'CUN012019C100006158' sent to object: 'Object Repository/Final Object Repo/Page_MyASSIST - ASSIST - Search Pending Case For Add Supporting Document/Reference No'

2019-01-03 21:20:14 - [MESSAGE][PASSED] - Keys 'CUN012019C100006158' sent to object: 'Object Repository/Final Object Repo/Page_MyASSIST - ASSIST - Search Pending Case For Add Supporting Document/Reference No'

2019-01-03 21:20:14 - [TEST_STEP][PASSED] - click: Object: 'Object Repository/Final Object Repo/Page_MyASSIST - ASSIST - Search Pending Case For Add Supporting Document/Search Reference No' is clicked on

2019-01-03 21:20:14 - [MESSAGE][PASSED] - Object: 'Object Repository/Final Object Repo/Page_MyASSIST - ASSIST - Search Pending Case For Add Supporting Document/Search Reference No' is clicked on

2019-01-03 21:20:14 - [TEST_STEP][PASSED] - delay: Delayed 2 second(s)

2019-01-03 21:20:16 - [MESSAGE][PASSED] - Delayed 2 second(s)

2019-01-03 21:20:16 - [TEST_STEP][PASSED] - click: Object: 'Object Repository/Final Object Repo/Page_MyASSIST - ASSIST - Search Pending Case For Add Supporting Document/Continue' is clicked on

2019-01-03 21:20:20 - [MESSAGE][PASSED] - Object: 'Object Repository/Final Object Repo/Page_MyASSIST - ASSIST - Search Pending Case For Add Supporting Document/Continue' is clicked on

2019-01-03 21:20:20 - [TEST_STEP][PASSED] - delay: Delayed 20 second(s)

2019-01-03 21:20:40 - [MESSAGE][PASSED] - Delayed 20 second(s)

2019-01-03 21:20:40 - [MESSAGE][PASSED] - Call Test Case 'Test Cases/Final Aug 2018 - PKS Automation/Registration Module/Workflow/Login and Search Case For Workflow' successfully

2019-01-03 21:20:40 - [TEST_STEP][PASSED] - delay: Delayed 2 second(s)

2019-01-03 21:20:42 - [MESSAGE][PASSED] - Delayed 2 second(s)

2019-01-03 21:20:42 - [TEST_STEP][PASSED] - click: Object: 'Object Repository/Final Object Repo/Page_Update Employee Information By Employer/Page_Update Employee Information by Employer (Approve)/Continue' is clicked on

2019-01-03 21:20:45 - [MESSAGE][PASSED] - Object: 'Object Repository/Final Object Repo/Page_Update Employee Information By Employer/Page_Update Employee Information by Employer (Approve)/Continue' is clicked on

2019-01-03 21:20:45 - [TEST_STEP][PASSED] - delay: Delayed 2 second(s)

2019-01-03 21:20:47 - [MESSAGE][PASSED] - Delayed 2 second(s)

2019-01-03 21:20:47 - [TEST_STEP][PASSED] - click: Object: 'Object Repository/Final Object Repo/Page_Update Employee Information By Employer/Page_Update Employee Information by Employer (Approve)/Save  Continue in Update Employee Information Page' is clicked on

2019-01-03 21:20:47 - [MESSAGE][PASSED] - Object: 'Object Repository/Final Object Repo/Page_Update Employee Information By Employer/Page_Update Employee Information by Employer (Approve)/Save  Continue in Update Employee Information Page' is clicked on

2019-01-03 21:20:47 - [TEST_STEP][PASSED] - delay: Delayed 4 second(s)

2019-01-03 21:20:51 - [MESSAGE][PASSED] - Delayed 4 second(s)

2019-01-03 21:20:51 - [TEST_STEP][PASSED] - click: Object: 'Object Repository/Final Object Repo/Page_Update Employee Information By Employer/Page_Update Employee Information by Employer (Approve)/Save  Continue in Upload Supporting Doucument Page' is clicked on

2019-01-03 21:20:51 - [MESSAGE][PASSED] - Object: 'Object Repository/Final Object Repo/Page_Update Employee Information By Employer/Page_Update Employee Information by Employer (Approve)/Save  Continue in Upload Supporting Doucument Page' is clicked on

2019-01-03 21:20:51 - [TEST_STEP][PASSED] - delay: Delayed 2 second(s)

2019-01-03 21:20:53 - [MESSAGE][PASSED] - Delayed 2 second(s)

2019-01-03 21:20:53 - [TEST_STEP][PASSED] - click: Object: 'Object Repository/Final Object Repo/Page_Update Employee Information By Employer/Page_Update Employee Information by Employer (Approve)/Approve' is clicked on

2019-01-03 21:20:55 - [MESSAGE][PASSED] - Object: 'Object Repository/Final Object Repo/Page_Update Employee Information By Employer/Page_Update Employee Information by Employer (Approve)/Approve' is clicked on

2019-01-03 21:20:55 - [TEST_STEP][PASSED] - delay: Delayed 2 second(s)

2019-01-03 21:20:57 - [MESSAGE][PASSED] - Delayed 2 second(s)

2019-01-03 21:20:57 - [TEST_STEP][PASSED] - click: Object: 'Object Repository/Final Object Repo/Page_Update Employee Information By Employer/Page_Update Employee Information by Employer (Approve)/Confirm' is clicked on

2019-01-03 21:20:57 - [MESSAGE][PASSED] - Object: 'Object Repository/Final Object Repo/Page_Update Employee Information By Employer/Page_Update Employee Information by Employer (Approve)/Confirm' is clicked on

2019-01-03 21:20:57 - [TEST_STEP][PASSED] - delay: Delayed 2 second(s)

2019-01-03 21:20:59 - [MESSAGE][PASSED] - Delayed 2 second(s)

2019-01-03 21:20:59 - [TEST_STEP][PASSED] - verifyElementVisible: Object 'Object Repository/Final Object Repo/Page_Update Employee Information By Employer/Page_Update Employee Information by Employer (Approve)/Successfull Message Submitted Successfully' is visible

2019-01-03 21:21:04 - [MESSAGE][PASSED] - Object 'Object Repository/Final Object Repo/Page_Update Employee Information By Employer/Page_Update Employee Information by Employer (Approve)/Successfull Message Submitted Successfully' is visible

2019-01-03 21:21:04 - [TEST_STEP][PASSED] - delay: Delayed 2 second(s)

2019-01-03 21:21:06 - [MESSAGE][PASSED] - Delayed 2 second(s)

2019-01-03 21:21:06 - [TEST_STEP][PASSED] - verifyElementVisible: Object 'Object Repository/Final Object Repo/Page_Update Employee Information By Employer/Page_Update Employee Information by Employer (Approve)/Letter of Successful update' is visible

2019-01-03 21:21:06 - [MESSAGE][PASSED] - Object 'Object Repository/Final Object Repo/Page_Update Employee Information By Employer/Page_Update Employee Information by Employer (Approve)/Letter of Successful update' is visible

2019-01-03 21:21:06 - [MESSAGE][PASSED] - Call Test Case 'Test Cases/Final Aug 2018 - PKS Automation/Registration Module/Workflow/Update Employee Information (Employer)/Template/Update Employee Information - Special Case - UO (Approve)' successfully]]></system-out>
         <system-err><![CDATA[]]></system-err>
      </testcase>
      <testcase name="Test Cases/Final Aug 2018 - PKS Automation/Registration Module/Workflow/Update Employee Information (Employer)/PAU to UO (Query)" classname="Test Cases/Final Aug 2018 - PKS Automation/Registration Module/Workflow/Update Employee Information (Employer)/PAU to UO (Query)" status="PASSED">
         <system-out><![CDATA[2019-01-03 21:21:06 - [TEST_CASE][PASSED] - Test Cases/Final Aug 2018 - PKS Automation/Registration Module/Workflow/Update Employee Information (Employer)/PAU to UO (Query): Test Cases/Final Aug 2018 - PKS Automation/Registration Module/Workflow/Update Employee Information (Employer)/PAU to UO (Query)

2019-01-03 21:21:06 - [TEST_STEP][PASSED] - callTestCase: Call Test Case 'Test Cases/Final Aug 2018 - PKS Automation/Registration Module/Workflow/Update Employee Information (Employer)/Template/Update Employer Information - Special Case (PAU)' successfully

2019-01-03 21:21:06 - [TEST_CASE][PASSED] - Test Cases/Final Aug 2018 - PKS Automation/Registration Module/Workflow/Update Employee Information (Employer)/Template/Update Employer Information - Special Case (PAU): Test Cases/Final Aug 2018 - PKS Automation/Registration Module/Workflow/Update Employee Information (Employer)/Template/Update Employer Information - Special Case (PAU)

2019-01-03 21:21:06 - [TEST_STEP][PASSED] - openBrowser: Browser is opened with url: ''

2019-01-03 21:21:06 - [MESSAGE][WARNING] - A browser is already opened. Closing browser and opening a new one

2019-01-03 21:21:10 - [MESSAGE][PASSED] - Browser is opened with url: ''

2019-01-03 21:21:10 - [TEST_STEP][PASSED] - navigateToUrl: Navigate to 'https://assist2-uat.perkeso.gov.my/login' successfully

2019-01-03 21:21:11 - [MESSAGE][PASSED] - Navigate to 'https://assist2-uat.perkeso.gov.my/login' successfully

2019-01-03 21:21:11 - [TEST_STEP][PASSED] - setText: Text 'johorpau1@gmail.com' is set on object 'Object Repository/Final Object Repo/Login Page/Internal User/Email Address'

2019-01-03 21:21:11 - [MESSAGE][PASSED] - Text 'johorpau1@gmail.com' is set on object 'Object Repository/Final Object Repo/Login Page/Internal User/Email Address'

2019-01-03 21:21:11 - [TEST_STEP][PASSED] - click: Object: 'Object Repository/Final Object Repo/Login Page/Internal User/Next Button' is clicked on

2019-01-03 21:21:12 - [MESSAGE][PASSED] - Object: 'Object Repository/Final Object Repo/Login Page/Internal User/Next Button' is clicked on

2019-01-03 21:21:12 - [TEST_STEP][PASSED] - delay: Delayed 1 second(s)

2019-01-03 21:21:13 - [MESSAGE][PASSED] - Delayed 1 second(s)

2019-01-03 21:21:13 - [TEST_STEP][PASSED] - setEncryptedText: Text ****** has been set on object 'Object Repository/Final Object Repo/Login Page/Internal User/Password'

2019-01-03 21:21:13 - [MESSAGE][PASSED] - Text ****** has been set on object 'Object Repository/Final Object Repo/Login Page/Internal User/Password'

2019-01-03 21:21:13 - [TEST_STEP][PASSED] - click: Object: 'Object Repository/Final Object Repo/Login Page/Internal User/Login Button' is clicked on

2019-01-03 21:21:13 - [MESSAGE][PASSED] - Object: 'Object Repository/Final Object Repo/Login Page/Internal User/Login Button' is clicked on

2019-01-03 21:21:13 - [TEST_STEP][PASSED] - Statement - tester = com.kms.katalon.core.testobject.ObjectRepository.findTestObject(Final Object Repo/Landing Page/Select to English): Finding Test Object with id 'Object Repository/Final Object Repo/Landing Page/Select to English'

2019-01-03 21:21:13 - [TEST_STEP][PASSED] - Statement - Try: Delayed 2 second(s)

2019-01-03 21:21:13 - [TEST_STEP][PASSED] - Statement - Checker = com.kms.katalon.core.webui.keyword.WebUiBuiltInKeywords.verifyElementNotPresent(tester, 3): Web element with id: 'Object Repository/Final Object Repo/Landing Page/Select to English' located by 'By.xpath: //a[@class = 'taglib-language-list-text' and @lang = 'en-US' and (contains(text(), 'EN') or contains(., 'EN'))]' is not present after '3' second(s)

2019-01-03 21:21:15 - [MESSAGE][PASSED] - Web element with id: 'Object Repository/Final Object Repo/Landing Page/Select to English' located by 'By.xpath: //a[@class = 'taglib-language-list-text' and @lang = 'en-US' and (contains(text(), 'EN') or contains(., 'EN'))]' is not present after '3' second(s)

2019-01-03 21:21:15 - [TEST_STEP][PASSED] - Statement - If (Checker == false): null

2019-01-03 21:21:15 - [TEST_STEP][PASSED] - delay: Delayed 2 second(s)

2019-01-03 21:21:17 - [MESSAGE][PASSED] - Delayed 2 second(s)

2019-01-03 21:21:17 - [TEST_STEP][PASSED] - delay: Delayed 5 second(s)

2019-01-03 21:21:22 - [MESSAGE][PASSED] - Delayed 5 second(s)

2019-01-03 21:21:22 - [TEST_STEP][PASSED] - navigateToUrl: Navigate to 'https://assist2-uat.perkeso.gov.my/web/registration/update/update-employee-information-employer-' successfully

2019-01-03 21:21:23 - [MESSAGE][PASSED] - Navigate to 'https://assist2-uat.perkeso.gov.my/web/registration/update/update-employee-information-employer-' successfully

2019-01-03 21:21:23 - [TEST_STEP][PASSED] - setText: Text 'E1102001065V' is set on object 'Object Repository/Final Object Repo/Page_Update Employee Information By Employer/Employer Code'

2019-01-03 21:21:23 - [MESSAGE][PASSED] - Text 'E1102001065V' is set on object 'Object Repository/Final Object Repo/Page_Update Employee Information By Employer/Employer Code'

2019-01-03 21:21:23 - [TEST_STEP][PASSED] - click: Object: 'Object Repository/Final Object Repo/Page_Update Employee Information By Employer/Search Employer Code' is clicked on

2019-01-03 21:21:23 - [MESSAGE][PASSED] - Object: 'Object Repository/Final Object Repo/Page_Update Employee Information By Employer/Search Employer Code' is clicked on

2019-01-03 21:21:23 - [TEST_STEP][PASSED] - click: Object: 'Object Repository/Final Object Repo/Page_Update Employee Information By Employer/Edit Button' is clicked on

2019-01-03 21:21:27 - [MESSAGE][PASSED] - Object: 'Object Repository/Final Object Repo/Page_Update Employee Information By Employer/Edit Button' is clicked on

2019-01-03 21:21:27 - [TEST_STEP][PASSED] - click: Object: 'Object Repository/Final Object Repo/Page_Update Employee Information By Employer/Employee Name or New Identification' is clicked on

2019-01-03 21:21:27 - [MESSAGE][PASSED] - Object: 'Object Repository/Final Object Repo/Page_Update Employee Information By Employer/Employee Name or New Identification' is clicked on

2019-01-03 21:21:27 - [TEST_STEP][PASSED] - delay: Delayed 1 second(s)

2019-01-03 21:21:28 - [MESSAGE][PASSED] - Delayed 1 second(s)

2019-01-03 21:21:28 - [TEST_STEP][PASSED] - click: Object: 'Object Repository/Final Object Repo/Page_Update Employee Information By Employer/Selection - Employee Name' is clicked on

2019-01-03 21:21:28 - [MESSAGE][PASSED] - Object: 'Object Repository/Final Object Repo/Page_Update Employee Information By Employer/Selection - Employee Name' is clicked on

2019-01-03 21:21:28 - [TEST_STEP][PASSED] - delay: Delayed 1 second(s)

2019-01-03 21:21:29 - [MESSAGE][PASSED] - Delayed 1 second(s)

2019-01-03 21:21:29 - [TEST_STEP][PASSED] - setText: Text 'PERKESO' is set on object 'Object Repository/Final Object Repo/Page_Update Employee Information By Employer/Employee Name'

2019-01-03 21:21:29 - [MESSAGE][PASSED] - Text 'PERKESO' is set on object 'Object Repository/Final Object Repo/Page_Update Employee Information By Employer/Employee Name'

2019-01-03 21:21:29 - [TEST_STEP][PASSED] - delay: Delayed 2 second(s)

2019-01-03 21:21:31 - [MESSAGE][PASSED] - Delayed 2 second(s)

2019-01-03 21:21:31 - [TEST_STEP][PASSED] - click: Object: 'Object Repository/Final Object Repo/Page_Update Employee Information By Employer/Search Employee' is clicked on

2019-01-03 21:21:31 - [MESSAGE][PASSED] - Object: 'Object Repository/Final Object Repo/Page_Update Employee Information By Employer/Search Employee' is clicked on

2019-01-03 21:21:31 - [TEST_STEP][PASSED] - delay: Delayed 3 second(s)

2019-01-03 21:21:34 - [MESSAGE][PASSED] - Delayed 3 second(s)

2019-01-03 21:21:34 - [TEST_STEP][PASSED] - click: Object: 'Object Repository/Final Object Repo/Page_Update Employee Information By Employer/Employee Edit Button' is clicked on

2019-01-03 21:21:35 - [MESSAGE][PASSED] - Object: 'Object Repository/Final Object Repo/Page_Update Employee Information By Employer/Employee Edit Button' is clicked on

2019-01-03 21:21:35 - [TEST_STEP][PASSED] - delay: Delayed 3 second(s)

2019-01-03 21:21:38 - [MESSAGE][PASSED] - Delayed 3 second(s)

2019-01-03 21:21:38 - [TEST_STEP][PASSED] - setText: Text '' is set on object 'Object Repository/Final Object Repo/Page_Update Employee Information By Employer/Identification Number'

2019-01-03 21:21:38 - [MESSAGE][PASSED] - Text '' is set on object 'Object Repository/Final Object Repo/Page_Update Employee Information By Employer/Identification Number'

2019-01-03 21:21:38 - [TEST_STEP][PASSED] - Statement - rnd = new java.util.Random(): null

2019-01-03 21:21:38 - [TEST_STEP][PASSED] - Statement - snum = rnd.nextInt(899999 + 1) + 100000: null

2019-01-03 21:21:38 - [TEST_STEP][PASSED] - Statement - tnum = rnd.nextInt(899999 + 1) + 100000: null

2019-01-03 21:21:38 - [TEST_STEP][PASSED] - Statement - IC = java.lang.Integer.toString(snum) + java.lang.Integer.toString(tnum): null

2019-01-03 21:21:38 - [TEST_STEP][PASSED] - Statement - out.println(IC): null

2019-01-03 21:21:38 - [TEST_STEP][PASSED] - setText: Text '142145947056' is set on object 'Object Repository/Final Object Repo/Page_Update Employee Information By Employer/Identification Number'

2019-01-03 21:21:38 - [MESSAGE][PASSED] - Text '142145947056' is set on object 'Object Repository/Final Object Repo/Page_Update Employee Information By Employer/Identification Number'

2019-01-03 21:21:38 - [TEST_STEP][PASSED] - click: Object: 'Object Repository/Final Object Repo/Page_Update Employee Information By Employer/Save' is clicked on

2019-01-03 21:21:38 - [MESSAGE][PASSED] - Object: 'Object Repository/Final Object Repo/Page_Update Employee Information By Employer/Save' is clicked on

2019-01-03 21:21:38 - [TEST_STEP][PASSED] - delay: Delayed 5 second(s)

2019-01-03 21:21:43 - [MESSAGE][PASSED] - Delayed 5 second(s)

2019-01-03 21:21:43 - [TEST_STEP][PASSED] - Statement - CaseReferenceNo = com.kms.katalon.core.webui.keyword.WebUiBuiltInKeywords.getText(com.kms.katalon.core.testobject.ObjectRepository.findTestObject(Final Object Repo/Reference Number/Reference Number in Update Employee Information Page)): Text of object 'Object Repository/Final Object Repo/Reference Number/Reference Number in Update Employee Information Page' is: 'CUN012019C100006159'

2019-01-03 21:21:43 - [MESSAGE][PASSED] - Text of object 'Object Repository/Final Object Repo/Reference Number/Reference Number in Update Employee Information Page' is: 'CUN012019C100006159'

2019-01-03 21:21:43 - [TEST_STEP][PASSED] - callTestCase: Call Test Case 'Test Cases/Final Aug 2018 - PKS Automation/Common/Reference Number Setter' successfully

2019-01-03 21:21:43 - [TEST_CASE][PASSED] - Test Cases/Final Aug 2018 - PKS Automation/Common/Reference Number Setter: Test Cases/Final Aug 2018 - PKS Automation/Common/Reference Number Setter

2019-01-03 21:21:43 - [TEST_STEP][PASSED] - Statement - RefNoOldFile = new java.io.File(C://Users//Admin//Desktop//PKS//Automation Reference Point//KatalonReference.txt): null

2019-01-03 21:21:43 - [TEST_STEP][PASSED] - Statement - RefNoOldFile.delete(): null

2019-01-03 21:21:43 - [TEST_STEP][PASSED] - delay: Delayed 5 second(s)

2019-01-03 21:21:48 - [MESSAGE][PASSED] - Delayed 5 second(s)

2019-01-03 21:21:48 - [TEST_STEP][PASSED] - Statement - RefNo = new java.io.File(C://Users//Admin//Desktop//PKS//Automation Reference Point//KatalonReference.txt): null

2019-01-03 21:21:48 - [TEST_STEP][PASSED] - Statement - f2 = new java.io.FileWriter(RefNo, false): null

2019-01-03 21:21:48 - [TEST_STEP][PASSED] - Statement - f2.write(CaseReferenceNo): null

2019-01-03 21:21:48 - [TEST_STEP][PASSED] - Statement - f2.close(): null

2019-01-03 21:21:48 - [TEST_STEP][PASSED] - Statement - out.println("


" + CaseReferenceNo + "


"): null

2019-01-03 21:21:48 - [MESSAGE][PASSED] - Call Test Case 'Test Cases/Final Aug 2018 - PKS Automation/Common/Reference Number Setter' successfully

2019-01-03 21:21:48 - [TEST_STEP][PASSED] - delay: Delayed 5 second(s)

2019-01-03 21:21:53 - [MESSAGE][PASSED] - Delayed 5 second(s)

2019-01-03 21:21:53 - [TEST_STEP][PASSED] - click: Object: 'Object Repository/Final Object Repo/Page_Update Employee Information By Employer/Save  Continue in  Employee Information Page' is clicked on

2019-01-03 21:21:54 - [MESSAGE][PASSED] - Object: 'Object Repository/Final Object Repo/Page_Update Employee Information By Employer/Save  Continue in  Employee Information Page' is clicked on

2019-01-03 21:21:54 - [TEST_STEP][PASSED] - delay: Delayed 5 second(s)

2019-01-03 21:21:59 - [MESSAGE][PASSED] - Delayed 5 second(s)

2019-01-03 21:21:59 - [TEST_STEP][PASSED] - click: Object: 'Object Repository/Final Object Repo/Page_Update Employee Information By Employer/Save  Continue in Uploading Page 1' is clicked on

2019-01-03 21:21:59 - [MESSAGE][PASSED] - Object: 'Object Repository/Final Object Repo/Page_Update Employee Information By Employer/Save  Continue in Uploading Page 1' is clicked on

2019-01-03 21:21:59 - [TEST_STEP][PASSED] - delay: Delayed 5 second(s)

2019-01-03 21:22:04 - [MESSAGE][PASSED] - Delayed 5 second(s)

2019-01-03 21:22:04 - [TEST_STEP][PASSED] - click: Object: 'Object Repository/Final Object Repo/Page_Update Employee Information By Employer/Submit' is clicked on

2019-01-03 21:22:04 - [MESSAGE][PASSED] - Object: 'Object Repository/Final Object Repo/Page_Update Employee Information By Employer/Submit' is clicked on

2019-01-03 21:22:04 - [TEST_STEP][PASSED] - delay: Delayed 5 second(s)

2019-01-03 21:22:09 - [MESSAGE][PASSED] - Delayed 5 second(s)

2019-01-03 21:22:09 - [TEST_STEP][PASSED] - click: Object: 'Object Repository/Final Object Repo/Page_Update Employee Information By Employer/Confirm' is clicked on

2019-01-03 21:22:09 - [MESSAGE][PASSED] - Object: 'Object Repository/Final Object Repo/Page_Update Employee Information By Employer/Confirm' is clicked on

2019-01-03 21:22:09 - [TEST_STEP][PASSED] - delay: Delayed 5 second(s)

2019-01-03 21:22:14 - [MESSAGE][PASSED] - Delayed 5 second(s)

2019-01-03 21:22:14 - [TEST_STEP][PASSED] - verifyElementVisible: Object 'Object Repository/Final Object Repo/Page_Update Employee Information By Employer/Successfull Message Routed to UO' is visible

2019-01-03 21:22:14 - [MESSAGE][PASSED] - Object 'Object Repository/Final Object Repo/Page_Update Employee Information By Employer/Successfull Message Routed to UO' is visible

2019-01-03 21:22:14 - [MESSAGE][PASSED] - Call Test Case 'Test Cases/Final Aug 2018 - PKS Automation/Registration Module/Workflow/Update Employee Information (Employer)/Template/Update Employer Information - Special Case (PAU)' successfully

2019-01-03 21:22:14 - [TEST_STEP][PASSED] - callTestCase: Call Test Case 'Test Cases/Final Aug 2018 - PKS Automation/Registration Module/Workflow/Update Employee Information (Employer)/Template/Update Employee Information - Special Case - UO(Query)' successfully

2019-01-03 21:22:14 - [TEST_CASE][PASSED] - Test Cases/Final Aug 2018 - PKS Automation/Registration Module/Workflow/Update Employee Information (Employer)/Template/Update Employee Information - Special Case - UO(Query): Test Cases/Final Aug 2018 - PKS Automation/Registration Module/Workflow/Update Employee Information (Employer)/Template/Update Employee Information - Special Case - UO(Query)

2019-01-03 21:22:14 - [TEST_STEP][NOT_RUN] - callTestCase: NOT_RUN: callTestCase

2019-01-03 21:22:14 - [MESSAGE][NOT_RUN] - NOT_RUN: callTestCase

2019-01-03 21:22:14 - [TEST_STEP][PASSED] - delay: Delayed 2 second(s)

2019-01-03 21:22:16 - [MESSAGE][PASSED] - Delayed 2 second(s)

2019-01-03 21:22:16 - [TEST_STEP][PASSED] - navigateToUrl: Navigate to 'https://assist2-uat.perkeso.gov.my/c/portal/logout' successfully

2019-01-03 21:22:17 - [MESSAGE][PASSED] - Navigate to 'https://assist2-uat.perkeso.gov.my/c/portal/logout' successfully

2019-01-03 21:22:17 - [TEST_STEP][PASSED] - delay: Delayed 2 second(s)

2019-01-03 21:22:19 - [MESSAGE][PASSED] - Delayed 2 second(s)

2019-01-03 21:22:19 - [TEST_STEP][PASSED] - callTestCase: Call Test Case 'Test Cases/Final Aug 2018 - PKS Automation/Common/Reference Number Getter' successfully

2019-01-03 21:22:19 - [TEST_CASE][PASSED] - Test Cases/Final Aug 2018 - PKS Automation/Common/Reference Number Getter: Test Cases/Final Aug 2018 - PKS Automation/Common/Reference Number Getter

2019-01-03 21:22:19 - [TEST_STEP][PASSED] - Statement - Try: null

2019-01-03 21:22:19 - [TEST_STEP][PASSED] - Statement - RefNo = new java.io.File(C://Users//Admin//Desktop//PKS//Automation Reference Point//KatalonReference.txt): null

2019-01-03 21:22:19 - [TEST_STEP][PASSED] - Statement - bufferread = new java.io.BufferedReader(new java.io.FileReader(RefNo)): null

2019-01-03 21:22:19 - [TEST_STEP][PASSED] - Statement - readedVal = bufferread.readLine(): null

2019-01-03 21:22:19 - [TEST_STEP][PASSED] - Statement - out.println(CaseReferenceNo): null

2019-01-03 21:22:19 - [TEST_STEP][PASSED] - Statement - out.println(readedVal): null

2019-01-03 21:22:19 - [TEST_STEP][PASSED] - Statement - CaseReferenceNo = "": null

2019-01-03 21:22:19 - [TEST_STEP][PASSED] - Statement - CaseReferenceNo = readedVal: null

2019-01-03 21:22:19 - [MESSAGE][PASSED] - Call Test Case 'Test Cases/Final Aug 2018 - PKS Automation/Common/Reference Number Getter' successfully

2019-01-03 21:22:19 - [TEST_STEP][PASSED] - callTestCase: Call Test Case 'Test Cases/Final Aug 2018 - PKS Automation/Common/Workflow Owner Finder' successfully

2019-01-03 21:22:19 - [TEST_CASE][PASSED] - Test Cases/Final Aug 2018 - PKS Automation/Common/Workflow Owner Finder: Test Cases/Final Aug 2018 - PKS Automation/Common/Workflow Owner Finder

2019-01-03 21:22:19 - [TEST_STEP][PASSED] - openBrowser: Browser is opened with url: ''

2019-01-03 21:22:19 - [MESSAGE][WARNING] - A browser is already opened. Closing browser and opening a new one

2019-01-03 21:22:23 - [MESSAGE][PASSED] - Browser is opened with url: ''

2019-01-03 21:22:23 - [TEST_STEP][PASSED] - navigateToUrl: Navigate to 'https://assist2-uat.perkeso.gov.my/login' successfully

2019-01-03 21:22:24 - [MESSAGE][PASSED] - Navigate to 'https://assist2-uat.perkeso.gov.my/login' successfully

2019-01-03 21:22:24 - [TEST_STEP][PASSED] - delay: Delayed 5 second(s)

2019-01-03 21:22:29 - [MESSAGE][PASSED] - Delayed 5 second(s)

2019-01-03 21:22:29 - [TEST_STEP][PASSED] - setText: Text 'test@liferay.com' is set on object 'Object Repository/Final Object Repo/Login Page/Internal User/Email Address'

2019-01-03 21:22:29 - [MESSAGE][PASSED] - Text 'test@liferay.com' is set on object 'Object Repository/Final Object Repo/Login Page/Internal User/Email Address'

2019-01-03 21:22:29 - [TEST_STEP][PASSED] - click: Object: 'Object Repository/Final Object Repo/Login Page/Internal User/Next Button' is clicked on

2019-01-03 21:22:29 - [MESSAGE][PASSED] - Object: 'Object Repository/Final Object Repo/Login Page/Internal User/Next Button' is clicked on

2019-01-03 21:22:29 - [TEST_STEP][PASSED] - delay: Delayed 2 second(s)

2019-01-03 21:22:31 - [MESSAGE][PASSED] - Delayed 2 second(s)

2019-01-03 21:22:31 - [TEST_STEP][PASSED] - setText: Text 'test' is set on object 'Object Repository/Final Object Repo/Login Page/Internal User/Password'

2019-01-03 21:22:32 - [MESSAGE][PASSED] - Text 'test' is set on object 'Object Repository/Final Object Repo/Login Page/Internal User/Password'

2019-01-03 21:22:32 - [TEST_STEP][PASSED] - delay: Delayed 2 second(s)

2019-01-03 21:22:34 - [MESSAGE][PASSED] - Delayed 2 second(s)

2019-01-03 21:22:34 - [TEST_STEP][PASSED] - click: Object: 'Object Repository/Final Object Repo/Login Page/Internal User/Login Button' is clicked on

2019-01-03 21:22:34 - [MESSAGE][PASSED] - Object: 'Object Repository/Final Object Repo/Login Page/Internal User/Login Button' is clicked on

2019-01-03 21:22:34 - [TEST_STEP][PASSED] - Statement - tester = com.kms.katalon.core.testobject.ObjectRepository.findTestObject(Final Object Repo/Landing Page/Select to English): Finding Test Object with id 'Object Repository/Final Object Repo/Landing Page/Select to English'

2019-01-03 21:22:34 - [TEST_STEP][PASSED] - Statement - Try: Delayed 2 second(s)

2019-01-03 21:22:34 - [TEST_STEP][PASSED] - Statement - Checker = com.kms.katalon.core.webui.keyword.WebUiBuiltInKeywords.verifyElementNotPresent(tester, 3): Web element with id: 'Object Repository/Final Object Repo/Landing Page/Select to English' located by 'By.xpath: //a[@class = 'taglib-language-list-text' and @lang = 'en-US' and (contains(text(), 'EN') or contains(., 'EN'))]' is not present after '3' second(s)

2019-01-03 21:22:36 - [MESSAGE][PASSED] - Web element with id: 'Object Repository/Final Object Repo/Landing Page/Select to English' located by 'By.xpath: //a[@class = 'taglib-language-list-text' and @lang = 'en-US' and (contains(text(), 'EN') or contains(., 'EN'))]' is not present after '3' second(s)

2019-01-03 21:22:36 - [TEST_STEP][PASSED] - Statement - If (Checker == false): null

2019-01-03 21:22:36 - [TEST_STEP][PASSED] - delay: Delayed 2 second(s)

2019-01-03 21:22:38 - [MESSAGE][PASSED] - Delayed 2 second(s)

2019-01-03 21:22:38 - [TEST_STEP][PASSED] - delay: Delayed 5 second(s)

2019-01-03 21:22:43 - [MESSAGE][PASSED] - Delayed 5 second(s)

2019-01-03 21:22:43 - [TEST_STEP][PASSED] - mouseOver: Object: 'Object Repository/Final Object Repo/Landing Page/WorkFlow Menu' is hovered

2019-01-03 21:22:43 - [MESSAGE][PASSED] - Object: 'Object Repository/Final Object Repo/Landing Page/WorkFlow Menu' is hovered

2019-01-03 21:22:43 - [TEST_STEP][PASSED] - delay: Delayed 2 second(s)

2019-01-03 21:22:45 - [MESSAGE][PASSED] - Delayed 2 second(s)

2019-01-03 21:22:45 - [TEST_STEP][PASSED] - click: Object: 'Object Repository/Final Object Repo/Landing Page/Select to Workflow Listing' is clicked on

2019-01-03 21:22:46 - [MESSAGE][PASSED] - Object: 'Object Repository/Final Object Repo/Landing Page/Select to Workflow Listing' is clicked on

2019-01-03 21:22:46 - [TEST_STEP][PASSED] - delay: Delayed 2 second(s)

2019-01-03 21:22:48 - [MESSAGE][PASSED] - Delayed 2 second(s)

2019-01-03 21:22:48 - [TEST_STEP][PASSED] - click: Object: 'Object Repository/Final Object Repo/WorkFlow Listing Page/Search Information - To Put Ref No' is clicked on

2019-01-03 21:22:48 - [MESSAGE][PASSED] - Object: 'Object Repository/Final Object Repo/WorkFlow Listing Page/Search Information - To Put Ref No' is clicked on

2019-01-03 21:22:48 - [TEST_STEP][PASSED] - delay: Delayed 2 second(s)

2019-01-03 21:22:50 - [MESSAGE][PASSED] - Delayed 2 second(s)

2019-01-03 21:22:50 - [TEST_STEP][PASSED] - callTestCase: Call Test Case 'Test Cases/Final Aug 2018 - PKS Automation/Common/Reference Number Getter' successfully

2019-01-03 21:22:50 - [TEST_CASE][PASSED] - Test Cases/Final Aug 2018 - PKS Automation/Common/Reference Number Getter: Test Cases/Final Aug 2018 - PKS Automation/Common/Reference Number Getter

2019-01-03 21:22:50 - [TEST_STEP][PASSED] - Statement - Try: null

2019-01-03 21:22:50 - [TEST_STEP][PASSED] - Statement - RefNo = new java.io.File(C://Users//Admin//Desktop//PKS//Automation Reference Point//KatalonReference.txt): null

2019-01-03 21:22:50 - [TEST_STEP][PASSED] - Statement - bufferread = new java.io.BufferedReader(new java.io.FileReader(RefNo)): null

2019-01-03 21:22:50 - [TEST_STEP][PASSED] - Statement - readedVal = bufferread.readLine(): null

2019-01-03 21:22:50 - [TEST_STEP][PASSED] - Statement - out.println(CaseReferenceNo): null

2019-01-03 21:22:50 - [TEST_STEP][PASSED] - Statement - out.println(readedVal): null

2019-01-03 21:22:50 - [TEST_STEP][PASSED] - Statement - CaseReferenceNo = "": null

2019-01-03 21:22:50 - [TEST_STEP][PASSED] - Statement - CaseReferenceNo = readedVal: null

2019-01-03 21:22:50 - [MESSAGE][PASSED] - Call Test Case 'Test Cases/Final Aug 2018 - PKS Automation/Common/Reference Number Getter' successfully

2019-01-03 21:22:50 - [TEST_STEP][PASSED] - setText: Text 'CUN012019C100006159' is set on object 'Object Repository/Final Object Repo/WorkFlow Listing Page/Ref No Set Text'

2019-01-03 21:22:50 - [MESSAGE][PASSED] - Text 'CUN012019C100006159' is set on object 'Object Repository/Final Object Repo/WorkFlow Listing Page/Ref No Set Text'

2019-01-03 21:22:50 - [TEST_STEP][PASSED] - delay: Delayed 2 second(s)

2019-01-03 21:22:52 - [MESSAGE][PASSED] - Delayed 2 second(s)

2019-01-03 21:22:52 - [TEST_STEP][PASSED] - click: Object: 'Object Repository/Final Object Repo/WorkFlow Listing Page/Search Ref No Search Button' is clicked on

2019-01-03 21:22:53 - [MESSAGE][PASSED] - Object: 'Object Repository/Final Object Repo/WorkFlow Listing Page/Search Ref No Search Button' is clicked on

2019-01-03 21:22:53 - [TEST_STEP][PASSED] - delay: Delayed 6 second(s)

2019-01-03 21:22:59 - [MESSAGE][PASSED] - Delayed 6 second(s)

2019-01-03 21:22:59 - [TEST_STEP][PASSED] - click: Object: 'Object Repository/Final Object Repo/WorkFlow Listing Page/Click Continue Tooltip' is clicked on

2019-01-03 21:22:59 - [MESSAGE][PASSED] - Object: 'Object Repository/Final Object Repo/WorkFlow Listing Page/Click Continue Tooltip' is clicked on

2019-01-03 21:22:59 - [TEST_STEP][PASSED] - delay: Delayed 5 second(s)

2019-01-03 21:23:04 - [MESSAGE][PASSED] - Delayed 5 second(s)

2019-01-03 21:23:04 - [TEST_STEP][PASSED] - doubleClick: Object: 'Object Repository/Final Object Repo/WorkFlow Listing Page/Workflow Found - Listing 1' is double clicked on

2019-01-03 21:23:05 - [MESSAGE][PASSED] - Object: 'Object Repository/Final Object Repo/WorkFlow Listing Page/Workflow Found - Listing 1' is double clicked on

2019-01-03 21:23:05 - [TEST_STEP][PASSED] - Statement - println(OwnerID): null

2019-01-03 21:23:05 - [TEST_STEP][PASSED] - Statement - OwnerID = com.kms.katalon.core.webui.keyword.WebUiBuiltInKeywords.getText(com.kms.katalon.core.testobject.ObjectRepository.findTestObject(Final Object Repo/WorkFlow Listing Page/Workflow Found - Listing 1), STOP_ON_FAILURE): Text of object 'Object Repository/Final Object Repo/WorkFlow Listing Page/Workflow Found - Listing 1' is: 'JOHORuo3'

2019-01-03 21:23:05 - [MESSAGE][PASSED] - Text of object 'Object Repository/Final Object Repo/WorkFlow Listing Page/Workflow Found - Listing 1' is: 'JOHORuo3'

2019-01-03 21:23:05 - [TEST_STEP][PASSED] - Statement - OwnerID = OwnerID.toLowerCase() + "@gmail.com": null

2019-01-03 21:23:05 - [TEST_STEP][PASSED] - Statement - println(OwnerID): null

2019-01-03 21:23:05 - [TEST_STEP][PASSED] - delay: Delayed 2 second(s)

2019-01-03 21:23:07 - [MESSAGE][PASSED] - Delayed 2 second(s)

2019-01-03 21:23:07 - [MESSAGE][PASSED] - Call Test Case 'Test Cases/Final Aug 2018 - PKS Automation/Common/Workflow Owner Finder' successfully

2019-01-03 21:23:07 - [TEST_STEP][PASSED] - delay: Delayed 2 second(s)

2019-01-03 21:23:09 - [MESSAGE][PASSED] - Delayed 2 second(s)

2019-01-03 21:23:09 - [TEST_STEP][PASSED] - navigateToUrl: Navigate to 'https://assist2-uat.perkeso.gov.my/c/portal/logout' successfully

2019-01-03 21:23:09 - [MESSAGE][PASSED] - Navigate to 'https://assist2-uat.perkeso.gov.my/c/portal/logout' successfully

2019-01-03 21:23:09 - [TEST_STEP][PASSED] - delay: Delayed 2 second(s)

2019-01-03 21:23:11 - [MESSAGE][PASSED] - Delayed 2 second(s)

2019-01-03 21:23:11 - [TEST_STEP][PASSED] - callTestCase: Call Test Case 'Test Cases/Final Aug 2018 - PKS Automation/Registration Module/Workflow/Login and Search Case For Workflow' successfully

2019-01-03 21:23:11 - [TEST_CASE][PASSED] - Test Cases/Final Aug 2018 - PKS Automation/Registration Module/Workflow/Login and Search Case For Workflow: Test Cases/Final Aug 2018 - PKS Automation/Registration Module/Workflow/Login and Search Case For Workflow

2019-01-03 21:23:11 - [TEST_STEP][PASSED] - navigateToUrl: Navigate to 'https://assist2-uat.perkeso.gov.my/login' successfully

2019-01-03 21:23:12 - [MESSAGE][PASSED] - Navigate to 'https://assist2-uat.perkeso.gov.my/login' successfully

2019-01-03 21:23:12 - [TEST_STEP][PASSED] - setText: Text 'johoruo3@gmail.com' is set on object 'Object Repository/Final Object Repo/Login Page/Internal User/Email Address'

2019-01-03 21:23:12 - [MESSAGE][PASSED] - Text 'johoruo3@gmail.com' is set on object 'Object Repository/Final Object Repo/Login Page/Internal User/Email Address'

2019-01-03 21:23:12 - [TEST_STEP][PASSED] - click: Object: 'Object Repository/Final Object Repo/Login Page/Internal User/Next Button' is clicked on

2019-01-03 21:23:12 - [MESSAGE][PASSED] - Object: 'Object Repository/Final Object Repo/Login Page/Internal User/Next Button' is clicked on

2019-01-03 21:23:12 - [TEST_STEP][PASSED] - delay: Delayed 1 second(s)

2019-01-03 21:23:13 - [MESSAGE][PASSED] - Delayed 1 second(s)

2019-01-03 21:23:13 - [TEST_STEP][PASSED] - setEncryptedText: Text ****** has been set on object 'Object Repository/Final Object Repo/Login Page/Internal User/Password'

2019-01-03 21:23:14 - [MESSAGE][PASSED] - Text ****** has been set on object 'Object Repository/Final Object Repo/Login Page/Internal User/Password'

2019-01-03 21:23:14 - [TEST_STEP][PASSED] - click: Object: 'Object Repository/Final Object Repo/Login Page/Internal User/Login Button' is clicked on

2019-01-03 21:23:14 - [MESSAGE][PASSED] - Object: 'Object Repository/Final Object Repo/Login Page/Internal User/Login Button' is clicked on

2019-01-03 21:23:14 - [TEST_STEP][PASSED] - delay: Delayed 2 second(s)

2019-01-03 21:23:16 - [MESSAGE][PASSED] - Delayed 2 second(s)

2019-01-03 21:23:16 - [TEST_STEP][PASSED] - Statement - Try: Delayed 2 second(s)

2019-01-03 21:23:16 - [TEST_STEP][PASSED] - Statement - Checker = false: null

2019-01-03 21:23:16 - [TEST_STEP][PASSED] - Statement - Checker = com.kms.katalon.core.webui.keyword.WebUiBuiltInKeywords.verifyElementHasAttribute(com.kms.katalon.core.testobject.ObjectRepository.findTestObject(Final Object Repo/Landing Page/BM Detecting), "href", 20, OPTIONAL): Object 'Object Repository/Final Object Repo/Landing Page/BM Detecting' has attribute 'href'

2019-01-03 21:23:16 - [MESSAGE][PASSED] - Object 'Object Repository/Final Object Repo/Landing Page/BM Detecting' has attribute 'href'

2019-01-03 21:23:16 - [TEST_STEP][PASSED] - Statement - out.println(Checker): null

2019-01-03 21:23:16 - [TEST_STEP][PASSED] - Statement - If (Checker == false): null

2019-01-03 21:23:16 - [TEST_STEP][PASSED] - Statement - Else: null

2019-01-03 21:23:16 - [TEST_STEP][PASSED] - delay: Delayed 2 second(s)

2019-01-03 21:23:18 - [MESSAGE][PASSED] - Delayed 2 second(s)

2019-01-03 21:23:18 - [TEST_STEP][PASSED] - click: Object: 'Object Repository/Final Object Repo/Page_MyASSIST - ASSIST - Search Pending Case For Add Supporting Document/Search Information' is clicked on

2019-01-03 21:23:18 - [MESSAGE][PASSED] - Object: 'Object Repository/Final Object Repo/Page_MyASSIST - ASSIST - Search Pending Case For Add Supporting Document/Search Information' is clicked on

2019-01-03 21:23:18 - [TEST_STEP][PASSED] - delay: Delayed 3 second(s)

2019-01-03 21:23:21 - [MESSAGE][PASSED] - Delayed 3 second(s)

2019-01-03 21:23:21 - [TEST_STEP][PASSED] - sendKeys: Keys 'CUN012019C100006159' sent to object: 'Object Repository/Final Object Repo/Page_MyASSIST - ASSIST - Search Pending Case For Add Supporting Document/Reference No'

2019-01-03 21:23:21 - [MESSAGE][PASSED] - Keys 'CUN012019C100006159' sent to object: 'Object Repository/Final Object Repo/Page_MyASSIST - ASSIST - Search Pending Case For Add Supporting Document/Reference No'

2019-01-03 21:23:21 - [TEST_STEP][PASSED] - click: Object: 'Object Repository/Final Object Repo/Page_MyASSIST - ASSIST - Search Pending Case For Add Supporting Document/Search Reference No' is clicked on

2019-01-03 21:23:21 - [MESSAGE][PASSED] - Object: 'Object Repository/Final Object Repo/Page_MyASSIST - ASSIST - Search Pending Case For Add Supporting Document/Search Reference No' is clicked on

2019-01-03 21:23:21 - [TEST_STEP][PASSED] - delay: Delayed 2 second(s)

2019-01-03 21:23:23 - [MESSAGE][PASSED] - Delayed 2 second(s)

2019-01-03 21:23:23 - [TEST_STEP][PASSED] - click: Object: 'Object Repository/Final Object Repo/Page_MyASSIST - ASSIST - Search Pending Case For Add Supporting Document/Continue' is clicked on

2019-01-03 21:23:28 - [MESSAGE][PASSED] - Object: 'Object Repository/Final Object Repo/Page_MyASSIST - ASSIST - Search Pending Case For Add Supporting Document/Continue' is clicked on

2019-01-03 21:23:28 - [TEST_STEP][PASSED] - delay: Delayed 20 second(s)

2019-01-03 21:23:48 - [MESSAGE][PASSED] - Delayed 20 second(s)

2019-01-03 21:23:48 - [MESSAGE][PASSED] - Call Test Case 'Test Cases/Final Aug 2018 - PKS Automation/Registration Module/Workflow/Login and Search Case For Workflow' successfully

2019-01-03 21:23:48 - [TEST_STEP][PASSED] - delay: Delayed 2 second(s)

2019-01-03 21:23:50 - [MESSAGE][PASSED] - Delayed 2 second(s)

2019-01-03 21:23:50 - [TEST_STEP][PASSED] - click: Object: 'Object Repository/Final Object Repo/Page_Update Employee Information By Employer/Page_Update Employee Information by Employer (Approve)/Continue' is clicked on

2019-01-03 21:23:53 - [MESSAGE][PASSED] - Object: 'Object Repository/Final Object Repo/Page_Update Employee Information By Employer/Page_Update Employee Information by Employer (Approve)/Continue' is clicked on

2019-01-03 21:23:53 - [TEST_STEP][PASSED] - delay: Delayed 2 second(s)

2019-01-03 21:23:55 - [MESSAGE][PASSED] - Delayed 2 second(s)

2019-01-03 21:23:55 - [TEST_STEP][PASSED] - click: Object: 'Object Repository/Final Object Repo/Page_Update Employee Information By Employer/Page_Update Employee Information by Employer (Approve)/Save  Continue in Update Employee Information Page' is clicked on

2019-01-03 21:23:55 - [MESSAGE][PASSED] - Object: 'Object Repository/Final Object Repo/Page_Update Employee Information By Employer/Page_Update Employee Information by Employer (Approve)/Save  Continue in Update Employee Information Page' is clicked on

2019-01-03 21:23:55 - [TEST_STEP][PASSED] - delay: Delayed 4 second(s)

2019-01-03 21:23:59 - [MESSAGE][PASSED] - Delayed 4 second(s)

2019-01-03 21:23:59 - [TEST_STEP][PASSED] - setText: Text 'Query' is set on object 'Object Repository/Final Object Repo/Page_Update Employee Information By Employer/Page_Update Employee Information by Employer (Query)/Remark'

2019-01-03 21:23:59 - [MESSAGE][PASSED] - Text 'Query' is set on object 'Object Repository/Final Object Repo/Page_Update Employee Information By Employer/Page_Update Employee Information by Employer (Query)/Remark'

2019-01-03 21:23:59 - [TEST_STEP][PASSED] - delay: Delayed 2 second(s)

2019-01-03 21:24:01 - [MESSAGE][PASSED] - Delayed 2 second(s)

2019-01-03 21:24:01 - [TEST_STEP][PASSED] - click: Object: 'Object Repository/Final Object Repo/Page_Update Employee Information By Employer/Page_Update Employee Information by Employer (Approve)/Save  Continue in Upload Supporting Doucument Page' is clicked on

2019-01-03 21:24:02 - [MESSAGE][PASSED] - Object: 'Object Repository/Final Object Repo/Page_Update Employee Information By Employer/Page_Update Employee Information by Employer (Approve)/Save  Continue in Upload Supporting Doucument Page' is clicked on

2019-01-03 21:24:02 - [TEST_STEP][PASSED] - delay: Delayed 2 second(s)

2019-01-03 21:24:04 - [MESSAGE][PASSED] - Delayed 2 second(s)

2019-01-03 21:24:04 - [TEST_STEP][PASSED] - click: Object: 'Object Repository/Final Object Repo/Page_Update Employee Information By Employer/Page_Update Employee Information by Employer (Query)/Query' is clicked on

2019-01-03 21:24:06 - [MESSAGE][PASSED] - Object: 'Object Repository/Final Object Repo/Page_Update Employee Information By Employer/Page_Update Employee Information by Employer (Query)/Query' is clicked on

2019-01-03 21:24:06 - [TEST_STEP][PASSED] - delay: Delayed 2 second(s)

2019-01-03 21:24:08 - [MESSAGE][PASSED] - Delayed 2 second(s)

2019-01-03 21:24:08 - [TEST_STEP][PASSED] - click: Object: 'Object Repository/Final Object Repo/Page_Update Employee Information By Employer/Page_Update Employee Information by Employer (Approve)/Confirm' is clicked on

2019-01-03 21:24:08 - [MESSAGE][PASSED] - Object: 'Object Repository/Final Object Repo/Page_Update Employee Information By Employer/Page_Update Employee Information by Employer (Approve)/Confirm' is clicked on

2019-01-03 21:24:08 - [TEST_STEP][PASSED] - delay: Delayed 2 second(s)

2019-01-03 21:24:10 - [MESSAGE][PASSED] - Delayed 2 second(s)

2019-01-03 21:24:10 - [TEST_STEP][PASSED] - click: Object: 'Object Repository/Final Object Repo/Page_Update Employee Information By Employer/Page_Update Employee Information by Employer (Query)/Query Message The case is Under Query' is clicked on

2019-01-03 21:24:14 - [MESSAGE][PASSED] - Object: 'Object Repository/Final Object Repo/Page_Update Employee Information By Employer/Page_Update Employee Information by Employer (Query)/Query Message The case is Under Query' is clicked on

2019-01-03 21:24:14 - [TEST_STEP][PASSED] - delay: Delayed 2 second(s)

2019-01-03 21:24:16 - [MESSAGE][PASSED] - Delayed 2 second(s)

2019-01-03 21:24:16 - [TEST_STEP][PASSED] - click: Object: 'Object Repository/Final Object Repo/Page_Update Employee Information By Employer/Page_Update Employee Information by Employer (Query)/Letter of inquiry' is clicked on

2019-01-03 21:24:17 - [MESSAGE][PASSED] - Object: 'Object Repository/Final Object Repo/Page_Update Employee Information By Employer/Page_Update Employee Information by Employer (Query)/Letter of inquiry' is clicked on

2019-01-03 21:24:17 - [TEST_STEP][PASSED] - delay: Delayed 1 second(s)

2019-01-03 21:24:18 - [MESSAGE][PASSED] - Delayed 1 second(s)

2019-01-03 21:24:18 - [TEST_STEP][PASSED] - navigateToUrl: Navigate to 'https://assist2-uat.perkeso.gov.my/c/portal/logout' successfully

2019-01-03 21:24:18 - [MESSAGE][PASSED] - Navigate to 'https://assist2-uat.perkeso.gov.my/c/portal/logout' successfully

2019-01-03 21:24:18 - [TEST_STEP][PASSED] - delay: Delayed 1 second(s)

2019-01-03 21:24:19 - [MESSAGE][PASSED] - Delayed 1 second(s)

2019-01-03 21:24:19 - [TEST_STEP][PASSED] - callTestCase: Call Test Case 'Test Cases/Final Aug 2018 - PKS Automation/Registration Module/Workflow/Search Pending Case For Add Supporting Document (OTC)' successfully

2019-01-03 21:24:19 - [TEST_CASE][PASSED] - Test Cases/Final Aug 2018 - PKS Automation/Registration Module/Workflow/Search Pending Case For Add Supporting Document (OTC): Test Cases/Final Aug 2018 - PKS Automation/Registration Module/Workflow/Search Pending Case For Add Supporting Document (OTC)

2019-01-03 21:24:19 - [TEST_STEP][PASSED] - openBrowser: Browser is opened with url: ''

2019-01-03 21:24:19 - [MESSAGE][WARNING] - A browser is already opened. Closing browser and opening a new one

2019-01-03 21:24:23 - [MESSAGE][PASSED] - Browser is opened with url: ''

2019-01-03 21:24:23 - [TEST_STEP][PASSED] - navigateToUrl: Navigate to 'https://assist2-uat.perkeso.gov.my/login' successfully

2019-01-03 21:24:24 - [MESSAGE][PASSED] - Navigate to 'https://assist2-uat.perkeso.gov.my/login' successfully

2019-01-03 21:24:24 - [TEST_STEP][PASSED] - setText: Text 'johorotc1@gmail.com' is set on object 'Object Repository/Final Object Repo/Login Page/Internal User/Email Address'

2019-01-03 21:24:25 - [MESSAGE][PASSED] - Text 'johorotc1@gmail.com' is set on object 'Object Repository/Final Object Repo/Login Page/Internal User/Email Address'

2019-01-03 21:24:25 - [TEST_STEP][PASSED] - click: Object: 'Object Repository/Final Object Repo/Login Page/Internal User/Next Button' is clicked on

2019-01-03 21:24:25 - [MESSAGE][PASSED] - Object: 'Object Repository/Final Object Repo/Login Page/Internal User/Next Button' is clicked on

2019-01-03 21:24:25 - [TEST_STEP][PASSED] - delay: Delayed 1 second(s)

2019-01-03 21:24:26 - [MESSAGE][PASSED] - Delayed 1 second(s)

2019-01-03 21:24:26 - [TEST_STEP][PASSED] - setEncryptedText: Text ****** has been set on object 'Object Repository/Final Object Repo/Login Page/Internal User/Password'

2019-01-03 21:24:26 - [MESSAGE][PASSED] - Text ****** has been set on object 'Object Repository/Final Object Repo/Login Page/Internal User/Password'

2019-01-03 21:24:26 - [TEST_STEP][PASSED] - click: Object: 'Object Repository/Final Object Repo/Login Page/Internal User/Login Button' is clicked on

2019-01-03 21:24:26 - [MESSAGE][PASSED] - Object: 'Object Repository/Final Object Repo/Login Page/Internal User/Login Button' is clicked on

2019-01-03 21:24:26 - [TEST_STEP][PASSED] - delay: Delayed 1 second(s)

2019-01-03 21:24:27 - [MESSAGE][PASSED] - Delayed 1 second(s)

2019-01-03 21:24:27 - [TEST_STEP][PASSED] - Statement - Try: Delayed 2 second(s)

2019-01-03 21:24:27 - [TEST_STEP][PASSED] - Statement - Checker = false: null

2019-01-03 21:24:27 - [TEST_STEP][PASSED] - Statement - Checker = com.kms.katalon.core.webui.keyword.WebUiBuiltInKeywords.verifyElementHasAttribute(com.kms.katalon.core.testobject.ObjectRepository.findTestObject(Final Object Repo/Landing Page/BM Detecting), "href", 20, OPTIONAL): Object 'Object Repository/Final Object Repo/Landing Page/BM Detecting' has attribute 'href'

2019-01-03 21:24:28 - [MESSAGE][PASSED] - Object 'Object Repository/Final Object Repo/Landing Page/BM Detecting' has attribute 'href'

2019-01-03 21:24:28 - [TEST_STEP][PASSED] - Statement - out.println(Checker): null

2019-01-03 21:24:28 - [TEST_STEP][PASSED] - Statement - If (Checker == false): null

2019-01-03 21:24:28 - [TEST_STEP][PASSED] - Statement - Else: null

2019-01-03 21:24:28 - [TEST_STEP][PASSED] - delay: Delayed 2 second(s)

2019-01-03 21:24:30 - [MESSAGE][PASSED] - Delayed 2 second(s)

2019-01-03 21:24:30 - [TEST_STEP][PASSED] - navigateToUrl: Navigate to 'https://assist2-uat.perkeso.gov.my/web/registration/search/search-pending-case-for-add-supporting-document' successfully

2019-01-03 21:24:31 - [MESSAGE][PASSED] - Navigate to 'https://assist2-uat.perkeso.gov.my/web/registration/search/search-pending-case-for-add-supporting-document' successfully

2019-01-03 21:24:31 - [TEST_STEP][PASSED] - click: Object: 'Object Repository/Final Object Repo/Page_Search Pending Case For Add Suporting Document/Search By' is clicked on

2019-01-03 21:24:31 - [MESSAGE][PASSED] - Object: 'Object Repository/Final Object Repo/Page_Search Pending Case For Add Suporting Document/Search By' is clicked on

2019-01-03 21:24:31 - [TEST_STEP][PASSED] - click: Object: 'Object Repository/Final Object Repo/Page_Search Pending Case For Add Suporting Document/Search By - Reference ID' is clicked on

2019-01-03 21:24:31 - [MESSAGE][PASSED] - Object: 'Object Repository/Final Object Repo/Page_Search Pending Case For Add Suporting Document/Search By - Reference ID' is clicked on

2019-01-03 21:24:31 - [TEST_STEP][PASSED] - delay: Delayed 2 second(s)

2019-01-03 21:24:33 - [MESSAGE][PASSED] - Delayed 2 second(s)

2019-01-03 21:24:33 - [TEST_STEP][PASSED] - setText: Text 'CUN012019C100006159' is set on object 'Object Repository/Final Object Repo/Page_Search Pending Case For Add Suporting Document/Reference ID'

2019-01-03 21:24:33 - [MESSAGE][PASSED] - Text 'CUN012019C100006159' is set on object 'Object Repository/Final Object Repo/Page_Search Pending Case For Add Suporting Document/Reference ID'

2019-01-03 21:24:33 - [TEST_STEP][PASSED] - click: Object: 'Object Repository/Final Object Repo/Page_Search Pending Case For Add Suporting Document/Search' is clicked on

2019-01-03 21:24:34 - [MESSAGE][PASSED] - Object: 'Object Repository/Final Object Repo/Page_Search Pending Case For Add Suporting Document/Search' is clicked on

2019-01-03 21:24:34 - [TEST_STEP][PASSED] - delay: Delayed 2 second(s)

2019-01-03 21:24:36 - [MESSAGE][PASSED] - Delayed 2 second(s)

2019-01-03 21:24:36 - [TEST_STEP][PASSED] - click: Object: 'Object Repository/Final Object Repo/Page_Search Pending Case For Add Suporting Document/Edit' is clicked on

2019-01-03 21:24:39 - [MESSAGE][PASSED] - Object: 'Object Repository/Final Object Repo/Page_Search Pending Case For Add Suporting Document/Edit' is clicked on

2019-01-03 21:24:39 - [MESSAGE][PASSED] - Call Test Case 'Test Cases/Final Aug 2018 - PKS Automation/Registration Module/Workflow/Search Pending Case For Add Supporting Document (OTC)' successfully

2019-01-03 21:24:39 - [TEST_STEP][PASSED] - click: Object: 'Object Repository/Final Object Repo/Page_Update Employee Information By Employer/Page_Update Employee Information by Employer (Query -OTC -UO)/Next' is clicked on

2019-01-03 21:24:42 - [MESSAGE][PASSED] - Object: 'Object Repository/Final Object Repo/Page_Update Employee Information By Employer/Page_Update Employee Information by Employer (Query -OTC -UO)/Next' is clicked on

2019-01-03 21:24:42 - [TEST_STEP][PASSED] - delay: Delayed 2 second(s)

2019-01-03 21:24:44 - [MESSAGE][PASSED] - Delayed 2 second(s)

2019-01-03 21:24:44 - [TEST_STEP][PASSED] - click: Object: 'Object Repository/Final Object Repo/Page_Update Employee Information By Employer/Page_Update Employee Information by Employer (Query -OTC -UO)/Add Document Button' is clicked on

2019-01-03 21:24:44 - [MESSAGE][PASSED] - Object: 'Object Repository/Final Object Repo/Page_Update Employee Information By Employer/Page_Update Employee Information by Employer (Query -OTC -UO)/Add Document Button' is clicked on

2019-01-03 21:24:44 - [TEST_STEP][PASSED] - delay: Delayed 5 second(s)

2019-01-03 21:24:49 - [MESSAGE][PASSED] - Delayed 5 second(s)

2019-01-03 21:24:49 - [TEST_STEP][PASSED] - click: Object: 'Object Repository/Final Object Repo/Page_Update Employee Information By Employer/Page_Update Employee Information by Employer (Query -OTC -UO)/Document Type' is clicked on

2019-01-03 21:24:49 - [MESSAGE][PASSED] - Object: 'Object Repository/Final Object Repo/Page_Update Employee Information By Employer/Page_Update Employee Information by Employer (Query -OTC -UO)/Document Type' is clicked on

2019-01-03 21:24:49 - [TEST_STEP][PASSED] - click: Object: 'Object Repository/Final Object Repo/Page_Update Employee Information By Employer/Page_Update Employee Information by Employer (Query -OTC -UO)/Document Type - Other' is clicked on

2019-01-03 21:24:50 - [MESSAGE][PASSED] - Object: 'Object Repository/Final Object Repo/Page_Update Employee Information By Employer/Page_Update Employee Information by Employer (Query -OTC -UO)/Document Type - Other' is clicked on

2019-01-03 21:24:50 - [TEST_STEP][PASSED] - sendKeys: Keys 'C:\Users\Public\Pictures\Sample Pictures\Koala.jpg' sent to object: 'Object Repository/Final Object Repo/Page_Update Employee Information By Employer/Page_Update Employee Information by Employer (Query -OTC -UO)/Upload File'

2019-01-03 21:24:50 - [MESSAGE][PASSED] - Keys 'C:\Users\Public\Pictures\Sample Pictures\Koala.jpg' sent to object: 'Object Repository/Final Object Repo/Page_Update Employee Information By Employer/Page_Update Employee Information by Employer (Query -OTC -UO)/Upload File'

2019-01-03 21:24:50 - [TEST_STEP][PASSED] - click: Object: 'Object Repository/Final Object Repo/Page_Update Employee Information By Employer/Page_Update Employee Information by Employer (Query -OTC -UO)/Add Document' is clicked on

2019-01-03 21:24:50 - [MESSAGE][PASSED] - Object: 'Object Repository/Final Object Repo/Page_Update Employee Information By Employer/Page_Update Employee Information by Employer (Query -OTC -UO)/Add Document' is clicked on

2019-01-03 21:24:50 - [TEST_STEP][PASSED] - delay: Delayed 2 second(s)

2019-01-03 21:24:52 - [MESSAGE][PASSED] - Delayed 2 second(s)

2019-01-03 21:24:52 - [TEST_STEP][PASSED] - click: Object: 'Object Repository/Final Object Repo/Page_Update Employee Information By Employer/Page_Update Employee Information by Employer (Query -OTC -UO)/Exit' is clicked on

2019-01-03 21:24:55 - [MESSAGE][PASSED] - Object: 'Object Repository/Final Object Repo/Page_Update Employee Information By Employer/Page_Update Employee Information by Employer (Query -OTC -UO)/Exit' is clicked on

2019-01-03 21:24:55 - [TEST_STEP][PASSED] - delay: Delayed 2 second(s)

2019-01-03 21:24:57 - [MESSAGE][PASSED] - Delayed 2 second(s)

2019-01-03 21:24:57 - [TEST_STEP][PASSED] - navigateToUrl: Navigate to 'https://assist2-uat.perkeso.gov.my/c/portal/logout' successfully

2019-01-03 21:24:57 - [MESSAGE][PASSED] - Navigate to 'https://assist2-uat.perkeso.gov.my/c/portal/logout' successfully

2019-01-03 21:24:57 - [TEST_STEP][PASSED] - delay: Delayed 2 second(s)

2019-01-03 21:24:59 - [MESSAGE][PASSED] - Delayed 2 second(s)

2019-01-03 21:24:59 - [TEST_STEP][PASSED] - callTestCase: Call Test Case 'Test Cases/Final Aug 2018 - PKS Automation/Registration Module/Workflow/Login and Search Case For Workflow' successfully

2019-01-03 21:24:59 - [TEST_CASE][PASSED] - Test Cases/Final Aug 2018 - PKS Automation/Registration Module/Workflow/Login and Search Case For Workflow: Test Cases/Final Aug 2018 - PKS Automation/Registration Module/Workflow/Login and Search Case For Workflow

2019-01-03 21:24:59 - [TEST_STEP][PASSED] - navigateToUrl: Navigate to 'https://assist2-uat.perkeso.gov.my/login' successfully

2019-01-03 21:25:00 - [MESSAGE][PASSED] - Navigate to 'https://assist2-uat.perkeso.gov.my/login' successfully

2019-01-03 21:25:00 - [TEST_STEP][PASSED] - setText: Text 'johoruo3@gmail.com' is set on object 'Object Repository/Final Object Repo/Login Page/Internal User/Email Address'

2019-01-03 21:25:00 - [MESSAGE][PASSED] - Text 'johoruo3@gmail.com' is set on object 'Object Repository/Final Object Repo/Login Page/Internal User/Email Address'

2019-01-03 21:25:00 - [TEST_STEP][PASSED] - click: Object: 'Object Repository/Final Object Repo/Login Page/Internal User/Next Button' is clicked on

2019-01-03 21:25:00 - [MESSAGE][PASSED] - Object: 'Object Repository/Final Object Repo/Login Page/Internal User/Next Button' is clicked on

2019-01-03 21:25:00 - [TEST_STEP][PASSED] - delay: Delayed 1 second(s)

2019-01-03 21:25:01 - [MESSAGE][PASSED] - Delayed 1 second(s)

2019-01-03 21:25:01 - [TEST_STEP][PASSED] - setEncryptedText: Text ****** has been set on object 'Object Repository/Final Object Repo/Login Page/Internal User/Password'

2019-01-03 21:25:02 - [MESSAGE][PASSED] - Text ****** has been set on object 'Object Repository/Final Object Repo/Login Page/Internal User/Password'

2019-01-03 21:25:02 - [TEST_STEP][PASSED] - click: Object: 'Object Repository/Final Object Repo/Login Page/Internal User/Login Button' is clicked on

2019-01-03 21:25:02 - [MESSAGE][PASSED] - Object: 'Object Repository/Final Object Repo/Login Page/Internal User/Login Button' is clicked on

2019-01-03 21:25:02 - [TEST_STEP][PASSED] - delay: Delayed 2 second(s)

2019-01-03 21:25:04 - [MESSAGE][PASSED] - Delayed 2 second(s)

2019-01-03 21:25:04 - [TEST_STEP][PASSED] - Statement - Try: Delayed 2 second(s)

2019-01-03 21:25:04 - [TEST_STEP][PASSED] - Statement - Checker = false: null

2019-01-03 21:25:04 - [TEST_STEP][PASSED] - Statement - Checker = com.kms.katalon.core.webui.keyword.WebUiBuiltInKeywords.verifyElementHasAttribute(com.kms.katalon.core.testobject.ObjectRepository.findTestObject(Final Object Repo/Landing Page/BM Detecting), "href", 20, OPTIONAL): Object 'Object Repository/Final Object Repo/Landing Page/BM Detecting' has attribute 'href'

2019-01-03 21:25:04 - [MESSAGE][PASSED] - Object 'Object Repository/Final Object Repo/Landing Page/BM Detecting' has attribute 'href'

2019-01-03 21:25:04 - [TEST_STEP][PASSED] - Statement - out.println(Checker): null

2019-01-03 21:25:04 - [TEST_STEP][PASSED] - Statement - If (Checker == false): null

2019-01-03 21:25:04 - [TEST_STEP][PASSED] - Statement - Else: null

2019-01-03 21:25:04 - [TEST_STEP][PASSED] - delay: Delayed 2 second(s)

2019-01-03 21:25:06 - [MESSAGE][PASSED] - Delayed 2 second(s)

2019-01-03 21:25:06 - [TEST_STEP][PASSED] - click: Object: 'Object Repository/Final Object Repo/Page_MyASSIST - ASSIST - Search Pending Case For Add Supporting Document/Search Information' is clicked on

2019-01-03 21:25:06 - [MESSAGE][PASSED] - Object: 'Object Repository/Final Object Repo/Page_MyASSIST - ASSIST - Search Pending Case For Add Supporting Document/Search Information' is clicked on

2019-01-03 21:25:06 - [TEST_STEP][PASSED] - delay: Delayed 3 second(s)

2019-01-03 21:25:09 - [MESSAGE][PASSED] - Delayed 3 second(s)

2019-01-03 21:25:09 - [TEST_STEP][PASSED] - sendKeys: Keys 'CUN012019C100006159' sent to object: 'Object Repository/Final Object Repo/Page_MyASSIST - ASSIST - Search Pending Case For Add Supporting Document/Reference No'

2019-01-03 21:25:09 - [MESSAGE][PASSED] - Keys 'CUN012019C100006159' sent to object: 'Object Repository/Final Object Repo/Page_MyASSIST - ASSIST - Search Pending Case For Add Supporting Document/Reference No'

2019-01-03 21:25:09 - [TEST_STEP][PASSED] - click: Object: 'Object Repository/Final Object Repo/Page_MyASSIST - ASSIST - Search Pending Case For Add Supporting Document/Search Reference No' is clicked on

2019-01-03 21:25:09 - [MESSAGE][PASSED] - Object: 'Object Repository/Final Object Repo/Page_MyASSIST - ASSIST - Search Pending Case For Add Supporting Document/Search Reference No' is clicked on

2019-01-03 21:25:09 - [TEST_STEP][PASSED] - delay: Delayed 2 second(s)

2019-01-03 21:25:11 - [MESSAGE][PASSED] - Delayed 2 second(s)

2019-01-03 21:25:11 - [TEST_STEP][PASSED] - click: Object: 'Object Repository/Final Object Repo/Page_MyASSIST - ASSIST - Search Pending Case For Add Supporting Document/Continue' is clicked on

2019-01-03 21:25:15 - [MESSAGE][PASSED] - Object: 'Object Repository/Final Object Repo/Page_MyASSIST - ASSIST - Search Pending Case For Add Supporting Document/Continue' is clicked on

2019-01-03 21:25:15 - [TEST_STEP][PASSED] - delay: Delayed 20 second(s)

2019-01-03 21:25:35 - [MESSAGE][PASSED] - Delayed 20 second(s)

2019-01-03 21:25:35 - [MESSAGE][PASSED] - Call Test Case 'Test Cases/Final Aug 2018 - PKS Automation/Registration Module/Workflow/Login and Search Case For Workflow' successfully

2019-01-03 21:25:35 - [TEST_STEP][PASSED] - click: Object: 'Object Repository/Final Object Repo/Page_Update Employee Information By Employer/Page_Update Employee Information by Employer (Approve)/Continue' is clicked on

2019-01-03 21:25:39 - [MESSAGE][PASSED] - Object: 'Object Repository/Final Object Repo/Page_Update Employee Information By Employer/Page_Update Employee Information by Employer (Approve)/Continue' is clicked on

2019-01-03 21:25:39 - [TEST_STEP][PASSED] - delay: Delayed 2 second(s)

2019-01-03 21:25:41 - [MESSAGE][PASSED] - Delayed 2 second(s)

2019-01-03 21:25:41 - [TEST_STEP][PASSED] - click: Object: 'Object Repository/Final Object Repo/Page_Update Employee Information By Employer/Page_Update Employee Information by Employer (Approve)/Save  Continue in Update Employee Information Page' is clicked on

2019-01-03 21:25:41 - [MESSAGE][PASSED] - Object: 'Object Repository/Final Object Repo/Page_Update Employee Information By Employer/Page_Update Employee Information by Employer (Approve)/Save  Continue in Update Employee Information Page' is clicked on

2019-01-03 21:25:41 - [TEST_STEP][PASSED] - delay: Delayed 4 second(s)

2019-01-03 21:25:45 - [MESSAGE][PASSED] - Delayed 4 second(s)

2019-01-03 21:25:45 - [TEST_STEP][PASSED] - click: Object: 'Object Repository/Final Object Repo/Page_Update Employee Information By Employer/Page_Update Employee Information by Employer (Approve)/Save  Continue in Upload Supporting Doucument Page' is clicked on

2019-01-03 21:25:45 - [MESSAGE][PASSED] - Object: 'Object Repository/Final Object Repo/Page_Update Employee Information By Employer/Page_Update Employee Information by Employer (Approve)/Save  Continue in Upload Supporting Doucument Page' is clicked on

2019-01-03 21:25:45 - [TEST_STEP][PASSED] - delay: Delayed 2 second(s)

2019-01-03 21:25:47 - [MESSAGE][PASSED] - Delayed 2 second(s)

2019-01-03 21:25:47 - [TEST_STEP][PASSED] - click: Object: 'Object Repository/Final Object Repo/Page_Update Employee Information By Employer/Page_Update Employee Information by Employer (Approve)/Approve' is clicked on

2019-01-03 21:25:49 - [MESSAGE][PASSED] - Object: 'Object Repository/Final Object Repo/Page_Update Employee Information By Employer/Page_Update Employee Information by Employer (Approve)/Approve' is clicked on

2019-01-03 21:25:49 - [TEST_STEP][PASSED] - delay: Delayed 2 second(s)

2019-01-03 21:25:51 - [MESSAGE][PASSED] - Delayed 2 second(s)

2019-01-03 21:25:51 - [TEST_STEP][PASSED] - click: Object: 'Object Repository/Final Object Repo/Page_Update Employee Information By Employer/Page_Update Employee Information by Employer (Approve)/Confirm' is clicked on

2019-01-03 21:25:51 - [MESSAGE][PASSED] - Object: 'Object Repository/Final Object Repo/Page_Update Employee Information By Employer/Page_Update Employee Information by Employer (Approve)/Confirm' is clicked on

2019-01-03 21:25:51 - [TEST_STEP][PASSED] - delay: Delayed 2 second(s)

2019-01-03 21:25:53 - [MESSAGE][PASSED] - Delayed 2 second(s)

2019-01-03 21:25:53 - [TEST_STEP][PASSED] - verifyElementVisible: Object 'Object Repository/Final Object Repo/Page_Update Employee Information By Employer/Page_Update Employee Information by Employer (Approve)/Successfull Message Submitted Successfully' is visible

2019-01-03 21:25:57 - [MESSAGE][PASSED] - Object 'Object Repository/Final Object Repo/Page_Update Employee Information By Employer/Page_Update Employee Information by Employer (Approve)/Successfull Message Submitted Successfully' is visible

2019-01-03 21:25:57 - [TEST_STEP][PASSED] - delay: Delayed 2 second(s)

2019-01-03 21:25:59 - [MESSAGE][PASSED] - Delayed 2 second(s)

2019-01-03 21:25:59 - [TEST_STEP][PASSED] - verifyElementVisible: Object 'Object Repository/Final Object Repo/Page_Update Employee Information By Employer/Page_Update Employee Information by Employer (Approve)/Letter of Successful update' is visible

2019-01-03 21:25:59 - [MESSAGE][PASSED] - Object 'Object Repository/Final Object Repo/Page_Update Employee Information By Employer/Page_Update Employee Information by Employer (Approve)/Letter of Successful update' is visible

2019-01-03 21:25:59 - [MESSAGE][PASSED] - Call Test Case 'Test Cases/Final Aug 2018 - PKS Automation/Registration Module/Workflow/Update Employee Information (Employer)/Template/Update Employee Information - Special Case - UO(Query)' successfully]]></system-out>
         <system-err><![CDATA[]]></system-err>
      </testcase>
      <testcase name="Test Cases/Final Aug 2018 - PKS Automation/Registration Module/Workflow/Update Employee Information (Employer)/PAU to UO (Reject)" classname="Test Cases/Final Aug 2018 - PKS Automation/Registration Module/Workflow/Update Employee Information (Employer)/PAU to UO (Reject)" status="PASSED">
         <system-out><![CDATA[2019-01-03 21:25:59 - [TEST_CASE][PASSED] - Test Cases/Final Aug 2018 - PKS Automation/Registration Module/Workflow/Update Employee Information (Employer)/PAU to UO (Reject): Test Cases/Final Aug 2018 - PKS Automation/Registration Module/Workflow/Update Employee Information (Employer)/PAU to UO (Reject)

2019-01-03 21:25:59 - [TEST_STEP][PASSED] - callTestCase: Call Test Case 'Test Cases/Final Aug 2018 - PKS Automation/Registration Module/Workflow/Update Employee Information (Employer)/Template/Update Employer Information - Special Case (PAU)' successfully

2019-01-03 21:25:59 - [TEST_CASE][PASSED] - Test Cases/Final Aug 2018 - PKS Automation/Registration Module/Workflow/Update Employee Information (Employer)/Template/Update Employer Information - Special Case (PAU): Test Cases/Final Aug 2018 - PKS Automation/Registration Module/Workflow/Update Employee Information (Employer)/Template/Update Employer Information - Special Case (PAU)

2019-01-03 21:25:59 - [TEST_STEP][PASSED] - openBrowser: Browser is opened with url: ''

2019-01-03 21:25:59 - [MESSAGE][WARNING] - A browser is already opened. Closing browser and opening a new one

2019-01-03 21:26:03 - [MESSAGE][PASSED] - Browser is opened with url: ''

2019-01-03 21:26:03 - [TEST_STEP][PASSED] - navigateToUrl: Navigate to 'https://assist2-uat.perkeso.gov.my/login' successfully

2019-01-03 21:26:04 - [MESSAGE][PASSED] - Navigate to 'https://assist2-uat.perkeso.gov.my/login' successfully

2019-01-03 21:26:04 - [TEST_STEP][PASSED] - setText: Text 'johorpau1@gmail.com' is set on object 'Object Repository/Final Object Repo/Login Page/Internal User/Email Address'

2019-01-03 21:26:05 - [MESSAGE][PASSED] - Text 'johorpau1@gmail.com' is set on object 'Object Repository/Final Object Repo/Login Page/Internal User/Email Address'

2019-01-03 21:26:05 - [TEST_STEP][PASSED] - click: Object: 'Object Repository/Final Object Repo/Login Page/Internal User/Next Button' is clicked on

2019-01-03 21:26:05 - [MESSAGE][PASSED] - Object: 'Object Repository/Final Object Repo/Login Page/Internal User/Next Button' is clicked on

2019-01-03 21:26:05 - [TEST_STEP][PASSED] - delay: Delayed 1 second(s)

2019-01-03 21:26:06 - [MESSAGE][PASSED] - Delayed 1 second(s)

2019-01-03 21:26:06 - [TEST_STEP][PASSED] - setEncryptedText: Text ****** has been set on object 'Object Repository/Final Object Repo/Login Page/Internal User/Password'

2019-01-03 21:26:06 - [MESSAGE][PASSED] - Text ****** has been set on object 'Object Repository/Final Object Repo/Login Page/Internal User/Password'

2019-01-03 21:26:06 - [TEST_STEP][PASSED] - click: Object: 'Object Repository/Final Object Repo/Login Page/Internal User/Login Button' is clicked on

2019-01-03 21:26:06 - [MESSAGE][PASSED] - Object: 'Object Repository/Final Object Repo/Login Page/Internal User/Login Button' is clicked on

2019-01-03 21:26:06 - [TEST_STEP][PASSED] - Statement - tester = com.kms.katalon.core.testobject.ObjectRepository.findTestObject(Final Object Repo/Landing Page/Select to English): Finding Test Object with id 'Object Repository/Final Object Repo/Landing Page/Select to English'

2019-01-03 21:26:06 - [TEST_STEP][PASSED] - Statement - Try: Delayed 2 second(s)

2019-01-03 21:26:06 - [TEST_STEP][PASSED] - Statement - Checker = com.kms.katalon.core.webui.keyword.WebUiBuiltInKeywords.verifyElementNotPresent(tester, 3): Web element with id: 'Object Repository/Final Object Repo/Landing Page/Select to English' located by 'By.xpath: //a[@class = 'taglib-language-list-text' and @lang = 'en-US' and (contains(text(), 'EN') or contains(., 'EN'))]' is not present after '3' second(s)

2019-01-03 21:26:08 - [MESSAGE][PASSED] - Web element with id: 'Object Repository/Final Object Repo/Landing Page/Select to English' located by 'By.xpath: //a[@class = 'taglib-language-list-text' and @lang = 'en-US' and (contains(text(), 'EN') or contains(., 'EN'))]' is not present after '3' second(s)

2019-01-03 21:26:08 - [TEST_STEP][PASSED] - Statement - If (Checker == false): null

2019-01-03 21:26:08 - [TEST_STEP][PASSED] - delay: Delayed 2 second(s)

2019-01-03 21:26:10 - [MESSAGE][PASSED] - Delayed 2 second(s)

2019-01-03 21:26:10 - [TEST_STEP][PASSED] - delay: Delayed 5 second(s)

2019-01-03 21:26:15 - [MESSAGE][PASSED] - Delayed 5 second(s)

2019-01-03 21:26:15 - [TEST_STEP][PASSED] - navigateToUrl: Navigate to 'https://assist2-uat.perkeso.gov.my/web/registration/update/update-employee-information-employer-' successfully

2019-01-03 21:26:16 - [MESSAGE][PASSED] - Navigate to 'https://assist2-uat.perkeso.gov.my/web/registration/update/update-employee-information-employer-' successfully

2019-01-03 21:26:16 - [TEST_STEP][PASSED] - setText: Text 'E1102001065V' is set on object 'Object Repository/Final Object Repo/Page_Update Employee Information By Employer/Employer Code'

2019-01-03 21:26:16 - [MESSAGE][PASSED] - Text 'E1102001065V' is set on object 'Object Repository/Final Object Repo/Page_Update Employee Information By Employer/Employer Code'

2019-01-03 21:26:16 - [TEST_STEP][PASSED] - click: Object: 'Object Repository/Final Object Repo/Page_Update Employee Information By Employer/Search Employer Code' is clicked on

2019-01-03 21:26:16 - [MESSAGE][PASSED] - Object: 'Object Repository/Final Object Repo/Page_Update Employee Information By Employer/Search Employer Code' is clicked on

2019-01-03 21:26:16 - [TEST_STEP][PASSED] - click: Object: 'Object Repository/Final Object Repo/Page_Update Employee Information By Employer/Edit Button' is clicked on

2019-01-03 21:26:20 - [MESSAGE][PASSED] - Object: 'Object Repository/Final Object Repo/Page_Update Employee Information By Employer/Edit Button' is clicked on

2019-01-03 21:26:20 - [TEST_STEP][PASSED] - click: Object: 'Object Repository/Final Object Repo/Page_Update Employee Information By Employer/Employee Name or New Identification' is clicked on

2019-01-03 21:26:20 - [MESSAGE][PASSED] - Object: 'Object Repository/Final Object Repo/Page_Update Employee Information By Employer/Employee Name or New Identification' is clicked on

2019-01-03 21:26:20 - [TEST_STEP][PASSED] - delay: Delayed 1 second(s)

2019-01-03 21:26:21 - [MESSAGE][PASSED] - Delayed 1 second(s)

2019-01-03 21:26:21 - [TEST_STEP][PASSED] - click: Object: 'Object Repository/Final Object Repo/Page_Update Employee Information By Employer/Selection - Employee Name' is clicked on

2019-01-03 21:26:21 - [MESSAGE][PASSED] - Object: 'Object Repository/Final Object Repo/Page_Update Employee Information By Employer/Selection - Employee Name' is clicked on

2019-01-03 21:26:21 - [TEST_STEP][PASSED] - delay: Delayed 1 second(s)

2019-01-03 21:26:22 - [MESSAGE][PASSED] - Delayed 1 second(s)

2019-01-03 21:26:22 - [TEST_STEP][PASSED] - setText: Text 'PERKESO' is set on object 'Object Repository/Final Object Repo/Page_Update Employee Information By Employer/Employee Name'

2019-01-03 21:26:23 - [MESSAGE][PASSED] - Text 'PERKESO' is set on object 'Object Repository/Final Object Repo/Page_Update Employee Information By Employer/Employee Name'

2019-01-03 21:26:23 - [TEST_STEP][PASSED] - delay: Delayed 2 second(s)

2019-01-03 21:26:25 - [MESSAGE][PASSED] - Delayed 2 second(s)

2019-01-03 21:26:25 - [TEST_STEP][PASSED] - click: Object: 'Object Repository/Final Object Repo/Page_Update Employee Information By Employer/Search Employee' is clicked on

2019-01-03 21:26:25 - [MESSAGE][PASSED] - Object: 'Object Repository/Final Object Repo/Page_Update Employee Information By Employer/Search Employee' is clicked on

2019-01-03 21:26:25 - [TEST_STEP][PASSED] - delay: Delayed 3 second(s)

2019-01-03 21:26:28 - [MESSAGE][PASSED] - Delayed 3 second(s)

2019-01-03 21:26:28 - [TEST_STEP][PASSED] - click: Object: 'Object Repository/Final Object Repo/Page_Update Employee Information By Employer/Employee Edit Button' is clicked on

2019-01-03 21:26:28 - [MESSAGE][PASSED] - Object: 'Object Repository/Final Object Repo/Page_Update Employee Information By Employer/Employee Edit Button' is clicked on

2019-01-03 21:26:28 - [TEST_STEP][PASSED] - delay: Delayed 3 second(s)

2019-01-03 21:26:31 - [MESSAGE][PASSED] - Delayed 3 second(s)

2019-01-03 21:26:31 - [TEST_STEP][PASSED] - setText: Text '' is set on object 'Object Repository/Final Object Repo/Page_Update Employee Information By Employer/Identification Number'

2019-01-03 21:26:31 - [MESSAGE][PASSED] - Text '' is set on object 'Object Repository/Final Object Repo/Page_Update Employee Information By Employer/Identification Number'

2019-01-03 21:26:31 - [TEST_STEP][PASSED] - Statement - rnd = new java.util.Random(): null

2019-01-03 21:26:31 - [TEST_STEP][PASSED] - Statement - snum = rnd.nextInt(899999 + 1) + 100000: null

2019-01-03 21:26:31 - [TEST_STEP][PASSED] - Statement - tnum = rnd.nextInt(899999 + 1) + 100000: null

2019-01-03 21:26:31 - [TEST_STEP][PASSED] - Statement - IC = java.lang.Integer.toString(snum) + java.lang.Integer.toString(tnum): null

2019-01-03 21:26:31 - [TEST_STEP][PASSED] - Statement - out.println(IC): null

2019-01-03 21:26:31 - [TEST_STEP][PASSED] - setText: Text '856977883035' is set on object 'Object Repository/Final Object Repo/Page_Update Employee Information By Employer/Identification Number'

2019-01-03 21:26:31 - [MESSAGE][PASSED] - Text '856977883035' is set on object 'Object Repository/Final Object Repo/Page_Update Employee Information By Employer/Identification Number'

2019-01-03 21:26:31 - [TEST_STEP][PASSED] - click: Object: 'Object Repository/Final Object Repo/Page_Update Employee Information By Employer/Save' is clicked on

2019-01-03 21:26:32 - [MESSAGE][PASSED] - Object: 'Object Repository/Final Object Repo/Page_Update Employee Information By Employer/Save' is clicked on

2019-01-03 21:26:32 - [TEST_STEP][PASSED] - delay: Delayed 5 second(s)

2019-01-03 21:26:37 - [MESSAGE][PASSED] - Delayed 5 second(s)

2019-01-03 21:26:37 - [TEST_STEP][PASSED] - Statement - CaseReferenceNo = com.kms.katalon.core.webui.keyword.WebUiBuiltInKeywords.getText(com.kms.katalon.core.testobject.ObjectRepository.findTestObject(Final Object Repo/Reference Number/Reference Number in Update Employee Information Page)): Text of object 'Object Repository/Final Object Repo/Reference Number/Reference Number in Update Employee Information Page' is: 'CUN012019C100006160'

2019-01-03 21:26:37 - [MESSAGE][PASSED] - Text of object 'Object Repository/Final Object Repo/Reference Number/Reference Number in Update Employee Information Page' is: 'CUN012019C100006160'

2019-01-03 21:26:37 - [TEST_STEP][PASSED] - callTestCase: Call Test Case 'Test Cases/Final Aug 2018 - PKS Automation/Common/Reference Number Setter' successfully

2019-01-03 21:26:37 - [TEST_CASE][PASSED] - Test Cases/Final Aug 2018 - PKS Automation/Common/Reference Number Setter: Test Cases/Final Aug 2018 - PKS Automation/Common/Reference Number Setter

2019-01-03 21:26:37 - [TEST_STEP][PASSED] - Statement - RefNoOldFile = new java.io.File(C://Users//Admin//Desktop//PKS//Automation Reference Point//KatalonReference.txt): null

2019-01-03 21:26:37 - [TEST_STEP][PASSED] - Statement - RefNoOldFile.delete(): null

2019-01-03 21:26:37 - [TEST_STEP][PASSED] - delay: Delayed 5 second(s)

2019-01-03 21:26:42 - [MESSAGE][PASSED] - Delayed 5 second(s)

2019-01-03 21:26:42 - [TEST_STEP][PASSED] - Statement - RefNo = new java.io.File(C://Users//Admin//Desktop//PKS//Automation Reference Point//KatalonReference.txt): null

2019-01-03 21:26:42 - [TEST_STEP][PASSED] - Statement - f2 = new java.io.FileWriter(RefNo, false): null

2019-01-03 21:26:42 - [TEST_STEP][PASSED] - Statement - f2.write(CaseReferenceNo): null

2019-01-03 21:26:42 - [TEST_STEP][PASSED] - Statement - f2.close(): null

2019-01-03 21:26:42 - [TEST_STEP][PASSED] - Statement - out.println("


" + CaseReferenceNo + "


"): null

2019-01-03 21:26:42 - [MESSAGE][PASSED] - Call Test Case 'Test Cases/Final Aug 2018 - PKS Automation/Common/Reference Number Setter' successfully

2019-01-03 21:26:42 - [TEST_STEP][PASSED] - delay: Delayed 5 second(s)

2019-01-03 21:26:47 - [MESSAGE][PASSED] - Delayed 5 second(s)

2019-01-03 21:26:47 - [TEST_STEP][PASSED] - click: Object: 'Object Repository/Final Object Repo/Page_Update Employee Information By Employer/Save  Continue in  Employee Information Page' is clicked on

2019-01-03 21:26:47 - [MESSAGE][PASSED] - Object: 'Object Repository/Final Object Repo/Page_Update Employee Information By Employer/Save  Continue in  Employee Information Page' is clicked on

2019-01-03 21:26:47 - [TEST_STEP][PASSED] - delay: Delayed 5 second(s)

2019-01-03 21:26:52 - [MESSAGE][PASSED] - Delayed 5 second(s)

2019-01-03 21:26:52 - [TEST_STEP][PASSED] - click: Object: 'Object Repository/Final Object Repo/Page_Update Employee Information By Employer/Save  Continue in Uploading Page 1' is clicked on

2019-01-03 21:26:52 - [MESSAGE][PASSED] - Object: 'Object Repository/Final Object Repo/Page_Update Employee Information By Employer/Save  Continue in Uploading Page 1' is clicked on

2019-01-03 21:26:52 - [TEST_STEP][PASSED] - delay: Delayed 5 second(s)

2019-01-03 21:26:57 - [MESSAGE][PASSED] - Delayed 5 second(s)

2019-01-03 21:26:57 - [TEST_STEP][PASSED] - click: Object: 'Object Repository/Final Object Repo/Page_Update Employee Information By Employer/Submit' is clicked on

2019-01-03 21:26:57 - [MESSAGE][PASSED] - Object: 'Object Repository/Final Object Repo/Page_Update Employee Information By Employer/Submit' is clicked on

2019-01-03 21:26:57 - [TEST_STEP][PASSED] - delay: Delayed 5 second(s)

2019-01-03 21:27:02 - [MESSAGE][PASSED] - Delayed 5 second(s)

2019-01-03 21:27:02 - [TEST_STEP][PASSED] - click: Object: 'Object Repository/Final Object Repo/Page_Update Employee Information By Employer/Confirm' is clicked on

2019-01-03 21:27:02 - [MESSAGE][PASSED] - Object: 'Object Repository/Final Object Repo/Page_Update Employee Information By Employer/Confirm' is clicked on

2019-01-03 21:27:02 - [TEST_STEP][PASSED] - delay: Delayed 5 second(s)

2019-01-03 21:27:07 - [MESSAGE][PASSED] - Delayed 5 second(s)

2019-01-03 21:27:07 - [TEST_STEP][PASSED] - verifyElementVisible: Object 'Object Repository/Final Object Repo/Page_Update Employee Information By Employer/Successfull Message Routed to UO' is visible

2019-01-03 21:27:07 - [MESSAGE][PASSED] - Object 'Object Repository/Final Object Repo/Page_Update Employee Information By Employer/Successfull Message Routed to UO' is visible

2019-01-03 21:27:07 - [MESSAGE][PASSED] - Call Test Case 'Test Cases/Final Aug 2018 - PKS Automation/Registration Module/Workflow/Update Employee Information (Employer)/Template/Update Employer Information - Special Case (PAU)' successfully

2019-01-03 21:27:07 - [TEST_STEP][PASSED] - callTestCase: Call Test Case 'Test Cases/Final Aug 2018 - PKS Automation/Registration Module/Workflow/Update Employee Information (Employer)/Template/Update Employee Information - Special Case - UO (Reject)' successfully

2019-01-03 21:27:08 - [TEST_CASE][PASSED] - Test Cases/Final Aug 2018 - PKS Automation/Registration Module/Workflow/Update Employee Information (Employer)/Template/Update Employee Information - Special Case - UO (Reject): Test Cases/Final Aug 2018 - PKS Automation/Registration Module/Workflow/Update Employee Information (Employer)/Template/Update Employee Information - Special Case - UO (Reject)

2019-01-03 21:27:08 - [TEST_STEP][NOT_RUN] - callTestCase: NOT_RUN: callTestCase

2019-01-03 21:27:08 - [MESSAGE][NOT_RUN] - NOT_RUN: callTestCase

2019-01-03 21:27:08 - [TEST_STEP][PASSED] - delay: Delayed 2 second(s)

2019-01-03 21:27:10 - [MESSAGE][PASSED] - Delayed 2 second(s)

2019-01-03 21:27:10 - [TEST_STEP][PASSED] - navigateToUrl: Navigate to 'https://assist2-uat.perkeso.gov.my/c/portal/logout' successfully

2019-01-03 21:27:10 - [MESSAGE][PASSED] - Navigate to 'https://assist2-uat.perkeso.gov.my/c/portal/logout' successfully

2019-01-03 21:27:10 - [TEST_STEP][PASSED] - delay: Delayed 2 second(s)

2019-01-03 21:27:12 - [MESSAGE][PASSED] - Delayed 2 second(s)

2019-01-03 21:27:12 - [TEST_STEP][PASSED] - callTestCase: Call Test Case 'Test Cases/Final Aug 2018 - PKS Automation/Common/Reference Number Getter' successfully

2019-01-03 21:27:12 - [TEST_CASE][PASSED] - Test Cases/Final Aug 2018 - PKS Automation/Common/Reference Number Getter: Test Cases/Final Aug 2018 - PKS Automation/Common/Reference Number Getter

2019-01-03 21:27:12 - [TEST_STEP][PASSED] - Statement - Try: null

2019-01-03 21:27:12 - [TEST_STEP][PASSED] - Statement - RefNo = new java.io.File(C://Users//Admin//Desktop//PKS//Automation Reference Point//KatalonReference.txt): null

2019-01-03 21:27:12 - [TEST_STEP][PASSED] - Statement - bufferread = new java.io.BufferedReader(new java.io.FileReader(RefNo)): null

2019-01-03 21:27:12 - [TEST_STEP][PASSED] - Statement - readedVal = bufferread.readLine(): null

2019-01-03 21:27:12 - [TEST_STEP][PASSED] - Statement - out.println(CaseReferenceNo): null

2019-01-03 21:27:12 - [TEST_STEP][PASSED] - Statement - out.println(readedVal): null

2019-01-03 21:27:12 - [TEST_STEP][PASSED] - Statement - CaseReferenceNo = "": null

2019-01-03 21:27:12 - [TEST_STEP][PASSED] - Statement - CaseReferenceNo = readedVal: null

2019-01-03 21:27:12 - [MESSAGE][PASSED] - Call Test Case 'Test Cases/Final Aug 2018 - PKS Automation/Common/Reference Number Getter' successfully

2019-01-03 21:27:12 - [TEST_STEP][PASSED] - callTestCase: Call Test Case 'Test Cases/Final Aug 2018 - PKS Automation/Common/Workflow Owner Finder' successfully

2019-01-03 21:27:12 - [TEST_CASE][PASSED] - Test Cases/Final Aug 2018 - PKS Automation/Common/Workflow Owner Finder: Test Cases/Final Aug 2018 - PKS Automation/Common/Workflow Owner Finder

2019-01-03 21:27:12 - [TEST_STEP][PASSED] - openBrowser: Browser is opened with url: ''

2019-01-03 21:27:12 - [MESSAGE][WARNING] - A browser is already opened. Closing browser and opening a new one

2019-01-03 21:27:16 - [MESSAGE][PASSED] - Browser is opened with url: ''

2019-01-03 21:27:16 - [TEST_STEP][PASSED] - navigateToUrl: Navigate to 'https://assist2-uat.perkeso.gov.my/login' successfully

2019-01-03 21:27:17 - [MESSAGE][PASSED] - Navigate to 'https://assist2-uat.perkeso.gov.my/login' successfully

2019-01-03 21:27:17 - [TEST_STEP][PASSED] - delay: Delayed 5 second(s)

2019-01-03 21:27:22 - [MESSAGE][PASSED] - Delayed 5 second(s)

2019-01-03 21:27:22 - [TEST_STEP][PASSED] - setText: Text 'test@liferay.com' is set on object 'Object Repository/Final Object Repo/Login Page/Internal User/Email Address'

2019-01-03 21:27:23 - [MESSAGE][PASSED] - Text 'test@liferay.com' is set on object 'Object Repository/Final Object Repo/Login Page/Internal User/Email Address'

2019-01-03 21:27:23 - [TEST_STEP][PASSED] - click: Object: 'Object Repository/Final Object Repo/Login Page/Internal User/Next Button' is clicked on

2019-01-03 21:27:23 - [MESSAGE][PASSED] - Object: 'Object Repository/Final Object Repo/Login Page/Internal User/Next Button' is clicked on

2019-01-03 21:27:23 - [TEST_STEP][PASSED] - delay: Delayed 2 second(s)

2019-01-03 21:27:25 - [MESSAGE][PASSED] - Delayed 2 second(s)

2019-01-03 21:27:25 - [TEST_STEP][PASSED] - setText: Text 'test' is set on object 'Object Repository/Final Object Repo/Login Page/Internal User/Password'

2019-01-03 21:27:25 - [MESSAGE][PASSED] - Text 'test' is set on object 'Object Repository/Final Object Repo/Login Page/Internal User/Password'

2019-01-03 21:27:25 - [TEST_STEP][PASSED] - delay: Delayed 2 second(s)

2019-01-03 21:27:27 - [MESSAGE][PASSED] - Delayed 2 second(s)

2019-01-03 21:27:27 - [TEST_STEP][PASSED] - click: Object: 'Object Repository/Final Object Repo/Login Page/Internal User/Login Button' is clicked on

2019-01-03 21:27:27 - [MESSAGE][PASSED] - Object: 'Object Repository/Final Object Repo/Login Page/Internal User/Login Button' is clicked on

2019-01-03 21:27:27 - [TEST_STEP][PASSED] - Statement - tester = com.kms.katalon.core.testobject.ObjectRepository.findTestObject(Final Object Repo/Landing Page/Select to English): Finding Test Object with id 'Object Repository/Final Object Repo/Landing Page/Select to English'

2019-01-03 21:27:27 - [TEST_STEP][PASSED] - Statement - Try: Delayed 2 second(s)

2019-01-03 21:27:27 - [TEST_STEP][PASSED] - Statement - Checker = com.kms.katalon.core.webui.keyword.WebUiBuiltInKeywords.verifyElementNotPresent(tester, 3): Web element with id: 'Object Repository/Final Object Repo/Landing Page/Select to English' located by 'By.xpath: //a[@class = 'taglib-language-list-text' and @lang = 'en-US' and (contains(text(), 'EN') or contains(., 'EN'))]' is not present after '3' second(s)

2019-01-03 21:27:29 - [MESSAGE][PASSED] - Web element with id: 'Object Repository/Final Object Repo/Landing Page/Select to English' located by 'By.xpath: //a[@class = 'taglib-language-list-text' and @lang = 'en-US' and (contains(text(), 'EN') or contains(., 'EN'))]' is not present after '3' second(s)

2019-01-03 21:27:29 - [TEST_STEP][PASSED] - Statement - If (Checker == false): null

2019-01-03 21:27:29 - [TEST_STEP][PASSED] - delay: Delayed 2 second(s)

2019-01-03 21:27:31 - [MESSAGE][PASSED] - Delayed 2 second(s)

2019-01-03 21:27:31 - [TEST_STEP][PASSED] - delay: Delayed 5 second(s)

2019-01-03 21:27:36 - [MESSAGE][PASSED] - Delayed 5 second(s)

2019-01-03 21:27:36 - [TEST_STEP][PASSED] - mouseOver: Object: 'Object Repository/Final Object Repo/Landing Page/WorkFlow Menu' is hovered

2019-01-03 21:27:36 - [MESSAGE][PASSED] - Object: 'Object Repository/Final Object Repo/Landing Page/WorkFlow Menu' is hovered

2019-01-03 21:27:36 - [TEST_STEP][PASSED] - delay: Delayed 2 second(s)

2019-01-03 21:27:38 - [MESSAGE][PASSED] - Delayed 2 second(s)

2019-01-03 21:27:38 - [TEST_STEP][PASSED] - click: Object: 'Object Repository/Final Object Repo/Landing Page/Select to Workflow Listing' is clicked on

2019-01-03 21:27:39 - [MESSAGE][PASSED] - Object: 'Object Repository/Final Object Repo/Landing Page/Select to Workflow Listing' is clicked on

2019-01-03 21:27:39 - [TEST_STEP][PASSED] - delay: Delayed 2 second(s)

2019-01-03 21:27:41 - [MESSAGE][PASSED] - Delayed 2 second(s)

2019-01-03 21:27:41 - [TEST_STEP][PASSED] - click: Object: 'Object Repository/Final Object Repo/WorkFlow Listing Page/Search Information - To Put Ref No' is clicked on

2019-01-03 21:27:41 - [MESSAGE][PASSED] - Object: 'Object Repository/Final Object Repo/WorkFlow Listing Page/Search Information - To Put Ref No' is clicked on

2019-01-03 21:27:41 - [TEST_STEP][PASSED] - delay: Delayed 2 second(s)

2019-01-03 21:27:43 - [MESSAGE][PASSED] - Delayed 2 second(s)

2019-01-03 21:27:43 - [TEST_STEP][PASSED] - callTestCase: Call Test Case 'Test Cases/Final Aug 2018 - PKS Automation/Common/Reference Number Getter' successfully

2019-01-03 21:27:43 - [TEST_CASE][PASSED] - Test Cases/Final Aug 2018 - PKS Automation/Common/Reference Number Getter: Test Cases/Final Aug 2018 - PKS Automation/Common/Reference Number Getter

2019-01-03 21:27:43 - [TEST_STEP][PASSED] - Statement - Try: null

2019-01-03 21:27:43 - [TEST_STEP][PASSED] - Statement - RefNo = new java.io.File(C://Users//Admin//Desktop//PKS//Automation Reference Point//KatalonReference.txt): null

2019-01-03 21:27:43 - [TEST_STEP][PASSED] - Statement - bufferread = new java.io.BufferedReader(new java.io.FileReader(RefNo)): null

2019-01-03 21:27:43 - [TEST_STEP][PASSED] - Statement - readedVal = bufferread.readLine(): null

2019-01-03 21:27:44 - [TEST_STEP][PASSED] - Statement - out.println(CaseReferenceNo): null

2019-01-03 21:27:44 - [TEST_STEP][PASSED] - Statement - out.println(readedVal): null

2019-01-03 21:27:44 - [TEST_STEP][PASSED] - Statement - CaseReferenceNo = "": null

2019-01-03 21:27:44 - [TEST_STEP][PASSED] - Statement - CaseReferenceNo = readedVal: null

2019-01-03 21:27:44 - [MESSAGE][PASSED] - Call Test Case 'Test Cases/Final Aug 2018 - PKS Automation/Common/Reference Number Getter' successfully

2019-01-03 21:27:44 - [TEST_STEP][PASSED] - setText: Text 'CUN012019C100006160' is set on object 'Object Repository/Final Object Repo/WorkFlow Listing Page/Ref No Set Text'

2019-01-03 21:27:44 - [MESSAGE][PASSED] - Text 'CUN012019C100006160' is set on object 'Object Repository/Final Object Repo/WorkFlow Listing Page/Ref No Set Text'

2019-01-03 21:27:44 - [TEST_STEP][PASSED] - delay: Delayed 2 second(s)

2019-01-03 21:27:46 - [MESSAGE][PASSED] - Delayed 2 second(s)

2019-01-03 21:27:46 - [TEST_STEP][PASSED] - click: Object: 'Object Repository/Final Object Repo/WorkFlow Listing Page/Search Ref No Search Button' is clicked on

2019-01-03 21:27:46 - [MESSAGE][PASSED] - Object: 'Object Repository/Final Object Repo/WorkFlow Listing Page/Search Ref No Search Button' is clicked on

2019-01-03 21:27:46 - [TEST_STEP][PASSED] - delay: Delayed 6 second(s)

2019-01-03 21:27:52 - [MESSAGE][PASSED] - Delayed 6 second(s)

2019-01-03 21:27:52 - [TEST_STEP][PASSED] - click: Object: 'Object Repository/Final Object Repo/WorkFlow Listing Page/Click Continue Tooltip' is clicked on

2019-01-03 21:27:53 - [MESSAGE][PASSED] - Object: 'Object Repository/Final Object Repo/WorkFlow Listing Page/Click Continue Tooltip' is clicked on

2019-01-03 21:27:53 - [TEST_STEP][PASSED] - delay: Delayed 5 second(s)

2019-01-03 21:27:58 - [MESSAGE][PASSED] - Delayed 5 second(s)

2019-01-03 21:27:58 - [TEST_STEP][PASSED] - doubleClick: Object: 'Object Repository/Final Object Repo/WorkFlow Listing Page/Workflow Found - Listing 1' is double clicked on

2019-01-03 21:27:58 - [MESSAGE][PASSED] - Object: 'Object Repository/Final Object Repo/WorkFlow Listing Page/Workflow Found - Listing 1' is double clicked on

2019-01-03 21:27:58 - [TEST_STEP][PASSED] - Statement - println(OwnerID): null

2019-01-03 21:27:58 - [TEST_STEP][PASSED] - Statement - OwnerID = com.kms.katalon.core.webui.keyword.WebUiBuiltInKeywords.getText(com.kms.katalon.core.testobject.ObjectRepository.findTestObject(Final Object Repo/WorkFlow Listing Page/Workflow Found - Listing 1), STOP_ON_FAILURE): Text of object 'Object Repository/Final Object Repo/WorkFlow Listing Page/Workflow Found - Listing 1' is: 'JOHORuo1'

2019-01-03 21:27:58 - [MESSAGE][PASSED] - Text of object 'Object Repository/Final Object Repo/WorkFlow Listing Page/Workflow Found - Listing 1' is: 'JOHORuo1'

2019-01-03 21:27:58 - [TEST_STEP][PASSED] - Statement - OwnerID = OwnerID.toLowerCase() + "@gmail.com": null

2019-01-03 21:27:58 - [TEST_STEP][PASSED] - Statement - println(OwnerID): null

2019-01-03 21:27:58 - [TEST_STEP][PASSED] - delay: Delayed 2 second(s)

2019-01-03 21:28:00 - [MESSAGE][PASSED] - Delayed 2 second(s)

2019-01-03 21:28:00 - [MESSAGE][PASSED] - Call Test Case 'Test Cases/Final Aug 2018 - PKS Automation/Common/Workflow Owner Finder' successfully

2019-01-03 21:28:00 - [TEST_STEP][PASSED] - delay: Delayed 2 second(s)

2019-01-03 21:28:02 - [MESSAGE][PASSED] - Delayed 2 second(s)

2019-01-03 21:28:02 - [TEST_STEP][PASSED] - navigateToUrl: Navigate to 'https://assist2-uat.perkeso.gov.my/c/portal/logout' successfully

2019-01-03 21:28:03 - [MESSAGE][PASSED] - Navigate to 'https://assist2-uat.perkeso.gov.my/c/portal/logout' successfully

2019-01-03 21:28:03 - [TEST_STEP][PASSED] - delay: Delayed 2 second(s)

2019-01-03 21:28:05 - [MESSAGE][PASSED] - Delayed 2 second(s)

2019-01-03 21:28:05 - [TEST_STEP][PASSED] - callTestCase: Call Test Case 'Test Cases/Final Aug 2018 - PKS Automation/Registration Module/Workflow/Login and Search Case For Workflow' successfully

2019-01-03 21:28:05 - [TEST_CASE][PASSED] - Test Cases/Final Aug 2018 - PKS Automation/Registration Module/Workflow/Login and Search Case For Workflow: Test Cases/Final Aug 2018 - PKS Automation/Registration Module/Workflow/Login and Search Case For Workflow

2019-01-03 21:28:05 - [TEST_STEP][PASSED] - navigateToUrl: Navigate to 'https://assist2-uat.perkeso.gov.my/login' successfully

2019-01-03 21:28:05 - [MESSAGE][PASSED] - Navigate to 'https://assist2-uat.perkeso.gov.my/login' successfully

2019-01-03 21:28:05 - [TEST_STEP][PASSED] - setText: Text 'johoruo1@gmail.com' is set on object 'Object Repository/Final Object Repo/Login Page/Internal User/Email Address'

2019-01-03 21:28:06 - [MESSAGE][PASSED] - Text 'johoruo1@gmail.com' is set on object 'Object Repository/Final Object Repo/Login Page/Internal User/Email Address'

2019-01-03 21:28:06 - [TEST_STEP][PASSED] - click: Object: 'Object Repository/Final Object Repo/Login Page/Internal User/Next Button' is clicked on

2019-01-03 21:28:06 - [MESSAGE][PASSED] - Object: 'Object Repository/Final Object Repo/Login Page/Internal User/Next Button' is clicked on

2019-01-03 21:28:06 - [TEST_STEP][PASSED] - delay: Delayed 1 second(s)

2019-01-03 21:28:07 - [MESSAGE][PASSED] - Delayed 1 second(s)

2019-01-03 21:28:07 - [TEST_STEP][PASSED] - setEncryptedText: Text ****** has been set on object 'Object Repository/Final Object Repo/Login Page/Internal User/Password'

2019-01-03 21:28:07 - [MESSAGE][PASSED] - Text ****** has been set on object 'Object Repository/Final Object Repo/Login Page/Internal User/Password'

2019-01-03 21:28:07 - [TEST_STEP][PASSED] - click: Object: 'Object Repository/Final Object Repo/Login Page/Internal User/Login Button' is clicked on

2019-01-03 21:28:07 - [MESSAGE][PASSED] - Object: 'Object Repository/Final Object Repo/Login Page/Internal User/Login Button' is clicked on

2019-01-03 21:28:07 - [TEST_STEP][PASSED] - delay: Delayed 2 second(s)

2019-01-03 21:28:09 - [MESSAGE][PASSED] - Delayed 2 second(s)

2019-01-03 21:28:09 - [TEST_STEP][PASSED] - Statement - Try: Delayed 2 second(s)

2019-01-03 21:28:09 - [TEST_STEP][PASSED] - Statement - Checker = false: null

2019-01-03 21:28:09 - [TEST_STEP][PASSED] - Statement - Checker = com.kms.katalon.core.webui.keyword.WebUiBuiltInKeywords.verifyElementHasAttribute(com.kms.katalon.core.testobject.ObjectRepository.findTestObject(Final Object Repo/Landing Page/BM Detecting), "href", 20, OPTIONAL): Object 'Object Repository/Final Object Repo/Landing Page/BM Detecting' has attribute 'href'

2019-01-03 21:28:09 - [MESSAGE][PASSED] - Object 'Object Repository/Final Object Repo/Landing Page/BM Detecting' has attribute 'href'

2019-01-03 21:28:09 - [TEST_STEP][PASSED] - Statement - out.println(Checker): null

2019-01-03 21:28:09 - [TEST_STEP][PASSED] - Statement - If (Checker == false): null

2019-01-03 21:28:09 - [TEST_STEP][PASSED] - Statement - Else: null

2019-01-03 21:28:09 - [TEST_STEP][PASSED] - delay: Delayed 2 second(s)

2019-01-03 21:28:11 - [MESSAGE][PASSED] - Delayed 2 second(s)

2019-01-03 21:28:11 - [TEST_STEP][PASSED] - click: Object: 'Object Repository/Final Object Repo/Page_MyASSIST - ASSIST - Search Pending Case For Add Supporting Document/Search Information' is clicked on

2019-01-03 21:28:11 - [MESSAGE][PASSED] - Object: 'Object Repository/Final Object Repo/Page_MyASSIST - ASSIST - Search Pending Case For Add Supporting Document/Search Information' is clicked on

2019-01-03 21:28:11 - [TEST_STEP][PASSED] - delay: Delayed 3 second(s)

2019-01-03 21:28:14 - [MESSAGE][PASSED] - Delayed 3 second(s)

2019-01-03 21:28:14 - [TEST_STEP][PASSED] - sendKeys: Keys 'CUN012019C100006160' sent to object: 'Object Repository/Final Object Repo/Page_MyASSIST - ASSIST - Search Pending Case For Add Supporting Document/Reference No'

2019-01-03 21:28:15 - [MESSAGE][PASSED] - Keys 'CUN012019C100006160' sent to object: 'Object Repository/Final Object Repo/Page_MyASSIST - ASSIST - Search Pending Case For Add Supporting Document/Reference No'

2019-01-03 21:28:15 - [TEST_STEP][PASSED] - click: Object: 'Object Repository/Final Object Repo/Page_MyASSIST - ASSIST - Search Pending Case For Add Supporting Document/Search Reference No' is clicked on

2019-01-03 21:28:15 - [MESSAGE][PASSED] - Object: 'Object Repository/Final Object Repo/Page_MyASSIST - ASSIST - Search Pending Case For Add Supporting Document/Search Reference No' is clicked on

2019-01-03 21:28:15 - [TEST_STEP][PASSED] - delay: Delayed 2 second(s)

2019-01-03 21:28:17 - [MESSAGE][PASSED] - Delayed 2 second(s)

2019-01-03 21:28:17 - [TEST_STEP][PASSED] - click: Object: 'Object Repository/Final Object Repo/Page_MyASSIST - ASSIST - Search Pending Case For Add Supporting Document/Continue' is clicked on

2019-01-03 21:28:21 - [MESSAGE][PASSED] - Object: 'Object Repository/Final Object Repo/Page_MyASSIST - ASSIST - Search Pending Case For Add Supporting Document/Continue' is clicked on

2019-01-03 21:28:21 - [TEST_STEP][PASSED] - delay: Delayed 20 second(s)

2019-01-03 21:28:41 - [MESSAGE][PASSED] - Delayed 20 second(s)

2019-01-03 21:28:41 - [MESSAGE][PASSED] - Call Test Case 'Test Cases/Final Aug 2018 - PKS Automation/Registration Module/Workflow/Login and Search Case For Workflow' successfully

2019-01-03 21:28:41 - [TEST_STEP][PASSED] - delay: Delayed 2 second(s)

2019-01-03 21:28:43 - [MESSAGE][PASSED] - Delayed 2 second(s)

2019-01-03 21:28:43 - [TEST_STEP][PASSED] - click: Object: 'Object Repository/Final Object Repo/Page_Update Employee Information By Employer/Page_Update Employee Information by Employer (Approve)/Continue' is clicked on

2019-01-03 21:28:46 - [MESSAGE][PASSED] - Object: 'Object Repository/Final Object Repo/Page_Update Employee Information By Employer/Page_Update Employee Information by Employer (Approve)/Continue' is clicked on

2019-01-03 21:28:46 - [TEST_STEP][PASSED] - delay: Delayed 2 second(s)

2019-01-03 21:28:48 - [MESSAGE][PASSED] - Delayed 2 second(s)

2019-01-03 21:28:48 - [TEST_STEP][PASSED] - click: Object: 'Object Repository/Final Object Repo/Page_Update Employee Information By Employer/Page_Update Employee Information by Employer (Approve)/Save  Continue in Update Employee Information Page' is clicked on

2019-01-03 21:28:48 - [MESSAGE][PASSED] - Object: 'Object Repository/Final Object Repo/Page_Update Employee Information By Employer/Page_Update Employee Information by Employer (Approve)/Save  Continue in Update Employee Information Page' is clicked on

2019-01-03 21:28:48 - [TEST_STEP][PASSED] - delay: Delayed 4 second(s)

2019-01-03 21:28:52 - [MESSAGE][PASSED] - Delayed 4 second(s)

2019-01-03 21:28:52 - [TEST_STEP][PASSED] - click: Object: 'Object Repository/Final Object Repo/Page_Update Employee Information By Employer/Page_Update Employee Information by Employer (Approve)/Save  Continue in Upload Supporting Doucument Page' is clicked on

2019-01-03 21:28:52 - [MESSAGE][PASSED] - Object: 'Object Repository/Final Object Repo/Page_Update Employee Information By Employer/Page_Update Employee Information by Employer (Approve)/Save  Continue in Upload Supporting Doucument Page' is clicked on

2019-01-03 21:28:52 - [TEST_STEP][PASSED] - delay: Delayed 2 second(s)

2019-01-03 21:28:54 - [MESSAGE][PASSED] - Delayed 2 second(s)

2019-01-03 21:28:54 - [TEST_STEP][PASSED] - click: Object: 'Object Repository/Final Object Repo/Page_Update Employee Information By Employer/Page_Update Employee Information by Employer (Reject)/Reject' is clicked on

2019-01-03 21:28:56 - [MESSAGE][PASSED] - Object: 'Object Repository/Final Object Repo/Page_Update Employee Information By Employer/Page_Update Employee Information by Employer (Reject)/Reject' is clicked on

2019-01-03 21:28:56 - [TEST_STEP][PASSED] - delay: Delayed 2 second(s)

2019-01-03 21:28:58 - [MESSAGE][PASSED] - Delayed 2 second(s)

2019-01-03 21:28:58 - [TEST_STEP][PASSED] - click: Object: 'Object Repository/Final Object Repo/Page_Update Employee Information By Employer/Page_Update Employee Information by Employer (Approve)/Confirm' is clicked on

2019-01-03 21:28:58 - [MESSAGE][PASSED] - Object: 'Object Repository/Final Object Repo/Page_Update Employee Information By Employer/Page_Update Employee Information by Employer (Approve)/Confirm' is clicked on

2019-01-03 21:28:58 - [TEST_STEP][PASSED] - delay: Delayed 2 second(s)

2019-01-03 21:29:00 - [MESSAGE][PASSED] - Delayed 2 second(s)

2019-01-03 21:29:00 - [TEST_STEP][PASSED] - verifyElementVisible: Object 'Object Repository/Final Object Repo/Page_Update Employee Information By Employer/Page_Update Employee Information by Employer (Reject)/Rejected Messeage This Case has been Rejecte' is visible

2019-01-03 21:29:04 - [MESSAGE][PASSED] - Object 'Object Repository/Final Object Repo/Page_Update Employee Information By Employer/Page_Update Employee Information by Employer (Reject)/Rejected Messeage This Case has been Rejecte' is visible

2019-01-03 21:29:04 - [TEST_STEP][PASSED] - delay: Delayed 2 second(s)

2019-01-03 21:29:06 - [MESSAGE][PASSED] - Delayed 2 second(s)

2019-01-03 21:29:06 - [TEST_STEP][PASSED] - verifyElementVisible: Object 'Object Repository/Final Object Repo/Page_Update Employee Information By Employer/Page_Update Employee Information by Employer (Reject)/Letter of update rejection' is visible

2019-01-03 21:29:06 - [MESSAGE][PASSED] - Object 'Object Repository/Final Object Repo/Page_Update Employee Information By Employer/Page_Update Employee Information by Employer (Reject)/Letter of update rejection' is visible

2019-01-03 21:29:06 - [MESSAGE][PASSED] - Call Test Case 'Test Cases/Final Aug 2018 - PKS Automation/Registration Module/Workflow/Update Employee Information (Employer)/Template/Update Employee Information - Special Case - UO (Reject)' successfully]]></system-out>
         <system-err><![CDATA[]]></system-err>
      </testcase>
      <testcase name="Test Cases/Final Aug 2018 - PKS Automation/Registration Module/Workflow/Update Employee Information (Employer)/PAU to UO (Under enforcement)" classname="Test Cases/Final Aug 2018 - PKS Automation/Registration Module/Workflow/Update Employee Information (Employer)/PAU to UO (Under enforcement)" status="PASSED">
         <system-out><![CDATA[2019-01-03 21:29:06 - [TEST_CASE][PASSED] - Test Cases/Final Aug 2018 - PKS Automation/Registration Module/Workflow/Update Employee Information (Employer)/PAU to UO (Under enforcement): Test Cases/Final Aug 2018 - PKS Automation/Registration Module/Workflow/Update Employee Information (Employer)/PAU to UO (Under enforcement)

2019-01-03 21:29:06 - [TEST_STEP][PASSED] - callTestCase: Call Test Case 'Test Cases/Final Aug 2018 - PKS Automation/Registration Module/Workflow/Update Employee Information (Employer)/Template/Update Employer Information - Special Case (PAU)' successfully

2019-01-03 21:29:06 - [TEST_CASE][PASSED] - Test Cases/Final Aug 2018 - PKS Automation/Registration Module/Workflow/Update Employee Information (Employer)/Template/Update Employer Information - Special Case (PAU): Test Cases/Final Aug 2018 - PKS Automation/Registration Module/Workflow/Update Employee Information (Employer)/Template/Update Employer Information - Special Case (PAU)

2019-01-03 21:29:06 - [TEST_STEP][PASSED] - openBrowser: Browser is opened with url: ''

2019-01-03 21:29:06 - [MESSAGE][WARNING] - A browser is already opened. Closing browser and opening a new one

2019-01-03 21:29:10 - [MESSAGE][PASSED] - Browser is opened with url: ''

2019-01-03 21:29:10 - [TEST_STEP][PASSED] - navigateToUrl: Navigate to 'https://assist2-uat.perkeso.gov.my/login' successfully

2019-01-03 21:29:11 - [MESSAGE][PASSED] - Navigate to 'https://assist2-uat.perkeso.gov.my/login' successfully

2019-01-03 21:29:11 - [TEST_STEP][PASSED] - setText: Text 'johorpau1@gmail.com' is set on object 'Object Repository/Final Object Repo/Login Page/Internal User/Email Address'

2019-01-03 21:29:11 - [MESSAGE][PASSED] - Text 'johorpau1@gmail.com' is set on object 'Object Repository/Final Object Repo/Login Page/Internal User/Email Address'

2019-01-03 21:29:11 - [TEST_STEP][PASSED] - click: Object: 'Object Repository/Final Object Repo/Login Page/Internal User/Next Button' is clicked on

2019-01-03 21:29:11 - [MESSAGE][PASSED] - Object: 'Object Repository/Final Object Repo/Login Page/Internal User/Next Button' is clicked on

2019-01-03 21:29:11 - [TEST_STEP][PASSED] - delay: Delayed 1 second(s)

2019-01-03 21:29:12 - [MESSAGE][PASSED] - Delayed 1 second(s)

2019-01-03 21:29:12 - [TEST_STEP][PASSED] - setEncryptedText: Text ****** has been set on object 'Object Repository/Final Object Repo/Login Page/Internal User/Password'

2019-01-03 21:29:13 - [MESSAGE][PASSED] - Text ****** has been set on object 'Object Repository/Final Object Repo/Login Page/Internal User/Password'

2019-01-03 21:29:13 - [TEST_STEP][PASSED] - click: Object: 'Object Repository/Final Object Repo/Login Page/Internal User/Login Button' is clicked on

2019-01-03 21:29:13 - [MESSAGE][PASSED] - Object: 'Object Repository/Final Object Repo/Login Page/Internal User/Login Button' is clicked on

2019-01-03 21:29:13 - [TEST_STEP][PASSED] - Statement - tester = com.kms.katalon.core.testobject.ObjectRepository.findTestObject(Final Object Repo/Landing Page/Select to English): Finding Test Object with id 'Object Repository/Final Object Repo/Landing Page/Select to English'

2019-01-03 21:29:13 - [TEST_STEP][PASSED] - Statement - Try: Delayed 2 second(s)

2019-01-03 21:29:13 - [TEST_STEP][PASSED] - Statement - Checker = com.kms.katalon.core.webui.keyword.WebUiBuiltInKeywords.verifyElementNotPresent(tester, 3): Web element with id: 'Object Repository/Final Object Repo/Landing Page/Select to English' located by 'By.xpath: //a[@class = 'taglib-language-list-text' and @lang = 'en-US' and (contains(text(), 'EN') or contains(., 'EN'))]' is not present after '3' second(s)

2019-01-03 21:29:15 - [MESSAGE][PASSED] - Web element with id: 'Object Repository/Final Object Repo/Landing Page/Select to English' located by 'By.xpath: //a[@class = 'taglib-language-list-text' and @lang = 'en-US' and (contains(text(), 'EN') or contains(., 'EN'))]' is not present after '3' second(s)

2019-01-03 21:29:15 - [TEST_STEP][PASSED] - Statement - If (Checker == false): null

2019-01-03 21:29:15 - [TEST_STEP][PASSED] - delay: Delayed 2 second(s)

2019-01-03 21:29:17 - [MESSAGE][PASSED] - Delayed 2 second(s)

2019-01-03 21:29:17 - [TEST_STEP][PASSED] - delay: Delayed 5 second(s)

2019-01-03 21:29:22 - [MESSAGE][PASSED] - Delayed 5 second(s)

2019-01-03 21:29:22 - [TEST_STEP][PASSED] - navigateToUrl: Navigate to 'https://assist2-uat.perkeso.gov.my/web/registration/update/update-employee-information-employer-' successfully

2019-01-03 21:29:22 - [MESSAGE][PASSED] - Navigate to 'https://assist2-uat.perkeso.gov.my/web/registration/update/update-employee-information-employer-' successfully

2019-01-03 21:29:22 - [TEST_STEP][PASSED] - setText: Text 'E1102001065V' is set on object 'Object Repository/Final Object Repo/Page_Update Employee Information By Employer/Employer Code'

2019-01-03 21:29:23 - [MESSAGE][PASSED] - Text 'E1102001065V' is set on object 'Object Repository/Final Object Repo/Page_Update Employee Information By Employer/Employer Code'

2019-01-03 21:29:23 - [TEST_STEP][PASSED] - click: Object: 'Object Repository/Final Object Repo/Page_Update Employee Information By Employer/Search Employer Code' is clicked on

2019-01-03 21:29:23 - [MESSAGE][PASSED] - Object: 'Object Repository/Final Object Repo/Page_Update Employee Information By Employer/Search Employer Code' is clicked on

2019-01-03 21:29:23 - [TEST_STEP][PASSED] - click: Object: 'Object Repository/Final Object Repo/Page_Update Employee Information By Employer/Edit Button' is clicked on

2019-01-03 21:29:26 - [MESSAGE][PASSED] - Object: 'Object Repository/Final Object Repo/Page_Update Employee Information By Employer/Edit Button' is clicked on

2019-01-03 21:29:26 - [TEST_STEP][PASSED] - click: Object: 'Object Repository/Final Object Repo/Page_Update Employee Information By Employer/Employee Name or New Identification' is clicked on

2019-01-03 21:29:27 - [MESSAGE][PASSED] - Object: 'Object Repository/Final Object Repo/Page_Update Employee Information By Employer/Employee Name or New Identification' is clicked on

2019-01-03 21:29:27 - [TEST_STEP][PASSED] - delay: Delayed 1 second(s)

2019-01-03 21:29:28 - [MESSAGE][PASSED] - Delayed 1 second(s)

2019-01-03 21:29:28 - [TEST_STEP][PASSED] - click: Object: 'Object Repository/Final Object Repo/Page_Update Employee Information By Employer/Selection - Employee Name' is clicked on

2019-01-03 21:29:28 - [MESSAGE][PASSED] - Object: 'Object Repository/Final Object Repo/Page_Update Employee Information By Employer/Selection - Employee Name' is clicked on

2019-01-03 21:29:28 - [TEST_STEP][PASSED] - delay: Delayed 1 second(s)

2019-01-03 21:29:29 - [MESSAGE][PASSED] - Delayed 1 second(s)

2019-01-03 21:29:29 - [TEST_STEP][PASSED] - setText: Text 'PERKESO' is set on object 'Object Repository/Final Object Repo/Page_Update Employee Information By Employer/Employee Name'

2019-01-03 21:29:29 - [MESSAGE][PASSED] - Text 'PERKESO' is set on object 'Object Repository/Final Object Repo/Page_Update Employee Information By Employer/Employee Name'

2019-01-03 21:29:29 - [TEST_STEP][PASSED] - delay: Delayed 2 second(s)

2019-01-03 21:29:31 - [MESSAGE][PASSED] - Delayed 2 second(s)

2019-01-03 21:29:31 - [TEST_STEP][PASSED] - click: Object: 'Object Repository/Final Object Repo/Page_Update Employee Information By Employer/Search Employee' is clicked on

2019-01-03 21:29:31 - [MESSAGE][PASSED] - Object: 'Object Repository/Final Object Repo/Page_Update Employee Information By Employer/Search Employee' is clicked on

2019-01-03 21:29:31 - [TEST_STEP][PASSED] - delay: Delayed 3 second(s)

2019-01-03 21:29:34 - [MESSAGE][PASSED] - Delayed 3 second(s)

2019-01-03 21:29:34 - [TEST_STEP][PASSED] - click: Object: 'Object Repository/Final Object Repo/Page_Update Employee Information By Employer/Employee Edit Button' is clicked on

2019-01-03 21:29:34 - [MESSAGE][PASSED] - Object: 'Object Repository/Final Object Repo/Page_Update Employee Information By Employer/Employee Edit Button' is clicked on

2019-01-03 21:29:34 - [TEST_STEP][PASSED] - delay: Delayed 3 second(s)

2019-01-03 21:29:37 - [MESSAGE][PASSED] - Delayed 3 second(s)

2019-01-03 21:29:37 - [TEST_STEP][PASSED] - setText: Text '' is set on object 'Object Repository/Final Object Repo/Page_Update Employee Information By Employer/Identification Number'

2019-01-03 21:29:38 - [MESSAGE][PASSED] - Text '' is set on object 'Object Repository/Final Object Repo/Page_Update Employee Information By Employer/Identification Number'

2019-01-03 21:29:38 - [TEST_STEP][PASSED] - Statement - rnd = new java.util.Random(): null

2019-01-03 21:29:38 - [TEST_STEP][PASSED] - Statement - snum = rnd.nextInt(899999 + 1) + 100000: null

2019-01-03 21:29:38 - [TEST_STEP][PASSED] - Statement - tnum = rnd.nextInt(899999 + 1) + 100000: null

2019-01-03 21:29:38 - [TEST_STEP][PASSED] - Statement - IC = java.lang.Integer.toString(snum) + java.lang.Integer.toString(tnum): null

2019-01-03 21:29:38 - [TEST_STEP][PASSED] - Statement - out.println(IC): null

2019-01-03 21:29:38 - [TEST_STEP][PASSED] - setText: Text '658022417408' is set on object 'Object Repository/Final Object Repo/Page_Update Employee Information By Employer/Identification Number'

2019-01-03 21:29:38 - [MESSAGE][PASSED] - Text '658022417408' is set on object 'Object Repository/Final Object Repo/Page_Update Employee Information By Employer/Identification Number'

2019-01-03 21:29:38 - [TEST_STEP][PASSED] - click: Object: 'Object Repository/Final Object Repo/Page_Update Employee Information By Employer/Save' is clicked on

2019-01-03 21:29:38 - [MESSAGE][PASSED] - Object: 'Object Repository/Final Object Repo/Page_Update Employee Information By Employer/Save' is clicked on

2019-01-03 21:29:38 - [TEST_STEP][PASSED] - delay: Delayed 5 second(s)

2019-01-03 21:29:43 - [MESSAGE][PASSED] - Delayed 5 second(s)

2019-01-03 21:29:43 - [TEST_STEP][PASSED] - Statement - CaseReferenceNo = com.kms.katalon.core.webui.keyword.WebUiBuiltInKeywords.getText(com.kms.katalon.core.testobject.ObjectRepository.findTestObject(Final Object Repo/Reference Number/Reference Number in Update Employee Information Page)): Text of object 'Object Repository/Final Object Repo/Reference Number/Reference Number in Update Employee Information Page' is: 'CUN012019C100006161'

2019-01-03 21:29:43 - [MESSAGE][PASSED] - Text of object 'Object Repository/Final Object Repo/Reference Number/Reference Number in Update Employee Information Page' is: 'CUN012019C100006161'

2019-01-03 21:29:43 - [TEST_STEP][PASSED] - callTestCase: Call Test Case 'Test Cases/Final Aug 2018 - PKS Automation/Common/Reference Number Setter' successfully

2019-01-03 21:29:43 - [TEST_CASE][PASSED] - Test Cases/Final Aug 2018 - PKS Automation/Common/Reference Number Setter: Test Cases/Final Aug 2018 - PKS Automation/Common/Reference Number Setter

2019-01-03 21:29:43 - [TEST_STEP][PASSED] - Statement - RefNoOldFile = new java.io.File(C://Users//Admin//Desktop//PKS//Automation Reference Point//KatalonReference.txt): null

2019-01-03 21:29:43 - [TEST_STEP][PASSED] - Statement - RefNoOldFile.delete(): null

2019-01-03 21:29:43 - [TEST_STEP][PASSED] - delay: Delayed 5 second(s)

2019-01-03 21:29:48 - [MESSAGE][PASSED] - Delayed 5 second(s)

2019-01-03 21:29:48 - [TEST_STEP][PASSED] - Statement - RefNo = new java.io.File(C://Users//Admin//Desktop//PKS//Automation Reference Point//KatalonReference.txt): null

2019-01-03 21:29:48 - [TEST_STEP][PASSED] - Statement - f2 = new java.io.FileWriter(RefNo, false): null

2019-01-03 21:29:48 - [TEST_STEP][PASSED] - Statement - f2.write(CaseReferenceNo): null

2019-01-03 21:29:48 - [TEST_STEP][PASSED] - Statement - f2.close(): null

2019-01-03 21:29:48 - [TEST_STEP][PASSED] - Statement - out.println("


" + CaseReferenceNo + "


"): null

2019-01-03 21:29:48 - [MESSAGE][PASSED] - Call Test Case 'Test Cases/Final Aug 2018 - PKS Automation/Common/Reference Number Setter' successfully

2019-01-03 21:29:48 - [TEST_STEP][PASSED] - delay: Delayed 5 second(s)

2019-01-03 21:29:53 - [MESSAGE][PASSED] - Delayed 5 second(s)

2019-01-03 21:29:53 - [TEST_STEP][PASSED] - click: Object: 'Object Repository/Final Object Repo/Page_Update Employee Information By Employer/Save  Continue in  Employee Information Page' is clicked on

2019-01-03 21:29:53 - [MESSAGE][PASSED] - Object: 'Object Repository/Final Object Repo/Page_Update Employee Information By Employer/Save  Continue in  Employee Information Page' is clicked on

2019-01-03 21:29:53 - [TEST_STEP][PASSED] - delay: Delayed 5 second(s)

2019-01-03 21:29:58 - [MESSAGE][PASSED] - Delayed 5 second(s)

2019-01-03 21:29:58 - [TEST_STEP][PASSED] - click: Object: 'Object Repository/Final Object Repo/Page_Update Employee Information By Employer/Save  Continue in Uploading Page 1' is clicked on

2019-01-03 21:29:59 - [MESSAGE][PASSED] - Object: 'Object Repository/Final Object Repo/Page_Update Employee Information By Employer/Save  Continue in Uploading Page 1' is clicked on

2019-01-03 21:29:59 - [TEST_STEP][PASSED] - delay: Delayed 5 second(s)

2019-01-03 21:30:04 - [MESSAGE][PASSED] - Delayed 5 second(s)

2019-01-03 21:30:04 - [TEST_STEP][PASSED] - click: Object: 'Object Repository/Final Object Repo/Page_Update Employee Information By Employer/Submit' is clicked on

2019-01-03 21:30:04 - [MESSAGE][PASSED] - Object: 'Object Repository/Final Object Repo/Page_Update Employee Information By Employer/Submit' is clicked on

2019-01-03 21:30:04 - [TEST_STEP][PASSED] - delay: Delayed 5 second(s)

2019-01-03 21:30:09 - [MESSAGE][PASSED] - Delayed 5 second(s)

2019-01-03 21:30:09 - [TEST_STEP][PASSED] - click: Object: 'Object Repository/Final Object Repo/Page_Update Employee Information By Employer/Confirm' is clicked on

2019-01-03 21:30:09 - [MESSAGE][PASSED] - Object: 'Object Repository/Final Object Repo/Page_Update Employee Information By Employer/Confirm' is clicked on

2019-01-03 21:30:09 - [TEST_STEP][PASSED] - delay: Delayed 5 second(s)

2019-01-03 21:30:14 - [MESSAGE][PASSED] - Delayed 5 second(s)

2019-01-03 21:30:14 - [TEST_STEP][PASSED] - verifyElementVisible: Object 'Object Repository/Final Object Repo/Page_Update Employee Information By Employer/Successfull Message Routed to UO' is visible

2019-01-03 21:30:14 - [MESSAGE][PASSED] - Object 'Object Repository/Final Object Repo/Page_Update Employee Information By Employer/Successfull Message Routed to UO' is visible

2019-01-03 21:30:14 - [MESSAGE][PASSED] - Call Test Case 'Test Cases/Final Aug 2018 - PKS Automation/Registration Module/Workflow/Update Employee Information (Employer)/Template/Update Employer Information - Special Case (PAU)' successfully

2019-01-03 21:30:14 - [TEST_STEP][PASSED] - callTestCase: Call Test Case 'Test Cases/Final Aug 2018 - PKS Automation/Registration Module/Workflow/Update Employee Information (Employer)/Template/Update Employee Information - Special Case - UO (UnderEnforcement)' successfully

2019-01-03 21:30:14 - [TEST_CASE][PASSED] - Test Cases/Final Aug 2018 - PKS Automation/Registration Module/Workflow/Update Employee Information (Employer)/Template/Update Employee Information - Special Case - UO (UnderEnforcement): Test Cases/Final Aug 2018 - PKS Automation/Registration Module/Workflow/Update Employee Information (Employer)/Template/Update Employee Information - Special Case - UO (UnderEnforcement)

2019-01-03 21:30:14 - [TEST_STEP][NOT_RUN] - callTestCase: NOT_RUN: callTestCase

2019-01-03 21:30:14 - [MESSAGE][NOT_RUN] - NOT_RUN: callTestCase

2019-01-03 21:30:14 - [TEST_STEP][PASSED] - delay: Delayed 2 second(s)

2019-01-03 21:30:16 - [MESSAGE][PASSED] - Delayed 2 second(s)

2019-01-03 21:30:16 - [TEST_STEP][PASSED] - navigateToUrl: Navigate to 'https://assist2-uat.perkeso.gov.my/c/portal/logout' successfully

2019-01-03 21:30:17 - [MESSAGE][PASSED] - Navigate to 'https://assist2-uat.perkeso.gov.my/c/portal/logout' successfully

2019-01-03 21:30:17 - [TEST_STEP][PASSED] - delay: Delayed 2 second(s)

2019-01-03 21:30:19 - [MESSAGE][PASSED] - Delayed 2 second(s)

2019-01-03 21:30:19 - [TEST_STEP][PASSED] - callTestCase: Call Test Case 'Test Cases/Final Aug 2018 - PKS Automation/Common/Reference Number Getter' successfully

2019-01-03 21:30:19 - [TEST_CASE][PASSED] - Test Cases/Final Aug 2018 - PKS Automation/Common/Reference Number Getter: Test Cases/Final Aug 2018 - PKS Automation/Common/Reference Number Getter

2019-01-03 21:30:19 - [TEST_STEP][PASSED] - Statement - Try: null

2019-01-03 21:30:19 - [TEST_STEP][PASSED] - Statement - RefNo = new java.io.File(C://Users//Admin//Desktop//PKS//Automation Reference Point//KatalonReference.txt): null

2019-01-03 21:30:19 - [TEST_STEP][PASSED] - Statement - bufferread = new java.io.BufferedReader(new java.io.FileReader(RefNo)): null

2019-01-03 21:30:19 - [TEST_STEP][PASSED] - Statement - readedVal = bufferread.readLine(): null

2019-01-03 21:30:19 - [TEST_STEP][PASSED] - Statement - out.println(CaseReferenceNo): null

2019-01-03 21:30:19 - [TEST_STEP][PASSED] - Statement - out.println(readedVal): null

2019-01-03 21:30:19 - [TEST_STEP][PASSED] - Statement - CaseReferenceNo = "": null

2019-01-03 21:30:19 - [TEST_STEP][PASSED] - Statement - CaseReferenceNo = readedVal: null

2019-01-03 21:30:19 - [MESSAGE][PASSED] - Call Test Case 'Test Cases/Final Aug 2018 - PKS Automation/Common/Reference Number Getter' successfully

2019-01-03 21:30:19 - [TEST_STEP][PASSED] - callTestCase: Call Test Case 'Test Cases/Final Aug 2018 - PKS Automation/Common/Workflow Owner Finder' successfully

2019-01-03 21:30:19 - [TEST_CASE][PASSED] - Test Cases/Final Aug 2018 - PKS Automation/Common/Workflow Owner Finder: Test Cases/Final Aug 2018 - PKS Automation/Common/Workflow Owner Finder

2019-01-03 21:30:19 - [TEST_STEP][PASSED] - openBrowser: Browser is opened with url: ''

2019-01-03 21:30:19 - [MESSAGE][WARNING] - A browser is already opened. Closing browser and opening a new one

2019-01-03 21:30:23 - [MESSAGE][PASSED] - Browser is opened with url: ''

2019-01-03 21:30:23 - [TEST_STEP][PASSED] - navigateToUrl: Navigate to 'https://assist2-uat.perkeso.gov.my/login' successfully

2019-01-03 21:30:24 - [MESSAGE][PASSED] - Navigate to 'https://assist2-uat.perkeso.gov.my/login' successfully

2019-01-03 21:30:24 - [TEST_STEP][PASSED] - delay: Delayed 5 second(s)

2019-01-03 21:30:29 - [MESSAGE][PASSED] - Delayed 5 second(s)

2019-01-03 21:30:29 - [TEST_STEP][PASSED] - setText: Text 'test@liferay.com' is set on object 'Object Repository/Final Object Repo/Login Page/Internal User/Email Address'

2019-01-03 21:30:29 - [MESSAGE][PASSED] - Text 'test@liferay.com' is set on object 'Object Repository/Final Object Repo/Login Page/Internal User/Email Address'

2019-01-03 21:30:29 - [TEST_STEP][PASSED] - click: Object: 'Object Repository/Final Object Repo/Login Page/Internal User/Next Button' is clicked on

2019-01-03 21:30:29 - [MESSAGE][PASSED] - Object: 'Object Repository/Final Object Repo/Login Page/Internal User/Next Button' is clicked on

2019-01-03 21:30:29 - [TEST_STEP][PASSED] - delay: Delayed 2 second(s)

2019-01-03 21:30:31 - [MESSAGE][PASSED] - Delayed 2 second(s)

2019-01-03 21:30:31 - [TEST_STEP][PASSED] - setText: Text 'test' is set on object 'Object Repository/Final Object Repo/Login Page/Internal User/Password'

2019-01-03 21:30:31 - [MESSAGE][PASSED] - Text 'test' is set on object 'Object Repository/Final Object Repo/Login Page/Internal User/Password'

2019-01-03 21:30:31 - [TEST_STEP][PASSED] - delay: Delayed 2 second(s)

2019-01-03 21:30:33 - [MESSAGE][PASSED] - Delayed 2 second(s)

2019-01-03 21:30:33 - [TEST_STEP][PASSED] - click: Object: 'Object Repository/Final Object Repo/Login Page/Internal User/Login Button' is clicked on

2019-01-03 21:30:34 - [MESSAGE][PASSED] - Object: 'Object Repository/Final Object Repo/Login Page/Internal User/Login Button' is clicked on

2019-01-03 21:30:34 - [TEST_STEP][PASSED] - Statement - tester = com.kms.katalon.core.testobject.ObjectRepository.findTestObject(Final Object Repo/Landing Page/Select to English): Finding Test Object with id 'Object Repository/Final Object Repo/Landing Page/Select to English'

2019-01-03 21:30:34 - [TEST_STEP][PASSED] - Statement - Try: Delayed 2 second(s)

2019-01-03 21:30:34 - [TEST_STEP][PASSED] - Statement - Checker = com.kms.katalon.core.webui.keyword.WebUiBuiltInKeywords.verifyElementNotPresent(tester, 3): Web element with id: 'Object Repository/Final Object Repo/Landing Page/Select to English' located by 'By.xpath: //a[@class = 'taglib-language-list-text' and @lang = 'en-US' and (contains(text(), 'EN') or contains(., 'EN'))]' is not present after '3' second(s)

2019-01-03 21:30:36 - [MESSAGE][PASSED] - Web element with id: 'Object Repository/Final Object Repo/Landing Page/Select to English' located by 'By.xpath: //a[@class = 'taglib-language-list-text' and @lang = 'en-US' and (contains(text(), 'EN') or contains(., 'EN'))]' is not present after '3' second(s)

2019-01-03 21:30:36 - [TEST_STEP][PASSED] - Statement - If (Checker == false): null

2019-01-03 21:30:36 - [TEST_STEP][PASSED] - delay: Delayed 2 second(s)

2019-01-03 21:30:38 - [MESSAGE][PASSED] - Delayed 2 second(s)

2019-01-03 21:30:38 - [TEST_STEP][PASSED] - delay: Delayed 5 second(s)

2019-01-03 21:30:43 - [MESSAGE][PASSED] - Delayed 5 second(s)

2019-01-03 21:30:43 - [TEST_STEP][PASSED] - mouseOver: Object: 'Object Repository/Final Object Repo/Landing Page/WorkFlow Menu' is hovered

2019-01-03 21:30:43 - [MESSAGE][PASSED] - Object: 'Object Repository/Final Object Repo/Landing Page/WorkFlow Menu' is hovered

2019-01-03 21:30:43 - [TEST_STEP][PASSED] - delay: Delayed 2 second(s)

2019-01-03 21:30:45 - [MESSAGE][PASSED] - Delayed 2 second(s)

2019-01-03 21:30:45 - [TEST_STEP][PASSED] - click: Object: 'Object Repository/Final Object Repo/Landing Page/Select to Workflow Listing' is clicked on

2019-01-03 21:30:46 - [MESSAGE][PASSED] - Object: 'Object Repository/Final Object Repo/Landing Page/Select to Workflow Listing' is clicked on

2019-01-03 21:30:46 - [TEST_STEP][PASSED] - delay: Delayed 2 second(s)

2019-01-03 21:30:48 - [MESSAGE][PASSED] - Delayed 2 second(s)

2019-01-03 21:30:48 - [TEST_STEP][PASSED] - click: Object: 'Object Repository/Final Object Repo/WorkFlow Listing Page/Search Information - To Put Ref No' is clicked on

2019-01-03 21:30:48 - [MESSAGE][PASSED] - Object: 'Object Repository/Final Object Repo/WorkFlow Listing Page/Search Information - To Put Ref No' is clicked on

2019-01-03 21:30:48 - [TEST_STEP][PASSED] - delay: Delayed 2 second(s)

2019-01-03 21:30:50 - [MESSAGE][PASSED] - Delayed 2 second(s)

2019-01-03 21:30:50 - [TEST_STEP][PASSED] - callTestCase: Call Test Case 'Test Cases/Final Aug 2018 - PKS Automation/Common/Reference Number Getter' successfully

2019-01-03 21:30:50 - [TEST_CASE][PASSED] - Test Cases/Final Aug 2018 - PKS Automation/Common/Reference Number Getter: Test Cases/Final Aug 2018 - PKS Automation/Common/Reference Number Getter

2019-01-03 21:30:50 - [TEST_STEP][PASSED] - Statement - Try: null

2019-01-03 21:30:50 - [TEST_STEP][PASSED] - Statement - RefNo = new java.io.File(C://Users//Admin//Desktop//PKS//Automation Reference Point//KatalonReference.txt): null

2019-01-03 21:30:50 - [TEST_STEP][PASSED] - Statement - bufferread = new java.io.BufferedReader(new java.io.FileReader(RefNo)): null

2019-01-03 21:30:50 - [TEST_STEP][PASSED] - Statement - readedVal = bufferread.readLine(): null

2019-01-03 21:30:50 - [TEST_STEP][PASSED] - Statement - out.println(CaseReferenceNo): null

2019-01-03 21:30:50 - [TEST_STEP][PASSED] - Statement - out.println(readedVal): null

2019-01-03 21:30:50 - [TEST_STEP][PASSED] - Statement - CaseReferenceNo = "": null

2019-01-03 21:30:50 - [TEST_STEP][PASSED] - Statement - CaseReferenceNo = readedVal: null

2019-01-03 21:30:50 - [MESSAGE][PASSED] - Call Test Case 'Test Cases/Final Aug 2018 - PKS Automation/Common/Reference Number Getter' successfully

2019-01-03 21:30:50 - [TEST_STEP][PASSED] - setText: Text 'CUN012019C100006161' is set on object 'Object Repository/Final Object Repo/WorkFlow Listing Page/Ref No Set Text'

2019-01-03 21:30:50 - [MESSAGE][PASSED] - Text 'CUN012019C100006161' is set on object 'Object Repository/Final Object Repo/WorkFlow Listing Page/Ref No Set Text'

2019-01-03 21:30:50 - [TEST_STEP][PASSED] - delay: Delayed 2 second(s)

2019-01-03 21:30:52 - [MESSAGE][PASSED] - Delayed 2 second(s)

2019-01-03 21:30:52 - [TEST_STEP][PASSED] - click: Object: 'Object Repository/Final Object Repo/WorkFlow Listing Page/Search Ref No Search Button' is clicked on

2019-01-03 21:30:52 - [MESSAGE][PASSED] - Object: 'Object Repository/Final Object Repo/WorkFlow Listing Page/Search Ref No Search Button' is clicked on

2019-01-03 21:30:52 - [TEST_STEP][PASSED] - delay: Delayed 6 second(s)

2019-01-03 21:30:58 - [MESSAGE][PASSED] - Delayed 6 second(s)

2019-01-03 21:30:58 - [TEST_STEP][PASSED] - click: Object: 'Object Repository/Final Object Repo/WorkFlow Listing Page/Click Continue Tooltip' is clicked on

2019-01-03 21:30:59 - [MESSAGE][PASSED] - Object: 'Object Repository/Final Object Repo/WorkFlow Listing Page/Click Continue Tooltip' is clicked on

2019-01-03 21:30:59 - [TEST_STEP][PASSED] - delay: Delayed 5 second(s)

2019-01-03 21:31:04 - [MESSAGE][PASSED] - Delayed 5 second(s)

2019-01-03 21:31:04 - [TEST_STEP][PASSED] - doubleClick: Object: 'Object Repository/Final Object Repo/WorkFlow Listing Page/Workflow Found - Listing 1' is double clicked on

2019-01-03 21:31:04 - [MESSAGE][PASSED] - Object: 'Object Repository/Final Object Repo/WorkFlow Listing Page/Workflow Found - Listing 1' is double clicked on

2019-01-03 21:31:04 - [TEST_STEP][PASSED] - Statement - println(OwnerID): null

2019-01-03 21:31:04 - [TEST_STEP][PASSED] - Statement - OwnerID = com.kms.katalon.core.webui.keyword.WebUiBuiltInKeywords.getText(com.kms.katalon.core.testobject.ObjectRepository.findTestObject(Final Object Repo/WorkFlow Listing Page/Workflow Found - Listing 1), STOP_ON_FAILURE): Text of object 'Object Repository/Final Object Repo/WorkFlow Listing Page/Workflow Found - Listing 1' is: 'JOHORuo2'

2019-01-03 21:31:04 - [MESSAGE][PASSED] - Text of object 'Object Repository/Final Object Repo/WorkFlow Listing Page/Workflow Found - Listing 1' is: 'JOHORuo2'

2019-01-03 21:31:04 - [TEST_STEP][PASSED] - Statement - OwnerID = OwnerID.toLowerCase() + "@gmail.com": null

2019-01-03 21:31:04 - [TEST_STEP][PASSED] - Statement - println(OwnerID): null

2019-01-03 21:31:04 - [TEST_STEP][PASSED] - delay: Delayed 2 second(s)

2019-01-03 21:31:06 - [MESSAGE][PASSED] - Delayed 2 second(s)

2019-01-03 21:31:06 - [MESSAGE][PASSED] - Call Test Case 'Test Cases/Final Aug 2018 - PKS Automation/Common/Workflow Owner Finder' successfully

2019-01-03 21:31:06 - [TEST_STEP][PASSED] - delay: Delayed 2 second(s)

2019-01-03 21:31:08 - [MESSAGE][PASSED] - Delayed 2 second(s)

2019-01-03 21:31:08 - [TEST_STEP][PASSED] - navigateToUrl: Navigate to 'https://assist2-uat.perkeso.gov.my/c/portal/logout' successfully

2019-01-03 21:31:09 - [MESSAGE][PASSED] - Navigate to 'https://assist2-uat.perkeso.gov.my/c/portal/logout' successfully

2019-01-03 21:31:09 - [TEST_STEP][PASSED] - delay: Delayed 2 second(s)

2019-01-03 21:31:11 - [MESSAGE][PASSED] - Delayed 2 second(s)

2019-01-03 21:31:11 - [TEST_STEP][PASSED] - callTestCase: Call Test Case 'Test Cases/Final Aug 2018 - PKS Automation/Registration Module/Workflow/Login and Search Case For Workflow' successfully

2019-01-03 21:31:11 - [TEST_CASE][PASSED] - Test Cases/Final Aug 2018 - PKS Automation/Registration Module/Workflow/Login and Search Case For Workflow: Test Cases/Final Aug 2018 - PKS Automation/Registration Module/Workflow/Login and Search Case For Workflow

2019-01-03 21:31:11 - [TEST_STEP][PASSED] - navigateToUrl: Navigate to 'https://assist2-uat.perkeso.gov.my/login' successfully

2019-01-03 21:31:12 - [MESSAGE][PASSED] - Navigate to 'https://assist2-uat.perkeso.gov.my/login' successfully

2019-01-03 21:31:12 - [TEST_STEP][PASSED] - setText: Text 'johoruo2@gmail.com' is set on object 'Object Repository/Final Object Repo/Login Page/Internal User/Email Address'

2019-01-03 21:31:12 - [MESSAGE][PASSED] - Text 'johoruo2@gmail.com' is set on object 'Object Repository/Final Object Repo/Login Page/Internal User/Email Address'

2019-01-03 21:31:12 - [TEST_STEP][PASSED] - click: Object: 'Object Repository/Final Object Repo/Login Page/Internal User/Next Button' is clicked on

2019-01-03 21:31:12 - [MESSAGE][PASSED] - Object: 'Object Repository/Final Object Repo/Login Page/Internal User/Next Button' is clicked on

2019-01-03 21:31:12 - [TEST_STEP][PASSED] - delay: Delayed 1 second(s)

2019-01-03 21:31:13 - [MESSAGE][PASSED] - Delayed 1 second(s)

2019-01-03 21:31:13 - [TEST_STEP][PASSED] - setEncryptedText: Text ****** has been set on object 'Object Repository/Final Object Repo/Login Page/Internal User/Password'

2019-01-03 21:31:13 - [MESSAGE][PASSED] - Text ****** has been set on object 'Object Repository/Final Object Repo/Login Page/Internal User/Password'

2019-01-03 21:31:13 - [TEST_STEP][PASSED] - click: Object: 'Object Repository/Final Object Repo/Login Page/Internal User/Login Button' is clicked on

2019-01-03 21:31:14 - [MESSAGE][PASSED] - Object: 'Object Repository/Final Object Repo/Login Page/Internal User/Login Button' is clicked on

2019-01-03 21:31:14 - [TEST_STEP][PASSED] - delay: Delayed 2 second(s)

2019-01-03 21:31:16 - [MESSAGE][PASSED] - Delayed 2 second(s)

2019-01-03 21:31:16 - [TEST_STEP][PASSED] - Statement - Try: Delayed 2 second(s)

2019-01-03 21:31:16 - [TEST_STEP][PASSED] - Statement - Checker = false: null

2019-01-03 21:31:16 - [TEST_STEP][PASSED] - Statement - Checker = com.kms.katalon.core.webui.keyword.WebUiBuiltInKeywords.verifyElementHasAttribute(com.kms.katalon.core.testobject.ObjectRepository.findTestObject(Final Object Repo/Landing Page/BM Detecting), "href", 20, OPTIONAL): Object 'Object Repository/Final Object Repo/Landing Page/BM Detecting' has attribute 'href'

2019-01-03 21:31:16 - [MESSAGE][PASSED] - Object 'Object Repository/Final Object Repo/Landing Page/BM Detecting' has attribute 'href'

2019-01-03 21:31:16 - [TEST_STEP][PASSED] - Statement - out.println(Checker): null

2019-01-03 21:31:16 - [TEST_STEP][PASSED] - Statement - If (Checker == false): null

2019-01-03 21:31:16 - [TEST_STEP][PASSED] - Statement - Else: null

2019-01-03 21:31:16 - [TEST_STEP][PASSED] - delay: Delayed 2 second(s)

2019-01-03 21:31:18 - [MESSAGE][PASSED] - Delayed 2 second(s)

2019-01-03 21:31:18 - [TEST_STEP][PASSED] - click: Object: 'Object Repository/Final Object Repo/Page_MyASSIST - ASSIST - Search Pending Case For Add Supporting Document/Search Information' is clicked on

2019-01-03 21:31:18 - [MESSAGE][PASSED] - Object: 'Object Repository/Final Object Repo/Page_MyASSIST - ASSIST - Search Pending Case For Add Supporting Document/Search Information' is clicked on

2019-01-03 21:31:18 - [TEST_STEP][PASSED] - delay: Delayed 3 second(s)

2019-01-03 21:31:21 - [MESSAGE][PASSED] - Delayed 3 second(s)

2019-01-03 21:31:21 - [TEST_STEP][PASSED] - sendKeys: Keys 'CUN012019C100006161' sent to object: 'Object Repository/Final Object Repo/Page_MyASSIST - ASSIST - Search Pending Case For Add Supporting Document/Reference No'

2019-01-03 21:31:21 - [MESSAGE][PASSED] - Keys 'CUN012019C100006161' sent to object: 'Object Repository/Final Object Repo/Page_MyASSIST - ASSIST - Search Pending Case For Add Supporting Document/Reference No'

2019-01-03 21:31:21 - [TEST_STEP][PASSED] - click: Object: 'Object Repository/Final Object Repo/Page_MyASSIST - ASSIST - Search Pending Case For Add Supporting Document/Search Reference No' is clicked on

2019-01-03 21:31:21 - [MESSAGE][PASSED] - Object: 'Object Repository/Final Object Repo/Page_MyASSIST - ASSIST - Search Pending Case For Add Supporting Document/Search Reference No' is clicked on

2019-01-03 21:31:21 - [TEST_STEP][PASSED] - delay: Delayed 2 second(s)

2019-01-03 21:31:23 - [MESSAGE][PASSED] - Delayed 2 second(s)

2019-01-03 21:31:23 - [TEST_STEP][PASSED] - click: Object: 'Object Repository/Final Object Repo/Page_MyASSIST - ASSIST - Search Pending Case For Add Supporting Document/Continue' is clicked on

2019-01-03 21:31:27 - [MESSAGE][PASSED] - Object: 'Object Repository/Final Object Repo/Page_MyASSIST - ASSIST - Search Pending Case For Add Supporting Document/Continue' is clicked on

2019-01-03 21:31:27 - [TEST_STEP][PASSED] - delay: Delayed 20 second(s)

2019-01-03 21:31:47 - [MESSAGE][PASSED] - Delayed 20 second(s)

2019-01-03 21:31:47 - [MESSAGE][PASSED] - Call Test Case 'Test Cases/Final Aug 2018 - PKS Automation/Registration Module/Workflow/Login and Search Case For Workflow' successfully

2019-01-03 21:31:47 - [TEST_STEP][PASSED] - delay: Delayed 2 second(s)

2019-01-03 21:31:49 - [MESSAGE][PASSED] - Delayed 2 second(s)

2019-01-03 21:31:49 - [TEST_STEP][PASSED] - click: Object: 'Object Repository/Final Object Repo/Page_Update Employee Information By Employer/Page_Update Employee Information by Employer (Approve)/Continue' is clicked on

2019-01-03 21:31:52 - [MESSAGE][PASSED] - Object: 'Object Repository/Final Object Repo/Page_Update Employee Information By Employer/Page_Update Employee Information by Employer (Approve)/Continue' is clicked on

2019-01-03 21:31:52 - [TEST_STEP][PASSED] - delay: Delayed 2 second(s)

2019-01-03 21:31:54 - [MESSAGE][PASSED] - Delayed 2 second(s)

2019-01-03 21:31:54 - [TEST_STEP][PASSED] - click: Object: 'Object Repository/Final Object Repo/Page_Update Employee Information By Employer/Page_Update Employee Information by Employer (Approve)/Save  Continue in Update Employee Information Page' is clicked on

2019-01-03 21:31:55 - [MESSAGE][PASSED] - Object: 'Object Repository/Final Object Repo/Page_Update Employee Information By Employer/Page_Update Employee Information by Employer (Approve)/Save  Continue in Update Employee Information Page' is clicked on

2019-01-03 21:31:55 - [TEST_STEP][PASSED] - delay: Delayed 4 second(s)

2019-01-03 21:31:59 - [MESSAGE][PASSED] - Delayed 4 second(s)

2019-01-03 21:31:59 - [TEST_STEP][PASSED] - click: Object: 'Object Repository/Final Object Repo/Page_Update Employee Information By Employer/Page_Update Employee Information by Employer (Approve)/Save  Continue in Upload Supporting Doucument Page' is clicked on

2019-01-03 21:31:59 - [MESSAGE][PASSED] - Object: 'Object Repository/Final Object Repo/Page_Update Employee Information By Employer/Page_Update Employee Information by Employer (Approve)/Save  Continue in Upload Supporting Doucument Page' is clicked on

2019-01-03 21:31:59 - [TEST_STEP][PASSED] - delay: Delayed 2 second(s)

2019-01-03 21:32:01 - [MESSAGE][PASSED] - Delayed 2 second(s)

2019-01-03 21:32:01 - [TEST_STEP][PASSED] - click: Object: 'Object Repository/Final Object Repo/Page_Update Employee Information By Employer/Page_Update Employee Information by Employer (Under enforcement)/Under enforcement' is clicked on

2019-01-03 21:32:03 - [MESSAGE][PASSED] - Object: 'Object Repository/Final Object Repo/Page_Update Employee Information By Employer/Page_Update Employee Information by Employer (Under enforcement)/Under enforcement' is clicked on

2019-01-03 21:32:03 - [TEST_STEP][PASSED] - delay: Delayed 2 second(s)

2019-01-03 21:32:05 - [MESSAGE][PASSED] - Delayed 2 second(s)

2019-01-03 21:32:05 - [TEST_STEP][PASSED] - setText: Text 'Remark' is set on object 'Object Repository/Final Object Repo/Page_Update Employee Information By Employer/Page_Update Employee Information by Employer (Under enforcement)/Under enforcement - Remark'

2019-01-03 21:32:05 - [MESSAGE][PASSED] - Text 'Remark' is set on object 'Object Repository/Final Object Repo/Page_Update Employee Information By Employer/Page_Update Employee Information by Employer (Under enforcement)/Under enforcement - Remark'

2019-01-03 21:32:05 - [TEST_STEP][PASSED] - delay: Delayed 2 second(s)

2019-01-03 21:32:07 - [MESSAGE][PASSED] - Delayed 2 second(s)

2019-01-03 21:32:07 - [TEST_STEP][PASSED] - click: Object: 'Object Repository/Final Object Repo/Page_Update Employee Information By Employer/Page_Update Employee Information by Employer (Under enforcement)/Save  Continu in Under enforcement Page' is clicked on

2019-01-03 21:32:07 - [MESSAGE][PASSED] - Object: 'Object Repository/Final Object Repo/Page_Update Employee Information By Employer/Page_Update Employee Information by Employer (Under enforcement)/Save  Continu in Under enforcement Page' is clicked on

2019-01-03 21:32:07 - [TEST_STEP][PASSED] - delay: Delayed 2 second(s)

2019-01-03 21:32:09 - [MESSAGE][PASSED] - Delayed 2 second(s)

2019-01-03 21:32:09 - [TEST_STEP][PASSED] - click: Object: 'Object Repository/Final Object Repo/Page_Update Employee Information By Employer/Page_Update Employee Information by Employer (Under enforcement)/Under enforceme Message The case is under enforcement' is clicked on

2019-01-03 21:32:10 - [MESSAGE][PASSED] - Object: 'Object Repository/Final Object Repo/Page_Update Employee Information By Employer/Page_Update Employee Information by Employer (Under enforcement)/Under enforceme Message The case is under enforcement' is clicked on

2019-01-03 21:32:10 - [TEST_STEP][PASSED] - click: Object: 'Object Repository/Final Object Repo/Page_Update Employee Information By Employer/Page_Update Employee Information by Employer (Under enforcement)/Under enforcement - OK button' is clicked on

2019-01-03 21:32:11 - [MESSAGE][PASSED] - Object: 'Object Repository/Final Object Repo/Page_Update Employee Information By Employer/Page_Update Employee Information by Employer (Under enforcement)/Under enforcement - OK button' is clicked on

2019-01-03 21:32:11 - [MESSAGE][PASSED] - Call Test Case 'Test Cases/Final Aug 2018 - PKS Automation/Registration Module/Workflow/Update Employee Information (Employer)/Template/Update Employee Information - Special Case - UO (UnderEnforcement)' successfully]]></system-out>
         <system-err><![CDATA[]]></system-err>
      </testcase>
      <testcase name="Test Cases/Final Aug 2018 - PKS Automation/Registration Module/Workflow/Update Employee Information (Employer)/PKRBO - UO (Approve)" classname="Test Cases/Final Aug 2018 - PKS Automation/Registration Module/Workflow/Update Employee Information (Employer)/PKRBO - UO (Approve)" status="PASSED">
         <system-out><![CDATA[2019-01-03 21:32:11 - [TEST_CASE][PASSED] - Test Cases/Final Aug 2018 - PKS Automation/Registration Module/Workflow/Update Employee Information (Employer)/PKRBO - UO (Approve): Test Cases/Final Aug 2018 - PKS Automation/Registration Module/Workflow/Update Employee Information (Employer)/PKRBO - UO (Approve)

2019-01-03 21:32:11 - [TEST_STEP][PASSED] - callTestCase: Call Test Case 'Test Cases/Final Aug 2018 - PKS Automation/Registration Module/Workflow/Update Employee Information (Employer)/Template/Update Employer Information - Special Case (PKRBO)' successfully

2019-01-03 21:32:11 - [TEST_CASE][PASSED] - Test Cases/Final Aug 2018 - PKS Automation/Registration Module/Workflow/Update Employee Information (Employer)/Template/Update Employer Information - Special Case (PKRBO): Test Cases/Final Aug 2018 - PKS Automation/Registration Module/Workflow/Update Employee Information (Employer)/Template/Update Employer Information - Special Case (PKRBO)

2019-01-03 21:32:12 - [TEST_STEP][PASSED] - openBrowser: Browser is opened with url: ''

2019-01-03 21:32:12 - [MESSAGE][WARNING] - A browser is already opened. Closing browser and opening a new one

2019-01-03 21:32:16 - [MESSAGE][PASSED] - Browser is opened with url: ''

2019-01-03 21:32:16 - [TEST_STEP][PASSED] - navigateToUrl: Navigate to 'https://assist2-uat.perkeso.gov.my/login' successfully

2019-01-03 21:32:17 - [MESSAGE][PASSED] - Navigate to 'https://assist2-uat.perkeso.gov.my/login' successfully

2019-01-03 21:32:17 - [TEST_STEP][PASSED] - setText: Text 'johorpkrbo1@gmail.com' is set on object 'Object Repository/Final Object Repo/Login Page/Internal User/Email Address'

2019-01-03 21:32:17 - [MESSAGE][PASSED] - Text 'johorpkrbo1@gmail.com' is set on object 'Object Repository/Final Object Repo/Login Page/Internal User/Email Address'

2019-01-03 21:32:17 - [TEST_STEP][PASSED] - click: Object: 'Object Repository/Final Object Repo/Login Page/Internal User/Next Button' is clicked on

2019-01-03 21:32:17 - [MESSAGE][PASSED] - Object: 'Object Repository/Final Object Repo/Login Page/Internal User/Next Button' is clicked on

2019-01-03 21:32:17 - [TEST_STEP][PASSED] - delay: Delayed 1 second(s)

2019-01-03 21:32:18 - [MESSAGE][PASSED] - Delayed 1 second(s)

2019-01-03 21:32:18 - [TEST_STEP][PASSED] - setEncryptedText: Text ****** has been set on object 'Object Repository/Final Object Repo/Login Page/Internal User/Password'

2019-01-03 21:32:18 - [MESSAGE][PASSED] - Text ****** has been set on object 'Object Repository/Final Object Repo/Login Page/Internal User/Password'

2019-01-03 21:32:18 - [TEST_STEP][PASSED] - click: Object: 'Object Repository/Final Object Repo/Login Page/Internal User/Login Button' is clicked on

2019-01-03 21:32:18 - [MESSAGE][PASSED] - Object: 'Object Repository/Final Object Repo/Login Page/Internal User/Login Button' is clicked on

2019-01-03 21:32:18 - [TEST_STEP][PASSED] - Statement - tester = com.kms.katalon.core.testobject.ObjectRepository.findTestObject(Final Object Repo/Landing Page/Select to English): Finding Test Object with id 'Object Repository/Final Object Repo/Landing Page/Select to English'

2019-01-03 21:32:18 - [TEST_STEP][PASSED] - Statement - Try: Delayed 2 second(s)

2019-01-03 21:32:18 - [TEST_STEP][PASSED] - Statement - Checker = com.kms.katalon.core.webui.keyword.WebUiBuiltInKeywords.verifyElementNotPresent(tester, 3): Web element with id: 'Object Repository/Final Object Repo/Landing Page/Select to English' located by 'By.xpath: //a[@class = 'taglib-language-list-text' and @lang = 'en-US' and (contains(text(), 'EN') or contains(., 'EN'))]' is not present after '3' second(s)

2019-01-03 21:32:20 - [MESSAGE][PASSED] - Web element with id: 'Object Repository/Final Object Repo/Landing Page/Select to English' located by 'By.xpath: //a[@class = 'taglib-language-list-text' and @lang = 'en-US' and (contains(text(), 'EN') or contains(., 'EN'))]' is not present after '3' second(s)

2019-01-03 21:32:20 - [TEST_STEP][PASSED] - Statement - If (Checker == false): null

2019-01-03 21:32:20 - [TEST_STEP][PASSED] - delay: Delayed 2 second(s)

2019-01-03 21:32:22 - [MESSAGE][PASSED] - Delayed 2 second(s)

2019-01-03 21:32:22 - [TEST_STEP][PASSED] - delay: Delayed 5 second(s)

2019-01-03 21:32:27 - [MESSAGE][PASSED] - Delayed 5 second(s)

2019-01-03 21:32:27 - [TEST_STEP][PASSED] - navigateToUrl: Navigate to 'https://assist2-uat.perkeso.gov.my/web/registration/update/update-employee-information-employer-' successfully

2019-01-03 21:32:28 - [MESSAGE][PASSED] - Navigate to 'https://assist2-uat.perkeso.gov.my/web/registration/update/update-employee-information-employer-' successfully

2019-01-03 21:32:28 - [TEST_STEP][PASSED] - setText: Text 'E1102001065V' is set on object 'Object Repository/Final Object Repo/Page_Update Employee Information By Employer/Employer Code'

2019-01-03 21:32:29 - [MESSAGE][PASSED] - Text 'E1102001065V' is set on object 'Object Repository/Final Object Repo/Page_Update Employee Information By Employer/Employer Code'

2019-01-03 21:32:29 - [TEST_STEP][PASSED] - click: Object: 'Object Repository/Final Object Repo/Page_Update Employee Information By Employer/Search Employer Code' is clicked on

2019-01-03 21:32:29 - [MESSAGE][PASSED] - Object: 'Object Repository/Final Object Repo/Page_Update Employee Information By Employer/Search Employer Code' is clicked on

2019-01-03 21:32:29 - [TEST_STEP][PASSED] - click: Object: 'Object Repository/Final Object Repo/Page_Update Employee Information By Employer/Edit Button' is clicked on

2019-01-03 21:32:32 - [MESSAGE][PASSED] - Object: 'Object Repository/Final Object Repo/Page_Update Employee Information By Employer/Edit Button' is clicked on

2019-01-03 21:32:32 - [TEST_STEP][PASSED] - click: Object: 'Object Repository/Final Object Repo/Page_Update Employee Information By Employer/Employee Name or New Identification' is clicked on

2019-01-03 21:32:33 - [MESSAGE][PASSED] - Object: 'Object Repository/Final Object Repo/Page_Update Employee Information By Employer/Employee Name or New Identification' is clicked on

2019-01-03 21:32:33 - [TEST_STEP][PASSED] - delay: Delayed 1 second(s)

2019-01-03 21:32:34 - [MESSAGE][PASSED] - Delayed 1 second(s)

2019-01-03 21:32:34 - [TEST_STEP][PASSED] - click: Object: 'Object Repository/Final Object Repo/Page_Update Employee Information By Employer/Selection - Employee Name' is clicked on

2019-01-03 21:32:34 - [MESSAGE][PASSED] - Object: 'Object Repository/Final Object Repo/Page_Update Employee Information By Employer/Selection - Employee Name' is clicked on

2019-01-03 21:32:34 - [TEST_STEP][PASSED] - delay: Delayed 1 second(s)

2019-01-03 21:32:35 - [MESSAGE][PASSED] - Delayed 1 second(s)

2019-01-03 21:32:35 - [TEST_STEP][PASSED] - setText: Text 'PERKESO' is set on object 'Object Repository/Final Object Repo/Page_Update Employee Information By Employer/Employee Name'

2019-01-03 21:32:35 - [MESSAGE][PASSED] - Text 'PERKESO' is set on object 'Object Repository/Final Object Repo/Page_Update Employee Information By Employer/Employee Name'

2019-01-03 21:32:35 - [TEST_STEP][PASSED] - delay: Delayed 2 second(s)

2019-01-03 21:32:37 - [MESSAGE][PASSED] - Delayed 2 second(s)

2019-01-03 21:32:37 - [TEST_STEP][PASSED] - click: Object: 'Object Repository/Final Object Repo/Page_Update Employee Information By Employer/Search Employee' is clicked on

2019-01-03 21:32:37 - [MESSAGE][PASSED] - Object: 'Object Repository/Final Object Repo/Page_Update Employee Information By Employer/Search Employee' is clicked on

2019-01-03 21:32:37 - [TEST_STEP][PASSED] - delay: Delayed 3 second(s)

2019-01-03 21:32:40 - [MESSAGE][PASSED] - Delayed 3 second(s)

2019-01-03 21:32:40 - [TEST_STEP][PASSED] - click: Object: 'Object Repository/Final Object Repo/Page_Update Employee Information By Employer/Employee Edit Button' is clicked on

2019-01-03 21:32:40 - [MESSAGE][PASSED] - Object: 'Object Repository/Final Object Repo/Page_Update Employee Information By Employer/Employee Edit Button' is clicked on

2019-01-03 21:32:40 - [TEST_STEP][PASSED] - delay: Delayed 3 second(s)

2019-01-03 21:32:43 - [MESSAGE][PASSED] - Delayed 3 second(s)

2019-01-03 21:32:43 - [TEST_STEP][PASSED] - setText: Text '' is set on object 'Object Repository/Final Object Repo/Page_Update Employee Information By Employer/Identification Number'

2019-01-03 21:32:44 - [MESSAGE][PASSED] - Text '' is set on object 'Object Repository/Final Object Repo/Page_Update Employee Information By Employer/Identification Number'

2019-01-03 21:32:44 - [TEST_STEP][PASSED] - Statement - rnd = new java.util.Random(): null

2019-01-03 21:32:44 - [TEST_STEP][PASSED] - Statement - snum = rnd.nextInt(899999 + 1) + 100000: null

2019-01-03 21:32:44 - [TEST_STEP][PASSED] - Statement - tnum = rnd.nextInt(899999 + 1) + 100000: null

2019-01-03 21:32:44 - [TEST_STEP][PASSED] - Statement - IC = java.lang.Integer.toString(snum) + java.lang.Integer.toString(tnum): null

2019-01-03 21:32:44 - [TEST_STEP][PASSED] - Statement - out.println(IC): null

2019-01-03 21:32:44 - [TEST_STEP][PASSED] - setText: Text '654215978092' is set on object 'Object Repository/Final Object Repo/Page_Update Employee Information By Employer/Identification Number'

2019-01-03 21:32:44 - [MESSAGE][PASSED] - Text '654215978092' is set on object 'Object Repository/Final Object Repo/Page_Update Employee Information By Employer/Identification Number'

2019-01-03 21:32:44 - [TEST_STEP][PASSED] - click: Object: 'Object Repository/Final Object Repo/Page_Update Employee Information By Employer/Save' is clicked on

2019-01-03 21:32:44 - [MESSAGE][PASSED] - Object: 'Object Repository/Final Object Repo/Page_Update Employee Information By Employer/Save' is clicked on

2019-01-03 21:32:44 - [TEST_STEP][PASSED] - delay: Delayed 5 second(s)

2019-01-03 21:32:49 - [MESSAGE][PASSED] - Delayed 5 second(s)

2019-01-03 21:32:49 - [TEST_STEP][PASSED] - Statement - CaseReferenceNo = com.kms.katalon.core.webui.keyword.WebUiBuiltInKeywords.getText(com.kms.katalon.core.testobject.ObjectRepository.findTestObject(Final Object Repo/Reference Number/Reference Number in Update Employee Information Page)): Text of object 'Object Repository/Final Object Repo/Reference Number/Reference Number in Update Employee Information Page' is: 'CUN012019C100006162'

2019-01-03 21:32:49 - [MESSAGE][PASSED] - Text of object 'Object Repository/Final Object Repo/Reference Number/Reference Number in Update Employee Information Page' is: 'CUN012019C100006162'

2019-01-03 21:32:49 - [TEST_STEP][PASSED] - callTestCase: Call Test Case 'Test Cases/Final Aug 2018 - PKS Automation/Common/Reference Number Setter' successfully

2019-01-03 21:32:49 - [TEST_CASE][PASSED] - Test Cases/Final Aug 2018 - PKS Automation/Common/Reference Number Setter: Test Cases/Final Aug 2018 - PKS Automation/Common/Reference Number Setter

2019-01-03 21:32:49 - [TEST_STEP][PASSED] - Statement - RefNoOldFile = new java.io.File(C://Users//Admin//Desktop//PKS//Automation Reference Point//KatalonReference.txt): null

2019-01-03 21:32:49 - [TEST_STEP][PASSED] - Statement - RefNoOldFile.delete(): null

2019-01-03 21:32:49 - [TEST_STEP][PASSED] - delay: Delayed 5 second(s)

2019-01-03 21:32:54 - [MESSAGE][PASSED] - Delayed 5 second(s)

2019-01-03 21:32:54 - [TEST_STEP][PASSED] - Statement - RefNo = new java.io.File(C://Users//Admin//Desktop//PKS//Automation Reference Point//KatalonReference.txt): null

2019-01-03 21:32:54 - [TEST_STEP][PASSED] - Statement - f2 = new java.io.FileWriter(RefNo, false): null

2019-01-03 21:32:54 - [TEST_STEP][PASSED] - Statement - f2.write(CaseReferenceNo): null

2019-01-03 21:32:54 - [TEST_STEP][PASSED] - Statement - f2.close(): null

2019-01-03 21:32:54 - [TEST_STEP][PASSED] - Statement - out.println("


" + CaseReferenceNo + "


"): null

2019-01-03 21:32:54 - [MESSAGE][PASSED] - Call Test Case 'Test Cases/Final Aug 2018 - PKS Automation/Common/Reference Number Setter' successfully

2019-01-03 21:32:54 - [TEST_STEP][PASSED] - delay: Delayed 5 second(s)

2019-01-03 21:32:59 - [MESSAGE][PASSED] - Delayed 5 second(s)

2019-01-03 21:32:59 - [TEST_STEP][PASSED] - click: Object: 'Object Repository/Final Object Repo/Page_Update Employee Information By Employer/Save  Continue in  Employee Information Page' is clicked on

2019-01-03 21:32:59 - [MESSAGE][PASSED] - Object: 'Object Repository/Final Object Repo/Page_Update Employee Information By Employer/Save  Continue in  Employee Information Page' is clicked on

2019-01-03 21:32:59 - [TEST_STEP][PASSED] - delay: Delayed 5 second(s)

2019-01-03 21:33:04 - [MESSAGE][PASSED] - Delayed 5 second(s)

2019-01-03 21:33:04 - [TEST_STEP][PASSED] - click: Object: 'Object Repository/Final Object Repo/Page_Update Employee Information By Employer/Save  Continue in Uploading Page 1' is clicked on

2019-01-03 21:33:05 - [MESSAGE][PASSED] - Object: 'Object Repository/Final Object Repo/Page_Update Employee Information By Employer/Save  Continue in Uploading Page 1' is clicked on

2019-01-03 21:33:05 - [TEST_STEP][PASSED] - delay: Delayed 5 second(s)

2019-01-03 21:33:10 - [MESSAGE][PASSED] - Delayed 5 second(s)

2019-01-03 21:33:10 - [TEST_STEP][PASSED] - click: Object: 'Object Repository/Final Object Repo/Page_Update Employee Information By Employer/Submit' is clicked on

2019-01-03 21:33:10 - [MESSAGE][PASSED] - Object: 'Object Repository/Final Object Repo/Page_Update Employee Information By Employer/Submit' is clicked on

2019-01-03 21:33:10 - [TEST_STEP][PASSED] - delay: Delayed 5 second(s)

2019-01-03 21:33:15 - [MESSAGE][PASSED] - Delayed 5 second(s)

2019-01-03 21:33:15 - [TEST_STEP][PASSED] - click: Object: 'Object Repository/Final Object Repo/Page_Update Employee Information By Employer/Confirm' is clicked on

2019-01-03 21:33:15 - [MESSAGE][PASSED] - Object: 'Object Repository/Final Object Repo/Page_Update Employee Information By Employer/Confirm' is clicked on

2019-01-03 21:33:15 - [TEST_STEP][PASSED] - delay: Delayed 5 second(s)

2019-01-03 21:33:20 - [MESSAGE][PASSED] - Delayed 5 second(s)

2019-01-03 21:33:20 - [TEST_STEP][PASSED] - verifyElementVisible: Object 'Object Repository/Final Object Repo/Page_Update Employee Information By Employer/Successfull Message Routed to UO' is visible

2019-01-03 21:33:20 - [MESSAGE][PASSED] - Object 'Object Repository/Final Object Repo/Page_Update Employee Information By Employer/Successfull Message Routed to UO' is visible

2019-01-03 21:33:20 - [MESSAGE][PASSED] - Call Test Case 'Test Cases/Final Aug 2018 - PKS Automation/Registration Module/Workflow/Update Employee Information (Employer)/Template/Update Employer Information - Special Case (PKRBO)' successfully

2019-01-03 21:33:20 - [TEST_STEP][PASSED] - callTestCase: Call Test Case 'Test Cases/Final Aug 2018 - PKS Automation/Registration Module/Workflow/Update Employee Information (Employer)/Template/Update Employee Information - Special Case - UO (Approve)' successfully

2019-01-03 21:33:20 - [TEST_CASE][PASSED] - Test Cases/Final Aug 2018 - PKS Automation/Registration Module/Workflow/Update Employee Information (Employer)/Template/Update Employee Information - Special Case - UO (Approve): Test Cases/Final Aug 2018 - PKS Automation/Registration Module/Workflow/Update Employee Information (Employer)/Template/Update Employee Information - Special Case - UO (Approve)

2019-01-03 21:33:20 - [TEST_STEP][NOT_RUN] - callTestCase: NOT_RUN: callTestCase

2019-01-03 21:33:20 - [MESSAGE][NOT_RUN] - NOT_RUN: callTestCase

2019-01-03 21:33:20 - [TEST_STEP][PASSED] - delay: Delayed 2 second(s)

2019-01-03 21:33:22 - [MESSAGE][PASSED] - Delayed 2 second(s)

2019-01-03 21:33:22 - [TEST_STEP][PASSED] - navigateToUrl: Navigate to 'https://assist2-uat.perkeso.gov.my/c/portal/logout' successfully

2019-01-03 21:33:23 - [MESSAGE][PASSED] - Navigate to 'https://assist2-uat.perkeso.gov.my/c/portal/logout' successfully

2019-01-03 21:33:23 - [TEST_STEP][PASSED] - delay: Delayed 2 second(s)

2019-01-03 21:33:25 - [MESSAGE][PASSED] - Delayed 2 second(s)

2019-01-03 21:33:25 - [TEST_STEP][PASSED] - callTestCase: Call Test Case 'Test Cases/Final Aug 2018 - PKS Automation/Common/Reference Number Getter' successfully

2019-01-03 21:33:25 - [TEST_CASE][PASSED] - Test Cases/Final Aug 2018 - PKS Automation/Common/Reference Number Getter: Test Cases/Final Aug 2018 - PKS Automation/Common/Reference Number Getter

2019-01-03 21:33:25 - [TEST_STEP][PASSED] - Statement - Try: null

2019-01-03 21:33:25 - [TEST_STEP][PASSED] - Statement - RefNo = new java.io.File(C://Users//Admin//Desktop//PKS//Automation Reference Point//KatalonReference.txt): null

2019-01-03 21:33:25 - [TEST_STEP][PASSED] - Statement - bufferread = new java.io.BufferedReader(new java.io.FileReader(RefNo)): null

2019-01-03 21:33:25 - [TEST_STEP][PASSED] - Statement - readedVal = bufferread.readLine(): null

2019-01-03 21:33:25 - [TEST_STEP][PASSED] - Statement - out.println(CaseReferenceNo): null

2019-01-03 21:33:25 - [TEST_STEP][PASSED] - Statement - out.println(readedVal): null

2019-01-03 21:33:25 - [TEST_STEP][PASSED] - Statement - CaseReferenceNo = "": null

2019-01-03 21:33:25 - [TEST_STEP][PASSED] - Statement - CaseReferenceNo = readedVal: null

2019-01-03 21:33:25 - [MESSAGE][PASSED] - Call Test Case 'Test Cases/Final Aug 2018 - PKS Automation/Common/Reference Number Getter' successfully

2019-01-03 21:33:25 - [TEST_STEP][PASSED] - callTestCase: Call Test Case 'Test Cases/Final Aug 2018 - PKS Automation/Common/Workflow Owner Finder' successfully

2019-01-03 21:33:25 - [TEST_CASE][PASSED] - Test Cases/Final Aug 2018 - PKS Automation/Common/Workflow Owner Finder: Test Cases/Final Aug 2018 - PKS Automation/Common/Workflow Owner Finder

2019-01-03 21:33:25 - [TEST_STEP][PASSED] - openBrowser: Browser is opened with url: ''

2019-01-03 21:33:25 - [MESSAGE][WARNING] - A browser is already opened. Closing browser and opening a new one

2019-01-03 21:33:29 - [MESSAGE][PASSED] - Browser is opened with url: ''

2019-01-03 21:33:29 - [TEST_STEP][PASSED] - navigateToUrl: Navigate to 'https://assist2-uat.perkeso.gov.my/login' successfully

2019-01-03 21:33:30 - [MESSAGE][PASSED] - Navigate to 'https://assist2-uat.perkeso.gov.my/login' successfully

2019-01-03 21:33:30 - [TEST_STEP][PASSED] - delay: Delayed 5 second(s)

2019-01-03 21:33:35 - [MESSAGE][PASSED] - Delayed 5 second(s)

2019-01-03 21:33:35 - [TEST_STEP][PASSED] - setText: Text 'test@liferay.com' is set on object 'Object Repository/Final Object Repo/Login Page/Internal User/Email Address'

2019-01-03 21:33:35 - [MESSAGE][PASSED] - Text 'test@liferay.com' is set on object 'Object Repository/Final Object Repo/Login Page/Internal User/Email Address'

2019-01-03 21:33:35 - [TEST_STEP][PASSED] - click: Object: 'Object Repository/Final Object Repo/Login Page/Internal User/Next Button' is clicked on

2019-01-03 21:33:35 - [MESSAGE][PASSED] - Object: 'Object Repository/Final Object Repo/Login Page/Internal User/Next Button' is clicked on

2019-01-03 21:33:35 - [TEST_STEP][PASSED] - delay: Delayed 2 second(s)

2019-01-03 21:33:37 - [MESSAGE][PASSED] - Delayed 2 second(s)

2019-01-03 21:33:37 - [TEST_STEP][PASSED] - setText: Text 'test' is set on object 'Object Repository/Final Object Repo/Login Page/Internal User/Password'

2019-01-03 21:33:38 - [MESSAGE][PASSED] - Text 'test' is set on object 'Object Repository/Final Object Repo/Login Page/Internal User/Password'

2019-01-03 21:33:38 - [TEST_STEP][PASSED] - delay: Delayed 2 second(s)

2019-01-03 21:33:40 - [MESSAGE][PASSED] - Delayed 2 second(s)

2019-01-03 21:33:40 - [TEST_STEP][PASSED] - click: Object: 'Object Repository/Final Object Repo/Login Page/Internal User/Login Button' is clicked on

2019-01-03 21:33:40 - [MESSAGE][PASSED] - Object: 'Object Repository/Final Object Repo/Login Page/Internal User/Login Button' is clicked on

2019-01-03 21:33:40 - [TEST_STEP][PASSED] - Statement - tester = com.kms.katalon.core.testobject.ObjectRepository.findTestObject(Final Object Repo/Landing Page/Select to English): Finding Test Object with id 'Object Repository/Final Object Repo/Landing Page/Select to English'

2019-01-03 21:33:40 - [TEST_STEP][PASSED] - Statement - Try: Delayed 2 second(s)

2019-01-03 21:33:40 - [TEST_STEP][PASSED] - Statement - Checker = com.kms.katalon.core.webui.keyword.WebUiBuiltInKeywords.verifyElementNotPresent(tester, 3): Web element with id: 'Object Repository/Final Object Repo/Landing Page/Select to English' located by 'By.xpath: //a[@class = 'taglib-language-list-text' and @lang = 'en-US' and (contains(text(), 'EN') or contains(., 'EN'))]' is not present after '3' second(s)

2019-01-03 21:33:41 - [MESSAGE][PASSED] - Web element with id: 'Object Repository/Final Object Repo/Landing Page/Select to English' located by 'By.xpath: //a[@class = 'taglib-language-list-text' and @lang = 'en-US' and (contains(text(), 'EN') or contains(., 'EN'))]' is not present after '3' second(s)

2019-01-03 21:33:42 - [TEST_STEP][PASSED] - Statement - If (Checker == false): null

2019-01-03 21:33:42 - [TEST_STEP][PASSED] - delay: Delayed 2 second(s)

2019-01-03 21:33:44 - [MESSAGE][PASSED] - Delayed 2 second(s)

2019-01-03 21:33:44 - [TEST_STEP][PASSED] - delay: Delayed 5 second(s)

2019-01-03 21:33:49 - [MESSAGE][PASSED] - Delayed 5 second(s)

2019-01-03 21:33:49 - [TEST_STEP][PASSED] - mouseOver: Object: 'Object Repository/Final Object Repo/Landing Page/WorkFlow Menu' is hovered

2019-01-03 21:33:49 - [MESSAGE][PASSED] - Object: 'Object Repository/Final Object Repo/Landing Page/WorkFlow Menu' is hovered

2019-01-03 21:33:49 - [TEST_STEP][PASSED] - delay: Delayed 2 second(s)

2019-01-03 21:33:51 - [MESSAGE][PASSED] - Delayed 2 second(s)

2019-01-03 21:33:51 - [TEST_STEP][PASSED] - click: Object: 'Object Repository/Final Object Repo/Landing Page/Select to Workflow Listing' is clicked on

2019-01-03 21:33:52 - [MESSAGE][PASSED] - Object: 'Object Repository/Final Object Repo/Landing Page/Select to Workflow Listing' is clicked on

2019-01-03 21:33:52 - [TEST_STEP][PASSED] - delay: Delayed 2 second(s)

2019-01-03 21:33:54 - [MESSAGE][PASSED] - Delayed 2 second(s)

2019-01-03 21:33:54 - [TEST_STEP][PASSED] - click: Object: 'Object Repository/Final Object Repo/WorkFlow Listing Page/Search Information - To Put Ref No' is clicked on

2019-01-03 21:33:54 - [MESSAGE][PASSED] - Object: 'Object Repository/Final Object Repo/WorkFlow Listing Page/Search Information - To Put Ref No' is clicked on

2019-01-03 21:33:54 - [TEST_STEP][PASSED] - delay: Delayed 2 second(s)

2019-01-03 21:33:56 - [MESSAGE][PASSED] - Delayed 2 second(s)

2019-01-03 21:33:56 - [TEST_STEP][PASSED] - callTestCase: Call Test Case 'Test Cases/Final Aug 2018 - PKS Automation/Common/Reference Number Getter' successfully

2019-01-03 21:33:56 - [TEST_CASE][PASSED] - Test Cases/Final Aug 2018 - PKS Automation/Common/Reference Number Getter: Test Cases/Final Aug 2018 - PKS Automation/Common/Reference Number Getter

2019-01-03 21:33:56 - [TEST_STEP][PASSED] - Statement - Try: null

2019-01-03 21:33:56 - [TEST_STEP][PASSED] - Statement - RefNo = new java.io.File(C://Users//Admin//Desktop//PKS//Automation Reference Point//KatalonReference.txt): null

2019-01-03 21:33:56 - [TEST_STEP][PASSED] - Statement - bufferread = new java.io.BufferedReader(new java.io.FileReader(RefNo)): null

2019-01-03 21:33:56 - [TEST_STEP][PASSED] - Statement - readedVal = bufferread.readLine(): null

2019-01-03 21:33:56 - [TEST_STEP][PASSED] - Statement - out.println(CaseReferenceNo): null

2019-01-03 21:33:56 - [TEST_STEP][PASSED] - Statement - out.println(readedVal): null

2019-01-03 21:33:56 - [TEST_STEP][PASSED] - Statement - CaseReferenceNo = "": null

2019-01-03 21:33:56 - [TEST_STEP][PASSED] - Statement - CaseReferenceNo = readedVal: null

2019-01-03 21:33:56 - [MESSAGE][PASSED] - Call Test Case 'Test Cases/Final Aug 2018 - PKS Automation/Common/Reference Number Getter' successfully

2019-01-03 21:33:56 - [TEST_STEP][PASSED] - setText: Text 'CUN012019C100006162' is set on object 'Object Repository/Final Object Repo/WorkFlow Listing Page/Ref No Set Text'

2019-01-03 21:33:56 - [MESSAGE][PASSED] - Text 'CUN012019C100006162' is set on object 'Object Repository/Final Object Repo/WorkFlow Listing Page/Ref No Set Text'

2019-01-03 21:33:56 - [TEST_STEP][PASSED] - delay: Delayed 2 second(s)

2019-01-03 21:33:58 - [MESSAGE][PASSED] - Delayed 2 second(s)

2019-01-03 21:33:58 - [TEST_STEP][PASSED] - click: Object: 'Object Repository/Final Object Repo/WorkFlow Listing Page/Search Ref No Search Button' is clicked on

2019-01-03 21:33:58 - [MESSAGE][PASSED] - Object: 'Object Repository/Final Object Repo/WorkFlow Listing Page/Search Ref No Search Button' is clicked on

2019-01-03 21:33:58 - [TEST_STEP][PASSED] - delay: Delayed 6 second(s)

2019-01-03 21:34:04 - [MESSAGE][PASSED] - Delayed 6 second(s)

2019-01-03 21:34:04 - [TEST_STEP][PASSED] - click: Object: 'Object Repository/Final Object Repo/WorkFlow Listing Page/Click Continue Tooltip' is clicked on

2019-01-03 21:34:05 - [MESSAGE][PASSED] - Object: 'Object Repository/Final Object Repo/WorkFlow Listing Page/Click Continue Tooltip' is clicked on

2019-01-03 21:34:05 - [TEST_STEP][PASSED] - delay: Delayed 5 second(s)

2019-01-03 21:34:10 - [MESSAGE][PASSED] - Delayed 5 second(s)

2019-01-03 21:34:10 - [TEST_STEP][PASSED] - doubleClick: Object: 'Object Repository/Final Object Repo/WorkFlow Listing Page/Workflow Found - Listing 1' is double clicked on

2019-01-03 21:34:10 - [MESSAGE][PASSED] - Object: 'Object Repository/Final Object Repo/WorkFlow Listing Page/Workflow Found - Listing 1' is double clicked on

2019-01-03 21:34:10 - [TEST_STEP][PASSED] - Statement - println(OwnerID): null

2019-01-03 21:34:10 - [TEST_STEP][PASSED] - Statement - OwnerID = com.kms.katalon.core.webui.keyword.WebUiBuiltInKeywords.getText(com.kms.katalon.core.testobject.ObjectRepository.findTestObject(Final Object Repo/WorkFlow Listing Page/Workflow Found - Listing 1), STOP_ON_FAILURE): Text of object 'Object Repository/Final Object Repo/WorkFlow Listing Page/Workflow Found - Listing 1' is: 'JOHORuo3'

2019-01-03 21:34:11 - [MESSAGE][PASSED] - Text of object 'Object Repository/Final Object Repo/WorkFlow Listing Page/Workflow Found - Listing 1' is: 'JOHORuo3'

2019-01-03 21:34:11 - [TEST_STEP][PASSED] - Statement - OwnerID = OwnerID.toLowerCase() + "@gmail.com": null

2019-01-03 21:34:11 - [TEST_STEP][PASSED] - Statement - println(OwnerID): null

2019-01-03 21:34:11 - [TEST_STEP][PASSED] - delay: Delayed 2 second(s)

2019-01-03 21:34:13 - [MESSAGE][PASSED] - Delayed 2 second(s)

2019-01-03 21:34:13 - [MESSAGE][PASSED] - Call Test Case 'Test Cases/Final Aug 2018 - PKS Automation/Common/Workflow Owner Finder' successfully

2019-01-03 21:34:13 - [TEST_STEP][PASSED] - delay: Delayed 2 second(s)

2019-01-03 21:34:15 - [MESSAGE][PASSED] - Delayed 2 second(s)

2019-01-03 21:34:15 - [TEST_STEP][PASSED] - navigateToUrl: Navigate to 'https://assist2-uat.perkeso.gov.my/c/portal/logout' successfully

2019-01-03 21:34:15 - [MESSAGE][PASSED] - Navigate to 'https://assist2-uat.perkeso.gov.my/c/portal/logout' successfully

2019-01-03 21:34:15 - [TEST_STEP][PASSED] - delay: Delayed 2 second(s)

2019-01-03 21:34:17 - [MESSAGE][PASSED] - Delayed 2 second(s)

2019-01-03 21:34:17 - [TEST_STEP][PASSED] - callTestCase: Call Test Case 'Test Cases/Final Aug 2018 - PKS Automation/Registration Module/Workflow/Login and Search Case For Workflow' successfully

2019-01-03 21:34:18 - [TEST_CASE][PASSED] - Test Cases/Final Aug 2018 - PKS Automation/Registration Module/Workflow/Login and Search Case For Workflow: Test Cases/Final Aug 2018 - PKS Automation/Registration Module/Workflow/Login and Search Case For Workflow

2019-01-03 21:34:18 - [TEST_STEP][PASSED] - navigateToUrl: Navigate to 'https://assist2-uat.perkeso.gov.my/login' successfully

2019-01-03 21:34:18 - [MESSAGE][PASSED] - Navigate to 'https://assist2-uat.perkeso.gov.my/login' successfully

2019-01-03 21:34:18 - [TEST_STEP][PASSED] - setText: Text 'johoruo3@gmail.com' is set on object 'Object Repository/Final Object Repo/Login Page/Internal User/Email Address'

2019-01-03 21:34:18 - [MESSAGE][PASSED] - Text 'johoruo3@gmail.com' is set on object 'Object Repository/Final Object Repo/Login Page/Internal User/Email Address'

2019-01-03 21:34:18 - [TEST_STEP][PASSED] - click: Object: 'Object Repository/Final Object Repo/Login Page/Internal User/Next Button' is clicked on

2019-01-03 21:34:18 - [MESSAGE][PASSED] - Object: 'Object Repository/Final Object Repo/Login Page/Internal User/Next Button' is clicked on

2019-01-03 21:34:18 - [TEST_STEP][PASSED] - delay: Delayed 1 second(s)

2019-01-03 21:34:19 - [MESSAGE][PASSED] - Delayed 1 second(s)

2019-01-03 21:34:19 - [TEST_STEP][PASSED] - setEncryptedText: Text ****** has been set on object 'Object Repository/Final Object Repo/Login Page/Internal User/Password'

2019-01-03 21:34:20 - [MESSAGE][PASSED] - Text ****** has been set on object 'Object Repository/Final Object Repo/Login Page/Internal User/Password'

2019-01-03 21:34:20 - [TEST_STEP][PASSED] - click: Object: 'Object Repository/Final Object Repo/Login Page/Internal User/Login Button' is clicked on

2019-01-03 21:34:20 - [MESSAGE][PASSED] - Object: 'Object Repository/Final Object Repo/Login Page/Internal User/Login Button' is clicked on

2019-01-03 21:34:20 - [TEST_STEP][PASSED] - delay: Delayed 2 second(s)

2019-01-03 21:34:22 - [MESSAGE][PASSED] - Delayed 2 second(s)

2019-01-03 21:34:22 - [TEST_STEP][PASSED] - Statement - Try: Delayed 2 second(s)

2019-01-03 21:34:22 - [TEST_STEP][PASSED] - Statement - Checker = false: null

2019-01-03 21:34:22 - [TEST_STEP][PASSED] - Statement - Checker = com.kms.katalon.core.webui.keyword.WebUiBuiltInKeywords.verifyElementHasAttribute(com.kms.katalon.core.testobject.ObjectRepository.findTestObject(Final Object Repo/Landing Page/BM Detecting), "href", 20, OPTIONAL): Object 'Object Repository/Final Object Repo/Landing Page/BM Detecting' has attribute 'href'

2019-01-03 21:34:22 - [MESSAGE][PASSED] - Object 'Object Repository/Final Object Repo/Landing Page/BM Detecting' has attribute 'href'

2019-01-03 21:34:22 - [TEST_STEP][PASSED] - Statement - out.println(Checker): null

2019-01-03 21:34:22 - [TEST_STEP][PASSED] - Statement - If (Checker == false): null

2019-01-03 21:34:22 - [TEST_STEP][PASSED] - Statement - Else: null

2019-01-03 21:34:22 - [TEST_STEP][PASSED] - delay: Delayed 2 second(s)

2019-01-03 21:34:24 - [MESSAGE][PASSED] - Delayed 2 second(s)

2019-01-03 21:34:24 - [TEST_STEP][PASSED] - click: Object: 'Object Repository/Final Object Repo/Page_MyASSIST - ASSIST - Search Pending Case For Add Supporting Document/Search Information' is clicked on

2019-01-03 21:34:24 - [MESSAGE][PASSED] - Object: 'Object Repository/Final Object Repo/Page_MyASSIST - ASSIST - Search Pending Case For Add Supporting Document/Search Information' is clicked on

2019-01-03 21:34:24 - [TEST_STEP][PASSED] - delay: Delayed 3 second(s)

2019-01-03 21:34:27 - [MESSAGE][PASSED] - Delayed 3 second(s)

2019-01-03 21:34:27 - [TEST_STEP][PASSED] - sendKeys: Keys 'CUN012019C100006162' sent to object: 'Object Repository/Final Object Repo/Page_MyASSIST - ASSIST - Search Pending Case For Add Supporting Document/Reference No'

2019-01-03 21:34:27 - [MESSAGE][PASSED] - Keys 'CUN012019C100006162' sent to object: 'Object Repository/Final Object Repo/Page_MyASSIST - ASSIST - Search Pending Case For Add Supporting Document/Reference No'

2019-01-03 21:34:27 - [TEST_STEP][PASSED] - click: Object: 'Object Repository/Final Object Repo/Page_MyASSIST - ASSIST - Search Pending Case For Add Supporting Document/Search Reference No' is clicked on

2019-01-03 21:34:28 - [MESSAGE][PASSED] - Object: 'Object Repository/Final Object Repo/Page_MyASSIST - ASSIST - Search Pending Case For Add Supporting Document/Search Reference No' is clicked on

2019-01-03 21:34:28 - [TEST_STEP][PASSED] - delay: Delayed 2 second(s)

2019-01-03 21:34:30 - [MESSAGE][PASSED] - Delayed 2 second(s)

2019-01-03 21:34:30 - [TEST_STEP][PASSED] - click: Object: 'Object Repository/Final Object Repo/Page_MyASSIST - ASSIST - Search Pending Case For Add Supporting Document/Continue' is clicked on

2019-01-03 21:34:34 - [MESSAGE][PASSED] - Object: 'Object Repository/Final Object Repo/Page_MyASSIST - ASSIST - Search Pending Case For Add Supporting Document/Continue' is clicked on

2019-01-03 21:34:34 - [TEST_STEP][PASSED] - delay: Delayed 20 second(s)

2019-01-03 21:34:54 - [MESSAGE][PASSED] - Delayed 20 second(s)

2019-01-03 21:34:54 - [MESSAGE][PASSED] - Call Test Case 'Test Cases/Final Aug 2018 - PKS Automation/Registration Module/Workflow/Login and Search Case For Workflow' successfully

2019-01-03 21:34:54 - [TEST_STEP][PASSED] - delay: Delayed 2 second(s)

2019-01-03 21:34:56 - [MESSAGE][PASSED] - Delayed 2 second(s)

2019-01-03 21:34:56 - [TEST_STEP][PASSED] - click: Object: 'Object Repository/Final Object Repo/Page_Update Employee Information By Employer/Page_Update Employee Information by Employer (Approve)/Continue' is clicked on

2019-01-03 21:34:59 - [MESSAGE][PASSED] - Object: 'Object Repository/Final Object Repo/Page_Update Employee Information By Employer/Page_Update Employee Information by Employer (Approve)/Continue' is clicked on

2019-01-03 21:34:59 - [TEST_STEP][PASSED] - delay: Delayed 2 second(s)

2019-01-03 21:35:01 - [MESSAGE][PASSED] - Delayed 2 second(s)

2019-01-03 21:35:01 - [TEST_STEP][PASSED] - click: Object: 'Object Repository/Final Object Repo/Page_Update Employee Information By Employer/Page_Update Employee Information by Employer (Approve)/Save  Continue in Update Employee Information Page' is clicked on

2019-01-03 21:35:01 - [MESSAGE][PASSED] - Object: 'Object Repository/Final Object Repo/Page_Update Employee Information By Employer/Page_Update Employee Information by Employer (Approve)/Save  Continue in Update Employee Information Page' is clicked on

2019-01-03 21:35:01 - [TEST_STEP][PASSED] - delay: Delayed 4 second(s)

2019-01-03 21:35:05 - [MESSAGE][PASSED] - Delayed 4 second(s)

2019-01-03 21:35:05 - [TEST_STEP][PASSED] - click: Object: 'Object Repository/Final Object Repo/Page_Update Employee Information By Employer/Page_Update Employee Information by Employer (Approve)/Save  Continue in Upload Supporting Doucument Page' is clicked on

2019-01-03 21:35:05 - [MESSAGE][PASSED] - Object: 'Object Repository/Final Object Repo/Page_Update Employee Information By Employer/Page_Update Employee Information by Employer (Approve)/Save  Continue in Upload Supporting Doucument Page' is clicked on

2019-01-03 21:35:05 - [TEST_STEP][PASSED] - delay: Delayed 2 second(s)

2019-01-03 21:35:07 - [MESSAGE][PASSED] - Delayed 2 second(s)

2019-01-03 21:35:07 - [TEST_STEP][PASSED] - click: Object: 'Object Repository/Final Object Repo/Page_Update Employee Information By Employer/Page_Update Employee Information by Employer (Approve)/Approve' is clicked on

2019-01-03 21:35:09 - [MESSAGE][PASSED] - Object: 'Object Repository/Final Object Repo/Page_Update Employee Information By Employer/Page_Update Employee Information by Employer (Approve)/Approve' is clicked on

2019-01-03 21:35:09 - [TEST_STEP][PASSED] - delay: Delayed 2 second(s)

2019-01-03 21:35:11 - [MESSAGE][PASSED] - Delayed 2 second(s)

2019-01-03 21:35:11 - [TEST_STEP][PASSED] - click: Object: 'Object Repository/Final Object Repo/Page_Update Employee Information By Employer/Page_Update Employee Information by Employer (Approve)/Confirm' is clicked on

2019-01-03 21:35:11 - [MESSAGE][PASSED] - Object: 'Object Repository/Final Object Repo/Page_Update Employee Information By Employer/Page_Update Employee Information by Employer (Approve)/Confirm' is clicked on

2019-01-03 21:35:11 - [TEST_STEP][PASSED] - delay: Delayed 2 second(s)

2019-01-03 21:35:13 - [MESSAGE][PASSED] - Delayed 2 second(s)

2019-01-03 21:35:13 - [TEST_STEP][PASSED] - verifyElementVisible: Object 'Object Repository/Final Object Repo/Page_Update Employee Information By Employer/Page_Update Employee Information by Employer (Approve)/Successfull Message Submitted Successfully' is visible

2019-01-03 21:35:17 - [MESSAGE][PASSED] - Object 'Object Repository/Final Object Repo/Page_Update Employee Information By Employer/Page_Update Employee Information by Employer (Approve)/Successfull Message Submitted Successfully' is visible

2019-01-03 21:35:17 - [TEST_STEP][PASSED] - delay: Delayed 2 second(s)

2019-01-03 21:35:19 - [MESSAGE][PASSED] - Delayed 2 second(s)

2019-01-03 21:35:19 - [TEST_STEP][PASSED] - verifyElementVisible: Object 'Object Repository/Final Object Repo/Page_Update Employee Information By Employer/Page_Update Employee Information by Employer (Approve)/Letter of Successful update' is visible

2019-01-03 21:35:20 - [MESSAGE][PASSED] - Object 'Object Repository/Final Object Repo/Page_Update Employee Information By Employer/Page_Update Employee Information by Employer (Approve)/Letter of Successful update' is visible

2019-01-03 21:35:20 - [MESSAGE][PASSED] - Call Test Case 'Test Cases/Final Aug 2018 - PKS Automation/Registration Module/Workflow/Update Employee Information (Employer)/Template/Update Employee Information - Special Case - UO (Approve)' successfully]]></system-out>
         <system-err><![CDATA[]]></system-err>
      </testcase>
      <testcase name="Test Cases/Final Aug 2018 - PKS Automation/Registration Module/Workflow/Update Employee Information (Employer)/PKRBO - UO (Query)" classname="Test Cases/Final Aug 2018 - PKS Automation/Registration Module/Workflow/Update Employee Information (Employer)/PKRBO - UO (Query)" status="PASSED">
         <system-out><![CDATA[2019-01-03 21:35:20 - [TEST_CASE][PASSED] - Test Cases/Final Aug 2018 - PKS Automation/Registration Module/Workflow/Update Employee Information (Employer)/PKRBO - UO (Query): Test Cases/Final Aug 2018 - PKS Automation/Registration Module/Workflow/Update Employee Information (Employer)/PKRBO - UO (Query)

2019-01-03 21:35:20 - [TEST_STEP][PASSED] - callTestCase: Call Test Case 'Test Cases/Final Aug 2018 - PKS Automation/Registration Module/Workflow/Update Employee Information (Employer)/Template/Update Employer Information - Special Case (PKRBO)' successfully

2019-01-03 21:35:20 - [TEST_CASE][PASSED] - Test Cases/Final Aug 2018 - PKS Automation/Registration Module/Workflow/Update Employee Information (Employer)/Template/Update Employer Information - Special Case (PKRBO): Test Cases/Final Aug 2018 - PKS Automation/Registration Module/Workflow/Update Employee Information (Employer)/Template/Update Employer Information - Special Case (PKRBO)

2019-01-03 21:35:20 - [TEST_STEP][PASSED] - openBrowser: Browser is opened with url: ''

2019-01-03 21:35:20 - [MESSAGE][WARNING] - A browser is already opened. Closing browser and opening a new one

2019-01-03 21:35:24 - [MESSAGE][PASSED] - Browser is opened with url: ''

2019-01-03 21:35:24 - [TEST_STEP][PASSED] - navigateToUrl: Navigate to 'https://assist2-uat.perkeso.gov.my/login' successfully

2019-01-03 21:35:25 - [MESSAGE][PASSED] - Navigate to 'https://assist2-uat.perkeso.gov.my/login' successfully

2019-01-03 21:35:25 - [TEST_STEP][PASSED] - setText: Text 'johorpkrbo1@gmail.com' is set on object 'Object Repository/Final Object Repo/Login Page/Internal User/Email Address'

2019-01-03 21:35:25 - [MESSAGE][PASSED] - Text 'johorpkrbo1@gmail.com' is set on object 'Object Repository/Final Object Repo/Login Page/Internal User/Email Address'

2019-01-03 21:35:25 - [TEST_STEP][PASSED] - click: Object: 'Object Repository/Final Object Repo/Login Page/Internal User/Next Button' is clicked on

2019-01-03 21:35:25 - [MESSAGE][PASSED] - Object: 'Object Repository/Final Object Repo/Login Page/Internal User/Next Button' is clicked on

2019-01-03 21:35:25 - [TEST_STEP][PASSED] - delay: Delayed 1 second(s)

2019-01-03 21:35:26 - [MESSAGE][PASSED] - Delayed 1 second(s)

2019-01-03 21:35:26 - [TEST_STEP][PASSED] - setEncryptedText: Text ****** has been set on object 'Object Repository/Final Object Repo/Login Page/Internal User/Password'

2019-01-03 21:35:26 - [MESSAGE][PASSED] - Text ****** has been set on object 'Object Repository/Final Object Repo/Login Page/Internal User/Password'

2019-01-03 21:35:26 - [TEST_STEP][PASSED] - click: Object: 'Object Repository/Final Object Repo/Login Page/Internal User/Login Button' is clicked on

2019-01-03 21:35:27 - [MESSAGE][PASSED] - Object: 'Object Repository/Final Object Repo/Login Page/Internal User/Login Button' is clicked on

2019-01-03 21:35:27 - [TEST_STEP][PASSED] - Statement - tester = com.kms.katalon.core.testobject.ObjectRepository.findTestObject(Final Object Repo/Landing Page/Select to English): Finding Test Object with id 'Object Repository/Final Object Repo/Landing Page/Select to English'

2019-01-03 21:35:27 - [TEST_STEP][PASSED] - Statement - Try: Delayed 2 second(s)

2019-01-03 21:35:27 - [TEST_STEP][PASSED] - Statement - Checker = com.kms.katalon.core.webui.keyword.WebUiBuiltInKeywords.verifyElementNotPresent(tester, 3): Web element with id: 'Object Repository/Final Object Repo/Landing Page/Select to English' located by 'By.xpath: //a[@class = 'taglib-language-list-text' and @lang = 'en-US' and (contains(text(), 'EN') or contains(., 'EN'))]' is not present after '3' second(s)

2019-01-03 21:35:28 - [MESSAGE][PASSED] - Web element with id: 'Object Repository/Final Object Repo/Landing Page/Select to English' located by 'By.xpath: //a[@class = 'taglib-language-list-text' and @lang = 'en-US' and (contains(text(), 'EN') or contains(., 'EN'))]' is not present after '3' second(s)

2019-01-03 21:35:28 - [TEST_STEP][PASSED] - Statement - If (Checker == false): null

2019-01-03 21:35:28 - [TEST_STEP][PASSED] - delay: Delayed 2 second(s)

2019-01-03 21:35:30 - [MESSAGE][PASSED] - Delayed 2 second(s)

2019-01-03 21:35:30 - [TEST_STEP][PASSED] - delay: Delayed 5 second(s)

2019-01-03 21:35:35 - [MESSAGE][PASSED] - Delayed 5 second(s)

2019-01-03 21:35:35 - [TEST_STEP][PASSED] - navigateToUrl: Navigate to 'https://assist2-uat.perkeso.gov.my/web/registration/update/update-employee-information-employer-' successfully

2019-01-03 21:35:36 - [MESSAGE][PASSED] - Navigate to 'https://assist2-uat.perkeso.gov.my/web/registration/update/update-employee-information-employer-' successfully

2019-01-03 21:35:36 - [TEST_STEP][PASSED] - setText: Text 'E1102001065V' is set on object 'Object Repository/Final Object Repo/Page_Update Employee Information By Employer/Employer Code'

2019-01-03 21:35:37 - [MESSAGE][PASSED] - Text 'E1102001065V' is set on object 'Object Repository/Final Object Repo/Page_Update Employee Information By Employer/Employer Code'

2019-01-03 21:35:37 - [TEST_STEP][PASSED] - click: Object: 'Object Repository/Final Object Repo/Page_Update Employee Information By Employer/Search Employer Code' is clicked on

2019-01-03 21:35:37 - [MESSAGE][PASSED] - Object: 'Object Repository/Final Object Repo/Page_Update Employee Information By Employer/Search Employer Code' is clicked on

2019-01-03 21:35:37 - [TEST_STEP][PASSED] - click: Object: 'Object Repository/Final Object Repo/Page_Update Employee Information By Employer/Edit Button' is clicked on

2019-01-03 21:35:40 - [MESSAGE][PASSED] - Object: 'Object Repository/Final Object Repo/Page_Update Employee Information By Employer/Edit Button' is clicked on

2019-01-03 21:35:40 - [TEST_STEP][PASSED] - click: Object: 'Object Repository/Final Object Repo/Page_Update Employee Information By Employer/Employee Name or New Identification' is clicked on

2019-01-03 21:35:40 - [MESSAGE][PASSED] - Object: 'Object Repository/Final Object Repo/Page_Update Employee Information By Employer/Employee Name or New Identification' is clicked on

2019-01-03 21:35:40 - [TEST_STEP][PASSED] - delay: Delayed 1 second(s)

2019-01-03 21:35:41 - [MESSAGE][PASSED] - Delayed 1 second(s)

2019-01-03 21:35:41 - [TEST_STEP][PASSED] - click: Object: 'Object Repository/Final Object Repo/Page_Update Employee Information By Employer/Selection - Employee Name' is clicked on

2019-01-03 21:35:42 - [MESSAGE][PASSED] - Object: 'Object Repository/Final Object Repo/Page_Update Employee Information By Employer/Selection - Employee Name' is clicked on

2019-01-03 21:35:42 - [TEST_STEP][PASSED] - delay: Delayed 1 second(s)

2019-01-03 21:35:43 - [MESSAGE][PASSED] - Delayed 1 second(s)

2019-01-03 21:35:43 - [TEST_STEP][PASSED] - setText: Text 'PERKESO' is set on object 'Object Repository/Final Object Repo/Page_Update Employee Information By Employer/Employee Name'

2019-01-03 21:35:43 - [MESSAGE][PASSED] - Text 'PERKESO' is set on object 'Object Repository/Final Object Repo/Page_Update Employee Information By Employer/Employee Name'

2019-01-03 21:35:43 - [TEST_STEP][PASSED] - delay: Delayed 2 second(s)

2019-01-03 21:35:45 - [MESSAGE][PASSED] - Delayed 2 second(s)

2019-01-03 21:35:45 - [TEST_STEP][PASSED] - click: Object: 'Object Repository/Final Object Repo/Page_Update Employee Information By Employer/Search Employee' is clicked on

2019-01-03 21:35:45 - [MESSAGE][PASSED] - Object: 'Object Repository/Final Object Repo/Page_Update Employee Information By Employer/Search Employee' is clicked on

2019-01-03 21:35:45 - [TEST_STEP][PASSED] - delay: Delayed 3 second(s)

2019-01-03 21:35:48 - [MESSAGE][PASSED] - Delayed 3 second(s)

2019-01-03 21:35:48 - [TEST_STEP][PASSED] - click: Object: 'Object Repository/Final Object Repo/Page_Update Employee Information By Employer/Employee Edit Button' is clicked on

2019-01-03 21:35:48 - [MESSAGE][PASSED] - Object: 'Object Repository/Final Object Repo/Page_Update Employee Information By Employer/Employee Edit Button' is clicked on

2019-01-03 21:35:48 - [TEST_STEP][PASSED] - delay: Delayed 3 second(s)

2019-01-03 21:35:51 - [MESSAGE][PASSED] - Delayed 3 second(s)

2019-01-03 21:35:51 - [TEST_STEP][PASSED] - setText: Text '' is set on object 'Object Repository/Final Object Repo/Page_Update Employee Information By Employer/Identification Number'

2019-01-03 21:35:51 - [MESSAGE][PASSED] - Text '' is set on object 'Object Repository/Final Object Repo/Page_Update Employee Information By Employer/Identification Number'

2019-01-03 21:35:51 - [TEST_STEP][PASSED] - Statement - rnd = new java.util.Random(): null

2019-01-03 21:35:51 - [TEST_STEP][PASSED] - Statement - snum = rnd.nextInt(899999 + 1) + 100000: null

2019-01-03 21:35:51 - [TEST_STEP][PASSED] - Statement - tnum = rnd.nextInt(899999 + 1) + 100000: null

2019-01-03 21:35:51 - [TEST_STEP][PASSED] - Statement - IC = java.lang.Integer.toString(snum) + java.lang.Integer.toString(tnum): null

2019-01-03 21:35:52 - [TEST_STEP][PASSED] - Statement - out.println(IC): null

2019-01-03 21:35:52 - [TEST_STEP][PASSED] - setText: Text '620077836300' is set on object 'Object Repository/Final Object Repo/Page_Update Employee Information By Employer/Identification Number'

2019-01-03 21:35:52 - [MESSAGE][PASSED] - Text '620077836300' is set on object 'Object Repository/Final Object Repo/Page_Update Employee Information By Employer/Identification Number'

2019-01-03 21:35:52 - [TEST_STEP][PASSED] - click: Object: 'Object Repository/Final Object Repo/Page_Update Employee Information By Employer/Save' is clicked on

2019-01-03 21:35:52 - [MESSAGE][PASSED] - Object: 'Object Repository/Final Object Repo/Page_Update Employee Information By Employer/Save' is clicked on

2019-01-03 21:35:52 - [TEST_STEP][PASSED] - delay: Delayed 5 second(s)

2019-01-03 21:35:57 - [MESSAGE][PASSED] - Delayed 5 second(s)

2019-01-03 21:35:57 - [TEST_STEP][PASSED] - Statement - CaseReferenceNo = com.kms.katalon.core.webui.keyword.WebUiBuiltInKeywords.getText(com.kms.katalon.core.testobject.ObjectRepository.findTestObject(Final Object Repo/Reference Number/Reference Number in Update Employee Information Page)): Text of object 'Object Repository/Final Object Repo/Reference Number/Reference Number in Update Employee Information Page' is: 'CUN012019C100006163'

2019-01-03 21:35:57 - [MESSAGE][PASSED] - Text of object 'Object Repository/Final Object Repo/Reference Number/Reference Number in Update Employee Information Page' is: 'CUN012019C100006163'

2019-01-03 21:35:57 - [TEST_STEP][PASSED] - callTestCase: Call Test Case 'Test Cases/Final Aug 2018 - PKS Automation/Common/Reference Number Setter' successfully

2019-01-03 21:35:57 - [TEST_CASE][PASSED] - Test Cases/Final Aug 2018 - PKS Automation/Common/Reference Number Setter: Test Cases/Final Aug 2018 - PKS Automation/Common/Reference Number Setter

2019-01-03 21:35:57 - [TEST_STEP][PASSED] - Statement - RefNoOldFile = new java.io.File(C://Users//Admin//Desktop//PKS//Automation Reference Point//KatalonReference.txt): null

2019-01-03 21:35:57 - [TEST_STEP][PASSED] - Statement - RefNoOldFile.delete(): null

2019-01-03 21:35:57 - [TEST_STEP][PASSED] - delay: Delayed 5 second(s)

2019-01-03 21:36:02 - [MESSAGE][PASSED] - Delayed 5 second(s)

2019-01-03 21:36:02 - [TEST_STEP][PASSED] - Statement - RefNo = new java.io.File(C://Users//Admin//Desktop//PKS//Automation Reference Point//KatalonReference.txt): null

2019-01-03 21:36:02 - [TEST_STEP][PASSED] - Statement - f2 = new java.io.FileWriter(RefNo, false): null

2019-01-03 21:36:02 - [TEST_STEP][PASSED] - Statement - f2.write(CaseReferenceNo): null

2019-01-03 21:36:02 - [TEST_STEP][PASSED] - Statement - f2.close(): null

2019-01-03 21:36:02 - [TEST_STEP][PASSED] - Statement - out.println("


" + CaseReferenceNo + "


"): null

2019-01-03 21:36:02 - [MESSAGE][PASSED] - Call Test Case 'Test Cases/Final Aug 2018 - PKS Automation/Common/Reference Number Setter' successfully

2019-01-03 21:36:02 - [TEST_STEP][PASSED] - delay: Delayed 5 second(s)

2019-01-03 21:36:07 - [MESSAGE][PASSED] - Delayed 5 second(s)

2019-01-03 21:36:07 - [TEST_STEP][PASSED] - click: Object: 'Object Repository/Final Object Repo/Page_Update Employee Information By Employer/Save  Continue in  Employee Information Page' is clicked on

2019-01-03 21:36:07 - [MESSAGE][PASSED] - Object: 'Object Repository/Final Object Repo/Page_Update Employee Information By Employer/Save  Continue in  Employee Information Page' is clicked on

2019-01-03 21:36:07 - [TEST_STEP][PASSED] - delay: Delayed 5 second(s)

2019-01-03 21:36:12 - [MESSAGE][PASSED] - Delayed 5 second(s)

2019-01-03 21:36:12 - [TEST_STEP][PASSED] - click: Object: 'Object Repository/Final Object Repo/Page_Update Employee Information By Employer/Save  Continue in Uploading Page 1' is clicked on

2019-01-03 21:36:12 - [MESSAGE][PASSED] - Object: 'Object Repository/Final Object Repo/Page_Update Employee Information By Employer/Save  Continue in Uploading Page 1' is clicked on

2019-01-03 21:36:12 - [TEST_STEP][PASSED] - delay: Delayed 5 second(s)

2019-01-03 21:36:17 - [MESSAGE][PASSED] - Delayed 5 second(s)

2019-01-03 21:36:17 - [TEST_STEP][PASSED] - click: Object: 'Object Repository/Final Object Repo/Page_Update Employee Information By Employer/Submit' is clicked on

2019-01-03 21:36:18 - [MESSAGE][PASSED] - Object: 'Object Repository/Final Object Repo/Page_Update Employee Information By Employer/Submit' is clicked on

2019-01-03 21:36:18 - [TEST_STEP][PASSED] - delay: Delayed 5 second(s)

2019-01-03 21:36:23 - [MESSAGE][PASSED] - Delayed 5 second(s)

2019-01-03 21:36:23 - [TEST_STEP][PASSED] - click: Object: 'Object Repository/Final Object Repo/Page_Update Employee Information By Employer/Confirm' is clicked on

2019-01-03 21:36:23 - [MESSAGE][PASSED] - Object: 'Object Repository/Final Object Repo/Page_Update Employee Information By Employer/Confirm' is clicked on

2019-01-03 21:36:23 - [TEST_STEP][PASSED] - delay: Delayed 5 second(s)

2019-01-03 21:36:28 - [MESSAGE][PASSED] - Delayed 5 second(s)

2019-01-03 21:36:28 - [TEST_STEP][PASSED] - verifyElementVisible: Object 'Object Repository/Final Object Repo/Page_Update Employee Information By Employer/Successfull Message Routed to UO' is visible

2019-01-03 21:36:28 - [MESSAGE][PASSED] - Object 'Object Repository/Final Object Repo/Page_Update Employee Information By Employer/Successfull Message Routed to UO' is visible

2019-01-03 21:36:28 - [MESSAGE][PASSED] - Call Test Case 'Test Cases/Final Aug 2018 - PKS Automation/Registration Module/Workflow/Update Employee Information (Employer)/Template/Update Employer Information - Special Case (PKRBO)' successfully

2019-01-03 21:36:28 - [TEST_STEP][PASSED] - callTestCase: Call Test Case 'Test Cases/Final Aug 2018 - PKS Automation/Registration Module/Workflow/Update Employee Information (Employer)/Template/Update Employee Information - Special Case - UO(Query)' successfully

2019-01-03 21:36:28 - [TEST_CASE][PASSED] - Test Cases/Final Aug 2018 - PKS Automation/Registration Module/Workflow/Update Employee Information (Employer)/Template/Update Employee Information - Special Case - UO(Query): Test Cases/Final Aug 2018 - PKS Automation/Registration Module/Workflow/Update Employee Information (Employer)/Template/Update Employee Information - Special Case - UO(Query)

2019-01-03 21:36:28 - [TEST_STEP][NOT_RUN] - callTestCase: NOT_RUN: callTestCase

2019-01-03 21:36:28 - [MESSAGE][NOT_RUN] - NOT_RUN: callTestCase

2019-01-03 21:36:28 - [TEST_STEP][PASSED] - delay: Delayed 2 second(s)

2019-01-03 21:36:30 - [MESSAGE][PASSED] - Delayed 2 second(s)

2019-01-03 21:36:30 - [TEST_STEP][PASSED] - navigateToUrl: Navigate to 'https://assist2-uat.perkeso.gov.my/c/portal/logout' successfully

2019-01-03 21:36:31 - [MESSAGE][PASSED] - Navigate to 'https://assist2-uat.perkeso.gov.my/c/portal/logout' successfully

2019-01-03 21:36:31 - [TEST_STEP][PASSED] - delay: Delayed 2 second(s)

2019-01-03 21:36:33 - [MESSAGE][PASSED] - Delayed 2 second(s)

2019-01-03 21:36:33 - [TEST_STEP][PASSED] - callTestCase: Call Test Case 'Test Cases/Final Aug 2018 - PKS Automation/Common/Reference Number Getter' successfully

2019-01-03 21:36:33 - [TEST_CASE][PASSED] - Test Cases/Final Aug 2018 - PKS Automation/Common/Reference Number Getter: Test Cases/Final Aug 2018 - PKS Automation/Common/Reference Number Getter

2019-01-03 21:36:33 - [TEST_STEP][PASSED] - Statement - Try: null

2019-01-03 21:36:33 - [TEST_STEP][PASSED] - Statement - RefNo = new java.io.File(C://Users//Admin//Desktop//PKS//Automation Reference Point//KatalonReference.txt): null

2019-01-03 21:36:33 - [TEST_STEP][PASSED] - Statement - bufferread = new java.io.BufferedReader(new java.io.FileReader(RefNo)): null

2019-01-03 21:36:33 - [TEST_STEP][PASSED] - Statement - readedVal = bufferread.readLine(): null

2019-01-03 21:36:33 - [TEST_STEP][PASSED] - Statement - out.println(CaseReferenceNo): null

2019-01-03 21:36:33 - [TEST_STEP][PASSED] - Statement - out.println(readedVal): null

2019-01-03 21:36:33 - [TEST_STEP][PASSED] - Statement - CaseReferenceNo = "": null

2019-01-03 21:36:33 - [TEST_STEP][PASSED] - Statement - CaseReferenceNo = readedVal: null

2019-01-03 21:36:33 - [MESSAGE][PASSED] - Call Test Case 'Test Cases/Final Aug 2018 - PKS Automation/Common/Reference Number Getter' successfully

2019-01-03 21:36:33 - [TEST_STEP][PASSED] - callTestCase: Call Test Case 'Test Cases/Final Aug 2018 - PKS Automation/Common/Workflow Owner Finder' successfully

2019-01-03 21:36:33 - [TEST_CASE][PASSED] - Test Cases/Final Aug 2018 - PKS Automation/Common/Workflow Owner Finder: Test Cases/Final Aug 2018 - PKS Automation/Common/Workflow Owner Finder

2019-01-03 21:36:33 - [TEST_STEP][PASSED] - openBrowser: Browser is opened with url: ''

2019-01-03 21:36:33 - [MESSAGE][WARNING] - A browser is already opened. Closing browser and opening a new one

2019-01-03 21:36:37 - [MESSAGE][PASSED] - Browser is opened with url: ''

2019-01-03 21:36:37 - [TEST_STEP][PASSED] - navigateToUrl: Navigate to 'https://assist2-uat.perkeso.gov.my/login' successfully

2019-01-03 21:36:38 - [MESSAGE][PASSED] - Navigate to 'https://assist2-uat.perkeso.gov.my/login' successfully

2019-01-03 21:36:38 - [TEST_STEP][PASSED] - delay: Delayed 5 second(s)

2019-01-03 21:36:43 - [MESSAGE][PASSED] - Delayed 5 second(s)

2019-01-03 21:36:43 - [TEST_STEP][PASSED] - setText: Text 'test@liferay.com' is set on object 'Object Repository/Final Object Repo/Login Page/Internal User/Email Address'

2019-01-03 21:36:44 - [MESSAGE][PASSED] - Text 'test@liferay.com' is set on object 'Object Repository/Final Object Repo/Login Page/Internal User/Email Address'

2019-01-03 21:36:44 - [TEST_STEP][PASSED] - click: Object: 'Object Repository/Final Object Repo/Login Page/Internal User/Next Button' is clicked on

2019-01-03 21:36:44 - [MESSAGE][PASSED] - Object: 'Object Repository/Final Object Repo/Login Page/Internal User/Next Button' is clicked on

2019-01-03 21:36:44 - [TEST_STEP][PASSED] - delay: Delayed 2 second(s)

2019-01-03 21:36:46 - [MESSAGE][PASSED] - Delayed 2 second(s)

2019-01-03 21:36:46 - [TEST_STEP][PASSED] - setText: Text 'test' is set on object 'Object Repository/Final Object Repo/Login Page/Internal User/Password'

2019-01-03 21:36:46 - [MESSAGE][PASSED] - Text 'test' is set on object 'Object Repository/Final Object Repo/Login Page/Internal User/Password'

2019-01-03 21:36:46 - [TEST_STEP][PASSED] - delay: Delayed 2 second(s)

2019-01-03 21:36:48 - [MESSAGE][PASSED] - Delayed 2 second(s)

2019-01-03 21:36:48 - [TEST_STEP][PASSED] - click: Object: 'Object Repository/Final Object Repo/Login Page/Internal User/Login Button' is clicked on

2019-01-03 21:36:48 - [MESSAGE][PASSED] - Object: 'Object Repository/Final Object Repo/Login Page/Internal User/Login Button' is clicked on

2019-01-03 21:36:48 - [TEST_STEP][PASSED] - Statement - tester = com.kms.katalon.core.testobject.ObjectRepository.findTestObject(Final Object Repo/Landing Page/Select to English): Finding Test Object with id 'Object Repository/Final Object Repo/Landing Page/Select to English'

2019-01-03 21:36:48 - [TEST_STEP][PASSED] - Statement - Try: Delayed 2 second(s)

2019-01-03 21:36:48 - [TEST_STEP][PASSED] - Statement - Checker = com.kms.katalon.core.webui.keyword.WebUiBuiltInKeywords.verifyElementNotPresent(tester, 3): Web element with id: 'Object Repository/Final Object Repo/Landing Page/Select to English' located by 'By.xpath: //a[@class = 'taglib-language-list-text' and @lang = 'en-US' and (contains(text(), 'EN') or contains(., 'EN'))]' is not present after '3' second(s)

2019-01-03 21:36:50 - [MESSAGE][PASSED] - Web element with id: 'Object Repository/Final Object Repo/Landing Page/Select to English' located by 'By.xpath: //a[@class = 'taglib-language-list-text' and @lang = 'en-US' and (contains(text(), 'EN') or contains(., 'EN'))]' is not present after '3' second(s)

2019-01-03 21:36:50 - [TEST_STEP][PASSED] - Statement - If (Checker == false): null

2019-01-03 21:36:50 - [TEST_STEP][PASSED] - delay: Delayed 2 second(s)

2019-01-03 21:36:52 - [MESSAGE][PASSED] - Delayed 2 second(s)

2019-01-03 21:36:52 - [TEST_STEP][PASSED] - delay: Delayed 5 second(s)

2019-01-03 21:36:57 - [MESSAGE][PASSED] - Delayed 5 second(s)

2019-01-03 21:36:57 - [TEST_STEP][PASSED] - mouseOver: Object: 'Object Repository/Final Object Repo/Landing Page/WorkFlow Menu' is hovered

2019-01-03 21:36:57 - [MESSAGE][PASSED] - Object: 'Object Repository/Final Object Repo/Landing Page/WorkFlow Menu' is hovered

2019-01-03 21:36:57 - [TEST_STEP][PASSED] - delay: Delayed 2 second(s)

2019-01-03 21:36:59 - [MESSAGE][PASSED] - Delayed 2 second(s)

2019-01-03 21:36:59 - [TEST_STEP][PASSED] - click: Object: 'Object Repository/Final Object Repo/Landing Page/Select to Workflow Listing' is clicked on

2019-01-03 21:37:00 - [MESSAGE][PASSED] - Object: 'Object Repository/Final Object Repo/Landing Page/Select to Workflow Listing' is clicked on

2019-01-03 21:37:00 - [TEST_STEP][PASSED] - delay: Delayed 2 second(s)

2019-01-03 21:37:02 - [MESSAGE][PASSED] - Delayed 2 second(s)

2019-01-03 21:37:02 - [TEST_STEP][PASSED] - click: Object: 'Object Repository/Final Object Repo/WorkFlow Listing Page/Search Information - To Put Ref No' is clicked on

2019-01-03 21:37:03 - [MESSAGE][PASSED] - Object: 'Object Repository/Final Object Repo/WorkFlow Listing Page/Search Information - To Put Ref No' is clicked on

2019-01-03 21:37:03 - [TEST_STEP][PASSED] - delay: Delayed 2 second(s)

2019-01-03 21:37:05 - [MESSAGE][PASSED] - Delayed 2 second(s)

2019-01-03 21:37:05 - [TEST_STEP][PASSED] - callTestCase: Call Test Case 'Test Cases/Final Aug 2018 - PKS Automation/Common/Reference Number Getter' successfully

2019-01-03 21:37:05 - [TEST_CASE][PASSED] - Test Cases/Final Aug 2018 - PKS Automation/Common/Reference Number Getter: Test Cases/Final Aug 2018 - PKS Automation/Common/Reference Number Getter

2019-01-03 21:37:05 - [TEST_STEP][PASSED] - Statement - Try: null

2019-01-03 21:37:05 - [TEST_STEP][PASSED] - Statement - RefNo = new java.io.File(C://Users//Admin//Desktop//PKS//Automation Reference Point//KatalonReference.txt): null

2019-01-03 21:37:05 - [TEST_STEP][PASSED] - Statement - bufferread = new java.io.BufferedReader(new java.io.FileReader(RefNo)): null

2019-01-03 21:37:05 - [TEST_STEP][PASSED] - Statement - readedVal = bufferread.readLine(): null

2019-01-03 21:37:05 - [TEST_STEP][PASSED] - Statement - out.println(CaseReferenceNo): null

2019-01-03 21:37:05 - [TEST_STEP][PASSED] - Statement - out.println(readedVal): null

2019-01-03 21:37:05 - [TEST_STEP][PASSED] - Statement - CaseReferenceNo = "": null

2019-01-03 21:37:05 - [TEST_STEP][PASSED] - Statement - CaseReferenceNo = readedVal: null

2019-01-03 21:37:05 - [MESSAGE][PASSED] - Call Test Case 'Test Cases/Final Aug 2018 - PKS Automation/Common/Reference Number Getter' successfully

2019-01-03 21:37:05 - [TEST_STEP][PASSED] - setText: Text 'CUN012019C100006163' is set on object 'Object Repository/Final Object Repo/WorkFlow Listing Page/Ref No Set Text'

2019-01-03 21:37:05 - [MESSAGE][PASSED] - Text 'CUN012019C100006163' is set on object 'Object Repository/Final Object Repo/WorkFlow Listing Page/Ref No Set Text'

2019-01-03 21:37:05 - [TEST_STEP][PASSED] - delay: Delayed 2 second(s)

2019-01-03 21:37:07 - [MESSAGE][PASSED] - Delayed 2 second(s)

2019-01-03 21:37:07 - [TEST_STEP][PASSED] - click: Object: 'Object Repository/Final Object Repo/WorkFlow Listing Page/Search Ref No Search Button' is clicked on

2019-01-03 21:37:07 - [MESSAGE][PASSED] - Object: 'Object Repository/Final Object Repo/WorkFlow Listing Page/Search Ref No Search Button' is clicked on

2019-01-03 21:37:07 - [TEST_STEP][PASSED] - delay: Delayed 6 second(s)

2019-01-03 21:37:13 - [MESSAGE][PASSED] - Delayed 6 second(s)

2019-01-03 21:37:13 - [TEST_STEP][PASSED] - click: Object: 'Object Repository/Final Object Repo/WorkFlow Listing Page/Click Continue Tooltip' is clicked on

2019-01-03 21:37:14 - [MESSAGE][PASSED] - Object: 'Object Repository/Final Object Repo/WorkFlow Listing Page/Click Continue Tooltip' is clicked on

2019-01-03 21:37:14 - [TEST_STEP][PASSED] - delay: Delayed 5 second(s)

2019-01-03 21:37:19 - [MESSAGE][PASSED] - Delayed 5 second(s)

2019-01-03 21:37:19 - [TEST_STEP][PASSED] - doubleClick: Object: 'Object Repository/Final Object Repo/WorkFlow Listing Page/Workflow Found - Listing 1' is double clicked on

2019-01-03 21:37:19 - [MESSAGE][PASSED] - Object: 'Object Repository/Final Object Repo/WorkFlow Listing Page/Workflow Found - Listing 1' is double clicked on

2019-01-03 21:37:19 - [TEST_STEP][PASSED] - Statement - println(OwnerID): null

2019-01-03 21:37:19 - [TEST_STEP][PASSED] - Statement - OwnerID = com.kms.katalon.core.webui.keyword.WebUiBuiltInKeywords.getText(com.kms.katalon.core.testobject.ObjectRepository.findTestObject(Final Object Repo/WorkFlow Listing Page/Workflow Found - Listing 1), STOP_ON_FAILURE): Text of object 'Object Repository/Final Object Repo/WorkFlow Listing Page/Workflow Found - Listing 1' is: 'JOHORuo1'

2019-01-03 21:37:19 - [MESSAGE][PASSED] - Text of object 'Object Repository/Final Object Repo/WorkFlow Listing Page/Workflow Found - Listing 1' is: 'JOHORuo1'

2019-01-03 21:37:19 - [TEST_STEP][PASSED] - Statement - OwnerID = OwnerID.toLowerCase() + "@gmail.com": null

2019-01-03 21:37:19 - [TEST_STEP][PASSED] - Statement - println(OwnerID): null

2019-01-03 21:37:19 - [TEST_STEP][PASSED] - delay: Delayed 2 second(s)

2019-01-03 21:37:21 - [MESSAGE][PASSED] - Delayed 2 second(s)

2019-01-03 21:37:21 - [MESSAGE][PASSED] - Call Test Case 'Test Cases/Final Aug 2018 - PKS Automation/Common/Workflow Owner Finder' successfully

2019-01-03 21:37:21 - [TEST_STEP][PASSED] - delay: Delayed 2 second(s)

2019-01-03 21:37:23 - [MESSAGE][PASSED] - Delayed 2 second(s)

2019-01-03 21:37:23 - [TEST_STEP][PASSED] - navigateToUrl: Navigate to 'https://assist2-uat.perkeso.gov.my/c/portal/logout' successfully

2019-01-03 21:37:24 - [MESSAGE][PASSED] - Navigate to 'https://assist2-uat.perkeso.gov.my/c/portal/logout' successfully

2019-01-03 21:37:24 - [TEST_STEP][PASSED] - delay: Delayed 2 second(s)

2019-01-03 21:37:26 - [MESSAGE][PASSED] - Delayed 2 second(s)

2019-01-03 21:37:26 - [TEST_STEP][PASSED] - callTestCase: Call Test Case 'Test Cases/Final Aug 2018 - PKS Automation/Registration Module/Workflow/Login and Search Case For Workflow' successfully

2019-01-03 21:37:26 - [TEST_CASE][PASSED] - Test Cases/Final Aug 2018 - PKS Automation/Registration Module/Workflow/Login and Search Case For Workflow: Test Cases/Final Aug 2018 - PKS Automation/Registration Module/Workflow/Login and Search Case For Workflow

2019-01-03 21:37:26 - [TEST_STEP][PASSED] - navigateToUrl: Navigate to 'https://assist2-uat.perkeso.gov.my/login' successfully

2019-01-03 21:37:26 - [MESSAGE][PASSED] - Navigate to 'https://assist2-uat.perkeso.gov.my/login' successfully

2019-01-03 21:37:26 - [TEST_STEP][PASSED] - setText: Text 'johoruo1@gmail.com' is set on object 'Object Repository/Final Object Repo/Login Page/Internal User/Email Address'

2019-01-03 21:37:27 - [MESSAGE][PASSED] - Text 'johoruo1@gmail.com' is set on object 'Object Repository/Final Object Repo/Login Page/Internal User/Email Address'

2019-01-03 21:37:27 - [TEST_STEP][PASSED] - click: Object: 'Object Repository/Final Object Repo/Login Page/Internal User/Next Button' is clicked on

2019-01-03 21:37:27 - [MESSAGE][PASSED] - Object: 'Object Repository/Final Object Repo/Login Page/Internal User/Next Button' is clicked on

2019-01-03 21:37:27 - [TEST_STEP][PASSED] - delay: Delayed 1 second(s)

2019-01-03 21:37:28 - [MESSAGE][PASSED] - Delayed 1 second(s)

2019-01-03 21:37:28 - [TEST_STEP][PASSED] - setEncryptedText: Text ****** has been set on object 'Object Repository/Final Object Repo/Login Page/Internal User/Password'

2019-01-03 21:37:28 - [MESSAGE][PASSED] - Text ****** has been set on object 'Object Repository/Final Object Repo/Login Page/Internal User/Password'

2019-01-03 21:37:28 - [TEST_STEP][PASSED] - click: Object: 'Object Repository/Final Object Repo/Login Page/Internal User/Login Button' is clicked on

2019-01-03 21:37:28 - [MESSAGE][PASSED] - Object: 'Object Repository/Final Object Repo/Login Page/Internal User/Login Button' is clicked on

2019-01-03 21:37:28 - [TEST_STEP][PASSED] - delay: Delayed 2 second(s)

2019-01-03 21:37:30 - [MESSAGE][PASSED] - Delayed 2 second(s)

2019-01-03 21:37:30 - [TEST_STEP][PASSED] - Statement - Try: Delayed 2 second(s)

2019-01-03 21:37:30 - [TEST_STEP][PASSED] - Statement - Checker = false: null

2019-01-03 21:37:30 - [TEST_STEP][PASSED] - Statement - Checker = com.kms.katalon.core.webui.keyword.WebUiBuiltInKeywords.verifyElementHasAttribute(com.kms.katalon.core.testobject.ObjectRepository.findTestObject(Final Object Repo/Landing Page/BM Detecting), "href", 20, OPTIONAL): Object 'Object Repository/Final Object Repo/Landing Page/BM Detecting' has attribute 'href'

2019-01-03 21:37:30 - [MESSAGE][PASSED] - Object 'Object Repository/Final Object Repo/Landing Page/BM Detecting' has attribute 'href'

2019-01-03 21:37:30 - [TEST_STEP][PASSED] - Statement - out.println(Checker): null

2019-01-03 21:37:30 - [TEST_STEP][PASSED] - Statement - If (Checker == false): null

2019-01-03 21:37:30 - [TEST_STEP][PASSED] - Statement - Else: null

2019-01-03 21:37:30 - [TEST_STEP][PASSED] - delay: Delayed 2 second(s)

2019-01-03 21:37:32 - [MESSAGE][PASSED] - Delayed 2 second(s)

2019-01-03 21:37:32 - [TEST_STEP][PASSED] - click: Object: 'Object Repository/Final Object Repo/Page_MyASSIST - ASSIST - Search Pending Case For Add Supporting Document/Search Information' is clicked on

2019-01-03 21:37:32 - [MESSAGE][PASSED] - Object: 'Object Repository/Final Object Repo/Page_MyASSIST - ASSIST - Search Pending Case For Add Supporting Document/Search Information' is clicked on

2019-01-03 21:37:32 - [TEST_STEP][PASSED] - delay: Delayed 3 second(s)

2019-01-03 21:37:35 - [MESSAGE][PASSED] - Delayed 3 second(s)

2019-01-03 21:37:35 - [TEST_STEP][PASSED] - sendKeys: Keys 'CUN012019C100006163' sent to object: 'Object Repository/Final Object Repo/Page_MyASSIST - ASSIST - Search Pending Case For Add Supporting Document/Reference No'

2019-01-03 21:37:36 - [MESSAGE][PASSED] - Keys 'CUN012019C100006163' sent to object: 'Object Repository/Final Object Repo/Page_MyASSIST - ASSIST - Search Pending Case For Add Supporting Document/Reference No'

2019-01-03 21:37:36 - [TEST_STEP][PASSED] - click: Object: 'Object Repository/Final Object Repo/Page_MyASSIST - ASSIST - Search Pending Case For Add Supporting Document/Search Reference No' is clicked on

2019-01-03 21:37:36 - [MESSAGE][PASSED] - Object: 'Object Repository/Final Object Repo/Page_MyASSIST - ASSIST - Search Pending Case For Add Supporting Document/Search Reference No' is clicked on

2019-01-03 21:37:36 - [TEST_STEP][PASSED] - delay: Delayed 2 second(s)

2019-01-03 21:37:38 - [MESSAGE][PASSED] - Delayed 2 second(s)

2019-01-03 21:37:38 - [TEST_STEP][PASSED] - click: Object: 'Object Repository/Final Object Repo/Page_MyASSIST - ASSIST - Search Pending Case For Add Supporting Document/Continue' is clicked on

2019-01-03 21:37:42 - [MESSAGE][PASSED] - Object: 'Object Repository/Final Object Repo/Page_MyASSIST - ASSIST - Search Pending Case For Add Supporting Document/Continue' is clicked on

2019-01-03 21:37:42 - [TEST_STEP][PASSED] - delay: Delayed 20 second(s)

2019-01-03 21:38:02 - [MESSAGE][PASSED] - Delayed 20 second(s)

2019-01-03 21:38:02 - [MESSAGE][PASSED] - Call Test Case 'Test Cases/Final Aug 2018 - PKS Automation/Registration Module/Workflow/Login and Search Case For Workflow' successfully

2019-01-03 21:38:02 - [TEST_STEP][PASSED] - delay: Delayed 2 second(s)

2019-01-03 21:38:04 - [MESSAGE][PASSED] - Delayed 2 second(s)

2019-01-03 21:38:04 - [TEST_STEP][PASSED] - click: Object: 'Object Repository/Final Object Repo/Page_Update Employee Information By Employer/Page_Update Employee Information by Employer (Approve)/Continue' is clicked on

2019-01-03 21:38:08 - [MESSAGE][PASSED] - Object: 'Object Repository/Final Object Repo/Page_Update Employee Information By Employer/Page_Update Employee Information by Employer (Approve)/Continue' is clicked on

2019-01-03 21:38:08 - [TEST_STEP][PASSED] - delay: Delayed 2 second(s)

2019-01-03 21:38:10 - [MESSAGE][PASSED] - Delayed 2 second(s)

2019-01-03 21:38:10 - [TEST_STEP][PASSED] - click: Object: 'Object Repository/Final Object Repo/Page_Update Employee Information By Employer/Page_Update Employee Information by Employer (Approve)/Save  Continue in Update Employee Information Page' is clicked on

2019-01-03 21:38:10 - [MESSAGE][PASSED] - Object: 'Object Repository/Final Object Repo/Page_Update Employee Information By Employer/Page_Update Employee Information by Employer (Approve)/Save  Continue in Update Employee Information Page' is clicked on

2019-01-03 21:38:10 - [TEST_STEP][PASSED] - delay: Delayed 4 second(s)

2019-01-03 21:38:14 - [MESSAGE][PASSED] - Delayed 4 second(s)

2019-01-03 21:38:14 - [TEST_STEP][PASSED] - setText: Text 'Query' is set on object 'Object Repository/Final Object Repo/Page_Update Employee Information By Employer/Page_Update Employee Information by Employer (Query)/Remark'

2019-01-03 21:38:14 - [MESSAGE][PASSED] - Text 'Query' is set on object 'Object Repository/Final Object Repo/Page_Update Employee Information By Employer/Page_Update Employee Information by Employer (Query)/Remark'

2019-01-03 21:38:14 - [TEST_STEP][PASSED] - delay: Delayed 2 second(s)

2019-01-03 21:38:16 - [MESSAGE][PASSED] - Delayed 2 second(s)

2019-01-03 21:38:16 - [TEST_STEP][PASSED] - click: Object: 'Object Repository/Final Object Repo/Page_Update Employee Information By Employer/Page_Update Employee Information by Employer (Approve)/Save  Continue in Upload Supporting Doucument Page' is clicked on

2019-01-03 21:38:16 - [MESSAGE][PASSED] - Object: 'Object Repository/Final Object Repo/Page_Update Employee Information By Employer/Page_Update Employee Information by Employer (Approve)/Save  Continue in Upload Supporting Doucument Page' is clicked on

2019-01-03 21:38:16 - [TEST_STEP][PASSED] - delay: Delayed 2 second(s)

2019-01-03 21:38:18 - [MESSAGE][PASSED] - Delayed 2 second(s)

2019-01-03 21:38:18 - [TEST_STEP][PASSED] - click: Object: 'Object Repository/Final Object Repo/Page_Update Employee Information By Employer/Page_Update Employee Information by Employer (Query)/Query' is clicked on

2019-01-03 21:38:20 - [MESSAGE][PASSED] - Object: 'Object Repository/Final Object Repo/Page_Update Employee Information By Employer/Page_Update Employee Information by Employer (Query)/Query' is clicked on

2019-01-03 21:38:20 - [TEST_STEP][PASSED] - delay: Delayed 2 second(s)

2019-01-03 21:38:22 - [MESSAGE][PASSED] - Delayed 2 second(s)

2019-01-03 21:38:22 - [TEST_STEP][PASSED] - click: Object: 'Object Repository/Final Object Repo/Page_Update Employee Information By Employer/Page_Update Employee Information by Employer (Approve)/Confirm' is clicked on

2019-01-03 21:38:22 - [MESSAGE][PASSED] - Object: 'Object Repository/Final Object Repo/Page_Update Employee Information By Employer/Page_Update Employee Information by Employer (Approve)/Confirm' is clicked on

2019-01-03 21:38:22 - [TEST_STEP][PASSED] - delay: Delayed 2 second(s)

2019-01-03 21:38:24 - [MESSAGE][PASSED] - Delayed 2 second(s)

2019-01-03 21:38:24 - [TEST_STEP][PASSED] - click: Object: 'Object Repository/Final Object Repo/Page_Update Employee Information By Employer/Page_Update Employee Information by Employer (Query)/Query Message The case is Under Query' is clicked on

2019-01-03 21:38:29 - [MESSAGE][PASSED] - Object: 'Object Repository/Final Object Repo/Page_Update Employee Information By Employer/Page_Update Employee Information by Employer (Query)/Query Message The case is Under Query' is clicked on

2019-01-03 21:38:29 - [TEST_STEP][PASSED] - delay: Delayed 2 second(s)

2019-01-03 21:38:31 - [MESSAGE][PASSED] - Delayed 2 second(s)

2019-01-03 21:38:31 - [TEST_STEP][PASSED] - click: Object: 'Object Repository/Final Object Repo/Page_Update Employee Information By Employer/Page_Update Employee Information by Employer (Query)/Letter of inquiry' is clicked on

2019-01-03 21:38:32 - [MESSAGE][PASSED] - Object: 'Object Repository/Final Object Repo/Page_Update Employee Information By Employer/Page_Update Employee Information by Employer (Query)/Letter of inquiry' is clicked on

2019-01-03 21:38:32 - [TEST_STEP][PASSED] - delay: Delayed 1 second(s)

2019-01-03 21:38:33 - [MESSAGE][PASSED] - Delayed 1 second(s)

2019-01-03 21:38:33 - [TEST_STEP][PASSED] - navigateToUrl: Navigate to 'https://assist2-uat.perkeso.gov.my/c/portal/logout' successfully

2019-01-03 21:38:34 - [MESSAGE][PASSED] - Navigate to 'https://assist2-uat.perkeso.gov.my/c/portal/logout' successfully

2019-01-03 21:38:34 - [TEST_STEP][PASSED] - delay: Delayed 1 second(s)

2019-01-03 21:38:35 - [MESSAGE][PASSED] - Delayed 1 second(s)

2019-01-03 21:38:35 - [TEST_STEP][PASSED] - callTestCase: Call Test Case 'Test Cases/Final Aug 2018 - PKS Automation/Registration Module/Workflow/Search Pending Case For Add Supporting Document (OTC)' successfully

2019-01-03 21:38:35 - [TEST_CASE][PASSED] - Test Cases/Final Aug 2018 - PKS Automation/Registration Module/Workflow/Search Pending Case For Add Supporting Document (OTC): Test Cases/Final Aug 2018 - PKS Automation/Registration Module/Workflow/Search Pending Case For Add Supporting Document (OTC)

2019-01-03 21:38:35 - [TEST_STEP][PASSED] - openBrowser: Browser is opened with url: ''

2019-01-03 21:38:35 - [MESSAGE][WARNING] - A browser is already opened. Closing browser and opening a new one

2019-01-03 21:38:39 - [MESSAGE][PASSED] - Browser is opened with url: ''

2019-01-03 21:38:39 - [TEST_STEP][PASSED] - navigateToUrl: Navigate to 'https://assist2-uat.perkeso.gov.my/login' successfully

2019-01-03 21:38:40 - [MESSAGE][PASSED] - Navigate to 'https://assist2-uat.perkeso.gov.my/login' successfully

2019-01-03 21:38:40 - [TEST_STEP][PASSED] - setText: Text 'johorotc1@gmail.com' is set on object 'Object Repository/Final Object Repo/Login Page/Internal User/Email Address'

2019-01-03 21:38:40 - [MESSAGE][PASSED] - Text 'johorotc1@gmail.com' is set on object 'Object Repository/Final Object Repo/Login Page/Internal User/Email Address'

2019-01-03 21:38:40 - [TEST_STEP][PASSED] - click: Object: 'Object Repository/Final Object Repo/Login Page/Internal User/Next Button' is clicked on

2019-01-03 21:38:40 - [MESSAGE][PASSED] - Object: 'Object Repository/Final Object Repo/Login Page/Internal User/Next Button' is clicked on

2019-01-03 21:38:40 - [TEST_STEP][PASSED] - delay: Delayed 1 second(s)

2019-01-03 21:38:41 - [MESSAGE][PASSED] - Delayed 1 second(s)

2019-01-03 21:38:41 - [TEST_STEP][PASSED] - setEncryptedText: Text ****** has been set on object 'Object Repository/Final Object Repo/Login Page/Internal User/Password'

2019-01-03 21:38:41 - [MESSAGE][PASSED] - Text ****** has been set on object 'Object Repository/Final Object Repo/Login Page/Internal User/Password'

2019-01-03 21:38:41 - [TEST_STEP][PASSED] - click: Object: 'Object Repository/Final Object Repo/Login Page/Internal User/Login Button' is clicked on

2019-01-03 21:38:42 - [MESSAGE][PASSED] - Object: 'Object Repository/Final Object Repo/Login Page/Internal User/Login Button' is clicked on

2019-01-03 21:38:42 - [TEST_STEP][PASSED] - delay: Delayed 1 second(s)

2019-01-03 21:38:43 - [MESSAGE][PASSED] - Delayed 1 second(s)

2019-01-03 21:38:43 - [TEST_STEP][PASSED] - Statement - Try: Delayed 2 second(s)

2019-01-03 21:38:43 - [TEST_STEP][PASSED] - Statement - Checker = false: null

2019-01-03 21:38:43 - [TEST_STEP][PASSED] - Statement - Checker = com.kms.katalon.core.webui.keyword.WebUiBuiltInKeywords.verifyElementHasAttribute(com.kms.katalon.core.testobject.ObjectRepository.findTestObject(Final Object Repo/Landing Page/BM Detecting), "href", 20, OPTIONAL): Object 'Object Repository/Final Object Repo/Landing Page/BM Detecting' has attribute 'href'

2019-01-03 21:38:44 - [MESSAGE][PASSED] - Object 'Object Repository/Final Object Repo/Landing Page/BM Detecting' has attribute 'href'

2019-01-03 21:38:44 - [TEST_STEP][PASSED] - Statement - out.println(Checker): null

2019-01-03 21:38:44 - [TEST_STEP][PASSED] - Statement - If (Checker == false): null

2019-01-03 21:38:44 - [TEST_STEP][PASSED] - Statement - Else: null

2019-01-03 21:38:44 - [TEST_STEP][PASSED] - delay: Delayed 2 second(s)

2019-01-03 21:38:46 - [MESSAGE][PASSED] - Delayed 2 second(s)

2019-01-03 21:38:46 - [TEST_STEP][PASSED] - navigateToUrl: Navigate to 'https://assist2-uat.perkeso.gov.my/web/registration/search/search-pending-case-for-add-supporting-document' successfully

2019-01-03 21:38:46 - [MESSAGE][PASSED] - Navigate to 'https://assist2-uat.perkeso.gov.my/web/registration/search/search-pending-case-for-add-supporting-document' successfully

2019-01-03 21:38:46 - [TEST_STEP][PASSED] - click: Object: 'Object Repository/Final Object Repo/Page_Search Pending Case For Add Suporting Document/Search By' is clicked on

2019-01-03 21:38:46 - [MESSAGE][PASSED] - Object: 'Object Repository/Final Object Repo/Page_Search Pending Case For Add Suporting Document/Search By' is clicked on

2019-01-03 21:38:46 - [TEST_STEP][PASSED] - click: Object: 'Object Repository/Final Object Repo/Page_Search Pending Case For Add Suporting Document/Search By - Reference ID' is clicked on

2019-01-03 21:38:46 - [MESSAGE][PASSED] - Object: 'Object Repository/Final Object Repo/Page_Search Pending Case For Add Suporting Document/Search By - Reference ID' is clicked on

2019-01-03 21:38:46 - [TEST_STEP][PASSED] - delay: Delayed 2 second(s)

2019-01-03 21:38:48 - [MESSAGE][PASSED] - Delayed 2 second(s)

2019-01-03 21:38:48 - [TEST_STEP][PASSED] - setText: Text 'CUN012019C100006163' is set on object 'Object Repository/Final Object Repo/Page_Search Pending Case For Add Suporting Document/Reference ID'

2019-01-03 21:38:49 - [MESSAGE][PASSED] - Text 'CUN012019C100006163' is set on object 'Object Repository/Final Object Repo/Page_Search Pending Case For Add Suporting Document/Reference ID'

2019-01-03 21:38:49 - [TEST_STEP][PASSED] - click: Object: 'Object Repository/Final Object Repo/Page_Search Pending Case For Add Suporting Document/Search' is clicked on

2019-01-03 21:38:49 - [MESSAGE][PASSED] - Object: 'Object Repository/Final Object Repo/Page_Search Pending Case For Add Suporting Document/Search' is clicked on

2019-01-03 21:38:49 - [TEST_STEP][PASSED] - delay: Delayed 2 second(s)

2019-01-03 21:38:51 - [MESSAGE][PASSED] - Delayed 2 second(s)

2019-01-03 21:38:51 - [TEST_STEP][PASSED] - click: Object: 'Object Repository/Final Object Repo/Page_Search Pending Case For Add Suporting Document/Edit' is clicked on

2019-01-03 21:38:54 - [MESSAGE][PASSED] - Object: 'Object Repository/Final Object Repo/Page_Search Pending Case For Add Suporting Document/Edit' is clicked on

2019-01-03 21:38:54 - [MESSAGE][PASSED] - Call Test Case 'Test Cases/Final Aug 2018 - PKS Automation/Registration Module/Workflow/Search Pending Case For Add Supporting Document (OTC)' successfully

2019-01-03 21:38:54 - [TEST_STEP][PASSED] - click: Object: 'Object Repository/Final Object Repo/Page_Update Employee Information By Employer/Page_Update Employee Information by Employer (Query -OTC -UO)/Next' is clicked on

2019-01-03 21:38:57 - [MESSAGE][PASSED] - Object: 'Object Repository/Final Object Repo/Page_Update Employee Information By Employer/Page_Update Employee Information by Employer (Query -OTC -UO)/Next' is clicked on

2019-01-03 21:38:57 - [TEST_STEP][PASSED] - delay: Delayed 2 second(s)

2019-01-03 21:38:59 - [MESSAGE][PASSED] - Delayed 2 second(s)

2019-01-03 21:38:59 - [TEST_STEP][PASSED] - click: Object: 'Object Repository/Final Object Repo/Page_Update Employee Information By Employer/Page_Update Employee Information by Employer (Query -OTC -UO)/Add Document Button' is clicked on

2019-01-03 21:39:00 - [MESSAGE][PASSED] - Object: 'Object Repository/Final Object Repo/Page_Update Employee Information By Employer/Page_Update Employee Information by Employer (Query -OTC -UO)/Add Document Button' is clicked on

2019-01-03 21:39:00 - [TEST_STEP][PASSED] - delay: Delayed 5 second(s)

2019-01-03 21:39:05 - [MESSAGE][PASSED] - Delayed 5 second(s)

2019-01-03 21:39:05 - [TEST_STEP][PASSED] - click: Object: 'Object Repository/Final Object Repo/Page_Update Employee Information By Employer/Page_Update Employee Information by Employer (Query -OTC -UO)/Document Type' is clicked on

2019-01-03 21:39:05 - [MESSAGE][PASSED] - Object: 'Object Repository/Final Object Repo/Page_Update Employee Information By Employer/Page_Update Employee Information by Employer (Query -OTC -UO)/Document Type' is clicked on

2019-01-03 21:39:05 - [TEST_STEP][PASSED] - click: Object: 'Object Repository/Final Object Repo/Page_Update Employee Information By Employer/Page_Update Employee Information by Employer (Query -OTC -UO)/Document Type - Other' is clicked on

2019-01-03 21:39:05 - [MESSAGE][PASSED] - Object: 'Object Repository/Final Object Repo/Page_Update Employee Information By Employer/Page_Update Employee Information by Employer (Query -OTC -UO)/Document Type - Other' is clicked on

2019-01-03 21:39:05 - [TEST_STEP][PASSED] - sendKeys: Keys 'C:\Users\Public\Pictures\Sample Pictures\Koala.jpg' sent to object: 'Object Repository/Final Object Repo/Page_Update Employee Information By Employer/Page_Update Employee Information by Employer (Query -OTC -UO)/Upload File'

2019-01-03 21:39:05 - [MESSAGE][PASSED] - Keys 'C:\Users\Public\Pictures\Sample Pictures\Koala.jpg' sent to object: 'Object Repository/Final Object Repo/Page_Update Employee Information By Employer/Page_Update Employee Information by Employer (Query -OTC -UO)/Upload File'

2019-01-03 21:39:05 - [TEST_STEP][PASSED] - click: Object: 'Object Repository/Final Object Repo/Page_Update Employee Information By Employer/Page_Update Employee Information by Employer (Query -OTC -UO)/Add Document' is clicked on

2019-01-03 21:39:05 - [MESSAGE][PASSED] - Object: 'Object Repository/Final Object Repo/Page_Update Employee Information By Employer/Page_Update Employee Information by Employer (Query -OTC -UO)/Add Document' is clicked on

2019-01-03 21:39:05 - [TEST_STEP][PASSED] - delay: Delayed 2 second(s)

2019-01-03 21:39:07 - [MESSAGE][PASSED] - Delayed 2 second(s)

2019-01-03 21:39:07 - [TEST_STEP][PASSED] - click: Object: 'Object Repository/Final Object Repo/Page_Update Employee Information By Employer/Page_Update Employee Information by Employer (Query -OTC -UO)/Exit' is clicked on

2019-01-03 21:39:10 - [MESSAGE][PASSED] - Object: 'Object Repository/Final Object Repo/Page_Update Employee Information By Employer/Page_Update Employee Information by Employer (Query -OTC -UO)/Exit' is clicked on

2019-01-03 21:39:10 - [TEST_STEP][PASSED] - delay: Delayed 2 second(s)

2019-01-03 21:39:12 - [MESSAGE][PASSED] - Delayed 2 second(s)

2019-01-03 21:39:12 - [TEST_STEP][PASSED] - navigateToUrl: Navigate to 'https://assist2-uat.perkeso.gov.my/c/portal/logout' successfully

2019-01-03 21:39:13 - [MESSAGE][PASSED] - Navigate to 'https://assist2-uat.perkeso.gov.my/c/portal/logout' successfully

2019-01-03 21:39:13 - [TEST_STEP][PASSED] - delay: Delayed 2 second(s)

2019-01-03 21:39:15 - [MESSAGE][PASSED] - Delayed 2 second(s)

2019-01-03 21:39:15 - [TEST_STEP][PASSED] - callTestCase: Call Test Case 'Test Cases/Final Aug 2018 - PKS Automation/Registration Module/Workflow/Login and Search Case For Workflow' successfully

2019-01-03 21:39:15 - [TEST_CASE][PASSED] - Test Cases/Final Aug 2018 - PKS Automation/Registration Module/Workflow/Login and Search Case For Workflow: Test Cases/Final Aug 2018 - PKS Automation/Registration Module/Workflow/Login and Search Case For Workflow

2019-01-03 21:39:15 - [TEST_STEP][PASSED] - navigateToUrl: Navigate to 'https://assist2-uat.perkeso.gov.my/login' successfully

2019-01-03 21:39:16 - [MESSAGE][PASSED] - Navigate to 'https://assist2-uat.perkeso.gov.my/login' successfully

2019-01-03 21:39:16 - [TEST_STEP][PASSED] - setText: Text 'johoruo1@gmail.com' is set on object 'Object Repository/Final Object Repo/Login Page/Internal User/Email Address'

2019-01-03 21:39:16 - [MESSAGE][PASSED] - Text 'johoruo1@gmail.com' is set on object 'Object Repository/Final Object Repo/Login Page/Internal User/Email Address'

2019-01-03 21:39:16 - [TEST_STEP][PASSED] - click: Object: 'Object Repository/Final Object Repo/Login Page/Internal User/Next Button' is clicked on

2019-01-03 21:39:16 - [MESSAGE][PASSED] - Object: 'Object Repository/Final Object Repo/Login Page/Internal User/Next Button' is clicked on

2019-01-03 21:39:16 - [TEST_STEP][PASSED] - delay: Delayed 1 second(s)

2019-01-03 21:39:17 - [MESSAGE][PASSED] - Delayed 1 second(s)

2019-01-03 21:39:17 - [TEST_STEP][PASSED] - setEncryptedText: Text ****** has been set on object 'Object Repository/Final Object Repo/Login Page/Internal User/Password'

2019-01-03 21:39:17 - [MESSAGE][PASSED] - Text ****** has been set on object 'Object Repository/Final Object Repo/Login Page/Internal User/Password'

2019-01-03 21:39:17 - [TEST_STEP][PASSED] - click: Object: 'Object Repository/Final Object Repo/Login Page/Internal User/Login Button' is clicked on

2019-01-03 21:39:17 - [MESSAGE][PASSED] - Object: 'Object Repository/Final Object Repo/Login Page/Internal User/Login Button' is clicked on

2019-01-03 21:39:17 - [TEST_STEP][PASSED] - delay: Delayed 2 second(s)

2019-01-03 21:39:19 - [MESSAGE][PASSED] - Delayed 2 second(s)

2019-01-03 21:39:19 - [TEST_STEP][PASSED] - Statement - Try: Delayed 2 second(s)

2019-01-03 21:39:19 - [TEST_STEP][PASSED] - Statement - Checker = false: null

2019-01-03 21:39:19 - [TEST_STEP][PASSED] - Statement - Checker = com.kms.katalon.core.webui.keyword.WebUiBuiltInKeywords.verifyElementHasAttribute(com.kms.katalon.core.testobject.ObjectRepository.findTestObject(Final Object Repo/Landing Page/BM Detecting), "href", 20, OPTIONAL): Object 'Object Repository/Final Object Repo/Landing Page/BM Detecting' has attribute 'href'

2019-01-03 21:39:19 - [MESSAGE][PASSED] - Object 'Object Repository/Final Object Repo/Landing Page/BM Detecting' has attribute 'href'

2019-01-03 21:39:19 - [TEST_STEP][PASSED] - Statement - out.println(Checker): null

2019-01-03 21:39:19 - [TEST_STEP][PASSED] - Statement - If (Checker == false): null

2019-01-03 21:39:19 - [TEST_STEP][PASSED] - Statement - Else: null

2019-01-03 21:39:19 - [TEST_STEP][PASSED] - delay: Delayed 2 second(s)

2019-01-03 21:39:21 - [MESSAGE][PASSED] - Delayed 2 second(s)

2019-01-03 21:39:21 - [TEST_STEP][PASSED] - click: Object: 'Object Repository/Final Object Repo/Page_MyASSIST - ASSIST - Search Pending Case For Add Supporting Document/Search Information' is clicked on

2019-01-03 21:39:22 - [MESSAGE][PASSED] - Object: 'Object Repository/Final Object Repo/Page_MyASSIST - ASSIST - Search Pending Case For Add Supporting Document/Search Information' is clicked on

2019-01-03 21:39:22 - [TEST_STEP][PASSED] - delay: Delayed 3 second(s)

2019-01-03 21:39:25 - [MESSAGE][PASSED] - Delayed 3 second(s)

2019-01-03 21:39:25 - [TEST_STEP][PASSED] - sendKeys: Keys 'CUN012019C100006163' sent to object: 'Object Repository/Final Object Repo/Page_MyASSIST - ASSIST - Search Pending Case For Add Supporting Document/Reference No'

2019-01-03 21:39:25 - [MESSAGE][PASSED] - Keys 'CUN012019C100006163' sent to object: 'Object Repository/Final Object Repo/Page_MyASSIST - ASSIST - Search Pending Case For Add Supporting Document/Reference No'

2019-01-03 21:39:25 - [TEST_STEP][PASSED] - click: Object: 'Object Repository/Final Object Repo/Page_MyASSIST - ASSIST - Search Pending Case For Add Supporting Document/Search Reference No' is clicked on

2019-01-03 21:39:25 - [MESSAGE][PASSED] - Object: 'Object Repository/Final Object Repo/Page_MyASSIST - ASSIST - Search Pending Case For Add Supporting Document/Search Reference No' is clicked on

2019-01-03 21:39:25 - [TEST_STEP][PASSED] - delay: Delayed 2 second(s)

2019-01-03 21:39:27 - [MESSAGE][PASSED] - Delayed 2 second(s)

2019-01-03 21:39:27 - [TEST_STEP][PASSED] - click: Object: 'Object Repository/Final Object Repo/Page_MyASSIST - ASSIST - Search Pending Case For Add Supporting Document/Continue' is clicked on

2019-01-03 21:39:31 - [MESSAGE][PASSED] - Object: 'Object Repository/Final Object Repo/Page_MyASSIST - ASSIST - Search Pending Case For Add Supporting Document/Continue' is clicked on

2019-01-03 21:39:31 - [TEST_STEP][PASSED] - delay: Delayed 20 second(s)

2019-01-03 21:39:51 - [MESSAGE][PASSED] - Delayed 20 second(s)

2019-01-03 21:39:51 - [MESSAGE][PASSED] - Call Test Case 'Test Cases/Final Aug 2018 - PKS Automation/Registration Module/Workflow/Login and Search Case For Workflow' successfully

2019-01-03 21:39:51 - [TEST_STEP][PASSED] - click: Object: 'Object Repository/Final Object Repo/Page_Update Employee Information By Employer/Page_Update Employee Information by Employer (Approve)/Continue' is clicked on

2019-01-03 21:39:54 - [MESSAGE][PASSED] - Object: 'Object Repository/Final Object Repo/Page_Update Employee Information By Employer/Page_Update Employee Information by Employer (Approve)/Continue' is clicked on

2019-01-03 21:39:54 - [TEST_STEP][PASSED] - delay: Delayed 2 second(s)

2019-01-03 21:39:56 - [MESSAGE][PASSED] - Delayed 2 second(s)

2019-01-03 21:39:56 - [TEST_STEP][PASSED] - click: Object: 'Object Repository/Final Object Repo/Page_Update Employee Information By Employer/Page_Update Employee Information by Employer (Approve)/Save  Continue in Update Employee Information Page' is clicked on

2019-01-03 21:39:56 - [MESSAGE][PASSED] - Object: 'Object Repository/Final Object Repo/Page_Update Employee Information By Employer/Page_Update Employee Information by Employer (Approve)/Save  Continue in Update Employee Information Page' is clicked on

2019-01-03 21:39:56 - [TEST_STEP][PASSED] - delay: Delayed 4 second(s)

2019-01-03 21:40:00 - [MESSAGE][PASSED] - Delayed 4 second(s)

2019-01-03 21:40:00 - [TEST_STEP][PASSED] - click: Object: 'Object Repository/Final Object Repo/Page_Update Employee Information By Employer/Page_Update Employee Information by Employer (Approve)/Save  Continue in Upload Supporting Doucument Page' is clicked on

2019-01-03 21:40:00 - [MESSAGE][PASSED] - Object: 'Object Repository/Final Object Repo/Page_Update Employee Information By Employer/Page_Update Employee Information by Employer (Approve)/Save  Continue in Upload Supporting Doucument Page' is clicked on

2019-01-03 21:40:00 - [TEST_STEP][PASSED] - delay: Delayed 2 second(s)

2019-01-03 21:40:02 - [MESSAGE][PASSED] - Delayed 2 second(s)

2019-01-03 21:40:02 - [TEST_STEP][PASSED] - click: Object: 'Object Repository/Final Object Repo/Page_Update Employee Information By Employer/Page_Update Employee Information by Employer (Approve)/Approve' is clicked on

2019-01-03 21:40:04 - [MESSAGE][PASSED] - Object: 'Object Repository/Final Object Repo/Page_Update Employee Information By Employer/Page_Update Employee Information by Employer (Approve)/Approve' is clicked on

2019-01-03 21:40:04 - [TEST_STEP][PASSED] - delay: Delayed 2 second(s)

2019-01-03 21:40:06 - [MESSAGE][PASSED] - Delayed 2 second(s)

2019-01-03 21:40:06 - [TEST_STEP][PASSED] - click: Object: 'Object Repository/Final Object Repo/Page_Update Employee Information By Employer/Page_Update Employee Information by Employer (Approve)/Confirm' is clicked on

2019-01-03 21:40:06 - [MESSAGE][PASSED] - Object: 'Object Repository/Final Object Repo/Page_Update Employee Information By Employer/Page_Update Employee Information by Employer (Approve)/Confirm' is clicked on

2019-01-03 21:40:06 - [TEST_STEP][PASSED] - delay: Delayed 2 second(s)

2019-01-03 21:40:08 - [MESSAGE][PASSED] - Delayed 2 second(s)

2019-01-03 21:40:08 - [TEST_STEP][PASSED] - verifyElementVisible: Object 'Object Repository/Final Object Repo/Page_Update Employee Information By Employer/Page_Update Employee Information by Employer (Approve)/Successfull Message Submitted Successfully' is visible

2019-01-03 21:40:13 - [MESSAGE][PASSED] - Object 'Object Repository/Final Object Repo/Page_Update Employee Information By Employer/Page_Update Employee Information by Employer (Approve)/Successfull Message Submitted Successfully' is visible

2019-01-03 21:40:13 - [TEST_STEP][PASSED] - delay: Delayed 2 second(s)

2019-01-03 21:40:15 - [MESSAGE][PASSED] - Delayed 2 second(s)

2019-01-03 21:40:15 - [TEST_STEP][PASSED] - verifyElementVisible: Object 'Object Repository/Final Object Repo/Page_Update Employee Information By Employer/Page_Update Employee Information by Employer (Approve)/Letter of Successful update' is visible

2019-01-03 21:40:15 - [MESSAGE][PASSED] - Object 'Object Repository/Final Object Repo/Page_Update Employee Information By Employer/Page_Update Employee Information by Employer (Approve)/Letter of Successful update' is visible

2019-01-03 21:40:15 - [MESSAGE][PASSED] - Call Test Case 'Test Cases/Final Aug 2018 - PKS Automation/Registration Module/Workflow/Update Employee Information (Employer)/Template/Update Employee Information - Special Case - UO(Query)' successfully]]></system-out>
         <system-err><![CDATA[]]></system-err>
      </testcase>
      <testcase name="Test Cases/Final Aug 2018 - PKS Automation/Registration Module/Workflow/Update Employee Information (Employer)/PKRBO - UO (Reject)" classname="Test Cases/Final Aug 2018 - PKS Automation/Registration Module/Workflow/Update Employee Information (Employer)/PKRBO - UO (Reject)" status="PASSED">
         <system-out><![CDATA[2019-01-03 21:40:15 - [TEST_CASE][PASSED] - Test Cases/Final Aug 2018 - PKS Automation/Registration Module/Workflow/Update Employee Information (Employer)/PKRBO - UO (Reject): Test Cases/Final Aug 2018 - PKS Automation/Registration Module/Workflow/Update Employee Information (Employer)/PKRBO - UO (Reject)

2019-01-03 21:40:16 - [TEST_STEP][PASSED] - callTestCase: Call Test Case 'Test Cases/Final Aug 2018 - PKS Automation/Registration Module/Workflow/Update Employee Information (Employer)/Template/Update Employer Information - Special Case (PKRBO)' successfully

2019-01-03 21:40:16 - [TEST_CASE][PASSED] - Test Cases/Final Aug 2018 - PKS Automation/Registration Module/Workflow/Update Employee Information (Employer)/Template/Update Employer Information - Special Case (PKRBO): Test Cases/Final Aug 2018 - PKS Automation/Registration Module/Workflow/Update Employee Information (Employer)/Template/Update Employer Information - Special Case (PKRBO)

2019-01-03 21:40:16 - [TEST_STEP][PASSED] - openBrowser: Browser is opened with url: ''

2019-01-03 21:40:16 - [MESSAGE][WARNING] - A browser is already opened. Closing browser and opening a new one

2019-01-03 21:40:19 - [MESSAGE][PASSED] - Browser is opened with url: ''

2019-01-03 21:40:19 - [TEST_STEP][PASSED] - navigateToUrl: Navigate to 'https://assist2-uat.perkeso.gov.my/login' successfully

2019-01-03 21:40:20 - [MESSAGE][PASSED] - Navigate to 'https://assist2-uat.perkeso.gov.my/login' successfully

2019-01-03 21:40:20 - [TEST_STEP][PASSED] - setText: Text 'johorpkrbo1@gmail.com' is set on object 'Object Repository/Final Object Repo/Login Page/Internal User/Email Address'

2019-01-03 21:40:21 - [MESSAGE][PASSED] - Text 'johorpkrbo1@gmail.com' is set on object 'Object Repository/Final Object Repo/Login Page/Internal User/Email Address'

2019-01-03 21:40:21 - [TEST_STEP][PASSED] - click: Object: 'Object Repository/Final Object Repo/Login Page/Internal User/Next Button' is clicked on

2019-01-03 21:40:21 - [MESSAGE][PASSED] - Object: 'Object Repository/Final Object Repo/Login Page/Internal User/Next Button' is clicked on

2019-01-03 21:40:21 - [TEST_STEP][PASSED] - delay: Delayed 1 second(s)

2019-01-03 21:40:22 - [MESSAGE][PASSED] - Delayed 1 second(s)

2019-01-03 21:40:22 - [TEST_STEP][PASSED] - setEncryptedText: Text ****** has been set on object 'Object Repository/Final Object Repo/Login Page/Internal User/Password'

2019-01-03 21:40:22 - [MESSAGE][PASSED] - Text ****** has been set on object 'Object Repository/Final Object Repo/Login Page/Internal User/Password'

2019-01-03 21:40:22 - [TEST_STEP][PASSED] - click: Object: 'Object Repository/Final Object Repo/Login Page/Internal User/Login Button' is clicked on

2019-01-03 21:40:22 - [MESSAGE][PASSED] - Object: 'Object Repository/Final Object Repo/Login Page/Internal User/Login Button' is clicked on

2019-01-03 21:40:22 - [TEST_STEP][PASSED] - Statement - tester = com.kms.katalon.core.testobject.ObjectRepository.findTestObject(Final Object Repo/Landing Page/Select to English): Finding Test Object with id 'Object Repository/Final Object Repo/Landing Page/Select to English'

2019-01-03 21:40:22 - [TEST_STEP][PASSED] - Statement - Try: Delayed 2 second(s)

2019-01-03 21:40:22 - [TEST_STEP][PASSED] - Statement - Checker = com.kms.katalon.core.webui.keyword.WebUiBuiltInKeywords.verifyElementNotPresent(tester, 3): Web element with id: 'Object Repository/Final Object Repo/Landing Page/Select to English' located by 'By.xpath: //a[@class = 'taglib-language-list-text' and @lang = 'en-US' and (contains(text(), 'EN') or contains(., 'EN'))]' is not present after '3' second(s)

2019-01-03 21:40:24 - [MESSAGE][PASSED] - Web element with id: 'Object Repository/Final Object Repo/Landing Page/Select to English' located by 'By.xpath: //a[@class = 'taglib-language-list-text' and @lang = 'en-US' and (contains(text(), 'EN') or contains(., 'EN'))]' is not present after '3' second(s)

2019-01-03 21:40:24 - [TEST_STEP][PASSED] - Statement - If (Checker == false): null

2019-01-03 21:40:24 - [TEST_STEP][PASSED] - delay: Delayed 2 second(s)

2019-01-03 21:40:26 - [MESSAGE][PASSED] - Delayed 2 second(s)

2019-01-03 21:40:26 - [TEST_STEP][PASSED] - delay: Delayed 5 second(s)

2019-01-03 21:40:31 - [MESSAGE][PASSED] - Delayed 5 second(s)

2019-01-03 21:40:31 - [TEST_STEP][PASSED] - navigateToUrl: Navigate to 'https://assist2-uat.perkeso.gov.my/web/registration/update/update-employee-information-employer-' successfully

2019-01-03 21:40:32 - [MESSAGE][PASSED] - Navigate to 'https://assist2-uat.perkeso.gov.my/web/registration/update/update-employee-information-employer-' successfully

2019-01-03 21:40:32 - [TEST_STEP][PASSED] - setText: Text 'E1102001065V' is set on object 'Object Repository/Final Object Repo/Page_Update Employee Information By Employer/Employer Code'

2019-01-03 21:40:32 - [MESSAGE][PASSED] - Text 'E1102001065V' is set on object 'Object Repository/Final Object Repo/Page_Update Employee Information By Employer/Employer Code'

2019-01-03 21:40:32 - [TEST_STEP][PASSED] - click: Object: 'Object Repository/Final Object Repo/Page_Update Employee Information By Employer/Search Employer Code' is clicked on

2019-01-03 21:40:32 - [MESSAGE][PASSED] - Object: 'Object Repository/Final Object Repo/Page_Update Employee Information By Employer/Search Employer Code' is clicked on

2019-01-03 21:40:32 - [TEST_STEP][PASSED] - click: Object: 'Object Repository/Final Object Repo/Page_Update Employee Information By Employer/Edit Button' is clicked on

2019-01-03 21:40:36 - [MESSAGE][PASSED] - Object: 'Object Repository/Final Object Repo/Page_Update Employee Information By Employer/Edit Button' is clicked on

2019-01-03 21:40:36 - [TEST_STEP][PASSED] - click: Object: 'Object Repository/Final Object Repo/Page_Update Employee Information By Employer/Employee Name or New Identification' is clicked on

2019-01-03 21:40:36 - [MESSAGE][PASSED] - Object: 'Object Repository/Final Object Repo/Page_Update Employee Information By Employer/Employee Name or New Identification' is clicked on

2019-01-03 21:40:36 - [TEST_STEP][PASSED] - delay: Delayed 1 second(s)

2019-01-03 21:40:37 - [MESSAGE][PASSED] - Delayed 1 second(s)

2019-01-03 21:40:37 - [TEST_STEP][PASSED] - click: Object: 'Object Repository/Final Object Repo/Page_Update Employee Information By Employer/Selection - Employee Name' is clicked on

2019-01-03 21:40:37 - [MESSAGE][PASSED] - Object: 'Object Repository/Final Object Repo/Page_Update Employee Information By Employer/Selection - Employee Name' is clicked on

2019-01-03 21:40:37 - [TEST_STEP][PASSED] - delay: Delayed 1 second(s)

2019-01-03 21:40:38 - [MESSAGE][PASSED] - Delayed 1 second(s)

2019-01-03 21:40:38 - [TEST_STEP][PASSED] - setText: Text 'PERKESO' is set on object 'Object Repository/Final Object Repo/Page_Update Employee Information By Employer/Employee Name'

2019-01-03 21:40:38 - [MESSAGE][PASSED] - Text 'PERKESO' is set on object 'Object Repository/Final Object Repo/Page_Update Employee Information By Employer/Employee Name'

2019-01-03 21:40:38 - [TEST_STEP][PASSED] - delay: Delayed 2 second(s)

2019-01-03 21:40:40 - [MESSAGE][PASSED] - Delayed 2 second(s)

2019-01-03 21:40:40 - [TEST_STEP][PASSED] - click: Object: 'Object Repository/Final Object Repo/Page_Update Employee Information By Employer/Search Employee' is clicked on

2019-01-03 21:40:41 - [MESSAGE][PASSED] - Object: 'Object Repository/Final Object Repo/Page_Update Employee Information By Employer/Search Employee' is clicked on

2019-01-03 21:40:41 - [TEST_STEP][PASSED] - delay: Delayed 3 second(s)

2019-01-03 21:40:44 - [MESSAGE][PASSED] - Delayed 3 second(s)

2019-01-03 21:40:44 - [TEST_STEP][PASSED] - click: Object: 'Object Repository/Final Object Repo/Page_Update Employee Information By Employer/Employee Edit Button' is clicked on

2019-01-03 21:40:44 - [MESSAGE][PASSED] - Object: 'Object Repository/Final Object Repo/Page_Update Employee Information By Employer/Employee Edit Button' is clicked on

2019-01-03 21:40:44 - [TEST_STEP][PASSED] - delay: Delayed 3 second(s)

2019-01-03 21:40:47 - [MESSAGE][PASSED] - Delayed 3 second(s)

2019-01-03 21:40:47 - [TEST_STEP][PASSED] - setText: Text '' is set on object 'Object Repository/Final Object Repo/Page_Update Employee Information By Employer/Identification Number'

2019-01-03 21:40:47 - [MESSAGE][PASSED] - Text '' is set on object 'Object Repository/Final Object Repo/Page_Update Employee Information By Employer/Identification Number'

2019-01-03 21:40:47 - [TEST_STEP][PASSED] - Statement - rnd = new java.util.Random(): null

2019-01-03 21:40:47 - [TEST_STEP][PASSED] - Statement - snum = rnd.nextInt(899999 + 1) + 100000: null

2019-01-03 21:40:47 - [TEST_STEP][PASSED] - Statement - tnum = rnd.nextInt(899999 + 1) + 100000: null

2019-01-03 21:40:47 - [TEST_STEP][PASSED] - Statement - IC = java.lang.Integer.toString(snum) + java.lang.Integer.toString(tnum): null

2019-01-03 21:40:47 - [TEST_STEP][PASSED] - Statement - out.println(IC): null

2019-01-03 21:40:47 - [TEST_STEP][PASSED] - setText: Text '966652218979' is set on object 'Object Repository/Final Object Repo/Page_Update Employee Information By Employer/Identification Number'

2019-01-03 21:40:47 - [MESSAGE][PASSED] - Text '966652218979' is set on object 'Object Repository/Final Object Repo/Page_Update Employee Information By Employer/Identification Number'

2019-01-03 21:40:47 - [TEST_STEP][PASSED] - click: Object: 'Object Repository/Final Object Repo/Page_Update Employee Information By Employer/Save' is clicked on

2019-01-03 21:40:48 - [MESSAGE][PASSED] - Object: 'Object Repository/Final Object Repo/Page_Update Employee Information By Employer/Save' is clicked on

2019-01-03 21:40:48 - [TEST_STEP][PASSED] - delay: Delayed 5 second(s)

2019-01-03 21:40:53 - [MESSAGE][PASSED] - Delayed 5 second(s)

2019-01-03 21:40:53 - [TEST_STEP][PASSED] - Statement - CaseReferenceNo = com.kms.katalon.core.webui.keyword.WebUiBuiltInKeywords.getText(com.kms.katalon.core.testobject.ObjectRepository.findTestObject(Final Object Repo/Reference Number/Reference Number in Update Employee Information Page)): Text of object 'Object Repository/Final Object Repo/Reference Number/Reference Number in Update Employee Information Page' is: 'CUN012019C100006164'

2019-01-03 21:40:53 - [MESSAGE][PASSED] - Text of object 'Object Repository/Final Object Repo/Reference Number/Reference Number in Update Employee Information Page' is: 'CUN012019C100006164'

2019-01-03 21:40:53 - [TEST_STEP][PASSED] - callTestCase: Call Test Case 'Test Cases/Final Aug 2018 - PKS Automation/Common/Reference Number Setter' successfully

2019-01-03 21:40:53 - [TEST_CASE][PASSED] - Test Cases/Final Aug 2018 - PKS Automation/Common/Reference Number Setter: Test Cases/Final Aug 2018 - PKS Automation/Common/Reference Number Setter

2019-01-03 21:40:53 - [TEST_STEP][PASSED] - Statement - RefNoOldFile = new java.io.File(C://Users//Admin//Desktop//PKS//Automation Reference Point//KatalonReference.txt): null

2019-01-03 21:40:53 - [TEST_STEP][PASSED] - Statement - RefNoOldFile.delete(): null

2019-01-03 21:40:53 - [TEST_STEP][PASSED] - delay: Delayed 5 second(s)

2019-01-03 21:40:58 - [MESSAGE][PASSED] - Delayed 5 second(s)

2019-01-03 21:40:58 - [TEST_STEP][PASSED] - Statement - RefNo = new java.io.File(C://Users//Admin//Desktop//PKS//Automation Reference Point//KatalonReference.txt): null

2019-01-03 21:40:58 - [TEST_STEP][PASSED] - Statement - f2 = new java.io.FileWriter(RefNo, false): null

2019-01-03 21:40:58 - [TEST_STEP][PASSED] - Statement - f2.write(CaseReferenceNo): null

2019-01-03 21:40:58 - [TEST_STEP][PASSED] - Statement - f2.close(): null

2019-01-03 21:40:58 - [TEST_STEP][PASSED] - Statement - out.println("


" + CaseReferenceNo + "


"): null

2019-01-03 21:40:58 - [MESSAGE][PASSED] - Call Test Case 'Test Cases/Final Aug 2018 - PKS Automation/Common/Reference Number Setter' successfully

2019-01-03 21:40:58 - [TEST_STEP][PASSED] - delay: Delayed 5 second(s)

2019-01-03 21:41:03 - [MESSAGE][PASSED] - Delayed 5 second(s)

2019-01-03 21:41:03 - [TEST_STEP][PASSED] - click: Object: 'Object Repository/Final Object Repo/Page_Update Employee Information By Employer/Save  Continue in  Employee Information Page' is clicked on

2019-01-03 21:41:03 - [MESSAGE][PASSED] - Object: 'Object Repository/Final Object Repo/Page_Update Employee Information By Employer/Save  Continue in  Employee Information Page' is clicked on

2019-01-03 21:41:03 - [TEST_STEP][PASSED] - delay: Delayed 5 second(s)

2019-01-03 21:41:08 - [MESSAGE][PASSED] - Delayed 5 second(s)

2019-01-03 21:41:08 - [TEST_STEP][PASSED] - click: Object: 'Object Repository/Final Object Repo/Page_Update Employee Information By Employer/Save  Continue in Uploading Page 1' is clicked on

2019-01-03 21:41:08 - [MESSAGE][PASSED] - Object: 'Object Repository/Final Object Repo/Page_Update Employee Information By Employer/Save  Continue in Uploading Page 1' is clicked on

2019-01-03 21:41:08 - [TEST_STEP][PASSED] - delay: Delayed 5 second(s)

2019-01-03 21:41:13 - [MESSAGE][PASSED] - Delayed 5 second(s)

2019-01-03 21:41:13 - [TEST_STEP][PASSED] - click: Object: 'Object Repository/Final Object Repo/Page_Update Employee Information By Employer/Submit' is clicked on

2019-01-03 21:41:13 - [MESSAGE][PASSED] - Object: 'Object Repository/Final Object Repo/Page_Update Employee Information By Employer/Submit' is clicked on

2019-01-03 21:41:13 - [TEST_STEP][PASSED] - delay: Delayed 5 second(s)

2019-01-03 21:41:18 - [MESSAGE][PASSED] - Delayed 5 second(s)

2019-01-03 21:41:18 - [TEST_STEP][PASSED] - click: Object: 'Object Repository/Final Object Repo/Page_Update Employee Information By Employer/Confirm' is clicked on

2019-01-03 21:41:18 - [MESSAGE][PASSED] - Object: 'Object Repository/Final Object Repo/Page_Update Employee Information By Employer/Confirm' is clicked on

2019-01-03 21:41:18 - [TEST_STEP][PASSED] - delay: Delayed 5 second(s)

2019-01-03 21:41:23 - [MESSAGE][PASSED] - Delayed 5 second(s)

2019-01-03 21:41:23 - [TEST_STEP][PASSED] - verifyElementVisible: Object 'Object Repository/Final Object Repo/Page_Update Employee Information By Employer/Successfull Message Routed to UO' is visible

2019-01-03 21:41:23 - [MESSAGE][PASSED] - Object 'Object Repository/Final Object Repo/Page_Update Employee Information By Employer/Successfull Message Routed to UO' is visible

2019-01-03 21:41:23 - [MESSAGE][PASSED] - Call Test Case 'Test Cases/Final Aug 2018 - PKS Automation/Registration Module/Workflow/Update Employee Information (Employer)/Template/Update Employer Information - Special Case (PKRBO)' successfully

2019-01-03 21:41:23 - [TEST_STEP][PASSED] - callTestCase: Call Test Case 'Test Cases/Final Aug 2018 - PKS Automation/Registration Module/Workflow/Update Employee Information (Employer)/Template/Update Employee Information - Special Case - UO (Reject)' successfully

2019-01-03 21:41:23 - [TEST_CASE][PASSED] - Test Cases/Final Aug 2018 - PKS Automation/Registration Module/Workflow/Update Employee Information (Employer)/Template/Update Employee Information - Special Case - UO (Reject): Test Cases/Final Aug 2018 - PKS Automation/Registration Module/Workflow/Update Employee Information (Employer)/Template/Update Employee Information - Special Case - UO (Reject)

2019-01-03 21:41:23 - [TEST_STEP][NOT_RUN] - callTestCase: NOT_RUN: callTestCase

2019-01-03 21:41:23 - [MESSAGE][NOT_RUN] - NOT_RUN: callTestCase

2019-01-03 21:41:23 - [TEST_STEP][PASSED] - delay: Delayed 2 second(s)

2019-01-03 21:41:25 - [MESSAGE][PASSED] - Delayed 2 second(s)

2019-01-03 21:41:25 - [TEST_STEP][PASSED] - navigateToUrl: Navigate to 'https://assist2-uat.perkeso.gov.my/c/portal/logout' successfully

2019-01-03 21:41:26 - [MESSAGE][PASSED] - Navigate to 'https://assist2-uat.perkeso.gov.my/c/portal/logout' successfully

2019-01-03 21:41:26 - [TEST_STEP][PASSED] - delay: Delayed 2 second(s)

2019-01-03 21:41:28 - [MESSAGE][PASSED] - Delayed 2 second(s)

2019-01-03 21:41:28 - [TEST_STEP][PASSED] - callTestCase: Call Test Case 'Test Cases/Final Aug 2018 - PKS Automation/Common/Reference Number Getter' successfully

2019-01-03 21:41:28 - [TEST_CASE][PASSED] - Test Cases/Final Aug 2018 - PKS Automation/Common/Reference Number Getter: Test Cases/Final Aug 2018 - PKS Automation/Common/Reference Number Getter

2019-01-03 21:41:28 - [TEST_STEP][PASSED] - Statement - Try: null

2019-01-03 21:41:28 - [TEST_STEP][PASSED] - Statement - RefNo = new java.io.File(C://Users//Admin//Desktop//PKS//Automation Reference Point//KatalonReference.txt): null

2019-01-03 21:41:28 - [TEST_STEP][PASSED] - Statement - bufferread = new java.io.BufferedReader(new java.io.FileReader(RefNo)): null

2019-01-03 21:41:28 - [TEST_STEP][PASSED] - Statement - readedVal = bufferread.readLine(): null

2019-01-03 21:41:28 - [TEST_STEP][PASSED] - Statement - out.println(CaseReferenceNo): null

2019-01-03 21:41:28 - [TEST_STEP][PASSED] - Statement - out.println(readedVal): null

2019-01-03 21:41:28 - [TEST_STEP][PASSED] - Statement - CaseReferenceNo = "": null

2019-01-03 21:41:28 - [TEST_STEP][PASSED] - Statement - CaseReferenceNo = readedVal: null

2019-01-03 21:41:28 - [MESSAGE][PASSED] - Call Test Case 'Test Cases/Final Aug 2018 - PKS Automation/Common/Reference Number Getter' successfully

2019-01-03 21:41:28 - [TEST_STEP][PASSED] - callTestCase: Call Test Case 'Test Cases/Final Aug 2018 - PKS Automation/Common/Workflow Owner Finder' successfully

2019-01-03 21:41:28 - [TEST_CASE][PASSED] - Test Cases/Final Aug 2018 - PKS Automation/Common/Workflow Owner Finder: Test Cases/Final Aug 2018 - PKS Automation/Common/Workflow Owner Finder

2019-01-03 21:41:28 - [TEST_STEP][PASSED] - openBrowser: Browser is opened with url: ''

2019-01-03 21:41:28 - [MESSAGE][WARNING] - A browser is already opened. Closing browser and opening a new one

2019-01-03 21:41:32 - [MESSAGE][PASSED] - Browser is opened with url: ''

2019-01-03 21:41:32 - [TEST_STEP][PASSED] - navigateToUrl: Navigate to 'https://assist2-uat.perkeso.gov.my/login' successfully

2019-01-03 21:41:33 - [MESSAGE][PASSED] - Navigate to 'https://assist2-uat.perkeso.gov.my/login' successfully

2019-01-03 21:41:33 - [TEST_STEP][PASSED] - delay: Delayed 5 second(s)

2019-01-03 21:41:38 - [MESSAGE][PASSED] - Delayed 5 second(s)

2019-01-03 21:41:38 - [TEST_STEP][PASSED] - setText: Text 'test@liferay.com' is set on object 'Object Repository/Final Object Repo/Login Page/Internal User/Email Address'

2019-01-03 21:41:38 - [MESSAGE][PASSED] - Text 'test@liferay.com' is set on object 'Object Repository/Final Object Repo/Login Page/Internal User/Email Address'

2019-01-03 21:41:38 - [TEST_STEP][PASSED] - click: Object: 'Object Repository/Final Object Repo/Login Page/Internal User/Next Button' is clicked on

2019-01-03 21:41:39 - [MESSAGE][PASSED] - Object: 'Object Repository/Final Object Repo/Login Page/Internal User/Next Button' is clicked on

2019-01-03 21:41:39 - [TEST_STEP][PASSED] - delay: Delayed 2 second(s)

2019-01-03 21:41:41 - [MESSAGE][PASSED] - Delayed 2 second(s)

2019-01-03 21:41:41 - [TEST_STEP][PASSED] - setText: Text 'test' is set on object 'Object Repository/Final Object Repo/Login Page/Internal User/Password'

2019-01-03 21:41:41 - [MESSAGE][PASSED] - Text 'test' is set on object 'Object Repository/Final Object Repo/Login Page/Internal User/Password'

2019-01-03 21:41:41 - [TEST_STEP][PASSED] - delay: Delayed 2 second(s)

2019-01-03 21:41:43 - [MESSAGE][PASSED] - Delayed 2 second(s)

2019-01-03 21:41:43 - [TEST_STEP][PASSED] - click: Object: 'Object Repository/Final Object Repo/Login Page/Internal User/Login Button' is clicked on

2019-01-03 21:41:43 - [MESSAGE][PASSED] - Object: 'Object Repository/Final Object Repo/Login Page/Internal User/Login Button' is clicked on

2019-01-03 21:41:43 - [TEST_STEP][PASSED] - Statement - tester = com.kms.katalon.core.testobject.ObjectRepository.findTestObject(Final Object Repo/Landing Page/Select to English): Finding Test Object with id 'Object Repository/Final Object Repo/Landing Page/Select to English'

2019-01-03 21:41:43 - [TEST_STEP][PASSED] - Statement - Try: Delayed 2 second(s)

2019-01-03 21:41:43 - [TEST_STEP][PASSED] - Statement - Checker = com.kms.katalon.core.webui.keyword.WebUiBuiltInKeywords.verifyElementNotPresent(tester, 3): Web element with id: 'Object Repository/Final Object Repo/Landing Page/Select to English' located by 'By.xpath: //a[@class = 'taglib-language-list-text' and @lang = 'en-US' and (contains(text(), 'EN') or contains(., 'EN'))]' is not present after '3' second(s)

2019-01-03 21:41:45 - [MESSAGE][PASSED] - Web element with id: 'Object Repository/Final Object Repo/Landing Page/Select to English' located by 'By.xpath: //a[@class = 'taglib-language-list-text' and @lang = 'en-US' and (contains(text(), 'EN') or contains(., 'EN'))]' is not present after '3' second(s)

2019-01-03 21:41:45 - [TEST_STEP][PASSED] - Statement - If (Checker == false): null

2019-01-03 21:41:45 - [TEST_STEP][PASSED] - delay: Delayed 2 second(s)

2019-01-03 21:41:47 - [MESSAGE][PASSED] - Delayed 2 second(s)

2019-01-03 21:41:47 - [TEST_STEP][PASSED] - delay: Delayed 5 second(s)

2019-01-03 21:41:52 - [MESSAGE][PASSED] - Delayed 5 second(s)

2019-01-03 21:41:52 - [TEST_STEP][PASSED] - mouseOver: Object: 'Object Repository/Final Object Repo/Landing Page/WorkFlow Menu' is hovered

2019-01-03 21:41:52 - [MESSAGE][PASSED] - Object: 'Object Repository/Final Object Repo/Landing Page/WorkFlow Menu' is hovered

2019-01-03 21:41:52 - [TEST_STEP][PASSED] - delay: Delayed 2 second(s)

2019-01-03 21:41:54 - [MESSAGE][PASSED] - Delayed 2 second(s)

2019-01-03 21:41:54 - [TEST_STEP][PASSED] - click: Object: 'Object Repository/Final Object Repo/Landing Page/Select to Workflow Listing' is clicked on

2019-01-03 21:41:55 - [MESSAGE][PASSED] - Object: 'Object Repository/Final Object Repo/Landing Page/Select to Workflow Listing' is clicked on

2019-01-03 21:41:55 - [TEST_STEP][PASSED] - delay: Delayed 2 second(s)

2019-01-03 21:41:57 - [MESSAGE][PASSED] - Delayed 2 second(s)

2019-01-03 21:41:57 - [TEST_STEP][PASSED] - click: Object: 'Object Repository/Final Object Repo/WorkFlow Listing Page/Search Information - To Put Ref No' is clicked on

2019-01-03 21:41:57 - [MESSAGE][PASSED] - Object: 'Object Repository/Final Object Repo/WorkFlow Listing Page/Search Information - To Put Ref No' is clicked on

2019-01-03 21:41:57 - [TEST_STEP][PASSED] - delay: Delayed 2 second(s)

2019-01-03 21:41:59 - [MESSAGE][PASSED] - Delayed 2 second(s)

2019-01-03 21:41:59 - [TEST_STEP][PASSED] - callTestCase: Call Test Case 'Test Cases/Final Aug 2018 - PKS Automation/Common/Reference Number Getter' successfully

2019-01-03 21:41:59 - [TEST_CASE][PASSED] - Test Cases/Final Aug 2018 - PKS Automation/Common/Reference Number Getter: Test Cases/Final Aug 2018 - PKS Automation/Common/Reference Number Getter

2019-01-03 21:41:59 - [TEST_STEP][PASSED] - Statement - Try: null

2019-01-03 21:41:59 - [TEST_STEP][PASSED] - Statement - RefNo = new java.io.File(C://Users//Admin//Desktop//PKS//Automation Reference Point//KatalonReference.txt): null

2019-01-03 21:41:59 - [TEST_STEP][PASSED] - Statement - bufferread = new java.io.BufferedReader(new java.io.FileReader(RefNo)): null

2019-01-03 21:41:59 - [TEST_STEP][PASSED] - Statement - readedVal = bufferread.readLine(): null

2019-01-03 21:41:59 - [TEST_STEP][PASSED] - Statement - out.println(CaseReferenceNo): null

2019-01-03 21:41:59 - [TEST_STEP][PASSED] - Statement - out.println(readedVal): null

2019-01-03 21:41:59 - [TEST_STEP][PASSED] - Statement - CaseReferenceNo = "": null

2019-01-03 21:41:59 - [TEST_STEP][PASSED] - Statement - CaseReferenceNo = readedVal: null

2019-01-03 21:41:59 - [MESSAGE][PASSED] - Call Test Case 'Test Cases/Final Aug 2018 - PKS Automation/Common/Reference Number Getter' successfully

2019-01-03 21:41:59 - [TEST_STEP][PASSED] - setText: Text 'CUN012019C100006164' is set on object 'Object Repository/Final Object Repo/WorkFlow Listing Page/Ref No Set Text'

2019-01-03 21:42:00 - [MESSAGE][PASSED] - Text 'CUN012019C100006164' is set on object 'Object Repository/Final Object Repo/WorkFlow Listing Page/Ref No Set Text'

2019-01-03 21:42:00 - [TEST_STEP][PASSED] - delay: Delayed 2 second(s)

2019-01-03 21:42:02 - [MESSAGE][PASSED] - Delayed 2 second(s)

2019-01-03 21:42:02 - [TEST_STEP][PASSED] - click: Object: 'Object Repository/Final Object Repo/WorkFlow Listing Page/Search Ref No Search Button' is clicked on

2019-01-03 21:42:02 - [MESSAGE][PASSED] - Object: 'Object Repository/Final Object Repo/WorkFlow Listing Page/Search Ref No Search Button' is clicked on

2019-01-03 21:42:02 - [TEST_STEP][PASSED] - delay: Delayed 6 second(s)

2019-01-03 21:42:08 - [MESSAGE][PASSED] - Delayed 6 second(s)

2019-01-03 21:42:08 - [TEST_STEP][PASSED] - click: Object: 'Object Repository/Final Object Repo/WorkFlow Listing Page/Click Continue Tooltip' is clicked on

2019-01-03 21:42:09 - [MESSAGE][PASSED] - Object: 'Object Repository/Final Object Repo/WorkFlow Listing Page/Click Continue Tooltip' is clicked on

2019-01-03 21:42:09 - [TEST_STEP][PASSED] - delay: Delayed 5 second(s)

2019-01-03 21:42:14 - [MESSAGE][PASSED] - Delayed 5 second(s)

2019-01-03 21:42:14 - [TEST_STEP][PASSED] - doubleClick: Object: 'Object Repository/Final Object Repo/WorkFlow Listing Page/Workflow Found - Listing 1' is double clicked on

2019-01-03 21:42:14 - [MESSAGE][PASSED] - Object: 'Object Repository/Final Object Repo/WorkFlow Listing Page/Workflow Found - Listing 1' is double clicked on

2019-01-03 21:42:14 - [TEST_STEP][PASSED] - Statement - println(OwnerID): null

2019-01-03 21:42:14 - [TEST_STEP][PASSED] - Statement - OwnerID = com.kms.katalon.core.webui.keyword.WebUiBuiltInKeywords.getText(com.kms.katalon.core.testobject.ObjectRepository.findTestObject(Final Object Repo/WorkFlow Listing Page/Workflow Found - Listing 1), STOP_ON_FAILURE): Text of object 'Object Repository/Final Object Repo/WorkFlow Listing Page/Workflow Found - Listing 1' is: 'JOHORuo2'

2019-01-03 21:42:14 - [MESSAGE][PASSED] - Text of object 'Object Repository/Final Object Repo/WorkFlow Listing Page/Workflow Found - Listing 1' is: 'JOHORuo2'

2019-01-03 21:42:14 - [TEST_STEP][PASSED] - Statement - OwnerID = OwnerID.toLowerCase() + "@gmail.com": null

2019-01-03 21:42:14 - [TEST_STEP][PASSED] - Statement - println(OwnerID): null

2019-01-03 21:42:14 - [TEST_STEP][PASSED] - delay: Delayed 2 second(s)

2019-01-03 21:42:16 - [MESSAGE][PASSED] - Delayed 2 second(s)

2019-01-03 21:42:16 - [MESSAGE][PASSED] - Call Test Case 'Test Cases/Final Aug 2018 - PKS Automation/Common/Workflow Owner Finder' successfully

2019-01-03 21:42:16 - [TEST_STEP][PASSED] - delay: Delayed 2 second(s)

2019-01-03 21:42:18 - [MESSAGE][PASSED] - Delayed 2 second(s)

2019-01-03 21:42:18 - [TEST_STEP][PASSED] - navigateToUrl: Navigate to 'https://assist2-uat.perkeso.gov.my/c/portal/logout' successfully

2019-01-03 21:42:19 - [MESSAGE][PASSED] - Navigate to 'https://assist2-uat.perkeso.gov.my/c/portal/logout' successfully

2019-01-03 21:42:19 - [TEST_STEP][PASSED] - delay: Delayed 2 second(s)

2019-01-03 21:42:21 - [MESSAGE][PASSED] - Delayed 2 second(s)

2019-01-03 21:42:21 - [TEST_STEP][PASSED] - callTestCase: Call Test Case 'Test Cases/Final Aug 2018 - PKS Automation/Registration Module/Workflow/Login and Search Case For Workflow' successfully

2019-01-03 21:42:21 - [TEST_CASE][PASSED] - Test Cases/Final Aug 2018 - PKS Automation/Registration Module/Workflow/Login and Search Case For Workflow: Test Cases/Final Aug 2018 - PKS Automation/Registration Module/Workflow/Login and Search Case For Workflow

2019-01-03 21:42:21 - [TEST_STEP][PASSED] - navigateToUrl: Navigate to 'https://assist2-uat.perkeso.gov.my/login' successfully

2019-01-03 21:42:21 - [MESSAGE][PASSED] - Navigate to 'https://assist2-uat.perkeso.gov.my/login' successfully

2019-01-03 21:42:21 - [TEST_STEP][PASSED] - setText: Text 'johoruo2@gmail.com' is set on object 'Object Repository/Final Object Repo/Login Page/Internal User/Email Address'

2019-01-03 21:42:22 - [MESSAGE][PASSED] - Text 'johoruo2@gmail.com' is set on object 'Object Repository/Final Object Repo/Login Page/Internal User/Email Address'

2019-01-03 21:42:22 - [TEST_STEP][PASSED] - click: Object: 'Object Repository/Final Object Repo/Login Page/Internal User/Next Button' is clicked on

2019-01-03 21:42:22 - [MESSAGE][PASSED] - Object: 'Object Repository/Final Object Repo/Login Page/Internal User/Next Button' is clicked on

2019-01-03 21:42:22 - [TEST_STEP][PASSED] - delay: Delayed 1 second(s)

2019-01-03 21:42:23 - [MESSAGE][PASSED] - Delayed 1 second(s)

2019-01-03 21:42:23 - [TEST_STEP][PASSED] - setEncryptedText: Text ****** has been set on object 'Object Repository/Final Object Repo/Login Page/Internal User/Password'

2019-01-03 21:42:23 - [MESSAGE][PASSED] - Text ****** has been set on object 'Object Repository/Final Object Repo/Login Page/Internal User/Password'

2019-01-03 21:42:23 - [TEST_STEP][PASSED] - click: Object: 'Object Repository/Final Object Repo/Login Page/Internal User/Login Button' is clicked on

2019-01-03 21:42:23 - [MESSAGE][PASSED] - Object: 'Object Repository/Final Object Repo/Login Page/Internal User/Login Button' is clicked on

2019-01-03 21:42:23 - [TEST_STEP][PASSED] - delay: Delayed 2 second(s)

2019-01-03 21:42:25 - [MESSAGE][PASSED] - Delayed 2 second(s)

2019-01-03 21:42:25 - [TEST_STEP][PASSED] - Statement - Try: Delayed 2 second(s)

2019-01-03 21:42:25 - [TEST_STEP][PASSED] - Statement - Checker = false: null

2019-01-03 21:42:25 - [TEST_STEP][PASSED] - Statement - Checker = com.kms.katalon.core.webui.keyword.WebUiBuiltInKeywords.verifyElementHasAttribute(com.kms.katalon.core.testobject.ObjectRepository.findTestObject(Final Object Repo/Landing Page/BM Detecting), "href", 20, OPTIONAL): Object 'Object Repository/Final Object Repo/Landing Page/BM Detecting' has attribute 'href'

2019-01-03 21:42:25 - [MESSAGE][PASSED] - Object 'Object Repository/Final Object Repo/Landing Page/BM Detecting' has attribute 'href'

2019-01-03 21:42:25 - [TEST_STEP][PASSED] - Statement - out.println(Checker): null

2019-01-03 21:42:25 - [TEST_STEP][PASSED] - Statement - If (Checker == false): null

2019-01-03 21:42:25 - [TEST_STEP][PASSED] - Statement - Else: null

2019-01-03 21:42:25 - [TEST_STEP][PASSED] - delay: Delayed 2 second(s)

2019-01-03 21:42:27 - [MESSAGE][PASSED] - Delayed 2 second(s)

2019-01-03 21:42:27 - [TEST_STEP][PASSED] - click: Object: 'Object Repository/Final Object Repo/Page_MyASSIST - ASSIST - Search Pending Case For Add Supporting Document/Search Information' is clicked on

2019-01-03 21:42:27 - [MESSAGE][PASSED] - Object: 'Object Repository/Final Object Repo/Page_MyASSIST - ASSIST - Search Pending Case For Add Supporting Document/Search Information' is clicked on

2019-01-03 21:42:27 - [TEST_STEP][PASSED] - delay: Delayed 3 second(s)

2019-01-03 21:42:30 - [MESSAGE][PASSED] - Delayed 3 second(s)

2019-01-03 21:42:30 - [TEST_STEP][PASSED] - sendKeys: Keys 'CUN012019C100006164' sent to object: 'Object Repository/Final Object Repo/Page_MyASSIST - ASSIST - Search Pending Case For Add Supporting Document/Reference No'

2019-01-03 21:42:31 - [MESSAGE][PASSED] - Keys 'CUN012019C100006164' sent to object: 'Object Repository/Final Object Repo/Page_MyASSIST - ASSIST - Search Pending Case For Add Supporting Document/Reference No'

2019-01-03 21:42:31 - [TEST_STEP][PASSED] - click: Object: 'Object Repository/Final Object Repo/Page_MyASSIST - ASSIST - Search Pending Case For Add Supporting Document/Search Reference No' is clicked on

2019-01-03 21:42:31 - [MESSAGE][PASSED] - Object: 'Object Repository/Final Object Repo/Page_MyASSIST - ASSIST - Search Pending Case For Add Supporting Document/Search Reference No' is clicked on

2019-01-03 21:42:31 - [TEST_STEP][PASSED] - delay: Delayed 2 second(s)

2019-01-03 21:42:33 - [MESSAGE][PASSED] - Delayed 2 second(s)

2019-01-03 21:42:33 - [TEST_STEP][PASSED] - click: Object: 'Object Repository/Final Object Repo/Page_MyASSIST - ASSIST - Search Pending Case For Add Supporting Document/Continue' is clicked on

2019-01-03 21:42:37 - [MESSAGE][PASSED] - Object: 'Object Repository/Final Object Repo/Page_MyASSIST - ASSIST - Search Pending Case For Add Supporting Document/Continue' is clicked on

2019-01-03 21:42:37 - [TEST_STEP][PASSED] - delay: Delayed 20 second(s)

2019-01-03 21:42:57 - [MESSAGE][PASSED] - Delayed 20 second(s)

2019-01-03 21:42:57 - [MESSAGE][PASSED] - Call Test Case 'Test Cases/Final Aug 2018 - PKS Automation/Registration Module/Workflow/Login and Search Case For Workflow' successfully

2019-01-03 21:42:57 - [TEST_STEP][PASSED] - delay: Delayed 2 second(s)

2019-01-03 21:42:59 - [MESSAGE][PASSED] - Delayed 2 second(s)

2019-01-03 21:42:59 - [TEST_STEP][PASSED] - click: Object: 'Object Repository/Final Object Repo/Page_Update Employee Information By Employer/Page_Update Employee Information by Employer (Approve)/Continue' is clicked on

2019-01-03 21:43:02 - [MESSAGE][PASSED] - Object: 'Object Repository/Final Object Repo/Page_Update Employee Information By Employer/Page_Update Employee Information by Employer (Approve)/Continue' is clicked on

2019-01-03 21:43:02 - [TEST_STEP][PASSED] - delay: Delayed 2 second(s)

2019-01-03 21:43:04 - [MESSAGE][PASSED] - Delayed 2 second(s)

2019-01-03 21:43:04 - [TEST_STEP][PASSED] - click: Object: 'Object Repository/Final Object Repo/Page_Update Employee Information By Employer/Page_Update Employee Information by Employer (Approve)/Save  Continue in Update Employee Information Page' is clicked on

2019-01-03 21:43:04 - [MESSAGE][PASSED] - Object: 'Object Repository/Final Object Repo/Page_Update Employee Information By Employer/Page_Update Employee Information by Employer (Approve)/Save  Continue in Update Employee Information Page' is clicked on

2019-01-03 21:43:04 - [TEST_STEP][PASSED] - delay: Delayed 4 second(s)

2019-01-03 21:43:08 - [MESSAGE][PASSED] - Delayed 4 second(s)

2019-01-03 21:43:08 - [TEST_STEP][PASSED] - click: Object: 'Object Repository/Final Object Repo/Page_Update Employee Information By Employer/Page_Update Employee Information by Employer (Approve)/Save  Continue in Upload Supporting Doucument Page' is clicked on

2019-01-03 21:43:09 - [MESSAGE][PASSED] - Object: 'Object Repository/Final Object Repo/Page_Update Employee Information By Employer/Page_Update Employee Information by Employer (Approve)/Save  Continue in Upload Supporting Doucument Page' is clicked on

2019-01-03 21:43:09 - [TEST_STEP][PASSED] - delay: Delayed 2 second(s)

2019-01-03 21:43:11 - [MESSAGE][PASSED] - Delayed 2 second(s)

2019-01-03 21:43:11 - [TEST_STEP][PASSED] - click: Object: 'Object Repository/Final Object Repo/Page_Update Employee Information By Employer/Page_Update Employee Information by Employer (Reject)/Reject' is clicked on

2019-01-03 21:43:12 - [MESSAGE][PASSED] - Object: 'Object Repository/Final Object Repo/Page_Update Employee Information By Employer/Page_Update Employee Information by Employer (Reject)/Reject' is clicked on

2019-01-03 21:43:12 - [TEST_STEP][PASSED] - delay: Delayed 2 second(s)

2019-01-03 21:43:14 - [MESSAGE][PASSED] - Delayed 2 second(s)

2019-01-03 21:43:14 - [TEST_STEP][PASSED] - click: Object: 'Object Repository/Final Object Repo/Page_Update Employee Information By Employer/Page_Update Employee Information by Employer (Approve)/Confirm' is clicked on

2019-01-03 21:43:15 - [MESSAGE][PASSED] - Object: 'Object Repository/Final Object Repo/Page_Update Employee Information By Employer/Page_Update Employee Information by Employer (Approve)/Confirm' is clicked on

2019-01-03 21:43:15 - [TEST_STEP][PASSED] - delay: Delayed 2 second(s)

2019-01-03 21:43:17 - [MESSAGE][PASSED] - Delayed 2 second(s)

2019-01-03 21:43:17 - [TEST_STEP][PASSED] - verifyElementVisible: Object 'Object Repository/Final Object Repo/Page_Update Employee Information By Employer/Page_Update Employee Information by Employer (Reject)/Rejected Messeage This Case has been Rejecte' is visible

2019-01-03 21:43:20 - [MESSAGE][PASSED] - Object 'Object Repository/Final Object Repo/Page_Update Employee Information By Employer/Page_Update Employee Information by Employer (Reject)/Rejected Messeage This Case has been Rejecte' is visible

2019-01-03 21:43:20 - [TEST_STEP][PASSED] - delay: Delayed 2 second(s)

2019-01-03 21:43:22 - [MESSAGE][PASSED] - Delayed 2 second(s)

2019-01-03 21:43:22 - [TEST_STEP][PASSED] - verifyElementVisible: Object 'Object Repository/Final Object Repo/Page_Update Employee Information By Employer/Page_Update Employee Information by Employer (Reject)/Letter of update rejection' is visible

2019-01-03 21:43:22 - [MESSAGE][PASSED] - Object 'Object Repository/Final Object Repo/Page_Update Employee Information By Employer/Page_Update Employee Information by Employer (Reject)/Letter of update rejection' is visible

2019-01-03 21:43:22 - [MESSAGE][PASSED] - Call Test Case 'Test Cases/Final Aug 2018 - PKS Automation/Registration Module/Workflow/Update Employee Information (Employer)/Template/Update Employee Information - Special Case - UO (Reject)' successfully]]></system-out>
         <system-err><![CDATA[]]></system-err>
      </testcase>
      <testcase name="Test Cases/Final Aug 2018 - PKS Automation/Registration Module/Workflow/Update Employee Information (Employer)/PKRBO - UO (Under enforcement)" classname="Test Cases/Final Aug 2018 - PKS Automation/Registration Module/Workflow/Update Employee Information (Employer)/PKRBO - UO (Under enforcement)" status="PASSED">
         <system-out><![CDATA[2019-01-03 21:43:22 - [TEST_CASE][PASSED] - Test Cases/Final Aug 2018 - PKS Automation/Registration Module/Workflow/Update Employee Information (Employer)/PKRBO - UO (Under enforcement): Test Cases/Final Aug 2018 - PKS Automation/Registration Module/Workflow/Update Employee Information (Employer)/PKRBO - UO (Under enforcement)

2019-01-03 21:43:22 - [TEST_STEP][PASSED] - callTestCase: Call Test Case 'Test Cases/Final Aug 2018 - PKS Automation/Registration Module/Workflow/Update Employee Information (Employer)/Template/Update Employer Information - Special Case (PKRBO)' successfully

2019-01-03 21:43:22 - [TEST_CASE][PASSED] - Test Cases/Final Aug 2018 - PKS Automation/Registration Module/Workflow/Update Employee Information (Employer)/Template/Update Employer Information - Special Case (PKRBO): Test Cases/Final Aug 2018 - PKS Automation/Registration Module/Workflow/Update Employee Information (Employer)/Template/Update Employer Information - Special Case (PKRBO)

2019-01-03 21:43:22 - [TEST_STEP][PASSED] - openBrowser: Browser is opened with url: ''

2019-01-03 21:43:22 - [MESSAGE][WARNING] - A browser is already opened. Closing browser and opening a new one

2019-01-03 21:43:26 - [MESSAGE][PASSED] - Browser is opened with url: ''

2019-01-03 21:43:26 - [TEST_STEP][PASSED] - navigateToUrl: Navigate to 'https://assist2-uat.perkeso.gov.my/login' successfully

2019-01-03 21:43:27 - [MESSAGE][PASSED] - Navigate to 'https://assist2-uat.perkeso.gov.my/login' successfully

2019-01-03 21:43:27 - [TEST_STEP][PASSED] - setText: Text 'johorpkrbo1@gmail.com' is set on object 'Object Repository/Final Object Repo/Login Page/Internal User/Email Address'

2019-01-03 21:43:28 - [MESSAGE][PASSED] - Text 'johorpkrbo1@gmail.com' is set on object 'Object Repository/Final Object Repo/Login Page/Internal User/Email Address'

2019-01-03 21:43:28 - [TEST_STEP][PASSED] - click: Object: 'Object Repository/Final Object Repo/Login Page/Internal User/Next Button' is clicked on

2019-01-03 21:43:28 - [MESSAGE][PASSED] - Object: 'Object Repository/Final Object Repo/Login Page/Internal User/Next Button' is clicked on

2019-01-03 21:43:28 - [TEST_STEP][PASSED] - delay: Delayed 1 second(s)

2019-01-03 21:43:29 - [MESSAGE][PASSED] - Delayed 1 second(s)

2019-01-03 21:43:29 - [TEST_STEP][PASSED] - setEncryptedText: Text ****** has been set on object 'Object Repository/Final Object Repo/Login Page/Internal User/Password'

2019-01-03 21:43:29 - [MESSAGE][PASSED] - Text ****** has been set on object 'Object Repository/Final Object Repo/Login Page/Internal User/Password'

2019-01-03 21:43:29 - [TEST_STEP][PASSED] - click: Object: 'Object Repository/Final Object Repo/Login Page/Internal User/Login Button' is clicked on

2019-01-03 21:43:29 - [MESSAGE][PASSED] - Object: 'Object Repository/Final Object Repo/Login Page/Internal User/Login Button' is clicked on

2019-01-03 21:43:29 - [TEST_STEP][PASSED] - Statement - tester = com.kms.katalon.core.testobject.ObjectRepository.findTestObject(Final Object Repo/Landing Page/Select to English): Finding Test Object with id 'Object Repository/Final Object Repo/Landing Page/Select to English'

2019-01-03 21:43:29 - [TEST_STEP][PASSED] - Statement - Try: Delayed 2 second(s)

2019-01-03 21:43:29 - [TEST_STEP][PASSED] - Statement - Checker = com.kms.katalon.core.webui.keyword.WebUiBuiltInKeywords.verifyElementNotPresent(tester, 3): Web element with id: 'Object Repository/Final Object Repo/Landing Page/Select to English' located by 'By.xpath: //a[@class = 'taglib-language-list-text' and @lang = 'en-US' and (contains(text(), 'EN') or contains(., 'EN'))]' is not present after '3' second(s)

2019-01-03 21:43:31 - [MESSAGE][PASSED] - Web element with id: 'Object Repository/Final Object Repo/Landing Page/Select to English' located by 'By.xpath: //a[@class = 'taglib-language-list-text' and @lang = 'en-US' and (contains(text(), 'EN') or contains(., 'EN'))]' is not present after '3' second(s)

2019-01-03 21:43:31 - [TEST_STEP][PASSED] - Statement - If (Checker == false): null

2019-01-03 21:43:31 - [TEST_STEP][PASSED] - delay: Delayed 2 second(s)

2019-01-03 21:43:33 - [MESSAGE][PASSED] - Delayed 2 second(s)

2019-01-03 21:43:33 - [TEST_STEP][PASSED] - delay: Delayed 5 second(s)

2019-01-03 21:43:38 - [MESSAGE][PASSED] - Delayed 5 second(s)

2019-01-03 21:43:38 - [TEST_STEP][PASSED] - navigateToUrl: Navigate to 'https://assist2-uat.perkeso.gov.my/web/registration/update/update-employee-information-employer-' successfully

2019-01-03 21:43:39 - [MESSAGE][PASSED] - Navigate to 'https://assist2-uat.perkeso.gov.my/web/registration/update/update-employee-information-employer-' successfully

2019-01-03 21:43:39 - [TEST_STEP][PASSED] - setText: Text 'E1102001065V' is set on object 'Object Repository/Final Object Repo/Page_Update Employee Information By Employer/Employer Code'

2019-01-03 21:43:39 - [MESSAGE][PASSED] - Text 'E1102001065V' is set on object 'Object Repository/Final Object Repo/Page_Update Employee Information By Employer/Employer Code'

2019-01-03 21:43:39 - [TEST_STEP][PASSED] - click: Object: 'Object Repository/Final Object Repo/Page_Update Employee Information By Employer/Search Employer Code' is clicked on

2019-01-03 21:43:39 - [MESSAGE][PASSED] - Object: 'Object Repository/Final Object Repo/Page_Update Employee Information By Employer/Search Employer Code' is clicked on

2019-01-03 21:43:39 - [TEST_STEP][PASSED] - click: Object: 'Object Repository/Final Object Repo/Page_Update Employee Information By Employer/Edit Button' is clicked on

2019-01-03 21:43:43 - [MESSAGE][PASSED] - Object: 'Object Repository/Final Object Repo/Page_Update Employee Information By Employer/Edit Button' is clicked on

2019-01-03 21:43:43 - [TEST_STEP][PASSED] - click: Object: 'Object Repository/Final Object Repo/Page_Update Employee Information By Employer/Employee Name or New Identification' is clicked on

2019-01-03 21:43:43 - [MESSAGE][PASSED] - Object: 'Object Repository/Final Object Repo/Page_Update Employee Information By Employer/Employee Name or New Identification' is clicked on

2019-01-03 21:43:43 - [TEST_STEP][PASSED] - delay: Delayed 1 second(s)

2019-01-03 21:43:44 - [MESSAGE][PASSED] - Delayed 1 second(s)

2019-01-03 21:43:44 - [TEST_STEP][PASSED] - click: Object: 'Object Repository/Final Object Repo/Page_Update Employee Information By Employer/Selection - Employee Name' is clicked on

2019-01-03 21:43:44 - [MESSAGE][PASSED] - Object: 'Object Repository/Final Object Repo/Page_Update Employee Information By Employer/Selection - Employee Name' is clicked on

2019-01-03 21:43:44 - [TEST_STEP][PASSED] - delay: Delayed 1 second(s)

2019-01-03 21:43:45 - [MESSAGE][PASSED] - Delayed 1 second(s)

2019-01-03 21:43:45 - [TEST_STEP][PASSED] - setText: Text 'PERKESO' is set on object 'Object Repository/Final Object Repo/Page_Update Employee Information By Employer/Employee Name'

2019-01-03 21:43:45 - [MESSAGE][PASSED] - Text 'PERKESO' is set on object 'Object Repository/Final Object Repo/Page_Update Employee Information By Employer/Employee Name'

2019-01-03 21:43:45 - [TEST_STEP][PASSED] - delay: Delayed 2 second(s)

2019-01-03 21:43:47 - [MESSAGE][PASSED] - Delayed 2 second(s)

2019-01-03 21:43:47 - [TEST_STEP][PASSED] - click: Object: 'Object Repository/Final Object Repo/Page_Update Employee Information By Employer/Search Employee' is clicked on

2019-01-03 21:43:48 - [MESSAGE][PASSED] - Object: 'Object Repository/Final Object Repo/Page_Update Employee Information By Employer/Search Employee' is clicked on

2019-01-03 21:43:48 - [TEST_STEP][PASSED] - delay: Delayed 3 second(s)

2019-01-03 21:43:51 - [MESSAGE][PASSED] - Delayed 3 second(s)

2019-01-03 21:43:51 - [TEST_STEP][PASSED] - click: Object: 'Object Repository/Final Object Repo/Page_Update Employee Information By Employer/Employee Edit Button' is clicked on

2019-01-03 21:43:51 - [MESSAGE][PASSED] - Object: 'Object Repository/Final Object Repo/Page_Update Employee Information By Employer/Employee Edit Button' is clicked on

2019-01-03 21:43:51 - [TEST_STEP][PASSED] - delay: Delayed 3 second(s)

2019-01-03 21:43:54 - [MESSAGE][PASSED] - Delayed 3 second(s)

2019-01-03 21:43:54 - [TEST_STEP][PASSED] - setText: Text '' is set on object 'Object Repository/Final Object Repo/Page_Update Employee Information By Employer/Identification Number'

2019-01-03 21:43:54 - [MESSAGE][PASSED] - Text '' is set on object 'Object Repository/Final Object Repo/Page_Update Employee Information By Employer/Identification Number'

2019-01-03 21:43:54 - [TEST_STEP][PASSED] - Statement - rnd = new java.util.Random(): null

2019-01-03 21:43:54 - [TEST_STEP][PASSED] - Statement - snum = rnd.nextInt(899999 + 1) + 100000: null

2019-01-03 21:43:54 - [TEST_STEP][PASSED] - Statement - tnum = rnd.nextInt(899999 + 1) + 100000: null

2019-01-03 21:43:54 - [TEST_STEP][PASSED] - Statement - IC = java.lang.Integer.toString(snum) + java.lang.Integer.toString(tnum): null

2019-01-03 21:43:54 - [TEST_STEP][PASSED] - Statement - out.println(IC): null

2019-01-03 21:43:54 - [TEST_STEP][PASSED] - setText: Text '161477611749' is set on object 'Object Repository/Final Object Repo/Page_Update Employee Information By Employer/Identification Number'

2019-01-03 21:43:54 - [MESSAGE][PASSED] - Text '161477611749' is set on object 'Object Repository/Final Object Repo/Page_Update Employee Information By Employer/Identification Number'

2019-01-03 21:43:54 - [TEST_STEP][PASSED] - click: Object: 'Object Repository/Final Object Repo/Page_Update Employee Information By Employer/Save' is clicked on

2019-01-03 21:43:55 - [MESSAGE][PASSED] - Object: 'Object Repository/Final Object Repo/Page_Update Employee Information By Employer/Save' is clicked on

2019-01-03 21:43:55 - [TEST_STEP][PASSED] - delay: Delayed 5 second(s)

2019-01-03 21:44:00 - [MESSAGE][PASSED] - Delayed 5 second(s)

2019-01-03 21:44:00 - [TEST_STEP][PASSED] - Statement - CaseReferenceNo = com.kms.katalon.core.webui.keyword.WebUiBuiltInKeywords.getText(com.kms.katalon.core.testobject.ObjectRepository.findTestObject(Final Object Repo/Reference Number/Reference Number in Update Employee Information Page)): Text of object 'Object Repository/Final Object Repo/Reference Number/Reference Number in Update Employee Information Page' is: 'CUN012019C100006165'

2019-01-03 21:44:00 - [MESSAGE][PASSED] - Text of object 'Object Repository/Final Object Repo/Reference Number/Reference Number in Update Employee Information Page' is: 'CUN012019C100006165'

2019-01-03 21:44:00 - [TEST_STEP][PASSED] - callTestCase: Call Test Case 'Test Cases/Final Aug 2018 - PKS Automation/Common/Reference Number Setter' successfully

2019-01-03 21:44:00 - [TEST_CASE][PASSED] - Test Cases/Final Aug 2018 - PKS Automation/Common/Reference Number Setter: Test Cases/Final Aug 2018 - PKS Automation/Common/Reference Number Setter

2019-01-03 21:44:00 - [TEST_STEP][PASSED] - Statement - RefNoOldFile = new java.io.File(C://Users//Admin//Desktop//PKS//Automation Reference Point//KatalonReference.txt): null

2019-01-03 21:44:00 - [TEST_STEP][PASSED] - Statement - RefNoOldFile.delete(): null

2019-01-03 21:44:00 - [TEST_STEP][PASSED] - delay: Delayed 5 second(s)

2019-01-03 21:44:05 - [MESSAGE][PASSED] - Delayed 5 second(s)

2019-01-03 21:44:05 - [TEST_STEP][PASSED] - Statement - RefNo = new java.io.File(C://Users//Admin//Desktop//PKS//Automation Reference Point//KatalonReference.txt): null

2019-01-03 21:44:05 - [TEST_STEP][PASSED] - Statement - f2 = new java.io.FileWriter(RefNo, false): null

2019-01-03 21:44:05 - [TEST_STEP][PASSED] - Statement - f2.write(CaseReferenceNo): null

2019-01-03 21:44:05 - [TEST_STEP][PASSED] - Statement - f2.close(): null

2019-01-03 21:44:05 - [TEST_STEP][PASSED] - Statement - out.println("


" + CaseReferenceNo + "


"): null

2019-01-03 21:44:05 - [MESSAGE][PASSED] - Call Test Case 'Test Cases/Final Aug 2018 - PKS Automation/Common/Reference Number Setter' successfully

2019-01-03 21:44:05 - [TEST_STEP][PASSED] - delay: Delayed 5 second(s)

2019-01-03 21:44:10 - [MESSAGE][PASSED] - Delayed 5 second(s)

2019-01-03 21:44:10 - [TEST_STEP][PASSED] - click: Object: 'Object Repository/Final Object Repo/Page_Update Employee Information By Employer/Save  Continue in  Employee Information Page' is clicked on

2019-01-03 21:44:10 - [MESSAGE][PASSED] - Object: 'Object Repository/Final Object Repo/Page_Update Employee Information By Employer/Save  Continue in  Employee Information Page' is clicked on

2019-01-03 21:44:10 - [TEST_STEP][PASSED] - delay: Delayed 5 second(s)

2019-01-03 21:44:15 - [MESSAGE][PASSED] - Delayed 5 second(s)

2019-01-03 21:44:15 - [TEST_STEP][PASSED] - click: Object: 'Object Repository/Final Object Repo/Page_Update Employee Information By Employer/Save  Continue in Uploading Page 1' is clicked on

2019-01-03 21:44:15 - [MESSAGE][PASSED] - Object: 'Object Repository/Final Object Repo/Page_Update Employee Information By Employer/Save  Continue in Uploading Page 1' is clicked on

2019-01-03 21:44:15 - [TEST_STEP][PASSED] - delay: Delayed 5 second(s)

2019-01-03 21:44:20 - [MESSAGE][PASSED] - Delayed 5 second(s)

2019-01-03 21:44:20 - [TEST_STEP][PASSED] - click: Object: 'Object Repository/Final Object Repo/Page_Update Employee Information By Employer/Submit' is clicked on

2019-01-03 21:44:20 - [MESSAGE][PASSED] - Object: 'Object Repository/Final Object Repo/Page_Update Employee Information By Employer/Submit' is clicked on

2019-01-03 21:44:20 - [TEST_STEP][PASSED] - delay: Delayed 5 second(s)

2019-01-03 21:44:25 - [MESSAGE][PASSED] - Delayed 5 second(s)

2019-01-03 21:44:25 - [TEST_STEP][PASSED] - click: Object: 'Object Repository/Final Object Repo/Page_Update Employee Information By Employer/Confirm' is clicked on

2019-01-03 21:44:25 - [MESSAGE][PASSED] - Object: 'Object Repository/Final Object Repo/Page_Update Employee Information By Employer/Confirm' is clicked on

2019-01-03 21:44:25 - [TEST_STEP][PASSED] - delay: Delayed 5 second(s)

2019-01-03 21:44:30 - [MESSAGE][PASSED] - Delayed 5 second(s)

2019-01-03 21:44:30 - [TEST_STEP][PASSED] - verifyElementVisible: Object 'Object Repository/Final Object Repo/Page_Update Employee Information By Employer/Successfull Message Routed to UO' is visible

2019-01-03 21:44:30 - [MESSAGE][PASSED] - Object 'Object Repository/Final Object Repo/Page_Update Employee Information By Employer/Successfull Message Routed to UO' is visible

2019-01-03 21:44:30 - [MESSAGE][PASSED] - Call Test Case 'Test Cases/Final Aug 2018 - PKS Automation/Registration Module/Workflow/Update Employee Information (Employer)/Template/Update Employer Information - Special Case (PKRBO)' successfully

2019-01-03 21:44:30 - [TEST_STEP][PASSED] - callTestCase: Call Test Case 'Test Cases/Final Aug 2018 - PKS Automation/Registration Module/Workflow/Update Employee Information (Employer)/Template/Update Employee Information - Special Case - UO (UnderEnforcement)' successfully

2019-01-03 21:44:30 - [TEST_CASE][PASSED] - Test Cases/Final Aug 2018 - PKS Automation/Registration Module/Workflow/Update Employee Information (Employer)/Template/Update Employee Information - Special Case - UO (UnderEnforcement): Test Cases/Final Aug 2018 - PKS Automation/Registration Module/Workflow/Update Employee Information (Employer)/Template/Update Employee Information - Special Case - UO (UnderEnforcement)

2019-01-03 21:44:31 - [TEST_STEP][NOT_RUN] - callTestCase: NOT_RUN: callTestCase

2019-01-03 21:44:31 - [MESSAGE][NOT_RUN] - NOT_RUN: callTestCase

2019-01-03 21:44:31 - [TEST_STEP][PASSED] - delay: Delayed 2 second(s)

2019-01-03 21:44:33 - [MESSAGE][PASSED] - Delayed 2 second(s)

2019-01-03 21:44:33 - [TEST_STEP][PASSED] - navigateToUrl: Navigate to 'https://assist2-uat.perkeso.gov.my/c/portal/logout' successfully

2019-01-03 21:44:33 - [MESSAGE][PASSED] - Navigate to 'https://assist2-uat.perkeso.gov.my/c/portal/logout' successfully

2019-01-03 21:44:33 - [TEST_STEP][PASSED] - delay: Delayed 2 second(s)

2019-01-03 21:44:35 - [MESSAGE][PASSED] - Delayed 2 second(s)

2019-01-03 21:44:35 - [TEST_STEP][PASSED] - callTestCase: Call Test Case 'Test Cases/Final Aug 2018 - PKS Automation/Common/Reference Number Getter' successfully

2019-01-03 21:44:35 - [TEST_CASE][PASSED] - Test Cases/Final Aug 2018 - PKS Automation/Common/Reference Number Getter: Test Cases/Final Aug 2018 - PKS Automation/Common/Reference Number Getter

2019-01-03 21:44:35 - [TEST_STEP][PASSED] - Statement - Try: null

2019-01-03 21:44:35 - [TEST_STEP][PASSED] - Statement - RefNo = new java.io.File(C://Users//Admin//Desktop//PKS//Automation Reference Point//KatalonReference.txt): null

2019-01-03 21:44:35 - [TEST_STEP][PASSED] - Statement - bufferread = new java.io.BufferedReader(new java.io.FileReader(RefNo)): null

2019-01-03 21:44:35 - [TEST_STEP][PASSED] - Statement - readedVal = bufferread.readLine(): null

2019-01-03 21:44:35 - [TEST_STEP][PASSED] - Statement - out.println(CaseReferenceNo): null

2019-01-03 21:44:35 - [TEST_STEP][PASSED] - Statement - out.println(readedVal): null

2019-01-03 21:44:35 - [TEST_STEP][PASSED] - Statement - CaseReferenceNo = "": null

2019-01-03 21:44:35 - [TEST_STEP][PASSED] - Statement - CaseReferenceNo = readedVal: null

2019-01-03 21:44:35 - [MESSAGE][PASSED] - Call Test Case 'Test Cases/Final Aug 2018 - PKS Automation/Common/Reference Number Getter' successfully

2019-01-03 21:44:35 - [TEST_STEP][PASSED] - callTestCase: Call Test Case 'Test Cases/Final Aug 2018 - PKS Automation/Common/Workflow Owner Finder' successfully

2019-01-03 21:44:35 - [TEST_CASE][PASSED] - Test Cases/Final Aug 2018 - PKS Automation/Common/Workflow Owner Finder: Test Cases/Final Aug 2018 - PKS Automation/Common/Workflow Owner Finder

2019-01-03 21:44:36 - [TEST_STEP][PASSED] - openBrowser: Browser is opened with url: ''

2019-01-03 21:44:36 - [MESSAGE][WARNING] - A browser is already opened. Closing browser and opening a new one

2019-01-03 21:44:39 - [MESSAGE][PASSED] - Browser is opened with url: ''

2019-01-03 21:44:39 - [TEST_STEP][PASSED] - navigateToUrl: Navigate to 'https://assist2-uat.perkeso.gov.my/login' successfully

2019-01-03 21:44:40 - [MESSAGE][PASSED] - Navigate to 'https://assist2-uat.perkeso.gov.my/login' successfully

2019-01-03 21:44:40 - [TEST_STEP][PASSED] - delay: Delayed 5 second(s)

2019-01-03 21:44:45 - [MESSAGE][PASSED] - Delayed 5 second(s)

2019-01-03 21:44:45 - [TEST_STEP][PASSED] - setText: Text 'test@liferay.com' is set on object 'Object Repository/Final Object Repo/Login Page/Internal User/Email Address'

2019-01-03 21:44:46 - [MESSAGE][PASSED] - Text 'test@liferay.com' is set on object 'Object Repository/Final Object Repo/Login Page/Internal User/Email Address'

2019-01-03 21:44:46 - [TEST_STEP][PASSED] - click: Object: 'Object Repository/Final Object Repo/Login Page/Internal User/Next Button' is clicked on

2019-01-03 21:44:46 - [MESSAGE][PASSED] - Object: 'Object Repository/Final Object Repo/Login Page/Internal User/Next Button' is clicked on

2019-01-03 21:44:46 - [TEST_STEP][PASSED] - delay: Delayed 2 second(s)

2019-01-03 21:44:48 - [MESSAGE][PASSED] - Delayed 2 second(s)

2019-01-03 21:44:48 - [TEST_STEP][PASSED] - setText: Text 'test' is set on object 'Object Repository/Final Object Repo/Login Page/Internal User/Password'

2019-01-03 21:44:48 - [MESSAGE][PASSED] - Text 'test' is set on object 'Object Repository/Final Object Repo/Login Page/Internal User/Password'

2019-01-03 21:44:48 - [TEST_STEP][PASSED] - delay: Delayed 2 second(s)

2019-01-03 21:44:50 - [MESSAGE][PASSED] - Delayed 2 second(s)

2019-01-03 21:44:50 - [TEST_STEP][PASSED] - click: Object: 'Object Repository/Final Object Repo/Login Page/Internal User/Login Button' is clicked on

2019-01-03 21:44:50 - [MESSAGE][PASSED] - Object: 'Object Repository/Final Object Repo/Login Page/Internal User/Login Button' is clicked on

2019-01-03 21:44:50 - [TEST_STEP][PASSED] - Statement - tester = com.kms.katalon.core.testobject.ObjectRepository.findTestObject(Final Object Repo/Landing Page/Select to English): Finding Test Object with id 'Object Repository/Final Object Repo/Landing Page/Select to English'

2019-01-03 21:44:50 - [TEST_STEP][PASSED] - Statement - Try: Delayed 2 second(s)

2019-01-03 21:44:50 - [TEST_STEP][PASSED] - Statement - Checker = com.kms.katalon.core.webui.keyword.WebUiBuiltInKeywords.verifyElementNotPresent(tester, 3): Web element with id: 'Object Repository/Final Object Repo/Landing Page/Select to English' located by 'By.xpath: //a[@class = 'taglib-language-list-text' and @lang = 'en-US' and (contains(text(), 'EN') or contains(., 'EN'))]' is not present after '3' second(s)

2019-01-03 21:44:52 - [MESSAGE][PASSED] - Web element with id: 'Object Repository/Final Object Repo/Landing Page/Select to English' located by 'By.xpath: //a[@class = 'taglib-language-list-text' and @lang = 'en-US' and (contains(text(), 'EN') or contains(., 'EN'))]' is not present after '3' second(s)

2019-01-03 21:44:52 - [TEST_STEP][PASSED] - Statement - If (Checker == false): null

2019-01-03 21:44:52 - [TEST_STEP][PASSED] - delay: Delayed 2 second(s)

2019-01-03 21:44:54 - [MESSAGE][PASSED] - Delayed 2 second(s)

2019-01-03 21:44:54 - [TEST_STEP][PASSED] - delay: Delayed 5 second(s)

2019-01-03 21:44:59 - [MESSAGE][PASSED] - Delayed 5 second(s)

2019-01-03 21:44:59 - [TEST_STEP][PASSED] - mouseOver: Object: 'Object Repository/Final Object Repo/Landing Page/WorkFlow Menu' is hovered

2019-01-03 21:44:59 - [MESSAGE][PASSED] - Object: 'Object Repository/Final Object Repo/Landing Page/WorkFlow Menu' is hovered

2019-01-03 21:44:59 - [TEST_STEP][PASSED] - delay: Delayed 2 second(s)

2019-01-03 21:45:01 - [MESSAGE][PASSED] - Delayed 2 second(s)

2019-01-03 21:45:01 - [TEST_STEP][PASSED] - click: Object: 'Object Repository/Final Object Repo/Landing Page/Select to Workflow Listing' is clicked on

2019-01-03 21:45:02 - [MESSAGE][PASSED] - Object: 'Object Repository/Final Object Repo/Landing Page/Select to Workflow Listing' is clicked on

2019-01-03 21:45:02 - [TEST_STEP][PASSED] - delay: Delayed 2 second(s)

2019-01-03 21:45:04 - [MESSAGE][PASSED] - Delayed 2 second(s)

2019-01-03 21:45:04 - [TEST_STEP][PASSED] - click: Object: 'Object Repository/Final Object Repo/WorkFlow Listing Page/Search Information - To Put Ref No' is clicked on

2019-01-03 21:45:04 - [MESSAGE][PASSED] - Object: 'Object Repository/Final Object Repo/WorkFlow Listing Page/Search Information - To Put Ref No' is clicked on

2019-01-03 21:45:04 - [TEST_STEP][PASSED] - delay: Delayed 2 second(s)

2019-01-03 21:45:06 - [MESSAGE][PASSED] - Delayed 2 second(s)

2019-01-03 21:45:06 - [TEST_STEP][PASSED] - callTestCase: Call Test Case 'Test Cases/Final Aug 2018 - PKS Automation/Common/Reference Number Getter' successfully

2019-01-03 21:45:06 - [TEST_CASE][PASSED] - Test Cases/Final Aug 2018 - PKS Automation/Common/Reference Number Getter: Test Cases/Final Aug 2018 - PKS Automation/Common/Reference Number Getter

2019-01-03 21:45:06 - [TEST_STEP][PASSED] - Statement - Try: null

2019-01-03 21:45:06 - [TEST_STEP][PASSED] - Statement - RefNo = new java.io.File(C://Users//Admin//Desktop//PKS//Automation Reference Point//KatalonReference.txt): null

2019-01-03 21:45:06 - [TEST_STEP][PASSED] - Statement - bufferread = new java.io.BufferedReader(new java.io.FileReader(RefNo)): null

2019-01-03 21:45:06 - [TEST_STEP][PASSED] - Statement - readedVal = bufferread.readLine(): null

2019-01-03 21:45:06 - [TEST_STEP][PASSED] - Statement - out.println(CaseReferenceNo): null

2019-01-03 21:45:06 - [TEST_STEP][PASSED] - Statement - out.println(readedVal): null

2019-01-03 21:45:06 - [TEST_STEP][PASSED] - Statement - CaseReferenceNo = "": null

2019-01-03 21:45:06 - [TEST_STEP][PASSED] - Statement - CaseReferenceNo = readedVal: null

2019-01-03 21:45:06 - [MESSAGE][PASSED] - Call Test Case 'Test Cases/Final Aug 2018 - PKS Automation/Common/Reference Number Getter' successfully

2019-01-03 21:45:06 - [TEST_STEP][PASSED] - setText: Text 'CUN012019C100006165' is set on object 'Object Repository/Final Object Repo/WorkFlow Listing Page/Ref No Set Text'

2019-01-03 21:45:07 - [MESSAGE][PASSED] - Text 'CUN012019C100006165' is set on object 'Object Repository/Final Object Repo/WorkFlow Listing Page/Ref No Set Text'

2019-01-03 21:45:07 - [TEST_STEP][PASSED] - delay: Delayed 2 second(s)

2019-01-03 21:45:09 - [MESSAGE][PASSED] - Delayed 2 second(s)

2019-01-03 21:45:09 - [TEST_STEP][PASSED] - click: Object: 'Object Repository/Final Object Repo/WorkFlow Listing Page/Search Ref No Search Button' is clicked on

2019-01-03 21:45:09 - [MESSAGE][PASSED] - Object: 'Object Repository/Final Object Repo/WorkFlow Listing Page/Search Ref No Search Button' is clicked on

2019-01-03 21:45:09 - [TEST_STEP][PASSED] - delay: Delayed 6 second(s)

2019-01-03 21:45:15 - [MESSAGE][PASSED] - Delayed 6 second(s)

2019-01-03 21:45:15 - [TEST_STEP][PASSED] - click: Object: 'Object Repository/Final Object Repo/WorkFlow Listing Page/Click Continue Tooltip' is clicked on

2019-01-03 21:45:16 - [MESSAGE][PASSED] - Object: 'Object Repository/Final Object Repo/WorkFlow Listing Page/Click Continue Tooltip' is clicked on

2019-01-03 21:45:16 - [TEST_STEP][PASSED] - delay: Delayed 5 second(s)

2019-01-03 21:45:21 - [MESSAGE][PASSED] - Delayed 5 second(s)

2019-01-03 21:45:21 - [TEST_STEP][PASSED] - doubleClick: Object: 'Object Repository/Final Object Repo/WorkFlow Listing Page/Workflow Found - Listing 1' is double clicked on

2019-01-03 21:45:21 - [MESSAGE][PASSED] - Object: 'Object Repository/Final Object Repo/WorkFlow Listing Page/Workflow Found - Listing 1' is double clicked on

2019-01-03 21:45:21 - [TEST_STEP][PASSED] - Statement - println(OwnerID): null

2019-01-03 21:45:21 - [TEST_STEP][PASSED] - Statement - OwnerID = com.kms.katalon.core.webui.keyword.WebUiBuiltInKeywords.getText(com.kms.katalon.core.testobject.ObjectRepository.findTestObject(Final Object Repo/WorkFlow Listing Page/Workflow Found - Listing 1), STOP_ON_FAILURE): Text of object 'Object Repository/Final Object Repo/WorkFlow Listing Page/Workflow Found - Listing 1' is: 'JOHORuo3'

2019-01-03 21:45:21 - [MESSAGE][PASSED] - Text of object 'Object Repository/Final Object Repo/WorkFlow Listing Page/Workflow Found - Listing 1' is: 'JOHORuo3'

2019-01-03 21:45:21 - [TEST_STEP][PASSED] - Statement - OwnerID = OwnerID.toLowerCase() + "@gmail.com": null

2019-01-03 21:45:21 - [TEST_STEP][PASSED] - Statement - println(OwnerID): null

2019-01-03 21:45:21 - [TEST_STEP][PASSED] - delay: Delayed 2 second(s)

2019-01-03 21:45:23 - [MESSAGE][PASSED] - Delayed 2 second(s)

2019-01-03 21:45:23 - [MESSAGE][PASSED] - Call Test Case 'Test Cases/Final Aug 2018 - PKS Automation/Common/Workflow Owner Finder' successfully

2019-01-03 21:45:23 - [TEST_STEP][PASSED] - delay: Delayed 2 second(s)

2019-01-03 21:45:25 - [MESSAGE][PASSED] - Delayed 2 second(s)

2019-01-03 21:45:25 - [TEST_STEP][PASSED] - navigateToUrl: Navigate to 'https://assist2-uat.perkeso.gov.my/c/portal/logout' successfully

2019-01-03 21:45:26 - [MESSAGE][PASSED] - Navigate to 'https://assist2-uat.perkeso.gov.my/c/portal/logout' successfully

2019-01-03 21:45:26 - [TEST_STEP][PASSED] - delay: Delayed 2 second(s)

2019-01-03 21:45:28 - [MESSAGE][PASSED] - Delayed 2 second(s)

2019-01-03 21:45:28 - [TEST_STEP][PASSED] - callTestCase: Call Test Case 'Test Cases/Final Aug 2018 - PKS Automation/Registration Module/Workflow/Login and Search Case For Workflow' successfully

2019-01-03 21:45:28 - [TEST_CASE][PASSED] - Test Cases/Final Aug 2018 - PKS Automation/Registration Module/Workflow/Login and Search Case For Workflow: Test Cases/Final Aug 2018 - PKS Automation/Registration Module/Workflow/Login and Search Case For Workflow

2019-01-03 21:45:28 - [TEST_STEP][PASSED] - navigateToUrl: Navigate to 'https://assist2-uat.perkeso.gov.my/login' successfully

2019-01-03 21:45:28 - [MESSAGE][PASSED] - Navigate to 'https://assist2-uat.perkeso.gov.my/login' successfully

2019-01-03 21:45:28 - [TEST_STEP][PASSED] - setText: Text 'johoruo3@gmail.com' is set on object 'Object Repository/Final Object Repo/Login Page/Internal User/Email Address'

2019-01-03 21:45:29 - [MESSAGE][PASSED] - Text 'johoruo3@gmail.com' is set on object 'Object Repository/Final Object Repo/Login Page/Internal User/Email Address'

2019-01-03 21:45:29 - [TEST_STEP][PASSED] - click: Object: 'Object Repository/Final Object Repo/Login Page/Internal User/Next Button' is clicked on

2019-01-03 21:45:29 - [MESSAGE][PASSED] - Object: 'Object Repository/Final Object Repo/Login Page/Internal User/Next Button' is clicked on

2019-01-03 21:45:29 - [TEST_STEP][PASSED] - delay: Delayed 1 second(s)

2019-01-03 21:45:30 - [MESSAGE][PASSED] - Delayed 1 second(s)

2019-01-03 21:45:30 - [TEST_STEP][PASSED] - setEncryptedText: Text ****** has been set on object 'Object Repository/Final Object Repo/Login Page/Internal User/Password'

2019-01-03 21:45:30 - [MESSAGE][PASSED] - Text ****** has been set on object 'Object Repository/Final Object Repo/Login Page/Internal User/Password'

2019-01-03 21:45:30 - [TEST_STEP][PASSED] - click: Object: 'Object Repository/Final Object Repo/Login Page/Internal User/Login Button' is clicked on

2019-01-03 21:45:30 - [MESSAGE][PASSED] - Object: 'Object Repository/Final Object Repo/Login Page/Internal User/Login Button' is clicked on

2019-01-03 21:45:30 - [TEST_STEP][PASSED] - delay: Delayed 2 second(s)

2019-01-03 21:45:32 - [MESSAGE][PASSED] - Delayed 2 second(s)

2019-01-03 21:45:32 - [TEST_STEP][PASSED] - Statement - Try: Delayed 2 second(s)

2019-01-03 21:45:32 - [TEST_STEP][PASSED] - Statement - Checker = false: null

2019-01-03 21:45:32 - [TEST_STEP][PASSED] - Statement - Checker = com.kms.katalon.core.webui.keyword.WebUiBuiltInKeywords.verifyElementHasAttribute(com.kms.katalon.core.testobject.ObjectRepository.findTestObject(Final Object Repo/Landing Page/BM Detecting), "href", 20, OPTIONAL): Object 'Object Repository/Final Object Repo/Landing Page/BM Detecting' has attribute 'href'

2019-01-03 21:45:32 - [MESSAGE][PASSED] - Object 'Object Repository/Final Object Repo/Landing Page/BM Detecting' has attribute 'href'

2019-01-03 21:45:32 - [TEST_STEP][PASSED] - Statement - out.println(Checker): null

2019-01-03 21:45:32 - [TEST_STEP][PASSED] - Statement - If (Checker == false): null

2019-01-03 21:45:32 - [TEST_STEP][PASSED] - Statement - Else: null

2019-01-03 21:45:32 - [TEST_STEP][PASSED] - delay: Delayed 2 second(s)

2019-01-03 21:45:34 - [MESSAGE][PASSED] - Delayed 2 second(s)

2019-01-03 21:45:34 - [TEST_STEP][PASSED] - click: Object: 'Object Repository/Final Object Repo/Page_MyASSIST - ASSIST - Search Pending Case For Add Supporting Document/Search Information' is clicked on

2019-01-03 21:45:35 - [MESSAGE][PASSED] - Object: 'Object Repository/Final Object Repo/Page_MyASSIST - ASSIST - Search Pending Case For Add Supporting Document/Search Information' is clicked on

2019-01-03 21:45:35 - [TEST_STEP][PASSED] - delay: Delayed 3 second(s)

2019-01-03 21:45:38 - [MESSAGE][PASSED] - Delayed 3 second(s)

2019-01-03 21:45:38 - [TEST_STEP][PASSED] - sendKeys: Keys 'CUN012019C100006165' sent to object: 'Object Repository/Final Object Repo/Page_MyASSIST - ASSIST - Search Pending Case For Add Supporting Document/Reference No'

2019-01-03 21:45:38 - [MESSAGE][PASSED] - Keys 'CUN012019C100006165' sent to object: 'Object Repository/Final Object Repo/Page_MyASSIST - ASSIST - Search Pending Case For Add Supporting Document/Reference No'

2019-01-03 21:45:38 - [TEST_STEP][PASSED] - click: Object: 'Object Repository/Final Object Repo/Page_MyASSIST - ASSIST - Search Pending Case For Add Supporting Document/Search Reference No' is clicked on

2019-01-03 21:45:38 - [MESSAGE][PASSED] - Object: 'Object Repository/Final Object Repo/Page_MyASSIST - ASSIST - Search Pending Case For Add Supporting Document/Search Reference No' is clicked on

2019-01-03 21:45:38 - [TEST_STEP][PASSED] - delay: Delayed 2 second(s)

2019-01-03 21:45:40 - [MESSAGE][PASSED] - Delayed 2 second(s)

2019-01-03 21:45:40 - [TEST_STEP][PASSED] - click: Object: 'Object Repository/Final Object Repo/Page_MyASSIST - ASSIST - Search Pending Case For Add Supporting Document/Continue' is clicked on

2019-01-03 21:45:44 - [MESSAGE][PASSED] - Object: 'Object Repository/Final Object Repo/Page_MyASSIST - ASSIST - Search Pending Case For Add Supporting Document/Continue' is clicked on

2019-01-03 21:45:44 - [TEST_STEP][PASSED] - delay: Delayed 20 second(s)

2019-01-03 21:46:04 - [MESSAGE][PASSED] - Delayed 20 second(s)

2019-01-03 21:46:04 - [MESSAGE][PASSED] - Call Test Case 'Test Cases/Final Aug 2018 - PKS Automation/Registration Module/Workflow/Login and Search Case For Workflow' successfully

2019-01-03 21:46:04 - [TEST_STEP][PASSED] - delay: Delayed 2 second(s)

2019-01-03 21:46:06 - [MESSAGE][PASSED] - Delayed 2 second(s)

2019-01-03 21:46:06 - [TEST_STEP][PASSED] - click: Object: 'Object Repository/Final Object Repo/Page_Update Employee Information By Employer/Page_Update Employee Information by Employer (Approve)/Continue' is clicked on

2019-01-03 21:46:10 - [MESSAGE][PASSED] - Object: 'Object Repository/Final Object Repo/Page_Update Employee Information By Employer/Page_Update Employee Information by Employer (Approve)/Continue' is clicked on

2019-01-03 21:46:10 - [TEST_STEP][PASSED] - delay: Delayed 2 second(s)

2019-01-03 21:46:12 - [MESSAGE][PASSED] - Delayed 2 second(s)

2019-01-03 21:46:12 - [TEST_STEP][PASSED] - click: Object: 'Object Repository/Final Object Repo/Page_Update Employee Information By Employer/Page_Update Employee Information by Employer (Approve)/Save  Continue in Update Employee Information Page' is clicked on

2019-01-03 21:46:12 - [MESSAGE][PASSED] - Object: 'Object Repository/Final Object Repo/Page_Update Employee Information By Employer/Page_Update Employee Information by Employer (Approve)/Save  Continue in Update Employee Information Page' is clicked on

2019-01-03 21:46:12 - [TEST_STEP][PASSED] - delay: Delayed 4 second(s)

2019-01-03 21:46:16 - [MESSAGE][PASSED] - Delayed 4 second(s)

2019-01-03 21:46:16 - [TEST_STEP][PASSED] - click: Object: 'Object Repository/Final Object Repo/Page_Update Employee Information By Employer/Page_Update Employee Information by Employer (Approve)/Save  Continue in Upload Supporting Doucument Page' is clicked on

2019-01-03 21:46:16 - [MESSAGE][PASSED] - Object: 'Object Repository/Final Object Repo/Page_Update Employee Information By Employer/Page_Update Employee Information by Employer (Approve)/Save  Continue in Upload Supporting Doucument Page' is clicked on

2019-01-03 21:46:16 - [TEST_STEP][PASSED] - delay: Delayed 2 second(s)

2019-01-03 21:46:18 - [MESSAGE][PASSED] - Delayed 2 second(s)

2019-01-03 21:46:18 - [TEST_STEP][PASSED] - click: Object: 'Object Repository/Final Object Repo/Page_Update Employee Information By Employer/Page_Update Employee Information by Employer (Under enforcement)/Under enforcement' is clicked on

2019-01-03 21:46:20 - [MESSAGE][PASSED] - Object: 'Object Repository/Final Object Repo/Page_Update Employee Information By Employer/Page_Update Employee Information by Employer (Under enforcement)/Under enforcement' is clicked on

2019-01-03 21:46:20 - [TEST_STEP][PASSED] - delay: Delayed 2 second(s)

2019-01-03 21:46:22 - [MESSAGE][PASSED] - Delayed 2 second(s)

2019-01-03 21:46:22 - [TEST_STEP][PASSED] - setText: Text 'Remark' is set on object 'Object Repository/Final Object Repo/Page_Update Employee Information By Employer/Page_Update Employee Information by Employer (Under enforcement)/Under enforcement - Remark'

2019-01-03 21:46:22 - [MESSAGE][PASSED] - Text 'Remark' is set on object 'Object Repository/Final Object Repo/Page_Update Employee Information By Employer/Page_Update Employee Information by Employer (Under enforcement)/Under enforcement - Remark'

2019-01-03 21:46:22 - [TEST_STEP][PASSED] - delay: Delayed 2 second(s)

2019-01-03 21:46:24 - [MESSAGE][PASSED] - Delayed 2 second(s)

2019-01-03 21:46:24 - [TEST_STEP][PASSED] - click: Object: 'Object Repository/Final Object Repo/Page_Update Employee Information By Employer/Page_Update Employee Information by Employer (Under enforcement)/Save  Continu in Under enforcement Page' is clicked on

2019-01-03 21:46:24 - [MESSAGE][PASSED] - Object: 'Object Repository/Final Object Repo/Page_Update Employee Information By Employer/Page_Update Employee Information by Employer (Under enforcement)/Save  Continu in Under enforcement Page' is clicked on

2019-01-03 21:46:24 - [TEST_STEP][PASSED] - delay: Delayed 2 second(s)

2019-01-03 21:46:26 - [MESSAGE][PASSED] - Delayed 2 second(s)

2019-01-03 21:46:26 - [TEST_STEP][PASSED] - click: Object: 'Object Repository/Final Object Repo/Page_Update Employee Information By Employer/Page_Update Employee Information by Employer (Under enforcement)/Under enforceme Message The case is under enforcement' is clicked on

2019-01-03 21:46:27 - [MESSAGE][PASSED] - Object: 'Object Repository/Final Object Repo/Page_Update Employee Information By Employer/Page_Update Employee Information by Employer (Under enforcement)/Under enforceme Message The case is under enforcement' is clicked on

2019-01-03 21:46:27 - [TEST_STEP][PASSED] - click: Object: 'Object Repository/Final Object Repo/Page_Update Employee Information By Employer/Page_Update Employee Information by Employer (Under enforcement)/Under enforcement - OK button' is clicked on

2019-01-03 21:46:28 - [MESSAGE][PASSED] - Object: 'Object Repository/Final Object Repo/Page_Update Employee Information By Employer/Page_Update Employee Information by Employer (Under enforcement)/Under enforcement - OK button' is clicked on

2019-01-03 21:46:28 - [MESSAGE][PASSED] - Call Test Case 'Test Cases/Final Aug 2018 - PKS Automation/Registration Module/Workflow/Update Employee Information (Employer)/Template/Update Employee Information - Special Case - UO (UnderEnforcement)' successfully]]></system-out>
         <system-err><![CDATA[]]></system-err>
      </testcase>
      <system-out><![CDATA[2019-01-03 20:18:07 - [TEST_SUITE][PASSED] - Update Employee Information (Employer): Test Cases/Final Aug 2018 - PKS Automation/Registration Module/Workflow/Update Employee Information (Employer)/PKRBO - UO (Under enforcement)]]></system-out>
      <system-err><![CDATA[]]></system-err>
   </testsuite>
</testsuites>
