<?xml version="1.0" encoding="UTF-8"?>
<testsuites name="New Registration" time="7963" tests="9" failures="4" errors="0">
   <testsuite name="New Registration" tests="9" failures="4" errors="0" time="7963" timestamp="2019-01-09 10:41:59" hostname="Admin - Win7Test02" id="Test Suites/Workflow/New Registration">
      <properties>
         <property name="deviceName" value=""/>
         <property name="devicePlatform" value=""/>
         <property name="logFolder" value="C:\\Users\\Admin\\Desktop\\PKS\\Perkeso Phase A\\Reports\\Workflow\\New Registration\\20190109_104156"/>
         <property name="logFiles" value="C:\\Users\\Admin\\Desktop\\PKS\\Perkeso Phase A\\Reports\\Workflow\\New Registration\\20190109_104156\\execution0.log, C:\\Users\\Admin\\Desktop\\PKS\\Perkeso Phase A\\Reports\\Workflow\\New Registration\\20190109_104156\\execution1.log"/>
         <property name="attachments" value="C:\\Users\\Admin\\Desktop\\PKS\\Perkeso Phase A\\Reports\\Workflow\\New Registration\\20190109_104156\\1547004114676.png, C:\\Users\\Admin\\Desktop\\PKS\\Perkeso Phase A\\Reports\\Workflow\\New Registration\\20190109_104156\\1547004200696.png, C:\\Users\\Admin\\Desktop\\PKS\\Perkeso Phase A\\Reports\\Workflow\\New Registration\\20190109_104156\\1547005808873.png, C:\\Users\\Admin\\Desktop\\PKS\\Perkeso Phase A\\Reports\\Workflow\\New Registration\\20190109_104156\\1547005893491.png, C:\\Users\\Admin\\Desktop\\PKS\\Perkeso Phase A\\Reports\\Workflow\\New Registration\\20190109_104156\\1547007142805.png, C:\\Users\\Admin\\Desktop\\PKS\\Perkeso Phase A\\Reports\\Workflow\\New Registration\\20190109_104156\\1547007811874.png, C:\\Users\\Admin\\Desktop\\PKS\\Perkeso Phase A\\Reports\\Workflow\\New Registration\\20190109_104156\\1547007860684.png, C:\\Users\\Admin\\Desktop\\PKS\\Perkeso Phase A\\Reports\\Workflow\\New Registration\\20190109_104156\\1547007903897.png, C:\\Users\\Admin\\Desktop\\PKS\\Perkeso Phase A\\Reports\\Workflow\\New Registration\\20190109_104156\\1547007936290.png, C:\\Users\\Admin\\Desktop\\PKS\\Perkeso Phase A\\Reports\\Workflow\\New Registration\\20190109_104156\\1547007994921.png, C:\\Users\\Admin\\Desktop\\PKS\\Perkeso Phase A\\Reports\\Workflow\\New Registration\\20190109_104156\\1547008028291.png, C:\\Users\\Admin\\Desktop\\PKS\\Perkeso Phase A\\Reports\\Workflow\\New Registration\\20190109_104156\\1547008061672.png, C:\\Users\\Admin\\Desktop\\PKS\\Perkeso Phase A\\Reports\\Workflow\\New Registration\\20190109_104156\\1547008094496.png, C:\\Users\\Admin\\Desktop\\PKS\\Perkeso Phase A\\Reports\\Workflow\\New Registration\\20190109_104156\\1547008127804.png, C:\\Users\\Admin\\Desktop\\PKS\\Perkeso Phase A\\Reports\\Workflow\\New Registration\\20190109_104156\\1547008160951.png, C:\\Users\\Admin\\Desktop\\PKS\\Perkeso Phase A\\Reports\\Workflow\\New Registration\\20190109_104156\\1547008194339.png, C:\\Users\\Admin\\Desktop\\PKS\\Perkeso Phase A\\Reports\\Workflow\\New Registration\\20190109_104156\\1547008227986.png, C:\\Users\\Admin\\Desktop\\PKS\\Perkeso Phase A\\Reports\\Workflow\\New Registration\\20190109_104156\\1547008264365.png, C:\\Users\\Admin\\Desktop\\PKS\\Perkeso Phase A\\Reports\\Workflow\\New Registration\\20190109_104156\\1547008299738.png, C:\\Users\\Admin\\Desktop\\PKS\\Perkeso Phase A\\Reports\\Workflow\\New Registration\\20190109_104156\\1547008371686.png"/>
         <property name="hostName" value="Admin - Win7Test02"/>
         <property name="os" value="Windows 7 64bit"/>
         <property name="katalonVersion" value="5.8.6.1"/>
         <property name="browser" value="Chrome 71.0.3578.98"/>
         <property name="hostAddress" value="10.20.3.72"/>
         <property name="sessionId" value="11d7504f644252493bd2e203220585ae"/>
         <property name="seleniumVersion" value="3.7.1"/>
         <property name="proxyInformation" value="ProxyInformation{proxyOption=NO_PROXY, proxyServerType=HTTP, password=, proxyServerAddress=, proxyServerPort=0}"/>
         <property name="platform" value="Windows 7"/>
      </properties>
      <testcase name="Test Cases/Final Aug 2018 - PKS Automation/Registration Module/Workflow/New Registration - OTC to PKRBO (Incomplete)" classname="Test Cases/Final Aug 2018 - PKS Automation/Registration Module/Workflow/New Registration - OTC to PKRBO (Incomplete)" status="PASSED">
         <system-out><![CDATA[2019-01-09 10:42:00 - [TEST_CASE][PASSED] - Test Cases/Final Aug 2018 - PKS Automation/Registration Module/Workflow/New Registration - OTC to PKRBO (Incomplete): Test Cases/Final Aug 2018 - PKS Automation/Registration Module/Workflow/New Registration - OTC to PKRBO (Incomplete)

2019-01-09 10:42:00 - [TEST_STEP][PASSED] - callTestCase: Call Test Case 'Test Cases/Final Aug 2018 - PKS Automation/Registration Module/New Registration/Form 1/Form 1 - Corporation - BHD' successfully

2019-01-09 10:42:01 - [TEST_CASE][PASSED] - Test Cases/Final Aug 2018 - PKS Automation/Registration Module/New Registration/Form 1/Form 1 - Corporation - BHD: Test Cases/Final Aug 2018 - PKS Automation/Registration Module/New Registration/Form 1/Form 1 - Corporation - BHD

2019-01-09 10:42:01 - [TEST_STEP][PASSED] - openBrowser: Browser is opened with url: ''

2019-01-09 10:42:05 - [MESSAGE][PASSED] - Browser is opened with url: ''

2019-01-09 10:42:05 - [TEST_STEP][PASSED] - navigateToUrl: Navigate to 'https://assist2-uat.perkeso.gov.my/login' successfully

2019-01-09 10:42:06 - [MESSAGE][PASSED] - Navigate to 'https://assist2-uat.perkeso.gov.my/login' successfully

2019-01-09 10:42:06 - [TEST_STEP][PASSED] - setText: Text 'johorotc1@gmail.com' is set on object 'Object Repository/Final Object Repo/Login Page/Internal User/Email Address'

2019-01-09 10:42:07 - [MESSAGE][PASSED] - Text 'johorotc1@gmail.com' is set on object 'Object Repository/Final Object Repo/Login Page/Internal User/Email Address'

2019-01-09 10:42:07 - [TEST_STEP][PASSED] - click: Object: 'Object Repository/Final Object Repo/Login Page/Internal User/Next Button' is clicked on

2019-01-09 10:42:07 - [MESSAGE][PASSED] - Object: 'Object Repository/Final Object Repo/Login Page/Internal User/Next Button' is clicked on

2019-01-09 10:42:07 - [TEST_STEP][PASSED] - delay: Delayed 1 second(s)

2019-01-09 10:42:08 - [MESSAGE][PASSED] - Delayed 1 second(s)

2019-01-09 10:42:08 - [TEST_STEP][PASSED] - setEncryptedText: Text ****** has been set on object 'Object Repository/Final Object Repo/Login Page/Internal User/Password'

2019-01-09 10:42:14 - [MESSAGE][PASSED] - Text ****** has been set on object 'Object Repository/Final Object Repo/Login Page/Internal User/Password'

2019-01-09 10:42:14 - [TEST_STEP][PASSED] - click: Object: 'Object Repository/Final Object Repo/Login Page/Internal User/Login Button' is clicked on

2019-01-09 10:42:14 - [MESSAGE][PASSED] - Object: 'Object Repository/Final Object Repo/Login Page/Internal User/Login Button' is clicked on

2019-01-09 10:42:14 - [TEST_STEP][PASSED] - delay: Delayed 1 second(s)

2019-01-09 10:42:15 - [MESSAGE][PASSED] - Delayed 1 second(s)

2019-01-09 10:42:15 - [TEST_STEP][PASSED] - Statement - Try: Delayed 2 second(s)

2019-01-09 10:42:15 - [TEST_STEP][PASSED] - Statement - Checker = false: null

2019-01-09 10:42:15 - [TEST_STEP][PASSED] - Statement - Checker = com.kms.katalon.core.webui.keyword.WebUiBuiltInKeywords.verifyElementHasAttribute(com.kms.katalon.core.testobject.ObjectRepository.findTestObject(Final Object Repo/Landing Page/BM Detecting), "href", 20, OPTIONAL): Object 'Object Repository/Final Object Repo/Landing Page/BM Detecting' has attribute 'href'

2019-01-09 10:42:17 - [MESSAGE][PASSED] - Object 'Object Repository/Final Object Repo/Landing Page/BM Detecting' has attribute 'href'

2019-01-09 10:42:17 - [TEST_STEP][PASSED] - Statement - out.println(Checker): null

2019-01-09 10:42:17 - [TEST_STEP][PASSED] - Statement - If (Checker == false): null

2019-01-09 10:42:17 - [TEST_STEP][PASSED] - Statement - Else: null

2019-01-09 10:42:17 - [TEST_STEP][PASSED] - delay: Delayed 2 second(s)

2019-01-09 10:42:19 - [MESSAGE][PASSED] - Delayed 2 second(s)

2019-01-09 10:42:19 - [TEST_STEP][PASSED] - navigateToUrl: Navigate to 'https://assist2-uat.perkeso.gov.my/web/registration/registration' successfully

2019-01-09 10:42:20 - [MESSAGE][PASSED] - Navigate to 'https://assist2-uat.perkeso.gov.my/web/registration/registration' successfully

2019-01-09 10:42:20 - [TEST_STEP][PASSED] - click: Object: 'Object Repository/Final Object Repo/New Registration - Registration Module Pages/Form 1/AEC - No' is clicked on

2019-01-09 10:42:21 - [MESSAGE][PASSED] - Object: 'Object Repository/Final Object Repo/New Registration - Registration Module Pages/Form 1/AEC - No' is clicked on

2019-01-09 10:42:21 - [TEST_STEP][PASSED] - click: Object: 'Object Repository/Final Object Repo/New Registration - Registration Module Pages/Form 1/Business Entity' is clicked on

2019-01-09 10:42:21 - [MESSAGE][PASSED] - Object: 'Object Repository/Final Object Repo/New Registration - Registration Module Pages/Form 1/Business Entity' is clicked on

2019-01-09 10:42:21 - [TEST_STEP][PASSED] - click: Object: 'Object Repository/Final Object Repo/New Registration - Registration Module Pages/Form 1/Businees Entity - Corporation' is clicked on

2019-01-09 10:42:21 - [MESSAGE][PASSED] - Object: 'Object Repository/Final Object Repo/New Registration - Registration Module Pages/Form 1/Businees Entity - Corporation' is clicked on

2019-01-09 10:42:21 - [TEST_STEP][PASSED] - delay: Delayed 1 second(s)

2019-01-09 10:42:22 - [MESSAGE][PASSED] - Delayed 1 second(s)

2019-01-09 10:42:22 - [TEST_STEP][PASSED] - click: Object: 'Object Repository/Final Object Repo/New Registration - Registration Module Pages/Form 1/Sub Business Entity' is clicked on

2019-01-09 10:42:22 - [MESSAGE][PASSED] - Object: 'Object Repository/Final Object Repo/New Registration - Registration Module Pages/Form 1/Sub Business Entity' is clicked on

2019-01-09 10:42:22 - [TEST_STEP][PASSED] - click: Object: 'Object Repository/Final Object Repo/New Registration - Registration Module Pages/Form 1/Sub Business Entity - Berhad' is clicked on

2019-01-09 10:42:23 - [MESSAGE][PASSED] - Object: 'Object Repository/Final Object Repo/New Registration - Registration Module Pages/Form 1/Sub Business Entity - Berhad' is clicked on

2019-01-09 10:42:23 - [TEST_STEP][PASSED] - delay: Delayed 1 second(s)

2019-01-09 10:42:24 - [MESSAGE][PASSED] - Delayed 1 second(s)

2019-01-09 10:42:24 - [TEST_STEP][PASSED] - setText: Text '123' is set on object 'Object Repository/Final Object Repo/New Registration - Registration Module Pages/Form 1/Registration Number'

2019-01-09 10:42:24 - [MESSAGE][PASSED] - Text '123' is set on object 'Object Repository/Final Object Repo/New Registration - Registration Module Pages/Form 1/Registration Number'

2019-01-09 10:42:24 - [TEST_STEP][PASSED] - click: Object: 'Object Repository/Final Object Repo/New Registration - Registration Module Pages/Form 1/Registred with SSM - Before Feb' is clicked on

2019-01-09 10:42:24 - [MESSAGE][PASSED] - Object: 'Object Repository/Final Object Repo/New Registration - Registration Module Pages/Form 1/Registred with SSM - Before Feb' is clicked on

2019-01-09 10:42:24 - [TEST_STEP][PASSED] - click: Object: 'Object Repository/Final Object Repo/New Registration - Registration Module Pages/Form 1/Registered As a Branch - Yes' is clicked on

2019-01-09 10:42:24 - [MESSAGE][PASSED] - Object: 'Object Repository/Final Object Repo/New Registration - Registration Module Pages/Form 1/Registered As a Branch - Yes' is clicked on

2019-01-09 10:42:24 - [TEST_STEP][PASSED] - click: Object: 'Object Repository/Final Object Repo/New Registration - Registration Module Pages/Form 1/Acknowledgement' is clicked on

2019-01-09 10:42:24 - [MESSAGE][PASSED] - Object: 'Object Repository/Final Object Repo/New Registration - Registration Module Pages/Form 1/Acknowledgement' is clicked on

2019-01-09 10:42:24 - [TEST_STEP][PASSED] - setText: Text 'perkeso' is set on object 'Object Repository/Final Object Repo/New Registration - Registration Module Pages/Form 1/Industry name'

2019-01-09 10:42:25 - [MESSAGE][PASSED] - Text 'perkeso' is set on object 'Object Repository/Final Object Repo/New Registration - Registration Module Pages/Form 1/Industry name'

2019-01-09 10:42:25 - [TEST_STEP][PASSED] - setText: Text 'perkeso1' is set on object 'Object Repository/Final Object Repo/New Registration - Registration Module Pages/Form 1/Postal Address1'

2019-01-09 10:42:25 - [MESSAGE][PASSED] - Text 'perkeso1' is set on object 'Object Repository/Final Object Repo/New Registration - Registration Module Pages/Form 1/Postal Address1'

2019-01-09 10:42:25 - [TEST_STEP][PASSED] - setText: Text 'perkeso2' is set on object 'Object Repository/Final Object Repo/New Registration - Registration Module Pages/Form 1/Postal Address2'

2019-01-09 10:42:26 - [MESSAGE][PASSED] - Text 'perkeso2' is set on object 'Object Repository/Final Object Repo/New Registration - Registration Module Pages/Form 1/Postal Address2'

2019-01-09 10:42:26 - [TEST_STEP][PASSED] - setText: Text 'perkeso3' is set on object 'Object Repository/Final Object Repo/New Registration - Registration Module Pages/Form 1/Postal Address3'

2019-01-09 10:42:26 - [MESSAGE][PASSED] - Text 'perkeso3' is set on object 'Object Repository/Final Object Repo/New Registration - Registration Module Pages/Form 1/Postal Address3'

2019-01-09 10:42:26 - [TEST_STEP][PASSED] - click: Object: 'Object Repository/Final Object Repo/New Registration - Registration Module Pages/Form 1/State' is clicked on

2019-01-09 10:42:26 - [MESSAGE][PASSED] - Object: 'Object Repository/Final Object Repo/New Registration - Registration Module Pages/Form 1/State' is clicked on

2019-01-09 10:42:26 - [TEST_STEP][PASSED] - click: Object: 'Object Repository/Final Object Repo/New Registration - Registration Module Pages/Form 1/State - Johor' is clicked on

2019-01-09 10:42:26 - [MESSAGE][PASSED] - Object: 'Object Repository/Final Object Repo/New Registration - Registration Module Pages/Form 1/State - Johor' is clicked on

2019-01-09 10:42:26 - [TEST_STEP][PASSED] - delay: Delayed 1 second(s)

2019-01-09 10:42:27 - [MESSAGE][PASSED] - Delayed 1 second(s)

2019-01-09 10:42:27 - [TEST_STEP][PASSED] - click: Object: 'Object Repository/Final Object Repo/New Registration - Registration Module Pages/Form 1/City' is clicked on

2019-01-09 10:42:28 - [MESSAGE][PASSED] - Object: 'Object Repository/Final Object Repo/New Registration - Registration Module Pages/Form 1/City' is clicked on

2019-01-09 10:42:28 - [TEST_STEP][PASSED] - setText: Text 'joh' is set on object 'Object Repository/Final Object Repo/New Registration - Registration Module Pages/Form 1/Postcode - 810'

2019-01-09 10:42:28 - [MESSAGE][PASSED] - Text 'joh' is set on object 'Object Repository/Final Object Repo/New Registration - Registration Module Pages/Form 1/Postcode - 810'

2019-01-09 10:42:28 - [TEST_STEP][PASSED] - delay: Delayed 1 second(s)

2019-01-09 10:42:29 - [MESSAGE][PASSED] - Delayed 1 second(s)

2019-01-09 10:42:29 - [TEST_STEP][PASSED] - click: Object: 'Object Repository/Final Object Repo/New Registration - Registration Module Pages/Form 1/City - Johor Bharu' is clicked on

2019-01-09 10:42:29 - [MESSAGE][PASSED] - Object: 'Object Repository/Final Object Repo/New Registration - Registration Module Pages/Form 1/City - Johor Bharu' is clicked on

2019-01-09 10:42:29 - [TEST_STEP][PASSED] - delay: Delayed 1 second(s)

2019-01-09 10:42:30 - [MESSAGE][PASSED] - Delayed 1 second(s)

2019-01-09 10:42:30 - [TEST_STEP][PASSED] - click: Object: 'Object Repository/Final Object Repo/New Registration - Registration Module Pages/Form 1/Postcode' is clicked on

2019-01-09 10:42:30 - [MESSAGE][PASSED] - Object: 'Object Repository/Final Object Repo/New Registration - Registration Module Pages/Form 1/Postcode' is clicked on

2019-01-09 10:42:30 - [TEST_STEP][PASSED] - delay: Delayed 1 second(s)

2019-01-09 10:42:31 - [MESSAGE][PASSED] - Delayed 1 second(s)

2019-01-09 10:42:31 - [TEST_STEP][PASSED] - setText: Text '810' is set on object 'Object Repository/Final Object Repo/New Registration - Registration Module Pages/Form 1/Postcode - 810'

2019-01-09 10:42:31 - [MESSAGE][PASSED] - Text '810' is set on object 'Object Repository/Final Object Repo/New Registration - Registration Module Pages/Form 1/Postcode - 810'

2019-01-09 10:42:31 - [TEST_STEP][PASSED] - delay: Delayed 3 second(s)

2019-01-09 10:42:34 - [MESSAGE][PASSED] - Delayed 3 second(s)

2019-01-09 10:42:34 - [TEST_STEP][PASSED] - click: Object: 'Object Repository/Final Object Repo/New Registration - Registration Module Pages/Form 1/Postcode - 81000' is clicked on

2019-01-09 10:42:35 - [MESSAGE][PASSED] - Object: 'Object Repository/Final Object Repo/New Registration - Registration Module Pages/Form 1/Postcode - 81000' is clicked on

2019-01-09 10:42:35 - [TEST_STEP][PASSED] - delay: Delayed 1 second(s)

2019-01-09 10:42:36 - [MESSAGE][PASSED] - Delayed 1 second(s)

2019-01-09 10:42:36 - [TEST_STEP][PASSED] - setText: Text '100' is set on object 'Object Repository/Final Object Repo/New Registration - Registration Module Pages/Form 1/P.O.BOX'

2019-01-09 10:42:36 - [MESSAGE][PASSED] - Text '100' is set on object 'Object Repository/Final Object Repo/New Registration - Registration Module Pages/Form 1/P.O.BOX'

2019-01-09 10:42:36 - [TEST_STEP][PASSED] - setText: Text '100' is set on object 'Object Repository/Final Object Repo/New Registration - Registration Module Pages/Form 1/Locked Bag No'

2019-01-09 10:42:36 - [MESSAGE][PASSED] - Text '100' is set on object 'Object Repository/Final Object Repo/New Registration - Registration Module Pages/Form 1/Locked Bag No'

2019-01-09 10:42:36 - [TEST_STEP][PASSED] - click: Object: 'Object Repository/Final Object Repo/New Registration - Registration Module Pages/Form 1/SOCSO Office Location' is clicked on

2019-01-09 10:42:37 - [MESSAGE][PASSED] - Object: 'Object Repository/Final Object Repo/New Registration - Registration Module Pages/Form 1/SOCSO Office Location' is clicked on

2019-01-09 10:42:37 - [TEST_STEP][PASSED] - click: Object: 'Object Repository/Final Object Repo/New Registration - Registration Module Pages/Form 1/SOCSO Office Location - Pejabat PERKESO Negeri Johor' is clicked on

2019-01-09 10:42:37 - [MESSAGE][PASSED] - Object: 'Object Repository/Final Object Repo/New Registration - Registration Module Pages/Form 1/SOCSO Office Location - Pejabat PERKESO Negeri Johor' is clicked on

2019-01-09 10:42:37 - [TEST_STEP][PASSED] - delay: Delayed 1 second(s)

2019-01-09 10:42:38 - [MESSAGE][PASSED] - Delayed 1 second(s)

2019-01-09 10:42:38 - [TEST_STEP][PASSED] - check: Object 'Object Repository/Final Object Repo/New Registration - Registration Module Pages/Form 1/Indusrty Address Same As Postal Address' is checked

2019-01-09 10:42:38 - [MESSAGE][PASSED] - Object 'Object Repository/Final Object Repo/New Registration - Registration Module Pages/Form 1/Indusrty Address Same As Postal Address' is checked

2019-01-09 10:42:38 - [TEST_STEP][PASSED] - delay: Delayed 3 second(s)

2019-01-09 10:42:41 - [MESSAGE][PASSED] - Delayed 3 second(s)

2019-01-09 10:42:41 - [TEST_STEP][PASSED] - click: Object: 'Object Repository/Final Object Repo/New Registration - Registration Module Pages/Form 1/Indusry Address Same As Postal Address False' is clicked on

2019-01-09 10:42:41 - [MESSAGE][PASSED] - Object: 'Object Repository/Final Object Repo/New Registration - Registration Module Pages/Form 1/Indusry Address Same As Postal Address False' is clicked on

2019-01-09 10:42:41 - [TEST_STEP][PASSED] - delay: Delayed 1 second(s)

2019-01-09 10:42:42 - [MESSAGE][PASSED] - Delayed 1 second(s)

2019-01-09 10:42:42 - [TEST_STEP][PASSED] - setText: Text 'perkeso1' is set on object 'Object Repository/Final Object Repo/New Registration - Registration Module Pages/Form 1/Industry Address1'

2019-01-09 10:42:43 - [MESSAGE][PASSED] - Text 'perkeso1' is set on object 'Object Repository/Final Object Repo/New Registration - Registration Module Pages/Form 1/Industry Address1'

2019-01-09 10:42:43 - [TEST_STEP][PASSED] - setText: Text 'perkeso2' is set on object 'Object Repository/Final Object Repo/New Registration - Registration Module Pages/Form 1/Industry Address2'

2019-01-09 10:42:43 - [MESSAGE][PASSED] - Text 'perkeso2' is set on object 'Object Repository/Final Object Repo/New Registration - Registration Module Pages/Form 1/Industry Address2'

2019-01-09 10:42:43 - [TEST_STEP][PASSED] - setText: Text 'perkeso3' is set on object 'Object Repository/Final Object Repo/New Registration - Registration Module Pages/Form 1/Industry Address3'

2019-01-09 10:42:43 - [MESSAGE][PASSED] - Text 'perkeso3' is set on object 'Object Repository/Final Object Repo/New Registration - Registration Module Pages/Form 1/Industry Address3'

2019-01-09 10:42:43 - [TEST_STEP][PASSED] - click: Object: 'Object Repository/Final Object Repo/New Registration - Registration Module Pages/Form 1/Industry State' is clicked on

2019-01-09 10:42:44 - [MESSAGE][PASSED] - Object: 'Object Repository/Final Object Repo/New Registration - Registration Module Pages/Form 1/Industry State' is clicked on

2019-01-09 10:42:44 - [TEST_STEP][PASSED] - delay: Delayed 2 second(s)

2019-01-09 10:42:46 - [MESSAGE][PASSED] - Delayed 2 second(s)

2019-01-09 10:42:46 - [TEST_STEP][PASSED] - click: Object: 'Object Repository/Final Object Repo/New Registration - Registration Module Pages/Form 1/Industry State - Johor' is clicked on

2019-01-09 10:42:46 - [MESSAGE][PASSED] - Object: 'Object Repository/Final Object Repo/New Registration - Registration Module Pages/Form 1/Industry State - Johor' is clicked on

2019-01-09 10:42:46 - [TEST_STEP][PASSED] - delay: Delayed 2 second(s)

2019-01-09 10:42:48 - [MESSAGE][PASSED] - Delayed 2 second(s)

2019-01-09 10:42:48 - [TEST_STEP][PASSED] - click: Object: 'Object Repository/Final Object Repo/New Registration - Registration Module Pages/Form 1/Industry Ciry' is clicked on

2019-01-09 10:42:48 - [MESSAGE][PASSED] - Object: 'Object Repository/Final Object Repo/New Registration - Registration Module Pages/Form 1/Industry Ciry' is clicked on

2019-01-09 10:42:48 - [TEST_STEP][PASSED] - setText: Text 'joh' is set on object 'Object Repository/Final Object Repo/New Registration - Registration Module Pages/Form 1/Industry Ciry - joh'

2019-01-09 10:42:48 - [MESSAGE][PASSED] - Text 'joh' is set on object 'Object Repository/Final Object Repo/New Registration - Registration Module Pages/Form 1/Industry Ciry - joh'

2019-01-09 10:42:48 - [TEST_STEP][PASSED] - delay: Delayed 2 second(s)

2019-01-09 10:42:50 - [MESSAGE][PASSED] - Delayed 2 second(s)

2019-01-09 10:42:50 - [TEST_STEP][PASSED] - click: Object: 'Object Repository/Final Object Repo/New Registration - Registration Module Pages/Form 1/Industy State - Johor Bharu' is clicked on

2019-01-09 10:42:51 - [MESSAGE][PASSED] - Object: 'Object Repository/Final Object Repo/New Registration - Registration Module Pages/Form 1/Industy State - Johor Bharu' is clicked on

2019-01-09 10:42:51 - [TEST_STEP][PASSED] - delay: Delayed 1 second(s)

2019-01-09 10:42:52 - [MESSAGE][PASSED] - Delayed 1 second(s)

2019-01-09 10:42:52 - [TEST_STEP][PASSED] - click: Object: 'Object Repository/Final Object Repo/New Registration - Registration Module Pages/Form 1/Indusry PostCode' is clicked on

2019-01-09 10:42:52 - [MESSAGE][PASSED] - Object: 'Object Repository/Final Object Repo/New Registration - Registration Module Pages/Form 1/Indusry PostCode' is clicked on

2019-01-09 10:42:52 - [TEST_STEP][PASSED] - delay: Delayed 1 second(s)

2019-01-09 10:42:53 - [MESSAGE][PASSED] - Delayed 1 second(s)

2019-01-09 10:42:53 - [TEST_STEP][PASSED] - setText: Text '810' is set on object 'Object Repository/Final Object Repo/New Registration - Registration Module Pages/Form 1/Insutry Post Code - 810'

2019-01-09 10:42:53 - [MESSAGE][PASSED] - Text '810' is set on object 'Object Repository/Final Object Repo/New Registration - Registration Module Pages/Form 1/Insutry Post Code - 810'

2019-01-09 10:42:53 - [TEST_STEP][PASSED] - delay: Delayed 1 second(s)

2019-01-09 10:42:54 - [MESSAGE][PASSED] - Delayed 1 second(s)

2019-01-09 10:42:54 - [TEST_STEP][PASSED] - click: Object: 'Object Repository/Final Object Repo/New Registration - Registration Module Pages/Form 1/Insutry Post Code - 81000' is clicked on

2019-01-09 10:42:54 - [MESSAGE][PASSED] - Object: 'Object Repository/Final Object Repo/New Registration - Registration Module Pages/Form 1/Insutry Post Code - 81000' is clicked on

2019-01-09 10:42:54 - [TEST_STEP][PASSED] - delay: Delayed 1 second(s)

2019-01-09 10:42:55 - [MESSAGE][PASSED] - Delayed 1 second(s)

2019-01-09 10:42:55 - [TEST_STEP][PASSED] - setText: Text '100' is set on object 'Object Repository/Final Object Repo/New Registration - Registration Module Pages/Form 1/Industry P.O.BOX'

2019-01-09 10:42:55 - [MESSAGE][PASSED] - Text '100' is set on object 'Object Repository/Final Object Repo/New Registration - Registration Module Pages/Form 1/Industry P.O.BOX'

2019-01-09 10:42:55 - [TEST_STEP][PASSED] - setText: Text '100' is set on object 'Object Repository/Final Object Repo/New Registration - Registration Module Pages/Form 1/Industry Locked Bag No'

2019-01-09 10:42:56 - [MESSAGE][PASSED] - Text '100' is set on object 'Object Repository/Final Object Repo/New Registration - Registration Module Pages/Form 1/Industry Locked Bag No'

2019-01-09 10:42:56 - [TEST_STEP][PASSED] - setText: Text '123456789' is set on object 'Object Repository/Final Object Repo/New Registration - Registration Module Pages/Form 1/Telephone No'

2019-01-09 10:42:56 - [MESSAGE][PASSED] - Text '123456789' is set on object 'Object Repository/Final Object Repo/New Registration - Registration Module Pages/Form 1/Telephone No'

2019-01-09 10:42:56 - [TEST_STEP][PASSED] - setText: Text '123456789' is set on object 'Object Repository/Final Object Repo/New Registration - Registration Module Pages/Form 1/Mobile No'

2019-01-09 10:42:57 - [MESSAGE][PASSED] - Text '123456789' is set on object 'Object Repository/Final Object Repo/New Registration - Registration Module Pages/Form 1/Mobile No'

2019-01-09 10:42:57 - [TEST_STEP][PASSED] - setText: Text '123456789' is set on object 'Object Repository/Final Object Repo/New Registration - Registration Module Pages/Form 1/Fax No'

2019-01-09 10:42:57 - [MESSAGE][PASSED] - Text '123456789' is set on object 'Object Repository/Final Object Repo/New Registration - Registration Module Pages/Form 1/Fax No'

2019-01-09 10:42:57 - [TEST_STEP][PASSED] - click: Object: 'Object Repository/Final Object Repo/New Registration - Registration Module Pages/Form 1/Industry Code' is clicked on

2019-01-09 10:42:57 - [MESSAGE][PASSED] - Object: 'Object Repository/Final Object Repo/New Registration - Registration Module Pages/Form 1/Industry Code' is clicked on

2019-01-09 10:42:57 - [TEST_STEP][PASSED] - click: Object: 'Object Repository/Final Object Repo/New Registration - Registration Module Pages/Form 1/Indudustry Code - Crops and Animal' is clicked on

2019-01-09 10:42:58 - [MESSAGE][PASSED] - Object: 'Object Repository/Final Object Repo/New Registration - Registration Module Pages/Form 1/Indudustry Code - Crops and Animal' is clicked on

2019-01-09 10:42:58 - [TEST_STEP][PASSED] - delay: Delayed 1 second(s)

2019-01-09 10:42:59 - [MESSAGE][PASSED] - Delayed 1 second(s)

2019-01-09 10:42:59 - [TEST_STEP][PASSED] - click: Object: 'Object Repository/Final Object Repo/New Registration - Registration Module Pages/Form 1/Sub Industry Code List' is clicked on

2019-01-09 10:42:59 - [MESSAGE][PASSED] - Object: 'Object Repository/Final Object Repo/New Registration - Registration Module Pages/Form 1/Sub Industry Code List' is clicked on

2019-01-09 10:42:59 - [TEST_STEP][PASSED] - click: Object: 'Object Repository/Final Object Repo/New Registration - Registration Module Pages/Form 1/Sub Industry Code List - Growing of Maize' is clicked on

2019-01-09 10:42:59 - [MESSAGE][PASSED] - Object: 'Object Repository/Final Object Repo/New Registration - Registration Module Pages/Form 1/Sub Industry Code List - Growing of Maize' is clicked on

2019-01-09 10:42:59 - [TEST_STEP][PASSED] - setText: Text 'perkeso123@gmail.com' is set on object 'Object Repository/Final Object Repo/New Registration - Registration Module Pages/Form 1/Email'

2019-01-09 10:43:00 - [MESSAGE][PASSED] - Text 'perkeso123@gmail.com' is set on object 'Object Repository/Final Object Repo/New Registration - Registration Module Pages/Form 1/Email'

2019-01-09 10:43:00 - [TEST_STEP][PASSED] - click: Object: 'Object Repository/Final Object Repo/New Registration - Registration Module Pages/Form 1/Method of Contribution Payment' is clicked on

2019-01-09 10:43:00 - [MESSAGE][PASSED] - Object: 'Object Repository/Final Object Repo/New Registration - Registration Module Pages/Form 1/Method of Contribution Payment' is clicked on

2019-01-09 10:43:00 - [TEST_STEP][PASSED] - click: Object: 'Object Repository/Final Object Repo/New Registration - Registration Module Pages/Form 1/Method of Contribution Payment - Portal' is clicked on

2019-01-09 10:43:00 - [MESSAGE][PASSED] - Object: 'Object Repository/Final Object Repo/New Registration - Registration Module Pages/Form 1/Method of Contribution Payment - Portal' is clicked on

2019-01-09 10:43:00 - [TEST_STEP][PASSED] - click: Object: 'Object Repository/Final Object Repo/New Registration - Registration Module Pages/Form 1/Servide Type' is clicked on

2019-01-09 10:43:00 - [MESSAGE][PASSED] - Object: 'Object Repository/Final Object Repo/New Registration - Registration Module Pages/Form 1/Servide Type' is clicked on

2019-01-09 10:43:00 - [TEST_STEP][PASSED] - click: Object: 'Object Repository/Final Object Repo/New Registration - Registration Module Pages/Form 1/Servide Type - Professional Bodies' is clicked on

2019-01-09 10:43:01 - [MESSAGE][PASSED] - Object: 'Object Repository/Final Object Repo/New Registration - Registration Module Pages/Form 1/Servide Type - Professional Bodies' is clicked on

2019-01-09 10:43:01 - [TEST_STEP][PASSED] - click: Object: 'Object Repository/Final Object Repo/New Registration - Registration Module Pages/Form 1/Industry Venue' is clicked on

2019-01-09 10:43:01 - [MESSAGE][PASSED] - Object: 'Object Repository/Final Object Repo/New Registration - Registration Module Pages/Form 1/Industry Venue' is clicked on

2019-01-09 10:43:01 - [TEST_STEP][PASSED] - click: Object: 'Object Repository/Final Object Repo/New Registration - Registration Module Pages/Form 1/Industry Venue -  PPN JOHOR' is clicked on

2019-01-09 10:43:01 - [MESSAGE][PASSED] - Object: 'Object Repository/Final Object Repo/New Registration - Registration Module Pages/Form 1/Industry Venue -  PPN JOHOR' is clicked on

2019-01-09 10:43:01 - [TEST_STEP][PASSED] - click: Object: 'Object Repository/Final Object Repo/New Registration - Registration Module Pages/Form 1/Save  Continue' is clicked on

2019-01-09 10:43:01 - [MESSAGE][PASSED] - Object: 'Object Repository/Final Object Repo/New Registration - Registration Module Pages/Form 1/Save  Continue' is clicked on

2019-01-09 10:43:01 - [MESSAGE][PASSED] - Call Test Case 'Test Cases/Final Aug 2018 - PKS Automation/Registration Module/New Registration/Form 1/Form 1 - Corporation - BHD' successfully

2019-01-09 10:43:01 - [TEST_STEP][PASSED] - callTestCase: Call Test Case 'Test Cases/Final Aug 2018 - PKS Automation/Registration Module/New Registration/Form 2/Add 1 Eligible - Incomplete' successfully

2019-01-09 10:43:01 - [TEST_CASE][PASSED] - Test Cases/Final Aug 2018 - PKS Automation/Registration Module/New Registration/Form 2/Add 1 Eligible - Incomplete: Test Cases/Final Aug 2018 - PKS Automation/Registration Module/New Registration/Form 2/Add 1 Eligible - Incomplete

2019-01-09 10:43:02 - [TEST_STEP][PASSED] - delay: Delayed 2 second(s)

2019-01-09 10:43:04 - [MESSAGE][PASSED] - Delayed 2 second(s)

2019-01-09 10:43:04 - [TEST_STEP][PASSED] - callTestCase: Call Test Case 'Test Cases/Final Aug 2018 - PKS Automation/Registration Module/New Registration/Form 2/Date Updater' successfully

2019-01-09 10:43:04 - [TEST_CASE][PASSED] - Test Cases/Final Aug 2018 - PKS Automation/Registration Module/New Registration/Form 2/Date Updater: Test Cases/Final Aug 2018 - PKS Automation/Registration Module/New Registration/Form 2/Date Updater

2019-01-09 10:43:04 - [TEST_STEP][PASSED] - Statement - TodayDate = new java.util.Date(): null

2019-01-09 10:43:04 - [TEST_STEP][PASSED] - Statement - CurrentDateNoFilter = new java.text.SimpleDateFormat(): null

2019-01-09 10:43:04 - [TEST_STEP][PASSED] - Statement - CurrentDateNoFilter.applyPattern("MM"): null

2019-01-09 10:43:04 - [TEST_STEP][PASSED] - Statement - monthContainerMatcher = java.lang.Integer.parseInt(CurrentDateNoFilter.format(TodayDate)): null

2019-01-09 10:43:04 - [TEST_STEP][PASSED] - Statement - monthContainerMatcher = monthContainerMatcher - 1: null

2019-01-09 10:43:04 - [TEST_STEP][PASSED] - Statement - CurrentMonth = monthContainerMatcher.toString(): null

2019-01-09 10:43:04 - [TEST_STEP][PASSED] - Statement - CurrentMonth = CurrentMonth: null

2019-01-09 10:43:04 - [TEST_STEP][PASSED] - Statement - CurrentDateNoFilter.applyPattern("yyyy"): null

2019-01-09 10:43:04 - [TEST_STEP][PASSED] - Statement - CurrentYear = CurrentDateNoFilter.format(TodayDate): null

2019-01-09 10:43:04 - [TEST_STEP][PASSED] - Statement - CurrentYear = CurrentYear: null

2019-01-09 10:43:04 - [TEST_STEP][PASSED] - Statement - intCurrentYear = java.lang.Integer.parseInt(CurrentDateNoFilter.format(TodayDate)): null

2019-01-09 10:43:04 - [TEST_STEP][PASSED] - Statement - eighteenYrsAgo = intCurrentYear - 18: null

2019-01-09 10:43:04 - [TEST_STEP][PASSED] - Statement - eighteenYrsBeforeThisYr = eighteenYrsAgo.toString(): null

2019-01-09 10:43:04 - [TEST_STEP][PASSED] - Statement - EighteenYrsBefore = eighteenYrsBeforeThisYr: null

2019-01-09 10:43:04 - [TEST_STEP][PASSED] - Statement - fiftysevenYrsAgo = intCurrentYear - 57: null

2019-01-09 10:43:04 - [TEST_STEP][PASSED] - Statement - fiftysevenYrsBeforeThisYr = fiftysevenYrsAgo.toString(): null

2019-01-09 10:43:04 - [TEST_STEP][PASSED] - Statement - FiftysevenYrsBefore = fiftysevenYrsBeforeThisYr: null

2019-01-09 10:43:04 - [TEST_STEP][PASSED] - Statement - leapYear = false: null

2019-01-09 10:43:04 - [TEST_STEP][PASSED] - Statement - leapYear = intCurrentYear % 4 == 0: null

2019-01-09 10:43:04 - [TEST_STEP][PASSED] - Statement - CurrentDateNoFilter.applyPattern("dd"): null

2019-01-09 10:43:04 - [TEST_STEP][PASSED] - Statement - CurrentDate = CurrentDateNoFilter.format(TodayDate): null

2019-01-09 10:43:04 - [TEST_STEP][PASSED] - Statement - CurrentDate = java.lang.Integer.parseInt(CurrentDate): null

2019-01-09 10:43:04 - [TEST_STEP][PASSED] - Statement - CurrentDate = CurrentDate: null

2019-01-09 10:43:04 - [TEST_STEP][PASSED] - Statement - CurrentDay = java.lang.Integer.parseInt(CurrentDate): null

2019-01-09 10:43:04 - [TEST_STEP][PASSED] - Statement - ConfAdder = <not implemented yet for class: org.codehaus.groovy.ast.expr.EmptyExpression>: null

2019-01-09 10:43:04 - [TEST_STEP][PASSED] - Statement - out.println(CurrentMonth): null

2019-01-09 10:43:04 - [TEST_STEP][PASSED] - Statement - out.println(CurrentDate): null

2019-01-09 10:43:04 - [TEST_STEP][PASSED] - Statement - switch (CurrentDate): null

2019-01-09 10:43:04 - [TEST_STEP][PASSED] - Statement - Default: null

2019-01-09 10:43:04 - [TEST_STEP][PASSED] - Statement - ConfAdder = true: null

2019-01-09 10:43:04 - [TEST_STEP][PASSED] - Statement - Break: null

2019-01-09 10:43:04 - [TEST_STEP][PASSED] - Statement - aDayBefore = <not implemented yet for class: org.codehaus.groovy.ast.expr.EmptyExpression>: null

2019-01-09 10:43:04 - [TEST_STEP][PASSED] - Statement - out.println(ConfAdder): null

2019-01-09 10:43:04 - [TEST_STEP][PASSED] - Statement - If (ConfAdder == true): null

2019-01-09 10:43:04 - [TEST_STEP][PASSED] - Statement - aDayBefore = CurrentDay + 1: null

2019-01-09 10:43:04 - [TEST_STEP][PASSED] - Statement - out.println(aDayBefore): null

2019-01-09 10:43:04 - [TEST_STEP][PASSED] - Statement - If (aDayBefore == 1 && CurrentMonth == 11): null

2019-01-09 10:43:04 - [TEST_STEP][PASSED] - Statement - DayBefore = aDayBefore.toString(): null

2019-01-09 10:43:04 - [TEST_STEP][PASSED] - Statement - OneDayBefore = DayBefore: null

2019-01-09 10:43:04 - [MESSAGE][PASSED] - Call Test Case 'Test Cases/Final Aug 2018 - PKS Automation/Registration Module/New Registration/Form 2/Date Updater' successfully

2019-01-09 10:43:04 - [TEST_STEP][PASSED] - Statement - CaseReferenceNo = com.kms.katalon.core.webui.keyword.WebUiBuiltInKeywords.getText(com.kms.katalon.core.testobject.ObjectRepository.findTestObject(Final Object Repo/New Registration - Registration Module Pages/Form 2/RefNo Acquiring)): Text of object 'Object Repository/Final Object Repo/New Registration - Registration Module Pages/Form 2/RefNo Acquiring' is: 'CRN01201900123665'

2019-01-09 10:43:05 - [MESSAGE][PASSED] - Text of object 'Object Repository/Final Object Repo/New Registration - Registration Module Pages/Form 2/RefNo Acquiring' is: 'CRN01201900123665'

2019-01-09 10:43:05 - [TEST_STEP][PASSED] - delay: Delayed 4 second(s)

2019-01-09 10:43:09 - [MESSAGE][PASSED] - Delayed 4 second(s)

2019-01-09 10:43:09 - [TEST_STEP][PASSED] - click: Object: 'Object Repository/Final Object Repo/New Registration - Registration Module Pages/Form 2/Add Employee Button' is clicked on

2019-01-09 10:43:09 - [MESSAGE][PASSED] - Object: 'Object Repository/Final Object Repo/New Registration - Registration Module Pages/Form 2/Add Employee Button' is clicked on

2019-01-09 10:43:09 - [TEST_STEP][PASSED] - delay: Delayed 1 second(s)

2019-01-09 10:43:10 - [MESSAGE][PASSED] - Delayed 1 second(s)

2019-01-09 10:43:10 - [TEST_STEP][PASSED] - setText: Text '010903091984' is set on object 'Object Repository/Final Object Repo/New Registration - Registration Module Pages/Form 2/NRIC Input'

2019-01-09 10:43:10 - [MESSAGE][PASSED] - Text '010903091984' is set on object 'Object Repository/Final Object Repo/New Registration - Registration Module Pages/Form 2/NRIC Input'

2019-01-09 10:43:10 - [TEST_STEP][PASSED] - click: Object: 'Object Repository/Final Object Repo/New Registration - Registration Module Pages/Form 2/button for search for IC' is clicked on

2019-01-09 10:43:11 - [MESSAGE][PASSED] - Object: 'Object Repository/Final Object Repo/New Registration - Registration Module Pages/Form 2/button for search for IC' is clicked on

2019-01-09 10:43:11 - [TEST_STEP][PASSED] - delay: Delayed 2 second(s)

2019-01-09 10:43:13 - [MESSAGE][PASSED] - Delayed 2 second(s)

2019-01-09 10:43:13 - [TEST_STEP][PASSED] - setText: Text 'Automate001 eligible 1' is set on object 'Object Repository/Final Object Repo/New Registration - Registration Module Pages/Form 2/Employee Name Input'

2019-01-09 10:43:13 - [MESSAGE][PASSED] - Text 'Automate001 eligible 1' is set on object 'Object Repository/Final Object Repo/New Registration - Registration Module Pages/Form 2/Employee Name Input'

2019-01-09 10:43:13 - [TEST_STEP][PASSED] - delay: Delayed 2 second(s)

2019-01-09 10:43:15 - [MESSAGE][PASSED] - Delayed 2 second(s)

2019-01-09 10:43:15 - [TEST_STEP][PASSED] - click: Object: 'Object Repository/Final Object Repo/New Registration - Registration Module Pages/Form 2/DatePicker Pop Up' is clicked on

2019-01-09 10:43:15 - [MESSAGE][PASSED] - Object: 'Object Repository/Final Object Repo/New Registration - Registration Module Pages/Form 2/DatePicker Pop Up' is clicked on

2019-01-09 10:43:15 - [TEST_STEP][PASSED] - click: Object: 'Object Repository/Final Object Repo/New Registration - Registration Module Pages/Form 2/DOB Month' is clicked on

2019-01-09 10:43:16 - [MESSAGE][PASSED] - Object: 'Object Repository/Final Object Repo/New Registration - Registration Module Pages/Form 2/DOB Month' is clicked on

2019-01-09 10:43:16 - [TEST_STEP][PASSED] - Statement - CurrentMonth = CurrentMonth: null

2019-01-09 10:43:16 - [TEST_STEP][PASSED] - Statement - selectMonth = new com.kms.katalon.core.testobject.TestObject(): null

2019-01-09 10:43:16 - [TEST_STEP][PASSED] - Statement - selectMonth.addProperty("xpath", EQUALS, "//body/div/div/div/select/option[@value='" + CurrentMonth + "']", true): null

2019-01-09 10:43:16 - [TEST_STEP][PASSED] - click: Object: '' is clicked on

2019-01-09 10:43:16 - [MESSAGE][PASSED] - Object: '' is clicked on

2019-01-09 10:43:16 - [TEST_STEP][PASSED] - click: Object: 'Object Repository/Final Object Repo/New Registration - Registration Module Pages/Form 2/DOB Year' is clicked on

2019-01-09 10:43:16 - [MESSAGE][PASSED] - Object: 'Object Repository/Final Object Repo/New Registration - Registration Module Pages/Form 2/DOB Year' is clicked on

2019-01-09 10:43:16 - [TEST_STEP][PASSED] - Statement - Eyearsbf = EighteenYrsBefore: null

2019-01-09 10:43:16 - [TEST_STEP][PASSED] - Statement - selectYear = new com.kms.katalon.core.testobject.TestObject(): null

2019-01-09 10:43:16 - [TEST_STEP][PASSED] - Statement - selectYear.addProperty("xpath", EQUALS, "//div/div/div/select/option[@value='" + Eyearsbf + "']", true): null

2019-01-09 10:43:16 - [TEST_STEP][PASSED] - click: Object: '' is clicked on

2019-01-09 10:43:16 - [MESSAGE][PASSED] - Object: '' is clicked on

2019-01-09 10:43:16 - [TEST_STEP][PASSED] - Statement - UpdatedSelectDate = com.kms.katalon.core.webui.keyword.WebUiBuiltInKeywords.modifyObjectProperty(com.kms.katalon.core.testobject.ObjectRepository.findTestObject(Final Object Repo/New Registration - Registration Module Pages/Form 2/DOB Date), "xpath", "equals", "//body/div/table/tbody/tr/td/a[text()="" + CurrentDate + ""]", true): Modify property of object successfully

2019-01-09 10:43:16 - [MESSAGE][PASSED] - Modify property of object successfully

2019-01-09 10:43:16 - [TEST_STEP][PASSED] - delay: Delayed 3 second(s)

2019-01-09 10:43:19 - [MESSAGE][PASSED] - Delayed 3 second(s)

2019-01-09 10:43:19 - [TEST_STEP][PASSED] - click: Object: 'Object Repository/Final Object Repo/New Registration - Registration Module Pages/Form 2/DOB Date' is clicked on

2019-01-09 10:43:19 - [MESSAGE][PASSED] - Object: 'Object Repository/Final Object Repo/New Registration - Registration Module Pages/Form 2/DOB Date' is clicked on

2019-01-09 10:43:19 - [TEST_STEP][PASSED] - delay: Delayed 2 second(s)

2019-01-09 10:43:21 - [MESSAGE][PASSED] - Delayed 2 second(s)

2019-01-09 10:43:21 - [TEST_STEP][PASSED] - click: Object: 'Object Repository/Final Object Repo/New Registration - Registration Module Pages/Form 2/EmploymentStartDate Pop Up' is clicked on

2019-01-09 10:43:21 - [MESSAGE][PASSED] - Object: 'Object Repository/Final Object Repo/New Registration - Registration Module Pages/Form 2/EmploymentStartDate Pop Up' is clicked on

2019-01-09 10:43:21 - [TEST_STEP][PASSED] - delay: Delayed 2 second(s)

2019-01-09 10:43:23 - [MESSAGE][PASSED] - Delayed 2 second(s)

2019-01-09 10:43:23 - [TEST_STEP][PASSED] - click: Object: 'Object Repository/Final Object Repo/New Registration - Registration Module Pages/Form 2/Socso Employment StartDate Month' is clicked on

2019-01-09 10:43:24 - [MESSAGE][PASSED] - Object: 'Object Repository/Final Object Repo/New Registration - Registration Module Pages/Form 2/Socso Employment StartDate Month' is clicked on

2019-01-09 10:43:24 - [TEST_STEP][PASSED] - delay: Delayed 1 second(s)

2019-01-09 10:43:25 - [MESSAGE][PASSED] - Delayed 1 second(s)

2019-01-09 10:43:25 - [TEST_STEP][PASSED] - click: Object: 'Object Repository/Final Object Repo/New Registration - Registration Module Pages/Form 2/Select Socso Employement Startdate Month' is clicked on

2019-01-09 10:43:25 - [MESSAGE][PASSED] - Object: 'Object Repository/Final Object Repo/New Registration - Registration Module Pages/Form 2/Select Socso Employement Startdate Month' is clicked on

2019-01-09 10:43:25 - [TEST_STEP][PASSED] - delay: Delayed 2 second(s)

2019-01-09 10:43:27 - [MESSAGE][PASSED] - Delayed 2 second(s)

2019-01-09 10:43:27 - [TEST_STEP][PASSED] - click: Object: 'Object Repository/Final Object Repo/New Registration - Registration Module Pages/Form 2/Socso Employment StartDate Year' is clicked on

2019-01-09 10:43:27 - [MESSAGE][PASSED] - Object: 'Object Repository/Final Object Repo/New Registration - Registration Module Pages/Form 2/Socso Employment StartDate Year' is clicked on

2019-01-09 10:43:27 - [TEST_STEP][PASSED] - delay: Delayed 1 second(s)

2019-01-09 10:43:28 - [MESSAGE][PASSED] - Delayed 1 second(s)

2019-01-09 10:43:28 - [TEST_STEP][PASSED] - click: Object: 'Object Repository/Final Object Repo/New Registration - Registration Module Pages/Form 2/Select Socso Employment Startdate Year' is clicked on

2019-01-09 10:43:28 - [MESSAGE][PASSED] - Object: 'Object Repository/Final Object Repo/New Registration - Registration Module Pages/Form 2/Select Socso Employment Startdate Year' is clicked on

2019-01-09 10:43:28 - [TEST_STEP][PASSED] - delay: Delayed 2 second(s)

2019-01-09 10:43:30 - [MESSAGE][PASSED] - Delayed 2 second(s)

2019-01-09 10:43:30 - [TEST_STEP][PASSED] - click: Object: 'Object Repository/Final Object Repo/New Registration - Registration Module Pages/Form 2/Socso Employment Start Date Day' is clicked on

2019-01-09 10:43:30 - [MESSAGE][PASSED] - Object: 'Object Repository/Final Object Repo/New Registration - Registration Module Pages/Form 2/Socso Employment Start Date Day' is clicked on

2019-01-09 10:43:30 - [TEST_STEP][PASSED] - delay: Delayed 2 second(s)

2019-01-09 10:43:32 - [MESSAGE][PASSED] - Delayed 2 second(s)

2019-01-09 10:43:32 - [TEST_STEP][PASSED] - click: Object: 'Object Repository/Final Object Repo/New Registration - Registration Module Pages/Form 2/Save Button for Add Employee' is clicked on

2019-01-09 10:43:32 - [MESSAGE][PASSED] - Object: 'Object Repository/Final Object Repo/New Registration - Registration Module Pages/Form 2/Save Button for Add Employee' is clicked on

2019-01-09 10:43:32 - [TEST_STEP][PASSED] - delay: Delayed 6 second(s)

2019-01-09 10:43:38 - [MESSAGE][PASSED] - Delayed 6 second(s)

2019-01-09 10:43:38 - [TEST_STEP][PASSED] - click: Object: 'Object Repository/Final Object Repo/New Registration - Registration Module Pages/Form 2/Incomplete Checkbox' is clicked on

2019-01-09 10:43:39 - [MESSAGE][PASSED] - Object: 'Object Repository/Final Object Repo/New Registration - Registration Module Pages/Form 2/Incomplete Checkbox' is clicked on

2019-01-09 10:43:39 - [TEST_STEP][PASSED] - delay: Delayed 2 second(s)

2019-01-09 10:43:41 - [MESSAGE][PASSED] - Delayed 2 second(s)

2019-01-09 10:43:41 - [TEST_STEP][PASSED] - click: Object: 'Object Repository/Final Object Repo/New Registration - Registration Module Pages/Form 2/Save and Continue Form 2' is clicked on

2019-01-09 10:43:41 - [MESSAGE][PASSED] - Object: 'Object Repository/Final Object Repo/New Registration - Registration Module Pages/Form 2/Save and Continue Form 2' is clicked on

2019-01-09 10:43:41 - [MESSAGE][PASSED] - Call Test Case 'Test Cases/Final Aug 2018 - PKS Automation/Registration Module/New Registration/Form 2/Add 1 Eligible - Incomplete' successfully

2019-01-09 10:43:41 - [TEST_STEP][PASSED] - callTestCase: Call Test Case 'Test Cases/Final Aug 2018 - PKS Automation/Registration Module/New Registration/Flow of New Registration/Third Screen - Upload Supporting Doc - Preview' successfully

2019-01-09 10:43:41 - [TEST_CASE][PASSED] - Test Cases/Final Aug 2018 - PKS Automation/Registration Module/New Registration/Flow of New Registration/Third Screen - Upload Supporting Doc - Preview: Test Cases/Final Aug 2018 - PKS Automation/Registration Module/New Registration/Flow of New Registration/Third Screen - Upload Supporting Doc - Preview

2019-01-09 10:43:41 - [TEST_STEP][PASSED] - waitForPageLoad: Wait for page load successfully

2019-01-09 10:43:42 - [MESSAGE][PASSED] - Wait for page load successfully

2019-01-09 10:43:42 - [TEST_STEP][PASSED] - Statement - CaseReferenceNo = com.kms.katalon.core.webui.keyword.WebUiBuiltInKeywords.getText(com.kms.katalon.core.testobject.ObjectRepository.findTestObject(Final Object Repo/New Registration - Registration Module Pages/Third Screen - Upload Supporting Doc- Preview/RefNo Acquiring)): Text of object 'Object Repository/Final Object Repo/New Registration - Registration Module Pages/Third Screen - Upload Supporting Doc- Preview/RefNo Acquiring' is: 'CRN01201900123665'

2019-01-09 10:43:42 - [MESSAGE][PASSED] - Text of object 'Object Repository/Final Object Repo/New Registration - Registration Module Pages/Third Screen - Upload Supporting Doc- Preview/RefNo Acquiring' is: 'CRN01201900123665'

2019-01-09 10:43:42 - [TEST_STEP][PASSED] - delay: Delayed 2 second(s)

2019-01-09 10:43:44 - [MESSAGE][PASSED] - Delayed 2 second(s)

2019-01-09 10:43:44 - [TEST_STEP][PASSED] - callTestCase: Call Test Case 'Test Cases/Final Aug 2018 - PKS Automation/Common/Reference Number Setter' successfully

2019-01-09 10:43:44 - [TEST_CASE][PASSED] - Test Cases/Final Aug 2018 - PKS Automation/Common/Reference Number Setter: Test Cases/Final Aug 2018 - PKS Automation/Common/Reference Number Setter

2019-01-09 10:43:44 - [TEST_STEP][PASSED] - Statement - RefNoOldFile = new java.io.File(C://Users//Admin//Desktop//PKS//Automation Reference Point//KatalonReference.txt): null

2019-01-09 10:43:44 - [TEST_STEP][PASSED] - Statement - RefNoOldFile.delete(): null

2019-01-09 10:43:44 - [TEST_STEP][PASSED] - delay: Delayed 5 second(s)

2019-01-09 10:43:49 - [MESSAGE][PASSED] - Delayed 5 second(s)

2019-01-09 10:43:49 - [TEST_STEP][PASSED] - Statement - RefNo = new java.io.File(C://Users//Admin//Desktop//PKS//Automation Reference Point//KatalonReference.txt): null

2019-01-09 10:43:49 - [TEST_STEP][PASSED] - Statement - f2 = new java.io.FileWriter(RefNo, false): null

2019-01-09 10:43:49 - [TEST_STEP][PASSED] - Statement - f2.write(CaseReferenceNo): null

2019-01-09 10:43:49 - [TEST_STEP][PASSED] - Statement - f2.close(): null

2019-01-09 10:43:49 - [TEST_STEP][PASSED] - Statement - out.println("


" + CaseReferenceNo + "


"): null

2019-01-09 10:43:49 - [MESSAGE][PASSED] - Call Test Case 'Test Cases/Final Aug 2018 - PKS Automation/Common/Reference Number Setter' successfully

2019-01-09 10:43:49 - [TEST_STEP][PASSED] - waitForElementClickable: Object 'Object Repository/Final Object Repo/New Registration - Registration Module Pages/Third Screen - Upload Supporting Doc- Preview/Save n Continue in SIP Employee Listing Page' is clickable

2019-01-09 10:43:49 - [MESSAGE][PASSED] - Object 'Object Repository/Final Object Repo/New Registration - Registration Module Pages/Third Screen - Upload Supporting Doc- Preview/Save n Continue in SIP Employee Listing Page' is clickable

2019-01-09 10:43:49 - [TEST_STEP][PASSED] - click: Object: 'Object Repository/Final Object Repo/New Registration - Registration Module Pages/Third Screen - Upload Supporting Doc- Preview/Save n Continue in SIP Employee Listing Page' is clicked on

2019-01-09 10:43:55 - [MESSAGE][PASSED] - Object: 'Object Repository/Final Object Repo/New Registration - Registration Module Pages/Third Screen - Upload Supporting Doc- Preview/Save n Continue in SIP Employee Listing Page' is clicked on

2019-01-09 10:43:55 - [TEST_STEP][PASSED] - delay: Delayed 7 second(s)

2019-01-09 10:44:02 - [MESSAGE][PASSED] - Delayed 7 second(s)

2019-01-09 10:44:02 - [TEST_STEP][PASSED] - click: Object: 'Object Repository/Final Object Repo/New Registration - Registration Module Pages/Third Screen - Upload Supporting Doc- Preview/Add Document Button' is clicked on

2019-01-09 10:44:02 - [MESSAGE][PASSED] - Object: 'Object Repository/Final Object Repo/New Registration - Registration Module Pages/Third Screen - Upload Supporting Doc- Preview/Add Document Button' is clicked on

2019-01-09 10:44:02 - [TEST_STEP][PASSED] - delay: Delayed 30 second(s)

2019-01-09 10:44:32 - [MESSAGE][PASSED] - Delayed 30 second(s)

2019-01-09 10:44:32 - [TEST_STEP][PASSED] - click: Object: 'Object Repository/Final Object Repo/New Registration - Registration Module Pages/Third Screen - Upload Supporting Doc- Preview/Supporting Doc Please Select Drop Down' is clicked on

2019-01-09 10:44:32 - [MESSAGE][PASSED] - Object: 'Object Repository/Final Object Repo/New Registration - Registration Module Pages/Third Screen - Upload Supporting Doc- Preview/Supporting Doc Please Select Drop Down' is clicked on

2019-01-09 10:44:32 - [TEST_STEP][PASSED] - delay: Delayed 2 second(s)

2019-01-09 10:44:34 - [MESSAGE][PASSED] - Delayed 2 second(s)

2019-01-09 10:44:34 - [TEST_STEP][PASSED] - click: Object: 'Object Repository/Final Object Repo/New Registration - Registration Module Pages/Third Screen - Upload Supporting Doc- Preview/Select to Upload Form 1' is clicked on

2019-01-09 10:44:34 - [MESSAGE][PASSED] - Object: 'Object Repository/Final Object Repo/New Registration - Registration Module Pages/Third Screen - Upload Supporting Doc- Preview/Select to Upload Form 1' is clicked on

2019-01-09 10:44:34 - [TEST_STEP][PASSED] - delay: Delayed 2 second(s)

2019-01-09 10:44:36 - [MESSAGE][PASSED] - Delayed 2 second(s)

2019-01-09 10:44:36 - [TEST_STEP][PASSED] - uploadFile: File 'C:\Users\Public\Pictures\Sample Pictures\Koala.jpg' sent to object: 'Object Repository/Final Object Repo/New Registration - Registration Module Pages/Third Screen - Upload Supporting Doc- Preview/Upload File Adding'

2019-01-09 10:44:36 - [MESSAGE][PASSED] - File 'C:\Users\Public\Pictures\Sample Pictures\Koala.jpg' sent to object: 'Object Repository/Final Object Repo/New Registration - Registration Module Pages/Third Screen - Upload Supporting Doc- Preview/Upload File Adding'

2019-01-09 10:44:36 - [TEST_STEP][PASSED] - delay: Delayed 5 second(s)

2019-01-09 10:44:41 - [MESSAGE][PASSED] - Delayed 5 second(s)

2019-01-09 10:44:41 - [TEST_STEP][PASSED] - click: Object: 'Object Repository/Final Object Repo/New Registration - Registration Module Pages/Third Screen - Upload Supporting Doc- Preview/Inner Form Add Document Button' is clicked on

2019-01-09 10:44:42 - [MESSAGE][PASSED] - Object: 'Object Repository/Final Object Repo/New Registration - Registration Module Pages/Third Screen - Upload Supporting Doc- Preview/Inner Form Add Document Button' is clicked on

2019-01-09 10:44:42 - [TEST_STEP][PASSED] - delay: Delayed 3 second(s)

2019-01-09 10:44:45 - [MESSAGE][PASSED] - Delayed 3 second(s)

2019-01-09 10:44:45 - [TEST_STEP][PASSED] - click: Object: 'Object Repository/Final Object Repo/New Registration - Registration Module Pages/Third Screen - Upload Supporting Doc- Preview/Add Document Button' is clicked on

2019-01-09 10:44:46 - [MESSAGE][PASSED] - Object: 'Object Repository/Final Object Repo/New Registration - Registration Module Pages/Third Screen - Upload Supporting Doc- Preview/Add Document Button' is clicked on

2019-01-09 10:44:46 - [TEST_STEP][PASSED] - delay: Delayed 30 second(s)

2019-01-09 10:45:16 - [MESSAGE][PASSED] - Delayed 30 second(s)

2019-01-09 10:45:16 - [TEST_STEP][PASSED] - click: Object: 'Object Repository/Final Object Repo/New Registration - Registration Module Pages/Third Screen - Upload Supporting Doc- Preview/Supporting Doc Please Select Drop Down' is clicked on

2019-01-09 10:45:17 - [MESSAGE][PASSED] - Object: 'Object Repository/Final Object Repo/New Registration - Registration Module Pages/Third Screen - Upload Supporting Doc- Preview/Supporting Doc Please Select Drop Down' is clicked on

2019-01-09 10:45:17 - [TEST_STEP][PASSED] - delay: Delayed 4 second(s)

2019-01-09 10:45:21 - [MESSAGE][PASSED] - Delayed 4 second(s)

2019-01-09 10:45:21 - [TEST_STEP][PASSED] - click: Object: 'Object Repository/Final Object Repo/New Registration - Registration Module Pages/Third Screen - Upload Supporting Doc- Preview/Select to Upload Form 2' is clicked on

2019-01-09 10:45:21 - [MESSAGE][PASSED] - Object: 'Object Repository/Final Object Repo/New Registration - Registration Module Pages/Third Screen - Upload Supporting Doc- Preview/Select to Upload Form 2' is clicked on

2019-01-09 10:45:21 - [TEST_STEP][PASSED] - delay: Delayed 2 second(s)

2019-01-09 10:45:23 - [MESSAGE][PASSED] - Delayed 2 second(s)

2019-01-09 10:45:23 - [TEST_STEP][PASSED] - uploadFile: File 'C:\Users\Public\Pictures\Sample Pictures\Koala.jpg' sent to object: 'Object Repository/Final Object Repo/New Registration - Registration Module Pages/Third Screen - Upload Supporting Doc- Preview/Upload File Adding'

2019-01-09 10:45:23 - [MESSAGE][PASSED] - File 'C:\Users\Public\Pictures\Sample Pictures\Koala.jpg' sent to object: 'Object Repository/Final Object Repo/New Registration - Registration Module Pages/Third Screen - Upload Supporting Doc- Preview/Upload File Adding'

2019-01-09 10:45:23 - [TEST_STEP][PASSED] - click: Object: 'Object Repository/Final Object Repo/New Registration - Registration Module Pages/Third Screen - Upload Supporting Doc- Preview/Inner Form Add Document Button' is clicked on

2019-01-09 10:45:23 - [MESSAGE][PASSED] - Object: 'Object Repository/Final Object Repo/New Registration - Registration Module Pages/Third Screen - Upload Supporting Doc- Preview/Inner Form Add Document Button' is clicked on

2019-01-09 10:45:23 - [TEST_STEP][PASSED] - delay: Delayed 5 second(s)

2019-01-09 10:45:28 - [MESSAGE][PASSED] - Delayed 5 second(s)

2019-01-09 10:45:28 - [TEST_STEP][PASSED] - click: Object: 'Object Repository/Final Object Repo/New Registration - Registration Module Pages/Third Screen - Upload Supporting Doc- Preview/Add Document Button' is clicked on

2019-01-09 10:45:28 - [MESSAGE][PASSED] - Object: 'Object Repository/Final Object Repo/New Registration - Registration Module Pages/Third Screen - Upload Supporting Doc- Preview/Add Document Button' is clicked on

2019-01-09 10:45:28 - [TEST_STEP][PASSED] - delay: Delayed 30 second(s)

2019-01-09 10:45:58 - [MESSAGE][PASSED] - Delayed 30 second(s)

2019-01-09 10:45:58 - [TEST_STEP][PASSED] - click: Object: 'Object Repository/Final Object Repo/New Registration - Registration Module Pages/Third Screen - Upload Supporting Doc- Preview/Supporting Doc Please Select Drop Down' is clicked on

2019-01-09 10:45:59 - [MESSAGE][PASSED] - Object: 'Object Repository/Final Object Repo/New Registration - Registration Module Pages/Third Screen - Upload Supporting Doc- Preview/Supporting Doc Please Select Drop Down' is clicked on

2019-01-09 10:45:59 - [TEST_STEP][PASSED] - click: Object: 'Object Repository/Final Object Repo/New Registration - Registration Module Pages/Third Screen - Upload Supporting Doc- Preview/Select to Upload Borang SIP 1' is clicked on

2019-01-09 10:45:59 - [MESSAGE][PASSED] - Object: 'Object Repository/Final Object Repo/New Registration - Registration Module Pages/Third Screen - Upload Supporting Doc- Preview/Select to Upload Borang SIP 1' is clicked on

2019-01-09 10:45:59 - [TEST_STEP][PASSED] - delay: Delayed 2 second(s)

2019-01-09 10:46:01 - [MESSAGE][PASSED] - Delayed 2 second(s)

2019-01-09 10:46:01 - [TEST_STEP][PASSED] - uploadFile: File 'C:\Users\Public\Pictures\Sample Pictures\Koala.jpg' sent to object: 'Object Repository/Final Object Repo/New Registration - Registration Module Pages/Third Screen - Upload Supporting Doc- Preview/Upload File Adding'

2019-01-09 10:46:01 - [MESSAGE][PASSED] - File 'C:\Users\Public\Pictures\Sample Pictures\Koala.jpg' sent to object: 'Object Repository/Final Object Repo/New Registration - Registration Module Pages/Third Screen - Upload Supporting Doc- Preview/Upload File Adding'

2019-01-09 10:46:01 - [TEST_STEP][PASSED] - click: Object: 'Object Repository/Final Object Repo/New Registration - Registration Module Pages/Third Screen - Upload Supporting Doc- Preview/Inner Form Add Document Button' is clicked on

2019-01-09 10:46:01 - [MESSAGE][PASSED] - Object: 'Object Repository/Final Object Repo/New Registration - Registration Module Pages/Third Screen - Upload Supporting Doc- Preview/Inner Form Add Document Button' is clicked on

2019-01-09 10:46:01 - [TEST_STEP][PASSED] - delay: Delayed 5 second(s)

2019-01-09 10:46:06 - [MESSAGE][PASSED] - Delayed 5 second(s)

2019-01-09 10:46:06 - [TEST_STEP][PASSED] - click: Object: 'Object Repository/Final Object Repo/New Registration - Registration Module Pages/Third Screen - Upload Supporting Doc- Preview/Add Document Button' is clicked on

2019-01-09 10:46:06 - [MESSAGE][PASSED] - Object: 'Object Repository/Final Object Repo/New Registration - Registration Module Pages/Third Screen - Upload Supporting Doc- Preview/Add Document Button' is clicked on

2019-01-09 10:46:06 - [TEST_STEP][PASSED] - delay: Delayed 30 second(s)

2019-01-09 10:46:36 - [MESSAGE][PASSED] - Delayed 30 second(s)

2019-01-09 10:46:36 - [TEST_STEP][PASSED] - click: Object: 'Object Repository/Final Object Repo/New Registration - Registration Module Pages/Third Screen - Upload Supporting Doc- Preview/Supporting Doc Please Select Drop Down' is clicked on

2019-01-09 10:46:37 - [MESSAGE][PASSED] - Object: 'Object Repository/Final Object Repo/New Registration - Registration Module Pages/Third Screen - Upload Supporting Doc- Preview/Supporting Doc Please Select Drop Down' is clicked on

2019-01-09 10:46:37 - [TEST_STEP][PASSED] - delay: Delayed 3 second(s)

2019-01-09 10:46:40 - [MESSAGE][PASSED] - Delayed 3 second(s)

2019-01-09 10:46:40 - [TEST_STEP][PASSED] - click: Object: 'Object Repository/Final Object Repo/New Registration - Registration Module Pages/Third Screen - Upload Supporting Doc- Preview/Select to Upload Borang SIP 2' is clicked on

2019-01-09 10:46:40 - [MESSAGE][PASSED] - Object: 'Object Repository/Final Object Repo/New Registration - Registration Module Pages/Third Screen - Upload Supporting Doc- Preview/Select to Upload Borang SIP 2' is clicked on

2019-01-09 10:46:40 - [TEST_STEP][PASSED] - delay: Delayed 2 second(s)

2019-01-09 10:46:42 - [MESSAGE][PASSED] - Delayed 2 second(s)

2019-01-09 10:46:42 - [TEST_STEP][PASSED] - uploadFile: File 'C:\Users\Public\Pictures\Sample Pictures\Koala.jpg' sent to object: 'Object Repository/Final Object Repo/New Registration - Registration Module Pages/Third Screen - Upload Supporting Doc- Preview/Upload File Adding'

2019-01-09 10:46:42 - [MESSAGE][PASSED] - File 'C:\Users\Public\Pictures\Sample Pictures\Koala.jpg' sent to object: 'Object Repository/Final Object Repo/New Registration - Registration Module Pages/Third Screen - Upload Supporting Doc- Preview/Upload File Adding'

2019-01-09 10:46:42 - [TEST_STEP][PASSED] - delay: Delayed 5 second(s)

2019-01-09 10:46:47 - [MESSAGE][PASSED] - Delayed 5 second(s)

2019-01-09 10:46:47 - [TEST_STEP][PASSED] - click: Object: 'Object Repository/Final Object Repo/New Registration - Registration Module Pages/Third Screen - Upload Supporting Doc- Preview/Inner Form Add Document Button' is clicked on

2019-01-09 10:46:47 - [MESSAGE][PASSED] - Object: 'Object Repository/Final Object Repo/New Registration - Registration Module Pages/Third Screen - Upload Supporting Doc- Preview/Inner Form Add Document Button' is clicked on

2019-01-09 10:46:47 - [TEST_STEP][PASSED] - delay: Delayed 3 second(s)

2019-01-09 10:46:50 - [MESSAGE][PASSED] - Delayed 3 second(s)

2019-01-09 10:46:50 - [TEST_STEP][PASSED] - waitForElementClickable: Object 'Object Repository/Final Object Repo/New Registration - Registration Module Pages/Third Screen - Upload Supporting Doc- Preview/Save n Continue in Uploading Supporting Doc Page' is clickable

2019-01-09 10:46:51 - [MESSAGE][PASSED] - Object 'Object Repository/Final Object Repo/New Registration - Registration Module Pages/Third Screen - Upload Supporting Doc- Preview/Save n Continue in Uploading Supporting Doc Page' is clickable

2019-01-09 10:46:51 - [TEST_STEP][PASSED] - click: Object: 'Object Repository/Final Object Repo/New Registration - Registration Module Pages/Third Screen - Upload Supporting Doc- Preview/Save n Continue in Uploading Supporting Doc Page' is clicked on

2019-01-09 10:46:52 - [MESSAGE][PASSED] - Object: 'Object Repository/Final Object Repo/New Registration - Registration Module Pages/Third Screen - Upload Supporting Doc- Preview/Save n Continue in Uploading Supporting Doc Page' is clicked on

2019-01-09 10:46:52 - [MESSAGE][PASSED] - Call Test Case 'Test Cases/Final Aug 2018 - PKS Automation/Registration Module/New Registration/Flow of New Registration/Third Screen - Upload Supporting Doc - Preview' successfully

2019-01-09 10:46:52 - [TEST_STEP][PASSED] - callTestCase: Call Test Case 'Test Cases/Final Aug 2018 - PKS Automation/Registration Module/New Registration/Submit and Screenshot/Submit Registration and Screenshot' successfully

2019-01-09 10:46:52 - [TEST_CASE][PASSED] - Test Cases/Final Aug 2018 - PKS Automation/Registration Module/New Registration/Submit and Screenshot/Submit Registration and Screenshot: Test Cases/Final Aug 2018 - PKS Automation/Registration Module/New Registration/Submit and Screenshot/Submit Registration and Screenshot

2019-01-09 10:46:52 - [TEST_STEP][PASSED] - delay: Delayed 6 second(s)

2019-01-09 10:46:58 - [MESSAGE][PASSED] - Delayed 6 second(s)

2019-01-09 10:46:58 - [TEST_STEP][PASSED] - click: Object: 'Object Repository/Final Object Repo/New Registration - Registration Module Pages/Third Screen - Upload Supporting Doc- Preview/Preview Submit Button' is clicked on

2019-01-09 10:46:58 - [MESSAGE][PASSED] - Object: 'Object Repository/Final Object Repo/New Registration - Registration Module Pages/Third Screen - Upload Supporting Doc- Preview/Preview Submit Button' is clicked on

2019-01-09 10:46:58 - [TEST_STEP][PASSED] - delay: Delayed 2 second(s)

2019-01-09 10:47:00 - [MESSAGE][PASSED] - Delayed 2 second(s)

2019-01-09 10:47:00 - [TEST_STEP][PASSED] - click: Object: 'Object Repository/Final Object Repo/New Registration - Registration Module Pages/Third Screen - Upload Supporting Doc- Preview/Preview Submit - Confirm' is clicked on

2019-01-09 10:47:01 - [MESSAGE][PASSED] - Object: 'Object Repository/Final Object Repo/New Registration - Registration Module Pages/Third Screen - Upload Supporting Doc- Preview/Preview Submit - Confirm' is clicked on

2019-01-09 10:47:01 - [TEST_STEP][PASSED] - delay: Delayed 15 second(s)

2019-01-09 10:47:16 - [MESSAGE][PASSED] - Delayed 15 second(s)

2019-01-09 10:47:16 - [TEST_STEP][PASSED] - Statement - driver = com.kms.katalon.core.webui.driver.DriverFactory.getWebDriver(): null

2019-01-09 10:47:16 - [TEST_STEP][PASSED] - Statement - driver.manage().timeouts().implicitlyWait(10, SECONDS): null

2019-01-09 10:47:16 - [TEST_STEP][PASSED] - Statement - PresavePath = KatalonScreenshots: null

2019-01-09 10:47:16 - [TEST_STEP][PASSED] - Statement - pathPrefix = "C:\Users\Public\Pictures\Sample Pictures\Katalon Screenshots\Automate Ending Screen": null

2019-01-09 10:47:16 - [TEST_STEP][PASSED] - Statement - finalPath = <not implemented yet for class: org.codehaus.groovy.ast.expr.EmptyExpression>: null

2019-01-09 10:47:16 - [TEST_STEP][PASSED] - Statement - scrFile = driver.getScreenshotAs(FILE): null

2019-01-09 10:47:16 - [TEST_STEP][PASSED] - Statement - PreSaveFile = new java.io.File(PresavePath): null

2019-01-09 10:47:16 - [TEST_STEP][PASSED] - Statement - counter = 0: null

2019-01-09 10:47:16 - [TEST_STEP][PASSED] - Statement - If (PreSaveFile.exists()): null

2019-01-09 10:47:16 - [TEST_STEP][PASSED] - Statement - While (PreSaveFile.exists()): null

2019-01-09 10:47:16 - [TEST_STEP][PASSED] - Statement - counter = counter + 1: null

2019-01-09 10:47:16 - [TEST_STEP][PASSED] - Statement - PreSaveFile = new java.io.File(((pathPrefix + java.lang.Integer.toString(counter)) + .png)): null

2019-01-09 10:47:16 - [TEST_STEP][PASSED] - Statement - counter = counter + 1: null

2019-01-09 10:47:16 - [TEST_STEP][PASSED] - Statement - PreSaveFile = new java.io.File(((pathPrefix + java.lang.Integer.toString(counter)) + .png)): null

2019-01-09 10:47:16 - [TEST_STEP][PASSED] - Statement - counter = counter + 1: null

2019-01-09 10:47:16 - [TEST_STEP][PASSED] - Statement - PreSaveFile = new java.io.File(((pathPrefix + java.lang.Integer.toString(counter)) + .png)): null

2019-01-09 10:47:16 - [TEST_STEP][PASSED] - Statement - counter = counter + 1: null

2019-01-09 10:47:16 - [TEST_STEP][PASSED] - Statement - PreSaveFile = new java.io.File(((pathPrefix + java.lang.Integer.toString(counter)) + .png)): null

2019-01-09 10:47:16 - [TEST_STEP][PASSED] - Statement - counter = counter + 1: null

2019-01-09 10:47:16 - [TEST_STEP][PASSED] - Statement - PreSaveFile = new java.io.File(((pathPrefix + java.lang.Integer.toString(counter)) + .png)): null

2019-01-09 10:47:16 - [TEST_STEP][PASSED] - Statement - counter = counter + 1: null

2019-01-09 10:47:16 - [TEST_STEP][PASSED] - Statement - PreSaveFile = new java.io.File(((pathPrefix + java.lang.Integer.toString(counter)) + .png)): null

2019-01-09 10:47:16 - [TEST_STEP][PASSED] - Statement - counter = counter + 1: null

2019-01-09 10:47:16 - [TEST_STEP][PASSED] - Statement - PreSaveFile = new java.io.File(((pathPrefix + java.lang.Integer.toString(counter)) + .png)): null

2019-01-09 10:47:16 - [TEST_STEP][PASSED] - Statement - counter = counter + 1: null

2019-01-09 10:47:16 - [TEST_STEP][PASSED] - Statement - PreSaveFile = new java.io.File(((pathPrefix + java.lang.Integer.toString(counter)) + .png)): null

2019-01-09 10:47:16 - [TEST_STEP][PASSED] - Statement - counter = counter + 1: null

2019-01-09 10:47:16 - [TEST_STEP][PASSED] - Statement - PreSaveFile = new java.io.File(((pathPrefix + java.lang.Integer.toString(counter)) + .png)): null

2019-01-09 10:47:16 - [TEST_STEP][PASSED] - Statement - counter = counter + 1: null

2019-01-09 10:47:16 - [TEST_STEP][PASSED] - Statement - PreSaveFile = new java.io.File(((pathPrefix + java.lang.Integer.toString(counter)) + .png)): null

2019-01-09 10:47:16 - [TEST_STEP][PASSED] - Statement - counter = counter + 1: null

2019-01-09 10:47:16 - [TEST_STEP][PASSED] - Statement - PreSaveFile = new java.io.File(((pathPrefix + java.lang.Integer.toString(counter)) + .png)): null

2019-01-09 10:47:16 - [TEST_STEP][PASSED] - Statement - counter = counter + 1: null

2019-01-09 10:47:16 - [TEST_STEP][PASSED] - Statement - PreSaveFile = new java.io.File(((pathPrefix + java.lang.Integer.toString(counter)) + .png)): null

2019-01-09 10:47:16 - [TEST_STEP][PASSED] - Statement - counter = counter + 1: null

2019-01-09 10:47:16 - [TEST_STEP][PASSED] - Statement - PreSaveFile = new java.io.File(((pathPrefix + java.lang.Integer.toString(counter)) + .png)): null

2019-01-09 10:47:16 - [TEST_STEP][PASSED] - Statement - counter = counter + 1: null

2019-01-09 10:47:16 - [TEST_STEP][PASSED] - Statement - PreSaveFile = new java.io.File(((pathPrefix + java.lang.Integer.toString(counter)) + .png)): null

2019-01-09 10:47:16 - [TEST_STEP][PASSED] - Statement - counter = counter + 1: null

2019-01-09 10:47:16 - [TEST_STEP][PASSED] - Statement - PreSaveFile = new java.io.File(((pathPrefix + java.lang.Integer.toString(counter)) + .png)): null

2019-01-09 10:47:16 - [TEST_STEP][PASSED] - Statement - counter = counter + 1: null

2019-01-09 10:47:16 - [TEST_STEP][PASSED] - Statement - PreSaveFile = new java.io.File(((pathPrefix + java.lang.Integer.toString(counter)) + .png)): null

2019-01-09 10:47:16 - [TEST_STEP][PASSED] - Statement - counter = counter + 1: null

2019-01-09 10:47:16 - [TEST_STEP][PASSED] - Statement - PreSaveFile = new java.io.File(((pathPrefix + java.lang.Integer.toString(counter)) + .png)): null

2019-01-09 10:47:16 - [TEST_STEP][PASSED] - Statement - counter = counter + 1: null

2019-01-09 10:47:16 - [TEST_STEP][PASSED] - Statement - PreSaveFile = new java.io.File(((pathPrefix + java.lang.Integer.toString(counter)) + .png)): null

2019-01-09 10:47:17 - [TEST_STEP][PASSED] - Statement - counter = counter + 1: null

2019-01-09 10:47:17 - [TEST_STEP][PASSED] - Statement - PreSaveFile = new java.io.File(((pathPrefix + java.lang.Integer.toString(counter)) + .png)): null

2019-01-09 10:47:17 - [TEST_STEP][PASSED] - Statement - counter = counter + 1: null

2019-01-09 10:47:17 - [TEST_STEP][PASSED] - Statement - PreSaveFile = new java.io.File(((pathPrefix + java.lang.Integer.toString(counter)) + .png)): null

2019-01-09 10:47:17 - [TEST_STEP][PASSED] - Statement - counter = counter + 1: null

2019-01-09 10:47:17 - [TEST_STEP][PASSED] - Statement - PreSaveFile = new java.io.File(((pathPrefix + java.lang.Integer.toString(counter)) + .png)): null

2019-01-09 10:47:17 - [TEST_STEP][PASSED] - Statement - counter = counter + 1: null

2019-01-09 10:47:17 - [TEST_STEP][PASSED] - Statement - PreSaveFile = new java.io.File(((pathPrefix + java.lang.Integer.toString(counter)) + .png)): null

2019-01-09 10:47:17 - [TEST_STEP][PASSED] - Statement - counter = counter + 1: null

2019-01-09 10:47:17 - [TEST_STEP][PASSED] - Statement - PreSaveFile = new java.io.File(((pathPrefix + java.lang.Integer.toString(counter)) + .png)): null

2019-01-09 10:47:17 - [TEST_STEP][PASSED] - Statement - counter = counter + 1: null

2019-01-09 10:47:17 - [TEST_STEP][PASSED] - Statement - PreSaveFile = new java.io.File(((pathPrefix + java.lang.Integer.toString(counter)) + .png)): null

2019-01-09 10:47:17 - [TEST_STEP][PASSED] - Statement - counter = counter + 1: null

2019-01-09 10:47:17 - [TEST_STEP][PASSED] - Statement - PreSaveFile = new java.io.File(((pathPrefix + java.lang.Integer.toString(counter)) + .png)): null

2019-01-09 10:47:17 - [TEST_STEP][PASSED] - Statement - counter = counter + 1: null

2019-01-09 10:47:17 - [TEST_STEP][PASSED] - Statement - PreSaveFile = new java.io.File(((pathPrefix + java.lang.Integer.toString(counter)) + .png)): null

2019-01-09 10:47:17 - [TEST_STEP][PASSED] - Statement - counter = counter + 1: null

2019-01-09 10:47:17 - [TEST_STEP][PASSED] - Statement - PreSaveFile = new java.io.File(((pathPrefix + java.lang.Integer.toString(counter)) + .png)): null

2019-01-09 10:47:17 - [TEST_STEP][PASSED] - Statement - counter = counter + 1: null

2019-01-09 10:47:17 - [TEST_STEP][PASSED] - Statement - PreSaveFile = new java.io.File(((pathPrefix + java.lang.Integer.toString(counter)) + .png)): null

2019-01-09 10:47:17 - [TEST_STEP][PASSED] - Statement - counter = counter + 1: null

2019-01-09 10:47:17 - [TEST_STEP][PASSED] - Statement - PreSaveFile = new java.io.File(((pathPrefix + java.lang.Integer.toString(counter)) + .png)): null

2019-01-09 10:47:17 - [TEST_STEP][PASSED] - Statement - counter = counter + 1: null

2019-01-09 10:47:17 - [TEST_STEP][PASSED] - Statement - PreSaveFile = new java.io.File(((pathPrefix + java.lang.Integer.toString(counter)) + .png)): null

2019-01-09 10:47:17 - [TEST_STEP][PASSED] - Statement - counter = counter + 1: null

2019-01-09 10:47:17 - [TEST_STEP][PASSED] - Statement - PreSaveFile = new java.io.File(((pathPrefix + java.lang.Integer.toString(counter)) + .png)): null

2019-01-09 10:47:17 - [TEST_STEP][PASSED] - Statement - counter = counter + 1: null

2019-01-09 10:47:17 - [TEST_STEP][PASSED] - Statement - PreSaveFile = new java.io.File(((pathPrefix + java.lang.Integer.toString(counter)) + .png)): null

2019-01-09 10:47:17 - [TEST_STEP][PASSED] - Statement - counter = counter + 1: null

2019-01-09 10:47:17 - [TEST_STEP][PASSED] - Statement - PreSaveFile = new java.io.File(((pathPrefix + java.lang.Integer.toString(counter)) + .png)): null

2019-01-09 10:47:18 - [TEST_STEP][PASSED] - Statement - counter = counter + 1: null

2019-01-09 10:47:18 - [TEST_STEP][PASSED] - Statement - PreSaveFile = new java.io.File(((pathPrefix + java.lang.Integer.toString(counter)) + .png)): null

2019-01-09 10:47:18 - [TEST_STEP][PASSED] - Statement - counter = counter + 1: null

2019-01-09 10:47:18 - [TEST_STEP][PASSED] - Statement - PreSaveFile = new java.io.File(((pathPrefix + java.lang.Integer.toString(counter)) + .png)): null

2019-01-09 10:47:18 - [TEST_STEP][PASSED] - Statement - counter = counter + 1: null

2019-01-09 10:47:18 - [TEST_STEP][PASSED] - Statement - PreSaveFile = new java.io.File(((pathPrefix + java.lang.Integer.toString(counter)) + .png)): null

2019-01-09 10:47:18 - [TEST_STEP][PASSED] - Statement - counter = counter + 1: null

2019-01-09 10:47:18 - [TEST_STEP][PASSED] - Statement - PreSaveFile = new java.io.File(((pathPrefix + java.lang.Integer.toString(counter)) + .png)): null

2019-01-09 10:47:18 - [TEST_STEP][PASSED] - Statement - counter = counter + 1: null

2019-01-09 10:47:18 - [TEST_STEP][PASSED] - Statement - PreSaveFile = new java.io.File(((pathPrefix + java.lang.Integer.toString(counter)) + .png)): null

2019-01-09 10:47:18 - [TEST_STEP][PASSED] - Statement - counter = counter + 1: null

2019-01-09 10:47:18 - [TEST_STEP][PASSED] - Statement - PreSaveFile = new java.io.File(((pathPrefix + java.lang.Integer.toString(counter)) + .png)): null

2019-01-09 10:47:18 - [TEST_STEP][PASSED] - Statement - counter = counter + 1: null

2019-01-09 10:47:18 - [TEST_STEP][PASSED] - Statement - PreSaveFile = new java.io.File(((pathPrefix + java.lang.Integer.toString(counter)) + .png)): null

2019-01-09 10:47:18 - [TEST_STEP][PASSED] - Statement - finalPath = pathPrefix + java.lang.Integer.toString(counter) + ".png": null

2019-01-09 10:47:18 - [TEST_STEP][PASSED] - Statement - SaveFile = new java.io.File(finalPath): null

2019-01-09 10:47:18 - [TEST_STEP][PASSED] - Statement - Try: null

2019-01-09 10:47:18 - [TEST_STEP][PASSED] - Statement - org.apache.commons.io.FileUtils.copyFile(scrFile, SaveFile): null

2019-01-09 10:47:18 - [TEST_STEP][PASSED] - Statement - out.println("file kept"): null

2019-01-09 10:47:18 - [TEST_STEP][PASSED] - delay: Delayed 10 second(s)

2019-01-09 10:47:28 - [MESSAGE][PASSED] - Delayed 10 second(s)

2019-01-09 10:47:28 - [MESSAGE][PASSED] - Call Test Case 'Test Cases/Final Aug 2018 - PKS Automation/Registration Module/New Registration/Submit and Screenshot/Submit Registration and Screenshot' successfully

2019-01-09 10:47:28 - [TEST_STEP][PASSED] - callTestCase: Call Test Case 'Test Cases/Final Aug 2018 - PKS Automation/Registration Module/Log Out/log out avoiding katalon tagging' successfully

2019-01-09 10:47:28 - [TEST_CASE][PASSED] - Test Cases/Final Aug 2018 - PKS Automation/Registration Module/Log Out/log out avoiding katalon tagging: Test Cases/Final Aug 2018 - PKS Automation/Registration Module/Log Out/log out avoiding katalon tagging

2019-01-09 10:47:29 - [TEST_STEP][PASSED] - navigateToUrl: Navigate to 'https://assist2-uat.perkeso.gov.my/c/portal/logout' successfully

2019-01-09 10:47:30 - [MESSAGE][PASSED] - Navigate to 'https://assist2-uat.perkeso.gov.my/c/portal/logout' successfully

2019-01-09 10:47:30 - [MESSAGE][PASSED] - Call Test Case 'Test Cases/Final Aug 2018 - PKS Automation/Registration Module/Log Out/log out avoiding katalon tagging' successfully

2019-01-09 10:47:30 - [TEST_STEP][PASSED] - callTestCase: Call Test Case 'Test Cases/Final Aug 2018 - PKS Automation/Common/Workflow Owner Finder' successfully

2019-01-09 10:47:30 - [TEST_CASE][PASSED] - Test Cases/Final Aug 2018 - PKS Automation/Common/Workflow Owner Finder: Test Cases/Final Aug 2018 - PKS Automation/Common/Workflow Owner Finder

2019-01-09 10:47:30 - [TEST_STEP][PASSED] - openBrowser: Browser is opened with url: ''

2019-01-09 10:47:30 - [MESSAGE][WARNING] - A browser is already opened. Closing browser and opening a new one

2019-01-09 10:47:33 - [MESSAGE][PASSED] - Browser is opened with url: ''

2019-01-09 10:47:33 - [TEST_STEP][PASSED] - navigateToUrl: Navigate to 'https://assist2-uat.perkeso.gov.my/login' successfully

2019-01-09 10:47:34 - [MESSAGE][PASSED] - Navigate to 'https://assist2-uat.perkeso.gov.my/login' successfully

2019-01-09 10:47:34 - [TEST_STEP][PASSED] - delay: Delayed 5 second(s)

2019-01-09 10:47:39 - [MESSAGE][PASSED] - Delayed 5 second(s)

2019-01-09 10:47:39 - [TEST_STEP][PASSED] - setText: Text 'test@liferay.com' is set on object 'Object Repository/Final Object Repo/Login Page/Internal User/Email Address'

2019-01-09 10:47:40 - [MESSAGE][PASSED] - Text 'test@liferay.com' is set on object 'Object Repository/Final Object Repo/Login Page/Internal User/Email Address'

2019-01-09 10:47:40 - [TEST_STEP][PASSED] - click: Object: 'Object Repository/Final Object Repo/Login Page/Internal User/Next Button' is clicked on

2019-01-09 10:47:40 - [MESSAGE][PASSED] - Object: 'Object Repository/Final Object Repo/Login Page/Internal User/Next Button' is clicked on

2019-01-09 10:47:40 - [TEST_STEP][PASSED] - delay: Delayed 2 second(s)

2019-01-09 10:47:42 - [MESSAGE][PASSED] - Delayed 2 second(s)

2019-01-09 10:47:42 - [TEST_STEP][PASSED] - setText: Text 'test' is set on object 'Object Repository/Final Object Repo/Login Page/Internal User/Password'

2019-01-09 10:47:42 - [MESSAGE][PASSED] - Text 'test' is set on object 'Object Repository/Final Object Repo/Login Page/Internal User/Password'

2019-01-09 10:47:42 - [TEST_STEP][PASSED] - delay: Delayed 2 second(s)

2019-01-09 10:47:44 - [MESSAGE][PASSED] - Delayed 2 second(s)

2019-01-09 10:47:44 - [TEST_STEP][PASSED] - click: Object: 'Object Repository/Final Object Repo/Login Page/Internal User/Login Button' is clicked on

2019-01-09 10:47:44 - [MESSAGE][PASSED] - Object: 'Object Repository/Final Object Repo/Login Page/Internal User/Login Button' is clicked on

2019-01-09 10:47:44 - [TEST_STEP][PASSED] - Statement - tester = com.kms.katalon.core.testobject.ObjectRepository.findTestObject(Final Object Repo/Landing Page/Select to English): Finding Test Object with id 'Object Repository/Final Object Repo/Landing Page/Select to English'

2019-01-09 10:47:44 - [TEST_STEP][PASSED] - Statement - Try: Delayed 2 second(s)

2019-01-09 10:47:44 - [TEST_STEP][PASSED] - Statement - Checker = com.kms.katalon.core.webui.keyword.WebUiBuiltInKeywords.verifyElementNotPresent(tester, 3): Web element with id: 'Object Repository/Final Object Repo/Landing Page/Select to English' located by 'By.xpath: //a[@class = 'taglib-language-list-text' and @lang = 'en-US' and (contains(text(), 'EN') or contains(., 'EN'))]' is not present after '3' second(s)

2019-01-09 10:47:46 - [MESSAGE][PASSED] - Web element with id: 'Object Repository/Final Object Repo/Landing Page/Select to English' located by 'By.xpath: //a[@class = 'taglib-language-list-text' and @lang = 'en-US' and (contains(text(), 'EN') or contains(., 'EN'))]' is not present after '3' second(s)

2019-01-09 10:47:46 - [TEST_STEP][PASSED] - Statement - If (Checker == false): null

2019-01-09 10:47:46 - [TEST_STEP][PASSED] - delay: Delayed 2 second(s)

2019-01-09 10:47:48 - [MESSAGE][PASSED] - Delayed 2 second(s)

2019-01-09 10:47:48 - [TEST_STEP][PASSED] - delay: Delayed 5 second(s)

2019-01-09 10:47:53 - [MESSAGE][PASSED] - Delayed 5 second(s)

2019-01-09 10:47:53 - [TEST_STEP][PASSED] - mouseOver: Object: 'Object Repository/Final Object Repo/Landing Page/WorkFlow Menu' is hovered

2019-01-09 10:47:54 - [MESSAGE][PASSED] - Object: 'Object Repository/Final Object Repo/Landing Page/WorkFlow Menu' is hovered

2019-01-09 10:47:54 - [TEST_STEP][PASSED] - delay: Delayed 2 second(s)

2019-01-09 10:47:56 - [MESSAGE][PASSED] - Delayed 2 second(s)

2019-01-09 10:47:56 - [TEST_STEP][PASSED] - click: Object: 'Object Repository/Final Object Repo/Landing Page/Select to Workflow Listing' is clicked on

2019-01-09 10:47:57 - [MESSAGE][PASSED] - Object: 'Object Repository/Final Object Repo/Landing Page/Select to Workflow Listing' is clicked on

2019-01-09 10:47:57 - [TEST_STEP][PASSED] - delay: Delayed 2 second(s)

2019-01-09 10:47:59 - [MESSAGE][PASSED] - Delayed 2 second(s)

2019-01-09 10:47:59 - [TEST_STEP][PASSED] - click: Object: 'Object Repository/Final Object Repo/WorkFlow Listing Page/Search Information - To Put Ref No' is clicked on

2019-01-09 10:47:59 - [MESSAGE][PASSED] - Object: 'Object Repository/Final Object Repo/WorkFlow Listing Page/Search Information - To Put Ref No' is clicked on

2019-01-09 10:47:59 - [TEST_STEP][PASSED] - delay: Delayed 2 second(s)

2019-01-09 10:48:01 - [MESSAGE][PASSED] - Delayed 2 second(s)

2019-01-09 10:48:01 - [TEST_STEP][PASSED] - callTestCase: Call Test Case 'Test Cases/Final Aug 2018 - PKS Automation/Common/Reference Number Getter' successfully

2019-01-09 10:48:01 - [TEST_CASE][PASSED] - Test Cases/Final Aug 2018 - PKS Automation/Common/Reference Number Getter: Test Cases/Final Aug 2018 - PKS Automation/Common/Reference Number Getter

2019-01-09 10:48:01 - [TEST_STEP][PASSED] - Statement - Try: null

2019-01-09 10:48:01 - [TEST_STEP][PASSED] - Statement - RefNo = new java.io.File(C://Users//Admin//Desktop//PKS//Automation Reference Point//KatalonReference.txt): null

2019-01-09 10:48:01 - [TEST_STEP][PASSED] - Statement - bufferread = new java.io.BufferedReader(new java.io.FileReader(RefNo)): null

2019-01-09 10:48:01 - [TEST_STEP][PASSED] - Statement - readedVal = bufferread.readLine(): null

2019-01-09 10:48:01 - [TEST_STEP][PASSED] - Statement - out.println(CaseReferenceNo): null

2019-01-09 10:48:01 - [TEST_STEP][PASSED] - Statement - out.println(readedVal): null

2019-01-09 10:48:01 - [TEST_STEP][PASSED] - Statement - CaseReferenceNo = "": null

2019-01-09 10:48:01 - [TEST_STEP][PASSED] - Statement - CaseReferenceNo = readedVal: null

2019-01-09 10:48:01 - [MESSAGE][PASSED] - Call Test Case 'Test Cases/Final Aug 2018 - PKS Automation/Common/Reference Number Getter' successfully

2019-01-09 10:48:01 - [TEST_STEP][PASSED] - setText: Text 'CRN01201900123665' is set on object 'Object Repository/Final Object Repo/WorkFlow Listing Page/Ref No Set Text'

2019-01-09 10:48:02 - [MESSAGE][PASSED] - Text 'CRN01201900123665' is set on object 'Object Repository/Final Object Repo/WorkFlow Listing Page/Ref No Set Text'

2019-01-09 10:48:02 - [TEST_STEP][PASSED] - delay: Delayed 2 second(s)

2019-01-09 10:48:04 - [MESSAGE][PASSED] - Delayed 2 second(s)

2019-01-09 10:48:04 - [TEST_STEP][PASSED] - click: Object: 'Object Repository/Final Object Repo/WorkFlow Listing Page/Search Ref No Search Button' is clicked on

2019-01-09 10:48:04 - [MESSAGE][PASSED] - Object: 'Object Repository/Final Object Repo/WorkFlow Listing Page/Search Ref No Search Button' is clicked on

2019-01-09 10:48:04 - [TEST_STEP][PASSED] - delay: Delayed 6 second(s)

2019-01-09 10:48:10 - [MESSAGE][PASSED] - Delayed 6 second(s)

2019-01-09 10:48:10 - [TEST_STEP][PASSED] - click: Object: 'Object Repository/Final Object Repo/WorkFlow Listing Page/Click Continue Tooltip' is clicked on

2019-01-09 10:48:11 - [MESSAGE][PASSED] - Object: 'Object Repository/Final Object Repo/WorkFlow Listing Page/Click Continue Tooltip' is clicked on

2019-01-09 10:48:11 - [TEST_STEP][PASSED] - delay: Delayed 5 second(s)

2019-01-09 10:48:16 - [MESSAGE][PASSED] - Delayed 5 second(s)

2019-01-09 10:48:16 - [TEST_STEP][PASSED] - doubleClick: Object: 'Object Repository/Final Object Repo/WorkFlow Listing Page/Workflow Found - Listing 1' is double clicked on

2019-01-09 10:48:16 - [MESSAGE][PASSED] - Object: 'Object Repository/Final Object Repo/WorkFlow Listing Page/Workflow Found - Listing 1' is double clicked on

2019-01-09 10:48:16 - [TEST_STEP][PASSED] - Statement - println(OwnerID): null

2019-01-09 10:48:16 - [TEST_STEP][PASSED] - Statement - OwnerID = com.kms.katalon.core.webui.keyword.WebUiBuiltInKeywords.getText(com.kms.katalon.core.testobject.ObjectRepository.findTestObject(Final Object Repo/WorkFlow Listing Page/Workflow Found - Listing 1), STOP_ON_FAILURE): Text of object 'Object Repository/Final Object Repo/WorkFlow Listing Page/Workflow Found - Listing 1' is: 'JOHORpkrbo2'

2019-01-09 10:48:16 - [MESSAGE][PASSED] - Text of object 'Object Repository/Final Object Repo/WorkFlow Listing Page/Workflow Found - Listing 1' is: 'JOHORpkrbo2'

2019-01-09 10:48:16 - [TEST_STEP][PASSED] - Statement - OwnerID = OwnerID.toLowerCase() + "@gmail.com": null

2019-01-09 10:48:16 - [TEST_STEP][PASSED] - Statement - println(OwnerID): null

2019-01-09 10:48:16 - [TEST_STEP][PASSED] - delay: Delayed 2 second(s)

2019-01-09 10:48:18 - [MESSAGE][PASSED] - Delayed 2 second(s)

2019-01-09 10:48:18 - [MESSAGE][PASSED] - Call Test Case 'Test Cases/Final Aug 2018 - PKS Automation/Common/Workflow Owner Finder' successfully

2019-01-09 10:48:18 - [TEST_STEP][PASSED] - callTestCase: Call Test Case 'Test Cases/Final Aug 2018 - PKS Automation/Registration Module/Log Out/log out avoiding katalon tagging' successfully

2019-01-09 10:48:18 - [TEST_CASE][PASSED] - Test Cases/Final Aug 2018 - PKS Automation/Registration Module/Log Out/log out avoiding katalon tagging: Test Cases/Final Aug 2018 - PKS Automation/Registration Module/Log Out/log out avoiding katalon tagging

2019-01-09 10:48:18 - [TEST_STEP][PASSED] - navigateToUrl: Navigate to 'https://assist2-uat.perkeso.gov.my/c/portal/logout' successfully

2019-01-09 10:48:19 - [MESSAGE][PASSED] - Navigate to 'https://assist2-uat.perkeso.gov.my/c/portal/logout' successfully

2019-01-09 10:48:19 - [MESSAGE][PASSED] - Call Test Case 'Test Cases/Final Aug 2018 - PKS Automation/Registration Module/Log Out/log out avoiding katalon tagging' successfully

2019-01-09 10:48:19 - [TEST_STEP][PASSED] - delay: Delayed 2 second(s)

2019-01-09 10:48:21 - [MESSAGE][PASSED] - Delayed 2 second(s)

2019-01-09 10:48:21 - [TEST_STEP][PASSED] - setText: Text 'johorpkrbo2@gmail.com' is set on object 'Object Repository/Final Object Repo/New Registration - Registration Module Pages/Incomplete - PKRBO/Email TextBox'

2019-01-09 10:48:21 - [MESSAGE][PASSED] - Text 'johorpkrbo2@gmail.com' is set on object 'Object Repository/Final Object Repo/New Registration - Registration Module Pages/Incomplete - PKRBO/Email TextBox'

2019-01-09 10:48:21 - [TEST_STEP][PASSED] - click: Object: 'Object Repository/Final Object Repo/New Registration - Registration Module Pages/Incomplete - PKRBO/Next Button' is clicked on

2019-01-09 10:48:22 - [MESSAGE][PASSED] - Object: 'Object Repository/Final Object Repo/New Registration - Registration Module Pages/Incomplete - PKRBO/Next Button' is clicked on

2019-01-09 10:48:22 - [TEST_STEP][PASSED] - delay: Delayed 2 second(s)

2019-01-09 10:48:24 - [MESSAGE][PASSED] - Delayed 2 second(s)

2019-01-09 10:48:24 - [TEST_STEP][PASSED] - setText: Text 'Test1@3456789' is set on object 'Object Repository/Final Object Repo/New Registration - Registration Module Pages/Incomplete - PKRBO/Password TextBox'

2019-01-09 10:48:24 - [MESSAGE][PASSED] - Text 'Test1@3456789' is set on object 'Object Repository/Final Object Repo/New Registration - Registration Module Pages/Incomplete - PKRBO/Password TextBox'

2019-01-09 10:48:24 - [TEST_STEP][PASSED] - delay: Delayed 2 second(s)

2019-01-09 10:48:26 - [MESSAGE][PASSED] - Delayed 2 second(s)

2019-01-09 10:48:26 - [TEST_STEP][PASSED] - click: Object: 'Object Repository/Final Object Repo/New Registration - Registration Module Pages/Incomplete - PKRBO/Login Button' is clicked on

2019-01-09 10:48:26 - [MESSAGE][PASSED] - Object: 'Object Repository/Final Object Repo/New Registration - Registration Module Pages/Incomplete - PKRBO/Login Button' is clicked on

2019-01-09 10:48:26 - [TEST_STEP][PASSED] - Statement - Try: null

2019-01-09 10:48:26 - [TEST_STEP][PASSED] - Statement - Checker = com.kms.katalon.core.webui.keyword.WebUiBuiltInKeywords.verifyElementNotPresent("Final Object Repo/Landing Page/Select to English", 3): null

2019-01-09 10:48:26 - [TEST_STEP][PASSED] - Statement - Catch (Exception e): null

2019-01-09 10:48:26 - [TEST_STEP][PASSED] - Statement - e.printStackTrace(): null

2019-01-09 10:48:26 - [TEST_STEP][PASSED] - delay: Delayed 5 second(s)

2019-01-09 10:48:31 - [MESSAGE][PASSED] - Delayed 5 second(s)

2019-01-09 10:48:31 - [TEST_STEP][PASSED] - click: Object: 'Object Repository/Final Object Repo/New Registration - Registration Module Pages/New Reg - OTC to RO/Special Case - All Related Objects/Expand to Search' is clicked on

2019-01-09 10:48:31 - [MESSAGE][PASSED] - Object: 'Object Repository/Final Object Repo/New Registration - Registration Module Pages/New Reg - OTC to RO/Special Case - All Related Objects/Expand to Search' is clicked on

2019-01-09 10:48:31 - [TEST_STEP][PASSED] - delay: Delayed 1 second(s)

2019-01-09 10:48:32 - [MESSAGE][PASSED] - Delayed 1 second(s)

2019-01-09 10:48:32 - [TEST_STEP][PASSED] - setText: Text 'CRN01201900123665' is set on object 'Object Repository/Final Object Repo/New Registration - Registration Module Pages/New Reg - OTC to RO/Special Case - All Related Objects/TextBox RefNo in Workbasket'

2019-01-09 10:48:33 - [MESSAGE][PASSED] - Text 'CRN01201900123665' is set on object 'Object Repository/Final Object Repo/New Registration - Registration Module Pages/New Reg - OTC to RO/Special Case - All Related Objects/TextBox RefNo in Workbasket'

2019-01-09 10:48:33 - [TEST_STEP][PASSED] - delay: Delayed 2 second(s)

2019-01-09 10:48:35 - [MESSAGE][PASSED] - Delayed 2 second(s)

2019-01-09 10:48:35 - [TEST_STEP][PASSED] - click: Object: 'Object Repository/Final Object Repo/New Registration - Registration Module Pages/New Reg - OTC to RO/Special Case - All Related Objects/Click Search' is clicked on

2019-01-09 10:48:35 - [MESSAGE][PASSED] - Object: 'Object Repository/Final Object Repo/New Registration - Registration Module Pages/New Reg - OTC to RO/Special Case - All Related Objects/Click Search' is clicked on

2019-01-09 10:48:35 - [TEST_STEP][PASSED] - delay: Delayed 2 second(s)

2019-01-09 10:48:37 - [MESSAGE][PASSED] - Delayed 2 second(s)

2019-01-09 10:48:37 - [TEST_STEP][PASSED] - click: Object: 'Object Repository/Final Object Repo/New Registration - Registration Module Pages/New Reg - OTC to RO/Special Case - All Related Objects/Click to Continue Workflow' is clicked on

2019-01-09 10:48:39 - [MESSAGE][PASSED] - Object: 'Object Repository/Final Object Repo/New Registration - Registration Module Pages/New Reg - OTC to RO/Special Case - All Related Objects/Click to Continue Workflow' is clicked on

2019-01-09 10:48:39 - [TEST_STEP][PASSED] - delay: Delayed 5 second(s)

2019-01-09 10:48:44 - [MESSAGE][PASSED] - Delayed 5 second(s)

2019-01-09 10:48:44 - [TEST_STEP][PASSED] - click: Object: 'Object Repository/Final Object Repo/New Registration - Registration Module Pages/Incomplete - PKRBO/Save  Continue Button' is clicked on

2019-01-09 10:48:44 - [MESSAGE][PASSED] - Object: 'Object Repository/Final Object Repo/New Registration - Registration Module Pages/Incomplete - PKRBO/Save  Continue Button' is clicked on

2019-01-09 10:48:44 - [TEST_STEP][PASSED] - delay: Delayed 5 second(s)

2019-01-09 10:48:49 - [MESSAGE][PASSED] - Delayed 5 second(s)

2019-01-09 10:48:49 - [TEST_STEP][PASSED] - click: Object: 'Object Repository/Final Object Repo/New Registration - Registration Module Pages/Form 2/Save and Continue Form 2' is clicked on

2019-01-09 10:48:50 - [MESSAGE][PASSED] - Object: 'Object Repository/Final Object Repo/New Registration - Registration Module Pages/Form 2/Save and Continue Form 2' is clicked on

2019-01-09 10:48:50 - [TEST_STEP][PASSED] - delay: Delayed 4 second(s)

2019-01-09 10:48:54 - [MESSAGE][PASSED] - Delayed 4 second(s)

2019-01-09 10:48:54 - [TEST_STEP][PASSED] - click: Object: 'Object Repository/Final Object Repo/New Registration - Registration Module Pages/Incomplete - PKRBO/Save  Continue Third Screen' is clicked on

2019-01-09 10:48:59 - [MESSAGE][PASSED] - Object: 'Object Repository/Final Object Repo/New Registration - Registration Module Pages/Incomplete - PKRBO/Save  Continue Third Screen' is clicked on

2019-01-09 10:48:59 - [TEST_STEP][PASSED] - delay: Delayed 4 second(s)

2019-01-09 10:49:03 - [MESSAGE][PASSED] - Delayed 4 second(s)

2019-01-09 10:49:03 - [TEST_STEP][PASSED] - click: Object: 'Object Repository/Final Object Repo/New Registration - Registration Module Pages/Incomplete - PKRBO/Save   Continue Supporting Doc Page' is clicked on

2019-01-09 10:49:03 - [MESSAGE][PASSED] - Object: 'Object Repository/Final Object Repo/New Registration - Registration Module Pages/Incomplete - PKRBO/Save   Continue Supporting Doc Page' is clicked on

2019-01-09 10:49:03 - [TEST_STEP][PASSED] - delay: Delayed 4 second(s)

2019-01-09 10:49:07 - [MESSAGE][PASSED] - Delayed 4 second(s)

2019-01-09 10:49:07 - [TEST_STEP][PASSED] - click: Object: 'Object Repository/Final Object Repo/New Registration - Registration Module Pages/Incomplete - PKRBO/Submit Button' is clicked on

2019-01-09 10:49:08 - [MESSAGE][PASSED] - Object: 'Object Repository/Final Object Repo/New Registration - Registration Module Pages/Incomplete - PKRBO/Submit Button' is clicked on

2019-01-09 10:49:08 - [TEST_STEP][PASSED] - delay: Delayed 4 second(s)

2019-01-09 10:49:12 - [MESSAGE][PASSED] - Delayed 4 second(s)

2019-01-09 10:49:12 - [TEST_STEP][PASSED] - click: Object: 'Object Repository/Final Object Repo/New Registration - Registration Module Pages/Incomplete - PKRBO/Confirm Submit Button' is clicked on

2019-01-09 10:49:12 - [MESSAGE][PASSED] - Object: 'Object Repository/Final Object Repo/New Registration - Registration Module Pages/Incomplete - PKRBO/Confirm Submit Button' is clicked on

2019-01-09 10:49:12 - [TEST_STEP][PASSED] - delay: Delayed 30 second(s)

2019-01-09 10:49:42 - [MESSAGE][PASSED] - Delayed 30 second(s)

2019-01-09 10:49:42 - [TEST_STEP][PASSED] - callTestCase: Call Test Case 'Test Cases/Final Aug 2018 - PKS Automation/Common/Screenshoting tool' successfully

2019-01-09 10:49:42 - [TEST_CASE][PASSED] - Test Cases/Final Aug 2018 - PKS Automation/Common/Screenshoting tool: Test Cases/Final Aug 2018 - PKS Automation/Common/Screenshoting tool

2019-01-09 10:49:43 - [TEST_STEP][PASSED] - delay: Delayed 15 second(s)

2019-01-09 10:49:58 - [MESSAGE][PASSED] - Delayed 15 second(s)

2019-01-09 10:49:58 - [TEST_STEP][PASSED] - Statement - driver = com.kms.katalon.core.webui.driver.DriverFactory.getWebDriver(): null

2019-01-09 10:49:58 - [TEST_STEP][PASSED] - Statement - driver.manage().timeouts().implicitlyWait(10, SECONDS): null

2019-01-09 10:49:58 - [TEST_STEP][PASSED] - Statement - PresavePath = KatalonScreenshots: null

2019-01-09 10:49:58 - [TEST_STEP][PASSED] - Statement - pathPrefix = "C:\Users\Public\Pictures\Sample Pictures\Katalon Screenshots\Automate Ending Screen": null

2019-01-09 10:49:58 - [TEST_STEP][PASSED] - Statement - finalPath = <not implemented yet for class: org.codehaus.groovy.ast.expr.EmptyExpression>: null

2019-01-09 10:49:58 - [TEST_STEP][PASSED] - Statement - scrFile = driver.getScreenshotAs(FILE): null

2019-01-09 10:49:58 - [TEST_STEP][PASSED] - Statement - PreSaveFile = new java.io.File(PresavePath): null

2019-01-09 10:49:58 - [TEST_STEP][PASSED] - Statement - counter = 0: null

2019-01-09 10:49:58 - [TEST_STEP][PASSED] - Statement - If (PreSaveFile.exists()): null

2019-01-09 10:49:58 - [TEST_STEP][PASSED] - Statement - While (PreSaveFile.exists()): null

2019-01-09 10:49:58 - [TEST_STEP][PASSED] - Statement - counter = counter + 1: null

2019-01-09 10:49:58 - [TEST_STEP][PASSED] - Statement - PreSaveFile = new java.io.File(((pathPrefix + java.lang.Integer.toString(counter)) + .png)): null

2019-01-09 10:49:58 - [TEST_STEP][PASSED] - Statement - counter = counter + 1: null

2019-01-09 10:49:58 - [TEST_STEP][PASSED] - Statement - PreSaveFile = new java.io.File(((pathPrefix + java.lang.Integer.toString(counter)) + .png)): null

2019-01-09 10:49:58 - [TEST_STEP][PASSED] - Statement - counter = counter + 1: null

2019-01-09 10:49:58 - [TEST_STEP][PASSED] - Statement - PreSaveFile = new java.io.File(((pathPrefix + java.lang.Integer.toString(counter)) + .png)): null

2019-01-09 10:49:58 - [TEST_STEP][PASSED] - Statement - counter = counter + 1: null

2019-01-09 10:49:58 - [TEST_STEP][PASSED] - Statement - PreSaveFile = new java.io.File(((pathPrefix + java.lang.Integer.toString(counter)) + .png)): null

2019-01-09 10:49:58 - [TEST_STEP][PASSED] - Statement - counter = counter + 1: null

2019-01-09 10:49:58 - [TEST_STEP][PASSED] - Statement - PreSaveFile = new java.io.File(((pathPrefix + java.lang.Integer.toString(counter)) + .png)): null

2019-01-09 10:49:58 - [TEST_STEP][PASSED] - Statement - counter = counter + 1: null

2019-01-09 10:49:58 - [TEST_STEP][PASSED] - Statement - PreSaveFile = new java.io.File(((pathPrefix + java.lang.Integer.toString(counter)) + .png)): null

2019-01-09 10:49:58 - [TEST_STEP][PASSED] - Statement - counter = counter + 1: null

2019-01-09 10:49:58 - [TEST_STEP][PASSED] - Statement - PreSaveFile = new java.io.File(((pathPrefix + java.lang.Integer.toString(counter)) + .png)): null

2019-01-09 10:49:58 - [TEST_STEP][PASSED] - Statement - counter = counter + 1: null

2019-01-09 10:49:58 - [TEST_STEP][PASSED] - Statement - PreSaveFile = new java.io.File(((pathPrefix + java.lang.Integer.toString(counter)) + .png)): null

2019-01-09 10:49:58 - [TEST_STEP][PASSED] - Statement - counter = counter + 1: null

2019-01-09 10:49:58 - [TEST_STEP][PASSED] - Statement - PreSaveFile = new java.io.File(((pathPrefix + java.lang.Integer.toString(counter)) + .png)): null

2019-01-09 10:49:58 - [TEST_STEP][PASSED] - Statement - counter = counter + 1: null

2019-01-09 10:49:58 - [TEST_STEP][PASSED] - Statement - PreSaveFile = new java.io.File(((pathPrefix + java.lang.Integer.toString(counter)) + .png)): null

2019-01-09 10:49:58 - [TEST_STEP][PASSED] - Statement - counter = counter + 1: null

2019-01-09 10:49:58 - [TEST_STEP][PASSED] - Statement - PreSaveFile = new java.io.File(((pathPrefix + java.lang.Integer.toString(counter)) + .png)): null

2019-01-09 10:49:58 - [TEST_STEP][PASSED] - Statement - counter = counter + 1: null

2019-01-09 10:49:58 - [TEST_STEP][PASSED] - Statement - PreSaveFile = new java.io.File(((pathPrefix + java.lang.Integer.toString(counter)) + .png)): null

2019-01-09 10:49:58 - [TEST_STEP][PASSED] - Statement - counter = counter + 1: null

2019-01-09 10:49:58 - [TEST_STEP][PASSED] - Statement - PreSaveFile = new java.io.File(((pathPrefix + java.lang.Integer.toString(counter)) + .png)): null

2019-01-09 10:49:58 - [TEST_STEP][PASSED] - Statement - counter = counter + 1: null

2019-01-09 10:49:58 - [TEST_STEP][PASSED] - Statement - PreSaveFile = new java.io.File(((pathPrefix + java.lang.Integer.toString(counter)) + .png)): null

2019-01-09 10:49:58 - [TEST_STEP][PASSED] - Statement - counter = counter + 1: null

2019-01-09 10:49:58 - [TEST_STEP][PASSED] - Statement - PreSaveFile = new java.io.File(((pathPrefix + java.lang.Integer.toString(counter)) + .png)): null

2019-01-09 10:49:58 - [TEST_STEP][PASSED] - Statement - counter = counter + 1: null

2019-01-09 10:49:58 - [TEST_STEP][PASSED] - Statement - PreSaveFile = new java.io.File(((pathPrefix + java.lang.Integer.toString(counter)) + .png)): null

2019-01-09 10:49:58 - [TEST_STEP][PASSED] - Statement - counter = counter + 1: null

2019-01-09 10:49:58 - [TEST_STEP][PASSED] - Statement - PreSaveFile = new java.io.File(((pathPrefix + java.lang.Integer.toString(counter)) + .png)): null

2019-01-09 10:49:58 - [TEST_STEP][PASSED] - Statement - counter = counter + 1: null

2019-01-09 10:49:58 - [TEST_STEP][PASSED] - Statement - PreSaveFile = new java.io.File(((pathPrefix + java.lang.Integer.toString(counter)) + .png)): null

2019-01-09 10:49:58 - [TEST_STEP][PASSED] - Statement - counter = counter + 1: null

2019-01-09 10:49:58 - [TEST_STEP][PASSED] - Statement - PreSaveFile = new java.io.File(((pathPrefix + java.lang.Integer.toString(counter)) + .png)): null

2019-01-09 10:49:59 - [TEST_STEP][PASSED] - Statement - counter = counter + 1: null

2019-01-09 10:49:59 - [TEST_STEP][PASSED] - Statement - PreSaveFile = new java.io.File(((pathPrefix + java.lang.Integer.toString(counter)) + .png)): null

2019-01-09 10:49:59 - [TEST_STEP][PASSED] - Statement - counter = counter + 1: null

2019-01-09 10:49:59 - [TEST_STEP][PASSED] - Statement - PreSaveFile = new java.io.File(((pathPrefix + java.lang.Integer.toString(counter)) + .png)): null

2019-01-09 10:49:59 - [TEST_STEP][PASSED] - Statement - counter = counter + 1: null

2019-01-09 10:49:59 - [TEST_STEP][PASSED] - Statement - PreSaveFile = new java.io.File(((pathPrefix + java.lang.Integer.toString(counter)) + .png)): null

2019-01-09 10:49:59 - [TEST_STEP][PASSED] - Statement - counter = counter + 1: null

2019-01-09 10:49:59 - [TEST_STEP][PASSED] - Statement - PreSaveFile = new java.io.File(((pathPrefix + java.lang.Integer.toString(counter)) + .png)): null

2019-01-09 10:49:59 - [TEST_STEP][PASSED] - Statement - counter = counter + 1: null

2019-01-09 10:49:59 - [TEST_STEP][PASSED] - Statement - PreSaveFile = new java.io.File(((pathPrefix + java.lang.Integer.toString(counter)) + .png)): null

2019-01-09 10:49:59 - [TEST_STEP][PASSED] - Statement - counter = counter + 1: null

2019-01-09 10:49:59 - [TEST_STEP][PASSED] - Statement - PreSaveFile = new java.io.File(((pathPrefix + java.lang.Integer.toString(counter)) + .png)): null

2019-01-09 10:49:59 - [TEST_STEP][PASSED] - Statement - counter = counter + 1: null

2019-01-09 10:49:59 - [TEST_STEP][PASSED] - Statement - PreSaveFile = new java.io.File(((pathPrefix + java.lang.Integer.toString(counter)) + .png)): null

2019-01-09 10:49:59 - [TEST_STEP][PASSED] - Statement - counter = counter + 1: null

2019-01-09 10:49:59 - [TEST_STEP][PASSED] - Statement - PreSaveFile = new java.io.File(((pathPrefix + java.lang.Integer.toString(counter)) + .png)): null

2019-01-09 10:49:59 - [TEST_STEP][PASSED] - Statement - counter = counter + 1: null

2019-01-09 10:49:59 - [TEST_STEP][PASSED] - Statement - PreSaveFile = new java.io.File(((pathPrefix + java.lang.Integer.toString(counter)) + .png)): null

2019-01-09 10:49:59 - [TEST_STEP][PASSED] - Statement - counter = counter + 1: null

2019-01-09 10:49:59 - [TEST_STEP][PASSED] - Statement - PreSaveFile = new java.io.File(((pathPrefix + java.lang.Integer.toString(counter)) + .png)): null

2019-01-09 10:49:59 - [TEST_STEP][PASSED] - Statement - counter = counter + 1: null

2019-01-09 10:49:59 - [TEST_STEP][PASSED] - Statement - PreSaveFile = new java.io.File(((pathPrefix + java.lang.Integer.toString(counter)) + .png)): null

2019-01-09 10:49:59 - [TEST_STEP][PASSED] - Statement - counter = counter + 1: null

2019-01-09 10:49:59 - [TEST_STEP][PASSED] - Statement - PreSaveFile = new java.io.File(((pathPrefix + java.lang.Integer.toString(counter)) + .png)): null

2019-01-09 10:49:59 - [TEST_STEP][PASSED] - Statement - counter = counter + 1: null

2019-01-09 10:49:59 - [TEST_STEP][PASSED] - Statement - PreSaveFile = new java.io.File(((pathPrefix + java.lang.Integer.toString(counter)) + .png)): null

2019-01-09 10:49:59 - [TEST_STEP][PASSED] - Statement - counter = counter + 1: null

2019-01-09 10:49:59 - [TEST_STEP][PASSED] - Statement - PreSaveFile = new java.io.File(((pathPrefix + java.lang.Integer.toString(counter)) + .png)): null

2019-01-09 10:49:59 - [TEST_STEP][PASSED] - Statement - counter = counter + 1: null

2019-01-09 10:49:59 - [TEST_STEP][PASSED] - Statement - PreSaveFile = new java.io.File(((pathPrefix + java.lang.Integer.toString(counter)) + .png)): null

2019-01-09 10:49:59 - [TEST_STEP][PASSED] - Statement - counter = counter + 1: null

2019-01-09 10:49:59 - [TEST_STEP][PASSED] - Statement - PreSaveFile = new java.io.File(((pathPrefix + java.lang.Integer.toString(counter)) + .png)): null

2019-01-09 10:49:59 - [TEST_STEP][PASSED] - Statement - counter = counter + 1: null

2019-01-09 10:49:59 - [TEST_STEP][PASSED] - Statement - PreSaveFile = new java.io.File(((pathPrefix + java.lang.Integer.toString(counter)) + .png)): null

2019-01-09 10:49:59 - [TEST_STEP][PASSED] - Statement - counter = counter + 1: null

2019-01-09 10:49:59 - [TEST_STEP][PASSED] - Statement - PreSaveFile = new java.io.File(((pathPrefix + java.lang.Integer.toString(counter)) + .png)): null

2019-01-09 10:49:59 - [TEST_STEP][PASSED] - Statement - counter = counter + 1: null

2019-01-09 10:49:59 - [TEST_STEP][PASSED] - Statement - PreSaveFile = new java.io.File(((pathPrefix + java.lang.Integer.toString(counter)) + .png)): null

2019-01-09 10:50:00 - [TEST_STEP][PASSED] - Statement - counter = counter + 1: null

2019-01-09 10:50:00 - [TEST_STEP][PASSED] - Statement - PreSaveFile = new java.io.File(((pathPrefix + java.lang.Integer.toString(counter)) + .png)): null

2019-01-09 10:50:00 - [TEST_STEP][PASSED] - Statement - counter = counter + 1: null

2019-01-09 10:50:00 - [TEST_STEP][PASSED] - Statement - PreSaveFile = new java.io.File(((pathPrefix + java.lang.Integer.toString(counter)) + .png)): null

2019-01-09 10:50:00 - [TEST_STEP][PASSED] - Statement - counter = counter + 1: null

2019-01-09 10:50:00 - [TEST_STEP][PASSED] - Statement - PreSaveFile = new java.io.File(((pathPrefix + java.lang.Integer.toString(counter)) + .png)): null

2019-01-09 10:50:00 - [TEST_STEP][PASSED] - Statement - finalPath = pathPrefix + java.lang.Integer.toString(counter) + ".png": null

2019-01-09 10:50:00 - [TEST_STEP][PASSED] - Statement - SaveFile = new java.io.File(finalPath): null

2019-01-09 10:50:00 - [TEST_STEP][PASSED] - Statement - Try: null

2019-01-09 10:50:00 - [TEST_STEP][PASSED] - Statement - org.apache.commons.io.FileUtils.copyFile(scrFile, SaveFile): null

2019-01-09 10:50:00 - [TEST_STEP][PASSED] - Statement - out.println("file kept"): null

2019-01-09 10:50:00 - [TEST_STEP][PASSED] - delay: Delayed 10 second(s)

2019-01-09 10:50:10 - [MESSAGE][PASSED] - Delayed 10 second(s)

2019-01-09 10:50:10 - [MESSAGE][PASSED] - Call Test Case 'Test Cases/Final Aug 2018 - PKS Automation/Common/Screenshoting tool' successfully

2019-01-09 10:50:10 - [TEST_STEP][PASSED] - callTestCase: Call Test Case 'Test Cases/Final Aug 2018 - PKS Automation/Registration Module/Log Out/log out avoiding katalon tagging' successfully

2019-01-09 10:50:10 - [TEST_CASE][PASSED] - Test Cases/Final Aug 2018 - PKS Automation/Registration Module/Log Out/log out avoiding katalon tagging: Test Cases/Final Aug 2018 - PKS Automation/Registration Module/Log Out/log out avoiding katalon tagging

2019-01-09 10:50:10 - [TEST_STEP][PASSED] - navigateToUrl: Navigate to 'https://assist2-uat.perkeso.gov.my/c/portal/logout' successfully

2019-01-09 10:50:11 - [MESSAGE][PASSED] - Navigate to 'https://assist2-uat.perkeso.gov.my/c/portal/logout' successfully

2019-01-09 10:50:11 - [MESSAGE][PASSED] - Call Test Case 'Test Cases/Final Aug 2018 - PKS Automation/Registration Module/Log Out/log out avoiding katalon tagging' successfully]]></system-out>
         <system-err><![CDATA[]]></system-err>
      </testcase>
      <testcase name="Test Cases/Final Aug 2018 - PKS Automation/Registration Module/Workflow/New Registration/Case OTC to RO - Query - Submit" classname="Test Cases/Final Aug 2018 - PKS Automation/Registration Module/Workflow/New Registration/Case OTC to RO - Query - Submit" status="PASSED">
         <system-out><![CDATA[2019-01-09 10:50:11 - [TEST_CASE][PASSED] - Test Cases/Final Aug 2018 - PKS Automation/Registration Module/Workflow/New Registration/Case OTC to RO - Query - Submit: Test Cases/Final Aug 2018 - PKS Automation/Registration Module/Workflow/New Registration/Case OTC to RO - Query - Submit

2019-01-09 10:50:11 - [TEST_STEP][PASSED] - callTestCase: Call Test Case 'Test Cases/Final Aug 2018 - PKS Automation/Registration Module/Workflow/New Registration/Template/Special Case - OTC - Form 1' successfully

2019-01-09 10:50:11 - [TEST_CASE][PASSED] - Test Cases/Final Aug 2018 - PKS Automation/Registration Module/Workflow/New Registration/Template/Special Case - OTC - Form 1: Test Cases/Final Aug 2018 - PKS Automation/Registration Module/Workflow/New Registration/Template/Special Case - OTC - Form 1

2019-01-09 10:50:12 - [TEST_STEP][PASSED] - openBrowser: Browser is opened with url: ''

2019-01-09 10:50:12 - [MESSAGE][WARNING] - A browser is already opened. Closing browser and opening a new one

2019-01-09 10:50:14 - [MESSAGE][PASSED] - Browser is opened with url: ''

2019-01-09 10:50:14 - [TEST_STEP][PASSED] - navigateToUrl: Navigate to 'https://assist2-uat.perkeso.gov.my/login' successfully

2019-01-09 10:50:16 - [MESSAGE][PASSED] - Navigate to 'https://assist2-uat.perkeso.gov.my/login' successfully

2019-01-09 10:50:16 - [TEST_STEP][PASSED] - delay: Delayed 2 second(s)

2019-01-09 10:50:18 - [MESSAGE][PASSED] - Delayed 2 second(s)

2019-01-09 10:50:18 - [TEST_STEP][PASSED] - setText: Text 'klotc2@gmail.com' is set on object 'Object Repository/Final Object Repo/Login Page/Internal User/Email Address'

2019-01-09 10:50:18 - [MESSAGE][PASSED] - Text 'klotc2@gmail.com' is set on object 'Object Repository/Final Object Repo/Login Page/Internal User/Email Address'

2019-01-09 10:50:18 - [TEST_STEP][PASSED] - click: Object: 'Object Repository/Final Object Repo/Login Page/Internal User/Next Button' is clicked on

2019-01-09 10:50:18 - [MESSAGE][PASSED] - Object: 'Object Repository/Final Object Repo/Login Page/Internal User/Next Button' is clicked on

2019-01-09 10:50:18 - [TEST_STEP][PASSED] - delay: Delayed 2 second(s)

2019-01-09 10:50:20 - [MESSAGE][PASSED] - Delayed 2 second(s)

2019-01-09 10:50:20 - [TEST_STEP][PASSED] - setText: Text 'Test1@3456789' is set on object 'Object Repository/Final Object Repo/Login Page/Internal User/Password'

2019-01-09 10:50:20 - [MESSAGE][PASSED] - Text 'Test1@3456789' is set on object 'Object Repository/Final Object Repo/Login Page/Internal User/Password'

2019-01-09 10:50:20 - [TEST_STEP][PASSED] - delay: Delayed 2 second(s)

2019-01-09 10:50:22 - [MESSAGE][PASSED] - Delayed 2 second(s)

2019-01-09 10:50:22 - [TEST_STEP][PASSED] - click: Object: 'Object Repository/Final Object Repo/Login Page/Internal User/Login Button' is clicked on

2019-01-09 10:50:23 - [MESSAGE][PASSED] - Object: 'Object Repository/Final Object Repo/Login Page/Internal User/Login Button' is clicked on

2019-01-09 10:50:23 - [TEST_STEP][PASSED] - Statement - Try: null

2019-01-09 10:50:23 - [TEST_STEP][PASSED] - Statement - Checker = com.kms.katalon.core.webui.keyword.WebUiBuiltInKeywords.verifyElementNotPresent("Final Object Repo/Landing Page/Select to English", 3): null

2019-01-09 10:50:23 - [TEST_STEP][PASSED] - Statement - Catch (Exception e): null

2019-01-09 10:50:23 - [TEST_STEP][PASSED] - Statement - e.printStackTrace(): null

2019-01-09 10:50:23 - [TEST_STEP][PASSED] - delay: Delayed 5 second(s)

2019-01-09 10:50:28 - [MESSAGE][PASSED] - Delayed 5 second(s)

2019-01-09 10:50:28 - [TEST_STEP][PASSED] - click: Object: 'Object Repository/Final Object Repo/Landing Page/My Sites Drop Down' is clicked on

2019-01-09 10:50:28 - [MESSAGE][PASSED] - Object: 'Object Repository/Final Object Repo/Landing Page/My Sites Drop Down' is clicked on

2019-01-09 10:50:28 - [TEST_STEP][PASSED] - click: Object: 'Object Repository/Final Object Repo/Landing Page/Select to Registration Module' is clicked on

2019-01-09 10:50:29 - [MESSAGE][PASSED] - Object: 'Object Repository/Final Object Repo/Landing Page/Select to Registration Module' is clicked on

2019-01-09 10:50:29 - [TEST_STEP][PASSED] - click: Object: 'Object Repository/Final Object Repo/Landing Page/Registration Button' is clicked on

2019-01-09 10:50:30 - [MESSAGE][PASSED] - Object: 'Object Repository/Final Object Repo/Landing Page/Registration Button' is clicked on

2019-01-09 10:50:30 - [TEST_STEP][PASSED] - delay: Delayed 2 second(s)

2019-01-09 10:50:32 - [MESSAGE][PASSED] - Delayed 2 second(s)

2019-01-09 10:50:32 - [TEST_STEP][PASSED] - click: Object: 'Object Repository/Final Object Repo/New Registration - Registration Module Pages/New Reg - OTC to RO/Special Case - OTC - Form 1/AEC NO' is clicked on

2019-01-09 10:50:33 - [MESSAGE][PASSED] - Object: 'Object Repository/Final Object Repo/New Registration - Registration Module Pages/New Reg - OTC to RO/Special Case - OTC - Form 1/AEC NO' is clicked on

2019-01-09 10:50:33 - [TEST_STEP][PASSED] - click: Object: 'Object Repository/Final Object Repo/New Registration - Registration Module Pages/New Reg - OTC to RO/Special Case - OTC - Form 1/Business Entity - Please Select' is clicked on

2019-01-09 10:50:33 - [MESSAGE][PASSED] - Object: 'Object Repository/Final Object Repo/New Registration - Registration Module Pages/New Reg - OTC to RO/Special Case - OTC - Form 1/Business Entity - Please Select' is clicked on

2019-01-09 10:50:33 - [TEST_STEP][PASSED] - click: Object: 'Object Repository/Final Object Repo/New Registration - Registration Module Pages/New Reg - OTC to RO/Special Case - OTC - Form 1/Selected - Corporation' is clicked on

2019-01-09 10:50:33 - [MESSAGE][PASSED] - Object: 'Object Repository/Final Object Repo/New Registration - Registration Module Pages/New Reg - OTC to RO/Special Case - OTC - Form 1/Selected - Corporation' is clicked on

2019-01-09 10:50:33 - [TEST_STEP][PASSED] - delay: Delayed 2 second(s)

2019-01-09 10:50:35 - [MESSAGE][PASSED] - Delayed 2 second(s)

2019-01-09 10:50:35 - [TEST_STEP][PASSED] - click: Object: 'Object Repository/Final Object Repo/New Registration - Registration Module Pages/New Reg - OTC to RO/Special Case - OTC - Form 1/Sub Business Entity - Please Select' is clicked on

2019-01-09 10:50:35 - [MESSAGE][PASSED] - Object: 'Object Repository/Final Object Repo/New Registration - Registration Module Pages/New Reg - OTC to RO/Special Case - OTC - Form 1/Sub Business Entity - Please Select' is clicked on

2019-01-09 10:50:35 - [TEST_STEP][PASSED] - delay: Delayed 2 second(s)

2019-01-09 10:50:37 - [MESSAGE][PASSED] - Delayed 2 second(s)

2019-01-09 10:50:37 - [TEST_STEP][PASSED] - click: Object: 'Object Repository/Final Object Repo/New Registration - Registration Module Pages/New Reg - OTC to RO/Special Case - OTC - Form 1/Selected - Sendirian Berhad' is clicked on

2019-01-09 10:50:38 - [MESSAGE][PASSED] - Object: 'Object Repository/Final Object Repo/New Registration - Registration Module Pages/New Reg - OTC to RO/Special Case - OTC - Form 1/Selected - Sendirian Berhad' is clicked on

2019-01-09 10:50:38 - [TEST_STEP][PASSED] - setText: Text 'AUTOMATE001' is set on object 'Object Repository/Final Object Repo/New Registration - Registration Module Pages/New Reg - OTC to RO/Special Case - OTC - Form 1/Input BRN Number'

2019-01-09 10:50:38 - [MESSAGE][PASSED] - Text 'AUTOMATE001' is set on object 'Object Repository/Final Object Repo/New Registration - Registration Module Pages/New Reg - OTC to RO/Special Case - OTC - Form 1/Input BRN Number'

2019-01-09 10:50:38 - [TEST_STEP][PASSED] - delay: Delayed 2 second(s)

2019-01-09 10:50:40 - [MESSAGE][PASSED] - Delayed 2 second(s)

2019-01-09 10:50:40 - [TEST_STEP][PASSED] - click: Object: 'Object Repository/Final Object Repo/New Registration - Registration Module Pages/New Reg - OTC to RO/Special Case - OTC - Form 1/BRN Search' is clicked on

2019-01-09 10:50:40 - [MESSAGE][PASSED] - Object: 'Object Repository/Final Object Repo/New Registration - Registration Module Pages/New Reg - OTC to RO/Special Case - OTC - Form 1/BRN Search' is clicked on

2019-01-09 10:50:40 - [TEST_STEP][PASSED] - delay: Delayed 4 second(s)

2019-01-09 10:50:44 - [MESSAGE][PASSED] - Delayed 4 second(s)

2019-01-09 10:50:44 - [TEST_STEP][PASSED] - click: Object: 'Object Repository/Final Object Repo/New Registration - Registration Module Pages/New Reg - OTC to RO/Special Case - OTC - Form 1/Registered with SSM - After Feb 2017' is clicked on

2019-01-09 10:50:44 - [MESSAGE][PASSED] - Object: 'Object Repository/Final Object Repo/New Registration - Registration Module Pages/New Reg - OTC to RO/Special Case - OTC - Form 1/Registered with SSM - After Feb 2017' is clicked on

2019-01-09 10:50:44 - [TEST_STEP][PASSED] - delay: Delayed 2 second(s)

2019-01-09 10:50:46 - [MESSAGE][PASSED] - Delayed 2 second(s)

2019-01-09 10:50:46 - [TEST_STEP][PASSED] - click: Object: 'Object Repository/Final Object Repo/New Registration - Registration Module Pages/New Reg - OTC to RO/Special Case - OTC - Form 1/Registering As A Branch - No' is clicked on

2019-01-09 10:50:47 - [MESSAGE][PASSED] - Object: 'Object Repository/Final Object Repo/New Registration - Registration Module Pages/New Reg - OTC to RO/Special Case - OTC - Form 1/Registering As A Branch - No' is clicked on

2019-01-09 10:50:47 - [TEST_STEP][PASSED] - click: Object: 'Object Repository/Final Object Repo/New Registration - Registration Module Pages/New Reg - OTC to RO/Special Case - OTC - Form 1/Acknowledgement Ticked' is clicked on

2019-01-09 10:50:47 - [MESSAGE][PASSED] - Object: 'Object Repository/Final Object Repo/New Registration - Registration Module Pages/New Reg - OTC to RO/Special Case - OTC - Form 1/Acknowledgement Ticked' is clicked on

2019-01-09 10:50:47 - [TEST_STEP][PASSED] - click: Object: 'Object Repository/Final Object Repo/New Registration - Registration Module Pages/New Reg - OTC to RO/Special Case - OTC - Form 1/Submit Button' is clicked on

2019-01-09 10:50:47 - [MESSAGE][PASSED] - Object: 'Object Repository/Final Object Repo/New Registration - Registration Module Pages/New Reg - OTC to RO/Special Case - OTC - Form 1/Submit Button' is clicked on

2019-01-09 10:50:47 - [TEST_STEP][PASSED] - delay: Delayed 2 second(s)

2019-01-09 10:50:49 - [MESSAGE][PASSED] - Delayed 2 second(s)

2019-01-09 10:50:49 - [TEST_STEP][PASSED] - click: Object: 'Object Repository/Final Object Repo/New Registration - Registration Module Pages/New Reg - OTC to RO/Special Case - OTC - Form 1/Confirm No Flagging as Branch' is clicked on

2019-01-09 10:50:49 - [MESSAGE][PASSED] - Object: 'Object Repository/Final Object Repo/New Registration - Registration Module Pages/New Reg - OTC to RO/Special Case - OTC - Form 1/Confirm No Flagging as Branch' is clicked on

2019-01-09 10:50:49 - [MESSAGE][PASSED] - Call Test Case 'Test Cases/Final Aug 2018 - PKS Automation/Registration Module/Workflow/New Registration/Template/Special Case - OTC - Form 1' successfully

2019-01-09 10:50:49 - [TEST_STEP][PASSED] - callTestCase: Call Test Case 'Test Cases/Final Aug 2018 - PKS Automation/Registration Module/New Registration/Form 2/Add 1 Eligible' successfully

2019-01-09 10:50:49 - [TEST_CASE][PASSED] - Test Cases/Final Aug 2018 - PKS Automation/Registration Module/New Registration/Form 2/Add 1 Eligible: Test Cases/Final Aug 2018 - PKS Automation/Registration Module/New Registration/Form 2/Add 1 Eligible

2019-01-09 10:50:50 - [TEST_STEP][PASSED] - delay: Delayed 2 second(s)

2019-01-09 10:50:52 - [MESSAGE][PASSED] - Delayed 2 second(s)

2019-01-09 10:50:52 - [TEST_STEP][PASSED] - callTestCase: Call Test Case 'Test Cases/Final Aug 2018 - PKS Automation/Registration Module/New Registration/Form 2/Date Updater' successfully

2019-01-09 10:50:52 - [TEST_CASE][PASSED] - Test Cases/Final Aug 2018 - PKS Automation/Registration Module/New Registration/Form 2/Date Updater: Test Cases/Final Aug 2018 - PKS Automation/Registration Module/New Registration/Form 2/Date Updater

2019-01-09 10:50:52 - [TEST_STEP][PASSED] - Statement - TodayDate = new java.util.Date(): null

2019-01-09 10:50:52 - [TEST_STEP][PASSED] - Statement - CurrentDateNoFilter = new java.text.SimpleDateFormat(): null

2019-01-09 10:50:52 - [TEST_STEP][PASSED] - Statement - CurrentDateNoFilter.applyPattern("MM"): null

2019-01-09 10:50:52 - [TEST_STEP][PASSED] - Statement - monthContainerMatcher = java.lang.Integer.parseInt(CurrentDateNoFilter.format(TodayDate)): null

2019-01-09 10:50:52 - [TEST_STEP][PASSED] - Statement - monthContainerMatcher = monthContainerMatcher - 1: null

2019-01-09 10:50:52 - [TEST_STEP][PASSED] - Statement - CurrentMonth = monthContainerMatcher.toString(): null

2019-01-09 10:50:52 - [TEST_STEP][PASSED] - Statement - CurrentMonth = CurrentMonth: null

2019-01-09 10:50:52 - [TEST_STEP][PASSED] - Statement - CurrentDateNoFilter.applyPattern("yyyy"): null

2019-01-09 10:50:52 - [TEST_STEP][PASSED] - Statement - CurrentYear = CurrentDateNoFilter.format(TodayDate): null

2019-01-09 10:50:52 - [TEST_STEP][PASSED] - Statement - CurrentYear = CurrentYear: null

2019-01-09 10:50:52 - [TEST_STEP][PASSED] - Statement - intCurrentYear = java.lang.Integer.parseInt(CurrentDateNoFilter.format(TodayDate)): null

2019-01-09 10:50:52 - [TEST_STEP][PASSED] - Statement - eighteenYrsAgo = intCurrentYear - 18: null

2019-01-09 10:50:52 - [TEST_STEP][PASSED] - Statement - eighteenYrsBeforeThisYr = eighteenYrsAgo.toString(): null

2019-01-09 10:50:52 - [TEST_STEP][PASSED] - Statement - EighteenYrsBefore = eighteenYrsBeforeThisYr: null

2019-01-09 10:50:52 - [TEST_STEP][PASSED] - Statement - fiftysevenYrsAgo = intCurrentYear - 57: null

2019-01-09 10:50:52 - [TEST_STEP][PASSED] - Statement - fiftysevenYrsBeforeThisYr = fiftysevenYrsAgo.toString(): null

2019-01-09 10:50:52 - [TEST_STEP][PASSED] - Statement - FiftysevenYrsBefore = fiftysevenYrsBeforeThisYr: null

2019-01-09 10:50:52 - [TEST_STEP][PASSED] - Statement - leapYear = false: null

2019-01-09 10:50:52 - [TEST_STEP][PASSED] - Statement - leapYear = intCurrentYear % 4 == 0: null

2019-01-09 10:50:52 - [TEST_STEP][PASSED] - Statement - CurrentDateNoFilter.applyPattern("dd"): null

2019-01-09 10:50:52 - [TEST_STEP][PASSED] - Statement - CurrentDate = CurrentDateNoFilter.format(TodayDate): null

2019-01-09 10:50:52 - [TEST_STEP][PASSED] - Statement - CurrentDate = java.lang.Integer.parseInt(CurrentDate): null

2019-01-09 10:50:52 - [TEST_STEP][PASSED] - Statement - CurrentDate = CurrentDate: null

2019-01-09 10:50:52 - [TEST_STEP][PASSED] - Statement - CurrentDay = java.lang.Integer.parseInt(CurrentDate): null

2019-01-09 10:50:52 - [TEST_STEP][PASSED] - Statement - ConfAdder = <not implemented yet for class: org.codehaus.groovy.ast.expr.EmptyExpression>: null

2019-01-09 10:50:52 - [TEST_STEP][PASSED] - Statement - out.println(CurrentMonth): null

2019-01-09 10:50:52 - [TEST_STEP][PASSED] - Statement - out.println(CurrentDate): null

2019-01-09 10:50:52 - [TEST_STEP][PASSED] - Statement - switch (CurrentDate): null

2019-01-09 10:50:52 - [TEST_STEP][PASSED] - Statement - Default: null

2019-01-09 10:50:52 - [TEST_STEP][PASSED] - Statement - ConfAdder = true: null

2019-01-09 10:50:52 - [TEST_STEP][PASSED] - Statement - Break: null

2019-01-09 10:50:52 - [TEST_STEP][PASSED] - Statement - aDayBefore = <not implemented yet for class: org.codehaus.groovy.ast.expr.EmptyExpression>: null

2019-01-09 10:50:52 - [TEST_STEP][PASSED] - Statement - out.println(ConfAdder): null

2019-01-09 10:50:52 - [TEST_STEP][PASSED] - Statement - If (ConfAdder == true): null

2019-01-09 10:50:52 - [TEST_STEP][PASSED] - Statement - aDayBefore = CurrentDay + 1: null

2019-01-09 10:50:52 - [TEST_STEP][PASSED] - Statement - out.println(aDayBefore): null

2019-01-09 10:50:52 - [TEST_STEP][PASSED] - Statement - If (aDayBefore == 1 && CurrentMonth == 11): null

2019-01-09 10:50:52 - [TEST_STEP][PASSED] - Statement - DayBefore = aDayBefore.toString(): null

2019-01-09 10:50:52 - [TEST_STEP][PASSED] - Statement - OneDayBefore = DayBefore: null

2019-01-09 10:50:52 - [MESSAGE][PASSED] - Call Test Case 'Test Cases/Final Aug 2018 - PKS Automation/Registration Module/New Registration/Form 2/Date Updater' successfully

2019-01-09 10:50:52 - [TEST_STEP][PASSED] - delay: Delayed 1 second(s)

2019-01-09 10:50:53 - [MESSAGE][PASSED] - Delayed 1 second(s)

2019-01-09 10:50:53 - [TEST_STEP][PASSED] - Statement - CaseReferenceNo = com.kms.katalon.core.webui.keyword.WebUiBuiltInKeywords.getText(com.kms.katalon.core.testobject.ObjectRepository.findTestObject(Final Object Repo/New Registration - Registration Module Pages/Form 2/RefNo Acquiring)): Text of object 'Object Repository/Final Object Repo/New Registration - Registration Module Pages/Form 2/RefNo Acquiring' is: 'CRN01201900123666'

2019-01-09 10:50:53 - [MESSAGE][PASSED] - Text of object 'Object Repository/Final Object Repo/New Registration - Registration Module Pages/Form 2/RefNo Acquiring' is: 'CRN01201900123666'

2019-01-09 10:50:53 - [TEST_STEP][PASSED] - delay: Delayed 1 second(s)

2019-01-09 10:50:54 - [MESSAGE][PASSED] - Delayed 1 second(s)

2019-01-09 10:50:54 - [TEST_STEP][PASSED] - click: Object: 'Object Repository/Final Object Repo/New Registration - Registration Module Pages/Form 2/Add Employee Button' is clicked on

2019-01-09 10:50:54 - [MESSAGE][PASSED] - Object: 'Object Repository/Final Object Repo/New Registration - Registration Module Pages/Form 2/Add Employee Button' is clicked on

2019-01-09 10:50:54 - [TEST_STEP][PASSED] - delay: Delayed 1 second(s)

2019-01-09 10:50:55 - [MESSAGE][PASSED] - Delayed 1 second(s)

2019-01-09 10:50:55 - [TEST_STEP][PASSED] - setText: Text '010903091963' is set on object 'Object Repository/Final Object Repo/New Registration - Registration Module Pages/Form 2/NRIC Input'

2019-01-09 10:50:55 - [MESSAGE][PASSED] - Text '010903091963' is set on object 'Object Repository/Final Object Repo/New Registration - Registration Module Pages/Form 2/NRIC Input'

2019-01-09 10:50:55 - [TEST_STEP][PASSED] - click: Object: 'Object Repository/Final Object Repo/New Registration - Registration Module Pages/Form 2/button for search for IC' is clicked on

2019-01-09 10:50:56 - [MESSAGE][PASSED] - Object: 'Object Repository/Final Object Repo/New Registration - Registration Module Pages/Form 2/button for search for IC' is clicked on

2019-01-09 10:50:56 - [TEST_STEP][PASSED] - delay: Delayed 2 second(s)

2019-01-09 10:50:58 - [MESSAGE][PASSED] - Delayed 2 second(s)

2019-01-09 10:50:58 - [TEST_STEP][PASSED] - setText: Text 'Automate001 eligible 1' is set on object 'Object Repository/Final Object Repo/New Registration - Registration Module Pages/Form 2/Employee Name Input'

2019-01-09 10:50:58 - [MESSAGE][PASSED] - Text 'Automate001 eligible 1' is set on object 'Object Repository/Final Object Repo/New Registration - Registration Module Pages/Form 2/Employee Name Input'

2019-01-09 10:50:58 - [TEST_STEP][PASSED] - delay: Delayed 2 second(s)

2019-01-09 10:51:00 - [MESSAGE][PASSED] - Delayed 2 second(s)

2019-01-09 10:51:00 - [TEST_STEP][PASSED] - click: Object: 'Object Repository/Final Object Repo/New Registration - Registration Module Pages/Form 2/DatePicker Pop Up' is clicked on

2019-01-09 10:51:00 - [MESSAGE][PASSED] - Object: 'Object Repository/Final Object Repo/New Registration - Registration Module Pages/Form 2/DatePicker Pop Up' is clicked on

2019-01-09 10:51:00 - [TEST_STEP][PASSED] - click: Object: 'Object Repository/Final Object Repo/New Registration - Registration Module Pages/Form 2/DOB Month' is clicked on

2019-01-09 10:51:01 - [MESSAGE][PASSED] - Object: 'Object Repository/Final Object Repo/New Registration - Registration Module Pages/Form 2/DOB Month' is clicked on

2019-01-09 10:51:01 - [TEST_STEP][PASSED] - Statement - CurrentMonth = CurrentMonth: null

2019-01-09 10:51:01 - [TEST_STEP][PASSED] - Statement - selectMonth = new com.kms.katalon.core.testobject.TestObject(): null

2019-01-09 10:51:01 - [TEST_STEP][PASSED] - Statement - selectMonth.addProperty("xpath", EQUALS, "//body/div/div/div/select/option[@value='" + CurrentMonth + "']", true): null

2019-01-09 10:51:01 - [TEST_STEP][PASSED] - click: Object: '' is clicked on

2019-01-09 10:51:01 - [MESSAGE][PASSED] - Object: '' is clicked on

2019-01-09 10:51:01 - [TEST_STEP][PASSED] - click: Object: 'Object Repository/Final Object Repo/New Registration - Registration Module Pages/Form 2/DOB Year' is clicked on

2019-01-09 10:51:01 - [MESSAGE][PASSED] - Object: 'Object Repository/Final Object Repo/New Registration - Registration Module Pages/Form 2/DOB Year' is clicked on

2019-01-09 10:51:01 - [TEST_STEP][PASSED] - Statement - Eyearsbf = EighteenYrsBefore: null

2019-01-09 10:51:01 - [TEST_STEP][PASSED] - Statement - selectYear = new com.kms.katalon.core.testobject.TestObject(): null

2019-01-09 10:51:01 - [TEST_STEP][PASSED] - Statement - selectYear.addProperty("xpath", EQUALS, "//div/div/div/select/option[@value='" + Eyearsbf + "']", true): null

2019-01-09 10:51:01 - [TEST_STEP][PASSED] - click: Object: '' is clicked on

2019-01-09 10:51:01 - [MESSAGE][PASSED] - Object: '' is clicked on

2019-01-09 10:51:01 - [TEST_STEP][PASSED] - Statement - UpdatedSelectDate = com.kms.katalon.core.webui.keyword.WebUiBuiltInKeywords.modifyObjectProperty(com.kms.katalon.core.testobject.ObjectRepository.findTestObject(Final Object Repo/New Registration - Registration Module Pages/Form 2/DOB Date), "xpath", "equals", "//body/div/table/tbody/tr/td/a[text()="" + CurrentDate + ""]", true): Modify property of object successfully

2019-01-09 10:51:01 - [MESSAGE][PASSED] - Modify property of object successfully

2019-01-09 10:51:01 - [TEST_STEP][PASSED] - delay: Delayed 3 second(s)

2019-01-09 10:51:04 - [MESSAGE][PASSED] - Delayed 3 second(s)

2019-01-09 10:51:04 - [TEST_STEP][PASSED] - click: Object: 'Object Repository/Final Object Repo/New Registration - Registration Module Pages/Form 2/DOB Date' is clicked on

2019-01-09 10:51:04 - [MESSAGE][PASSED] - Object: 'Object Repository/Final Object Repo/New Registration - Registration Module Pages/Form 2/DOB Date' is clicked on

2019-01-09 10:51:04 - [TEST_STEP][PASSED] - delay: Delayed 2 second(s)

2019-01-09 10:51:06 - [MESSAGE][PASSED] - Delayed 2 second(s)

2019-01-09 10:51:06 - [TEST_STEP][PASSED] - click: Object: 'Object Repository/Final Object Repo/New Registration - Registration Module Pages/Form 2/EmploymentStartDate Pop Up' is clicked on

2019-01-09 10:51:06 - [MESSAGE][PASSED] - Object: 'Object Repository/Final Object Repo/New Registration - Registration Module Pages/Form 2/EmploymentStartDate Pop Up' is clicked on

2019-01-09 10:51:06 - [TEST_STEP][PASSED] - delay: Delayed 2 second(s)

2019-01-09 10:51:08 - [MESSAGE][PASSED] - Delayed 2 second(s)

2019-01-09 10:51:08 - [TEST_STEP][PASSED] - click: Object: 'Object Repository/Final Object Repo/New Registration - Registration Module Pages/Form 2/Socso Employment StartDate Month' is clicked on

2019-01-09 10:51:09 - [MESSAGE][PASSED] - Object: 'Object Repository/Final Object Repo/New Registration - Registration Module Pages/Form 2/Socso Employment StartDate Month' is clicked on

2019-01-09 10:51:09 - [TEST_STEP][PASSED] - delay: Delayed 1 second(s)

2019-01-09 10:51:10 - [MESSAGE][PASSED] - Delayed 1 second(s)

2019-01-09 10:51:10 - [TEST_STEP][PASSED] - click: Object: 'Object Repository/Final Object Repo/New Registration - Registration Module Pages/Form 2/Select Socso Employement Startdate Month' is clicked on

2019-01-09 10:51:10 - [MESSAGE][PASSED] - Object: 'Object Repository/Final Object Repo/New Registration - Registration Module Pages/Form 2/Select Socso Employement Startdate Month' is clicked on

2019-01-09 10:51:10 - [TEST_STEP][PASSED] - delay: Delayed 2 second(s)

2019-01-09 10:51:12 - [MESSAGE][PASSED] - Delayed 2 second(s)

2019-01-09 10:51:12 - [TEST_STEP][PASSED] - click: Object: 'Object Repository/Final Object Repo/New Registration - Registration Module Pages/Form 2/Socso Employment StartDate Year' is clicked on

2019-01-09 10:51:12 - [MESSAGE][PASSED] - Object: 'Object Repository/Final Object Repo/New Registration - Registration Module Pages/Form 2/Socso Employment StartDate Year' is clicked on

2019-01-09 10:51:12 - [TEST_STEP][PASSED] - delay: Delayed 1 second(s)

2019-01-09 10:51:13 - [MESSAGE][PASSED] - Delayed 1 second(s)

2019-01-09 10:51:13 - [TEST_STEP][PASSED] - click: Object: 'Object Repository/Final Object Repo/New Registration - Registration Module Pages/Form 2/Select Socso Employment Startdate Year' is clicked on

2019-01-09 10:51:13 - [MESSAGE][PASSED] - Object: 'Object Repository/Final Object Repo/New Registration - Registration Module Pages/Form 2/Select Socso Employment Startdate Year' is clicked on

2019-01-09 10:51:13 - [TEST_STEP][PASSED] - delay: Delayed 2 second(s)

2019-01-09 10:51:15 - [MESSAGE][PASSED] - Delayed 2 second(s)

2019-01-09 10:51:15 - [TEST_STEP][PASSED] - click: Object: 'Object Repository/Final Object Repo/New Registration - Registration Module Pages/Form 2/Socso Employment Start Date Day' is clicked on

2019-01-09 10:51:15 - [MESSAGE][PASSED] - Object: 'Object Repository/Final Object Repo/New Registration - Registration Module Pages/Form 2/Socso Employment Start Date Day' is clicked on

2019-01-09 10:51:15 - [TEST_STEP][PASSED] - delay: Delayed 2 second(s)

2019-01-09 10:51:17 - [MESSAGE][PASSED] - Delayed 2 second(s)

2019-01-09 10:51:17 - [TEST_STEP][PASSED] - click: Object: 'Object Repository/Final Object Repo/New Registration - Registration Module Pages/Form 2/Save Button for Add Employee' is clicked on

2019-01-09 10:51:18 - [MESSAGE][PASSED] - Object: 'Object Repository/Final Object Repo/New Registration - Registration Module Pages/Form 2/Save Button for Add Employee' is clicked on

2019-01-09 10:51:18 - [TEST_STEP][PASSED] - delay: Delayed 6 second(s)

2019-01-09 10:51:24 - [MESSAGE][PASSED] - Delayed 6 second(s)

2019-01-09 10:51:24 - [TEST_STEP][PASSED] - click: Object: 'Object Repository/Final Object Repo/New Registration - Registration Module Pages/Form 2/Save and Continue Form 2' is clicked on

2019-01-09 10:51:24 - [MESSAGE][PASSED] - Object: 'Object Repository/Final Object Repo/New Registration - Registration Module Pages/Form 2/Save and Continue Form 2' is clicked on

2019-01-09 10:51:24 - [MESSAGE][PASSED] - Call Test Case 'Test Cases/Final Aug 2018 - PKS Automation/Registration Module/New Registration/Form 2/Add 1 Eligible' successfully

2019-01-09 10:51:24 - [TEST_STEP][PASSED] - callTestCase: Call Test Case 'Test Cases/Final Aug 2018 - PKS Automation/Registration Module/New Registration/Flow of New Registration/Third Screen - Upload Supporting Doc - Preview' successfully

2019-01-09 10:51:24 - [TEST_CASE][PASSED] - Test Cases/Final Aug 2018 - PKS Automation/Registration Module/New Registration/Flow of New Registration/Third Screen - Upload Supporting Doc - Preview: Test Cases/Final Aug 2018 - PKS Automation/Registration Module/New Registration/Flow of New Registration/Third Screen - Upload Supporting Doc - Preview

2019-01-09 10:51:24 - [TEST_STEP][PASSED] - waitForPageLoad: Wait for page load successfully

2019-01-09 10:51:25 - [MESSAGE][PASSED] - Wait for page load successfully

2019-01-09 10:51:25 - [TEST_STEP][PASSED] - Statement - CaseReferenceNo = com.kms.katalon.core.webui.keyword.WebUiBuiltInKeywords.getText(com.kms.katalon.core.testobject.ObjectRepository.findTestObject(Final Object Repo/New Registration - Registration Module Pages/Third Screen - Upload Supporting Doc- Preview/RefNo Acquiring)): Text of object 'Object Repository/Final Object Repo/New Registration - Registration Module Pages/Third Screen - Upload Supporting Doc- Preview/RefNo Acquiring' is: 'CRN01201900123666'

2019-01-09 10:51:25 - [MESSAGE][PASSED] - Text of object 'Object Repository/Final Object Repo/New Registration - Registration Module Pages/Third Screen - Upload Supporting Doc- Preview/RefNo Acquiring' is: 'CRN01201900123666'

2019-01-09 10:51:25 - [TEST_STEP][PASSED] - delay: Delayed 2 second(s)

2019-01-09 10:51:27 - [MESSAGE][PASSED] - Delayed 2 second(s)

2019-01-09 10:51:27 - [TEST_STEP][PASSED] - callTestCase: Call Test Case 'Test Cases/Final Aug 2018 - PKS Automation/Common/Reference Number Setter' successfully

2019-01-09 10:51:27 - [TEST_CASE][PASSED] - Test Cases/Final Aug 2018 - PKS Automation/Common/Reference Number Setter: Test Cases/Final Aug 2018 - PKS Automation/Common/Reference Number Setter

2019-01-09 10:51:27 - [TEST_STEP][PASSED] - Statement - RefNoOldFile = new java.io.File(C://Users//Admin//Desktop//PKS//Automation Reference Point//KatalonReference.txt): null

2019-01-09 10:51:27 - [TEST_STEP][PASSED] - Statement - RefNoOldFile.delete(): null

2019-01-09 10:51:27 - [TEST_STEP][PASSED] - delay: Delayed 5 second(s)

2019-01-09 10:51:32 - [MESSAGE][PASSED] - Delayed 5 second(s)

2019-01-09 10:51:32 - [TEST_STEP][PASSED] - Statement - RefNo = new java.io.File(C://Users//Admin//Desktop//PKS//Automation Reference Point//KatalonReference.txt): null

2019-01-09 10:51:32 - [TEST_STEP][PASSED] - Statement - f2 = new java.io.FileWriter(RefNo, false): null

2019-01-09 10:51:32 - [TEST_STEP][PASSED] - Statement - f2.write(CaseReferenceNo): null

2019-01-09 10:51:32 - [TEST_STEP][PASSED] - Statement - f2.close(): null

2019-01-09 10:51:32 - [TEST_STEP][PASSED] - Statement - out.println("


" + CaseReferenceNo + "


"): null

2019-01-09 10:51:32 - [MESSAGE][PASSED] - Call Test Case 'Test Cases/Final Aug 2018 - PKS Automation/Common/Reference Number Setter' successfully

2019-01-09 10:51:32 - [TEST_STEP][PASSED] - waitForElementClickable: Object 'Object Repository/Final Object Repo/New Registration - Registration Module Pages/Third Screen - Upload Supporting Doc- Preview/Save n Continue in SIP Employee Listing Page' is clickable

2019-01-09 10:51:32 - [MESSAGE][PASSED] - Object 'Object Repository/Final Object Repo/New Registration - Registration Module Pages/Third Screen - Upload Supporting Doc- Preview/Save n Continue in SIP Employee Listing Page' is clickable

2019-01-09 10:51:32 - [TEST_STEP][PASSED] - click: Object: 'Object Repository/Final Object Repo/New Registration - Registration Module Pages/Third Screen - Upload Supporting Doc- Preview/Save n Continue in SIP Employee Listing Page' is clicked on

2019-01-09 10:51:37 - [MESSAGE][PASSED] - Object: 'Object Repository/Final Object Repo/New Registration - Registration Module Pages/Third Screen - Upload Supporting Doc- Preview/Save n Continue in SIP Employee Listing Page' is clicked on

2019-01-09 10:51:37 - [TEST_STEP][PASSED] - delay: Delayed 7 second(s)

2019-01-09 10:51:44 - [MESSAGE][PASSED] - Delayed 7 second(s)

2019-01-09 10:51:44 - [TEST_STEP][PASSED] - click: Object: 'Object Repository/Final Object Repo/New Registration - Registration Module Pages/Third Screen - Upload Supporting Doc- Preview/Add Document Button' is clicked on

2019-01-09 10:51:45 - [MESSAGE][PASSED] - Object: 'Object Repository/Final Object Repo/New Registration - Registration Module Pages/Third Screen - Upload Supporting Doc- Preview/Add Document Button' is clicked on

2019-01-09 10:51:45 - [TEST_STEP][PASSED] - delay: Delayed 30 second(s)

2019-01-09 10:52:15 - [MESSAGE][PASSED] - Delayed 30 second(s)

2019-01-09 10:52:15 - [TEST_STEP][PASSED] - click: Object: 'Object Repository/Final Object Repo/New Registration - Registration Module Pages/Third Screen - Upload Supporting Doc- Preview/Supporting Doc Please Select Drop Down' is clicked on

2019-01-09 10:52:15 - [MESSAGE][PASSED] - Object: 'Object Repository/Final Object Repo/New Registration - Registration Module Pages/Third Screen - Upload Supporting Doc- Preview/Supporting Doc Please Select Drop Down' is clicked on

2019-01-09 10:52:15 - [TEST_STEP][PASSED] - delay: Delayed 2 second(s)

2019-01-09 10:52:17 - [MESSAGE][PASSED] - Delayed 2 second(s)

2019-01-09 10:52:17 - [TEST_STEP][PASSED] - click: Object: 'Object Repository/Final Object Repo/New Registration - Registration Module Pages/Third Screen - Upload Supporting Doc- Preview/Select to Upload Form 1' is clicked on

2019-01-09 10:52:17 - [MESSAGE][PASSED] - Object: 'Object Repository/Final Object Repo/New Registration - Registration Module Pages/Third Screen - Upload Supporting Doc- Preview/Select to Upload Form 1' is clicked on

2019-01-09 10:52:17 - [TEST_STEP][PASSED] - delay: Delayed 2 second(s)

2019-01-09 10:52:19 - [MESSAGE][PASSED] - Delayed 2 second(s)

2019-01-09 10:52:19 - [TEST_STEP][PASSED] - uploadFile: File 'C:\Users\Public\Pictures\Sample Pictures\Koala.jpg' sent to object: 'Object Repository/Final Object Repo/New Registration - Registration Module Pages/Third Screen - Upload Supporting Doc- Preview/Upload File Adding'

2019-01-09 10:52:19 - [MESSAGE][PASSED] - File 'C:\Users\Public\Pictures\Sample Pictures\Koala.jpg' sent to object: 'Object Repository/Final Object Repo/New Registration - Registration Module Pages/Third Screen - Upload Supporting Doc- Preview/Upload File Adding'

2019-01-09 10:52:19 - [TEST_STEP][PASSED] - delay: Delayed 5 second(s)

2019-01-09 10:52:24 - [MESSAGE][PASSED] - Delayed 5 second(s)

2019-01-09 10:52:24 - [TEST_STEP][PASSED] - click: Object: 'Object Repository/Final Object Repo/New Registration - Registration Module Pages/Third Screen - Upload Supporting Doc- Preview/Inner Form Add Document Button' is clicked on

2019-01-09 10:52:24 - [MESSAGE][PASSED] - Object: 'Object Repository/Final Object Repo/New Registration - Registration Module Pages/Third Screen - Upload Supporting Doc- Preview/Inner Form Add Document Button' is clicked on

2019-01-09 10:52:24 - [TEST_STEP][PASSED] - delay: Delayed 3 second(s)

2019-01-09 10:52:27 - [MESSAGE][PASSED] - Delayed 3 second(s)

2019-01-09 10:52:27 - [TEST_STEP][PASSED] - click: Object: 'Object Repository/Final Object Repo/New Registration - Registration Module Pages/Third Screen - Upload Supporting Doc- Preview/Add Document Button' is clicked on

2019-01-09 10:52:29 - [MESSAGE][PASSED] - Object: 'Object Repository/Final Object Repo/New Registration - Registration Module Pages/Third Screen - Upload Supporting Doc- Preview/Add Document Button' is clicked on

2019-01-09 10:52:29 - [TEST_STEP][PASSED] - delay: Delayed 30 second(s)

2019-01-09 10:52:59 - [MESSAGE][PASSED] - Delayed 30 second(s)

2019-01-09 10:52:59 - [TEST_STEP][PASSED] - click: Object: 'Object Repository/Final Object Repo/New Registration - Registration Module Pages/Third Screen - Upload Supporting Doc- Preview/Supporting Doc Please Select Drop Down' is clicked on

2019-01-09 10:52:59 - [MESSAGE][PASSED] - Object: 'Object Repository/Final Object Repo/New Registration - Registration Module Pages/Third Screen - Upload Supporting Doc- Preview/Supporting Doc Please Select Drop Down' is clicked on

2019-01-09 10:52:59 - [TEST_STEP][PASSED] - delay: Delayed 4 second(s)

2019-01-09 10:53:03 - [MESSAGE][PASSED] - Delayed 4 second(s)

2019-01-09 10:53:03 - [TEST_STEP][PASSED] - click: Object: 'Object Repository/Final Object Repo/New Registration - Registration Module Pages/Third Screen - Upload Supporting Doc- Preview/Select to Upload Form 2' is clicked on

2019-01-09 10:53:03 - [MESSAGE][PASSED] - Object: 'Object Repository/Final Object Repo/New Registration - Registration Module Pages/Third Screen - Upload Supporting Doc- Preview/Select to Upload Form 2' is clicked on

2019-01-09 10:53:03 - [TEST_STEP][PASSED] - delay: Delayed 2 second(s)

2019-01-09 10:53:05 - [MESSAGE][PASSED] - Delayed 2 second(s)

2019-01-09 10:53:05 - [TEST_STEP][PASSED] - uploadFile: File 'C:\Users\Public\Pictures\Sample Pictures\Koala.jpg' sent to object: 'Object Repository/Final Object Repo/New Registration - Registration Module Pages/Third Screen - Upload Supporting Doc- Preview/Upload File Adding'

2019-01-09 10:53:05 - [MESSAGE][PASSED] - File 'C:\Users\Public\Pictures\Sample Pictures\Koala.jpg' sent to object: 'Object Repository/Final Object Repo/New Registration - Registration Module Pages/Third Screen - Upload Supporting Doc- Preview/Upload File Adding'

2019-01-09 10:53:05 - [TEST_STEP][PASSED] - click: Object: 'Object Repository/Final Object Repo/New Registration - Registration Module Pages/Third Screen - Upload Supporting Doc- Preview/Inner Form Add Document Button' is clicked on

2019-01-09 10:53:06 - [MESSAGE][PASSED] - Object: 'Object Repository/Final Object Repo/New Registration - Registration Module Pages/Third Screen - Upload Supporting Doc- Preview/Inner Form Add Document Button' is clicked on

2019-01-09 10:53:06 - [TEST_STEP][PASSED] - delay: Delayed 5 second(s)

2019-01-09 10:53:11 - [MESSAGE][PASSED] - Delayed 5 second(s)

2019-01-09 10:53:11 - [TEST_STEP][PASSED] - click: Object: 'Object Repository/Final Object Repo/New Registration - Registration Module Pages/Third Screen - Upload Supporting Doc- Preview/Add Document Button' is clicked on

2019-01-09 10:53:11 - [MESSAGE][PASSED] - Object: 'Object Repository/Final Object Repo/New Registration - Registration Module Pages/Third Screen - Upload Supporting Doc- Preview/Add Document Button' is clicked on

2019-01-09 10:53:11 - [TEST_STEP][PASSED] - delay: Delayed 30 second(s)

2019-01-09 10:53:41 - [MESSAGE][PASSED] - Delayed 30 second(s)

2019-01-09 10:53:41 - [TEST_STEP][PASSED] - click: Object: 'Object Repository/Final Object Repo/New Registration - Registration Module Pages/Third Screen - Upload Supporting Doc- Preview/Supporting Doc Please Select Drop Down' is clicked on

2019-01-09 10:53:41 - [MESSAGE][PASSED] - Object: 'Object Repository/Final Object Repo/New Registration - Registration Module Pages/Third Screen - Upload Supporting Doc- Preview/Supporting Doc Please Select Drop Down' is clicked on

2019-01-09 10:53:41 - [TEST_STEP][PASSED] - click: Object: 'Object Repository/Final Object Repo/New Registration - Registration Module Pages/Third Screen - Upload Supporting Doc- Preview/Select to Upload Borang SIP 1' is clicked on

2019-01-09 10:53:41 - [MESSAGE][PASSED] - Object: 'Object Repository/Final Object Repo/New Registration - Registration Module Pages/Third Screen - Upload Supporting Doc- Preview/Select to Upload Borang SIP 1' is clicked on

2019-01-09 10:53:41 - [TEST_STEP][PASSED] - delay: Delayed 2 second(s)

2019-01-09 10:53:43 - [MESSAGE][PASSED] - Delayed 2 second(s)

2019-01-09 10:53:43 - [TEST_STEP][PASSED] - uploadFile: File 'C:\Users\Public\Pictures\Sample Pictures\Koala.jpg' sent to object: 'Object Repository/Final Object Repo/New Registration - Registration Module Pages/Third Screen - Upload Supporting Doc- Preview/Upload File Adding'

2019-01-09 10:53:43 - [MESSAGE][PASSED] - File 'C:\Users\Public\Pictures\Sample Pictures\Koala.jpg' sent to object: 'Object Repository/Final Object Repo/New Registration - Registration Module Pages/Third Screen - Upload Supporting Doc- Preview/Upload File Adding'

2019-01-09 10:53:43 - [TEST_STEP][PASSED] - click: Object: 'Object Repository/Final Object Repo/New Registration - Registration Module Pages/Third Screen - Upload Supporting Doc- Preview/Inner Form Add Document Button' is clicked on

2019-01-09 10:53:43 - [MESSAGE][PASSED] - Object: 'Object Repository/Final Object Repo/New Registration - Registration Module Pages/Third Screen - Upload Supporting Doc- Preview/Inner Form Add Document Button' is clicked on

2019-01-09 10:53:43 - [TEST_STEP][PASSED] - delay: Delayed 5 second(s)

2019-01-09 10:53:48 - [MESSAGE][PASSED] - Delayed 5 second(s)

2019-01-09 10:53:48 - [TEST_STEP][PASSED] - click: Object: 'Object Repository/Final Object Repo/New Registration - Registration Module Pages/Third Screen - Upload Supporting Doc- Preview/Add Document Button' is clicked on

2019-01-09 10:53:49 - [MESSAGE][PASSED] - Object: 'Object Repository/Final Object Repo/New Registration - Registration Module Pages/Third Screen - Upload Supporting Doc- Preview/Add Document Button' is clicked on

2019-01-09 10:53:49 - [TEST_STEP][PASSED] - delay: Delayed 30 second(s)

2019-01-09 10:54:19 - [MESSAGE][PASSED] - Delayed 30 second(s)

2019-01-09 10:54:19 - [TEST_STEP][PASSED] - click: Object: 'Object Repository/Final Object Repo/New Registration - Registration Module Pages/Third Screen - Upload Supporting Doc- Preview/Supporting Doc Please Select Drop Down' is clicked on

2019-01-09 10:54:19 - [MESSAGE][PASSED] - Object: 'Object Repository/Final Object Repo/New Registration - Registration Module Pages/Third Screen - Upload Supporting Doc- Preview/Supporting Doc Please Select Drop Down' is clicked on

2019-01-09 10:54:19 - [TEST_STEP][PASSED] - delay: Delayed 3 second(s)

2019-01-09 10:54:22 - [MESSAGE][PASSED] - Delayed 3 second(s)

2019-01-09 10:54:22 - [TEST_STEP][PASSED] - click: Object: 'Object Repository/Final Object Repo/New Registration - Registration Module Pages/Third Screen - Upload Supporting Doc- Preview/Select to Upload Borang SIP 2' is clicked on

2019-01-09 10:54:22 - [MESSAGE][PASSED] - Object: 'Object Repository/Final Object Repo/New Registration - Registration Module Pages/Third Screen - Upload Supporting Doc- Preview/Select to Upload Borang SIP 2' is clicked on

2019-01-09 10:54:22 - [TEST_STEP][PASSED] - delay: Delayed 2 second(s)

2019-01-09 10:54:24 - [MESSAGE][PASSED] - Delayed 2 second(s)

2019-01-09 10:54:24 - [TEST_STEP][PASSED] - uploadFile: File 'C:\Users\Public\Pictures\Sample Pictures\Koala.jpg' sent to object: 'Object Repository/Final Object Repo/New Registration - Registration Module Pages/Third Screen - Upload Supporting Doc- Preview/Upload File Adding'

2019-01-09 10:54:24 - [MESSAGE][PASSED] - File 'C:\Users\Public\Pictures\Sample Pictures\Koala.jpg' sent to object: 'Object Repository/Final Object Repo/New Registration - Registration Module Pages/Third Screen - Upload Supporting Doc- Preview/Upload File Adding'

2019-01-09 10:54:24 - [TEST_STEP][PASSED] - delay: Delayed 5 second(s)

2019-01-09 10:54:29 - [MESSAGE][PASSED] - Delayed 5 second(s)

2019-01-09 10:54:29 - [TEST_STEP][PASSED] - click: Object: 'Object Repository/Final Object Repo/New Registration - Registration Module Pages/Third Screen - Upload Supporting Doc- Preview/Inner Form Add Document Button' is clicked on

2019-01-09 10:54:29 - [MESSAGE][PASSED] - Object: 'Object Repository/Final Object Repo/New Registration - Registration Module Pages/Third Screen - Upload Supporting Doc- Preview/Inner Form Add Document Button' is clicked on

2019-01-09 10:54:29 - [TEST_STEP][PASSED] - delay: Delayed 3 second(s)

2019-01-09 10:54:32 - [MESSAGE][PASSED] - Delayed 3 second(s)

2019-01-09 10:54:32 - [TEST_STEP][PASSED] - waitForElementClickable: Object 'Object Repository/Final Object Repo/New Registration - Registration Module Pages/Third Screen - Upload Supporting Doc- Preview/Save n Continue in Uploading Supporting Doc Page' is clickable

2019-01-09 10:54:34 - [MESSAGE][PASSED] - Object 'Object Repository/Final Object Repo/New Registration - Registration Module Pages/Third Screen - Upload Supporting Doc- Preview/Save n Continue in Uploading Supporting Doc Page' is clickable

2019-01-09 10:54:34 - [TEST_STEP][PASSED] - click: Object: 'Object Repository/Final Object Repo/New Registration - Registration Module Pages/Third Screen - Upload Supporting Doc- Preview/Save n Continue in Uploading Supporting Doc Page' is clicked on

2019-01-09 10:54:34 - [MESSAGE][PASSED] - Object: 'Object Repository/Final Object Repo/New Registration - Registration Module Pages/Third Screen - Upload Supporting Doc- Preview/Save n Continue in Uploading Supporting Doc Page' is clicked on

2019-01-09 10:54:34 - [MESSAGE][PASSED] - Call Test Case 'Test Cases/Final Aug 2018 - PKS Automation/Registration Module/New Registration/Flow of New Registration/Third Screen - Upload Supporting Doc - Preview' successfully

2019-01-09 10:54:34 - [TEST_STEP][PASSED] - callTestCase: Call Test Case 'Test Cases/Final Aug 2018 - PKS Automation/Registration Module/New Registration/Submit and Screenshot/Submit Registration and Screenshot' successfully

2019-01-09 10:54:34 - [TEST_CASE][PASSED] - Test Cases/Final Aug 2018 - PKS Automation/Registration Module/New Registration/Submit and Screenshot/Submit Registration and Screenshot: Test Cases/Final Aug 2018 - PKS Automation/Registration Module/New Registration/Submit and Screenshot/Submit Registration and Screenshot

2019-01-09 10:54:34 - [TEST_STEP][PASSED] - delay: Delayed 6 second(s)

2019-01-09 10:54:40 - [MESSAGE][PASSED] - Delayed 6 second(s)

2019-01-09 10:54:40 - [TEST_STEP][PASSED] - click: Object: 'Object Repository/Final Object Repo/New Registration - Registration Module Pages/Third Screen - Upload Supporting Doc- Preview/Preview Submit Button' is clicked on

2019-01-09 10:54:40 - [MESSAGE][PASSED] - Object: 'Object Repository/Final Object Repo/New Registration - Registration Module Pages/Third Screen - Upload Supporting Doc- Preview/Preview Submit Button' is clicked on

2019-01-09 10:54:40 - [TEST_STEP][PASSED] - delay: Delayed 2 second(s)

2019-01-09 10:54:42 - [MESSAGE][PASSED] - Delayed 2 second(s)

2019-01-09 10:54:42 - [TEST_STEP][PASSED] - click: Object: 'Object Repository/Final Object Repo/New Registration - Registration Module Pages/Third Screen - Upload Supporting Doc- Preview/Preview Submit - Confirm' is clicked on

2019-01-09 10:54:42 - [MESSAGE][PASSED] - Object: 'Object Repository/Final Object Repo/New Registration - Registration Module Pages/Third Screen - Upload Supporting Doc- Preview/Preview Submit - Confirm' is clicked on

2019-01-09 10:54:42 - [TEST_STEP][PASSED] - delay: Delayed 15 second(s)

2019-01-09 10:54:57 - [MESSAGE][PASSED] - Delayed 15 second(s)

2019-01-09 10:54:57 - [TEST_STEP][PASSED] - Statement - driver = com.kms.katalon.core.webui.driver.DriverFactory.getWebDriver(): null

2019-01-09 10:54:57 - [TEST_STEP][PASSED] - Statement - driver.manage().timeouts().implicitlyWait(10, SECONDS): null

2019-01-09 10:54:57 - [TEST_STEP][PASSED] - Statement - PresavePath = KatalonScreenshots: null

2019-01-09 10:54:57 - [TEST_STEP][PASSED] - Statement - pathPrefix = "C:\Users\Public\Pictures\Sample Pictures\Katalon Screenshots\Automate Ending Screen": null

2019-01-09 10:54:57 - [TEST_STEP][PASSED] - Statement - finalPath = <not implemented yet for class: org.codehaus.groovy.ast.expr.EmptyExpression>: null

2019-01-09 10:54:57 - [TEST_STEP][PASSED] - Statement - scrFile = driver.getScreenshotAs(FILE): null

2019-01-09 10:54:58 - [TEST_STEP][PASSED] - Statement - PreSaveFile = new java.io.File(PresavePath): null

2019-01-09 10:54:58 - [TEST_STEP][PASSED] - Statement - counter = 0: null

2019-01-09 10:54:58 - [TEST_STEP][PASSED] - Statement - If (PreSaveFile.exists()): null

2019-01-09 10:54:58 - [TEST_STEP][PASSED] - Statement - While (PreSaveFile.exists()): null

2019-01-09 10:54:58 - [TEST_STEP][PASSED] - Statement - counter = counter + 1: null

2019-01-09 10:54:58 - [TEST_STEP][PASSED] - Statement - PreSaveFile = new java.io.File(((pathPrefix + java.lang.Integer.toString(counter)) + .png)): null

2019-01-09 10:54:58 - [TEST_STEP][PASSED] - Statement - counter = counter + 1: null

2019-01-09 10:54:58 - [TEST_STEP][PASSED] - Statement - PreSaveFile = new java.io.File(((pathPrefix + java.lang.Integer.toString(counter)) + .png)): null

2019-01-09 10:54:58 - [TEST_STEP][PASSED] - Statement - counter = counter + 1: null

2019-01-09 10:54:58 - [TEST_STEP][PASSED] - Statement - PreSaveFile = new java.io.File(((pathPrefix + java.lang.Integer.toString(counter)) + .png)): null

2019-01-09 10:54:58 - [TEST_STEP][PASSED] - Statement - counter = counter + 1: null

2019-01-09 10:54:58 - [TEST_STEP][PASSED] - Statement - PreSaveFile = new java.io.File(((pathPrefix + java.lang.Integer.toString(counter)) + .png)): null

2019-01-09 10:54:58 - [TEST_STEP][PASSED] - Statement - counter = counter + 1: null

2019-01-09 10:54:58 - [TEST_STEP][PASSED] - Statement - PreSaveFile = new java.io.File(((pathPrefix + java.lang.Integer.toString(counter)) + .png)): null

2019-01-09 10:54:58 - [TEST_STEP][PASSED] - Statement - counter = counter + 1: null

2019-01-09 10:54:58 - [TEST_STEP][PASSED] - Statement - PreSaveFile = new java.io.File(((pathPrefix + java.lang.Integer.toString(counter)) + .png)): null

2019-01-09 10:54:58 - [TEST_STEP][PASSED] - Statement - counter = counter + 1: null

2019-01-09 10:54:58 - [TEST_STEP][PASSED] - Statement - PreSaveFile = new java.io.File(((pathPrefix + java.lang.Integer.toString(counter)) + .png)): null

2019-01-09 10:54:58 - [TEST_STEP][PASSED] - Statement - counter = counter + 1: null

2019-01-09 10:54:58 - [TEST_STEP][PASSED] - Statement - PreSaveFile = new java.io.File(((pathPrefix + java.lang.Integer.toString(counter)) + .png)): null

2019-01-09 10:54:58 - [TEST_STEP][PASSED] - Statement - counter = counter + 1: null

2019-01-09 10:54:58 - [TEST_STEP][PASSED] - Statement - PreSaveFile = new java.io.File(((pathPrefix + java.lang.Integer.toString(counter)) + .png)): null

2019-01-09 10:54:58 - [TEST_STEP][PASSED] - Statement - counter = counter + 1: null

2019-01-09 10:54:58 - [TEST_STEP][PASSED] - Statement - PreSaveFile = new java.io.File(((pathPrefix + java.lang.Integer.toString(counter)) + .png)): null

2019-01-09 10:54:58 - [TEST_STEP][PASSED] - Statement - counter = counter + 1: null

2019-01-09 10:54:58 - [TEST_STEP][PASSED] - Statement - PreSaveFile = new java.io.File(((pathPrefix + java.lang.Integer.toString(counter)) + .png)): null

2019-01-09 10:54:58 - [TEST_STEP][PASSED] - Statement - counter = counter + 1: null

2019-01-09 10:54:58 - [TEST_STEP][PASSED] - Statement - PreSaveFile = new java.io.File(((pathPrefix + java.lang.Integer.toString(counter)) + .png)): null

2019-01-09 10:54:58 - [TEST_STEP][PASSED] - Statement - counter = counter + 1: null

2019-01-09 10:54:58 - [TEST_STEP][PASSED] - Statement - PreSaveFile = new java.io.File(((pathPrefix + java.lang.Integer.toString(counter)) + .png)): null

2019-01-09 10:54:58 - [TEST_STEP][PASSED] - Statement - counter = counter + 1: null

2019-01-09 10:54:58 - [TEST_STEP][PASSED] - Statement - PreSaveFile = new java.io.File(((pathPrefix + java.lang.Integer.toString(counter)) + .png)): null

2019-01-09 10:54:58 - [TEST_STEP][PASSED] - Statement - counter = counter + 1: null

2019-01-09 10:54:58 - [TEST_STEP][PASSED] - Statement - PreSaveFile = new java.io.File(((pathPrefix + java.lang.Integer.toString(counter)) + .png)): null

2019-01-09 10:54:58 - [TEST_STEP][PASSED] - Statement - counter = counter + 1: null

2019-01-09 10:54:58 - [TEST_STEP][PASSED] - Statement - PreSaveFile = new java.io.File(((pathPrefix + java.lang.Integer.toString(counter)) + .png)): null

2019-01-09 10:54:58 - [TEST_STEP][PASSED] - Statement - counter = counter + 1: null

2019-01-09 10:54:58 - [TEST_STEP][PASSED] - Statement - PreSaveFile = new java.io.File(((pathPrefix + java.lang.Integer.toString(counter)) + .png)): null

2019-01-09 10:54:58 - [TEST_STEP][PASSED] - Statement - counter = counter + 1: null

2019-01-09 10:54:58 - [TEST_STEP][PASSED] - Statement - PreSaveFile = new java.io.File(((pathPrefix + java.lang.Integer.toString(counter)) + .png)): null

2019-01-09 10:54:58 - [TEST_STEP][PASSED] - Statement - counter = counter + 1: null

2019-01-09 10:54:58 - [TEST_STEP][PASSED] - Statement - PreSaveFile = new java.io.File(((pathPrefix + java.lang.Integer.toString(counter)) + .png)): null

2019-01-09 10:54:58 - [TEST_STEP][PASSED] - Statement - counter = counter + 1: null

2019-01-09 10:54:58 - [TEST_STEP][PASSED] - Statement - PreSaveFile = new java.io.File(((pathPrefix + java.lang.Integer.toString(counter)) + .png)): null

2019-01-09 10:54:58 - [TEST_STEP][PASSED] - Statement - counter = counter + 1: null

2019-01-09 10:54:58 - [TEST_STEP][PASSED] - Statement - PreSaveFile = new java.io.File(((pathPrefix + java.lang.Integer.toString(counter)) + .png)): null

2019-01-09 10:54:58 - [TEST_STEP][PASSED] - Statement - counter = counter + 1: null

2019-01-09 10:54:58 - [TEST_STEP][PASSED] - Statement - PreSaveFile = new java.io.File(((pathPrefix + java.lang.Integer.toString(counter)) + .png)): null

2019-01-09 10:54:58 - [TEST_STEP][PASSED] - Statement - counter = counter + 1: null

2019-01-09 10:54:58 - [TEST_STEP][PASSED] - Statement - PreSaveFile = new java.io.File(((pathPrefix + java.lang.Integer.toString(counter)) + .png)): null

2019-01-09 10:54:58 - [TEST_STEP][PASSED] - Statement - counter = counter + 1: null

2019-01-09 10:54:58 - [TEST_STEP][PASSED] - Statement - PreSaveFile = new java.io.File(((pathPrefix + java.lang.Integer.toString(counter)) + .png)): null

2019-01-09 10:54:59 - [TEST_STEP][PASSED] - Statement - counter = counter + 1: null

2019-01-09 10:54:59 - [TEST_STEP][PASSED] - Statement - PreSaveFile = new java.io.File(((pathPrefix + java.lang.Integer.toString(counter)) + .png)): null

2019-01-09 10:54:59 - [TEST_STEP][PASSED] - Statement - counter = counter + 1: null

2019-01-09 10:54:59 - [TEST_STEP][PASSED] - Statement - PreSaveFile = new java.io.File(((pathPrefix + java.lang.Integer.toString(counter)) + .png)): null

2019-01-09 10:54:59 - [TEST_STEP][PASSED] - Statement - counter = counter + 1: null

2019-01-09 10:54:59 - [TEST_STEP][PASSED] - Statement - PreSaveFile = new java.io.File(((pathPrefix + java.lang.Integer.toString(counter)) + .png)): null

2019-01-09 10:54:59 - [TEST_STEP][PASSED] - Statement - counter = counter + 1: null

2019-01-09 10:54:59 - [TEST_STEP][PASSED] - Statement - PreSaveFile = new java.io.File(((pathPrefix + java.lang.Integer.toString(counter)) + .png)): null

2019-01-09 10:54:59 - [TEST_STEP][PASSED] - Statement - counter = counter + 1: null

2019-01-09 10:54:59 - [TEST_STEP][PASSED] - Statement - PreSaveFile = new java.io.File(((pathPrefix + java.lang.Integer.toString(counter)) + .png)): null

2019-01-09 10:54:59 - [TEST_STEP][PASSED] - Statement - counter = counter + 1: null

2019-01-09 10:54:59 - [TEST_STEP][PASSED] - Statement - PreSaveFile = new java.io.File(((pathPrefix + java.lang.Integer.toString(counter)) + .png)): null

2019-01-09 10:54:59 - [TEST_STEP][PASSED] - Statement - counter = counter + 1: null

2019-01-09 10:54:59 - [TEST_STEP][PASSED] - Statement - PreSaveFile = new java.io.File(((pathPrefix + java.lang.Integer.toString(counter)) + .png)): null

2019-01-09 10:54:59 - [TEST_STEP][PASSED] - Statement - counter = counter + 1: null

2019-01-09 10:54:59 - [TEST_STEP][PASSED] - Statement - PreSaveFile = new java.io.File(((pathPrefix + java.lang.Integer.toString(counter)) + .png)): null

2019-01-09 10:54:59 - [TEST_STEP][PASSED] - Statement - counter = counter + 1: null

2019-01-09 10:54:59 - [TEST_STEP][PASSED] - Statement - PreSaveFile = new java.io.File(((pathPrefix + java.lang.Integer.toString(counter)) + .png)): null

2019-01-09 10:54:59 - [TEST_STEP][PASSED] - Statement - counter = counter + 1: null

2019-01-09 10:54:59 - [TEST_STEP][PASSED] - Statement - PreSaveFile = new java.io.File(((pathPrefix + java.lang.Integer.toString(counter)) + .png)): null

2019-01-09 10:54:59 - [TEST_STEP][PASSED] - Statement - counter = counter + 1: null

2019-01-09 10:54:59 - [TEST_STEP][PASSED] - Statement - PreSaveFile = new java.io.File(((pathPrefix + java.lang.Integer.toString(counter)) + .png)): null

2019-01-09 10:54:59 - [TEST_STEP][PASSED] - Statement - counter = counter + 1: null

2019-01-09 10:54:59 - [TEST_STEP][PASSED] - Statement - PreSaveFile = new java.io.File(((pathPrefix + java.lang.Integer.toString(counter)) + .png)): null

2019-01-09 10:54:59 - [TEST_STEP][PASSED] - Statement - counter = counter + 1: null

2019-01-09 10:54:59 - [TEST_STEP][PASSED] - Statement - PreSaveFile = new java.io.File(((pathPrefix + java.lang.Integer.toString(counter)) + .png)): null

2019-01-09 10:54:59 - [TEST_STEP][PASSED] - Statement - counter = counter + 1: null

2019-01-09 10:54:59 - [TEST_STEP][PASSED] - Statement - PreSaveFile = new java.io.File(((pathPrefix + java.lang.Integer.toString(counter)) + .png)): null

2019-01-09 10:54:59 - [TEST_STEP][PASSED] - Statement - counter = counter + 1: null

2019-01-09 10:54:59 - [TEST_STEP][PASSED] - Statement - PreSaveFile = new java.io.File(((pathPrefix + java.lang.Integer.toString(counter)) + .png)): null

2019-01-09 10:54:59 - [TEST_STEP][PASSED] - Statement - counter = counter + 1: null

2019-01-09 10:54:59 - [TEST_STEP][PASSED] - Statement - PreSaveFile = new java.io.File(((pathPrefix + java.lang.Integer.toString(counter)) + .png)): null

2019-01-09 10:54:59 - [TEST_STEP][PASSED] - Statement - counter = counter + 1: null

2019-01-09 10:54:59 - [TEST_STEP][PASSED] - Statement - PreSaveFile = new java.io.File(((pathPrefix + java.lang.Integer.toString(counter)) + .png)): null

2019-01-09 10:54:59 - [TEST_STEP][PASSED] - Statement - counter = counter + 1: null

2019-01-09 10:54:59 - [TEST_STEP][PASSED] - Statement - PreSaveFile = new java.io.File(((pathPrefix + java.lang.Integer.toString(counter)) + .png)): null

2019-01-09 10:54:59 - [TEST_STEP][PASSED] - Statement - finalPath = pathPrefix + java.lang.Integer.toString(counter) + ".png": null

2019-01-09 10:55:00 - [TEST_STEP][PASSED] - Statement - SaveFile = new java.io.File(finalPath): null

2019-01-09 10:55:00 - [TEST_STEP][PASSED] - Statement - Try: null

2019-01-09 10:55:00 - [TEST_STEP][PASSED] - Statement - org.apache.commons.io.FileUtils.copyFile(scrFile, SaveFile): null

2019-01-09 10:55:00 - [TEST_STEP][PASSED] - Statement - out.println("file kept"): null

2019-01-09 10:55:00 - [TEST_STEP][PASSED] - delay: Delayed 10 second(s)

2019-01-09 10:55:10 - [MESSAGE][PASSED] - Delayed 10 second(s)

2019-01-09 10:55:10 - [MESSAGE][PASSED] - Call Test Case 'Test Cases/Final Aug 2018 - PKS Automation/Registration Module/New Registration/Submit and Screenshot/Submit Registration and Screenshot' successfully

2019-01-09 10:55:10 - [TEST_STEP][PASSED] - callTestCase: Call Test Case 'Test Cases/Final Aug 2018 - PKS Automation/Registration Module/Log Out/log out avoiding katalon tagging' successfully

2019-01-09 10:55:10 - [TEST_CASE][PASSED] - Test Cases/Final Aug 2018 - PKS Automation/Registration Module/Log Out/log out avoiding katalon tagging: Test Cases/Final Aug 2018 - PKS Automation/Registration Module/Log Out/log out avoiding katalon tagging

2019-01-09 10:55:10 - [TEST_STEP][PASSED] - navigateToUrl: Navigate to 'https://assist2-uat.perkeso.gov.my/c/portal/logout' successfully

2019-01-09 10:55:11 - [MESSAGE][PASSED] - Navigate to 'https://assist2-uat.perkeso.gov.my/c/portal/logout' successfully

2019-01-09 10:55:11 - [MESSAGE][PASSED] - Call Test Case 'Test Cases/Final Aug 2018 - PKS Automation/Registration Module/Log Out/log out avoiding katalon tagging' successfully

2019-01-09 10:55:11 - [TEST_STEP][PASSED] - callTestCase: Call Test Case 'Test Cases/Final Aug 2018 - PKS Automation/Common/Workflow Owner Finder' successfully

2019-01-09 10:55:11 - [TEST_CASE][PASSED] - Test Cases/Final Aug 2018 - PKS Automation/Common/Workflow Owner Finder: Test Cases/Final Aug 2018 - PKS Automation/Common/Workflow Owner Finder

2019-01-09 10:55:11 - [TEST_STEP][PASSED] - openBrowser: Browser is opened with url: ''

2019-01-09 10:55:11 - [MESSAGE][WARNING] - A browser is already opened. Closing browser and opening a new one

2019-01-09 10:55:14 - [MESSAGE][PASSED] - Browser is opened with url: ''

2019-01-09 10:55:14 - [TEST_STEP][PASSED] - navigateToUrl: Navigate to 'https://assist2-uat.perkeso.gov.my/login' successfully

2019-01-09 10:55:15 - [MESSAGE][PASSED] - Navigate to 'https://assist2-uat.perkeso.gov.my/login' successfully

2019-01-09 10:55:15 - [TEST_STEP][PASSED] - delay: Delayed 5 second(s)

2019-01-09 10:55:20 - [MESSAGE][PASSED] - Delayed 5 second(s)

2019-01-09 10:55:20 - [TEST_STEP][PASSED] - setText: Text 'test@liferay.com' is set on object 'Object Repository/Final Object Repo/Login Page/Internal User/Email Address'

2019-01-09 10:55:20 - [MESSAGE][PASSED] - Text 'test@liferay.com' is set on object 'Object Repository/Final Object Repo/Login Page/Internal User/Email Address'

2019-01-09 10:55:20 - [TEST_STEP][PASSED] - click: Object: 'Object Repository/Final Object Repo/Login Page/Internal User/Next Button' is clicked on

2019-01-09 10:55:20 - [MESSAGE][PASSED] - Object: 'Object Repository/Final Object Repo/Login Page/Internal User/Next Button' is clicked on

2019-01-09 10:55:20 - [TEST_STEP][PASSED] - delay: Delayed 2 second(s)

2019-01-09 10:55:22 - [MESSAGE][PASSED] - Delayed 2 second(s)

2019-01-09 10:55:22 - [TEST_STEP][PASSED] - setText: Text 'test' is set on object 'Object Repository/Final Object Repo/Login Page/Internal User/Password'

2019-01-09 10:55:23 - [MESSAGE][PASSED] - Text 'test' is set on object 'Object Repository/Final Object Repo/Login Page/Internal User/Password'

2019-01-09 10:55:23 - [TEST_STEP][PASSED] - delay: Delayed 2 second(s)

2019-01-09 10:55:25 - [MESSAGE][PASSED] - Delayed 2 second(s)

2019-01-09 10:55:25 - [TEST_STEP][PASSED] - click: Object: 'Object Repository/Final Object Repo/Login Page/Internal User/Login Button' is clicked on

2019-01-09 10:55:25 - [MESSAGE][PASSED] - Object: 'Object Repository/Final Object Repo/Login Page/Internal User/Login Button' is clicked on

2019-01-09 10:55:25 - [TEST_STEP][PASSED] - Statement - tester = com.kms.katalon.core.testobject.ObjectRepository.findTestObject(Final Object Repo/Landing Page/Select to English): Finding Test Object with id 'Object Repository/Final Object Repo/Landing Page/Select to English'

2019-01-09 10:55:25 - [TEST_STEP][PASSED] - Statement - Try: Delayed 2 second(s)

2019-01-09 10:55:25 - [TEST_STEP][PASSED] - Statement - Checker = com.kms.katalon.core.webui.keyword.WebUiBuiltInKeywords.verifyElementNotPresent(tester, 3): Web element with id: 'Object Repository/Final Object Repo/Landing Page/Select to English' located by 'By.xpath: //a[@class = 'taglib-language-list-text' and @lang = 'en-US' and (contains(text(), 'EN') or contains(., 'EN'))]' is not present after '3' second(s)

2019-01-09 10:55:27 - [MESSAGE][PASSED] - Web element with id: 'Object Repository/Final Object Repo/Landing Page/Select to English' located by 'By.xpath: //a[@class = 'taglib-language-list-text' and @lang = 'en-US' and (contains(text(), 'EN') or contains(., 'EN'))]' is not present after '3' second(s)

2019-01-09 10:55:27 - [TEST_STEP][PASSED] - Statement - If (Checker == false): null

2019-01-09 10:55:27 - [TEST_STEP][PASSED] - delay: Delayed 2 second(s)

2019-01-09 10:55:29 - [MESSAGE][PASSED] - Delayed 2 second(s)

2019-01-09 10:55:29 - [TEST_STEP][PASSED] - delay: Delayed 5 second(s)

2019-01-09 10:55:34 - [MESSAGE][PASSED] - Delayed 5 second(s)

2019-01-09 10:55:34 - [TEST_STEP][PASSED] - mouseOver: Object: 'Object Repository/Final Object Repo/Landing Page/WorkFlow Menu' is hovered

2019-01-09 10:55:34 - [MESSAGE][PASSED] - Object: 'Object Repository/Final Object Repo/Landing Page/WorkFlow Menu' is hovered

2019-01-09 10:55:34 - [TEST_STEP][PASSED] - delay: Delayed 2 second(s)

2019-01-09 10:55:36 - [MESSAGE][PASSED] - Delayed 2 second(s)

2019-01-09 10:55:36 - [TEST_STEP][PASSED] - click: Object: 'Object Repository/Final Object Repo/Landing Page/Select to Workflow Listing' is clicked on

2019-01-09 10:55:37 - [MESSAGE][PASSED] - Object: 'Object Repository/Final Object Repo/Landing Page/Select to Workflow Listing' is clicked on

2019-01-09 10:55:37 - [TEST_STEP][PASSED] - delay: Delayed 2 second(s)

2019-01-09 10:55:39 - [MESSAGE][PASSED] - Delayed 2 second(s)

2019-01-09 10:55:39 - [TEST_STEP][PASSED] - click: Object: 'Object Repository/Final Object Repo/WorkFlow Listing Page/Search Information - To Put Ref No' is clicked on

2019-01-09 10:55:40 - [MESSAGE][PASSED] - Object: 'Object Repository/Final Object Repo/WorkFlow Listing Page/Search Information - To Put Ref No' is clicked on

2019-01-09 10:55:40 - [TEST_STEP][PASSED] - delay: Delayed 2 second(s)

2019-01-09 10:55:42 - [MESSAGE][PASSED] - Delayed 2 second(s)

2019-01-09 10:55:42 - [TEST_STEP][PASSED] - callTestCase: Call Test Case 'Test Cases/Final Aug 2018 - PKS Automation/Common/Reference Number Getter' successfully

2019-01-09 10:55:42 - [TEST_CASE][PASSED] - Test Cases/Final Aug 2018 - PKS Automation/Common/Reference Number Getter: Test Cases/Final Aug 2018 - PKS Automation/Common/Reference Number Getter

2019-01-09 10:55:42 - [TEST_STEP][PASSED] - Statement - Try: null

2019-01-09 10:55:42 - [TEST_STEP][PASSED] - Statement - RefNo = new java.io.File(C://Users//Admin//Desktop//PKS//Automation Reference Point//KatalonReference.txt): null

2019-01-09 10:55:42 - [TEST_STEP][PASSED] - Statement - bufferread = new java.io.BufferedReader(new java.io.FileReader(RefNo)): null

2019-01-09 10:55:42 - [TEST_STEP][PASSED] - Statement - readedVal = bufferread.readLine(): null

2019-01-09 10:55:42 - [TEST_STEP][PASSED] - Statement - out.println(CaseReferenceNo): null

2019-01-09 10:55:42 - [TEST_STEP][PASSED] - Statement - out.println(readedVal): null

2019-01-09 10:55:42 - [TEST_STEP][PASSED] - Statement - CaseReferenceNo = "": null

2019-01-09 10:55:42 - [TEST_STEP][PASSED] - Statement - CaseReferenceNo = readedVal: null

2019-01-09 10:55:42 - [MESSAGE][PASSED] - Call Test Case 'Test Cases/Final Aug 2018 - PKS Automation/Common/Reference Number Getter' successfully

2019-01-09 10:55:42 - [TEST_STEP][PASSED] - setText: Text 'CRN01201900123666' is set on object 'Object Repository/Final Object Repo/WorkFlow Listing Page/Ref No Set Text'

2019-01-09 10:55:42 - [MESSAGE][PASSED] - Text 'CRN01201900123666' is set on object 'Object Repository/Final Object Repo/WorkFlow Listing Page/Ref No Set Text'

2019-01-09 10:55:42 - [TEST_STEP][PASSED] - delay: Delayed 2 second(s)

2019-01-09 10:55:44 - [MESSAGE][PASSED] - Delayed 2 second(s)

2019-01-09 10:55:44 - [TEST_STEP][PASSED] - click: Object: 'Object Repository/Final Object Repo/WorkFlow Listing Page/Search Ref No Search Button' is clicked on

2019-01-09 10:55:44 - [MESSAGE][PASSED] - Object: 'Object Repository/Final Object Repo/WorkFlow Listing Page/Search Ref No Search Button' is clicked on

2019-01-09 10:55:44 - [TEST_STEP][PASSED] - delay: Delayed 6 second(s)

2019-01-09 10:55:50 - [MESSAGE][PASSED] - Delayed 6 second(s)

2019-01-09 10:55:50 - [TEST_STEP][PASSED] - click: Object: 'Object Repository/Final Object Repo/WorkFlow Listing Page/Click Continue Tooltip' is clicked on

2019-01-09 10:55:51 - [MESSAGE][PASSED] - Object: 'Object Repository/Final Object Repo/WorkFlow Listing Page/Click Continue Tooltip' is clicked on

2019-01-09 10:55:51 - [TEST_STEP][PASSED] - delay: Delayed 5 second(s)

2019-01-09 10:55:56 - [MESSAGE][PASSED] - Delayed 5 second(s)

2019-01-09 10:55:56 - [TEST_STEP][PASSED] - doubleClick: Object: 'Object Repository/Final Object Repo/WorkFlow Listing Page/Workflow Found - Listing 1' is double clicked on

2019-01-09 10:55:57 - [MESSAGE][PASSED] - Object: 'Object Repository/Final Object Repo/WorkFlow Listing Page/Workflow Found - Listing 1' is double clicked on

2019-01-09 10:55:57 - [TEST_STEP][PASSED] - Statement - println(OwnerID): null

2019-01-09 10:55:57 - [TEST_STEP][PASSED] - Statement - OwnerID = com.kms.katalon.core.webui.keyword.WebUiBuiltInKeywords.getText(com.kms.katalon.core.testobject.ObjectRepository.findTestObject(Final Object Repo/WorkFlow Listing Page/Workflow Found - Listing 1), STOP_ON_FAILURE): Text of object 'Object Repository/Final Object Repo/WorkFlow Listing Page/Workflow Found - Listing 1' is: 'JOHORro3'

2019-01-09 10:55:57 - [MESSAGE][PASSED] - Text of object 'Object Repository/Final Object Repo/WorkFlow Listing Page/Workflow Found - Listing 1' is: 'JOHORro3'

2019-01-09 10:55:57 - [TEST_STEP][PASSED] - Statement - OwnerID = OwnerID.toLowerCase() + "@gmail.com": null

2019-01-09 10:55:57 - [TEST_STEP][PASSED] - Statement - println(OwnerID): null

2019-01-09 10:55:57 - [TEST_STEP][PASSED] - delay: Delayed 2 second(s)

2019-01-09 10:55:59 - [MESSAGE][PASSED] - Delayed 2 second(s)

2019-01-09 10:55:59 - [MESSAGE][PASSED] - Call Test Case 'Test Cases/Final Aug 2018 - PKS Automation/Common/Workflow Owner Finder' successfully

2019-01-09 10:55:59 - [TEST_STEP][PASSED] - callTestCase: Call Test Case 'Test Cases/Final Aug 2018 - PKS Automation/Registration Module/Log Out/log out avoiding katalon tagging' successfully

2019-01-09 10:55:59 - [TEST_CASE][PASSED] - Test Cases/Final Aug 2018 - PKS Automation/Registration Module/Log Out/log out avoiding katalon tagging: Test Cases/Final Aug 2018 - PKS Automation/Registration Module/Log Out/log out avoiding katalon tagging

2019-01-09 10:55:59 - [TEST_STEP][PASSED] - navigateToUrl: Navigate to 'https://assist2-uat.perkeso.gov.my/c/portal/logout' successfully

2019-01-09 10:56:00 - [MESSAGE][PASSED] - Navigate to 'https://assist2-uat.perkeso.gov.my/c/portal/logout' successfully

2019-01-09 10:56:00 - [MESSAGE][PASSED] - Call Test Case 'Test Cases/Final Aug 2018 - PKS Automation/Registration Module/Log Out/log out avoiding katalon tagging' successfully

2019-01-09 10:56:00 - [TEST_STEP][PASSED] - delay: Delayed 2 second(s)

2019-01-09 10:56:02 - [MESSAGE][PASSED] - Delayed 2 second(s)

2019-01-09 10:56:02 - [TEST_STEP][PASSED] - setText: Text 'johorro3@gmail.com' is set on object 'Object Repository/Final Object Repo/New Registration - Registration Module Pages/New Reg - OTC to RO/Special Case - All Related Objects/Email TextBox'

2019-01-09 10:56:02 - [MESSAGE][PASSED] - Text 'johorro3@gmail.com' is set on object 'Object Repository/Final Object Repo/New Registration - Registration Module Pages/New Reg - OTC to RO/Special Case - All Related Objects/Email TextBox'

2019-01-09 10:56:02 - [TEST_STEP][PASSED] - click: Object: 'Object Repository/Final Object Repo/New Registration - Registration Module Pages/New Reg - OTC to RO/Special Case - All Related Objects/Next Button' is clicked on

2019-01-09 10:56:02 - [MESSAGE][PASSED] - Object: 'Object Repository/Final Object Repo/New Registration - Registration Module Pages/New Reg - OTC to RO/Special Case - All Related Objects/Next Button' is clicked on

2019-01-09 10:56:02 - [TEST_STEP][PASSED] - delay: Delayed 2 second(s)

2019-01-09 10:56:04 - [MESSAGE][PASSED] - Delayed 2 second(s)

2019-01-09 10:56:04 - [TEST_STEP][PASSED] - setText: Text 'Test1@3456789' is set on object 'Object Repository/Final Object Repo/New Registration - Registration Module Pages/New Reg - OTC to RO/Special Case - All Related Objects/Password TextBox'

2019-01-09 10:56:05 - [MESSAGE][PASSED] - Text 'Test1@3456789' is set on object 'Object Repository/Final Object Repo/New Registration - Registration Module Pages/New Reg - OTC to RO/Special Case - All Related Objects/Password TextBox'

2019-01-09 10:56:05 - [TEST_STEP][PASSED] - delay: Delayed 2 second(s)

2019-01-09 10:56:07 - [MESSAGE][PASSED] - Delayed 2 second(s)

2019-01-09 10:56:07 - [TEST_STEP][PASSED] - click: Object: 'Object Repository/Final Object Repo/New Registration - Registration Module Pages/New Reg - OTC to RO/Special Case - All Related Objects/Login Button' is clicked on

2019-01-09 10:56:07 - [MESSAGE][PASSED] - Object: 'Object Repository/Final Object Repo/New Registration - Registration Module Pages/New Reg - OTC to RO/Special Case - All Related Objects/Login Button' is clicked on

2019-01-09 10:56:07 - [TEST_STEP][PASSED] - delay: Delayed 2 second(s)

2019-01-09 10:56:09 - [MESSAGE][PASSED] - Delayed 2 second(s)

2019-01-09 10:56:09 - [TEST_STEP][PASSED] - Statement - Try: null

2019-01-09 10:56:09 - [TEST_STEP][PASSED] - Statement - Checker = com.kms.katalon.core.webui.keyword.WebUiBuiltInKeywords.verifyElementNotPresent("Final Object Repo/Landing Page/Select to English", 3): null

2019-01-09 10:56:09 - [TEST_STEP][PASSED] - Statement - Catch (Exception e): null

2019-01-09 10:56:09 - [TEST_STEP][PASSED] - Statement - e.printStackTrace(): null

2019-01-09 10:56:10 - [TEST_STEP][PASSED] - click: Object: 'Object Repository/Final Object Repo/New Registration - Registration Module Pages/New Reg - OTC to RO/Special Case - All Related Objects/Expand to Search' is clicked on

2019-01-09 10:56:11 - [MESSAGE][PASSED] - Object: 'Object Repository/Final Object Repo/New Registration - Registration Module Pages/New Reg - OTC to RO/Special Case - All Related Objects/Expand to Search' is clicked on

2019-01-09 10:56:11 - [TEST_STEP][PASSED] - setText: Text 'CRN01201900123666' is set on object 'Object Repository/Final Object Repo/New Registration - Registration Module Pages/New Reg - OTC to RO/Special Case - All Related Objects/TextBox RefNo in Workbasket'

2019-01-09 10:56:12 - [MESSAGE][PASSED] - Text 'CRN01201900123666' is set on object 'Object Repository/Final Object Repo/New Registration - Registration Module Pages/New Reg - OTC to RO/Special Case - All Related Objects/TextBox RefNo in Workbasket'

2019-01-09 10:56:12 - [TEST_STEP][PASSED] - delay: Delayed 2 second(s)

2019-01-09 10:56:14 - [MESSAGE][PASSED] - Delayed 2 second(s)

2019-01-09 10:56:14 - [TEST_STEP][PASSED] - click: Object: 'Object Repository/Final Object Repo/New Registration - Registration Module Pages/New Reg - OTC to RO/Special Case - All Related Objects/Click Search' is clicked on

2019-01-09 10:56:14 - [MESSAGE][PASSED] - Object: 'Object Repository/Final Object Repo/New Registration - Registration Module Pages/New Reg - OTC to RO/Special Case - All Related Objects/Click Search' is clicked on

2019-01-09 10:56:14 - [TEST_STEP][PASSED] - delay: Delayed 2 second(s)

2019-01-09 10:56:16 - [MESSAGE][PASSED] - Delayed 2 second(s)

2019-01-09 10:56:16 - [TEST_STEP][PASSED] - click: Object: 'Object Repository/Final Object Repo/New Registration - Registration Module Pages/New Reg - OTC to RO/Special Case - All Related Objects/Click to Continue Workflow' is clicked on

2019-01-09 10:56:20 - [MESSAGE][PASSED] - Object: 'Object Repository/Final Object Repo/New Registration - Registration Module Pages/New Reg - OTC to RO/Special Case - All Related Objects/Click to Continue Workflow' is clicked on

2019-01-09 10:56:20 - [TEST_STEP][PASSED] - delay: Delayed 2 second(s)

2019-01-09 10:56:22 - [MESSAGE][PASSED] - Delayed 2 second(s)

2019-01-09 10:56:22 - [TEST_STEP][PASSED] - click: Object: 'Object Repository/Final Object Repo/New Registration - Registration Module Pages/New Reg - OTC to RO/Special Case - All Related Objects/Continue Button in verifying case' is clicked on

2019-01-09 10:56:26 - [MESSAGE][PASSED] - Object: 'Object Repository/Final Object Repo/New Registration - Registration Module Pages/New Reg - OTC to RO/Special Case - All Related Objects/Continue Button in verifying case' is clicked on

2019-01-09 10:56:26 - [TEST_STEP][PASSED] - delay: Delayed 2 second(s)

2019-01-09 10:56:28 - [MESSAGE][PASSED] - Delayed 2 second(s)

2019-01-09 10:56:28 - [TEST_STEP][PASSED] - click: Object: 'Object Repository/Final Object Repo/New Registration - Registration Module Pages/Form 1/Registered As a Branch - Yes' is clicked on

2019-01-09 10:56:28 - [MESSAGE][PASSED] - Object: 'Object Repository/Final Object Repo/New Registration - Registration Module Pages/Form 1/Registered As a Branch - Yes' is clicked on

2019-01-09 10:56:28 - [TEST_STEP][PASSED] - delay: Delayed 2 second(s)

2019-01-09 10:56:30 - [MESSAGE][PASSED] - Delayed 2 second(s)

2019-01-09 10:56:30 - [TEST_STEP][PASSED] - click: Object: 'Object Repository/Final Object Repo/New Registration - Registration Module Pages/New Reg - OTC to RO/Special Case - All Related Objects/Form 1 Save n Continue' is clicked on

2019-01-09 10:56:31 - [MESSAGE][PASSED] - Object: 'Object Repository/Final Object Repo/New Registration - Registration Module Pages/New Reg - OTC to RO/Special Case - All Related Objects/Form 1 Save n Continue' is clicked on

2019-01-09 10:56:31 - [TEST_STEP][PASSED] - delay: Delayed 2 second(s)

2019-01-09 10:56:33 - [MESSAGE][PASSED] - Delayed 2 second(s)

2019-01-09 10:56:33 - [TEST_STEP][PASSED] - click: Object: 'Object Repository/Final Object Repo/New Registration - Registration Module Pages/New Reg - OTC to RO/Special Case - All Related Objects/Form 2 Save n Continue' is clicked on

2019-01-09 10:56:33 - [MESSAGE][PASSED] - Object: 'Object Repository/Final Object Repo/New Registration - Registration Module Pages/New Reg - OTC to RO/Special Case - All Related Objects/Form 2 Save n Continue' is clicked on

2019-01-09 10:56:33 - [TEST_STEP][PASSED] - delay: Delayed 2 second(s)

2019-01-09 10:56:35 - [MESSAGE][PASSED] - Delayed 2 second(s)

2019-01-09 10:56:35 - [TEST_STEP][PASSED] - click: Object: 'Object Repository/Final Object Repo/New Registration - Registration Module Pages/New Reg - OTC to RO/Special Case - All Related Objects/Third Screen Save n Continue' is clicked on

2019-01-09 10:56:41 - [MESSAGE][PASSED] - Object: 'Object Repository/Final Object Repo/New Registration - Registration Module Pages/New Reg - OTC to RO/Special Case - All Related Objects/Third Screen Save n Continue' is clicked on

2019-01-09 10:56:41 - [TEST_STEP][PASSED] - delay: Delayed 5 second(s)

2019-01-09 10:56:46 - [MESSAGE][PASSED] - Delayed 5 second(s)

2019-01-09 10:56:46 - [TEST_STEP][PASSED] - setText: Text 'Query case' is set on object 'Object Repository/Final Object Repo/New Registration - Registration Module Pages/New Reg - OTC to RO/Special Case - All Related Objects/Query Text Input'

2019-01-09 10:56:47 - [MESSAGE][PASSED] - Text 'Query case' is set on object 'Object Repository/Final Object Repo/New Registration - Registration Module Pages/New Reg - OTC to RO/Special Case - All Related Objects/Query Text Input'

2019-01-09 10:56:47 - [TEST_STEP][PASSED] - delay: Delayed 5 second(s)

2019-01-09 10:56:52 - [MESSAGE][PASSED] - Delayed 5 second(s)

2019-01-09 10:56:52 - [TEST_STEP][PASSED] - click: Object: 'Object Repository/Final Object Repo/New Registration - Registration Module Pages/New Reg - OTC to RO/Special Case - All Related Objects/Upload Doc Page Save n Continue' is clicked on

2019-01-09 10:56:52 - [MESSAGE][PASSED] - Object: 'Object Repository/Final Object Repo/New Registration - Registration Module Pages/New Reg - OTC to RO/Special Case - All Related Objects/Upload Doc Page Save n Continue' is clicked on

2019-01-09 10:56:52 - [TEST_STEP][PASSED] - click: Object: 'Object Repository/Final Object Repo/New Registration - Registration Module Pages/New Reg - OTC to RO/Special Case - All Related Objects/Query Button' is clicked on

2019-01-09 10:56:59 - [MESSAGE][PASSED] - Object: 'Object Repository/Final Object Repo/New Registration - Registration Module Pages/New Reg - OTC to RO/Special Case - All Related Objects/Query Button' is clicked on

2019-01-09 10:56:59 - [TEST_STEP][PASSED] - click: Object: 'Object Repository/Final Object Repo/New Registration - Registration Module Pages/New Reg - OTC to RO/Special Case - All Related Objects/Confirm to Query' is clicked on

2019-01-09 10:57:00 - [MESSAGE][PASSED] - Object: 'Object Repository/Final Object Repo/New Registration - Registration Module Pages/New Reg - OTC to RO/Special Case - All Related Objects/Confirm to Query' is clicked on

2019-01-09 10:57:00 - [TEST_STEP][PASSED] - callTestCase: Call Test Case 'Test Cases/Final Aug 2018 - PKS Automation/Registration Module/Log Out/log out avoiding katalon tagging' successfully

2019-01-09 10:57:00 - [TEST_CASE][PASSED] - Test Cases/Final Aug 2018 - PKS Automation/Registration Module/Log Out/log out avoiding katalon tagging: Test Cases/Final Aug 2018 - PKS Automation/Registration Module/Log Out/log out avoiding katalon tagging

2019-01-09 10:57:00 - [TEST_STEP][PASSED] - navigateToUrl: Navigate to 'https://assist2-uat.perkeso.gov.my/c/portal/logout' successfully

2019-01-09 10:57:11 - [MESSAGE][PASSED] - Navigate to 'https://assist2-uat.perkeso.gov.my/c/portal/logout' successfully

2019-01-09 10:57:11 - [MESSAGE][PASSED] - Call Test Case 'Test Cases/Final Aug 2018 - PKS Automation/Registration Module/Log Out/log out avoiding katalon tagging' successfully

2019-01-09 10:57:11 - [TEST_STEP][PASSED] - delay: Delayed 2 second(s)

2019-01-09 10:57:13 - [MESSAGE][PASSED] - Delayed 2 second(s)

2019-01-09 10:57:13 - [TEST_STEP][PASSED] - setText: Text 'klotc2@gmail.com' is set on object 'Object Repository/Final Object Repo/Login Page/Internal User/Email Address'

2019-01-09 10:57:13 - [MESSAGE][PASSED] - Text 'klotc2@gmail.com' is set on object 'Object Repository/Final Object Repo/Login Page/Internal User/Email Address'

2019-01-09 10:57:13 - [TEST_STEP][PASSED] - click: Object: 'Object Repository/Final Object Repo/Login Page/Internal User/Next Button' is clicked on

2019-01-09 10:57:13 - [MESSAGE][PASSED] - Object: 'Object Repository/Final Object Repo/Login Page/Internal User/Next Button' is clicked on

2019-01-09 10:57:13 - [TEST_STEP][PASSED] - delay: Delayed 2 second(s)

2019-01-09 10:57:15 - [MESSAGE][PASSED] - Delayed 2 second(s)

2019-01-09 10:57:15 - [TEST_STEP][PASSED] - setText: Text 'Test1@3456789' is set on object 'Object Repository/Final Object Repo/Login Page/Internal User/Password'

2019-01-09 10:57:17 - [MESSAGE][PASSED] - Text 'Test1@3456789' is set on object 'Object Repository/Final Object Repo/Login Page/Internal User/Password'

2019-01-09 10:57:17 - [TEST_STEP][PASSED] - delay: Delayed 2 second(s)

2019-01-09 10:57:19 - [MESSAGE][PASSED] - Delayed 2 second(s)

2019-01-09 10:57:19 - [TEST_STEP][PASSED] - click: Object: 'Object Repository/Final Object Repo/Login Page/Internal User/Login Button' is clicked on

2019-01-09 10:57:19 - [MESSAGE][PASSED] - Object: 'Object Repository/Final Object Repo/Login Page/Internal User/Login Button' is clicked on

2019-01-09 10:57:19 - [TEST_STEP][PASSED] - delay: Delayed 2 second(s)

2019-01-09 10:57:21 - [MESSAGE][PASSED] - Delayed 2 second(s)

2019-01-09 10:57:21 - [TEST_STEP][PASSED] - Statement - Try: null

2019-01-09 10:57:21 - [TEST_STEP][PASSED] - Statement - Checker = com.kms.katalon.core.webui.keyword.WebUiBuiltInKeywords.verifyElementNotPresent("PKS_SIP_Updated_RegModule/Attempt/Page_MyASSIST - ASSIST/Select to English", 3): null

2019-01-09 10:57:21 - [TEST_STEP][PASSED] - Statement - Catch (Exception e): null

2019-01-09 10:57:21 - [TEST_STEP][PASSED] - Statement - e.printStackTrace(): null

2019-01-09 10:57:21 - [TEST_STEP][PASSED] - delay: Delayed 4 second(s)

2019-01-09 10:57:25 - [MESSAGE][PASSED] - Delayed 4 second(s)

2019-01-09 10:57:25 - [TEST_STEP][PASSED] - click: Object: 'Object Repository/Final Object Repo/Landing Page/My Sites Drop Down' is clicked on

2019-01-09 10:57:25 - [MESSAGE][PASSED] - Object: 'Object Repository/Final Object Repo/Landing Page/My Sites Drop Down' is clicked on

2019-01-09 10:57:25 - [TEST_STEP][PASSED] - click: Object: 'Object Repository/Final Object Repo/Landing Page/Select to Registration Module' is clicked on

2019-01-09 10:57:26 - [MESSAGE][PASSED] - Object: 'Object Repository/Final Object Repo/Landing Page/Select to Registration Module' is clicked on

2019-01-09 10:57:26 - [TEST_STEP][PASSED] - delay: Delayed 2 second(s)

2019-01-09 10:57:28 - [MESSAGE][PASSED] - Delayed 2 second(s)

2019-01-09 10:57:28 - [TEST_STEP][PASSED] - mouseOver: Object: 'Object Repository/Final Object Repo/New Registration - Registration Module Pages/New Reg - OTC to RO/Special Case - All Related Objects/Hover Over Search Drop Down' is hovered

2019-01-09 10:57:28 - [MESSAGE][PASSED] - Object: 'Object Repository/Final Object Repo/New Registration - Registration Module Pages/New Reg - OTC to RO/Special Case - All Related Objects/Hover Over Search Drop Down' is hovered

2019-01-09 10:57:28 - [TEST_STEP][PASSED] - click: Object: 'Object Repository/Final Object Repo/New Registration - Registration Module Pages/New Reg - OTC to RO/Special Case - All Related Objects/Select Search Pending Case' is clicked on

2019-01-09 10:57:29 - [MESSAGE][PASSED] - Object: 'Object Repository/Final Object Repo/New Registration - Registration Module Pages/New Reg - OTC to RO/Special Case - All Related Objects/Select Search Pending Case' is clicked on

2019-01-09 10:57:29 - [TEST_STEP][PASSED] - click: Object: 'Object Repository/Final Object Repo/New Registration - Registration Module Pages/New Reg - OTC to RO/Special Case - All Related Objects/Select Searching Method (Employer Code)' is clicked on

2019-01-09 10:57:29 - [MESSAGE][PASSED] - Object: 'Object Repository/Final Object Repo/New Registration - Registration Module Pages/New Reg - OTC to RO/Special Case - All Related Objects/Select Searching Method (Employer Code)' is clicked on

2019-01-09 10:57:29 - [TEST_STEP][PASSED] - click: Object: 'Object Repository/Final Object Repo/New Registration - Registration Module Pages/New Reg - OTC to RO/Special Case - All Related Objects/Select Searching Method to Reference ID' is clicked on

2019-01-09 10:57:29 - [MESSAGE][PASSED] - Object: 'Object Repository/Final Object Repo/New Registration - Registration Module Pages/New Reg - OTC to RO/Special Case - All Related Objects/Select Searching Method to Reference ID' is clicked on

2019-01-09 10:57:29 - [TEST_STEP][PASSED] - setText: Text 'CRN01201900123666' is set on object 'Object Repository/Final Object Repo/New Registration - Registration Module Pages/New Reg - OTC to RO/Special Case - All Related Objects/Pending Case Ref NO'

2019-01-09 10:57:30 - [MESSAGE][PASSED] - Text 'CRN01201900123666' is set on object 'Object Repository/Final Object Repo/New Registration - Registration Module Pages/New Reg - OTC to RO/Special Case - All Related Objects/Pending Case Ref NO'

2019-01-09 10:57:30 - [TEST_STEP][PASSED] - click: Object: 'Object Repository/Final Object Repo/New Registration - Registration Module Pages/New Reg - OTC to RO/Special Case - All Related Objects/Search Pending Case Based on Ref No' is clicked on

2019-01-09 10:57:30 - [MESSAGE][PASSED] - Object: 'Object Repository/Final Object Repo/New Registration - Registration Module Pages/New Reg - OTC to RO/Special Case - All Related Objects/Search Pending Case Based on Ref No' is clicked on

2019-01-09 10:57:30 - [TEST_STEP][PASSED] - click: Object: 'Object Repository/Final Object Repo/New Registration - Registration Module Pages/New Reg - OTC to RO/Special Case - All Related Objects/Action Button after found case' is clicked on

2019-01-09 10:57:33 - [MESSAGE][PASSED] - Object: 'Object Repository/Final Object Repo/New Registration - Registration Module Pages/New Reg - OTC to RO/Special Case - All Related Objects/Action Button after found case' is clicked on

2019-01-09 10:57:33 - [TEST_STEP][PASSED] - click: Object: 'Object Repository/Final Object Repo/New Registration - Registration Module Pages/New Reg - OTC to RO/Special Case - All Related Objects/Next Button in Pending Case Form 1' is clicked on

2019-01-09 10:57:34 - [MESSAGE][PASSED] - Object: 'Object Repository/Final Object Repo/New Registration - Registration Module Pages/New Reg - OTC to RO/Special Case - All Related Objects/Next Button in Pending Case Form 1' is clicked on

2019-01-09 10:57:34 - [TEST_STEP][PASSED] - click: Object: 'Object Repository/Final Object Repo/New Registration - Registration Module Pages/New Reg - OTC to RO/Special Case - All Related Objects/Next Button in Pending Case Form 2' is clicked on

2019-01-09 10:57:35 - [MESSAGE][PASSED] - Object: 'Object Repository/Final Object Repo/New Registration - Registration Module Pages/New Reg - OTC to RO/Special Case - All Related Objects/Next Button in Pending Case Form 2' is clicked on

2019-01-09 10:57:35 - [TEST_STEP][PASSED] - click: Object: 'Object Repository/Final Object Repo/New Registration - Registration Module Pages/New Reg - OTC to RO/Special Case - All Related Objects/Next Button in Third Screen' is clicked on

2019-01-09 10:57:38 - [MESSAGE][PASSED] - Object: 'Object Repository/Final Object Repo/New Registration - Registration Module Pages/New Reg - OTC to RO/Special Case - All Related Objects/Next Button in Third Screen' is clicked on

2019-01-09 10:57:38 - [TEST_STEP][PASSED] - click: Object: 'Object Repository/Final Object Repo/New Registration - Registration Module Pages/New Reg - OTC to RO/Special Case - All Related Objects/Add Document for Pending Case' is clicked on

2019-01-09 10:57:38 - [MESSAGE][PASSED] - Object: 'Object Repository/Final Object Repo/New Registration - Registration Module Pages/New Reg - OTC to RO/Special Case - All Related Objects/Add Document for Pending Case' is clicked on

2019-01-09 10:57:38 - [TEST_STEP][PASSED] - click: Object: 'Object Repository/Final Object Repo/New Registration - Registration Module Pages/New Reg - OTC to RO/Special Case - All Related Objects/Upload Pending Doc - Please Select' is clicked on

2019-01-09 10:57:42 - [MESSAGE][PASSED] - Object: 'Object Repository/Final Object Repo/New Registration - Registration Module Pages/New Reg - OTC to RO/Special Case - All Related Objects/Upload Pending Doc - Please Select' is clicked on

2019-01-09 10:57:42 - [TEST_STEP][PASSED] - click: Object: 'Object Repository/Final Object Repo/New Registration - Registration Module Pages/New Reg - OTC to RO/Special Case - All Related Objects/Select to Others to Upload' is clicked on

2019-01-09 10:57:43 - [MESSAGE][PASSED] - Object: 'Object Repository/Final Object Repo/New Registration - Registration Module Pages/New Reg - OTC to RO/Special Case - All Related Objects/Select to Others to Upload' is clicked on

2019-01-09 10:57:43 - [TEST_STEP][PASSED] - uploadFile: File 'C:\Users\Public\Pictures\Sample Pictures\Koala.jpg' sent to object: 'Object Repository/Final Object Repo/New Registration - Registration Module Pages/New Reg - OTC to RO/Special Case - All Related Objects/Uploading Pending Case Action'

2019-01-09 10:57:43 - [MESSAGE][PASSED] - File 'C:\Users\Public\Pictures\Sample Pictures\Koala.jpg' sent to object: 'Object Repository/Final Object Repo/New Registration - Registration Module Pages/New Reg - OTC to RO/Special Case - All Related Objects/Uploading Pending Case Action'

2019-01-09 10:57:43 - [TEST_STEP][PASSED] - click: Object: 'Object Repository/Final Object Repo/New Registration - Registration Module Pages/New Reg - OTC to RO/Special Case - All Related Objects/Inner form Add Document Button Pending Case' is clicked on

2019-01-09 10:57:43 - [MESSAGE][PASSED] - Object: 'Object Repository/Final Object Repo/New Registration - Registration Module Pages/New Reg - OTC to RO/Special Case - All Related Objects/Inner form Add Document Button Pending Case' is clicked on

2019-01-09 10:57:43 - [TEST_STEP][PASSED] - click: Object: 'Object Repository/Final Object Repo/New Registration - Registration Module Pages/New Reg - OTC to RO/Special Case - All Related Objects/Pending Case Exit' is clicked on

2019-01-09 10:57:48 - [MESSAGE][PASSED] - Object: 'Object Repository/Final Object Repo/New Registration - Registration Module Pages/New Reg - OTC to RO/Special Case - All Related Objects/Pending Case Exit' is clicked on

2019-01-09 10:57:48 - [TEST_STEP][PASSED] - callTestCase: Call Test Case 'Test Cases/Final Aug 2018 - PKS Automation/Registration Module/Log Out/log out avoiding katalon tagging' successfully

2019-01-09 10:57:48 - [TEST_CASE][PASSED] - Test Cases/Final Aug 2018 - PKS Automation/Registration Module/Log Out/log out avoiding katalon tagging: Test Cases/Final Aug 2018 - PKS Automation/Registration Module/Log Out/log out avoiding katalon tagging

2019-01-09 10:57:48 - [TEST_STEP][PASSED] - navigateToUrl: Navigate to 'https://assist2-uat.perkeso.gov.my/c/portal/logout' successfully

2019-01-09 10:57:49 - [MESSAGE][PASSED] - Navigate to 'https://assist2-uat.perkeso.gov.my/c/portal/logout' successfully

2019-01-09 10:57:49 - [MESSAGE][PASSED] - Call Test Case 'Test Cases/Final Aug 2018 - PKS Automation/Registration Module/Log Out/log out avoiding katalon tagging' successfully

2019-01-09 10:57:49 - [TEST_STEP][PASSED] - callTestCase: Call Test Case 'Test Cases/Final Aug 2018 - PKS Automation/Common/Workflow Owner Finder' successfully

2019-01-09 10:57:49 - [TEST_CASE][PASSED] - Test Cases/Final Aug 2018 - PKS Automation/Common/Workflow Owner Finder: Test Cases/Final Aug 2018 - PKS Automation/Common/Workflow Owner Finder

2019-01-09 10:57:49 - [TEST_STEP][PASSED] - openBrowser: Browser is opened with url: ''

2019-01-09 10:57:49 - [MESSAGE][WARNING] - A browser is already opened. Closing browser and opening a new one

2019-01-09 10:57:52 - [MESSAGE][PASSED] - Browser is opened with url: ''

2019-01-09 10:57:52 - [TEST_STEP][PASSED] - navigateToUrl: Navigate to 'https://assist2-uat.perkeso.gov.my/login' successfully

2019-01-09 10:57:53 - [MESSAGE][PASSED] - Navigate to 'https://assist2-uat.perkeso.gov.my/login' successfully

2019-01-09 10:57:53 - [TEST_STEP][PASSED] - delay: Delayed 5 second(s)

2019-01-09 10:57:58 - [MESSAGE][PASSED] - Delayed 5 second(s)

2019-01-09 10:57:58 - [TEST_STEP][PASSED] - setText: Text 'test@liferay.com' is set on object 'Object Repository/Final Object Repo/Login Page/Internal User/Email Address'

2019-01-09 10:57:59 - [MESSAGE][PASSED] - Text 'test@liferay.com' is set on object 'Object Repository/Final Object Repo/Login Page/Internal User/Email Address'

2019-01-09 10:57:59 - [TEST_STEP][PASSED] - click: Object: 'Object Repository/Final Object Repo/Login Page/Internal User/Next Button' is clicked on

2019-01-09 10:57:59 - [MESSAGE][PASSED] - Object: 'Object Repository/Final Object Repo/Login Page/Internal User/Next Button' is clicked on

2019-01-09 10:57:59 - [TEST_STEP][PASSED] - delay: Delayed 2 second(s)

2019-01-09 10:58:01 - [MESSAGE][PASSED] - Delayed 2 second(s)

2019-01-09 10:58:01 - [TEST_STEP][PASSED] - setText: Text 'test' is set on object 'Object Repository/Final Object Repo/Login Page/Internal User/Password'

2019-01-09 10:58:01 - [MESSAGE][PASSED] - Text 'test' is set on object 'Object Repository/Final Object Repo/Login Page/Internal User/Password'

2019-01-09 10:58:01 - [TEST_STEP][PASSED] - delay: Delayed 2 second(s)

2019-01-09 10:58:03 - [MESSAGE][PASSED] - Delayed 2 second(s)

2019-01-09 10:58:03 - [TEST_STEP][PASSED] - click: Object: 'Object Repository/Final Object Repo/Login Page/Internal User/Login Button' is clicked on

2019-01-09 10:58:03 - [MESSAGE][PASSED] - Object: 'Object Repository/Final Object Repo/Login Page/Internal User/Login Button' is clicked on

2019-01-09 10:58:03 - [TEST_STEP][PASSED] - Statement - tester = com.kms.katalon.core.testobject.ObjectRepository.findTestObject(Final Object Repo/Landing Page/Select to English): Finding Test Object with id 'Object Repository/Final Object Repo/Landing Page/Select to English'

2019-01-09 10:58:03 - [TEST_STEP][PASSED] - Statement - Try: Delayed 2 second(s)

2019-01-09 10:58:03 - [TEST_STEP][PASSED] - Statement - Checker = com.kms.katalon.core.webui.keyword.WebUiBuiltInKeywords.verifyElementNotPresent(tester, 3): Web element with id: 'Object Repository/Final Object Repo/Landing Page/Select to English' located by 'By.xpath: //a[@class = 'taglib-language-list-text' and @lang = 'en-US' and (contains(text(), 'EN') or contains(., 'EN'))]' is not present after '3' second(s)

2019-01-09 10:58:05 - [MESSAGE][PASSED] - Web element with id: 'Object Repository/Final Object Repo/Landing Page/Select to English' located by 'By.xpath: //a[@class = 'taglib-language-list-text' and @lang = 'en-US' and (contains(text(), 'EN') or contains(., 'EN'))]' is not present after '3' second(s)

2019-01-09 10:58:05 - [TEST_STEP][PASSED] - Statement - If (Checker == false): null

2019-01-09 10:58:05 - [TEST_STEP][PASSED] - delay: Delayed 2 second(s)

2019-01-09 10:58:07 - [MESSAGE][PASSED] - Delayed 2 second(s)

2019-01-09 10:58:07 - [TEST_STEP][PASSED] - delay: Delayed 5 second(s)

2019-01-09 10:58:12 - [MESSAGE][PASSED] - Delayed 5 second(s)

2019-01-09 10:58:12 - [TEST_STEP][PASSED] - mouseOver: Object: 'Object Repository/Final Object Repo/Landing Page/WorkFlow Menu' is hovered

2019-01-09 10:58:13 - [MESSAGE][PASSED] - Object: 'Object Repository/Final Object Repo/Landing Page/WorkFlow Menu' is hovered

2019-01-09 10:58:13 - [TEST_STEP][PASSED] - delay: Delayed 2 second(s)

2019-01-09 10:58:15 - [MESSAGE][PASSED] - Delayed 2 second(s)

2019-01-09 10:58:15 - [TEST_STEP][PASSED] - click: Object: 'Object Repository/Final Object Repo/Landing Page/Select to Workflow Listing' is clicked on

2019-01-09 10:58:16 - [MESSAGE][PASSED] - Object: 'Object Repository/Final Object Repo/Landing Page/Select to Workflow Listing' is clicked on

2019-01-09 10:58:16 - [TEST_STEP][PASSED] - delay: Delayed 2 second(s)

2019-01-09 10:58:18 - [MESSAGE][PASSED] - Delayed 2 second(s)

2019-01-09 10:58:18 - [TEST_STEP][PASSED] - click: Object: 'Object Repository/Final Object Repo/WorkFlow Listing Page/Search Information - To Put Ref No' is clicked on

2019-01-09 10:58:18 - [MESSAGE][PASSED] - Object: 'Object Repository/Final Object Repo/WorkFlow Listing Page/Search Information - To Put Ref No' is clicked on

2019-01-09 10:58:18 - [TEST_STEP][PASSED] - delay: Delayed 2 second(s)

2019-01-09 10:58:20 - [MESSAGE][PASSED] - Delayed 2 second(s)

2019-01-09 10:58:20 - [TEST_STEP][PASSED] - callTestCase: Call Test Case 'Test Cases/Final Aug 2018 - PKS Automation/Common/Reference Number Getter' successfully

2019-01-09 10:58:20 - [TEST_CASE][PASSED] - Test Cases/Final Aug 2018 - PKS Automation/Common/Reference Number Getter: Test Cases/Final Aug 2018 - PKS Automation/Common/Reference Number Getter

2019-01-09 10:58:20 - [TEST_STEP][PASSED] - Statement - Try: null

2019-01-09 10:58:20 - [TEST_STEP][PASSED] - Statement - RefNo = new java.io.File(C://Users//Admin//Desktop//PKS//Automation Reference Point//KatalonReference.txt): null

2019-01-09 10:58:20 - [TEST_STEP][PASSED] - Statement - bufferread = new java.io.BufferedReader(new java.io.FileReader(RefNo)): null

2019-01-09 10:58:20 - [TEST_STEP][PASSED] - Statement - readedVal = bufferread.readLine(): null

2019-01-09 10:58:20 - [TEST_STEP][PASSED] - Statement - out.println(CaseReferenceNo): null

2019-01-09 10:58:20 - [TEST_STEP][PASSED] - Statement - out.println(readedVal): null

2019-01-09 10:58:20 - [TEST_STEP][PASSED] - Statement - CaseReferenceNo = "": null

2019-01-09 10:58:20 - [TEST_STEP][PASSED] - Statement - CaseReferenceNo = readedVal: null

2019-01-09 10:58:20 - [MESSAGE][PASSED] - Call Test Case 'Test Cases/Final Aug 2018 - PKS Automation/Common/Reference Number Getter' successfully

2019-01-09 10:58:20 - [TEST_STEP][PASSED] - setText: Text 'CRN01201900123666' is set on object 'Object Repository/Final Object Repo/WorkFlow Listing Page/Ref No Set Text'

2019-01-09 10:58:21 - [MESSAGE][PASSED] - Text 'CRN01201900123666' is set on object 'Object Repository/Final Object Repo/WorkFlow Listing Page/Ref No Set Text'

2019-01-09 10:58:21 - [TEST_STEP][PASSED] - delay: Delayed 2 second(s)

2019-01-09 10:58:23 - [MESSAGE][PASSED] - Delayed 2 second(s)

2019-01-09 10:58:23 - [TEST_STEP][PASSED] - click: Object: 'Object Repository/Final Object Repo/WorkFlow Listing Page/Search Ref No Search Button' is clicked on

2019-01-09 10:58:23 - [MESSAGE][PASSED] - Object: 'Object Repository/Final Object Repo/WorkFlow Listing Page/Search Ref No Search Button' is clicked on

2019-01-09 10:58:23 - [TEST_STEP][PASSED] - delay: Delayed 6 second(s)

2019-01-09 10:58:29 - [MESSAGE][PASSED] - Delayed 6 second(s)

2019-01-09 10:58:29 - [TEST_STEP][PASSED] - click: Object: 'Object Repository/Final Object Repo/WorkFlow Listing Page/Click Continue Tooltip' is clicked on

2019-01-09 10:58:30 - [MESSAGE][PASSED] - Object: 'Object Repository/Final Object Repo/WorkFlow Listing Page/Click Continue Tooltip' is clicked on

2019-01-09 10:58:30 - [TEST_STEP][PASSED] - delay: Delayed 5 second(s)

2019-01-09 10:58:35 - [MESSAGE][PASSED] - Delayed 5 second(s)

2019-01-09 10:58:35 - [TEST_STEP][PASSED] - doubleClick: Object: 'Object Repository/Final Object Repo/WorkFlow Listing Page/Workflow Found - Listing 1' is double clicked on

2019-01-09 10:58:35 - [MESSAGE][PASSED] - Object: 'Object Repository/Final Object Repo/WorkFlow Listing Page/Workflow Found - Listing 1' is double clicked on

2019-01-09 10:58:35 - [TEST_STEP][PASSED] - Statement - println(OwnerID): null

2019-01-09 10:58:35 - [TEST_STEP][PASSED] - Statement - OwnerID = com.kms.katalon.core.webui.keyword.WebUiBuiltInKeywords.getText(com.kms.katalon.core.testobject.ObjectRepository.findTestObject(Final Object Repo/WorkFlow Listing Page/Workflow Found - Listing 1), STOP_ON_FAILURE): Text of object 'Object Repository/Final Object Repo/WorkFlow Listing Page/Workflow Found - Listing 1' is: 'JOHORro3'

2019-01-09 10:58:35 - [MESSAGE][PASSED] - Text of object 'Object Repository/Final Object Repo/WorkFlow Listing Page/Workflow Found - Listing 1' is: 'JOHORro3'

2019-01-09 10:58:35 - [TEST_STEP][PASSED] - Statement - OwnerID = OwnerID.toLowerCase() + "@gmail.com": null

2019-01-09 10:58:35 - [TEST_STEP][PASSED] - Statement - println(OwnerID): null

2019-01-09 10:58:35 - [TEST_STEP][PASSED] - delay: Delayed 2 second(s)

2019-01-09 10:58:37 - [MESSAGE][PASSED] - Delayed 2 second(s)

2019-01-09 10:58:37 - [MESSAGE][PASSED] - Call Test Case 'Test Cases/Final Aug 2018 - PKS Automation/Common/Workflow Owner Finder' successfully

2019-01-09 10:58:37 - [TEST_STEP][PASSED] - callTestCase: Call Test Case 'Test Cases/Final Aug 2018 - PKS Automation/Registration Module/Log Out/log out avoiding katalon tagging' successfully

2019-01-09 10:58:37 - [TEST_CASE][PASSED] - Test Cases/Final Aug 2018 - PKS Automation/Registration Module/Log Out/log out avoiding katalon tagging: Test Cases/Final Aug 2018 - PKS Automation/Registration Module/Log Out/log out avoiding katalon tagging

2019-01-09 10:58:37 - [TEST_STEP][PASSED] - navigateToUrl: Navigate to 'https://assist2-uat.perkeso.gov.my/c/portal/logout' successfully

2019-01-09 10:58:38 - [MESSAGE][PASSED] - Navigate to 'https://assist2-uat.perkeso.gov.my/c/portal/logout' successfully

2019-01-09 10:58:38 - [MESSAGE][PASSED] - Call Test Case 'Test Cases/Final Aug 2018 - PKS Automation/Registration Module/Log Out/log out avoiding katalon tagging' successfully

2019-01-09 10:58:38 - [TEST_STEP][PASSED] - delay: Delayed 2 second(s)

2019-01-09 10:58:40 - [MESSAGE][PASSED] - Delayed 2 second(s)

2019-01-09 10:58:40 - [TEST_STEP][PASSED] - setText: Text 'johorro3@gmail.com' is set on object 'Object Repository/Final Object Repo/Login Page/Internal User/Email Address'

2019-01-09 10:58:41 - [MESSAGE][PASSED] - Text 'johorro3@gmail.com' is set on object 'Object Repository/Final Object Repo/Login Page/Internal User/Email Address'

2019-01-09 10:58:41 - [TEST_STEP][PASSED] - click: Object: 'Object Repository/Final Object Repo/Login Page/Internal User/Next Button' is clicked on

2019-01-09 10:58:41 - [MESSAGE][PASSED] - Object: 'Object Repository/Final Object Repo/Login Page/Internal User/Next Button' is clicked on

2019-01-09 10:58:41 - [TEST_STEP][PASSED] - delay: Delayed 2 second(s)

2019-01-09 10:58:43 - [MESSAGE][PASSED] - Delayed 2 second(s)

2019-01-09 10:58:43 - [TEST_STEP][PASSED] - setText: Text 'Test1@3456789' is set on object 'Object Repository/Final Object Repo/Login Page/Internal User/Password'

2019-01-09 10:58:43 - [MESSAGE][PASSED] - Text 'Test1@3456789' is set on object 'Object Repository/Final Object Repo/Login Page/Internal User/Password'

2019-01-09 10:58:43 - [TEST_STEP][PASSED] - delay: Delayed 2 second(s)

2019-01-09 10:58:45 - [MESSAGE][PASSED] - Delayed 2 second(s)

2019-01-09 10:58:45 - [TEST_STEP][PASSED] - click: Object: 'Object Repository/Final Object Repo/Login Page/Internal User/Login Button' is clicked on

2019-01-09 10:58:45 - [MESSAGE][PASSED] - Object: 'Object Repository/Final Object Repo/Login Page/Internal User/Login Button' is clicked on

2019-01-09 10:58:45 - [TEST_STEP][PASSED] - delay: Delayed 2 second(s)

2019-01-09 10:58:47 - [MESSAGE][PASSED] - Delayed 2 second(s)

2019-01-09 10:58:47 - [TEST_STEP][PASSED] - Statement - Try: null

2019-01-09 10:58:47 - [TEST_STEP][PASSED] - Statement - Checker = com.kms.katalon.core.webui.keyword.WebUiBuiltInKeywords.verifyElementNotPresent("Final Object Repo/Landing Page/Select to English", 3): null

2019-01-09 10:58:47 - [TEST_STEP][PASSED] - Statement - Catch (Exception e): null

2019-01-09 10:58:47 - [TEST_STEP][PASSED] - Statement - e.printStackTrace(): null

2019-01-09 10:58:47 - [TEST_STEP][PASSED] - click: Object: 'Object Repository/Final Object Repo/New Registration - Registration Module Pages/New Reg - OTC to RO/Special Case - All Related Objects/Expand to Search' is clicked on

2019-01-09 10:58:47 - [MESSAGE][PASSED] - Object: 'Object Repository/Final Object Repo/New Registration - Registration Module Pages/New Reg - OTC to RO/Special Case - All Related Objects/Expand to Search' is clicked on

2019-01-09 10:58:47 - [TEST_STEP][PASSED] - callTestCase: Call Test Case 'Test Cases/Final Aug 2018 - PKS Automation/Common/Reference Number Getter' successfully

2019-01-09 10:58:48 - [TEST_CASE][PASSED] - Test Cases/Final Aug 2018 - PKS Automation/Common/Reference Number Getter: Test Cases/Final Aug 2018 - PKS Automation/Common/Reference Number Getter

2019-01-09 10:58:48 - [TEST_STEP][PASSED] - Statement - Try: null

2019-01-09 10:58:48 - [TEST_STEP][PASSED] - Statement - RefNo = new java.io.File(C://Users//Admin//Desktop//PKS//Automation Reference Point//KatalonReference.txt): null

2019-01-09 10:58:48 - [TEST_STEP][PASSED] - Statement - bufferread = new java.io.BufferedReader(new java.io.FileReader(RefNo)): null

2019-01-09 10:58:48 - [TEST_STEP][PASSED] - Statement - readedVal = bufferread.readLine(): null

2019-01-09 10:58:48 - [TEST_STEP][PASSED] - Statement - out.println(CaseReferenceNo): null

2019-01-09 10:58:48 - [TEST_STEP][PASSED] - Statement - out.println(readedVal): null

2019-01-09 10:58:48 - [TEST_STEP][PASSED] - Statement - CaseReferenceNo = "": null

2019-01-09 10:58:48 - [TEST_STEP][PASSED] - Statement - CaseReferenceNo = readedVal: null

2019-01-09 10:58:48 - [MESSAGE][PASSED] - Call Test Case 'Test Cases/Final Aug 2018 - PKS Automation/Common/Reference Number Getter' successfully

2019-01-09 10:58:48 - [TEST_STEP][PASSED] - setText: Text 'CRN01201900123666' is set on object 'Object Repository/Final Object Repo/New Registration - Registration Module Pages/New Reg - OTC to RO/Special Case - All Related Objects/TextBox RefNo in Workbasket'

2019-01-09 10:58:48 - [MESSAGE][PASSED] - Text 'CRN01201900123666' is set on object 'Object Repository/Final Object Repo/New Registration - Registration Module Pages/New Reg - OTC to RO/Special Case - All Related Objects/TextBox RefNo in Workbasket'

2019-01-09 10:58:48 - [TEST_STEP][PASSED] - delay: Delayed 2 second(s)

2019-01-09 10:58:50 - [MESSAGE][PASSED] - Delayed 2 second(s)

2019-01-09 10:58:50 - [TEST_STEP][PASSED] - click: Object: 'Object Repository/Final Object Repo/New Registration - Registration Module Pages/New Reg - OTC to RO/Special Case - All Related Objects/Click Search' is clicked on

2019-01-09 10:58:50 - [MESSAGE][PASSED] - Object: 'Object Repository/Final Object Repo/New Registration - Registration Module Pages/New Reg - OTC to RO/Special Case - All Related Objects/Click Search' is clicked on

2019-01-09 10:58:50 - [TEST_STEP][PASSED] - delay: Delayed 2 second(s)

2019-01-09 10:58:52 - [MESSAGE][PASSED] - Delayed 2 second(s)

2019-01-09 10:58:52 - [TEST_STEP][PASSED] - click: Object: 'Object Repository/Final Object Repo/New Registration - Registration Module Pages/New Reg - OTC to RO/Special Case - All Related Objects/Click to Continue Workflow' is clicked on

2019-01-09 10:58:57 - [MESSAGE][PASSED] - Object: 'Object Repository/Final Object Repo/New Registration - Registration Module Pages/New Reg - OTC to RO/Special Case - All Related Objects/Click to Continue Workflow' is clicked on

2019-01-09 10:58:57 - [TEST_STEP][PASSED] - delay: Delayed 2 second(s)

2019-01-09 10:58:59 - [MESSAGE][PASSED] - Delayed 2 second(s)

2019-01-09 10:58:59 - [TEST_STEP][PASSED] - click: Object: 'Object Repository/Final Object Repo/New Registration - Registration Module Pages/New Reg - OTC to RO/Special Case - All Related Objects/Continue Button in verifying case' is clicked on

2019-01-09 10:59:03 - [MESSAGE][PASSED] - Object: 'Object Repository/Final Object Repo/New Registration - Registration Module Pages/New Reg - OTC to RO/Special Case - All Related Objects/Continue Button in verifying case' is clicked on

2019-01-09 10:59:03 - [TEST_STEP][PASSED] - delay: Delayed 2 second(s)

2019-01-09 10:59:05 - [MESSAGE][PASSED] - Delayed 2 second(s)

2019-01-09 10:59:05 - [TEST_STEP][PASSED] - click: Object: 'Object Repository/Final Object Repo/New Registration - Registration Module Pages/New Reg - OTC to RO/Special Case - All Related Objects/Form 1 Save n Continue' is clicked on

2019-01-09 10:59:05 - [MESSAGE][PASSED] - Object: 'Object Repository/Final Object Repo/New Registration - Registration Module Pages/New Reg - OTC to RO/Special Case - All Related Objects/Form 1 Save n Continue' is clicked on

2019-01-09 10:59:05 - [TEST_STEP][PASSED] - delay: Delayed 2 second(s)

2019-01-09 10:59:07 - [MESSAGE][PASSED] - Delayed 2 second(s)

2019-01-09 10:59:07 - [TEST_STEP][PASSED] - click: Object: 'Object Repository/Final Object Repo/New Registration - Registration Module Pages/New Reg - OTC to RO/Special Case - All Related Objects/Form 2 Save n Continue' is clicked on

2019-01-09 10:59:07 - [MESSAGE][PASSED] - Object: 'Object Repository/Final Object Repo/New Registration - Registration Module Pages/New Reg - OTC to RO/Special Case - All Related Objects/Form 2 Save n Continue' is clicked on

2019-01-09 10:59:07 - [TEST_STEP][PASSED] - delay: Delayed 2 second(s)

2019-01-09 10:59:09 - [MESSAGE][PASSED] - Delayed 2 second(s)

2019-01-09 10:59:09 - [TEST_STEP][PASSED] - click: Object: 'Object Repository/Final Object Repo/New Registration - Registration Module Pages/New Reg - OTC to RO/Special Case - All Related Objects/Third Screen Save n Continue' is clicked on

2019-01-09 10:59:15 - [MESSAGE][PASSED] - Object: 'Object Repository/Final Object Repo/New Registration - Registration Module Pages/New Reg - OTC to RO/Special Case - All Related Objects/Third Screen Save n Continue' is clicked on

2019-01-09 10:59:15 - [TEST_STEP][PASSED] - delay: Delayed 5 second(s)

2019-01-09 10:59:20 - [MESSAGE][PASSED] - Delayed 5 second(s)

2019-01-09 10:59:20 - [TEST_STEP][PASSED] - click: Object: 'Object Repository/Final Object Repo/New Registration - Registration Module Pages/New Reg - OTC to RO/Special Case - All Related Objects/Upload Doc Page Save n Continue' is clicked on

2019-01-09 10:59:20 - [MESSAGE][PASSED] - Object: 'Object Repository/Final Object Repo/New Registration - Registration Module Pages/New Reg - OTC to RO/Special Case - All Related Objects/Upload Doc Page Save n Continue' is clicked on

2019-01-09 10:59:20 - [TEST_STEP][PASSED] - delay: Delayed 5 second(s)

2019-01-09 10:59:25 - [MESSAGE][PASSED] - Delayed 5 second(s)

2019-01-09 10:59:25 - [TEST_STEP][PASSED] - callTestCase: Call Test Case 'Test Cases/Final Aug 2018 - PKS Automation/Registration Module/New Registration/Submit and Screenshot/Submit Registration and Screenshot' successfully

2019-01-09 10:59:25 - [TEST_CASE][PASSED] - Test Cases/Final Aug 2018 - PKS Automation/Registration Module/New Registration/Submit and Screenshot/Submit Registration and Screenshot: Test Cases/Final Aug 2018 - PKS Automation/Registration Module/New Registration/Submit and Screenshot/Submit Registration and Screenshot

2019-01-09 10:59:25 - [TEST_STEP][PASSED] - delay: Delayed 6 second(s)

2019-01-09 10:59:31 - [MESSAGE][PASSED] - Delayed 6 second(s)

2019-01-09 10:59:31 - [TEST_STEP][PASSED] - click: Object: 'Object Repository/Final Object Repo/New Registration - Registration Module Pages/Third Screen - Upload Supporting Doc- Preview/Preview Submit Button' is clicked on

2019-01-09 10:59:31 - [MESSAGE][PASSED] - Object: 'Object Repository/Final Object Repo/New Registration - Registration Module Pages/Third Screen - Upload Supporting Doc- Preview/Preview Submit Button' is clicked on

2019-01-09 10:59:31 - [TEST_STEP][PASSED] - delay: Delayed 2 second(s)

2019-01-09 10:59:33 - [MESSAGE][PASSED] - Delayed 2 second(s)

2019-01-09 10:59:33 - [TEST_STEP][PASSED] - click: Object: 'Object Repository/Final Object Repo/New Registration - Registration Module Pages/Third Screen - Upload Supporting Doc- Preview/Preview Submit - Confirm' is clicked on

2019-01-09 10:59:34 - [MESSAGE][PASSED] - Object: 'Object Repository/Final Object Repo/New Registration - Registration Module Pages/Third Screen - Upload Supporting Doc- Preview/Preview Submit - Confirm' is clicked on

2019-01-09 10:59:34 - [TEST_STEP][PASSED] - delay: Delayed 15 second(s)

2019-01-09 10:59:49 - [MESSAGE][PASSED] - Delayed 15 second(s)

2019-01-09 10:59:49 - [TEST_STEP][PASSED] - Statement - driver = com.kms.katalon.core.webui.driver.DriverFactory.getWebDriver(): null

2019-01-09 10:59:49 - [TEST_STEP][PASSED] - Statement - driver.manage().timeouts().implicitlyWait(10, SECONDS): null

2019-01-09 10:59:49 - [TEST_STEP][PASSED] - Statement - PresavePath = KatalonScreenshots: null

2019-01-09 10:59:49 - [TEST_STEP][PASSED] - Statement - pathPrefix = "C:\Users\Public\Pictures\Sample Pictures\Katalon Screenshots\Automate Ending Screen": null

2019-01-09 10:59:49 - [TEST_STEP][PASSED] - Statement - finalPath = <not implemented yet for class: org.codehaus.groovy.ast.expr.EmptyExpression>: null

2019-01-09 10:59:49 - [TEST_STEP][PASSED] - Statement - scrFile = driver.getScreenshotAs(FILE): null

2019-01-09 10:59:49 - [TEST_STEP][PASSED] - Statement - PreSaveFile = new java.io.File(PresavePath): null

2019-01-09 10:59:49 - [TEST_STEP][PASSED] - Statement - counter = 0: null

2019-01-09 10:59:49 - [TEST_STEP][PASSED] - Statement - If (PreSaveFile.exists()): null

2019-01-09 10:59:49 - [TEST_STEP][PASSED] - Statement - While (PreSaveFile.exists()): null

2019-01-09 10:59:49 - [TEST_STEP][PASSED] - Statement - counter = counter + 1: null

2019-01-09 10:59:49 - [TEST_STEP][PASSED] - Statement - PreSaveFile = new java.io.File(((pathPrefix + java.lang.Integer.toString(counter)) + .png)): null

2019-01-09 10:59:49 - [TEST_STEP][PASSED] - Statement - counter = counter + 1: null

2019-01-09 10:59:49 - [TEST_STEP][PASSED] - Statement - PreSaveFile = new java.io.File(((pathPrefix + java.lang.Integer.toString(counter)) + .png)): null

2019-01-09 10:59:49 - [TEST_STEP][PASSED] - Statement - counter = counter + 1: null

2019-01-09 10:59:49 - [TEST_STEP][PASSED] - Statement - PreSaveFile = new java.io.File(((pathPrefix + java.lang.Integer.toString(counter)) + .png)): null

2019-01-09 10:59:49 - [TEST_STEP][PASSED] - Statement - counter = counter + 1: null

2019-01-09 10:59:49 - [TEST_STEP][PASSED] - Statement - PreSaveFile = new java.io.File(((pathPrefix + java.lang.Integer.toString(counter)) + .png)): null

2019-01-09 10:59:49 - [TEST_STEP][PASSED] - Statement - counter = counter + 1: null

2019-01-09 10:59:49 - [TEST_STEP][PASSED] - Statement - PreSaveFile = new java.io.File(((pathPrefix + java.lang.Integer.toString(counter)) + .png)): null

2019-01-09 10:59:49 - [TEST_STEP][PASSED] - Statement - counter = counter + 1: null

2019-01-09 10:59:49 - [TEST_STEP][PASSED] - Statement - PreSaveFile = new java.io.File(((pathPrefix + java.lang.Integer.toString(counter)) + .png)): null

2019-01-09 10:59:49 - [TEST_STEP][PASSED] - Statement - counter = counter + 1: null

2019-01-09 10:59:49 - [TEST_STEP][PASSED] - Statement - PreSaveFile = new java.io.File(((pathPrefix + java.lang.Integer.toString(counter)) + .png)): null

2019-01-09 10:59:49 - [TEST_STEP][PASSED] - Statement - counter = counter + 1: null

2019-01-09 10:59:49 - [TEST_STEP][PASSED] - Statement - PreSaveFile = new java.io.File(((pathPrefix + java.lang.Integer.toString(counter)) + .png)): null

2019-01-09 10:59:49 - [TEST_STEP][PASSED] - Statement - counter = counter + 1: null

2019-01-09 10:59:49 - [TEST_STEP][PASSED] - Statement - PreSaveFile = new java.io.File(((pathPrefix + java.lang.Integer.toString(counter)) + .png)): null

2019-01-09 10:59:49 - [TEST_STEP][PASSED] - Statement - counter = counter + 1: null

2019-01-09 10:59:49 - [TEST_STEP][PASSED] - Statement - PreSaveFile = new java.io.File(((pathPrefix + java.lang.Integer.toString(counter)) + .png)): null

2019-01-09 10:59:49 - [TEST_STEP][PASSED] - Statement - counter = counter + 1: null

2019-01-09 10:59:49 - [TEST_STEP][PASSED] - Statement - PreSaveFile = new java.io.File(((pathPrefix + java.lang.Integer.toString(counter)) + .png)): null

2019-01-09 10:59:49 - [TEST_STEP][PASSED] - Statement - counter = counter + 1: null

2019-01-09 10:59:49 - [TEST_STEP][PASSED] - Statement - PreSaveFile = new java.io.File(((pathPrefix + java.lang.Integer.toString(counter)) + .png)): null

2019-01-09 10:59:49 - [TEST_STEP][PASSED] - Statement - counter = counter + 1: null

2019-01-09 10:59:49 - [TEST_STEP][PASSED] - Statement - PreSaveFile = new java.io.File(((pathPrefix + java.lang.Integer.toString(counter)) + .png)): null

2019-01-09 10:59:49 - [TEST_STEP][PASSED] - Statement - counter = counter + 1: null

2019-01-09 10:59:49 - [TEST_STEP][PASSED] - Statement - PreSaveFile = new java.io.File(((pathPrefix + java.lang.Integer.toString(counter)) + .png)): null

2019-01-09 10:59:49 - [TEST_STEP][PASSED] - Statement - counter = counter + 1: null

2019-01-09 10:59:49 - [TEST_STEP][PASSED] - Statement - PreSaveFile = new java.io.File(((pathPrefix + java.lang.Integer.toString(counter)) + .png)): null

2019-01-09 10:59:49 - [TEST_STEP][PASSED] - Statement - counter = counter + 1: null

2019-01-09 10:59:49 - [TEST_STEP][PASSED] - Statement - PreSaveFile = new java.io.File(((pathPrefix + java.lang.Integer.toString(counter)) + .png)): null

2019-01-09 10:59:49 - [TEST_STEP][PASSED] - Statement - counter = counter + 1: null

2019-01-09 10:59:49 - [TEST_STEP][PASSED] - Statement - PreSaveFile = new java.io.File(((pathPrefix + java.lang.Integer.toString(counter)) + .png)): null

2019-01-09 10:59:49 - [TEST_STEP][PASSED] - Statement - counter = counter + 1: null

2019-01-09 10:59:49 - [TEST_STEP][PASSED] - Statement - PreSaveFile = new java.io.File(((pathPrefix + java.lang.Integer.toString(counter)) + .png)): null

2019-01-09 10:59:49 - [TEST_STEP][PASSED] - Statement - counter = counter + 1: null

2019-01-09 10:59:49 - [TEST_STEP][PASSED] - Statement - PreSaveFile = new java.io.File(((pathPrefix + java.lang.Integer.toString(counter)) + .png)): null

2019-01-09 10:59:50 - [TEST_STEP][PASSED] - Statement - counter = counter + 1: null

2019-01-09 10:59:50 - [TEST_STEP][PASSED] - Statement - PreSaveFile = new java.io.File(((pathPrefix + java.lang.Integer.toString(counter)) + .png)): null

2019-01-09 10:59:50 - [TEST_STEP][PASSED] - Statement - counter = counter + 1: null

2019-01-09 10:59:50 - [TEST_STEP][PASSED] - Statement - PreSaveFile = new java.io.File(((pathPrefix + java.lang.Integer.toString(counter)) + .png)): null

2019-01-09 10:59:50 - [TEST_STEP][PASSED] - Statement - counter = counter + 1: null

2019-01-09 10:59:50 - [TEST_STEP][PASSED] - Statement - PreSaveFile = new java.io.File(((pathPrefix + java.lang.Integer.toString(counter)) + .png)): null

2019-01-09 10:59:50 - [TEST_STEP][PASSED] - Statement - counter = counter + 1: null

2019-01-09 10:59:50 - [TEST_STEP][PASSED] - Statement - PreSaveFile = new java.io.File(((pathPrefix + java.lang.Integer.toString(counter)) + .png)): null

2019-01-09 10:59:50 - [TEST_STEP][PASSED] - Statement - counter = counter + 1: null

2019-01-09 10:59:50 - [TEST_STEP][PASSED] - Statement - PreSaveFile = new java.io.File(((pathPrefix + java.lang.Integer.toString(counter)) + .png)): null

2019-01-09 10:59:50 - [TEST_STEP][PASSED] - Statement - counter = counter + 1: null

2019-01-09 10:59:50 - [TEST_STEP][PASSED] - Statement - PreSaveFile = new java.io.File(((pathPrefix + java.lang.Integer.toString(counter)) + .png)): null

2019-01-09 10:59:50 - [TEST_STEP][PASSED] - Statement - counter = counter + 1: null

2019-01-09 10:59:50 - [TEST_STEP][PASSED] - Statement - PreSaveFile = new java.io.File(((pathPrefix + java.lang.Integer.toString(counter)) + .png)): null

2019-01-09 10:59:50 - [TEST_STEP][PASSED] - Statement - counter = counter + 1: null

2019-01-09 10:59:50 - [TEST_STEP][PASSED] - Statement - PreSaveFile = new java.io.File(((pathPrefix + java.lang.Integer.toString(counter)) + .png)): null

2019-01-09 10:59:50 - [TEST_STEP][PASSED] - Statement - counter = counter + 1: null

2019-01-09 10:59:50 - [TEST_STEP][PASSED] - Statement - PreSaveFile = new java.io.File(((pathPrefix + java.lang.Integer.toString(counter)) + .png)): null

2019-01-09 10:59:50 - [TEST_STEP][PASSED] - Statement - counter = counter + 1: null

2019-01-09 10:59:50 - [TEST_STEP][PASSED] - Statement - PreSaveFile = new java.io.File(((pathPrefix + java.lang.Integer.toString(counter)) + .png)): null

2019-01-09 10:59:50 - [TEST_STEP][PASSED] - Statement - counter = counter + 1: null

2019-01-09 10:59:50 - [TEST_STEP][PASSED] - Statement - PreSaveFile = new java.io.File(((pathPrefix + java.lang.Integer.toString(counter)) + .png)): null

2019-01-09 10:59:50 - [TEST_STEP][PASSED] - Statement - counter = counter + 1: null

2019-01-09 10:59:50 - [TEST_STEP][PASSED] - Statement - PreSaveFile = new java.io.File(((pathPrefix + java.lang.Integer.toString(counter)) + .png)): null

2019-01-09 10:59:50 - [TEST_STEP][PASSED] - Statement - counter = counter + 1: null

2019-01-09 10:59:50 - [TEST_STEP][PASSED] - Statement - PreSaveFile = new java.io.File(((pathPrefix + java.lang.Integer.toString(counter)) + .png)): null

2019-01-09 10:59:50 - [TEST_STEP][PASSED] - Statement - counter = counter + 1: null

2019-01-09 10:59:50 - [TEST_STEP][PASSED] - Statement - PreSaveFile = new java.io.File(((pathPrefix + java.lang.Integer.toString(counter)) + .png)): null

2019-01-09 10:59:50 - [TEST_STEP][PASSED] - Statement - counter = counter + 1: null

2019-01-09 10:59:50 - [TEST_STEP][PASSED] - Statement - PreSaveFile = new java.io.File(((pathPrefix + java.lang.Integer.toString(counter)) + .png)): null

2019-01-09 10:59:50 - [TEST_STEP][PASSED] - Statement - counter = counter + 1: null

2019-01-09 10:59:50 - [TEST_STEP][PASSED] - Statement - PreSaveFile = new java.io.File(((pathPrefix + java.lang.Integer.toString(counter)) + .png)): null

2019-01-09 10:59:50 - [TEST_STEP][PASSED] - Statement - counter = counter + 1: null

2019-01-09 10:59:50 - [TEST_STEP][PASSED] - Statement - PreSaveFile = new java.io.File(((pathPrefix + java.lang.Integer.toString(counter)) + .png)): null

2019-01-09 10:59:50 - [TEST_STEP][PASSED] - Statement - counter = counter + 1: null

2019-01-09 10:59:50 - [TEST_STEP][PASSED] - Statement - PreSaveFile = new java.io.File(((pathPrefix + java.lang.Integer.toString(counter)) + .png)): null

2019-01-09 10:59:50 - [TEST_STEP][PASSED] - Statement - counter = counter + 1: null

2019-01-09 10:59:50 - [TEST_STEP][PASSED] - Statement - PreSaveFile = new java.io.File(((pathPrefix + java.lang.Integer.toString(counter)) + .png)): null

2019-01-09 10:59:51 - [TEST_STEP][PASSED] - Statement - counter = counter + 1: null

2019-01-09 10:59:51 - [TEST_STEP][PASSED] - Statement - PreSaveFile = new java.io.File(((pathPrefix + java.lang.Integer.toString(counter)) + .png)): null

2019-01-09 10:59:51 - [TEST_STEP][PASSED] - Statement - counter = counter + 1: null

2019-01-09 10:59:51 - [TEST_STEP][PASSED] - Statement - PreSaveFile = new java.io.File(((pathPrefix + java.lang.Integer.toString(counter)) + .png)): null

2019-01-09 10:59:51 - [TEST_STEP][PASSED] - Statement - counter = counter + 1: null

2019-01-09 10:59:51 - [TEST_STEP][PASSED] - Statement - PreSaveFile = new java.io.File(((pathPrefix + java.lang.Integer.toString(counter)) + .png)): null

2019-01-09 10:59:51 - [TEST_STEP][PASSED] - Statement - counter = counter + 1: null

2019-01-09 10:59:51 - [TEST_STEP][PASSED] - Statement - PreSaveFile = new java.io.File(((pathPrefix + java.lang.Integer.toString(counter)) + .png)): null

2019-01-09 10:59:51 - [TEST_STEP][PASSED] - Statement - counter = counter + 1: null

2019-01-09 10:59:51 - [TEST_STEP][PASSED] - Statement - PreSaveFile = new java.io.File(((pathPrefix + java.lang.Integer.toString(counter)) + .png)): null

2019-01-09 10:59:51 - [TEST_STEP][PASSED] - Statement - finalPath = pathPrefix + java.lang.Integer.toString(counter) + ".png": null

2019-01-09 10:59:51 - [TEST_STEP][PASSED] - Statement - SaveFile = new java.io.File(finalPath): null

2019-01-09 10:59:51 - [TEST_STEP][PASSED] - Statement - Try: null

2019-01-09 10:59:51 - [TEST_STEP][PASSED] - Statement - org.apache.commons.io.FileUtils.copyFile(scrFile, SaveFile): null

2019-01-09 10:59:51 - [TEST_STEP][PASSED] - Statement - out.println("file kept"): null

2019-01-09 10:59:51 - [TEST_STEP][PASSED] - delay: Delayed 10 second(s)

2019-01-09 11:00:01 - [MESSAGE][PASSED] - Delayed 10 second(s)

2019-01-09 11:00:01 - [MESSAGE][PASSED] - Call Test Case 'Test Cases/Final Aug 2018 - PKS Automation/Registration Module/New Registration/Submit and Screenshot/Submit Registration and Screenshot' successfully]]></system-out>
         <system-err><![CDATA[]]></system-err>
      </testcase>
      <testcase name="Test Cases/Final Aug 2018 - PKS Automation/Registration Module/Workflow/New Registration/Case OTC to RO - RO Submit" classname="Test Cases/Final Aug 2018 - PKS Automation/Registration Module/Workflow/New Registration/Case OTC to RO - RO Submit" status="PASSED">
         <system-out><![CDATA[2019-01-09 11:00:01 - [TEST_CASE][PASSED] - Test Cases/Final Aug 2018 - PKS Automation/Registration Module/Workflow/New Registration/Case OTC to RO - RO Submit: Test Cases/Final Aug 2018 - PKS Automation/Registration Module/Workflow/New Registration/Case OTC to RO - RO Submit

2019-01-09 11:00:01 - [TEST_STEP][PASSED] - callTestCase: Call Test Case 'Test Cases/Final Aug 2018 - PKS Automation/Registration Module/Workflow/New Registration/Template/Special Case - OTC - Form 1' successfully

2019-01-09 11:00:01 - [TEST_CASE][PASSED] - Test Cases/Final Aug 2018 - PKS Automation/Registration Module/Workflow/New Registration/Template/Special Case - OTC - Form 1: Test Cases/Final Aug 2018 - PKS Automation/Registration Module/Workflow/New Registration/Template/Special Case - OTC - Form 1

2019-01-09 11:00:01 - [TEST_STEP][PASSED] - openBrowser: Browser is opened with url: ''

2019-01-09 11:00:01 - [MESSAGE][WARNING] - A browser is already opened. Closing browser and opening a new one

2019-01-09 11:00:04 - [MESSAGE][PASSED] - Browser is opened with url: ''

2019-01-09 11:00:04 - [TEST_STEP][PASSED] - navigateToUrl: Navigate to 'https://assist2-uat.perkeso.gov.my/login' successfully

2019-01-09 11:00:05 - [MESSAGE][PASSED] - Navigate to 'https://assist2-uat.perkeso.gov.my/login' successfully

2019-01-09 11:00:05 - [TEST_STEP][PASSED] - delay: Delayed 2 second(s)

2019-01-09 11:00:07 - [MESSAGE][PASSED] - Delayed 2 second(s)

2019-01-09 11:00:07 - [TEST_STEP][PASSED] - setText: Text 'klotc2@gmail.com' is set on object 'Object Repository/Final Object Repo/Login Page/Internal User/Email Address'

2019-01-09 11:00:08 - [MESSAGE][PASSED] - Text 'klotc2@gmail.com' is set on object 'Object Repository/Final Object Repo/Login Page/Internal User/Email Address'

2019-01-09 11:00:08 - [TEST_STEP][PASSED] - click: Object: 'Object Repository/Final Object Repo/Login Page/Internal User/Next Button' is clicked on

2019-01-09 11:00:08 - [MESSAGE][PASSED] - Object: 'Object Repository/Final Object Repo/Login Page/Internal User/Next Button' is clicked on

2019-01-09 11:00:08 - [TEST_STEP][PASSED] - delay: Delayed 2 second(s)

2019-01-09 11:00:10 - [MESSAGE][PASSED] - Delayed 2 second(s)

2019-01-09 11:00:10 - [TEST_STEP][PASSED] - setText: Text 'Test1@3456789' is set on object 'Object Repository/Final Object Repo/Login Page/Internal User/Password'

2019-01-09 11:00:10 - [MESSAGE][PASSED] - Text 'Test1@3456789' is set on object 'Object Repository/Final Object Repo/Login Page/Internal User/Password'

2019-01-09 11:00:10 - [TEST_STEP][PASSED] - delay: Delayed 2 second(s)

2019-01-09 11:00:12 - [MESSAGE][PASSED] - Delayed 2 second(s)

2019-01-09 11:00:12 - [TEST_STEP][PASSED] - click: Object: 'Object Repository/Final Object Repo/Login Page/Internal User/Login Button' is clicked on

2019-01-09 11:00:12 - [MESSAGE][PASSED] - Object: 'Object Repository/Final Object Repo/Login Page/Internal User/Login Button' is clicked on

2019-01-09 11:00:12 - [TEST_STEP][PASSED] - Statement - Try: null

2019-01-09 11:00:12 - [TEST_STEP][PASSED] - Statement - Checker = com.kms.katalon.core.webui.keyword.WebUiBuiltInKeywords.verifyElementNotPresent("Final Object Repo/Landing Page/Select to English", 3): null

2019-01-09 11:00:12 - [TEST_STEP][PASSED] - Statement - Catch (Exception e): null

2019-01-09 11:00:12 - [TEST_STEP][PASSED] - Statement - e.printStackTrace(): null

2019-01-09 11:00:12 - [TEST_STEP][PASSED] - delay: Delayed 5 second(s)

2019-01-09 11:00:17 - [MESSAGE][PASSED] - Delayed 5 second(s)

2019-01-09 11:00:17 - [TEST_STEP][PASSED] - click: Object: 'Object Repository/Final Object Repo/Landing Page/My Sites Drop Down' is clicked on

2019-01-09 11:00:18 - [MESSAGE][PASSED] - Object: 'Object Repository/Final Object Repo/Landing Page/My Sites Drop Down' is clicked on

2019-01-09 11:00:18 - [TEST_STEP][PASSED] - click: Object: 'Object Repository/Final Object Repo/Landing Page/Select to Registration Module' is clicked on

2019-01-09 11:00:19 - [MESSAGE][PASSED] - Object: 'Object Repository/Final Object Repo/Landing Page/Select to Registration Module' is clicked on

2019-01-09 11:00:19 - [TEST_STEP][PASSED] - click: Object: 'Object Repository/Final Object Repo/Landing Page/Registration Button' is clicked on

2019-01-09 11:00:20 - [MESSAGE][PASSED] - Object: 'Object Repository/Final Object Repo/Landing Page/Registration Button' is clicked on

2019-01-09 11:00:20 - [TEST_STEP][PASSED] - delay: Delayed 2 second(s)

2019-01-09 11:00:22 - [MESSAGE][PASSED] - Delayed 2 second(s)

2019-01-09 11:00:22 - [TEST_STEP][PASSED] - click: Object: 'Object Repository/Final Object Repo/New Registration - Registration Module Pages/New Reg - OTC to RO/Special Case - OTC - Form 1/AEC NO' is clicked on

2019-01-09 11:00:22 - [MESSAGE][PASSED] - Object: 'Object Repository/Final Object Repo/New Registration - Registration Module Pages/New Reg - OTC to RO/Special Case - OTC - Form 1/AEC NO' is clicked on

2019-01-09 11:00:22 - [TEST_STEP][PASSED] - click: Object: 'Object Repository/Final Object Repo/New Registration - Registration Module Pages/New Reg - OTC to RO/Special Case - OTC - Form 1/Business Entity - Please Select' is clicked on

2019-01-09 11:00:22 - [MESSAGE][PASSED] - Object: 'Object Repository/Final Object Repo/New Registration - Registration Module Pages/New Reg - OTC to RO/Special Case - OTC - Form 1/Business Entity - Please Select' is clicked on

2019-01-09 11:00:22 - [TEST_STEP][PASSED] - click: Object: 'Object Repository/Final Object Repo/New Registration - Registration Module Pages/New Reg - OTC to RO/Special Case - OTC - Form 1/Selected - Corporation' is clicked on

2019-01-09 11:00:22 - [MESSAGE][PASSED] - Object: 'Object Repository/Final Object Repo/New Registration - Registration Module Pages/New Reg - OTC to RO/Special Case - OTC - Form 1/Selected - Corporation' is clicked on

2019-01-09 11:00:22 - [TEST_STEP][PASSED] - delay: Delayed 2 second(s)

2019-01-09 11:00:24 - [MESSAGE][PASSED] - Delayed 2 second(s)

2019-01-09 11:00:24 - [TEST_STEP][PASSED] - click: Object: 'Object Repository/Final Object Repo/New Registration - Registration Module Pages/New Reg - OTC to RO/Special Case - OTC - Form 1/Sub Business Entity - Please Select' is clicked on

2019-01-09 11:00:25 - [MESSAGE][PASSED] - Object: 'Object Repository/Final Object Repo/New Registration - Registration Module Pages/New Reg - OTC to RO/Special Case - OTC - Form 1/Sub Business Entity - Please Select' is clicked on

2019-01-09 11:00:25 - [TEST_STEP][PASSED] - delay: Delayed 2 second(s)

2019-01-09 11:00:27 - [MESSAGE][PASSED] - Delayed 2 second(s)

2019-01-09 11:00:27 - [TEST_STEP][PASSED] - click: Object: 'Object Repository/Final Object Repo/New Registration - Registration Module Pages/New Reg - OTC to RO/Special Case - OTC - Form 1/Selected - Sendirian Berhad' is clicked on

2019-01-09 11:00:27 - [MESSAGE][PASSED] - Object: 'Object Repository/Final Object Repo/New Registration - Registration Module Pages/New Reg - OTC to RO/Special Case - OTC - Form 1/Selected - Sendirian Berhad' is clicked on

2019-01-09 11:00:27 - [TEST_STEP][PASSED] - setText: Text 'AUTOMATE001' is set on object 'Object Repository/Final Object Repo/New Registration - Registration Module Pages/New Reg - OTC to RO/Special Case - OTC - Form 1/Input BRN Number'

2019-01-09 11:00:27 - [MESSAGE][PASSED] - Text 'AUTOMATE001' is set on object 'Object Repository/Final Object Repo/New Registration - Registration Module Pages/New Reg - OTC to RO/Special Case - OTC - Form 1/Input BRN Number'

2019-01-09 11:00:27 - [TEST_STEP][PASSED] - delay: Delayed 2 second(s)

2019-01-09 11:00:29 - [MESSAGE][PASSED] - Delayed 2 second(s)

2019-01-09 11:00:29 - [TEST_STEP][PASSED] - click: Object: 'Object Repository/Final Object Repo/New Registration - Registration Module Pages/New Reg - OTC to RO/Special Case - OTC - Form 1/BRN Search' is clicked on

2019-01-09 11:00:29 - [MESSAGE][PASSED] - Object: 'Object Repository/Final Object Repo/New Registration - Registration Module Pages/New Reg - OTC to RO/Special Case - OTC - Form 1/BRN Search' is clicked on

2019-01-09 11:00:29 - [TEST_STEP][PASSED] - delay: Delayed 4 second(s)

2019-01-09 11:00:33 - [MESSAGE][PASSED] - Delayed 4 second(s)

2019-01-09 11:00:33 - [TEST_STEP][PASSED] - click: Object: 'Object Repository/Final Object Repo/New Registration - Registration Module Pages/New Reg - OTC to RO/Special Case - OTC - Form 1/Registered with SSM - After Feb 2017' is clicked on

2019-01-09 11:00:34 - [MESSAGE][PASSED] - Object: 'Object Repository/Final Object Repo/New Registration - Registration Module Pages/New Reg - OTC to RO/Special Case - OTC - Form 1/Registered with SSM - After Feb 2017' is clicked on

2019-01-09 11:00:34 - [TEST_STEP][PASSED] - delay: Delayed 2 second(s)

2019-01-09 11:00:36 - [MESSAGE][PASSED] - Delayed 2 second(s)

2019-01-09 11:00:36 - [TEST_STEP][PASSED] - click: Object: 'Object Repository/Final Object Repo/New Registration - Registration Module Pages/New Reg - OTC to RO/Special Case - OTC - Form 1/Registering As A Branch - No' is clicked on

2019-01-09 11:00:36 - [MESSAGE][PASSED] - Object: 'Object Repository/Final Object Repo/New Registration - Registration Module Pages/New Reg - OTC to RO/Special Case - OTC - Form 1/Registering As A Branch - No' is clicked on

2019-01-09 11:00:36 - [TEST_STEP][PASSED] - click: Object: 'Object Repository/Final Object Repo/New Registration - Registration Module Pages/New Reg - OTC to RO/Special Case - OTC - Form 1/Acknowledgement Ticked' is clicked on

2019-01-09 11:00:36 - [MESSAGE][PASSED] - Object: 'Object Repository/Final Object Repo/New Registration - Registration Module Pages/New Reg - OTC to RO/Special Case - OTC - Form 1/Acknowledgement Ticked' is clicked on

2019-01-09 11:00:36 - [TEST_STEP][PASSED] - click: Object: 'Object Repository/Final Object Repo/New Registration - Registration Module Pages/New Reg - OTC to RO/Special Case - OTC - Form 1/Submit Button' is clicked on

2019-01-09 11:00:36 - [MESSAGE][PASSED] - Object: 'Object Repository/Final Object Repo/New Registration - Registration Module Pages/New Reg - OTC to RO/Special Case - OTC - Form 1/Submit Button' is clicked on

2019-01-09 11:00:36 - [TEST_STEP][PASSED] - delay: Delayed 2 second(s)

2019-01-09 11:00:38 - [MESSAGE][PASSED] - Delayed 2 second(s)

2019-01-09 11:00:38 - [TEST_STEP][PASSED] - click: Object: 'Object Repository/Final Object Repo/New Registration - Registration Module Pages/New Reg - OTC to RO/Special Case - OTC - Form 1/Confirm No Flagging as Branch' is clicked on

2019-01-09 11:00:38 - [MESSAGE][PASSED] - Object: 'Object Repository/Final Object Repo/New Registration - Registration Module Pages/New Reg - OTC to RO/Special Case - OTC - Form 1/Confirm No Flagging as Branch' is clicked on

2019-01-09 11:00:38 - [MESSAGE][PASSED] - Call Test Case 'Test Cases/Final Aug 2018 - PKS Automation/Registration Module/Workflow/New Registration/Template/Special Case - OTC - Form 1' successfully

2019-01-09 11:00:38 - [TEST_STEP][PASSED] - callTestCase: Call Test Case 'Test Cases/Final Aug 2018 - PKS Automation/Registration Module/New Registration/Form 2/Add 1 Eligible' successfully

2019-01-09 11:00:38 - [TEST_CASE][PASSED] - Test Cases/Final Aug 2018 - PKS Automation/Registration Module/New Registration/Form 2/Add 1 Eligible: Test Cases/Final Aug 2018 - PKS Automation/Registration Module/New Registration/Form 2/Add 1 Eligible

2019-01-09 11:00:38 - [TEST_STEP][PASSED] - delay: Delayed 2 second(s)

2019-01-09 11:00:40 - [MESSAGE][PASSED] - Delayed 2 second(s)

2019-01-09 11:00:40 - [TEST_STEP][PASSED] - callTestCase: Call Test Case 'Test Cases/Final Aug 2018 - PKS Automation/Registration Module/New Registration/Form 2/Date Updater' successfully

2019-01-09 11:00:40 - [TEST_CASE][PASSED] - Test Cases/Final Aug 2018 - PKS Automation/Registration Module/New Registration/Form 2/Date Updater: Test Cases/Final Aug 2018 - PKS Automation/Registration Module/New Registration/Form 2/Date Updater

2019-01-09 11:00:40 - [TEST_STEP][PASSED] - Statement - TodayDate = new java.util.Date(): null

2019-01-09 11:00:40 - [TEST_STEP][PASSED] - Statement - CurrentDateNoFilter = new java.text.SimpleDateFormat(): null

2019-01-09 11:00:40 - [TEST_STEP][PASSED] - Statement - CurrentDateNoFilter.applyPattern("MM"): null

2019-01-09 11:00:40 - [TEST_STEP][PASSED] - Statement - monthContainerMatcher = java.lang.Integer.parseInt(CurrentDateNoFilter.format(TodayDate)): null

2019-01-09 11:00:40 - [TEST_STEP][PASSED] - Statement - monthContainerMatcher = monthContainerMatcher - 1: null

2019-01-09 11:00:40 - [TEST_STEP][PASSED] - Statement - CurrentMonth = monthContainerMatcher.toString(): null

2019-01-09 11:00:40 - [TEST_STEP][PASSED] - Statement - CurrentMonth = CurrentMonth: null

2019-01-09 11:00:40 - [TEST_STEP][PASSED] - Statement - CurrentDateNoFilter.applyPattern("yyyy"): null

2019-01-09 11:00:40 - [TEST_STEP][PASSED] - Statement - CurrentYear = CurrentDateNoFilter.format(TodayDate): null

2019-01-09 11:00:40 - [TEST_STEP][PASSED] - Statement - CurrentYear = CurrentYear: null

2019-01-09 11:00:40 - [TEST_STEP][PASSED] - Statement - intCurrentYear = java.lang.Integer.parseInt(CurrentDateNoFilter.format(TodayDate)): null

2019-01-09 11:00:40 - [TEST_STEP][PASSED] - Statement - eighteenYrsAgo = intCurrentYear - 18: null

2019-01-09 11:00:40 - [TEST_STEP][PASSED] - Statement - eighteenYrsBeforeThisYr = eighteenYrsAgo.toString(): null

2019-01-09 11:00:40 - [TEST_STEP][PASSED] - Statement - EighteenYrsBefore = eighteenYrsBeforeThisYr: null

2019-01-09 11:00:40 - [TEST_STEP][PASSED] - Statement - fiftysevenYrsAgo = intCurrentYear - 57: null

2019-01-09 11:00:40 - [TEST_STEP][PASSED] - Statement - fiftysevenYrsBeforeThisYr = fiftysevenYrsAgo.toString(): null

2019-01-09 11:00:40 - [TEST_STEP][PASSED] - Statement - FiftysevenYrsBefore = fiftysevenYrsBeforeThisYr: null

2019-01-09 11:00:40 - [TEST_STEP][PASSED] - Statement - leapYear = false: null

2019-01-09 11:00:40 - [TEST_STEP][PASSED] - Statement - leapYear = intCurrentYear % 4 == 0: null

2019-01-09 11:00:40 - [TEST_STEP][PASSED] - Statement - CurrentDateNoFilter.applyPattern("dd"): null

2019-01-09 11:00:40 - [TEST_STEP][PASSED] - Statement - CurrentDate = CurrentDateNoFilter.format(TodayDate): null

2019-01-09 11:00:40 - [TEST_STEP][PASSED] - Statement - CurrentDate = java.lang.Integer.parseInt(CurrentDate): null

2019-01-09 11:00:40 - [TEST_STEP][PASSED] - Statement - CurrentDate = CurrentDate: null

2019-01-09 11:00:40 - [TEST_STEP][PASSED] - Statement - CurrentDay = java.lang.Integer.parseInt(CurrentDate): null

2019-01-09 11:00:40 - [TEST_STEP][PASSED] - Statement - ConfAdder = <not implemented yet for class: org.codehaus.groovy.ast.expr.EmptyExpression>: null

2019-01-09 11:00:40 - [TEST_STEP][PASSED] - Statement - out.println(CurrentMonth): null

2019-01-09 11:00:40 - [TEST_STEP][PASSED] - Statement - out.println(CurrentDate): null

2019-01-09 11:00:40 - [TEST_STEP][PASSED] - Statement - switch (CurrentDate): null

2019-01-09 11:00:40 - [TEST_STEP][PASSED] - Statement - Default: null

2019-01-09 11:00:40 - [TEST_STEP][PASSED] - Statement - ConfAdder = true: null

2019-01-09 11:00:40 - [TEST_STEP][PASSED] - Statement - Break: null

2019-01-09 11:00:40 - [TEST_STEP][PASSED] - Statement - aDayBefore = <not implemented yet for class: org.codehaus.groovy.ast.expr.EmptyExpression>: null

2019-01-09 11:00:40 - [TEST_STEP][PASSED] - Statement - out.println(ConfAdder): null

2019-01-09 11:00:40 - [TEST_STEP][PASSED] - Statement - If (ConfAdder == true): null

2019-01-09 11:00:40 - [TEST_STEP][PASSED] - Statement - aDayBefore = CurrentDay + 1: null

2019-01-09 11:00:40 - [TEST_STEP][PASSED] - Statement - out.println(aDayBefore): null

2019-01-09 11:00:40 - [TEST_STEP][PASSED] - Statement - If (aDayBefore == 1 && CurrentMonth == 11): null

2019-01-09 11:00:40 - [TEST_STEP][PASSED] - Statement - DayBefore = aDayBefore.toString(): null

2019-01-09 11:00:40 - [TEST_STEP][PASSED] - Statement - OneDayBefore = DayBefore: null

2019-01-09 11:00:41 - [MESSAGE][PASSED] - Call Test Case 'Test Cases/Final Aug 2018 - PKS Automation/Registration Module/New Registration/Form 2/Date Updater' successfully

2019-01-09 11:00:41 - [TEST_STEP][PASSED] - delay: Delayed 1 second(s)

2019-01-09 11:00:42 - [MESSAGE][PASSED] - Delayed 1 second(s)

2019-01-09 11:00:42 - [TEST_STEP][PASSED] - Statement - CaseReferenceNo = com.kms.katalon.core.webui.keyword.WebUiBuiltInKeywords.getText(com.kms.katalon.core.testobject.ObjectRepository.findTestObject(Final Object Repo/New Registration - Registration Module Pages/Form 2/RefNo Acquiring)): Text of object 'Object Repository/Final Object Repo/New Registration - Registration Module Pages/Form 2/RefNo Acquiring' is: 'CRN01201900123667'

2019-01-09 11:00:42 - [MESSAGE][PASSED] - Text of object 'Object Repository/Final Object Repo/New Registration - Registration Module Pages/Form 2/RefNo Acquiring' is: 'CRN01201900123667'

2019-01-09 11:00:42 - [TEST_STEP][PASSED] - delay: Delayed 1 second(s)

2019-01-09 11:00:43 - [MESSAGE][PASSED] - Delayed 1 second(s)

2019-01-09 11:00:43 - [TEST_STEP][PASSED] - click: Object: 'Object Repository/Final Object Repo/New Registration - Registration Module Pages/Form 2/Add Employee Button' is clicked on

2019-01-09 11:00:43 - [MESSAGE][PASSED] - Object: 'Object Repository/Final Object Repo/New Registration - Registration Module Pages/Form 2/Add Employee Button' is clicked on

2019-01-09 11:00:43 - [TEST_STEP][PASSED] - delay: Delayed 1 second(s)

2019-01-09 11:00:44 - [MESSAGE][PASSED] - Delayed 1 second(s)

2019-01-09 11:00:44 - [TEST_STEP][PASSED] - setText: Text '010903091963' is set on object 'Object Repository/Final Object Repo/New Registration - Registration Module Pages/Form 2/NRIC Input'

2019-01-09 11:00:45 - [MESSAGE][PASSED] - Text '010903091963' is set on object 'Object Repository/Final Object Repo/New Registration - Registration Module Pages/Form 2/NRIC Input'

2019-01-09 11:00:45 - [TEST_STEP][PASSED] - click: Object: 'Object Repository/Final Object Repo/New Registration - Registration Module Pages/Form 2/button for search for IC' is clicked on

2019-01-09 11:00:45 - [MESSAGE][PASSED] - Object: 'Object Repository/Final Object Repo/New Registration - Registration Module Pages/Form 2/button for search for IC' is clicked on

2019-01-09 11:00:45 - [TEST_STEP][PASSED] - delay: Delayed 2 second(s)

2019-01-09 11:00:47 - [MESSAGE][PASSED] - Delayed 2 second(s)

2019-01-09 11:00:47 - [TEST_STEP][PASSED] - setText: Text 'Automate001 eligible 1' is set on object 'Object Repository/Final Object Repo/New Registration - Registration Module Pages/Form 2/Employee Name Input'

2019-01-09 11:00:47 - [MESSAGE][PASSED] - Text 'Automate001 eligible 1' is set on object 'Object Repository/Final Object Repo/New Registration - Registration Module Pages/Form 2/Employee Name Input'

2019-01-09 11:00:47 - [TEST_STEP][PASSED] - delay: Delayed 2 second(s)

2019-01-09 11:00:49 - [MESSAGE][PASSED] - Delayed 2 second(s)

2019-01-09 11:00:49 - [TEST_STEP][PASSED] - click: Object: 'Object Repository/Final Object Repo/New Registration - Registration Module Pages/Form 2/DatePicker Pop Up' is clicked on

2019-01-09 11:00:50 - [MESSAGE][PASSED] - Object: 'Object Repository/Final Object Repo/New Registration - Registration Module Pages/Form 2/DatePicker Pop Up' is clicked on

2019-01-09 11:00:50 - [TEST_STEP][PASSED] - click: Object: 'Object Repository/Final Object Repo/New Registration - Registration Module Pages/Form 2/DOB Month' is clicked on

2019-01-09 11:00:50 - [MESSAGE][PASSED] - Object: 'Object Repository/Final Object Repo/New Registration - Registration Module Pages/Form 2/DOB Month' is clicked on

2019-01-09 11:00:50 - [TEST_STEP][PASSED] - Statement - CurrentMonth = CurrentMonth: null

2019-01-09 11:00:50 - [TEST_STEP][PASSED] - Statement - selectMonth = new com.kms.katalon.core.testobject.TestObject(): null

2019-01-09 11:00:50 - [TEST_STEP][PASSED] - Statement - selectMonth.addProperty("xpath", EQUALS, "//body/div/div/div/select/option[@value='" + CurrentMonth + "']", true): null

2019-01-09 11:00:50 - [TEST_STEP][PASSED] - click: Object: '' is clicked on

2019-01-09 11:00:50 - [MESSAGE][PASSED] - Object: '' is clicked on

2019-01-09 11:00:50 - [TEST_STEP][PASSED] - click: Object: 'Object Repository/Final Object Repo/New Registration - Registration Module Pages/Form 2/DOB Year' is clicked on

2019-01-09 11:00:50 - [MESSAGE][PASSED] - Object: 'Object Repository/Final Object Repo/New Registration - Registration Module Pages/Form 2/DOB Year' is clicked on

2019-01-09 11:00:50 - [TEST_STEP][PASSED] - Statement - Eyearsbf = EighteenYrsBefore: null

2019-01-09 11:00:50 - [TEST_STEP][PASSED] - Statement - selectYear = new com.kms.katalon.core.testobject.TestObject(): null

2019-01-09 11:00:50 - [TEST_STEP][PASSED] - Statement - selectYear.addProperty("xpath", EQUALS, "//div/div/div/select/option[@value='" + Eyearsbf + "']", true): null

2019-01-09 11:00:50 - [TEST_STEP][PASSED] - click: Object: '' is clicked on

2019-01-09 11:00:50 - [MESSAGE][PASSED] - Object: '' is clicked on

2019-01-09 11:00:50 - [TEST_STEP][PASSED] - Statement - UpdatedSelectDate = com.kms.katalon.core.webui.keyword.WebUiBuiltInKeywords.modifyObjectProperty(com.kms.katalon.core.testobject.ObjectRepository.findTestObject(Final Object Repo/New Registration - Registration Module Pages/Form 2/DOB Date), "xpath", "equals", "//body/div/table/tbody/tr/td/a[text()="" + CurrentDate + ""]", true): Modify property of object successfully

2019-01-09 11:00:50 - [MESSAGE][PASSED] - Modify property of object successfully

2019-01-09 11:00:50 - [TEST_STEP][PASSED] - delay: Delayed 3 second(s)

2019-01-09 11:00:53 - [MESSAGE][PASSED] - Delayed 3 second(s)

2019-01-09 11:00:53 - [TEST_STEP][PASSED] - click: Object: 'Object Repository/Final Object Repo/New Registration - Registration Module Pages/Form 2/DOB Date' is clicked on

2019-01-09 11:00:53 - [MESSAGE][PASSED] - Object: 'Object Repository/Final Object Repo/New Registration - Registration Module Pages/Form 2/DOB Date' is clicked on

2019-01-09 11:00:53 - [TEST_STEP][PASSED] - delay: Delayed 2 second(s)

2019-01-09 11:00:55 - [MESSAGE][PASSED] - Delayed 2 second(s)

2019-01-09 11:00:55 - [TEST_STEP][PASSED] - click: Object: 'Object Repository/Final Object Repo/New Registration - Registration Module Pages/Form 2/EmploymentStartDate Pop Up' is clicked on

2019-01-09 11:00:56 - [MESSAGE][PASSED] - Object: 'Object Repository/Final Object Repo/New Registration - Registration Module Pages/Form 2/EmploymentStartDate Pop Up' is clicked on

2019-01-09 11:00:56 - [TEST_STEP][PASSED] - delay: Delayed 2 second(s)

2019-01-09 11:00:58 - [MESSAGE][PASSED] - Delayed 2 second(s)

2019-01-09 11:00:58 - [TEST_STEP][PASSED] - click: Object: 'Object Repository/Final Object Repo/New Registration - Registration Module Pages/Form 2/Socso Employment StartDate Month' is clicked on

2019-01-09 11:00:58 - [MESSAGE][PASSED] - Object: 'Object Repository/Final Object Repo/New Registration - Registration Module Pages/Form 2/Socso Employment StartDate Month' is clicked on

2019-01-09 11:00:58 - [TEST_STEP][PASSED] - delay: Delayed 1 second(s)

2019-01-09 11:00:59 - [MESSAGE][PASSED] - Delayed 1 second(s)

2019-01-09 11:00:59 - [TEST_STEP][PASSED] - click: Object: 'Object Repository/Final Object Repo/New Registration - Registration Module Pages/Form 2/Select Socso Employement Startdate Month' is clicked on

2019-01-09 11:00:59 - [MESSAGE][PASSED] - Object: 'Object Repository/Final Object Repo/New Registration - Registration Module Pages/Form 2/Select Socso Employement Startdate Month' is clicked on

2019-01-09 11:00:59 - [TEST_STEP][PASSED] - delay: Delayed 2 second(s)

2019-01-09 11:01:01 - [MESSAGE][PASSED] - Delayed 2 second(s)

2019-01-09 11:01:01 - [TEST_STEP][PASSED] - click: Object: 'Object Repository/Final Object Repo/New Registration - Registration Module Pages/Form 2/Socso Employment StartDate Year' is clicked on

2019-01-09 11:01:01 - [MESSAGE][PASSED] - Object: 'Object Repository/Final Object Repo/New Registration - Registration Module Pages/Form 2/Socso Employment StartDate Year' is clicked on

2019-01-09 11:01:01 - [TEST_STEP][PASSED] - delay: Delayed 1 second(s)

2019-01-09 11:01:02 - [MESSAGE][PASSED] - Delayed 1 second(s)

2019-01-09 11:01:02 - [TEST_STEP][PASSED] - click: Object: 'Object Repository/Final Object Repo/New Registration - Registration Module Pages/Form 2/Select Socso Employment Startdate Year' is clicked on

2019-01-09 11:01:02 - [MESSAGE][PASSED] - Object: 'Object Repository/Final Object Repo/New Registration - Registration Module Pages/Form 2/Select Socso Employment Startdate Year' is clicked on

2019-01-09 11:01:02 - [TEST_STEP][PASSED] - delay: Delayed 2 second(s)

2019-01-09 11:01:04 - [MESSAGE][PASSED] - Delayed 2 second(s)

2019-01-09 11:01:04 - [TEST_STEP][PASSED] - click: Object: 'Object Repository/Final Object Repo/New Registration - Registration Module Pages/Form 2/Socso Employment Start Date Day' is clicked on

2019-01-09 11:01:04 - [MESSAGE][PASSED] - Object: 'Object Repository/Final Object Repo/New Registration - Registration Module Pages/Form 2/Socso Employment Start Date Day' is clicked on

2019-01-09 11:01:04 - [TEST_STEP][PASSED] - delay: Delayed 2 second(s)

2019-01-09 11:01:06 - [MESSAGE][PASSED] - Delayed 2 second(s)

2019-01-09 11:01:06 - [TEST_STEP][PASSED] - click: Object: 'Object Repository/Final Object Repo/New Registration - Registration Module Pages/Form 2/Save Button for Add Employee' is clicked on

2019-01-09 11:01:07 - [MESSAGE][PASSED] - Object: 'Object Repository/Final Object Repo/New Registration - Registration Module Pages/Form 2/Save Button for Add Employee' is clicked on

2019-01-09 11:01:07 - [TEST_STEP][PASSED] - delay: Delayed 6 second(s)

2019-01-09 11:01:13 - [MESSAGE][PASSED] - Delayed 6 second(s)

2019-01-09 11:01:13 - [TEST_STEP][PASSED] - click: Object: 'Object Repository/Final Object Repo/New Registration - Registration Module Pages/Form 2/Save and Continue Form 2' is clicked on

2019-01-09 11:01:13 - [MESSAGE][PASSED] - Object: 'Object Repository/Final Object Repo/New Registration - Registration Module Pages/Form 2/Save and Continue Form 2' is clicked on

2019-01-09 11:01:13 - [MESSAGE][PASSED] - Call Test Case 'Test Cases/Final Aug 2018 - PKS Automation/Registration Module/New Registration/Form 2/Add 1 Eligible' successfully

2019-01-09 11:01:13 - [TEST_STEP][PASSED] - callTestCase: Call Test Case 'Test Cases/Final Aug 2018 - PKS Automation/Registration Module/New Registration/Flow of New Registration/Third Screen - Upload Supporting Doc - Preview' successfully

2019-01-09 11:01:13 - [TEST_CASE][PASSED] - Test Cases/Final Aug 2018 - PKS Automation/Registration Module/New Registration/Flow of New Registration/Third Screen - Upload Supporting Doc - Preview: Test Cases/Final Aug 2018 - PKS Automation/Registration Module/New Registration/Flow of New Registration/Third Screen - Upload Supporting Doc - Preview

2019-01-09 11:01:13 - [TEST_STEP][PASSED] - waitForPageLoad: Wait for page load successfully

2019-01-09 11:01:14 - [MESSAGE][PASSED] - Wait for page load successfully

2019-01-09 11:01:14 - [TEST_STEP][PASSED] - Statement - CaseReferenceNo = com.kms.katalon.core.webui.keyword.WebUiBuiltInKeywords.getText(com.kms.katalon.core.testobject.ObjectRepository.findTestObject(Final Object Repo/New Registration - Registration Module Pages/Third Screen - Upload Supporting Doc- Preview/RefNo Acquiring)): Text of object 'Object Repository/Final Object Repo/New Registration - Registration Module Pages/Third Screen - Upload Supporting Doc- Preview/RefNo Acquiring' is: 'CRN01201900123667'

2019-01-09 11:01:14 - [MESSAGE][PASSED] - Text of object 'Object Repository/Final Object Repo/New Registration - Registration Module Pages/Third Screen - Upload Supporting Doc- Preview/RefNo Acquiring' is: 'CRN01201900123667'

2019-01-09 11:01:14 - [TEST_STEP][PASSED] - delay: Delayed 2 second(s)

2019-01-09 11:01:16 - [MESSAGE][PASSED] - Delayed 2 second(s)

2019-01-09 11:01:16 - [TEST_STEP][PASSED] - callTestCase: Call Test Case 'Test Cases/Final Aug 2018 - PKS Automation/Common/Reference Number Setter' successfully

2019-01-09 11:01:16 - [TEST_CASE][PASSED] - Test Cases/Final Aug 2018 - PKS Automation/Common/Reference Number Setter: Test Cases/Final Aug 2018 - PKS Automation/Common/Reference Number Setter

2019-01-09 11:01:16 - [TEST_STEP][PASSED] - Statement - RefNoOldFile = new java.io.File(C://Users//Admin//Desktop//PKS//Automation Reference Point//KatalonReference.txt): null

2019-01-09 11:01:16 - [TEST_STEP][PASSED] - Statement - RefNoOldFile.delete(): null

2019-01-09 11:01:16 - [TEST_STEP][PASSED] - delay: Delayed 5 second(s)

2019-01-09 11:01:21 - [MESSAGE][PASSED] - Delayed 5 second(s)

2019-01-09 11:01:21 - [TEST_STEP][PASSED] - Statement - RefNo = new java.io.File(C://Users//Admin//Desktop//PKS//Automation Reference Point//KatalonReference.txt): null

2019-01-09 11:01:21 - [TEST_STEP][PASSED] - Statement - f2 = new java.io.FileWriter(RefNo, false): null

2019-01-09 11:01:21 - [TEST_STEP][PASSED] - Statement - f2.write(CaseReferenceNo): null

2019-01-09 11:01:21 - [TEST_STEP][PASSED] - Statement - f2.close(): null

2019-01-09 11:01:21 - [TEST_STEP][PASSED] - Statement - out.println("


" + CaseReferenceNo + "


"): null

2019-01-09 11:01:21 - [MESSAGE][PASSED] - Call Test Case 'Test Cases/Final Aug 2018 - PKS Automation/Common/Reference Number Setter' successfully

2019-01-09 11:01:21 - [TEST_STEP][PASSED] - waitForElementClickable: Object 'Object Repository/Final Object Repo/New Registration - Registration Module Pages/Third Screen - Upload Supporting Doc- Preview/Save n Continue in SIP Employee Listing Page' is clickable

2019-01-09 11:01:21 - [MESSAGE][PASSED] - Object 'Object Repository/Final Object Repo/New Registration - Registration Module Pages/Third Screen - Upload Supporting Doc- Preview/Save n Continue in SIP Employee Listing Page' is clickable

2019-01-09 11:01:21 - [TEST_STEP][PASSED] - click: Object: 'Object Repository/Final Object Repo/New Registration - Registration Module Pages/Third Screen - Upload Supporting Doc- Preview/Save n Continue in SIP Employee Listing Page' is clicked on

2019-01-09 11:01:26 - [MESSAGE][PASSED] - Object: 'Object Repository/Final Object Repo/New Registration - Registration Module Pages/Third Screen - Upload Supporting Doc- Preview/Save n Continue in SIP Employee Listing Page' is clicked on

2019-01-09 11:01:26 - [TEST_STEP][PASSED] - delay: Delayed 7 second(s)

2019-01-09 11:01:33 - [MESSAGE][PASSED] - Delayed 7 second(s)

2019-01-09 11:01:33 - [TEST_STEP][PASSED] - click: Object: 'Object Repository/Final Object Repo/New Registration - Registration Module Pages/Third Screen - Upload Supporting Doc- Preview/Add Document Button' is clicked on

2019-01-09 11:01:33 - [MESSAGE][PASSED] - Object: 'Object Repository/Final Object Repo/New Registration - Registration Module Pages/Third Screen - Upload Supporting Doc- Preview/Add Document Button' is clicked on

2019-01-09 11:01:33 - [TEST_STEP][PASSED] - delay: Delayed 30 second(s)

2019-01-09 11:02:03 - [MESSAGE][PASSED] - Delayed 30 second(s)

2019-01-09 11:02:03 - [TEST_STEP][PASSED] - click: Object: 'Object Repository/Final Object Repo/New Registration - Registration Module Pages/Third Screen - Upload Supporting Doc- Preview/Supporting Doc Please Select Drop Down' is clicked on

2019-01-09 11:02:04 - [MESSAGE][PASSED] - Object: 'Object Repository/Final Object Repo/New Registration - Registration Module Pages/Third Screen - Upload Supporting Doc- Preview/Supporting Doc Please Select Drop Down' is clicked on

2019-01-09 11:02:04 - [TEST_STEP][PASSED] - delay: Delayed 2 second(s)

2019-01-09 11:02:06 - [MESSAGE][PASSED] - Delayed 2 second(s)

2019-01-09 11:02:06 - [TEST_STEP][PASSED] - click: Object: 'Object Repository/Final Object Repo/New Registration - Registration Module Pages/Third Screen - Upload Supporting Doc- Preview/Select to Upload Form 1' is clicked on

2019-01-09 11:02:06 - [MESSAGE][PASSED] - Object: 'Object Repository/Final Object Repo/New Registration - Registration Module Pages/Third Screen - Upload Supporting Doc- Preview/Select to Upload Form 1' is clicked on

2019-01-09 11:02:06 - [TEST_STEP][PASSED] - delay: Delayed 2 second(s)

2019-01-09 11:02:08 - [MESSAGE][PASSED] - Delayed 2 second(s)

2019-01-09 11:02:08 - [TEST_STEP][PASSED] - uploadFile: File 'C:\Users\Public\Pictures\Sample Pictures\Koala.jpg' sent to object: 'Object Repository/Final Object Repo/New Registration - Registration Module Pages/Third Screen - Upload Supporting Doc- Preview/Upload File Adding'

2019-01-09 11:02:08 - [MESSAGE][PASSED] - File 'C:\Users\Public\Pictures\Sample Pictures\Koala.jpg' sent to object: 'Object Repository/Final Object Repo/New Registration - Registration Module Pages/Third Screen - Upload Supporting Doc- Preview/Upload File Adding'

2019-01-09 11:02:08 - [TEST_STEP][PASSED] - delay: Delayed 5 second(s)

2019-01-09 11:02:13 - [MESSAGE][PASSED] - Delayed 5 second(s)

2019-01-09 11:02:13 - [TEST_STEP][PASSED] - click: Object: 'Object Repository/Final Object Repo/New Registration - Registration Module Pages/Third Screen - Upload Supporting Doc- Preview/Inner Form Add Document Button' is clicked on

2019-01-09 11:02:13 - [MESSAGE][PASSED] - Object: 'Object Repository/Final Object Repo/New Registration - Registration Module Pages/Third Screen - Upload Supporting Doc- Preview/Inner Form Add Document Button' is clicked on

2019-01-09 11:02:13 - [TEST_STEP][PASSED] - delay: Delayed 3 second(s)

2019-01-09 11:02:16 - [MESSAGE][PASSED] - Delayed 3 second(s)

2019-01-09 11:02:16 - [TEST_STEP][PASSED] - click: Object: 'Object Repository/Final Object Repo/New Registration - Registration Module Pages/Third Screen - Upload Supporting Doc- Preview/Add Document Button' is clicked on

2019-01-09 11:02:18 - [MESSAGE][PASSED] - Object: 'Object Repository/Final Object Repo/New Registration - Registration Module Pages/Third Screen - Upload Supporting Doc- Preview/Add Document Button' is clicked on

2019-01-09 11:02:18 - [TEST_STEP][PASSED] - delay: Delayed 30 second(s)

2019-01-09 11:02:48 - [MESSAGE][PASSED] - Delayed 30 second(s)

2019-01-09 11:02:48 - [TEST_STEP][PASSED] - click: Object: 'Object Repository/Final Object Repo/New Registration - Registration Module Pages/Third Screen - Upload Supporting Doc- Preview/Supporting Doc Please Select Drop Down' is clicked on

2019-01-09 11:02:48 - [MESSAGE][PASSED] - Object: 'Object Repository/Final Object Repo/New Registration - Registration Module Pages/Third Screen - Upload Supporting Doc- Preview/Supporting Doc Please Select Drop Down' is clicked on

2019-01-09 11:02:48 - [TEST_STEP][PASSED] - delay: Delayed 4 second(s)

2019-01-09 11:02:52 - [MESSAGE][PASSED] - Delayed 4 second(s)

2019-01-09 11:02:52 - [TEST_STEP][PASSED] - click: Object: 'Object Repository/Final Object Repo/New Registration - Registration Module Pages/Third Screen - Upload Supporting Doc- Preview/Select to Upload Form 2' is clicked on

2019-01-09 11:02:52 - [MESSAGE][PASSED] - Object: 'Object Repository/Final Object Repo/New Registration - Registration Module Pages/Third Screen - Upload Supporting Doc- Preview/Select to Upload Form 2' is clicked on

2019-01-09 11:02:52 - [TEST_STEP][PASSED] - delay: Delayed 2 second(s)

2019-01-09 11:02:54 - [MESSAGE][PASSED] - Delayed 2 second(s)

2019-01-09 11:02:54 - [TEST_STEP][PASSED] - uploadFile: File 'C:\Users\Public\Pictures\Sample Pictures\Koala.jpg' sent to object: 'Object Repository/Final Object Repo/New Registration - Registration Module Pages/Third Screen - Upload Supporting Doc- Preview/Upload File Adding'

2019-01-09 11:02:54 - [MESSAGE][PASSED] - File 'C:\Users\Public\Pictures\Sample Pictures\Koala.jpg' sent to object: 'Object Repository/Final Object Repo/New Registration - Registration Module Pages/Third Screen - Upload Supporting Doc- Preview/Upload File Adding'

2019-01-09 11:02:54 - [TEST_STEP][PASSED] - click: Object: 'Object Repository/Final Object Repo/New Registration - Registration Module Pages/Third Screen - Upload Supporting Doc- Preview/Inner Form Add Document Button' is clicked on

2019-01-09 11:02:54 - [MESSAGE][PASSED] - Object: 'Object Repository/Final Object Repo/New Registration - Registration Module Pages/Third Screen - Upload Supporting Doc- Preview/Inner Form Add Document Button' is clicked on

2019-01-09 11:02:54 - [TEST_STEP][PASSED] - delay: Delayed 5 second(s)

2019-01-09 11:02:59 - [MESSAGE][PASSED] - Delayed 5 second(s)

2019-01-09 11:02:59 - [TEST_STEP][PASSED] - click: Object: 'Object Repository/Final Object Repo/New Registration - Registration Module Pages/Third Screen - Upload Supporting Doc- Preview/Add Document Button' is clicked on

2019-01-09 11:03:00 - [MESSAGE][PASSED] - Object: 'Object Repository/Final Object Repo/New Registration - Registration Module Pages/Third Screen - Upload Supporting Doc- Preview/Add Document Button' is clicked on

2019-01-09 11:03:00 - [TEST_STEP][PASSED] - delay: Delayed 30 second(s)

2019-01-09 11:03:30 - [MESSAGE][PASSED] - Delayed 30 second(s)

2019-01-09 11:03:30 - [TEST_STEP][PASSED] - click: Object: 'Object Repository/Final Object Repo/New Registration - Registration Module Pages/Third Screen - Upload Supporting Doc- Preview/Supporting Doc Please Select Drop Down' is clicked on

2019-01-09 11:03:30 - [MESSAGE][PASSED] - Object: 'Object Repository/Final Object Repo/New Registration - Registration Module Pages/Third Screen - Upload Supporting Doc- Preview/Supporting Doc Please Select Drop Down' is clicked on

2019-01-09 11:03:30 - [TEST_STEP][PASSED] - click: Object: 'Object Repository/Final Object Repo/New Registration - Registration Module Pages/Third Screen - Upload Supporting Doc- Preview/Select to Upload Borang SIP 1' is clicked on

2019-01-09 11:03:30 - [MESSAGE][PASSED] - Object: 'Object Repository/Final Object Repo/New Registration - Registration Module Pages/Third Screen - Upload Supporting Doc- Preview/Select to Upload Borang SIP 1' is clicked on

2019-01-09 11:03:30 - [TEST_STEP][PASSED] - delay: Delayed 2 second(s)

2019-01-09 11:03:32 - [MESSAGE][PASSED] - Delayed 2 second(s)

2019-01-09 11:03:32 - [TEST_STEP][PASSED] - uploadFile: File 'C:\Users\Public\Pictures\Sample Pictures\Koala.jpg' sent to object: 'Object Repository/Final Object Repo/New Registration - Registration Module Pages/Third Screen - Upload Supporting Doc- Preview/Upload File Adding'

2019-01-09 11:03:32 - [MESSAGE][PASSED] - File 'C:\Users\Public\Pictures\Sample Pictures\Koala.jpg' sent to object: 'Object Repository/Final Object Repo/New Registration - Registration Module Pages/Third Screen - Upload Supporting Doc- Preview/Upload File Adding'

2019-01-09 11:03:32 - [TEST_STEP][PASSED] - click: Object: 'Object Repository/Final Object Repo/New Registration - Registration Module Pages/Third Screen - Upload Supporting Doc- Preview/Inner Form Add Document Button' is clicked on

2019-01-09 11:03:32 - [MESSAGE][PASSED] - Object: 'Object Repository/Final Object Repo/New Registration - Registration Module Pages/Third Screen - Upload Supporting Doc- Preview/Inner Form Add Document Button' is clicked on

2019-01-09 11:03:32 - [TEST_STEP][PASSED] - delay: Delayed 5 second(s)

2019-01-09 11:03:37 - [MESSAGE][PASSED] - Delayed 5 second(s)

2019-01-09 11:03:37 - [TEST_STEP][PASSED] - click: Object: 'Object Repository/Final Object Repo/New Registration - Registration Module Pages/Third Screen - Upload Supporting Doc- Preview/Add Document Button' is clicked on

2019-01-09 11:03:38 - [MESSAGE][PASSED] - Object: 'Object Repository/Final Object Repo/New Registration - Registration Module Pages/Third Screen - Upload Supporting Doc- Preview/Add Document Button' is clicked on

2019-01-09 11:03:38 - [TEST_STEP][PASSED] - delay: Delayed 30 second(s)

2019-01-09 11:04:08 - [MESSAGE][PASSED] - Delayed 30 second(s)

2019-01-09 11:04:08 - [TEST_STEP][PASSED] - click: Object: 'Object Repository/Final Object Repo/New Registration - Registration Module Pages/Third Screen - Upload Supporting Doc- Preview/Supporting Doc Please Select Drop Down' is clicked on

2019-01-09 11:04:08 - [MESSAGE][PASSED] - Object: 'Object Repository/Final Object Repo/New Registration - Registration Module Pages/Third Screen - Upload Supporting Doc- Preview/Supporting Doc Please Select Drop Down' is clicked on

2019-01-09 11:04:08 - [TEST_STEP][PASSED] - delay: Delayed 3 second(s)

2019-01-09 11:04:11 - [MESSAGE][PASSED] - Delayed 3 second(s)

2019-01-09 11:04:11 - [TEST_STEP][PASSED] - click: Object: 'Object Repository/Final Object Repo/New Registration - Registration Module Pages/Third Screen - Upload Supporting Doc- Preview/Select to Upload Borang SIP 2' is clicked on

2019-01-09 11:04:11 - [MESSAGE][PASSED] - Object: 'Object Repository/Final Object Repo/New Registration - Registration Module Pages/Third Screen - Upload Supporting Doc- Preview/Select to Upload Borang SIP 2' is clicked on

2019-01-09 11:04:11 - [TEST_STEP][PASSED] - delay: Delayed 2 second(s)

2019-01-09 11:04:13 - [MESSAGE][PASSED] - Delayed 2 second(s)

2019-01-09 11:04:13 - [TEST_STEP][PASSED] - uploadFile: File 'C:\Users\Public\Pictures\Sample Pictures\Koala.jpg' sent to object: 'Object Repository/Final Object Repo/New Registration - Registration Module Pages/Third Screen - Upload Supporting Doc- Preview/Upload File Adding'

2019-01-09 11:04:13 - [MESSAGE][PASSED] - File 'C:\Users\Public\Pictures\Sample Pictures\Koala.jpg' sent to object: 'Object Repository/Final Object Repo/New Registration - Registration Module Pages/Third Screen - Upload Supporting Doc- Preview/Upload File Adding'

2019-01-09 11:04:13 - [TEST_STEP][PASSED] - delay: Delayed 5 second(s)

2019-01-09 11:04:18 - [MESSAGE][PASSED] - Delayed 5 second(s)

2019-01-09 11:04:18 - [TEST_STEP][PASSED] - click: Object: 'Object Repository/Final Object Repo/New Registration - Registration Module Pages/Third Screen - Upload Supporting Doc- Preview/Inner Form Add Document Button' is clicked on

2019-01-09 11:04:18 - [MESSAGE][PASSED] - Object: 'Object Repository/Final Object Repo/New Registration - Registration Module Pages/Third Screen - Upload Supporting Doc- Preview/Inner Form Add Document Button' is clicked on

2019-01-09 11:04:18 - [TEST_STEP][PASSED] - delay: Delayed 3 second(s)

2019-01-09 11:04:21 - [MESSAGE][PASSED] - Delayed 3 second(s)

2019-01-09 11:04:21 - [TEST_STEP][PASSED] - waitForElementClickable: Object 'Object Repository/Final Object Repo/New Registration - Registration Module Pages/Third Screen - Upload Supporting Doc- Preview/Save n Continue in Uploading Supporting Doc Page' is clickable

2019-01-09 11:04:23 - [MESSAGE][PASSED] - Object 'Object Repository/Final Object Repo/New Registration - Registration Module Pages/Third Screen - Upload Supporting Doc- Preview/Save n Continue in Uploading Supporting Doc Page' is clickable

2019-01-09 11:04:23 - [TEST_STEP][PASSED] - click: Object: 'Object Repository/Final Object Repo/New Registration - Registration Module Pages/Third Screen - Upload Supporting Doc- Preview/Save n Continue in Uploading Supporting Doc Page' is clicked on

2019-01-09 11:04:23 - [MESSAGE][PASSED] - Object: 'Object Repository/Final Object Repo/New Registration - Registration Module Pages/Third Screen - Upload Supporting Doc- Preview/Save n Continue in Uploading Supporting Doc Page' is clicked on

2019-01-09 11:04:23 - [MESSAGE][PASSED] - Call Test Case 'Test Cases/Final Aug 2018 - PKS Automation/Registration Module/New Registration/Flow of New Registration/Third Screen - Upload Supporting Doc - Preview' successfully

2019-01-09 11:04:23 - [TEST_STEP][PASSED] - callTestCase: Call Test Case 'Test Cases/Final Aug 2018 - PKS Automation/Registration Module/New Registration/Submit and Screenshot/Submit Registration and Screenshot' successfully

2019-01-09 11:04:23 - [TEST_CASE][PASSED] - Test Cases/Final Aug 2018 - PKS Automation/Registration Module/New Registration/Submit and Screenshot/Submit Registration and Screenshot: Test Cases/Final Aug 2018 - PKS Automation/Registration Module/New Registration/Submit and Screenshot/Submit Registration and Screenshot

2019-01-09 11:04:23 - [TEST_STEP][PASSED] - delay: Delayed 6 second(s)

2019-01-09 11:04:29 - [MESSAGE][PASSED] - Delayed 6 second(s)

2019-01-09 11:04:29 - [TEST_STEP][PASSED] - click: Object: 'Object Repository/Final Object Repo/New Registration - Registration Module Pages/Third Screen - Upload Supporting Doc- Preview/Preview Submit Button' is clicked on

2019-01-09 11:04:29 - [MESSAGE][PASSED] - Object: 'Object Repository/Final Object Repo/New Registration - Registration Module Pages/Third Screen - Upload Supporting Doc- Preview/Preview Submit Button' is clicked on

2019-01-09 11:04:29 - [TEST_STEP][PASSED] - delay: Delayed 2 second(s)

2019-01-09 11:04:31 - [MESSAGE][PASSED] - Delayed 2 second(s)

2019-01-09 11:04:31 - [TEST_STEP][PASSED] - click: Object: 'Object Repository/Final Object Repo/New Registration - Registration Module Pages/Third Screen - Upload Supporting Doc- Preview/Preview Submit - Confirm' is clicked on

2019-01-09 11:04:31 - [MESSAGE][PASSED] - Object: 'Object Repository/Final Object Repo/New Registration - Registration Module Pages/Third Screen - Upload Supporting Doc- Preview/Preview Submit - Confirm' is clicked on

2019-01-09 11:04:31 - [TEST_STEP][PASSED] - delay: Delayed 15 second(s)

2019-01-09 11:04:46 - [MESSAGE][PASSED] - Delayed 15 second(s)

2019-01-09 11:04:46 - [TEST_STEP][PASSED] - Statement - driver = com.kms.katalon.core.webui.driver.DriverFactory.getWebDriver(): null

2019-01-09 11:04:46 - [TEST_STEP][PASSED] - Statement - driver.manage().timeouts().implicitlyWait(10, SECONDS): null

2019-01-09 11:04:46 - [TEST_STEP][PASSED] - Statement - PresavePath = KatalonScreenshots: null

2019-01-09 11:04:46 - [TEST_STEP][PASSED] - Statement - pathPrefix = "C:\Users\Public\Pictures\Sample Pictures\Katalon Screenshots\Automate Ending Screen": null

2019-01-09 11:04:46 - [TEST_STEP][PASSED] - Statement - finalPath = <not implemented yet for class: org.codehaus.groovy.ast.expr.EmptyExpression>: null

2019-01-09 11:04:46 - [TEST_STEP][PASSED] - Statement - scrFile = driver.getScreenshotAs(FILE): null

2019-01-09 11:04:47 - [TEST_STEP][PASSED] - Statement - PreSaveFile = new java.io.File(PresavePath): null

2019-01-09 11:04:47 - [TEST_STEP][PASSED] - Statement - counter = 0: null

2019-01-09 11:04:47 - [TEST_STEP][PASSED] - Statement - If (PreSaveFile.exists()): null

2019-01-09 11:04:47 - [TEST_STEP][PASSED] - Statement - While (PreSaveFile.exists()): null

2019-01-09 11:04:47 - [TEST_STEP][PASSED] - Statement - counter = counter + 1: null

2019-01-09 11:04:47 - [TEST_STEP][PASSED] - Statement - PreSaveFile = new java.io.File(((pathPrefix + java.lang.Integer.toString(counter)) + .png)): null

2019-01-09 11:04:47 - [TEST_STEP][PASSED] - Statement - counter = counter + 1: null

2019-01-09 11:04:47 - [TEST_STEP][PASSED] - Statement - PreSaveFile = new java.io.File(((pathPrefix + java.lang.Integer.toString(counter)) + .png)): null

2019-01-09 11:04:47 - [TEST_STEP][PASSED] - Statement - counter = counter + 1: null

2019-01-09 11:04:47 - [TEST_STEP][PASSED] - Statement - PreSaveFile = new java.io.File(((pathPrefix + java.lang.Integer.toString(counter)) + .png)): null

2019-01-09 11:04:47 - [TEST_STEP][PASSED] - Statement - counter = counter + 1: null

2019-01-09 11:04:47 - [TEST_STEP][PASSED] - Statement - PreSaveFile = new java.io.File(((pathPrefix + java.lang.Integer.toString(counter)) + .png)): null

2019-01-09 11:04:47 - [TEST_STEP][PASSED] - Statement - counter = counter + 1: null

2019-01-09 11:04:47 - [TEST_STEP][PASSED] - Statement - PreSaveFile = new java.io.File(((pathPrefix + java.lang.Integer.toString(counter)) + .png)): null

2019-01-09 11:04:47 - [TEST_STEP][PASSED] - Statement - counter = counter + 1: null

2019-01-09 11:04:47 - [TEST_STEP][PASSED] - Statement - PreSaveFile = new java.io.File(((pathPrefix + java.lang.Integer.toString(counter)) + .png)): null

2019-01-09 11:04:47 - [TEST_STEP][PASSED] - Statement - counter = counter + 1: null

2019-01-09 11:04:47 - [TEST_STEP][PASSED] - Statement - PreSaveFile = new java.io.File(((pathPrefix + java.lang.Integer.toString(counter)) + .png)): null

2019-01-09 11:04:47 - [TEST_STEP][PASSED] - Statement - counter = counter + 1: null

2019-01-09 11:04:47 - [TEST_STEP][PASSED] - Statement - PreSaveFile = new java.io.File(((pathPrefix + java.lang.Integer.toString(counter)) + .png)): null

2019-01-09 11:04:47 - [TEST_STEP][PASSED] - Statement - counter = counter + 1: null

2019-01-09 11:04:47 - [TEST_STEP][PASSED] - Statement - PreSaveFile = new java.io.File(((pathPrefix + java.lang.Integer.toString(counter)) + .png)): null

2019-01-09 11:04:47 - [TEST_STEP][PASSED] - Statement - counter = counter + 1: null

2019-01-09 11:04:47 - [TEST_STEP][PASSED] - Statement - PreSaveFile = new java.io.File(((pathPrefix + java.lang.Integer.toString(counter)) + .png)): null

2019-01-09 11:04:47 - [TEST_STEP][PASSED] - Statement - counter = counter + 1: null

2019-01-09 11:04:47 - [TEST_STEP][PASSED] - Statement - PreSaveFile = new java.io.File(((pathPrefix + java.lang.Integer.toString(counter)) + .png)): null

2019-01-09 11:04:47 - [TEST_STEP][PASSED] - Statement - counter = counter + 1: null

2019-01-09 11:04:47 - [TEST_STEP][PASSED] - Statement - PreSaveFile = new java.io.File(((pathPrefix + java.lang.Integer.toString(counter)) + .png)): null

2019-01-09 11:04:47 - [TEST_STEP][PASSED] - Statement - counter = counter + 1: null

2019-01-09 11:04:47 - [TEST_STEP][PASSED] - Statement - PreSaveFile = new java.io.File(((pathPrefix + java.lang.Integer.toString(counter)) + .png)): null

2019-01-09 11:04:47 - [TEST_STEP][PASSED] - Statement - counter = counter + 1: null

2019-01-09 11:04:47 - [TEST_STEP][PASSED] - Statement - PreSaveFile = new java.io.File(((pathPrefix + java.lang.Integer.toString(counter)) + .png)): null

2019-01-09 11:04:47 - [TEST_STEP][PASSED] - Statement - counter = counter + 1: null

2019-01-09 11:04:47 - [TEST_STEP][PASSED] - Statement - PreSaveFile = new java.io.File(((pathPrefix + java.lang.Integer.toString(counter)) + .png)): null

2019-01-09 11:04:47 - [TEST_STEP][PASSED] - Statement - counter = counter + 1: null

2019-01-09 11:04:47 - [TEST_STEP][PASSED] - Statement - PreSaveFile = new java.io.File(((pathPrefix + java.lang.Integer.toString(counter)) + .png)): null

2019-01-09 11:04:47 - [TEST_STEP][PASSED] - Statement - counter = counter + 1: null

2019-01-09 11:04:47 - [TEST_STEP][PASSED] - Statement - PreSaveFile = new java.io.File(((pathPrefix + java.lang.Integer.toString(counter)) + .png)): null

2019-01-09 11:04:47 - [TEST_STEP][PASSED] - Statement - counter = counter + 1: null

2019-01-09 11:04:47 - [TEST_STEP][PASSED] - Statement - PreSaveFile = new java.io.File(((pathPrefix + java.lang.Integer.toString(counter)) + .png)): null

2019-01-09 11:04:47 - [TEST_STEP][PASSED] - Statement - counter = counter + 1: null

2019-01-09 11:04:47 - [TEST_STEP][PASSED] - Statement - PreSaveFile = new java.io.File(((pathPrefix + java.lang.Integer.toString(counter)) + .png)): null

2019-01-09 11:04:47 - [TEST_STEP][PASSED] - Statement - counter = counter + 1: null

2019-01-09 11:04:47 - [TEST_STEP][PASSED] - Statement - PreSaveFile = new java.io.File(((pathPrefix + java.lang.Integer.toString(counter)) + .png)): null

2019-01-09 11:04:47 - [TEST_STEP][PASSED] - Statement - counter = counter + 1: null

2019-01-09 11:04:47 - [TEST_STEP][PASSED] - Statement - PreSaveFile = new java.io.File(((pathPrefix + java.lang.Integer.toString(counter)) + .png)): null

2019-01-09 11:04:47 - [TEST_STEP][PASSED] - Statement - counter = counter + 1: null

2019-01-09 11:04:47 - [TEST_STEP][PASSED] - Statement - PreSaveFile = new java.io.File(((pathPrefix + java.lang.Integer.toString(counter)) + .png)): null

2019-01-09 11:04:47 - [TEST_STEP][PASSED] - Statement - counter = counter + 1: null

2019-01-09 11:04:47 - [TEST_STEP][PASSED] - Statement - PreSaveFile = new java.io.File(((pathPrefix + java.lang.Integer.toString(counter)) + .png)): null

2019-01-09 11:04:47 - [TEST_STEP][PASSED] - Statement - counter = counter + 1: null

2019-01-09 11:04:48 - [TEST_STEP][PASSED] - Statement - PreSaveFile = new java.io.File(((pathPrefix + java.lang.Integer.toString(counter)) + .png)): null

2019-01-09 11:04:48 - [TEST_STEP][PASSED] - Statement - counter = counter + 1: null

2019-01-09 11:04:48 - [TEST_STEP][PASSED] - Statement - PreSaveFile = new java.io.File(((pathPrefix + java.lang.Integer.toString(counter)) + .png)): null

2019-01-09 11:04:48 - [TEST_STEP][PASSED] - Statement - counter = counter + 1: null

2019-01-09 11:04:48 - [TEST_STEP][PASSED] - Statement - PreSaveFile = new java.io.File(((pathPrefix + java.lang.Integer.toString(counter)) + .png)): null

2019-01-09 11:04:48 - [TEST_STEP][PASSED] - Statement - counter = counter + 1: null

2019-01-09 11:04:48 - [TEST_STEP][PASSED] - Statement - PreSaveFile = new java.io.File(((pathPrefix + java.lang.Integer.toString(counter)) + .png)): null

2019-01-09 11:04:48 - [TEST_STEP][PASSED] - Statement - counter = counter + 1: null

2019-01-09 11:04:48 - [TEST_STEP][PASSED] - Statement - PreSaveFile = new java.io.File(((pathPrefix + java.lang.Integer.toString(counter)) + .png)): null

2019-01-09 11:04:48 - [TEST_STEP][PASSED] - Statement - counter = counter + 1: null

2019-01-09 11:04:48 - [TEST_STEP][PASSED] - Statement - PreSaveFile = new java.io.File(((pathPrefix + java.lang.Integer.toString(counter)) + .png)): null

2019-01-09 11:04:48 - [TEST_STEP][PASSED] - Statement - counter = counter + 1: null

2019-01-09 11:04:48 - [TEST_STEP][PASSED] - Statement - PreSaveFile = new java.io.File(((pathPrefix + java.lang.Integer.toString(counter)) + .png)): null

2019-01-09 11:04:48 - [TEST_STEP][PASSED] - Statement - counter = counter + 1: null

2019-01-09 11:04:48 - [TEST_STEP][PASSED] - Statement - PreSaveFile = new java.io.File(((pathPrefix + java.lang.Integer.toString(counter)) + .png)): null

2019-01-09 11:04:48 - [TEST_STEP][PASSED] - Statement - counter = counter + 1: null

2019-01-09 11:04:48 - [TEST_STEP][PASSED] - Statement - PreSaveFile = new java.io.File(((pathPrefix + java.lang.Integer.toString(counter)) + .png)): null

2019-01-09 11:04:48 - [TEST_STEP][PASSED] - Statement - counter = counter + 1: null

2019-01-09 11:04:48 - [TEST_STEP][PASSED] - Statement - PreSaveFile = new java.io.File(((pathPrefix + java.lang.Integer.toString(counter)) + .png)): null

2019-01-09 11:04:48 - [TEST_STEP][PASSED] - Statement - counter = counter + 1: null

2019-01-09 11:04:48 - [TEST_STEP][PASSED] - Statement - PreSaveFile = new java.io.File(((pathPrefix + java.lang.Integer.toString(counter)) + .png)): null

2019-01-09 11:04:48 - [TEST_STEP][PASSED] - Statement - counter = counter + 1: null

2019-01-09 11:04:48 - [TEST_STEP][PASSED] - Statement - PreSaveFile = new java.io.File(((pathPrefix + java.lang.Integer.toString(counter)) + .png)): null

2019-01-09 11:04:48 - [TEST_STEP][PASSED] - Statement - counter = counter + 1: null

2019-01-09 11:04:48 - [TEST_STEP][PASSED] - Statement - PreSaveFile = new java.io.File(((pathPrefix + java.lang.Integer.toString(counter)) + .png)): null

2019-01-09 11:04:48 - [TEST_STEP][PASSED] - Statement - counter = counter + 1: null

2019-01-09 11:04:48 - [TEST_STEP][PASSED] - Statement - PreSaveFile = new java.io.File(((pathPrefix + java.lang.Integer.toString(counter)) + .png)): null

2019-01-09 11:04:48 - [TEST_STEP][PASSED] - Statement - counter = counter + 1: null

2019-01-09 11:04:48 - [TEST_STEP][PASSED] - Statement - PreSaveFile = new java.io.File(((pathPrefix + java.lang.Integer.toString(counter)) + .png)): null

2019-01-09 11:04:48 - [TEST_STEP][PASSED] - Statement - counter = counter + 1: null

2019-01-09 11:04:48 - [TEST_STEP][PASSED] - Statement - PreSaveFile = new java.io.File(((pathPrefix + java.lang.Integer.toString(counter)) + .png)): null

2019-01-09 11:04:48 - [TEST_STEP][PASSED] - Statement - counter = counter + 1: null

2019-01-09 11:04:48 - [TEST_STEP][PASSED] - Statement - PreSaveFile = new java.io.File(((pathPrefix + java.lang.Integer.toString(counter)) + .png)): null

2019-01-09 11:04:48 - [TEST_STEP][PASSED] - Statement - counter = counter + 1: null

2019-01-09 11:04:48 - [TEST_STEP][PASSED] - Statement - PreSaveFile = new java.io.File(((pathPrefix + java.lang.Integer.toString(counter)) + .png)): null

2019-01-09 11:04:48 - [TEST_STEP][PASSED] - Statement - counter = counter + 1: null

2019-01-09 11:04:48 - [TEST_STEP][PASSED] - Statement - PreSaveFile = new java.io.File(((pathPrefix + java.lang.Integer.toString(counter)) + .png)): null

2019-01-09 11:04:48 - [TEST_STEP][PASSED] - Statement - counter = counter + 1: null

2019-01-09 11:04:49 - [TEST_STEP][PASSED] - Statement - PreSaveFile = new java.io.File(((pathPrefix + java.lang.Integer.toString(counter)) + .png)): null

2019-01-09 11:04:49 - [TEST_STEP][PASSED] - Statement - counter = counter + 1: null

2019-01-09 11:04:49 - [TEST_STEP][PASSED] - Statement - PreSaveFile = new java.io.File(((pathPrefix + java.lang.Integer.toString(counter)) + .png)): null

2019-01-09 11:04:49 - [TEST_STEP][PASSED] - Statement - finalPath = pathPrefix + java.lang.Integer.toString(counter) + ".png": null

2019-01-09 11:04:49 - [TEST_STEP][PASSED] - Statement - SaveFile = new java.io.File(finalPath): null

2019-01-09 11:04:49 - [TEST_STEP][PASSED] - Statement - Try: null

2019-01-09 11:04:49 - [TEST_STEP][PASSED] - Statement - org.apache.commons.io.FileUtils.copyFile(scrFile, SaveFile): null

2019-01-09 11:04:49 - [TEST_STEP][PASSED] - Statement - out.println("file kept"): null

2019-01-09 11:04:49 - [TEST_STEP][PASSED] - delay: Delayed 10 second(s)

2019-01-09 11:04:59 - [MESSAGE][PASSED] - Delayed 10 second(s)

2019-01-09 11:04:59 - [MESSAGE][PASSED] - Call Test Case 'Test Cases/Final Aug 2018 - PKS Automation/Registration Module/New Registration/Submit and Screenshot/Submit Registration and Screenshot' successfully

2019-01-09 11:04:59 - [TEST_STEP][PASSED] - callTestCase: Call Test Case 'Test Cases/Final Aug 2018 - PKS Automation/Registration Module/Log Out/log out avoiding katalon tagging' successfully

2019-01-09 11:04:59 - [TEST_CASE][PASSED] - Test Cases/Final Aug 2018 - PKS Automation/Registration Module/Log Out/log out avoiding katalon tagging: Test Cases/Final Aug 2018 - PKS Automation/Registration Module/Log Out/log out avoiding katalon tagging

2019-01-09 11:04:59 - [TEST_STEP][PASSED] - navigateToUrl: Navigate to 'https://assist2-uat.perkeso.gov.my/c/portal/logout' successfully

2019-01-09 11:05:00 - [MESSAGE][PASSED] - Navigate to 'https://assist2-uat.perkeso.gov.my/c/portal/logout' successfully

2019-01-09 11:05:00 - [MESSAGE][PASSED] - Call Test Case 'Test Cases/Final Aug 2018 - PKS Automation/Registration Module/Log Out/log out avoiding katalon tagging' successfully

2019-01-09 11:05:00 - [TEST_STEP][PASSED] - callTestCase: Call Test Case 'Test Cases/Final Aug 2018 - PKS Automation/Common/Workflow Owner Finder' successfully

2019-01-09 11:05:00 - [TEST_CASE][PASSED] - Test Cases/Final Aug 2018 - PKS Automation/Common/Workflow Owner Finder: Test Cases/Final Aug 2018 - PKS Automation/Common/Workflow Owner Finder

2019-01-09 11:05:00 - [TEST_STEP][PASSED] - openBrowser: Browser is opened with url: ''

2019-01-09 11:05:00 - [MESSAGE][WARNING] - A browser is already opened. Closing browser and opening a new one

2019-01-09 11:05:03 - [MESSAGE][PASSED] - Browser is opened with url: ''

2019-01-09 11:05:03 - [TEST_STEP][PASSED] - navigateToUrl: Navigate to 'https://assist2-uat.perkeso.gov.my/login' successfully

2019-01-09 11:05:04 - [MESSAGE][PASSED] - Navigate to 'https://assist2-uat.perkeso.gov.my/login' successfully

2019-01-09 11:05:04 - [TEST_STEP][PASSED] - delay: Delayed 5 second(s)

2019-01-09 11:05:09 - [MESSAGE][PASSED] - Delayed 5 second(s)

2019-01-09 11:05:09 - [TEST_STEP][PASSED] - setText: Text 'test@liferay.com' is set on object 'Object Repository/Final Object Repo/Login Page/Internal User/Email Address'

2019-01-09 11:05:09 - [MESSAGE][PASSED] - Text 'test@liferay.com' is set on object 'Object Repository/Final Object Repo/Login Page/Internal User/Email Address'

2019-01-09 11:05:09 - [TEST_STEP][PASSED] - click: Object: 'Object Repository/Final Object Repo/Login Page/Internal User/Next Button' is clicked on

2019-01-09 11:05:10 - [MESSAGE][PASSED] - Object: 'Object Repository/Final Object Repo/Login Page/Internal User/Next Button' is clicked on

2019-01-09 11:05:10 - [TEST_STEP][PASSED] - delay: Delayed 2 second(s)

2019-01-09 11:05:12 - [MESSAGE][PASSED] - Delayed 2 second(s)

2019-01-09 11:05:12 - [TEST_STEP][PASSED] - setText: Text 'test' is set on object 'Object Repository/Final Object Repo/Login Page/Internal User/Password'

2019-01-09 11:05:12 - [MESSAGE][PASSED] - Text 'test' is set on object 'Object Repository/Final Object Repo/Login Page/Internal User/Password'

2019-01-09 11:05:12 - [TEST_STEP][PASSED] - delay: Delayed 2 second(s)

2019-01-09 11:05:14 - [MESSAGE][PASSED] - Delayed 2 second(s)

2019-01-09 11:05:14 - [TEST_STEP][PASSED] - click: Object: 'Object Repository/Final Object Repo/Login Page/Internal User/Login Button' is clicked on

2019-01-09 11:05:14 - [MESSAGE][PASSED] - Object: 'Object Repository/Final Object Repo/Login Page/Internal User/Login Button' is clicked on

2019-01-09 11:05:14 - [TEST_STEP][PASSED] - Statement - tester = com.kms.katalon.core.testobject.ObjectRepository.findTestObject(Final Object Repo/Landing Page/Select to English): Finding Test Object with id 'Object Repository/Final Object Repo/Landing Page/Select to English'

2019-01-09 11:05:14 - [TEST_STEP][PASSED] - Statement - Try: Delayed 2 second(s)

2019-01-09 11:05:14 - [TEST_STEP][PASSED] - Statement - Checker = com.kms.katalon.core.webui.keyword.WebUiBuiltInKeywords.verifyElementNotPresent(tester, 3): Web element with id: 'Object Repository/Final Object Repo/Landing Page/Select to English' located by 'By.xpath: //a[@class = 'taglib-language-list-text' and @lang = 'en-US' and (contains(text(), 'EN') or contains(., 'EN'))]' is not present after '3' second(s)

2019-01-09 11:05:16 - [MESSAGE][PASSED] - Web element with id: 'Object Repository/Final Object Repo/Landing Page/Select to English' located by 'By.xpath: //a[@class = 'taglib-language-list-text' and @lang = 'en-US' and (contains(text(), 'EN') or contains(., 'EN'))]' is not present after '3' second(s)

2019-01-09 11:05:16 - [TEST_STEP][PASSED] - Statement - If (Checker == false): null

2019-01-09 11:05:16 - [TEST_STEP][PASSED] - delay: Delayed 2 second(s)

2019-01-09 11:05:18 - [MESSAGE][PASSED] - Delayed 2 second(s)

2019-01-09 11:05:18 - [TEST_STEP][PASSED] - delay: Delayed 5 second(s)

2019-01-09 11:05:23 - [MESSAGE][PASSED] - Delayed 5 second(s)

2019-01-09 11:05:23 - [TEST_STEP][PASSED] - mouseOver: Object: 'Object Repository/Final Object Repo/Landing Page/WorkFlow Menu' is hovered

2019-01-09 11:05:23 - [MESSAGE][PASSED] - Object: 'Object Repository/Final Object Repo/Landing Page/WorkFlow Menu' is hovered

2019-01-09 11:05:23 - [TEST_STEP][PASSED] - delay: Delayed 2 second(s)

2019-01-09 11:05:25 - [MESSAGE][PASSED] - Delayed 2 second(s)

2019-01-09 11:05:25 - [TEST_STEP][PASSED] - click: Object: 'Object Repository/Final Object Repo/Landing Page/Select to Workflow Listing' is clicked on

2019-01-09 11:05:27 - [MESSAGE][PASSED] - Object: 'Object Repository/Final Object Repo/Landing Page/Select to Workflow Listing' is clicked on

2019-01-09 11:05:27 - [TEST_STEP][PASSED] - delay: Delayed 2 second(s)

2019-01-09 11:05:29 - [MESSAGE][PASSED] - Delayed 2 second(s)

2019-01-09 11:05:29 - [TEST_STEP][PASSED] - click: Object: 'Object Repository/Final Object Repo/WorkFlow Listing Page/Search Information - To Put Ref No' is clicked on

2019-01-09 11:05:30 - [MESSAGE][PASSED] - Object: 'Object Repository/Final Object Repo/WorkFlow Listing Page/Search Information - To Put Ref No' is clicked on

2019-01-09 11:05:30 - [TEST_STEP][PASSED] - delay: Delayed 2 second(s)

2019-01-09 11:05:32 - [MESSAGE][PASSED] - Delayed 2 second(s)

2019-01-09 11:05:32 - [TEST_STEP][PASSED] - callTestCase: Call Test Case 'Test Cases/Final Aug 2018 - PKS Automation/Common/Reference Number Getter' successfully

2019-01-09 11:05:32 - [TEST_CASE][PASSED] - Test Cases/Final Aug 2018 - PKS Automation/Common/Reference Number Getter: Test Cases/Final Aug 2018 - PKS Automation/Common/Reference Number Getter

2019-01-09 11:05:32 - [TEST_STEP][PASSED] - Statement - Try: null

2019-01-09 11:05:32 - [TEST_STEP][PASSED] - Statement - RefNo = new java.io.File(C://Users//Admin//Desktop//PKS//Automation Reference Point//KatalonReference.txt): null

2019-01-09 11:05:32 - [TEST_STEP][PASSED] - Statement - bufferread = new java.io.BufferedReader(new java.io.FileReader(RefNo)): null

2019-01-09 11:05:32 - [TEST_STEP][PASSED] - Statement - readedVal = bufferread.readLine(): null

2019-01-09 11:05:32 - [TEST_STEP][PASSED] - Statement - out.println(CaseReferenceNo): null

2019-01-09 11:05:32 - [TEST_STEP][PASSED] - Statement - out.println(readedVal): null

2019-01-09 11:05:32 - [TEST_STEP][PASSED] - Statement - CaseReferenceNo = "": null

2019-01-09 11:05:32 - [TEST_STEP][PASSED] - Statement - CaseReferenceNo = readedVal: null

2019-01-09 11:05:32 - [MESSAGE][PASSED] - Call Test Case 'Test Cases/Final Aug 2018 - PKS Automation/Common/Reference Number Getter' successfully

2019-01-09 11:05:32 - [TEST_STEP][PASSED] - setText: Text 'CRN01201900123667' is set on object 'Object Repository/Final Object Repo/WorkFlow Listing Page/Ref No Set Text'

2019-01-09 11:05:32 - [MESSAGE][PASSED] - Text 'CRN01201900123667' is set on object 'Object Repository/Final Object Repo/WorkFlow Listing Page/Ref No Set Text'

2019-01-09 11:05:32 - [TEST_STEP][PASSED] - delay: Delayed 2 second(s)

2019-01-09 11:05:34 - [MESSAGE][PASSED] - Delayed 2 second(s)

2019-01-09 11:05:34 - [TEST_STEP][PASSED] - click: Object: 'Object Repository/Final Object Repo/WorkFlow Listing Page/Search Ref No Search Button' is clicked on

2019-01-09 11:05:34 - [MESSAGE][PASSED] - Object: 'Object Repository/Final Object Repo/WorkFlow Listing Page/Search Ref No Search Button' is clicked on

2019-01-09 11:05:34 - [TEST_STEP][PASSED] - delay: Delayed 6 second(s)

2019-01-09 11:05:40 - [MESSAGE][PASSED] - Delayed 6 second(s)

2019-01-09 11:05:40 - [TEST_STEP][PASSED] - click: Object: 'Object Repository/Final Object Repo/WorkFlow Listing Page/Click Continue Tooltip' is clicked on

2019-01-09 11:05:41 - [MESSAGE][PASSED] - Object: 'Object Repository/Final Object Repo/WorkFlow Listing Page/Click Continue Tooltip' is clicked on

2019-01-09 11:05:41 - [TEST_STEP][PASSED] - delay: Delayed 5 second(s)

2019-01-09 11:05:46 - [MESSAGE][PASSED] - Delayed 5 second(s)

2019-01-09 11:05:46 - [TEST_STEP][PASSED] - doubleClick: Object: 'Object Repository/Final Object Repo/WorkFlow Listing Page/Workflow Found - Listing 1' is double clicked on

2019-01-09 11:05:47 - [MESSAGE][PASSED] - Object: 'Object Repository/Final Object Repo/WorkFlow Listing Page/Workflow Found - Listing 1' is double clicked on

2019-01-09 11:05:47 - [TEST_STEP][PASSED] - Statement - println(OwnerID): null

2019-01-09 11:05:47 - [TEST_STEP][PASSED] - Statement - OwnerID = com.kms.katalon.core.webui.keyword.WebUiBuiltInKeywords.getText(com.kms.katalon.core.testobject.ObjectRepository.findTestObject(Final Object Repo/WorkFlow Listing Page/Workflow Found - Listing 1), STOP_ON_FAILURE): Text of object 'Object Repository/Final Object Repo/WorkFlow Listing Page/Workflow Found - Listing 1' is: 'JOHORro1'

2019-01-09 11:05:47 - [MESSAGE][PASSED] - Text of object 'Object Repository/Final Object Repo/WorkFlow Listing Page/Workflow Found - Listing 1' is: 'JOHORro1'

2019-01-09 11:05:47 - [TEST_STEP][PASSED] - Statement - OwnerID = OwnerID.toLowerCase() + "@gmail.com": null

2019-01-09 11:05:47 - [TEST_STEP][PASSED] - Statement - println(OwnerID): null

2019-01-09 11:05:47 - [TEST_STEP][PASSED] - delay: Delayed 2 second(s)

2019-01-09 11:05:49 - [MESSAGE][PASSED] - Delayed 2 second(s)

2019-01-09 11:05:49 - [MESSAGE][PASSED] - Call Test Case 'Test Cases/Final Aug 2018 - PKS Automation/Common/Workflow Owner Finder' successfully

2019-01-09 11:05:49 - [TEST_STEP][PASSED] - callTestCase: Call Test Case 'Test Cases/Final Aug 2018 - PKS Automation/Registration Module/Log Out/log out avoiding katalon tagging' successfully

2019-01-09 11:05:49 - [TEST_CASE][PASSED] - Test Cases/Final Aug 2018 - PKS Automation/Registration Module/Log Out/log out avoiding katalon tagging: Test Cases/Final Aug 2018 - PKS Automation/Registration Module/Log Out/log out avoiding katalon tagging

2019-01-09 11:05:49 - [TEST_STEP][PASSED] - navigateToUrl: Navigate to 'https://assist2-uat.perkeso.gov.my/c/portal/logout' successfully

2019-01-09 11:05:50 - [MESSAGE][PASSED] - Navigate to 'https://assist2-uat.perkeso.gov.my/c/portal/logout' successfully

2019-01-09 11:05:50 - [MESSAGE][PASSED] - Call Test Case 'Test Cases/Final Aug 2018 - PKS Automation/Registration Module/Log Out/log out avoiding katalon tagging' successfully

2019-01-09 11:05:50 - [TEST_STEP][PASSED] - delay: Delayed 2 second(s)

2019-01-09 11:05:52 - [MESSAGE][PASSED] - Delayed 2 second(s)

2019-01-09 11:05:52 - [TEST_STEP][PASSED] - setText: Text 'johorro1@gmail.com' is set on object 'Object Repository/Final Object Repo/New Registration - Registration Module Pages/New Reg - OTC to RO/Special Case - All Related Objects/Email TextBox'

2019-01-09 11:05:52 - [MESSAGE][PASSED] - Text 'johorro1@gmail.com' is set on object 'Object Repository/Final Object Repo/New Registration - Registration Module Pages/New Reg - OTC to RO/Special Case - All Related Objects/Email TextBox'

2019-01-09 11:05:52 - [TEST_STEP][PASSED] - click: Object: 'Object Repository/Final Object Repo/New Registration - Registration Module Pages/New Reg - OTC to RO/Special Case - All Related Objects/Next Button' is clicked on

2019-01-09 11:05:52 - [MESSAGE][PASSED] - Object: 'Object Repository/Final Object Repo/New Registration - Registration Module Pages/New Reg - OTC to RO/Special Case - All Related Objects/Next Button' is clicked on

2019-01-09 11:05:52 - [TEST_STEP][PASSED] - delay: Delayed 2 second(s)

2019-01-09 11:05:54 - [MESSAGE][PASSED] - Delayed 2 second(s)

2019-01-09 11:05:54 - [TEST_STEP][PASSED] - setText: Text 'Test1@3456789' is set on object 'Object Repository/Final Object Repo/New Registration - Registration Module Pages/New Reg - OTC to RO/Special Case - All Related Objects/Password TextBox'

2019-01-09 11:05:54 - [MESSAGE][PASSED] - Text 'Test1@3456789' is set on object 'Object Repository/Final Object Repo/New Registration - Registration Module Pages/New Reg - OTC to RO/Special Case - All Related Objects/Password TextBox'

2019-01-09 11:05:54 - [TEST_STEP][PASSED] - delay: Delayed 2 second(s)

2019-01-09 11:05:56 - [MESSAGE][PASSED] - Delayed 2 second(s)

2019-01-09 11:05:56 - [TEST_STEP][PASSED] - click: Object: 'Object Repository/Final Object Repo/New Registration - Registration Module Pages/New Reg - OTC to RO/Special Case - All Related Objects/Login Button' is clicked on

2019-01-09 11:05:57 - [MESSAGE][PASSED] - Object: 'Object Repository/Final Object Repo/New Registration - Registration Module Pages/New Reg - OTC to RO/Special Case - All Related Objects/Login Button' is clicked on

2019-01-09 11:05:57 - [TEST_STEP][PASSED] - delay: Delayed 2 second(s)

2019-01-09 11:05:59 - [MESSAGE][PASSED] - Delayed 2 second(s)

2019-01-09 11:05:59 - [TEST_STEP][PASSED] - Statement - Try: null

2019-01-09 11:05:59 - [TEST_STEP][PASSED] - Statement - Checker = com.kms.katalon.core.webui.keyword.WebUiBuiltInKeywords.verifyElementNotPresent("Final Object Repo/Landing Page/Select to English", 3): null

2019-01-09 11:05:59 - [TEST_STEP][PASSED] - Statement - Catch (Exception e): null

2019-01-09 11:05:59 - [TEST_STEP][PASSED] - Statement - e.printStackTrace(): null

2019-01-09 11:05:59 - [TEST_STEP][PASSED] - click: Object: 'Object Repository/Final Object Repo/New Registration - Registration Module Pages/New Reg - OTC to RO/Special Case - All Related Objects/Expand to Search' is clicked on

2019-01-09 11:06:01 - [MESSAGE][PASSED] - Object: 'Object Repository/Final Object Repo/New Registration - Registration Module Pages/New Reg - OTC to RO/Special Case - All Related Objects/Expand to Search' is clicked on

2019-01-09 11:06:01 - [TEST_STEP][PASSED] - delay: Delayed 5 second(s)

2019-01-09 11:06:06 - [MESSAGE][PASSED] - Delayed 5 second(s)

2019-01-09 11:06:06 - [TEST_STEP][PASSED] - setText: Text 'CRN01201900123667' is set on object 'Object Repository/Final Object Repo/New Registration - Registration Module Pages/New Reg - OTC to RO/Special Case - All Related Objects/TextBox RefNo in Workbasket'

2019-01-09 11:06:06 - [MESSAGE][PASSED] - Text 'CRN01201900123667' is set on object 'Object Repository/Final Object Repo/New Registration - Registration Module Pages/New Reg - OTC to RO/Special Case - All Related Objects/TextBox RefNo in Workbasket'

2019-01-09 11:06:06 - [TEST_STEP][PASSED] - delay: Delayed 2 second(s)

2019-01-09 11:06:08 - [MESSAGE][PASSED] - Delayed 2 second(s)

2019-01-09 11:06:08 - [TEST_STEP][PASSED] - click: Object: 'Object Repository/Final Object Repo/New Registration - Registration Module Pages/New Reg - OTC to RO/Special Case - All Related Objects/Click Search' is clicked on

2019-01-09 11:06:08 - [MESSAGE][PASSED] - Object: 'Object Repository/Final Object Repo/New Registration - Registration Module Pages/New Reg - OTC to RO/Special Case - All Related Objects/Click Search' is clicked on

2019-01-09 11:06:08 - [TEST_STEP][PASSED] - delay: Delayed 2 second(s)

2019-01-09 11:06:10 - [MESSAGE][PASSED] - Delayed 2 second(s)

2019-01-09 11:06:10 - [TEST_STEP][PASSED] - click: Object: 'Object Repository/Final Object Repo/New Registration - Registration Module Pages/New Reg - OTC to RO/Special Case - All Related Objects/Click to Continue Workflow' is clicked on

2019-01-09 11:06:13 - [MESSAGE][PASSED] - Object: 'Object Repository/Final Object Repo/New Registration - Registration Module Pages/New Reg - OTC to RO/Special Case - All Related Objects/Click to Continue Workflow' is clicked on

2019-01-09 11:06:13 - [TEST_STEP][PASSED] - delay: Delayed 2 second(s)

2019-01-09 11:06:15 - [MESSAGE][PASSED] - Delayed 2 second(s)

2019-01-09 11:06:15 - [TEST_STEP][PASSED] - click: Object: 'Object Repository/Final Object Repo/New Registration - Registration Module Pages/New Reg - OTC to RO/Special Case - All Related Objects/Continue Button in verifying case' is clicked on

2019-01-09 11:06:19 - [MESSAGE][PASSED] - Object: 'Object Repository/Final Object Repo/New Registration - Registration Module Pages/New Reg - OTC to RO/Special Case - All Related Objects/Continue Button in verifying case' is clicked on

2019-01-09 11:06:19 - [TEST_STEP][PASSED] - delay: Delayed 2 second(s)

2019-01-09 11:06:21 - [MESSAGE][PASSED] - Delayed 2 second(s)

2019-01-09 11:06:21 - [TEST_STEP][PASSED] - click: Object: 'Object Repository/Final Object Repo/New Registration - Registration Module Pages/Form 1/Registered As a Branch - Yes' is clicked on

2019-01-09 11:06:22 - [MESSAGE][PASSED] - Object: 'Object Repository/Final Object Repo/New Registration - Registration Module Pages/Form 1/Registered As a Branch - Yes' is clicked on

2019-01-09 11:06:22 - [TEST_STEP][PASSED] - delay: Delayed 2 second(s)

2019-01-09 11:06:24 - [MESSAGE][PASSED] - Delayed 2 second(s)

2019-01-09 11:06:24 - [TEST_STEP][PASSED] - click: Object: 'Object Repository/Final Object Repo/New Registration - Registration Module Pages/New Reg - OTC to RO/Special Case - All Related Objects/Form 1 Save n Continue' is clicked on

2019-01-09 11:06:24 - [MESSAGE][PASSED] - Object: 'Object Repository/Final Object Repo/New Registration - Registration Module Pages/New Reg - OTC to RO/Special Case - All Related Objects/Form 1 Save n Continue' is clicked on

2019-01-09 11:06:24 - [TEST_STEP][PASSED] - delay: Delayed 2 second(s)

2019-01-09 11:06:26 - [MESSAGE][PASSED] - Delayed 2 second(s)

2019-01-09 11:06:26 - [TEST_STEP][PASSED] - click: Object: 'Object Repository/Final Object Repo/New Registration - Registration Module Pages/New Reg - OTC to RO/Special Case - All Related Objects/Form 2 Save n Continue' is clicked on

2019-01-09 11:06:26 - [MESSAGE][PASSED] - Object: 'Object Repository/Final Object Repo/New Registration - Registration Module Pages/New Reg - OTC to RO/Special Case - All Related Objects/Form 2 Save n Continue' is clicked on

2019-01-09 11:06:26 - [TEST_STEP][PASSED] - delay: Delayed 2 second(s)

2019-01-09 11:06:28 - [MESSAGE][PASSED] - Delayed 2 second(s)

2019-01-09 11:06:28 - [TEST_STEP][PASSED] - click: Object: 'Object Repository/Final Object Repo/New Registration - Registration Module Pages/New Reg - OTC to RO/Special Case - All Related Objects/Third Screen Save n Continue' is clicked on

2019-01-09 11:06:34 - [MESSAGE][PASSED] - Object: 'Object Repository/Final Object Repo/New Registration - Registration Module Pages/New Reg - OTC to RO/Special Case - All Related Objects/Third Screen Save n Continue' is clicked on

2019-01-09 11:06:34 - [TEST_STEP][PASSED] - delay: Delayed 5 second(s)

2019-01-09 11:06:39 - [MESSAGE][PASSED] - Delayed 5 second(s)

2019-01-09 11:06:39 - [TEST_STEP][PASSED] - click: Object: 'Object Repository/Final Object Repo/New Registration - Registration Module Pages/New Reg - OTC to RO/Special Case - All Related Objects/Upload Doc Page Save n Continue' is clicked on

2019-01-09 11:06:39 - [MESSAGE][PASSED] - Object: 'Object Repository/Final Object Repo/New Registration - Registration Module Pages/New Reg - OTC to RO/Special Case - All Related Objects/Upload Doc Page Save n Continue' is clicked on

2019-01-09 11:06:39 - [TEST_STEP][PASSED] - callTestCase: Call Test Case 'Test Cases/Final Aug 2018 - PKS Automation/Registration Module/New Registration/Submit and Screenshot/Submit Registration and Screenshot' successfully

2019-01-09 11:06:39 - [TEST_CASE][PASSED] - Test Cases/Final Aug 2018 - PKS Automation/Registration Module/New Registration/Submit and Screenshot/Submit Registration and Screenshot: Test Cases/Final Aug 2018 - PKS Automation/Registration Module/New Registration/Submit and Screenshot/Submit Registration and Screenshot

2019-01-09 11:06:39 - [TEST_STEP][PASSED] - delay: Delayed 6 second(s)

2019-01-09 11:06:45 - [MESSAGE][PASSED] - Delayed 6 second(s)

2019-01-09 11:06:45 - [TEST_STEP][PASSED] - click: Object: 'Object Repository/Final Object Repo/New Registration - Registration Module Pages/Third Screen - Upload Supporting Doc- Preview/Preview Submit Button' is clicked on

2019-01-09 11:06:46 - [MESSAGE][PASSED] - Object: 'Object Repository/Final Object Repo/New Registration - Registration Module Pages/Third Screen - Upload Supporting Doc- Preview/Preview Submit Button' is clicked on

2019-01-09 11:06:46 - [TEST_STEP][PASSED] - delay: Delayed 2 second(s)

2019-01-09 11:06:48 - [MESSAGE][PASSED] - Delayed 2 second(s)

2019-01-09 11:06:48 - [TEST_STEP][PASSED] - click: Object: 'Object Repository/Final Object Repo/New Registration - Registration Module Pages/Third Screen - Upload Supporting Doc- Preview/Preview Submit - Confirm' is clicked on

2019-01-09 11:06:48 - [MESSAGE][PASSED] - Object: 'Object Repository/Final Object Repo/New Registration - Registration Module Pages/Third Screen - Upload Supporting Doc- Preview/Preview Submit - Confirm' is clicked on

2019-01-09 11:06:48 - [TEST_STEP][PASSED] - delay: Delayed 15 second(s)

2019-01-09 11:07:03 - [MESSAGE][PASSED] - Delayed 15 second(s)

2019-01-09 11:07:03 - [TEST_STEP][PASSED] - Statement - driver = com.kms.katalon.core.webui.driver.DriverFactory.getWebDriver(): null

2019-01-09 11:07:03 - [TEST_STEP][PASSED] - Statement - driver.manage().timeouts().implicitlyWait(10, SECONDS): null

2019-01-09 11:07:03 - [TEST_STEP][PASSED] - Statement - PresavePath = KatalonScreenshots: null

2019-01-09 11:07:03 - [TEST_STEP][PASSED] - Statement - pathPrefix = "C:\Users\Public\Pictures\Sample Pictures\Katalon Screenshots\Automate Ending Screen": null

2019-01-09 11:07:03 - [TEST_STEP][PASSED] - Statement - finalPath = <not implemented yet for class: org.codehaus.groovy.ast.expr.EmptyExpression>: null

2019-01-09 11:07:03 - [TEST_STEP][PASSED] - Statement - scrFile = driver.getScreenshotAs(FILE): null

2019-01-09 11:07:03 - [TEST_STEP][PASSED] - Statement - PreSaveFile = new java.io.File(PresavePath): null

2019-01-09 11:07:03 - [TEST_STEP][PASSED] - Statement - counter = 0: null

2019-01-09 11:07:03 - [TEST_STEP][PASSED] - Statement - If (PreSaveFile.exists()): null

2019-01-09 11:07:03 - [TEST_STEP][PASSED] - Statement - While (PreSaveFile.exists()): null

2019-01-09 11:07:03 - [TEST_STEP][PASSED] - Statement - counter = counter + 1: null

2019-01-09 11:07:03 - [TEST_STEP][PASSED] - Statement - PreSaveFile = new java.io.File(((pathPrefix + java.lang.Integer.toString(counter)) + .png)): null

2019-01-09 11:07:03 - [TEST_STEP][PASSED] - Statement - counter = counter + 1: null

2019-01-09 11:07:03 - [TEST_STEP][PASSED] - Statement - PreSaveFile = new java.io.File(((pathPrefix + java.lang.Integer.toString(counter)) + .png)): null

2019-01-09 11:07:03 - [TEST_STEP][PASSED] - Statement - counter = counter + 1: null

2019-01-09 11:07:03 - [TEST_STEP][PASSED] - Statement - PreSaveFile = new java.io.File(((pathPrefix + java.lang.Integer.toString(counter)) + .png)): null

2019-01-09 11:07:03 - [TEST_STEP][PASSED] - Statement - counter = counter + 1: null

2019-01-09 11:07:03 - [TEST_STEP][PASSED] - Statement - PreSaveFile = new java.io.File(((pathPrefix + java.lang.Integer.toString(counter)) + .png)): null

2019-01-09 11:07:03 - [TEST_STEP][PASSED] - Statement - counter = counter + 1: null

2019-01-09 11:07:03 - [TEST_STEP][PASSED] - Statement - PreSaveFile = new java.io.File(((pathPrefix + java.lang.Integer.toString(counter)) + .png)): null

2019-01-09 11:07:03 - [TEST_STEP][PASSED] - Statement - counter = counter + 1: null

2019-01-09 11:07:03 - [TEST_STEP][PASSED] - Statement - PreSaveFile = new java.io.File(((pathPrefix + java.lang.Integer.toString(counter)) + .png)): null

2019-01-09 11:07:03 - [TEST_STEP][PASSED] - Statement - counter = counter + 1: null

2019-01-09 11:07:03 - [TEST_STEP][PASSED] - Statement - PreSaveFile = new java.io.File(((pathPrefix + java.lang.Integer.toString(counter)) + .png)): null

2019-01-09 11:07:03 - [TEST_STEP][PASSED] - Statement - counter = counter + 1: null

2019-01-09 11:07:03 - [TEST_STEP][PASSED] - Statement - PreSaveFile = new java.io.File(((pathPrefix + java.lang.Integer.toString(counter)) + .png)): null

2019-01-09 11:07:03 - [TEST_STEP][PASSED] - Statement - counter = counter + 1: null

2019-01-09 11:07:03 - [TEST_STEP][PASSED] - Statement - PreSaveFile = new java.io.File(((pathPrefix + java.lang.Integer.toString(counter)) + .png)): null

2019-01-09 11:07:03 - [TEST_STEP][PASSED] - Statement - counter = counter + 1: null

2019-01-09 11:07:03 - [TEST_STEP][PASSED] - Statement - PreSaveFile = new java.io.File(((pathPrefix + java.lang.Integer.toString(counter)) + .png)): null

2019-01-09 11:07:03 - [TEST_STEP][PASSED] - Statement - counter = counter + 1: null

2019-01-09 11:07:03 - [TEST_STEP][PASSED] - Statement - PreSaveFile = new java.io.File(((pathPrefix + java.lang.Integer.toString(counter)) + .png)): null

2019-01-09 11:07:03 - [TEST_STEP][PASSED] - Statement - counter = counter + 1: null

2019-01-09 11:07:03 - [TEST_STEP][PASSED] - Statement - PreSaveFile = new java.io.File(((pathPrefix + java.lang.Integer.toString(counter)) + .png)): null

2019-01-09 11:07:03 - [TEST_STEP][PASSED] - Statement - counter = counter + 1: null

2019-01-09 11:07:03 - [TEST_STEP][PASSED] - Statement - PreSaveFile = new java.io.File(((pathPrefix + java.lang.Integer.toString(counter)) + .png)): null

2019-01-09 11:07:03 - [TEST_STEP][PASSED] - Statement - counter = counter + 1: null

2019-01-09 11:07:03 - [TEST_STEP][PASSED] - Statement - PreSaveFile = new java.io.File(((pathPrefix + java.lang.Integer.toString(counter)) + .png)): null

2019-01-09 11:07:03 - [TEST_STEP][PASSED] - Statement - counter = counter + 1: null

2019-01-09 11:07:03 - [TEST_STEP][PASSED] - Statement - PreSaveFile = new java.io.File(((pathPrefix + java.lang.Integer.toString(counter)) + .png)): null

2019-01-09 11:07:03 - [TEST_STEP][PASSED] - Statement - counter = counter + 1: null

2019-01-09 11:07:03 - [TEST_STEP][PASSED] - Statement - PreSaveFile = new java.io.File(((pathPrefix + java.lang.Integer.toString(counter)) + .png)): null

2019-01-09 11:07:03 - [TEST_STEP][PASSED] - Statement - counter = counter + 1: null

2019-01-09 11:07:03 - [TEST_STEP][PASSED] - Statement - PreSaveFile = new java.io.File(((pathPrefix + java.lang.Integer.toString(counter)) + .png)): null

2019-01-09 11:07:03 - [TEST_STEP][PASSED] - Statement - counter = counter + 1: null

2019-01-09 11:07:03 - [TEST_STEP][PASSED] - Statement - PreSaveFile = new java.io.File(((pathPrefix + java.lang.Integer.toString(counter)) + .png)): null

2019-01-09 11:07:03 - [TEST_STEP][PASSED] - Statement - counter = counter + 1: null

2019-01-09 11:07:03 - [TEST_STEP][PASSED] - Statement - PreSaveFile = new java.io.File(((pathPrefix + java.lang.Integer.toString(counter)) + .png)): null

2019-01-09 11:07:04 - [TEST_STEP][PASSED] - Statement - counter = counter + 1: null

2019-01-09 11:07:04 - [TEST_STEP][PASSED] - Statement - PreSaveFile = new java.io.File(((pathPrefix + java.lang.Integer.toString(counter)) + .png)): null

2019-01-09 11:07:04 - [TEST_STEP][PASSED] - Statement - counter = counter + 1: null

2019-01-09 11:07:04 - [TEST_STEP][PASSED] - Statement - PreSaveFile = new java.io.File(((pathPrefix + java.lang.Integer.toString(counter)) + .png)): null

2019-01-09 11:07:04 - [TEST_STEP][PASSED] - Statement - counter = counter + 1: null

2019-01-09 11:07:04 - [TEST_STEP][PASSED] - Statement - PreSaveFile = new java.io.File(((pathPrefix + java.lang.Integer.toString(counter)) + .png)): null

2019-01-09 11:07:04 - [TEST_STEP][PASSED] - Statement - counter = counter + 1: null

2019-01-09 11:07:04 - [TEST_STEP][PASSED] - Statement - PreSaveFile = new java.io.File(((pathPrefix + java.lang.Integer.toString(counter)) + .png)): null

2019-01-09 11:07:04 - [TEST_STEP][PASSED] - Statement - counter = counter + 1: null

2019-01-09 11:07:04 - [TEST_STEP][PASSED] - Statement - PreSaveFile = new java.io.File(((pathPrefix + java.lang.Integer.toString(counter)) + .png)): null

2019-01-09 11:07:04 - [TEST_STEP][PASSED] - Statement - counter = counter + 1: null

2019-01-09 11:07:04 - [TEST_STEP][PASSED] - Statement - PreSaveFile = new java.io.File(((pathPrefix + java.lang.Integer.toString(counter)) + .png)): null

2019-01-09 11:07:04 - [TEST_STEP][PASSED] - Statement - counter = counter + 1: null

2019-01-09 11:07:04 - [TEST_STEP][PASSED] - Statement - PreSaveFile = new java.io.File(((pathPrefix + java.lang.Integer.toString(counter)) + .png)): null

2019-01-09 11:07:04 - [TEST_STEP][PASSED] - Statement - counter = counter + 1: null

2019-01-09 11:07:04 - [TEST_STEP][PASSED] - Statement - PreSaveFile = new java.io.File(((pathPrefix + java.lang.Integer.toString(counter)) + .png)): null

2019-01-09 11:07:04 - [TEST_STEP][PASSED] - Statement - counter = counter + 1: null

2019-01-09 11:07:04 - [TEST_STEP][PASSED] - Statement - PreSaveFile = new java.io.File(((pathPrefix + java.lang.Integer.toString(counter)) + .png)): null

2019-01-09 11:07:04 - [TEST_STEP][PASSED] - Statement - counter = counter + 1: null

2019-01-09 11:07:04 - [TEST_STEP][PASSED] - Statement - PreSaveFile = new java.io.File(((pathPrefix + java.lang.Integer.toString(counter)) + .png)): null

2019-01-09 11:07:04 - [TEST_STEP][PASSED] - Statement - counter = counter + 1: null

2019-01-09 11:07:04 - [TEST_STEP][PASSED] - Statement - PreSaveFile = new java.io.File(((pathPrefix + java.lang.Integer.toString(counter)) + .png)): null

2019-01-09 11:07:04 - [TEST_STEP][PASSED] - Statement - counter = counter + 1: null

2019-01-09 11:07:04 - [TEST_STEP][PASSED] - Statement - PreSaveFile = new java.io.File(((pathPrefix + java.lang.Integer.toString(counter)) + .png)): null

2019-01-09 11:07:04 - [TEST_STEP][PASSED] - Statement - counter = counter + 1: null

2019-01-09 11:07:04 - [TEST_STEP][PASSED] - Statement - PreSaveFile = new java.io.File(((pathPrefix + java.lang.Integer.toString(counter)) + .png)): null

2019-01-09 11:07:04 - [TEST_STEP][PASSED] - Statement - counter = counter + 1: null

2019-01-09 11:07:04 - [TEST_STEP][PASSED] - Statement - PreSaveFile = new java.io.File(((pathPrefix + java.lang.Integer.toString(counter)) + .png)): null

2019-01-09 11:07:04 - [TEST_STEP][PASSED] - Statement - counter = counter + 1: null

2019-01-09 11:07:04 - [TEST_STEP][PASSED] - Statement - PreSaveFile = new java.io.File(((pathPrefix + java.lang.Integer.toString(counter)) + .png)): null

2019-01-09 11:07:05 - [TEST_STEP][PASSED] - Statement - counter = counter + 1: null

2019-01-09 11:07:05 - [TEST_STEP][PASSED] - Statement - PreSaveFile = new java.io.File(((pathPrefix + java.lang.Integer.toString(counter)) + .png)): null

2019-01-09 11:07:05 - [TEST_STEP][PASSED] - Statement - counter = counter + 1: null

2019-01-09 11:07:05 - [TEST_STEP][PASSED] - Statement - PreSaveFile = new java.io.File(((pathPrefix + java.lang.Integer.toString(counter)) + .png)): null

2019-01-09 11:07:05 - [TEST_STEP][PASSED] - Statement - counter = counter + 1: null

2019-01-09 11:07:05 - [TEST_STEP][PASSED] - Statement - PreSaveFile = new java.io.File(((pathPrefix + java.lang.Integer.toString(counter)) + .png)): null

2019-01-09 11:07:05 - [TEST_STEP][PASSED] - Statement - counter = counter + 1: null

2019-01-09 11:07:05 - [TEST_STEP][PASSED] - Statement - PreSaveFile = new java.io.File(((pathPrefix + java.lang.Integer.toString(counter)) + .png)): null

2019-01-09 11:07:05 - [TEST_STEP][PASSED] - Statement - counter = counter + 1: null

2019-01-09 11:07:05 - [TEST_STEP][PASSED] - Statement - PreSaveFile = new java.io.File(((pathPrefix + java.lang.Integer.toString(counter)) + .png)): null

2019-01-09 11:07:05 - [TEST_STEP][PASSED] - Statement - counter = counter + 1: null

2019-01-09 11:07:05 - [TEST_STEP][PASSED] - Statement - PreSaveFile = new java.io.File(((pathPrefix + java.lang.Integer.toString(counter)) + .png)): null

2019-01-09 11:07:05 - [TEST_STEP][PASSED] - Statement - counter = counter + 1: null

2019-01-09 11:07:05 - [TEST_STEP][PASSED] - Statement - PreSaveFile = new java.io.File(((pathPrefix + java.lang.Integer.toString(counter)) + .png)): null

2019-01-09 11:07:05 - [TEST_STEP][PASSED] - Statement - counter = counter + 1: null

2019-01-09 11:07:05 - [TEST_STEP][PASSED] - Statement - PreSaveFile = new java.io.File(((pathPrefix + java.lang.Integer.toString(counter)) + .png)): null

2019-01-09 11:07:05 - [TEST_STEP][PASSED] - Statement - counter = counter + 1: null

2019-01-09 11:07:05 - [TEST_STEP][PASSED] - Statement - PreSaveFile = new java.io.File(((pathPrefix + java.lang.Integer.toString(counter)) + .png)): null

2019-01-09 11:07:05 - [TEST_STEP][PASSED] - Statement - counter = counter + 1: null

2019-01-09 11:07:05 - [TEST_STEP][PASSED] - Statement - PreSaveFile = new java.io.File(((pathPrefix + java.lang.Integer.toString(counter)) + .png)): null

2019-01-09 11:07:05 - [TEST_STEP][PASSED] - Statement - counter = counter + 1: null

2019-01-09 11:07:05 - [TEST_STEP][PASSED] - Statement - PreSaveFile = new java.io.File(((pathPrefix + java.lang.Integer.toString(counter)) + .png)): null

2019-01-09 11:07:05 - [TEST_STEP][PASSED] - Statement - finalPath = pathPrefix + java.lang.Integer.toString(counter) + ".png": null

2019-01-09 11:07:05 - [TEST_STEP][PASSED] - Statement - SaveFile = new java.io.File(finalPath): null

2019-01-09 11:07:05 - [TEST_STEP][PASSED] - Statement - Try: null

2019-01-09 11:07:05 - [TEST_STEP][PASSED] - Statement - org.apache.commons.io.FileUtils.copyFile(scrFile, SaveFile): null

2019-01-09 11:07:05 - [TEST_STEP][PASSED] - Statement - out.println("file kept"): null

2019-01-09 11:07:05 - [TEST_STEP][PASSED] - delay: Delayed 10 second(s)

2019-01-09 11:07:15 - [MESSAGE][PASSED] - Delayed 10 second(s)

2019-01-09 11:07:15 - [MESSAGE][PASSED] - Call Test Case 'Test Cases/Final Aug 2018 - PKS Automation/Registration Module/New Registration/Submit and Screenshot/Submit Registration and Screenshot' successfully]]></system-out>
         <system-err><![CDATA[]]></system-err>
      </testcase>
      <testcase name="Test Cases/Final Aug 2018 - PKS Automation/Registration Module/Workflow/New Registration/Case OTC to RO - RO Under Enforcement" classname="Test Cases/Final Aug 2018 - PKS Automation/Registration Module/Workflow/New Registration/Case OTC to RO - RO Under Enforcement" status="PASSED">
         <system-out><![CDATA[2019-01-09 11:07:15 - [TEST_CASE][PASSED] - Test Cases/Final Aug 2018 - PKS Automation/Registration Module/Workflow/New Registration/Case OTC to RO - RO Under Enforcement: Test Cases/Final Aug 2018 - PKS Automation/Registration Module/Workflow/New Registration/Case OTC to RO - RO Under Enforcement

2019-01-09 11:07:16 - [TEST_STEP][PASSED] - callTestCase: Call Test Case 'Test Cases/Final Aug 2018 - PKS Automation/Registration Module/Workflow/New Registration/Template/Special Case - OTC - Form 1' successfully

2019-01-09 11:07:16 - [TEST_CASE][PASSED] - Test Cases/Final Aug 2018 - PKS Automation/Registration Module/Workflow/New Registration/Template/Special Case - OTC - Form 1: Test Cases/Final Aug 2018 - PKS Automation/Registration Module/Workflow/New Registration/Template/Special Case - OTC - Form 1

2019-01-09 11:07:16 - [TEST_STEP][PASSED] - openBrowser: Browser is opened with url: ''

2019-01-09 11:07:16 - [MESSAGE][WARNING] - A browser is already opened. Closing browser and opening a new one

2019-01-09 11:07:19 - [MESSAGE][PASSED] - Browser is opened with url: ''

2019-01-09 11:07:19 - [TEST_STEP][PASSED] - navigateToUrl: Navigate to 'https://assist2-uat.perkeso.gov.my/login' successfully

2019-01-09 11:07:20 - [MESSAGE][PASSED] - Navigate to 'https://assist2-uat.perkeso.gov.my/login' successfully

2019-01-09 11:07:20 - [TEST_STEP][PASSED] - delay: Delayed 2 second(s)

2019-01-09 11:07:22 - [MESSAGE][PASSED] - Delayed 2 second(s)

2019-01-09 11:07:22 - [TEST_STEP][PASSED] - setText: Text 'klotc2@gmail.com' is set on object 'Object Repository/Final Object Repo/Login Page/Internal User/Email Address'

2019-01-09 11:07:22 - [MESSAGE][PASSED] - Text 'klotc2@gmail.com' is set on object 'Object Repository/Final Object Repo/Login Page/Internal User/Email Address'

2019-01-09 11:07:22 - [TEST_STEP][PASSED] - click: Object: 'Object Repository/Final Object Repo/Login Page/Internal User/Next Button' is clicked on

2019-01-09 11:07:22 - [MESSAGE][PASSED] - Object: 'Object Repository/Final Object Repo/Login Page/Internal User/Next Button' is clicked on

2019-01-09 11:07:22 - [TEST_STEP][PASSED] - delay: Delayed 2 second(s)

2019-01-09 11:07:24 - [MESSAGE][PASSED] - Delayed 2 second(s)

2019-01-09 11:07:24 - [TEST_STEP][PASSED] - setText: Text 'Test1@3456789' is set on object 'Object Repository/Final Object Repo/Login Page/Internal User/Password'

2019-01-09 11:07:24 - [MESSAGE][PASSED] - Text 'Test1@3456789' is set on object 'Object Repository/Final Object Repo/Login Page/Internal User/Password'

2019-01-09 11:07:24 - [TEST_STEP][PASSED] - delay: Delayed 2 second(s)

2019-01-09 11:07:26 - [MESSAGE][PASSED] - Delayed 2 second(s)

2019-01-09 11:07:26 - [TEST_STEP][PASSED] - click: Object: 'Object Repository/Final Object Repo/Login Page/Internal User/Login Button' is clicked on

2019-01-09 11:07:27 - [MESSAGE][PASSED] - Object: 'Object Repository/Final Object Repo/Login Page/Internal User/Login Button' is clicked on

2019-01-09 11:07:27 - [TEST_STEP][PASSED] - Statement - Try: null

2019-01-09 11:07:27 - [TEST_STEP][PASSED] - Statement - Checker = com.kms.katalon.core.webui.keyword.WebUiBuiltInKeywords.verifyElementNotPresent("Final Object Repo/Landing Page/Select to English", 3): null

2019-01-09 11:07:27 - [TEST_STEP][PASSED] - Statement - Catch (Exception e): null

2019-01-09 11:07:27 - [TEST_STEP][PASSED] - Statement - e.printStackTrace(): null

2019-01-09 11:07:27 - [TEST_STEP][PASSED] - delay: Delayed 5 second(s)

2019-01-09 11:07:32 - [MESSAGE][PASSED] - Delayed 5 second(s)

2019-01-09 11:07:32 - [TEST_STEP][PASSED] - click: Object: 'Object Repository/Final Object Repo/Landing Page/My Sites Drop Down' is clicked on

2019-01-09 11:07:32 - [MESSAGE][PASSED] - Object: 'Object Repository/Final Object Repo/Landing Page/My Sites Drop Down' is clicked on

2019-01-09 11:07:32 - [TEST_STEP][PASSED] - click: Object: 'Object Repository/Final Object Repo/Landing Page/Select to Registration Module' is clicked on

2019-01-09 11:07:33 - [MESSAGE][PASSED] - Object: 'Object Repository/Final Object Repo/Landing Page/Select to Registration Module' is clicked on

2019-01-09 11:07:33 - [TEST_STEP][PASSED] - click: Object: 'Object Repository/Final Object Repo/Landing Page/Registration Button' is clicked on

2019-01-09 11:07:34 - [MESSAGE][PASSED] - Object: 'Object Repository/Final Object Repo/Landing Page/Registration Button' is clicked on

2019-01-09 11:07:34 - [TEST_STEP][PASSED] - delay: Delayed 2 second(s)

2019-01-09 11:07:36 - [MESSAGE][PASSED] - Delayed 2 second(s)

2019-01-09 11:07:36 - [TEST_STEP][PASSED] - click: Object: 'Object Repository/Final Object Repo/New Registration - Registration Module Pages/New Reg - OTC to RO/Special Case - OTC - Form 1/AEC NO' is clicked on

2019-01-09 11:07:37 - [MESSAGE][PASSED] - Object: 'Object Repository/Final Object Repo/New Registration - Registration Module Pages/New Reg - OTC to RO/Special Case - OTC - Form 1/AEC NO' is clicked on

2019-01-09 11:07:37 - [TEST_STEP][PASSED] - click: Object: 'Object Repository/Final Object Repo/New Registration - Registration Module Pages/New Reg - OTC to RO/Special Case - OTC - Form 1/Business Entity - Please Select' is clicked on

2019-01-09 11:07:37 - [MESSAGE][PASSED] - Object: 'Object Repository/Final Object Repo/New Registration - Registration Module Pages/New Reg - OTC to RO/Special Case - OTC - Form 1/Business Entity - Please Select' is clicked on

2019-01-09 11:07:37 - [TEST_STEP][PASSED] - click: Object: 'Object Repository/Final Object Repo/New Registration - Registration Module Pages/New Reg - OTC to RO/Special Case - OTC - Form 1/Selected - Corporation' is clicked on

2019-01-09 11:07:37 - [MESSAGE][PASSED] - Object: 'Object Repository/Final Object Repo/New Registration - Registration Module Pages/New Reg - OTC to RO/Special Case - OTC - Form 1/Selected - Corporation' is clicked on

2019-01-09 11:07:37 - [TEST_STEP][PASSED] - delay: Delayed 2 second(s)

2019-01-09 11:07:39 - [MESSAGE][PASSED] - Delayed 2 second(s)

2019-01-09 11:07:39 - [TEST_STEP][PASSED] - click: Object: 'Object Repository/Final Object Repo/New Registration - Registration Module Pages/New Reg - OTC to RO/Special Case - OTC - Form 1/Sub Business Entity - Please Select' is clicked on

2019-01-09 11:07:39 - [MESSAGE][PASSED] - Object: 'Object Repository/Final Object Repo/New Registration - Registration Module Pages/New Reg - OTC to RO/Special Case - OTC - Form 1/Sub Business Entity - Please Select' is clicked on

2019-01-09 11:07:39 - [TEST_STEP][PASSED] - delay: Delayed 2 second(s)

2019-01-09 11:07:41 - [MESSAGE][PASSED] - Delayed 2 second(s)

2019-01-09 11:07:41 - [TEST_STEP][PASSED] - click: Object: 'Object Repository/Final Object Repo/New Registration - Registration Module Pages/New Reg - OTC to RO/Special Case - OTC - Form 1/Selected - Sendirian Berhad' is clicked on

2019-01-09 11:07:42 - [MESSAGE][PASSED] - Object: 'Object Repository/Final Object Repo/New Registration - Registration Module Pages/New Reg - OTC to RO/Special Case - OTC - Form 1/Selected - Sendirian Berhad' is clicked on

2019-01-09 11:07:42 - [TEST_STEP][PASSED] - setText: Text 'AUTOMATE001' is set on object 'Object Repository/Final Object Repo/New Registration - Registration Module Pages/New Reg - OTC to RO/Special Case - OTC - Form 1/Input BRN Number'

2019-01-09 11:07:42 - [MESSAGE][PASSED] - Text 'AUTOMATE001' is set on object 'Object Repository/Final Object Repo/New Registration - Registration Module Pages/New Reg - OTC to RO/Special Case - OTC - Form 1/Input BRN Number'

2019-01-09 11:07:42 - [TEST_STEP][PASSED] - delay: Delayed 2 second(s)

2019-01-09 11:07:44 - [MESSAGE][PASSED] - Delayed 2 second(s)

2019-01-09 11:07:44 - [TEST_STEP][PASSED] - click: Object: 'Object Repository/Final Object Repo/New Registration - Registration Module Pages/New Reg - OTC to RO/Special Case - OTC - Form 1/BRN Search' is clicked on

2019-01-09 11:07:44 - [MESSAGE][PASSED] - Object: 'Object Repository/Final Object Repo/New Registration - Registration Module Pages/New Reg - OTC to RO/Special Case - OTC - Form 1/BRN Search' is clicked on

2019-01-09 11:07:44 - [TEST_STEP][PASSED] - delay: Delayed 4 second(s)

2019-01-09 11:07:48 - [MESSAGE][PASSED] - Delayed 4 second(s)

2019-01-09 11:07:48 - [TEST_STEP][PASSED] - click: Object: 'Object Repository/Final Object Repo/New Registration - Registration Module Pages/New Reg - OTC to RO/Special Case - OTC - Form 1/Registered with SSM - After Feb 2017' is clicked on

2019-01-09 11:07:48 - [MESSAGE][PASSED] - Object: 'Object Repository/Final Object Repo/New Registration - Registration Module Pages/New Reg - OTC to RO/Special Case - OTC - Form 1/Registered with SSM - After Feb 2017' is clicked on

2019-01-09 11:07:48 - [TEST_STEP][PASSED] - delay: Delayed 2 second(s)

2019-01-09 11:07:50 - [MESSAGE][PASSED] - Delayed 2 second(s)

2019-01-09 11:07:50 - [TEST_STEP][PASSED] - click: Object: 'Object Repository/Final Object Repo/New Registration - Registration Module Pages/New Reg - OTC to RO/Special Case - OTC - Form 1/Registering As A Branch - No' is clicked on

2019-01-09 11:07:51 - [MESSAGE][PASSED] - Object: 'Object Repository/Final Object Repo/New Registration - Registration Module Pages/New Reg - OTC to RO/Special Case - OTC - Form 1/Registering As A Branch - No' is clicked on

2019-01-09 11:07:51 - [TEST_STEP][PASSED] - click: Object: 'Object Repository/Final Object Repo/New Registration - Registration Module Pages/New Reg - OTC to RO/Special Case - OTC - Form 1/Acknowledgement Ticked' is clicked on

2019-01-09 11:07:51 - [MESSAGE][PASSED] - Object: 'Object Repository/Final Object Repo/New Registration - Registration Module Pages/New Reg - OTC to RO/Special Case - OTC - Form 1/Acknowledgement Ticked' is clicked on

2019-01-09 11:07:51 - [TEST_STEP][PASSED] - click: Object: 'Object Repository/Final Object Repo/New Registration - Registration Module Pages/New Reg - OTC to RO/Special Case - OTC - Form 1/Submit Button' is clicked on

2019-01-09 11:07:51 - [MESSAGE][PASSED] - Object: 'Object Repository/Final Object Repo/New Registration - Registration Module Pages/New Reg - OTC to RO/Special Case - OTC - Form 1/Submit Button' is clicked on

2019-01-09 11:07:51 - [TEST_STEP][PASSED] - delay: Delayed 2 second(s)

2019-01-09 11:07:53 - [MESSAGE][PASSED] - Delayed 2 second(s)

2019-01-09 11:07:53 - [TEST_STEP][PASSED] - click: Object: 'Object Repository/Final Object Repo/New Registration - Registration Module Pages/New Reg - OTC to RO/Special Case - OTC - Form 1/Confirm No Flagging as Branch' is clicked on

2019-01-09 11:07:53 - [MESSAGE][PASSED] - Object: 'Object Repository/Final Object Repo/New Registration - Registration Module Pages/New Reg - OTC to RO/Special Case - OTC - Form 1/Confirm No Flagging as Branch' is clicked on

2019-01-09 11:07:53 - [MESSAGE][PASSED] - Call Test Case 'Test Cases/Final Aug 2018 - PKS Automation/Registration Module/Workflow/New Registration/Template/Special Case - OTC - Form 1' successfully

2019-01-09 11:07:53 - [TEST_STEP][PASSED] - callTestCase: Call Test Case 'Test Cases/Final Aug 2018 - PKS Automation/Registration Module/New Registration/Form 2/Add 1 Eligible' successfully

2019-01-09 11:07:53 - [TEST_CASE][PASSED] - Test Cases/Final Aug 2018 - PKS Automation/Registration Module/New Registration/Form 2/Add 1 Eligible: Test Cases/Final Aug 2018 - PKS Automation/Registration Module/New Registration/Form 2/Add 1 Eligible

2019-01-09 11:07:53 - [TEST_STEP][PASSED] - delay: Delayed 2 second(s)

2019-01-09 11:07:55 - [MESSAGE][PASSED] - Delayed 2 second(s)

2019-01-09 11:07:55 - [TEST_STEP][PASSED] - callTestCase: Call Test Case 'Test Cases/Final Aug 2018 - PKS Automation/Registration Module/New Registration/Form 2/Date Updater' successfully

2019-01-09 11:07:55 - [TEST_CASE][PASSED] - Test Cases/Final Aug 2018 - PKS Automation/Registration Module/New Registration/Form 2/Date Updater: Test Cases/Final Aug 2018 - PKS Automation/Registration Module/New Registration/Form 2/Date Updater

2019-01-09 11:07:55 - [TEST_STEP][PASSED] - Statement - TodayDate = new java.util.Date(): null

2019-01-09 11:07:55 - [TEST_STEP][PASSED] - Statement - CurrentDateNoFilter = new java.text.SimpleDateFormat(): null

2019-01-09 11:07:55 - [TEST_STEP][PASSED] - Statement - CurrentDateNoFilter.applyPattern("MM"): null

2019-01-09 11:07:55 - [TEST_STEP][PASSED] - Statement - monthContainerMatcher = java.lang.Integer.parseInt(CurrentDateNoFilter.format(TodayDate)): null

2019-01-09 11:07:55 - [TEST_STEP][PASSED] - Statement - monthContainerMatcher = monthContainerMatcher - 1: null

2019-01-09 11:07:55 - [TEST_STEP][PASSED] - Statement - CurrentMonth = monthContainerMatcher.toString(): null

2019-01-09 11:07:55 - [TEST_STEP][PASSED] - Statement - CurrentMonth = CurrentMonth: null

2019-01-09 11:07:55 - [TEST_STEP][PASSED] - Statement - CurrentDateNoFilter.applyPattern("yyyy"): null

2019-01-09 11:07:55 - [TEST_STEP][PASSED] - Statement - CurrentYear = CurrentDateNoFilter.format(TodayDate): null

2019-01-09 11:07:55 - [TEST_STEP][PASSED] - Statement - CurrentYear = CurrentYear: null

2019-01-09 11:07:55 - [TEST_STEP][PASSED] - Statement - intCurrentYear = java.lang.Integer.parseInt(CurrentDateNoFilter.format(TodayDate)): null

2019-01-09 11:07:55 - [TEST_STEP][PASSED] - Statement - eighteenYrsAgo = intCurrentYear - 18: null

2019-01-09 11:07:55 - [TEST_STEP][PASSED] - Statement - eighteenYrsBeforeThisYr = eighteenYrsAgo.toString(): null

2019-01-09 11:07:55 - [TEST_STEP][PASSED] - Statement - EighteenYrsBefore = eighteenYrsBeforeThisYr: null

2019-01-09 11:07:55 - [TEST_STEP][PASSED] - Statement - fiftysevenYrsAgo = intCurrentYear - 57: null

2019-01-09 11:07:55 - [TEST_STEP][PASSED] - Statement - fiftysevenYrsBeforeThisYr = fiftysevenYrsAgo.toString(): null

2019-01-09 11:07:55 - [TEST_STEP][PASSED] - Statement - FiftysevenYrsBefore = fiftysevenYrsBeforeThisYr: null

2019-01-09 11:07:55 - [TEST_STEP][PASSED] - Statement - leapYear = false: null

2019-01-09 11:07:55 - [TEST_STEP][PASSED] - Statement - leapYear = intCurrentYear % 4 == 0: null

2019-01-09 11:07:55 - [TEST_STEP][PASSED] - Statement - CurrentDateNoFilter.applyPattern("dd"): null

2019-01-09 11:07:55 - [TEST_STEP][PASSED] - Statement - CurrentDate = CurrentDateNoFilter.format(TodayDate): null

2019-01-09 11:07:55 - [TEST_STEP][PASSED] - Statement - CurrentDate = java.lang.Integer.parseInt(CurrentDate): null

2019-01-09 11:07:55 - [TEST_STEP][PASSED] - Statement - CurrentDate = CurrentDate: null

2019-01-09 11:07:55 - [TEST_STEP][PASSED] - Statement - CurrentDay = java.lang.Integer.parseInt(CurrentDate): null

2019-01-09 11:07:55 - [TEST_STEP][PASSED] - Statement - ConfAdder = <not implemented yet for class: org.codehaus.groovy.ast.expr.EmptyExpression>: null

2019-01-09 11:07:55 - [TEST_STEP][PASSED] - Statement - out.println(CurrentMonth): null

2019-01-09 11:07:55 - [TEST_STEP][PASSED] - Statement - out.println(CurrentDate): null

2019-01-09 11:07:55 - [TEST_STEP][PASSED] - Statement - switch (CurrentDate): null

2019-01-09 11:07:55 - [TEST_STEP][PASSED] - Statement - Default: null

2019-01-09 11:07:55 - [TEST_STEP][PASSED] - Statement - ConfAdder = true: null

2019-01-09 11:07:55 - [TEST_STEP][PASSED] - Statement - Break: null

2019-01-09 11:07:55 - [TEST_STEP][PASSED] - Statement - aDayBefore = <not implemented yet for class: org.codehaus.groovy.ast.expr.EmptyExpression>: null

2019-01-09 11:07:55 - [TEST_STEP][PASSED] - Statement - out.println(ConfAdder): null

2019-01-09 11:07:55 - [TEST_STEP][PASSED] - Statement - If (ConfAdder == true): null

2019-01-09 11:07:55 - [TEST_STEP][PASSED] - Statement - aDayBefore = CurrentDay + 1: null

2019-01-09 11:07:55 - [TEST_STEP][PASSED] - Statement - out.println(aDayBefore): null

2019-01-09 11:07:55 - [TEST_STEP][PASSED] - Statement - If (aDayBefore == 1 && CurrentMonth == 11): null

2019-01-09 11:07:55 - [TEST_STEP][PASSED] - Statement - DayBefore = aDayBefore.toString(): null

2019-01-09 11:07:55 - [TEST_STEP][PASSED] - Statement - OneDayBefore = DayBefore: null

2019-01-09 11:07:56 - [MESSAGE][PASSED] - Call Test Case 'Test Cases/Final Aug 2018 - PKS Automation/Registration Module/New Registration/Form 2/Date Updater' successfully

2019-01-09 11:07:56 - [TEST_STEP][PASSED] - delay: Delayed 1 second(s)

2019-01-09 11:07:57 - [MESSAGE][PASSED] - Delayed 1 second(s)

2019-01-09 11:07:57 - [TEST_STEP][PASSED] - Statement - CaseReferenceNo = com.kms.katalon.core.webui.keyword.WebUiBuiltInKeywords.getText(com.kms.katalon.core.testobject.ObjectRepository.findTestObject(Final Object Repo/New Registration - Registration Module Pages/Form 2/RefNo Acquiring)): Text of object 'Object Repository/Final Object Repo/New Registration - Registration Module Pages/Form 2/RefNo Acquiring' is: 'CRN01201900123668'

2019-01-09 11:07:57 - [MESSAGE][PASSED] - Text of object 'Object Repository/Final Object Repo/New Registration - Registration Module Pages/Form 2/RefNo Acquiring' is: 'CRN01201900123668'

2019-01-09 11:07:57 - [TEST_STEP][PASSED] - delay: Delayed 1 second(s)

2019-01-09 11:07:58 - [MESSAGE][PASSED] - Delayed 1 second(s)

2019-01-09 11:07:58 - [TEST_STEP][PASSED] - click: Object: 'Object Repository/Final Object Repo/New Registration - Registration Module Pages/Form 2/Add Employee Button' is clicked on

2019-01-09 11:07:58 - [MESSAGE][PASSED] - Object: 'Object Repository/Final Object Repo/New Registration - Registration Module Pages/Form 2/Add Employee Button' is clicked on

2019-01-09 11:07:58 - [TEST_STEP][PASSED] - delay: Delayed 1 second(s)

2019-01-09 11:07:59 - [MESSAGE][PASSED] - Delayed 1 second(s)

2019-01-09 11:07:59 - [TEST_STEP][PASSED] - setText: Text '010903091963' is set on object 'Object Repository/Final Object Repo/New Registration - Registration Module Pages/Form 2/NRIC Input'

2019-01-09 11:08:00 - [MESSAGE][PASSED] - Text '010903091963' is set on object 'Object Repository/Final Object Repo/New Registration - Registration Module Pages/Form 2/NRIC Input'

2019-01-09 11:08:00 - [TEST_STEP][PASSED] - click: Object: 'Object Repository/Final Object Repo/New Registration - Registration Module Pages/Form 2/button for search for IC' is clicked on

2019-01-09 11:08:00 - [MESSAGE][PASSED] - Object: 'Object Repository/Final Object Repo/New Registration - Registration Module Pages/Form 2/button for search for IC' is clicked on

2019-01-09 11:08:00 - [TEST_STEP][PASSED] - delay: Delayed 2 second(s)

2019-01-09 11:08:02 - [MESSAGE][PASSED] - Delayed 2 second(s)

2019-01-09 11:08:02 - [TEST_STEP][PASSED] - setText: Text 'Automate001 eligible 1' is set on object 'Object Repository/Final Object Repo/New Registration - Registration Module Pages/Form 2/Employee Name Input'

2019-01-09 11:08:02 - [MESSAGE][PASSED] - Text 'Automate001 eligible 1' is set on object 'Object Repository/Final Object Repo/New Registration - Registration Module Pages/Form 2/Employee Name Input'

2019-01-09 11:08:02 - [TEST_STEP][PASSED] - delay: Delayed 2 second(s)

2019-01-09 11:08:04 - [MESSAGE][PASSED] - Delayed 2 second(s)

2019-01-09 11:08:04 - [TEST_STEP][PASSED] - click: Object: 'Object Repository/Final Object Repo/New Registration - Registration Module Pages/Form 2/DatePicker Pop Up' is clicked on

2019-01-09 11:08:04 - [MESSAGE][PASSED] - Object: 'Object Repository/Final Object Repo/New Registration - Registration Module Pages/Form 2/DatePicker Pop Up' is clicked on

2019-01-09 11:08:04 - [TEST_STEP][PASSED] - click: Object: 'Object Repository/Final Object Repo/New Registration - Registration Module Pages/Form 2/DOB Month' is clicked on

2019-01-09 11:08:05 - [MESSAGE][PASSED] - Object: 'Object Repository/Final Object Repo/New Registration - Registration Module Pages/Form 2/DOB Month' is clicked on

2019-01-09 11:08:05 - [TEST_STEP][PASSED] - Statement - CurrentMonth = CurrentMonth: null

2019-01-09 11:08:05 - [TEST_STEP][PASSED] - Statement - selectMonth = new com.kms.katalon.core.testobject.TestObject(): null

2019-01-09 11:08:05 - [TEST_STEP][PASSED] - Statement - selectMonth.addProperty("xpath", EQUALS, "//body/div/div/div/select/option[@value='" + CurrentMonth + "']", true): null

2019-01-09 11:08:05 - [TEST_STEP][PASSED] - click: Object: '' is clicked on

2019-01-09 11:08:05 - [MESSAGE][PASSED] - Object: '' is clicked on

2019-01-09 11:08:05 - [TEST_STEP][PASSED] - click: Object: 'Object Repository/Final Object Repo/New Registration - Registration Module Pages/Form 2/DOB Year' is clicked on

2019-01-09 11:08:05 - [MESSAGE][PASSED] - Object: 'Object Repository/Final Object Repo/New Registration - Registration Module Pages/Form 2/DOB Year' is clicked on

2019-01-09 11:08:05 - [TEST_STEP][PASSED] - Statement - Eyearsbf = EighteenYrsBefore: null

2019-01-09 11:08:05 - [TEST_STEP][PASSED] - Statement - selectYear = new com.kms.katalon.core.testobject.TestObject(): null

2019-01-09 11:08:05 - [TEST_STEP][PASSED] - Statement - selectYear.addProperty("xpath", EQUALS, "//div/div/div/select/option[@value='" + Eyearsbf + "']", true): null

2019-01-09 11:08:05 - [TEST_STEP][PASSED] - click: Object: '' is clicked on

2019-01-09 11:08:05 - [MESSAGE][PASSED] - Object: '' is clicked on

2019-01-09 11:08:05 - [TEST_STEP][PASSED] - Statement - UpdatedSelectDate = com.kms.katalon.core.webui.keyword.WebUiBuiltInKeywords.modifyObjectProperty(com.kms.katalon.core.testobject.ObjectRepository.findTestObject(Final Object Repo/New Registration - Registration Module Pages/Form 2/DOB Date), "xpath", "equals", "//body/div/table/tbody/tr/td/a[text()="" + CurrentDate + ""]", true): Modify property of object successfully

2019-01-09 11:08:05 - [MESSAGE][PASSED] - Modify property of object successfully

2019-01-09 11:08:05 - [TEST_STEP][PASSED] - delay: Delayed 3 second(s)

2019-01-09 11:08:08 - [MESSAGE][PASSED] - Delayed 3 second(s)

2019-01-09 11:08:08 - [TEST_STEP][PASSED] - click: Object: 'Object Repository/Final Object Repo/New Registration - Registration Module Pages/Form 2/DOB Date' is clicked on

2019-01-09 11:08:08 - [MESSAGE][PASSED] - Object: 'Object Repository/Final Object Repo/New Registration - Registration Module Pages/Form 2/DOB Date' is clicked on

2019-01-09 11:08:08 - [TEST_STEP][PASSED] - delay: Delayed 2 second(s)

2019-01-09 11:08:10 - [MESSAGE][PASSED] - Delayed 2 second(s)

2019-01-09 11:08:10 - [TEST_STEP][PASSED] - click: Object: 'Object Repository/Final Object Repo/New Registration - Registration Module Pages/Form 2/EmploymentStartDate Pop Up' is clicked on

2019-01-09 11:08:10 - [MESSAGE][PASSED] - Object: 'Object Repository/Final Object Repo/New Registration - Registration Module Pages/Form 2/EmploymentStartDate Pop Up' is clicked on

2019-01-09 11:08:10 - [TEST_STEP][PASSED] - delay: Delayed 2 second(s)

2019-01-09 11:08:12 - [MESSAGE][PASSED] - Delayed 2 second(s)

2019-01-09 11:08:12 - [TEST_STEP][PASSED] - click: Object: 'Object Repository/Final Object Repo/New Registration - Registration Module Pages/Form 2/Socso Employment StartDate Month' is clicked on

2019-01-09 11:08:13 - [MESSAGE][PASSED] - Object: 'Object Repository/Final Object Repo/New Registration - Registration Module Pages/Form 2/Socso Employment StartDate Month' is clicked on

2019-01-09 11:08:13 - [TEST_STEP][PASSED] - delay: Delayed 1 second(s)

2019-01-09 11:08:14 - [MESSAGE][PASSED] - Delayed 1 second(s)

2019-01-09 11:08:14 - [TEST_STEP][PASSED] - click: Object: 'Object Repository/Final Object Repo/New Registration - Registration Module Pages/Form 2/Select Socso Employement Startdate Month' is clicked on

2019-01-09 11:08:14 - [MESSAGE][PASSED] - Object: 'Object Repository/Final Object Repo/New Registration - Registration Module Pages/Form 2/Select Socso Employement Startdate Month' is clicked on

2019-01-09 11:08:14 - [TEST_STEP][PASSED] - delay: Delayed 2 second(s)

2019-01-09 11:08:16 - [MESSAGE][PASSED] - Delayed 2 second(s)

2019-01-09 11:08:16 - [TEST_STEP][PASSED] - click: Object: 'Object Repository/Final Object Repo/New Registration - Registration Module Pages/Form 2/Socso Employment StartDate Year' is clicked on

2019-01-09 11:08:16 - [MESSAGE][PASSED] - Object: 'Object Repository/Final Object Repo/New Registration - Registration Module Pages/Form 2/Socso Employment StartDate Year' is clicked on

2019-01-09 11:08:16 - [TEST_STEP][PASSED] - delay: Delayed 1 second(s)

2019-01-09 11:08:17 - [MESSAGE][PASSED] - Delayed 1 second(s)

2019-01-09 11:08:17 - [TEST_STEP][PASSED] - click: Object: 'Object Repository/Final Object Repo/New Registration - Registration Module Pages/Form 2/Select Socso Employment Startdate Year' is clicked on

2019-01-09 11:08:17 - [MESSAGE][PASSED] - Object: 'Object Repository/Final Object Repo/New Registration - Registration Module Pages/Form 2/Select Socso Employment Startdate Year' is clicked on

2019-01-09 11:08:17 - [TEST_STEP][PASSED] - delay: Delayed 2 second(s)

2019-01-09 11:08:19 - [MESSAGE][PASSED] - Delayed 2 second(s)

2019-01-09 11:08:19 - [TEST_STEP][PASSED] - click: Object: 'Object Repository/Final Object Repo/New Registration - Registration Module Pages/Form 2/Socso Employment Start Date Day' is clicked on

2019-01-09 11:08:19 - [MESSAGE][PASSED] - Object: 'Object Repository/Final Object Repo/New Registration - Registration Module Pages/Form 2/Socso Employment Start Date Day' is clicked on

2019-01-09 11:08:19 - [TEST_STEP][PASSED] - delay: Delayed 2 second(s)

2019-01-09 11:08:21 - [MESSAGE][PASSED] - Delayed 2 second(s)

2019-01-09 11:08:21 - [TEST_STEP][PASSED] - click: Object: 'Object Repository/Final Object Repo/New Registration - Registration Module Pages/Form 2/Save Button for Add Employee' is clicked on

2019-01-09 11:08:22 - [MESSAGE][PASSED] - Object: 'Object Repository/Final Object Repo/New Registration - Registration Module Pages/Form 2/Save Button for Add Employee' is clicked on

2019-01-09 11:08:22 - [TEST_STEP][PASSED] - delay: Delayed 6 second(s)

2019-01-09 11:08:28 - [MESSAGE][PASSED] - Delayed 6 second(s)

2019-01-09 11:08:28 - [TEST_STEP][PASSED] - click: Object: 'Object Repository/Final Object Repo/New Registration - Registration Module Pages/Form 2/Save and Continue Form 2' is clicked on

2019-01-09 11:08:28 - [MESSAGE][PASSED] - Object: 'Object Repository/Final Object Repo/New Registration - Registration Module Pages/Form 2/Save and Continue Form 2' is clicked on

2019-01-09 11:08:28 - [MESSAGE][PASSED] - Call Test Case 'Test Cases/Final Aug 2018 - PKS Automation/Registration Module/New Registration/Form 2/Add 1 Eligible' successfully

2019-01-09 11:08:28 - [TEST_STEP][PASSED] - callTestCase: Call Test Case 'Test Cases/Final Aug 2018 - PKS Automation/Registration Module/New Registration/Flow of New Registration/Third Screen - Upload Supporting Doc - Preview' successfully

2019-01-09 11:08:28 - [TEST_CASE][PASSED] - Test Cases/Final Aug 2018 - PKS Automation/Registration Module/New Registration/Flow of New Registration/Third Screen - Upload Supporting Doc - Preview: Test Cases/Final Aug 2018 - PKS Automation/Registration Module/New Registration/Flow of New Registration/Third Screen - Upload Supporting Doc - Preview

2019-01-09 11:08:28 - [TEST_STEP][PASSED] - waitForPageLoad: Wait for page load successfully

2019-01-09 11:08:29 - [MESSAGE][PASSED] - Wait for page load successfully

2019-01-09 11:08:29 - [TEST_STEP][PASSED] - Statement - CaseReferenceNo = com.kms.katalon.core.webui.keyword.WebUiBuiltInKeywords.getText(com.kms.katalon.core.testobject.ObjectRepository.findTestObject(Final Object Repo/New Registration - Registration Module Pages/Third Screen - Upload Supporting Doc- Preview/RefNo Acquiring)): Text of object 'Object Repository/Final Object Repo/New Registration - Registration Module Pages/Third Screen - Upload Supporting Doc- Preview/RefNo Acquiring' is: 'CRN01201900123668'

2019-01-09 11:08:29 - [MESSAGE][PASSED] - Text of object 'Object Repository/Final Object Repo/New Registration - Registration Module Pages/Third Screen - Upload Supporting Doc- Preview/RefNo Acquiring' is: 'CRN01201900123668'

2019-01-09 11:08:29 - [TEST_STEP][PASSED] - delay: Delayed 2 second(s)

2019-01-09 11:08:31 - [MESSAGE][PASSED] - Delayed 2 second(s)

2019-01-09 11:08:31 - [TEST_STEP][PASSED] - callTestCase: Call Test Case 'Test Cases/Final Aug 2018 - PKS Automation/Common/Reference Number Setter' successfully

2019-01-09 11:08:31 - [TEST_CASE][PASSED] - Test Cases/Final Aug 2018 - PKS Automation/Common/Reference Number Setter: Test Cases/Final Aug 2018 - PKS Automation/Common/Reference Number Setter

2019-01-09 11:08:31 - [TEST_STEP][PASSED] - Statement - RefNoOldFile = new java.io.File(C://Users//Admin//Desktop//PKS//Automation Reference Point//KatalonReference.txt): null

2019-01-09 11:08:31 - [TEST_STEP][PASSED] - Statement - RefNoOldFile.delete(): null

2019-01-09 11:08:31 - [TEST_STEP][PASSED] - delay: Delayed 5 second(s)

2019-01-09 11:08:36 - [MESSAGE][PASSED] - Delayed 5 second(s)

2019-01-09 11:08:36 - [TEST_STEP][PASSED] - Statement - RefNo = new java.io.File(C://Users//Admin//Desktop//PKS//Automation Reference Point//KatalonReference.txt): null

2019-01-09 11:08:36 - [TEST_STEP][PASSED] - Statement - f2 = new java.io.FileWriter(RefNo, false): null

2019-01-09 11:08:36 - [TEST_STEP][PASSED] - Statement - f2.write(CaseReferenceNo): null

2019-01-09 11:08:36 - [TEST_STEP][PASSED] - Statement - f2.close(): null

2019-01-09 11:08:36 - [TEST_STEP][PASSED] - Statement - out.println("


" + CaseReferenceNo + "


"): null

2019-01-09 11:08:36 - [MESSAGE][PASSED] - Call Test Case 'Test Cases/Final Aug 2018 - PKS Automation/Common/Reference Number Setter' successfully

2019-01-09 11:08:36 - [TEST_STEP][PASSED] - waitForElementClickable: Object 'Object Repository/Final Object Repo/New Registration - Registration Module Pages/Third Screen - Upload Supporting Doc- Preview/Save n Continue in SIP Employee Listing Page' is clickable

2019-01-09 11:08:36 - [MESSAGE][PASSED] - Object 'Object Repository/Final Object Repo/New Registration - Registration Module Pages/Third Screen - Upload Supporting Doc- Preview/Save n Continue in SIP Employee Listing Page' is clickable

2019-01-09 11:08:36 - [TEST_STEP][PASSED] - click: Object: 'Object Repository/Final Object Repo/New Registration - Registration Module Pages/Third Screen - Upload Supporting Doc- Preview/Save n Continue in SIP Employee Listing Page' is clicked on

2019-01-09 11:08:46 - [MESSAGE][PASSED] - Object: 'Object Repository/Final Object Repo/New Registration - Registration Module Pages/Third Screen - Upload Supporting Doc- Preview/Save n Continue in SIP Employee Listing Page' is clicked on

2019-01-09 11:08:46 - [TEST_STEP][PASSED] - delay: Delayed 7 second(s)

2019-01-09 11:08:53 - [MESSAGE][PASSED] - Delayed 7 second(s)

2019-01-09 11:08:53 - [TEST_STEP][PASSED] - click: Object: 'Object Repository/Final Object Repo/New Registration - Registration Module Pages/Third Screen - Upload Supporting Doc- Preview/Add Document Button' is clicked on

2019-01-09 11:08:53 - [MESSAGE][PASSED] - Object: 'Object Repository/Final Object Repo/New Registration - Registration Module Pages/Third Screen - Upload Supporting Doc- Preview/Add Document Button' is clicked on

2019-01-09 11:08:53 - [TEST_STEP][PASSED] - delay: Delayed 30 second(s)

2019-01-09 11:09:23 - [MESSAGE][PASSED] - Delayed 30 second(s)

2019-01-09 11:09:23 - [TEST_STEP][PASSED] - click: Object: 'Object Repository/Final Object Repo/New Registration - Registration Module Pages/Third Screen - Upload Supporting Doc- Preview/Supporting Doc Please Select Drop Down' is clicked on

2019-01-09 11:09:24 - [MESSAGE][PASSED] - Object: 'Object Repository/Final Object Repo/New Registration - Registration Module Pages/Third Screen - Upload Supporting Doc- Preview/Supporting Doc Please Select Drop Down' is clicked on

2019-01-09 11:09:24 - [TEST_STEP][PASSED] - delay: Delayed 2 second(s)

2019-01-09 11:09:26 - [MESSAGE][PASSED] - Delayed 2 second(s)

2019-01-09 11:09:26 - [TEST_STEP][PASSED] - click: Object: 'Object Repository/Final Object Repo/New Registration - Registration Module Pages/Third Screen - Upload Supporting Doc- Preview/Select to Upload Form 1' is clicked on

2019-01-09 11:09:26 - [MESSAGE][PASSED] - Object: 'Object Repository/Final Object Repo/New Registration - Registration Module Pages/Third Screen - Upload Supporting Doc- Preview/Select to Upload Form 1' is clicked on

2019-01-09 11:09:26 - [TEST_STEP][PASSED] - delay: Delayed 2 second(s)

2019-01-09 11:09:28 - [MESSAGE][PASSED] - Delayed 2 second(s)

2019-01-09 11:09:28 - [TEST_STEP][PASSED] - uploadFile: File 'C:\Users\Public\Pictures\Sample Pictures\Koala.jpg' sent to object: 'Object Repository/Final Object Repo/New Registration - Registration Module Pages/Third Screen - Upload Supporting Doc- Preview/Upload File Adding'

2019-01-09 11:09:28 - [MESSAGE][PASSED] - File 'C:\Users\Public\Pictures\Sample Pictures\Koala.jpg' sent to object: 'Object Repository/Final Object Repo/New Registration - Registration Module Pages/Third Screen - Upload Supporting Doc- Preview/Upload File Adding'

2019-01-09 11:09:28 - [TEST_STEP][PASSED] - delay: Delayed 5 second(s)

2019-01-09 11:09:33 - [MESSAGE][PASSED] - Delayed 5 second(s)

2019-01-09 11:09:33 - [TEST_STEP][PASSED] - click: Object: 'Object Repository/Final Object Repo/New Registration - Registration Module Pages/Third Screen - Upload Supporting Doc- Preview/Inner Form Add Document Button' is clicked on

2019-01-09 11:09:33 - [MESSAGE][PASSED] - Object: 'Object Repository/Final Object Repo/New Registration - Registration Module Pages/Third Screen - Upload Supporting Doc- Preview/Inner Form Add Document Button' is clicked on

2019-01-09 11:09:33 - [TEST_STEP][PASSED] - delay: Delayed 3 second(s)

2019-01-09 11:09:36 - [MESSAGE][PASSED] - Delayed 3 second(s)

2019-01-09 11:09:36 - [TEST_STEP][PASSED] - click: Object: 'Object Repository/Final Object Repo/New Registration - Registration Module Pages/Third Screen - Upload Supporting Doc- Preview/Add Document Button' is clicked on

2019-01-09 11:09:41 - [MESSAGE][PASSED] - Object: 'Object Repository/Final Object Repo/New Registration - Registration Module Pages/Third Screen - Upload Supporting Doc- Preview/Add Document Button' is clicked on

2019-01-09 11:09:41 - [TEST_STEP][PASSED] - delay: Delayed 30 second(s)

2019-01-09 11:10:11 - [MESSAGE][PASSED] - Delayed 30 second(s)

2019-01-09 11:10:11 - [TEST_STEP][PASSED] - click: Object: 'Object Repository/Final Object Repo/New Registration - Registration Module Pages/Third Screen - Upload Supporting Doc- Preview/Supporting Doc Please Select Drop Down' is clicked on

2019-01-09 11:10:11 - [MESSAGE][PASSED] - Object: 'Object Repository/Final Object Repo/New Registration - Registration Module Pages/Third Screen - Upload Supporting Doc- Preview/Supporting Doc Please Select Drop Down' is clicked on

2019-01-09 11:10:11 - [TEST_STEP][PASSED] - delay: Delayed 4 second(s)

2019-01-09 11:10:15 - [MESSAGE][PASSED] - Delayed 4 second(s)

2019-01-09 11:10:15 - [TEST_STEP][PASSED] - click: Object: 'Object Repository/Final Object Repo/New Registration - Registration Module Pages/Third Screen - Upload Supporting Doc- Preview/Select to Upload Form 2' is clicked on

2019-01-09 11:10:16 - [MESSAGE][PASSED] - Object: 'Object Repository/Final Object Repo/New Registration - Registration Module Pages/Third Screen - Upload Supporting Doc- Preview/Select to Upload Form 2' is clicked on

2019-01-09 11:10:16 - [TEST_STEP][PASSED] - delay: Delayed 2 second(s)

2019-01-09 11:10:18 - [MESSAGE][PASSED] - Delayed 2 second(s)

2019-01-09 11:10:18 - [TEST_STEP][PASSED] - uploadFile: File 'C:\Users\Public\Pictures\Sample Pictures\Koala.jpg' sent to object: 'Object Repository/Final Object Repo/New Registration - Registration Module Pages/Third Screen - Upload Supporting Doc- Preview/Upload File Adding'

2019-01-09 11:10:18 - [MESSAGE][PASSED] - File 'C:\Users\Public\Pictures\Sample Pictures\Koala.jpg' sent to object: 'Object Repository/Final Object Repo/New Registration - Registration Module Pages/Third Screen - Upload Supporting Doc- Preview/Upload File Adding'

2019-01-09 11:10:18 - [TEST_STEP][PASSED] - click: Object: 'Object Repository/Final Object Repo/New Registration - Registration Module Pages/Third Screen - Upload Supporting Doc- Preview/Inner Form Add Document Button' is clicked on

2019-01-09 11:10:18 - [MESSAGE][PASSED] - Object: 'Object Repository/Final Object Repo/New Registration - Registration Module Pages/Third Screen - Upload Supporting Doc- Preview/Inner Form Add Document Button' is clicked on

2019-01-09 11:10:18 - [TEST_STEP][PASSED] - delay: Delayed 5 second(s)

2019-01-09 11:10:23 - [MESSAGE][PASSED] - Delayed 5 second(s)

2019-01-09 11:10:23 - [TEST_STEP][PASSED] - click: Object: 'Object Repository/Final Object Repo/New Registration - Registration Module Pages/Third Screen - Upload Supporting Doc- Preview/Add Document Button' is clicked on

2019-01-09 11:10:23 - [MESSAGE][PASSED] - Object: 'Object Repository/Final Object Repo/New Registration - Registration Module Pages/Third Screen - Upload Supporting Doc- Preview/Add Document Button' is clicked on

2019-01-09 11:10:23 - [TEST_STEP][PASSED] - delay: Delayed 30 second(s)

2019-01-09 11:10:53 - [MESSAGE][PASSED] - Delayed 30 second(s)

2019-01-09 11:10:53 - [TEST_STEP][PASSED] - click: Object: 'Object Repository/Final Object Repo/New Registration - Registration Module Pages/Third Screen - Upload Supporting Doc- Preview/Supporting Doc Please Select Drop Down' is clicked on

2019-01-09 11:10:53 - [MESSAGE][PASSED] - Object: 'Object Repository/Final Object Repo/New Registration - Registration Module Pages/Third Screen - Upload Supporting Doc- Preview/Supporting Doc Please Select Drop Down' is clicked on

2019-01-09 11:10:53 - [TEST_STEP][PASSED] - click: Object: 'Object Repository/Final Object Repo/New Registration - Registration Module Pages/Third Screen - Upload Supporting Doc- Preview/Select to Upload Borang SIP 1' is clicked on

2019-01-09 11:10:54 - [MESSAGE][PASSED] - Object: 'Object Repository/Final Object Repo/New Registration - Registration Module Pages/Third Screen - Upload Supporting Doc- Preview/Select to Upload Borang SIP 1' is clicked on

2019-01-09 11:10:54 - [TEST_STEP][PASSED] - delay: Delayed 2 second(s)

2019-01-09 11:10:56 - [MESSAGE][PASSED] - Delayed 2 second(s)

2019-01-09 11:10:56 - [TEST_STEP][PASSED] - uploadFile: File 'C:\Users\Public\Pictures\Sample Pictures\Koala.jpg' sent to object: 'Object Repository/Final Object Repo/New Registration - Registration Module Pages/Third Screen - Upload Supporting Doc- Preview/Upload File Adding'

2019-01-09 11:10:56 - [MESSAGE][PASSED] - File 'C:\Users\Public\Pictures\Sample Pictures\Koala.jpg' sent to object: 'Object Repository/Final Object Repo/New Registration - Registration Module Pages/Third Screen - Upload Supporting Doc- Preview/Upload File Adding'

2019-01-09 11:10:56 - [TEST_STEP][PASSED] - click: Object: 'Object Repository/Final Object Repo/New Registration - Registration Module Pages/Third Screen - Upload Supporting Doc- Preview/Inner Form Add Document Button' is clicked on

2019-01-09 11:10:56 - [MESSAGE][PASSED] - Object: 'Object Repository/Final Object Repo/New Registration - Registration Module Pages/Third Screen - Upload Supporting Doc- Preview/Inner Form Add Document Button' is clicked on

2019-01-09 11:10:56 - [TEST_STEP][PASSED] - delay: Delayed 5 second(s)

2019-01-09 11:11:01 - [MESSAGE][PASSED] - Delayed 5 second(s)

2019-01-09 11:11:01 - [TEST_STEP][PASSED] - click: Object: 'Object Repository/Final Object Repo/New Registration - Registration Module Pages/Third Screen - Upload Supporting Doc- Preview/Add Document Button' is clicked on

2019-01-09 11:11:01 - [MESSAGE][PASSED] - Object: 'Object Repository/Final Object Repo/New Registration - Registration Module Pages/Third Screen - Upload Supporting Doc- Preview/Add Document Button' is clicked on

2019-01-09 11:11:01 - [TEST_STEP][PASSED] - delay: Delayed 30 second(s)

2019-01-09 11:11:31 - [MESSAGE][PASSED] - Delayed 30 second(s)

2019-01-09 11:11:31 - [TEST_STEP][PASSED] - click: Object: 'Object Repository/Final Object Repo/New Registration - Registration Module Pages/Third Screen - Upload Supporting Doc- Preview/Supporting Doc Please Select Drop Down' is clicked on

2019-01-09 11:11:31 - [MESSAGE][PASSED] - Object: 'Object Repository/Final Object Repo/New Registration - Registration Module Pages/Third Screen - Upload Supporting Doc- Preview/Supporting Doc Please Select Drop Down' is clicked on

2019-01-09 11:11:31 - [TEST_STEP][PASSED] - delay: Delayed 3 second(s)

2019-01-09 11:11:34 - [MESSAGE][PASSED] - Delayed 3 second(s)

2019-01-09 11:11:34 - [TEST_STEP][PASSED] - click: Object: 'Object Repository/Final Object Repo/New Registration - Registration Module Pages/Third Screen - Upload Supporting Doc- Preview/Select to Upload Borang SIP 2' is clicked on

2019-01-09 11:11:34 - [MESSAGE][PASSED] - Object: 'Object Repository/Final Object Repo/New Registration - Registration Module Pages/Third Screen - Upload Supporting Doc- Preview/Select to Upload Borang SIP 2' is clicked on

2019-01-09 11:11:34 - [TEST_STEP][PASSED] - delay: Delayed 2 second(s)

2019-01-09 11:11:36 - [MESSAGE][PASSED] - Delayed 2 second(s)

2019-01-09 11:11:36 - [TEST_STEP][PASSED] - uploadFile: File 'C:\Users\Public\Pictures\Sample Pictures\Koala.jpg' sent to object: 'Object Repository/Final Object Repo/New Registration - Registration Module Pages/Third Screen - Upload Supporting Doc- Preview/Upload File Adding'

2019-01-09 11:11:37 - [MESSAGE][PASSED] - File 'C:\Users\Public\Pictures\Sample Pictures\Koala.jpg' sent to object: 'Object Repository/Final Object Repo/New Registration - Registration Module Pages/Third Screen - Upload Supporting Doc- Preview/Upload File Adding'

2019-01-09 11:11:37 - [TEST_STEP][PASSED] - delay: Delayed 5 second(s)

2019-01-09 11:11:42 - [MESSAGE][PASSED] - Delayed 5 second(s)

2019-01-09 11:11:42 - [TEST_STEP][PASSED] - click: Object: 'Object Repository/Final Object Repo/New Registration - Registration Module Pages/Third Screen - Upload Supporting Doc- Preview/Inner Form Add Document Button' is clicked on

2019-01-09 11:11:42 - [MESSAGE][PASSED] - Object: 'Object Repository/Final Object Repo/New Registration - Registration Module Pages/Third Screen - Upload Supporting Doc- Preview/Inner Form Add Document Button' is clicked on

2019-01-09 11:11:42 - [TEST_STEP][PASSED] - delay: Delayed 3 second(s)

2019-01-09 11:11:45 - [MESSAGE][PASSED] - Delayed 3 second(s)

2019-01-09 11:11:45 - [TEST_STEP][PASSED] - waitForElementClickable: Object 'Object Repository/Final Object Repo/New Registration - Registration Module Pages/Third Screen - Upload Supporting Doc- Preview/Save n Continue in Uploading Supporting Doc Page' is clickable

2019-01-09 11:11:46 - [MESSAGE][PASSED] - Object 'Object Repository/Final Object Repo/New Registration - Registration Module Pages/Third Screen - Upload Supporting Doc- Preview/Save n Continue in Uploading Supporting Doc Page' is clickable

2019-01-09 11:11:46 - [TEST_STEP][PASSED] - click: Object: 'Object Repository/Final Object Repo/New Registration - Registration Module Pages/Third Screen - Upload Supporting Doc- Preview/Save n Continue in Uploading Supporting Doc Page' is clicked on

2019-01-09 11:11:46 - [MESSAGE][PASSED] - Object: 'Object Repository/Final Object Repo/New Registration - Registration Module Pages/Third Screen - Upload Supporting Doc- Preview/Save n Continue in Uploading Supporting Doc Page' is clicked on

2019-01-09 11:11:46 - [MESSAGE][PASSED] - Call Test Case 'Test Cases/Final Aug 2018 - PKS Automation/Registration Module/New Registration/Flow of New Registration/Third Screen - Upload Supporting Doc - Preview' successfully

2019-01-09 11:11:46 - [TEST_STEP][PASSED] - callTestCase: Call Test Case 'Test Cases/Final Aug 2018 - PKS Automation/Registration Module/New Registration/Submit and Screenshot/Submit Registration and Screenshot' successfully

2019-01-09 11:11:46 - [TEST_CASE][PASSED] - Test Cases/Final Aug 2018 - PKS Automation/Registration Module/New Registration/Submit and Screenshot/Submit Registration and Screenshot: Test Cases/Final Aug 2018 - PKS Automation/Registration Module/New Registration/Submit and Screenshot/Submit Registration and Screenshot

2019-01-09 11:11:46 - [TEST_STEP][PASSED] - delay: Delayed 6 second(s)

2019-01-09 11:11:52 - [MESSAGE][PASSED] - Delayed 6 second(s)

2019-01-09 11:11:52 - [TEST_STEP][PASSED] - click: Object: 'Object Repository/Final Object Repo/New Registration - Registration Module Pages/Third Screen - Upload Supporting Doc- Preview/Preview Submit Button' is clicked on

2019-01-09 11:11:52 - [MESSAGE][PASSED] - Object: 'Object Repository/Final Object Repo/New Registration - Registration Module Pages/Third Screen - Upload Supporting Doc- Preview/Preview Submit Button' is clicked on

2019-01-09 11:11:52 - [TEST_STEP][PASSED] - delay: Delayed 2 second(s)

2019-01-09 11:11:54 - [MESSAGE][PASSED] - Delayed 2 second(s)

2019-01-09 11:11:54 - [TEST_STEP][PASSED] - click: Object: 'Object Repository/Final Object Repo/New Registration - Registration Module Pages/Third Screen - Upload Supporting Doc- Preview/Preview Submit - Confirm' is clicked on

2019-01-09 11:11:54 - [MESSAGE][PASSED] - Object: 'Object Repository/Final Object Repo/New Registration - Registration Module Pages/Third Screen - Upload Supporting Doc- Preview/Preview Submit - Confirm' is clicked on

2019-01-09 11:11:54 - [TEST_STEP][PASSED] - delay: Delayed 15 second(s)

2019-01-09 11:12:09 - [MESSAGE][PASSED] - Delayed 15 second(s)

2019-01-09 11:12:09 - [TEST_STEP][PASSED] - Statement - driver = com.kms.katalon.core.webui.driver.DriverFactory.getWebDriver(): null

2019-01-09 11:12:09 - [TEST_STEP][PASSED] - Statement - driver.manage().timeouts().implicitlyWait(10, SECONDS): null

2019-01-09 11:12:09 - [TEST_STEP][PASSED] - Statement - PresavePath = KatalonScreenshots: null

2019-01-09 11:12:09 - [TEST_STEP][PASSED] - Statement - pathPrefix = "C:\Users\Public\Pictures\Sample Pictures\Katalon Screenshots\Automate Ending Screen": null

2019-01-09 11:12:09 - [TEST_STEP][PASSED] - Statement - finalPath = <not implemented yet for class: org.codehaus.groovy.ast.expr.EmptyExpression>: null

2019-01-09 11:12:09 - [TEST_STEP][PASSED] - Statement - scrFile = driver.getScreenshotAs(FILE): null

2019-01-09 11:12:10 - [TEST_STEP][PASSED] - Statement - PreSaveFile = new java.io.File(PresavePath): null

2019-01-09 11:12:10 - [TEST_STEP][PASSED] - Statement - counter = 0: null

2019-01-09 11:12:10 - [TEST_STEP][PASSED] - Statement - If (PreSaveFile.exists()): null

2019-01-09 11:12:10 - [TEST_STEP][PASSED] - Statement - While (PreSaveFile.exists()): null

2019-01-09 11:12:10 - [TEST_STEP][PASSED] - Statement - counter = counter + 1: null

2019-01-09 11:12:10 - [TEST_STEP][PASSED] - Statement - PreSaveFile = new java.io.File(((pathPrefix + java.lang.Integer.toString(counter)) + .png)): null

2019-01-09 11:12:10 - [TEST_STEP][PASSED] - Statement - counter = counter + 1: null

2019-01-09 11:12:10 - [TEST_STEP][PASSED] - Statement - PreSaveFile = new java.io.File(((pathPrefix + java.lang.Integer.toString(counter)) + .png)): null

2019-01-09 11:12:10 - [TEST_STEP][PASSED] - Statement - counter = counter + 1: null

2019-01-09 11:12:10 - [TEST_STEP][PASSED] - Statement - PreSaveFile = new java.io.File(((pathPrefix + java.lang.Integer.toString(counter)) + .png)): null

2019-01-09 11:12:10 - [TEST_STEP][PASSED] - Statement - counter = counter + 1: null

2019-01-09 11:12:10 - [TEST_STEP][PASSED] - Statement - PreSaveFile = new java.io.File(((pathPrefix + java.lang.Integer.toString(counter)) + .png)): null

2019-01-09 11:12:10 - [TEST_STEP][PASSED] - Statement - counter = counter + 1: null

2019-01-09 11:12:10 - [TEST_STEP][PASSED] - Statement - PreSaveFile = new java.io.File(((pathPrefix + java.lang.Integer.toString(counter)) + .png)): null

2019-01-09 11:12:10 - [TEST_STEP][PASSED] - Statement - counter = counter + 1: null

2019-01-09 11:12:10 - [TEST_STEP][PASSED] - Statement - PreSaveFile = new java.io.File(((pathPrefix + java.lang.Integer.toString(counter)) + .png)): null

2019-01-09 11:12:10 - [TEST_STEP][PASSED] - Statement - counter = counter + 1: null

2019-01-09 11:12:10 - [TEST_STEP][PASSED] - Statement - PreSaveFile = new java.io.File(((pathPrefix + java.lang.Integer.toString(counter)) + .png)): null

2019-01-09 11:12:10 - [TEST_STEP][PASSED] - Statement - counter = counter + 1: null

2019-01-09 11:12:10 - [TEST_STEP][PASSED] - Statement - PreSaveFile = new java.io.File(((pathPrefix + java.lang.Integer.toString(counter)) + .png)): null

2019-01-09 11:12:10 - [TEST_STEP][PASSED] - Statement - counter = counter + 1: null

2019-01-09 11:12:10 - [TEST_STEP][PASSED] - Statement - PreSaveFile = new java.io.File(((pathPrefix + java.lang.Integer.toString(counter)) + .png)): null

2019-01-09 11:12:10 - [TEST_STEP][PASSED] - Statement - counter = counter + 1: null

2019-01-09 11:12:10 - [TEST_STEP][PASSED] - Statement - PreSaveFile = new java.io.File(((pathPrefix + java.lang.Integer.toString(counter)) + .png)): null

2019-01-09 11:12:10 - [TEST_STEP][PASSED] - Statement - counter = counter + 1: null

2019-01-09 11:12:10 - [TEST_STEP][PASSED] - Statement - PreSaveFile = new java.io.File(((pathPrefix + java.lang.Integer.toString(counter)) + .png)): null

2019-01-09 11:12:10 - [TEST_STEP][PASSED] - Statement - counter = counter + 1: null

2019-01-09 11:12:10 - [TEST_STEP][PASSED] - Statement - PreSaveFile = new java.io.File(((pathPrefix + java.lang.Integer.toString(counter)) + .png)): null

2019-01-09 11:12:10 - [TEST_STEP][PASSED] - Statement - counter = counter + 1: null

2019-01-09 11:12:10 - [TEST_STEP][PASSED] - Statement - PreSaveFile = new java.io.File(((pathPrefix + java.lang.Integer.toString(counter)) + .png)): null

2019-01-09 11:12:10 - [TEST_STEP][PASSED] - Statement - counter = counter + 1: null

2019-01-09 11:12:10 - [TEST_STEP][PASSED] - Statement - PreSaveFile = new java.io.File(((pathPrefix + java.lang.Integer.toString(counter)) + .png)): null

2019-01-09 11:12:10 - [TEST_STEP][PASSED] - Statement - counter = counter + 1: null

2019-01-09 11:12:10 - [TEST_STEP][PASSED] - Statement - PreSaveFile = new java.io.File(((pathPrefix + java.lang.Integer.toString(counter)) + .png)): null

2019-01-09 11:12:10 - [TEST_STEP][PASSED] - Statement - counter = counter + 1: null

2019-01-09 11:12:10 - [TEST_STEP][PASSED] - Statement - PreSaveFile = new java.io.File(((pathPrefix + java.lang.Integer.toString(counter)) + .png)): null

2019-01-09 11:12:10 - [TEST_STEP][PASSED] - Statement - counter = counter + 1: null

2019-01-09 11:12:10 - [TEST_STEP][PASSED] - Statement - PreSaveFile = new java.io.File(((pathPrefix + java.lang.Integer.toString(counter)) + .png)): null

2019-01-09 11:12:10 - [TEST_STEP][PASSED] - Statement - counter = counter + 1: null

2019-01-09 11:12:10 - [TEST_STEP][PASSED] - Statement - PreSaveFile = new java.io.File(((pathPrefix + java.lang.Integer.toString(counter)) + .png)): null

2019-01-09 11:12:10 - [TEST_STEP][PASSED] - Statement - counter = counter + 1: null

2019-01-09 11:12:10 - [TEST_STEP][PASSED] - Statement - PreSaveFile = new java.io.File(((pathPrefix + java.lang.Integer.toString(counter)) + .png)): null

2019-01-09 11:12:10 - [TEST_STEP][PASSED] - Statement - counter = counter + 1: null

2019-01-09 11:12:10 - [TEST_STEP][PASSED] - Statement - PreSaveFile = new java.io.File(((pathPrefix + java.lang.Integer.toString(counter)) + .png)): null

2019-01-09 11:12:10 - [TEST_STEP][PASSED] - Statement - counter = counter + 1: null

2019-01-09 11:12:10 - [TEST_STEP][PASSED] - Statement - PreSaveFile = new java.io.File(((pathPrefix + java.lang.Integer.toString(counter)) + .png)): null

2019-01-09 11:12:10 - [TEST_STEP][PASSED] - Statement - counter = counter + 1: null

2019-01-09 11:12:10 - [TEST_STEP][PASSED] - Statement - PreSaveFile = new java.io.File(((pathPrefix + java.lang.Integer.toString(counter)) + .png)): null

2019-01-09 11:12:10 - [TEST_STEP][PASSED] - Statement - counter = counter + 1: null

2019-01-09 11:12:10 - [TEST_STEP][PASSED] - Statement - PreSaveFile = new java.io.File(((pathPrefix + java.lang.Integer.toString(counter)) + .png)): null

2019-01-09 11:12:10 - [TEST_STEP][PASSED] - Statement - counter = counter + 1: null

2019-01-09 11:12:11 - [TEST_STEP][PASSED] - Statement - PreSaveFile = new java.io.File(((pathPrefix + java.lang.Integer.toString(counter)) + .png)): null

2019-01-09 11:12:11 - [TEST_STEP][PASSED] - Statement - counter = counter + 1: null

2019-01-09 11:12:11 - [TEST_STEP][PASSED] - Statement - PreSaveFile = new java.io.File(((pathPrefix + java.lang.Integer.toString(counter)) + .png)): null

2019-01-09 11:12:11 - [TEST_STEP][PASSED] - Statement - counter = counter + 1: null

2019-01-09 11:12:11 - [TEST_STEP][PASSED] - Statement - PreSaveFile = new java.io.File(((pathPrefix + java.lang.Integer.toString(counter)) + .png)): null

2019-01-09 11:12:11 - [TEST_STEP][PASSED] - Statement - counter = counter + 1: null

2019-01-09 11:12:11 - [TEST_STEP][PASSED] - Statement - PreSaveFile = new java.io.File(((pathPrefix + java.lang.Integer.toString(counter)) + .png)): null

2019-01-09 11:12:11 - [TEST_STEP][PASSED] - Statement - counter = counter + 1: null

2019-01-09 11:12:11 - [TEST_STEP][PASSED] - Statement - PreSaveFile = new java.io.File(((pathPrefix + java.lang.Integer.toString(counter)) + .png)): null

2019-01-09 11:12:11 - [TEST_STEP][PASSED] - Statement - counter = counter + 1: null

2019-01-09 11:12:11 - [TEST_STEP][PASSED] - Statement - PreSaveFile = new java.io.File(((pathPrefix + java.lang.Integer.toString(counter)) + .png)): null

2019-01-09 11:12:11 - [TEST_STEP][PASSED] - Statement - counter = counter + 1: null

2019-01-09 11:12:11 - [TEST_STEP][PASSED] - Statement - PreSaveFile = new java.io.File(((pathPrefix + java.lang.Integer.toString(counter)) + .png)): null

2019-01-09 11:12:11 - [TEST_STEP][PASSED] - Statement - counter = counter + 1: null

2019-01-09 11:12:11 - [TEST_STEP][PASSED] - Statement - PreSaveFile = new java.io.File(((pathPrefix + java.lang.Integer.toString(counter)) + .png)): null

2019-01-09 11:12:11 - [TEST_STEP][PASSED] - Statement - counter = counter + 1: null

2019-01-09 11:12:11 - [TEST_STEP][PASSED] - Statement - PreSaveFile = new java.io.File(((pathPrefix + java.lang.Integer.toString(counter)) + .png)): null

2019-01-09 11:12:11 - [TEST_STEP][PASSED] - Statement - counter = counter + 1: null

2019-01-09 11:12:11 - [TEST_STEP][PASSED] - Statement - PreSaveFile = new java.io.File(((pathPrefix + java.lang.Integer.toString(counter)) + .png)): null

2019-01-09 11:12:11 - [TEST_STEP][PASSED] - Statement - counter = counter + 1: null

2019-01-09 11:12:11 - [TEST_STEP][PASSED] - Statement - PreSaveFile = new java.io.File(((pathPrefix + java.lang.Integer.toString(counter)) + .png)): null

2019-01-09 11:12:11 - [TEST_STEP][PASSED] - Statement - counter = counter + 1: null

2019-01-09 11:12:11 - [TEST_STEP][PASSED] - Statement - PreSaveFile = new java.io.File(((pathPrefix + java.lang.Integer.toString(counter)) + .png)): null

2019-01-09 11:12:11 - [TEST_STEP][PASSED] - Statement - counter = counter + 1: null

2019-01-09 11:12:11 - [TEST_STEP][PASSED] - Statement - PreSaveFile = new java.io.File(((pathPrefix + java.lang.Integer.toString(counter)) + .png)): null

2019-01-09 11:12:11 - [TEST_STEP][PASSED] - Statement - counter = counter + 1: null

2019-01-09 11:12:11 - [TEST_STEP][PASSED] - Statement - PreSaveFile = new java.io.File(((pathPrefix + java.lang.Integer.toString(counter)) + .png)): null

2019-01-09 11:12:11 - [TEST_STEP][PASSED] - Statement - counter = counter + 1: null

2019-01-09 11:12:11 - [TEST_STEP][PASSED] - Statement - PreSaveFile = new java.io.File(((pathPrefix + java.lang.Integer.toString(counter)) + .png)): null

2019-01-09 11:12:11 - [TEST_STEP][PASSED] - Statement - counter = counter + 1: null

2019-01-09 11:12:11 - [TEST_STEP][PASSED] - Statement - PreSaveFile = new java.io.File(((pathPrefix + java.lang.Integer.toString(counter)) + .png)): null

2019-01-09 11:12:11 - [TEST_STEP][PASSED] - Statement - counter = counter + 1: null

2019-01-09 11:12:11 - [TEST_STEP][PASSED] - Statement - PreSaveFile = new java.io.File(((pathPrefix + java.lang.Integer.toString(counter)) + .png)): null

2019-01-09 11:12:11 - [TEST_STEP][PASSED] - Statement - counter = counter + 1: null

2019-01-09 11:12:11 - [TEST_STEP][PASSED] - Statement - PreSaveFile = new java.io.File(((pathPrefix + java.lang.Integer.toString(counter)) + .png)): null

2019-01-09 11:12:11 - [TEST_STEP][PASSED] - Statement - counter = counter + 1: null

2019-01-09 11:12:11 - [TEST_STEP][PASSED] - Statement - PreSaveFile = new java.io.File(((pathPrefix + java.lang.Integer.toString(counter)) + .png)): null

2019-01-09 11:12:11 - [TEST_STEP][PASSED] - Statement - counter = counter + 1: null

2019-01-09 11:12:11 - [TEST_STEP][PASSED] - Statement - PreSaveFile = new java.io.File(((pathPrefix + java.lang.Integer.toString(counter)) + .png)): null

2019-01-09 11:12:11 - [TEST_STEP][PASSED] - Statement - counter = counter + 1: null

2019-01-09 11:12:12 - [TEST_STEP][PASSED] - Statement - PreSaveFile = new java.io.File(((pathPrefix + java.lang.Integer.toString(counter)) + .png)): null

2019-01-09 11:12:12 - [TEST_STEP][PASSED] - Statement - counter = counter + 1: null

2019-01-09 11:12:12 - [TEST_STEP][PASSED] - Statement - PreSaveFile = new java.io.File(((pathPrefix + java.lang.Integer.toString(counter)) + .png)): null

2019-01-09 11:12:12 - [TEST_STEP][PASSED] - Statement - counter = counter + 1: null

2019-01-09 11:12:12 - [TEST_STEP][PASSED] - Statement - PreSaveFile = new java.io.File(((pathPrefix + java.lang.Integer.toString(counter)) + .png)): null

2019-01-09 11:12:12 - [TEST_STEP][PASSED] - Statement - finalPath = pathPrefix + java.lang.Integer.toString(counter) + ".png": null

2019-01-09 11:12:12 - [TEST_STEP][PASSED] - Statement - SaveFile = new java.io.File(finalPath): null

2019-01-09 11:12:12 - [TEST_STEP][PASSED] - Statement - Try: null

2019-01-09 11:12:12 - [TEST_STEP][PASSED] - Statement - org.apache.commons.io.FileUtils.copyFile(scrFile, SaveFile): null

2019-01-09 11:12:12 - [TEST_STEP][PASSED] - Statement - out.println("file kept"): null

2019-01-09 11:12:12 - [TEST_STEP][PASSED] - delay: Delayed 10 second(s)

2019-01-09 11:12:22 - [MESSAGE][PASSED] - Delayed 10 second(s)

2019-01-09 11:12:22 - [MESSAGE][PASSED] - Call Test Case 'Test Cases/Final Aug 2018 - PKS Automation/Registration Module/New Registration/Submit and Screenshot/Submit Registration and Screenshot' successfully

2019-01-09 11:12:22 - [TEST_STEP][PASSED] - callTestCase: Call Test Case 'Test Cases/Final Aug 2018 - PKS Automation/Registration Module/Log Out/log out avoiding katalon tagging' successfully

2019-01-09 11:12:22 - [TEST_CASE][PASSED] - Test Cases/Final Aug 2018 - PKS Automation/Registration Module/Log Out/log out avoiding katalon tagging: Test Cases/Final Aug 2018 - PKS Automation/Registration Module/Log Out/log out avoiding katalon tagging

2019-01-09 11:12:22 - [TEST_STEP][PASSED] - navigateToUrl: Navigate to 'https://assist2-uat.perkeso.gov.my/c/portal/logout' successfully

2019-01-09 11:12:23 - [MESSAGE][PASSED] - Navigate to 'https://assist2-uat.perkeso.gov.my/c/portal/logout' successfully

2019-01-09 11:12:23 - [MESSAGE][PASSED] - Call Test Case 'Test Cases/Final Aug 2018 - PKS Automation/Registration Module/Log Out/log out avoiding katalon tagging' successfully

2019-01-09 11:12:23 - [TEST_STEP][PASSED] - callTestCase: Call Test Case 'Test Cases/Final Aug 2018 - PKS Automation/Common/Workflow Owner Finder' successfully

2019-01-09 11:12:23 - [TEST_CASE][PASSED] - Test Cases/Final Aug 2018 - PKS Automation/Common/Workflow Owner Finder: Test Cases/Final Aug 2018 - PKS Automation/Common/Workflow Owner Finder

2019-01-09 11:12:23 - [TEST_STEP][PASSED] - openBrowser: Browser is opened with url: ''

2019-01-09 11:12:23 - [MESSAGE][WARNING] - A browser is already opened. Closing browser and opening a new one

2019-01-09 11:12:26 - [MESSAGE][PASSED] - Browser is opened with url: ''

2019-01-09 11:12:26 - [TEST_STEP][PASSED] - navigateToUrl: Navigate to 'https://assist2-uat.perkeso.gov.my/login' successfully

2019-01-09 11:12:27 - [MESSAGE][PASSED] - Navigate to 'https://assist2-uat.perkeso.gov.my/login' successfully

2019-01-09 11:12:27 - [TEST_STEP][PASSED] - delay: Delayed 5 second(s)

2019-01-09 11:12:32 - [MESSAGE][PASSED] - Delayed 5 second(s)

2019-01-09 11:12:32 - [TEST_STEP][PASSED] - setText: Text 'test@liferay.com' is set on object 'Object Repository/Final Object Repo/Login Page/Internal User/Email Address'

2019-01-09 11:12:32 - [MESSAGE][PASSED] - Text 'test@liferay.com' is set on object 'Object Repository/Final Object Repo/Login Page/Internal User/Email Address'

2019-01-09 11:12:32 - [TEST_STEP][PASSED] - click: Object: 'Object Repository/Final Object Repo/Login Page/Internal User/Next Button' is clicked on

2019-01-09 11:12:33 - [MESSAGE][PASSED] - Object: 'Object Repository/Final Object Repo/Login Page/Internal User/Next Button' is clicked on

2019-01-09 11:12:33 - [TEST_STEP][PASSED] - delay: Delayed 2 second(s)

2019-01-09 11:12:35 - [MESSAGE][PASSED] - Delayed 2 second(s)

2019-01-09 11:12:35 - [TEST_STEP][PASSED] - setText: Text 'test' is set on object 'Object Repository/Final Object Repo/Login Page/Internal User/Password'

2019-01-09 11:12:35 - [MESSAGE][PASSED] - Text 'test' is set on object 'Object Repository/Final Object Repo/Login Page/Internal User/Password'

2019-01-09 11:12:35 - [TEST_STEP][PASSED] - delay: Delayed 2 second(s)

2019-01-09 11:12:37 - [MESSAGE][PASSED] - Delayed 2 second(s)

2019-01-09 11:12:37 - [TEST_STEP][PASSED] - click: Object: 'Object Repository/Final Object Repo/Login Page/Internal User/Login Button' is clicked on

2019-01-09 11:12:37 - [MESSAGE][PASSED] - Object: 'Object Repository/Final Object Repo/Login Page/Internal User/Login Button' is clicked on

2019-01-09 11:12:37 - [TEST_STEP][PASSED] - Statement - tester = com.kms.katalon.core.testobject.ObjectRepository.findTestObject(Final Object Repo/Landing Page/Select to English): Finding Test Object with id 'Object Repository/Final Object Repo/Landing Page/Select to English'

2019-01-09 11:12:37 - [TEST_STEP][PASSED] - Statement - Try: Delayed 2 second(s)

2019-01-09 11:12:37 - [TEST_STEP][PASSED] - Statement - Checker = com.kms.katalon.core.webui.keyword.WebUiBuiltInKeywords.verifyElementNotPresent(tester, 3): Web element with id: 'Object Repository/Final Object Repo/Landing Page/Select to English' located by 'By.xpath: //a[@class = 'taglib-language-list-text' and @lang = 'en-US' and (contains(text(), 'EN') or contains(., 'EN'))]' is not present after '3' second(s)

2019-01-09 11:12:39 - [MESSAGE][PASSED] - Web element with id: 'Object Repository/Final Object Repo/Landing Page/Select to English' located by 'By.xpath: //a[@class = 'taglib-language-list-text' and @lang = 'en-US' and (contains(text(), 'EN') or contains(., 'EN'))]' is not present after '3' second(s)

2019-01-09 11:12:39 - [TEST_STEP][PASSED] - Statement - If (Checker == false): null

2019-01-09 11:12:39 - [TEST_STEP][PASSED] - delay: Delayed 2 second(s)

2019-01-09 11:12:41 - [MESSAGE][PASSED] - Delayed 2 second(s)

2019-01-09 11:12:41 - [TEST_STEP][PASSED] - delay: Delayed 5 second(s)

2019-01-09 11:12:46 - [MESSAGE][PASSED] - Delayed 5 second(s)

2019-01-09 11:12:46 - [TEST_STEP][PASSED] - mouseOver: Object: 'Object Repository/Final Object Repo/Landing Page/WorkFlow Menu' is hovered

2019-01-09 11:12:46 - [MESSAGE][PASSED] - Object: 'Object Repository/Final Object Repo/Landing Page/WorkFlow Menu' is hovered

2019-01-09 11:12:46 - [TEST_STEP][PASSED] - delay: Delayed 2 second(s)

2019-01-09 11:12:48 - [MESSAGE][PASSED] - Delayed 2 second(s)

2019-01-09 11:12:48 - [TEST_STEP][PASSED] - click: Object: 'Object Repository/Final Object Repo/Landing Page/Select to Workflow Listing' is clicked on

2019-01-09 11:12:50 - [MESSAGE][PASSED] - Object: 'Object Repository/Final Object Repo/Landing Page/Select to Workflow Listing' is clicked on

2019-01-09 11:12:50 - [TEST_STEP][PASSED] - delay: Delayed 2 second(s)

2019-01-09 11:12:52 - [MESSAGE][PASSED] - Delayed 2 second(s)

2019-01-09 11:12:52 - [TEST_STEP][PASSED] - click: Object: 'Object Repository/Final Object Repo/WorkFlow Listing Page/Search Information - To Put Ref No' is clicked on

2019-01-09 11:12:52 - [MESSAGE][PASSED] - Object: 'Object Repository/Final Object Repo/WorkFlow Listing Page/Search Information - To Put Ref No' is clicked on

2019-01-09 11:12:52 - [TEST_STEP][PASSED] - delay: Delayed 2 second(s)

2019-01-09 11:12:54 - [MESSAGE][PASSED] - Delayed 2 second(s)

2019-01-09 11:12:54 - [TEST_STEP][PASSED] - callTestCase: Call Test Case 'Test Cases/Final Aug 2018 - PKS Automation/Common/Reference Number Getter' successfully

2019-01-09 11:12:54 - [TEST_CASE][PASSED] - Test Cases/Final Aug 2018 - PKS Automation/Common/Reference Number Getter: Test Cases/Final Aug 2018 - PKS Automation/Common/Reference Number Getter

2019-01-09 11:12:54 - [TEST_STEP][PASSED] - Statement - Try: null

2019-01-09 11:12:54 - [TEST_STEP][PASSED] - Statement - RefNo = new java.io.File(C://Users//Admin//Desktop//PKS//Automation Reference Point//KatalonReference.txt): null

2019-01-09 11:12:54 - [TEST_STEP][PASSED] - Statement - bufferread = new java.io.BufferedReader(new java.io.FileReader(RefNo)): null

2019-01-09 11:12:54 - [TEST_STEP][PASSED] - Statement - readedVal = bufferread.readLine(): null

2019-01-09 11:12:54 - [TEST_STEP][PASSED] - Statement - out.println(CaseReferenceNo): null

2019-01-09 11:12:54 - [TEST_STEP][PASSED] - Statement - out.println(readedVal): null

2019-01-09 11:12:54 - [TEST_STEP][PASSED] - Statement - CaseReferenceNo = "": null

2019-01-09 11:12:54 - [TEST_STEP][PASSED] - Statement - CaseReferenceNo = readedVal: null

2019-01-09 11:12:54 - [MESSAGE][PASSED] - Call Test Case 'Test Cases/Final Aug 2018 - PKS Automation/Common/Reference Number Getter' successfully

2019-01-09 11:12:54 - [TEST_STEP][PASSED] - setText: Text 'CRN01201900123668' is set on object 'Object Repository/Final Object Repo/WorkFlow Listing Page/Ref No Set Text'

2019-01-09 11:12:54 - [MESSAGE][PASSED] - Text 'CRN01201900123668' is set on object 'Object Repository/Final Object Repo/WorkFlow Listing Page/Ref No Set Text'

2019-01-09 11:12:54 - [TEST_STEP][PASSED] - delay: Delayed 2 second(s)

2019-01-09 11:12:56 - [MESSAGE][PASSED] - Delayed 2 second(s)

2019-01-09 11:12:56 - [TEST_STEP][PASSED] - click: Object: 'Object Repository/Final Object Repo/WorkFlow Listing Page/Search Ref No Search Button' is clicked on

2019-01-09 11:12:57 - [MESSAGE][PASSED] - Object: 'Object Repository/Final Object Repo/WorkFlow Listing Page/Search Ref No Search Button' is clicked on

2019-01-09 11:12:57 - [TEST_STEP][PASSED] - delay: Delayed 6 second(s)

2019-01-09 11:13:03 - [MESSAGE][PASSED] - Delayed 6 second(s)

2019-01-09 11:13:03 - [TEST_STEP][PASSED] - click: Object: 'Object Repository/Final Object Repo/WorkFlow Listing Page/Click Continue Tooltip' is clicked on

2019-01-09 11:13:04 - [MESSAGE][PASSED] - Object: 'Object Repository/Final Object Repo/WorkFlow Listing Page/Click Continue Tooltip' is clicked on

2019-01-09 11:13:04 - [TEST_STEP][PASSED] - delay: Delayed 5 second(s)

2019-01-09 11:13:09 - [MESSAGE][PASSED] - Delayed 5 second(s)

2019-01-09 11:13:09 - [TEST_STEP][PASSED] - doubleClick: Object: 'Object Repository/Final Object Repo/WorkFlow Listing Page/Workflow Found - Listing 1' is double clicked on

2019-01-09 11:13:09 - [MESSAGE][PASSED] - Object: 'Object Repository/Final Object Repo/WorkFlow Listing Page/Workflow Found - Listing 1' is double clicked on

2019-01-09 11:13:09 - [TEST_STEP][PASSED] - Statement - println(OwnerID): null

2019-01-09 11:13:09 - [TEST_STEP][PASSED] - Statement - OwnerID = com.kms.katalon.core.webui.keyword.WebUiBuiltInKeywords.getText(com.kms.katalon.core.testobject.ObjectRepository.findTestObject(Final Object Repo/WorkFlow Listing Page/Workflow Found - Listing 1), STOP_ON_FAILURE): Text of object 'Object Repository/Final Object Repo/WorkFlow Listing Page/Workflow Found - Listing 1' is: 'JOHORro2'

2019-01-09 11:13:09 - [MESSAGE][PASSED] - Text of object 'Object Repository/Final Object Repo/WorkFlow Listing Page/Workflow Found - Listing 1' is: 'JOHORro2'

2019-01-09 11:13:09 - [TEST_STEP][PASSED] - Statement - OwnerID = OwnerID.toLowerCase() + "@gmail.com": null

2019-01-09 11:13:09 - [TEST_STEP][PASSED] - Statement - println(OwnerID): null

2019-01-09 11:13:09 - [TEST_STEP][PASSED] - delay: Delayed 2 second(s)

2019-01-09 11:13:11 - [MESSAGE][PASSED] - Delayed 2 second(s)

2019-01-09 11:13:11 - [MESSAGE][PASSED] - Call Test Case 'Test Cases/Final Aug 2018 - PKS Automation/Common/Workflow Owner Finder' successfully

2019-01-09 11:13:11 - [TEST_STEP][PASSED] - callTestCase: Call Test Case 'Test Cases/Final Aug 2018 - PKS Automation/Registration Module/Log Out/log out avoiding katalon tagging' successfully

2019-01-09 11:13:11 - [TEST_CASE][PASSED] - Test Cases/Final Aug 2018 - PKS Automation/Registration Module/Log Out/log out avoiding katalon tagging: Test Cases/Final Aug 2018 - PKS Automation/Registration Module/Log Out/log out avoiding katalon tagging

2019-01-09 11:13:11 - [TEST_STEP][PASSED] - navigateToUrl: Navigate to 'https://assist2-uat.perkeso.gov.my/c/portal/logout' successfully

2019-01-09 11:13:12 - [MESSAGE][PASSED] - Navigate to 'https://assist2-uat.perkeso.gov.my/c/portal/logout' successfully

2019-01-09 11:13:12 - [MESSAGE][PASSED] - Call Test Case 'Test Cases/Final Aug 2018 - PKS Automation/Registration Module/Log Out/log out avoiding katalon tagging' successfully

2019-01-09 11:13:12 - [TEST_STEP][PASSED] - delay: Delayed 2 second(s)

2019-01-09 11:13:14 - [MESSAGE][PASSED] - Delayed 2 second(s)

2019-01-09 11:13:14 - [TEST_STEP][PASSED] - setText: Text 'johorro2@gmail.com' is set on object 'Object Repository/Final Object Repo/New Registration - Registration Module Pages/New Reg - OTC to RO/Special Case - All Related Objects/Email TextBox'

2019-01-09 11:13:14 - [MESSAGE][PASSED] - Text 'johorro2@gmail.com' is set on object 'Object Repository/Final Object Repo/New Registration - Registration Module Pages/New Reg - OTC to RO/Special Case - All Related Objects/Email TextBox'

2019-01-09 11:13:14 - [TEST_STEP][PASSED] - click: Object: 'Object Repository/Final Object Repo/New Registration - Registration Module Pages/New Reg - OTC to RO/Special Case - All Related Objects/Next Button' is clicked on

2019-01-09 11:13:14 - [MESSAGE][PASSED] - Object: 'Object Repository/Final Object Repo/New Registration - Registration Module Pages/New Reg - OTC to RO/Special Case - All Related Objects/Next Button' is clicked on

2019-01-09 11:13:14 - [TEST_STEP][PASSED] - delay: Delayed 2 second(s)

2019-01-09 11:13:16 - [MESSAGE][PASSED] - Delayed 2 second(s)

2019-01-09 11:13:16 - [TEST_STEP][PASSED] - setText: Text 'Test1@3456789' is set on object 'Object Repository/Final Object Repo/New Registration - Registration Module Pages/New Reg - OTC to RO/Special Case - All Related Objects/Password TextBox'

2019-01-09 11:13:16 - [MESSAGE][PASSED] - Text 'Test1@3456789' is set on object 'Object Repository/Final Object Repo/New Registration - Registration Module Pages/New Reg - OTC to RO/Special Case - All Related Objects/Password TextBox'

2019-01-09 11:13:16 - [TEST_STEP][PASSED] - delay: Delayed 2 second(s)

2019-01-09 11:13:18 - [MESSAGE][PASSED] - Delayed 2 second(s)

2019-01-09 11:13:18 - [TEST_STEP][PASSED] - click: Object: 'Object Repository/Final Object Repo/New Registration - Registration Module Pages/New Reg - OTC to RO/Special Case - All Related Objects/Login Button' is clicked on

2019-01-09 11:13:19 - [MESSAGE][PASSED] - Object: 'Object Repository/Final Object Repo/New Registration - Registration Module Pages/New Reg - OTC to RO/Special Case - All Related Objects/Login Button' is clicked on

2019-01-09 11:13:19 - [TEST_STEP][PASSED] - delay: Delayed 2 second(s)

2019-01-09 11:13:21 - [MESSAGE][PASSED] - Delayed 2 second(s)

2019-01-09 11:13:21 - [TEST_STEP][PASSED] - Statement - Try: null

2019-01-09 11:13:21 - [TEST_STEP][PASSED] - Statement - Checker = com.kms.katalon.core.webui.keyword.WebUiBuiltInKeywords.verifyElementNotPresent("Final Object Repo/Landing Page/Select to English", 3): null

2019-01-09 11:13:21 - [TEST_STEP][PASSED] - Statement - Catch (Exception e): null

2019-01-09 11:13:21 - [TEST_STEP][PASSED] - Statement - e.printStackTrace(): null

2019-01-09 11:13:21 - [TEST_STEP][PASSED] - click: Object: 'Object Repository/Final Object Repo/New Registration - Registration Module Pages/New Reg - OTC to RO/Special Case - All Related Objects/Expand to Search' is clicked on

2019-01-09 11:13:21 - [MESSAGE][PASSED] - Object: 'Object Repository/Final Object Repo/New Registration - Registration Module Pages/New Reg - OTC to RO/Special Case - All Related Objects/Expand to Search' is clicked on

2019-01-09 11:13:21 - [TEST_STEP][PASSED] - delay: Delayed 2 second(s)

2019-01-09 11:13:23 - [MESSAGE][PASSED] - Delayed 2 second(s)

2019-01-09 11:13:23 - [TEST_STEP][PASSED] - setText: Text 'CRN01201900123668' is set on object 'Object Repository/Final Object Repo/New Registration - Registration Module Pages/New Reg - OTC to RO/Special Case - All Related Objects/TextBox RefNo in Workbasket'

2019-01-09 11:13:23 - [MESSAGE][PASSED] - Text 'CRN01201900123668' is set on object 'Object Repository/Final Object Repo/New Registration - Registration Module Pages/New Reg - OTC to RO/Special Case - All Related Objects/TextBox RefNo in Workbasket'

2019-01-09 11:13:23 - [TEST_STEP][PASSED] - delay: Delayed 2 second(s)

2019-01-09 11:13:25 - [MESSAGE][PASSED] - Delayed 2 second(s)

2019-01-09 11:13:25 - [TEST_STEP][PASSED] - click: Object: 'Object Repository/Final Object Repo/New Registration - Registration Module Pages/New Reg - OTC to RO/Special Case - All Related Objects/Click Search' is clicked on

2019-01-09 11:13:25 - [MESSAGE][PASSED] - Object: 'Object Repository/Final Object Repo/New Registration - Registration Module Pages/New Reg - OTC to RO/Special Case - All Related Objects/Click Search' is clicked on

2019-01-09 11:13:25 - [TEST_STEP][PASSED] - delay: Delayed 2 second(s)

2019-01-09 11:13:27 - [MESSAGE][PASSED] - Delayed 2 second(s)

2019-01-09 11:13:27 - [TEST_STEP][PASSED] - click: Object: 'Object Repository/Final Object Repo/New Registration - Registration Module Pages/New Reg - OTC to RO/Special Case - All Related Objects/Click to Continue Workflow' is clicked on

2019-01-09 11:13:31 - [MESSAGE][PASSED] - Object: 'Object Repository/Final Object Repo/New Registration - Registration Module Pages/New Reg - OTC to RO/Special Case - All Related Objects/Click to Continue Workflow' is clicked on

2019-01-09 11:13:31 - [TEST_STEP][PASSED] - delay: Delayed 2 second(s)

2019-01-09 11:13:33 - [MESSAGE][PASSED] - Delayed 2 second(s)

2019-01-09 11:13:33 - [TEST_STEP][PASSED] - click: Object: 'Object Repository/Final Object Repo/New Registration - Registration Module Pages/New Reg - OTC to RO/Special Case - All Related Objects/Continue Button in verifying case' is clicked on

2019-01-09 11:13:35 - [MESSAGE][PASSED] - Object: 'Object Repository/Final Object Repo/New Registration - Registration Module Pages/New Reg - OTC to RO/Special Case - All Related Objects/Continue Button in verifying case' is clicked on

2019-01-09 11:13:35 - [TEST_STEP][PASSED] - delay: Delayed 2 second(s)

2019-01-09 11:13:37 - [MESSAGE][PASSED] - Delayed 2 second(s)

2019-01-09 11:13:37 - [TEST_STEP][PASSED] - click: Object: 'Object Repository/Final Object Repo/New Registration - Registration Module Pages/Form 1/Registered As a Branch - Yes' is clicked on

2019-01-09 11:13:37 - [MESSAGE][PASSED] - Object: 'Object Repository/Final Object Repo/New Registration - Registration Module Pages/Form 1/Registered As a Branch - Yes' is clicked on

2019-01-09 11:13:37 - [TEST_STEP][PASSED] - delay: Delayed 2 second(s)

2019-01-09 11:13:39 - [MESSAGE][PASSED] - Delayed 2 second(s)

2019-01-09 11:13:39 - [TEST_STEP][PASSED] - click: Object: 'Object Repository/Final Object Repo/New Registration - Registration Module Pages/New Reg - OTC to RO/Special Case - All Related Objects/Form 1 Save n Continue' is clicked on

2019-01-09 11:13:39 - [MESSAGE][PASSED] - Object: 'Object Repository/Final Object Repo/New Registration - Registration Module Pages/New Reg - OTC to RO/Special Case - All Related Objects/Form 1 Save n Continue' is clicked on

2019-01-09 11:13:39 - [TEST_STEP][PASSED] - delay: Delayed 2 second(s)

2019-01-09 11:13:41 - [MESSAGE][PASSED] - Delayed 2 second(s)

2019-01-09 11:13:41 - [TEST_STEP][PASSED] - click: Object: 'Object Repository/Final Object Repo/New Registration - Registration Module Pages/New Reg - OTC to RO/Special Case - All Related Objects/Form 2 Save n Continue' is clicked on

2019-01-09 11:13:41 - [MESSAGE][PASSED] - Object: 'Object Repository/Final Object Repo/New Registration - Registration Module Pages/New Reg - OTC to RO/Special Case - All Related Objects/Form 2 Save n Continue' is clicked on

2019-01-09 11:13:41 - [TEST_STEP][PASSED] - delay: Delayed 2 second(s)

2019-01-09 11:13:43 - [MESSAGE][PASSED] - Delayed 2 second(s)

2019-01-09 11:13:43 - [TEST_STEP][PASSED] - click: Object: 'Object Repository/Final Object Repo/New Registration - Registration Module Pages/New Reg - OTC to RO/Special Case - All Related Objects/Third Screen Save n Continue' is clicked on

2019-01-09 11:13:48 - [MESSAGE][PASSED] - Object: 'Object Repository/Final Object Repo/New Registration - Registration Module Pages/New Reg - OTC to RO/Special Case - All Related Objects/Third Screen Save n Continue' is clicked on

2019-01-09 11:13:48 - [TEST_STEP][PASSED] - delay: Delayed 5 second(s)

2019-01-09 11:13:53 - [MESSAGE][PASSED] - Delayed 5 second(s)

2019-01-09 11:13:53 - [TEST_STEP][PASSED] - click: Object: 'Object Repository/Final Object Repo/New Registration - Registration Module Pages/New Reg - OTC to RO/Special Case - All Related Objects/Upload Doc Page Save n Continue' is clicked on

2019-01-09 11:13:54 - [MESSAGE][PASSED] - Object: 'Object Repository/Final Object Repo/New Registration - Registration Module Pages/New Reg - OTC to RO/Special Case - All Related Objects/Upload Doc Page Save n Continue' is clicked on

2019-01-09 11:13:54 - [TEST_STEP][PASSED] - delay: Delayed 5 second(s)

2019-01-09 11:13:59 - [MESSAGE][PASSED] - Delayed 5 second(s)

2019-01-09 11:13:59 - [TEST_STEP][PASSED] - click: Object: 'Object Repository/Final Object Repo/New Registration - Registration Module Pages/New Reg - OTC to RO/Special Case - All Related Objects/Under Enforcement Button at Preview Screen of RO' is clicked on

2019-01-09 11:13:59 - [MESSAGE][PASSED] - Object: 'Object Repository/Final Object Repo/New Registration - Registration Module Pages/New Reg - OTC to RO/Special Case - All Related Objects/Under Enforcement Button at Preview Screen of RO' is clicked on

2019-01-09 11:13:59 - [TEST_STEP][PASSED] - delay: Delayed 5 second(s)

2019-01-09 11:14:04 - [MESSAGE][PASSED] - Delayed 5 second(s)

2019-01-09 11:14:04 - [TEST_STEP][PASSED] - click: Object: 'Object Repository/Final Object Repo/New Registration - Registration Module Pages/New Reg - OTC to RO/Special Case - All Related Objects/Under Enforcement - inner form' is clicked on

2019-01-09 11:14:04 - [MESSAGE][PASSED] - Object: 'Object Repository/Final Object Repo/New Registration - Registration Module Pages/New Reg - OTC to RO/Special Case - All Related Objects/Under Enforcement - inner form' is clicked on

2019-01-09 11:14:04 - [TEST_STEP][PASSED] - callTestCase: Call Test Case 'Test Cases/Final Aug 2018 - PKS Automation/Common/Screenshoting tool' successfully

2019-01-09 11:14:04 - [TEST_CASE][PASSED] - Test Cases/Final Aug 2018 - PKS Automation/Common/Screenshoting tool: Test Cases/Final Aug 2018 - PKS Automation/Common/Screenshoting tool

2019-01-09 11:14:04 - [TEST_STEP][PASSED] - delay: Delayed 15 second(s)

2019-01-09 11:14:19 - [MESSAGE][PASSED] - Delayed 15 second(s)

2019-01-09 11:14:19 - [TEST_STEP][PASSED] - Statement - driver = com.kms.katalon.core.webui.driver.DriverFactory.getWebDriver(): null

2019-01-09 11:14:19 - [TEST_STEP][PASSED] - Statement - driver.manage().timeouts().implicitlyWait(10, SECONDS): null

2019-01-09 11:14:19 - [TEST_STEP][PASSED] - Statement - PresavePath = KatalonScreenshots: null

2019-01-09 11:14:19 - [TEST_STEP][PASSED] - Statement - pathPrefix = "C:\Users\Public\Pictures\Sample Pictures\Katalon Screenshots\Automate Ending Screen": null

2019-01-09 11:14:19 - [TEST_STEP][PASSED] - Statement - finalPath = <not implemented yet for class: org.codehaus.groovy.ast.expr.EmptyExpression>: null

2019-01-09 11:14:19 - [TEST_STEP][PASSED] - Statement - scrFile = driver.getScreenshotAs(FILE): null

2019-01-09 11:14:19 - [TEST_STEP][PASSED] - Statement - PreSaveFile = new java.io.File(PresavePath): null

2019-01-09 11:14:19 - [TEST_STEP][PASSED] - Statement - counter = 0: null

2019-01-09 11:14:19 - [TEST_STEP][PASSED] - Statement - If (PreSaveFile.exists()): null

2019-01-09 11:14:19 - [TEST_STEP][PASSED] - Statement - While (PreSaveFile.exists()): null

2019-01-09 11:14:19 - [TEST_STEP][PASSED] - Statement - counter = counter + 1: null

2019-01-09 11:14:19 - [TEST_STEP][PASSED] - Statement - PreSaveFile = new java.io.File(((pathPrefix + java.lang.Integer.toString(counter)) + .png)): null

2019-01-09 11:14:19 - [TEST_STEP][PASSED] - Statement - counter = counter + 1: null

2019-01-09 11:14:19 - [TEST_STEP][PASSED] - Statement - PreSaveFile = new java.io.File(((pathPrefix + java.lang.Integer.toString(counter)) + .png)): null

2019-01-09 11:14:19 - [TEST_STEP][PASSED] - Statement - counter = counter + 1: null

2019-01-09 11:14:19 - [TEST_STEP][PASSED] - Statement - PreSaveFile = new java.io.File(((pathPrefix + java.lang.Integer.toString(counter)) + .png)): null

2019-01-09 11:14:19 - [TEST_STEP][PASSED] - Statement - counter = counter + 1: null

2019-01-09 11:14:19 - [TEST_STEP][PASSED] - Statement - PreSaveFile = new java.io.File(((pathPrefix + java.lang.Integer.toString(counter)) + .png)): null

2019-01-09 11:14:19 - [TEST_STEP][PASSED] - Statement - counter = counter + 1: null

2019-01-09 11:14:19 - [TEST_STEP][PASSED] - Statement - PreSaveFile = new java.io.File(((pathPrefix + java.lang.Integer.toString(counter)) + .png)): null

2019-01-09 11:14:19 - [TEST_STEP][PASSED] - Statement - counter = counter + 1: null

2019-01-09 11:14:19 - [TEST_STEP][PASSED] - Statement - PreSaveFile = new java.io.File(((pathPrefix + java.lang.Integer.toString(counter)) + .png)): null

2019-01-09 11:14:19 - [TEST_STEP][PASSED] - Statement - counter = counter + 1: null

2019-01-09 11:14:19 - [TEST_STEP][PASSED] - Statement - PreSaveFile = new java.io.File(((pathPrefix + java.lang.Integer.toString(counter)) + .png)): null

2019-01-09 11:14:19 - [TEST_STEP][PASSED] - Statement - counter = counter + 1: null

2019-01-09 11:14:19 - [TEST_STEP][PASSED] - Statement - PreSaveFile = new java.io.File(((pathPrefix + java.lang.Integer.toString(counter)) + .png)): null

2019-01-09 11:14:19 - [TEST_STEP][PASSED] - Statement - counter = counter + 1: null

2019-01-09 11:14:19 - [TEST_STEP][PASSED] - Statement - PreSaveFile = new java.io.File(((pathPrefix + java.lang.Integer.toString(counter)) + .png)): null

2019-01-09 11:14:19 - [TEST_STEP][PASSED] - Statement - counter = counter + 1: null

2019-01-09 11:14:19 - [TEST_STEP][PASSED] - Statement - PreSaveFile = new java.io.File(((pathPrefix + java.lang.Integer.toString(counter)) + .png)): null

2019-01-09 11:14:19 - [TEST_STEP][PASSED] - Statement - counter = counter + 1: null

2019-01-09 11:14:19 - [TEST_STEP][PASSED] - Statement - PreSaveFile = new java.io.File(((pathPrefix + java.lang.Integer.toString(counter)) + .png)): null

2019-01-09 11:14:19 - [TEST_STEP][PASSED] - Statement - counter = counter + 1: null

2019-01-09 11:14:19 - [TEST_STEP][PASSED] - Statement - PreSaveFile = new java.io.File(((pathPrefix + java.lang.Integer.toString(counter)) + .png)): null

2019-01-09 11:14:19 - [TEST_STEP][PASSED] - Statement - counter = counter + 1: null

2019-01-09 11:14:19 - [TEST_STEP][PASSED] - Statement - PreSaveFile = new java.io.File(((pathPrefix + java.lang.Integer.toString(counter)) + .png)): null

2019-01-09 11:14:19 - [TEST_STEP][PASSED] - Statement - counter = counter + 1: null

2019-01-09 11:14:19 - [TEST_STEP][PASSED] - Statement - PreSaveFile = new java.io.File(((pathPrefix + java.lang.Integer.toString(counter)) + .png)): null

2019-01-09 11:14:19 - [TEST_STEP][PASSED] - Statement - counter = counter + 1: null

2019-01-09 11:14:19 - [TEST_STEP][PASSED] - Statement - PreSaveFile = new java.io.File(((pathPrefix + java.lang.Integer.toString(counter)) + .png)): null

2019-01-09 11:14:19 - [TEST_STEP][PASSED] - Statement - counter = counter + 1: null

2019-01-09 11:14:19 - [TEST_STEP][PASSED] - Statement - PreSaveFile = new java.io.File(((pathPrefix + java.lang.Integer.toString(counter)) + .png)): null

2019-01-09 11:14:19 - [TEST_STEP][PASSED] - Statement - counter = counter + 1: null

2019-01-09 11:14:19 - [TEST_STEP][PASSED] - Statement - PreSaveFile = new java.io.File(((pathPrefix + java.lang.Integer.toString(counter)) + .png)): null

2019-01-09 11:14:19 - [TEST_STEP][PASSED] - Statement - counter = counter + 1: null

2019-01-09 11:14:20 - [TEST_STEP][PASSED] - Statement - PreSaveFile = new java.io.File(((pathPrefix + java.lang.Integer.toString(counter)) + .png)): null

2019-01-09 11:14:20 - [TEST_STEP][PASSED] - Statement - counter = counter + 1: null

2019-01-09 11:14:20 - [TEST_STEP][PASSED] - Statement - PreSaveFile = new java.io.File(((pathPrefix + java.lang.Integer.toString(counter)) + .png)): null

2019-01-09 11:14:20 - [TEST_STEP][PASSED] - Statement - counter = counter + 1: null

2019-01-09 11:14:20 - [TEST_STEP][PASSED] - Statement - PreSaveFile = new java.io.File(((pathPrefix + java.lang.Integer.toString(counter)) + .png)): null

2019-01-09 11:14:20 - [TEST_STEP][PASSED] - Statement - counter = counter + 1: null

2019-01-09 11:14:20 - [TEST_STEP][PASSED] - Statement - PreSaveFile = new java.io.File(((pathPrefix + java.lang.Integer.toString(counter)) + .png)): null

2019-01-09 11:14:20 - [TEST_STEP][PASSED] - Statement - counter = counter + 1: null

2019-01-09 11:14:20 - [TEST_STEP][PASSED] - Statement - PreSaveFile = new java.io.File(((pathPrefix + java.lang.Integer.toString(counter)) + .png)): null

2019-01-09 11:14:20 - [TEST_STEP][PASSED] - Statement - counter = counter + 1: null

2019-01-09 11:14:20 - [TEST_STEP][PASSED] - Statement - PreSaveFile = new java.io.File(((pathPrefix + java.lang.Integer.toString(counter)) + .png)): null

2019-01-09 11:14:20 - [TEST_STEP][PASSED] - Statement - counter = counter + 1: null

2019-01-09 11:14:20 - [TEST_STEP][PASSED] - Statement - PreSaveFile = new java.io.File(((pathPrefix + java.lang.Integer.toString(counter)) + .png)): null

2019-01-09 11:14:20 - [TEST_STEP][PASSED] - Statement - counter = counter + 1: null

2019-01-09 11:14:20 - [TEST_STEP][PASSED] - Statement - PreSaveFile = new java.io.File(((pathPrefix + java.lang.Integer.toString(counter)) + .png)): null

2019-01-09 11:14:20 - [TEST_STEP][PASSED] - Statement - counter = counter + 1: null

2019-01-09 11:14:20 - [TEST_STEP][PASSED] - Statement - PreSaveFile = new java.io.File(((pathPrefix + java.lang.Integer.toString(counter)) + .png)): null

2019-01-09 11:14:20 - [TEST_STEP][PASSED] - Statement - counter = counter + 1: null

2019-01-09 11:14:20 - [TEST_STEP][PASSED] - Statement - PreSaveFile = new java.io.File(((pathPrefix + java.lang.Integer.toString(counter)) + .png)): null

2019-01-09 11:14:20 - [TEST_STEP][PASSED] - Statement - counter = counter + 1: null

2019-01-09 11:14:20 - [TEST_STEP][PASSED] - Statement - PreSaveFile = new java.io.File(((pathPrefix + java.lang.Integer.toString(counter)) + .png)): null

2019-01-09 11:14:20 - [TEST_STEP][PASSED] - Statement - counter = counter + 1: null

2019-01-09 11:14:20 - [TEST_STEP][PASSED] - Statement - PreSaveFile = new java.io.File(((pathPrefix + java.lang.Integer.toString(counter)) + .png)): null

2019-01-09 11:14:20 - [TEST_STEP][PASSED] - Statement - counter = counter + 1: null

2019-01-09 11:14:20 - [TEST_STEP][PASSED] - Statement - PreSaveFile = new java.io.File(((pathPrefix + java.lang.Integer.toString(counter)) + .png)): null

2019-01-09 11:14:20 - [TEST_STEP][PASSED] - Statement - counter = counter + 1: null

2019-01-09 11:14:20 - [TEST_STEP][PASSED] - Statement - PreSaveFile = new java.io.File(((pathPrefix + java.lang.Integer.toString(counter)) + .png)): null

2019-01-09 11:14:20 - [TEST_STEP][PASSED] - Statement - counter = counter + 1: null

2019-01-09 11:14:20 - [TEST_STEP][PASSED] - Statement - PreSaveFile = new java.io.File(((pathPrefix + java.lang.Integer.toString(counter)) + .png)): null

2019-01-09 11:14:20 - [TEST_STEP][PASSED] - Statement - counter = counter + 1: null

2019-01-09 11:14:20 - [TEST_STEP][PASSED] - Statement - PreSaveFile = new java.io.File(((pathPrefix + java.lang.Integer.toString(counter)) + .png)): null

2019-01-09 11:14:21 - [TEST_STEP][PASSED] - Statement - counter = counter + 1: null

2019-01-09 11:14:21 - [TEST_STEP][PASSED] - Statement - PreSaveFile = new java.io.File(((pathPrefix + java.lang.Integer.toString(counter)) + .png)): null

2019-01-09 11:14:21 - [TEST_STEP][PASSED] - Statement - counter = counter + 1: null

2019-01-09 11:14:21 - [TEST_STEP][PASSED] - Statement - PreSaveFile = new java.io.File(((pathPrefix + java.lang.Integer.toString(counter)) + .png)): null

2019-01-09 11:14:21 - [TEST_STEP][PASSED] - Statement - counter = counter + 1: null

2019-01-09 11:14:21 - [TEST_STEP][PASSED] - Statement - PreSaveFile = new java.io.File(((pathPrefix + java.lang.Integer.toString(counter)) + .png)): null

2019-01-09 11:14:21 - [TEST_STEP][PASSED] - Statement - counter = counter + 1: null

2019-01-09 11:14:21 - [TEST_STEP][PASSED] - Statement - PreSaveFile = new java.io.File(((pathPrefix + java.lang.Integer.toString(counter)) + .png)): null

2019-01-09 11:14:21 - [TEST_STEP][PASSED] - Statement - counter = counter + 1: null

2019-01-09 11:14:21 - [TEST_STEP][PASSED] - Statement - PreSaveFile = new java.io.File(((pathPrefix + java.lang.Integer.toString(counter)) + .png)): null

2019-01-09 11:14:21 - [TEST_STEP][PASSED] - Statement - counter = counter + 1: null

2019-01-09 11:14:21 - [TEST_STEP][PASSED] - Statement - PreSaveFile = new java.io.File(((pathPrefix + java.lang.Integer.toString(counter)) + .png)): null

2019-01-09 11:14:21 - [TEST_STEP][PASSED] - Statement - counter = counter + 1: null

2019-01-09 11:14:21 - [TEST_STEP][PASSED] - Statement - PreSaveFile = new java.io.File(((pathPrefix + java.lang.Integer.toString(counter)) + .png)): null

2019-01-09 11:14:21 - [TEST_STEP][PASSED] - Statement - counter = counter + 1: null

2019-01-09 11:14:21 - [TEST_STEP][PASSED] - Statement - PreSaveFile = new java.io.File(((pathPrefix + java.lang.Integer.toString(counter)) + .png)): null

2019-01-09 11:14:21 - [TEST_STEP][PASSED] - Statement - counter = counter + 1: null

2019-01-09 11:14:21 - [TEST_STEP][PASSED] - Statement - PreSaveFile = new java.io.File(((pathPrefix + java.lang.Integer.toString(counter)) + .png)): null

2019-01-09 11:14:21 - [TEST_STEP][PASSED] - Statement - counter = counter + 1: null

2019-01-09 11:14:21 - [TEST_STEP][PASSED] - Statement - PreSaveFile = new java.io.File(((pathPrefix + java.lang.Integer.toString(counter)) + .png)): null

2019-01-09 11:14:21 - [TEST_STEP][PASSED] - Statement - counter = counter + 1: null

2019-01-09 11:14:21 - [TEST_STEP][PASSED] - Statement - PreSaveFile = new java.io.File(((pathPrefix + java.lang.Integer.toString(counter)) + .png)): null

2019-01-09 11:14:21 - [TEST_STEP][PASSED] - Statement - counter = counter + 1: null

2019-01-09 11:14:21 - [TEST_STEP][PASSED] - Statement - PreSaveFile = new java.io.File(((pathPrefix + java.lang.Integer.toString(counter)) + .png)): null

2019-01-09 11:14:21 - [TEST_STEP][PASSED] - Statement - counter = counter + 1: null

2019-01-09 11:14:21 - [TEST_STEP][PASSED] - Statement - PreSaveFile = new java.io.File(((pathPrefix + java.lang.Integer.toString(counter)) + .png)): null

2019-01-09 11:14:21 - [TEST_STEP][PASSED] - Statement - counter = counter + 1: null

2019-01-09 11:14:21 - [TEST_STEP][PASSED] - Statement - PreSaveFile = new java.io.File(((pathPrefix + java.lang.Integer.toString(counter)) + .png)): null

2019-01-09 11:14:22 - [TEST_STEP][PASSED] - Statement - finalPath = pathPrefix + java.lang.Integer.toString(counter) + ".png": null

2019-01-09 11:14:22 - [TEST_STEP][PASSED] - Statement - SaveFile = new java.io.File(finalPath): null

2019-01-09 11:14:22 - [TEST_STEP][PASSED] - Statement - Try: null

2019-01-09 11:14:22 - [TEST_STEP][PASSED] - Statement - org.apache.commons.io.FileUtils.copyFile(scrFile, SaveFile): null

2019-01-09 11:14:22 - [TEST_STEP][PASSED] - Statement - out.println("file kept"): null

2019-01-09 11:14:22 - [TEST_STEP][PASSED] - delay: Delayed 10 second(s)

2019-01-09 11:14:32 - [MESSAGE][PASSED] - Delayed 10 second(s)

2019-01-09 11:14:32 - [MESSAGE][PASSED] - Call Test Case 'Test Cases/Final Aug 2018 - PKS Automation/Common/Screenshoting tool' successfully

2019-01-09 11:14:32 - [TEST_STEP][PASSED] - callTestCase: Call Test Case 'Test Cases/Final Aug 2018 - PKS Automation/Registration Module/Log Out/log out avoiding katalon tagging' successfully

2019-01-09 11:14:32 - [TEST_CASE][PASSED] - Test Cases/Final Aug 2018 - PKS Automation/Registration Module/Log Out/log out avoiding katalon tagging: Test Cases/Final Aug 2018 - PKS Automation/Registration Module/Log Out/log out avoiding katalon tagging

2019-01-09 11:14:32 - [TEST_STEP][PASSED] - navigateToUrl: Navigate to 'https://assist2-uat.perkeso.gov.my/c/portal/logout' successfully

2019-01-09 11:14:32 - [MESSAGE][PASSED] - Navigate to 'https://assist2-uat.perkeso.gov.my/c/portal/logout' successfully

2019-01-09 11:14:32 - [MESSAGE][PASSED] - Call Test Case 'Test Cases/Final Aug 2018 - PKS Automation/Registration Module/Log Out/log out avoiding katalon tagging' successfully

2019-01-09 11:14:32 - [TEST_STEP][PASSED] - delay: Delayed 2 second(s)

2019-01-09 11:14:34 - [MESSAGE][PASSED] - Delayed 2 second(s)

2019-01-09 11:14:34 - [TEST_STEP][PASSED] - setText: Text 'johorro2@gmail.com' is set on object 'Object Repository/Final Object Repo/New Registration - Registration Module Pages/New Reg - OTC to RO/Special Case - All Related Objects/Email TextBox'

2019-01-09 11:14:35 - [MESSAGE][PASSED] - Text 'johorro2@gmail.com' is set on object 'Object Repository/Final Object Repo/New Registration - Registration Module Pages/New Reg - OTC to RO/Special Case - All Related Objects/Email TextBox'

2019-01-09 11:14:35 - [TEST_STEP][PASSED] - click: Object: 'Object Repository/Final Object Repo/New Registration - Registration Module Pages/New Reg - OTC to RO/Special Case - All Related Objects/Next Button' is clicked on

2019-01-09 11:14:35 - [MESSAGE][PASSED] - Object: 'Object Repository/Final Object Repo/New Registration - Registration Module Pages/New Reg - OTC to RO/Special Case - All Related Objects/Next Button' is clicked on

2019-01-09 11:14:35 - [TEST_STEP][PASSED] - delay: Delayed 2 second(s)

2019-01-09 11:14:37 - [MESSAGE][PASSED] - Delayed 2 second(s)

2019-01-09 11:14:37 - [TEST_STEP][PASSED] - setText: Text 'Test1@3456789' is set on object 'Object Repository/Final Object Repo/New Registration - Registration Module Pages/New Reg - OTC to RO/Special Case - All Related Objects/Password TextBox'

2019-01-09 11:14:37 - [MESSAGE][PASSED] - Text 'Test1@3456789' is set on object 'Object Repository/Final Object Repo/New Registration - Registration Module Pages/New Reg - OTC to RO/Special Case - All Related Objects/Password TextBox'

2019-01-09 11:14:37 - [TEST_STEP][PASSED] - delay: Delayed 2 second(s)

2019-01-09 11:14:39 - [MESSAGE][PASSED] - Delayed 2 second(s)

2019-01-09 11:14:39 - [TEST_STEP][PASSED] - click: Object: 'Object Repository/Final Object Repo/New Registration - Registration Module Pages/New Reg - OTC to RO/Special Case - All Related Objects/Login Button' is clicked on

2019-01-09 11:14:39 - [MESSAGE][PASSED] - Object: 'Object Repository/Final Object Repo/New Registration - Registration Module Pages/New Reg - OTC to RO/Special Case - All Related Objects/Login Button' is clicked on

2019-01-09 11:14:39 - [TEST_STEP][PASSED] - delay: Delayed 2 second(s)

2019-01-09 11:14:41 - [MESSAGE][PASSED] - Delayed 2 second(s)

2019-01-09 11:14:41 - [TEST_STEP][PASSED] - Statement - Try: null

2019-01-09 11:14:41 - [TEST_STEP][PASSED] - Statement - Checker = com.kms.katalon.core.webui.keyword.WebUiBuiltInKeywords.verifyElementNotPresent("Final Object Repo/Landing Page/Select to English", 3): null

2019-01-09 11:14:41 - [TEST_STEP][PASSED] - Statement - Catch (Exception e): null

2019-01-09 11:14:41 - [TEST_STEP][PASSED] - Statement - e.printStackTrace(): null

2019-01-09 11:14:41 - [TEST_STEP][PASSED] - click: Object: 'Object Repository/Final Object Repo/New Registration - Registration Module Pages/New Reg - OTC to RO/Special Case - All Related Objects/Expand to Search' is clicked on

2019-01-09 11:14:42 - [MESSAGE][PASSED] - Object: 'Object Repository/Final Object Repo/New Registration - Registration Module Pages/New Reg - OTC to RO/Special Case - All Related Objects/Expand to Search' is clicked on

2019-01-09 11:14:42 - [TEST_STEP][PASSED] - delay: Delayed 2 second(s)

2019-01-09 11:14:44 - [MESSAGE][PASSED] - Delayed 2 second(s)

2019-01-09 11:14:44 - [TEST_STEP][PASSED] - setText: Text 'CRN01201900123668' is set on object 'Object Repository/Final Object Repo/New Registration - Registration Module Pages/New Reg - OTC to RO/Special Case - All Related Objects/TextBox RefNo in Workbasket'

2019-01-09 11:14:44 - [MESSAGE][PASSED] - Text 'CRN01201900123668' is set on object 'Object Repository/Final Object Repo/New Registration - Registration Module Pages/New Reg - OTC to RO/Special Case - All Related Objects/TextBox RefNo in Workbasket'

2019-01-09 11:14:44 - [TEST_STEP][PASSED] - delay: Delayed 2 second(s)

2019-01-09 11:14:46 - [MESSAGE][PASSED] - Delayed 2 second(s)

2019-01-09 11:14:46 - [TEST_STEP][PASSED] - click: Object: 'Object Repository/Final Object Repo/New Registration - Registration Module Pages/New Reg - OTC to RO/Special Case - All Related Objects/Click Search' is clicked on

2019-01-09 11:14:46 - [MESSAGE][PASSED] - Object: 'Object Repository/Final Object Repo/New Registration - Registration Module Pages/New Reg - OTC to RO/Special Case - All Related Objects/Click Search' is clicked on

2019-01-09 11:14:46 - [TEST_STEP][PASSED] - delay: Delayed 1 second(s)

2019-01-09 11:14:47 - [MESSAGE][PASSED] - Delayed 1 second(s)

2019-01-09 11:14:47 - [TEST_STEP][PASSED] - click: Object: 'Object Repository/Final Object Repo/New Registration - Registration Module Pages/New Reg - OTC to RO/Special Case - All Related Objects/Click to Continue Workflow' is clicked on

2019-01-09 11:14:50 - [MESSAGE][PASSED] - Object: 'Object Repository/Final Object Repo/New Registration - Registration Module Pages/New Reg - OTC to RO/Special Case - All Related Objects/Click to Continue Workflow' is clicked on

2019-01-09 11:14:50 - [TEST_STEP][PASSED] - delay: Delayed 2 second(s)

2019-01-09 11:14:52 - [MESSAGE][PASSED] - Delayed 2 second(s)

2019-01-09 11:14:52 - [TEST_STEP][PASSED] - click: Object: 'Object Repository/Final Object Repo/New Registration - Registration Module Pages/New Reg - OTC to RO/Special Case - All Related Objects/Continue Button in verifying case' is clicked on

2019-01-09 11:14:54 - [MESSAGE][PASSED] - Object: 'Object Repository/Final Object Repo/New Registration - Registration Module Pages/New Reg - OTC to RO/Special Case - All Related Objects/Continue Button in verifying case' is clicked on

2019-01-09 11:14:54 - [TEST_STEP][PASSED] - delay: Delayed 2 second(s)

2019-01-09 11:14:56 - [MESSAGE][PASSED] - Delayed 2 second(s)

2019-01-09 11:14:56 - [TEST_STEP][PASSED] - click: Object: 'Object Repository/Final Object Repo/New Registration - Registration Module Pages/Form 1/Registered As a Branch - Yes' is clicked on

2019-01-09 11:14:56 - [MESSAGE][PASSED] - Object: 'Object Repository/Final Object Repo/New Registration - Registration Module Pages/Form 1/Registered As a Branch - Yes' is clicked on

2019-01-09 11:14:56 - [TEST_STEP][PASSED] - delay: Delayed 2 second(s)

2019-01-09 11:14:58 - [MESSAGE][PASSED] - Delayed 2 second(s)

2019-01-09 11:14:58 - [TEST_STEP][PASSED] - click: Object: 'Object Repository/Final Object Repo/New Registration - Registration Module Pages/New Reg - OTC to RO/Special Case - All Related Objects/Form 1 Save n Continue' is clicked on

2019-01-09 11:14:59 - [MESSAGE][PASSED] - Object: 'Object Repository/Final Object Repo/New Registration - Registration Module Pages/New Reg - OTC to RO/Special Case - All Related Objects/Form 1 Save n Continue' is clicked on

2019-01-09 11:14:59 - [TEST_STEP][PASSED] - delay: Delayed 2 second(s)

2019-01-09 11:15:01 - [MESSAGE][PASSED] - Delayed 2 second(s)

2019-01-09 11:15:01 - [TEST_STEP][PASSED] - click: Object: 'Object Repository/Final Object Repo/New Registration - Registration Module Pages/New Reg - OTC to RO/Special Case - All Related Objects/Form 2 Save n Continue' is clicked on

2019-01-09 11:15:01 - [MESSAGE][PASSED] - Object: 'Object Repository/Final Object Repo/New Registration - Registration Module Pages/New Reg - OTC to RO/Special Case - All Related Objects/Form 2 Save n Continue' is clicked on

2019-01-09 11:15:01 - [TEST_STEP][PASSED] - delay: Delayed 2 second(s)

2019-01-09 11:15:03 - [MESSAGE][PASSED] - Delayed 2 second(s)

2019-01-09 11:15:03 - [TEST_STEP][PASSED] - click: Object: 'Object Repository/Final Object Repo/New Registration - Registration Module Pages/New Reg - OTC to RO/Special Case - All Related Objects/Third Screen Save n Continue' is clicked on

2019-01-09 11:15:08 - [MESSAGE][PASSED] - Object: 'Object Repository/Final Object Repo/New Registration - Registration Module Pages/New Reg - OTC to RO/Special Case - All Related Objects/Third Screen Save n Continue' is clicked on

2019-01-09 11:15:08 - [TEST_STEP][PASSED] - delay: Delayed 5 second(s)

2019-01-09 11:15:13 - [MESSAGE][PASSED] - Delayed 5 second(s)

2019-01-09 11:15:13 - [TEST_STEP][PASSED] - click: Object: 'Object Repository/Final Object Repo/New Registration - Registration Module Pages/New Reg - OTC to RO/Special Case - All Related Objects/Upload Doc Page Save n Continue' is clicked on

2019-01-09 11:15:14 - [MESSAGE][PASSED] - Object: 'Object Repository/Final Object Repo/New Registration - Registration Module Pages/New Reg - OTC to RO/Special Case - All Related Objects/Upload Doc Page Save n Continue' is clicked on

2019-01-09 11:15:14 - [TEST_STEP][PASSED] - delay: Delayed 5 second(s)

2019-01-09 11:15:19 - [MESSAGE][PASSED] - Delayed 5 second(s)

2019-01-09 11:15:19 - [TEST_STEP][PASSED] - callTestCase: Call Test Case 'Test Cases/Final Aug 2018 - PKS Automation/Registration Module/New Registration/Submit and Screenshot/Submit Registration and Screenshot' successfully

2019-01-09 11:15:19 - [TEST_CASE][PASSED] - Test Cases/Final Aug 2018 - PKS Automation/Registration Module/New Registration/Submit and Screenshot/Submit Registration and Screenshot: Test Cases/Final Aug 2018 - PKS Automation/Registration Module/New Registration/Submit and Screenshot/Submit Registration and Screenshot

2019-01-09 11:15:19 - [TEST_STEP][PASSED] - delay: Delayed 6 second(s)

2019-01-09 11:15:25 - [MESSAGE][PASSED] - Delayed 6 second(s)

2019-01-09 11:15:25 - [TEST_STEP][PASSED] - click: Object: 'Object Repository/Final Object Repo/New Registration - Registration Module Pages/Third Screen - Upload Supporting Doc- Preview/Preview Submit Button' is clicked on

2019-01-09 11:15:25 - [MESSAGE][PASSED] - Object: 'Object Repository/Final Object Repo/New Registration - Registration Module Pages/Third Screen - Upload Supporting Doc- Preview/Preview Submit Button' is clicked on

2019-01-09 11:15:25 - [TEST_STEP][PASSED] - delay: Delayed 2 second(s)

2019-01-09 11:15:27 - [MESSAGE][PASSED] - Delayed 2 second(s)

2019-01-09 11:15:27 - [TEST_STEP][PASSED] - click: Object: 'Object Repository/Final Object Repo/New Registration - Registration Module Pages/Third Screen - Upload Supporting Doc- Preview/Preview Submit - Confirm' is clicked on

2019-01-09 11:15:27 - [MESSAGE][PASSED] - Object: 'Object Repository/Final Object Repo/New Registration - Registration Module Pages/Third Screen - Upload Supporting Doc- Preview/Preview Submit - Confirm' is clicked on

2019-01-09 11:15:27 - [TEST_STEP][PASSED] - delay: Delayed 15 second(s)

2019-01-09 11:15:42 - [MESSAGE][PASSED] - Delayed 15 second(s)

2019-01-09 11:15:42 - [TEST_STEP][PASSED] - Statement - driver = com.kms.katalon.core.webui.driver.DriverFactory.getWebDriver(): null

2019-01-09 11:15:42 - [TEST_STEP][PASSED] - Statement - driver.manage().timeouts().implicitlyWait(10, SECONDS): null

2019-01-09 11:15:42 - [TEST_STEP][PASSED] - Statement - PresavePath = KatalonScreenshots: null

2019-01-09 11:15:42 - [TEST_STEP][PASSED] - Statement - pathPrefix = "C:\Users\Public\Pictures\Sample Pictures\Katalon Screenshots\Automate Ending Screen": null

2019-01-09 11:15:42 - [TEST_STEP][PASSED] - Statement - finalPath = <not implemented yet for class: org.codehaus.groovy.ast.expr.EmptyExpression>: null

2019-01-09 11:15:42 - [TEST_STEP][PASSED] - Statement - scrFile = driver.getScreenshotAs(FILE): null

2019-01-09 11:15:42 - [TEST_STEP][PASSED] - Statement - PreSaveFile = new java.io.File(PresavePath): null

2019-01-09 11:15:42 - [TEST_STEP][PASSED] - Statement - counter = 0: null

2019-01-09 11:15:42 - [TEST_STEP][PASSED] - Statement - If (PreSaveFile.exists()): null

2019-01-09 11:15:42 - [TEST_STEP][PASSED] - Statement - While (PreSaveFile.exists()): null

2019-01-09 11:15:42 - [TEST_STEP][PASSED] - Statement - counter = counter + 1: null

2019-01-09 11:15:42 - [TEST_STEP][PASSED] - Statement - PreSaveFile = new java.io.File(((pathPrefix + java.lang.Integer.toString(counter)) + .png)): null

2019-01-09 11:15:42 - [TEST_STEP][PASSED] - Statement - counter = counter + 1: null

2019-01-09 11:15:42 - [TEST_STEP][PASSED] - Statement - PreSaveFile = new java.io.File(((pathPrefix + java.lang.Integer.toString(counter)) + .png)): null

2019-01-09 11:15:42 - [TEST_STEP][PASSED] - Statement - counter = counter + 1: null

2019-01-09 11:15:42 - [TEST_STEP][PASSED] - Statement - PreSaveFile = new java.io.File(((pathPrefix + java.lang.Integer.toString(counter)) + .png)): null

2019-01-09 11:15:42 - [TEST_STEP][PASSED] - Statement - counter = counter + 1: null

2019-01-09 11:15:42 - [TEST_STEP][PASSED] - Statement - PreSaveFile = new java.io.File(((pathPrefix + java.lang.Integer.toString(counter)) + .png)): null

2019-01-09 11:15:42 - [TEST_STEP][PASSED] - Statement - counter = counter + 1: null

2019-01-09 11:15:42 - [TEST_STEP][PASSED] - Statement - PreSaveFile = new java.io.File(((pathPrefix + java.lang.Integer.toString(counter)) + .png)): null

2019-01-09 11:15:42 - [TEST_STEP][PASSED] - Statement - counter = counter + 1: null

2019-01-09 11:15:42 - [TEST_STEP][PASSED] - Statement - PreSaveFile = new java.io.File(((pathPrefix + java.lang.Integer.toString(counter)) + .png)): null

2019-01-09 11:15:42 - [TEST_STEP][PASSED] - Statement - counter = counter + 1: null

2019-01-09 11:15:42 - [TEST_STEP][PASSED] - Statement - PreSaveFile = new java.io.File(((pathPrefix + java.lang.Integer.toString(counter)) + .png)): null

2019-01-09 11:15:42 - [TEST_STEP][PASSED] - Statement - counter = counter + 1: null

2019-01-09 11:15:42 - [TEST_STEP][PASSED] - Statement - PreSaveFile = new java.io.File(((pathPrefix + java.lang.Integer.toString(counter)) + .png)): null

2019-01-09 11:15:42 - [TEST_STEP][PASSED] - Statement - counter = counter + 1: null

2019-01-09 11:15:42 - [TEST_STEP][PASSED] - Statement - PreSaveFile = new java.io.File(((pathPrefix + java.lang.Integer.toString(counter)) + .png)): null

2019-01-09 11:15:42 - [TEST_STEP][PASSED] - Statement - counter = counter + 1: null

2019-01-09 11:15:42 - [TEST_STEP][PASSED] - Statement - PreSaveFile = new java.io.File(((pathPrefix + java.lang.Integer.toString(counter)) + .png)): null

2019-01-09 11:15:42 - [TEST_STEP][PASSED] - Statement - counter = counter + 1: null

2019-01-09 11:15:42 - [TEST_STEP][PASSED] - Statement - PreSaveFile = new java.io.File(((pathPrefix + java.lang.Integer.toString(counter)) + .png)): null

2019-01-09 11:15:42 - [TEST_STEP][PASSED] - Statement - counter = counter + 1: null

2019-01-09 11:15:42 - [TEST_STEP][PASSED] - Statement - PreSaveFile = new java.io.File(((pathPrefix + java.lang.Integer.toString(counter)) + .png)): null

2019-01-09 11:15:42 - [TEST_STEP][PASSED] - Statement - counter = counter + 1: null

2019-01-09 11:15:42 - [TEST_STEP][PASSED] - Statement - PreSaveFile = new java.io.File(((pathPrefix + java.lang.Integer.toString(counter)) + .png)): null

2019-01-09 11:15:42 - [TEST_STEP][PASSED] - Statement - counter = counter + 1: null

2019-01-09 11:15:42 - [TEST_STEP][PASSED] - Statement - PreSaveFile = new java.io.File(((pathPrefix + java.lang.Integer.toString(counter)) + .png)): null

2019-01-09 11:15:42 - [TEST_STEP][PASSED] - Statement - counter = counter + 1: null

2019-01-09 11:15:42 - [TEST_STEP][PASSED] - Statement - PreSaveFile = new java.io.File(((pathPrefix + java.lang.Integer.toString(counter)) + .png)): null

2019-01-09 11:15:42 - [TEST_STEP][PASSED] - Statement - counter = counter + 1: null

2019-01-09 11:15:42 - [TEST_STEP][PASSED] - Statement - PreSaveFile = new java.io.File(((pathPrefix + java.lang.Integer.toString(counter)) + .png)): null

2019-01-09 11:15:42 - [TEST_STEP][PASSED] - Statement - counter = counter + 1: null

2019-01-09 11:15:42 - [TEST_STEP][PASSED] - Statement - PreSaveFile = new java.io.File(((pathPrefix + java.lang.Integer.toString(counter)) + .png)): null

2019-01-09 11:15:42 - [TEST_STEP][PASSED] - Statement - counter = counter + 1: null

2019-01-09 11:15:42 - [TEST_STEP][PASSED] - Statement - PreSaveFile = new java.io.File(((pathPrefix + java.lang.Integer.toString(counter)) + .png)): null

2019-01-09 11:15:42 - [TEST_STEP][PASSED] - Statement - counter = counter + 1: null

2019-01-09 11:15:42 - [TEST_STEP][PASSED] - Statement - PreSaveFile = new java.io.File(((pathPrefix + java.lang.Integer.toString(counter)) + .png)): null

2019-01-09 11:15:43 - [TEST_STEP][PASSED] - Statement - counter = counter + 1: null

2019-01-09 11:15:43 - [TEST_STEP][PASSED] - Statement - PreSaveFile = new java.io.File(((pathPrefix + java.lang.Integer.toString(counter)) + .png)): null

2019-01-09 11:15:43 - [TEST_STEP][PASSED] - Statement - counter = counter + 1: null

2019-01-09 11:15:43 - [TEST_STEP][PASSED] - Statement - PreSaveFile = new java.io.File(((pathPrefix + java.lang.Integer.toString(counter)) + .png)): null

2019-01-09 11:15:43 - [TEST_STEP][PASSED] - Statement - counter = counter + 1: null

2019-01-09 11:15:43 - [TEST_STEP][PASSED] - Statement - PreSaveFile = new java.io.File(((pathPrefix + java.lang.Integer.toString(counter)) + .png)): null

2019-01-09 11:15:43 - [TEST_STEP][PASSED] - Statement - counter = counter + 1: null

2019-01-09 11:15:43 - [TEST_STEP][PASSED] - Statement - PreSaveFile = new java.io.File(((pathPrefix + java.lang.Integer.toString(counter)) + .png)): null

2019-01-09 11:15:43 - [TEST_STEP][PASSED] - Statement - counter = counter + 1: null

2019-01-09 11:15:43 - [TEST_STEP][PASSED] - Statement - PreSaveFile = new java.io.File(((pathPrefix + java.lang.Integer.toString(counter)) + .png)): null

2019-01-09 11:15:43 - [TEST_STEP][PASSED] - Statement - counter = counter + 1: null

2019-01-09 11:15:43 - [TEST_STEP][PASSED] - Statement - PreSaveFile = new java.io.File(((pathPrefix + java.lang.Integer.toString(counter)) + .png)): null

2019-01-09 11:15:43 - [TEST_STEP][PASSED] - Statement - counter = counter + 1: null

2019-01-09 11:15:43 - [TEST_STEP][PASSED] - Statement - PreSaveFile = new java.io.File(((pathPrefix + java.lang.Integer.toString(counter)) + .png)): null

2019-01-09 11:15:43 - [TEST_STEP][PASSED] - Statement - counter = counter + 1: null

2019-01-09 11:15:43 - [TEST_STEP][PASSED] - Statement - PreSaveFile = new java.io.File(((pathPrefix + java.lang.Integer.toString(counter)) + .png)): null

2019-01-09 11:15:43 - [TEST_STEP][PASSED] - Statement - counter = counter + 1: null

2019-01-09 11:15:43 - [TEST_STEP][PASSED] - Statement - PreSaveFile = new java.io.File(((pathPrefix + java.lang.Integer.toString(counter)) + .png)): null

2019-01-09 11:15:43 - [TEST_STEP][PASSED] - Statement - counter = counter + 1: null

2019-01-09 11:15:43 - [TEST_STEP][PASSED] - Statement - PreSaveFile = new java.io.File(((pathPrefix + java.lang.Integer.toString(counter)) + .png)): null

2019-01-09 11:15:43 - [TEST_STEP][PASSED] - Statement - counter = counter + 1: null

2019-01-09 11:15:43 - [TEST_STEP][PASSED] - Statement - PreSaveFile = new java.io.File(((pathPrefix + java.lang.Integer.toString(counter)) + .png)): null

2019-01-09 11:15:43 - [TEST_STEP][PASSED] - Statement - counter = counter + 1: null

2019-01-09 11:15:43 - [TEST_STEP][PASSED] - Statement - PreSaveFile = new java.io.File(((pathPrefix + java.lang.Integer.toString(counter)) + .png)): null

2019-01-09 11:15:43 - [TEST_STEP][PASSED] - Statement - counter = counter + 1: null

2019-01-09 11:15:43 - [TEST_STEP][PASSED] - Statement - PreSaveFile = new java.io.File(((pathPrefix + java.lang.Integer.toString(counter)) + .png)): null

2019-01-09 11:15:43 - [TEST_STEP][PASSED] - Statement - counter = counter + 1: null

2019-01-09 11:15:43 - [TEST_STEP][PASSED] - Statement - PreSaveFile = new java.io.File(((pathPrefix + java.lang.Integer.toString(counter)) + .png)): null

2019-01-09 11:15:43 - [TEST_STEP][PASSED] - Statement - counter = counter + 1: null

2019-01-09 11:15:43 - [TEST_STEP][PASSED] - Statement - PreSaveFile = new java.io.File(((pathPrefix + java.lang.Integer.toString(counter)) + .png)): null

2019-01-09 11:15:43 - [TEST_STEP][PASSED] - Statement - counter = counter + 1: null

2019-01-09 11:15:44 - [TEST_STEP][PASSED] - Statement - PreSaveFile = new java.io.File(((pathPrefix + java.lang.Integer.toString(counter)) + .png)): null

2019-01-09 11:15:44 - [TEST_STEP][PASSED] - Statement - counter = counter + 1: null

2019-01-09 11:15:44 - [TEST_STEP][PASSED] - Statement - PreSaveFile = new java.io.File(((pathPrefix + java.lang.Integer.toString(counter)) + .png)): null

2019-01-09 11:15:44 - [TEST_STEP][PASSED] - Statement - counter = counter + 1: null

2019-01-09 11:15:44 - [TEST_STEP][PASSED] - Statement - PreSaveFile = new java.io.File(((pathPrefix + java.lang.Integer.toString(counter)) + .png)): null

2019-01-09 11:15:44 - [TEST_STEP][PASSED] - Statement - counter = counter + 1: null

2019-01-09 11:15:44 - [TEST_STEP][PASSED] - Statement - PreSaveFile = new java.io.File(((pathPrefix + java.lang.Integer.toString(counter)) + .png)): null

2019-01-09 11:15:44 - [TEST_STEP][PASSED] - Statement - counter = counter + 1: null

2019-01-09 11:15:44 - [TEST_STEP][PASSED] - Statement - PreSaveFile = new java.io.File(((pathPrefix + java.lang.Integer.toString(counter)) + .png)): null

2019-01-09 11:15:44 - [TEST_STEP][PASSED] - Statement - counter = counter + 1: null

2019-01-09 11:15:44 - [TEST_STEP][PASSED] - Statement - PreSaveFile = new java.io.File(((pathPrefix + java.lang.Integer.toString(counter)) + .png)): null

2019-01-09 11:15:44 - [TEST_STEP][PASSED] - Statement - counter = counter + 1: null

2019-01-09 11:15:44 - [TEST_STEP][PASSED] - Statement - PreSaveFile = new java.io.File(((pathPrefix + java.lang.Integer.toString(counter)) + .png)): null

2019-01-09 11:15:44 - [TEST_STEP][PASSED] - Statement - counter = counter + 1: null

2019-01-09 11:15:44 - [TEST_STEP][PASSED] - Statement - PreSaveFile = new java.io.File(((pathPrefix + java.lang.Integer.toString(counter)) + .png)): null

2019-01-09 11:15:44 - [TEST_STEP][PASSED] - Statement - counter = counter + 1: null

2019-01-09 11:15:44 - [TEST_STEP][PASSED] - Statement - PreSaveFile = new java.io.File(((pathPrefix + java.lang.Integer.toString(counter)) + .png)): null

2019-01-09 11:15:44 - [TEST_STEP][PASSED] - Statement - counter = counter + 1: null

2019-01-09 11:15:44 - [TEST_STEP][PASSED] - Statement - PreSaveFile = new java.io.File(((pathPrefix + java.lang.Integer.toString(counter)) + .png)): null

2019-01-09 11:15:44 - [TEST_STEP][PASSED] - Statement - counter = counter + 1: null

2019-01-09 11:15:44 - [TEST_STEP][PASSED] - Statement - PreSaveFile = new java.io.File(((pathPrefix + java.lang.Integer.toString(counter)) + .png)): null

2019-01-09 11:15:44 - [TEST_STEP][PASSED] - Statement - counter = counter + 1: null

2019-01-09 11:15:44 - [TEST_STEP][PASSED] - Statement - PreSaveFile = new java.io.File(((pathPrefix + java.lang.Integer.toString(counter)) + .png)): null

2019-01-09 11:15:44 - [TEST_STEP][PASSED] - Statement - counter = counter + 1: null

2019-01-09 11:15:44 - [TEST_STEP][PASSED] - Statement - PreSaveFile = new java.io.File(((pathPrefix + java.lang.Integer.toString(counter)) + .png)): null

2019-01-09 11:15:44 - [TEST_STEP][PASSED] - Statement - counter = counter + 1: null

2019-01-09 11:15:44 - [TEST_STEP][PASSED] - Statement - PreSaveFile = new java.io.File(((pathPrefix + java.lang.Integer.toString(counter)) + .png)): null

2019-01-09 11:15:44 - [TEST_STEP][PASSED] - Statement - finalPath = pathPrefix + java.lang.Integer.toString(counter) + ".png": null

2019-01-09 11:15:45 - [TEST_STEP][PASSED] - Statement - SaveFile = new java.io.File(finalPath): null

2019-01-09 11:15:45 - [TEST_STEP][PASSED] - Statement - Try: null

2019-01-09 11:15:45 - [TEST_STEP][PASSED] - Statement - org.apache.commons.io.FileUtils.copyFile(scrFile, SaveFile): null

2019-01-09 11:15:45 - [TEST_STEP][PASSED] - Statement - out.println("file kept"): null

2019-01-09 11:15:45 - [TEST_STEP][PASSED] - delay: Delayed 10 second(s)

2019-01-09 11:15:55 - [MESSAGE][PASSED] - Delayed 10 second(s)

2019-01-09 11:15:55 - [MESSAGE][PASSED] - Call Test Case 'Test Cases/Final Aug 2018 - PKS Automation/Registration Module/New Registration/Submit and Screenshot/Submit Registration and Screenshot' successfully

2019-01-09 11:15:55 - [TEST_STEP][PASSED] - callTestCase: Call Test Case 'Test Cases/Final Aug 2018 - PKS Automation/Registration Module/Log Out/log out avoiding katalon tagging' successfully

2019-01-09 11:15:55 - [TEST_CASE][PASSED] - Test Cases/Final Aug 2018 - PKS Automation/Registration Module/Log Out/log out avoiding katalon tagging: Test Cases/Final Aug 2018 - PKS Automation/Registration Module/Log Out/log out avoiding katalon tagging

2019-01-09 11:15:55 - [TEST_STEP][PASSED] - navigateToUrl: Navigate to 'https://assist2-uat.perkeso.gov.my/c/portal/logout' successfully

2019-01-09 11:15:55 - [MESSAGE][PASSED] - Navigate to 'https://assist2-uat.perkeso.gov.my/c/portal/logout' successfully

2019-01-09 11:15:55 - [MESSAGE][PASSED] - Call Test Case 'Test Cases/Final Aug 2018 - PKS Automation/Registration Module/Log Out/log out avoiding katalon tagging' successfully]]></system-out>
         <system-err><![CDATA[]]></system-err>
      </testcase>
      <testcase name="Test Cases/Final Aug 2018 - PKS Automation/Registration Module/Workflow/New Registration/Case PKR BO to RO - Query - Submit" classname="Test Cases/Final Aug 2018 - PKS Automation/Registration Module/Workflow/New Registration/Case PKR BO to RO - Query - Submit" status="FAILED">
         <failure type="FAILED" message="(Stack trace: com.kms.katalon.core.exception.StepFailedException: Unable to set text 'CRN01201900123669' of object 'Object Repository/Final Object Repo/New Registration - Registration Module Pages/New Reg - OTC to RO/Special Case - All Related Objects/TextBox RefNo in Workbasket' (Root cause: org.openqa.selenium.ElementNotVisibleException: element not interactable
  (Session info: chrome=71.0.3578.98)
  (Driver info: chromedriver=2.43.600210 (68dcf5eebde37173d4027fa8635e332711d2874a),platform=Windows NT 6.1.7601 SP1 x86_64) (WARNING: The server did not provide any stacktrace information)
Command duration or timeout: 0 milliseconds
Build info: version: '3.7.1', revision: '8a0099a', time: '2017-11-06T21:07:36.161Z'
System info: host: 'WIN7TEST02', ip: '10.20.3.72', os.name: 'Windows 7', os.arch: 'amd64', os.version: '6.1', java.version: '1.8.0_181'
Driver info: com.kms.katalon.selenium.driver.CChromeDriver
Capabilities {acceptInsecureCerts: false, acceptSslCerts: false, applicationCacheEnabled: false, browserConnectionEnabled: false, browserName: chrome, chrome: {chromedriverVersion: 2.43.600210 (68dcf5eebde371..., userDataDir: C:\Users\Admin\AppData\Loca...}, cssSelectorsEnabled: true, databaseEnabled: false, goog:chromeOptions: {debuggerAddress: localhost:52990}, handlesAlerts: true, hasTouchScreen: false, javascriptEnabled: true, locationContextEnabled: true, mobileEmulationEnabled: false, nativeEvents: true, networkConnectionEnabled: false, pageLoadStrategy: normal, platform: XP, platformName: XP, rotatable: false, setWindowRect: true, takesHeapSnapshot: true, takesScreenshot: true, unexpectedAlertBehaviour: , unhandledPromptBehavior: , version: 71.0.3578.98, webStorageEnabled: true}
Session ID: e28f2fe66d7da7451977e9544ed06eaf)
	at com.kms.katalon.core.keyword.internal.KeywordMain.stepFailed(KeywordMain.groovy:32)
	at com.kms.katalon.core.webui.keyword.internal.WebUIKeywordMain.stepFailed(WebUIKeywordMain.groovy:65)
	at com.kms.katalon.core.webui.keyword.internal.WebUIKeywordMain.runKeyword(WebUIKeywordMain.groovy:27)
	at com.kms.katalon.core.webui.keyword.builtin.SetTextKeyword.setText(SetTextKeyword.groovy:65)
	at com.kms.katalon.core.webui.keyword.builtin.SetTextKeyword.execute(SetTextKeyword.groovy:37)
	at com.kms.katalon.core.keyword.internal.KeywordExecutor.executeKeywordForPlatform(KeywordExecutor.groovy:53)
	at com.kms.katalon.core.webui.keyword.WebUiBuiltInKeywords.setText(WebUiBuiltInKeywords.groovy:950)
	at com.kms.katalon.core.webui.keyword.WebUiBuiltInKeywords$setText$1.call(Unknown Source)
	at org.codehaus.groovy.runtime.callsite.CallSiteArray.defaultCall(CallSiteArray.java:48)
	at org.codehaus.groovy.runtime.callsite.AbstractCallSite.call(AbstractCallSite.java:113)
	at org.codehaus.groovy.runtime.callsite.AbstractCallSite.call(AbstractCallSite.java:133)
	at Script1535619019036.run(Script1535619019036.groovy:73)
	at com.kms.katalon.core.main.ScriptEngine.run(ScriptEngine.java:183)
	at com.kms.katalon.core.main.ScriptEngine.runScriptAsRawText(ScriptEngine.java:108)
	at com.kms.katalon.core.main.TestCaseExecutor.runScript(TestCaseExecutor.java:294)
	at com.kms.katalon.core.main.TestCaseExecutor.doExecute(TestCaseExecutor.java:285)
	at com.kms.katalon.core.main.TestCaseExecutor.processExecutionPhase(TestCaseExecutor.java:264)
	at com.kms.katalon.core.main.TestCaseExecutor.accessMainPhase(TestCaseExecutor.java:256)
	at com.kms.katalon.core.main.TestCaseExecutor.execute(TestCaseExecutor.java:200)
	at com.kms.katalon.core.main.TestSuiteExecutor.accessTestCaseMainPhase(TestSuiteExecutor.java:129)
	at com.kms.katalon.core.main.TestSuiteExecutor.accessTestSuiteMainPhase(TestSuiteExecutor.java:112)
	at com.kms.katalon.core.main.TestSuiteExecutor.execute(TestSuiteExecutor.java:81)
	at com.kms.katalon.core.main.TestCaseMain.startTestSuite(TestCaseMain.java:142)
	at com.kms.katalon.core.main.TestCaseMain$startTestSuite$0.call(Unknown Source)
	at org.codehaus.groovy.runtime.callsite.CallSiteArray.defaultCall(CallSiteArray.java:48)
	at org.codehaus.groovy.runtime.callsite.AbstractCallSite.call(AbstractCallSite.java:113)
	at org.codehaus.groovy.runtime.callsite.AbstractCallSite.call(AbstractCallSite.java:141)
	at TempTestSuite1547001716520.run(TempTestSuite1547001716520.groovy:36)
	at groovy.lang.GroovyShell.runScriptOrMainOrTestOrRunnable(GroovyShell.java:263)
	at groovy.lang.GroovyShell.run(GroovyShell.java:518)
	at groovy.lang.GroovyShell.run(GroovyShell.java:507)
	at groovy.ui.GroovyMain.processOnce(GroovyMain.java:653)
	at groovy.ui.GroovyMain.run(GroovyMain.java:384)
	at groovy.ui.GroovyMain.process(GroovyMain.java:370)
	at groovy.ui.GroovyMain.processArgs(GroovyMain.java:129)
	at groovy.ui.GroovyMain.main(GroovyMain.java:109)
	at sun.reflect.NativeMethodAccessorImpl.invoke0(Native Method)
	at sun.reflect.NativeMethodAccessorImpl.invoke(NativeMethodAccessorImpl.java:62)
	at sun.reflect.DelegatingMethodAccessorImpl.invoke(DelegatingMethodAccessorImpl.java:43)
	at java.lang.reflect.Method.invoke(Method.java:498)
	at org.codehaus.groovy.tools.GroovyStarter.rootLoader(GroovyStarter.java:109)
	at org.codehaus.groovy.tools.GroovyStarter.main(GroovyStarter.java:131)
)"/>
         <system-out><![CDATA[2019-01-09 11:15:55 - [TEST_CASE][FAILED] - Test Cases/Final Aug 2018 - PKS Automation/Registration Module/Workflow/New Registration/Case PKR BO to RO - Query - Submit: Test Cases/Final Aug 2018 - PKS Automation/Registration Module/Workflow/New Registration/Case PKR BO to RO - Query - Submit FAILED because (of) (Stack trace: com.kms.katalon.core.exception.StepFailedException: Unable to set text 'CRN01201900123669' of object 'Object Repository/Final Object Repo/New Registration - Registration Module Pages/New Reg - OTC to RO/Special Case - All Related Objects/TextBox RefNo in Workbasket' (Root cause: org.openqa.selenium.ElementNotVisibleException: element not interactable
  (Session info: chrome=71.0.3578.98)
  (Driver info: chromedriver=2.43.600210 (68dcf5eebde37173d4027fa8635e332711d2874a),platform=Windows NT 6.1.7601 SP1 x86_64) (WARNING: The server did not provide any stacktrace information)
Command duration or timeout: 0 milliseconds
Build info: version: '3.7.1', revision: '8a0099a', time: '2017-11-06T21:07:36.161Z'
System info: host: 'WIN7TEST02', ip: '10.20.3.72', os.name: 'Windows 7', os.arch: 'amd64', os.version: '6.1', java.version: '1.8.0_181'
Driver info: com.kms.katalon.selenium.driver.CChromeDriver
Capabilities {acceptInsecureCerts: false, acceptSslCerts: false, applicationCacheEnabled: false, browserConnectionEnabled: false, browserName: chrome, chrome: {chromedriverVersion: 2.43.600210 (68dcf5eebde371..., userDataDir: C:\Users\Admin\AppData\Loca...}, cssSelectorsEnabled: true, databaseEnabled: false, goog:chromeOptions: {debuggerAddress: localhost:52990}, handlesAlerts: true, hasTouchScreen: false, javascriptEnabled: true, locationContextEnabled: true, mobileEmulationEnabled: false, nativeEvents: true, networkConnectionEnabled: false, pageLoadStrategy: normal, platform: XP, platformName: XP, rotatable: false, setWindowRect: true, takesHeapSnapshot: true, takesScreenshot: true, unexpectedAlertBehaviour: , unhandledPromptBehavior: , version: 71.0.3578.98, webStorageEnabled: true}
Session ID: e28f2fe66d7da7451977e9544ed06eaf)
	at com.kms.katalon.core.keyword.internal.KeywordMain.stepFailed(KeywordMain.groovy:32)
	at com.kms.katalon.core.webui.keyword.internal.WebUIKeywordMain.stepFailed(WebUIKeywordMain.groovy:65)
	at com.kms.katalon.core.webui.keyword.internal.WebUIKeywordMain.runKeyword(WebUIKeywordMain.groovy:27)
	at com.kms.katalon.core.webui.keyword.builtin.SetTextKeyword.setText(SetTextKeyword.groovy:65)
	at com.kms.katalon.core.webui.keyword.builtin.SetTextKeyword.execute(SetTextKeyword.groovy:37)
	at com.kms.katalon.core.keyword.internal.KeywordExecutor.executeKeywordForPlatform(KeywordExecutor.groovy:53)
	at com.kms.katalon.core.webui.keyword.WebUiBuiltInKeywords.setText(WebUiBuiltInKeywords.groovy:950)
	at com.kms.katalon.core.webui.keyword.WebUiBuiltInKeywords$setText$1.call(Unknown Source)
	at org.codehaus.groovy.runtime.callsite.CallSiteArray.defaultCall(CallSiteArray.java:48)
	at org.codehaus.groovy.runtime.callsite.AbstractCallSite.call(AbstractCallSite.java:113)
	at org.codehaus.groovy.runtime.callsite.AbstractCallSite.call(AbstractCallSite.java:133)
	at Script1535619019036.run(Script1535619019036.groovy:73)
	at com.kms.katalon.core.main.ScriptEngine.run(ScriptEngine.java:183)
	at com.kms.katalon.core.main.ScriptEngine.runScriptAsRawText(ScriptEngine.java:108)
	at com.kms.katalon.core.main.TestCaseExecutor.runScript(TestCaseExecutor.java:294)
	at com.kms.katalon.core.main.TestCaseExecutor.doExecute(TestCaseExecutor.java:285)
	at com.kms.katalon.core.main.TestCaseExecutor.processExecutionPhase(TestCaseExecutor.java:264)
	at com.kms.katalon.core.main.TestCaseExecutor.accessMainPhase(TestCaseExecutor.java:256)
	at com.kms.katalon.core.main.TestCaseExecutor.execute(TestCaseExecutor.java:200)
	at com.kms.katalon.core.main.TestSuiteExecutor.accessTestCaseMainPhase(TestSuiteExecutor.java:129)
	at com.kms.katalon.core.main.TestSuiteExecutor.accessTestSuiteMainPhase(TestSuiteExecutor.java:112)
	at com.kms.katalon.core.main.TestSuiteExecutor.execute(TestSuiteExecutor.java:81)
	at com.kms.katalon.core.main.TestCaseMain.startTestSuite(TestCaseMain.java:142)
	at com.kms.katalon.core.main.TestCaseMain$startTestSuite$0.call(Unknown Source)
	at org.codehaus.groovy.runtime.callsite.CallSiteArray.defaultCall(CallSiteArray.java:48)
	at org.codehaus.groovy.runtime.callsite.AbstractCallSite.call(AbstractCallSite.java:113)
	at org.codehaus.groovy.runtime.callsite.AbstractCallSite.call(AbstractCallSite.java:141)
	at TempTestSuite1547001716520.run(TempTestSuite1547001716520.groovy:36)
	at groovy.lang.GroovyShell.runScriptOrMainOrTestOrRunnable(GroovyShell.java:263)
	at groovy.lang.GroovyShell.run(GroovyShell.java:518)
	at groovy.lang.GroovyShell.run(GroovyShell.java:507)
	at groovy.ui.GroovyMain.processOnce(GroovyMain.java:653)
	at groovy.ui.GroovyMain.run(GroovyMain.java:384)
	at groovy.ui.GroovyMain.process(GroovyMain.java:370)
	at groovy.ui.GroovyMain.processArgs(GroovyMain.java:129)
	at groovy.ui.GroovyMain.main(GroovyMain.java:109)
	at sun.reflect.NativeMethodAccessorImpl.invoke0(Native Method)
	at sun.reflect.NativeMethodAccessorImpl.invoke(NativeMethodAccessorImpl.java:62)
	at sun.reflect.DelegatingMethodAccessorImpl.invoke(DelegatingMethodAccessorImpl.java:43)
	at java.lang.reflect.Method.invoke(Method.java:498)
	at org.codehaus.groovy.tools.GroovyStarter.rootLoader(GroovyStarter.java:109)
	at org.codehaus.groovy.tools.GroovyStarter.main(GroovyStarter.java:131)
)

2019-01-09 11:15:56 - [TEST_STEP][PASSED] - callTestCase: Call Test Case 'Test Cases/Final Aug 2018 - PKS Automation/Registration Module/Workflow/New Registration/Template/Special Case - PKR BO - Form 1' successfully

2019-01-09 11:15:56 - [TEST_CASE][PASSED] - Test Cases/Final Aug 2018 - PKS Automation/Registration Module/Workflow/New Registration/Template/Special Case - PKR BO - Form 1: Test Cases/Final Aug 2018 - PKS Automation/Registration Module/Workflow/New Registration/Template/Special Case - PKR BO - Form 1

2019-01-09 11:15:56 - [TEST_STEP][PASSED] - openBrowser: Browser is opened with url: ''

2019-01-09 11:15:56 - [MESSAGE][WARNING] - A browser is already opened. Closing browser and opening a new one

2019-01-09 11:15:59 - [MESSAGE][PASSED] - Browser is opened with url: ''

2019-01-09 11:15:59 - [TEST_STEP][PASSED] - navigateToUrl: Navigate to 'https://assist2-uat.perkeso.gov.my/login' successfully

2019-01-09 11:16:00 - [MESSAGE][PASSED] - Navigate to 'https://assist2-uat.perkeso.gov.my/login' successfully

2019-01-09 11:16:00 - [TEST_STEP][PASSED] - delay: Delayed 2 second(s)

2019-01-09 11:16:02 - [MESSAGE][PASSED] - Delayed 2 second(s)

2019-01-09 11:16:02 - [TEST_STEP][PASSED] - setText: Text 'klpkrbo2@gmail.com' is set on object 'Object Repository/Final Object Repo/Login Page/Internal User/Email Address'

2019-01-09 11:16:02 - [MESSAGE][PASSED] - Text 'klpkrbo2@gmail.com' is set on object 'Object Repository/Final Object Repo/Login Page/Internal User/Email Address'

2019-01-09 11:16:02 - [TEST_STEP][PASSED] - click: Object: 'Object Repository/Final Object Repo/Login Page/Internal User/Next Button' is clicked on

2019-01-09 11:16:02 - [MESSAGE][PASSED] - Object: 'Object Repository/Final Object Repo/Login Page/Internal User/Next Button' is clicked on

2019-01-09 11:16:02 - [TEST_STEP][PASSED] - delay: Delayed 2 second(s)

2019-01-09 11:16:04 - [MESSAGE][PASSED] - Delayed 2 second(s)

2019-01-09 11:16:04 - [TEST_STEP][PASSED] - setText: Text 'Test1@3456789' is set on object 'Object Repository/Final Object Repo/Login Page/Internal User/Password'

2019-01-09 11:16:05 - [MESSAGE][PASSED] - Text 'Test1@3456789' is set on object 'Object Repository/Final Object Repo/Login Page/Internal User/Password'

2019-01-09 11:16:05 - [TEST_STEP][PASSED] - delay: Delayed 2 second(s)

2019-01-09 11:16:07 - [MESSAGE][PASSED] - Delayed 2 second(s)

2019-01-09 11:16:07 - [TEST_STEP][PASSED] - click: Object: 'Object Repository/Final Object Repo/Login Page/Internal User/Login Button' is clicked on

2019-01-09 11:16:07 - [MESSAGE][PASSED] - Object: 'Object Repository/Final Object Repo/Login Page/Internal User/Login Button' is clicked on

2019-01-09 11:16:07 - [TEST_STEP][PASSED] - Statement - Try: null

2019-01-09 11:16:07 - [TEST_STEP][PASSED] - Statement - Checker = com.kms.katalon.core.webui.keyword.WebUiBuiltInKeywords.verifyElementNotPresent("Final Object Repo/Landing Page/Select to English", 3): null

2019-01-09 11:16:07 - [TEST_STEP][PASSED] - Statement - Catch (Exception e): null

2019-01-09 11:16:07 - [TEST_STEP][PASSED] - Statement - e.printStackTrace(): null

2019-01-09 11:16:07 - [TEST_STEP][PASSED] - delay: Delayed 5 second(s)

2019-01-09 11:16:12 - [MESSAGE][PASSED] - Delayed 5 second(s)

2019-01-09 11:16:12 - [TEST_STEP][PASSED] - click: Object: 'Object Repository/Final Object Repo/Landing Page/My Sites Drop Down' is clicked on

2019-01-09 11:16:12 - [MESSAGE][PASSED] - Object: 'Object Repository/Final Object Repo/Landing Page/My Sites Drop Down' is clicked on

2019-01-09 11:16:12 - [TEST_STEP][PASSED] - click: Object: 'Object Repository/Final Object Repo/Landing Page/Select to Registration Module' is clicked on

2019-01-09 11:16:13 - [MESSAGE][PASSED] - Object: 'Object Repository/Final Object Repo/Landing Page/Select to Registration Module' is clicked on

2019-01-09 11:16:13 - [TEST_STEP][PASSED] - click: Object: 'Object Repository/Final Object Repo/Landing Page/Registration Button' is clicked on

2019-01-09 11:16:15 - [MESSAGE][PASSED] - Object: 'Object Repository/Final Object Repo/Landing Page/Registration Button' is clicked on

2019-01-09 11:16:15 - [TEST_STEP][PASSED] - delay: Delayed 2 second(s)

2019-01-09 11:16:17 - [MESSAGE][PASSED] - Delayed 2 second(s)

2019-01-09 11:16:17 - [TEST_STEP][PASSED] - click: Object: 'Object Repository/Final Object Repo/New Registration - Registration Module Pages/New Reg - OTC to RO/Special Case - OTC - Form 1/AEC NO' is clicked on

2019-01-09 11:16:17 - [MESSAGE][PASSED] - Object: 'Object Repository/Final Object Repo/New Registration - Registration Module Pages/New Reg - OTC to RO/Special Case - OTC - Form 1/AEC NO' is clicked on

2019-01-09 11:16:17 - [TEST_STEP][PASSED] - click: Object: 'Object Repository/Final Object Repo/New Registration - Registration Module Pages/New Reg - OTC to RO/Special Case - OTC - Form 1/Business Entity - Please Select' is clicked on

2019-01-09 11:16:17 - [MESSAGE][PASSED] - Object: 'Object Repository/Final Object Repo/New Registration - Registration Module Pages/New Reg - OTC to RO/Special Case - OTC - Form 1/Business Entity - Please Select' is clicked on

2019-01-09 11:16:17 - [TEST_STEP][PASSED] - click: Object: 'Object Repository/Final Object Repo/New Registration - Registration Module Pages/New Reg - OTC to RO/Special Case - OTC - Form 1/Selected - Corporation' is clicked on

2019-01-09 11:16:17 - [MESSAGE][PASSED] - Object: 'Object Repository/Final Object Repo/New Registration - Registration Module Pages/New Reg - OTC to RO/Special Case - OTC - Form 1/Selected - Corporation' is clicked on

2019-01-09 11:16:17 - [TEST_STEP][PASSED] - delay: Delayed 2 second(s)

2019-01-09 11:16:19 - [MESSAGE][PASSED] - Delayed 2 second(s)

2019-01-09 11:16:19 - [TEST_STEP][PASSED] - click: Object: 'Object Repository/Final Object Repo/New Registration - Registration Module Pages/New Reg - OTC to RO/Special Case - OTC - Form 1/Sub Business Entity - Please Select' is clicked on

2019-01-09 11:16:20 - [MESSAGE][PASSED] - Object: 'Object Repository/Final Object Repo/New Registration - Registration Module Pages/New Reg - OTC to RO/Special Case - OTC - Form 1/Sub Business Entity - Please Select' is clicked on

2019-01-09 11:16:20 - [TEST_STEP][PASSED] - delay: Delayed 2 second(s)

2019-01-09 11:16:22 - [MESSAGE][PASSED] - Delayed 2 second(s)

2019-01-09 11:16:22 - [TEST_STEP][PASSED] - click: Object: 'Object Repository/Final Object Repo/New Registration - Registration Module Pages/New Reg - OTC to RO/Special Case - OTC - Form 1/Selected - Sendirian Berhad' is clicked on

2019-01-09 11:16:22 - [MESSAGE][PASSED] - Object: 'Object Repository/Final Object Repo/New Registration - Registration Module Pages/New Reg - OTC to RO/Special Case - OTC - Form 1/Selected - Sendirian Berhad' is clicked on

2019-01-09 11:16:22 - [TEST_STEP][PASSED] - setText: Text 'AUTOMATE001' is set on object 'Object Repository/Final Object Repo/New Registration - Registration Module Pages/New Reg - OTC to RO/Special Case - OTC - Form 1/Input BRN Number'

2019-01-09 11:16:22 - [MESSAGE][PASSED] - Text 'AUTOMATE001' is set on object 'Object Repository/Final Object Repo/New Registration - Registration Module Pages/New Reg - OTC to RO/Special Case - OTC - Form 1/Input BRN Number'

2019-01-09 11:16:22 - [TEST_STEP][PASSED] - delay: Delayed 2 second(s)

2019-01-09 11:16:24 - [MESSAGE][PASSED] - Delayed 2 second(s)

2019-01-09 11:16:24 - [TEST_STEP][PASSED] - click: Object: 'Object Repository/Final Object Repo/New Registration - Registration Module Pages/New Reg - OTC to RO/Special Case - OTC - Form 1/BRN Search' is clicked on

2019-01-09 11:16:24 - [MESSAGE][PASSED] - Object: 'Object Repository/Final Object Repo/New Registration - Registration Module Pages/New Reg - OTC to RO/Special Case - OTC - Form 1/BRN Search' is clicked on

2019-01-09 11:16:24 - [TEST_STEP][PASSED] - delay: Delayed 4 second(s)

2019-01-09 11:16:28 - [MESSAGE][PASSED] - Delayed 4 second(s)

2019-01-09 11:16:28 - [TEST_STEP][PASSED] - click: Object: 'Object Repository/Final Object Repo/New Registration - Registration Module Pages/New Reg - OTC to RO/Special Case - OTC - Form 1/Registered with SSM - After Feb 2017' is clicked on

2019-01-09 11:16:29 - [MESSAGE][PASSED] - Object: 'Object Repository/Final Object Repo/New Registration - Registration Module Pages/New Reg - OTC to RO/Special Case - OTC - Form 1/Registered with SSM - After Feb 2017' is clicked on

2019-01-09 11:16:29 - [TEST_STEP][PASSED] - delay: Delayed 2 second(s)

2019-01-09 11:16:31 - [MESSAGE][PASSED] - Delayed 2 second(s)

2019-01-09 11:16:31 - [TEST_STEP][PASSED] - click: Object: 'Object Repository/Final Object Repo/New Registration - Registration Module Pages/New Reg - OTC to RO/Special Case - OTC - Form 1/Registering As A Branch - No' is clicked on

2019-01-09 11:16:31 - [MESSAGE][PASSED] - Object: 'Object Repository/Final Object Repo/New Registration - Registration Module Pages/New Reg - OTC to RO/Special Case - OTC - Form 1/Registering As A Branch - No' is clicked on

2019-01-09 11:16:31 - [TEST_STEP][PASSED] - click: Object: 'Object Repository/Final Object Repo/New Registration - Registration Module Pages/New Reg - OTC to RO/Special Case - OTC - Form 1/Acknowledgement Ticked' is clicked on

2019-01-09 11:16:31 - [MESSAGE][PASSED] - Object: 'Object Repository/Final Object Repo/New Registration - Registration Module Pages/New Reg - OTC to RO/Special Case - OTC - Form 1/Acknowledgement Ticked' is clicked on

2019-01-09 11:16:31 - [TEST_STEP][PASSED] - click: Object: 'Object Repository/Final Object Repo/New Registration - Registration Module Pages/New Reg - OTC to RO/Special Case - OTC - Form 1/Submit Button' is clicked on

2019-01-09 11:16:31 - [MESSAGE][PASSED] - Object: 'Object Repository/Final Object Repo/New Registration - Registration Module Pages/New Reg - OTC to RO/Special Case - OTC - Form 1/Submit Button' is clicked on

2019-01-09 11:16:31 - [TEST_STEP][PASSED] - delay: Delayed 2 second(s)

2019-01-09 11:16:33 - [MESSAGE][PASSED] - Delayed 2 second(s)

2019-01-09 11:16:33 - [TEST_STEP][PASSED] - click: Object: 'Object Repository/Final Object Repo/New Registration - Registration Module Pages/New Reg - OTC to RO/Special Case - OTC - Form 1/Confirm No Flagging as Branch' is clicked on

2019-01-09 11:16:33 - [MESSAGE][PASSED] - Object: 'Object Repository/Final Object Repo/New Registration - Registration Module Pages/New Reg - OTC to RO/Special Case - OTC - Form 1/Confirm No Flagging as Branch' is clicked on

2019-01-09 11:16:33 - [MESSAGE][PASSED] - Call Test Case 'Test Cases/Final Aug 2018 - PKS Automation/Registration Module/Workflow/New Registration/Template/Special Case - PKR BO - Form 1' successfully

2019-01-09 11:16:33 - [TEST_STEP][PASSED] - callTestCase: Call Test Case 'Test Cases/Final Aug 2018 - PKS Automation/Registration Module/New Registration/Form 2/Add 1 Eligible' successfully

2019-01-09 11:16:33 - [TEST_CASE][PASSED] - Test Cases/Final Aug 2018 - PKS Automation/Registration Module/New Registration/Form 2/Add 1 Eligible: Test Cases/Final Aug 2018 - PKS Automation/Registration Module/New Registration/Form 2/Add 1 Eligible

2019-01-09 11:16:33 - [TEST_STEP][PASSED] - delay: Delayed 2 second(s)

2019-01-09 11:16:35 - [MESSAGE][PASSED] - Delayed 2 second(s)

2019-01-09 11:16:35 - [TEST_STEP][PASSED] - callTestCase: Call Test Case 'Test Cases/Final Aug 2018 - PKS Automation/Registration Module/New Registration/Form 2/Date Updater' successfully

2019-01-09 11:16:35 - [TEST_CASE][PASSED] - Test Cases/Final Aug 2018 - PKS Automation/Registration Module/New Registration/Form 2/Date Updater: Test Cases/Final Aug 2018 - PKS Automation/Registration Module/New Registration/Form 2/Date Updater

2019-01-09 11:16:35 - [TEST_STEP][PASSED] - Statement - TodayDate = new java.util.Date(): null

2019-01-09 11:16:35 - [TEST_STEP][PASSED] - Statement - CurrentDateNoFilter = new java.text.SimpleDateFormat(): null

2019-01-09 11:16:35 - [TEST_STEP][PASSED] - Statement - CurrentDateNoFilter.applyPattern("MM"): null

2019-01-09 11:16:35 - [TEST_STEP][PASSED] - Statement - monthContainerMatcher = java.lang.Integer.parseInt(CurrentDateNoFilter.format(TodayDate)): null

2019-01-09 11:16:35 - [TEST_STEP][PASSED] - Statement - monthContainerMatcher = monthContainerMatcher - 1: null

2019-01-09 11:16:35 - [TEST_STEP][PASSED] - Statement - CurrentMonth = monthContainerMatcher.toString(): null

2019-01-09 11:16:35 - [TEST_STEP][PASSED] - Statement - CurrentMonth = CurrentMonth: null

2019-01-09 11:16:35 - [TEST_STEP][PASSED] - Statement - CurrentDateNoFilter.applyPattern("yyyy"): null

2019-01-09 11:16:35 - [TEST_STEP][PASSED] - Statement - CurrentYear = CurrentDateNoFilter.format(TodayDate): null

2019-01-09 11:16:35 - [TEST_STEP][PASSED] - Statement - CurrentYear = CurrentYear: null

2019-01-09 11:16:35 - [TEST_STEP][PASSED] - Statement - intCurrentYear = java.lang.Integer.parseInt(CurrentDateNoFilter.format(TodayDate)): null

2019-01-09 11:16:35 - [TEST_STEP][PASSED] - Statement - eighteenYrsAgo = intCurrentYear - 18: null

2019-01-09 11:16:35 - [TEST_STEP][PASSED] - Statement - eighteenYrsBeforeThisYr = eighteenYrsAgo.toString(): null

2019-01-09 11:16:35 - [TEST_STEP][PASSED] - Statement - EighteenYrsBefore = eighteenYrsBeforeThisYr: null

2019-01-09 11:16:35 - [TEST_STEP][PASSED] - Statement - fiftysevenYrsAgo = intCurrentYear - 57: null

2019-01-09 11:16:35 - [TEST_STEP][PASSED] - Statement - fiftysevenYrsBeforeThisYr = fiftysevenYrsAgo.toString(): null

2019-01-09 11:16:35 - [TEST_STEP][PASSED] - Statement - FiftysevenYrsBefore = fiftysevenYrsBeforeThisYr: null

2019-01-09 11:16:35 - [TEST_STEP][PASSED] - Statement - leapYear = false: null

2019-01-09 11:16:35 - [TEST_STEP][PASSED] - Statement - leapYear = intCurrentYear % 4 == 0: null

2019-01-09 11:16:35 - [TEST_STEP][PASSED] - Statement - CurrentDateNoFilter.applyPattern("dd"): null

2019-01-09 11:16:35 - [TEST_STEP][PASSED] - Statement - CurrentDate = CurrentDateNoFilter.format(TodayDate): null

2019-01-09 11:16:35 - [TEST_STEP][PASSED] - Statement - CurrentDate = java.lang.Integer.parseInt(CurrentDate): null

2019-01-09 11:16:35 - [TEST_STEP][PASSED] - Statement - CurrentDate = CurrentDate: null

2019-01-09 11:16:35 - [TEST_STEP][PASSED] - Statement - CurrentDay = java.lang.Integer.parseInt(CurrentDate): null

2019-01-09 11:16:35 - [TEST_STEP][PASSED] - Statement - ConfAdder = <not implemented yet for class: org.codehaus.groovy.ast.expr.EmptyExpression>: null

2019-01-09 11:16:35 - [TEST_STEP][PASSED] - Statement - out.println(CurrentMonth): null

2019-01-09 11:16:35 - [TEST_STEP][PASSED] - Statement - out.println(CurrentDate): null

2019-01-09 11:16:35 - [TEST_STEP][PASSED] - Statement - switch (CurrentDate): null

2019-01-09 11:16:35 - [TEST_STEP][PASSED] - Statement - Default: null

2019-01-09 11:16:35 - [TEST_STEP][PASSED] - Statement - ConfAdder = true: null

2019-01-09 11:16:35 - [TEST_STEP][PASSED] - Statement - Break: null

2019-01-09 11:16:35 - [TEST_STEP][PASSED] - Statement - aDayBefore = <not implemented yet for class: org.codehaus.groovy.ast.expr.EmptyExpression>: null

2019-01-09 11:16:35 - [TEST_STEP][PASSED] - Statement - out.println(ConfAdder): null

2019-01-09 11:16:35 - [TEST_STEP][PASSED] - Statement - If (ConfAdder == true): null

2019-01-09 11:16:35 - [TEST_STEP][PASSED] - Statement - aDayBefore = CurrentDay + 1: null

2019-01-09 11:16:35 - [TEST_STEP][PASSED] - Statement - out.println(aDayBefore): null

2019-01-09 11:16:35 - [TEST_STEP][PASSED] - Statement - If (aDayBefore == 1 && CurrentMonth == 11): null

2019-01-09 11:16:35 - [TEST_STEP][PASSED] - Statement - DayBefore = aDayBefore.toString(): null

2019-01-09 11:16:35 - [TEST_STEP][PASSED] - Statement - OneDayBefore = DayBefore: null

2019-01-09 11:16:36 - [MESSAGE][PASSED] - Call Test Case 'Test Cases/Final Aug 2018 - PKS Automation/Registration Module/New Registration/Form 2/Date Updater' successfully

2019-01-09 11:16:36 - [TEST_STEP][PASSED] - delay: Delayed 1 second(s)

2019-01-09 11:16:37 - [MESSAGE][PASSED] - Delayed 1 second(s)

2019-01-09 11:16:37 - [TEST_STEP][PASSED] - Statement - CaseReferenceNo = com.kms.katalon.core.webui.keyword.WebUiBuiltInKeywords.getText(com.kms.katalon.core.testobject.ObjectRepository.findTestObject(Final Object Repo/New Registration - Registration Module Pages/Form 2/RefNo Acquiring)): Text of object 'Object Repository/Final Object Repo/New Registration - Registration Module Pages/Form 2/RefNo Acquiring' is: 'CRN01201900123669'

2019-01-09 11:16:37 - [MESSAGE][PASSED] - Text of object 'Object Repository/Final Object Repo/New Registration - Registration Module Pages/Form 2/RefNo Acquiring' is: 'CRN01201900123669'

2019-01-09 11:16:37 - [TEST_STEP][PASSED] - delay: Delayed 1 second(s)

2019-01-09 11:16:38 - [MESSAGE][PASSED] - Delayed 1 second(s)

2019-01-09 11:16:38 - [TEST_STEP][PASSED] - click: Object: 'Object Repository/Final Object Repo/New Registration - Registration Module Pages/Form 2/Add Employee Button' is clicked on

2019-01-09 11:16:38 - [MESSAGE][PASSED] - Object: 'Object Repository/Final Object Repo/New Registration - Registration Module Pages/Form 2/Add Employee Button' is clicked on

2019-01-09 11:16:38 - [TEST_STEP][PASSED] - delay: Delayed 1 second(s)

2019-01-09 11:16:39 - [MESSAGE][PASSED] - Delayed 1 second(s)

2019-01-09 11:16:39 - [TEST_STEP][PASSED] - setText: Text '010903091963' is set on object 'Object Repository/Final Object Repo/New Registration - Registration Module Pages/Form 2/NRIC Input'

2019-01-09 11:16:40 - [MESSAGE][PASSED] - Text '010903091963' is set on object 'Object Repository/Final Object Repo/New Registration - Registration Module Pages/Form 2/NRIC Input'

2019-01-09 11:16:40 - [TEST_STEP][PASSED] - click: Object: 'Object Repository/Final Object Repo/New Registration - Registration Module Pages/Form 2/button for search for IC' is clicked on

2019-01-09 11:16:40 - [MESSAGE][PASSED] - Object: 'Object Repository/Final Object Repo/New Registration - Registration Module Pages/Form 2/button for search for IC' is clicked on

2019-01-09 11:16:40 - [TEST_STEP][PASSED] - delay: Delayed 2 second(s)

2019-01-09 11:16:42 - [MESSAGE][PASSED] - Delayed 2 second(s)

2019-01-09 11:16:42 - [TEST_STEP][PASSED] - setText: Text 'Automate001 eligible 1' is set on object 'Object Repository/Final Object Repo/New Registration - Registration Module Pages/Form 2/Employee Name Input'

2019-01-09 11:16:42 - [MESSAGE][PASSED] - Text 'Automate001 eligible 1' is set on object 'Object Repository/Final Object Repo/New Registration - Registration Module Pages/Form 2/Employee Name Input'

2019-01-09 11:16:42 - [TEST_STEP][PASSED] - delay: Delayed 2 second(s)

2019-01-09 11:16:44 - [MESSAGE][PASSED] - Delayed 2 second(s)

2019-01-09 11:16:44 - [TEST_STEP][PASSED] - click: Object: 'Object Repository/Final Object Repo/New Registration - Registration Module Pages/Form 2/DatePicker Pop Up' is clicked on

2019-01-09 11:16:45 - [MESSAGE][PASSED] - Object: 'Object Repository/Final Object Repo/New Registration - Registration Module Pages/Form 2/DatePicker Pop Up' is clicked on

2019-01-09 11:16:45 - [TEST_STEP][PASSED] - click: Object: 'Object Repository/Final Object Repo/New Registration - Registration Module Pages/Form 2/DOB Month' is clicked on

2019-01-09 11:16:45 - [MESSAGE][PASSED] - Object: 'Object Repository/Final Object Repo/New Registration - Registration Module Pages/Form 2/DOB Month' is clicked on

2019-01-09 11:16:45 - [TEST_STEP][PASSED] - Statement - CurrentMonth = CurrentMonth: null

2019-01-09 11:16:45 - [TEST_STEP][PASSED] - Statement - selectMonth = new com.kms.katalon.core.testobject.TestObject(): null

2019-01-09 11:16:45 - [TEST_STEP][PASSED] - Statement - selectMonth.addProperty("xpath", EQUALS, "//body/div/div/div/select/option[@value='" + CurrentMonth + "']", true): null

2019-01-09 11:16:45 - [TEST_STEP][PASSED] - click: Object: '' is clicked on

2019-01-09 11:16:45 - [MESSAGE][PASSED] - Object: '' is clicked on

2019-01-09 11:16:45 - [TEST_STEP][PASSED] - click: Object: 'Object Repository/Final Object Repo/New Registration - Registration Module Pages/Form 2/DOB Year' is clicked on

2019-01-09 11:16:45 - [MESSAGE][PASSED] - Object: 'Object Repository/Final Object Repo/New Registration - Registration Module Pages/Form 2/DOB Year' is clicked on

2019-01-09 11:16:45 - [TEST_STEP][PASSED] - Statement - Eyearsbf = EighteenYrsBefore: null

2019-01-09 11:16:45 - [TEST_STEP][PASSED] - Statement - selectYear = new com.kms.katalon.core.testobject.TestObject(): null

2019-01-09 11:16:45 - [TEST_STEP][PASSED] - Statement - selectYear.addProperty("xpath", EQUALS, "//div/div/div/select/option[@value='" + Eyearsbf + "']", true): null

2019-01-09 11:16:45 - [TEST_STEP][PASSED] - click: Object: '' is clicked on

2019-01-09 11:16:45 - [MESSAGE][PASSED] - Object: '' is clicked on

2019-01-09 11:16:45 - [TEST_STEP][PASSED] - Statement - UpdatedSelectDate = com.kms.katalon.core.webui.keyword.WebUiBuiltInKeywords.modifyObjectProperty(com.kms.katalon.core.testobject.ObjectRepository.findTestObject(Final Object Repo/New Registration - Registration Module Pages/Form 2/DOB Date), "xpath", "equals", "//body/div/table/tbody/tr/td/a[text()="" + CurrentDate + ""]", true): Modify property of object successfully

2019-01-09 11:16:45 - [MESSAGE][PASSED] - Modify property of object successfully

2019-01-09 11:16:45 - [TEST_STEP][PASSED] - delay: Delayed 3 second(s)

2019-01-09 11:16:48 - [MESSAGE][PASSED] - Delayed 3 second(s)

2019-01-09 11:16:48 - [TEST_STEP][PASSED] - click: Object: 'Object Repository/Final Object Repo/New Registration - Registration Module Pages/Form 2/DOB Date' is clicked on

2019-01-09 11:16:48 - [MESSAGE][PASSED] - Object: 'Object Repository/Final Object Repo/New Registration - Registration Module Pages/Form 2/DOB Date' is clicked on

2019-01-09 11:16:48 - [TEST_STEP][PASSED] - delay: Delayed 2 second(s)

2019-01-09 11:16:50 - [MESSAGE][PASSED] - Delayed 2 second(s)

2019-01-09 11:16:50 - [TEST_STEP][PASSED] - click: Object: 'Object Repository/Final Object Repo/New Registration - Registration Module Pages/Form 2/EmploymentStartDate Pop Up' is clicked on

2019-01-09 11:16:51 - [MESSAGE][PASSED] - Object: 'Object Repository/Final Object Repo/New Registration - Registration Module Pages/Form 2/EmploymentStartDate Pop Up' is clicked on

2019-01-09 11:16:51 - [TEST_STEP][PASSED] - delay: Delayed 2 second(s)

2019-01-09 11:16:53 - [MESSAGE][PASSED] - Delayed 2 second(s)

2019-01-09 11:16:53 - [TEST_STEP][PASSED] - click: Object: 'Object Repository/Final Object Repo/New Registration - Registration Module Pages/Form 2/Socso Employment StartDate Month' is clicked on

2019-01-09 11:16:53 - [MESSAGE][PASSED] - Object: 'Object Repository/Final Object Repo/New Registration - Registration Module Pages/Form 2/Socso Employment StartDate Month' is clicked on

2019-01-09 11:16:53 - [TEST_STEP][PASSED] - delay: Delayed 1 second(s)

2019-01-09 11:16:54 - [MESSAGE][PASSED] - Delayed 1 second(s)

2019-01-09 11:16:54 - [TEST_STEP][PASSED] - click: Object: 'Object Repository/Final Object Repo/New Registration - Registration Module Pages/Form 2/Select Socso Employement Startdate Month' is clicked on

2019-01-09 11:16:54 - [MESSAGE][PASSED] - Object: 'Object Repository/Final Object Repo/New Registration - Registration Module Pages/Form 2/Select Socso Employement Startdate Month' is clicked on

2019-01-09 11:16:54 - [TEST_STEP][PASSED] - delay: Delayed 2 second(s)

2019-01-09 11:16:56 - [MESSAGE][PASSED] - Delayed 2 second(s)

2019-01-09 11:16:56 - [TEST_STEP][PASSED] - click: Object: 'Object Repository/Final Object Repo/New Registration - Registration Module Pages/Form 2/Socso Employment StartDate Year' is clicked on

2019-01-09 11:16:56 - [MESSAGE][PASSED] - Object: 'Object Repository/Final Object Repo/New Registration - Registration Module Pages/Form 2/Socso Employment StartDate Year' is clicked on

2019-01-09 11:16:56 - [TEST_STEP][PASSED] - delay: Delayed 1 second(s)

2019-01-09 11:16:57 - [MESSAGE][PASSED] - Delayed 1 second(s)

2019-01-09 11:16:57 - [TEST_STEP][PASSED] - click: Object: 'Object Repository/Final Object Repo/New Registration - Registration Module Pages/Form 2/Select Socso Employment Startdate Year' is clicked on

2019-01-09 11:16:57 - [MESSAGE][PASSED] - Object: 'Object Repository/Final Object Repo/New Registration - Registration Module Pages/Form 2/Select Socso Employment Startdate Year' is clicked on

2019-01-09 11:16:57 - [TEST_STEP][PASSED] - delay: Delayed 2 second(s)

2019-01-09 11:16:59 - [MESSAGE][PASSED] - Delayed 2 second(s)

2019-01-09 11:16:59 - [TEST_STEP][PASSED] - click: Object: 'Object Repository/Final Object Repo/New Registration - Registration Module Pages/Form 2/Socso Employment Start Date Day' is clicked on

2019-01-09 11:16:59 - [MESSAGE][PASSED] - Object: 'Object Repository/Final Object Repo/New Registration - Registration Module Pages/Form 2/Socso Employment Start Date Day' is clicked on

2019-01-09 11:16:59 - [TEST_STEP][PASSED] - delay: Delayed 2 second(s)

2019-01-09 11:17:01 - [MESSAGE][PASSED] - Delayed 2 second(s)

2019-01-09 11:17:01 - [TEST_STEP][PASSED] - click: Object: 'Object Repository/Final Object Repo/New Registration - Registration Module Pages/Form 2/Save Button for Add Employee' is clicked on

2019-01-09 11:17:02 - [MESSAGE][PASSED] - Object: 'Object Repository/Final Object Repo/New Registration - Registration Module Pages/Form 2/Save Button for Add Employee' is clicked on

2019-01-09 11:17:02 - [TEST_STEP][PASSED] - delay: Delayed 6 second(s)

2019-01-09 11:17:08 - [MESSAGE][PASSED] - Delayed 6 second(s)

2019-01-09 11:17:08 - [TEST_STEP][PASSED] - click: Object: 'Object Repository/Final Object Repo/New Registration - Registration Module Pages/Form 2/Save and Continue Form 2' is clicked on

2019-01-09 11:17:08 - [MESSAGE][PASSED] - Object: 'Object Repository/Final Object Repo/New Registration - Registration Module Pages/Form 2/Save and Continue Form 2' is clicked on

2019-01-09 11:17:08 - [MESSAGE][PASSED] - Call Test Case 'Test Cases/Final Aug 2018 - PKS Automation/Registration Module/New Registration/Form 2/Add 1 Eligible' successfully

2019-01-09 11:17:08 - [TEST_STEP][PASSED] - callTestCase: Call Test Case 'Test Cases/Final Aug 2018 - PKS Automation/Registration Module/New Registration/Flow of New Registration/Third Screen - Upload Supporting Doc - Preview' successfully

2019-01-09 11:17:08 - [TEST_CASE][PASSED] - Test Cases/Final Aug 2018 - PKS Automation/Registration Module/New Registration/Flow of New Registration/Third Screen - Upload Supporting Doc - Preview: Test Cases/Final Aug 2018 - PKS Automation/Registration Module/New Registration/Flow of New Registration/Third Screen - Upload Supporting Doc - Preview

2019-01-09 11:17:08 - [TEST_STEP][PASSED] - waitForPageLoad: Wait for page load successfully

2019-01-09 11:17:09 - [MESSAGE][PASSED] - Wait for page load successfully

2019-01-09 11:17:09 - [TEST_STEP][PASSED] - Statement - CaseReferenceNo = com.kms.katalon.core.webui.keyword.WebUiBuiltInKeywords.getText(com.kms.katalon.core.testobject.ObjectRepository.findTestObject(Final Object Repo/New Registration - Registration Module Pages/Third Screen - Upload Supporting Doc- Preview/RefNo Acquiring)): Text of object 'Object Repository/Final Object Repo/New Registration - Registration Module Pages/Third Screen - Upload Supporting Doc- Preview/RefNo Acquiring' is: 'CRN01201900123669'

2019-01-09 11:17:09 - [MESSAGE][PASSED] - Text of object 'Object Repository/Final Object Repo/New Registration - Registration Module Pages/Third Screen - Upload Supporting Doc- Preview/RefNo Acquiring' is: 'CRN01201900123669'

2019-01-09 11:17:09 - [TEST_STEP][PASSED] - delay: Delayed 2 second(s)

2019-01-09 11:17:11 - [MESSAGE][PASSED] - Delayed 2 second(s)

2019-01-09 11:17:11 - [TEST_STEP][PASSED] - callTestCase: Call Test Case 'Test Cases/Final Aug 2018 - PKS Automation/Common/Reference Number Setter' successfully

2019-01-09 11:17:11 - [TEST_CASE][PASSED] - Test Cases/Final Aug 2018 - PKS Automation/Common/Reference Number Setter: Test Cases/Final Aug 2018 - PKS Automation/Common/Reference Number Setter

2019-01-09 11:17:11 - [TEST_STEP][PASSED] - Statement - RefNoOldFile = new java.io.File(C://Users//Admin//Desktop//PKS//Automation Reference Point//KatalonReference.txt): null

2019-01-09 11:17:11 - [TEST_STEP][PASSED] - Statement - RefNoOldFile.delete(): null

2019-01-09 11:17:11 - [TEST_STEP][PASSED] - delay: Delayed 5 second(s)

2019-01-09 11:17:16 - [MESSAGE][PASSED] - Delayed 5 second(s)

2019-01-09 11:17:16 - [TEST_STEP][PASSED] - Statement - RefNo = new java.io.File(C://Users//Admin//Desktop//PKS//Automation Reference Point//KatalonReference.txt): null

2019-01-09 11:17:16 - [TEST_STEP][PASSED] - Statement - f2 = new java.io.FileWriter(RefNo, false): null

2019-01-09 11:17:16 - [TEST_STEP][PASSED] - Statement - f2.write(CaseReferenceNo): null

2019-01-09 11:17:16 - [TEST_STEP][PASSED] - Statement - f2.close(): null

2019-01-09 11:17:16 - [TEST_STEP][PASSED] - Statement - out.println("


" + CaseReferenceNo + "


"): null

2019-01-09 11:17:16 - [MESSAGE][PASSED] - Call Test Case 'Test Cases/Final Aug 2018 - PKS Automation/Common/Reference Number Setter' successfully

2019-01-09 11:17:16 - [TEST_STEP][PASSED] - waitForElementClickable: Object 'Object Repository/Final Object Repo/New Registration - Registration Module Pages/Third Screen - Upload Supporting Doc- Preview/Save n Continue in SIP Employee Listing Page' is clickable

2019-01-09 11:17:16 - [MESSAGE][PASSED] - Object 'Object Repository/Final Object Repo/New Registration - Registration Module Pages/Third Screen - Upload Supporting Doc- Preview/Save n Continue in SIP Employee Listing Page' is clickable

2019-01-09 11:17:16 - [TEST_STEP][PASSED] - click: Object: 'Object Repository/Final Object Repo/New Registration - Registration Module Pages/Third Screen - Upload Supporting Doc- Preview/Save n Continue in SIP Employee Listing Page' is clicked on

2019-01-09 11:17:21 - [MESSAGE][PASSED] - Object: 'Object Repository/Final Object Repo/New Registration - Registration Module Pages/Third Screen - Upload Supporting Doc- Preview/Save n Continue in SIP Employee Listing Page' is clicked on

2019-01-09 11:17:21 - [TEST_STEP][PASSED] - delay: Delayed 7 second(s)

2019-01-09 11:17:28 - [MESSAGE][PASSED] - Delayed 7 second(s)

2019-01-09 11:17:28 - [TEST_STEP][PASSED] - click: Object: 'Object Repository/Final Object Repo/New Registration - Registration Module Pages/Third Screen - Upload Supporting Doc- Preview/Add Document Button' is clicked on

2019-01-09 11:17:28 - [MESSAGE][PASSED] - Object: 'Object Repository/Final Object Repo/New Registration - Registration Module Pages/Third Screen - Upload Supporting Doc- Preview/Add Document Button' is clicked on

2019-01-09 11:17:28 - [TEST_STEP][PASSED] - delay: Delayed 30 second(s)

2019-01-09 11:17:58 - [MESSAGE][PASSED] - Delayed 30 second(s)

2019-01-09 11:17:58 - [TEST_STEP][PASSED] - click: Object: 'Object Repository/Final Object Repo/New Registration - Registration Module Pages/Third Screen - Upload Supporting Doc- Preview/Supporting Doc Please Select Drop Down' is clicked on

2019-01-09 11:17:59 - [MESSAGE][PASSED] - Object: 'Object Repository/Final Object Repo/New Registration - Registration Module Pages/Third Screen - Upload Supporting Doc- Preview/Supporting Doc Please Select Drop Down' is clicked on

2019-01-09 11:17:59 - [TEST_STEP][PASSED] - delay: Delayed 2 second(s)

2019-01-09 11:18:01 - [MESSAGE][PASSED] - Delayed 2 second(s)

2019-01-09 11:18:01 - [TEST_STEP][PASSED] - click: Object: 'Object Repository/Final Object Repo/New Registration - Registration Module Pages/Third Screen - Upload Supporting Doc- Preview/Select to Upload Form 1' is clicked on

2019-01-09 11:18:01 - [MESSAGE][PASSED] - Object: 'Object Repository/Final Object Repo/New Registration - Registration Module Pages/Third Screen - Upload Supporting Doc- Preview/Select to Upload Form 1' is clicked on

2019-01-09 11:18:01 - [TEST_STEP][PASSED] - delay: Delayed 2 second(s)

2019-01-09 11:18:03 - [MESSAGE][PASSED] - Delayed 2 second(s)

2019-01-09 11:18:03 - [TEST_STEP][PASSED] - uploadFile: File 'C:\Users\Public\Pictures\Sample Pictures\Koala.jpg' sent to object: 'Object Repository/Final Object Repo/New Registration - Registration Module Pages/Third Screen - Upload Supporting Doc- Preview/Upload File Adding'

2019-01-09 11:18:03 - [MESSAGE][PASSED] - File 'C:\Users\Public\Pictures\Sample Pictures\Koala.jpg' sent to object: 'Object Repository/Final Object Repo/New Registration - Registration Module Pages/Third Screen - Upload Supporting Doc- Preview/Upload File Adding'

2019-01-09 11:18:03 - [TEST_STEP][PASSED] - delay: Delayed 5 second(s)

2019-01-09 11:18:08 - [MESSAGE][PASSED] - Delayed 5 second(s)

2019-01-09 11:18:08 - [TEST_STEP][PASSED] - click: Object: 'Object Repository/Final Object Repo/New Registration - Registration Module Pages/Third Screen - Upload Supporting Doc- Preview/Inner Form Add Document Button' is clicked on

2019-01-09 11:18:08 - [MESSAGE][PASSED] - Object: 'Object Repository/Final Object Repo/New Registration - Registration Module Pages/Third Screen - Upload Supporting Doc- Preview/Inner Form Add Document Button' is clicked on

2019-01-09 11:18:08 - [TEST_STEP][PASSED] - delay: Delayed 3 second(s)

2019-01-09 11:18:11 - [MESSAGE][PASSED] - Delayed 3 second(s)

2019-01-09 11:18:11 - [TEST_STEP][PASSED] - click: Object: 'Object Repository/Final Object Repo/New Registration - Registration Module Pages/Third Screen - Upload Supporting Doc- Preview/Add Document Button' is clicked on

2019-01-09 11:18:13 - [MESSAGE][PASSED] - Object: 'Object Repository/Final Object Repo/New Registration - Registration Module Pages/Third Screen - Upload Supporting Doc- Preview/Add Document Button' is clicked on

2019-01-09 11:18:13 - [TEST_STEP][PASSED] - delay: Delayed 30 second(s)

2019-01-09 11:18:43 - [MESSAGE][PASSED] - Delayed 30 second(s)

2019-01-09 11:18:43 - [TEST_STEP][PASSED] - click: Object: 'Object Repository/Final Object Repo/New Registration - Registration Module Pages/Third Screen - Upload Supporting Doc- Preview/Supporting Doc Please Select Drop Down' is clicked on

2019-01-09 11:18:43 - [MESSAGE][PASSED] - Object: 'Object Repository/Final Object Repo/New Registration - Registration Module Pages/Third Screen - Upload Supporting Doc- Preview/Supporting Doc Please Select Drop Down' is clicked on

2019-01-09 11:18:43 - [TEST_STEP][PASSED] - delay: Delayed 4 second(s)

2019-01-09 11:18:47 - [MESSAGE][PASSED] - Delayed 4 second(s)

2019-01-09 11:18:47 - [TEST_STEP][PASSED] - click: Object: 'Object Repository/Final Object Repo/New Registration - Registration Module Pages/Third Screen - Upload Supporting Doc- Preview/Select to Upload Form 2' is clicked on

2019-01-09 11:18:47 - [MESSAGE][PASSED] - Object: 'Object Repository/Final Object Repo/New Registration - Registration Module Pages/Third Screen - Upload Supporting Doc- Preview/Select to Upload Form 2' is clicked on

2019-01-09 11:18:47 - [TEST_STEP][PASSED] - delay: Delayed 2 second(s)

2019-01-09 11:18:49 - [MESSAGE][PASSED] - Delayed 2 second(s)

2019-01-09 11:18:49 - [TEST_STEP][PASSED] - uploadFile: File 'C:\Users\Public\Pictures\Sample Pictures\Koala.jpg' sent to object: 'Object Repository/Final Object Repo/New Registration - Registration Module Pages/Third Screen - Upload Supporting Doc- Preview/Upload File Adding'

2019-01-09 11:18:49 - [MESSAGE][PASSED] - File 'C:\Users\Public\Pictures\Sample Pictures\Koala.jpg' sent to object: 'Object Repository/Final Object Repo/New Registration - Registration Module Pages/Third Screen - Upload Supporting Doc- Preview/Upload File Adding'

2019-01-09 11:18:49 - [TEST_STEP][PASSED] - click: Object: 'Object Repository/Final Object Repo/New Registration - Registration Module Pages/Third Screen - Upload Supporting Doc- Preview/Inner Form Add Document Button' is clicked on

2019-01-09 11:18:49 - [MESSAGE][PASSED] - Object: 'Object Repository/Final Object Repo/New Registration - Registration Module Pages/Third Screen - Upload Supporting Doc- Preview/Inner Form Add Document Button' is clicked on

2019-01-09 11:18:49 - [TEST_STEP][PASSED] - delay: Delayed 5 second(s)

2019-01-09 11:18:54 - [MESSAGE][PASSED] - Delayed 5 second(s)

2019-01-09 11:18:54 - [TEST_STEP][PASSED] - click: Object: 'Object Repository/Final Object Repo/New Registration - Registration Module Pages/Third Screen - Upload Supporting Doc- Preview/Add Document Button' is clicked on

2019-01-09 11:18:54 - [MESSAGE][PASSED] - Object: 'Object Repository/Final Object Repo/New Registration - Registration Module Pages/Third Screen - Upload Supporting Doc- Preview/Add Document Button' is clicked on

2019-01-09 11:18:54 - [TEST_STEP][PASSED] - delay: Delayed 30 second(s)

2019-01-09 11:19:24 - [MESSAGE][PASSED] - Delayed 30 second(s)

2019-01-09 11:19:24 - [TEST_STEP][PASSED] - click: Object: 'Object Repository/Final Object Repo/New Registration - Registration Module Pages/Third Screen - Upload Supporting Doc- Preview/Supporting Doc Please Select Drop Down' is clicked on

2019-01-09 11:19:25 - [MESSAGE][PASSED] - Object: 'Object Repository/Final Object Repo/New Registration - Registration Module Pages/Third Screen - Upload Supporting Doc- Preview/Supporting Doc Please Select Drop Down' is clicked on

2019-01-09 11:19:25 - [TEST_STEP][PASSED] - click: Object: 'Object Repository/Final Object Repo/New Registration - Registration Module Pages/Third Screen - Upload Supporting Doc- Preview/Select to Upload Borang SIP 1' is clicked on

2019-01-09 11:19:25 - [MESSAGE][PASSED] - Object: 'Object Repository/Final Object Repo/New Registration - Registration Module Pages/Third Screen - Upload Supporting Doc- Preview/Select to Upload Borang SIP 1' is clicked on

2019-01-09 11:19:25 - [TEST_STEP][PASSED] - delay: Delayed 2 second(s)

2019-01-09 11:19:27 - [MESSAGE][PASSED] - Delayed 2 second(s)

2019-01-09 11:19:27 - [TEST_STEP][PASSED] - uploadFile: File 'C:\Users\Public\Pictures\Sample Pictures\Koala.jpg' sent to object: 'Object Repository/Final Object Repo/New Registration - Registration Module Pages/Third Screen - Upload Supporting Doc- Preview/Upload File Adding'

2019-01-09 11:19:27 - [MESSAGE][PASSED] - File 'C:\Users\Public\Pictures\Sample Pictures\Koala.jpg' sent to object: 'Object Repository/Final Object Repo/New Registration - Registration Module Pages/Third Screen - Upload Supporting Doc- Preview/Upload File Adding'

2019-01-09 11:19:27 - [TEST_STEP][PASSED] - click: Object: 'Object Repository/Final Object Repo/New Registration - Registration Module Pages/Third Screen - Upload Supporting Doc- Preview/Inner Form Add Document Button' is clicked on

2019-01-09 11:19:27 - [MESSAGE][PASSED] - Object: 'Object Repository/Final Object Repo/New Registration - Registration Module Pages/Third Screen - Upload Supporting Doc- Preview/Inner Form Add Document Button' is clicked on

2019-01-09 11:19:27 - [TEST_STEP][PASSED] - delay: Delayed 5 second(s)

2019-01-09 11:19:32 - [MESSAGE][PASSED] - Delayed 5 second(s)

2019-01-09 11:19:32 - [TEST_STEP][PASSED] - click: Object: 'Object Repository/Final Object Repo/New Registration - Registration Module Pages/Third Screen - Upload Supporting Doc- Preview/Add Document Button' is clicked on

2019-01-09 11:19:32 - [MESSAGE][PASSED] - Object: 'Object Repository/Final Object Repo/New Registration - Registration Module Pages/Third Screen - Upload Supporting Doc- Preview/Add Document Button' is clicked on

2019-01-09 11:19:32 - [TEST_STEP][PASSED] - delay: Delayed 30 second(s)

2019-01-09 11:20:02 - [MESSAGE][PASSED] - Delayed 30 second(s)

2019-01-09 11:20:02 - [TEST_STEP][PASSED] - click: Object: 'Object Repository/Final Object Repo/New Registration - Registration Module Pages/Third Screen - Upload Supporting Doc- Preview/Supporting Doc Please Select Drop Down' is clicked on

2019-01-09 11:20:03 - [MESSAGE][PASSED] - Object: 'Object Repository/Final Object Repo/New Registration - Registration Module Pages/Third Screen - Upload Supporting Doc- Preview/Supporting Doc Please Select Drop Down' is clicked on

2019-01-09 11:20:03 - [TEST_STEP][PASSED] - delay: Delayed 3 second(s)

2019-01-09 11:20:06 - [MESSAGE][PASSED] - Delayed 3 second(s)

2019-01-09 11:20:06 - [TEST_STEP][PASSED] - click: Object: 'Object Repository/Final Object Repo/New Registration - Registration Module Pages/Third Screen - Upload Supporting Doc- Preview/Select to Upload Borang SIP 2' is clicked on

2019-01-09 11:20:06 - [MESSAGE][PASSED] - Object: 'Object Repository/Final Object Repo/New Registration - Registration Module Pages/Third Screen - Upload Supporting Doc- Preview/Select to Upload Borang SIP 2' is clicked on

2019-01-09 11:20:06 - [TEST_STEP][PASSED] - delay: Delayed 2 second(s)

2019-01-09 11:20:08 - [MESSAGE][PASSED] - Delayed 2 second(s)

2019-01-09 11:20:08 - [TEST_STEP][PASSED] - uploadFile: File 'C:\Users\Public\Pictures\Sample Pictures\Koala.jpg' sent to object: 'Object Repository/Final Object Repo/New Registration - Registration Module Pages/Third Screen - Upload Supporting Doc- Preview/Upload File Adding'

2019-01-09 11:20:08 - [MESSAGE][PASSED] - File 'C:\Users\Public\Pictures\Sample Pictures\Koala.jpg' sent to object: 'Object Repository/Final Object Repo/New Registration - Registration Module Pages/Third Screen - Upload Supporting Doc- Preview/Upload File Adding'

2019-01-09 11:20:08 - [TEST_STEP][PASSED] - delay: Delayed 5 second(s)

2019-01-09 11:20:13 - [MESSAGE][PASSED] - Delayed 5 second(s)

2019-01-09 11:20:13 - [TEST_STEP][PASSED] - click: Object: 'Object Repository/Final Object Repo/New Registration - Registration Module Pages/Third Screen - Upload Supporting Doc- Preview/Inner Form Add Document Button' is clicked on

2019-01-09 11:20:13 - [MESSAGE][PASSED] - Object: 'Object Repository/Final Object Repo/New Registration - Registration Module Pages/Third Screen - Upload Supporting Doc- Preview/Inner Form Add Document Button' is clicked on

2019-01-09 11:20:13 - [TEST_STEP][PASSED] - delay: Delayed 3 second(s)

2019-01-09 11:20:16 - [MESSAGE][PASSED] - Delayed 3 second(s)

2019-01-09 11:20:16 - [TEST_STEP][PASSED] - waitForElementClickable: Object 'Object Repository/Final Object Repo/New Registration - Registration Module Pages/Third Screen - Upload Supporting Doc- Preview/Save n Continue in Uploading Supporting Doc Page' is clickable

2019-01-09 11:20:17 - [MESSAGE][PASSED] - Object 'Object Repository/Final Object Repo/New Registration - Registration Module Pages/Third Screen - Upload Supporting Doc- Preview/Save n Continue in Uploading Supporting Doc Page' is clickable

2019-01-09 11:20:17 - [TEST_STEP][PASSED] - click: Object: 'Object Repository/Final Object Repo/New Registration - Registration Module Pages/Third Screen - Upload Supporting Doc- Preview/Save n Continue in Uploading Supporting Doc Page' is clicked on

2019-01-09 11:20:18 - [MESSAGE][PASSED] - Object: 'Object Repository/Final Object Repo/New Registration - Registration Module Pages/Third Screen - Upload Supporting Doc- Preview/Save n Continue in Uploading Supporting Doc Page' is clicked on

2019-01-09 11:20:18 - [MESSAGE][PASSED] - Call Test Case 'Test Cases/Final Aug 2018 - PKS Automation/Registration Module/New Registration/Flow of New Registration/Third Screen - Upload Supporting Doc - Preview' successfully

2019-01-09 11:20:18 - [TEST_STEP][PASSED] - callTestCase: Call Test Case 'Test Cases/Final Aug 2018 - PKS Automation/Registration Module/New Registration/Submit and Screenshot/Submit Registration and Screenshot' successfully

2019-01-09 11:20:18 - [TEST_CASE][PASSED] - Test Cases/Final Aug 2018 - PKS Automation/Registration Module/New Registration/Submit and Screenshot/Submit Registration and Screenshot: Test Cases/Final Aug 2018 - PKS Automation/Registration Module/New Registration/Submit and Screenshot/Submit Registration and Screenshot

2019-01-09 11:20:18 - [TEST_STEP][PASSED] - delay: Delayed 6 second(s)

2019-01-09 11:20:24 - [MESSAGE][PASSED] - Delayed 6 second(s)

2019-01-09 11:20:24 - [TEST_STEP][PASSED] - click: Object: 'Object Repository/Final Object Repo/New Registration - Registration Module Pages/Third Screen - Upload Supporting Doc- Preview/Preview Submit Button' is clicked on

2019-01-09 11:20:24 - [MESSAGE][PASSED] - Object: 'Object Repository/Final Object Repo/New Registration - Registration Module Pages/Third Screen - Upload Supporting Doc- Preview/Preview Submit Button' is clicked on

2019-01-09 11:20:24 - [TEST_STEP][PASSED] - delay: Delayed 2 second(s)

2019-01-09 11:20:26 - [MESSAGE][PASSED] - Delayed 2 second(s)

2019-01-09 11:20:26 - [TEST_STEP][PASSED] - click: Object: 'Object Repository/Final Object Repo/New Registration - Registration Module Pages/Third Screen - Upload Supporting Doc- Preview/Preview Submit - Confirm' is clicked on

2019-01-09 11:20:26 - [MESSAGE][PASSED] - Object: 'Object Repository/Final Object Repo/New Registration - Registration Module Pages/Third Screen - Upload Supporting Doc- Preview/Preview Submit - Confirm' is clicked on

2019-01-09 11:20:26 - [TEST_STEP][PASSED] - delay: Delayed 15 second(s)

2019-01-09 11:20:41 - [MESSAGE][PASSED] - Delayed 15 second(s)

2019-01-09 11:20:41 - [TEST_STEP][PASSED] - Statement - driver = com.kms.katalon.core.webui.driver.DriverFactory.getWebDriver(): null

2019-01-09 11:20:41 - [TEST_STEP][PASSED] - Statement - driver.manage().timeouts().implicitlyWait(10, SECONDS): null

2019-01-09 11:20:41 - [TEST_STEP][PASSED] - Statement - PresavePath = KatalonScreenshots: null

2019-01-09 11:20:41 - [TEST_STEP][PASSED] - Statement - pathPrefix = "C:\Users\Public\Pictures\Sample Pictures\Katalon Screenshots\Automate Ending Screen": null

2019-01-09 11:20:41 - [TEST_STEP][PASSED] - Statement - finalPath = <not implemented yet for class: org.codehaus.groovy.ast.expr.EmptyExpression>: null

2019-01-09 11:20:41 - [TEST_STEP][PASSED] - Statement - scrFile = driver.getScreenshotAs(FILE): null

2019-01-09 11:20:41 - [TEST_STEP][PASSED] - Statement - PreSaveFile = new java.io.File(PresavePath): null

2019-01-09 11:20:41 - [TEST_STEP][PASSED] - Statement - counter = 0: null

2019-01-09 11:20:41 - [TEST_STEP][PASSED] - Statement - If (PreSaveFile.exists()): null

2019-01-09 11:20:41 - [TEST_STEP][PASSED] - Statement - While (PreSaveFile.exists()): null

2019-01-09 11:20:41 - [TEST_STEP][PASSED] - Statement - counter = counter + 1: null

2019-01-09 11:20:41 - [TEST_STEP][PASSED] - Statement - PreSaveFile = new java.io.File(((pathPrefix + java.lang.Integer.toString(counter)) + .png)): null

2019-01-09 11:20:41 - [TEST_STEP][PASSED] - Statement - counter = counter + 1: null

2019-01-09 11:20:41 - [TEST_STEP][PASSED] - Statement - PreSaveFile = new java.io.File(((pathPrefix + java.lang.Integer.toString(counter)) + .png)): null

2019-01-09 11:20:41 - [TEST_STEP][PASSED] - Statement - counter = counter + 1: null

2019-01-09 11:20:41 - [TEST_STEP][PASSED] - Statement - PreSaveFile = new java.io.File(((pathPrefix + java.lang.Integer.toString(counter)) + .png)): null

2019-01-09 11:20:41 - [TEST_STEP][PASSED] - Statement - counter = counter + 1: null

2019-01-09 11:20:41 - [TEST_STEP][PASSED] - Statement - PreSaveFile = new java.io.File(((pathPrefix + java.lang.Integer.toString(counter)) + .png)): null

2019-01-09 11:20:41 - [TEST_STEP][PASSED] - Statement - counter = counter + 1: null

2019-01-09 11:20:41 - [TEST_STEP][PASSED] - Statement - PreSaveFile = new java.io.File(((pathPrefix + java.lang.Integer.toString(counter)) + .png)): null

2019-01-09 11:20:41 - [TEST_STEP][PASSED] - Statement - counter = counter + 1: null

2019-01-09 11:20:41 - [TEST_STEP][PASSED] - Statement - PreSaveFile = new java.io.File(((pathPrefix + java.lang.Integer.toString(counter)) + .png)): null

2019-01-09 11:20:41 - [TEST_STEP][PASSED] - Statement - counter = counter + 1: null

2019-01-09 11:20:41 - [TEST_STEP][PASSED] - Statement - PreSaveFile = new java.io.File(((pathPrefix + java.lang.Integer.toString(counter)) + .png)): null

2019-01-09 11:20:41 - [TEST_STEP][PASSED] - Statement - counter = counter + 1: null

2019-01-09 11:20:41 - [TEST_STEP][PASSED] - Statement - PreSaveFile = new java.io.File(((pathPrefix + java.lang.Integer.toString(counter)) + .png)): null

2019-01-09 11:20:41 - [TEST_STEP][PASSED] - Statement - counter = counter + 1: null

2019-01-09 11:20:41 - [TEST_STEP][PASSED] - Statement - PreSaveFile = new java.io.File(((pathPrefix + java.lang.Integer.toString(counter)) + .png)): null

2019-01-09 11:20:41 - [TEST_STEP][PASSED] - Statement - counter = counter + 1: null

2019-01-09 11:20:41 - [TEST_STEP][PASSED] - Statement - PreSaveFile = new java.io.File(((pathPrefix + java.lang.Integer.toString(counter)) + .png)): null

2019-01-09 11:20:41 - [TEST_STEP][PASSED] - Statement - counter = counter + 1: null

2019-01-09 11:20:41 - [TEST_STEP][PASSED] - Statement - PreSaveFile = new java.io.File(((pathPrefix + java.lang.Integer.toString(counter)) + .png)): null

2019-01-09 11:20:41 - [TEST_STEP][PASSED] - Statement - counter = counter + 1: null

2019-01-09 11:20:41 - [TEST_STEP][PASSED] - Statement - PreSaveFile = new java.io.File(((pathPrefix + java.lang.Integer.toString(counter)) + .png)): null

2019-01-09 11:20:41 - [TEST_STEP][PASSED] - Statement - counter = counter + 1: null

2019-01-09 11:20:41 - [TEST_STEP][PASSED] - Statement - PreSaveFile = new java.io.File(((pathPrefix + java.lang.Integer.toString(counter)) + .png)): null

2019-01-09 11:20:41 - [TEST_STEP][PASSED] - Statement - counter = counter + 1: null

2019-01-09 11:20:41 - [TEST_STEP][PASSED] - Statement - PreSaveFile = new java.io.File(((pathPrefix + java.lang.Integer.toString(counter)) + .png)): null

2019-01-09 11:20:41 - [TEST_STEP][PASSED] - Statement - counter = counter + 1: null

2019-01-09 11:20:41 - [TEST_STEP][PASSED] - Statement - PreSaveFile = new java.io.File(((pathPrefix + java.lang.Integer.toString(counter)) + .png)): null

2019-01-09 11:20:41 - [TEST_STEP][PASSED] - Statement - counter = counter + 1: null

2019-01-09 11:20:41 - [TEST_STEP][PASSED] - Statement - PreSaveFile = new java.io.File(((pathPrefix + java.lang.Integer.toString(counter)) + .png)): null

2019-01-09 11:20:41 - [TEST_STEP][PASSED] - Statement - counter = counter + 1: null

2019-01-09 11:20:41 - [TEST_STEP][PASSED] - Statement - PreSaveFile = new java.io.File(((pathPrefix + java.lang.Integer.toString(counter)) + .png)): null

2019-01-09 11:20:41 - [TEST_STEP][PASSED] - Statement - counter = counter + 1: null

2019-01-09 11:20:42 - [TEST_STEP][PASSED] - Statement - PreSaveFile = new java.io.File(((pathPrefix + java.lang.Integer.toString(counter)) + .png)): null

2019-01-09 11:20:42 - [TEST_STEP][PASSED] - Statement - counter = counter + 1: null

2019-01-09 11:20:42 - [TEST_STEP][PASSED] - Statement - PreSaveFile = new java.io.File(((pathPrefix + java.lang.Integer.toString(counter)) + .png)): null

2019-01-09 11:20:42 - [TEST_STEP][PASSED] - Statement - counter = counter + 1: null

2019-01-09 11:20:42 - [TEST_STEP][PASSED] - Statement - PreSaveFile = new java.io.File(((pathPrefix + java.lang.Integer.toString(counter)) + .png)): null

2019-01-09 11:20:42 - [TEST_STEP][PASSED] - Statement - counter = counter + 1: null

2019-01-09 11:20:42 - [TEST_STEP][PASSED] - Statement - PreSaveFile = new java.io.File(((pathPrefix + java.lang.Integer.toString(counter)) + .png)): null

2019-01-09 11:20:42 - [TEST_STEP][PASSED] - Statement - counter = counter + 1: null

2019-01-09 11:20:42 - [TEST_STEP][PASSED] - Statement - PreSaveFile = new java.io.File(((pathPrefix + java.lang.Integer.toString(counter)) + .png)): null

2019-01-09 11:20:42 - [TEST_STEP][PASSED] - Statement - counter = counter + 1: null

2019-01-09 11:20:42 - [TEST_STEP][PASSED] - Statement - PreSaveFile = new java.io.File(((pathPrefix + java.lang.Integer.toString(counter)) + .png)): null

2019-01-09 11:20:42 - [TEST_STEP][PASSED] - Statement - counter = counter + 1: null

2019-01-09 11:20:42 - [TEST_STEP][PASSED] - Statement - PreSaveFile = new java.io.File(((pathPrefix + java.lang.Integer.toString(counter)) + .png)): null

2019-01-09 11:20:42 - [TEST_STEP][PASSED] - Statement - counter = counter + 1: null

2019-01-09 11:20:42 - [TEST_STEP][PASSED] - Statement - PreSaveFile = new java.io.File(((pathPrefix + java.lang.Integer.toString(counter)) + .png)): null

2019-01-09 11:20:42 - [TEST_STEP][PASSED] - Statement - counter = counter + 1: null

2019-01-09 11:20:42 - [TEST_STEP][PASSED] - Statement - PreSaveFile = new java.io.File(((pathPrefix + java.lang.Integer.toString(counter)) + .png)): null

2019-01-09 11:20:42 - [TEST_STEP][PASSED] - Statement - counter = counter + 1: null

2019-01-09 11:20:42 - [TEST_STEP][PASSED] - Statement - PreSaveFile = new java.io.File(((pathPrefix + java.lang.Integer.toString(counter)) + .png)): null

2019-01-09 11:20:42 - [TEST_STEP][PASSED] - Statement - counter = counter + 1: null

2019-01-09 11:20:42 - [TEST_STEP][PASSED] - Statement - PreSaveFile = new java.io.File(((pathPrefix + java.lang.Integer.toString(counter)) + .png)): null

2019-01-09 11:20:42 - [TEST_STEP][PASSED] - Statement - counter = counter + 1: null

2019-01-09 11:20:42 - [TEST_STEP][PASSED] - Statement - PreSaveFile = new java.io.File(((pathPrefix + java.lang.Integer.toString(counter)) + .png)): null

2019-01-09 11:20:42 - [TEST_STEP][PASSED] - Statement - counter = counter + 1: null

2019-01-09 11:20:42 - [TEST_STEP][PASSED] - Statement - PreSaveFile = new java.io.File(((pathPrefix + java.lang.Integer.toString(counter)) + .png)): null

2019-01-09 11:20:42 - [TEST_STEP][PASSED] - Statement - counter = counter + 1: null

2019-01-09 11:20:42 - [TEST_STEP][PASSED] - Statement - PreSaveFile = new java.io.File(((pathPrefix + java.lang.Integer.toString(counter)) + .png)): null

2019-01-09 11:20:42 - [TEST_STEP][PASSED] - Statement - counter = counter + 1: null

2019-01-09 11:20:42 - [TEST_STEP][PASSED] - Statement - PreSaveFile = new java.io.File(((pathPrefix + java.lang.Integer.toString(counter)) + .png)): null

2019-01-09 11:20:43 - [TEST_STEP][PASSED] - Statement - counter = counter + 1: null

2019-01-09 11:20:43 - [TEST_STEP][PASSED] - Statement - PreSaveFile = new java.io.File(((pathPrefix + java.lang.Integer.toString(counter)) + .png)): null

2019-01-09 11:20:43 - [TEST_STEP][PASSED] - Statement - counter = counter + 1: null

2019-01-09 11:20:43 - [TEST_STEP][PASSED] - Statement - PreSaveFile = new java.io.File(((pathPrefix + java.lang.Integer.toString(counter)) + .png)): null

2019-01-09 11:20:43 - [TEST_STEP][PASSED] - Statement - counter = counter + 1: null

2019-01-09 11:20:43 - [TEST_STEP][PASSED] - Statement - PreSaveFile = new java.io.File(((pathPrefix + java.lang.Integer.toString(counter)) + .png)): null

2019-01-09 11:20:43 - [TEST_STEP][PASSED] - Statement - counter = counter + 1: null

2019-01-09 11:20:43 - [TEST_STEP][PASSED] - Statement - PreSaveFile = new java.io.File(((pathPrefix + java.lang.Integer.toString(counter)) + .png)): null

2019-01-09 11:20:43 - [TEST_STEP][PASSED] - Statement - counter = counter + 1: null

2019-01-09 11:20:43 - [TEST_STEP][PASSED] - Statement - PreSaveFile = new java.io.File(((pathPrefix + java.lang.Integer.toString(counter)) + .png)): null

2019-01-09 11:20:43 - [TEST_STEP][PASSED] - Statement - counter = counter + 1: null

2019-01-09 11:20:43 - [TEST_STEP][PASSED] - Statement - PreSaveFile = new java.io.File(((pathPrefix + java.lang.Integer.toString(counter)) + .png)): null

2019-01-09 11:20:43 - [TEST_STEP][PASSED] - Statement - counter = counter + 1: null

2019-01-09 11:20:43 - [TEST_STEP][PASSED] - Statement - PreSaveFile = new java.io.File(((pathPrefix + java.lang.Integer.toString(counter)) + .png)): null

2019-01-09 11:20:43 - [TEST_STEP][PASSED] - Statement - counter = counter + 1: null

2019-01-09 11:20:43 - [TEST_STEP][PASSED] - Statement - PreSaveFile = new java.io.File(((pathPrefix + java.lang.Integer.toString(counter)) + .png)): null

2019-01-09 11:20:43 - [TEST_STEP][PASSED] - Statement - counter = counter + 1: null

2019-01-09 11:20:43 - [TEST_STEP][PASSED] - Statement - PreSaveFile = new java.io.File(((pathPrefix + java.lang.Integer.toString(counter)) + .png)): null

2019-01-09 11:20:43 - [TEST_STEP][PASSED] - Statement - counter = counter + 1: null

2019-01-09 11:20:43 - [TEST_STEP][PASSED] - Statement - PreSaveFile = new java.io.File(((pathPrefix + java.lang.Integer.toString(counter)) + .png)): null

2019-01-09 11:20:43 - [TEST_STEP][PASSED] - Statement - counter = counter + 1: null

2019-01-09 11:20:43 - [TEST_STEP][PASSED] - Statement - PreSaveFile = new java.io.File(((pathPrefix + java.lang.Integer.toString(counter)) + .png)): null

2019-01-09 11:20:43 - [TEST_STEP][PASSED] - Statement - counter = counter + 1: null

2019-01-09 11:20:43 - [TEST_STEP][PASSED] - Statement - PreSaveFile = new java.io.File(((pathPrefix + java.lang.Integer.toString(counter)) + .png)): null

2019-01-09 11:20:43 - [TEST_STEP][PASSED] - Statement - counter = counter + 1: null

2019-01-09 11:20:43 - [TEST_STEP][PASSED] - Statement - PreSaveFile = new java.io.File(((pathPrefix + java.lang.Integer.toString(counter)) + .png)): null

2019-01-09 11:20:43 - [TEST_STEP][PASSED] - Statement - counter = counter + 1: null

2019-01-09 11:20:43 - [TEST_STEP][PASSED] - Statement - PreSaveFile = new java.io.File(((pathPrefix + java.lang.Integer.toString(counter)) + .png)): null

2019-01-09 11:20:43 - [TEST_STEP][PASSED] - Statement - counter = counter + 1: null

2019-01-09 11:20:43 - [TEST_STEP][PASSED] - Statement - PreSaveFile = new java.io.File(((pathPrefix + java.lang.Integer.toString(counter)) + .png)): null

2019-01-09 11:20:43 - [TEST_STEP][PASSED] - Statement - counter = counter + 1: null

2019-01-09 11:20:44 - [TEST_STEP][PASSED] - Statement - PreSaveFile = new java.io.File(((pathPrefix + java.lang.Integer.toString(counter)) + .png)): null

2019-01-09 11:20:44 - [TEST_STEP][PASSED] - Statement - counter = counter + 1: null

2019-01-09 11:20:44 - [TEST_STEP][PASSED] - Statement - PreSaveFile = new java.io.File(((pathPrefix + java.lang.Integer.toString(counter)) + .png)): null

2019-01-09 11:20:44 - [TEST_STEP][PASSED] - Statement - finalPath = pathPrefix + java.lang.Integer.toString(counter) + ".png": null

2019-01-09 11:20:44 - [TEST_STEP][PASSED] - Statement - SaveFile = new java.io.File(finalPath): null

2019-01-09 11:20:44 - [TEST_STEP][PASSED] - Statement - Try: null

2019-01-09 11:20:44 - [TEST_STEP][PASSED] - Statement - org.apache.commons.io.FileUtils.copyFile(scrFile, SaveFile): null

2019-01-09 11:20:44 - [TEST_STEP][PASSED] - Statement - out.println("file kept"): null

2019-01-09 11:20:44 - [TEST_STEP][PASSED] - delay: Delayed 10 second(s)

2019-01-09 11:20:54 - [MESSAGE][PASSED] - Delayed 10 second(s)

2019-01-09 11:20:54 - [MESSAGE][PASSED] - Call Test Case 'Test Cases/Final Aug 2018 - PKS Automation/Registration Module/New Registration/Submit and Screenshot/Submit Registration and Screenshot' successfully

2019-01-09 11:20:54 - [TEST_STEP][PASSED] - callTestCase: Call Test Case 'Test Cases/Final Aug 2018 - PKS Automation/Registration Module/Log Out/log out avoiding katalon tagging' successfully

2019-01-09 11:20:54 - [TEST_CASE][PASSED] - Test Cases/Final Aug 2018 - PKS Automation/Registration Module/Log Out/log out avoiding katalon tagging: Test Cases/Final Aug 2018 - PKS Automation/Registration Module/Log Out/log out avoiding katalon tagging

2019-01-09 11:20:54 - [TEST_STEP][PASSED] - navigateToUrl: Navigate to 'https://assist2-uat.perkeso.gov.my/c/portal/logout' successfully

2019-01-09 11:20:55 - [MESSAGE][PASSED] - Navigate to 'https://assist2-uat.perkeso.gov.my/c/portal/logout' successfully

2019-01-09 11:20:55 - [MESSAGE][PASSED] - Call Test Case 'Test Cases/Final Aug 2018 - PKS Automation/Registration Module/Log Out/log out avoiding katalon tagging' successfully

2019-01-09 11:20:55 - [TEST_STEP][PASSED] - callTestCase: Call Test Case 'Test Cases/Final Aug 2018 - PKS Automation/Common/Workflow Owner Finder' successfully

2019-01-09 11:20:55 - [TEST_CASE][PASSED] - Test Cases/Final Aug 2018 - PKS Automation/Common/Workflow Owner Finder: Test Cases/Final Aug 2018 - PKS Automation/Common/Workflow Owner Finder

2019-01-09 11:20:55 - [TEST_STEP][PASSED] - openBrowser: Browser is opened with url: ''

2019-01-09 11:20:55 - [MESSAGE][WARNING] - A browser is already opened. Closing browser and opening a new one

2019-01-09 11:20:58 - [MESSAGE][PASSED] - Browser is opened with url: ''

2019-01-09 11:20:58 - [TEST_STEP][PASSED] - navigateToUrl: Navigate to 'https://assist2-uat.perkeso.gov.my/login' successfully

2019-01-09 11:20:59 - [MESSAGE][PASSED] - Navigate to 'https://assist2-uat.perkeso.gov.my/login' successfully

2019-01-09 11:20:59 - [TEST_STEP][PASSED] - delay: Delayed 5 second(s)

2019-01-09 11:21:04 - [MESSAGE][PASSED] - Delayed 5 second(s)

2019-01-09 11:21:04 - [TEST_STEP][PASSED] - setText: Text 'test@liferay.com' is set on object 'Object Repository/Final Object Repo/Login Page/Internal User/Email Address'

2019-01-09 11:21:04 - [MESSAGE][PASSED] - Text 'test@liferay.com' is set on object 'Object Repository/Final Object Repo/Login Page/Internal User/Email Address'

2019-01-09 11:21:04 - [TEST_STEP][PASSED] - click: Object: 'Object Repository/Final Object Repo/Login Page/Internal User/Next Button' is clicked on

2019-01-09 11:21:05 - [MESSAGE][PASSED] - Object: 'Object Repository/Final Object Repo/Login Page/Internal User/Next Button' is clicked on

2019-01-09 11:21:05 - [TEST_STEP][PASSED] - delay: Delayed 2 second(s)

2019-01-09 11:21:07 - [MESSAGE][PASSED] - Delayed 2 second(s)

2019-01-09 11:21:07 - [TEST_STEP][PASSED] - setText: Text 'test' is set on object 'Object Repository/Final Object Repo/Login Page/Internal User/Password'

2019-01-09 11:21:07 - [MESSAGE][PASSED] - Text 'test' is set on object 'Object Repository/Final Object Repo/Login Page/Internal User/Password'

2019-01-09 11:21:07 - [TEST_STEP][PASSED] - delay: Delayed 2 second(s)

2019-01-09 11:21:09 - [MESSAGE][PASSED] - Delayed 2 second(s)

2019-01-09 11:21:09 - [TEST_STEP][PASSED] - click: Object: 'Object Repository/Final Object Repo/Login Page/Internal User/Login Button' is clicked on

2019-01-09 11:21:09 - [MESSAGE][PASSED] - Object: 'Object Repository/Final Object Repo/Login Page/Internal User/Login Button' is clicked on

2019-01-09 11:21:09 - [TEST_STEP][PASSED] - Statement - tester = com.kms.katalon.core.testobject.ObjectRepository.findTestObject(Final Object Repo/Landing Page/Select to English): Finding Test Object with id 'Object Repository/Final Object Repo/Landing Page/Select to English'

2019-01-09 11:21:09 - [TEST_STEP][PASSED] - Statement - Try: Delayed 2 second(s)

2019-01-09 11:21:09 - [TEST_STEP][PASSED] - Statement - Checker = com.kms.katalon.core.webui.keyword.WebUiBuiltInKeywords.verifyElementNotPresent(tester, 3): Web element with id: 'Object Repository/Final Object Repo/Landing Page/Select to English' located by 'By.xpath: //a[@class = 'taglib-language-list-text' and @lang = 'en-US' and (contains(text(), 'EN') or contains(., 'EN'))]' is not present after '3' second(s)

2019-01-09 11:21:12 - [MESSAGE][PASSED] - Web element with id: 'Object Repository/Final Object Repo/Landing Page/Select to English' located by 'By.xpath: //a[@class = 'taglib-language-list-text' and @lang = 'en-US' and (contains(text(), 'EN') or contains(., 'EN'))]' is not present after '3' second(s)

2019-01-09 11:21:12 - [TEST_STEP][PASSED] - Statement - If (Checker == false): null

2019-01-09 11:21:12 - [TEST_STEP][PASSED] - delay: Delayed 2 second(s)

2019-01-09 11:21:14 - [MESSAGE][PASSED] - Delayed 2 second(s)

2019-01-09 11:21:14 - [TEST_STEP][PASSED] - delay: Delayed 5 second(s)

2019-01-09 11:21:19 - [MESSAGE][PASSED] - Delayed 5 second(s)

2019-01-09 11:21:19 - [TEST_STEP][PASSED] - mouseOver: Object: 'Object Repository/Final Object Repo/Landing Page/WorkFlow Menu' is hovered

2019-01-09 11:21:19 - [MESSAGE][PASSED] - Object: 'Object Repository/Final Object Repo/Landing Page/WorkFlow Menu' is hovered

2019-01-09 11:21:19 - [TEST_STEP][PASSED] - delay: Delayed 2 second(s)

2019-01-09 11:21:21 - [MESSAGE][PASSED] - Delayed 2 second(s)

2019-01-09 11:21:21 - [TEST_STEP][PASSED] - click: Object: 'Object Repository/Final Object Repo/Landing Page/Select to Workflow Listing' is clicked on

2019-01-09 11:21:23 - [MESSAGE][PASSED] - Object: 'Object Repository/Final Object Repo/Landing Page/Select to Workflow Listing' is clicked on

2019-01-09 11:21:23 - [TEST_STEP][PASSED] - delay: Delayed 2 second(s)

2019-01-09 11:21:25 - [MESSAGE][PASSED] - Delayed 2 second(s)

2019-01-09 11:21:25 - [TEST_STEP][PASSED] - click: Object: 'Object Repository/Final Object Repo/WorkFlow Listing Page/Search Information - To Put Ref No' is clicked on

2019-01-09 11:21:25 - [MESSAGE][PASSED] - Object: 'Object Repository/Final Object Repo/WorkFlow Listing Page/Search Information - To Put Ref No' is clicked on

2019-01-09 11:21:25 - [TEST_STEP][PASSED] - delay: Delayed 2 second(s)

2019-01-09 11:21:27 - [MESSAGE][PASSED] - Delayed 2 second(s)

2019-01-09 11:21:27 - [TEST_STEP][PASSED] - callTestCase: Call Test Case 'Test Cases/Final Aug 2018 - PKS Automation/Common/Reference Number Getter' successfully

2019-01-09 11:21:27 - [TEST_CASE][PASSED] - Test Cases/Final Aug 2018 - PKS Automation/Common/Reference Number Getter: Test Cases/Final Aug 2018 - PKS Automation/Common/Reference Number Getter

2019-01-09 11:21:27 - [TEST_STEP][PASSED] - Statement - Try: null

2019-01-09 11:21:27 - [TEST_STEP][PASSED] - Statement - RefNo = new java.io.File(C://Users//Admin//Desktop//PKS//Automation Reference Point//KatalonReference.txt): null

2019-01-09 11:21:27 - [TEST_STEP][PASSED] - Statement - bufferread = new java.io.BufferedReader(new java.io.FileReader(RefNo)): null

2019-01-09 11:21:27 - [TEST_STEP][PASSED] - Statement - readedVal = bufferread.readLine(): null

2019-01-09 11:21:27 - [TEST_STEP][PASSED] - Statement - out.println(CaseReferenceNo): null

2019-01-09 11:21:27 - [TEST_STEP][PASSED] - Statement - out.println(readedVal): null

2019-01-09 11:21:27 - [TEST_STEP][PASSED] - Statement - CaseReferenceNo = "": null

2019-01-09 11:21:27 - [TEST_STEP][PASSED] - Statement - CaseReferenceNo = readedVal: null

2019-01-09 11:21:27 - [MESSAGE][PASSED] - Call Test Case 'Test Cases/Final Aug 2018 - PKS Automation/Common/Reference Number Getter' successfully

2019-01-09 11:21:27 - [TEST_STEP][PASSED] - setText: Text 'CRN01201900123669' is set on object 'Object Repository/Final Object Repo/WorkFlow Listing Page/Ref No Set Text'

2019-01-09 11:21:27 - [MESSAGE][PASSED] - Text 'CRN01201900123669' is set on object 'Object Repository/Final Object Repo/WorkFlow Listing Page/Ref No Set Text'

2019-01-09 11:21:27 - [TEST_STEP][PASSED] - delay: Delayed 2 second(s)

2019-01-09 11:21:29 - [MESSAGE][PASSED] - Delayed 2 second(s)

2019-01-09 11:21:29 - [TEST_STEP][PASSED] - click: Object: 'Object Repository/Final Object Repo/WorkFlow Listing Page/Search Ref No Search Button' is clicked on

2019-01-09 11:21:30 - [MESSAGE][PASSED] - Object: 'Object Repository/Final Object Repo/WorkFlow Listing Page/Search Ref No Search Button' is clicked on

2019-01-09 11:21:30 - [TEST_STEP][PASSED] - delay: Delayed 6 second(s)

2019-01-09 11:21:36 - [MESSAGE][PASSED] - Delayed 6 second(s)

2019-01-09 11:21:36 - [TEST_STEP][PASSED] - click: Object: 'Object Repository/Final Object Repo/WorkFlow Listing Page/Click Continue Tooltip' is clicked on

2019-01-09 11:21:37 - [MESSAGE][PASSED] - Object: 'Object Repository/Final Object Repo/WorkFlow Listing Page/Click Continue Tooltip' is clicked on

2019-01-09 11:21:37 - [TEST_STEP][PASSED] - delay: Delayed 5 second(s)

2019-01-09 11:21:42 - [MESSAGE][PASSED] - Delayed 5 second(s)

2019-01-09 11:21:42 - [TEST_STEP][PASSED] - doubleClick: Object: 'Object Repository/Final Object Repo/WorkFlow Listing Page/Workflow Found - Listing 1' is double clicked on

2019-01-09 11:21:42 - [MESSAGE][PASSED] - Object: 'Object Repository/Final Object Repo/WorkFlow Listing Page/Workflow Found - Listing 1' is double clicked on

2019-01-09 11:21:42 - [TEST_STEP][PASSED] - Statement - println(OwnerID): null

2019-01-09 11:21:42 - [TEST_STEP][PASSED] - Statement - OwnerID = com.kms.katalon.core.webui.keyword.WebUiBuiltInKeywords.getText(com.kms.katalon.core.testobject.ObjectRepository.findTestObject(Final Object Repo/WorkFlow Listing Page/Workflow Found - Listing 1), STOP_ON_FAILURE): Text of object 'Object Repository/Final Object Repo/WorkFlow Listing Page/Workflow Found - Listing 1' is: 'JOHORro3'

2019-01-09 11:21:42 - [MESSAGE][PASSED] - Text of object 'Object Repository/Final Object Repo/WorkFlow Listing Page/Workflow Found - Listing 1' is: 'JOHORro3'

2019-01-09 11:21:42 - [TEST_STEP][PASSED] - Statement - OwnerID = OwnerID.toLowerCase() + "@gmail.com": null

2019-01-09 11:21:42 - [TEST_STEP][PASSED] - Statement - println(OwnerID): null

2019-01-09 11:21:42 - [TEST_STEP][PASSED] - delay: Delayed 2 second(s)

2019-01-09 11:21:44 - [MESSAGE][PASSED] - Delayed 2 second(s)

2019-01-09 11:21:44 - [MESSAGE][PASSED] - Call Test Case 'Test Cases/Final Aug 2018 - PKS Automation/Common/Workflow Owner Finder' successfully

2019-01-09 11:21:44 - [TEST_STEP][PASSED] - callTestCase: Call Test Case 'Test Cases/Final Aug 2018 - PKS Automation/Registration Module/Log Out/log out avoiding katalon tagging' successfully

2019-01-09 11:21:44 - [TEST_CASE][PASSED] - Test Cases/Final Aug 2018 - PKS Automation/Registration Module/Log Out/log out avoiding katalon tagging: Test Cases/Final Aug 2018 - PKS Automation/Registration Module/Log Out/log out avoiding katalon tagging

2019-01-09 11:21:44 - [TEST_STEP][PASSED] - navigateToUrl: Navigate to 'https://assist2-uat.perkeso.gov.my/c/portal/logout' successfully

2019-01-09 11:21:45 - [MESSAGE][PASSED] - Navigate to 'https://assist2-uat.perkeso.gov.my/c/portal/logout' successfully

2019-01-09 11:21:45 - [MESSAGE][PASSED] - Call Test Case 'Test Cases/Final Aug 2018 - PKS Automation/Registration Module/Log Out/log out avoiding katalon tagging' successfully

2019-01-09 11:21:45 - [TEST_STEP][PASSED] - delay: Delayed 2 second(s)

2019-01-09 11:21:47 - [MESSAGE][PASSED] - Delayed 2 second(s)

2019-01-09 11:21:47 - [TEST_STEP][PASSED] - setText: Text 'johorro3@gmail.com' is set on object 'Object Repository/Final Object Repo/New Registration - Registration Module Pages/New Reg - OTC to RO/Special Case - All Related Objects/Email TextBox'

2019-01-09 11:21:47 - [MESSAGE][PASSED] - Text 'johorro3@gmail.com' is set on object 'Object Repository/Final Object Repo/New Registration - Registration Module Pages/New Reg - OTC to RO/Special Case - All Related Objects/Email TextBox'

2019-01-09 11:21:47 - [TEST_STEP][PASSED] - click: Object: 'Object Repository/Final Object Repo/New Registration - Registration Module Pages/New Reg - OTC to RO/Special Case - All Related Objects/Next Button' is clicked on

2019-01-09 11:21:47 - [MESSAGE][PASSED] - Object: 'Object Repository/Final Object Repo/New Registration - Registration Module Pages/New Reg - OTC to RO/Special Case - All Related Objects/Next Button' is clicked on

2019-01-09 11:21:47 - [TEST_STEP][PASSED] - delay: Delayed 2 second(s)

2019-01-09 11:21:49 - [MESSAGE][PASSED] - Delayed 2 second(s)

2019-01-09 11:21:49 - [TEST_STEP][PASSED] - setText: Text 'Test1@3456789' is set on object 'Object Repository/Final Object Repo/New Registration - Registration Module Pages/New Reg - OTC to RO/Special Case - All Related Objects/Password TextBox'

2019-01-09 11:21:50 - [MESSAGE][PASSED] - Text 'Test1@3456789' is set on object 'Object Repository/Final Object Repo/New Registration - Registration Module Pages/New Reg - OTC to RO/Special Case - All Related Objects/Password TextBox'

2019-01-09 11:21:50 - [TEST_STEP][PASSED] - delay: Delayed 2 second(s)

2019-01-09 11:21:52 - [MESSAGE][PASSED] - Delayed 2 second(s)

2019-01-09 11:21:52 - [TEST_STEP][PASSED] - click: Object: 'Object Repository/Final Object Repo/New Registration - Registration Module Pages/New Reg - OTC to RO/Special Case - All Related Objects/Login Button' is clicked on

2019-01-09 11:21:52 - [MESSAGE][PASSED] - Object: 'Object Repository/Final Object Repo/New Registration - Registration Module Pages/New Reg - OTC to RO/Special Case - All Related Objects/Login Button' is clicked on

2019-01-09 11:21:52 - [TEST_STEP][PASSED] - delay: Delayed 2 second(s)

2019-01-09 11:21:54 - [MESSAGE][PASSED] - Delayed 2 second(s)

2019-01-09 11:21:54 - [TEST_STEP][PASSED] - Statement - Try: null

2019-01-09 11:21:54 - [TEST_STEP][PASSED] - Statement - Checker = com.kms.katalon.core.webui.keyword.WebUiBuiltInKeywords.verifyElementNotPresent("Final Object Repo/Landing Page/Select to English", 3): null

2019-01-09 11:21:54 - [TEST_STEP][PASSED] - Statement - Catch (Exception e): null

2019-01-09 11:21:54 - [TEST_STEP][PASSED] - Statement - e.printStackTrace(): null

2019-01-09 11:21:54 - [TEST_STEP][PASSED] - click: Object: 'Object Repository/Final Object Repo/New Registration - Registration Module Pages/New Reg - OTC to RO/Special Case - All Related Objects/Expand to Search' is clicked on

2019-01-09 11:21:54 - [MESSAGE][PASSED] - Object: 'Object Repository/Final Object Repo/New Registration - Registration Module Pages/New Reg - OTC to RO/Special Case - All Related Objects/Expand to Search' is clicked on

2019-01-09 11:21:54 - [TEST_STEP][FAILED] - setText: Unable to set text 'CRN01201900123669' of object 'Object Repository/Final Object Repo/New Registration - Registration Module Pages/New Reg - OTC to RO/Special Case - All Related Objects/TextBox RefNo in Workbasket' (Root cause: org.openqa.selenium.ElementNotVisibleException: element not interactable
  (Session info: chrome=71.0.3578.98)
  (Driver info: chromedriver=2.43.600210 (68dcf5eebde37173d4027fa8635e332711d2874a),platform=Windows NT 6.1.7601 SP1 x86_64) (WARNING: The server did not provide any stacktrace information)
Command duration or timeout: 0 milliseconds
Build info: version: '3.7.1', revision: '8a0099a', time: '2017-11-06T21:07:36.161Z'
System info: host: 'WIN7TEST02', ip: '10.20.3.72', os.name: 'Windows 7', os.arch: 'amd64', os.version: '6.1', java.version: '1.8.0_181'
Driver info: com.kms.katalon.selenium.driver.CChromeDriver
Capabilities {acceptInsecureCerts: false, acceptSslCerts: false, applicationCacheEnabled: false, browserConnectionEnabled: false, browserName: chrome, chrome: {chromedriverVersion: 2.43.600210 (68dcf5eebde371..., userDataDir: C:\Users\Admin\AppData\Loca...}, cssSelectorsEnabled: true, databaseEnabled: false, goog:chromeOptions: {debuggerAddress: localhost:52990}, handlesAlerts: true, hasTouchScreen: false, javascriptEnabled: true, locationContextEnabled: true, mobileEmulationEnabled: false, nativeEvents: true, networkConnectionEnabled: false, pageLoadStrategy: normal, platform: XP, platformName: XP, rotatable: false, setWindowRect: true, takesHeapSnapshot: true, takesScreenshot: true, unexpectedAlertBehaviour: , unhandledPromptBehavior: , version: 71.0.3578.98, webStorageEnabled: true}
Session ID: e28f2fe66d7da7451977e9544ed06eaf)

2019-01-09 11:21:55 - [MESSAGE][FAILED] - Unable to set text 'CRN01201900123669' of object 'Object Repository/Final Object Repo/New Registration - Registration Module Pages/New Reg - OTC to RO/Special Case - All Related Objects/TextBox RefNo in Workbasket' (Root cause: org.openqa.selenium.ElementNotVisibleException: element not interactable
  (Session info: chrome=71.0.3578.98)
  (Driver info: chromedriver=2.43.600210 (68dcf5eebde37173d4027fa8635e332711d2874a),platform=Windows NT 6.1.7601 SP1 x86_64) (WARNING: The server did not provide any stacktrace information)
Command duration or timeout: 0 milliseconds
Build info: version: '3.7.1', revision: '8a0099a', time: '2017-11-06T21:07:36.161Z'
System info: host: 'WIN7TEST02', ip: '10.20.3.72', os.name: 'Windows 7', os.arch: 'amd64', os.version: '6.1', java.version: '1.8.0_181'
Driver info: com.kms.katalon.selenium.driver.CChromeDriver
Capabilities {acceptInsecureCerts: false, acceptSslCerts: false, applicationCacheEnabled: false, browserConnectionEnabled: false, browserName: chrome, chrome: {chromedriverVersion: 2.43.600210 (68dcf5eebde371..., userDataDir: C:\Users\Admin\AppData\Loca...}, cssSelectorsEnabled: true, databaseEnabled: false, goog:chromeOptions: {debuggerAddress: localhost:52990}, handlesAlerts: true, hasTouchScreen: false, javascriptEnabled: true, locationContextEnabled: true, mobileEmulationEnabled: false, nativeEvents: true, networkConnectionEnabled: false, pageLoadStrategy: normal, platform: XP, platformName: XP, rotatable: false, setWindowRect: true, takesHeapSnapshot: true, takesScreenshot: true, unexpectedAlertBehaviour: , unhandledPromptBehavior: , version: 71.0.3578.98, webStorageEnabled: true}
Session ID: e28f2fe66d7da7451977e9544ed06eaf)
[[ATTACHMENT|C:\\Users\\Admin\\Desktop\\PKS\\Perkeso Phase A\\Reports\\Workflow\\New Registration\\20190109_104156\\1547004114676.png]]

2019-01-09 11:21:55 - [TEST_STEP][PASSED] - delay: Delayed 2 second(s)

2019-01-09 11:21:57 - [MESSAGE][PASSED] - Delayed 2 second(s)

2019-01-09 11:21:57 - [TEST_STEP][PASSED] - click: Object: 'Object Repository/Final Object Repo/New Registration - Registration Module Pages/New Reg - OTC to RO/Special Case - All Related Objects/Click Search' is clicked on

2019-01-09 11:21:57 - [MESSAGE][PASSED] - Object: 'Object Repository/Final Object Repo/New Registration - Registration Module Pages/New Reg - OTC to RO/Special Case - All Related Objects/Click Search' is clicked on

2019-01-09 11:21:57 - [TEST_STEP][PASSED] - delay: Delayed 2 second(s)

2019-01-09 11:21:59 - [MESSAGE][PASSED] - Delayed 2 second(s)

2019-01-09 11:21:59 - [TEST_STEP][PASSED] - click: Object: 'Object Repository/Final Object Repo/New Registration - Registration Module Pages/New Reg - OTC to RO/Special Case - All Related Objects/Click to Continue Workflow' is clicked on

2019-01-09 11:22:02 - [MESSAGE][PASSED] - Object: 'Object Repository/Final Object Repo/New Registration - Registration Module Pages/New Reg - OTC to RO/Special Case - All Related Objects/Click to Continue Workflow' is clicked on

2019-01-09 11:22:02 - [TEST_STEP][PASSED] - delay: Delayed 2 second(s)

2019-01-09 11:22:04 - [MESSAGE][PASSED] - Delayed 2 second(s)

2019-01-09 11:22:04 - [TEST_STEP][PASSED] - click: Object: 'Object Repository/Final Object Repo/New Registration - Registration Module Pages/New Reg - OTC to RO/Special Case - All Related Objects/Continue Button in verifying case' is clicked on

2019-01-09 11:22:06 - [MESSAGE][PASSED] - Object: 'Object Repository/Final Object Repo/New Registration - Registration Module Pages/New Reg - OTC to RO/Special Case - All Related Objects/Continue Button in verifying case' is clicked on

2019-01-09 11:22:06 - [TEST_STEP][PASSED] - delay: Delayed 2 second(s)

2019-01-09 11:22:08 - [MESSAGE][PASSED] - Delayed 2 second(s)

2019-01-09 11:22:08 - [TEST_STEP][PASSED] - click: Object: 'Object Repository/Final Object Repo/New Registration - Registration Module Pages/Form 1/Registered As a Branch - Yes' is clicked on

2019-01-09 11:22:08 - [MESSAGE][PASSED] - Object: 'Object Repository/Final Object Repo/New Registration - Registration Module Pages/Form 1/Registered As a Branch - Yes' is clicked on

2019-01-09 11:22:08 - [TEST_STEP][PASSED] - delay: Delayed 2 second(s)

2019-01-09 11:22:10 - [MESSAGE][PASSED] - Delayed 2 second(s)

2019-01-09 11:22:10 - [TEST_STEP][PASSED] - click: Object: 'Object Repository/Final Object Repo/New Registration - Registration Module Pages/New Reg - OTC to RO/Special Case - All Related Objects/Form 1 Save n Continue' is clicked on

2019-01-09 11:22:11 - [MESSAGE][PASSED] - Object: 'Object Repository/Final Object Repo/New Registration - Registration Module Pages/New Reg - OTC to RO/Special Case - All Related Objects/Form 1 Save n Continue' is clicked on

2019-01-09 11:22:11 - [TEST_STEP][PASSED] - delay: Delayed 2 second(s)

2019-01-09 11:22:13 - [MESSAGE][PASSED] - Delayed 2 second(s)

2019-01-09 11:22:13 - [TEST_STEP][PASSED] - click: Object: 'Object Repository/Final Object Repo/New Registration - Registration Module Pages/New Reg - OTC to RO/Special Case - All Related Objects/Form 2 Save n Continue' is clicked on

2019-01-09 11:22:13 - [MESSAGE][PASSED] - Object: 'Object Repository/Final Object Repo/New Registration - Registration Module Pages/New Reg - OTC to RO/Special Case - All Related Objects/Form 2 Save n Continue' is clicked on

2019-01-09 11:22:13 - [TEST_STEP][PASSED] - delay: Delayed 2 second(s)

2019-01-09 11:22:15 - [MESSAGE][PASSED] - Delayed 2 second(s)

2019-01-09 11:22:15 - [TEST_STEP][PASSED] - click: Object: 'Object Repository/Final Object Repo/New Registration - Registration Module Pages/New Reg - OTC to RO/Special Case - All Related Objects/Third Screen Save n Continue' is clicked on

2019-01-09 11:22:20 - [MESSAGE][PASSED] - Object: 'Object Repository/Final Object Repo/New Registration - Registration Module Pages/New Reg - OTC to RO/Special Case - All Related Objects/Third Screen Save n Continue' is clicked on

2019-01-09 11:22:20 - [TEST_STEP][PASSED] - delay: Delayed 5 second(s)

2019-01-09 11:22:25 - [MESSAGE][PASSED] - Delayed 5 second(s)

2019-01-09 11:22:25 - [TEST_STEP][PASSED] - setText: Text 'Query case' is set on object 'Object Repository/Final Object Repo/New Registration - Registration Module Pages/New Reg - OTC to RO/Special Case - All Related Objects/Query Text Input'

2019-01-09 11:22:26 - [MESSAGE][PASSED] - Text 'Query case' is set on object 'Object Repository/Final Object Repo/New Registration - Registration Module Pages/New Reg - OTC to RO/Special Case - All Related Objects/Query Text Input'

2019-01-09 11:22:26 - [TEST_STEP][PASSED] - delay: Delayed 5 second(s)

2019-01-09 11:22:31 - [MESSAGE][PASSED] - Delayed 5 second(s)

2019-01-09 11:22:31 - [TEST_STEP][PASSED] - click: Object: 'Object Repository/Final Object Repo/New Registration - Registration Module Pages/New Reg - OTC to RO/Special Case - All Related Objects/Upload Doc Page Save n Continue' is clicked on

2019-01-09 11:22:31 - [MESSAGE][PASSED] - Object: 'Object Repository/Final Object Repo/New Registration - Registration Module Pages/New Reg - OTC to RO/Special Case - All Related Objects/Upload Doc Page Save n Continue' is clicked on

2019-01-09 11:22:31 - [TEST_STEP][PASSED] - click: Object: 'Object Repository/Final Object Repo/New Registration - Registration Module Pages/New Reg - OTC to RO/Special Case - All Related Objects/Query Button' is clicked on

2019-01-09 11:22:35 - [MESSAGE][PASSED] - Object: 'Object Repository/Final Object Repo/New Registration - Registration Module Pages/New Reg - OTC to RO/Special Case - All Related Objects/Query Button' is clicked on

2019-01-09 11:22:35 - [TEST_STEP][PASSED] - click: Object: 'Object Repository/Final Object Repo/New Registration - Registration Module Pages/New Reg - OTC to RO/Special Case - All Related Objects/Confirm to Query' is clicked on

2019-01-09 11:22:36 - [MESSAGE][PASSED] - Object: 'Object Repository/Final Object Repo/New Registration - Registration Module Pages/New Reg - OTC to RO/Special Case - All Related Objects/Confirm to Query' is clicked on

2019-01-09 11:22:36 - [TEST_STEP][PASSED] - callTestCase: Call Test Case 'Test Cases/Final Aug 2018 - PKS Automation/Registration Module/Log Out/log out avoiding katalon tagging' successfully

2019-01-09 11:22:36 - [TEST_CASE][PASSED] - Test Cases/Final Aug 2018 - PKS Automation/Registration Module/Log Out/log out avoiding katalon tagging: Test Cases/Final Aug 2018 - PKS Automation/Registration Module/Log Out/log out avoiding katalon tagging

2019-01-09 11:22:36 - [TEST_STEP][PASSED] - navigateToUrl: Navigate to 'https://assist2-uat.perkeso.gov.my/c/portal/logout' successfully

2019-01-09 11:22:43 - [MESSAGE][PASSED] - Navigate to 'https://assist2-uat.perkeso.gov.my/c/portal/logout' successfully

2019-01-09 11:22:43 - [MESSAGE][PASSED] - Call Test Case 'Test Cases/Final Aug 2018 - PKS Automation/Registration Module/Log Out/log out avoiding katalon tagging' successfully

2019-01-09 11:22:43 - [TEST_STEP][PASSED] - delay: Delayed 2 second(s)

2019-01-09 11:22:45 - [MESSAGE][PASSED] - Delayed 2 second(s)

2019-01-09 11:22:45 - [TEST_STEP][PASSED] - setText: Text 'klotc2@gmail.com' is set on object 'Object Repository/Final Object Repo/Login Page/Internal User/Email Address'

2019-01-09 11:22:46 - [MESSAGE][PASSED] - Text 'klotc2@gmail.com' is set on object 'Object Repository/Final Object Repo/Login Page/Internal User/Email Address'

2019-01-09 11:22:46 - [TEST_STEP][PASSED] - click: Object: 'Object Repository/Final Object Repo/Login Page/Internal User/Next Button' is clicked on

2019-01-09 11:22:46 - [MESSAGE][PASSED] - Object: 'Object Repository/Final Object Repo/Login Page/Internal User/Next Button' is clicked on

2019-01-09 11:22:46 - [TEST_STEP][PASSED] - delay: Delayed 2 second(s)

2019-01-09 11:22:48 - [MESSAGE][PASSED] - Delayed 2 second(s)

2019-01-09 11:22:48 - [TEST_STEP][PASSED] - setText: Text 'Test1@3456789' is set on object 'Object Repository/Final Object Repo/Login Page/Internal User/Password'

2019-01-09 11:22:48 - [MESSAGE][PASSED] - Text 'Test1@3456789' is set on object 'Object Repository/Final Object Repo/Login Page/Internal User/Password'

2019-01-09 11:22:48 - [TEST_STEP][PASSED] - delay: Delayed 2 second(s)

2019-01-09 11:22:50 - [MESSAGE][PASSED] - Delayed 2 second(s)

2019-01-09 11:22:50 - [TEST_STEP][PASSED] - click: Object: 'Object Repository/Final Object Repo/Login Page/Internal User/Login Button' is clicked on

2019-01-09 11:22:50 - [MESSAGE][PASSED] - Object: 'Object Repository/Final Object Repo/Login Page/Internal User/Login Button' is clicked on

2019-01-09 11:22:50 - [TEST_STEP][PASSED] - delay: Delayed 2 second(s)

2019-01-09 11:22:52 - [MESSAGE][PASSED] - Delayed 2 second(s)

2019-01-09 11:22:52 - [TEST_STEP][PASSED] - Statement - Try: null

2019-01-09 11:22:52 - [TEST_STEP][PASSED] - Statement - Checker = com.kms.katalon.core.webui.keyword.WebUiBuiltInKeywords.verifyElementNotPresent("PKS_SIP_Updated_RegModule/Attempt/Page_MyASSIST - ASSIST/Select to English", 3): null

2019-01-09 11:22:52 - [TEST_STEP][PASSED] - Statement - Catch (Exception e): null

2019-01-09 11:22:52 - [TEST_STEP][PASSED] - Statement - e.printStackTrace(): null

2019-01-09 11:22:52 - [TEST_STEP][PASSED] - delay: Delayed 4 second(s)

2019-01-09 11:22:56 - [MESSAGE][PASSED] - Delayed 4 second(s)

2019-01-09 11:22:56 - [TEST_STEP][PASSED] - click: Object: 'Object Repository/Final Object Repo/Landing Page/My Sites Drop Down' is clicked on

2019-01-09 11:22:56 - [MESSAGE][PASSED] - Object: 'Object Repository/Final Object Repo/Landing Page/My Sites Drop Down' is clicked on

2019-01-09 11:22:56 - [TEST_STEP][PASSED] - click: Object: 'Object Repository/Final Object Repo/Landing Page/Select to Registration Module' is clicked on

2019-01-09 11:22:57 - [MESSAGE][PASSED] - Object: 'Object Repository/Final Object Repo/Landing Page/Select to Registration Module' is clicked on

2019-01-09 11:22:57 - [TEST_STEP][PASSED] - delay: Delayed 2 second(s)

2019-01-09 11:22:59 - [MESSAGE][PASSED] - Delayed 2 second(s)

2019-01-09 11:22:59 - [TEST_STEP][PASSED] - mouseOver: Object: 'Object Repository/Final Object Repo/New Registration - Registration Module Pages/New Reg - OTC to RO/Special Case - All Related Objects/Hover Over Search Drop Down' is hovered

2019-01-09 11:22:59 - [MESSAGE][PASSED] - Object: 'Object Repository/Final Object Repo/New Registration - Registration Module Pages/New Reg - OTC to RO/Special Case - All Related Objects/Hover Over Search Drop Down' is hovered

2019-01-09 11:22:59 - [TEST_STEP][PASSED] - click: Object: 'Object Repository/Final Object Repo/New Registration - Registration Module Pages/New Reg - OTC to RO/Special Case - All Related Objects/Select Search Pending Case' is clicked on

2019-01-09 11:23:00 - [MESSAGE][PASSED] - Object: 'Object Repository/Final Object Repo/New Registration - Registration Module Pages/New Reg - OTC to RO/Special Case - All Related Objects/Select Search Pending Case' is clicked on

2019-01-09 11:23:00 - [TEST_STEP][PASSED] - click: Object: 'Object Repository/Final Object Repo/New Registration - Registration Module Pages/New Reg - OTC to RO/Special Case - All Related Objects/Select Searching Method (Employer Code)' is clicked on

2019-01-09 11:23:00 - [MESSAGE][PASSED] - Object: 'Object Repository/Final Object Repo/New Registration - Registration Module Pages/New Reg - OTC to RO/Special Case - All Related Objects/Select Searching Method (Employer Code)' is clicked on

2019-01-09 11:23:00 - [TEST_STEP][PASSED] - click: Object: 'Object Repository/Final Object Repo/New Registration - Registration Module Pages/New Reg - OTC to RO/Special Case - All Related Objects/Select Searching Method to Reference ID' is clicked on

2019-01-09 11:23:01 - [MESSAGE][PASSED] - Object: 'Object Repository/Final Object Repo/New Registration - Registration Module Pages/New Reg - OTC to RO/Special Case - All Related Objects/Select Searching Method to Reference ID' is clicked on

2019-01-09 11:23:01 - [TEST_STEP][PASSED] - setText: Text 'CRN01201900123669' is set on object 'Object Repository/Final Object Repo/New Registration - Registration Module Pages/New Reg - OTC to RO/Special Case - All Related Objects/Pending Case Ref NO'

2019-01-09 11:23:01 - [MESSAGE][PASSED] - Text 'CRN01201900123669' is set on object 'Object Repository/Final Object Repo/New Registration - Registration Module Pages/New Reg - OTC to RO/Special Case - All Related Objects/Pending Case Ref NO'

2019-01-09 11:23:01 - [TEST_STEP][PASSED] - click: Object: 'Object Repository/Final Object Repo/New Registration - Registration Module Pages/New Reg - OTC to RO/Special Case - All Related Objects/Search Pending Case Based on Ref No' is clicked on

2019-01-09 11:23:01 - [MESSAGE][PASSED] - Object: 'Object Repository/Final Object Repo/New Registration - Registration Module Pages/New Reg - OTC to RO/Special Case - All Related Objects/Search Pending Case Based on Ref No' is clicked on

2019-01-09 11:23:01 - [TEST_STEP][PASSED] - click: Object: 'Object Repository/Final Object Repo/New Registration - Registration Module Pages/New Reg - OTC to RO/Special Case - All Related Objects/Action Button after found case' is clicked on

2019-01-09 11:23:04 - [MESSAGE][PASSED] - Object: 'Object Repository/Final Object Repo/New Registration - Registration Module Pages/New Reg - OTC to RO/Special Case - All Related Objects/Action Button after found case' is clicked on

2019-01-09 11:23:04 - [TEST_STEP][PASSED] - click: Object: 'Object Repository/Final Object Repo/New Registration - Registration Module Pages/New Reg - OTC to RO/Special Case - All Related Objects/Next Button in Pending Case Form 1' is clicked on

2019-01-09 11:23:05 - [MESSAGE][PASSED] - Object: 'Object Repository/Final Object Repo/New Registration - Registration Module Pages/New Reg - OTC to RO/Special Case - All Related Objects/Next Button in Pending Case Form 1' is clicked on

2019-01-09 11:23:05 - [TEST_STEP][PASSED] - click: Object: 'Object Repository/Final Object Repo/New Registration - Registration Module Pages/New Reg - OTC to RO/Special Case - All Related Objects/Next Button in Pending Case Form 2' is clicked on

2019-01-09 11:23:06 - [MESSAGE][PASSED] - Object: 'Object Repository/Final Object Repo/New Registration - Registration Module Pages/New Reg - OTC to RO/Special Case - All Related Objects/Next Button in Pending Case Form 2' is clicked on

2019-01-09 11:23:06 - [TEST_STEP][PASSED] - click: Object: 'Object Repository/Final Object Repo/New Registration - Registration Module Pages/New Reg - OTC to RO/Special Case - All Related Objects/Next Button in Third Screen' is clicked on

2019-01-09 11:23:10 - [MESSAGE][PASSED] - Object: 'Object Repository/Final Object Repo/New Registration - Registration Module Pages/New Reg - OTC to RO/Special Case - All Related Objects/Next Button in Third Screen' is clicked on

2019-01-09 11:23:10 - [TEST_STEP][PASSED] - click: Object: 'Object Repository/Final Object Repo/New Registration - Registration Module Pages/New Reg - OTC to RO/Special Case - All Related Objects/Add Document for Pending Case' is clicked on

2019-01-09 11:23:10 - [MESSAGE][PASSED] - Object: 'Object Repository/Final Object Repo/New Registration - Registration Module Pages/New Reg - OTC to RO/Special Case - All Related Objects/Add Document for Pending Case' is clicked on

2019-01-09 11:23:10 - [TEST_STEP][PASSED] - delay: Delayed 2 second(s)

2019-01-09 11:23:12 - [MESSAGE][PASSED] - Delayed 2 second(s)

2019-01-09 11:23:12 - [TEST_STEP][PASSED] - click: Object: 'Object Repository/Final Object Repo/New Registration - Registration Module Pages/New Reg - OTC to RO/Special Case - All Related Objects/Upload Pending Doc - Please Select' is clicked on

2019-01-09 11:23:13 - [MESSAGE][PASSED] - Object: 'Object Repository/Final Object Repo/New Registration - Registration Module Pages/New Reg - OTC to RO/Special Case - All Related Objects/Upload Pending Doc - Please Select' is clicked on

2019-01-09 11:23:13 - [TEST_STEP][PASSED] - click: Object: 'Object Repository/Final Object Repo/New Registration - Registration Module Pages/New Reg - OTC to RO/Special Case - All Related Objects/Select to Others to Upload' is clicked on

2019-01-09 11:23:13 - [MESSAGE][PASSED] - Object: 'Object Repository/Final Object Repo/New Registration - Registration Module Pages/New Reg - OTC to RO/Special Case - All Related Objects/Select to Others to Upload' is clicked on

2019-01-09 11:23:13 - [TEST_STEP][PASSED] - delay: Delayed 2 second(s)

2019-01-09 11:23:15 - [MESSAGE][PASSED] - Delayed 2 second(s)

2019-01-09 11:23:15 - [TEST_STEP][PASSED] - uploadFile: File 'C:\Users\Public\Pictures\Sample Pictures\Koala.jpg' sent to object: 'Object Repository/Final Object Repo/New Registration - Registration Module Pages/New Reg - OTC to RO/Special Case - All Related Objects/Uploading Pending Case Action'

2019-01-09 11:23:16 - [MESSAGE][PASSED] - File 'C:\Users\Public\Pictures\Sample Pictures\Koala.jpg' sent to object: 'Object Repository/Final Object Repo/New Registration - Registration Module Pages/New Reg - OTC to RO/Special Case - All Related Objects/Uploading Pending Case Action'

2019-01-09 11:23:16 - [TEST_STEP][PASSED] - click: Object: 'Object Repository/Final Object Repo/New Registration - Registration Module Pages/New Reg - OTC to RO/Special Case - All Related Objects/Inner form Add Document Button Pending Case' is clicked on

2019-01-09 11:23:16 - [MESSAGE][PASSED] - Object: 'Object Repository/Final Object Repo/New Registration - Registration Module Pages/New Reg - OTC to RO/Special Case - All Related Objects/Inner form Add Document Button Pending Case' is clicked on

2019-01-09 11:23:16 - [TEST_STEP][FAILED] - click: Unable to click on object 'Object Repository/Final Object Repo/New Registration - Registration Module Pages/New Reg - OTC to RO/Special Case - All Related Objects/Pending Case Exit' (Root cause: org.openqa.selenium.StaleElementReferenceException: stale element reference: element is not attached to the page document
  (Session info: chrome=71.0.3578.98)
  (Driver info: chromedriver=2.43.600210 (68dcf5eebde37173d4027fa8635e332711d2874a),platform=Windows NT 6.1.7601 SP1 x86_64) (WARNING: The server did not provide any stacktrace information)
Command duration or timeout: 0 milliseconds
For documentation on this error, please visit: http://seleniumhq.org/exceptions/stale_element_reference.html
Build info: version: '3.7.1', revision: '8a0099a', time: '2017-11-06T21:07:36.161Z'
System info: host: 'WIN7TEST02', ip: '10.20.3.72', os.name: 'Windows 7', os.arch: 'amd64', os.version: '6.1', java.version: '1.8.0_181'
Driver info: com.kms.katalon.selenium.driver.CChromeDriver
Capabilities {acceptInsecureCerts: false, acceptSslCerts: false, applicationCacheEnabled: false, browserConnectionEnabled: false, browserName: chrome, chrome: {chromedriverVersion: 2.43.600210 (68dcf5eebde371..., userDataDir: C:\Users\Admin\AppData\Loca...}, cssSelectorsEnabled: true, databaseEnabled: false, goog:chromeOptions: {debuggerAddress: localhost:52990}, handlesAlerts: true, hasTouchScreen: false, javascriptEnabled: true, locationContextEnabled: true, mobileEmulationEnabled: false, nativeEvents: true, networkConnectionEnabled: false, pageLoadStrategy: normal, platform: XP, platformName: XP, rotatable: false, setWindowRect: true, takesHeapSnapshot: true, takesScreenshot: true, unexpectedAlertBehaviour: , unhandledPromptBehavior: , version: 71.0.3578.98, webStorageEnabled: true}
Session ID: e28f2fe66d7da7451977e9544ed06eaf)

2019-01-09 11:23:21 - [MESSAGE][FAILED] - Unable to click on object 'Object Repository/Final Object Repo/New Registration - Registration Module Pages/New Reg - OTC to RO/Special Case - All Related Objects/Pending Case Exit' (Root cause: org.openqa.selenium.StaleElementReferenceException: stale element reference: element is not attached to the page document
  (Session info: chrome=71.0.3578.98)
  (Driver info: chromedriver=2.43.600210 (68dcf5eebde37173d4027fa8635e332711d2874a),platform=Windows NT 6.1.7601 SP1 x86_64) (WARNING: The server did not provide any stacktrace information)
Command duration or timeout: 0 milliseconds
For documentation on this error, please visit: http://seleniumhq.org/exceptions/stale_element_reference.html
Build info: version: '3.7.1', revision: '8a0099a', time: '2017-11-06T21:07:36.161Z'
System info: host: 'WIN7TEST02', ip: '10.20.3.72', os.name: 'Windows 7', os.arch: 'amd64', os.version: '6.1', java.version: '1.8.0_181'
Driver info: com.kms.katalon.selenium.driver.CChromeDriver
Capabilities {acceptInsecureCerts: false, acceptSslCerts: false, applicationCacheEnabled: false, browserConnectionEnabled: false, browserName: chrome, chrome: {chromedriverVersion: 2.43.600210 (68dcf5eebde371..., userDataDir: C:\Users\Admin\AppData\Loca...}, cssSelectorsEnabled: true, databaseEnabled: false, goog:chromeOptions: {debuggerAddress: localhost:52990}, handlesAlerts: true, hasTouchScreen: false, javascriptEnabled: true, locationContextEnabled: true, mobileEmulationEnabled: false, nativeEvents: true, networkConnectionEnabled: false, pageLoadStrategy: normal, platform: XP, platformName: XP, rotatable: false, setWindowRect: true, takesHeapSnapshot: true, takesScreenshot: true, unexpectedAlertBehaviour: , unhandledPromptBehavior: , version: 71.0.3578.98, webStorageEnabled: true}
Session ID: e28f2fe66d7da7451977e9544ed06eaf)
[[ATTACHMENT|C:\\Users\\Admin\\Desktop\\PKS\\Perkeso Phase A\\Reports\\Workflow\\New Registration\\20190109_104156\\1547004200696.png]]

2019-01-09 11:23:21 - [TEST_STEP][PASSED] - callTestCase: Call Test Case 'Test Cases/Final Aug 2018 - PKS Automation/Registration Module/Log Out/log out avoiding katalon tagging' successfully

2019-01-09 11:23:21 - [TEST_CASE][PASSED] - Test Cases/Final Aug 2018 - PKS Automation/Registration Module/Log Out/log out avoiding katalon tagging: Test Cases/Final Aug 2018 - PKS Automation/Registration Module/Log Out/log out avoiding katalon tagging

2019-01-09 11:23:21 - [TEST_STEP][PASSED] - navigateToUrl: Navigate to 'https://assist2-uat.perkeso.gov.my/c/portal/logout' successfully

2019-01-09 11:23:21 - [MESSAGE][PASSED] - Navigate to 'https://assist2-uat.perkeso.gov.my/c/portal/logout' successfully

2019-01-09 11:23:21 - [MESSAGE][PASSED] - Call Test Case 'Test Cases/Final Aug 2018 - PKS Automation/Registration Module/Log Out/log out avoiding katalon tagging' successfully

2019-01-09 11:23:21 - [TEST_STEP][PASSED] - delay: Delayed 2 second(s)

2019-01-09 11:23:23 - [MESSAGE][PASSED] - Delayed 2 second(s)

2019-01-09 11:23:23 - [TEST_STEP][PASSED] - callTestCase: Call Test Case 'Test Cases/Final Aug 2018 - PKS Automation/Common/Workflow Owner Finder' successfully

2019-01-09 11:23:23 - [TEST_CASE][PASSED] - Test Cases/Final Aug 2018 - PKS Automation/Common/Workflow Owner Finder: Test Cases/Final Aug 2018 - PKS Automation/Common/Workflow Owner Finder

2019-01-09 11:23:23 - [TEST_STEP][PASSED] - openBrowser: Browser is opened with url: ''

2019-01-09 11:23:23 - [MESSAGE][WARNING] - A browser is already opened. Closing browser and opening a new one

2019-01-09 11:23:26 - [MESSAGE][PASSED] - Browser is opened with url: ''

2019-01-09 11:23:26 - [TEST_STEP][PASSED] - navigateToUrl: Navigate to 'https://assist2-uat.perkeso.gov.my/login' successfully

2019-01-09 11:23:27 - [MESSAGE][PASSED] - Navigate to 'https://assist2-uat.perkeso.gov.my/login' successfully

2019-01-09 11:23:27 - [TEST_STEP][PASSED] - delay: Delayed 5 second(s)

2019-01-09 11:23:32 - [MESSAGE][PASSED] - Delayed 5 second(s)

2019-01-09 11:23:32 - [TEST_STEP][PASSED] - setText: Text 'test@liferay.com' is set on object 'Object Repository/Final Object Repo/Login Page/Internal User/Email Address'

2019-01-09 11:23:33 - [MESSAGE][PASSED] - Text 'test@liferay.com' is set on object 'Object Repository/Final Object Repo/Login Page/Internal User/Email Address'

2019-01-09 11:23:33 - [TEST_STEP][PASSED] - click: Object: 'Object Repository/Final Object Repo/Login Page/Internal User/Next Button' is clicked on

2019-01-09 11:23:33 - [MESSAGE][PASSED] - Object: 'Object Repository/Final Object Repo/Login Page/Internal User/Next Button' is clicked on

2019-01-09 11:23:33 - [TEST_STEP][PASSED] - delay: Delayed 2 second(s)

2019-01-09 11:23:35 - [MESSAGE][PASSED] - Delayed 2 second(s)

2019-01-09 11:23:35 - [TEST_STEP][PASSED] - setText: Text 'test' is set on object 'Object Repository/Final Object Repo/Login Page/Internal User/Password'

2019-01-09 11:23:35 - [MESSAGE][PASSED] - Text 'test' is set on object 'Object Repository/Final Object Repo/Login Page/Internal User/Password'

2019-01-09 11:23:35 - [TEST_STEP][PASSED] - delay: Delayed 2 second(s)

2019-01-09 11:23:37 - [MESSAGE][PASSED] - Delayed 2 second(s)

2019-01-09 11:23:37 - [TEST_STEP][PASSED] - click: Object: 'Object Repository/Final Object Repo/Login Page/Internal User/Login Button' is clicked on

2019-01-09 11:23:37 - [MESSAGE][PASSED] - Object: 'Object Repository/Final Object Repo/Login Page/Internal User/Login Button' is clicked on

2019-01-09 11:23:37 - [TEST_STEP][PASSED] - Statement - tester = com.kms.katalon.core.testobject.ObjectRepository.findTestObject(Final Object Repo/Landing Page/Select to English): Finding Test Object with id 'Object Repository/Final Object Repo/Landing Page/Select to English'

2019-01-09 11:23:37 - [TEST_STEP][PASSED] - Statement - Try: Delayed 2 second(s)

2019-01-09 11:23:37 - [TEST_STEP][PASSED] - Statement - Checker = com.kms.katalon.core.webui.keyword.WebUiBuiltInKeywords.verifyElementNotPresent(tester, 3): Web element with id: 'Object Repository/Final Object Repo/Landing Page/Select to English' located by 'By.xpath: //a[@class = 'taglib-language-list-text' and @lang = 'en-US' and (contains(text(), 'EN') or contains(., 'EN'))]' is not present after '3' second(s)

2019-01-09 11:23:39 - [MESSAGE][PASSED] - Web element with id: 'Object Repository/Final Object Repo/Landing Page/Select to English' located by 'By.xpath: //a[@class = 'taglib-language-list-text' and @lang = 'en-US' and (contains(text(), 'EN') or contains(., 'EN'))]' is not present after '3' second(s)

2019-01-09 11:23:39 - [TEST_STEP][PASSED] - Statement - If (Checker == false): null

2019-01-09 11:23:39 - [TEST_STEP][PASSED] - delay: Delayed 2 second(s)

2019-01-09 11:23:41 - [MESSAGE][PASSED] - Delayed 2 second(s)

2019-01-09 11:23:41 - [TEST_STEP][PASSED] - delay: Delayed 5 second(s)

2019-01-09 11:23:46 - [MESSAGE][PASSED] - Delayed 5 second(s)

2019-01-09 11:23:46 - [TEST_STEP][PASSED] - mouseOver: Object: 'Object Repository/Final Object Repo/Landing Page/WorkFlow Menu' is hovered

2019-01-09 11:23:46 - [MESSAGE][PASSED] - Object: 'Object Repository/Final Object Repo/Landing Page/WorkFlow Menu' is hovered

2019-01-09 11:23:46 - [TEST_STEP][PASSED] - delay: Delayed 2 second(s)

2019-01-09 11:23:48 - [MESSAGE][PASSED] - Delayed 2 second(s)

2019-01-09 11:23:48 - [TEST_STEP][PASSED] - click: Object: 'Object Repository/Final Object Repo/Landing Page/Select to Workflow Listing' is clicked on

2019-01-09 11:23:49 - [MESSAGE][PASSED] - Object: 'Object Repository/Final Object Repo/Landing Page/Select to Workflow Listing' is clicked on

2019-01-09 11:23:49 - [TEST_STEP][PASSED] - delay: Delayed 2 second(s)

2019-01-09 11:23:51 - [MESSAGE][PASSED] - Delayed 2 second(s)

2019-01-09 11:23:51 - [TEST_STEP][PASSED] - click: Object: 'Object Repository/Final Object Repo/WorkFlow Listing Page/Search Information - To Put Ref No' is clicked on

2019-01-09 11:23:52 - [MESSAGE][PASSED] - Object: 'Object Repository/Final Object Repo/WorkFlow Listing Page/Search Information - To Put Ref No' is clicked on

2019-01-09 11:23:52 - [TEST_STEP][PASSED] - delay: Delayed 2 second(s)

2019-01-09 11:23:54 - [MESSAGE][PASSED] - Delayed 2 second(s)

2019-01-09 11:23:54 - [TEST_STEP][PASSED] - callTestCase: Call Test Case 'Test Cases/Final Aug 2018 - PKS Automation/Common/Reference Number Getter' successfully

2019-01-09 11:23:54 - [TEST_CASE][PASSED] - Test Cases/Final Aug 2018 - PKS Automation/Common/Reference Number Getter: Test Cases/Final Aug 2018 - PKS Automation/Common/Reference Number Getter

2019-01-09 11:23:54 - [TEST_STEP][PASSED] - Statement - Try: null

2019-01-09 11:23:54 - [TEST_STEP][PASSED] - Statement - RefNo = new java.io.File(C://Users//Admin//Desktop//PKS//Automation Reference Point//KatalonReference.txt): null

2019-01-09 11:23:54 - [TEST_STEP][PASSED] - Statement - bufferread = new java.io.BufferedReader(new java.io.FileReader(RefNo)): null

2019-01-09 11:23:54 - [TEST_STEP][PASSED] - Statement - readedVal = bufferread.readLine(): null

2019-01-09 11:23:54 - [TEST_STEP][PASSED] - Statement - out.println(CaseReferenceNo): null

2019-01-09 11:23:54 - [TEST_STEP][PASSED] - Statement - out.println(readedVal): null

2019-01-09 11:23:54 - [TEST_STEP][PASSED] - Statement - CaseReferenceNo = "": null

2019-01-09 11:23:54 - [TEST_STEP][PASSED] - Statement - CaseReferenceNo = readedVal: null

2019-01-09 11:23:54 - [MESSAGE][PASSED] - Call Test Case 'Test Cases/Final Aug 2018 - PKS Automation/Common/Reference Number Getter' successfully

2019-01-09 11:23:54 - [TEST_STEP][PASSED] - setText: Text 'CRN01201900123669' is set on object 'Object Repository/Final Object Repo/WorkFlow Listing Page/Ref No Set Text'

2019-01-09 11:23:54 - [MESSAGE][PASSED] - Text 'CRN01201900123669' is set on object 'Object Repository/Final Object Repo/WorkFlow Listing Page/Ref No Set Text'

2019-01-09 11:23:54 - [TEST_STEP][PASSED] - delay: Delayed 2 second(s)

2019-01-09 11:23:56 - [MESSAGE][PASSED] - Delayed 2 second(s)

2019-01-09 11:23:56 - [TEST_STEP][PASSED] - click: Object: 'Object Repository/Final Object Repo/WorkFlow Listing Page/Search Ref No Search Button' is clicked on

2019-01-09 11:23:56 - [MESSAGE][PASSED] - Object: 'Object Repository/Final Object Repo/WorkFlow Listing Page/Search Ref No Search Button' is clicked on

2019-01-09 11:23:56 - [TEST_STEP][PASSED] - delay: Delayed 6 second(s)

2019-01-09 11:24:02 - [MESSAGE][PASSED] - Delayed 6 second(s)

2019-01-09 11:24:02 - [TEST_STEP][PASSED] - click: Object: 'Object Repository/Final Object Repo/WorkFlow Listing Page/Click Continue Tooltip' is clicked on

2019-01-09 11:24:03 - [MESSAGE][PASSED] - Object: 'Object Repository/Final Object Repo/WorkFlow Listing Page/Click Continue Tooltip' is clicked on

2019-01-09 11:24:03 - [TEST_STEP][PASSED] - delay: Delayed 5 second(s)

2019-01-09 11:24:08 - [MESSAGE][PASSED] - Delayed 5 second(s)

2019-01-09 11:24:08 - [TEST_STEP][PASSED] - doubleClick: Object: 'Object Repository/Final Object Repo/WorkFlow Listing Page/Workflow Found - Listing 1' is double clicked on

2019-01-09 11:24:09 - [MESSAGE][PASSED] - Object: 'Object Repository/Final Object Repo/WorkFlow Listing Page/Workflow Found - Listing 1' is double clicked on

2019-01-09 11:24:09 - [TEST_STEP][PASSED] - Statement - println(OwnerID): null

2019-01-09 11:24:09 - [TEST_STEP][PASSED] - Statement - OwnerID = com.kms.katalon.core.webui.keyword.WebUiBuiltInKeywords.getText(com.kms.katalon.core.testobject.ObjectRepository.findTestObject(Final Object Repo/WorkFlow Listing Page/Workflow Found - Listing 1), STOP_ON_FAILURE): Text of object 'Object Repository/Final Object Repo/WorkFlow Listing Page/Workflow Found - Listing 1' is: 'JOHORro3'

2019-01-09 11:24:09 - [MESSAGE][PASSED] - Text of object 'Object Repository/Final Object Repo/WorkFlow Listing Page/Workflow Found - Listing 1' is: 'JOHORro3'

2019-01-09 11:24:09 - [TEST_STEP][PASSED] - Statement - OwnerID = OwnerID.toLowerCase() + "@gmail.com": null

2019-01-09 11:24:09 - [TEST_STEP][PASSED] - Statement - println(OwnerID): null

2019-01-09 11:24:09 - [TEST_STEP][PASSED] - delay: Delayed 2 second(s)

2019-01-09 11:24:11 - [MESSAGE][PASSED] - Delayed 2 second(s)

2019-01-09 11:24:11 - [MESSAGE][PASSED] - Call Test Case 'Test Cases/Final Aug 2018 - PKS Automation/Common/Workflow Owner Finder' successfully

2019-01-09 11:24:11 - [TEST_STEP][PASSED] - callTestCase: Call Test Case 'Test Cases/Final Aug 2018 - PKS Automation/Registration Module/Log Out/log out avoiding katalon tagging' successfully

2019-01-09 11:24:11 - [TEST_CASE][PASSED] - Test Cases/Final Aug 2018 - PKS Automation/Registration Module/Log Out/log out avoiding katalon tagging: Test Cases/Final Aug 2018 - PKS Automation/Registration Module/Log Out/log out avoiding katalon tagging

2019-01-09 11:24:11 - [TEST_STEP][PASSED] - navigateToUrl: Navigate to 'https://assist2-uat.perkeso.gov.my/c/portal/logout' successfully

2019-01-09 11:24:12 - [MESSAGE][PASSED] - Navigate to 'https://assist2-uat.perkeso.gov.my/c/portal/logout' successfully

2019-01-09 11:24:12 - [MESSAGE][PASSED] - Call Test Case 'Test Cases/Final Aug 2018 - PKS Automation/Registration Module/Log Out/log out avoiding katalon tagging' successfully

2019-01-09 11:24:12 - [TEST_STEP][PASSED] - delay: Delayed 2 second(s)

2019-01-09 11:24:14 - [MESSAGE][PASSED] - Delayed 2 second(s)

2019-01-09 11:24:14 - [TEST_STEP][PASSED] - setText: Text 'johorro3@gmail.com' is set on object 'Object Repository/Final Object Repo/Login Page/Internal User/Email Address'

2019-01-09 11:24:14 - [MESSAGE][PASSED] - Text 'johorro3@gmail.com' is set on object 'Object Repository/Final Object Repo/Login Page/Internal User/Email Address'

2019-01-09 11:24:14 - [TEST_STEP][PASSED] - click: Object: 'Object Repository/Final Object Repo/Login Page/Internal User/Next Button' is clicked on

2019-01-09 11:24:14 - [MESSAGE][PASSED] - Object: 'Object Repository/Final Object Repo/Login Page/Internal User/Next Button' is clicked on

2019-01-09 11:24:14 - [TEST_STEP][PASSED] - delay: Delayed 2 second(s)

2019-01-09 11:24:16 - [MESSAGE][PASSED] - Delayed 2 second(s)

2019-01-09 11:24:16 - [TEST_STEP][PASSED] - setText: Text 'Test1@3456789' is set on object 'Object Repository/Final Object Repo/Login Page/Internal User/Password'

2019-01-09 11:24:16 - [MESSAGE][PASSED] - Text 'Test1@3456789' is set on object 'Object Repository/Final Object Repo/Login Page/Internal User/Password'

2019-01-09 11:24:16 - [TEST_STEP][PASSED] - delay: Delayed 2 second(s)

2019-01-09 11:24:18 - [MESSAGE][PASSED] - Delayed 2 second(s)

2019-01-09 11:24:18 - [TEST_STEP][PASSED] - click: Object: 'Object Repository/Final Object Repo/Login Page/Internal User/Login Button' is clicked on

2019-01-09 11:24:19 - [MESSAGE][PASSED] - Object: 'Object Repository/Final Object Repo/Login Page/Internal User/Login Button' is clicked on

2019-01-09 11:24:19 - [TEST_STEP][PASSED] - delay: Delayed 2 second(s)

2019-01-09 11:24:21 - [MESSAGE][PASSED] - Delayed 2 second(s)

2019-01-09 11:24:21 - [TEST_STEP][PASSED] - Statement - Try: null

2019-01-09 11:24:21 - [TEST_STEP][PASSED] - Statement - Checker = com.kms.katalon.core.webui.keyword.WebUiBuiltInKeywords.verifyElementNotPresent("Final Object Repo/Landing Page/Select to English", 3): null

2019-01-09 11:24:21 - [TEST_STEP][PASSED] - Statement - Catch (Exception e): null

2019-01-09 11:24:21 - [TEST_STEP][PASSED] - Statement - e.printStackTrace(): null

2019-01-09 11:24:21 - [TEST_STEP][PASSED] - click: Object: 'Object Repository/Final Object Repo/New Registration - Registration Module Pages/New Reg - OTC to RO/Special Case - All Related Objects/Expand to Search' is clicked on

2019-01-09 11:24:21 - [MESSAGE][PASSED] - Object: 'Object Repository/Final Object Repo/New Registration - Registration Module Pages/New Reg - OTC to RO/Special Case - All Related Objects/Expand to Search' is clicked on

2019-01-09 11:24:21 - [TEST_STEP][PASSED] - callTestCase: Call Test Case 'Test Cases/Final Aug 2018 - PKS Automation/Common/Reference Number Getter' successfully

2019-01-09 11:24:21 - [TEST_CASE][PASSED] - Test Cases/Final Aug 2018 - PKS Automation/Common/Reference Number Getter: Test Cases/Final Aug 2018 - PKS Automation/Common/Reference Number Getter

2019-01-09 11:24:21 - [TEST_STEP][PASSED] - Statement - Try: null

2019-01-09 11:24:21 - [TEST_STEP][PASSED] - Statement - RefNo = new java.io.File(C://Users//Admin//Desktop//PKS//Automation Reference Point//KatalonReference.txt): null

2019-01-09 11:24:21 - [TEST_STEP][PASSED] - Statement - bufferread = new java.io.BufferedReader(new java.io.FileReader(RefNo)): null

2019-01-09 11:24:21 - [TEST_STEP][PASSED] - Statement - readedVal = bufferread.readLine(): null

2019-01-09 11:24:21 - [TEST_STEP][PASSED] - Statement - out.println(CaseReferenceNo): null

2019-01-09 11:24:21 - [TEST_STEP][PASSED] - Statement - out.println(readedVal): null

2019-01-09 11:24:21 - [TEST_STEP][PASSED] - Statement - CaseReferenceNo = "": null

2019-01-09 11:24:21 - [TEST_STEP][PASSED] - Statement - CaseReferenceNo = readedVal: null

2019-01-09 11:24:21 - [MESSAGE][PASSED] - Call Test Case 'Test Cases/Final Aug 2018 - PKS Automation/Common/Reference Number Getter' successfully

2019-01-09 11:24:21 - [TEST_STEP][PASSED] - setText: Text 'CRN01201900123669' is set on object 'Object Repository/Final Object Repo/New Registration - Registration Module Pages/New Reg - OTC to RO/Special Case - All Related Objects/TextBox RefNo in Workbasket'

2019-01-09 11:24:21 - [MESSAGE][PASSED] - Text 'CRN01201900123669' is set on object 'Object Repository/Final Object Repo/New Registration - Registration Module Pages/New Reg - OTC to RO/Special Case - All Related Objects/TextBox RefNo in Workbasket'

2019-01-09 11:24:21 - [TEST_STEP][PASSED] - delay: Delayed 2 second(s)

2019-01-09 11:24:23 - [MESSAGE][PASSED] - Delayed 2 second(s)

2019-01-09 11:24:23 - [TEST_STEP][PASSED] - click: Object: 'Object Repository/Final Object Repo/New Registration - Registration Module Pages/New Reg - OTC to RO/Special Case - All Related Objects/Click Search' is clicked on

2019-01-09 11:24:24 - [MESSAGE][PASSED] - Object: 'Object Repository/Final Object Repo/New Registration - Registration Module Pages/New Reg - OTC to RO/Special Case - All Related Objects/Click Search' is clicked on

2019-01-09 11:24:24 - [TEST_STEP][PASSED] - delay: Delayed 2 second(s)

2019-01-09 11:24:26 - [MESSAGE][PASSED] - Delayed 2 second(s)

2019-01-09 11:24:26 - [TEST_STEP][PASSED] - click: Object: 'Object Repository/Final Object Repo/New Registration - Registration Module Pages/New Reg - OTC to RO/Special Case - All Related Objects/Click to Continue Workflow' is clicked on

2019-01-09 11:24:29 - [MESSAGE][PASSED] - Object: 'Object Repository/Final Object Repo/New Registration - Registration Module Pages/New Reg - OTC to RO/Special Case - All Related Objects/Click to Continue Workflow' is clicked on

2019-01-09 11:24:29 - [TEST_STEP][PASSED] - delay: Delayed 2 second(s)

2019-01-09 11:24:31 - [MESSAGE][PASSED] - Delayed 2 second(s)

2019-01-09 11:24:31 - [TEST_STEP][PASSED] - click: Object: 'Object Repository/Final Object Repo/New Registration - Registration Module Pages/New Reg - OTC to RO/Special Case - All Related Objects/Continue Button in verifying case' is clicked on

2019-01-09 11:24:33 - [MESSAGE][PASSED] - Object: 'Object Repository/Final Object Repo/New Registration - Registration Module Pages/New Reg - OTC to RO/Special Case - All Related Objects/Continue Button in verifying case' is clicked on

2019-01-09 11:24:33 - [TEST_STEP][PASSED] - delay: Delayed 2 second(s)

2019-01-09 11:24:35 - [MESSAGE][PASSED] - Delayed 2 second(s)

2019-01-09 11:24:35 - [TEST_STEP][PASSED] - click: Object: 'Object Repository/Final Object Repo/New Registration - Registration Module Pages/New Reg - OTC to RO/Special Case - All Related Objects/Form 1 Save n Continue' is clicked on

2019-01-09 11:24:35 - [MESSAGE][PASSED] - Object: 'Object Repository/Final Object Repo/New Registration - Registration Module Pages/New Reg - OTC to RO/Special Case - All Related Objects/Form 1 Save n Continue' is clicked on

2019-01-09 11:24:35 - [TEST_STEP][PASSED] - delay: Delayed 2 second(s)

2019-01-09 11:24:37 - [MESSAGE][PASSED] - Delayed 2 second(s)

2019-01-09 11:24:37 - [TEST_STEP][PASSED] - click: Object: 'Object Repository/Final Object Repo/New Registration - Registration Module Pages/New Reg - OTC to RO/Special Case - All Related Objects/Form 2 Save n Continue' is clicked on

2019-01-09 11:24:37 - [MESSAGE][PASSED] - Object: 'Object Repository/Final Object Repo/New Registration - Registration Module Pages/New Reg - OTC to RO/Special Case - All Related Objects/Form 2 Save n Continue' is clicked on

2019-01-09 11:24:37 - [TEST_STEP][PASSED] - delay: Delayed 2 second(s)

2019-01-09 11:24:39 - [MESSAGE][PASSED] - Delayed 2 second(s)

2019-01-09 11:24:39 - [TEST_STEP][PASSED] - click: Object: 'Object Repository/Final Object Repo/New Registration - Registration Module Pages/New Reg - OTC to RO/Special Case - All Related Objects/Third Screen Save n Continue' is clicked on

2019-01-09 11:24:45 - [MESSAGE][PASSED] - Object: 'Object Repository/Final Object Repo/New Registration - Registration Module Pages/New Reg - OTC to RO/Special Case - All Related Objects/Third Screen Save n Continue' is clicked on

2019-01-09 11:24:45 - [TEST_STEP][PASSED] - delay: Delayed 5 second(s)

2019-01-09 11:24:50 - [MESSAGE][PASSED] - Delayed 5 second(s)

2019-01-09 11:24:50 - [TEST_STEP][PASSED] - click: Object: 'Object Repository/Final Object Repo/New Registration - Registration Module Pages/New Reg - OTC to RO/Special Case - All Related Objects/Upload Doc Page Save n Continue' is clicked on

2019-01-09 11:24:51 - [MESSAGE][PASSED] - Object: 'Object Repository/Final Object Repo/New Registration - Registration Module Pages/New Reg - OTC to RO/Special Case - All Related Objects/Upload Doc Page Save n Continue' is clicked on

2019-01-09 11:24:51 - [TEST_STEP][PASSED] - delay: Delayed 5 second(s)

2019-01-09 11:24:56 - [MESSAGE][PASSED] - Delayed 5 second(s)

2019-01-09 11:24:56 - [TEST_STEP][PASSED] - callTestCase: Call Test Case 'Test Cases/Final Aug 2018 - PKS Automation/Registration Module/New Registration/Submit and Screenshot/Submit Registration and Screenshot' successfully

2019-01-09 11:24:56 - [TEST_CASE][PASSED] - Test Cases/Final Aug 2018 - PKS Automation/Registration Module/New Registration/Submit and Screenshot/Submit Registration and Screenshot: Test Cases/Final Aug 2018 - PKS Automation/Registration Module/New Registration/Submit and Screenshot/Submit Registration and Screenshot

2019-01-09 11:24:56 - [TEST_STEP][PASSED] - delay: Delayed 6 second(s)

2019-01-09 11:25:02 - [MESSAGE][PASSED] - Delayed 6 second(s)

2019-01-09 11:25:02 - [TEST_STEP][PASSED] - click: Object: 'Object Repository/Final Object Repo/New Registration - Registration Module Pages/Third Screen - Upload Supporting Doc- Preview/Preview Submit Button' is clicked on

2019-01-09 11:25:02 - [MESSAGE][PASSED] - Object: 'Object Repository/Final Object Repo/New Registration - Registration Module Pages/Third Screen - Upload Supporting Doc- Preview/Preview Submit Button' is clicked on

2019-01-09 11:25:02 - [TEST_STEP][PASSED] - delay: Delayed 2 second(s)

2019-01-09 11:25:04 - [MESSAGE][PASSED] - Delayed 2 second(s)

2019-01-09 11:25:04 - [TEST_STEP][PASSED] - click: Object: 'Object Repository/Final Object Repo/New Registration - Registration Module Pages/Third Screen - Upload Supporting Doc- Preview/Preview Submit - Confirm' is clicked on

2019-01-09 11:25:04 - [MESSAGE][PASSED] - Object: 'Object Repository/Final Object Repo/New Registration - Registration Module Pages/Third Screen - Upload Supporting Doc- Preview/Preview Submit - Confirm' is clicked on

2019-01-09 11:25:04 - [TEST_STEP][PASSED] - delay: Delayed 15 second(s)

2019-01-09 11:25:19 - [MESSAGE][PASSED] - Delayed 15 second(s)

2019-01-09 11:25:19 - [TEST_STEP][PASSED] - Statement - driver = com.kms.katalon.core.webui.driver.DriverFactory.getWebDriver(): null

2019-01-09 11:25:19 - [TEST_STEP][PASSED] - Statement - driver.manage().timeouts().implicitlyWait(10, SECONDS): null

2019-01-09 11:25:19 - [TEST_STEP][PASSED] - Statement - PresavePath = KatalonScreenshots: null

2019-01-09 11:25:19 - [TEST_STEP][PASSED] - Statement - pathPrefix = "C:\Users\Public\Pictures\Sample Pictures\Katalon Screenshots\Automate Ending Screen": null

2019-01-09 11:25:19 - [TEST_STEP][PASSED] - Statement - finalPath = <not implemented yet for class: org.codehaus.groovy.ast.expr.EmptyExpression>: null

2019-01-09 11:25:19 - [TEST_STEP][PASSED] - Statement - scrFile = driver.getScreenshotAs(FILE): null

2019-01-09 11:25:19 - [TEST_STEP][PASSED] - Statement - PreSaveFile = new java.io.File(PresavePath): null

2019-01-09 11:25:19 - [TEST_STEP][PASSED] - Statement - counter = 0: null

2019-01-09 11:25:19 - [TEST_STEP][PASSED] - Statement - If (PreSaveFile.exists()): null

2019-01-09 11:25:19 - [TEST_STEP][PASSED] - Statement - While (PreSaveFile.exists()): null

2019-01-09 11:25:19 - [TEST_STEP][PASSED] - Statement - counter = counter + 1: null

2019-01-09 11:25:19 - [TEST_STEP][PASSED] - Statement - PreSaveFile = new java.io.File(((pathPrefix + java.lang.Integer.toString(counter)) + .png)): null

2019-01-09 11:25:19 - [TEST_STEP][PASSED] - Statement - counter = counter + 1: null

2019-01-09 11:25:19 - [TEST_STEP][PASSED] - Statement - PreSaveFile = new java.io.File(((pathPrefix + java.lang.Integer.toString(counter)) + .png)): null

2019-01-09 11:25:19 - [TEST_STEP][PASSED] - Statement - counter = counter + 1: null

2019-01-09 11:25:19 - [TEST_STEP][PASSED] - Statement - PreSaveFile = new java.io.File(((pathPrefix + java.lang.Integer.toString(counter)) + .png)): null

2019-01-09 11:25:19 - [TEST_STEP][PASSED] - Statement - counter = counter + 1: null

2019-01-09 11:25:19 - [TEST_STEP][PASSED] - Statement - PreSaveFile = new java.io.File(((pathPrefix + java.lang.Integer.toString(counter)) + .png)): null

2019-01-09 11:25:19 - [TEST_STEP][PASSED] - Statement - counter = counter + 1: null

2019-01-09 11:25:19 - [TEST_STEP][PASSED] - Statement - PreSaveFile = new java.io.File(((pathPrefix + java.lang.Integer.toString(counter)) + .png)): null

2019-01-09 11:25:19 - [TEST_STEP][PASSED] - Statement - counter = counter + 1: null

2019-01-09 11:25:19 - [TEST_STEP][PASSED] - Statement - PreSaveFile = new java.io.File(((pathPrefix + java.lang.Integer.toString(counter)) + .png)): null

2019-01-09 11:25:19 - [TEST_STEP][PASSED] - Statement - counter = counter + 1: null

2019-01-09 11:25:19 - [TEST_STEP][PASSED] - Statement - PreSaveFile = new java.io.File(((pathPrefix + java.lang.Integer.toString(counter)) + .png)): null

2019-01-09 11:25:19 - [TEST_STEP][PASSED] - Statement - counter = counter + 1: null

2019-01-09 11:25:19 - [TEST_STEP][PASSED] - Statement - PreSaveFile = new java.io.File(((pathPrefix + java.lang.Integer.toString(counter)) + .png)): null

2019-01-09 11:25:19 - [TEST_STEP][PASSED] - Statement - counter = counter + 1: null

2019-01-09 11:25:20 - [TEST_STEP][PASSED] - Statement - PreSaveFile = new java.io.File(((pathPrefix + java.lang.Integer.toString(counter)) + .png)): null

2019-01-09 11:25:20 - [TEST_STEP][PASSED] - Statement - counter = counter + 1: null

2019-01-09 11:25:20 - [TEST_STEP][PASSED] - Statement - PreSaveFile = new java.io.File(((pathPrefix + java.lang.Integer.toString(counter)) + .png)): null

2019-01-09 11:25:20 - [TEST_STEP][PASSED] - Statement - counter = counter + 1: null

2019-01-09 11:25:20 - [TEST_STEP][PASSED] - Statement - PreSaveFile = new java.io.File(((pathPrefix + java.lang.Integer.toString(counter)) + .png)): null

2019-01-09 11:25:20 - [TEST_STEP][PASSED] - Statement - counter = counter + 1: null

2019-01-09 11:25:20 - [TEST_STEP][PASSED] - Statement - PreSaveFile = new java.io.File(((pathPrefix + java.lang.Integer.toString(counter)) + .png)): null

2019-01-09 11:25:20 - [TEST_STEP][PASSED] - Statement - counter = counter + 1: null

2019-01-09 11:25:20 - [TEST_STEP][PASSED] - Statement - PreSaveFile = new java.io.File(((pathPrefix + java.lang.Integer.toString(counter)) + .png)): null

2019-01-09 11:25:20 - [TEST_STEP][PASSED] - Statement - counter = counter + 1: null

2019-01-09 11:25:20 - [TEST_STEP][PASSED] - Statement - PreSaveFile = new java.io.File(((pathPrefix + java.lang.Integer.toString(counter)) + .png)): null

2019-01-09 11:25:20 - [TEST_STEP][PASSED] - Statement - counter = counter + 1: null

2019-01-09 11:25:20 - [TEST_STEP][PASSED] - Statement - PreSaveFile = new java.io.File(((pathPrefix + java.lang.Integer.toString(counter)) + .png)): null

2019-01-09 11:25:20 - [TEST_STEP][PASSED] - Statement - counter = counter + 1: null

2019-01-09 11:25:20 - [TEST_STEP][PASSED] - Statement - PreSaveFile = new java.io.File(((pathPrefix + java.lang.Integer.toString(counter)) + .png)): null

2019-01-09 11:25:20 - [TEST_STEP][PASSED] - Statement - counter = counter + 1: null

2019-01-09 11:25:20 - [TEST_STEP][PASSED] - Statement - PreSaveFile = new java.io.File(((pathPrefix + java.lang.Integer.toString(counter)) + .png)): null

2019-01-09 11:25:20 - [TEST_STEP][PASSED] - Statement - counter = counter + 1: null

2019-01-09 11:25:20 - [TEST_STEP][PASSED] - Statement - PreSaveFile = new java.io.File(((pathPrefix + java.lang.Integer.toString(counter)) + .png)): null

2019-01-09 11:25:20 - [TEST_STEP][PASSED] - Statement - counter = counter + 1: null

2019-01-09 11:25:20 - [TEST_STEP][PASSED] - Statement - PreSaveFile = new java.io.File(((pathPrefix + java.lang.Integer.toString(counter)) + .png)): null

2019-01-09 11:25:20 - [TEST_STEP][PASSED] - Statement - counter = counter + 1: null

2019-01-09 11:25:20 - [TEST_STEP][PASSED] - Statement - PreSaveFile = new java.io.File(((pathPrefix + java.lang.Integer.toString(counter)) + .png)): null

2019-01-09 11:25:20 - [TEST_STEP][PASSED] - Statement - counter = counter + 1: null

2019-01-09 11:25:20 - [TEST_STEP][PASSED] - Statement - PreSaveFile = new java.io.File(((pathPrefix + java.lang.Integer.toString(counter)) + .png)): null

2019-01-09 11:25:20 - [TEST_STEP][PASSED] - Statement - counter = counter + 1: null

2019-01-09 11:25:20 - [TEST_STEP][PASSED] - Statement - PreSaveFile = new java.io.File(((pathPrefix + java.lang.Integer.toString(counter)) + .png)): null

2019-01-09 11:25:20 - [TEST_STEP][PASSED] - Statement - counter = counter + 1: null

2019-01-09 11:25:20 - [TEST_STEP][PASSED] - Statement - PreSaveFile = new java.io.File(((pathPrefix + java.lang.Integer.toString(counter)) + .png)): null

2019-01-09 11:25:20 - [TEST_STEP][PASSED] - Statement - counter = counter + 1: null

2019-01-09 11:25:20 - [TEST_STEP][PASSED] - Statement - PreSaveFile = new java.io.File(((pathPrefix + java.lang.Integer.toString(counter)) + .png)): null

2019-01-09 11:25:20 - [TEST_STEP][PASSED] - Statement - counter = counter + 1: null

2019-01-09 11:25:20 - [TEST_STEP][PASSED] - Statement - PreSaveFile = new java.io.File(((pathPrefix + java.lang.Integer.toString(counter)) + .png)): null

2019-01-09 11:25:20 - [TEST_STEP][PASSED] - Statement - counter = counter + 1: null

2019-01-09 11:25:20 - [TEST_STEP][PASSED] - Statement - PreSaveFile = new java.io.File(((pathPrefix + java.lang.Integer.toString(counter)) + .png)): null

2019-01-09 11:25:20 - [TEST_STEP][PASSED] - Statement - counter = counter + 1: null

2019-01-09 11:25:20 - [TEST_STEP][PASSED] - Statement - PreSaveFile = new java.io.File(((pathPrefix + java.lang.Integer.toString(counter)) + .png)): null

2019-01-09 11:25:20 - [TEST_STEP][PASSED] - Statement - counter = counter + 1: null

2019-01-09 11:25:20 - [TEST_STEP][PASSED] - Statement - PreSaveFile = new java.io.File(((pathPrefix + java.lang.Integer.toString(counter)) + .png)): null

2019-01-09 11:25:20 - [TEST_STEP][PASSED] - Statement - counter = counter + 1: null

2019-01-09 11:25:20 - [TEST_STEP][PASSED] - Statement - PreSaveFile = new java.io.File(((pathPrefix + java.lang.Integer.toString(counter)) + .png)): null

2019-01-09 11:25:20 - [TEST_STEP][PASSED] - Statement - counter = counter + 1: null

2019-01-09 11:25:20 - [TEST_STEP][PASSED] - Statement - PreSaveFile = new java.io.File(((pathPrefix + java.lang.Integer.toString(counter)) + .png)): null

2019-01-09 11:25:20 - [TEST_STEP][PASSED] - Statement - counter = counter + 1: null

2019-01-09 11:25:20 - [TEST_STEP][PASSED] - Statement - PreSaveFile = new java.io.File(((pathPrefix + java.lang.Integer.toString(counter)) + .png)): null

2019-01-09 11:25:20 - [TEST_STEP][PASSED] - Statement - counter = counter + 1: null

2019-01-09 11:25:20 - [TEST_STEP][PASSED] - Statement - PreSaveFile = new java.io.File(((pathPrefix + java.lang.Integer.toString(counter)) + .png)): null

2019-01-09 11:25:20 - [TEST_STEP][PASSED] - Statement - counter = counter + 1: null

2019-01-09 11:25:20 - [TEST_STEP][PASSED] - Statement - PreSaveFile = new java.io.File(((pathPrefix + java.lang.Integer.toString(counter)) + .png)): null

2019-01-09 11:25:20 - [TEST_STEP][PASSED] - Statement - counter = counter + 1: null

2019-01-09 11:25:21 - [TEST_STEP][PASSED] - Statement - PreSaveFile = new java.io.File(((pathPrefix + java.lang.Integer.toString(counter)) + .png)): null

2019-01-09 11:25:21 - [TEST_STEP][PASSED] - Statement - counter = counter + 1: null

2019-01-09 11:25:21 - [TEST_STEP][PASSED] - Statement - PreSaveFile = new java.io.File(((pathPrefix + java.lang.Integer.toString(counter)) + .png)): null

2019-01-09 11:25:21 - [TEST_STEP][PASSED] - Statement - counter = counter + 1: null

2019-01-09 11:25:21 - [TEST_STEP][PASSED] - Statement - PreSaveFile = new java.io.File(((pathPrefix + java.lang.Integer.toString(counter)) + .png)): null

2019-01-09 11:25:21 - [TEST_STEP][PASSED] - Statement - counter = counter + 1: null

2019-01-09 11:25:21 - [TEST_STEP][PASSED] - Statement - PreSaveFile = new java.io.File(((pathPrefix + java.lang.Integer.toString(counter)) + .png)): null

2019-01-09 11:25:21 - [TEST_STEP][PASSED] - Statement - counter = counter + 1: null

2019-01-09 11:25:21 - [TEST_STEP][PASSED] - Statement - PreSaveFile = new java.io.File(((pathPrefix + java.lang.Integer.toString(counter)) + .png)): null

2019-01-09 11:25:21 - [TEST_STEP][PASSED] - Statement - counter = counter + 1: null

2019-01-09 11:25:21 - [TEST_STEP][PASSED] - Statement - PreSaveFile = new java.io.File(((pathPrefix + java.lang.Integer.toString(counter)) + .png)): null

2019-01-09 11:25:21 - [TEST_STEP][PASSED] - Statement - counter = counter + 1: null

2019-01-09 11:25:21 - [TEST_STEP][PASSED] - Statement - PreSaveFile = new java.io.File(((pathPrefix + java.lang.Integer.toString(counter)) + .png)): null

2019-01-09 11:25:21 - [TEST_STEP][PASSED] - Statement - counter = counter + 1: null

2019-01-09 11:25:21 - [TEST_STEP][PASSED] - Statement - PreSaveFile = new java.io.File(((pathPrefix + java.lang.Integer.toString(counter)) + .png)): null

2019-01-09 11:25:21 - [TEST_STEP][PASSED] - Statement - counter = counter + 1: null

2019-01-09 11:25:21 - [TEST_STEP][PASSED] - Statement - PreSaveFile = new java.io.File(((pathPrefix + java.lang.Integer.toString(counter)) + .png)): null

2019-01-09 11:25:21 - [TEST_STEP][PASSED] - Statement - counter = counter + 1: null

2019-01-09 11:25:21 - [TEST_STEP][PASSED] - Statement - PreSaveFile = new java.io.File(((pathPrefix + java.lang.Integer.toString(counter)) + .png)): null

2019-01-09 11:25:21 - [TEST_STEP][PASSED] - Statement - counter = counter + 1: null

2019-01-09 11:25:21 - [TEST_STEP][PASSED] - Statement - PreSaveFile = new java.io.File(((pathPrefix + java.lang.Integer.toString(counter)) + .png)): null

2019-01-09 11:25:21 - [TEST_STEP][PASSED] - Statement - counter = counter + 1: null

2019-01-09 11:25:21 - [TEST_STEP][PASSED] - Statement - PreSaveFile = new java.io.File(((pathPrefix + java.lang.Integer.toString(counter)) + .png)): null

2019-01-09 11:25:21 - [TEST_STEP][PASSED] - Statement - counter = counter + 1: null

2019-01-09 11:25:21 - [TEST_STEP][PASSED] - Statement - PreSaveFile = new java.io.File(((pathPrefix + java.lang.Integer.toString(counter)) + .png)): null

2019-01-09 11:25:21 - [TEST_STEP][PASSED] - Statement - counter = counter + 1: null

2019-01-09 11:25:21 - [TEST_STEP][PASSED] - Statement - PreSaveFile = new java.io.File(((pathPrefix + java.lang.Integer.toString(counter)) + .png)): null

2019-01-09 11:25:21 - [TEST_STEP][PASSED] - Statement - counter = counter + 1: null

2019-01-09 11:25:22 - [TEST_STEP][PASSED] - Statement - PreSaveFile = new java.io.File(((pathPrefix + java.lang.Integer.toString(counter)) + .png)): null

2019-01-09 11:25:22 - [TEST_STEP][PASSED] - Statement - counter = counter + 1: null

2019-01-09 11:25:22 - [TEST_STEP][PASSED] - Statement - PreSaveFile = new java.io.File(((pathPrefix + java.lang.Integer.toString(counter)) + .png)): null

2019-01-09 11:25:22 - [TEST_STEP][PASSED] - Statement - counter = counter + 1: null

2019-01-09 11:25:22 - [TEST_STEP][PASSED] - Statement - PreSaveFile = new java.io.File(((pathPrefix + java.lang.Integer.toString(counter)) + .png)): null

2019-01-09 11:25:22 - [TEST_STEP][PASSED] - Statement - finalPath = pathPrefix + java.lang.Integer.toString(counter) + ".png": null

2019-01-09 11:25:22 - [TEST_STEP][PASSED] - Statement - SaveFile = new java.io.File(finalPath): null

2019-01-09 11:25:22 - [TEST_STEP][PASSED] - Statement - Try: null

2019-01-09 11:25:22 - [TEST_STEP][PASSED] - Statement - org.apache.commons.io.FileUtils.copyFile(scrFile, SaveFile): null

2019-01-09 11:25:22 - [TEST_STEP][PASSED] - Statement - out.println("file kept"): null

2019-01-09 11:25:22 - [TEST_STEP][PASSED] - delay: Delayed 10 second(s)

2019-01-09 11:25:32 - [MESSAGE][PASSED] - Delayed 10 second(s)

2019-01-09 11:25:32 - [MESSAGE][PASSED] - Call Test Case 'Test Cases/Final Aug 2018 - PKS Automation/Registration Module/New Registration/Submit and Screenshot/Submit Registration and Screenshot' successfully]]></system-out>
         <system-err><![CDATA[2019-01-09 11:15:55 - [TEST_CASE][FAILED] - Test Cases/Final Aug 2018 - PKS Automation/Registration Module/Workflow/New Registration/Case PKR BO to RO - Query - Submit: Test Cases/Final Aug 2018 - PKS Automation/Registration Module/Workflow/New Registration/Case PKR BO to RO - Query - Submit FAILED because (of) (Stack trace: com.kms.katalon.core.exception.StepFailedException: Unable to set text 'CRN01201900123669' of object 'Object Repository/Final Object Repo/New Registration - Registration Module Pages/New Reg - OTC to RO/Special Case - All Related Objects/TextBox RefNo in Workbasket' (Root cause: org.openqa.selenium.ElementNotVisibleException: element not interactable
  (Session info: chrome=71.0.3578.98)
  (Driver info: chromedriver=2.43.600210 (68dcf5eebde37173d4027fa8635e332711d2874a),platform=Windows NT 6.1.7601 SP1 x86_64) (WARNING: The server did not provide any stacktrace information)
Command duration or timeout: 0 milliseconds
Build info: version: '3.7.1', revision: '8a0099a', time: '2017-11-06T21:07:36.161Z'
System info: host: 'WIN7TEST02', ip: '10.20.3.72', os.name: 'Windows 7', os.arch: 'amd64', os.version: '6.1', java.version: '1.8.0_181'
Driver info: com.kms.katalon.selenium.driver.CChromeDriver
Capabilities {acceptInsecureCerts: false, acceptSslCerts: false, applicationCacheEnabled: false, browserConnectionEnabled: false, browserName: chrome, chrome: {chromedriverVersion: 2.43.600210 (68dcf5eebde371..., userDataDir: C:\Users\Admin\AppData\Loca...}, cssSelectorsEnabled: true, databaseEnabled: false, goog:chromeOptions: {debuggerAddress: localhost:52990}, handlesAlerts: true, hasTouchScreen: false, javascriptEnabled: true, locationContextEnabled: true, mobileEmulationEnabled: false, nativeEvents: true, networkConnectionEnabled: false, pageLoadStrategy: normal, platform: XP, platformName: XP, rotatable: false, setWindowRect: true, takesHeapSnapshot: true, takesScreenshot: true, unexpectedAlertBehaviour: , unhandledPromptBehavior: , version: 71.0.3578.98, webStorageEnabled: true}
Session ID: e28f2fe66d7da7451977e9544ed06eaf)
	at com.kms.katalon.core.keyword.internal.KeywordMain.stepFailed(KeywordMain.groovy:32)
	at com.kms.katalon.core.webui.keyword.internal.WebUIKeywordMain.stepFailed(WebUIKeywordMain.groovy:65)
	at com.kms.katalon.core.webui.keyword.internal.WebUIKeywordMain.runKeyword(WebUIKeywordMain.groovy:27)
	at com.kms.katalon.core.webui.keyword.builtin.SetTextKeyword.setText(SetTextKeyword.groovy:65)
	at com.kms.katalon.core.webui.keyword.builtin.SetTextKeyword.execute(SetTextKeyword.groovy:37)
	at com.kms.katalon.core.keyword.internal.KeywordExecutor.executeKeywordForPlatform(KeywordExecutor.groovy:53)
	at com.kms.katalon.core.webui.keyword.WebUiBuiltInKeywords.setText(WebUiBuiltInKeywords.groovy:950)
	at com.kms.katalon.core.webui.keyword.WebUiBuiltInKeywords$setText$1.call(Unknown Source)
	at org.codehaus.groovy.runtime.callsite.CallSiteArray.defaultCall(CallSiteArray.java:48)
	at org.codehaus.groovy.runtime.callsite.AbstractCallSite.call(AbstractCallSite.java:113)
	at org.codehaus.groovy.runtime.callsite.AbstractCallSite.call(AbstractCallSite.java:133)
	at Script1535619019036.run(Script1535619019036.groovy:73)
	at com.kms.katalon.core.main.ScriptEngine.run(ScriptEngine.java:183)
	at com.kms.katalon.core.main.ScriptEngine.runScriptAsRawText(ScriptEngine.java:108)
	at com.kms.katalon.core.main.TestCaseExecutor.runScript(TestCaseExecutor.java:294)
	at com.kms.katalon.core.main.TestCaseExecutor.doExecute(TestCaseExecutor.java:285)
	at com.kms.katalon.core.main.TestCaseExecutor.processExecutionPhase(TestCaseExecutor.java:264)
	at com.kms.katalon.core.main.TestCaseExecutor.accessMainPhase(TestCaseExecutor.java:256)
	at com.kms.katalon.core.main.TestCaseExecutor.execute(TestCaseExecutor.java:200)
	at com.kms.katalon.core.main.TestSuiteExecutor.accessTestCaseMainPhase(TestSuiteExecutor.java:129)
	at com.kms.katalon.core.main.TestSuiteExecutor.accessTestSuiteMainPhase(TestSuiteExecutor.java:112)
	at com.kms.katalon.core.main.TestSuiteExecutor.execute(TestSuiteExecutor.java:81)
	at com.kms.katalon.core.main.TestCaseMain.startTestSuite(TestCaseMain.java:142)
	at com.kms.katalon.core.main.TestCaseMain$startTestSuite$0.call(Unknown Source)
	at org.codehaus.groovy.runtime.callsite.CallSiteArray.defaultCall(CallSiteArray.java:48)
	at org.codehaus.groovy.runtime.callsite.AbstractCallSite.call(AbstractCallSite.java:113)
	at org.codehaus.groovy.runtime.callsite.AbstractCallSite.call(AbstractCallSite.java:141)
	at TempTestSuite1547001716520.run(TempTestSuite1547001716520.groovy:36)
	at groovy.lang.GroovyShell.runScriptOrMainOrTestOrRunnable(GroovyShell.java:263)
	at groovy.lang.GroovyShell.run(GroovyShell.java:518)
	at groovy.lang.GroovyShell.run(GroovyShell.java:507)
	at groovy.ui.GroovyMain.processOnce(GroovyMain.java:653)
	at groovy.ui.GroovyMain.run(GroovyMain.java:384)
	at groovy.ui.GroovyMain.process(GroovyMain.java:370)
	at groovy.ui.GroovyMain.processArgs(GroovyMain.java:129)
	at groovy.ui.GroovyMain.main(GroovyMain.java:109)
	at sun.reflect.NativeMethodAccessorImpl.invoke0(Native Method)
	at sun.reflect.NativeMethodAccessorImpl.invoke(NativeMethodAccessorImpl.java:62)
	at sun.reflect.DelegatingMethodAccessorImpl.invoke(DelegatingMethodAccessorImpl.java:43)
	at java.lang.reflect.Method.invoke(Method.java:498)
	at org.codehaus.groovy.tools.GroovyStarter.rootLoader(GroovyStarter.java:109)
	at org.codehaus.groovy.tools.GroovyStarter.main(GroovyStarter.java:131)
)]]></system-err>
      </testcase>
      <testcase name="Test Cases/Final Aug 2018 - PKS Automation/Registration Module/Workflow/New Registration/Case PKR BO to RO - RO Submit" classname="Test Cases/Final Aug 2018 - PKS Automation/Registration Module/Workflow/New Registration/Case PKR BO to RO - RO Submit" status="PASSED">
         <system-out><![CDATA[2019-01-09 11:25:32 - [TEST_CASE][PASSED] - Test Cases/Final Aug 2018 - PKS Automation/Registration Module/Workflow/New Registration/Case PKR BO to RO - RO Submit: Test Cases/Final Aug 2018 - PKS Automation/Registration Module/Workflow/New Registration/Case PKR BO to RO - RO Submit

2019-01-09 11:25:32 - [TEST_STEP][PASSED] - callTestCase: Call Test Case 'Test Cases/Final Aug 2018 - PKS Automation/Registration Module/Workflow/New Registration/Template/Special Case - PKR BO - Form 1' successfully

2019-01-09 11:25:32 - [TEST_CASE][PASSED] - Test Cases/Final Aug 2018 - PKS Automation/Registration Module/Workflow/New Registration/Template/Special Case - PKR BO - Form 1: Test Cases/Final Aug 2018 - PKS Automation/Registration Module/Workflow/New Registration/Template/Special Case - PKR BO - Form 1

2019-01-09 11:25:32 - [TEST_STEP][PASSED] - openBrowser: Browser is opened with url: ''

2019-01-09 11:25:32 - [MESSAGE][WARNING] - A browser is already opened. Closing browser and opening a new one

2019-01-09 11:25:35 - [MESSAGE][PASSED] - Browser is opened with url: ''

2019-01-09 11:25:35 - [TEST_STEP][PASSED] - navigateToUrl: Navigate to 'https://assist2-uat.perkeso.gov.my/login' successfully

2019-01-09 11:25:36 - [MESSAGE][PASSED] - Navigate to 'https://assist2-uat.perkeso.gov.my/login' successfully

2019-01-09 11:25:36 - [TEST_STEP][PASSED] - delay: Delayed 2 second(s)

2019-01-09 11:25:38 - [MESSAGE][PASSED] - Delayed 2 second(s)

2019-01-09 11:25:38 - [TEST_STEP][PASSED] - setText: Text 'klpkrbo2@gmail.com' is set on object 'Object Repository/Final Object Repo/Login Page/Internal User/Email Address'

2019-01-09 11:25:39 - [MESSAGE][PASSED] - Text 'klpkrbo2@gmail.com' is set on object 'Object Repository/Final Object Repo/Login Page/Internal User/Email Address'

2019-01-09 11:25:39 - [TEST_STEP][PASSED] - click: Object: 'Object Repository/Final Object Repo/Login Page/Internal User/Next Button' is clicked on

2019-01-09 11:25:39 - [MESSAGE][PASSED] - Object: 'Object Repository/Final Object Repo/Login Page/Internal User/Next Button' is clicked on

2019-01-09 11:25:39 - [TEST_STEP][PASSED] - delay: Delayed 2 second(s)

2019-01-09 11:25:41 - [MESSAGE][PASSED] - Delayed 2 second(s)

2019-01-09 11:25:41 - [TEST_STEP][PASSED] - setText: Text 'Test1@3456789' is set on object 'Object Repository/Final Object Repo/Login Page/Internal User/Password'

2019-01-09 11:25:41 - [MESSAGE][PASSED] - Text 'Test1@3456789' is set on object 'Object Repository/Final Object Repo/Login Page/Internal User/Password'

2019-01-09 11:25:41 - [TEST_STEP][PASSED] - delay: Delayed 2 second(s)

2019-01-09 11:25:43 - [MESSAGE][PASSED] - Delayed 2 second(s)

2019-01-09 11:25:43 - [TEST_STEP][PASSED] - click: Object: 'Object Repository/Final Object Repo/Login Page/Internal User/Login Button' is clicked on

2019-01-09 11:25:43 - [MESSAGE][PASSED] - Object: 'Object Repository/Final Object Repo/Login Page/Internal User/Login Button' is clicked on

2019-01-09 11:25:43 - [TEST_STEP][PASSED] - Statement - Try: null

2019-01-09 11:25:43 - [TEST_STEP][PASSED] - Statement - Checker = com.kms.katalon.core.webui.keyword.WebUiBuiltInKeywords.verifyElementNotPresent("Final Object Repo/Landing Page/Select to English", 3): null

2019-01-09 11:25:43 - [TEST_STEP][PASSED] - Statement - Catch (Exception e): null

2019-01-09 11:25:43 - [TEST_STEP][PASSED] - Statement - e.printStackTrace(): null

2019-01-09 11:25:43 - [TEST_STEP][PASSED] - delay: Delayed 5 second(s)

2019-01-09 11:25:48 - [MESSAGE][PASSED] - Delayed 5 second(s)

2019-01-09 11:25:48 - [TEST_STEP][PASSED] - click: Object: 'Object Repository/Final Object Repo/Landing Page/My Sites Drop Down' is clicked on

2019-01-09 11:25:49 - [MESSAGE][PASSED] - Object: 'Object Repository/Final Object Repo/Landing Page/My Sites Drop Down' is clicked on

2019-01-09 11:25:49 - [TEST_STEP][PASSED] - click: Object: 'Object Repository/Final Object Repo/Landing Page/Select to Registration Module' is clicked on

2019-01-09 11:25:50 - [MESSAGE][PASSED] - Object: 'Object Repository/Final Object Repo/Landing Page/Select to Registration Module' is clicked on

2019-01-09 11:25:50 - [TEST_STEP][PASSED] - click: Object: 'Object Repository/Final Object Repo/Landing Page/Registration Button' is clicked on

2019-01-09 11:25:51 - [MESSAGE][PASSED] - Object: 'Object Repository/Final Object Repo/Landing Page/Registration Button' is clicked on

2019-01-09 11:25:51 - [TEST_STEP][PASSED] - delay: Delayed 2 second(s)

2019-01-09 11:25:53 - [MESSAGE][PASSED] - Delayed 2 second(s)

2019-01-09 11:25:53 - [TEST_STEP][PASSED] - click: Object: 'Object Repository/Final Object Repo/New Registration - Registration Module Pages/New Reg - OTC to RO/Special Case - OTC - Form 1/AEC NO' is clicked on

2019-01-09 11:25:54 - [MESSAGE][PASSED] - Object: 'Object Repository/Final Object Repo/New Registration - Registration Module Pages/New Reg - OTC to RO/Special Case - OTC - Form 1/AEC NO' is clicked on

2019-01-09 11:25:54 - [TEST_STEP][PASSED] - click: Object: 'Object Repository/Final Object Repo/New Registration - Registration Module Pages/New Reg - OTC to RO/Special Case - OTC - Form 1/Business Entity - Please Select' is clicked on

2019-01-09 11:25:54 - [MESSAGE][PASSED] - Object: 'Object Repository/Final Object Repo/New Registration - Registration Module Pages/New Reg - OTC to RO/Special Case - OTC - Form 1/Business Entity - Please Select' is clicked on

2019-01-09 11:25:54 - [TEST_STEP][PASSED] - click: Object: 'Object Repository/Final Object Repo/New Registration - Registration Module Pages/New Reg - OTC to RO/Special Case - OTC - Form 1/Selected - Corporation' is clicked on

2019-01-09 11:25:54 - [MESSAGE][PASSED] - Object: 'Object Repository/Final Object Repo/New Registration - Registration Module Pages/New Reg - OTC to RO/Special Case - OTC - Form 1/Selected - Corporation' is clicked on

2019-01-09 11:25:54 - [TEST_STEP][PASSED] - delay: Delayed 2 second(s)

2019-01-09 11:25:56 - [MESSAGE][PASSED] - Delayed 2 second(s)

2019-01-09 11:25:56 - [TEST_STEP][PASSED] - click: Object: 'Object Repository/Final Object Repo/New Registration - Registration Module Pages/New Reg - OTC to RO/Special Case - OTC - Form 1/Sub Business Entity - Please Select' is clicked on

2019-01-09 11:25:56 - [MESSAGE][PASSED] - Object: 'Object Repository/Final Object Repo/New Registration - Registration Module Pages/New Reg - OTC to RO/Special Case - OTC - Form 1/Sub Business Entity - Please Select' is clicked on

2019-01-09 11:25:56 - [TEST_STEP][PASSED] - delay: Delayed 2 second(s)

2019-01-09 11:25:58 - [MESSAGE][PASSED] - Delayed 2 second(s)

2019-01-09 11:25:58 - [TEST_STEP][PASSED] - click: Object: 'Object Repository/Final Object Repo/New Registration - Registration Module Pages/New Reg - OTC to RO/Special Case - OTC - Form 1/Selected - Sendirian Berhad' is clicked on

2019-01-09 11:25:58 - [MESSAGE][PASSED] - Object: 'Object Repository/Final Object Repo/New Registration - Registration Module Pages/New Reg - OTC to RO/Special Case - OTC - Form 1/Selected - Sendirian Berhad' is clicked on

2019-01-09 11:25:58 - [TEST_STEP][PASSED] - setText: Text 'AUTOMATE001' is set on object 'Object Repository/Final Object Repo/New Registration - Registration Module Pages/New Reg - OTC to RO/Special Case - OTC - Form 1/Input BRN Number'

2019-01-09 11:25:59 - [MESSAGE][PASSED] - Text 'AUTOMATE001' is set on object 'Object Repository/Final Object Repo/New Registration - Registration Module Pages/New Reg - OTC to RO/Special Case - OTC - Form 1/Input BRN Number'

2019-01-09 11:25:59 - [TEST_STEP][PASSED] - delay: Delayed 2 second(s)

2019-01-09 11:26:01 - [MESSAGE][PASSED] - Delayed 2 second(s)

2019-01-09 11:26:01 - [TEST_STEP][PASSED] - click: Object: 'Object Repository/Final Object Repo/New Registration - Registration Module Pages/New Reg - OTC to RO/Special Case - OTC - Form 1/BRN Search' is clicked on

2019-01-09 11:26:01 - [MESSAGE][PASSED] - Object: 'Object Repository/Final Object Repo/New Registration - Registration Module Pages/New Reg - OTC to RO/Special Case - OTC - Form 1/BRN Search' is clicked on

2019-01-09 11:26:01 - [TEST_STEP][PASSED] - delay: Delayed 4 second(s)

2019-01-09 11:26:05 - [MESSAGE][PASSED] - Delayed 4 second(s)

2019-01-09 11:26:05 - [TEST_STEP][PASSED] - click: Object: 'Object Repository/Final Object Repo/New Registration - Registration Module Pages/New Reg - OTC to RO/Special Case - OTC - Form 1/Registered with SSM - After Feb 2017' is clicked on

2019-01-09 11:26:05 - [MESSAGE][PASSED] - Object: 'Object Repository/Final Object Repo/New Registration - Registration Module Pages/New Reg - OTC to RO/Special Case - OTC - Form 1/Registered with SSM - After Feb 2017' is clicked on

2019-01-09 11:26:05 - [TEST_STEP][PASSED] - delay: Delayed 2 second(s)

2019-01-09 11:26:07 - [MESSAGE][PASSED] - Delayed 2 second(s)

2019-01-09 11:26:07 - [TEST_STEP][PASSED] - click: Object: 'Object Repository/Final Object Repo/New Registration - Registration Module Pages/New Reg - OTC to RO/Special Case - OTC - Form 1/Registering As A Branch - No' is clicked on

2019-01-09 11:26:07 - [MESSAGE][PASSED] - Object: 'Object Repository/Final Object Repo/New Registration - Registration Module Pages/New Reg - OTC to RO/Special Case - OTC - Form 1/Registering As A Branch - No' is clicked on

2019-01-09 11:26:07 - [TEST_STEP][PASSED] - click: Object: 'Object Repository/Final Object Repo/New Registration - Registration Module Pages/New Reg - OTC to RO/Special Case - OTC - Form 1/Acknowledgement Ticked' is clicked on

2019-01-09 11:26:08 - [MESSAGE][PASSED] - Object: 'Object Repository/Final Object Repo/New Registration - Registration Module Pages/New Reg - OTC to RO/Special Case - OTC - Form 1/Acknowledgement Ticked' is clicked on

2019-01-09 11:26:08 - [TEST_STEP][PASSED] - click: Object: 'Object Repository/Final Object Repo/New Registration - Registration Module Pages/New Reg - OTC to RO/Special Case - OTC - Form 1/Submit Button' is clicked on

2019-01-09 11:26:08 - [MESSAGE][PASSED] - Object: 'Object Repository/Final Object Repo/New Registration - Registration Module Pages/New Reg - OTC to RO/Special Case - OTC - Form 1/Submit Button' is clicked on

2019-01-09 11:26:08 - [TEST_STEP][PASSED] - delay: Delayed 2 second(s)

2019-01-09 11:26:10 - [MESSAGE][PASSED] - Delayed 2 second(s)

2019-01-09 11:26:10 - [TEST_STEP][PASSED] - click: Object: 'Object Repository/Final Object Repo/New Registration - Registration Module Pages/New Reg - OTC to RO/Special Case - OTC - Form 1/Confirm No Flagging as Branch' is clicked on

2019-01-09 11:26:10 - [MESSAGE][PASSED] - Object: 'Object Repository/Final Object Repo/New Registration - Registration Module Pages/New Reg - OTC to RO/Special Case - OTC - Form 1/Confirm No Flagging as Branch' is clicked on

2019-01-09 11:26:10 - [MESSAGE][PASSED] - Call Test Case 'Test Cases/Final Aug 2018 - PKS Automation/Registration Module/Workflow/New Registration/Template/Special Case - PKR BO - Form 1' successfully

2019-01-09 11:26:10 - [TEST_STEP][PASSED] - callTestCase: Call Test Case 'Test Cases/Final Aug 2018 - PKS Automation/Registration Module/New Registration/Form 2/Add 1 Eligible' successfully

2019-01-09 11:26:10 - [TEST_CASE][PASSED] - Test Cases/Final Aug 2018 - PKS Automation/Registration Module/New Registration/Form 2/Add 1 Eligible: Test Cases/Final Aug 2018 - PKS Automation/Registration Module/New Registration/Form 2/Add 1 Eligible

2019-01-09 11:26:10 - [TEST_STEP][PASSED] - delay: Delayed 2 second(s)

2019-01-09 11:26:12 - [MESSAGE][PASSED] - Delayed 2 second(s)

2019-01-09 11:26:12 - [TEST_STEP][PASSED] - callTestCase: Call Test Case 'Test Cases/Final Aug 2018 - PKS Automation/Registration Module/New Registration/Form 2/Date Updater' successfully

2019-01-09 11:26:12 - [TEST_CASE][PASSED] - Test Cases/Final Aug 2018 - PKS Automation/Registration Module/New Registration/Form 2/Date Updater: Test Cases/Final Aug 2018 - PKS Automation/Registration Module/New Registration/Form 2/Date Updater

2019-01-09 11:26:12 - [TEST_STEP][PASSED] - Statement - TodayDate = new java.util.Date(): null

2019-01-09 11:26:12 - [TEST_STEP][PASSED] - Statement - CurrentDateNoFilter = new java.text.SimpleDateFormat(): null

2019-01-09 11:26:12 - [TEST_STEP][PASSED] - Statement - CurrentDateNoFilter.applyPattern("MM"): null

2019-01-09 11:26:12 - [TEST_STEP][PASSED] - Statement - monthContainerMatcher = java.lang.Integer.parseInt(CurrentDateNoFilter.format(TodayDate)): null

2019-01-09 11:26:12 - [TEST_STEP][PASSED] - Statement - monthContainerMatcher = monthContainerMatcher - 1: null

2019-01-09 11:26:12 - [TEST_STEP][PASSED] - Statement - CurrentMonth = monthContainerMatcher.toString(): null

2019-01-09 11:26:12 - [TEST_STEP][PASSED] - Statement - CurrentMonth = CurrentMonth: null

2019-01-09 11:26:12 - [TEST_STEP][PASSED] - Statement - CurrentDateNoFilter.applyPattern("yyyy"): null

2019-01-09 11:26:12 - [TEST_STEP][PASSED] - Statement - CurrentYear = CurrentDateNoFilter.format(TodayDate): null

2019-01-09 11:26:12 - [TEST_STEP][PASSED] - Statement - CurrentYear = CurrentYear: null

2019-01-09 11:26:12 - [TEST_STEP][PASSED] - Statement - intCurrentYear = java.lang.Integer.parseInt(CurrentDateNoFilter.format(TodayDate)): null

2019-01-09 11:26:12 - [TEST_STEP][PASSED] - Statement - eighteenYrsAgo = intCurrentYear - 18: null

2019-01-09 11:26:12 - [TEST_STEP][PASSED] - Statement - eighteenYrsBeforeThisYr = eighteenYrsAgo.toString(): null

2019-01-09 11:26:12 - [TEST_STEP][PASSED] - Statement - EighteenYrsBefore = eighteenYrsBeforeThisYr: null

2019-01-09 11:26:12 - [TEST_STEP][PASSED] - Statement - fiftysevenYrsAgo = intCurrentYear - 57: null

2019-01-09 11:26:12 - [TEST_STEP][PASSED] - Statement - fiftysevenYrsBeforeThisYr = fiftysevenYrsAgo.toString(): null

2019-01-09 11:26:12 - [TEST_STEP][PASSED] - Statement - FiftysevenYrsBefore = fiftysevenYrsBeforeThisYr: null

2019-01-09 11:26:12 - [TEST_STEP][PASSED] - Statement - leapYear = false: null

2019-01-09 11:26:12 - [TEST_STEP][PASSED] - Statement - leapYear = intCurrentYear % 4 == 0: null

2019-01-09 11:26:12 - [TEST_STEP][PASSED] - Statement - CurrentDateNoFilter.applyPattern("dd"): null

2019-01-09 11:26:12 - [TEST_STEP][PASSED] - Statement - CurrentDate = CurrentDateNoFilter.format(TodayDate): null

2019-01-09 11:26:12 - [TEST_STEP][PASSED] - Statement - CurrentDate = java.lang.Integer.parseInt(CurrentDate): null

2019-01-09 11:26:12 - [TEST_STEP][PASSED] - Statement - CurrentDate = CurrentDate: null

2019-01-09 11:26:12 - [TEST_STEP][PASSED] - Statement - CurrentDay = java.lang.Integer.parseInt(CurrentDate): null

2019-01-09 11:26:12 - [TEST_STEP][PASSED] - Statement - ConfAdder = <not implemented yet for class: org.codehaus.groovy.ast.expr.EmptyExpression>: null

2019-01-09 11:26:12 - [TEST_STEP][PASSED] - Statement - out.println(CurrentMonth): null

2019-01-09 11:26:12 - [TEST_STEP][PASSED] - Statement - out.println(CurrentDate): null

2019-01-09 11:26:12 - [TEST_STEP][PASSED] - Statement - switch (CurrentDate): null

2019-01-09 11:26:12 - [TEST_STEP][PASSED] - Statement - Default: null

2019-01-09 11:26:12 - [TEST_STEP][PASSED] - Statement - ConfAdder = true: null

2019-01-09 11:26:12 - [TEST_STEP][PASSED] - Statement - Break: null

2019-01-09 11:26:12 - [TEST_STEP][PASSED] - Statement - aDayBefore = <not implemented yet for class: org.codehaus.groovy.ast.expr.EmptyExpression>: null

2019-01-09 11:26:12 - [TEST_STEP][PASSED] - Statement - out.println(ConfAdder): null

2019-01-09 11:26:12 - [TEST_STEP][PASSED] - Statement - If (ConfAdder == true): null

2019-01-09 11:26:12 - [TEST_STEP][PASSED] - Statement - aDayBefore = CurrentDay + 1: null

2019-01-09 11:26:12 - [TEST_STEP][PASSED] - Statement - out.println(aDayBefore): null

2019-01-09 11:26:12 - [TEST_STEP][PASSED] - Statement - If (aDayBefore == 1 && CurrentMonth == 11): null

2019-01-09 11:26:12 - [TEST_STEP][PASSED] - Statement - DayBefore = aDayBefore.toString(): null

2019-01-09 11:26:12 - [TEST_STEP][PASSED] - Statement - OneDayBefore = DayBefore: null

2019-01-09 11:26:12 - [MESSAGE][PASSED] - Call Test Case 'Test Cases/Final Aug 2018 - PKS Automation/Registration Module/New Registration/Form 2/Date Updater' successfully

2019-01-09 11:26:13 - [TEST_STEP][PASSED] - delay: Delayed 1 second(s)

2019-01-09 11:26:14 - [MESSAGE][PASSED] - Delayed 1 second(s)

2019-01-09 11:26:14 - [TEST_STEP][PASSED] - Statement - CaseReferenceNo = com.kms.katalon.core.webui.keyword.WebUiBuiltInKeywords.getText(com.kms.katalon.core.testobject.ObjectRepository.findTestObject(Final Object Repo/New Registration - Registration Module Pages/Form 2/RefNo Acquiring)): Text of object 'Object Repository/Final Object Repo/New Registration - Registration Module Pages/Form 2/RefNo Acquiring' is: 'CRN01201900123674'

2019-01-09 11:26:14 - [MESSAGE][PASSED] - Text of object 'Object Repository/Final Object Repo/New Registration - Registration Module Pages/Form 2/RefNo Acquiring' is: 'CRN01201900123674'

2019-01-09 11:26:14 - [TEST_STEP][PASSED] - delay: Delayed 1 second(s)

2019-01-09 11:26:15 - [MESSAGE][PASSED] - Delayed 1 second(s)

2019-01-09 11:26:15 - [TEST_STEP][PASSED] - click: Object: 'Object Repository/Final Object Repo/New Registration - Registration Module Pages/Form 2/Add Employee Button' is clicked on

2019-01-09 11:26:15 - [MESSAGE][PASSED] - Object: 'Object Repository/Final Object Repo/New Registration - Registration Module Pages/Form 2/Add Employee Button' is clicked on

2019-01-09 11:26:15 - [TEST_STEP][PASSED] - delay: Delayed 1 second(s)

2019-01-09 11:26:16 - [MESSAGE][PASSED] - Delayed 1 second(s)

2019-01-09 11:26:16 - [TEST_STEP][PASSED] - setText: Text '010903091963' is set on object 'Object Repository/Final Object Repo/New Registration - Registration Module Pages/Form 2/NRIC Input'

2019-01-09 11:26:16 - [MESSAGE][PASSED] - Text '010903091963' is set on object 'Object Repository/Final Object Repo/New Registration - Registration Module Pages/Form 2/NRIC Input'

2019-01-09 11:26:16 - [TEST_STEP][PASSED] - click: Object: 'Object Repository/Final Object Repo/New Registration - Registration Module Pages/Form 2/button for search for IC' is clicked on

2019-01-09 11:26:16 - [MESSAGE][PASSED] - Object: 'Object Repository/Final Object Repo/New Registration - Registration Module Pages/Form 2/button for search for IC' is clicked on

2019-01-09 11:26:16 - [TEST_STEP][PASSED] - delay: Delayed 2 second(s)

2019-01-09 11:26:18 - [MESSAGE][PASSED] - Delayed 2 second(s)

2019-01-09 11:26:18 - [TEST_STEP][PASSED] - setText: Text 'Automate001 eligible 1' is set on object 'Object Repository/Final Object Repo/New Registration - Registration Module Pages/Form 2/Employee Name Input'

2019-01-09 11:26:19 - [MESSAGE][PASSED] - Text 'Automate001 eligible 1' is set on object 'Object Repository/Final Object Repo/New Registration - Registration Module Pages/Form 2/Employee Name Input'

2019-01-09 11:26:19 - [TEST_STEP][PASSED] - delay: Delayed 2 second(s)

2019-01-09 11:26:21 - [MESSAGE][PASSED] - Delayed 2 second(s)

2019-01-09 11:26:21 - [TEST_STEP][PASSED] - click: Object: 'Object Repository/Final Object Repo/New Registration - Registration Module Pages/Form 2/DatePicker Pop Up' is clicked on

2019-01-09 11:26:21 - [MESSAGE][PASSED] - Object: 'Object Repository/Final Object Repo/New Registration - Registration Module Pages/Form 2/DatePicker Pop Up' is clicked on

2019-01-09 11:26:21 - [TEST_STEP][PASSED] - click: Object: 'Object Repository/Final Object Repo/New Registration - Registration Module Pages/Form 2/DOB Month' is clicked on

2019-01-09 11:26:22 - [MESSAGE][PASSED] - Object: 'Object Repository/Final Object Repo/New Registration - Registration Module Pages/Form 2/DOB Month' is clicked on

2019-01-09 11:26:22 - [TEST_STEP][PASSED] - Statement - CurrentMonth = CurrentMonth: null

2019-01-09 11:26:22 - [TEST_STEP][PASSED] - Statement - selectMonth = new com.kms.katalon.core.testobject.TestObject(): null

2019-01-09 11:26:22 - [TEST_STEP][PASSED] - Statement - selectMonth.addProperty("xpath", EQUALS, "//body/div/div/div/select/option[@value='" + CurrentMonth + "']", true): null

2019-01-09 11:26:22 - [TEST_STEP][PASSED] - click: Object: '' is clicked on

2019-01-09 11:26:22 - [MESSAGE][PASSED] - Object: '' is clicked on

2019-01-09 11:26:22 - [TEST_STEP][PASSED] - click: Object: 'Object Repository/Final Object Repo/New Registration - Registration Module Pages/Form 2/DOB Year' is clicked on

2019-01-09 11:26:22 - [MESSAGE][PASSED] - Object: 'Object Repository/Final Object Repo/New Registration - Registration Module Pages/Form 2/DOB Year' is clicked on

2019-01-09 11:26:22 - [TEST_STEP][PASSED] - Statement - Eyearsbf = EighteenYrsBefore: null

2019-01-09 11:26:22 - [TEST_STEP][PASSED] - Statement - selectYear = new com.kms.katalon.core.testobject.TestObject(): null

2019-01-09 11:26:22 - [TEST_STEP][PASSED] - Statement - selectYear.addProperty("xpath", EQUALS, "//div/div/div/select/option[@value='" + Eyearsbf + "']", true): null

2019-01-09 11:26:22 - [TEST_STEP][PASSED] - click: Object: '' is clicked on

2019-01-09 11:26:22 - [MESSAGE][PASSED] - Object: '' is clicked on

2019-01-09 11:26:22 - [TEST_STEP][PASSED] - Statement - UpdatedSelectDate = com.kms.katalon.core.webui.keyword.WebUiBuiltInKeywords.modifyObjectProperty(com.kms.katalon.core.testobject.ObjectRepository.findTestObject(Final Object Repo/New Registration - Registration Module Pages/Form 2/DOB Date), "xpath", "equals", "//body/div/table/tbody/tr/td/a[text()="" + CurrentDate + ""]", true): Modify property of object successfully

2019-01-09 11:26:22 - [MESSAGE][PASSED] - Modify property of object successfully

2019-01-09 11:26:22 - [TEST_STEP][PASSED] - delay: Delayed 3 second(s)

2019-01-09 11:26:25 - [MESSAGE][PASSED] - Delayed 3 second(s)

2019-01-09 11:26:25 - [TEST_STEP][PASSED] - click: Object: 'Object Repository/Final Object Repo/New Registration - Registration Module Pages/Form 2/DOB Date' is clicked on

2019-01-09 11:26:25 - [MESSAGE][PASSED] - Object: 'Object Repository/Final Object Repo/New Registration - Registration Module Pages/Form 2/DOB Date' is clicked on

2019-01-09 11:26:25 - [TEST_STEP][PASSED] - delay: Delayed 2 second(s)

2019-01-09 11:26:27 - [MESSAGE][PASSED] - Delayed 2 second(s)

2019-01-09 11:26:27 - [TEST_STEP][PASSED] - click: Object: 'Object Repository/Final Object Repo/New Registration - Registration Module Pages/Form 2/EmploymentStartDate Pop Up' is clicked on

2019-01-09 11:26:27 - [MESSAGE][PASSED] - Object: 'Object Repository/Final Object Repo/New Registration - Registration Module Pages/Form 2/EmploymentStartDate Pop Up' is clicked on

2019-01-09 11:26:27 - [TEST_STEP][PASSED] - delay: Delayed 2 second(s)

2019-01-09 11:26:29 - [MESSAGE][PASSED] - Delayed 2 second(s)

2019-01-09 11:26:29 - [TEST_STEP][PASSED] - click: Object: 'Object Repository/Final Object Repo/New Registration - Registration Module Pages/Form 2/Socso Employment StartDate Month' is clicked on

2019-01-09 11:26:29 - [MESSAGE][PASSED] - Object: 'Object Repository/Final Object Repo/New Registration - Registration Module Pages/Form 2/Socso Employment StartDate Month' is clicked on

2019-01-09 11:26:29 - [TEST_STEP][PASSED] - delay: Delayed 1 second(s)

2019-01-09 11:26:31 - [MESSAGE][PASSED] - Delayed 1 second(s)

2019-01-09 11:26:31 - [TEST_STEP][PASSED] - click: Object: 'Object Repository/Final Object Repo/New Registration - Registration Module Pages/Form 2/Select Socso Employement Startdate Month' is clicked on

2019-01-09 11:26:31 - [MESSAGE][PASSED] - Object: 'Object Repository/Final Object Repo/New Registration - Registration Module Pages/Form 2/Select Socso Employement Startdate Month' is clicked on

2019-01-09 11:26:31 - [TEST_STEP][PASSED] - delay: Delayed 2 second(s)

2019-01-09 11:26:33 - [MESSAGE][PASSED] - Delayed 2 second(s)

2019-01-09 11:26:33 - [TEST_STEP][PASSED] - click: Object: 'Object Repository/Final Object Repo/New Registration - Registration Module Pages/Form 2/Socso Employment StartDate Year' is clicked on

2019-01-09 11:26:33 - [MESSAGE][PASSED] - Object: 'Object Repository/Final Object Repo/New Registration - Registration Module Pages/Form 2/Socso Employment StartDate Year' is clicked on

2019-01-09 11:26:33 - [TEST_STEP][PASSED] - delay: Delayed 1 second(s)

2019-01-09 11:26:34 - [MESSAGE][PASSED] - Delayed 1 second(s)

2019-01-09 11:26:34 - [TEST_STEP][PASSED] - click: Object: 'Object Repository/Final Object Repo/New Registration - Registration Module Pages/Form 2/Select Socso Employment Startdate Year' is clicked on

2019-01-09 11:26:34 - [MESSAGE][PASSED] - Object: 'Object Repository/Final Object Repo/New Registration - Registration Module Pages/Form 2/Select Socso Employment Startdate Year' is clicked on

2019-01-09 11:26:34 - [TEST_STEP][PASSED] - delay: Delayed 2 second(s)

2019-01-09 11:26:36 - [MESSAGE][PASSED] - Delayed 2 second(s)

2019-01-09 11:26:36 - [TEST_STEP][PASSED] - click: Object: 'Object Repository/Final Object Repo/New Registration - Registration Module Pages/Form 2/Socso Employment Start Date Day' is clicked on

2019-01-09 11:26:36 - [MESSAGE][PASSED] - Object: 'Object Repository/Final Object Repo/New Registration - Registration Module Pages/Form 2/Socso Employment Start Date Day' is clicked on

2019-01-09 11:26:36 - [TEST_STEP][PASSED] - delay: Delayed 2 second(s)

2019-01-09 11:26:38 - [MESSAGE][PASSED] - Delayed 2 second(s)

2019-01-09 11:26:38 - [TEST_STEP][PASSED] - click: Object: 'Object Repository/Final Object Repo/New Registration - Registration Module Pages/Form 2/Save Button for Add Employee' is clicked on

2019-01-09 11:26:38 - [MESSAGE][PASSED] - Object: 'Object Repository/Final Object Repo/New Registration - Registration Module Pages/Form 2/Save Button for Add Employee' is clicked on

2019-01-09 11:26:38 - [TEST_STEP][PASSED] - delay: Delayed 6 second(s)

2019-01-09 11:26:44 - [MESSAGE][PASSED] - Delayed 6 second(s)

2019-01-09 11:26:44 - [TEST_STEP][PASSED] - click: Object: 'Object Repository/Final Object Repo/New Registration - Registration Module Pages/Form 2/Save and Continue Form 2' is clicked on

2019-01-09 11:26:45 - [MESSAGE][PASSED] - Object: 'Object Repository/Final Object Repo/New Registration - Registration Module Pages/Form 2/Save and Continue Form 2' is clicked on

2019-01-09 11:26:45 - [MESSAGE][PASSED] - Call Test Case 'Test Cases/Final Aug 2018 - PKS Automation/Registration Module/New Registration/Form 2/Add 1 Eligible' successfully

2019-01-09 11:26:45 - [TEST_STEP][PASSED] - callTestCase: Call Test Case 'Test Cases/Final Aug 2018 - PKS Automation/Registration Module/New Registration/Flow of New Registration/Third Screen - Upload Supporting Doc - Preview' successfully

2019-01-09 11:26:45 - [TEST_CASE][PASSED] - Test Cases/Final Aug 2018 - PKS Automation/Registration Module/New Registration/Flow of New Registration/Third Screen - Upload Supporting Doc - Preview: Test Cases/Final Aug 2018 - PKS Automation/Registration Module/New Registration/Flow of New Registration/Third Screen - Upload Supporting Doc - Preview

2019-01-09 11:26:45 - [TEST_STEP][PASSED] - waitForPageLoad: Wait for page load successfully

2019-01-09 11:26:45 - [MESSAGE][PASSED] - Wait for page load successfully

2019-01-09 11:26:45 - [TEST_STEP][PASSED] - Statement - CaseReferenceNo = com.kms.katalon.core.webui.keyword.WebUiBuiltInKeywords.getText(com.kms.katalon.core.testobject.ObjectRepository.findTestObject(Final Object Repo/New Registration - Registration Module Pages/Third Screen - Upload Supporting Doc- Preview/RefNo Acquiring)): Text of object 'Object Repository/Final Object Repo/New Registration - Registration Module Pages/Third Screen - Upload Supporting Doc- Preview/RefNo Acquiring' is: 'CRN01201900123674'

2019-01-09 11:26:46 - [MESSAGE][PASSED] - Text of object 'Object Repository/Final Object Repo/New Registration - Registration Module Pages/Third Screen - Upload Supporting Doc- Preview/RefNo Acquiring' is: 'CRN01201900123674'

2019-01-09 11:26:46 - [TEST_STEP][PASSED] - delay: Delayed 2 second(s)

2019-01-09 11:26:48 - [MESSAGE][PASSED] - Delayed 2 second(s)

2019-01-09 11:26:48 - [TEST_STEP][PASSED] - callTestCase: Call Test Case 'Test Cases/Final Aug 2018 - PKS Automation/Common/Reference Number Setter' successfully

2019-01-09 11:26:48 - [TEST_CASE][PASSED] - Test Cases/Final Aug 2018 - PKS Automation/Common/Reference Number Setter: Test Cases/Final Aug 2018 - PKS Automation/Common/Reference Number Setter

2019-01-09 11:26:48 - [TEST_STEP][PASSED] - Statement - RefNoOldFile = new java.io.File(C://Users//Admin//Desktop//PKS//Automation Reference Point//KatalonReference.txt): null

2019-01-09 11:26:48 - [TEST_STEP][PASSED] - Statement - RefNoOldFile.delete(): null

2019-01-09 11:26:48 - [TEST_STEP][PASSED] - delay: Delayed 5 second(s)

2019-01-09 11:26:53 - [MESSAGE][PASSED] - Delayed 5 second(s)

2019-01-09 11:26:53 - [TEST_STEP][PASSED] - Statement - RefNo = new java.io.File(C://Users//Admin//Desktop//PKS//Automation Reference Point//KatalonReference.txt): null

2019-01-09 11:26:53 - [TEST_STEP][PASSED] - Statement - f2 = new java.io.FileWriter(RefNo, false): null

2019-01-09 11:26:53 - [TEST_STEP][PASSED] - Statement - f2.write(CaseReferenceNo): null

2019-01-09 11:26:53 - [TEST_STEP][PASSED] - Statement - f2.close(): null

2019-01-09 11:26:53 - [TEST_STEP][PASSED] - Statement - out.println("


" + CaseReferenceNo + "


"): null

2019-01-09 11:26:53 - [MESSAGE][PASSED] - Call Test Case 'Test Cases/Final Aug 2018 - PKS Automation/Common/Reference Number Setter' successfully

2019-01-09 11:26:53 - [TEST_STEP][PASSED] - waitForElementClickable: Object 'Object Repository/Final Object Repo/New Registration - Registration Module Pages/Third Screen - Upload Supporting Doc- Preview/Save n Continue in SIP Employee Listing Page' is clickable

2019-01-09 11:26:53 - [MESSAGE][PASSED] - Object 'Object Repository/Final Object Repo/New Registration - Registration Module Pages/Third Screen - Upload Supporting Doc- Preview/Save n Continue in SIP Employee Listing Page' is clickable

2019-01-09 11:26:53 - [TEST_STEP][PASSED] - click: Object: 'Object Repository/Final Object Repo/New Registration - Registration Module Pages/Third Screen - Upload Supporting Doc- Preview/Save n Continue in SIP Employee Listing Page' is clicked on

2019-01-09 11:26:58 - [MESSAGE][PASSED] - Object: 'Object Repository/Final Object Repo/New Registration - Registration Module Pages/Third Screen - Upload Supporting Doc- Preview/Save n Continue in SIP Employee Listing Page' is clicked on

2019-01-09 11:26:58 - [TEST_STEP][PASSED] - delay: Delayed 7 second(s)

2019-01-09 11:27:05 - [MESSAGE][PASSED] - Delayed 7 second(s)

2019-01-09 11:27:05 - [TEST_STEP][PASSED] - click: Object: 'Object Repository/Final Object Repo/New Registration - Registration Module Pages/Third Screen - Upload Supporting Doc- Preview/Add Document Button' is clicked on

2019-01-09 11:27:06 - [MESSAGE][PASSED] - Object: 'Object Repository/Final Object Repo/New Registration - Registration Module Pages/Third Screen - Upload Supporting Doc- Preview/Add Document Button' is clicked on

2019-01-09 11:27:06 - [TEST_STEP][PASSED] - delay: Delayed 30 second(s)

2019-01-09 11:27:36 - [MESSAGE][PASSED] - Delayed 30 second(s)

2019-01-09 11:27:36 - [TEST_STEP][PASSED] - click: Object: 'Object Repository/Final Object Repo/New Registration - Registration Module Pages/Third Screen - Upload Supporting Doc- Preview/Supporting Doc Please Select Drop Down' is clicked on

2019-01-09 11:27:36 - [MESSAGE][PASSED] - Object: 'Object Repository/Final Object Repo/New Registration - Registration Module Pages/Third Screen - Upload Supporting Doc- Preview/Supporting Doc Please Select Drop Down' is clicked on

2019-01-09 11:27:36 - [TEST_STEP][PASSED] - delay: Delayed 2 second(s)

2019-01-09 11:27:38 - [MESSAGE][PASSED] - Delayed 2 second(s)

2019-01-09 11:27:38 - [TEST_STEP][PASSED] - click: Object: 'Object Repository/Final Object Repo/New Registration - Registration Module Pages/Third Screen - Upload Supporting Doc- Preview/Select to Upload Form 1' is clicked on

2019-01-09 11:27:38 - [MESSAGE][PASSED] - Object: 'Object Repository/Final Object Repo/New Registration - Registration Module Pages/Third Screen - Upload Supporting Doc- Preview/Select to Upload Form 1' is clicked on

2019-01-09 11:27:38 - [TEST_STEP][PASSED] - delay: Delayed 2 second(s)

2019-01-09 11:27:40 - [MESSAGE][PASSED] - Delayed 2 second(s)

2019-01-09 11:27:40 - [TEST_STEP][PASSED] - uploadFile: File 'C:\Users\Public\Pictures\Sample Pictures\Koala.jpg' sent to object: 'Object Repository/Final Object Repo/New Registration - Registration Module Pages/Third Screen - Upload Supporting Doc- Preview/Upload File Adding'

2019-01-09 11:27:40 - [MESSAGE][PASSED] - File 'C:\Users\Public\Pictures\Sample Pictures\Koala.jpg' sent to object: 'Object Repository/Final Object Repo/New Registration - Registration Module Pages/Third Screen - Upload Supporting Doc- Preview/Upload File Adding'

2019-01-09 11:27:40 - [TEST_STEP][PASSED] - delay: Delayed 5 second(s)

2019-01-09 11:27:45 - [MESSAGE][PASSED] - Delayed 5 second(s)

2019-01-09 11:27:45 - [TEST_STEP][PASSED] - click: Object: 'Object Repository/Final Object Repo/New Registration - Registration Module Pages/Third Screen - Upload Supporting Doc- Preview/Inner Form Add Document Button' is clicked on

2019-01-09 11:27:45 - [MESSAGE][PASSED] - Object: 'Object Repository/Final Object Repo/New Registration - Registration Module Pages/Third Screen - Upload Supporting Doc- Preview/Inner Form Add Document Button' is clicked on

2019-01-09 11:27:45 - [TEST_STEP][PASSED] - delay: Delayed 3 second(s)

2019-01-09 11:27:48 - [MESSAGE][PASSED] - Delayed 3 second(s)

2019-01-09 11:27:48 - [TEST_STEP][PASSED] - click: Object: 'Object Repository/Final Object Repo/New Registration - Registration Module Pages/Third Screen - Upload Supporting Doc- Preview/Add Document Button' is clicked on

2019-01-09 11:27:50 - [MESSAGE][PASSED] - Object: 'Object Repository/Final Object Repo/New Registration - Registration Module Pages/Third Screen - Upload Supporting Doc- Preview/Add Document Button' is clicked on

2019-01-09 11:27:50 - [TEST_STEP][PASSED] - delay: Delayed 30 second(s)

2019-01-09 11:28:20 - [MESSAGE][PASSED] - Delayed 30 second(s)

2019-01-09 11:28:20 - [TEST_STEP][PASSED] - click: Object: 'Object Repository/Final Object Repo/New Registration - Registration Module Pages/Third Screen - Upload Supporting Doc- Preview/Supporting Doc Please Select Drop Down' is clicked on

2019-01-09 11:28:20 - [MESSAGE][PASSED] - Object: 'Object Repository/Final Object Repo/New Registration - Registration Module Pages/Third Screen - Upload Supporting Doc- Preview/Supporting Doc Please Select Drop Down' is clicked on

2019-01-09 11:28:20 - [TEST_STEP][PASSED] - delay: Delayed 4 second(s)

2019-01-09 11:28:24 - [MESSAGE][PASSED] - Delayed 4 second(s)

2019-01-09 11:28:24 - [TEST_STEP][PASSED] - click: Object: 'Object Repository/Final Object Repo/New Registration - Registration Module Pages/Third Screen - Upload Supporting Doc- Preview/Select to Upload Form 2' is clicked on

2019-01-09 11:28:24 - [MESSAGE][PASSED] - Object: 'Object Repository/Final Object Repo/New Registration - Registration Module Pages/Third Screen - Upload Supporting Doc- Preview/Select to Upload Form 2' is clicked on

2019-01-09 11:28:24 - [TEST_STEP][PASSED] - delay: Delayed 2 second(s)

2019-01-09 11:28:26 - [MESSAGE][PASSED] - Delayed 2 second(s)

2019-01-09 11:28:26 - [TEST_STEP][PASSED] - uploadFile: File 'C:\Users\Public\Pictures\Sample Pictures\Koala.jpg' sent to object: 'Object Repository/Final Object Repo/New Registration - Registration Module Pages/Third Screen - Upload Supporting Doc- Preview/Upload File Adding'

2019-01-09 11:28:26 - [MESSAGE][PASSED] - File 'C:\Users\Public\Pictures\Sample Pictures\Koala.jpg' sent to object: 'Object Repository/Final Object Repo/New Registration - Registration Module Pages/Third Screen - Upload Supporting Doc- Preview/Upload File Adding'

2019-01-09 11:28:26 - [TEST_STEP][PASSED] - click: Object: 'Object Repository/Final Object Repo/New Registration - Registration Module Pages/Third Screen - Upload Supporting Doc- Preview/Inner Form Add Document Button' is clicked on

2019-01-09 11:28:27 - [MESSAGE][PASSED] - Object: 'Object Repository/Final Object Repo/New Registration - Registration Module Pages/Third Screen - Upload Supporting Doc- Preview/Inner Form Add Document Button' is clicked on

2019-01-09 11:28:27 - [TEST_STEP][PASSED] - delay: Delayed 5 second(s)

2019-01-09 11:28:32 - [MESSAGE][PASSED] - Delayed 5 second(s)

2019-01-09 11:28:32 - [TEST_STEP][PASSED] - click: Object: 'Object Repository/Final Object Repo/New Registration - Registration Module Pages/Third Screen - Upload Supporting Doc- Preview/Add Document Button' is clicked on

2019-01-09 11:28:32 - [MESSAGE][PASSED] - Object: 'Object Repository/Final Object Repo/New Registration - Registration Module Pages/Third Screen - Upload Supporting Doc- Preview/Add Document Button' is clicked on

2019-01-09 11:28:32 - [TEST_STEP][PASSED] - delay: Delayed 30 second(s)

2019-01-09 11:29:02 - [MESSAGE][PASSED] - Delayed 30 second(s)

2019-01-09 11:29:02 - [TEST_STEP][PASSED] - click: Object: 'Object Repository/Final Object Repo/New Registration - Registration Module Pages/Third Screen - Upload Supporting Doc- Preview/Supporting Doc Please Select Drop Down' is clicked on

2019-01-09 11:29:02 - [MESSAGE][PASSED] - Object: 'Object Repository/Final Object Repo/New Registration - Registration Module Pages/Third Screen - Upload Supporting Doc- Preview/Supporting Doc Please Select Drop Down' is clicked on

2019-01-09 11:29:02 - [TEST_STEP][PASSED] - click: Object: 'Object Repository/Final Object Repo/New Registration - Registration Module Pages/Third Screen - Upload Supporting Doc- Preview/Select to Upload Borang SIP 1' is clicked on

2019-01-09 11:29:02 - [MESSAGE][PASSED] - Object: 'Object Repository/Final Object Repo/New Registration - Registration Module Pages/Third Screen - Upload Supporting Doc- Preview/Select to Upload Borang SIP 1' is clicked on

2019-01-09 11:29:02 - [TEST_STEP][PASSED] - delay: Delayed 2 second(s)

2019-01-09 11:29:04 - [MESSAGE][PASSED] - Delayed 2 second(s)

2019-01-09 11:29:04 - [TEST_STEP][PASSED] - uploadFile: File 'C:\Users\Public\Pictures\Sample Pictures\Koala.jpg' sent to object: 'Object Repository/Final Object Repo/New Registration - Registration Module Pages/Third Screen - Upload Supporting Doc- Preview/Upload File Adding'

2019-01-09 11:29:04 - [MESSAGE][PASSED] - File 'C:\Users\Public\Pictures\Sample Pictures\Koala.jpg' sent to object: 'Object Repository/Final Object Repo/New Registration - Registration Module Pages/Third Screen - Upload Supporting Doc- Preview/Upload File Adding'

2019-01-09 11:29:04 - [TEST_STEP][PASSED] - click: Object: 'Object Repository/Final Object Repo/New Registration - Registration Module Pages/Third Screen - Upload Supporting Doc- Preview/Inner Form Add Document Button' is clicked on

2019-01-09 11:29:04 - [MESSAGE][PASSED] - Object: 'Object Repository/Final Object Repo/New Registration - Registration Module Pages/Third Screen - Upload Supporting Doc- Preview/Inner Form Add Document Button' is clicked on

2019-01-09 11:29:04 - [TEST_STEP][PASSED] - delay: Delayed 5 second(s)

2019-01-09 11:29:09 - [MESSAGE][PASSED] - Delayed 5 second(s)

2019-01-09 11:29:09 - [TEST_STEP][PASSED] - click: Object: 'Object Repository/Final Object Repo/New Registration - Registration Module Pages/Third Screen - Upload Supporting Doc- Preview/Add Document Button' is clicked on

2019-01-09 11:29:10 - [MESSAGE][PASSED] - Object: 'Object Repository/Final Object Repo/New Registration - Registration Module Pages/Third Screen - Upload Supporting Doc- Preview/Add Document Button' is clicked on

2019-01-09 11:29:10 - [TEST_STEP][PASSED] - delay: Delayed 30 second(s)

2019-01-09 11:29:40 - [MESSAGE][PASSED] - Delayed 30 second(s)

2019-01-09 11:29:40 - [TEST_STEP][PASSED] - click: Object: 'Object Repository/Final Object Repo/New Registration - Registration Module Pages/Third Screen - Upload Supporting Doc- Preview/Supporting Doc Please Select Drop Down' is clicked on

2019-01-09 11:29:40 - [MESSAGE][PASSED] - Object: 'Object Repository/Final Object Repo/New Registration - Registration Module Pages/Third Screen - Upload Supporting Doc- Preview/Supporting Doc Please Select Drop Down' is clicked on

2019-01-09 11:29:40 - [TEST_STEP][PASSED] - delay: Delayed 3 second(s)

2019-01-09 11:29:43 - [MESSAGE][PASSED] - Delayed 3 second(s)

2019-01-09 11:29:43 - [TEST_STEP][PASSED] - click: Object: 'Object Repository/Final Object Repo/New Registration - Registration Module Pages/Third Screen - Upload Supporting Doc- Preview/Select to Upload Borang SIP 2' is clicked on

2019-01-09 11:29:43 - [MESSAGE][PASSED] - Object: 'Object Repository/Final Object Repo/New Registration - Registration Module Pages/Third Screen - Upload Supporting Doc- Preview/Select to Upload Borang SIP 2' is clicked on

2019-01-09 11:29:43 - [TEST_STEP][PASSED] - delay: Delayed 2 second(s)

2019-01-09 11:29:45 - [MESSAGE][PASSED] - Delayed 2 second(s)

2019-01-09 11:29:45 - [TEST_STEP][PASSED] - uploadFile: File 'C:\Users\Public\Pictures\Sample Pictures\Koala.jpg' sent to object: 'Object Repository/Final Object Repo/New Registration - Registration Module Pages/Third Screen - Upload Supporting Doc- Preview/Upload File Adding'

2019-01-09 11:29:45 - [MESSAGE][PASSED] - File 'C:\Users\Public\Pictures\Sample Pictures\Koala.jpg' sent to object: 'Object Repository/Final Object Repo/New Registration - Registration Module Pages/Third Screen - Upload Supporting Doc- Preview/Upload File Adding'

2019-01-09 11:29:45 - [TEST_STEP][PASSED] - delay: Delayed 5 second(s)

2019-01-09 11:29:50 - [MESSAGE][PASSED] - Delayed 5 second(s)

2019-01-09 11:29:50 - [TEST_STEP][PASSED] - click: Object: 'Object Repository/Final Object Repo/New Registration - Registration Module Pages/Third Screen - Upload Supporting Doc- Preview/Inner Form Add Document Button' is clicked on

2019-01-09 11:29:50 - [MESSAGE][PASSED] - Object: 'Object Repository/Final Object Repo/New Registration - Registration Module Pages/Third Screen - Upload Supporting Doc- Preview/Inner Form Add Document Button' is clicked on

2019-01-09 11:29:50 - [TEST_STEP][PASSED] - delay: Delayed 3 second(s)

2019-01-09 11:29:53 - [MESSAGE][PASSED] - Delayed 3 second(s)

2019-01-09 11:29:53 - [TEST_STEP][PASSED] - waitForElementClickable: Object 'Object Repository/Final Object Repo/New Registration - Registration Module Pages/Third Screen - Upload Supporting Doc- Preview/Save n Continue in Uploading Supporting Doc Page' is clickable

2019-01-09 11:29:54 - [MESSAGE][PASSED] - Object 'Object Repository/Final Object Repo/New Registration - Registration Module Pages/Third Screen - Upload Supporting Doc- Preview/Save n Continue in Uploading Supporting Doc Page' is clickable

2019-01-09 11:29:54 - [TEST_STEP][PASSED] - click: Object: 'Object Repository/Final Object Repo/New Registration - Registration Module Pages/Third Screen - Upload Supporting Doc- Preview/Save n Continue in Uploading Supporting Doc Page' is clicked on

2019-01-09 11:29:55 - [MESSAGE][PASSED] - Object: 'Object Repository/Final Object Repo/New Registration - Registration Module Pages/Third Screen - Upload Supporting Doc- Preview/Save n Continue in Uploading Supporting Doc Page' is clicked on

2019-01-09 11:29:55 - [MESSAGE][PASSED] - Call Test Case 'Test Cases/Final Aug 2018 - PKS Automation/Registration Module/New Registration/Flow of New Registration/Third Screen - Upload Supporting Doc - Preview' successfully

2019-01-09 11:29:55 - [TEST_STEP][PASSED] - callTestCase: Call Test Case 'Test Cases/Final Aug 2018 - PKS Automation/Registration Module/New Registration/Submit and Screenshot/Submit Registration and Screenshot' successfully

2019-01-09 11:29:55 - [TEST_CASE][PASSED] - Test Cases/Final Aug 2018 - PKS Automation/Registration Module/New Registration/Submit and Screenshot/Submit Registration and Screenshot: Test Cases/Final Aug 2018 - PKS Automation/Registration Module/New Registration/Submit and Screenshot/Submit Registration and Screenshot

2019-01-09 11:29:55 - [TEST_STEP][PASSED] - delay: Delayed 6 second(s)

2019-01-09 11:30:01 - [MESSAGE][PASSED] - Delayed 6 second(s)

2019-01-09 11:30:01 - [TEST_STEP][PASSED] - click: Object: 'Object Repository/Final Object Repo/New Registration - Registration Module Pages/Third Screen - Upload Supporting Doc- Preview/Preview Submit Button' is clicked on

2019-01-09 11:30:01 - [MESSAGE][PASSED] - Object: 'Object Repository/Final Object Repo/New Registration - Registration Module Pages/Third Screen - Upload Supporting Doc- Preview/Preview Submit Button' is clicked on

2019-01-09 11:30:01 - [TEST_STEP][PASSED] - delay: Delayed 2 second(s)

2019-01-09 11:30:03 - [MESSAGE][PASSED] - Delayed 2 second(s)

2019-01-09 11:30:03 - [TEST_STEP][PASSED] - click: Object: 'Object Repository/Final Object Repo/New Registration - Registration Module Pages/Third Screen - Upload Supporting Doc- Preview/Preview Submit - Confirm' is clicked on

2019-01-09 11:30:03 - [MESSAGE][PASSED] - Object: 'Object Repository/Final Object Repo/New Registration - Registration Module Pages/Third Screen - Upload Supporting Doc- Preview/Preview Submit - Confirm' is clicked on

2019-01-09 11:30:03 - [TEST_STEP][PASSED] - delay: Delayed 15 second(s)

2019-01-09 11:30:18 - [MESSAGE][PASSED] - Delayed 15 second(s)

2019-01-09 11:30:18 - [TEST_STEP][PASSED] - Statement - driver = com.kms.katalon.core.webui.driver.DriverFactory.getWebDriver(): null

2019-01-09 11:30:18 - [TEST_STEP][PASSED] - Statement - driver.manage().timeouts().implicitlyWait(10, SECONDS): null

2019-01-09 11:30:18 - [TEST_STEP][PASSED] - Statement - PresavePath = KatalonScreenshots: null

2019-01-09 11:30:18 - [TEST_STEP][PASSED] - Statement - pathPrefix = "C:\Users\Public\Pictures\Sample Pictures\Katalon Screenshots\Automate Ending Screen": null

2019-01-09 11:30:18 - [TEST_STEP][PASSED] - Statement - finalPath = <not implemented yet for class: org.codehaus.groovy.ast.expr.EmptyExpression>: null

2019-01-09 11:30:18 - [TEST_STEP][PASSED] - Statement - scrFile = driver.getScreenshotAs(FILE): null

2019-01-09 11:30:18 - [TEST_STEP][PASSED] - Statement - PreSaveFile = new java.io.File(PresavePath): null

2019-01-09 11:30:18 - [TEST_STEP][PASSED] - Statement - counter = 0: null

2019-01-09 11:30:18 - [TEST_STEP][PASSED] - Statement - If (PreSaveFile.exists()): null

2019-01-09 11:30:18 - [TEST_STEP][PASSED] - Statement - While (PreSaveFile.exists()): null

2019-01-09 11:30:18 - [TEST_STEP][PASSED] - Statement - counter = counter + 1: null

2019-01-09 11:30:18 - [TEST_STEP][PASSED] - Statement - PreSaveFile = new java.io.File(((pathPrefix + java.lang.Integer.toString(counter)) + .png)): null

2019-01-09 11:30:18 - [TEST_STEP][PASSED] - Statement - counter = counter + 1: null

2019-01-09 11:30:18 - [TEST_STEP][PASSED] - Statement - PreSaveFile = new java.io.File(((pathPrefix + java.lang.Integer.toString(counter)) + .png)): null

2019-01-09 11:30:18 - [TEST_STEP][PASSED] - Statement - counter = counter + 1: null

2019-01-09 11:30:18 - [TEST_STEP][PASSED] - Statement - PreSaveFile = new java.io.File(((pathPrefix + java.lang.Integer.toString(counter)) + .png)): null

2019-01-09 11:30:18 - [TEST_STEP][PASSED] - Statement - counter = counter + 1: null

2019-01-09 11:30:18 - [TEST_STEP][PASSED] - Statement - PreSaveFile = new java.io.File(((pathPrefix + java.lang.Integer.toString(counter)) + .png)): null

2019-01-09 11:30:18 - [TEST_STEP][PASSED] - Statement - counter = counter + 1: null

2019-01-09 11:30:18 - [TEST_STEP][PASSED] - Statement - PreSaveFile = new java.io.File(((pathPrefix + java.lang.Integer.toString(counter)) + .png)): null

2019-01-09 11:30:18 - [TEST_STEP][PASSED] - Statement - counter = counter + 1: null

2019-01-09 11:30:18 - [TEST_STEP][PASSED] - Statement - PreSaveFile = new java.io.File(((pathPrefix + java.lang.Integer.toString(counter)) + .png)): null

2019-01-09 11:30:18 - [TEST_STEP][PASSED] - Statement - counter = counter + 1: null

2019-01-09 11:30:18 - [TEST_STEP][PASSED] - Statement - PreSaveFile = new java.io.File(((pathPrefix + java.lang.Integer.toString(counter)) + .png)): null

2019-01-09 11:30:18 - [TEST_STEP][PASSED] - Statement - counter = counter + 1: null

2019-01-09 11:30:18 - [TEST_STEP][PASSED] - Statement - PreSaveFile = new java.io.File(((pathPrefix + java.lang.Integer.toString(counter)) + .png)): null

2019-01-09 11:30:18 - [TEST_STEP][PASSED] - Statement - counter = counter + 1: null

2019-01-09 11:30:18 - [TEST_STEP][PASSED] - Statement - PreSaveFile = new java.io.File(((pathPrefix + java.lang.Integer.toString(counter)) + .png)): null

2019-01-09 11:30:18 - [TEST_STEP][PASSED] - Statement - counter = counter + 1: null

2019-01-09 11:30:18 - [TEST_STEP][PASSED] - Statement - PreSaveFile = new java.io.File(((pathPrefix + java.lang.Integer.toString(counter)) + .png)): null

2019-01-09 11:30:18 - [TEST_STEP][PASSED] - Statement - counter = counter + 1: null

2019-01-09 11:30:18 - [TEST_STEP][PASSED] - Statement - PreSaveFile = new java.io.File(((pathPrefix + java.lang.Integer.toString(counter)) + .png)): null

2019-01-09 11:30:18 - [TEST_STEP][PASSED] - Statement - counter = counter + 1: null

2019-01-09 11:30:18 - [TEST_STEP][PASSED] - Statement - PreSaveFile = new java.io.File(((pathPrefix + java.lang.Integer.toString(counter)) + .png)): null

2019-01-09 11:30:18 - [TEST_STEP][PASSED] - Statement - counter = counter + 1: null

2019-01-09 11:30:18 - [TEST_STEP][PASSED] - Statement - PreSaveFile = new java.io.File(((pathPrefix + java.lang.Integer.toString(counter)) + .png)): null

2019-01-09 11:30:18 - [TEST_STEP][PASSED] - Statement - counter = counter + 1: null

2019-01-09 11:30:18 - [TEST_STEP][PASSED] - Statement - PreSaveFile = new java.io.File(((pathPrefix + java.lang.Integer.toString(counter)) + .png)): null

2019-01-09 11:30:18 - [TEST_STEP][PASSED] - Statement - counter = counter + 1: null

2019-01-09 11:30:18 - [TEST_STEP][PASSED] - Statement - PreSaveFile = new java.io.File(((pathPrefix + java.lang.Integer.toString(counter)) + .png)): null

2019-01-09 11:30:18 - [TEST_STEP][PASSED] - Statement - counter = counter + 1: null

2019-01-09 11:30:18 - [TEST_STEP][PASSED] - Statement - PreSaveFile = new java.io.File(((pathPrefix + java.lang.Integer.toString(counter)) + .png)): null

2019-01-09 11:30:18 - [TEST_STEP][PASSED] - Statement - counter = counter + 1: null

2019-01-09 11:30:18 - [TEST_STEP][PASSED] - Statement - PreSaveFile = new java.io.File(((pathPrefix + java.lang.Integer.toString(counter)) + .png)): null

2019-01-09 11:30:18 - [TEST_STEP][PASSED] - Statement - counter = counter + 1: null

2019-01-09 11:30:19 - [TEST_STEP][PASSED] - Statement - PreSaveFile = new java.io.File(((pathPrefix + java.lang.Integer.toString(counter)) + .png)): null

2019-01-09 11:30:19 - [TEST_STEP][PASSED] - Statement - counter = counter + 1: null

2019-01-09 11:30:19 - [TEST_STEP][PASSED] - Statement - PreSaveFile = new java.io.File(((pathPrefix + java.lang.Integer.toString(counter)) + .png)): null

2019-01-09 11:30:19 - [TEST_STEP][PASSED] - Statement - counter = counter + 1: null

2019-01-09 11:30:19 - [TEST_STEP][PASSED] - Statement - PreSaveFile = new java.io.File(((pathPrefix + java.lang.Integer.toString(counter)) + .png)): null

2019-01-09 11:30:19 - [TEST_STEP][PASSED] - Statement - counter = counter + 1: null

2019-01-09 11:30:19 - [TEST_STEP][PASSED] - Statement - PreSaveFile = new java.io.File(((pathPrefix + java.lang.Integer.toString(counter)) + .png)): null

2019-01-09 11:30:19 - [TEST_STEP][PASSED] - Statement - counter = counter + 1: null

2019-01-09 11:30:19 - [TEST_STEP][PASSED] - Statement - PreSaveFile = new java.io.File(((pathPrefix + java.lang.Integer.toString(counter)) + .png)): null

2019-01-09 11:30:19 - [TEST_STEP][PASSED] - Statement - counter = counter + 1: null

2019-01-09 11:30:19 - [TEST_STEP][PASSED] - Statement - PreSaveFile = new java.io.File(((pathPrefix + java.lang.Integer.toString(counter)) + .png)): null

2019-01-09 11:30:19 - [TEST_STEP][PASSED] - Statement - counter = counter + 1: null

2019-01-09 11:30:20 - [TEST_STEP][PASSED] - Statement - PreSaveFile = new java.io.File(((pathPrefix + java.lang.Integer.toString(counter)) + .png)): null

2019-01-09 11:30:20 - [TEST_STEP][PASSED] - Statement - counter = counter + 1: null

2019-01-09 11:30:20 - [TEST_STEP][PASSED] - Statement - PreSaveFile = new java.io.File(((pathPrefix + java.lang.Integer.toString(counter)) + .png)): null

2019-01-09 11:30:20 - [TEST_STEP][PASSED] - Statement - counter = counter + 1: null

2019-01-09 11:30:20 - [TEST_STEP][PASSED] - Statement - PreSaveFile = new java.io.File(((pathPrefix + java.lang.Integer.toString(counter)) + .png)): null

2019-01-09 11:30:20 - [TEST_STEP][PASSED] - Statement - counter = counter + 1: null

2019-01-09 11:30:20 - [TEST_STEP][PASSED] - Statement - PreSaveFile = new java.io.File(((pathPrefix + java.lang.Integer.toString(counter)) + .png)): null

2019-01-09 11:30:20 - [TEST_STEP][PASSED] - Statement - counter = counter + 1: null

2019-01-09 11:30:20 - [TEST_STEP][PASSED] - Statement - PreSaveFile = new java.io.File(((pathPrefix + java.lang.Integer.toString(counter)) + .png)): null

2019-01-09 11:30:20 - [TEST_STEP][PASSED] - Statement - counter = counter + 1: null

2019-01-09 11:30:20 - [TEST_STEP][PASSED] - Statement - PreSaveFile = new java.io.File(((pathPrefix + java.lang.Integer.toString(counter)) + .png)): null

2019-01-09 11:30:20 - [TEST_STEP][PASSED] - Statement - counter = counter + 1: null

2019-01-09 11:30:20 - [TEST_STEP][PASSED] - Statement - PreSaveFile = new java.io.File(((pathPrefix + java.lang.Integer.toString(counter)) + .png)): null

2019-01-09 11:30:20 - [TEST_STEP][PASSED] - Statement - counter = counter + 1: null

2019-01-09 11:30:20 - [TEST_STEP][PASSED] - Statement - PreSaveFile = new java.io.File(((pathPrefix + java.lang.Integer.toString(counter)) + .png)): null

2019-01-09 11:30:20 - [TEST_STEP][PASSED] - Statement - counter = counter + 1: null

2019-01-09 11:30:20 - [TEST_STEP][PASSED] - Statement - PreSaveFile = new java.io.File(((pathPrefix + java.lang.Integer.toString(counter)) + .png)): null

2019-01-09 11:30:20 - [TEST_STEP][PASSED] - Statement - counter = counter + 1: null

2019-01-09 11:30:21 - [TEST_STEP][PASSED] - Statement - PreSaveFile = new java.io.File(((pathPrefix + java.lang.Integer.toString(counter)) + .png)): null

2019-01-09 11:30:21 - [TEST_STEP][PASSED] - Statement - counter = counter + 1: null

2019-01-09 11:30:21 - [TEST_STEP][PASSED] - Statement - PreSaveFile = new java.io.File(((pathPrefix + java.lang.Integer.toString(counter)) + .png)): null

2019-01-09 11:30:21 - [TEST_STEP][PASSED] - Statement - counter = counter + 1: null

2019-01-09 11:30:21 - [TEST_STEP][PASSED] - Statement - PreSaveFile = new java.io.File(((pathPrefix + java.lang.Integer.toString(counter)) + .png)): null

2019-01-09 11:30:21 - [TEST_STEP][PASSED] - Statement - counter = counter + 1: null

2019-01-09 11:30:21 - [TEST_STEP][PASSED] - Statement - PreSaveFile = new java.io.File(((pathPrefix + java.lang.Integer.toString(counter)) + .png)): null

2019-01-09 11:30:21 - [TEST_STEP][PASSED] - Statement - counter = counter + 1: null

2019-01-09 11:30:21 - [TEST_STEP][PASSED] - Statement - PreSaveFile = new java.io.File(((pathPrefix + java.lang.Integer.toString(counter)) + .png)): null

2019-01-09 11:30:21 - [TEST_STEP][PASSED] - Statement - counter = counter + 1: null

2019-01-09 11:30:21 - [TEST_STEP][PASSED] - Statement - PreSaveFile = new java.io.File(((pathPrefix + java.lang.Integer.toString(counter)) + .png)): null

2019-01-09 11:30:21 - [TEST_STEP][PASSED] - Statement - counter = counter + 1: null

2019-01-09 11:30:21 - [TEST_STEP][PASSED] - Statement - PreSaveFile = new java.io.File(((pathPrefix + java.lang.Integer.toString(counter)) + .png)): null

2019-01-09 11:30:21 - [TEST_STEP][PASSED] - Statement - counter = counter + 1: null

2019-01-09 11:30:21 - [TEST_STEP][PASSED] - Statement - PreSaveFile = new java.io.File(((pathPrefix + java.lang.Integer.toString(counter)) + .png)): null

2019-01-09 11:30:21 - [TEST_STEP][PASSED] - Statement - counter = counter + 1: null

2019-01-09 11:30:21 - [TEST_STEP][PASSED] - Statement - PreSaveFile = new java.io.File(((pathPrefix + java.lang.Integer.toString(counter)) + .png)): null

2019-01-09 11:30:21 - [TEST_STEP][PASSED] - Statement - counter = counter + 1: null

2019-01-09 11:30:21 - [TEST_STEP][PASSED] - Statement - PreSaveFile = new java.io.File(((pathPrefix + java.lang.Integer.toString(counter)) + .png)): null

2019-01-09 11:30:21 - [TEST_STEP][PASSED] - Statement - counter = counter + 1: null

2019-01-09 11:30:21 - [TEST_STEP][PASSED] - Statement - PreSaveFile = new java.io.File(((pathPrefix + java.lang.Integer.toString(counter)) + .png)): null

2019-01-09 11:30:21 - [TEST_STEP][PASSED] - Statement - counter = counter + 1: null

2019-01-09 11:30:21 - [TEST_STEP][PASSED] - Statement - PreSaveFile = new java.io.File(((pathPrefix + java.lang.Integer.toString(counter)) + .png)): null

2019-01-09 11:30:21 - [TEST_STEP][PASSED] - Statement - counter = counter + 1: null

2019-01-09 11:30:21 - [TEST_STEP][PASSED] - Statement - PreSaveFile = new java.io.File(((pathPrefix + java.lang.Integer.toString(counter)) + .png)): null

2019-01-09 11:30:21 - [TEST_STEP][PASSED] - Statement - counter = counter + 1: null

2019-01-09 11:30:21 - [TEST_STEP][PASSED] - Statement - PreSaveFile = new java.io.File(((pathPrefix + java.lang.Integer.toString(counter)) + .png)): null

2019-01-09 11:30:21 - [TEST_STEP][PASSED] - Statement - counter = counter + 1: null

2019-01-09 11:30:21 - [TEST_STEP][PASSED] - Statement - PreSaveFile = new java.io.File(((pathPrefix + java.lang.Integer.toString(counter)) + .png)): null

2019-01-09 11:30:21 - [TEST_STEP][PASSED] - Statement - counter = counter + 1: null

2019-01-09 11:30:21 - [TEST_STEP][PASSED] - Statement - PreSaveFile = new java.io.File(((pathPrefix + java.lang.Integer.toString(counter)) + .png)): null

2019-01-09 11:30:21 - [TEST_STEP][PASSED] - Statement - counter = counter + 1: null

2019-01-09 11:30:21 - [TEST_STEP][PASSED] - Statement - PreSaveFile = new java.io.File(((pathPrefix + java.lang.Integer.toString(counter)) + .png)): null

2019-01-09 11:30:21 - [TEST_STEP][PASSED] - Statement - counter = counter + 1: null

2019-01-09 11:30:21 - [TEST_STEP][PASSED] - Statement - PreSaveFile = new java.io.File(((pathPrefix + java.lang.Integer.toString(counter)) + .png)): null

2019-01-09 11:30:21 - [TEST_STEP][PASSED] - Statement - counter = counter + 1: null

2019-01-09 11:30:21 - [TEST_STEP][PASSED] - Statement - PreSaveFile = new java.io.File(((pathPrefix + java.lang.Integer.toString(counter)) + .png)): null

2019-01-09 11:30:21 - [TEST_STEP][PASSED] - Statement - finalPath = pathPrefix + java.lang.Integer.toString(counter) + ".png": null

2019-01-09 11:30:21 - [TEST_STEP][PASSED] - Statement - SaveFile = new java.io.File(finalPath): null

2019-01-09 11:30:21 - [TEST_STEP][PASSED] - Statement - Try: null

2019-01-09 11:30:21 - [TEST_STEP][PASSED] - Statement - org.apache.commons.io.FileUtils.copyFile(scrFile, SaveFile): null

2019-01-09 11:30:21 - [TEST_STEP][PASSED] - Statement - out.println("file kept"): null

2019-01-09 11:30:21 - [TEST_STEP][PASSED] - delay: Delayed 10 second(s)

2019-01-09 11:30:31 - [MESSAGE][PASSED] - Delayed 10 second(s)

2019-01-09 11:30:31 - [MESSAGE][PASSED] - Call Test Case 'Test Cases/Final Aug 2018 - PKS Automation/Registration Module/New Registration/Submit and Screenshot/Submit Registration and Screenshot' successfully

2019-01-09 11:30:31 - [TEST_STEP][PASSED] - callTestCase: Call Test Case 'Test Cases/Final Aug 2018 - PKS Automation/Registration Module/Log Out/log out avoiding katalon tagging' successfully

2019-01-09 11:30:31 - [TEST_CASE][PASSED] - Test Cases/Final Aug 2018 - PKS Automation/Registration Module/Log Out/log out avoiding katalon tagging: Test Cases/Final Aug 2018 - PKS Automation/Registration Module/Log Out/log out avoiding katalon tagging

2019-01-09 11:30:31 - [TEST_STEP][PASSED] - navigateToUrl: Navigate to 'https://assist2-uat.perkeso.gov.my/c/portal/logout' successfully

2019-01-09 11:30:32 - [MESSAGE][PASSED] - Navigate to 'https://assist2-uat.perkeso.gov.my/c/portal/logout' successfully

2019-01-09 11:30:32 - [MESSAGE][PASSED] - Call Test Case 'Test Cases/Final Aug 2018 - PKS Automation/Registration Module/Log Out/log out avoiding katalon tagging' successfully

2019-01-09 11:30:32 - [TEST_STEP][PASSED] - callTestCase: Call Test Case 'Test Cases/Final Aug 2018 - PKS Automation/Common/Workflow Owner Finder' successfully

2019-01-09 11:30:32 - [TEST_CASE][PASSED] - Test Cases/Final Aug 2018 - PKS Automation/Common/Workflow Owner Finder: Test Cases/Final Aug 2018 - PKS Automation/Common/Workflow Owner Finder

2019-01-09 11:30:32 - [TEST_STEP][PASSED] - openBrowser: Browser is opened with url: ''

2019-01-09 11:30:32 - [MESSAGE][WARNING] - A browser is already opened. Closing browser and opening a new one

2019-01-09 11:30:35 - [MESSAGE][PASSED] - Browser is opened with url: ''

2019-01-09 11:30:35 - [TEST_STEP][PASSED] - navigateToUrl: Navigate to 'https://assist2-uat.perkeso.gov.my/login' successfully

2019-01-09 11:30:37 - [MESSAGE][PASSED] - Navigate to 'https://assist2-uat.perkeso.gov.my/login' successfully

2019-01-09 11:30:37 - [TEST_STEP][PASSED] - delay: Delayed 5 second(s)

2019-01-09 11:30:42 - [MESSAGE][PASSED] - Delayed 5 second(s)

2019-01-09 11:30:42 - [TEST_STEP][PASSED] - setText: Text 'test@liferay.com' is set on object 'Object Repository/Final Object Repo/Login Page/Internal User/Email Address'

2019-01-09 11:30:42 - [MESSAGE][PASSED] - Text 'test@liferay.com' is set on object 'Object Repository/Final Object Repo/Login Page/Internal User/Email Address'

2019-01-09 11:30:42 - [TEST_STEP][PASSED] - click: Object: 'Object Repository/Final Object Repo/Login Page/Internal User/Next Button' is clicked on

2019-01-09 11:30:42 - [MESSAGE][PASSED] - Object: 'Object Repository/Final Object Repo/Login Page/Internal User/Next Button' is clicked on

2019-01-09 11:30:42 - [TEST_STEP][PASSED] - delay: Delayed 2 second(s)

2019-01-09 11:30:44 - [MESSAGE][PASSED] - Delayed 2 second(s)

2019-01-09 11:30:44 - [TEST_STEP][PASSED] - setText: Text 'test' is set on object 'Object Repository/Final Object Repo/Login Page/Internal User/Password'

2019-01-09 11:30:44 - [MESSAGE][PASSED] - Text 'test' is set on object 'Object Repository/Final Object Repo/Login Page/Internal User/Password'

2019-01-09 11:30:44 - [TEST_STEP][PASSED] - delay: Delayed 2 second(s)

2019-01-09 11:30:46 - [MESSAGE][PASSED] - Delayed 2 second(s)

2019-01-09 11:30:46 - [TEST_STEP][PASSED] - click: Object: 'Object Repository/Final Object Repo/Login Page/Internal User/Login Button' is clicked on

2019-01-09 11:30:47 - [MESSAGE][PASSED] - Object: 'Object Repository/Final Object Repo/Login Page/Internal User/Login Button' is clicked on

2019-01-09 11:30:47 - [TEST_STEP][PASSED] - Statement - tester = com.kms.katalon.core.testobject.ObjectRepository.findTestObject(Final Object Repo/Landing Page/Select to English): Finding Test Object with id 'Object Repository/Final Object Repo/Landing Page/Select to English'

2019-01-09 11:30:47 - [TEST_STEP][PASSED] - Statement - Try: Delayed 2 second(s)

2019-01-09 11:30:47 - [TEST_STEP][PASSED] - Statement - Checker = com.kms.katalon.core.webui.keyword.WebUiBuiltInKeywords.verifyElementNotPresent(tester, 3): Web element with id: 'Object Repository/Final Object Repo/Landing Page/Select to English' located by 'By.xpath: //a[@class = 'taglib-language-list-text' and @lang = 'en-US' and (contains(text(), 'EN') or contains(., 'EN'))]' is not present after '3' second(s)

2019-01-09 11:30:48 - [MESSAGE][PASSED] - Web element with id: 'Object Repository/Final Object Repo/Landing Page/Select to English' located by 'By.xpath: //a[@class = 'taglib-language-list-text' and @lang = 'en-US' and (contains(text(), 'EN') or contains(., 'EN'))]' is not present after '3' second(s)

2019-01-09 11:30:48 - [TEST_STEP][PASSED] - Statement - If (Checker == false): null

2019-01-09 11:30:48 - [TEST_STEP][PASSED] - delay: Delayed 2 second(s)

2019-01-09 11:30:50 - [MESSAGE][PASSED] - Delayed 2 second(s)

2019-01-09 11:30:50 - [TEST_STEP][PASSED] - delay: Delayed 5 second(s)

2019-01-09 11:30:55 - [MESSAGE][PASSED] - Delayed 5 second(s)

2019-01-09 11:30:55 - [TEST_STEP][PASSED] - mouseOver: Object: 'Object Repository/Final Object Repo/Landing Page/WorkFlow Menu' is hovered

2019-01-09 11:30:55 - [MESSAGE][PASSED] - Object: 'Object Repository/Final Object Repo/Landing Page/WorkFlow Menu' is hovered

2019-01-09 11:30:55 - [TEST_STEP][PASSED] - delay: Delayed 2 second(s)

2019-01-09 11:30:57 - [MESSAGE][PASSED] - Delayed 2 second(s)

2019-01-09 11:30:57 - [TEST_STEP][PASSED] - click: Object: 'Object Repository/Final Object Repo/Landing Page/Select to Workflow Listing' is clicked on

2019-01-09 11:30:59 - [MESSAGE][PASSED] - Object: 'Object Repository/Final Object Repo/Landing Page/Select to Workflow Listing' is clicked on

2019-01-09 11:30:59 - [TEST_STEP][PASSED] - delay: Delayed 2 second(s)

2019-01-09 11:31:01 - [MESSAGE][PASSED] - Delayed 2 second(s)

2019-01-09 11:31:01 - [TEST_STEP][PASSED] - click: Object: 'Object Repository/Final Object Repo/WorkFlow Listing Page/Search Information - To Put Ref No' is clicked on

2019-01-09 11:31:01 - [MESSAGE][PASSED] - Object: 'Object Repository/Final Object Repo/WorkFlow Listing Page/Search Information - To Put Ref No' is clicked on

2019-01-09 11:31:01 - [TEST_STEP][PASSED] - delay: Delayed 2 second(s)

2019-01-09 11:31:03 - [MESSAGE][PASSED] - Delayed 2 second(s)

2019-01-09 11:31:03 - [TEST_STEP][PASSED] - callTestCase: Call Test Case 'Test Cases/Final Aug 2018 - PKS Automation/Common/Reference Number Getter' successfully

2019-01-09 11:31:03 - [TEST_CASE][PASSED] - Test Cases/Final Aug 2018 - PKS Automation/Common/Reference Number Getter: Test Cases/Final Aug 2018 - PKS Automation/Common/Reference Number Getter

2019-01-09 11:31:03 - [TEST_STEP][PASSED] - Statement - Try: null

2019-01-09 11:31:03 - [TEST_STEP][PASSED] - Statement - RefNo = new java.io.File(C://Users//Admin//Desktop//PKS//Automation Reference Point//KatalonReference.txt): null

2019-01-09 11:31:03 - [TEST_STEP][PASSED] - Statement - bufferread = new java.io.BufferedReader(new java.io.FileReader(RefNo)): null

2019-01-09 11:31:03 - [TEST_STEP][PASSED] - Statement - readedVal = bufferread.readLine(): null

2019-01-09 11:31:03 - [TEST_STEP][PASSED] - Statement - out.println(CaseReferenceNo): null

2019-01-09 11:31:03 - [TEST_STEP][PASSED] - Statement - out.println(readedVal): null

2019-01-09 11:31:03 - [TEST_STEP][PASSED] - Statement - CaseReferenceNo = "": null

2019-01-09 11:31:03 - [TEST_STEP][PASSED] - Statement - CaseReferenceNo = readedVal: null

2019-01-09 11:31:03 - [MESSAGE][PASSED] - Call Test Case 'Test Cases/Final Aug 2018 - PKS Automation/Common/Reference Number Getter' successfully

2019-01-09 11:31:03 - [TEST_STEP][PASSED] - setText: Text 'CRN01201900123674' is set on object 'Object Repository/Final Object Repo/WorkFlow Listing Page/Ref No Set Text'

2019-01-09 11:31:04 - [MESSAGE][PASSED] - Text 'CRN01201900123674' is set on object 'Object Repository/Final Object Repo/WorkFlow Listing Page/Ref No Set Text'

2019-01-09 11:31:04 - [TEST_STEP][PASSED] - delay: Delayed 2 second(s)

2019-01-09 11:31:06 - [MESSAGE][PASSED] - Delayed 2 second(s)

2019-01-09 11:31:06 - [TEST_STEP][PASSED] - click: Object: 'Object Repository/Final Object Repo/WorkFlow Listing Page/Search Ref No Search Button' is clicked on

2019-01-09 11:31:06 - [MESSAGE][PASSED] - Object: 'Object Repository/Final Object Repo/WorkFlow Listing Page/Search Ref No Search Button' is clicked on

2019-01-09 11:31:06 - [TEST_STEP][PASSED] - delay: Delayed 6 second(s)

2019-01-09 11:31:12 - [MESSAGE][PASSED] - Delayed 6 second(s)

2019-01-09 11:31:12 - [TEST_STEP][PASSED] - click: Object: 'Object Repository/Final Object Repo/WorkFlow Listing Page/Click Continue Tooltip' is clicked on

2019-01-09 11:31:13 - [MESSAGE][PASSED] - Object: 'Object Repository/Final Object Repo/WorkFlow Listing Page/Click Continue Tooltip' is clicked on

2019-01-09 11:31:13 - [TEST_STEP][PASSED] - delay: Delayed 5 second(s)

2019-01-09 11:31:18 - [MESSAGE][PASSED] - Delayed 5 second(s)

2019-01-09 11:31:18 - [TEST_STEP][PASSED] - doubleClick: Object: 'Object Repository/Final Object Repo/WorkFlow Listing Page/Workflow Found - Listing 1' is double clicked on

2019-01-09 11:31:18 - [MESSAGE][PASSED] - Object: 'Object Repository/Final Object Repo/WorkFlow Listing Page/Workflow Found - Listing 1' is double clicked on

2019-01-09 11:31:18 - [TEST_STEP][PASSED] - Statement - println(OwnerID): null

2019-01-09 11:31:18 - [TEST_STEP][PASSED] - Statement - OwnerID = com.kms.katalon.core.webui.keyword.WebUiBuiltInKeywords.getText(com.kms.katalon.core.testobject.ObjectRepository.findTestObject(Final Object Repo/WorkFlow Listing Page/Workflow Found - Listing 1), STOP_ON_FAILURE): Text of object 'Object Repository/Final Object Repo/WorkFlow Listing Page/Workflow Found - Listing 1' is: 'JOHORro1'

2019-01-09 11:31:18 - [MESSAGE][PASSED] - Text of object 'Object Repository/Final Object Repo/WorkFlow Listing Page/Workflow Found - Listing 1' is: 'JOHORro1'

2019-01-09 11:31:18 - [TEST_STEP][PASSED] - Statement - OwnerID = OwnerID.toLowerCase() + "@gmail.com": null

2019-01-09 11:31:18 - [TEST_STEP][PASSED] - Statement - println(OwnerID): null

2019-01-09 11:31:18 - [TEST_STEP][PASSED] - delay: Delayed 2 second(s)

2019-01-09 11:31:20 - [MESSAGE][PASSED] - Delayed 2 second(s)

2019-01-09 11:31:20 - [MESSAGE][PASSED] - Call Test Case 'Test Cases/Final Aug 2018 - PKS Automation/Common/Workflow Owner Finder' successfully

2019-01-09 11:31:20 - [TEST_STEP][PASSED] - callTestCase: Call Test Case 'Test Cases/Final Aug 2018 - PKS Automation/Registration Module/Log Out/log out avoiding katalon tagging' successfully

2019-01-09 11:31:20 - [TEST_CASE][PASSED] - Test Cases/Final Aug 2018 - PKS Automation/Registration Module/Log Out/log out avoiding katalon tagging: Test Cases/Final Aug 2018 - PKS Automation/Registration Module/Log Out/log out avoiding katalon tagging

2019-01-09 11:31:20 - [TEST_STEP][PASSED] - navigateToUrl: Navigate to 'https://assist2-uat.perkeso.gov.my/c/portal/logout' successfully

2019-01-09 11:31:21 - [MESSAGE][PASSED] - Navigate to 'https://assist2-uat.perkeso.gov.my/c/portal/logout' successfully

2019-01-09 11:31:21 - [MESSAGE][PASSED] - Call Test Case 'Test Cases/Final Aug 2018 - PKS Automation/Registration Module/Log Out/log out avoiding katalon tagging' successfully

2019-01-09 11:31:21 - [TEST_STEP][PASSED] - delay: Delayed 2 second(s)

2019-01-09 11:31:23 - [MESSAGE][PASSED] - Delayed 2 second(s)

2019-01-09 11:31:23 - [TEST_STEP][PASSED] - setText: Text 'johorro1@gmail.com' is set on object 'Object Repository/Final Object Repo/New Registration - Registration Module Pages/New Reg - OTC to RO/Special Case - All Related Objects/Email TextBox'

2019-01-09 11:31:23 - [MESSAGE][PASSED] - Text 'johorro1@gmail.com' is set on object 'Object Repository/Final Object Repo/New Registration - Registration Module Pages/New Reg - OTC to RO/Special Case - All Related Objects/Email TextBox'

2019-01-09 11:31:23 - [TEST_STEP][PASSED] - click: Object: 'Object Repository/Final Object Repo/New Registration - Registration Module Pages/New Reg - OTC to RO/Special Case - All Related Objects/Next Button' is clicked on

2019-01-09 11:31:24 - [MESSAGE][PASSED] - Object: 'Object Repository/Final Object Repo/New Registration - Registration Module Pages/New Reg - OTC to RO/Special Case - All Related Objects/Next Button' is clicked on

2019-01-09 11:31:24 - [TEST_STEP][PASSED] - delay: Delayed 2 second(s)

2019-01-09 11:31:26 - [MESSAGE][PASSED] - Delayed 2 second(s)

2019-01-09 11:31:26 - [TEST_STEP][PASSED] - setText: Text 'Test1@3456789' is set on object 'Object Repository/Final Object Repo/New Registration - Registration Module Pages/New Reg - OTC to RO/Special Case - All Related Objects/Password TextBox'

2019-01-09 11:31:26 - [MESSAGE][PASSED] - Text 'Test1@3456789' is set on object 'Object Repository/Final Object Repo/New Registration - Registration Module Pages/New Reg - OTC to RO/Special Case - All Related Objects/Password TextBox'

2019-01-09 11:31:26 - [TEST_STEP][PASSED] - delay: Delayed 2 second(s)

2019-01-09 11:31:28 - [MESSAGE][PASSED] - Delayed 2 second(s)

2019-01-09 11:31:28 - [TEST_STEP][PASSED] - click: Object: 'Object Repository/Final Object Repo/New Registration - Registration Module Pages/New Reg - OTC to RO/Special Case - All Related Objects/Login Button' is clicked on

2019-01-09 11:31:28 - [MESSAGE][PASSED] - Object: 'Object Repository/Final Object Repo/New Registration - Registration Module Pages/New Reg - OTC to RO/Special Case - All Related Objects/Login Button' is clicked on

2019-01-09 11:31:28 - [TEST_STEP][PASSED] - delay: Delayed 2 second(s)

2019-01-09 11:31:30 - [MESSAGE][PASSED] - Delayed 2 second(s)

2019-01-09 11:31:30 - [TEST_STEP][PASSED] - Statement - Try: null

2019-01-09 11:31:30 - [TEST_STEP][PASSED] - Statement - Checker = com.kms.katalon.core.webui.keyword.WebUiBuiltInKeywords.verifyElementNotPresent("Final Object Repo/Landing Page/Select to English", 3): null

2019-01-09 11:31:30 - [TEST_STEP][PASSED] - Statement - Catch (Exception e): null

2019-01-09 11:31:30 - [TEST_STEP][PASSED] - Statement - e.printStackTrace(): null

2019-01-09 11:31:30 - [TEST_STEP][PASSED] - click: Object: 'Object Repository/Final Object Repo/New Registration - Registration Module Pages/New Reg - OTC to RO/Special Case - All Related Objects/Expand to Search' is clicked on

2019-01-09 11:31:30 - [MESSAGE][PASSED] - Object: 'Object Repository/Final Object Repo/New Registration - Registration Module Pages/New Reg - OTC to RO/Special Case - All Related Objects/Expand to Search' is clicked on

2019-01-09 11:31:30 - [TEST_STEP][PASSED] - delay: Delayed 2 second(s)

2019-01-09 11:31:32 - [MESSAGE][PASSED] - Delayed 2 second(s)

2019-01-09 11:31:32 - [TEST_STEP][PASSED] - setText: Text 'CRN01201900123674' is set on object 'Object Repository/Final Object Repo/New Registration - Registration Module Pages/New Reg - OTC to RO/Special Case - All Related Objects/TextBox RefNo in Workbasket'

2019-01-09 11:31:33 - [MESSAGE][PASSED] - Text 'CRN01201900123674' is set on object 'Object Repository/Final Object Repo/New Registration - Registration Module Pages/New Reg - OTC to RO/Special Case - All Related Objects/TextBox RefNo in Workbasket'

2019-01-09 11:31:33 - [TEST_STEP][PASSED] - delay: Delayed 2 second(s)

2019-01-09 11:31:35 - [MESSAGE][PASSED] - Delayed 2 second(s)

2019-01-09 11:31:35 - [TEST_STEP][PASSED] - click: Object: 'Object Repository/Final Object Repo/New Registration - Registration Module Pages/New Reg - OTC to RO/Special Case - All Related Objects/Click Search' is clicked on

2019-01-09 11:31:35 - [MESSAGE][PASSED] - Object: 'Object Repository/Final Object Repo/New Registration - Registration Module Pages/New Reg - OTC to RO/Special Case - All Related Objects/Click Search' is clicked on

2019-01-09 11:31:35 - [TEST_STEP][PASSED] - delay: Delayed 2 second(s)

2019-01-09 11:31:37 - [MESSAGE][PASSED] - Delayed 2 second(s)

2019-01-09 11:31:37 - [TEST_STEP][PASSED] - click: Object: 'Object Repository/Final Object Repo/New Registration - Registration Module Pages/New Reg - OTC to RO/Special Case - All Related Objects/Click to Continue Workflow' is clicked on

2019-01-09 11:31:40 - [MESSAGE][PASSED] - Object: 'Object Repository/Final Object Repo/New Registration - Registration Module Pages/New Reg - OTC to RO/Special Case - All Related Objects/Click to Continue Workflow' is clicked on

2019-01-09 11:31:40 - [TEST_STEP][PASSED] - delay: Delayed 2 second(s)

2019-01-09 11:31:42 - [MESSAGE][PASSED] - Delayed 2 second(s)

2019-01-09 11:31:42 - [TEST_STEP][PASSED] - click: Object: 'Object Repository/Final Object Repo/New Registration - Registration Module Pages/New Reg - OTC to RO/Special Case - All Related Objects/Continue Button in verifying case' is clicked on

2019-01-09 11:31:44 - [MESSAGE][PASSED] - Object: 'Object Repository/Final Object Repo/New Registration - Registration Module Pages/New Reg - OTC to RO/Special Case - All Related Objects/Continue Button in verifying case' is clicked on

2019-01-09 11:31:44 - [TEST_STEP][PASSED] - delay: Delayed 2 second(s)

2019-01-09 11:31:46 - [MESSAGE][PASSED] - Delayed 2 second(s)

2019-01-09 11:31:46 - [TEST_STEP][PASSED] - click: Object: 'Object Repository/Final Object Repo/New Registration - Registration Module Pages/Form 1/Registered As a Branch - Yes' is clicked on

2019-01-09 11:31:47 - [MESSAGE][PASSED] - Object: 'Object Repository/Final Object Repo/New Registration - Registration Module Pages/Form 1/Registered As a Branch - Yes' is clicked on

2019-01-09 11:31:47 - [TEST_STEP][PASSED] - delay: Delayed 2 second(s)

2019-01-09 11:31:49 - [MESSAGE][PASSED] - Delayed 2 second(s)

2019-01-09 11:31:49 - [TEST_STEP][PASSED] - click: Object: 'Object Repository/Final Object Repo/New Registration - Registration Module Pages/New Reg - OTC to RO/Special Case - All Related Objects/Form 1 Save n Continue' is clicked on

2019-01-09 11:31:49 - [MESSAGE][PASSED] - Object: 'Object Repository/Final Object Repo/New Registration - Registration Module Pages/New Reg - OTC to RO/Special Case - All Related Objects/Form 1 Save n Continue' is clicked on

2019-01-09 11:31:49 - [TEST_STEP][PASSED] - delay: Delayed 2 second(s)

2019-01-09 11:31:51 - [MESSAGE][PASSED] - Delayed 2 second(s)

2019-01-09 11:31:51 - [TEST_STEP][PASSED] - click: Object: 'Object Repository/Final Object Repo/New Registration - Registration Module Pages/New Reg - OTC to RO/Special Case - All Related Objects/Form 2 Save n Continue' is clicked on

2019-01-09 11:31:51 - [MESSAGE][PASSED] - Object: 'Object Repository/Final Object Repo/New Registration - Registration Module Pages/New Reg - OTC to RO/Special Case - All Related Objects/Form 2 Save n Continue' is clicked on

2019-01-09 11:31:51 - [TEST_STEP][PASSED] - delay: Delayed 2 second(s)

2019-01-09 11:31:53 - [MESSAGE][PASSED] - Delayed 2 second(s)

2019-01-09 11:31:53 - [TEST_STEP][PASSED] - click: Object: 'Object Repository/Final Object Repo/New Registration - Registration Module Pages/New Reg - OTC to RO/Special Case - All Related Objects/Third Screen Save n Continue' is clicked on

2019-01-09 11:31:58 - [MESSAGE][PASSED] - Object: 'Object Repository/Final Object Repo/New Registration - Registration Module Pages/New Reg - OTC to RO/Special Case - All Related Objects/Third Screen Save n Continue' is clicked on

2019-01-09 11:31:58 - [TEST_STEP][PASSED] - delay: Delayed 5 second(s)

2019-01-09 11:32:03 - [MESSAGE][PASSED] - Delayed 5 second(s)

2019-01-09 11:32:03 - [TEST_STEP][PASSED] - click: Object: 'Object Repository/Final Object Repo/New Registration - Registration Module Pages/New Reg - OTC to RO/Special Case - All Related Objects/Upload Doc Page Save n Continue' is clicked on

2019-01-09 11:32:03 - [MESSAGE][PASSED] - Object: 'Object Repository/Final Object Repo/New Registration - Registration Module Pages/New Reg - OTC to RO/Special Case - All Related Objects/Upload Doc Page Save n Continue' is clicked on

2019-01-09 11:32:03 - [TEST_STEP][PASSED] - callTestCase: Call Test Case 'Test Cases/Final Aug 2018 - PKS Automation/Registration Module/New Registration/Submit and Screenshot/Submit Registration and Screenshot' successfully

2019-01-09 11:32:03 - [TEST_CASE][PASSED] - Test Cases/Final Aug 2018 - PKS Automation/Registration Module/New Registration/Submit and Screenshot/Submit Registration and Screenshot: Test Cases/Final Aug 2018 - PKS Automation/Registration Module/New Registration/Submit and Screenshot/Submit Registration and Screenshot

2019-01-09 11:32:03 - [TEST_STEP][PASSED] - delay: Delayed 6 second(s)

2019-01-09 11:32:09 - [MESSAGE][PASSED] - Delayed 6 second(s)

2019-01-09 11:32:09 - [TEST_STEP][PASSED] - click: Object: 'Object Repository/Final Object Repo/New Registration - Registration Module Pages/Third Screen - Upload Supporting Doc- Preview/Preview Submit Button' is clicked on

2019-01-09 11:32:10 - [MESSAGE][PASSED] - Object: 'Object Repository/Final Object Repo/New Registration - Registration Module Pages/Third Screen - Upload Supporting Doc- Preview/Preview Submit Button' is clicked on

2019-01-09 11:32:10 - [TEST_STEP][PASSED] - delay: Delayed 2 second(s)

2019-01-09 11:32:12 - [MESSAGE][PASSED] - Delayed 2 second(s)

2019-01-09 11:32:12 - [TEST_STEP][PASSED] - click: Object: 'Object Repository/Final Object Repo/New Registration - Registration Module Pages/Third Screen - Upload Supporting Doc- Preview/Preview Submit - Confirm' is clicked on

2019-01-09 11:32:12 - [MESSAGE][PASSED] - Object: 'Object Repository/Final Object Repo/New Registration - Registration Module Pages/Third Screen - Upload Supporting Doc- Preview/Preview Submit - Confirm' is clicked on

2019-01-09 11:32:12 - [TEST_STEP][PASSED] - delay: Delayed 15 second(s)

2019-01-09 11:32:27 - [MESSAGE][PASSED] - Delayed 15 second(s)

2019-01-09 11:32:27 - [TEST_STEP][PASSED] - Statement - driver = com.kms.katalon.core.webui.driver.DriverFactory.getWebDriver(): null

2019-01-09 11:32:27 - [TEST_STEP][PASSED] - Statement - driver.manage().timeouts().implicitlyWait(10, SECONDS): null

2019-01-09 11:32:27 - [TEST_STEP][PASSED] - Statement - PresavePath = KatalonScreenshots: null

2019-01-09 11:32:27 - [TEST_STEP][PASSED] - Statement - pathPrefix = "C:\Users\Public\Pictures\Sample Pictures\Katalon Screenshots\Automate Ending Screen": null

2019-01-09 11:32:27 - [TEST_STEP][PASSED] - Statement - finalPath = <not implemented yet for class: org.codehaus.groovy.ast.expr.EmptyExpression>: null

2019-01-09 11:32:27 - [TEST_STEP][PASSED] - Statement - scrFile = driver.getScreenshotAs(FILE): null

2019-01-09 11:32:27 - [TEST_STEP][PASSED] - Statement - PreSaveFile = new java.io.File(PresavePath): null

2019-01-09 11:32:27 - [TEST_STEP][PASSED] - Statement - counter = 0: null

2019-01-09 11:32:27 - [TEST_STEP][PASSED] - Statement - If (PreSaveFile.exists()): null

2019-01-09 11:32:27 - [TEST_STEP][PASSED] - Statement - While (PreSaveFile.exists()): null

2019-01-09 11:32:27 - [TEST_STEP][PASSED] - Statement - counter = counter + 1: null

2019-01-09 11:32:27 - [TEST_STEP][PASSED] - Statement - PreSaveFile = new java.io.File(((pathPrefix + java.lang.Integer.toString(counter)) + .png)): null

2019-01-09 11:32:27 - [TEST_STEP][PASSED] - Statement - counter = counter + 1: null

2019-01-09 11:32:27 - [TEST_STEP][PASSED] - Statement - PreSaveFile = new java.io.File(((pathPrefix + java.lang.Integer.toString(counter)) + .png)): null

2019-01-09 11:32:27 - [TEST_STEP][PASSED] - Statement - counter = counter + 1: null

2019-01-09 11:32:27 - [TEST_STEP][PASSED] - Statement - PreSaveFile = new java.io.File(((pathPrefix + java.lang.Integer.toString(counter)) + .png)): null

2019-01-09 11:32:27 - [TEST_STEP][PASSED] - Statement - counter = counter + 1: null

2019-01-09 11:32:27 - [TEST_STEP][PASSED] - Statement - PreSaveFile = new java.io.File(((pathPrefix + java.lang.Integer.toString(counter)) + .png)): null

2019-01-09 11:32:27 - [TEST_STEP][PASSED] - Statement - counter = counter + 1: null

2019-01-09 11:32:27 - [TEST_STEP][PASSED] - Statement - PreSaveFile = new java.io.File(((pathPrefix + java.lang.Integer.toString(counter)) + .png)): null

2019-01-09 11:32:27 - [TEST_STEP][PASSED] - Statement - counter = counter + 1: null

2019-01-09 11:32:27 - [TEST_STEP][PASSED] - Statement - PreSaveFile = new java.io.File(((pathPrefix + java.lang.Integer.toString(counter)) + .png)): null

2019-01-09 11:32:27 - [TEST_STEP][PASSED] - Statement - counter = counter + 1: null

2019-01-09 11:32:27 - [TEST_STEP][PASSED] - Statement - PreSaveFile = new java.io.File(((pathPrefix + java.lang.Integer.toString(counter)) + .png)): null

2019-01-09 11:32:27 - [TEST_STEP][PASSED] - Statement - counter = counter + 1: null

2019-01-09 11:32:27 - [TEST_STEP][PASSED] - Statement - PreSaveFile = new java.io.File(((pathPrefix + java.lang.Integer.toString(counter)) + .png)): null

2019-01-09 11:32:27 - [TEST_STEP][PASSED] - Statement - counter = counter + 1: null

2019-01-09 11:32:27 - [TEST_STEP][PASSED] - Statement - PreSaveFile = new java.io.File(((pathPrefix + java.lang.Integer.toString(counter)) + .png)): null

2019-01-09 11:32:27 - [TEST_STEP][PASSED] - Statement - counter = counter + 1: null

2019-01-09 11:32:27 - [TEST_STEP][PASSED] - Statement - PreSaveFile = new java.io.File(((pathPrefix + java.lang.Integer.toString(counter)) + .png)): null

2019-01-09 11:32:27 - [TEST_STEP][PASSED] - Statement - counter = counter + 1: null

2019-01-09 11:32:27 - [TEST_STEP][PASSED] - Statement - PreSaveFile = new java.io.File(((pathPrefix + java.lang.Integer.toString(counter)) + .png)): null

2019-01-09 11:32:27 - [TEST_STEP][PASSED] - Statement - counter = counter + 1: null

2019-01-09 11:32:27 - [TEST_STEP][PASSED] - Statement - PreSaveFile = new java.io.File(((pathPrefix + java.lang.Integer.toString(counter)) + .png)): null

2019-01-09 11:32:27 - [TEST_STEP][PASSED] - Statement - counter = counter + 1: null

2019-01-09 11:32:27 - [TEST_STEP][PASSED] - Statement - PreSaveFile = new java.io.File(((pathPrefix + java.lang.Integer.toString(counter)) + .png)): null

2019-01-09 11:32:27 - [TEST_STEP][PASSED] - Statement - counter = counter + 1: null

2019-01-09 11:32:27 - [TEST_STEP][PASSED] - Statement - PreSaveFile = new java.io.File(((pathPrefix + java.lang.Integer.toString(counter)) + .png)): null

2019-01-09 11:32:27 - [TEST_STEP][PASSED] - Statement - counter = counter + 1: null

2019-01-09 11:32:27 - [TEST_STEP][PASSED] - Statement - PreSaveFile = new java.io.File(((pathPrefix + java.lang.Integer.toString(counter)) + .png)): null

2019-01-09 11:32:27 - [TEST_STEP][PASSED] - Statement - counter = counter + 1: null

2019-01-09 11:32:27 - [TEST_STEP][PASSED] - Statement - PreSaveFile = new java.io.File(((pathPrefix + java.lang.Integer.toString(counter)) + .png)): null

2019-01-09 11:32:27 - [TEST_STEP][PASSED] - Statement - counter = counter + 1: null

2019-01-09 11:32:27 - [TEST_STEP][PASSED] - Statement - PreSaveFile = new java.io.File(((pathPrefix + java.lang.Integer.toString(counter)) + .png)): null

2019-01-09 11:32:28 - [TEST_STEP][PASSED] - Statement - counter = counter + 1: null

2019-01-09 11:32:28 - [TEST_STEP][PASSED] - Statement - PreSaveFile = new java.io.File(((pathPrefix + java.lang.Integer.toString(counter)) + .png)): null

2019-01-09 11:32:28 - [TEST_STEP][PASSED] - Statement - counter = counter + 1: null

2019-01-09 11:32:28 - [TEST_STEP][PASSED] - Statement - PreSaveFile = new java.io.File(((pathPrefix + java.lang.Integer.toString(counter)) + .png)): null

2019-01-09 11:32:28 - [TEST_STEP][PASSED] - Statement - counter = counter + 1: null

2019-01-09 11:32:28 - [TEST_STEP][PASSED] - Statement - PreSaveFile = new java.io.File(((pathPrefix + java.lang.Integer.toString(counter)) + .png)): null

2019-01-09 11:32:28 - [TEST_STEP][PASSED] - Statement - counter = counter + 1: null

2019-01-09 11:32:28 - [TEST_STEP][PASSED] - Statement - PreSaveFile = new java.io.File(((pathPrefix + java.lang.Integer.toString(counter)) + .png)): null

2019-01-09 11:32:28 - [TEST_STEP][PASSED] - Statement - counter = counter + 1: null

2019-01-09 11:32:28 - [TEST_STEP][PASSED] - Statement - PreSaveFile = new java.io.File(((pathPrefix + java.lang.Integer.toString(counter)) + .png)): null

2019-01-09 11:32:28 - [TEST_STEP][PASSED] - Statement - counter = counter + 1: null

2019-01-09 11:32:28 - [TEST_STEP][PASSED] - Statement - PreSaveFile = new java.io.File(((pathPrefix + java.lang.Integer.toString(counter)) + .png)): null

2019-01-09 11:32:28 - [TEST_STEP][PASSED] - Statement - counter = counter + 1: null

2019-01-09 11:32:28 - [TEST_STEP][PASSED] - Statement - PreSaveFile = new java.io.File(((pathPrefix + java.lang.Integer.toString(counter)) + .png)): null

2019-01-09 11:32:28 - [TEST_STEP][PASSED] - Statement - counter = counter + 1: null

2019-01-09 11:32:28 - [TEST_STEP][PASSED] - Statement - PreSaveFile = new java.io.File(((pathPrefix + java.lang.Integer.toString(counter)) + .png)): null

2019-01-09 11:32:28 - [TEST_STEP][PASSED] - Statement - counter = counter + 1: null

2019-01-09 11:32:28 - [TEST_STEP][PASSED] - Statement - PreSaveFile = new java.io.File(((pathPrefix + java.lang.Integer.toString(counter)) + .png)): null

2019-01-09 11:32:28 - [TEST_STEP][PASSED] - Statement - counter = counter + 1: null

2019-01-09 11:32:28 - [TEST_STEP][PASSED] - Statement - PreSaveFile = new java.io.File(((pathPrefix + java.lang.Integer.toString(counter)) + .png)): null

2019-01-09 11:32:28 - [TEST_STEP][PASSED] - Statement - counter = counter + 1: null

2019-01-09 11:32:28 - [TEST_STEP][PASSED] - Statement - PreSaveFile = new java.io.File(((pathPrefix + java.lang.Integer.toString(counter)) + .png)): null

2019-01-09 11:32:28 - [TEST_STEP][PASSED] - Statement - counter = counter + 1: null

2019-01-09 11:32:28 - [TEST_STEP][PASSED] - Statement - PreSaveFile = new java.io.File(((pathPrefix + java.lang.Integer.toString(counter)) + .png)): null

2019-01-09 11:32:28 - [TEST_STEP][PASSED] - Statement - counter = counter + 1: null

2019-01-09 11:32:28 - [TEST_STEP][PASSED] - Statement - PreSaveFile = new java.io.File(((pathPrefix + java.lang.Integer.toString(counter)) + .png)): null

2019-01-09 11:32:28 - [TEST_STEP][PASSED] - Statement - counter = counter + 1: null

2019-01-09 11:32:28 - [TEST_STEP][PASSED] - Statement - PreSaveFile = new java.io.File(((pathPrefix + java.lang.Integer.toString(counter)) + .png)): null

2019-01-09 11:32:28 - [TEST_STEP][PASSED] - Statement - counter = counter + 1: null

2019-01-09 11:32:28 - [TEST_STEP][PASSED] - Statement - PreSaveFile = new java.io.File(((pathPrefix + java.lang.Integer.toString(counter)) + .png)): null

2019-01-09 11:32:28 - [TEST_STEP][PASSED] - Statement - counter = counter + 1: null

2019-01-09 11:32:28 - [TEST_STEP][PASSED] - Statement - PreSaveFile = new java.io.File(((pathPrefix + java.lang.Integer.toString(counter)) + .png)): null

2019-01-09 11:32:28 - [TEST_STEP][PASSED] - Statement - counter = counter + 1: null

2019-01-09 11:32:29 - [TEST_STEP][PASSED] - Statement - PreSaveFile = new java.io.File(((pathPrefix + java.lang.Integer.toString(counter)) + .png)): null

2019-01-09 11:32:29 - [TEST_STEP][PASSED] - Statement - counter = counter + 1: null

2019-01-09 11:32:29 - [TEST_STEP][PASSED] - Statement - PreSaveFile = new java.io.File(((pathPrefix + java.lang.Integer.toString(counter)) + .png)): null

2019-01-09 11:32:29 - [TEST_STEP][PASSED] - Statement - counter = counter + 1: null

2019-01-09 11:32:29 - [TEST_STEP][PASSED] - Statement - PreSaveFile = new java.io.File(((pathPrefix + java.lang.Integer.toString(counter)) + .png)): null

2019-01-09 11:32:29 - [TEST_STEP][PASSED] - Statement - counter = counter + 1: null

2019-01-09 11:32:29 - [TEST_STEP][PASSED] - Statement - PreSaveFile = new java.io.File(((pathPrefix + java.lang.Integer.toString(counter)) + .png)): null

2019-01-09 11:32:29 - [TEST_STEP][PASSED] - Statement - counter = counter + 1: null

2019-01-09 11:32:29 - [TEST_STEP][PASSED] - Statement - PreSaveFile = new java.io.File(((pathPrefix + java.lang.Integer.toString(counter)) + .png)): null

2019-01-09 11:32:29 - [TEST_STEP][PASSED] - Statement - counter = counter + 1: null

2019-01-09 11:32:29 - [TEST_STEP][PASSED] - Statement - PreSaveFile = new java.io.File(((pathPrefix + java.lang.Integer.toString(counter)) + .png)): null

2019-01-09 11:32:29 - [TEST_STEP][PASSED] - Statement - counter = counter + 1: null

2019-01-09 11:32:29 - [TEST_STEP][PASSED] - Statement - PreSaveFile = new java.io.File(((pathPrefix + java.lang.Integer.toString(counter)) + .png)): null

2019-01-09 11:32:29 - [TEST_STEP][PASSED] - Statement - counter = counter + 1: null

2019-01-09 11:32:29 - [TEST_STEP][PASSED] - Statement - PreSaveFile = new java.io.File(((pathPrefix + java.lang.Integer.toString(counter)) + .png)): null

2019-01-09 11:32:29 - [TEST_STEP][PASSED] - Statement - counter = counter + 1: null

2019-01-09 11:32:29 - [TEST_STEP][PASSED] - Statement - PreSaveFile = new java.io.File(((pathPrefix + java.lang.Integer.toString(counter)) + .png)): null

2019-01-09 11:32:29 - [TEST_STEP][PASSED] - Statement - counter = counter + 1: null

2019-01-09 11:32:29 - [TEST_STEP][PASSED] - Statement - PreSaveFile = new java.io.File(((pathPrefix + java.lang.Integer.toString(counter)) + .png)): null

2019-01-09 11:32:29 - [TEST_STEP][PASSED] - Statement - counter = counter + 1: null

2019-01-09 11:32:29 - [TEST_STEP][PASSED] - Statement - PreSaveFile = new java.io.File(((pathPrefix + java.lang.Integer.toString(counter)) + .png)): null

2019-01-09 11:32:29 - [TEST_STEP][PASSED] - Statement - counter = counter + 1: null

2019-01-09 11:32:29 - [TEST_STEP][PASSED] - Statement - PreSaveFile = new java.io.File(((pathPrefix + java.lang.Integer.toString(counter)) + .png)): null

2019-01-09 11:32:29 - [TEST_STEP][PASSED] - Statement - counter = counter + 1: null

2019-01-09 11:32:29 - [TEST_STEP][PASSED] - Statement - PreSaveFile = new java.io.File(((pathPrefix + java.lang.Integer.toString(counter)) + .png)): null

2019-01-09 11:32:29 - [TEST_STEP][PASSED] - Statement - counter = counter + 1: null

2019-01-09 11:32:29 - [TEST_STEP][PASSED] - Statement - PreSaveFile = new java.io.File(((pathPrefix + java.lang.Integer.toString(counter)) + .png)): null

2019-01-09 11:32:29 - [TEST_STEP][PASSED] - Statement - counter = counter + 1: null

2019-01-09 11:32:29 - [TEST_STEP][PASSED] - Statement - PreSaveFile = new java.io.File(((pathPrefix + java.lang.Integer.toString(counter)) + .png)): null

2019-01-09 11:32:29 - [TEST_STEP][PASSED] - Statement - counter = counter + 1: null

2019-01-09 11:32:29 - [TEST_STEP][PASSED] - Statement - PreSaveFile = new java.io.File(((pathPrefix + java.lang.Integer.toString(counter)) + .png)): null

2019-01-09 11:32:29 - [TEST_STEP][PASSED] - Statement - counter = counter + 1: null

2019-01-09 11:32:29 - [TEST_STEP][PASSED] - Statement - PreSaveFile = new java.io.File(((pathPrefix + java.lang.Integer.toString(counter)) + .png)): null

2019-01-09 11:32:29 - [TEST_STEP][PASSED] - Statement - counter = counter + 1: null

2019-01-09 11:32:29 - [TEST_STEP][PASSED] - Statement - PreSaveFile = new java.io.File(((pathPrefix + java.lang.Integer.toString(counter)) + .png)): null

2019-01-09 11:32:29 - [TEST_STEP][PASSED] - Statement - counter = counter + 1: null

2019-01-09 11:32:29 - [TEST_STEP][PASSED] - Statement - PreSaveFile = new java.io.File(((pathPrefix + java.lang.Integer.toString(counter)) + .png)): null

2019-01-09 11:32:29 - [TEST_STEP][PASSED] - Statement - finalPath = pathPrefix + java.lang.Integer.toString(counter) + ".png": null

2019-01-09 11:32:30 - [TEST_STEP][PASSED] - Statement - SaveFile = new java.io.File(finalPath): null

2019-01-09 11:32:30 - [TEST_STEP][PASSED] - Statement - Try: null

2019-01-09 11:32:30 - [TEST_STEP][PASSED] - Statement - org.apache.commons.io.FileUtils.copyFile(scrFile, SaveFile): null

2019-01-09 11:32:30 - [TEST_STEP][PASSED] - Statement - out.println("file kept"): null

2019-01-09 11:32:30 - [TEST_STEP][PASSED] - delay: Delayed 10 second(s)

2019-01-09 11:32:40 - [MESSAGE][PASSED] - Delayed 10 second(s)

2019-01-09 11:32:40 - [MESSAGE][PASSED] - Call Test Case 'Test Cases/Final Aug 2018 - PKS Automation/Registration Module/New Registration/Submit and Screenshot/Submit Registration and Screenshot' successfully]]></system-out>
         <system-err><![CDATA[]]></system-err>
      </testcase>
      <testcase name="Test Cases/Final Aug 2018 - PKS Automation/Registration Module/Workflow/New Registration/Case PKR BO to RO - RO Under Enforcement" classname="Test Cases/Final Aug 2018 - PKS Automation/Registration Module/Workflow/New Registration/Case PKR BO to RO - RO Under Enforcement" status="PASSED">
         <system-out><![CDATA[2019-01-09 11:32:40 - [TEST_CASE][PASSED] - Test Cases/Final Aug 2018 - PKS Automation/Registration Module/Workflow/New Registration/Case PKR BO to RO - RO Under Enforcement: Test Cases/Final Aug 2018 - PKS Automation/Registration Module/Workflow/New Registration/Case PKR BO to RO - RO Under Enforcement

2019-01-09 11:32:40 - [TEST_STEP][PASSED] - callTestCase: Call Test Case 'Test Cases/Final Aug 2018 - PKS Automation/Registration Module/Workflow/New Registration/Template/Special Case - PKR BO - Form 1' successfully

2019-01-09 11:32:40 - [TEST_CASE][PASSED] - Test Cases/Final Aug 2018 - PKS Automation/Registration Module/Workflow/New Registration/Template/Special Case - PKR BO - Form 1: Test Cases/Final Aug 2018 - PKS Automation/Registration Module/Workflow/New Registration/Template/Special Case - PKR BO - Form 1

2019-01-09 11:32:40 - [TEST_STEP][PASSED] - openBrowser: Browser is opened with url: ''

2019-01-09 11:32:40 - [MESSAGE][WARNING] - A browser is already opened. Closing browser and opening a new one

2019-01-09 11:32:43 - [MESSAGE][PASSED] - Browser is opened with url: ''

2019-01-09 11:32:43 - [TEST_STEP][PASSED] - navigateToUrl: Navigate to 'https://assist2-uat.perkeso.gov.my/login' successfully

2019-01-09 11:32:44 - [MESSAGE][PASSED] - Navigate to 'https://assist2-uat.perkeso.gov.my/login' successfully

2019-01-09 11:32:44 - [TEST_STEP][PASSED] - delay: Delayed 2 second(s)

2019-01-09 11:32:46 - [MESSAGE][PASSED] - Delayed 2 second(s)

2019-01-09 11:32:46 - [TEST_STEP][PASSED] - setText: Text 'klpkrbo2@gmail.com' is set on object 'Object Repository/Final Object Repo/Login Page/Internal User/Email Address'

2019-01-09 11:32:46 - [MESSAGE][PASSED] - Text 'klpkrbo2@gmail.com' is set on object 'Object Repository/Final Object Repo/Login Page/Internal User/Email Address'

2019-01-09 11:32:46 - [TEST_STEP][PASSED] - click: Object: 'Object Repository/Final Object Repo/Login Page/Internal User/Next Button' is clicked on

2019-01-09 11:32:47 - [MESSAGE][PASSED] - Object: 'Object Repository/Final Object Repo/Login Page/Internal User/Next Button' is clicked on

2019-01-09 11:32:47 - [TEST_STEP][PASSED] - delay: Delayed 2 second(s)

2019-01-09 11:32:49 - [MESSAGE][PASSED] - Delayed 2 second(s)

2019-01-09 11:32:49 - [TEST_STEP][PASSED] - setText: Text 'Test1@3456789' is set on object 'Object Repository/Final Object Repo/Login Page/Internal User/Password'

2019-01-09 11:32:49 - [MESSAGE][PASSED] - Text 'Test1@3456789' is set on object 'Object Repository/Final Object Repo/Login Page/Internal User/Password'

2019-01-09 11:32:49 - [TEST_STEP][PASSED] - delay: Delayed 2 second(s)

2019-01-09 11:32:51 - [MESSAGE][PASSED] - Delayed 2 second(s)

2019-01-09 11:32:51 - [TEST_STEP][PASSED] - click: Object: 'Object Repository/Final Object Repo/Login Page/Internal User/Login Button' is clicked on

2019-01-09 11:32:51 - [MESSAGE][PASSED] - Object: 'Object Repository/Final Object Repo/Login Page/Internal User/Login Button' is clicked on

2019-01-09 11:32:51 - [TEST_STEP][PASSED] - Statement - Try: null

2019-01-09 11:32:51 - [TEST_STEP][PASSED] - Statement - Checker = com.kms.katalon.core.webui.keyword.WebUiBuiltInKeywords.verifyElementNotPresent("Final Object Repo/Landing Page/Select to English", 3): null

2019-01-09 11:32:51 - [TEST_STEP][PASSED] - Statement - Catch (Exception e): null

2019-01-09 11:32:51 - [TEST_STEP][PASSED] - Statement - e.printStackTrace(): null

2019-01-09 11:32:51 - [TEST_STEP][PASSED] - delay: Delayed 5 second(s)

2019-01-09 11:32:56 - [MESSAGE][PASSED] - Delayed 5 second(s)

2019-01-09 11:32:56 - [TEST_STEP][PASSED] - click: Object: 'Object Repository/Final Object Repo/Landing Page/My Sites Drop Down' is clicked on

2019-01-09 11:32:56 - [MESSAGE][PASSED] - Object: 'Object Repository/Final Object Repo/Landing Page/My Sites Drop Down' is clicked on

2019-01-09 11:32:56 - [TEST_STEP][PASSED] - click: Object: 'Object Repository/Final Object Repo/Landing Page/Select to Registration Module' is clicked on

2019-01-09 11:32:57 - [MESSAGE][PASSED] - Object: 'Object Repository/Final Object Repo/Landing Page/Select to Registration Module' is clicked on

2019-01-09 11:32:57 - [TEST_STEP][PASSED] - click: Object: 'Object Repository/Final Object Repo/Landing Page/Registration Button' is clicked on

2019-01-09 11:32:59 - [MESSAGE][PASSED] - Object: 'Object Repository/Final Object Repo/Landing Page/Registration Button' is clicked on

2019-01-09 11:32:59 - [TEST_STEP][PASSED] - delay: Delayed 2 second(s)

2019-01-09 11:33:01 - [MESSAGE][PASSED] - Delayed 2 second(s)

2019-01-09 11:33:01 - [TEST_STEP][PASSED] - click: Object: 'Object Repository/Final Object Repo/New Registration - Registration Module Pages/New Reg - OTC to RO/Special Case - OTC - Form 1/AEC NO' is clicked on

2019-01-09 11:33:01 - [MESSAGE][PASSED] - Object: 'Object Repository/Final Object Repo/New Registration - Registration Module Pages/New Reg - OTC to RO/Special Case - OTC - Form 1/AEC NO' is clicked on

2019-01-09 11:33:01 - [TEST_STEP][PASSED] - click: Object: 'Object Repository/Final Object Repo/New Registration - Registration Module Pages/New Reg - OTC to RO/Special Case - OTC - Form 1/Business Entity - Please Select' is clicked on

2019-01-09 11:33:01 - [MESSAGE][PASSED] - Object: 'Object Repository/Final Object Repo/New Registration - Registration Module Pages/New Reg - OTC to RO/Special Case - OTC - Form 1/Business Entity - Please Select' is clicked on

2019-01-09 11:33:01 - [TEST_STEP][PASSED] - click: Object: 'Object Repository/Final Object Repo/New Registration - Registration Module Pages/New Reg - OTC to RO/Special Case - OTC - Form 1/Selected - Corporation' is clicked on

2019-01-09 11:33:01 - [MESSAGE][PASSED] - Object: 'Object Repository/Final Object Repo/New Registration - Registration Module Pages/New Reg - OTC to RO/Special Case - OTC - Form 1/Selected - Corporation' is clicked on

2019-01-09 11:33:01 - [TEST_STEP][PASSED] - delay: Delayed 2 second(s)

2019-01-09 11:33:03 - [MESSAGE][PASSED] - Delayed 2 second(s)

2019-01-09 11:33:03 - [TEST_STEP][PASSED] - click: Object: 'Object Repository/Final Object Repo/New Registration - Registration Module Pages/New Reg - OTC to RO/Special Case - OTC - Form 1/Sub Business Entity - Please Select' is clicked on

2019-01-09 11:33:03 - [MESSAGE][PASSED] - Object: 'Object Repository/Final Object Repo/New Registration - Registration Module Pages/New Reg - OTC to RO/Special Case - OTC - Form 1/Sub Business Entity - Please Select' is clicked on

2019-01-09 11:33:03 - [TEST_STEP][PASSED] - delay: Delayed 2 second(s)

2019-01-09 11:33:05 - [MESSAGE][PASSED] - Delayed 2 second(s)

2019-01-09 11:33:05 - [TEST_STEP][PASSED] - click: Object: 'Object Repository/Final Object Repo/New Registration - Registration Module Pages/New Reg - OTC to RO/Special Case - OTC - Form 1/Selected - Sendirian Berhad' is clicked on

2019-01-09 11:33:06 - [MESSAGE][PASSED] - Object: 'Object Repository/Final Object Repo/New Registration - Registration Module Pages/New Reg - OTC to RO/Special Case - OTC - Form 1/Selected - Sendirian Berhad' is clicked on

2019-01-09 11:33:06 - [TEST_STEP][PASSED] - setText: Text 'AUTOMATE001' is set on object 'Object Repository/Final Object Repo/New Registration - Registration Module Pages/New Reg - OTC to RO/Special Case - OTC - Form 1/Input BRN Number'

2019-01-09 11:33:06 - [MESSAGE][PASSED] - Text 'AUTOMATE001' is set on object 'Object Repository/Final Object Repo/New Registration - Registration Module Pages/New Reg - OTC to RO/Special Case - OTC - Form 1/Input BRN Number'

2019-01-09 11:33:06 - [TEST_STEP][PASSED] - delay: Delayed 2 second(s)

2019-01-09 11:33:08 - [MESSAGE][PASSED] - Delayed 2 second(s)

2019-01-09 11:33:08 - [TEST_STEP][PASSED] - click: Object: 'Object Repository/Final Object Repo/New Registration - Registration Module Pages/New Reg - OTC to RO/Special Case - OTC - Form 1/BRN Search' is clicked on

2019-01-09 11:33:08 - [MESSAGE][PASSED] - Object: 'Object Repository/Final Object Repo/New Registration - Registration Module Pages/New Reg - OTC to RO/Special Case - OTC - Form 1/BRN Search' is clicked on

2019-01-09 11:33:08 - [TEST_STEP][PASSED] - delay: Delayed 4 second(s)

2019-01-09 11:33:12 - [MESSAGE][PASSED] - Delayed 4 second(s)

2019-01-09 11:33:12 - [TEST_STEP][PASSED] - click: Object: 'Object Repository/Final Object Repo/New Registration - Registration Module Pages/New Reg - OTC to RO/Special Case - OTC - Form 1/Registered with SSM - After Feb 2017' is clicked on

2019-01-09 11:33:13 - [MESSAGE][PASSED] - Object: 'Object Repository/Final Object Repo/New Registration - Registration Module Pages/New Reg - OTC to RO/Special Case - OTC - Form 1/Registered with SSM - After Feb 2017' is clicked on

2019-01-09 11:33:13 - [TEST_STEP][PASSED] - delay: Delayed 2 second(s)

2019-01-09 11:33:15 - [MESSAGE][PASSED] - Delayed 2 second(s)

2019-01-09 11:33:15 - [TEST_STEP][PASSED] - click: Object: 'Object Repository/Final Object Repo/New Registration - Registration Module Pages/New Reg - OTC to RO/Special Case - OTC - Form 1/Registering As A Branch - No' is clicked on

2019-01-09 11:33:15 - [MESSAGE][PASSED] - Object: 'Object Repository/Final Object Repo/New Registration - Registration Module Pages/New Reg - OTC to RO/Special Case - OTC - Form 1/Registering As A Branch - No' is clicked on

2019-01-09 11:33:15 - [TEST_STEP][PASSED] - click: Object: 'Object Repository/Final Object Repo/New Registration - Registration Module Pages/New Reg - OTC to RO/Special Case - OTC - Form 1/Acknowledgement Ticked' is clicked on

2019-01-09 11:33:15 - [MESSAGE][PASSED] - Object: 'Object Repository/Final Object Repo/New Registration - Registration Module Pages/New Reg - OTC to RO/Special Case - OTC - Form 1/Acknowledgement Ticked' is clicked on

2019-01-09 11:33:15 - [TEST_STEP][PASSED] - click: Object: 'Object Repository/Final Object Repo/New Registration - Registration Module Pages/New Reg - OTC to RO/Special Case - OTC - Form 1/Submit Button' is clicked on

2019-01-09 11:33:15 - [MESSAGE][PASSED] - Object: 'Object Repository/Final Object Repo/New Registration - Registration Module Pages/New Reg - OTC to RO/Special Case - OTC - Form 1/Submit Button' is clicked on

2019-01-09 11:33:15 - [TEST_STEP][PASSED] - delay: Delayed 2 second(s)

2019-01-09 11:33:17 - [MESSAGE][PASSED] - Delayed 2 second(s)

2019-01-09 11:33:17 - [TEST_STEP][PASSED] - click: Object: 'Object Repository/Final Object Repo/New Registration - Registration Module Pages/New Reg - OTC to RO/Special Case - OTC - Form 1/Confirm No Flagging as Branch' is clicked on

2019-01-09 11:33:17 - [MESSAGE][PASSED] - Object: 'Object Repository/Final Object Repo/New Registration - Registration Module Pages/New Reg - OTC to RO/Special Case - OTC - Form 1/Confirm No Flagging as Branch' is clicked on

2019-01-09 11:33:17 - [MESSAGE][PASSED] - Call Test Case 'Test Cases/Final Aug 2018 - PKS Automation/Registration Module/Workflow/New Registration/Template/Special Case - PKR BO - Form 1' successfully

2019-01-09 11:33:17 - [TEST_STEP][PASSED] - callTestCase: Call Test Case 'Test Cases/Final Aug 2018 - PKS Automation/Registration Module/New Registration/Form 2/Add 1 Eligible' successfully

2019-01-09 11:33:17 - [TEST_CASE][PASSED] - Test Cases/Final Aug 2018 - PKS Automation/Registration Module/New Registration/Form 2/Add 1 Eligible: Test Cases/Final Aug 2018 - PKS Automation/Registration Module/New Registration/Form 2/Add 1 Eligible

2019-01-09 11:33:17 - [TEST_STEP][PASSED] - delay: Delayed 2 second(s)

2019-01-09 11:33:19 - [MESSAGE][PASSED] - Delayed 2 second(s)

2019-01-09 11:33:19 - [TEST_STEP][PASSED] - callTestCase: Call Test Case 'Test Cases/Final Aug 2018 - PKS Automation/Registration Module/New Registration/Form 2/Date Updater' successfully

2019-01-09 11:33:19 - [TEST_CASE][PASSED] - Test Cases/Final Aug 2018 - PKS Automation/Registration Module/New Registration/Form 2/Date Updater: Test Cases/Final Aug 2018 - PKS Automation/Registration Module/New Registration/Form 2/Date Updater

2019-01-09 11:33:19 - [TEST_STEP][PASSED] - Statement - TodayDate = new java.util.Date(): null

2019-01-09 11:33:19 - [TEST_STEP][PASSED] - Statement - CurrentDateNoFilter = new java.text.SimpleDateFormat(): null

2019-01-09 11:33:19 - [TEST_STEP][PASSED] - Statement - CurrentDateNoFilter.applyPattern("MM"): null

2019-01-09 11:33:19 - [TEST_STEP][PASSED] - Statement - monthContainerMatcher = java.lang.Integer.parseInt(CurrentDateNoFilter.format(TodayDate)): null

2019-01-09 11:33:19 - [TEST_STEP][PASSED] - Statement - monthContainerMatcher = monthContainerMatcher - 1: null

2019-01-09 11:33:19 - [TEST_STEP][PASSED] - Statement - CurrentMonth = monthContainerMatcher.toString(): null

2019-01-09 11:33:19 - [TEST_STEP][PASSED] - Statement - CurrentMonth = CurrentMonth: null

2019-01-09 11:33:19 - [TEST_STEP][PASSED] - Statement - CurrentDateNoFilter.applyPattern("yyyy"): null

2019-01-09 11:33:19 - [TEST_STEP][PASSED] - Statement - CurrentYear = CurrentDateNoFilter.format(TodayDate): null

2019-01-09 11:33:19 - [TEST_STEP][PASSED] - Statement - CurrentYear = CurrentYear: null

2019-01-09 11:33:19 - [TEST_STEP][PASSED] - Statement - intCurrentYear = java.lang.Integer.parseInt(CurrentDateNoFilter.format(TodayDate)): null

2019-01-09 11:33:19 - [TEST_STEP][PASSED] - Statement - eighteenYrsAgo = intCurrentYear - 18: null

2019-01-09 11:33:19 - [TEST_STEP][PASSED] - Statement - eighteenYrsBeforeThisYr = eighteenYrsAgo.toString(): null

2019-01-09 11:33:19 - [TEST_STEP][PASSED] - Statement - EighteenYrsBefore = eighteenYrsBeforeThisYr: null

2019-01-09 11:33:19 - [TEST_STEP][PASSED] - Statement - fiftysevenYrsAgo = intCurrentYear - 57: null

2019-01-09 11:33:19 - [TEST_STEP][PASSED] - Statement - fiftysevenYrsBeforeThisYr = fiftysevenYrsAgo.toString(): null

2019-01-09 11:33:19 - [TEST_STEP][PASSED] - Statement - FiftysevenYrsBefore = fiftysevenYrsBeforeThisYr: null

2019-01-09 11:33:19 - [TEST_STEP][PASSED] - Statement - leapYear = false: null

2019-01-09 11:33:19 - [TEST_STEP][PASSED] - Statement - leapYear = intCurrentYear % 4 == 0: null

2019-01-09 11:33:19 - [TEST_STEP][PASSED] - Statement - CurrentDateNoFilter.applyPattern("dd"): null

2019-01-09 11:33:19 - [TEST_STEP][PASSED] - Statement - CurrentDate = CurrentDateNoFilter.format(TodayDate): null

2019-01-09 11:33:19 - [TEST_STEP][PASSED] - Statement - CurrentDate = java.lang.Integer.parseInt(CurrentDate): null

2019-01-09 11:33:19 - [TEST_STEP][PASSED] - Statement - CurrentDate = CurrentDate: null

2019-01-09 11:33:19 - [TEST_STEP][PASSED] - Statement - CurrentDay = java.lang.Integer.parseInt(CurrentDate): null

2019-01-09 11:33:19 - [TEST_STEP][PASSED] - Statement - ConfAdder = <not implemented yet for class: org.codehaus.groovy.ast.expr.EmptyExpression>: null

2019-01-09 11:33:19 - [TEST_STEP][PASSED] - Statement - out.println(CurrentMonth): null

2019-01-09 11:33:19 - [TEST_STEP][PASSED] - Statement - out.println(CurrentDate): null

2019-01-09 11:33:19 - [TEST_STEP][PASSED] - Statement - switch (CurrentDate): null

2019-01-09 11:33:19 - [TEST_STEP][PASSED] - Statement - Default: null

2019-01-09 11:33:19 - [TEST_STEP][PASSED] - Statement - ConfAdder = true: null

2019-01-09 11:33:19 - [TEST_STEP][PASSED] - Statement - Break: null

2019-01-09 11:33:19 - [TEST_STEP][PASSED] - Statement - aDayBefore = <not implemented yet for class: org.codehaus.groovy.ast.expr.EmptyExpression>: null

2019-01-09 11:33:19 - [TEST_STEP][PASSED] - Statement - out.println(ConfAdder): null

2019-01-09 11:33:19 - [TEST_STEP][PASSED] - Statement - If (ConfAdder == true): null

2019-01-09 11:33:19 - [TEST_STEP][PASSED] - Statement - aDayBefore = CurrentDay + 1: null

2019-01-09 11:33:19 - [TEST_STEP][PASSED] - Statement - out.println(aDayBefore): null

2019-01-09 11:33:19 - [TEST_STEP][PASSED] - Statement - If (aDayBefore == 1 && CurrentMonth == 11): null

2019-01-09 11:33:19 - [TEST_STEP][PASSED] - Statement - DayBefore = aDayBefore.toString(): null

2019-01-09 11:33:19 - [TEST_STEP][PASSED] - Statement - OneDayBefore = DayBefore: null

2019-01-09 11:33:20 - [MESSAGE][PASSED] - Call Test Case 'Test Cases/Final Aug 2018 - PKS Automation/Registration Module/New Registration/Form 2/Date Updater' successfully

2019-01-09 11:33:20 - [TEST_STEP][PASSED] - delay: Delayed 1 second(s)

2019-01-09 11:33:21 - [MESSAGE][PASSED] - Delayed 1 second(s)

2019-01-09 11:33:21 - [TEST_STEP][PASSED] - Statement - CaseReferenceNo = com.kms.katalon.core.webui.keyword.WebUiBuiltInKeywords.getText(com.kms.katalon.core.testobject.ObjectRepository.findTestObject(Final Object Repo/New Registration - Registration Module Pages/Form 2/RefNo Acquiring)): Text of object 'Object Repository/Final Object Repo/New Registration - Registration Module Pages/Form 2/RefNo Acquiring' is: 'CRN01201900123675'

2019-01-09 11:33:21 - [MESSAGE][PASSED] - Text of object 'Object Repository/Final Object Repo/New Registration - Registration Module Pages/Form 2/RefNo Acquiring' is: 'CRN01201900123675'

2019-01-09 11:33:21 - [TEST_STEP][PASSED] - delay: Delayed 1 second(s)

2019-01-09 11:33:22 - [MESSAGE][PASSED] - Delayed 1 second(s)

2019-01-09 11:33:22 - [TEST_STEP][PASSED] - click: Object: 'Object Repository/Final Object Repo/New Registration - Registration Module Pages/Form 2/Add Employee Button' is clicked on

2019-01-09 11:33:22 - [MESSAGE][PASSED] - Object: 'Object Repository/Final Object Repo/New Registration - Registration Module Pages/Form 2/Add Employee Button' is clicked on

2019-01-09 11:33:22 - [TEST_STEP][PASSED] - delay: Delayed 1 second(s)

2019-01-09 11:33:23 - [MESSAGE][PASSED] - Delayed 1 second(s)

2019-01-09 11:33:23 - [TEST_STEP][PASSED] - setText: Text '010903091963' is set on object 'Object Repository/Final Object Repo/New Registration - Registration Module Pages/Form 2/NRIC Input'

2019-01-09 11:33:24 - [MESSAGE][PASSED] - Text '010903091963' is set on object 'Object Repository/Final Object Repo/New Registration - Registration Module Pages/Form 2/NRIC Input'

2019-01-09 11:33:24 - [TEST_STEP][PASSED] - click: Object: 'Object Repository/Final Object Repo/New Registration - Registration Module Pages/Form 2/button for search for IC' is clicked on

2019-01-09 11:33:24 - [MESSAGE][PASSED] - Object: 'Object Repository/Final Object Repo/New Registration - Registration Module Pages/Form 2/button for search for IC' is clicked on

2019-01-09 11:33:24 - [TEST_STEP][PASSED] - delay: Delayed 2 second(s)

2019-01-09 11:33:26 - [MESSAGE][PASSED] - Delayed 2 second(s)

2019-01-09 11:33:26 - [TEST_STEP][PASSED] - setText: Text 'Automate001 eligible 1' is set on object 'Object Repository/Final Object Repo/New Registration - Registration Module Pages/Form 2/Employee Name Input'

2019-01-09 11:33:26 - [MESSAGE][PASSED] - Text 'Automate001 eligible 1' is set on object 'Object Repository/Final Object Repo/New Registration - Registration Module Pages/Form 2/Employee Name Input'

2019-01-09 11:33:26 - [TEST_STEP][PASSED] - delay: Delayed 2 second(s)

2019-01-09 11:33:28 - [MESSAGE][PASSED] - Delayed 2 second(s)

2019-01-09 11:33:28 - [TEST_STEP][PASSED] - click: Object: 'Object Repository/Final Object Repo/New Registration - Registration Module Pages/Form 2/DatePicker Pop Up' is clicked on

2019-01-09 11:33:29 - [MESSAGE][PASSED] - Object: 'Object Repository/Final Object Repo/New Registration - Registration Module Pages/Form 2/DatePicker Pop Up' is clicked on

2019-01-09 11:33:29 - [TEST_STEP][PASSED] - click: Object: 'Object Repository/Final Object Repo/New Registration - Registration Module Pages/Form 2/DOB Month' is clicked on

2019-01-09 11:33:29 - [MESSAGE][PASSED] - Object: 'Object Repository/Final Object Repo/New Registration - Registration Module Pages/Form 2/DOB Month' is clicked on

2019-01-09 11:33:29 - [TEST_STEP][PASSED] - Statement - CurrentMonth = CurrentMonth: null

2019-01-09 11:33:29 - [TEST_STEP][PASSED] - Statement - selectMonth = new com.kms.katalon.core.testobject.TestObject(): null

2019-01-09 11:33:29 - [TEST_STEP][PASSED] - Statement - selectMonth.addProperty("xpath", EQUALS, "//body/div/div/div/select/option[@value='" + CurrentMonth + "']", true): null

2019-01-09 11:33:29 - [TEST_STEP][PASSED] - click: Object: '' is clicked on

2019-01-09 11:33:29 - [MESSAGE][PASSED] - Object: '' is clicked on

2019-01-09 11:33:29 - [TEST_STEP][PASSED] - click: Object: 'Object Repository/Final Object Repo/New Registration - Registration Module Pages/Form 2/DOB Year' is clicked on

2019-01-09 11:33:29 - [MESSAGE][PASSED] - Object: 'Object Repository/Final Object Repo/New Registration - Registration Module Pages/Form 2/DOB Year' is clicked on

2019-01-09 11:33:29 - [TEST_STEP][PASSED] - Statement - Eyearsbf = EighteenYrsBefore: null

2019-01-09 11:33:29 - [TEST_STEP][PASSED] - Statement - selectYear = new com.kms.katalon.core.testobject.TestObject(): null

2019-01-09 11:33:29 - [TEST_STEP][PASSED] - Statement - selectYear.addProperty("xpath", EQUALS, "//div/div/div/select/option[@value='" + Eyearsbf + "']", true): null

2019-01-09 11:33:29 - [TEST_STEP][PASSED] - click: Object: '' is clicked on

2019-01-09 11:33:29 - [MESSAGE][PASSED] - Object: '' is clicked on

2019-01-09 11:33:29 - [TEST_STEP][PASSED] - Statement - UpdatedSelectDate = com.kms.katalon.core.webui.keyword.WebUiBuiltInKeywords.modifyObjectProperty(com.kms.katalon.core.testobject.ObjectRepository.findTestObject(Final Object Repo/New Registration - Registration Module Pages/Form 2/DOB Date), "xpath", "equals", "//body/div/table/tbody/tr/td/a[text()="" + CurrentDate + ""]", true): Modify property of object successfully

2019-01-09 11:33:29 - [MESSAGE][PASSED] - Modify property of object successfully

2019-01-09 11:33:29 - [TEST_STEP][PASSED] - delay: Delayed 3 second(s)

2019-01-09 11:33:32 - [MESSAGE][PASSED] - Delayed 3 second(s)

2019-01-09 11:33:32 - [TEST_STEP][PASSED] - click: Object: 'Object Repository/Final Object Repo/New Registration - Registration Module Pages/Form 2/DOB Date' is clicked on

2019-01-09 11:33:32 - [MESSAGE][PASSED] - Object: 'Object Repository/Final Object Repo/New Registration - Registration Module Pages/Form 2/DOB Date' is clicked on

2019-01-09 11:33:32 - [TEST_STEP][PASSED] - delay: Delayed 2 second(s)

2019-01-09 11:33:34 - [MESSAGE][PASSED] - Delayed 2 second(s)

2019-01-09 11:33:34 - [TEST_STEP][PASSED] - click: Object: 'Object Repository/Final Object Repo/New Registration - Registration Module Pages/Form 2/EmploymentStartDate Pop Up' is clicked on

2019-01-09 11:33:35 - [MESSAGE][PASSED] - Object: 'Object Repository/Final Object Repo/New Registration - Registration Module Pages/Form 2/EmploymentStartDate Pop Up' is clicked on

2019-01-09 11:33:35 - [TEST_STEP][PASSED] - delay: Delayed 2 second(s)

2019-01-09 11:33:37 - [MESSAGE][PASSED] - Delayed 2 second(s)

2019-01-09 11:33:37 - [TEST_STEP][PASSED] - click: Object: 'Object Repository/Final Object Repo/New Registration - Registration Module Pages/Form 2/Socso Employment StartDate Month' is clicked on

2019-01-09 11:33:37 - [MESSAGE][PASSED] - Object: 'Object Repository/Final Object Repo/New Registration - Registration Module Pages/Form 2/Socso Employment StartDate Month' is clicked on

2019-01-09 11:33:37 - [TEST_STEP][PASSED] - delay: Delayed 1 second(s)

2019-01-09 11:33:38 - [MESSAGE][PASSED] - Delayed 1 second(s)

2019-01-09 11:33:38 - [TEST_STEP][PASSED] - click: Object: 'Object Repository/Final Object Repo/New Registration - Registration Module Pages/Form 2/Select Socso Employement Startdate Month' is clicked on

2019-01-09 11:33:38 - [MESSAGE][PASSED] - Object: 'Object Repository/Final Object Repo/New Registration - Registration Module Pages/Form 2/Select Socso Employement Startdate Month' is clicked on

2019-01-09 11:33:38 - [TEST_STEP][PASSED] - delay: Delayed 2 second(s)

2019-01-09 11:33:40 - [MESSAGE][PASSED] - Delayed 2 second(s)

2019-01-09 11:33:40 - [TEST_STEP][PASSED] - click: Object: 'Object Repository/Final Object Repo/New Registration - Registration Module Pages/Form 2/Socso Employment StartDate Year' is clicked on

2019-01-09 11:33:40 - [MESSAGE][PASSED] - Object: 'Object Repository/Final Object Repo/New Registration - Registration Module Pages/Form 2/Socso Employment StartDate Year' is clicked on

2019-01-09 11:33:40 - [TEST_STEP][PASSED] - delay: Delayed 1 second(s)

2019-01-09 11:33:41 - [MESSAGE][PASSED] - Delayed 1 second(s)

2019-01-09 11:33:41 - [TEST_STEP][PASSED] - click: Object: 'Object Repository/Final Object Repo/New Registration - Registration Module Pages/Form 2/Select Socso Employment Startdate Year' is clicked on

2019-01-09 11:33:41 - [MESSAGE][PASSED] - Object: 'Object Repository/Final Object Repo/New Registration - Registration Module Pages/Form 2/Select Socso Employment Startdate Year' is clicked on

2019-01-09 11:33:41 - [TEST_STEP][PASSED] - delay: Delayed 2 second(s)

2019-01-09 11:33:43 - [MESSAGE][PASSED] - Delayed 2 second(s)

2019-01-09 11:33:43 - [TEST_STEP][PASSED] - click: Object: 'Object Repository/Final Object Repo/New Registration - Registration Module Pages/Form 2/Socso Employment Start Date Day' is clicked on

2019-01-09 11:33:44 - [MESSAGE][PASSED] - Object: 'Object Repository/Final Object Repo/New Registration - Registration Module Pages/Form 2/Socso Employment Start Date Day' is clicked on

2019-01-09 11:33:44 - [TEST_STEP][PASSED] - delay: Delayed 2 second(s)

2019-01-09 11:33:46 - [MESSAGE][PASSED] - Delayed 2 second(s)

2019-01-09 11:33:46 - [TEST_STEP][PASSED] - click: Object: 'Object Repository/Final Object Repo/New Registration - Registration Module Pages/Form 2/Save Button for Add Employee' is clicked on

2019-01-09 11:33:46 - [MESSAGE][PASSED] - Object: 'Object Repository/Final Object Repo/New Registration - Registration Module Pages/Form 2/Save Button for Add Employee' is clicked on

2019-01-09 11:33:46 - [TEST_STEP][PASSED] - delay: Delayed 6 second(s)

2019-01-09 11:33:52 - [MESSAGE][PASSED] - Delayed 6 second(s)

2019-01-09 11:33:52 - [TEST_STEP][PASSED] - click: Object: 'Object Repository/Final Object Repo/New Registration - Registration Module Pages/Form 2/Save and Continue Form 2' is clicked on

2019-01-09 11:33:52 - [MESSAGE][PASSED] - Object: 'Object Repository/Final Object Repo/New Registration - Registration Module Pages/Form 2/Save and Continue Form 2' is clicked on

2019-01-09 11:33:52 - [MESSAGE][PASSED] - Call Test Case 'Test Cases/Final Aug 2018 - PKS Automation/Registration Module/New Registration/Form 2/Add 1 Eligible' successfully

2019-01-09 11:33:52 - [TEST_STEP][PASSED] - callTestCase: Call Test Case 'Test Cases/Final Aug 2018 - PKS Automation/Registration Module/New Registration/Flow of New Registration/Third Screen - Upload Supporting Doc - Preview' successfully

2019-01-09 11:33:52 - [TEST_CASE][PASSED] - Test Cases/Final Aug 2018 - PKS Automation/Registration Module/New Registration/Flow of New Registration/Third Screen - Upload Supporting Doc - Preview: Test Cases/Final Aug 2018 - PKS Automation/Registration Module/New Registration/Flow of New Registration/Third Screen - Upload Supporting Doc - Preview

2019-01-09 11:33:52 - [TEST_STEP][PASSED] - waitForPageLoad: Wait for page load successfully

2019-01-09 11:33:54 - [MESSAGE][PASSED] - Wait for page load successfully

2019-01-09 11:33:54 - [TEST_STEP][PASSED] - Statement - CaseReferenceNo = com.kms.katalon.core.webui.keyword.WebUiBuiltInKeywords.getText(com.kms.katalon.core.testobject.ObjectRepository.findTestObject(Final Object Repo/New Registration - Registration Module Pages/Third Screen - Upload Supporting Doc- Preview/RefNo Acquiring)): Text of object 'Object Repository/Final Object Repo/New Registration - Registration Module Pages/Third Screen - Upload Supporting Doc- Preview/RefNo Acquiring' is: 'CRN01201900123675'

2019-01-09 11:33:54 - [MESSAGE][PASSED] - Text of object 'Object Repository/Final Object Repo/New Registration - Registration Module Pages/Third Screen - Upload Supporting Doc- Preview/RefNo Acquiring' is: 'CRN01201900123675'

2019-01-09 11:33:54 - [TEST_STEP][PASSED] - delay: Delayed 2 second(s)

2019-01-09 11:33:56 - [MESSAGE][PASSED] - Delayed 2 second(s)

2019-01-09 11:33:56 - [TEST_STEP][PASSED] - callTestCase: Call Test Case 'Test Cases/Final Aug 2018 - PKS Automation/Common/Reference Number Setter' successfully

2019-01-09 11:33:56 - [TEST_CASE][PASSED] - Test Cases/Final Aug 2018 - PKS Automation/Common/Reference Number Setter: Test Cases/Final Aug 2018 - PKS Automation/Common/Reference Number Setter

2019-01-09 11:33:56 - [TEST_STEP][PASSED] - Statement - RefNoOldFile = new java.io.File(C://Users//Admin//Desktop//PKS//Automation Reference Point//KatalonReference.txt): null

2019-01-09 11:33:56 - [TEST_STEP][PASSED] - Statement - RefNoOldFile.delete(): null

2019-01-09 11:33:56 - [TEST_STEP][PASSED] - delay: Delayed 5 second(s)

2019-01-09 11:34:01 - [MESSAGE][PASSED] - Delayed 5 second(s)

2019-01-09 11:34:01 - [TEST_STEP][PASSED] - Statement - RefNo = new java.io.File(C://Users//Admin//Desktop//PKS//Automation Reference Point//KatalonReference.txt): null

2019-01-09 11:34:01 - [TEST_STEP][PASSED] - Statement - f2 = new java.io.FileWriter(RefNo, false): null

2019-01-09 11:34:01 - [TEST_STEP][PASSED] - Statement - f2.write(CaseReferenceNo): null

2019-01-09 11:34:01 - [TEST_STEP][PASSED] - Statement - f2.close(): null

2019-01-09 11:34:01 - [TEST_STEP][PASSED] - Statement - out.println("


" + CaseReferenceNo + "


"): null

2019-01-09 11:34:01 - [MESSAGE][PASSED] - Call Test Case 'Test Cases/Final Aug 2018 - PKS Automation/Common/Reference Number Setter' successfully

2019-01-09 11:34:01 - [TEST_STEP][PASSED] - waitForElementClickable: Object 'Object Repository/Final Object Repo/New Registration - Registration Module Pages/Third Screen - Upload Supporting Doc- Preview/Save n Continue in SIP Employee Listing Page' is clickable

2019-01-09 11:34:01 - [MESSAGE][PASSED] - Object 'Object Repository/Final Object Repo/New Registration - Registration Module Pages/Third Screen - Upload Supporting Doc- Preview/Save n Continue in SIP Employee Listing Page' is clickable

2019-01-09 11:34:01 - [TEST_STEP][PASSED] - click: Object: 'Object Repository/Final Object Repo/New Registration - Registration Module Pages/Third Screen - Upload Supporting Doc- Preview/Save n Continue in SIP Employee Listing Page' is clicked on

2019-01-09 11:34:06 - [MESSAGE][PASSED] - Object: 'Object Repository/Final Object Repo/New Registration - Registration Module Pages/Third Screen - Upload Supporting Doc- Preview/Save n Continue in SIP Employee Listing Page' is clicked on

2019-01-09 11:34:06 - [TEST_STEP][PASSED] - delay: Delayed 7 second(s)

2019-01-09 11:34:13 - [MESSAGE][PASSED] - Delayed 7 second(s)

2019-01-09 11:34:13 - [TEST_STEP][PASSED] - click: Object: 'Object Repository/Final Object Repo/New Registration - Registration Module Pages/Third Screen - Upload Supporting Doc- Preview/Add Document Button' is clicked on

2019-01-09 11:34:13 - [MESSAGE][PASSED] - Object: 'Object Repository/Final Object Repo/New Registration - Registration Module Pages/Third Screen - Upload Supporting Doc- Preview/Add Document Button' is clicked on

2019-01-09 11:34:13 - [TEST_STEP][PASSED] - delay: Delayed 30 second(s)

2019-01-09 11:34:43 - [MESSAGE][PASSED] - Delayed 30 second(s)

2019-01-09 11:34:43 - [TEST_STEP][PASSED] - click: Object: 'Object Repository/Final Object Repo/New Registration - Registration Module Pages/Third Screen - Upload Supporting Doc- Preview/Supporting Doc Please Select Drop Down' is clicked on

2019-01-09 11:34:43 - [MESSAGE][PASSED] - Object: 'Object Repository/Final Object Repo/New Registration - Registration Module Pages/Third Screen - Upload Supporting Doc- Preview/Supporting Doc Please Select Drop Down' is clicked on

2019-01-09 11:34:43 - [TEST_STEP][PASSED] - delay: Delayed 2 second(s)

2019-01-09 11:34:45 - [MESSAGE][PASSED] - Delayed 2 second(s)

2019-01-09 11:34:45 - [TEST_STEP][PASSED] - click: Object: 'Object Repository/Final Object Repo/New Registration - Registration Module Pages/Third Screen - Upload Supporting Doc- Preview/Select to Upload Form 1' is clicked on

2019-01-09 11:34:46 - [MESSAGE][PASSED] - Object: 'Object Repository/Final Object Repo/New Registration - Registration Module Pages/Third Screen - Upload Supporting Doc- Preview/Select to Upload Form 1' is clicked on

2019-01-09 11:34:46 - [TEST_STEP][PASSED] - delay: Delayed 2 second(s)

2019-01-09 11:34:48 - [MESSAGE][PASSED] - Delayed 2 second(s)

2019-01-09 11:34:48 - [TEST_STEP][PASSED] - uploadFile: File 'C:\Users\Public\Pictures\Sample Pictures\Koala.jpg' sent to object: 'Object Repository/Final Object Repo/New Registration - Registration Module Pages/Third Screen - Upload Supporting Doc- Preview/Upload File Adding'

2019-01-09 11:34:48 - [MESSAGE][PASSED] - File 'C:\Users\Public\Pictures\Sample Pictures\Koala.jpg' sent to object: 'Object Repository/Final Object Repo/New Registration - Registration Module Pages/Third Screen - Upload Supporting Doc- Preview/Upload File Adding'

2019-01-09 11:34:48 - [TEST_STEP][PASSED] - delay: Delayed 5 second(s)

2019-01-09 11:34:53 - [MESSAGE][PASSED] - Delayed 5 second(s)

2019-01-09 11:34:53 - [TEST_STEP][PASSED] - click: Object: 'Object Repository/Final Object Repo/New Registration - Registration Module Pages/Third Screen - Upload Supporting Doc- Preview/Inner Form Add Document Button' is clicked on

2019-01-09 11:34:53 - [MESSAGE][PASSED] - Object: 'Object Repository/Final Object Repo/New Registration - Registration Module Pages/Third Screen - Upload Supporting Doc- Preview/Inner Form Add Document Button' is clicked on

2019-01-09 11:34:53 - [TEST_STEP][PASSED] - delay: Delayed 3 second(s)

2019-01-09 11:34:56 - [MESSAGE][PASSED] - Delayed 3 second(s)

2019-01-09 11:34:56 - [TEST_STEP][PASSED] - click: Object: 'Object Repository/Final Object Repo/New Registration - Registration Module Pages/Third Screen - Upload Supporting Doc- Preview/Add Document Button' is clicked on

2019-01-09 11:34:57 - [MESSAGE][PASSED] - Object: 'Object Repository/Final Object Repo/New Registration - Registration Module Pages/Third Screen - Upload Supporting Doc- Preview/Add Document Button' is clicked on

2019-01-09 11:34:57 - [TEST_STEP][PASSED] - delay: Delayed 30 second(s)

2019-01-09 11:35:27 - [MESSAGE][PASSED] - Delayed 30 second(s)

2019-01-09 11:35:27 - [TEST_STEP][PASSED] - click: Object: 'Object Repository/Final Object Repo/New Registration - Registration Module Pages/Third Screen - Upload Supporting Doc- Preview/Supporting Doc Please Select Drop Down' is clicked on

2019-01-09 11:35:28 - [MESSAGE][PASSED] - Object: 'Object Repository/Final Object Repo/New Registration - Registration Module Pages/Third Screen - Upload Supporting Doc- Preview/Supporting Doc Please Select Drop Down' is clicked on

2019-01-09 11:35:28 - [TEST_STEP][PASSED] - delay: Delayed 4 second(s)

2019-01-09 11:35:32 - [MESSAGE][PASSED] - Delayed 4 second(s)

2019-01-09 11:35:32 - [TEST_STEP][PASSED] - click: Object: 'Object Repository/Final Object Repo/New Registration - Registration Module Pages/Third Screen - Upload Supporting Doc- Preview/Select to Upload Form 2' is clicked on

2019-01-09 11:35:32 - [MESSAGE][PASSED] - Object: 'Object Repository/Final Object Repo/New Registration - Registration Module Pages/Third Screen - Upload Supporting Doc- Preview/Select to Upload Form 2' is clicked on

2019-01-09 11:35:32 - [TEST_STEP][PASSED] - delay: Delayed 2 second(s)

2019-01-09 11:35:34 - [MESSAGE][PASSED] - Delayed 2 second(s)

2019-01-09 11:35:34 - [TEST_STEP][PASSED] - uploadFile: File 'C:\Users\Public\Pictures\Sample Pictures\Koala.jpg' sent to object: 'Object Repository/Final Object Repo/New Registration - Registration Module Pages/Third Screen - Upload Supporting Doc- Preview/Upload File Adding'

2019-01-09 11:35:34 - [MESSAGE][PASSED] - File 'C:\Users\Public\Pictures\Sample Pictures\Koala.jpg' sent to object: 'Object Repository/Final Object Repo/New Registration - Registration Module Pages/Third Screen - Upload Supporting Doc- Preview/Upload File Adding'

2019-01-09 11:35:34 - [TEST_STEP][PASSED] - click: Object: 'Object Repository/Final Object Repo/New Registration - Registration Module Pages/Third Screen - Upload Supporting Doc- Preview/Inner Form Add Document Button' is clicked on

2019-01-09 11:35:34 - [MESSAGE][PASSED] - Object: 'Object Repository/Final Object Repo/New Registration - Registration Module Pages/Third Screen - Upload Supporting Doc- Preview/Inner Form Add Document Button' is clicked on

2019-01-09 11:35:34 - [TEST_STEP][PASSED] - delay: Delayed 5 second(s)

2019-01-09 11:35:39 - [MESSAGE][PASSED] - Delayed 5 second(s)

2019-01-09 11:35:39 - [TEST_STEP][PASSED] - click: Object: 'Object Repository/Final Object Repo/New Registration - Registration Module Pages/Third Screen - Upload Supporting Doc- Preview/Add Document Button' is clicked on

2019-01-09 11:35:39 - [MESSAGE][PASSED] - Object: 'Object Repository/Final Object Repo/New Registration - Registration Module Pages/Third Screen - Upload Supporting Doc- Preview/Add Document Button' is clicked on

2019-01-09 11:35:39 - [TEST_STEP][PASSED] - delay: Delayed 30 second(s)

2019-01-09 11:36:09 - [MESSAGE][PASSED] - Delayed 30 second(s)

2019-01-09 11:36:09 - [TEST_STEP][PASSED] - click: Object: 'Object Repository/Final Object Repo/New Registration - Registration Module Pages/Third Screen - Upload Supporting Doc- Preview/Supporting Doc Please Select Drop Down' is clicked on

2019-01-09 11:36:09 - [MESSAGE][PASSED] - Object: 'Object Repository/Final Object Repo/New Registration - Registration Module Pages/Third Screen - Upload Supporting Doc- Preview/Supporting Doc Please Select Drop Down' is clicked on

2019-01-09 11:36:09 - [TEST_STEP][PASSED] - click: Object: 'Object Repository/Final Object Repo/New Registration - Registration Module Pages/Third Screen - Upload Supporting Doc- Preview/Select to Upload Borang SIP 1' is clicked on

2019-01-09 11:36:10 - [MESSAGE][PASSED] - Object: 'Object Repository/Final Object Repo/New Registration - Registration Module Pages/Third Screen - Upload Supporting Doc- Preview/Select to Upload Borang SIP 1' is clicked on

2019-01-09 11:36:10 - [TEST_STEP][PASSED] - delay: Delayed 2 second(s)

2019-01-09 11:36:12 - [MESSAGE][PASSED] - Delayed 2 second(s)

2019-01-09 11:36:12 - [TEST_STEP][PASSED] - uploadFile: File 'C:\Users\Public\Pictures\Sample Pictures\Koala.jpg' sent to object: 'Object Repository/Final Object Repo/New Registration - Registration Module Pages/Third Screen - Upload Supporting Doc- Preview/Upload File Adding'

2019-01-09 11:36:12 - [MESSAGE][PASSED] - File 'C:\Users\Public\Pictures\Sample Pictures\Koala.jpg' sent to object: 'Object Repository/Final Object Repo/New Registration - Registration Module Pages/Third Screen - Upload Supporting Doc- Preview/Upload File Adding'

2019-01-09 11:36:12 - [TEST_STEP][PASSED] - click: Object: 'Object Repository/Final Object Repo/New Registration - Registration Module Pages/Third Screen - Upload Supporting Doc- Preview/Inner Form Add Document Button' is clicked on

2019-01-09 11:36:12 - [MESSAGE][PASSED] - Object: 'Object Repository/Final Object Repo/New Registration - Registration Module Pages/Third Screen - Upload Supporting Doc- Preview/Inner Form Add Document Button' is clicked on

2019-01-09 11:36:12 - [TEST_STEP][PASSED] - delay: Delayed 5 second(s)

2019-01-09 11:36:17 - [MESSAGE][PASSED] - Delayed 5 second(s)

2019-01-09 11:36:17 - [TEST_STEP][PASSED] - click: Object: 'Object Repository/Final Object Repo/New Registration - Registration Module Pages/Third Screen - Upload Supporting Doc- Preview/Add Document Button' is clicked on

2019-01-09 11:36:17 - [MESSAGE][PASSED] - Object: 'Object Repository/Final Object Repo/New Registration - Registration Module Pages/Third Screen - Upload Supporting Doc- Preview/Add Document Button' is clicked on

2019-01-09 11:36:17 - [TEST_STEP][PASSED] - delay: Delayed 30 second(s)

2019-01-09 11:36:47 - [MESSAGE][PASSED] - Delayed 30 second(s)

2019-01-09 11:36:47 - [TEST_STEP][PASSED] - click: Object: 'Object Repository/Final Object Repo/New Registration - Registration Module Pages/Third Screen - Upload Supporting Doc- Preview/Supporting Doc Please Select Drop Down' is clicked on

2019-01-09 11:36:47 - [MESSAGE][PASSED] - Object: 'Object Repository/Final Object Repo/New Registration - Registration Module Pages/Third Screen - Upload Supporting Doc- Preview/Supporting Doc Please Select Drop Down' is clicked on

2019-01-09 11:36:47 - [TEST_STEP][PASSED] - delay: Delayed 3 second(s)

2019-01-09 11:36:50 - [MESSAGE][PASSED] - Delayed 3 second(s)

2019-01-09 11:36:50 - [TEST_STEP][PASSED] - click: Object: 'Object Repository/Final Object Repo/New Registration - Registration Module Pages/Third Screen - Upload Supporting Doc- Preview/Select to Upload Borang SIP 2' is clicked on

2019-01-09 11:36:51 - [MESSAGE][PASSED] - Object: 'Object Repository/Final Object Repo/New Registration - Registration Module Pages/Third Screen - Upload Supporting Doc- Preview/Select to Upload Borang SIP 2' is clicked on

2019-01-09 11:36:51 - [TEST_STEP][PASSED] - delay: Delayed 2 second(s)

2019-01-09 11:36:53 - [MESSAGE][PASSED] - Delayed 2 second(s)

2019-01-09 11:36:53 - [TEST_STEP][PASSED] - uploadFile: File 'C:\Users\Public\Pictures\Sample Pictures\Koala.jpg' sent to object: 'Object Repository/Final Object Repo/New Registration - Registration Module Pages/Third Screen - Upload Supporting Doc- Preview/Upload File Adding'

2019-01-09 11:36:53 - [MESSAGE][PASSED] - File 'C:\Users\Public\Pictures\Sample Pictures\Koala.jpg' sent to object: 'Object Repository/Final Object Repo/New Registration - Registration Module Pages/Third Screen - Upload Supporting Doc- Preview/Upload File Adding'

2019-01-09 11:36:53 - [TEST_STEP][PASSED] - delay: Delayed 5 second(s)

2019-01-09 11:36:58 - [MESSAGE][PASSED] - Delayed 5 second(s)

2019-01-09 11:36:58 - [TEST_STEP][PASSED] - click: Object: 'Object Repository/Final Object Repo/New Registration - Registration Module Pages/Third Screen - Upload Supporting Doc- Preview/Inner Form Add Document Button' is clicked on

2019-01-09 11:36:58 - [MESSAGE][PASSED] - Object: 'Object Repository/Final Object Repo/New Registration - Registration Module Pages/Third Screen - Upload Supporting Doc- Preview/Inner Form Add Document Button' is clicked on

2019-01-09 11:36:58 - [TEST_STEP][PASSED] - delay: Delayed 3 second(s)

2019-01-09 11:37:01 - [MESSAGE][PASSED] - Delayed 3 second(s)

2019-01-09 11:37:01 - [TEST_STEP][PASSED] - waitForElementClickable: Object 'Object Repository/Final Object Repo/New Registration - Registration Module Pages/Third Screen - Upload Supporting Doc- Preview/Save n Continue in Uploading Supporting Doc Page' is clickable

2019-01-09 11:37:02 - [MESSAGE][PASSED] - Object 'Object Repository/Final Object Repo/New Registration - Registration Module Pages/Third Screen - Upload Supporting Doc- Preview/Save n Continue in Uploading Supporting Doc Page' is clickable

2019-01-09 11:37:02 - [TEST_STEP][PASSED] - click: Object: 'Object Repository/Final Object Repo/New Registration - Registration Module Pages/Third Screen - Upload Supporting Doc- Preview/Save n Continue in Uploading Supporting Doc Page' is clicked on

2019-01-09 11:37:02 - [MESSAGE][PASSED] - Object: 'Object Repository/Final Object Repo/New Registration - Registration Module Pages/Third Screen - Upload Supporting Doc- Preview/Save n Continue in Uploading Supporting Doc Page' is clicked on

2019-01-09 11:37:02 - [MESSAGE][PASSED] - Call Test Case 'Test Cases/Final Aug 2018 - PKS Automation/Registration Module/New Registration/Flow of New Registration/Third Screen - Upload Supporting Doc - Preview' successfully

2019-01-09 11:37:02 - [TEST_STEP][PASSED] - callTestCase: Call Test Case 'Test Cases/Final Aug 2018 - PKS Automation/Registration Module/New Registration/Submit and Screenshot/Submit Registration and Screenshot' successfully

2019-01-09 11:37:02 - [TEST_CASE][PASSED] - Test Cases/Final Aug 2018 - PKS Automation/Registration Module/New Registration/Submit and Screenshot/Submit Registration and Screenshot: Test Cases/Final Aug 2018 - PKS Automation/Registration Module/New Registration/Submit and Screenshot/Submit Registration and Screenshot

2019-01-09 11:37:02 - [TEST_STEP][PASSED] - delay: Delayed 6 second(s)

2019-01-09 11:37:08 - [MESSAGE][PASSED] - Delayed 6 second(s)

2019-01-09 11:37:08 - [TEST_STEP][PASSED] - click: Object: 'Object Repository/Final Object Repo/New Registration - Registration Module Pages/Third Screen - Upload Supporting Doc- Preview/Preview Submit Button' is clicked on

2019-01-09 11:37:09 - [MESSAGE][PASSED] - Object: 'Object Repository/Final Object Repo/New Registration - Registration Module Pages/Third Screen - Upload Supporting Doc- Preview/Preview Submit Button' is clicked on

2019-01-09 11:37:09 - [TEST_STEP][PASSED] - delay: Delayed 2 second(s)

2019-01-09 11:37:11 - [MESSAGE][PASSED] - Delayed 2 second(s)

2019-01-09 11:37:11 - [TEST_STEP][PASSED] - click: Object: 'Object Repository/Final Object Repo/New Registration - Registration Module Pages/Third Screen - Upload Supporting Doc- Preview/Preview Submit - Confirm' is clicked on

2019-01-09 11:37:11 - [MESSAGE][PASSED] - Object: 'Object Repository/Final Object Repo/New Registration - Registration Module Pages/Third Screen - Upload Supporting Doc- Preview/Preview Submit - Confirm' is clicked on

2019-01-09 11:37:11 - [TEST_STEP][PASSED] - delay: Delayed 15 second(s)

2019-01-09 11:37:26 - [MESSAGE][PASSED] - Delayed 15 second(s)

2019-01-09 11:37:26 - [TEST_STEP][PASSED] - Statement - driver = com.kms.katalon.core.webui.driver.DriverFactory.getWebDriver(): null

2019-01-09 11:37:26 - [TEST_STEP][PASSED] - Statement - driver.manage().timeouts().implicitlyWait(10, SECONDS): null

2019-01-09 11:37:26 - [TEST_STEP][PASSED] - Statement - PresavePath = KatalonScreenshots: null

2019-01-09 11:37:26 - [TEST_STEP][PASSED] - Statement - pathPrefix = "C:\Users\Public\Pictures\Sample Pictures\Katalon Screenshots\Automate Ending Screen": null

2019-01-09 11:37:26 - [TEST_STEP][PASSED] - Statement - finalPath = <not implemented yet for class: org.codehaus.groovy.ast.expr.EmptyExpression>: null

2019-01-09 11:37:26 - [TEST_STEP][PASSED] - Statement - scrFile = driver.getScreenshotAs(FILE): null

2019-01-09 11:37:26 - [TEST_STEP][PASSED] - Statement - PreSaveFile = new java.io.File(PresavePath): null

2019-01-09 11:37:26 - [TEST_STEP][PASSED] - Statement - counter = 0: null

2019-01-09 11:37:26 - [TEST_STEP][PASSED] - Statement - If (PreSaveFile.exists()): null

2019-01-09 11:37:26 - [TEST_STEP][PASSED] - Statement - While (PreSaveFile.exists()): null

2019-01-09 11:37:26 - [TEST_STEP][PASSED] - Statement - counter = counter + 1: null

2019-01-09 11:37:26 - [TEST_STEP][PASSED] - Statement - PreSaveFile = new java.io.File(((pathPrefix + java.lang.Integer.toString(counter)) + .png)): null

2019-01-09 11:37:26 - [TEST_STEP][PASSED] - Statement - counter = counter + 1: null

2019-01-09 11:37:26 - [TEST_STEP][PASSED] - Statement - PreSaveFile = new java.io.File(((pathPrefix + java.lang.Integer.toString(counter)) + .png)): null

2019-01-09 11:37:26 - [TEST_STEP][PASSED] - Statement - counter = counter + 1: null

2019-01-09 11:37:26 - [TEST_STEP][PASSED] - Statement - PreSaveFile = new java.io.File(((pathPrefix + java.lang.Integer.toString(counter)) + .png)): null

2019-01-09 11:37:26 - [TEST_STEP][PASSED] - Statement - counter = counter + 1: null

2019-01-09 11:37:26 - [TEST_STEP][PASSED] - Statement - PreSaveFile = new java.io.File(((pathPrefix + java.lang.Integer.toString(counter)) + .png)): null

2019-01-09 11:37:26 - [TEST_STEP][PASSED] - Statement - counter = counter + 1: null

2019-01-09 11:37:26 - [TEST_STEP][PASSED] - Statement - PreSaveFile = new java.io.File(((pathPrefix + java.lang.Integer.toString(counter)) + .png)): null

2019-01-09 11:37:26 - [TEST_STEP][PASSED] - Statement - counter = counter + 1: null

2019-01-09 11:37:26 - [TEST_STEP][PASSED] - Statement - PreSaveFile = new java.io.File(((pathPrefix + java.lang.Integer.toString(counter)) + .png)): null

2019-01-09 11:37:26 - [TEST_STEP][PASSED] - Statement - counter = counter + 1: null

2019-01-09 11:37:26 - [TEST_STEP][PASSED] - Statement - PreSaveFile = new java.io.File(((pathPrefix + java.lang.Integer.toString(counter)) + .png)): null

2019-01-09 11:37:26 - [TEST_STEP][PASSED] - Statement - counter = counter + 1: null

2019-01-09 11:37:26 - [TEST_STEP][PASSED] - Statement - PreSaveFile = new java.io.File(((pathPrefix + java.lang.Integer.toString(counter)) + .png)): null

2019-01-09 11:37:26 - [TEST_STEP][PASSED] - Statement - counter = counter + 1: null

2019-01-09 11:37:26 - [TEST_STEP][PASSED] - Statement - PreSaveFile = new java.io.File(((pathPrefix + java.lang.Integer.toString(counter)) + .png)): null

2019-01-09 11:37:26 - [TEST_STEP][PASSED] - Statement - counter = counter + 1: null

2019-01-09 11:37:26 - [TEST_STEP][PASSED] - Statement - PreSaveFile = new java.io.File(((pathPrefix + java.lang.Integer.toString(counter)) + .png)): null

2019-01-09 11:37:26 - [TEST_STEP][PASSED] - Statement - counter = counter + 1: null

2019-01-09 11:37:26 - [TEST_STEP][PASSED] - Statement - PreSaveFile = new java.io.File(((pathPrefix + java.lang.Integer.toString(counter)) + .png)): null

2019-01-09 11:37:26 - [TEST_STEP][PASSED] - Statement - counter = counter + 1: null

2019-01-09 11:37:26 - [TEST_STEP][PASSED] - Statement - PreSaveFile = new java.io.File(((pathPrefix + java.lang.Integer.toString(counter)) + .png)): null

2019-01-09 11:37:26 - [TEST_STEP][PASSED] - Statement - counter = counter + 1: null

2019-01-09 11:37:26 - [TEST_STEP][PASSED] - Statement - PreSaveFile = new java.io.File(((pathPrefix + java.lang.Integer.toString(counter)) + .png)): null

2019-01-09 11:37:26 - [TEST_STEP][PASSED] - Statement - counter = counter + 1: null

2019-01-09 11:37:26 - [TEST_STEP][PASSED] - Statement - PreSaveFile = new java.io.File(((pathPrefix + java.lang.Integer.toString(counter)) + .png)): null

2019-01-09 11:37:26 - [TEST_STEP][PASSED] - Statement - counter = counter + 1: null

2019-01-09 11:37:26 - [TEST_STEP][PASSED] - Statement - PreSaveFile = new java.io.File(((pathPrefix + java.lang.Integer.toString(counter)) + .png)): null

2019-01-09 11:37:26 - [TEST_STEP][PASSED] - Statement - counter = counter + 1: null

2019-01-09 11:37:26 - [TEST_STEP][PASSED] - Statement - PreSaveFile = new java.io.File(((pathPrefix + java.lang.Integer.toString(counter)) + .png)): null

2019-01-09 11:37:26 - [TEST_STEP][PASSED] - Statement - counter = counter + 1: null

2019-01-09 11:37:26 - [TEST_STEP][PASSED] - Statement - PreSaveFile = new java.io.File(((pathPrefix + java.lang.Integer.toString(counter)) + .png)): null

2019-01-09 11:37:26 - [TEST_STEP][PASSED] - Statement - counter = counter + 1: null

2019-01-09 11:37:26 - [TEST_STEP][PASSED] - Statement - PreSaveFile = new java.io.File(((pathPrefix + java.lang.Integer.toString(counter)) + .png)): null

2019-01-09 11:37:27 - [TEST_STEP][PASSED] - Statement - counter = counter + 1: null

2019-01-09 11:37:27 - [TEST_STEP][PASSED] - Statement - PreSaveFile = new java.io.File(((pathPrefix + java.lang.Integer.toString(counter)) + .png)): null

2019-01-09 11:37:27 - [TEST_STEP][PASSED] - Statement - counter = counter + 1: null

2019-01-09 11:37:27 - [TEST_STEP][PASSED] - Statement - PreSaveFile = new java.io.File(((pathPrefix + java.lang.Integer.toString(counter)) + .png)): null

2019-01-09 11:37:27 - [TEST_STEP][PASSED] - Statement - counter = counter + 1: null

2019-01-09 11:37:27 - [TEST_STEP][PASSED] - Statement - PreSaveFile = new java.io.File(((pathPrefix + java.lang.Integer.toString(counter)) + .png)): null

2019-01-09 11:37:27 - [TEST_STEP][PASSED] - Statement - counter = counter + 1: null

2019-01-09 11:37:27 - [TEST_STEP][PASSED] - Statement - PreSaveFile = new java.io.File(((pathPrefix + java.lang.Integer.toString(counter)) + .png)): null

2019-01-09 11:37:27 - [TEST_STEP][PASSED] - Statement - counter = counter + 1: null

2019-01-09 11:37:27 - [TEST_STEP][PASSED] - Statement - PreSaveFile = new java.io.File(((pathPrefix + java.lang.Integer.toString(counter)) + .png)): null

2019-01-09 11:37:27 - [TEST_STEP][PASSED] - Statement - counter = counter + 1: null

2019-01-09 11:37:27 - [TEST_STEP][PASSED] - Statement - PreSaveFile = new java.io.File(((pathPrefix + java.lang.Integer.toString(counter)) + .png)): null

2019-01-09 11:37:27 - [TEST_STEP][PASSED] - Statement - counter = counter + 1: null

2019-01-09 11:37:27 - [TEST_STEP][PASSED] - Statement - PreSaveFile = new java.io.File(((pathPrefix + java.lang.Integer.toString(counter)) + .png)): null

2019-01-09 11:37:27 - [TEST_STEP][PASSED] - Statement - counter = counter + 1: null

2019-01-09 11:37:27 - [TEST_STEP][PASSED] - Statement - PreSaveFile = new java.io.File(((pathPrefix + java.lang.Integer.toString(counter)) + .png)): null

2019-01-09 11:37:27 - [TEST_STEP][PASSED] - Statement - counter = counter + 1: null

2019-01-09 11:37:27 - [TEST_STEP][PASSED] - Statement - PreSaveFile = new java.io.File(((pathPrefix + java.lang.Integer.toString(counter)) + .png)): null

2019-01-09 11:37:27 - [TEST_STEP][PASSED] - Statement - counter = counter + 1: null

2019-01-09 11:37:27 - [TEST_STEP][PASSED] - Statement - PreSaveFile = new java.io.File(((pathPrefix + java.lang.Integer.toString(counter)) + .png)): null

2019-01-09 11:37:27 - [TEST_STEP][PASSED] - Statement - counter = counter + 1: null

2019-01-09 11:37:27 - [TEST_STEP][PASSED] - Statement - PreSaveFile = new java.io.File(((pathPrefix + java.lang.Integer.toString(counter)) + .png)): null

2019-01-09 11:37:27 - [TEST_STEP][PASSED] - Statement - counter = counter + 1: null

2019-01-09 11:37:27 - [TEST_STEP][PASSED] - Statement - PreSaveFile = new java.io.File(((pathPrefix + java.lang.Integer.toString(counter)) + .png)): null

2019-01-09 11:37:27 - [TEST_STEP][PASSED] - Statement - counter = counter + 1: null

2019-01-09 11:37:27 - [TEST_STEP][PASSED] - Statement - PreSaveFile = new java.io.File(((pathPrefix + java.lang.Integer.toString(counter)) + .png)): null

2019-01-09 11:37:27 - [TEST_STEP][PASSED] - Statement - counter = counter + 1: null

2019-01-09 11:37:27 - [TEST_STEP][PASSED] - Statement - PreSaveFile = new java.io.File(((pathPrefix + java.lang.Integer.toString(counter)) + .png)): null

2019-01-09 11:37:27 - [TEST_STEP][PASSED] - Statement - counter = counter + 1: null

2019-01-09 11:37:27 - [TEST_STEP][PASSED] - Statement - PreSaveFile = new java.io.File(((pathPrefix + java.lang.Integer.toString(counter)) + .png)): null

2019-01-09 11:37:27 - [TEST_STEP][PASSED] - Statement - counter = counter + 1: null

2019-01-09 11:37:28 - [TEST_STEP][PASSED] - Statement - PreSaveFile = new java.io.File(((pathPrefix + java.lang.Integer.toString(counter)) + .png)): null

2019-01-09 11:37:28 - [TEST_STEP][PASSED] - Statement - counter = counter + 1: null

2019-01-09 11:37:28 - [TEST_STEP][PASSED] - Statement - PreSaveFile = new java.io.File(((pathPrefix + java.lang.Integer.toString(counter)) + .png)): null

2019-01-09 11:37:28 - [TEST_STEP][PASSED] - Statement - counter = counter + 1: null

2019-01-09 11:37:28 - [TEST_STEP][PASSED] - Statement - PreSaveFile = new java.io.File(((pathPrefix + java.lang.Integer.toString(counter)) + .png)): null

2019-01-09 11:37:28 - [TEST_STEP][PASSED] - Statement - counter = counter + 1: null

2019-01-09 11:37:28 - [TEST_STEP][PASSED] - Statement - PreSaveFile = new java.io.File(((pathPrefix + java.lang.Integer.toString(counter)) + .png)): null

2019-01-09 11:37:28 - [TEST_STEP][PASSED] - Statement - counter = counter + 1: null

2019-01-09 11:37:28 - [TEST_STEP][PASSED] - Statement - PreSaveFile = new java.io.File(((pathPrefix + java.lang.Integer.toString(counter)) + .png)): null

2019-01-09 11:37:28 - [TEST_STEP][PASSED] - Statement - counter = counter + 1: null

2019-01-09 11:37:28 - [TEST_STEP][PASSED] - Statement - PreSaveFile = new java.io.File(((pathPrefix + java.lang.Integer.toString(counter)) + .png)): null

2019-01-09 11:37:28 - [TEST_STEP][PASSED] - Statement - counter = counter + 1: null

2019-01-09 11:37:28 - [TEST_STEP][PASSED] - Statement - PreSaveFile = new java.io.File(((pathPrefix + java.lang.Integer.toString(counter)) + .png)): null

2019-01-09 11:37:28 - [TEST_STEP][PASSED] - Statement - counter = counter + 1: null

2019-01-09 11:37:28 - [TEST_STEP][PASSED] - Statement - PreSaveFile = new java.io.File(((pathPrefix + java.lang.Integer.toString(counter)) + .png)): null

2019-01-09 11:37:28 - [TEST_STEP][PASSED] - Statement - counter = counter + 1: null

2019-01-09 11:37:28 - [TEST_STEP][PASSED] - Statement - PreSaveFile = new java.io.File(((pathPrefix + java.lang.Integer.toString(counter)) + .png)): null

2019-01-09 11:37:28 - [TEST_STEP][PASSED] - Statement - counter = counter + 1: null

2019-01-09 11:37:28 - [TEST_STEP][PASSED] - Statement - PreSaveFile = new java.io.File(((pathPrefix + java.lang.Integer.toString(counter)) + .png)): null

2019-01-09 11:37:28 - [TEST_STEP][PASSED] - Statement - counter = counter + 1: null

2019-01-09 11:37:28 - [TEST_STEP][PASSED] - Statement - PreSaveFile = new java.io.File(((pathPrefix + java.lang.Integer.toString(counter)) + .png)): null

2019-01-09 11:37:28 - [TEST_STEP][PASSED] - Statement - counter = counter + 1: null

2019-01-09 11:37:28 - [TEST_STEP][PASSED] - Statement - PreSaveFile = new java.io.File(((pathPrefix + java.lang.Integer.toString(counter)) + .png)): null

2019-01-09 11:37:28 - [TEST_STEP][PASSED] - Statement - counter = counter + 1: null

2019-01-09 11:37:28 - [TEST_STEP][PASSED] - Statement - PreSaveFile = new java.io.File(((pathPrefix + java.lang.Integer.toString(counter)) + .png)): null

2019-01-09 11:37:28 - [TEST_STEP][PASSED] - Statement - counter = counter + 1: null

2019-01-09 11:37:28 - [TEST_STEP][PASSED] - Statement - PreSaveFile = new java.io.File(((pathPrefix + java.lang.Integer.toString(counter)) + .png)): null

2019-01-09 11:37:28 - [TEST_STEP][PASSED] - Statement - counter = counter + 1: null

2019-01-09 11:37:28 - [TEST_STEP][PASSED] - Statement - PreSaveFile = new java.io.File(((pathPrefix + java.lang.Integer.toString(counter)) + .png)): null

2019-01-09 11:37:28 - [TEST_STEP][PASSED] - Statement - counter = counter + 1: null

2019-01-09 11:37:28 - [TEST_STEP][PASSED] - Statement - PreSaveFile = new java.io.File(((pathPrefix + java.lang.Integer.toString(counter)) + .png)): null

2019-01-09 11:37:28 - [TEST_STEP][PASSED] - Statement - counter = counter + 1: null

2019-01-09 11:37:28 - [TEST_STEP][PASSED] - Statement - PreSaveFile = new java.io.File(((pathPrefix + java.lang.Integer.toString(counter)) + .png)): null

2019-01-09 11:37:28 - [TEST_STEP][PASSED] - Statement - counter = counter + 1: null

2019-01-09 11:37:28 - [TEST_STEP][PASSED] - Statement - PreSaveFile = new java.io.File(((pathPrefix + java.lang.Integer.toString(counter)) + .png)): null

2019-01-09 11:37:28 - [TEST_STEP][PASSED] - Statement - counter = counter + 1: null

2019-01-09 11:37:28 - [TEST_STEP][PASSED] - Statement - PreSaveFile = new java.io.File(((pathPrefix + java.lang.Integer.toString(counter)) + .png)): null

2019-01-09 11:37:28 - [TEST_STEP][PASSED] - Statement - counter = counter + 1: null

2019-01-09 11:37:29 - [TEST_STEP][PASSED] - Statement - PreSaveFile = new java.io.File(((pathPrefix + java.lang.Integer.toString(counter)) + .png)): null

2019-01-09 11:37:29 - [TEST_STEP][PASSED] - Statement - finalPath = pathPrefix + java.lang.Integer.toString(counter) + ".png": null

2019-01-09 11:37:29 - [TEST_STEP][PASSED] - Statement - SaveFile = new java.io.File(finalPath): null

2019-01-09 11:37:29 - [TEST_STEP][PASSED] - Statement - Try: null

2019-01-09 11:37:29 - [TEST_STEP][PASSED] - Statement - org.apache.commons.io.FileUtils.copyFile(scrFile, SaveFile): null

2019-01-09 11:37:29 - [TEST_STEP][PASSED] - Statement - out.println("file kept"): null

2019-01-09 11:37:29 - [TEST_STEP][PASSED] - delay: Delayed 10 second(s)

2019-01-09 11:37:39 - [MESSAGE][PASSED] - Delayed 10 second(s)

2019-01-09 11:37:39 - [MESSAGE][PASSED] - Call Test Case 'Test Cases/Final Aug 2018 - PKS Automation/Registration Module/New Registration/Submit and Screenshot/Submit Registration and Screenshot' successfully

2019-01-09 11:37:39 - [TEST_STEP][PASSED] - callTestCase: Call Test Case 'Test Cases/Final Aug 2018 - PKS Automation/Registration Module/Log Out/log out avoiding katalon tagging' successfully

2019-01-09 11:37:39 - [TEST_CASE][PASSED] - Test Cases/Final Aug 2018 - PKS Automation/Registration Module/Log Out/log out avoiding katalon tagging: Test Cases/Final Aug 2018 - PKS Automation/Registration Module/Log Out/log out avoiding katalon tagging

2019-01-09 11:37:39 - [TEST_STEP][PASSED] - navigateToUrl: Navigate to 'https://assist2-uat.perkeso.gov.my/c/portal/logout' successfully

2019-01-09 11:37:40 - [MESSAGE][PASSED] - Navigate to 'https://assist2-uat.perkeso.gov.my/c/portal/logout' successfully

2019-01-09 11:37:40 - [MESSAGE][PASSED] - Call Test Case 'Test Cases/Final Aug 2018 - PKS Automation/Registration Module/Log Out/log out avoiding katalon tagging' successfully

2019-01-09 11:37:40 - [TEST_STEP][PASSED] - callTestCase: Call Test Case 'Test Cases/Final Aug 2018 - PKS Automation/Common/Workflow Owner Finder' successfully

2019-01-09 11:37:40 - [TEST_CASE][PASSED] - Test Cases/Final Aug 2018 - PKS Automation/Common/Workflow Owner Finder: Test Cases/Final Aug 2018 - PKS Automation/Common/Workflow Owner Finder

2019-01-09 11:37:40 - [TEST_STEP][PASSED] - openBrowser: Browser is opened with url: ''

2019-01-09 11:37:40 - [MESSAGE][WARNING] - A browser is already opened. Closing browser and opening a new one

2019-01-09 11:37:43 - [MESSAGE][PASSED] - Browser is opened with url: ''

2019-01-09 11:37:43 - [TEST_STEP][PASSED] - navigateToUrl: Navigate to 'https://assist2-uat.perkeso.gov.my/login' successfully

2019-01-09 11:37:44 - [MESSAGE][PASSED] - Navigate to 'https://assist2-uat.perkeso.gov.my/login' successfully

2019-01-09 11:37:44 - [TEST_STEP][PASSED] - delay: Delayed 5 second(s)

2019-01-09 11:37:49 - [MESSAGE][PASSED] - Delayed 5 second(s)

2019-01-09 11:37:49 - [TEST_STEP][PASSED] - setText: Text 'test@liferay.com' is set on object 'Object Repository/Final Object Repo/Login Page/Internal User/Email Address'

2019-01-09 11:37:49 - [MESSAGE][PASSED] - Text 'test@liferay.com' is set on object 'Object Repository/Final Object Repo/Login Page/Internal User/Email Address'

2019-01-09 11:37:49 - [TEST_STEP][PASSED] - click: Object: 'Object Repository/Final Object Repo/Login Page/Internal User/Next Button' is clicked on

2019-01-09 11:37:49 - [MESSAGE][PASSED] - Object: 'Object Repository/Final Object Repo/Login Page/Internal User/Next Button' is clicked on

2019-01-09 11:37:49 - [TEST_STEP][PASSED] - delay: Delayed 2 second(s)

2019-01-09 11:37:51 - [MESSAGE][PASSED] - Delayed 2 second(s)

2019-01-09 11:37:51 - [TEST_STEP][PASSED] - setText: Text 'test' is set on object 'Object Repository/Final Object Repo/Login Page/Internal User/Password'

2019-01-09 11:37:52 - [MESSAGE][PASSED] - Text 'test' is set on object 'Object Repository/Final Object Repo/Login Page/Internal User/Password'

2019-01-09 11:37:52 - [TEST_STEP][PASSED] - delay: Delayed 2 second(s)

2019-01-09 11:37:54 - [MESSAGE][PASSED] - Delayed 2 second(s)

2019-01-09 11:37:54 - [TEST_STEP][PASSED] - click: Object: 'Object Repository/Final Object Repo/Login Page/Internal User/Login Button' is clicked on

2019-01-09 11:37:54 - [MESSAGE][PASSED] - Object: 'Object Repository/Final Object Repo/Login Page/Internal User/Login Button' is clicked on

2019-01-09 11:37:54 - [TEST_STEP][PASSED] - Statement - tester = com.kms.katalon.core.testobject.ObjectRepository.findTestObject(Final Object Repo/Landing Page/Select to English): Finding Test Object with id 'Object Repository/Final Object Repo/Landing Page/Select to English'

2019-01-09 11:37:54 - [TEST_STEP][PASSED] - Statement - Try: Delayed 2 second(s)

2019-01-09 11:37:54 - [TEST_STEP][PASSED] - Statement - Checker = com.kms.katalon.core.webui.keyword.WebUiBuiltInKeywords.verifyElementNotPresent(tester, 3): Web element with id: 'Object Repository/Final Object Repo/Landing Page/Select to English' located by 'By.xpath: //a[@class = 'taglib-language-list-text' and @lang = 'en-US' and (contains(text(), 'EN') or contains(., 'EN'))]' is not present after '3' second(s)

2019-01-09 11:37:56 - [MESSAGE][PASSED] - Web element with id: 'Object Repository/Final Object Repo/Landing Page/Select to English' located by 'By.xpath: //a[@class = 'taglib-language-list-text' and @lang = 'en-US' and (contains(text(), 'EN') or contains(., 'EN'))]' is not present after '3' second(s)

2019-01-09 11:37:56 - [TEST_STEP][PASSED] - Statement - If (Checker == false): null

2019-01-09 11:37:56 - [TEST_STEP][PASSED] - delay: Delayed 2 second(s)

2019-01-09 11:37:58 - [MESSAGE][PASSED] - Delayed 2 second(s)

2019-01-09 11:37:58 - [TEST_STEP][PASSED] - delay: Delayed 5 second(s)

2019-01-09 11:38:03 - [MESSAGE][PASSED] - Delayed 5 second(s)

2019-01-09 11:38:03 - [TEST_STEP][PASSED] - mouseOver: Object: 'Object Repository/Final Object Repo/Landing Page/WorkFlow Menu' is hovered

2019-01-09 11:38:03 - [MESSAGE][PASSED] - Object: 'Object Repository/Final Object Repo/Landing Page/WorkFlow Menu' is hovered

2019-01-09 11:38:03 - [TEST_STEP][PASSED] - delay: Delayed 2 second(s)

2019-01-09 11:38:05 - [MESSAGE][PASSED] - Delayed 2 second(s)

2019-01-09 11:38:05 - [TEST_STEP][PASSED] - click: Object: 'Object Repository/Final Object Repo/Landing Page/Select to Workflow Listing' is clicked on

2019-01-09 11:38:06 - [MESSAGE][PASSED] - Object: 'Object Repository/Final Object Repo/Landing Page/Select to Workflow Listing' is clicked on

2019-01-09 11:38:06 - [TEST_STEP][PASSED] - delay: Delayed 2 second(s)

2019-01-09 11:38:08 - [MESSAGE][PASSED] - Delayed 2 second(s)

2019-01-09 11:38:08 - [TEST_STEP][PASSED] - click: Object: 'Object Repository/Final Object Repo/WorkFlow Listing Page/Search Information - To Put Ref No' is clicked on

2019-01-09 11:38:08 - [MESSAGE][PASSED] - Object: 'Object Repository/Final Object Repo/WorkFlow Listing Page/Search Information - To Put Ref No' is clicked on

2019-01-09 11:38:08 - [TEST_STEP][PASSED] - delay: Delayed 2 second(s)

2019-01-09 11:38:10 - [MESSAGE][PASSED] - Delayed 2 second(s)

2019-01-09 11:38:10 - [TEST_STEP][PASSED] - callTestCase: Call Test Case 'Test Cases/Final Aug 2018 - PKS Automation/Common/Reference Number Getter' successfully

2019-01-09 11:38:10 - [TEST_CASE][PASSED] - Test Cases/Final Aug 2018 - PKS Automation/Common/Reference Number Getter: Test Cases/Final Aug 2018 - PKS Automation/Common/Reference Number Getter

2019-01-09 11:38:10 - [TEST_STEP][PASSED] - Statement - Try: null

2019-01-09 11:38:10 - [TEST_STEP][PASSED] - Statement - RefNo = new java.io.File(C://Users//Admin//Desktop//PKS//Automation Reference Point//KatalonReference.txt): null

2019-01-09 11:38:10 - [TEST_STEP][PASSED] - Statement - bufferread = new java.io.BufferedReader(new java.io.FileReader(RefNo)): null

2019-01-09 11:38:10 - [TEST_STEP][PASSED] - Statement - readedVal = bufferread.readLine(): null

2019-01-09 11:38:10 - [TEST_STEP][PASSED] - Statement - out.println(CaseReferenceNo): null

2019-01-09 11:38:10 - [TEST_STEP][PASSED] - Statement - out.println(readedVal): null

2019-01-09 11:38:10 - [TEST_STEP][PASSED] - Statement - CaseReferenceNo = "": null

2019-01-09 11:38:10 - [TEST_STEP][PASSED] - Statement - CaseReferenceNo = readedVal: null

2019-01-09 11:38:10 - [MESSAGE][PASSED] - Call Test Case 'Test Cases/Final Aug 2018 - PKS Automation/Common/Reference Number Getter' successfully

2019-01-09 11:38:10 - [TEST_STEP][PASSED] - setText: Text 'CRN01201900123675' is set on object 'Object Repository/Final Object Repo/WorkFlow Listing Page/Ref No Set Text'

2019-01-09 11:38:11 - [MESSAGE][PASSED] - Text 'CRN01201900123675' is set on object 'Object Repository/Final Object Repo/WorkFlow Listing Page/Ref No Set Text'

2019-01-09 11:38:11 - [TEST_STEP][PASSED] - delay: Delayed 2 second(s)

2019-01-09 11:38:13 - [MESSAGE][PASSED] - Delayed 2 second(s)

2019-01-09 11:38:13 - [TEST_STEP][PASSED] - click: Object: 'Object Repository/Final Object Repo/WorkFlow Listing Page/Search Ref No Search Button' is clicked on

2019-01-09 11:38:13 - [MESSAGE][PASSED] - Object: 'Object Repository/Final Object Repo/WorkFlow Listing Page/Search Ref No Search Button' is clicked on

2019-01-09 11:38:13 - [TEST_STEP][PASSED] - delay: Delayed 6 second(s)

2019-01-09 11:38:19 - [MESSAGE][PASSED] - Delayed 6 second(s)

2019-01-09 11:38:19 - [TEST_STEP][PASSED] - click: Object: 'Object Repository/Final Object Repo/WorkFlow Listing Page/Click Continue Tooltip' is clicked on

2019-01-09 11:38:20 - [MESSAGE][PASSED] - Object: 'Object Repository/Final Object Repo/WorkFlow Listing Page/Click Continue Tooltip' is clicked on

2019-01-09 11:38:20 - [TEST_STEP][PASSED] - delay: Delayed 5 second(s)

2019-01-09 11:38:25 - [MESSAGE][PASSED] - Delayed 5 second(s)

2019-01-09 11:38:25 - [TEST_STEP][PASSED] - doubleClick: Object: 'Object Repository/Final Object Repo/WorkFlow Listing Page/Workflow Found - Listing 1' is double clicked on

2019-01-09 11:38:25 - [MESSAGE][PASSED] - Object: 'Object Repository/Final Object Repo/WorkFlow Listing Page/Workflow Found - Listing 1' is double clicked on

2019-01-09 11:38:25 - [TEST_STEP][PASSED] - Statement - println(OwnerID): null

2019-01-09 11:38:25 - [TEST_STEP][PASSED] - Statement - OwnerID = com.kms.katalon.core.webui.keyword.WebUiBuiltInKeywords.getText(com.kms.katalon.core.testobject.ObjectRepository.findTestObject(Final Object Repo/WorkFlow Listing Page/Workflow Found - Listing 1), STOP_ON_FAILURE): Text of object 'Object Repository/Final Object Repo/WorkFlow Listing Page/Workflow Found - Listing 1' is: 'JOHORro2'

2019-01-09 11:38:25 - [MESSAGE][PASSED] - Text of object 'Object Repository/Final Object Repo/WorkFlow Listing Page/Workflow Found - Listing 1' is: 'JOHORro2'

2019-01-09 11:38:25 - [TEST_STEP][PASSED] - Statement - OwnerID = OwnerID.toLowerCase() + "@gmail.com": null

2019-01-09 11:38:25 - [TEST_STEP][PASSED] - Statement - println(OwnerID): null

2019-01-09 11:38:25 - [TEST_STEP][PASSED] - delay: Delayed 2 second(s)

2019-01-09 11:38:27 - [MESSAGE][PASSED] - Delayed 2 second(s)

2019-01-09 11:38:27 - [MESSAGE][PASSED] - Call Test Case 'Test Cases/Final Aug 2018 - PKS Automation/Common/Workflow Owner Finder' successfully

2019-01-09 11:38:27 - [TEST_STEP][PASSED] - callTestCase: Call Test Case 'Test Cases/Final Aug 2018 - PKS Automation/Registration Module/Log Out/log out avoiding katalon tagging' successfully

2019-01-09 11:38:27 - [TEST_CASE][PASSED] - Test Cases/Final Aug 2018 - PKS Automation/Registration Module/Log Out/log out avoiding katalon tagging: Test Cases/Final Aug 2018 - PKS Automation/Registration Module/Log Out/log out avoiding katalon tagging

2019-01-09 11:38:27 - [TEST_STEP][PASSED] - navigateToUrl: Navigate to 'https://assist2-uat.perkeso.gov.my/c/portal/logout' successfully

2019-01-09 11:38:28 - [MESSAGE][PASSED] - Navigate to 'https://assist2-uat.perkeso.gov.my/c/portal/logout' successfully

2019-01-09 11:38:28 - [MESSAGE][PASSED] - Call Test Case 'Test Cases/Final Aug 2018 - PKS Automation/Registration Module/Log Out/log out avoiding katalon tagging' successfully

2019-01-09 11:38:28 - [TEST_STEP][PASSED] - delay: Delayed 2 second(s)

2019-01-09 11:38:30 - [MESSAGE][PASSED] - Delayed 2 second(s)

2019-01-09 11:38:30 - [TEST_STEP][PASSED] - setText: Text 'johorro2@gmail.com' is set on object 'Object Repository/Final Object Repo/New Registration - Registration Module Pages/New Reg - OTC to RO/Special Case - All Related Objects/Email TextBox'

2019-01-09 11:38:31 - [MESSAGE][PASSED] - Text 'johorro2@gmail.com' is set on object 'Object Repository/Final Object Repo/New Registration - Registration Module Pages/New Reg - OTC to RO/Special Case - All Related Objects/Email TextBox'

2019-01-09 11:38:31 - [TEST_STEP][PASSED] - click: Object: 'Object Repository/Final Object Repo/New Registration - Registration Module Pages/New Reg - OTC to RO/Special Case - All Related Objects/Next Button' is clicked on

2019-01-09 11:38:31 - [MESSAGE][PASSED] - Object: 'Object Repository/Final Object Repo/New Registration - Registration Module Pages/New Reg - OTC to RO/Special Case - All Related Objects/Next Button' is clicked on

2019-01-09 11:38:31 - [TEST_STEP][PASSED] - delay: Delayed 2 second(s)

2019-01-09 11:38:33 - [MESSAGE][PASSED] - Delayed 2 second(s)

2019-01-09 11:38:33 - [TEST_STEP][PASSED] - setText: Text 'Test1@3456789' is set on object 'Object Repository/Final Object Repo/New Registration - Registration Module Pages/New Reg - OTC to RO/Special Case - All Related Objects/Password TextBox'

2019-01-09 11:38:33 - [MESSAGE][PASSED] - Text 'Test1@3456789' is set on object 'Object Repository/Final Object Repo/New Registration - Registration Module Pages/New Reg - OTC to RO/Special Case - All Related Objects/Password TextBox'

2019-01-09 11:38:33 - [TEST_STEP][PASSED] - delay: Delayed 2 second(s)

2019-01-09 11:38:35 - [MESSAGE][PASSED] - Delayed 2 second(s)

2019-01-09 11:38:35 - [TEST_STEP][PASSED] - click: Object: 'Object Repository/Final Object Repo/New Registration - Registration Module Pages/New Reg - OTC to RO/Special Case - All Related Objects/Login Button' is clicked on

2019-01-09 11:38:35 - [MESSAGE][PASSED] - Object: 'Object Repository/Final Object Repo/New Registration - Registration Module Pages/New Reg - OTC to RO/Special Case - All Related Objects/Login Button' is clicked on

2019-01-09 11:38:35 - [TEST_STEP][PASSED] - delay: Delayed 2 second(s)

2019-01-09 11:38:37 - [MESSAGE][PASSED] - Delayed 2 second(s)

2019-01-09 11:38:37 - [TEST_STEP][PASSED] - Statement - Try: null

2019-01-09 11:38:37 - [TEST_STEP][PASSED] - Statement - Checker = com.kms.katalon.core.webui.keyword.WebUiBuiltInKeywords.verifyElementNotPresent("Final Object Repo/Landing Page/Select to English", 3): null

2019-01-09 11:38:37 - [TEST_STEP][PASSED] - Statement - Catch (Exception e): null

2019-01-09 11:38:37 - [TEST_STEP][PASSED] - Statement - e.printStackTrace(): null

2019-01-09 11:38:37 - [TEST_STEP][PASSED] - click: Object: 'Object Repository/Final Object Repo/New Registration - Registration Module Pages/New Reg - OTC to RO/Special Case - All Related Objects/Expand to Search' is clicked on

2019-01-09 11:38:37 - [MESSAGE][PASSED] - Object: 'Object Repository/Final Object Repo/New Registration - Registration Module Pages/New Reg - OTC to RO/Special Case - All Related Objects/Expand to Search' is clicked on

2019-01-09 11:38:37 - [TEST_STEP][PASSED] - delay: Delayed 2 second(s)

2019-01-09 11:38:39 - [MESSAGE][PASSED] - Delayed 2 second(s)

2019-01-09 11:38:39 - [TEST_STEP][PASSED] - setText: Text 'CRN01201900123675' is set on object 'Object Repository/Final Object Repo/New Registration - Registration Module Pages/New Reg - OTC to RO/Special Case - All Related Objects/TextBox RefNo in Workbasket'

2019-01-09 11:38:40 - [MESSAGE][PASSED] - Text 'CRN01201900123675' is set on object 'Object Repository/Final Object Repo/New Registration - Registration Module Pages/New Reg - OTC to RO/Special Case - All Related Objects/TextBox RefNo in Workbasket'

2019-01-09 11:38:40 - [TEST_STEP][PASSED] - delay: Delayed 2 second(s)

2019-01-09 11:38:42 - [MESSAGE][PASSED] - Delayed 2 second(s)

2019-01-09 11:38:42 - [TEST_STEP][PASSED] - click: Object: 'Object Repository/Final Object Repo/New Registration - Registration Module Pages/New Reg - OTC to RO/Special Case - All Related Objects/Click Search' is clicked on

2019-01-09 11:38:42 - [MESSAGE][PASSED] - Object: 'Object Repository/Final Object Repo/New Registration - Registration Module Pages/New Reg - OTC to RO/Special Case - All Related Objects/Click Search' is clicked on

2019-01-09 11:38:42 - [TEST_STEP][PASSED] - delay: Delayed 2 second(s)

2019-01-09 11:38:44 - [MESSAGE][PASSED] - Delayed 2 second(s)

2019-01-09 11:38:44 - [TEST_STEP][PASSED] - click: Object: 'Object Repository/Final Object Repo/New Registration - Registration Module Pages/New Reg - OTC to RO/Special Case - All Related Objects/Click to Continue Workflow' is clicked on

2019-01-09 11:38:47 - [MESSAGE][PASSED] - Object: 'Object Repository/Final Object Repo/New Registration - Registration Module Pages/New Reg - OTC to RO/Special Case - All Related Objects/Click to Continue Workflow' is clicked on

2019-01-09 11:38:47 - [TEST_STEP][PASSED] - delay: Delayed 2 second(s)

2019-01-09 11:38:49 - [MESSAGE][PASSED] - Delayed 2 second(s)

2019-01-09 11:38:49 - [TEST_STEP][PASSED] - click: Object: 'Object Repository/Final Object Repo/New Registration - Registration Module Pages/New Reg - OTC to RO/Special Case - All Related Objects/Continue Button in verifying case' is clicked on

2019-01-09 11:38:51 - [MESSAGE][PASSED] - Object: 'Object Repository/Final Object Repo/New Registration - Registration Module Pages/New Reg - OTC to RO/Special Case - All Related Objects/Continue Button in verifying case' is clicked on

2019-01-09 11:38:51 - [TEST_STEP][PASSED] - delay: Delayed 2 second(s)

2019-01-09 11:38:53 - [MESSAGE][PASSED] - Delayed 2 second(s)

2019-01-09 11:38:53 - [TEST_STEP][PASSED] - click: Object: 'Object Repository/Final Object Repo/New Registration - Registration Module Pages/Form 1/Registered As a Branch - Yes' is clicked on

2019-01-09 11:38:53 - [MESSAGE][PASSED] - Object: 'Object Repository/Final Object Repo/New Registration - Registration Module Pages/Form 1/Registered As a Branch - Yes' is clicked on

2019-01-09 11:38:53 - [TEST_STEP][PASSED] - delay: Delayed 2 second(s)

2019-01-09 11:38:55 - [MESSAGE][PASSED] - Delayed 2 second(s)

2019-01-09 11:38:55 - [TEST_STEP][PASSED] - click: Object: 'Object Repository/Final Object Repo/New Registration - Registration Module Pages/New Reg - OTC to RO/Special Case - All Related Objects/Form 1 Save n Continue' is clicked on

2019-01-09 11:38:55 - [MESSAGE][PASSED] - Object: 'Object Repository/Final Object Repo/New Registration - Registration Module Pages/New Reg - OTC to RO/Special Case - All Related Objects/Form 1 Save n Continue' is clicked on

2019-01-09 11:38:55 - [TEST_STEP][PASSED] - delay: Delayed 2 second(s)

2019-01-09 11:38:57 - [MESSAGE][PASSED] - Delayed 2 second(s)

2019-01-09 11:38:57 - [TEST_STEP][PASSED] - click: Object: 'Object Repository/Final Object Repo/New Registration - Registration Module Pages/New Reg - OTC to RO/Special Case - All Related Objects/Form 2 Save n Continue' is clicked on

2019-01-09 11:38:58 - [MESSAGE][PASSED] - Object: 'Object Repository/Final Object Repo/New Registration - Registration Module Pages/New Reg - OTC to RO/Special Case - All Related Objects/Form 2 Save n Continue' is clicked on

2019-01-09 11:38:58 - [TEST_STEP][PASSED] - delay: Delayed 2 second(s)

2019-01-09 11:39:00 - [MESSAGE][PASSED] - Delayed 2 second(s)

2019-01-09 11:39:00 - [TEST_STEP][PASSED] - click: Object: 'Object Repository/Final Object Repo/New Registration - Registration Module Pages/New Reg - OTC to RO/Special Case - All Related Objects/Third Screen Save n Continue' is clicked on

2019-01-09 11:39:05 - [MESSAGE][PASSED] - Object: 'Object Repository/Final Object Repo/New Registration - Registration Module Pages/New Reg - OTC to RO/Special Case - All Related Objects/Third Screen Save n Continue' is clicked on

2019-01-09 11:39:05 - [TEST_STEP][PASSED] - delay: Delayed 5 second(s)

2019-01-09 11:39:10 - [MESSAGE][PASSED] - Delayed 5 second(s)

2019-01-09 11:39:10 - [TEST_STEP][PASSED] - click: Object: 'Object Repository/Final Object Repo/New Registration - Registration Module Pages/New Reg - OTC to RO/Special Case - All Related Objects/Upload Doc Page Save n Continue' is clicked on

2019-01-09 11:39:10 - [MESSAGE][PASSED] - Object: 'Object Repository/Final Object Repo/New Registration - Registration Module Pages/New Reg - OTC to RO/Special Case - All Related Objects/Upload Doc Page Save n Continue' is clicked on

2019-01-09 11:39:10 - [TEST_STEP][PASSED] - delay: Delayed 5 second(s)

2019-01-09 11:39:15 - [MESSAGE][PASSED] - Delayed 5 second(s)

2019-01-09 11:39:15 - [TEST_STEP][PASSED] - click: Object: 'Object Repository/Final Object Repo/New Registration - Registration Module Pages/New Reg - OTC to RO/Special Case - All Related Objects/Under Enforcement Button at Preview Screen of RO' is clicked on

2019-01-09 11:39:16 - [MESSAGE][PASSED] - Object: 'Object Repository/Final Object Repo/New Registration - Registration Module Pages/New Reg - OTC to RO/Special Case - All Related Objects/Under Enforcement Button at Preview Screen of RO' is clicked on

2019-01-09 11:39:16 - [TEST_STEP][PASSED] - delay: Delayed 5 second(s)

2019-01-09 11:39:21 - [MESSAGE][PASSED] - Delayed 5 second(s)

2019-01-09 11:39:21 - [TEST_STEP][PASSED] - click: Object: 'Object Repository/Final Object Repo/New Registration - Registration Module Pages/New Reg - OTC to RO/Special Case - All Related Objects/Under Enforcement - inner form' is clicked on

2019-01-09 11:39:21 - [MESSAGE][PASSED] - Object: 'Object Repository/Final Object Repo/New Registration - Registration Module Pages/New Reg - OTC to RO/Special Case - All Related Objects/Under Enforcement - inner form' is clicked on

2019-01-09 11:39:21 - [TEST_STEP][PASSED] - callTestCase: Call Test Case 'Test Cases/Final Aug 2018 - PKS Automation/Common/Screenshoting tool' successfully

2019-01-09 11:39:21 - [TEST_CASE][PASSED] - Test Cases/Final Aug 2018 - PKS Automation/Common/Screenshoting tool: Test Cases/Final Aug 2018 - PKS Automation/Common/Screenshoting tool

2019-01-09 11:39:21 - [TEST_STEP][PASSED] - delay: Delayed 15 second(s)

2019-01-09 11:39:36 - [MESSAGE][PASSED] - Delayed 15 second(s)

2019-01-09 11:39:36 - [TEST_STEP][PASSED] - Statement - driver = com.kms.katalon.core.webui.driver.DriverFactory.getWebDriver(): null

2019-01-09 11:39:36 - [TEST_STEP][PASSED] - Statement - driver.manage().timeouts().implicitlyWait(10, SECONDS): null

2019-01-09 11:39:36 - [TEST_STEP][PASSED] - Statement - PresavePath = KatalonScreenshots: null

2019-01-09 11:39:36 - [TEST_STEP][PASSED] - Statement - pathPrefix = "C:\Users\Public\Pictures\Sample Pictures\Katalon Screenshots\Automate Ending Screen": null

2019-01-09 11:39:36 - [TEST_STEP][PASSED] - Statement - finalPath = <not implemented yet for class: org.codehaus.groovy.ast.expr.EmptyExpression>: null

2019-01-09 11:39:36 - [TEST_STEP][PASSED] - Statement - scrFile = driver.getScreenshotAs(FILE): null

2019-01-09 11:39:36 - [TEST_STEP][PASSED] - Statement - PreSaveFile = new java.io.File(PresavePath): null

2019-01-09 11:39:36 - [TEST_STEP][PASSED] - Statement - counter = 0: null

2019-01-09 11:39:36 - [TEST_STEP][PASSED] - Statement - If (PreSaveFile.exists()): null

2019-01-09 11:39:36 - [TEST_STEP][PASSED] - Statement - While (PreSaveFile.exists()): null

2019-01-09 11:39:36 - [TEST_STEP][PASSED] - Statement - counter = counter + 1: null

2019-01-09 11:39:36 - [TEST_STEP][PASSED] - Statement - PreSaveFile = new java.io.File(((pathPrefix + java.lang.Integer.toString(counter)) + .png)): null

2019-01-09 11:39:36 - [TEST_STEP][PASSED] - Statement - counter = counter + 1: null

2019-01-09 11:39:36 - [TEST_STEP][PASSED] - Statement - PreSaveFile = new java.io.File(((pathPrefix + java.lang.Integer.toString(counter)) + .png)): null

2019-01-09 11:39:36 - [TEST_STEP][PASSED] - Statement - counter = counter + 1: null

2019-01-09 11:39:36 - [TEST_STEP][PASSED] - Statement - PreSaveFile = new java.io.File(((pathPrefix + java.lang.Integer.toString(counter)) + .png)): null

2019-01-09 11:39:36 - [TEST_STEP][PASSED] - Statement - counter = counter + 1: null

2019-01-09 11:39:36 - [TEST_STEP][PASSED] - Statement - PreSaveFile = new java.io.File(((pathPrefix + java.lang.Integer.toString(counter)) + .png)): null

2019-01-09 11:39:36 - [TEST_STEP][PASSED] - Statement - counter = counter + 1: null

2019-01-09 11:39:36 - [TEST_STEP][PASSED] - Statement - PreSaveFile = new java.io.File(((pathPrefix + java.lang.Integer.toString(counter)) + .png)): null

2019-01-09 11:39:36 - [TEST_STEP][PASSED] - Statement - counter = counter + 1: null

2019-01-09 11:39:36 - [TEST_STEP][PASSED] - Statement - PreSaveFile = new java.io.File(((pathPrefix + java.lang.Integer.toString(counter)) + .png)): null

2019-01-09 11:39:36 - [TEST_STEP][PASSED] - Statement - counter = counter + 1: null

2019-01-09 11:39:36 - [TEST_STEP][PASSED] - Statement - PreSaveFile = new java.io.File(((pathPrefix + java.lang.Integer.toString(counter)) + .png)): null

2019-01-09 11:39:36 - [TEST_STEP][PASSED] - Statement - counter = counter + 1: null

2019-01-09 11:39:36 - [TEST_STEP][PASSED] - Statement - PreSaveFile = new java.io.File(((pathPrefix + java.lang.Integer.toString(counter)) + .png)): null

2019-01-09 11:39:36 - [TEST_STEP][PASSED] - Statement - counter = counter + 1: null

2019-01-09 11:39:36 - [TEST_STEP][PASSED] - Statement - PreSaveFile = new java.io.File(((pathPrefix + java.lang.Integer.toString(counter)) + .png)): null

2019-01-09 11:39:36 - [TEST_STEP][PASSED] - Statement - counter = counter + 1: null

2019-01-09 11:39:36 - [TEST_STEP][PASSED] - Statement - PreSaveFile = new java.io.File(((pathPrefix + java.lang.Integer.toString(counter)) + .png)): null

2019-01-09 11:39:36 - [TEST_STEP][PASSED] - Statement - counter = counter + 1: null

2019-01-09 11:39:36 - [TEST_STEP][PASSED] - Statement - PreSaveFile = new java.io.File(((pathPrefix + java.lang.Integer.toString(counter)) + .png)): null

2019-01-09 11:39:36 - [TEST_STEP][PASSED] - Statement - counter = counter + 1: null

2019-01-09 11:39:36 - [TEST_STEP][PASSED] - Statement - PreSaveFile = new java.io.File(((pathPrefix + java.lang.Integer.toString(counter)) + .png)): null

2019-01-09 11:39:36 - [TEST_STEP][PASSED] - Statement - counter = counter + 1: null

2019-01-09 11:39:36 - [TEST_STEP][PASSED] - Statement - PreSaveFile = new java.io.File(((pathPrefix + java.lang.Integer.toString(counter)) + .png)): null

2019-01-09 11:39:36 - [TEST_STEP][PASSED] - Statement - counter = counter + 1: null

2019-01-09 11:39:36 - [TEST_STEP][PASSED] - Statement - PreSaveFile = new java.io.File(((pathPrefix + java.lang.Integer.toString(counter)) + .png)): null

2019-01-09 11:39:36 - [TEST_STEP][PASSED] - Statement - counter = counter + 1: null

2019-01-09 11:39:36 - [TEST_STEP][PASSED] - Statement - PreSaveFile = new java.io.File(((pathPrefix + java.lang.Integer.toString(counter)) + .png)): null

2019-01-09 11:39:36 - [TEST_STEP][PASSED] - Statement - counter = counter + 1: null

2019-01-09 11:39:36 - [TEST_STEP][PASSED] - Statement - PreSaveFile = new java.io.File(((pathPrefix + java.lang.Integer.toString(counter)) + .png)): null

2019-01-09 11:39:36 - [TEST_STEP][PASSED] - Statement - counter = counter + 1: null

2019-01-09 11:39:36 - [TEST_STEP][PASSED] - Statement - PreSaveFile = new java.io.File(((pathPrefix + java.lang.Integer.toString(counter)) + .png)): null

2019-01-09 11:39:36 - [TEST_STEP][PASSED] - Statement - counter = counter + 1: null

2019-01-09 11:39:36 - [TEST_STEP][PASSED] - Statement - PreSaveFile = new java.io.File(((pathPrefix + java.lang.Integer.toString(counter)) + .png)): null

2019-01-09 11:39:37 - [TEST_STEP][PASSED] - Statement - counter = counter + 1: null

2019-01-09 11:39:37 - [TEST_STEP][PASSED] - Statement - PreSaveFile = new java.io.File(((pathPrefix + java.lang.Integer.toString(counter)) + .png)): null

2019-01-09 11:39:37 - [TEST_STEP][PASSED] - Statement - counter = counter + 1: null

2019-01-09 11:39:37 - [TEST_STEP][PASSED] - Statement - PreSaveFile = new java.io.File(((pathPrefix + java.lang.Integer.toString(counter)) + .png)): null

2019-01-09 11:39:37 - [TEST_STEP][PASSED] - Statement - counter = counter + 1: null

2019-01-09 11:39:37 - [TEST_STEP][PASSED] - Statement - PreSaveFile = new java.io.File(((pathPrefix + java.lang.Integer.toString(counter)) + .png)): null

2019-01-09 11:39:37 - [TEST_STEP][PASSED] - Statement - counter = counter + 1: null

2019-01-09 11:39:37 - [TEST_STEP][PASSED] - Statement - PreSaveFile = new java.io.File(((pathPrefix + java.lang.Integer.toString(counter)) + .png)): null

2019-01-09 11:39:37 - [TEST_STEP][PASSED] - Statement - counter = counter + 1: null

2019-01-09 11:39:37 - [TEST_STEP][PASSED] - Statement - PreSaveFile = new java.io.File(((pathPrefix + java.lang.Integer.toString(counter)) + .png)): null

2019-01-09 11:39:37 - [TEST_STEP][PASSED] - Statement - counter = counter + 1: null

2019-01-09 11:39:37 - [TEST_STEP][PASSED] - Statement - PreSaveFile = new java.io.File(((pathPrefix + java.lang.Integer.toString(counter)) + .png)): null

2019-01-09 11:39:37 - [TEST_STEP][PASSED] - Statement - counter = counter + 1: null

2019-01-09 11:39:37 - [TEST_STEP][PASSED] - Statement - PreSaveFile = new java.io.File(((pathPrefix + java.lang.Integer.toString(counter)) + .png)): null

2019-01-09 11:39:37 - [TEST_STEP][PASSED] - Statement - counter = counter + 1: null

2019-01-09 11:39:37 - [TEST_STEP][PASSED] - Statement - PreSaveFile = new java.io.File(((pathPrefix + java.lang.Integer.toString(counter)) + .png)): null

2019-01-09 11:39:37 - [TEST_STEP][PASSED] - Statement - counter = counter + 1: null

2019-01-09 11:39:37 - [TEST_STEP][PASSED] - Statement - PreSaveFile = new java.io.File(((pathPrefix + java.lang.Integer.toString(counter)) + .png)): null

2019-01-09 11:39:37 - [TEST_STEP][PASSED] - Statement - counter = counter + 1: null

2019-01-09 11:39:37 - [TEST_STEP][PASSED] - Statement - PreSaveFile = new java.io.File(((pathPrefix + java.lang.Integer.toString(counter)) + .png)): null

2019-01-09 11:39:37 - [TEST_STEP][PASSED] - Statement - counter = counter + 1: null

2019-01-09 11:39:38 - [TEST_STEP][PASSED] - Statement - PreSaveFile = new java.io.File(((pathPrefix + java.lang.Integer.toString(counter)) + .png)): null

2019-01-09 11:39:38 - [TEST_STEP][PASSED] - Statement - counter = counter + 1: null

2019-01-09 11:39:38 - [TEST_STEP][PASSED] - Statement - PreSaveFile = new java.io.File(((pathPrefix + java.lang.Integer.toString(counter)) + .png)): null

2019-01-09 11:39:38 - [TEST_STEP][PASSED] - Statement - counter = counter + 1: null

2019-01-09 11:39:38 - [TEST_STEP][PASSED] - Statement - PreSaveFile = new java.io.File(((pathPrefix + java.lang.Integer.toString(counter)) + .png)): null

2019-01-09 11:39:38 - [TEST_STEP][PASSED] - Statement - counter = counter + 1: null

2019-01-09 11:39:38 - [TEST_STEP][PASSED] - Statement - PreSaveFile = new java.io.File(((pathPrefix + java.lang.Integer.toString(counter)) + .png)): null

2019-01-09 11:39:38 - [TEST_STEP][PASSED] - Statement - counter = counter + 1: null

2019-01-09 11:39:38 - [TEST_STEP][PASSED] - Statement - PreSaveFile = new java.io.File(((pathPrefix + java.lang.Integer.toString(counter)) + .png)): null

2019-01-09 11:39:38 - [TEST_STEP][PASSED] - Statement - counter = counter + 1: null

2019-01-09 11:39:38 - [TEST_STEP][PASSED] - Statement - PreSaveFile = new java.io.File(((pathPrefix + java.lang.Integer.toString(counter)) + .png)): null

2019-01-09 11:39:38 - [TEST_STEP][PASSED] - Statement - counter = counter + 1: null

2019-01-09 11:39:38 - [TEST_STEP][PASSED] - Statement - PreSaveFile = new java.io.File(((pathPrefix + java.lang.Integer.toString(counter)) + .png)): null

2019-01-09 11:39:38 - [TEST_STEP][PASSED] - Statement - counter = counter + 1: null

2019-01-09 11:39:38 - [TEST_STEP][PASSED] - Statement - PreSaveFile = new java.io.File(((pathPrefix + java.lang.Integer.toString(counter)) + .png)): null

2019-01-09 11:39:38 - [TEST_STEP][PASSED] - Statement - counter = counter + 1: null

2019-01-09 11:39:38 - [TEST_STEP][PASSED] - Statement - PreSaveFile = new java.io.File(((pathPrefix + java.lang.Integer.toString(counter)) + .png)): null

2019-01-09 11:39:38 - [TEST_STEP][PASSED] - Statement - counter = counter + 1: null

2019-01-09 11:39:38 - [TEST_STEP][PASSED] - Statement - PreSaveFile = new java.io.File(((pathPrefix + java.lang.Integer.toString(counter)) + .png)): null

2019-01-09 11:39:38 - [TEST_STEP][PASSED] - Statement - counter = counter + 1: null

2019-01-09 11:39:38 - [TEST_STEP][PASSED] - Statement - PreSaveFile = new java.io.File(((pathPrefix + java.lang.Integer.toString(counter)) + .png)): null

2019-01-09 11:39:38 - [TEST_STEP][PASSED] - Statement - counter = counter + 1: null

2019-01-09 11:39:38 - [TEST_STEP][PASSED] - Statement - PreSaveFile = new java.io.File(((pathPrefix + java.lang.Integer.toString(counter)) + .png)): null

2019-01-09 11:39:38 - [TEST_STEP][PASSED] - Statement - counter = counter + 1: null

2019-01-09 11:39:38 - [TEST_STEP][PASSED] - Statement - PreSaveFile = new java.io.File(((pathPrefix + java.lang.Integer.toString(counter)) + .png)): null

2019-01-09 11:39:38 - [TEST_STEP][PASSED] - Statement - counter = counter + 1: null

2019-01-09 11:39:38 - [TEST_STEP][PASSED] - Statement - PreSaveFile = new java.io.File(((pathPrefix + java.lang.Integer.toString(counter)) + .png)): null

2019-01-09 11:39:38 - [TEST_STEP][PASSED] - Statement - counter = counter + 1: null

2019-01-09 11:39:38 - [TEST_STEP][PASSED] - Statement - PreSaveFile = new java.io.File(((pathPrefix + java.lang.Integer.toString(counter)) + .png)): null

2019-01-09 11:39:39 - [TEST_STEP][PASSED] - Statement - counter = counter + 1: null

2019-01-09 11:39:39 - [TEST_STEP][PASSED] - Statement - PreSaveFile = new java.io.File(((pathPrefix + java.lang.Integer.toString(counter)) + .png)): null

2019-01-09 11:39:39 - [TEST_STEP][PASSED] - Statement - counter = counter + 1: null

2019-01-09 11:39:39 - [TEST_STEP][PASSED] - Statement - PreSaveFile = new java.io.File(((pathPrefix + java.lang.Integer.toString(counter)) + .png)): null

2019-01-09 11:39:39 - [TEST_STEP][PASSED] - Statement - counter = counter + 1: null

2019-01-09 11:39:39 - [TEST_STEP][PASSED] - Statement - PreSaveFile = new java.io.File(((pathPrefix + java.lang.Integer.toString(counter)) + .png)): null

2019-01-09 11:39:39 - [TEST_STEP][PASSED] - Statement - counter = counter + 1: null

2019-01-09 11:39:39 - [TEST_STEP][PASSED] - Statement - PreSaveFile = new java.io.File(((pathPrefix + java.lang.Integer.toString(counter)) + .png)): null

2019-01-09 11:39:39 - [TEST_STEP][PASSED] - Statement - counter = counter + 1: null

2019-01-09 11:39:39 - [TEST_STEP][PASSED] - Statement - PreSaveFile = new java.io.File(((pathPrefix + java.lang.Integer.toString(counter)) + .png)): null

2019-01-09 11:39:39 - [TEST_STEP][PASSED] - Statement - counter = counter + 1: null

2019-01-09 11:39:39 - [TEST_STEP][PASSED] - Statement - PreSaveFile = new java.io.File(((pathPrefix + java.lang.Integer.toString(counter)) + .png)): null

2019-01-09 11:39:39 - [TEST_STEP][PASSED] - Statement - counter = counter + 1: null

2019-01-09 11:39:39 - [TEST_STEP][PASSED] - Statement - PreSaveFile = new java.io.File(((pathPrefix + java.lang.Integer.toString(counter)) + .png)): null

2019-01-09 11:39:39 - [TEST_STEP][PASSED] - Statement - counter = counter + 1: null

2019-01-09 11:39:39 - [TEST_STEP][PASSED] - Statement - PreSaveFile = new java.io.File(((pathPrefix + java.lang.Integer.toString(counter)) + .png)): null

2019-01-09 11:39:39 - [TEST_STEP][PASSED] - Statement - counter = counter + 1: null

2019-01-09 11:39:39 - [TEST_STEP][PASSED] - Statement - PreSaveFile = new java.io.File(((pathPrefix + java.lang.Integer.toString(counter)) + .png)): null

2019-01-09 11:39:39 - [TEST_STEP][PASSED] - Statement - counter = counter + 1: null

2019-01-09 11:39:39 - [TEST_STEP][PASSED] - Statement - PreSaveFile = new java.io.File(((pathPrefix + java.lang.Integer.toString(counter)) + .png)): null

2019-01-09 11:39:39 - [TEST_STEP][PASSED] - Statement - counter = counter + 1: null

2019-01-09 11:39:39 - [TEST_STEP][PASSED] - Statement - PreSaveFile = new java.io.File(((pathPrefix + java.lang.Integer.toString(counter)) + .png)): null

2019-01-09 11:39:39 - [TEST_STEP][PASSED] - Statement - finalPath = pathPrefix + java.lang.Integer.toString(counter) + ".png": null

2019-01-09 11:39:39 - [TEST_STEP][PASSED] - Statement - SaveFile = new java.io.File(finalPath): null

2019-01-09 11:39:39 - [TEST_STEP][PASSED] - Statement - Try: null

2019-01-09 11:39:39 - [TEST_STEP][PASSED] - Statement - org.apache.commons.io.FileUtils.copyFile(scrFile, SaveFile): null

2019-01-09 11:39:39 - [TEST_STEP][PASSED] - Statement - out.println("file kept"): null

2019-01-09 11:39:39 - [TEST_STEP][PASSED] - delay: Delayed 10 second(s)

2019-01-09 11:39:49 - [MESSAGE][PASSED] - Delayed 10 second(s)

2019-01-09 11:39:49 - [MESSAGE][PASSED] - Call Test Case 'Test Cases/Final Aug 2018 - PKS Automation/Common/Screenshoting tool' successfully

2019-01-09 11:39:49 - [TEST_STEP][PASSED] - callTestCase: Call Test Case 'Test Cases/Final Aug 2018 - PKS Automation/Registration Module/Log Out/log out avoiding katalon tagging' successfully

2019-01-09 11:39:49 - [TEST_CASE][PASSED] - Test Cases/Final Aug 2018 - PKS Automation/Registration Module/Log Out/log out avoiding katalon tagging: Test Cases/Final Aug 2018 - PKS Automation/Registration Module/Log Out/log out avoiding katalon tagging

2019-01-09 11:39:49 - [TEST_STEP][PASSED] - navigateToUrl: Navigate to 'https://assist2-uat.perkeso.gov.my/c/portal/logout' successfully

2019-01-09 11:39:50 - [MESSAGE][PASSED] - Navigate to 'https://assist2-uat.perkeso.gov.my/c/portal/logout' successfully

2019-01-09 11:39:50 - [MESSAGE][PASSED] - Call Test Case 'Test Cases/Final Aug 2018 - PKS Automation/Registration Module/Log Out/log out avoiding katalon tagging' successfully

2019-01-09 11:39:50 - [TEST_STEP][PASSED] - delay: Delayed 2 second(s)

2019-01-09 11:39:52 - [MESSAGE][PASSED] - Delayed 2 second(s)

2019-01-09 11:39:52 - [TEST_STEP][PASSED] - setText: Text 'johorro2@gmail.com' is set on object 'Object Repository/Final Object Repo/New Registration - Registration Module Pages/New Reg - OTC to RO/Special Case - All Related Objects/Email TextBox'

2019-01-09 11:39:52 - [MESSAGE][PASSED] - Text 'johorro2@gmail.com' is set on object 'Object Repository/Final Object Repo/New Registration - Registration Module Pages/New Reg - OTC to RO/Special Case - All Related Objects/Email TextBox'

2019-01-09 11:39:52 - [TEST_STEP][PASSED] - click: Object: 'Object Repository/Final Object Repo/New Registration - Registration Module Pages/New Reg - OTC to RO/Special Case - All Related Objects/Next Button' is clicked on

2019-01-09 11:39:53 - [MESSAGE][PASSED] - Object: 'Object Repository/Final Object Repo/New Registration - Registration Module Pages/New Reg - OTC to RO/Special Case - All Related Objects/Next Button' is clicked on

2019-01-09 11:39:53 - [TEST_STEP][PASSED] - delay: Delayed 2 second(s)

2019-01-09 11:39:55 - [MESSAGE][PASSED] - Delayed 2 second(s)

2019-01-09 11:39:55 - [TEST_STEP][PASSED] - setText: Text 'Test1@3456789' is set on object 'Object Repository/Final Object Repo/New Registration - Registration Module Pages/New Reg - OTC to RO/Special Case - All Related Objects/Password TextBox'

2019-01-09 11:39:55 - [MESSAGE][PASSED] - Text 'Test1@3456789' is set on object 'Object Repository/Final Object Repo/New Registration - Registration Module Pages/New Reg - OTC to RO/Special Case - All Related Objects/Password TextBox'

2019-01-09 11:39:55 - [TEST_STEP][PASSED] - delay: Delayed 2 second(s)

2019-01-09 11:39:57 - [MESSAGE][PASSED] - Delayed 2 second(s)

2019-01-09 11:39:57 - [TEST_STEP][PASSED] - click: Object: 'Object Repository/Final Object Repo/New Registration - Registration Module Pages/New Reg - OTC to RO/Special Case - All Related Objects/Login Button' is clicked on

2019-01-09 11:39:57 - [MESSAGE][PASSED] - Object: 'Object Repository/Final Object Repo/New Registration - Registration Module Pages/New Reg - OTC to RO/Special Case - All Related Objects/Login Button' is clicked on

2019-01-09 11:39:57 - [TEST_STEP][PASSED] - delay: Delayed 2 second(s)

2019-01-09 11:39:59 - [MESSAGE][PASSED] - Delayed 2 second(s)

2019-01-09 11:39:59 - [TEST_STEP][PASSED] - Statement - Try: null

2019-01-09 11:39:59 - [TEST_STEP][PASSED] - Statement - Checker = com.kms.katalon.core.webui.keyword.WebUiBuiltInKeywords.verifyElementNotPresent("Final Object Repo/Landing Page/Select to English", 3): null

2019-01-09 11:39:59 - [TEST_STEP][PASSED] - Statement - Catch (Exception e): null

2019-01-09 11:39:59 - [TEST_STEP][PASSED] - Statement - e.printStackTrace(): null

2019-01-09 11:39:59 - [TEST_STEP][PASSED] - click: Object: 'Object Repository/Final Object Repo/New Registration - Registration Module Pages/New Reg - OTC to RO/Special Case - All Related Objects/Expand to Search' is clicked on

2019-01-09 11:39:59 - [MESSAGE][PASSED] - Object: 'Object Repository/Final Object Repo/New Registration - Registration Module Pages/New Reg - OTC to RO/Special Case - All Related Objects/Expand to Search' is clicked on

2019-01-09 11:39:59 - [TEST_STEP][PASSED] - delay: Delayed 2 second(s)

2019-01-09 11:40:01 - [MESSAGE][PASSED] - Delayed 2 second(s)

2019-01-09 11:40:01 - [TEST_STEP][PASSED] - setText: Text 'CRN01201900123675' is set on object 'Object Repository/Final Object Repo/New Registration - Registration Module Pages/New Reg - OTC to RO/Special Case - All Related Objects/TextBox RefNo in Workbasket'

2019-01-09 11:40:02 - [MESSAGE][PASSED] - Text 'CRN01201900123675' is set on object 'Object Repository/Final Object Repo/New Registration - Registration Module Pages/New Reg - OTC to RO/Special Case - All Related Objects/TextBox RefNo in Workbasket'

2019-01-09 11:40:02 - [TEST_STEP][PASSED] - delay: Delayed 2 second(s)

2019-01-09 11:40:04 - [MESSAGE][PASSED] - Delayed 2 second(s)

2019-01-09 11:40:04 - [TEST_STEP][PASSED] - click: Object: 'Object Repository/Final Object Repo/New Registration - Registration Module Pages/New Reg - OTC to RO/Special Case - All Related Objects/Click Search' is clicked on

2019-01-09 11:40:04 - [MESSAGE][PASSED] - Object: 'Object Repository/Final Object Repo/New Registration - Registration Module Pages/New Reg - OTC to RO/Special Case - All Related Objects/Click Search' is clicked on

2019-01-09 11:40:04 - [TEST_STEP][PASSED] - delay: Delayed 2 second(s)

2019-01-09 11:40:06 - [MESSAGE][PASSED] - Delayed 2 second(s)

2019-01-09 11:40:06 - [TEST_STEP][PASSED] - click: Object: 'Object Repository/Final Object Repo/New Registration - Registration Module Pages/New Reg - OTC to RO/Special Case - All Related Objects/Click to Continue Workflow' is clicked on

2019-01-09 11:40:09 - [MESSAGE][PASSED] - Object: 'Object Repository/Final Object Repo/New Registration - Registration Module Pages/New Reg - OTC to RO/Special Case - All Related Objects/Click to Continue Workflow' is clicked on

2019-01-09 11:40:09 - [TEST_STEP][PASSED] - delay: Delayed 2 second(s)

2019-01-09 11:40:11 - [MESSAGE][PASSED] - Delayed 2 second(s)

2019-01-09 11:40:11 - [TEST_STEP][PASSED] - click: Object: 'Object Repository/Final Object Repo/New Registration - Registration Module Pages/New Reg - OTC to RO/Special Case - All Related Objects/Continue Button in verifying case' is clicked on

2019-01-09 11:40:13 - [MESSAGE][PASSED] - Object: 'Object Repository/Final Object Repo/New Registration - Registration Module Pages/New Reg - OTC to RO/Special Case - All Related Objects/Continue Button in verifying case' is clicked on

2019-01-09 11:40:13 - [TEST_STEP][PASSED] - delay: Delayed 2 second(s)

2019-01-09 11:40:15 - [MESSAGE][PASSED] - Delayed 2 second(s)

2019-01-09 11:40:15 - [TEST_STEP][PASSED] - click: Object: 'Object Repository/Final Object Repo/New Registration - Registration Module Pages/Form 1/Registered As a Branch - Yes' is clicked on

2019-01-09 11:40:15 - [MESSAGE][PASSED] - Object: 'Object Repository/Final Object Repo/New Registration - Registration Module Pages/Form 1/Registered As a Branch - Yes' is clicked on

2019-01-09 11:40:15 - [TEST_STEP][PASSED] - delay: Delayed 2 second(s)

2019-01-09 11:40:17 - [MESSAGE][PASSED] - Delayed 2 second(s)

2019-01-09 11:40:17 - [TEST_STEP][PASSED] - click: Object: 'Object Repository/Final Object Repo/New Registration - Registration Module Pages/New Reg - OTC to RO/Special Case - All Related Objects/Form 1 Save n Continue' is clicked on

2019-01-09 11:40:17 - [MESSAGE][PASSED] - Object: 'Object Repository/Final Object Repo/New Registration - Registration Module Pages/New Reg - OTC to RO/Special Case - All Related Objects/Form 1 Save n Continue' is clicked on

2019-01-09 11:40:17 - [TEST_STEP][PASSED] - delay: Delayed 2 second(s)

2019-01-09 11:40:19 - [MESSAGE][PASSED] - Delayed 2 second(s)

2019-01-09 11:40:19 - [TEST_STEP][PASSED] - click: Object: 'Object Repository/Final Object Repo/New Registration - Registration Module Pages/New Reg - OTC to RO/Special Case - All Related Objects/Form 2 Save n Continue' is clicked on

2019-01-09 11:40:19 - [MESSAGE][PASSED] - Object: 'Object Repository/Final Object Repo/New Registration - Registration Module Pages/New Reg - OTC to RO/Special Case - All Related Objects/Form 2 Save n Continue' is clicked on

2019-01-09 11:40:19 - [TEST_STEP][PASSED] - delay: Delayed 2 second(s)

2019-01-09 11:40:21 - [MESSAGE][PASSED] - Delayed 2 second(s)

2019-01-09 11:40:21 - [TEST_STEP][PASSED] - click: Object: 'Object Repository/Final Object Repo/New Registration - Registration Module Pages/New Reg - OTC to RO/Special Case - All Related Objects/Third Screen Save n Continue' is clicked on

2019-01-09 11:40:26 - [MESSAGE][PASSED] - Object: 'Object Repository/Final Object Repo/New Registration - Registration Module Pages/New Reg - OTC to RO/Special Case - All Related Objects/Third Screen Save n Continue' is clicked on

2019-01-09 11:40:26 - [TEST_STEP][PASSED] - delay: Delayed 5 second(s)

2019-01-09 11:40:31 - [MESSAGE][PASSED] - Delayed 5 second(s)

2019-01-09 11:40:31 - [TEST_STEP][PASSED] - click: Object: 'Object Repository/Final Object Repo/New Registration - Registration Module Pages/New Reg - OTC to RO/Special Case - All Related Objects/Upload Doc Page Save n Continue' is clicked on

2019-01-09 11:40:32 - [MESSAGE][PASSED] - Object: 'Object Repository/Final Object Repo/New Registration - Registration Module Pages/New Reg - OTC to RO/Special Case - All Related Objects/Upload Doc Page Save n Continue' is clicked on

2019-01-09 11:40:32 - [TEST_STEP][PASSED] - delay: Delayed 5 second(s)

2019-01-09 11:40:37 - [MESSAGE][PASSED] - Delayed 5 second(s)

2019-01-09 11:40:37 - [TEST_STEP][PASSED] - callTestCase: Call Test Case 'Test Cases/Final Aug 2018 - PKS Automation/Registration Module/New Registration/Submit and Screenshot/Submit Registration and Screenshot' successfully

2019-01-09 11:40:37 - [TEST_CASE][PASSED] - Test Cases/Final Aug 2018 - PKS Automation/Registration Module/New Registration/Submit and Screenshot/Submit Registration and Screenshot: Test Cases/Final Aug 2018 - PKS Automation/Registration Module/New Registration/Submit and Screenshot/Submit Registration and Screenshot

2019-01-09 11:40:37 - [TEST_STEP][PASSED] - delay: Delayed 6 second(s)

2019-01-09 11:40:43 - [MESSAGE][PASSED] - Delayed 6 second(s)

2019-01-09 11:40:43 - [TEST_STEP][PASSED] - click: Object: 'Object Repository/Final Object Repo/New Registration - Registration Module Pages/Third Screen - Upload Supporting Doc- Preview/Preview Submit Button' is clicked on

2019-01-09 11:40:43 - [MESSAGE][PASSED] - Object: 'Object Repository/Final Object Repo/New Registration - Registration Module Pages/Third Screen - Upload Supporting Doc- Preview/Preview Submit Button' is clicked on

2019-01-09 11:40:43 - [TEST_STEP][PASSED] - delay: Delayed 2 second(s)

2019-01-09 11:40:45 - [MESSAGE][PASSED] - Delayed 2 second(s)

2019-01-09 11:40:45 - [TEST_STEP][PASSED] - click: Object: 'Object Repository/Final Object Repo/New Registration - Registration Module Pages/Third Screen - Upload Supporting Doc- Preview/Preview Submit - Confirm' is clicked on

2019-01-09 11:40:45 - [MESSAGE][PASSED] - Object: 'Object Repository/Final Object Repo/New Registration - Registration Module Pages/Third Screen - Upload Supporting Doc- Preview/Preview Submit - Confirm' is clicked on

2019-01-09 11:40:45 - [TEST_STEP][PASSED] - delay: Delayed 15 second(s)

2019-01-09 11:41:00 - [MESSAGE][PASSED] - Delayed 15 second(s)

2019-01-09 11:41:00 - [TEST_STEP][PASSED] - Statement - driver = com.kms.katalon.core.webui.driver.DriverFactory.getWebDriver(): null

2019-01-09 11:41:00 - [TEST_STEP][PASSED] - Statement - driver.manage().timeouts().implicitlyWait(10, SECONDS): null

2019-01-09 11:41:00 - [TEST_STEP][PASSED] - Statement - PresavePath = KatalonScreenshots: null

2019-01-09 11:41:00 - [TEST_STEP][PASSED] - Statement - pathPrefix = "C:\Users\Public\Pictures\Sample Pictures\Katalon Screenshots\Automate Ending Screen": null

2019-01-09 11:41:00 - [TEST_STEP][PASSED] - Statement - finalPath = <not implemented yet for class: org.codehaus.groovy.ast.expr.EmptyExpression>: null

2019-01-09 11:41:00 - [TEST_STEP][PASSED] - Statement - scrFile = driver.getScreenshotAs(FILE): null

2019-01-09 11:41:00 - [TEST_STEP][PASSED] - Statement - PreSaveFile = new java.io.File(PresavePath): null

2019-01-09 11:41:00 - [TEST_STEP][PASSED] - Statement - counter = 0: null

2019-01-09 11:41:00 - [TEST_STEP][PASSED] - Statement - If (PreSaveFile.exists()): null

2019-01-09 11:41:00 - [TEST_STEP][PASSED] - Statement - While (PreSaveFile.exists()): null

2019-01-09 11:41:00 - [TEST_STEP][PASSED] - Statement - counter = counter + 1: null

2019-01-09 11:41:01 - [TEST_STEP][PASSED] - Statement - PreSaveFile = new java.io.File(((pathPrefix + java.lang.Integer.toString(counter)) + .png)): null

2019-01-09 11:41:01 - [TEST_STEP][PASSED] - Statement - counter = counter + 1: null

2019-01-09 11:41:01 - [TEST_STEP][PASSED] - Statement - PreSaveFile = new java.io.File(((pathPrefix + java.lang.Integer.toString(counter)) + .png)): null

2019-01-09 11:41:01 - [TEST_STEP][PASSED] - Statement - counter = counter + 1: null

2019-01-09 11:41:01 - [TEST_STEP][PASSED] - Statement - PreSaveFile = new java.io.File(((pathPrefix + java.lang.Integer.toString(counter)) + .png)): null

2019-01-09 11:41:01 - [TEST_STEP][PASSED] - Statement - counter = counter + 1: null

2019-01-09 11:41:01 - [TEST_STEP][PASSED] - Statement - PreSaveFile = new java.io.File(((pathPrefix + java.lang.Integer.toString(counter)) + .png)): null

2019-01-09 11:41:01 - [TEST_STEP][PASSED] - Statement - counter = counter + 1: null

2019-01-09 11:41:01 - [TEST_STEP][PASSED] - Statement - PreSaveFile = new java.io.File(((pathPrefix + java.lang.Integer.toString(counter)) + .png)): null

2019-01-09 11:41:01 - [TEST_STEP][PASSED] - Statement - counter = counter + 1: null

2019-01-09 11:41:01 - [TEST_STEP][PASSED] - Statement - PreSaveFile = new java.io.File(((pathPrefix + java.lang.Integer.toString(counter)) + .png)): null

2019-01-09 11:41:01 - [TEST_STEP][PASSED] - Statement - counter = counter + 1: null

2019-01-09 11:41:01 - [TEST_STEP][PASSED] - Statement - PreSaveFile = new java.io.File(((pathPrefix + java.lang.Integer.toString(counter)) + .png)): null

2019-01-09 11:41:01 - [TEST_STEP][PASSED] - Statement - counter = counter + 1: null

2019-01-09 11:41:01 - [TEST_STEP][PASSED] - Statement - PreSaveFile = new java.io.File(((pathPrefix + java.lang.Integer.toString(counter)) + .png)): null

2019-01-09 11:41:01 - [TEST_STEP][PASSED] - Statement - counter = counter + 1: null

2019-01-09 11:41:01 - [TEST_STEP][PASSED] - Statement - PreSaveFile = new java.io.File(((pathPrefix + java.lang.Integer.toString(counter)) + .png)): null

2019-01-09 11:41:01 - [TEST_STEP][PASSED] - Statement - counter = counter + 1: null

2019-01-09 11:41:01 - [TEST_STEP][PASSED] - Statement - PreSaveFile = new java.io.File(((pathPrefix + java.lang.Integer.toString(counter)) + .png)): null

2019-01-09 11:41:01 - [TEST_STEP][PASSED] - Statement - counter = counter + 1: null

2019-01-09 11:41:01 - [TEST_STEP][PASSED] - Statement - PreSaveFile = new java.io.File(((pathPrefix + java.lang.Integer.toString(counter)) + .png)): null

2019-01-09 11:41:01 - [TEST_STEP][PASSED] - Statement - counter = counter + 1: null

2019-01-09 11:41:01 - [TEST_STEP][PASSED] - Statement - PreSaveFile = new java.io.File(((pathPrefix + java.lang.Integer.toString(counter)) + .png)): null

2019-01-09 11:41:01 - [TEST_STEP][PASSED] - Statement - counter = counter + 1: null

2019-01-09 11:41:01 - [TEST_STEP][PASSED] - Statement - PreSaveFile = new java.io.File(((pathPrefix + java.lang.Integer.toString(counter)) + .png)): null

2019-01-09 11:41:01 - [TEST_STEP][PASSED] - Statement - counter = counter + 1: null

2019-01-09 11:41:01 - [TEST_STEP][PASSED] - Statement - PreSaveFile = new java.io.File(((pathPrefix + java.lang.Integer.toString(counter)) + .png)): null

2019-01-09 11:41:01 - [TEST_STEP][PASSED] - Statement - counter = counter + 1: null

2019-01-09 11:41:01 - [TEST_STEP][PASSED] - Statement - PreSaveFile = new java.io.File(((pathPrefix + java.lang.Integer.toString(counter)) + .png)): null

2019-01-09 11:41:01 - [TEST_STEP][PASSED] - Statement - counter = counter + 1: null

2019-01-09 11:41:01 - [TEST_STEP][PASSED] - Statement - PreSaveFile = new java.io.File(((pathPrefix + java.lang.Integer.toString(counter)) + .png)): null

2019-01-09 11:41:01 - [TEST_STEP][PASSED] - Statement - counter = counter + 1: null

2019-01-09 11:41:01 - [TEST_STEP][PASSED] - Statement - PreSaveFile = new java.io.File(((pathPrefix + java.lang.Integer.toString(counter)) + .png)): null

2019-01-09 11:41:01 - [TEST_STEP][PASSED] - Statement - counter = counter + 1: null

2019-01-09 11:41:01 - [TEST_STEP][PASSED] - Statement - PreSaveFile = new java.io.File(((pathPrefix + java.lang.Integer.toString(counter)) + .png)): null

2019-01-09 11:41:01 - [TEST_STEP][PASSED] - Statement - counter = counter + 1: null

2019-01-09 11:41:01 - [TEST_STEP][PASSED] - Statement - PreSaveFile = new java.io.File(((pathPrefix + java.lang.Integer.toString(counter)) + .png)): null

2019-01-09 11:41:01 - [TEST_STEP][PASSED] - Statement - counter = counter + 1: null

2019-01-09 11:41:01 - [TEST_STEP][PASSED] - Statement - PreSaveFile = new java.io.File(((pathPrefix + java.lang.Integer.toString(counter)) + .png)): null

2019-01-09 11:41:01 - [TEST_STEP][PASSED] - Statement - counter = counter + 1: null

2019-01-09 11:41:01 - [TEST_STEP][PASSED] - Statement - PreSaveFile = new java.io.File(((pathPrefix + java.lang.Integer.toString(counter)) + .png)): null

2019-01-09 11:41:01 - [TEST_STEP][PASSED] - Statement - counter = counter + 1: null

2019-01-09 11:41:01 - [TEST_STEP][PASSED] - Statement - PreSaveFile = new java.io.File(((pathPrefix + java.lang.Integer.toString(counter)) + .png)): null

2019-01-09 11:41:01 - [TEST_STEP][PASSED] - Statement - counter = counter + 1: null

2019-01-09 11:41:01 - [TEST_STEP][PASSED] - Statement - PreSaveFile = new java.io.File(((pathPrefix + java.lang.Integer.toString(counter)) + .png)): null

2019-01-09 11:41:01 - [TEST_STEP][PASSED] - Statement - counter = counter + 1: null

2019-01-09 11:41:01 - [TEST_STEP][PASSED] - Statement - PreSaveFile = new java.io.File(((pathPrefix + java.lang.Integer.toString(counter)) + .png)): null

2019-01-09 11:41:01 - [TEST_STEP][PASSED] - Statement - counter = counter + 1: null

2019-01-09 11:41:01 - [TEST_STEP][PASSED] - Statement - PreSaveFile = new java.io.File(((pathPrefix + java.lang.Integer.toString(counter)) + .png)): null

2019-01-09 11:41:01 - [TEST_STEP][PASSED] - Statement - counter = counter + 1: null

2019-01-09 11:41:01 - [TEST_STEP][PASSED] - Statement - PreSaveFile = new java.io.File(((pathPrefix + java.lang.Integer.toString(counter)) + .png)): null

2019-01-09 11:41:01 - [TEST_STEP][PASSED] - Statement - counter = counter + 1: null

2019-01-09 11:41:01 - [TEST_STEP][PASSED] - Statement - PreSaveFile = new java.io.File(((pathPrefix + java.lang.Integer.toString(counter)) + .png)): null

2019-01-09 11:41:01 - [TEST_STEP][PASSED] - Statement - counter = counter + 1: null

2019-01-09 11:41:01 - [TEST_STEP][PASSED] - Statement - PreSaveFile = new java.io.File(((pathPrefix + java.lang.Integer.toString(counter)) + .png)): null

2019-01-09 11:41:01 - [TEST_STEP][PASSED] - Statement - counter = counter + 1: null

2019-01-09 11:41:01 - [TEST_STEP][PASSED] - Statement - PreSaveFile = new java.io.File(((pathPrefix + java.lang.Integer.toString(counter)) + .png)): null

2019-01-09 11:41:01 - [TEST_STEP][PASSED] - Statement - counter = counter + 1: null

2019-01-09 11:41:01 - [TEST_STEP][PASSED] - Statement - PreSaveFile = new java.io.File(((pathPrefix + java.lang.Integer.toString(counter)) + .png)): null

2019-01-09 11:41:01 - [TEST_STEP][PASSED] - Statement - counter = counter + 1: null

2019-01-09 11:41:01 - [TEST_STEP][PASSED] - Statement - PreSaveFile = new java.io.File(((pathPrefix + java.lang.Integer.toString(counter)) + .png)): null

2019-01-09 11:41:01 - [TEST_STEP][PASSED] - Statement - counter = counter + 1: null

2019-01-09 11:41:01 - [TEST_STEP][PASSED] - Statement - PreSaveFile = new java.io.File(((pathPrefix + java.lang.Integer.toString(counter)) + .png)): null

2019-01-09 11:41:02 - [TEST_STEP][PASSED] - Statement - counter = counter + 1: null

2019-01-09 11:41:02 - [TEST_STEP][PASSED] - Statement - PreSaveFile = new java.io.File(((pathPrefix + java.lang.Integer.toString(counter)) + .png)): null

2019-01-09 11:41:02 - [TEST_STEP][PASSED] - Statement - counter = counter + 1: null

2019-01-09 11:41:02 - [TEST_STEP][PASSED] - Statement - PreSaveFile = new java.io.File(((pathPrefix + java.lang.Integer.toString(counter)) + .png)): null

2019-01-09 11:41:02 - [TEST_STEP][PASSED] - Statement - counter = counter + 1: null

2019-01-09 11:41:02 - [TEST_STEP][PASSED] - Statement - PreSaveFile = new java.io.File(((pathPrefix + java.lang.Integer.toString(counter)) + .png)): null

2019-01-09 11:41:02 - [TEST_STEP][PASSED] - Statement - counter = counter + 1: null

2019-01-09 11:41:02 - [TEST_STEP][PASSED] - Statement - PreSaveFile = new java.io.File(((pathPrefix + java.lang.Integer.toString(counter)) + .png)): null

2019-01-09 11:41:02 - [TEST_STEP][PASSED] - Statement - counter = counter + 1: null

2019-01-09 11:41:02 - [TEST_STEP][PASSED] - Statement - PreSaveFile = new java.io.File(((pathPrefix + java.lang.Integer.toString(counter)) + .png)): null

2019-01-09 11:41:02 - [TEST_STEP][PASSED] - Statement - counter = counter + 1: null

2019-01-09 11:41:02 - [TEST_STEP][PASSED] - Statement - PreSaveFile = new java.io.File(((pathPrefix + java.lang.Integer.toString(counter)) + .png)): null

2019-01-09 11:41:02 - [TEST_STEP][PASSED] - Statement - counter = counter + 1: null

2019-01-09 11:41:02 - [TEST_STEP][PASSED] - Statement - PreSaveFile = new java.io.File(((pathPrefix + java.lang.Integer.toString(counter)) + .png)): null

2019-01-09 11:41:02 - [TEST_STEP][PASSED] - Statement - counter = counter + 1: null

2019-01-09 11:41:02 - [TEST_STEP][PASSED] - Statement - PreSaveFile = new java.io.File(((pathPrefix + java.lang.Integer.toString(counter)) + .png)): null

2019-01-09 11:41:02 - [TEST_STEP][PASSED] - Statement - counter = counter + 1: null

2019-01-09 11:41:02 - [TEST_STEP][PASSED] - Statement - PreSaveFile = new java.io.File(((pathPrefix + java.lang.Integer.toString(counter)) + .png)): null

2019-01-09 11:41:02 - [TEST_STEP][PASSED] - Statement - counter = counter + 1: null

2019-01-09 11:41:02 - [TEST_STEP][PASSED] - Statement - PreSaveFile = new java.io.File(((pathPrefix + java.lang.Integer.toString(counter)) + .png)): null

2019-01-09 11:41:02 - [TEST_STEP][PASSED] - Statement - counter = counter + 1: null

2019-01-09 11:41:02 - [TEST_STEP][PASSED] - Statement - PreSaveFile = new java.io.File(((pathPrefix + java.lang.Integer.toString(counter)) + .png)): null

2019-01-09 11:41:02 - [TEST_STEP][PASSED] - Statement - counter = counter + 1: null

2019-01-09 11:41:02 - [TEST_STEP][PASSED] - Statement - PreSaveFile = new java.io.File(((pathPrefix + java.lang.Integer.toString(counter)) + .png)): null

2019-01-09 11:41:02 - [TEST_STEP][PASSED] - Statement - counter = counter + 1: null

2019-01-09 11:41:02 - [TEST_STEP][PASSED] - Statement - PreSaveFile = new java.io.File(((pathPrefix + java.lang.Integer.toString(counter)) + .png)): null

2019-01-09 11:41:02 - [TEST_STEP][PASSED] - Statement - counter = counter + 1: null

2019-01-09 11:41:02 - [TEST_STEP][PASSED] - Statement - PreSaveFile = new java.io.File(((pathPrefix + java.lang.Integer.toString(counter)) + .png)): null

2019-01-09 11:41:02 - [TEST_STEP][PASSED] - Statement - counter = counter + 1: null

2019-01-09 11:41:02 - [TEST_STEP][PASSED] - Statement - PreSaveFile = new java.io.File(((pathPrefix + java.lang.Integer.toString(counter)) + .png)): null

2019-01-09 11:41:03 - [TEST_STEP][PASSED] - Statement - counter = counter + 1: null

2019-01-09 11:41:03 - [TEST_STEP][PASSED] - Statement - PreSaveFile = new java.io.File(((pathPrefix + java.lang.Integer.toString(counter)) + .png)): null

2019-01-09 11:41:03 - [TEST_STEP][PASSED] - Statement - counter = counter + 1: null

2019-01-09 11:41:03 - [TEST_STEP][PASSED] - Statement - PreSaveFile = new java.io.File(((pathPrefix + java.lang.Integer.toString(counter)) + .png)): null

2019-01-09 11:41:03 - [TEST_STEP][PASSED] - Statement - counter = counter + 1: null

2019-01-09 11:41:03 - [TEST_STEP][PASSED] - Statement - PreSaveFile = new java.io.File(((pathPrefix + java.lang.Integer.toString(counter)) + .png)): null

2019-01-09 11:41:03 - [TEST_STEP][PASSED] - Statement - counter = counter + 1: null

2019-01-09 11:41:03 - [TEST_STEP][PASSED] - Statement - PreSaveFile = new java.io.File(((pathPrefix + java.lang.Integer.toString(counter)) + .png)): null

2019-01-09 11:41:03 - [TEST_STEP][PASSED] - Statement - counter = counter + 1: null

2019-01-09 11:41:03 - [TEST_STEP][PASSED] - Statement - PreSaveFile = new java.io.File(((pathPrefix + java.lang.Integer.toString(counter)) + .png)): null

2019-01-09 11:41:03 - [TEST_STEP][PASSED] - Statement - counter = counter + 1: null

2019-01-09 11:41:03 - [TEST_STEP][PASSED] - Statement - PreSaveFile = new java.io.File(((pathPrefix + java.lang.Integer.toString(counter)) + .png)): null

2019-01-09 11:41:03 - [TEST_STEP][PASSED] - Statement - counter = counter + 1: null

2019-01-09 11:41:03 - [TEST_STEP][PASSED] - Statement - PreSaveFile = new java.io.File(((pathPrefix + java.lang.Integer.toString(counter)) + .png)): null

2019-01-09 11:41:03 - [TEST_STEP][PASSED] - Statement - counter = counter + 1: null

2019-01-09 11:41:03 - [TEST_STEP][PASSED] - Statement - PreSaveFile = new java.io.File(((pathPrefix + java.lang.Integer.toString(counter)) + .png)): null

2019-01-09 11:41:03 - [TEST_STEP][PASSED] - Statement - finalPath = pathPrefix + java.lang.Integer.toString(counter) + ".png": null

2019-01-09 11:41:03 - [TEST_STEP][PASSED] - Statement - SaveFile = new java.io.File(finalPath): null

2019-01-09 11:41:03 - [TEST_STEP][PASSED] - Statement - Try: null

2019-01-09 11:41:03 - [TEST_STEP][PASSED] - Statement - org.apache.commons.io.FileUtils.copyFile(scrFile, SaveFile): null

2019-01-09 11:41:03 - [TEST_STEP][PASSED] - Statement - out.println("file kept"): null

2019-01-09 11:41:03 - [TEST_STEP][PASSED] - delay: Delayed 10 second(s)

2019-01-09 11:41:13 - [MESSAGE][PASSED] - Delayed 10 second(s)

2019-01-09 11:41:13 - [MESSAGE][PASSED] - Call Test Case 'Test Cases/Final Aug 2018 - PKS Automation/Registration Module/New Registration/Submit and Screenshot/Submit Registration and Screenshot' successfully

2019-01-09 11:41:13 - [TEST_STEP][PASSED] - callTestCase: Call Test Case 'Test Cases/Final Aug 2018 - PKS Automation/Registration Module/Log Out/log out avoiding katalon tagging' successfully

2019-01-09 11:41:13 - [TEST_CASE][PASSED] - Test Cases/Final Aug 2018 - PKS Automation/Registration Module/Log Out/log out avoiding katalon tagging: Test Cases/Final Aug 2018 - PKS Automation/Registration Module/Log Out/log out avoiding katalon tagging

2019-01-09 11:41:13 - [TEST_STEP][PASSED] - navigateToUrl: Navigate to 'https://assist2-uat.perkeso.gov.my/c/portal/logout' successfully

2019-01-09 11:41:14 - [MESSAGE][PASSED] - Navigate to 'https://assist2-uat.perkeso.gov.my/c/portal/logout' successfully

2019-01-09 11:41:14 - [MESSAGE][PASSED] - Call Test Case 'Test Cases/Final Aug 2018 - PKS Automation/Registration Module/Log Out/log out avoiding katalon tagging' successfully]]></system-out>
         <system-err><![CDATA[]]></system-err>
      </testcase>
      <testcase name="Test Cases/Final Aug 2018 - PKS Automation/Registration Module/Workflow/New Registration/Employer to RO - Query - Submit" classname="Test Cases/Final Aug 2018 - PKS Automation/Registration Module/Workflow/New Registration/Employer to RO - Query - Submit" status="FAILED">
         <failure type="FAILED" message="(Stack trace: com.kms.katalon.core.exception.StepFailedException: Unable to set text 'CRN01201900123677' of object 'Object Repository/Final Object Repo/New Registration - Registration Module Pages/New Reg - OTC to RO/Special Case - All Related Objects/TextBox RefNo in Workbasket' (Root cause: org.openqa.selenium.ElementNotVisibleException: element not interactable
  (Session info: chrome=71.0.3578.98)
  (Driver info: chromedriver=2.43.600210 (68dcf5eebde37173d4027fa8635e332711d2874a),platform=Windows NT 6.1.7601 SP1 x86_64) (WARNING: The server did not provide any stacktrace information)
Command duration or timeout: 0 milliseconds
Build info: version: '3.7.1', revision: '8a0099a', time: '2017-11-06T21:07:36.161Z'
System info: host: 'WIN7TEST02', ip: '10.20.3.72', os.name: 'Windows 7', os.arch: 'amd64', os.version: '6.1', java.version: '1.8.0_181'
Driver info: com.kms.katalon.selenium.driver.CChromeDriver
Capabilities {acceptInsecureCerts: false, acceptSslCerts: false, applicationCacheEnabled: false, browserConnectionEnabled: false, browserName: chrome, chrome: {chromedriverVersion: 2.43.600210 (68dcf5eebde371..., userDataDir: C:\Users\Admin\AppData\Loca...}, cssSelectorsEnabled: true, databaseEnabled: false, goog:chromeOptions: {debuggerAddress: localhost:53446}, handlesAlerts: true, hasTouchScreen: false, javascriptEnabled: true, locationContextEnabled: true, mobileEmulationEnabled: false, nativeEvents: true, networkConnectionEnabled: false, pageLoadStrategy: normal, platform: XP, platformName: XP, rotatable: false, setWindowRect: true, takesHeapSnapshot: true, takesScreenshot: true, unexpectedAlertBehaviour: , unhandledPromptBehavior: , version: 71.0.3578.98, webStorageEnabled: true}
Session ID: 35f8911332ef103c102f705ecb11e9fb)
	at com.kms.katalon.core.keyword.internal.KeywordMain.stepFailed(KeywordMain.groovy:32)
	at com.kms.katalon.core.webui.keyword.internal.WebUIKeywordMain.stepFailed(WebUIKeywordMain.groovy:65)
	at com.kms.katalon.core.webui.keyword.internal.WebUIKeywordMain.runKeyword(WebUIKeywordMain.groovy:27)
	at com.kms.katalon.core.webui.keyword.builtin.SetTextKeyword.setText(SetTextKeyword.groovy:65)
	at com.kms.katalon.core.webui.keyword.builtin.SetTextKeyword.execute(SetTextKeyword.groovy:37)
	at com.kms.katalon.core.keyword.internal.KeywordExecutor.executeKeywordForPlatform(KeywordExecutor.groovy:53)
	at com.kms.katalon.core.webui.keyword.WebUiBuiltInKeywords.setText(WebUiBuiltInKeywords.groovy:950)
	at com.kms.katalon.core.webui.keyword.WebUiBuiltInKeywords$setText$1.call(Unknown Source)
	at org.codehaus.groovy.runtime.callsite.CallSiteArray.defaultCall(CallSiteArray.java:48)
	at org.codehaus.groovy.runtime.callsite.AbstractCallSite.call(AbstractCallSite.java:113)
	at org.codehaus.groovy.runtime.callsite.AbstractCallSite.call(AbstractCallSite.java:133)
	at Script1537248112379.run(Script1537248112379.groovy:87)
	at com.kms.katalon.core.main.ScriptEngine.run(ScriptEngine.java:183)
	at com.kms.katalon.core.main.ScriptEngine.runScriptAsRawText(ScriptEngine.java:108)
	at com.kms.katalon.core.main.TestCaseExecutor.runScript(TestCaseExecutor.java:294)
	at com.kms.katalon.core.main.TestCaseExecutor.doExecute(TestCaseExecutor.java:285)
	at com.kms.katalon.core.main.TestCaseExecutor.processExecutionPhase(TestCaseExecutor.java:264)
	at com.kms.katalon.core.main.TestCaseExecutor.accessMainPhase(TestCaseExecutor.java:256)
	at com.kms.katalon.core.main.TestCaseExecutor.execute(TestCaseExecutor.java:200)
	at com.kms.katalon.core.main.TestSuiteExecutor.accessTestCaseMainPhase(TestSuiteExecutor.java:129)
	at com.kms.katalon.core.main.TestSuiteExecutor.accessTestSuiteMainPhase(TestSuiteExecutor.java:112)
	at com.kms.katalon.core.main.TestSuiteExecutor.execute(TestSuiteExecutor.java:81)
	at com.kms.katalon.core.main.TestCaseMain.startTestSuite(TestCaseMain.java:142)
	at com.kms.katalon.core.main.TestCaseMain$startTestSuite$0.call(Unknown Source)
	at org.codehaus.groovy.runtime.callsite.CallSiteArray.defaultCall(CallSiteArray.java:48)
	at org.codehaus.groovy.runtime.callsite.AbstractCallSite.call(AbstractCallSite.java:113)
	at org.codehaus.groovy.runtime.callsite.AbstractCallSite.call(AbstractCallSite.java:141)
	at TempTestSuite1547001716520.run(TempTestSuite1547001716520.groovy:36)
	at groovy.lang.GroovyShell.runScriptOrMainOrTestOrRunnable(GroovyShell.java:263)
	at groovy.lang.GroovyShell.run(GroovyShell.java:518)
	at groovy.lang.GroovyShell.run(GroovyShell.java:507)
	at groovy.ui.GroovyMain.processOnce(GroovyMain.java:653)
	at groovy.ui.GroovyMain.run(GroovyMain.java:384)
	at groovy.ui.GroovyMain.process(GroovyMain.java:370)
	at groovy.ui.GroovyMain.processArgs(GroovyMain.java:129)
	at groovy.ui.GroovyMain.main(GroovyMain.java:109)
	at sun.reflect.NativeMethodAccessorImpl.invoke0(Native Method)
	at sun.reflect.NativeMethodAccessorImpl.invoke(NativeMethodAccessorImpl.java:62)
	at sun.reflect.DelegatingMethodAccessorImpl.invoke(DelegatingMethodAccessorImpl.java:43)
	at java.lang.reflect.Method.invoke(Method.java:498)
	at org.codehaus.groovy.tools.GroovyStarter.rootLoader(GroovyStarter.java:109)
	at org.codehaus.groovy.tools.GroovyStarter.main(GroovyStarter.java:131)
)"/>
         <system-out><![CDATA[2019-01-09 11:41:14 - [TEST_CASE][FAILED] - Test Cases/Final Aug 2018 - PKS Automation/Registration Module/Workflow/New Registration/Employer to RO - Query - Submit: Test Cases/Final Aug 2018 - PKS Automation/Registration Module/Workflow/New Registration/Employer to RO - Query - Submit FAILED because (of) (Stack trace: com.kms.katalon.core.exception.StepFailedException: Unable to set text 'CRN01201900123677' of object 'Object Repository/Final Object Repo/New Registration - Registration Module Pages/New Reg - OTC to RO/Special Case - All Related Objects/TextBox RefNo in Workbasket' (Root cause: org.openqa.selenium.ElementNotVisibleException: element not interactable
  (Session info: chrome=71.0.3578.98)
  (Driver info: chromedriver=2.43.600210 (68dcf5eebde37173d4027fa8635e332711d2874a),platform=Windows NT 6.1.7601 SP1 x86_64) (WARNING: The server did not provide any stacktrace information)
Command duration or timeout: 0 milliseconds
Build info: version: '3.7.1', revision: '8a0099a', time: '2017-11-06T21:07:36.161Z'
System info: host: 'WIN7TEST02', ip: '10.20.3.72', os.name: 'Windows 7', os.arch: 'amd64', os.version: '6.1', java.version: '1.8.0_181'
Driver info: com.kms.katalon.selenium.driver.CChromeDriver
Capabilities {acceptInsecureCerts: false, acceptSslCerts: false, applicationCacheEnabled: false, browserConnectionEnabled: false, browserName: chrome, chrome: {chromedriverVersion: 2.43.600210 (68dcf5eebde371..., userDataDir: C:\Users\Admin\AppData\Loca...}, cssSelectorsEnabled: true, databaseEnabled: false, goog:chromeOptions: {debuggerAddress: localhost:53446}, handlesAlerts: true, hasTouchScreen: false, javascriptEnabled: true, locationContextEnabled: true, mobileEmulationEnabled: false, nativeEvents: true, networkConnectionEnabled: false, pageLoadStrategy: normal, platform: XP, platformName: XP, rotatable: false, setWindowRect: true, takesHeapSnapshot: true, takesScreenshot: true, unexpectedAlertBehaviour: , unhandledPromptBehavior: , version: 71.0.3578.98, webStorageEnabled: true}
Session ID: 35f8911332ef103c102f705ecb11e9fb)
	at com.kms.katalon.core.keyword.internal.KeywordMain.stepFailed(KeywordMain.groovy:32)
	at com.kms.katalon.core.webui.keyword.internal.WebUIKeywordMain.stepFailed(WebUIKeywordMain.groovy:65)
	at com.kms.katalon.core.webui.keyword.internal.WebUIKeywordMain.runKeyword(WebUIKeywordMain.groovy:27)
	at com.kms.katalon.core.webui.keyword.builtin.SetTextKeyword.setText(SetTextKeyword.groovy:65)
	at com.kms.katalon.core.webui.keyword.builtin.SetTextKeyword.execute(SetTextKeyword.groovy:37)
	at com.kms.katalon.core.keyword.internal.KeywordExecutor.executeKeywordForPlatform(KeywordExecutor.groovy:53)
	at com.kms.katalon.core.webui.keyword.WebUiBuiltInKeywords.setText(WebUiBuiltInKeywords.groovy:950)
	at com.kms.katalon.core.webui.keyword.WebUiBuiltInKeywords$setText$1.call(Unknown Source)
	at org.codehaus.groovy.runtime.callsite.CallSiteArray.defaultCall(CallSiteArray.java:48)
	at org.codehaus.groovy.runtime.callsite.AbstractCallSite.call(AbstractCallSite.java:113)
	at org.codehaus.groovy.runtime.callsite.AbstractCallSite.call(AbstractCallSite.java:133)
	at Script1537248112379.run(Script1537248112379.groovy:87)
	at com.kms.katalon.core.main.ScriptEngine.run(ScriptEngine.java:183)
	at com.kms.katalon.core.main.ScriptEngine.runScriptAsRawText(ScriptEngine.java:108)
	at com.kms.katalon.core.main.TestCaseExecutor.runScript(TestCaseExecutor.java:294)
	at com.kms.katalon.core.main.TestCaseExecutor.doExecute(TestCaseExecutor.java:285)
	at com.kms.katalon.core.main.TestCaseExecutor.processExecutionPhase(TestCaseExecutor.java:264)
	at com.kms.katalon.core.main.TestCaseExecutor.accessMainPhase(TestCaseExecutor.java:256)
	at com.kms.katalon.core.main.TestCaseExecutor.execute(TestCaseExecutor.java:200)
	at com.kms.katalon.core.main.TestSuiteExecutor.accessTestCaseMainPhase(TestSuiteExecutor.java:129)
	at com.kms.katalon.core.main.TestSuiteExecutor.accessTestSuiteMainPhase(TestSuiteExecutor.java:112)
	at com.kms.katalon.core.main.TestSuiteExecutor.execute(TestSuiteExecutor.java:81)
	at com.kms.katalon.core.main.TestCaseMain.startTestSuite(TestCaseMain.java:142)
	at com.kms.katalon.core.main.TestCaseMain$startTestSuite$0.call(Unknown Source)
	at org.codehaus.groovy.runtime.callsite.CallSiteArray.defaultCall(CallSiteArray.java:48)
	at org.codehaus.groovy.runtime.callsite.AbstractCallSite.call(AbstractCallSite.java:113)
	at org.codehaus.groovy.runtime.callsite.AbstractCallSite.call(AbstractCallSite.java:141)
	at TempTestSuite1547001716520.run(TempTestSuite1547001716520.groovy:36)
	at groovy.lang.GroovyShell.runScriptOrMainOrTestOrRunnable(GroovyShell.java:263)
	at groovy.lang.GroovyShell.run(GroovyShell.java:518)
	at groovy.lang.GroovyShell.run(GroovyShell.java:507)
	at groovy.ui.GroovyMain.processOnce(GroovyMain.java:653)
	at groovy.ui.GroovyMain.run(GroovyMain.java:384)
	at groovy.ui.GroovyMain.process(GroovyMain.java:370)
	at groovy.ui.GroovyMain.processArgs(GroovyMain.java:129)
	at groovy.ui.GroovyMain.main(GroovyMain.java:109)
	at sun.reflect.NativeMethodAccessorImpl.invoke0(Native Method)
	at sun.reflect.NativeMethodAccessorImpl.invoke(NativeMethodAccessorImpl.java:62)
	at sun.reflect.DelegatingMethodAccessorImpl.invoke(DelegatingMethodAccessorImpl.java:43)
	at java.lang.reflect.Method.invoke(Method.java:498)
	at org.codehaus.groovy.tools.GroovyStarter.rootLoader(GroovyStarter.java:109)
	at org.codehaus.groovy.tools.GroovyStarter.main(GroovyStarter.java:131)
)

2019-01-09 11:41:15 - [TEST_STEP][PASSED] - callTestCase: Call Test Case 'Test Cases/Final Aug 2018 - PKS Automation/Registration Module/Workflow/New Registration/Template/Special Case - Employer - Form 1' successfully

2019-01-09 11:41:15 - [TEST_CASE][PASSED] - Test Cases/Final Aug 2018 - PKS Automation/Registration Module/Workflow/New Registration/Template/Special Case - Employer - Form 1: Test Cases/Final Aug 2018 - PKS Automation/Registration Module/Workflow/New Registration/Template/Special Case - Employer - Form 1

2019-01-09 11:41:15 - [TEST_STEP][PASSED] - callTestCase: Call Test Case 'Test Cases/Final Aug 2018 - PKS Automation/Create Employer Acc/Create Employer Account' successfully

2019-01-09 11:41:15 - [TEST_CASE][PASSED] - Test Cases/Final Aug 2018 - PKS Automation/Create Employer Acc/Create Employer Account: Test Cases/Final Aug 2018 - PKS Automation/Create Employer Acc/Create Employer Account

2019-01-09 11:41:15 - [TEST_STEP][PASSED] - callTestCase: Call Test Case 'Test Cases/Final Aug 2018 - PKS Automation/Create Employer Acc/Template/Register Employer' successfully

2019-01-09 11:41:15 - [TEST_CASE][PASSED] - Test Cases/Final Aug 2018 - PKS Automation/Create Employer Acc/Template/Register Employer: Test Cases/Final Aug 2018 - PKS Automation/Create Employer Acc/Template/Register Employer

2019-01-09 11:41:16 - [TEST_STEP][PASSED] - openBrowser: Browser is opened with url: ''

2019-01-09 11:41:16 - [MESSAGE][WARNING] - A browser is already opened. Closing browser and opening a new one

2019-01-09 11:41:18 - [MESSAGE][PASSED] - Browser is opened with url: ''

2019-01-09 11:41:18 - [TEST_STEP][PASSED] - navigateToUrl: Navigate to 'https://assist2-uat.perkeso.gov.my/login' successfully

2019-01-09 11:41:20 - [MESSAGE][PASSED] - Navigate to 'https://assist2-uat.perkeso.gov.my/login' successfully

2019-01-09 11:41:20 - [TEST_STEP][PASSED] - setText: Text 'johorotc1@gmail.com' is set on object 'Object Repository/Final Object Repo/Login Page/Internal User/Email Address'

2019-01-09 11:41:20 - [MESSAGE][PASSED] - Text 'johorotc1@gmail.com' is set on object 'Object Repository/Final Object Repo/Login Page/Internal User/Email Address'

2019-01-09 11:41:20 - [TEST_STEP][PASSED] - click: Object: 'Object Repository/Final Object Repo/Login Page/Internal User/Next Button' is clicked on

2019-01-09 11:41:20 - [MESSAGE][PASSED] - Object: 'Object Repository/Final Object Repo/Login Page/Internal User/Next Button' is clicked on

2019-01-09 11:41:20 - [TEST_STEP][PASSED] - delay: Delayed 1 second(s)

2019-01-09 11:41:21 - [MESSAGE][PASSED] - Delayed 1 second(s)

2019-01-09 11:41:21 - [TEST_STEP][PASSED] - setEncryptedText: Text ****** has been set on object 'Object Repository/Final Object Repo/Login Page/Internal User/Password'

2019-01-09 11:41:22 - [MESSAGE][PASSED] - Text ****** has been set on object 'Object Repository/Final Object Repo/Login Page/Internal User/Password'

2019-01-09 11:41:22 - [TEST_STEP][PASSED] - click: Object: 'Object Repository/Final Object Repo/Login Page/Internal User/Login Button' is clicked on

2019-01-09 11:41:22 - [MESSAGE][PASSED] - Object: 'Object Repository/Final Object Repo/Login Page/Internal User/Login Button' is clicked on

2019-01-09 11:41:22 - [TEST_STEP][PASSED] - delay: Delayed 1 second(s)

2019-01-09 11:41:23 - [MESSAGE][PASSED] - Delayed 1 second(s)

2019-01-09 11:41:23 - [TEST_STEP][PASSED] - navigateToUrl: Navigate to 'https://assist2-uat.perkeso.gov.my/web/base/portal-id/registration' successfully

2019-01-09 11:41:26 - [MESSAGE][PASSED] - Navigate to 'https://assist2-uat.perkeso.gov.my/web/base/portal-id/registration' successfully

2019-01-09 11:41:26 - [TEST_STEP][PASSED] - setText: Text 'AUTOMATION EMPLOYER' is set on object 'Object Repository/Final Object Repo/Creating Employer Account/Page_Registration - ASSIST (Base)/Employer Name'

2019-01-09 11:41:26 - [MESSAGE][PASSED] - Text 'AUTOMATION EMPLOYER' is set on object 'Object Repository/Final Object Repo/Creating Employer Account/Page_Registration - ASSIST (Base)/Employer Name'

2019-01-09 11:41:26 - [TEST_STEP][PASSED] - delay: Delayed 2 second(s)

2019-01-09 11:41:28 - [MESSAGE][PASSED] - Delayed 2 second(s)

2019-01-09 11:41:28 - [TEST_STEP][PASSED] - click: Object: 'Object Repository/Final Object Repo/Creating Employer Account/Page_Registration - ASSIST (Base)/Registration Type' is clicked on

2019-01-09 11:41:29 - [MESSAGE][PASSED] - Object: 'Object Repository/Final Object Repo/Creating Employer Account/Page_Registration - ASSIST (Base)/Registration Type' is clicked on

2019-01-09 11:41:29 - [TEST_STEP][PASSED] - delay: Delayed 2 second(s)

2019-01-09 11:41:31 - [MESSAGE][PASSED] - Delayed 2 second(s)

2019-01-09 11:41:31 - [TEST_STEP][PASSED] - click: Object: 'Object Repository/Final Object Repo/Creating Employer Account/Page_Registration - ASSIST (Base)/Registration Type - Registration No' is clicked on

2019-01-09 11:41:31 - [MESSAGE][PASSED] - Object: 'Object Repository/Final Object Repo/Creating Employer Account/Page_Registration - ASSIST (Base)/Registration Type - Registration No' is clicked on

2019-01-09 11:41:31 - [TEST_STEP][PASSED] - delay: Delayed 2 second(s)

2019-01-09 11:41:33 - [MESSAGE][PASSED] - Delayed 2 second(s)

2019-01-09 11:41:33 - [TEST_STEP][PASSED] - setText: Text 'AUTOMATE001' is set on object 'Object Repository/Final Object Repo/Creating Employer Account/Page_Registration - ASSIST (Base)/Registration Number'

2019-01-09 11:41:33 - [MESSAGE][PASSED] - Text 'AUTOMATE001' is set on object 'Object Repository/Final Object Repo/Creating Employer Account/Page_Registration - ASSIST (Base)/Registration Number'

2019-01-09 11:41:33 - [TEST_STEP][PASSED] - delay: Delayed 2 second(s)

2019-01-09 11:41:35 - [MESSAGE][PASSED] - Delayed 2 second(s)

2019-01-09 11:41:35 - [TEST_STEP][PASSED] - setText: Text 'ADDRESS 1' is set on object 'Object Repository/Final Object Repo/Creating Employer Account/Page_Registration - ASSIST (Base)/Postal Address 1'

2019-01-09 11:41:36 - [MESSAGE][PASSED] - Text 'ADDRESS 1' is set on object 'Object Repository/Final Object Repo/Creating Employer Account/Page_Registration - ASSIST (Base)/Postal Address 1'

2019-01-09 11:41:36 - [TEST_STEP][PASSED] - setText: Text 'ADDRESS 2' is set on object 'Object Repository/Final Object Repo/Creating Employer Account/Page_Registration - ASSIST (Base)/Postal Address 2'

2019-01-09 11:41:36 - [MESSAGE][PASSED] - Text 'ADDRESS 2' is set on object 'Object Repository/Final Object Repo/Creating Employer Account/Page_Registration - ASSIST (Base)/Postal Address 2'

2019-01-09 11:41:36 - [TEST_STEP][PASSED] - click: Object: 'Object Repository/Final Object Repo/Creating Employer Account/Page_Registration - ASSIST (Base)/State' is clicked on

2019-01-09 11:41:36 - [MESSAGE][PASSED] - Object: 'Object Repository/Final Object Repo/Creating Employer Account/Page_Registration - ASSIST (Base)/State' is clicked on

2019-01-09 11:41:36 - [TEST_STEP][PASSED] - delay: Delayed 2 second(s)

2019-01-09 11:41:38 - [MESSAGE][PASSED] - Delayed 2 second(s)

2019-01-09 11:41:38 - [TEST_STEP][PASSED] - click: Object: 'Object Repository/Final Object Repo/Creating Employer Account/Page_Registration - ASSIST (Base)/State - Johor' is clicked on

2019-01-09 11:41:38 - [MESSAGE][PASSED] - Object: 'Object Repository/Final Object Repo/Creating Employer Account/Page_Registration - ASSIST (Base)/State - Johor' is clicked on

2019-01-09 11:41:38 - [TEST_STEP][PASSED] - delay: Delayed 2 second(s)

2019-01-09 11:41:40 - [MESSAGE][PASSED] - Delayed 2 second(s)

2019-01-09 11:41:40 - [TEST_STEP][PASSED] - click: Object: 'Object Repository/Final Object Repo/Creating Employer Account/Page_Registration - ASSIST (Base)/City' is clicked on

2019-01-09 11:41:41 - [MESSAGE][PASSED] - Object: 'Object Repository/Final Object Repo/Creating Employer Account/Page_Registration - ASSIST (Base)/City' is clicked on

2019-01-09 11:41:41 - [TEST_STEP][PASSED] - delay: Delayed 2 second(s)

2019-01-09 11:41:43 - [MESSAGE][PASSED] - Delayed 2 second(s)

2019-01-09 11:41:43 - [TEST_STEP][PASSED] - setText: Text 'joh' is set on object 'Object Repository/Final Object Repo/Creating Employer Account/Page_Registration - ASSIST (Base)/City - joh'

2019-01-09 11:41:43 - [MESSAGE][PASSED] - Text 'joh' is set on object 'Object Repository/Final Object Repo/Creating Employer Account/Page_Registration - ASSIST (Base)/City - joh'

2019-01-09 11:41:43 - [TEST_STEP][PASSED] - delay: Delayed 2 second(s)

2019-01-09 11:41:45 - [MESSAGE][PASSED] - Delayed 2 second(s)

2019-01-09 11:41:45 - [TEST_STEP][PASSED] - click: Object: 'Object Repository/Final Object Repo/Creating Employer Account/Page_Registration - ASSIST (Base)/City - Johor Bharu' is clicked on

2019-01-09 11:41:45 - [MESSAGE][PASSED] - Object: 'Object Repository/Final Object Repo/Creating Employer Account/Page_Registration - ASSIST (Base)/City - Johor Bharu' is clicked on

2019-01-09 11:41:45 - [TEST_STEP][PASSED] - delay: Delayed 2 second(s)

2019-01-09 11:41:47 - [MESSAGE][PASSED] - Delayed 2 second(s)

2019-01-09 11:41:47 - [TEST_STEP][PASSED] - click: Object: 'Object Repository/Final Object Repo/Creating Employer Account/Page_Registration - ASSIST (Base)/Post Code' is clicked on

2019-01-09 11:41:47 - [MESSAGE][PASSED] - Object: 'Object Repository/Final Object Repo/Creating Employer Account/Page_Registration - ASSIST (Base)/Post Code' is clicked on

2019-01-09 11:41:47 - [TEST_STEP][PASSED] - delay: Delayed 2 second(s)

2019-01-09 11:41:49 - [MESSAGE][PASSED] - Delayed 2 second(s)

2019-01-09 11:41:49 - [TEST_STEP][PASSED] - setText: Text '810' is set on object 'Object Repository/Final Object Repo/Creating Employer Account/Page_Registration - ASSIST (Base)/Post Code - 810'

2019-01-09 11:41:49 - [MESSAGE][PASSED] - Text '810' is set on object 'Object Repository/Final Object Repo/Creating Employer Account/Page_Registration - ASSIST (Base)/Post Code - 810'

2019-01-09 11:41:49 - [TEST_STEP][PASSED] - delay: Delayed 2 second(s)

2019-01-09 11:41:51 - [MESSAGE][PASSED] - Delayed 2 second(s)

2019-01-09 11:41:51 - [TEST_STEP][PASSED] - click: Object: 'Object Repository/Final Object Repo/Creating Employer Account/Page_Registration - ASSIST (Base)/Post Code - 81000' is clicked on

2019-01-09 11:41:52 - [MESSAGE][PASSED] - Object: 'Object Repository/Final Object Repo/Creating Employer Account/Page_Registration - ASSIST (Base)/Post Code - 81000' is clicked on

2019-01-09 11:41:52 - [TEST_STEP][PASSED] - delay: Delayed 2 second(s)

2019-01-09 11:41:54 - [MESSAGE][PASSED] - Delayed 2 second(s)

2019-01-09 11:41:54 - [TEST_STEP][PASSED] - setText: Text 'PERKESO' is set on object 'Object Repository/Final Object Repo/Creating Employer Account/Page_Registration - ASSIST (Base)/Full Name'

2019-01-09 11:41:54 - [MESSAGE][PASSED] - Text 'PERKESO' is set on object 'Object Repository/Final Object Repo/Creating Employer Account/Page_Registration - ASSIST (Base)/Full Name'

2019-01-09 11:41:54 - [TEST_STEP][PASSED] - Statement - rnd = new java.util.Random(): null

2019-01-09 11:41:54 - [TEST_STEP][PASSED] - Statement - snum = rnd.nextInt(899999 + 1) + 100000: null

2019-01-09 11:41:54 - [TEST_STEP][PASSED] - Statement - tnum = rnd.nextInt(899999 + 1) + 100000: null

2019-01-09 11:41:54 - [TEST_STEP][PASSED] - Statement - IC = java.lang.Integer.toString(snum) + java.lang.Integer.toString(tnum): null

2019-01-09 11:41:54 - [TEST_STEP][PASSED] - Statement - out.println(IC): null

2019-01-09 11:41:54 - [TEST_STEP][PASSED] - setText: Text '778015817018' is set on object 'Object Repository/Final Object Repo/Creating Employer Account/Page_Registration - ASSIST (Base)/Identification Number'

2019-01-09 11:41:54 - [MESSAGE][PASSED] - Text '778015817018' is set on object 'Object Repository/Final Object Repo/Creating Employer Account/Page_Registration - ASSIST (Base)/Identification Number'

2019-01-09 11:41:54 - [TEST_STEP][PASSED] - delay: Delayed 2 second(s)

2019-01-09 11:41:56 - [MESSAGE][PASSED] - Delayed 2 second(s)

2019-01-09 11:41:56 - [TEST_STEP][PASSED] - setText: Text '123456789012' is set on object 'Object Repository/Final Object Repo/Creating Employer Account/Page_Registration - ASSIST (Base)/Contact Number'

2019-01-09 11:41:57 - [MESSAGE][PASSED] - Text '123456789012' is set on object 'Object Repository/Final Object Repo/Creating Employer Account/Page_Registration - ASSIST (Base)/Contact Number'

2019-01-09 11:41:57 - [TEST_STEP][PASSED] - Statement - Email = "perkeso" + IC + "@gmail.com": null

2019-01-09 11:41:57 - [TEST_STEP][PASSED] - delay: Delayed 2 second(s)

2019-01-09 11:41:59 - [MESSAGE][PASSED] - Delayed 2 second(s)

2019-01-09 11:41:59 - [TEST_STEP][PASSED] - callTestCase: Call Test Case 'Test Cases/Final Aug 2018 - PKS Automation/Create Employer Acc/Template/Employer Email Settler' successfully

2019-01-09 11:41:59 - [TEST_CASE][PASSED] - Test Cases/Final Aug 2018 - PKS Automation/Create Employer Acc/Template/Employer Email Settler: Test Cases/Final Aug 2018 - PKS Automation/Create Employer Acc/Template/Employer Email Settler

2019-01-09 11:41:59 - [TEST_STEP][PASSED] - Statement - EmpEmailOld = new java.io.File(C://Users//Admin//Desktop//PKS//Automation Reference Point//EmpEmail.txt): null

2019-01-09 11:41:59 - [TEST_STEP][PASSED] - Statement - EmpEmailOld.delete(): null

2019-01-09 11:41:59 - [TEST_STEP][PASSED] - delay: Delayed 5 second(s)

2019-01-09 11:42:04 - [MESSAGE][PASSED] - Delayed 5 second(s)

2019-01-09 11:42:04 - [TEST_STEP][PASSED] - Statement - EmpEmail = new java.io.File(C://Users//Admin//Desktop//PKS//Automation Reference Point//EmpEmail.txt): null

2019-01-09 11:42:04 - [TEST_STEP][PASSED] - Statement - f2 = new java.io.FileWriter(EmpEmail, false): null

2019-01-09 11:42:04 - [TEST_STEP][PASSED] - Statement - f2.write(Email): null

2019-01-09 11:42:04 - [TEST_STEP][PASSED] - Statement - f2.close(): null

2019-01-09 11:42:04 - [TEST_STEP][PASSED] - Statement - out.println(Email): null

2019-01-09 11:42:04 - [MESSAGE][PASSED] - Call Test Case 'Test Cases/Final Aug 2018 - PKS Automation/Create Employer Acc/Template/Employer Email Settler' successfully

2019-01-09 11:42:04 - [TEST_STEP][PASSED] - delay: Delayed 2 second(s)

2019-01-09 11:42:06 - [MESSAGE][PASSED] - Delayed 2 second(s)

2019-01-09 11:42:06 - [TEST_STEP][PASSED] - setText: Text 'perkeso778015817018@gmail.com' is set on object 'Object Repository/Final Object Repo/Creating Employer Account/Page_Registration - ASSIST (Base)/Email'

2019-01-09 11:42:06 - [MESSAGE][PASSED] - Text 'perkeso778015817018@gmail.com' is set on object 'Object Repository/Final Object Repo/Creating Employer Account/Page_Registration - ASSIST (Base)/Email'

2019-01-09 11:42:06 - [TEST_STEP][PASSED] - setText: Text '123' is set on object 'Object Repository/Final Object Repo/Creating Employer Account/Page_Registration - ASSIST (Base)/Security Phase'

2019-01-09 11:42:07 - [MESSAGE][PASSED] - Text '123' is set on object 'Object Repository/Final Object Repo/Creating Employer Account/Page_Registration - ASSIST (Base)/Security Phase'

2019-01-09 11:42:07 - [TEST_STEP][PASSED] - click: Object: 'Object Repository/Final Object Repo/Creating Employer Account/Page_Registration - ASSIST (Base)/Save  Continue' is clicked on

2019-01-09 11:42:07 - [MESSAGE][PASSED] - Object: 'Object Repository/Final Object Repo/Creating Employer Account/Page_Registration - ASSIST (Base)/Save  Continue' is clicked on

2019-01-09 11:42:07 - [TEST_STEP][PASSED] - delay: Delayed 2 second(s)

2019-01-09 11:42:09 - [MESSAGE][PASSED] - Delayed 2 second(s)

2019-01-09 11:42:09 - [TEST_STEP][PASSED] - click: Object: 'Object Repository/Final Object Repo/Creating Employer Account/Page_Registration - ASSIST (Base)/Add Document' is clicked on

2019-01-09 11:42:11 - [MESSAGE][PASSED] - Object: 'Object Repository/Final Object Repo/Creating Employer Account/Page_Registration - ASSIST (Base)/Add Document' is clicked on

2019-01-09 11:42:11 - [TEST_STEP][PASSED] - delay: Delayed 2 second(s)

2019-01-09 11:42:13 - [MESSAGE][PASSED] - Delayed 2 second(s)

2019-01-09 11:42:13 - [TEST_STEP][PASSED] - click: Object: 'Object Repository/Final Object Repo/Creating Employer Account/Page_Registration - ASSIST (Base)/Document Type' is clicked on

2019-01-09 11:42:13 - [MESSAGE][PASSED] - Object: 'Object Repository/Final Object Repo/Creating Employer Account/Page_Registration - ASSIST (Base)/Document Type' is clicked on

2019-01-09 11:42:13 - [TEST_STEP][PASSED] - delay: Delayed 2 second(s)

2019-01-09 11:42:15 - [MESSAGE][PASSED] - Delayed 2 second(s)

2019-01-09 11:42:15 - [TEST_STEP][PASSED] - click: Object: 'Object Repository/Final Object Repo/Creating Employer Account/Page_Registration - ASSIST (Base)/Document Type - Letter of Authorization' is clicked on

2019-01-09 11:42:15 - [MESSAGE][PASSED] - Object: 'Object Repository/Final Object Repo/Creating Employer Account/Page_Registration - ASSIST (Base)/Document Type - Letter of Authorization' is clicked on

2019-01-09 11:42:15 - [TEST_STEP][PASSED] - delay: Delayed 2 second(s)

2019-01-09 11:42:17 - [MESSAGE][PASSED] - Delayed 2 second(s)

2019-01-09 11:42:17 - [TEST_STEP][PASSED] - sendKeys: Keys 'C:\Users\Public\Pictures\Sample Pictures\Koala.jpg' sent to object: 'Object Repository/Final Object Repo/Creating Employer Account/Page_Registration - ASSIST (Base)/Uploading File'

2019-01-09 11:42:17 - [MESSAGE][PASSED] - Keys 'C:\Users\Public\Pictures\Sample Pictures\Koala.jpg' sent to object: 'Object Repository/Final Object Repo/Creating Employer Account/Page_Registration - ASSIST (Base)/Uploading File'

2019-01-09 11:42:17 - [TEST_STEP][PASSED] - delay: Delayed 2 second(s)

2019-01-09 11:42:19 - [MESSAGE][PASSED] - Delayed 2 second(s)

2019-01-09 11:42:19 - [TEST_STEP][PASSED] - click: Object: 'Object Repository/Final Object Repo/Creating Employer Account/Page_Registration - ASSIST (Base)/Add Document in Uploading File' is clicked on

2019-01-09 11:42:19 - [MESSAGE][PASSED] - Object: 'Object Repository/Final Object Repo/Creating Employer Account/Page_Registration - ASSIST (Base)/Add Document in Uploading File' is clicked on

2019-01-09 11:42:19 - [TEST_STEP][PASSED] - delay: Delayed 2 second(s)

2019-01-09 11:42:21 - [MESSAGE][PASSED] - Delayed 2 second(s)

2019-01-09 11:42:21 - [TEST_STEP][PASSED] - click: Object: 'Object Repository/Final Object Repo/Creating Employer Account/Page_Registration - ASSIST (Base)/Save' is clicked on

2019-01-09 11:42:22 - [MESSAGE][PASSED] - Object: 'Object Repository/Final Object Repo/Creating Employer Account/Page_Registration - ASSIST (Base)/Save' is clicked on

2019-01-09 11:42:22 - [TEST_STEP][PASSED] - delay: Delayed 2 second(s)

2019-01-09 11:42:24 - [MESSAGE][PASSED] - Delayed 2 second(s)

2019-01-09 11:42:24 - [TEST_STEP][PASSED] - click: Object: 'Object Repository/Final Object Repo/Creating Employer Account/Page_Registration - ASSIST (Base)/Submit' is clicked on

2019-01-09 11:42:24 - [MESSAGE][PASSED] - Object: 'Object Repository/Final Object Repo/Creating Employer Account/Page_Registration - ASSIST (Base)/Submit' is clicked on

2019-01-09 11:42:24 - [TEST_STEP][PASSED] - delay: Delayed 2 second(s)

2019-01-09 11:42:26 - [MESSAGE][PASSED] - Delayed 2 second(s)

2019-01-09 11:42:26 - [TEST_STEP][PASSED] - click: Object: 'Object Repository/Final Object Repo/Creating Employer Account/Page_Registration - ASSIST (Base)/Confirm' is clicked on

2019-01-09 11:42:26 - [MESSAGE][PASSED] - Object: 'Object Repository/Final Object Repo/Creating Employer Account/Page_Registration - ASSIST (Base)/Confirm' is clicked on

2019-01-09 11:42:26 - [MESSAGE][PASSED] - Call Test Case 'Test Cases/Final Aug 2018 - PKS Automation/Create Employer Acc/Template/Register Employer' successfully

2019-01-09 11:42:26 - [TEST_STEP][PASSED] - delay: Delayed 1 second(s)

2019-01-09 11:42:27 - [MESSAGE][PASSED] - Delayed 1 second(s)

2019-01-09 11:42:27 - [TEST_STEP][PASSED] - navigateToUrl: Navigate to 'https://assist2-uat.perkeso.gov.my/c/portal/logout' successfully

2019-01-09 11:42:30 - [MESSAGE][PASSED] - Navigate to 'https://assist2-uat.perkeso.gov.my/c/portal/logout' successfully

2019-01-09 11:42:30 - [TEST_STEP][PASSED] - delay: Delayed 1 second(s)

2019-01-09 11:42:31 - [MESSAGE][PASSED] - Delayed 1 second(s)

2019-01-09 11:42:31 - [TEST_STEP][PASSED] - callTestCase: Call Test Case 'Test Cases/Final Aug 2018 - PKS Automation/Create Employer Acc/Template/Change Password of Employer' successfully

2019-01-09 11:42:31 - [TEST_CASE][PASSED] - Test Cases/Final Aug 2018 - PKS Automation/Create Employer Acc/Template/Change Password of Employer: Test Cases/Final Aug 2018 - PKS Automation/Create Employer Acc/Template/Change Password of Employer

2019-01-09 11:42:31 - [TEST_STEP][PASSED] - openBrowser: Browser is opened with url: ''

2019-01-09 11:42:31 - [MESSAGE][WARNING] - A browser is already opened. Closing browser and opening a new one

2019-01-09 11:42:34 - [MESSAGE][PASSED] - Browser is opened with url: ''

2019-01-09 11:42:34 - [TEST_STEP][PASSED] - navigateToUrl: Navigate to 'https://assist2-uat.perkeso.gov.my/login' successfully

2019-01-09 11:42:35 - [MESSAGE][PASSED] - Navigate to 'https://assist2-uat.perkeso.gov.my/login' successfully

2019-01-09 11:42:35 - [TEST_STEP][PASSED] - delay: Delayed 5 second(s)

2019-01-09 11:42:40 - [MESSAGE][PASSED] - Delayed 5 second(s)

2019-01-09 11:42:40 - [TEST_STEP][PASSED] - setText: Text 'test@liferay.com' is set on object 'Object Repository/Final Object Repo/Login Page/Internal User/Email Address'

2019-01-09 11:42:40 - [MESSAGE][PASSED] - Text 'test@liferay.com' is set on object 'Object Repository/Final Object Repo/Login Page/Internal User/Email Address'

2019-01-09 11:42:40 - [TEST_STEP][PASSED] - click: Object: 'Object Repository/Final Object Repo/Login Page/Internal User/Next Button' is clicked on

2019-01-09 11:42:41 - [MESSAGE][PASSED] - Object: 'Object Repository/Final Object Repo/Login Page/Internal User/Next Button' is clicked on

2019-01-09 11:42:41 - [TEST_STEP][PASSED] - delay: Delayed 2 second(s)

2019-01-09 11:42:43 - [MESSAGE][PASSED] - Delayed 2 second(s)

2019-01-09 11:42:43 - [TEST_STEP][PASSED] - setText: Text 'test' is set on object 'Object Repository/Final Object Repo/Login Page/Internal User/Password'

2019-01-09 11:42:43 - [MESSAGE][PASSED] - Text 'test' is set on object 'Object Repository/Final Object Repo/Login Page/Internal User/Password'

2019-01-09 11:42:43 - [TEST_STEP][PASSED] - delay: Delayed 2 second(s)

2019-01-09 11:42:45 - [MESSAGE][PASSED] - Delayed 2 second(s)

2019-01-09 11:42:45 - [TEST_STEP][PASSED] - click: Object: 'Object Repository/Final Object Repo/Login Page/Internal User/Login Button' is clicked on

2019-01-09 11:42:45 - [MESSAGE][PASSED] - Object: 'Object Repository/Final Object Repo/Login Page/Internal User/Login Button' is clicked on

2019-01-09 11:42:45 - [TEST_STEP][PASSED] - delay: Delayed 3 second(s)

2019-01-09 11:42:48 - [MESSAGE][PASSED] - Delayed 3 second(s)

2019-01-09 11:42:48 - [TEST_STEP][PASSED] - navigateToUrl: Navigate to 'https://assist2-uat.perkeso.gov.my/group/control_panel/manage?p_p_id=125&p_p_lifecycle=0&p_p_state=maximized&p_p_mode=view&refererPlid=20455&_125_usersListView=flat-users&_125_toolbarItem=view-all-users&_125_saveUsersListView=true&_125_struts_action=%2Fusers_admin%2Fview' successfully

2019-01-09 11:42:49 - [MESSAGE][PASSED] - Navigate to 'https://assist2-uat.perkeso.gov.my/group/control_panel/manage?p_p_id=125&p_p_lifecycle=0&p_p_state=maximized&p_p_mode=view&refererPlid=20455&_125_usersListView=flat-users&_125_toolbarItem=view-all-users&_125_saveUsersListView=true&_125_struts_action=%2Fusers_admin%2Fview' successfully

2019-01-09 11:42:49 - [TEST_STEP][PASSED] - delay: Delayed 3 second(s)

2019-01-09 11:42:52 - [MESSAGE][PASSED] - Delayed 3 second(s)

2019-01-09 11:42:52 - [TEST_STEP][PASSED] - setText: Text 'perkeso778015817018@gmail.com' is set on object 'Object Repository/Final Object Repo/Creating Employer Account/Page_Users and Organizations - ASSIST/Employer name'

2019-01-09 11:42:53 - [MESSAGE][PASSED] - Text 'perkeso778015817018@gmail.com' is set on object 'Object Repository/Final Object Repo/Creating Employer Account/Page_Users and Organizations - ASSIST/Employer name'

2019-01-09 11:42:53 - [TEST_STEP][PASSED] - delay: Delayed 3 second(s)

2019-01-09 11:42:56 - [MESSAGE][PASSED] - Delayed 3 second(s)

2019-01-09 11:42:56 - [TEST_STEP][PASSED] - click: Object: 'Object Repository/Final Object Repo/Creating Employer Account/Page_Users and Organizations - ASSIST/Search' is clicked on

2019-01-09 11:42:56 - [MESSAGE][PASSED] - Object: 'Object Repository/Final Object Repo/Creating Employer Account/Page_Users and Organizations - ASSIST/Search' is clicked on

2019-01-09 11:42:56 - [TEST_STEP][PASSED] - delay: Delayed 3 second(s)

2019-01-09 11:42:59 - [MESSAGE][PASSED] - Delayed 3 second(s)

2019-01-09 11:42:59 - [TEST_STEP][PASSED] - click: Object: 'Object Repository/Final Object Repo/Creating Employer Account/Page_Users and Organizations - ASSIST/Action' is clicked on

2019-01-09 11:43:00 - [MESSAGE][PASSED] - Object: 'Object Repository/Final Object Repo/Creating Employer Account/Page_Users and Organizations - ASSIST/Action' is clicked on

2019-01-09 11:43:00 - [TEST_STEP][PASSED] - delay: Delayed 3 second(s)

2019-01-09 11:43:03 - [MESSAGE][PASSED] - Delayed 3 second(s)

2019-01-09 11:43:03 - [TEST_STEP][PASSED] - click: Object: 'Object Repository/Final Object Repo/Creating Employer Account/Page_Users and Organizations - ASSIST/Edit' is clicked on

2019-01-09 11:43:04 - [MESSAGE][PASSED] - Object: 'Object Repository/Final Object Repo/Creating Employer Account/Page_Users and Organizations - ASSIST/Edit' is clicked on

2019-01-09 11:43:04 - [TEST_STEP][PASSED] - delay: Delayed 3 second(s)

2019-01-09 11:43:07 - [MESSAGE][PASSED] - Delayed 3 second(s)

2019-01-09 11:43:07 - [TEST_STEP][PASSED] - click: Object: 'Object Repository/Final Object Repo/Creating Employer Account/Page_PERKESO - Users and Organizati/a_Password (Modified)' is clicked on

2019-01-09 11:43:07 - [MESSAGE][PASSED] - Object: 'Object Repository/Final Object Repo/Creating Employer Account/Page_PERKESO - Users and Organizati/a_Password (Modified)' is clicked on

2019-01-09 11:43:07 - [TEST_STEP][PASSED] - delay: Delayed 3 second(s)

2019-01-09 11:43:10 - [MESSAGE][PASSED] - Delayed 3 second(s)

2019-01-09 11:43:10 - [TEST_STEP][PASSED] - setEncryptedText: Text ****** has been set on object 'Object Repository/Final Object Repo/Creating Employer Account/Page_PERKESO - Users and Organizati/input__125_password1'

2019-01-09 11:43:10 - [MESSAGE][PASSED] - Text ****** has been set on object 'Object Repository/Final Object Repo/Creating Employer Account/Page_PERKESO - Users and Organizati/input__125_password1'

2019-01-09 11:43:10 - [TEST_STEP][PASSED] - delay: Delayed 3 second(s)

2019-01-09 11:43:13 - [MESSAGE][PASSED] - Delayed 3 second(s)

2019-01-09 11:43:13 - [TEST_STEP][PASSED] - setEncryptedText: Text ****** has been set on object 'Object Repository/Final Object Repo/Creating Employer Account/Page_PERKESO - Users and Organizati/input__125_password2'

2019-01-09 11:43:14 - [MESSAGE][PASSED] - Text ****** has been set on object 'Object Repository/Final Object Repo/Creating Employer Account/Page_PERKESO - Users and Organizati/input__125_password2'

2019-01-09 11:43:14 - [TEST_STEP][PASSED] - delay: Delayed 3 second(s)

2019-01-09 11:43:17 - [MESSAGE][PASSED] - Delayed 3 second(s)

2019-01-09 11:43:17 - [TEST_STEP][PASSED] - click: Object: 'Object Repository/Final Object Repo/Creating Employer Account/Page_PERKESO - Users and Organizati/Save' is clicked on

2019-01-09 11:43:18 - [MESSAGE][PASSED] - Object: 'Object Repository/Final Object Repo/Creating Employer Account/Page_PERKESO - Users and Organizati/Save' is clicked on

2019-01-09 11:43:18 - [MESSAGE][PASSED] - Call Test Case 'Test Cases/Final Aug 2018 - PKS Automation/Create Employer Acc/Template/Change Password of Employer' successfully

2019-01-09 11:43:18 - [TEST_STEP][PASSED] - delay: Delayed 1 second(s)

2019-01-09 11:43:19 - [MESSAGE][PASSED] - Delayed 1 second(s)

2019-01-09 11:43:19 - [TEST_STEP][PASSED] - navigateToUrl: Navigate to 'https://assist2-uat.perkeso.gov.my/c/portal/logout' successfully

2019-01-09 11:43:20 - [MESSAGE][PASSED] - Navigate to 'https://assist2-uat.perkeso.gov.my/c/portal/logout' successfully

2019-01-09 11:43:20 - [TEST_STEP][PASSED] - delay: Delayed 1 second(s)

2019-01-09 11:43:21 - [MESSAGE][PASSED] - Delayed 1 second(s)

2019-01-09 11:43:21 - [TEST_STEP][PASSED] - callTestCase: Call Test Case 'Test Cases/Final Aug 2018 - PKS Automation/Create Employer Acc/Template/Login to Employer Account (First Time)' successfully

2019-01-09 11:43:21 - [TEST_CASE][PASSED] - Test Cases/Final Aug 2018 - PKS Automation/Create Employer Acc/Template/Login to Employer Account (First Time): Test Cases/Final Aug 2018 - PKS Automation/Create Employer Acc/Template/Login to Employer Account (First Time)

2019-01-09 11:43:22 - [TEST_STEP][PASSED] - openBrowser: Browser is opened with url: ''

2019-01-09 11:43:22 - [MESSAGE][WARNING] - A browser is already opened. Closing browser and opening a new one

2019-01-09 11:43:24 - [MESSAGE][PASSED] - Browser is opened with url: ''

2019-01-09 11:43:24 - [TEST_STEP][PASSED] - navigateToUrl: Navigate to 'https://assist2-uat.perkeso.gov.my/employer/login' successfully

2019-01-09 11:43:26 - [MESSAGE][PASSED] - Navigate to 'https://assist2-uat.perkeso.gov.my/employer/login' successfully

2019-01-09 11:43:26 - [TEST_STEP][PASSED] - delay: Delayed 3 second(s)

2019-01-09 11:43:29 - [MESSAGE][PASSED] - Delayed 3 second(s)

2019-01-09 11:43:29 - [TEST_STEP][PASSED] - callTestCase: Call Test Case 'Test Cases/Final Aug 2018 - PKS Automation/Create Employer Acc/Template/Employer Email Getter' successfully

2019-01-09 11:43:29 - [TEST_CASE][PASSED] - Test Cases/Final Aug 2018 - PKS Automation/Create Employer Acc/Template/Employer Email Getter: Test Cases/Final Aug 2018 - PKS Automation/Create Employer Acc/Template/Employer Email Getter

2019-01-09 11:43:29 - [TEST_STEP][PASSED] - Statement - Try: null

2019-01-09 11:43:29 - [TEST_STEP][PASSED] - Statement - EmpEmail = new java.io.File(C://Users//Admin//Desktop//PKS//Automation Reference Point//EmpEmail.txt): null

2019-01-09 11:43:29 - [TEST_STEP][PASSED] - Statement - bufferread = new java.io.BufferedReader(new java.io.FileReader(EmpEmail)): null

2019-01-09 11:43:29 - [TEST_STEP][PASSED] - Statement - readedVal = bufferread.readLine(): null

2019-01-09 11:43:29 - [TEST_STEP][PASSED] - Statement - out.println(readedVal): null

2019-01-09 11:43:29 - [TEST_STEP][PASSED] - Statement - Email = readedVal: null

2019-01-09 11:43:29 - [MESSAGE][PASSED] - Call Test Case 'Test Cases/Final Aug 2018 - PKS Automation/Create Employer Acc/Template/Employer Email Getter' successfully

2019-01-09 11:43:29 - [TEST_STEP][PASSED] - setText: Text 'perkeso778015817018@gmail.com' is set on object 'Object Repository/Final Object Repo/Login Page/External Login Page/Email'

2019-01-09 11:43:29 - [MESSAGE][PASSED] - Text 'perkeso778015817018@gmail.com' is set on object 'Object Repository/Final Object Repo/Login Page/External Login Page/Email'

2019-01-09 11:43:29 - [TEST_STEP][PASSED] - click: Object: 'Object Repository/Final Object Repo/Login Page/External Login Page/Next' is clicked on

2019-01-09 11:43:30 - [MESSAGE][PASSED] - Object: 'Object Repository/Final Object Repo/Login Page/External Login Page/Next' is clicked on

2019-01-09 11:43:30 - [TEST_STEP][PASSED] - delay: Delayed 3 second(s)

2019-01-09 11:43:33 - [MESSAGE][PASSED] - Delayed 3 second(s)

2019-01-09 11:43:33 - [TEST_STEP][PASSED] - setEncryptedText: Text ****** has been set on object 'Object Repository/Final Object Repo/Login Page/External Login Page/Password'

2019-01-09 11:43:33 - [MESSAGE][PASSED] - Text ****** has been set on object 'Object Repository/Final Object Repo/Login Page/External Login Page/Password'

2019-01-09 11:43:33 - [TEST_STEP][PASSED] - click: Object: 'Object Repository/Final Object Repo/Login Page/External Login Page/Login' is clicked on

2019-01-09 11:43:33 - [MESSAGE][PASSED] - Object: 'Object Repository/Final Object Repo/Login Page/External Login Page/Login' is clicked on

2019-01-09 11:43:33 - [TEST_STEP][PASSED] - delay: Delayed 3 second(s)

2019-01-09 11:43:36 - [MESSAGE][PASSED] - Delayed 3 second(s)

2019-01-09 11:43:36 - [TEST_STEP][PASSED] - click: Object: 'Object Repository/Final Object Repo/Creating Employer Account/Page_Terms of Use - ASSIST/button_I Agree' is clicked on

2019-01-09 11:43:39 - [MESSAGE][PASSED] - Object: 'Object Repository/Final Object Repo/Creating Employer Account/Page_Terms of Use - ASSIST/button_I Agree' is clicked on

2019-01-09 11:43:39 - [TEST_STEP][PASSED] - delay: Delayed 2 second(s)

2019-01-09 11:43:41 - [MESSAGE][PASSED] - Delayed 2 second(s)

2019-01-09 11:43:41 - [TEST_STEP][PASSED] - setEncryptedText: Text ****** has been set on object 'Object Repository/Final Object Repo/Creating Employer Account/Page_New Password - ASSIST/input_password1'

2019-01-09 11:43:41 - [MESSAGE][PASSED] - Text ****** has been set on object 'Object Repository/Final Object Repo/Creating Employer Account/Page_New Password - ASSIST/input_password1'

2019-01-09 11:43:41 - [TEST_STEP][PASSED] - setEncryptedText: Text ****** has been set on object 'Object Repository/Final Object Repo/Creating Employer Account/Page_New Password - ASSIST/input_password2'

2019-01-09 11:43:41 - [MESSAGE][PASSED] - Text ****** has been set on object 'Object Repository/Final Object Repo/Creating Employer Account/Page_New Password - ASSIST/input_password2'

2019-01-09 11:43:41 - [TEST_STEP][PASSED] - delay: Delayed 2 second(s)

2019-01-09 11:43:43 - [MESSAGE][PASSED] - Delayed 2 second(s)

2019-01-09 11:43:43 - [TEST_STEP][PASSED] - click: Object: 'Object Repository/Final Object Repo/Creating Employer Account/Page_New Password - ASSIST/Save' is clicked on

2019-01-09 11:43:45 - [MESSAGE][PASSED] - Object: 'Object Repository/Final Object Repo/Creating Employer Account/Page_New Password - ASSIST/Save' is clicked on

2019-01-09 11:43:45 - [TEST_STEP][PASSED] - delay: Delayed 2 second(s)

2019-01-09 11:43:47 - [MESSAGE][PASSED] - Delayed 2 second(s)

2019-01-09 11:43:47 - [TEST_STEP][PASSED] - setText: Text 'test' is set on object 'Object Repository/Final Object Repo/Creating Employer Account/Page_Password Reminder - ASSIST/Reminder Query Answer'

2019-01-09 11:43:47 - [MESSAGE][PASSED] - Text 'test' is set on object 'Object Repository/Final Object Repo/Creating Employer Account/Page_Password Reminder - ASSIST/Reminder Query Answer'

2019-01-09 11:43:47 - [TEST_STEP][PASSED] - delay: Delayed 2 second(s)

2019-01-09 11:43:49 - [MESSAGE][PASSED] - Delayed 2 second(s)

2019-01-09 11:43:49 - [TEST_STEP][PASSED] - doubleClick: Object: 'Object Repository/Final Object Repo/Creating Employer Account/Page_Password Reminder - ASSIST/Save' is double clicked on

2019-01-09 11:43:49 - [MESSAGE][PASSED] - Object: 'Object Repository/Final Object Repo/Creating Employer Account/Page_Password Reminder - ASSIST/Save' is double clicked on

2019-01-09 11:43:49 - [MESSAGE][PASSED] - Call Test Case 'Test Cases/Final Aug 2018 - PKS Automation/Create Employer Acc/Template/Login to Employer Account (First Time)' successfully

2019-01-09 11:43:49 - [MESSAGE][PASSED] - Call Test Case 'Test Cases/Final Aug 2018 - PKS Automation/Create Employer Acc/Create Employer Account' successfully

2019-01-09 11:43:49 - [TEST_STEP][PASSED] - callTestCase: Call Test Case 'Test Cases/Final Aug 2018 - PKS Automation/Registration Module/Log Out/log out avoiding katalon tagging' successfully

2019-01-09 11:43:49 - [TEST_CASE][PASSED] - Test Cases/Final Aug 2018 - PKS Automation/Registration Module/Log Out/log out avoiding katalon tagging: Test Cases/Final Aug 2018 - PKS Automation/Registration Module/Log Out/log out avoiding katalon tagging

2019-01-09 11:43:49 - [TEST_STEP][PASSED] - navigateToUrl: Navigate to 'https://assist2-uat.perkeso.gov.my/c/portal/logout' successfully

2019-01-09 11:43:52 - [MESSAGE][PASSED] - Navigate to 'https://assist2-uat.perkeso.gov.my/c/portal/logout' successfully

2019-01-09 11:43:52 - [MESSAGE][PASSED] - Call Test Case 'Test Cases/Final Aug 2018 - PKS Automation/Registration Module/Log Out/log out avoiding katalon tagging' successfully

2019-01-09 11:43:52 - [TEST_STEP][PASSED] - callTestCase: Call Test Case 'Test Cases/Final Aug 2018 - PKS Automation/Create Employer Acc/Login to Employer Account (Second time)' successfully

2019-01-09 11:43:52 - [TEST_CASE][PASSED] - Test Cases/Final Aug 2018 - PKS Automation/Create Employer Acc/Login to Employer Account (Second time): Test Cases/Final Aug 2018 - PKS Automation/Create Employer Acc/Login to Employer Account (Second time)

2019-01-09 11:43:53 - [TEST_STEP][PASSED] - openBrowser: Browser is opened with url: ''

2019-01-09 11:43:53 - [MESSAGE][WARNING] - A browser is already opened. Closing browser and opening a new one

2019-01-09 11:43:55 - [MESSAGE][PASSED] - Browser is opened with url: ''

2019-01-09 11:43:55 - [TEST_STEP][PASSED] - navigateToUrl: Navigate to 'https://assist2-uat.perkeso.gov.my/employer/login' successfully

2019-01-09 11:43:56 - [MESSAGE][PASSED] - Navigate to 'https://assist2-uat.perkeso.gov.my/employer/login' successfully

2019-01-09 11:43:56 - [TEST_STEP][PASSED] - delay: Delayed 3 second(s)

2019-01-09 11:43:59 - [MESSAGE][PASSED] - Delayed 3 second(s)

2019-01-09 11:43:59 - [TEST_STEP][PASSED] - callTestCase: Call Test Case 'Test Cases/Final Aug 2018 - PKS Automation/Create Employer Acc/Template/Employer Email Getter' successfully

2019-01-09 11:44:00 - [TEST_CASE][PASSED] - Test Cases/Final Aug 2018 - PKS Automation/Create Employer Acc/Template/Employer Email Getter: Test Cases/Final Aug 2018 - PKS Automation/Create Employer Acc/Template/Employer Email Getter

2019-01-09 11:44:00 - [TEST_STEP][PASSED] - Statement - Try: null

2019-01-09 11:44:00 - [TEST_STEP][PASSED] - Statement - EmpEmail = new java.io.File(C://Users//Admin//Desktop//PKS//Automation Reference Point//EmpEmail.txt): null

2019-01-09 11:44:00 - [TEST_STEP][PASSED] - Statement - bufferread = new java.io.BufferedReader(new java.io.FileReader(EmpEmail)): null

2019-01-09 11:44:00 - [TEST_STEP][PASSED] - Statement - readedVal = bufferread.readLine(): null

2019-01-09 11:44:00 - [TEST_STEP][PASSED] - Statement - out.println(readedVal): null

2019-01-09 11:44:00 - [TEST_STEP][PASSED] - Statement - Email = readedVal: null

2019-01-09 11:44:00 - [MESSAGE][PASSED] - Call Test Case 'Test Cases/Final Aug 2018 - PKS Automation/Create Employer Acc/Template/Employer Email Getter' successfully

2019-01-09 11:44:00 - [TEST_STEP][PASSED] - setText: Text 'perkeso778015817018@gmail.com' is set on object 'Object Repository/Final Object Repo/Login Page/External Login Page/Email'

2019-01-09 11:44:00 - [MESSAGE][PASSED] - Text 'perkeso778015817018@gmail.com' is set on object 'Object Repository/Final Object Repo/Login Page/External Login Page/Email'

2019-01-09 11:44:00 - [TEST_STEP][PASSED] - click: Object: 'Object Repository/Final Object Repo/Login Page/External Login Page/Next' is clicked on

2019-01-09 11:44:00 - [MESSAGE][PASSED] - Object: 'Object Repository/Final Object Repo/Login Page/External Login Page/Next' is clicked on

2019-01-09 11:44:00 - [TEST_STEP][PASSED] - delay: Delayed 3 second(s)

2019-01-09 11:44:03 - [MESSAGE][PASSED] - Delayed 3 second(s)

2019-01-09 11:44:03 - [TEST_STEP][PASSED] - setEncryptedText: Text ****** has been set on object 'Object Repository/Final Object Repo/Login Page/External Login Page/Password'

2019-01-09 11:44:03 - [MESSAGE][PASSED] - Text ****** has been set on object 'Object Repository/Final Object Repo/Login Page/External Login Page/Password'

2019-01-09 11:44:03 - [TEST_STEP][PASSED] - click: Object: 'Object Repository/Final Object Repo/Login Page/External Login Page/Login' is clicked on

2019-01-09 11:44:04 - [MESSAGE][PASSED] - Object: 'Object Repository/Final Object Repo/Login Page/External Login Page/Login' is clicked on

2019-01-09 11:44:04 - [TEST_STEP][PASSED] - delay: Delayed 5 second(s)

2019-01-09 11:44:09 - [MESSAGE][PASSED] - Delayed 5 second(s)

2019-01-09 11:44:09 - [MESSAGE][PASSED] - Call Test Case 'Test Cases/Final Aug 2018 - PKS Automation/Create Employer Acc/Login to Employer Account (Second time)' successfully

2019-01-09 11:44:09 - [TEST_STEP][PASSED] - Statement - Try: null

2019-01-09 11:44:09 - [TEST_STEP][PASSED] - Statement - Checker = com.kms.katalon.core.webui.keyword.WebUiBuiltInKeywords.verifyElementNotPresent("Final Object Repo/Landing Page/Select to English", 3): null

2019-01-09 11:44:09 - [TEST_STEP][PASSED] - Statement - Catch (Exception e): null

2019-01-09 11:44:09 - [TEST_STEP][PASSED] - Statement - e.printStackTrace(): null

2019-01-09 11:44:09 - [TEST_STEP][PASSED] - delay: Delayed 5 second(s)

2019-01-09 11:44:14 - [MESSAGE][PASSED] - Delayed 5 second(s)

2019-01-09 11:44:14 - [TEST_STEP][PASSED] - click: Object: 'Object Repository/Final Object Repo/Landing Page/My Sites Drop Down' is clicked on

2019-01-09 11:44:14 - [MESSAGE][PASSED] - Object: 'Object Repository/Final Object Repo/Landing Page/My Sites Drop Down' is clicked on

2019-01-09 11:44:14 - [TEST_STEP][PASSED] - click: Object: 'Object Repository/Final Object Repo/Landing Page/Select to Registration Module' is clicked on

2019-01-09 11:44:16 - [MESSAGE][PASSED] - Object: 'Object Repository/Final Object Repo/Landing Page/Select to Registration Module' is clicked on

2019-01-09 11:44:16 - [TEST_STEP][PASSED] - click: Object: 'Object Repository/Final Object Repo/Landing Page/Registration Button' is clicked on

2019-01-09 11:44:18 - [MESSAGE][PASSED] - Object: 'Object Repository/Final Object Repo/Landing Page/Registration Button' is clicked on

2019-01-09 11:44:18 - [TEST_STEP][PASSED] - delay: Delayed 2 second(s)

2019-01-09 11:44:20 - [MESSAGE][PASSED] - Delayed 2 second(s)

2019-01-09 11:44:20 - [TEST_STEP][PASSED] - click: Object: 'Object Repository/Final Object Repo/New Registration - Registration Module Pages/New Reg - OTC to RO/Special Case - OTC - Form 1/AEC NO' is clicked on

2019-01-09 11:44:20 - [MESSAGE][PASSED] - Object: 'Object Repository/Final Object Repo/New Registration - Registration Module Pages/New Reg - OTC to RO/Special Case - OTC - Form 1/AEC NO' is clicked on

2019-01-09 11:44:20 - [TEST_STEP][PASSED] - click: Object: 'Object Repository/Final Object Repo/New Registration - Registration Module Pages/New Reg - OTC to RO/Special Case - OTC - Form 1/Business Entity - Please Select' is clicked on

2019-01-09 11:44:21 - [MESSAGE][PASSED] - Object: 'Object Repository/Final Object Repo/New Registration - Registration Module Pages/New Reg - OTC to RO/Special Case - OTC - Form 1/Business Entity - Please Select' is clicked on

2019-01-09 11:44:21 - [TEST_STEP][PASSED] - click: Object: 'Object Repository/Final Object Repo/New Registration - Registration Module Pages/New Reg - OTC to RO/Special Case - OTC - Form 1/Selected - Corporation' is clicked on

2019-01-09 11:44:21 - [MESSAGE][PASSED] - Object: 'Object Repository/Final Object Repo/New Registration - Registration Module Pages/New Reg - OTC to RO/Special Case - OTC - Form 1/Selected - Corporation' is clicked on

2019-01-09 11:44:21 - [TEST_STEP][PASSED] - delay: Delayed 2 second(s)

2019-01-09 11:44:23 - [MESSAGE][PASSED] - Delayed 2 second(s)

2019-01-09 11:44:23 - [TEST_STEP][PASSED] - click: Object: 'Object Repository/Final Object Repo/New Registration - Registration Module Pages/New Reg - OTC to RO/Special Case - OTC - Form 1/Sub Business Entity - Please Select' is clicked on

2019-01-09 11:44:23 - [MESSAGE][PASSED] - Object: 'Object Repository/Final Object Repo/New Registration - Registration Module Pages/New Reg - OTC to RO/Special Case - OTC - Form 1/Sub Business Entity - Please Select' is clicked on

2019-01-09 11:44:23 - [TEST_STEP][PASSED] - delay: Delayed 2 second(s)

2019-01-09 11:44:25 - [MESSAGE][PASSED] - Delayed 2 second(s)

2019-01-09 11:44:25 - [TEST_STEP][PASSED] - click: Object: 'Object Repository/Final Object Repo/New Registration - Registration Module Pages/New Reg - OTC to RO/Special Case - OTC - Form 1/Selected - Sendirian Berhad' is clicked on

2019-01-09 11:44:25 - [MESSAGE][PASSED] - Object: 'Object Repository/Final Object Repo/New Registration - Registration Module Pages/New Reg - OTC to RO/Special Case - OTC - Form 1/Selected - Sendirian Berhad' is clicked on

2019-01-09 11:44:25 - [TEST_STEP][PASSED] - setText: Text 'AUTOMATE001' is set on object 'Object Repository/Final Object Repo/New Registration - Registration Module Pages/New Reg - OTC to RO/Special Case - OTC - Form 1/Input BRN Number'

2019-01-09 11:44:26 - [MESSAGE][PASSED] - Text 'AUTOMATE001' is set on object 'Object Repository/Final Object Repo/New Registration - Registration Module Pages/New Reg - OTC to RO/Special Case - OTC - Form 1/Input BRN Number'

2019-01-09 11:44:26 - [TEST_STEP][PASSED] - delay: Delayed 2 second(s)

2019-01-09 11:44:28 - [MESSAGE][PASSED] - Delayed 2 second(s)

2019-01-09 11:44:28 - [TEST_STEP][PASSED] - click: Object: 'Object Repository/Final Object Repo/New Registration - Registration Module Pages/New Reg - OTC to RO/Special Case - OTC - Form 1/BRN Search' is clicked on

2019-01-09 11:44:28 - [MESSAGE][PASSED] - Object: 'Object Repository/Final Object Repo/New Registration - Registration Module Pages/New Reg - OTC to RO/Special Case - OTC - Form 1/BRN Search' is clicked on

2019-01-09 11:44:28 - [TEST_STEP][PASSED] - delay: Delayed 4 second(s)

2019-01-09 11:44:32 - [MESSAGE][PASSED] - Delayed 4 second(s)

2019-01-09 11:44:32 - [TEST_STEP][PASSED] - click: Object: 'Object Repository/Final Object Repo/New Registration - Registration Module Pages/New Reg - OTC to RO/Special Case - OTC - Form 1/Registered with SSM - After Feb 2017' is clicked on

2019-01-09 11:44:32 - [MESSAGE][PASSED] - Object: 'Object Repository/Final Object Repo/New Registration - Registration Module Pages/New Reg - OTC to RO/Special Case - OTC - Form 1/Registered with SSM - After Feb 2017' is clicked on

2019-01-09 11:44:32 - [TEST_STEP][PASSED] - delay: Delayed 2 second(s)

2019-01-09 11:44:34 - [MESSAGE][PASSED] - Delayed 2 second(s)

2019-01-09 11:44:34 - [TEST_STEP][PASSED] - click: Object: 'Object Repository/Final Object Repo/New Registration - Registration Module Pages/New Reg - OTC to RO/Special Case - OTC - Form 1/Registering As A Branch - No' is clicked on

2019-01-09 11:44:34 - [MESSAGE][PASSED] - Object: 'Object Repository/Final Object Repo/New Registration - Registration Module Pages/New Reg - OTC to RO/Special Case - OTC - Form 1/Registering As A Branch - No' is clicked on

2019-01-09 11:44:34 - [TEST_STEP][PASSED] - click: Object: 'Object Repository/Final Object Repo/New Registration - Registration Module Pages/New Reg - OTC to RO/Special Case - OTC - Form 1/Acknowledgement Ticked' is clicked on

2019-01-09 11:44:34 - [MESSAGE][PASSED] - Object: 'Object Repository/Final Object Repo/New Registration - Registration Module Pages/New Reg - OTC to RO/Special Case - OTC - Form 1/Acknowledgement Ticked' is clicked on

2019-01-09 11:44:34 - [TEST_STEP][PASSED] - delay: Delayed 2 second(s)

2019-01-09 11:44:36 - [MESSAGE][PASSED] - Delayed 2 second(s)

2019-01-09 11:44:36 - [TEST_STEP][PASSED] - callTestCase: Call Test Case 'Test Cases/Final Aug 2018 - PKS Automation/Create Employer Acc/Template/Employer Email Getter' successfully

2019-01-09 11:44:36 - [TEST_CASE][PASSED] - Test Cases/Final Aug 2018 - PKS Automation/Create Employer Acc/Template/Employer Email Getter: Test Cases/Final Aug 2018 - PKS Automation/Create Employer Acc/Template/Employer Email Getter

2019-01-09 11:44:36 - [TEST_STEP][PASSED] - Statement - Try: null

2019-01-09 11:44:36 - [TEST_STEP][PASSED] - Statement - EmpEmail = new java.io.File(C://Users//Admin//Desktop//PKS//Automation Reference Point//EmpEmail.txt): null

2019-01-09 11:44:36 - [TEST_STEP][PASSED] - Statement - bufferread = new java.io.BufferedReader(new java.io.FileReader(EmpEmail)): null

2019-01-09 11:44:36 - [TEST_STEP][PASSED] - Statement - readedVal = bufferread.readLine(): null

2019-01-09 11:44:36 - [TEST_STEP][PASSED] - Statement - out.println(readedVal): null

2019-01-09 11:44:36 - [TEST_STEP][PASSED] - Statement - Email = readedVal: null

2019-01-09 11:44:36 - [MESSAGE][PASSED] - Call Test Case 'Test Cases/Final Aug 2018 - PKS Automation/Create Employer Acc/Template/Employer Email Getter' successfully

2019-01-09 11:44:36 - [TEST_STEP][PASSED] - setText: Text 'perkeso778015817018@gmail.com' is set on object 'Object Repository/Final Object Repo/Creating Employer Account/Email'

2019-01-09 11:44:37 - [MESSAGE][PASSED] - Text 'perkeso778015817018@gmail.com' is set on object 'Object Repository/Final Object Repo/Creating Employer Account/Email'

2019-01-09 11:44:37 - [TEST_STEP][PASSED] - delay: Delayed 2 second(s)

2019-01-09 11:44:39 - [MESSAGE][PASSED] - Delayed 2 second(s)

2019-01-09 11:44:39 - [TEST_STEP][PASSED] - click: Object: 'Object Repository/Final Object Repo/New Registration - Registration Module Pages/New Reg - OTC to RO/Special Case - OTC - Form 1/Submit Button' is clicked on

2019-01-09 11:44:39 - [MESSAGE][PASSED] - Object: 'Object Repository/Final Object Repo/New Registration - Registration Module Pages/New Reg - OTC to RO/Special Case - OTC - Form 1/Submit Button' is clicked on

2019-01-09 11:44:39 - [TEST_STEP][PASSED] - delay: Delayed 2 second(s)

2019-01-09 11:44:41 - [MESSAGE][PASSED] - Delayed 2 second(s)

2019-01-09 11:44:41 - [TEST_STEP][PASSED] - click: Object: 'Object Repository/Final Object Repo/New Registration - Registration Module Pages/New Reg - OTC to RO/Special Case - OTC - Form 1/Confirm No Flagging as Branch' is clicked on

2019-01-09 11:44:42 - [MESSAGE][PASSED] - Object: 'Object Repository/Final Object Repo/New Registration - Registration Module Pages/New Reg - OTC to RO/Special Case - OTC - Form 1/Confirm No Flagging as Branch' is clicked on

2019-01-09 11:44:42 - [MESSAGE][PASSED] - Call Test Case 'Test Cases/Final Aug 2018 - PKS Automation/Registration Module/Workflow/New Registration/Template/Special Case - Employer - Form 1' successfully

2019-01-09 11:44:42 - [TEST_STEP][PASSED] - callTestCase: Call Test Case 'Test Cases/Final Aug 2018 - PKS Automation/Registration Module/New Registration/Form 2/Add 1 Eligible - Employer Account Use' successfully

2019-01-09 11:44:42 - [TEST_CASE][PASSED] - Test Cases/Final Aug 2018 - PKS Automation/Registration Module/New Registration/Form 2/Add 1 Eligible - Employer Account Use: Test Cases/Final Aug 2018 - PKS Automation/Registration Module/New Registration/Form 2/Add 1 Eligible - Employer Account Use

2019-01-09 11:44:42 - [TEST_STEP][PASSED] - delay: Delayed 2 second(s)

2019-01-09 11:44:44 - [MESSAGE][PASSED] - Delayed 2 second(s)

2019-01-09 11:44:44 - [TEST_STEP][PASSED] - callTestCase: Call Test Case 'Test Cases/Final Aug 2018 - PKS Automation/Registration Module/New Registration/Form 2/Date Updater' successfully

2019-01-09 11:44:44 - [TEST_CASE][PASSED] - Test Cases/Final Aug 2018 - PKS Automation/Registration Module/New Registration/Form 2/Date Updater: Test Cases/Final Aug 2018 - PKS Automation/Registration Module/New Registration/Form 2/Date Updater

2019-01-09 11:44:44 - [TEST_STEP][PASSED] - Statement - TodayDate = new java.util.Date(): null

2019-01-09 11:44:44 - [TEST_STEP][PASSED] - Statement - CurrentDateNoFilter = new java.text.SimpleDateFormat(): null

2019-01-09 11:44:44 - [TEST_STEP][PASSED] - Statement - CurrentDateNoFilter.applyPattern("MM"): null

2019-01-09 11:44:44 - [TEST_STEP][PASSED] - Statement - monthContainerMatcher = java.lang.Integer.parseInt(CurrentDateNoFilter.format(TodayDate)): null

2019-01-09 11:44:44 - [TEST_STEP][PASSED] - Statement - monthContainerMatcher = monthContainerMatcher - 1: null

2019-01-09 11:44:44 - [TEST_STEP][PASSED] - Statement - CurrentMonth = monthContainerMatcher.toString(): null

2019-01-09 11:44:44 - [TEST_STEP][PASSED] - Statement - CurrentMonth = CurrentMonth: null

2019-01-09 11:44:44 - [TEST_STEP][PASSED] - Statement - CurrentDateNoFilter.applyPattern("yyyy"): null

2019-01-09 11:44:44 - [TEST_STEP][PASSED] - Statement - CurrentYear = CurrentDateNoFilter.format(TodayDate): null

2019-01-09 11:44:44 - [TEST_STEP][PASSED] - Statement - CurrentYear = CurrentYear: null

2019-01-09 11:44:44 - [TEST_STEP][PASSED] - Statement - intCurrentYear = java.lang.Integer.parseInt(CurrentDateNoFilter.format(TodayDate)): null

2019-01-09 11:44:44 - [TEST_STEP][PASSED] - Statement - eighteenYrsAgo = intCurrentYear - 18: null

2019-01-09 11:44:44 - [TEST_STEP][PASSED] - Statement - eighteenYrsBeforeThisYr = eighteenYrsAgo.toString(): null

2019-01-09 11:44:44 - [TEST_STEP][PASSED] - Statement - EighteenYrsBefore = eighteenYrsBeforeThisYr: null

2019-01-09 11:44:44 - [TEST_STEP][PASSED] - Statement - fiftysevenYrsAgo = intCurrentYear - 57: null

2019-01-09 11:44:44 - [TEST_STEP][PASSED] - Statement - fiftysevenYrsBeforeThisYr = fiftysevenYrsAgo.toString(): null

2019-01-09 11:44:44 - [TEST_STEP][PASSED] - Statement - FiftysevenYrsBefore = fiftysevenYrsBeforeThisYr: null

2019-01-09 11:44:44 - [TEST_STEP][PASSED] - Statement - leapYear = false: null

2019-01-09 11:44:44 - [TEST_STEP][PASSED] - Statement - leapYear = intCurrentYear % 4 == 0: null

2019-01-09 11:44:44 - [TEST_STEP][PASSED] - Statement - CurrentDateNoFilter.applyPattern("dd"): null

2019-01-09 11:44:44 - [TEST_STEP][PASSED] - Statement - CurrentDate = CurrentDateNoFilter.format(TodayDate): null

2019-01-09 11:44:44 - [TEST_STEP][PASSED] - Statement - CurrentDate = java.lang.Integer.parseInt(CurrentDate): null

2019-01-09 11:44:44 - [TEST_STEP][PASSED] - Statement - CurrentDate = CurrentDate: null

2019-01-09 11:44:44 - [TEST_STEP][PASSED] - Statement - CurrentDay = java.lang.Integer.parseInt(CurrentDate): null

2019-01-09 11:44:44 - [TEST_STEP][PASSED] - Statement - ConfAdder = <not implemented yet for class: org.codehaus.groovy.ast.expr.EmptyExpression>: null

2019-01-09 11:44:44 - [TEST_STEP][PASSED] - Statement - out.println(CurrentMonth): null

2019-01-09 11:44:44 - [TEST_STEP][PASSED] - Statement - out.println(CurrentDate): null

2019-01-09 11:44:44 - [TEST_STEP][PASSED] - Statement - switch (CurrentDate): null

2019-01-09 11:44:44 - [TEST_STEP][PASSED] - Statement - Default: null

2019-01-09 11:44:44 - [TEST_STEP][PASSED] - Statement - ConfAdder = true: null

2019-01-09 11:44:44 - [TEST_STEP][PASSED] - Statement - Break: null

2019-01-09 11:44:44 - [TEST_STEP][PASSED] - Statement - aDayBefore = <not implemented yet for class: org.codehaus.groovy.ast.expr.EmptyExpression>: null

2019-01-09 11:44:44 - [TEST_STEP][PASSED] - Statement - out.println(ConfAdder): null

2019-01-09 11:44:44 - [TEST_STEP][PASSED] - Statement - If (ConfAdder == true): null

2019-01-09 11:44:44 - [TEST_STEP][PASSED] - Statement - aDayBefore = CurrentDay + 1: null

2019-01-09 11:44:44 - [TEST_STEP][PASSED] - Statement - out.println(aDayBefore): null

2019-01-09 11:44:44 - [TEST_STEP][PASSED] - Statement - If (aDayBefore == 1 && CurrentMonth == 11): null

2019-01-09 11:44:44 - [TEST_STEP][PASSED] - Statement - DayBefore = aDayBefore.toString(): null

2019-01-09 11:44:44 - [TEST_STEP][PASSED] - Statement - OneDayBefore = DayBefore: null

2019-01-09 11:44:44 - [MESSAGE][PASSED] - Call Test Case 'Test Cases/Final Aug 2018 - PKS Automation/Registration Module/New Registration/Form 2/Date Updater' successfully

2019-01-09 11:44:45 - [TEST_STEP][PASSED] - delay: Delayed 1 second(s)

2019-01-09 11:44:46 - [MESSAGE][PASSED] - Delayed 1 second(s)

2019-01-09 11:44:46 - [TEST_STEP][PASSED] - Statement - CaseReferenceNo = com.kms.katalon.core.webui.keyword.WebUiBuiltInKeywords.getText(com.kms.katalon.core.testobject.ObjectRepository.findTestObject(Final Object Repo/New Registration - Registration Module Pages/Form 2/RefNo Acquiring)): Text of object 'Object Repository/Final Object Repo/New Registration - Registration Module Pages/Form 2/RefNo Acquiring' is: 'CRN01201900123677'

2019-01-09 11:44:46 - [MESSAGE][PASSED] - Text of object 'Object Repository/Final Object Repo/New Registration - Registration Module Pages/Form 2/RefNo Acquiring' is: 'CRN01201900123677'

2019-01-09 11:44:46 - [TEST_STEP][PASSED] - delay: Delayed 1 second(s)

2019-01-09 11:44:47 - [MESSAGE][PASSED] - Delayed 1 second(s)

2019-01-09 11:44:47 - [TEST_STEP][PASSED] - click: Object: 'Object Repository/Final Object Repo/New Registration - Registration Module Pages/Form 2/Add Employee Button' is clicked on

2019-01-09 11:44:47 - [MESSAGE][PASSED] - Object: 'Object Repository/Final Object Repo/New Registration - Registration Module Pages/Form 2/Add Employee Button' is clicked on

2019-01-09 11:44:47 - [TEST_STEP][PASSED] - delay: Delayed 1 second(s)

2019-01-09 11:44:48 - [MESSAGE][PASSED] - Delayed 1 second(s)

2019-01-09 11:44:48 - [TEST_STEP][PASSED] - setText: Text '010903091948' is set on object 'Object Repository/Final Object Repo/New Registration - Registration Module Pages/Form 2/NRIC Input'

2019-01-09 11:44:48 - [MESSAGE][PASSED] - Text '010903091948' is set on object 'Object Repository/Final Object Repo/New Registration - Registration Module Pages/Form 2/NRIC Input'

2019-01-09 11:44:48 - [TEST_STEP][PASSED] - delay: Delayed 2 second(s)

2019-01-09 11:44:50 - [MESSAGE][PASSED] - Delayed 2 second(s)

2019-01-09 11:44:50 - [TEST_STEP][PASSED] - setText: Text 'Automate001 eligible 1' is set on object 'Object Repository/Final Object Repo/New Registration - Registration Module Pages/Form 2/Employee Name Input'

2019-01-09 11:44:51 - [MESSAGE][PASSED] - Text 'Automate001 eligible 1' is set on object 'Object Repository/Final Object Repo/New Registration - Registration Module Pages/Form 2/Employee Name Input'

2019-01-09 11:44:51 - [TEST_STEP][PASSED] - delay: Delayed 2 second(s)

2019-01-09 11:44:53 - [MESSAGE][PASSED] - Delayed 2 second(s)

2019-01-09 11:44:53 - [TEST_STEP][PASSED] - click: Object: 'Object Repository/Final Object Repo/New Registration - Registration Module Pages/Form 2/DatePicker Pop Up' is clicked on

2019-01-09 11:44:53 - [MESSAGE][PASSED] - Object: 'Object Repository/Final Object Repo/New Registration - Registration Module Pages/Form 2/DatePicker Pop Up' is clicked on

2019-01-09 11:44:53 - [TEST_STEP][PASSED] - click: Object: 'Object Repository/Final Object Repo/New Registration - Registration Module Pages/Form 2/DOB Month' is clicked on

2019-01-09 11:44:53 - [MESSAGE][PASSED] - Object: 'Object Repository/Final Object Repo/New Registration - Registration Module Pages/Form 2/DOB Month' is clicked on

2019-01-09 11:44:53 - [TEST_STEP][PASSED] - Statement - CurrentMonth = CurrentMonth: null

2019-01-09 11:44:53 - [TEST_STEP][PASSED] - Statement - selectMonth = new com.kms.katalon.core.testobject.TestObject(): null

2019-01-09 11:44:53 - [TEST_STEP][PASSED] - Statement - selectMonth.addProperty("xpath", EQUALS, "//body/div/div/div/select/option[@value='" + CurrentMonth + "']", true): null

2019-01-09 11:44:53 - [TEST_STEP][PASSED] - click: Object: '' is clicked on

2019-01-09 11:44:53 - [MESSAGE][PASSED] - Object: '' is clicked on

2019-01-09 11:44:53 - [TEST_STEP][PASSED] - click: Object: 'Object Repository/Final Object Repo/New Registration - Registration Module Pages/Form 2/DOB Year' is clicked on

2019-01-09 11:44:54 - [MESSAGE][PASSED] - Object: 'Object Repository/Final Object Repo/New Registration - Registration Module Pages/Form 2/DOB Year' is clicked on

2019-01-09 11:44:54 - [TEST_STEP][PASSED] - Statement - Eyearsbf = EighteenYrsBefore: null

2019-01-09 11:44:54 - [TEST_STEP][PASSED] - Statement - selectYear = new com.kms.katalon.core.testobject.TestObject(): null

2019-01-09 11:44:54 - [TEST_STEP][PASSED] - Statement - selectYear.addProperty("xpath", EQUALS, "//div/div/div/select/option[@value='" + Eyearsbf + "']", true): null

2019-01-09 11:44:54 - [TEST_STEP][PASSED] - click: Object: '' is clicked on

2019-01-09 11:44:54 - [MESSAGE][PASSED] - Object: '' is clicked on

2019-01-09 11:44:54 - [TEST_STEP][PASSED] - Statement - UpdatedSelectDate = com.kms.katalon.core.webui.keyword.WebUiBuiltInKeywords.modifyObjectProperty(com.kms.katalon.core.testobject.ObjectRepository.findTestObject(Final Object Repo/New Registration - Registration Module Pages/Form 2/DOB Date), "xpath", "equals", "//body/div/table/tbody/tr/td/a[text()="" + CurrentDate + ""]", true): Modify property of object successfully

2019-01-09 11:44:54 - [MESSAGE][PASSED] - Modify property of object successfully

2019-01-09 11:44:54 - [TEST_STEP][PASSED] - delay: Delayed 3 second(s)

2019-01-09 11:44:57 - [MESSAGE][PASSED] - Delayed 3 second(s)

2019-01-09 11:44:57 - [TEST_STEP][PASSED] - click: Object: 'Object Repository/Final Object Repo/New Registration - Registration Module Pages/Form 2/DOB Date' is clicked on

2019-01-09 11:44:57 - [MESSAGE][PASSED] - Object: 'Object Repository/Final Object Repo/New Registration - Registration Module Pages/Form 2/DOB Date' is clicked on

2019-01-09 11:44:57 - [TEST_STEP][PASSED] - delay: Delayed 2 second(s)

2019-01-09 11:44:59 - [MESSAGE][PASSED] - Delayed 2 second(s)

2019-01-09 11:44:59 - [TEST_STEP][PASSED] - click: Object: 'Object Repository/Final Object Repo/New Registration - Registration Module Pages/Form 2/EmploymentStartDate Pop Up' is clicked on

2019-01-09 11:44:59 - [MESSAGE][PASSED] - Object: 'Object Repository/Final Object Repo/New Registration - Registration Module Pages/Form 2/EmploymentStartDate Pop Up' is clicked on

2019-01-09 11:44:59 - [TEST_STEP][PASSED] - delay: Delayed 2 second(s)

2019-01-09 11:45:01 - [MESSAGE][PASSED] - Delayed 2 second(s)

2019-01-09 11:45:01 - [TEST_STEP][PASSED] - click: Object: 'Object Repository/Final Object Repo/New Registration - Registration Module Pages/Form 2/Socso Employment StartDate Month' is clicked on

2019-01-09 11:45:01 - [MESSAGE][PASSED] - Object: 'Object Repository/Final Object Repo/New Registration - Registration Module Pages/Form 2/Socso Employment StartDate Month' is clicked on

2019-01-09 11:45:01 - [TEST_STEP][PASSED] - delay: Delayed 1 second(s)

2019-01-09 11:45:02 - [MESSAGE][PASSED] - Delayed 1 second(s)

2019-01-09 11:45:02 - [TEST_STEP][PASSED] - click: Object: 'Object Repository/Final Object Repo/New Registration - Registration Module Pages/Form 2/Select Socso Employement Startdate Month' is clicked on

2019-01-09 11:45:02 - [MESSAGE][PASSED] - Object: 'Object Repository/Final Object Repo/New Registration - Registration Module Pages/Form 2/Select Socso Employement Startdate Month' is clicked on

2019-01-09 11:45:02 - [TEST_STEP][PASSED] - delay: Delayed 2 second(s)

2019-01-09 11:45:04 - [MESSAGE][PASSED] - Delayed 2 second(s)

2019-01-09 11:45:04 - [TEST_STEP][PASSED] - click: Object: 'Object Repository/Final Object Repo/New Registration - Registration Module Pages/Form 2/Socso Employment StartDate Year' is clicked on

2019-01-09 11:45:05 - [MESSAGE][PASSED] - Object: 'Object Repository/Final Object Repo/New Registration - Registration Module Pages/Form 2/Socso Employment StartDate Year' is clicked on

2019-01-09 11:45:05 - [TEST_STEP][PASSED] - delay: Delayed 1 second(s)

2019-01-09 11:45:06 - [MESSAGE][PASSED] - Delayed 1 second(s)

2019-01-09 11:45:06 - [TEST_STEP][PASSED] - click: Object: 'Object Repository/Final Object Repo/New Registration - Registration Module Pages/Form 2/Select Socso Employment Startdate Year' is clicked on

2019-01-09 11:45:06 - [MESSAGE][PASSED] - Object: 'Object Repository/Final Object Repo/New Registration - Registration Module Pages/Form 2/Select Socso Employment Startdate Year' is clicked on

2019-01-09 11:45:06 - [TEST_STEP][PASSED] - delay: Delayed 2 second(s)

2019-01-09 11:45:08 - [MESSAGE][PASSED] - Delayed 2 second(s)

2019-01-09 11:45:08 - [TEST_STEP][PASSED] - click: Object: 'Object Repository/Final Object Repo/New Registration - Registration Module Pages/Form 2/Socso Employment Start Date Day' is clicked on

2019-01-09 11:45:08 - [MESSAGE][PASSED] - Object: 'Object Repository/Final Object Repo/New Registration - Registration Module Pages/Form 2/Socso Employment Start Date Day' is clicked on

2019-01-09 11:45:08 - [TEST_STEP][PASSED] - delay: Delayed 2 second(s)

2019-01-09 11:45:10 - [MESSAGE][PASSED] - Delayed 2 second(s)

2019-01-09 11:45:10 - [TEST_STEP][PASSED] - click: Object: 'Object Repository/Final Object Repo/New Registration - Registration Module Pages/Form 2/Save Button for Add Employee' is clicked on

2019-01-09 11:45:10 - [MESSAGE][PASSED] - Object: 'Object Repository/Final Object Repo/New Registration - Registration Module Pages/Form 2/Save Button for Add Employee' is clicked on

2019-01-09 11:45:10 - [TEST_STEP][PASSED] - delay: Delayed 6 second(s)

2019-01-09 11:45:16 - [MESSAGE][PASSED] - Delayed 6 second(s)

2019-01-09 11:45:16 - [TEST_STEP][PASSED] - click: Object: 'Object Repository/Final Object Repo/New Registration - Registration Module Pages/Form 2/Save and Continue Form 2' is clicked on

2019-01-09 11:45:16 - [MESSAGE][PASSED] - Object: 'Object Repository/Final Object Repo/New Registration - Registration Module Pages/Form 2/Save and Continue Form 2' is clicked on

2019-01-09 11:45:16 - [MESSAGE][PASSED] - Call Test Case 'Test Cases/Final Aug 2018 - PKS Automation/Registration Module/New Registration/Form 2/Add 1 Eligible - Employer Account Use' successfully

2019-01-09 11:45:16 - [TEST_STEP][PASSED] - callTestCase: Call Test Case 'Test Cases/Final Aug 2018 - PKS Automation/Registration Module/New Registration/Flow of New Registration/Third Screen - Upload Supporting Doc - Preview' successfully

2019-01-09 11:45:16 - [TEST_CASE][PASSED] - Test Cases/Final Aug 2018 - PKS Automation/Registration Module/New Registration/Flow of New Registration/Third Screen - Upload Supporting Doc - Preview: Test Cases/Final Aug 2018 - PKS Automation/Registration Module/New Registration/Flow of New Registration/Third Screen - Upload Supporting Doc - Preview

2019-01-09 11:45:16 - [TEST_STEP][PASSED] - waitForPageLoad: Wait for page load successfully

2019-01-09 11:45:17 - [MESSAGE][PASSED] - Wait for page load successfully

2019-01-09 11:45:17 - [TEST_STEP][PASSED] - Statement - CaseReferenceNo = com.kms.katalon.core.webui.keyword.WebUiBuiltInKeywords.getText(com.kms.katalon.core.testobject.ObjectRepository.findTestObject(Final Object Repo/New Registration - Registration Module Pages/Third Screen - Upload Supporting Doc- Preview/RefNo Acquiring)): Text of object 'Object Repository/Final Object Repo/New Registration - Registration Module Pages/Third Screen - Upload Supporting Doc- Preview/RefNo Acquiring' is: 'CRN01201900123677'

2019-01-09 11:45:17 - [MESSAGE][PASSED] - Text of object 'Object Repository/Final Object Repo/New Registration - Registration Module Pages/Third Screen - Upload Supporting Doc- Preview/RefNo Acquiring' is: 'CRN01201900123677'

2019-01-09 11:45:17 - [TEST_STEP][PASSED] - delay: Delayed 2 second(s)

2019-01-09 11:45:19 - [MESSAGE][PASSED] - Delayed 2 second(s)

2019-01-09 11:45:19 - [TEST_STEP][PASSED] - callTestCase: Call Test Case 'Test Cases/Final Aug 2018 - PKS Automation/Common/Reference Number Setter' successfully

2019-01-09 11:45:19 - [TEST_CASE][PASSED] - Test Cases/Final Aug 2018 - PKS Automation/Common/Reference Number Setter: Test Cases/Final Aug 2018 - PKS Automation/Common/Reference Number Setter

2019-01-09 11:45:19 - [TEST_STEP][PASSED] - Statement - RefNoOldFile = new java.io.File(C://Users//Admin//Desktop//PKS//Automation Reference Point//KatalonReference.txt): null

2019-01-09 11:45:19 - [TEST_STEP][PASSED] - Statement - RefNoOldFile.delete(): null

2019-01-09 11:45:19 - [TEST_STEP][PASSED] - delay: Delayed 5 second(s)

2019-01-09 11:45:24 - [MESSAGE][PASSED] - Delayed 5 second(s)

2019-01-09 11:45:24 - [TEST_STEP][PASSED] - Statement - RefNo = new java.io.File(C://Users//Admin//Desktop//PKS//Automation Reference Point//KatalonReference.txt): null

2019-01-09 11:45:24 - [TEST_STEP][PASSED] - Statement - f2 = new java.io.FileWriter(RefNo, false): null

2019-01-09 11:45:24 - [TEST_STEP][PASSED] - Statement - f2.write(CaseReferenceNo): null

2019-01-09 11:45:24 - [TEST_STEP][PASSED] - Statement - f2.close(): null

2019-01-09 11:45:24 - [TEST_STEP][PASSED] - Statement - out.println("


" + CaseReferenceNo + "


"): null

2019-01-09 11:45:24 - [MESSAGE][PASSED] - Call Test Case 'Test Cases/Final Aug 2018 - PKS Automation/Common/Reference Number Setter' successfully

2019-01-09 11:45:24 - [TEST_STEP][PASSED] - waitForElementClickable: Object 'Object Repository/Final Object Repo/New Registration - Registration Module Pages/Third Screen - Upload Supporting Doc- Preview/Save n Continue in SIP Employee Listing Page' is clickable

2019-01-09 11:45:24 - [MESSAGE][PASSED] - Object 'Object Repository/Final Object Repo/New Registration - Registration Module Pages/Third Screen - Upload Supporting Doc- Preview/Save n Continue in SIP Employee Listing Page' is clickable

2019-01-09 11:45:24 - [TEST_STEP][PASSED] - click: Object: 'Object Repository/Final Object Repo/New Registration - Registration Module Pages/Third Screen - Upload Supporting Doc- Preview/Save n Continue in SIP Employee Listing Page' is clicked on

2019-01-09 11:45:30 - [MESSAGE][PASSED] - Object: 'Object Repository/Final Object Repo/New Registration - Registration Module Pages/Third Screen - Upload Supporting Doc- Preview/Save n Continue in SIP Employee Listing Page' is clicked on

2019-01-09 11:45:30 - [TEST_STEP][PASSED] - delay: Delayed 7 second(s)

2019-01-09 11:45:37 - [MESSAGE][PASSED] - Delayed 7 second(s)

2019-01-09 11:45:37 - [TEST_STEP][PASSED] - click: Object: 'Object Repository/Final Object Repo/New Registration - Registration Module Pages/Third Screen - Upload Supporting Doc- Preview/Add Document Button' is clicked on

2019-01-09 11:45:37 - [MESSAGE][PASSED] - Object: 'Object Repository/Final Object Repo/New Registration - Registration Module Pages/Third Screen - Upload Supporting Doc- Preview/Add Document Button' is clicked on

2019-01-09 11:45:37 - [TEST_STEP][PASSED] - delay: Delayed 30 second(s)

2019-01-09 11:46:07 - [MESSAGE][PASSED] - Delayed 30 second(s)

2019-01-09 11:46:07 - [TEST_STEP][PASSED] - click: Object: 'Object Repository/Final Object Repo/New Registration - Registration Module Pages/Third Screen - Upload Supporting Doc- Preview/Supporting Doc Please Select Drop Down' is clicked on

2019-01-09 11:46:07 - [MESSAGE][PASSED] - Object: 'Object Repository/Final Object Repo/New Registration - Registration Module Pages/Third Screen - Upload Supporting Doc- Preview/Supporting Doc Please Select Drop Down' is clicked on

2019-01-09 11:46:07 - [TEST_STEP][PASSED] - delay: Delayed 2 second(s)

2019-01-09 11:46:09 - [MESSAGE][PASSED] - Delayed 2 second(s)

2019-01-09 11:46:09 - [TEST_STEP][PASSED] - click: Object: 'Object Repository/Final Object Repo/New Registration - Registration Module Pages/Third Screen - Upload Supporting Doc- Preview/Select to Upload Form 1' is clicked on

2019-01-09 11:46:09 - [MESSAGE][PASSED] - Object: 'Object Repository/Final Object Repo/New Registration - Registration Module Pages/Third Screen - Upload Supporting Doc- Preview/Select to Upload Form 1' is clicked on

2019-01-09 11:46:09 - [TEST_STEP][PASSED] - delay: Delayed 2 second(s)

2019-01-09 11:46:11 - [MESSAGE][PASSED] - Delayed 2 second(s)

2019-01-09 11:46:11 - [TEST_STEP][PASSED] - uploadFile: File 'C:\Users\Public\Pictures\Sample Pictures\Koala.jpg' sent to object: 'Object Repository/Final Object Repo/New Registration - Registration Module Pages/Third Screen - Upload Supporting Doc- Preview/Upload File Adding'

2019-01-09 11:46:11 - [MESSAGE][PASSED] - File 'C:\Users\Public\Pictures\Sample Pictures\Koala.jpg' sent to object: 'Object Repository/Final Object Repo/New Registration - Registration Module Pages/Third Screen - Upload Supporting Doc- Preview/Upload File Adding'

2019-01-09 11:46:11 - [TEST_STEP][PASSED] - delay: Delayed 5 second(s)

2019-01-09 11:46:16 - [MESSAGE][PASSED] - Delayed 5 second(s)

2019-01-09 11:46:16 - [TEST_STEP][PASSED] - click: Object: 'Object Repository/Final Object Repo/New Registration - Registration Module Pages/Third Screen - Upload Supporting Doc- Preview/Inner Form Add Document Button' is clicked on

2019-01-09 11:46:17 - [MESSAGE][PASSED] - Object: 'Object Repository/Final Object Repo/New Registration - Registration Module Pages/Third Screen - Upload Supporting Doc- Preview/Inner Form Add Document Button' is clicked on

2019-01-09 11:46:17 - [TEST_STEP][PASSED] - delay: Delayed 3 second(s)

2019-01-09 11:46:20 - [MESSAGE][PASSED] - Delayed 3 second(s)

2019-01-09 11:46:20 - [TEST_STEP][PASSED] - click: Object: 'Object Repository/Final Object Repo/New Registration - Registration Module Pages/Third Screen - Upload Supporting Doc- Preview/Add Document Button' is clicked on

2019-01-09 11:46:21 - [MESSAGE][PASSED] - Object: 'Object Repository/Final Object Repo/New Registration - Registration Module Pages/Third Screen - Upload Supporting Doc- Preview/Add Document Button' is clicked on

2019-01-09 11:46:21 - [TEST_STEP][PASSED] - delay: Delayed 30 second(s)

2019-01-09 11:46:51 - [MESSAGE][PASSED] - Delayed 30 second(s)

2019-01-09 11:46:51 - [TEST_STEP][PASSED] - click: Object: 'Object Repository/Final Object Repo/New Registration - Registration Module Pages/Third Screen - Upload Supporting Doc- Preview/Supporting Doc Please Select Drop Down' is clicked on

2019-01-09 11:46:51 - [MESSAGE][PASSED] - Object: 'Object Repository/Final Object Repo/New Registration - Registration Module Pages/Third Screen - Upload Supporting Doc- Preview/Supporting Doc Please Select Drop Down' is clicked on

2019-01-09 11:46:51 - [TEST_STEP][PASSED] - delay: Delayed 4 second(s)

2019-01-09 11:46:55 - [MESSAGE][PASSED] - Delayed 4 second(s)

2019-01-09 11:46:55 - [TEST_STEP][PASSED] - click: Object: 'Object Repository/Final Object Repo/New Registration - Registration Module Pages/Third Screen - Upload Supporting Doc- Preview/Select to Upload Form 2' is clicked on

2019-01-09 11:46:55 - [MESSAGE][PASSED] - Object: 'Object Repository/Final Object Repo/New Registration - Registration Module Pages/Third Screen - Upload Supporting Doc- Preview/Select to Upload Form 2' is clicked on

2019-01-09 11:46:55 - [TEST_STEP][PASSED] - delay: Delayed 2 second(s)

2019-01-09 11:46:57 - [MESSAGE][PASSED] - Delayed 2 second(s)

2019-01-09 11:46:57 - [TEST_STEP][PASSED] - uploadFile: File 'C:\Users\Public\Pictures\Sample Pictures\Koala.jpg' sent to object: 'Object Repository/Final Object Repo/New Registration - Registration Module Pages/Third Screen - Upload Supporting Doc- Preview/Upload File Adding'

2019-01-09 11:46:58 - [MESSAGE][PASSED] - File 'C:\Users\Public\Pictures\Sample Pictures\Koala.jpg' sent to object: 'Object Repository/Final Object Repo/New Registration - Registration Module Pages/Third Screen - Upload Supporting Doc- Preview/Upload File Adding'

2019-01-09 11:46:58 - [TEST_STEP][PASSED] - click: Object: 'Object Repository/Final Object Repo/New Registration - Registration Module Pages/Third Screen - Upload Supporting Doc- Preview/Inner Form Add Document Button' is clicked on

2019-01-09 11:46:58 - [MESSAGE][PASSED] - Object: 'Object Repository/Final Object Repo/New Registration - Registration Module Pages/Third Screen - Upload Supporting Doc- Preview/Inner Form Add Document Button' is clicked on

2019-01-09 11:46:58 - [TEST_STEP][PASSED] - delay: Delayed 5 second(s)

2019-01-09 11:47:03 - [MESSAGE][PASSED] - Delayed 5 second(s)

2019-01-09 11:47:03 - [TEST_STEP][PASSED] - click: Object: 'Object Repository/Final Object Repo/New Registration - Registration Module Pages/Third Screen - Upload Supporting Doc- Preview/Add Document Button' is clicked on

2019-01-09 11:47:03 - [MESSAGE][PASSED] - Object: 'Object Repository/Final Object Repo/New Registration - Registration Module Pages/Third Screen - Upload Supporting Doc- Preview/Add Document Button' is clicked on

2019-01-09 11:47:03 - [TEST_STEP][PASSED] - delay: Delayed 30 second(s)

2019-01-09 11:47:33 - [MESSAGE][PASSED] - Delayed 30 second(s)

2019-01-09 11:47:33 - [TEST_STEP][PASSED] - click: Object: 'Object Repository/Final Object Repo/New Registration - Registration Module Pages/Third Screen - Upload Supporting Doc- Preview/Supporting Doc Please Select Drop Down' is clicked on

2019-01-09 11:47:33 - [MESSAGE][PASSED] - Object: 'Object Repository/Final Object Repo/New Registration - Registration Module Pages/Third Screen - Upload Supporting Doc- Preview/Supporting Doc Please Select Drop Down' is clicked on

2019-01-09 11:47:33 - [TEST_STEP][PASSED] - click: Object: 'Object Repository/Final Object Repo/New Registration - Registration Module Pages/Third Screen - Upload Supporting Doc- Preview/Select to Upload Borang SIP 1' is clicked on

2019-01-09 11:47:33 - [MESSAGE][PASSED] - Object: 'Object Repository/Final Object Repo/New Registration - Registration Module Pages/Third Screen - Upload Supporting Doc- Preview/Select to Upload Borang SIP 1' is clicked on

2019-01-09 11:47:33 - [TEST_STEP][PASSED] - delay: Delayed 2 second(s)

2019-01-09 11:47:35 - [MESSAGE][PASSED] - Delayed 2 second(s)

2019-01-09 11:47:35 - [TEST_STEP][PASSED] - uploadFile: File 'C:\Users\Public\Pictures\Sample Pictures\Koala.jpg' sent to object: 'Object Repository/Final Object Repo/New Registration - Registration Module Pages/Third Screen - Upload Supporting Doc- Preview/Upload File Adding'

2019-01-09 11:47:35 - [MESSAGE][PASSED] - File 'C:\Users\Public\Pictures\Sample Pictures\Koala.jpg' sent to object: 'Object Repository/Final Object Repo/New Registration - Registration Module Pages/Third Screen - Upload Supporting Doc- Preview/Upload File Adding'

2019-01-09 11:47:35 - [TEST_STEP][PASSED] - click: Object: 'Object Repository/Final Object Repo/New Registration - Registration Module Pages/Third Screen - Upload Supporting Doc- Preview/Inner Form Add Document Button' is clicked on

2019-01-09 11:47:36 - [MESSAGE][PASSED] - Object: 'Object Repository/Final Object Repo/New Registration - Registration Module Pages/Third Screen - Upload Supporting Doc- Preview/Inner Form Add Document Button' is clicked on

2019-01-09 11:47:36 - [TEST_STEP][PASSED] - delay: Delayed 5 second(s)

2019-01-09 11:47:41 - [MESSAGE][PASSED] - Delayed 5 second(s)

2019-01-09 11:47:41 - [TEST_STEP][PASSED] - click: Object: 'Object Repository/Final Object Repo/New Registration - Registration Module Pages/Third Screen - Upload Supporting Doc- Preview/Add Document Button' is clicked on

2019-01-09 11:47:42 - [MESSAGE][PASSED] - Object: 'Object Repository/Final Object Repo/New Registration - Registration Module Pages/Third Screen - Upload Supporting Doc- Preview/Add Document Button' is clicked on

2019-01-09 11:47:42 - [TEST_STEP][PASSED] - delay: Delayed 30 second(s)

2019-01-09 11:48:12 - [MESSAGE][PASSED] - Delayed 30 second(s)

2019-01-09 11:48:12 - [TEST_STEP][PASSED] - click: Object: 'Object Repository/Final Object Repo/New Registration - Registration Module Pages/Third Screen - Upload Supporting Doc- Preview/Supporting Doc Please Select Drop Down' is clicked on

2019-01-09 11:48:12 - [MESSAGE][PASSED] - Object: 'Object Repository/Final Object Repo/New Registration - Registration Module Pages/Third Screen - Upload Supporting Doc- Preview/Supporting Doc Please Select Drop Down' is clicked on

2019-01-09 11:48:12 - [TEST_STEP][PASSED] - delay: Delayed 3 second(s)

2019-01-09 11:48:15 - [MESSAGE][PASSED] - Delayed 3 second(s)

2019-01-09 11:48:15 - [TEST_STEP][PASSED] - click: Object: 'Object Repository/Final Object Repo/New Registration - Registration Module Pages/Third Screen - Upload Supporting Doc- Preview/Select to Upload Borang SIP 2' is clicked on

2019-01-09 11:48:16 - [MESSAGE][PASSED] - Object: 'Object Repository/Final Object Repo/New Registration - Registration Module Pages/Third Screen - Upload Supporting Doc- Preview/Select to Upload Borang SIP 2' is clicked on

2019-01-09 11:48:16 - [TEST_STEP][PASSED] - delay: Delayed 2 second(s)

2019-01-09 11:48:18 - [MESSAGE][PASSED] - Delayed 2 second(s)

2019-01-09 11:48:18 - [TEST_STEP][PASSED] - uploadFile: File 'C:\Users\Public\Pictures\Sample Pictures\Koala.jpg' sent to object: 'Object Repository/Final Object Repo/New Registration - Registration Module Pages/Third Screen - Upload Supporting Doc- Preview/Upload File Adding'

2019-01-09 11:48:18 - [MESSAGE][PASSED] - File 'C:\Users\Public\Pictures\Sample Pictures\Koala.jpg' sent to object: 'Object Repository/Final Object Repo/New Registration - Registration Module Pages/Third Screen - Upload Supporting Doc- Preview/Upload File Adding'

2019-01-09 11:48:18 - [TEST_STEP][PASSED] - delay: Delayed 5 second(s)

2019-01-09 11:48:23 - [MESSAGE][PASSED] - Delayed 5 second(s)

2019-01-09 11:48:23 - [TEST_STEP][PASSED] - click: Object: 'Object Repository/Final Object Repo/New Registration - Registration Module Pages/Third Screen - Upload Supporting Doc- Preview/Inner Form Add Document Button' is clicked on

2019-01-09 11:48:23 - [MESSAGE][PASSED] - Object: 'Object Repository/Final Object Repo/New Registration - Registration Module Pages/Third Screen - Upload Supporting Doc- Preview/Inner Form Add Document Button' is clicked on

2019-01-09 11:48:23 - [TEST_STEP][PASSED] - delay: Delayed 3 second(s)

2019-01-09 11:48:26 - [MESSAGE][PASSED] - Delayed 3 second(s)

2019-01-09 11:48:26 - [TEST_STEP][PASSED] - waitForElementClickable: Object 'Object Repository/Final Object Repo/New Registration - Registration Module Pages/Third Screen - Upload Supporting Doc- Preview/Save n Continue in Uploading Supporting Doc Page' is clickable

2019-01-09 11:48:27 - [MESSAGE][PASSED] - Object 'Object Repository/Final Object Repo/New Registration - Registration Module Pages/Third Screen - Upload Supporting Doc- Preview/Save n Continue in Uploading Supporting Doc Page' is clickable

2019-01-09 11:48:27 - [TEST_STEP][PASSED] - click: Object: 'Object Repository/Final Object Repo/New Registration - Registration Module Pages/Third Screen - Upload Supporting Doc- Preview/Save n Continue in Uploading Supporting Doc Page' is clicked on

2019-01-09 11:48:27 - [MESSAGE][PASSED] - Object: 'Object Repository/Final Object Repo/New Registration - Registration Module Pages/Third Screen - Upload Supporting Doc- Preview/Save n Continue in Uploading Supporting Doc Page' is clicked on

2019-01-09 11:48:27 - [MESSAGE][PASSED] - Call Test Case 'Test Cases/Final Aug 2018 - PKS Automation/Registration Module/New Registration/Flow of New Registration/Third Screen - Upload Supporting Doc - Preview' successfully

2019-01-09 11:48:27 - [TEST_STEP][PASSED] - setText: Text 'Tester' is set on object 'Object Repository/Final Object Repo/New Registration - Registration Module Pages/New Reg - OTC to RO/Special Case - All Related Objects/Employer Preview Name'

2019-01-09 11:48:32 - [MESSAGE][PASSED] - Text 'Tester' is set on object 'Object Repository/Final Object Repo/New Registration - Registration Module Pages/New Reg - OTC to RO/Special Case - All Related Objects/Employer Preview Name'

2019-01-09 11:48:32 - [TEST_STEP][PASSED] - click: Object: 'Object Repository/Final Object Repo/New Registration - Registration Module Pages/New Reg - OTC to RO/Special Case - All Related Objects/IC Type Drop Down' is clicked on

2019-01-09 11:48:32 - [MESSAGE][PASSED] - Object: 'Object Repository/Final Object Repo/New Registration - Registration Module Pages/New Reg - OTC to RO/Special Case - All Related Objects/IC Type Drop Down' is clicked on

2019-01-09 11:48:32 - [TEST_STEP][PASSED] - click: Object: 'Object Repository/Final Object Repo/New Registration - Registration Module Pages/New Reg - OTC to RO/Special Case - All Related Objects/Select to NRIC' is clicked on

2019-01-09 11:48:32 - [MESSAGE][PASSED] - Object: 'Object Repository/Final Object Repo/New Registration - Registration Module Pages/New Reg - OTC to RO/Special Case - All Related Objects/Select to NRIC' is clicked on

2019-01-09 11:48:32 - [TEST_STEP][PASSED] - setText: Text '133245561223' is set on object 'Object Repository/Final Object Repo/New Registration - Registration Module Pages/New Reg - OTC to RO/Special Case - All Related Objects/IC Value'

2019-01-09 11:48:33 - [MESSAGE][PASSED] - Text '133245561223' is set on object 'Object Repository/Final Object Repo/New Registration - Registration Module Pages/New Reg - OTC to RO/Special Case - All Related Objects/IC Value'

2019-01-09 11:48:33 - [TEST_STEP][PASSED] - setText: Text 'Auto' is set on object 'Object Repository/Final Object Repo/New Registration - Registration Module Pages/New Reg - OTC to RO/Special Case - All Related Objects/Designation'

2019-01-09 11:48:33 - [MESSAGE][PASSED] - Text 'Auto' is set on object 'Object Repository/Final Object Repo/New Registration - Registration Module Pages/New Reg - OTC to RO/Special Case - All Related Objects/Designation'

2019-01-09 11:48:33 - [TEST_STEP][PASSED] - callTestCase: Call Test Case 'Test Cases/Final Aug 2018 - PKS Automation/Registration Module/New Registration/Submit and Screenshot/Submit Registration and Screenshot' successfully

2019-01-09 11:48:33 - [TEST_CASE][PASSED] - Test Cases/Final Aug 2018 - PKS Automation/Registration Module/New Registration/Submit and Screenshot/Submit Registration and Screenshot: Test Cases/Final Aug 2018 - PKS Automation/Registration Module/New Registration/Submit and Screenshot/Submit Registration and Screenshot

2019-01-09 11:48:33 - [TEST_STEP][PASSED] - delay: Delayed 6 second(s)

2019-01-09 11:48:39 - [MESSAGE][PASSED] - Delayed 6 second(s)

2019-01-09 11:48:39 - [TEST_STEP][PASSED] - click: Object: 'Object Repository/Final Object Repo/New Registration - Registration Module Pages/Third Screen - Upload Supporting Doc- Preview/Preview Submit Button' is clicked on

2019-01-09 11:48:39 - [MESSAGE][PASSED] - Object: 'Object Repository/Final Object Repo/New Registration - Registration Module Pages/Third Screen - Upload Supporting Doc- Preview/Preview Submit Button' is clicked on

2019-01-09 11:48:39 - [TEST_STEP][PASSED] - delay: Delayed 2 second(s)

2019-01-09 11:48:41 - [MESSAGE][PASSED] - Delayed 2 second(s)

2019-01-09 11:48:41 - [TEST_STEP][PASSED] - click: Object: 'Object Repository/Final Object Repo/New Registration - Registration Module Pages/Third Screen - Upload Supporting Doc- Preview/Preview Submit - Confirm' is clicked on

2019-01-09 11:48:41 - [MESSAGE][PASSED] - Object: 'Object Repository/Final Object Repo/New Registration - Registration Module Pages/Third Screen - Upload Supporting Doc- Preview/Preview Submit - Confirm' is clicked on

2019-01-09 11:48:41 - [TEST_STEP][PASSED] - delay: Delayed 15 second(s)

2019-01-09 11:48:56 - [MESSAGE][PASSED] - Delayed 15 second(s)

2019-01-09 11:48:56 - [TEST_STEP][PASSED] - Statement - driver = com.kms.katalon.core.webui.driver.DriverFactory.getWebDriver(): null

2019-01-09 11:48:56 - [TEST_STEP][PASSED] - Statement - driver.manage().timeouts().implicitlyWait(10, SECONDS): null

2019-01-09 11:48:56 - [TEST_STEP][PASSED] - Statement - PresavePath = KatalonScreenshots: null

2019-01-09 11:48:56 - [TEST_STEP][PASSED] - Statement - pathPrefix = "C:\Users\Public\Pictures\Sample Pictures\Katalon Screenshots\Automate Ending Screen": null

2019-01-09 11:48:56 - [TEST_STEP][PASSED] - Statement - finalPath = <not implemented yet for class: org.codehaus.groovy.ast.expr.EmptyExpression>: null

2019-01-09 11:48:56 - [TEST_STEP][PASSED] - Statement - scrFile = driver.getScreenshotAs(FILE): null

2019-01-09 11:48:57 - [TEST_STEP][PASSED] - Statement - PreSaveFile = new java.io.File(PresavePath): null

2019-01-09 11:48:57 - [TEST_STEP][PASSED] - Statement - counter = 0: null

2019-01-09 11:48:57 - [TEST_STEP][PASSED] - Statement - If (PreSaveFile.exists()): null

2019-01-09 11:48:57 - [TEST_STEP][PASSED] - Statement - While (PreSaveFile.exists()): null

2019-01-09 11:48:57 - [TEST_STEP][PASSED] - Statement - counter = counter + 1: null

2019-01-09 11:48:57 - [TEST_STEP][PASSED] - Statement - PreSaveFile = new java.io.File(((pathPrefix + java.lang.Integer.toString(counter)) + .png)): null

2019-01-09 11:48:57 - [TEST_STEP][PASSED] - Statement - counter = counter + 1: null

2019-01-09 11:48:57 - [TEST_STEP][PASSED] - Statement - PreSaveFile = new java.io.File(((pathPrefix + java.lang.Integer.toString(counter)) + .png)): null

2019-01-09 11:48:57 - [TEST_STEP][PASSED] - Statement - counter = counter + 1: null

2019-01-09 11:48:57 - [TEST_STEP][PASSED] - Statement - PreSaveFile = new java.io.File(((pathPrefix + java.lang.Integer.toString(counter)) + .png)): null

2019-01-09 11:48:57 - [TEST_STEP][PASSED] - Statement - counter = counter + 1: null

2019-01-09 11:48:57 - [TEST_STEP][PASSED] - Statement - PreSaveFile = new java.io.File(((pathPrefix + java.lang.Integer.toString(counter)) + .png)): null

2019-01-09 11:48:57 - [TEST_STEP][PASSED] - Statement - counter = counter + 1: null

2019-01-09 11:48:57 - [TEST_STEP][PASSED] - Statement - PreSaveFile = new java.io.File(((pathPrefix + java.lang.Integer.toString(counter)) + .png)): null

2019-01-09 11:48:57 - [TEST_STEP][PASSED] - Statement - counter = counter + 1: null

2019-01-09 11:48:57 - [TEST_STEP][PASSED] - Statement - PreSaveFile = new java.io.File(((pathPrefix + java.lang.Integer.toString(counter)) + .png)): null

2019-01-09 11:48:57 - [TEST_STEP][PASSED] - Statement - counter = counter + 1: null

2019-01-09 11:48:57 - [TEST_STEP][PASSED] - Statement - PreSaveFile = new java.io.File(((pathPrefix + java.lang.Integer.toString(counter)) + .png)): null

2019-01-09 11:48:57 - [TEST_STEP][PASSED] - Statement - counter = counter + 1: null

2019-01-09 11:48:57 - [TEST_STEP][PASSED] - Statement - PreSaveFile = new java.io.File(((pathPrefix + java.lang.Integer.toString(counter)) + .png)): null

2019-01-09 11:48:57 - [TEST_STEP][PASSED] - Statement - counter = counter + 1: null

2019-01-09 11:48:57 - [TEST_STEP][PASSED] - Statement - PreSaveFile = new java.io.File(((pathPrefix + java.lang.Integer.toString(counter)) + .png)): null

2019-01-09 11:48:57 - [TEST_STEP][PASSED] - Statement - counter = counter + 1: null

2019-01-09 11:48:57 - [TEST_STEP][PASSED] - Statement - PreSaveFile = new java.io.File(((pathPrefix + java.lang.Integer.toString(counter)) + .png)): null

2019-01-09 11:48:57 - [TEST_STEP][PASSED] - Statement - counter = counter + 1: null

2019-01-09 11:48:57 - [TEST_STEP][PASSED] - Statement - PreSaveFile = new java.io.File(((pathPrefix + java.lang.Integer.toString(counter)) + .png)): null

2019-01-09 11:48:57 - [TEST_STEP][PASSED] - Statement - counter = counter + 1: null

2019-01-09 11:48:57 - [TEST_STEP][PASSED] - Statement - PreSaveFile = new java.io.File(((pathPrefix + java.lang.Integer.toString(counter)) + .png)): null

2019-01-09 11:48:57 - [TEST_STEP][PASSED] - Statement - counter = counter + 1: null

2019-01-09 11:48:57 - [TEST_STEP][PASSED] - Statement - PreSaveFile = new java.io.File(((pathPrefix + java.lang.Integer.toString(counter)) + .png)): null

2019-01-09 11:48:57 - [TEST_STEP][PASSED] - Statement - counter = counter + 1: null

2019-01-09 11:48:57 - [TEST_STEP][PASSED] - Statement - PreSaveFile = new java.io.File(((pathPrefix + java.lang.Integer.toString(counter)) + .png)): null

2019-01-09 11:48:57 - [TEST_STEP][PASSED] - Statement - counter = counter + 1: null

2019-01-09 11:48:57 - [TEST_STEP][PASSED] - Statement - PreSaveFile = new java.io.File(((pathPrefix + java.lang.Integer.toString(counter)) + .png)): null

2019-01-09 11:48:57 - [TEST_STEP][PASSED] - Statement - counter = counter + 1: null

2019-01-09 11:48:57 - [TEST_STEP][PASSED] - Statement - PreSaveFile = new java.io.File(((pathPrefix + java.lang.Integer.toString(counter)) + .png)): null

2019-01-09 11:48:57 - [TEST_STEP][PASSED] - Statement - counter = counter + 1: null

2019-01-09 11:48:57 - [TEST_STEP][PASSED] - Statement - PreSaveFile = new java.io.File(((pathPrefix + java.lang.Integer.toString(counter)) + .png)): null

2019-01-09 11:48:57 - [TEST_STEP][PASSED] - Statement - counter = counter + 1: null

2019-01-09 11:48:57 - [TEST_STEP][PASSED] - Statement - PreSaveFile = new java.io.File(((pathPrefix + java.lang.Integer.toString(counter)) + .png)): null

2019-01-09 11:48:57 - [TEST_STEP][PASSED] - Statement - counter = counter + 1: null

2019-01-09 11:48:57 - [TEST_STEP][PASSED] - Statement - PreSaveFile = new java.io.File(((pathPrefix + java.lang.Integer.toString(counter)) + .png)): null

2019-01-09 11:48:57 - [TEST_STEP][PASSED] - Statement - counter = counter + 1: null

2019-01-09 11:48:58 - [TEST_STEP][PASSED] - Statement - PreSaveFile = new java.io.File(((pathPrefix + java.lang.Integer.toString(counter)) + .png)): null

2019-01-09 11:48:58 - [TEST_STEP][PASSED] - Statement - counter = counter + 1: null

2019-01-09 11:48:58 - [TEST_STEP][PASSED] - Statement - PreSaveFile = new java.io.File(((pathPrefix + java.lang.Integer.toString(counter)) + .png)): null

2019-01-09 11:48:58 - [TEST_STEP][PASSED] - Statement - counter = counter + 1: null

2019-01-09 11:48:58 - [TEST_STEP][PASSED] - Statement - PreSaveFile = new java.io.File(((pathPrefix + java.lang.Integer.toString(counter)) + .png)): null

2019-01-09 11:48:58 - [TEST_STEP][PASSED] - Statement - counter = counter + 1: null

2019-01-09 11:48:58 - [TEST_STEP][PASSED] - Statement - PreSaveFile = new java.io.File(((pathPrefix + java.lang.Integer.toString(counter)) + .png)): null

2019-01-09 11:48:58 - [TEST_STEP][PASSED] - Statement - counter = counter + 1: null

2019-01-09 11:48:58 - [TEST_STEP][PASSED] - Statement - PreSaveFile = new java.io.File(((pathPrefix + java.lang.Integer.toString(counter)) + .png)): null

2019-01-09 11:48:58 - [TEST_STEP][PASSED] - Statement - counter = counter + 1: null

2019-01-09 11:48:58 - [TEST_STEP][PASSED] - Statement - PreSaveFile = new java.io.File(((pathPrefix + java.lang.Integer.toString(counter)) + .png)): null

2019-01-09 11:48:58 - [TEST_STEP][PASSED] - Statement - counter = counter + 1: null

2019-01-09 11:48:58 - [TEST_STEP][PASSED] - Statement - PreSaveFile = new java.io.File(((pathPrefix + java.lang.Integer.toString(counter)) + .png)): null

2019-01-09 11:48:58 - [TEST_STEP][PASSED] - Statement - counter = counter + 1: null

2019-01-09 11:48:58 - [TEST_STEP][PASSED] - Statement - PreSaveFile = new java.io.File(((pathPrefix + java.lang.Integer.toString(counter)) + .png)): null

2019-01-09 11:48:58 - [TEST_STEP][PASSED] - Statement - counter = counter + 1: null

2019-01-09 11:48:58 - [TEST_STEP][PASSED] - Statement - PreSaveFile = new java.io.File(((pathPrefix + java.lang.Integer.toString(counter)) + .png)): null

2019-01-09 11:48:58 - [TEST_STEP][PASSED] - Statement - counter = counter + 1: null

2019-01-09 11:48:58 - [TEST_STEP][PASSED] - Statement - PreSaveFile = new java.io.File(((pathPrefix + java.lang.Integer.toString(counter)) + .png)): null

2019-01-09 11:48:58 - [TEST_STEP][PASSED] - Statement - counter = counter + 1: null

2019-01-09 11:48:58 - [TEST_STEP][PASSED] - Statement - PreSaveFile = new java.io.File(((pathPrefix + java.lang.Integer.toString(counter)) + .png)): null

2019-01-09 11:48:58 - [TEST_STEP][PASSED] - Statement - counter = counter + 1: null

2019-01-09 11:48:58 - [TEST_STEP][PASSED] - Statement - PreSaveFile = new java.io.File(((pathPrefix + java.lang.Integer.toString(counter)) + .png)): null

2019-01-09 11:48:58 - [TEST_STEP][PASSED] - Statement - counter = counter + 1: null

2019-01-09 11:48:58 - [TEST_STEP][PASSED] - Statement - PreSaveFile = new java.io.File(((pathPrefix + java.lang.Integer.toString(counter)) + .png)): null

2019-01-09 11:48:58 - [TEST_STEP][PASSED] - Statement - counter = counter + 1: null

2019-01-09 11:48:58 - [TEST_STEP][PASSED] - Statement - PreSaveFile = new java.io.File(((pathPrefix + java.lang.Integer.toString(counter)) + .png)): null

2019-01-09 11:48:58 - [TEST_STEP][PASSED] - Statement - counter = counter + 1: null

2019-01-09 11:48:58 - [TEST_STEP][PASSED] - Statement - PreSaveFile = new java.io.File(((pathPrefix + java.lang.Integer.toString(counter)) + .png)): null

2019-01-09 11:48:58 - [TEST_STEP][PASSED] - Statement - counter = counter + 1: null

2019-01-09 11:48:58 - [TEST_STEP][PASSED] - Statement - PreSaveFile = new java.io.File(((pathPrefix + java.lang.Integer.toString(counter)) + .png)): null

2019-01-09 11:48:58 - [TEST_STEP][PASSED] - Statement - counter = counter + 1: null

2019-01-09 11:48:58 - [TEST_STEP][PASSED] - Statement - PreSaveFile = new java.io.File(((pathPrefix + java.lang.Integer.toString(counter)) + .png)): null

2019-01-09 11:48:58 - [TEST_STEP][PASSED] - Statement - counter = counter + 1: null

2019-01-09 11:48:58 - [TEST_STEP][PASSED] - Statement - PreSaveFile = new java.io.File(((pathPrefix + java.lang.Integer.toString(counter)) + .png)): null

2019-01-09 11:48:58 - [TEST_STEP][PASSED] - Statement - counter = counter + 1: null

2019-01-09 11:48:59 - [TEST_STEP][PASSED] - Statement - PreSaveFile = new java.io.File(((pathPrefix + java.lang.Integer.toString(counter)) + .png)): null

2019-01-09 11:48:59 - [TEST_STEP][PASSED] - Statement - counter = counter + 1: null

2019-01-09 11:48:59 - [TEST_STEP][PASSED] - Statement - PreSaveFile = new java.io.File(((pathPrefix + java.lang.Integer.toString(counter)) + .png)): null

2019-01-09 11:48:59 - [TEST_STEP][PASSED] - Statement - counter = counter + 1: null

2019-01-09 11:48:59 - [TEST_STEP][PASSED] - Statement - PreSaveFile = new java.io.File(((pathPrefix + java.lang.Integer.toString(counter)) + .png)): null

2019-01-09 11:48:59 - [TEST_STEP][PASSED] - Statement - counter = counter + 1: null

2019-01-09 11:48:59 - [TEST_STEP][PASSED] - Statement - PreSaveFile = new java.io.File(((pathPrefix + java.lang.Integer.toString(counter)) + .png)): null

2019-01-09 11:48:59 - [TEST_STEP][PASSED] - Statement - counter = counter + 1: null

2019-01-09 11:48:59 - [TEST_STEP][PASSED] - Statement - PreSaveFile = new java.io.File(((pathPrefix + java.lang.Integer.toString(counter)) + .png)): null

2019-01-09 11:48:59 - [TEST_STEP][PASSED] - Statement - counter = counter + 1: null

2019-01-09 11:48:59 - [TEST_STEP][PASSED] - Statement - PreSaveFile = new java.io.File(((pathPrefix + java.lang.Integer.toString(counter)) + .png)): null

2019-01-09 11:48:59 - [TEST_STEP][PASSED] - Statement - counter = counter + 1: null

2019-01-09 11:48:59 - [TEST_STEP][PASSED] - Statement - PreSaveFile = new java.io.File(((pathPrefix + java.lang.Integer.toString(counter)) + .png)): null

2019-01-09 11:48:59 - [TEST_STEP][PASSED] - Statement - counter = counter + 1: null

2019-01-09 11:48:59 - [TEST_STEP][PASSED] - Statement - PreSaveFile = new java.io.File(((pathPrefix + java.lang.Integer.toString(counter)) + .png)): null

2019-01-09 11:48:59 - [TEST_STEP][PASSED] - Statement - counter = counter + 1: null

2019-01-09 11:48:59 - [TEST_STEP][PASSED] - Statement - PreSaveFile = new java.io.File(((pathPrefix + java.lang.Integer.toString(counter)) + .png)): null

2019-01-09 11:48:59 - [TEST_STEP][PASSED] - Statement - counter = counter + 1: null

2019-01-09 11:48:59 - [TEST_STEP][PASSED] - Statement - PreSaveFile = new java.io.File(((pathPrefix + java.lang.Integer.toString(counter)) + .png)): null

2019-01-09 11:48:59 - [TEST_STEP][PASSED] - Statement - counter = counter + 1: null

2019-01-09 11:48:59 - [TEST_STEP][PASSED] - Statement - PreSaveFile = new java.io.File(((pathPrefix + java.lang.Integer.toString(counter)) + .png)): null

2019-01-09 11:48:59 - [TEST_STEP][PASSED] - Statement - counter = counter + 1: null

2019-01-09 11:48:59 - [TEST_STEP][PASSED] - Statement - PreSaveFile = new java.io.File(((pathPrefix + java.lang.Integer.toString(counter)) + .png)): null

2019-01-09 11:48:59 - [TEST_STEP][PASSED] - Statement - counter = counter + 1: null

2019-01-09 11:48:59 - [TEST_STEP][PASSED] - Statement - PreSaveFile = new java.io.File(((pathPrefix + java.lang.Integer.toString(counter)) + .png)): null

2019-01-09 11:48:59 - [TEST_STEP][PASSED] - Statement - counter = counter + 1: null

2019-01-09 11:48:59 - [TEST_STEP][PASSED] - Statement - PreSaveFile = new java.io.File(((pathPrefix + java.lang.Integer.toString(counter)) + .png)): null

2019-01-09 11:48:59 - [TEST_STEP][PASSED] - Statement - counter = counter + 1: null

2019-01-09 11:49:00 - [TEST_STEP][PASSED] - Statement - PreSaveFile = new java.io.File(((pathPrefix + java.lang.Integer.toString(counter)) + .png)): null

2019-01-09 11:49:00 - [TEST_STEP][PASSED] - Statement - counter = counter + 1: null

2019-01-09 11:49:00 - [TEST_STEP][PASSED] - Statement - PreSaveFile = new java.io.File(((pathPrefix + java.lang.Integer.toString(counter)) + .png)): null

2019-01-09 11:49:00 - [TEST_STEP][PASSED] - Statement - counter = counter + 1: null

2019-01-09 11:49:00 - [TEST_STEP][PASSED] - Statement - PreSaveFile = new java.io.File(((pathPrefix + java.lang.Integer.toString(counter)) + .png)): null

2019-01-09 11:49:00 - [TEST_STEP][PASSED] - Statement - counter = counter + 1: null

2019-01-09 11:49:00 - [TEST_STEP][PASSED] - Statement - PreSaveFile = new java.io.File(((pathPrefix + java.lang.Integer.toString(counter)) + .png)): null

2019-01-09 11:49:00 - [TEST_STEP][PASSED] - Statement - counter = counter + 1: null

2019-01-09 11:49:00 - [TEST_STEP][PASSED] - Statement - PreSaveFile = new java.io.File(((pathPrefix + java.lang.Integer.toString(counter)) + .png)): null

2019-01-09 11:49:00 - [TEST_STEP][PASSED] - Statement - finalPath = pathPrefix + java.lang.Integer.toString(counter) + ".png": null

2019-01-09 11:49:00 - [TEST_STEP][PASSED] - Statement - SaveFile = new java.io.File(finalPath): null

2019-01-09 11:49:00 - [TEST_STEP][PASSED] - Statement - Try: null

2019-01-09 11:49:00 - [TEST_STEP][PASSED] - Statement - org.apache.commons.io.FileUtils.copyFile(scrFile, SaveFile): null

2019-01-09 11:49:00 - [TEST_STEP][PASSED] - Statement - out.println("file kept"): null

2019-01-09 11:49:00 - [TEST_STEP][PASSED] - delay: Delayed 10 second(s)

2019-01-09 11:49:10 - [MESSAGE][PASSED] - Delayed 10 second(s)

2019-01-09 11:49:10 - [MESSAGE][PASSED] - Call Test Case 'Test Cases/Final Aug 2018 - PKS Automation/Registration Module/New Registration/Submit and Screenshot/Submit Registration and Screenshot' successfully

2019-01-09 11:49:10 - [TEST_STEP][PASSED] - callTestCase: Call Test Case 'Test Cases/Final Aug 2018 - PKS Automation/Registration Module/Log Out/log out avoiding katalon tagging' successfully

2019-01-09 11:49:10 - [TEST_CASE][PASSED] - Test Cases/Final Aug 2018 - PKS Automation/Registration Module/Log Out/log out avoiding katalon tagging: Test Cases/Final Aug 2018 - PKS Automation/Registration Module/Log Out/log out avoiding katalon tagging

2019-01-09 11:49:10 - [TEST_STEP][PASSED] - navigateToUrl: Navigate to 'https://assist2-uat.perkeso.gov.my/c/portal/logout' successfully

2019-01-09 11:49:11 - [MESSAGE][PASSED] - Navigate to 'https://assist2-uat.perkeso.gov.my/c/portal/logout' successfully

2019-01-09 11:49:11 - [MESSAGE][PASSED] - Call Test Case 'Test Cases/Final Aug 2018 - PKS Automation/Registration Module/Log Out/log out avoiding katalon tagging' successfully

2019-01-09 11:49:11 - [TEST_STEP][PASSED] - callTestCase: Call Test Case 'Test Cases/Final Aug 2018 - PKS Automation/Common/Workflow Owner Finder' successfully

2019-01-09 11:49:11 - [TEST_CASE][PASSED] - Test Cases/Final Aug 2018 - PKS Automation/Common/Workflow Owner Finder: Test Cases/Final Aug 2018 - PKS Automation/Common/Workflow Owner Finder

2019-01-09 11:49:11 - [TEST_STEP][PASSED] - openBrowser: Browser is opened with url: ''

2019-01-09 11:49:11 - [MESSAGE][WARNING] - A browser is already opened. Closing browser and opening a new one

2019-01-09 11:49:14 - [MESSAGE][PASSED] - Browser is opened with url: ''

2019-01-09 11:49:14 - [TEST_STEP][PASSED] - navigateToUrl: Navigate to 'https://assist2-uat.perkeso.gov.my/login' successfully

2019-01-09 11:49:15 - [MESSAGE][PASSED] - Navigate to 'https://assist2-uat.perkeso.gov.my/login' successfully

2019-01-09 11:49:15 - [TEST_STEP][PASSED] - delay: Delayed 5 second(s)

2019-01-09 11:49:20 - [MESSAGE][PASSED] - Delayed 5 second(s)

2019-01-09 11:49:20 - [TEST_STEP][PASSED] - setText: Text 'test@liferay.com' is set on object 'Object Repository/Final Object Repo/Login Page/Internal User/Email Address'

2019-01-09 11:49:20 - [MESSAGE][PASSED] - Text 'test@liferay.com' is set on object 'Object Repository/Final Object Repo/Login Page/Internal User/Email Address'

2019-01-09 11:49:20 - [TEST_STEP][PASSED] - click: Object: 'Object Repository/Final Object Repo/Login Page/Internal User/Next Button' is clicked on

2019-01-09 11:49:20 - [MESSAGE][PASSED] - Object: 'Object Repository/Final Object Repo/Login Page/Internal User/Next Button' is clicked on

2019-01-09 11:49:20 - [TEST_STEP][PASSED] - delay: Delayed 2 second(s)

2019-01-09 11:49:22 - [MESSAGE][PASSED] - Delayed 2 second(s)

2019-01-09 11:49:22 - [TEST_STEP][PASSED] - setText: Text 'test' is set on object 'Object Repository/Final Object Repo/Login Page/Internal User/Password'

2019-01-09 11:49:23 - [MESSAGE][PASSED] - Text 'test' is set on object 'Object Repository/Final Object Repo/Login Page/Internal User/Password'

2019-01-09 11:49:23 - [TEST_STEP][PASSED] - delay: Delayed 2 second(s)

2019-01-09 11:49:25 - [MESSAGE][PASSED] - Delayed 2 second(s)

2019-01-09 11:49:25 - [TEST_STEP][PASSED] - click: Object: 'Object Repository/Final Object Repo/Login Page/Internal User/Login Button' is clicked on

2019-01-09 11:49:25 - [MESSAGE][PASSED] - Object: 'Object Repository/Final Object Repo/Login Page/Internal User/Login Button' is clicked on

2019-01-09 11:49:25 - [TEST_STEP][PASSED] - Statement - tester = com.kms.katalon.core.testobject.ObjectRepository.findTestObject(Final Object Repo/Landing Page/Select to English): Finding Test Object with id 'Object Repository/Final Object Repo/Landing Page/Select to English'

2019-01-09 11:49:25 - [TEST_STEP][PASSED] - Statement - Try: Delayed 2 second(s)

2019-01-09 11:49:25 - [TEST_STEP][PASSED] - Statement - Checker = com.kms.katalon.core.webui.keyword.WebUiBuiltInKeywords.verifyElementNotPresent(tester, 3): Web element with id: 'Object Repository/Final Object Repo/Landing Page/Select to English' located by 'By.xpath: //a[@class = 'taglib-language-list-text' and @lang = 'en-US' and (contains(text(), 'EN') or contains(., 'EN'))]' is not present after '3' second(s)

2019-01-09 11:49:27 - [MESSAGE][PASSED] - Web element with id: 'Object Repository/Final Object Repo/Landing Page/Select to English' located by 'By.xpath: //a[@class = 'taglib-language-list-text' and @lang = 'en-US' and (contains(text(), 'EN') or contains(., 'EN'))]' is not present after '3' second(s)

2019-01-09 11:49:27 - [TEST_STEP][PASSED] - Statement - If (Checker == false): null

2019-01-09 11:49:27 - [TEST_STEP][PASSED] - delay: Delayed 2 second(s)

2019-01-09 11:49:29 - [MESSAGE][PASSED] - Delayed 2 second(s)

2019-01-09 11:49:29 - [TEST_STEP][PASSED] - delay: Delayed 5 second(s)

2019-01-09 11:49:34 - [MESSAGE][PASSED] - Delayed 5 second(s)

2019-01-09 11:49:34 - [TEST_STEP][PASSED] - mouseOver: Object: 'Object Repository/Final Object Repo/Landing Page/WorkFlow Menu' is hovered

2019-01-09 11:49:34 - [MESSAGE][PASSED] - Object: 'Object Repository/Final Object Repo/Landing Page/WorkFlow Menu' is hovered

2019-01-09 11:49:34 - [TEST_STEP][PASSED] - delay: Delayed 2 second(s)

2019-01-09 11:49:36 - [MESSAGE][PASSED] - Delayed 2 second(s)

2019-01-09 11:49:36 - [TEST_STEP][PASSED] - click: Object: 'Object Repository/Final Object Repo/Landing Page/Select to Workflow Listing' is clicked on

2019-01-09 11:49:37 - [MESSAGE][PASSED] - Object: 'Object Repository/Final Object Repo/Landing Page/Select to Workflow Listing' is clicked on

2019-01-09 11:49:37 - [TEST_STEP][PASSED] - delay: Delayed 2 second(s)

2019-01-09 11:49:39 - [MESSAGE][PASSED] - Delayed 2 second(s)

2019-01-09 11:49:39 - [TEST_STEP][PASSED] - click: Object: 'Object Repository/Final Object Repo/WorkFlow Listing Page/Search Information - To Put Ref No' is clicked on

2019-01-09 11:49:39 - [MESSAGE][PASSED] - Object: 'Object Repository/Final Object Repo/WorkFlow Listing Page/Search Information - To Put Ref No' is clicked on

2019-01-09 11:49:39 - [TEST_STEP][PASSED] - delay: Delayed 2 second(s)

2019-01-09 11:49:41 - [MESSAGE][PASSED] - Delayed 2 second(s)

2019-01-09 11:49:41 - [TEST_STEP][PASSED] - callTestCase: Call Test Case 'Test Cases/Final Aug 2018 - PKS Automation/Common/Reference Number Getter' successfully

2019-01-09 11:49:41 - [TEST_CASE][PASSED] - Test Cases/Final Aug 2018 - PKS Automation/Common/Reference Number Getter: Test Cases/Final Aug 2018 - PKS Automation/Common/Reference Number Getter

2019-01-09 11:49:41 - [TEST_STEP][PASSED] - Statement - Try: null

2019-01-09 11:49:41 - [TEST_STEP][PASSED] - Statement - RefNo = new java.io.File(C://Users//Admin//Desktop//PKS//Automation Reference Point//KatalonReference.txt): null

2019-01-09 11:49:41 - [TEST_STEP][PASSED] - Statement - bufferread = new java.io.BufferedReader(new java.io.FileReader(RefNo)): null

2019-01-09 11:49:41 - [TEST_STEP][PASSED] - Statement - readedVal = bufferread.readLine(): null

2019-01-09 11:49:41 - [TEST_STEP][PASSED] - Statement - out.println(CaseReferenceNo): null

2019-01-09 11:49:41 - [TEST_STEP][PASSED] - Statement - out.println(readedVal): null

2019-01-09 11:49:41 - [TEST_STEP][PASSED] - Statement - CaseReferenceNo = "": null

2019-01-09 11:49:41 - [TEST_STEP][PASSED] - Statement - CaseReferenceNo = readedVal: null

2019-01-09 11:49:41 - [MESSAGE][PASSED] - Call Test Case 'Test Cases/Final Aug 2018 - PKS Automation/Common/Reference Number Getter' successfully

2019-01-09 11:49:41 - [TEST_STEP][PASSED] - setText: Text 'CRN01201900123677' is set on object 'Object Repository/Final Object Repo/WorkFlow Listing Page/Ref No Set Text'

2019-01-09 11:49:42 - [MESSAGE][PASSED] - Text 'CRN01201900123677' is set on object 'Object Repository/Final Object Repo/WorkFlow Listing Page/Ref No Set Text'

2019-01-09 11:49:42 - [TEST_STEP][PASSED] - delay: Delayed 2 second(s)

2019-01-09 11:49:44 - [MESSAGE][PASSED] - Delayed 2 second(s)

2019-01-09 11:49:44 - [TEST_STEP][PASSED] - click: Object: 'Object Repository/Final Object Repo/WorkFlow Listing Page/Search Ref No Search Button' is clicked on

2019-01-09 11:49:44 - [MESSAGE][PASSED] - Object: 'Object Repository/Final Object Repo/WorkFlow Listing Page/Search Ref No Search Button' is clicked on

2019-01-09 11:49:44 - [TEST_STEP][PASSED] - delay: Delayed 6 second(s)

2019-01-09 11:49:50 - [MESSAGE][PASSED] - Delayed 6 second(s)

2019-01-09 11:49:50 - [TEST_STEP][PASSED] - click: Object: 'Object Repository/Final Object Repo/WorkFlow Listing Page/Click Continue Tooltip' is clicked on

2019-01-09 11:49:51 - [MESSAGE][PASSED] - Object: 'Object Repository/Final Object Repo/WorkFlow Listing Page/Click Continue Tooltip' is clicked on

2019-01-09 11:49:51 - [TEST_STEP][PASSED] - delay: Delayed 5 second(s)

2019-01-09 11:49:56 - [MESSAGE][PASSED] - Delayed 5 second(s)

2019-01-09 11:49:56 - [TEST_STEP][PASSED] - doubleClick: Object: 'Object Repository/Final Object Repo/WorkFlow Listing Page/Workflow Found - Listing 1' is double clicked on

2019-01-09 11:49:56 - [MESSAGE][PASSED] - Object: 'Object Repository/Final Object Repo/WorkFlow Listing Page/Workflow Found - Listing 1' is double clicked on

2019-01-09 11:49:56 - [TEST_STEP][PASSED] - Statement - println(OwnerID): null

2019-01-09 11:49:56 - [TEST_STEP][PASSED] - Statement - OwnerID = com.kms.katalon.core.webui.keyword.WebUiBuiltInKeywords.getText(com.kms.katalon.core.testobject.ObjectRepository.findTestObject(Final Object Repo/WorkFlow Listing Page/Workflow Found - Listing 1), STOP_ON_FAILURE): Text of object 'Object Repository/Final Object Repo/WorkFlow Listing Page/Workflow Found - Listing 1' is: 'JOHORro3'

2019-01-09 11:49:56 - [MESSAGE][PASSED] - Text of object 'Object Repository/Final Object Repo/WorkFlow Listing Page/Workflow Found - Listing 1' is: 'JOHORro3'

2019-01-09 11:49:56 - [TEST_STEP][PASSED] - Statement - OwnerID = OwnerID.toLowerCase() + "@gmail.com": null

2019-01-09 11:49:56 - [TEST_STEP][PASSED] - Statement - println(OwnerID): null

2019-01-09 11:49:56 - [TEST_STEP][PASSED] - delay: Delayed 2 second(s)

2019-01-09 11:49:58 - [MESSAGE][PASSED] - Delayed 2 second(s)

2019-01-09 11:49:58 - [MESSAGE][PASSED] - Call Test Case 'Test Cases/Final Aug 2018 - PKS Automation/Common/Workflow Owner Finder' successfully

2019-01-09 11:49:58 - [TEST_STEP][PASSED] - callTestCase: Call Test Case 'Test Cases/Final Aug 2018 - PKS Automation/Registration Module/Log Out/log out avoiding katalon tagging' successfully

2019-01-09 11:49:58 - [TEST_CASE][PASSED] - Test Cases/Final Aug 2018 - PKS Automation/Registration Module/Log Out/log out avoiding katalon tagging: Test Cases/Final Aug 2018 - PKS Automation/Registration Module/Log Out/log out avoiding katalon tagging

2019-01-09 11:49:58 - [TEST_STEP][PASSED] - navigateToUrl: Navigate to 'https://assist2-uat.perkeso.gov.my/c/portal/logout' successfully

2019-01-09 11:49:59 - [MESSAGE][PASSED] - Navigate to 'https://assist2-uat.perkeso.gov.my/c/portal/logout' successfully

2019-01-09 11:49:59 - [MESSAGE][PASSED] - Call Test Case 'Test Cases/Final Aug 2018 - PKS Automation/Registration Module/Log Out/log out avoiding katalon tagging' successfully

2019-01-09 11:49:59 - [TEST_STEP][PASSED] - delay: Delayed 2 second(s)

2019-01-09 11:50:01 - [MESSAGE][PASSED] - Delayed 2 second(s)

2019-01-09 11:50:01 - [TEST_STEP][PASSED] - setText: Text 'johorro3@gmail.com' is set on object 'Object Repository/Final Object Repo/New Registration - Registration Module Pages/New Reg - OTC to RO/Special Case - All Related Objects/Email TextBox'

2019-01-09 11:50:01 - [MESSAGE][PASSED] - Text 'johorro3@gmail.com' is set on object 'Object Repository/Final Object Repo/New Registration - Registration Module Pages/New Reg - OTC to RO/Special Case - All Related Objects/Email TextBox'

2019-01-09 11:50:01 - [TEST_STEP][PASSED] - click: Object: 'Object Repository/Final Object Repo/New Registration - Registration Module Pages/New Reg - OTC to RO/Special Case - All Related Objects/Next Button' is clicked on

2019-01-09 11:50:02 - [MESSAGE][PASSED] - Object: 'Object Repository/Final Object Repo/New Registration - Registration Module Pages/New Reg - OTC to RO/Special Case - All Related Objects/Next Button' is clicked on

2019-01-09 11:50:02 - [TEST_STEP][PASSED] - delay: Delayed 2 second(s)

2019-01-09 11:50:04 - [MESSAGE][PASSED] - Delayed 2 second(s)

2019-01-09 11:50:04 - [TEST_STEP][PASSED] - setText: Text 'Test1@3456789' is set on object 'Object Repository/Final Object Repo/New Registration - Registration Module Pages/New Reg - OTC to RO/Special Case - All Related Objects/Password TextBox'

2019-01-09 11:50:04 - [MESSAGE][PASSED] - Text 'Test1@3456789' is set on object 'Object Repository/Final Object Repo/New Registration - Registration Module Pages/New Reg - OTC to RO/Special Case - All Related Objects/Password TextBox'

2019-01-09 11:50:04 - [TEST_STEP][PASSED] - delay: Delayed 2 second(s)

2019-01-09 11:50:06 - [MESSAGE][PASSED] - Delayed 2 second(s)

2019-01-09 11:50:06 - [TEST_STEP][PASSED] - click: Object: 'Object Repository/Final Object Repo/New Registration - Registration Module Pages/New Reg - OTC to RO/Special Case - All Related Objects/Login Button' is clicked on

2019-01-09 11:50:06 - [MESSAGE][PASSED] - Object: 'Object Repository/Final Object Repo/New Registration - Registration Module Pages/New Reg - OTC to RO/Special Case - All Related Objects/Login Button' is clicked on

2019-01-09 11:50:06 - [TEST_STEP][PASSED] - delay: Delayed 2 second(s)

2019-01-09 11:50:08 - [MESSAGE][PASSED] - Delayed 2 second(s)

2019-01-09 11:50:08 - [TEST_STEP][PASSED] - Statement - Try: null

2019-01-09 11:50:08 - [TEST_STEP][PASSED] - Statement - Checker = com.kms.katalon.core.webui.keyword.WebUiBuiltInKeywords.verifyElementNotPresent("Final Object Repo/Landing Page/Select to English", 3): null

2019-01-09 11:50:08 - [TEST_STEP][PASSED] - Statement - Catch (Exception e): null

2019-01-09 11:50:08 - [TEST_STEP][PASSED] - Statement - e.printStackTrace(): null

2019-01-09 11:50:08 - [TEST_STEP][PASSED] - click: Object: 'Object Repository/Final Object Repo/New Registration - Registration Module Pages/New Reg - OTC to RO/Special Case - All Related Objects/Expand to Search' is clicked on

2019-01-09 11:50:08 - [MESSAGE][PASSED] - Object: 'Object Repository/Final Object Repo/New Registration - Registration Module Pages/New Reg - OTC to RO/Special Case - All Related Objects/Expand to Search' is clicked on

2019-01-09 11:50:08 - [TEST_STEP][FAILED] - setText: Unable to set text 'CRN01201900123677' of object 'Object Repository/Final Object Repo/New Registration - Registration Module Pages/New Reg - OTC to RO/Special Case - All Related Objects/TextBox RefNo in Workbasket' (Root cause: org.openqa.selenium.ElementNotVisibleException: element not interactable
  (Session info: chrome=71.0.3578.98)
  (Driver info: chromedriver=2.43.600210 (68dcf5eebde37173d4027fa8635e332711d2874a),platform=Windows NT 6.1.7601 SP1 x86_64) (WARNING: The server did not provide any stacktrace information)
Command duration or timeout: 0 milliseconds
Build info: version: '3.7.1', revision: '8a0099a', time: '2017-11-06T21:07:36.161Z'
System info: host: 'WIN7TEST02', ip: '10.20.3.72', os.name: 'Windows 7', os.arch: 'amd64', os.version: '6.1', java.version: '1.8.0_181'
Driver info: com.kms.katalon.selenium.driver.CChromeDriver
Capabilities {acceptInsecureCerts: false, acceptSslCerts: false, applicationCacheEnabled: false, browserConnectionEnabled: false, browserName: chrome, chrome: {chromedriverVersion: 2.43.600210 (68dcf5eebde371..., userDataDir: C:\Users\Admin\AppData\Loca...}, cssSelectorsEnabled: true, databaseEnabled: false, goog:chromeOptions: {debuggerAddress: localhost:53446}, handlesAlerts: true, hasTouchScreen: false, javascriptEnabled: true, locationContextEnabled: true, mobileEmulationEnabled: false, nativeEvents: true, networkConnectionEnabled: false, pageLoadStrategy: normal, platform: XP, platformName: XP, rotatable: false, setWindowRect: true, takesHeapSnapshot: true, takesScreenshot: true, unexpectedAlertBehaviour: , unhandledPromptBehavior: , version: 71.0.3578.98, webStorageEnabled: true}
Session ID: 35f8911332ef103c102f705ecb11e9fb)

2019-01-09 11:50:09 - [MESSAGE][FAILED] - Unable to set text 'CRN01201900123677' of object 'Object Repository/Final Object Repo/New Registration - Registration Module Pages/New Reg - OTC to RO/Special Case - All Related Objects/TextBox RefNo in Workbasket' (Root cause: org.openqa.selenium.ElementNotVisibleException: element not interactable
  (Session info: chrome=71.0.3578.98)
  (Driver info: chromedriver=2.43.600210 (68dcf5eebde37173d4027fa8635e332711d2874a),platform=Windows NT 6.1.7601 SP1 x86_64) (WARNING: The server did not provide any stacktrace information)
Command duration or timeout: 0 milliseconds
Build info: version: '3.7.1', revision: '8a0099a', time: '2017-11-06T21:07:36.161Z'
System info: host: 'WIN7TEST02', ip: '10.20.3.72', os.name: 'Windows 7', os.arch: 'amd64', os.version: '6.1', java.version: '1.8.0_181'
Driver info: com.kms.katalon.selenium.driver.CChromeDriver
Capabilities {acceptInsecureCerts: false, acceptSslCerts: false, applicationCacheEnabled: false, browserConnectionEnabled: false, browserName: chrome, chrome: {chromedriverVersion: 2.43.600210 (68dcf5eebde371..., userDataDir: C:\Users\Admin\AppData\Loca...}, cssSelectorsEnabled: true, databaseEnabled: false, goog:chromeOptions: {debuggerAddress: localhost:53446}, handlesAlerts: true, hasTouchScreen: false, javascriptEnabled: true, locationContextEnabled: true, mobileEmulationEnabled: false, nativeEvents: true, networkConnectionEnabled: false, pageLoadStrategy: normal, platform: XP, platformName: XP, rotatable: false, setWindowRect: true, takesHeapSnapshot: true, takesScreenshot: true, unexpectedAlertBehaviour: , unhandledPromptBehavior: , version: 71.0.3578.98, webStorageEnabled: true}
Session ID: 35f8911332ef103c102f705ecb11e9fb)
[[ATTACHMENT|C:\\Users\\Admin\\Desktop\\PKS\\Perkeso Phase A\\Reports\\Workflow\\New Registration\\20190109_104156\\1547005808873.png]]

2019-01-09 11:50:09 - [TEST_STEP][PASSED] - delay: Delayed 2 second(s)

2019-01-09 11:50:11 - [MESSAGE][PASSED] - Delayed 2 second(s)

2019-01-09 11:50:11 - [TEST_STEP][PASSED] - click: Object: 'Object Repository/Final Object Repo/New Registration - Registration Module Pages/New Reg - OTC to RO/Special Case - All Related Objects/Click Search' is clicked on

2019-01-09 11:50:11 - [MESSAGE][PASSED] - Object: 'Object Repository/Final Object Repo/New Registration - Registration Module Pages/New Reg - OTC to RO/Special Case - All Related Objects/Click Search' is clicked on

2019-01-09 11:50:11 - [TEST_STEP][PASSED] - delay: Delayed 2 second(s)

2019-01-09 11:50:13 - [MESSAGE][PASSED] - Delayed 2 second(s)

2019-01-09 11:50:13 - [TEST_STEP][PASSED] - click: Object: 'Object Repository/Final Object Repo/New Registration - Registration Module Pages/New Reg - OTC to RO/Special Case - All Related Objects/Click to Continue Workflow' is clicked on

2019-01-09 11:50:16 - [MESSAGE][PASSED] - Object: 'Object Repository/Final Object Repo/New Registration - Registration Module Pages/New Reg - OTC to RO/Special Case - All Related Objects/Click to Continue Workflow' is clicked on

2019-01-09 11:50:16 - [TEST_STEP][PASSED] - delay: Delayed 2 second(s)

2019-01-09 11:50:18 - [MESSAGE][PASSED] - Delayed 2 second(s)

2019-01-09 11:50:18 - [TEST_STEP][PASSED] - click: Object: 'Object Repository/Final Object Repo/New Registration - Registration Module Pages/New Reg - OTC to RO/Special Case - All Related Objects/Continue Button in verifying case' is clicked on

2019-01-09 11:50:20 - [MESSAGE][PASSED] - Object: 'Object Repository/Final Object Repo/New Registration - Registration Module Pages/New Reg - OTC to RO/Special Case - All Related Objects/Continue Button in verifying case' is clicked on

2019-01-09 11:50:20 - [TEST_STEP][PASSED] - delay: Delayed 2 second(s)

2019-01-09 11:50:22 - [MESSAGE][PASSED] - Delayed 2 second(s)

2019-01-09 11:50:22 - [TEST_STEP][PASSED] - click: Object: 'Object Repository/Final Object Repo/New Registration - Registration Module Pages/Form 1/Registered As a Branch - Yes' is clicked on

2019-01-09 11:50:22 - [MESSAGE][PASSED] - Object: 'Object Repository/Final Object Repo/New Registration - Registration Module Pages/Form 1/Registered As a Branch - Yes' is clicked on

2019-01-09 11:50:22 - [TEST_STEP][PASSED] - delay: Delayed 2 second(s)

2019-01-09 11:50:24 - [MESSAGE][PASSED] - Delayed 2 second(s)

2019-01-09 11:50:24 - [TEST_STEP][PASSED] - click: Object: 'Object Repository/Final Object Repo/New Registration - Registration Module Pages/New Reg - OTC to RO/Special Case - All Related Objects/Form 1 Save n Continue' is clicked on

2019-01-09 11:50:25 - [MESSAGE][PASSED] - Object: 'Object Repository/Final Object Repo/New Registration - Registration Module Pages/New Reg - OTC to RO/Special Case - All Related Objects/Form 1 Save n Continue' is clicked on

2019-01-09 11:50:25 - [TEST_STEP][PASSED] - delay: Delayed 2 second(s)

2019-01-09 11:50:27 - [MESSAGE][PASSED] - Delayed 2 second(s)

2019-01-09 11:50:27 - [TEST_STEP][PASSED] - click: Object: 'Object Repository/Final Object Repo/New Registration - Registration Module Pages/New Reg - OTC to RO/Special Case - All Related Objects/Form 2 Save n Continue' is clicked on

2019-01-09 11:50:27 - [MESSAGE][PASSED] - Object: 'Object Repository/Final Object Repo/New Registration - Registration Module Pages/New Reg - OTC to RO/Special Case - All Related Objects/Form 2 Save n Continue' is clicked on

2019-01-09 11:50:27 - [TEST_STEP][PASSED] - delay: Delayed 2 second(s)

2019-01-09 11:50:29 - [MESSAGE][PASSED] - Delayed 2 second(s)

2019-01-09 11:50:29 - [TEST_STEP][PASSED] - click: Object: 'Object Repository/Final Object Repo/New Registration - Registration Module Pages/New Reg - OTC to RO/Special Case - All Related Objects/Third Screen Save n Continue' is clicked on

2019-01-09 11:50:34 - [MESSAGE][PASSED] - Object: 'Object Repository/Final Object Repo/New Registration - Registration Module Pages/New Reg - OTC to RO/Special Case - All Related Objects/Third Screen Save n Continue' is clicked on

2019-01-09 11:50:34 - [TEST_STEP][PASSED] - delay: Delayed 5 second(s)

2019-01-09 11:50:39 - [MESSAGE][PASSED] - Delayed 5 second(s)

2019-01-09 11:50:39 - [TEST_STEP][PASSED] - setText: Text 'Query case' is set on object 'Object Repository/Final Object Repo/New Registration - Registration Module Pages/New Reg - OTC to RO/Special Case - All Related Objects/Query Text Input'

2019-01-09 11:50:39 - [MESSAGE][PASSED] - Text 'Query case' is set on object 'Object Repository/Final Object Repo/New Registration - Registration Module Pages/New Reg - OTC to RO/Special Case - All Related Objects/Query Text Input'

2019-01-09 11:50:39 - [TEST_STEP][PASSED] - delay: Delayed 5 second(s)

2019-01-09 11:50:44 - [MESSAGE][PASSED] - Delayed 5 second(s)

2019-01-09 11:50:44 - [TEST_STEP][PASSED] - click: Object: 'Object Repository/Final Object Repo/New Registration - Registration Module Pages/New Reg - OTC to RO/Special Case - All Related Objects/Upload Doc Page Save n Continue' is clicked on

2019-01-09 11:50:45 - [MESSAGE][PASSED] - Object: 'Object Repository/Final Object Repo/New Registration - Registration Module Pages/New Reg - OTC to RO/Special Case - All Related Objects/Upload Doc Page Save n Continue' is clicked on

2019-01-09 11:50:45 - [TEST_STEP][PASSED] - click: Object: 'Object Repository/Final Object Repo/New Registration - Registration Module Pages/New Reg - OTC to RO/Special Case - All Related Objects/Query Button' is clicked on

2019-01-09 11:50:49 - [MESSAGE][PASSED] - Object: 'Object Repository/Final Object Repo/New Registration - Registration Module Pages/New Reg - OTC to RO/Special Case - All Related Objects/Query Button' is clicked on

2019-01-09 11:50:49 - [TEST_STEP][PASSED] - click: Object: 'Object Repository/Final Object Repo/New Registration - Registration Module Pages/New Reg - OTC to RO/Special Case - All Related Objects/Confirm to Query' is clicked on

2019-01-09 11:50:50 - [MESSAGE][PASSED] - Object: 'Object Repository/Final Object Repo/New Registration - Registration Module Pages/New Reg - OTC to RO/Special Case - All Related Objects/Confirm to Query' is clicked on

2019-01-09 11:50:50 - [TEST_STEP][PASSED] - callTestCase: Call Test Case 'Test Cases/Final Aug 2018 - PKS Automation/Registration Module/Log Out/log out avoiding katalon tagging' successfully

2019-01-09 11:50:50 - [TEST_CASE][PASSED] - Test Cases/Final Aug 2018 - PKS Automation/Registration Module/Log Out/log out avoiding katalon tagging: Test Cases/Final Aug 2018 - PKS Automation/Registration Module/Log Out/log out avoiding katalon tagging

2019-01-09 11:50:50 - [TEST_STEP][PASSED] - navigateToUrl: Navigate to 'https://assist2-uat.perkeso.gov.my/c/portal/logout' successfully

2019-01-09 11:50:58 - [MESSAGE][PASSED] - Navigate to 'https://assist2-uat.perkeso.gov.my/c/portal/logout' successfully

2019-01-09 11:50:58 - [MESSAGE][PASSED] - Call Test Case 'Test Cases/Final Aug 2018 - PKS Automation/Registration Module/Log Out/log out avoiding katalon tagging' successfully

2019-01-09 11:50:58 - [TEST_STEP][PASSED] - delay: Delayed 2 second(s)

2019-01-09 11:51:00 - [MESSAGE][PASSED] - Delayed 2 second(s)

2019-01-09 11:51:00 - [TEST_STEP][PASSED] - setText: Text 'klotc2@gmail.com' is set on object 'Object Repository/Final Object Repo/Login Page/Internal User/Email Address'

2019-01-09 11:51:00 - [MESSAGE][PASSED] - Text 'klotc2@gmail.com' is set on object 'Object Repository/Final Object Repo/Login Page/Internal User/Email Address'

2019-01-09 11:51:00 - [TEST_STEP][PASSED] - click: Object: 'Object Repository/Final Object Repo/Login Page/Internal User/Next Button' is clicked on

2019-01-09 11:51:00 - [MESSAGE][PASSED] - Object: 'Object Repository/Final Object Repo/Login Page/Internal User/Next Button' is clicked on

2019-01-09 11:51:00 - [TEST_STEP][PASSED] - delay: Delayed 2 second(s)

2019-01-09 11:51:02 - [MESSAGE][PASSED] - Delayed 2 second(s)

2019-01-09 11:51:02 - [TEST_STEP][PASSED] - setText: Text 'Test1@3456789' is set on object 'Object Repository/Final Object Repo/Login Page/Internal User/Password'

2019-01-09 11:51:03 - [MESSAGE][PASSED] - Text 'Test1@3456789' is set on object 'Object Repository/Final Object Repo/Login Page/Internal User/Password'

2019-01-09 11:51:03 - [TEST_STEP][PASSED] - delay: Delayed 2 second(s)

2019-01-09 11:51:05 - [MESSAGE][PASSED] - Delayed 2 second(s)

2019-01-09 11:51:05 - [TEST_STEP][PASSED] - click: Object: 'Object Repository/Final Object Repo/Login Page/Internal User/Login Button' is clicked on

2019-01-09 11:51:05 - [MESSAGE][PASSED] - Object: 'Object Repository/Final Object Repo/Login Page/Internal User/Login Button' is clicked on

2019-01-09 11:51:05 - [TEST_STEP][PASSED] - delay: Delayed 2 second(s)

2019-01-09 11:51:07 - [MESSAGE][PASSED] - Delayed 2 second(s)

2019-01-09 11:51:07 - [TEST_STEP][PASSED] - Statement - Try: null

2019-01-09 11:51:07 - [TEST_STEP][PASSED] - Statement - Checker = com.kms.katalon.core.webui.keyword.WebUiBuiltInKeywords.verifyElementNotPresent("PKS_SIP_Updated_RegModule/Attempt/Page_MyASSIST - ASSIST/Select to English", 3): null

2019-01-09 11:51:07 - [TEST_STEP][PASSED] - Statement - Catch (Exception e): null

2019-01-09 11:51:07 - [TEST_STEP][PASSED] - Statement - e.printStackTrace(): null

2019-01-09 11:51:07 - [TEST_STEP][PASSED] - delay: Delayed 4 second(s)

2019-01-09 11:51:11 - [MESSAGE][PASSED] - Delayed 4 second(s)

2019-01-09 11:51:11 - [TEST_STEP][PASSED] - click: Object: 'Object Repository/Final Object Repo/Landing Page/My Sites Drop Down' is clicked on

2019-01-09 11:51:11 - [MESSAGE][PASSED] - Object: 'Object Repository/Final Object Repo/Landing Page/My Sites Drop Down' is clicked on

2019-01-09 11:51:11 - [TEST_STEP][PASSED] - click: Object: 'Object Repository/Final Object Repo/Landing Page/Select to Registration Module' is clicked on

2019-01-09 11:51:12 - [MESSAGE][PASSED] - Object: 'Object Repository/Final Object Repo/Landing Page/Select to Registration Module' is clicked on

2019-01-09 11:51:12 - [TEST_STEP][PASSED] - delay: Delayed 2 second(s)

2019-01-09 11:51:14 - [MESSAGE][PASSED] - Delayed 2 second(s)

2019-01-09 11:51:14 - [TEST_STEP][PASSED] - mouseOver: Object: 'Object Repository/Final Object Repo/New Registration - Registration Module Pages/New Reg - OTC to RO/Special Case - All Related Objects/Hover Over Search Drop Down' is hovered

2019-01-09 11:51:14 - [MESSAGE][PASSED] - Object: 'Object Repository/Final Object Repo/New Registration - Registration Module Pages/New Reg - OTC to RO/Special Case - All Related Objects/Hover Over Search Drop Down' is hovered

2019-01-09 11:51:14 - [TEST_STEP][PASSED] - click: Object: 'Object Repository/Final Object Repo/New Registration - Registration Module Pages/New Reg - OTC to RO/Special Case - All Related Objects/Select Search Pending Case' is clicked on

2019-01-09 11:51:15 - [MESSAGE][PASSED] - Object: 'Object Repository/Final Object Repo/New Registration - Registration Module Pages/New Reg - OTC to RO/Special Case - All Related Objects/Select Search Pending Case' is clicked on

2019-01-09 11:51:15 - [TEST_STEP][PASSED] - click: Object: 'Object Repository/Final Object Repo/New Registration - Registration Module Pages/New Reg - OTC to RO/Special Case - All Related Objects/Select Searching Method (Employer Code)' is clicked on

2019-01-09 11:51:15 - [MESSAGE][PASSED] - Object: 'Object Repository/Final Object Repo/New Registration - Registration Module Pages/New Reg - OTC to RO/Special Case - All Related Objects/Select Searching Method (Employer Code)' is clicked on

2019-01-09 11:51:15 - [TEST_STEP][PASSED] - click: Object: 'Object Repository/Final Object Repo/New Registration - Registration Module Pages/New Reg - OTC to RO/Special Case - All Related Objects/Select Searching Method to Reference ID' is clicked on

2019-01-09 11:51:15 - [MESSAGE][PASSED] - Object: 'Object Repository/Final Object Repo/New Registration - Registration Module Pages/New Reg - OTC to RO/Special Case - All Related Objects/Select Searching Method to Reference ID' is clicked on

2019-01-09 11:51:15 - [TEST_STEP][PASSED] - setText: Text 'CRN01201900123677' is set on object 'Object Repository/Final Object Repo/New Registration - Registration Module Pages/New Reg - OTC to RO/Special Case - All Related Objects/Pending Case Ref NO'

2019-01-09 11:51:15 - [MESSAGE][PASSED] - Text 'CRN01201900123677' is set on object 'Object Repository/Final Object Repo/New Registration - Registration Module Pages/New Reg - OTC to RO/Special Case - All Related Objects/Pending Case Ref NO'

2019-01-09 11:51:15 - [TEST_STEP][PASSED] - click: Object: 'Object Repository/Final Object Repo/New Registration - Registration Module Pages/New Reg - OTC to RO/Special Case - All Related Objects/Search Pending Case Based on Ref No' is clicked on

2019-01-09 11:51:15 - [MESSAGE][PASSED] - Object: 'Object Repository/Final Object Repo/New Registration - Registration Module Pages/New Reg - OTC to RO/Special Case - All Related Objects/Search Pending Case Based on Ref No' is clicked on

2019-01-09 11:51:15 - [TEST_STEP][PASSED] - click: Object: 'Object Repository/Final Object Repo/New Registration - Registration Module Pages/New Reg - OTC to RO/Special Case - All Related Objects/Action Button after found case' is clicked on

2019-01-09 11:51:18 - [MESSAGE][PASSED] - Object: 'Object Repository/Final Object Repo/New Registration - Registration Module Pages/New Reg - OTC to RO/Special Case - All Related Objects/Action Button after found case' is clicked on

2019-01-09 11:51:18 - [TEST_STEP][PASSED] - click: Object: 'Object Repository/Final Object Repo/New Registration - Registration Module Pages/New Reg - OTC to RO/Special Case - All Related Objects/Next Button in Pending Case Form 1' is clicked on

2019-01-09 11:51:20 - [MESSAGE][PASSED] - Object: 'Object Repository/Final Object Repo/New Registration - Registration Module Pages/New Reg - OTC to RO/Special Case - All Related Objects/Next Button in Pending Case Form 1' is clicked on

2019-01-09 11:51:20 - [TEST_STEP][PASSED] - click: Object: 'Object Repository/Final Object Repo/New Registration - Registration Module Pages/New Reg - OTC to RO/Special Case - All Related Objects/Next Button in Pending Case Form 2' is clicked on

2019-01-09 11:51:21 - [MESSAGE][PASSED] - Object: 'Object Repository/Final Object Repo/New Registration - Registration Module Pages/New Reg - OTC to RO/Special Case - All Related Objects/Next Button in Pending Case Form 2' is clicked on

2019-01-09 11:51:21 - [TEST_STEP][PASSED] - click: Object: 'Object Repository/Final Object Repo/New Registration - Registration Module Pages/New Reg - OTC to RO/Special Case - All Related Objects/Next Button in Third Screen' is clicked on

2019-01-09 11:51:25 - [MESSAGE][PASSED] - Object: 'Object Repository/Final Object Repo/New Registration - Registration Module Pages/New Reg - OTC to RO/Special Case - All Related Objects/Next Button in Third Screen' is clicked on

2019-01-09 11:51:25 - [TEST_STEP][PASSED] - click: Object: 'Object Repository/Final Object Repo/New Registration - Registration Module Pages/New Reg - OTC to RO/Special Case - All Related Objects/Add Document for Pending Case' is clicked on

2019-01-09 11:51:25 - [MESSAGE][PASSED] - Object: 'Object Repository/Final Object Repo/New Registration - Registration Module Pages/New Reg - OTC to RO/Special Case - All Related Objects/Add Document for Pending Case' is clicked on

2019-01-09 11:51:25 - [TEST_STEP][PASSED] - click: Object: 'Object Repository/Final Object Repo/New Registration - Registration Module Pages/New Reg - OTC to RO/Special Case - All Related Objects/Upload Pending Doc - Please Select' is clicked on

2019-01-09 11:51:28 - [MESSAGE][PASSED] - Object: 'Object Repository/Final Object Repo/New Registration - Registration Module Pages/New Reg - OTC to RO/Special Case - All Related Objects/Upload Pending Doc - Please Select' is clicked on

2019-01-09 11:51:28 - [TEST_STEP][PASSED] - click: Object: 'Object Repository/Final Object Repo/New Registration - Registration Module Pages/New Reg - OTC to RO/Special Case - All Related Objects/Select to Others to Upload' is clicked on

2019-01-09 11:51:28 - [MESSAGE][PASSED] - Object: 'Object Repository/Final Object Repo/New Registration - Registration Module Pages/New Reg - OTC to RO/Special Case - All Related Objects/Select to Others to Upload' is clicked on

2019-01-09 11:51:28 - [TEST_STEP][PASSED] - uploadFile: File 'C:\Users\Public\Pictures\Sample Pictures\Koala.jpg' sent to object: 'Object Repository/Final Object Repo/New Registration - Registration Module Pages/New Reg - OTC to RO/Special Case - All Related Objects/Uploading Pending Case Action'

2019-01-09 11:51:29 - [MESSAGE][PASSED] - File 'C:\Users\Public\Pictures\Sample Pictures\Koala.jpg' sent to object: 'Object Repository/Final Object Repo/New Registration - Registration Module Pages/New Reg - OTC to RO/Special Case - All Related Objects/Uploading Pending Case Action'

2019-01-09 11:51:29 - [TEST_STEP][PASSED] - click: Object: 'Object Repository/Final Object Repo/New Registration - Registration Module Pages/New Reg - OTC to RO/Special Case - All Related Objects/Inner form Add Document Button Pending Case' is clicked on

2019-01-09 11:51:29 - [MESSAGE][PASSED] - Object: 'Object Repository/Final Object Repo/New Registration - Registration Module Pages/New Reg - OTC to RO/Special Case - All Related Objects/Inner form Add Document Button Pending Case' is clicked on

2019-01-09 11:51:29 - [TEST_STEP][FAILED] - click: Unable to click on object 'Object Repository/Final Object Repo/New Registration - Registration Module Pages/New Reg - OTC to RO/Special Case - All Related Objects/Pending Case Exit' (Root cause: org.openqa.selenium.StaleElementReferenceException: stale element reference: element is not attached to the page document
  (Session info: chrome=71.0.3578.98)
  (Driver info: chromedriver=2.43.600210 (68dcf5eebde37173d4027fa8635e332711d2874a),platform=Windows NT 6.1.7601 SP1 x86_64) (WARNING: The server did not provide any stacktrace information)
Command duration or timeout: 0 milliseconds
For documentation on this error, please visit: http://seleniumhq.org/exceptions/stale_element_reference.html
Build info: version: '3.7.1', revision: '8a0099a', time: '2017-11-06T21:07:36.161Z'
System info: host: 'WIN7TEST02', ip: '10.20.3.72', os.name: 'Windows 7', os.arch: 'amd64', os.version: '6.1', java.version: '1.8.0_181'
Driver info: com.kms.katalon.selenium.driver.CChromeDriver
Capabilities {acceptInsecureCerts: false, acceptSslCerts: false, applicationCacheEnabled: false, browserConnectionEnabled: false, browserName: chrome, chrome: {chromedriverVersion: 2.43.600210 (68dcf5eebde371..., userDataDir: C:\Users\Admin\AppData\Loca...}, cssSelectorsEnabled: true, databaseEnabled: false, goog:chromeOptions: {debuggerAddress: localhost:53446}, handlesAlerts: true, hasTouchScreen: false, javascriptEnabled: true, locationContextEnabled: true, mobileEmulationEnabled: false, nativeEvents: true, networkConnectionEnabled: false, pageLoadStrategy: normal, platform: XP, platformName: XP, rotatable: false, setWindowRect: true, takesHeapSnapshot: true, takesScreenshot: true, unexpectedAlertBehaviour: , unhandledPromptBehavior: , version: 71.0.3578.98, webStorageEnabled: true}
Session ID: 35f8911332ef103c102f705ecb11e9fb)

2019-01-09 11:51:33 - [MESSAGE][FAILED] - Unable to click on object 'Object Repository/Final Object Repo/New Registration - Registration Module Pages/New Reg - OTC to RO/Special Case - All Related Objects/Pending Case Exit' (Root cause: org.openqa.selenium.StaleElementReferenceException: stale element reference: element is not attached to the page document
  (Session info: chrome=71.0.3578.98)
  (Driver info: chromedriver=2.43.600210 (68dcf5eebde37173d4027fa8635e332711d2874a),platform=Windows NT 6.1.7601 SP1 x86_64) (WARNING: The server did not provide any stacktrace information)
Command duration or timeout: 0 milliseconds
For documentation on this error, please visit: http://seleniumhq.org/exceptions/stale_element_reference.html
Build info: version: '3.7.1', revision: '8a0099a', time: '2017-11-06T21:07:36.161Z'
System info: host: 'WIN7TEST02', ip: '10.20.3.72', os.name: 'Windows 7', os.arch: 'amd64', os.version: '6.1', java.version: '1.8.0_181'
Driver info: com.kms.katalon.selenium.driver.CChromeDriver
Capabilities {acceptInsecureCerts: false, acceptSslCerts: false, applicationCacheEnabled: false, browserConnectionEnabled: false, browserName: chrome, chrome: {chromedriverVersion: 2.43.600210 (68dcf5eebde371..., userDataDir: C:\Users\Admin\AppData\Loca...}, cssSelectorsEnabled: true, databaseEnabled: false, goog:chromeOptions: {debuggerAddress: localhost:53446}, handlesAlerts: true, hasTouchScreen: false, javascriptEnabled: true, locationContextEnabled: true, mobileEmulationEnabled: false, nativeEvents: true, networkConnectionEnabled: false, pageLoadStrategy: normal, platform: XP, platformName: XP, rotatable: false, setWindowRect: true, takesHeapSnapshot: true, takesScreenshot: true, unexpectedAlertBehaviour: , unhandledPromptBehavior: , version: 71.0.3578.98, webStorageEnabled: true}
Session ID: 35f8911332ef103c102f705ecb11e9fb)
[[ATTACHMENT|C:\\Users\\Admin\\Desktop\\PKS\\Perkeso Phase A\\Reports\\Workflow\\New Registration\\20190109_104156\\1547005893491.png]]

2019-01-09 11:51:33 - [TEST_STEP][PASSED] - callTestCase: Call Test Case 'Test Cases/Final Aug 2018 - PKS Automation/Registration Module/Log Out/log out avoiding katalon tagging' successfully

2019-01-09 11:51:33 - [TEST_CASE][PASSED] - Test Cases/Final Aug 2018 - PKS Automation/Registration Module/Log Out/log out avoiding katalon tagging: Test Cases/Final Aug 2018 - PKS Automation/Registration Module/Log Out/log out avoiding katalon tagging

2019-01-09 11:51:33 - [TEST_STEP][PASSED] - navigateToUrl: Navigate to 'https://assist2-uat.perkeso.gov.my/c/portal/logout' successfully

2019-01-09 11:51:34 - [MESSAGE][PASSED] - Navigate to 'https://assist2-uat.perkeso.gov.my/c/portal/logout' successfully

2019-01-09 11:51:34 - [MESSAGE][PASSED] - Call Test Case 'Test Cases/Final Aug 2018 - PKS Automation/Registration Module/Log Out/log out avoiding katalon tagging' successfully

2019-01-09 11:51:34 - [TEST_STEP][PASSED] - callTestCase: Call Test Case 'Test Cases/Final Aug 2018 - PKS Automation/Common/Workflow Owner Finder' successfully

2019-01-09 11:51:34 - [TEST_CASE][PASSED] - Test Cases/Final Aug 2018 - PKS Automation/Common/Workflow Owner Finder: Test Cases/Final Aug 2018 - PKS Automation/Common/Workflow Owner Finder

2019-01-09 11:51:34 - [TEST_STEP][PASSED] - openBrowser: Browser is opened with url: ''

2019-01-09 11:51:34 - [MESSAGE][WARNING] - A browser is already opened. Closing browser and opening a new one

2019-01-09 11:51:37 - [MESSAGE][PASSED] - Browser is opened with url: ''

2019-01-09 11:51:37 - [TEST_STEP][PASSED] - navigateToUrl: Navigate to 'https://assist2-uat.perkeso.gov.my/login' successfully

2019-01-09 11:51:38 - [MESSAGE][PASSED] - Navigate to 'https://assist2-uat.perkeso.gov.my/login' successfully

2019-01-09 11:51:38 - [TEST_STEP][PASSED] - delay: Delayed 5 second(s)

2019-01-09 11:51:43 - [MESSAGE][PASSED] - Delayed 5 second(s)

2019-01-09 11:51:43 - [TEST_STEP][PASSED] - setText: Text 'test@liferay.com' is set on object 'Object Repository/Final Object Repo/Login Page/Internal User/Email Address'

2019-01-09 11:51:43 - [MESSAGE][PASSED] - Text 'test@liferay.com' is set on object 'Object Repository/Final Object Repo/Login Page/Internal User/Email Address'

2019-01-09 11:51:43 - [TEST_STEP][PASSED] - click: Object: 'Object Repository/Final Object Repo/Login Page/Internal User/Next Button' is clicked on

2019-01-09 11:51:44 - [MESSAGE][PASSED] - Object: 'Object Repository/Final Object Repo/Login Page/Internal User/Next Button' is clicked on

2019-01-09 11:51:44 - [TEST_STEP][PASSED] - delay: Delayed 2 second(s)

2019-01-09 11:51:46 - [MESSAGE][PASSED] - Delayed 2 second(s)

2019-01-09 11:51:46 - [TEST_STEP][PASSED] - setText: Text 'test' is set on object 'Object Repository/Final Object Repo/Login Page/Internal User/Password'

2019-01-09 11:51:46 - [MESSAGE][PASSED] - Text 'test' is set on object 'Object Repository/Final Object Repo/Login Page/Internal User/Password'

2019-01-09 11:51:46 - [TEST_STEP][PASSED] - delay: Delayed 2 second(s)

2019-01-09 11:51:48 - [MESSAGE][PASSED] - Delayed 2 second(s)

2019-01-09 11:51:48 - [TEST_STEP][PASSED] - click: Object: 'Object Repository/Final Object Repo/Login Page/Internal User/Login Button' is clicked on

2019-01-09 11:51:48 - [MESSAGE][PASSED] - Object: 'Object Repository/Final Object Repo/Login Page/Internal User/Login Button' is clicked on

2019-01-09 11:51:48 - [TEST_STEP][PASSED] - Statement - tester = com.kms.katalon.core.testobject.ObjectRepository.findTestObject(Final Object Repo/Landing Page/Select to English): Finding Test Object with id 'Object Repository/Final Object Repo/Landing Page/Select to English'

2019-01-09 11:51:48 - [TEST_STEP][PASSED] - Statement - Try: Delayed 2 second(s)

2019-01-09 11:51:48 - [TEST_STEP][PASSED] - Statement - Checker = com.kms.katalon.core.webui.keyword.WebUiBuiltInKeywords.verifyElementNotPresent(tester, 3): Web element with id: 'Object Repository/Final Object Repo/Landing Page/Select to English' located by 'By.xpath: //a[@class = 'taglib-language-list-text' and @lang = 'en-US' and (contains(text(), 'EN') or contains(., 'EN'))]' is not present after '3' second(s)

2019-01-09 11:51:50 - [MESSAGE][PASSED] - Web element with id: 'Object Repository/Final Object Repo/Landing Page/Select to English' located by 'By.xpath: //a[@class = 'taglib-language-list-text' and @lang = 'en-US' and (contains(text(), 'EN') or contains(., 'EN'))]' is not present after '3' second(s)

2019-01-09 11:51:50 - [TEST_STEP][PASSED] - Statement - If (Checker == false): null

2019-01-09 11:51:50 - [TEST_STEP][PASSED] - delay: Delayed 2 second(s)

2019-01-09 11:51:52 - [MESSAGE][PASSED] - Delayed 2 second(s)

2019-01-09 11:51:52 - [TEST_STEP][PASSED] - delay: Delayed 5 second(s)

2019-01-09 11:51:57 - [MESSAGE][PASSED] - Delayed 5 second(s)

2019-01-09 11:51:57 - [TEST_STEP][PASSED] - mouseOver: Object: 'Object Repository/Final Object Repo/Landing Page/WorkFlow Menu' is hovered

2019-01-09 11:51:57 - [MESSAGE][PASSED] - Object: 'Object Repository/Final Object Repo/Landing Page/WorkFlow Menu' is hovered

2019-01-09 11:51:57 - [TEST_STEP][PASSED] - delay: Delayed 2 second(s)

2019-01-09 11:51:59 - [MESSAGE][PASSED] - Delayed 2 second(s)

2019-01-09 11:51:59 - [TEST_STEP][PASSED] - click: Object: 'Object Repository/Final Object Repo/Landing Page/Select to Workflow Listing' is clicked on

2019-01-09 11:52:00 - [MESSAGE][PASSED] - Object: 'Object Repository/Final Object Repo/Landing Page/Select to Workflow Listing' is clicked on

2019-01-09 11:52:00 - [TEST_STEP][PASSED] - delay: Delayed 2 second(s)

2019-01-09 11:52:02 - [MESSAGE][PASSED] - Delayed 2 second(s)

2019-01-09 11:52:02 - [TEST_STEP][PASSED] - click: Object: 'Object Repository/Final Object Repo/WorkFlow Listing Page/Search Information - To Put Ref No' is clicked on

2019-01-09 11:52:03 - [MESSAGE][PASSED] - Object: 'Object Repository/Final Object Repo/WorkFlow Listing Page/Search Information - To Put Ref No' is clicked on

2019-01-09 11:52:03 - [TEST_STEP][PASSED] - delay: Delayed 2 second(s)

2019-01-09 11:52:05 - [MESSAGE][PASSED] - Delayed 2 second(s)

2019-01-09 11:52:05 - [TEST_STEP][PASSED] - callTestCase: Call Test Case 'Test Cases/Final Aug 2018 - PKS Automation/Common/Reference Number Getter' successfully

2019-01-09 11:52:05 - [TEST_CASE][PASSED] - Test Cases/Final Aug 2018 - PKS Automation/Common/Reference Number Getter: Test Cases/Final Aug 2018 - PKS Automation/Common/Reference Number Getter

2019-01-09 11:52:05 - [TEST_STEP][PASSED] - Statement - Try: null

2019-01-09 11:52:05 - [TEST_STEP][PASSED] - Statement - RefNo = new java.io.File(C://Users//Admin//Desktop//PKS//Automation Reference Point//KatalonReference.txt): null

2019-01-09 11:52:05 - [TEST_STEP][PASSED] - Statement - bufferread = new java.io.BufferedReader(new java.io.FileReader(RefNo)): null

2019-01-09 11:52:05 - [TEST_STEP][PASSED] - Statement - readedVal = bufferread.readLine(): null

2019-01-09 11:52:05 - [TEST_STEP][PASSED] - Statement - out.println(CaseReferenceNo): null

2019-01-09 11:52:05 - [TEST_STEP][PASSED] - Statement - out.println(readedVal): null

2019-01-09 11:52:05 - [TEST_STEP][PASSED] - Statement - CaseReferenceNo = "": null

2019-01-09 11:52:05 - [TEST_STEP][PASSED] - Statement - CaseReferenceNo = readedVal: null

2019-01-09 11:52:05 - [MESSAGE][PASSED] - Call Test Case 'Test Cases/Final Aug 2018 - PKS Automation/Common/Reference Number Getter' successfully

2019-01-09 11:52:05 - [TEST_STEP][PASSED] - setText: Text 'CRN01201900123677' is set on object 'Object Repository/Final Object Repo/WorkFlow Listing Page/Ref No Set Text'

2019-01-09 11:52:05 - [MESSAGE][PASSED] - Text 'CRN01201900123677' is set on object 'Object Repository/Final Object Repo/WorkFlow Listing Page/Ref No Set Text'

2019-01-09 11:52:05 - [TEST_STEP][PASSED] - delay: Delayed 2 second(s)

2019-01-09 11:52:07 - [MESSAGE][PASSED] - Delayed 2 second(s)

2019-01-09 11:52:07 - [TEST_STEP][PASSED] - click: Object: 'Object Repository/Final Object Repo/WorkFlow Listing Page/Search Ref No Search Button' is clicked on

2019-01-09 11:52:07 - [MESSAGE][PASSED] - Object: 'Object Repository/Final Object Repo/WorkFlow Listing Page/Search Ref No Search Button' is clicked on

2019-01-09 11:52:07 - [TEST_STEP][PASSED] - delay: Delayed 6 second(s)

2019-01-09 11:52:13 - [MESSAGE][PASSED] - Delayed 6 second(s)

2019-01-09 11:52:13 - [TEST_STEP][PASSED] - click: Object: 'Object Repository/Final Object Repo/WorkFlow Listing Page/Click Continue Tooltip' is clicked on

2019-01-09 11:52:14 - [MESSAGE][PASSED] - Object: 'Object Repository/Final Object Repo/WorkFlow Listing Page/Click Continue Tooltip' is clicked on

2019-01-09 11:52:14 - [TEST_STEP][PASSED] - delay: Delayed 5 second(s)

2019-01-09 11:52:19 - [MESSAGE][PASSED] - Delayed 5 second(s)

2019-01-09 11:52:19 - [TEST_STEP][PASSED] - doubleClick: Object: 'Object Repository/Final Object Repo/WorkFlow Listing Page/Workflow Found - Listing 1' is double clicked on

2019-01-09 11:52:19 - [MESSAGE][PASSED] - Object: 'Object Repository/Final Object Repo/WorkFlow Listing Page/Workflow Found - Listing 1' is double clicked on

2019-01-09 11:52:19 - [TEST_STEP][PASSED] - Statement - println(OwnerID): null

2019-01-09 11:52:19 - [TEST_STEP][PASSED] - Statement - OwnerID = com.kms.katalon.core.webui.keyword.WebUiBuiltInKeywords.getText(com.kms.katalon.core.testobject.ObjectRepository.findTestObject(Final Object Repo/WorkFlow Listing Page/Workflow Found - Listing 1), STOP_ON_FAILURE): Text of object 'Object Repository/Final Object Repo/WorkFlow Listing Page/Workflow Found - Listing 1' is: 'JOHORro3'

2019-01-09 11:52:19 - [MESSAGE][PASSED] - Text of object 'Object Repository/Final Object Repo/WorkFlow Listing Page/Workflow Found - Listing 1' is: 'JOHORro3'

2019-01-09 11:52:19 - [TEST_STEP][PASSED] - Statement - OwnerID = OwnerID.toLowerCase() + "@gmail.com": null

2019-01-09 11:52:19 - [TEST_STEP][PASSED] - Statement - println(OwnerID): null

2019-01-09 11:52:19 - [TEST_STEP][PASSED] - delay: Delayed 2 second(s)

2019-01-09 11:52:21 - [MESSAGE][PASSED] - Delayed 2 second(s)

2019-01-09 11:52:21 - [MESSAGE][PASSED] - Call Test Case 'Test Cases/Final Aug 2018 - PKS Automation/Common/Workflow Owner Finder' successfully

2019-01-09 11:52:21 - [TEST_STEP][PASSED] - callTestCase: Call Test Case 'Test Cases/Final Aug 2018 - PKS Automation/Registration Module/Log Out/log out avoiding katalon tagging' successfully

2019-01-09 11:52:22 - [TEST_CASE][PASSED] - Test Cases/Final Aug 2018 - PKS Automation/Registration Module/Log Out/log out avoiding katalon tagging: Test Cases/Final Aug 2018 - PKS Automation/Registration Module/Log Out/log out avoiding katalon tagging

2019-01-09 11:52:22 - [TEST_STEP][PASSED] - navigateToUrl: Navigate to 'https://assist2-uat.perkeso.gov.my/c/portal/logout' successfully

2019-01-09 11:52:22 - [MESSAGE][PASSED] - Navigate to 'https://assist2-uat.perkeso.gov.my/c/portal/logout' successfully

2019-01-09 11:52:22 - [MESSAGE][PASSED] - Call Test Case 'Test Cases/Final Aug 2018 - PKS Automation/Registration Module/Log Out/log out avoiding katalon tagging' successfully

2019-01-09 11:52:22 - [TEST_STEP][PASSED] - delay: Delayed 2 second(s)

2019-01-09 11:52:24 - [MESSAGE][PASSED] - Delayed 2 second(s)

2019-01-09 11:52:24 - [TEST_STEP][PASSED] - setText: Text 'johorro3@gmail.com' is set on object 'Object Repository/Final Object Repo/Login Page/Internal User/Email Address'

2019-01-09 11:52:25 - [MESSAGE][PASSED] - Text 'johorro3@gmail.com' is set on object 'Object Repository/Final Object Repo/Login Page/Internal User/Email Address'

2019-01-09 11:52:25 - [TEST_STEP][PASSED] - click: Object: 'Object Repository/Final Object Repo/Login Page/Internal User/Next Button' is clicked on

2019-01-09 11:52:25 - [MESSAGE][PASSED] - Object: 'Object Repository/Final Object Repo/Login Page/Internal User/Next Button' is clicked on

2019-01-09 11:52:25 - [TEST_STEP][PASSED] - delay: Delayed 2 second(s)

2019-01-09 11:52:27 - [MESSAGE][PASSED] - Delayed 2 second(s)

2019-01-09 11:52:27 - [TEST_STEP][PASSED] - setText: Text 'Test1@3456789' is set on object 'Object Repository/Final Object Repo/Login Page/Internal User/Password'

2019-01-09 11:52:27 - [MESSAGE][PASSED] - Text 'Test1@3456789' is set on object 'Object Repository/Final Object Repo/Login Page/Internal User/Password'

2019-01-09 11:52:27 - [TEST_STEP][PASSED] - delay: Delayed 2 second(s)

2019-01-09 11:52:29 - [MESSAGE][PASSED] - Delayed 2 second(s)

2019-01-09 11:52:29 - [TEST_STEP][PASSED] - click: Object: 'Object Repository/Final Object Repo/Login Page/Internal User/Login Button' is clicked on

2019-01-09 11:52:29 - [MESSAGE][PASSED] - Object: 'Object Repository/Final Object Repo/Login Page/Internal User/Login Button' is clicked on

2019-01-09 11:52:29 - [TEST_STEP][PASSED] - delay: Delayed 2 second(s)

2019-01-09 11:52:31 - [MESSAGE][PASSED] - Delayed 2 second(s)

2019-01-09 11:52:31 - [TEST_STEP][PASSED] - Statement - Try: null

2019-01-09 11:52:31 - [TEST_STEP][PASSED] - Statement - Checker = com.kms.katalon.core.webui.keyword.WebUiBuiltInKeywords.verifyElementNotPresent("Final Object Repo/Landing Page/Select to English", 3): null

2019-01-09 11:52:31 - [TEST_STEP][PASSED] - Statement - Catch (Exception e): null

2019-01-09 11:52:31 - [TEST_STEP][PASSED] - Statement - e.printStackTrace(): null

2019-01-09 11:52:31 - [TEST_STEP][PASSED] - click: Object: 'Object Repository/Final Object Repo/New Registration - Registration Module Pages/New Reg - OTC to RO/Special Case - All Related Objects/Expand to Search' is clicked on

2019-01-09 11:52:32 - [MESSAGE][PASSED] - Object: 'Object Repository/Final Object Repo/New Registration - Registration Module Pages/New Reg - OTC to RO/Special Case - All Related Objects/Expand to Search' is clicked on

2019-01-09 11:52:32 - [TEST_STEP][PASSED] - callTestCase: Call Test Case 'Test Cases/Final Aug 2018 - PKS Automation/Common/Reference Number Getter' successfully

2019-01-09 11:52:32 - [TEST_CASE][PASSED] - Test Cases/Final Aug 2018 - PKS Automation/Common/Reference Number Getter: Test Cases/Final Aug 2018 - PKS Automation/Common/Reference Number Getter

2019-01-09 11:52:32 - [TEST_STEP][PASSED] - Statement - Try: null

2019-01-09 11:52:32 - [TEST_STEP][PASSED] - Statement - RefNo = new java.io.File(C://Users//Admin//Desktop//PKS//Automation Reference Point//KatalonReference.txt): null

2019-01-09 11:52:32 - [TEST_STEP][PASSED] - Statement - bufferread = new java.io.BufferedReader(new java.io.FileReader(RefNo)): null

2019-01-09 11:52:32 - [TEST_STEP][PASSED] - Statement - readedVal = bufferread.readLine(): null

2019-01-09 11:52:32 - [TEST_STEP][PASSED] - Statement - out.println(CaseReferenceNo): null

2019-01-09 11:52:32 - [TEST_STEP][PASSED] - Statement - out.println(readedVal): null

2019-01-09 11:52:32 - [TEST_STEP][PASSED] - Statement - CaseReferenceNo = "": null

2019-01-09 11:52:32 - [TEST_STEP][PASSED] - Statement - CaseReferenceNo = readedVal: null

2019-01-09 11:52:32 - [MESSAGE][PASSED] - Call Test Case 'Test Cases/Final Aug 2018 - PKS Automation/Common/Reference Number Getter' successfully

2019-01-09 11:52:32 - [TEST_STEP][PASSED] - setText: Text 'CRN01201900123677' is set on object 'Object Repository/Final Object Repo/New Registration - Registration Module Pages/New Reg - OTC to RO/Special Case - All Related Objects/TextBox RefNo in Workbasket'

2019-01-09 11:52:32 - [MESSAGE][PASSED] - Text 'CRN01201900123677' is set on object 'Object Repository/Final Object Repo/New Registration - Registration Module Pages/New Reg - OTC to RO/Special Case - All Related Objects/TextBox RefNo in Workbasket'

2019-01-09 11:52:32 - [TEST_STEP][PASSED] - delay: Delayed 2 second(s)

2019-01-09 11:52:34 - [MESSAGE][PASSED] - Delayed 2 second(s)

2019-01-09 11:52:34 - [TEST_STEP][PASSED] - click: Object: 'Object Repository/Final Object Repo/New Registration - Registration Module Pages/New Reg - OTC to RO/Special Case - All Related Objects/Click Search' is clicked on

2019-01-09 11:52:34 - [MESSAGE][PASSED] - Object: 'Object Repository/Final Object Repo/New Registration - Registration Module Pages/New Reg - OTC to RO/Special Case - All Related Objects/Click Search' is clicked on

2019-01-09 11:52:34 - [TEST_STEP][PASSED] - delay: Delayed 2 second(s)

2019-01-09 11:52:36 - [MESSAGE][PASSED] - Delayed 2 second(s)

2019-01-09 11:52:36 - [TEST_STEP][PASSED] - click: Object: 'Object Repository/Final Object Repo/New Registration - Registration Module Pages/New Reg - OTC to RO/Special Case - All Related Objects/Click to Continue Workflow' is clicked on

2019-01-09 11:52:40 - [MESSAGE][PASSED] - Object: 'Object Repository/Final Object Repo/New Registration - Registration Module Pages/New Reg - OTC to RO/Special Case - All Related Objects/Click to Continue Workflow' is clicked on

2019-01-09 11:52:40 - [TEST_STEP][PASSED] - delay: Delayed 2 second(s)

2019-01-09 11:52:42 - [MESSAGE][PASSED] - Delayed 2 second(s)

2019-01-09 11:52:42 - [TEST_STEP][PASSED] - click: Object: 'Object Repository/Final Object Repo/New Registration - Registration Module Pages/New Reg - OTC to RO/Special Case - All Related Objects/Continue Button in verifying case' is clicked on

2019-01-09 11:52:44 - [MESSAGE][PASSED] - Object: 'Object Repository/Final Object Repo/New Registration - Registration Module Pages/New Reg - OTC to RO/Special Case - All Related Objects/Continue Button in verifying case' is clicked on

2019-01-09 11:52:44 - [TEST_STEP][PASSED] - delay: Delayed 2 second(s)

2019-01-09 11:52:46 - [MESSAGE][PASSED] - Delayed 2 second(s)

2019-01-09 11:52:46 - [TEST_STEP][PASSED] - click: Object: 'Object Repository/Final Object Repo/New Registration - Registration Module Pages/New Reg - OTC to RO/Special Case - All Related Objects/Form 1 Save n Continue' is clicked on

2019-01-09 11:52:46 - [MESSAGE][PASSED] - Object: 'Object Repository/Final Object Repo/New Registration - Registration Module Pages/New Reg - OTC to RO/Special Case - All Related Objects/Form 1 Save n Continue' is clicked on

2019-01-09 11:52:46 - [TEST_STEP][PASSED] - delay: Delayed 2 second(s)

2019-01-09 11:52:48 - [MESSAGE][PASSED] - Delayed 2 second(s)

2019-01-09 11:52:48 - [TEST_STEP][PASSED] - click: Object: 'Object Repository/Final Object Repo/New Registration - Registration Module Pages/New Reg - OTC to RO/Special Case - All Related Objects/Form 2 Save n Continue' is clicked on

2019-01-09 11:52:48 - [MESSAGE][PASSED] - Object: 'Object Repository/Final Object Repo/New Registration - Registration Module Pages/New Reg - OTC to RO/Special Case - All Related Objects/Form 2 Save n Continue' is clicked on

2019-01-09 11:52:48 - [TEST_STEP][PASSED] - delay: Delayed 2 second(s)

2019-01-09 11:52:50 - [MESSAGE][PASSED] - Delayed 2 second(s)

2019-01-09 11:52:50 - [TEST_STEP][PASSED] - click: Object: 'Object Repository/Final Object Repo/New Registration - Registration Module Pages/New Reg - OTC to RO/Special Case - All Related Objects/Third Screen Save n Continue' is clicked on

2019-01-09 11:52:55 - [MESSAGE][PASSED] - Object: 'Object Repository/Final Object Repo/New Registration - Registration Module Pages/New Reg - OTC to RO/Special Case - All Related Objects/Third Screen Save n Continue' is clicked on

2019-01-09 11:52:55 - [TEST_STEP][PASSED] - delay: Delayed 5 second(s)

2019-01-09 11:53:00 - [MESSAGE][PASSED] - Delayed 5 second(s)

2019-01-09 11:53:00 - [TEST_STEP][PASSED] - click: Object: 'Object Repository/Final Object Repo/New Registration - Registration Module Pages/New Reg - OTC to RO/Special Case - All Related Objects/Upload Doc Page Save n Continue' is clicked on

2019-01-09 11:53:01 - [MESSAGE][PASSED] - Object: 'Object Repository/Final Object Repo/New Registration - Registration Module Pages/New Reg - OTC to RO/Special Case - All Related Objects/Upload Doc Page Save n Continue' is clicked on

2019-01-09 11:53:01 - [TEST_STEP][PASSED] - delay: Delayed 5 second(s)

2019-01-09 11:53:06 - [MESSAGE][PASSED] - Delayed 5 second(s)

2019-01-09 11:53:06 - [TEST_STEP][PASSED] - callTestCase: Call Test Case 'Test Cases/Final Aug 2018 - PKS Automation/Registration Module/New Registration/Submit and Screenshot/Submit Registration and Screenshot' successfully

2019-01-09 11:53:06 - [TEST_CASE][PASSED] - Test Cases/Final Aug 2018 - PKS Automation/Registration Module/New Registration/Submit and Screenshot/Submit Registration and Screenshot: Test Cases/Final Aug 2018 - PKS Automation/Registration Module/New Registration/Submit and Screenshot/Submit Registration and Screenshot

2019-01-09 11:53:06 - [TEST_STEP][PASSED] - delay: Delayed 6 second(s)

2019-01-09 11:53:12 - [MESSAGE][PASSED] - Delayed 6 second(s)

2019-01-09 11:53:12 - [TEST_STEP][PASSED] - click: Object: 'Object Repository/Final Object Repo/New Registration - Registration Module Pages/Third Screen - Upload Supporting Doc- Preview/Preview Submit Button' is clicked on

2019-01-09 11:53:12 - [MESSAGE][PASSED] - Object: 'Object Repository/Final Object Repo/New Registration - Registration Module Pages/Third Screen - Upload Supporting Doc- Preview/Preview Submit Button' is clicked on

2019-01-09 11:53:12 - [TEST_STEP][PASSED] - delay: Delayed 2 second(s)

2019-01-09 11:53:14 - [MESSAGE][PASSED] - Delayed 2 second(s)

2019-01-09 11:53:14 - [TEST_STEP][PASSED] - click: Object: 'Object Repository/Final Object Repo/New Registration - Registration Module Pages/Third Screen - Upload Supporting Doc- Preview/Preview Submit - Confirm' is clicked on

2019-01-09 11:53:14 - [MESSAGE][PASSED] - Object: 'Object Repository/Final Object Repo/New Registration - Registration Module Pages/Third Screen - Upload Supporting Doc- Preview/Preview Submit - Confirm' is clicked on

2019-01-09 11:53:14 - [TEST_STEP][PASSED] - delay: Delayed 15 second(s)

2019-01-09 11:53:29 - [MESSAGE][PASSED] - Delayed 15 second(s)

2019-01-09 11:53:29 - [TEST_STEP][PASSED] - Statement - driver = com.kms.katalon.core.webui.driver.DriverFactory.getWebDriver(): null

2019-01-09 11:53:29 - [TEST_STEP][PASSED] - Statement - driver.manage().timeouts().implicitlyWait(10, SECONDS): null

2019-01-09 11:53:29 - [TEST_STEP][PASSED] - Statement - PresavePath = KatalonScreenshots: null

2019-01-09 11:53:29 - [TEST_STEP][PASSED] - Statement - pathPrefix = "C:\Users\Public\Pictures\Sample Pictures\Katalon Screenshots\Automate Ending Screen": null

2019-01-09 11:53:29 - [TEST_STEP][PASSED] - Statement - finalPath = <not implemented yet for class: org.codehaus.groovy.ast.expr.EmptyExpression>: null

2019-01-09 11:53:29 - [TEST_STEP][PASSED] - Statement - scrFile = driver.getScreenshotAs(FILE): null

2019-01-09 11:53:29 - [TEST_STEP][PASSED] - Statement - PreSaveFile = new java.io.File(PresavePath): null

2019-01-09 11:53:29 - [TEST_STEP][PASSED] - Statement - counter = 0: null

2019-01-09 11:53:29 - [TEST_STEP][PASSED] - Statement - If (PreSaveFile.exists()): null

2019-01-09 11:53:29 - [TEST_STEP][PASSED] - Statement - While (PreSaveFile.exists()): null

2019-01-09 11:53:29 - [TEST_STEP][PASSED] - Statement - counter = counter + 1: null

2019-01-09 11:53:29 - [TEST_STEP][PASSED] - Statement - PreSaveFile = new java.io.File(((pathPrefix + java.lang.Integer.toString(counter)) + .png)): null

2019-01-09 11:53:29 - [TEST_STEP][PASSED] - Statement - counter = counter + 1: null

2019-01-09 11:53:29 - [TEST_STEP][PASSED] - Statement - PreSaveFile = new java.io.File(((pathPrefix + java.lang.Integer.toString(counter)) + .png)): null

2019-01-09 11:53:29 - [TEST_STEP][PASSED] - Statement - counter = counter + 1: null

2019-01-09 11:53:29 - [TEST_STEP][PASSED] - Statement - PreSaveFile = new java.io.File(((pathPrefix + java.lang.Integer.toString(counter)) + .png)): null

2019-01-09 11:53:29 - [TEST_STEP][PASSED] - Statement - counter = counter + 1: null

2019-01-09 11:53:29 - [TEST_STEP][PASSED] - Statement - PreSaveFile = new java.io.File(((pathPrefix + java.lang.Integer.toString(counter)) + .png)): null

2019-01-09 11:53:29 - [TEST_STEP][PASSED] - Statement - counter = counter + 1: null

2019-01-09 11:53:29 - [TEST_STEP][PASSED] - Statement - PreSaveFile = new java.io.File(((pathPrefix + java.lang.Integer.toString(counter)) + .png)): null

2019-01-09 11:53:29 - [TEST_STEP][PASSED] - Statement - counter = counter + 1: null

2019-01-09 11:53:29 - [TEST_STEP][PASSED] - Statement - PreSaveFile = new java.io.File(((pathPrefix + java.lang.Integer.toString(counter)) + .png)): null

2019-01-09 11:53:29 - [TEST_STEP][PASSED] - Statement - counter = counter + 1: null

2019-01-09 11:53:29 - [TEST_STEP][PASSED] - Statement - PreSaveFile = new java.io.File(((pathPrefix + java.lang.Integer.toString(counter)) + .png)): null

2019-01-09 11:53:29 - [TEST_STEP][PASSED] - Statement - counter = counter + 1: null

2019-01-09 11:53:29 - [TEST_STEP][PASSED] - Statement - PreSaveFile = new java.io.File(((pathPrefix + java.lang.Integer.toString(counter)) + .png)): null

2019-01-09 11:53:29 - [TEST_STEP][PASSED] - Statement - counter = counter + 1: null

2019-01-09 11:53:29 - [TEST_STEP][PASSED] - Statement - PreSaveFile = new java.io.File(((pathPrefix + java.lang.Integer.toString(counter)) + .png)): null

2019-01-09 11:53:29 - [TEST_STEP][PASSED] - Statement - counter = counter + 1: null

2019-01-09 11:53:29 - [TEST_STEP][PASSED] - Statement - PreSaveFile = new java.io.File(((pathPrefix + java.lang.Integer.toString(counter)) + .png)): null

2019-01-09 11:53:29 - [TEST_STEP][PASSED] - Statement - counter = counter + 1: null

2019-01-09 11:53:29 - [TEST_STEP][PASSED] - Statement - PreSaveFile = new java.io.File(((pathPrefix + java.lang.Integer.toString(counter)) + .png)): null

2019-01-09 11:53:29 - [TEST_STEP][PASSED] - Statement - counter = counter + 1: null

2019-01-09 11:53:29 - [TEST_STEP][PASSED] - Statement - PreSaveFile = new java.io.File(((pathPrefix + java.lang.Integer.toString(counter)) + .png)): null

2019-01-09 11:53:29 - [TEST_STEP][PASSED] - Statement - counter = counter + 1: null

2019-01-09 11:53:29 - [TEST_STEP][PASSED] - Statement - PreSaveFile = new java.io.File(((pathPrefix + java.lang.Integer.toString(counter)) + .png)): null

2019-01-09 11:53:29 - [TEST_STEP][PASSED] - Statement - counter = counter + 1: null

2019-01-09 11:53:29 - [TEST_STEP][PASSED] - Statement - PreSaveFile = new java.io.File(((pathPrefix + java.lang.Integer.toString(counter)) + .png)): null

2019-01-09 11:53:29 - [TEST_STEP][PASSED] - Statement - counter = counter + 1: null

2019-01-09 11:53:29 - [TEST_STEP][PASSED] - Statement - PreSaveFile = new java.io.File(((pathPrefix + java.lang.Integer.toString(counter)) + .png)): null

2019-01-09 11:53:29 - [TEST_STEP][PASSED] - Statement - counter = counter + 1: null

2019-01-09 11:53:29 - [TEST_STEP][PASSED] - Statement - PreSaveFile = new java.io.File(((pathPrefix + java.lang.Integer.toString(counter)) + .png)): null

2019-01-09 11:53:29 - [TEST_STEP][PASSED] - Statement - counter = counter + 1: null

2019-01-09 11:53:29 - [TEST_STEP][PASSED] - Statement - PreSaveFile = new java.io.File(((pathPrefix + java.lang.Integer.toString(counter)) + .png)): null

2019-01-09 11:53:30 - [TEST_STEP][PASSED] - Statement - counter = counter + 1: null

2019-01-09 11:53:30 - [TEST_STEP][PASSED] - Statement - PreSaveFile = new java.io.File(((pathPrefix + java.lang.Integer.toString(counter)) + .png)): null

2019-01-09 11:53:30 - [TEST_STEP][PASSED] - Statement - counter = counter + 1: null

2019-01-09 11:53:30 - [TEST_STEP][PASSED] - Statement - PreSaveFile = new java.io.File(((pathPrefix + java.lang.Integer.toString(counter)) + .png)): null

2019-01-09 11:53:30 - [TEST_STEP][PASSED] - Statement - counter = counter + 1: null

2019-01-09 11:53:30 - [TEST_STEP][PASSED] - Statement - PreSaveFile = new java.io.File(((pathPrefix + java.lang.Integer.toString(counter)) + .png)): null

2019-01-09 11:53:30 - [TEST_STEP][PASSED] - Statement - counter = counter + 1: null

2019-01-09 11:53:30 - [TEST_STEP][PASSED] - Statement - PreSaveFile = new java.io.File(((pathPrefix + java.lang.Integer.toString(counter)) + .png)): null

2019-01-09 11:53:30 - [TEST_STEP][PASSED] - Statement - counter = counter + 1: null

2019-01-09 11:53:30 - [TEST_STEP][PASSED] - Statement - PreSaveFile = new java.io.File(((pathPrefix + java.lang.Integer.toString(counter)) + .png)): null

2019-01-09 11:53:30 - [TEST_STEP][PASSED] - Statement - counter = counter + 1: null

2019-01-09 11:53:30 - [TEST_STEP][PASSED] - Statement - PreSaveFile = new java.io.File(((pathPrefix + java.lang.Integer.toString(counter)) + .png)): null

2019-01-09 11:53:30 - [TEST_STEP][PASSED] - Statement - counter = counter + 1: null

2019-01-09 11:53:30 - [TEST_STEP][PASSED] - Statement - PreSaveFile = new java.io.File(((pathPrefix + java.lang.Integer.toString(counter)) + .png)): null

2019-01-09 11:53:30 - [TEST_STEP][PASSED] - Statement - counter = counter + 1: null

2019-01-09 11:53:30 - [TEST_STEP][PASSED] - Statement - PreSaveFile = new java.io.File(((pathPrefix + java.lang.Integer.toString(counter)) + .png)): null

2019-01-09 11:53:30 - [TEST_STEP][PASSED] - Statement - counter = counter + 1: null

2019-01-09 11:53:30 - [TEST_STEP][PASSED] - Statement - PreSaveFile = new java.io.File(((pathPrefix + java.lang.Integer.toString(counter)) + .png)): null

2019-01-09 11:53:30 - [TEST_STEP][PASSED] - Statement - counter = counter + 1: null

2019-01-09 11:53:30 - [TEST_STEP][PASSED] - Statement - PreSaveFile = new java.io.File(((pathPrefix + java.lang.Integer.toString(counter)) + .png)): null

2019-01-09 11:53:30 - [TEST_STEP][PASSED] - Statement - counter = counter + 1: null

2019-01-09 11:53:30 - [TEST_STEP][PASSED] - Statement - PreSaveFile = new java.io.File(((pathPrefix + java.lang.Integer.toString(counter)) + .png)): null

2019-01-09 11:53:30 - [TEST_STEP][PASSED] - Statement - counter = counter + 1: null

2019-01-09 11:53:30 - [TEST_STEP][PASSED] - Statement - PreSaveFile = new java.io.File(((pathPrefix + java.lang.Integer.toString(counter)) + .png)): null

2019-01-09 11:53:30 - [TEST_STEP][PASSED] - Statement - counter = counter + 1: null

2019-01-09 11:53:30 - [TEST_STEP][PASSED] - Statement - PreSaveFile = new java.io.File(((pathPrefix + java.lang.Integer.toString(counter)) + .png)): null

2019-01-09 11:53:30 - [TEST_STEP][PASSED] - Statement - counter = counter + 1: null

2019-01-09 11:53:30 - [TEST_STEP][PASSED] - Statement - PreSaveFile = new java.io.File(((pathPrefix + java.lang.Integer.toString(counter)) + .png)): null

2019-01-09 11:53:30 - [TEST_STEP][PASSED] - Statement - counter = counter + 1: null

2019-01-09 11:53:30 - [TEST_STEP][PASSED] - Statement - PreSaveFile = new java.io.File(((pathPrefix + java.lang.Integer.toString(counter)) + .png)): null

2019-01-09 11:53:30 - [TEST_STEP][PASSED] - Statement - counter = counter + 1: null

2019-01-09 11:53:31 - [TEST_STEP][PASSED] - Statement - PreSaveFile = new java.io.File(((pathPrefix + java.lang.Integer.toString(counter)) + .png)): null

2019-01-09 11:53:31 - [TEST_STEP][PASSED] - Statement - counter = counter + 1: null

2019-01-09 11:53:31 - [TEST_STEP][PASSED] - Statement - PreSaveFile = new java.io.File(((pathPrefix + java.lang.Integer.toString(counter)) + .png)): null

2019-01-09 11:53:31 - [TEST_STEP][PASSED] - Statement - counter = counter + 1: null

2019-01-09 11:53:31 - [TEST_STEP][PASSED] - Statement - PreSaveFile = new java.io.File(((pathPrefix + java.lang.Integer.toString(counter)) + .png)): null

2019-01-09 11:53:31 - [TEST_STEP][PASSED] - Statement - counter = counter + 1: null

2019-01-09 11:53:31 - [TEST_STEP][PASSED] - Statement - PreSaveFile = new java.io.File(((pathPrefix + java.lang.Integer.toString(counter)) + .png)): null

2019-01-09 11:53:31 - [TEST_STEP][PASSED] - Statement - counter = counter + 1: null

2019-01-09 11:53:31 - [TEST_STEP][PASSED] - Statement - PreSaveFile = new java.io.File(((pathPrefix + java.lang.Integer.toString(counter)) + .png)): null

2019-01-09 11:53:31 - [TEST_STEP][PASSED] - Statement - counter = counter + 1: null

2019-01-09 11:53:31 - [TEST_STEP][PASSED] - Statement - PreSaveFile = new java.io.File(((pathPrefix + java.lang.Integer.toString(counter)) + .png)): null

2019-01-09 11:53:31 - [TEST_STEP][PASSED] - Statement - counter = counter + 1: null

2019-01-09 11:53:31 - [TEST_STEP][PASSED] - Statement - PreSaveFile = new java.io.File(((pathPrefix + java.lang.Integer.toString(counter)) + .png)): null

2019-01-09 11:53:31 - [TEST_STEP][PASSED] - Statement - counter = counter + 1: null

2019-01-09 11:53:31 - [TEST_STEP][PASSED] - Statement - PreSaveFile = new java.io.File(((pathPrefix + java.lang.Integer.toString(counter)) + .png)): null

2019-01-09 11:53:31 - [TEST_STEP][PASSED] - Statement - counter = counter + 1: null

2019-01-09 11:53:31 - [TEST_STEP][PASSED] - Statement - PreSaveFile = new java.io.File(((pathPrefix + java.lang.Integer.toString(counter)) + .png)): null

2019-01-09 11:53:31 - [TEST_STEP][PASSED] - Statement - counter = counter + 1: null

2019-01-09 11:53:31 - [TEST_STEP][PASSED] - Statement - PreSaveFile = new java.io.File(((pathPrefix + java.lang.Integer.toString(counter)) + .png)): null

2019-01-09 11:53:31 - [TEST_STEP][PASSED] - Statement - counter = counter + 1: null

2019-01-09 11:53:31 - [TEST_STEP][PASSED] - Statement - PreSaveFile = new java.io.File(((pathPrefix + java.lang.Integer.toString(counter)) + .png)): null

2019-01-09 11:53:31 - [TEST_STEP][PASSED] - Statement - counter = counter + 1: null

2019-01-09 11:53:31 - [TEST_STEP][PASSED] - Statement - PreSaveFile = new java.io.File(((pathPrefix + java.lang.Integer.toString(counter)) + .png)): null

2019-01-09 11:53:31 - [TEST_STEP][PASSED] - Statement - counter = counter + 1: null

2019-01-09 11:53:31 - [TEST_STEP][PASSED] - Statement - PreSaveFile = new java.io.File(((pathPrefix + java.lang.Integer.toString(counter)) + .png)): null

2019-01-09 11:53:31 - [TEST_STEP][PASSED] - Statement - counter = counter + 1: null

2019-01-09 11:53:31 - [TEST_STEP][PASSED] - Statement - PreSaveFile = new java.io.File(((pathPrefix + java.lang.Integer.toString(counter)) + .png)): null

2019-01-09 11:53:31 - [TEST_STEP][PASSED] - Statement - counter = counter + 1: null

2019-01-09 11:53:31 - [TEST_STEP][PASSED] - Statement - PreSaveFile = new java.io.File(((pathPrefix + java.lang.Integer.toString(counter)) + .png)): null

2019-01-09 11:53:31 - [TEST_STEP][PASSED] - Statement - counter = counter + 1: null

2019-01-09 11:53:32 - [TEST_STEP][PASSED] - Statement - PreSaveFile = new java.io.File(((pathPrefix + java.lang.Integer.toString(counter)) + .png)): null

2019-01-09 11:53:32 - [TEST_STEP][PASSED] - Statement - counter = counter + 1: null

2019-01-09 11:53:32 - [TEST_STEP][PASSED] - Statement - PreSaveFile = new java.io.File(((pathPrefix + java.lang.Integer.toString(counter)) + .png)): null

2019-01-09 11:53:32 - [TEST_STEP][PASSED] - Statement - counter = counter + 1: null

2019-01-09 11:53:32 - [TEST_STEP][PASSED] - Statement - PreSaveFile = new java.io.File(((pathPrefix + java.lang.Integer.toString(counter)) + .png)): null

2019-01-09 11:53:32 - [TEST_STEP][PASSED] - Statement - counter = counter + 1: null

2019-01-09 11:53:32 - [TEST_STEP][PASSED] - Statement - PreSaveFile = new java.io.File(((pathPrefix + java.lang.Integer.toString(counter)) + .png)): null

2019-01-09 11:53:32 - [TEST_STEP][PASSED] - Statement - counter = counter + 1: null

2019-01-09 11:53:32 - [TEST_STEP][PASSED] - Statement - PreSaveFile = new java.io.File(((pathPrefix + java.lang.Integer.toString(counter)) + .png)): null

2019-01-09 11:53:32 - [TEST_STEP][PASSED] - Statement - counter = counter + 1: null

2019-01-09 11:53:32 - [TEST_STEP][PASSED] - Statement - PreSaveFile = new java.io.File(((pathPrefix + java.lang.Integer.toString(counter)) + .png)): null

2019-01-09 11:53:32 - [TEST_STEP][PASSED] - Statement - counter = counter + 1: null

2019-01-09 11:53:32 - [TEST_STEP][PASSED] - Statement - PreSaveFile = new java.io.File(((pathPrefix + java.lang.Integer.toString(counter)) + .png)): null

2019-01-09 11:53:32 - [TEST_STEP][PASSED] - Statement - counter = counter + 1: null

2019-01-09 11:53:32 - [TEST_STEP][PASSED] - Statement - PreSaveFile = new java.io.File(((pathPrefix + java.lang.Integer.toString(counter)) + .png)): null

2019-01-09 11:53:32 - [TEST_STEP][PASSED] - Statement - counter = counter + 1: null

2019-01-09 11:53:32 - [TEST_STEP][PASSED] - Statement - PreSaveFile = new java.io.File(((pathPrefix + java.lang.Integer.toString(counter)) + .png)): null

2019-01-09 11:53:32 - [TEST_STEP][PASSED] - Statement - counter = counter + 1: null

2019-01-09 11:53:32 - [TEST_STEP][PASSED] - Statement - PreSaveFile = new java.io.File(((pathPrefix + java.lang.Integer.toString(counter)) + .png)): null

2019-01-09 11:53:32 - [TEST_STEP][PASSED] - Statement - finalPath = pathPrefix + java.lang.Integer.toString(counter) + ".png": null

2019-01-09 11:53:32 - [TEST_STEP][PASSED] - Statement - SaveFile = new java.io.File(finalPath): null

2019-01-09 11:53:32 - [TEST_STEP][PASSED] - Statement - Try: null

2019-01-09 11:53:32 - [TEST_STEP][PASSED] - Statement - org.apache.commons.io.FileUtils.copyFile(scrFile, SaveFile): null

2019-01-09 11:53:32 - [TEST_STEP][PASSED] - Statement - out.println("file kept"): null

2019-01-09 11:53:32 - [TEST_STEP][PASSED] - delay: Delayed 10 second(s)

2019-01-09 11:53:42 - [MESSAGE][PASSED] - Delayed 10 second(s)

2019-01-09 11:53:42 - [MESSAGE][PASSED] - Call Test Case 'Test Cases/Final Aug 2018 - PKS Automation/Registration Module/New Registration/Submit and Screenshot/Submit Registration and Screenshot' successfully]]></system-out>
         <system-err><![CDATA[2019-01-09 11:41:14 - [TEST_CASE][FAILED] - Test Cases/Final Aug 2018 - PKS Automation/Registration Module/Workflow/New Registration/Employer to RO - Query - Submit: Test Cases/Final Aug 2018 - PKS Automation/Registration Module/Workflow/New Registration/Employer to RO - Query - Submit FAILED because (of) (Stack trace: com.kms.katalon.core.exception.StepFailedException: Unable to set text 'CRN01201900123677' of object 'Object Repository/Final Object Repo/New Registration - Registration Module Pages/New Reg - OTC to RO/Special Case - All Related Objects/TextBox RefNo in Workbasket' (Root cause: org.openqa.selenium.ElementNotVisibleException: element not interactable
  (Session info: chrome=71.0.3578.98)
  (Driver info: chromedriver=2.43.600210 (68dcf5eebde37173d4027fa8635e332711d2874a),platform=Windows NT 6.1.7601 SP1 x86_64) (WARNING: The server did not provide any stacktrace information)
Command duration or timeout: 0 milliseconds
Build info: version: '3.7.1', revision: '8a0099a', time: '2017-11-06T21:07:36.161Z'
System info: host: 'WIN7TEST02', ip: '10.20.3.72', os.name: 'Windows 7', os.arch: 'amd64', os.version: '6.1', java.version: '1.8.0_181'
Driver info: com.kms.katalon.selenium.driver.CChromeDriver
Capabilities {acceptInsecureCerts: false, acceptSslCerts: false, applicationCacheEnabled: false, browserConnectionEnabled: false, browserName: chrome, chrome: {chromedriverVersion: 2.43.600210 (68dcf5eebde371..., userDataDir: C:\Users\Admin\AppData\Loca...}, cssSelectorsEnabled: true, databaseEnabled: false, goog:chromeOptions: {debuggerAddress: localhost:53446}, handlesAlerts: true, hasTouchScreen: false, javascriptEnabled: true, locationContextEnabled: true, mobileEmulationEnabled: false, nativeEvents: true, networkConnectionEnabled: false, pageLoadStrategy: normal, platform: XP, platformName: XP, rotatable: false, setWindowRect: true, takesHeapSnapshot: true, takesScreenshot: true, unexpectedAlertBehaviour: , unhandledPromptBehavior: , version: 71.0.3578.98, webStorageEnabled: true}
Session ID: 35f8911332ef103c102f705ecb11e9fb)
	at com.kms.katalon.core.keyword.internal.KeywordMain.stepFailed(KeywordMain.groovy:32)
	at com.kms.katalon.core.webui.keyword.internal.WebUIKeywordMain.stepFailed(WebUIKeywordMain.groovy:65)
	at com.kms.katalon.core.webui.keyword.internal.WebUIKeywordMain.runKeyword(WebUIKeywordMain.groovy:27)
	at com.kms.katalon.core.webui.keyword.builtin.SetTextKeyword.setText(SetTextKeyword.groovy:65)
	at com.kms.katalon.core.webui.keyword.builtin.SetTextKeyword.execute(SetTextKeyword.groovy:37)
	at com.kms.katalon.core.keyword.internal.KeywordExecutor.executeKeywordForPlatform(KeywordExecutor.groovy:53)
	at com.kms.katalon.core.webui.keyword.WebUiBuiltInKeywords.setText(WebUiBuiltInKeywords.groovy:950)
	at com.kms.katalon.core.webui.keyword.WebUiBuiltInKeywords$setText$1.call(Unknown Source)
	at org.codehaus.groovy.runtime.callsite.CallSiteArray.defaultCall(CallSiteArray.java:48)
	at org.codehaus.groovy.runtime.callsite.AbstractCallSite.call(AbstractCallSite.java:113)
	at org.codehaus.groovy.runtime.callsite.AbstractCallSite.call(AbstractCallSite.java:133)
	at Script1537248112379.run(Script1537248112379.groovy:87)
	at com.kms.katalon.core.main.ScriptEngine.run(ScriptEngine.java:183)
	at com.kms.katalon.core.main.ScriptEngine.runScriptAsRawText(ScriptEngine.java:108)
	at com.kms.katalon.core.main.TestCaseExecutor.runScript(TestCaseExecutor.java:294)
	at com.kms.katalon.core.main.TestCaseExecutor.doExecute(TestCaseExecutor.java:285)
	at com.kms.katalon.core.main.TestCaseExecutor.processExecutionPhase(TestCaseExecutor.java:264)
	at com.kms.katalon.core.main.TestCaseExecutor.accessMainPhase(TestCaseExecutor.java:256)
	at com.kms.katalon.core.main.TestCaseExecutor.execute(TestCaseExecutor.java:200)
	at com.kms.katalon.core.main.TestSuiteExecutor.accessTestCaseMainPhase(TestSuiteExecutor.java:129)
	at com.kms.katalon.core.main.TestSuiteExecutor.accessTestSuiteMainPhase(TestSuiteExecutor.java:112)
	at com.kms.katalon.core.main.TestSuiteExecutor.execute(TestSuiteExecutor.java:81)
	at com.kms.katalon.core.main.TestCaseMain.startTestSuite(TestCaseMain.java:142)
	at com.kms.katalon.core.main.TestCaseMain$startTestSuite$0.call(Unknown Source)
	at org.codehaus.groovy.runtime.callsite.CallSiteArray.defaultCall(CallSiteArray.java:48)
	at org.codehaus.groovy.runtime.callsite.AbstractCallSite.call(AbstractCallSite.java:113)
	at org.codehaus.groovy.runtime.callsite.AbstractCallSite.call(AbstractCallSite.java:141)
	at TempTestSuite1547001716520.run(TempTestSuite1547001716520.groovy:36)
	at groovy.lang.GroovyShell.runScriptOrMainOrTestOrRunnable(GroovyShell.java:263)
	at groovy.lang.GroovyShell.run(GroovyShell.java:518)
	at groovy.lang.GroovyShell.run(GroovyShell.java:507)
	at groovy.ui.GroovyMain.processOnce(GroovyMain.java:653)
	at groovy.ui.GroovyMain.run(GroovyMain.java:384)
	at groovy.ui.GroovyMain.process(GroovyMain.java:370)
	at groovy.ui.GroovyMain.processArgs(GroovyMain.java:129)
	at groovy.ui.GroovyMain.main(GroovyMain.java:109)
	at sun.reflect.NativeMethodAccessorImpl.invoke0(Native Method)
	at sun.reflect.NativeMethodAccessorImpl.invoke(NativeMethodAccessorImpl.java:62)
	at sun.reflect.DelegatingMethodAccessorImpl.invoke(DelegatingMethodAccessorImpl.java:43)
	at java.lang.reflect.Method.invoke(Method.java:498)
	at org.codehaus.groovy.tools.GroovyStarter.rootLoader(GroovyStarter.java:109)
	at org.codehaus.groovy.tools.GroovyStarter.main(GroovyStarter.java:131)
)]]></system-err>
      </testcase>
      <testcase name="Test Cases/Final Aug 2018 - PKS Automation/Registration Module/Workflow/New Registration/Employer to RO - RO Submit" classname="Test Cases/Final Aug 2018 - PKS Automation/Registration Module/Workflow/New Registration/Employer to RO - RO Submit" status="PASSED">
         <system-out><![CDATA[2019-01-09 11:53:42 - [TEST_CASE][PASSED] - Test Cases/Final Aug 2018 - PKS Automation/Registration Module/Workflow/New Registration/Employer to RO - RO Submit: Test Cases/Final Aug 2018 - PKS Automation/Registration Module/Workflow/New Registration/Employer to RO - RO Submit

2019-01-09 11:53:43 - [TEST_STEP][PASSED] - callTestCase: Call Test Case 'Test Cases/Final Aug 2018 - PKS Automation/Registration Module/Workflow/New Registration/Template/Special Case - Employer - Form 1' successfully

2019-01-09 11:53:43 - [TEST_CASE][PASSED] - Test Cases/Final Aug 2018 - PKS Automation/Registration Module/Workflow/New Registration/Template/Special Case - Employer - Form 1: Test Cases/Final Aug 2018 - PKS Automation/Registration Module/Workflow/New Registration/Template/Special Case - Employer - Form 1

2019-01-09 11:53:43 - [TEST_STEP][PASSED] - callTestCase: Call Test Case 'Test Cases/Final Aug 2018 - PKS Automation/Create Employer Acc/Create Employer Account' successfully

2019-01-09 11:53:43 - [TEST_CASE][PASSED] - Test Cases/Final Aug 2018 - PKS Automation/Create Employer Acc/Create Employer Account: Test Cases/Final Aug 2018 - PKS Automation/Create Employer Acc/Create Employer Account

2019-01-09 11:53:43 - [TEST_STEP][PASSED] - callTestCase: Call Test Case 'Test Cases/Final Aug 2018 - PKS Automation/Create Employer Acc/Template/Register Employer' successfully

2019-01-09 11:53:43 - [TEST_CASE][PASSED] - Test Cases/Final Aug 2018 - PKS Automation/Create Employer Acc/Template/Register Employer: Test Cases/Final Aug 2018 - PKS Automation/Create Employer Acc/Template/Register Employer

2019-01-09 11:53:43 - [TEST_STEP][PASSED] - openBrowser: Browser is opened with url: ''

2019-01-09 11:53:43 - [MESSAGE][WARNING] - A browser is already opened. Closing browser and opening a new one

2019-01-09 11:53:46 - [MESSAGE][PASSED] - Browser is opened with url: ''

2019-01-09 11:53:46 - [TEST_STEP][PASSED] - navigateToUrl: Navigate to 'https://assist2-uat.perkeso.gov.my/login' successfully

2019-01-09 11:53:47 - [MESSAGE][PASSED] - Navigate to 'https://assist2-uat.perkeso.gov.my/login' successfully

2019-01-09 11:53:47 - [TEST_STEP][PASSED] - setText: Text 'johorotc1@gmail.com' is set on object 'Object Repository/Final Object Repo/Login Page/Internal User/Email Address'

2019-01-09 11:53:47 - [MESSAGE][PASSED] - Text 'johorotc1@gmail.com' is set on object 'Object Repository/Final Object Repo/Login Page/Internal User/Email Address'

2019-01-09 11:53:47 - [TEST_STEP][PASSED] - click: Object: 'Object Repository/Final Object Repo/Login Page/Internal User/Next Button' is clicked on

2019-01-09 11:53:47 - [MESSAGE][PASSED] - Object: 'Object Repository/Final Object Repo/Login Page/Internal User/Next Button' is clicked on

2019-01-09 11:53:47 - [TEST_STEP][PASSED] - delay: Delayed 1 second(s)

2019-01-09 11:53:48 - [MESSAGE][PASSED] - Delayed 1 second(s)

2019-01-09 11:53:48 - [TEST_STEP][PASSED] - setEncryptedText: Text ****** has been set on object 'Object Repository/Final Object Repo/Login Page/Internal User/Password'

2019-01-09 11:53:49 - [MESSAGE][PASSED] - Text ****** has been set on object 'Object Repository/Final Object Repo/Login Page/Internal User/Password'

2019-01-09 11:53:49 - [TEST_STEP][PASSED] - click: Object: 'Object Repository/Final Object Repo/Login Page/Internal User/Login Button' is clicked on

2019-01-09 11:53:49 - [MESSAGE][PASSED] - Object: 'Object Repository/Final Object Repo/Login Page/Internal User/Login Button' is clicked on

2019-01-09 11:53:49 - [TEST_STEP][PASSED] - delay: Delayed 1 second(s)

2019-01-09 11:53:50 - [MESSAGE][PASSED] - Delayed 1 second(s)

2019-01-09 11:53:50 - [TEST_STEP][PASSED] - navigateToUrl: Navigate to 'https://assist2-uat.perkeso.gov.my/web/base/portal-id/registration' successfully

2019-01-09 11:53:52 - [MESSAGE][PASSED] - Navigate to 'https://assist2-uat.perkeso.gov.my/web/base/portal-id/registration' successfully

2019-01-09 11:53:52 - [TEST_STEP][PASSED] - setText: Text 'AUTOMATION EMPLOYER' is set on object 'Object Repository/Final Object Repo/Creating Employer Account/Page_Registration - ASSIST (Base)/Employer Name'

2019-01-09 11:53:52 - [MESSAGE][PASSED] - Text 'AUTOMATION EMPLOYER' is set on object 'Object Repository/Final Object Repo/Creating Employer Account/Page_Registration - ASSIST (Base)/Employer Name'

2019-01-09 11:53:52 - [TEST_STEP][PASSED] - delay: Delayed 2 second(s)

2019-01-09 11:53:54 - [MESSAGE][PASSED] - Delayed 2 second(s)

2019-01-09 11:53:54 - [TEST_STEP][PASSED] - click: Object: 'Object Repository/Final Object Repo/Creating Employer Account/Page_Registration - ASSIST (Base)/Registration Type' is clicked on

2019-01-09 11:53:55 - [MESSAGE][PASSED] - Object: 'Object Repository/Final Object Repo/Creating Employer Account/Page_Registration - ASSIST (Base)/Registration Type' is clicked on

2019-01-09 11:53:55 - [TEST_STEP][PASSED] - delay: Delayed 2 second(s)

2019-01-09 11:53:57 - [MESSAGE][PASSED] - Delayed 2 second(s)

2019-01-09 11:53:57 - [TEST_STEP][PASSED] - click: Object: 'Object Repository/Final Object Repo/Creating Employer Account/Page_Registration - ASSIST (Base)/Registration Type - Registration No' is clicked on

2019-01-09 11:53:57 - [MESSAGE][PASSED] - Object: 'Object Repository/Final Object Repo/Creating Employer Account/Page_Registration - ASSIST (Base)/Registration Type - Registration No' is clicked on

2019-01-09 11:53:57 - [TEST_STEP][PASSED] - delay: Delayed 2 second(s)

2019-01-09 11:53:59 - [MESSAGE][PASSED] - Delayed 2 second(s)

2019-01-09 11:53:59 - [TEST_STEP][PASSED] - setText: Text 'AUTOMATE001' is set on object 'Object Repository/Final Object Repo/Creating Employer Account/Page_Registration - ASSIST (Base)/Registration Number'

2019-01-09 11:53:59 - [MESSAGE][PASSED] - Text 'AUTOMATE001' is set on object 'Object Repository/Final Object Repo/Creating Employer Account/Page_Registration - ASSIST (Base)/Registration Number'

2019-01-09 11:53:59 - [TEST_STEP][PASSED] - delay: Delayed 2 second(s)

2019-01-09 11:54:01 - [MESSAGE][PASSED] - Delayed 2 second(s)

2019-01-09 11:54:01 - [TEST_STEP][PASSED] - setText: Text 'ADDRESS 1' is set on object 'Object Repository/Final Object Repo/Creating Employer Account/Page_Registration - ASSIST (Base)/Postal Address 1'

2019-01-09 11:54:02 - [MESSAGE][PASSED] - Text 'ADDRESS 1' is set on object 'Object Repository/Final Object Repo/Creating Employer Account/Page_Registration - ASSIST (Base)/Postal Address 1'

2019-01-09 11:54:02 - [TEST_STEP][PASSED] - setText: Text 'ADDRESS 2' is set on object 'Object Repository/Final Object Repo/Creating Employer Account/Page_Registration - ASSIST (Base)/Postal Address 2'

2019-01-09 11:54:02 - [MESSAGE][PASSED] - Text 'ADDRESS 2' is set on object 'Object Repository/Final Object Repo/Creating Employer Account/Page_Registration - ASSIST (Base)/Postal Address 2'

2019-01-09 11:54:02 - [TEST_STEP][PASSED] - click: Object: 'Object Repository/Final Object Repo/Creating Employer Account/Page_Registration - ASSIST (Base)/State' is clicked on

2019-01-09 11:54:02 - [MESSAGE][PASSED] - Object: 'Object Repository/Final Object Repo/Creating Employer Account/Page_Registration - ASSIST (Base)/State' is clicked on

2019-01-09 11:54:02 - [TEST_STEP][PASSED] - delay: Delayed 2 second(s)

2019-01-09 11:54:04 - [MESSAGE][PASSED] - Delayed 2 second(s)

2019-01-09 11:54:04 - [TEST_STEP][PASSED] - click: Object: 'Object Repository/Final Object Repo/Creating Employer Account/Page_Registration - ASSIST (Base)/State - Johor' is clicked on

2019-01-09 11:54:04 - [MESSAGE][PASSED] - Object: 'Object Repository/Final Object Repo/Creating Employer Account/Page_Registration - ASSIST (Base)/State - Johor' is clicked on

2019-01-09 11:54:04 - [TEST_STEP][PASSED] - delay: Delayed 2 second(s)

2019-01-09 11:54:06 - [MESSAGE][PASSED] - Delayed 2 second(s)

2019-01-09 11:54:06 - [TEST_STEP][PASSED] - click: Object: 'Object Repository/Final Object Repo/Creating Employer Account/Page_Registration - ASSIST (Base)/City' is clicked on

2019-01-09 11:54:06 - [MESSAGE][PASSED] - Object: 'Object Repository/Final Object Repo/Creating Employer Account/Page_Registration - ASSIST (Base)/City' is clicked on

2019-01-09 11:54:06 - [TEST_STEP][PASSED] - delay: Delayed 2 second(s)

2019-01-09 11:54:08 - [MESSAGE][PASSED] - Delayed 2 second(s)

2019-01-09 11:54:08 - [TEST_STEP][PASSED] - setText: Text 'joh' is set on object 'Object Repository/Final Object Repo/Creating Employer Account/Page_Registration - ASSIST (Base)/City - joh'

2019-01-09 11:54:09 - [MESSAGE][PASSED] - Text 'joh' is set on object 'Object Repository/Final Object Repo/Creating Employer Account/Page_Registration - ASSIST (Base)/City - joh'

2019-01-09 11:54:09 - [TEST_STEP][PASSED] - delay: Delayed 2 second(s)

2019-01-09 11:54:11 - [MESSAGE][PASSED] - Delayed 2 second(s)

2019-01-09 11:54:11 - [TEST_STEP][PASSED] - click: Object: 'Object Repository/Final Object Repo/Creating Employer Account/Page_Registration - ASSIST (Base)/City - Johor Bharu' is clicked on

2019-01-09 11:54:11 - [MESSAGE][PASSED] - Object: 'Object Repository/Final Object Repo/Creating Employer Account/Page_Registration - ASSIST (Base)/City - Johor Bharu' is clicked on

2019-01-09 11:54:11 - [TEST_STEP][PASSED] - delay: Delayed 2 second(s)

2019-01-09 11:54:13 - [MESSAGE][PASSED] - Delayed 2 second(s)

2019-01-09 11:54:13 - [TEST_STEP][PASSED] - click: Object: 'Object Repository/Final Object Repo/Creating Employer Account/Page_Registration - ASSIST (Base)/Post Code' is clicked on

2019-01-09 11:54:13 - [MESSAGE][PASSED] - Object: 'Object Repository/Final Object Repo/Creating Employer Account/Page_Registration - ASSIST (Base)/Post Code' is clicked on

2019-01-09 11:54:13 - [TEST_STEP][PASSED] - delay: Delayed 2 second(s)

2019-01-09 11:54:15 - [MESSAGE][PASSED] - Delayed 2 second(s)

2019-01-09 11:54:15 - [TEST_STEP][PASSED] - setText: Text '810' is set on object 'Object Repository/Final Object Repo/Creating Employer Account/Page_Registration - ASSIST (Base)/Post Code - 810'

2019-01-09 11:54:15 - [MESSAGE][PASSED] - Text '810' is set on object 'Object Repository/Final Object Repo/Creating Employer Account/Page_Registration - ASSIST (Base)/Post Code - 810'

2019-01-09 11:54:15 - [TEST_STEP][PASSED] - delay: Delayed 2 second(s)

2019-01-09 11:54:17 - [MESSAGE][PASSED] - Delayed 2 second(s)

2019-01-09 11:54:17 - [TEST_STEP][PASSED] - click: Object: 'Object Repository/Final Object Repo/Creating Employer Account/Page_Registration - ASSIST (Base)/Post Code - 81000' is clicked on

2019-01-09 11:54:18 - [MESSAGE][PASSED] - Object: 'Object Repository/Final Object Repo/Creating Employer Account/Page_Registration - ASSIST (Base)/Post Code - 81000' is clicked on

2019-01-09 11:54:18 - [TEST_STEP][PASSED] - delay: Delayed 2 second(s)

2019-01-09 11:54:20 - [MESSAGE][PASSED] - Delayed 2 second(s)

2019-01-09 11:54:20 - [TEST_STEP][PASSED] - setText: Text 'PERKESO' is set on object 'Object Repository/Final Object Repo/Creating Employer Account/Page_Registration - ASSIST (Base)/Full Name'

2019-01-09 11:54:20 - [MESSAGE][PASSED] - Text 'PERKESO' is set on object 'Object Repository/Final Object Repo/Creating Employer Account/Page_Registration - ASSIST (Base)/Full Name'

2019-01-09 11:54:20 - [TEST_STEP][PASSED] - Statement - rnd = new java.util.Random(): null

2019-01-09 11:54:20 - [TEST_STEP][PASSED] - Statement - snum = rnd.nextInt(899999 + 1) + 100000: null

2019-01-09 11:54:20 - [TEST_STEP][PASSED] - Statement - tnum = rnd.nextInt(899999 + 1) + 100000: null

2019-01-09 11:54:20 - [TEST_STEP][PASSED] - Statement - IC = java.lang.Integer.toString(snum) + java.lang.Integer.toString(tnum): null

2019-01-09 11:54:20 - [TEST_STEP][PASSED] - Statement - out.println(IC): null

2019-01-09 11:54:20 - [TEST_STEP][PASSED] - setText: Text '130334809839' is set on object 'Object Repository/Final Object Repo/Creating Employer Account/Page_Registration - ASSIST (Base)/Identification Number'

2019-01-09 11:54:20 - [MESSAGE][PASSED] - Text '130334809839' is set on object 'Object Repository/Final Object Repo/Creating Employer Account/Page_Registration - ASSIST (Base)/Identification Number'

2019-01-09 11:54:20 - [TEST_STEP][PASSED] - delay: Delayed 2 second(s)

2019-01-09 11:54:22 - [MESSAGE][PASSED] - Delayed 2 second(s)

2019-01-09 11:54:22 - [TEST_STEP][PASSED] - setText: Text '123456789012' is set on object 'Object Repository/Final Object Repo/Creating Employer Account/Page_Registration - ASSIST (Base)/Contact Number'

2019-01-09 11:54:23 - [MESSAGE][PASSED] - Text '123456789012' is set on object 'Object Repository/Final Object Repo/Creating Employer Account/Page_Registration - ASSIST (Base)/Contact Number'

2019-01-09 11:54:23 - [TEST_STEP][PASSED] - Statement - Email = "perkeso" + IC + "@gmail.com": null

2019-01-09 11:54:23 - [TEST_STEP][PASSED] - delay: Delayed 2 second(s)

2019-01-09 11:54:25 - [MESSAGE][PASSED] - Delayed 2 second(s)

2019-01-09 11:54:25 - [TEST_STEP][PASSED] - callTestCase: Call Test Case 'Test Cases/Final Aug 2018 - PKS Automation/Create Employer Acc/Template/Employer Email Settler' successfully

2019-01-09 11:54:25 - [TEST_CASE][PASSED] - Test Cases/Final Aug 2018 - PKS Automation/Create Employer Acc/Template/Employer Email Settler: Test Cases/Final Aug 2018 - PKS Automation/Create Employer Acc/Template/Employer Email Settler

2019-01-09 11:54:25 - [TEST_STEP][PASSED] - Statement - EmpEmailOld = new java.io.File(C://Users//Admin//Desktop//PKS//Automation Reference Point//EmpEmail.txt): null

2019-01-09 11:54:25 - [TEST_STEP][PASSED] - Statement - EmpEmailOld.delete(): null

2019-01-09 11:54:25 - [TEST_STEP][PASSED] - delay: Delayed 5 second(s)

2019-01-09 11:54:30 - [MESSAGE][PASSED] - Delayed 5 second(s)

2019-01-09 11:54:30 - [TEST_STEP][PASSED] - Statement - EmpEmail = new java.io.File(C://Users//Admin//Desktop//PKS//Automation Reference Point//EmpEmail.txt): null

2019-01-09 11:54:30 - [TEST_STEP][PASSED] - Statement - f2 = new java.io.FileWriter(EmpEmail, false): null

2019-01-09 11:54:30 - [TEST_STEP][PASSED] - Statement - f2.write(Email): null

2019-01-09 11:54:30 - [TEST_STEP][PASSED] - Statement - f2.close(): null

2019-01-09 11:54:30 - [TEST_STEP][PASSED] - Statement - out.println(Email): null

2019-01-09 11:54:30 - [MESSAGE][PASSED] - Call Test Case 'Test Cases/Final Aug 2018 - PKS Automation/Create Employer Acc/Template/Employer Email Settler' successfully

2019-01-09 11:54:30 - [TEST_STEP][PASSED] - delay: Delayed 2 second(s)

2019-01-09 11:54:32 - [MESSAGE][PASSED] - Delayed 2 second(s)

2019-01-09 11:54:32 - [TEST_STEP][PASSED] - setText: Text 'perkeso130334809839@gmail.com' is set on object 'Object Repository/Final Object Repo/Creating Employer Account/Page_Registration - ASSIST (Base)/Email'

2019-01-09 11:54:32 - [MESSAGE][PASSED] - Text 'perkeso130334809839@gmail.com' is set on object 'Object Repository/Final Object Repo/Creating Employer Account/Page_Registration - ASSIST (Base)/Email'

2019-01-09 11:54:32 - [TEST_STEP][PASSED] - setText: Text '123' is set on object 'Object Repository/Final Object Repo/Creating Employer Account/Page_Registration - ASSIST (Base)/Security Phase'

2019-01-09 11:54:32 - [MESSAGE][PASSED] - Text '123' is set on object 'Object Repository/Final Object Repo/Creating Employer Account/Page_Registration - ASSIST (Base)/Security Phase'

2019-01-09 11:54:32 - [TEST_STEP][PASSED] - click: Object: 'Object Repository/Final Object Repo/Creating Employer Account/Page_Registration - ASSIST (Base)/Save  Continue' is clicked on

2019-01-09 11:54:33 - [MESSAGE][PASSED] - Object: 'Object Repository/Final Object Repo/Creating Employer Account/Page_Registration - ASSIST (Base)/Save  Continue' is clicked on

2019-01-09 11:54:33 - [TEST_STEP][PASSED] - delay: Delayed 2 second(s)

2019-01-09 11:54:35 - [MESSAGE][PASSED] - Delayed 2 second(s)

2019-01-09 11:54:35 - [TEST_STEP][PASSED] - click: Object: 'Object Repository/Final Object Repo/Creating Employer Account/Page_Registration - ASSIST (Base)/Add Document' is clicked on

2019-01-09 11:54:35 - [MESSAGE][PASSED] - Object: 'Object Repository/Final Object Repo/Creating Employer Account/Page_Registration - ASSIST (Base)/Add Document' is clicked on

2019-01-09 11:54:35 - [TEST_STEP][PASSED] - delay: Delayed 2 second(s)

2019-01-09 11:54:37 - [MESSAGE][PASSED] - Delayed 2 second(s)

2019-01-09 11:54:37 - [TEST_STEP][PASSED] - click: Object: 'Object Repository/Final Object Repo/Creating Employer Account/Page_Registration - ASSIST (Base)/Document Type' is clicked on

2019-01-09 11:54:37 - [MESSAGE][PASSED] - Object: 'Object Repository/Final Object Repo/Creating Employer Account/Page_Registration - ASSIST (Base)/Document Type' is clicked on

2019-01-09 11:54:37 - [TEST_STEP][PASSED] - delay: Delayed 2 second(s)

2019-01-09 11:54:39 - [MESSAGE][PASSED] - Delayed 2 second(s)

2019-01-09 11:54:39 - [TEST_STEP][PASSED] - click: Object: 'Object Repository/Final Object Repo/Creating Employer Account/Page_Registration - ASSIST (Base)/Document Type - Letter of Authorization' is clicked on

2019-01-09 11:54:39 - [MESSAGE][PASSED] - Object: 'Object Repository/Final Object Repo/Creating Employer Account/Page_Registration - ASSIST (Base)/Document Type - Letter of Authorization' is clicked on

2019-01-09 11:54:39 - [TEST_STEP][PASSED] - delay: Delayed 2 second(s)

2019-01-09 11:54:41 - [MESSAGE][PASSED] - Delayed 2 second(s)

2019-01-09 11:54:41 - [TEST_STEP][PASSED] - sendKeys: Keys 'C:\Users\Public\Pictures\Sample Pictures\Koala.jpg' sent to object: 'Object Repository/Final Object Repo/Creating Employer Account/Page_Registration - ASSIST (Base)/Uploading File'

2019-01-09 11:54:41 - [MESSAGE][PASSED] - Keys 'C:\Users\Public\Pictures\Sample Pictures\Koala.jpg' sent to object: 'Object Repository/Final Object Repo/Creating Employer Account/Page_Registration - ASSIST (Base)/Uploading File'

2019-01-09 11:54:41 - [TEST_STEP][PASSED] - delay: Delayed 2 second(s)

2019-01-09 11:54:43 - [MESSAGE][PASSED] - Delayed 2 second(s)

2019-01-09 11:54:43 - [TEST_STEP][PASSED] - click: Object: 'Object Repository/Final Object Repo/Creating Employer Account/Page_Registration - ASSIST (Base)/Add Document in Uploading File' is clicked on

2019-01-09 11:54:44 - [MESSAGE][PASSED] - Object: 'Object Repository/Final Object Repo/Creating Employer Account/Page_Registration - ASSIST (Base)/Add Document in Uploading File' is clicked on

2019-01-09 11:54:44 - [TEST_STEP][PASSED] - delay: Delayed 2 second(s)

2019-01-09 11:54:46 - [MESSAGE][PASSED] - Delayed 2 second(s)

2019-01-09 11:54:46 - [TEST_STEP][PASSED] - click: Object: 'Object Repository/Final Object Repo/Creating Employer Account/Page_Registration - ASSIST (Base)/Save' is clicked on

2019-01-09 11:54:46 - [MESSAGE][PASSED] - Object: 'Object Repository/Final Object Repo/Creating Employer Account/Page_Registration - ASSIST (Base)/Save' is clicked on

2019-01-09 11:54:46 - [TEST_STEP][PASSED] - delay: Delayed 2 second(s)

2019-01-09 11:54:48 - [MESSAGE][PASSED] - Delayed 2 second(s)

2019-01-09 11:54:48 - [TEST_STEP][PASSED] - click: Object: 'Object Repository/Final Object Repo/Creating Employer Account/Page_Registration - ASSIST (Base)/Submit' is clicked on

2019-01-09 11:54:48 - [MESSAGE][PASSED] - Object: 'Object Repository/Final Object Repo/Creating Employer Account/Page_Registration - ASSIST (Base)/Submit' is clicked on

2019-01-09 11:54:48 - [TEST_STEP][PASSED] - delay: Delayed 2 second(s)

2019-01-09 11:54:50 - [MESSAGE][PASSED] - Delayed 2 second(s)

2019-01-09 11:54:50 - [TEST_STEP][PASSED] - click: Object: 'Object Repository/Final Object Repo/Creating Employer Account/Page_Registration - ASSIST (Base)/Confirm' is clicked on

2019-01-09 11:54:50 - [MESSAGE][PASSED] - Object: 'Object Repository/Final Object Repo/Creating Employer Account/Page_Registration - ASSIST (Base)/Confirm' is clicked on

2019-01-09 11:54:50 - [MESSAGE][PASSED] - Call Test Case 'Test Cases/Final Aug 2018 - PKS Automation/Create Employer Acc/Template/Register Employer' successfully

2019-01-09 11:54:50 - [TEST_STEP][PASSED] - delay: Delayed 1 second(s)

2019-01-09 11:54:51 - [MESSAGE][PASSED] - Delayed 1 second(s)

2019-01-09 11:54:51 - [TEST_STEP][PASSED] - navigateToUrl: Navigate to 'https://assist2-uat.perkeso.gov.my/c/portal/logout' successfully

2019-01-09 11:54:53 - [MESSAGE][PASSED] - Navigate to 'https://assist2-uat.perkeso.gov.my/c/portal/logout' successfully

2019-01-09 11:54:53 - [TEST_STEP][PASSED] - delay: Delayed 1 second(s)

2019-01-09 11:54:54 - [MESSAGE][PASSED] - Delayed 1 second(s)

2019-01-09 11:54:54 - [TEST_STEP][PASSED] - callTestCase: Call Test Case 'Test Cases/Final Aug 2018 - PKS Automation/Create Employer Acc/Template/Change Password of Employer' successfully

2019-01-09 11:54:54 - [TEST_CASE][PASSED] - Test Cases/Final Aug 2018 - PKS Automation/Create Employer Acc/Template/Change Password of Employer: Test Cases/Final Aug 2018 - PKS Automation/Create Employer Acc/Template/Change Password of Employer

2019-01-09 11:54:54 - [TEST_STEP][PASSED] - openBrowser: Browser is opened with url: ''

2019-01-09 11:54:54 - [MESSAGE][WARNING] - A browser is already opened. Closing browser and opening a new one

2019-01-09 11:54:57 - [MESSAGE][PASSED] - Browser is opened with url: ''

2019-01-09 11:54:57 - [TEST_STEP][PASSED] - navigateToUrl: Navigate to 'https://assist2-uat.perkeso.gov.my/login' successfully

2019-01-09 11:54:58 - [MESSAGE][PASSED] - Navigate to 'https://assist2-uat.perkeso.gov.my/login' successfully

2019-01-09 11:54:58 - [TEST_STEP][PASSED] - delay: Delayed 5 second(s)

2019-01-09 11:55:03 - [MESSAGE][PASSED] - Delayed 5 second(s)

2019-01-09 11:55:03 - [TEST_STEP][PASSED] - setText: Text 'test@liferay.com' is set on object 'Object Repository/Final Object Repo/Login Page/Internal User/Email Address'

2019-01-09 11:55:04 - [MESSAGE][PASSED] - Text 'test@liferay.com' is set on object 'Object Repository/Final Object Repo/Login Page/Internal User/Email Address'

2019-01-09 11:55:04 - [TEST_STEP][PASSED] - click: Object: 'Object Repository/Final Object Repo/Login Page/Internal User/Next Button' is clicked on

2019-01-09 11:55:04 - [MESSAGE][PASSED] - Object: 'Object Repository/Final Object Repo/Login Page/Internal User/Next Button' is clicked on

2019-01-09 11:55:04 - [TEST_STEP][PASSED] - delay: Delayed 2 second(s)

2019-01-09 11:55:06 - [MESSAGE][PASSED] - Delayed 2 second(s)

2019-01-09 11:55:06 - [TEST_STEP][PASSED] - setText: Text 'test' is set on object 'Object Repository/Final Object Repo/Login Page/Internal User/Password'

2019-01-09 11:55:06 - [MESSAGE][PASSED] - Text 'test' is set on object 'Object Repository/Final Object Repo/Login Page/Internal User/Password'

2019-01-09 11:55:06 - [TEST_STEP][PASSED] - delay: Delayed 2 second(s)

2019-01-09 11:55:08 - [MESSAGE][PASSED] - Delayed 2 second(s)

2019-01-09 11:55:08 - [TEST_STEP][PASSED] - click: Object: 'Object Repository/Final Object Repo/Login Page/Internal User/Login Button' is clicked on

2019-01-09 11:55:08 - [MESSAGE][PASSED] - Object: 'Object Repository/Final Object Repo/Login Page/Internal User/Login Button' is clicked on

2019-01-09 11:55:08 - [TEST_STEP][PASSED] - delay: Delayed 3 second(s)

2019-01-09 11:55:11 - [MESSAGE][PASSED] - Delayed 3 second(s)

2019-01-09 11:55:11 - [TEST_STEP][PASSED] - navigateToUrl: Navigate to 'https://assist2-uat.perkeso.gov.my/group/control_panel/manage?p_p_id=125&p_p_lifecycle=0&p_p_state=maximized&p_p_mode=view&refererPlid=20455&_125_usersListView=flat-users&_125_toolbarItem=view-all-users&_125_saveUsersListView=true&_125_struts_action=%2Fusers_admin%2Fview' successfully

2019-01-09 11:55:13 - [MESSAGE][PASSED] - Navigate to 'https://assist2-uat.perkeso.gov.my/group/control_panel/manage?p_p_id=125&p_p_lifecycle=0&p_p_state=maximized&p_p_mode=view&refererPlid=20455&_125_usersListView=flat-users&_125_toolbarItem=view-all-users&_125_saveUsersListView=true&_125_struts_action=%2Fusers_admin%2Fview' successfully

2019-01-09 11:55:13 - [TEST_STEP][PASSED] - delay: Delayed 3 second(s)

2019-01-09 11:55:16 - [MESSAGE][PASSED] - Delayed 3 second(s)

2019-01-09 11:55:16 - [TEST_STEP][PASSED] - setText: Text 'perkeso130334809839@gmail.com' is set on object 'Object Repository/Final Object Repo/Creating Employer Account/Page_Users and Organizations - ASSIST/Employer name'

2019-01-09 11:55:16 - [MESSAGE][PASSED] - Text 'perkeso130334809839@gmail.com' is set on object 'Object Repository/Final Object Repo/Creating Employer Account/Page_Users and Organizations - ASSIST/Employer name'

2019-01-09 11:55:16 - [TEST_STEP][PASSED] - delay: Delayed 3 second(s)

2019-01-09 11:55:19 - [MESSAGE][PASSED] - Delayed 3 second(s)

2019-01-09 11:55:19 - [TEST_STEP][PASSED] - click: Object: 'Object Repository/Final Object Repo/Creating Employer Account/Page_Users and Organizations - ASSIST/Search' is clicked on

2019-01-09 11:55:20 - [MESSAGE][PASSED] - Object: 'Object Repository/Final Object Repo/Creating Employer Account/Page_Users and Organizations - ASSIST/Search' is clicked on

2019-01-09 11:55:20 - [TEST_STEP][PASSED] - delay: Delayed 3 second(s)

2019-01-09 11:55:23 - [MESSAGE][PASSED] - Delayed 3 second(s)

2019-01-09 11:55:23 - [TEST_STEP][PASSED] - click: Object: 'Object Repository/Final Object Repo/Creating Employer Account/Page_Users and Organizations - ASSIST/Action' is clicked on

2019-01-09 11:55:23 - [MESSAGE][PASSED] - Object: 'Object Repository/Final Object Repo/Creating Employer Account/Page_Users and Organizations - ASSIST/Action' is clicked on

2019-01-09 11:55:23 - [TEST_STEP][PASSED] - delay: Delayed 3 second(s)

2019-01-09 11:55:26 - [MESSAGE][PASSED] - Delayed 3 second(s)

2019-01-09 11:55:26 - [TEST_STEP][PASSED] - click: Object: 'Object Repository/Final Object Repo/Creating Employer Account/Page_Users and Organizations - ASSIST/Edit' is clicked on

2019-01-09 11:55:27 - [MESSAGE][PASSED] - Object: 'Object Repository/Final Object Repo/Creating Employer Account/Page_Users and Organizations - ASSIST/Edit' is clicked on

2019-01-09 11:55:27 - [TEST_STEP][PASSED] - delay: Delayed 3 second(s)

2019-01-09 11:55:30 - [MESSAGE][PASSED] - Delayed 3 second(s)

2019-01-09 11:55:30 - [TEST_STEP][PASSED] - click: Object: 'Object Repository/Final Object Repo/Creating Employer Account/Page_PERKESO - Users and Organizati/a_Password (Modified)' is clicked on

2019-01-09 11:55:30 - [MESSAGE][PASSED] - Object: 'Object Repository/Final Object Repo/Creating Employer Account/Page_PERKESO - Users and Organizati/a_Password (Modified)' is clicked on

2019-01-09 11:55:30 - [TEST_STEP][PASSED] - delay: Delayed 3 second(s)

2019-01-09 11:55:33 - [MESSAGE][PASSED] - Delayed 3 second(s)

2019-01-09 11:55:33 - [TEST_STEP][PASSED] - setEncryptedText: Text ****** has been set on object 'Object Repository/Final Object Repo/Creating Employer Account/Page_PERKESO - Users and Organizati/input__125_password1'

2019-01-09 11:55:34 - [MESSAGE][PASSED] - Text ****** has been set on object 'Object Repository/Final Object Repo/Creating Employer Account/Page_PERKESO - Users and Organizati/input__125_password1'

2019-01-09 11:55:34 - [TEST_STEP][PASSED] - delay: Delayed 3 second(s)

2019-01-09 11:55:37 - [MESSAGE][PASSED] - Delayed 3 second(s)

2019-01-09 11:55:37 - [TEST_STEP][PASSED] - setEncryptedText: Text ****** has been set on object 'Object Repository/Final Object Repo/Creating Employer Account/Page_PERKESO - Users and Organizati/input__125_password2'

2019-01-09 11:55:37 - [MESSAGE][PASSED] - Text ****** has been set on object 'Object Repository/Final Object Repo/Creating Employer Account/Page_PERKESO - Users and Organizati/input__125_password2'

2019-01-09 11:55:37 - [TEST_STEP][PASSED] - delay: Delayed 3 second(s)

2019-01-09 11:55:40 - [MESSAGE][PASSED] - Delayed 3 second(s)

2019-01-09 11:55:40 - [TEST_STEP][PASSED] - click: Object: 'Object Repository/Final Object Repo/Creating Employer Account/Page_PERKESO - Users and Organizati/Save' is clicked on

2019-01-09 11:55:42 - [MESSAGE][PASSED] - Object: 'Object Repository/Final Object Repo/Creating Employer Account/Page_PERKESO - Users and Organizati/Save' is clicked on

2019-01-09 11:55:42 - [MESSAGE][PASSED] - Call Test Case 'Test Cases/Final Aug 2018 - PKS Automation/Create Employer Acc/Template/Change Password of Employer' successfully

2019-01-09 11:55:42 - [TEST_STEP][PASSED] - delay: Delayed 1 second(s)

2019-01-09 11:55:43 - [MESSAGE][PASSED] - Delayed 1 second(s)

2019-01-09 11:55:43 - [TEST_STEP][PASSED] - navigateToUrl: Navigate to 'https://assist2-uat.perkeso.gov.my/c/portal/logout' successfully

2019-01-09 11:55:44 - [MESSAGE][PASSED] - Navigate to 'https://assist2-uat.perkeso.gov.my/c/portal/logout' successfully

2019-01-09 11:55:44 - [TEST_STEP][PASSED] - delay: Delayed 1 second(s)

2019-01-09 11:55:45 - [MESSAGE][PASSED] - Delayed 1 second(s)

2019-01-09 11:55:45 - [TEST_STEP][PASSED] - callTestCase: Call Test Case 'Test Cases/Final Aug 2018 - PKS Automation/Create Employer Acc/Template/Login to Employer Account (First Time)' successfully

2019-01-09 11:55:45 - [TEST_CASE][PASSED] - Test Cases/Final Aug 2018 - PKS Automation/Create Employer Acc/Template/Login to Employer Account (First Time): Test Cases/Final Aug 2018 - PKS Automation/Create Employer Acc/Template/Login to Employer Account (First Time)

2019-01-09 11:55:45 - [TEST_STEP][PASSED] - openBrowser: Browser is opened with url: ''

2019-01-09 11:55:45 - [MESSAGE][WARNING] - A browser is already opened. Closing browser and opening a new one

2019-01-09 11:55:48 - [MESSAGE][PASSED] - Browser is opened with url: ''

2019-01-09 11:55:48 - [TEST_STEP][PASSED] - navigateToUrl: Navigate to 'https://assist2-uat.perkeso.gov.my/employer/login' successfully

2019-01-09 11:55:49 - [MESSAGE][PASSED] - Navigate to 'https://assist2-uat.perkeso.gov.my/employer/login' successfully

2019-01-09 11:55:49 - [TEST_STEP][PASSED] - delay: Delayed 3 second(s)

2019-01-09 11:55:52 - [MESSAGE][PASSED] - Delayed 3 second(s)

2019-01-09 11:55:52 - [TEST_STEP][PASSED] - callTestCase: Call Test Case 'Test Cases/Final Aug 2018 - PKS Automation/Create Employer Acc/Template/Employer Email Getter' successfully

2019-01-09 11:55:52 - [TEST_CASE][PASSED] - Test Cases/Final Aug 2018 - PKS Automation/Create Employer Acc/Template/Employer Email Getter: Test Cases/Final Aug 2018 - PKS Automation/Create Employer Acc/Template/Employer Email Getter

2019-01-09 11:55:52 - [TEST_STEP][PASSED] - Statement - Try: null

2019-01-09 11:55:52 - [TEST_STEP][PASSED] - Statement - EmpEmail = new java.io.File(C://Users//Admin//Desktop//PKS//Automation Reference Point//EmpEmail.txt): null

2019-01-09 11:55:52 - [TEST_STEP][PASSED] - Statement - bufferread = new java.io.BufferedReader(new java.io.FileReader(EmpEmail)): null

2019-01-09 11:55:52 - [TEST_STEP][PASSED] - Statement - readedVal = bufferread.readLine(): null

2019-01-09 11:55:52 - [TEST_STEP][PASSED] - Statement - out.println(readedVal): null

2019-01-09 11:55:52 - [TEST_STEP][PASSED] - Statement - Email = readedVal: null

2019-01-09 11:55:52 - [MESSAGE][PASSED] - Call Test Case 'Test Cases/Final Aug 2018 - PKS Automation/Create Employer Acc/Template/Employer Email Getter' successfully

2019-01-09 11:55:52 - [TEST_STEP][PASSED] - setText: Text 'perkeso130334809839@gmail.com' is set on object 'Object Repository/Final Object Repo/Login Page/External Login Page/Email'

2019-01-09 11:55:52 - [MESSAGE][PASSED] - Text 'perkeso130334809839@gmail.com' is set on object 'Object Repository/Final Object Repo/Login Page/External Login Page/Email'

2019-01-09 11:55:52 - [TEST_STEP][PASSED] - click: Object: 'Object Repository/Final Object Repo/Login Page/External Login Page/Next' is clicked on

2019-01-09 11:55:53 - [MESSAGE][PASSED] - Object: 'Object Repository/Final Object Repo/Login Page/External Login Page/Next' is clicked on

2019-01-09 11:55:53 - [TEST_STEP][PASSED] - delay: Delayed 3 second(s)

2019-01-09 11:55:56 - [MESSAGE][PASSED] - Delayed 3 second(s)

2019-01-09 11:55:56 - [TEST_STEP][PASSED] - setEncryptedText: Text ****** has been set on object 'Object Repository/Final Object Repo/Login Page/External Login Page/Password'

2019-01-09 11:55:56 - [MESSAGE][PASSED] - Text ****** has been set on object 'Object Repository/Final Object Repo/Login Page/External Login Page/Password'

2019-01-09 11:55:56 - [TEST_STEP][PASSED] - click: Object: 'Object Repository/Final Object Repo/Login Page/External Login Page/Login' is clicked on

2019-01-09 11:55:56 - [MESSAGE][PASSED] - Object: 'Object Repository/Final Object Repo/Login Page/External Login Page/Login' is clicked on

2019-01-09 11:55:56 - [TEST_STEP][PASSED] - delay: Delayed 3 second(s)

2019-01-09 11:55:59 - [MESSAGE][PASSED] - Delayed 3 second(s)

2019-01-09 11:55:59 - [TEST_STEP][PASSED] - click: Object: 'Object Repository/Final Object Repo/Creating Employer Account/Page_Terms of Use - ASSIST/button_I Agree' is clicked on

2019-01-09 11:56:00 - [MESSAGE][PASSED] - Object: 'Object Repository/Final Object Repo/Creating Employer Account/Page_Terms of Use - ASSIST/button_I Agree' is clicked on

2019-01-09 11:56:00 - [TEST_STEP][PASSED] - delay: Delayed 2 second(s)

2019-01-09 11:56:02 - [MESSAGE][PASSED] - Delayed 2 second(s)

2019-01-09 11:56:02 - [TEST_STEP][PASSED] - setEncryptedText: Text ****** has been set on object 'Object Repository/Final Object Repo/Creating Employer Account/Page_New Password - ASSIST/input_password1'

2019-01-09 11:56:02 - [MESSAGE][PASSED] - Text ****** has been set on object 'Object Repository/Final Object Repo/Creating Employer Account/Page_New Password - ASSIST/input_password1'

2019-01-09 11:56:02 - [TEST_STEP][PASSED] - setEncryptedText: Text ****** has been set on object 'Object Repository/Final Object Repo/Creating Employer Account/Page_New Password - ASSIST/input_password2'

2019-01-09 11:56:03 - [MESSAGE][PASSED] - Text ****** has been set on object 'Object Repository/Final Object Repo/Creating Employer Account/Page_New Password - ASSIST/input_password2'

2019-01-09 11:56:03 - [TEST_STEP][PASSED] - delay: Delayed 2 second(s)

2019-01-09 11:56:05 - [MESSAGE][PASSED] - Delayed 2 second(s)

2019-01-09 11:56:05 - [TEST_STEP][PASSED] - click: Object: 'Object Repository/Final Object Repo/Creating Employer Account/Page_New Password - ASSIST/Save' is clicked on

2019-01-09 11:56:05 - [MESSAGE][PASSED] - Object: 'Object Repository/Final Object Repo/Creating Employer Account/Page_New Password - ASSIST/Save' is clicked on

2019-01-09 11:56:05 - [TEST_STEP][PASSED] - delay: Delayed 2 second(s)

2019-01-09 11:56:07 - [MESSAGE][PASSED] - Delayed 2 second(s)

2019-01-09 11:56:07 - [TEST_STEP][PASSED] - setText: Text 'test' is set on object 'Object Repository/Final Object Repo/Creating Employer Account/Page_Password Reminder - ASSIST/Reminder Query Answer'

2019-01-09 11:56:07 - [MESSAGE][PASSED] - Text 'test' is set on object 'Object Repository/Final Object Repo/Creating Employer Account/Page_Password Reminder - ASSIST/Reminder Query Answer'

2019-01-09 11:56:07 - [TEST_STEP][PASSED] - delay: Delayed 2 second(s)

2019-01-09 11:56:09 - [MESSAGE][PASSED] - Delayed 2 second(s)

2019-01-09 11:56:09 - [TEST_STEP][PASSED] - doubleClick: Object: 'Object Repository/Final Object Repo/Creating Employer Account/Page_Password Reminder - ASSIST/Save' is double clicked on

2019-01-09 11:56:09 - [MESSAGE][PASSED] - Object: 'Object Repository/Final Object Repo/Creating Employer Account/Page_Password Reminder - ASSIST/Save' is double clicked on

2019-01-09 11:56:09 - [MESSAGE][PASSED] - Call Test Case 'Test Cases/Final Aug 2018 - PKS Automation/Create Employer Acc/Template/Login to Employer Account (First Time)' successfully

2019-01-09 11:56:09 - [MESSAGE][PASSED] - Call Test Case 'Test Cases/Final Aug 2018 - PKS Automation/Create Employer Acc/Create Employer Account' successfully

2019-01-09 11:56:09 - [TEST_STEP][PASSED] - callTestCase: Call Test Case 'Test Cases/Final Aug 2018 - PKS Automation/Registration Module/Log Out/log out avoiding katalon tagging' successfully

2019-01-09 11:56:09 - [TEST_CASE][PASSED] - Test Cases/Final Aug 2018 - PKS Automation/Registration Module/Log Out/log out avoiding katalon tagging: Test Cases/Final Aug 2018 - PKS Automation/Registration Module/Log Out/log out avoiding katalon tagging

2019-01-09 11:56:09 - [TEST_STEP][PASSED] - navigateToUrl: Navigate to 'https://assist2-uat.perkeso.gov.my/c/portal/logout' successfully

2019-01-09 11:56:12 - [MESSAGE][PASSED] - Navigate to 'https://assist2-uat.perkeso.gov.my/c/portal/logout' successfully

2019-01-09 11:56:12 - [MESSAGE][PASSED] - Call Test Case 'Test Cases/Final Aug 2018 - PKS Automation/Registration Module/Log Out/log out avoiding katalon tagging' successfully

2019-01-09 11:56:12 - [TEST_STEP][PASSED] - callTestCase: Call Test Case 'Test Cases/Final Aug 2018 - PKS Automation/Create Employer Acc/Login to Employer Account (Second time)' successfully

2019-01-09 11:56:12 - [TEST_CASE][PASSED] - Test Cases/Final Aug 2018 - PKS Automation/Create Employer Acc/Login to Employer Account (Second time): Test Cases/Final Aug 2018 - PKS Automation/Create Employer Acc/Login to Employer Account (Second time)

2019-01-09 11:56:12 - [TEST_STEP][PASSED] - openBrowser: Browser is opened with url: ''

2019-01-09 11:56:12 - [MESSAGE][WARNING] - A browser is already opened. Closing browser and opening a new one

2019-01-09 11:56:15 - [MESSAGE][PASSED] - Browser is opened with url: ''

2019-01-09 11:56:15 - [TEST_STEP][PASSED] - navigateToUrl: Navigate to 'https://assist2-uat.perkeso.gov.my/employer/login' successfully

2019-01-09 11:56:16 - [MESSAGE][PASSED] - Navigate to 'https://assist2-uat.perkeso.gov.my/employer/login' successfully

2019-01-09 11:56:16 - [TEST_STEP][PASSED] - delay: Delayed 3 second(s)

2019-01-09 11:56:19 - [MESSAGE][PASSED] - Delayed 3 second(s)

2019-01-09 11:56:19 - [TEST_STEP][PASSED] - callTestCase: Call Test Case 'Test Cases/Final Aug 2018 - PKS Automation/Create Employer Acc/Template/Employer Email Getter' successfully

2019-01-09 11:56:19 - [TEST_CASE][PASSED] - Test Cases/Final Aug 2018 - PKS Automation/Create Employer Acc/Template/Employer Email Getter: Test Cases/Final Aug 2018 - PKS Automation/Create Employer Acc/Template/Employer Email Getter

2019-01-09 11:56:19 - [TEST_STEP][PASSED] - Statement - Try: null

2019-01-09 11:56:19 - [TEST_STEP][PASSED] - Statement - EmpEmail = new java.io.File(C://Users//Admin//Desktop//PKS//Automation Reference Point//EmpEmail.txt): null

2019-01-09 11:56:19 - [TEST_STEP][PASSED] - Statement - bufferread = new java.io.BufferedReader(new java.io.FileReader(EmpEmail)): null

2019-01-09 11:56:19 - [TEST_STEP][PASSED] - Statement - readedVal = bufferread.readLine(): null

2019-01-09 11:56:19 - [TEST_STEP][PASSED] - Statement - out.println(readedVal): null

2019-01-09 11:56:19 - [TEST_STEP][PASSED] - Statement - Email = readedVal: null

2019-01-09 11:56:19 - [MESSAGE][PASSED] - Call Test Case 'Test Cases/Final Aug 2018 - PKS Automation/Create Employer Acc/Template/Employer Email Getter' successfully

2019-01-09 11:56:19 - [TEST_STEP][PASSED] - setText: Text 'perkeso130334809839@gmail.com' is set on object 'Object Repository/Final Object Repo/Login Page/External Login Page/Email'

2019-01-09 11:56:20 - [MESSAGE][PASSED] - Text 'perkeso130334809839@gmail.com' is set on object 'Object Repository/Final Object Repo/Login Page/External Login Page/Email'

2019-01-09 11:56:20 - [TEST_STEP][PASSED] - click: Object: 'Object Repository/Final Object Repo/Login Page/External Login Page/Next' is clicked on

2019-01-09 11:56:20 - [MESSAGE][PASSED] - Object: 'Object Repository/Final Object Repo/Login Page/External Login Page/Next' is clicked on

2019-01-09 11:56:20 - [TEST_STEP][PASSED] - delay: Delayed 3 second(s)

2019-01-09 11:56:23 - [MESSAGE][PASSED] - Delayed 3 second(s)

2019-01-09 11:56:23 - [TEST_STEP][PASSED] - setEncryptedText: Text ****** has been set on object 'Object Repository/Final Object Repo/Login Page/External Login Page/Password'

2019-01-09 11:56:23 - [MESSAGE][PASSED] - Text ****** has been set on object 'Object Repository/Final Object Repo/Login Page/External Login Page/Password'

2019-01-09 11:56:23 - [TEST_STEP][PASSED] - click: Object: 'Object Repository/Final Object Repo/Login Page/External Login Page/Login' is clicked on

2019-01-09 11:56:24 - [MESSAGE][PASSED] - Object: 'Object Repository/Final Object Repo/Login Page/External Login Page/Login' is clicked on

2019-01-09 11:56:24 - [TEST_STEP][PASSED] - delay: Delayed 5 second(s)

2019-01-09 11:56:29 - [MESSAGE][PASSED] - Delayed 5 second(s)

2019-01-09 11:56:29 - [MESSAGE][PASSED] - Call Test Case 'Test Cases/Final Aug 2018 - PKS Automation/Create Employer Acc/Login to Employer Account (Second time)' successfully

2019-01-09 11:56:29 - [TEST_STEP][PASSED] - Statement - Try: null

2019-01-09 11:56:29 - [TEST_STEP][PASSED] - Statement - Checker = com.kms.katalon.core.webui.keyword.WebUiBuiltInKeywords.verifyElementNotPresent("Final Object Repo/Landing Page/Select to English", 3): null

2019-01-09 11:56:29 - [TEST_STEP][PASSED] - Statement - Catch (Exception e): null

2019-01-09 11:56:29 - [TEST_STEP][PASSED] - Statement - e.printStackTrace(): null

2019-01-09 11:56:29 - [TEST_STEP][PASSED] - delay: Delayed 5 second(s)

2019-01-09 11:56:34 - [MESSAGE][PASSED] - Delayed 5 second(s)

2019-01-09 11:56:34 - [TEST_STEP][PASSED] - click: Object: 'Object Repository/Final Object Repo/Landing Page/My Sites Drop Down' is clicked on

2019-01-09 11:56:34 - [MESSAGE][PASSED] - Object: 'Object Repository/Final Object Repo/Landing Page/My Sites Drop Down' is clicked on

2019-01-09 11:56:34 - [TEST_STEP][PASSED] - click: Object: 'Object Repository/Final Object Repo/Landing Page/Select to Registration Module' is clicked on

2019-01-09 11:56:36 - [MESSAGE][PASSED] - Object: 'Object Repository/Final Object Repo/Landing Page/Select to Registration Module' is clicked on

2019-01-09 11:56:36 - [TEST_STEP][PASSED] - click: Object: 'Object Repository/Final Object Repo/Landing Page/Registration Button' is clicked on

2019-01-09 11:56:37 - [MESSAGE][PASSED] - Object: 'Object Repository/Final Object Repo/Landing Page/Registration Button' is clicked on

2019-01-09 11:56:37 - [TEST_STEP][PASSED] - delay: Delayed 2 second(s)

2019-01-09 11:56:39 - [MESSAGE][PASSED] - Delayed 2 second(s)

2019-01-09 11:56:39 - [TEST_STEP][PASSED] - click: Object: 'Object Repository/Final Object Repo/New Registration - Registration Module Pages/New Reg - OTC to RO/Special Case - OTC - Form 1/AEC NO' is clicked on

2019-01-09 11:56:39 - [MESSAGE][PASSED] - Object: 'Object Repository/Final Object Repo/New Registration - Registration Module Pages/New Reg - OTC to RO/Special Case - OTC - Form 1/AEC NO' is clicked on

2019-01-09 11:56:39 - [TEST_STEP][PASSED] - click: Object: 'Object Repository/Final Object Repo/New Registration - Registration Module Pages/New Reg - OTC to RO/Special Case - OTC - Form 1/Business Entity - Please Select' is clicked on

2019-01-09 11:56:40 - [MESSAGE][PASSED] - Object: 'Object Repository/Final Object Repo/New Registration - Registration Module Pages/New Reg - OTC to RO/Special Case - OTC - Form 1/Business Entity - Please Select' is clicked on

2019-01-09 11:56:40 - [TEST_STEP][PASSED] - click: Object: 'Object Repository/Final Object Repo/New Registration - Registration Module Pages/New Reg - OTC to RO/Special Case - OTC - Form 1/Selected - Corporation' is clicked on

2019-01-09 11:56:40 - [MESSAGE][PASSED] - Object: 'Object Repository/Final Object Repo/New Registration - Registration Module Pages/New Reg - OTC to RO/Special Case - OTC - Form 1/Selected - Corporation' is clicked on

2019-01-09 11:56:40 - [TEST_STEP][PASSED] - delay: Delayed 2 second(s)

2019-01-09 11:56:42 - [MESSAGE][PASSED] - Delayed 2 second(s)

2019-01-09 11:56:42 - [TEST_STEP][PASSED] - click: Object: 'Object Repository/Final Object Repo/New Registration - Registration Module Pages/New Reg - OTC to RO/Special Case - OTC - Form 1/Sub Business Entity - Please Select' is clicked on

2019-01-09 11:56:42 - [MESSAGE][PASSED] - Object: 'Object Repository/Final Object Repo/New Registration - Registration Module Pages/New Reg - OTC to RO/Special Case - OTC - Form 1/Sub Business Entity - Please Select' is clicked on

2019-01-09 11:56:42 - [TEST_STEP][PASSED] - delay: Delayed 2 second(s)

2019-01-09 11:56:44 - [MESSAGE][PASSED] - Delayed 2 second(s)

2019-01-09 11:56:44 - [TEST_STEP][PASSED] - click: Object: 'Object Repository/Final Object Repo/New Registration - Registration Module Pages/New Reg - OTC to RO/Special Case - OTC - Form 1/Selected - Sendirian Berhad' is clicked on

2019-01-09 11:56:44 - [MESSAGE][PASSED] - Object: 'Object Repository/Final Object Repo/New Registration - Registration Module Pages/New Reg - OTC to RO/Special Case - OTC - Form 1/Selected - Sendirian Berhad' is clicked on

2019-01-09 11:56:44 - [TEST_STEP][PASSED] - setText: Text 'AUTOMATE001' is set on object 'Object Repository/Final Object Repo/New Registration - Registration Module Pages/New Reg - OTC to RO/Special Case - OTC - Form 1/Input BRN Number'

2019-01-09 11:56:45 - [MESSAGE][PASSED] - Text 'AUTOMATE001' is set on object 'Object Repository/Final Object Repo/New Registration - Registration Module Pages/New Reg - OTC to RO/Special Case - OTC - Form 1/Input BRN Number'

2019-01-09 11:56:45 - [TEST_STEP][PASSED] - delay: Delayed 2 second(s)

2019-01-09 11:56:47 - [MESSAGE][PASSED] - Delayed 2 second(s)

2019-01-09 11:56:47 - [TEST_STEP][PASSED] - click: Object: 'Object Repository/Final Object Repo/New Registration - Registration Module Pages/New Reg - OTC to RO/Special Case - OTC - Form 1/BRN Search' is clicked on

2019-01-09 11:56:47 - [MESSAGE][PASSED] - Object: 'Object Repository/Final Object Repo/New Registration - Registration Module Pages/New Reg - OTC to RO/Special Case - OTC - Form 1/BRN Search' is clicked on

2019-01-09 11:56:47 - [TEST_STEP][PASSED] - delay: Delayed 4 second(s)

2019-01-09 11:56:51 - [MESSAGE][PASSED] - Delayed 4 second(s)

2019-01-09 11:56:51 - [TEST_STEP][PASSED] - click: Object: 'Object Repository/Final Object Repo/New Registration - Registration Module Pages/New Reg - OTC to RO/Special Case - OTC - Form 1/Registered with SSM - After Feb 2017' is clicked on

2019-01-09 11:56:51 - [MESSAGE][PASSED] - Object: 'Object Repository/Final Object Repo/New Registration - Registration Module Pages/New Reg - OTC to RO/Special Case - OTC - Form 1/Registered with SSM - After Feb 2017' is clicked on

2019-01-09 11:56:51 - [TEST_STEP][PASSED] - delay: Delayed 2 second(s)

2019-01-09 11:56:53 - [MESSAGE][PASSED] - Delayed 2 second(s)

2019-01-09 11:56:53 - [TEST_STEP][PASSED] - click: Object: 'Object Repository/Final Object Repo/New Registration - Registration Module Pages/New Reg - OTC to RO/Special Case - OTC - Form 1/Registering As A Branch - No' is clicked on

2019-01-09 11:56:53 - [MESSAGE][PASSED] - Object: 'Object Repository/Final Object Repo/New Registration - Registration Module Pages/New Reg - OTC to RO/Special Case - OTC - Form 1/Registering As A Branch - No' is clicked on

2019-01-09 11:56:53 - [TEST_STEP][PASSED] - click: Object: 'Object Repository/Final Object Repo/New Registration - Registration Module Pages/New Reg - OTC to RO/Special Case - OTC - Form 1/Acknowledgement Ticked' is clicked on

2019-01-09 11:56:54 - [MESSAGE][PASSED] - Object: 'Object Repository/Final Object Repo/New Registration - Registration Module Pages/New Reg - OTC to RO/Special Case - OTC - Form 1/Acknowledgement Ticked' is clicked on

2019-01-09 11:56:54 - [TEST_STEP][PASSED] - delay: Delayed 2 second(s)

2019-01-09 11:56:56 - [MESSAGE][PASSED] - Delayed 2 second(s)

2019-01-09 11:56:56 - [TEST_STEP][PASSED] - callTestCase: Call Test Case 'Test Cases/Final Aug 2018 - PKS Automation/Create Employer Acc/Template/Employer Email Getter' successfully

2019-01-09 11:56:56 - [TEST_CASE][PASSED] - Test Cases/Final Aug 2018 - PKS Automation/Create Employer Acc/Template/Employer Email Getter: Test Cases/Final Aug 2018 - PKS Automation/Create Employer Acc/Template/Employer Email Getter

2019-01-09 11:56:56 - [TEST_STEP][PASSED] - Statement - Try: null

2019-01-09 11:56:56 - [TEST_STEP][PASSED] - Statement - EmpEmail = new java.io.File(C://Users//Admin//Desktop//PKS//Automation Reference Point//EmpEmail.txt): null

2019-01-09 11:56:56 - [TEST_STEP][PASSED] - Statement - bufferread = new java.io.BufferedReader(new java.io.FileReader(EmpEmail)): null

2019-01-09 11:56:56 - [TEST_STEP][PASSED] - Statement - readedVal = bufferread.readLine(): null

2019-01-09 11:56:56 - [TEST_STEP][PASSED] - Statement - out.println(readedVal): null

2019-01-09 11:56:56 - [TEST_STEP][PASSED] - Statement - Email = readedVal: null

2019-01-09 11:56:56 - [MESSAGE][PASSED] - Call Test Case 'Test Cases/Final Aug 2018 - PKS Automation/Create Employer Acc/Template/Employer Email Getter' successfully

2019-01-09 11:56:56 - [TEST_STEP][PASSED] - setText: Text 'perkeso130334809839@gmail.com' is set on object 'Object Repository/Final Object Repo/Creating Employer Account/Email'

2019-01-09 11:56:56 - [MESSAGE][PASSED] - Text 'perkeso130334809839@gmail.com' is set on object 'Object Repository/Final Object Repo/Creating Employer Account/Email'

2019-01-09 11:56:56 - [TEST_STEP][PASSED] - delay: Delayed 2 second(s)

2019-01-09 11:56:58 - [MESSAGE][PASSED] - Delayed 2 second(s)

2019-01-09 11:56:58 - [TEST_STEP][PASSED] - click: Object: 'Object Repository/Final Object Repo/New Registration - Registration Module Pages/New Reg - OTC to RO/Special Case - OTC - Form 1/Submit Button' is clicked on

2019-01-09 11:56:59 - [MESSAGE][PASSED] - Object: 'Object Repository/Final Object Repo/New Registration - Registration Module Pages/New Reg - OTC to RO/Special Case - OTC - Form 1/Submit Button' is clicked on

2019-01-09 11:56:59 - [TEST_STEP][PASSED] - delay: Delayed 2 second(s)

2019-01-09 11:57:01 - [MESSAGE][PASSED] - Delayed 2 second(s)

2019-01-09 11:57:01 - [TEST_STEP][PASSED] - click: Object: 'Object Repository/Final Object Repo/New Registration - Registration Module Pages/New Reg - OTC to RO/Special Case - OTC - Form 1/Confirm No Flagging as Branch' is clicked on

2019-01-09 11:57:01 - [MESSAGE][PASSED] - Object: 'Object Repository/Final Object Repo/New Registration - Registration Module Pages/New Reg - OTC to RO/Special Case - OTC - Form 1/Confirm No Flagging as Branch' is clicked on

2019-01-09 11:57:01 - [MESSAGE][PASSED] - Call Test Case 'Test Cases/Final Aug 2018 - PKS Automation/Registration Module/Workflow/New Registration/Template/Special Case - Employer - Form 1' successfully

2019-01-09 11:57:01 - [TEST_STEP][PASSED] - callTestCase: Call Test Case 'Test Cases/Final Aug 2018 - PKS Automation/Registration Module/New Registration/Form 2/Add 1 Eligible - Employer Account Use' successfully

2019-01-09 11:57:01 - [TEST_CASE][PASSED] - Test Cases/Final Aug 2018 - PKS Automation/Registration Module/New Registration/Form 2/Add 1 Eligible - Employer Account Use: Test Cases/Final Aug 2018 - PKS Automation/Registration Module/New Registration/Form 2/Add 1 Eligible - Employer Account Use

2019-01-09 11:57:01 - [TEST_STEP][PASSED] - delay: Delayed 2 second(s)

2019-01-09 11:57:03 - [MESSAGE][PASSED] - Delayed 2 second(s)

2019-01-09 11:57:03 - [TEST_STEP][PASSED] - callTestCase: Call Test Case 'Test Cases/Final Aug 2018 - PKS Automation/Registration Module/New Registration/Form 2/Date Updater' successfully

2019-01-09 11:57:03 - [TEST_CASE][PASSED] - Test Cases/Final Aug 2018 - PKS Automation/Registration Module/New Registration/Form 2/Date Updater: Test Cases/Final Aug 2018 - PKS Automation/Registration Module/New Registration/Form 2/Date Updater

2019-01-09 11:57:03 - [TEST_STEP][PASSED] - Statement - TodayDate = new java.util.Date(): null

2019-01-09 11:57:03 - [TEST_STEP][PASSED] - Statement - CurrentDateNoFilter = new java.text.SimpleDateFormat(): null

2019-01-09 11:57:03 - [TEST_STEP][PASSED] - Statement - CurrentDateNoFilter.applyPattern("MM"): null

2019-01-09 11:57:03 - [TEST_STEP][PASSED] - Statement - monthContainerMatcher = java.lang.Integer.parseInt(CurrentDateNoFilter.format(TodayDate)): null

2019-01-09 11:57:03 - [TEST_STEP][PASSED] - Statement - monthContainerMatcher = monthContainerMatcher - 1: null

2019-01-09 11:57:03 - [TEST_STEP][PASSED] - Statement - CurrentMonth = monthContainerMatcher.toString(): null

2019-01-09 11:57:03 - [TEST_STEP][PASSED] - Statement - CurrentMonth = CurrentMonth: null

2019-01-09 11:57:03 - [TEST_STEP][PASSED] - Statement - CurrentDateNoFilter.applyPattern("yyyy"): null

2019-01-09 11:57:03 - [TEST_STEP][PASSED] - Statement - CurrentYear = CurrentDateNoFilter.format(TodayDate): null

2019-01-09 11:57:03 - [TEST_STEP][PASSED] - Statement - CurrentYear = CurrentYear: null

2019-01-09 11:57:03 - [TEST_STEP][PASSED] - Statement - intCurrentYear = java.lang.Integer.parseInt(CurrentDateNoFilter.format(TodayDate)): null

2019-01-09 11:57:03 - [TEST_STEP][PASSED] - Statement - eighteenYrsAgo = intCurrentYear - 18: null

2019-01-09 11:57:03 - [TEST_STEP][PASSED] - Statement - eighteenYrsBeforeThisYr = eighteenYrsAgo.toString(): null

2019-01-09 11:57:03 - [TEST_STEP][PASSED] - Statement - EighteenYrsBefore = eighteenYrsBeforeThisYr: null

2019-01-09 11:57:03 - [TEST_STEP][PASSED] - Statement - fiftysevenYrsAgo = intCurrentYear - 57: null

2019-01-09 11:57:03 - [TEST_STEP][PASSED] - Statement - fiftysevenYrsBeforeThisYr = fiftysevenYrsAgo.toString(): null

2019-01-09 11:57:03 - [TEST_STEP][PASSED] - Statement - FiftysevenYrsBefore = fiftysevenYrsBeforeThisYr: null

2019-01-09 11:57:03 - [TEST_STEP][PASSED] - Statement - leapYear = false: null

2019-01-09 11:57:03 - [TEST_STEP][PASSED] - Statement - leapYear = intCurrentYear % 4 == 0: null

2019-01-09 11:57:03 - [TEST_STEP][PASSED] - Statement - CurrentDateNoFilter.applyPattern("dd"): null

2019-01-09 11:57:03 - [TEST_STEP][PASSED] - Statement - CurrentDate = CurrentDateNoFilter.format(TodayDate): null

2019-01-09 11:57:03 - [TEST_STEP][PASSED] - Statement - CurrentDate = java.lang.Integer.parseInt(CurrentDate): null

2019-01-09 11:57:03 - [TEST_STEP][PASSED] - Statement - CurrentDate = CurrentDate: null

2019-01-09 11:57:03 - [TEST_STEP][PASSED] - Statement - CurrentDay = java.lang.Integer.parseInt(CurrentDate): null

2019-01-09 11:57:03 - [TEST_STEP][PASSED] - Statement - ConfAdder = <not implemented yet for class: org.codehaus.groovy.ast.expr.EmptyExpression>: null

2019-01-09 11:57:03 - [TEST_STEP][PASSED] - Statement - out.println(CurrentMonth): null

2019-01-09 11:57:03 - [TEST_STEP][PASSED] - Statement - out.println(CurrentDate): null

2019-01-09 11:57:03 - [TEST_STEP][PASSED] - Statement - switch (CurrentDate): null

2019-01-09 11:57:03 - [TEST_STEP][PASSED] - Statement - Default: null

2019-01-09 11:57:03 - [TEST_STEP][PASSED] - Statement - ConfAdder = true: null

2019-01-09 11:57:03 - [TEST_STEP][PASSED] - Statement - Break: null

2019-01-09 11:57:03 - [TEST_STEP][PASSED] - Statement - aDayBefore = <not implemented yet for class: org.codehaus.groovy.ast.expr.EmptyExpression>: null

2019-01-09 11:57:03 - [TEST_STEP][PASSED] - Statement - out.println(ConfAdder): null

2019-01-09 11:57:03 - [TEST_STEP][PASSED] - Statement - If (ConfAdder == true): null

2019-01-09 11:57:03 - [TEST_STEP][PASSED] - Statement - aDayBefore = CurrentDay + 1: null

2019-01-09 11:57:03 - [TEST_STEP][PASSED] - Statement - out.println(aDayBefore): null

2019-01-09 11:57:03 - [TEST_STEP][PASSED] - Statement - If (aDayBefore == 1 && CurrentMonth == 11): null

2019-01-09 11:57:03 - [TEST_STEP][PASSED] - Statement - DayBefore = aDayBefore.toString(): null

2019-01-09 11:57:03 - [TEST_STEP][PASSED] - Statement - OneDayBefore = DayBefore: null

2019-01-09 11:57:03 - [MESSAGE][PASSED] - Call Test Case 'Test Cases/Final Aug 2018 - PKS Automation/Registration Module/New Registration/Form 2/Date Updater' successfully

2019-01-09 11:57:04 - [TEST_STEP][PASSED] - delay: Delayed 1 second(s)

2019-01-09 11:57:05 - [MESSAGE][PASSED] - Delayed 1 second(s)

2019-01-09 11:57:05 - [TEST_STEP][PASSED] - Statement - CaseReferenceNo = com.kms.katalon.core.webui.keyword.WebUiBuiltInKeywords.getText(com.kms.katalon.core.testobject.ObjectRepository.findTestObject(Final Object Repo/New Registration - Registration Module Pages/Form 2/RefNo Acquiring)): Text of object 'Object Repository/Final Object Repo/New Registration - Registration Module Pages/Form 2/RefNo Acquiring' is: 'CRN01201900123678'

2019-01-09 11:57:05 - [MESSAGE][PASSED] - Text of object 'Object Repository/Final Object Repo/New Registration - Registration Module Pages/Form 2/RefNo Acquiring' is: 'CRN01201900123678'

2019-01-09 11:57:05 - [TEST_STEP][PASSED] - delay: Delayed 1 second(s)

2019-01-09 11:57:06 - [MESSAGE][PASSED] - Delayed 1 second(s)

2019-01-09 11:57:06 - [TEST_STEP][PASSED] - click: Object: 'Object Repository/Final Object Repo/New Registration - Registration Module Pages/Form 2/Add Employee Button' is clicked on

2019-01-09 11:57:06 - [MESSAGE][PASSED] - Object: 'Object Repository/Final Object Repo/New Registration - Registration Module Pages/Form 2/Add Employee Button' is clicked on

2019-01-09 11:57:06 - [TEST_STEP][PASSED] - delay: Delayed 1 second(s)

2019-01-09 11:57:07 - [MESSAGE][PASSED] - Delayed 1 second(s)

2019-01-09 11:57:07 - [TEST_STEP][PASSED] - setText: Text '010903091948' is set on object 'Object Repository/Final Object Repo/New Registration - Registration Module Pages/Form 2/NRIC Input'

2019-01-09 11:57:07 - [MESSAGE][PASSED] - Text '010903091948' is set on object 'Object Repository/Final Object Repo/New Registration - Registration Module Pages/Form 2/NRIC Input'

2019-01-09 11:57:07 - [TEST_STEP][PASSED] - delay: Delayed 2 second(s)

2019-01-09 11:57:09 - [MESSAGE][PASSED] - Delayed 2 second(s)

2019-01-09 11:57:09 - [TEST_STEP][PASSED] - setText: Text 'Automate001 eligible 1' is set on object 'Object Repository/Final Object Repo/New Registration - Registration Module Pages/Form 2/Employee Name Input'

2019-01-09 11:57:10 - [MESSAGE][PASSED] - Text 'Automate001 eligible 1' is set on object 'Object Repository/Final Object Repo/New Registration - Registration Module Pages/Form 2/Employee Name Input'

2019-01-09 11:57:10 - [TEST_STEP][PASSED] - delay: Delayed 2 second(s)

2019-01-09 11:57:12 - [MESSAGE][PASSED] - Delayed 2 second(s)

2019-01-09 11:57:12 - [TEST_STEP][PASSED] - click: Object: 'Object Repository/Final Object Repo/New Registration - Registration Module Pages/Form 2/DatePicker Pop Up' is clicked on

2019-01-09 11:57:12 - [MESSAGE][PASSED] - Object: 'Object Repository/Final Object Repo/New Registration - Registration Module Pages/Form 2/DatePicker Pop Up' is clicked on

2019-01-09 11:57:12 - [TEST_STEP][PASSED] - click: Object: 'Object Repository/Final Object Repo/New Registration - Registration Module Pages/Form 2/DOB Month' is clicked on

2019-01-09 11:57:12 - [MESSAGE][PASSED] - Object: 'Object Repository/Final Object Repo/New Registration - Registration Module Pages/Form 2/DOB Month' is clicked on

2019-01-09 11:57:12 - [TEST_STEP][PASSED] - Statement - CurrentMonth = CurrentMonth: null

2019-01-09 11:57:12 - [TEST_STEP][PASSED] - Statement - selectMonth = new com.kms.katalon.core.testobject.TestObject(): null

2019-01-09 11:57:12 - [TEST_STEP][PASSED] - Statement - selectMonth.addProperty("xpath", EQUALS, "//body/div/div/div/select/option[@value='" + CurrentMonth + "']", true): null

2019-01-09 11:57:12 - [TEST_STEP][PASSED] - click: Object: '' is clicked on

2019-01-09 11:57:12 - [MESSAGE][PASSED] - Object: '' is clicked on

2019-01-09 11:57:12 - [TEST_STEP][PASSED] - click: Object: 'Object Repository/Final Object Repo/New Registration - Registration Module Pages/Form 2/DOB Year' is clicked on

2019-01-09 11:57:13 - [MESSAGE][PASSED] - Object: 'Object Repository/Final Object Repo/New Registration - Registration Module Pages/Form 2/DOB Year' is clicked on

2019-01-09 11:57:13 - [TEST_STEP][PASSED] - Statement - Eyearsbf = EighteenYrsBefore: null

2019-01-09 11:57:13 - [TEST_STEP][PASSED] - Statement - selectYear = new com.kms.katalon.core.testobject.TestObject(): null

2019-01-09 11:57:13 - [TEST_STEP][PASSED] - Statement - selectYear.addProperty("xpath", EQUALS, "//div/div/div/select/option[@value='" + Eyearsbf + "']", true): null

2019-01-09 11:57:13 - [TEST_STEP][PASSED] - click: Object: '' is clicked on

2019-01-09 11:57:13 - [MESSAGE][PASSED] - Object: '' is clicked on

2019-01-09 11:57:13 - [TEST_STEP][PASSED] - Statement - UpdatedSelectDate = com.kms.katalon.core.webui.keyword.WebUiBuiltInKeywords.modifyObjectProperty(com.kms.katalon.core.testobject.ObjectRepository.findTestObject(Final Object Repo/New Registration - Registration Module Pages/Form 2/DOB Date), "xpath", "equals", "//body/div/table/tbody/tr/td/a[text()="" + CurrentDate + ""]", true): Modify property of object successfully

2019-01-09 11:57:13 - [MESSAGE][PASSED] - Modify property of object successfully

2019-01-09 11:57:13 - [TEST_STEP][PASSED] - delay: Delayed 3 second(s)

2019-01-09 11:57:16 - [MESSAGE][PASSED] - Delayed 3 second(s)

2019-01-09 11:57:16 - [TEST_STEP][PASSED] - click: Object: 'Object Repository/Final Object Repo/New Registration - Registration Module Pages/Form 2/DOB Date' is clicked on

2019-01-09 11:57:16 - [MESSAGE][PASSED] - Object: 'Object Repository/Final Object Repo/New Registration - Registration Module Pages/Form 2/DOB Date' is clicked on

2019-01-09 11:57:16 - [TEST_STEP][PASSED] - delay: Delayed 2 second(s)

2019-01-09 11:57:18 - [MESSAGE][PASSED] - Delayed 2 second(s)

2019-01-09 11:57:18 - [TEST_STEP][PASSED] - click: Object: 'Object Repository/Final Object Repo/New Registration - Registration Module Pages/Form 2/EmploymentStartDate Pop Up' is clicked on

2019-01-09 11:57:18 - [MESSAGE][PASSED] - Object: 'Object Repository/Final Object Repo/New Registration - Registration Module Pages/Form 2/EmploymentStartDate Pop Up' is clicked on

2019-01-09 11:57:18 - [TEST_STEP][PASSED] - delay: Delayed 2 second(s)

2019-01-09 11:57:20 - [MESSAGE][PASSED] - Delayed 2 second(s)

2019-01-09 11:57:20 - [TEST_STEP][PASSED] - click: Object: 'Object Repository/Final Object Repo/New Registration - Registration Module Pages/Form 2/Socso Employment StartDate Month' is clicked on

2019-01-09 11:57:20 - [MESSAGE][PASSED] - Object: 'Object Repository/Final Object Repo/New Registration - Registration Module Pages/Form 2/Socso Employment StartDate Month' is clicked on

2019-01-09 11:57:20 - [TEST_STEP][PASSED] - delay: Delayed 1 second(s)

2019-01-09 11:57:21 - [MESSAGE][PASSED] - Delayed 1 second(s)

2019-01-09 11:57:21 - [TEST_STEP][PASSED] - click: Object: 'Object Repository/Final Object Repo/New Registration - Registration Module Pages/Form 2/Select Socso Employement Startdate Month' is clicked on

2019-01-09 11:57:21 - [MESSAGE][PASSED] - Object: 'Object Repository/Final Object Repo/New Registration - Registration Module Pages/Form 2/Select Socso Employement Startdate Month' is clicked on

2019-01-09 11:57:21 - [TEST_STEP][PASSED] - delay: Delayed 2 second(s)

2019-01-09 11:57:23 - [MESSAGE][PASSED] - Delayed 2 second(s)

2019-01-09 11:57:23 - [TEST_STEP][PASSED] - click: Object: 'Object Repository/Final Object Repo/New Registration - Registration Module Pages/Form 2/Socso Employment StartDate Year' is clicked on

2019-01-09 11:57:24 - [MESSAGE][PASSED] - Object: 'Object Repository/Final Object Repo/New Registration - Registration Module Pages/Form 2/Socso Employment StartDate Year' is clicked on

2019-01-09 11:57:24 - [TEST_STEP][PASSED] - delay: Delayed 1 second(s)

2019-01-09 11:57:25 - [MESSAGE][PASSED] - Delayed 1 second(s)

2019-01-09 11:57:25 - [TEST_STEP][PASSED] - click: Object: 'Object Repository/Final Object Repo/New Registration - Registration Module Pages/Form 2/Select Socso Employment Startdate Year' is clicked on

2019-01-09 11:57:25 - [MESSAGE][PASSED] - Object: 'Object Repository/Final Object Repo/New Registration - Registration Module Pages/Form 2/Select Socso Employment Startdate Year' is clicked on

2019-01-09 11:57:25 - [TEST_STEP][PASSED] - delay: Delayed 2 second(s)

2019-01-09 11:57:27 - [MESSAGE][PASSED] - Delayed 2 second(s)

2019-01-09 11:57:27 - [TEST_STEP][PASSED] - click: Object: 'Object Repository/Final Object Repo/New Registration - Registration Module Pages/Form 2/Socso Employment Start Date Day' is clicked on

2019-01-09 11:57:27 - [MESSAGE][PASSED] - Object: 'Object Repository/Final Object Repo/New Registration - Registration Module Pages/Form 2/Socso Employment Start Date Day' is clicked on

2019-01-09 11:57:27 - [TEST_STEP][PASSED] - delay: Delayed 2 second(s)

2019-01-09 11:57:29 - [MESSAGE][PASSED] - Delayed 2 second(s)

2019-01-09 11:57:29 - [TEST_STEP][PASSED] - click: Object: 'Object Repository/Final Object Repo/New Registration - Registration Module Pages/Form 2/Save Button for Add Employee' is clicked on

2019-01-09 11:57:29 - [MESSAGE][PASSED] - Object: 'Object Repository/Final Object Repo/New Registration - Registration Module Pages/Form 2/Save Button for Add Employee' is clicked on

2019-01-09 11:57:29 - [TEST_STEP][PASSED] - delay: Delayed 6 second(s)

2019-01-09 11:57:35 - [MESSAGE][PASSED] - Delayed 6 second(s)

2019-01-09 11:57:35 - [TEST_STEP][PASSED] - click: Object: 'Object Repository/Final Object Repo/New Registration - Registration Module Pages/Form 2/Save and Continue Form 2' is clicked on

2019-01-09 11:57:35 - [MESSAGE][PASSED] - Object: 'Object Repository/Final Object Repo/New Registration - Registration Module Pages/Form 2/Save and Continue Form 2' is clicked on

2019-01-09 11:57:35 - [MESSAGE][PASSED] - Call Test Case 'Test Cases/Final Aug 2018 - PKS Automation/Registration Module/New Registration/Form 2/Add 1 Eligible - Employer Account Use' successfully

2019-01-09 11:57:35 - [TEST_STEP][PASSED] - callTestCase: Call Test Case 'Test Cases/Final Aug 2018 - PKS Automation/Registration Module/New Registration/Flow of New Registration/Third Screen - Upload Supporting Doc - Preview' successfully

2019-01-09 11:57:35 - [TEST_CASE][PASSED] - Test Cases/Final Aug 2018 - PKS Automation/Registration Module/New Registration/Flow of New Registration/Third Screen - Upload Supporting Doc - Preview: Test Cases/Final Aug 2018 - PKS Automation/Registration Module/New Registration/Flow of New Registration/Third Screen - Upload Supporting Doc - Preview

2019-01-09 11:57:35 - [TEST_STEP][PASSED] - waitForPageLoad: Wait for page load successfully

2019-01-09 11:57:36 - [MESSAGE][PASSED] - Wait for page load successfully

2019-01-09 11:57:36 - [TEST_STEP][PASSED] - Statement - CaseReferenceNo = com.kms.katalon.core.webui.keyword.WebUiBuiltInKeywords.getText(com.kms.katalon.core.testobject.ObjectRepository.findTestObject(Final Object Repo/New Registration - Registration Module Pages/Third Screen - Upload Supporting Doc- Preview/RefNo Acquiring)): Text of object 'Object Repository/Final Object Repo/New Registration - Registration Module Pages/Third Screen - Upload Supporting Doc- Preview/RefNo Acquiring' is: 'CRN01201900123678'

2019-01-09 11:57:36 - [MESSAGE][PASSED] - Text of object 'Object Repository/Final Object Repo/New Registration - Registration Module Pages/Third Screen - Upload Supporting Doc- Preview/RefNo Acquiring' is: 'CRN01201900123678'

2019-01-09 11:57:36 - [TEST_STEP][PASSED] - delay: Delayed 2 second(s)

2019-01-09 11:57:38 - [MESSAGE][PASSED] - Delayed 2 second(s)

2019-01-09 11:57:38 - [TEST_STEP][PASSED] - callTestCase: Call Test Case 'Test Cases/Final Aug 2018 - PKS Automation/Common/Reference Number Setter' successfully

2019-01-09 11:57:38 - [TEST_CASE][PASSED] - Test Cases/Final Aug 2018 - PKS Automation/Common/Reference Number Setter: Test Cases/Final Aug 2018 - PKS Automation/Common/Reference Number Setter

2019-01-09 11:57:38 - [TEST_STEP][PASSED] - Statement - RefNoOldFile = new java.io.File(C://Users//Admin//Desktop//PKS//Automation Reference Point//KatalonReference.txt): null

2019-01-09 11:57:38 - [TEST_STEP][PASSED] - Statement - RefNoOldFile.delete(): null

2019-01-09 11:57:38 - [TEST_STEP][PASSED] - delay: Delayed 5 second(s)

2019-01-09 11:57:43 - [MESSAGE][PASSED] - Delayed 5 second(s)

2019-01-09 11:57:43 - [TEST_STEP][PASSED] - Statement - RefNo = new java.io.File(C://Users//Admin//Desktop//PKS//Automation Reference Point//KatalonReference.txt): null

2019-01-09 11:57:43 - [TEST_STEP][PASSED] - Statement - f2 = new java.io.FileWriter(RefNo, false): null

2019-01-09 11:57:43 - [TEST_STEP][PASSED] - Statement - f2.write(CaseReferenceNo): null

2019-01-09 11:57:43 - [TEST_STEP][PASSED] - Statement - f2.close(): null

2019-01-09 11:57:43 - [TEST_STEP][PASSED] - Statement - out.println("


" + CaseReferenceNo + "


"): null

2019-01-09 11:57:43 - [MESSAGE][PASSED] - Call Test Case 'Test Cases/Final Aug 2018 - PKS Automation/Common/Reference Number Setter' successfully

2019-01-09 11:57:43 - [TEST_STEP][PASSED] - waitForElementClickable: Object 'Object Repository/Final Object Repo/New Registration - Registration Module Pages/Third Screen - Upload Supporting Doc- Preview/Save n Continue in SIP Employee Listing Page' is clickable

2019-01-09 11:57:43 - [MESSAGE][PASSED] - Object 'Object Repository/Final Object Repo/New Registration - Registration Module Pages/Third Screen - Upload Supporting Doc- Preview/Save n Continue in SIP Employee Listing Page' is clickable

2019-01-09 11:57:43 - [TEST_STEP][PASSED] - click: Object: 'Object Repository/Final Object Repo/New Registration - Registration Module Pages/Third Screen - Upload Supporting Doc- Preview/Save n Continue in SIP Employee Listing Page' is clicked on

2019-01-09 11:57:49 - [MESSAGE][PASSED] - Object: 'Object Repository/Final Object Repo/New Registration - Registration Module Pages/Third Screen - Upload Supporting Doc- Preview/Save n Continue in SIP Employee Listing Page' is clicked on

2019-01-09 11:57:49 - [TEST_STEP][PASSED] - delay: Delayed 7 second(s)

2019-01-09 11:57:56 - [MESSAGE][PASSED] - Delayed 7 second(s)

2019-01-09 11:57:56 - [TEST_STEP][PASSED] - click: Object: 'Object Repository/Final Object Repo/New Registration - Registration Module Pages/Third Screen - Upload Supporting Doc- Preview/Add Document Button' is clicked on

2019-01-09 11:57:56 - [MESSAGE][PASSED] - Object: 'Object Repository/Final Object Repo/New Registration - Registration Module Pages/Third Screen - Upload Supporting Doc- Preview/Add Document Button' is clicked on

2019-01-09 11:57:56 - [TEST_STEP][PASSED] - delay: Delayed 30 second(s)

2019-01-09 11:58:26 - [MESSAGE][PASSED] - Delayed 30 second(s)

2019-01-09 11:58:26 - [TEST_STEP][PASSED] - click: Object: 'Object Repository/Final Object Repo/New Registration - Registration Module Pages/Third Screen - Upload Supporting Doc- Preview/Supporting Doc Please Select Drop Down' is clicked on

2019-01-09 11:58:26 - [MESSAGE][PASSED] - Object: 'Object Repository/Final Object Repo/New Registration - Registration Module Pages/Third Screen - Upload Supporting Doc- Preview/Supporting Doc Please Select Drop Down' is clicked on

2019-01-09 11:58:26 - [TEST_STEP][PASSED] - delay: Delayed 2 second(s)

2019-01-09 11:58:28 - [MESSAGE][PASSED] - Delayed 2 second(s)

2019-01-09 11:58:28 - [TEST_STEP][PASSED] - click: Object: 'Object Repository/Final Object Repo/New Registration - Registration Module Pages/Third Screen - Upload Supporting Doc- Preview/Select to Upload Form 1' is clicked on

2019-01-09 11:58:29 - [MESSAGE][PASSED] - Object: 'Object Repository/Final Object Repo/New Registration - Registration Module Pages/Third Screen - Upload Supporting Doc- Preview/Select to Upload Form 1' is clicked on

2019-01-09 11:58:29 - [TEST_STEP][PASSED] - delay: Delayed 2 second(s)

2019-01-09 11:58:31 - [MESSAGE][PASSED] - Delayed 2 second(s)

2019-01-09 11:58:31 - [TEST_STEP][PASSED] - uploadFile: File 'C:\Users\Public\Pictures\Sample Pictures\Koala.jpg' sent to object: 'Object Repository/Final Object Repo/New Registration - Registration Module Pages/Third Screen - Upload Supporting Doc- Preview/Upload File Adding'

2019-01-09 11:58:31 - [MESSAGE][PASSED] - File 'C:\Users\Public\Pictures\Sample Pictures\Koala.jpg' sent to object: 'Object Repository/Final Object Repo/New Registration - Registration Module Pages/Third Screen - Upload Supporting Doc- Preview/Upload File Adding'

2019-01-09 11:58:31 - [TEST_STEP][PASSED] - delay: Delayed 5 second(s)

2019-01-09 11:58:36 - [MESSAGE][PASSED] - Delayed 5 second(s)

2019-01-09 11:58:36 - [TEST_STEP][PASSED] - click: Object: 'Object Repository/Final Object Repo/New Registration - Registration Module Pages/Third Screen - Upload Supporting Doc- Preview/Inner Form Add Document Button' is clicked on

2019-01-09 11:58:36 - [MESSAGE][PASSED] - Object: 'Object Repository/Final Object Repo/New Registration - Registration Module Pages/Third Screen - Upload Supporting Doc- Preview/Inner Form Add Document Button' is clicked on

2019-01-09 11:58:36 - [TEST_STEP][PASSED] - delay: Delayed 3 second(s)

2019-01-09 11:58:39 - [MESSAGE][PASSED] - Delayed 3 second(s)

2019-01-09 11:58:39 - [TEST_STEP][PASSED] - click: Object: 'Object Repository/Final Object Repo/New Registration - Registration Module Pages/Third Screen - Upload Supporting Doc- Preview/Add Document Button' is clicked on

2019-01-09 11:58:41 - [MESSAGE][PASSED] - Object: 'Object Repository/Final Object Repo/New Registration - Registration Module Pages/Third Screen - Upload Supporting Doc- Preview/Add Document Button' is clicked on

2019-01-09 11:58:41 - [TEST_STEP][PASSED] - delay: Delayed 30 second(s)

2019-01-09 11:59:11 - [MESSAGE][PASSED] - Delayed 30 second(s)

2019-01-09 11:59:11 - [TEST_STEP][PASSED] - click: Object: 'Object Repository/Final Object Repo/New Registration - Registration Module Pages/Third Screen - Upload Supporting Doc- Preview/Supporting Doc Please Select Drop Down' is clicked on

2019-01-09 11:59:11 - [MESSAGE][PASSED] - Object: 'Object Repository/Final Object Repo/New Registration - Registration Module Pages/Third Screen - Upload Supporting Doc- Preview/Supporting Doc Please Select Drop Down' is clicked on

2019-01-09 11:59:11 - [TEST_STEP][PASSED] - delay: Delayed 4 second(s)

2019-01-09 11:59:15 - [MESSAGE][PASSED] - Delayed 4 second(s)

2019-01-09 11:59:15 - [TEST_STEP][PASSED] - click: Object: 'Object Repository/Final Object Repo/New Registration - Registration Module Pages/Third Screen - Upload Supporting Doc- Preview/Select to Upload Form 2' is clicked on

2019-01-09 11:59:15 - [MESSAGE][PASSED] - Object: 'Object Repository/Final Object Repo/New Registration - Registration Module Pages/Third Screen - Upload Supporting Doc- Preview/Select to Upload Form 2' is clicked on

2019-01-09 11:59:15 - [TEST_STEP][PASSED] - delay: Delayed 2 second(s)

2019-01-09 11:59:17 - [MESSAGE][PASSED] - Delayed 2 second(s)

2019-01-09 11:59:17 - [TEST_STEP][PASSED] - uploadFile: File 'C:\Users\Public\Pictures\Sample Pictures\Koala.jpg' sent to object: 'Object Repository/Final Object Repo/New Registration - Registration Module Pages/Third Screen - Upload Supporting Doc- Preview/Upload File Adding'

2019-01-09 11:59:17 - [MESSAGE][PASSED] - File 'C:\Users\Public\Pictures\Sample Pictures\Koala.jpg' sent to object: 'Object Repository/Final Object Repo/New Registration - Registration Module Pages/Third Screen - Upload Supporting Doc- Preview/Upload File Adding'

2019-01-09 11:59:17 - [TEST_STEP][PASSED] - click: Object: 'Object Repository/Final Object Repo/New Registration - Registration Module Pages/Third Screen - Upload Supporting Doc- Preview/Inner Form Add Document Button' is clicked on

2019-01-09 11:59:17 - [MESSAGE][PASSED] - Object: 'Object Repository/Final Object Repo/New Registration - Registration Module Pages/Third Screen - Upload Supporting Doc- Preview/Inner Form Add Document Button' is clicked on

2019-01-09 11:59:17 - [TEST_STEP][PASSED] - delay: Delayed 5 second(s)

2019-01-09 11:59:22 - [MESSAGE][PASSED] - Delayed 5 second(s)

2019-01-09 11:59:22 - [TEST_STEP][PASSED] - click: Object: 'Object Repository/Final Object Repo/New Registration - Registration Module Pages/Third Screen - Upload Supporting Doc- Preview/Add Document Button' is clicked on

2019-01-09 11:59:22 - [MESSAGE][PASSED] - Object: 'Object Repository/Final Object Repo/New Registration - Registration Module Pages/Third Screen - Upload Supporting Doc- Preview/Add Document Button' is clicked on

2019-01-09 11:59:22 - [TEST_STEP][PASSED] - delay: Delayed 30 second(s)

2019-01-09 11:59:52 - [MESSAGE][PASSED] - Delayed 30 second(s)

2019-01-09 11:59:52 - [TEST_STEP][PASSED] - click: Object: 'Object Repository/Final Object Repo/New Registration - Registration Module Pages/Third Screen - Upload Supporting Doc- Preview/Supporting Doc Please Select Drop Down' is clicked on

2019-01-09 11:59:53 - [MESSAGE][PASSED] - Object: 'Object Repository/Final Object Repo/New Registration - Registration Module Pages/Third Screen - Upload Supporting Doc- Preview/Supporting Doc Please Select Drop Down' is clicked on

2019-01-09 11:59:53 - [TEST_STEP][PASSED] - click: Object: 'Object Repository/Final Object Repo/New Registration - Registration Module Pages/Third Screen - Upload Supporting Doc- Preview/Select to Upload Borang SIP 1' is clicked on

2019-01-09 11:59:53 - [MESSAGE][PASSED] - Object: 'Object Repository/Final Object Repo/New Registration - Registration Module Pages/Third Screen - Upload Supporting Doc- Preview/Select to Upload Borang SIP 1' is clicked on

2019-01-09 11:59:53 - [TEST_STEP][PASSED] - delay: Delayed 2 second(s)

2019-01-09 11:59:55 - [MESSAGE][PASSED] - Delayed 2 second(s)

2019-01-09 11:59:55 - [TEST_STEP][PASSED] - uploadFile: File 'C:\Users\Public\Pictures\Sample Pictures\Koala.jpg' sent to object: 'Object Repository/Final Object Repo/New Registration - Registration Module Pages/Third Screen - Upload Supporting Doc- Preview/Upload File Adding'

2019-01-09 11:59:55 - [MESSAGE][PASSED] - File 'C:\Users\Public\Pictures\Sample Pictures\Koala.jpg' sent to object: 'Object Repository/Final Object Repo/New Registration - Registration Module Pages/Third Screen - Upload Supporting Doc- Preview/Upload File Adding'

2019-01-09 11:59:55 - [TEST_STEP][PASSED] - click: Object: 'Object Repository/Final Object Repo/New Registration - Registration Module Pages/Third Screen - Upload Supporting Doc- Preview/Inner Form Add Document Button' is clicked on

2019-01-09 11:59:55 - [MESSAGE][PASSED] - Object: 'Object Repository/Final Object Repo/New Registration - Registration Module Pages/Third Screen - Upload Supporting Doc- Preview/Inner Form Add Document Button' is clicked on

2019-01-09 11:59:55 - [TEST_STEP][PASSED] - delay: Delayed 5 second(s)

2019-01-09 12:00:00 - [MESSAGE][PASSED] - Delayed 5 second(s)

2019-01-09 12:00:00 - [TEST_STEP][PASSED] - click: Object: 'Object Repository/Final Object Repo/New Registration - Registration Module Pages/Third Screen - Upload Supporting Doc- Preview/Add Document Button' is clicked on

2019-01-09 12:00:00 - [MESSAGE][PASSED] - Object: 'Object Repository/Final Object Repo/New Registration - Registration Module Pages/Third Screen - Upload Supporting Doc- Preview/Add Document Button' is clicked on

2019-01-09 12:00:00 - [TEST_STEP][PASSED] - delay: Delayed 30 second(s)

2019-01-09 12:00:30 - [MESSAGE][PASSED] - Delayed 30 second(s)

2019-01-09 12:00:30 - [TEST_STEP][PASSED] - click: Object: 'Object Repository/Final Object Repo/New Registration - Registration Module Pages/Third Screen - Upload Supporting Doc- Preview/Supporting Doc Please Select Drop Down' is clicked on

2019-01-09 12:00:31 - [MESSAGE][PASSED] - Object: 'Object Repository/Final Object Repo/New Registration - Registration Module Pages/Third Screen - Upload Supporting Doc- Preview/Supporting Doc Please Select Drop Down' is clicked on

2019-01-09 12:00:31 - [TEST_STEP][PASSED] - delay: Delayed 3 second(s)

2019-01-09 12:00:34 - [MESSAGE][PASSED] - Delayed 3 second(s)

2019-01-09 12:00:34 - [TEST_STEP][PASSED] - click: Object: 'Object Repository/Final Object Repo/New Registration - Registration Module Pages/Third Screen - Upload Supporting Doc- Preview/Select to Upload Borang SIP 2' is clicked on

2019-01-09 12:00:34 - [MESSAGE][PASSED] - Object: 'Object Repository/Final Object Repo/New Registration - Registration Module Pages/Third Screen - Upload Supporting Doc- Preview/Select to Upload Borang SIP 2' is clicked on

2019-01-09 12:00:34 - [TEST_STEP][PASSED] - delay: Delayed 2 second(s)

2019-01-09 12:00:36 - [MESSAGE][PASSED] - Delayed 2 second(s)

2019-01-09 12:00:36 - [TEST_STEP][PASSED] - uploadFile: File 'C:\Users\Public\Pictures\Sample Pictures\Koala.jpg' sent to object: 'Object Repository/Final Object Repo/New Registration - Registration Module Pages/Third Screen - Upload Supporting Doc- Preview/Upload File Adding'

2019-01-09 12:00:36 - [MESSAGE][PASSED] - File 'C:\Users\Public\Pictures\Sample Pictures\Koala.jpg' sent to object: 'Object Repository/Final Object Repo/New Registration - Registration Module Pages/Third Screen - Upload Supporting Doc- Preview/Upload File Adding'

2019-01-09 12:00:36 - [TEST_STEP][PASSED] - delay: Delayed 5 second(s)

2019-01-09 12:00:41 - [MESSAGE][PASSED] - Delayed 5 second(s)

2019-01-09 12:00:41 - [TEST_STEP][PASSED] - click: Object: 'Object Repository/Final Object Repo/New Registration - Registration Module Pages/Third Screen - Upload Supporting Doc- Preview/Inner Form Add Document Button' is clicked on

2019-01-09 12:00:41 - [MESSAGE][PASSED] - Object: 'Object Repository/Final Object Repo/New Registration - Registration Module Pages/Third Screen - Upload Supporting Doc- Preview/Inner Form Add Document Button' is clicked on

2019-01-09 12:00:41 - [TEST_STEP][PASSED] - delay: Delayed 3 second(s)

2019-01-09 12:00:44 - [MESSAGE][PASSED] - Delayed 3 second(s)

2019-01-09 12:00:44 - [TEST_STEP][PASSED] - waitForElementClickable: Object 'Object Repository/Final Object Repo/New Registration - Registration Module Pages/Third Screen - Upload Supporting Doc- Preview/Save n Continue in Uploading Supporting Doc Page' is clickable

2019-01-09 12:00:45 - [MESSAGE][PASSED] - Object 'Object Repository/Final Object Repo/New Registration - Registration Module Pages/Third Screen - Upload Supporting Doc- Preview/Save n Continue in Uploading Supporting Doc Page' is clickable

2019-01-09 12:00:45 - [TEST_STEP][PASSED] - click: Object: 'Object Repository/Final Object Repo/New Registration - Registration Module Pages/Third Screen - Upload Supporting Doc- Preview/Save n Continue in Uploading Supporting Doc Page' is clicked on

2019-01-09 12:00:45 - [MESSAGE][PASSED] - Object: 'Object Repository/Final Object Repo/New Registration - Registration Module Pages/Third Screen - Upload Supporting Doc- Preview/Save n Continue in Uploading Supporting Doc Page' is clicked on

2019-01-09 12:00:45 - [MESSAGE][PASSED] - Call Test Case 'Test Cases/Final Aug 2018 - PKS Automation/Registration Module/New Registration/Flow of New Registration/Third Screen - Upload Supporting Doc - Preview' successfully

2019-01-09 12:00:45 - [TEST_STEP][PASSED] - setText: Text 'Tester' is set on object 'Object Repository/Final Object Repo/New Registration - Registration Module Pages/New Reg - OTC to RO/Special Case - All Related Objects/Employer Preview Name'

2019-01-09 12:00:50 - [MESSAGE][PASSED] - Text 'Tester' is set on object 'Object Repository/Final Object Repo/New Registration - Registration Module Pages/New Reg - OTC to RO/Special Case - All Related Objects/Employer Preview Name'

2019-01-09 12:00:50 - [TEST_STEP][PASSED] - click: Object: 'Object Repository/Final Object Repo/New Registration - Registration Module Pages/New Reg - OTC to RO/Special Case - All Related Objects/IC Type Drop Down' is clicked on

2019-01-09 12:00:50 - [MESSAGE][PASSED] - Object: 'Object Repository/Final Object Repo/New Registration - Registration Module Pages/New Reg - OTC to RO/Special Case - All Related Objects/IC Type Drop Down' is clicked on

2019-01-09 12:00:50 - [TEST_STEP][PASSED] - click: Object: 'Object Repository/Final Object Repo/New Registration - Registration Module Pages/New Reg - OTC to RO/Special Case - All Related Objects/Select to NRIC' is clicked on

2019-01-09 12:00:50 - [MESSAGE][PASSED] - Object: 'Object Repository/Final Object Repo/New Registration - Registration Module Pages/New Reg - OTC to RO/Special Case - All Related Objects/Select to NRIC' is clicked on

2019-01-09 12:00:50 - [TEST_STEP][PASSED] - setText: Text '133245561223' is set on object 'Object Repository/Final Object Repo/New Registration - Registration Module Pages/New Reg - OTC to RO/Special Case - All Related Objects/IC Value'

2019-01-09 12:00:51 - [MESSAGE][PASSED] - Text '133245561223' is set on object 'Object Repository/Final Object Repo/New Registration - Registration Module Pages/New Reg - OTC to RO/Special Case - All Related Objects/IC Value'

2019-01-09 12:00:51 - [TEST_STEP][PASSED] - setText: Text 'Auto' is set on object 'Object Repository/Final Object Repo/New Registration - Registration Module Pages/New Reg - OTC to RO/Special Case - All Related Objects/Designation'

2019-01-09 12:00:51 - [MESSAGE][PASSED] - Text 'Auto' is set on object 'Object Repository/Final Object Repo/New Registration - Registration Module Pages/New Reg - OTC to RO/Special Case - All Related Objects/Designation'

2019-01-09 12:00:51 - [TEST_STEP][PASSED] - callTestCase: Call Test Case 'Test Cases/Final Aug 2018 - PKS Automation/Registration Module/New Registration/Submit and Screenshot/Submit Registration and Screenshot' successfully

2019-01-09 12:00:51 - [TEST_CASE][PASSED] - Test Cases/Final Aug 2018 - PKS Automation/Registration Module/New Registration/Submit and Screenshot/Submit Registration and Screenshot: Test Cases/Final Aug 2018 - PKS Automation/Registration Module/New Registration/Submit and Screenshot/Submit Registration and Screenshot

2019-01-09 12:00:51 - [TEST_STEP][PASSED] - delay: Delayed 6 second(s)

2019-01-09 12:00:57 - [MESSAGE][PASSED] - Delayed 6 second(s)

2019-01-09 12:00:57 - [TEST_STEP][PASSED] - click: Object: 'Object Repository/Final Object Repo/New Registration - Registration Module Pages/Third Screen - Upload Supporting Doc- Preview/Preview Submit Button' is clicked on

2019-01-09 12:00:57 - [MESSAGE][PASSED] - Object: 'Object Repository/Final Object Repo/New Registration - Registration Module Pages/Third Screen - Upload Supporting Doc- Preview/Preview Submit Button' is clicked on

2019-01-09 12:00:57 - [TEST_STEP][PASSED] - delay: Delayed 2 second(s)

2019-01-09 12:00:59 - [MESSAGE][PASSED] - Delayed 2 second(s)

2019-01-09 12:00:59 - [TEST_STEP][PASSED] - click: Object: 'Object Repository/Final Object Repo/New Registration - Registration Module Pages/Third Screen - Upload Supporting Doc- Preview/Preview Submit - Confirm' is clicked on

2019-01-09 12:00:59 - [MESSAGE][PASSED] - Object: 'Object Repository/Final Object Repo/New Registration - Registration Module Pages/Third Screen - Upload Supporting Doc- Preview/Preview Submit - Confirm' is clicked on

2019-01-09 12:00:59 - [TEST_STEP][PASSED] - delay: Delayed 15 second(s)

2019-01-09 12:01:14 - [MESSAGE][PASSED] - Delayed 15 second(s)

2019-01-09 12:01:14 - [TEST_STEP][PASSED] - Statement - driver = com.kms.katalon.core.webui.driver.DriverFactory.getWebDriver(): null

2019-01-09 12:01:14 - [TEST_STEP][PASSED] - Statement - driver.manage().timeouts().implicitlyWait(10, SECONDS): null

2019-01-09 12:01:14 - [TEST_STEP][PASSED] - Statement - PresavePath = KatalonScreenshots: null

2019-01-09 12:01:14 - [TEST_STEP][PASSED] - Statement - pathPrefix = "C:\Users\Public\Pictures\Sample Pictures\Katalon Screenshots\Automate Ending Screen": null

2019-01-09 12:01:14 - [TEST_STEP][PASSED] - Statement - finalPath = <not implemented yet for class: org.codehaus.groovy.ast.expr.EmptyExpression>: null

2019-01-09 12:01:14 - [TEST_STEP][PASSED] - Statement - scrFile = driver.getScreenshotAs(FILE): null

2019-01-09 12:01:15 - [TEST_STEP][PASSED] - Statement - PreSaveFile = new java.io.File(PresavePath): null

2019-01-09 12:01:15 - [TEST_STEP][PASSED] - Statement - counter = 0: null

2019-01-09 12:01:15 - [TEST_STEP][PASSED] - Statement - If (PreSaveFile.exists()): null

2019-01-09 12:01:15 - [TEST_STEP][PASSED] - Statement - While (PreSaveFile.exists()): null

2019-01-09 12:01:15 - [TEST_STEP][PASSED] - Statement - counter = counter + 1: null

2019-01-09 12:01:15 - [TEST_STEP][PASSED] - Statement - PreSaveFile = new java.io.File(((pathPrefix + java.lang.Integer.toString(counter)) + .png)): null

2019-01-09 12:01:15 - [TEST_STEP][PASSED] - Statement - counter = counter + 1: null

2019-01-09 12:01:15 - [TEST_STEP][PASSED] - Statement - PreSaveFile = new java.io.File(((pathPrefix + java.lang.Integer.toString(counter)) + .png)): null

2019-01-09 12:01:15 - [TEST_STEP][PASSED] - Statement - counter = counter + 1: null

2019-01-09 12:01:15 - [TEST_STEP][PASSED] - Statement - PreSaveFile = new java.io.File(((pathPrefix + java.lang.Integer.toString(counter)) + .png)): null

2019-01-09 12:01:15 - [TEST_STEP][PASSED] - Statement - counter = counter + 1: null

2019-01-09 12:01:15 - [TEST_STEP][PASSED] - Statement - PreSaveFile = new java.io.File(((pathPrefix + java.lang.Integer.toString(counter)) + .png)): null

2019-01-09 12:01:15 - [TEST_STEP][PASSED] - Statement - counter = counter + 1: null

2019-01-09 12:01:15 - [TEST_STEP][PASSED] - Statement - PreSaveFile = new java.io.File(((pathPrefix + java.lang.Integer.toString(counter)) + .png)): null

2019-01-09 12:01:15 - [TEST_STEP][PASSED] - Statement - counter = counter + 1: null

2019-01-09 12:01:15 - [TEST_STEP][PASSED] - Statement - PreSaveFile = new java.io.File(((pathPrefix + java.lang.Integer.toString(counter)) + .png)): null

2019-01-09 12:01:15 - [TEST_STEP][PASSED] - Statement - counter = counter + 1: null

2019-01-09 12:01:15 - [TEST_STEP][PASSED] - Statement - PreSaveFile = new java.io.File(((pathPrefix + java.lang.Integer.toString(counter)) + .png)): null

2019-01-09 12:01:15 - [TEST_STEP][PASSED] - Statement - counter = counter + 1: null

2019-01-09 12:01:15 - [TEST_STEP][PASSED] - Statement - PreSaveFile = new java.io.File(((pathPrefix + java.lang.Integer.toString(counter)) + .png)): null

2019-01-09 12:01:15 - [TEST_STEP][PASSED] - Statement - counter = counter + 1: null

2019-01-09 12:01:15 - [TEST_STEP][PASSED] - Statement - PreSaveFile = new java.io.File(((pathPrefix + java.lang.Integer.toString(counter)) + .png)): null

2019-01-09 12:01:15 - [TEST_STEP][PASSED] - Statement - counter = counter + 1: null

2019-01-09 12:01:15 - [TEST_STEP][PASSED] - Statement - PreSaveFile = new java.io.File(((pathPrefix + java.lang.Integer.toString(counter)) + .png)): null

2019-01-09 12:01:15 - [TEST_STEP][PASSED] - Statement - counter = counter + 1: null

2019-01-09 12:01:15 - [TEST_STEP][PASSED] - Statement - PreSaveFile = new java.io.File(((pathPrefix + java.lang.Integer.toString(counter)) + .png)): null

2019-01-09 12:01:15 - [TEST_STEP][PASSED] - Statement - counter = counter + 1: null

2019-01-09 12:01:15 - [TEST_STEP][PASSED] - Statement - PreSaveFile = new java.io.File(((pathPrefix + java.lang.Integer.toString(counter)) + .png)): null

2019-01-09 12:01:15 - [TEST_STEP][PASSED] - Statement - counter = counter + 1: null

2019-01-09 12:01:15 - [TEST_STEP][PASSED] - Statement - PreSaveFile = new java.io.File(((pathPrefix + java.lang.Integer.toString(counter)) + .png)): null

2019-01-09 12:01:15 - [TEST_STEP][PASSED] - Statement - counter = counter + 1: null

2019-01-09 12:01:15 - [TEST_STEP][PASSED] - Statement - PreSaveFile = new java.io.File(((pathPrefix + java.lang.Integer.toString(counter)) + .png)): null

2019-01-09 12:01:15 - [TEST_STEP][PASSED] - Statement - counter = counter + 1: null

2019-01-09 12:01:15 - [TEST_STEP][PASSED] - Statement - PreSaveFile = new java.io.File(((pathPrefix + java.lang.Integer.toString(counter)) + .png)): null

2019-01-09 12:01:15 - [TEST_STEP][PASSED] - Statement - counter = counter + 1: null

2019-01-09 12:01:15 - [TEST_STEP][PASSED] - Statement - PreSaveFile = new java.io.File(((pathPrefix + java.lang.Integer.toString(counter)) + .png)): null

2019-01-09 12:01:15 - [TEST_STEP][PASSED] - Statement - counter = counter + 1: null

2019-01-09 12:01:15 - [TEST_STEP][PASSED] - Statement - PreSaveFile = new java.io.File(((pathPrefix + java.lang.Integer.toString(counter)) + .png)): null

2019-01-09 12:01:15 - [TEST_STEP][PASSED] - Statement - counter = counter + 1: null

2019-01-09 12:01:15 - [TEST_STEP][PASSED] - Statement - PreSaveFile = new java.io.File(((pathPrefix + java.lang.Integer.toString(counter)) + .png)): null

2019-01-09 12:01:15 - [TEST_STEP][PASSED] - Statement - counter = counter + 1: null

2019-01-09 12:01:16 - [TEST_STEP][PASSED] - Statement - PreSaveFile = new java.io.File(((pathPrefix + java.lang.Integer.toString(counter)) + .png)): null

2019-01-09 12:01:16 - [TEST_STEP][PASSED] - Statement - counter = counter + 1: null

2019-01-09 12:01:16 - [TEST_STEP][PASSED] - Statement - PreSaveFile = new java.io.File(((pathPrefix + java.lang.Integer.toString(counter)) + .png)): null

2019-01-09 12:01:16 - [TEST_STEP][PASSED] - Statement - counter = counter + 1: null

2019-01-09 12:01:16 - [TEST_STEP][PASSED] - Statement - PreSaveFile = new java.io.File(((pathPrefix + java.lang.Integer.toString(counter)) + .png)): null

2019-01-09 12:01:16 - [TEST_STEP][PASSED] - Statement - counter = counter + 1: null

2019-01-09 12:01:16 - [TEST_STEP][PASSED] - Statement - PreSaveFile = new java.io.File(((pathPrefix + java.lang.Integer.toString(counter)) + .png)): null

2019-01-09 12:01:16 - [TEST_STEP][PASSED] - Statement - counter = counter + 1: null

2019-01-09 12:01:16 - [TEST_STEP][PASSED] - Statement - PreSaveFile = new java.io.File(((pathPrefix + java.lang.Integer.toString(counter)) + .png)): null

2019-01-09 12:01:16 - [TEST_STEP][PASSED] - Statement - counter = counter + 1: null

2019-01-09 12:01:16 - [TEST_STEP][PASSED] - Statement - PreSaveFile = new java.io.File(((pathPrefix + java.lang.Integer.toString(counter)) + .png)): null

2019-01-09 12:01:16 - [TEST_STEP][PASSED] - Statement - counter = counter + 1: null

2019-01-09 12:01:16 - [TEST_STEP][PASSED] - Statement - PreSaveFile = new java.io.File(((pathPrefix + java.lang.Integer.toString(counter)) + .png)): null

2019-01-09 12:01:16 - [TEST_STEP][PASSED] - Statement - counter = counter + 1: null

2019-01-09 12:01:16 - [TEST_STEP][PASSED] - Statement - PreSaveFile = new java.io.File(((pathPrefix + java.lang.Integer.toString(counter)) + .png)): null

2019-01-09 12:01:16 - [TEST_STEP][PASSED] - Statement - counter = counter + 1: null

2019-01-09 12:01:16 - [TEST_STEP][PASSED] - Statement - PreSaveFile = new java.io.File(((pathPrefix + java.lang.Integer.toString(counter)) + .png)): null

2019-01-09 12:01:16 - [TEST_STEP][PASSED] - Statement - counter = counter + 1: null

2019-01-09 12:01:16 - [TEST_STEP][PASSED] - Statement - PreSaveFile = new java.io.File(((pathPrefix + java.lang.Integer.toString(counter)) + .png)): null

2019-01-09 12:01:16 - [TEST_STEP][PASSED] - Statement - counter = counter + 1: null

2019-01-09 12:01:16 - [TEST_STEP][PASSED] - Statement - PreSaveFile = new java.io.File(((pathPrefix + java.lang.Integer.toString(counter)) + .png)): null

2019-01-09 12:01:16 - [TEST_STEP][PASSED] - Statement - counter = counter + 1: null

2019-01-09 12:01:16 - [TEST_STEP][PASSED] - Statement - PreSaveFile = new java.io.File(((pathPrefix + java.lang.Integer.toString(counter)) + .png)): null

2019-01-09 12:01:16 - [TEST_STEP][PASSED] - Statement - counter = counter + 1: null

2019-01-09 12:01:16 - [TEST_STEP][PASSED] - Statement - PreSaveFile = new java.io.File(((pathPrefix + java.lang.Integer.toString(counter)) + .png)): null

2019-01-09 12:01:16 - [TEST_STEP][PASSED] - Statement - counter = counter + 1: null

2019-01-09 12:01:16 - [TEST_STEP][PASSED] - Statement - PreSaveFile = new java.io.File(((pathPrefix + java.lang.Integer.toString(counter)) + .png)): null

2019-01-09 12:01:17 - [TEST_STEP][PASSED] - Statement - counter = counter + 1: null

2019-01-09 12:01:17 - [TEST_STEP][PASSED] - Statement - PreSaveFile = new java.io.File(((pathPrefix + java.lang.Integer.toString(counter)) + .png)): null

2019-01-09 12:01:17 - [TEST_STEP][PASSED] - Statement - counter = counter + 1: null

2019-01-09 12:01:17 - [TEST_STEP][PASSED] - Statement - PreSaveFile = new java.io.File(((pathPrefix + java.lang.Integer.toString(counter)) + .png)): null

2019-01-09 12:01:17 - [TEST_STEP][PASSED] - Statement - counter = counter + 1: null

2019-01-09 12:01:17 - [TEST_STEP][PASSED] - Statement - PreSaveFile = new java.io.File(((pathPrefix + java.lang.Integer.toString(counter)) + .png)): null

2019-01-09 12:01:17 - [TEST_STEP][PASSED] - Statement - counter = counter + 1: null

2019-01-09 12:01:17 - [TEST_STEP][PASSED] - Statement - PreSaveFile = new java.io.File(((pathPrefix + java.lang.Integer.toString(counter)) + .png)): null

2019-01-09 12:01:17 - [TEST_STEP][PASSED] - Statement - counter = counter + 1: null

2019-01-09 12:01:17 - [TEST_STEP][PASSED] - Statement - PreSaveFile = new java.io.File(((pathPrefix + java.lang.Integer.toString(counter)) + .png)): null

2019-01-09 12:01:17 - [TEST_STEP][PASSED] - Statement - counter = counter + 1: null

2019-01-09 12:01:17 - [TEST_STEP][PASSED] - Statement - PreSaveFile = new java.io.File(((pathPrefix + java.lang.Integer.toString(counter)) + .png)): null

2019-01-09 12:01:17 - [TEST_STEP][PASSED] - Statement - counter = counter + 1: null

2019-01-09 12:01:17 - [TEST_STEP][PASSED] - Statement - PreSaveFile = new java.io.File(((pathPrefix + java.lang.Integer.toString(counter)) + .png)): null

2019-01-09 12:01:17 - [TEST_STEP][PASSED] - Statement - counter = counter + 1: null

2019-01-09 12:01:17 - [TEST_STEP][PASSED] - Statement - PreSaveFile = new java.io.File(((pathPrefix + java.lang.Integer.toString(counter)) + .png)): null

2019-01-09 12:01:17 - [TEST_STEP][PASSED] - Statement - counter = counter + 1: null

2019-01-09 12:01:17 - [TEST_STEP][PASSED] - Statement - PreSaveFile = new java.io.File(((pathPrefix + java.lang.Integer.toString(counter)) + .png)): null

2019-01-09 12:01:17 - [TEST_STEP][PASSED] - Statement - counter = counter + 1: null

2019-01-09 12:01:17 - [TEST_STEP][PASSED] - Statement - PreSaveFile = new java.io.File(((pathPrefix + java.lang.Integer.toString(counter)) + .png)): null

2019-01-09 12:01:17 - [TEST_STEP][PASSED] - Statement - counter = counter + 1: null

2019-01-09 12:01:17 - [TEST_STEP][PASSED] - Statement - PreSaveFile = new java.io.File(((pathPrefix + java.lang.Integer.toString(counter)) + .png)): null

2019-01-09 12:01:17 - [TEST_STEP][PASSED] - Statement - counter = counter + 1: null

2019-01-09 12:01:17 - [TEST_STEP][PASSED] - Statement - PreSaveFile = new java.io.File(((pathPrefix + java.lang.Integer.toString(counter)) + .png)): null

2019-01-09 12:01:17 - [TEST_STEP][PASSED] - Statement - counter = counter + 1: null

2019-01-09 12:01:17 - [TEST_STEP][PASSED] - Statement - PreSaveFile = new java.io.File(((pathPrefix + java.lang.Integer.toString(counter)) + .png)): null

2019-01-09 12:01:17 - [TEST_STEP][PASSED] - Statement - counter = counter + 1: null

2019-01-09 12:01:17 - [TEST_STEP][PASSED] - Statement - PreSaveFile = new java.io.File(((pathPrefix + java.lang.Integer.toString(counter)) + .png)): null

2019-01-09 12:01:17 - [TEST_STEP][PASSED] - Statement - counter = counter + 1: null

2019-01-09 12:01:17 - [TEST_STEP][PASSED] - Statement - PreSaveFile = new java.io.File(((pathPrefix + java.lang.Integer.toString(counter)) + .png)): null

2019-01-09 12:01:17 - [TEST_STEP][PASSED] - Statement - counter = counter + 1: null

2019-01-09 12:01:17 - [TEST_STEP][PASSED] - Statement - PreSaveFile = new java.io.File(((pathPrefix + java.lang.Integer.toString(counter)) + .png)): null

2019-01-09 12:01:17 - [TEST_STEP][PASSED] - Statement - counter = counter + 1: null

2019-01-09 12:01:17 - [TEST_STEP][PASSED] - Statement - PreSaveFile = new java.io.File(((pathPrefix + java.lang.Integer.toString(counter)) + .png)): null

2019-01-09 12:01:17 - [TEST_STEP][PASSED] - Statement - counter = counter + 1: null

2019-01-09 12:01:17 - [TEST_STEP][PASSED] - Statement - PreSaveFile = new java.io.File(((pathPrefix + java.lang.Integer.toString(counter)) + .png)): null

2019-01-09 12:01:17 - [TEST_STEP][PASSED] - Statement - counter = counter + 1: null

2019-01-09 12:01:17 - [TEST_STEP][PASSED] - Statement - PreSaveFile = new java.io.File(((pathPrefix + java.lang.Integer.toString(counter)) + .png)): null

2019-01-09 12:01:17 - [TEST_STEP][PASSED] - Statement - counter = counter + 1: null

2019-01-09 12:01:17 - [TEST_STEP][PASSED] - Statement - PreSaveFile = new java.io.File(((pathPrefix + java.lang.Integer.toString(counter)) + .png)): null

2019-01-09 12:01:17 - [TEST_STEP][PASSED] - Statement - counter = counter + 1: null

2019-01-09 12:01:18 - [TEST_STEP][PASSED] - Statement - PreSaveFile = new java.io.File(((pathPrefix + java.lang.Integer.toString(counter)) + .png)): null

2019-01-09 12:01:18 - [TEST_STEP][PASSED] - Statement - counter = counter + 1: null

2019-01-09 12:01:18 - [TEST_STEP][PASSED] - Statement - PreSaveFile = new java.io.File(((pathPrefix + java.lang.Integer.toString(counter)) + .png)): null

2019-01-09 12:01:18 - [TEST_STEP][PASSED] - Statement - counter = counter + 1: null

2019-01-09 12:01:18 - [TEST_STEP][PASSED] - Statement - PreSaveFile = new java.io.File(((pathPrefix + java.lang.Integer.toString(counter)) + .png)): null

2019-01-09 12:01:18 - [TEST_STEP][PASSED] - Statement - counter = counter + 1: null

2019-01-09 12:01:18 - [TEST_STEP][PASSED] - Statement - PreSaveFile = new java.io.File(((pathPrefix + java.lang.Integer.toString(counter)) + .png)): null

2019-01-09 12:01:18 - [TEST_STEP][PASSED] - Statement - counter = counter + 1: null

2019-01-09 12:01:18 - [TEST_STEP][PASSED] - Statement - PreSaveFile = new java.io.File(((pathPrefix + java.lang.Integer.toString(counter)) + .png)): null

2019-01-09 12:01:18 - [TEST_STEP][PASSED] - Statement - counter = counter + 1: null

2019-01-09 12:01:18 - [TEST_STEP][PASSED] - Statement - PreSaveFile = new java.io.File(((pathPrefix + java.lang.Integer.toString(counter)) + .png)): null

2019-01-09 12:01:18 - [TEST_STEP][PASSED] - Statement - finalPath = pathPrefix + java.lang.Integer.toString(counter) + ".png": null

2019-01-09 12:01:18 - [TEST_STEP][PASSED] - Statement - SaveFile = new java.io.File(finalPath): null

2019-01-09 12:01:18 - [TEST_STEP][PASSED] - Statement - Try: null

2019-01-09 12:01:18 - [TEST_STEP][PASSED] - Statement - org.apache.commons.io.FileUtils.copyFile(scrFile, SaveFile): null

2019-01-09 12:01:18 - [TEST_STEP][PASSED] - Statement - out.println("file kept"): null

2019-01-09 12:01:18 - [TEST_STEP][PASSED] - delay: Delayed 10 second(s)

2019-01-09 12:01:28 - [MESSAGE][PASSED] - Delayed 10 second(s)

2019-01-09 12:01:28 - [MESSAGE][PASSED] - Call Test Case 'Test Cases/Final Aug 2018 - PKS Automation/Registration Module/New Registration/Submit and Screenshot/Submit Registration and Screenshot' successfully

2019-01-09 12:01:28 - [TEST_STEP][PASSED] - callTestCase: Call Test Case 'Test Cases/Final Aug 2018 - PKS Automation/Registration Module/Log Out/log out avoiding katalon tagging' successfully

2019-01-09 12:01:28 - [TEST_CASE][PASSED] - Test Cases/Final Aug 2018 - PKS Automation/Registration Module/Log Out/log out avoiding katalon tagging: Test Cases/Final Aug 2018 - PKS Automation/Registration Module/Log Out/log out avoiding katalon tagging

2019-01-09 12:01:28 - [TEST_STEP][PASSED] - navigateToUrl: Navigate to 'https://assist2-uat.perkeso.gov.my/c/portal/logout' successfully

2019-01-09 12:01:29 - [MESSAGE][PASSED] - Navigate to 'https://assist2-uat.perkeso.gov.my/c/portal/logout' successfully

2019-01-09 12:01:29 - [MESSAGE][PASSED] - Call Test Case 'Test Cases/Final Aug 2018 - PKS Automation/Registration Module/Log Out/log out avoiding katalon tagging' successfully

2019-01-09 12:01:29 - [TEST_STEP][PASSED] - callTestCase: Call Test Case 'Test Cases/Final Aug 2018 - PKS Automation/Common/Workflow Owner Finder' successfully

2019-01-09 12:01:29 - [TEST_CASE][PASSED] - Test Cases/Final Aug 2018 - PKS Automation/Common/Workflow Owner Finder: Test Cases/Final Aug 2018 - PKS Automation/Common/Workflow Owner Finder

2019-01-09 12:01:29 - [TEST_STEP][PASSED] - openBrowser: Browser is opened with url: ''

2019-01-09 12:01:29 - [MESSAGE][WARNING] - A browser is already opened. Closing browser and opening a new one

2019-01-09 12:01:32 - [MESSAGE][PASSED] - Browser is opened with url: ''

2019-01-09 12:01:32 - [TEST_STEP][PASSED] - navigateToUrl: Navigate to 'https://assist2-uat.perkeso.gov.my/login' successfully

2019-01-09 12:01:33 - [MESSAGE][PASSED] - Navigate to 'https://assist2-uat.perkeso.gov.my/login' successfully

2019-01-09 12:01:33 - [TEST_STEP][PASSED] - delay: Delayed 5 second(s)

2019-01-09 12:01:38 - [MESSAGE][PASSED] - Delayed 5 second(s)

2019-01-09 12:01:38 - [TEST_STEP][PASSED] - setText: Text 'test@liferay.com' is set on object 'Object Repository/Final Object Repo/Login Page/Internal User/Email Address'

2019-01-09 12:01:38 - [MESSAGE][PASSED] - Text 'test@liferay.com' is set on object 'Object Repository/Final Object Repo/Login Page/Internal User/Email Address'

2019-01-09 12:01:38 - [TEST_STEP][PASSED] - click: Object: 'Object Repository/Final Object Repo/Login Page/Internal User/Next Button' is clicked on

2019-01-09 12:01:38 - [MESSAGE][PASSED] - Object: 'Object Repository/Final Object Repo/Login Page/Internal User/Next Button' is clicked on

2019-01-09 12:01:38 - [TEST_STEP][PASSED] - delay: Delayed 2 second(s)

2019-01-09 12:01:40 - [MESSAGE][PASSED] - Delayed 2 second(s)

2019-01-09 12:01:40 - [TEST_STEP][PASSED] - setText: Text 'test' is set on object 'Object Repository/Final Object Repo/Login Page/Internal User/Password'

2019-01-09 12:01:41 - [MESSAGE][PASSED] - Text 'test' is set on object 'Object Repository/Final Object Repo/Login Page/Internal User/Password'

2019-01-09 12:01:41 - [TEST_STEP][PASSED] - delay: Delayed 2 second(s)

2019-01-09 12:01:43 - [MESSAGE][PASSED] - Delayed 2 second(s)

2019-01-09 12:01:43 - [TEST_STEP][PASSED] - click: Object: 'Object Repository/Final Object Repo/Login Page/Internal User/Login Button' is clicked on

2019-01-09 12:01:43 - [MESSAGE][PASSED] - Object: 'Object Repository/Final Object Repo/Login Page/Internal User/Login Button' is clicked on

2019-01-09 12:01:43 - [TEST_STEP][PASSED] - Statement - tester = com.kms.katalon.core.testobject.ObjectRepository.findTestObject(Final Object Repo/Landing Page/Select to English): Finding Test Object with id 'Object Repository/Final Object Repo/Landing Page/Select to English'

2019-01-09 12:01:43 - [TEST_STEP][PASSED] - Statement - Try: Delayed 2 second(s)

2019-01-09 12:01:43 - [TEST_STEP][PASSED] - Statement - Checker = com.kms.katalon.core.webui.keyword.WebUiBuiltInKeywords.verifyElementNotPresent(tester, 3): Web element with id: 'Object Repository/Final Object Repo/Landing Page/Select to English' located by 'By.xpath: //a[@class = 'taglib-language-list-text' and @lang = 'en-US' and (contains(text(), 'EN') or contains(., 'EN'))]' is not present after '3' second(s)

2019-01-09 12:01:45 - [MESSAGE][PASSED] - Web element with id: 'Object Repository/Final Object Repo/Landing Page/Select to English' located by 'By.xpath: //a[@class = 'taglib-language-list-text' and @lang = 'en-US' and (contains(text(), 'EN') or contains(., 'EN'))]' is not present after '3' second(s)

2019-01-09 12:01:45 - [TEST_STEP][PASSED] - Statement - If (Checker == false): null

2019-01-09 12:01:45 - [TEST_STEP][PASSED] - delay: Delayed 2 second(s)

2019-01-09 12:01:47 - [MESSAGE][PASSED] - Delayed 2 second(s)

2019-01-09 12:01:47 - [TEST_STEP][PASSED] - delay: Delayed 5 second(s)

2019-01-09 12:01:52 - [MESSAGE][PASSED] - Delayed 5 second(s)

2019-01-09 12:01:52 - [TEST_STEP][PASSED] - mouseOver: Object: 'Object Repository/Final Object Repo/Landing Page/WorkFlow Menu' is hovered

2019-01-09 12:01:52 - [MESSAGE][PASSED] - Object: 'Object Repository/Final Object Repo/Landing Page/WorkFlow Menu' is hovered

2019-01-09 12:01:52 - [TEST_STEP][PASSED] - delay: Delayed 2 second(s)

2019-01-09 12:01:54 - [MESSAGE][PASSED] - Delayed 2 second(s)

2019-01-09 12:01:54 - [TEST_STEP][PASSED] - click: Object: 'Object Repository/Final Object Repo/Landing Page/Select to Workflow Listing' is clicked on

2019-01-09 12:01:55 - [MESSAGE][PASSED] - Object: 'Object Repository/Final Object Repo/Landing Page/Select to Workflow Listing' is clicked on

2019-01-09 12:01:55 - [TEST_STEP][PASSED] - delay: Delayed 2 second(s)

2019-01-09 12:01:57 - [MESSAGE][PASSED] - Delayed 2 second(s)

2019-01-09 12:01:57 - [TEST_STEP][PASSED] - click: Object: 'Object Repository/Final Object Repo/WorkFlow Listing Page/Search Information - To Put Ref No' is clicked on

2019-01-09 12:01:57 - [MESSAGE][PASSED] - Object: 'Object Repository/Final Object Repo/WorkFlow Listing Page/Search Information - To Put Ref No' is clicked on

2019-01-09 12:01:57 - [TEST_STEP][PASSED] - delay: Delayed 2 second(s)

2019-01-09 12:01:59 - [MESSAGE][PASSED] - Delayed 2 second(s)

2019-01-09 12:01:59 - [TEST_STEP][PASSED] - callTestCase: Call Test Case 'Test Cases/Final Aug 2018 - PKS Automation/Common/Reference Number Getter' successfully

2019-01-09 12:02:00 - [TEST_CASE][PASSED] - Test Cases/Final Aug 2018 - PKS Automation/Common/Reference Number Getter: Test Cases/Final Aug 2018 - PKS Automation/Common/Reference Number Getter

2019-01-09 12:02:00 - [TEST_STEP][PASSED] - Statement - Try: null

2019-01-09 12:02:00 - [TEST_STEP][PASSED] - Statement - RefNo = new java.io.File(C://Users//Admin//Desktop//PKS//Automation Reference Point//KatalonReference.txt): null

2019-01-09 12:02:00 - [TEST_STEP][PASSED] - Statement - bufferread = new java.io.BufferedReader(new java.io.FileReader(RefNo)): null

2019-01-09 12:02:00 - [TEST_STEP][PASSED] - Statement - readedVal = bufferread.readLine(): null

2019-01-09 12:02:00 - [TEST_STEP][PASSED] - Statement - out.println(CaseReferenceNo): null

2019-01-09 12:02:00 - [TEST_STEP][PASSED] - Statement - out.println(readedVal): null

2019-01-09 12:02:00 - [TEST_STEP][PASSED] - Statement - CaseReferenceNo = "": null

2019-01-09 12:02:00 - [TEST_STEP][PASSED] - Statement - CaseReferenceNo = readedVal: null

2019-01-09 12:02:00 - [MESSAGE][PASSED] - Call Test Case 'Test Cases/Final Aug 2018 - PKS Automation/Common/Reference Number Getter' successfully

2019-01-09 12:02:00 - [TEST_STEP][PASSED] - setText: Text 'CRN01201900123678' is set on object 'Object Repository/Final Object Repo/WorkFlow Listing Page/Ref No Set Text'

2019-01-09 12:02:00 - [MESSAGE][PASSED] - Text 'CRN01201900123678' is set on object 'Object Repository/Final Object Repo/WorkFlow Listing Page/Ref No Set Text'

2019-01-09 12:02:00 - [TEST_STEP][PASSED] - delay: Delayed 2 second(s)

2019-01-09 12:02:02 - [MESSAGE][PASSED] - Delayed 2 second(s)

2019-01-09 12:02:02 - [TEST_STEP][PASSED] - click: Object: 'Object Repository/Final Object Repo/WorkFlow Listing Page/Search Ref No Search Button' is clicked on

2019-01-09 12:02:02 - [MESSAGE][PASSED] - Object: 'Object Repository/Final Object Repo/WorkFlow Listing Page/Search Ref No Search Button' is clicked on

2019-01-09 12:02:02 - [TEST_STEP][PASSED] - delay: Delayed 6 second(s)

2019-01-09 12:02:08 - [MESSAGE][PASSED] - Delayed 6 second(s)

2019-01-09 12:02:08 - [TEST_STEP][PASSED] - click: Object: 'Object Repository/Final Object Repo/WorkFlow Listing Page/Click Continue Tooltip' is clicked on

2019-01-09 12:02:09 - [MESSAGE][PASSED] - Object: 'Object Repository/Final Object Repo/WorkFlow Listing Page/Click Continue Tooltip' is clicked on

2019-01-09 12:02:09 - [TEST_STEP][PASSED] - delay: Delayed 5 second(s)

2019-01-09 12:02:14 - [MESSAGE][PASSED] - Delayed 5 second(s)

2019-01-09 12:02:14 - [TEST_STEP][PASSED] - doubleClick: Object: 'Object Repository/Final Object Repo/WorkFlow Listing Page/Workflow Found - Listing 1' is double clicked on

2019-01-09 12:02:14 - [MESSAGE][PASSED] - Object: 'Object Repository/Final Object Repo/WorkFlow Listing Page/Workflow Found - Listing 1' is double clicked on

2019-01-09 12:02:14 - [TEST_STEP][PASSED] - Statement - println(OwnerID): null

2019-01-09 12:02:14 - [TEST_STEP][PASSED] - Statement - OwnerID = com.kms.katalon.core.webui.keyword.WebUiBuiltInKeywords.getText(com.kms.katalon.core.testobject.ObjectRepository.findTestObject(Final Object Repo/WorkFlow Listing Page/Workflow Found - Listing 1), STOP_ON_FAILURE): Text of object 'Object Repository/Final Object Repo/WorkFlow Listing Page/Workflow Found - Listing 1' is: 'JOHORro1'

2019-01-09 12:02:14 - [MESSAGE][PASSED] - Text of object 'Object Repository/Final Object Repo/WorkFlow Listing Page/Workflow Found - Listing 1' is: 'JOHORro1'

2019-01-09 12:02:14 - [TEST_STEP][PASSED] - Statement - OwnerID = OwnerID.toLowerCase() + "@gmail.com": null

2019-01-09 12:02:14 - [TEST_STEP][PASSED] - Statement - println(OwnerID): null

2019-01-09 12:02:14 - [TEST_STEP][PASSED] - delay: Delayed 2 second(s)

2019-01-09 12:02:16 - [MESSAGE][PASSED] - Delayed 2 second(s)

2019-01-09 12:02:16 - [MESSAGE][PASSED] - Call Test Case 'Test Cases/Final Aug 2018 - PKS Automation/Common/Workflow Owner Finder' successfully

2019-01-09 12:02:16 - [TEST_STEP][PASSED] - callTestCase: Call Test Case 'Test Cases/Final Aug 2018 - PKS Automation/Registration Module/Log Out/log out avoiding katalon tagging' successfully

2019-01-09 12:02:17 - [TEST_CASE][PASSED] - Test Cases/Final Aug 2018 - PKS Automation/Registration Module/Log Out/log out avoiding katalon tagging: Test Cases/Final Aug 2018 - PKS Automation/Registration Module/Log Out/log out avoiding katalon tagging

2019-01-09 12:02:17 - [TEST_STEP][PASSED] - navigateToUrl: Navigate to 'https://assist2-uat.perkeso.gov.my/c/portal/logout' successfully

2019-01-09 12:02:17 - [MESSAGE][PASSED] - Navigate to 'https://assist2-uat.perkeso.gov.my/c/portal/logout' successfully

2019-01-09 12:02:17 - [MESSAGE][PASSED] - Call Test Case 'Test Cases/Final Aug 2018 - PKS Automation/Registration Module/Log Out/log out avoiding katalon tagging' successfully

2019-01-09 12:02:17 - [TEST_STEP][PASSED] - delay: Delayed 2 second(s)

2019-01-09 12:02:19 - [MESSAGE][PASSED] - Delayed 2 second(s)

2019-01-09 12:02:19 - [TEST_STEP][PASSED] - setText: Text 'johorro1@gmail.com' is set on object 'Object Repository/Final Object Repo/New Registration - Registration Module Pages/New Reg - OTC to RO/Special Case - All Related Objects/Email TextBox'

2019-01-09 12:02:20 - [MESSAGE][PASSED] - Text 'johorro1@gmail.com' is set on object 'Object Repository/Final Object Repo/New Registration - Registration Module Pages/New Reg - OTC to RO/Special Case - All Related Objects/Email TextBox'

2019-01-09 12:02:20 - [TEST_STEP][PASSED] - click: Object: 'Object Repository/Final Object Repo/New Registration - Registration Module Pages/New Reg - OTC to RO/Special Case - All Related Objects/Next Button' is clicked on

2019-01-09 12:02:20 - [MESSAGE][PASSED] - Object: 'Object Repository/Final Object Repo/New Registration - Registration Module Pages/New Reg - OTC to RO/Special Case - All Related Objects/Next Button' is clicked on

2019-01-09 12:02:20 - [TEST_STEP][PASSED] - delay: Delayed 2 second(s)

2019-01-09 12:02:22 - [MESSAGE][PASSED] - Delayed 2 second(s)

2019-01-09 12:02:22 - [TEST_STEP][PASSED] - setText: Text 'Test1@3456789' is set on object 'Object Repository/Final Object Repo/New Registration - Registration Module Pages/New Reg - OTC to RO/Special Case - All Related Objects/Password TextBox'

2019-01-09 12:02:22 - [MESSAGE][PASSED] - Text 'Test1@3456789' is set on object 'Object Repository/Final Object Repo/New Registration - Registration Module Pages/New Reg - OTC to RO/Special Case - All Related Objects/Password TextBox'

2019-01-09 12:02:22 - [TEST_STEP][PASSED] - delay: Delayed 2 second(s)

2019-01-09 12:02:24 - [MESSAGE][PASSED] - Delayed 2 second(s)

2019-01-09 12:02:24 - [TEST_STEP][PASSED] - click: Object: 'Object Repository/Final Object Repo/New Registration - Registration Module Pages/New Reg - OTC to RO/Special Case - All Related Objects/Login Button' is clicked on

2019-01-09 12:02:25 - [MESSAGE][PASSED] - Object: 'Object Repository/Final Object Repo/New Registration - Registration Module Pages/New Reg - OTC to RO/Special Case - All Related Objects/Login Button' is clicked on

2019-01-09 12:02:25 - [TEST_STEP][PASSED] - delay: Delayed 2 second(s)

2019-01-09 12:02:27 - [MESSAGE][PASSED] - Delayed 2 second(s)

2019-01-09 12:02:27 - [TEST_STEP][PASSED] - Statement - Try: null

2019-01-09 12:02:27 - [TEST_STEP][PASSED] - Statement - Checker = com.kms.katalon.core.webui.keyword.WebUiBuiltInKeywords.verifyElementNotPresent("Final Object Repo/Landing Page/Select to English", 3): null

2019-01-09 12:02:27 - [TEST_STEP][PASSED] - Statement - Catch (Exception e): null

2019-01-09 12:02:27 - [TEST_STEP][PASSED] - Statement - e.printStackTrace(): null

2019-01-09 12:02:27 - [TEST_STEP][PASSED] - click: Object: 'Object Repository/Final Object Repo/New Registration - Registration Module Pages/New Reg - OTC to RO/Special Case - All Related Objects/Expand to Search' is clicked on

2019-01-09 12:02:27 - [MESSAGE][PASSED] - Object: 'Object Repository/Final Object Repo/New Registration - Registration Module Pages/New Reg - OTC to RO/Special Case - All Related Objects/Expand to Search' is clicked on

2019-01-09 12:02:27 - [TEST_STEP][PASSED] - delay: Delayed 2 second(s)

2019-01-09 12:02:29 - [MESSAGE][PASSED] - Delayed 2 second(s)

2019-01-09 12:02:29 - [TEST_STEP][PASSED] - setText: Text 'CRN01201900123678' is set on object 'Object Repository/Final Object Repo/New Registration - Registration Module Pages/New Reg - OTC to RO/Special Case - All Related Objects/TextBox RefNo in Workbasket'

2019-01-09 12:02:29 - [MESSAGE][PASSED] - Text 'CRN01201900123678' is set on object 'Object Repository/Final Object Repo/New Registration - Registration Module Pages/New Reg - OTC to RO/Special Case - All Related Objects/TextBox RefNo in Workbasket'

2019-01-09 12:02:29 - [TEST_STEP][PASSED] - delay: Delayed 2 second(s)

2019-01-09 12:02:31 - [MESSAGE][PASSED] - Delayed 2 second(s)

2019-01-09 12:02:31 - [TEST_STEP][PASSED] - click: Object: 'Object Repository/Final Object Repo/New Registration - Registration Module Pages/New Reg - OTC to RO/Special Case - All Related Objects/Click Search' is clicked on

2019-01-09 12:02:31 - [MESSAGE][PASSED] - Object: 'Object Repository/Final Object Repo/New Registration - Registration Module Pages/New Reg - OTC to RO/Special Case - All Related Objects/Click Search' is clicked on

2019-01-09 12:02:31 - [TEST_STEP][PASSED] - delay: Delayed 2 second(s)

2019-01-09 12:02:33 - [MESSAGE][PASSED] - Delayed 2 second(s)

2019-01-09 12:02:33 - [TEST_STEP][PASSED] - click: Object: 'Object Repository/Final Object Repo/New Registration - Registration Module Pages/New Reg - OTC to RO/Special Case - All Related Objects/Click to Continue Workflow' is clicked on

2019-01-09 12:02:37 - [MESSAGE][PASSED] - Object: 'Object Repository/Final Object Repo/New Registration - Registration Module Pages/New Reg - OTC to RO/Special Case - All Related Objects/Click to Continue Workflow' is clicked on

2019-01-09 12:02:37 - [TEST_STEP][PASSED] - delay: Delayed 2 second(s)

2019-01-09 12:02:39 - [MESSAGE][PASSED] - Delayed 2 second(s)

2019-01-09 12:02:39 - [TEST_STEP][PASSED] - click: Object: 'Object Repository/Final Object Repo/New Registration - Registration Module Pages/New Reg - OTC to RO/Special Case - All Related Objects/Continue Button in verifying case' is clicked on

2019-01-09 12:02:41 - [MESSAGE][PASSED] - Object: 'Object Repository/Final Object Repo/New Registration - Registration Module Pages/New Reg - OTC to RO/Special Case - All Related Objects/Continue Button in verifying case' is clicked on

2019-01-09 12:02:41 - [TEST_STEP][PASSED] - delay: Delayed 2 second(s)

2019-01-09 12:02:43 - [MESSAGE][PASSED] - Delayed 2 second(s)

2019-01-09 12:02:43 - [TEST_STEP][PASSED] - click: Object: 'Object Repository/Final Object Repo/New Registration - Registration Module Pages/Form 1/Registered As a Branch - Yes' is clicked on

2019-01-09 12:02:43 - [MESSAGE][PASSED] - Object: 'Object Repository/Final Object Repo/New Registration - Registration Module Pages/Form 1/Registered As a Branch - Yes' is clicked on

2019-01-09 12:02:43 - [TEST_STEP][PASSED] - delay: Delayed 2 second(s)

2019-01-09 12:02:45 - [MESSAGE][PASSED] - Delayed 2 second(s)

2019-01-09 12:02:45 - [TEST_STEP][PASSED] - click: Object: 'Object Repository/Final Object Repo/New Registration - Registration Module Pages/New Reg - OTC to RO/Special Case - All Related Objects/Form 1 Save n Continue' is clicked on

2019-01-09 12:02:45 - [MESSAGE][PASSED] - Object: 'Object Repository/Final Object Repo/New Registration - Registration Module Pages/New Reg - OTC to RO/Special Case - All Related Objects/Form 1 Save n Continue' is clicked on

2019-01-09 12:02:45 - [TEST_STEP][PASSED] - delay: Delayed 2 second(s)

2019-01-09 12:02:47 - [MESSAGE][PASSED] - Delayed 2 second(s)

2019-01-09 12:02:47 - [TEST_STEP][PASSED] - click: Object: 'Object Repository/Final Object Repo/New Registration - Registration Module Pages/New Reg - OTC to RO/Special Case - All Related Objects/Form 2 Save n Continue' is clicked on

2019-01-09 12:02:48 - [MESSAGE][PASSED] - Object: 'Object Repository/Final Object Repo/New Registration - Registration Module Pages/New Reg - OTC to RO/Special Case - All Related Objects/Form 2 Save n Continue' is clicked on

2019-01-09 12:02:48 - [TEST_STEP][PASSED] - delay: Delayed 2 second(s)

2019-01-09 12:02:50 - [MESSAGE][PASSED] - Delayed 2 second(s)

2019-01-09 12:02:50 - [TEST_STEP][PASSED] - click: Object: 'Object Repository/Final Object Repo/New Registration - Registration Module Pages/New Reg - OTC to RO/Special Case - All Related Objects/Third Screen Save n Continue' is clicked on

2019-01-09 12:02:55 - [MESSAGE][PASSED] - Object: 'Object Repository/Final Object Repo/New Registration - Registration Module Pages/New Reg - OTC to RO/Special Case - All Related Objects/Third Screen Save n Continue' is clicked on

2019-01-09 12:02:55 - [TEST_STEP][PASSED] - delay: Delayed 5 second(s)

2019-01-09 12:03:00 - [MESSAGE][PASSED] - Delayed 5 second(s)

2019-01-09 12:03:00 - [TEST_STEP][PASSED] - click: Object: 'Object Repository/Final Object Repo/New Registration - Registration Module Pages/New Reg - OTC to RO/Special Case - All Related Objects/Upload Doc Page Save n Continue' is clicked on

2019-01-09 12:03:01 - [MESSAGE][PASSED] - Object: 'Object Repository/Final Object Repo/New Registration - Registration Module Pages/New Reg - OTC to RO/Special Case - All Related Objects/Upload Doc Page Save n Continue' is clicked on

2019-01-09 12:03:01 - [TEST_STEP][PASSED] - callTestCase: Call Test Case 'Test Cases/Final Aug 2018 - PKS Automation/Registration Module/New Registration/Submit and Screenshot/Submit Registration and Screenshot' successfully

2019-01-09 12:03:01 - [TEST_CASE][PASSED] - Test Cases/Final Aug 2018 - PKS Automation/Registration Module/New Registration/Submit and Screenshot/Submit Registration and Screenshot: Test Cases/Final Aug 2018 - PKS Automation/Registration Module/New Registration/Submit and Screenshot/Submit Registration and Screenshot

2019-01-09 12:03:01 - [TEST_STEP][PASSED] - delay: Delayed 6 second(s)

2019-01-09 12:03:07 - [MESSAGE][PASSED] - Delayed 6 second(s)

2019-01-09 12:03:07 - [TEST_STEP][PASSED] - click: Object: 'Object Repository/Final Object Repo/New Registration - Registration Module Pages/Third Screen - Upload Supporting Doc- Preview/Preview Submit Button' is clicked on

2019-01-09 12:03:07 - [MESSAGE][PASSED] - Object: 'Object Repository/Final Object Repo/New Registration - Registration Module Pages/Third Screen - Upload Supporting Doc- Preview/Preview Submit Button' is clicked on

2019-01-09 12:03:07 - [TEST_STEP][PASSED] - delay: Delayed 2 second(s)

2019-01-09 12:03:09 - [MESSAGE][PASSED] - Delayed 2 second(s)

2019-01-09 12:03:09 - [TEST_STEP][PASSED] - click: Object: 'Object Repository/Final Object Repo/New Registration - Registration Module Pages/Third Screen - Upload Supporting Doc- Preview/Preview Submit - Confirm' is clicked on

2019-01-09 12:03:09 - [MESSAGE][PASSED] - Object: 'Object Repository/Final Object Repo/New Registration - Registration Module Pages/Third Screen - Upload Supporting Doc- Preview/Preview Submit - Confirm' is clicked on

2019-01-09 12:03:09 - [TEST_STEP][PASSED] - delay: Delayed 15 second(s)

2019-01-09 12:03:24 - [MESSAGE][PASSED] - Delayed 15 second(s)

2019-01-09 12:03:24 - [TEST_STEP][PASSED] - Statement - driver = com.kms.katalon.core.webui.driver.DriverFactory.getWebDriver(): null

2019-01-09 12:03:24 - [TEST_STEP][PASSED] - Statement - driver.manage().timeouts().implicitlyWait(10, SECONDS): null

2019-01-09 12:03:24 - [TEST_STEP][PASSED] - Statement - PresavePath = KatalonScreenshots: null

2019-01-09 12:03:24 - [TEST_STEP][PASSED] - Statement - pathPrefix = "C:\Users\Public\Pictures\Sample Pictures\Katalon Screenshots\Automate Ending Screen": null

2019-01-09 12:03:24 - [TEST_STEP][PASSED] - Statement - finalPath = <not implemented yet for class: org.codehaus.groovy.ast.expr.EmptyExpression>: null

2019-01-09 12:03:24 - [TEST_STEP][PASSED] - Statement - scrFile = driver.getScreenshotAs(FILE): null

2019-01-09 12:03:24 - [TEST_STEP][PASSED] - Statement - PreSaveFile = new java.io.File(PresavePath): null

2019-01-09 12:03:24 - [TEST_STEP][PASSED] - Statement - counter = 0: null

2019-01-09 12:03:24 - [TEST_STEP][PASSED] - Statement - If (PreSaveFile.exists()): null

2019-01-09 12:03:24 - [TEST_STEP][PASSED] - Statement - While (PreSaveFile.exists()): null

2019-01-09 12:03:24 - [TEST_STEP][PASSED] - Statement - counter = counter + 1: null

2019-01-09 12:03:24 - [TEST_STEP][PASSED] - Statement - PreSaveFile = new java.io.File(((pathPrefix + java.lang.Integer.toString(counter)) + .png)): null

2019-01-09 12:03:24 - [TEST_STEP][PASSED] - Statement - counter = counter + 1: null

2019-01-09 12:03:24 - [TEST_STEP][PASSED] - Statement - PreSaveFile = new java.io.File(((pathPrefix + java.lang.Integer.toString(counter)) + .png)): null

2019-01-09 12:03:24 - [TEST_STEP][PASSED] - Statement - counter = counter + 1: null

2019-01-09 12:03:24 - [TEST_STEP][PASSED] - Statement - PreSaveFile = new java.io.File(((pathPrefix + java.lang.Integer.toString(counter)) + .png)): null

2019-01-09 12:03:24 - [TEST_STEP][PASSED] - Statement - counter = counter + 1: null

2019-01-09 12:03:24 - [TEST_STEP][PASSED] - Statement - PreSaveFile = new java.io.File(((pathPrefix + java.lang.Integer.toString(counter)) + .png)): null

2019-01-09 12:03:24 - [TEST_STEP][PASSED] - Statement - counter = counter + 1: null

2019-01-09 12:03:24 - [TEST_STEP][PASSED] - Statement - PreSaveFile = new java.io.File(((pathPrefix + java.lang.Integer.toString(counter)) + .png)): null

2019-01-09 12:03:24 - [TEST_STEP][PASSED] - Statement - counter = counter + 1: null

2019-01-09 12:03:24 - [TEST_STEP][PASSED] - Statement - PreSaveFile = new java.io.File(((pathPrefix + java.lang.Integer.toString(counter)) + .png)): null

2019-01-09 12:03:24 - [TEST_STEP][PASSED] - Statement - counter = counter + 1: null

2019-01-09 12:03:24 - [TEST_STEP][PASSED] - Statement - PreSaveFile = new java.io.File(((pathPrefix + java.lang.Integer.toString(counter)) + .png)): null

2019-01-09 12:03:24 - [TEST_STEP][PASSED] - Statement - counter = counter + 1: null

2019-01-09 12:03:24 - [TEST_STEP][PASSED] - Statement - PreSaveFile = new java.io.File(((pathPrefix + java.lang.Integer.toString(counter)) + .png)): null

2019-01-09 12:03:24 - [TEST_STEP][PASSED] - Statement - counter = counter + 1: null

2019-01-09 12:03:24 - [TEST_STEP][PASSED] - Statement - PreSaveFile = new java.io.File(((pathPrefix + java.lang.Integer.toString(counter)) + .png)): null

2019-01-09 12:03:24 - [TEST_STEP][PASSED] - Statement - counter = counter + 1: null

2019-01-09 12:03:24 - [TEST_STEP][PASSED] - Statement - PreSaveFile = new java.io.File(((pathPrefix + java.lang.Integer.toString(counter)) + .png)): null

2019-01-09 12:03:24 - [TEST_STEP][PASSED] - Statement - counter = counter + 1: null

2019-01-09 12:03:24 - [TEST_STEP][PASSED] - Statement - PreSaveFile = new java.io.File(((pathPrefix + java.lang.Integer.toString(counter)) + .png)): null

2019-01-09 12:03:24 - [TEST_STEP][PASSED] - Statement - counter = counter + 1: null

2019-01-09 12:03:24 - [TEST_STEP][PASSED] - Statement - PreSaveFile = new java.io.File(((pathPrefix + java.lang.Integer.toString(counter)) + .png)): null

2019-01-09 12:03:24 - [TEST_STEP][PASSED] - Statement - counter = counter + 1: null

2019-01-09 12:03:24 - [TEST_STEP][PASSED] - Statement - PreSaveFile = new java.io.File(((pathPrefix + java.lang.Integer.toString(counter)) + .png)): null

2019-01-09 12:03:24 - [TEST_STEP][PASSED] - Statement - counter = counter + 1: null

2019-01-09 12:03:24 - [TEST_STEP][PASSED] - Statement - PreSaveFile = new java.io.File(((pathPrefix + java.lang.Integer.toString(counter)) + .png)): null

2019-01-09 12:03:24 - [TEST_STEP][PASSED] - Statement - counter = counter + 1: null

2019-01-09 12:03:24 - [TEST_STEP][PASSED] - Statement - PreSaveFile = new java.io.File(((pathPrefix + java.lang.Integer.toString(counter)) + .png)): null

2019-01-09 12:03:24 - [TEST_STEP][PASSED] - Statement - counter = counter + 1: null

2019-01-09 12:03:24 - [TEST_STEP][PASSED] - Statement - PreSaveFile = new java.io.File(((pathPrefix + java.lang.Integer.toString(counter)) + .png)): null

2019-01-09 12:03:24 - [TEST_STEP][PASSED] - Statement - counter = counter + 1: null

2019-01-09 12:03:24 - [TEST_STEP][PASSED] - Statement - PreSaveFile = new java.io.File(((pathPrefix + java.lang.Integer.toString(counter)) + .png)): null

2019-01-09 12:03:24 - [TEST_STEP][PASSED] - Statement - counter = counter + 1: null

2019-01-09 12:03:25 - [TEST_STEP][PASSED] - Statement - PreSaveFile = new java.io.File(((pathPrefix + java.lang.Integer.toString(counter)) + .png)): null

2019-01-09 12:03:25 - [TEST_STEP][PASSED] - Statement - counter = counter + 1: null

2019-01-09 12:03:25 - [TEST_STEP][PASSED] - Statement - PreSaveFile = new java.io.File(((pathPrefix + java.lang.Integer.toString(counter)) + .png)): null

2019-01-09 12:03:25 - [TEST_STEP][PASSED] - Statement - counter = counter + 1: null

2019-01-09 12:03:25 - [TEST_STEP][PASSED] - Statement - PreSaveFile = new java.io.File(((pathPrefix + java.lang.Integer.toString(counter)) + .png)): null

2019-01-09 12:03:25 - [TEST_STEP][PASSED] - Statement - counter = counter + 1: null

2019-01-09 12:03:25 - [TEST_STEP][PASSED] - Statement - PreSaveFile = new java.io.File(((pathPrefix + java.lang.Integer.toString(counter)) + .png)): null

2019-01-09 12:03:25 - [TEST_STEP][PASSED] - Statement - counter = counter + 1: null

2019-01-09 12:03:25 - [TEST_STEP][PASSED] - Statement - PreSaveFile = new java.io.File(((pathPrefix + java.lang.Integer.toString(counter)) + .png)): null

2019-01-09 12:03:25 - [TEST_STEP][PASSED] - Statement - counter = counter + 1: null

2019-01-09 12:03:25 - [TEST_STEP][PASSED] - Statement - PreSaveFile = new java.io.File(((pathPrefix + java.lang.Integer.toString(counter)) + .png)): null

2019-01-09 12:03:25 - [TEST_STEP][PASSED] - Statement - counter = counter + 1: null

2019-01-09 12:03:25 - [TEST_STEP][PASSED] - Statement - PreSaveFile = new java.io.File(((pathPrefix + java.lang.Integer.toString(counter)) + .png)): null

2019-01-09 12:03:25 - [TEST_STEP][PASSED] - Statement - counter = counter + 1: null

2019-01-09 12:03:25 - [TEST_STEP][PASSED] - Statement - PreSaveFile = new java.io.File(((pathPrefix + java.lang.Integer.toString(counter)) + .png)): null

2019-01-09 12:03:25 - [TEST_STEP][PASSED] - Statement - counter = counter + 1: null

2019-01-09 12:03:25 - [TEST_STEP][PASSED] - Statement - PreSaveFile = new java.io.File(((pathPrefix + java.lang.Integer.toString(counter)) + .png)): null

2019-01-09 12:03:25 - [TEST_STEP][PASSED] - Statement - counter = counter + 1: null

2019-01-09 12:03:25 - [TEST_STEP][PASSED] - Statement - PreSaveFile = new java.io.File(((pathPrefix + java.lang.Integer.toString(counter)) + .png)): null

2019-01-09 12:03:25 - [TEST_STEP][PASSED] - Statement - counter = counter + 1: null

2019-01-09 12:03:25 - [TEST_STEP][PASSED] - Statement - PreSaveFile = new java.io.File(((pathPrefix + java.lang.Integer.toString(counter)) + .png)): null

2019-01-09 12:03:25 - [TEST_STEP][PASSED] - Statement - counter = counter + 1: null

2019-01-09 12:03:25 - [TEST_STEP][PASSED] - Statement - PreSaveFile = new java.io.File(((pathPrefix + java.lang.Integer.toString(counter)) + .png)): null

2019-01-09 12:03:25 - [TEST_STEP][PASSED] - Statement - counter = counter + 1: null

2019-01-09 12:03:25 - [TEST_STEP][PASSED] - Statement - PreSaveFile = new java.io.File(((pathPrefix + java.lang.Integer.toString(counter)) + .png)): null

2019-01-09 12:03:25 - [TEST_STEP][PASSED] - Statement - counter = counter + 1: null

2019-01-09 12:03:25 - [TEST_STEP][PASSED] - Statement - PreSaveFile = new java.io.File(((pathPrefix + java.lang.Integer.toString(counter)) + .png)): null

2019-01-09 12:03:25 - [TEST_STEP][PASSED] - Statement - counter = counter + 1: null

2019-01-09 12:03:25 - [TEST_STEP][PASSED] - Statement - PreSaveFile = new java.io.File(((pathPrefix + java.lang.Integer.toString(counter)) + .png)): null

2019-01-09 12:03:26 - [TEST_STEP][PASSED] - Statement - counter = counter + 1: null

2019-01-09 12:03:26 - [TEST_STEP][PASSED] - Statement - PreSaveFile = new java.io.File(((pathPrefix + java.lang.Integer.toString(counter)) + .png)): null

2019-01-09 12:03:26 - [TEST_STEP][PASSED] - Statement - counter = counter + 1: null

2019-01-09 12:03:26 - [TEST_STEP][PASSED] - Statement - PreSaveFile = new java.io.File(((pathPrefix + java.lang.Integer.toString(counter)) + .png)): null

2019-01-09 12:03:26 - [TEST_STEP][PASSED] - Statement - counter = counter + 1: null

2019-01-09 12:03:26 - [TEST_STEP][PASSED] - Statement - PreSaveFile = new java.io.File(((pathPrefix + java.lang.Integer.toString(counter)) + .png)): null

2019-01-09 12:03:26 - [TEST_STEP][PASSED] - Statement - counter = counter + 1: null

2019-01-09 12:03:26 - [TEST_STEP][PASSED] - Statement - PreSaveFile = new java.io.File(((pathPrefix + java.lang.Integer.toString(counter)) + .png)): null

2019-01-09 12:03:26 - [TEST_STEP][PASSED] - Statement - counter = counter + 1: null

2019-01-09 12:03:26 - [TEST_STEP][PASSED] - Statement - PreSaveFile = new java.io.File(((pathPrefix + java.lang.Integer.toString(counter)) + .png)): null

2019-01-09 12:03:26 - [TEST_STEP][PASSED] - Statement - counter = counter + 1: null

2019-01-09 12:03:26 - [TEST_STEP][PASSED] - Statement - PreSaveFile = new java.io.File(((pathPrefix + java.lang.Integer.toString(counter)) + .png)): null

2019-01-09 12:03:26 - [TEST_STEP][PASSED] - Statement - counter = counter + 1: null

2019-01-09 12:03:26 - [TEST_STEP][PASSED] - Statement - PreSaveFile = new java.io.File(((pathPrefix + java.lang.Integer.toString(counter)) + .png)): null

2019-01-09 12:03:26 - [TEST_STEP][PASSED] - Statement - counter = counter + 1: null

2019-01-09 12:03:26 - [TEST_STEP][PASSED] - Statement - PreSaveFile = new java.io.File(((pathPrefix + java.lang.Integer.toString(counter)) + .png)): null

2019-01-09 12:03:26 - [TEST_STEP][PASSED] - Statement - counter = counter + 1: null

2019-01-09 12:03:26 - [TEST_STEP][PASSED] - Statement - PreSaveFile = new java.io.File(((pathPrefix + java.lang.Integer.toString(counter)) + .png)): null

2019-01-09 12:03:26 - [TEST_STEP][PASSED] - Statement - counter = counter + 1: null

2019-01-09 12:03:26 - [TEST_STEP][PASSED] - Statement - PreSaveFile = new java.io.File(((pathPrefix + java.lang.Integer.toString(counter)) + .png)): null

2019-01-09 12:03:26 - [TEST_STEP][PASSED] - Statement - counter = counter + 1: null

2019-01-09 12:03:26 - [TEST_STEP][PASSED] - Statement - PreSaveFile = new java.io.File(((pathPrefix + java.lang.Integer.toString(counter)) + .png)): null

2019-01-09 12:03:26 - [TEST_STEP][PASSED] - Statement - counter = counter + 1: null

2019-01-09 12:03:26 - [TEST_STEP][PASSED] - Statement - PreSaveFile = new java.io.File(((pathPrefix + java.lang.Integer.toString(counter)) + .png)): null

2019-01-09 12:03:26 - [TEST_STEP][PASSED] - Statement - counter = counter + 1: null

2019-01-09 12:03:26 - [TEST_STEP][PASSED] - Statement - PreSaveFile = new java.io.File(((pathPrefix + java.lang.Integer.toString(counter)) + .png)): null

2019-01-09 12:03:26 - [TEST_STEP][PASSED] - Statement - counter = counter + 1: null

2019-01-09 12:03:26 - [TEST_STEP][PASSED] - Statement - PreSaveFile = new java.io.File(((pathPrefix + java.lang.Integer.toString(counter)) + .png)): null

2019-01-09 12:03:26 - [TEST_STEP][PASSED] - Statement - counter = counter + 1: null

2019-01-09 12:03:26 - [TEST_STEP][PASSED] - Statement - PreSaveFile = new java.io.File(((pathPrefix + java.lang.Integer.toString(counter)) + .png)): null

2019-01-09 12:03:26 - [TEST_STEP][PASSED] - Statement - counter = counter + 1: null

2019-01-09 12:03:27 - [TEST_STEP][PASSED] - Statement - PreSaveFile = new java.io.File(((pathPrefix + java.lang.Integer.toString(counter)) + .png)): null

2019-01-09 12:03:27 - [TEST_STEP][PASSED] - Statement - counter = counter + 1: null

2019-01-09 12:03:27 - [TEST_STEP][PASSED] - Statement - PreSaveFile = new java.io.File(((pathPrefix + java.lang.Integer.toString(counter)) + .png)): null

2019-01-09 12:03:27 - [TEST_STEP][PASSED] - Statement - counter = counter + 1: null

2019-01-09 12:03:27 - [TEST_STEP][PASSED] - Statement - PreSaveFile = new java.io.File(((pathPrefix + java.lang.Integer.toString(counter)) + .png)): null

2019-01-09 12:03:27 - [TEST_STEP][PASSED] - Statement - counter = counter + 1: null

2019-01-09 12:03:27 - [TEST_STEP][PASSED] - Statement - PreSaveFile = new java.io.File(((pathPrefix + java.lang.Integer.toString(counter)) + .png)): null

2019-01-09 12:03:27 - [TEST_STEP][PASSED] - Statement - counter = counter + 1: null

2019-01-09 12:03:27 - [TEST_STEP][PASSED] - Statement - PreSaveFile = new java.io.File(((pathPrefix + java.lang.Integer.toString(counter)) + .png)): null

2019-01-09 12:03:27 - [TEST_STEP][PASSED] - Statement - counter = counter + 1: null

2019-01-09 12:03:27 - [TEST_STEP][PASSED] - Statement - PreSaveFile = new java.io.File(((pathPrefix + java.lang.Integer.toString(counter)) + .png)): null

2019-01-09 12:03:27 - [TEST_STEP][PASSED] - Statement - counter = counter + 1: null

2019-01-09 12:03:27 - [TEST_STEP][PASSED] - Statement - PreSaveFile = new java.io.File(((pathPrefix + java.lang.Integer.toString(counter)) + .png)): null

2019-01-09 12:03:27 - [TEST_STEP][PASSED] - Statement - counter = counter + 1: null

2019-01-09 12:03:27 - [TEST_STEP][PASSED] - Statement - PreSaveFile = new java.io.File(((pathPrefix + java.lang.Integer.toString(counter)) + .png)): null

2019-01-09 12:03:27 - [TEST_STEP][PASSED] - Statement - counter = counter + 1: null

2019-01-09 12:03:27 - [TEST_STEP][PASSED] - Statement - PreSaveFile = new java.io.File(((pathPrefix + java.lang.Integer.toString(counter)) + .png)): null

2019-01-09 12:03:27 - [TEST_STEP][PASSED] - Statement - counter = counter + 1: null

2019-01-09 12:03:27 - [TEST_STEP][PASSED] - Statement - PreSaveFile = new java.io.File(((pathPrefix + java.lang.Integer.toString(counter)) + .png)): null

2019-01-09 12:03:27 - [TEST_STEP][PASSED] - Statement - counter = counter + 1: null

2019-01-09 12:03:27 - [TEST_STEP][PASSED] - Statement - PreSaveFile = new java.io.File(((pathPrefix + java.lang.Integer.toString(counter)) + .png)): null

2019-01-09 12:03:27 - [TEST_STEP][PASSED] - Statement - counter = counter + 1: null

2019-01-09 12:03:27 - [TEST_STEP][PASSED] - Statement - PreSaveFile = new java.io.File(((pathPrefix + java.lang.Integer.toString(counter)) + .png)): null

2019-01-09 12:03:27 - [TEST_STEP][PASSED] - Statement - finalPath = pathPrefix + java.lang.Integer.toString(counter) + ".png": null

2019-01-09 12:03:27 - [TEST_STEP][PASSED] - Statement - SaveFile = new java.io.File(finalPath): null

2019-01-09 12:03:27 - [TEST_STEP][PASSED] - Statement - Try: null

2019-01-09 12:03:27 - [TEST_STEP][PASSED] - Statement - org.apache.commons.io.FileUtils.copyFile(scrFile, SaveFile): null

2019-01-09 12:03:27 - [TEST_STEP][PASSED] - Statement - out.println("file kept"): null

2019-01-09 12:03:28 - [TEST_STEP][PASSED] - delay: Delayed 10 second(s)

2019-01-09 12:03:38 - [MESSAGE][PASSED] - Delayed 10 second(s)

2019-01-09 12:03:38 - [MESSAGE][PASSED] - Call Test Case 'Test Cases/Final Aug 2018 - PKS Automation/Registration Module/New Registration/Submit and Screenshot/Submit Registration and Screenshot' successfully]]></system-out>
         <system-err><![CDATA[]]></system-err>
      </testcase>
      <testcase name="Test Cases/Final Aug 2018 - PKS Automation/Registration Module/Workflow/New Registration/Employer to RO - RO Under Enforcement" classname="Test Cases/Final Aug 2018 - PKS Automation/Registration Module/Workflow/New Registration/Employer to RO - RO Under Enforcement" status="FAILED">
         <failure type="FAILED" message="(Stack trace: com.kms.katalon.core.exception.StepFailedException: Unable to set text 'CRN01201900123679' of object 'Object Repository/Final Object Repo/New Registration - Registration Module Pages/New Reg - OTC to RO/Special Case - All Related Objects/TextBox RefNo in Workbasket' (Root cause: org.openqa.selenium.ElementNotVisibleException: element not interactable
  (Session info: chrome=71.0.3578.98)
  (Driver info: chromedriver=2.43.600210 (68dcf5eebde37173d4027fa8635e332711d2874a),platform=Windows NT 6.1.7601 SP1 x86_64) (WARNING: The server did not provide any stacktrace information)
Command duration or timeout: 0 milliseconds
Build info: version: '3.7.1', revision: '8a0099a', time: '2017-11-06T21:07:36.161Z'
System info: host: 'WIN7TEST02', ip: '10.20.3.72', os.name: 'Windows 7', os.arch: 'amd64', os.version: '6.1', java.version: '1.8.0_181'
Driver info: com.kms.katalon.selenium.driver.CChromeDriver
Capabilities {acceptInsecureCerts: false, acceptSslCerts: false, applicationCacheEnabled: false, browserConnectionEnabled: false, browserName: chrome, chrome: {chromedriverVersion: 2.43.600210 (68dcf5eebde371..., userDataDir: C:\Users\Admin\AppData\Loca...}, cssSelectorsEnabled: true, databaseEnabled: false, goog:chromeOptions: {debuggerAddress: localhost:53893}, handlesAlerts: true, hasTouchScreen: false, javascriptEnabled: true, locationContextEnabled: true, mobileEmulationEnabled: false, nativeEvents: true, networkConnectionEnabled: false, pageLoadStrategy: normal, platform: XP, platformName: XP, rotatable: false, setWindowRect: true, takesHeapSnapshot: true, takesScreenshot: true, unexpectedAlertBehaviour: , unhandledPromptBehavior: , version: 71.0.3578.98, webStorageEnabled: true}
Session ID: e1830d19593e16fc4ead0949c899504c)
	at com.kms.katalon.core.keyword.internal.KeywordMain.stepFailed(KeywordMain.groovy:32)
	at com.kms.katalon.core.webui.keyword.internal.WebUIKeywordMain.stepFailed(WebUIKeywordMain.groovy:65)
	at com.kms.katalon.core.webui.keyword.internal.WebUIKeywordMain.runKeyword(WebUIKeywordMain.groovy:27)
	at com.kms.katalon.core.webui.keyword.builtin.SetTextKeyword.setText(SetTextKeyword.groovy:65)
	at com.kms.katalon.core.webui.keyword.builtin.SetTextKeyword.execute(SetTextKeyword.groovy:37)
	at com.kms.katalon.core.keyword.internal.KeywordExecutor.executeKeywordForPlatform(KeywordExecutor.groovy:53)
	at com.kms.katalon.core.webui.keyword.WebUiBuiltInKeywords.setText(WebUiBuiltInKeywords.groovy:950)
	at com.kms.katalon.core.webui.keyword.WebUiBuiltInKeywords$setText$1.call(Unknown Source)
	at org.codehaus.groovy.runtime.callsite.CallSiteArray.defaultCall(CallSiteArray.java:48)
	at org.codehaus.groovy.runtime.callsite.AbstractCallSite.call(AbstractCallSite.java:113)
	at org.codehaus.groovy.runtime.callsite.AbstractCallSite.call(AbstractCallSite.java:133)
	at Script1537253675085.run(Script1537253675085.groovy:87)
	at com.kms.katalon.core.main.ScriptEngine.run(ScriptEngine.java:183)
	at com.kms.katalon.core.main.ScriptEngine.runScriptAsRawText(ScriptEngine.java:108)
	at com.kms.katalon.core.main.TestCaseExecutor.runScript(TestCaseExecutor.java:294)
	at com.kms.katalon.core.main.TestCaseExecutor.doExecute(TestCaseExecutor.java:285)
	at com.kms.katalon.core.main.TestCaseExecutor.processExecutionPhase(TestCaseExecutor.java:264)
	at com.kms.katalon.core.main.TestCaseExecutor.accessMainPhase(TestCaseExecutor.java:256)
	at com.kms.katalon.core.main.TestCaseExecutor.execute(TestCaseExecutor.java:200)
	at com.kms.katalon.core.main.TestSuiteExecutor.accessTestCaseMainPhase(TestSuiteExecutor.java:129)
	at com.kms.katalon.core.main.TestSuiteExecutor.accessTestSuiteMainPhase(TestSuiteExecutor.java:112)
	at com.kms.katalon.core.main.TestSuiteExecutor.execute(TestSuiteExecutor.java:81)
	at com.kms.katalon.core.main.TestCaseMain.startTestSuite(TestCaseMain.java:142)
	at com.kms.katalon.core.main.TestCaseMain$startTestSuite$0.call(Unknown Source)
	at org.codehaus.groovy.runtime.callsite.CallSiteArray.defaultCall(CallSiteArray.java:48)
	at org.codehaus.groovy.runtime.callsite.AbstractCallSite.call(AbstractCallSite.java:113)
	at org.codehaus.groovy.runtime.callsite.AbstractCallSite.call(AbstractCallSite.java:141)
	at TempTestSuite1547001716520.run(TempTestSuite1547001716520.groovy:36)
	at groovy.lang.GroovyShell.runScriptOrMainOrTestOrRunnable(GroovyShell.java:263)
	at groovy.lang.GroovyShell.run(GroovyShell.java:518)
	at groovy.lang.GroovyShell.run(GroovyShell.java:507)
	at groovy.ui.GroovyMain.processOnce(GroovyMain.java:653)
	at groovy.ui.GroovyMain.run(GroovyMain.java:384)
	at groovy.ui.GroovyMain.process(GroovyMain.java:370)
	at groovy.ui.GroovyMain.processArgs(GroovyMain.java:129)
	at groovy.ui.GroovyMain.main(GroovyMain.java:109)
	at sun.reflect.NativeMethodAccessorImpl.invoke0(Native Method)
	at sun.reflect.NativeMethodAccessorImpl.invoke(NativeMethodAccessorImpl.java:62)
	at sun.reflect.DelegatingMethodAccessorImpl.invoke(DelegatingMethodAccessorImpl.java:43)
	at java.lang.reflect.Method.invoke(Method.java:498)
	at org.codehaus.groovy.tools.GroovyStarter.rootLoader(GroovyStarter.java:109)
	at org.codehaus.groovy.tools.GroovyStarter.main(GroovyStarter.java:131)
)"/>
         <system-out><![CDATA[2019-01-09 12:03:38 - [TEST_CASE][FAILED] - Test Cases/Final Aug 2018 - PKS Automation/Registration Module/Workflow/New Registration/Employer to RO - RO Under Enforcement: Test Cases/Final Aug 2018 - PKS Automation/Registration Module/Workflow/New Registration/Employer to RO - RO Under Enforcement FAILED because (of) (Stack trace: com.kms.katalon.core.exception.StepFailedException: Unable to set text 'CRN01201900123679' of object 'Object Repository/Final Object Repo/New Registration - Registration Module Pages/New Reg - OTC to RO/Special Case - All Related Objects/TextBox RefNo in Workbasket' (Root cause: org.openqa.selenium.ElementNotVisibleException: element not interactable
  (Session info: chrome=71.0.3578.98)
  (Driver info: chromedriver=2.43.600210 (68dcf5eebde37173d4027fa8635e332711d2874a),platform=Windows NT 6.1.7601 SP1 x86_64) (WARNING: The server did not provide any stacktrace information)
Command duration or timeout: 0 milliseconds
Build info: version: '3.7.1', revision: '8a0099a', time: '2017-11-06T21:07:36.161Z'
System info: host: 'WIN7TEST02', ip: '10.20.3.72', os.name: 'Windows 7', os.arch: 'amd64', os.version: '6.1', java.version: '1.8.0_181'
Driver info: com.kms.katalon.selenium.driver.CChromeDriver
Capabilities {acceptInsecureCerts: false, acceptSslCerts: false, applicationCacheEnabled: false, browserConnectionEnabled: false, browserName: chrome, chrome: {chromedriverVersion: 2.43.600210 (68dcf5eebde371..., userDataDir: C:\Users\Admin\AppData\Loca...}, cssSelectorsEnabled: true, databaseEnabled: false, goog:chromeOptions: {debuggerAddress: localhost:53893}, handlesAlerts: true, hasTouchScreen: false, javascriptEnabled: true, locationContextEnabled: true, mobileEmulationEnabled: false, nativeEvents: true, networkConnectionEnabled: false, pageLoadStrategy: normal, platform: XP, platformName: XP, rotatable: false, setWindowRect: true, takesHeapSnapshot: true, takesScreenshot: true, unexpectedAlertBehaviour: , unhandledPromptBehavior: , version: 71.0.3578.98, webStorageEnabled: true}
Session ID: e1830d19593e16fc4ead0949c899504c)
	at com.kms.katalon.core.keyword.internal.KeywordMain.stepFailed(KeywordMain.groovy:32)
	at com.kms.katalon.core.webui.keyword.internal.WebUIKeywordMain.stepFailed(WebUIKeywordMain.groovy:65)
	at com.kms.katalon.core.webui.keyword.internal.WebUIKeywordMain.runKeyword(WebUIKeywordMain.groovy:27)
	at com.kms.katalon.core.webui.keyword.builtin.SetTextKeyword.setText(SetTextKeyword.groovy:65)
	at com.kms.katalon.core.webui.keyword.builtin.SetTextKeyword.execute(SetTextKeyword.groovy:37)
	at com.kms.katalon.core.keyword.internal.KeywordExecutor.executeKeywordForPlatform(KeywordExecutor.groovy:53)
	at com.kms.katalon.core.webui.keyword.WebUiBuiltInKeywords.setText(WebUiBuiltInKeywords.groovy:950)
	at com.kms.katalon.core.webui.keyword.WebUiBuiltInKeywords$setText$1.call(Unknown Source)
	at org.codehaus.groovy.runtime.callsite.CallSiteArray.defaultCall(CallSiteArray.java:48)
	at org.codehaus.groovy.runtime.callsite.AbstractCallSite.call(AbstractCallSite.java:113)
	at org.codehaus.groovy.runtime.callsite.AbstractCallSite.call(AbstractCallSite.java:133)
	at Script1537253675085.run(Script1537253675085.groovy:87)
	at com.kms.katalon.core.main.ScriptEngine.run(ScriptEngine.java:183)
	at com.kms.katalon.core.main.ScriptEngine.runScriptAsRawText(ScriptEngine.java:108)
	at com.kms.katalon.core.main.TestCaseExecutor.runScript(TestCaseExecutor.java:294)
	at com.kms.katalon.core.main.TestCaseExecutor.doExecute(TestCaseExecutor.java:285)
	at com.kms.katalon.core.main.TestCaseExecutor.processExecutionPhase(TestCaseExecutor.java:264)
	at com.kms.katalon.core.main.TestCaseExecutor.accessMainPhase(TestCaseExecutor.java:256)
	at com.kms.katalon.core.main.TestCaseExecutor.execute(TestCaseExecutor.java:200)
	at com.kms.katalon.core.main.TestSuiteExecutor.accessTestCaseMainPhase(TestSuiteExecutor.java:129)
	at com.kms.katalon.core.main.TestSuiteExecutor.accessTestSuiteMainPhase(TestSuiteExecutor.java:112)
	at com.kms.katalon.core.main.TestSuiteExecutor.execute(TestSuiteExecutor.java:81)
	at com.kms.katalon.core.main.TestCaseMain.startTestSuite(TestCaseMain.java:142)
	at com.kms.katalon.core.main.TestCaseMain$startTestSuite$0.call(Unknown Source)
	at org.codehaus.groovy.runtime.callsite.CallSiteArray.defaultCall(CallSiteArray.java:48)
	at org.codehaus.groovy.runtime.callsite.AbstractCallSite.call(AbstractCallSite.java:113)
	at org.codehaus.groovy.runtime.callsite.AbstractCallSite.call(AbstractCallSite.java:141)
	at TempTestSuite1547001716520.run(TempTestSuite1547001716520.groovy:36)
	at groovy.lang.GroovyShell.runScriptOrMainOrTestOrRunnable(GroovyShell.java:263)
	at groovy.lang.GroovyShell.run(GroovyShell.java:518)
	at groovy.lang.GroovyShell.run(GroovyShell.java:507)
	at groovy.ui.GroovyMain.processOnce(GroovyMain.java:653)
	at groovy.ui.GroovyMain.run(GroovyMain.java:384)
	at groovy.ui.GroovyMain.process(GroovyMain.java:370)
	at groovy.ui.GroovyMain.processArgs(GroovyMain.java:129)
	at groovy.ui.GroovyMain.main(GroovyMain.java:109)
	at sun.reflect.NativeMethodAccessorImpl.invoke0(Native Method)
	at sun.reflect.NativeMethodAccessorImpl.invoke(NativeMethodAccessorImpl.java:62)
	at sun.reflect.DelegatingMethodAccessorImpl.invoke(DelegatingMethodAccessorImpl.java:43)
	at java.lang.reflect.Method.invoke(Method.java:498)
	at org.codehaus.groovy.tools.GroovyStarter.rootLoader(GroovyStarter.java:109)
	at org.codehaus.groovy.tools.GroovyStarter.main(GroovyStarter.java:131)
)

2019-01-09 12:03:38 - [TEST_STEP][PASSED] - callTestCase: Call Test Case 'Test Cases/Final Aug 2018 - PKS Automation/Registration Module/Workflow/New Registration/Template/Special Case - Employer - Form 1' successfully

2019-01-09 12:03:38 - [TEST_CASE][PASSED] - Test Cases/Final Aug 2018 - PKS Automation/Registration Module/Workflow/New Registration/Template/Special Case - Employer - Form 1: Test Cases/Final Aug 2018 - PKS Automation/Registration Module/Workflow/New Registration/Template/Special Case - Employer - Form 1

2019-01-09 12:03:38 - [TEST_STEP][PASSED] - callTestCase: Call Test Case 'Test Cases/Final Aug 2018 - PKS Automation/Create Employer Acc/Create Employer Account' successfully

2019-01-09 12:03:38 - [TEST_CASE][PASSED] - Test Cases/Final Aug 2018 - PKS Automation/Create Employer Acc/Create Employer Account: Test Cases/Final Aug 2018 - PKS Automation/Create Employer Acc/Create Employer Account

2019-01-09 12:03:38 - [TEST_STEP][PASSED] - callTestCase: Call Test Case 'Test Cases/Final Aug 2018 - PKS Automation/Create Employer Acc/Template/Register Employer' successfully

2019-01-09 12:03:38 - [TEST_CASE][PASSED] - Test Cases/Final Aug 2018 - PKS Automation/Create Employer Acc/Template/Register Employer: Test Cases/Final Aug 2018 - PKS Automation/Create Employer Acc/Template/Register Employer

2019-01-09 12:03:38 - [TEST_STEP][PASSED] - openBrowser: Browser is opened with url: ''

2019-01-09 12:03:38 - [MESSAGE][WARNING] - A browser is already opened. Closing browser and opening a new one

2019-01-09 12:03:41 - [MESSAGE][PASSED] - Browser is opened with url: ''

2019-01-09 12:03:41 - [TEST_STEP][PASSED] - navigateToUrl: Navigate to 'https://assist2-uat.perkeso.gov.my/login' successfully

2019-01-09 12:03:43 - [MESSAGE][PASSED] - Navigate to 'https://assist2-uat.perkeso.gov.my/login' successfully

2019-01-09 12:03:43 - [TEST_STEP][PASSED] - setText: Text 'johorotc1@gmail.com' is set on object 'Object Repository/Final Object Repo/Login Page/Internal User/Email Address'

2019-01-09 12:03:43 - [MESSAGE][PASSED] - Text 'johorotc1@gmail.com' is set on object 'Object Repository/Final Object Repo/Login Page/Internal User/Email Address'

2019-01-09 12:03:43 - [TEST_STEP][PASSED] - click: Object: 'Object Repository/Final Object Repo/Login Page/Internal User/Next Button' is clicked on

2019-01-09 12:03:43 - [MESSAGE][PASSED] - Object: 'Object Repository/Final Object Repo/Login Page/Internal User/Next Button' is clicked on

2019-01-09 12:03:43 - [TEST_STEP][PASSED] - delay: Delayed 1 second(s)

2019-01-09 12:03:44 - [MESSAGE][PASSED] - Delayed 1 second(s)

2019-01-09 12:03:44 - [TEST_STEP][PASSED] - setEncryptedText: Text ****** has been set on object 'Object Repository/Final Object Repo/Login Page/Internal User/Password'

2019-01-09 12:03:45 - [MESSAGE][PASSED] - Text ****** has been set on object 'Object Repository/Final Object Repo/Login Page/Internal User/Password'

2019-01-09 12:03:45 - [TEST_STEP][PASSED] - click: Object: 'Object Repository/Final Object Repo/Login Page/Internal User/Login Button' is clicked on

2019-01-09 12:03:45 - [MESSAGE][PASSED] - Object: 'Object Repository/Final Object Repo/Login Page/Internal User/Login Button' is clicked on

2019-01-09 12:03:45 - [TEST_STEP][PASSED] - delay: Delayed 1 second(s)

2019-01-09 12:03:46 - [MESSAGE][PASSED] - Delayed 1 second(s)

2019-01-09 12:03:46 - [TEST_STEP][PASSED] - navigateToUrl: Navigate to 'https://assist2-uat.perkeso.gov.my/web/base/portal-id/registration' successfully

2019-01-09 12:03:48 - [MESSAGE][PASSED] - Navigate to 'https://assist2-uat.perkeso.gov.my/web/base/portal-id/registration' successfully

2019-01-09 12:03:48 - [TEST_STEP][PASSED] - setText: Text 'AUTOMATION EMPLOYER' is set on object 'Object Repository/Final Object Repo/Creating Employer Account/Page_Registration - ASSIST (Base)/Employer Name'

2019-01-09 12:03:48 - [MESSAGE][PASSED] - Text 'AUTOMATION EMPLOYER' is set on object 'Object Repository/Final Object Repo/Creating Employer Account/Page_Registration - ASSIST (Base)/Employer Name'

2019-01-09 12:03:48 - [TEST_STEP][PASSED] - delay: Delayed 2 second(s)

2019-01-09 12:03:50 - [MESSAGE][PASSED] - Delayed 2 second(s)

2019-01-09 12:03:50 - [TEST_STEP][PASSED] - click: Object: 'Object Repository/Final Object Repo/Creating Employer Account/Page_Registration - ASSIST (Base)/Registration Type' is clicked on

2019-01-09 12:03:50 - [MESSAGE][PASSED] - Object: 'Object Repository/Final Object Repo/Creating Employer Account/Page_Registration - ASSIST (Base)/Registration Type' is clicked on

2019-01-09 12:03:50 - [TEST_STEP][PASSED] - delay: Delayed 2 second(s)

2019-01-09 12:03:52 - [MESSAGE][PASSED] - Delayed 2 second(s)

2019-01-09 12:03:52 - [TEST_STEP][PASSED] - click: Object: 'Object Repository/Final Object Repo/Creating Employer Account/Page_Registration - ASSIST (Base)/Registration Type - Registration No' is clicked on

2019-01-09 12:03:52 - [MESSAGE][PASSED] - Object: 'Object Repository/Final Object Repo/Creating Employer Account/Page_Registration - ASSIST (Base)/Registration Type - Registration No' is clicked on

2019-01-09 12:03:52 - [TEST_STEP][PASSED] - delay: Delayed 2 second(s)

2019-01-09 12:03:54 - [MESSAGE][PASSED] - Delayed 2 second(s)

2019-01-09 12:03:54 - [TEST_STEP][PASSED] - setText: Text 'AUTOMATE001' is set on object 'Object Repository/Final Object Repo/Creating Employer Account/Page_Registration - ASSIST (Base)/Registration Number'

2019-01-09 12:03:55 - [MESSAGE][PASSED] - Text 'AUTOMATE001' is set on object 'Object Repository/Final Object Repo/Creating Employer Account/Page_Registration - ASSIST (Base)/Registration Number'

2019-01-09 12:03:55 - [TEST_STEP][PASSED] - delay: Delayed 2 second(s)

2019-01-09 12:03:57 - [MESSAGE][PASSED] - Delayed 2 second(s)

2019-01-09 12:03:57 - [TEST_STEP][PASSED] - setText: Text 'ADDRESS 1' is set on object 'Object Repository/Final Object Repo/Creating Employer Account/Page_Registration - ASSIST (Base)/Postal Address 1'

2019-01-09 12:03:57 - [MESSAGE][PASSED] - Text 'ADDRESS 1' is set on object 'Object Repository/Final Object Repo/Creating Employer Account/Page_Registration - ASSIST (Base)/Postal Address 1'

2019-01-09 12:03:57 - [TEST_STEP][PASSED] - setText: Text 'ADDRESS 2' is set on object 'Object Repository/Final Object Repo/Creating Employer Account/Page_Registration - ASSIST (Base)/Postal Address 2'

2019-01-09 12:03:57 - [MESSAGE][PASSED] - Text 'ADDRESS 2' is set on object 'Object Repository/Final Object Repo/Creating Employer Account/Page_Registration - ASSIST (Base)/Postal Address 2'

2019-01-09 12:03:57 - [TEST_STEP][PASSED] - click: Object: 'Object Repository/Final Object Repo/Creating Employer Account/Page_Registration - ASSIST (Base)/State' is clicked on

2019-01-09 12:03:58 - [MESSAGE][PASSED] - Object: 'Object Repository/Final Object Repo/Creating Employer Account/Page_Registration - ASSIST (Base)/State' is clicked on

2019-01-09 12:03:58 - [TEST_STEP][PASSED] - delay: Delayed 2 second(s)

2019-01-09 12:04:00 - [MESSAGE][PASSED] - Delayed 2 second(s)

2019-01-09 12:04:00 - [TEST_STEP][PASSED] - click: Object: 'Object Repository/Final Object Repo/Creating Employer Account/Page_Registration - ASSIST (Base)/State - Johor' is clicked on

2019-01-09 12:04:00 - [MESSAGE][PASSED] - Object: 'Object Repository/Final Object Repo/Creating Employer Account/Page_Registration - ASSIST (Base)/State - Johor' is clicked on

2019-01-09 12:04:00 - [TEST_STEP][PASSED] - delay: Delayed 2 second(s)

2019-01-09 12:04:02 - [MESSAGE][PASSED] - Delayed 2 second(s)

2019-01-09 12:04:02 - [TEST_STEP][PASSED] - click: Object: 'Object Repository/Final Object Repo/Creating Employer Account/Page_Registration - ASSIST (Base)/City' is clicked on

2019-01-09 12:04:02 - [MESSAGE][PASSED] - Object: 'Object Repository/Final Object Repo/Creating Employer Account/Page_Registration - ASSIST (Base)/City' is clicked on

2019-01-09 12:04:02 - [TEST_STEP][PASSED] - delay: Delayed 2 second(s)

2019-01-09 12:04:04 - [MESSAGE][PASSED] - Delayed 2 second(s)

2019-01-09 12:04:04 - [TEST_STEP][PASSED] - setText: Text 'joh' is set on object 'Object Repository/Final Object Repo/Creating Employer Account/Page_Registration - ASSIST (Base)/City - joh'

2019-01-09 12:04:04 - [MESSAGE][PASSED] - Text 'joh' is set on object 'Object Repository/Final Object Repo/Creating Employer Account/Page_Registration - ASSIST (Base)/City - joh'

2019-01-09 12:04:04 - [TEST_STEP][PASSED] - delay: Delayed 2 second(s)

2019-01-09 12:04:06 - [MESSAGE][PASSED] - Delayed 2 second(s)

2019-01-09 12:04:06 - [TEST_STEP][PASSED] - click: Object: 'Object Repository/Final Object Repo/Creating Employer Account/Page_Registration - ASSIST (Base)/City - Johor Bharu' is clicked on

2019-01-09 12:04:07 - [MESSAGE][PASSED] - Object: 'Object Repository/Final Object Repo/Creating Employer Account/Page_Registration - ASSIST (Base)/City - Johor Bharu' is clicked on

2019-01-09 12:04:07 - [TEST_STEP][PASSED] - delay: Delayed 2 second(s)

2019-01-09 12:04:09 - [MESSAGE][PASSED] - Delayed 2 second(s)

2019-01-09 12:04:09 - [TEST_STEP][PASSED] - click: Object: 'Object Repository/Final Object Repo/Creating Employer Account/Page_Registration - ASSIST (Base)/Post Code' is clicked on

2019-01-09 12:04:09 - [MESSAGE][PASSED] - Object: 'Object Repository/Final Object Repo/Creating Employer Account/Page_Registration - ASSIST (Base)/Post Code' is clicked on

2019-01-09 12:04:09 - [TEST_STEP][PASSED] - delay: Delayed 2 second(s)

2019-01-09 12:04:11 - [MESSAGE][PASSED] - Delayed 2 second(s)

2019-01-09 12:04:11 - [TEST_STEP][PASSED] - setText: Text '810' is set on object 'Object Repository/Final Object Repo/Creating Employer Account/Page_Registration - ASSIST (Base)/Post Code - 810'

2019-01-09 12:04:11 - [MESSAGE][PASSED] - Text '810' is set on object 'Object Repository/Final Object Repo/Creating Employer Account/Page_Registration - ASSIST (Base)/Post Code - 810'

2019-01-09 12:04:11 - [TEST_STEP][PASSED] - delay: Delayed 2 second(s)

2019-01-09 12:04:13 - [MESSAGE][PASSED] - Delayed 2 second(s)

2019-01-09 12:04:13 - [TEST_STEP][PASSED] - click: Object: 'Object Repository/Final Object Repo/Creating Employer Account/Page_Registration - ASSIST (Base)/Post Code - 81000' is clicked on

2019-01-09 12:04:13 - [MESSAGE][PASSED] - Object: 'Object Repository/Final Object Repo/Creating Employer Account/Page_Registration - ASSIST (Base)/Post Code - 81000' is clicked on

2019-01-09 12:04:13 - [TEST_STEP][PASSED] - delay: Delayed 2 second(s)

2019-01-09 12:04:15 - [MESSAGE][PASSED] - Delayed 2 second(s)

2019-01-09 12:04:15 - [TEST_STEP][PASSED] - setText: Text 'PERKESO' is set on object 'Object Repository/Final Object Repo/Creating Employer Account/Page_Registration - ASSIST (Base)/Full Name'

2019-01-09 12:04:16 - [MESSAGE][PASSED] - Text 'PERKESO' is set on object 'Object Repository/Final Object Repo/Creating Employer Account/Page_Registration - ASSIST (Base)/Full Name'

2019-01-09 12:04:16 - [TEST_STEP][PASSED] - Statement - rnd = new java.util.Random(): null

2019-01-09 12:04:16 - [TEST_STEP][PASSED] - Statement - snum = rnd.nextInt(899999 + 1) + 100000: null

2019-01-09 12:04:16 - [TEST_STEP][PASSED] - Statement - tnum = rnd.nextInt(899999 + 1) + 100000: null

2019-01-09 12:04:16 - [TEST_STEP][PASSED] - Statement - IC = java.lang.Integer.toString(snum) + java.lang.Integer.toString(tnum): null

2019-01-09 12:04:16 - [TEST_STEP][PASSED] - Statement - out.println(IC): null

2019-01-09 12:04:16 - [TEST_STEP][PASSED] - setText: Text '474431594820' is set on object 'Object Repository/Final Object Repo/Creating Employer Account/Page_Registration - ASSIST (Base)/Identification Number'

2019-01-09 12:04:16 - [MESSAGE][PASSED] - Text '474431594820' is set on object 'Object Repository/Final Object Repo/Creating Employer Account/Page_Registration - ASSIST (Base)/Identification Number'

2019-01-09 12:04:16 - [TEST_STEP][PASSED] - delay: Delayed 2 second(s)

2019-01-09 12:04:18 - [MESSAGE][PASSED] - Delayed 2 second(s)

2019-01-09 12:04:18 - [TEST_STEP][PASSED] - setText: Text '123456789012' is set on object 'Object Repository/Final Object Repo/Creating Employer Account/Page_Registration - ASSIST (Base)/Contact Number'

2019-01-09 12:04:18 - [MESSAGE][PASSED] - Text '123456789012' is set on object 'Object Repository/Final Object Repo/Creating Employer Account/Page_Registration - ASSIST (Base)/Contact Number'

2019-01-09 12:04:18 - [TEST_STEP][PASSED] - Statement - Email = "perkeso" + IC + "@gmail.com": null

2019-01-09 12:04:18 - [TEST_STEP][PASSED] - delay: Delayed 2 second(s)

2019-01-09 12:04:20 - [MESSAGE][PASSED] - Delayed 2 second(s)

2019-01-09 12:04:20 - [TEST_STEP][PASSED] - callTestCase: Call Test Case 'Test Cases/Final Aug 2018 - PKS Automation/Create Employer Acc/Template/Employer Email Settler' successfully

2019-01-09 12:04:20 - [TEST_CASE][PASSED] - Test Cases/Final Aug 2018 - PKS Automation/Create Employer Acc/Template/Employer Email Settler: Test Cases/Final Aug 2018 - PKS Automation/Create Employer Acc/Template/Employer Email Settler

2019-01-09 12:04:20 - [TEST_STEP][PASSED] - Statement - EmpEmailOld = new java.io.File(C://Users//Admin//Desktop//PKS//Automation Reference Point//EmpEmail.txt): null

2019-01-09 12:04:20 - [TEST_STEP][PASSED] - Statement - EmpEmailOld.delete(): null

2019-01-09 12:04:20 - [TEST_STEP][PASSED] - delay: Delayed 5 second(s)

2019-01-09 12:04:25 - [MESSAGE][PASSED] - Delayed 5 second(s)

2019-01-09 12:04:25 - [TEST_STEP][PASSED] - Statement - EmpEmail = new java.io.File(C://Users//Admin//Desktop//PKS//Automation Reference Point//EmpEmail.txt): null

2019-01-09 12:04:25 - [TEST_STEP][PASSED] - Statement - f2 = new java.io.FileWriter(EmpEmail, false): null

2019-01-09 12:04:25 - [TEST_STEP][PASSED] - Statement - f2.write(Email): null

2019-01-09 12:04:25 - [TEST_STEP][PASSED] - Statement - f2.close(): null

2019-01-09 12:04:25 - [TEST_STEP][PASSED] - Statement - out.println(Email): null

2019-01-09 12:04:25 - [MESSAGE][PASSED] - Call Test Case 'Test Cases/Final Aug 2018 - PKS Automation/Create Employer Acc/Template/Employer Email Settler' successfully

2019-01-09 12:04:25 - [TEST_STEP][PASSED] - delay: Delayed 2 second(s)

2019-01-09 12:04:27 - [MESSAGE][PASSED] - Delayed 2 second(s)

2019-01-09 12:04:27 - [TEST_STEP][PASSED] - setText: Text 'perkeso474431594820@gmail.com' is set on object 'Object Repository/Final Object Repo/Creating Employer Account/Page_Registration - ASSIST (Base)/Email'

2019-01-09 12:04:28 - [MESSAGE][PASSED] - Text 'perkeso474431594820@gmail.com' is set on object 'Object Repository/Final Object Repo/Creating Employer Account/Page_Registration - ASSIST (Base)/Email'

2019-01-09 12:04:28 - [TEST_STEP][PASSED] - setText: Text '123' is set on object 'Object Repository/Final Object Repo/Creating Employer Account/Page_Registration - ASSIST (Base)/Security Phase'

2019-01-09 12:04:28 - [MESSAGE][PASSED] - Text '123' is set on object 'Object Repository/Final Object Repo/Creating Employer Account/Page_Registration - ASSIST (Base)/Security Phase'

2019-01-09 12:04:28 - [TEST_STEP][PASSED] - click: Object: 'Object Repository/Final Object Repo/Creating Employer Account/Page_Registration - ASSIST (Base)/Save  Continue' is clicked on

2019-01-09 12:04:28 - [MESSAGE][PASSED] - Object: 'Object Repository/Final Object Repo/Creating Employer Account/Page_Registration - ASSIST (Base)/Save  Continue' is clicked on

2019-01-09 12:04:28 - [TEST_STEP][PASSED] - delay: Delayed 2 second(s)

2019-01-09 12:04:30 - [MESSAGE][PASSED] - Delayed 2 second(s)

2019-01-09 12:04:30 - [TEST_STEP][PASSED] - click: Object: 'Object Repository/Final Object Repo/Creating Employer Account/Page_Registration - ASSIST (Base)/Add Document' is clicked on

2019-01-09 12:04:31 - [MESSAGE][PASSED] - Object: 'Object Repository/Final Object Repo/Creating Employer Account/Page_Registration - ASSIST (Base)/Add Document' is clicked on

2019-01-09 12:04:31 - [TEST_STEP][PASSED] - delay: Delayed 2 second(s)

2019-01-09 12:04:33 - [MESSAGE][PASSED] - Delayed 2 second(s)

2019-01-09 12:04:33 - [TEST_STEP][PASSED] - click: Object: 'Object Repository/Final Object Repo/Creating Employer Account/Page_Registration - ASSIST (Base)/Document Type' is clicked on

2019-01-09 12:04:33 - [MESSAGE][PASSED] - Object: 'Object Repository/Final Object Repo/Creating Employer Account/Page_Registration - ASSIST (Base)/Document Type' is clicked on

2019-01-09 12:04:33 - [TEST_STEP][PASSED] - delay: Delayed 2 second(s)

2019-01-09 12:04:35 - [MESSAGE][PASSED] - Delayed 2 second(s)

2019-01-09 12:04:35 - [TEST_STEP][PASSED] - click: Object: 'Object Repository/Final Object Repo/Creating Employer Account/Page_Registration - ASSIST (Base)/Document Type - Letter of Authorization' is clicked on

2019-01-09 12:04:35 - [MESSAGE][PASSED] - Object: 'Object Repository/Final Object Repo/Creating Employer Account/Page_Registration - ASSIST (Base)/Document Type - Letter of Authorization' is clicked on

2019-01-09 12:04:35 - [TEST_STEP][PASSED] - delay: Delayed 2 second(s)

2019-01-09 12:04:37 - [MESSAGE][PASSED] - Delayed 2 second(s)

2019-01-09 12:04:37 - [TEST_STEP][PASSED] - sendKeys: Keys 'C:\Users\Public\Pictures\Sample Pictures\Koala.jpg' sent to object: 'Object Repository/Final Object Repo/Creating Employer Account/Page_Registration - ASSIST (Base)/Uploading File'

2019-01-09 12:04:37 - [MESSAGE][PASSED] - Keys 'C:\Users\Public\Pictures\Sample Pictures\Koala.jpg' sent to object: 'Object Repository/Final Object Repo/Creating Employer Account/Page_Registration - ASSIST (Base)/Uploading File'

2019-01-09 12:04:37 - [TEST_STEP][PASSED] - delay: Delayed 2 second(s)

2019-01-09 12:04:39 - [MESSAGE][PASSED] - Delayed 2 second(s)

2019-01-09 12:04:39 - [TEST_STEP][PASSED] - click: Object: 'Object Repository/Final Object Repo/Creating Employer Account/Page_Registration - ASSIST (Base)/Add Document in Uploading File' is clicked on

2019-01-09 12:04:39 - [MESSAGE][PASSED] - Object: 'Object Repository/Final Object Repo/Creating Employer Account/Page_Registration - ASSIST (Base)/Add Document in Uploading File' is clicked on

2019-01-09 12:04:39 - [TEST_STEP][PASSED] - delay: Delayed 2 second(s)

2019-01-09 12:04:41 - [MESSAGE][PASSED] - Delayed 2 second(s)

2019-01-09 12:04:41 - [TEST_STEP][PASSED] - click: Object: 'Object Repository/Final Object Repo/Creating Employer Account/Page_Registration - ASSIST (Base)/Save' is clicked on

2019-01-09 12:04:41 - [MESSAGE][PASSED] - Object: 'Object Repository/Final Object Repo/Creating Employer Account/Page_Registration - ASSIST (Base)/Save' is clicked on

2019-01-09 12:04:41 - [TEST_STEP][PASSED] - delay: Delayed 2 second(s)

2019-01-09 12:04:43 - [MESSAGE][PASSED] - Delayed 2 second(s)

2019-01-09 12:04:43 - [TEST_STEP][PASSED] - click: Object: 'Object Repository/Final Object Repo/Creating Employer Account/Page_Registration - ASSIST (Base)/Submit' is clicked on

2019-01-09 12:04:44 - [MESSAGE][PASSED] - Object: 'Object Repository/Final Object Repo/Creating Employer Account/Page_Registration - ASSIST (Base)/Submit' is clicked on

2019-01-09 12:04:44 - [TEST_STEP][PASSED] - delay: Delayed 2 second(s)

2019-01-09 12:04:46 - [MESSAGE][PASSED] - Delayed 2 second(s)

2019-01-09 12:04:46 - [TEST_STEP][PASSED] - click: Object: 'Object Repository/Final Object Repo/Creating Employer Account/Page_Registration - ASSIST (Base)/Confirm' is clicked on

2019-01-09 12:04:46 - [MESSAGE][PASSED] - Object: 'Object Repository/Final Object Repo/Creating Employer Account/Page_Registration - ASSIST (Base)/Confirm' is clicked on

2019-01-09 12:04:46 - [MESSAGE][PASSED] - Call Test Case 'Test Cases/Final Aug 2018 - PKS Automation/Create Employer Acc/Template/Register Employer' successfully

2019-01-09 12:04:46 - [TEST_STEP][PASSED] - delay: Delayed 1 second(s)

2019-01-09 12:04:47 - [MESSAGE][PASSED] - Delayed 1 second(s)

2019-01-09 12:04:47 - [TEST_STEP][PASSED] - navigateToUrl: Navigate to 'https://assist2-uat.perkeso.gov.my/c/portal/logout' successfully

2019-01-09 12:04:48 - [MESSAGE][PASSED] - Navigate to 'https://assist2-uat.perkeso.gov.my/c/portal/logout' successfully

2019-01-09 12:04:48 - [TEST_STEP][PASSED] - delay: Delayed 1 second(s)

2019-01-09 12:04:49 - [MESSAGE][PASSED] - Delayed 1 second(s)

2019-01-09 12:04:49 - [TEST_STEP][PASSED] - callTestCase: Call Test Case 'Test Cases/Final Aug 2018 - PKS Automation/Create Employer Acc/Template/Change Password of Employer' successfully

2019-01-09 12:04:49 - [TEST_CASE][PASSED] - Test Cases/Final Aug 2018 - PKS Automation/Create Employer Acc/Template/Change Password of Employer: Test Cases/Final Aug 2018 - PKS Automation/Create Employer Acc/Template/Change Password of Employer

2019-01-09 12:04:49 - [TEST_STEP][PASSED] - openBrowser: Browser is opened with url: ''

2019-01-09 12:04:49 - [MESSAGE][WARNING] - A browser is already opened. Closing browser and opening a new one

2019-01-09 12:04:52 - [MESSAGE][PASSED] - Browser is opened with url: ''

2019-01-09 12:04:52 - [TEST_STEP][PASSED] - navigateToUrl: Navigate to 'https://assist2-uat.perkeso.gov.my/login' successfully

2019-01-09 12:04:53 - [MESSAGE][PASSED] - Navigate to 'https://assist2-uat.perkeso.gov.my/login' successfully

2019-01-09 12:04:53 - [TEST_STEP][PASSED] - delay: Delayed 5 second(s)

2019-01-09 12:04:58 - [MESSAGE][PASSED] - Delayed 5 second(s)

2019-01-09 12:04:58 - [TEST_STEP][PASSED] - setText: Text 'test@liferay.com' is set on object 'Object Repository/Final Object Repo/Login Page/Internal User/Email Address'

2019-01-09 12:04:59 - [MESSAGE][PASSED] - Text 'test@liferay.com' is set on object 'Object Repository/Final Object Repo/Login Page/Internal User/Email Address'

2019-01-09 12:04:59 - [TEST_STEP][PASSED] - click: Object: 'Object Repository/Final Object Repo/Login Page/Internal User/Next Button' is clicked on

2019-01-09 12:04:59 - [MESSAGE][PASSED] - Object: 'Object Repository/Final Object Repo/Login Page/Internal User/Next Button' is clicked on

2019-01-09 12:04:59 - [TEST_STEP][PASSED] - delay: Delayed 2 second(s)

2019-01-09 12:05:01 - [MESSAGE][PASSED] - Delayed 2 second(s)

2019-01-09 12:05:01 - [TEST_STEP][PASSED] - setText: Text 'test' is set on object 'Object Repository/Final Object Repo/Login Page/Internal User/Password'

2019-01-09 12:05:01 - [MESSAGE][PASSED] - Text 'test' is set on object 'Object Repository/Final Object Repo/Login Page/Internal User/Password'

2019-01-09 12:05:01 - [TEST_STEP][PASSED] - delay: Delayed 2 second(s)

2019-01-09 12:05:03 - [MESSAGE][PASSED] - Delayed 2 second(s)

2019-01-09 12:05:03 - [TEST_STEP][PASSED] - click: Object: 'Object Repository/Final Object Repo/Login Page/Internal User/Login Button' is clicked on

2019-01-09 12:05:03 - [MESSAGE][PASSED] - Object: 'Object Repository/Final Object Repo/Login Page/Internal User/Login Button' is clicked on

2019-01-09 12:05:03 - [TEST_STEP][PASSED] - delay: Delayed 3 second(s)

2019-01-09 12:05:06 - [MESSAGE][PASSED] - Delayed 3 second(s)

2019-01-09 12:05:06 - [TEST_STEP][PASSED] - navigateToUrl: Navigate to 'https://assist2-uat.perkeso.gov.my/group/control_panel/manage?p_p_id=125&p_p_lifecycle=0&p_p_state=maximized&p_p_mode=view&refererPlid=20455&_125_usersListView=flat-users&_125_toolbarItem=view-all-users&_125_saveUsersListView=true&_125_struts_action=%2Fusers_admin%2Fview' successfully

2019-01-09 12:05:08 - [MESSAGE][PASSED] - Navigate to 'https://assist2-uat.perkeso.gov.my/group/control_panel/manage?p_p_id=125&p_p_lifecycle=0&p_p_state=maximized&p_p_mode=view&refererPlid=20455&_125_usersListView=flat-users&_125_toolbarItem=view-all-users&_125_saveUsersListView=true&_125_struts_action=%2Fusers_admin%2Fview' successfully

2019-01-09 12:05:08 - [TEST_STEP][PASSED] - delay: Delayed 3 second(s)

2019-01-09 12:05:11 - [MESSAGE][PASSED] - Delayed 3 second(s)

2019-01-09 12:05:11 - [TEST_STEP][PASSED] - setText: Text 'perkeso474431594820@gmail.com' is set on object 'Object Repository/Final Object Repo/Creating Employer Account/Page_Users and Organizations - ASSIST/Employer name'

2019-01-09 12:05:11 - [MESSAGE][PASSED] - Text 'perkeso474431594820@gmail.com' is set on object 'Object Repository/Final Object Repo/Creating Employer Account/Page_Users and Organizations - ASSIST/Employer name'

2019-01-09 12:05:11 - [TEST_STEP][PASSED] - delay: Delayed 3 second(s)

2019-01-09 12:05:14 - [MESSAGE][PASSED] - Delayed 3 second(s)

2019-01-09 12:05:14 - [TEST_STEP][PASSED] - click: Object: 'Object Repository/Final Object Repo/Creating Employer Account/Page_Users and Organizations - ASSIST/Search' is clicked on

2019-01-09 12:05:15 - [MESSAGE][PASSED] - Object: 'Object Repository/Final Object Repo/Creating Employer Account/Page_Users and Organizations - ASSIST/Search' is clicked on

2019-01-09 12:05:15 - [TEST_STEP][PASSED] - delay: Delayed 3 second(s)

2019-01-09 12:05:18 - [MESSAGE][PASSED] - Delayed 3 second(s)

2019-01-09 12:05:18 - [TEST_STEP][PASSED] - click: Object: 'Object Repository/Final Object Repo/Creating Employer Account/Page_Users and Organizations - ASSIST/Action' is clicked on

2019-01-09 12:05:18 - [MESSAGE][PASSED] - Object: 'Object Repository/Final Object Repo/Creating Employer Account/Page_Users and Organizations - ASSIST/Action' is clicked on

2019-01-09 12:05:18 - [TEST_STEP][PASSED] - delay: Delayed 3 second(s)

2019-01-09 12:05:21 - [MESSAGE][PASSED] - Delayed 3 second(s)

2019-01-09 12:05:21 - [TEST_STEP][PASSED] - click: Object: 'Object Repository/Final Object Repo/Creating Employer Account/Page_Users and Organizations - ASSIST/Edit' is clicked on

2019-01-09 12:05:22 - [MESSAGE][PASSED] - Object: 'Object Repository/Final Object Repo/Creating Employer Account/Page_Users and Organizations - ASSIST/Edit' is clicked on

2019-01-09 12:05:22 - [TEST_STEP][PASSED] - delay: Delayed 3 second(s)

2019-01-09 12:05:25 - [MESSAGE][PASSED] - Delayed 3 second(s)

2019-01-09 12:05:25 - [TEST_STEP][PASSED] - click: Object: 'Object Repository/Final Object Repo/Creating Employer Account/Page_PERKESO - Users and Organizati/a_Password (Modified)' is clicked on

2019-01-09 12:05:25 - [MESSAGE][PASSED] - Object: 'Object Repository/Final Object Repo/Creating Employer Account/Page_PERKESO - Users and Organizati/a_Password (Modified)' is clicked on

2019-01-09 12:05:25 - [TEST_STEP][PASSED] - delay: Delayed 3 second(s)

2019-01-09 12:05:28 - [MESSAGE][PASSED] - Delayed 3 second(s)

2019-01-09 12:05:28 - [TEST_STEP][PASSED] - setEncryptedText: Text ****** has been set on object 'Object Repository/Final Object Repo/Creating Employer Account/Page_PERKESO - Users and Organizati/input__125_password1'

2019-01-09 12:05:29 - [MESSAGE][PASSED] - Text ****** has been set on object 'Object Repository/Final Object Repo/Creating Employer Account/Page_PERKESO - Users and Organizati/input__125_password1'

2019-01-09 12:05:29 - [TEST_STEP][PASSED] - delay: Delayed 3 second(s)

2019-01-09 12:05:32 - [MESSAGE][PASSED] - Delayed 3 second(s)

2019-01-09 12:05:32 - [TEST_STEP][PASSED] - setEncryptedText: Text ****** has been set on object 'Object Repository/Final Object Repo/Creating Employer Account/Page_PERKESO - Users and Organizati/input__125_password2'

2019-01-09 12:05:32 - [MESSAGE][PASSED] - Text ****** has been set on object 'Object Repository/Final Object Repo/Creating Employer Account/Page_PERKESO - Users and Organizati/input__125_password2'

2019-01-09 12:05:32 - [TEST_STEP][PASSED] - delay: Delayed 3 second(s)

2019-01-09 12:05:35 - [MESSAGE][PASSED] - Delayed 3 second(s)

2019-01-09 12:05:35 - [TEST_STEP][PASSED] - click: Object: 'Object Repository/Final Object Repo/Creating Employer Account/Page_PERKESO - Users and Organizati/Save' is clicked on

2019-01-09 12:05:37 - [MESSAGE][PASSED] - Object: 'Object Repository/Final Object Repo/Creating Employer Account/Page_PERKESO - Users and Organizati/Save' is clicked on

2019-01-09 12:05:37 - [MESSAGE][PASSED] - Call Test Case 'Test Cases/Final Aug 2018 - PKS Automation/Create Employer Acc/Template/Change Password of Employer' successfully

2019-01-09 12:05:37 - [TEST_STEP][PASSED] - delay: Delayed 1 second(s)

2019-01-09 12:05:38 - [MESSAGE][PASSED] - Delayed 1 second(s)

2019-01-09 12:05:38 - [TEST_STEP][PASSED] - navigateToUrl: Navigate to 'https://assist2-uat.perkeso.gov.my/c/portal/logout' successfully

2019-01-09 12:05:39 - [MESSAGE][PASSED] - Navigate to 'https://assist2-uat.perkeso.gov.my/c/portal/logout' successfully

2019-01-09 12:05:39 - [TEST_STEP][PASSED] - delay: Delayed 1 second(s)

2019-01-09 12:05:40 - [MESSAGE][PASSED] - Delayed 1 second(s)

2019-01-09 12:05:40 - [TEST_STEP][PASSED] - callTestCase: Call Test Case 'Test Cases/Final Aug 2018 - PKS Automation/Create Employer Acc/Template/Login to Employer Account (First Time)' successfully

2019-01-09 12:05:40 - [TEST_CASE][PASSED] - Test Cases/Final Aug 2018 - PKS Automation/Create Employer Acc/Template/Login to Employer Account (First Time): Test Cases/Final Aug 2018 - PKS Automation/Create Employer Acc/Template/Login to Employer Account (First Time)

2019-01-09 12:05:40 - [TEST_STEP][PASSED] - openBrowser: Browser is opened with url: ''

2019-01-09 12:05:40 - [MESSAGE][WARNING] - A browser is already opened. Closing browser and opening a new one

2019-01-09 12:05:43 - [MESSAGE][PASSED] - Browser is opened with url: ''

2019-01-09 12:05:43 - [TEST_STEP][PASSED] - navigateToUrl: Navigate to 'https://assist2-uat.perkeso.gov.my/employer/login' successfully

2019-01-09 12:05:44 - [MESSAGE][PASSED] - Navigate to 'https://assist2-uat.perkeso.gov.my/employer/login' successfully

2019-01-09 12:05:44 - [TEST_STEP][PASSED] - delay: Delayed 3 second(s)

2019-01-09 12:05:47 - [MESSAGE][PASSED] - Delayed 3 second(s)

2019-01-09 12:05:47 - [TEST_STEP][PASSED] - callTestCase: Call Test Case 'Test Cases/Final Aug 2018 - PKS Automation/Create Employer Acc/Template/Employer Email Getter' successfully

2019-01-09 12:05:47 - [TEST_CASE][PASSED] - Test Cases/Final Aug 2018 - PKS Automation/Create Employer Acc/Template/Employer Email Getter: Test Cases/Final Aug 2018 - PKS Automation/Create Employer Acc/Template/Employer Email Getter

2019-01-09 12:05:47 - [TEST_STEP][PASSED] - Statement - Try: null

2019-01-09 12:05:47 - [TEST_STEP][PASSED] - Statement - EmpEmail = new java.io.File(C://Users//Admin//Desktop//PKS//Automation Reference Point//EmpEmail.txt): null

2019-01-09 12:05:47 - [TEST_STEP][PASSED] - Statement - bufferread = new java.io.BufferedReader(new java.io.FileReader(EmpEmail)): null

2019-01-09 12:05:47 - [TEST_STEP][PASSED] - Statement - readedVal = bufferread.readLine(): null

2019-01-09 12:05:47 - [TEST_STEP][PASSED] - Statement - out.println(readedVal): null

2019-01-09 12:05:47 - [TEST_STEP][PASSED] - Statement - Email = readedVal: null

2019-01-09 12:05:47 - [MESSAGE][PASSED] - Call Test Case 'Test Cases/Final Aug 2018 - PKS Automation/Create Employer Acc/Template/Employer Email Getter' successfully

2019-01-09 12:05:47 - [TEST_STEP][PASSED] - setText: Text 'perkeso474431594820@gmail.com' is set on object 'Object Repository/Final Object Repo/Login Page/External Login Page/Email'

2019-01-09 12:05:47 - [MESSAGE][PASSED] - Text 'perkeso474431594820@gmail.com' is set on object 'Object Repository/Final Object Repo/Login Page/External Login Page/Email'

2019-01-09 12:05:47 - [TEST_STEP][PASSED] - click: Object: 'Object Repository/Final Object Repo/Login Page/External Login Page/Next' is clicked on

2019-01-09 12:05:47 - [MESSAGE][PASSED] - Object: 'Object Repository/Final Object Repo/Login Page/External Login Page/Next' is clicked on

2019-01-09 12:05:47 - [TEST_STEP][PASSED] - delay: Delayed 3 second(s)

2019-01-09 12:05:50 - [MESSAGE][PASSED] - Delayed 3 second(s)

2019-01-09 12:05:50 - [TEST_STEP][PASSED] - setEncryptedText: Text ****** has been set on object 'Object Repository/Final Object Repo/Login Page/External Login Page/Password'

2019-01-09 12:05:51 - [MESSAGE][PASSED] - Text ****** has been set on object 'Object Repository/Final Object Repo/Login Page/External Login Page/Password'

2019-01-09 12:05:51 - [TEST_STEP][PASSED] - click: Object: 'Object Repository/Final Object Repo/Login Page/External Login Page/Login' is clicked on

2019-01-09 12:05:51 - [MESSAGE][PASSED] - Object: 'Object Repository/Final Object Repo/Login Page/External Login Page/Login' is clicked on

2019-01-09 12:05:51 - [TEST_STEP][PASSED] - delay: Delayed 3 second(s)

2019-01-09 12:05:54 - [MESSAGE][PASSED] - Delayed 3 second(s)

2019-01-09 12:05:54 - [TEST_STEP][PASSED] - click: Object: 'Object Repository/Final Object Repo/Creating Employer Account/Page_Terms of Use - ASSIST/button_I Agree' is clicked on

2019-01-09 12:05:55 - [MESSAGE][PASSED] - Object: 'Object Repository/Final Object Repo/Creating Employer Account/Page_Terms of Use - ASSIST/button_I Agree' is clicked on

2019-01-09 12:05:55 - [TEST_STEP][PASSED] - delay: Delayed 2 second(s)

2019-01-09 12:05:57 - [MESSAGE][PASSED] - Delayed 2 second(s)

2019-01-09 12:05:57 - [TEST_STEP][PASSED] - setEncryptedText: Text ****** has been set on object 'Object Repository/Final Object Repo/Creating Employer Account/Page_New Password - ASSIST/input_password1'

2019-01-09 12:05:57 - [MESSAGE][PASSED] - Text ****** has been set on object 'Object Repository/Final Object Repo/Creating Employer Account/Page_New Password - ASSIST/input_password1'

2019-01-09 12:05:57 - [TEST_STEP][PASSED] - setEncryptedText: Text ****** has been set on object 'Object Repository/Final Object Repo/Creating Employer Account/Page_New Password - ASSIST/input_password2'

2019-01-09 12:05:57 - [MESSAGE][PASSED] - Text ****** has been set on object 'Object Repository/Final Object Repo/Creating Employer Account/Page_New Password - ASSIST/input_password2'

2019-01-09 12:05:57 - [TEST_STEP][PASSED] - delay: Delayed 2 second(s)

2019-01-09 12:05:59 - [MESSAGE][PASSED] - Delayed 2 second(s)

2019-01-09 12:05:59 - [TEST_STEP][PASSED] - click: Object: 'Object Repository/Final Object Repo/Creating Employer Account/Page_New Password - ASSIST/Save' is clicked on

2019-01-09 12:05:59 - [MESSAGE][PASSED] - Object: 'Object Repository/Final Object Repo/Creating Employer Account/Page_New Password - ASSIST/Save' is clicked on

2019-01-09 12:05:59 - [TEST_STEP][PASSED] - delay: Delayed 2 second(s)

2019-01-09 12:06:01 - [MESSAGE][PASSED] - Delayed 2 second(s)

2019-01-09 12:06:01 - [TEST_STEP][PASSED] - setText: Text 'test' is set on object 'Object Repository/Final Object Repo/Creating Employer Account/Page_Password Reminder - ASSIST/Reminder Query Answer'

2019-01-09 12:06:02 - [MESSAGE][PASSED] - Text 'test' is set on object 'Object Repository/Final Object Repo/Creating Employer Account/Page_Password Reminder - ASSIST/Reminder Query Answer'

2019-01-09 12:06:02 - [TEST_STEP][PASSED] - delay: Delayed 2 second(s)

2019-01-09 12:06:04 - [MESSAGE][PASSED] - Delayed 2 second(s)

2019-01-09 12:06:04 - [TEST_STEP][PASSED] - doubleClick: Object: 'Object Repository/Final Object Repo/Creating Employer Account/Page_Password Reminder - ASSIST/Save' is double clicked on

2019-01-09 12:06:04 - [MESSAGE][PASSED] - Object: 'Object Repository/Final Object Repo/Creating Employer Account/Page_Password Reminder - ASSIST/Save' is double clicked on

2019-01-09 12:06:04 - [MESSAGE][PASSED] - Call Test Case 'Test Cases/Final Aug 2018 - PKS Automation/Create Employer Acc/Template/Login to Employer Account (First Time)' successfully

2019-01-09 12:06:04 - [MESSAGE][PASSED] - Call Test Case 'Test Cases/Final Aug 2018 - PKS Automation/Create Employer Acc/Create Employer Account' successfully

2019-01-09 12:06:04 - [TEST_STEP][PASSED] - callTestCase: Call Test Case 'Test Cases/Final Aug 2018 - PKS Automation/Registration Module/Log Out/log out avoiding katalon tagging' successfully

2019-01-09 12:06:04 - [TEST_CASE][PASSED] - Test Cases/Final Aug 2018 - PKS Automation/Registration Module/Log Out/log out avoiding katalon tagging: Test Cases/Final Aug 2018 - PKS Automation/Registration Module/Log Out/log out avoiding katalon tagging

2019-01-09 12:06:04 - [TEST_STEP][PASSED] - navigateToUrl: Navigate to 'https://assist2-uat.perkeso.gov.my/c/portal/logout' successfully

2019-01-09 12:06:06 - [MESSAGE][PASSED] - Navigate to 'https://assist2-uat.perkeso.gov.my/c/portal/logout' successfully

2019-01-09 12:06:06 - [MESSAGE][PASSED] - Call Test Case 'Test Cases/Final Aug 2018 - PKS Automation/Registration Module/Log Out/log out avoiding katalon tagging' successfully

2019-01-09 12:06:06 - [TEST_STEP][PASSED] - callTestCase: Call Test Case 'Test Cases/Final Aug 2018 - PKS Automation/Create Employer Acc/Login to Employer Account (Second time)' successfully

2019-01-09 12:06:06 - [TEST_CASE][PASSED] - Test Cases/Final Aug 2018 - PKS Automation/Create Employer Acc/Login to Employer Account (Second time): Test Cases/Final Aug 2018 - PKS Automation/Create Employer Acc/Login to Employer Account (Second time)

2019-01-09 12:06:06 - [TEST_STEP][PASSED] - openBrowser: Browser is opened with url: ''

2019-01-09 12:06:06 - [MESSAGE][WARNING] - A browser is already opened. Closing browser and opening a new one

2019-01-09 12:06:09 - [MESSAGE][PASSED] - Browser is opened with url: ''

2019-01-09 12:06:09 - [TEST_STEP][PASSED] - navigateToUrl: Navigate to 'https://assist2-uat.perkeso.gov.my/employer/login' successfully

2019-01-09 12:06:10 - [MESSAGE][PASSED] - Navigate to 'https://assist2-uat.perkeso.gov.my/employer/login' successfully

2019-01-09 12:06:10 - [TEST_STEP][PASSED] - delay: Delayed 3 second(s)

2019-01-09 12:06:13 - [MESSAGE][PASSED] - Delayed 3 second(s)

2019-01-09 12:06:13 - [TEST_STEP][PASSED] - callTestCase: Call Test Case 'Test Cases/Final Aug 2018 - PKS Automation/Create Employer Acc/Template/Employer Email Getter' successfully

2019-01-09 12:06:14 - [TEST_CASE][PASSED] - Test Cases/Final Aug 2018 - PKS Automation/Create Employer Acc/Template/Employer Email Getter: Test Cases/Final Aug 2018 - PKS Automation/Create Employer Acc/Template/Employer Email Getter

2019-01-09 12:06:14 - [TEST_STEP][PASSED] - Statement - Try: null

2019-01-09 12:06:14 - [TEST_STEP][PASSED] - Statement - EmpEmail = new java.io.File(C://Users//Admin//Desktop//PKS//Automation Reference Point//EmpEmail.txt): null

2019-01-09 12:06:14 - [TEST_STEP][PASSED] - Statement - bufferread = new java.io.BufferedReader(new java.io.FileReader(EmpEmail)): null

2019-01-09 12:06:14 - [TEST_STEP][PASSED] - Statement - readedVal = bufferread.readLine(): null

2019-01-09 12:06:14 - [TEST_STEP][PASSED] - Statement - out.println(readedVal): null

2019-01-09 12:06:14 - [TEST_STEP][PASSED] - Statement - Email = readedVal: null

2019-01-09 12:06:14 - [MESSAGE][PASSED] - Call Test Case 'Test Cases/Final Aug 2018 - PKS Automation/Create Employer Acc/Template/Employer Email Getter' successfully

2019-01-09 12:06:14 - [TEST_STEP][PASSED] - setText: Text 'perkeso474431594820@gmail.com' is set on object 'Object Repository/Final Object Repo/Login Page/External Login Page/Email'

2019-01-09 12:06:14 - [MESSAGE][PASSED] - Text 'perkeso474431594820@gmail.com' is set on object 'Object Repository/Final Object Repo/Login Page/External Login Page/Email'

2019-01-09 12:06:14 - [TEST_STEP][PASSED] - click: Object: 'Object Repository/Final Object Repo/Login Page/External Login Page/Next' is clicked on

2019-01-09 12:06:14 - [MESSAGE][PASSED] - Object: 'Object Repository/Final Object Repo/Login Page/External Login Page/Next' is clicked on

2019-01-09 12:06:14 - [TEST_STEP][PASSED] - delay: Delayed 3 second(s)

2019-01-09 12:06:17 - [MESSAGE][PASSED] - Delayed 3 second(s)

2019-01-09 12:06:17 - [TEST_STEP][PASSED] - setEncryptedText: Text ****** has been set on object 'Object Repository/Final Object Repo/Login Page/External Login Page/Password'

2019-01-09 12:06:17 - [MESSAGE][PASSED] - Text ****** has been set on object 'Object Repository/Final Object Repo/Login Page/External Login Page/Password'

2019-01-09 12:06:17 - [TEST_STEP][PASSED] - click: Object: 'Object Repository/Final Object Repo/Login Page/External Login Page/Login' is clicked on

2019-01-09 12:06:18 - [MESSAGE][PASSED] - Object: 'Object Repository/Final Object Repo/Login Page/External Login Page/Login' is clicked on

2019-01-09 12:06:18 - [TEST_STEP][PASSED] - delay: Delayed 5 second(s)

2019-01-09 12:06:23 - [MESSAGE][PASSED] - Delayed 5 second(s)

2019-01-09 12:06:23 - [MESSAGE][PASSED] - Call Test Case 'Test Cases/Final Aug 2018 - PKS Automation/Create Employer Acc/Login to Employer Account (Second time)' successfully

2019-01-09 12:06:23 - [TEST_STEP][PASSED] - Statement - Try: null

2019-01-09 12:06:23 - [TEST_STEP][PASSED] - Statement - Checker = com.kms.katalon.core.webui.keyword.WebUiBuiltInKeywords.verifyElementNotPresent("Final Object Repo/Landing Page/Select to English", 3): null

2019-01-09 12:06:23 - [TEST_STEP][PASSED] - Statement - Catch (Exception e): null

2019-01-09 12:06:23 - [TEST_STEP][PASSED] - Statement - e.printStackTrace(): null

2019-01-09 12:06:23 - [TEST_STEP][PASSED] - delay: Delayed 5 second(s)

2019-01-09 12:06:28 - [MESSAGE][PASSED] - Delayed 5 second(s)

2019-01-09 12:06:28 - [TEST_STEP][PASSED] - click: Object: 'Object Repository/Final Object Repo/Landing Page/My Sites Drop Down' is clicked on

2019-01-09 12:06:28 - [MESSAGE][PASSED] - Object: 'Object Repository/Final Object Repo/Landing Page/My Sites Drop Down' is clicked on

2019-01-09 12:06:28 - [TEST_STEP][PASSED] - click: Object: 'Object Repository/Final Object Repo/Landing Page/Select to Registration Module' is clicked on

2019-01-09 12:06:30 - [MESSAGE][PASSED] - Object: 'Object Repository/Final Object Repo/Landing Page/Select to Registration Module' is clicked on

2019-01-09 12:06:30 - [TEST_STEP][PASSED] - click: Object: 'Object Repository/Final Object Repo/Landing Page/Registration Button' is clicked on

2019-01-09 12:06:31 - [MESSAGE][PASSED] - Object: 'Object Repository/Final Object Repo/Landing Page/Registration Button' is clicked on

2019-01-09 12:06:31 - [TEST_STEP][PASSED] - delay: Delayed 2 second(s)

2019-01-09 12:06:33 - [MESSAGE][PASSED] - Delayed 2 second(s)

2019-01-09 12:06:33 - [TEST_STEP][PASSED] - click: Object: 'Object Repository/Final Object Repo/New Registration - Registration Module Pages/New Reg - OTC to RO/Special Case - OTC - Form 1/AEC NO' is clicked on

2019-01-09 12:06:34 - [MESSAGE][PASSED] - Object: 'Object Repository/Final Object Repo/New Registration - Registration Module Pages/New Reg - OTC to RO/Special Case - OTC - Form 1/AEC NO' is clicked on

2019-01-09 12:06:34 - [TEST_STEP][PASSED] - click: Object: 'Object Repository/Final Object Repo/New Registration - Registration Module Pages/New Reg - OTC to RO/Special Case - OTC - Form 1/Business Entity - Please Select' is clicked on

2019-01-09 12:06:34 - [MESSAGE][PASSED] - Object: 'Object Repository/Final Object Repo/New Registration - Registration Module Pages/New Reg - OTC to RO/Special Case - OTC - Form 1/Business Entity - Please Select' is clicked on

2019-01-09 12:06:34 - [TEST_STEP][PASSED] - click: Object: 'Object Repository/Final Object Repo/New Registration - Registration Module Pages/New Reg - OTC to RO/Special Case - OTC - Form 1/Selected - Corporation' is clicked on

2019-01-09 12:06:34 - [MESSAGE][PASSED] - Object: 'Object Repository/Final Object Repo/New Registration - Registration Module Pages/New Reg - OTC to RO/Special Case - OTC - Form 1/Selected - Corporation' is clicked on

2019-01-09 12:06:34 - [TEST_STEP][PASSED] - delay: Delayed 2 second(s)

2019-01-09 12:06:36 - [MESSAGE][PASSED] - Delayed 2 second(s)

2019-01-09 12:06:36 - [TEST_STEP][PASSED] - click: Object: 'Object Repository/Final Object Repo/New Registration - Registration Module Pages/New Reg - OTC to RO/Special Case - OTC - Form 1/Sub Business Entity - Please Select' is clicked on

2019-01-09 12:06:36 - [MESSAGE][PASSED] - Object: 'Object Repository/Final Object Repo/New Registration - Registration Module Pages/New Reg - OTC to RO/Special Case - OTC - Form 1/Sub Business Entity - Please Select' is clicked on

2019-01-09 12:06:36 - [TEST_STEP][PASSED] - delay: Delayed 2 second(s)

2019-01-09 12:06:38 - [MESSAGE][PASSED] - Delayed 2 second(s)

2019-01-09 12:06:38 - [TEST_STEP][PASSED] - click: Object: 'Object Repository/Final Object Repo/New Registration - Registration Module Pages/New Reg - OTC to RO/Special Case - OTC - Form 1/Selected - Sendirian Berhad' is clicked on

2019-01-09 12:06:39 - [MESSAGE][PASSED] - Object: 'Object Repository/Final Object Repo/New Registration - Registration Module Pages/New Reg - OTC to RO/Special Case - OTC - Form 1/Selected - Sendirian Berhad' is clicked on

2019-01-09 12:06:39 - [TEST_STEP][PASSED] - setText: Text 'AUTOMATE001' is set on object 'Object Repository/Final Object Repo/New Registration - Registration Module Pages/New Reg - OTC to RO/Special Case - OTC - Form 1/Input BRN Number'

2019-01-09 12:06:39 - [MESSAGE][PASSED] - Text 'AUTOMATE001' is set on object 'Object Repository/Final Object Repo/New Registration - Registration Module Pages/New Reg - OTC to RO/Special Case - OTC - Form 1/Input BRN Number'

2019-01-09 12:06:39 - [TEST_STEP][PASSED] - delay: Delayed 2 second(s)

2019-01-09 12:06:41 - [MESSAGE][PASSED] - Delayed 2 second(s)

2019-01-09 12:06:41 - [TEST_STEP][PASSED] - click: Object: 'Object Repository/Final Object Repo/New Registration - Registration Module Pages/New Reg - OTC to RO/Special Case - OTC - Form 1/BRN Search' is clicked on

2019-01-09 12:06:41 - [MESSAGE][PASSED] - Object: 'Object Repository/Final Object Repo/New Registration - Registration Module Pages/New Reg - OTC to RO/Special Case - OTC - Form 1/BRN Search' is clicked on

2019-01-09 12:06:41 - [TEST_STEP][PASSED] - delay: Delayed 4 second(s)

2019-01-09 12:06:45 - [MESSAGE][PASSED] - Delayed 4 second(s)

2019-01-09 12:06:45 - [TEST_STEP][PASSED] - click: Object: 'Object Repository/Final Object Repo/New Registration - Registration Module Pages/New Reg - OTC to RO/Special Case - OTC - Form 1/Registered with SSM - After Feb 2017' is clicked on

2019-01-09 12:06:45 - [MESSAGE][PASSED] - Object: 'Object Repository/Final Object Repo/New Registration - Registration Module Pages/New Reg - OTC to RO/Special Case - OTC - Form 1/Registered with SSM - After Feb 2017' is clicked on

2019-01-09 12:06:45 - [TEST_STEP][PASSED] - delay: Delayed 2 second(s)

2019-01-09 12:06:47 - [MESSAGE][PASSED] - Delayed 2 second(s)

2019-01-09 12:06:47 - [TEST_STEP][PASSED] - click: Object: 'Object Repository/Final Object Repo/New Registration - Registration Module Pages/New Reg - OTC to RO/Special Case - OTC - Form 1/Registering As A Branch - No' is clicked on

2019-01-09 12:06:47 - [MESSAGE][PASSED] - Object: 'Object Repository/Final Object Repo/New Registration - Registration Module Pages/New Reg - OTC to RO/Special Case - OTC - Form 1/Registering As A Branch - No' is clicked on

2019-01-09 12:06:47 - [TEST_STEP][PASSED] - click: Object: 'Object Repository/Final Object Repo/New Registration - Registration Module Pages/New Reg - OTC to RO/Special Case - OTC - Form 1/Acknowledgement Ticked' is clicked on

2019-01-09 12:06:48 - [MESSAGE][PASSED] - Object: 'Object Repository/Final Object Repo/New Registration - Registration Module Pages/New Reg - OTC to RO/Special Case - OTC - Form 1/Acknowledgement Ticked' is clicked on

2019-01-09 12:06:48 - [TEST_STEP][PASSED] - delay: Delayed 2 second(s)

2019-01-09 12:06:50 - [MESSAGE][PASSED] - Delayed 2 second(s)

2019-01-09 12:06:50 - [TEST_STEP][PASSED] - callTestCase: Call Test Case 'Test Cases/Final Aug 2018 - PKS Automation/Create Employer Acc/Template/Employer Email Getter' successfully

2019-01-09 12:06:50 - [TEST_CASE][PASSED] - Test Cases/Final Aug 2018 - PKS Automation/Create Employer Acc/Template/Employer Email Getter: Test Cases/Final Aug 2018 - PKS Automation/Create Employer Acc/Template/Employer Email Getter

2019-01-09 12:06:50 - [TEST_STEP][PASSED] - Statement - Try: null

2019-01-09 12:06:50 - [TEST_STEP][PASSED] - Statement - EmpEmail = new java.io.File(C://Users//Admin//Desktop//PKS//Automation Reference Point//EmpEmail.txt): null

2019-01-09 12:06:50 - [TEST_STEP][PASSED] - Statement - bufferread = new java.io.BufferedReader(new java.io.FileReader(EmpEmail)): null

2019-01-09 12:06:50 - [TEST_STEP][PASSED] - Statement - readedVal = bufferread.readLine(): null

2019-01-09 12:06:50 - [TEST_STEP][PASSED] - Statement - out.println(readedVal): null

2019-01-09 12:06:50 - [TEST_STEP][PASSED] - Statement - Email = readedVal: null

2019-01-09 12:06:50 - [MESSAGE][PASSED] - Call Test Case 'Test Cases/Final Aug 2018 - PKS Automation/Create Employer Acc/Template/Employer Email Getter' successfully

2019-01-09 12:06:50 - [TEST_STEP][PASSED] - setText: Text 'perkeso474431594820@gmail.com' is set on object 'Object Repository/Final Object Repo/Creating Employer Account/Email'

2019-01-09 12:06:51 - [MESSAGE][PASSED] - Text 'perkeso474431594820@gmail.com' is set on object 'Object Repository/Final Object Repo/Creating Employer Account/Email'

2019-01-09 12:06:51 - [TEST_STEP][PASSED] - delay: Delayed 2 second(s)

2019-01-09 12:06:53 - [MESSAGE][PASSED] - Delayed 2 second(s)

2019-01-09 12:06:53 - [TEST_STEP][PASSED] - click: Object: 'Object Repository/Final Object Repo/New Registration - Registration Module Pages/New Reg - OTC to RO/Special Case - OTC - Form 1/Submit Button' is clicked on

2019-01-09 12:06:53 - [MESSAGE][PASSED] - Object: 'Object Repository/Final Object Repo/New Registration - Registration Module Pages/New Reg - OTC to RO/Special Case - OTC - Form 1/Submit Button' is clicked on

2019-01-09 12:06:53 - [TEST_STEP][PASSED] - delay: Delayed 2 second(s)

2019-01-09 12:06:55 - [MESSAGE][PASSED] - Delayed 2 second(s)

2019-01-09 12:06:55 - [TEST_STEP][PASSED] - click: Object: 'Object Repository/Final Object Repo/New Registration - Registration Module Pages/New Reg - OTC to RO/Special Case - OTC - Form 1/Confirm No Flagging as Branch' is clicked on

2019-01-09 12:06:55 - [MESSAGE][PASSED] - Object: 'Object Repository/Final Object Repo/New Registration - Registration Module Pages/New Reg - OTC to RO/Special Case - OTC - Form 1/Confirm No Flagging as Branch' is clicked on

2019-01-09 12:06:55 - [MESSAGE][PASSED] - Call Test Case 'Test Cases/Final Aug 2018 - PKS Automation/Registration Module/Workflow/New Registration/Template/Special Case - Employer - Form 1' successfully

2019-01-09 12:06:55 - [TEST_STEP][PASSED] - callTestCase: Call Test Case 'Test Cases/Final Aug 2018 - PKS Automation/Registration Module/New Registration/Form 2/Add 1 Eligible - Employer Account Use' successfully

2019-01-09 12:06:55 - [TEST_CASE][PASSED] - Test Cases/Final Aug 2018 - PKS Automation/Registration Module/New Registration/Form 2/Add 1 Eligible - Employer Account Use: Test Cases/Final Aug 2018 - PKS Automation/Registration Module/New Registration/Form 2/Add 1 Eligible - Employer Account Use

2019-01-09 12:06:55 - [TEST_STEP][PASSED] - delay: Delayed 2 second(s)

2019-01-09 12:06:57 - [MESSAGE][PASSED] - Delayed 2 second(s)

2019-01-09 12:06:57 - [TEST_STEP][PASSED] - callTestCase: Call Test Case 'Test Cases/Final Aug 2018 - PKS Automation/Registration Module/New Registration/Form 2/Date Updater' successfully

2019-01-09 12:06:57 - [TEST_CASE][PASSED] - Test Cases/Final Aug 2018 - PKS Automation/Registration Module/New Registration/Form 2/Date Updater: Test Cases/Final Aug 2018 - PKS Automation/Registration Module/New Registration/Form 2/Date Updater

2019-01-09 12:06:57 - [TEST_STEP][PASSED] - Statement - TodayDate = new java.util.Date(): null

2019-01-09 12:06:57 - [TEST_STEP][PASSED] - Statement - CurrentDateNoFilter = new java.text.SimpleDateFormat(): null

2019-01-09 12:06:57 - [TEST_STEP][PASSED] - Statement - CurrentDateNoFilter.applyPattern("MM"): null

2019-01-09 12:06:57 - [TEST_STEP][PASSED] - Statement - monthContainerMatcher = java.lang.Integer.parseInt(CurrentDateNoFilter.format(TodayDate)): null

2019-01-09 12:06:57 - [TEST_STEP][PASSED] - Statement - monthContainerMatcher = monthContainerMatcher - 1: null

2019-01-09 12:06:57 - [TEST_STEP][PASSED] - Statement - CurrentMonth = monthContainerMatcher.toString(): null

2019-01-09 12:06:57 - [TEST_STEP][PASSED] - Statement - CurrentMonth = CurrentMonth: null

2019-01-09 12:06:57 - [TEST_STEP][PASSED] - Statement - CurrentDateNoFilter.applyPattern("yyyy"): null

2019-01-09 12:06:57 - [TEST_STEP][PASSED] - Statement - CurrentYear = CurrentDateNoFilter.format(TodayDate): null

2019-01-09 12:06:57 - [TEST_STEP][PASSED] - Statement - CurrentYear = CurrentYear: null

2019-01-09 12:06:57 - [TEST_STEP][PASSED] - Statement - intCurrentYear = java.lang.Integer.parseInt(CurrentDateNoFilter.format(TodayDate)): null

2019-01-09 12:06:57 - [TEST_STEP][PASSED] - Statement - eighteenYrsAgo = intCurrentYear - 18: null

2019-01-09 12:06:57 - [TEST_STEP][PASSED] - Statement - eighteenYrsBeforeThisYr = eighteenYrsAgo.toString(): null

2019-01-09 12:06:57 - [TEST_STEP][PASSED] - Statement - EighteenYrsBefore = eighteenYrsBeforeThisYr: null

2019-01-09 12:06:57 - [TEST_STEP][PASSED] - Statement - fiftysevenYrsAgo = intCurrentYear - 57: null

2019-01-09 12:06:57 - [TEST_STEP][PASSED] - Statement - fiftysevenYrsBeforeThisYr = fiftysevenYrsAgo.toString(): null

2019-01-09 12:06:57 - [TEST_STEP][PASSED] - Statement - FiftysevenYrsBefore = fiftysevenYrsBeforeThisYr: null

2019-01-09 12:06:57 - [TEST_STEP][PASSED] - Statement - leapYear = false: null

2019-01-09 12:06:57 - [TEST_STEP][PASSED] - Statement - leapYear = intCurrentYear % 4 == 0: null

2019-01-09 12:06:57 - [TEST_STEP][PASSED] - Statement - CurrentDateNoFilter.applyPattern("dd"): null

2019-01-09 12:06:57 - [TEST_STEP][PASSED] - Statement - CurrentDate = CurrentDateNoFilter.format(TodayDate): null

2019-01-09 12:06:57 - [TEST_STEP][PASSED] - Statement - CurrentDate = java.lang.Integer.parseInt(CurrentDate): null

2019-01-09 12:06:57 - [TEST_STEP][PASSED] - Statement - CurrentDate = CurrentDate: null

2019-01-09 12:06:57 - [TEST_STEP][PASSED] - Statement - CurrentDay = java.lang.Integer.parseInt(CurrentDate): null

2019-01-09 12:06:57 - [TEST_STEP][PASSED] - Statement - ConfAdder = <not implemented yet for class: org.codehaus.groovy.ast.expr.EmptyExpression>: null

2019-01-09 12:06:57 - [TEST_STEP][PASSED] - Statement - out.println(CurrentMonth): null

2019-01-09 12:06:57 - [TEST_STEP][PASSED] - Statement - out.println(CurrentDate): null

2019-01-09 12:06:57 - [TEST_STEP][PASSED] - Statement - switch (CurrentDate): null

2019-01-09 12:06:57 - [TEST_STEP][PASSED] - Statement - Default: null

2019-01-09 12:06:57 - [TEST_STEP][PASSED] - Statement - ConfAdder = true: null

2019-01-09 12:06:57 - [TEST_STEP][PASSED] - Statement - Break: null

2019-01-09 12:06:57 - [TEST_STEP][PASSED] - Statement - aDayBefore = <not implemented yet for class: org.codehaus.groovy.ast.expr.EmptyExpression>: null

2019-01-09 12:06:57 - [TEST_STEP][PASSED] - Statement - out.println(ConfAdder): null

2019-01-09 12:06:57 - [TEST_STEP][PASSED] - Statement - If (ConfAdder == true): null

2019-01-09 12:06:57 - [TEST_STEP][PASSED] - Statement - aDayBefore = CurrentDay + 1: null

2019-01-09 12:06:57 - [TEST_STEP][PASSED] - Statement - out.println(aDayBefore): null

2019-01-09 12:06:57 - [TEST_STEP][PASSED] - Statement - If (aDayBefore == 1 && CurrentMonth == 11): null

2019-01-09 12:06:57 - [TEST_STEP][PASSED] - Statement - DayBefore = aDayBefore.toString(): null

2019-01-09 12:06:57 - [TEST_STEP][PASSED] - Statement - OneDayBefore = DayBefore: null

2019-01-09 12:06:57 - [MESSAGE][PASSED] - Call Test Case 'Test Cases/Final Aug 2018 - PKS Automation/Registration Module/New Registration/Form 2/Date Updater' successfully

2019-01-09 12:06:58 - [TEST_STEP][PASSED] - delay: Delayed 1 second(s)

2019-01-09 12:06:59 - [MESSAGE][PASSED] - Delayed 1 second(s)

2019-01-09 12:06:59 - [TEST_STEP][PASSED] - Statement - CaseReferenceNo = com.kms.katalon.core.webui.keyword.WebUiBuiltInKeywords.getText(com.kms.katalon.core.testobject.ObjectRepository.findTestObject(Final Object Repo/New Registration - Registration Module Pages/Form 2/RefNo Acquiring)): Text of object 'Object Repository/Final Object Repo/New Registration - Registration Module Pages/Form 2/RefNo Acquiring' is: 'CRN01201900123679'

2019-01-09 12:06:59 - [MESSAGE][PASSED] - Text of object 'Object Repository/Final Object Repo/New Registration - Registration Module Pages/Form 2/RefNo Acquiring' is: 'CRN01201900123679'

2019-01-09 12:06:59 - [TEST_STEP][PASSED] - delay: Delayed 1 second(s)

2019-01-09 12:07:00 - [MESSAGE][PASSED] - Delayed 1 second(s)

2019-01-09 12:07:00 - [TEST_STEP][PASSED] - click: Object: 'Object Repository/Final Object Repo/New Registration - Registration Module Pages/Form 2/Add Employee Button' is clicked on

2019-01-09 12:07:00 - [MESSAGE][PASSED] - Object: 'Object Repository/Final Object Repo/New Registration - Registration Module Pages/Form 2/Add Employee Button' is clicked on

2019-01-09 12:07:00 - [TEST_STEP][PASSED] - delay: Delayed 1 second(s)

2019-01-09 12:07:01 - [MESSAGE][PASSED] - Delayed 1 second(s)

2019-01-09 12:07:01 - [TEST_STEP][PASSED] - setText: Text '010903091948' is set on object 'Object Repository/Final Object Repo/New Registration - Registration Module Pages/Form 2/NRIC Input'

2019-01-09 12:07:01 - [MESSAGE][PASSED] - Text '010903091948' is set on object 'Object Repository/Final Object Repo/New Registration - Registration Module Pages/Form 2/NRIC Input'

2019-01-09 12:07:01 - [TEST_STEP][PASSED] - delay: Delayed 2 second(s)

2019-01-09 12:07:03 - [MESSAGE][PASSED] - Delayed 2 second(s)

2019-01-09 12:07:03 - [TEST_STEP][PASSED] - setText: Text 'Automate001 eligible 1' is set on object 'Object Repository/Final Object Repo/New Registration - Registration Module Pages/Form 2/Employee Name Input'

2019-01-09 12:07:04 - [MESSAGE][PASSED] - Text 'Automate001 eligible 1' is set on object 'Object Repository/Final Object Repo/New Registration - Registration Module Pages/Form 2/Employee Name Input'

2019-01-09 12:07:04 - [TEST_STEP][PASSED] - delay: Delayed 2 second(s)

2019-01-09 12:07:06 - [MESSAGE][PASSED] - Delayed 2 second(s)

2019-01-09 12:07:06 - [TEST_STEP][PASSED] - click: Object: 'Object Repository/Final Object Repo/New Registration - Registration Module Pages/Form 2/DatePicker Pop Up' is clicked on

2019-01-09 12:07:06 - [MESSAGE][PASSED] - Object: 'Object Repository/Final Object Repo/New Registration - Registration Module Pages/Form 2/DatePicker Pop Up' is clicked on

2019-01-09 12:07:06 - [TEST_STEP][PASSED] - click: Object: 'Object Repository/Final Object Repo/New Registration - Registration Module Pages/Form 2/DOB Month' is clicked on

2019-01-09 12:07:06 - [MESSAGE][PASSED] - Object: 'Object Repository/Final Object Repo/New Registration - Registration Module Pages/Form 2/DOB Month' is clicked on

2019-01-09 12:07:06 - [TEST_STEP][PASSED] - Statement - CurrentMonth = CurrentMonth: null

2019-01-09 12:07:06 - [TEST_STEP][PASSED] - Statement - selectMonth = new com.kms.katalon.core.testobject.TestObject(): null

2019-01-09 12:07:06 - [TEST_STEP][PASSED] - Statement - selectMonth.addProperty("xpath", EQUALS, "//body/div/div/div/select/option[@value='" + CurrentMonth + "']", true): null

2019-01-09 12:07:06 - [TEST_STEP][PASSED] - click: Object: '' is clicked on

2019-01-09 12:07:06 - [MESSAGE][PASSED] - Object: '' is clicked on

2019-01-09 12:07:06 - [TEST_STEP][PASSED] - click: Object: 'Object Repository/Final Object Repo/New Registration - Registration Module Pages/Form 2/DOB Year' is clicked on

2019-01-09 12:07:07 - [MESSAGE][PASSED] - Object: 'Object Repository/Final Object Repo/New Registration - Registration Module Pages/Form 2/DOB Year' is clicked on

2019-01-09 12:07:07 - [TEST_STEP][PASSED] - Statement - Eyearsbf = EighteenYrsBefore: null

2019-01-09 12:07:07 - [TEST_STEP][PASSED] - Statement - selectYear = new com.kms.katalon.core.testobject.TestObject(): null

2019-01-09 12:07:07 - [TEST_STEP][PASSED] - Statement - selectYear.addProperty("xpath", EQUALS, "//div/div/div/select/option[@value='" + Eyearsbf + "']", true): null

2019-01-09 12:07:07 - [TEST_STEP][PASSED] - click: Object: '' is clicked on

2019-01-09 12:07:07 - [MESSAGE][PASSED] - Object: '' is clicked on

2019-01-09 12:07:07 - [TEST_STEP][PASSED] - Statement - UpdatedSelectDate = com.kms.katalon.core.webui.keyword.WebUiBuiltInKeywords.modifyObjectProperty(com.kms.katalon.core.testobject.ObjectRepository.findTestObject(Final Object Repo/New Registration - Registration Module Pages/Form 2/DOB Date), "xpath", "equals", "//body/div/table/tbody/tr/td/a[text()="" + CurrentDate + ""]", true): Modify property of object successfully

2019-01-09 12:07:07 - [MESSAGE][PASSED] - Modify property of object successfully

2019-01-09 12:07:07 - [TEST_STEP][PASSED] - delay: Delayed 3 second(s)

2019-01-09 12:07:10 - [MESSAGE][PASSED] - Delayed 3 second(s)

2019-01-09 12:07:10 - [TEST_STEP][PASSED] - click: Object: 'Object Repository/Final Object Repo/New Registration - Registration Module Pages/Form 2/DOB Date' is clicked on

2019-01-09 12:07:10 - [MESSAGE][PASSED] - Object: 'Object Repository/Final Object Repo/New Registration - Registration Module Pages/Form 2/DOB Date' is clicked on

2019-01-09 12:07:10 - [TEST_STEP][PASSED] - delay: Delayed 2 second(s)

2019-01-09 12:07:12 - [MESSAGE][PASSED] - Delayed 2 second(s)

2019-01-09 12:07:12 - [TEST_STEP][PASSED] - click: Object: 'Object Repository/Final Object Repo/New Registration - Registration Module Pages/Form 2/EmploymentStartDate Pop Up' is clicked on

2019-01-09 12:07:12 - [MESSAGE][PASSED] - Object: 'Object Repository/Final Object Repo/New Registration - Registration Module Pages/Form 2/EmploymentStartDate Pop Up' is clicked on

2019-01-09 12:07:12 - [TEST_STEP][PASSED] - delay: Delayed 2 second(s)

2019-01-09 12:07:14 - [MESSAGE][PASSED] - Delayed 2 second(s)

2019-01-09 12:07:14 - [TEST_STEP][PASSED] - click: Object: 'Object Repository/Final Object Repo/New Registration - Registration Module Pages/Form 2/Socso Employment StartDate Month' is clicked on

2019-01-09 12:07:14 - [MESSAGE][PASSED] - Object: 'Object Repository/Final Object Repo/New Registration - Registration Module Pages/Form 2/Socso Employment StartDate Month' is clicked on

2019-01-09 12:07:14 - [TEST_STEP][PASSED] - delay: Delayed 1 second(s)

2019-01-09 12:07:15 - [MESSAGE][PASSED] - Delayed 1 second(s)

2019-01-09 12:07:15 - [TEST_STEP][PASSED] - click: Object: 'Object Repository/Final Object Repo/New Registration - Registration Module Pages/Form 2/Select Socso Employement Startdate Month' is clicked on

2019-01-09 12:07:15 - [MESSAGE][PASSED] - Object: 'Object Repository/Final Object Repo/New Registration - Registration Module Pages/Form 2/Select Socso Employement Startdate Month' is clicked on

2019-01-09 12:07:15 - [TEST_STEP][PASSED] - delay: Delayed 2 second(s)

2019-01-09 12:07:17 - [MESSAGE][PASSED] - Delayed 2 second(s)

2019-01-09 12:07:17 - [TEST_STEP][PASSED] - click: Object: 'Object Repository/Final Object Repo/New Registration - Registration Module Pages/Form 2/Socso Employment StartDate Year' is clicked on

2019-01-09 12:07:18 - [MESSAGE][PASSED] - Object: 'Object Repository/Final Object Repo/New Registration - Registration Module Pages/Form 2/Socso Employment StartDate Year' is clicked on

2019-01-09 12:07:18 - [TEST_STEP][PASSED] - delay: Delayed 1 second(s)

2019-01-09 12:07:19 - [MESSAGE][PASSED] - Delayed 1 second(s)

2019-01-09 12:07:19 - [TEST_STEP][PASSED] - click: Object: 'Object Repository/Final Object Repo/New Registration - Registration Module Pages/Form 2/Select Socso Employment Startdate Year' is clicked on

2019-01-09 12:07:19 - [MESSAGE][PASSED] - Object: 'Object Repository/Final Object Repo/New Registration - Registration Module Pages/Form 2/Select Socso Employment Startdate Year' is clicked on

2019-01-09 12:07:19 - [TEST_STEP][PASSED] - delay: Delayed 2 second(s)

2019-01-09 12:07:21 - [MESSAGE][PASSED] - Delayed 2 second(s)

2019-01-09 12:07:21 - [TEST_STEP][PASSED] - click: Object: 'Object Repository/Final Object Repo/New Registration - Registration Module Pages/Form 2/Socso Employment Start Date Day' is clicked on

2019-01-09 12:07:21 - [MESSAGE][PASSED] - Object: 'Object Repository/Final Object Repo/New Registration - Registration Module Pages/Form 2/Socso Employment Start Date Day' is clicked on

2019-01-09 12:07:21 - [TEST_STEP][PASSED] - delay: Delayed 2 second(s)

2019-01-09 12:07:23 - [MESSAGE][PASSED] - Delayed 2 second(s)

2019-01-09 12:07:23 - [TEST_STEP][PASSED] - click: Object: 'Object Repository/Final Object Repo/New Registration - Registration Module Pages/Form 2/Save Button for Add Employee' is clicked on

2019-01-09 12:07:23 - [MESSAGE][PASSED] - Object: 'Object Repository/Final Object Repo/New Registration - Registration Module Pages/Form 2/Save Button for Add Employee' is clicked on

2019-01-09 12:07:23 - [TEST_STEP][PASSED] - delay: Delayed 6 second(s)

2019-01-09 12:07:29 - [MESSAGE][PASSED] - Delayed 6 second(s)

2019-01-09 12:07:29 - [TEST_STEP][PASSED] - click: Object: 'Object Repository/Final Object Repo/New Registration - Registration Module Pages/Form 2/Save and Continue Form 2' is clicked on

2019-01-09 12:07:29 - [MESSAGE][PASSED] - Object: 'Object Repository/Final Object Repo/New Registration - Registration Module Pages/Form 2/Save and Continue Form 2' is clicked on

2019-01-09 12:07:29 - [MESSAGE][PASSED] - Call Test Case 'Test Cases/Final Aug 2018 - PKS Automation/Registration Module/New Registration/Form 2/Add 1 Eligible - Employer Account Use' successfully

2019-01-09 12:07:29 - [TEST_STEP][PASSED] - callTestCase: Call Test Case 'Test Cases/Final Aug 2018 - PKS Automation/Registration Module/New Registration/Flow of New Registration/Third Screen - Upload Supporting Doc - Preview' successfully

2019-01-09 12:07:29 - [TEST_CASE][PASSED] - Test Cases/Final Aug 2018 - PKS Automation/Registration Module/New Registration/Flow of New Registration/Third Screen - Upload Supporting Doc - Preview: Test Cases/Final Aug 2018 - PKS Automation/Registration Module/New Registration/Flow of New Registration/Third Screen - Upload Supporting Doc - Preview

2019-01-09 12:07:29 - [TEST_STEP][PASSED] - waitForPageLoad: Wait for page load successfully

2019-01-09 12:07:30 - [MESSAGE][PASSED] - Wait for page load successfully

2019-01-09 12:07:30 - [TEST_STEP][PASSED] - Statement - CaseReferenceNo = com.kms.katalon.core.webui.keyword.WebUiBuiltInKeywords.getText(com.kms.katalon.core.testobject.ObjectRepository.findTestObject(Final Object Repo/New Registration - Registration Module Pages/Third Screen - Upload Supporting Doc- Preview/RefNo Acquiring)): Text of object 'Object Repository/Final Object Repo/New Registration - Registration Module Pages/Third Screen - Upload Supporting Doc- Preview/RefNo Acquiring' is: 'CRN01201900123679'

2019-01-09 12:07:30 - [MESSAGE][PASSED] - Text of object 'Object Repository/Final Object Repo/New Registration - Registration Module Pages/Third Screen - Upload Supporting Doc- Preview/RefNo Acquiring' is: 'CRN01201900123679'

2019-01-09 12:07:30 - [TEST_STEP][PASSED] - delay: Delayed 2 second(s)

2019-01-09 12:07:32 - [MESSAGE][PASSED] - Delayed 2 second(s)

2019-01-09 12:07:32 - [TEST_STEP][PASSED] - callTestCase: Call Test Case 'Test Cases/Final Aug 2018 - PKS Automation/Common/Reference Number Setter' successfully

2019-01-09 12:07:32 - [TEST_CASE][PASSED] - Test Cases/Final Aug 2018 - PKS Automation/Common/Reference Number Setter: Test Cases/Final Aug 2018 - PKS Automation/Common/Reference Number Setter

2019-01-09 12:07:32 - [TEST_STEP][PASSED] - Statement - RefNoOldFile = new java.io.File(C://Users//Admin//Desktop//PKS//Automation Reference Point//KatalonReference.txt): null

2019-01-09 12:07:32 - [TEST_STEP][PASSED] - Statement - RefNoOldFile.delete(): null

2019-01-09 12:07:32 - [TEST_STEP][PASSED] - delay: Delayed 5 second(s)

2019-01-09 12:07:37 - [MESSAGE][PASSED] - Delayed 5 second(s)

2019-01-09 12:07:37 - [TEST_STEP][PASSED] - Statement - RefNo = new java.io.File(C://Users//Admin//Desktop//PKS//Automation Reference Point//KatalonReference.txt): null

2019-01-09 12:07:37 - [TEST_STEP][PASSED] - Statement - f2 = new java.io.FileWriter(RefNo, false): null

2019-01-09 12:07:37 - [TEST_STEP][PASSED] - Statement - f2.write(CaseReferenceNo): null

2019-01-09 12:07:37 - [TEST_STEP][PASSED] - Statement - f2.close(): null

2019-01-09 12:07:37 - [TEST_STEP][PASSED] - Statement - out.println("


" + CaseReferenceNo + "


"): null

2019-01-09 12:07:37 - [MESSAGE][PASSED] - Call Test Case 'Test Cases/Final Aug 2018 - PKS Automation/Common/Reference Number Setter' successfully

2019-01-09 12:07:37 - [TEST_STEP][PASSED] - waitForElementClickable: Object 'Object Repository/Final Object Repo/New Registration - Registration Module Pages/Third Screen - Upload Supporting Doc- Preview/Save n Continue in SIP Employee Listing Page' is clickable

2019-01-09 12:07:37 - [MESSAGE][PASSED] - Object 'Object Repository/Final Object Repo/New Registration - Registration Module Pages/Third Screen - Upload Supporting Doc- Preview/Save n Continue in SIP Employee Listing Page' is clickable

2019-01-09 12:07:37 - [TEST_STEP][PASSED] - click: Object: 'Object Repository/Final Object Repo/New Registration - Registration Module Pages/Third Screen - Upload Supporting Doc- Preview/Save n Continue in SIP Employee Listing Page' is clicked on

2019-01-09 12:07:43 - [MESSAGE][PASSED] - Object: 'Object Repository/Final Object Repo/New Registration - Registration Module Pages/Third Screen - Upload Supporting Doc- Preview/Save n Continue in SIP Employee Listing Page' is clicked on

2019-01-09 12:07:43 - [TEST_STEP][PASSED] - delay: Delayed 7 second(s)

2019-01-09 12:07:50 - [MESSAGE][PASSED] - Delayed 7 second(s)

2019-01-09 12:07:50 - [TEST_STEP][PASSED] - click: Object: 'Object Repository/Final Object Repo/New Registration - Registration Module Pages/Third Screen - Upload Supporting Doc- Preview/Add Document Button' is clicked on

2019-01-09 12:07:50 - [MESSAGE][PASSED] - Object: 'Object Repository/Final Object Repo/New Registration - Registration Module Pages/Third Screen - Upload Supporting Doc- Preview/Add Document Button' is clicked on

2019-01-09 12:07:50 - [TEST_STEP][PASSED] - delay: Delayed 30 second(s)

2019-01-09 12:08:20 - [MESSAGE][PASSED] - Delayed 30 second(s)

2019-01-09 12:08:20 - [TEST_STEP][PASSED] - click: Object: 'Object Repository/Final Object Repo/New Registration - Registration Module Pages/Third Screen - Upload Supporting Doc- Preview/Supporting Doc Please Select Drop Down' is clicked on

2019-01-09 12:08:20 - [MESSAGE][PASSED] - Object: 'Object Repository/Final Object Repo/New Registration - Registration Module Pages/Third Screen - Upload Supporting Doc- Preview/Supporting Doc Please Select Drop Down' is clicked on

2019-01-09 12:08:20 - [TEST_STEP][PASSED] - delay: Delayed 2 second(s)

2019-01-09 12:08:22 - [MESSAGE][PASSED] - Delayed 2 second(s)

2019-01-09 12:08:22 - [TEST_STEP][PASSED] - click: Object: 'Object Repository/Final Object Repo/New Registration - Registration Module Pages/Third Screen - Upload Supporting Doc- Preview/Select to Upload Form 1' is clicked on

2019-01-09 12:08:23 - [MESSAGE][PASSED] - Object: 'Object Repository/Final Object Repo/New Registration - Registration Module Pages/Third Screen - Upload Supporting Doc- Preview/Select to Upload Form 1' is clicked on

2019-01-09 12:08:23 - [TEST_STEP][PASSED] - delay: Delayed 2 second(s)

2019-01-09 12:08:25 - [MESSAGE][PASSED] - Delayed 2 second(s)

2019-01-09 12:08:25 - [TEST_STEP][PASSED] - uploadFile: File 'C:\Users\Public\Pictures\Sample Pictures\Koala.jpg' sent to object: 'Object Repository/Final Object Repo/New Registration - Registration Module Pages/Third Screen - Upload Supporting Doc- Preview/Upload File Adding'

2019-01-09 12:08:25 - [MESSAGE][PASSED] - File 'C:\Users\Public\Pictures\Sample Pictures\Koala.jpg' sent to object: 'Object Repository/Final Object Repo/New Registration - Registration Module Pages/Third Screen - Upload Supporting Doc- Preview/Upload File Adding'

2019-01-09 12:08:25 - [TEST_STEP][PASSED] - delay: Delayed 5 second(s)

2019-01-09 12:08:30 - [MESSAGE][PASSED] - Delayed 5 second(s)

2019-01-09 12:08:30 - [TEST_STEP][PASSED] - click: Object: 'Object Repository/Final Object Repo/New Registration - Registration Module Pages/Third Screen - Upload Supporting Doc- Preview/Inner Form Add Document Button' is clicked on

2019-01-09 12:08:30 - [MESSAGE][PASSED] - Object: 'Object Repository/Final Object Repo/New Registration - Registration Module Pages/Third Screen - Upload Supporting Doc- Preview/Inner Form Add Document Button' is clicked on

2019-01-09 12:08:30 - [TEST_STEP][PASSED] - delay: Delayed 3 second(s)

2019-01-09 12:08:33 - [MESSAGE][PASSED] - Delayed 3 second(s)

2019-01-09 12:08:33 - [TEST_STEP][PASSED] - click: Object: 'Object Repository/Final Object Repo/New Registration - Registration Module Pages/Third Screen - Upload Supporting Doc- Preview/Add Document Button' is clicked on

2019-01-09 12:08:34 - [MESSAGE][PASSED] - Object: 'Object Repository/Final Object Repo/New Registration - Registration Module Pages/Third Screen - Upload Supporting Doc- Preview/Add Document Button' is clicked on

2019-01-09 12:08:34 - [TEST_STEP][PASSED] - delay: Delayed 30 second(s)

2019-01-09 12:09:04 - [MESSAGE][PASSED] - Delayed 30 second(s)

2019-01-09 12:09:04 - [TEST_STEP][PASSED] - click: Object: 'Object Repository/Final Object Repo/New Registration - Registration Module Pages/Third Screen - Upload Supporting Doc- Preview/Supporting Doc Please Select Drop Down' is clicked on

2019-01-09 12:09:05 - [MESSAGE][PASSED] - Object: 'Object Repository/Final Object Repo/New Registration - Registration Module Pages/Third Screen - Upload Supporting Doc- Preview/Supporting Doc Please Select Drop Down' is clicked on

2019-01-09 12:09:05 - [TEST_STEP][PASSED] - delay: Delayed 4 second(s)

2019-01-09 12:09:09 - [MESSAGE][PASSED] - Delayed 4 second(s)

2019-01-09 12:09:09 - [TEST_STEP][PASSED] - click: Object: 'Object Repository/Final Object Repo/New Registration - Registration Module Pages/Third Screen - Upload Supporting Doc- Preview/Select to Upload Form 2' is clicked on

2019-01-09 12:09:09 - [MESSAGE][PASSED] - Object: 'Object Repository/Final Object Repo/New Registration - Registration Module Pages/Third Screen - Upload Supporting Doc- Preview/Select to Upload Form 2' is clicked on

2019-01-09 12:09:09 - [TEST_STEP][PASSED] - delay: Delayed 2 second(s)

2019-01-09 12:09:11 - [MESSAGE][PASSED] - Delayed 2 second(s)

2019-01-09 12:09:11 - [TEST_STEP][PASSED] - uploadFile: File 'C:\Users\Public\Pictures\Sample Pictures\Koala.jpg' sent to object: 'Object Repository/Final Object Repo/New Registration - Registration Module Pages/Third Screen - Upload Supporting Doc- Preview/Upload File Adding'

2019-01-09 12:09:11 - [MESSAGE][PASSED] - File 'C:\Users\Public\Pictures\Sample Pictures\Koala.jpg' sent to object: 'Object Repository/Final Object Repo/New Registration - Registration Module Pages/Third Screen - Upload Supporting Doc- Preview/Upload File Adding'

2019-01-09 12:09:11 - [TEST_STEP][PASSED] - click: Object: 'Object Repository/Final Object Repo/New Registration - Registration Module Pages/Third Screen - Upload Supporting Doc- Preview/Inner Form Add Document Button' is clicked on

2019-01-09 12:09:11 - [MESSAGE][PASSED] - Object: 'Object Repository/Final Object Repo/New Registration - Registration Module Pages/Third Screen - Upload Supporting Doc- Preview/Inner Form Add Document Button' is clicked on

2019-01-09 12:09:11 - [TEST_STEP][PASSED] - delay: Delayed 5 second(s)

2019-01-09 12:09:16 - [MESSAGE][PASSED] - Delayed 5 second(s)

2019-01-09 12:09:16 - [TEST_STEP][PASSED] - click: Object: 'Object Repository/Final Object Repo/New Registration - Registration Module Pages/Third Screen - Upload Supporting Doc- Preview/Add Document Button' is clicked on

2019-01-09 12:09:16 - [MESSAGE][PASSED] - Object: 'Object Repository/Final Object Repo/New Registration - Registration Module Pages/Third Screen - Upload Supporting Doc- Preview/Add Document Button' is clicked on

2019-01-09 12:09:16 - [TEST_STEP][PASSED] - delay: Delayed 30 second(s)

2019-01-09 12:09:46 - [MESSAGE][PASSED] - Delayed 30 second(s)

2019-01-09 12:09:46 - [TEST_STEP][PASSED] - click: Object: 'Object Repository/Final Object Repo/New Registration - Registration Module Pages/Third Screen - Upload Supporting Doc- Preview/Supporting Doc Please Select Drop Down' is clicked on

2019-01-09 12:09:47 - [MESSAGE][PASSED] - Object: 'Object Repository/Final Object Repo/New Registration - Registration Module Pages/Third Screen - Upload Supporting Doc- Preview/Supporting Doc Please Select Drop Down' is clicked on

2019-01-09 12:09:47 - [TEST_STEP][PASSED] - click: Object: 'Object Repository/Final Object Repo/New Registration - Registration Module Pages/Third Screen - Upload Supporting Doc- Preview/Select to Upload Borang SIP 1' is clicked on

2019-01-09 12:09:47 - [MESSAGE][PASSED] - Object: 'Object Repository/Final Object Repo/New Registration - Registration Module Pages/Third Screen - Upload Supporting Doc- Preview/Select to Upload Borang SIP 1' is clicked on

2019-01-09 12:09:47 - [TEST_STEP][PASSED] - delay: Delayed 2 second(s)

2019-01-09 12:09:49 - [MESSAGE][PASSED] - Delayed 2 second(s)

2019-01-09 12:09:49 - [TEST_STEP][PASSED] - uploadFile: File 'C:\Users\Public\Pictures\Sample Pictures\Koala.jpg' sent to object: 'Object Repository/Final Object Repo/New Registration - Registration Module Pages/Third Screen - Upload Supporting Doc- Preview/Upload File Adding'

2019-01-09 12:09:49 - [MESSAGE][PASSED] - File 'C:\Users\Public\Pictures\Sample Pictures\Koala.jpg' sent to object: 'Object Repository/Final Object Repo/New Registration - Registration Module Pages/Third Screen - Upload Supporting Doc- Preview/Upload File Adding'

2019-01-09 12:09:49 - [TEST_STEP][PASSED] - click: Object: 'Object Repository/Final Object Repo/New Registration - Registration Module Pages/Third Screen - Upload Supporting Doc- Preview/Inner Form Add Document Button' is clicked on

2019-01-09 12:09:49 - [MESSAGE][PASSED] - Object: 'Object Repository/Final Object Repo/New Registration - Registration Module Pages/Third Screen - Upload Supporting Doc- Preview/Inner Form Add Document Button' is clicked on

2019-01-09 12:09:49 - [TEST_STEP][PASSED] - delay: Delayed 5 second(s)

2019-01-09 12:09:54 - [MESSAGE][PASSED] - Delayed 5 second(s)

2019-01-09 12:09:54 - [TEST_STEP][PASSED] - click: Object: 'Object Repository/Final Object Repo/New Registration - Registration Module Pages/Third Screen - Upload Supporting Doc- Preview/Add Document Button' is clicked on

2019-01-09 12:09:54 - [MESSAGE][PASSED] - Object: 'Object Repository/Final Object Repo/New Registration - Registration Module Pages/Third Screen - Upload Supporting Doc- Preview/Add Document Button' is clicked on

2019-01-09 12:09:54 - [TEST_STEP][PASSED] - delay: Delayed 30 second(s)

2019-01-09 12:10:24 - [MESSAGE][PASSED] - Delayed 30 second(s)

2019-01-09 12:10:24 - [TEST_STEP][PASSED] - click: Object: 'Object Repository/Final Object Repo/New Registration - Registration Module Pages/Third Screen - Upload Supporting Doc- Preview/Supporting Doc Please Select Drop Down' is clicked on

2019-01-09 12:10:24 - [MESSAGE][PASSED] - Object: 'Object Repository/Final Object Repo/New Registration - Registration Module Pages/Third Screen - Upload Supporting Doc- Preview/Supporting Doc Please Select Drop Down' is clicked on

2019-01-09 12:10:24 - [TEST_STEP][PASSED] - delay: Delayed 3 second(s)

2019-01-09 12:10:27 - [MESSAGE][PASSED] - Delayed 3 second(s)

2019-01-09 12:10:27 - [TEST_STEP][PASSED] - click: Object: 'Object Repository/Final Object Repo/New Registration - Registration Module Pages/Third Screen - Upload Supporting Doc- Preview/Select to Upload Borang SIP 2' is clicked on

2019-01-09 12:10:28 - [MESSAGE][PASSED] - Object: 'Object Repository/Final Object Repo/New Registration - Registration Module Pages/Third Screen - Upload Supporting Doc- Preview/Select to Upload Borang SIP 2' is clicked on

2019-01-09 12:10:28 - [TEST_STEP][PASSED] - delay: Delayed 2 second(s)

2019-01-09 12:10:30 - [MESSAGE][PASSED] - Delayed 2 second(s)

2019-01-09 12:10:30 - [TEST_STEP][PASSED] - uploadFile: File 'C:\Users\Public\Pictures\Sample Pictures\Koala.jpg' sent to object: 'Object Repository/Final Object Repo/New Registration - Registration Module Pages/Third Screen - Upload Supporting Doc- Preview/Upload File Adding'

2019-01-09 12:10:30 - [MESSAGE][PASSED] - File 'C:\Users\Public\Pictures\Sample Pictures\Koala.jpg' sent to object: 'Object Repository/Final Object Repo/New Registration - Registration Module Pages/Third Screen - Upload Supporting Doc- Preview/Upload File Adding'

2019-01-09 12:10:30 - [TEST_STEP][PASSED] - delay: Delayed 5 second(s)

2019-01-09 12:10:35 - [MESSAGE][PASSED] - Delayed 5 second(s)

2019-01-09 12:10:35 - [TEST_STEP][PASSED] - click: Object: 'Object Repository/Final Object Repo/New Registration - Registration Module Pages/Third Screen - Upload Supporting Doc- Preview/Inner Form Add Document Button' is clicked on

2019-01-09 12:10:35 - [MESSAGE][PASSED] - Object: 'Object Repository/Final Object Repo/New Registration - Registration Module Pages/Third Screen - Upload Supporting Doc- Preview/Inner Form Add Document Button' is clicked on

2019-01-09 12:10:35 - [TEST_STEP][PASSED] - delay: Delayed 3 second(s)

2019-01-09 12:10:38 - [MESSAGE][PASSED] - Delayed 3 second(s)

2019-01-09 12:10:38 - [TEST_STEP][PASSED] - waitForElementClickable: Object 'Object Repository/Final Object Repo/New Registration - Registration Module Pages/Third Screen - Upload Supporting Doc- Preview/Save n Continue in Uploading Supporting Doc Page' is clickable

2019-01-09 12:10:40 - [MESSAGE][PASSED] - Object 'Object Repository/Final Object Repo/New Registration - Registration Module Pages/Third Screen - Upload Supporting Doc- Preview/Save n Continue in Uploading Supporting Doc Page' is clickable

2019-01-09 12:10:40 - [TEST_STEP][PASSED] - click: Object: 'Object Repository/Final Object Repo/New Registration - Registration Module Pages/Third Screen - Upload Supporting Doc- Preview/Save n Continue in Uploading Supporting Doc Page' is clicked on

2019-01-09 12:10:40 - [MESSAGE][PASSED] - Object: 'Object Repository/Final Object Repo/New Registration - Registration Module Pages/Third Screen - Upload Supporting Doc- Preview/Save n Continue in Uploading Supporting Doc Page' is clicked on

2019-01-09 12:10:40 - [MESSAGE][PASSED] - Call Test Case 'Test Cases/Final Aug 2018 - PKS Automation/Registration Module/New Registration/Flow of New Registration/Third Screen - Upload Supporting Doc - Preview' successfully

2019-01-09 12:10:40 - [TEST_STEP][PASSED] - setText: Text 'Tester' is set on object 'Object Repository/Final Object Repo/New Registration - Registration Module Pages/New Reg - OTC to RO/Special Case - All Related Objects/Employer Preview Name'

2019-01-09 12:10:45 - [MESSAGE][PASSED] - Text 'Tester' is set on object 'Object Repository/Final Object Repo/New Registration - Registration Module Pages/New Reg - OTC to RO/Special Case - All Related Objects/Employer Preview Name'

2019-01-09 12:10:45 - [TEST_STEP][PASSED] - click: Object: 'Object Repository/Final Object Repo/New Registration - Registration Module Pages/New Reg - OTC to RO/Special Case - All Related Objects/IC Type Drop Down' is clicked on

2019-01-09 12:10:45 - [MESSAGE][PASSED] - Object: 'Object Repository/Final Object Repo/New Registration - Registration Module Pages/New Reg - OTC to RO/Special Case - All Related Objects/IC Type Drop Down' is clicked on

2019-01-09 12:10:45 - [TEST_STEP][PASSED] - click: Object: 'Object Repository/Final Object Repo/New Registration - Registration Module Pages/New Reg - OTC to RO/Special Case - All Related Objects/Select to NRIC' is clicked on

2019-01-09 12:10:45 - [MESSAGE][PASSED] - Object: 'Object Repository/Final Object Repo/New Registration - Registration Module Pages/New Reg - OTC to RO/Special Case - All Related Objects/Select to NRIC' is clicked on

2019-01-09 12:10:45 - [TEST_STEP][PASSED] - setText: Text '133245561223' is set on object 'Object Repository/Final Object Repo/New Registration - Registration Module Pages/New Reg - OTC to RO/Special Case - All Related Objects/IC Value'

2019-01-09 12:10:46 - [MESSAGE][PASSED] - Text '133245561223' is set on object 'Object Repository/Final Object Repo/New Registration - Registration Module Pages/New Reg - OTC to RO/Special Case - All Related Objects/IC Value'

2019-01-09 12:10:46 - [TEST_STEP][PASSED] - setText: Text 'Auto' is set on object 'Object Repository/Final Object Repo/New Registration - Registration Module Pages/New Reg - OTC to RO/Special Case - All Related Objects/Designation'

2019-01-09 12:10:46 - [MESSAGE][PASSED] - Text 'Auto' is set on object 'Object Repository/Final Object Repo/New Registration - Registration Module Pages/New Reg - OTC to RO/Special Case - All Related Objects/Designation'

2019-01-09 12:10:46 - [TEST_STEP][PASSED] - callTestCase: Call Test Case 'Test Cases/Final Aug 2018 - PKS Automation/Registration Module/New Registration/Submit and Screenshot/Submit Registration and Screenshot' successfully

2019-01-09 12:10:46 - [TEST_CASE][PASSED] - Test Cases/Final Aug 2018 - PKS Automation/Registration Module/New Registration/Submit and Screenshot/Submit Registration and Screenshot: Test Cases/Final Aug 2018 - PKS Automation/Registration Module/New Registration/Submit and Screenshot/Submit Registration and Screenshot

2019-01-09 12:10:46 - [TEST_STEP][PASSED] - delay: Delayed 6 second(s)

2019-01-09 12:10:52 - [MESSAGE][PASSED] - Delayed 6 second(s)

2019-01-09 12:10:52 - [TEST_STEP][PASSED] - click: Object: 'Object Repository/Final Object Repo/New Registration - Registration Module Pages/Third Screen - Upload Supporting Doc- Preview/Preview Submit Button' is clicked on

2019-01-09 12:10:52 - [MESSAGE][PASSED] - Object: 'Object Repository/Final Object Repo/New Registration - Registration Module Pages/Third Screen - Upload Supporting Doc- Preview/Preview Submit Button' is clicked on

2019-01-09 12:10:52 - [TEST_STEP][PASSED] - delay: Delayed 2 second(s)

2019-01-09 12:10:54 - [MESSAGE][PASSED] - Delayed 2 second(s)

2019-01-09 12:10:54 - [TEST_STEP][PASSED] - click: Object: 'Object Repository/Final Object Repo/New Registration - Registration Module Pages/Third Screen - Upload Supporting Doc- Preview/Preview Submit - Confirm' is clicked on

2019-01-09 12:10:54 - [MESSAGE][PASSED] - Object: 'Object Repository/Final Object Repo/New Registration - Registration Module Pages/Third Screen - Upload Supporting Doc- Preview/Preview Submit - Confirm' is clicked on

2019-01-09 12:10:54 - [TEST_STEP][PASSED] - delay: Delayed 15 second(s)

2019-01-09 12:11:09 - [MESSAGE][PASSED] - Delayed 15 second(s)

2019-01-09 12:11:09 - [TEST_STEP][PASSED] - Statement - driver = com.kms.katalon.core.webui.driver.DriverFactory.getWebDriver(): null

2019-01-09 12:11:09 - [TEST_STEP][PASSED] - Statement - driver.manage().timeouts().implicitlyWait(10, SECONDS): null

2019-01-09 12:11:09 - [TEST_STEP][PASSED] - Statement - PresavePath = KatalonScreenshots: null

2019-01-09 12:11:09 - [TEST_STEP][PASSED] - Statement - pathPrefix = "C:\Users\Public\Pictures\Sample Pictures\Katalon Screenshots\Automate Ending Screen": null

2019-01-09 12:11:09 - [TEST_STEP][PASSED] - Statement - finalPath = <not implemented yet for class: org.codehaus.groovy.ast.expr.EmptyExpression>: null

2019-01-09 12:11:09 - [TEST_STEP][PASSED] - Statement - scrFile = driver.getScreenshotAs(FILE): null

2019-01-09 12:11:10 - [TEST_STEP][PASSED] - Statement - PreSaveFile = new java.io.File(PresavePath): null

2019-01-09 12:11:10 - [TEST_STEP][PASSED] - Statement - counter = 0: null

2019-01-09 12:11:10 - [TEST_STEP][PASSED] - Statement - If (PreSaveFile.exists()): null

2019-01-09 12:11:10 - [TEST_STEP][PASSED] - Statement - While (PreSaveFile.exists()): null

2019-01-09 12:11:10 - [TEST_STEP][PASSED] - Statement - counter = counter + 1: null

2019-01-09 12:11:10 - [TEST_STEP][PASSED] - Statement - PreSaveFile = new java.io.File(((pathPrefix + java.lang.Integer.toString(counter)) + .png)): null

2019-01-09 12:11:10 - [TEST_STEP][PASSED] - Statement - counter = counter + 1: null

2019-01-09 12:11:10 - [TEST_STEP][PASSED] - Statement - PreSaveFile = new java.io.File(((pathPrefix + java.lang.Integer.toString(counter)) + .png)): null

2019-01-09 12:11:10 - [TEST_STEP][PASSED] - Statement - counter = counter + 1: null

2019-01-09 12:11:10 - [TEST_STEP][PASSED] - Statement - PreSaveFile = new java.io.File(((pathPrefix + java.lang.Integer.toString(counter)) + .png)): null

2019-01-09 12:11:10 - [TEST_STEP][PASSED] - Statement - counter = counter + 1: null

2019-01-09 12:11:10 - [TEST_STEP][PASSED] - Statement - PreSaveFile = new java.io.File(((pathPrefix + java.lang.Integer.toString(counter)) + .png)): null

2019-01-09 12:11:10 - [TEST_STEP][PASSED] - Statement - counter = counter + 1: null

2019-01-09 12:11:10 - [TEST_STEP][PASSED] - Statement - PreSaveFile = new java.io.File(((pathPrefix + java.lang.Integer.toString(counter)) + .png)): null

2019-01-09 12:11:10 - [TEST_STEP][PASSED] - Statement - counter = counter + 1: null

2019-01-09 12:11:10 - [TEST_STEP][PASSED] - Statement - PreSaveFile = new java.io.File(((pathPrefix + java.lang.Integer.toString(counter)) + .png)): null

2019-01-09 12:11:10 - [TEST_STEP][PASSED] - Statement - counter = counter + 1: null

2019-01-09 12:11:10 - [TEST_STEP][PASSED] - Statement - PreSaveFile = new java.io.File(((pathPrefix + java.lang.Integer.toString(counter)) + .png)): null

2019-01-09 12:11:10 - [TEST_STEP][PASSED] - Statement - counter = counter + 1: null

2019-01-09 12:11:10 - [TEST_STEP][PASSED] - Statement - PreSaveFile = new java.io.File(((pathPrefix + java.lang.Integer.toString(counter)) + .png)): null

2019-01-09 12:11:10 - [TEST_STEP][PASSED] - Statement - counter = counter + 1: null

2019-01-09 12:11:10 - [TEST_STEP][PASSED] - Statement - PreSaveFile = new java.io.File(((pathPrefix + java.lang.Integer.toString(counter)) + .png)): null

2019-01-09 12:11:10 - [TEST_STEP][PASSED] - Statement - counter = counter + 1: null

2019-01-09 12:11:10 - [TEST_STEP][PASSED] - Statement - PreSaveFile = new java.io.File(((pathPrefix + java.lang.Integer.toString(counter)) + .png)): null

2019-01-09 12:11:10 - [TEST_STEP][PASSED] - Statement - counter = counter + 1: null

2019-01-09 12:11:10 - [TEST_STEP][PASSED] - Statement - PreSaveFile = new java.io.File(((pathPrefix + java.lang.Integer.toString(counter)) + .png)): null

2019-01-09 12:11:10 - [TEST_STEP][PASSED] - Statement - counter = counter + 1: null

2019-01-09 12:11:10 - [TEST_STEP][PASSED] - Statement - PreSaveFile = new java.io.File(((pathPrefix + java.lang.Integer.toString(counter)) + .png)): null

2019-01-09 12:11:10 - [TEST_STEP][PASSED] - Statement - counter = counter + 1: null

2019-01-09 12:11:10 - [TEST_STEP][PASSED] - Statement - PreSaveFile = new java.io.File(((pathPrefix + java.lang.Integer.toString(counter)) + .png)): null

2019-01-09 12:11:10 - [TEST_STEP][PASSED] - Statement - counter = counter + 1: null

2019-01-09 12:11:10 - [TEST_STEP][PASSED] - Statement - PreSaveFile = new java.io.File(((pathPrefix + java.lang.Integer.toString(counter)) + .png)): null

2019-01-09 12:11:10 - [TEST_STEP][PASSED] - Statement - counter = counter + 1: null

2019-01-09 12:11:10 - [TEST_STEP][PASSED] - Statement - PreSaveFile = new java.io.File(((pathPrefix + java.lang.Integer.toString(counter)) + .png)): null

2019-01-09 12:11:10 - [TEST_STEP][PASSED] - Statement - counter = counter + 1: null

2019-01-09 12:11:10 - [TEST_STEP][PASSED] - Statement - PreSaveFile = new java.io.File(((pathPrefix + java.lang.Integer.toString(counter)) + .png)): null

2019-01-09 12:11:10 - [TEST_STEP][PASSED] - Statement - counter = counter + 1: null

2019-01-09 12:11:10 - [TEST_STEP][PASSED] - Statement - PreSaveFile = new java.io.File(((pathPrefix + java.lang.Integer.toString(counter)) + .png)): null

2019-01-09 12:11:10 - [TEST_STEP][PASSED] - Statement - counter = counter + 1: null

2019-01-09 12:11:10 - [TEST_STEP][PASSED] - Statement - PreSaveFile = new java.io.File(((pathPrefix + java.lang.Integer.toString(counter)) + .png)): null

2019-01-09 12:11:10 - [TEST_STEP][PASSED] - Statement - counter = counter + 1: null

2019-01-09 12:11:10 - [TEST_STEP][PASSED] - Statement - PreSaveFile = new java.io.File(((pathPrefix + java.lang.Integer.toString(counter)) + .png)): null

2019-01-09 12:11:10 - [TEST_STEP][PASSED] - Statement - counter = counter + 1: null

2019-01-09 12:11:11 - [TEST_STEP][PASSED] - Statement - PreSaveFile = new java.io.File(((pathPrefix + java.lang.Integer.toString(counter)) + .png)): null

2019-01-09 12:11:11 - [TEST_STEP][PASSED] - Statement - counter = counter + 1: null

2019-01-09 12:11:11 - [TEST_STEP][PASSED] - Statement - PreSaveFile = new java.io.File(((pathPrefix + java.lang.Integer.toString(counter)) + .png)): null

2019-01-09 12:11:11 - [TEST_STEP][PASSED] - Statement - counter = counter + 1: null

2019-01-09 12:11:11 - [TEST_STEP][PASSED] - Statement - PreSaveFile = new java.io.File(((pathPrefix + java.lang.Integer.toString(counter)) + .png)): null

2019-01-09 12:11:11 - [TEST_STEP][PASSED] - Statement - counter = counter + 1: null

2019-01-09 12:11:11 - [TEST_STEP][PASSED] - Statement - PreSaveFile = new java.io.File(((pathPrefix + java.lang.Integer.toString(counter)) + .png)): null

2019-01-09 12:11:11 - [TEST_STEP][PASSED] - Statement - counter = counter + 1: null

2019-01-09 12:11:11 - [TEST_STEP][PASSED] - Statement - PreSaveFile = new java.io.File(((pathPrefix + java.lang.Integer.toString(counter)) + .png)): null

2019-01-09 12:11:11 - [TEST_STEP][PASSED] - Statement - counter = counter + 1: null

2019-01-09 12:11:11 - [TEST_STEP][PASSED] - Statement - PreSaveFile = new java.io.File(((pathPrefix + java.lang.Integer.toString(counter)) + .png)): null

2019-01-09 12:11:11 - [TEST_STEP][PASSED] - Statement - counter = counter + 1: null

2019-01-09 12:11:11 - [TEST_STEP][PASSED] - Statement - PreSaveFile = new java.io.File(((pathPrefix + java.lang.Integer.toString(counter)) + .png)): null

2019-01-09 12:11:11 - [TEST_STEP][PASSED] - Statement - counter = counter + 1: null

2019-01-09 12:11:11 - [TEST_STEP][PASSED] - Statement - PreSaveFile = new java.io.File(((pathPrefix + java.lang.Integer.toString(counter)) + .png)): null

2019-01-09 12:11:11 - [TEST_STEP][PASSED] - Statement - counter = counter + 1: null

2019-01-09 12:11:11 - [TEST_STEP][PASSED] - Statement - PreSaveFile = new java.io.File(((pathPrefix + java.lang.Integer.toString(counter)) + .png)): null

2019-01-09 12:11:11 - [TEST_STEP][PASSED] - Statement - counter = counter + 1: null

2019-01-09 12:11:11 - [TEST_STEP][PASSED] - Statement - PreSaveFile = new java.io.File(((pathPrefix + java.lang.Integer.toString(counter)) + .png)): null

2019-01-09 12:11:11 - [TEST_STEP][PASSED] - Statement - counter = counter + 1: null

2019-01-09 12:11:11 - [TEST_STEP][PASSED] - Statement - PreSaveFile = new java.io.File(((pathPrefix + java.lang.Integer.toString(counter)) + .png)): null

2019-01-09 12:11:11 - [TEST_STEP][PASSED] - Statement - counter = counter + 1: null

2019-01-09 12:11:11 - [TEST_STEP][PASSED] - Statement - PreSaveFile = new java.io.File(((pathPrefix + java.lang.Integer.toString(counter)) + .png)): null

2019-01-09 12:11:11 - [TEST_STEP][PASSED] - Statement - counter = counter + 1: null

2019-01-09 12:11:11 - [TEST_STEP][PASSED] - Statement - PreSaveFile = new java.io.File(((pathPrefix + java.lang.Integer.toString(counter)) + .png)): null

2019-01-09 12:11:11 - [TEST_STEP][PASSED] - Statement - counter = counter + 1: null

2019-01-09 12:11:11 - [TEST_STEP][PASSED] - Statement - PreSaveFile = new java.io.File(((pathPrefix + java.lang.Integer.toString(counter)) + .png)): null

2019-01-09 12:11:12 - [TEST_STEP][PASSED] - Statement - counter = counter + 1: null

2019-01-09 12:11:12 - [TEST_STEP][PASSED] - Statement - PreSaveFile = new java.io.File(((pathPrefix + java.lang.Integer.toString(counter)) + .png)): null

2019-01-09 12:11:12 - [TEST_STEP][PASSED] - Statement - counter = counter + 1: null

2019-01-09 12:11:12 - [TEST_STEP][PASSED] - Statement - PreSaveFile = new java.io.File(((pathPrefix + java.lang.Integer.toString(counter)) + .png)): null

2019-01-09 12:11:12 - [TEST_STEP][PASSED] - Statement - counter = counter + 1: null

2019-01-09 12:11:12 - [TEST_STEP][PASSED] - Statement - PreSaveFile = new java.io.File(((pathPrefix + java.lang.Integer.toString(counter)) + .png)): null

2019-01-09 12:11:12 - [TEST_STEP][PASSED] - Statement - counter = counter + 1: null

2019-01-09 12:11:12 - [TEST_STEP][PASSED] - Statement - PreSaveFile = new java.io.File(((pathPrefix + java.lang.Integer.toString(counter)) + .png)): null

2019-01-09 12:11:12 - [TEST_STEP][PASSED] - Statement - counter = counter + 1: null

2019-01-09 12:11:12 - [TEST_STEP][PASSED] - Statement - PreSaveFile = new java.io.File(((pathPrefix + java.lang.Integer.toString(counter)) + .png)): null

2019-01-09 12:11:12 - [TEST_STEP][PASSED] - Statement - counter = counter + 1: null

2019-01-09 12:11:12 - [TEST_STEP][PASSED] - Statement - PreSaveFile = new java.io.File(((pathPrefix + java.lang.Integer.toString(counter)) + .png)): null

2019-01-09 12:11:12 - [TEST_STEP][PASSED] - Statement - counter = counter + 1: null

2019-01-09 12:11:12 - [TEST_STEP][PASSED] - Statement - PreSaveFile = new java.io.File(((pathPrefix + java.lang.Integer.toString(counter)) + .png)): null

2019-01-09 12:11:12 - [TEST_STEP][PASSED] - Statement - counter = counter + 1: null

2019-01-09 12:11:12 - [TEST_STEP][PASSED] - Statement - PreSaveFile = new java.io.File(((pathPrefix + java.lang.Integer.toString(counter)) + .png)): null

2019-01-09 12:11:12 - [TEST_STEP][PASSED] - Statement - counter = counter + 1: null

2019-01-09 12:11:12 - [TEST_STEP][PASSED] - Statement - PreSaveFile = new java.io.File(((pathPrefix + java.lang.Integer.toString(counter)) + .png)): null

2019-01-09 12:11:12 - [TEST_STEP][PASSED] - Statement - counter = counter + 1: null

2019-01-09 12:11:12 - [TEST_STEP][PASSED] - Statement - PreSaveFile = new java.io.File(((pathPrefix + java.lang.Integer.toString(counter)) + .png)): null

2019-01-09 12:11:12 - [TEST_STEP][PASSED] - Statement - counter = counter + 1: null

2019-01-09 12:11:12 - [TEST_STEP][PASSED] - Statement - PreSaveFile = new java.io.File(((pathPrefix + java.lang.Integer.toString(counter)) + .png)): null

2019-01-09 12:11:12 - [TEST_STEP][PASSED] - Statement - counter = counter + 1: null

2019-01-09 12:11:12 - [TEST_STEP][PASSED] - Statement - PreSaveFile = new java.io.File(((pathPrefix + java.lang.Integer.toString(counter)) + .png)): null

2019-01-09 12:11:12 - [TEST_STEP][PASSED] - Statement - counter = counter + 1: null

2019-01-09 12:11:12 - [TEST_STEP][PASSED] - Statement - PreSaveFile = new java.io.File(((pathPrefix + java.lang.Integer.toString(counter)) + .png)): null

2019-01-09 12:11:12 - [TEST_STEP][PASSED] - Statement - counter = counter + 1: null

2019-01-09 12:11:12 - [TEST_STEP][PASSED] - Statement - PreSaveFile = new java.io.File(((pathPrefix + java.lang.Integer.toString(counter)) + .png)): null

2019-01-09 12:11:12 - [TEST_STEP][PASSED] - Statement - counter = counter + 1: null

2019-01-09 12:11:12 - [TEST_STEP][PASSED] - Statement - PreSaveFile = new java.io.File(((pathPrefix + java.lang.Integer.toString(counter)) + .png)): null

2019-01-09 12:11:12 - [TEST_STEP][PASSED] - Statement - counter = counter + 1: null

2019-01-09 12:11:12 - [TEST_STEP][PASSED] - Statement - PreSaveFile = new java.io.File(((pathPrefix + java.lang.Integer.toString(counter)) + .png)): null

2019-01-09 12:11:12 - [TEST_STEP][PASSED] - Statement - counter = counter + 1: null

2019-01-09 12:11:12 - [TEST_STEP][PASSED] - Statement - PreSaveFile = new java.io.File(((pathPrefix + java.lang.Integer.toString(counter)) + .png)): null

2019-01-09 12:11:12 - [TEST_STEP][PASSED] - Statement - counter = counter + 1: null

2019-01-09 12:11:12 - [TEST_STEP][PASSED] - Statement - PreSaveFile = new java.io.File(((pathPrefix + java.lang.Integer.toString(counter)) + .png)): null

2019-01-09 12:11:12 - [TEST_STEP][PASSED] - Statement - counter = counter + 1: null

2019-01-09 12:11:12 - [TEST_STEP][PASSED] - Statement - PreSaveFile = new java.io.File(((pathPrefix + java.lang.Integer.toString(counter)) + .png)): null

2019-01-09 12:11:12 - [TEST_STEP][PASSED] - Statement - counter = counter + 1: null

2019-01-09 12:11:12 - [TEST_STEP][PASSED] - Statement - PreSaveFile = new java.io.File(((pathPrefix + java.lang.Integer.toString(counter)) + .png)): null

2019-01-09 12:11:12 - [TEST_STEP][PASSED] - Statement - counter = counter + 1: null

2019-01-09 12:11:12 - [TEST_STEP][PASSED] - Statement - PreSaveFile = new java.io.File(((pathPrefix + java.lang.Integer.toString(counter)) + .png)): null

2019-01-09 12:11:12 - [TEST_STEP][PASSED] - Statement - counter = counter + 1: null

2019-01-09 12:11:12 - [TEST_STEP][PASSED] - Statement - PreSaveFile = new java.io.File(((pathPrefix + java.lang.Integer.toString(counter)) + .png)): null

2019-01-09 12:11:12 - [TEST_STEP][PASSED] - Statement - counter = counter + 1: null

2019-01-09 12:11:12 - [TEST_STEP][PASSED] - Statement - PreSaveFile = new java.io.File(((pathPrefix + java.lang.Integer.toString(counter)) + .png)): null

2019-01-09 12:11:12 - [TEST_STEP][PASSED] - Statement - counter = counter + 1: null

2019-01-09 12:11:13 - [TEST_STEP][PASSED] - Statement - PreSaveFile = new java.io.File(((pathPrefix + java.lang.Integer.toString(counter)) + .png)): null

2019-01-09 12:11:13 - [TEST_STEP][PASSED] - Statement - counter = counter + 1: null

2019-01-09 12:11:13 - [TEST_STEP][PASSED] - Statement - PreSaveFile = new java.io.File(((pathPrefix + java.lang.Integer.toString(counter)) + .png)): null

2019-01-09 12:11:13 - [TEST_STEP][PASSED] - Statement - counter = counter + 1: null

2019-01-09 12:11:13 - [TEST_STEP][PASSED] - Statement - PreSaveFile = new java.io.File(((pathPrefix + java.lang.Integer.toString(counter)) + .png)): null

2019-01-09 12:11:13 - [TEST_STEP][PASSED] - Statement - counter = counter + 1: null

2019-01-09 12:11:13 - [TEST_STEP][PASSED] - Statement - PreSaveFile = new java.io.File(((pathPrefix + java.lang.Integer.toString(counter)) + .png)): null

2019-01-09 12:11:13 - [TEST_STEP][PASSED] - Statement - finalPath = pathPrefix + java.lang.Integer.toString(counter) + ".png": null

2019-01-09 12:11:13 - [TEST_STEP][PASSED] - Statement - SaveFile = new java.io.File(finalPath): null

2019-01-09 12:11:13 - [TEST_STEP][PASSED] - Statement - Try: null

2019-01-09 12:11:13 - [TEST_STEP][PASSED] - Statement - org.apache.commons.io.FileUtils.copyFile(scrFile, SaveFile): null

2019-01-09 12:11:13 - [TEST_STEP][PASSED] - Statement - out.println("file kept"): null

2019-01-09 12:11:13 - [TEST_STEP][PASSED] - delay: Delayed 10 second(s)

2019-01-09 12:11:23 - [MESSAGE][PASSED] - Delayed 10 second(s)

2019-01-09 12:11:23 - [MESSAGE][PASSED] - Call Test Case 'Test Cases/Final Aug 2018 - PKS Automation/Registration Module/New Registration/Submit and Screenshot/Submit Registration and Screenshot' successfully

2019-01-09 12:11:23 - [TEST_STEP][PASSED] - callTestCase: Call Test Case 'Test Cases/Final Aug 2018 - PKS Automation/Registration Module/Log Out/log out avoiding katalon tagging' successfully

2019-01-09 12:11:23 - [TEST_CASE][PASSED] - Test Cases/Final Aug 2018 - PKS Automation/Registration Module/Log Out/log out avoiding katalon tagging: Test Cases/Final Aug 2018 - PKS Automation/Registration Module/Log Out/log out avoiding katalon tagging

2019-01-09 12:11:23 - [TEST_STEP][PASSED] - navigateToUrl: Navigate to 'https://assist2-uat.perkeso.gov.my/c/portal/logout' successfully

2019-01-09 12:11:24 - [MESSAGE][PASSED] - Navigate to 'https://assist2-uat.perkeso.gov.my/c/portal/logout' successfully

2019-01-09 12:11:24 - [MESSAGE][PASSED] - Call Test Case 'Test Cases/Final Aug 2018 - PKS Automation/Registration Module/Log Out/log out avoiding katalon tagging' successfully

2019-01-09 12:11:24 - [TEST_STEP][PASSED] - callTestCase: Call Test Case 'Test Cases/Final Aug 2018 - PKS Automation/Common/Workflow Owner Finder' successfully

2019-01-09 12:11:24 - [TEST_CASE][PASSED] - Test Cases/Final Aug 2018 - PKS Automation/Common/Workflow Owner Finder: Test Cases/Final Aug 2018 - PKS Automation/Common/Workflow Owner Finder

2019-01-09 12:11:24 - [TEST_STEP][PASSED] - openBrowser: Browser is opened with url: ''

2019-01-09 12:11:24 - [MESSAGE][WARNING] - A browser is already opened. Closing browser and opening a new one

2019-01-09 12:11:27 - [MESSAGE][PASSED] - Browser is opened with url: ''

2019-01-09 12:11:27 - [TEST_STEP][PASSED] - navigateToUrl: Navigate to 'https://assist2-uat.perkeso.gov.my/login' successfully

2019-01-09 12:11:28 - [MESSAGE][PASSED] - Navigate to 'https://assist2-uat.perkeso.gov.my/login' successfully

2019-01-09 12:11:28 - [TEST_STEP][PASSED] - delay: Delayed 5 second(s)

2019-01-09 12:11:33 - [MESSAGE][PASSED] - Delayed 5 second(s)

2019-01-09 12:11:33 - [TEST_STEP][PASSED] - setText: Text 'test@liferay.com' is set on object 'Object Repository/Final Object Repo/Login Page/Internal User/Email Address'

2019-01-09 12:11:34 - [MESSAGE][PASSED] - Text 'test@liferay.com' is set on object 'Object Repository/Final Object Repo/Login Page/Internal User/Email Address'

2019-01-09 12:11:34 - [TEST_STEP][PASSED] - click: Object: 'Object Repository/Final Object Repo/Login Page/Internal User/Next Button' is clicked on

2019-01-09 12:11:34 - [MESSAGE][PASSED] - Object: 'Object Repository/Final Object Repo/Login Page/Internal User/Next Button' is clicked on

2019-01-09 12:11:34 - [TEST_STEP][PASSED] - delay: Delayed 2 second(s)

2019-01-09 12:11:36 - [MESSAGE][PASSED] - Delayed 2 second(s)

2019-01-09 12:11:36 - [TEST_STEP][PASSED] - setText: Text 'test' is set on object 'Object Repository/Final Object Repo/Login Page/Internal User/Password'

2019-01-09 12:11:36 - [MESSAGE][PASSED] - Text 'test' is set on object 'Object Repository/Final Object Repo/Login Page/Internal User/Password'

2019-01-09 12:11:36 - [TEST_STEP][PASSED] - delay: Delayed 2 second(s)

2019-01-09 12:11:38 - [MESSAGE][PASSED] - Delayed 2 second(s)

2019-01-09 12:11:38 - [TEST_STEP][PASSED] - click: Object: 'Object Repository/Final Object Repo/Login Page/Internal User/Login Button' is clicked on

2019-01-09 12:11:38 - [MESSAGE][PASSED] - Object: 'Object Repository/Final Object Repo/Login Page/Internal User/Login Button' is clicked on

2019-01-09 12:11:38 - [TEST_STEP][PASSED] - Statement - tester = com.kms.katalon.core.testobject.ObjectRepository.findTestObject(Final Object Repo/Landing Page/Select to English): Finding Test Object with id 'Object Repository/Final Object Repo/Landing Page/Select to English'

2019-01-09 12:11:38 - [TEST_STEP][PASSED] - Statement - Try: Delayed 2 second(s)

2019-01-09 12:11:38 - [TEST_STEP][PASSED] - Statement - Checker = com.kms.katalon.core.webui.keyword.WebUiBuiltInKeywords.verifyElementNotPresent(tester, 3): Web element with id: 'Object Repository/Final Object Repo/Landing Page/Select to English' located by 'By.xpath: //a[@class = 'taglib-language-list-text' and @lang = 'en-US' and (contains(text(), 'EN') or contains(., 'EN'))]' is not present after '3' second(s)

2019-01-09 12:11:40 - [MESSAGE][PASSED] - Web element with id: 'Object Repository/Final Object Repo/Landing Page/Select to English' located by 'By.xpath: //a[@class = 'taglib-language-list-text' and @lang = 'en-US' and (contains(text(), 'EN') or contains(., 'EN'))]' is not present after '3' second(s)

2019-01-09 12:11:40 - [TEST_STEP][PASSED] - Statement - If (Checker == false): null

2019-01-09 12:11:40 - [TEST_STEP][PASSED] - delay: Delayed 2 second(s)

2019-01-09 12:11:42 - [MESSAGE][PASSED] - Delayed 2 second(s)

2019-01-09 12:11:42 - [TEST_STEP][PASSED] - delay: Delayed 5 second(s)

2019-01-09 12:11:47 - [MESSAGE][PASSED] - Delayed 5 second(s)

2019-01-09 12:11:47 - [TEST_STEP][PASSED] - mouseOver: Object: 'Object Repository/Final Object Repo/Landing Page/WorkFlow Menu' is hovered

2019-01-09 12:11:47 - [MESSAGE][PASSED] - Object: 'Object Repository/Final Object Repo/Landing Page/WorkFlow Menu' is hovered

2019-01-09 12:11:47 - [TEST_STEP][PASSED] - delay: Delayed 2 second(s)

2019-01-09 12:11:49 - [MESSAGE][PASSED] - Delayed 2 second(s)

2019-01-09 12:11:49 - [TEST_STEP][PASSED] - click: Object: 'Object Repository/Final Object Repo/Landing Page/Select to Workflow Listing' is clicked on

2019-01-09 12:11:50 - [MESSAGE][PASSED] - Object: 'Object Repository/Final Object Repo/Landing Page/Select to Workflow Listing' is clicked on

2019-01-09 12:11:50 - [TEST_STEP][PASSED] - delay: Delayed 2 second(s)

2019-01-09 12:11:52 - [MESSAGE][PASSED] - Delayed 2 second(s)

2019-01-09 12:11:52 - [TEST_STEP][PASSED] - click: Object: 'Object Repository/Final Object Repo/WorkFlow Listing Page/Search Information - To Put Ref No' is clicked on

2019-01-09 12:11:53 - [MESSAGE][PASSED] - Object: 'Object Repository/Final Object Repo/WorkFlow Listing Page/Search Information - To Put Ref No' is clicked on

2019-01-09 12:11:53 - [TEST_STEP][PASSED] - delay: Delayed 2 second(s)

2019-01-09 12:11:55 - [MESSAGE][PASSED] - Delayed 2 second(s)

2019-01-09 12:11:55 - [TEST_STEP][PASSED] - callTestCase: Call Test Case 'Test Cases/Final Aug 2018 - PKS Automation/Common/Reference Number Getter' successfully

2019-01-09 12:11:55 - [TEST_CASE][PASSED] - Test Cases/Final Aug 2018 - PKS Automation/Common/Reference Number Getter: Test Cases/Final Aug 2018 - PKS Automation/Common/Reference Number Getter

2019-01-09 12:11:55 - [TEST_STEP][PASSED] - Statement - Try: null

2019-01-09 12:11:55 - [TEST_STEP][PASSED] - Statement - RefNo = new java.io.File(C://Users//Admin//Desktop//PKS//Automation Reference Point//KatalonReference.txt): null

2019-01-09 12:11:55 - [TEST_STEP][PASSED] - Statement - bufferread = new java.io.BufferedReader(new java.io.FileReader(RefNo)): null

2019-01-09 12:11:55 - [TEST_STEP][PASSED] - Statement - readedVal = bufferread.readLine(): null

2019-01-09 12:11:55 - [TEST_STEP][PASSED] - Statement - out.println(CaseReferenceNo): null

2019-01-09 12:11:55 - [TEST_STEP][PASSED] - Statement - out.println(readedVal): null

2019-01-09 12:11:55 - [TEST_STEP][PASSED] - Statement - CaseReferenceNo = "": null

2019-01-09 12:11:55 - [TEST_STEP][PASSED] - Statement - CaseReferenceNo = readedVal: null

2019-01-09 12:11:55 - [MESSAGE][PASSED] - Call Test Case 'Test Cases/Final Aug 2018 - PKS Automation/Common/Reference Number Getter' successfully

2019-01-09 12:11:55 - [TEST_STEP][PASSED] - setText: Text 'CRN01201900123679' is set on object 'Object Repository/Final Object Repo/WorkFlow Listing Page/Ref No Set Text'

2019-01-09 12:11:55 - [MESSAGE][PASSED] - Text 'CRN01201900123679' is set on object 'Object Repository/Final Object Repo/WorkFlow Listing Page/Ref No Set Text'

2019-01-09 12:11:55 - [TEST_STEP][PASSED] - delay: Delayed 2 second(s)

2019-01-09 12:11:57 - [MESSAGE][PASSED] - Delayed 2 second(s)

2019-01-09 12:11:57 - [TEST_STEP][PASSED] - click: Object: 'Object Repository/Final Object Repo/WorkFlow Listing Page/Search Ref No Search Button' is clicked on

2019-01-09 12:11:57 - [MESSAGE][PASSED] - Object: 'Object Repository/Final Object Repo/WorkFlow Listing Page/Search Ref No Search Button' is clicked on

2019-01-09 12:11:57 - [TEST_STEP][PASSED] - delay: Delayed 6 second(s)

2019-01-09 12:12:03 - [MESSAGE][PASSED] - Delayed 6 second(s)

2019-01-09 12:12:03 - [TEST_STEP][PASSED] - click: Object: 'Object Repository/Final Object Repo/WorkFlow Listing Page/Click Continue Tooltip' is clicked on

2019-01-09 12:12:04 - [MESSAGE][PASSED] - Object: 'Object Repository/Final Object Repo/WorkFlow Listing Page/Click Continue Tooltip' is clicked on

2019-01-09 12:12:04 - [TEST_STEP][PASSED] - delay: Delayed 5 second(s)

2019-01-09 12:12:09 - [MESSAGE][PASSED] - Delayed 5 second(s)

2019-01-09 12:12:09 - [TEST_STEP][PASSED] - doubleClick: Object: 'Object Repository/Final Object Repo/WorkFlow Listing Page/Workflow Found - Listing 1' is double clicked on

2019-01-09 12:12:10 - [MESSAGE][PASSED] - Object: 'Object Repository/Final Object Repo/WorkFlow Listing Page/Workflow Found - Listing 1' is double clicked on

2019-01-09 12:12:10 - [TEST_STEP][PASSED] - Statement - println(OwnerID): null

2019-01-09 12:12:10 - [TEST_STEP][PASSED] - Statement - OwnerID = com.kms.katalon.core.webui.keyword.WebUiBuiltInKeywords.getText(com.kms.katalon.core.testobject.ObjectRepository.findTestObject(Final Object Repo/WorkFlow Listing Page/Workflow Found - Listing 1), STOP_ON_FAILURE): Text of object 'Object Repository/Final Object Repo/WorkFlow Listing Page/Workflow Found - Listing 1' is: 'JOHORro2'

2019-01-09 12:12:10 - [MESSAGE][PASSED] - Text of object 'Object Repository/Final Object Repo/WorkFlow Listing Page/Workflow Found - Listing 1' is: 'JOHORro2'

2019-01-09 12:12:10 - [TEST_STEP][PASSED] - Statement - OwnerID = OwnerID.toLowerCase() + "@gmail.com": null

2019-01-09 12:12:10 - [TEST_STEP][PASSED] - Statement - println(OwnerID): null

2019-01-09 12:12:10 - [TEST_STEP][PASSED] - delay: Delayed 2 second(s)

2019-01-09 12:12:12 - [MESSAGE][PASSED] - Delayed 2 second(s)

2019-01-09 12:12:12 - [MESSAGE][PASSED] - Call Test Case 'Test Cases/Final Aug 2018 - PKS Automation/Common/Workflow Owner Finder' successfully

2019-01-09 12:12:12 - [TEST_STEP][PASSED] - callTestCase: Call Test Case 'Test Cases/Final Aug 2018 - PKS Automation/Registration Module/Log Out/log out avoiding katalon tagging' successfully

2019-01-09 12:12:12 - [TEST_CASE][PASSED] - Test Cases/Final Aug 2018 - PKS Automation/Registration Module/Log Out/log out avoiding katalon tagging: Test Cases/Final Aug 2018 - PKS Automation/Registration Module/Log Out/log out avoiding katalon tagging

2019-01-09 12:12:12 - [TEST_STEP][PASSED] - navigateToUrl: Navigate to 'https://assist2-uat.perkeso.gov.my/c/portal/logout' successfully

2019-01-09 12:12:13 - [MESSAGE][PASSED] - Navigate to 'https://assist2-uat.perkeso.gov.my/c/portal/logout' successfully

2019-01-09 12:12:13 - [MESSAGE][PASSED] - Call Test Case 'Test Cases/Final Aug 2018 - PKS Automation/Registration Module/Log Out/log out avoiding katalon tagging' successfully

2019-01-09 12:12:13 - [TEST_STEP][PASSED] - delay: Delayed 2 second(s)

2019-01-09 12:12:15 - [MESSAGE][PASSED] - Delayed 2 second(s)

2019-01-09 12:12:15 - [TEST_STEP][PASSED] - setText: Text 'johorro2@gmail.com' is set on object 'Object Repository/Final Object Repo/New Registration - Registration Module Pages/New Reg - OTC to RO/Special Case - All Related Objects/Email TextBox'

2019-01-09 12:12:15 - [MESSAGE][PASSED] - Text 'johorro2@gmail.com' is set on object 'Object Repository/Final Object Repo/New Registration - Registration Module Pages/New Reg - OTC to RO/Special Case - All Related Objects/Email TextBox'

2019-01-09 12:12:15 - [TEST_STEP][PASSED] - click: Object: 'Object Repository/Final Object Repo/New Registration - Registration Module Pages/New Reg - OTC to RO/Special Case - All Related Objects/Next Button' is clicked on

2019-01-09 12:12:15 - [MESSAGE][PASSED] - Object: 'Object Repository/Final Object Repo/New Registration - Registration Module Pages/New Reg - OTC to RO/Special Case - All Related Objects/Next Button' is clicked on

2019-01-09 12:12:15 - [TEST_STEP][PASSED] - delay: Delayed 2 second(s)

2019-01-09 12:12:17 - [MESSAGE][PASSED] - Delayed 2 second(s)

2019-01-09 12:12:17 - [TEST_STEP][PASSED] - setText: Text 'Test1@3456789' is set on object 'Object Repository/Final Object Repo/New Registration - Registration Module Pages/New Reg - OTC to RO/Special Case - All Related Objects/Password TextBox'

2019-01-09 12:12:17 - [MESSAGE][PASSED] - Text 'Test1@3456789' is set on object 'Object Repository/Final Object Repo/New Registration - Registration Module Pages/New Reg - OTC to RO/Special Case - All Related Objects/Password TextBox'

2019-01-09 12:12:17 - [TEST_STEP][PASSED] - delay: Delayed 2 second(s)

2019-01-09 12:12:19 - [MESSAGE][PASSED] - Delayed 2 second(s)

2019-01-09 12:12:19 - [TEST_STEP][PASSED] - click: Object: 'Object Repository/Final Object Repo/New Registration - Registration Module Pages/New Reg - OTC to RO/Special Case - All Related Objects/Login Button' is clicked on

2019-01-09 12:12:20 - [MESSAGE][PASSED] - Object: 'Object Repository/Final Object Repo/New Registration - Registration Module Pages/New Reg - OTC to RO/Special Case - All Related Objects/Login Button' is clicked on

2019-01-09 12:12:20 - [TEST_STEP][PASSED] - delay: Delayed 2 second(s)

2019-01-09 12:12:22 - [MESSAGE][PASSED] - Delayed 2 second(s)

2019-01-09 12:12:22 - [TEST_STEP][PASSED] - Statement - Try: null

2019-01-09 12:12:22 - [TEST_STEP][PASSED] - Statement - Checker = com.kms.katalon.core.webui.keyword.WebUiBuiltInKeywords.verifyElementNotPresent("Final Object Repo/Landing Page/Select to English", 3): null

2019-01-09 12:12:22 - [TEST_STEP][PASSED] - Statement - Catch (Exception e): null

2019-01-09 12:12:22 - [TEST_STEP][PASSED] - Statement - e.printStackTrace(): null

2019-01-09 12:12:22 - [TEST_STEP][PASSED] - click: Object: 'Object Repository/Final Object Repo/New Registration - Registration Module Pages/New Reg - OTC to RO/Special Case - All Related Objects/Expand to Search' is clicked on

2019-01-09 12:12:22 - [MESSAGE][PASSED] - Object: 'Object Repository/Final Object Repo/New Registration - Registration Module Pages/New Reg - OTC to RO/Special Case - All Related Objects/Expand to Search' is clicked on

2019-01-09 12:12:22 - [TEST_STEP][FAILED] - setText: Unable to set text 'CRN01201900123679' of object 'Object Repository/Final Object Repo/New Registration - Registration Module Pages/New Reg - OTC to RO/Special Case - All Related Objects/TextBox RefNo in Workbasket' (Root cause: org.openqa.selenium.ElementNotVisibleException: element not interactable
  (Session info: chrome=71.0.3578.98)
  (Driver info: chromedriver=2.43.600210 (68dcf5eebde37173d4027fa8635e332711d2874a),platform=Windows NT 6.1.7601 SP1 x86_64) (WARNING: The server did not provide any stacktrace information)
Command duration or timeout: 0 milliseconds
Build info: version: '3.7.1', revision: '8a0099a', time: '2017-11-06T21:07:36.161Z'
System info: host: 'WIN7TEST02', ip: '10.20.3.72', os.name: 'Windows 7', os.arch: 'amd64', os.version: '6.1', java.version: '1.8.0_181'
Driver info: com.kms.katalon.selenium.driver.CChromeDriver
Capabilities {acceptInsecureCerts: false, acceptSslCerts: false, applicationCacheEnabled: false, browserConnectionEnabled: false, browserName: chrome, chrome: {chromedriverVersion: 2.43.600210 (68dcf5eebde371..., userDataDir: C:\Users\Admin\AppData\Loca...}, cssSelectorsEnabled: true, databaseEnabled: false, goog:chromeOptions: {debuggerAddress: localhost:53893}, handlesAlerts: true, hasTouchScreen: false, javascriptEnabled: true, locationContextEnabled: true, mobileEmulationEnabled: false, nativeEvents: true, networkConnectionEnabled: false, pageLoadStrategy: normal, platform: XP, platformName: XP, rotatable: false, setWindowRect: true, takesHeapSnapshot: true, takesScreenshot: true, unexpectedAlertBehaviour: , unhandledPromptBehavior: , version: 71.0.3578.98, webStorageEnabled: true}
Session ID: e1830d19593e16fc4ead0949c899504c)

2019-01-09 12:12:23 - [MESSAGE][FAILED] - Unable to set text 'CRN01201900123679' of object 'Object Repository/Final Object Repo/New Registration - Registration Module Pages/New Reg - OTC to RO/Special Case - All Related Objects/TextBox RefNo in Workbasket' (Root cause: org.openqa.selenium.ElementNotVisibleException: element not interactable
  (Session info: chrome=71.0.3578.98)
  (Driver info: chromedriver=2.43.600210 (68dcf5eebde37173d4027fa8635e332711d2874a),platform=Windows NT 6.1.7601 SP1 x86_64) (WARNING: The server did not provide any stacktrace information)
Command duration or timeout: 0 milliseconds
Build info: version: '3.7.1', revision: '8a0099a', time: '2017-11-06T21:07:36.161Z'
System info: host: 'WIN7TEST02', ip: '10.20.3.72', os.name: 'Windows 7', os.arch: 'amd64', os.version: '6.1', java.version: '1.8.0_181'
Driver info: com.kms.katalon.selenium.driver.CChromeDriver
Capabilities {acceptInsecureCerts: false, acceptSslCerts: false, applicationCacheEnabled: false, browserConnectionEnabled: false, browserName: chrome, chrome: {chromedriverVersion: 2.43.600210 (68dcf5eebde371..., userDataDir: C:\Users\Admin\AppData\Loca...}, cssSelectorsEnabled: true, databaseEnabled: false, goog:chromeOptions: {debuggerAddress: localhost:53893}, handlesAlerts: true, hasTouchScreen: false, javascriptEnabled: true, locationContextEnabled: true, mobileEmulationEnabled: false, nativeEvents: true, networkConnectionEnabled: false, pageLoadStrategy: normal, platform: XP, platformName: XP, rotatable: false, setWindowRect: true, takesHeapSnapshot: true, takesScreenshot: true, unexpectedAlertBehaviour: , unhandledPromptBehavior: , version: 71.0.3578.98, webStorageEnabled: true}
Session ID: e1830d19593e16fc4ead0949c899504c)
[[ATTACHMENT|C:\\Users\\Admin\\Desktop\\PKS\\Perkeso Phase A\\Reports\\Workflow\\New Registration\\20190109_104156\\1547007142805.png]]

2019-01-09 12:12:23 - [TEST_STEP][PASSED] - delay: Delayed 2 second(s)

2019-01-09 12:12:25 - [MESSAGE][PASSED] - Delayed 2 second(s)

2019-01-09 12:12:25 - [TEST_STEP][PASSED] - click: Object: 'Object Repository/Final Object Repo/New Registration - Registration Module Pages/New Reg - OTC to RO/Special Case - All Related Objects/Click Search' is clicked on

2019-01-09 12:12:25 - [MESSAGE][PASSED] - Object: 'Object Repository/Final Object Repo/New Registration - Registration Module Pages/New Reg - OTC to RO/Special Case - All Related Objects/Click Search' is clicked on

2019-01-09 12:12:25 - [TEST_STEP][PASSED] - delay: Delayed 2 second(s)

2019-01-09 12:12:27 - [MESSAGE][PASSED] - Delayed 2 second(s)

2019-01-09 12:12:27 - [TEST_STEP][PASSED] - click: Object: 'Object Repository/Final Object Repo/New Registration - Registration Module Pages/New Reg - OTC to RO/Special Case - All Related Objects/Click to Continue Workflow' is clicked on

2019-01-09 12:12:31 - [MESSAGE][PASSED] - Object: 'Object Repository/Final Object Repo/New Registration - Registration Module Pages/New Reg - OTC to RO/Special Case - All Related Objects/Click to Continue Workflow' is clicked on

2019-01-09 12:12:31 - [TEST_STEP][PASSED] - delay: Delayed 2 second(s)

2019-01-09 12:12:33 - [MESSAGE][PASSED] - Delayed 2 second(s)

2019-01-09 12:12:33 - [TEST_STEP][PASSED] - click: Object: 'Object Repository/Final Object Repo/New Registration - Registration Module Pages/New Reg - OTC to RO/Special Case - All Related Objects/Continue Button in verifying case' is clicked on

2019-01-09 12:12:34 - [MESSAGE][PASSED] - Object: 'Object Repository/Final Object Repo/New Registration - Registration Module Pages/New Reg - OTC to RO/Special Case - All Related Objects/Continue Button in verifying case' is clicked on

2019-01-09 12:12:34 - [TEST_STEP][PASSED] - delay: Delayed 2 second(s)

2019-01-09 12:12:36 - [MESSAGE][PASSED] - Delayed 2 second(s)

2019-01-09 12:12:36 - [TEST_STEP][PASSED] - click: Object: 'Object Repository/Final Object Repo/New Registration - Registration Module Pages/Form 1/Registered As a Branch - Yes' is clicked on

2019-01-09 12:12:36 - [MESSAGE][PASSED] - Object: 'Object Repository/Final Object Repo/New Registration - Registration Module Pages/Form 1/Registered As a Branch - Yes' is clicked on

2019-01-09 12:12:36 - [TEST_STEP][PASSED] - delay: Delayed 2 second(s)

2019-01-09 12:12:38 - [MESSAGE][PASSED] - Delayed 2 second(s)

2019-01-09 12:12:38 - [TEST_STEP][PASSED] - click: Object: 'Object Repository/Final Object Repo/New Registration - Registration Module Pages/New Reg - OTC to RO/Special Case - All Related Objects/Form 1 Save n Continue' is clicked on

2019-01-09 12:12:39 - [MESSAGE][PASSED] - Object: 'Object Repository/Final Object Repo/New Registration - Registration Module Pages/New Reg - OTC to RO/Special Case - All Related Objects/Form 1 Save n Continue' is clicked on

2019-01-09 12:12:39 - [TEST_STEP][PASSED] - delay: Delayed 2 second(s)

2019-01-09 12:12:41 - [MESSAGE][PASSED] - Delayed 2 second(s)

2019-01-09 12:12:41 - [TEST_STEP][PASSED] - click: Object: 'Object Repository/Final Object Repo/New Registration - Registration Module Pages/New Reg - OTC to RO/Special Case - All Related Objects/Form 2 Save n Continue' is clicked on

2019-01-09 12:12:42 - [MESSAGE][PASSED] - Object: 'Object Repository/Final Object Repo/New Registration - Registration Module Pages/New Reg - OTC to RO/Special Case - All Related Objects/Form 2 Save n Continue' is clicked on

2019-01-09 12:12:42 - [TEST_STEP][PASSED] - delay: Delayed 2 second(s)

2019-01-09 12:12:44 - [MESSAGE][PASSED] - Delayed 2 second(s)

2019-01-09 12:12:44 - [TEST_STEP][PASSED] - click: Object: 'Object Repository/Final Object Repo/New Registration - Registration Module Pages/New Reg - OTC to RO/Special Case - All Related Objects/Third Screen Save n Continue' is clicked on

2019-01-09 12:12:49 - [MESSAGE][PASSED] - Object: 'Object Repository/Final Object Repo/New Registration - Registration Module Pages/New Reg - OTC to RO/Special Case - All Related Objects/Third Screen Save n Continue' is clicked on

2019-01-09 12:12:49 - [TEST_STEP][PASSED] - delay: Delayed 5 second(s)

2019-01-09 12:12:54 - [MESSAGE][PASSED] - Delayed 5 second(s)

2019-01-09 12:12:54 - [TEST_STEP][PASSED] - click: Object: 'Object Repository/Final Object Repo/New Registration - Registration Module Pages/New Reg - OTC to RO/Special Case - All Related Objects/Upload Doc Page Save n Continue' is clicked on

2019-01-09 12:12:54 - [MESSAGE][PASSED] - Object: 'Object Repository/Final Object Repo/New Registration - Registration Module Pages/New Reg - OTC to RO/Special Case - All Related Objects/Upload Doc Page Save n Continue' is clicked on

2019-01-09 12:12:54 - [TEST_STEP][PASSED] - delay: Delayed 5 second(s)

2019-01-09 12:12:59 - [MESSAGE][PASSED] - Delayed 5 second(s)

2019-01-09 12:12:59 - [TEST_STEP][PASSED] - click: Object: 'Object Repository/Final Object Repo/New Registration - Registration Module Pages/New Reg - OTC to RO/Special Case - All Related Objects/Under Enforcement Button at Preview Screen of RO' is clicked on

2019-01-09 12:13:00 - [MESSAGE][PASSED] - Object: 'Object Repository/Final Object Repo/New Registration - Registration Module Pages/New Reg - OTC to RO/Special Case - All Related Objects/Under Enforcement Button at Preview Screen of RO' is clicked on

2019-01-09 12:13:00 - [TEST_STEP][PASSED] - delay: Delayed 5 second(s)

2019-01-09 12:13:05 - [MESSAGE][PASSED] - Delayed 5 second(s)

2019-01-09 12:13:05 - [TEST_STEP][PASSED] - click: Object: 'Object Repository/Final Object Repo/New Registration - Registration Module Pages/New Reg - OTC to RO/Special Case - All Related Objects/Under Enforcement - inner form' is clicked on

2019-01-09 12:13:05 - [MESSAGE][PASSED] - Object: 'Object Repository/Final Object Repo/New Registration - Registration Module Pages/New Reg - OTC to RO/Special Case - All Related Objects/Under Enforcement - inner form' is clicked on

2019-01-09 12:13:05 - [TEST_STEP][PASSED] - callTestCase: Call Test Case 'Test Cases/Final Aug 2018 - PKS Automation/Common/Screenshoting tool' successfully

2019-01-09 12:13:05 - [TEST_CASE][PASSED] - Test Cases/Final Aug 2018 - PKS Automation/Common/Screenshoting tool: Test Cases/Final Aug 2018 - PKS Automation/Common/Screenshoting tool

2019-01-09 12:13:05 - [TEST_STEP][PASSED] - delay: Delayed 15 second(s)

2019-01-09 12:13:20 - [MESSAGE][PASSED] - Delayed 15 second(s)

2019-01-09 12:13:20 - [TEST_STEP][PASSED] - Statement - driver = com.kms.katalon.core.webui.driver.DriverFactory.getWebDriver(): null

2019-01-09 12:13:20 - [TEST_STEP][PASSED] - Statement - driver.manage().timeouts().implicitlyWait(10, SECONDS): null

2019-01-09 12:13:20 - [TEST_STEP][PASSED] - Statement - PresavePath = KatalonScreenshots: null

2019-01-09 12:13:20 - [TEST_STEP][PASSED] - Statement - pathPrefix = "C:\Users\Public\Pictures\Sample Pictures\Katalon Screenshots\Automate Ending Screen": null

2019-01-09 12:13:20 - [TEST_STEP][PASSED] - Statement - finalPath = <not implemented yet for class: org.codehaus.groovy.ast.expr.EmptyExpression>: null

2019-01-09 12:13:20 - [TEST_STEP][PASSED] - Statement - scrFile = driver.getScreenshotAs(FILE): null

2019-01-09 12:13:20 - [TEST_STEP][PASSED] - Statement - PreSaveFile = new java.io.File(PresavePath): null

2019-01-09 12:13:20 - [TEST_STEP][PASSED] - Statement - counter = 0: null

2019-01-09 12:13:20 - [TEST_STEP][PASSED] - Statement - If (PreSaveFile.exists()): null

2019-01-09 12:13:20 - [TEST_STEP][PASSED] - Statement - While (PreSaveFile.exists()): null

2019-01-09 12:13:20 - [TEST_STEP][PASSED] - Statement - counter = counter + 1: null

2019-01-09 12:13:20 - [TEST_STEP][PASSED] - Statement - PreSaveFile = new java.io.File(((pathPrefix + java.lang.Integer.toString(counter)) + .png)): null

2019-01-09 12:13:20 - [TEST_STEP][PASSED] - Statement - counter = counter + 1: null

2019-01-09 12:13:20 - [TEST_STEP][PASSED] - Statement - PreSaveFile = new java.io.File(((pathPrefix + java.lang.Integer.toString(counter)) + .png)): null

2019-01-09 12:13:20 - [TEST_STEP][PASSED] - Statement - counter = counter + 1: null

2019-01-09 12:13:20 - [TEST_STEP][PASSED] - Statement - PreSaveFile = new java.io.File(((pathPrefix + java.lang.Integer.toString(counter)) + .png)): null

2019-01-09 12:13:20 - [TEST_STEP][PASSED] - Statement - counter = counter + 1: null

2019-01-09 12:13:20 - [TEST_STEP][PASSED] - Statement - PreSaveFile = new java.io.File(((pathPrefix + java.lang.Integer.toString(counter)) + .png)): null

2019-01-09 12:13:20 - [TEST_STEP][PASSED] - Statement - counter = counter + 1: null

2019-01-09 12:13:20 - [TEST_STEP][PASSED] - Statement - PreSaveFile = new java.io.File(((pathPrefix + java.lang.Integer.toString(counter)) + .png)): null

2019-01-09 12:13:20 - [TEST_STEP][PASSED] - Statement - counter = counter + 1: null

2019-01-09 12:13:20 - [TEST_STEP][PASSED] - Statement - PreSaveFile = new java.io.File(((pathPrefix + java.lang.Integer.toString(counter)) + .png)): null

2019-01-09 12:13:20 - [TEST_STEP][PASSED] - Statement - counter = counter + 1: null

2019-01-09 12:13:20 - [TEST_STEP][PASSED] - Statement - PreSaveFile = new java.io.File(((pathPrefix + java.lang.Integer.toString(counter)) + .png)): null

2019-01-09 12:13:20 - [TEST_STEP][PASSED] - Statement - counter = counter + 1: null

2019-01-09 12:13:20 - [TEST_STEP][PASSED] - Statement - PreSaveFile = new java.io.File(((pathPrefix + java.lang.Integer.toString(counter)) + .png)): null

2019-01-09 12:13:20 - [TEST_STEP][PASSED] - Statement - counter = counter + 1: null

2019-01-09 12:13:20 - [TEST_STEP][PASSED] - Statement - PreSaveFile = new java.io.File(((pathPrefix + java.lang.Integer.toString(counter)) + .png)): null

2019-01-09 12:13:21 - [TEST_STEP][PASSED] - Statement - counter = counter + 1: null

2019-01-09 12:13:21 - [TEST_STEP][PASSED] - Statement - PreSaveFile = new java.io.File(((pathPrefix + java.lang.Integer.toString(counter)) + .png)): null

2019-01-09 12:13:21 - [TEST_STEP][PASSED] - Statement - counter = counter + 1: null

2019-01-09 12:13:21 - [TEST_STEP][PASSED] - Statement - PreSaveFile = new java.io.File(((pathPrefix + java.lang.Integer.toString(counter)) + .png)): null

2019-01-09 12:13:21 - [TEST_STEP][PASSED] - Statement - counter = counter + 1: null

2019-01-09 12:13:21 - [TEST_STEP][PASSED] - Statement - PreSaveFile = new java.io.File(((pathPrefix + java.lang.Integer.toString(counter)) + .png)): null

2019-01-09 12:13:21 - [TEST_STEP][PASSED] - Statement - counter = counter + 1: null

2019-01-09 12:13:21 - [TEST_STEP][PASSED] - Statement - PreSaveFile = new java.io.File(((pathPrefix + java.lang.Integer.toString(counter)) + .png)): null

2019-01-09 12:13:21 - [TEST_STEP][PASSED] - Statement - counter = counter + 1: null

2019-01-09 12:13:21 - [TEST_STEP][PASSED] - Statement - PreSaveFile = new java.io.File(((pathPrefix + java.lang.Integer.toString(counter)) + .png)): null

2019-01-09 12:13:21 - [TEST_STEP][PASSED] - Statement - counter = counter + 1: null

2019-01-09 12:13:21 - [TEST_STEP][PASSED] - Statement - PreSaveFile = new java.io.File(((pathPrefix + java.lang.Integer.toString(counter)) + .png)): null

2019-01-09 12:13:21 - [TEST_STEP][PASSED] - Statement - counter = counter + 1: null

2019-01-09 12:13:21 - [TEST_STEP][PASSED] - Statement - PreSaveFile = new java.io.File(((pathPrefix + java.lang.Integer.toString(counter)) + .png)): null

2019-01-09 12:13:21 - [TEST_STEP][PASSED] - Statement - counter = counter + 1: null

2019-01-09 12:13:21 - [TEST_STEP][PASSED] - Statement - PreSaveFile = new java.io.File(((pathPrefix + java.lang.Integer.toString(counter)) + .png)): null

2019-01-09 12:13:21 - [TEST_STEP][PASSED] - Statement - counter = counter + 1: null

2019-01-09 12:13:21 - [TEST_STEP][PASSED] - Statement - PreSaveFile = new java.io.File(((pathPrefix + java.lang.Integer.toString(counter)) + .png)): null

2019-01-09 12:13:21 - [TEST_STEP][PASSED] - Statement - counter = counter + 1: null

2019-01-09 12:13:21 - [TEST_STEP][PASSED] - Statement - PreSaveFile = new java.io.File(((pathPrefix + java.lang.Integer.toString(counter)) + .png)): null

2019-01-09 12:13:21 - [TEST_STEP][PASSED] - Statement - counter = counter + 1: null

2019-01-09 12:13:21 - [TEST_STEP][PASSED] - Statement - PreSaveFile = new java.io.File(((pathPrefix + java.lang.Integer.toString(counter)) + .png)): null

2019-01-09 12:13:21 - [TEST_STEP][PASSED] - Statement - counter = counter + 1: null

2019-01-09 12:13:21 - [TEST_STEP][PASSED] - Statement - PreSaveFile = new java.io.File(((pathPrefix + java.lang.Integer.toString(counter)) + .png)): null

2019-01-09 12:13:21 - [TEST_STEP][PASSED] - Statement - counter = counter + 1: null

2019-01-09 12:13:21 - [TEST_STEP][PASSED] - Statement - PreSaveFile = new java.io.File(((pathPrefix + java.lang.Integer.toString(counter)) + .png)): null

2019-01-09 12:13:21 - [TEST_STEP][PASSED] - Statement - counter = counter + 1: null

2019-01-09 12:13:21 - [TEST_STEP][PASSED] - Statement - PreSaveFile = new java.io.File(((pathPrefix + java.lang.Integer.toString(counter)) + .png)): null

2019-01-09 12:13:21 - [TEST_STEP][PASSED] - Statement - counter = counter + 1: null

2019-01-09 12:13:21 - [TEST_STEP][PASSED] - Statement - PreSaveFile = new java.io.File(((pathPrefix + java.lang.Integer.toString(counter)) + .png)): null

2019-01-09 12:13:21 - [TEST_STEP][PASSED] - Statement - counter = counter + 1: null

2019-01-09 12:13:21 - [TEST_STEP][PASSED] - Statement - PreSaveFile = new java.io.File(((pathPrefix + java.lang.Integer.toString(counter)) + .png)): null

2019-01-09 12:13:21 - [TEST_STEP][PASSED] - Statement - counter = counter + 1: null

2019-01-09 12:13:21 - [TEST_STEP][PASSED] - Statement - PreSaveFile = new java.io.File(((pathPrefix + java.lang.Integer.toString(counter)) + .png)): null

2019-01-09 12:13:21 - [TEST_STEP][PASSED] - Statement - counter = counter + 1: null

2019-01-09 12:13:21 - [TEST_STEP][PASSED] - Statement - PreSaveFile = new java.io.File(((pathPrefix + java.lang.Integer.toString(counter)) + .png)): null

2019-01-09 12:13:21 - [TEST_STEP][PASSED] - Statement - counter = counter + 1: null

2019-01-09 12:13:21 - [TEST_STEP][PASSED] - Statement - PreSaveFile = new java.io.File(((pathPrefix + java.lang.Integer.toString(counter)) + .png)): null

2019-01-09 12:13:21 - [TEST_STEP][PASSED] - Statement - counter = counter + 1: null

2019-01-09 12:13:21 - [TEST_STEP][PASSED] - Statement - PreSaveFile = new java.io.File(((pathPrefix + java.lang.Integer.toString(counter)) + .png)): null

2019-01-09 12:13:21 - [TEST_STEP][PASSED] - Statement - counter = counter + 1: null

2019-01-09 12:13:21 - [TEST_STEP][PASSED] - Statement - PreSaveFile = new java.io.File(((pathPrefix + java.lang.Integer.toString(counter)) + .png)): null

2019-01-09 12:13:21 - [TEST_STEP][PASSED] - Statement - counter = counter + 1: null

2019-01-09 12:13:21 - [TEST_STEP][PASSED] - Statement - PreSaveFile = new java.io.File(((pathPrefix + java.lang.Integer.toString(counter)) + .png)): null

2019-01-09 12:13:21 - [TEST_STEP][PASSED] - Statement - counter = counter + 1: null

2019-01-09 12:13:21 - [TEST_STEP][PASSED] - Statement - PreSaveFile = new java.io.File(((pathPrefix + java.lang.Integer.toString(counter)) + .png)): null

2019-01-09 12:13:22 - [TEST_STEP][PASSED] - Statement - counter = counter + 1: null

2019-01-09 12:13:22 - [TEST_STEP][PASSED] - Statement - PreSaveFile = new java.io.File(((pathPrefix + java.lang.Integer.toString(counter)) + .png)): null

2019-01-09 12:13:22 - [TEST_STEP][PASSED] - Statement - counter = counter + 1: null

2019-01-09 12:13:22 - [TEST_STEP][PASSED] - Statement - PreSaveFile = new java.io.File(((pathPrefix + java.lang.Integer.toString(counter)) + .png)): null

2019-01-09 12:13:22 - [TEST_STEP][PASSED] - Statement - counter = counter + 1: null

2019-01-09 12:13:22 - [TEST_STEP][PASSED] - Statement - PreSaveFile = new java.io.File(((pathPrefix + java.lang.Integer.toString(counter)) + .png)): null

2019-01-09 12:13:22 - [TEST_STEP][PASSED] - Statement - counter = counter + 1: null

2019-01-09 12:13:22 - [TEST_STEP][PASSED] - Statement - PreSaveFile = new java.io.File(((pathPrefix + java.lang.Integer.toString(counter)) + .png)): null

2019-01-09 12:13:22 - [TEST_STEP][PASSED] - Statement - counter = counter + 1: null

2019-01-09 12:13:22 - [TEST_STEP][PASSED] - Statement - PreSaveFile = new java.io.File(((pathPrefix + java.lang.Integer.toString(counter)) + .png)): null

2019-01-09 12:13:22 - [TEST_STEP][PASSED] - Statement - counter = counter + 1: null

2019-01-09 12:13:22 - [TEST_STEP][PASSED] - Statement - PreSaveFile = new java.io.File(((pathPrefix + java.lang.Integer.toString(counter)) + .png)): null

2019-01-09 12:13:22 - [TEST_STEP][PASSED] - Statement - counter = counter + 1: null

2019-01-09 12:13:22 - [TEST_STEP][PASSED] - Statement - PreSaveFile = new java.io.File(((pathPrefix + java.lang.Integer.toString(counter)) + .png)): null

2019-01-09 12:13:22 - [TEST_STEP][PASSED] - Statement - counter = counter + 1: null

2019-01-09 12:13:22 - [TEST_STEP][PASSED] - Statement - PreSaveFile = new java.io.File(((pathPrefix + java.lang.Integer.toString(counter)) + .png)): null

2019-01-09 12:13:22 - [TEST_STEP][PASSED] - Statement - counter = counter + 1: null

2019-01-09 12:13:22 - [TEST_STEP][PASSED] - Statement - PreSaveFile = new java.io.File(((pathPrefix + java.lang.Integer.toString(counter)) + .png)): null

2019-01-09 12:13:22 - [TEST_STEP][PASSED] - Statement - counter = counter + 1: null

2019-01-09 12:13:22 - [TEST_STEP][PASSED] - Statement - PreSaveFile = new java.io.File(((pathPrefix + java.lang.Integer.toString(counter)) + .png)): null

2019-01-09 12:13:22 - [TEST_STEP][PASSED] - Statement - counter = counter + 1: null

2019-01-09 12:13:22 - [TEST_STEP][PASSED] - Statement - PreSaveFile = new java.io.File(((pathPrefix + java.lang.Integer.toString(counter)) + .png)): null

2019-01-09 12:13:22 - [TEST_STEP][PASSED] - Statement - counter = counter + 1: null

2019-01-09 12:13:22 - [TEST_STEP][PASSED] - Statement - PreSaveFile = new java.io.File(((pathPrefix + java.lang.Integer.toString(counter)) + .png)): null

2019-01-09 12:13:22 - [TEST_STEP][PASSED] - Statement - counter = counter + 1: null

2019-01-09 12:13:22 - [TEST_STEP][PASSED] - Statement - PreSaveFile = new java.io.File(((pathPrefix + java.lang.Integer.toString(counter)) + .png)): null

2019-01-09 12:13:22 - [TEST_STEP][PASSED] - Statement - counter = counter + 1: null

2019-01-09 12:13:22 - [TEST_STEP][PASSED] - Statement - PreSaveFile = new java.io.File(((pathPrefix + java.lang.Integer.toString(counter)) + .png)): null

2019-01-09 12:13:22 - [TEST_STEP][PASSED] - Statement - counter = counter + 1: null

2019-01-09 12:13:22 - [TEST_STEP][PASSED] - Statement - PreSaveFile = new java.io.File(((pathPrefix + java.lang.Integer.toString(counter)) + .png)): null

2019-01-09 12:13:23 - [TEST_STEP][PASSED] - Statement - counter = counter + 1: null

2019-01-09 12:13:23 - [TEST_STEP][PASSED] - Statement - PreSaveFile = new java.io.File(((pathPrefix + java.lang.Integer.toString(counter)) + .png)): null

2019-01-09 12:13:23 - [TEST_STEP][PASSED] - Statement - counter = counter + 1: null

2019-01-09 12:13:23 - [TEST_STEP][PASSED] - Statement - PreSaveFile = new java.io.File(((pathPrefix + java.lang.Integer.toString(counter)) + .png)): null

2019-01-09 12:13:23 - [TEST_STEP][PASSED] - Statement - counter = counter + 1: null

2019-01-09 12:13:23 - [TEST_STEP][PASSED] - Statement - PreSaveFile = new java.io.File(((pathPrefix + java.lang.Integer.toString(counter)) + .png)): null

2019-01-09 12:13:23 - [TEST_STEP][PASSED] - Statement - counter = counter + 1: null

2019-01-09 12:13:23 - [TEST_STEP][PASSED] - Statement - PreSaveFile = new java.io.File(((pathPrefix + java.lang.Integer.toString(counter)) + .png)): null

2019-01-09 12:13:23 - [TEST_STEP][PASSED] - Statement - counter = counter + 1: null

2019-01-09 12:13:23 - [TEST_STEP][PASSED] - Statement - PreSaveFile = new java.io.File(((pathPrefix + java.lang.Integer.toString(counter)) + .png)): null

2019-01-09 12:13:23 - [TEST_STEP][PASSED] - Statement - counter = counter + 1: null

2019-01-09 12:13:23 - [TEST_STEP][PASSED] - Statement - PreSaveFile = new java.io.File(((pathPrefix + java.lang.Integer.toString(counter)) + .png)): null

2019-01-09 12:13:23 - [TEST_STEP][PASSED] - Statement - counter = counter + 1: null

2019-01-09 12:13:23 - [TEST_STEP][PASSED] - Statement - PreSaveFile = new java.io.File(((pathPrefix + java.lang.Integer.toString(counter)) + .png)): null

2019-01-09 12:13:23 - [TEST_STEP][PASSED] - Statement - counter = counter + 1: null

2019-01-09 12:13:23 - [TEST_STEP][PASSED] - Statement - PreSaveFile = new java.io.File(((pathPrefix + java.lang.Integer.toString(counter)) + .png)): null

2019-01-09 12:13:23 - [TEST_STEP][PASSED] - Statement - counter = counter + 1: null

2019-01-09 12:13:23 - [TEST_STEP][PASSED] - Statement - PreSaveFile = new java.io.File(((pathPrefix + java.lang.Integer.toString(counter)) + .png)): null

2019-01-09 12:13:23 - [TEST_STEP][PASSED] - Statement - counter = counter + 1: null

2019-01-09 12:13:23 - [TEST_STEP][PASSED] - Statement - PreSaveFile = new java.io.File(((pathPrefix + java.lang.Integer.toString(counter)) + .png)): null

2019-01-09 12:13:23 - [TEST_STEP][PASSED] - Statement - counter = counter + 1: null

2019-01-09 12:13:23 - [TEST_STEP][PASSED] - Statement - PreSaveFile = new java.io.File(((pathPrefix + java.lang.Integer.toString(counter)) + .png)): null

2019-01-09 12:13:23 - [TEST_STEP][PASSED] - Statement - counter = counter + 1: null

2019-01-09 12:13:23 - [TEST_STEP][PASSED] - Statement - PreSaveFile = new java.io.File(((pathPrefix + java.lang.Integer.toString(counter)) + .png)): null

2019-01-09 12:13:23 - [TEST_STEP][PASSED] - Statement - counter = counter + 1: null

2019-01-09 12:13:23 - [TEST_STEP][PASSED] - Statement - PreSaveFile = new java.io.File(((pathPrefix + java.lang.Integer.toString(counter)) + .png)): null

2019-01-09 12:13:23 - [TEST_STEP][PASSED] - Statement - counter = counter + 1: null

2019-01-09 12:13:23 - [TEST_STEP][PASSED] - Statement - PreSaveFile = new java.io.File(((pathPrefix + java.lang.Integer.toString(counter)) + .png)): null

2019-01-09 12:13:23 - [TEST_STEP][PASSED] - Statement - finalPath = pathPrefix + java.lang.Integer.toString(counter) + ".png": null

2019-01-09 12:13:24 - [TEST_STEP][PASSED] - Statement - SaveFile = new java.io.File(finalPath): null

2019-01-09 12:13:24 - [TEST_STEP][PASSED] - Statement - Try: null

2019-01-09 12:13:24 - [TEST_STEP][PASSED] - Statement - org.apache.commons.io.FileUtils.copyFile(scrFile, SaveFile): null

2019-01-09 12:13:24 - [TEST_STEP][PASSED] - Statement - out.println("file kept"): null

2019-01-09 12:13:24 - [TEST_STEP][PASSED] - delay: Delayed 10 second(s)

2019-01-09 12:13:34 - [MESSAGE][PASSED] - Delayed 10 second(s)

2019-01-09 12:13:34 - [MESSAGE][PASSED] - Call Test Case 'Test Cases/Final Aug 2018 - PKS Automation/Common/Screenshoting tool' successfully

2019-01-09 12:13:34 - [TEST_STEP][PASSED] - callTestCase: Call Test Case 'Test Cases/Final Aug 2018 - PKS Automation/Registration Module/Log Out/log out avoiding katalon tagging' successfully

2019-01-09 12:13:34 - [TEST_CASE][PASSED] - Test Cases/Final Aug 2018 - PKS Automation/Registration Module/Log Out/log out avoiding katalon tagging: Test Cases/Final Aug 2018 - PKS Automation/Registration Module/Log Out/log out avoiding katalon tagging

2019-01-09 12:13:34 - [TEST_STEP][PASSED] - navigateToUrl: Navigate to 'https://assist2-uat.perkeso.gov.my/c/portal/logout' successfully

2019-01-09 12:13:35 - [MESSAGE][PASSED] - Navigate to 'https://assist2-uat.perkeso.gov.my/c/portal/logout' successfully

2019-01-09 12:13:35 - [MESSAGE][PASSED] - Call Test Case 'Test Cases/Final Aug 2018 - PKS Automation/Registration Module/Log Out/log out avoiding katalon tagging' successfully

2019-01-09 12:13:35 - [TEST_STEP][PASSED] - delay: Delayed 2 second(s)

2019-01-09 12:13:37 - [MESSAGE][PASSED] - Delayed 2 second(s)

2019-01-09 12:13:37 - [TEST_STEP][PASSED] - setText: Text 'johorro2@gmail.com' is set on object 'Object Repository/Final Object Repo/New Registration - Registration Module Pages/New Reg - OTC to RO/Special Case - All Related Objects/Email TextBox'

2019-01-09 12:13:37 - [MESSAGE][PASSED] - Text 'johorro2@gmail.com' is set on object 'Object Repository/Final Object Repo/New Registration - Registration Module Pages/New Reg - OTC to RO/Special Case - All Related Objects/Email TextBox'

2019-01-09 12:13:37 - [TEST_STEP][PASSED] - click: Object: 'Object Repository/Final Object Repo/New Registration - Registration Module Pages/New Reg - OTC to RO/Special Case - All Related Objects/Next Button' is clicked on

2019-01-09 12:13:37 - [MESSAGE][PASSED] - Object: 'Object Repository/Final Object Repo/New Registration - Registration Module Pages/New Reg - OTC to RO/Special Case - All Related Objects/Next Button' is clicked on

2019-01-09 12:13:37 - [TEST_STEP][PASSED] - delay: Delayed 2 second(s)

2019-01-09 12:13:39 - [MESSAGE][PASSED] - Delayed 2 second(s)

2019-01-09 12:13:39 - [TEST_STEP][PASSED] - setText: Text 'Test1@3456789' is set on object 'Object Repository/Final Object Repo/New Registration - Registration Module Pages/New Reg - OTC to RO/Special Case - All Related Objects/Password TextBox'

2019-01-09 12:13:39 - [MESSAGE][PASSED] - Text 'Test1@3456789' is set on object 'Object Repository/Final Object Repo/New Registration - Registration Module Pages/New Reg - OTC to RO/Special Case - All Related Objects/Password TextBox'

2019-01-09 12:13:39 - [TEST_STEP][PASSED] - delay: Delayed 2 second(s)

2019-01-09 12:13:41 - [MESSAGE][PASSED] - Delayed 2 second(s)

2019-01-09 12:13:41 - [TEST_STEP][PASSED] - click: Object: 'Object Repository/Final Object Repo/New Registration - Registration Module Pages/New Reg - OTC to RO/Special Case - All Related Objects/Login Button' is clicked on

2019-01-09 12:13:42 - [MESSAGE][PASSED] - Object: 'Object Repository/Final Object Repo/New Registration - Registration Module Pages/New Reg - OTC to RO/Special Case - All Related Objects/Login Button' is clicked on

2019-01-09 12:13:42 - [TEST_STEP][PASSED] - delay: Delayed 2 second(s)

2019-01-09 12:13:44 - [MESSAGE][PASSED] - Delayed 2 second(s)

2019-01-09 12:13:44 - [TEST_STEP][PASSED] - Statement - Try: null

2019-01-09 12:13:44 - [TEST_STEP][PASSED] - Statement - Checker = com.kms.katalon.core.webui.keyword.WebUiBuiltInKeywords.verifyElementNotPresent("Final Object Repo/Landing Page/Select to English", 3): null

2019-01-09 12:13:44 - [TEST_STEP][PASSED] - Statement - Catch (Exception e): null

2019-01-09 12:13:44 - [TEST_STEP][PASSED] - Statement - e.printStackTrace(): null

2019-01-09 12:13:44 - [TEST_STEP][PASSED] - click: Object: 'Object Repository/Final Object Repo/New Registration - Registration Module Pages/New Reg - OTC to RO/Special Case - All Related Objects/Expand to Search' is clicked on

2019-01-09 12:13:44 - [MESSAGE][PASSED] - Object: 'Object Repository/Final Object Repo/New Registration - Registration Module Pages/New Reg - OTC to RO/Special Case - All Related Objects/Expand to Search' is clicked on

2019-01-09 12:13:44 - [TEST_STEP][PASSED] - setText: Text 'CRN01201900123679' is set on object 'Object Repository/Final Object Repo/New Registration - Registration Module Pages/New Reg - OTC to RO/Special Case - All Related Objects/TextBox RefNo in Workbasket'

2019-01-09 12:13:44 - [MESSAGE][PASSED] - Text 'CRN01201900123679' is set on object 'Object Repository/Final Object Repo/New Registration - Registration Module Pages/New Reg - OTC to RO/Special Case - All Related Objects/TextBox RefNo in Workbasket'

2019-01-09 12:13:44 - [TEST_STEP][PASSED] - delay: Delayed 2 second(s)

2019-01-09 12:13:46 - [MESSAGE][PASSED] - Delayed 2 second(s)

2019-01-09 12:13:46 - [TEST_STEP][PASSED] - click: Object: 'Object Repository/Final Object Repo/New Registration - Registration Module Pages/New Reg - OTC to RO/Special Case - All Related Objects/Click Search' is clicked on

2019-01-09 12:13:46 - [MESSAGE][PASSED] - Object: 'Object Repository/Final Object Repo/New Registration - Registration Module Pages/New Reg - OTC to RO/Special Case - All Related Objects/Click Search' is clicked on

2019-01-09 12:13:46 - [TEST_STEP][PASSED] - delay: Delayed 2 second(s)

2019-01-09 12:13:48 - [MESSAGE][PASSED] - Delayed 2 second(s)

2019-01-09 12:13:48 - [TEST_STEP][PASSED] - click: Object: 'Object Repository/Final Object Repo/New Registration - Registration Module Pages/New Reg - OTC to RO/Special Case - All Related Objects/Click to Continue Workflow' is clicked on

2019-01-09 12:13:52 - [MESSAGE][PASSED] - Object: 'Object Repository/Final Object Repo/New Registration - Registration Module Pages/New Reg - OTC to RO/Special Case - All Related Objects/Click to Continue Workflow' is clicked on

2019-01-09 12:13:52 - [TEST_STEP][PASSED] - delay: Delayed 2 second(s)

2019-01-09 12:13:54 - [MESSAGE][PASSED] - Delayed 2 second(s)

2019-01-09 12:13:54 - [TEST_STEP][PASSED] - click: Object: 'Object Repository/Final Object Repo/New Registration - Registration Module Pages/New Reg - OTC to RO/Special Case - All Related Objects/Continue Button in verifying case' is clicked on

2019-01-09 12:13:56 - [MESSAGE][PASSED] - Object: 'Object Repository/Final Object Repo/New Registration - Registration Module Pages/New Reg - OTC to RO/Special Case - All Related Objects/Continue Button in verifying case' is clicked on

2019-01-09 12:13:56 - [TEST_STEP][PASSED] - delay: Delayed 2 second(s)

2019-01-09 12:13:58 - [MESSAGE][PASSED] - Delayed 2 second(s)

2019-01-09 12:13:58 - [TEST_STEP][PASSED] - click: Object: 'Object Repository/Final Object Repo/New Registration - Registration Module Pages/Form 1/Registered As a Branch - Yes' is clicked on

2019-01-09 12:13:58 - [MESSAGE][PASSED] - Object: 'Object Repository/Final Object Repo/New Registration - Registration Module Pages/Form 1/Registered As a Branch - Yes' is clicked on

2019-01-09 12:13:58 - [TEST_STEP][PASSED] - delay: Delayed 2 second(s)

2019-01-09 12:14:00 - [MESSAGE][PASSED] - Delayed 2 second(s)

2019-01-09 12:14:00 - [TEST_STEP][PASSED] - click: Object: 'Object Repository/Final Object Repo/New Registration - Registration Module Pages/New Reg - OTC to RO/Special Case - All Related Objects/Form 1 Save n Continue' is clicked on

2019-01-09 12:14:00 - [MESSAGE][PASSED] - Object: 'Object Repository/Final Object Repo/New Registration - Registration Module Pages/New Reg - OTC to RO/Special Case - All Related Objects/Form 1 Save n Continue' is clicked on

2019-01-09 12:14:00 - [TEST_STEP][PASSED] - delay: Delayed 2 second(s)

2019-01-09 12:14:02 - [MESSAGE][PASSED] - Delayed 2 second(s)

2019-01-09 12:14:02 - [TEST_STEP][PASSED] - click: Object: 'Object Repository/Final Object Repo/New Registration - Registration Module Pages/New Reg - OTC to RO/Special Case - All Related Objects/Form 2 Save n Continue' is clicked on

2019-01-09 12:14:02 - [MESSAGE][PASSED] - Object: 'Object Repository/Final Object Repo/New Registration - Registration Module Pages/New Reg - OTC to RO/Special Case - All Related Objects/Form 2 Save n Continue' is clicked on

2019-01-09 12:14:02 - [TEST_STEP][PASSED] - delay: Delayed 2 second(s)

2019-01-09 12:14:04 - [MESSAGE][PASSED] - Delayed 2 second(s)

2019-01-09 12:14:04 - [TEST_STEP][PASSED] - click: Object: 'Object Repository/Final Object Repo/New Registration - Registration Module Pages/New Reg - OTC to RO/Special Case - All Related Objects/Third Screen Save n Continue' is clicked on

2019-01-09 12:14:09 - [MESSAGE][PASSED] - Object: 'Object Repository/Final Object Repo/New Registration - Registration Module Pages/New Reg - OTC to RO/Special Case - All Related Objects/Third Screen Save n Continue' is clicked on

2019-01-09 12:14:09 - [TEST_STEP][PASSED] - delay: Delayed 5 second(s)

2019-01-09 12:14:14 - [MESSAGE][PASSED] - Delayed 5 second(s)

2019-01-09 12:14:14 - [TEST_STEP][PASSED] - click: Object: 'Object Repository/Final Object Repo/New Registration - Registration Module Pages/New Reg - OTC to RO/Special Case - All Related Objects/Upload Doc Page Save n Continue' is clicked on

2019-01-09 12:14:15 - [MESSAGE][PASSED] - Object: 'Object Repository/Final Object Repo/New Registration - Registration Module Pages/New Reg - OTC to RO/Special Case - All Related Objects/Upload Doc Page Save n Continue' is clicked on

2019-01-09 12:14:15 - [TEST_STEP][PASSED] - delay: Delayed 5 second(s)

2019-01-09 12:14:20 - [MESSAGE][PASSED] - Delayed 5 second(s)

2019-01-09 12:14:20 - [TEST_STEP][PASSED] - callTestCase: Call Test Case 'Test Cases/Final Aug 2018 - PKS Automation/Registration Module/New Registration/Submit and Screenshot/Submit Registration and Screenshot' successfully

2019-01-09 12:14:20 - [TEST_CASE][PASSED] - Test Cases/Final Aug 2018 - PKS Automation/Registration Module/New Registration/Submit and Screenshot/Submit Registration and Screenshot: Test Cases/Final Aug 2018 - PKS Automation/Registration Module/New Registration/Submit and Screenshot/Submit Registration and Screenshot

2019-01-09 12:14:20 - [TEST_STEP][PASSED] - delay: Delayed 6 second(s)

2019-01-09 12:14:26 - [MESSAGE][PASSED] - Delayed 6 second(s)

2019-01-09 12:14:26 - [TEST_STEP][PASSED] - click: Object: 'Object Repository/Final Object Repo/New Registration - Registration Module Pages/Third Screen - Upload Supporting Doc- Preview/Preview Submit Button' is clicked on

2019-01-09 12:14:26 - [MESSAGE][PASSED] - Object: 'Object Repository/Final Object Repo/New Registration - Registration Module Pages/Third Screen - Upload Supporting Doc- Preview/Preview Submit Button' is clicked on

2019-01-09 12:14:26 - [TEST_STEP][PASSED] - delay: Delayed 2 second(s)

2019-01-09 12:14:28 - [MESSAGE][PASSED] - Delayed 2 second(s)

2019-01-09 12:14:28 - [TEST_STEP][PASSED] - click: Object: 'Object Repository/Final Object Repo/New Registration - Registration Module Pages/Third Screen - Upload Supporting Doc- Preview/Preview Submit - Confirm' is clicked on

2019-01-09 12:14:28 - [MESSAGE][PASSED] - Object: 'Object Repository/Final Object Repo/New Registration - Registration Module Pages/Third Screen - Upload Supporting Doc- Preview/Preview Submit - Confirm' is clicked on

2019-01-09 12:14:28 - [TEST_STEP][PASSED] - delay: Delayed 15 second(s)

2019-01-09 12:14:43 - [MESSAGE][PASSED] - Delayed 15 second(s)

2019-01-09 12:14:43 - [TEST_STEP][PASSED] - Statement - driver = com.kms.katalon.core.webui.driver.DriverFactory.getWebDriver(): null

2019-01-09 12:14:43 - [TEST_STEP][PASSED] - Statement - driver.manage().timeouts().implicitlyWait(10, SECONDS): null

2019-01-09 12:14:43 - [TEST_STEP][PASSED] - Statement - PresavePath = KatalonScreenshots: null

2019-01-09 12:14:43 - [TEST_STEP][PASSED] - Statement - pathPrefix = "C:\Users\Public\Pictures\Sample Pictures\Katalon Screenshots\Automate Ending Screen": null

2019-01-09 12:14:43 - [TEST_STEP][PASSED] - Statement - finalPath = <not implemented yet for class: org.codehaus.groovy.ast.expr.EmptyExpression>: null

2019-01-09 12:14:43 - [TEST_STEP][PASSED] - Statement - scrFile = driver.getScreenshotAs(FILE): null

2019-01-09 12:14:43 - [TEST_STEP][PASSED] - Statement - PreSaveFile = new java.io.File(PresavePath): null

2019-01-09 12:14:43 - [TEST_STEP][PASSED] - Statement - counter = 0: null

2019-01-09 12:14:43 - [TEST_STEP][PASSED] - Statement - If (PreSaveFile.exists()): null

2019-01-09 12:14:43 - [TEST_STEP][PASSED] - Statement - While (PreSaveFile.exists()): null

2019-01-09 12:14:43 - [TEST_STEP][PASSED] - Statement - counter = counter + 1: null

2019-01-09 12:14:43 - [TEST_STEP][PASSED] - Statement - PreSaveFile = new java.io.File(((pathPrefix + java.lang.Integer.toString(counter)) + .png)): null

2019-01-09 12:14:43 - [TEST_STEP][PASSED] - Statement - counter = counter + 1: null

2019-01-09 12:14:43 - [TEST_STEP][PASSED] - Statement - PreSaveFile = new java.io.File(((pathPrefix + java.lang.Integer.toString(counter)) + .png)): null

2019-01-09 12:14:43 - [TEST_STEP][PASSED] - Statement - counter = counter + 1: null

2019-01-09 12:14:43 - [TEST_STEP][PASSED] - Statement - PreSaveFile = new java.io.File(((pathPrefix + java.lang.Integer.toString(counter)) + .png)): null

2019-01-09 12:14:43 - [TEST_STEP][PASSED] - Statement - counter = counter + 1: null

2019-01-09 12:14:43 - [TEST_STEP][PASSED] - Statement - PreSaveFile = new java.io.File(((pathPrefix + java.lang.Integer.toString(counter)) + .png)): null

2019-01-09 12:14:43 - [TEST_STEP][PASSED] - Statement - counter = counter + 1: null

2019-01-09 12:14:43 - [TEST_STEP][PASSED] - Statement - PreSaveFile = new java.io.File(((pathPrefix + java.lang.Integer.toString(counter)) + .png)): null

2019-01-09 12:14:43 - [TEST_STEP][PASSED] - Statement - counter = counter + 1: null

2019-01-09 12:14:43 - [TEST_STEP][PASSED] - Statement - PreSaveFile = new java.io.File(((pathPrefix + java.lang.Integer.toString(counter)) + .png)): null

2019-01-09 12:14:43 - [TEST_STEP][PASSED] - Statement - counter = counter + 1: null

2019-01-09 12:14:43 - [TEST_STEP][PASSED] - Statement - PreSaveFile = new java.io.File(((pathPrefix + java.lang.Integer.toString(counter)) + .png)): null

2019-01-09 12:14:43 - [TEST_STEP][PASSED] - Statement - counter = counter + 1: null

2019-01-09 12:14:43 - [TEST_STEP][PASSED] - Statement - PreSaveFile = new java.io.File(((pathPrefix + java.lang.Integer.toString(counter)) + .png)): null

2019-01-09 12:14:43 - [TEST_STEP][PASSED] - Statement - counter = counter + 1: null

2019-01-09 12:14:43 - [TEST_STEP][PASSED] - Statement - PreSaveFile = new java.io.File(((pathPrefix + java.lang.Integer.toString(counter)) + .png)): null

2019-01-09 12:14:43 - [TEST_STEP][PASSED] - Statement - counter = counter + 1: null

2019-01-09 12:14:43 - [TEST_STEP][PASSED] - Statement - PreSaveFile = new java.io.File(((pathPrefix + java.lang.Integer.toString(counter)) + .png)): null

2019-01-09 12:14:43 - [TEST_STEP][PASSED] - Statement - counter = counter + 1: null

2019-01-09 12:14:43 - [TEST_STEP][PASSED] - Statement - PreSaveFile = new java.io.File(((pathPrefix + java.lang.Integer.toString(counter)) + .png)): null

2019-01-09 12:14:43 - [TEST_STEP][PASSED] - Statement - counter = counter + 1: null

2019-01-09 12:14:43 - [TEST_STEP][PASSED] - Statement - PreSaveFile = new java.io.File(((pathPrefix + java.lang.Integer.toString(counter)) + .png)): null

2019-01-09 12:14:43 - [TEST_STEP][PASSED] - Statement - counter = counter + 1: null

2019-01-09 12:14:43 - [TEST_STEP][PASSED] - Statement - PreSaveFile = new java.io.File(((pathPrefix + java.lang.Integer.toString(counter)) + .png)): null

2019-01-09 12:14:43 - [TEST_STEP][PASSED] - Statement - counter = counter + 1: null

2019-01-09 12:14:43 - [TEST_STEP][PASSED] - Statement - PreSaveFile = new java.io.File(((pathPrefix + java.lang.Integer.toString(counter)) + .png)): null

2019-01-09 12:14:43 - [TEST_STEP][PASSED] - Statement - counter = counter + 1: null

2019-01-09 12:14:43 - [TEST_STEP][PASSED] - Statement - PreSaveFile = new java.io.File(((pathPrefix + java.lang.Integer.toString(counter)) + .png)): null

2019-01-09 12:14:43 - [TEST_STEP][PASSED] - Statement - counter = counter + 1: null

2019-01-09 12:14:43 - [TEST_STEP][PASSED] - Statement - PreSaveFile = new java.io.File(((pathPrefix + java.lang.Integer.toString(counter)) + .png)): null

2019-01-09 12:14:43 - [TEST_STEP][PASSED] - Statement - counter = counter + 1: null

2019-01-09 12:14:43 - [TEST_STEP][PASSED] - Statement - PreSaveFile = new java.io.File(((pathPrefix + java.lang.Integer.toString(counter)) + .png)): null

2019-01-09 12:14:43 - [TEST_STEP][PASSED] - Statement - counter = counter + 1: null

2019-01-09 12:14:44 - [TEST_STEP][PASSED] - Statement - PreSaveFile = new java.io.File(((pathPrefix + java.lang.Integer.toString(counter)) + .png)): null

2019-01-09 12:14:44 - [TEST_STEP][PASSED] - Statement - counter = counter + 1: null

2019-01-09 12:14:44 - [TEST_STEP][PASSED] - Statement - PreSaveFile = new java.io.File(((pathPrefix + java.lang.Integer.toString(counter)) + .png)): null

2019-01-09 12:14:44 - [TEST_STEP][PASSED] - Statement - counter = counter + 1: null

2019-01-09 12:14:44 - [TEST_STEP][PASSED] - Statement - PreSaveFile = new java.io.File(((pathPrefix + java.lang.Integer.toString(counter)) + .png)): null

2019-01-09 12:14:44 - [TEST_STEP][PASSED] - Statement - counter = counter + 1: null

2019-01-09 12:14:44 - [TEST_STEP][PASSED] - Statement - PreSaveFile = new java.io.File(((pathPrefix + java.lang.Integer.toString(counter)) + .png)): null

2019-01-09 12:14:44 - [TEST_STEP][PASSED] - Statement - counter = counter + 1: null

2019-01-09 12:14:44 - [TEST_STEP][PASSED] - Statement - PreSaveFile = new java.io.File(((pathPrefix + java.lang.Integer.toString(counter)) + .png)): null

2019-01-09 12:14:44 - [TEST_STEP][PASSED] - Statement - counter = counter + 1: null

2019-01-09 12:14:44 - [TEST_STEP][PASSED] - Statement - PreSaveFile = new java.io.File(((pathPrefix + java.lang.Integer.toString(counter)) + .png)): null

2019-01-09 12:14:44 - [TEST_STEP][PASSED] - Statement - counter = counter + 1: null

2019-01-09 12:14:44 - [TEST_STEP][PASSED] - Statement - PreSaveFile = new java.io.File(((pathPrefix + java.lang.Integer.toString(counter)) + .png)): null

2019-01-09 12:14:44 - [TEST_STEP][PASSED] - Statement - counter = counter + 1: null

2019-01-09 12:14:44 - [TEST_STEP][PASSED] - Statement - PreSaveFile = new java.io.File(((pathPrefix + java.lang.Integer.toString(counter)) + .png)): null

2019-01-09 12:14:44 - [TEST_STEP][PASSED] - Statement - counter = counter + 1: null

2019-01-09 12:14:44 - [TEST_STEP][PASSED] - Statement - PreSaveFile = new java.io.File(((pathPrefix + java.lang.Integer.toString(counter)) + .png)): null

2019-01-09 12:14:44 - [TEST_STEP][PASSED] - Statement - counter = counter + 1: null

2019-01-09 12:14:44 - [TEST_STEP][PASSED] - Statement - PreSaveFile = new java.io.File(((pathPrefix + java.lang.Integer.toString(counter)) + .png)): null

2019-01-09 12:14:44 - [TEST_STEP][PASSED] - Statement - counter = counter + 1: null

2019-01-09 12:14:44 - [TEST_STEP][PASSED] - Statement - PreSaveFile = new java.io.File(((pathPrefix + java.lang.Integer.toString(counter)) + .png)): null

2019-01-09 12:14:44 - [TEST_STEP][PASSED] - Statement - counter = counter + 1: null

2019-01-09 12:14:44 - [TEST_STEP][PASSED] - Statement - PreSaveFile = new java.io.File(((pathPrefix + java.lang.Integer.toString(counter)) + .png)): null

2019-01-09 12:14:44 - [TEST_STEP][PASSED] - Statement - counter = counter + 1: null

2019-01-09 12:14:44 - [TEST_STEP][PASSED] - Statement - PreSaveFile = new java.io.File(((pathPrefix + java.lang.Integer.toString(counter)) + .png)): null

2019-01-09 12:14:44 - [TEST_STEP][PASSED] - Statement - counter = counter + 1: null

2019-01-09 12:14:44 - [TEST_STEP][PASSED] - Statement - PreSaveFile = new java.io.File(((pathPrefix + java.lang.Integer.toString(counter)) + .png)): null

2019-01-09 12:14:44 - [TEST_STEP][PASSED] - Statement - counter = counter + 1: null

2019-01-09 12:14:44 - [TEST_STEP][PASSED] - Statement - PreSaveFile = new java.io.File(((pathPrefix + java.lang.Integer.toString(counter)) + .png)): null

2019-01-09 12:14:45 - [TEST_STEP][PASSED] - Statement - counter = counter + 1: null

2019-01-09 12:14:45 - [TEST_STEP][PASSED] - Statement - PreSaveFile = new java.io.File(((pathPrefix + java.lang.Integer.toString(counter)) + .png)): null

2019-01-09 12:14:45 - [TEST_STEP][PASSED] - Statement - counter = counter + 1: null

2019-01-09 12:14:45 - [TEST_STEP][PASSED] - Statement - PreSaveFile = new java.io.File(((pathPrefix + java.lang.Integer.toString(counter)) + .png)): null

2019-01-09 12:14:45 - [TEST_STEP][PASSED] - Statement - counter = counter + 1: null

2019-01-09 12:14:45 - [TEST_STEP][PASSED] - Statement - PreSaveFile = new java.io.File(((pathPrefix + java.lang.Integer.toString(counter)) + .png)): null

2019-01-09 12:14:45 - [TEST_STEP][PASSED] - Statement - counter = counter + 1: null

2019-01-09 12:14:45 - [TEST_STEP][PASSED] - Statement - PreSaveFile = new java.io.File(((pathPrefix + java.lang.Integer.toString(counter)) + .png)): null

2019-01-09 12:14:45 - [TEST_STEP][PASSED] - Statement - counter = counter + 1: null

2019-01-09 12:14:45 - [TEST_STEP][PASSED] - Statement - PreSaveFile = new java.io.File(((pathPrefix + java.lang.Integer.toString(counter)) + .png)): null

2019-01-09 12:14:45 - [TEST_STEP][PASSED] - Statement - counter = counter + 1: null

2019-01-09 12:14:45 - [TEST_STEP][PASSED] - Statement - PreSaveFile = new java.io.File(((pathPrefix + java.lang.Integer.toString(counter)) + .png)): null

2019-01-09 12:14:45 - [TEST_STEP][PASSED] - Statement - counter = counter + 1: null

2019-01-09 12:14:45 - [TEST_STEP][PASSED] - Statement - PreSaveFile = new java.io.File(((pathPrefix + java.lang.Integer.toString(counter)) + .png)): null

2019-01-09 12:14:45 - [TEST_STEP][PASSED] - Statement - counter = counter + 1: null

2019-01-09 12:14:45 - [TEST_STEP][PASSED] - Statement - PreSaveFile = new java.io.File(((pathPrefix + java.lang.Integer.toString(counter)) + .png)): null

2019-01-09 12:14:45 - [TEST_STEP][PASSED] - Statement - counter = counter + 1: null

2019-01-09 12:14:45 - [TEST_STEP][PASSED] - Statement - PreSaveFile = new java.io.File(((pathPrefix + java.lang.Integer.toString(counter)) + .png)): null

2019-01-09 12:14:45 - [TEST_STEP][PASSED] - Statement - counter = counter + 1: null

2019-01-09 12:14:45 - [TEST_STEP][PASSED] - Statement - PreSaveFile = new java.io.File(((pathPrefix + java.lang.Integer.toString(counter)) + .png)): null

2019-01-09 12:14:45 - [TEST_STEP][PASSED] - Statement - counter = counter + 1: null

2019-01-09 12:14:45 - [TEST_STEP][PASSED] - Statement - PreSaveFile = new java.io.File(((pathPrefix + java.lang.Integer.toString(counter)) + .png)): null

2019-01-09 12:14:45 - [TEST_STEP][PASSED] - Statement - counter = counter + 1: null

2019-01-09 12:14:45 - [TEST_STEP][PASSED] - Statement - PreSaveFile = new java.io.File(((pathPrefix + java.lang.Integer.toString(counter)) + .png)): null

2019-01-09 12:14:45 - [TEST_STEP][PASSED] - Statement - counter = counter + 1: null

2019-01-09 12:14:45 - [TEST_STEP][PASSED] - Statement - PreSaveFile = new java.io.File(((pathPrefix + java.lang.Integer.toString(counter)) + .png)): null

2019-01-09 12:14:45 - [TEST_STEP][PASSED] - Statement - counter = counter + 1: null

2019-01-09 12:14:45 - [TEST_STEP][PASSED] - Statement - PreSaveFile = new java.io.File(((pathPrefix + java.lang.Integer.toString(counter)) + .png)): null

2019-01-09 12:14:45 - [TEST_STEP][PASSED] - Statement - counter = counter + 1: null

2019-01-09 12:14:45 - [TEST_STEP][PASSED] - Statement - PreSaveFile = new java.io.File(((pathPrefix + java.lang.Integer.toString(counter)) + .png)): null

2019-01-09 12:14:46 - [TEST_STEP][PASSED] - Statement - counter = counter + 1: null

2019-01-09 12:14:46 - [TEST_STEP][PASSED] - Statement - PreSaveFile = new java.io.File(((pathPrefix + java.lang.Integer.toString(counter)) + .png)): null

2019-01-09 12:14:46 - [TEST_STEP][PASSED] - Statement - counter = counter + 1: null

2019-01-09 12:14:46 - [TEST_STEP][PASSED] - Statement - PreSaveFile = new java.io.File(((pathPrefix + java.lang.Integer.toString(counter)) + .png)): null

2019-01-09 12:14:46 - [TEST_STEP][PASSED] - Statement - counter = counter + 1: null

2019-01-09 12:14:46 - [TEST_STEP][PASSED] - Statement - PreSaveFile = new java.io.File(((pathPrefix + java.lang.Integer.toString(counter)) + .png)): null

2019-01-09 12:14:46 - [TEST_STEP][PASSED] - Statement - counter = counter + 1: null

2019-01-09 12:14:46 - [TEST_STEP][PASSED] - Statement - PreSaveFile = new java.io.File(((pathPrefix + java.lang.Integer.toString(counter)) + .png)): null

2019-01-09 12:14:46 - [TEST_STEP][PASSED] - Statement - counter = counter + 1: null

2019-01-09 12:14:46 - [TEST_STEP][PASSED] - Statement - PreSaveFile = new java.io.File(((pathPrefix + java.lang.Integer.toString(counter)) + .png)): null

2019-01-09 12:14:46 - [TEST_STEP][PASSED] - Statement - counter = counter + 1: null

2019-01-09 12:14:46 - [TEST_STEP][PASSED] - Statement - PreSaveFile = new java.io.File(((pathPrefix + java.lang.Integer.toString(counter)) + .png)): null

2019-01-09 12:14:46 - [TEST_STEP][PASSED] - Statement - counter = counter + 1: null

2019-01-09 12:14:46 - [TEST_STEP][PASSED] - Statement - PreSaveFile = new java.io.File(((pathPrefix + java.lang.Integer.toString(counter)) + .png)): null

2019-01-09 12:14:46 - [TEST_STEP][PASSED] - Statement - counter = counter + 1: null

2019-01-09 12:14:46 - [TEST_STEP][PASSED] - Statement - PreSaveFile = new java.io.File(((pathPrefix + java.lang.Integer.toString(counter)) + .png)): null

2019-01-09 12:14:46 - [TEST_STEP][PASSED] - Statement - counter = counter + 1: null

2019-01-09 12:14:46 - [TEST_STEP][PASSED] - Statement - PreSaveFile = new java.io.File(((pathPrefix + java.lang.Integer.toString(counter)) + .png)): null

2019-01-09 12:14:46 - [TEST_STEP][PASSED] - Statement - counter = counter + 1: null

2019-01-09 12:14:46 - [TEST_STEP][PASSED] - Statement - PreSaveFile = new java.io.File(((pathPrefix + java.lang.Integer.toString(counter)) + .png)): null

2019-01-09 12:14:46 - [TEST_STEP][PASSED] - Statement - counter = counter + 1: null

2019-01-09 12:14:46 - [TEST_STEP][PASSED] - Statement - PreSaveFile = new java.io.File(((pathPrefix + java.lang.Integer.toString(counter)) + .png)): null

2019-01-09 12:14:46 - [TEST_STEP][PASSED] - Statement - counter = counter + 1: null

2019-01-09 12:14:46 - [TEST_STEP][PASSED] - Statement - PreSaveFile = new java.io.File(((pathPrefix + java.lang.Integer.toString(counter)) + .png)): null

2019-01-09 12:14:46 - [TEST_STEP][PASSED] - Statement - counter = counter + 1: null

2019-01-09 12:14:46 - [TEST_STEP][PASSED] - Statement - PreSaveFile = new java.io.File(((pathPrefix + java.lang.Integer.toString(counter)) + .png)): null

2019-01-09 12:14:46 - [TEST_STEP][PASSED] - Statement - counter = counter + 1: null

2019-01-09 12:14:46 - [TEST_STEP][PASSED] - Statement - PreSaveFile = new java.io.File(((pathPrefix + java.lang.Integer.toString(counter)) + .png)): null

2019-01-09 12:14:46 - [TEST_STEP][PASSED] - Statement - counter = counter + 1: null

2019-01-09 12:14:46 - [TEST_STEP][PASSED] - Statement - PreSaveFile = new java.io.File(((pathPrefix + java.lang.Integer.toString(counter)) + .png)): null

2019-01-09 12:14:47 - [TEST_STEP][PASSED] - Statement - finalPath = pathPrefix + java.lang.Integer.toString(counter) + ".png": null

2019-01-09 12:14:47 - [TEST_STEP][PASSED] - Statement - SaveFile = new java.io.File(finalPath): null

2019-01-09 12:14:47 - [TEST_STEP][PASSED] - Statement - Try: null

2019-01-09 12:14:47 - [TEST_STEP][PASSED] - Statement - org.apache.commons.io.FileUtils.copyFile(scrFile, SaveFile): null

2019-01-09 12:14:47 - [TEST_STEP][PASSED] - Statement - out.println("file kept"): null

2019-01-09 12:14:47 - [TEST_STEP][PASSED] - delay: Delayed 10 second(s)

2019-01-09 12:14:57 - [MESSAGE][PASSED] - Delayed 10 second(s)

2019-01-09 12:14:57 - [MESSAGE][PASSED] - Call Test Case 'Test Cases/Final Aug 2018 - PKS Automation/Registration Module/New Registration/Submit and Screenshot/Submit Registration and Screenshot' successfully

2019-01-09 12:14:57 - [TEST_STEP][PASSED] - callTestCase: Call Test Case 'Test Cases/Final Aug 2018 - PKS Automation/Registration Module/Log Out/log out avoiding katalon tagging' successfully

2019-01-09 12:14:57 - [TEST_CASE][PASSED] - Test Cases/Final Aug 2018 - PKS Automation/Registration Module/Log Out/log out avoiding katalon tagging: Test Cases/Final Aug 2018 - PKS Automation/Registration Module/Log Out/log out avoiding katalon tagging

2019-01-09 12:14:57 - [TEST_STEP][PASSED] - navigateToUrl: Navigate to 'https://assist2-uat.perkeso.gov.my/c/portal/logout' successfully

2019-01-09 12:14:57 - [MESSAGE][PASSED] - Navigate to 'https://assist2-uat.perkeso.gov.my/c/portal/logout' successfully

2019-01-09 12:14:57 - [MESSAGE][PASSED] - Call Test Case 'Test Cases/Final Aug 2018 - PKS Automation/Registration Module/Log Out/log out avoiding katalon tagging' successfully]]></system-out>
         <system-err><![CDATA[2019-01-09 12:03:38 - [TEST_CASE][FAILED] - Test Cases/Final Aug 2018 - PKS Automation/Registration Module/Workflow/New Registration/Employer to RO - RO Under Enforcement: Test Cases/Final Aug 2018 - PKS Automation/Registration Module/Workflow/New Registration/Employer to RO - RO Under Enforcement FAILED because (of) (Stack trace: com.kms.katalon.core.exception.StepFailedException: Unable to set text 'CRN01201900123679' of object 'Object Repository/Final Object Repo/New Registration - Registration Module Pages/New Reg - OTC to RO/Special Case - All Related Objects/TextBox RefNo in Workbasket' (Root cause: org.openqa.selenium.ElementNotVisibleException: element not interactable
  (Session info: chrome=71.0.3578.98)
  (Driver info: chromedriver=2.43.600210 (68dcf5eebde37173d4027fa8635e332711d2874a),platform=Windows NT 6.1.7601 SP1 x86_64) (WARNING: The server did not provide any stacktrace information)
Command duration or timeout: 0 milliseconds
Build info: version: '3.7.1', revision: '8a0099a', time: '2017-11-06T21:07:36.161Z'
System info: host: 'WIN7TEST02', ip: '10.20.3.72', os.name: 'Windows 7', os.arch: 'amd64', os.version: '6.1', java.version: '1.8.0_181'
Driver info: com.kms.katalon.selenium.driver.CChromeDriver
Capabilities {acceptInsecureCerts: false, acceptSslCerts: false, applicationCacheEnabled: false, browserConnectionEnabled: false, browserName: chrome, chrome: {chromedriverVersion: 2.43.600210 (68dcf5eebde371..., userDataDir: C:\Users\Admin\AppData\Loca...}, cssSelectorsEnabled: true, databaseEnabled: false, goog:chromeOptions: {debuggerAddress: localhost:53893}, handlesAlerts: true, hasTouchScreen: false, javascriptEnabled: true, locationContextEnabled: true, mobileEmulationEnabled: false, nativeEvents: true, networkConnectionEnabled: false, pageLoadStrategy: normal, platform: XP, platformName: XP, rotatable: false, setWindowRect: true, takesHeapSnapshot: true, takesScreenshot: true, unexpectedAlertBehaviour: , unhandledPromptBehavior: , version: 71.0.3578.98, webStorageEnabled: true}
Session ID: e1830d19593e16fc4ead0949c899504c)
	at com.kms.katalon.core.keyword.internal.KeywordMain.stepFailed(KeywordMain.groovy:32)
	at com.kms.katalon.core.webui.keyword.internal.WebUIKeywordMain.stepFailed(WebUIKeywordMain.groovy:65)
	at com.kms.katalon.core.webui.keyword.internal.WebUIKeywordMain.runKeyword(WebUIKeywordMain.groovy:27)
	at com.kms.katalon.core.webui.keyword.builtin.SetTextKeyword.setText(SetTextKeyword.groovy:65)
	at com.kms.katalon.core.webui.keyword.builtin.SetTextKeyword.execute(SetTextKeyword.groovy:37)
	at com.kms.katalon.core.keyword.internal.KeywordExecutor.executeKeywordForPlatform(KeywordExecutor.groovy:53)
	at com.kms.katalon.core.webui.keyword.WebUiBuiltInKeywords.setText(WebUiBuiltInKeywords.groovy:950)
	at com.kms.katalon.core.webui.keyword.WebUiBuiltInKeywords$setText$1.call(Unknown Source)
	at org.codehaus.groovy.runtime.callsite.CallSiteArray.defaultCall(CallSiteArray.java:48)
	at org.codehaus.groovy.runtime.callsite.AbstractCallSite.call(AbstractCallSite.java:113)
	at org.codehaus.groovy.runtime.callsite.AbstractCallSite.call(AbstractCallSite.java:133)
	at Script1537253675085.run(Script1537253675085.groovy:87)
	at com.kms.katalon.core.main.ScriptEngine.run(ScriptEngine.java:183)
	at com.kms.katalon.core.main.ScriptEngine.runScriptAsRawText(ScriptEngine.java:108)
	at com.kms.katalon.core.main.TestCaseExecutor.runScript(TestCaseExecutor.java:294)
	at com.kms.katalon.core.main.TestCaseExecutor.doExecute(TestCaseExecutor.java:285)
	at com.kms.katalon.core.main.TestCaseExecutor.processExecutionPhase(TestCaseExecutor.java:264)
	at com.kms.katalon.core.main.TestCaseExecutor.accessMainPhase(TestCaseExecutor.java:256)
	at com.kms.katalon.core.main.TestCaseExecutor.execute(TestCaseExecutor.java:200)
	at com.kms.katalon.core.main.TestSuiteExecutor.accessTestCaseMainPhase(TestSuiteExecutor.java:129)
	at com.kms.katalon.core.main.TestSuiteExecutor.accessTestSuiteMainPhase(TestSuiteExecutor.java:112)
	at com.kms.katalon.core.main.TestSuiteExecutor.execute(TestSuiteExecutor.java:81)
	at com.kms.katalon.core.main.TestCaseMain.startTestSuite(TestCaseMain.java:142)
	at com.kms.katalon.core.main.TestCaseMain$startTestSuite$0.call(Unknown Source)
	at org.codehaus.groovy.runtime.callsite.CallSiteArray.defaultCall(CallSiteArray.java:48)
	at org.codehaus.groovy.runtime.callsite.AbstractCallSite.call(AbstractCallSite.java:113)
	at org.codehaus.groovy.runtime.callsite.AbstractCallSite.call(AbstractCallSite.java:141)
	at TempTestSuite1547001716520.run(TempTestSuite1547001716520.groovy:36)
	at groovy.lang.GroovyShell.runScriptOrMainOrTestOrRunnable(GroovyShell.java:263)
	at groovy.lang.GroovyShell.run(GroovyShell.java:518)
	at groovy.lang.GroovyShell.run(GroovyShell.java:507)
	at groovy.ui.GroovyMain.processOnce(GroovyMain.java:653)
	at groovy.ui.GroovyMain.run(GroovyMain.java:384)
	at groovy.ui.GroovyMain.process(GroovyMain.java:370)
	at groovy.ui.GroovyMain.processArgs(GroovyMain.java:129)
	at groovy.ui.GroovyMain.main(GroovyMain.java:109)
	at sun.reflect.NativeMethodAccessorImpl.invoke0(Native Method)
	at sun.reflect.NativeMethodAccessorImpl.invoke(NativeMethodAccessorImpl.java:62)
	at sun.reflect.DelegatingMethodAccessorImpl.invoke(DelegatingMethodAccessorImpl.java:43)
	at java.lang.reflect.Method.invoke(Method.java:498)
	at org.codehaus.groovy.tools.GroovyStarter.rootLoader(GroovyStarter.java:109)
	at org.codehaus.groovy.tools.GroovyStarter.main(GroovyStarter.java:131)
)]]></system-err>
      </testcase>
      <testcase name="Test Cases/Final Aug 2018 - PKS Automation/Registration Module/Workflow/New Registration/OTC - PKR BO - RO Query (Routed 2 Time)" classname="Test Cases/Final Aug 2018 - PKS Automation/Registration Module/Workflow/New Registration/OTC - PKR BO - RO Query (Routed 2 Time)" status="FAILED">
         <failure type="FAILED" message="(Stack trace: com.kms.katalon.core.exception.StepFailedException: Unable to click on object 'Object Repository/Final Object Repo/New Registration - Registration Module Pages/New Reg - OTC to RO/Special Case - All Related Objects/Continue Button in verifying case' (Root cause: org.openqa.selenium.ElementNotVisibleException: element not interactable
  (Session info: chrome=71.0.3578.98)
  (Driver info: chromedriver=2.43.600210 (68dcf5eebde37173d4027fa8635e332711d2874a),platform=Windows NT 6.1.7601 SP1 x86_64) (WARNING: The server did not provide any stacktrace information)
Command duration or timeout: 0 milliseconds
Build info: version: '3.7.1', revision: '8a0099a', time: '2017-11-06T21:07:36.161Z'
System info: host: 'WIN7TEST02', ip: '10.20.3.72', os.name: 'Windows 7', os.arch: 'amd64', os.version: '6.1', java.version: '1.8.0_181'
Driver info: com.kms.katalon.selenium.driver.CChromeDriver
Capabilities {acceptInsecureCerts: false, acceptSslCerts: false, applicationCacheEnabled: false, browserConnectionEnabled: false, browserName: chrome, chrome: {chromedriverVersion: 2.43.600210 (68dcf5eebde371..., userDataDir: C:\Users\Admin\AppData\Loca...}, cssSelectorsEnabled: true, databaseEnabled: false, goog:chromeOptions: {debuggerAddress: localhost:54047}, handlesAlerts: true, hasTouchScreen: false, javascriptEnabled: true, locationContextEnabled: true, mobileEmulationEnabled: false, nativeEvents: true, networkConnectionEnabled: false, pageLoadStrategy: normal, platform: XP, platformName: XP, rotatable: false, setWindowRect: true, takesHeapSnapshot: true, takesScreenshot: true, unexpectedAlertBehaviour: , unhandledPromptBehavior: , version: 71.0.3578.98, webStorageEnabled: true}
Session ID: 2fd86aff2a20d278af74c625f2bb856f)
	at com.kms.katalon.core.keyword.internal.KeywordMain.stepFailed(KeywordMain.groovy:32)
	at com.kms.katalon.core.webui.keyword.internal.WebUIKeywordMain.stepFailed(WebUIKeywordMain.groovy:65)
	at com.kms.katalon.core.webui.keyword.internal.WebUIKeywordMain.runKeyword(WebUIKeywordMain.groovy:27)
	at com.kms.katalon.core.webui.keyword.builtin.ClickKeyword.click(ClickKeyword.groovy:86)
	at com.kms.katalon.core.webui.keyword.builtin.ClickKeyword.execute(ClickKeyword.groovy:67)
	at com.kms.katalon.core.keyword.internal.KeywordExecutor.executeKeywordForPlatform(KeywordExecutor.groovy:53)
	at com.kms.katalon.core.webui.keyword.WebUiBuiltInKeywords.click(WebUiBuiltInKeywords.groovy:616)
	at com.kms.katalon.core.webui.keyword.WebUiBuiltInKeywords$click$2.call(Unknown Source)
	at org.codehaus.groovy.runtime.callsite.CallSiteArray.defaultCall(CallSiteArray.java:48)
	at org.codehaus.groovy.runtime.callsite.AbstractCallSite.call(AbstractCallSite.java:113)
	at org.codehaus.groovy.runtime.callsite.AbstractCallSite.call(AbstractCallSite.java:125)
	at Script1535599531593.run(Script1535599531593.groovy:167)
	at com.kms.katalon.core.main.ScriptEngine.run(ScriptEngine.java:183)
	at com.kms.katalon.core.main.ScriptEngine.runScriptAsRawText(ScriptEngine.java:108)
	at com.kms.katalon.core.main.TestCaseExecutor.runScript(TestCaseExecutor.java:294)
	at com.kms.katalon.core.main.TestCaseExecutor.doExecute(TestCaseExecutor.java:285)
	at com.kms.katalon.core.main.TestCaseExecutor.processExecutionPhase(TestCaseExecutor.java:264)
	at com.kms.katalon.core.main.TestCaseExecutor.accessMainPhase(TestCaseExecutor.java:256)
	at com.kms.katalon.core.main.TestCaseExecutor.execute(TestCaseExecutor.java:200)
	at com.kms.katalon.core.main.TestSuiteExecutor.accessTestCaseMainPhase(TestSuiteExecutor.java:129)
	at com.kms.katalon.core.main.TestSuiteExecutor.accessTestSuiteMainPhase(TestSuiteExecutor.java:112)
	at com.kms.katalon.core.main.TestSuiteExecutor.execute(TestSuiteExecutor.java:81)
	at com.kms.katalon.core.main.TestCaseMain.startTestSuite(TestCaseMain.java:142)
	at com.kms.katalon.core.main.TestCaseMain$startTestSuite$0.call(Unknown Source)
	at org.codehaus.groovy.runtime.callsite.CallSiteArray.defaultCall(CallSiteArray.java:48)
	at org.codehaus.groovy.runtime.callsite.AbstractCallSite.call(AbstractCallSite.java:113)
	at org.codehaus.groovy.runtime.callsite.AbstractCallSite.call(AbstractCallSite.java:141)
	at TempTestSuite1547001716520.run(TempTestSuite1547001716520.groovy:36)
	at groovy.lang.GroovyShell.runScriptOrMainOrTestOrRunnable(GroovyShell.java:263)
	at groovy.lang.GroovyShell.run(GroovyShell.java:518)
	at groovy.lang.GroovyShell.run(GroovyShell.java:507)
	at groovy.ui.GroovyMain.processOnce(GroovyMain.java:653)
	at groovy.ui.GroovyMain.run(GroovyMain.java:384)
	at groovy.ui.GroovyMain.process(GroovyMain.java:370)
	at groovy.ui.GroovyMain.processArgs(GroovyMain.java:129)
	at groovy.ui.GroovyMain.main(GroovyMain.java:109)
	at sun.reflect.NativeMethodAccessorImpl.invoke0(Native Method)
	at sun.reflect.NativeMethodAccessorImpl.invoke(NativeMethodAccessorImpl.java:62)
	at sun.reflect.DelegatingMethodAccessorImpl.invoke(DelegatingMethodAccessorImpl.java:43)
	at java.lang.reflect.Method.invoke(Method.java:498)
	at org.codehaus.groovy.tools.GroovyStarter.rootLoader(GroovyStarter.java:109)
	at org.codehaus.groovy.tools.GroovyStarter.main(GroovyStarter.java:131)
)"/>
         <system-out><![CDATA[2019-01-09 12:14:57 - [TEST_CASE][FAILED] - Test Cases/Final Aug 2018 - PKS Automation/Registration Module/Workflow/New Registration/OTC - PKR BO - RO Query (Routed 2 Time): Test Cases/Final Aug 2018 - PKS Automation/Registration Module/Workflow/New Registration/OTC - PKR BO - RO Query (Routed 2 Time) FAILED because (of) (Stack trace: com.kms.katalon.core.exception.StepFailedException: Unable to click on object 'Object Repository/Final Object Repo/New Registration - Registration Module Pages/New Reg - OTC to RO/Special Case - All Related Objects/Continue Button in verifying case' (Root cause: org.openqa.selenium.ElementNotVisibleException: element not interactable
  (Session info: chrome=71.0.3578.98)
  (Driver info: chromedriver=2.43.600210 (68dcf5eebde37173d4027fa8635e332711d2874a),platform=Windows NT 6.1.7601 SP1 x86_64) (WARNING: The server did not provide any stacktrace information)
Command duration or timeout: 0 milliseconds
Build info: version: '3.7.1', revision: '8a0099a', time: '2017-11-06T21:07:36.161Z'
System info: host: 'WIN7TEST02', ip: '10.20.3.72', os.name: 'Windows 7', os.arch: 'amd64', os.version: '6.1', java.version: '1.8.0_181'
Driver info: com.kms.katalon.selenium.driver.CChromeDriver
Capabilities {acceptInsecureCerts: false, acceptSslCerts: false, applicationCacheEnabled: false, browserConnectionEnabled: false, browserName: chrome, chrome: {chromedriverVersion: 2.43.600210 (68dcf5eebde371..., userDataDir: C:\Users\Admin\AppData\Loca...}, cssSelectorsEnabled: true, databaseEnabled: false, goog:chromeOptions: {debuggerAddress: localhost:54047}, handlesAlerts: true, hasTouchScreen: false, javascriptEnabled: true, locationContextEnabled: true, mobileEmulationEnabled: false, nativeEvents: true, networkConnectionEnabled: false, pageLoadStrategy: normal, platform: XP, platformName: XP, rotatable: false, setWindowRect: true, takesHeapSnapshot: true, takesScreenshot: true, unexpectedAlertBehaviour: , unhandledPromptBehavior: , version: 71.0.3578.98, webStorageEnabled: true}
Session ID: 2fd86aff2a20d278af74c625f2bb856f)
	at com.kms.katalon.core.keyword.internal.KeywordMain.stepFailed(KeywordMain.groovy:32)
	at com.kms.katalon.core.webui.keyword.internal.WebUIKeywordMain.stepFailed(WebUIKeywordMain.groovy:65)
	at com.kms.katalon.core.webui.keyword.internal.WebUIKeywordMain.runKeyword(WebUIKeywordMain.groovy:27)
	at com.kms.katalon.core.webui.keyword.builtin.ClickKeyword.click(ClickKeyword.groovy:86)
	at com.kms.katalon.core.webui.keyword.builtin.ClickKeyword.execute(ClickKeyword.groovy:67)
	at com.kms.katalon.core.keyword.internal.KeywordExecutor.executeKeywordForPlatform(KeywordExecutor.groovy:53)
	at com.kms.katalon.core.webui.keyword.WebUiBuiltInKeywords.click(WebUiBuiltInKeywords.groovy:616)
	at com.kms.katalon.core.webui.keyword.WebUiBuiltInKeywords$click$2.call(Unknown Source)
	at org.codehaus.groovy.runtime.callsite.CallSiteArray.defaultCall(CallSiteArray.java:48)
	at org.codehaus.groovy.runtime.callsite.AbstractCallSite.call(AbstractCallSite.java:113)
	at org.codehaus.groovy.runtime.callsite.AbstractCallSite.call(AbstractCallSite.java:125)
	at Script1535599531593.run(Script1535599531593.groovy:167)
	at com.kms.katalon.core.main.ScriptEngine.run(ScriptEngine.java:183)
	at com.kms.katalon.core.main.ScriptEngine.runScriptAsRawText(ScriptEngine.java:108)
	at com.kms.katalon.core.main.TestCaseExecutor.runScript(TestCaseExecutor.java:294)
	at com.kms.katalon.core.main.TestCaseExecutor.doExecute(TestCaseExecutor.java:285)
	at com.kms.katalon.core.main.TestCaseExecutor.processExecutionPhase(TestCaseExecutor.java:264)
	at com.kms.katalon.core.main.TestCaseExecutor.accessMainPhase(TestCaseExecutor.java:256)
	at com.kms.katalon.core.main.TestCaseExecutor.execute(TestCaseExecutor.java:200)
	at com.kms.katalon.core.main.TestSuiteExecutor.accessTestCaseMainPhase(TestSuiteExecutor.java:129)
	at com.kms.katalon.core.main.TestSuiteExecutor.accessTestSuiteMainPhase(TestSuiteExecutor.java:112)
	at com.kms.katalon.core.main.TestSuiteExecutor.execute(TestSuiteExecutor.java:81)
	at com.kms.katalon.core.main.TestCaseMain.startTestSuite(TestCaseMain.java:142)
	at com.kms.katalon.core.main.TestCaseMain$startTestSuite$0.call(Unknown Source)
	at org.codehaus.groovy.runtime.callsite.CallSiteArray.defaultCall(CallSiteArray.java:48)
	at org.codehaus.groovy.runtime.callsite.AbstractCallSite.call(AbstractCallSite.java:113)
	at org.codehaus.groovy.runtime.callsite.AbstractCallSite.call(AbstractCallSite.java:141)
	at TempTestSuite1547001716520.run(TempTestSuite1547001716520.groovy:36)
	at groovy.lang.GroovyShell.runScriptOrMainOrTestOrRunnable(GroovyShell.java:263)
	at groovy.lang.GroovyShell.run(GroovyShell.java:518)
	at groovy.lang.GroovyShell.run(GroovyShell.java:507)
	at groovy.ui.GroovyMain.processOnce(GroovyMain.java:653)
	at groovy.ui.GroovyMain.run(GroovyMain.java:384)
	at groovy.ui.GroovyMain.process(GroovyMain.java:370)
	at groovy.ui.GroovyMain.processArgs(GroovyMain.java:129)
	at groovy.ui.GroovyMain.main(GroovyMain.java:109)
	at sun.reflect.NativeMethodAccessorImpl.invoke0(Native Method)
	at sun.reflect.NativeMethodAccessorImpl.invoke(NativeMethodAccessorImpl.java:62)
	at sun.reflect.DelegatingMethodAccessorImpl.invoke(DelegatingMethodAccessorImpl.java:43)
	at java.lang.reflect.Method.invoke(Method.java:498)
	at org.codehaus.groovy.tools.GroovyStarter.rootLoader(GroovyStarter.java:109)
	at org.codehaus.groovy.tools.GroovyStarter.main(GroovyStarter.java:131)
)

2019-01-09 12:14:58 - [TEST_STEP][PASSED] - callTestCase: Call Test Case 'Test Cases/Final Aug 2018 - PKS Automation/Registration Module/Workflow/New Registration/Template/Special Case - OTC - Form 1' successfully

2019-01-09 12:14:58 - [TEST_CASE][PASSED] - Test Cases/Final Aug 2018 - PKS Automation/Registration Module/Workflow/New Registration/Template/Special Case - OTC - Form 1: Test Cases/Final Aug 2018 - PKS Automation/Registration Module/Workflow/New Registration/Template/Special Case - OTC - Form 1

2019-01-09 12:14:58 - [TEST_STEP][PASSED] - openBrowser: Browser is opened with url: ''

2019-01-09 12:14:58 - [MESSAGE][WARNING] - A browser is already opened. Closing browser and opening a new one

2019-01-09 12:15:02 - [MESSAGE][PASSED] - Browser is opened with url: ''

2019-01-09 12:15:02 - [TEST_STEP][PASSED] - navigateToUrl: Navigate to 'https://assist2-uat.perkeso.gov.my/login' successfully

2019-01-09 12:15:03 - [MESSAGE][PASSED] - Navigate to 'https://assist2-uat.perkeso.gov.my/login' successfully

2019-01-09 12:15:03 - [TEST_STEP][PASSED] - delay: Delayed 2 second(s)

2019-01-09 12:15:05 - [MESSAGE][PASSED] - Delayed 2 second(s)

2019-01-09 12:15:05 - [TEST_STEP][PASSED] - setText: Text 'klotc2@gmail.com' is set on object 'Object Repository/Final Object Repo/Login Page/Internal User/Email Address'

2019-01-09 12:15:05 - [MESSAGE][PASSED] - Text 'klotc2@gmail.com' is set on object 'Object Repository/Final Object Repo/Login Page/Internal User/Email Address'

2019-01-09 12:15:05 - [TEST_STEP][PASSED] - click: Object: 'Object Repository/Final Object Repo/Login Page/Internal User/Next Button' is clicked on

2019-01-09 12:15:05 - [MESSAGE][PASSED] - Object: 'Object Repository/Final Object Repo/Login Page/Internal User/Next Button' is clicked on

2019-01-09 12:15:05 - [TEST_STEP][PASSED] - delay: Delayed 2 second(s)

2019-01-09 12:15:07 - [MESSAGE][PASSED] - Delayed 2 second(s)

2019-01-09 12:15:07 - [TEST_STEP][PASSED] - setText: Text 'Test1@3456789' is set on object 'Object Repository/Final Object Repo/Login Page/Internal User/Password'

2019-01-09 12:15:08 - [MESSAGE][PASSED] - Text 'Test1@3456789' is set on object 'Object Repository/Final Object Repo/Login Page/Internal User/Password'

2019-01-09 12:15:08 - [TEST_STEP][PASSED] - delay: Delayed 2 second(s)

2019-01-09 12:15:10 - [MESSAGE][PASSED] - Delayed 2 second(s)

2019-01-09 12:15:10 - [TEST_STEP][PASSED] - click: Object: 'Object Repository/Final Object Repo/Login Page/Internal User/Login Button' is clicked on

2019-01-09 12:15:10 - [MESSAGE][PASSED] - Object: 'Object Repository/Final Object Repo/Login Page/Internal User/Login Button' is clicked on

2019-01-09 12:15:10 - [TEST_STEP][PASSED] - Statement - Try: null

2019-01-09 12:15:10 - [TEST_STEP][PASSED] - Statement - Checker = com.kms.katalon.core.webui.keyword.WebUiBuiltInKeywords.verifyElementNotPresent("Final Object Repo/Landing Page/Select to English", 3): null

2019-01-09 12:15:10 - [TEST_STEP][PASSED] - Statement - Catch (Exception e): null

2019-01-09 12:15:10 - [TEST_STEP][PASSED] - Statement - e.printStackTrace(): null

2019-01-09 12:15:10 - [TEST_STEP][PASSED] - delay: Delayed 5 second(s)

2019-01-09 12:15:15 - [MESSAGE][PASSED] - Delayed 5 second(s)

2019-01-09 12:15:15 - [TEST_STEP][PASSED] - click: Object: 'Object Repository/Final Object Repo/Landing Page/My Sites Drop Down' is clicked on

2019-01-09 12:15:15 - [MESSAGE][PASSED] - Object: 'Object Repository/Final Object Repo/Landing Page/My Sites Drop Down' is clicked on

2019-01-09 12:15:15 - [TEST_STEP][PASSED] - click: Object: 'Object Repository/Final Object Repo/Landing Page/Select to Registration Module' is clicked on

2019-01-09 12:15:16 - [MESSAGE][PASSED] - Object: 'Object Repository/Final Object Repo/Landing Page/Select to Registration Module' is clicked on

2019-01-09 12:15:16 - [TEST_STEP][PASSED] - click: Object: 'Object Repository/Final Object Repo/Landing Page/Registration Button' is clicked on

2019-01-09 12:15:18 - [MESSAGE][PASSED] - Object: 'Object Repository/Final Object Repo/Landing Page/Registration Button' is clicked on

2019-01-09 12:15:18 - [TEST_STEP][PASSED] - delay: Delayed 2 second(s)

2019-01-09 12:15:20 - [MESSAGE][PASSED] - Delayed 2 second(s)

2019-01-09 12:15:20 - [TEST_STEP][PASSED] - click: Object: 'Object Repository/Final Object Repo/New Registration - Registration Module Pages/New Reg - OTC to RO/Special Case - OTC - Form 1/AEC NO' is clicked on

2019-01-09 12:15:20 - [MESSAGE][PASSED] - Object: 'Object Repository/Final Object Repo/New Registration - Registration Module Pages/New Reg - OTC to RO/Special Case - OTC - Form 1/AEC NO' is clicked on

2019-01-09 12:15:20 - [TEST_STEP][PASSED] - click: Object: 'Object Repository/Final Object Repo/New Registration - Registration Module Pages/New Reg - OTC to RO/Special Case - OTC - Form 1/Business Entity - Please Select' is clicked on

2019-01-09 12:15:20 - [MESSAGE][PASSED] - Object: 'Object Repository/Final Object Repo/New Registration - Registration Module Pages/New Reg - OTC to RO/Special Case - OTC - Form 1/Business Entity - Please Select' is clicked on

2019-01-09 12:15:20 - [TEST_STEP][PASSED] - click: Object: 'Object Repository/Final Object Repo/New Registration - Registration Module Pages/New Reg - OTC to RO/Special Case - OTC - Form 1/Selected - Corporation' is clicked on

2019-01-09 12:15:20 - [MESSAGE][PASSED] - Object: 'Object Repository/Final Object Repo/New Registration - Registration Module Pages/New Reg - OTC to RO/Special Case - OTC - Form 1/Selected - Corporation' is clicked on

2019-01-09 12:15:20 - [TEST_STEP][PASSED] - delay: Delayed 2 second(s)

2019-01-09 12:15:22 - [MESSAGE][PASSED] - Delayed 2 second(s)

2019-01-09 12:15:22 - [TEST_STEP][PASSED] - click: Object: 'Object Repository/Final Object Repo/New Registration - Registration Module Pages/New Reg - OTC to RO/Special Case - OTC - Form 1/Sub Business Entity - Please Select' is clicked on

2019-01-09 12:15:22 - [MESSAGE][PASSED] - Object: 'Object Repository/Final Object Repo/New Registration - Registration Module Pages/New Reg - OTC to RO/Special Case - OTC - Form 1/Sub Business Entity - Please Select' is clicked on

2019-01-09 12:15:22 - [TEST_STEP][PASSED] - delay: Delayed 2 second(s)

2019-01-09 12:15:24 - [MESSAGE][PASSED] - Delayed 2 second(s)

2019-01-09 12:15:24 - [TEST_STEP][PASSED] - click: Object: 'Object Repository/Final Object Repo/New Registration - Registration Module Pages/New Reg - OTC to RO/Special Case - OTC - Form 1/Selected - Sendirian Berhad' is clicked on

2019-01-09 12:15:25 - [MESSAGE][PASSED] - Object: 'Object Repository/Final Object Repo/New Registration - Registration Module Pages/New Reg - OTC to RO/Special Case - OTC - Form 1/Selected - Sendirian Berhad' is clicked on

2019-01-09 12:15:25 - [TEST_STEP][PASSED] - setText: Text 'AUTOMATE001' is set on object 'Object Repository/Final Object Repo/New Registration - Registration Module Pages/New Reg - OTC to RO/Special Case - OTC - Form 1/Input BRN Number'

2019-01-09 12:15:25 - [MESSAGE][PASSED] - Text 'AUTOMATE001' is set on object 'Object Repository/Final Object Repo/New Registration - Registration Module Pages/New Reg - OTC to RO/Special Case - OTC - Form 1/Input BRN Number'

2019-01-09 12:15:25 - [TEST_STEP][PASSED] - delay: Delayed 2 second(s)

2019-01-09 12:15:27 - [MESSAGE][PASSED] - Delayed 2 second(s)

2019-01-09 12:15:27 - [TEST_STEP][PASSED] - click: Object: 'Object Repository/Final Object Repo/New Registration - Registration Module Pages/New Reg - OTC to RO/Special Case - OTC - Form 1/BRN Search' is clicked on

2019-01-09 12:15:27 - [MESSAGE][PASSED] - Object: 'Object Repository/Final Object Repo/New Registration - Registration Module Pages/New Reg - OTC to RO/Special Case - OTC - Form 1/BRN Search' is clicked on

2019-01-09 12:15:27 - [TEST_STEP][PASSED] - delay: Delayed 4 second(s)

2019-01-09 12:15:31 - [MESSAGE][PASSED] - Delayed 4 second(s)

2019-01-09 12:15:31 - [TEST_STEP][PASSED] - click: Object: 'Object Repository/Final Object Repo/New Registration - Registration Module Pages/New Reg - OTC to RO/Special Case - OTC - Form 1/Registered with SSM - After Feb 2017' is clicked on

2019-01-09 12:15:31 - [MESSAGE][PASSED] - Object: 'Object Repository/Final Object Repo/New Registration - Registration Module Pages/New Reg - OTC to RO/Special Case - OTC - Form 1/Registered with SSM - After Feb 2017' is clicked on

2019-01-09 12:15:31 - [TEST_STEP][PASSED] - delay: Delayed 2 second(s)

2019-01-09 12:15:33 - [MESSAGE][PASSED] - Delayed 2 second(s)

2019-01-09 12:15:33 - [TEST_STEP][PASSED] - click: Object: 'Object Repository/Final Object Repo/New Registration - Registration Module Pages/New Reg - OTC to RO/Special Case - OTC - Form 1/Registering As A Branch - No' is clicked on

2019-01-09 12:15:34 - [MESSAGE][PASSED] - Object: 'Object Repository/Final Object Repo/New Registration - Registration Module Pages/New Reg - OTC to RO/Special Case - OTC - Form 1/Registering As A Branch - No' is clicked on

2019-01-09 12:15:34 - [TEST_STEP][PASSED] - click: Object: 'Object Repository/Final Object Repo/New Registration - Registration Module Pages/New Reg - OTC to RO/Special Case - OTC - Form 1/Acknowledgement Ticked' is clicked on

2019-01-09 12:15:34 - [MESSAGE][PASSED] - Object: 'Object Repository/Final Object Repo/New Registration - Registration Module Pages/New Reg - OTC to RO/Special Case - OTC - Form 1/Acknowledgement Ticked' is clicked on

2019-01-09 12:15:34 - [TEST_STEP][PASSED] - click: Object: 'Object Repository/Final Object Repo/New Registration - Registration Module Pages/New Reg - OTC to RO/Special Case - OTC - Form 1/Submit Button' is clicked on

2019-01-09 12:15:34 - [MESSAGE][PASSED] - Object: 'Object Repository/Final Object Repo/New Registration - Registration Module Pages/New Reg - OTC to RO/Special Case - OTC - Form 1/Submit Button' is clicked on

2019-01-09 12:15:34 - [TEST_STEP][PASSED] - delay: Delayed 2 second(s)

2019-01-09 12:15:36 - [MESSAGE][PASSED] - Delayed 2 second(s)

2019-01-09 12:15:36 - [TEST_STEP][PASSED] - click: Object: 'Object Repository/Final Object Repo/New Registration - Registration Module Pages/New Reg - OTC to RO/Special Case - OTC - Form 1/Confirm No Flagging as Branch' is clicked on

2019-01-09 12:15:36 - [MESSAGE][PASSED] - Object: 'Object Repository/Final Object Repo/New Registration - Registration Module Pages/New Reg - OTC to RO/Special Case - OTC - Form 1/Confirm No Flagging as Branch' is clicked on

2019-01-09 12:15:36 - [MESSAGE][PASSED] - Call Test Case 'Test Cases/Final Aug 2018 - PKS Automation/Registration Module/Workflow/New Registration/Template/Special Case - OTC - Form 1' successfully

2019-01-09 12:15:36 - [TEST_STEP][PASSED] - callTestCase: Call Test Case 'Test Cases/Final Aug 2018 - PKS Automation/Registration Module/New Registration/Form 2/Add 1 Eligible - Incomplete' successfully

2019-01-09 12:15:36 - [TEST_CASE][PASSED] - Test Cases/Final Aug 2018 - PKS Automation/Registration Module/New Registration/Form 2/Add 1 Eligible - Incomplete: Test Cases/Final Aug 2018 - PKS Automation/Registration Module/New Registration/Form 2/Add 1 Eligible - Incomplete

2019-01-09 12:15:36 - [TEST_STEP][PASSED] - delay: Delayed 2 second(s)

2019-01-09 12:15:38 - [MESSAGE][PASSED] - Delayed 2 second(s)

2019-01-09 12:15:38 - [TEST_STEP][PASSED] - callTestCase: Call Test Case 'Test Cases/Final Aug 2018 - PKS Automation/Registration Module/New Registration/Form 2/Date Updater' successfully

2019-01-09 12:15:38 - [TEST_CASE][PASSED] - Test Cases/Final Aug 2018 - PKS Automation/Registration Module/New Registration/Form 2/Date Updater: Test Cases/Final Aug 2018 - PKS Automation/Registration Module/New Registration/Form 2/Date Updater

2019-01-09 12:15:38 - [TEST_STEP][PASSED] - Statement - TodayDate = new java.util.Date(): null

2019-01-09 12:15:38 - [TEST_STEP][PASSED] - Statement - CurrentDateNoFilter = new java.text.SimpleDateFormat(): null

2019-01-09 12:15:38 - [TEST_STEP][PASSED] - Statement - CurrentDateNoFilter.applyPattern("MM"): null

2019-01-09 12:15:38 - [TEST_STEP][PASSED] - Statement - monthContainerMatcher = java.lang.Integer.parseInt(CurrentDateNoFilter.format(TodayDate)): null

2019-01-09 12:15:38 - [TEST_STEP][PASSED] - Statement - monthContainerMatcher = monthContainerMatcher - 1: null

2019-01-09 12:15:38 - [TEST_STEP][PASSED] - Statement - CurrentMonth = monthContainerMatcher.toString(): null

2019-01-09 12:15:38 - [TEST_STEP][PASSED] - Statement - CurrentMonth = CurrentMonth: null

2019-01-09 12:15:38 - [TEST_STEP][PASSED] - Statement - CurrentDateNoFilter.applyPattern("yyyy"): null

2019-01-09 12:15:38 - [TEST_STEP][PASSED] - Statement - CurrentYear = CurrentDateNoFilter.format(TodayDate): null

2019-01-09 12:15:38 - [TEST_STEP][PASSED] - Statement - CurrentYear = CurrentYear: null

2019-01-09 12:15:38 - [TEST_STEP][PASSED] - Statement - intCurrentYear = java.lang.Integer.parseInt(CurrentDateNoFilter.format(TodayDate)): null

2019-01-09 12:15:38 - [TEST_STEP][PASSED] - Statement - eighteenYrsAgo = intCurrentYear - 18: null

2019-01-09 12:15:38 - [TEST_STEP][PASSED] - Statement - eighteenYrsBeforeThisYr = eighteenYrsAgo.toString(): null

2019-01-09 12:15:38 - [TEST_STEP][PASSED] - Statement - EighteenYrsBefore = eighteenYrsBeforeThisYr: null

2019-01-09 12:15:38 - [TEST_STEP][PASSED] - Statement - fiftysevenYrsAgo = intCurrentYear - 57: null

2019-01-09 12:15:38 - [TEST_STEP][PASSED] - Statement - fiftysevenYrsBeforeThisYr = fiftysevenYrsAgo.toString(): null

2019-01-09 12:15:38 - [TEST_STEP][PASSED] - Statement - FiftysevenYrsBefore = fiftysevenYrsBeforeThisYr: null

2019-01-09 12:15:38 - [TEST_STEP][PASSED] - Statement - leapYear = false: null

2019-01-09 12:15:38 - [TEST_STEP][PASSED] - Statement - leapYear = intCurrentYear % 4 == 0: null

2019-01-09 12:15:38 - [TEST_STEP][PASSED] - Statement - CurrentDateNoFilter.applyPattern("dd"): null

2019-01-09 12:15:38 - [TEST_STEP][PASSED] - Statement - CurrentDate = CurrentDateNoFilter.format(TodayDate): null

2019-01-09 12:15:38 - [TEST_STEP][PASSED] - Statement - CurrentDate = java.lang.Integer.parseInt(CurrentDate): null

2019-01-09 12:15:38 - [TEST_STEP][PASSED] - Statement - CurrentDate = CurrentDate: null

2019-01-09 12:15:38 - [TEST_STEP][PASSED] - Statement - CurrentDay = java.lang.Integer.parseInt(CurrentDate): null

2019-01-09 12:15:38 - [TEST_STEP][PASSED] - Statement - ConfAdder = <not implemented yet for class: org.codehaus.groovy.ast.expr.EmptyExpression>: null

2019-01-09 12:15:38 - [TEST_STEP][PASSED] - Statement - out.println(CurrentMonth): null

2019-01-09 12:15:38 - [TEST_STEP][PASSED] - Statement - out.println(CurrentDate): null

2019-01-09 12:15:38 - [TEST_STEP][PASSED] - Statement - switch (CurrentDate): null

2019-01-09 12:15:38 - [TEST_STEP][PASSED] - Statement - Default: null

2019-01-09 12:15:38 - [TEST_STEP][PASSED] - Statement - ConfAdder = true: null

2019-01-09 12:15:38 - [TEST_STEP][PASSED] - Statement - Break: null

2019-01-09 12:15:38 - [TEST_STEP][PASSED] - Statement - aDayBefore = <not implemented yet for class: org.codehaus.groovy.ast.expr.EmptyExpression>: null

2019-01-09 12:15:38 - [TEST_STEP][PASSED] - Statement - out.println(ConfAdder): null

2019-01-09 12:15:38 - [TEST_STEP][PASSED] - Statement - If (ConfAdder == true): null

2019-01-09 12:15:38 - [TEST_STEP][PASSED] - Statement - aDayBefore = CurrentDay + 1: null

2019-01-09 12:15:38 - [TEST_STEP][PASSED] - Statement - out.println(aDayBefore): null

2019-01-09 12:15:38 - [TEST_STEP][PASSED] - Statement - If (aDayBefore == 1 && CurrentMonth == 11): null

2019-01-09 12:15:38 - [TEST_STEP][PASSED] - Statement - DayBefore = aDayBefore.toString(): null

2019-01-09 12:15:38 - [TEST_STEP][PASSED] - Statement - OneDayBefore = DayBefore: null

2019-01-09 12:15:39 - [MESSAGE][PASSED] - Call Test Case 'Test Cases/Final Aug 2018 - PKS Automation/Registration Module/New Registration/Form 2/Date Updater' successfully

2019-01-09 12:15:39 - [TEST_STEP][PASSED] - Statement - CaseReferenceNo = com.kms.katalon.core.webui.keyword.WebUiBuiltInKeywords.getText(com.kms.katalon.core.testobject.ObjectRepository.findTestObject(Final Object Repo/New Registration - Registration Module Pages/Form 2/RefNo Acquiring)): Text of object 'Object Repository/Final Object Repo/New Registration - Registration Module Pages/Form 2/RefNo Acquiring' is: 'CRN01201900123680'

2019-01-09 12:15:39 - [MESSAGE][PASSED] - Text of object 'Object Repository/Final Object Repo/New Registration - Registration Module Pages/Form 2/RefNo Acquiring' is: 'CRN01201900123680'

2019-01-09 12:15:39 - [TEST_STEP][PASSED] - delay: Delayed 4 second(s)

2019-01-09 12:15:43 - [MESSAGE][PASSED] - Delayed 4 second(s)

2019-01-09 12:15:43 - [TEST_STEP][PASSED] - click: Object: 'Object Repository/Final Object Repo/New Registration - Registration Module Pages/Form 2/Add Employee Button' is clicked on

2019-01-09 12:15:43 - [MESSAGE][PASSED] - Object: 'Object Repository/Final Object Repo/New Registration - Registration Module Pages/Form 2/Add Employee Button' is clicked on

2019-01-09 12:15:43 - [TEST_STEP][PASSED] - delay: Delayed 1 second(s)

2019-01-09 12:15:44 - [MESSAGE][PASSED] - Delayed 1 second(s)

2019-01-09 12:15:44 - [TEST_STEP][PASSED] - setText: Text '010903091984' is set on object 'Object Repository/Final Object Repo/New Registration - Registration Module Pages/Form 2/NRIC Input'

2019-01-09 12:15:45 - [MESSAGE][PASSED] - Text '010903091984' is set on object 'Object Repository/Final Object Repo/New Registration - Registration Module Pages/Form 2/NRIC Input'

2019-01-09 12:15:45 - [TEST_STEP][PASSED] - click: Object: 'Object Repository/Final Object Repo/New Registration - Registration Module Pages/Form 2/button for search for IC' is clicked on

2019-01-09 12:15:45 - [MESSAGE][PASSED] - Object: 'Object Repository/Final Object Repo/New Registration - Registration Module Pages/Form 2/button for search for IC' is clicked on

2019-01-09 12:15:45 - [TEST_STEP][PASSED] - delay: Delayed 2 second(s)

2019-01-09 12:15:47 - [MESSAGE][PASSED] - Delayed 2 second(s)

2019-01-09 12:15:47 - [TEST_STEP][PASSED] - setText: Text 'Automate001 eligible 1' is set on object 'Object Repository/Final Object Repo/New Registration - Registration Module Pages/Form 2/Employee Name Input'

2019-01-09 12:15:47 - [MESSAGE][PASSED] - Text 'Automate001 eligible 1' is set on object 'Object Repository/Final Object Repo/New Registration - Registration Module Pages/Form 2/Employee Name Input'

2019-01-09 12:15:47 - [TEST_STEP][PASSED] - delay: Delayed 2 second(s)

2019-01-09 12:15:49 - [MESSAGE][PASSED] - Delayed 2 second(s)

2019-01-09 12:15:49 - [TEST_STEP][PASSED] - click: Object: 'Object Repository/Final Object Repo/New Registration - Registration Module Pages/Form 2/DatePicker Pop Up' is clicked on

2019-01-09 12:15:49 - [MESSAGE][PASSED] - Object: 'Object Repository/Final Object Repo/New Registration - Registration Module Pages/Form 2/DatePicker Pop Up' is clicked on

2019-01-09 12:15:49 - [TEST_STEP][PASSED] - click: Object: 'Object Repository/Final Object Repo/New Registration - Registration Module Pages/Form 2/DOB Month' is clicked on

2019-01-09 12:15:50 - [MESSAGE][PASSED] - Object: 'Object Repository/Final Object Repo/New Registration - Registration Module Pages/Form 2/DOB Month' is clicked on

2019-01-09 12:15:50 - [TEST_STEP][PASSED] - Statement - CurrentMonth = CurrentMonth: null

2019-01-09 12:15:50 - [TEST_STEP][PASSED] - Statement - selectMonth = new com.kms.katalon.core.testobject.TestObject(): null

2019-01-09 12:15:50 - [TEST_STEP][PASSED] - Statement - selectMonth.addProperty("xpath", EQUALS, "//body/div/div/div/select/option[@value='" + CurrentMonth + "']", true): null

2019-01-09 12:15:50 - [TEST_STEP][PASSED] - click: Object: '' is clicked on

2019-01-09 12:15:50 - [MESSAGE][PASSED] - Object: '' is clicked on

2019-01-09 12:15:50 - [TEST_STEP][PASSED] - click: Object: 'Object Repository/Final Object Repo/New Registration - Registration Module Pages/Form 2/DOB Year' is clicked on

2019-01-09 12:15:50 - [MESSAGE][PASSED] - Object: 'Object Repository/Final Object Repo/New Registration - Registration Module Pages/Form 2/DOB Year' is clicked on

2019-01-09 12:15:50 - [TEST_STEP][PASSED] - Statement - Eyearsbf = EighteenYrsBefore: null

2019-01-09 12:15:50 - [TEST_STEP][PASSED] - Statement - selectYear = new com.kms.katalon.core.testobject.TestObject(): null

2019-01-09 12:15:50 - [TEST_STEP][PASSED] - Statement - selectYear.addProperty("xpath", EQUALS, "//div/div/div/select/option[@value='" + Eyearsbf + "']", true): null

2019-01-09 12:15:50 - [TEST_STEP][PASSED] - click: Object: '' is clicked on

2019-01-09 12:15:50 - [MESSAGE][PASSED] - Object: '' is clicked on

2019-01-09 12:15:50 - [TEST_STEP][PASSED] - Statement - UpdatedSelectDate = com.kms.katalon.core.webui.keyword.WebUiBuiltInKeywords.modifyObjectProperty(com.kms.katalon.core.testobject.ObjectRepository.findTestObject(Final Object Repo/New Registration - Registration Module Pages/Form 2/DOB Date), "xpath", "equals", "//body/div/table/tbody/tr/td/a[text()="" + CurrentDate + ""]", true): Modify property of object successfully

2019-01-09 12:15:50 - [MESSAGE][PASSED] - Modify property of object successfully

2019-01-09 12:15:50 - [TEST_STEP][PASSED] - delay: Delayed 3 second(s)

2019-01-09 12:15:53 - [MESSAGE][PASSED] - Delayed 3 second(s)

2019-01-09 12:15:53 - [TEST_STEP][PASSED] - click: Object: 'Object Repository/Final Object Repo/New Registration - Registration Module Pages/Form 2/DOB Date' is clicked on

2019-01-09 12:15:53 - [MESSAGE][PASSED] - Object: 'Object Repository/Final Object Repo/New Registration - Registration Module Pages/Form 2/DOB Date' is clicked on

2019-01-09 12:15:53 - [TEST_STEP][PASSED] - delay: Delayed 2 second(s)

2019-01-09 12:15:55 - [MESSAGE][PASSED] - Delayed 2 second(s)

2019-01-09 12:15:55 - [TEST_STEP][PASSED] - click: Object: 'Object Repository/Final Object Repo/New Registration - Registration Module Pages/Form 2/EmploymentStartDate Pop Up' is clicked on

2019-01-09 12:15:56 - [MESSAGE][PASSED] - Object: 'Object Repository/Final Object Repo/New Registration - Registration Module Pages/Form 2/EmploymentStartDate Pop Up' is clicked on

2019-01-09 12:15:56 - [TEST_STEP][PASSED] - delay: Delayed 2 second(s)

2019-01-09 12:15:58 - [MESSAGE][PASSED] - Delayed 2 second(s)

2019-01-09 12:15:58 - [TEST_STEP][PASSED] - click: Object: 'Object Repository/Final Object Repo/New Registration - Registration Module Pages/Form 2/Socso Employment StartDate Month' is clicked on

2019-01-09 12:15:58 - [MESSAGE][PASSED] - Object: 'Object Repository/Final Object Repo/New Registration - Registration Module Pages/Form 2/Socso Employment StartDate Month' is clicked on

2019-01-09 12:15:58 - [TEST_STEP][PASSED] - delay: Delayed 1 second(s)

2019-01-09 12:15:59 - [MESSAGE][PASSED] - Delayed 1 second(s)

2019-01-09 12:15:59 - [TEST_STEP][PASSED] - click: Object: 'Object Repository/Final Object Repo/New Registration - Registration Module Pages/Form 2/Select Socso Employement Startdate Month' is clicked on

2019-01-09 12:15:59 - [MESSAGE][PASSED] - Object: 'Object Repository/Final Object Repo/New Registration - Registration Module Pages/Form 2/Select Socso Employement Startdate Month' is clicked on

2019-01-09 12:15:59 - [TEST_STEP][PASSED] - delay: Delayed 2 second(s)

2019-01-09 12:16:01 - [MESSAGE][PASSED] - Delayed 2 second(s)

2019-01-09 12:16:01 - [TEST_STEP][PASSED] - click: Object: 'Object Repository/Final Object Repo/New Registration - Registration Module Pages/Form 2/Socso Employment StartDate Year' is clicked on

2019-01-09 12:16:01 - [MESSAGE][PASSED] - Object: 'Object Repository/Final Object Repo/New Registration - Registration Module Pages/Form 2/Socso Employment StartDate Year' is clicked on

2019-01-09 12:16:01 - [TEST_STEP][PASSED] - delay: Delayed 1 second(s)

2019-01-09 12:16:02 - [MESSAGE][PASSED] - Delayed 1 second(s)

2019-01-09 12:16:02 - [TEST_STEP][PASSED] - click: Object: 'Object Repository/Final Object Repo/New Registration - Registration Module Pages/Form 2/Select Socso Employment Startdate Year' is clicked on

2019-01-09 12:16:02 - [MESSAGE][PASSED] - Object: 'Object Repository/Final Object Repo/New Registration - Registration Module Pages/Form 2/Select Socso Employment Startdate Year' is clicked on

2019-01-09 12:16:02 - [TEST_STEP][PASSED] - delay: Delayed 2 second(s)

2019-01-09 12:16:04 - [MESSAGE][PASSED] - Delayed 2 second(s)

2019-01-09 12:16:04 - [TEST_STEP][PASSED] - click: Object: 'Object Repository/Final Object Repo/New Registration - Registration Module Pages/Form 2/Socso Employment Start Date Day' is clicked on

2019-01-09 12:16:04 - [MESSAGE][PASSED] - Object: 'Object Repository/Final Object Repo/New Registration - Registration Module Pages/Form 2/Socso Employment Start Date Day' is clicked on

2019-01-09 12:16:04 - [TEST_STEP][PASSED] - delay: Delayed 2 second(s)

2019-01-09 12:16:06 - [MESSAGE][PASSED] - Delayed 2 second(s)

2019-01-09 12:16:06 - [TEST_STEP][PASSED] - click: Object: 'Object Repository/Final Object Repo/New Registration - Registration Module Pages/Form 2/Save Button for Add Employee' is clicked on

2019-01-09 12:16:07 - [MESSAGE][PASSED] - Object: 'Object Repository/Final Object Repo/New Registration - Registration Module Pages/Form 2/Save Button for Add Employee' is clicked on

2019-01-09 12:16:07 - [TEST_STEP][PASSED] - delay: Delayed 6 second(s)

2019-01-09 12:16:13 - [MESSAGE][PASSED] - Delayed 6 second(s)

2019-01-09 12:16:13 - [TEST_STEP][PASSED] - click: Object: 'Object Repository/Final Object Repo/New Registration - Registration Module Pages/Form 2/Incomplete Checkbox' is clicked on

2019-01-09 12:16:13 - [MESSAGE][PASSED] - Object: 'Object Repository/Final Object Repo/New Registration - Registration Module Pages/Form 2/Incomplete Checkbox' is clicked on

2019-01-09 12:16:13 - [TEST_STEP][PASSED] - delay: Delayed 2 second(s)

2019-01-09 12:16:15 - [MESSAGE][PASSED] - Delayed 2 second(s)

2019-01-09 12:16:15 - [TEST_STEP][PASSED] - click: Object: 'Object Repository/Final Object Repo/New Registration - Registration Module Pages/Form 2/Save and Continue Form 2' is clicked on

2019-01-09 12:16:15 - [MESSAGE][PASSED] - Object: 'Object Repository/Final Object Repo/New Registration - Registration Module Pages/Form 2/Save and Continue Form 2' is clicked on

2019-01-09 12:16:15 - [MESSAGE][PASSED] - Call Test Case 'Test Cases/Final Aug 2018 - PKS Automation/Registration Module/New Registration/Form 2/Add 1 Eligible - Incomplete' successfully

2019-01-09 12:16:15 - [TEST_STEP][PASSED] - delay: Delayed 4 second(s)

2019-01-09 12:16:19 - [MESSAGE][PASSED] - Delayed 4 second(s)

2019-01-09 12:16:19 - [TEST_STEP][PASSED] - callTestCase: Call Test Case 'Test Cases/Final Aug 2018 - PKS Automation/Registration Module/New Registration/Flow of New Registration/Third Screen - Upload Supporting Doc - Preview' successfully

2019-01-09 12:16:19 - [TEST_CASE][PASSED] - Test Cases/Final Aug 2018 - PKS Automation/Registration Module/New Registration/Flow of New Registration/Third Screen - Upload Supporting Doc - Preview: Test Cases/Final Aug 2018 - PKS Automation/Registration Module/New Registration/Flow of New Registration/Third Screen - Upload Supporting Doc - Preview

2019-01-09 12:16:19 - [TEST_STEP][PASSED] - waitForPageLoad: Wait for page load successfully

2019-01-09 12:16:19 - [MESSAGE][PASSED] - Wait for page load successfully

2019-01-09 12:16:19 - [TEST_STEP][PASSED] - Statement - CaseReferenceNo = com.kms.katalon.core.webui.keyword.WebUiBuiltInKeywords.getText(com.kms.katalon.core.testobject.ObjectRepository.findTestObject(Final Object Repo/New Registration - Registration Module Pages/Third Screen - Upload Supporting Doc- Preview/RefNo Acquiring)): Text of object 'Object Repository/Final Object Repo/New Registration - Registration Module Pages/Third Screen - Upload Supporting Doc- Preview/RefNo Acquiring' is: 'CRN01201900123680'

2019-01-09 12:16:19 - [MESSAGE][PASSED] - Text of object 'Object Repository/Final Object Repo/New Registration - Registration Module Pages/Third Screen - Upload Supporting Doc- Preview/RefNo Acquiring' is: 'CRN01201900123680'

2019-01-09 12:16:19 - [TEST_STEP][PASSED] - delay: Delayed 2 second(s)

2019-01-09 12:16:21 - [MESSAGE][PASSED] - Delayed 2 second(s)

2019-01-09 12:16:21 - [TEST_STEP][PASSED] - callTestCase: Call Test Case 'Test Cases/Final Aug 2018 - PKS Automation/Common/Reference Number Setter' successfully

2019-01-09 12:16:21 - [TEST_CASE][PASSED] - Test Cases/Final Aug 2018 - PKS Automation/Common/Reference Number Setter: Test Cases/Final Aug 2018 - PKS Automation/Common/Reference Number Setter

2019-01-09 12:16:21 - [TEST_STEP][PASSED] - Statement - RefNoOldFile = new java.io.File(C://Users//Admin//Desktop//PKS//Automation Reference Point//KatalonReference.txt): null

2019-01-09 12:16:21 - [TEST_STEP][PASSED] - Statement - RefNoOldFile.delete(): null

2019-01-09 12:16:21 - [TEST_STEP][PASSED] - delay: Delayed 5 second(s)

2019-01-09 12:16:26 - [MESSAGE][PASSED] - Delayed 5 second(s)

2019-01-09 12:16:26 - [TEST_STEP][PASSED] - Statement - RefNo = new java.io.File(C://Users//Admin//Desktop//PKS//Automation Reference Point//KatalonReference.txt): null

2019-01-09 12:16:26 - [TEST_STEP][PASSED] - Statement - f2 = new java.io.FileWriter(RefNo, false): null

2019-01-09 12:16:26 - [TEST_STEP][PASSED] - Statement - f2.write(CaseReferenceNo): null

2019-01-09 12:16:26 - [TEST_STEP][PASSED] - Statement - f2.close(): null

2019-01-09 12:16:26 - [TEST_STEP][PASSED] - Statement - out.println("


" + CaseReferenceNo + "


"): null

2019-01-09 12:16:26 - [MESSAGE][PASSED] - Call Test Case 'Test Cases/Final Aug 2018 - PKS Automation/Common/Reference Number Setter' successfully

2019-01-09 12:16:26 - [TEST_STEP][PASSED] - waitForElementClickable: Object 'Object Repository/Final Object Repo/New Registration - Registration Module Pages/Third Screen - Upload Supporting Doc- Preview/Save n Continue in SIP Employee Listing Page' is clickable

2019-01-09 12:16:26 - [MESSAGE][PASSED] - Object 'Object Repository/Final Object Repo/New Registration - Registration Module Pages/Third Screen - Upload Supporting Doc- Preview/Save n Continue in SIP Employee Listing Page' is clickable

2019-01-09 12:16:26 - [TEST_STEP][PASSED] - click: Object: 'Object Repository/Final Object Repo/New Registration - Registration Module Pages/Third Screen - Upload Supporting Doc- Preview/Save n Continue in SIP Employee Listing Page' is clicked on

2019-01-09 12:16:31 - [MESSAGE][PASSED] - Object: 'Object Repository/Final Object Repo/New Registration - Registration Module Pages/Third Screen - Upload Supporting Doc- Preview/Save n Continue in SIP Employee Listing Page' is clicked on

2019-01-09 12:16:31 - [TEST_STEP][PASSED] - delay: Delayed 7 second(s)

2019-01-09 12:16:38 - [MESSAGE][PASSED] - Delayed 7 second(s)

2019-01-09 12:16:38 - [TEST_STEP][PASSED] - click: Object: 'Object Repository/Final Object Repo/New Registration - Registration Module Pages/Third Screen - Upload Supporting Doc- Preview/Add Document Button' is clicked on

2019-01-09 12:16:39 - [MESSAGE][PASSED] - Object: 'Object Repository/Final Object Repo/New Registration - Registration Module Pages/Third Screen - Upload Supporting Doc- Preview/Add Document Button' is clicked on

2019-01-09 12:16:39 - [TEST_STEP][PASSED] - delay: Delayed 30 second(s)

2019-01-09 12:17:09 - [MESSAGE][PASSED] - Delayed 30 second(s)

2019-01-09 12:17:09 - [TEST_STEP][PASSED] - click: Object: 'Object Repository/Final Object Repo/New Registration - Registration Module Pages/Third Screen - Upload Supporting Doc- Preview/Supporting Doc Please Select Drop Down' is clicked on

2019-01-09 12:17:09 - [MESSAGE][PASSED] - Object: 'Object Repository/Final Object Repo/New Registration - Registration Module Pages/Third Screen - Upload Supporting Doc- Preview/Supporting Doc Please Select Drop Down' is clicked on

2019-01-09 12:17:09 - [TEST_STEP][PASSED] - delay: Delayed 2 second(s)

2019-01-09 12:17:11 - [MESSAGE][PASSED] - Delayed 2 second(s)

2019-01-09 12:17:11 - [TEST_STEP][PASSED] - click: Object: 'Object Repository/Final Object Repo/New Registration - Registration Module Pages/Third Screen - Upload Supporting Doc- Preview/Select to Upload Form 1' is clicked on

2019-01-09 12:17:11 - [MESSAGE][PASSED] - Object: 'Object Repository/Final Object Repo/New Registration - Registration Module Pages/Third Screen - Upload Supporting Doc- Preview/Select to Upload Form 1' is clicked on

2019-01-09 12:17:11 - [TEST_STEP][PASSED] - delay: Delayed 2 second(s)

2019-01-09 12:17:13 - [MESSAGE][PASSED] - Delayed 2 second(s)

2019-01-09 12:17:13 - [TEST_STEP][PASSED] - uploadFile: File 'C:\Users\Public\Pictures\Sample Pictures\Koala.jpg' sent to object: 'Object Repository/Final Object Repo/New Registration - Registration Module Pages/Third Screen - Upload Supporting Doc- Preview/Upload File Adding'

2019-01-09 12:17:13 - [MESSAGE][PASSED] - File 'C:\Users\Public\Pictures\Sample Pictures\Koala.jpg' sent to object: 'Object Repository/Final Object Repo/New Registration - Registration Module Pages/Third Screen - Upload Supporting Doc- Preview/Upload File Adding'

2019-01-09 12:17:13 - [TEST_STEP][PASSED] - delay: Delayed 5 second(s)

2019-01-09 12:17:18 - [MESSAGE][PASSED] - Delayed 5 second(s)

2019-01-09 12:17:18 - [TEST_STEP][PASSED] - click: Object: 'Object Repository/Final Object Repo/New Registration - Registration Module Pages/Third Screen - Upload Supporting Doc- Preview/Inner Form Add Document Button' is clicked on

2019-01-09 12:17:18 - [MESSAGE][PASSED] - Object: 'Object Repository/Final Object Repo/New Registration - Registration Module Pages/Third Screen - Upload Supporting Doc- Preview/Inner Form Add Document Button' is clicked on

2019-01-09 12:17:18 - [TEST_STEP][PASSED] - delay: Delayed 3 second(s)

2019-01-09 12:17:21 - [MESSAGE][PASSED] - Delayed 3 second(s)

2019-01-09 12:17:21 - [TEST_STEP][PASSED] - click: Object: 'Object Repository/Final Object Repo/New Registration - Registration Module Pages/Third Screen - Upload Supporting Doc- Preview/Add Document Button' is clicked on

2019-01-09 12:17:23 - [MESSAGE][PASSED] - Object: 'Object Repository/Final Object Repo/New Registration - Registration Module Pages/Third Screen - Upload Supporting Doc- Preview/Add Document Button' is clicked on

2019-01-09 12:17:23 - [TEST_STEP][PASSED] - delay: Delayed 30 second(s)

2019-01-09 12:17:53 - [MESSAGE][PASSED] - Delayed 30 second(s)

2019-01-09 12:17:53 - [TEST_STEP][PASSED] - click: Object: 'Object Repository/Final Object Repo/New Registration - Registration Module Pages/Third Screen - Upload Supporting Doc- Preview/Supporting Doc Please Select Drop Down' is clicked on

2019-01-09 12:17:53 - [MESSAGE][PASSED] - Object: 'Object Repository/Final Object Repo/New Registration - Registration Module Pages/Third Screen - Upload Supporting Doc- Preview/Supporting Doc Please Select Drop Down' is clicked on

2019-01-09 12:17:53 - [TEST_STEP][PASSED] - delay: Delayed 4 second(s)

2019-01-09 12:17:57 - [MESSAGE][PASSED] - Delayed 4 second(s)

2019-01-09 12:17:57 - [TEST_STEP][PASSED] - click: Object: 'Object Repository/Final Object Repo/New Registration - Registration Module Pages/Third Screen - Upload Supporting Doc- Preview/Select to Upload Form 2' is clicked on

2019-01-09 12:17:57 - [MESSAGE][PASSED] - Object: 'Object Repository/Final Object Repo/New Registration - Registration Module Pages/Third Screen - Upload Supporting Doc- Preview/Select to Upload Form 2' is clicked on

2019-01-09 12:17:57 - [TEST_STEP][PASSED] - delay: Delayed 2 second(s)

2019-01-09 12:17:59 - [MESSAGE][PASSED] - Delayed 2 second(s)

2019-01-09 12:17:59 - [TEST_STEP][PASSED] - uploadFile: File 'C:\Users\Public\Pictures\Sample Pictures\Koala.jpg' sent to object: 'Object Repository/Final Object Repo/New Registration - Registration Module Pages/Third Screen - Upload Supporting Doc- Preview/Upload File Adding'

2019-01-09 12:17:59 - [MESSAGE][PASSED] - File 'C:\Users\Public\Pictures\Sample Pictures\Koala.jpg' sent to object: 'Object Repository/Final Object Repo/New Registration - Registration Module Pages/Third Screen - Upload Supporting Doc- Preview/Upload File Adding'

2019-01-09 12:17:59 - [TEST_STEP][PASSED] - click: Object: 'Object Repository/Final Object Repo/New Registration - Registration Module Pages/Third Screen - Upload Supporting Doc- Preview/Inner Form Add Document Button' is clicked on

2019-01-09 12:18:00 - [MESSAGE][PASSED] - Object: 'Object Repository/Final Object Repo/New Registration - Registration Module Pages/Third Screen - Upload Supporting Doc- Preview/Inner Form Add Document Button' is clicked on

2019-01-09 12:18:00 - [TEST_STEP][PASSED] - delay: Delayed 5 second(s)

2019-01-09 12:18:05 - [MESSAGE][PASSED] - Delayed 5 second(s)

2019-01-09 12:18:05 - [TEST_STEP][PASSED] - click: Object: 'Object Repository/Final Object Repo/New Registration - Registration Module Pages/Third Screen - Upload Supporting Doc- Preview/Add Document Button' is clicked on

2019-01-09 12:18:05 - [MESSAGE][PASSED] - Object: 'Object Repository/Final Object Repo/New Registration - Registration Module Pages/Third Screen - Upload Supporting Doc- Preview/Add Document Button' is clicked on

2019-01-09 12:18:05 - [TEST_STEP][PASSED] - delay: Delayed 30 second(s)

2019-01-09 12:18:35 - [MESSAGE][PASSED] - Delayed 30 second(s)

2019-01-09 12:18:35 - [TEST_STEP][PASSED] - click: Object: 'Object Repository/Final Object Repo/New Registration - Registration Module Pages/Third Screen - Upload Supporting Doc- Preview/Supporting Doc Please Select Drop Down' is clicked on

2019-01-09 12:18:35 - [MESSAGE][PASSED] - Object: 'Object Repository/Final Object Repo/New Registration - Registration Module Pages/Third Screen - Upload Supporting Doc- Preview/Supporting Doc Please Select Drop Down' is clicked on

2019-01-09 12:18:35 - [TEST_STEP][PASSED] - click: Object: 'Object Repository/Final Object Repo/New Registration - Registration Module Pages/Third Screen - Upload Supporting Doc- Preview/Select to Upload Borang SIP 1' is clicked on

2019-01-09 12:18:35 - [MESSAGE][PASSED] - Object: 'Object Repository/Final Object Repo/New Registration - Registration Module Pages/Third Screen - Upload Supporting Doc- Preview/Select to Upload Borang SIP 1' is clicked on

2019-01-09 12:18:35 - [TEST_STEP][PASSED] - delay: Delayed 2 second(s)

2019-01-09 12:18:37 - [MESSAGE][PASSED] - Delayed 2 second(s)

2019-01-09 12:18:37 - [TEST_STEP][PASSED] - uploadFile: File 'C:\Users\Public\Pictures\Sample Pictures\Koala.jpg' sent to object: 'Object Repository/Final Object Repo/New Registration - Registration Module Pages/Third Screen - Upload Supporting Doc- Preview/Upload File Adding'

2019-01-09 12:18:37 - [MESSAGE][PASSED] - File 'C:\Users\Public\Pictures\Sample Pictures\Koala.jpg' sent to object: 'Object Repository/Final Object Repo/New Registration - Registration Module Pages/Third Screen - Upload Supporting Doc- Preview/Upload File Adding'

2019-01-09 12:18:37 - [TEST_STEP][PASSED] - click: Object: 'Object Repository/Final Object Repo/New Registration - Registration Module Pages/Third Screen - Upload Supporting Doc- Preview/Inner Form Add Document Button' is clicked on

2019-01-09 12:18:37 - [MESSAGE][PASSED] - Object: 'Object Repository/Final Object Repo/New Registration - Registration Module Pages/Third Screen - Upload Supporting Doc- Preview/Inner Form Add Document Button' is clicked on

2019-01-09 12:18:37 - [TEST_STEP][PASSED] - delay: Delayed 5 second(s)

2019-01-09 12:18:42 - [MESSAGE][PASSED] - Delayed 5 second(s)

2019-01-09 12:18:42 - [TEST_STEP][PASSED] - click: Object: 'Object Repository/Final Object Repo/New Registration - Registration Module Pages/Third Screen - Upload Supporting Doc- Preview/Add Document Button' is clicked on

2019-01-09 12:18:43 - [MESSAGE][PASSED] - Object: 'Object Repository/Final Object Repo/New Registration - Registration Module Pages/Third Screen - Upload Supporting Doc- Preview/Add Document Button' is clicked on

2019-01-09 12:18:43 - [TEST_STEP][PASSED] - delay: Delayed 30 second(s)

2019-01-09 12:19:13 - [MESSAGE][PASSED] - Delayed 30 second(s)

2019-01-09 12:19:13 - [TEST_STEP][PASSED] - click: Object: 'Object Repository/Final Object Repo/New Registration - Registration Module Pages/Third Screen - Upload Supporting Doc- Preview/Supporting Doc Please Select Drop Down' is clicked on

2019-01-09 12:19:13 - [MESSAGE][PASSED] - Object: 'Object Repository/Final Object Repo/New Registration - Registration Module Pages/Third Screen - Upload Supporting Doc- Preview/Supporting Doc Please Select Drop Down' is clicked on

2019-01-09 12:19:13 - [TEST_STEP][PASSED] - delay: Delayed 3 second(s)

2019-01-09 12:19:16 - [MESSAGE][PASSED] - Delayed 3 second(s)

2019-01-09 12:19:16 - [TEST_STEP][PASSED] - click: Object: 'Object Repository/Final Object Repo/New Registration - Registration Module Pages/Third Screen - Upload Supporting Doc- Preview/Select to Upload Borang SIP 2' is clicked on

2019-01-09 12:19:16 - [MESSAGE][PASSED] - Object: 'Object Repository/Final Object Repo/New Registration - Registration Module Pages/Third Screen - Upload Supporting Doc- Preview/Select to Upload Borang SIP 2' is clicked on

2019-01-09 12:19:16 - [TEST_STEP][PASSED] - delay: Delayed 2 second(s)

2019-01-09 12:19:18 - [MESSAGE][PASSED] - Delayed 2 second(s)

2019-01-09 12:19:18 - [TEST_STEP][PASSED] - uploadFile: File 'C:\Users\Public\Pictures\Sample Pictures\Koala.jpg' sent to object: 'Object Repository/Final Object Repo/New Registration - Registration Module Pages/Third Screen - Upload Supporting Doc- Preview/Upload File Adding'

2019-01-09 12:19:18 - [MESSAGE][PASSED] - File 'C:\Users\Public\Pictures\Sample Pictures\Koala.jpg' sent to object: 'Object Repository/Final Object Repo/New Registration - Registration Module Pages/Third Screen - Upload Supporting Doc- Preview/Upload File Adding'

2019-01-09 12:19:18 - [TEST_STEP][PASSED] - delay: Delayed 5 second(s)

2019-01-09 12:19:23 - [MESSAGE][PASSED] - Delayed 5 second(s)

2019-01-09 12:19:23 - [TEST_STEP][PASSED] - click: Object: 'Object Repository/Final Object Repo/New Registration - Registration Module Pages/Third Screen - Upload Supporting Doc- Preview/Inner Form Add Document Button' is clicked on

2019-01-09 12:19:23 - [MESSAGE][PASSED] - Object: 'Object Repository/Final Object Repo/New Registration - Registration Module Pages/Third Screen - Upload Supporting Doc- Preview/Inner Form Add Document Button' is clicked on

2019-01-09 12:19:23 - [TEST_STEP][PASSED] - delay: Delayed 3 second(s)

2019-01-09 12:19:26 - [MESSAGE][PASSED] - Delayed 3 second(s)

2019-01-09 12:19:26 - [TEST_STEP][PASSED] - waitForElementClickable: Object 'Object Repository/Final Object Repo/New Registration - Registration Module Pages/Third Screen - Upload Supporting Doc- Preview/Save n Continue in Uploading Supporting Doc Page' is clickable

2019-01-09 12:19:28 - [MESSAGE][PASSED] - Object 'Object Repository/Final Object Repo/New Registration - Registration Module Pages/Third Screen - Upload Supporting Doc- Preview/Save n Continue in Uploading Supporting Doc Page' is clickable

2019-01-09 12:19:28 - [TEST_STEP][PASSED] - click: Object: 'Object Repository/Final Object Repo/New Registration - Registration Module Pages/Third Screen - Upload Supporting Doc- Preview/Save n Continue in Uploading Supporting Doc Page' is clicked on

2019-01-09 12:19:28 - [MESSAGE][PASSED] - Object: 'Object Repository/Final Object Repo/New Registration - Registration Module Pages/Third Screen - Upload Supporting Doc- Preview/Save n Continue in Uploading Supporting Doc Page' is clicked on

2019-01-09 12:19:28 - [MESSAGE][PASSED] - Call Test Case 'Test Cases/Final Aug 2018 - PKS Automation/Registration Module/New Registration/Flow of New Registration/Third Screen - Upload Supporting Doc - Preview' successfully

2019-01-09 12:19:28 - [TEST_STEP][PASSED] - callTestCase: Call Test Case 'Test Cases/Final Aug 2018 - PKS Automation/Registration Module/New Registration/Submit and Screenshot/Submit Registration and Screenshot' successfully

2019-01-09 12:19:28 - [TEST_CASE][PASSED] - Test Cases/Final Aug 2018 - PKS Automation/Registration Module/New Registration/Submit and Screenshot/Submit Registration and Screenshot: Test Cases/Final Aug 2018 - PKS Automation/Registration Module/New Registration/Submit and Screenshot/Submit Registration and Screenshot

2019-01-09 12:19:28 - [TEST_STEP][PASSED] - delay: Delayed 6 second(s)

2019-01-09 12:19:34 - [MESSAGE][PASSED] - Delayed 6 second(s)

2019-01-09 12:19:34 - [TEST_STEP][PASSED] - click: Object: 'Object Repository/Final Object Repo/New Registration - Registration Module Pages/Third Screen - Upload Supporting Doc- Preview/Preview Submit Button' is clicked on

2019-01-09 12:19:34 - [MESSAGE][PASSED] - Object: 'Object Repository/Final Object Repo/New Registration - Registration Module Pages/Third Screen - Upload Supporting Doc- Preview/Preview Submit Button' is clicked on

2019-01-09 12:19:34 - [TEST_STEP][PASSED] - delay: Delayed 2 second(s)

2019-01-09 12:19:36 - [MESSAGE][PASSED] - Delayed 2 second(s)

2019-01-09 12:19:36 - [TEST_STEP][PASSED] - click: Object: 'Object Repository/Final Object Repo/New Registration - Registration Module Pages/Third Screen - Upload Supporting Doc- Preview/Preview Submit - Confirm' is clicked on

2019-01-09 12:19:36 - [MESSAGE][PASSED] - Object: 'Object Repository/Final Object Repo/New Registration - Registration Module Pages/Third Screen - Upload Supporting Doc- Preview/Preview Submit - Confirm' is clicked on

2019-01-09 12:19:36 - [TEST_STEP][PASSED] - delay: Delayed 15 second(s)

2019-01-09 12:19:51 - [MESSAGE][PASSED] - Delayed 15 second(s)

2019-01-09 12:19:51 - [TEST_STEP][PASSED] - Statement - driver = com.kms.katalon.core.webui.driver.DriverFactory.getWebDriver(): null

2019-01-09 12:19:51 - [TEST_STEP][PASSED] - Statement - driver.manage().timeouts().implicitlyWait(10, SECONDS): null

2019-01-09 12:19:51 - [TEST_STEP][PASSED] - Statement - PresavePath = KatalonScreenshots: null

2019-01-09 12:19:51 - [TEST_STEP][PASSED] - Statement - pathPrefix = "C:\Users\Public\Pictures\Sample Pictures\Katalon Screenshots\Automate Ending Screen": null

2019-01-09 12:19:51 - [TEST_STEP][PASSED] - Statement - finalPath = <not implemented yet for class: org.codehaus.groovy.ast.expr.EmptyExpression>: null

2019-01-09 12:19:51 - [TEST_STEP][PASSED] - Statement - scrFile = driver.getScreenshotAs(FILE): null

2019-01-09 12:19:52 - [TEST_STEP][PASSED] - Statement - PreSaveFile = new java.io.File(PresavePath): null

2019-01-09 12:19:52 - [TEST_STEP][PASSED] - Statement - counter = 0: null

2019-01-09 12:19:52 - [TEST_STEP][PASSED] - Statement - If (PreSaveFile.exists()): null

2019-01-09 12:19:52 - [TEST_STEP][PASSED] - Statement - While (PreSaveFile.exists()): null

2019-01-09 12:19:52 - [TEST_STEP][PASSED] - Statement - counter = counter + 1: null

2019-01-09 12:19:52 - [TEST_STEP][PASSED] - Statement - PreSaveFile = new java.io.File(((pathPrefix + java.lang.Integer.toString(counter)) + .png)): null

2019-01-09 12:19:52 - [TEST_STEP][PASSED] - Statement - counter = counter + 1: null

2019-01-09 12:19:52 - [TEST_STEP][PASSED] - Statement - PreSaveFile = new java.io.File(((pathPrefix + java.lang.Integer.toString(counter)) + .png)): null

2019-01-09 12:19:52 - [TEST_STEP][PASSED] - Statement - counter = counter + 1: null

2019-01-09 12:19:52 - [TEST_STEP][PASSED] - Statement - PreSaveFile = new java.io.File(((pathPrefix + java.lang.Integer.toString(counter)) + .png)): null

2019-01-09 12:19:52 - [TEST_STEP][PASSED] - Statement - counter = counter + 1: null

2019-01-09 12:19:52 - [TEST_STEP][PASSED] - Statement - PreSaveFile = new java.io.File(((pathPrefix + java.lang.Integer.toString(counter)) + .png)): null

2019-01-09 12:19:52 - [TEST_STEP][PASSED] - Statement - counter = counter + 1: null

2019-01-09 12:19:52 - [TEST_STEP][PASSED] - Statement - PreSaveFile = new java.io.File(((pathPrefix + java.lang.Integer.toString(counter)) + .png)): null

2019-01-09 12:19:52 - [TEST_STEP][PASSED] - Statement - counter = counter + 1: null

2019-01-09 12:19:52 - [TEST_STEP][PASSED] - Statement - PreSaveFile = new java.io.File(((pathPrefix + java.lang.Integer.toString(counter)) + .png)): null

2019-01-09 12:19:52 - [TEST_STEP][PASSED] - Statement - counter = counter + 1: null

2019-01-09 12:19:52 - [TEST_STEP][PASSED] - Statement - PreSaveFile = new java.io.File(((pathPrefix + java.lang.Integer.toString(counter)) + .png)): null

2019-01-09 12:19:52 - [TEST_STEP][PASSED] - Statement - counter = counter + 1: null

2019-01-09 12:19:52 - [TEST_STEP][PASSED] - Statement - PreSaveFile = new java.io.File(((pathPrefix + java.lang.Integer.toString(counter)) + .png)): null

2019-01-09 12:19:52 - [TEST_STEP][PASSED] - Statement - counter = counter + 1: null

2019-01-09 12:19:52 - [TEST_STEP][PASSED] - Statement - PreSaveFile = new java.io.File(((pathPrefix + java.lang.Integer.toString(counter)) + .png)): null

2019-01-09 12:19:52 - [TEST_STEP][PASSED] - Statement - counter = counter + 1: null

2019-01-09 12:19:52 - [TEST_STEP][PASSED] - Statement - PreSaveFile = new java.io.File(((pathPrefix + java.lang.Integer.toString(counter)) + .png)): null

2019-01-09 12:19:52 - [TEST_STEP][PASSED] - Statement - counter = counter + 1: null

2019-01-09 12:19:52 - [TEST_STEP][PASSED] - Statement - PreSaveFile = new java.io.File(((pathPrefix + java.lang.Integer.toString(counter)) + .png)): null

2019-01-09 12:19:52 - [TEST_STEP][PASSED] - Statement - counter = counter + 1: null

2019-01-09 12:19:52 - [TEST_STEP][PASSED] - Statement - PreSaveFile = new java.io.File(((pathPrefix + java.lang.Integer.toString(counter)) + .png)): null

2019-01-09 12:19:52 - [TEST_STEP][PASSED] - Statement - counter = counter + 1: null

2019-01-09 12:19:52 - [TEST_STEP][PASSED] - Statement - PreSaveFile = new java.io.File(((pathPrefix + java.lang.Integer.toString(counter)) + .png)): null

2019-01-09 12:19:52 - [TEST_STEP][PASSED] - Statement - counter = counter + 1: null

2019-01-09 12:19:52 - [TEST_STEP][PASSED] - Statement - PreSaveFile = new java.io.File(((pathPrefix + java.lang.Integer.toString(counter)) + .png)): null

2019-01-09 12:19:52 - [TEST_STEP][PASSED] - Statement - counter = counter + 1: null

2019-01-09 12:19:52 - [TEST_STEP][PASSED] - Statement - PreSaveFile = new java.io.File(((pathPrefix + java.lang.Integer.toString(counter)) + .png)): null

2019-01-09 12:19:52 - [TEST_STEP][PASSED] - Statement - counter = counter + 1: null

2019-01-09 12:19:52 - [TEST_STEP][PASSED] - Statement - PreSaveFile = new java.io.File(((pathPrefix + java.lang.Integer.toString(counter)) + .png)): null

2019-01-09 12:19:52 - [TEST_STEP][PASSED] - Statement - counter = counter + 1: null

2019-01-09 12:19:52 - [TEST_STEP][PASSED] - Statement - PreSaveFile = new java.io.File(((pathPrefix + java.lang.Integer.toString(counter)) + .png)): null

2019-01-09 12:19:52 - [TEST_STEP][PASSED] - Statement - counter = counter + 1: null

2019-01-09 12:19:52 - [TEST_STEP][PASSED] - Statement - PreSaveFile = new java.io.File(((pathPrefix + java.lang.Integer.toString(counter)) + .png)): null

2019-01-09 12:19:52 - [TEST_STEP][PASSED] - Statement - counter = counter + 1: null

2019-01-09 12:19:52 - [TEST_STEP][PASSED] - Statement - PreSaveFile = new java.io.File(((pathPrefix + java.lang.Integer.toString(counter)) + .png)): null

2019-01-09 12:19:52 - [TEST_STEP][PASSED] - Statement - counter = counter + 1: null

2019-01-09 12:19:52 - [TEST_STEP][PASSED] - Statement - PreSaveFile = new java.io.File(((pathPrefix + java.lang.Integer.toString(counter)) + .png)): null

2019-01-09 12:19:52 - [TEST_STEP][PASSED] - Statement - counter = counter + 1: null

2019-01-09 12:19:52 - [TEST_STEP][PASSED] - Statement - PreSaveFile = new java.io.File(((pathPrefix + java.lang.Integer.toString(counter)) + .png)): null

2019-01-09 12:19:52 - [TEST_STEP][PASSED] - Statement - counter = counter + 1: null

2019-01-09 12:19:52 - [TEST_STEP][PASSED] - Statement - PreSaveFile = new java.io.File(((pathPrefix + java.lang.Integer.toString(counter)) + .png)): null

2019-01-09 12:19:52 - [TEST_STEP][PASSED] - Statement - counter = counter + 1: null

2019-01-09 12:19:52 - [TEST_STEP][PASSED] - Statement - PreSaveFile = new java.io.File(((pathPrefix + java.lang.Integer.toString(counter)) + .png)): null

2019-01-09 12:19:52 - [TEST_STEP][PASSED] - Statement - counter = counter + 1: null

2019-01-09 12:19:53 - [TEST_STEP][PASSED] - Statement - PreSaveFile = new java.io.File(((pathPrefix + java.lang.Integer.toString(counter)) + .png)): null

2019-01-09 12:19:53 - [TEST_STEP][PASSED] - Statement - counter = counter + 1: null

2019-01-09 12:19:53 - [TEST_STEP][PASSED] - Statement - PreSaveFile = new java.io.File(((pathPrefix + java.lang.Integer.toString(counter)) + .png)): null

2019-01-09 12:19:53 - [TEST_STEP][PASSED] - Statement - counter = counter + 1: null

2019-01-09 12:19:53 - [TEST_STEP][PASSED] - Statement - PreSaveFile = new java.io.File(((pathPrefix + java.lang.Integer.toString(counter)) + .png)): null

2019-01-09 12:19:53 - [TEST_STEP][PASSED] - Statement - counter = counter + 1: null

2019-01-09 12:19:53 - [TEST_STEP][PASSED] - Statement - PreSaveFile = new java.io.File(((pathPrefix + java.lang.Integer.toString(counter)) + .png)): null

2019-01-09 12:19:53 - [TEST_STEP][PASSED] - Statement - counter = counter + 1: null

2019-01-09 12:19:53 - [TEST_STEP][PASSED] - Statement - PreSaveFile = new java.io.File(((pathPrefix + java.lang.Integer.toString(counter)) + .png)): null

2019-01-09 12:19:53 - [TEST_STEP][PASSED] - Statement - counter = counter + 1: null

2019-01-09 12:19:53 - [TEST_STEP][PASSED] - Statement - PreSaveFile = new java.io.File(((pathPrefix + java.lang.Integer.toString(counter)) + .png)): null

2019-01-09 12:19:53 - [TEST_STEP][PASSED] - Statement - counter = counter + 1: null

2019-01-09 12:19:53 - [TEST_STEP][PASSED] - Statement - PreSaveFile = new java.io.File(((pathPrefix + java.lang.Integer.toString(counter)) + .png)): null

2019-01-09 12:19:53 - [TEST_STEP][PASSED] - Statement - counter = counter + 1: null

2019-01-09 12:19:53 - [TEST_STEP][PASSED] - Statement - PreSaveFile = new java.io.File(((pathPrefix + java.lang.Integer.toString(counter)) + .png)): null

2019-01-09 12:19:53 - [TEST_STEP][PASSED] - Statement - counter = counter + 1: null

2019-01-09 12:19:53 - [TEST_STEP][PASSED] - Statement - PreSaveFile = new java.io.File(((pathPrefix + java.lang.Integer.toString(counter)) + .png)): null

2019-01-09 12:19:53 - [TEST_STEP][PASSED] - Statement - counter = counter + 1: null

2019-01-09 12:19:53 - [TEST_STEP][PASSED] - Statement - PreSaveFile = new java.io.File(((pathPrefix + java.lang.Integer.toString(counter)) + .png)): null

2019-01-09 12:19:53 - [TEST_STEP][PASSED] - Statement - counter = counter + 1: null

2019-01-09 12:19:53 - [TEST_STEP][PASSED] - Statement - PreSaveFile = new java.io.File(((pathPrefix + java.lang.Integer.toString(counter)) + .png)): null

2019-01-09 12:19:53 - [TEST_STEP][PASSED] - Statement - counter = counter + 1: null

2019-01-09 12:19:53 - [TEST_STEP][PASSED] - Statement - PreSaveFile = new java.io.File(((pathPrefix + java.lang.Integer.toString(counter)) + .png)): null

2019-01-09 12:19:53 - [TEST_STEP][PASSED] - Statement - counter = counter + 1: null

2019-01-09 12:19:53 - [TEST_STEP][PASSED] - Statement - PreSaveFile = new java.io.File(((pathPrefix + java.lang.Integer.toString(counter)) + .png)): null

2019-01-09 12:19:53 - [TEST_STEP][PASSED] - Statement - counter = counter + 1: null

2019-01-09 12:19:53 - [TEST_STEP][PASSED] - Statement - PreSaveFile = new java.io.File(((pathPrefix + java.lang.Integer.toString(counter)) + .png)): null

2019-01-09 12:19:53 - [TEST_STEP][PASSED] - Statement - counter = counter + 1: null

2019-01-09 12:19:53 - [TEST_STEP][PASSED] - Statement - PreSaveFile = new java.io.File(((pathPrefix + java.lang.Integer.toString(counter)) + .png)): null

2019-01-09 12:19:53 - [TEST_STEP][PASSED] - Statement - counter = counter + 1: null

2019-01-09 12:19:53 - [TEST_STEP][PASSED] - Statement - PreSaveFile = new java.io.File(((pathPrefix + java.lang.Integer.toString(counter)) + .png)): null

2019-01-09 12:19:53 - [TEST_STEP][PASSED] - Statement - counter = counter + 1: null

2019-01-09 12:19:53 - [TEST_STEP][PASSED] - Statement - PreSaveFile = new java.io.File(((pathPrefix + java.lang.Integer.toString(counter)) + .png)): null

2019-01-09 12:19:53 - [TEST_STEP][PASSED] - Statement - counter = counter + 1: null

2019-01-09 12:19:53 - [TEST_STEP][PASSED] - Statement - PreSaveFile = new java.io.File(((pathPrefix + java.lang.Integer.toString(counter)) + .png)): null

2019-01-09 12:19:53 - [TEST_STEP][PASSED] - Statement - counter = counter + 1: null

2019-01-09 12:19:53 - [TEST_STEP][PASSED] - Statement - PreSaveFile = new java.io.File(((pathPrefix + java.lang.Integer.toString(counter)) + .png)): null

2019-01-09 12:19:53 - [TEST_STEP][PASSED] - Statement - counter = counter + 1: null

2019-01-09 12:19:54 - [TEST_STEP][PASSED] - Statement - PreSaveFile = new java.io.File(((pathPrefix + java.lang.Integer.toString(counter)) + .png)): null

2019-01-09 12:19:54 - [TEST_STEP][PASSED] - Statement - counter = counter + 1: null

2019-01-09 12:19:54 - [TEST_STEP][PASSED] - Statement - PreSaveFile = new java.io.File(((pathPrefix + java.lang.Integer.toString(counter)) + .png)): null

2019-01-09 12:19:54 - [TEST_STEP][PASSED] - Statement - counter = counter + 1: null

2019-01-09 12:19:54 - [TEST_STEP][PASSED] - Statement - PreSaveFile = new java.io.File(((pathPrefix + java.lang.Integer.toString(counter)) + .png)): null

2019-01-09 12:19:54 - [TEST_STEP][PASSED] - Statement - counter = counter + 1: null

2019-01-09 12:19:54 - [TEST_STEP][PASSED] - Statement - PreSaveFile = new java.io.File(((pathPrefix + java.lang.Integer.toString(counter)) + .png)): null

2019-01-09 12:19:54 - [TEST_STEP][PASSED] - Statement - counter = counter + 1: null

2019-01-09 12:19:54 - [TEST_STEP][PASSED] - Statement - PreSaveFile = new java.io.File(((pathPrefix + java.lang.Integer.toString(counter)) + .png)): null

2019-01-09 12:19:54 - [TEST_STEP][PASSED] - Statement - counter = counter + 1: null

2019-01-09 12:19:54 - [TEST_STEP][PASSED] - Statement - PreSaveFile = new java.io.File(((pathPrefix + java.lang.Integer.toString(counter)) + .png)): null

2019-01-09 12:19:54 - [TEST_STEP][PASSED] - Statement - counter = counter + 1: null

2019-01-09 12:19:54 - [TEST_STEP][PASSED] - Statement - PreSaveFile = new java.io.File(((pathPrefix + java.lang.Integer.toString(counter)) + .png)): null

2019-01-09 12:19:54 - [TEST_STEP][PASSED] - Statement - counter = counter + 1: null

2019-01-09 12:19:54 - [TEST_STEP][PASSED] - Statement - PreSaveFile = new java.io.File(((pathPrefix + java.lang.Integer.toString(counter)) + .png)): null

2019-01-09 12:19:54 - [TEST_STEP][PASSED] - Statement - counter = counter + 1: null

2019-01-09 12:19:54 - [TEST_STEP][PASSED] - Statement - PreSaveFile = new java.io.File(((pathPrefix + java.lang.Integer.toString(counter)) + .png)): null

2019-01-09 12:19:54 - [TEST_STEP][PASSED] - Statement - counter = counter + 1: null

2019-01-09 12:19:54 - [TEST_STEP][PASSED] - Statement - PreSaveFile = new java.io.File(((pathPrefix + java.lang.Integer.toString(counter)) + .png)): null

2019-01-09 12:19:54 - [TEST_STEP][PASSED] - Statement - counter = counter + 1: null

2019-01-09 12:19:54 - [TEST_STEP][PASSED] - Statement - PreSaveFile = new java.io.File(((pathPrefix + java.lang.Integer.toString(counter)) + .png)): null

2019-01-09 12:19:54 - [TEST_STEP][PASSED] - Statement - counter = counter + 1: null

2019-01-09 12:19:54 - [TEST_STEP][PASSED] - Statement - PreSaveFile = new java.io.File(((pathPrefix + java.lang.Integer.toString(counter)) + .png)): null

2019-01-09 12:19:54 - [TEST_STEP][PASSED] - Statement - counter = counter + 1: null

2019-01-09 12:19:54 - [TEST_STEP][PASSED] - Statement - PreSaveFile = new java.io.File(((pathPrefix + java.lang.Integer.toString(counter)) + .png)): null

2019-01-09 12:19:54 - [TEST_STEP][PASSED] - Statement - counter = counter + 1: null

2019-01-09 12:19:54 - [TEST_STEP][PASSED] - Statement - PreSaveFile = new java.io.File(((pathPrefix + java.lang.Integer.toString(counter)) + .png)): null

2019-01-09 12:19:54 - [TEST_STEP][PASSED] - Statement - counter = counter + 1: null

2019-01-09 12:19:54 - [TEST_STEP][PASSED] - Statement - PreSaveFile = new java.io.File(((pathPrefix + java.lang.Integer.toString(counter)) + .png)): null

2019-01-09 12:19:54 - [TEST_STEP][PASSED] - Statement - counter = counter + 1: null

2019-01-09 12:19:55 - [TEST_STEP][PASSED] - Statement - PreSaveFile = new java.io.File(((pathPrefix + java.lang.Integer.toString(counter)) + .png)): null

2019-01-09 12:19:55 - [TEST_STEP][PASSED] - Statement - counter = counter + 1: null

2019-01-09 12:19:55 - [TEST_STEP][PASSED] - Statement - PreSaveFile = new java.io.File(((pathPrefix + java.lang.Integer.toString(counter)) + .png)): null

2019-01-09 12:19:55 - [TEST_STEP][PASSED] - Statement - counter = counter + 1: null

2019-01-09 12:19:55 - [TEST_STEP][PASSED] - Statement - PreSaveFile = new java.io.File(((pathPrefix + java.lang.Integer.toString(counter)) + .png)): null

2019-01-09 12:19:55 - [TEST_STEP][PASSED] - Statement - counter = counter + 1: null

2019-01-09 12:19:55 - [TEST_STEP][PASSED] - Statement - PreSaveFile = new java.io.File(((pathPrefix + java.lang.Integer.toString(counter)) + .png)): null

2019-01-09 12:19:55 - [TEST_STEP][PASSED] - Statement - counter = counter + 1: null

2019-01-09 12:19:55 - [TEST_STEP][PASSED] - Statement - PreSaveFile = new java.io.File(((pathPrefix + java.lang.Integer.toString(counter)) + .png)): null

2019-01-09 12:19:55 - [TEST_STEP][PASSED] - Statement - counter = counter + 1: null

2019-01-09 12:19:55 - [TEST_STEP][PASSED] - Statement - PreSaveFile = new java.io.File(((pathPrefix + java.lang.Integer.toString(counter)) + .png)): null

2019-01-09 12:19:55 - [TEST_STEP][PASSED] - Statement - finalPath = pathPrefix + java.lang.Integer.toString(counter) + ".png": null

2019-01-09 12:19:55 - [TEST_STEP][PASSED] - Statement - SaveFile = new java.io.File(finalPath): null

2019-01-09 12:19:55 - [TEST_STEP][PASSED] - Statement - Try: null

2019-01-09 12:19:55 - [TEST_STEP][PASSED] - Statement - org.apache.commons.io.FileUtils.copyFile(scrFile, SaveFile): null

2019-01-09 12:19:55 - [TEST_STEP][PASSED] - Statement - out.println("file kept"): null

2019-01-09 12:19:55 - [TEST_STEP][PASSED] - delay: Delayed 10 second(s)

2019-01-09 12:20:05 - [MESSAGE][PASSED] - Delayed 10 second(s)

2019-01-09 12:20:05 - [MESSAGE][PASSED] - Call Test Case 'Test Cases/Final Aug 2018 - PKS Automation/Registration Module/New Registration/Submit and Screenshot/Submit Registration and Screenshot' successfully

2019-01-09 12:20:05 - [TEST_STEP][PASSED] - callTestCase: Call Test Case 'Test Cases/Final Aug 2018 - PKS Automation/Registration Module/Log Out/log out avoiding katalon tagging' successfully

2019-01-09 12:20:05 - [TEST_CASE][PASSED] - Test Cases/Final Aug 2018 - PKS Automation/Registration Module/Log Out/log out avoiding katalon tagging: Test Cases/Final Aug 2018 - PKS Automation/Registration Module/Log Out/log out avoiding katalon tagging

2019-01-09 12:20:05 - [TEST_STEP][PASSED] - navigateToUrl: Navigate to 'https://assist2-uat.perkeso.gov.my/c/portal/logout' successfully

2019-01-09 12:20:06 - [MESSAGE][PASSED] - Navigate to 'https://assist2-uat.perkeso.gov.my/c/portal/logout' successfully

2019-01-09 12:20:06 - [MESSAGE][PASSED] - Call Test Case 'Test Cases/Final Aug 2018 - PKS Automation/Registration Module/Log Out/log out avoiding katalon tagging' successfully

2019-01-09 12:20:06 - [TEST_STEP][PASSED] - callTestCase: Call Test Case 'Test Cases/Final Aug 2018 - PKS Automation/Common/Workflow Owner Finder' successfully

2019-01-09 12:20:06 - [TEST_CASE][PASSED] - Test Cases/Final Aug 2018 - PKS Automation/Common/Workflow Owner Finder: Test Cases/Final Aug 2018 - PKS Automation/Common/Workflow Owner Finder

2019-01-09 12:20:06 - [TEST_STEP][PASSED] - openBrowser: Browser is opened with url: ''

2019-01-09 12:20:06 - [MESSAGE][WARNING] - A browser is already opened. Closing browser and opening a new one

2019-01-09 12:20:09 - [MESSAGE][PASSED] - Browser is opened with url: ''

2019-01-09 12:20:09 - [TEST_STEP][PASSED] - navigateToUrl: Navigate to 'https://assist2-uat.perkeso.gov.my/login' successfully

2019-01-09 12:20:10 - [MESSAGE][PASSED] - Navigate to 'https://assist2-uat.perkeso.gov.my/login' successfully

2019-01-09 12:20:10 - [TEST_STEP][PASSED] - delay: Delayed 5 second(s)

2019-01-09 12:20:15 - [MESSAGE][PASSED] - Delayed 5 second(s)

2019-01-09 12:20:15 - [TEST_STEP][PASSED] - setText: Text 'test@liferay.com' is set on object 'Object Repository/Final Object Repo/Login Page/Internal User/Email Address'

2019-01-09 12:20:15 - [MESSAGE][PASSED] - Text 'test@liferay.com' is set on object 'Object Repository/Final Object Repo/Login Page/Internal User/Email Address'

2019-01-09 12:20:15 - [TEST_STEP][PASSED] - click: Object: 'Object Repository/Final Object Repo/Login Page/Internal User/Next Button' is clicked on

2019-01-09 12:20:15 - [MESSAGE][PASSED] - Object: 'Object Repository/Final Object Repo/Login Page/Internal User/Next Button' is clicked on

2019-01-09 12:20:15 - [TEST_STEP][PASSED] - delay: Delayed 2 second(s)

2019-01-09 12:20:17 - [MESSAGE][PASSED] - Delayed 2 second(s)

2019-01-09 12:20:17 - [TEST_STEP][PASSED] - setText: Text 'test' is set on object 'Object Repository/Final Object Repo/Login Page/Internal User/Password'

2019-01-09 12:20:18 - [MESSAGE][PASSED] - Text 'test' is set on object 'Object Repository/Final Object Repo/Login Page/Internal User/Password'

2019-01-09 12:20:18 - [TEST_STEP][PASSED] - delay: Delayed 2 second(s)

2019-01-09 12:20:20 - [MESSAGE][PASSED] - Delayed 2 second(s)

2019-01-09 12:20:20 - [TEST_STEP][PASSED] - click: Object: 'Object Repository/Final Object Repo/Login Page/Internal User/Login Button' is clicked on

2019-01-09 12:20:20 - [MESSAGE][PASSED] - Object: 'Object Repository/Final Object Repo/Login Page/Internal User/Login Button' is clicked on

2019-01-09 12:20:20 - [TEST_STEP][PASSED] - Statement - tester = com.kms.katalon.core.testobject.ObjectRepository.findTestObject(Final Object Repo/Landing Page/Select to English): Finding Test Object with id 'Object Repository/Final Object Repo/Landing Page/Select to English'

2019-01-09 12:20:20 - [TEST_STEP][PASSED] - Statement - Try: Delayed 2 second(s)

2019-01-09 12:20:20 - [TEST_STEP][PASSED] - Statement - Checker = com.kms.katalon.core.webui.keyword.WebUiBuiltInKeywords.verifyElementNotPresent(tester, 3): Web element with id: 'Object Repository/Final Object Repo/Landing Page/Select to English' located by 'By.xpath: //a[@class = 'taglib-language-list-text' and @lang = 'en-US' and (contains(text(), 'EN') or contains(., 'EN'))]' is not present after '3' second(s)

2019-01-09 12:20:22 - [MESSAGE][PASSED] - Web element with id: 'Object Repository/Final Object Repo/Landing Page/Select to English' located by 'By.xpath: //a[@class = 'taglib-language-list-text' and @lang = 'en-US' and (contains(text(), 'EN') or contains(., 'EN'))]' is not present after '3' second(s)

2019-01-09 12:20:22 - [TEST_STEP][PASSED] - Statement - If (Checker == false): null

2019-01-09 12:20:22 - [TEST_STEP][PASSED] - delay: Delayed 2 second(s)

2019-01-09 12:20:24 - [MESSAGE][PASSED] - Delayed 2 second(s)

2019-01-09 12:20:24 - [TEST_STEP][PASSED] - delay: Delayed 5 second(s)

2019-01-09 12:20:29 - [MESSAGE][PASSED] - Delayed 5 second(s)

2019-01-09 12:20:29 - [TEST_STEP][PASSED] - mouseOver: Object: 'Object Repository/Final Object Repo/Landing Page/WorkFlow Menu' is hovered

2019-01-09 12:20:29 - [MESSAGE][PASSED] - Object: 'Object Repository/Final Object Repo/Landing Page/WorkFlow Menu' is hovered

2019-01-09 12:20:29 - [TEST_STEP][PASSED] - delay: Delayed 2 second(s)

2019-01-09 12:20:31 - [MESSAGE][PASSED] - Delayed 2 second(s)

2019-01-09 12:20:31 - [TEST_STEP][PASSED] - click: Object: 'Object Repository/Final Object Repo/Landing Page/Select to Workflow Listing' is clicked on

2019-01-09 12:20:32 - [MESSAGE][PASSED] - Object: 'Object Repository/Final Object Repo/Landing Page/Select to Workflow Listing' is clicked on

2019-01-09 12:20:32 - [TEST_STEP][PASSED] - delay: Delayed 2 second(s)

2019-01-09 12:20:34 - [MESSAGE][PASSED] - Delayed 2 second(s)

2019-01-09 12:20:34 - [TEST_STEP][PASSED] - click: Object: 'Object Repository/Final Object Repo/WorkFlow Listing Page/Search Information - To Put Ref No' is clicked on

2019-01-09 12:20:34 - [MESSAGE][PASSED] - Object: 'Object Repository/Final Object Repo/WorkFlow Listing Page/Search Information - To Put Ref No' is clicked on

2019-01-09 12:20:34 - [TEST_STEP][PASSED] - delay: Delayed 2 second(s)

2019-01-09 12:20:36 - [MESSAGE][PASSED] - Delayed 2 second(s)

2019-01-09 12:20:36 - [TEST_STEP][PASSED] - callTestCase: Call Test Case 'Test Cases/Final Aug 2018 - PKS Automation/Common/Reference Number Getter' successfully

2019-01-09 12:20:36 - [TEST_CASE][PASSED] - Test Cases/Final Aug 2018 - PKS Automation/Common/Reference Number Getter: Test Cases/Final Aug 2018 - PKS Automation/Common/Reference Number Getter

2019-01-09 12:20:36 - [TEST_STEP][PASSED] - Statement - Try: null

2019-01-09 12:20:36 - [TEST_STEP][PASSED] - Statement - RefNo = new java.io.File(C://Users//Admin//Desktop//PKS//Automation Reference Point//KatalonReference.txt): null

2019-01-09 12:20:36 - [TEST_STEP][PASSED] - Statement - bufferread = new java.io.BufferedReader(new java.io.FileReader(RefNo)): null

2019-01-09 12:20:36 - [TEST_STEP][PASSED] - Statement - readedVal = bufferread.readLine(): null

2019-01-09 12:20:36 - [TEST_STEP][PASSED] - Statement - out.println(CaseReferenceNo): null

2019-01-09 12:20:36 - [TEST_STEP][PASSED] - Statement - out.println(readedVal): null

2019-01-09 12:20:36 - [TEST_STEP][PASSED] - Statement - CaseReferenceNo = "": null

2019-01-09 12:20:36 - [TEST_STEP][PASSED] - Statement - CaseReferenceNo = readedVal: null

2019-01-09 12:20:36 - [MESSAGE][PASSED] - Call Test Case 'Test Cases/Final Aug 2018 - PKS Automation/Common/Reference Number Getter' successfully

2019-01-09 12:20:36 - [TEST_STEP][PASSED] - setText: Text 'CRN01201900123680' is set on object 'Object Repository/Final Object Repo/WorkFlow Listing Page/Ref No Set Text'

2019-01-09 12:20:37 - [MESSAGE][PASSED] - Text 'CRN01201900123680' is set on object 'Object Repository/Final Object Repo/WorkFlow Listing Page/Ref No Set Text'

2019-01-09 12:20:37 - [TEST_STEP][PASSED] - delay: Delayed 2 second(s)

2019-01-09 12:20:39 - [MESSAGE][PASSED] - Delayed 2 second(s)

2019-01-09 12:20:39 - [TEST_STEP][PASSED] - click: Object: 'Object Repository/Final Object Repo/WorkFlow Listing Page/Search Ref No Search Button' is clicked on

2019-01-09 12:20:39 - [MESSAGE][PASSED] - Object: 'Object Repository/Final Object Repo/WorkFlow Listing Page/Search Ref No Search Button' is clicked on

2019-01-09 12:20:39 - [TEST_STEP][PASSED] - delay: Delayed 6 second(s)

2019-01-09 12:20:45 - [MESSAGE][PASSED] - Delayed 6 second(s)

2019-01-09 12:20:45 - [TEST_STEP][PASSED] - click: Object: 'Object Repository/Final Object Repo/WorkFlow Listing Page/Click Continue Tooltip' is clicked on

2019-01-09 12:20:46 - [MESSAGE][PASSED] - Object: 'Object Repository/Final Object Repo/WorkFlow Listing Page/Click Continue Tooltip' is clicked on

2019-01-09 12:20:46 - [TEST_STEP][PASSED] - delay: Delayed 5 second(s)

2019-01-09 12:20:51 - [MESSAGE][PASSED] - Delayed 5 second(s)

2019-01-09 12:20:51 - [TEST_STEP][PASSED] - doubleClick: Object: 'Object Repository/Final Object Repo/WorkFlow Listing Page/Workflow Found - Listing 1' is double clicked on

2019-01-09 12:20:51 - [MESSAGE][PASSED] - Object: 'Object Repository/Final Object Repo/WorkFlow Listing Page/Workflow Found - Listing 1' is double clicked on

2019-01-09 12:20:51 - [TEST_STEP][PASSED] - Statement - println(OwnerID): null

2019-01-09 12:20:51 - [TEST_STEP][PASSED] - Statement - OwnerID = com.kms.katalon.core.webui.keyword.WebUiBuiltInKeywords.getText(com.kms.katalon.core.testobject.ObjectRepository.findTestObject(Final Object Repo/WorkFlow Listing Page/Workflow Found - Listing 1), STOP_ON_FAILURE): Text of object 'Object Repository/Final Object Repo/WorkFlow Listing Page/Workflow Found - Listing 1' is: 'KLpkrbo2'

2019-01-09 12:20:52 - [MESSAGE][PASSED] - Text of object 'Object Repository/Final Object Repo/WorkFlow Listing Page/Workflow Found - Listing 1' is: 'KLpkrbo2'

2019-01-09 12:20:52 - [TEST_STEP][PASSED] - Statement - OwnerID = OwnerID.toLowerCase() + "@gmail.com": null

2019-01-09 12:20:52 - [TEST_STEP][PASSED] - Statement - println(OwnerID): null

2019-01-09 12:20:52 - [TEST_STEP][PASSED] - delay: Delayed 2 second(s)

2019-01-09 12:20:54 - [MESSAGE][PASSED] - Delayed 2 second(s)

2019-01-09 12:20:54 - [MESSAGE][PASSED] - Call Test Case 'Test Cases/Final Aug 2018 - PKS Automation/Common/Workflow Owner Finder' successfully

2019-01-09 12:20:54 - [TEST_STEP][PASSED] - callTestCase: Call Test Case 'Test Cases/Final Aug 2018 - PKS Automation/Registration Module/Log Out/log out avoiding katalon tagging' successfully

2019-01-09 12:20:54 - [TEST_CASE][PASSED] - Test Cases/Final Aug 2018 - PKS Automation/Registration Module/Log Out/log out avoiding katalon tagging: Test Cases/Final Aug 2018 - PKS Automation/Registration Module/Log Out/log out avoiding katalon tagging

2019-01-09 12:20:54 - [TEST_STEP][PASSED] - navigateToUrl: Navigate to 'https://assist2-uat.perkeso.gov.my/c/portal/logout' successfully

2019-01-09 12:20:54 - [MESSAGE][PASSED] - Navigate to 'https://assist2-uat.perkeso.gov.my/c/portal/logout' successfully

2019-01-09 12:20:54 - [MESSAGE][PASSED] - Call Test Case 'Test Cases/Final Aug 2018 - PKS Automation/Registration Module/Log Out/log out avoiding katalon tagging' successfully

2019-01-09 12:20:54 - [TEST_STEP][PASSED] - delay: Delayed 2 second(s)

2019-01-09 12:20:56 - [MESSAGE][PASSED] - Delayed 2 second(s)

2019-01-09 12:20:56 - [TEST_STEP][PASSED] - setText: Text 'klpkrbo2@gmail.com' is set on object 'Object Repository/Final Object Repo/New Registration - Registration Module Pages/New Reg - OTC to RO/Special Case - All Related Objects/Email TextBox'

2019-01-09 12:20:57 - [MESSAGE][PASSED] - Text 'klpkrbo2@gmail.com' is set on object 'Object Repository/Final Object Repo/New Registration - Registration Module Pages/New Reg - OTC to RO/Special Case - All Related Objects/Email TextBox'

2019-01-09 12:20:57 - [TEST_STEP][PASSED] - click: Object: 'Object Repository/Final Object Repo/New Registration - Registration Module Pages/New Reg - OTC to RO/Special Case - All Related Objects/Next Button' is clicked on

2019-01-09 12:20:57 - [MESSAGE][PASSED] - Object: 'Object Repository/Final Object Repo/New Registration - Registration Module Pages/New Reg - OTC to RO/Special Case - All Related Objects/Next Button' is clicked on

2019-01-09 12:20:57 - [TEST_STEP][PASSED] - delay: Delayed 2 second(s)

2019-01-09 12:20:59 - [MESSAGE][PASSED] - Delayed 2 second(s)

2019-01-09 12:20:59 - [TEST_STEP][PASSED] - setText: Text 'Test1@3456789' is set on object 'Object Repository/Final Object Repo/New Registration - Registration Module Pages/New Reg - OTC to RO/Special Case - All Related Objects/Password TextBox'

2019-01-09 12:20:59 - [MESSAGE][PASSED] - Text 'Test1@3456789' is set on object 'Object Repository/Final Object Repo/New Registration - Registration Module Pages/New Reg - OTC to RO/Special Case - All Related Objects/Password TextBox'

2019-01-09 12:20:59 - [TEST_STEP][PASSED] - delay: Delayed 2 second(s)

2019-01-09 12:21:01 - [MESSAGE][PASSED] - Delayed 2 second(s)

2019-01-09 12:21:01 - [TEST_STEP][PASSED] - click: Object: 'Object Repository/Final Object Repo/New Registration - Registration Module Pages/New Reg - OTC to RO/Special Case - All Related Objects/Login Button' is clicked on

2019-01-09 12:21:01 - [MESSAGE][PASSED] - Object: 'Object Repository/Final Object Repo/New Registration - Registration Module Pages/New Reg - OTC to RO/Special Case - All Related Objects/Login Button' is clicked on

2019-01-09 12:21:01 - [TEST_STEP][PASSED] - delay: Delayed 2 second(s)

2019-01-09 12:21:03 - [MESSAGE][PASSED] - Delayed 2 second(s)

2019-01-09 12:21:03 - [TEST_STEP][PASSED] - Statement - Try: null

2019-01-09 12:21:03 - [TEST_STEP][PASSED] - Statement - Checker = com.kms.katalon.core.webui.keyword.WebUiBuiltInKeywords.verifyElementNotPresent("Final Object Repo/Landing Page/Select to English", 3): null

2019-01-09 12:21:03 - [TEST_STEP][PASSED] - Statement - Catch (Exception e): null

2019-01-09 12:21:03 - [TEST_STEP][PASSED] - Statement - e.printStackTrace(): null

2019-01-09 12:21:03 - [TEST_STEP][PASSED] - click: Object: 'Object Repository/Final Object Repo/New Registration - Registration Module Pages/New Reg - OTC to RO/Special Case - All Related Objects/Expand to Search' is clicked on

2019-01-09 12:21:04 - [MESSAGE][PASSED] - Object: 'Object Repository/Final Object Repo/New Registration - Registration Module Pages/New Reg - OTC to RO/Special Case - All Related Objects/Expand to Search' is clicked on

2019-01-09 12:21:04 - [TEST_STEP][PASSED] - delay: Delayed 2 second(s)

2019-01-09 12:21:06 - [MESSAGE][PASSED] - Delayed 2 second(s)

2019-01-09 12:21:06 - [TEST_STEP][PASSED] - setText: Text 'CRN01201900123680' is set on object 'Object Repository/Final Object Repo/New Registration - Registration Module Pages/New Reg - OTC to RO/Special Case - All Related Objects/TextBox RefNo in Workbasket'

2019-01-09 12:21:06 - [MESSAGE][PASSED] - Text 'CRN01201900123680' is set on object 'Object Repository/Final Object Repo/New Registration - Registration Module Pages/New Reg - OTC to RO/Special Case - All Related Objects/TextBox RefNo in Workbasket'

2019-01-09 12:21:06 - [TEST_STEP][PASSED] - delay: Delayed 2 second(s)

2019-01-09 12:21:08 - [MESSAGE][PASSED] - Delayed 2 second(s)

2019-01-09 12:21:08 - [TEST_STEP][PASSED] - click: Object: 'Object Repository/Final Object Repo/New Registration - Registration Module Pages/New Reg - OTC to RO/Special Case - All Related Objects/Click Search' is clicked on

2019-01-09 12:21:08 - [MESSAGE][PASSED] - Object: 'Object Repository/Final Object Repo/New Registration - Registration Module Pages/New Reg - OTC to RO/Special Case - All Related Objects/Click Search' is clicked on

2019-01-09 12:21:08 - [TEST_STEP][PASSED] - delay: Delayed 2 second(s)

2019-01-09 12:21:10 - [MESSAGE][PASSED] - Delayed 2 second(s)

2019-01-09 12:21:10 - [TEST_STEP][PASSED] - click: Object: 'Object Repository/Final Object Repo/New Registration - Registration Module Pages/New Reg - OTC to RO/Special Case - All Related Objects/Click to Continue Workflow' is clicked on

2019-01-09 12:21:12 - [MESSAGE][PASSED] - Object: 'Object Repository/Final Object Repo/New Registration - Registration Module Pages/New Reg - OTC to RO/Special Case - All Related Objects/Click to Continue Workflow' is clicked on

2019-01-09 12:21:12 - [TEST_STEP][PASSED] - delay: Delayed 2 second(s)

2019-01-09 12:21:14 - [MESSAGE][PASSED] - Delayed 2 second(s)

2019-01-09 12:21:14 - [TEST_STEP][PASSED] - click: Object: 'Object Repository/Final Object Repo/New Registration - Registration Module Pages/New Reg - OTC to RO/Special Case - All Related Objects/Form 1 Save n Continue' is clicked on

2019-01-09 12:21:14 - [MESSAGE][PASSED] - Object: 'Object Repository/Final Object Repo/New Registration - Registration Module Pages/New Reg - OTC to RO/Special Case - All Related Objects/Form 1 Save n Continue' is clicked on

2019-01-09 12:21:14 - [TEST_STEP][PASSED] - delay: Delayed 5 second(s)

2019-01-09 12:21:19 - [MESSAGE][PASSED] - Delayed 5 second(s)

2019-01-09 12:21:19 - [TEST_STEP][PASSED] - click: Object: 'Object Repository/Final Object Repo/New Registration - Registration Module Pages/New Reg - OTC to RO/Special Case - OTC - Form 1/Confirm No Flagging as Branch' is clicked on

2019-01-09 12:21:19 - [MESSAGE][PASSED] - Object: 'Object Repository/Final Object Repo/New Registration - Registration Module Pages/New Reg - OTC to RO/Special Case - OTC - Form 1/Confirm No Flagging as Branch' is clicked on

2019-01-09 12:21:19 - [TEST_STEP][PASSED] - delay: Delayed 2 second(s)

2019-01-09 12:21:21 - [MESSAGE][PASSED] - Delayed 2 second(s)

2019-01-09 12:21:21 - [TEST_STEP][PASSED] - click: Object: 'Object Repository/Final Object Repo/New Registration - Registration Module Pages/New Reg - OTC to RO/Special Case - All Related Objects/Form 2 Save n Continue' is clicked on

2019-01-09 12:21:21 - [MESSAGE][PASSED] - Object: 'Object Repository/Final Object Repo/New Registration - Registration Module Pages/New Reg - OTC to RO/Special Case - All Related Objects/Form 2 Save n Continue' is clicked on

2019-01-09 12:21:21 - [TEST_STEP][PASSED] - delay: Delayed 4 second(s)

2019-01-09 12:21:25 - [MESSAGE][PASSED] - Delayed 4 second(s)

2019-01-09 12:21:25 - [TEST_STEP][PASSED] - click: Object: 'Object Repository/Final Object Repo/New Registration - Registration Module Pages/New Reg - OTC to RO/Special Case - All Related Objects/Third Screen Save n Continue' is clicked on

2019-01-09 12:21:31 - [MESSAGE][PASSED] - Object: 'Object Repository/Final Object Repo/New Registration - Registration Module Pages/New Reg - OTC to RO/Special Case - All Related Objects/Third Screen Save n Continue' is clicked on

2019-01-09 12:21:31 - [TEST_STEP][PASSED] - delay: Delayed 5 second(s)

2019-01-09 12:21:36 - [MESSAGE][PASSED] - Delayed 5 second(s)

2019-01-09 12:21:36 - [TEST_STEP][PASSED] - click: Object: 'Object Repository/Final Object Repo/New Registration - Registration Module Pages/New Reg - OTC to RO/Special Case - All Related Objects/Upload Doc Page Save n Continue' is clicked on

2019-01-09 12:21:36 - [MESSAGE][PASSED] - Object: 'Object Repository/Final Object Repo/New Registration - Registration Module Pages/New Reg - OTC to RO/Special Case - All Related Objects/Upload Doc Page Save n Continue' is clicked on

2019-01-09 12:21:36 - [TEST_STEP][PASSED] - callTestCase: Call Test Case 'Test Cases/Final Aug 2018 - PKS Automation/Registration Module/New Registration/Submit and Screenshot/Submit Registration and Screenshot' successfully

2019-01-09 12:21:36 - [TEST_CASE][PASSED] - Test Cases/Final Aug 2018 - PKS Automation/Registration Module/New Registration/Submit and Screenshot/Submit Registration and Screenshot: Test Cases/Final Aug 2018 - PKS Automation/Registration Module/New Registration/Submit and Screenshot/Submit Registration and Screenshot

2019-01-09 12:21:36 - [TEST_STEP][PASSED] - delay: Delayed 6 second(s)

2019-01-09 12:21:42 - [MESSAGE][PASSED] - Delayed 6 second(s)

2019-01-09 12:21:42 - [TEST_STEP][PASSED] - click: Object: 'Object Repository/Final Object Repo/New Registration - Registration Module Pages/Third Screen - Upload Supporting Doc- Preview/Preview Submit Button' is clicked on

2019-01-09 12:21:42 - [MESSAGE][PASSED] - Object: 'Object Repository/Final Object Repo/New Registration - Registration Module Pages/Third Screen - Upload Supporting Doc- Preview/Preview Submit Button' is clicked on

2019-01-09 12:21:42 - [TEST_STEP][PASSED] - delay: Delayed 2 second(s)

2019-01-09 12:21:44 - [MESSAGE][PASSED] - Delayed 2 second(s)

2019-01-09 12:21:44 - [TEST_STEP][PASSED] - click: Object: 'Object Repository/Final Object Repo/New Registration - Registration Module Pages/Third Screen - Upload Supporting Doc- Preview/Preview Submit - Confirm' is clicked on

2019-01-09 12:21:44 - [MESSAGE][PASSED] - Object: 'Object Repository/Final Object Repo/New Registration - Registration Module Pages/Third Screen - Upload Supporting Doc- Preview/Preview Submit - Confirm' is clicked on

2019-01-09 12:21:44 - [TEST_STEP][PASSED] - delay: Delayed 15 second(s)

2019-01-09 12:21:59 - [MESSAGE][PASSED] - Delayed 15 second(s)

2019-01-09 12:21:59 - [TEST_STEP][PASSED] - Statement - driver = com.kms.katalon.core.webui.driver.DriverFactory.getWebDriver(): null

2019-01-09 12:21:59 - [TEST_STEP][PASSED] - Statement - driver.manage().timeouts().implicitlyWait(10, SECONDS): null

2019-01-09 12:21:59 - [TEST_STEP][PASSED] - Statement - PresavePath = KatalonScreenshots: null

2019-01-09 12:21:59 - [TEST_STEP][PASSED] - Statement - pathPrefix = "C:\Users\Public\Pictures\Sample Pictures\Katalon Screenshots\Automate Ending Screen": null

2019-01-09 12:21:59 - [TEST_STEP][PASSED] - Statement - finalPath = <not implemented yet for class: org.codehaus.groovy.ast.expr.EmptyExpression>: null

2019-01-09 12:21:59 - [TEST_STEP][PASSED] - Statement - scrFile = driver.getScreenshotAs(FILE): null

2019-01-09 12:22:00 - [TEST_STEP][PASSED] - Statement - PreSaveFile = new java.io.File(PresavePath): null

2019-01-09 12:22:00 - [TEST_STEP][PASSED] - Statement - counter = 0: null

2019-01-09 12:22:00 - [TEST_STEP][PASSED] - Statement - If (PreSaveFile.exists()): null

2019-01-09 12:22:00 - [TEST_STEP][PASSED] - Statement - While (PreSaveFile.exists()): null

2019-01-09 12:22:00 - [TEST_STEP][PASSED] - Statement - counter = counter + 1: null

2019-01-09 12:22:00 - [TEST_STEP][PASSED] - Statement - PreSaveFile = new java.io.File(((pathPrefix + java.lang.Integer.toString(counter)) + .png)): null

2019-01-09 12:22:00 - [TEST_STEP][PASSED] - Statement - counter = counter + 1: null

2019-01-09 12:22:00 - [TEST_STEP][PASSED] - Statement - PreSaveFile = new java.io.File(((pathPrefix + java.lang.Integer.toString(counter)) + .png)): null

2019-01-09 12:22:00 - [TEST_STEP][PASSED] - Statement - counter = counter + 1: null

2019-01-09 12:22:00 - [TEST_STEP][PASSED] - Statement - PreSaveFile = new java.io.File(((pathPrefix + java.lang.Integer.toString(counter)) + .png)): null

2019-01-09 12:22:00 - [TEST_STEP][PASSED] - Statement - counter = counter + 1: null

2019-01-09 12:22:00 - [TEST_STEP][PASSED] - Statement - PreSaveFile = new java.io.File(((pathPrefix + java.lang.Integer.toString(counter)) + .png)): null

2019-01-09 12:22:00 - [TEST_STEP][PASSED] - Statement - counter = counter + 1: null

2019-01-09 12:22:00 - [TEST_STEP][PASSED] - Statement - PreSaveFile = new java.io.File(((pathPrefix + java.lang.Integer.toString(counter)) + .png)): null

2019-01-09 12:22:00 - [TEST_STEP][PASSED] - Statement - counter = counter + 1: null

2019-01-09 12:22:00 - [TEST_STEP][PASSED] - Statement - PreSaveFile = new java.io.File(((pathPrefix + java.lang.Integer.toString(counter)) + .png)): null

2019-01-09 12:22:00 - [TEST_STEP][PASSED] - Statement - counter = counter + 1: null

2019-01-09 12:22:00 - [TEST_STEP][PASSED] - Statement - PreSaveFile = new java.io.File(((pathPrefix + java.lang.Integer.toString(counter)) + .png)): null

2019-01-09 12:22:00 - [TEST_STEP][PASSED] - Statement - counter = counter + 1: null

2019-01-09 12:22:00 - [TEST_STEP][PASSED] - Statement - PreSaveFile = new java.io.File(((pathPrefix + java.lang.Integer.toString(counter)) + .png)): null

2019-01-09 12:22:00 - [TEST_STEP][PASSED] - Statement - counter = counter + 1: null

2019-01-09 12:22:00 - [TEST_STEP][PASSED] - Statement - PreSaveFile = new java.io.File(((pathPrefix + java.lang.Integer.toString(counter)) + .png)): null

2019-01-09 12:22:00 - [TEST_STEP][PASSED] - Statement - counter = counter + 1: null

2019-01-09 12:22:00 - [TEST_STEP][PASSED] - Statement - PreSaveFile = new java.io.File(((pathPrefix + java.lang.Integer.toString(counter)) + .png)): null

2019-01-09 12:22:00 - [TEST_STEP][PASSED] - Statement - counter = counter + 1: null

2019-01-09 12:22:00 - [TEST_STEP][PASSED] - Statement - PreSaveFile = new java.io.File(((pathPrefix + java.lang.Integer.toString(counter)) + .png)): null

2019-01-09 12:22:00 - [TEST_STEP][PASSED] - Statement - counter = counter + 1: null

2019-01-09 12:22:00 - [TEST_STEP][PASSED] - Statement - PreSaveFile = new java.io.File(((pathPrefix + java.lang.Integer.toString(counter)) + .png)): null

2019-01-09 12:22:00 - [TEST_STEP][PASSED] - Statement - counter = counter + 1: null

2019-01-09 12:22:00 - [TEST_STEP][PASSED] - Statement - PreSaveFile = new java.io.File(((pathPrefix + java.lang.Integer.toString(counter)) + .png)): null

2019-01-09 12:22:00 - [TEST_STEP][PASSED] - Statement - counter = counter + 1: null

2019-01-09 12:22:00 - [TEST_STEP][PASSED] - Statement - PreSaveFile = new java.io.File(((pathPrefix + java.lang.Integer.toString(counter)) + .png)): null

2019-01-09 12:22:00 - [TEST_STEP][PASSED] - Statement - counter = counter + 1: null

2019-01-09 12:22:00 - [TEST_STEP][PASSED] - Statement - PreSaveFile = new java.io.File(((pathPrefix + java.lang.Integer.toString(counter)) + .png)): null

2019-01-09 12:22:00 - [TEST_STEP][PASSED] - Statement - counter = counter + 1: null

2019-01-09 12:22:00 - [TEST_STEP][PASSED] - Statement - PreSaveFile = new java.io.File(((pathPrefix + java.lang.Integer.toString(counter)) + .png)): null

2019-01-09 12:22:00 - [TEST_STEP][PASSED] - Statement - counter = counter + 1: null

2019-01-09 12:22:00 - [TEST_STEP][PASSED] - Statement - PreSaveFile = new java.io.File(((pathPrefix + java.lang.Integer.toString(counter)) + .png)): null

2019-01-09 12:22:00 - [TEST_STEP][PASSED] - Statement - counter = counter + 1: null

2019-01-09 12:22:00 - [TEST_STEP][PASSED] - Statement - PreSaveFile = new java.io.File(((pathPrefix + java.lang.Integer.toString(counter)) + .png)): null

2019-01-09 12:22:00 - [TEST_STEP][PASSED] - Statement - counter = counter + 1: null

2019-01-09 12:22:00 - [TEST_STEP][PASSED] - Statement - PreSaveFile = new java.io.File(((pathPrefix + java.lang.Integer.toString(counter)) + .png)): null

2019-01-09 12:22:00 - [TEST_STEP][PASSED] - Statement - counter = counter + 1: null

2019-01-09 12:22:00 - [TEST_STEP][PASSED] - Statement - PreSaveFile = new java.io.File(((pathPrefix + java.lang.Integer.toString(counter)) + .png)): null

2019-01-09 12:22:01 - [TEST_STEP][PASSED] - Statement - counter = counter + 1: null

2019-01-09 12:22:01 - [TEST_STEP][PASSED] - Statement - PreSaveFile = new java.io.File(((pathPrefix + java.lang.Integer.toString(counter)) + .png)): null

2019-01-09 12:22:01 - [TEST_STEP][PASSED] - Statement - counter = counter + 1: null

2019-01-09 12:22:01 - [TEST_STEP][PASSED] - Statement - PreSaveFile = new java.io.File(((pathPrefix + java.lang.Integer.toString(counter)) + .png)): null

2019-01-09 12:22:01 - [TEST_STEP][PASSED] - Statement - counter = counter + 1: null

2019-01-09 12:22:01 - [TEST_STEP][PASSED] - Statement - PreSaveFile = new java.io.File(((pathPrefix + java.lang.Integer.toString(counter)) + .png)): null

2019-01-09 12:22:01 - [TEST_STEP][PASSED] - Statement - counter = counter + 1: null

2019-01-09 12:22:01 - [TEST_STEP][PASSED] - Statement - PreSaveFile = new java.io.File(((pathPrefix + java.lang.Integer.toString(counter)) + .png)): null

2019-01-09 12:22:01 - [TEST_STEP][PASSED] - Statement - counter = counter + 1: null

2019-01-09 12:22:01 - [TEST_STEP][PASSED] - Statement - PreSaveFile = new java.io.File(((pathPrefix + java.lang.Integer.toString(counter)) + .png)): null

2019-01-09 12:22:01 - [TEST_STEP][PASSED] - Statement - counter = counter + 1: null

2019-01-09 12:22:01 - [TEST_STEP][PASSED] - Statement - PreSaveFile = new java.io.File(((pathPrefix + java.lang.Integer.toString(counter)) + .png)): null

2019-01-09 12:22:01 - [TEST_STEP][PASSED] - Statement - counter = counter + 1: null

2019-01-09 12:22:01 - [TEST_STEP][PASSED] - Statement - PreSaveFile = new java.io.File(((pathPrefix + java.lang.Integer.toString(counter)) + .png)): null

2019-01-09 12:22:01 - [TEST_STEP][PASSED] - Statement - counter = counter + 1: null

2019-01-09 12:22:01 - [TEST_STEP][PASSED] - Statement - PreSaveFile = new java.io.File(((pathPrefix + java.lang.Integer.toString(counter)) + .png)): null

2019-01-09 12:22:01 - [TEST_STEP][PASSED] - Statement - counter = counter + 1: null

2019-01-09 12:22:01 - [TEST_STEP][PASSED] - Statement - PreSaveFile = new java.io.File(((pathPrefix + java.lang.Integer.toString(counter)) + .png)): null

2019-01-09 12:22:01 - [TEST_STEP][PASSED] - Statement - counter = counter + 1: null

2019-01-09 12:22:01 - [TEST_STEP][PASSED] - Statement - PreSaveFile = new java.io.File(((pathPrefix + java.lang.Integer.toString(counter)) + .png)): null

2019-01-09 12:22:01 - [TEST_STEP][PASSED] - Statement - counter = counter + 1: null

2019-01-09 12:22:01 - [TEST_STEP][PASSED] - Statement - PreSaveFile = new java.io.File(((pathPrefix + java.lang.Integer.toString(counter)) + .png)): null

2019-01-09 12:22:01 - [TEST_STEP][PASSED] - Statement - counter = counter + 1: null

2019-01-09 12:22:01 - [TEST_STEP][PASSED] - Statement - PreSaveFile = new java.io.File(((pathPrefix + java.lang.Integer.toString(counter)) + .png)): null

2019-01-09 12:22:01 - [TEST_STEP][PASSED] - Statement - counter = counter + 1: null

2019-01-09 12:22:01 - [TEST_STEP][PASSED] - Statement - PreSaveFile = new java.io.File(((pathPrefix + java.lang.Integer.toString(counter)) + .png)): null

2019-01-09 12:22:01 - [TEST_STEP][PASSED] - Statement - counter = counter + 1: null

2019-01-09 12:22:01 - [TEST_STEP][PASSED] - Statement - PreSaveFile = new java.io.File(((pathPrefix + java.lang.Integer.toString(counter)) + .png)): null

2019-01-09 12:22:01 - [TEST_STEP][PASSED] - Statement - counter = counter + 1: null

2019-01-09 12:22:01 - [TEST_STEP][PASSED] - Statement - PreSaveFile = new java.io.File(((pathPrefix + java.lang.Integer.toString(counter)) + .png)): null

2019-01-09 12:22:01 - [TEST_STEP][PASSED] - Statement - counter = counter + 1: null

2019-01-09 12:22:01 - [TEST_STEP][PASSED] - Statement - PreSaveFile = new java.io.File(((pathPrefix + java.lang.Integer.toString(counter)) + .png)): null

2019-01-09 12:22:01 - [TEST_STEP][PASSED] - Statement - counter = counter + 1: null

2019-01-09 12:22:01 - [TEST_STEP][PASSED] - Statement - PreSaveFile = new java.io.File(((pathPrefix + java.lang.Integer.toString(counter)) + .png)): null

2019-01-09 12:22:01 - [TEST_STEP][PASSED] - Statement - counter = counter + 1: null

2019-01-09 12:22:01 - [TEST_STEP][PASSED] - Statement - PreSaveFile = new java.io.File(((pathPrefix + java.lang.Integer.toString(counter)) + .png)): null

2019-01-09 12:22:01 - [TEST_STEP][PASSED] - Statement - counter = counter + 1: null

2019-01-09 12:22:01 - [TEST_STEP][PASSED] - Statement - PreSaveFile = new java.io.File(((pathPrefix + java.lang.Integer.toString(counter)) + .png)): null

2019-01-09 12:22:01 - [TEST_STEP][PASSED] - Statement - counter = counter + 1: null

2019-01-09 12:22:01 - [TEST_STEP][PASSED] - Statement - PreSaveFile = new java.io.File(((pathPrefix + java.lang.Integer.toString(counter)) + .png)): null

2019-01-09 12:22:01 - [TEST_STEP][PASSED] - Statement - counter = counter + 1: null

2019-01-09 12:22:01 - [TEST_STEP][PASSED] - Statement - PreSaveFile = new java.io.File(((pathPrefix + java.lang.Integer.toString(counter)) + .png)): null

2019-01-09 12:22:01 - [TEST_STEP][PASSED] - Statement - counter = counter + 1: null

2019-01-09 12:22:01 - [TEST_STEP][PASSED] - Statement - PreSaveFile = new java.io.File(((pathPrefix + java.lang.Integer.toString(counter)) + .png)): null

2019-01-09 12:22:01 - [TEST_STEP][PASSED] - Statement - counter = counter + 1: null

2019-01-09 12:22:01 - [TEST_STEP][PASSED] - Statement - PreSaveFile = new java.io.File(((pathPrefix + java.lang.Integer.toString(counter)) + .png)): null

2019-01-09 12:22:01 - [TEST_STEP][PASSED] - Statement - counter = counter + 1: null

2019-01-09 12:22:02 - [TEST_STEP][PASSED] - Statement - PreSaveFile = new java.io.File(((pathPrefix + java.lang.Integer.toString(counter)) + .png)): null

2019-01-09 12:22:02 - [TEST_STEP][PASSED] - Statement - counter = counter + 1: null

2019-01-09 12:22:02 - [TEST_STEP][PASSED] - Statement - PreSaveFile = new java.io.File(((pathPrefix + java.lang.Integer.toString(counter)) + .png)): null

2019-01-09 12:22:02 - [TEST_STEP][PASSED] - Statement - counter = counter + 1: null

2019-01-09 12:22:02 - [TEST_STEP][PASSED] - Statement - PreSaveFile = new java.io.File(((pathPrefix + java.lang.Integer.toString(counter)) + .png)): null

2019-01-09 12:22:02 - [TEST_STEP][PASSED] - Statement - counter = counter + 1: null

2019-01-09 12:22:02 - [TEST_STEP][PASSED] - Statement - PreSaveFile = new java.io.File(((pathPrefix + java.lang.Integer.toString(counter)) + .png)): null

2019-01-09 12:22:02 - [TEST_STEP][PASSED] - Statement - counter = counter + 1: null

2019-01-09 12:22:02 - [TEST_STEP][PASSED] - Statement - PreSaveFile = new java.io.File(((pathPrefix + java.lang.Integer.toString(counter)) + .png)): null

2019-01-09 12:22:02 - [TEST_STEP][PASSED] - Statement - counter = counter + 1: null

2019-01-09 12:22:02 - [TEST_STEP][PASSED] - Statement - PreSaveFile = new java.io.File(((pathPrefix + java.lang.Integer.toString(counter)) + .png)): null

2019-01-09 12:22:02 - [TEST_STEP][PASSED] - Statement - counter = counter + 1: null

2019-01-09 12:22:02 - [TEST_STEP][PASSED] - Statement - PreSaveFile = new java.io.File(((pathPrefix + java.lang.Integer.toString(counter)) + .png)): null

2019-01-09 12:22:02 - [TEST_STEP][PASSED] - Statement - counter = counter + 1: null

2019-01-09 12:22:02 - [TEST_STEP][PASSED] - Statement - PreSaveFile = new java.io.File(((pathPrefix + java.lang.Integer.toString(counter)) + .png)): null

2019-01-09 12:22:02 - [TEST_STEP][PASSED] - Statement - counter = counter + 1: null

2019-01-09 12:22:02 - [TEST_STEP][PASSED] - Statement - PreSaveFile = new java.io.File(((pathPrefix + java.lang.Integer.toString(counter)) + .png)): null

2019-01-09 12:22:02 - [TEST_STEP][PASSED] - Statement - counter = counter + 1: null

2019-01-09 12:22:02 - [TEST_STEP][PASSED] - Statement - PreSaveFile = new java.io.File(((pathPrefix + java.lang.Integer.toString(counter)) + .png)): null

2019-01-09 12:22:02 - [TEST_STEP][PASSED] - Statement - counter = counter + 1: null

2019-01-09 12:22:02 - [TEST_STEP][PASSED] - Statement - PreSaveFile = new java.io.File(((pathPrefix + java.lang.Integer.toString(counter)) + .png)): null

2019-01-09 12:22:02 - [TEST_STEP][PASSED] - Statement - counter = counter + 1: null

2019-01-09 12:22:02 - [TEST_STEP][PASSED] - Statement - PreSaveFile = new java.io.File(((pathPrefix + java.lang.Integer.toString(counter)) + .png)): null

2019-01-09 12:22:02 - [TEST_STEP][PASSED] - Statement - counter = counter + 1: null

2019-01-09 12:22:02 - [TEST_STEP][PASSED] - Statement - PreSaveFile = new java.io.File(((pathPrefix + java.lang.Integer.toString(counter)) + .png)): null

2019-01-09 12:22:02 - [TEST_STEP][PASSED] - Statement - counter = counter + 1: null

2019-01-09 12:22:02 - [TEST_STEP][PASSED] - Statement - PreSaveFile = new java.io.File(((pathPrefix + java.lang.Integer.toString(counter)) + .png)): null

2019-01-09 12:22:02 - [TEST_STEP][PASSED] - Statement - counter = counter + 1: null

2019-01-09 12:22:03 - [TEST_STEP][PASSED] - Statement - PreSaveFile = new java.io.File(((pathPrefix + java.lang.Integer.toString(counter)) + .png)): null

2019-01-09 12:22:03 - [TEST_STEP][PASSED] - Statement - counter = counter + 1: null

2019-01-09 12:22:03 - [TEST_STEP][PASSED] - Statement - PreSaveFile = new java.io.File(((pathPrefix + java.lang.Integer.toString(counter)) + .png)): null

2019-01-09 12:22:03 - [TEST_STEP][PASSED] - Statement - counter = counter + 1: null

2019-01-09 12:22:03 - [TEST_STEP][PASSED] - Statement - PreSaveFile = new java.io.File(((pathPrefix + java.lang.Integer.toString(counter)) + .png)): null

2019-01-09 12:22:03 - [TEST_STEP][PASSED] - Statement - counter = counter + 1: null

2019-01-09 12:22:03 - [TEST_STEP][PASSED] - Statement - PreSaveFile = new java.io.File(((pathPrefix + java.lang.Integer.toString(counter)) + .png)): null

2019-01-09 12:22:03 - [TEST_STEP][PASSED] - Statement - counter = counter + 1: null

2019-01-09 12:22:03 - [TEST_STEP][PASSED] - Statement - PreSaveFile = new java.io.File(((pathPrefix + java.lang.Integer.toString(counter)) + .png)): null

2019-01-09 12:22:03 - [TEST_STEP][PASSED] - Statement - counter = counter + 1: null

2019-01-09 12:22:03 - [TEST_STEP][PASSED] - Statement - PreSaveFile = new java.io.File(((pathPrefix + java.lang.Integer.toString(counter)) + .png)): null

2019-01-09 12:22:03 - [TEST_STEP][PASSED] - Statement - counter = counter + 1: null

2019-01-09 12:22:03 - [TEST_STEP][PASSED] - Statement - PreSaveFile = new java.io.File(((pathPrefix + java.lang.Integer.toString(counter)) + .png)): null

2019-01-09 12:22:03 - [TEST_STEP][PASSED] - Statement - finalPath = pathPrefix + java.lang.Integer.toString(counter) + ".png": null

2019-01-09 12:22:03 - [TEST_STEP][PASSED] - Statement - SaveFile = new java.io.File(finalPath): null

2019-01-09 12:22:03 - [TEST_STEP][PASSED] - Statement - Try: null

2019-01-09 12:22:03 - [TEST_STEP][PASSED] - Statement - org.apache.commons.io.FileUtils.copyFile(scrFile, SaveFile): null

2019-01-09 12:22:03 - [TEST_STEP][PASSED] - Statement - out.println("file kept"): null

2019-01-09 12:22:03 - [TEST_STEP][PASSED] - delay: Delayed 10 second(s)

2019-01-09 12:22:13 - [MESSAGE][PASSED] - Delayed 10 second(s)

2019-01-09 12:22:13 - [MESSAGE][PASSED] - Call Test Case 'Test Cases/Final Aug 2018 - PKS Automation/Registration Module/New Registration/Submit and Screenshot/Submit Registration and Screenshot' successfully

2019-01-09 12:22:13 - [TEST_STEP][PASSED] - delay: Delayed 5 second(s)

2019-01-09 12:22:18 - [MESSAGE][PASSED] - Delayed 5 second(s)

2019-01-09 12:22:18 - [TEST_STEP][PASSED] - callTestCase: Call Test Case 'Test Cases/Final Aug 2018 - PKS Automation/Registration Module/Log Out/log out avoiding katalon tagging' successfully

2019-01-09 12:22:18 - [TEST_CASE][PASSED] - Test Cases/Final Aug 2018 - PKS Automation/Registration Module/Log Out/log out avoiding katalon tagging: Test Cases/Final Aug 2018 - PKS Automation/Registration Module/Log Out/log out avoiding katalon tagging

2019-01-09 12:22:18 - [TEST_STEP][PASSED] - navigateToUrl: Navigate to 'https://assist2-uat.perkeso.gov.my/c/portal/logout' successfully

2019-01-09 12:22:19 - [MESSAGE][PASSED] - Navigate to 'https://assist2-uat.perkeso.gov.my/c/portal/logout' successfully

2019-01-09 12:22:19 - [MESSAGE][PASSED] - Call Test Case 'Test Cases/Final Aug 2018 - PKS Automation/Registration Module/Log Out/log out avoiding katalon tagging' successfully

2019-01-09 12:22:19 - [TEST_STEP][PASSED] - callTestCase: Call Test Case 'Test Cases/Final Aug 2018 - PKS Automation/Common/Workflow Owner Finder' successfully

2019-01-09 12:22:19 - [TEST_CASE][PASSED] - Test Cases/Final Aug 2018 - PKS Automation/Common/Workflow Owner Finder: Test Cases/Final Aug 2018 - PKS Automation/Common/Workflow Owner Finder

2019-01-09 12:22:19 - [TEST_STEP][PASSED] - openBrowser: Browser is opened with url: ''

2019-01-09 12:22:19 - [MESSAGE][WARNING] - A browser is already opened. Closing browser and opening a new one

2019-01-09 12:22:22 - [MESSAGE][PASSED] - Browser is opened with url: ''

2019-01-09 12:22:22 - [TEST_STEP][PASSED] - navigateToUrl: Navigate to 'https://assist2-uat.perkeso.gov.my/login' successfully

2019-01-09 12:22:23 - [MESSAGE][PASSED] - Navigate to 'https://assist2-uat.perkeso.gov.my/login' successfully

2019-01-09 12:22:23 - [TEST_STEP][PASSED] - delay: Delayed 5 second(s)

2019-01-09 12:22:28 - [MESSAGE][PASSED] - Delayed 5 second(s)

2019-01-09 12:22:28 - [TEST_STEP][PASSED] - setText: Text 'test@liferay.com' is set on object 'Object Repository/Final Object Repo/Login Page/Internal User/Email Address'

2019-01-09 12:22:29 - [MESSAGE][PASSED] - Text 'test@liferay.com' is set on object 'Object Repository/Final Object Repo/Login Page/Internal User/Email Address'

2019-01-09 12:22:29 - [TEST_STEP][PASSED] - click: Object: 'Object Repository/Final Object Repo/Login Page/Internal User/Next Button' is clicked on

2019-01-09 12:22:29 - [MESSAGE][PASSED] - Object: 'Object Repository/Final Object Repo/Login Page/Internal User/Next Button' is clicked on

2019-01-09 12:22:29 - [TEST_STEP][PASSED] - delay: Delayed 2 second(s)

2019-01-09 12:22:31 - [MESSAGE][PASSED] - Delayed 2 second(s)

2019-01-09 12:22:31 - [TEST_STEP][PASSED] - setText: Text 'test' is set on object 'Object Repository/Final Object Repo/Login Page/Internal User/Password'

2019-01-09 12:22:31 - [MESSAGE][PASSED] - Text 'test' is set on object 'Object Repository/Final Object Repo/Login Page/Internal User/Password'

2019-01-09 12:22:31 - [TEST_STEP][PASSED] - delay: Delayed 2 second(s)

2019-01-09 12:22:33 - [MESSAGE][PASSED] - Delayed 2 second(s)

2019-01-09 12:22:33 - [TEST_STEP][PASSED] - click: Object: 'Object Repository/Final Object Repo/Login Page/Internal User/Login Button' is clicked on

2019-01-09 12:22:33 - [MESSAGE][PASSED] - Object: 'Object Repository/Final Object Repo/Login Page/Internal User/Login Button' is clicked on

2019-01-09 12:22:33 - [TEST_STEP][PASSED] - Statement - tester = com.kms.katalon.core.testobject.ObjectRepository.findTestObject(Final Object Repo/Landing Page/Select to English): Finding Test Object with id 'Object Repository/Final Object Repo/Landing Page/Select to English'

2019-01-09 12:22:33 - [TEST_STEP][PASSED] - Statement - Try: Delayed 2 second(s)

2019-01-09 12:22:33 - [TEST_STEP][PASSED] - Statement - Checker = com.kms.katalon.core.webui.keyword.WebUiBuiltInKeywords.verifyElementNotPresent(tester, 3): Web element with id: 'Object Repository/Final Object Repo/Landing Page/Select to English' located by 'By.xpath: //a[@class = 'taglib-language-list-text' and @lang = 'en-US' and (contains(text(), 'EN') or contains(., 'EN'))]' is not present after '3' second(s)

2019-01-09 12:22:38 - [MESSAGE][PASSED] - Web element with id: 'Object Repository/Final Object Repo/Landing Page/Select to English' located by 'By.xpath: //a[@class = 'taglib-language-list-text' and @lang = 'en-US' and (contains(text(), 'EN') or contains(., 'EN'))]' is not present after '3' second(s)

2019-01-09 12:22:38 - [TEST_STEP][PASSED] - Statement - If (Checker == false): null

2019-01-09 12:22:38 - [TEST_STEP][PASSED] - delay: Delayed 2 second(s)

2019-01-09 12:22:40 - [MESSAGE][PASSED] - Delayed 2 second(s)

2019-01-09 12:22:40 - [TEST_STEP][PASSED] - delay: Delayed 5 second(s)

2019-01-09 12:22:45 - [MESSAGE][PASSED] - Delayed 5 second(s)

2019-01-09 12:22:45 - [TEST_STEP][PASSED] - mouseOver: Object: 'Object Repository/Final Object Repo/Landing Page/WorkFlow Menu' is hovered

2019-01-09 12:22:45 - [MESSAGE][PASSED] - Object: 'Object Repository/Final Object Repo/Landing Page/WorkFlow Menu' is hovered

2019-01-09 12:22:45 - [TEST_STEP][PASSED] - delay: Delayed 2 second(s)

2019-01-09 12:22:47 - [MESSAGE][PASSED] - Delayed 2 second(s)

2019-01-09 12:22:47 - [TEST_STEP][PASSED] - click: Object: 'Object Repository/Final Object Repo/Landing Page/Select to Workflow Listing' is clicked on

2019-01-09 12:22:48 - [MESSAGE][PASSED] - Object: 'Object Repository/Final Object Repo/Landing Page/Select to Workflow Listing' is clicked on

2019-01-09 12:22:48 - [TEST_STEP][PASSED] - delay: Delayed 2 second(s)

2019-01-09 12:22:50 - [MESSAGE][PASSED] - Delayed 2 second(s)

2019-01-09 12:22:50 - [TEST_STEP][PASSED] - click: Object: 'Object Repository/Final Object Repo/WorkFlow Listing Page/Search Information - To Put Ref No' is clicked on

2019-01-09 12:22:50 - [MESSAGE][PASSED] - Object: 'Object Repository/Final Object Repo/WorkFlow Listing Page/Search Information - To Put Ref No' is clicked on

2019-01-09 12:22:50 - [TEST_STEP][PASSED] - delay: Delayed 2 second(s)

2019-01-09 12:22:52 - [MESSAGE][PASSED] - Delayed 2 second(s)

2019-01-09 12:22:52 - [TEST_STEP][PASSED] - callTestCase: Call Test Case 'Test Cases/Final Aug 2018 - PKS Automation/Common/Reference Number Getter' successfully

2019-01-09 12:22:52 - [TEST_CASE][PASSED] - Test Cases/Final Aug 2018 - PKS Automation/Common/Reference Number Getter: Test Cases/Final Aug 2018 - PKS Automation/Common/Reference Number Getter

2019-01-09 12:22:52 - [TEST_STEP][PASSED] - Statement - Try: null

2019-01-09 12:22:52 - [TEST_STEP][PASSED] - Statement - RefNo = new java.io.File(C://Users//Admin//Desktop//PKS//Automation Reference Point//KatalonReference.txt): null

2019-01-09 12:22:52 - [TEST_STEP][PASSED] - Statement - bufferread = new java.io.BufferedReader(new java.io.FileReader(RefNo)): null

2019-01-09 12:22:52 - [TEST_STEP][PASSED] - Statement - readedVal = bufferread.readLine(): null

2019-01-09 12:22:52 - [TEST_STEP][PASSED] - Statement - out.println(CaseReferenceNo): null

2019-01-09 12:22:52 - [TEST_STEP][PASSED] - Statement - out.println(readedVal): null

2019-01-09 12:22:52 - [TEST_STEP][PASSED] - Statement - CaseReferenceNo = "": null

2019-01-09 12:22:52 - [TEST_STEP][PASSED] - Statement - CaseReferenceNo = readedVal: null

2019-01-09 12:22:52 - [MESSAGE][PASSED] - Call Test Case 'Test Cases/Final Aug 2018 - PKS Automation/Common/Reference Number Getter' successfully

2019-01-09 12:22:52 - [TEST_STEP][PASSED] - setText: Text 'CRN01201900123680' is set on object 'Object Repository/Final Object Repo/WorkFlow Listing Page/Ref No Set Text'

2019-01-09 12:22:53 - [MESSAGE][PASSED] - Text 'CRN01201900123680' is set on object 'Object Repository/Final Object Repo/WorkFlow Listing Page/Ref No Set Text'

2019-01-09 12:22:53 - [TEST_STEP][PASSED] - delay: Delayed 2 second(s)

2019-01-09 12:22:55 - [MESSAGE][PASSED] - Delayed 2 second(s)

2019-01-09 12:22:55 - [TEST_STEP][PASSED] - click: Object: 'Object Repository/Final Object Repo/WorkFlow Listing Page/Search Ref No Search Button' is clicked on

2019-01-09 12:22:55 - [MESSAGE][PASSED] - Object: 'Object Repository/Final Object Repo/WorkFlow Listing Page/Search Ref No Search Button' is clicked on

2019-01-09 12:22:55 - [TEST_STEP][PASSED] - delay: Delayed 6 second(s)

2019-01-09 12:23:01 - [MESSAGE][PASSED] - Delayed 6 second(s)

2019-01-09 12:23:01 - [TEST_STEP][PASSED] - click: Object: 'Object Repository/Final Object Repo/WorkFlow Listing Page/Click Continue Tooltip' is clicked on

2019-01-09 12:23:03 - [MESSAGE][PASSED] - Object: 'Object Repository/Final Object Repo/WorkFlow Listing Page/Click Continue Tooltip' is clicked on

2019-01-09 12:23:03 - [TEST_STEP][PASSED] - delay: Delayed 5 second(s)

2019-01-09 12:23:08 - [MESSAGE][PASSED] - Delayed 5 second(s)

2019-01-09 12:23:08 - [TEST_STEP][PASSED] - doubleClick: Object: 'Object Repository/Final Object Repo/WorkFlow Listing Page/Workflow Found - Listing 1' is double clicked on

2019-01-09 12:23:08 - [MESSAGE][PASSED] - Object: 'Object Repository/Final Object Repo/WorkFlow Listing Page/Workflow Found - Listing 1' is double clicked on

2019-01-09 12:23:08 - [TEST_STEP][PASSED] - Statement - println(OwnerID): null

2019-01-09 12:23:08 - [TEST_STEP][PASSED] - Statement - OwnerID = com.kms.katalon.core.webui.keyword.WebUiBuiltInKeywords.getText(com.kms.katalon.core.testobject.ObjectRepository.findTestObject(Final Object Repo/WorkFlow Listing Page/Workflow Found - Listing 1), STOP_ON_FAILURE): Text of object 'Object Repository/Final Object Repo/WorkFlow Listing Page/Workflow Found - Listing 1' is: 'KLpkrbo2'

2019-01-09 12:23:08 - [MESSAGE][PASSED] - Text of object 'Object Repository/Final Object Repo/WorkFlow Listing Page/Workflow Found - Listing 1' is: 'KLpkrbo2'

2019-01-09 12:23:08 - [TEST_STEP][PASSED] - Statement - OwnerID = OwnerID.toLowerCase() + "@gmail.com": null

2019-01-09 12:23:08 - [TEST_STEP][PASSED] - Statement - println(OwnerID): null

2019-01-09 12:23:08 - [TEST_STEP][PASSED] - delay: Delayed 2 second(s)

2019-01-09 12:23:10 - [MESSAGE][PASSED] - Delayed 2 second(s)

2019-01-09 12:23:10 - [MESSAGE][PASSED] - Call Test Case 'Test Cases/Final Aug 2018 - PKS Automation/Common/Workflow Owner Finder' successfully

2019-01-09 12:23:10 - [TEST_STEP][PASSED] - callTestCase: Call Test Case 'Test Cases/Final Aug 2018 - PKS Automation/Registration Module/Log Out/log out avoiding katalon tagging' successfully

2019-01-09 12:23:10 - [TEST_CASE][PASSED] - Test Cases/Final Aug 2018 - PKS Automation/Registration Module/Log Out/log out avoiding katalon tagging: Test Cases/Final Aug 2018 - PKS Automation/Registration Module/Log Out/log out avoiding katalon tagging

2019-01-09 12:23:10 - [TEST_STEP][PASSED] - navigateToUrl: Navigate to 'https://assist2-uat.perkeso.gov.my/c/portal/logout' successfully

2019-01-09 12:23:11 - [MESSAGE][PASSED] - Navigate to 'https://assist2-uat.perkeso.gov.my/c/portal/logout' successfully

2019-01-09 12:23:11 - [MESSAGE][PASSED] - Call Test Case 'Test Cases/Final Aug 2018 - PKS Automation/Registration Module/Log Out/log out avoiding katalon tagging' successfully

2019-01-09 12:23:11 - [TEST_STEP][PASSED] - delay: Delayed 2 second(s)

2019-01-09 12:23:13 - [MESSAGE][PASSED] - Delayed 2 second(s)

2019-01-09 12:23:13 - [TEST_STEP][PASSED] - setText: Text 'klpkrbo2@gmail.com' is set on object 'Object Repository/Final Object Repo/New Registration - Registration Module Pages/New Reg - OTC to RO/Special Case - All Related Objects/Email TextBox'

2019-01-09 12:23:13 - [MESSAGE][PASSED] - Text 'klpkrbo2@gmail.com' is set on object 'Object Repository/Final Object Repo/New Registration - Registration Module Pages/New Reg - OTC to RO/Special Case - All Related Objects/Email TextBox'

2019-01-09 12:23:14 - [TEST_STEP][PASSED] - click: Object: 'Object Repository/Final Object Repo/New Registration - Registration Module Pages/New Reg - OTC to RO/Special Case - All Related Objects/Next Button' is clicked on

2019-01-09 12:23:14 - [MESSAGE][PASSED] - Object: 'Object Repository/Final Object Repo/New Registration - Registration Module Pages/New Reg - OTC to RO/Special Case - All Related Objects/Next Button' is clicked on

2019-01-09 12:23:14 - [TEST_STEP][PASSED] - delay: Delayed 2 second(s)

2019-01-09 12:23:16 - [MESSAGE][PASSED] - Delayed 2 second(s)

2019-01-09 12:23:16 - [TEST_STEP][PASSED] - setText: Text 'Test1@3456789' is set on object 'Object Repository/Final Object Repo/New Registration - Registration Module Pages/New Reg - OTC to RO/Special Case - All Related Objects/Password TextBox'

2019-01-09 12:23:16 - [MESSAGE][PASSED] - Text 'Test1@3456789' is set on object 'Object Repository/Final Object Repo/New Registration - Registration Module Pages/New Reg - OTC to RO/Special Case - All Related Objects/Password TextBox'

2019-01-09 12:23:16 - [TEST_STEP][PASSED] - delay: Delayed 2 second(s)

2019-01-09 12:23:18 - [MESSAGE][PASSED] - Delayed 2 second(s)

2019-01-09 12:23:18 - [TEST_STEP][PASSED] - click: Object: 'Object Repository/Final Object Repo/New Registration - Registration Module Pages/New Reg - OTC to RO/Special Case - All Related Objects/Login Button' is clicked on

2019-01-09 12:23:18 - [MESSAGE][PASSED] - Object: 'Object Repository/Final Object Repo/New Registration - Registration Module Pages/New Reg - OTC to RO/Special Case - All Related Objects/Login Button' is clicked on

2019-01-09 12:23:18 - [TEST_STEP][PASSED] - delay: Delayed 2 second(s)

2019-01-09 12:23:20 - [MESSAGE][PASSED] - Delayed 2 second(s)

2019-01-09 12:23:20 - [TEST_STEP][PASSED] - Statement - Try: null

2019-01-09 12:23:20 - [TEST_STEP][PASSED] - Statement - Checker = com.kms.katalon.core.webui.keyword.WebUiBuiltInKeywords.verifyElementNotPresent("Final Object Repo/Landing Page/Select to English", 3): null

2019-01-09 12:23:20 - [TEST_STEP][PASSED] - Statement - Catch (Exception e): null

2019-01-09 12:23:20 - [TEST_STEP][PASSED] - Statement - e.printStackTrace(): null

2019-01-09 12:23:20 - [TEST_STEP][PASSED] - click: Object: 'Object Repository/Final Object Repo/New Registration - Registration Module Pages/New Reg - OTC to RO/Special Case - All Related Objects/Expand to Search' is clicked on

2019-01-09 12:23:20 - [MESSAGE][PASSED] - Object: 'Object Repository/Final Object Repo/New Registration - Registration Module Pages/New Reg - OTC to RO/Special Case - All Related Objects/Expand to Search' is clicked on

2019-01-09 12:23:20 - [TEST_STEP][PASSED] - delay: Delayed 2 second(s)

2019-01-09 12:23:22 - [MESSAGE][PASSED] - Delayed 2 second(s)

2019-01-09 12:23:22 - [TEST_STEP][PASSED] - setText: Text 'CRN01201900123680' is set on object 'Object Repository/Final Object Repo/New Registration - Registration Module Pages/New Reg - OTC to RO/Special Case - All Related Objects/TextBox RefNo in Workbasket'

2019-01-09 12:23:23 - [MESSAGE][PASSED] - Text 'CRN01201900123680' is set on object 'Object Repository/Final Object Repo/New Registration - Registration Module Pages/New Reg - OTC to RO/Special Case - All Related Objects/TextBox RefNo in Workbasket'

2019-01-09 12:23:23 - [TEST_STEP][PASSED] - delay: Delayed 2 second(s)

2019-01-09 12:23:25 - [MESSAGE][PASSED] - Delayed 2 second(s)

2019-01-09 12:23:25 - [TEST_STEP][PASSED] - click: Object: 'Object Repository/Final Object Repo/New Registration - Registration Module Pages/New Reg - OTC to RO/Special Case - All Related Objects/Click Search' is clicked on

2019-01-09 12:23:25 - [MESSAGE][PASSED] - Object: 'Object Repository/Final Object Repo/New Registration - Registration Module Pages/New Reg - OTC to RO/Special Case - All Related Objects/Click Search' is clicked on

2019-01-09 12:23:25 - [TEST_STEP][PASSED] - delay: Delayed 2 second(s)

2019-01-09 12:23:27 - [MESSAGE][PASSED] - Delayed 2 second(s)

2019-01-09 12:23:27 - [TEST_STEP][PASSED] - click: Object: 'Object Repository/Final Object Repo/New Registration - Registration Module Pages/New Reg - OTC to RO/Special Case - All Related Objects/Click to Continue Workflow' is clicked on

2019-01-09 12:23:29 - [MESSAGE][PASSED] - Object: 'Object Repository/Final Object Repo/New Registration - Registration Module Pages/New Reg - OTC to RO/Special Case - All Related Objects/Click to Continue Workflow' is clicked on

2019-01-09 12:23:29 - [TEST_STEP][PASSED] - delay: Delayed 2 second(s)

2019-01-09 12:23:31 - [MESSAGE][PASSED] - Delayed 2 second(s)

2019-01-09 12:23:31 - [TEST_STEP][FAILED] - click: Unable to click on object 'Object Repository/Final Object Repo/New Registration - Registration Module Pages/New Reg - OTC to RO/Special Case - All Related Objects/Continue Button in verifying case' (Root cause: org.openqa.selenium.ElementNotVisibleException: element not interactable
  (Session info: chrome=71.0.3578.98)
  (Driver info: chromedriver=2.43.600210 (68dcf5eebde37173d4027fa8635e332711d2874a),platform=Windows NT 6.1.7601 SP1 x86_64) (WARNING: The server did not provide any stacktrace information)
Command duration or timeout: 0 milliseconds
Build info: version: '3.7.1', revision: '8a0099a', time: '2017-11-06T21:07:36.161Z'
System info: host: 'WIN7TEST02', ip: '10.20.3.72', os.name: 'Windows 7', os.arch: 'amd64', os.version: '6.1', java.version: '1.8.0_181'
Driver info: com.kms.katalon.selenium.driver.CChromeDriver
Capabilities {acceptInsecureCerts: false, acceptSslCerts: false, applicationCacheEnabled: false, browserConnectionEnabled: false, browserName: chrome, chrome: {chromedriverVersion: 2.43.600210 (68dcf5eebde371..., userDataDir: C:\Users\Admin\AppData\Loca...}, cssSelectorsEnabled: true, databaseEnabled: false, goog:chromeOptions: {debuggerAddress: localhost:54047}, handlesAlerts: true, hasTouchScreen: false, javascriptEnabled: true, locationContextEnabled: true, mobileEmulationEnabled: false, nativeEvents: true, networkConnectionEnabled: false, pageLoadStrategy: normal, platform: XP, platformName: XP, rotatable: false, setWindowRect: true, takesHeapSnapshot: true, takesScreenshot: true, unexpectedAlertBehaviour: , unhandledPromptBehavior: , version: 71.0.3578.98, webStorageEnabled: true}
Session ID: 2fd86aff2a20d278af74c625f2bb856f)

2019-01-09 12:23:32 - [MESSAGE][FAILED] - Unable to click on object 'Object Repository/Final Object Repo/New Registration - Registration Module Pages/New Reg - OTC to RO/Special Case - All Related Objects/Continue Button in verifying case' (Root cause: org.openqa.selenium.ElementNotVisibleException: element not interactable
  (Session info: chrome=71.0.3578.98)
  (Driver info: chromedriver=2.43.600210 (68dcf5eebde37173d4027fa8635e332711d2874a),platform=Windows NT 6.1.7601 SP1 x86_64) (WARNING: The server did not provide any stacktrace information)
Command duration or timeout: 0 milliseconds
Build info: version: '3.7.1', revision: '8a0099a', time: '2017-11-06T21:07:36.161Z'
System info: host: 'WIN7TEST02', ip: '10.20.3.72', os.name: 'Windows 7', os.arch: 'amd64', os.version: '6.1', java.version: '1.8.0_181'
Driver info: com.kms.katalon.selenium.driver.CChromeDriver
Capabilities {acceptInsecureCerts: false, acceptSslCerts: false, applicationCacheEnabled: false, browserConnectionEnabled: false, browserName: chrome, chrome: {chromedriverVersion: 2.43.600210 (68dcf5eebde371..., userDataDir: C:\Users\Admin\AppData\Loca...}, cssSelectorsEnabled: true, databaseEnabled: false, goog:chromeOptions: {debuggerAddress: localhost:54047}, handlesAlerts: true, hasTouchScreen: false, javascriptEnabled: true, locationContextEnabled: true, mobileEmulationEnabled: false, nativeEvents: true, networkConnectionEnabled: false, pageLoadStrategy: normal, platform: XP, platformName: XP, rotatable: false, setWindowRect: true, takesHeapSnapshot: true, takesScreenshot: true, unexpectedAlertBehaviour: , unhandledPromptBehavior: , version: 71.0.3578.98, webStorageEnabled: true}
Session ID: 2fd86aff2a20d278af74c625f2bb856f)
[[ATTACHMENT|C:\\Users\\Admin\\Desktop\\PKS\\Perkeso Phase A\\Reports\\Workflow\\New Registration\\20190109_104156\\1547007811874.png]]

2019-01-09 12:23:32 - [TEST_STEP][PASSED] - delay: Delayed 2 second(s)

2019-01-09 12:23:34 - [MESSAGE][PASSED] - Delayed 2 second(s)

2019-01-09 12:23:34 - [TEST_STEP][PASSED] - click: Object: 'Object Repository/Final Object Repo/New Registration - Registration Module Pages/New Reg - OTC to RO/Special Case - All Related Objects/Form 1 Save n Continue' is clicked on

2019-01-09 12:23:34 - [MESSAGE][PASSED] - Object: 'Object Repository/Final Object Repo/New Registration - Registration Module Pages/New Reg - OTC to RO/Special Case - All Related Objects/Form 1 Save n Continue' is clicked on

2019-01-09 12:23:34 - [TEST_STEP][PASSED] - delay: Delayed 5 second(s)

2019-01-09 12:23:39 - [MESSAGE][PASSED] - Delayed 5 second(s)

2019-01-09 12:23:39 - [TEST_STEP][PASSED] - click: Object: 'Object Repository/Final Object Repo/New Registration - Registration Module Pages/New Reg - OTC to RO/Special Case - OTC - Form 1/Confirm No Flagging as Branch' is clicked on

2019-01-09 12:23:39 - [MESSAGE][PASSED] - Object: 'Object Repository/Final Object Repo/New Registration - Registration Module Pages/New Reg - OTC to RO/Special Case - OTC - Form 1/Confirm No Flagging as Branch' is clicked on

2019-01-09 12:23:39 - [TEST_STEP][PASSED] - delay: Delayed 2 second(s)

2019-01-09 12:23:41 - [MESSAGE][PASSED] - Delayed 2 second(s)

2019-01-09 12:23:41 - [TEST_STEP][PASSED] - click: Object: 'Object Repository/Final Object Repo/New Registration - Registration Module Pages/New Reg - OTC to RO/Special Case - All Related Objects/Form 2 Save n Continue' is clicked on

2019-01-09 12:23:41 - [MESSAGE][PASSED] - Object: 'Object Repository/Final Object Repo/New Registration - Registration Module Pages/New Reg - OTC to RO/Special Case - All Related Objects/Form 2 Save n Continue' is clicked on

2019-01-09 12:23:41 - [TEST_STEP][PASSED] - delay: Delayed 2 second(s)

2019-01-09 12:23:43 - [MESSAGE][PASSED] - Delayed 2 second(s)

2019-01-09 12:23:43 - [TEST_STEP][PASSED] - click: Object: 'Object Repository/Final Object Repo/New Registration - Registration Module Pages/New Reg - OTC to RO/Special Case - All Related Objects/Third Screen Save n Continue' is clicked on

2019-01-09 12:23:49 - [MESSAGE][PASSED] - Object: 'Object Repository/Final Object Repo/New Registration - Registration Module Pages/New Reg - OTC to RO/Special Case - All Related Objects/Third Screen Save n Continue' is clicked on

2019-01-09 12:23:49 - [TEST_STEP][FAILED] - setText: Unable to set text 'Query case' of object 'Object Repository/Final Object Repo/New Registration - Registration Module Pages/New Reg - OTC to RO/Special Case - All Related Objects/Query Text Input' (Root cause: com.kms.katalon.core.webui.exception.WebElementNotFoundException: Web element with id: 'Object Repository/Final Object Repo/New Registration - Registration Module Pages/New Reg - OTC to RO/Special Case - All Related Objects/Query Text Input' located by 'By.xpath: //textarea[@id = '_newreg_WAR_registrationportlet_remarks' and @name = '_newreg_WAR_registrationportlet_remarks']' not found)

2019-01-09 12:24:21 - [MESSAGE][FAILED] - Unable to set text 'Query case' of object 'Object Repository/Final Object Repo/New Registration - Registration Module Pages/New Reg - OTC to RO/Special Case - All Related Objects/Query Text Input' (Root cause: com.kms.katalon.core.webui.exception.WebElementNotFoundException: Web element with id: 'Object Repository/Final Object Repo/New Registration - Registration Module Pages/New Reg - OTC to RO/Special Case - All Related Objects/Query Text Input' located by 'By.xpath: //textarea[@id = '_newreg_WAR_registrationportlet_remarks' and @name = '_newreg_WAR_registrationportlet_remarks']' not found)
[[ATTACHMENT|C:\\Users\\Admin\\Desktop\\PKS\\Perkeso Phase A\\Reports\\Workflow\\New Registration\\20190109_104156\\1547007860684.png]]

2019-01-09 12:24:21 - [TEST_STEP][PASSED] - delay: Delayed 5 second(s)

2019-01-09 12:24:26 - [MESSAGE][PASSED] - Delayed 5 second(s)

2019-01-09 12:24:26 - [TEST_STEP][PASSED] - click: Object: 'Object Repository/Final Object Repo/New Registration - Registration Module Pages/New Reg - OTC to RO/Special Case - All Related Objects/Upload Doc Page Save n Continue' is clicked on

2019-01-09 12:24:26 - [MESSAGE][PASSED] - Object: 'Object Repository/Final Object Repo/New Registration - Registration Module Pages/New Reg - OTC to RO/Special Case - All Related Objects/Upload Doc Page Save n Continue' is clicked on

2019-01-09 12:24:26 - [TEST_STEP][FAILED] - click: Unable to click on object 'Object Repository/Final Object Repo/New Registration - Registration Module Pages/New Reg - OTC to RO/Special Case - All Related Objects/Query Button' (Root cause: com.kms.katalon.core.webui.exception.WebElementNotFoundException: Web element with id: 'Object Repository/Final Object Repo/New Registration - Registration Module Pages/New Reg - OTC to RO/Special Case - All Related Objects/Query Button' located by 'By.xpath: //a[@data-confirmation-content = 'Are You Sure To Query?' and (text() = '
							QUERY
	            	' or . = '
							QUERY
	            	')]' not found)

2019-01-09 12:25:04 - [MESSAGE][FAILED] - Unable to click on object 'Object Repository/Final Object Repo/New Registration - Registration Module Pages/New Reg - OTC to RO/Special Case - All Related Objects/Query Button' (Root cause: com.kms.katalon.core.webui.exception.WebElementNotFoundException: Web element with id: 'Object Repository/Final Object Repo/New Registration - Registration Module Pages/New Reg - OTC to RO/Special Case - All Related Objects/Query Button' located by 'By.xpath: //a[@data-confirmation-content = 'Are You Sure To Query?' and (text() = '
							QUERY
	            	' or . = '
							QUERY
	            	')]' not found)
[[ATTACHMENT|C:\\Users\\Admin\\Desktop\\PKS\\Perkeso Phase A\\Reports\\Workflow\\New Registration\\20190109_104156\\1547007903897.png]]

2019-01-09 12:25:04 - [TEST_STEP][FAILED] - click: Unable to click on object 'Object Repository/Final Object Repo/New Registration - Registration Module Pages/New Reg - OTC to RO/Special Case - All Related Objects/Confirm to Query' (Root cause: com.kms.katalon.core.webui.exception.WebElementNotFoundException: Web element with id: 'Object Repository/Final Object Repo/New Registration - Registration Module Pages/New Reg - OTC to RO/Special Case - All Related Objects/Confirm to Query' located by 'By.xpath: //span[@id = 'confirmword' and (text() = 'CONFIRM' or . = 'CONFIRM')]' not found)

2019-01-09 12:25:36 - [MESSAGE][FAILED] - Unable to click on object 'Object Repository/Final Object Repo/New Registration - Registration Module Pages/New Reg - OTC to RO/Special Case - All Related Objects/Confirm to Query' (Root cause: com.kms.katalon.core.webui.exception.WebElementNotFoundException: Web element with id: 'Object Repository/Final Object Repo/New Registration - Registration Module Pages/New Reg - OTC to RO/Special Case - All Related Objects/Confirm to Query' located by 'By.xpath: //span[@id = 'confirmword' and (text() = 'CONFIRM' or . = 'CONFIRM')]' not found)
[[ATTACHMENT|C:\\Users\\Admin\\Desktop\\PKS\\Perkeso Phase A\\Reports\\Workflow\\New Registration\\20190109_104156\\1547007936290.png]]

2019-01-09 12:25:36 - [TEST_STEP][PASSED] - delay: Delayed 5 second(s)

2019-01-09 12:25:41 - [MESSAGE][PASSED] - Delayed 5 second(s)

2019-01-09 12:25:41 - [TEST_STEP][PASSED] - callTestCase: Call Test Case 'Test Cases/Final Aug 2018 - PKS Automation/Registration Module/Log Out/log out avoiding katalon tagging' successfully

2019-01-09 12:25:41 - [TEST_CASE][PASSED] - Test Cases/Final Aug 2018 - PKS Automation/Registration Module/Log Out/log out avoiding katalon tagging: Test Cases/Final Aug 2018 - PKS Automation/Registration Module/Log Out/log out avoiding katalon tagging

2019-01-09 12:25:41 - [TEST_STEP][PASSED] - navigateToUrl: Navigate to 'https://assist2-uat.perkeso.gov.my/c/portal/logout' successfully

2019-01-09 12:25:42 - [MESSAGE][PASSED] - Navigate to 'https://assist2-uat.perkeso.gov.my/c/portal/logout' successfully

2019-01-09 12:25:42 - [MESSAGE][PASSED] - Call Test Case 'Test Cases/Final Aug 2018 - PKS Automation/Registration Module/Log Out/log out avoiding katalon tagging' successfully

2019-01-09 12:25:42 - [TEST_STEP][PASSED] - delay: Delayed 2 second(s)

2019-01-09 12:25:44 - [MESSAGE][PASSED] - Delayed 2 second(s)

2019-01-09 12:25:44 - [TEST_STEP][PASSED] - setText: Text 'klotc2@gmail.com' is set on object 'Object Repository/Final Object Repo/New Registration - Registration Module Pages/New Reg - OTC to RO/Special Case - All Related Objects/Email TextBox'

2019-01-09 12:25:44 - [MESSAGE][PASSED] - Text 'klotc2@gmail.com' is set on object 'Object Repository/Final Object Repo/New Registration - Registration Module Pages/New Reg - OTC to RO/Special Case - All Related Objects/Email TextBox'

2019-01-09 12:25:44 - [TEST_STEP][PASSED] - delay: Delayed 2 second(s)

2019-01-09 12:25:46 - [MESSAGE][PASSED] - Delayed 2 second(s)

2019-01-09 12:25:46 - [TEST_STEP][PASSED] - click: Object: 'Object Repository/Final Object Repo/Login Page/Internal User/Next Button' is clicked on

2019-01-09 12:25:46 - [MESSAGE][PASSED] - Object: 'Object Repository/Final Object Repo/Login Page/Internal User/Next Button' is clicked on

2019-01-09 12:25:46 - [TEST_STEP][PASSED] - delay: Delayed 2 second(s)

2019-01-09 12:25:48 - [MESSAGE][PASSED] - Delayed 2 second(s)

2019-01-09 12:25:48 - [TEST_STEP][PASSED] - setText: Text 'Test1@3456789' is set on object 'Object Repository/Final Object Repo/Login Page/Internal User/Password'

2019-01-09 12:25:49 - [MESSAGE][PASSED] - Text 'Test1@3456789' is set on object 'Object Repository/Final Object Repo/Login Page/Internal User/Password'

2019-01-09 12:25:49 - [TEST_STEP][PASSED] - delay: Delayed 2 second(s)

2019-01-09 12:25:51 - [MESSAGE][PASSED] - Delayed 2 second(s)

2019-01-09 12:25:51 - [TEST_STEP][PASSED] - click: Object: 'Object Repository/Final Object Repo/Login Page/Internal User/Login Button' is clicked on

2019-01-09 12:25:51 - [MESSAGE][PASSED] - Object: 'Object Repository/Final Object Repo/Login Page/Internal User/Login Button' is clicked on

2019-01-09 12:25:51 - [TEST_STEP][PASSED] - delay: Delayed 2 second(s)

2019-01-09 12:25:53 - [MESSAGE][PASSED] - Delayed 2 second(s)

2019-01-09 12:25:53 - [TEST_STEP][PASSED] - Statement - Try: null

2019-01-09 12:25:53 - [TEST_STEP][PASSED] - Statement - Checker = com.kms.katalon.core.webui.keyword.WebUiBuiltInKeywords.verifyElementNotPresent("PKS_SIP_Updated_RegModule/Attempt/Page_MyASSIST - ASSIST/Select to English", 3): null

2019-01-09 12:25:53 - [TEST_STEP][PASSED] - Statement - Catch (Exception e): null

2019-01-09 12:25:53 - [TEST_STEP][PASSED] - Statement - e.printStackTrace(): null

2019-01-09 12:25:53 - [TEST_STEP][PASSED] - delay: Delayed 4 second(s)

2019-01-09 12:25:57 - [MESSAGE][PASSED] - Delayed 4 second(s)

2019-01-09 12:25:57 - [TEST_STEP][PASSED] - click: Object: 'Object Repository/Final Object Repo/Landing Page/My Sites Drop Down' is clicked on

2019-01-09 12:25:57 - [MESSAGE][PASSED] - Object: 'Object Repository/Final Object Repo/Landing Page/My Sites Drop Down' is clicked on

2019-01-09 12:25:57 - [TEST_STEP][PASSED] - click: Object: 'Object Repository/Final Object Repo/Landing Page/Select to Registration Module' is clicked on

2019-01-09 12:25:58 - [MESSAGE][PASSED] - Object: 'Object Repository/Final Object Repo/Landing Page/Select to Registration Module' is clicked on

2019-01-09 12:25:58 - [TEST_STEP][PASSED] - delay: Delayed 2 second(s)

2019-01-09 12:26:00 - [MESSAGE][PASSED] - Delayed 2 second(s)

2019-01-09 12:26:00 - [TEST_STEP][PASSED] - mouseOver: Object: 'Object Repository/Final Object Repo/New Registration - Registration Module Pages/New Reg - OTC to RO/Special Case - All Related Objects/Hover Over Search Drop Down' is hovered

2019-01-09 12:26:00 - [MESSAGE][PASSED] - Object: 'Object Repository/Final Object Repo/New Registration - Registration Module Pages/New Reg - OTC to RO/Special Case - All Related Objects/Hover Over Search Drop Down' is hovered

2019-01-09 12:26:00 - [TEST_STEP][PASSED] - click: Object: 'Object Repository/Final Object Repo/New Registration - Registration Module Pages/New Reg - OTC to RO/Special Case - All Related Objects/Select Search Pending Case' is clicked on

2019-01-09 12:26:01 - [MESSAGE][PASSED] - Object: 'Object Repository/Final Object Repo/New Registration - Registration Module Pages/New Reg - OTC to RO/Special Case - All Related Objects/Select Search Pending Case' is clicked on

2019-01-09 12:26:01 - [TEST_STEP][PASSED] - click: Object: 'Object Repository/Final Object Repo/New Registration - Registration Module Pages/New Reg - OTC to RO/Special Case - All Related Objects/Select Searching Method (Employer Code)' is clicked on

2019-01-09 12:26:01 - [MESSAGE][PASSED] - Object: 'Object Repository/Final Object Repo/New Registration - Registration Module Pages/New Reg - OTC to RO/Special Case - All Related Objects/Select Searching Method (Employer Code)' is clicked on

2019-01-09 12:26:01 - [TEST_STEP][PASSED] - click: Object: 'Object Repository/Final Object Repo/New Registration - Registration Module Pages/New Reg - OTC to RO/Special Case - All Related Objects/Select Searching Method to Reference ID' is clicked on

2019-01-09 12:26:01 - [MESSAGE][PASSED] - Object: 'Object Repository/Final Object Repo/New Registration - Registration Module Pages/New Reg - OTC to RO/Special Case - All Related Objects/Select Searching Method to Reference ID' is clicked on

2019-01-09 12:26:01 - [TEST_STEP][PASSED] - setText: Text 'CRN01201900123680' is set on object 'Object Repository/Final Object Repo/New Registration - Registration Module Pages/New Reg - OTC to RO/Special Case - All Related Objects/Pending Case Ref NO'

2019-01-09 12:26:01 - [MESSAGE][PASSED] - Text 'CRN01201900123680' is set on object 'Object Repository/Final Object Repo/New Registration - Registration Module Pages/New Reg - OTC to RO/Special Case - All Related Objects/Pending Case Ref NO'

2019-01-09 12:26:01 - [TEST_STEP][PASSED] - click: Object: 'Object Repository/Final Object Repo/New Registration - Registration Module Pages/New Reg - OTC to RO/Special Case - All Related Objects/Search Pending Case Based on Ref No' is clicked on

2019-01-09 12:26:02 - [MESSAGE][PASSED] - Object: 'Object Repository/Final Object Repo/New Registration - Registration Module Pages/New Reg - OTC to RO/Special Case - All Related Objects/Search Pending Case Based on Ref No' is clicked on

2019-01-09 12:26:02 - [TEST_STEP][FAILED] - click: Unable to click on object 'Object Repository/Final Object Repo/New Registration - Registration Module Pages/New Reg - OTC to RO/Special Case - All Related Objects/Action Button after found case' (Root cause: org.openqa.selenium.InvalidSelectorException: invalid selector: Unable to locate an element with the xpath expression  because of the following error:
SyntaxError: Failed to execute 'evaluate' on 'Document': The string '' is not a valid XPath expression.
  (Session info: chrome=71.0.3578.98)
  (Driver info: chromedriver=2.43.600210 (68dcf5eebde37173d4027fa8635e332711d2874a),platform=Windows NT 6.1.7601 SP1 x86_64) (WARNING: The server did not provide any stacktrace information)
Command duration or timeout: 0 milliseconds
For documentation on this error, please visit: http://seleniumhq.org/exceptions/invalid_selector_exception.html
Build info: version: '3.7.1', revision: '8a0099a', time: '2017-11-06T21:07:36.161Z'
System info: host: 'WIN7TEST02', ip: '10.20.3.72', os.name: 'Windows 7', os.arch: 'amd64', os.version: '6.1', java.version: '1.8.0_181'
Driver info: com.kms.katalon.selenium.driver.CChromeDriver
Capabilities {acceptInsecureCerts: false, acceptSslCerts: false, applicationCacheEnabled: false, browserConnectionEnabled: false, browserName: chrome, chrome: {chromedriverVersion: 2.43.600210 (68dcf5eebde371..., userDataDir: C:\Users\Admin\AppData\Loca...}, cssSelectorsEnabled: true, databaseEnabled: false, goog:chromeOptions: {debuggerAddress: localhost:54047}, handlesAlerts: true, hasTouchScreen: false, javascriptEnabled: true, locationContextEnabled: true, mobileEmulationEnabled: false, nativeEvents: true, networkConnectionEnabled: false, pageLoadStrategy: normal, platform: XP, platformName: XP, rotatable: false, setWindowRect: true, takesHeapSnapshot: true, takesScreenshot: true, unexpectedAlertBehaviour: , unhandledPromptBehavior: , version: 71.0.3578.98, webStorageEnabled: true}
Session ID: 2fd86aff2a20d278af74c625f2bb856f
*** Element info: {Using=xpath, value=})

2019-01-09 12:26:35 - [MESSAGE][FAILED] - Unable to click on object 'Object Repository/Final Object Repo/New Registration - Registration Module Pages/New Reg - OTC to RO/Special Case - All Related Objects/Action Button after found case' (Root cause: org.openqa.selenium.InvalidSelectorException: invalid selector: Unable to locate an element with the xpath expression  because of the following error:
SyntaxError: Failed to execute 'evaluate' on 'Document': The string '' is not a valid XPath expression.
  (Session info: chrome=71.0.3578.98)
  (Driver info: chromedriver=2.43.600210 (68dcf5eebde37173d4027fa8635e332711d2874a),platform=Windows NT 6.1.7601 SP1 x86_64) (WARNING: The server did not provide any stacktrace information)
Command duration or timeout: 0 milliseconds
For documentation on this error, please visit: http://seleniumhq.org/exceptions/invalid_selector_exception.html
Build info: version: '3.7.1', revision: '8a0099a', time: '2017-11-06T21:07:36.161Z'
System info: host: 'WIN7TEST02', ip: '10.20.3.72', os.name: 'Windows 7', os.arch: 'amd64', os.version: '6.1', java.version: '1.8.0_181'
Driver info: com.kms.katalon.selenium.driver.CChromeDriver
Capabilities {acceptInsecureCerts: false, acceptSslCerts: false, applicationCacheEnabled: false, browserConnectionEnabled: false, browserName: chrome, chrome: {chromedriverVersion: 2.43.600210 (68dcf5eebde371..., userDataDir: C:\Users\Admin\AppData\Loca...}, cssSelectorsEnabled: true, databaseEnabled: false, goog:chromeOptions: {debuggerAddress: localhost:54047}, handlesAlerts: true, hasTouchScreen: false, javascriptEnabled: true, locationContextEnabled: true, mobileEmulationEnabled: false, nativeEvents: true, networkConnectionEnabled: false, pageLoadStrategy: normal, platform: XP, platformName: XP, rotatable: false, setWindowRect: true, takesHeapSnapshot: true, takesScreenshot: true, unexpectedAlertBehaviour: , unhandledPromptBehavior: , version: 71.0.3578.98, webStorageEnabled: true}
Session ID: 2fd86aff2a20d278af74c625f2bb856f
*** Element info: {Using=xpath, value=})
[[ATTACHMENT|C:\\Users\\Admin\\Desktop\\PKS\\Perkeso Phase A\\Reports\\Workflow\\New Registration\\20190109_104156\\1547007994921.png]]

2019-01-09 12:26:35 - [TEST_STEP][FAILED] - click: Unable to click on object 'Object Repository/Final Object Repo/New Registration - Registration Module Pages/New Reg - OTC to RO/Special Case - All Related Objects/Next Button in Pending Case Form 1' (Root cause: com.kms.katalon.core.webui.exception.WebElementNotFoundException: Web element with id: 'Object Repository/Final Object Repo/New Registration - Registration Module Pages/New Reg - OTC to RO/Special Case - All Related Objects/Next Button in Pending Case Form 1' located by 'By.xpath: //a[@class = 'btn btn-lg blueBtn col-md-2 pull-right browserIdBtn' and (text() = ' NEXT
						' or . = ' NEXT
						')]' not found)

2019-01-09 12:27:08 - [MESSAGE][FAILED] - Unable to click on object 'Object Repository/Final Object Repo/New Registration - Registration Module Pages/New Reg - OTC to RO/Special Case - All Related Objects/Next Button in Pending Case Form 1' (Root cause: com.kms.katalon.core.webui.exception.WebElementNotFoundException: Web element with id: 'Object Repository/Final Object Repo/New Registration - Registration Module Pages/New Reg - OTC to RO/Special Case - All Related Objects/Next Button in Pending Case Form 1' located by 'By.xpath: //a[@class = 'btn btn-lg blueBtn col-md-2 pull-right browserIdBtn' and (text() = ' NEXT
						' or . = ' NEXT
						')]' not found)
[[ATTACHMENT|C:\\Users\\Admin\\Desktop\\PKS\\Perkeso Phase A\\Reports\\Workflow\\New Registration\\20190109_104156\\1547008028291.png]]

2019-01-09 12:27:08 - [TEST_STEP][FAILED] - click: Unable to click on object 'Object Repository/Final Object Repo/New Registration - Registration Module Pages/New Reg - OTC to RO/Special Case - All Related Objects/Next Button in Pending Case Form 2' (Root cause: com.kms.katalon.core.webui.exception.WebElementNotFoundException: Web element with id: 'Object Repository/Final Object Repo/New Registration - Registration Module Pages/New Reg - OTC to RO/Special Case - All Related Objects/Next Button in Pending Case Form 2' located by 'By.xpath: //a[@class = 'btn btn-lg blueBtn col-md-2 pull-right browserIdBtn' and (text() = ' NEXT
				' or . = ' NEXT
				')]' not found)

2019-01-09 12:27:42 - [MESSAGE][FAILED] - Unable to click on object 'Object Repository/Final Object Repo/New Registration - Registration Module Pages/New Reg - OTC to RO/Special Case - All Related Objects/Next Button in Pending Case Form 2' (Root cause: com.kms.katalon.core.webui.exception.WebElementNotFoundException: Web element with id: 'Object Repository/Final Object Repo/New Registration - Registration Module Pages/New Reg - OTC to RO/Special Case - All Related Objects/Next Button in Pending Case Form 2' located by 'By.xpath: //a[@class = 'btn btn-lg blueBtn col-md-2 pull-right browserIdBtn' and (text() = ' NEXT
				' or . = ' NEXT
				')]' not found)
[[ATTACHMENT|C:\\Users\\Admin\\Desktop\\PKS\\Perkeso Phase A\\Reports\\Workflow\\New Registration\\20190109_104156\\1547008061672.png]]

2019-01-09 12:27:42 - [TEST_STEP][FAILED] - click: Unable to click on object 'Object Repository/Final Object Repo/New Registration - Registration Module Pages/New Reg - OTC to RO/Special Case - All Related Objects/Next Button in Third Screen' (Root cause: com.kms.katalon.core.webui.exception.WebElementNotFoundException: Web element with id: 'Object Repository/Final Object Repo/New Registration - Registration Module Pages/New Reg - OTC to RO/Special Case - All Related Objects/Next Button in Third Screen' located by 'By.xpath: //a[@class = 'btn btn-lg blueBtn col-md-2 pull-right browserIdBtn' and (text() = ' NEXT
				' or . = ' NEXT
				')]' not found)

2019-01-09 12:28:14 - [MESSAGE][FAILED] - Unable to click on object 'Object Repository/Final Object Repo/New Registration - Registration Module Pages/New Reg - OTC to RO/Special Case - All Related Objects/Next Button in Third Screen' (Root cause: com.kms.katalon.core.webui.exception.WebElementNotFoundException: Web element with id: 'Object Repository/Final Object Repo/New Registration - Registration Module Pages/New Reg - OTC to RO/Special Case - All Related Objects/Next Button in Third Screen' located by 'By.xpath: //a[@class = 'btn btn-lg blueBtn col-md-2 pull-right browserIdBtn' and (text() = ' NEXT
				' or . = ' NEXT
				')]' not found)
[[ATTACHMENT|C:\\Users\\Admin\\Desktop\\PKS\\Perkeso Phase A\\Reports\\Workflow\\New Registration\\20190109_104156\\1547008094496.png]]

2019-01-09 12:28:14 - [TEST_STEP][FAILED] - click: Unable to click on object 'Object Repository/Final Object Repo/New Registration - Registration Module Pages/New Reg - OTC to RO/Special Case - All Related Objects/Add Document for Pending Case' (Root cause: com.kms.katalon.core.webui.exception.WebElementNotFoundException: Web element with id: 'Object Repository/Final Object Repo/New Registration - Registration Module Pages/New Reg - OTC to RO/Special Case - All Related Objects/Add Document for Pending Case' located by 'By.xpath: //a[@id = '_newreg_WAR_registrationportlet_dialogBtn' and (text() = '
					ADD DOCUMENT
	             ' or . = '
					ADD DOCUMENT
	             ')]' not found)

2019-01-09 12:28:48 - [MESSAGE][FAILED] - Unable to click on object 'Object Repository/Final Object Repo/New Registration - Registration Module Pages/New Reg - OTC to RO/Special Case - All Related Objects/Add Document for Pending Case' (Root cause: com.kms.katalon.core.webui.exception.WebElementNotFoundException: Web element with id: 'Object Repository/Final Object Repo/New Registration - Registration Module Pages/New Reg - OTC to RO/Special Case - All Related Objects/Add Document for Pending Case' located by 'By.xpath: //a[@id = '_newreg_WAR_registrationportlet_dialogBtn' and (text() = '
					ADD DOCUMENT
	             ' or . = '
					ADD DOCUMENT
	             ')]' not found)
[[ATTACHMENT|C:\\Users\\Admin\\Desktop\\PKS\\Perkeso Phase A\\Reports\\Workflow\\New Registration\\20190109_104156\\1547008127804.png]]

2019-01-09 12:28:48 - [TEST_STEP][FAILED] - click: Unable to click on object 'Object Repository/Final Object Repo/New Registration - Registration Module Pages/New Reg - OTC to RO/Special Case - All Related Objects/Upload Pending Doc - Please Select' (Root cause: com.kms.katalon.core.webui.exception.WebElementNotFoundException: Web element with id: 'Object Repository/Final Object Repo/New Registration - Registration Module Pages/New Reg - OTC to RO/Special Case - All Related Objects/Upload Pending Doc - Please Select' located by 'By.xpath: //span[@class = 'select2-selection__rendered' and @id = 'select2-_newreg_WAR_registrationportlet_objdocTypeId-container']' not found)

2019-01-09 12:29:21 - [MESSAGE][FAILED] - Unable to click on object 'Object Repository/Final Object Repo/New Registration - Registration Module Pages/New Reg - OTC to RO/Special Case - All Related Objects/Upload Pending Doc - Please Select' (Root cause: com.kms.katalon.core.webui.exception.WebElementNotFoundException: Web element with id: 'Object Repository/Final Object Repo/New Registration - Registration Module Pages/New Reg - OTC to RO/Special Case - All Related Objects/Upload Pending Doc - Please Select' located by 'By.xpath: //span[@class = 'select2-selection__rendered' and @id = 'select2-_newreg_WAR_registrationportlet_objdocTypeId-container']' not found)
[[ATTACHMENT|C:\\Users\\Admin\\Desktop\\PKS\\Perkeso Phase A\\Reports\\Workflow\\New Registration\\20190109_104156\\1547008160951.png]]

2019-01-09 12:29:21 - [TEST_STEP][PASSED] - delay: Delayed 2 second(s)

2019-01-09 12:29:23 - [MESSAGE][PASSED] - Delayed 2 second(s)

2019-01-09 12:29:23 - [TEST_STEP][FAILED] - click: Unable to click on object 'Object Repository/Final Object Repo/New Registration - Registration Module Pages/New Reg - OTC to RO/Special Case - All Related Objects/Select to Others to Upload' (Root cause: com.kms.katalon.core.webui.exception.WebElementNotFoundException: Web element with id: 'Object Repository/Final Object Repo/New Registration - Registration Module Pages/New Reg - OTC to RO/Special Case - All Related Objects/Select to Others to Upload' located by 'By.xpath: //span/ul/li/span[contains(text(),"Others")]' not found)

2019-01-09 12:29:54 - [MESSAGE][FAILED] - Unable to click on object 'Object Repository/Final Object Repo/New Registration - Registration Module Pages/New Reg - OTC to RO/Special Case - All Related Objects/Select to Others to Upload' (Root cause: com.kms.katalon.core.webui.exception.WebElementNotFoundException: Web element with id: 'Object Repository/Final Object Repo/New Registration - Registration Module Pages/New Reg - OTC to RO/Special Case - All Related Objects/Select to Others to Upload' located by 'By.xpath: //span/ul/li/span[contains(text(),"Others")]' not found)
[[ATTACHMENT|C:\\Users\\Admin\\Desktop\\PKS\\Perkeso Phase A\\Reports\\Workflow\\New Registration\\20190109_104156\\1547008194339.png]]

2019-01-09 12:29:54 - [TEST_STEP][PASSED] - delay: Delayed 2 second(s)

2019-01-09 12:29:56 - [MESSAGE][PASSED] - Delayed 2 second(s)

2019-01-09 12:29:56 - [TEST_STEP][FAILED] - uploadFile: Unable to upload file 'C:\Users\Public\Pictures\Sample Pictures\Koala.jpg' to object 'Object Repository/Final Object Repo/New Registration - Registration Module Pages/New Reg - OTC to RO/Special Case - All Related Objects/Uploading Pending Case Action' (Root cause: com.kms.katalon.core.webui.exception.WebElementNotFoundException: Web element with id: 'Object Repository/Final Object Repo/New Registration - Registration Module Pages/New Reg - OTC to RO/Special Case - All Related Objects/Uploading Pending Case Action' located by 'By.xpath: //input[@id = '_newreg_WAR_registrationportlet_uploadFile' and @name = '_newreg_WAR_registrationportlet_uploadFile' and @type = 'file']' not found)

2019-01-09 12:30:28 - [MESSAGE][FAILED] - Unable to upload file 'C:\Users\Public\Pictures\Sample Pictures\Koala.jpg' to object 'Object Repository/Final Object Repo/New Registration - Registration Module Pages/New Reg - OTC to RO/Special Case - All Related Objects/Uploading Pending Case Action' (Root cause: com.kms.katalon.core.webui.exception.WebElementNotFoundException: Web element with id: 'Object Repository/Final Object Repo/New Registration - Registration Module Pages/New Reg - OTC to RO/Special Case - All Related Objects/Uploading Pending Case Action' located by 'By.xpath: //input[@id = '_newreg_WAR_registrationportlet_uploadFile' and @name = '_newreg_WAR_registrationportlet_uploadFile' and @type = 'file']' not found)
[[ATTACHMENT|C:\\Users\\Admin\\Desktop\\PKS\\Perkeso Phase A\\Reports\\Workflow\\New Registration\\20190109_104156\\1547008227986.png]]

2019-01-09 12:30:28 - [TEST_STEP][PASSED] - delay: Delayed 2 second(s)

2019-01-09 12:30:30 - [MESSAGE][PASSED] - Delayed 2 second(s)

2019-01-09 12:30:30 - [TEST_STEP][FAILED] - click: Unable to click on object 'Object Repository/Final Object Repo/New Registration - Registration Module Pages/New Reg - OTC to RO/Special Case - All Related Objects/Inner form Add Document Button Pending Case' (Root cause: com.kms.katalon.core.webui.exception.WebElementNotFoundException: Web element with id: 'Object Repository/Final Object Repo/New Registration - Registration Module Pages/New Reg - OTC to RO/Special Case - All Related Objects/Inner form Add Document Button Pending Case' located by 'By.xpath: //a[@class = 'btn btn-lg blueBtn col-md-2 pull-right' and @targets = 'baseMsgDivId' and (text() = '
										ADD DOCUMENT
								     ' or . = '
										ADD DOCUMENT
								     ')]' not found)

2019-01-09 12:31:04 - [MESSAGE][FAILED] - Unable to click on object 'Object Repository/Final Object Repo/New Registration - Registration Module Pages/New Reg - OTC to RO/Special Case - All Related Objects/Inner form Add Document Button Pending Case' (Root cause: com.kms.katalon.core.webui.exception.WebElementNotFoundException: Web element with id: 'Object Repository/Final Object Repo/New Registration - Registration Module Pages/New Reg - OTC to RO/Special Case - All Related Objects/Inner form Add Document Button Pending Case' located by 'By.xpath: //a[@class = 'btn btn-lg blueBtn col-md-2 pull-right' and @targets = 'baseMsgDivId' and (text() = '
										ADD DOCUMENT
								     ' or . = '
										ADD DOCUMENT
								     ')]' not found)
[[ATTACHMENT|C:\\Users\\Admin\\Desktop\\PKS\\Perkeso Phase A\\Reports\\Workflow\\New Registration\\20190109_104156\\1547008264365.png]]

2019-01-09 12:31:04 - [TEST_STEP][PASSED] - delay: Delayed 2 second(s)

2019-01-09 12:31:06 - [MESSAGE][PASSED] - Delayed 2 second(s)

2019-01-09 12:31:06 - [TEST_STEP][FAILED] - click: Unable to click on object 'Object Repository/Final Object Repo/New Registration - Registration Module Pages/New Reg - OTC to RO/Special Case - All Related Objects/Pending Case Exit' (Root cause: com.kms.katalon.core.webui.exception.WebElementNotFoundException: Web element with id: 'Object Repository/Final Object Repo/New Registration - Registration Module Pages/New Reg - OTC to RO/Special Case - All Related Objects/Pending Case Exit' located by 'By.xpath: //a[@id = '_newreg_WAR_registrationportlet_exitBtnId' and @class = 'btn btn-lg blueBtn col-md-2 pull-right' and (text() = '
									EXIT
				                ' or . = '
									EXIT
				                ')]' not found)

2019-01-09 12:31:40 - [MESSAGE][FAILED] - Unable to click on object 'Object Repository/Final Object Repo/New Registration - Registration Module Pages/New Reg - OTC to RO/Special Case - All Related Objects/Pending Case Exit' (Root cause: com.kms.katalon.core.webui.exception.WebElementNotFoundException: Web element with id: 'Object Repository/Final Object Repo/New Registration - Registration Module Pages/New Reg - OTC to RO/Special Case - All Related Objects/Pending Case Exit' located by 'By.xpath: //a[@id = '_newreg_WAR_registrationportlet_exitBtnId' and @class = 'btn btn-lg blueBtn col-md-2 pull-right' and (text() = '
									EXIT
				                ' or . = '
									EXIT
				                ')]' not found)
[[ATTACHMENT|C:\\Users\\Admin\\Desktop\\PKS\\Perkeso Phase A\\Reports\\Workflow\\New Registration\\20190109_104156\\1547008299738.png]]

2019-01-09 12:31:40 - [TEST_STEP][PASSED] - callTestCase: Call Test Case 'Test Cases/Final Aug 2018 - PKS Automation/Registration Module/Log Out/log out avoiding katalon tagging' successfully

2019-01-09 12:31:40 - [TEST_CASE][PASSED] - Test Cases/Final Aug 2018 - PKS Automation/Registration Module/Log Out/log out avoiding katalon tagging: Test Cases/Final Aug 2018 - PKS Automation/Registration Module/Log Out/log out avoiding katalon tagging

2019-01-09 12:31:40 - [TEST_STEP][PASSED] - navigateToUrl: Navigate to 'https://assist2-uat.perkeso.gov.my/c/portal/logout' successfully

2019-01-09 12:31:40 - [MESSAGE][PASSED] - Navigate to 'https://assist2-uat.perkeso.gov.my/c/portal/logout' successfully

2019-01-09 12:31:40 - [MESSAGE][PASSED] - Call Test Case 'Test Cases/Final Aug 2018 - PKS Automation/Registration Module/Log Out/log out avoiding katalon tagging' successfully

2019-01-09 12:31:40 - [TEST_STEP][PASSED] - callTestCase: Call Test Case 'Test Cases/Final Aug 2018 - PKS Automation/Common/Workflow Owner Finder' successfully

2019-01-09 12:31:41 - [TEST_CASE][PASSED] - Test Cases/Final Aug 2018 - PKS Automation/Common/Workflow Owner Finder: Test Cases/Final Aug 2018 - PKS Automation/Common/Workflow Owner Finder

2019-01-09 12:31:41 - [TEST_STEP][PASSED] - openBrowser: Browser is opened with url: ''

2019-01-09 12:31:41 - [MESSAGE][WARNING] - A browser is already opened. Closing browser and opening a new one

2019-01-09 12:31:44 - [MESSAGE][PASSED] - Browser is opened with url: ''

2019-01-09 12:31:44 - [TEST_STEP][PASSED] - navigateToUrl: Navigate to 'https://assist2-uat.perkeso.gov.my/login' successfully

2019-01-09 12:31:45 - [MESSAGE][PASSED] - Navigate to 'https://assist2-uat.perkeso.gov.my/login' successfully

2019-01-09 12:31:45 - [TEST_STEP][PASSED] - delay: Delayed 5 second(s)

2019-01-09 12:31:50 - [MESSAGE][PASSED] - Delayed 5 second(s)

2019-01-09 12:31:50 - [TEST_STEP][PASSED] - setText: Text 'test@liferay.com' is set on object 'Object Repository/Final Object Repo/Login Page/Internal User/Email Address'

2019-01-09 12:31:50 - [MESSAGE][PASSED] - Text 'test@liferay.com' is set on object 'Object Repository/Final Object Repo/Login Page/Internal User/Email Address'

2019-01-09 12:31:50 - [TEST_STEP][PASSED] - click: Object: 'Object Repository/Final Object Repo/Login Page/Internal User/Next Button' is clicked on

2019-01-09 12:31:50 - [MESSAGE][PASSED] - Object: 'Object Repository/Final Object Repo/Login Page/Internal User/Next Button' is clicked on

2019-01-09 12:31:50 - [TEST_STEP][PASSED] - delay: Delayed 2 second(s)

2019-01-09 12:31:52 - [MESSAGE][PASSED] - Delayed 2 second(s)

2019-01-09 12:31:52 - [TEST_STEP][PASSED] - setText: Text 'test' is set on object 'Object Repository/Final Object Repo/Login Page/Internal User/Password'

2019-01-09 12:31:53 - [MESSAGE][PASSED] - Text 'test' is set on object 'Object Repository/Final Object Repo/Login Page/Internal User/Password'

2019-01-09 12:31:53 - [TEST_STEP][PASSED] - delay: Delayed 2 second(s)

2019-01-09 12:31:55 - [MESSAGE][PASSED] - Delayed 2 second(s)

2019-01-09 12:31:55 - [TEST_STEP][PASSED] - click: Object: 'Object Repository/Final Object Repo/Login Page/Internal User/Login Button' is clicked on

2019-01-09 12:31:55 - [MESSAGE][PASSED] - Object: 'Object Repository/Final Object Repo/Login Page/Internal User/Login Button' is clicked on

2019-01-09 12:31:55 - [TEST_STEP][PASSED] - Statement - tester = com.kms.katalon.core.testobject.ObjectRepository.findTestObject(Final Object Repo/Landing Page/Select to English): Finding Test Object with id 'Object Repository/Final Object Repo/Landing Page/Select to English'

2019-01-09 12:31:55 - [TEST_STEP][PASSED] - Statement - Try: Delayed 2 second(s)

2019-01-09 12:31:55 - [TEST_STEP][PASSED] - Statement - Checker = com.kms.katalon.core.webui.keyword.WebUiBuiltInKeywords.verifyElementNotPresent(tester, 3): Web element with id: 'Object Repository/Final Object Repo/Landing Page/Select to English' located by 'By.xpath: //a[@class = 'taglib-language-list-text' and @lang = 'en-US' and (contains(text(), 'EN') or contains(., 'EN'))]' is not present after '3' second(s)

2019-01-09 12:31:57 - [MESSAGE][PASSED] - Web element with id: 'Object Repository/Final Object Repo/Landing Page/Select to English' located by 'By.xpath: //a[@class = 'taglib-language-list-text' and @lang = 'en-US' and (contains(text(), 'EN') or contains(., 'EN'))]' is not present after '3' second(s)

2019-01-09 12:31:57 - [TEST_STEP][PASSED] - Statement - If (Checker == false): null

2019-01-09 12:31:57 - [TEST_STEP][PASSED] - delay: Delayed 2 second(s)

2019-01-09 12:31:59 - [MESSAGE][PASSED] - Delayed 2 second(s)

2019-01-09 12:31:59 - [TEST_STEP][PASSED] - delay: Delayed 5 second(s)

2019-01-09 12:32:04 - [MESSAGE][PASSED] - Delayed 5 second(s)

2019-01-09 12:32:04 - [TEST_STEP][PASSED] - mouseOver: Object: 'Object Repository/Final Object Repo/Landing Page/WorkFlow Menu' is hovered

2019-01-09 12:32:04 - [MESSAGE][PASSED] - Object: 'Object Repository/Final Object Repo/Landing Page/WorkFlow Menu' is hovered

2019-01-09 12:32:04 - [TEST_STEP][PASSED] - delay: Delayed 2 second(s)

2019-01-09 12:32:06 - [MESSAGE][PASSED] - Delayed 2 second(s)

2019-01-09 12:32:06 - [TEST_STEP][PASSED] - click: Object: 'Object Repository/Final Object Repo/Landing Page/Select to Workflow Listing' is clicked on

2019-01-09 12:32:07 - [MESSAGE][PASSED] - Object: 'Object Repository/Final Object Repo/Landing Page/Select to Workflow Listing' is clicked on

2019-01-09 12:32:07 - [TEST_STEP][PASSED] - delay: Delayed 2 second(s)

2019-01-09 12:32:09 - [MESSAGE][PASSED] - Delayed 2 second(s)

2019-01-09 12:32:09 - [TEST_STEP][PASSED] - click: Object: 'Object Repository/Final Object Repo/WorkFlow Listing Page/Search Information - To Put Ref No' is clicked on

2019-01-09 12:32:09 - [MESSAGE][PASSED] - Object: 'Object Repository/Final Object Repo/WorkFlow Listing Page/Search Information - To Put Ref No' is clicked on

2019-01-09 12:32:09 - [TEST_STEP][PASSED] - delay: Delayed 2 second(s)

2019-01-09 12:32:11 - [MESSAGE][PASSED] - Delayed 2 second(s)

2019-01-09 12:32:11 - [TEST_STEP][PASSED] - callTestCase: Call Test Case 'Test Cases/Final Aug 2018 - PKS Automation/Common/Reference Number Getter' successfully

2019-01-09 12:32:12 - [TEST_CASE][PASSED] - Test Cases/Final Aug 2018 - PKS Automation/Common/Reference Number Getter: Test Cases/Final Aug 2018 - PKS Automation/Common/Reference Number Getter

2019-01-09 12:32:12 - [TEST_STEP][PASSED] - Statement - Try: null

2019-01-09 12:32:12 - [TEST_STEP][PASSED] - Statement - RefNo = new java.io.File(C://Users//Admin//Desktop//PKS//Automation Reference Point//KatalonReference.txt): null

2019-01-09 12:32:12 - [TEST_STEP][PASSED] - Statement - bufferread = new java.io.BufferedReader(new java.io.FileReader(RefNo)): null

2019-01-09 12:32:12 - [TEST_STEP][PASSED] - Statement - readedVal = bufferread.readLine(): null

2019-01-09 12:32:12 - [TEST_STEP][PASSED] - Statement - out.println(CaseReferenceNo): null

2019-01-09 12:32:12 - [TEST_STEP][PASSED] - Statement - out.println(readedVal): null

2019-01-09 12:32:12 - [TEST_STEP][PASSED] - Statement - CaseReferenceNo = "": null

2019-01-09 12:32:12 - [TEST_STEP][PASSED] - Statement - CaseReferenceNo = readedVal: null

2019-01-09 12:32:12 - [MESSAGE][PASSED] - Call Test Case 'Test Cases/Final Aug 2018 - PKS Automation/Common/Reference Number Getter' successfully

2019-01-09 12:32:12 - [TEST_STEP][PASSED] - setText: Text 'CRN01201900123680' is set on object 'Object Repository/Final Object Repo/WorkFlow Listing Page/Ref No Set Text'

2019-01-09 12:32:12 - [MESSAGE][PASSED] - Text 'CRN01201900123680' is set on object 'Object Repository/Final Object Repo/WorkFlow Listing Page/Ref No Set Text'

2019-01-09 12:32:12 - [TEST_STEP][PASSED] - delay: Delayed 2 second(s)

2019-01-09 12:32:14 - [MESSAGE][PASSED] - Delayed 2 second(s)

2019-01-09 12:32:14 - [TEST_STEP][PASSED] - click: Object: 'Object Repository/Final Object Repo/WorkFlow Listing Page/Search Ref No Search Button' is clicked on

2019-01-09 12:32:14 - [MESSAGE][PASSED] - Object: 'Object Repository/Final Object Repo/WorkFlow Listing Page/Search Ref No Search Button' is clicked on

2019-01-09 12:32:14 - [TEST_STEP][PASSED] - delay: Delayed 6 second(s)

2019-01-09 12:32:20 - [MESSAGE][PASSED] - Delayed 6 second(s)

2019-01-09 12:32:20 - [TEST_STEP][PASSED] - click: Object: 'Object Repository/Final Object Repo/WorkFlow Listing Page/Click Continue Tooltip' is clicked on

2019-01-09 12:32:22 - [MESSAGE][PASSED] - Object: 'Object Repository/Final Object Repo/WorkFlow Listing Page/Click Continue Tooltip' is clicked on

2019-01-09 12:32:22 - [TEST_STEP][PASSED] - delay: Delayed 5 second(s)

2019-01-09 12:32:27 - [MESSAGE][PASSED] - Delayed 5 second(s)

2019-01-09 12:32:27 - [TEST_STEP][PASSED] - doubleClick: Object: 'Object Repository/Final Object Repo/WorkFlow Listing Page/Workflow Found - Listing 1' is double clicked on

2019-01-09 12:32:28 - [MESSAGE][PASSED] - Object: 'Object Repository/Final Object Repo/WorkFlow Listing Page/Workflow Found - Listing 1' is double clicked on

2019-01-09 12:32:28 - [TEST_STEP][PASSED] - Statement - println(OwnerID): null

2019-01-09 12:32:28 - [TEST_STEP][PASSED] - Statement - OwnerID = com.kms.katalon.core.webui.keyword.WebUiBuiltInKeywords.getText(com.kms.katalon.core.testobject.ObjectRepository.findTestObject(Final Object Repo/WorkFlow Listing Page/Workflow Found - Listing 1), STOP_ON_FAILURE): Text of object 'Object Repository/Final Object Repo/WorkFlow Listing Page/Workflow Found - Listing 1' is: 'KLpkrbo2'

2019-01-09 12:32:28 - [MESSAGE][PASSED] - Text of object 'Object Repository/Final Object Repo/WorkFlow Listing Page/Workflow Found - Listing 1' is: 'KLpkrbo2'

2019-01-09 12:32:28 - [TEST_STEP][PASSED] - Statement - OwnerID = OwnerID.toLowerCase() + "@gmail.com": null

2019-01-09 12:32:28 - [TEST_STEP][PASSED] - Statement - println(OwnerID): null

2019-01-09 12:32:28 - [TEST_STEP][PASSED] - delay: Delayed 2 second(s)

2019-01-09 12:32:30 - [MESSAGE][PASSED] - Delayed 2 second(s)

2019-01-09 12:32:30 - [MESSAGE][PASSED] - Call Test Case 'Test Cases/Final Aug 2018 - PKS Automation/Common/Workflow Owner Finder' successfully

2019-01-09 12:32:30 - [TEST_STEP][PASSED] - callTestCase: Call Test Case 'Test Cases/Final Aug 2018 - PKS Automation/Registration Module/Log Out/log out avoiding katalon tagging' successfully

2019-01-09 12:32:30 - [TEST_CASE][PASSED] - Test Cases/Final Aug 2018 - PKS Automation/Registration Module/Log Out/log out avoiding katalon tagging: Test Cases/Final Aug 2018 - PKS Automation/Registration Module/Log Out/log out avoiding katalon tagging

2019-01-09 12:32:30 - [TEST_STEP][PASSED] - navigateToUrl: Navigate to 'https://assist2-uat.perkeso.gov.my/c/portal/logout' successfully

2019-01-09 12:32:31 - [MESSAGE][PASSED] - Navigate to 'https://assist2-uat.perkeso.gov.my/c/portal/logout' successfully

2019-01-09 12:32:31 - [MESSAGE][PASSED] - Call Test Case 'Test Cases/Final Aug 2018 - PKS Automation/Registration Module/Log Out/log out avoiding katalon tagging' successfully

2019-01-09 12:32:31 - [TEST_STEP][PASSED] - delay: Delayed 2 second(s)

2019-01-09 12:32:33 - [MESSAGE][PASSED] - Delayed 2 second(s)

2019-01-09 12:32:33 - [TEST_STEP][PASSED] - setText: Text 'klpkrbo2@gmail.com' is set on object 'Object Repository/Final Object Repo/Login Page/Internal User/Email Address'

2019-01-09 12:32:33 - [MESSAGE][PASSED] - Text 'klpkrbo2@gmail.com' is set on object 'Object Repository/Final Object Repo/Login Page/Internal User/Email Address'

2019-01-09 12:32:33 - [TEST_STEP][PASSED] - click: Object: 'Object Repository/Final Object Repo/Login Page/Internal User/Next Button' is clicked on

2019-01-09 12:32:33 - [MESSAGE][PASSED] - Object: 'Object Repository/Final Object Repo/Login Page/Internal User/Next Button' is clicked on

2019-01-09 12:32:33 - [TEST_STEP][PASSED] - delay: Delayed 2 second(s)

2019-01-09 12:32:35 - [MESSAGE][PASSED] - Delayed 2 second(s)

2019-01-09 12:32:35 - [TEST_STEP][PASSED] - setText: Text 'Test1@3456789' is set on object 'Object Repository/Final Object Repo/Login Page/Internal User/Password'

2019-01-09 12:32:36 - [MESSAGE][PASSED] - Text 'Test1@3456789' is set on object 'Object Repository/Final Object Repo/Login Page/Internal User/Password'

2019-01-09 12:32:36 - [TEST_STEP][PASSED] - delay: Delayed 2 second(s)

2019-01-09 12:32:38 - [MESSAGE][PASSED] - Delayed 2 second(s)

2019-01-09 12:32:38 - [TEST_STEP][PASSED] - click: Object: 'Object Repository/Final Object Repo/Login Page/Internal User/Login Button' is clicked on

2019-01-09 12:32:38 - [MESSAGE][PASSED] - Object: 'Object Repository/Final Object Repo/Login Page/Internal User/Login Button' is clicked on

2019-01-09 12:32:38 - [TEST_STEP][PASSED] - delay: Delayed 2 second(s)

2019-01-09 12:32:40 - [MESSAGE][PASSED] - Delayed 2 second(s)

2019-01-09 12:32:40 - [TEST_STEP][PASSED] - Statement - Try: null

2019-01-09 12:32:40 - [TEST_STEP][PASSED] - Statement - Checker = com.kms.katalon.core.webui.keyword.WebUiBuiltInKeywords.verifyElementNotPresent("Final Object Repo/Landing Page/Select to English", 3): null

2019-01-09 12:32:40 - [TEST_STEP][PASSED] - Statement - Catch (Exception e): null

2019-01-09 12:32:40 - [TEST_STEP][PASSED] - Statement - e.printStackTrace(): null

2019-01-09 12:32:40 - [TEST_STEP][PASSED] - click: Object: 'Object Repository/Final Object Repo/New Registration - Registration Module Pages/New Reg - OTC to RO/Special Case - All Related Objects/Expand to Search' is clicked on

2019-01-09 12:32:40 - [MESSAGE][PASSED] - Object: 'Object Repository/Final Object Repo/New Registration - Registration Module Pages/New Reg - OTC to RO/Special Case - All Related Objects/Expand to Search' is clicked on

2019-01-09 12:32:40 - [TEST_STEP][PASSED] - delay: Delayed 2 second(s)

2019-01-09 12:32:42 - [MESSAGE][PASSED] - Delayed 2 second(s)

2019-01-09 12:32:42 - [TEST_STEP][PASSED] - callTestCase: Call Test Case 'Test Cases/Final Aug 2018 - PKS Automation/Common/Reference Number Getter' successfully

2019-01-09 12:32:42 - [TEST_CASE][PASSED] - Test Cases/Final Aug 2018 - PKS Automation/Common/Reference Number Getter: Test Cases/Final Aug 2018 - PKS Automation/Common/Reference Number Getter

2019-01-09 12:32:42 - [TEST_STEP][PASSED] - Statement - Try: null

2019-01-09 12:32:42 - [TEST_STEP][PASSED] - Statement - RefNo = new java.io.File(C://Users//Admin//Desktop//PKS//Automation Reference Point//KatalonReference.txt): null

2019-01-09 12:32:42 - [TEST_STEP][PASSED] - Statement - bufferread = new java.io.BufferedReader(new java.io.FileReader(RefNo)): null

2019-01-09 12:32:42 - [TEST_STEP][PASSED] - Statement - readedVal = bufferread.readLine(): null

2019-01-09 12:32:42 - [TEST_STEP][PASSED] - Statement - out.println(CaseReferenceNo): null

2019-01-09 12:32:42 - [TEST_STEP][PASSED] - Statement - out.println(readedVal): null

2019-01-09 12:32:42 - [TEST_STEP][PASSED] - Statement - CaseReferenceNo = "": null

2019-01-09 12:32:42 - [TEST_STEP][PASSED] - Statement - CaseReferenceNo = readedVal: null

2019-01-09 12:32:42 - [MESSAGE][PASSED] - Call Test Case 'Test Cases/Final Aug 2018 - PKS Automation/Common/Reference Number Getter' successfully

2019-01-09 12:32:42 - [TEST_STEP][PASSED] - setText: Text 'CRN01201900123680' is set on object 'Object Repository/Final Object Repo/New Registration - Registration Module Pages/New Reg - OTC to RO/Special Case - All Related Objects/TextBox RefNo in Workbasket'

2019-01-09 12:32:43 - [MESSAGE][PASSED] - Text 'CRN01201900123680' is set on object 'Object Repository/Final Object Repo/New Registration - Registration Module Pages/New Reg - OTC to RO/Special Case - All Related Objects/TextBox RefNo in Workbasket'

2019-01-09 12:32:43 - [TEST_STEP][PASSED] - delay: Delayed 2 second(s)

2019-01-09 12:32:45 - [MESSAGE][PASSED] - Delayed 2 second(s)

2019-01-09 12:32:45 - [TEST_STEP][PASSED] - click: Object: 'Object Repository/Final Object Repo/New Registration - Registration Module Pages/New Reg - OTC to RO/Special Case - All Related Objects/Click Search' is clicked on

2019-01-09 12:32:45 - [MESSAGE][PASSED] - Object: 'Object Repository/Final Object Repo/New Registration - Registration Module Pages/New Reg - OTC to RO/Special Case - All Related Objects/Click Search' is clicked on

2019-01-09 12:32:45 - [TEST_STEP][PASSED] - delay: Delayed 2 second(s)

2019-01-09 12:32:47 - [MESSAGE][PASSED] - Delayed 2 second(s)

2019-01-09 12:32:47 - [TEST_STEP][PASSED] - click: Object: 'Object Repository/Final Object Repo/New Registration - Registration Module Pages/New Reg - OTC to RO/Special Case - All Related Objects/Click to Continue Workflow' is clicked on

2019-01-09 12:32:49 - [MESSAGE][PASSED] - Object: 'Object Repository/Final Object Repo/New Registration - Registration Module Pages/New Reg - OTC to RO/Special Case - All Related Objects/Click to Continue Workflow' is clicked on

2019-01-09 12:32:49 - [TEST_STEP][PASSED] - delay: Delayed 2 second(s)

2019-01-09 12:32:51 - [MESSAGE][PASSED] - Delayed 2 second(s)

2019-01-09 12:32:51 - [TEST_STEP][FAILED] - click: Unable to click on object 'Object Repository/Final Object Repo/New Registration - Registration Module Pages/New Reg - OTC to RO/Special Case - All Related Objects/Continue Button in verifying case' (Root cause: org.openqa.selenium.ElementNotVisibleException: element not interactable
  (Session info: chrome=71.0.3578.98)
  (Driver info: chromedriver=2.43.600210 (68dcf5eebde37173d4027fa8635e332711d2874a),platform=Windows NT 6.1.7601 SP1 x86_64) (WARNING: The server did not provide any stacktrace information)
Command duration or timeout: 0 milliseconds
Build info: version: '3.7.1', revision: '8a0099a', time: '2017-11-06T21:07:36.161Z'
System info: host: 'WIN7TEST02', ip: '10.20.3.72', os.name: 'Windows 7', os.arch: 'amd64', os.version: '6.1', java.version: '1.8.0_181'
Driver info: com.kms.katalon.selenium.driver.CChromeDriver
Capabilities {acceptInsecureCerts: false, acceptSslCerts: false, applicationCacheEnabled: false, browserConnectionEnabled: false, browserName: chrome, chrome: {chromedriverVersion: 2.43.600210 (68dcf5eebde371..., userDataDir: C:\Users\Admin\AppData\Loca...}, cssSelectorsEnabled: true, databaseEnabled: false, goog:chromeOptions: {debuggerAddress: localhost:54107}, handlesAlerts: true, hasTouchScreen: false, javascriptEnabled: true, locationContextEnabled: true, mobileEmulationEnabled: false, nativeEvents: true, networkConnectionEnabled: false, pageLoadStrategy: normal, platform: XP, platformName: XP, rotatable: false, setWindowRect: true, takesHeapSnapshot: true, takesScreenshot: true, unexpectedAlertBehaviour: , unhandledPromptBehavior: , version: 71.0.3578.98, webStorageEnabled: true}
Session ID: 4f2c7029ea72a2ac94ab18ca176402b7)

2019-01-09 12:32:52 - [MESSAGE][FAILED] - Unable to click on object 'Object Repository/Final Object Repo/New Registration - Registration Module Pages/New Reg - OTC to RO/Special Case - All Related Objects/Continue Button in verifying case' (Root cause: org.openqa.selenium.ElementNotVisibleException: element not interactable
  (Session info: chrome=71.0.3578.98)
  (Driver info: chromedriver=2.43.600210 (68dcf5eebde37173d4027fa8635e332711d2874a),platform=Windows NT 6.1.7601 SP1 x86_64) (WARNING: The server did not provide any stacktrace information)
Command duration or timeout: 0 milliseconds
Build info: version: '3.7.1', revision: '8a0099a', time: '2017-11-06T21:07:36.161Z'
System info: host: 'WIN7TEST02', ip: '10.20.3.72', os.name: 'Windows 7', os.arch: 'amd64', os.version: '6.1', java.version: '1.8.0_181'
Driver info: com.kms.katalon.selenium.driver.CChromeDriver
Capabilities {acceptInsecureCerts: false, acceptSslCerts: false, applicationCacheEnabled: false, browserConnectionEnabled: false, browserName: chrome, chrome: {chromedriverVersion: 2.43.600210 (68dcf5eebde371..., userDataDir: C:\Users\Admin\AppData\Loca...}, cssSelectorsEnabled: true, databaseEnabled: false, goog:chromeOptions: {debuggerAddress: localhost:54107}, handlesAlerts: true, hasTouchScreen: false, javascriptEnabled: true, locationContextEnabled: true, mobileEmulationEnabled: false, nativeEvents: true, networkConnectionEnabled: false, pageLoadStrategy: normal, platform: XP, platformName: XP, rotatable: false, setWindowRect: true, takesHeapSnapshot: true, takesScreenshot: true, unexpectedAlertBehaviour: , unhandledPromptBehavior: , version: 71.0.3578.98, webStorageEnabled: true}
Session ID: 4f2c7029ea72a2ac94ab18ca176402b7)
[[ATTACHMENT|C:\\Users\\Admin\\Desktop\\PKS\\Perkeso Phase A\\Reports\\Workflow\\New Registration\\20190109_104156\\1547008371686.png]]

2019-01-09 12:32:52 - [TEST_STEP][PASSED] - delay: Delayed 2 second(s)

2019-01-09 12:32:54 - [MESSAGE][PASSED] - Delayed 2 second(s)

2019-01-09 12:32:54 - [TEST_STEP][PASSED] - click: Object: 'Object Repository/Final Object Repo/New Registration - Registration Module Pages/Form 1/Registered As a Branch - Yes' is clicked on

2019-01-09 12:32:54 - [MESSAGE][PASSED] - Object: 'Object Repository/Final Object Repo/New Registration - Registration Module Pages/Form 1/Registered As a Branch - Yes' is clicked on

2019-01-09 12:32:54 - [TEST_STEP][PASSED] - delay: Delayed 2 second(s)

2019-01-09 12:32:56 - [MESSAGE][PASSED] - Delayed 2 second(s)

2019-01-09 12:32:56 - [TEST_STEP][PASSED] - click: Object: 'Object Repository/Final Object Repo/New Registration - Registration Module Pages/New Reg - OTC to RO/Special Case - All Related Objects/Form 1 Save n Continue' is clicked on

2019-01-09 12:32:56 - [MESSAGE][PASSED] - Object: 'Object Repository/Final Object Repo/New Registration - Registration Module Pages/New Reg - OTC to RO/Special Case - All Related Objects/Form 1 Save n Continue' is clicked on

2019-01-09 12:32:56 - [TEST_STEP][PASSED] - delay: Delayed 2 second(s)

2019-01-09 12:32:58 - [MESSAGE][PASSED] - Delayed 2 second(s)

2019-01-09 12:32:58 - [TEST_STEP][PASSED] - click: Object: 'Object Repository/Final Object Repo/New Registration - Registration Module Pages/New Reg - OTC to RO/Special Case - All Related Objects/Form 2 Save n Continue' is clicked on

2019-01-09 12:32:58 - [MESSAGE][PASSED] - Object: 'Object Repository/Final Object Repo/New Registration - Registration Module Pages/New Reg - OTC to RO/Special Case - All Related Objects/Form 2 Save n Continue' is clicked on

2019-01-09 12:32:58 - [TEST_STEP][PASSED] - delay: Delayed 2 second(s)

2019-01-09 12:33:00 - [MESSAGE][PASSED] - Delayed 2 second(s)

2019-01-09 12:33:00 - [TEST_STEP][PASSED] - click: Object: 'Object Repository/Final Object Repo/New Registration - Registration Module Pages/New Reg - OTC to RO/Special Case - All Related Objects/Third Screen Save n Continue' is clicked on

2019-01-09 12:33:06 - [MESSAGE][PASSED] - Object: 'Object Repository/Final Object Repo/New Registration - Registration Module Pages/New Reg - OTC to RO/Special Case - All Related Objects/Third Screen Save n Continue' is clicked on

2019-01-09 12:33:06 - [TEST_STEP][PASSED] - delay: Delayed 5 second(s)

2019-01-09 12:33:11 - [MESSAGE][PASSED] - Delayed 5 second(s)

2019-01-09 12:33:11 - [TEST_STEP][PASSED] - click: Object: 'Object Repository/Final Object Repo/New Registration - Registration Module Pages/New Reg - OTC to RO/Special Case - All Related Objects/Upload Doc Page Save n Continue' is clicked on

2019-01-09 12:33:11 - [MESSAGE][PASSED] - Object: 'Object Repository/Final Object Repo/New Registration - Registration Module Pages/New Reg - OTC to RO/Special Case - All Related Objects/Upload Doc Page Save n Continue' is clicked on

2019-01-09 12:33:11 - [TEST_STEP][PASSED] - callTestCase: Call Test Case 'Test Cases/Final Aug 2018 - PKS Automation/Registration Module/New Registration/Submit and Screenshot/Submit Registration and Screenshot' successfully

2019-01-09 12:33:11 - [TEST_CASE][PASSED] - Test Cases/Final Aug 2018 - PKS Automation/Registration Module/New Registration/Submit and Screenshot/Submit Registration and Screenshot: Test Cases/Final Aug 2018 - PKS Automation/Registration Module/New Registration/Submit and Screenshot/Submit Registration and Screenshot

2019-01-09 12:33:11 - [TEST_STEP][PASSED] - delay: Delayed 6 second(s)

2019-01-09 12:33:17 - [MESSAGE][PASSED] - Delayed 6 second(s)

2019-01-09 12:33:17 - [TEST_STEP][PASSED] - click: Object: 'Object Repository/Final Object Repo/New Registration - Registration Module Pages/Third Screen - Upload Supporting Doc- Preview/Preview Submit Button' is clicked on

2019-01-09 12:33:18 - [MESSAGE][PASSED] - Object: 'Object Repository/Final Object Repo/New Registration - Registration Module Pages/Third Screen - Upload Supporting Doc- Preview/Preview Submit Button' is clicked on

2019-01-09 12:33:18 - [TEST_STEP][PASSED] - delay: Delayed 2 second(s)

2019-01-09 12:33:20 - [MESSAGE][PASSED] - Delayed 2 second(s)

2019-01-09 12:33:20 - [TEST_STEP][PASSED] - click: Object: 'Object Repository/Final Object Repo/New Registration - Registration Module Pages/Third Screen - Upload Supporting Doc- Preview/Preview Submit - Confirm' is clicked on

2019-01-09 12:33:20 - [MESSAGE][PASSED] - Object: 'Object Repository/Final Object Repo/New Registration - Registration Module Pages/Third Screen - Upload Supporting Doc- Preview/Preview Submit - Confirm' is clicked on

2019-01-09 12:33:20 - [TEST_STEP][PASSED] - delay: Delayed 15 second(s)

2019-01-09 12:33:35 - [MESSAGE][PASSED] - Delayed 15 second(s)

2019-01-09 12:33:35 - [TEST_STEP][PASSED] - Statement - driver = com.kms.katalon.core.webui.driver.DriverFactory.getWebDriver(): null

2019-01-09 12:33:35 - [TEST_STEP][PASSED] - Statement - driver.manage().timeouts().implicitlyWait(10, SECONDS): null

2019-01-09 12:33:35 - [TEST_STEP][PASSED] - Statement - PresavePath = KatalonScreenshots: null

2019-01-09 12:33:35 - [TEST_STEP][PASSED] - Statement - pathPrefix = "C:\Users\Public\Pictures\Sample Pictures\Katalon Screenshots\Automate Ending Screen": null

2019-01-09 12:33:35 - [TEST_STEP][PASSED] - Statement - finalPath = <not implemented yet for class: org.codehaus.groovy.ast.expr.EmptyExpression>: null

2019-01-09 12:33:35 - [TEST_STEP][PASSED] - Statement - scrFile = driver.getScreenshotAs(FILE): null

2019-01-09 12:33:35 - [TEST_STEP][PASSED] - Statement - PreSaveFile = new java.io.File(PresavePath): null

2019-01-09 12:33:35 - [TEST_STEP][PASSED] - Statement - counter = 0: null

2019-01-09 12:33:35 - [TEST_STEP][PASSED] - Statement - If (PreSaveFile.exists()): null

2019-01-09 12:33:35 - [TEST_STEP][PASSED] - Statement - While (PreSaveFile.exists()): null

2019-01-09 12:33:35 - [TEST_STEP][PASSED] - Statement - counter = counter + 1: null

2019-01-09 12:33:35 - [TEST_STEP][PASSED] - Statement - PreSaveFile = new java.io.File(((pathPrefix + java.lang.Integer.toString(counter)) + .png)): null

2019-01-09 12:33:35 - [TEST_STEP][PASSED] - Statement - counter = counter + 1: null

2019-01-09 12:33:35 - [TEST_STEP][PASSED] - Statement - PreSaveFile = new java.io.File(((pathPrefix + java.lang.Integer.toString(counter)) + .png)): null

2019-01-09 12:33:35 - [TEST_STEP][PASSED] - Statement - counter = counter + 1: null

2019-01-09 12:33:35 - [TEST_STEP][PASSED] - Statement - PreSaveFile = new java.io.File(((pathPrefix + java.lang.Integer.toString(counter)) + .png)): null

2019-01-09 12:33:35 - [TEST_STEP][PASSED] - Statement - counter = counter + 1: null

2019-01-09 12:33:35 - [TEST_STEP][PASSED] - Statement - PreSaveFile = new java.io.File(((pathPrefix + java.lang.Integer.toString(counter)) + .png)): null

2019-01-09 12:33:35 - [TEST_STEP][PASSED] - Statement - counter = counter + 1: null

2019-01-09 12:33:35 - [TEST_STEP][PASSED] - Statement - PreSaveFile = new java.io.File(((pathPrefix + java.lang.Integer.toString(counter)) + .png)): null

2019-01-09 12:33:35 - [TEST_STEP][PASSED] - Statement - counter = counter + 1: null

2019-01-09 12:33:35 - [TEST_STEP][PASSED] - Statement - PreSaveFile = new java.io.File(((pathPrefix + java.lang.Integer.toString(counter)) + .png)): null

2019-01-09 12:33:35 - [TEST_STEP][PASSED] - Statement - counter = counter + 1: null

2019-01-09 12:33:35 - [TEST_STEP][PASSED] - Statement - PreSaveFile = new java.io.File(((pathPrefix + java.lang.Integer.toString(counter)) + .png)): null

2019-01-09 12:33:35 - [TEST_STEP][PASSED] - Statement - counter = counter + 1: null

2019-01-09 12:33:35 - [TEST_STEP][PASSED] - Statement - PreSaveFile = new java.io.File(((pathPrefix + java.lang.Integer.toString(counter)) + .png)): null

2019-01-09 12:33:35 - [TEST_STEP][PASSED] - Statement - counter = counter + 1: null

2019-01-09 12:33:35 - [TEST_STEP][PASSED] - Statement - PreSaveFile = new java.io.File(((pathPrefix + java.lang.Integer.toString(counter)) + .png)): null

2019-01-09 12:33:35 - [TEST_STEP][PASSED] - Statement - counter = counter + 1: null

2019-01-09 12:33:35 - [TEST_STEP][PASSED] - Statement - PreSaveFile = new java.io.File(((pathPrefix + java.lang.Integer.toString(counter)) + .png)): null

2019-01-09 12:33:35 - [TEST_STEP][PASSED] - Statement - counter = counter + 1: null

2019-01-09 12:33:35 - [TEST_STEP][PASSED] - Statement - PreSaveFile = new java.io.File(((pathPrefix + java.lang.Integer.toString(counter)) + .png)): null

2019-01-09 12:33:35 - [TEST_STEP][PASSED] - Statement - counter = counter + 1: null

2019-01-09 12:33:35 - [TEST_STEP][PASSED] - Statement - PreSaveFile = new java.io.File(((pathPrefix + java.lang.Integer.toString(counter)) + .png)): null

2019-01-09 12:33:35 - [TEST_STEP][PASSED] - Statement - counter = counter + 1: null

2019-01-09 12:33:35 - [TEST_STEP][PASSED] - Statement - PreSaveFile = new java.io.File(((pathPrefix + java.lang.Integer.toString(counter)) + .png)): null

2019-01-09 12:33:35 - [TEST_STEP][PASSED] - Statement - counter = counter + 1: null

2019-01-09 12:33:35 - [TEST_STEP][PASSED] - Statement - PreSaveFile = new java.io.File(((pathPrefix + java.lang.Integer.toString(counter)) + .png)): null

2019-01-09 12:33:35 - [TEST_STEP][PASSED] - Statement - counter = counter + 1: null

2019-01-09 12:33:35 - [TEST_STEP][PASSED] - Statement - PreSaveFile = new java.io.File(((pathPrefix + java.lang.Integer.toString(counter)) + .png)): null

2019-01-09 12:33:35 - [TEST_STEP][PASSED] - Statement - counter = counter + 1: null

2019-01-09 12:33:35 - [TEST_STEP][PASSED] - Statement - PreSaveFile = new java.io.File(((pathPrefix + java.lang.Integer.toString(counter)) + .png)): null

2019-01-09 12:33:35 - [TEST_STEP][PASSED] - Statement - counter = counter + 1: null

2019-01-09 12:33:35 - [TEST_STEP][PASSED] - Statement - PreSaveFile = new java.io.File(((pathPrefix + java.lang.Integer.toString(counter)) + .png)): null

2019-01-09 12:33:36 - [TEST_STEP][PASSED] - Statement - counter = counter + 1: null

2019-01-09 12:33:36 - [TEST_STEP][PASSED] - Statement - PreSaveFile = new java.io.File(((pathPrefix + java.lang.Integer.toString(counter)) + .png)): null

2019-01-09 12:33:36 - [TEST_STEP][PASSED] - Statement - counter = counter + 1: null

2019-01-09 12:33:36 - [TEST_STEP][PASSED] - Statement - PreSaveFile = new java.io.File(((pathPrefix + java.lang.Integer.toString(counter)) + .png)): null

2019-01-09 12:33:36 - [TEST_STEP][PASSED] - Statement - counter = counter + 1: null

2019-01-09 12:33:36 - [TEST_STEP][PASSED] - Statement - PreSaveFile = new java.io.File(((pathPrefix + java.lang.Integer.toString(counter)) + .png)): null

2019-01-09 12:33:36 - [TEST_STEP][PASSED] - Statement - counter = counter + 1: null

2019-01-09 12:33:36 - [TEST_STEP][PASSED] - Statement - PreSaveFile = new java.io.File(((pathPrefix + java.lang.Integer.toString(counter)) + .png)): null

2019-01-09 12:33:36 - [TEST_STEP][PASSED] - Statement - counter = counter + 1: null

2019-01-09 12:33:36 - [TEST_STEP][PASSED] - Statement - PreSaveFile = new java.io.File(((pathPrefix + java.lang.Integer.toString(counter)) + .png)): null

2019-01-09 12:33:36 - [TEST_STEP][PASSED] - Statement - counter = counter + 1: null

2019-01-09 12:33:36 - [TEST_STEP][PASSED] - Statement - PreSaveFile = new java.io.File(((pathPrefix + java.lang.Integer.toString(counter)) + .png)): null

2019-01-09 12:33:36 - [TEST_STEP][PASSED] - Statement - counter = counter + 1: null

2019-01-09 12:33:36 - [TEST_STEP][PASSED] - Statement - PreSaveFile = new java.io.File(((pathPrefix + java.lang.Integer.toString(counter)) + .png)): null

2019-01-09 12:33:36 - [TEST_STEP][PASSED] - Statement - counter = counter + 1: null

2019-01-09 12:33:36 - [TEST_STEP][PASSED] - Statement - PreSaveFile = new java.io.File(((pathPrefix + java.lang.Integer.toString(counter)) + .png)): null

2019-01-09 12:33:36 - [TEST_STEP][PASSED] - Statement - counter = counter + 1: null

2019-01-09 12:33:36 - [TEST_STEP][PASSED] - Statement - PreSaveFile = new java.io.File(((pathPrefix + java.lang.Integer.toString(counter)) + .png)): null

2019-01-09 12:33:36 - [TEST_STEP][PASSED] - Statement - counter = counter + 1: null

2019-01-09 12:33:36 - [TEST_STEP][PASSED] - Statement - PreSaveFile = new java.io.File(((pathPrefix + java.lang.Integer.toString(counter)) + .png)): null

2019-01-09 12:33:36 - [TEST_STEP][PASSED] - Statement - counter = counter + 1: null

2019-01-09 12:33:36 - [TEST_STEP][PASSED] - Statement - PreSaveFile = new java.io.File(((pathPrefix + java.lang.Integer.toString(counter)) + .png)): null

2019-01-09 12:33:36 - [TEST_STEP][PASSED] - Statement - counter = counter + 1: null

2019-01-09 12:33:36 - [TEST_STEP][PASSED] - Statement - PreSaveFile = new java.io.File(((pathPrefix + java.lang.Integer.toString(counter)) + .png)): null

2019-01-09 12:33:36 - [TEST_STEP][PASSED] - Statement - counter = counter + 1: null

2019-01-09 12:33:36 - [TEST_STEP][PASSED] - Statement - PreSaveFile = new java.io.File(((pathPrefix + java.lang.Integer.toString(counter)) + .png)): null

2019-01-09 12:33:36 - [TEST_STEP][PASSED] - Statement - counter = counter + 1: null

2019-01-09 12:33:36 - [TEST_STEP][PASSED] - Statement - PreSaveFile = new java.io.File(((pathPrefix + java.lang.Integer.toString(counter)) + .png)): null

2019-01-09 12:33:36 - [TEST_STEP][PASSED] - Statement - counter = counter + 1: null

2019-01-09 12:33:36 - [TEST_STEP][PASSED] - Statement - PreSaveFile = new java.io.File(((pathPrefix + java.lang.Integer.toString(counter)) + .png)): null

2019-01-09 12:33:36 - [TEST_STEP][PASSED] - Statement - counter = counter + 1: null

2019-01-09 12:33:37 - [TEST_STEP][PASSED] - Statement - PreSaveFile = new java.io.File(((pathPrefix + java.lang.Integer.toString(counter)) + .png)): null

2019-01-09 12:33:37 - [TEST_STEP][PASSED] - Statement - counter = counter + 1: null

2019-01-09 12:33:37 - [TEST_STEP][PASSED] - Statement - PreSaveFile = new java.io.File(((pathPrefix + java.lang.Integer.toString(counter)) + .png)): null

2019-01-09 12:33:37 - [TEST_STEP][PASSED] - Statement - counter = counter + 1: null

2019-01-09 12:33:37 - [TEST_STEP][PASSED] - Statement - PreSaveFile = new java.io.File(((pathPrefix + java.lang.Integer.toString(counter)) + .png)): null

2019-01-09 12:33:37 - [TEST_STEP][PASSED] - Statement - counter = counter + 1: null

2019-01-09 12:33:37 - [TEST_STEP][PASSED] - Statement - PreSaveFile = new java.io.File(((pathPrefix + java.lang.Integer.toString(counter)) + .png)): null

2019-01-09 12:33:37 - [TEST_STEP][PASSED] - Statement - counter = counter + 1: null

2019-01-09 12:33:37 - [TEST_STEP][PASSED] - Statement - PreSaveFile = new java.io.File(((pathPrefix + java.lang.Integer.toString(counter)) + .png)): null

2019-01-09 12:33:37 - [TEST_STEP][PASSED] - Statement - counter = counter + 1: null

2019-01-09 12:33:38 - [TEST_STEP][PASSED] - Statement - PreSaveFile = new java.io.File(((pathPrefix + java.lang.Integer.toString(counter)) + .png)): null

2019-01-09 12:33:38 - [TEST_STEP][PASSED] - Statement - counter = counter + 1: null

2019-01-09 12:33:38 - [TEST_STEP][PASSED] - Statement - PreSaveFile = new java.io.File(((pathPrefix + java.lang.Integer.toString(counter)) + .png)): null

2019-01-09 12:33:38 - [TEST_STEP][PASSED] - Statement - counter = counter + 1: null

2019-01-09 12:33:38 - [TEST_STEP][PASSED] - Statement - PreSaveFile = new java.io.File(((pathPrefix + java.lang.Integer.toString(counter)) + .png)): null

2019-01-09 12:33:38 - [TEST_STEP][PASSED] - Statement - counter = counter + 1: null

2019-01-09 12:33:38 - [TEST_STEP][PASSED] - Statement - PreSaveFile = new java.io.File(((pathPrefix + java.lang.Integer.toString(counter)) + .png)): null

2019-01-09 12:33:38 - [TEST_STEP][PASSED] - Statement - counter = counter + 1: null

2019-01-09 12:33:38 - [TEST_STEP][PASSED] - Statement - PreSaveFile = new java.io.File(((pathPrefix + java.lang.Integer.toString(counter)) + .png)): null

2019-01-09 12:33:38 - [TEST_STEP][PASSED] - Statement - counter = counter + 1: null

2019-01-09 12:33:38 - [TEST_STEP][PASSED] - Statement - PreSaveFile = new java.io.File(((pathPrefix + java.lang.Integer.toString(counter)) + .png)): null

2019-01-09 12:33:38 - [TEST_STEP][PASSED] - Statement - counter = counter + 1: null

2019-01-09 12:33:38 - [TEST_STEP][PASSED] - Statement - PreSaveFile = new java.io.File(((pathPrefix + java.lang.Integer.toString(counter)) + .png)): null

2019-01-09 12:33:38 - [TEST_STEP][PASSED] - Statement - counter = counter + 1: null

2019-01-09 12:33:38 - [TEST_STEP][PASSED] - Statement - PreSaveFile = new java.io.File(((pathPrefix + java.lang.Integer.toString(counter)) + .png)): null

2019-01-09 12:33:38 - [TEST_STEP][PASSED] - Statement - counter = counter + 1: null

2019-01-09 12:33:38 - [TEST_STEP][PASSED] - Statement - PreSaveFile = new java.io.File(((pathPrefix + java.lang.Integer.toString(counter)) + .png)): null

2019-01-09 12:33:38 - [TEST_STEP][PASSED] - Statement - counter = counter + 1: null

2019-01-09 12:33:38 - [TEST_STEP][PASSED] - Statement - PreSaveFile = new java.io.File(((pathPrefix + java.lang.Integer.toString(counter)) + .png)): null

2019-01-09 12:33:38 - [TEST_STEP][PASSED] - Statement - counter = counter + 1: null

2019-01-09 12:33:38 - [TEST_STEP][PASSED] - Statement - PreSaveFile = new java.io.File(((pathPrefix + java.lang.Integer.toString(counter)) + .png)): null

2019-01-09 12:33:38 - [TEST_STEP][PASSED] - Statement - counter = counter + 1: null

2019-01-09 12:33:38 - [TEST_STEP][PASSED] - Statement - PreSaveFile = new java.io.File(((pathPrefix + java.lang.Integer.toString(counter)) + .png)): null

2019-01-09 12:33:38 - [TEST_STEP][PASSED] - Statement - counter = counter + 1: null

2019-01-09 12:33:38 - [TEST_STEP][PASSED] - Statement - PreSaveFile = new java.io.File(((pathPrefix + java.lang.Integer.toString(counter)) + .png)): null

2019-01-09 12:33:38 - [TEST_STEP][PASSED] - Statement - counter = counter + 1: null

2019-01-09 12:33:38 - [TEST_STEP][PASSED] - Statement - PreSaveFile = new java.io.File(((pathPrefix + java.lang.Integer.toString(counter)) + .png)): null

2019-01-09 12:33:38 - [TEST_STEP][PASSED] - Statement - counter = counter + 1: null

2019-01-09 12:33:39 - [TEST_STEP][PASSED] - Statement - PreSaveFile = new java.io.File(((pathPrefix + java.lang.Integer.toString(counter)) + .png)): null

2019-01-09 12:33:39 - [TEST_STEP][PASSED] - Statement - counter = counter + 1: null

2019-01-09 12:33:39 - [TEST_STEP][PASSED] - Statement - PreSaveFile = new java.io.File(((pathPrefix + java.lang.Integer.toString(counter)) + .png)): null

2019-01-09 12:33:39 - [TEST_STEP][PASSED] - Statement - counter = counter + 1: null

2019-01-09 12:33:39 - [TEST_STEP][PASSED] - Statement - PreSaveFile = new java.io.File(((pathPrefix + java.lang.Integer.toString(counter)) + .png)): null

2019-01-09 12:33:39 - [TEST_STEP][PASSED] - Statement - counter = counter + 1: null

2019-01-09 12:33:39 - [TEST_STEP][PASSED] - Statement - PreSaveFile = new java.io.File(((pathPrefix + java.lang.Integer.toString(counter)) + .png)): null

2019-01-09 12:33:39 - [TEST_STEP][PASSED] - Statement - counter = counter + 1: null

2019-01-09 12:33:39 - [TEST_STEP][PASSED] - Statement - PreSaveFile = new java.io.File(((pathPrefix + java.lang.Integer.toString(counter)) + .png)): null

2019-01-09 12:33:39 - [TEST_STEP][PASSED] - Statement - counter = counter + 1: null

2019-01-09 12:33:39 - [TEST_STEP][PASSED] - Statement - PreSaveFile = new java.io.File(((pathPrefix + java.lang.Integer.toString(counter)) + .png)): null

2019-01-09 12:33:39 - [TEST_STEP][PASSED] - Statement - counter = counter + 1: null

2019-01-09 12:33:39 - [TEST_STEP][PASSED] - Statement - PreSaveFile = new java.io.File(((pathPrefix + java.lang.Integer.toString(counter)) + .png)): null

2019-01-09 12:33:39 - [TEST_STEP][PASSED] - Statement - counter = counter + 1: null

2019-01-09 12:33:39 - [TEST_STEP][PASSED] - Statement - PreSaveFile = new java.io.File(((pathPrefix + java.lang.Integer.toString(counter)) + .png)): null

2019-01-09 12:33:39 - [TEST_STEP][PASSED] - Statement - counter = counter + 1: null

2019-01-09 12:33:39 - [TEST_STEP][PASSED] - Statement - PreSaveFile = new java.io.File(((pathPrefix + java.lang.Integer.toString(counter)) + .png)): null

2019-01-09 12:33:39 - [TEST_STEP][PASSED] - Statement - counter = counter + 1: null

2019-01-09 12:33:39 - [TEST_STEP][PASSED] - Statement - PreSaveFile = new java.io.File(((pathPrefix + java.lang.Integer.toString(counter)) + .png)): null

2019-01-09 12:33:39 - [TEST_STEP][PASSED] - Statement - counter = counter + 1: null

2019-01-09 12:33:40 - [TEST_STEP][PASSED] - Statement - PreSaveFile = new java.io.File(((pathPrefix + java.lang.Integer.toString(counter)) + .png)): null

2019-01-09 12:33:40 - [TEST_STEP][PASSED] - Statement - counter = counter + 1: null

2019-01-09 12:33:40 - [TEST_STEP][PASSED] - Statement - PreSaveFile = new java.io.File(((pathPrefix + java.lang.Integer.toString(counter)) + .png)): null

2019-01-09 12:33:40 - [TEST_STEP][PASSED] - Statement - counter = counter + 1: null

2019-01-09 12:33:40 - [TEST_STEP][PASSED] - Statement - PreSaveFile = new java.io.File(((pathPrefix + java.lang.Integer.toString(counter)) + .png)): null

2019-01-09 12:33:40 - [TEST_STEP][PASSED] - Statement - counter = counter + 1: null

2019-01-09 12:33:40 - [TEST_STEP][PASSED] - Statement - PreSaveFile = new java.io.File(((pathPrefix + java.lang.Integer.toString(counter)) + .png)): null

2019-01-09 12:33:40 - [TEST_STEP][PASSED] - Statement - finalPath = pathPrefix + java.lang.Integer.toString(counter) + ".png": null

2019-01-09 12:33:40 - [TEST_STEP][PASSED] - Statement - SaveFile = new java.io.File(finalPath): null

2019-01-09 12:33:40 - [TEST_STEP][PASSED] - Statement - Try: null

2019-01-09 12:33:40 - [TEST_STEP][PASSED] - Statement - org.apache.commons.io.FileUtils.copyFile(scrFile, SaveFile): null

2019-01-09 12:33:40 - [TEST_STEP][PASSED] - Statement - out.println("file kept"): null

2019-01-09 12:33:40 - [TEST_STEP][PASSED] - delay: Delayed 10 second(s)

2019-01-09 12:33:50 - [MESSAGE][PASSED] - Delayed 10 second(s)

2019-01-09 12:33:50 - [MESSAGE][PASSED] - Call Test Case 'Test Cases/Final Aug 2018 - PKS Automation/Registration Module/New Registration/Submit and Screenshot/Submit Registration and Screenshot' successfully]]></system-out>
         <system-err><![CDATA[2019-01-09 12:14:57 - [TEST_CASE][FAILED] - Test Cases/Final Aug 2018 - PKS Automation/Registration Module/Workflow/New Registration/OTC - PKR BO - RO Query (Routed 2 Time): Test Cases/Final Aug 2018 - PKS Automation/Registration Module/Workflow/New Registration/OTC - PKR BO - RO Query (Routed 2 Time) FAILED because (of) (Stack trace: com.kms.katalon.core.exception.StepFailedException: Unable to click on object 'Object Repository/Final Object Repo/New Registration - Registration Module Pages/New Reg - OTC to RO/Special Case - All Related Objects/Continue Button in verifying case' (Root cause: org.openqa.selenium.ElementNotVisibleException: element not interactable
  (Session info: chrome=71.0.3578.98)
  (Driver info: chromedriver=2.43.600210 (68dcf5eebde37173d4027fa8635e332711d2874a),platform=Windows NT 6.1.7601 SP1 x86_64) (WARNING: The server did not provide any stacktrace information)
Command duration or timeout: 0 milliseconds
Build info: version: '3.7.1', revision: '8a0099a', time: '2017-11-06T21:07:36.161Z'
System info: host: 'WIN7TEST02', ip: '10.20.3.72', os.name: 'Windows 7', os.arch: 'amd64', os.version: '6.1', java.version: '1.8.0_181'
Driver info: com.kms.katalon.selenium.driver.CChromeDriver
Capabilities {acceptInsecureCerts: false, acceptSslCerts: false, applicationCacheEnabled: false, browserConnectionEnabled: false, browserName: chrome, chrome: {chromedriverVersion: 2.43.600210 (68dcf5eebde371..., userDataDir: C:\Users\Admin\AppData\Loca...}, cssSelectorsEnabled: true, databaseEnabled: false, goog:chromeOptions: {debuggerAddress: localhost:54047}, handlesAlerts: true, hasTouchScreen: false, javascriptEnabled: true, locationContextEnabled: true, mobileEmulationEnabled: false, nativeEvents: true, networkConnectionEnabled: false, pageLoadStrategy: normal, platform: XP, platformName: XP, rotatable: false, setWindowRect: true, takesHeapSnapshot: true, takesScreenshot: true, unexpectedAlertBehaviour: , unhandledPromptBehavior: , version: 71.0.3578.98, webStorageEnabled: true}
Session ID: 2fd86aff2a20d278af74c625f2bb856f)
	at com.kms.katalon.core.keyword.internal.KeywordMain.stepFailed(KeywordMain.groovy:32)
	at com.kms.katalon.core.webui.keyword.internal.WebUIKeywordMain.stepFailed(WebUIKeywordMain.groovy:65)
	at com.kms.katalon.core.webui.keyword.internal.WebUIKeywordMain.runKeyword(WebUIKeywordMain.groovy:27)
	at com.kms.katalon.core.webui.keyword.builtin.ClickKeyword.click(ClickKeyword.groovy:86)
	at com.kms.katalon.core.webui.keyword.builtin.ClickKeyword.execute(ClickKeyword.groovy:67)
	at com.kms.katalon.core.keyword.internal.KeywordExecutor.executeKeywordForPlatform(KeywordExecutor.groovy:53)
	at com.kms.katalon.core.webui.keyword.WebUiBuiltInKeywords.click(WebUiBuiltInKeywords.groovy:616)
	at com.kms.katalon.core.webui.keyword.WebUiBuiltInKeywords$click$2.call(Unknown Source)
	at org.codehaus.groovy.runtime.callsite.CallSiteArray.defaultCall(CallSiteArray.java:48)
	at org.codehaus.groovy.runtime.callsite.AbstractCallSite.call(AbstractCallSite.java:113)
	at org.codehaus.groovy.runtime.callsite.AbstractCallSite.call(AbstractCallSite.java:125)
	at Script1535599531593.run(Script1535599531593.groovy:167)
	at com.kms.katalon.core.main.ScriptEngine.run(ScriptEngine.java:183)
	at com.kms.katalon.core.main.ScriptEngine.runScriptAsRawText(ScriptEngine.java:108)
	at com.kms.katalon.core.main.TestCaseExecutor.runScript(TestCaseExecutor.java:294)
	at com.kms.katalon.core.main.TestCaseExecutor.doExecute(TestCaseExecutor.java:285)
	at com.kms.katalon.core.main.TestCaseExecutor.processExecutionPhase(TestCaseExecutor.java:264)
	at com.kms.katalon.core.main.TestCaseExecutor.accessMainPhase(TestCaseExecutor.java:256)
	at com.kms.katalon.core.main.TestCaseExecutor.execute(TestCaseExecutor.java:200)
	at com.kms.katalon.core.main.TestSuiteExecutor.accessTestCaseMainPhase(TestSuiteExecutor.java:129)
	at com.kms.katalon.core.main.TestSuiteExecutor.accessTestSuiteMainPhase(TestSuiteExecutor.java:112)
	at com.kms.katalon.core.main.TestSuiteExecutor.execute(TestSuiteExecutor.java:81)
	at com.kms.katalon.core.main.TestCaseMain.startTestSuite(TestCaseMain.java:142)
	at com.kms.katalon.core.main.TestCaseMain$startTestSuite$0.call(Unknown Source)
	at org.codehaus.groovy.runtime.callsite.CallSiteArray.defaultCall(CallSiteArray.java:48)
	at org.codehaus.groovy.runtime.callsite.AbstractCallSite.call(AbstractCallSite.java:113)
	at org.codehaus.groovy.runtime.callsite.AbstractCallSite.call(AbstractCallSite.java:141)
	at TempTestSuite1547001716520.run(TempTestSuite1547001716520.groovy:36)
	at groovy.lang.GroovyShell.runScriptOrMainOrTestOrRunnable(GroovyShell.java:263)
	at groovy.lang.GroovyShell.run(GroovyShell.java:518)
	at groovy.lang.GroovyShell.run(GroovyShell.java:507)
	at groovy.ui.GroovyMain.processOnce(GroovyMain.java:653)
	at groovy.ui.GroovyMain.run(GroovyMain.java:384)
	at groovy.ui.GroovyMain.process(GroovyMain.java:370)
	at groovy.ui.GroovyMain.processArgs(GroovyMain.java:129)
	at groovy.ui.GroovyMain.main(GroovyMain.java:109)
	at sun.reflect.NativeMethodAccessorImpl.invoke0(Native Method)
	at sun.reflect.NativeMethodAccessorImpl.invoke(NativeMethodAccessorImpl.java:62)
	at sun.reflect.DelegatingMethodAccessorImpl.invoke(DelegatingMethodAccessorImpl.java:43)
	at java.lang.reflect.Method.invoke(Method.java:498)
	at org.codehaus.groovy.tools.GroovyStarter.rootLoader(GroovyStarter.java:109)
	at org.codehaus.groovy.tools.GroovyStarter.main(GroovyStarter.java:131)
)]]></system-err>
      </testcase>
      <testcase name="Test Cases/Final Aug 2018 - PKS Automation/Registration Module/Workflow/New Registration/OTC - PKR BO - RO Submit(Routed 2 Time)" classname="Test Cases/Final Aug 2018 - PKS Automation/Registration Module/Workflow/New Registration/OTC - PKR BO - RO Submit(Routed 2 Time)" status="PASSED">
         <system-out><![CDATA[2019-01-09 12:33:50 - [TEST_CASE][PASSED] - Test Cases/Final Aug 2018 - PKS Automation/Registration Module/Workflow/New Registration/OTC - PKR BO - RO Submit(Routed 2 Time): Test Cases/Final Aug 2018 - PKS Automation/Registration Module/Workflow/New Registration/OTC - PKR BO - RO Submit(Routed 2 Time)

2019-01-09 12:33:51 - [TEST_STEP][PASSED] - callTestCase: Call Test Case 'Test Cases/Final Aug 2018 - PKS Automation/Registration Module/Workflow/New Registration/Template/Special Case - OTC - Form 1' successfully

2019-01-09 12:33:51 - [TEST_CASE][PASSED] - Test Cases/Final Aug 2018 - PKS Automation/Registration Module/Workflow/New Registration/Template/Special Case - OTC - Form 1: Test Cases/Final Aug 2018 - PKS Automation/Registration Module/Workflow/New Registration/Template/Special Case - OTC - Form 1

2019-01-09 12:33:51 - [TEST_STEP][PASSED] - openBrowser: Browser is opened with url: ''

2019-01-09 12:33:51 - [MESSAGE][WARNING] - A browser is already opened. Closing browser and opening a new one

2019-01-09 12:33:54 - [MESSAGE][PASSED] - Browser is opened with url: ''

2019-01-09 12:33:54 - [TEST_STEP][PASSED] - navigateToUrl: Navigate to 'https://assist2-uat.perkeso.gov.my/login' successfully

2019-01-09 12:33:55 - [MESSAGE][PASSED] - Navigate to 'https://assist2-uat.perkeso.gov.my/login' successfully

2019-01-09 12:33:55 - [TEST_STEP][PASSED] - delay: Delayed 2 second(s)

2019-01-09 12:33:57 - [MESSAGE][PASSED] - Delayed 2 second(s)

2019-01-09 12:33:57 - [TEST_STEP][PASSED] - setText: Text 'klotc2@gmail.com' is set on object 'Object Repository/Final Object Repo/Login Page/Internal User/Email Address'

2019-01-09 12:33:57 - [MESSAGE][PASSED] - Text 'klotc2@gmail.com' is set on object 'Object Repository/Final Object Repo/Login Page/Internal User/Email Address'

2019-01-09 12:33:57 - [TEST_STEP][PASSED] - click: Object: 'Object Repository/Final Object Repo/Login Page/Internal User/Next Button' is clicked on

2019-01-09 12:33:57 - [MESSAGE][PASSED] - Object: 'Object Repository/Final Object Repo/Login Page/Internal User/Next Button' is clicked on

2019-01-09 12:33:57 - [TEST_STEP][PASSED] - delay: Delayed 2 second(s)

2019-01-09 12:33:59 - [MESSAGE][PASSED] - Delayed 2 second(s)

2019-01-09 12:33:59 - [TEST_STEP][PASSED] - setText: Text 'Test1@3456789' is set on object 'Object Repository/Final Object Repo/Login Page/Internal User/Password'

2019-01-09 12:33:59 - [MESSAGE][PASSED] - Text 'Test1@3456789' is set on object 'Object Repository/Final Object Repo/Login Page/Internal User/Password'

2019-01-09 12:33:59 - [TEST_STEP][PASSED] - delay: Delayed 2 second(s)

2019-01-09 12:34:01 - [MESSAGE][PASSED] - Delayed 2 second(s)

2019-01-09 12:34:01 - [TEST_STEP][PASSED] - click: Object: 'Object Repository/Final Object Repo/Login Page/Internal User/Login Button' is clicked on

2019-01-09 12:34:02 - [MESSAGE][PASSED] - Object: 'Object Repository/Final Object Repo/Login Page/Internal User/Login Button' is clicked on

2019-01-09 12:34:02 - [TEST_STEP][PASSED] - Statement - Try: null

2019-01-09 12:34:02 - [TEST_STEP][PASSED] - Statement - Checker = com.kms.katalon.core.webui.keyword.WebUiBuiltInKeywords.verifyElementNotPresent("Final Object Repo/Landing Page/Select to English", 3): null

2019-01-09 12:34:02 - [TEST_STEP][PASSED] - Statement - Catch (Exception e): null

2019-01-09 12:34:02 - [TEST_STEP][PASSED] - Statement - e.printStackTrace(): null

2019-01-09 12:34:02 - [TEST_STEP][PASSED] - delay: Delayed 5 second(s)

2019-01-09 12:34:07 - [MESSAGE][PASSED] - Delayed 5 second(s)

2019-01-09 12:34:07 - [TEST_STEP][PASSED] - click: Object: 'Object Repository/Final Object Repo/Landing Page/My Sites Drop Down' is clicked on

2019-01-09 12:34:07 - [MESSAGE][PASSED] - Object: 'Object Repository/Final Object Repo/Landing Page/My Sites Drop Down' is clicked on

2019-01-09 12:34:07 - [TEST_STEP][PASSED] - click: Object: 'Object Repository/Final Object Repo/Landing Page/Select to Registration Module' is clicked on

2019-01-09 12:34:08 - [MESSAGE][PASSED] - Object: 'Object Repository/Final Object Repo/Landing Page/Select to Registration Module' is clicked on

2019-01-09 12:34:08 - [TEST_STEP][PASSED] - click: Object: 'Object Repository/Final Object Repo/Landing Page/Registration Button' is clicked on

2019-01-09 12:34:09 - [MESSAGE][PASSED] - Object: 'Object Repository/Final Object Repo/Landing Page/Registration Button' is clicked on

2019-01-09 12:34:09 - [TEST_STEP][PASSED] - delay: Delayed 2 second(s)

2019-01-09 12:34:11 - [MESSAGE][PASSED] - Delayed 2 second(s)

2019-01-09 12:34:11 - [TEST_STEP][PASSED] - click: Object: 'Object Repository/Final Object Repo/New Registration - Registration Module Pages/New Reg - OTC to RO/Special Case - OTC - Form 1/AEC NO' is clicked on

2019-01-09 12:34:12 - [MESSAGE][PASSED] - Object: 'Object Repository/Final Object Repo/New Registration - Registration Module Pages/New Reg - OTC to RO/Special Case - OTC - Form 1/AEC NO' is clicked on

2019-01-09 12:34:12 - [TEST_STEP][PASSED] - click: Object: 'Object Repository/Final Object Repo/New Registration - Registration Module Pages/New Reg - OTC to RO/Special Case - OTC - Form 1/Business Entity - Please Select' is clicked on

2019-01-09 12:34:12 - [MESSAGE][PASSED] - Object: 'Object Repository/Final Object Repo/New Registration - Registration Module Pages/New Reg - OTC to RO/Special Case - OTC - Form 1/Business Entity - Please Select' is clicked on

2019-01-09 12:34:12 - [TEST_STEP][PASSED] - click: Object: 'Object Repository/Final Object Repo/New Registration - Registration Module Pages/New Reg - OTC to RO/Special Case - OTC - Form 1/Selected - Corporation' is clicked on

2019-01-09 12:34:12 - [MESSAGE][PASSED] - Object: 'Object Repository/Final Object Repo/New Registration - Registration Module Pages/New Reg - OTC to RO/Special Case - OTC - Form 1/Selected - Corporation' is clicked on

2019-01-09 12:34:12 - [TEST_STEP][PASSED] - delay: Delayed 2 second(s)

2019-01-09 12:34:14 - [MESSAGE][PASSED] - Delayed 2 second(s)

2019-01-09 12:34:14 - [TEST_STEP][PASSED] - click: Object: 'Object Repository/Final Object Repo/New Registration - Registration Module Pages/New Reg - OTC to RO/Special Case - OTC - Form 1/Sub Business Entity - Please Select' is clicked on

2019-01-09 12:34:14 - [MESSAGE][PASSED] - Object: 'Object Repository/Final Object Repo/New Registration - Registration Module Pages/New Reg - OTC to RO/Special Case - OTC - Form 1/Sub Business Entity - Please Select' is clicked on

2019-01-09 12:34:14 - [TEST_STEP][PASSED] - delay: Delayed 2 second(s)

2019-01-09 12:34:16 - [MESSAGE][PASSED] - Delayed 2 second(s)

2019-01-09 12:34:16 - [TEST_STEP][PASSED] - click: Object: 'Object Repository/Final Object Repo/New Registration - Registration Module Pages/New Reg - OTC to RO/Special Case - OTC - Form 1/Selected - Sendirian Berhad' is clicked on

2019-01-09 12:34:16 - [MESSAGE][PASSED] - Object: 'Object Repository/Final Object Repo/New Registration - Registration Module Pages/New Reg - OTC to RO/Special Case - OTC - Form 1/Selected - Sendirian Berhad' is clicked on

2019-01-09 12:34:17 - [TEST_STEP][PASSED] - setText: Text 'AUTOMATE001' is set on object 'Object Repository/Final Object Repo/New Registration - Registration Module Pages/New Reg - OTC to RO/Special Case - OTC - Form 1/Input BRN Number'

2019-01-09 12:34:17 - [MESSAGE][PASSED] - Text 'AUTOMATE001' is set on object 'Object Repository/Final Object Repo/New Registration - Registration Module Pages/New Reg - OTC to RO/Special Case - OTC - Form 1/Input BRN Number'

2019-01-09 12:34:17 - [TEST_STEP][PASSED] - delay: Delayed 2 second(s)

2019-01-09 12:34:19 - [MESSAGE][PASSED] - Delayed 2 second(s)

2019-01-09 12:34:19 - [TEST_STEP][PASSED] - click: Object: 'Object Repository/Final Object Repo/New Registration - Registration Module Pages/New Reg - OTC to RO/Special Case - OTC - Form 1/BRN Search' is clicked on

2019-01-09 12:34:19 - [MESSAGE][PASSED] - Object: 'Object Repository/Final Object Repo/New Registration - Registration Module Pages/New Reg - OTC to RO/Special Case - OTC - Form 1/BRN Search' is clicked on

2019-01-09 12:34:19 - [TEST_STEP][PASSED] - delay: Delayed 4 second(s)

2019-01-09 12:34:23 - [MESSAGE][PASSED] - Delayed 4 second(s)

2019-01-09 12:34:23 - [TEST_STEP][PASSED] - click: Object: 'Object Repository/Final Object Repo/New Registration - Registration Module Pages/New Reg - OTC to RO/Special Case - OTC - Form 1/Registered with SSM - After Feb 2017' is clicked on

2019-01-09 12:34:23 - [MESSAGE][PASSED] - Object: 'Object Repository/Final Object Repo/New Registration - Registration Module Pages/New Reg - OTC to RO/Special Case - OTC - Form 1/Registered with SSM - After Feb 2017' is clicked on

2019-01-09 12:34:23 - [TEST_STEP][PASSED] - delay: Delayed 2 second(s)

2019-01-09 12:34:25 - [MESSAGE][PASSED] - Delayed 2 second(s)

2019-01-09 12:34:25 - [TEST_STEP][PASSED] - click: Object: 'Object Repository/Final Object Repo/New Registration - Registration Module Pages/New Reg - OTC to RO/Special Case - OTC - Form 1/Registering As A Branch - No' is clicked on

2019-01-09 12:34:26 - [MESSAGE][PASSED] - Object: 'Object Repository/Final Object Repo/New Registration - Registration Module Pages/New Reg - OTC to RO/Special Case - OTC - Form 1/Registering As A Branch - No' is clicked on

2019-01-09 12:34:26 - [TEST_STEP][PASSED] - click: Object: 'Object Repository/Final Object Repo/New Registration - Registration Module Pages/New Reg - OTC to RO/Special Case - OTC - Form 1/Acknowledgement Ticked' is clicked on

2019-01-09 12:34:26 - [MESSAGE][PASSED] - Object: 'Object Repository/Final Object Repo/New Registration - Registration Module Pages/New Reg - OTC to RO/Special Case - OTC - Form 1/Acknowledgement Ticked' is clicked on

2019-01-09 12:34:26 - [TEST_STEP][PASSED] - click: Object: 'Object Repository/Final Object Repo/New Registration - Registration Module Pages/New Reg - OTC to RO/Special Case - OTC - Form 1/Submit Button' is clicked on

2019-01-09 12:34:26 - [MESSAGE][PASSED] - Object: 'Object Repository/Final Object Repo/New Registration - Registration Module Pages/New Reg - OTC to RO/Special Case - OTC - Form 1/Submit Button' is clicked on

2019-01-09 12:34:26 - [TEST_STEP][PASSED] - delay: Delayed 2 second(s)

2019-01-09 12:34:28 - [MESSAGE][PASSED] - Delayed 2 second(s)

2019-01-09 12:34:28 - [TEST_STEP][PASSED] - click: Object: 'Object Repository/Final Object Repo/New Registration - Registration Module Pages/New Reg - OTC to RO/Special Case - OTC - Form 1/Confirm No Flagging as Branch' is clicked on

2019-01-09 12:34:28 - [MESSAGE][PASSED] - Object: 'Object Repository/Final Object Repo/New Registration - Registration Module Pages/New Reg - OTC to RO/Special Case - OTC - Form 1/Confirm No Flagging as Branch' is clicked on

2019-01-09 12:34:28 - [MESSAGE][PASSED] - Call Test Case 'Test Cases/Final Aug 2018 - PKS Automation/Registration Module/Workflow/New Registration/Template/Special Case - OTC - Form 1' successfully

2019-01-09 12:34:28 - [TEST_STEP][PASSED] - callTestCase: Call Test Case 'Test Cases/Final Aug 2018 - PKS Automation/Registration Module/New Registration/Form 2/Add 1 Eligible - Incomplete' successfully

2019-01-09 12:34:28 - [TEST_CASE][PASSED] - Test Cases/Final Aug 2018 - PKS Automation/Registration Module/New Registration/Form 2/Add 1 Eligible - Incomplete: Test Cases/Final Aug 2018 - PKS Automation/Registration Module/New Registration/Form 2/Add 1 Eligible - Incomplete

2019-01-09 12:34:28 - [TEST_STEP][PASSED] - delay: Delayed 2 second(s)

2019-01-09 12:34:30 - [MESSAGE][PASSED] - Delayed 2 second(s)

2019-01-09 12:34:30 - [TEST_STEP][PASSED] - callTestCase: Call Test Case 'Test Cases/Final Aug 2018 - PKS Automation/Registration Module/New Registration/Form 2/Date Updater' successfully

2019-01-09 12:34:30 - [TEST_CASE][PASSED] - Test Cases/Final Aug 2018 - PKS Automation/Registration Module/New Registration/Form 2/Date Updater: Test Cases/Final Aug 2018 - PKS Automation/Registration Module/New Registration/Form 2/Date Updater

2019-01-09 12:34:30 - [TEST_STEP][PASSED] - Statement - TodayDate = new java.util.Date(): null

2019-01-09 12:34:30 - [TEST_STEP][PASSED] - Statement - CurrentDateNoFilter = new java.text.SimpleDateFormat(): null

2019-01-09 12:34:30 - [TEST_STEP][PASSED] - Statement - CurrentDateNoFilter.applyPattern("MM"): null

2019-01-09 12:34:30 - [TEST_STEP][PASSED] - Statement - monthContainerMatcher = java.lang.Integer.parseInt(CurrentDateNoFilter.format(TodayDate)): null

2019-01-09 12:34:30 - [TEST_STEP][PASSED] - Statement - monthContainerMatcher = monthContainerMatcher - 1: null

2019-01-09 12:34:30 - [TEST_STEP][PASSED] - Statement - CurrentMonth = monthContainerMatcher.toString(): null

2019-01-09 12:34:30 - [TEST_STEP][PASSED] - Statement - CurrentMonth = CurrentMonth: null

2019-01-09 12:34:30 - [TEST_STEP][PASSED] - Statement - CurrentDateNoFilter.applyPattern("yyyy"): null

2019-01-09 12:34:30 - [TEST_STEP][PASSED] - Statement - CurrentYear = CurrentDateNoFilter.format(TodayDate): null

2019-01-09 12:34:30 - [TEST_STEP][PASSED] - Statement - CurrentYear = CurrentYear: null

2019-01-09 12:34:30 - [TEST_STEP][PASSED] - Statement - intCurrentYear = java.lang.Integer.parseInt(CurrentDateNoFilter.format(TodayDate)): null

2019-01-09 12:34:30 - [TEST_STEP][PASSED] - Statement - eighteenYrsAgo = intCurrentYear - 18: null

2019-01-09 12:34:30 - [TEST_STEP][PASSED] - Statement - eighteenYrsBeforeThisYr = eighteenYrsAgo.toString(): null

2019-01-09 12:34:30 - [TEST_STEP][PASSED] - Statement - EighteenYrsBefore = eighteenYrsBeforeThisYr: null

2019-01-09 12:34:30 - [TEST_STEP][PASSED] - Statement - fiftysevenYrsAgo = intCurrentYear - 57: null

2019-01-09 12:34:30 - [TEST_STEP][PASSED] - Statement - fiftysevenYrsBeforeThisYr = fiftysevenYrsAgo.toString(): null

2019-01-09 12:34:30 - [TEST_STEP][PASSED] - Statement - FiftysevenYrsBefore = fiftysevenYrsBeforeThisYr: null

2019-01-09 12:34:30 - [TEST_STEP][PASSED] - Statement - leapYear = false: null

2019-01-09 12:34:30 - [TEST_STEP][PASSED] - Statement - leapYear = intCurrentYear % 4 == 0: null

2019-01-09 12:34:30 - [TEST_STEP][PASSED] - Statement - CurrentDateNoFilter.applyPattern("dd"): null

2019-01-09 12:34:30 - [TEST_STEP][PASSED] - Statement - CurrentDate = CurrentDateNoFilter.format(TodayDate): null

2019-01-09 12:34:30 - [TEST_STEP][PASSED] - Statement - CurrentDate = java.lang.Integer.parseInt(CurrentDate): null

2019-01-09 12:34:30 - [TEST_STEP][PASSED] - Statement - CurrentDate = CurrentDate: null

2019-01-09 12:34:30 - [TEST_STEP][PASSED] - Statement - CurrentDay = java.lang.Integer.parseInt(CurrentDate): null

2019-01-09 12:34:30 - [TEST_STEP][PASSED] - Statement - ConfAdder = <not implemented yet for class: org.codehaus.groovy.ast.expr.EmptyExpression>: null

2019-01-09 12:34:30 - [TEST_STEP][PASSED] - Statement - out.println(CurrentMonth): null

2019-01-09 12:34:30 - [TEST_STEP][PASSED] - Statement - out.println(CurrentDate): null

2019-01-09 12:34:30 - [TEST_STEP][PASSED] - Statement - switch (CurrentDate): null

2019-01-09 12:34:30 - [TEST_STEP][PASSED] - Statement - Default: null

2019-01-09 12:34:30 - [TEST_STEP][PASSED] - Statement - ConfAdder = true: null

2019-01-09 12:34:30 - [TEST_STEP][PASSED] - Statement - Break: null

2019-01-09 12:34:30 - [TEST_STEP][PASSED] - Statement - aDayBefore = <not implemented yet for class: org.codehaus.groovy.ast.expr.EmptyExpression>: null

2019-01-09 12:34:30 - [TEST_STEP][PASSED] - Statement - out.println(ConfAdder): null

2019-01-09 12:34:30 - [TEST_STEP][PASSED] - Statement - If (ConfAdder == true): null

2019-01-09 12:34:30 - [TEST_STEP][PASSED] - Statement - aDayBefore = CurrentDay + 1: null

2019-01-09 12:34:30 - [TEST_STEP][PASSED] - Statement - out.println(aDayBefore): null

2019-01-09 12:34:31 - [TEST_STEP][PASSED] - Statement - If (aDayBefore == 1 && CurrentMonth == 11): null

2019-01-09 12:34:31 - [TEST_STEP][PASSED] - Statement - DayBefore = aDayBefore.toString(): null

2019-01-09 12:34:31 - [TEST_STEP][PASSED] - Statement - OneDayBefore = DayBefore: null

2019-01-09 12:34:31 - [MESSAGE][PASSED] - Call Test Case 'Test Cases/Final Aug 2018 - PKS Automation/Registration Module/New Registration/Form 2/Date Updater' successfully

2019-01-09 12:34:31 - [TEST_STEP][PASSED] - Statement - CaseReferenceNo = com.kms.katalon.core.webui.keyword.WebUiBuiltInKeywords.getText(com.kms.katalon.core.testobject.ObjectRepository.findTestObject(Final Object Repo/New Registration - Registration Module Pages/Form 2/RefNo Acquiring)): Text of object 'Object Repository/Final Object Repo/New Registration - Registration Module Pages/Form 2/RefNo Acquiring' is: 'CRN01201900123681'

2019-01-09 12:34:31 - [MESSAGE][PASSED] - Text of object 'Object Repository/Final Object Repo/New Registration - Registration Module Pages/Form 2/RefNo Acquiring' is: 'CRN01201900123681'

2019-01-09 12:34:31 - [TEST_STEP][PASSED] - delay: Delayed 4 second(s)

2019-01-09 12:34:35 - [MESSAGE][PASSED] - Delayed 4 second(s)

2019-01-09 12:34:35 - [TEST_STEP][PASSED] - click: Object: 'Object Repository/Final Object Repo/New Registration - Registration Module Pages/Form 2/Add Employee Button' is clicked on

2019-01-09 12:34:35 - [MESSAGE][PASSED] - Object: 'Object Repository/Final Object Repo/New Registration - Registration Module Pages/Form 2/Add Employee Button' is clicked on

2019-01-09 12:34:35 - [TEST_STEP][PASSED] - delay: Delayed 1 second(s)

2019-01-09 12:34:36 - [MESSAGE][PASSED] - Delayed 1 second(s)

2019-01-09 12:34:36 - [TEST_STEP][PASSED] - setText: Text '010903091984' is set on object 'Object Repository/Final Object Repo/New Registration - Registration Module Pages/Form 2/NRIC Input'

2019-01-09 12:34:37 - [MESSAGE][PASSED] - Text '010903091984' is set on object 'Object Repository/Final Object Repo/New Registration - Registration Module Pages/Form 2/NRIC Input'

2019-01-09 12:34:37 - [TEST_STEP][PASSED] - click: Object: 'Object Repository/Final Object Repo/New Registration - Registration Module Pages/Form 2/button for search for IC' is clicked on

2019-01-09 12:34:37 - [MESSAGE][PASSED] - Object: 'Object Repository/Final Object Repo/New Registration - Registration Module Pages/Form 2/button for search for IC' is clicked on

2019-01-09 12:34:37 - [TEST_STEP][PASSED] - delay: Delayed 2 second(s)

2019-01-09 12:34:39 - [MESSAGE][PASSED] - Delayed 2 second(s)

2019-01-09 12:34:39 - [TEST_STEP][PASSED] - setText: Text 'Automate001 eligible 1' is set on object 'Object Repository/Final Object Repo/New Registration - Registration Module Pages/Form 2/Employee Name Input'

2019-01-09 12:34:39 - [MESSAGE][PASSED] - Text 'Automate001 eligible 1' is set on object 'Object Repository/Final Object Repo/New Registration - Registration Module Pages/Form 2/Employee Name Input'

2019-01-09 12:34:39 - [TEST_STEP][PASSED] - delay: Delayed 2 second(s)

2019-01-09 12:34:41 - [MESSAGE][PASSED] - Delayed 2 second(s)

2019-01-09 12:34:41 - [TEST_STEP][PASSED] - click: Object: 'Object Repository/Final Object Repo/New Registration - Registration Module Pages/Form 2/DatePicker Pop Up' is clicked on

2019-01-09 12:34:42 - [MESSAGE][PASSED] - Object: 'Object Repository/Final Object Repo/New Registration - Registration Module Pages/Form 2/DatePicker Pop Up' is clicked on

2019-01-09 12:34:42 - [TEST_STEP][PASSED] - click: Object: 'Object Repository/Final Object Repo/New Registration - Registration Module Pages/Form 2/DOB Month' is clicked on

2019-01-09 12:34:42 - [MESSAGE][PASSED] - Object: 'Object Repository/Final Object Repo/New Registration - Registration Module Pages/Form 2/DOB Month' is clicked on

2019-01-09 12:34:42 - [TEST_STEP][PASSED] - Statement - CurrentMonth = CurrentMonth: null

2019-01-09 12:34:42 - [TEST_STEP][PASSED] - Statement - selectMonth = new com.kms.katalon.core.testobject.TestObject(): null

2019-01-09 12:34:42 - [TEST_STEP][PASSED] - Statement - selectMonth.addProperty("xpath", EQUALS, "//body/div/div/div/select/option[@value='" + CurrentMonth + "']", true): null

2019-01-09 12:34:42 - [TEST_STEP][PASSED] - click: Object: '' is clicked on

2019-01-09 12:34:42 - [MESSAGE][PASSED] - Object: '' is clicked on

2019-01-09 12:34:42 - [TEST_STEP][PASSED] - click: Object: 'Object Repository/Final Object Repo/New Registration - Registration Module Pages/Form 2/DOB Year' is clicked on

2019-01-09 12:34:42 - [MESSAGE][PASSED] - Object: 'Object Repository/Final Object Repo/New Registration - Registration Module Pages/Form 2/DOB Year' is clicked on

2019-01-09 12:34:42 - [TEST_STEP][PASSED] - Statement - Eyearsbf = EighteenYrsBefore: null

2019-01-09 12:34:42 - [TEST_STEP][PASSED] - Statement - selectYear = new com.kms.katalon.core.testobject.TestObject(): null

2019-01-09 12:34:42 - [TEST_STEP][PASSED] - Statement - selectYear.addProperty("xpath", EQUALS, "//div/div/div/select/option[@value='" + Eyearsbf + "']", true): null

2019-01-09 12:34:42 - [TEST_STEP][PASSED] - click: Object: '' is clicked on

2019-01-09 12:34:42 - [MESSAGE][PASSED] - Object: '' is clicked on

2019-01-09 12:34:42 - [TEST_STEP][PASSED] - Statement - UpdatedSelectDate = com.kms.katalon.core.webui.keyword.WebUiBuiltInKeywords.modifyObjectProperty(com.kms.katalon.core.testobject.ObjectRepository.findTestObject(Final Object Repo/New Registration - Registration Module Pages/Form 2/DOB Date), "xpath", "equals", "//body/div/table/tbody/tr/td/a[text()="" + CurrentDate + ""]", true): Modify property of object successfully

2019-01-09 12:34:42 - [MESSAGE][PASSED] - Modify property of object successfully

2019-01-09 12:34:42 - [TEST_STEP][PASSED] - delay: Delayed 3 second(s)

2019-01-09 12:34:45 - [MESSAGE][PASSED] - Delayed 3 second(s)

2019-01-09 12:34:45 - [TEST_STEP][PASSED] - click: Object: 'Object Repository/Final Object Repo/New Registration - Registration Module Pages/Form 2/DOB Date' is clicked on

2019-01-09 12:34:45 - [MESSAGE][PASSED] - Object: 'Object Repository/Final Object Repo/New Registration - Registration Module Pages/Form 2/DOB Date' is clicked on

2019-01-09 12:34:45 - [TEST_STEP][PASSED] - delay: Delayed 2 second(s)

2019-01-09 12:34:47 - [MESSAGE][PASSED] - Delayed 2 second(s)

2019-01-09 12:34:47 - [TEST_STEP][PASSED] - click: Object: 'Object Repository/Final Object Repo/New Registration - Registration Module Pages/Form 2/EmploymentStartDate Pop Up' is clicked on

2019-01-09 12:34:48 - [MESSAGE][PASSED] - Object: 'Object Repository/Final Object Repo/New Registration - Registration Module Pages/Form 2/EmploymentStartDate Pop Up' is clicked on

2019-01-09 12:34:48 - [TEST_STEP][PASSED] - delay: Delayed 2 second(s)

2019-01-09 12:34:50 - [MESSAGE][PASSED] - Delayed 2 second(s)

2019-01-09 12:34:50 - [TEST_STEP][PASSED] - click: Object: 'Object Repository/Final Object Repo/New Registration - Registration Module Pages/Form 2/Socso Employment StartDate Month' is clicked on

2019-01-09 12:34:50 - [MESSAGE][PASSED] - Object: 'Object Repository/Final Object Repo/New Registration - Registration Module Pages/Form 2/Socso Employment StartDate Month' is clicked on

2019-01-09 12:34:50 - [TEST_STEP][PASSED] - delay: Delayed 1 second(s)

2019-01-09 12:34:51 - [MESSAGE][PASSED] - Delayed 1 second(s)

2019-01-09 12:34:51 - [TEST_STEP][PASSED] - click: Object: 'Object Repository/Final Object Repo/New Registration - Registration Module Pages/Form 2/Select Socso Employement Startdate Month' is clicked on

2019-01-09 12:34:51 - [MESSAGE][PASSED] - Object: 'Object Repository/Final Object Repo/New Registration - Registration Module Pages/Form 2/Select Socso Employement Startdate Month' is clicked on

2019-01-09 12:34:51 - [TEST_STEP][PASSED] - delay: Delayed 2 second(s)

2019-01-09 12:34:53 - [MESSAGE][PASSED] - Delayed 2 second(s)

2019-01-09 12:34:53 - [TEST_STEP][PASSED] - click: Object: 'Object Repository/Final Object Repo/New Registration - Registration Module Pages/Form 2/Socso Employment StartDate Year' is clicked on

2019-01-09 12:34:53 - [MESSAGE][PASSED] - Object: 'Object Repository/Final Object Repo/New Registration - Registration Module Pages/Form 2/Socso Employment StartDate Year' is clicked on

2019-01-09 12:34:53 - [TEST_STEP][PASSED] - delay: Delayed 1 second(s)

2019-01-09 12:34:54 - [MESSAGE][PASSED] - Delayed 1 second(s)

2019-01-09 12:34:54 - [TEST_STEP][PASSED] - click: Object: 'Object Repository/Final Object Repo/New Registration - Registration Module Pages/Form 2/Select Socso Employment Startdate Year' is clicked on

2019-01-09 12:34:54 - [MESSAGE][PASSED] - Object: 'Object Repository/Final Object Repo/New Registration - Registration Module Pages/Form 2/Select Socso Employment Startdate Year' is clicked on

2019-01-09 12:34:54 - [TEST_STEP][PASSED] - delay: Delayed 2 second(s)

2019-01-09 12:34:56 - [MESSAGE][PASSED] - Delayed 2 second(s)

2019-01-09 12:34:56 - [TEST_STEP][PASSED] - click: Object: 'Object Repository/Final Object Repo/New Registration - Registration Module Pages/Form 2/Socso Employment Start Date Day' is clicked on

2019-01-09 12:34:57 - [MESSAGE][PASSED] - Object: 'Object Repository/Final Object Repo/New Registration - Registration Module Pages/Form 2/Socso Employment Start Date Day' is clicked on

2019-01-09 12:34:57 - [TEST_STEP][PASSED] - delay: Delayed 2 second(s)

2019-01-09 12:34:59 - [MESSAGE][PASSED] - Delayed 2 second(s)

2019-01-09 12:34:59 - [TEST_STEP][PASSED] - click: Object: 'Object Repository/Final Object Repo/New Registration - Registration Module Pages/Form 2/Save Button for Add Employee' is clicked on

2019-01-09 12:34:59 - [MESSAGE][PASSED] - Object: 'Object Repository/Final Object Repo/New Registration - Registration Module Pages/Form 2/Save Button for Add Employee' is clicked on

2019-01-09 12:34:59 - [TEST_STEP][PASSED] - delay: Delayed 6 second(s)

2019-01-09 12:35:05 - [MESSAGE][PASSED] - Delayed 6 second(s)

2019-01-09 12:35:05 - [TEST_STEP][PASSED] - click: Object: 'Object Repository/Final Object Repo/New Registration - Registration Module Pages/Form 2/Incomplete Checkbox' is clicked on

2019-01-09 12:35:05 - [MESSAGE][PASSED] - Object: 'Object Repository/Final Object Repo/New Registration - Registration Module Pages/Form 2/Incomplete Checkbox' is clicked on

2019-01-09 12:35:05 - [TEST_STEP][PASSED] - delay: Delayed 2 second(s)

2019-01-09 12:35:07 - [MESSAGE][PASSED] - Delayed 2 second(s)

2019-01-09 12:35:07 - [TEST_STEP][PASSED] - click: Object: 'Object Repository/Final Object Repo/New Registration - Registration Module Pages/Form 2/Save and Continue Form 2' is clicked on

2019-01-09 12:35:07 - [MESSAGE][PASSED] - Object: 'Object Repository/Final Object Repo/New Registration - Registration Module Pages/Form 2/Save and Continue Form 2' is clicked on

2019-01-09 12:35:07 - [MESSAGE][PASSED] - Call Test Case 'Test Cases/Final Aug 2018 - PKS Automation/Registration Module/New Registration/Form 2/Add 1 Eligible - Incomplete' successfully

2019-01-09 12:35:07 - [TEST_STEP][PASSED] - callTestCase: Call Test Case 'Test Cases/Final Aug 2018 - PKS Automation/Registration Module/New Registration/Flow of New Registration/Third Screen - Upload Supporting Doc - Preview' successfully

2019-01-09 12:35:07 - [TEST_CASE][PASSED] - Test Cases/Final Aug 2018 - PKS Automation/Registration Module/New Registration/Flow of New Registration/Third Screen - Upload Supporting Doc - Preview: Test Cases/Final Aug 2018 - PKS Automation/Registration Module/New Registration/Flow of New Registration/Third Screen - Upload Supporting Doc - Preview

2019-01-09 12:35:07 - [TEST_STEP][PASSED] - waitForPageLoad: Wait for page load successfully

2019-01-09 12:35:08 - [MESSAGE][PASSED] - Wait for page load successfully

2019-01-09 12:35:08 - [TEST_STEP][PASSED] - Statement - CaseReferenceNo = com.kms.katalon.core.webui.keyword.WebUiBuiltInKeywords.getText(com.kms.katalon.core.testobject.ObjectRepository.findTestObject(Final Object Repo/New Registration - Registration Module Pages/Third Screen - Upload Supporting Doc- Preview/RefNo Acquiring)): Text of object 'Object Repository/Final Object Repo/New Registration - Registration Module Pages/Third Screen - Upload Supporting Doc- Preview/RefNo Acquiring' is: 'CRN01201900123681'

2019-01-09 12:35:08 - [MESSAGE][PASSED] - Text of object 'Object Repository/Final Object Repo/New Registration - Registration Module Pages/Third Screen - Upload Supporting Doc- Preview/RefNo Acquiring' is: 'CRN01201900123681'

2019-01-09 12:35:08 - [TEST_STEP][PASSED] - delay: Delayed 2 second(s)

2019-01-09 12:35:10 - [MESSAGE][PASSED] - Delayed 2 second(s)

2019-01-09 12:35:10 - [TEST_STEP][PASSED] - callTestCase: Call Test Case 'Test Cases/Final Aug 2018 - PKS Automation/Common/Reference Number Setter' successfully

2019-01-09 12:35:10 - [TEST_CASE][PASSED] - Test Cases/Final Aug 2018 - PKS Automation/Common/Reference Number Setter: Test Cases/Final Aug 2018 - PKS Automation/Common/Reference Number Setter

2019-01-09 12:35:10 - [TEST_STEP][PASSED] - Statement - RefNoOldFile = new java.io.File(C://Users//Admin//Desktop//PKS//Automation Reference Point//KatalonReference.txt): null

2019-01-09 12:35:10 - [TEST_STEP][PASSED] - Statement - RefNoOldFile.delete(): null

2019-01-09 12:35:10 - [TEST_STEP][PASSED] - delay: Delayed 5 second(s)

2019-01-09 12:35:15 - [MESSAGE][PASSED] - Delayed 5 second(s)

2019-01-09 12:35:15 - [TEST_STEP][PASSED] - Statement - RefNo = new java.io.File(C://Users//Admin//Desktop//PKS//Automation Reference Point//KatalonReference.txt): null

2019-01-09 12:35:15 - [TEST_STEP][PASSED] - Statement - f2 = new java.io.FileWriter(RefNo, false): null

2019-01-09 12:35:15 - [TEST_STEP][PASSED] - Statement - f2.write(CaseReferenceNo): null

2019-01-09 12:35:15 - [TEST_STEP][PASSED] - Statement - f2.close(): null

2019-01-09 12:35:15 - [TEST_STEP][PASSED] - Statement - out.println("


" + CaseReferenceNo + "


"): null

2019-01-09 12:35:15 - [MESSAGE][PASSED] - Call Test Case 'Test Cases/Final Aug 2018 - PKS Automation/Common/Reference Number Setter' successfully

2019-01-09 12:35:15 - [TEST_STEP][PASSED] - waitForElementClickable: Object 'Object Repository/Final Object Repo/New Registration - Registration Module Pages/Third Screen - Upload Supporting Doc- Preview/Save n Continue in SIP Employee Listing Page' is clickable

2019-01-09 12:35:15 - [MESSAGE][PASSED] - Object 'Object Repository/Final Object Repo/New Registration - Registration Module Pages/Third Screen - Upload Supporting Doc- Preview/Save n Continue in SIP Employee Listing Page' is clickable

2019-01-09 12:35:15 - [TEST_STEP][PASSED] - click: Object: 'Object Repository/Final Object Repo/New Registration - Registration Module Pages/Third Screen - Upload Supporting Doc- Preview/Save n Continue in SIP Employee Listing Page' is clicked on

2019-01-09 12:35:20 - [MESSAGE][PASSED] - Object: 'Object Repository/Final Object Repo/New Registration - Registration Module Pages/Third Screen - Upload Supporting Doc- Preview/Save n Continue in SIP Employee Listing Page' is clicked on

2019-01-09 12:35:20 - [TEST_STEP][PASSED] - delay: Delayed 7 second(s)

2019-01-09 12:35:27 - [MESSAGE][PASSED] - Delayed 7 second(s)

2019-01-09 12:35:27 - [TEST_STEP][PASSED] - click: Object: 'Object Repository/Final Object Repo/New Registration - Registration Module Pages/Third Screen - Upload Supporting Doc- Preview/Add Document Button' is clicked on

2019-01-09 12:35:28 - [MESSAGE][PASSED] - Object: 'Object Repository/Final Object Repo/New Registration - Registration Module Pages/Third Screen - Upload Supporting Doc- Preview/Add Document Button' is clicked on

2019-01-09 12:35:28 - [TEST_STEP][PASSED] - delay: Delayed 30 second(s)

2019-01-09 12:35:58 - [MESSAGE][PASSED] - Delayed 30 second(s)

2019-01-09 12:35:58 - [TEST_STEP][PASSED] - click: Object: 'Object Repository/Final Object Repo/New Registration - Registration Module Pages/Third Screen - Upload Supporting Doc- Preview/Supporting Doc Please Select Drop Down' is clicked on

2019-01-09 12:35:58 - [MESSAGE][PASSED] - Object: 'Object Repository/Final Object Repo/New Registration - Registration Module Pages/Third Screen - Upload Supporting Doc- Preview/Supporting Doc Please Select Drop Down' is clicked on

2019-01-09 12:35:58 - [TEST_STEP][PASSED] - delay: Delayed 2 second(s)

2019-01-09 12:36:00 - [MESSAGE][PASSED] - Delayed 2 second(s)

2019-01-09 12:36:00 - [TEST_STEP][PASSED] - click: Object: 'Object Repository/Final Object Repo/New Registration - Registration Module Pages/Third Screen - Upload Supporting Doc- Preview/Select to Upload Form 1' is clicked on

2019-01-09 12:36:00 - [MESSAGE][PASSED] - Object: 'Object Repository/Final Object Repo/New Registration - Registration Module Pages/Third Screen - Upload Supporting Doc- Preview/Select to Upload Form 1' is clicked on

2019-01-09 12:36:00 - [TEST_STEP][PASSED] - delay: Delayed 2 second(s)

2019-01-09 12:36:02 - [MESSAGE][PASSED] - Delayed 2 second(s)

2019-01-09 12:36:02 - [TEST_STEP][PASSED] - uploadFile: File 'C:\Users\Public\Pictures\Sample Pictures\Koala.jpg' sent to object: 'Object Repository/Final Object Repo/New Registration - Registration Module Pages/Third Screen - Upload Supporting Doc- Preview/Upload File Adding'

2019-01-09 12:36:02 - [MESSAGE][PASSED] - File 'C:\Users\Public\Pictures\Sample Pictures\Koala.jpg' sent to object: 'Object Repository/Final Object Repo/New Registration - Registration Module Pages/Third Screen - Upload Supporting Doc- Preview/Upload File Adding'

2019-01-09 12:36:02 - [TEST_STEP][PASSED] - delay: Delayed 5 second(s)

2019-01-09 12:36:07 - [MESSAGE][PASSED] - Delayed 5 second(s)

2019-01-09 12:36:07 - [TEST_STEP][PASSED] - click: Object: 'Object Repository/Final Object Repo/New Registration - Registration Module Pages/Third Screen - Upload Supporting Doc- Preview/Inner Form Add Document Button' is clicked on

2019-01-09 12:36:07 - [MESSAGE][PASSED] - Object: 'Object Repository/Final Object Repo/New Registration - Registration Module Pages/Third Screen - Upload Supporting Doc- Preview/Inner Form Add Document Button' is clicked on

2019-01-09 12:36:07 - [TEST_STEP][PASSED] - delay: Delayed 3 second(s)

2019-01-09 12:36:10 - [MESSAGE][PASSED] - Delayed 3 second(s)

2019-01-09 12:36:10 - [TEST_STEP][PASSED] - click: Object: 'Object Repository/Final Object Repo/New Registration - Registration Module Pages/Third Screen - Upload Supporting Doc- Preview/Add Document Button' is clicked on

2019-01-09 12:36:12 - [MESSAGE][PASSED] - Object: 'Object Repository/Final Object Repo/New Registration - Registration Module Pages/Third Screen - Upload Supporting Doc- Preview/Add Document Button' is clicked on

2019-01-09 12:36:12 - [TEST_STEP][PASSED] - delay: Delayed 30 second(s)

2019-01-09 12:36:42 - [MESSAGE][PASSED] - Delayed 30 second(s)

2019-01-09 12:36:42 - [TEST_STEP][PASSED] - click: Object: 'Object Repository/Final Object Repo/New Registration - Registration Module Pages/Third Screen - Upload Supporting Doc- Preview/Supporting Doc Please Select Drop Down' is clicked on

2019-01-09 12:36:42 - [MESSAGE][PASSED] - Object: 'Object Repository/Final Object Repo/New Registration - Registration Module Pages/Third Screen - Upload Supporting Doc- Preview/Supporting Doc Please Select Drop Down' is clicked on

2019-01-09 12:36:42 - [TEST_STEP][PASSED] - delay: Delayed 4 second(s)

2019-01-09 12:36:46 - [MESSAGE][PASSED] - Delayed 4 second(s)

2019-01-09 12:36:46 - [TEST_STEP][PASSED] - click: Object: 'Object Repository/Final Object Repo/New Registration - Registration Module Pages/Third Screen - Upload Supporting Doc- Preview/Select to Upload Form 2' is clicked on

2019-01-09 12:36:46 - [MESSAGE][PASSED] - Object: 'Object Repository/Final Object Repo/New Registration - Registration Module Pages/Third Screen - Upload Supporting Doc- Preview/Select to Upload Form 2' is clicked on

2019-01-09 12:36:46 - [TEST_STEP][PASSED] - delay: Delayed 2 second(s)

2019-01-09 12:36:48 - [MESSAGE][PASSED] - Delayed 2 second(s)

2019-01-09 12:36:48 - [TEST_STEP][PASSED] - uploadFile: File 'C:\Users\Public\Pictures\Sample Pictures\Koala.jpg' sent to object: 'Object Repository/Final Object Repo/New Registration - Registration Module Pages/Third Screen - Upload Supporting Doc- Preview/Upload File Adding'

2019-01-09 12:36:48 - [MESSAGE][PASSED] - File 'C:\Users\Public\Pictures\Sample Pictures\Koala.jpg' sent to object: 'Object Repository/Final Object Repo/New Registration - Registration Module Pages/Third Screen - Upload Supporting Doc- Preview/Upload File Adding'

2019-01-09 12:36:48 - [TEST_STEP][PASSED] - click: Object: 'Object Repository/Final Object Repo/New Registration - Registration Module Pages/Third Screen - Upload Supporting Doc- Preview/Inner Form Add Document Button' is clicked on

2019-01-09 12:36:49 - [MESSAGE][PASSED] - Object: 'Object Repository/Final Object Repo/New Registration - Registration Module Pages/Third Screen - Upload Supporting Doc- Preview/Inner Form Add Document Button' is clicked on

2019-01-09 12:36:49 - [TEST_STEP][PASSED] - delay: Delayed 5 second(s)

2019-01-09 12:36:54 - [MESSAGE][PASSED] - Delayed 5 second(s)

2019-01-09 12:36:54 - [TEST_STEP][PASSED] - click: Object: 'Object Repository/Final Object Repo/New Registration - Registration Module Pages/Third Screen - Upload Supporting Doc- Preview/Add Document Button' is clicked on

2019-01-09 12:36:54 - [MESSAGE][PASSED] - Object: 'Object Repository/Final Object Repo/New Registration - Registration Module Pages/Third Screen - Upload Supporting Doc- Preview/Add Document Button' is clicked on

2019-01-09 12:36:54 - [TEST_STEP][PASSED] - delay: Delayed 30 second(s)

2019-01-09 12:37:24 - [MESSAGE][PASSED] - Delayed 30 second(s)

2019-01-09 12:37:24 - [TEST_STEP][PASSED] - click: Object: 'Object Repository/Final Object Repo/New Registration - Registration Module Pages/Third Screen - Upload Supporting Doc- Preview/Supporting Doc Please Select Drop Down' is clicked on

2019-01-09 12:37:24 - [MESSAGE][PASSED] - Object: 'Object Repository/Final Object Repo/New Registration - Registration Module Pages/Third Screen - Upload Supporting Doc- Preview/Supporting Doc Please Select Drop Down' is clicked on

2019-01-09 12:37:24 - [TEST_STEP][PASSED] - click: Object: 'Object Repository/Final Object Repo/New Registration - Registration Module Pages/Third Screen - Upload Supporting Doc- Preview/Select to Upload Borang SIP 1' is clicked on

2019-01-09 12:37:24 - [MESSAGE][PASSED] - Object: 'Object Repository/Final Object Repo/New Registration - Registration Module Pages/Third Screen - Upload Supporting Doc- Preview/Select to Upload Borang SIP 1' is clicked on

2019-01-09 12:37:24 - [TEST_STEP][PASSED] - delay: Delayed 2 second(s)

2019-01-09 12:37:26 - [MESSAGE][PASSED] - Delayed 2 second(s)

2019-01-09 12:37:26 - [TEST_STEP][PASSED] - uploadFile: File 'C:\Users\Public\Pictures\Sample Pictures\Koala.jpg' sent to object: 'Object Repository/Final Object Repo/New Registration - Registration Module Pages/Third Screen - Upload Supporting Doc- Preview/Upload File Adding'

2019-01-09 12:37:26 - [MESSAGE][PASSED] - File 'C:\Users\Public\Pictures\Sample Pictures\Koala.jpg' sent to object: 'Object Repository/Final Object Repo/New Registration - Registration Module Pages/Third Screen - Upload Supporting Doc- Preview/Upload File Adding'

2019-01-09 12:37:26 - [TEST_STEP][PASSED] - click: Object: 'Object Repository/Final Object Repo/New Registration - Registration Module Pages/Third Screen - Upload Supporting Doc- Preview/Inner Form Add Document Button' is clicked on

2019-01-09 12:37:26 - [MESSAGE][PASSED] - Object: 'Object Repository/Final Object Repo/New Registration - Registration Module Pages/Third Screen - Upload Supporting Doc- Preview/Inner Form Add Document Button' is clicked on

2019-01-09 12:37:26 - [TEST_STEP][PASSED] - delay: Delayed 5 second(s)

2019-01-09 12:37:31 - [MESSAGE][PASSED] - Delayed 5 second(s)

2019-01-09 12:37:31 - [TEST_STEP][PASSED] - click: Object: 'Object Repository/Final Object Repo/New Registration - Registration Module Pages/Third Screen - Upload Supporting Doc- Preview/Add Document Button' is clicked on

2019-01-09 12:37:32 - [MESSAGE][PASSED] - Object: 'Object Repository/Final Object Repo/New Registration - Registration Module Pages/Third Screen - Upload Supporting Doc- Preview/Add Document Button' is clicked on

2019-01-09 12:37:32 - [TEST_STEP][PASSED] - delay: Delayed 30 second(s)

2019-01-09 12:38:02 - [MESSAGE][PASSED] - Delayed 30 second(s)

2019-01-09 12:38:02 - [TEST_STEP][PASSED] - click: Object: 'Object Repository/Final Object Repo/New Registration - Registration Module Pages/Third Screen - Upload Supporting Doc- Preview/Supporting Doc Please Select Drop Down' is clicked on

2019-01-09 12:38:02 - [MESSAGE][PASSED] - Object: 'Object Repository/Final Object Repo/New Registration - Registration Module Pages/Third Screen - Upload Supporting Doc- Preview/Supporting Doc Please Select Drop Down' is clicked on

2019-01-09 12:38:02 - [TEST_STEP][PASSED] - delay: Delayed 3 second(s)

2019-01-09 12:38:05 - [MESSAGE][PASSED] - Delayed 3 second(s)

2019-01-09 12:38:05 - [TEST_STEP][PASSED] - click: Object: 'Object Repository/Final Object Repo/New Registration - Registration Module Pages/Third Screen - Upload Supporting Doc- Preview/Select to Upload Borang SIP 2' is clicked on

2019-01-09 12:38:05 - [MESSAGE][PASSED] - Object: 'Object Repository/Final Object Repo/New Registration - Registration Module Pages/Third Screen - Upload Supporting Doc- Preview/Select to Upload Borang SIP 2' is clicked on

2019-01-09 12:38:05 - [TEST_STEP][PASSED] - delay: Delayed 2 second(s)

2019-01-09 12:38:07 - [MESSAGE][PASSED] - Delayed 2 second(s)

2019-01-09 12:38:07 - [TEST_STEP][PASSED] - uploadFile: File 'C:\Users\Public\Pictures\Sample Pictures\Koala.jpg' sent to object: 'Object Repository/Final Object Repo/New Registration - Registration Module Pages/Third Screen - Upload Supporting Doc- Preview/Upload File Adding'

2019-01-09 12:38:07 - [MESSAGE][PASSED] - File 'C:\Users\Public\Pictures\Sample Pictures\Koala.jpg' sent to object: 'Object Repository/Final Object Repo/New Registration - Registration Module Pages/Third Screen - Upload Supporting Doc- Preview/Upload File Adding'

2019-01-09 12:38:07 - [TEST_STEP][PASSED] - delay: Delayed 5 second(s)

2019-01-09 12:38:12 - [MESSAGE][PASSED] - Delayed 5 second(s)

2019-01-09 12:38:12 - [TEST_STEP][PASSED] - click: Object: 'Object Repository/Final Object Repo/New Registration - Registration Module Pages/Third Screen - Upload Supporting Doc- Preview/Inner Form Add Document Button' is clicked on

2019-01-09 12:38:12 - [MESSAGE][PASSED] - Object: 'Object Repository/Final Object Repo/New Registration - Registration Module Pages/Third Screen - Upload Supporting Doc- Preview/Inner Form Add Document Button' is clicked on

2019-01-09 12:38:12 - [TEST_STEP][PASSED] - delay: Delayed 3 second(s)

2019-01-09 12:38:15 - [MESSAGE][PASSED] - Delayed 3 second(s)

2019-01-09 12:38:15 - [TEST_STEP][PASSED] - waitForElementClickable: Object 'Object Repository/Final Object Repo/New Registration - Registration Module Pages/Third Screen - Upload Supporting Doc- Preview/Save n Continue in Uploading Supporting Doc Page' is clickable

2019-01-09 12:38:17 - [MESSAGE][PASSED] - Object 'Object Repository/Final Object Repo/New Registration - Registration Module Pages/Third Screen - Upload Supporting Doc- Preview/Save n Continue in Uploading Supporting Doc Page' is clickable

2019-01-09 12:38:17 - [TEST_STEP][PASSED] - click: Object: 'Object Repository/Final Object Repo/New Registration - Registration Module Pages/Third Screen - Upload Supporting Doc- Preview/Save n Continue in Uploading Supporting Doc Page' is clicked on

2019-01-09 12:38:17 - [MESSAGE][PASSED] - Object: 'Object Repository/Final Object Repo/New Registration - Registration Module Pages/Third Screen - Upload Supporting Doc- Preview/Save n Continue in Uploading Supporting Doc Page' is clicked on

2019-01-09 12:38:17 - [MESSAGE][PASSED] - Call Test Case 'Test Cases/Final Aug 2018 - PKS Automation/Registration Module/New Registration/Flow of New Registration/Third Screen - Upload Supporting Doc - Preview' successfully

2019-01-09 12:38:17 - [TEST_STEP][PASSED] - callTestCase: Call Test Case 'Test Cases/Final Aug 2018 - PKS Automation/Registration Module/New Registration/Submit and Screenshot/Submit Registration and Screenshot' successfully

2019-01-09 12:38:17 - [TEST_CASE][PASSED] - Test Cases/Final Aug 2018 - PKS Automation/Registration Module/New Registration/Submit and Screenshot/Submit Registration and Screenshot: Test Cases/Final Aug 2018 - PKS Automation/Registration Module/New Registration/Submit and Screenshot/Submit Registration and Screenshot

2019-01-09 12:38:17 - [TEST_STEP][PASSED] - delay: Delayed 6 second(s)

2019-01-09 12:38:23 - [MESSAGE][PASSED] - Delayed 6 second(s)

2019-01-09 12:38:23 - [TEST_STEP][PASSED] - click: Object: 'Object Repository/Final Object Repo/New Registration - Registration Module Pages/Third Screen - Upload Supporting Doc- Preview/Preview Submit Button' is clicked on

2019-01-09 12:38:23 - [MESSAGE][PASSED] - Object: 'Object Repository/Final Object Repo/New Registration - Registration Module Pages/Third Screen - Upload Supporting Doc- Preview/Preview Submit Button' is clicked on

2019-01-09 12:38:23 - [TEST_STEP][PASSED] - delay: Delayed 2 second(s)

2019-01-09 12:38:25 - [MESSAGE][PASSED] - Delayed 2 second(s)

2019-01-09 12:38:25 - [TEST_STEP][PASSED] - click: Object: 'Object Repository/Final Object Repo/New Registration - Registration Module Pages/Third Screen - Upload Supporting Doc- Preview/Preview Submit - Confirm' is clicked on

2019-01-09 12:38:25 - [MESSAGE][PASSED] - Object: 'Object Repository/Final Object Repo/New Registration - Registration Module Pages/Third Screen - Upload Supporting Doc- Preview/Preview Submit - Confirm' is clicked on

2019-01-09 12:38:25 - [TEST_STEP][PASSED] - delay: Delayed 15 second(s)

2019-01-09 12:38:40 - [MESSAGE][PASSED] - Delayed 15 second(s)

2019-01-09 12:38:40 - [TEST_STEP][PASSED] - Statement - driver = com.kms.katalon.core.webui.driver.DriverFactory.getWebDriver(): null

2019-01-09 12:38:40 - [TEST_STEP][PASSED] - Statement - driver.manage().timeouts().implicitlyWait(10, SECONDS): null

2019-01-09 12:38:40 - [TEST_STEP][PASSED] - Statement - PresavePath = KatalonScreenshots: null

2019-01-09 12:38:40 - [TEST_STEP][PASSED] - Statement - pathPrefix = "C:\Users\Public\Pictures\Sample Pictures\Katalon Screenshots\Automate Ending Screen": null

2019-01-09 12:38:40 - [TEST_STEP][PASSED] - Statement - finalPath = <not implemented yet for class: org.codehaus.groovy.ast.expr.EmptyExpression>: null

2019-01-09 12:38:40 - [TEST_STEP][PASSED] - Statement - scrFile = driver.getScreenshotAs(FILE): null

2019-01-09 12:38:41 - [TEST_STEP][PASSED] - Statement - PreSaveFile = new java.io.File(PresavePath): null

2019-01-09 12:38:41 - [TEST_STEP][PASSED] - Statement - counter = 0: null

2019-01-09 12:38:41 - [TEST_STEP][PASSED] - Statement - If (PreSaveFile.exists()): null

2019-01-09 12:38:41 - [TEST_STEP][PASSED] - Statement - While (PreSaveFile.exists()): null

2019-01-09 12:38:41 - [TEST_STEP][PASSED] - Statement - counter = counter + 1: null

2019-01-09 12:38:41 - [TEST_STEP][PASSED] - Statement - PreSaveFile = new java.io.File(((pathPrefix + java.lang.Integer.toString(counter)) + .png)): null

2019-01-09 12:38:41 - [TEST_STEP][PASSED] - Statement - counter = counter + 1: null

2019-01-09 12:38:41 - [TEST_STEP][PASSED] - Statement - PreSaveFile = new java.io.File(((pathPrefix + java.lang.Integer.toString(counter)) + .png)): null

2019-01-09 12:38:41 - [TEST_STEP][PASSED] - Statement - counter = counter + 1: null

2019-01-09 12:38:41 - [TEST_STEP][PASSED] - Statement - PreSaveFile = new java.io.File(((pathPrefix + java.lang.Integer.toString(counter)) + .png)): null

2019-01-09 12:38:41 - [TEST_STEP][PASSED] - Statement - counter = counter + 1: null

2019-01-09 12:38:41 - [TEST_STEP][PASSED] - Statement - PreSaveFile = new java.io.File(((pathPrefix + java.lang.Integer.toString(counter)) + .png)): null

2019-01-09 12:38:41 - [TEST_STEP][PASSED] - Statement - counter = counter + 1: null

2019-01-09 12:38:41 - [TEST_STEP][PASSED] - Statement - PreSaveFile = new java.io.File(((pathPrefix + java.lang.Integer.toString(counter)) + .png)): null

2019-01-09 12:38:41 - [TEST_STEP][PASSED] - Statement - counter = counter + 1: null

2019-01-09 12:38:41 - [TEST_STEP][PASSED] - Statement - PreSaveFile = new java.io.File(((pathPrefix + java.lang.Integer.toString(counter)) + .png)): null

2019-01-09 12:38:41 - [TEST_STEP][PASSED] - Statement - counter = counter + 1: null

2019-01-09 12:38:41 - [TEST_STEP][PASSED] - Statement - PreSaveFile = new java.io.File(((pathPrefix + java.lang.Integer.toString(counter)) + .png)): null

2019-01-09 12:38:41 - [TEST_STEP][PASSED] - Statement - counter = counter + 1: null

2019-01-09 12:38:41 - [TEST_STEP][PASSED] - Statement - PreSaveFile = new java.io.File(((pathPrefix + java.lang.Integer.toString(counter)) + .png)): null

2019-01-09 12:38:41 - [TEST_STEP][PASSED] - Statement - counter = counter + 1: null

2019-01-09 12:38:41 - [TEST_STEP][PASSED] - Statement - PreSaveFile = new java.io.File(((pathPrefix + java.lang.Integer.toString(counter)) + .png)): null

2019-01-09 12:38:41 - [TEST_STEP][PASSED] - Statement - counter = counter + 1: null

2019-01-09 12:38:41 - [TEST_STEP][PASSED] - Statement - PreSaveFile = new java.io.File(((pathPrefix + java.lang.Integer.toString(counter)) + .png)): null

2019-01-09 12:38:41 - [TEST_STEP][PASSED] - Statement - counter = counter + 1: null

2019-01-09 12:38:41 - [TEST_STEP][PASSED] - Statement - PreSaveFile = new java.io.File(((pathPrefix + java.lang.Integer.toString(counter)) + .png)): null

2019-01-09 12:38:41 - [TEST_STEP][PASSED] - Statement - counter = counter + 1: null

2019-01-09 12:38:41 - [TEST_STEP][PASSED] - Statement - PreSaveFile = new java.io.File(((pathPrefix + java.lang.Integer.toString(counter)) + .png)): null

2019-01-09 12:38:41 - [TEST_STEP][PASSED] - Statement - counter = counter + 1: null

2019-01-09 12:38:41 - [TEST_STEP][PASSED] - Statement - PreSaveFile = new java.io.File(((pathPrefix + java.lang.Integer.toString(counter)) + .png)): null

2019-01-09 12:38:41 - [TEST_STEP][PASSED] - Statement - counter = counter + 1: null

2019-01-09 12:38:41 - [TEST_STEP][PASSED] - Statement - PreSaveFile = new java.io.File(((pathPrefix + java.lang.Integer.toString(counter)) + .png)): null

2019-01-09 12:38:41 - [TEST_STEP][PASSED] - Statement - counter = counter + 1: null

2019-01-09 12:38:41 - [TEST_STEP][PASSED] - Statement - PreSaveFile = new java.io.File(((pathPrefix + java.lang.Integer.toString(counter)) + .png)): null

2019-01-09 12:38:41 - [TEST_STEP][PASSED] - Statement - counter = counter + 1: null

2019-01-09 12:38:41 - [TEST_STEP][PASSED] - Statement - PreSaveFile = new java.io.File(((pathPrefix + java.lang.Integer.toString(counter)) + .png)): null

2019-01-09 12:38:41 - [TEST_STEP][PASSED] - Statement - counter = counter + 1: null

2019-01-09 12:38:41 - [TEST_STEP][PASSED] - Statement - PreSaveFile = new java.io.File(((pathPrefix + java.lang.Integer.toString(counter)) + .png)): null

2019-01-09 12:38:41 - [TEST_STEP][PASSED] - Statement - counter = counter + 1: null

2019-01-09 12:38:41 - [TEST_STEP][PASSED] - Statement - PreSaveFile = new java.io.File(((pathPrefix + java.lang.Integer.toString(counter)) + .png)): null

2019-01-09 12:38:41 - [TEST_STEP][PASSED] - Statement - counter = counter + 1: null

2019-01-09 12:38:41 - [TEST_STEP][PASSED] - Statement - PreSaveFile = new java.io.File(((pathPrefix + java.lang.Integer.toString(counter)) + .png)): null

2019-01-09 12:38:41 - [TEST_STEP][PASSED] - Statement - counter = counter + 1: null

2019-01-09 12:38:41 - [TEST_STEP][PASSED] - Statement - PreSaveFile = new java.io.File(((pathPrefix + java.lang.Integer.toString(counter)) + .png)): null

2019-01-09 12:38:41 - [TEST_STEP][PASSED] - Statement - counter = counter + 1: null

2019-01-09 12:38:41 - [TEST_STEP][PASSED] - Statement - PreSaveFile = new java.io.File(((pathPrefix + java.lang.Integer.toString(counter)) + .png)): null

2019-01-09 12:38:41 - [TEST_STEP][PASSED] - Statement - counter = counter + 1: null

2019-01-09 12:38:41 - [TEST_STEP][PASSED] - Statement - PreSaveFile = new java.io.File(((pathPrefix + java.lang.Integer.toString(counter)) + .png)): null

2019-01-09 12:38:41 - [TEST_STEP][PASSED] - Statement - counter = counter + 1: null

2019-01-09 12:38:41 - [TEST_STEP][PASSED] - Statement - PreSaveFile = new java.io.File(((pathPrefix + java.lang.Integer.toString(counter)) + .png)): null

2019-01-09 12:38:41 - [TEST_STEP][PASSED] - Statement - counter = counter + 1: null

2019-01-09 12:38:41 - [TEST_STEP][PASSED] - Statement - PreSaveFile = new java.io.File(((pathPrefix + java.lang.Integer.toString(counter)) + .png)): null

2019-01-09 12:38:42 - [TEST_STEP][PASSED] - Statement - counter = counter + 1: null

2019-01-09 12:38:42 - [TEST_STEP][PASSED] - Statement - PreSaveFile = new java.io.File(((pathPrefix + java.lang.Integer.toString(counter)) + .png)): null

2019-01-09 12:38:42 - [TEST_STEP][PASSED] - Statement - counter = counter + 1: null

2019-01-09 12:38:42 - [TEST_STEP][PASSED] - Statement - PreSaveFile = new java.io.File(((pathPrefix + java.lang.Integer.toString(counter)) + .png)): null

2019-01-09 12:38:42 - [TEST_STEP][PASSED] - Statement - counter = counter + 1: null

2019-01-09 12:38:42 - [TEST_STEP][PASSED] - Statement - PreSaveFile = new java.io.File(((pathPrefix + java.lang.Integer.toString(counter)) + .png)): null

2019-01-09 12:38:42 - [TEST_STEP][PASSED] - Statement - counter = counter + 1: null

2019-01-09 12:38:42 - [TEST_STEP][PASSED] - Statement - PreSaveFile = new java.io.File(((pathPrefix + java.lang.Integer.toString(counter)) + .png)): null

2019-01-09 12:38:42 - [TEST_STEP][PASSED] - Statement - counter = counter + 1: null

2019-01-09 12:38:42 - [TEST_STEP][PASSED] - Statement - PreSaveFile = new java.io.File(((pathPrefix + java.lang.Integer.toString(counter)) + .png)): null

2019-01-09 12:38:42 - [TEST_STEP][PASSED] - Statement - counter = counter + 1: null

2019-01-09 12:38:42 - [TEST_STEP][PASSED] - Statement - PreSaveFile = new java.io.File(((pathPrefix + java.lang.Integer.toString(counter)) + .png)): null

2019-01-09 12:38:42 - [TEST_STEP][PASSED] - Statement - counter = counter + 1: null

2019-01-09 12:38:42 - [TEST_STEP][PASSED] - Statement - PreSaveFile = new java.io.File(((pathPrefix + java.lang.Integer.toString(counter)) + .png)): null

2019-01-09 12:38:42 - [TEST_STEP][PASSED] - Statement - counter = counter + 1: null

2019-01-09 12:38:42 - [TEST_STEP][PASSED] - Statement - PreSaveFile = new java.io.File(((pathPrefix + java.lang.Integer.toString(counter)) + .png)): null

2019-01-09 12:38:42 - [TEST_STEP][PASSED] - Statement - counter = counter + 1: null

2019-01-09 12:38:42 - [TEST_STEP][PASSED] - Statement - PreSaveFile = new java.io.File(((pathPrefix + java.lang.Integer.toString(counter)) + .png)): null

2019-01-09 12:38:42 - [TEST_STEP][PASSED] - Statement - counter = counter + 1: null

2019-01-09 12:38:42 - [TEST_STEP][PASSED] - Statement - PreSaveFile = new java.io.File(((pathPrefix + java.lang.Integer.toString(counter)) + .png)): null

2019-01-09 12:38:42 - [TEST_STEP][PASSED] - Statement - counter = counter + 1: null

2019-01-09 12:38:42 - [TEST_STEP][PASSED] - Statement - PreSaveFile = new java.io.File(((pathPrefix + java.lang.Integer.toString(counter)) + .png)): null

2019-01-09 12:38:42 - [TEST_STEP][PASSED] - Statement - counter = counter + 1: null

2019-01-09 12:38:42 - [TEST_STEP][PASSED] - Statement - PreSaveFile = new java.io.File(((pathPrefix + java.lang.Integer.toString(counter)) + .png)): null

2019-01-09 12:38:42 - [TEST_STEP][PASSED] - Statement - counter = counter + 1: null

2019-01-09 12:38:42 - [TEST_STEP][PASSED] - Statement - PreSaveFile = new java.io.File(((pathPrefix + java.lang.Integer.toString(counter)) + .png)): null

2019-01-09 12:38:42 - [TEST_STEP][PASSED] - Statement - counter = counter + 1: null

2019-01-09 12:38:43 - [TEST_STEP][PASSED] - Statement - PreSaveFile = new java.io.File(((pathPrefix + java.lang.Integer.toString(counter)) + .png)): null

2019-01-09 12:38:43 - [TEST_STEP][PASSED] - Statement - counter = counter + 1: null

2019-01-09 12:38:43 - [TEST_STEP][PASSED] - Statement - PreSaveFile = new java.io.File(((pathPrefix + java.lang.Integer.toString(counter)) + .png)): null

2019-01-09 12:38:43 - [TEST_STEP][PASSED] - Statement - counter = counter + 1: null

2019-01-09 12:38:43 - [TEST_STEP][PASSED] - Statement - PreSaveFile = new java.io.File(((pathPrefix + java.lang.Integer.toString(counter)) + .png)): null

2019-01-09 12:38:43 - [TEST_STEP][PASSED] - Statement - counter = counter + 1: null

2019-01-09 12:38:43 - [TEST_STEP][PASSED] - Statement - PreSaveFile = new java.io.File(((pathPrefix + java.lang.Integer.toString(counter)) + .png)): null

2019-01-09 12:38:43 - [TEST_STEP][PASSED] - Statement - counter = counter + 1: null

2019-01-09 12:38:43 - [TEST_STEP][PASSED] - Statement - PreSaveFile = new java.io.File(((pathPrefix + java.lang.Integer.toString(counter)) + .png)): null

2019-01-09 12:38:43 - [TEST_STEP][PASSED] - Statement - counter = counter + 1: null

2019-01-09 12:38:43 - [TEST_STEP][PASSED] - Statement - PreSaveFile = new java.io.File(((pathPrefix + java.lang.Integer.toString(counter)) + .png)): null

2019-01-09 12:38:43 - [TEST_STEP][PASSED] - Statement - counter = counter + 1: null

2019-01-09 12:38:43 - [TEST_STEP][PASSED] - Statement - PreSaveFile = new java.io.File(((pathPrefix + java.lang.Integer.toString(counter)) + .png)): null

2019-01-09 12:38:43 - [TEST_STEP][PASSED] - Statement - counter = counter + 1: null

2019-01-09 12:38:43 - [TEST_STEP][PASSED] - Statement - PreSaveFile = new java.io.File(((pathPrefix + java.lang.Integer.toString(counter)) + .png)): null

2019-01-09 12:38:43 - [TEST_STEP][PASSED] - Statement - counter = counter + 1: null

2019-01-09 12:38:43 - [TEST_STEP][PASSED] - Statement - PreSaveFile = new java.io.File(((pathPrefix + java.lang.Integer.toString(counter)) + .png)): null

2019-01-09 12:38:43 - [TEST_STEP][PASSED] - Statement - counter = counter + 1: null

2019-01-09 12:38:43 - [TEST_STEP][PASSED] - Statement - PreSaveFile = new java.io.File(((pathPrefix + java.lang.Integer.toString(counter)) + .png)): null

2019-01-09 12:38:44 - [TEST_STEP][PASSED] - Statement - counter = counter + 1: null

2019-01-09 12:38:44 - [TEST_STEP][PASSED] - Statement - PreSaveFile = new java.io.File(((pathPrefix + java.lang.Integer.toString(counter)) + .png)): null

2019-01-09 12:38:44 - [TEST_STEP][PASSED] - Statement - counter = counter + 1: null

2019-01-09 12:38:44 - [TEST_STEP][PASSED] - Statement - PreSaveFile = new java.io.File(((pathPrefix + java.lang.Integer.toString(counter)) + .png)): null

2019-01-09 12:38:44 - [TEST_STEP][PASSED] - Statement - counter = counter + 1: null

2019-01-09 12:38:44 - [TEST_STEP][PASSED] - Statement - PreSaveFile = new java.io.File(((pathPrefix + java.lang.Integer.toString(counter)) + .png)): null

2019-01-09 12:38:44 - [TEST_STEP][PASSED] - Statement - counter = counter + 1: null

2019-01-09 12:38:44 - [TEST_STEP][PASSED] - Statement - PreSaveFile = new java.io.File(((pathPrefix + java.lang.Integer.toString(counter)) + .png)): null

2019-01-09 12:38:44 - [TEST_STEP][PASSED] - Statement - counter = counter + 1: null

2019-01-09 12:38:44 - [TEST_STEP][PASSED] - Statement - PreSaveFile = new java.io.File(((pathPrefix + java.lang.Integer.toString(counter)) + .png)): null

2019-01-09 12:38:44 - [TEST_STEP][PASSED] - Statement - counter = counter + 1: null

2019-01-09 12:38:44 - [TEST_STEP][PASSED] - Statement - PreSaveFile = new java.io.File(((pathPrefix + java.lang.Integer.toString(counter)) + .png)): null

2019-01-09 12:38:44 - [TEST_STEP][PASSED] - Statement - counter = counter + 1: null

2019-01-09 12:38:44 - [TEST_STEP][PASSED] - Statement - PreSaveFile = new java.io.File(((pathPrefix + java.lang.Integer.toString(counter)) + .png)): null

2019-01-09 12:38:44 - [TEST_STEP][PASSED] - Statement - counter = counter + 1: null

2019-01-09 12:38:44 - [TEST_STEP][PASSED] - Statement - PreSaveFile = new java.io.File(((pathPrefix + java.lang.Integer.toString(counter)) + .png)): null

2019-01-09 12:38:44 - [TEST_STEP][PASSED] - Statement - counter = counter + 1: null

2019-01-09 12:38:44 - [TEST_STEP][PASSED] - Statement - PreSaveFile = new java.io.File(((pathPrefix + java.lang.Integer.toString(counter)) + .png)): null

2019-01-09 12:38:44 - [TEST_STEP][PASSED] - Statement - counter = counter + 1: null

2019-01-09 12:38:45 - [TEST_STEP][PASSED] - Statement - PreSaveFile = new java.io.File(((pathPrefix + java.lang.Integer.toString(counter)) + .png)): null

2019-01-09 12:38:45 - [TEST_STEP][PASSED] - Statement - counter = counter + 1: null

2019-01-09 12:38:45 - [TEST_STEP][PASSED] - Statement - PreSaveFile = new java.io.File(((pathPrefix + java.lang.Integer.toString(counter)) + .png)): null

2019-01-09 12:38:45 - [TEST_STEP][PASSED] - Statement - counter = counter + 1: null

2019-01-09 12:38:45 - [TEST_STEP][PASSED] - Statement - PreSaveFile = new java.io.File(((pathPrefix + java.lang.Integer.toString(counter)) + .png)): null

2019-01-09 12:38:45 - [TEST_STEP][PASSED] - Statement - counter = counter + 1: null

2019-01-09 12:38:45 - [TEST_STEP][PASSED] - Statement - PreSaveFile = new java.io.File(((pathPrefix + java.lang.Integer.toString(counter)) + .png)): null

2019-01-09 12:38:45 - [TEST_STEP][PASSED] - Statement - counter = counter + 1: null

2019-01-09 12:38:45 - [TEST_STEP][PASSED] - Statement - PreSaveFile = new java.io.File(((pathPrefix + java.lang.Integer.toString(counter)) + .png)): null

2019-01-09 12:38:45 - [TEST_STEP][PASSED] - Statement - counter = counter + 1: null

2019-01-09 12:38:45 - [TEST_STEP][PASSED] - Statement - PreSaveFile = new java.io.File(((pathPrefix + java.lang.Integer.toString(counter)) + .png)): null

2019-01-09 12:38:45 - [TEST_STEP][PASSED] - Statement - counter = counter + 1: null

2019-01-09 12:38:45 - [TEST_STEP][PASSED] - Statement - PreSaveFile = new java.io.File(((pathPrefix + java.lang.Integer.toString(counter)) + .png)): null

2019-01-09 12:38:45 - [TEST_STEP][PASSED] - Statement - counter = counter + 1: null

2019-01-09 12:38:45 - [TEST_STEP][PASSED] - Statement - PreSaveFile = new java.io.File(((pathPrefix + java.lang.Integer.toString(counter)) + .png)): null

2019-01-09 12:38:45 - [TEST_STEP][PASSED] - Statement - counter = counter + 1: null

2019-01-09 12:38:45 - [TEST_STEP][PASSED] - Statement - PreSaveFile = new java.io.File(((pathPrefix + java.lang.Integer.toString(counter)) + .png)): null

2019-01-09 12:38:45 - [TEST_STEP][PASSED] - Statement - counter = counter + 1: null

2019-01-09 12:38:45 - [TEST_STEP][PASSED] - Statement - PreSaveFile = new java.io.File(((pathPrefix + java.lang.Integer.toString(counter)) + .png)): null

2019-01-09 12:38:46 - [TEST_STEP][PASSED] - Statement - finalPath = pathPrefix + java.lang.Integer.toString(counter) + ".png": null

2019-01-09 12:38:46 - [TEST_STEP][PASSED] - Statement - SaveFile = new java.io.File(finalPath): null

2019-01-09 12:38:46 - [TEST_STEP][PASSED] - Statement - Try: null

2019-01-09 12:38:46 - [TEST_STEP][PASSED] - Statement - org.apache.commons.io.FileUtils.copyFile(scrFile, SaveFile): null

2019-01-09 12:38:46 - [TEST_STEP][PASSED] - Statement - out.println("file kept"): null

2019-01-09 12:38:46 - [TEST_STEP][PASSED] - delay: Delayed 10 second(s)

2019-01-09 12:38:56 - [MESSAGE][PASSED] - Delayed 10 second(s)

2019-01-09 12:38:56 - [MESSAGE][PASSED] - Call Test Case 'Test Cases/Final Aug 2018 - PKS Automation/Registration Module/New Registration/Submit and Screenshot/Submit Registration and Screenshot' successfully

2019-01-09 12:38:56 - [TEST_STEP][PASSED] - callTestCase: Call Test Case 'Test Cases/Final Aug 2018 - PKS Automation/Registration Module/Log Out/log out avoiding katalon tagging' successfully

2019-01-09 12:38:56 - [TEST_CASE][PASSED] - Test Cases/Final Aug 2018 - PKS Automation/Registration Module/Log Out/log out avoiding katalon tagging: Test Cases/Final Aug 2018 - PKS Automation/Registration Module/Log Out/log out avoiding katalon tagging

2019-01-09 12:38:56 - [TEST_STEP][PASSED] - navigateToUrl: Navigate to 'https://assist2-uat.perkeso.gov.my/c/portal/logout' successfully

2019-01-09 12:38:57 - [MESSAGE][PASSED] - Navigate to 'https://assist2-uat.perkeso.gov.my/c/portal/logout' successfully

2019-01-09 12:38:57 - [MESSAGE][PASSED] - Call Test Case 'Test Cases/Final Aug 2018 - PKS Automation/Registration Module/Log Out/log out avoiding katalon tagging' successfully

2019-01-09 12:38:57 - [TEST_STEP][PASSED] - callTestCase: Call Test Case 'Test Cases/Final Aug 2018 - PKS Automation/Common/Workflow Owner Finder' successfully

2019-01-09 12:38:57 - [TEST_CASE][PASSED] - Test Cases/Final Aug 2018 - PKS Automation/Common/Workflow Owner Finder: Test Cases/Final Aug 2018 - PKS Automation/Common/Workflow Owner Finder

2019-01-09 12:38:57 - [TEST_STEP][PASSED] - openBrowser: Browser is opened with url: ''

2019-01-09 12:38:57 - [MESSAGE][WARNING] - A browser is already opened. Closing browser and opening a new one

2019-01-09 12:39:00 - [MESSAGE][PASSED] - Browser is opened with url: ''

2019-01-09 12:39:00 - [TEST_STEP][PASSED] - navigateToUrl: Navigate to 'https://assist2-uat.perkeso.gov.my/login' successfully

2019-01-09 12:39:01 - [MESSAGE][PASSED] - Navigate to 'https://assist2-uat.perkeso.gov.my/login' successfully

2019-01-09 12:39:01 - [TEST_STEP][PASSED] - delay: Delayed 5 second(s)

2019-01-09 12:39:06 - [MESSAGE][PASSED] - Delayed 5 second(s)

2019-01-09 12:39:06 - [TEST_STEP][PASSED] - setText: Text 'test@liferay.com' is set on object 'Object Repository/Final Object Repo/Login Page/Internal User/Email Address'

2019-01-09 12:39:06 - [MESSAGE][PASSED] - Text 'test@liferay.com' is set on object 'Object Repository/Final Object Repo/Login Page/Internal User/Email Address'

2019-01-09 12:39:06 - [TEST_STEP][PASSED] - click: Object: 'Object Repository/Final Object Repo/Login Page/Internal User/Next Button' is clicked on

2019-01-09 12:39:06 - [MESSAGE][PASSED] - Object: 'Object Repository/Final Object Repo/Login Page/Internal User/Next Button' is clicked on

2019-01-09 12:39:06 - [TEST_STEP][PASSED] - delay: Delayed 2 second(s)

2019-01-09 12:39:08 - [MESSAGE][PASSED] - Delayed 2 second(s)

2019-01-09 12:39:08 - [TEST_STEP][PASSED] - setText: Text 'test' is set on object 'Object Repository/Final Object Repo/Login Page/Internal User/Password'

2019-01-09 12:39:09 - [MESSAGE][PASSED] - Text 'test' is set on object 'Object Repository/Final Object Repo/Login Page/Internal User/Password'

2019-01-09 12:39:09 - [TEST_STEP][PASSED] - delay: Delayed 2 second(s)

2019-01-09 12:39:11 - [MESSAGE][PASSED] - Delayed 2 second(s)

2019-01-09 12:39:11 - [TEST_STEP][PASSED] - click: Object: 'Object Repository/Final Object Repo/Login Page/Internal User/Login Button' is clicked on

2019-01-09 12:39:11 - [MESSAGE][PASSED] - Object: 'Object Repository/Final Object Repo/Login Page/Internal User/Login Button' is clicked on

2019-01-09 12:39:11 - [TEST_STEP][PASSED] - Statement - tester = com.kms.katalon.core.testobject.ObjectRepository.findTestObject(Final Object Repo/Landing Page/Select to English): Finding Test Object with id 'Object Repository/Final Object Repo/Landing Page/Select to English'

2019-01-09 12:39:11 - [TEST_STEP][PASSED] - Statement - Try: Delayed 2 second(s)

2019-01-09 12:39:11 - [TEST_STEP][PASSED] - Statement - Checker = com.kms.katalon.core.webui.keyword.WebUiBuiltInKeywords.verifyElementNotPresent(tester, 3): Web element with id: 'Object Repository/Final Object Repo/Landing Page/Select to English' located by 'By.xpath: //a[@class = 'taglib-language-list-text' and @lang = 'en-US' and (contains(text(), 'EN') or contains(., 'EN'))]' is not present after '3' second(s)

2019-01-09 12:39:13 - [MESSAGE][PASSED] - Web element with id: 'Object Repository/Final Object Repo/Landing Page/Select to English' located by 'By.xpath: //a[@class = 'taglib-language-list-text' and @lang = 'en-US' and (contains(text(), 'EN') or contains(., 'EN'))]' is not present after '3' second(s)

2019-01-09 12:39:13 - [TEST_STEP][PASSED] - Statement - If (Checker == false): null

2019-01-09 12:39:13 - [TEST_STEP][PASSED] - delay: Delayed 2 second(s)

2019-01-09 12:39:15 - [MESSAGE][PASSED] - Delayed 2 second(s)

2019-01-09 12:39:15 - [TEST_STEP][PASSED] - delay: Delayed 5 second(s)

2019-01-09 12:39:20 - [MESSAGE][PASSED] - Delayed 5 second(s)

2019-01-09 12:39:20 - [TEST_STEP][PASSED] - mouseOver: Object: 'Object Repository/Final Object Repo/Landing Page/WorkFlow Menu' is hovered

2019-01-09 12:39:20 - [MESSAGE][PASSED] - Object: 'Object Repository/Final Object Repo/Landing Page/WorkFlow Menu' is hovered

2019-01-09 12:39:20 - [TEST_STEP][PASSED] - delay: Delayed 2 second(s)

2019-01-09 12:39:22 - [MESSAGE][PASSED] - Delayed 2 second(s)

2019-01-09 12:39:22 - [TEST_STEP][PASSED] - click: Object: 'Object Repository/Final Object Repo/Landing Page/Select to Workflow Listing' is clicked on

2019-01-09 12:39:23 - [MESSAGE][PASSED] - Object: 'Object Repository/Final Object Repo/Landing Page/Select to Workflow Listing' is clicked on

2019-01-09 12:39:23 - [TEST_STEP][PASSED] - delay: Delayed 2 second(s)

2019-01-09 12:39:25 - [MESSAGE][PASSED] - Delayed 2 second(s)

2019-01-09 12:39:25 - [TEST_STEP][PASSED] - click: Object: 'Object Repository/Final Object Repo/WorkFlow Listing Page/Search Information - To Put Ref No' is clicked on

2019-01-09 12:39:25 - [MESSAGE][PASSED] - Object: 'Object Repository/Final Object Repo/WorkFlow Listing Page/Search Information - To Put Ref No' is clicked on

2019-01-09 12:39:25 - [TEST_STEP][PASSED] - delay: Delayed 2 second(s)

2019-01-09 12:39:27 - [MESSAGE][PASSED] - Delayed 2 second(s)

2019-01-09 12:39:27 - [TEST_STEP][PASSED] - callTestCase: Call Test Case 'Test Cases/Final Aug 2018 - PKS Automation/Common/Reference Number Getter' successfully

2019-01-09 12:39:28 - [TEST_CASE][PASSED] - Test Cases/Final Aug 2018 - PKS Automation/Common/Reference Number Getter: Test Cases/Final Aug 2018 - PKS Automation/Common/Reference Number Getter

2019-01-09 12:39:28 - [TEST_STEP][PASSED] - Statement - Try: null

2019-01-09 12:39:28 - [TEST_STEP][PASSED] - Statement - RefNo = new java.io.File(C://Users//Admin//Desktop//PKS//Automation Reference Point//KatalonReference.txt): null

2019-01-09 12:39:28 - [TEST_STEP][PASSED] - Statement - bufferread = new java.io.BufferedReader(new java.io.FileReader(RefNo)): null

2019-01-09 12:39:28 - [TEST_STEP][PASSED] - Statement - readedVal = bufferread.readLine(): null

2019-01-09 12:39:28 - [TEST_STEP][PASSED] - Statement - out.println(CaseReferenceNo): null

2019-01-09 12:39:28 - [TEST_STEP][PASSED] - Statement - out.println(readedVal): null

2019-01-09 12:39:28 - [TEST_STEP][PASSED] - Statement - CaseReferenceNo = "": null

2019-01-09 12:39:28 - [TEST_STEP][PASSED] - Statement - CaseReferenceNo = readedVal: null

2019-01-09 12:39:28 - [MESSAGE][PASSED] - Call Test Case 'Test Cases/Final Aug 2018 - PKS Automation/Common/Reference Number Getter' successfully

2019-01-09 12:39:28 - [TEST_STEP][PASSED] - setText: Text 'CRN01201900123681' is set on object 'Object Repository/Final Object Repo/WorkFlow Listing Page/Ref No Set Text'

2019-01-09 12:39:28 - [MESSAGE][PASSED] - Text 'CRN01201900123681' is set on object 'Object Repository/Final Object Repo/WorkFlow Listing Page/Ref No Set Text'

2019-01-09 12:39:28 - [TEST_STEP][PASSED] - delay: Delayed 2 second(s)

2019-01-09 12:39:30 - [MESSAGE][PASSED] - Delayed 2 second(s)

2019-01-09 12:39:30 - [TEST_STEP][PASSED] - click: Object: 'Object Repository/Final Object Repo/WorkFlow Listing Page/Search Ref No Search Button' is clicked on

2019-01-09 12:39:30 - [MESSAGE][PASSED] - Object: 'Object Repository/Final Object Repo/WorkFlow Listing Page/Search Ref No Search Button' is clicked on

2019-01-09 12:39:30 - [TEST_STEP][PASSED] - delay: Delayed 6 second(s)

2019-01-09 12:39:36 - [MESSAGE][PASSED] - Delayed 6 second(s)

2019-01-09 12:39:36 - [TEST_STEP][PASSED] - click: Object: 'Object Repository/Final Object Repo/WorkFlow Listing Page/Click Continue Tooltip' is clicked on

2019-01-09 12:39:37 - [MESSAGE][PASSED] - Object: 'Object Repository/Final Object Repo/WorkFlow Listing Page/Click Continue Tooltip' is clicked on

2019-01-09 12:39:37 - [TEST_STEP][PASSED] - delay: Delayed 5 second(s)

2019-01-09 12:39:42 - [MESSAGE][PASSED] - Delayed 5 second(s)

2019-01-09 12:39:42 - [TEST_STEP][PASSED] - doubleClick: Object: 'Object Repository/Final Object Repo/WorkFlow Listing Page/Workflow Found - Listing 1' is double clicked on

2019-01-09 12:39:42 - [MESSAGE][PASSED] - Object: 'Object Repository/Final Object Repo/WorkFlow Listing Page/Workflow Found - Listing 1' is double clicked on

2019-01-09 12:39:42 - [TEST_STEP][PASSED] - Statement - println(OwnerID): null

2019-01-09 12:39:42 - [TEST_STEP][PASSED] - Statement - OwnerID = com.kms.katalon.core.webui.keyword.WebUiBuiltInKeywords.getText(com.kms.katalon.core.testobject.ObjectRepository.findTestObject(Final Object Repo/WorkFlow Listing Page/Workflow Found - Listing 1), STOP_ON_FAILURE): Text of object 'Object Repository/Final Object Repo/WorkFlow Listing Page/Workflow Found - Listing 1' is: 'KLpkrbo3'

2019-01-09 12:39:43 - [MESSAGE][PASSED] - Text of object 'Object Repository/Final Object Repo/WorkFlow Listing Page/Workflow Found - Listing 1' is: 'KLpkrbo3'

2019-01-09 12:39:43 - [TEST_STEP][PASSED] - Statement - OwnerID = OwnerID.toLowerCase() + "@gmail.com": null

2019-01-09 12:39:43 - [TEST_STEP][PASSED] - Statement - println(OwnerID): null

2019-01-09 12:39:43 - [TEST_STEP][PASSED] - delay: Delayed 2 second(s)

2019-01-09 12:39:45 - [MESSAGE][PASSED] - Delayed 2 second(s)

2019-01-09 12:39:45 - [MESSAGE][PASSED] - Call Test Case 'Test Cases/Final Aug 2018 - PKS Automation/Common/Workflow Owner Finder' successfully

2019-01-09 12:39:45 - [TEST_STEP][PASSED] - callTestCase: Call Test Case 'Test Cases/Final Aug 2018 - PKS Automation/Registration Module/Log Out/log out avoiding katalon tagging' successfully

2019-01-09 12:39:45 - [TEST_CASE][PASSED] - Test Cases/Final Aug 2018 - PKS Automation/Registration Module/Log Out/log out avoiding katalon tagging: Test Cases/Final Aug 2018 - PKS Automation/Registration Module/Log Out/log out avoiding katalon tagging

2019-01-09 12:39:45 - [TEST_STEP][PASSED] - navigateToUrl: Navigate to 'https://assist2-uat.perkeso.gov.my/c/portal/logout' successfully

2019-01-09 12:39:45 - [MESSAGE][PASSED] - Navigate to 'https://assist2-uat.perkeso.gov.my/c/portal/logout' successfully

2019-01-09 12:39:45 - [MESSAGE][PASSED] - Call Test Case 'Test Cases/Final Aug 2018 - PKS Automation/Registration Module/Log Out/log out avoiding katalon tagging' successfully

2019-01-09 12:39:45 - [TEST_STEP][PASSED] - delay: Delayed 2 second(s)

2019-01-09 12:39:47 - [MESSAGE][PASSED] - Delayed 2 second(s)

2019-01-09 12:39:47 - [TEST_STEP][PASSED] - setText: Text 'klpkrbo3@gmail.com' is set on object 'Object Repository/Final Object Repo/New Registration - Registration Module Pages/New Reg - OTC to RO/Special Case - All Related Objects/Email TextBox'

2019-01-09 12:39:48 - [MESSAGE][PASSED] - Text 'klpkrbo3@gmail.com' is set on object 'Object Repository/Final Object Repo/New Registration - Registration Module Pages/New Reg - OTC to RO/Special Case - All Related Objects/Email TextBox'

2019-01-09 12:39:48 - [TEST_STEP][PASSED] - click: Object: 'Object Repository/Final Object Repo/New Registration - Registration Module Pages/New Reg - OTC to RO/Special Case - All Related Objects/Next Button' is clicked on

2019-01-09 12:39:48 - [MESSAGE][PASSED] - Object: 'Object Repository/Final Object Repo/New Registration - Registration Module Pages/New Reg - OTC to RO/Special Case - All Related Objects/Next Button' is clicked on

2019-01-09 12:39:48 - [TEST_STEP][PASSED] - delay: Delayed 2 second(s)

2019-01-09 12:39:50 - [MESSAGE][PASSED] - Delayed 2 second(s)

2019-01-09 12:39:50 - [TEST_STEP][PASSED] - setText: Text 'Test1@3456789' is set on object 'Object Repository/Final Object Repo/New Registration - Registration Module Pages/New Reg - OTC to RO/Special Case - All Related Objects/Password TextBox'

2019-01-09 12:39:50 - [MESSAGE][PASSED] - Text 'Test1@3456789' is set on object 'Object Repository/Final Object Repo/New Registration - Registration Module Pages/New Reg - OTC to RO/Special Case - All Related Objects/Password TextBox'

2019-01-09 12:39:50 - [TEST_STEP][PASSED] - delay: Delayed 2 second(s)

2019-01-09 12:39:52 - [MESSAGE][PASSED] - Delayed 2 second(s)

2019-01-09 12:39:52 - [TEST_STEP][PASSED] - click: Object: 'Object Repository/Final Object Repo/New Registration - Registration Module Pages/New Reg - OTC to RO/Special Case - All Related Objects/Login Button' is clicked on

2019-01-09 12:39:52 - [MESSAGE][PASSED] - Object: 'Object Repository/Final Object Repo/New Registration - Registration Module Pages/New Reg - OTC to RO/Special Case - All Related Objects/Login Button' is clicked on

2019-01-09 12:39:52 - [TEST_STEP][PASSED] - delay: Delayed 2 second(s)

2019-01-09 12:39:54 - [MESSAGE][PASSED] - Delayed 2 second(s)

2019-01-09 12:39:54 - [TEST_STEP][PASSED] - Statement - Try: null

2019-01-09 12:39:54 - [TEST_STEP][PASSED] - Statement - Checker = com.kms.katalon.core.webui.keyword.WebUiBuiltInKeywords.verifyElementNotPresent("Final Object Repo/Landing Page/Select to English", 3): null

2019-01-09 12:39:54 - [TEST_STEP][PASSED] - Statement - Catch (Exception e): null

2019-01-09 12:39:54 - [TEST_STEP][PASSED] - Statement - e.printStackTrace(): null

2019-01-09 12:39:54 - [TEST_STEP][PASSED] - click: Object: 'Object Repository/Final Object Repo/New Registration - Registration Module Pages/New Reg - OTC to RO/Special Case - All Related Objects/Expand to Search' is clicked on

2019-01-09 12:39:55 - [MESSAGE][PASSED] - Object: 'Object Repository/Final Object Repo/New Registration - Registration Module Pages/New Reg - OTC to RO/Special Case - All Related Objects/Expand to Search' is clicked on

2019-01-09 12:39:55 - [TEST_STEP][PASSED] - delay: Delayed 2 second(s)

2019-01-09 12:39:57 - [MESSAGE][PASSED] - Delayed 2 second(s)

2019-01-09 12:39:57 - [TEST_STEP][PASSED] - setText: Text 'CRN01201900123681' is set on object 'Object Repository/Final Object Repo/New Registration - Registration Module Pages/New Reg - OTC to RO/Special Case - All Related Objects/TextBox RefNo in Workbasket'

2019-01-09 12:39:57 - [MESSAGE][PASSED] - Text 'CRN01201900123681' is set on object 'Object Repository/Final Object Repo/New Registration - Registration Module Pages/New Reg - OTC to RO/Special Case - All Related Objects/TextBox RefNo in Workbasket'

2019-01-09 12:39:57 - [TEST_STEP][PASSED] - delay: Delayed 2 second(s)

2019-01-09 12:39:59 - [MESSAGE][PASSED] - Delayed 2 second(s)

2019-01-09 12:39:59 - [TEST_STEP][PASSED] - click: Object: 'Object Repository/Final Object Repo/New Registration - Registration Module Pages/New Reg - OTC to RO/Special Case - All Related Objects/Click Search' is clicked on

2019-01-09 12:39:59 - [MESSAGE][PASSED] - Object: 'Object Repository/Final Object Repo/New Registration - Registration Module Pages/New Reg - OTC to RO/Special Case - All Related Objects/Click Search' is clicked on

2019-01-09 12:39:59 - [TEST_STEP][PASSED] - delay: Delayed 2 second(s)

2019-01-09 12:40:01 - [MESSAGE][PASSED] - Delayed 2 second(s)

2019-01-09 12:40:01 - [TEST_STEP][PASSED] - click: Object: 'Object Repository/Final Object Repo/New Registration - Registration Module Pages/New Reg - OTC to RO/Special Case - All Related Objects/Click to Continue Workflow' is clicked on

2019-01-09 12:40:03 - [MESSAGE][PASSED] - Object: 'Object Repository/Final Object Repo/New Registration - Registration Module Pages/New Reg - OTC to RO/Special Case - All Related Objects/Click to Continue Workflow' is clicked on

2019-01-09 12:40:03 - [TEST_STEP][PASSED] - delay: Delayed 2 second(s)

2019-01-09 12:40:05 - [MESSAGE][PASSED] - Delayed 2 second(s)

2019-01-09 12:40:05 - [TEST_STEP][PASSED] - click: Object: 'Object Repository/Final Object Repo/New Registration - Registration Module Pages/New Reg - OTC to RO/Special Case - All Related Objects/Form 1 Save n Continue' is clicked on

2019-01-09 12:40:06 - [MESSAGE][PASSED] - Object: 'Object Repository/Final Object Repo/New Registration - Registration Module Pages/New Reg - OTC to RO/Special Case - All Related Objects/Form 1 Save n Continue' is clicked on

2019-01-09 12:40:06 - [TEST_STEP][PASSED] - delay: Delayed 5 second(s)

2019-01-09 12:40:11 - [MESSAGE][PASSED] - Delayed 5 second(s)

2019-01-09 12:40:11 - [TEST_STEP][PASSED] - click: Object: 'Object Repository/Final Object Repo/New Registration - Registration Module Pages/New Reg - OTC to RO/Special Case - OTC - Form 1/Confirm No Flagging as Branch' is clicked on

2019-01-09 12:40:11 - [MESSAGE][PASSED] - Object: 'Object Repository/Final Object Repo/New Registration - Registration Module Pages/New Reg - OTC to RO/Special Case - OTC - Form 1/Confirm No Flagging as Branch' is clicked on

2019-01-09 12:40:11 - [TEST_STEP][PASSED] - delay: Delayed 2 second(s)

2019-01-09 12:40:13 - [MESSAGE][PASSED] - Delayed 2 second(s)

2019-01-09 12:40:13 - [TEST_STEP][PASSED] - click: Object: 'Object Repository/Final Object Repo/New Registration - Registration Module Pages/New Reg - OTC to RO/Special Case - All Related Objects/Form 2 Save n Continue' is clicked on

2019-01-09 12:40:13 - [MESSAGE][PASSED] - Object: 'Object Repository/Final Object Repo/New Registration - Registration Module Pages/New Reg - OTC to RO/Special Case - All Related Objects/Form 2 Save n Continue' is clicked on

2019-01-09 12:40:13 - [TEST_STEP][PASSED] - delay: Delayed 2 second(s)

2019-01-09 12:40:15 - [MESSAGE][PASSED] - Delayed 2 second(s)

2019-01-09 12:40:15 - [TEST_STEP][PASSED] - click: Object: 'Object Repository/Final Object Repo/New Registration - Registration Module Pages/New Reg - OTC to RO/Special Case - All Related Objects/Third Screen Save n Continue' is clicked on

2019-01-09 12:40:21 - [MESSAGE][PASSED] - Object: 'Object Repository/Final Object Repo/New Registration - Registration Module Pages/New Reg - OTC to RO/Special Case - All Related Objects/Third Screen Save n Continue' is clicked on

2019-01-09 12:40:21 - [TEST_STEP][PASSED] - delay: Delayed 5 second(s)

2019-01-09 12:40:26 - [MESSAGE][PASSED] - Delayed 5 second(s)

2019-01-09 12:40:26 - [TEST_STEP][PASSED] - click: Object: 'Object Repository/Final Object Repo/New Registration - Registration Module Pages/New Reg - OTC to RO/Special Case - All Related Objects/Upload Doc Page Save n Continue' is clicked on

2019-01-09 12:40:26 - [MESSAGE][PASSED] - Object: 'Object Repository/Final Object Repo/New Registration - Registration Module Pages/New Reg - OTC to RO/Special Case - All Related Objects/Upload Doc Page Save n Continue' is clicked on

2019-01-09 12:40:26 - [TEST_STEP][PASSED] - callTestCase: Call Test Case 'Test Cases/Final Aug 2018 - PKS Automation/Registration Module/New Registration/Submit and Screenshot/Submit Registration and Screenshot' successfully

2019-01-09 12:40:27 - [TEST_CASE][PASSED] - Test Cases/Final Aug 2018 - PKS Automation/Registration Module/New Registration/Submit and Screenshot/Submit Registration and Screenshot: Test Cases/Final Aug 2018 - PKS Automation/Registration Module/New Registration/Submit and Screenshot/Submit Registration and Screenshot

2019-01-09 12:40:27 - [TEST_STEP][PASSED] - delay: Delayed 6 second(s)

2019-01-09 12:40:33 - [MESSAGE][PASSED] - Delayed 6 second(s)

2019-01-09 12:40:33 - [TEST_STEP][PASSED] - click: Object: 'Object Repository/Final Object Repo/New Registration - Registration Module Pages/Third Screen - Upload Supporting Doc- Preview/Preview Submit Button' is clicked on

2019-01-09 12:40:33 - [MESSAGE][PASSED] - Object: 'Object Repository/Final Object Repo/New Registration - Registration Module Pages/Third Screen - Upload Supporting Doc- Preview/Preview Submit Button' is clicked on

2019-01-09 12:40:33 - [TEST_STEP][PASSED] - delay: Delayed 2 second(s)

2019-01-09 12:40:35 - [MESSAGE][PASSED] - Delayed 2 second(s)

2019-01-09 12:40:35 - [TEST_STEP][PASSED] - click: Object: 'Object Repository/Final Object Repo/New Registration - Registration Module Pages/Third Screen - Upload Supporting Doc- Preview/Preview Submit - Confirm' is clicked on

2019-01-09 12:40:35 - [MESSAGE][PASSED] - Object: 'Object Repository/Final Object Repo/New Registration - Registration Module Pages/Third Screen - Upload Supporting Doc- Preview/Preview Submit - Confirm' is clicked on

2019-01-09 12:40:35 - [TEST_STEP][PASSED] - delay: Delayed 15 second(s)

2019-01-09 12:40:50 - [MESSAGE][PASSED] - Delayed 15 second(s)

2019-01-09 12:40:50 - [TEST_STEP][PASSED] - Statement - driver = com.kms.katalon.core.webui.driver.DriverFactory.getWebDriver(): null

2019-01-09 12:40:50 - [TEST_STEP][PASSED] - Statement - driver.manage().timeouts().implicitlyWait(10, SECONDS): null

2019-01-09 12:40:50 - [TEST_STEP][PASSED] - Statement - PresavePath = KatalonScreenshots: null

2019-01-09 12:40:50 - [TEST_STEP][PASSED] - Statement - pathPrefix = "C:\Users\Public\Pictures\Sample Pictures\Katalon Screenshots\Automate Ending Screen": null

2019-01-09 12:40:50 - [TEST_STEP][PASSED] - Statement - finalPath = <not implemented yet for class: org.codehaus.groovy.ast.expr.EmptyExpression>: null

2019-01-09 12:40:50 - [TEST_STEP][PASSED] - Statement - scrFile = driver.getScreenshotAs(FILE): null

2019-01-09 12:40:50 - [TEST_STEP][PASSED] - Statement - PreSaveFile = new java.io.File(PresavePath): null

2019-01-09 12:40:50 - [TEST_STEP][PASSED] - Statement - counter = 0: null

2019-01-09 12:40:50 - [TEST_STEP][PASSED] - Statement - If (PreSaveFile.exists()): null

2019-01-09 12:40:50 - [TEST_STEP][PASSED] - Statement - While (PreSaveFile.exists()): null

2019-01-09 12:40:50 - [TEST_STEP][PASSED] - Statement - counter = counter + 1: null

2019-01-09 12:40:50 - [TEST_STEP][PASSED] - Statement - PreSaveFile = new java.io.File(((pathPrefix + java.lang.Integer.toString(counter)) + .png)): null

2019-01-09 12:40:50 - [TEST_STEP][PASSED] - Statement - counter = counter + 1: null

2019-01-09 12:40:50 - [TEST_STEP][PASSED] - Statement - PreSaveFile = new java.io.File(((pathPrefix + java.lang.Integer.toString(counter)) + .png)): null

2019-01-09 12:40:50 - [TEST_STEP][PASSED] - Statement - counter = counter + 1: null

2019-01-09 12:40:50 - [TEST_STEP][PASSED] - Statement - PreSaveFile = new java.io.File(((pathPrefix + java.lang.Integer.toString(counter)) + .png)): null

2019-01-09 12:40:50 - [TEST_STEP][PASSED] - Statement - counter = counter + 1: null

2019-01-09 12:40:50 - [TEST_STEP][PASSED] - Statement - PreSaveFile = new java.io.File(((pathPrefix + java.lang.Integer.toString(counter)) + .png)): null

2019-01-09 12:40:50 - [TEST_STEP][PASSED] - Statement - counter = counter + 1: null

2019-01-09 12:40:50 - [TEST_STEP][PASSED] - Statement - PreSaveFile = new java.io.File(((pathPrefix + java.lang.Integer.toString(counter)) + .png)): null

2019-01-09 12:40:50 - [TEST_STEP][PASSED] - Statement - counter = counter + 1: null

2019-01-09 12:40:50 - [TEST_STEP][PASSED] - Statement - PreSaveFile = new java.io.File(((pathPrefix + java.lang.Integer.toString(counter)) + .png)): null

2019-01-09 12:40:50 - [TEST_STEP][PASSED] - Statement - counter = counter + 1: null

2019-01-09 12:40:50 - [TEST_STEP][PASSED] - Statement - PreSaveFile = new java.io.File(((pathPrefix + java.lang.Integer.toString(counter)) + .png)): null

2019-01-09 12:40:50 - [TEST_STEP][PASSED] - Statement - counter = counter + 1: null

2019-01-09 12:40:50 - [TEST_STEP][PASSED] - Statement - PreSaveFile = new java.io.File(((pathPrefix + java.lang.Integer.toString(counter)) + .png)): null

2019-01-09 12:40:50 - [TEST_STEP][PASSED] - Statement - counter = counter + 1: null

2019-01-09 12:40:50 - [TEST_STEP][PASSED] - Statement - PreSaveFile = new java.io.File(((pathPrefix + java.lang.Integer.toString(counter)) + .png)): null

2019-01-09 12:40:50 - [TEST_STEP][PASSED] - Statement - counter = counter + 1: null

2019-01-09 12:40:50 - [TEST_STEP][PASSED] - Statement - PreSaveFile = new java.io.File(((pathPrefix + java.lang.Integer.toString(counter)) + .png)): null

2019-01-09 12:40:50 - [TEST_STEP][PASSED] - Statement - counter = counter + 1: null

2019-01-09 12:40:50 - [TEST_STEP][PASSED] - Statement - PreSaveFile = new java.io.File(((pathPrefix + java.lang.Integer.toString(counter)) + .png)): null

2019-01-09 12:40:50 - [TEST_STEP][PASSED] - Statement - counter = counter + 1: null

2019-01-09 12:40:50 - [TEST_STEP][PASSED] - Statement - PreSaveFile = new java.io.File(((pathPrefix + java.lang.Integer.toString(counter)) + .png)): null

2019-01-09 12:40:50 - [TEST_STEP][PASSED] - Statement - counter = counter + 1: null

2019-01-09 12:40:50 - [TEST_STEP][PASSED] - Statement - PreSaveFile = new java.io.File(((pathPrefix + java.lang.Integer.toString(counter)) + .png)): null

2019-01-09 12:40:50 - [TEST_STEP][PASSED] - Statement - counter = counter + 1: null

2019-01-09 12:40:50 - [TEST_STEP][PASSED] - Statement - PreSaveFile = new java.io.File(((pathPrefix + java.lang.Integer.toString(counter)) + .png)): null

2019-01-09 12:40:50 - [TEST_STEP][PASSED] - Statement - counter = counter + 1: null

2019-01-09 12:40:50 - [TEST_STEP][PASSED] - Statement - PreSaveFile = new java.io.File(((pathPrefix + java.lang.Integer.toString(counter)) + .png)): null

2019-01-09 12:40:50 - [TEST_STEP][PASSED] - Statement - counter = counter + 1: null

2019-01-09 12:40:50 - [TEST_STEP][PASSED] - Statement - PreSaveFile = new java.io.File(((pathPrefix + java.lang.Integer.toString(counter)) + .png)): null

2019-01-09 12:40:50 - [TEST_STEP][PASSED] - Statement - counter = counter + 1: null

2019-01-09 12:40:50 - [TEST_STEP][PASSED] - Statement - PreSaveFile = new java.io.File(((pathPrefix + java.lang.Integer.toString(counter)) + .png)): null

2019-01-09 12:40:50 - [TEST_STEP][PASSED] - Statement - counter = counter + 1: null

2019-01-09 12:40:51 - [TEST_STEP][PASSED] - Statement - PreSaveFile = new java.io.File(((pathPrefix + java.lang.Integer.toString(counter)) + .png)): null

2019-01-09 12:40:51 - [TEST_STEP][PASSED] - Statement - counter = counter + 1: null

2019-01-09 12:40:51 - [TEST_STEP][PASSED] - Statement - PreSaveFile = new java.io.File(((pathPrefix + java.lang.Integer.toString(counter)) + .png)): null

2019-01-09 12:40:51 - [TEST_STEP][PASSED] - Statement - counter = counter + 1: null

2019-01-09 12:40:51 - [TEST_STEP][PASSED] - Statement - PreSaveFile = new java.io.File(((pathPrefix + java.lang.Integer.toString(counter)) + .png)): null

2019-01-09 12:40:51 - [TEST_STEP][PASSED] - Statement - counter = counter + 1: null

2019-01-09 12:40:51 - [TEST_STEP][PASSED] - Statement - PreSaveFile = new java.io.File(((pathPrefix + java.lang.Integer.toString(counter)) + .png)): null

2019-01-09 12:40:51 - [TEST_STEP][PASSED] - Statement - counter = counter + 1: null

2019-01-09 12:40:51 - [TEST_STEP][PASSED] - Statement - PreSaveFile = new java.io.File(((pathPrefix + java.lang.Integer.toString(counter)) + .png)): null

2019-01-09 12:40:51 - [TEST_STEP][PASSED] - Statement - counter = counter + 1: null

2019-01-09 12:40:51 - [TEST_STEP][PASSED] - Statement - PreSaveFile = new java.io.File(((pathPrefix + java.lang.Integer.toString(counter)) + .png)): null

2019-01-09 12:40:51 - [TEST_STEP][PASSED] - Statement - counter = counter + 1: null

2019-01-09 12:40:51 - [TEST_STEP][PASSED] - Statement - PreSaveFile = new java.io.File(((pathPrefix + java.lang.Integer.toString(counter)) + .png)): null

2019-01-09 12:40:51 - [TEST_STEP][PASSED] - Statement - counter = counter + 1: null

2019-01-09 12:40:51 - [TEST_STEP][PASSED] - Statement - PreSaveFile = new java.io.File(((pathPrefix + java.lang.Integer.toString(counter)) + .png)): null

2019-01-09 12:40:51 - [TEST_STEP][PASSED] - Statement - counter = counter + 1: null

2019-01-09 12:40:51 - [TEST_STEP][PASSED] - Statement - PreSaveFile = new java.io.File(((pathPrefix + java.lang.Integer.toString(counter)) + .png)): null

2019-01-09 12:40:51 - [TEST_STEP][PASSED] - Statement - counter = counter + 1: null

2019-01-09 12:40:51 - [TEST_STEP][PASSED] - Statement - PreSaveFile = new java.io.File(((pathPrefix + java.lang.Integer.toString(counter)) + .png)): null

2019-01-09 12:40:51 - [TEST_STEP][PASSED] - Statement - counter = counter + 1: null

2019-01-09 12:40:51 - [TEST_STEP][PASSED] - Statement - PreSaveFile = new java.io.File(((pathPrefix + java.lang.Integer.toString(counter)) + .png)): null

2019-01-09 12:40:51 - [TEST_STEP][PASSED] - Statement - counter = counter + 1: null

2019-01-09 12:40:52 - [TEST_STEP][PASSED] - Statement - PreSaveFile = new java.io.File(((pathPrefix + java.lang.Integer.toString(counter)) + .png)): null

2019-01-09 12:40:52 - [TEST_STEP][PASSED] - Statement - counter = counter + 1: null

2019-01-09 12:40:52 - [TEST_STEP][PASSED] - Statement - PreSaveFile = new java.io.File(((pathPrefix + java.lang.Integer.toString(counter)) + .png)): null

2019-01-09 12:40:52 - [TEST_STEP][PASSED] - Statement - counter = counter + 1: null

2019-01-09 12:40:52 - [TEST_STEP][PASSED] - Statement - PreSaveFile = new java.io.File(((pathPrefix + java.lang.Integer.toString(counter)) + .png)): null

2019-01-09 12:40:52 - [TEST_STEP][PASSED] - Statement - counter = counter + 1: null

2019-01-09 12:40:52 - [TEST_STEP][PASSED] - Statement - PreSaveFile = new java.io.File(((pathPrefix + java.lang.Integer.toString(counter)) + .png)): null

2019-01-09 12:40:52 - [TEST_STEP][PASSED] - Statement - counter = counter + 1: null

2019-01-09 12:40:52 - [TEST_STEP][PASSED] - Statement - PreSaveFile = new java.io.File(((pathPrefix + java.lang.Integer.toString(counter)) + .png)): null

2019-01-09 12:40:52 - [TEST_STEP][PASSED] - Statement - counter = counter + 1: null

2019-01-09 12:40:52 - [TEST_STEP][PASSED] - Statement - PreSaveFile = new java.io.File(((pathPrefix + java.lang.Integer.toString(counter)) + .png)): null

2019-01-09 12:40:52 - [TEST_STEP][PASSED] - Statement - counter = counter + 1: null

2019-01-09 12:40:52 - [TEST_STEP][PASSED] - Statement - PreSaveFile = new java.io.File(((pathPrefix + java.lang.Integer.toString(counter)) + .png)): null

2019-01-09 12:40:52 - [TEST_STEP][PASSED] - Statement - counter = counter + 1: null

2019-01-09 12:40:52 - [TEST_STEP][PASSED] - Statement - PreSaveFile = new java.io.File(((pathPrefix + java.lang.Integer.toString(counter)) + .png)): null

2019-01-09 12:40:52 - [TEST_STEP][PASSED] - Statement - counter = counter + 1: null

2019-01-09 12:40:52 - [TEST_STEP][PASSED] - Statement - PreSaveFile = new java.io.File(((pathPrefix + java.lang.Integer.toString(counter)) + .png)): null

2019-01-09 12:40:52 - [TEST_STEP][PASSED] - Statement - counter = counter + 1: null

2019-01-09 12:40:53 - [TEST_STEP][PASSED] - Statement - PreSaveFile = new java.io.File(((pathPrefix + java.lang.Integer.toString(counter)) + .png)): null

2019-01-09 12:40:53 - [TEST_STEP][PASSED] - Statement - counter = counter + 1: null

2019-01-09 12:40:53 - [TEST_STEP][PASSED] - Statement - PreSaveFile = new java.io.File(((pathPrefix + java.lang.Integer.toString(counter)) + .png)): null

2019-01-09 12:40:53 - [TEST_STEP][PASSED] - Statement - counter = counter + 1: null

2019-01-09 12:40:53 - [TEST_STEP][PASSED] - Statement - PreSaveFile = new java.io.File(((pathPrefix + java.lang.Integer.toString(counter)) + .png)): null

2019-01-09 12:40:53 - [TEST_STEP][PASSED] - Statement - counter = counter + 1: null

2019-01-09 12:40:53 - [TEST_STEP][PASSED] - Statement - PreSaveFile = new java.io.File(((pathPrefix + java.lang.Integer.toString(counter)) + .png)): null

2019-01-09 12:40:53 - [TEST_STEP][PASSED] - Statement - counter = counter + 1: null

2019-01-09 12:40:53 - [TEST_STEP][PASSED] - Statement - PreSaveFile = new java.io.File(((pathPrefix + java.lang.Integer.toString(counter)) + .png)): null

2019-01-09 12:40:53 - [TEST_STEP][PASSED] - Statement - counter = counter + 1: null

2019-01-09 12:40:53 - [TEST_STEP][PASSED] - Statement - PreSaveFile = new java.io.File(((pathPrefix + java.lang.Integer.toString(counter)) + .png)): null

2019-01-09 12:40:53 - [TEST_STEP][PASSED] - Statement - counter = counter + 1: null

2019-01-09 12:40:53 - [TEST_STEP][PASSED] - Statement - PreSaveFile = new java.io.File(((pathPrefix + java.lang.Integer.toString(counter)) + .png)): null

2019-01-09 12:40:53 - [TEST_STEP][PASSED] - Statement - counter = counter + 1: null

2019-01-09 12:40:53 - [TEST_STEP][PASSED] - Statement - PreSaveFile = new java.io.File(((pathPrefix + java.lang.Integer.toString(counter)) + .png)): null

2019-01-09 12:40:53 - [TEST_STEP][PASSED] - Statement - counter = counter + 1: null

2019-01-09 12:40:53 - [TEST_STEP][PASSED] - Statement - PreSaveFile = new java.io.File(((pathPrefix + java.lang.Integer.toString(counter)) + .png)): null

2019-01-09 12:40:53 - [TEST_STEP][PASSED] - Statement - counter = counter + 1: null

2019-01-09 12:40:53 - [TEST_STEP][PASSED] - Statement - PreSaveFile = new java.io.File(((pathPrefix + java.lang.Integer.toString(counter)) + .png)): null

2019-01-09 12:40:53 - [TEST_STEP][PASSED] - Statement - counter = counter + 1: null

2019-01-09 12:40:54 - [TEST_STEP][PASSED] - Statement - PreSaveFile = new java.io.File(((pathPrefix + java.lang.Integer.toString(counter)) + .png)): null

2019-01-09 12:40:54 - [TEST_STEP][PASSED] - Statement - counter = counter + 1: null

2019-01-09 12:40:54 - [TEST_STEP][PASSED] - Statement - PreSaveFile = new java.io.File(((pathPrefix + java.lang.Integer.toString(counter)) + .png)): null

2019-01-09 12:40:54 - [TEST_STEP][PASSED] - Statement - counter = counter + 1: null

2019-01-09 12:40:54 - [TEST_STEP][PASSED] - Statement - PreSaveFile = new java.io.File(((pathPrefix + java.lang.Integer.toString(counter)) + .png)): null

2019-01-09 12:40:54 - [TEST_STEP][PASSED] - Statement - counter = counter + 1: null

2019-01-09 12:40:54 - [TEST_STEP][PASSED] - Statement - PreSaveFile = new java.io.File(((pathPrefix + java.lang.Integer.toString(counter)) + .png)): null

2019-01-09 12:40:54 - [TEST_STEP][PASSED] - Statement - counter = counter + 1: null

2019-01-09 12:40:54 - [TEST_STEP][PASSED] - Statement - PreSaveFile = new java.io.File(((pathPrefix + java.lang.Integer.toString(counter)) + .png)): null

2019-01-09 12:40:54 - [TEST_STEP][PASSED] - Statement - counter = counter + 1: null

2019-01-09 12:40:54 - [TEST_STEP][PASSED] - Statement - PreSaveFile = new java.io.File(((pathPrefix + java.lang.Integer.toString(counter)) + .png)): null

2019-01-09 12:40:54 - [TEST_STEP][PASSED] - Statement - counter = counter + 1: null

2019-01-09 12:40:54 - [TEST_STEP][PASSED] - Statement - PreSaveFile = new java.io.File(((pathPrefix + java.lang.Integer.toString(counter)) + .png)): null

2019-01-09 12:40:54 - [TEST_STEP][PASSED] - Statement - counter = counter + 1: null

2019-01-09 12:40:54 - [TEST_STEP][PASSED] - Statement - PreSaveFile = new java.io.File(((pathPrefix + java.lang.Integer.toString(counter)) + .png)): null

2019-01-09 12:40:54 - [TEST_STEP][PASSED] - Statement - counter = counter + 1: null

2019-01-09 12:40:54 - [TEST_STEP][PASSED] - Statement - PreSaveFile = new java.io.File(((pathPrefix + java.lang.Integer.toString(counter)) + .png)): null

2019-01-09 12:40:54 - [TEST_STEP][PASSED] - Statement - counter = counter + 1: null

2019-01-09 12:40:54 - [TEST_STEP][PASSED] - Statement - PreSaveFile = new java.io.File(((pathPrefix + java.lang.Integer.toString(counter)) + .png)): null

2019-01-09 12:40:55 - [TEST_STEP][PASSED] - Statement - counter = counter + 1: null

2019-01-09 12:40:55 - [TEST_STEP][PASSED] - Statement - PreSaveFile = new java.io.File(((pathPrefix + java.lang.Integer.toString(counter)) + .png)): null

2019-01-09 12:40:55 - [TEST_STEP][PASSED] - Statement - counter = counter + 1: null

2019-01-09 12:40:55 - [TEST_STEP][PASSED] - Statement - PreSaveFile = new java.io.File(((pathPrefix + java.lang.Integer.toString(counter)) + .png)): null

2019-01-09 12:40:55 - [TEST_STEP][PASSED] - Statement - counter = counter + 1: null

2019-01-09 12:40:55 - [TEST_STEP][PASSED] - Statement - PreSaveFile = new java.io.File(((pathPrefix + java.lang.Integer.toString(counter)) + .png)): null

2019-01-09 12:40:55 - [TEST_STEP][PASSED] - Statement - counter = counter + 1: null

2019-01-09 12:40:55 - [TEST_STEP][PASSED] - Statement - PreSaveFile = new java.io.File(((pathPrefix + java.lang.Integer.toString(counter)) + .png)): null

2019-01-09 12:40:55 - [TEST_STEP][PASSED] - Statement - counter = counter + 1: null

2019-01-09 12:40:55 - [TEST_STEP][PASSED] - Statement - PreSaveFile = new java.io.File(((pathPrefix + java.lang.Integer.toString(counter)) + .png)): null

2019-01-09 12:40:55 - [TEST_STEP][PASSED] - Statement - counter = counter + 1: null

2019-01-09 12:40:55 - [TEST_STEP][PASSED] - Statement - PreSaveFile = new java.io.File(((pathPrefix + java.lang.Integer.toString(counter)) + .png)): null

2019-01-09 12:40:55 - [TEST_STEP][PASSED] - Statement - counter = counter + 1: null

2019-01-09 12:40:55 - [TEST_STEP][PASSED] - Statement - PreSaveFile = new java.io.File(((pathPrefix + java.lang.Integer.toString(counter)) + .png)): null

2019-01-09 12:40:55 - [TEST_STEP][PASSED] - Statement - counter = counter + 1: null

2019-01-09 12:40:55 - [TEST_STEP][PASSED] - Statement - PreSaveFile = new java.io.File(((pathPrefix + java.lang.Integer.toString(counter)) + .png)): null

2019-01-09 12:40:55 - [TEST_STEP][PASSED] - Statement - counter = counter + 1: null

2019-01-09 12:40:55 - [TEST_STEP][PASSED] - Statement - PreSaveFile = new java.io.File(((pathPrefix + java.lang.Integer.toString(counter)) + .png)): null

2019-01-09 12:40:55 - [TEST_STEP][PASSED] - Statement - counter = counter + 1: null

2019-01-09 12:40:56 - [TEST_STEP][PASSED] - Statement - PreSaveFile = new java.io.File(((pathPrefix + java.lang.Integer.toString(counter)) + .png)): null

2019-01-09 12:40:56 - [TEST_STEP][PASSED] - Statement - finalPath = pathPrefix + java.lang.Integer.toString(counter) + ".png": null

2019-01-09 12:40:56 - [TEST_STEP][PASSED] - Statement - SaveFile = new java.io.File(finalPath): null

2019-01-09 12:40:56 - [TEST_STEP][PASSED] - Statement - Try: null

2019-01-09 12:40:56 - [TEST_STEP][PASSED] - Statement - org.apache.commons.io.FileUtils.copyFile(scrFile, SaveFile): null

2019-01-09 12:40:56 - [TEST_STEP][PASSED] - Statement - out.println("file kept"): null

2019-01-09 12:40:56 - [TEST_STEP][PASSED] - delay: Delayed 10 second(s)

2019-01-09 12:41:06 - [MESSAGE][PASSED] - Delayed 10 second(s)

2019-01-09 12:41:06 - [MESSAGE][PASSED] - Call Test Case 'Test Cases/Final Aug 2018 - PKS Automation/Registration Module/New Registration/Submit and Screenshot/Submit Registration and Screenshot' successfully

2019-01-09 12:41:06 - [TEST_STEP][PASSED] - delay: Delayed 5 second(s)

2019-01-09 12:41:11 - [MESSAGE][PASSED] - Delayed 5 second(s)

2019-01-09 12:41:11 - [TEST_STEP][PASSED] - callTestCase: Call Test Case 'Test Cases/Final Aug 2018 - PKS Automation/Registration Module/Log Out/log out avoiding katalon tagging' successfully

2019-01-09 12:41:11 - [TEST_CASE][PASSED] - Test Cases/Final Aug 2018 - PKS Automation/Registration Module/Log Out/log out avoiding katalon tagging: Test Cases/Final Aug 2018 - PKS Automation/Registration Module/Log Out/log out avoiding katalon tagging

2019-01-09 12:41:11 - [TEST_STEP][PASSED] - navigateToUrl: Navigate to 'https://assist2-uat.perkeso.gov.my/c/portal/logout' successfully

2019-01-09 12:41:11 - [MESSAGE][PASSED] - Navigate to 'https://assist2-uat.perkeso.gov.my/c/portal/logout' successfully

2019-01-09 12:41:11 - [MESSAGE][PASSED] - Call Test Case 'Test Cases/Final Aug 2018 - PKS Automation/Registration Module/Log Out/log out avoiding katalon tagging' successfully

2019-01-09 12:41:11 - [TEST_STEP][PASSED] - callTestCase: Call Test Case 'Test Cases/Final Aug 2018 - PKS Automation/Common/Workflow Owner Finder' successfully

2019-01-09 12:41:11 - [TEST_CASE][PASSED] - Test Cases/Final Aug 2018 - PKS Automation/Common/Workflow Owner Finder: Test Cases/Final Aug 2018 - PKS Automation/Common/Workflow Owner Finder

2019-01-09 12:41:11 - [TEST_STEP][PASSED] - openBrowser: Browser is opened with url: ''

2019-01-09 12:41:11 - [MESSAGE][WARNING] - A browser is already opened. Closing browser and opening a new one

2019-01-09 12:41:14 - [MESSAGE][PASSED] - Browser is opened with url: ''

2019-01-09 12:41:14 - [TEST_STEP][PASSED] - navigateToUrl: Navigate to 'https://assist2-uat.perkeso.gov.my/login' successfully

2019-01-09 12:41:15 - [MESSAGE][PASSED] - Navigate to 'https://assist2-uat.perkeso.gov.my/login' successfully

2019-01-09 12:41:15 - [TEST_STEP][PASSED] - delay: Delayed 5 second(s)

2019-01-09 12:41:20 - [MESSAGE][PASSED] - Delayed 5 second(s)

2019-01-09 12:41:20 - [TEST_STEP][PASSED] - setText: Text 'test@liferay.com' is set on object 'Object Repository/Final Object Repo/Login Page/Internal User/Email Address'

2019-01-09 12:41:21 - [MESSAGE][PASSED] - Text 'test@liferay.com' is set on object 'Object Repository/Final Object Repo/Login Page/Internal User/Email Address'

2019-01-09 12:41:21 - [TEST_STEP][PASSED] - click: Object: 'Object Repository/Final Object Repo/Login Page/Internal User/Next Button' is clicked on

2019-01-09 12:41:21 - [MESSAGE][PASSED] - Object: 'Object Repository/Final Object Repo/Login Page/Internal User/Next Button' is clicked on

2019-01-09 12:41:21 - [TEST_STEP][PASSED] - delay: Delayed 2 second(s)

2019-01-09 12:41:23 - [MESSAGE][PASSED] - Delayed 2 second(s)

2019-01-09 12:41:23 - [TEST_STEP][PASSED] - setText: Text 'test' is set on object 'Object Repository/Final Object Repo/Login Page/Internal User/Password'

2019-01-09 12:41:23 - [MESSAGE][PASSED] - Text 'test' is set on object 'Object Repository/Final Object Repo/Login Page/Internal User/Password'

2019-01-09 12:41:23 - [TEST_STEP][PASSED] - delay: Delayed 2 second(s)

2019-01-09 12:41:25 - [MESSAGE][PASSED] - Delayed 2 second(s)

2019-01-09 12:41:25 - [TEST_STEP][PASSED] - click: Object: 'Object Repository/Final Object Repo/Login Page/Internal User/Login Button' is clicked on

2019-01-09 12:41:25 - [MESSAGE][PASSED] - Object: 'Object Repository/Final Object Repo/Login Page/Internal User/Login Button' is clicked on

2019-01-09 12:41:25 - [TEST_STEP][PASSED] - Statement - tester = com.kms.katalon.core.testobject.ObjectRepository.findTestObject(Final Object Repo/Landing Page/Select to English): Finding Test Object with id 'Object Repository/Final Object Repo/Landing Page/Select to English'

2019-01-09 12:41:25 - [TEST_STEP][PASSED] - Statement - Try: Delayed 2 second(s)

2019-01-09 12:41:25 - [TEST_STEP][PASSED] - Statement - Checker = com.kms.katalon.core.webui.keyword.WebUiBuiltInKeywords.verifyElementNotPresent(tester, 3): Web element with id: 'Object Repository/Final Object Repo/Landing Page/Select to English' located by 'By.xpath: //a[@class = 'taglib-language-list-text' and @lang = 'en-US' and (contains(text(), 'EN') or contains(., 'EN'))]' is not present after '3' second(s)

2019-01-09 12:41:27 - [MESSAGE][PASSED] - Web element with id: 'Object Repository/Final Object Repo/Landing Page/Select to English' located by 'By.xpath: //a[@class = 'taglib-language-list-text' and @lang = 'en-US' and (contains(text(), 'EN') or contains(., 'EN'))]' is not present after '3' second(s)

2019-01-09 12:41:27 - [TEST_STEP][PASSED] - Statement - If (Checker == false): null

2019-01-09 12:41:27 - [TEST_STEP][PASSED] - delay: Delayed 2 second(s)

2019-01-09 12:41:29 - [MESSAGE][PASSED] - Delayed 2 second(s)

2019-01-09 12:41:29 - [TEST_STEP][PASSED] - delay: Delayed 5 second(s)

2019-01-09 12:41:34 - [MESSAGE][PASSED] - Delayed 5 second(s)

2019-01-09 12:41:34 - [TEST_STEP][PASSED] - mouseOver: Object: 'Object Repository/Final Object Repo/Landing Page/WorkFlow Menu' is hovered

2019-01-09 12:41:34 - [MESSAGE][PASSED] - Object: 'Object Repository/Final Object Repo/Landing Page/WorkFlow Menu' is hovered

2019-01-09 12:41:34 - [TEST_STEP][PASSED] - delay: Delayed 2 second(s)

2019-01-09 12:41:36 - [MESSAGE][PASSED] - Delayed 2 second(s)

2019-01-09 12:41:36 - [TEST_STEP][PASSED] - click: Object: 'Object Repository/Final Object Repo/Landing Page/Select to Workflow Listing' is clicked on

2019-01-09 12:41:38 - [MESSAGE][PASSED] - Object: 'Object Repository/Final Object Repo/Landing Page/Select to Workflow Listing' is clicked on

2019-01-09 12:41:38 - [TEST_STEP][PASSED] - delay: Delayed 2 second(s)

2019-01-09 12:41:40 - [MESSAGE][PASSED] - Delayed 2 second(s)

2019-01-09 12:41:40 - [TEST_STEP][PASSED] - click: Object: 'Object Repository/Final Object Repo/WorkFlow Listing Page/Search Information - To Put Ref No' is clicked on

2019-01-09 12:41:40 - [MESSAGE][PASSED] - Object: 'Object Repository/Final Object Repo/WorkFlow Listing Page/Search Information - To Put Ref No' is clicked on

2019-01-09 12:41:40 - [TEST_STEP][PASSED] - delay: Delayed 2 second(s)

2019-01-09 12:41:42 - [MESSAGE][PASSED] - Delayed 2 second(s)

2019-01-09 12:41:42 - [TEST_STEP][PASSED] - callTestCase: Call Test Case 'Test Cases/Final Aug 2018 - PKS Automation/Common/Reference Number Getter' successfully

2019-01-09 12:41:42 - [TEST_CASE][PASSED] - Test Cases/Final Aug 2018 - PKS Automation/Common/Reference Number Getter: Test Cases/Final Aug 2018 - PKS Automation/Common/Reference Number Getter

2019-01-09 12:41:42 - [TEST_STEP][PASSED] - Statement - Try: null

2019-01-09 12:41:42 - [TEST_STEP][PASSED] - Statement - RefNo = new java.io.File(C://Users//Admin//Desktop//PKS//Automation Reference Point//KatalonReference.txt): null

2019-01-09 12:41:42 - [TEST_STEP][PASSED] - Statement - bufferread = new java.io.BufferedReader(new java.io.FileReader(RefNo)): null

2019-01-09 12:41:42 - [TEST_STEP][PASSED] - Statement - readedVal = bufferread.readLine(): null

2019-01-09 12:41:42 - [TEST_STEP][PASSED] - Statement - out.println(CaseReferenceNo): null

2019-01-09 12:41:42 - [TEST_STEP][PASSED] - Statement - out.println(readedVal): null

2019-01-09 12:41:42 - [TEST_STEP][PASSED] - Statement - CaseReferenceNo = "": null

2019-01-09 12:41:42 - [TEST_STEP][PASSED] - Statement - CaseReferenceNo = readedVal: null

2019-01-09 12:41:42 - [MESSAGE][PASSED] - Call Test Case 'Test Cases/Final Aug 2018 - PKS Automation/Common/Reference Number Getter' successfully

2019-01-09 12:41:42 - [TEST_STEP][PASSED] - setText: Text 'CRN01201900123681' is set on object 'Object Repository/Final Object Repo/WorkFlow Listing Page/Ref No Set Text'

2019-01-09 12:41:42 - [MESSAGE][PASSED] - Text 'CRN01201900123681' is set on object 'Object Repository/Final Object Repo/WorkFlow Listing Page/Ref No Set Text'

2019-01-09 12:41:42 - [TEST_STEP][PASSED] - delay: Delayed 2 second(s)

2019-01-09 12:41:44 - [MESSAGE][PASSED] - Delayed 2 second(s)

2019-01-09 12:41:44 - [TEST_STEP][PASSED] - click: Object: 'Object Repository/Final Object Repo/WorkFlow Listing Page/Search Ref No Search Button' is clicked on

2019-01-09 12:41:45 - [MESSAGE][PASSED] - Object: 'Object Repository/Final Object Repo/WorkFlow Listing Page/Search Ref No Search Button' is clicked on

2019-01-09 12:41:45 - [TEST_STEP][PASSED] - delay: Delayed 6 second(s)

2019-01-09 12:41:51 - [MESSAGE][PASSED] - Delayed 6 second(s)

2019-01-09 12:41:51 - [TEST_STEP][PASSED] - click: Object: 'Object Repository/Final Object Repo/WorkFlow Listing Page/Click Continue Tooltip' is clicked on

2019-01-09 12:41:51 - [MESSAGE][PASSED] - Object: 'Object Repository/Final Object Repo/WorkFlow Listing Page/Click Continue Tooltip' is clicked on

2019-01-09 12:41:51 - [TEST_STEP][PASSED] - delay: Delayed 5 second(s)

2019-01-09 12:41:56 - [MESSAGE][PASSED] - Delayed 5 second(s)

2019-01-09 12:41:56 - [TEST_STEP][PASSED] - doubleClick: Object: 'Object Repository/Final Object Repo/WorkFlow Listing Page/Workflow Found - Listing 1' is double clicked on

2019-01-09 12:41:57 - [MESSAGE][PASSED] - Object: 'Object Repository/Final Object Repo/WorkFlow Listing Page/Workflow Found - Listing 1' is double clicked on

2019-01-09 12:41:57 - [TEST_STEP][PASSED] - Statement - println(OwnerID): null

2019-01-09 12:41:57 - [TEST_STEP][PASSED] - Statement - OwnerID = com.kms.katalon.core.webui.keyword.WebUiBuiltInKeywords.getText(com.kms.katalon.core.testobject.ObjectRepository.findTestObject(Final Object Repo/WorkFlow Listing Page/Workflow Found - Listing 1), STOP_ON_FAILURE): Text of object 'Object Repository/Final Object Repo/WorkFlow Listing Page/Workflow Found - Listing 1' is: 'JOHORro3'

2019-01-09 12:41:57 - [MESSAGE][PASSED] - Text of object 'Object Repository/Final Object Repo/WorkFlow Listing Page/Workflow Found - Listing 1' is: 'JOHORro3'

2019-01-09 12:41:57 - [TEST_STEP][PASSED] - Statement - OwnerID = OwnerID.toLowerCase() + "@gmail.com": null

2019-01-09 12:41:57 - [TEST_STEP][PASSED] - Statement - println(OwnerID): null

2019-01-09 12:41:57 - [TEST_STEP][PASSED] - delay: Delayed 2 second(s)

2019-01-09 12:41:59 - [MESSAGE][PASSED] - Delayed 2 second(s)

2019-01-09 12:41:59 - [MESSAGE][PASSED] - Call Test Case 'Test Cases/Final Aug 2018 - PKS Automation/Common/Workflow Owner Finder' successfully

2019-01-09 12:41:59 - [TEST_STEP][PASSED] - callTestCase: Call Test Case 'Test Cases/Final Aug 2018 - PKS Automation/Registration Module/Log Out/log out avoiding katalon tagging' successfully

2019-01-09 12:41:59 - [TEST_CASE][PASSED] - Test Cases/Final Aug 2018 - PKS Automation/Registration Module/Log Out/log out avoiding katalon tagging: Test Cases/Final Aug 2018 - PKS Automation/Registration Module/Log Out/log out avoiding katalon tagging

2019-01-09 12:41:59 - [TEST_STEP][PASSED] - navigateToUrl: Navigate to 'https://assist2-uat.perkeso.gov.my/c/portal/logout' successfully

2019-01-09 12:42:00 - [MESSAGE][PASSED] - Navigate to 'https://assist2-uat.perkeso.gov.my/c/portal/logout' successfully

2019-01-09 12:42:00 - [MESSAGE][PASSED] - Call Test Case 'Test Cases/Final Aug 2018 - PKS Automation/Registration Module/Log Out/log out avoiding katalon tagging' successfully

2019-01-09 12:42:00 - [TEST_STEP][PASSED] - delay: Delayed 2 second(s)

2019-01-09 12:42:02 - [MESSAGE][PASSED] - Delayed 2 second(s)

2019-01-09 12:42:02 - [TEST_STEP][PASSED] - setText: Text 'johorro3@gmail.com' is set on object 'Object Repository/Final Object Repo/New Registration - Registration Module Pages/New Reg - OTC to RO/Special Case - All Related Objects/Email TextBox'

2019-01-09 12:42:02 - [MESSAGE][PASSED] - Text 'johorro3@gmail.com' is set on object 'Object Repository/Final Object Repo/New Registration - Registration Module Pages/New Reg - OTC to RO/Special Case - All Related Objects/Email TextBox'

2019-01-09 12:42:02 - [TEST_STEP][PASSED] - click: Object: 'Object Repository/Final Object Repo/New Registration - Registration Module Pages/New Reg - OTC to RO/Special Case - All Related Objects/Next Button' is clicked on

2019-01-09 12:42:02 - [MESSAGE][PASSED] - Object: 'Object Repository/Final Object Repo/New Registration - Registration Module Pages/New Reg - OTC to RO/Special Case - All Related Objects/Next Button' is clicked on

2019-01-09 12:42:02 - [TEST_STEP][PASSED] - delay: Delayed 2 second(s)

2019-01-09 12:42:04 - [MESSAGE][PASSED] - Delayed 2 second(s)

2019-01-09 12:42:04 - [TEST_STEP][PASSED] - setText: Text 'Test1@3456789' is set on object 'Object Repository/Final Object Repo/New Registration - Registration Module Pages/New Reg - OTC to RO/Special Case - All Related Objects/Password TextBox'

2019-01-09 12:42:05 - [MESSAGE][PASSED] - Text 'Test1@3456789' is set on object 'Object Repository/Final Object Repo/New Registration - Registration Module Pages/New Reg - OTC to RO/Special Case - All Related Objects/Password TextBox'

2019-01-09 12:42:05 - [TEST_STEP][PASSED] - delay: Delayed 2 second(s)

2019-01-09 12:42:07 - [MESSAGE][PASSED] - Delayed 2 second(s)

2019-01-09 12:42:07 - [TEST_STEP][PASSED] - click: Object: 'Object Repository/Final Object Repo/New Registration - Registration Module Pages/New Reg - OTC to RO/Special Case - All Related Objects/Login Button' is clicked on

2019-01-09 12:42:07 - [MESSAGE][PASSED] - Object: 'Object Repository/Final Object Repo/New Registration - Registration Module Pages/New Reg - OTC to RO/Special Case - All Related Objects/Login Button' is clicked on

2019-01-09 12:42:07 - [TEST_STEP][PASSED] - delay: Delayed 2 second(s)

2019-01-09 12:42:09 - [MESSAGE][PASSED] - Delayed 2 second(s)

2019-01-09 12:42:09 - [TEST_STEP][PASSED] - Statement - Try: null

2019-01-09 12:42:09 - [TEST_STEP][PASSED] - Statement - Checker = com.kms.katalon.core.webui.keyword.WebUiBuiltInKeywords.verifyElementNotPresent("Final Object Repo/Landing Page/Select to English", 3): null

2019-01-09 12:42:09 - [TEST_STEP][PASSED] - Statement - Catch (Exception e): null

2019-01-09 12:42:09 - [TEST_STEP][PASSED] - Statement - e.printStackTrace(): null

2019-01-09 12:42:09 - [TEST_STEP][PASSED] - click: Object: 'Object Repository/Final Object Repo/New Registration - Registration Module Pages/New Reg - OTC to RO/Special Case - All Related Objects/Expand to Search' is clicked on

2019-01-09 12:42:09 - [MESSAGE][PASSED] - Object: 'Object Repository/Final Object Repo/New Registration - Registration Module Pages/New Reg - OTC to RO/Special Case - All Related Objects/Expand to Search' is clicked on

2019-01-09 12:42:09 - [TEST_STEP][PASSED] - delay: Delayed 2 second(s)

2019-01-09 12:42:11 - [MESSAGE][PASSED] - Delayed 2 second(s)

2019-01-09 12:42:11 - [TEST_STEP][PASSED] - setText: Text 'CRN01201900123681' is set on object 'Object Repository/Final Object Repo/New Registration - Registration Module Pages/New Reg - OTC to RO/Special Case - All Related Objects/TextBox RefNo in Workbasket'

2019-01-09 12:42:11 - [MESSAGE][PASSED] - Text 'CRN01201900123681' is set on object 'Object Repository/Final Object Repo/New Registration - Registration Module Pages/New Reg - OTC to RO/Special Case - All Related Objects/TextBox RefNo in Workbasket'

2019-01-09 12:42:11 - [TEST_STEP][PASSED] - delay: Delayed 2 second(s)

2019-01-09 12:42:13 - [MESSAGE][PASSED] - Delayed 2 second(s)

2019-01-09 12:42:13 - [TEST_STEP][PASSED] - click: Object: 'Object Repository/Final Object Repo/New Registration - Registration Module Pages/New Reg - OTC to RO/Special Case - All Related Objects/Click Search' is clicked on

2019-01-09 12:42:14 - [MESSAGE][PASSED] - Object: 'Object Repository/Final Object Repo/New Registration - Registration Module Pages/New Reg - OTC to RO/Special Case - All Related Objects/Click Search' is clicked on

2019-01-09 12:42:14 - [TEST_STEP][PASSED] - delay: Delayed 2 second(s)

2019-01-09 12:42:16 - [MESSAGE][PASSED] - Delayed 2 second(s)

2019-01-09 12:42:16 - [TEST_STEP][PASSED] - click: Object: 'Object Repository/Final Object Repo/New Registration - Registration Module Pages/New Reg - OTC to RO/Special Case - All Related Objects/Click to Continue Workflow' is clicked on

2019-01-09 12:42:19 - [MESSAGE][PASSED] - Object: 'Object Repository/Final Object Repo/New Registration - Registration Module Pages/New Reg - OTC to RO/Special Case - All Related Objects/Click to Continue Workflow' is clicked on

2019-01-09 12:42:19 - [TEST_STEP][PASSED] - delay: Delayed 5 second(s)

2019-01-09 12:42:24 - [MESSAGE][PASSED] - Delayed 5 second(s)

2019-01-09 12:42:24 - [TEST_STEP][PASSED] - click: Object: 'Object Repository/Final Object Repo/New Registration - Registration Module Pages/New Reg - OTC to RO/Special Case - All Related Objects/Continue Button in verifying case' is clicked on

2019-01-09 12:42:27 - [MESSAGE][PASSED] - Object: 'Object Repository/Final Object Repo/New Registration - Registration Module Pages/New Reg - OTC to RO/Special Case - All Related Objects/Continue Button in verifying case' is clicked on

2019-01-09 12:42:27 - [TEST_STEP][PASSED] - delay: Delayed 2 second(s)

2019-01-09 12:42:29 - [MESSAGE][PASSED] - Delayed 2 second(s)

2019-01-09 12:42:29 - [TEST_STEP][PASSED] - click: Object: 'Object Repository/Final Object Repo/New Registration - Registration Module Pages/Form 1/Registered As a Branch - Yes' is clicked on

2019-01-09 12:42:29 - [MESSAGE][PASSED] - Object: 'Object Repository/Final Object Repo/New Registration - Registration Module Pages/Form 1/Registered As a Branch - Yes' is clicked on

2019-01-09 12:42:29 - [TEST_STEP][PASSED] - delay: Delayed 2 second(s)

2019-01-09 12:42:31 - [MESSAGE][PASSED] - Delayed 2 second(s)

2019-01-09 12:42:31 - [TEST_STEP][PASSED] - click: Object: 'Object Repository/Final Object Repo/New Registration - Registration Module Pages/New Reg - OTC to RO/Special Case - All Related Objects/Form 1 Save n Continue' is clicked on

2019-01-09 12:42:31 - [MESSAGE][PASSED] - Object: 'Object Repository/Final Object Repo/New Registration - Registration Module Pages/New Reg - OTC to RO/Special Case - All Related Objects/Form 1 Save n Continue' is clicked on

2019-01-09 12:42:31 - [TEST_STEP][PASSED] - delay: Delayed 2 second(s)

2019-01-09 12:42:33 - [MESSAGE][PASSED] - Delayed 2 second(s)

2019-01-09 12:42:33 - [TEST_STEP][PASSED] - click: Object: 'Object Repository/Final Object Repo/New Registration - Registration Module Pages/New Reg - OTC to RO/Special Case - All Related Objects/Form 2 Save n Continue' is clicked on

2019-01-09 12:42:33 - [MESSAGE][PASSED] - Object: 'Object Repository/Final Object Repo/New Registration - Registration Module Pages/New Reg - OTC to RO/Special Case - All Related Objects/Form 2 Save n Continue' is clicked on

2019-01-09 12:42:33 - [TEST_STEP][PASSED] - delay: Delayed 2 second(s)

2019-01-09 12:42:35 - [MESSAGE][PASSED] - Delayed 2 second(s)

2019-01-09 12:42:35 - [TEST_STEP][PASSED] - click: Object: 'Object Repository/Final Object Repo/New Registration - Registration Module Pages/New Reg - OTC to RO/Special Case - All Related Objects/Third Screen Save n Continue' is clicked on

2019-01-09 12:42:41 - [MESSAGE][PASSED] - Object: 'Object Repository/Final Object Repo/New Registration - Registration Module Pages/New Reg - OTC to RO/Special Case - All Related Objects/Third Screen Save n Continue' is clicked on

2019-01-09 12:42:41 - [TEST_STEP][PASSED] - delay: Delayed 5 second(s)

2019-01-09 12:42:46 - [MESSAGE][PASSED] - Delayed 5 second(s)

2019-01-09 12:42:46 - [TEST_STEP][PASSED] - click: Object: 'Object Repository/Final Object Repo/New Registration - Registration Module Pages/New Reg - OTC to RO/Special Case - All Related Objects/Upload Doc Page Save n Continue' is clicked on

2019-01-09 12:42:46 - [MESSAGE][PASSED] - Object: 'Object Repository/Final Object Repo/New Registration - Registration Module Pages/New Reg - OTC to RO/Special Case - All Related Objects/Upload Doc Page Save n Continue' is clicked on

2019-01-09 12:42:46 - [TEST_STEP][PASSED] - callTestCase: Call Test Case 'Test Cases/Final Aug 2018 - PKS Automation/Registration Module/New Registration/Submit and Screenshot/Submit Registration and Screenshot' successfully

2019-01-09 12:42:46 - [TEST_CASE][PASSED] - Test Cases/Final Aug 2018 - PKS Automation/Registration Module/New Registration/Submit and Screenshot/Submit Registration and Screenshot: Test Cases/Final Aug 2018 - PKS Automation/Registration Module/New Registration/Submit and Screenshot/Submit Registration and Screenshot

2019-01-09 12:42:46 - [TEST_STEP][PASSED] - delay: Delayed 6 second(s)

2019-01-09 12:42:52 - [MESSAGE][PASSED] - Delayed 6 second(s)

2019-01-09 12:42:52 - [TEST_STEP][PASSED] - click: Object: 'Object Repository/Final Object Repo/New Registration - Registration Module Pages/Third Screen - Upload Supporting Doc- Preview/Preview Submit Button' is clicked on

2019-01-09 12:42:52 - [MESSAGE][PASSED] - Object: 'Object Repository/Final Object Repo/New Registration - Registration Module Pages/Third Screen - Upload Supporting Doc- Preview/Preview Submit Button' is clicked on

2019-01-09 12:42:52 - [TEST_STEP][PASSED] - delay: Delayed 2 second(s)

2019-01-09 12:42:54 - [MESSAGE][PASSED] - Delayed 2 second(s)

2019-01-09 12:42:54 - [TEST_STEP][PASSED] - click: Object: 'Object Repository/Final Object Repo/New Registration - Registration Module Pages/Third Screen - Upload Supporting Doc- Preview/Preview Submit - Confirm' is clicked on

2019-01-09 12:42:54 - [MESSAGE][PASSED] - Object: 'Object Repository/Final Object Repo/New Registration - Registration Module Pages/Third Screen - Upload Supporting Doc- Preview/Preview Submit - Confirm' is clicked on

2019-01-09 12:42:54 - [TEST_STEP][PASSED] - delay: Delayed 15 second(s)

2019-01-09 12:43:09 - [MESSAGE][PASSED] - Delayed 15 second(s)

2019-01-09 12:43:09 - [TEST_STEP][PASSED] - Statement - driver = com.kms.katalon.core.webui.driver.DriverFactory.getWebDriver(): null

2019-01-09 12:43:09 - [TEST_STEP][PASSED] - Statement - driver.manage().timeouts().implicitlyWait(10, SECONDS): null

2019-01-09 12:43:09 - [TEST_STEP][PASSED] - Statement - PresavePath = KatalonScreenshots: null

2019-01-09 12:43:09 - [TEST_STEP][PASSED] - Statement - pathPrefix = "C:\Users\Public\Pictures\Sample Pictures\Katalon Screenshots\Automate Ending Screen": null

2019-01-09 12:43:09 - [TEST_STEP][PASSED] - Statement - finalPath = <not implemented yet for class: org.codehaus.groovy.ast.expr.EmptyExpression>: null

2019-01-09 12:43:09 - [TEST_STEP][PASSED] - Statement - scrFile = driver.getScreenshotAs(FILE): null

2019-01-09 12:43:10 - [TEST_STEP][PASSED] - Statement - PreSaveFile = new java.io.File(PresavePath): null

2019-01-09 12:43:10 - [TEST_STEP][PASSED] - Statement - counter = 0: null

2019-01-09 12:43:10 - [TEST_STEP][PASSED] - Statement - If (PreSaveFile.exists()): null

2019-01-09 12:43:10 - [TEST_STEP][PASSED] - Statement - While (PreSaveFile.exists()): null

2019-01-09 12:43:10 - [TEST_STEP][PASSED] - Statement - counter = counter + 1: null

2019-01-09 12:43:10 - [TEST_STEP][PASSED] - Statement - PreSaveFile = new java.io.File(((pathPrefix + java.lang.Integer.toString(counter)) + .png)): null

2019-01-09 12:43:10 - [TEST_STEP][PASSED] - Statement - counter = counter + 1: null

2019-01-09 12:43:10 - [TEST_STEP][PASSED] - Statement - PreSaveFile = new java.io.File(((pathPrefix + java.lang.Integer.toString(counter)) + .png)): null

2019-01-09 12:43:10 - [TEST_STEP][PASSED] - Statement - counter = counter + 1: null

2019-01-09 12:43:10 - [TEST_STEP][PASSED] - Statement - PreSaveFile = new java.io.File(((pathPrefix + java.lang.Integer.toString(counter)) + .png)): null

2019-01-09 12:43:10 - [TEST_STEP][PASSED] - Statement - counter = counter + 1: null

2019-01-09 12:43:10 - [TEST_STEP][PASSED] - Statement - PreSaveFile = new java.io.File(((pathPrefix + java.lang.Integer.toString(counter)) + .png)): null

2019-01-09 12:43:10 - [TEST_STEP][PASSED] - Statement - counter = counter + 1: null

2019-01-09 12:43:10 - [TEST_STEP][PASSED] - Statement - PreSaveFile = new java.io.File(((pathPrefix + java.lang.Integer.toString(counter)) + .png)): null

2019-01-09 12:43:10 - [TEST_STEP][PASSED] - Statement - counter = counter + 1: null

2019-01-09 12:43:10 - [TEST_STEP][PASSED] - Statement - PreSaveFile = new java.io.File(((pathPrefix + java.lang.Integer.toString(counter)) + .png)): null

2019-01-09 12:43:10 - [TEST_STEP][PASSED] - Statement - counter = counter + 1: null

2019-01-09 12:43:10 - [TEST_STEP][PASSED] - Statement - PreSaveFile = new java.io.File(((pathPrefix + java.lang.Integer.toString(counter)) + .png)): null

2019-01-09 12:43:10 - [TEST_STEP][PASSED] - Statement - counter = counter + 1: null

2019-01-09 12:43:10 - [TEST_STEP][PASSED] - Statement - PreSaveFile = new java.io.File(((pathPrefix + java.lang.Integer.toString(counter)) + .png)): null

2019-01-09 12:43:10 - [TEST_STEP][PASSED] - Statement - counter = counter + 1: null

2019-01-09 12:43:10 - [TEST_STEP][PASSED] - Statement - PreSaveFile = new java.io.File(((pathPrefix + java.lang.Integer.toString(counter)) + .png)): null

2019-01-09 12:43:10 - [TEST_STEP][PASSED] - Statement - counter = counter + 1: null

2019-01-09 12:43:10 - [TEST_STEP][PASSED] - Statement - PreSaveFile = new java.io.File(((pathPrefix + java.lang.Integer.toString(counter)) + .png)): null

2019-01-09 12:43:10 - [TEST_STEP][PASSED] - Statement - counter = counter + 1: null

2019-01-09 12:43:10 - [TEST_STEP][PASSED] - Statement - PreSaveFile = new java.io.File(((pathPrefix + java.lang.Integer.toString(counter)) + .png)): null

2019-01-09 12:43:10 - [TEST_STEP][PASSED] - Statement - counter = counter + 1: null

2019-01-09 12:43:10 - [TEST_STEP][PASSED] - Statement - PreSaveFile = new java.io.File(((pathPrefix + java.lang.Integer.toString(counter)) + .png)): null

2019-01-09 12:43:10 - [TEST_STEP][PASSED] - Statement - counter = counter + 1: null

2019-01-09 12:43:10 - [TEST_STEP][PASSED] - Statement - PreSaveFile = new java.io.File(((pathPrefix + java.lang.Integer.toString(counter)) + .png)): null

2019-01-09 12:43:10 - [TEST_STEP][PASSED] - Statement - counter = counter + 1: null

2019-01-09 12:43:10 - [TEST_STEP][PASSED] - Statement - PreSaveFile = new java.io.File(((pathPrefix + java.lang.Integer.toString(counter)) + .png)): null

2019-01-09 12:43:10 - [TEST_STEP][PASSED] - Statement - counter = counter + 1: null

2019-01-09 12:43:10 - [TEST_STEP][PASSED] - Statement - PreSaveFile = new java.io.File(((pathPrefix + java.lang.Integer.toString(counter)) + .png)): null

2019-01-09 12:43:10 - [TEST_STEP][PASSED] - Statement - counter = counter + 1: null

2019-01-09 12:43:10 - [TEST_STEP][PASSED] - Statement - PreSaveFile = new java.io.File(((pathPrefix + java.lang.Integer.toString(counter)) + .png)): null

2019-01-09 12:43:10 - [TEST_STEP][PASSED] - Statement - counter = counter + 1: null

2019-01-09 12:43:10 - [TEST_STEP][PASSED] - Statement - PreSaveFile = new java.io.File(((pathPrefix + java.lang.Integer.toString(counter)) + .png)): null

2019-01-09 12:43:10 - [TEST_STEP][PASSED] - Statement - counter = counter + 1: null

2019-01-09 12:43:10 - [TEST_STEP][PASSED] - Statement - PreSaveFile = new java.io.File(((pathPrefix + java.lang.Integer.toString(counter)) + .png)): null

2019-01-09 12:43:10 - [TEST_STEP][PASSED] - Statement - counter = counter + 1: null

2019-01-09 12:43:10 - [TEST_STEP][PASSED] - Statement - PreSaveFile = new java.io.File(((pathPrefix + java.lang.Integer.toString(counter)) + .png)): null

2019-01-09 12:43:10 - [TEST_STEP][PASSED] - Statement - counter = counter + 1: null

2019-01-09 12:43:10 - [TEST_STEP][PASSED] - Statement - PreSaveFile = new java.io.File(((pathPrefix + java.lang.Integer.toString(counter)) + .png)): null

2019-01-09 12:43:11 - [TEST_STEP][PASSED] - Statement - counter = counter + 1: null

2019-01-09 12:43:11 - [TEST_STEP][PASSED] - Statement - PreSaveFile = new java.io.File(((pathPrefix + java.lang.Integer.toString(counter)) + .png)): null

2019-01-09 12:43:11 - [TEST_STEP][PASSED] - Statement - counter = counter + 1: null

2019-01-09 12:43:11 - [TEST_STEP][PASSED] - Statement - PreSaveFile = new java.io.File(((pathPrefix + java.lang.Integer.toString(counter)) + .png)): null

2019-01-09 12:43:11 - [TEST_STEP][PASSED] - Statement - counter = counter + 1: null

2019-01-09 12:43:11 - [TEST_STEP][PASSED] - Statement - PreSaveFile = new java.io.File(((pathPrefix + java.lang.Integer.toString(counter)) + .png)): null

2019-01-09 12:43:11 - [TEST_STEP][PASSED] - Statement - counter = counter + 1: null

2019-01-09 12:43:11 - [TEST_STEP][PASSED] - Statement - PreSaveFile = new java.io.File(((pathPrefix + java.lang.Integer.toString(counter)) + .png)): null

2019-01-09 12:43:11 - [TEST_STEP][PASSED] - Statement - counter = counter + 1: null

2019-01-09 12:43:11 - [TEST_STEP][PASSED] - Statement - PreSaveFile = new java.io.File(((pathPrefix + java.lang.Integer.toString(counter)) + .png)): null

2019-01-09 12:43:11 - [TEST_STEP][PASSED] - Statement - counter = counter + 1: null

2019-01-09 12:43:11 - [TEST_STEP][PASSED] - Statement - PreSaveFile = new java.io.File(((pathPrefix + java.lang.Integer.toString(counter)) + .png)): null

2019-01-09 12:43:11 - [TEST_STEP][PASSED] - Statement - counter = counter + 1: null

2019-01-09 12:43:11 - [TEST_STEP][PASSED] - Statement - PreSaveFile = new java.io.File(((pathPrefix + java.lang.Integer.toString(counter)) + .png)): null

2019-01-09 12:43:11 - [TEST_STEP][PASSED] - Statement - counter = counter + 1: null

2019-01-09 12:43:11 - [TEST_STEP][PASSED] - Statement - PreSaveFile = new java.io.File(((pathPrefix + java.lang.Integer.toString(counter)) + .png)): null

2019-01-09 12:43:11 - [TEST_STEP][PASSED] - Statement - counter = counter + 1: null

2019-01-09 12:43:11 - [TEST_STEP][PASSED] - Statement - PreSaveFile = new java.io.File(((pathPrefix + java.lang.Integer.toString(counter)) + .png)): null

2019-01-09 12:43:11 - [TEST_STEP][PASSED] - Statement - counter = counter + 1: null

2019-01-09 12:43:11 - [TEST_STEP][PASSED] - Statement - PreSaveFile = new java.io.File(((pathPrefix + java.lang.Integer.toString(counter)) + .png)): null

2019-01-09 12:43:11 - [TEST_STEP][PASSED] - Statement - counter = counter + 1: null

2019-01-09 12:43:11 - [TEST_STEP][PASSED] - Statement - PreSaveFile = new java.io.File(((pathPrefix + java.lang.Integer.toString(counter)) + .png)): null

2019-01-09 12:43:11 - [TEST_STEP][PASSED] - Statement - counter = counter + 1: null

2019-01-09 12:43:11 - [TEST_STEP][PASSED] - Statement - PreSaveFile = new java.io.File(((pathPrefix + java.lang.Integer.toString(counter)) + .png)): null

2019-01-09 12:43:11 - [TEST_STEP][PASSED] - Statement - counter = counter + 1: null

2019-01-09 12:43:11 - [TEST_STEP][PASSED] - Statement - PreSaveFile = new java.io.File(((pathPrefix + java.lang.Integer.toString(counter)) + .png)): null

2019-01-09 12:43:11 - [TEST_STEP][PASSED] - Statement - counter = counter + 1: null

2019-01-09 12:43:12 - [TEST_STEP][PASSED] - Statement - PreSaveFile = new java.io.File(((pathPrefix + java.lang.Integer.toString(counter)) + .png)): null

2019-01-09 12:43:12 - [TEST_STEP][PASSED] - Statement - counter = counter + 1: null

2019-01-09 12:43:12 - [TEST_STEP][PASSED] - Statement - PreSaveFile = new java.io.File(((pathPrefix + java.lang.Integer.toString(counter)) + .png)): null

2019-01-09 12:43:12 - [TEST_STEP][PASSED] - Statement - counter = counter + 1: null

2019-01-09 12:43:12 - [TEST_STEP][PASSED] - Statement - PreSaveFile = new java.io.File(((pathPrefix + java.lang.Integer.toString(counter)) + .png)): null

2019-01-09 12:43:12 - [TEST_STEP][PASSED] - Statement - counter = counter + 1: null

2019-01-09 12:43:12 - [TEST_STEP][PASSED] - Statement - PreSaveFile = new java.io.File(((pathPrefix + java.lang.Integer.toString(counter)) + .png)): null

2019-01-09 12:43:12 - [TEST_STEP][PASSED] - Statement - counter = counter + 1: null

2019-01-09 12:43:12 - [TEST_STEP][PASSED] - Statement - PreSaveFile = new java.io.File(((pathPrefix + java.lang.Integer.toString(counter)) + .png)): null

2019-01-09 12:43:12 - [TEST_STEP][PASSED] - Statement - counter = counter + 1: null

2019-01-09 12:43:12 - [TEST_STEP][PASSED] - Statement - PreSaveFile = new java.io.File(((pathPrefix + java.lang.Integer.toString(counter)) + .png)): null

2019-01-09 12:43:12 - [TEST_STEP][PASSED] - Statement - counter = counter + 1: null

2019-01-09 12:43:12 - [TEST_STEP][PASSED] - Statement - PreSaveFile = new java.io.File(((pathPrefix + java.lang.Integer.toString(counter)) + .png)): null

2019-01-09 12:43:12 - [TEST_STEP][PASSED] - Statement - counter = counter + 1: null

2019-01-09 12:43:12 - [TEST_STEP][PASSED] - Statement - PreSaveFile = new java.io.File(((pathPrefix + java.lang.Integer.toString(counter)) + .png)): null

2019-01-09 12:43:12 - [TEST_STEP][PASSED] - Statement - counter = counter + 1: null

2019-01-09 12:43:12 - [TEST_STEP][PASSED] - Statement - PreSaveFile = new java.io.File(((pathPrefix + java.lang.Integer.toString(counter)) + .png)): null

2019-01-09 12:43:12 - [TEST_STEP][PASSED] - Statement - counter = counter + 1: null

2019-01-09 12:43:12 - [TEST_STEP][PASSED] - Statement - PreSaveFile = new java.io.File(((pathPrefix + java.lang.Integer.toString(counter)) + .png)): null

2019-01-09 12:43:12 - [TEST_STEP][PASSED] - Statement - counter = counter + 1: null

2019-01-09 12:43:13 - [TEST_STEP][PASSED] - Statement - PreSaveFile = new java.io.File(((pathPrefix + java.lang.Integer.toString(counter)) + .png)): null

2019-01-09 12:43:13 - [TEST_STEP][PASSED] - Statement - counter = counter + 1: null

2019-01-09 12:43:13 - [TEST_STEP][PASSED] - Statement - PreSaveFile = new java.io.File(((pathPrefix + java.lang.Integer.toString(counter)) + .png)): null

2019-01-09 12:43:13 - [TEST_STEP][PASSED] - Statement - counter = counter + 1: null

2019-01-09 12:43:13 - [TEST_STEP][PASSED] - Statement - PreSaveFile = new java.io.File(((pathPrefix + java.lang.Integer.toString(counter)) + .png)): null

2019-01-09 12:43:13 - [TEST_STEP][PASSED] - Statement - counter = counter + 1: null

2019-01-09 12:43:13 - [TEST_STEP][PASSED] - Statement - PreSaveFile = new java.io.File(((pathPrefix + java.lang.Integer.toString(counter)) + .png)): null

2019-01-09 12:43:13 - [TEST_STEP][PASSED] - Statement - counter = counter + 1: null

2019-01-09 12:43:13 - [TEST_STEP][PASSED] - Statement - PreSaveFile = new java.io.File(((pathPrefix + java.lang.Integer.toString(counter)) + .png)): null

2019-01-09 12:43:13 - [TEST_STEP][PASSED] - Statement - counter = counter + 1: null

2019-01-09 12:43:13 - [TEST_STEP][PASSED] - Statement - PreSaveFile = new java.io.File(((pathPrefix + java.lang.Integer.toString(counter)) + .png)): null

2019-01-09 12:43:13 - [TEST_STEP][PASSED] - Statement - counter = counter + 1: null

2019-01-09 12:43:13 - [TEST_STEP][PASSED] - Statement - PreSaveFile = new java.io.File(((pathPrefix + java.lang.Integer.toString(counter)) + .png)): null

2019-01-09 12:43:13 - [TEST_STEP][PASSED] - Statement - counter = counter + 1: null

2019-01-09 12:43:13 - [TEST_STEP][PASSED] - Statement - PreSaveFile = new java.io.File(((pathPrefix + java.lang.Integer.toString(counter)) + .png)): null

2019-01-09 12:43:13 - [TEST_STEP][PASSED] - Statement - counter = counter + 1: null

2019-01-09 12:43:13 - [TEST_STEP][PASSED] - Statement - PreSaveFile = new java.io.File(((pathPrefix + java.lang.Integer.toString(counter)) + .png)): null

2019-01-09 12:43:13 - [TEST_STEP][PASSED] - Statement - counter = counter + 1: null

2019-01-09 12:43:13 - [TEST_STEP][PASSED] - Statement - PreSaveFile = new java.io.File(((pathPrefix + java.lang.Integer.toString(counter)) + .png)): null

2019-01-09 12:43:13 - [TEST_STEP][PASSED] - Statement - counter = counter + 1: null

2019-01-09 12:43:13 - [TEST_STEP][PASSED] - Statement - PreSaveFile = new java.io.File(((pathPrefix + java.lang.Integer.toString(counter)) + .png)): null

2019-01-09 12:43:13 - [TEST_STEP][PASSED] - Statement - counter = counter + 1: null

2019-01-09 12:43:13 - [TEST_STEP][PASSED] - Statement - PreSaveFile = new java.io.File(((pathPrefix + java.lang.Integer.toString(counter)) + .png)): null

2019-01-09 12:43:13 - [TEST_STEP][PASSED] - Statement - counter = counter + 1: null

2019-01-09 12:43:13 - [TEST_STEP][PASSED] - Statement - PreSaveFile = new java.io.File(((pathPrefix + java.lang.Integer.toString(counter)) + .png)): null

2019-01-09 12:43:13 - [TEST_STEP][PASSED] - Statement - counter = counter + 1: null

2019-01-09 12:43:13 - [TEST_STEP][PASSED] - Statement - PreSaveFile = new java.io.File(((pathPrefix + java.lang.Integer.toString(counter)) + .png)): null

2019-01-09 12:43:13 - [TEST_STEP][PASSED] - Statement - counter = counter + 1: null

2019-01-09 12:43:14 - [TEST_STEP][PASSED] - Statement - PreSaveFile = new java.io.File(((pathPrefix + java.lang.Integer.toString(counter)) + .png)): null

2019-01-09 12:43:14 - [TEST_STEP][PASSED] - Statement - counter = counter + 1: null

2019-01-09 12:43:14 - [TEST_STEP][PASSED] - Statement - PreSaveFile = new java.io.File(((pathPrefix + java.lang.Integer.toString(counter)) + .png)): null

2019-01-09 12:43:14 - [TEST_STEP][PASSED] - Statement - counter = counter + 1: null

2019-01-09 12:43:14 - [TEST_STEP][PASSED] - Statement - PreSaveFile = new java.io.File(((pathPrefix + java.lang.Integer.toString(counter)) + .png)): null

2019-01-09 12:43:14 - [TEST_STEP][PASSED] - Statement - counter = counter + 1: null

2019-01-09 12:43:14 - [TEST_STEP][PASSED] - Statement - PreSaveFile = new java.io.File(((pathPrefix + java.lang.Integer.toString(counter)) + .png)): null

2019-01-09 12:43:14 - [TEST_STEP][PASSED] - Statement - counter = counter + 1: null

2019-01-09 12:43:14 - [TEST_STEP][PASSED] - Statement - PreSaveFile = new java.io.File(((pathPrefix + java.lang.Integer.toString(counter)) + .png)): null

2019-01-09 12:43:14 - [TEST_STEP][PASSED] - Statement - counter = counter + 1: null

2019-01-09 12:43:14 - [TEST_STEP][PASSED] - Statement - PreSaveFile = new java.io.File(((pathPrefix + java.lang.Integer.toString(counter)) + .png)): null

2019-01-09 12:43:14 - [TEST_STEP][PASSED] - Statement - counter = counter + 1: null

2019-01-09 12:43:14 - [TEST_STEP][PASSED] - Statement - PreSaveFile = new java.io.File(((pathPrefix + java.lang.Integer.toString(counter)) + .png)): null

2019-01-09 12:43:14 - [TEST_STEP][PASSED] - Statement - counter = counter + 1: null

2019-01-09 12:43:14 - [TEST_STEP][PASSED] - Statement - PreSaveFile = new java.io.File(((pathPrefix + java.lang.Integer.toString(counter)) + .png)): null

2019-01-09 12:43:14 - [TEST_STEP][PASSED] - Statement - counter = counter + 1: null

2019-01-09 12:43:14 - [TEST_STEP][PASSED] - Statement - PreSaveFile = new java.io.File(((pathPrefix + java.lang.Integer.toString(counter)) + .png)): null

2019-01-09 12:43:14 - [TEST_STEP][PASSED] - Statement - counter = counter + 1: null

2019-01-09 12:43:14 - [TEST_STEP][PASSED] - Statement - PreSaveFile = new java.io.File(((pathPrefix + java.lang.Integer.toString(counter)) + .png)): null

2019-01-09 12:43:14 - [TEST_STEP][PASSED] - Statement - counter = counter + 1: null

2019-01-09 12:43:15 - [TEST_STEP][PASSED] - Statement - PreSaveFile = new java.io.File(((pathPrefix + java.lang.Integer.toString(counter)) + .png)): null

2019-01-09 12:43:15 - [TEST_STEP][PASSED] - Statement - finalPath = pathPrefix + java.lang.Integer.toString(counter) + ".png": null

2019-01-09 12:43:15 - [TEST_STEP][PASSED] - Statement - SaveFile = new java.io.File(finalPath): null

2019-01-09 12:43:15 - [TEST_STEP][PASSED] - Statement - Try: null

2019-01-09 12:43:15 - [TEST_STEP][PASSED] - Statement - org.apache.commons.io.FileUtils.copyFile(scrFile, SaveFile): null

2019-01-09 12:43:15 - [TEST_STEP][PASSED] - Statement - out.println("file kept"): null

2019-01-09 12:43:15 - [TEST_STEP][PASSED] - delay: Delayed 10 second(s)

2019-01-09 12:43:25 - [MESSAGE][PASSED] - Delayed 10 second(s)

2019-01-09 12:43:25 - [MESSAGE][PASSED] - Call Test Case 'Test Cases/Final Aug 2018 - PKS Automation/Registration Module/New Registration/Submit and Screenshot/Submit Registration and Screenshot' successfully]]></system-out>
         <system-err><![CDATA[]]></system-err>
      </testcase>
      <testcase name="Test Cases/Final Aug 2018 - PKS Automation/Registration Module/Workflow/New Registration/OTC - PKR BO - RO Under Enforcement(Routed 2 Time)" classname="Test Cases/Final Aug 2018 - PKS Automation/Registration Module/Workflow/New Registration/OTC - PKR BO - RO Under Enforcement(Routed 2 Time)" status="PASSED">
         <system-out><![CDATA[2019-01-09 12:43:25 - [TEST_CASE][PASSED] - Test Cases/Final Aug 2018 - PKS Automation/Registration Module/Workflow/New Registration/OTC - PKR BO - RO Under Enforcement(Routed 2 Time): Test Cases/Final Aug 2018 - PKS Automation/Registration Module/Workflow/New Registration/OTC - PKR BO - RO Under Enforcement(Routed 2 Time)

2019-01-09 12:43:25 - [TEST_STEP][PASSED] - callTestCase: Call Test Case 'Test Cases/Final Aug 2018 - PKS Automation/Registration Module/Workflow/New Registration/Template/Special Case - OTC - Form 1' successfully

2019-01-09 12:43:25 - [TEST_CASE][PASSED] - Test Cases/Final Aug 2018 - PKS Automation/Registration Module/Workflow/New Registration/Template/Special Case - OTC - Form 1: Test Cases/Final Aug 2018 - PKS Automation/Registration Module/Workflow/New Registration/Template/Special Case - OTC - Form 1

2019-01-09 12:43:25 - [TEST_STEP][PASSED] - openBrowser: Browser is opened with url: ''

2019-01-09 12:43:25 - [MESSAGE][WARNING] - A browser is already opened. Closing browser and opening a new one

2019-01-09 12:43:28 - [MESSAGE][PASSED] - Browser is opened with url: ''

2019-01-09 12:43:28 - [TEST_STEP][PASSED] - navigateToUrl: Navigate to 'https://assist2-uat.perkeso.gov.my/login' successfully

2019-01-09 12:43:29 - [MESSAGE][PASSED] - Navigate to 'https://assist2-uat.perkeso.gov.my/login' successfully

2019-01-09 12:43:29 - [TEST_STEP][PASSED] - delay: Delayed 2 second(s)

2019-01-09 12:43:31 - [MESSAGE][PASSED] - Delayed 2 second(s)

2019-01-09 12:43:31 - [TEST_STEP][PASSED] - setText: Text 'klotc2@gmail.com' is set on object 'Object Repository/Final Object Repo/Login Page/Internal User/Email Address'

2019-01-09 12:43:32 - [MESSAGE][PASSED] - Text 'klotc2@gmail.com' is set on object 'Object Repository/Final Object Repo/Login Page/Internal User/Email Address'

2019-01-09 12:43:32 - [TEST_STEP][PASSED] - click: Object: 'Object Repository/Final Object Repo/Login Page/Internal User/Next Button' is clicked on

2019-01-09 12:43:32 - [MESSAGE][PASSED] - Object: 'Object Repository/Final Object Repo/Login Page/Internal User/Next Button' is clicked on

2019-01-09 12:43:32 - [TEST_STEP][PASSED] - delay: Delayed 2 second(s)

2019-01-09 12:43:34 - [MESSAGE][PASSED] - Delayed 2 second(s)

2019-01-09 12:43:34 - [TEST_STEP][PASSED] - setText: Text 'Test1@3456789' is set on object 'Object Repository/Final Object Repo/Login Page/Internal User/Password'

2019-01-09 12:43:34 - [MESSAGE][PASSED] - Text 'Test1@3456789' is set on object 'Object Repository/Final Object Repo/Login Page/Internal User/Password'

2019-01-09 12:43:34 - [TEST_STEP][PASSED] - delay: Delayed 2 second(s)

2019-01-09 12:43:36 - [MESSAGE][PASSED] - Delayed 2 second(s)

2019-01-09 12:43:36 - [TEST_STEP][PASSED] - click: Object: 'Object Repository/Final Object Repo/Login Page/Internal User/Login Button' is clicked on

2019-01-09 12:43:36 - [MESSAGE][PASSED] - Object: 'Object Repository/Final Object Repo/Login Page/Internal User/Login Button' is clicked on

2019-01-09 12:43:36 - [TEST_STEP][PASSED] - Statement - Try: null

2019-01-09 12:43:36 - [TEST_STEP][PASSED] - Statement - Checker = com.kms.katalon.core.webui.keyword.WebUiBuiltInKeywords.verifyElementNotPresent("Final Object Repo/Landing Page/Select to English", 3): null

2019-01-09 12:43:36 - [TEST_STEP][PASSED] - Statement - Catch (Exception e): null

2019-01-09 12:43:36 - [TEST_STEP][PASSED] - Statement - e.printStackTrace(): null

2019-01-09 12:43:36 - [TEST_STEP][PASSED] - delay: Delayed 5 second(s)

2019-01-09 12:43:41 - [MESSAGE][PASSED] - Delayed 5 second(s)

2019-01-09 12:43:41 - [TEST_STEP][PASSED] - click: Object: 'Object Repository/Final Object Repo/Landing Page/My Sites Drop Down' is clicked on

2019-01-09 12:43:41 - [MESSAGE][PASSED] - Object: 'Object Repository/Final Object Repo/Landing Page/My Sites Drop Down' is clicked on

2019-01-09 12:43:41 - [TEST_STEP][PASSED] - click: Object: 'Object Repository/Final Object Repo/Landing Page/Select to Registration Module' is clicked on

2019-01-09 12:43:42 - [MESSAGE][PASSED] - Object: 'Object Repository/Final Object Repo/Landing Page/Select to Registration Module' is clicked on

2019-01-09 12:43:42 - [TEST_STEP][PASSED] - click: Object: 'Object Repository/Final Object Repo/Landing Page/Registration Button' is clicked on

2019-01-09 12:43:44 - [MESSAGE][PASSED] - Object: 'Object Repository/Final Object Repo/Landing Page/Registration Button' is clicked on

2019-01-09 12:43:44 - [TEST_STEP][PASSED] - delay: Delayed 2 second(s)

2019-01-09 12:43:46 - [MESSAGE][PASSED] - Delayed 2 second(s)

2019-01-09 12:43:46 - [TEST_STEP][PASSED] - click: Object: 'Object Repository/Final Object Repo/New Registration - Registration Module Pages/New Reg - OTC to RO/Special Case - OTC - Form 1/AEC NO' is clicked on

2019-01-09 12:43:46 - [MESSAGE][PASSED] - Object: 'Object Repository/Final Object Repo/New Registration - Registration Module Pages/New Reg - OTC to RO/Special Case - OTC - Form 1/AEC NO' is clicked on

2019-01-09 12:43:46 - [TEST_STEP][PASSED] - click: Object: 'Object Repository/Final Object Repo/New Registration - Registration Module Pages/New Reg - OTC to RO/Special Case - OTC - Form 1/Business Entity - Please Select' is clicked on

2019-01-09 12:43:46 - [MESSAGE][PASSED] - Object: 'Object Repository/Final Object Repo/New Registration - Registration Module Pages/New Reg - OTC to RO/Special Case - OTC - Form 1/Business Entity - Please Select' is clicked on

2019-01-09 12:43:46 - [TEST_STEP][PASSED] - click: Object: 'Object Repository/Final Object Repo/New Registration - Registration Module Pages/New Reg - OTC to RO/Special Case - OTC - Form 1/Selected - Corporation' is clicked on

2019-01-09 12:43:47 - [MESSAGE][PASSED] - Object: 'Object Repository/Final Object Repo/New Registration - Registration Module Pages/New Reg - OTC to RO/Special Case - OTC - Form 1/Selected - Corporation' is clicked on

2019-01-09 12:43:47 - [TEST_STEP][PASSED] - delay: Delayed 2 second(s)

2019-01-09 12:43:49 - [MESSAGE][PASSED] - Delayed 2 second(s)

2019-01-09 12:43:49 - [TEST_STEP][PASSED] - click: Object: 'Object Repository/Final Object Repo/New Registration - Registration Module Pages/New Reg - OTC to RO/Special Case - OTC - Form 1/Sub Business Entity - Please Select' is clicked on

2019-01-09 12:43:49 - [MESSAGE][PASSED] - Object: 'Object Repository/Final Object Repo/New Registration - Registration Module Pages/New Reg - OTC to RO/Special Case - OTC - Form 1/Sub Business Entity - Please Select' is clicked on

2019-01-09 12:43:49 - [TEST_STEP][PASSED] - delay: Delayed 2 second(s)

2019-01-09 12:43:51 - [MESSAGE][PASSED] - Delayed 2 second(s)

2019-01-09 12:43:51 - [TEST_STEP][PASSED] - click: Object: 'Object Repository/Final Object Repo/New Registration - Registration Module Pages/New Reg - OTC to RO/Special Case - OTC - Form 1/Selected - Sendirian Berhad' is clicked on

2019-01-09 12:43:51 - [MESSAGE][PASSED] - Object: 'Object Repository/Final Object Repo/New Registration - Registration Module Pages/New Reg - OTC to RO/Special Case - OTC - Form 1/Selected - Sendirian Berhad' is clicked on

2019-01-09 12:43:51 - [TEST_STEP][PASSED] - setText: Text 'AUTOMATE001' is set on object 'Object Repository/Final Object Repo/New Registration - Registration Module Pages/New Reg - OTC to RO/Special Case - OTC - Form 1/Input BRN Number'

2019-01-09 12:43:52 - [MESSAGE][PASSED] - Text 'AUTOMATE001' is set on object 'Object Repository/Final Object Repo/New Registration - Registration Module Pages/New Reg - OTC to RO/Special Case - OTC - Form 1/Input BRN Number'

2019-01-09 12:43:52 - [TEST_STEP][PASSED] - delay: Delayed 2 second(s)

2019-01-09 12:43:54 - [MESSAGE][PASSED] - Delayed 2 second(s)

2019-01-09 12:43:54 - [TEST_STEP][PASSED] - click: Object: 'Object Repository/Final Object Repo/New Registration - Registration Module Pages/New Reg - OTC to RO/Special Case - OTC - Form 1/BRN Search' is clicked on

2019-01-09 12:43:54 - [MESSAGE][PASSED] - Object: 'Object Repository/Final Object Repo/New Registration - Registration Module Pages/New Reg - OTC to RO/Special Case - OTC - Form 1/BRN Search' is clicked on

2019-01-09 12:43:54 - [TEST_STEP][PASSED] - delay: Delayed 4 second(s)

2019-01-09 12:43:58 - [MESSAGE][PASSED] - Delayed 4 second(s)

2019-01-09 12:43:58 - [TEST_STEP][PASSED] - click: Object: 'Object Repository/Final Object Repo/New Registration - Registration Module Pages/New Reg - OTC to RO/Special Case - OTC - Form 1/Registered with SSM - After Feb 2017' is clicked on

2019-01-09 12:43:58 - [MESSAGE][PASSED] - Object: 'Object Repository/Final Object Repo/New Registration - Registration Module Pages/New Reg - OTC to RO/Special Case - OTC - Form 1/Registered with SSM - After Feb 2017' is clicked on

2019-01-09 12:43:58 - [TEST_STEP][PASSED] - delay: Delayed 2 second(s)

2019-01-09 12:44:00 - [MESSAGE][PASSED] - Delayed 2 second(s)

2019-01-09 12:44:00 - [TEST_STEP][PASSED] - click: Object: 'Object Repository/Final Object Repo/New Registration - Registration Module Pages/New Reg - OTC to RO/Special Case - OTC - Form 1/Registering As A Branch - No' is clicked on

2019-01-09 12:44:00 - [MESSAGE][PASSED] - Object: 'Object Repository/Final Object Repo/New Registration - Registration Module Pages/New Reg - OTC to RO/Special Case - OTC - Form 1/Registering As A Branch - No' is clicked on

2019-01-09 12:44:00 - [TEST_STEP][PASSED] - click: Object: 'Object Repository/Final Object Repo/New Registration - Registration Module Pages/New Reg - OTC to RO/Special Case - OTC - Form 1/Acknowledgement Ticked' is clicked on

2019-01-09 12:44:00 - [MESSAGE][PASSED] - Object: 'Object Repository/Final Object Repo/New Registration - Registration Module Pages/New Reg - OTC to RO/Special Case - OTC - Form 1/Acknowledgement Ticked' is clicked on

2019-01-09 12:44:00 - [TEST_STEP][PASSED] - click: Object: 'Object Repository/Final Object Repo/New Registration - Registration Module Pages/New Reg - OTC to RO/Special Case - OTC - Form 1/Submit Button' is clicked on

2019-01-09 12:44:00 - [MESSAGE][PASSED] - Object: 'Object Repository/Final Object Repo/New Registration - Registration Module Pages/New Reg - OTC to RO/Special Case - OTC - Form 1/Submit Button' is clicked on

2019-01-09 12:44:00 - [TEST_STEP][PASSED] - delay: Delayed 2 second(s)

2019-01-09 12:44:02 - [MESSAGE][PASSED] - Delayed 2 second(s)

2019-01-09 12:44:02 - [TEST_STEP][PASSED] - click: Object: 'Object Repository/Final Object Repo/New Registration - Registration Module Pages/New Reg - OTC to RO/Special Case - OTC - Form 1/Confirm No Flagging as Branch' is clicked on

2019-01-09 12:44:03 - [MESSAGE][PASSED] - Object: 'Object Repository/Final Object Repo/New Registration - Registration Module Pages/New Reg - OTC to RO/Special Case - OTC - Form 1/Confirm No Flagging as Branch' is clicked on

2019-01-09 12:44:03 - [MESSAGE][PASSED] - Call Test Case 'Test Cases/Final Aug 2018 - PKS Automation/Registration Module/Workflow/New Registration/Template/Special Case - OTC - Form 1' successfully

2019-01-09 12:44:03 - [TEST_STEP][PASSED] - callTestCase: Call Test Case 'Test Cases/Final Aug 2018 - PKS Automation/Registration Module/New Registration/Form 2/Add 1 Eligible - Incomplete' successfully

2019-01-09 12:44:03 - [TEST_CASE][PASSED] - Test Cases/Final Aug 2018 - PKS Automation/Registration Module/New Registration/Form 2/Add 1 Eligible - Incomplete: Test Cases/Final Aug 2018 - PKS Automation/Registration Module/New Registration/Form 2/Add 1 Eligible - Incomplete

2019-01-09 12:44:03 - [TEST_STEP][PASSED] - delay: Delayed 2 second(s)

2019-01-09 12:44:05 - [MESSAGE][PASSED] - Delayed 2 second(s)

2019-01-09 12:44:05 - [TEST_STEP][PASSED] - callTestCase: Call Test Case 'Test Cases/Final Aug 2018 - PKS Automation/Registration Module/New Registration/Form 2/Date Updater' successfully

2019-01-09 12:44:05 - [TEST_CASE][PASSED] - Test Cases/Final Aug 2018 - PKS Automation/Registration Module/New Registration/Form 2/Date Updater: Test Cases/Final Aug 2018 - PKS Automation/Registration Module/New Registration/Form 2/Date Updater

2019-01-09 12:44:05 - [TEST_STEP][PASSED] - Statement - TodayDate = new java.util.Date(): null

2019-01-09 12:44:05 - [TEST_STEP][PASSED] - Statement - CurrentDateNoFilter = new java.text.SimpleDateFormat(): null

2019-01-09 12:44:05 - [TEST_STEP][PASSED] - Statement - CurrentDateNoFilter.applyPattern("MM"): null

2019-01-09 12:44:05 - [TEST_STEP][PASSED] - Statement - monthContainerMatcher = java.lang.Integer.parseInt(CurrentDateNoFilter.format(TodayDate)): null

2019-01-09 12:44:05 - [TEST_STEP][PASSED] - Statement - monthContainerMatcher = monthContainerMatcher - 1: null

2019-01-09 12:44:05 - [TEST_STEP][PASSED] - Statement - CurrentMonth = monthContainerMatcher.toString(): null

2019-01-09 12:44:05 - [TEST_STEP][PASSED] - Statement - CurrentMonth = CurrentMonth: null

2019-01-09 12:44:05 - [TEST_STEP][PASSED] - Statement - CurrentDateNoFilter.applyPattern("yyyy"): null

2019-01-09 12:44:05 - [TEST_STEP][PASSED] - Statement - CurrentYear = CurrentDateNoFilter.format(TodayDate): null

2019-01-09 12:44:05 - [TEST_STEP][PASSED] - Statement - CurrentYear = CurrentYear: null

2019-01-09 12:44:05 - [TEST_STEP][PASSED] - Statement - intCurrentYear = java.lang.Integer.parseInt(CurrentDateNoFilter.format(TodayDate)): null

2019-01-09 12:44:05 - [TEST_STEP][PASSED] - Statement - eighteenYrsAgo = intCurrentYear - 18: null

2019-01-09 12:44:05 - [TEST_STEP][PASSED] - Statement - eighteenYrsBeforeThisYr = eighteenYrsAgo.toString(): null

2019-01-09 12:44:05 - [TEST_STEP][PASSED] - Statement - EighteenYrsBefore = eighteenYrsBeforeThisYr: null

2019-01-09 12:44:05 - [TEST_STEP][PASSED] - Statement - fiftysevenYrsAgo = intCurrentYear - 57: null

2019-01-09 12:44:05 - [TEST_STEP][PASSED] - Statement - fiftysevenYrsBeforeThisYr = fiftysevenYrsAgo.toString(): null

2019-01-09 12:44:05 - [TEST_STEP][PASSED] - Statement - FiftysevenYrsBefore = fiftysevenYrsBeforeThisYr: null

2019-01-09 12:44:05 - [TEST_STEP][PASSED] - Statement - leapYear = false: null

2019-01-09 12:44:05 - [TEST_STEP][PASSED] - Statement - leapYear = intCurrentYear % 4 == 0: null

2019-01-09 12:44:05 - [TEST_STEP][PASSED] - Statement - CurrentDateNoFilter.applyPattern("dd"): null

2019-01-09 12:44:05 - [TEST_STEP][PASSED] - Statement - CurrentDate = CurrentDateNoFilter.format(TodayDate): null

2019-01-09 12:44:05 - [TEST_STEP][PASSED] - Statement - CurrentDate = java.lang.Integer.parseInt(CurrentDate): null

2019-01-09 12:44:05 - [TEST_STEP][PASSED] - Statement - CurrentDate = CurrentDate: null

2019-01-09 12:44:05 - [TEST_STEP][PASSED] - Statement - CurrentDay = java.lang.Integer.parseInt(CurrentDate): null

2019-01-09 12:44:05 - [TEST_STEP][PASSED] - Statement - ConfAdder = <not implemented yet for class: org.codehaus.groovy.ast.expr.EmptyExpression>: null

2019-01-09 12:44:05 - [TEST_STEP][PASSED] - Statement - out.println(CurrentMonth): null

2019-01-09 12:44:05 - [TEST_STEP][PASSED] - Statement - out.println(CurrentDate): null

2019-01-09 12:44:05 - [TEST_STEP][PASSED] - Statement - switch (CurrentDate): null

2019-01-09 12:44:05 - [TEST_STEP][PASSED] - Statement - Default: null

2019-01-09 12:44:05 - [TEST_STEP][PASSED] - Statement - ConfAdder = true: null

2019-01-09 12:44:05 - [TEST_STEP][PASSED] - Statement - Break: null

2019-01-09 12:44:05 - [TEST_STEP][PASSED] - Statement - aDayBefore = <not implemented yet for class: org.codehaus.groovy.ast.expr.EmptyExpression>: null

2019-01-09 12:44:05 - [TEST_STEP][PASSED] - Statement - out.println(ConfAdder): null

2019-01-09 12:44:05 - [TEST_STEP][PASSED] - Statement - If (ConfAdder == true): null

2019-01-09 12:44:05 - [TEST_STEP][PASSED] - Statement - aDayBefore = CurrentDay + 1: null

2019-01-09 12:44:05 - [TEST_STEP][PASSED] - Statement - out.println(aDayBefore): null

2019-01-09 12:44:05 - [TEST_STEP][PASSED] - Statement - If (aDayBefore == 1 && CurrentMonth == 11): null

2019-01-09 12:44:05 - [TEST_STEP][PASSED] - Statement - DayBefore = aDayBefore.toString(): null

2019-01-09 12:44:05 - [TEST_STEP][PASSED] - Statement - OneDayBefore = DayBefore: null

2019-01-09 12:44:05 - [MESSAGE][PASSED] - Call Test Case 'Test Cases/Final Aug 2018 - PKS Automation/Registration Module/New Registration/Form 2/Date Updater' successfully

2019-01-09 12:44:05 - [TEST_STEP][PASSED] - Statement - CaseReferenceNo = com.kms.katalon.core.webui.keyword.WebUiBuiltInKeywords.getText(com.kms.katalon.core.testobject.ObjectRepository.findTestObject(Final Object Repo/New Registration - Registration Module Pages/Form 2/RefNo Acquiring)): Text of object 'Object Repository/Final Object Repo/New Registration - Registration Module Pages/Form 2/RefNo Acquiring' is: 'CRN01201900123682'

2019-01-09 12:44:06 - [MESSAGE][PASSED] - Text of object 'Object Repository/Final Object Repo/New Registration - Registration Module Pages/Form 2/RefNo Acquiring' is: 'CRN01201900123682'

2019-01-09 12:44:06 - [TEST_STEP][PASSED] - delay: Delayed 4 second(s)

2019-01-09 12:44:10 - [MESSAGE][PASSED] - Delayed 4 second(s)

2019-01-09 12:44:10 - [TEST_STEP][PASSED] - click: Object: 'Object Repository/Final Object Repo/New Registration - Registration Module Pages/Form 2/Add Employee Button' is clicked on

2019-01-09 12:44:10 - [MESSAGE][PASSED] - Object: 'Object Repository/Final Object Repo/New Registration - Registration Module Pages/Form 2/Add Employee Button' is clicked on

2019-01-09 12:44:10 - [TEST_STEP][PASSED] - delay: Delayed 1 second(s)

2019-01-09 12:44:11 - [MESSAGE][PASSED] - Delayed 1 second(s)

2019-01-09 12:44:11 - [TEST_STEP][PASSED] - setText: Text '010903091984' is set on object 'Object Repository/Final Object Repo/New Registration - Registration Module Pages/Form 2/NRIC Input'

2019-01-09 12:44:11 - [MESSAGE][PASSED] - Text '010903091984' is set on object 'Object Repository/Final Object Repo/New Registration - Registration Module Pages/Form 2/NRIC Input'

2019-01-09 12:44:11 - [TEST_STEP][PASSED] - click: Object: 'Object Repository/Final Object Repo/New Registration - Registration Module Pages/Form 2/button for search for IC' is clicked on

2019-01-09 12:44:12 - [MESSAGE][PASSED] - Object: 'Object Repository/Final Object Repo/New Registration - Registration Module Pages/Form 2/button for search for IC' is clicked on

2019-01-09 12:44:12 - [TEST_STEP][PASSED] - delay: Delayed 2 second(s)

2019-01-09 12:44:14 - [MESSAGE][PASSED] - Delayed 2 second(s)

2019-01-09 12:44:14 - [TEST_STEP][PASSED] - setText: Text 'Automate001 eligible 1' is set on object 'Object Repository/Final Object Repo/New Registration - Registration Module Pages/Form 2/Employee Name Input'

2019-01-09 12:44:14 - [MESSAGE][PASSED] - Text 'Automate001 eligible 1' is set on object 'Object Repository/Final Object Repo/New Registration - Registration Module Pages/Form 2/Employee Name Input'

2019-01-09 12:44:14 - [TEST_STEP][PASSED] - delay: Delayed 2 second(s)

2019-01-09 12:44:16 - [MESSAGE][PASSED] - Delayed 2 second(s)

2019-01-09 12:44:16 - [TEST_STEP][PASSED] - click: Object: 'Object Repository/Final Object Repo/New Registration - Registration Module Pages/Form 2/DatePicker Pop Up' is clicked on

2019-01-09 12:44:16 - [MESSAGE][PASSED] - Object: 'Object Repository/Final Object Repo/New Registration - Registration Module Pages/Form 2/DatePicker Pop Up' is clicked on

2019-01-09 12:44:16 - [TEST_STEP][PASSED] - click: Object: 'Object Repository/Final Object Repo/New Registration - Registration Module Pages/Form 2/DOB Month' is clicked on

2019-01-09 12:44:17 - [MESSAGE][PASSED] - Object: 'Object Repository/Final Object Repo/New Registration - Registration Module Pages/Form 2/DOB Month' is clicked on

2019-01-09 12:44:17 - [TEST_STEP][PASSED] - Statement - CurrentMonth = CurrentMonth: null

2019-01-09 12:44:17 - [TEST_STEP][PASSED] - Statement - selectMonth = new com.kms.katalon.core.testobject.TestObject(): null

2019-01-09 12:44:17 - [TEST_STEP][PASSED] - Statement - selectMonth.addProperty("xpath", EQUALS, "//body/div/div/div/select/option[@value='" + CurrentMonth + "']", true): null

2019-01-09 12:44:17 - [TEST_STEP][PASSED] - click: Object: '' is clicked on

2019-01-09 12:44:17 - [MESSAGE][PASSED] - Object: '' is clicked on

2019-01-09 12:44:17 - [TEST_STEP][PASSED] - click: Object: 'Object Repository/Final Object Repo/New Registration - Registration Module Pages/Form 2/DOB Year' is clicked on

2019-01-09 12:44:17 - [MESSAGE][PASSED] - Object: 'Object Repository/Final Object Repo/New Registration - Registration Module Pages/Form 2/DOB Year' is clicked on

2019-01-09 12:44:17 - [TEST_STEP][PASSED] - Statement - Eyearsbf = EighteenYrsBefore: null

2019-01-09 12:44:17 - [TEST_STEP][PASSED] - Statement - selectYear = new com.kms.katalon.core.testobject.TestObject(): null

2019-01-09 12:44:17 - [TEST_STEP][PASSED] - Statement - selectYear.addProperty("xpath", EQUALS, "//div/div/div/select/option[@value='" + Eyearsbf + "']", true): null

2019-01-09 12:44:17 - [TEST_STEP][PASSED] - click: Object: '' is clicked on

2019-01-09 12:44:17 - [MESSAGE][PASSED] - Object: '' is clicked on

2019-01-09 12:44:17 - [TEST_STEP][PASSED] - Statement - UpdatedSelectDate = com.kms.katalon.core.webui.keyword.WebUiBuiltInKeywords.modifyObjectProperty(com.kms.katalon.core.testobject.ObjectRepository.findTestObject(Final Object Repo/New Registration - Registration Module Pages/Form 2/DOB Date), "xpath", "equals", "//body/div/table/tbody/tr/td/a[text()="" + CurrentDate + ""]", true): Modify property of object successfully

2019-01-09 12:44:17 - [MESSAGE][PASSED] - Modify property of object successfully

2019-01-09 12:44:17 - [TEST_STEP][PASSED] - delay: Delayed 3 second(s)

2019-01-09 12:44:20 - [MESSAGE][PASSED] - Delayed 3 second(s)

2019-01-09 12:44:20 - [TEST_STEP][PASSED] - click: Object: 'Object Repository/Final Object Repo/New Registration - Registration Module Pages/Form 2/DOB Date' is clicked on

2019-01-09 12:44:20 - [MESSAGE][PASSED] - Object: 'Object Repository/Final Object Repo/New Registration - Registration Module Pages/Form 2/DOB Date' is clicked on

2019-01-09 12:44:20 - [TEST_STEP][PASSED] - delay: Delayed 2 second(s)

2019-01-09 12:44:22 - [MESSAGE][PASSED] - Delayed 2 second(s)

2019-01-09 12:44:22 - [TEST_STEP][PASSED] - click: Object: 'Object Repository/Final Object Repo/New Registration - Registration Module Pages/Form 2/EmploymentStartDate Pop Up' is clicked on

2019-01-09 12:44:22 - [MESSAGE][PASSED] - Object: 'Object Repository/Final Object Repo/New Registration - Registration Module Pages/Form 2/EmploymentStartDate Pop Up' is clicked on

2019-01-09 12:44:22 - [TEST_STEP][PASSED] - delay: Delayed 2 second(s)

2019-01-09 12:44:24 - [MESSAGE][PASSED] - Delayed 2 second(s)

2019-01-09 12:44:24 - [TEST_STEP][PASSED] - click: Object: 'Object Repository/Final Object Repo/New Registration - Registration Module Pages/Form 2/Socso Employment StartDate Month' is clicked on

2019-01-09 12:44:25 - [MESSAGE][PASSED] - Object: 'Object Repository/Final Object Repo/New Registration - Registration Module Pages/Form 2/Socso Employment StartDate Month' is clicked on

2019-01-09 12:44:25 - [TEST_STEP][PASSED] - delay: Delayed 1 second(s)

2019-01-09 12:44:26 - [MESSAGE][PASSED] - Delayed 1 second(s)

2019-01-09 12:44:26 - [TEST_STEP][PASSED] - click: Object: 'Object Repository/Final Object Repo/New Registration - Registration Module Pages/Form 2/Select Socso Employement Startdate Month' is clicked on

2019-01-09 12:44:26 - [MESSAGE][PASSED] - Object: 'Object Repository/Final Object Repo/New Registration - Registration Module Pages/Form 2/Select Socso Employement Startdate Month' is clicked on

2019-01-09 12:44:26 - [TEST_STEP][PASSED] - delay: Delayed 2 second(s)

2019-01-09 12:44:28 - [MESSAGE][PASSED] - Delayed 2 second(s)

2019-01-09 12:44:28 - [TEST_STEP][PASSED] - click: Object: 'Object Repository/Final Object Repo/New Registration - Registration Module Pages/Form 2/Socso Employment StartDate Year' is clicked on

2019-01-09 12:44:28 - [MESSAGE][PASSED] - Object: 'Object Repository/Final Object Repo/New Registration - Registration Module Pages/Form 2/Socso Employment StartDate Year' is clicked on

2019-01-09 12:44:28 - [TEST_STEP][PASSED] - delay: Delayed 1 second(s)

2019-01-09 12:44:29 - [MESSAGE][PASSED] - Delayed 1 second(s)

2019-01-09 12:44:29 - [TEST_STEP][PASSED] - click: Object: 'Object Repository/Final Object Repo/New Registration - Registration Module Pages/Form 2/Select Socso Employment Startdate Year' is clicked on

2019-01-09 12:44:29 - [MESSAGE][PASSED] - Object: 'Object Repository/Final Object Repo/New Registration - Registration Module Pages/Form 2/Select Socso Employment Startdate Year' is clicked on

2019-01-09 12:44:29 - [TEST_STEP][PASSED] - delay: Delayed 2 second(s)

2019-01-09 12:44:31 - [MESSAGE][PASSED] - Delayed 2 second(s)

2019-01-09 12:44:31 - [TEST_STEP][PASSED] - click: Object: 'Object Repository/Final Object Repo/New Registration - Registration Module Pages/Form 2/Socso Employment Start Date Day' is clicked on

2019-01-09 12:44:31 - [MESSAGE][PASSED] - Object: 'Object Repository/Final Object Repo/New Registration - Registration Module Pages/Form 2/Socso Employment Start Date Day' is clicked on

2019-01-09 12:44:31 - [TEST_STEP][PASSED] - delay: Delayed 2 second(s)

2019-01-09 12:44:33 - [MESSAGE][PASSED] - Delayed 2 second(s)

2019-01-09 12:44:33 - [TEST_STEP][PASSED] - click: Object: 'Object Repository/Final Object Repo/New Registration - Registration Module Pages/Form 2/Save Button for Add Employee' is clicked on

2019-01-09 12:44:33 - [MESSAGE][PASSED] - Object: 'Object Repository/Final Object Repo/New Registration - Registration Module Pages/Form 2/Save Button for Add Employee' is clicked on

2019-01-09 12:44:33 - [TEST_STEP][PASSED] - delay: Delayed 6 second(s)

2019-01-09 12:44:39 - [MESSAGE][PASSED] - Delayed 6 second(s)

2019-01-09 12:44:39 - [TEST_STEP][PASSED] - click: Object: 'Object Repository/Final Object Repo/New Registration - Registration Module Pages/Form 2/Incomplete Checkbox' is clicked on

2019-01-09 12:44:40 - [MESSAGE][PASSED] - Object: 'Object Repository/Final Object Repo/New Registration - Registration Module Pages/Form 2/Incomplete Checkbox' is clicked on

2019-01-09 12:44:40 - [TEST_STEP][PASSED] - delay: Delayed 2 second(s)

2019-01-09 12:44:42 - [MESSAGE][PASSED] - Delayed 2 second(s)

2019-01-09 12:44:42 - [TEST_STEP][PASSED] - click: Object: 'Object Repository/Final Object Repo/New Registration - Registration Module Pages/Form 2/Save and Continue Form 2' is clicked on

2019-01-09 12:44:42 - [MESSAGE][PASSED] - Object: 'Object Repository/Final Object Repo/New Registration - Registration Module Pages/Form 2/Save and Continue Form 2' is clicked on

2019-01-09 12:44:42 - [MESSAGE][PASSED] - Call Test Case 'Test Cases/Final Aug 2018 - PKS Automation/Registration Module/New Registration/Form 2/Add 1 Eligible - Incomplete' successfully

2019-01-09 12:44:42 - [TEST_STEP][PASSED] - callTestCase: Call Test Case 'Test Cases/Final Aug 2018 - PKS Automation/Registration Module/New Registration/Flow of New Registration/Third Screen - Upload Supporting Doc - Preview' successfully

2019-01-09 12:44:42 - [TEST_CASE][PASSED] - Test Cases/Final Aug 2018 - PKS Automation/Registration Module/New Registration/Flow of New Registration/Third Screen - Upload Supporting Doc - Preview: Test Cases/Final Aug 2018 - PKS Automation/Registration Module/New Registration/Flow of New Registration/Third Screen - Upload Supporting Doc - Preview

2019-01-09 12:44:42 - [TEST_STEP][PASSED] - waitForPageLoad: Wait for page load successfully

2019-01-09 12:44:43 - [MESSAGE][PASSED] - Wait for page load successfully

2019-01-09 12:44:43 - [TEST_STEP][PASSED] - Statement - CaseReferenceNo = com.kms.katalon.core.webui.keyword.WebUiBuiltInKeywords.getText(com.kms.katalon.core.testobject.ObjectRepository.findTestObject(Final Object Repo/New Registration - Registration Module Pages/Third Screen - Upload Supporting Doc- Preview/RefNo Acquiring)): Text of object 'Object Repository/Final Object Repo/New Registration - Registration Module Pages/Third Screen - Upload Supporting Doc- Preview/RefNo Acquiring' is: 'CRN01201900123682'

2019-01-09 12:44:43 - [MESSAGE][PASSED] - Text of object 'Object Repository/Final Object Repo/New Registration - Registration Module Pages/Third Screen - Upload Supporting Doc- Preview/RefNo Acquiring' is: 'CRN01201900123682'

2019-01-09 12:44:43 - [TEST_STEP][PASSED] - delay: Delayed 2 second(s)

2019-01-09 12:44:45 - [MESSAGE][PASSED] - Delayed 2 second(s)

2019-01-09 12:44:45 - [TEST_STEP][PASSED] - callTestCase: Call Test Case 'Test Cases/Final Aug 2018 - PKS Automation/Common/Reference Number Setter' successfully

2019-01-09 12:44:45 - [TEST_CASE][PASSED] - Test Cases/Final Aug 2018 - PKS Automation/Common/Reference Number Setter: Test Cases/Final Aug 2018 - PKS Automation/Common/Reference Number Setter

2019-01-09 12:44:45 - [TEST_STEP][PASSED] - Statement - RefNoOldFile = new java.io.File(C://Users//Admin//Desktop//PKS//Automation Reference Point//KatalonReference.txt): null

2019-01-09 12:44:45 - [TEST_STEP][PASSED] - Statement - RefNoOldFile.delete(): null

2019-01-09 12:44:45 - [TEST_STEP][PASSED] - delay: Delayed 5 second(s)

2019-01-09 12:44:50 - [MESSAGE][PASSED] - Delayed 5 second(s)

2019-01-09 12:44:50 - [TEST_STEP][PASSED] - Statement - RefNo = new java.io.File(C://Users//Admin//Desktop//PKS//Automation Reference Point//KatalonReference.txt): null

2019-01-09 12:44:50 - [TEST_STEP][PASSED] - Statement - f2 = new java.io.FileWriter(RefNo, false): null

2019-01-09 12:44:50 - [TEST_STEP][PASSED] - Statement - f2.write(CaseReferenceNo): null

2019-01-09 12:44:50 - [TEST_STEP][PASSED] - Statement - f2.close(): null

2019-01-09 12:44:50 - [TEST_STEP][PASSED] - Statement - out.println("


" + CaseReferenceNo + "


"): null

2019-01-09 12:44:50 - [MESSAGE][PASSED] - Call Test Case 'Test Cases/Final Aug 2018 - PKS Automation/Common/Reference Number Setter' successfully

2019-01-09 12:44:50 - [TEST_STEP][PASSED] - waitForElementClickable: Object 'Object Repository/Final Object Repo/New Registration - Registration Module Pages/Third Screen - Upload Supporting Doc- Preview/Save n Continue in SIP Employee Listing Page' is clickable

2019-01-09 12:44:50 - [MESSAGE][PASSED] - Object 'Object Repository/Final Object Repo/New Registration - Registration Module Pages/Third Screen - Upload Supporting Doc- Preview/Save n Continue in SIP Employee Listing Page' is clickable

2019-01-09 12:44:50 - [TEST_STEP][PASSED] - click: Object: 'Object Repository/Final Object Repo/New Registration - Registration Module Pages/Third Screen - Upload Supporting Doc- Preview/Save n Continue in SIP Employee Listing Page' is clicked on

2019-01-09 12:44:55 - [MESSAGE][PASSED] - Object: 'Object Repository/Final Object Repo/New Registration - Registration Module Pages/Third Screen - Upload Supporting Doc- Preview/Save n Continue in SIP Employee Listing Page' is clicked on

2019-01-09 12:44:55 - [TEST_STEP][PASSED] - delay: Delayed 7 second(s)

2019-01-09 12:45:02 - [MESSAGE][PASSED] - Delayed 7 second(s)

2019-01-09 12:45:02 - [TEST_STEP][PASSED] - click: Object: 'Object Repository/Final Object Repo/New Registration - Registration Module Pages/Third Screen - Upload Supporting Doc- Preview/Add Document Button' is clicked on

2019-01-09 12:45:03 - [MESSAGE][PASSED] - Object: 'Object Repository/Final Object Repo/New Registration - Registration Module Pages/Third Screen - Upload Supporting Doc- Preview/Add Document Button' is clicked on

2019-01-09 12:45:03 - [TEST_STEP][PASSED] - delay: Delayed 30 second(s)

2019-01-09 12:45:33 - [MESSAGE][PASSED] - Delayed 30 second(s)

2019-01-09 12:45:33 - [TEST_STEP][PASSED] - click: Object: 'Object Repository/Final Object Repo/New Registration - Registration Module Pages/Third Screen - Upload Supporting Doc- Preview/Supporting Doc Please Select Drop Down' is clicked on

2019-01-09 12:45:33 - [MESSAGE][PASSED] - Object: 'Object Repository/Final Object Repo/New Registration - Registration Module Pages/Third Screen - Upload Supporting Doc- Preview/Supporting Doc Please Select Drop Down' is clicked on

2019-01-09 12:45:33 - [TEST_STEP][PASSED] - delay: Delayed 2 second(s)

2019-01-09 12:45:35 - [MESSAGE][PASSED] - Delayed 2 second(s)

2019-01-09 12:45:35 - [TEST_STEP][PASSED] - click: Object: 'Object Repository/Final Object Repo/New Registration - Registration Module Pages/Third Screen - Upload Supporting Doc- Preview/Select to Upload Form 1' is clicked on

2019-01-09 12:45:35 - [MESSAGE][PASSED] - Object: 'Object Repository/Final Object Repo/New Registration - Registration Module Pages/Third Screen - Upload Supporting Doc- Preview/Select to Upload Form 1' is clicked on

2019-01-09 12:45:35 - [TEST_STEP][PASSED] - delay: Delayed 2 second(s)

2019-01-09 12:45:37 - [MESSAGE][PASSED] - Delayed 2 second(s)

2019-01-09 12:45:37 - [TEST_STEP][PASSED] - uploadFile: File 'C:\Users\Public\Pictures\Sample Pictures\Koala.jpg' sent to object: 'Object Repository/Final Object Repo/New Registration - Registration Module Pages/Third Screen - Upload Supporting Doc- Preview/Upload File Adding'

2019-01-09 12:45:37 - [MESSAGE][PASSED] - File 'C:\Users\Public\Pictures\Sample Pictures\Koala.jpg' sent to object: 'Object Repository/Final Object Repo/New Registration - Registration Module Pages/Third Screen - Upload Supporting Doc- Preview/Upload File Adding'

2019-01-09 12:45:37 - [TEST_STEP][PASSED] - delay: Delayed 5 second(s)

2019-01-09 12:45:42 - [MESSAGE][PASSED] - Delayed 5 second(s)

2019-01-09 12:45:42 - [TEST_STEP][PASSED] - click: Object: 'Object Repository/Final Object Repo/New Registration - Registration Module Pages/Third Screen - Upload Supporting Doc- Preview/Inner Form Add Document Button' is clicked on

2019-01-09 12:45:42 - [MESSAGE][PASSED] - Object: 'Object Repository/Final Object Repo/New Registration - Registration Module Pages/Third Screen - Upload Supporting Doc- Preview/Inner Form Add Document Button' is clicked on

2019-01-09 12:45:42 - [TEST_STEP][PASSED] - delay: Delayed 3 second(s)

2019-01-09 12:45:45 - [MESSAGE][PASSED] - Delayed 3 second(s)

2019-01-09 12:45:45 - [TEST_STEP][PASSED] - click: Object: 'Object Repository/Final Object Repo/New Registration - Registration Module Pages/Third Screen - Upload Supporting Doc- Preview/Add Document Button' is clicked on

2019-01-09 12:45:47 - [MESSAGE][PASSED] - Object: 'Object Repository/Final Object Repo/New Registration - Registration Module Pages/Third Screen - Upload Supporting Doc- Preview/Add Document Button' is clicked on

2019-01-09 12:45:47 - [TEST_STEP][PASSED] - delay: Delayed 30 second(s)

2019-01-09 12:46:17 - [MESSAGE][PASSED] - Delayed 30 second(s)

2019-01-09 12:46:17 - [TEST_STEP][PASSED] - click: Object: 'Object Repository/Final Object Repo/New Registration - Registration Module Pages/Third Screen - Upload Supporting Doc- Preview/Supporting Doc Please Select Drop Down' is clicked on

2019-01-09 12:46:17 - [MESSAGE][PASSED] - Object: 'Object Repository/Final Object Repo/New Registration - Registration Module Pages/Third Screen - Upload Supporting Doc- Preview/Supporting Doc Please Select Drop Down' is clicked on

2019-01-09 12:46:17 - [TEST_STEP][PASSED] - delay: Delayed 4 second(s)

2019-01-09 12:46:21 - [MESSAGE][PASSED] - Delayed 4 second(s)

2019-01-09 12:46:21 - [TEST_STEP][PASSED] - click: Object: 'Object Repository/Final Object Repo/New Registration - Registration Module Pages/Third Screen - Upload Supporting Doc- Preview/Select to Upload Form 2' is clicked on

2019-01-09 12:46:21 - [MESSAGE][PASSED] - Object: 'Object Repository/Final Object Repo/New Registration - Registration Module Pages/Third Screen - Upload Supporting Doc- Preview/Select to Upload Form 2' is clicked on

2019-01-09 12:46:21 - [TEST_STEP][PASSED] - delay: Delayed 2 second(s)

2019-01-09 12:46:23 - [MESSAGE][PASSED] - Delayed 2 second(s)

2019-01-09 12:46:23 - [TEST_STEP][PASSED] - uploadFile: File 'C:\Users\Public\Pictures\Sample Pictures\Koala.jpg' sent to object: 'Object Repository/Final Object Repo/New Registration - Registration Module Pages/Third Screen - Upload Supporting Doc- Preview/Upload File Adding'

2019-01-09 12:46:24 - [MESSAGE][PASSED] - File 'C:\Users\Public\Pictures\Sample Pictures\Koala.jpg' sent to object: 'Object Repository/Final Object Repo/New Registration - Registration Module Pages/Third Screen - Upload Supporting Doc- Preview/Upload File Adding'

2019-01-09 12:46:24 - [TEST_STEP][PASSED] - click: Object: 'Object Repository/Final Object Repo/New Registration - Registration Module Pages/Third Screen - Upload Supporting Doc- Preview/Inner Form Add Document Button' is clicked on

2019-01-09 12:46:24 - [MESSAGE][PASSED] - Object: 'Object Repository/Final Object Repo/New Registration - Registration Module Pages/Third Screen - Upload Supporting Doc- Preview/Inner Form Add Document Button' is clicked on

2019-01-09 12:46:24 - [TEST_STEP][PASSED] - delay: Delayed 5 second(s)

2019-01-09 12:46:29 - [MESSAGE][PASSED] - Delayed 5 second(s)

2019-01-09 12:46:29 - [TEST_STEP][PASSED] - click: Object: 'Object Repository/Final Object Repo/New Registration - Registration Module Pages/Third Screen - Upload Supporting Doc- Preview/Add Document Button' is clicked on

2019-01-09 12:46:29 - [MESSAGE][PASSED] - Object: 'Object Repository/Final Object Repo/New Registration - Registration Module Pages/Third Screen - Upload Supporting Doc- Preview/Add Document Button' is clicked on

2019-01-09 12:46:29 - [TEST_STEP][PASSED] - delay: Delayed 30 second(s)

2019-01-09 12:46:59 - [MESSAGE][PASSED] - Delayed 30 second(s)

2019-01-09 12:46:59 - [TEST_STEP][PASSED] - click: Object: 'Object Repository/Final Object Repo/New Registration - Registration Module Pages/Third Screen - Upload Supporting Doc- Preview/Supporting Doc Please Select Drop Down' is clicked on

2019-01-09 12:46:59 - [MESSAGE][PASSED] - Object: 'Object Repository/Final Object Repo/New Registration - Registration Module Pages/Third Screen - Upload Supporting Doc- Preview/Supporting Doc Please Select Drop Down' is clicked on

2019-01-09 12:46:59 - [TEST_STEP][PASSED] - click: Object: 'Object Repository/Final Object Repo/New Registration - Registration Module Pages/Third Screen - Upload Supporting Doc- Preview/Select to Upload Borang SIP 1' is clicked on

2019-01-09 12:46:59 - [MESSAGE][PASSED] - Object: 'Object Repository/Final Object Repo/New Registration - Registration Module Pages/Third Screen - Upload Supporting Doc- Preview/Select to Upload Borang SIP 1' is clicked on

2019-01-09 12:46:59 - [TEST_STEP][PASSED] - delay: Delayed 2 second(s)

2019-01-09 12:47:01 - [MESSAGE][PASSED] - Delayed 2 second(s)

2019-01-09 12:47:01 - [TEST_STEP][PASSED] - uploadFile: File 'C:\Users\Public\Pictures\Sample Pictures\Koala.jpg' sent to object: 'Object Repository/Final Object Repo/New Registration - Registration Module Pages/Third Screen - Upload Supporting Doc- Preview/Upload File Adding'

2019-01-09 12:47:02 - [MESSAGE][PASSED] - File 'C:\Users\Public\Pictures\Sample Pictures\Koala.jpg' sent to object: 'Object Repository/Final Object Repo/New Registration - Registration Module Pages/Third Screen - Upload Supporting Doc- Preview/Upload File Adding'

2019-01-09 12:47:02 - [TEST_STEP][PASSED] - click: Object: 'Object Repository/Final Object Repo/New Registration - Registration Module Pages/Third Screen - Upload Supporting Doc- Preview/Inner Form Add Document Button' is clicked on

2019-01-09 12:47:02 - [MESSAGE][PASSED] - Object: 'Object Repository/Final Object Repo/New Registration - Registration Module Pages/Third Screen - Upload Supporting Doc- Preview/Inner Form Add Document Button' is clicked on

2019-01-09 12:47:02 - [TEST_STEP][PASSED] - delay: Delayed 5 second(s)

2019-01-09 12:47:07 - [MESSAGE][PASSED] - Delayed 5 second(s)

2019-01-09 12:47:07 - [TEST_STEP][PASSED] - click: Object: 'Object Repository/Final Object Repo/New Registration - Registration Module Pages/Third Screen - Upload Supporting Doc- Preview/Add Document Button' is clicked on

2019-01-09 12:47:07 - [MESSAGE][PASSED] - Object: 'Object Repository/Final Object Repo/New Registration - Registration Module Pages/Third Screen - Upload Supporting Doc- Preview/Add Document Button' is clicked on

2019-01-09 12:47:07 - [TEST_STEP][PASSED] - delay: Delayed 30 second(s)

2019-01-09 12:47:37 - [MESSAGE][PASSED] - Delayed 30 second(s)

2019-01-09 12:47:37 - [TEST_STEP][PASSED] - click: Object: 'Object Repository/Final Object Repo/New Registration - Registration Module Pages/Third Screen - Upload Supporting Doc- Preview/Supporting Doc Please Select Drop Down' is clicked on

2019-01-09 12:47:37 - [MESSAGE][PASSED] - Object: 'Object Repository/Final Object Repo/New Registration - Registration Module Pages/Third Screen - Upload Supporting Doc- Preview/Supporting Doc Please Select Drop Down' is clicked on

2019-01-09 12:47:37 - [TEST_STEP][PASSED] - delay: Delayed 3 second(s)

2019-01-09 12:47:40 - [MESSAGE][PASSED] - Delayed 3 second(s)

2019-01-09 12:47:40 - [TEST_STEP][PASSED] - click: Object: 'Object Repository/Final Object Repo/New Registration - Registration Module Pages/Third Screen - Upload Supporting Doc- Preview/Select to Upload Borang SIP 2' is clicked on

2019-01-09 12:47:40 - [MESSAGE][PASSED] - Object: 'Object Repository/Final Object Repo/New Registration - Registration Module Pages/Third Screen - Upload Supporting Doc- Preview/Select to Upload Borang SIP 2' is clicked on

2019-01-09 12:47:40 - [TEST_STEP][PASSED] - delay: Delayed 2 second(s)

2019-01-09 12:47:42 - [MESSAGE][PASSED] - Delayed 2 second(s)

2019-01-09 12:47:42 - [TEST_STEP][PASSED] - uploadFile: File 'C:\Users\Public\Pictures\Sample Pictures\Koala.jpg' sent to object: 'Object Repository/Final Object Repo/New Registration - Registration Module Pages/Third Screen - Upload Supporting Doc- Preview/Upload File Adding'

2019-01-09 12:47:42 - [MESSAGE][PASSED] - File 'C:\Users\Public\Pictures\Sample Pictures\Koala.jpg' sent to object: 'Object Repository/Final Object Repo/New Registration - Registration Module Pages/Third Screen - Upload Supporting Doc- Preview/Upload File Adding'

2019-01-09 12:47:42 - [TEST_STEP][PASSED] - delay: Delayed 5 second(s)

2019-01-09 12:47:47 - [MESSAGE][PASSED] - Delayed 5 second(s)

2019-01-09 12:47:47 - [TEST_STEP][PASSED] - click: Object: 'Object Repository/Final Object Repo/New Registration - Registration Module Pages/Third Screen - Upload Supporting Doc- Preview/Inner Form Add Document Button' is clicked on

2019-01-09 12:47:48 - [MESSAGE][PASSED] - Object: 'Object Repository/Final Object Repo/New Registration - Registration Module Pages/Third Screen - Upload Supporting Doc- Preview/Inner Form Add Document Button' is clicked on

2019-01-09 12:47:48 - [TEST_STEP][PASSED] - delay: Delayed 3 second(s)

2019-01-09 12:47:51 - [MESSAGE][PASSED] - Delayed 3 second(s)

2019-01-09 12:47:51 - [TEST_STEP][PASSED] - waitForElementClickable: Object 'Object Repository/Final Object Repo/New Registration - Registration Module Pages/Third Screen - Upload Supporting Doc- Preview/Save n Continue in Uploading Supporting Doc Page' is clickable

2019-01-09 12:47:52 - [MESSAGE][PASSED] - Object 'Object Repository/Final Object Repo/New Registration - Registration Module Pages/Third Screen - Upload Supporting Doc- Preview/Save n Continue in Uploading Supporting Doc Page' is clickable

2019-01-09 12:47:52 - [TEST_STEP][PASSED] - click: Object: 'Object Repository/Final Object Repo/New Registration - Registration Module Pages/Third Screen - Upload Supporting Doc- Preview/Save n Continue in Uploading Supporting Doc Page' is clicked on

2019-01-09 12:47:52 - [MESSAGE][PASSED] - Object: 'Object Repository/Final Object Repo/New Registration - Registration Module Pages/Third Screen - Upload Supporting Doc- Preview/Save n Continue in Uploading Supporting Doc Page' is clicked on

2019-01-09 12:47:52 - [MESSAGE][PASSED] - Call Test Case 'Test Cases/Final Aug 2018 - PKS Automation/Registration Module/New Registration/Flow of New Registration/Third Screen - Upload Supporting Doc - Preview' successfully

2019-01-09 12:47:52 - [TEST_STEP][PASSED] - callTestCase: Call Test Case 'Test Cases/Final Aug 2018 - PKS Automation/Registration Module/New Registration/Submit and Screenshot/Submit Registration and Screenshot' successfully

2019-01-09 12:47:52 - [TEST_CASE][PASSED] - Test Cases/Final Aug 2018 - PKS Automation/Registration Module/New Registration/Submit and Screenshot/Submit Registration and Screenshot: Test Cases/Final Aug 2018 - PKS Automation/Registration Module/New Registration/Submit and Screenshot/Submit Registration and Screenshot

2019-01-09 12:47:52 - [TEST_STEP][PASSED] - delay: Delayed 6 second(s)

2019-01-09 12:47:58 - [MESSAGE][PASSED] - Delayed 6 second(s)

2019-01-09 12:47:58 - [TEST_STEP][PASSED] - click: Object: 'Object Repository/Final Object Repo/New Registration - Registration Module Pages/Third Screen - Upload Supporting Doc- Preview/Preview Submit Button' is clicked on

2019-01-09 12:47:58 - [MESSAGE][PASSED] - Object: 'Object Repository/Final Object Repo/New Registration - Registration Module Pages/Third Screen - Upload Supporting Doc- Preview/Preview Submit Button' is clicked on

2019-01-09 12:47:58 - [TEST_STEP][PASSED] - delay: Delayed 2 second(s)

2019-01-09 12:48:00 - [MESSAGE][PASSED] - Delayed 2 second(s)

2019-01-09 12:48:00 - [TEST_STEP][PASSED] - click: Object: 'Object Repository/Final Object Repo/New Registration - Registration Module Pages/Third Screen - Upload Supporting Doc- Preview/Preview Submit - Confirm' is clicked on

2019-01-09 12:48:01 - [MESSAGE][PASSED] - Object: 'Object Repository/Final Object Repo/New Registration - Registration Module Pages/Third Screen - Upload Supporting Doc- Preview/Preview Submit - Confirm' is clicked on

2019-01-09 12:48:01 - [TEST_STEP][PASSED] - delay: Delayed 15 second(s)

2019-01-09 12:48:16 - [MESSAGE][PASSED] - Delayed 15 second(s)

2019-01-09 12:48:16 - [TEST_STEP][PASSED] - Statement - driver = com.kms.katalon.core.webui.driver.DriverFactory.getWebDriver(): null

2019-01-09 12:48:16 - [TEST_STEP][PASSED] - Statement - driver.manage().timeouts().implicitlyWait(10, SECONDS): null

2019-01-09 12:48:16 - [TEST_STEP][PASSED] - Statement - PresavePath = KatalonScreenshots: null

2019-01-09 12:48:16 - [TEST_STEP][PASSED] - Statement - pathPrefix = "C:\Users\Public\Pictures\Sample Pictures\Katalon Screenshots\Automate Ending Screen": null

2019-01-09 12:48:16 - [TEST_STEP][PASSED] - Statement - finalPath = <not implemented yet for class: org.codehaus.groovy.ast.expr.EmptyExpression>: null

2019-01-09 12:48:16 - [TEST_STEP][PASSED] - Statement - scrFile = driver.getScreenshotAs(FILE): null

2019-01-09 12:48:16 - [TEST_STEP][PASSED] - Statement - PreSaveFile = new java.io.File(PresavePath): null

2019-01-09 12:48:16 - [TEST_STEP][PASSED] - Statement - counter = 0: null

2019-01-09 12:48:16 - [TEST_STEP][PASSED] - Statement - If (PreSaveFile.exists()): null

2019-01-09 12:48:16 - [TEST_STEP][PASSED] - Statement - While (PreSaveFile.exists()): null

2019-01-09 12:48:16 - [TEST_STEP][PASSED] - Statement - counter = counter + 1: null

2019-01-09 12:48:16 - [TEST_STEP][PASSED] - Statement - PreSaveFile = new java.io.File(((pathPrefix + java.lang.Integer.toString(counter)) + .png)): null

2019-01-09 12:48:16 - [TEST_STEP][PASSED] - Statement - counter = counter + 1: null

2019-01-09 12:48:16 - [TEST_STEP][PASSED] - Statement - PreSaveFile = new java.io.File(((pathPrefix + java.lang.Integer.toString(counter)) + .png)): null

2019-01-09 12:48:16 - [TEST_STEP][PASSED] - Statement - counter = counter + 1: null

2019-01-09 12:48:16 - [TEST_STEP][PASSED] - Statement - PreSaveFile = new java.io.File(((pathPrefix + java.lang.Integer.toString(counter)) + .png)): null

2019-01-09 12:48:16 - [TEST_STEP][PASSED] - Statement - counter = counter + 1: null

2019-01-09 12:48:16 - [TEST_STEP][PASSED] - Statement - PreSaveFile = new java.io.File(((pathPrefix + java.lang.Integer.toString(counter)) + .png)): null

2019-01-09 12:48:16 - [TEST_STEP][PASSED] - Statement - counter = counter + 1: null

2019-01-09 12:48:16 - [TEST_STEP][PASSED] - Statement - PreSaveFile = new java.io.File(((pathPrefix + java.lang.Integer.toString(counter)) + .png)): null

2019-01-09 12:48:16 - [TEST_STEP][PASSED] - Statement - counter = counter + 1: null

2019-01-09 12:48:16 - [TEST_STEP][PASSED] - Statement - PreSaveFile = new java.io.File(((pathPrefix + java.lang.Integer.toString(counter)) + .png)): null

2019-01-09 12:48:16 - [TEST_STEP][PASSED] - Statement - counter = counter + 1: null

2019-01-09 12:48:16 - [TEST_STEP][PASSED] - Statement - PreSaveFile = new java.io.File(((pathPrefix + java.lang.Integer.toString(counter)) + .png)): null

2019-01-09 12:48:16 - [TEST_STEP][PASSED] - Statement - counter = counter + 1: null

2019-01-09 12:48:16 - [TEST_STEP][PASSED] - Statement - PreSaveFile = new java.io.File(((pathPrefix + java.lang.Integer.toString(counter)) + .png)): null

2019-01-09 12:48:16 - [TEST_STEP][PASSED] - Statement - counter = counter + 1: null

2019-01-09 12:48:16 - [TEST_STEP][PASSED] - Statement - PreSaveFile = new java.io.File(((pathPrefix + java.lang.Integer.toString(counter)) + .png)): null

2019-01-09 12:48:16 - [TEST_STEP][PASSED] - Statement - counter = counter + 1: null

2019-01-09 12:48:16 - [TEST_STEP][PASSED] - Statement - PreSaveFile = new java.io.File(((pathPrefix + java.lang.Integer.toString(counter)) + .png)): null

2019-01-09 12:48:16 - [TEST_STEP][PASSED] - Statement - counter = counter + 1: null

2019-01-09 12:48:16 - [TEST_STEP][PASSED] - Statement - PreSaveFile = new java.io.File(((pathPrefix + java.lang.Integer.toString(counter)) + .png)): null

2019-01-09 12:48:16 - [TEST_STEP][PASSED] - Statement - counter = counter + 1: null

2019-01-09 12:48:16 - [TEST_STEP][PASSED] - Statement - PreSaveFile = new java.io.File(((pathPrefix + java.lang.Integer.toString(counter)) + .png)): null

2019-01-09 12:48:16 - [TEST_STEP][PASSED] - Statement - counter = counter + 1: null

2019-01-09 12:48:16 - [TEST_STEP][PASSED] - Statement - PreSaveFile = new java.io.File(((pathPrefix + java.lang.Integer.toString(counter)) + .png)): null

2019-01-09 12:48:16 - [TEST_STEP][PASSED] - Statement - counter = counter + 1: null

2019-01-09 12:48:16 - [TEST_STEP][PASSED] - Statement - PreSaveFile = new java.io.File(((pathPrefix + java.lang.Integer.toString(counter)) + .png)): null

2019-01-09 12:48:16 - [TEST_STEP][PASSED] - Statement - counter = counter + 1: null

2019-01-09 12:48:16 - [TEST_STEP][PASSED] - Statement - PreSaveFile = new java.io.File(((pathPrefix + java.lang.Integer.toString(counter)) + .png)): null

2019-01-09 12:48:16 - [TEST_STEP][PASSED] - Statement - counter = counter + 1: null

2019-01-09 12:48:16 - [TEST_STEP][PASSED] - Statement - PreSaveFile = new java.io.File(((pathPrefix + java.lang.Integer.toString(counter)) + .png)): null

2019-01-09 12:48:16 - [TEST_STEP][PASSED] - Statement - counter = counter + 1: null

2019-01-09 12:48:16 - [TEST_STEP][PASSED] - Statement - PreSaveFile = new java.io.File(((pathPrefix + java.lang.Integer.toString(counter)) + .png)): null

2019-01-09 12:48:17 - [TEST_STEP][PASSED] - Statement - counter = counter + 1: null

2019-01-09 12:48:17 - [TEST_STEP][PASSED] - Statement - PreSaveFile = new java.io.File(((pathPrefix + java.lang.Integer.toString(counter)) + .png)): null

2019-01-09 12:48:17 - [TEST_STEP][PASSED] - Statement - counter = counter + 1: null

2019-01-09 12:48:17 - [TEST_STEP][PASSED] - Statement - PreSaveFile = new java.io.File(((pathPrefix + java.lang.Integer.toString(counter)) + .png)): null

2019-01-09 12:48:17 - [TEST_STEP][PASSED] - Statement - counter = counter + 1: null

2019-01-09 12:48:17 - [TEST_STEP][PASSED] - Statement - PreSaveFile = new java.io.File(((pathPrefix + java.lang.Integer.toString(counter)) + .png)): null

2019-01-09 12:48:17 - [TEST_STEP][PASSED] - Statement - counter = counter + 1: null

2019-01-09 12:48:17 - [TEST_STEP][PASSED] - Statement - PreSaveFile = new java.io.File(((pathPrefix + java.lang.Integer.toString(counter)) + .png)): null

2019-01-09 12:48:17 - [TEST_STEP][PASSED] - Statement - counter = counter + 1: null

2019-01-09 12:48:17 - [TEST_STEP][PASSED] - Statement - PreSaveFile = new java.io.File(((pathPrefix + java.lang.Integer.toString(counter)) + .png)): null

2019-01-09 12:48:17 - [TEST_STEP][PASSED] - Statement - counter = counter + 1: null

2019-01-09 12:48:17 - [TEST_STEP][PASSED] - Statement - PreSaveFile = new java.io.File(((pathPrefix + java.lang.Integer.toString(counter)) + .png)): null

2019-01-09 12:48:17 - [TEST_STEP][PASSED] - Statement - counter = counter + 1: null

2019-01-09 12:48:17 - [TEST_STEP][PASSED] - Statement - PreSaveFile = new java.io.File(((pathPrefix + java.lang.Integer.toString(counter)) + .png)): null

2019-01-09 12:48:17 - [TEST_STEP][PASSED] - Statement - counter = counter + 1: null

2019-01-09 12:48:17 - [TEST_STEP][PASSED] - Statement - PreSaveFile = new java.io.File(((pathPrefix + java.lang.Integer.toString(counter)) + .png)): null

2019-01-09 12:48:17 - [TEST_STEP][PASSED] - Statement - counter = counter + 1: null

2019-01-09 12:48:17 - [TEST_STEP][PASSED] - Statement - PreSaveFile = new java.io.File(((pathPrefix + java.lang.Integer.toString(counter)) + .png)): null

2019-01-09 12:48:17 - [TEST_STEP][PASSED] - Statement - counter = counter + 1: null

2019-01-09 12:48:17 - [TEST_STEP][PASSED] - Statement - PreSaveFile = new java.io.File(((pathPrefix + java.lang.Integer.toString(counter)) + .png)): null

2019-01-09 12:48:17 - [TEST_STEP][PASSED] - Statement - counter = counter + 1: null

2019-01-09 12:48:17 - [TEST_STEP][PASSED] - Statement - PreSaveFile = new java.io.File(((pathPrefix + java.lang.Integer.toString(counter)) + .png)): null

2019-01-09 12:48:17 - [TEST_STEP][PASSED] - Statement - counter = counter + 1: null

2019-01-09 12:48:17 - [TEST_STEP][PASSED] - Statement - PreSaveFile = new java.io.File(((pathPrefix + java.lang.Integer.toString(counter)) + .png)): null

2019-01-09 12:48:17 - [TEST_STEP][PASSED] - Statement - counter = counter + 1: null

2019-01-09 12:48:17 - [TEST_STEP][PASSED] - Statement - PreSaveFile = new java.io.File(((pathPrefix + java.lang.Integer.toString(counter)) + .png)): null

2019-01-09 12:48:17 - [TEST_STEP][PASSED] - Statement - counter = counter + 1: null

2019-01-09 12:48:17 - [TEST_STEP][PASSED] - Statement - PreSaveFile = new java.io.File(((pathPrefix + java.lang.Integer.toString(counter)) + .png)): null

2019-01-09 12:48:17 - [TEST_STEP][PASSED] - Statement - counter = counter + 1: null

2019-01-09 12:48:17 - [TEST_STEP][PASSED] - Statement - PreSaveFile = new java.io.File(((pathPrefix + java.lang.Integer.toString(counter)) + .png)): null

2019-01-09 12:48:17 - [TEST_STEP][PASSED] - Statement - counter = counter + 1: null

2019-01-09 12:48:17 - [TEST_STEP][PASSED] - Statement - PreSaveFile = new java.io.File(((pathPrefix + java.lang.Integer.toString(counter)) + .png)): null

2019-01-09 12:48:17 - [TEST_STEP][PASSED] - Statement - counter = counter + 1: null

2019-01-09 12:48:18 - [TEST_STEP][PASSED] - Statement - PreSaveFile = new java.io.File(((pathPrefix + java.lang.Integer.toString(counter)) + .png)): null

2019-01-09 12:48:18 - [TEST_STEP][PASSED] - Statement - counter = counter + 1: null

2019-01-09 12:48:18 - [TEST_STEP][PASSED] - Statement - PreSaveFile = new java.io.File(((pathPrefix + java.lang.Integer.toString(counter)) + .png)): null

2019-01-09 12:48:18 - [TEST_STEP][PASSED] - Statement - counter = counter + 1: null

2019-01-09 12:48:18 - [TEST_STEP][PASSED] - Statement - PreSaveFile = new java.io.File(((pathPrefix + java.lang.Integer.toString(counter)) + .png)): null

2019-01-09 12:48:18 - [TEST_STEP][PASSED] - Statement - counter = counter + 1: null

2019-01-09 12:48:18 - [TEST_STEP][PASSED] - Statement - PreSaveFile = new java.io.File(((pathPrefix + java.lang.Integer.toString(counter)) + .png)): null

2019-01-09 12:48:18 - [TEST_STEP][PASSED] - Statement - counter = counter + 1: null

2019-01-09 12:48:18 - [TEST_STEP][PASSED] - Statement - PreSaveFile = new java.io.File(((pathPrefix + java.lang.Integer.toString(counter)) + .png)): null

2019-01-09 12:48:18 - [TEST_STEP][PASSED] - Statement - counter = counter + 1: null

2019-01-09 12:48:18 - [TEST_STEP][PASSED] - Statement - PreSaveFile = new java.io.File(((pathPrefix + java.lang.Integer.toString(counter)) + .png)): null

2019-01-09 12:48:18 - [TEST_STEP][PASSED] - Statement - counter = counter + 1: null

2019-01-09 12:48:18 - [TEST_STEP][PASSED] - Statement - PreSaveFile = new java.io.File(((pathPrefix + java.lang.Integer.toString(counter)) + .png)): null

2019-01-09 12:48:18 - [TEST_STEP][PASSED] - Statement - counter = counter + 1: null

2019-01-09 12:48:18 - [TEST_STEP][PASSED] - Statement - PreSaveFile = new java.io.File(((pathPrefix + java.lang.Integer.toString(counter)) + .png)): null

2019-01-09 12:48:18 - [TEST_STEP][PASSED] - Statement - counter = counter + 1: null

2019-01-09 12:48:18 - [TEST_STEP][PASSED] - Statement - PreSaveFile = new java.io.File(((pathPrefix + java.lang.Integer.toString(counter)) + .png)): null

2019-01-09 12:48:18 - [TEST_STEP][PASSED] - Statement - counter = counter + 1: null

2019-01-09 12:48:18 - [TEST_STEP][PASSED] - Statement - PreSaveFile = new java.io.File(((pathPrefix + java.lang.Integer.toString(counter)) + .png)): null

2019-01-09 12:48:19 - [TEST_STEP][PASSED] - Statement - counter = counter + 1: null

2019-01-09 12:48:19 - [TEST_STEP][PASSED] - Statement - PreSaveFile = new java.io.File(((pathPrefix + java.lang.Integer.toString(counter)) + .png)): null

2019-01-09 12:48:19 - [TEST_STEP][PASSED] - Statement - counter = counter + 1: null

2019-01-09 12:48:19 - [TEST_STEP][PASSED] - Statement - PreSaveFile = new java.io.File(((pathPrefix + java.lang.Integer.toString(counter)) + .png)): null

2019-01-09 12:48:19 - [TEST_STEP][PASSED] - Statement - counter = counter + 1: null

2019-01-09 12:48:19 - [TEST_STEP][PASSED] - Statement - PreSaveFile = new java.io.File(((pathPrefix + java.lang.Integer.toString(counter)) + .png)): null

2019-01-09 12:48:19 - [TEST_STEP][PASSED] - Statement - counter = counter + 1: null

2019-01-09 12:48:19 - [TEST_STEP][PASSED] - Statement - PreSaveFile = new java.io.File(((pathPrefix + java.lang.Integer.toString(counter)) + .png)): null

2019-01-09 12:48:19 - [TEST_STEP][PASSED] - Statement - counter = counter + 1: null

2019-01-09 12:48:19 - [TEST_STEP][PASSED] - Statement - PreSaveFile = new java.io.File(((pathPrefix + java.lang.Integer.toString(counter)) + .png)): null

2019-01-09 12:48:19 - [TEST_STEP][PASSED] - Statement - counter = counter + 1: null

2019-01-09 12:48:19 - [TEST_STEP][PASSED] - Statement - PreSaveFile = new java.io.File(((pathPrefix + java.lang.Integer.toString(counter)) + .png)): null

2019-01-09 12:48:19 - [TEST_STEP][PASSED] - Statement - counter = counter + 1: null

2019-01-09 12:48:19 - [TEST_STEP][PASSED] - Statement - PreSaveFile = new java.io.File(((pathPrefix + java.lang.Integer.toString(counter)) + .png)): null

2019-01-09 12:48:19 - [TEST_STEP][PASSED] - Statement - counter = counter + 1: null

2019-01-09 12:48:19 - [TEST_STEP][PASSED] - Statement - PreSaveFile = new java.io.File(((pathPrefix + java.lang.Integer.toString(counter)) + .png)): null

2019-01-09 12:48:19 - [TEST_STEP][PASSED] - Statement - counter = counter + 1: null

2019-01-09 12:48:19 - [TEST_STEP][PASSED] - Statement - PreSaveFile = new java.io.File(((pathPrefix + java.lang.Integer.toString(counter)) + .png)): null

2019-01-09 12:48:19 - [TEST_STEP][PASSED] - Statement - counter = counter + 1: null

2019-01-09 12:48:20 - [TEST_STEP][PASSED] - Statement - PreSaveFile = new java.io.File(((pathPrefix + java.lang.Integer.toString(counter)) + .png)): null

2019-01-09 12:48:20 - [TEST_STEP][PASSED] - Statement - counter = counter + 1: null

2019-01-09 12:48:20 - [TEST_STEP][PASSED] - Statement - PreSaveFile = new java.io.File(((pathPrefix + java.lang.Integer.toString(counter)) + .png)): null

2019-01-09 12:48:20 - [TEST_STEP][PASSED] - Statement - counter = counter + 1: null

2019-01-09 12:48:20 - [TEST_STEP][PASSED] - Statement - PreSaveFile = new java.io.File(((pathPrefix + java.lang.Integer.toString(counter)) + .png)): null

2019-01-09 12:48:20 - [TEST_STEP][PASSED] - Statement - counter = counter + 1: null

2019-01-09 12:48:20 - [TEST_STEP][PASSED] - Statement - PreSaveFile = new java.io.File(((pathPrefix + java.lang.Integer.toString(counter)) + .png)): null

2019-01-09 12:48:20 - [TEST_STEP][PASSED] - Statement - counter = counter + 1: null

2019-01-09 12:48:20 - [TEST_STEP][PASSED] - Statement - PreSaveFile = new java.io.File(((pathPrefix + java.lang.Integer.toString(counter)) + .png)): null

2019-01-09 12:48:20 - [TEST_STEP][PASSED] - Statement - counter = counter + 1: null

2019-01-09 12:48:20 - [TEST_STEP][PASSED] - Statement - PreSaveFile = new java.io.File(((pathPrefix + java.lang.Integer.toString(counter)) + .png)): null

2019-01-09 12:48:20 - [TEST_STEP][PASSED] - Statement - counter = counter + 1: null

2019-01-09 12:48:20 - [TEST_STEP][PASSED] - Statement - PreSaveFile = new java.io.File(((pathPrefix + java.lang.Integer.toString(counter)) + .png)): null

2019-01-09 12:48:20 - [TEST_STEP][PASSED] - Statement - counter = counter + 1: null

2019-01-09 12:48:20 - [TEST_STEP][PASSED] - Statement - PreSaveFile = new java.io.File(((pathPrefix + java.lang.Integer.toString(counter)) + .png)): null

2019-01-09 12:48:20 - [TEST_STEP][PASSED] - Statement - counter = counter + 1: null

2019-01-09 12:48:20 - [TEST_STEP][PASSED] - Statement - PreSaveFile = new java.io.File(((pathPrefix + java.lang.Integer.toString(counter)) + .png)): null

2019-01-09 12:48:20 - [TEST_STEP][PASSED] - Statement - counter = counter + 1: null

2019-01-09 12:48:20 - [TEST_STEP][PASSED] - Statement - PreSaveFile = new java.io.File(((pathPrefix + java.lang.Integer.toString(counter)) + .png)): null

2019-01-09 12:48:20 - [TEST_STEP][PASSED] - Statement - counter = counter + 1: null

2019-01-09 12:48:21 - [TEST_STEP][PASSED] - Statement - PreSaveFile = new java.io.File(((pathPrefix + java.lang.Integer.toString(counter)) + .png)): null

2019-01-09 12:48:21 - [TEST_STEP][PASSED] - Statement - counter = counter + 1: null

2019-01-09 12:48:21 - [TEST_STEP][PASSED] - Statement - PreSaveFile = new java.io.File(((pathPrefix + java.lang.Integer.toString(counter)) + .png)): null

2019-01-09 12:48:21 - [TEST_STEP][PASSED] - Statement - counter = counter + 1: null

2019-01-09 12:48:21 - [TEST_STEP][PASSED] - Statement - PreSaveFile = new java.io.File(((pathPrefix + java.lang.Integer.toString(counter)) + .png)): null

2019-01-09 12:48:21 - [TEST_STEP][PASSED] - Statement - counter = counter + 1: null

2019-01-09 12:48:21 - [TEST_STEP][PASSED] - Statement - PreSaveFile = new java.io.File(((pathPrefix + java.lang.Integer.toString(counter)) + .png)): null

2019-01-09 12:48:21 - [TEST_STEP][PASSED] - Statement - counter = counter + 1: null

2019-01-09 12:48:21 - [TEST_STEP][PASSED] - Statement - PreSaveFile = new java.io.File(((pathPrefix + java.lang.Integer.toString(counter)) + .png)): null

2019-01-09 12:48:21 - [TEST_STEP][PASSED] - Statement - counter = counter + 1: null

2019-01-09 12:48:21 - [TEST_STEP][PASSED] - Statement - PreSaveFile = new java.io.File(((pathPrefix + java.lang.Integer.toString(counter)) + .png)): null

2019-01-09 12:48:21 - [TEST_STEP][PASSED] - Statement - counter = counter + 1: null

2019-01-09 12:48:21 - [TEST_STEP][PASSED] - Statement - PreSaveFile = new java.io.File(((pathPrefix + java.lang.Integer.toString(counter)) + .png)): null

2019-01-09 12:48:21 - [TEST_STEP][PASSED] - Statement - finalPath = pathPrefix + java.lang.Integer.toString(counter) + ".png": null

2019-01-09 12:48:21 - [TEST_STEP][PASSED] - Statement - SaveFile = new java.io.File(finalPath): null

2019-01-09 12:48:21 - [TEST_STEP][PASSED] - Statement - Try: null

2019-01-09 12:48:21 - [TEST_STEP][PASSED] - Statement - org.apache.commons.io.FileUtils.copyFile(scrFile, SaveFile): null

2019-01-09 12:48:21 - [TEST_STEP][PASSED] - Statement - out.println("file kept"): null

2019-01-09 12:48:21 - [TEST_STEP][PASSED] - delay: Delayed 10 second(s)

2019-01-09 12:48:31 - [MESSAGE][PASSED] - Delayed 10 second(s)

2019-01-09 12:48:31 - [MESSAGE][PASSED] - Call Test Case 'Test Cases/Final Aug 2018 - PKS Automation/Registration Module/New Registration/Submit and Screenshot/Submit Registration and Screenshot' successfully

2019-01-09 12:48:31 - [TEST_STEP][PASSED] - callTestCase: Call Test Case 'Test Cases/Final Aug 2018 - PKS Automation/Registration Module/Log Out/log out avoiding katalon tagging' successfully

2019-01-09 12:48:32 - [TEST_CASE][PASSED] - Test Cases/Final Aug 2018 - PKS Automation/Registration Module/Log Out/log out avoiding katalon tagging: Test Cases/Final Aug 2018 - PKS Automation/Registration Module/Log Out/log out avoiding katalon tagging

2019-01-09 12:48:32 - [TEST_STEP][PASSED] - navigateToUrl: Navigate to 'https://assist2-uat.perkeso.gov.my/c/portal/logout' successfully

2019-01-09 12:48:33 - [MESSAGE][PASSED] - Navigate to 'https://assist2-uat.perkeso.gov.my/c/portal/logout' successfully

2019-01-09 12:48:33 - [MESSAGE][PASSED] - Call Test Case 'Test Cases/Final Aug 2018 - PKS Automation/Registration Module/Log Out/log out avoiding katalon tagging' successfully

2019-01-09 12:48:33 - [TEST_STEP][PASSED] - callTestCase: Call Test Case 'Test Cases/Final Aug 2018 - PKS Automation/Common/Workflow Owner Finder' successfully

2019-01-09 12:48:33 - [TEST_CASE][PASSED] - Test Cases/Final Aug 2018 - PKS Automation/Common/Workflow Owner Finder: Test Cases/Final Aug 2018 - PKS Automation/Common/Workflow Owner Finder

2019-01-09 12:48:33 - [TEST_STEP][PASSED] - openBrowser: Browser is opened with url: ''

2019-01-09 12:48:33 - [MESSAGE][WARNING] - A browser is already opened. Closing browser and opening a new one

2019-01-09 12:48:36 - [MESSAGE][PASSED] - Browser is opened with url: ''

2019-01-09 12:48:36 - [TEST_STEP][PASSED] - navigateToUrl: Navigate to 'https://assist2-uat.perkeso.gov.my/login' successfully

2019-01-09 12:48:37 - [MESSAGE][PASSED] - Navigate to 'https://assist2-uat.perkeso.gov.my/login' successfully

2019-01-09 12:48:37 - [TEST_STEP][PASSED] - delay: Delayed 5 second(s)

2019-01-09 12:48:42 - [MESSAGE][PASSED] - Delayed 5 second(s)

2019-01-09 12:48:42 - [TEST_STEP][PASSED] - setText: Text 'test@liferay.com' is set on object 'Object Repository/Final Object Repo/Login Page/Internal User/Email Address'

2019-01-09 12:48:42 - [MESSAGE][PASSED] - Text 'test@liferay.com' is set on object 'Object Repository/Final Object Repo/Login Page/Internal User/Email Address'

2019-01-09 12:48:42 - [TEST_STEP][PASSED] - click: Object: 'Object Repository/Final Object Repo/Login Page/Internal User/Next Button' is clicked on

2019-01-09 12:48:42 - [MESSAGE][PASSED] - Object: 'Object Repository/Final Object Repo/Login Page/Internal User/Next Button' is clicked on

2019-01-09 12:48:42 - [TEST_STEP][PASSED] - delay: Delayed 2 second(s)

2019-01-09 12:48:44 - [MESSAGE][PASSED] - Delayed 2 second(s)

2019-01-09 12:48:44 - [TEST_STEP][PASSED] - setText: Text 'test' is set on object 'Object Repository/Final Object Repo/Login Page/Internal User/Password'

2019-01-09 12:48:44 - [MESSAGE][PASSED] - Text 'test' is set on object 'Object Repository/Final Object Repo/Login Page/Internal User/Password'

2019-01-09 12:48:44 - [TEST_STEP][PASSED] - delay: Delayed 2 second(s)

2019-01-09 12:48:46 - [MESSAGE][PASSED] - Delayed 2 second(s)

2019-01-09 12:48:46 - [TEST_STEP][PASSED] - click: Object: 'Object Repository/Final Object Repo/Login Page/Internal User/Login Button' is clicked on

2019-01-09 12:48:47 - [MESSAGE][PASSED] - Object: 'Object Repository/Final Object Repo/Login Page/Internal User/Login Button' is clicked on

2019-01-09 12:48:47 - [TEST_STEP][PASSED] - Statement - tester = com.kms.katalon.core.testobject.ObjectRepository.findTestObject(Final Object Repo/Landing Page/Select to English): Finding Test Object with id 'Object Repository/Final Object Repo/Landing Page/Select to English'

2019-01-09 12:48:47 - [TEST_STEP][PASSED] - Statement - Try: Delayed 2 second(s)

2019-01-09 12:48:47 - [TEST_STEP][PASSED] - Statement - Checker = com.kms.katalon.core.webui.keyword.WebUiBuiltInKeywords.verifyElementNotPresent(tester, 3): Web element with id: 'Object Repository/Final Object Repo/Landing Page/Select to English' located by 'By.xpath: //a[@class = 'taglib-language-list-text' and @lang = 'en-US' and (contains(text(), 'EN') or contains(., 'EN'))]' is not present after '3' second(s)

2019-01-09 12:48:48 - [MESSAGE][PASSED] - Web element with id: 'Object Repository/Final Object Repo/Landing Page/Select to English' located by 'By.xpath: //a[@class = 'taglib-language-list-text' and @lang = 'en-US' and (contains(text(), 'EN') or contains(., 'EN'))]' is not present after '3' second(s)

2019-01-09 12:48:48 - [TEST_STEP][PASSED] - Statement - If (Checker == false): null

2019-01-09 12:48:48 - [TEST_STEP][PASSED] - delay: Delayed 2 second(s)

2019-01-09 12:48:50 - [MESSAGE][PASSED] - Delayed 2 second(s)

2019-01-09 12:48:50 - [TEST_STEP][PASSED] - delay: Delayed 5 second(s)

2019-01-09 12:48:55 - [MESSAGE][PASSED] - Delayed 5 second(s)

2019-01-09 12:48:55 - [TEST_STEP][PASSED] - mouseOver: Object: 'Object Repository/Final Object Repo/Landing Page/WorkFlow Menu' is hovered

2019-01-09 12:48:56 - [MESSAGE][PASSED] - Object: 'Object Repository/Final Object Repo/Landing Page/WorkFlow Menu' is hovered

2019-01-09 12:48:56 - [TEST_STEP][PASSED] - delay: Delayed 2 second(s)

2019-01-09 12:48:58 - [MESSAGE][PASSED] - Delayed 2 second(s)

2019-01-09 12:48:58 - [TEST_STEP][PASSED] - click: Object: 'Object Repository/Final Object Repo/Landing Page/Select to Workflow Listing' is clicked on

2019-01-09 12:48:59 - [MESSAGE][PASSED] - Object: 'Object Repository/Final Object Repo/Landing Page/Select to Workflow Listing' is clicked on

2019-01-09 12:48:59 - [TEST_STEP][PASSED] - delay: Delayed 2 second(s)

2019-01-09 12:49:01 - [MESSAGE][PASSED] - Delayed 2 second(s)

2019-01-09 12:49:01 - [TEST_STEP][PASSED] - click: Object: 'Object Repository/Final Object Repo/WorkFlow Listing Page/Search Information - To Put Ref No' is clicked on

2019-01-09 12:49:01 - [MESSAGE][PASSED] - Object: 'Object Repository/Final Object Repo/WorkFlow Listing Page/Search Information - To Put Ref No' is clicked on

2019-01-09 12:49:01 - [TEST_STEP][PASSED] - delay: Delayed 2 second(s)

2019-01-09 12:49:03 - [MESSAGE][PASSED] - Delayed 2 second(s)

2019-01-09 12:49:03 - [TEST_STEP][PASSED] - callTestCase: Call Test Case 'Test Cases/Final Aug 2018 - PKS Automation/Common/Reference Number Getter' successfully

2019-01-09 12:49:03 - [TEST_CASE][PASSED] - Test Cases/Final Aug 2018 - PKS Automation/Common/Reference Number Getter: Test Cases/Final Aug 2018 - PKS Automation/Common/Reference Number Getter

2019-01-09 12:49:03 - [TEST_STEP][PASSED] - Statement - Try: null

2019-01-09 12:49:03 - [TEST_STEP][PASSED] - Statement - RefNo = new java.io.File(C://Users//Admin//Desktop//PKS//Automation Reference Point//KatalonReference.txt): null

2019-01-09 12:49:03 - [TEST_STEP][PASSED] - Statement - bufferread = new java.io.BufferedReader(new java.io.FileReader(RefNo)): null

2019-01-09 12:49:03 - [TEST_STEP][PASSED] - Statement - readedVal = bufferread.readLine(): null

2019-01-09 12:49:03 - [TEST_STEP][PASSED] - Statement - out.println(CaseReferenceNo): null

2019-01-09 12:49:03 - [TEST_STEP][PASSED] - Statement - out.println(readedVal): null

2019-01-09 12:49:03 - [TEST_STEP][PASSED] - Statement - CaseReferenceNo = "": null

2019-01-09 12:49:03 - [TEST_STEP][PASSED] - Statement - CaseReferenceNo = readedVal: null

2019-01-09 12:49:03 - [MESSAGE][PASSED] - Call Test Case 'Test Cases/Final Aug 2018 - PKS Automation/Common/Reference Number Getter' successfully

2019-01-09 12:49:03 - [TEST_STEP][PASSED] - setText: Text 'CRN01201900123682' is set on object 'Object Repository/Final Object Repo/WorkFlow Listing Page/Ref No Set Text'

2019-01-09 12:49:04 - [MESSAGE][PASSED] - Text 'CRN01201900123682' is set on object 'Object Repository/Final Object Repo/WorkFlow Listing Page/Ref No Set Text'

2019-01-09 12:49:04 - [TEST_STEP][PASSED] - delay: Delayed 2 second(s)

2019-01-09 12:49:06 - [MESSAGE][PASSED] - Delayed 2 second(s)

2019-01-09 12:49:06 - [TEST_STEP][PASSED] - click: Object: 'Object Repository/Final Object Repo/WorkFlow Listing Page/Search Ref No Search Button' is clicked on

2019-01-09 12:49:06 - [MESSAGE][PASSED] - Object: 'Object Repository/Final Object Repo/WorkFlow Listing Page/Search Ref No Search Button' is clicked on

2019-01-09 12:49:06 - [TEST_STEP][PASSED] - delay: Delayed 6 second(s)

2019-01-09 12:49:12 - [MESSAGE][PASSED] - Delayed 6 second(s)

2019-01-09 12:49:12 - [TEST_STEP][PASSED] - click: Object: 'Object Repository/Final Object Repo/WorkFlow Listing Page/Click Continue Tooltip' is clicked on

2019-01-09 12:49:13 - [MESSAGE][PASSED] - Object: 'Object Repository/Final Object Repo/WorkFlow Listing Page/Click Continue Tooltip' is clicked on

2019-01-09 12:49:13 - [TEST_STEP][PASSED] - delay: Delayed 5 second(s)

2019-01-09 12:49:18 - [MESSAGE][PASSED] - Delayed 5 second(s)

2019-01-09 12:49:18 - [TEST_STEP][PASSED] - doubleClick: Object: 'Object Repository/Final Object Repo/WorkFlow Listing Page/Workflow Found - Listing 1' is double clicked on

2019-01-09 12:49:18 - [MESSAGE][PASSED] - Object: 'Object Repository/Final Object Repo/WorkFlow Listing Page/Workflow Found - Listing 1' is double clicked on

2019-01-09 12:49:18 - [TEST_STEP][PASSED] - Statement - println(OwnerID): null

2019-01-09 12:49:18 - [TEST_STEP][PASSED] - Statement - OwnerID = com.kms.katalon.core.webui.keyword.WebUiBuiltInKeywords.getText(com.kms.katalon.core.testobject.ObjectRepository.findTestObject(Final Object Repo/WorkFlow Listing Page/Workflow Found - Listing 1), STOP_ON_FAILURE): Text of object 'Object Repository/Final Object Repo/WorkFlow Listing Page/Workflow Found - Listing 1' is: 'KLpkrbo1'

2019-01-09 12:49:18 - [MESSAGE][PASSED] - Text of object 'Object Repository/Final Object Repo/WorkFlow Listing Page/Workflow Found - Listing 1' is: 'KLpkrbo1'

2019-01-09 12:49:18 - [TEST_STEP][PASSED] - Statement - OwnerID = OwnerID.toLowerCase() + "@gmail.com": null

2019-01-09 12:49:18 - [TEST_STEP][PASSED] - Statement - println(OwnerID): null

2019-01-09 12:49:18 - [TEST_STEP][PASSED] - delay: Delayed 2 second(s)

2019-01-09 12:49:20 - [MESSAGE][PASSED] - Delayed 2 second(s)

2019-01-09 12:49:20 - [MESSAGE][PASSED] - Call Test Case 'Test Cases/Final Aug 2018 - PKS Automation/Common/Workflow Owner Finder' successfully

2019-01-09 12:49:20 - [TEST_STEP][PASSED] - callTestCase: Call Test Case 'Test Cases/Final Aug 2018 - PKS Automation/Registration Module/Log Out/log out avoiding katalon tagging' successfully

2019-01-09 12:49:20 - [TEST_CASE][PASSED] - Test Cases/Final Aug 2018 - PKS Automation/Registration Module/Log Out/log out avoiding katalon tagging: Test Cases/Final Aug 2018 - PKS Automation/Registration Module/Log Out/log out avoiding katalon tagging

2019-01-09 12:49:20 - [TEST_STEP][PASSED] - navigateToUrl: Navigate to 'https://assist2-uat.perkeso.gov.my/c/portal/logout' successfully

2019-01-09 12:49:21 - [MESSAGE][PASSED] - Navigate to 'https://assist2-uat.perkeso.gov.my/c/portal/logout' successfully

2019-01-09 12:49:21 - [MESSAGE][PASSED] - Call Test Case 'Test Cases/Final Aug 2018 - PKS Automation/Registration Module/Log Out/log out avoiding katalon tagging' successfully

2019-01-09 12:49:21 - [TEST_STEP][PASSED] - delay: Delayed 2 second(s)

2019-01-09 12:49:23 - [MESSAGE][PASSED] - Delayed 2 second(s)

2019-01-09 12:49:23 - [TEST_STEP][PASSED] - setText: Text 'klpkrbo1@gmail.com' is set on object 'Object Repository/Final Object Repo/New Registration - Registration Module Pages/New Reg - OTC to RO/Special Case - All Related Objects/Email TextBox'

2019-01-09 12:49:23 - [MESSAGE][PASSED] - Text 'klpkrbo1@gmail.com' is set on object 'Object Repository/Final Object Repo/New Registration - Registration Module Pages/New Reg - OTC to RO/Special Case - All Related Objects/Email TextBox'

2019-01-09 12:49:23 - [TEST_STEP][PASSED] - click: Object: 'Object Repository/Final Object Repo/New Registration - Registration Module Pages/New Reg - OTC to RO/Special Case - All Related Objects/Next Button' is clicked on

2019-01-09 12:49:24 - [MESSAGE][PASSED] - Object: 'Object Repository/Final Object Repo/New Registration - Registration Module Pages/New Reg - OTC to RO/Special Case - All Related Objects/Next Button' is clicked on

2019-01-09 12:49:24 - [TEST_STEP][PASSED] - delay: Delayed 2 second(s)

2019-01-09 12:49:26 - [MESSAGE][PASSED] - Delayed 2 second(s)

2019-01-09 12:49:26 - [TEST_STEP][PASSED] - setText: Text 'Test1@3456789' is set on object 'Object Repository/Final Object Repo/New Registration - Registration Module Pages/New Reg - OTC to RO/Special Case - All Related Objects/Password TextBox'

2019-01-09 12:49:26 - [MESSAGE][PASSED] - Text 'Test1@3456789' is set on object 'Object Repository/Final Object Repo/New Registration - Registration Module Pages/New Reg - OTC to RO/Special Case - All Related Objects/Password TextBox'

2019-01-09 12:49:26 - [TEST_STEP][PASSED] - delay: Delayed 2 second(s)

2019-01-09 12:49:28 - [MESSAGE][PASSED] - Delayed 2 second(s)

2019-01-09 12:49:28 - [TEST_STEP][PASSED] - click: Object: 'Object Repository/Final Object Repo/New Registration - Registration Module Pages/New Reg - OTC to RO/Special Case - All Related Objects/Login Button' is clicked on

2019-01-09 12:49:28 - [MESSAGE][PASSED] - Object: 'Object Repository/Final Object Repo/New Registration - Registration Module Pages/New Reg - OTC to RO/Special Case - All Related Objects/Login Button' is clicked on

2019-01-09 12:49:28 - [TEST_STEP][PASSED] - delay: Delayed 2 second(s)

2019-01-09 12:49:30 - [MESSAGE][PASSED] - Delayed 2 second(s)

2019-01-09 12:49:30 - [TEST_STEP][PASSED] - Statement - Try: null

2019-01-09 12:49:30 - [TEST_STEP][PASSED] - Statement - Checker = com.kms.katalon.core.webui.keyword.WebUiBuiltInKeywords.verifyElementNotPresent("Final Object Repo/Landing Page/Select to English", 3): null

2019-01-09 12:49:30 - [TEST_STEP][PASSED] - Statement - Catch (Exception e): null

2019-01-09 12:49:30 - [TEST_STEP][PASSED] - Statement - e.printStackTrace(): null

2019-01-09 12:49:30 - [TEST_STEP][PASSED] - click: Object: 'Object Repository/Final Object Repo/New Registration - Registration Module Pages/New Reg - OTC to RO/Special Case - All Related Objects/Expand to Search' is clicked on

2019-01-09 12:49:30 - [MESSAGE][PASSED] - Object: 'Object Repository/Final Object Repo/New Registration - Registration Module Pages/New Reg - OTC to RO/Special Case - All Related Objects/Expand to Search' is clicked on

2019-01-09 12:49:30 - [TEST_STEP][PASSED] - delay: Delayed 2 second(s)

2019-01-09 12:49:32 - [MESSAGE][PASSED] - Delayed 2 second(s)

2019-01-09 12:49:32 - [TEST_STEP][PASSED] - setText: Text 'CRN01201900123682' is set on object 'Object Repository/Final Object Repo/New Registration - Registration Module Pages/New Reg - OTC to RO/Special Case - All Related Objects/TextBox RefNo in Workbasket'

2019-01-09 12:49:32 - [MESSAGE][PASSED] - Text 'CRN01201900123682' is set on object 'Object Repository/Final Object Repo/New Registration - Registration Module Pages/New Reg - OTC to RO/Special Case - All Related Objects/TextBox RefNo in Workbasket'

2019-01-09 12:49:32 - [TEST_STEP][PASSED] - delay: Delayed 2 second(s)

2019-01-09 12:49:34 - [MESSAGE][PASSED] - Delayed 2 second(s)

2019-01-09 12:49:34 - [TEST_STEP][PASSED] - click: Object: 'Object Repository/Final Object Repo/New Registration - Registration Module Pages/New Reg - OTC to RO/Special Case - All Related Objects/Click Search' is clicked on

2019-01-09 12:49:35 - [MESSAGE][PASSED] - Object: 'Object Repository/Final Object Repo/New Registration - Registration Module Pages/New Reg - OTC to RO/Special Case - All Related Objects/Click Search' is clicked on

2019-01-09 12:49:35 - [TEST_STEP][PASSED] - delay: Delayed 2 second(s)

2019-01-09 12:49:37 - [MESSAGE][PASSED] - Delayed 2 second(s)

2019-01-09 12:49:37 - [TEST_STEP][PASSED] - click: Object: 'Object Repository/Final Object Repo/New Registration - Registration Module Pages/New Reg - OTC to RO/Special Case - All Related Objects/Click to Continue Workflow' is clicked on

2019-01-09 12:49:39 - [MESSAGE][PASSED] - Object: 'Object Repository/Final Object Repo/New Registration - Registration Module Pages/New Reg - OTC to RO/Special Case - All Related Objects/Click to Continue Workflow' is clicked on

2019-01-09 12:49:39 - [TEST_STEP][PASSED] - delay: Delayed 2 second(s)

2019-01-09 12:49:41 - [MESSAGE][PASSED] - Delayed 2 second(s)

2019-01-09 12:49:41 - [TEST_STEP][PASSED] - click: Object: 'Object Repository/Final Object Repo/New Registration - Registration Module Pages/New Reg - OTC to RO/Special Case - All Related Objects/Form 1 Save n Continue' is clicked on

2019-01-09 12:49:41 - [MESSAGE][PASSED] - Object: 'Object Repository/Final Object Repo/New Registration - Registration Module Pages/New Reg - OTC to RO/Special Case - All Related Objects/Form 1 Save n Continue' is clicked on

2019-01-09 12:49:41 - [TEST_STEP][PASSED] - delay: Delayed 5 second(s)

2019-01-09 12:49:46 - [MESSAGE][PASSED] - Delayed 5 second(s)

2019-01-09 12:49:46 - [TEST_STEP][PASSED] - click: Object: 'Object Repository/Final Object Repo/New Registration - Registration Module Pages/New Reg - OTC to RO/Special Case - OTC - Form 1/Confirm No Flagging as Branch' is clicked on

2019-01-09 12:49:46 - [MESSAGE][PASSED] - Object: 'Object Repository/Final Object Repo/New Registration - Registration Module Pages/New Reg - OTC to RO/Special Case - OTC - Form 1/Confirm No Flagging as Branch' is clicked on

2019-01-09 12:49:46 - [TEST_STEP][PASSED] - delay: Delayed 2 second(s)

2019-01-09 12:49:48 - [MESSAGE][PASSED] - Delayed 2 second(s)

2019-01-09 12:49:48 - [TEST_STEP][PASSED] - click: Object: 'Object Repository/Final Object Repo/New Registration - Registration Module Pages/New Reg - OTC to RO/Special Case - All Related Objects/Form 2 Save n Continue' is clicked on

2019-01-09 12:49:48 - [MESSAGE][PASSED] - Object: 'Object Repository/Final Object Repo/New Registration - Registration Module Pages/New Reg - OTC to RO/Special Case - All Related Objects/Form 2 Save n Continue' is clicked on

2019-01-09 12:49:48 - [TEST_STEP][PASSED] - delay: Delayed 2 second(s)

2019-01-09 12:49:50 - [MESSAGE][PASSED] - Delayed 2 second(s)

2019-01-09 12:49:50 - [TEST_STEP][PASSED] - click: Object: 'Object Repository/Final Object Repo/New Registration - Registration Module Pages/New Reg - OTC to RO/Special Case - All Related Objects/Third Screen Save n Continue' is clicked on

2019-01-09 12:49:56 - [MESSAGE][PASSED] - Object: 'Object Repository/Final Object Repo/New Registration - Registration Module Pages/New Reg - OTC to RO/Special Case - All Related Objects/Third Screen Save n Continue' is clicked on

2019-01-09 12:49:56 - [TEST_STEP][PASSED] - delay: Delayed 5 second(s)

2019-01-09 12:50:01 - [MESSAGE][PASSED] - Delayed 5 second(s)

2019-01-09 12:50:01 - [TEST_STEP][PASSED] - click: Object: 'Object Repository/Final Object Repo/New Registration - Registration Module Pages/New Reg - OTC to RO/Special Case - All Related Objects/Upload Doc Page Save n Continue' is clicked on

2019-01-09 12:50:01 - [MESSAGE][PASSED] - Object: 'Object Repository/Final Object Repo/New Registration - Registration Module Pages/New Reg - OTC to RO/Special Case - All Related Objects/Upload Doc Page Save n Continue' is clicked on

2019-01-09 12:50:01 - [TEST_STEP][PASSED] - callTestCase: Call Test Case 'Test Cases/Final Aug 2018 - PKS Automation/Registration Module/New Registration/Submit and Screenshot/Submit Registration and Screenshot' successfully

2019-01-09 12:50:01 - [TEST_CASE][PASSED] - Test Cases/Final Aug 2018 - PKS Automation/Registration Module/New Registration/Submit and Screenshot/Submit Registration and Screenshot: Test Cases/Final Aug 2018 - PKS Automation/Registration Module/New Registration/Submit and Screenshot/Submit Registration and Screenshot

2019-01-09 12:50:01 - [TEST_STEP][PASSED] - delay: Delayed 6 second(s)

2019-01-09 12:50:07 - [MESSAGE][PASSED] - Delayed 6 second(s)

2019-01-09 12:50:07 - [TEST_STEP][PASSED] - click: Object: 'Object Repository/Final Object Repo/New Registration - Registration Module Pages/Third Screen - Upload Supporting Doc- Preview/Preview Submit Button' is clicked on

2019-01-09 12:50:07 - [MESSAGE][PASSED] - Object: 'Object Repository/Final Object Repo/New Registration - Registration Module Pages/Third Screen - Upload Supporting Doc- Preview/Preview Submit Button' is clicked on

2019-01-09 12:50:07 - [TEST_STEP][PASSED] - delay: Delayed 2 second(s)

2019-01-09 12:50:09 - [MESSAGE][PASSED] - Delayed 2 second(s)

2019-01-09 12:50:09 - [TEST_STEP][PASSED] - click: Object: 'Object Repository/Final Object Repo/New Registration - Registration Module Pages/Third Screen - Upload Supporting Doc- Preview/Preview Submit - Confirm' is clicked on

2019-01-09 12:50:09 - [MESSAGE][PASSED] - Object: 'Object Repository/Final Object Repo/New Registration - Registration Module Pages/Third Screen - Upload Supporting Doc- Preview/Preview Submit - Confirm' is clicked on

2019-01-09 12:50:09 - [TEST_STEP][PASSED] - delay: Delayed 15 second(s)

2019-01-09 12:50:24 - [MESSAGE][PASSED] - Delayed 15 second(s)

2019-01-09 12:50:24 - [TEST_STEP][PASSED] - Statement - driver = com.kms.katalon.core.webui.driver.DriverFactory.getWebDriver(): null

2019-01-09 12:50:24 - [TEST_STEP][PASSED] - Statement - driver.manage().timeouts().implicitlyWait(10, SECONDS): null

2019-01-09 12:50:24 - [TEST_STEP][PASSED] - Statement - PresavePath = KatalonScreenshots: null

2019-01-09 12:50:24 - [TEST_STEP][PASSED] - Statement - pathPrefix = "C:\Users\Public\Pictures\Sample Pictures\Katalon Screenshots\Automate Ending Screen": null

2019-01-09 12:50:24 - [TEST_STEP][PASSED] - Statement - finalPath = <not implemented yet for class: org.codehaus.groovy.ast.expr.EmptyExpression>: null

2019-01-09 12:50:24 - [TEST_STEP][PASSED] - Statement - scrFile = driver.getScreenshotAs(FILE): null

2019-01-09 12:50:25 - [TEST_STEP][PASSED] - Statement - PreSaveFile = new java.io.File(PresavePath): null

2019-01-09 12:50:25 - [TEST_STEP][PASSED] - Statement - counter = 0: null

2019-01-09 12:50:25 - [TEST_STEP][PASSED] - Statement - If (PreSaveFile.exists()): null

2019-01-09 12:50:25 - [TEST_STEP][PASSED] - Statement - While (PreSaveFile.exists()): null

2019-01-09 12:50:25 - [TEST_STEP][PASSED] - Statement - counter = counter + 1: null

2019-01-09 12:50:25 - [TEST_STEP][PASSED] - Statement - PreSaveFile = new java.io.File(((pathPrefix + java.lang.Integer.toString(counter)) + .png)): null

2019-01-09 12:50:25 - [TEST_STEP][PASSED] - Statement - counter = counter + 1: null

2019-01-09 12:50:25 - [TEST_STEP][PASSED] - Statement - PreSaveFile = new java.io.File(((pathPrefix + java.lang.Integer.toString(counter)) + .png)): null

2019-01-09 12:50:25 - [TEST_STEP][PASSED] - Statement - counter = counter + 1: null

2019-01-09 12:50:25 - [TEST_STEP][PASSED] - Statement - PreSaveFile = new java.io.File(((pathPrefix + java.lang.Integer.toString(counter)) + .png)): null

2019-01-09 12:50:25 - [TEST_STEP][PASSED] - Statement - counter = counter + 1: null

2019-01-09 12:50:25 - [TEST_STEP][PASSED] - Statement - PreSaveFile = new java.io.File(((pathPrefix + java.lang.Integer.toString(counter)) + .png)): null

2019-01-09 12:50:25 - [TEST_STEP][PASSED] - Statement - counter = counter + 1: null

2019-01-09 12:50:25 - [TEST_STEP][PASSED] - Statement - PreSaveFile = new java.io.File(((pathPrefix + java.lang.Integer.toString(counter)) + .png)): null

2019-01-09 12:50:25 - [TEST_STEP][PASSED] - Statement - counter = counter + 1: null

2019-01-09 12:50:25 - [TEST_STEP][PASSED] - Statement - PreSaveFile = new java.io.File(((pathPrefix + java.lang.Integer.toString(counter)) + .png)): null

2019-01-09 12:50:25 - [TEST_STEP][PASSED] - Statement - counter = counter + 1: null

2019-01-09 12:50:25 - [TEST_STEP][PASSED] - Statement - PreSaveFile = new java.io.File(((pathPrefix + java.lang.Integer.toString(counter)) + .png)): null

2019-01-09 12:50:25 - [TEST_STEP][PASSED] - Statement - counter = counter + 1: null

2019-01-09 12:50:25 - [TEST_STEP][PASSED] - Statement - PreSaveFile = new java.io.File(((pathPrefix + java.lang.Integer.toString(counter)) + .png)): null

2019-01-09 12:50:25 - [TEST_STEP][PASSED] - Statement - counter = counter + 1: null

2019-01-09 12:50:25 - [TEST_STEP][PASSED] - Statement - PreSaveFile = new java.io.File(((pathPrefix + java.lang.Integer.toString(counter)) + .png)): null

2019-01-09 12:50:25 - [TEST_STEP][PASSED] - Statement - counter = counter + 1: null

2019-01-09 12:50:25 - [TEST_STEP][PASSED] - Statement - PreSaveFile = new java.io.File(((pathPrefix + java.lang.Integer.toString(counter)) + .png)): null

2019-01-09 12:50:25 - [TEST_STEP][PASSED] - Statement - counter = counter + 1: null

2019-01-09 12:50:25 - [TEST_STEP][PASSED] - Statement - PreSaveFile = new java.io.File(((pathPrefix + java.lang.Integer.toString(counter)) + .png)): null

2019-01-09 12:50:25 - [TEST_STEP][PASSED] - Statement - counter = counter + 1: null

2019-01-09 12:50:25 - [TEST_STEP][PASSED] - Statement - PreSaveFile = new java.io.File(((pathPrefix + java.lang.Integer.toString(counter)) + .png)): null

2019-01-09 12:50:25 - [TEST_STEP][PASSED] - Statement - counter = counter + 1: null

2019-01-09 12:50:25 - [TEST_STEP][PASSED] - Statement - PreSaveFile = new java.io.File(((pathPrefix + java.lang.Integer.toString(counter)) + .png)): null

2019-01-09 12:50:25 - [TEST_STEP][PASSED] - Statement - counter = counter + 1: null

2019-01-09 12:50:25 - [TEST_STEP][PASSED] - Statement - PreSaveFile = new java.io.File(((pathPrefix + java.lang.Integer.toString(counter)) + .png)): null

2019-01-09 12:50:25 - [TEST_STEP][PASSED] - Statement - counter = counter + 1: null

2019-01-09 12:50:25 - [TEST_STEP][PASSED] - Statement - PreSaveFile = new java.io.File(((pathPrefix + java.lang.Integer.toString(counter)) + .png)): null

2019-01-09 12:50:25 - [TEST_STEP][PASSED] - Statement - counter = counter + 1: null

2019-01-09 12:50:25 - [TEST_STEP][PASSED] - Statement - PreSaveFile = new java.io.File(((pathPrefix + java.lang.Integer.toString(counter)) + .png)): null

2019-01-09 12:50:25 - [TEST_STEP][PASSED] - Statement - counter = counter + 1: null

2019-01-09 12:50:25 - [TEST_STEP][PASSED] - Statement - PreSaveFile = new java.io.File(((pathPrefix + java.lang.Integer.toString(counter)) + .png)): null

2019-01-09 12:50:25 - [TEST_STEP][PASSED] - Statement - counter = counter + 1: null

2019-01-09 12:50:25 - [TEST_STEP][PASSED] - Statement - PreSaveFile = new java.io.File(((pathPrefix + java.lang.Integer.toString(counter)) + .png)): null

2019-01-09 12:50:25 - [TEST_STEP][PASSED] - Statement - counter = counter + 1: null

2019-01-09 12:50:25 - [TEST_STEP][PASSED] - Statement - PreSaveFile = new java.io.File(((pathPrefix + java.lang.Integer.toString(counter)) + .png)): null

2019-01-09 12:50:25 - [TEST_STEP][PASSED] - Statement - counter = counter + 1: null

2019-01-09 12:50:25 - [TEST_STEP][PASSED] - Statement - PreSaveFile = new java.io.File(((pathPrefix + java.lang.Integer.toString(counter)) + .png)): null

2019-01-09 12:50:25 - [TEST_STEP][PASSED] - Statement - counter = counter + 1: null

2019-01-09 12:50:26 - [TEST_STEP][PASSED] - Statement - PreSaveFile = new java.io.File(((pathPrefix + java.lang.Integer.toString(counter)) + .png)): null

2019-01-09 12:50:26 - [TEST_STEP][PASSED] - Statement - counter = counter + 1: null

2019-01-09 12:50:26 - [TEST_STEP][PASSED] - Statement - PreSaveFile = new java.io.File(((pathPrefix + java.lang.Integer.toString(counter)) + .png)): null

2019-01-09 12:50:26 - [TEST_STEP][PASSED] - Statement - counter = counter + 1: null

2019-01-09 12:50:26 - [TEST_STEP][PASSED] - Statement - PreSaveFile = new java.io.File(((pathPrefix + java.lang.Integer.toString(counter)) + .png)): null

2019-01-09 12:50:26 - [TEST_STEP][PASSED] - Statement - counter = counter + 1: null

2019-01-09 12:50:26 - [TEST_STEP][PASSED] - Statement - PreSaveFile = new java.io.File(((pathPrefix + java.lang.Integer.toString(counter)) + .png)): null

2019-01-09 12:50:26 - [TEST_STEP][PASSED] - Statement - counter = counter + 1: null

2019-01-09 12:50:26 - [TEST_STEP][PASSED] - Statement - PreSaveFile = new java.io.File(((pathPrefix + java.lang.Integer.toString(counter)) + .png)): null

2019-01-09 12:50:26 - [TEST_STEP][PASSED] - Statement - counter = counter + 1: null

2019-01-09 12:50:26 - [TEST_STEP][PASSED] - Statement - PreSaveFile = new java.io.File(((pathPrefix + java.lang.Integer.toString(counter)) + .png)): null

2019-01-09 12:50:26 - [TEST_STEP][PASSED] - Statement - counter = counter + 1: null

2019-01-09 12:50:26 - [TEST_STEP][PASSED] - Statement - PreSaveFile = new java.io.File(((pathPrefix + java.lang.Integer.toString(counter)) + .png)): null

2019-01-09 12:50:26 - [TEST_STEP][PASSED] - Statement - counter = counter + 1: null

2019-01-09 12:50:26 - [TEST_STEP][PASSED] - Statement - PreSaveFile = new java.io.File(((pathPrefix + java.lang.Integer.toString(counter)) + .png)): null

2019-01-09 12:50:26 - [TEST_STEP][PASSED] - Statement - counter = counter + 1: null

2019-01-09 12:50:26 - [TEST_STEP][PASSED] - Statement - PreSaveFile = new java.io.File(((pathPrefix + java.lang.Integer.toString(counter)) + .png)): null

2019-01-09 12:50:26 - [TEST_STEP][PASSED] - Statement - counter = counter + 1: null

2019-01-09 12:50:26 - [TEST_STEP][PASSED] - Statement - PreSaveFile = new java.io.File(((pathPrefix + java.lang.Integer.toString(counter)) + .png)): null

2019-01-09 12:50:26 - [TEST_STEP][PASSED] - Statement - counter = counter + 1: null

2019-01-09 12:50:26 - [TEST_STEP][PASSED] - Statement - PreSaveFile = new java.io.File(((pathPrefix + java.lang.Integer.toString(counter)) + .png)): null

2019-01-09 12:50:26 - [TEST_STEP][PASSED] - Statement - counter = counter + 1: null

2019-01-09 12:50:26 - [TEST_STEP][PASSED] - Statement - PreSaveFile = new java.io.File(((pathPrefix + java.lang.Integer.toString(counter)) + .png)): null

2019-01-09 12:50:26 - [TEST_STEP][PASSED] - Statement - counter = counter + 1: null

2019-01-09 12:50:26 - [TEST_STEP][PASSED] - Statement - PreSaveFile = new java.io.File(((pathPrefix + java.lang.Integer.toString(counter)) + .png)): null

2019-01-09 12:50:26 - [TEST_STEP][PASSED] - Statement - counter = counter + 1: null

2019-01-09 12:50:26 - [TEST_STEP][PASSED] - Statement - PreSaveFile = new java.io.File(((pathPrefix + java.lang.Integer.toString(counter)) + .png)): null

2019-01-09 12:50:27 - [TEST_STEP][PASSED] - Statement - counter = counter + 1: null

2019-01-09 12:50:27 - [TEST_STEP][PASSED] - Statement - PreSaveFile = new java.io.File(((pathPrefix + java.lang.Integer.toString(counter)) + .png)): null

2019-01-09 12:50:27 - [TEST_STEP][PASSED] - Statement - counter = counter + 1: null

2019-01-09 12:50:27 - [TEST_STEP][PASSED] - Statement - PreSaveFile = new java.io.File(((pathPrefix + java.lang.Integer.toString(counter)) + .png)): null

2019-01-09 12:50:27 - [TEST_STEP][PASSED] - Statement - counter = counter + 1: null

2019-01-09 12:50:27 - [TEST_STEP][PASSED] - Statement - PreSaveFile = new java.io.File(((pathPrefix + java.lang.Integer.toString(counter)) + .png)): null

2019-01-09 12:50:27 - [TEST_STEP][PASSED] - Statement - counter = counter + 1: null

2019-01-09 12:50:27 - [TEST_STEP][PASSED] - Statement - PreSaveFile = new java.io.File(((pathPrefix + java.lang.Integer.toString(counter)) + .png)): null

2019-01-09 12:50:27 - [TEST_STEP][PASSED] - Statement - counter = counter + 1: null

2019-01-09 12:50:27 - [TEST_STEP][PASSED] - Statement - PreSaveFile = new java.io.File(((pathPrefix + java.lang.Integer.toString(counter)) + .png)): null

2019-01-09 12:50:27 - [TEST_STEP][PASSED] - Statement - counter = counter + 1: null

2019-01-09 12:50:27 - [TEST_STEP][PASSED] - Statement - PreSaveFile = new java.io.File(((pathPrefix + java.lang.Integer.toString(counter)) + .png)): null

2019-01-09 12:50:27 - [TEST_STEP][PASSED] - Statement - counter = counter + 1: null

2019-01-09 12:50:27 - [TEST_STEP][PASSED] - Statement - PreSaveFile = new java.io.File(((pathPrefix + java.lang.Integer.toString(counter)) + .png)): null

2019-01-09 12:50:27 - [TEST_STEP][PASSED] - Statement - counter = counter + 1: null

2019-01-09 12:50:27 - [TEST_STEP][PASSED] - Statement - PreSaveFile = new java.io.File(((pathPrefix + java.lang.Integer.toString(counter)) + .png)): null

2019-01-09 12:50:27 - [TEST_STEP][PASSED] - Statement - counter = counter + 1: null

2019-01-09 12:50:27 - [TEST_STEP][PASSED] - Statement - PreSaveFile = new java.io.File(((pathPrefix + java.lang.Integer.toString(counter)) + .png)): null

2019-01-09 12:50:27 - [TEST_STEP][PASSED] - Statement - counter = counter + 1: null

2019-01-09 12:50:28 - [TEST_STEP][PASSED] - Statement - PreSaveFile = new java.io.File(((pathPrefix + java.lang.Integer.toString(counter)) + .png)): null

2019-01-09 12:50:28 - [TEST_STEP][PASSED] - Statement - counter = counter + 1: null

2019-01-09 12:50:28 - [TEST_STEP][PASSED] - Statement - PreSaveFile = new java.io.File(((pathPrefix + java.lang.Integer.toString(counter)) + .png)): null

2019-01-09 12:50:28 - [TEST_STEP][PASSED] - Statement - counter = counter + 1: null

2019-01-09 12:50:28 - [TEST_STEP][PASSED] - Statement - PreSaveFile = new java.io.File(((pathPrefix + java.lang.Integer.toString(counter)) + .png)): null

2019-01-09 12:50:28 - [TEST_STEP][PASSED] - Statement - counter = counter + 1: null

2019-01-09 12:50:28 - [TEST_STEP][PASSED] - Statement - PreSaveFile = new java.io.File(((pathPrefix + java.lang.Integer.toString(counter)) + .png)): null

2019-01-09 12:50:28 - [TEST_STEP][PASSED] - Statement - counter = counter + 1: null

2019-01-09 12:50:28 - [TEST_STEP][PASSED] - Statement - PreSaveFile = new java.io.File(((pathPrefix + java.lang.Integer.toString(counter)) + .png)): null

2019-01-09 12:50:28 - [TEST_STEP][PASSED] - Statement - counter = counter + 1: null

2019-01-09 12:50:28 - [TEST_STEP][PASSED] - Statement - PreSaveFile = new java.io.File(((pathPrefix + java.lang.Integer.toString(counter)) + .png)): null

2019-01-09 12:50:28 - [TEST_STEP][PASSED] - Statement - counter = counter + 1: null

2019-01-09 12:50:28 - [TEST_STEP][PASSED] - Statement - PreSaveFile = new java.io.File(((pathPrefix + java.lang.Integer.toString(counter)) + .png)): null

2019-01-09 12:50:28 - [TEST_STEP][PASSED] - Statement - counter = counter + 1: null

2019-01-09 12:50:28 - [TEST_STEP][PASSED] - Statement - PreSaveFile = new java.io.File(((pathPrefix + java.lang.Integer.toString(counter)) + .png)): null

2019-01-09 12:50:28 - [TEST_STEP][PASSED] - Statement - counter = counter + 1: null

2019-01-09 12:50:28 - [TEST_STEP][PASSED] - Statement - PreSaveFile = new java.io.File(((pathPrefix + java.lang.Integer.toString(counter)) + .png)): null

2019-01-09 12:50:28 - [TEST_STEP][PASSED] - Statement - counter = counter + 1: null

2019-01-09 12:50:28 - [TEST_STEP][PASSED] - Statement - PreSaveFile = new java.io.File(((pathPrefix + java.lang.Integer.toString(counter)) + .png)): null

2019-01-09 12:50:28 - [TEST_STEP][PASSED] - Statement - counter = counter + 1: null

2019-01-09 12:50:29 - [TEST_STEP][PASSED] - Statement - PreSaveFile = new java.io.File(((pathPrefix + java.lang.Integer.toString(counter)) + .png)): null

2019-01-09 12:50:29 - [TEST_STEP][PASSED] - Statement - counter = counter + 1: null

2019-01-09 12:50:29 - [TEST_STEP][PASSED] - Statement - PreSaveFile = new java.io.File(((pathPrefix + java.lang.Integer.toString(counter)) + .png)): null

2019-01-09 12:50:29 - [TEST_STEP][PASSED] - Statement - counter = counter + 1: null

2019-01-09 12:50:29 - [TEST_STEP][PASSED] - Statement - PreSaveFile = new java.io.File(((pathPrefix + java.lang.Integer.toString(counter)) + .png)): null

2019-01-09 12:50:29 - [TEST_STEP][PASSED] - Statement - counter = counter + 1: null

2019-01-09 12:50:29 - [TEST_STEP][PASSED] - Statement - PreSaveFile = new java.io.File(((pathPrefix + java.lang.Integer.toString(counter)) + .png)): null

2019-01-09 12:50:29 - [TEST_STEP][PASSED] - Statement - counter = counter + 1: null

2019-01-09 12:50:29 - [TEST_STEP][PASSED] - Statement - PreSaveFile = new java.io.File(((pathPrefix + java.lang.Integer.toString(counter)) + .png)): null

2019-01-09 12:50:29 - [TEST_STEP][PASSED] - Statement - counter = counter + 1: null

2019-01-09 12:50:29 - [TEST_STEP][PASSED] - Statement - PreSaveFile = new java.io.File(((pathPrefix + java.lang.Integer.toString(counter)) + .png)): null

2019-01-09 12:50:29 - [TEST_STEP][PASSED] - Statement - counter = counter + 1: null

2019-01-09 12:50:29 - [TEST_STEP][PASSED] - Statement - PreSaveFile = new java.io.File(((pathPrefix + java.lang.Integer.toString(counter)) + .png)): null

2019-01-09 12:50:29 - [TEST_STEP][PASSED] - Statement - counter = counter + 1: null

2019-01-09 12:50:29 - [TEST_STEP][PASSED] - Statement - PreSaveFile = new java.io.File(((pathPrefix + java.lang.Integer.toString(counter)) + .png)): null

2019-01-09 12:50:29 - [TEST_STEP][PASSED] - Statement - counter = counter + 1: null

2019-01-09 12:50:29 - [TEST_STEP][PASSED] - Statement - PreSaveFile = new java.io.File(((pathPrefix + java.lang.Integer.toString(counter)) + .png)): null

2019-01-09 12:50:29 - [TEST_STEP][PASSED] - Statement - counter = counter + 1: null

2019-01-09 12:50:30 - [TEST_STEP][PASSED] - Statement - PreSaveFile = new java.io.File(((pathPrefix + java.lang.Integer.toString(counter)) + .png)): null

2019-01-09 12:50:30 - [TEST_STEP][PASSED] - Statement - counter = counter + 1: null

2019-01-09 12:50:30 - [TEST_STEP][PASSED] - Statement - PreSaveFile = new java.io.File(((pathPrefix + java.lang.Integer.toString(counter)) + .png)): null

2019-01-09 12:50:30 - [TEST_STEP][PASSED] - Statement - counter = counter + 1: null

2019-01-09 12:50:30 - [TEST_STEP][PASSED] - Statement - PreSaveFile = new java.io.File(((pathPrefix + java.lang.Integer.toString(counter)) + .png)): null

2019-01-09 12:50:30 - [TEST_STEP][PASSED] - Statement - counter = counter + 1: null

2019-01-09 12:50:30 - [TEST_STEP][PASSED] - Statement - PreSaveFile = new java.io.File(((pathPrefix + java.lang.Integer.toString(counter)) + .png)): null

2019-01-09 12:50:30 - [TEST_STEP][PASSED] - Statement - counter = counter + 1: null

2019-01-09 12:50:30 - [TEST_STEP][PASSED] - Statement - PreSaveFile = new java.io.File(((pathPrefix + java.lang.Integer.toString(counter)) + .png)): null

2019-01-09 12:50:30 - [TEST_STEP][PASSED] - Statement - counter = counter + 1: null

2019-01-09 12:50:30 - [TEST_STEP][PASSED] - Statement - PreSaveFile = new java.io.File(((pathPrefix + java.lang.Integer.toString(counter)) + .png)): null

2019-01-09 12:50:30 - [TEST_STEP][PASSED] - Statement - counter = counter + 1: null

2019-01-09 12:50:30 - [TEST_STEP][PASSED] - Statement - PreSaveFile = new java.io.File(((pathPrefix + java.lang.Integer.toString(counter)) + .png)): null

2019-01-09 12:50:30 - [TEST_STEP][PASSED] - Statement - counter = counter + 1: null

2019-01-09 12:50:30 - [TEST_STEP][PASSED] - Statement - PreSaveFile = new java.io.File(((pathPrefix + java.lang.Integer.toString(counter)) + .png)): null

2019-01-09 12:50:30 - [TEST_STEP][PASSED] - Statement - finalPath = pathPrefix + java.lang.Integer.toString(counter) + ".png": null

2019-01-09 12:50:30 - [TEST_STEP][PASSED] - Statement - SaveFile = new java.io.File(finalPath): null

2019-01-09 12:50:30 - [TEST_STEP][PASSED] - Statement - Try: null

2019-01-09 12:50:30 - [TEST_STEP][PASSED] - Statement - org.apache.commons.io.FileUtils.copyFile(scrFile, SaveFile): null

2019-01-09 12:50:30 - [TEST_STEP][PASSED] - Statement - out.println("file kept"): null

2019-01-09 12:50:30 - [TEST_STEP][PASSED] - delay: Delayed 10 second(s)

2019-01-09 12:50:40 - [MESSAGE][PASSED] - Delayed 10 second(s)

2019-01-09 12:50:40 - [MESSAGE][PASSED] - Call Test Case 'Test Cases/Final Aug 2018 - PKS Automation/Registration Module/New Registration/Submit and Screenshot/Submit Registration and Screenshot' successfully

2019-01-09 12:50:40 - [TEST_STEP][PASSED] - delay: Delayed 5 second(s)

2019-01-09 12:50:45 - [MESSAGE][PASSED] - Delayed 5 second(s)

2019-01-09 12:50:45 - [TEST_STEP][PASSED] - callTestCase: Call Test Case 'Test Cases/Final Aug 2018 - PKS Automation/Registration Module/Log Out/log out avoiding katalon tagging' successfully

2019-01-09 12:50:46 - [TEST_CASE][PASSED] - Test Cases/Final Aug 2018 - PKS Automation/Registration Module/Log Out/log out avoiding katalon tagging: Test Cases/Final Aug 2018 - PKS Automation/Registration Module/Log Out/log out avoiding katalon tagging

2019-01-09 12:50:46 - [TEST_STEP][PASSED] - navigateToUrl: Navigate to 'https://assist2-uat.perkeso.gov.my/c/portal/logout' successfully

2019-01-09 12:50:46 - [MESSAGE][PASSED] - Navigate to 'https://assist2-uat.perkeso.gov.my/c/portal/logout' successfully

2019-01-09 12:50:46 - [MESSAGE][PASSED] - Call Test Case 'Test Cases/Final Aug 2018 - PKS Automation/Registration Module/Log Out/log out avoiding katalon tagging' successfully

2019-01-09 12:50:46 - [TEST_STEP][PASSED] - delay: Delayed 2 second(s)

2019-01-09 12:50:48 - [MESSAGE][PASSED] - Delayed 2 second(s)

2019-01-09 12:50:48 - [TEST_STEP][PASSED] - callTestCase: Call Test Case 'Test Cases/Final Aug 2018 - PKS Automation/Common/Workflow Owner Finder' successfully

2019-01-09 12:50:48 - [TEST_CASE][PASSED] - Test Cases/Final Aug 2018 - PKS Automation/Common/Workflow Owner Finder: Test Cases/Final Aug 2018 - PKS Automation/Common/Workflow Owner Finder

2019-01-09 12:50:48 - [TEST_STEP][PASSED] - openBrowser: Browser is opened with url: ''

2019-01-09 12:50:48 - [MESSAGE][WARNING] - A browser is already opened. Closing browser and opening a new one

2019-01-09 12:50:51 - [MESSAGE][PASSED] - Browser is opened with url: ''

2019-01-09 12:50:51 - [TEST_STEP][PASSED] - navigateToUrl: Navigate to 'https://assist2-uat.perkeso.gov.my/login' successfully

2019-01-09 12:50:52 - [MESSAGE][PASSED] - Navigate to 'https://assist2-uat.perkeso.gov.my/login' successfully

2019-01-09 12:50:52 - [TEST_STEP][PASSED] - delay: Delayed 5 second(s)

2019-01-09 12:50:57 - [MESSAGE][PASSED] - Delayed 5 second(s)

2019-01-09 12:50:57 - [TEST_STEP][PASSED] - setText: Text 'test@liferay.com' is set on object 'Object Repository/Final Object Repo/Login Page/Internal User/Email Address'

2019-01-09 12:50:58 - [MESSAGE][PASSED] - Text 'test@liferay.com' is set on object 'Object Repository/Final Object Repo/Login Page/Internal User/Email Address'

2019-01-09 12:50:58 - [TEST_STEP][PASSED] - click: Object: 'Object Repository/Final Object Repo/Login Page/Internal User/Next Button' is clicked on

2019-01-09 12:50:58 - [MESSAGE][PASSED] - Object: 'Object Repository/Final Object Repo/Login Page/Internal User/Next Button' is clicked on

2019-01-09 12:50:58 - [TEST_STEP][PASSED] - delay: Delayed 2 second(s)

2019-01-09 12:51:00 - [MESSAGE][PASSED] - Delayed 2 second(s)

2019-01-09 12:51:00 - [TEST_STEP][PASSED] - setText: Text 'test' is set on object 'Object Repository/Final Object Repo/Login Page/Internal User/Password'

2019-01-09 12:51:00 - [MESSAGE][PASSED] - Text 'test' is set on object 'Object Repository/Final Object Repo/Login Page/Internal User/Password'

2019-01-09 12:51:00 - [TEST_STEP][PASSED] - delay: Delayed 2 second(s)

2019-01-09 12:51:02 - [MESSAGE][PASSED] - Delayed 2 second(s)

2019-01-09 12:51:02 - [TEST_STEP][PASSED] - click: Object: 'Object Repository/Final Object Repo/Login Page/Internal User/Login Button' is clicked on

2019-01-09 12:51:02 - [MESSAGE][PASSED] - Object: 'Object Repository/Final Object Repo/Login Page/Internal User/Login Button' is clicked on

2019-01-09 12:51:02 - [TEST_STEP][PASSED] - Statement - tester = com.kms.katalon.core.testobject.ObjectRepository.findTestObject(Final Object Repo/Landing Page/Select to English): Finding Test Object with id 'Object Repository/Final Object Repo/Landing Page/Select to English'

2019-01-09 12:51:02 - [TEST_STEP][PASSED] - Statement - Try: Delayed 2 second(s)

2019-01-09 12:51:02 - [TEST_STEP][PASSED] - Statement - Checker = com.kms.katalon.core.webui.keyword.WebUiBuiltInKeywords.verifyElementNotPresent(tester, 3): Web element with id: 'Object Repository/Final Object Repo/Landing Page/Select to English' located by 'By.xpath: //a[@class = 'taglib-language-list-text' and @lang = 'en-US' and (contains(text(), 'EN') or contains(., 'EN'))]' is not present after '3' second(s)

2019-01-09 12:51:05 - [MESSAGE][PASSED] - Web element with id: 'Object Repository/Final Object Repo/Landing Page/Select to English' located by 'By.xpath: //a[@class = 'taglib-language-list-text' and @lang = 'en-US' and (contains(text(), 'EN') or contains(., 'EN'))]' is not present after '3' second(s)

2019-01-09 12:51:05 - [TEST_STEP][PASSED] - Statement - If (Checker == false): null

2019-01-09 12:51:05 - [TEST_STEP][PASSED] - delay: Delayed 2 second(s)

2019-01-09 12:51:07 - [MESSAGE][PASSED] - Delayed 2 second(s)

2019-01-09 12:51:07 - [TEST_STEP][PASSED] - delay: Delayed 5 second(s)

2019-01-09 12:51:12 - [MESSAGE][PASSED] - Delayed 5 second(s)

2019-01-09 12:51:12 - [TEST_STEP][PASSED] - mouseOver: Object: 'Object Repository/Final Object Repo/Landing Page/WorkFlow Menu' is hovered

2019-01-09 12:51:12 - [MESSAGE][PASSED] - Object: 'Object Repository/Final Object Repo/Landing Page/WorkFlow Menu' is hovered

2019-01-09 12:51:12 - [TEST_STEP][PASSED] - delay: Delayed 2 second(s)

2019-01-09 12:51:14 - [MESSAGE][PASSED] - Delayed 2 second(s)

2019-01-09 12:51:14 - [TEST_STEP][PASSED] - click: Object: 'Object Repository/Final Object Repo/Landing Page/Select to Workflow Listing' is clicked on

2019-01-09 12:51:15 - [MESSAGE][PASSED] - Object: 'Object Repository/Final Object Repo/Landing Page/Select to Workflow Listing' is clicked on

2019-01-09 12:51:15 - [TEST_STEP][PASSED] - delay: Delayed 2 second(s)

2019-01-09 12:51:17 - [MESSAGE][PASSED] - Delayed 2 second(s)

2019-01-09 12:51:17 - [TEST_STEP][PASSED] - click: Object: 'Object Repository/Final Object Repo/WorkFlow Listing Page/Search Information - To Put Ref No' is clicked on

2019-01-09 12:51:17 - [MESSAGE][PASSED] - Object: 'Object Repository/Final Object Repo/WorkFlow Listing Page/Search Information - To Put Ref No' is clicked on

2019-01-09 12:51:17 - [TEST_STEP][PASSED] - delay: Delayed 2 second(s)

2019-01-09 12:51:19 - [MESSAGE][PASSED] - Delayed 2 second(s)

2019-01-09 12:51:19 - [TEST_STEP][PASSED] - callTestCase: Call Test Case 'Test Cases/Final Aug 2018 - PKS Automation/Common/Reference Number Getter' successfully

2019-01-09 12:51:19 - [TEST_CASE][PASSED] - Test Cases/Final Aug 2018 - PKS Automation/Common/Reference Number Getter: Test Cases/Final Aug 2018 - PKS Automation/Common/Reference Number Getter

2019-01-09 12:51:19 - [TEST_STEP][PASSED] - Statement - Try: null

2019-01-09 12:51:19 - [TEST_STEP][PASSED] - Statement - RefNo = new java.io.File(C://Users//Admin//Desktop//PKS//Automation Reference Point//KatalonReference.txt): null

2019-01-09 12:51:19 - [TEST_STEP][PASSED] - Statement - bufferread = new java.io.BufferedReader(new java.io.FileReader(RefNo)): null

2019-01-09 12:51:19 - [TEST_STEP][PASSED] - Statement - readedVal = bufferread.readLine(): null

2019-01-09 12:51:19 - [TEST_STEP][PASSED] - Statement - out.println(CaseReferenceNo): null

2019-01-09 12:51:19 - [TEST_STEP][PASSED] - Statement - out.println(readedVal): null

2019-01-09 12:51:19 - [TEST_STEP][PASSED] - Statement - CaseReferenceNo = "": null

2019-01-09 12:51:19 - [TEST_STEP][PASSED] - Statement - CaseReferenceNo = readedVal: null

2019-01-09 12:51:19 - [MESSAGE][PASSED] - Call Test Case 'Test Cases/Final Aug 2018 - PKS Automation/Common/Reference Number Getter' successfully

2019-01-09 12:51:19 - [TEST_STEP][PASSED] - setText: Text 'CRN01201900123682' is set on object 'Object Repository/Final Object Repo/WorkFlow Listing Page/Ref No Set Text'

2019-01-09 12:51:20 - [MESSAGE][PASSED] - Text 'CRN01201900123682' is set on object 'Object Repository/Final Object Repo/WorkFlow Listing Page/Ref No Set Text'

2019-01-09 12:51:20 - [TEST_STEP][PASSED] - delay: Delayed 2 second(s)

2019-01-09 12:51:22 - [MESSAGE][PASSED] - Delayed 2 second(s)

2019-01-09 12:51:22 - [TEST_STEP][PASSED] - click: Object: 'Object Repository/Final Object Repo/WorkFlow Listing Page/Search Ref No Search Button' is clicked on

2019-01-09 12:51:23 - [MESSAGE][PASSED] - Object: 'Object Repository/Final Object Repo/WorkFlow Listing Page/Search Ref No Search Button' is clicked on

2019-01-09 12:51:23 - [TEST_STEP][PASSED] - delay: Delayed 6 second(s)

2019-01-09 12:51:29 - [MESSAGE][PASSED] - Delayed 6 second(s)

2019-01-09 12:51:29 - [TEST_STEP][PASSED] - click: Object: 'Object Repository/Final Object Repo/WorkFlow Listing Page/Click Continue Tooltip' is clicked on

2019-01-09 12:51:29 - [MESSAGE][PASSED] - Object: 'Object Repository/Final Object Repo/WorkFlow Listing Page/Click Continue Tooltip' is clicked on

2019-01-09 12:51:29 - [TEST_STEP][PASSED] - delay: Delayed 5 second(s)

2019-01-09 12:51:34 - [MESSAGE][PASSED] - Delayed 5 second(s)

2019-01-09 12:51:34 - [TEST_STEP][PASSED] - doubleClick: Object: 'Object Repository/Final Object Repo/WorkFlow Listing Page/Workflow Found - Listing 1' is double clicked on

2019-01-09 12:51:35 - [MESSAGE][PASSED] - Object: 'Object Repository/Final Object Repo/WorkFlow Listing Page/Workflow Found - Listing 1' is double clicked on

2019-01-09 12:51:35 - [TEST_STEP][PASSED] - Statement - println(OwnerID): null

2019-01-09 12:51:35 - [TEST_STEP][PASSED] - Statement - OwnerID = com.kms.katalon.core.webui.keyword.WebUiBuiltInKeywords.getText(com.kms.katalon.core.testobject.ObjectRepository.findTestObject(Final Object Repo/WorkFlow Listing Page/Workflow Found - Listing 1), STOP_ON_FAILURE): Text of object 'Object Repository/Final Object Repo/WorkFlow Listing Page/Workflow Found - Listing 1' is: 'JOHORro1'

2019-01-09 12:51:35 - [MESSAGE][PASSED] - Text of object 'Object Repository/Final Object Repo/WorkFlow Listing Page/Workflow Found - Listing 1' is: 'JOHORro1'

2019-01-09 12:51:35 - [TEST_STEP][PASSED] - Statement - OwnerID = OwnerID.toLowerCase() + "@gmail.com": null

2019-01-09 12:51:35 - [TEST_STEP][PASSED] - Statement - println(OwnerID): null

2019-01-09 12:51:35 - [TEST_STEP][PASSED] - delay: Delayed 2 second(s)

2019-01-09 12:51:37 - [MESSAGE][PASSED] - Delayed 2 second(s)

2019-01-09 12:51:37 - [MESSAGE][PASSED] - Call Test Case 'Test Cases/Final Aug 2018 - PKS Automation/Common/Workflow Owner Finder' successfully

2019-01-09 12:51:37 - [TEST_STEP][PASSED] - callTestCase: Call Test Case 'Test Cases/Final Aug 2018 - PKS Automation/Registration Module/Log Out/log out avoiding katalon tagging' successfully

2019-01-09 12:51:37 - [TEST_CASE][PASSED] - Test Cases/Final Aug 2018 - PKS Automation/Registration Module/Log Out/log out avoiding katalon tagging: Test Cases/Final Aug 2018 - PKS Automation/Registration Module/Log Out/log out avoiding katalon tagging

2019-01-09 12:51:37 - [TEST_STEP][PASSED] - navigateToUrl: Navigate to 'https://assist2-uat.perkeso.gov.my/c/portal/logout' successfully

2019-01-09 12:51:38 - [MESSAGE][PASSED] - Navigate to 'https://assist2-uat.perkeso.gov.my/c/portal/logout' successfully

2019-01-09 12:51:38 - [MESSAGE][PASSED] - Call Test Case 'Test Cases/Final Aug 2018 - PKS Automation/Registration Module/Log Out/log out avoiding katalon tagging' successfully

2019-01-09 12:51:38 - [TEST_STEP][PASSED] - delay: Delayed 2 second(s)

2019-01-09 12:51:40 - [MESSAGE][PASSED] - Delayed 2 second(s)

2019-01-09 12:51:40 - [TEST_STEP][PASSED] - setText: Text 'johorro1@gmail.com' is set on object 'Object Repository/Final Object Repo/New Registration - Registration Module Pages/New Reg - OTC to RO/Special Case - All Related Objects/Email TextBox'

2019-01-09 12:51:40 - [MESSAGE][PASSED] - Text 'johorro1@gmail.com' is set on object 'Object Repository/Final Object Repo/New Registration - Registration Module Pages/New Reg - OTC to RO/Special Case - All Related Objects/Email TextBox'

2019-01-09 12:51:40 - [TEST_STEP][PASSED] - click: Object: 'Object Repository/Final Object Repo/New Registration - Registration Module Pages/New Reg - OTC to RO/Special Case - All Related Objects/Next Button' is clicked on

2019-01-09 12:51:40 - [MESSAGE][PASSED] - Object: 'Object Repository/Final Object Repo/New Registration - Registration Module Pages/New Reg - OTC to RO/Special Case - All Related Objects/Next Button' is clicked on

2019-01-09 12:51:40 - [TEST_STEP][PASSED] - delay: Delayed 2 second(s)

2019-01-09 12:51:42 - [MESSAGE][PASSED] - Delayed 2 second(s)

2019-01-09 12:51:42 - [TEST_STEP][PASSED] - setText: Text 'Test1@3456789' is set on object 'Object Repository/Final Object Repo/New Registration - Registration Module Pages/New Reg - OTC to RO/Special Case - All Related Objects/Password TextBox'

2019-01-09 12:51:43 - [MESSAGE][PASSED] - Text 'Test1@3456789' is set on object 'Object Repository/Final Object Repo/New Registration - Registration Module Pages/New Reg - OTC to RO/Special Case - All Related Objects/Password TextBox'

2019-01-09 12:51:43 - [TEST_STEP][PASSED] - delay: Delayed 2 second(s)

2019-01-09 12:51:45 - [MESSAGE][PASSED] - Delayed 2 second(s)

2019-01-09 12:51:45 - [TEST_STEP][PASSED] - click: Object: 'Object Repository/Final Object Repo/New Registration - Registration Module Pages/New Reg - OTC to RO/Special Case - All Related Objects/Login Button' is clicked on

2019-01-09 12:51:45 - [MESSAGE][PASSED] - Object: 'Object Repository/Final Object Repo/New Registration - Registration Module Pages/New Reg - OTC to RO/Special Case - All Related Objects/Login Button' is clicked on

2019-01-09 12:51:45 - [TEST_STEP][PASSED] - delay: Delayed 2 second(s)

2019-01-09 12:51:47 - [MESSAGE][PASSED] - Delayed 2 second(s)

2019-01-09 12:51:47 - [TEST_STEP][PASSED] - Statement - Try: null

2019-01-09 12:51:47 - [TEST_STEP][PASSED] - Statement - Checker = com.kms.katalon.core.webui.keyword.WebUiBuiltInKeywords.verifyElementNotPresent("Final Object Repo/Landing Page/Select to English", 3): null

2019-01-09 12:51:47 - [TEST_STEP][PASSED] - Statement - Catch (Exception e): null

2019-01-09 12:51:47 - [TEST_STEP][PASSED] - Statement - e.printStackTrace(): null

2019-01-09 12:51:47 - [TEST_STEP][PASSED] - click: Object: 'Object Repository/Final Object Repo/New Registration - Registration Module Pages/New Reg - OTC to RO/Special Case - All Related Objects/Expand to Search' is clicked on

2019-01-09 12:51:47 - [MESSAGE][PASSED] - Object: 'Object Repository/Final Object Repo/New Registration - Registration Module Pages/New Reg - OTC to RO/Special Case - All Related Objects/Expand to Search' is clicked on

2019-01-09 12:51:47 - [TEST_STEP][PASSED] - delay: Delayed 2 second(s)

2019-01-09 12:51:49 - [MESSAGE][PASSED] - Delayed 2 second(s)

2019-01-09 12:51:49 - [TEST_STEP][PASSED] - setText: Text 'CRN01201900123682' is set on object 'Object Repository/Final Object Repo/New Registration - Registration Module Pages/New Reg - OTC to RO/Special Case - All Related Objects/TextBox RefNo in Workbasket'

2019-01-09 12:51:50 - [MESSAGE][PASSED] - Text 'CRN01201900123682' is set on object 'Object Repository/Final Object Repo/New Registration - Registration Module Pages/New Reg - OTC to RO/Special Case - All Related Objects/TextBox RefNo in Workbasket'

2019-01-09 12:51:50 - [TEST_STEP][PASSED] - delay: Delayed 2 second(s)

2019-01-09 12:51:52 - [MESSAGE][PASSED] - Delayed 2 second(s)

2019-01-09 12:51:52 - [TEST_STEP][PASSED] - click: Object: 'Object Repository/Final Object Repo/New Registration - Registration Module Pages/New Reg - OTC to RO/Special Case - All Related Objects/Click Search' is clicked on

2019-01-09 12:51:53 - [MESSAGE][PASSED] - Object: 'Object Repository/Final Object Repo/New Registration - Registration Module Pages/New Reg - OTC to RO/Special Case - All Related Objects/Click Search' is clicked on

2019-01-09 12:51:53 - [TEST_STEP][PASSED] - delay: Delayed 2 second(s)

2019-01-09 12:51:55 - [MESSAGE][PASSED] - Delayed 2 second(s)

2019-01-09 12:51:55 - [TEST_STEP][PASSED] - click: Object: 'Object Repository/Final Object Repo/New Registration - Registration Module Pages/New Reg - OTC to RO/Special Case - All Related Objects/Click to Continue Workflow' is clicked on

2019-01-09 12:51:58 - [MESSAGE][PASSED] - Object: 'Object Repository/Final Object Repo/New Registration - Registration Module Pages/New Reg - OTC to RO/Special Case - All Related Objects/Click to Continue Workflow' is clicked on

2019-01-09 12:51:58 - [TEST_STEP][PASSED] - delay: Delayed 8 second(s)

2019-01-09 12:52:06 - [MESSAGE][PASSED] - Delayed 8 second(s)

2019-01-09 12:52:06 - [TEST_STEP][PASSED] - click: Object: 'Object Repository/Final Object Repo/New Registration - Registration Module Pages/New Reg - OTC to RO/Special Case - All Related Objects/Continue Button in verifying case' is clicked on

2019-01-09 12:52:08 - [MESSAGE][PASSED] - Object: 'Object Repository/Final Object Repo/New Registration - Registration Module Pages/New Reg - OTC to RO/Special Case - All Related Objects/Continue Button in verifying case' is clicked on

2019-01-09 12:52:08 - [TEST_STEP][PASSED] - delay: Delayed 2 second(s)

2019-01-09 12:52:10 - [MESSAGE][PASSED] - Delayed 2 second(s)

2019-01-09 12:52:10 - [TEST_STEP][PASSED] - click: Object: 'Object Repository/Final Object Repo/New Registration - Registration Module Pages/Form 1/Registered As a Branch - Yes' is clicked on

2019-01-09 12:52:10 - [MESSAGE][PASSED] - Object: 'Object Repository/Final Object Repo/New Registration - Registration Module Pages/Form 1/Registered As a Branch - Yes' is clicked on

2019-01-09 12:52:10 - [TEST_STEP][PASSED] - delay: Delayed 2 second(s)

2019-01-09 12:52:12 - [MESSAGE][PASSED] - Delayed 2 second(s)

2019-01-09 12:52:12 - [TEST_STEP][PASSED] - click: Object: 'Object Repository/Final Object Repo/New Registration - Registration Module Pages/New Reg - OTC to RO/Special Case - All Related Objects/Form 1 Save n Continue' is clicked on

2019-01-09 12:52:12 - [MESSAGE][PASSED] - Object: 'Object Repository/Final Object Repo/New Registration - Registration Module Pages/New Reg - OTC to RO/Special Case - All Related Objects/Form 1 Save n Continue' is clicked on

2019-01-09 12:52:12 - [TEST_STEP][PASSED] - delay: Delayed 2 second(s)

2019-01-09 12:52:14 - [MESSAGE][PASSED] - Delayed 2 second(s)

2019-01-09 12:52:14 - [TEST_STEP][PASSED] - click: Object: 'Object Repository/Final Object Repo/New Registration - Registration Module Pages/New Reg - OTC to RO/Special Case - All Related Objects/Form 2 Save n Continue' is clicked on

2019-01-09 12:52:15 - [MESSAGE][PASSED] - Object: 'Object Repository/Final Object Repo/New Registration - Registration Module Pages/New Reg - OTC to RO/Special Case - All Related Objects/Form 2 Save n Continue' is clicked on

2019-01-09 12:52:15 - [TEST_STEP][PASSED] - delay: Delayed 2 second(s)

2019-01-09 12:52:17 - [MESSAGE][PASSED] - Delayed 2 second(s)

2019-01-09 12:52:17 - [TEST_STEP][PASSED] - click: Object: 'Object Repository/Final Object Repo/New Registration - Registration Module Pages/New Reg - OTC to RO/Special Case - All Related Objects/Third Screen Save n Continue' is clicked on

2019-01-09 12:52:22 - [MESSAGE][PASSED] - Object: 'Object Repository/Final Object Repo/New Registration - Registration Module Pages/New Reg - OTC to RO/Special Case - All Related Objects/Third Screen Save n Continue' is clicked on

2019-01-09 12:52:22 - [TEST_STEP][PASSED] - delay: Delayed 5 second(s)

2019-01-09 12:52:27 - [MESSAGE][PASSED] - Delayed 5 second(s)

2019-01-09 12:52:27 - [TEST_STEP][PASSED] - click: Object: 'Object Repository/Final Object Repo/New Registration - Registration Module Pages/New Reg - OTC to RO/Special Case - All Related Objects/Upload Doc Page Save n Continue' is clicked on

2019-01-09 12:52:27 - [MESSAGE][PASSED] - Object: 'Object Repository/Final Object Repo/New Registration - Registration Module Pages/New Reg - OTC to RO/Special Case - All Related Objects/Upload Doc Page Save n Continue' is clicked on

2019-01-09 12:52:27 - [TEST_STEP][PASSED] - delay: Delayed 5 second(s)

2019-01-09 12:52:32 - [MESSAGE][PASSED] - Delayed 5 second(s)

2019-01-09 12:52:32 - [TEST_STEP][PASSED] - click: Object: 'Object Repository/Final Object Repo/New Registration - Registration Module Pages/New Reg - OTC to RO/Special Case - All Related Objects/Under Enforcement Button at Preview Screen of RO' is clicked on

2019-01-09 12:52:32 - [MESSAGE][PASSED] - Object: 'Object Repository/Final Object Repo/New Registration - Registration Module Pages/New Reg - OTC to RO/Special Case - All Related Objects/Under Enforcement Button at Preview Screen of RO' is clicked on

2019-01-09 12:52:32 - [TEST_STEP][PASSED] - delay: Delayed 5 second(s)

2019-01-09 12:52:37 - [MESSAGE][PASSED] - Delayed 5 second(s)

2019-01-09 12:52:37 - [TEST_STEP][PASSED] - click: Object: 'Object Repository/Final Object Repo/New Registration - Registration Module Pages/New Reg - OTC to RO/Special Case - All Related Objects/Under Enforcement - inner form' is clicked on

2019-01-09 12:52:38 - [MESSAGE][PASSED] - Object: 'Object Repository/Final Object Repo/New Registration - Registration Module Pages/New Reg - OTC to RO/Special Case - All Related Objects/Under Enforcement - inner form' is clicked on

2019-01-09 12:52:38 - [TEST_STEP][PASSED] - callTestCase: Call Test Case 'Test Cases/Final Aug 2018 - PKS Automation/Common/Screenshoting tool' successfully

2019-01-09 12:52:38 - [TEST_CASE][PASSED] - Test Cases/Final Aug 2018 - PKS Automation/Common/Screenshoting tool: Test Cases/Final Aug 2018 - PKS Automation/Common/Screenshoting tool

2019-01-09 12:52:38 - [TEST_STEP][PASSED] - delay: Delayed 15 second(s)

2019-01-09 12:52:53 - [MESSAGE][PASSED] - Delayed 15 second(s)

2019-01-09 12:52:53 - [TEST_STEP][PASSED] - Statement - driver = com.kms.katalon.core.webui.driver.DriverFactory.getWebDriver(): null

2019-01-09 12:52:53 - [TEST_STEP][PASSED] - Statement - driver.manage().timeouts().implicitlyWait(10, SECONDS): null

2019-01-09 12:52:53 - [TEST_STEP][PASSED] - Statement - PresavePath = KatalonScreenshots: null

2019-01-09 12:52:53 - [TEST_STEP][PASSED] - Statement - pathPrefix = "C:\Users\Public\Pictures\Sample Pictures\Katalon Screenshots\Automate Ending Screen": null

2019-01-09 12:52:53 - [TEST_STEP][PASSED] - Statement - finalPath = <not implemented yet for class: org.codehaus.groovy.ast.expr.EmptyExpression>: null

2019-01-09 12:52:53 - [TEST_STEP][PASSED] - Statement - scrFile = driver.getScreenshotAs(FILE): null

2019-01-09 12:52:53 - [TEST_STEP][PASSED] - Statement - PreSaveFile = new java.io.File(PresavePath): null

2019-01-09 12:52:53 - [TEST_STEP][PASSED] - Statement - counter = 0: null

2019-01-09 12:52:53 - [TEST_STEP][PASSED] - Statement - If (PreSaveFile.exists()): null

2019-01-09 12:52:53 - [TEST_STEP][PASSED] - Statement - While (PreSaveFile.exists()): null

2019-01-09 12:52:53 - [TEST_STEP][PASSED] - Statement - counter = counter + 1: null

2019-01-09 12:52:53 - [TEST_STEP][PASSED] - Statement - PreSaveFile = new java.io.File(((pathPrefix + java.lang.Integer.toString(counter)) + .png)): null

2019-01-09 12:52:53 - [TEST_STEP][PASSED] - Statement - counter = counter + 1: null

2019-01-09 12:52:53 - [TEST_STEP][PASSED] - Statement - PreSaveFile = new java.io.File(((pathPrefix + java.lang.Integer.toString(counter)) + .png)): null

2019-01-09 12:52:53 - [TEST_STEP][PASSED] - Statement - counter = counter + 1: null

2019-01-09 12:52:53 - [TEST_STEP][PASSED] - Statement - PreSaveFile = new java.io.File(((pathPrefix + java.lang.Integer.toString(counter)) + .png)): null

2019-01-09 12:52:53 - [TEST_STEP][PASSED] - Statement - counter = counter + 1: null

2019-01-09 12:52:53 - [TEST_STEP][PASSED] - Statement - PreSaveFile = new java.io.File(((pathPrefix + java.lang.Integer.toString(counter)) + .png)): null

2019-01-09 12:52:53 - [TEST_STEP][PASSED] - Statement - counter = counter + 1: null

2019-01-09 12:52:53 - [TEST_STEP][PASSED] - Statement - PreSaveFile = new java.io.File(((pathPrefix + java.lang.Integer.toString(counter)) + .png)): null

2019-01-09 12:52:53 - [TEST_STEP][PASSED] - Statement - counter = counter + 1: null

2019-01-09 12:52:53 - [TEST_STEP][PASSED] - Statement - PreSaveFile = new java.io.File(((pathPrefix + java.lang.Integer.toString(counter)) + .png)): null

2019-01-09 12:52:53 - [TEST_STEP][PASSED] - Statement - counter = counter + 1: null

2019-01-09 12:52:53 - [TEST_STEP][PASSED] - Statement - PreSaveFile = new java.io.File(((pathPrefix + java.lang.Integer.toString(counter)) + .png)): null

2019-01-09 12:52:53 - [TEST_STEP][PASSED] - Statement - counter = counter + 1: null

2019-01-09 12:52:53 - [TEST_STEP][PASSED] - Statement - PreSaveFile = new java.io.File(((pathPrefix + java.lang.Integer.toString(counter)) + .png)): null

2019-01-09 12:52:53 - [TEST_STEP][PASSED] - Statement - counter = counter + 1: null

2019-01-09 12:52:53 - [TEST_STEP][PASSED] - Statement - PreSaveFile = new java.io.File(((pathPrefix + java.lang.Integer.toString(counter)) + .png)): null

2019-01-09 12:52:53 - [TEST_STEP][PASSED] - Statement - counter = counter + 1: null

2019-01-09 12:52:53 - [TEST_STEP][PASSED] - Statement - PreSaveFile = new java.io.File(((pathPrefix + java.lang.Integer.toString(counter)) + .png)): null

2019-01-09 12:52:53 - [TEST_STEP][PASSED] - Statement - counter = counter + 1: null

2019-01-09 12:52:53 - [TEST_STEP][PASSED] - Statement - PreSaveFile = new java.io.File(((pathPrefix + java.lang.Integer.toString(counter)) + .png)): null

2019-01-09 12:52:53 - [TEST_STEP][PASSED] - Statement - counter = counter + 1: null

2019-01-09 12:52:53 - [TEST_STEP][PASSED] - Statement - PreSaveFile = new java.io.File(((pathPrefix + java.lang.Integer.toString(counter)) + .png)): null

2019-01-09 12:52:53 - [TEST_STEP][PASSED] - Statement - counter = counter + 1: null

2019-01-09 12:52:53 - [TEST_STEP][PASSED] - Statement - PreSaveFile = new java.io.File(((pathPrefix + java.lang.Integer.toString(counter)) + .png)): null

2019-01-09 12:52:53 - [TEST_STEP][PASSED] - Statement - counter = counter + 1: null

2019-01-09 12:52:53 - [TEST_STEP][PASSED] - Statement - PreSaveFile = new java.io.File(((pathPrefix + java.lang.Integer.toString(counter)) + .png)): null

2019-01-09 12:52:53 - [TEST_STEP][PASSED] - Statement - counter = counter + 1: null

2019-01-09 12:52:53 - [TEST_STEP][PASSED] - Statement - PreSaveFile = new java.io.File(((pathPrefix + java.lang.Integer.toString(counter)) + .png)): null

2019-01-09 12:52:53 - [TEST_STEP][PASSED] - Statement - counter = counter + 1: null

2019-01-09 12:52:53 - [TEST_STEP][PASSED] - Statement - PreSaveFile = new java.io.File(((pathPrefix + java.lang.Integer.toString(counter)) + .png)): null

2019-01-09 12:52:53 - [TEST_STEP][PASSED] - Statement - counter = counter + 1: null

2019-01-09 12:52:53 - [TEST_STEP][PASSED] - Statement - PreSaveFile = new java.io.File(((pathPrefix + java.lang.Integer.toString(counter)) + .png)): null

2019-01-09 12:52:53 - [TEST_STEP][PASSED] - Statement - counter = counter + 1: null

2019-01-09 12:52:54 - [TEST_STEP][PASSED] - Statement - PreSaveFile = new java.io.File(((pathPrefix + java.lang.Integer.toString(counter)) + .png)): null

2019-01-09 12:52:54 - [TEST_STEP][PASSED] - Statement - counter = counter + 1: null

2019-01-09 12:52:54 - [TEST_STEP][PASSED] - Statement - PreSaveFile = new java.io.File(((pathPrefix + java.lang.Integer.toString(counter)) + .png)): null

2019-01-09 12:52:54 - [TEST_STEP][PASSED] - Statement - counter = counter + 1: null

2019-01-09 12:52:54 - [TEST_STEP][PASSED] - Statement - PreSaveFile = new java.io.File(((pathPrefix + java.lang.Integer.toString(counter)) + .png)): null

2019-01-09 12:52:54 - [TEST_STEP][PASSED] - Statement - counter = counter + 1: null

2019-01-09 12:52:54 - [TEST_STEP][PASSED] - Statement - PreSaveFile = new java.io.File(((pathPrefix + java.lang.Integer.toString(counter)) + .png)): null

2019-01-09 12:52:54 - [TEST_STEP][PASSED] - Statement - counter = counter + 1: null

2019-01-09 12:52:54 - [TEST_STEP][PASSED] - Statement - PreSaveFile = new java.io.File(((pathPrefix + java.lang.Integer.toString(counter)) + .png)): null

2019-01-09 12:52:54 - [TEST_STEP][PASSED] - Statement - counter = counter + 1: null

2019-01-09 12:52:54 - [TEST_STEP][PASSED] - Statement - PreSaveFile = new java.io.File(((pathPrefix + java.lang.Integer.toString(counter)) + .png)): null

2019-01-09 12:52:54 - [TEST_STEP][PASSED] - Statement - counter = counter + 1: null

2019-01-09 12:52:54 - [TEST_STEP][PASSED] - Statement - PreSaveFile = new java.io.File(((pathPrefix + java.lang.Integer.toString(counter)) + .png)): null

2019-01-09 12:52:54 - [TEST_STEP][PASSED] - Statement - counter = counter + 1: null

2019-01-09 12:52:54 - [TEST_STEP][PASSED] - Statement - PreSaveFile = new java.io.File(((pathPrefix + java.lang.Integer.toString(counter)) + .png)): null

2019-01-09 12:52:54 - [TEST_STEP][PASSED] - Statement - counter = counter + 1: null

2019-01-09 12:52:54 - [TEST_STEP][PASSED] - Statement - PreSaveFile = new java.io.File(((pathPrefix + java.lang.Integer.toString(counter)) + .png)): null

2019-01-09 12:52:54 - [TEST_STEP][PASSED] - Statement - counter = counter + 1: null

2019-01-09 12:52:54 - [TEST_STEP][PASSED] - Statement - PreSaveFile = new java.io.File(((pathPrefix + java.lang.Integer.toString(counter)) + .png)): null

2019-01-09 12:52:54 - [TEST_STEP][PASSED] - Statement - counter = counter + 1: null

2019-01-09 12:52:54 - [TEST_STEP][PASSED] - Statement - PreSaveFile = new java.io.File(((pathPrefix + java.lang.Integer.toString(counter)) + .png)): null

2019-01-09 12:52:54 - [TEST_STEP][PASSED] - Statement - counter = counter + 1: null

2019-01-09 12:52:54 - [TEST_STEP][PASSED] - Statement - PreSaveFile = new java.io.File(((pathPrefix + java.lang.Integer.toString(counter)) + .png)): null

2019-01-09 12:52:54 - [TEST_STEP][PASSED] - Statement - counter = counter + 1: null

2019-01-09 12:52:54 - [TEST_STEP][PASSED] - Statement - PreSaveFile = new java.io.File(((pathPrefix + java.lang.Integer.toString(counter)) + .png)): null

2019-01-09 12:52:54 - [TEST_STEP][PASSED] - Statement - counter = counter + 1: null

2019-01-09 12:52:54 - [TEST_STEP][PASSED] - Statement - PreSaveFile = new java.io.File(((pathPrefix + java.lang.Integer.toString(counter)) + .png)): null

2019-01-09 12:52:54 - [TEST_STEP][PASSED] - Statement - counter = counter + 1: null

2019-01-09 12:52:54 - [TEST_STEP][PASSED] - Statement - PreSaveFile = new java.io.File(((pathPrefix + java.lang.Integer.toString(counter)) + .png)): null

2019-01-09 12:52:54 - [TEST_STEP][PASSED] - Statement - counter = counter + 1: null

2019-01-09 12:52:54 - [TEST_STEP][PASSED] - Statement - PreSaveFile = new java.io.File(((pathPrefix + java.lang.Integer.toString(counter)) + .png)): null

2019-01-09 12:52:55 - [TEST_STEP][PASSED] - Statement - counter = counter + 1: null

2019-01-09 12:52:55 - [TEST_STEP][PASSED] - Statement - PreSaveFile = new java.io.File(((pathPrefix + java.lang.Integer.toString(counter)) + .png)): null

2019-01-09 12:52:55 - [TEST_STEP][PASSED] - Statement - counter = counter + 1: null

2019-01-09 12:52:55 - [TEST_STEP][PASSED] - Statement - PreSaveFile = new java.io.File(((pathPrefix + java.lang.Integer.toString(counter)) + .png)): null

2019-01-09 12:52:55 - [TEST_STEP][PASSED] - Statement - counter = counter + 1: null

2019-01-09 12:52:55 - [TEST_STEP][PASSED] - Statement - PreSaveFile = new java.io.File(((pathPrefix + java.lang.Integer.toString(counter)) + .png)): null

2019-01-09 12:52:55 - [TEST_STEP][PASSED] - Statement - counter = counter + 1: null

2019-01-09 12:52:55 - [TEST_STEP][PASSED] - Statement - PreSaveFile = new java.io.File(((pathPrefix + java.lang.Integer.toString(counter)) + .png)): null

2019-01-09 12:52:55 - [TEST_STEP][PASSED] - Statement - counter = counter + 1: null

2019-01-09 12:52:55 - [TEST_STEP][PASSED] - Statement - PreSaveFile = new java.io.File(((pathPrefix + java.lang.Integer.toString(counter)) + .png)): null

2019-01-09 12:52:55 - [TEST_STEP][PASSED] - Statement - counter = counter + 1: null

2019-01-09 12:52:55 - [TEST_STEP][PASSED] - Statement - PreSaveFile = new java.io.File(((pathPrefix + java.lang.Integer.toString(counter)) + .png)): null

2019-01-09 12:52:55 - [TEST_STEP][PASSED] - Statement - counter = counter + 1: null

2019-01-09 12:52:55 - [TEST_STEP][PASSED] - Statement - PreSaveFile = new java.io.File(((pathPrefix + java.lang.Integer.toString(counter)) + .png)): null

2019-01-09 12:52:55 - [TEST_STEP][PASSED] - Statement - counter = counter + 1: null

2019-01-09 12:52:55 - [TEST_STEP][PASSED] - Statement - PreSaveFile = new java.io.File(((pathPrefix + java.lang.Integer.toString(counter)) + .png)): null

2019-01-09 12:52:55 - [TEST_STEP][PASSED] - Statement - counter = counter + 1: null

2019-01-09 12:52:55 - [TEST_STEP][PASSED] - Statement - PreSaveFile = new java.io.File(((pathPrefix + java.lang.Integer.toString(counter)) + .png)): null

2019-01-09 12:52:55 - [TEST_STEP][PASSED] - Statement - counter = counter + 1: null

2019-01-09 12:52:56 - [TEST_STEP][PASSED] - Statement - PreSaveFile = new java.io.File(((pathPrefix + java.lang.Integer.toString(counter)) + .png)): null

2019-01-09 12:52:56 - [TEST_STEP][PASSED] - Statement - counter = counter + 1: null

2019-01-09 12:52:56 - [TEST_STEP][PASSED] - Statement - PreSaveFile = new java.io.File(((pathPrefix + java.lang.Integer.toString(counter)) + .png)): null

2019-01-09 12:52:56 - [TEST_STEP][PASSED] - Statement - counter = counter + 1: null

2019-01-09 12:52:56 - [TEST_STEP][PASSED] - Statement - PreSaveFile = new java.io.File(((pathPrefix + java.lang.Integer.toString(counter)) + .png)): null

2019-01-09 12:52:56 - [TEST_STEP][PASSED] - Statement - counter = counter + 1: null

2019-01-09 12:52:56 - [TEST_STEP][PASSED] - Statement - PreSaveFile = new java.io.File(((pathPrefix + java.lang.Integer.toString(counter)) + .png)): null

2019-01-09 12:52:56 - [TEST_STEP][PASSED] - Statement - counter = counter + 1: null

2019-01-09 12:52:56 - [TEST_STEP][PASSED] - Statement - PreSaveFile = new java.io.File(((pathPrefix + java.lang.Integer.toString(counter)) + .png)): null

2019-01-09 12:52:56 - [TEST_STEP][PASSED] - Statement - counter = counter + 1: null

2019-01-09 12:52:56 - [TEST_STEP][PASSED] - Statement - PreSaveFile = new java.io.File(((pathPrefix + java.lang.Integer.toString(counter)) + .png)): null

2019-01-09 12:52:56 - [TEST_STEP][PASSED] - Statement - counter = counter + 1: null

2019-01-09 12:52:56 - [TEST_STEP][PASSED] - Statement - PreSaveFile = new java.io.File(((pathPrefix + java.lang.Integer.toString(counter)) + .png)): null

2019-01-09 12:52:56 - [TEST_STEP][PASSED] - Statement - counter = counter + 1: null

2019-01-09 12:52:56 - [TEST_STEP][PASSED] - Statement - PreSaveFile = new java.io.File(((pathPrefix + java.lang.Integer.toString(counter)) + .png)): null

2019-01-09 12:52:56 - [TEST_STEP][PASSED] - Statement - counter = counter + 1: null

2019-01-09 12:52:56 - [TEST_STEP][PASSED] - Statement - PreSaveFile = new java.io.File(((pathPrefix + java.lang.Integer.toString(counter)) + .png)): null

2019-01-09 12:52:56 - [TEST_STEP][PASSED] - Statement - counter = counter + 1: null

2019-01-09 12:52:56 - [TEST_STEP][PASSED] - Statement - PreSaveFile = new java.io.File(((pathPrefix + java.lang.Integer.toString(counter)) + .png)): null

2019-01-09 12:52:56 - [TEST_STEP][PASSED] - Statement - counter = counter + 1: null

2019-01-09 12:52:57 - [TEST_STEP][PASSED] - Statement - PreSaveFile = new java.io.File(((pathPrefix + java.lang.Integer.toString(counter)) + .png)): null

2019-01-09 12:52:57 - [TEST_STEP][PASSED] - Statement - counter = counter + 1: null

2019-01-09 12:52:57 - [TEST_STEP][PASSED] - Statement - PreSaveFile = new java.io.File(((pathPrefix + java.lang.Integer.toString(counter)) + .png)): null

2019-01-09 12:52:57 - [TEST_STEP][PASSED] - Statement - counter = counter + 1: null

2019-01-09 12:52:57 - [TEST_STEP][PASSED] - Statement - PreSaveFile = new java.io.File(((pathPrefix + java.lang.Integer.toString(counter)) + .png)): null

2019-01-09 12:52:57 - [TEST_STEP][PASSED] - Statement - counter = counter + 1: null

2019-01-09 12:52:57 - [TEST_STEP][PASSED] - Statement - PreSaveFile = new java.io.File(((pathPrefix + java.lang.Integer.toString(counter)) + .png)): null

2019-01-09 12:52:57 - [TEST_STEP][PASSED] - Statement - counter = counter + 1: null

2019-01-09 12:52:57 - [TEST_STEP][PASSED] - Statement - PreSaveFile = new java.io.File(((pathPrefix + java.lang.Integer.toString(counter)) + .png)): null

2019-01-09 12:52:57 - [TEST_STEP][PASSED] - Statement - counter = counter + 1: null

2019-01-09 12:52:57 - [TEST_STEP][PASSED] - Statement - PreSaveFile = new java.io.File(((pathPrefix + java.lang.Integer.toString(counter)) + .png)): null

2019-01-09 12:52:57 - [TEST_STEP][PASSED] - Statement - counter = counter + 1: null

2019-01-09 12:52:57 - [TEST_STEP][PASSED] - Statement - PreSaveFile = new java.io.File(((pathPrefix + java.lang.Integer.toString(counter)) + .png)): null

2019-01-09 12:52:57 - [TEST_STEP][PASSED] - Statement - counter = counter + 1: null

2019-01-09 12:52:57 - [TEST_STEP][PASSED] - Statement - PreSaveFile = new java.io.File(((pathPrefix + java.lang.Integer.toString(counter)) + .png)): null

2019-01-09 12:52:57 - [TEST_STEP][PASSED] - Statement - counter = counter + 1: null

2019-01-09 12:52:57 - [TEST_STEP][PASSED] - Statement - PreSaveFile = new java.io.File(((pathPrefix + java.lang.Integer.toString(counter)) + .png)): null

2019-01-09 12:52:57 - [TEST_STEP][PASSED] - Statement - counter = counter + 1: null

2019-01-09 12:52:58 - [TEST_STEP][PASSED] - Statement - PreSaveFile = new java.io.File(((pathPrefix + java.lang.Integer.toString(counter)) + .png)): null

2019-01-09 12:52:58 - [TEST_STEP][PASSED] - Statement - counter = counter + 1: null

2019-01-09 12:52:58 - [TEST_STEP][PASSED] - Statement - PreSaveFile = new java.io.File(((pathPrefix + java.lang.Integer.toString(counter)) + .png)): null

2019-01-09 12:52:58 - [TEST_STEP][PASSED] - Statement - counter = counter + 1: null

2019-01-09 12:52:58 - [TEST_STEP][PASSED] - Statement - PreSaveFile = new java.io.File(((pathPrefix + java.lang.Integer.toString(counter)) + .png)): null

2019-01-09 12:52:58 - [TEST_STEP][PASSED] - Statement - counter = counter + 1: null

2019-01-09 12:52:58 - [TEST_STEP][PASSED] - Statement - PreSaveFile = new java.io.File(((pathPrefix + java.lang.Integer.toString(counter)) + .png)): null

2019-01-09 12:52:58 - [TEST_STEP][PASSED] - Statement - counter = counter + 1: null

2019-01-09 12:52:58 - [TEST_STEP][PASSED] - Statement - PreSaveFile = new java.io.File(((pathPrefix + java.lang.Integer.toString(counter)) + .png)): null

2019-01-09 12:52:58 - [TEST_STEP][PASSED] - Statement - counter = counter + 1: null

2019-01-09 12:52:58 - [TEST_STEP][PASSED] - Statement - PreSaveFile = new java.io.File(((pathPrefix + java.lang.Integer.toString(counter)) + .png)): null

2019-01-09 12:52:58 - [TEST_STEP][PASSED] - Statement - counter = counter + 1: null

2019-01-09 12:52:58 - [TEST_STEP][PASSED] - Statement - PreSaveFile = new java.io.File(((pathPrefix + java.lang.Integer.toString(counter)) + .png)): null

2019-01-09 12:52:58 - [TEST_STEP][PASSED] - Statement - counter = counter + 1: null

2019-01-09 12:52:58 - [TEST_STEP][PASSED] - Statement - PreSaveFile = new java.io.File(((pathPrefix + java.lang.Integer.toString(counter)) + .png)): null

2019-01-09 12:52:58 - [TEST_STEP][PASSED] - Statement - counter = counter + 1: null

2019-01-09 12:52:58 - [TEST_STEP][PASSED] - Statement - PreSaveFile = new java.io.File(((pathPrefix + java.lang.Integer.toString(counter)) + .png)): null

2019-01-09 12:52:58 - [TEST_STEP][PASSED] - Statement - counter = counter + 1: null

2019-01-09 12:52:58 - [TEST_STEP][PASSED] - Statement - PreSaveFile = new java.io.File(((pathPrefix + java.lang.Integer.toString(counter)) + .png)): null

2019-01-09 12:52:59 - [TEST_STEP][PASSED] - Statement - finalPath = pathPrefix + java.lang.Integer.toString(counter) + ".png": null

2019-01-09 12:52:59 - [TEST_STEP][PASSED] - Statement - SaveFile = new java.io.File(finalPath): null

2019-01-09 12:52:59 - [TEST_STEP][PASSED] - Statement - Try: null

2019-01-09 12:52:59 - [TEST_STEP][PASSED] - Statement - org.apache.commons.io.FileUtils.copyFile(scrFile, SaveFile): null

2019-01-09 12:52:59 - [TEST_STEP][PASSED] - Statement - out.println("file kept"): null

2019-01-09 12:52:59 - [TEST_STEP][PASSED] - delay: Delayed 10 second(s)

2019-01-09 12:53:09 - [MESSAGE][PASSED] - Delayed 10 second(s)

2019-01-09 12:53:09 - [MESSAGE][PASSED] - Call Test Case 'Test Cases/Final Aug 2018 - PKS Automation/Common/Screenshoting tool' successfully

2019-01-09 12:53:09 - [TEST_STEP][PASSED] - callTestCase: Call Test Case 'Test Cases/Final Aug 2018 - PKS Automation/Registration Module/Log Out/log out avoiding katalon tagging' successfully

2019-01-09 12:53:09 - [TEST_CASE][PASSED] - Test Cases/Final Aug 2018 - PKS Automation/Registration Module/Log Out/log out avoiding katalon tagging: Test Cases/Final Aug 2018 - PKS Automation/Registration Module/Log Out/log out avoiding katalon tagging

2019-01-09 12:53:09 - [TEST_STEP][PASSED] - navigateToUrl: Navigate to 'https://assist2-uat.perkeso.gov.my/c/portal/logout' successfully

2019-01-09 12:53:10 - [MESSAGE][PASSED] - Navigate to 'https://assist2-uat.perkeso.gov.my/c/portal/logout' successfully

2019-01-09 12:53:10 - [MESSAGE][PASSED] - Call Test Case 'Test Cases/Final Aug 2018 - PKS Automation/Registration Module/Log Out/log out avoiding katalon tagging' successfully

2019-01-09 12:53:10 - [TEST_STEP][PASSED] - delay: Delayed 2 second(s)

2019-01-09 12:53:12 - [MESSAGE][PASSED] - Delayed 2 second(s)

2019-01-09 12:53:12 - [TEST_STEP][PASSED] - setText: Text 'johorro1@gmail.com' is set on object 'Object Repository/Final Object Repo/New Registration - Registration Module Pages/New Reg - OTC to RO/Special Case - All Related Objects/Email TextBox'

2019-01-09 12:53:12 - [MESSAGE][PASSED] - Text 'johorro1@gmail.com' is set on object 'Object Repository/Final Object Repo/New Registration - Registration Module Pages/New Reg - OTC to RO/Special Case - All Related Objects/Email TextBox'

2019-01-09 12:53:12 - [TEST_STEP][PASSED] - click: Object: 'Object Repository/Final Object Repo/New Registration - Registration Module Pages/New Reg - OTC to RO/Special Case - All Related Objects/Next Button' is clicked on

2019-01-09 12:53:12 - [MESSAGE][PASSED] - Object: 'Object Repository/Final Object Repo/New Registration - Registration Module Pages/New Reg - OTC to RO/Special Case - All Related Objects/Next Button' is clicked on

2019-01-09 12:53:12 - [TEST_STEP][PASSED] - delay: Delayed 2 second(s)

2019-01-09 12:53:14 - [MESSAGE][PASSED] - Delayed 2 second(s)

2019-01-09 12:53:14 - [TEST_STEP][PASSED] - setText: Text 'Test1@3456789' is set on object 'Object Repository/Final Object Repo/New Registration - Registration Module Pages/New Reg - OTC to RO/Special Case - All Related Objects/Password TextBox'

2019-01-09 12:53:14 - [MESSAGE][PASSED] - Text 'Test1@3456789' is set on object 'Object Repository/Final Object Repo/New Registration - Registration Module Pages/New Reg - OTC to RO/Special Case - All Related Objects/Password TextBox'

2019-01-09 12:53:14 - [TEST_STEP][PASSED] - delay: Delayed 2 second(s)

2019-01-09 12:53:16 - [MESSAGE][PASSED] - Delayed 2 second(s)

2019-01-09 12:53:16 - [TEST_STEP][PASSED] - click: Object: 'Object Repository/Final Object Repo/New Registration - Registration Module Pages/New Reg - OTC to RO/Special Case - All Related Objects/Login Button' is clicked on

2019-01-09 12:53:17 - [MESSAGE][PASSED] - Object: 'Object Repository/Final Object Repo/New Registration - Registration Module Pages/New Reg - OTC to RO/Special Case - All Related Objects/Login Button' is clicked on

2019-01-09 12:53:17 - [TEST_STEP][PASSED] - delay: Delayed 2 second(s)

2019-01-09 12:53:19 - [MESSAGE][PASSED] - Delayed 2 second(s)

2019-01-09 12:53:19 - [TEST_STEP][PASSED] - Statement - Try: null

2019-01-09 12:53:19 - [TEST_STEP][PASSED] - Statement - Checker = com.kms.katalon.core.webui.keyword.WebUiBuiltInKeywords.verifyElementNotPresent("Final Object Repo/Landing Page/Select to English", 3): null

2019-01-09 12:53:19 - [TEST_STEP][PASSED] - Statement - Catch (Exception e): null

2019-01-09 12:53:19 - [TEST_STEP][PASSED] - Statement - e.printStackTrace(): null

2019-01-09 12:53:19 - [TEST_STEP][PASSED] - click: Object: 'Object Repository/Final Object Repo/New Registration - Registration Module Pages/New Reg - OTC to RO/Special Case - All Related Objects/Expand to Search' is clicked on

2019-01-09 12:53:21 - [MESSAGE][PASSED] - Object: 'Object Repository/Final Object Repo/New Registration - Registration Module Pages/New Reg - OTC to RO/Special Case - All Related Objects/Expand to Search' is clicked on

2019-01-09 12:53:21 - [TEST_STEP][PASSED] - delay: Delayed 2 second(s)

2019-01-09 12:53:23 - [MESSAGE][PASSED] - Delayed 2 second(s)

2019-01-09 12:53:23 - [TEST_STEP][PASSED] - setText: Text 'CRN01201900123682' is set on object 'Object Repository/Final Object Repo/New Registration - Registration Module Pages/New Reg - OTC to RO/Special Case - All Related Objects/TextBox RefNo in Workbasket'

2019-01-09 12:53:24 - [MESSAGE][PASSED] - Text 'CRN01201900123682' is set on object 'Object Repository/Final Object Repo/New Registration - Registration Module Pages/New Reg - OTC to RO/Special Case - All Related Objects/TextBox RefNo in Workbasket'

2019-01-09 12:53:24 - [TEST_STEP][PASSED] - delay: Delayed 2 second(s)

2019-01-09 12:53:26 - [MESSAGE][PASSED] - Delayed 2 second(s)

2019-01-09 12:53:26 - [TEST_STEP][PASSED] - click: Object: 'Object Repository/Final Object Repo/New Registration - Registration Module Pages/New Reg - OTC to RO/Special Case - All Related Objects/Click Search' is clicked on

2019-01-09 12:53:26 - [MESSAGE][PASSED] - Object: 'Object Repository/Final Object Repo/New Registration - Registration Module Pages/New Reg - OTC to RO/Special Case - All Related Objects/Click Search' is clicked on

2019-01-09 12:53:26 - [TEST_STEP][PASSED] - delay: Delayed 2 second(s)

2019-01-09 12:53:28 - [MESSAGE][PASSED] - Delayed 2 second(s)

2019-01-09 12:53:28 - [TEST_STEP][PASSED] - click: Object: 'Object Repository/Final Object Repo/New Registration - Registration Module Pages/New Reg - OTC to RO/Special Case - All Related Objects/Click to Continue Workflow' is clicked on

2019-01-09 12:53:32 - [MESSAGE][PASSED] - Object: 'Object Repository/Final Object Repo/New Registration - Registration Module Pages/New Reg - OTC to RO/Special Case - All Related Objects/Click to Continue Workflow' is clicked on

2019-01-09 12:53:32 - [TEST_STEP][PASSED] - delay: Delayed 4 second(s)

2019-01-09 12:53:36 - [MESSAGE][PASSED] - Delayed 4 second(s)

2019-01-09 12:53:36 - [TEST_STEP][PASSED] - click: Object: 'Object Repository/Final Object Repo/New Registration - Registration Module Pages/New Reg - OTC to RO/Special Case - All Related Objects/Continue Button in verifying case' is clicked on

2019-01-09 12:53:38 - [MESSAGE][PASSED] - Object: 'Object Repository/Final Object Repo/New Registration - Registration Module Pages/New Reg - OTC to RO/Special Case - All Related Objects/Continue Button in verifying case' is clicked on

2019-01-09 12:53:38 - [TEST_STEP][PASSED] - delay: Delayed 2 second(s)

2019-01-09 12:53:40 - [MESSAGE][PASSED] - Delayed 2 second(s)

2019-01-09 12:53:40 - [TEST_STEP][PASSED] - click: Object: 'Object Repository/Final Object Repo/New Registration - Registration Module Pages/Form 1/Registered As a Branch - Yes' is clicked on

2019-01-09 12:53:40 - [MESSAGE][PASSED] - Object: 'Object Repository/Final Object Repo/New Registration - Registration Module Pages/Form 1/Registered As a Branch - Yes' is clicked on

2019-01-09 12:53:40 - [TEST_STEP][PASSED] - delay: Delayed 2 second(s)

2019-01-09 12:53:42 - [MESSAGE][PASSED] - Delayed 2 second(s)

2019-01-09 12:53:42 - [TEST_STEP][PASSED] - click: Object: 'Object Repository/Final Object Repo/New Registration - Registration Module Pages/New Reg - OTC to RO/Special Case - All Related Objects/Form 1 Save n Continue' is clicked on

2019-01-09 12:53:42 - [MESSAGE][PASSED] - Object: 'Object Repository/Final Object Repo/New Registration - Registration Module Pages/New Reg - OTC to RO/Special Case - All Related Objects/Form 1 Save n Continue' is clicked on

2019-01-09 12:53:42 - [TEST_STEP][PASSED] - delay: Delayed 2 second(s)

2019-01-09 12:53:44 - [MESSAGE][PASSED] - Delayed 2 second(s)

2019-01-09 12:53:44 - [TEST_STEP][PASSED] - click: Object: 'Object Repository/Final Object Repo/New Registration - Registration Module Pages/New Reg - OTC to RO/Special Case - All Related Objects/Form 2 Save n Continue' is clicked on

2019-01-09 12:53:44 - [MESSAGE][PASSED] - Object: 'Object Repository/Final Object Repo/New Registration - Registration Module Pages/New Reg - OTC to RO/Special Case - All Related Objects/Form 2 Save n Continue' is clicked on

2019-01-09 12:53:44 - [TEST_STEP][PASSED] - delay: Delayed 2 second(s)

2019-01-09 12:53:46 - [MESSAGE][PASSED] - Delayed 2 second(s)

2019-01-09 12:53:46 - [TEST_STEP][PASSED] - click: Object: 'Object Repository/Final Object Repo/New Registration - Registration Module Pages/New Reg - OTC to RO/Special Case - All Related Objects/Third Screen Save n Continue' is clicked on

2019-01-09 12:53:52 - [MESSAGE][PASSED] - Object: 'Object Repository/Final Object Repo/New Registration - Registration Module Pages/New Reg - OTC to RO/Special Case - All Related Objects/Third Screen Save n Continue' is clicked on

2019-01-09 12:53:52 - [TEST_STEP][PASSED] - delay: Delayed 5 second(s)

2019-01-09 12:53:57 - [MESSAGE][PASSED] - Delayed 5 second(s)

2019-01-09 12:53:57 - [TEST_STEP][PASSED] - click: Object: 'Object Repository/Final Object Repo/New Registration - Registration Module Pages/New Reg - OTC to RO/Special Case - All Related Objects/Upload Doc Page Save n Continue' is clicked on

2019-01-09 12:53:57 - [MESSAGE][PASSED] - Object: 'Object Repository/Final Object Repo/New Registration - Registration Module Pages/New Reg - OTC to RO/Special Case - All Related Objects/Upload Doc Page Save n Continue' is clicked on

2019-01-09 12:53:57 - [TEST_STEP][PASSED] - delay: Delayed 5 second(s)

2019-01-09 12:54:02 - [MESSAGE][PASSED] - Delayed 5 second(s)

2019-01-09 12:54:02 - [TEST_STEP][PASSED] - callTestCase: Call Test Case 'Test Cases/Final Aug 2018 - PKS Automation/Registration Module/New Registration/Submit and Screenshot/Submit Registration and Screenshot' successfully

2019-01-09 12:54:02 - [TEST_CASE][PASSED] - Test Cases/Final Aug 2018 - PKS Automation/Registration Module/New Registration/Submit and Screenshot/Submit Registration and Screenshot: Test Cases/Final Aug 2018 - PKS Automation/Registration Module/New Registration/Submit and Screenshot/Submit Registration and Screenshot

2019-01-09 12:54:02 - [TEST_STEP][PASSED] - delay: Delayed 6 second(s)

2019-01-09 12:54:08 - [MESSAGE][PASSED] - Delayed 6 second(s)

2019-01-09 12:54:08 - [TEST_STEP][PASSED] - click: Object: 'Object Repository/Final Object Repo/New Registration - Registration Module Pages/Third Screen - Upload Supporting Doc- Preview/Preview Submit Button' is clicked on

2019-01-09 12:54:08 - [MESSAGE][PASSED] - Object: 'Object Repository/Final Object Repo/New Registration - Registration Module Pages/Third Screen - Upload Supporting Doc- Preview/Preview Submit Button' is clicked on

2019-01-09 12:54:08 - [TEST_STEP][PASSED] - delay: Delayed 2 second(s)

2019-01-09 12:54:10 - [MESSAGE][PASSED] - Delayed 2 second(s)

2019-01-09 12:54:10 - [TEST_STEP][PASSED] - click: Object: 'Object Repository/Final Object Repo/New Registration - Registration Module Pages/Third Screen - Upload Supporting Doc- Preview/Preview Submit - Confirm' is clicked on

2019-01-09 12:54:11 - [MESSAGE][PASSED] - Object: 'Object Repository/Final Object Repo/New Registration - Registration Module Pages/Third Screen - Upload Supporting Doc- Preview/Preview Submit - Confirm' is clicked on

2019-01-09 12:54:11 - [TEST_STEP][PASSED] - delay: Delayed 15 second(s)

2019-01-09 12:54:26 - [MESSAGE][PASSED] - Delayed 15 second(s)

2019-01-09 12:54:26 - [TEST_STEP][PASSED] - Statement - driver = com.kms.katalon.core.webui.driver.DriverFactory.getWebDriver(): null

2019-01-09 12:54:26 - [TEST_STEP][PASSED] - Statement - driver.manage().timeouts().implicitlyWait(10, SECONDS): null

2019-01-09 12:54:26 - [TEST_STEP][PASSED] - Statement - PresavePath = KatalonScreenshots: null

2019-01-09 12:54:26 - [TEST_STEP][PASSED] - Statement - pathPrefix = "C:\Users\Public\Pictures\Sample Pictures\Katalon Screenshots\Automate Ending Screen": null

2019-01-09 12:54:26 - [TEST_STEP][PASSED] - Statement - finalPath = <not implemented yet for class: org.codehaus.groovy.ast.expr.EmptyExpression>: null

2019-01-09 12:54:26 - [TEST_STEP][PASSED] - Statement - scrFile = driver.getScreenshotAs(FILE): null

2019-01-09 12:54:26 - [TEST_STEP][PASSED] - Statement - PreSaveFile = new java.io.File(PresavePath): null

2019-01-09 12:54:26 - [TEST_STEP][PASSED] - Statement - counter = 0: null

2019-01-09 12:54:26 - [TEST_STEP][PASSED] - Statement - If (PreSaveFile.exists()): null

2019-01-09 12:54:26 - [TEST_STEP][PASSED] - Statement - While (PreSaveFile.exists()): null

2019-01-09 12:54:26 - [TEST_STEP][PASSED] - Statement - counter = counter + 1: null

2019-01-09 12:54:26 - [TEST_STEP][PASSED] - Statement - PreSaveFile = new java.io.File(((pathPrefix + java.lang.Integer.toString(counter)) + .png)): null

2019-01-09 12:54:26 - [TEST_STEP][PASSED] - Statement - counter = counter + 1: null

2019-01-09 12:54:26 - [TEST_STEP][PASSED] - Statement - PreSaveFile = new java.io.File(((pathPrefix + java.lang.Integer.toString(counter)) + .png)): null

2019-01-09 12:54:26 - [TEST_STEP][PASSED] - Statement - counter = counter + 1: null

2019-01-09 12:54:26 - [TEST_STEP][PASSED] - Statement - PreSaveFile = new java.io.File(((pathPrefix + java.lang.Integer.toString(counter)) + .png)): null

2019-01-09 12:54:26 - [TEST_STEP][PASSED] - Statement - counter = counter + 1: null

2019-01-09 12:54:26 - [TEST_STEP][PASSED] - Statement - PreSaveFile = new java.io.File(((pathPrefix + java.lang.Integer.toString(counter)) + .png)): null

2019-01-09 12:54:26 - [TEST_STEP][PASSED] - Statement - counter = counter + 1: null

2019-01-09 12:54:26 - [TEST_STEP][PASSED] - Statement - PreSaveFile = new java.io.File(((pathPrefix + java.lang.Integer.toString(counter)) + .png)): null

2019-01-09 12:54:26 - [TEST_STEP][PASSED] - Statement - counter = counter + 1: null

2019-01-09 12:54:26 - [TEST_STEP][PASSED] - Statement - PreSaveFile = new java.io.File(((pathPrefix + java.lang.Integer.toString(counter)) + .png)): null

2019-01-09 12:54:26 - [TEST_STEP][PASSED] - Statement - counter = counter + 1: null

2019-01-09 12:54:26 - [TEST_STEP][PASSED] - Statement - PreSaveFile = new java.io.File(((pathPrefix + java.lang.Integer.toString(counter)) + .png)): null

2019-01-09 12:54:26 - [TEST_STEP][PASSED] - Statement - counter = counter + 1: null

2019-01-09 12:54:26 - [TEST_STEP][PASSED] - Statement - PreSaveFile = new java.io.File(((pathPrefix + java.lang.Integer.toString(counter)) + .png)): null

2019-01-09 12:54:26 - [TEST_STEP][PASSED] - Statement - counter = counter + 1: null

2019-01-09 12:54:26 - [TEST_STEP][PASSED] - Statement - PreSaveFile = new java.io.File(((pathPrefix + java.lang.Integer.toString(counter)) + .png)): null

2019-01-09 12:54:26 - [TEST_STEP][PASSED] - Statement - counter = counter + 1: null

2019-01-09 12:54:26 - [TEST_STEP][PASSED] - Statement - PreSaveFile = new java.io.File(((pathPrefix + java.lang.Integer.toString(counter)) + .png)): null

2019-01-09 12:54:26 - [TEST_STEP][PASSED] - Statement - counter = counter + 1: null

2019-01-09 12:54:26 - [TEST_STEP][PASSED] - Statement - PreSaveFile = new java.io.File(((pathPrefix + java.lang.Integer.toString(counter)) + .png)): null

2019-01-09 12:54:26 - [TEST_STEP][PASSED] - Statement - counter = counter + 1: null

2019-01-09 12:54:26 - [TEST_STEP][PASSED] - Statement - PreSaveFile = new java.io.File(((pathPrefix + java.lang.Integer.toString(counter)) + .png)): null

2019-01-09 12:54:26 - [TEST_STEP][PASSED] - Statement - counter = counter + 1: null

2019-01-09 12:54:26 - [TEST_STEP][PASSED] - Statement - PreSaveFile = new java.io.File(((pathPrefix + java.lang.Integer.toString(counter)) + .png)): null

2019-01-09 12:54:26 - [TEST_STEP][PASSED] - Statement - counter = counter + 1: null

2019-01-09 12:54:26 - [TEST_STEP][PASSED] - Statement - PreSaveFile = new java.io.File(((pathPrefix + java.lang.Integer.toString(counter)) + .png)): null

2019-01-09 12:54:26 - [TEST_STEP][PASSED] - Statement - counter = counter + 1: null

2019-01-09 12:54:26 - [TEST_STEP][PASSED] - Statement - PreSaveFile = new java.io.File(((pathPrefix + java.lang.Integer.toString(counter)) + .png)): null

2019-01-09 12:54:26 - [TEST_STEP][PASSED] - Statement - counter = counter + 1: null

2019-01-09 12:54:26 - [TEST_STEP][PASSED] - Statement - PreSaveFile = new java.io.File(((pathPrefix + java.lang.Integer.toString(counter)) + .png)): null

2019-01-09 12:54:26 - [TEST_STEP][PASSED] - Statement - counter = counter + 1: null

2019-01-09 12:54:26 - [TEST_STEP][PASSED] - Statement - PreSaveFile = new java.io.File(((pathPrefix + java.lang.Integer.toString(counter)) + .png)): null

2019-01-09 12:54:27 - [TEST_STEP][PASSED] - Statement - counter = counter + 1: null

2019-01-09 12:54:27 - [TEST_STEP][PASSED] - Statement - PreSaveFile = new java.io.File(((pathPrefix + java.lang.Integer.toString(counter)) + .png)): null

2019-01-09 12:54:27 - [TEST_STEP][PASSED] - Statement - counter = counter + 1: null

2019-01-09 12:54:27 - [TEST_STEP][PASSED] - Statement - PreSaveFile = new java.io.File(((pathPrefix + java.lang.Integer.toString(counter)) + .png)): null

2019-01-09 12:54:27 - [TEST_STEP][PASSED] - Statement - counter = counter + 1: null

2019-01-09 12:54:27 - [TEST_STEP][PASSED] - Statement - PreSaveFile = new java.io.File(((pathPrefix + java.lang.Integer.toString(counter)) + .png)): null

2019-01-09 12:54:27 - [TEST_STEP][PASSED] - Statement - counter = counter + 1: null

2019-01-09 12:54:27 - [TEST_STEP][PASSED] - Statement - PreSaveFile = new java.io.File(((pathPrefix + java.lang.Integer.toString(counter)) + .png)): null

2019-01-09 12:54:27 - [TEST_STEP][PASSED] - Statement - counter = counter + 1: null

2019-01-09 12:54:27 - [TEST_STEP][PASSED] - Statement - PreSaveFile = new java.io.File(((pathPrefix + java.lang.Integer.toString(counter)) + .png)): null

2019-01-09 12:54:27 - [TEST_STEP][PASSED] - Statement - counter = counter + 1: null

2019-01-09 12:54:27 - [TEST_STEP][PASSED] - Statement - PreSaveFile = new java.io.File(((pathPrefix + java.lang.Integer.toString(counter)) + .png)): null

2019-01-09 12:54:27 - [TEST_STEP][PASSED] - Statement - counter = counter + 1: null

2019-01-09 12:54:27 - [TEST_STEP][PASSED] - Statement - PreSaveFile = new java.io.File(((pathPrefix + java.lang.Integer.toString(counter)) + .png)): null

2019-01-09 12:54:27 - [TEST_STEP][PASSED] - Statement - counter = counter + 1: null

2019-01-09 12:54:27 - [TEST_STEP][PASSED] - Statement - PreSaveFile = new java.io.File(((pathPrefix + java.lang.Integer.toString(counter)) + .png)): null

2019-01-09 12:54:27 - [TEST_STEP][PASSED] - Statement - counter = counter + 1: null

2019-01-09 12:54:27 - [TEST_STEP][PASSED] - Statement - PreSaveFile = new java.io.File(((pathPrefix + java.lang.Integer.toString(counter)) + .png)): null

2019-01-09 12:54:27 - [TEST_STEP][PASSED] - Statement - counter = counter + 1: null

2019-01-09 12:54:27 - [TEST_STEP][PASSED] - Statement - PreSaveFile = new java.io.File(((pathPrefix + java.lang.Integer.toString(counter)) + .png)): null

2019-01-09 12:54:27 - [TEST_STEP][PASSED] - Statement - counter = counter + 1: null

2019-01-09 12:54:27 - [TEST_STEP][PASSED] - Statement - PreSaveFile = new java.io.File(((pathPrefix + java.lang.Integer.toString(counter)) + .png)): null

2019-01-09 12:54:27 - [TEST_STEP][PASSED] - Statement - counter = counter + 1: null

2019-01-09 12:54:27 - [TEST_STEP][PASSED] - Statement - PreSaveFile = new java.io.File(((pathPrefix + java.lang.Integer.toString(counter)) + .png)): null

2019-01-09 12:54:27 - [TEST_STEP][PASSED] - Statement - counter = counter + 1: null

2019-01-09 12:54:27 - [TEST_STEP][PASSED] - Statement - PreSaveFile = new java.io.File(((pathPrefix + java.lang.Integer.toString(counter)) + .png)): null

2019-01-09 12:54:27 - [TEST_STEP][PASSED] - Statement - counter = counter + 1: null

2019-01-09 12:54:27 - [TEST_STEP][PASSED] - Statement - PreSaveFile = new java.io.File(((pathPrefix + java.lang.Integer.toString(counter)) + .png)): null

2019-01-09 12:54:27 - [TEST_STEP][PASSED] - Statement - counter = counter + 1: null

2019-01-09 12:54:27 - [TEST_STEP][PASSED] - Statement - PreSaveFile = new java.io.File(((pathPrefix + java.lang.Integer.toString(counter)) + .png)): null

2019-01-09 12:54:27 - [TEST_STEP][PASSED] - Statement - counter = counter + 1: null

2019-01-09 12:54:27 - [TEST_STEP][PASSED] - Statement - PreSaveFile = new java.io.File(((pathPrefix + java.lang.Integer.toString(counter)) + .png)): null

2019-01-09 12:54:28 - [TEST_STEP][PASSED] - Statement - counter = counter + 1: null

2019-01-09 12:54:28 - [TEST_STEP][PASSED] - Statement - PreSaveFile = new java.io.File(((pathPrefix + java.lang.Integer.toString(counter)) + .png)): null

2019-01-09 12:54:28 - [TEST_STEP][PASSED] - Statement - counter = counter + 1: null

2019-01-09 12:54:28 - [TEST_STEP][PASSED] - Statement - PreSaveFile = new java.io.File(((pathPrefix + java.lang.Integer.toString(counter)) + .png)): null

2019-01-09 12:54:28 - [TEST_STEP][PASSED] - Statement - counter = counter + 1: null

2019-01-09 12:54:28 - [TEST_STEP][PASSED] - Statement - PreSaveFile = new java.io.File(((pathPrefix + java.lang.Integer.toString(counter)) + .png)): null

2019-01-09 12:54:28 - [TEST_STEP][PASSED] - Statement - counter = counter + 1: null

2019-01-09 12:54:28 - [TEST_STEP][PASSED] - Statement - PreSaveFile = new java.io.File(((pathPrefix + java.lang.Integer.toString(counter)) + .png)): null

2019-01-09 12:54:28 - [TEST_STEP][PASSED] - Statement - counter = counter + 1: null

2019-01-09 12:54:28 - [TEST_STEP][PASSED] - Statement - PreSaveFile = new java.io.File(((pathPrefix + java.lang.Integer.toString(counter)) + .png)): null

2019-01-09 12:54:28 - [TEST_STEP][PASSED] - Statement - counter = counter + 1: null

2019-01-09 12:54:28 - [TEST_STEP][PASSED] - Statement - PreSaveFile = new java.io.File(((pathPrefix + java.lang.Integer.toString(counter)) + .png)): null

2019-01-09 12:54:28 - [TEST_STEP][PASSED] - Statement - counter = counter + 1: null

2019-01-09 12:54:28 - [TEST_STEP][PASSED] - Statement - PreSaveFile = new java.io.File(((pathPrefix + java.lang.Integer.toString(counter)) + .png)): null

2019-01-09 12:54:28 - [TEST_STEP][PASSED] - Statement - counter = counter + 1: null

2019-01-09 12:54:28 - [TEST_STEP][PASSED] - Statement - PreSaveFile = new java.io.File(((pathPrefix + java.lang.Integer.toString(counter)) + .png)): null

2019-01-09 12:54:28 - [TEST_STEP][PASSED] - Statement - counter = counter + 1: null

2019-01-09 12:54:28 - [TEST_STEP][PASSED] - Statement - PreSaveFile = new java.io.File(((pathPrefix + java.lang.Integer.toString(counter)) + .png)): null

2019-01-09 12:54:28 - [TEST_STEP][PASSED] - Statement - counter = counter + 1: null

2019-01-09 12:54:29 - [TEST_STEP][PASSED] - Statement - PreSaveFile = new java.io.File(((pathPrefix + java.lang.Integer.toString(counter)) + .png)): null

2019-01-09 12:54:29 - [TEST_STEP][PASSED] - Statement - counter = counter + 1: null

2019-01-09 12:54:29 - [TEST_STEP][PASSED] - Statement - PreSaveFile = new java.io.File(((pathPrefix + java.lang.Integer.toString(counter)) + .png)): null

2019-01-09 12:54:29 - [TEST_STEP][PASSED] - Statement - counter = counter + 1: null

2019-01-09 12:54:29 - [TEST_STEP][PASSED] - Statement - PreSaveFile = new java.io.File(((pathPrefix + java.lang.Integer.toString(counter)) + .png)): null

2019-01-09 12:54:29 - [TEST_STEP][PASSED] - Statement - counter = counter + 1: null

2019-01-09 12:54:29 - [TEST_STEP][PASSED] - Statement - PreSaveFile = new java.io.File(((pathPrefix + java.lang.Integer.toString(counter)) + .png)): null

2019-01-09 12:54:29 - [TEST_STEP][PASSED] - Statement - counter = counter + 1: null

2019-01-09 12:54:29 - [TEST_STEP][PASSED] - Statement - PreSaveFile = new java.io.File(((pathPrefix + java.lang.Integer.toString(counter)) + .png)): null

2019-01-09 12:54:29 - [TEST_STEP][PASSED] - Statement - counter = counter + 1: null

2019-01-09 12:54:29 - [TEST_STEP][PASSED] - Statement - PreSaveFile = new java.io.File(((pathPrefix + java.lang.Integer.toString(counter)) + .png)): null

2019-01-09 12:54:29 - [TEST_STEP][PASSED] - Statement - counter = counter + 1: null

2019-01-09 12:54:29 - [TEST_STEP][PASSED] - Statement - PreSaveFile = new java.io.File(((pathPrefix + java.lang.Integer.toString(counter)) + .png)): null

2019-01-09 12:54:29 - [TEST_STEP][PASSED] - Statement - counter = counter + 1: null

2019-01-09 12:54:29 - [TEST_STEP][PASSED] - Statement - PreSaveFile = new java.io.File(((pathPrefix + java.lang.Integer.toString(counter)) + .png)): null

2019-01-09 12:54:29 - [TEST_STEP][PASSED] - Statement - counter = counter + 1: null

2019-01-09 12:54:29 - [TEST_STEP][PASSED] - Statement - PreSaveFile = new java.io.File(((pathPrefix + java.lang.Integer.toString(counter)) + .png)): null

2019-01-09 12:54:29 - [TEST_STEP][PASSED] - Statement - counter = counter + 1: null

2019-01-09 12:54:29 - [TEST_STEP][PASSED] - Statement - PreSaveFile = new java.io.File(((pathPrefix + java.lang.Integer.toString(counter)) + .png)): null

2019-01-09 12:54:29 - [TEST_STEP][PASSED] - Statement - counter = counter + 1: null

2019-01-09 12:54:30 - [TEST_STEP][PASSED] - Statement - PreSaveFile = new java.io.File(((pathPrefix + java.lang.Integer.toString(counter)) + .png)): null

2019-01-09 12:54:30 - [TEST_STEP][PASSED] - Statement - counter = counter + 1: null

2019-01-09 12:54:30 - [TEST_STEP][PASSED] - Statement - PreSaveFile = new java.io.File(((pathPrefix + java.lang.Integer.toString(counter)) + .png)): null

2019-01-09 12:54:30 - [TEST_STEP][PASSED] - Statement - counter = counter + 1: null

2019-01-09 12:54:30 - [TEST_STEP][PASSED] - Statement - PreSaveFile = new java.io.File(((pathPrefix + java.lang.Integer.toString(counter)) + .png)): null

2019-01-09 12:54:30 - [TEST_STEP][PASSED] - Statement - counter = counter + 1: null

2019-01-09 12:54:30 - [TEST_STEP][PASSED] - Statement - PreSaveFile = new java.io.File(((pathPrefix + java.lang.Integer.toString(counter)) + .png)): null

2019-01-09 12:54:30 - [TEST_STEP][PASSED] - Statement - counter = counter + 1: null

2019-01-09 12:54:30 - [TEST_STEP][PASSED] - Statement - PreSaveFile = new java.io.File(((pathPrefix + java.lang.Integer.toString(counter)) + .png)): null

2019-01-09 12:54:30 - [TEST_STEP][PASSED] - Statement - counter = counter + 1: null

2019-01-09 12:54:30 - [TEST_STEP][PASSED] - Statement - PreSaveFile = new java.io.File(((pathPrefix + java.lang.Integer.toString(counter)) + .png)): null

2019-01-09 12:54:30 - [TEST_STEP][PASSED] - Statement - counter = counter + 1: null

2019-01-09 12:54:30 - [TEST_STEP][PASSED] - Statement - PreSaveFile = new java.io.File(((pathPrefix + java.lang.Integer.toString(counter)) + .png)): null

2019-01-09 12:54:30 - [TEST_STEP][PASSED] - Statement - counter = counter + 1: null

2019-01-09 12:54:30 - [TEST_STEP][PASSED] - Statement - PreSaveFile = new java.io.File(((pathPrefix + java.lang.Integer.toString(counter)) + .png)): null

2019-01-09 12:54:30 - [TEST_STEP][PASSED] - Statement - counter = counter + 1: null

2019-01-09 12:54:30 - [TEST_STEP][PASSED] - Statement - PreSaveFile = new java.io.File(((pathPrefix + java.lang.Integer.toString(counter)) + .png)): null

2019-01-09 12:54:30 - [TEST_STEP][PASSED] - Statement - counter = counter + 1: null

2019-01-09 12:54:31 - [TEST_STEP][PASSED] - Statement - PreSaveFile = new java.io.File(((pathPrefix + java.lang.Integer.toString(counter)) + .png)): null

2019-01-09 12:54:31 - [TEST_STEP][PASSED] - Statement - counter = counter + 1: null

2019-01-09 12:54:31 - [TEST_STEP][PASSED] - Statement - PreSaveFile = new java.io.File(((pathPrefix + java.lang.Integer.toString(counter)) + .png)): null

2019-01-09 12:54:31 - [TEST_STEP][PASSED] - Statement - counter = counter + 1: null

2019-01-09 12:54:31 - [TEST_STEP][PASSED] - Statement - PreSaveFile = new java.io.File(((pathPrefix + java.lang.Integer.toString(counter)) + .png)): null

2019-01-09 12:54:31 - [TEST_STEP][PASSED] - Statement - counter = counter + 1: null

2019-01-09 12:54:31 - [TEST_STEP][PASSED] - Statement - PreSaveFile = new java.io.File(((pathPrefix + java.lang.Integer.toString(counter)) + .png)): null

2019-01-09 12:54:31 - [TEST_STEP][PASSED] - Statement - counter = counter + 1: null

2019-01-09 12:54:31 - [TEST_STEP][PASSED] - Statement - PreSaveFile = new java.io.File(((pathPrefix + java.lang.Integer.toString(counter)) + .png)): null

2019-01-09 12:54:31 - [TEST_STEP][PASSED] - Statement - counter = counter + 1: null

2019-01-09 12:54:31 - [TEST_STEP][PASSED] - Statement - PreSaveFile = new java.io.File(((pathPrefix + java.lang.Integer.toString(counter)) + .png)): null

2019-01-09 12:54:31 - [TEST_STEP][PASSED] - Statement - counter = counter + 1: null

2019-01-09 12:54:31 - [TEST_STEP][PASSED] - Statement - PreSaveFile = new java.io.File(((pathPrefix + java.lang.Integer.toString(counter)) + .png)): null

2019-01-09 12:54:31 - [TEST_STEP][PASSED] - Statement - counter = counter + 1: null

2019-01-09 12:54:31 - [TEST_STEP][PASSED] - Statement - PreSaveFile = new java.io.File(((pathPrefix + java.lang.Integer.toString(counter)) + .png)): null

2019-01-09 12:54:31 - [TEST_STEP][PASSED] - Statement - counter = counter + 1: null

2019-01-09 12:54:31 - [TEST_STEP][PASSED] - Statement - PreSaveFile = new java.io.File(((pathPrefix + java.lang.Integer.toString(counter)) + .png)): null

2019-01-09 12:54:31 - [TEST_STEP][PASSED] - Statement - counter = counter + 1: null

2019-01-09 12:54:31 - [TEST_STEP][PASSED] - Statement - PreSaveFile = new java.io.File(((pathPrefix + java.lang.Integer.toString(counter)) + .png)): null

2019-01-09 12:54:31 - [TEST_STEP][PASSED] - Statement - counter = counter + 1: null

2019-01-09 12:54:32 - [TEST_STEP][PASSED] - Statement - PreSaveFile = new java.io.File(((pathPrefix + java.lang.Integer.toString(counter)) + .png)): null

2019-01-09 12:54:32 - [TEST_STEP][PASSED] - Statement - finalPath = pathPrefix + java.lang.Integer.toString(counter) + ".png": null

2019-01-09 12:54:32 - [TEST_STEP][PASSED] - Statement - SaveFile = new java.io.File(finalPath): null

2019-01-09 12:54:32 - [TEST_STEP][PASSED] - Statement - Try: null

2019-01-09 12:54:32 - [TEST_STEP][PASSED] - Statement - org.apache.commons.io.FileUtils.copyFile(scrFile, SaveFile): null

2019-01-09 12:54:32 - [TEST_STEP][PASSED] - Statement - out.println("file kept"): null

2019-01-09 12:54:32 - [TEST_STEP][PASSED] - delay: Delayed 10 second(s)

2019-01-09 12:54:42 - [MESSAGE][PASSED] - Delayed 10 second(s)

2019-01-09 12:54:42 - [MESSAGE][PASSED] - Call Test Case 'Test Cases/Final Aug 2018 - PKS Automation/Registration Module/New Registration/Submit and Screenshot/Submit Registration and Screenshot' successfully

2019-01-09 12:54:42 - [TEST_STEP][PASSED] - callTestCase: Call Test Case 'Test Cases/Final Aug 2018 - PKS Automation/Registration Module/Log Out/log out avoiding katalon tagging' successfully

2019-01-09 12:54:42 - [TEST_CASE][PASSED] - Test Cases/Final Aug 2018 - PKS Automation/Registration Module/Log Out/log out avoiding katalon tagging: Test Cases/Final Aug 2018 - PKS Automation/Registration Module/Log Out/log out avoiding katalon tagging

2019-01-09 12:54:42 - [TEST_STEP][PASSED] - navigateToUrl: Navigate to 'https://assist2-uat.perkeso.gov.my/c/portal/logout' successfully

2019-01-09 12:54:42 - [MESSAGE][PASSED] - Navigate to 'https://assist2-uat.perkeso.gov.my/c/portal/logout' successfully

2019-01-09 12:54:42 - [MESSAGE][PASSED] - Call Test Case 'Test Cases/Final Aug 2018 - PKS Automation/Registration Module/Log Out/log out avoiding katalon tagging' successfully]]></system-out>
         <system-err><![CDATA[]]></system-err>
      </testcase>
      <system-out><![CDATA[2019-01-09 10:41:59 - [TEST_SUITE][FAILED] - New Registration: Test Cases/Final Aug 2018 - PKS Automation/Registration Module/Workflow/New Registration/Case PKR BO to RO - Query - Submit FAILED because (of) (Stack trace: com.kms.katalon.core.exception.StepFailedException: Unable to set text 'CRN01201900123669' of object 'Object Repository/Final Object Repo/New Registration - Registration Module Pages/New Reg - OTC to RO/Special Case - All Related Objects/TextBox RefNo in Workbasket' (Root cause: org.openqa.selenium.ElementNotVisibleException: element not interactable
  (Session info: chrome=71.0.3578.98)
  (Driver info: chromedriver=2.43.600210 (68dcf5eebde37173d4027fa8635e332711d2874a),platform=Windows NT 6.1.7601 SP1 x86_64) (WARNING: The server did not provide any stacktrace information)
Command duration or timeout: 0 milliseconds
Build info: version: '3.7.1', revision: '8a0099a', time: '2017-11-06T21:07:36.161Z'
System info: host: 'WIN7TEST02', ip: '10.20.3.72', os.name: 'Windows 7', os.arch: 'amd64', os.version: '6.1', java.version: '1.8.0_181'
Driver info: com.kms.katalon.selenium.driver.CChromeDriver
Capabilities {acceptInsecureCerts: false, acceptSslCerts: false, applicationCacheEnabled: false, browserConnectionEnabled: false, browserName: chrome, chrome: {chromedriverVersion: 2.43.600210 (68dcf5eebde371..., userDataDir: C:\Users\Admin\AppData\Loca...}, cssSelectorsEnabled: true, databaseEnabled: false, goog:chromeOptions: {debuggerAddress: localhost:52990}, handlesAlerts: true, hasTouchScreen: false, javascriptEnabled: true, locationContextEnabled: true, mobileEmulationEnabled: false, nativeEvents: true, networkConnectionEnabled: false, pageLoadStrategy: normal, platform: XP, platformName: XP, rotatable: false, setWindowRect: true, takesHeapSnapshot: true, takesScreenshot: true, unexpectedAlertBehaviour: , unhandledPromptBehavior: , version: 71.0.3578.98, webStorageEnabled: true}
Session ID: e28f2fe66d7da7451977e9544ed06eaf)
	at com.kms.katalon.core.keyword.internal.KeywordMain.stepFailed(KeywordMain.groovy:32)
	at com.kms.katalon.core.webui.keyword.internal.WebUIKeywordMain.stepFailed(WebUIKeywordMain.groovy:65)
	at com.kms.katalon.core.webui.keyword.internal.WebUIKeywordMain.runKeyword(WebUIKeywordMain.groovy:27)
	at com.kms.katalon.core.webui.keyword.builtin.SetTextKeyword.setText(SetTextKeyword.groovy:65)
	at com.kms.katalon.core.webui.keyword.builtin.SetTextKeyword.execute(SetTextKeyword.groovy:37)
	at com.kms.katalon.core.keyword.internal.KeywordExecutor.executeKeywordForPlatform(KeywordExecutor.groovy:53)
	at com.kms.katalon.core.webui.keyword.WebUiBuiltInKeywords.setText(WebUiBuiltInKeywords.groovy:950)
	at com.kms.katalon.core.webui.keyword.WebUiBuiltInKeywords$setText$1.call(Unknown Source)
	at org.codehaus.groovy.runtime.callsite.CallSiteArray.defaultCall(CallSiteArray.java:48)
	at org.codehaus.groovy.runtime.callsite.AbstractCallSite.call(AbstractCallSite.java:113)
	at org.codehaus.groovy.runtime.callsite.AbstractCallSite.call(AbstractCallSite.java:133)
	at Script1535619019036.run(Script1535619019036.groovy:73)
	at com.kms.katalon.core.main.ScriptEngine.run(ScriptEngine.java:183)
	at com.kms.katalon.core.main.ScriptEngine.runScriptAsRawText(ScriptEngine.java:108)
	at com.kms.katalon.core.main.TestCaseExecutor.runScript(TestCaseExecutor.java:294)
	at com.kms.katalon.core.main.TestCaseExecutor.doExecute(TestCaseExecutor.java:285)
	at com.kms.katalon.core.main.TestCaseExecutor.processExecutionPhase(TestCaseExecutor.java:264)
	at com.kms.katalon.core.main.TestCaseExecutor.accessMainPhase(TestCaseExecutor.java:256)
	at com.kms.katalon.core.main.TestCaseExecutor.execute(TestCaseExecutor.java:200)
	at com.kms.katalon.core.main.TestSuiteExecutor.accessTestCaseMainPhase(TestSuiteExecutor.java:129)
	at com.kms.katalon.core.main.TestSuiteExecutor.accessTestSuiteMainPhase(TestSuiteExecutor.java:112)
	at com.kms.katalon.core.main.TestSuiteExecutor.execute(TestSuiteExecutor.java:81)
	at com.kms.katalon.core.main.TestCaseMain.startTestSuite(TestCaseMain.java:142)
	at com.kms.katalon.core.main.TestCaseMain$startTestSuite$0.call(Unknown Source)
	at org.codehaus.groovy.runtime.callsite.CallSiteArray.defaultCall(CallSiteArray.java:48)
	at org.codehaus.groovy.runtime.callsite.AbstractCallSite.call(AbstractCallSite.java:113)
	at org.codehaus.groovy.runtime.callsite.AbstractCallSite.call(AbstractCallSite.java:141)
	at TempTestSuite1547001716520.run(TempTestSuite1547001716520.groovy:36)
	at groovy.lang.GroovyShell.runScriptOrMainOrTestOrRunnable(GroovyShell.java:263)
	at groovy.lang.GroovyShell.run(GroovyShell.java:518)
	at groovy.lang.GroovyShell.run(GroovyShell.java:507)
	at groovy.ui.GroovyMain.processOnce(GroovyMain.java:653)
	at groovy.ui.GroovyMain.run(GroovyMain.java:384)
	at groovy.ui.GroovyMain.process(GroovyMain.java:370)
	at groovy.ui.GroovyMain.processArgs(GroovyMain.java:129)
	at groovy.ui.GroovyMain.main(GroovyMain.java:109)
	at sun.reflect.NativeMethodAccessorImpl.invoke0(Native Method)
	at sun.reflect.NativeMethodAccessorImpl.invoke(NativeMethodAccessorImpl.java:62)
	at sun.reflect.DelegatingMethodAccessorImpl.invoke(DelegatingMethodAccessorImpl.java:43)
	at java.lang.reflect.Method.invoke(Method.java:498)
	at org.codehaus.groovy.tools.GroovyStarter.rootLoader(GroovyStarter.java:109)
	at org.codehaus.groovy.tools.GroovyStarter.main(GroovyStarter.java:131)
)]]></system-out>
      <system-err><![CDATA[2019-01-09 10:41:59 - [TEST_SUITE][FAILED] - New Registration: Test Cases/Final Aug 2018 - PKS Automation/Registration Module/Workflow/New Registration/Case PKR BO to RO - Query - Submit FAILED because (of) (Stack trace: com.kms.katalon.core.exception.StepFailedException: Unable to set text 'CRN01201900123669' of object 'Object Repository/Final Object Repo/New Registration - Registration Module Pages/New Reg - OTC to RO/Special Case - All Related Objects/TextBox RefNo in Workbasket' (Root cause: org.openqa.selenium.ElementNotVisibleException: element not interactable
  (Session info: chrome=71.0.3578.98)
  (Driver info: chromedriver=2.43.600210 (68dcf5eebde37173d4027fa8635e332711d2874a),platform=Windows NT 6.1.7601 SP1 x86_64) (WARNING: The server did not provide any stacktrace information)
Command duration or timeout: 0 milliseconds
Build info: version: '3.7.1', revision: '8a0099a', time: '2017-11-06T21:07:36.161Z'
System info: host: 'WIN7TEST02', ip: '10.20.3.72', os.name: 'Windows 7', os.arch: 'amd64', os.version: '6.1', java.version: '1.8.0_181'
Driver info: com.kms.katalon.selenium.driver.CChromeDriver
Capabilities {acceptInsecureCerts: false, acceptSslCerts: false, applicationCacheEnabled: false, browserConnectionEnabled: false, browserName: chrome, chrome: {chromedriverVersion: 2.43.600210 (68dcf5eebde371..., userDataDir: C:\Users\Admin\AppData\Loca...}, cssSelectorsEnabled: true, databaseEnabled: false, goog:chromeOptions: {debuggerAddress: localhost:52990}, handlesAlerts: true, hasTouchScreen: false, javascriptEnabled: true, locationContextEnabled: true, mobileEmulationEnabled: false, nativeEvents: true, networkConnectionEnabled: false, pageLoadStrategy: normal, platform: XP, platformName: XP, rotatable: false, setWindowRect: true, takesHeapSnapshot: true, takesScreenshot: true, unexpectedAlertBehaviour: , unhandledPromptBehavior: , version: 71.0.3578.98, webStorageEnabled: true}
Session ID: e28f2fe66d7da7451977e9544ed06eaf)
	at com.kms.katalon.core.keyword.internal.KeywordMain.stepFailed(KeywordMain.groovy:32)
	at com.kms.katalon.core.webui.keyword.internal.WebUIKeywordMain.stepFailed(WebUIKeywordMain.groovy:65)
	at com.kms.katalon.core.webui.keyword.internal.WebUIKeywordMain.runKeyword(WebUIKeywordMain.groovy:27)
	at com.kms.katalon.core.webui.keyword.builtin.SetTextKeyword.setText(SetTextKeyword.groovy:65)
	at com.kms.katalon.core.webui.keyword.builtin.SetTextKeyword.execute(SetTextKeyword.groovy:37)
	at com.kms.katalon.core.keyword.internal.KeywordExecutor.executeKeywordForPlatform(KeywordExecutor.groovy:53)
	at com.kms.katalon.core.webui.keyword.WebUiBuiltInKeywords.setText(WebUiBuiltInKeywords.groovy:950)
	at com.kms.katalon.core.webui.keyword.WebUiBuiltInKeywords$setText$1.call(Unknown Source)
	at org.codehaus.groovy.runtime.callsite.CallSiteArray.defaultCall(CallSiteArray.java:48)
	at org.codehaus.groovy.runtime.callsite.AbstractCallSite.call(AbstractCallSite.java:113)
	at org.codehaus.groovy.runtime.callsite.AbstractCallSite.call(AbstractCallSite.java:133)
	at Script1535619019036.run(Script1535619019036.groovy:73)
	at com.kms.katalon.core.main.ScriptEngine.run(ScriptEngine.java:183)
	at com.kms.katalon.core.main.ScriptEngine.runScriptAsRawText(ScriptEngine.java:108)
	at com.kms.katalon.core.main.TestCaseExecutor.runScript(TestCaseExecutor.java:294)
	at com.kms.katalon.core.main.TestCaseExecutor.doExecute(TestCaseExecutor.java:285)
	at com.kms.katalon.core.main.TestCaseExecutor.processExecutionPhase(TestCaseExecutor.java:264)
	at com.kms.katalon.core.main.TestCaseExecutor.accessMainPhase(TestCaseExecutor.java:256)
	at com.kms.katalon.core.main.TestCaseExecutor.execute(TestCaseExecutor.java:200)
	at com.kms.katalon.core.main.TestSuiteExecutor.accessTestCaseMainPhase(TestSuiteExecutor.java:129)
	at com.kms.katalon.core.main.TestSuiteExecutor.accessTestSuiteMainPhase(TestSuiteExecutor.java:112)
	at com.kms.katalon.core.main.TestSuiteExecutor.execute(TestSuiteExecutor.java:81)
	at com.kms.katalon.core.main.TestCaseMain.startTestSuite(TestCaseMain.java:142)
	at com.kms.katalon.core.main.TestCaseMain$startTestSuite$0.call(Unknown Source)
	at org.codehaus.groovy.runtime.callsite.CallSiteArray.defaultCall(CallSiteArray.java:48)
	at org.codehaus.groovy.runtime.callsite.AbstractCallSite.call(AbstractCallSite.java:113)
	at org.codehaus.groovy.runtime.callsite.AbstractCallSite.call(AbstractCallSite.java:141)
	at TempTestSuite1547001716520.run(TempTestSuite1547001716520.groovy:36)
	at groovy.lang.GroovyShell.runScriptOrMainOrTestOrRunnable(GroovyShell.java:263)
	at groovy.lang.GroovyShell.run(GroovyShell.java:518)
	at groovy.lang.GroovyShell.run(GroovyShell.java:507)
	at groovy.ui.GroovyMain.processOnce(GroovyMain.java:653)
	at groovy.ui.GroovyMain.run(GroovyMain.java:384)
	at groovy.ui.GroovyMain.process(GroovyMain.java:370)
	at groovy.ui.GroovyMain.processArgs(GroovyMain.java:129)
	at groovy.ui.GroovyMain.main(GroovyMain.java:109)
	at sun.reflect.NativeMethodAccessorImpl.invoke0(Native Method)
	at sun.reflect.NativeMethodAccessorImpl.invoke(NativeMethodAccessorImpl.java:62)
	at sun.reflect.DelegatingMethodAccessorImpl.invoke(DelegatingMethodAccessorImpl.java:43)
	at java.lang.reflect.Method.invoke(Method.java:498)
	at org.codehaus.groovy.tools.GroovyStarter.rootLoader(GroovyStarter.java:109)
	at org.codehaus.groovy.tools.GroovyStarter.main(GroovyStarter.java:131)
)]]></system-err>
   </testsuite>
</testsuites>
