<?xml version="1.0" encoding="UTF-8"?>
<testsuites name="Update Add New Employee" time="8522" tests="0" failures="13" errors="0">
   <testsuite name="Update Add New Employee" tests="0" failures="13" errors="0" time="8522" timestamp="2018-11-27 15:30:11" hostname="Admin - Win7Test02" id="Test Suites/Workflow/Update Add New Employee">
      <properties>
         <property name="deviceName" value=""/>
         <property name="devicePlatform" value=""/>
         <property name="logFolder" value="C:\\Users\\Admin\\Desktop\\PKS\\Perkeso Phase A\\Reports\\Workflow\\Update Add New Employee\\20181127_105057"/>
         <property name="logFiles" value="C:\\Users\\Admin\\Desktop\\PKS\\Perkeso Phase A\\Reports\\Workflow\\Update Add New Employee\\20181127_105057\\execution0.log, C:\\Users\\Admin\\Desktop\\PKS\\Perkeso Phase A\\Reports\\Workflow\\Update Add New Employee\\20181127_105057\\execution1.log, C:\\Users\\Admin\\Desktop\\PKS\\Perkeso Phase A\\Reports\\Workflow\\Update Add New Employee\\20181127_105057\\execution2.log"/>
         <property name="attachments" value="C:\\Users\\Admin\\Desktop\\PKS\\Perkeso Phase A\\Reports\\Workflow\\Update Add New Employee\\20181127_105057\\1543303866439.png, C:\\Users\\Admin\\Desktop\\PKS\\Perkeso Phase A\\Reports\\Workflow\\Update Add New Employee\\20181127_105057\\1543303917833.png, C:\\Users\\Admin\\Desktop\\PKS\\Perkeso Phase A\\Reports\\Workflow\\Update Add New Employee\\20181127_105057\\1543303968215.png, C:\\Users\\Admin\\Desktop\\PKS\\Perkeso Phase A\\Reports\\Workflow\\Update Add New Employee\\20181127_105057\\1543304018541.png, C:\\Users\\Admin\\Desktop\\PKS\\Perkeso Phase A\\Reports\\Workflow\\Update Add New Employee\\20181127_105057\\1543304152461.png, C:\\Users\\Admin\\Desktop\\PKS\\Perkeso Phase A\\Reports\\Workflow\\Update Add New Employee\\20181127_105057\\1543304190313.png, C:\\Users\\Admin\\Desktop\\PKS\\Perkeso Phase A\\Reports\\Workflow\\Update Add New Employee\\20181127_105057\\1543304870740.png, C:\\Users\\Admin\\Desktop\\PKS\\Perkeso Phase A\\Reports\\Workflow\\Update Add New Employee\\20181127_105057\\1543304908234.png, C:\\Users\\Admin\\Desktop\\PKS\\Perkeso Phase A\\Reports\\Workflow\\Update Add New Employee\\20181127_105057\\1543305577054.png, C:\\Users\\Admin\\Desktop\\PKS\\Perkeso Phase A\\Reports\\Workflow\\Update Add New Employee\\20181127_105057\\1543305614518.png, C:\\Users\\Admin\\Desktop\\PKS\\Perkeso Phase A\\Reports\\Workflow\\Update Add New Employee\\20181127_105057\\1543306292683.png, C:\\Users\\Admin\\Desktop\\PKS\\Perkeso Phase A\\Reports\\Workflow\\Update Add New Employee\\20181127_105057\\1543306330178.png, C:\\Users\\Admin\\Desktop\\PKS\\Perkeso Phase A\\Reports\\Workflow\\Update Add New Employee\\20181127_105057\\1543306981414.png, C:\\Users\\Admin\\Desktop\\PKS\\Perkeso Phase A\\Reports\\Workflow\\Update Add New Employee\\20181127_105057\\1543307018739.png, C:\\Users\\Admin\\Desktop\\PKS\\Perkeso Phase A\\Reports\\Workflow\\Update Add New Employee\\20181127_105057\\1543307648622.png, C:\\Users\\Admin\\Desktop\\PKS\\Perkeso Phase A\\Reports\\Workflow\\Update Add New Employee\\20181127_105057\\1543307685774.png, C:\\Users\\Admin\\Desktop\\PKS\\Perkeso Phase A\\Reports\\Workflow\\Update Add New Employee\\20181127_105057\\1543308301512.png, C:\\Users\\Admin\\Desktop\\PKS\\Perkeso Phase A\\Reports\\Workflow\\Update Add New Employee\\20181127_105057\\1543308338650.png, C:\\Users\\Admin\\Desktop\\PKS\\Perkeso Phase A\\Reports\\Workflow\\Update Add New Employee\\20181127_105057\\1543308961185.png, C:\\Users\\Admin\\Desktop\\PKS\\Perkeso Phase A\\Reports\\Workflow\\Update Add New Employee\\20181127_105057\\1543308998578.png, C:\\Users\\Admin\\Desktop\\PKS\\Perkeso Phase A\\Reports\\Workflow\\Update Add New Employee\\20181127_105057\\1543309610943.png, C:\\Users\\Admin\\Desktop\\PKS\\Perkeso Phase A\\Reports\\Workflow\\Update Add New Employee\\20181127_105057\\1543309648551.png, C:\\Users\\Admin\\Desktop\\PKS\\Perkeso Phase A\\Reports\\Workflow\\Update Add New Employee\\20181127_105057\\1543310289583.png, C:\\Users\\Admin\\Desktop\\PKS\\Perkeso Phase A\\Reports\\Workflow\\Update Add New Employee\\20181127_105057\\1543310327033.png, C:\\Users\\Admin\\Desktop\\PKS\\Perkeso Phase A\\Reports\\Workflow\\Update Add New Employee\\20181127_105057\\1543310966582.png, C:\\Users\\Admin\\Desktop\\PKS\\Perkeso Phase A\\Reports\\Workflow\\Update Add New Employee\\20181127_105057\\1543311003832.png, C:\\Users\\Admin\\Desktop\\PKS\\Perkeso Phase A\\Reports\\Workflow\\Update Add New Employee\\20181127_105057\\1543311613773.png, C:\\Users\\Admin\\Desktop\\PKS\\Perkeso Phase A\\Reports\\Workflow\\Update Add New Employee\\20181127_105057\\1543311650983.png, C:\\Users\\Admin\\Desktop\\PKS\\Perkeso Phase A\\Reports\\Workflow\\Update Add New Employee\\20181127_105057\\1543312269149.png, C:\\Users\\Admin\\Desktop\\PKS\\Perkeso Phase A\\Reports\\Workflow\\Update Add New Employee\\20181127_105057\\1543312306331.png"/>
         <property name="hostName" value="Admin - Win7Test02"/>
         <property name="os" value="Windows 7 64bit"/>
         <property name="katalonVersion" value="5.8.6.1"/>
         <property name="browser" value="Chrome 70.0.3538.102"/>
         <property name="hostAddress" value="10.20.3.72"/>
         <property name="sessionId" value="9957ce05bdd61724f9fd9986fa52a455"/>
         <property name="seleniumVersion" value="3.7.1"/>
         <property name="proxyInformation" value="ProxyInformation{proxyOption=NO_PROXY, proxyServerType=HTTP, password=, proxyServerAddress=, proxyServerPort=0}"/>
         <property name="platform" value="Windows 7"/>
      </properties>
      <testcase name="Test Cases/Final Aug 2018 - PKS Automation/Registration Module/Workflow/Update Add New Employee/Add Employee and Set Incomplete ( OTC - PKRBO)" classname="Test Cases/Final Aug 2018 - PKS Automation/Registration Module/Workflow/Update Add New Employee/Add Employee and Set Incomplete ( OTC - PKRBO)" status="FAILED">
         <failure type="FAILED" message="(Stack trace: com.kms.katalon.core.exception.StepFailedException: Unable to click on object 'Object Repository/Final Object Repo/Landing Page/Select to English' (Root cause: com.kms.katalon.core.webui.exception.WebElementNotFoundException: Web element with id: 'Object Repository/Final Object Repo/Landing Page/Select to English' located by 'By.xpath: //a[@class = 'taglib-language-list-text' and @lang = 'en-US' and (contains(text(), 'EN') or contains(., 'EN'))]' not found)
	at com.kms.katalon.core.keyword.internal.KeywordMain.stepFailed(KeywordMain.groovy:32)
	at com.kms.katalon.core.webui.keyword.internal.WebUIKeywordMain.stepFailed(WebUIKeywordMain.groovy:65)
	at com.kms.katalon.core.webui.keyword.internal.WebUIKeywordMain.runKeyword(WebUIKeywordMain.groovy:27)
	at com.kms.katalon.core.webui.keyword.builtin.ClickKeyword.click(ClickKeyword.groovy:86)
	at com.kms.katalon.core.webui.keyword.builtin.ClickKeyword.execute(ClickKeyword.groovy:67)
	at com.kms.katalon.core.keyword.internal.KeywordExecutor.executeKeywordForPlatform(KeywordExecutor.groovy:53)
	at com.kms.katalon.core.webui.keyword.WebUiBuiltInKeywords.click(WebUiBuiltInKeywords.groovy:604)
	at com.kms.katalon.core.webui.keyword.WebUiBuiltInKeywords$click$6.call(Unknown Source)
	at org.codehaus.groovy.runtime.callsite.CallSiteArray.defaultCall(CallSiteArray.java:48)
	at org.codehaus.groovy.runtime.callsite.AbstractCallSite.call(AbstractCallSite.java:113)
	at org.codehaus.groovy.runtime.callsite.AbstractCallSite.call(AbstractCallSite.java:133)
	at Script1534407542420.run(Script1534407542420.groovy:57)
	at com.kms.katalon.core.main.ScriptEngine.run(ScriptEngine.java:183)
	at com.kms.katalon.core.main.ScriptEngine.runScriptAsRawText(ScriptEngine.java:108)
	at com.kms.katalon.core.main.TestCaseExecutor.runScript(TestCaseExecutor.java:294)
	at com.kms.katalon.core.main.TestCaseExecutor.doExecute(TestCaseExecutor.java:285)
	at com.kms.katalon.core.main.TestCaseExecutor.processExecutionPhase(TestCaseExecutor.java:264)
	at com.kms.katalon.core.main.TestCaseExecutor.accessMainPhase(TestCaseExecutor.java:256)
	at com.kms.katalon.core.main.TestCaseExecutor.execute(TestCaseExecutor.java:200)
	at com.kms.katalon.core.main.TestCaseMain.runTestCase(TestCaseMain.java:99)
	at com.kms.katalon.core.keyword.builtin.CallTestCaseKeyword$_callTestCase_closure1.doCall(CallTestCaseKeyword.groovy:60)
	at com.kms.katalon.core.keyword.builtin.CallTestCaseKeyword$_callTestCase_closure1.call(CallTestCaseKeyword.groovy)
	at com.kms.katalon.core.keyword.internal.KeywordMain.runKeyword(KeywordMain.groovy:54)
	at com.kms.katalon.core.keyword.builtin.CallTestCaseKeyword.callTestCase(CallTestCaseKeyword.groovy:81)
	at com.kms.katalon.core.keyword.builtin.CallTestCaseKeyword.execute(CallTestCaseKeyword.groovy:45)
	at com.kms.katalon.core.keyword.internal.KeywordExecutor.executeKeywordForPlatform(KeywordExecutor.groovy:53)
	at com.kms.katalon.core.keyword.BuiltinKeywords.callTestCase(BuiltinKeywords.groovy:334)
	at sun.reflect.NativeMethodAccessorImpl.invoke0(Native Method)
	at sun.reflect.NativeMethodAccessorImpl.invoke(NativeMethodAccessorImpl.java:62)
	at sun.reflect.DelegatingMethodAccessorImpl.invoke(DelegatingMethodAccessorImpl.java:43)
	at java.lang.reflect.Method.invoke(Method.java:498)
	at org.codehaus.groovy.reflection.CachedMethod.invoke(CachedMethod.java:93)
	at groovy.lang.MetaMethod.doMethodInvoke(MetaMethod.java:325)
	at groovy.lang.MetaClassImpl.invokeStaticMethod(MetaClassImpl.java:1469)
	at org.codehaus.groovy.runtime.callsite.StaticMetaClassSite.call(StaticMetaClassSite.java:53)
	at org.codehaus.groovy.runtime.callsite.CallSiteArray.defaultCall(CallSiteArray.java:48)
	at org.codehaus.groovy.runtime.callsite.AbstractCallSite.call(AbstractCallSite.java:113)
	at org.codehaus.groovy.runtime.callsite.AbstractCallSite.call(AbstractCallSite.java:141)
	at Script1535947244917.run(Script1535947244917.groovy:131)
	at com.kms.katalon.core.main.ScriptEngine.run(ScriptEngine.java:183)
	at com.kms.katalon.core.main.ScriptEngine.runScriptAsRawText(ScriptEngine.java:108)
	at com.kms.katalon.core.main.TestCaseExecutor.runScript(TestCaseExecutor.java:294)
	at com.kms.katalon.core.main.TestCaseExecutor.doExecute(TestCaseExecutor.java:285)
	at com.kms.katalon.core.main.TestCaseExecutor.processExecutionPhase(TestCaseExecutor.java:264)
	at com.kms.katalon.core.main.TestCaseExecutor.accessMainPhase(TestCaseExecutor.java:256)
	at com.kms.katalon.core.main.TestCaseExecutor.execute(TestCaseExecutor.java:200)
	at com.kms.katalon.core.main.TestSuiteExecutor.accessTestCaseMainPhase(TestSuiteExecutor.java:129)
	at com.kms.katalon.core.main.TestSuiteExecutor.accessTestSuiteMainPhase(TestSuiteExecutor.java:112)
	at com.kms.katalon.core.main.TestSuiteExecutor.execute(TestSuiteExecutor.java:81)
	at com.kms.katalon.core.main.TestCaseMain.startTestSuite(TestCaseMain.java:142)
	at com.kms.katalon.core.main.TestCaseMain$startTestSuite$0.call(Unknown Source)
	at org.codehaus.groovy.runtime.callsite.CallSiteArray.defaultCall(CallSiteArray.java:48)
	at org.codehaus.groovy.runtime.callsite.AbstractCallSite.call(AbstractCallSite.java:113)
	at org.codehaus.groovy.runtime.callsite.AbstractCallSite.call(AbstractCallSite.java:141)
	at TempTestSuite1543287057153.run(TempTestSuite1543287057153.groovy:36)
	at groovy.lang.GroovyShell.runScriptOrMainOrTestOrRunnable(GroovyShell.java:263)
	at groovy.lang.GroovyShell.run(GroovyShell.java:518)
	at groovy.lang.GroovyShell.run(GroovyShell.java:507)
	at groovy.ui.GroovyMain.processOnce(GroovyMain.java:653)
	at groovy.ui.GroovyMain.run(GroovyMain.java:384)
	at groovy.ui.GroovyMain.process(GroovyMain.java:370)
	at groovy.ui.GroovyMain.processArgs(GroovyMain.java:129)
	at groovy.ui.GroovyMain.main(GroovyMain.java:109)
	at sun.reflect.NativeMethodAccessorImpl.invoke0(Native Method)
	at sun.reflect.NativeMethodAccessorImpl.invoke(NativeMethodAccessorImpl.java:62)
	at sun.reflect.DelegatingMethodAccessorImpl.invoke(DelegatingMethodAccessorImpl.java:43)
	at java.lang.reflect.Method.invoke(Method.java:498)
	at org.codehaus.groovy.tools.GroovyStarter.rootLoader(GroovyStarter.java:109)
	at org.codehaus.groovy.tools.GroovyStarter.main(GroovyStarter.java:131)
)"/>
         <system-out><![CDATA[2018-11-27 15:30:12 - [TEST_CASE][FAILED] - Test Cases/Final Aug 2018 - PKS Automation/Registration Module/Workflow/Update Add New Employee/Add Employee and Set Incomplete ( OTC - PKRBO): Test Cases/Final Aug 2018 - PKS Automation/Registration Module/Workflow/Update Add New Employee/Add Employee and Set Incomplete ( OTC - PKRBO) FAILED because (of) (Stack trace: com.kms.katalon.core.exception.StepFailedException: Unable to click on object 'Object Repository/Final Object Repo/Landing Page/Select to English' (Root cause: com.kms.katalon.core.webui.exception.WebElementNotFoundException: Web element with id: 'Object Repository/Final Object Repo/Landing Page/Select to English' located by 'By.xpath: //a[@class = 'taglib-language-list-text' and @lang = 'en-US' and (contains(text(), 'EN') or contains(., 'EN'))]' not found)
	at com.kms.katalon.core.keyword.internal.KeywordMain.stepFailed(KeywordMain.groovy:32)
	at com.kms.katalon.core.webui.keyword.internal.WebUIKeywordMain.stepFailed(WebUIKeywordMain.groovy:65)
	at com.kms.katalon.core.webui.keyword.internal.WebUIKeywordMain.runKeyword(WebUIKeywordMain.groovy:27)
	at com.kms.katalon.core.webui.keyword.builtin.ClickKeyword.click(ClickKeyword.groovy:86)
	at com.kms.katalon.core.webui.keyword.builtin.ClickKeyword.execute(ClickKeyword.groovy:67)
	at com.kms.katalon.core.keyword.internal.KeywordExecutor.executeKeywordForPlatform(KeywordExecutor.groovy:53)
	at com.kms.katalon.core.webui.keyword.WebUiBuiltInKeywords.click(WebUiBuiltInKeywords.groovy:604)
	at com.kms.katalon.core.webui.keyword.WebUiBuiltInKeywords$click$6.call(Unknown Source)
	at org.codehaus.groovy.runtime.callsite.CallSiteArray.defaultCall(CallSiteArray.java:48)
	at org.codehaus.groovy.runtime.callsite.AbstractCallSite.call(AbstractCallSite.java:113)
	at org.codehaus.groovy.runtime.callsite.AbstractCallSite.call(AbstractCallSite.java:133)
	at Script1534407542420.run(Script1534407542420.groovy:57)
	at com.kms.katalon.core.main.ScriptEngine.run(ScriptEngine.java:183)
	at com.kms.katalon.core.main.ScriptEngine.runScriptAsRawText(ScriptEngine.java:108)
	at com.kms.katalon.core.main.TestCaseExecutor.runScript(TestCaseExecutor.java:294)
	at com.kms.katalon.core.main.TestCaseExecutor.doExecute(TestCaseExecutor.java:285)
	at com.kms.katalon.core.main.TestCaseExecutor.processExecutionPhase(TestCaseExecutor.java:264)
	at com.kms.katalon.core.main.TestCaseExecutor.accessMainPhase(TestCaseExecutor.java:256)
	at com.kms.katalon.core.main.TestCaseExecutor.execute(TestCaseExecutor.java:200)
	at com.kms.katalon.core.main.TestCaseMain.runTestCase(TestCaseMain.java:99)
	at com.kms.katalon.core.keyword.builtin.CallTestCaseKeyword$_callTestCase_closure1.doCall(CallTestCaseKeyword.groovy:60)
	at com.kms.katalon.core.keyword.builtin.CallTestCaseKeyword$_callTestCase_closure1.call(CallTestCaseKeyword.groovy)
	at com.kms.katalon.core.keyword.internal.KeywordMain.runKeyword(KeywordMain.groovy:54)
	at com.kms.katalon.core.keyword.builtin.CallTestCaseKeyword.callTestCase(CallTestCaseKeyword.groovy:81)
	at com.kms.katalon.core.keyword.builtin.CallTestCaseKeyword.execute(CallTestCaseKeyword.groovy:45)
	at com.kms.katalon.core.keyword.internal.KeywordExecutor.executeKeywordForPlatform(KeywordExecutor.groovy:53)
	at com.kms.katalon.core.keyword.BuiltinKeywords.callTestCase(BuiltinKeywords.groovy:334)
	at sun.reflect.NativeMethodAccessorImpl.invoke0(Native Method)
	at sun.reflect.NativeMethodAccessorImpl.invoke(NativeMethodAccessorImpl.java:62)
	at sun.reflect.DelegatingMethodAccessorImpl.invoke(DelegatingMethodAccessorImpl.java:43)
	at java.lang.reflect.Method.invoke(Method.java:498)
	at org.codehaus.groovy.reflection.CachedMethod.invoke(CachedMethod.java:93)
	at groovy.lang.MetaMethod.doMethodInvoke(MetaMethod.java:325)
	at groovy.lang.MetaClassImpl.invokeStaticMethod(MetaClassImpl.java:1469)
	at org.codehaus.groovy.runtime.callsite.StaticMetaClassSite.call(StaticMetaClassSite.java:53)
	at org.codehaus.groovy.runtime.callsite.CallSiteArray.defaultCall(CallSiteArray.java:48)
	at org.codehaus.groovy.runtime.callsite.AbstractCallSite.call(AbstractCallSite.java:113)
	at org.codehaus.groovy.runtime.callsite.AbstractCallSite.call(AbstractCallSite.java:141)
	at Script1535947244917.run(Script1535947244917.groovy:131)
	at com.kms.katalon.core.main.ScriptEngine.run(ScriptEngine.java:183)
	at com.kms.katalon.core.main.ScriptEngine.runScriptAsRawText(ScriptEngine.java:108)
	at com.kms.katalon.core.main.TestCaseExecutor.runScript(TestCaseExecutor.java:294)
	at com.kms.katalon.core.main.TestCaseExecutor.doExecute(TestCaseExecutor.java:285)
	at com.kms.katalon.core.main.TestCaseExecutor.processExecutionPhase(TestCaseExecutor.java:264)
	at com.kms.katalon.core.main.TestCaseExecutor.accessMainPhase(TestCaseExecutor.java:256)
	at com.kms.katalon.core.main.TestCaseExecutor.execute(TestCaseExecutor.java:200)
	at com.kms.katalon.core.main.TestSuiteExecutor.accessTestCaseMainPhase(TestSuiteExecutor.java:129)
	at com.kms.katalon.core.main.TestSuiteExecutor.accessTestSuiteMainPhase(TestSuiteExecutor.java:112)
	at com.kms.katalon.core.main.TestSuiteExecutor.execute(TestSuiteExecutor.java:81)
	at com.kms.katalon.core.main.TestCaseMain.startTestSuite(TestCaseMain.java:142)
	at com.kms.katalon.core.main.TestCaseMain$startTestSuite$0.call(Unknown Source)
	at org.codehaus.groovy.runtime.callsite.CallSiteArray.defaultCall(CallSiteArray.java:48)
	at org.codehaus.groovy.runtime.callsite.AbstractCallSite.call(AbstractCallSite.java:113)
	at org.codehaus.groovy.runtime.callsite.AbstractCallSite.call(AbstractCallSite.java:141)
	at TempTestSuite1543287057153.run(TempTestSuite1543287057153.groovy:36)
	at groovy.lang.GroovyShell.runScriptOrMainOrTestOrRunnable(GroovyShell.java:263)
	at groovy.lang.GroovyShell.run(GroovyShell.java:518)
	at groovy.lang.GroovyShell.run(GroovyShell.java:507)
	at groovy.ui.GroovyMain.processOnce(GroovyMain.java:653)
	at groovy.ui.GroovyMain.run(GroovyMain.java:384)
	at groovy.ui.GroovyMain.process(GroovyMain.java:370)
	at groovy.ui.GroovyMain.processArgs(GroovyMain.java:129)
	at groovy.ui.GroovyMain.main(GroovyMain.java:109)
	at sun.reflect.NativeMethodAccessorImpl.invoke0(Native Method)
	at sun.reflect.NativeMethodAccessorImpl.invoke(NativeMethodAccessorImpl.java:62)
	at sun.reflect.DelegatingMethodAccessorImpl.invoke(DelegatingMethodAccessorImpl.java:43)
	at java.lang.reflect.Method.invoke(Method.java:498)
	at org.codehaus.groovy.tools.GroovyStarter.rootLoader(GroovyStarter.java:109)
	at org.codehaus.groovy.tools.GroovyStarter.main(GroovyStarter.java:131)
)

2018-11-27 15:30:13 - [TEST_STEP][PASSED] - openBrowser: Browser is opened with url: ''

2018-11-27 15:30:18 - [MESSAGE][PASSED] - Browser is opened with url: ''

2018-11-27 15:30:18 - [TEST_STEP][PASSED] - navigateToUrl: Navigate to 'https://assist2-uat.perkeso.gov.my/login' successfully

2018-11-27 15:30:19 - [MESSAGE][PASSED] - Navigate to 'https://assist2-uat.perkeso.gov.my/login' successfully

2018-11-27 15:30:19 - [TEST_STEP][PASSED] - callTestCase: Call Test Case 'Test Cases/Final Aug 2018 - PKS Automation/Registration Module/New Registration/Form 2/Date Updater' successfully

2018-11-27 15:30:19 - [TEST_CASE][PASSED] - Test Cases/Final Aug 2018 - PKS Automation/Registration Module/New Registration/Form 2/Date Updater: Test Cases/Final Aug 2018 - PKS Automation/Registration Module/New Registration/Form 2/Date Updater

2018-11-27 15:30:20 - [TEST_STEP][PASSED] - Statement - TodayDate = new java.util.Date(): null

2018-11-27 15:30:20 - [TEST_STEP][PASSED] - Statement - CurrentDateNoFilter = new java.text.SimpleDateFormat(): null

2018-11-27 15:30:20 - [TEST_STEP][PASSED] - Statement - CurrentDateNoFilter.applyPattern("dd"): null

2018-11-27 15:30:20 - [TEST_STEP][PASSED] - Statement - CurrentDate = CurrentDateNoFilter.format(TodayDate): null

2018-11-27 15:30:20 - [TEST_STEP][PASSED] - Statement - CurrentDate = java.lang.Integer.parseInt(CurrentDate): null

2018-11-27 15:30:20 - [TEST_STEP][PASSED] - Statement - CurrentDate = CurrentDate: null

2018-11-27 15:30:20 - [TEST_STEP][PASSED] - Statement - CurrentDay = java.lang.Integer.parseInt(CurrentDate): null

2018-11-27 15:30:20 - [TEST_STEP][PASSED] - Statement - aDayBefore = CurrentDay + 1: null

2018-11-27 15:30:20 - [TEST_STEP][PASSED] - Statement - DayBefore = aDayBefore.toString(): null

2018-11-27 15:30:20 - [TEST_STEP][PASSED] - Statement - OneDayBefore = DayBefore: null

2018-11-27 15:30:20 - [TEST_STEP][PASSED] - Statement - CurrentDateNoFilter.applyPattern("MM"): null

2018-11-27 15:30:20 - [TEST_STEP][PASSED] - Statement - monthContainerMatcher = java.lang.Integer.parseInt(CurrentDateNoFilter.format(TodayDate)): null

2018-11-27 15:30:20 - [TEST_STEP][PASSED] - Statement - monthContainerMatcher = monthContainerMatcher - 1: null

2018-11-27 15:30:20 - [TEST_STEP][PASSED] - Statement - CurrentMonth = monthContainerMatcher.toString(): null

2018-11-27 15:30:20 - [TEST_STEP][PASSED] - Statement - CurrentMonth = CurrentMonth: null

2018-11-27 15:30:20 - [TEST_STEP][PASSED] - Statement - CurrentDateNoFilter.applyPattern("yyyy"): null

2018-11-27 15:30:20 - [TEST_STEP][PASSED] - Statement - CurrentYear = CurrentDateNoFilter.format(TodayDate): null

2018-11-27 15:30:20 - [TEST_STEP][PASSED] - Statement - CurrentYear = CurrentYear: null

2018-11-27 15:30:20 - [TEST_STEP][PASSED] - Statement - intCurrentYear = java.lang.Integer.parseInt(CurrentDateNoFilter.format(TodayDate)): null

2018-11-27 15:30:20 - [TEST_STEP][PASSED] - Statement - eighteenYrsAgo = intCurrentYear - 18: null

2018-11-27 15:30:20 - [TEST_STEP][PASSED] - Statement - eighteenYrsBeforeThisYr = eighteenYrsAgo.toString(): null

2018-11-27 15:30:20 - [TEST_STEP][PASSED] - Statement - EighteenYrsBefore = eighteenYrsBeforeThisYr: null

2018-11-27 15:30:20 - [TEST_STEP][PASSED] - Statement - fiftysevenYrsAgo = intCurrentYear - 57: null

2018-11-27 15:30:20 - [TEST_STEP][PASSED] - Statement - fiftysevenYrsBeforeThisYr = fiftysevenYrsAgo.toString(): null

2018-11-27 15:30:20 - [TEST_STEP][PASSED] - Statement - FiftysevenYrsBefore = fiftysevenYrsBeforeThisYr: null

2018-11-27 15:30:20 - [MESSAGE][PASSED] - Call Test Case 'Test Cases/Final Aug 2018 - PKS Automation/Registration Module/New Registration/Form 2/Date Updater' successfully

2018-11-27 15:30:20 - [TEST_STEP][PASSED] - delay: Delayed 2 second(s)

2018-11-27 15:30:22 - [MESSAGE][PASSED] - Delayed 2 second(s)

2018-11-27 15:30:22 - [TEST_STEP][PASSED] - setText: Text 'klotc2@gmail.com' is set on object 'Object Repository/Final Object Repo/Page_Update Add New Employee - ASSIST/Email TextBox'

2018-11-27 15:30:22 - [MESSAGE][PASSED] - Text 'klotc2@gmail.com' is set on object 'Object Repository/Final Object Repo/Page_Update Add New Employee - ASSIST/Email TextBox'

2018-11-27 15:30:22 - [TEST_STEP][PASSED] - click: Object: 'Object Repository/Final Object Repo/Page_Update Add New Employee - ASSIST/Next Button' is clicked on

2018-11-27 15:30:22 - [MESSAGE][PASSED] - Object: 'Object Repository/Final Object Repo/Page_Update Add New Employee - ASSIST/Next Button' is clicked on

2018-11-27 15:30:22 - [TEST_STEP][PASSED] - delay: Delayed 2 second(s)

2018-11-27 15:30:24 - [MESSAGE][PASSED] - Delayed 2 second(s)

2018-11-27 15:30:24 - [TEST_STEP][PASSED] - setText: Text 'Test1@3456789' is set on object 'Object Repository/Final Object Repo/Page_Update Add New Employee - ASSIST/Password TextBox'

2018-11-27 15:30:25 - [MESSAGE][PASSED] - Text 'Test1@3456789' is set on object 'Object Repository/Final Object Repo/Page_Update Add New Employee - ASSIST/Password TextBox'

2018-11-27 15:30:25 - [TEST_STEP][PASSED] - delay: Delayed 2 second(s)

2018-11-27 15:30:27 - [MESSAGE][PASSED] - Delayed 2 second(s)

2018-11-27 15:30:27 - [TEST_STEP][PASSED] - click: Object: 'Object Repository/Final Object Repo/Page_Update Add New Employee - ASSIST/Login Button' is clicked on

2018-11-27 15:30:27 - [MESSAGE][PASSED] - Object: 'Object Repository/Final Object Repo/Page_Update Add New Employee - ASSIST/Login Button' is clicked on

2018-11-27 15:30:27 - [TEST_STEP][PASSED] - delay: Delayed 4 second(s)

2018-11-27 15:30:31 - [MESSAGE][PASSED] - Delayed 4 second(s)

2018-11-27 15:30:31 - [TEST_STEP][PASSED] - Statement - Try: Delayed 2 second(s)

2018-11-27 15:30:31 - [TEST_STEP][PASSED] - Statement - Checker = false: null

2018-11-27 15:30:31 - [TEST_STEP][PASSED] - Statement - Checker = com.kms.katalon.core.webui.keyword.WebUiBuiltInKeywords.verifyElementHasAttribute(com.kms.katalon.core.testobject.ObjectRepository.findTestObject(Final Object Repo/Landing Page/BM Detecting), "href", 20, OPTIONAL): Object 'Object Repository/Final Object Repo/Landing Page/BM Detecting' has attribute 'href'

2018-11-27 15:30:31 - [MESSAGE][PASSED] - Object 'Object Repository/Final Object Repo/Landing Page/BM Detecting' has attribute 'href'

2018-11-27 15:30:31 - [TEST_STEP][PASSED] - Statement - out.println(Checker): null

2018-11-27 15:30:31 - [TEST_STEP][PASSED] - Statement - If (Checker == false): null

2018-11-27 15:30:31 - [TEST_STEP][PASSED] - Statement - Else: null

2018-11-27 15:30:31 - [TEST_STEP][PASSED] - delay: Delayed 2 second(s)

2018-11-27 15:30:33 - [MESSAGE][PASSED] - Delayed 2 second(s)

2018-11-27 15:30:33 - [TEST_STEP][PASSED] - delay: Delayed 4 second(s)

2018-11-27 15:30:37 - [MESSAGE][PASSED] - Delayed 4 second(s)

2018-11-27 15:30:37 - [TEST_STEP][PASSED] - click: Object: 'Object Repository/Final Object Repo/Page_Update Add New Employee - ASSIST/My Sites Drop Down' is clicked on

2018-11-27 15:30:37 - [MESSAGE][PASSED] - Object: 'Object Repository/Final Object Repo/Page_Update Add New Employee - ASSIST/My Sites Drop Down' is clicked on

2018-11-27 15:30:37 - [TEST_STEP][PASSED] - click: Object: 'Object Repository/Final Object Repo/Page_Update Add New Employee - ASSIST/Select to Registration Module' is clicked on

2018-11-27 15:30:38 - [MESSAGE][PASSED] - Object: 'Object Repository/Final Object Repo/Page_Update Add New Employee - ASSIST/Select to Registration Module' is clicked on

2018-11-27 15:30:38 - [TEST_STEP][PASSED] - navigateToUrl: Navigate to 'https://assist2-uat.perkeso.gov.my/web/registration/myassist' successfully

2018-11-27 15:30:39 - [MESSAGE][PASSED] - Navigate to 'https://assist2-uat.perkeso.gov.my/web/registration/myassist' successfully

2018-11-27 15:30:39 - [TEST_STEP][PASSED] - mouseOver: Object: 'Object Repository/Final Object Repo/Page_Update Add New Employee - ASSIST/Select to Update Akta 4 Tab' is hovered

2018-11-27 15:30:39 - [MESSAGE][PASSED] - Object: 'Object Repository/Final Object Repo/Page_Update Add New Employee - ASSIST/Select to Update Akta 4 Tab' is hovered

2018-11-27 15:30:39 - [TEST_STEP][PASSED] - delay: Delayed 2 second(s)

2018-11-27 15:30:41 - [MESSAGE][PASSED] - Delayed 2 second(s)

2018-11-27 15:30:41 - [TEST_STEP][PASSED] - click: Object: 'Object Repository/Final Object Repo/Page_Update Add New Employee - ASSIST/Select to Update Add New Employee' is clicked on

2018-11-27 15:30:42 - [MESSAGE][PASSED] - Object: 'Object Repository/Final Object Repo/Page_Update Add New Employee - ASSIST/Select to Update Add New Employee' is clicked on

2018-11-27 15:30:42 - [TEST_STEP][PASSED] - delay: Delayed 2 second(s)

2018-11-27 15:30:44 - [MESSAGE][PASSED] - Delayed 2 second(s)

2018-11-27 15:30:44 - [TEST_STEP][PASSED] - setText: Text 'E1102069801V' is set on object 'Object Repository/Final Object Repo/Page_Update Add New Employee - ASSIST/Employer Code input textbox'

2018-11-27 15:30:44 - [MESSAGE][PASSED] - Text 'E1102069801V' is set on object 'Object Repository/Final Object Repo/Page_Update Add New Employee - ASSIST/Employer Code input textbox'

2018-11-27 15:30:44 - [TEST_STEP][PASSED] - delay: Delayed 2 second(s)

2018-11-27 15:30:46 - [MESSAGE][PASSED] - Delayed 2 second(s)

2018-11-27 15:30:46 - [TEST_STEP][PASSED] - click: Object: 'Object Repository/Final Object Repo/Page_Update Add New Employee - ASSIST/Search Button for Employer Code' is clicked on

2018-11-27 15:30:46 - [MESSAGE][PASSED] - Object: 'Object Repository/Final Object Repo/Page_Update Add New Employee - ASSIST/Search Button for Employer Code' is clicked on

2018-11-27 15:30:46 - [TEST_STEP][PASSED] - delay: Delayed 4 second(s)

2018-11-27 15:30:50 - [MESSAGE][PASSED] - Delayed 4 second(s)

2018-11-27 15:30:50 - [TEST_STEP][PASSED] - click: Object: 'Object Repository/Final Object Repo/Page_Update Add New Employee - ASSIST/Click to Edit Case' is clicked on

2018-11-27 15:30:53 - [MESSAGE][PASSED] - Object: 'Object Repository/Final Object Repo/Page_Update Add New Employee - ASSIST/Click to Edit Case' is clicked on

2018-11-27 15:30:53 - [TEST_STEP][PASSED] - callTestCase: Call Test Case 'Test Cases/Final Aug 2018 - PKS Automation/Registration Module/Workflow/Update Add New Employee/Template/Employee Adding/Employee Adding Action No Repeat IC' successfully

2018-11-27 15:30:53 - [TEST_CASE][PASSED] - Test Cases/Final Aug 2018 - PKS Automation/Registration Module/Workflow/Update Add New Employee/Template/Employee Adding/Employee Adding Action No Repeat IC: Test Cases/Final Aug 2018 - PKS Automation/Registration Module/Workflow/Update Add New Employee/Template/Employee Adding/Employee Adding Action No Repeat IC

2018-11-27 15:30:54 - [TEST_STEP][PASSED] - delay: Delayed 4 second(s)

2018-11-27 15:30:58 - [MESSAGE][PASSED] - Delayed 4 second(s)

2018-11-27 15:30:58 - [TEST_STEP][PASSED] - click: Object: 'Object Repository/Final Object Repo/Page_Update Add New Employee - ASSIST/Add Employee Button' is clicked on

2018-11-27 15:30:58 - [MESSAGE][PASSED] - Object: 'Object Repository/Final Object Repo/Page_Update Add New Employee - ASSIST/Add Employee Button' is clicked on

2018-11-27 15:30:58 - [TEST_STEP][PASSED] - delay: Delayed 3 second(s)

2018-11-27 15:31:01 - [MESSAGE][PASSED] - Delayed 3 second(s)

2018-11-27 15:31:01 - [TEST_STEP][PASSED] - Statement - While (com.kms.katalon.core.webui.keyword.WebUiBuiltInKeywords.verifyElementNotVisible(com.kms.katalon.core.testobject.ObjectRepository.findTestObject(Final Object Repo/Page_Update Add New Employee - ASSIST/No Duplicate Employee Cross), OPTIONAL)): Object 'Object Repository/Final Object Repo/Page_Update Add New Employee - ASSIST/No Duplicate Employee Cross' is visible

2018-11-27 15:31:01 - [MESSAGE][PASSED] - Object 'Object Repository/Final Object Repo/Page_Update Add New Employee - ASSIST/No Duplicate Employee Cross' is NOT visible

2018-11-27 15:31:01 - [TEST_STEP][PASSED] - callTestCase: Call Test Case 'Test Cases/Final Aug 2018 - PKS Automation/Common/IC Generator' successfully

2018-11-27 15:31:01 - [TEST_CASE][PASSED] - Test Cases/Final Aug 2018 - PKS Automation/Common/IC Generator: Test Cases/Final Aug 2018 - PKS Automation/Common/IC Generator

2018-11-27 15:31:01 - [TEST_STEP][PASSED] - Statement - rnd = new java.util.Random(): null

2018-11-27 15:31:01 - [TEST_STEP][PASSED] - Statement - snum = rnd.nextInt(899999 + 1) + 100000: null

2018-11-27 15:31:01 - [TEST_STEP][PASSED] - Statement - tnum = rnd.nextInt(899999 + 1) + 100000: null

2018-11-27 15:31:01 - [TEST_STEP][PASSED] - Statement - IC = java.lang.Integer.toString(snum) + java.lang.Integer.toString(tnum): null

2018-11-27 15:31:01 - [TEST_STEP][PASSED] - Statement - ICtoAdd = IC: null

2018-11-27 15:31:01 - [TEST_STEP][PASSED] - Statement - out.println(ICtoAdd): null

2018-11-27 15:31:01 - [MESSAGE][PASSED] - Call Test Case 'Test Cases/Final Aug 2018 - PKS Automation/Common/IC Generator' successfully

2018-11-27 15:31:01 - [TEST_STEP][PASSED] - delay: Delayed 1 second(s)

2018-11-27 15:31:02 - [MESSAGE][PASSED] - Delayed 1 second(s)

2018-11-27 15:31:02 - [TEST_STEP][PASSED] - setText: Text '969520373781' is set on object 'Object Repository/Final Object Repo/Page_Update Add New Employee - ASSIST/NRIC Input'

2018-11-27 15:31:03 - [MESSAGE][PASSED] - Text '969520373781' is set on object 'Object Repository/Final Object Repo/Page_Update Add New Employee - ASSIST/NRIC Input'

2018-11-27 15:31:03 - [TEST_STEP][PASSED] - delay: Delayed 2 second(s)

2018-11-27 15:31:05 - [MESSAGE][PASSED] - Delayed 2 second(s)

2018-11-27 15:31:05 - [TEST_STEP][PASSED] - click: Object: 'Object Repository/Final Object Repo/Page_Update Add New Employee - ASSIST/button for search for IC' is clicked on

2018-11-27 15:31:05 - [MESSAGE][PASSED] - Object: 'Object Repository/Final Object Repo/Page_Update Add New Employee - ASSIST/button for search for IC' is clicked on

2018-11-27 15:31:05 - [TEST_STEP][PASSED] - delay: Object 'Object Repository/Final Object Repo/Page_Update Add New Employee - ASSIST/No Duplicate Employee Cross' is visible

2018-11-27 15:31:06 - [MESSAGE][PASSED] - Delayed 1 second(s)

2018-11-27 15:31:06 - [MESSAGE][WARNING] - Object 'Object Repository/Final Object Repo/Page_Update Add New Employee - ASSIST/No Duplicate Employee Cross' is visible
[[ATTACHMENT|C:\\Users\\Admin\\Desktop\\PKS\\Perkeso Phase A\\Reports\\Workflow\\Update Add New Employee\\20181127_105057\\1543303866439.png]]

2018-11-27 15:31:06 - [TEST_STEP][PASSED] - delay: Delayed 2 second(s)

2018-11-27 15:31:08 - [MESSAGE][PASSED] - Delayed 2 second(s)

2018-11-27 15:31:08 - [TEST_STEP][PASSED] - setText: Text 'Automate002 eligible 1' is set on object 'Object Repository/Final Object Repo/Page_Update Add New Employee - ASSIST/Employee Name Input'

2018-11-27 15:31:09 - [MESSAGE][PASSED] - Text 'Automate002 eligible 1' is set on object 'Object Repository/Final Object Repo/Page_Update Add New Employee - ASSIST/Employee Name Input'

2018-11-27 15:31:09 - [TEST_STEP][PASSED] - delay: Delayed 2 second(s)

2018-11-27 15:31:11 - [MESSAGE][PASSED] - Delayed 2 second(s)

2018-11-27 15:31:11 - [TEST_STEP][PASSED] - click: Object: 'Object Repository/Final Object Repo/Page_Update Add New Employee - ASSIST/DatePicker Pop Up' is clicked on

2018-11-27 15:31:11 - [MESSAGE][PASSED] - Object: 'Object Repository/Final Object Repo/Page_Update Add New Employee - ASSIST/DatePicker Pop Up' is clicked on

2018-11-27 15:31:11 - [TEST_STEP][PASSED] - click: Object: 'Object Repository/Final Object Repo/Page_Update Add New Employee - ASSIST/DOB Month' is clicked on

2018-11-27 15:31:11 - [MESSAGE][PASSED] - Object: 'Object Repository/Final Object Repo/Page_Update Add New Employee - ASSIST/DOB Month' is clicked on

2018-11-27 15:31:11 - [TEST_STEP][PASSED] - Statement - CurrentMonth = CurrentMonth: null

2018-11-27 15:31:11 - [TEST_STEP][PASSED] - Statement - selectMonth = new com.kms.katalon.core.testobject.TestObject(): null

2018-11-27 15:31:11 - [TEST_STEP][PASSED] - Statement - selectMonth.addProperty("xpath", EQUALS, "//body/div/div/div/select/option[@value='" + CurrentMonth + "']", true): null

2018-11-27 15:31:11 - [TEST_STEP][PASSED] - click: Object: '' is clicked on

2018-11-27 15:31:11 - [MESSAGE][PASSED] - Object: '' is clicked on

2018-11-27 15:31:11 - [TEST_STEP][PASSED] - click: Object: 'Object Repository/Final Object Repo/Page_Update Add New Employee - ASSIST/DOB Year' is clicked on

2018-11-27 15:31:12 - [MESSAGE][PASSED] - Object: 'Object Repository/Final Object Repo/Page_Update Add New Employee - ASSIST/DOB Year' is clicked on

2018-11-27 15:31:12 - [TEST_STEP][PASSED] - Statement - Eyearsbf = EighteenYrsBefore: null

2018-11-27 15:31:12 - [TEST_STEP][PASSED] - Statement - selectYear = new com.kms.katalon.core.testobject.TestObject(): null

2018-11-27 15:31:12 - [TEST_STEP][PASSED] - Statement - selectYear.addProperty("xpath", EQUALS, "//div/div/div/select/option[@value='" + Eyearsbf + "']", true): null

2018-11-27 15:31:12 - [TEST_STEP][PASSED] - click: Object: '' is clicked on

2018-11-27 15:31:12 - [MESSAGE][PASSED] - Object: '' is clicked on

2018-11-27 15:31:12 - [TEST_STEP][PASSED] - Statement - UpdatedSelectDate = com.kms.katalon.core.webui.keyword.WebUiBuiltInKeywords.modifyObjectProperty(com.kms.katalon.core.testobject.ObjectRepository.findTestObject(Final Object Repo/Page_Update Add New Employee - ASSIST/DOB Date), "xpath", "equals", "//body/div/table/tbody/tr/td/a[text()="" + CurrentDate + ""]", true): Modify property of object successfully

2018-11-27 15:31:12 - [MESSAGE][PASSED] - Modify property of object successfully

2018-11-27 15:31:12 - [TEST_STEP][PASSED] - delay: Delayed 3 second(s)

2018-11-27 15:31:15 - [MESSAGE][PASSED] - Delayed 3 second(s)

2018-11-27 15:31:15 - [TEST_STEP][PASSED] - click: Object: 'Object Repository/Final Object Repo/Page_Update Add New Employee - ASSIST/DOB Date' is clicked on

2018-11-27 15:31:15 - [MESSAGE][PASSED] - Object: 'Object Repository/Final Object Repo/Page_Update Add New Employee - ASSIST/DOB Date' is clicked on

2018-11-27 15:31:15 - [TEST_STEP][PASSED] - delay: Delayed 2 second(s)

2018-11-27 15:31:17 - [MESSAGE][PASSED] - Delayed 2 second(s)

2018-11-27 15:31:17 - [TEST_STEP][PASSED] - click: Object: 'Object Repository/Final Object Repo/Page_Update Add New Employee - ASSIST/EmploymentStartDate Pop Up' is clicked on

2018-11-27 15:31:17 - [MESSAGE][PASSED] - Object: 'Object Repository/Final Object Repo/Page_Update Add New Employee - ASSIST/EmploymentStartDate Pop Up' is clicked on

2018-11-27 15:31:17 - [TEST_STEP][PASSED] - delay: Delayed 2 second(s)

2018-11-27 15:31:19 - [MESSAGE][PASSED] - Delayed 2 second(s)

2018-11-27 15:31:19 - [TEST_STEP][PASSED] - click: Object: 'Object Repository/Final Object Repo/Page_Update Add New Employee - ASSIST/Socso Employment StartDate Month' is clicked on

2018-11-27 15:31:19 - [MESSAGE][PASSED] - Object: 'Object Repository/Final Object Repo/Page_Update Add New Employee - ASSIST/Socso Employment StartDate Month' is clicked on

2018-11-27 15:31:19 - [TEST_STEP][PASSED] - delay: Delayed 1 second(s)

2018-11-27 15:31:20 - [MESSAGE][PASSED] - Delayed 1 second(s)

2018-11-27 15:31:20 - [TEST_STEP][PASSED] - click: Object: 'Object Repository/Final Object Repo/Page_Update Add New Employee - ASSIST/Select Socso Employement Startdate Month' is clicked on

2018-11-27 15:31:21 - [MESSAGE][PASSED] - Object: 'Object Repository/Final Object Repo/Page_Update Add New Employee - ASSIST/Select Socso Employement Startdate Month' is clicked on

2018-11-27 15:31:21 - [TEST_STEP][PASSED] - delay: Delayed 2 second(s)

2018-11-27 15:31:23 - [MESSAGE][PASSED] - Delayed 2 second(s)

2018-11-27 15:31:23 - [TEST_STEP][PASSED] - click: Object: 'Object Repository/Final Object Repo/Page_Update Add New Employee - ASSIST/Socso Employment StartDate Year' is clicked on

2018-11-27 15:31:23 - [MESSAGE][PASSED] - Object: 'Object Repository/Final Object Repo/Page_Update Add New Employee - ASSIST/Socso Employment StartDate Year' is clicked on

2018-11-27 15:31:23 - [TEST_STEP][PASSED] - delay: Delayed 1 second(s)

2018-11-27 15:31:24 - [MESSAGE][PASSED] - Delayed 1 second(s)

2018-11-27 15:31:24 - [TEST_STEP][PASSED] - click: Object: 'Object Repository/Final Object Repo/Page_Update Add New Employee - ASSIST/Select Socso Employment Startdate Year' is clicked on

2018-11-27 15:31:24 - [MESSAGE][PASSED] - Object: 'Object Repository/Final Object Repo/Page_Update Add New Employee - ASSIST/Select Socso Employment Startdate Year' is clicked on

2018-11-27 15:31:24 - [TEST_STEP][PASSED] - delay: Delayed 2 second(s)

2018-11-27 15:31:26 - [MESSAGE][PASSED] - Delayed 2 second(s)

2018-11-27 15:31:26 - [TEST_STEP][PASSED] - click: Object: 'Object Repository/Final Object Repo/Page_Update Add New Employee - ASSIST/Socso Employment Start Date Day' is clicked on

2018-11-27 15:31:26 - [MESSAGE][PASSED] - Object: 'Object Repository/Final Object Repo/Page_Update Add New Employee - ASSIST/Socso Employment Start Date Day' is clicked on

2018-11-27 15:31:26 - [TEST_STEP][PASSED] - delay: Delayed 2 second(s)

2018-11-27 15:31:28 - [MESSAGE][PASSED] - Delayed 2 second(s)

2018-11-27 15:31:28 - [TEST_STEP][PASSED] - click: Object: 'Object Repository/Final Object Repo/Page_Update Add New Employee - ASSIST/Save Button for Add Employee' is clicked on

2018-11-27 15:31:28 - [MESSAGE][PASSED] - Object: 'Object Repository/Final Object Repo/Page_Update Add New Employee - ASSIST/Save Button for Add Employee' is clicked on

2018-11-27 15:31:28 - [TEST_STEP][PASSED] - delay: Delayed 20 second(s)

2018-11-27 15:31:48 - [MESSAGE][PASSED] - Delayed 20 second(s)

2018-11-27 15:31:48 - [TEST_STEP][PASSED] - click: Object: 'Object Repository/Final Object Repo/Page_Update Add New Employee - ASSIST/Add Employee Button' is clicked on

2018-11-27 15:31:49 - [MESSAGE][PASSED] - Object: 'Object Repository/Final Object Repo/Page_Update Add New Employee - ASSIST/Add Employee Button' is clicked on

2018-11-27 15:31:49 - [TEST_STEP][PASSED] - delay: Delayed 4 second(s)

2018-11-27 15:31:53 - [MESSAGE][PASSED] - Delayed 4 second(s)

2018-11-27 15:31:53 - [TEST_STEP][PASSED] - Statement - While (com.kms.katalon.core.webui.keyword.WebUiBuiltInKeywords.verifyElementNotVisible(com.kms.katalon.core.testobject.ObjectRepository.findTestObject(Final Object Repo/Page_Update Add New Employee - ASSIST/No Duplicate Employee Cross), OPTIONAL)): Object 'Object Repository/Final Object Repo/Page_Update Add New Employee - ASSIST/No Duplicate Employee Cross' is visible

2018-11-27 15:31:53 - [MESSAGE][PASSED] - Object 'Object Repository/Final Object Repo/Page_Update Add New Employee - ASSIST/No Duplicate Employee Cross' is NOT visible

2018-11-27 15:31:53 - [TEST_STEP][PASSED] - callTestCase: Call Test Case 'Test Cases/Final Aug 2018 - PKS Automation/Common/IC Generator' successfully

2018-11-27 15:31:53 - [TEST_CASE][PASSED] - Test Cases/Final Aug 2018 - PKS Automation/Common/IC Generator: Test Cases/Final Aug 2018 - PKS Automation/Common/IC Generator

2018-11-27 15:31:53 - [TEST_STEP][PASSED] - Statement - rnd = new java.util.Random(): null

2018-11-27 15:31:53 - [TEST_STEP][PASSED] - Statement - snum = rnd.nextInt(899999 + 1) + 100000: null

2018-11-27 15:31:53 - [TEST_STEP][PASSED] - Statement - tnum = rnd.nextInt(899999 + 1) + 100000: null

2018-11-27 15:31:53 - [TEST_STEP][PASSED] - Statement - IC = java.lang.Integer.toString(snum) + java.lang.Integer.toString(tnum): null

2018-11-27 15:31:53 - [TEST_STEP][PASSED] - Statement - ICtoAdd = IC: null

2018-11-27 15:31:53 - [TEST_STEP][PASSED] - Statement - out.println(ICtoAdd): null

2018-11-27 15:31:53 - [MESSAGE][PASSED] - Call Test Case 'Test Cases/Final Aug 2018 - PKS Automation/Common/IC Generator' successfully

2018-11-27 15:31:53 - [TEST_STEP][PASSED] - delay: Delayed 1 second(s)

2018-11-27 15:31:54 - [MESSAGE][PASSED] - Delayed 1 second(s)

2018-11-27 15:31:54 - [TEST_STEP][PASSED] - setText: Text '732474407749' is set on object 'Object Repository/Final Object Repo/Page_Update Add New Employee - ASSIST/NRIC Input'

2018-11-27 15:31:54 - [MESSAGE][PASSED] - Text '732474407749' is set on object 'Object Repository/Final Object Repo/Page_Update Add New Employee - ASSIST/NRIC Input'

2018-11-27 15:31:54 - [TEST_STEP][PASSED] - delay: Delayed 2 second(s)

2018-11-27 15:31:56 - [MESSAGE][PASSED] - Delayed 2 second(s)

2018-11-27 15:31:56 - [TEST_STEP][PASSED] - click: Object: 'Object Repository/Final Object Repo/Page_Update Add New Employee - ASSIST/button for search for IC' is clicked on

2018-11-27 15:31:56 - [MESSAGE][PASSED] - Object: 'Object Repository/Final Object Repo/Page_Update Add New Employee - ASSIST/button for search for IC' is clicked on

2018-11-27 15:31:56 - [TEST_STEP][PASSED] - delay: Object 'Object Repository/Final Object Repo/Page_Update Add New Employee - ASSIST/No Duplicate Employee Cross' is visible

2018-11-27 15:31:57 - [MESSAGE][PASSED] - Delayed 1 second(s)

2018-11-27 15:31:58 - [MESSAGE][WARNING] - Object 'Object Repository/Final Object Repo/Page_Update Add New Employee - ASSIST/No Duplicate Employee Cross' is visible
[[ATTACHMENT|C:\\Users\\Admin\\Desktop\\PKS\\Perkeso Phase A\\Reports\\Workflow\\Update Add New Employee\\20181127_105057\\1543303917833.png]]

2018-11-27 15:31:58 - [TEST_STEP][PASSED] - delay: Delayed 2 second(s)

2018-11-27 15:32:00 - [MESSAGE][PASSED] - Delayed 2 second(s)

2018-11-27 15:32:00 - [TEST_STEP][PASSED] - setText: Text 'Automate002 eligible 2' is set on object 'Object Repository/Final Object Repo/Page_Update Add New Employee - ASSIST/Employee Name Input'

2018-11-27 15:32:00 - [MESSAGE][PASSED] - Text 'Automate002 eligible 2' is set on object 'Object Repository/Final Object Repo/Page_Update Add New Employee - ASSIST/Employee Name Input'

2018-11-27 15:32:00 - [TEST_STEP][PASSED] - delay: Delayed 2 second(s)

2018-11-27 15:32:02 - [MESSAGE][PASSED] - Delayed 2 second(s)

2018-11-27 15:32:02 - [TEST_STEP][PASSED] - click: Object: 'Object Repository/Final Object Repo/Page_Update Add New Employee - ASSIST/DatePicker Pop Up' is clicked on

2018-11-27 15:32:02 - [MESSAGE][PASSED] - Object: 'Object Repository/Final Object Repo/Page_Update Add New Employee - ASSIST/DatePicker Pop Up' is clicked on

2018-11-27 15:32:02 - [TEST_STEP][PASSED] - delay: Delayed 2 second(s)

2018-11-27 15:32:04 - [MESSAGE][PASSED] - Delayed 2 second(s)

2018-11-27 15:32:04 - [TEST_STEP][PASSED] - click: Object: 'Object Repository/Final Object Repo/Page_Update Add New Employee - ASSIST/DOB Month' is clicked on

2018-11-27 15:32:05 - [MESSAGE][PASSED] - Object: 'Object Repository/Final Object Repo/Page_Update Add New Employee - ASSIST/DOB Month' is clicked on

2018-11-27 15:32:05 - [TEST_STEP][PASSED] - Statement - selectMonth = com.kms.katalon.core.webui.keyword.WebUiBuiltInKeywords.modifyObjectProperty(selectMonth, "xpath", "equals", "//body/div/div/div/select/option[@value="" + CurrentMonth + ""]", true): Modify property of object successfully

2018-11-27 15:32:05 - [MESSAGE][PASSED] - Modify property of object successfully

2018-11-27 15:32:05 - [TEST_STEP][PASSED] - click: Object: '' is clicked on

2018-11-27 15:32:05 - [MESSAGE][PASSED] - Object: '' is clicked on

2018-11-27 15:32:05 - [TEST_STEP][PASSED] - click: Object: 'Object Repository/Final Object Repo/Page_Update Add New Employee - ASSIST/DOB Year' is clicked on

2018-11-27 15:32:05 - [MESSAGE][PASSED] - Object: 'Object Repository/Final Object Repo/Page_Update Add New Employee - ASSIST/DOB Year' is clicked on

2018-11-27 15:32:05 - [TEST_STEP][PASSED] - Statement - selectYear = com.kms.katalon.core.webui.keyword.WebUiBuiltInKeywords.modifyObjectProperty(selectYear, "xpath", "equals", "//div/div/div/select/option[@value="" + FiftysevenYrsBefore + ""]", true): Modify property of object successfully

2018-11-27 15:32:05 - [MESSAGE][PASSED] - Modify property of object successfully

2018-11-27 15:32:05 - [TEST_STEP][PASSED] - click: Object: '' is clicked on

2018-11-27 15:32:05 - [MESSAGE][PASSED] - Object: '' is clicked on

2018-11-27 15:32:05 - [TEST_STEP][PASSED] - Statement - UpdatedSelectDate = com.kms.katalon.core.webui.keyword.WebUiBuiltInKeywords.modifyObjectProperty(com.kms.katalon.core.testobject.ObjectRepository.findTestObject(Final Object Repo/Page_Update Add New Employee - ASSIST/DOB Date), "xpath", "equals", "//body/div/table/tbody/tr/td/a[text()="" + OneDayBefore + ""]", true): Modify property of object successfully

2018-11-27 15:32:05 - [MESSAGE][PASSED] - Modify property of object successfully

2018-11-27 15:32:05 - [TEST_STEP][PASSED] - click: Object: 'Object Repository/Final Object Repo/Page_Update Add New Employee - ASSIST/DOB Date' is clicked on

2018-11-27 15:32:05 - [MESSAGE][PASSED] - Object: 'Object Repository/Final Object Repo/Page_Update Add New Employee - ASSIST/DOB Date' is clicked on

2018-11-27 15:32:05 - [TEST_STEP][PASSED] - delay: Delayed 2 second(s)

2018-11-27 15:32:07 - [MESSAGE][PASSED] - Delayed 2 second(s)

2018-11-27 15:32:07 - [TEST_STEP][PASSED] - click: Object: 'Object Repository/Final Object Repo/Page_Update Add New Employee - ASSIST/EmploymentStartDate Pop Up' is clicked on

2018-11-27 15:32:08 - [MESSAGE][PASSED] - Object: 'Object Repository/Final Object Repo/Page_Update Add New Employee - ASSIST/EmploymentStartDate Pop Up' is clicked on

2018-11-27 15:32:08 - [TEST_STEP][PASSED] - delay: Delayed 2 second(s)

2018-11-27 15:32:10 - [MESSAGE][PASSED] - Delayed 2 second(s)

2018-11-27 15:32:10 - [TEST_STEP][PASSED] - click: Object: 'Object Repository/Final Object Repo/Page_Update Add New Employee - ASSIST/Socso Employment StartDate Month' is clicked on

2018-11-27 15:32:10 - [MESSAGE][PASSED] - Object: 'Object Repository/Final Object Repo/Page_Update Add New Employee - ASSIST/Socso Employment StartDate Month' is clicked on

2018-11-27 15:32:10 - [TEST_STEP][PASSED] - delay: Delayed 1 second(s)

2018-11-27 15:32:11 - [MESSAGE][PASSED] - Delayed 1 second(s)

2018-11-27 15:32:11 - [TEST_STEP][PASSED] - click: Object: 'Object Repository/Final Object Repo/Page_Update Add New Employee - ASSIST/Select Socso Employement Startdate Month' is clicked on

2018-11-27 15:32:11 - [MESSAGE][PASSED] - Object: 'Object Repository/Final Object Repo/Page_Update Add New Employee - ASSIST/Select Socso Employement Startdate Month' is clicked on

2018-11-27 15:32:11 - [TEST_STEP][PASSED] - delay: Delayed 2 second(s)

2018-11-27 15:32:13 - [MESSAGE][PASSED] - Delayed 2 second(s)

2018-11-27 15:32:13 - [TEST_STEP][PASSED] - click: Object: 'Object Repository/Final Object Repo/Page_Update Add New Employee - ASSIST/Socso Employment StartDate Year' is clicked on

2018-11-27 15:32:13 - [MESSAGE][PASSED] - Object: 'Object Repository/Final Object Repo/Page_Update Add New Employee - ASSIST/Socso Employment StartDate Year' is clicked on

2018-11-27 15:32:13 - [TEST_STEP][PASSED] - delay: Delayed 1 second(s)

2018-11-27 15:32:14 - [MESSAGE][PASSED] - Delayed 1 second(s)

2018-11-27 15:32:14 - [TEST_STEP][PASSED] - click: Object: 'Object Repository/Final Object Repo/Page_Update Add New Employee - ASSIST/Select Socso Employment Startdate Year' is clicked on

2018-11-27 15:32:14 - [MESSAGE][PASSED] - Object: 'Object Repository/Final Object Repo/Page_Update Add New Employee - ASSIST/Select Socso Employment Startdate Year' is clicked on

2018-11-27 15:32:14 - [TEST_STEP][PASSED] - delay: Delayed 2 second(s)

2018-11-27 15:32:16 - [MESSAGE][PASSED] - Delayed 2 second(s)

2018-11-27 15:32:16 - [TEST_STEP][PASSED] - click: Object: 'Object Repository/Final Object Repo/Page_Update Add New Employee - ASSIST/Socso Employment Start Date Day' is clicked on

2018-11-27 15:32:16 - [MESSAGE][PASSED] - Object: 'Object Repository/Final Object Repo/Page_Update Add New Employee - ASSIST/Socso Employment Start Date Day' is clicked on

2018-11-27 15:32:16 - [TEST_STEP][PASSED] - delay: Delayed 2 second(s)

2018-11-27 15:32:18 - [MESSAGE][PASSED] - Delayed 2 second(s)

2018-11-27 15:32:18 - [TEST_STEP][PASSED] - click: Object: 'Object Repository/Final Object Repo/Page_Update Add New Employee - ASSIST/Save Button for Add Employee' is clicked on

2018-11-27 15:32:19 - [MESSAGE][PASSED] - Object: 'Object Repository/Final Object Repo/Page_Update Add New Employee - ASSIST/Save Button for Add Employee' is clicked on

2018-11-27 15:32:19 - [TEST_STEP][PASSED] - delay: Delayed 20 second(s)

2018-11-27 15:32:39 - [MESSAGE][PASSED] - Delayed 20 second(s)

2018-11-27 15:32:39 - [TEST_STEP][PASSED] - waitForElementClickable: Object 'Object Repository/Final Object Repo/Page_Update Add New Employee - ASSIST/Add Employee Button' is clickable

2018-11-27 15:32:39 - [MESSAGE][PASSED] - Object 'Object Repository/Final Object Repo/Page_Update Add New Employee - ASSIST/Add Employee Button' is clickable

2018-11-27 15:32:39 - [TEST_STEP][PASSED] - click: Object: 'Object Repository/Final Object Repo/Page_Update Add New Employee - ASSIST/Add Employee Button' is clicked on

2018-11-27 15:32:39 - [MESSAGE][PASSED] - Object: 'Object Repository/Final Object Repo/Page_Update Add New Employee - ASSIST/Add Employee Button' is clicked on

2018-11-27 15:32:39 - [TEST_STEP][PASSED] - delay: Delayed 4 second(s)

2018-11-27 15:32:43 - [MESSAGE][PASSED] - Delayed 4 second(s)

2018-11-27 15:32:43 - [TEST_STEP][PASSED] - Statement - While (com.kms.katalon.core.webui.keyword.WebUiBuiltInKeywords.verifyElementNotVisible(com.kms.katalon.core.testobject.ObjectRepository.findTestObject(Final Object Repo/Page_Update Add New Employee - ASSIST/No Duplicate Employee Cross), OPTIONAL)): Object 'Object Repository/Final Object Repo/Page_Update Add New Employee - ASSIST/No Duplicate Employee Cross' is visible

2018-11-27 15:32:43 - [MESSAGE][PASSED] - Object 'Object Repository/Final Object Repo/Page_Update Add New Employee - ASSIST/No Duplicate Employee Cross' is NOT visible

2018-11-27 15:32:43 - [TEST_STEP][PASSED] - callTestCase: Call Test Case 'Test Cases/Final Aug 2018 - PKS Automation/Common/IC Generator' successfully

2018-11-27 15:32:43 - [TEST_CASE][PASSED] - Test Cases/Final Aug 2018 - PKS Automation/Common/IC Generator: Test Cases/Final Aug 2018 - PKS Automation/Common/IC Generator

2018-11-27 15:32:43 - [TEST_STEP][PASSED] - Statement - rnd = new java.util.Random(): null

2018-11-27 15:32:43 - [TEST_STEP][PASSED] - Statement - snum = rnd.nextInt(899999 + 1) + 100000: null

2018-11-27 15:32:43 - [TEST_STEP][PASSED] - Statement - tnum = rnd.nextInt(899999 + 1) + 100000: null

2018-11-27 15:32:43 - [TEST_STEP][PASSED] - Statement - IC = java.lang.Integer.toString(snum) + java.lang.Integer.toString(tnum): null

2018-11-27 15:32:43 - [TEST_STEP][PASSED] - Statement - ICtoAdd = IC: null

2018-11-27 15:32:43 - [TEST_STEP][PASSED] - Statement - out.println(ICtoAdd): null

2018-11-27 15:32:43 - [MESSAGE][PASSED] - Call Test Case 'Test Cases/Final Aug 2018 - PKS Automation/Common/IC Generator' successfully

2018-11-27 15:32:43 - [TEST_STEP][PASSED] - delay: Delayed 1 second(s)

2018-11-27 15:32:44 - [MESSAGE][PASSED] - Delayed 1 second(s)

2018-11-27 15:32:44 - [TEST_STEP][PASSED] - setText: Text '768283432587' is set on object 'Object Repository/Final Object Repo/Page_Update Add New Employee - ASSIST/NRIC Input'

2018-11-27 15:32:44 - [MESSAGE][PASSED] - Text '768283432587' is set on object 'Object Repository/Final Object Repo/Page_Update Add New Employee - ASSIST/NRIC Input'

2018-11-27 15:32:44 - [TEST_STEP][PASSED] - delay: Delayed 2 second(s)

2018-11-27 15:32:46 - [MESSAGE][PASSED] - Delayed 2 second(s)

2018-11-27 15:32:46 - [TEST_STEP][PASSED] - click: Object: 'Object Repository/Final Object Repo/Page_Update Add New Employee - ASSIST/button for search for IC' is clicked on

2018-11-27 15:32:47 - [MESSAGE][PASSED] - Object: 'Object Repository/Final Object Repo/Page_Update Add New Employee - ASSIST/button for search for IC' is clicked on

2018-11-27 15:32:47 - [TEST_STEP][PASSED] - delay: Object 'Object Repository/Final Object Repo/Page_Update Add New Employee - ASSIST/No Duplicate Employee Cross' is visible

2018-11-27 15:32:48 - [MESSAGE][PASSED] - Delayed 1 second(s)

2018-11-27 15:32:48 - [MESSAGE][WARNING] - Object 'Object Repository/Final Object Repo/Page_Update Add New Employee - ASSIST/No Duplicate Employee Cross' is visible
[[ATTACHMENT|C:\\Users\\Admin\\Desktop\\PKS\\Perkeso Phase A\\Reports\\Workflow\\Update Add New Employee\\20181127_105057\\1543303968215.png]]

2018-11-27 15:32:48 - [TEST_STEP][PASSED] - delay: Delayed 2 second(s)

2018-11-27 15:32:50 - [MESSAGE][PASSED] - Delayed 2 second(s)

2018-11-27 15:32:50 - [TEST_STEP][PASSED] - setText: Text 'Automate002 not eligible 1' is set on object 'Object Repository/Final Object Repo/Page_Update Add New Employee - ASSIST/Employee Name Input'

2018-11-27 15:32:51 - [MESSAGE][PASSED] - Text 'Automate002 not eligible 1' is set on object 'Object Repository/Final Object Repo/Page_Update Add New Employee - ASSIST/Employee Name Input'

2018-11-27 15:32:51 - [TEST_STEP][PASSED] - delay: Delayed 2 second(s)

2018-11-27 15:32:53 - [MESSAGE][PASSED] - Delayed 2 second(s)

2018-11-27 15:32:53 - [TEST_STEP][PASSED] - click: Object: 'Object Repository/Final Object Repo/Page_Update Add New Employee - ASSIST/DatePicker Pop Up' is clicked on

2018-11-27 15:32:53 - [MESSAGE][PASSED] - Object: 'Object Repository/Final Object Repo/Page_Update Add New Employee - ASSIST/DatePicker Pop Up' is clicked on

2018-11-27 15:32:53 - [TEST_STEP][PASSED] - delay: Delayed 2 second(s)

2018-11-27 15:32:55 - [MESSAGE][PASSED] - Delayed 2 second(s)

2018-11-27 15:32:55 - [TEST_STEP][PASSED] - click: Object: 'Object Repository/Final Object Repo/Page_Update Add New Employee - ASSIST/DOB Month' is clicked on

2018-11-27 15:32:55 - [MESSAGE][PASSED] - Object: 'Object Repository/Final Object Repo/Page_Update Add New Employee - ASSIST/DOB Month' is clicked on

2018-11-27 15:32:55 - [TEST_STEP][PASSED] - Statement - selectMonth = com.kms.katalon.core.webui.keyword.WebUiBuiltInKeywords.modifyObjectProperty(selectMonth, "xpath", "equals", "//body/div/div/div/select/option[@value="" + CurrentMonth + ""]", true): Modify property of object successfully

2018-11-27 15:32:55 - [MESSAGE][PASSED] - Modify property of object successfully

2018-11-27 15:32:55 - [TEST_STEP][PASSED] - click: Object: '' is clicked on

2018-11-27 15:32:55 - [MESSAGE][PASSED] - Object: '' is clicked on

2018-11-27 15:32:55 - [TEST_STEP][PASSED] - click: Object: 'Object Repository/Final Object Repo/Page_Update Add New Employee - ASSIST/DOB Year' is clicked on

2018-11-27 15:32:55 - [MESSAGE][PASSED] - Object: 'Object Repository/Final Object Repo/Page_Update Add New Employee - ASSIST/DOB Year' is clicked on

2018-11-27 15:32:55 - [TEST_STEP][PASSED] - Statement - selectYear = com.kms.katalon.core.webui.keyword.WebUiBuiltInKeywords.modifyObjectProperty(selectYear, "xpath", "equals", "//div/div/div/select/option[@value="" + EighteenYrsBefore + ""]", true): Modify property of object successfully

2018-11-27 15:32:55 - [MESSAGE][PASSED] - Modify property of object successfully

2018-11-27 15:32:55 - [TEST_STEP][PASSED] - click: Object: '' is clicked on

2018-11-27 15:32:56 - [MESSAGE][PASSED] - Object: '' is clicked on

2018-11-27 15:32:56 - [TEST_STEP][PASSED] - Statement - UpdatedSelectDate = com.kms.katalon.core.webui.keyword.WebUiBuiltInKeywords.modifyObjectProperty(com.kms.katalon.core.testobject.ObjectRepository.findTestObject(Final Object Repo/Page_Update Add New Employee - ASSIST/DOB Date), "xpath", "equals", "//body/div/table/tbody/tr/td/a[text()="" + OneDayBefore + ""]", true): Modify property of object successfully

2018-11-27 15:32:56 - [MESSAGE][PASSED] - Modify property of object successfully

2018-11-27 15:32:56 - [TEST_STEP][PASSED] - click: Object: 'Object Repository/Final Object Repo/Page_Update Add New Employee - ASSIST/DOB Date' is clicked on

2018-11-27 15:32:56 - [MESSAGE][PASSED] - Object: 'Object Repository/Final Object Repo/Page_Update Add New Employee - ASSIST/DOB Date' is clicked on

2018-11-27 15:32:56 - [TEST_STEP][PASSED] - delay: Delayed 2 second(s)

2018-11-27 15:32:58 - [MESSAGE][PASSED] - Delayed 2 second(s)

2018-11-27 15:32:58 - [TEST_STEP][PASSED] - click: Object: 'Object Repository/Final Object Repo/Page_Update Add New Employee - ASSIST/EmploymentStartDate Pop Up' is clicked on

2018-11-27 15:32:58 - [MESSAGE][PASSED] - Object: 'Object Repository/Final Object Repo/Page_Update Add New Employee - ASSIST/EmploymentStartDate Pop Up' is clicked on

2018-11-27 15:32:58 - [TEST_STEP][PASSED] - delay: Delayed 2 second(s)

2018-11-27 15:33:00 - [MESSAGE][PASSED] - Delayed 2 second(s)

2018-11-27 15:33:00 - [TEST_STEP][PASSED] - click: Object: 'Object Repository/Final Object Repo/Page_Update Add New Employee - ASSIST/Socso Employment StartDate Month' is clicked on

2018-11-27 15:33:00 - [MESSAGE][PASSED] - Object: 'Object Repository/Final Object Repo/Page_Update Add New Employee - ASSIST/Socso Employment StartDate Month' is clicked on

2018-11-27 15:33:00 - [TEST_STEP][PASSED] - delay: Delayed 1 second(s)

2018-11-27 15:33:01 - [MESSAGE][PASSED] - Delayed 1 second(s)

2018-11-27 15:33:01 - [TEST_STEP][PASSED] - click: Object: 'Object Repository/Final Object Repo/Page_Update Add New Employee - ASSIST/Select Socso Employement Startdate Month' is clicked on

2018-11-27 15:33:01 - [MESSAGE][PASSED] - Object: 'Object Repository/Final Object Repo/Page_Update Add New Employee - ASSIST/Select Socso Employement Startdate Month' is clicked on

2018-11-27 15:33:01 - [TEST_STEP][PASSED] - delay: Delayed 2 second(s)

2018-11-27 15:33:03 - [MESSAGE][PASSED] - Delayed 2 second(s)

2018-11-27 15:33:03 - [TEST_STEP][PASSED] - click: Object: 'Object Repository/Final Object Repo/Page_Update Add New Employee - ASSIST/Socso Employment StartDate Year' is clicked on

2018-11-27 15:33:03 - [MESSAGE][PASSED] - Object: 'Object Repository/Final Object Repo/Page_Update Add New Employee - ASSIST/Socso Employment StartDate Year' is clicked on

2018-11-27 15:33:03 - [TEST_STEP][PASSED] - delay: Delayed 1 second(s)

2018-11-27 15:33:04 - [MESSAGE][PASSED] - Delayed 1 second(s)

2018-11-27 15:33:04 - [TEST_STEP][PASSED] - click: Object: 'Object Repository/Final Object Repo/Page_Update Add New Employee - ASSIST/Select Socso Employment Startdate Year' is clicked on

2018-11-27 15:33:05 - [MESSAGE][PASSED] - Object: 'Object Repository/Final Object Repo/Page_Update Add New Employee - ASSIST/Select Socso Employment Startdate Year' is clicked on

2018-11-27 15:33:05 - [TEST_STEP][PASSED] - delay: Delayed 2 second(s)

2018-11-27 15:33:07 - [MESSAGE][PASSED] - Delayed 2 second(s)

2018-11-27 15:33:07 - [TEST_STEP][PASSED] - click: Object: 'Object Repository/Final Object Repo/Page_Update Add New Employee - ASSIST/Socso Employment Start Date Day' is clicked on

2018-11-27 15:33:07 - [MESSAGE][PASSED] - Object: 'Object Repository/Final Object Repo/Page_Update Add New Employee - ASSIST/Socso Employment Start Date Day' is clicked on

2018-11-27 15:33:07 - [TEST_STEP][PASSED] - delay: Delayed 2 second(s)

2018-11-27 15:33:09 - [MESSAGE][PASSED] - Delayed 2 second(s)

2018-11-27 15:33:09 - [TEST_STEP][PASSED] - click: Object: 'Object Repository/Final Object Repo/Page_Update Add New Employee - ASSIST/Save Button for Add Employee' is clicked on

2018-11-27 15:33:09 - [MESSAGE][PASSED] - Object: 'Object Repository/Final Object Repo/Page_Update Add New Employee - ASSIST/Save Button for Add Employee' is clicked on

2018-11-27 15:33:09 - [TEST_STEP][PASSED] - delay: Delayed 20 second(s)

2018-11-27 15:33:29 - [MESSAGE][PASSED] - Delayed 20 second(s)

2018-11-27 15:33:29 - [TEST_STEP][PASSED] - click: Object: 'Object Repository/Final Object Repo/Page_Update Add New Employee - ASSIST/Add Employee Button' is clicked on

2018-11-27 15:33:29 - [MESSAGE][PASSED] - Object: 'Object Repository/Final Object Repo/Page_Update Add New Employee - ASSIST/Add Employee Button' is clicked on

2018-11-27 15:33:29 - [TEST_STEP][PASSED] - delay: Delayed 4 second(s)

2018-11-27 15:33:33 - [MESSAGE][PASSED] - Delayed 4 second(s)

2018-11-27 15:33:33 - [TEST_STEP][PASSED] - Statement - While (com.kms.katalon.core.webui.keyword.WebUiBuiltInKeywords.verifyElementNotVisible(com.kms.katalon.core.testobject.ObjectRepository.findTestObject(Final Object Repo/Page_Update Add New Employee - ASSIST/No Duplicate Employee Cross), OPTIONAL)): Object 'Object Repository/Final Object Repo/Page_Update Add New Employee - ASSIST/No Duplicate Employee Cross' is visible

2018-11-27 15:33:33 - [MESSAGE][PASSED] - Object 'Object Repository/Final Object Repo/Page_Update Add New Employee - ASSIST/No Duplicate Employee Cross' is NOT visible

2018-11-27 15:33:33 - [TEST_STEP][PASSED] - callTestCase: Call Test Case 'Test Cases/Final Aug 2018 - PKS Automation/Common/IC Generator' successfully

2018-11-27 15:33:33 - [TEST_CASE][PASSED] - Test Cases/Final Aug 2018 - PKS Automation/Common/IC Generator: Test Cases/Final Aug 2018 - PKS Automation/Common/IC Generator

2018-11-27 15:33:33 - [TEST_STEP][PASSED] - Statement - rnd = new java.util.Random(): null

2018-11-27 15:33:33 - [TEST_STEP][PASSED] - Statement - snum = rnd.nextInt(899999 + 1) + 100000: null

2018-11-27 15:33:33 - [TEST_STEP][PASSED] - Statement - tnum = rnd.nextInt(899999 + 1) + 100000: null

2018-11-27 15:33:33 - [TEST_STEP][PASSED] - Statement - IC = java.lang.Integer.toString(snum) + java.lang.Integer.toString(tnum): null

2018-11-27 15:33:33 - [TEST_STEP][PASSED] - Statement - ICtoAdd = IC: null

2018-11-27 15:33:33 - [TEST_STEP][PASSED] - Statement - out.println(ICtoAdd): null

2018-11-27 15:33:33 - [MESSAGE][PASSED] - Call Test Case 'Test Cases/Final Aug 2018 - PKS Automation/Common/IC Generator' successfully

2018-11-27 15:33:33 - [TEST_STEP][PASSED] - delay: Delayed 1 second(s)

2018-11-27 15:33:34 - [MESSAGE][PASSED] - Delayed 1 second(s)

2018-11-27 15:33:34 - [TEST_STEP][PASSED] - setText: Text '175867525864' is set on object 'Object Repository/Final Object Repo/Page_Update Add New Employee - ASSIST/NRIC Input'

2018-11-27 15:33:35 - [MESSAGE][PASSED] - Text '175867525864' is set on object 'Object Repository/Final Object Repo/Page_Update Add New Employee - ASSIST/NRIC Input'

2018-11-27 15:33:35 - [TEST_STEP][PASSED] - delay: Delayed 2 second(s)

2018-11-27 15:33:37 - [MESSAGE][PASSED] - Delayed 2 second(s)

2018-11-27 15:33:37 - [TEST_STEP][PASSED] - click: Object: 'Object Repository/Final Object Repo/Page_Update Add New Employee - ASSIST/button for search for IC' is clicked on

2018-11-27 15:33:37 - [MESSAGE][PASSED] - Object: 'Object Repository/Final Object Repo/Page_Update Add New Employee - ASSIST/button for search for IC' is clicked on

2018-11-27 15:33:37 - [TEST_STEP][PASSED] - delay: Object 'Object Repository/Final Object Repo/Page_Update Add New Employee - ASSIST/No Duplicate Employee Cross' is visible

2018-11-27 15:33:38 - [MESSAGE][PASSED] - Delayed 1 second(s)

2018-11-27 15:33:38 - [MESSAGE][WARNING] - Object 'Object Repository/Final Object Repo/Page_Update Add New Employee - ASSIST/No Duplicate Employee Cross' is visible
[[ATTACHMENT|C:\\Users\\Admin\\Desktop\\PKS\\Perkeso Phase A\\Reports\\Workflow\\Update Add New Employee\\20181127_105057\\1543304018541.png]]

2018-11-27 15:33:38 - [TEST_STEP][PASSED] - delay: Delayed 2 second(s)

2018-11-27 15:33:40 - [MESSAGE][PASSED] - Delayed 2 second(s)

2018-11-27 15:33:40 - [TEST_STEP][PASSED] - setText: Text 'Automate002 not eligible 2' is set on object 'Object Repository/Final Object Repo/Page_Update Add New Employee - ASSIST/Employee Name Input'

2018-11-27 15:33:41 - [MESSAGE][PASSED] - Text 'Automate002 not eligible 2' is set on object 'Object Repository/Final Object Repo/Page_Update Add New Employee - ASSIST/Employee Name Input'

2018-11-27 15:33:41 - [TEST_STEP][PASSED] - delay: Delayed 2 second(s)

2018-11-27 15:33:43 - [MESSAGE][PASSED] - Delayed 2 second(s)

2018-11-27 15:33:43 - [TEST_STEP][PASSED] - click: Object: 'Object Repository/Final Object Repo/Page_Update Add New Employee - ASSIST/DatePicker Pop Up' is clicked on

2018-11-27 15:33:43 - [MESSAGE][PASSED] - Object: 'Object Repository/Final Object Repo/Page_Update Add New Employee - ASSIST/DatePicker Pop Up' is clicked on

2018-11-27 15:33:43 - [TEST_STEP][PASSED] - delay: Delayed 2 second(s)

2018-11-27 15:33:45 - [MESSAGE][PASSED] - Delayed 2 second(s)

2018-11-27 15:33:45 - [TEST_STEP][PASSED] - click: Object: 'Object Repository/Final Object Repo/Page_Update Add New Employee - ASSIST/DOB Month' is clicked on

2018-11-27 15:33:45 - [MESSAGE][PASSED] - Object: 'Object Repository/Final Object Repo/Page_Update Add New Employee - ASSIST/DOB Month' is clicked on

2018-11-27 15:33:45 - [TEST_STEP][PASSED] - Statement - selectMonth = com.kms.katalon.core.webui.keyword.WebUiBuiltInKeywords.modifyObjectProperty(selectMonth, "xpath", "equals", "//body/div/div/div/select/option[@value="" + CurrentMonth + ""]", true): Modify property of object successfully

2018-11-27 15:33:45 - [MESSAGE][PASSED] - Modify property of object successfully

2018-11-27 15:33:45 - [TEST_STEP][PASSED] - click: Object: '' is clicked on

2018-11-27 15:33:46 - [MESSAGE][PASSED] - Object: '' is clicked on

2018-11-27 15:33:46 - [TEST_STEP][PASSED] - click: Object: 'Object Repository/Final Object Repo/Page_Update Add New Employee - ASSIST/DOB Year' is clicked on

2018-11-27 15:33:46 - [MESSAGE][PASSED] - Object: 'Object Repository/Final Object Repo/Page_Update Add New Employee - ASSIST/DOB Year' is clicked on

2018-11-27 15:33:46 - [TEST_STEP][PASSED] - Statement - selectYear = com.kms.katalon.core.webui.keyword.WebUiBuiltInKeywords.modifyObjectProperty(selectYear, "xpath", "equals", "//div/div/div/select/option[@value="" + FiftysevenYrsBefore + ""]", true): Modify property of object successfully

2018-11-27 15:33:46 - [MESSAGE][PASSED] - Modify property of object successfully

2018-11-27 15:33:46 - [TEST_STEP][PASSED] - click: Object: '' is clicked on

2018-11-27 15:33:46 - [MESSAGE][PASSED] - Object: '' is clicked on

2018-11-27 15:33:46 - [TEST_STEP][PASSED] - Statement - UpdatedSelectDate = com.kms.katalon.core.webui.keyword.WebUiBuiltInKeywords.modifyObjectProperty(com.kms.katalon.core.testobject.ObjectRepository.findTestObject(Final Object Repo/Page_Update Add New Employee - ASSIST/DOB Date), "xpath", "equals", "//body/div/table/tbody/tr/td/a[text()="" + CurrentDate + ""]", true): Modify property of object successfully

2018-11-27 15:33:46 - [MESSAGE][PASSED] - Modify property of object successfully

2018-11-27 15:33:46 - [TEST_STEP][PASSED] - click: Object: 'Object Repository/Final Object Repo/Page_Update Add New Employee - ASSIST/DOB Date' is clicked on

2018-11-27 15:33:46 - [MESSAGE][PASSED] - Object: 'Object Repository/Final Object Repo/Page_Update Add New Employee - ASSIST/DOB Date' is clicked on

2018-11-27 15:33:46 - [TEST_STEP][PASSED] - click: Object: 'Object Repository/Final Object Repo/Page_Update Add New Employee - ASSIST/EmploymentStartDate Pop Up' is clicked on

2018-11-27 15:33:46 - [MESSAGE][PASSED] - Object: 'Object Repository/Final Object Repo/Page_Update Add New Employee - ASSIST/EmploymentStartDate Pop Up' is clicked on

2018-11-27 15:33:46 - [TEST_STEP][PASSED] - delay: Delayed 2 second(s)

2018-11-27 15:33:48 - [MESSAGE][PASSED] - Delayed 2 second(s)

2018-11-27 15:33:48 - [TEST_STEP][PASSED] - click: Object: 'Object Repository/Final Object Repo/Page_Update Add New Employee - ASSIST/Socso Employment StartDate Month' is clicked on

2018-11-27 15:33:49 - [MESSAGE][PASSED] - Object: 'Object Repository/Final Object Repo/Page_Update Add New Employee - ASSIST/Socso Employment StartDate Month' is clicked on

2018-11-27 15:33:49 - [TEST_STEP][PASSED] - delay: Delayed 1 second(s)

2018-11-27 15:33:50 - [MESSAGE][PASSED] - Delayed 1 second(s)

2018-11-27 15:33:50 - [TEST_STEP][PASSED] - click: Object: 'Object Repository/Final Object Repo/Page_Update Add New Employee - ASSIST/Select Socso Employement Startdate Month' is clicked on

2018-11-27 15:33:50 - [MESSAGE][PASSED] - Object: 'Object Repository/Final Object Repo/Page_Update Add New Employee - ASSIST/Select Socso Employement Startdate Month' is clicked on

2018-11-27 15:33:50 - [TEST_STEP][PASSED] - delay: Delayed 2 second(s)

2018-11-27 15:33:52 - [MESSAGE][PASSED] - Delayed 2 second(s)

2018-11-27 15:33:52 - [TEST_STEP][PASSED] - click: Object: 'Object Repository/Final Object Repo/Page_Update Add New Employee - ASSIST/Socso Employment StartDate Year' is clicked on

2018-11-27 15:33:52 - [MESSAGE][PASSED] - Object: 'Object Repository/Final Object Repo/Page_Update Add New Employee - ASSIST/Socso Employment StartDate Year' is clicked on

2018-11-27 15:33:52 - [TEST_STEP][PASSED] - delay: Delayed 1 second(s)

2018-11-27 15:33:53 - [MESSAGE][PASSED] - Delayed 1 second(s)

2018-11-27 15:33:53 - [TEST_STEP][PASSED] - click: Object: 'Object Repository/Final Object Repo/Page_Update Add New Employee - ASSIST/Select Socso Employment Startdate Year' is clicked on

2018-11-27 15:33:53 - [MESSAGE][PASSED] - Object: 'Object Repository/Final Object Repo/Page_Update Add New Employee - ASSIST/Select Socso Employment Startdate Year' is clicked on

2018-11-27 15:33:53 - [TEST_STEP][PASSED] - delay: Delayed 2 second(s)

2018-11-27 15:33:55 - [MESSAGE][PASSED] - Delayed 2 second(s)

2018-11-27 15:33:55 - [TEST_STEP][PASSED] - click: Object: 'Object Repository/Final Object Repo/Page_Update Add New Employee - ASSIST/Socso Employment Start Date Day' is clicked on

2018-11-27 15:33:55 - [MESSAGE][PASSED] - Object: 'Object Repository/Final Object Repo/Page_Update Add New Employee - ASSIST/Socso Employment Start Date Day' is clicked on

2018-11-27 15:33:55 - [TEST_STEP][PASSED] - delay: Delayed 2 second(s)

2018-11-27 15:33:57 - [MESSAGE][PASSED] - Delayed 2 second(s)

2018-11-27 15:33:57 - [TEST_STEP][PASSED] - click: Object: 'Object Repository/Final Object Repo/Page_Update Add New Employee - ASSIST/Save Button for Add Employee' is clicked on

2018-11-27 15:33:57 - [MESSAGE][PASSED] - Object: 'Object Repository/Final Object Repo/Page_Update Add New Employee - ASSIST/Save Button for Add Employee' is clicked on

2018-11-27 15:33:57 - [MESSAGE][PASSED] - Call Test Case 'Test Cases/Final Aug 2018 - PKS Automation/Registration Module/Workflow/Update Add New Employee/Template/Employee Adding/Employee Adding Action No Repeat IC' successfully

2018-11-27 15:33:57 - [TEST_STEP][PASSED] - delay: Delayed 4 second(s)

2018-11-27 15:34:01 - [MESSAGE][PASSED] - Delayed 4 second(s)

2018-11-27 15:34:01 - [TEST_STEP][PASSED] - Statement - CaseReferenceNo = com.kms.katalon.core.webui.keyword.WebUiBuiltInKeywords.getText(com.kms.katalon.core.testobject.ObjectRepository.findTestObject(Final Object Repo/Page_Update Add New Employee - ASSIST/RefNo)): Text of object 'Object Repository/Final Object Repo/Page_Update Add New Employee - ASSIST/RefNo' is: 'CAN11201800002196'

2018-11-27 15:34:02 - [MESSAGE][PASSED] - Text of object 'Object Repository/Final Object Repo/Page_Update Add New Employee - ASSIST/RefNo' is: 'CAN11201800002196'

2018-11-27 15:34:02 - [TEST_STEP][PASSED] - callTestCase: Call Test Case 'Test Cases/Final Aug 2018 - PKS Automation/Common/Reference Number Setter' successfully

2018-11-27 15:34:02 - [TEST_CASE][PASSED] - Test Cases/Final Aug 2018 - PKS Automation/Common/Reference Number Setter: Test Cases/Final Aug 2018 - PKS Automation/Common/Reference Number Setter

2018-11-27 15:34:02 - [TEST_STEP][PASSED] - Statement - RefNoOldFile = new java.io.File(C://Users//Admin//Desktop//PKS//Automation Reference Point//KatalonReference.txt): null

2018-11-27 15:34:02 - [TEST_STEP][PASSED] - Statement - RefNoOldFile.delete(): null

2018-11-27 15:34:02 - [TEST_STEP][PASSED] - delay: Delayed 5 second(s)

2018-11-27 15:34:07 - [MESSAGE][PASSED] - Delayed 5 second(s)

2018-11-27 15:34:07 - [TEST_STEP][PASSED] - Statement - RefNo = new java.io.File(C://Users//Admin//Desktop//PKS//Automation Reference Point//KatalonReference.txt): null

2018-11-27 15:34:07 - [TEST_STEP][PASSED] - Statement - f2 = new java.io.FileWriter(RefNo, false): null

2018-11-27 15:34:07 - [TEST_STEP][PASSED] - Statement - f2.write(CaseReferenceNo): null

2018-11-27 15:34:07 - [TEST_STEP][PASSED] - Statement - f2.close(): null

2018-11-27 15:34:07 - [TEST_STEP][PASSED] - Statement - out.println("


" + CaseReferenceNo + "


"): null

2018-11-27 15:34:07 - [MESSAGE][PASSED] - Call Test Case 'Test Cases/Final Aug 2018 - PKS Automation/Common/Reference Number Setter' successfully

2018-11-27 15:34:07 - [TEST_STEP][PASSED] - delay: Delayed 5 second(s)

2018-11-27 15:34:12 - [MESSAGE][PASSED] - Delayed 5 second(s)

2018-11-27 15:34:12 - [TEST_STEP][PASSED] - click: Object: 'Object Repository/Final Object Repo/Page_Update Add New Employee - ASSIST/Incomplete Checkbox' is clicked on

2018-11-27 15:34:12 - [MESSAGE][PASSED] - Object: 'Object Repository/Final Object Repo/Page_Update Add New Employee - ASSIST/Incomplete Checkbox' is clicked on

2018-11-27 15:34:12 - [TEST_STEP][PASSED] - delay: Delayed 2 second(s)

2018-11-27 15:34:14 - [MESSAGE][PASSED] - Delayed 2 second(s)

2018-11-27 15:34:14 - [TEST_STEP][PASSED] - click: Object: 'Object Repository/Final Object Repo/Page_Update Add New Employee - ASSIST/Save  Continue Button' is clicked on

2018-11-27 15:34:14 - [MESSAGE][PASSED] - Object: 'Object Repository/Final Object Repo/Page_Update Add New Employee - ASSIST/Save  Continue Button' is clicked on

2018-11-27 15:34:14 - [TEST_STEP][PASSED] - delay: Delayed 4 second(s)

2018-11-27 15:34:18 - [MESSAGE][PASSED] - Delayed 4 second(s)

2018-11-27 15:34:18 - [TEST_STEP][PASSED] - click: Object: 'Object Repository/Final Object Repo/Page_Update Add New Employee - ASSIST/Save  Continue Third Screen' is clicked on

2018-11-27 15:34:21 - [MESSAGE][PASSED] - Object: 'Object Repository/Final Object Repo/Page_Update Add New Employee - ASSIST/Save  Continue Third Screen' is clicked on

2018-11-27 15:34:21 - [TEST_STEP][PASSED] - delay: Delayed 4 second(s)

2018-11-27 15:34:25 - [MESSAGE][PASSED] - Delayed 4 second(s)

2018-11-27 15:34:25 - [TEST_STEP][PASSED] - click: Object: 'Object Repository/Final Object Repo/Page_Update Add New Employee - ASSIST/Save   Continue Supporting Doc Page' is clicked on

2018-11-27 15:34:26 - [MESSAGE][PASSED] - Object: 'Object Repository/Final Object Repo/Page_Update Add New Employee - ASSIST/Save   Continue Supporting Doc Page' is clicked on

2018-11-27 15:34:26 - [TEST_STEP][PASSED] - delay: Delayed 4 second(s)

2018-11-27 15:34:30 - [MESSAGE][PASSED] - Delayed 4 second(s)

2018-11-27 15:34:30 - [TEST_STEP][PASSED] - click: Object: 'Object Repository/Final Object Repo/Page_Update Add New Employee - ASSIST/Submit Button' is clicked on

2018-11-27 15:34:30 - [MESSAGE][PASSED] - Object: 'Object Repository/Final Object Repo/Page_Update Add New Employee - ASSIST/Submit Button' is clicked on

2018-11-27 15:34:30 - [TEST_STEP][PASSED] - delay: Delayed 4 second(s)

2018-11-27 15:34:34 - [MESSAGE][PASSED] - Delayed 4 second(s)

2018-11-27 15:34:34 - [TEST_STEP][PASSED] - click: Object: 'Object Repository/Final Object Repo/Page_Update Add New Employee - ASSIST/Confirm Submit Button' is clicked on

2018-11-27 15:34:34 - [MESSAGE][PASSED] - Object: 'Object Repository/Final Object Repo/Page_Update Add New Employee - ASSIST/Confirm Submit Button' is clicked on

2018-11-27 15:34:34 - [TEST_STEP][PASSED] - delay: Delayed 30 second(s)

2018-11-27 15:35:04 - [MESSAGE][PASSED] - Delayed 30 second(s)

2018-11-27 15:35:04 - [TEST_STEP][PASSED] - callTestCase: Call Test Case 'Test Cases/Final Aug 2018 - PKS Automation/Common/Screenshoting tool' successfully

2018-11-27 15:35:04 - [TEST_CASE][PASSED] - Test Cases/Final Aug 2018 - PKS Automation/Common/Screenshoting tool: Test Cases/Final Aug 2018 - PKS Automation/Common/Screenshoting tool

2018-11-27 15:35:04 - [TEST_STEP][PASSED] - delay: Delayed 15 second(s)

2018-11-27 15:35:19 - [MESSAGE][PASSED] - Delayed 15 second(s)

2018-11-27 15:35:19 - [TEST_STEP][PASSED] - Statement - driver = com.kms.katalon.core.webui.driver.DriverFactory.getWebDriver(): null

2018-11-27 15:35:19 - [TEST_STEP][PASSED] - Statement - driver.manage().timeouts().implicitlyWait(10, SECONDS): null

2018-11-27 15:35:19 - [TEST_STEP][PASSED] - Statement - PresavePath = KatalonScreenshots: null

2018-11-27 15:35:19 - [TEST_STEP][PASSED] - Statement - pathPrefix = "C:\Users\Public\Pictures\Sample Pictures\Katalon Screenshots\Automate Ending Screen": null

2018-11-27 15:35:19 - [TEST_STEP][PASSED] - Statement - finalPath = <not implemented yet for class: org.codehaus.groovy.ast.expr.EmptyExpression>: null

2018-11-27 15:35:19 - [TEST_STEP][PASSED] - Statement - scrFile = driver.getScreenshotAs(FILE): null

2018-11-27 15:35:20 - [TEST_STEP][PASSED] - Statement - PreSaveFile = new java.io.File(PresavePath): null

2018-11-27 15:35:20 - [TEST_STEP][PASSED] - Statement - counter = 0: null

2018-11-27 15:35:20 - [TEST_STEP][PASSED] - Statement - If (PreSaveFile.exists()): null

2018-11-27 15:35:20 - [TEST_STEP][PASSED] - Statement - While (PreSaveFile.exists()): null

2018-11-27 15:35:20 - [TEST_STEP][PASSED] - Statement - counter = counter + 1: null

2018-11-27 15:35:20 - [TEST_STEP][PASSED] - Statement - PreSaveFile = new java.io.File(((pathPrefix + java.lang.Integer.toString(counter)) + .png)): null

2018-11-27 15:35:20 - [TEST_STEP][PASSED] - Statement - counter = counter + 1: null

2018-11-27 15:35:20 - [TEST_STEP][PASSED] - Statement - PreSaveFile = new java.io.File(((pathPrefix + java.lang.Integer.toString(counter)) + .png)): null

2018-11-27 15:35:20 - [TEST_STEP][PASSED] - Statement - counter = counter + 1: null

2018-11-27 15:35:20 - [TEST_STEP][PASSED] - Statement - PreSaveFile = new java.io.File(((pathPrefix + java.lang.Integer.toString(counter)) + .png)): null

2018-11-27 15:35:20 - [TEST_STEP][PASSED] - Statement - counter = counter + 1: null

2018-11-27 15:35:20 - [TEST_STEP][PASSED] - Statement - PreSaveFile = new java.io.File(((pathPrefix + java.lang.Integer.toString(counter)) + .png)): null

2018-11-27 15:35:20 - [TEST_STEP][PASSED] - Statement - counter = counter + 1: null

2018-11-27 15:35:20 - [TEST_STEP][PASSED] - Statement - PreSaveFile = new java.io.File(((pathPrefix + java.lang.Integer.toString(counter)) + .png)): null

2018-11-27 15:35:20 - [TEST_STEP][PASSED] - Statement - counter = counter + 1: null

2018-11-27 15:35:20 - [TEST_STEP][PASSED] - Statement - PreSaveFile = new java.io.File(((pathPrefix + java.lang.Integer.toString(counter)) + .png)): null

2018-11-27 15:35:20 - [TEST_STEP][PASSED] - Statement - counter = counter + 1: null

2018-11-27 15:35:20 - [TEST_STEP][PASSED] - Statement - PreSaveFile = new java.io.File(((pathPrefix + java.lang.Integer.toString(counter)) + .png)): null

2018-11-27 15:35:20 - [TEST_STEP][PASSED] - Statement - counter = counter + 1: null

2018-11-27 15:35:20 - [TEST_STEP][PASSED] - Statement - PreSaveFile = new java.io.File(((pathPrefix + java.lang.Integer.toString(counter)) + .png)): null

2018-11-27 15:35:20 - [TEST_STEP][PASSED] - Statement - counter = counter + 1: null

2018-11-27 15:35:20 - [TEST_STEP][PASSED] - Statement - PreSaveFile = new java.io.File(((pathPrefix + java.lang.Integer.toString(counter)) + .png)): null

2018-11-27 15:35:20 - [TEST_STEP][PASSED] - Statement - counter = counter + 1: null

2018-11-27 15:35:20 - [TEST_STEP][PASSED] - Statement - PreSaveFile = new java.io.File(((pathPrefix + java.lang.Integer.toString(counter)) + .png)): null

2018-11-27 15:35:20 - [TEST_STEP][PASSED] - Statement - counter = counter + 1: null

2018-11-27 15:35:20 - [TEST_STEP][PASSED] - Statement - PreSaveFile = new java.io.File(((pathPrefix + java.lang.Integer.toString(counter)) + .png)): null

2018-11-27 15:35:20 - [TEST_STEP][PASSED] - Statement - counter = counter + 1: null

2018-11-27 15:35:20 - [TEST_STEP][PASSED] - Statement - PreSaveFile = new java.io.File(((pathPrefix + java.lang.Integer.toString(counter)) + .png)): null

2018-11-27 15:35:20 - [TEST_STEP][PASSED] - Statement - counter = counter + 1: null

2018-11-27 15:35:20 - [TEST_STEP][PASSED] - Statement - PreSaveFile = new java.io.File(((pathPrefix + java.lang.Integer.toString(counter)) + .png)): null

2018-11-27 15:35:20 - [TEST_STEP][PASSED] - Statement - counter = counter + 1: null

2018-11-27 15:35:20 - [TEST_STEP][PASSED] - Statement - PreSaveFile = new java.io.File(((pathPrefix + java.lang.Integer.toString(counter)) + .png)): null

2018-11-27 15:35:20 - [TEST_STEP][PASSED] - Statement - counter = counter + 1: null

2018-11-27 15:35:20 - [TEST_STEP][PASSED] - Statement - PreSaveFile = new java.io.File(((pathPrefix + java.lang.Integer.toString(counter)) + .png)): null

2018-11-27 15:35:20 - [TEST_STEP][PASSED] - Statement - counter = counter + 1: null

2018-11-27 15:35:20 - [TEST_STEP][PASSED] - Statement - PreSaveFile = new java.io.File(((pathPrefix + java.lang.Integer.toString(counter)) + .png)): null

2018-11-27 15:35:20 - [TEST_STEP][PASSED] - Statement - counter = counter + 1: null

2018-11-27 15:35:20 - [TEST_STEP][PASSED] - Statement - PreSaveFile = new java.io.File(((pathPrefix + java.lang.Integer.toString(counter)) + .png)): null

2018-11-27 15:35:20 - [TEST_STEP][PASSED] - Statement - counter = counter + 1: null

2018-11-27 15:35:20 - [TEST_STEP][PASSED] - Statement - PreSaveFile = new java.io.File(((pathPrefix + java.lang.Integer.toString(counter)) + .png)): null

2018-11-27 15:35:20 - [TEST_STEP][PASSED] - Statement - counter = counter + 1: null

2018-11-27 15:35:20 - [TEST_STEP][PASSED] - Statement - PreSaveFile = new java.io.File(((pathPrefix + java.lang.Integer.toString(counter)) + .png)): null

2018-11-27 15:35:20 - [TEST_STEP][PASSED] - Statement - counter = counter + 1: null

2018-11-27 15:35:20 - [TEST_STEP][PASSED] - Statement - PreSaveFile = new java.io.File(((pathPrefix + java.lang.Integer.toString(counter)) + .png)): null

2018-11-27 15:35:20 - [TEST_STEP][PASSED] - Statement - counter = counter + 1: null

2018-11-27 15:35:20 - [TEST_STEP][PASSED] - Statement - PreSaveFile = new java.io.File(((pathPrefix + java.lang.Integer.toString(counter)) + .png)): null

2018-11-27 15:35:20 - [TEST_STEP][PASSED] - Statement - counter = counter + 1: null

2018-11-27 15:35:20 - [TEST_STEP][PASSED] - Statement - PreSaveFile = new java.io.File(((pathPrefix + java.lang.Integer.toString(counter)) + .png)): null

2018-11-27 15:35:20 - [TEST_STEP][PASSED] - Statement - counter = counter + 1: null

2018-11-27 15:35:20 - [TEST_STEP][PASSED] - Statement - PreSaveFile = new java.io.File(((pathPrefix + java.lang.Integer.toString(counter)) + .png)): null

2018-11-27 15:35:20 - [TEST_STEP][PASSED] - Statement - counter = counter + 1: null

2018-11-27 15:35:20 - [TEST_STEP][PASSED] - Statement - PreSaveFile = new java.io.File(((pathPrefix + java.lang.Integer.toString(counter)) + .png)): null

2018-11-27 15:35:20 - [TEST_STEP][PASSED] - Statement - counter = counter + 1: null

2018-11-27 15:35:20 - [TEST_STEP][PASSED] - Statement - PreSaveFile = new java.io.File(((pathPrefix + java.lang.Integer.toString(counter)) + .png)): null

2018-11-27 15:35:20 - [TEST_STEP][PASSED] - Statement - counter = counter + 1: null

2018-11-27 15:35:20 - [TEST_STEP][PASSED] - Statement - PreSaveFile = new java.io.File(((pathPrefix + java.lang.Integer.toString(counter)) + .png)): null

2018-11-27 15:35:20 - [TEST_STEP][PASSED] - Statement - counter = counter + 1: null

2018-11-27 15:35:20 - [TEST_STEP][PASSED] - Statement - PreSaveFile = new java.io.File(((pathPrefix + java.lang.Integer.toString(counter)) + .png)): null

2018-11-27 15:35:20 - [TEST_STEP][PASSED] - Statement - counter = counter + 1: null

2018-11-27 15:35:20 - [TEST_STEP][PASSED] - Statement - PreSaveFile = new java.io.File(((pathPrefix + java.lang.Integer.toString(counter)) + .png)): null

2018-11-27 15:35:20 - [TEST_STEP][PASSED] - Statement - counter = counter + 1: null

2018-11-27 15:35:20 - [TEST_STEP][PASSED] - Statement - PreSaveFile = new java.io.File(((pathPrefix + java.lang.Integer.toString(counter)) + .png)): null

2018-11-27 15:35:20 - [TEST_STEP][PASSED] - Statement - counter = counter + 1: null

2018-11-27 15:35:20 - [TEST_STEP][PASSED] - Statement - PreSaveFile = new java.io.File(((pathPrefix + java.lang.Integer.toString(counter)) + .png)): null

2018-11-27 15:35:20 - [TEST_STEP][PASSED] - Statement - counter = counter + 1: null

2018-11-27 15:35:20 - [TEST_STEP][PASSED] - Statement - PreSaveFile = new java.io.File(((pathPrefix + java.lang.Integer.toString(counter)) + .png)): null

2018-11-27 15:35:20 - [TEST_STEP][PASSED] - Statement - counter = counter + 1: null

2018-11-27 15:35:20 - [TEST_STEP][PASSED] - Statement - PreSaveFile = new java.io.File(((pathPrefix + java.lang.Integer.toString(counter)) + .png)): null

2018-11-27 15:35:20 - [TEST_STEP][PASSED] - Statement - counter = counter + 1: null

2018-11-27 15:35:20 - [TEST_STEP][PASSED] - Statement - PreSaveFile = new java.io.File(((pathPrefix + java.lang.Integer.toString(counter)) + .png)): null

2018-11-27 15:35:20 - [TEST_STEP][PASSED] - Statement - counter = counter + 1: null

2018-11-27 15:35:20 - [TEST_STEP][PASSED] - Statement - PreSaveFile = new java.io.File(((pathPrefix + java.lang.Integer.toString(counter)) + .png)): null

2018-11-27 15:35:20 - [TEST_STEP][PASSED] - Statement - counter = counter + 1: null

2018-11-27 15:35:20 - [TEST_STEP][PASSED] - Statement - PreSaveFile = new java.io.File(((pathPrefix + java.lang.Integer.toString(counter)) + .png)): null

2018-11-27 15:35:20 - [TEST_STEP][PASSED] - Statement - counter = counter + 1: null

2018-11-27 15:35:20 - [TEST_STEP][PASSED] - Statement - PreSaveFile = new java.io.File(((pathPrefix + java.lang.Integer.toString(counter)) + .png)): null

2018-11-27 15:35:20 - [TEST_STEP][PASSED] - Statement - counter = counter + 1: null

2018-11-27 15:35:20 - [TEST_STEP][PASSED] - Statement - PreSaveFile = new java.io.File(((pathPrefix + java.lang.Integer.toString(counter)) + .png)): null

2018-11-27 15:35:20 - [TEST_STEP][PASSED] - Statement - counter = counter + 1: null

2018-11-27 15:35:20 - [TEST_STEP][PASSED] - Statement - PreSaveFile = new java.io.File(((pathPrefix + java.lang.Integer.toString(counter)) + .png)): null

2018-11-27 15:35:20 - [TEST_STEP][PASSED] - Statement - counter = counter + 1: null

2018-11-27 15:35:20 - [TEST_STEP][PASSED] - Statement - PreSaveFile = new java.io.File(((pathPrefix + java.lang.Integer.toString(counter)) + .png)): null

2018-11-27 15:35:20 - [TEST_STEP][PASSED] - Statement - counter = counter + 1: null

2018-11-27 15:35:20 - [TEST_STEP][PASSED] - Statement - PreSaveFile = new java.io.File(((pathPrefix + java.lang.Integer.toString(counter)) + .png)): null

2018-11-27 15:35:20 - [TEST_STEP][PASSED] - Statement - counter = counter + 1: null

2018-11-27 15:35:20 - [TEST_STEP][PASSED] - Statement - PreSaveFile = new java.io.File(((pathPrefix + java.lang.Integer.toString(counter)) + .png)): null

2018-11-27 15:35:20 - [TEST_STEP][PASSED] - Statement - counter = counter + 1: null

2018-11-27 15:35:20 - [TEST_STEP][PASSED] - Statement - PreSaveFile = new java.io.File(((pathPrefix + java.lang.Integer.toString(counter)) + .png)): null

2018-11-27 15:35:20 - [TEST_STEP][PASSED] - Statement - counter = counter + 1: null

2018-11-27 15:35:20 - [TEST_STEP][PASSED] - Statement - PreSaveFile = new java.io.File(((pathPrefix + java.lang.Integer.toString(counter)) + .png)): null

2018-11-27 15:35:20 - [TEST_STEP][PASSED] - Statement - counter = counter + 1: null

2018-11-27 15:35:20 - [TEST_STEP][PASSED] - Statement - PreSaveFile = new java.io.File(((pathPrefix + java.lang.Integer.toString(counter)) + .png)): null

2018-11-27 15:35:20 - [TEST_STEP][PASSED] - Statement - counter = counter + 1: null

2018-11-27 15:35:20 - [TEST_STEP][PASSED] - Statement - PreSaveFile = new java.io.File(((pathPrefix + java.lang.Integer.toString(counter)) + .png)): null

2018-11-27 15:35:20 - [TEST_STEP][PASSED] - Statement - counter = counter + 1: null

2018-11-27 15:35:20 - [TEST_STEP][PASSED] - Statement - PreSaveFile = new java.io.File(((pathPrefix + java.lang.Integer.toString(counter)) + .png)): null

2018-11-27 15:35:20 - [TEST_STEP][PASSED] - Statement - counter = counter + 1: null

2018-11-27 15:35:20 - [TEST_STEP][PASSED] - Statement - PreSaveFile = new java.io.File(((pathPrefix + java.lang.Integer.toString(counter)) + .png)): null

2018-11-27 15:35:20 - [TEST_STEP][PASSED] - Statement - counter = counter + 1: null

2018-11-27 15:35:20 - [TEST_STEP][PASSED] - Statement - PreSaveFile = new java.io.File(((pathPrefix + java.lang.Integer.toString(counter)) + .png)): null

2018-11-27 15:35:20 - [TEST_STEP][PASSED] - Statement - counter = counter + 1: null

2018-11-27 15:35:20 - [TEST_STEP][PASSED] - Statement - PreSaveFile = new java.io.File(((pathPrefix + java.lang.Integer.toString(counter)) + .png)): null

2018-11-27 15:35:20 - [TEST_STEP][PASSED] - Statement - counter = counter + 1: null

2018-11-27 15:35:20 - [TEST_STEP][PASSED] - Statement - PreSaveFile = new java.io.File(((pathPrefix + java.lang.Integer.toString(counter)) + .png)): null

2018-11-27 15:35:20 - [TEST_STEP][PASSED] - Statement - counter = counter + 1: null

2018-11-27 15:35:20 - [TEST_STEP][PASSED] - Statement - PreSaveFile = new java.io.File(((pathPrefix + java.lang.Integer.toString(counter)) + .png)): null

2018-11-27 15:35:20 - [TEST_STEP][PASSED] - Statement - counter = counter + 1: null

2018-11-27 15:35:20 - [TEST_STEP][PASSED] - Statement - PreSaveFile = new java.io.File(((pathPrefix + java.lang.Integer.toString(counter)) + .png)): null

2018-11-27 15:35:20 - [TEST_STEP][PASSED] - Statement - counter = counter + 1: null

2018-11-27 15:35:20 - [TEST_STEP][PASSED] - Statement - PreSaveFile = new java.io.File(((pathPrefix + java.lang.Integer.toString(counter)) + .png)): null

2018-11-27 15:35:20 - [TEST_STEP][PASSED] - Statement - counter = counter + 1: null

2018-11-27 15:35:20 - [TEST_STEP][PASSED] - Statement - PreSaveFile = new java.io.File(((pathPrefix + java.lang.Integer.toString(counter)) + .png)): null

2018-11-27 15:35:20 - [TEST_STEP][PASSED] - Statement - counter = counter + 1: null

2018-11-27 15:35:20 - [TEST_STEP][PASSED] - Statement - PreSaveFile = new java.io.File(((pathPrefix + java.lang.Integer.toString(counter)) + .png)): null

2018-11-27 15:35:20 - [TEST_STEP][PASSED] - Statement - counter = counter + 1: null

2018-11-27 15:35:20 - [TEST_STEP][PASSED] - Statement - PreSaveFile = new java.io.File(((pathPrefix + java.lang.Integer.toString(counter)) + .png)): null

2018-11-27 15:35:20 - [TEST_STEP][PASSED] - Statement - counter = counter + 1: null

2018-11-27 15:35:20 - [TEST_STEP][PASSED] - Statement - PreSaveFile = new java.io.File(((pathPrefix + java.lang.Integer.toString(counter)) + .png)): null

2018-11-27 15:35:20 - [TEST_STEP][PASSED] - Statement - counter = counter + 1: null

2018-11-27 15:35:20 - [TEST_STEP][PASSED] - Statement - PreSaveFile = new java.io.File(((pathPrefix + java.lang.Integer.toString(counter)) + .png)): null

2018-11-27 15:35:20 - [TEST_STEP][PASSED] - Statement - counter = counter + 1: null

2018-11-27 15:35:20 - [TEST_STEP][PASSED] - Statement - PreSaveFile = new java.io.File(((pathPrefix + java.lang.Integer.toString(counter)) + .png)): null

2018-11-27 15:35:20 - [TEST_STEP][PASSED] - Statement - counter = counter + 1: null

2018-11-27 15:35:20 - [TEST_STEP][PASSED] - Statement - PreSaveFile = new java.io.File(((pathPrefix + java.lang.Integer.toString(counter)) + .png)): null

2018-11-27 15:35:20 - [TEST_STEP][PASSED] - Statement - counter = counter + 1: null

2018-11-27 15:35:20 - [TEST_STEP][PASSED] - Statement - PreSaveFile = new java.io.File(((pathPrefix + java.lang.Integer.toString(counter)) + .png)): null

2018-11-27 15:35:20 - [TEST_STEP][PASSED] - Statement - counter = counter + 1: null

2018-11-27 15:35:20 - [TEST_STEP][PASSED] - Statement - PreSaveFile = new java.io.File(((pathPrefix + java.lang.Integer.toString(counter)) + .png)): null

2018-11-27 15:35:20 - [TEST_STEP][PASSED] - Statement - counter = counter + 1: null

2018-11-27 15:35:20 - [TEST_STEP][PASSED] - Statement - PreSaveFile = new java.io.File(((pathPrefix + java.lang.Integer.toString(counter)) + .png)): null

2018-11-27 15:35:20 - [TEST_STEP][PASSED] - Statement - counter = counter + 1: null

2018-11-27 15:35:20 - [TEST_STEP][PASSED] - Statement - PreSaveFile = new java.io.File(((pathPrefix + java.lang.Integer.toString(counter)) + .png)): null

2018-11-27 15:35:20 - [TEST_STEP][PASSED] - Statement - counter = counter + 1: null

2018-11-27 15:35:20 - [TEST_STEP][PASSED] - Statement - PreSaveFile = new java.io.File(((pathPrefix + java.lang.Integer.toString(counter)) + .png)): null

2018-11-27 15:35:20 - [TEST_STEP][PASSED] - Statement - counter = counter + 1: null

2018-11-27 15:35:20 - [TEST_STEP][PASSED] - Statement - PreSaveFile = new java.io.File(((pathPrefix + java.lang.Integer.toString(counter)) + .png)): null

2018-11-27 15:35:20 - [TEST_STEP][PASSED] - Statement - counter = counter + 1: null

2018-11-27 15:35:20 - [TEST_STEP][PASSED] - Statement - PreSaveFile = new java.io.File(((pathPrefix + java.lang.Integer.toString(counter)) + .png)): null

2018-11-27 15:35:20 - [TEST_STEP][PASSED] - Statement - counter = counter + 1: null

2018-11-27 15:35:20 - [TEST_STEP][PASSED] - Statement - PreSaveFile = new java.io.File(((pathPrefix + java.lang.Integer.toString(counter)) + .png)): null

2018-11-27 15:35:20 - [TEST_STEP][PASSED] - Statement - counter = counter + 1: null

2018-11-27 15:35:20 - [TEST_STEP][PASSED] - Statement - PreSaveFile = new java.io.File(((pathPrefix + java.lang.Integer.toString(counter)) + .png)): null

2018-11-27 15:35:20 - [TEST_STEP][PASSED] - Statement - counter = counter + 1: null

2018-11-27 15:35:20 - [TEST_STEP][PASSED] - Statement - PreSaveFile = new java.io.File(((pathPrefix + java.lang.Integer.toString(counter)) + .png)): null

2018-11-27 15:35:20 - [TEST_STEP][PASSED] - Statement - counter = counter + 1: null

2018-11-27 15:35:20 - [TEST_STEP][PASSED] - Statement - PreSaveFile = new java.io.File(((pathPrefix + java.lang.Integer.toString(counter)) + .png)): null

2018-11-27 15:35:20 - [TEST_STEP][PASSED] - Statement - counter = counter + 1: null

2018-11-27 15:35:20 - [TEST_STEP][PASSED] - Statement - PreSaveFile = new java.io.File(((pathPrefix + java.lang.Integer.toString(counter)) + .png)): null

2018-11-27 15:35:20 - [TEST_STEP][PASSED] - Statement - counter = counter + 1: null

2018-11-27 15:35:20 - [TEST_STEP][PASSED] - Statement - PreSaveFile = new java.io.File(((pathPrefix + java.lang.Integer.toString(counter)) + .png)): null

2018-11-27 15:35:20 - [TEST_STEP][PASSED] - Statement - counter = counter + 1: null

2018-11-27 15:35:20 - [TEST_STEP][PASSED] - Statement - PreSaveFile = new java.io.File(((pathPrefix + java.lang.Integer.toString(counter)) + .png)): null

2018-11-27 15:35:20 - [TEST_STEP][PASSED] - Statement - counter = counter + 1: null

2018-11-27 15:35:20 - [TEST_STEP][PASSED] - Statement - PreSaveFile = new java.io.File(((pathPrefix + java.lang.Integer.toString(counter)) + .png)): null

2018-11-27 15:35:20 - [TEST_STEP][PASSED] - Statement - counter = counter + 1: null

2018-11-27 15:35:20 - [TEST_STEP][PASSED] - Statement - PreSaveFile = new java.io.File(((pathPrefix + java.lang.Integer.toString(counter)) + .png)): null

2018-11-27 15:35:20 - [TEST_STEP][PASSED] - Statement - counter = counter + 1: null

2018-11-27 15:35:20 - [TEST_STEP][PASSED] - Statement - PreSaveFile = new java.io.File(((pathPrefix + java.lang.Integer.toString(counter)) + .png)): null

2018-11-27 15:35:20 - [TEST_STEP][PASSED] - Statement - counter = counter + 1: null

2018-11-27 15:35:20 - [TEST_STEP][PASSED] - Statement - PreSaveFile = new java.io.File(((pathPrefix + java.lang.Integer.toString(counter)) + .png)): null

2018-11-27 15:35:20 - [TEST_STEP][PASSED] - Statement - counter = counter + 1: null

2018-11-27 15:35:20 - [TEST_STEP][PASSED] - Statement - PreSaveFile = new java.io.File(((pathPrefix + java.lang.Integer.toString(counter)) + .png)): null

2018-11-27 15:35:20 - [TEST_STEP][PASSED] - Statement - counter = counter + 1: null

2018-11-27 15:35:20 - [TEST_STEP][PASSED] - Statement - PreSaveFile = new java.io.File(((pathPrefix + java.lang.Integer.toString(counter)) + .png)): null

2018-11-27 15:35:20 - [TEST_STEP][PASSED] - Statement - counter = counter + 1: null

2018-11-27 15:35:20 - [TEST_STEP][PASSED] - Statement - PreSaveFile = new java.io.File(((pathPrefix + java.lang.Integer.toString(counter)) + .png)): null

2018-11-27 15:35:20 - [TEST_STEP][PASSED] - Statement - counter = counter + 1: null

2018-11-27 15:35:20 - [TEST_STEP][PASSED] - Statement - PreSaveFile = new java.io.File(((pathPrefix + java.lang.Integer.toString(counter)) + .png)): null

2018-11-27 15:35:20 - [TEST_STEP][PASSED] - Statement - counter = counter + 1: null

2018-11-27 15:35:20 - [TEST_STEP][PASSED] - Statement - PreSaveFile = new java.io.File(((pathPrefix + java.lang.Integer.toString(counter)) + .png)): null

2018-11-27 15:35:20 - [TEST_STEP][PASSED] - Statement - counter = counter + 1: null

2018-11-27 15:35:20 - [TEST_STEP][PASSED] - Statement - PreSaveFile = new java.io.File(((pathPrefix + java.lang.Integer.toString(counter)) + .png)): null

2018-11-27 15:35:20 - [TEST_STEP][PASSED] - Statement - counter = counter + 1: null

2018-11-27 15:35:20 - [TEST_STEP][PASSED] - Statement - PreSaveFile = new java.io.File(((pathPrefix + java.lang.Integer.toString(counter)) + .png)): null

2018-11-27 15:35:20 - [TEST_STEP][PASSED] - Statement - counter = counter + 1: null

2018-11-27 15:35:20 - [TEST_STEP][PASSED] - Statement - PreSaveFile = new java.io.File(((pathPrefix + java.lang.Integer.toString(counter)) + .png)): null

2018-11-27 15:35:20 - [TEST_STEP][PASSED] - Statement - counter = counter + 1: null

2018-11-27 15:35:20 - [TEST_STEP][PASSED] - Statement - PreSaveFile = new java.io.File(((pathPrefix + java.lang.Integer.toString(counter)) + .png)): null

2018-11-27 15:35:20 - [TEST_STEP][PASSED] - Statement - counter = counter + 1: null

2018-11-27 15:35:20 - [TEST_STEP][PASSED] - Statement - PreSaveFile = new java.io.File(((pathPrefix + java.lang.Integer.toString(counter)) + .png)): null

2018-11-27 15:35:20 - [TEST_STEP][PASSED] - Statement - counter = counter + 1: null

2018-11-27 15:35:20 - [TEST_STEP][PASSED] - Statement - PreSaveFile = new java.io.File(((pathPrefix + java.lang.Integer.toString(counter)) + .png)): null

2018-11-27 15:35:20 - [TEST_STEP][PASSED] - Statement - counter = counter + 1: null

2018-11-27 15:35:20 - [TEST_STEP][PASSED] - Statement - PreSaveFile = new java.io.File(((pathPrefix + java.lang.Integer.toString(counter)) + .png)): null

2018-11-27 15:35:20 - [TEST_STEP][PASSED] - Statement - counter = counter + 1: null

2018-11-27 15:35:20 - [TEST_STEP][PASSED] - Statement - PreSaveFile = new java.io.File(((pathPrefix + java.lang.Integer.toString(counter)) + .png)): null

2018-11-27 15:35:20 - [TEST_STEP][PASSED] - Statement - counter = counter + 1: null

2018-11-27 15:35:20 - [TEST_STEP][PASSED] - Statement - PreSaveFile = new java.io.File(((pathPrefix + java.lang.Integer.toString(counter)) + .png)): null

2018-11-27 15:35:20 - [TEST_STEP][PASSED] - Statement - counter = counter + 1: null

2018-11-27 15:35:20 - [TEST_STEP][PASSED] - Statement - PreSaveFile = new java.io.File(((pathPrefix + java.lang.Integer.toString(counter)) + .png)): null

2018-11-27 15:35:20 - [TEST_STEP][PASSED] - Statement - counter = counter + 1: null

2018-11-27 15:35:20 - [TEST_STEP][PASSED] - Statement - PreSaveFile = new java.io.File(((pathPrefix + java.lang.Integer.toString(counter)) + .png)): null

2018-11-27 15:35:20 - [TEST_STEP][PASSED] - Statement - counter = counter + 1: null

2018-11-27 15:35:20 - [TEST_STEP][PASSED] - Statement - PreSaveFile = new java.io.File(((pathPrefix + java.lang.Integer.toString(counter)) + .png)): null

2018-11-27 15:35:20 - [TEST_STEP][PASSED] - Statement - counter = counter + 1: null

2018-11-27 15:35:20 - [TEST_STEP][PASSED] - Statement - PreSaveFile = new java.io.File(((pathPrefix + java.lang.Integer.toString(counter)) + .png)): null

2018-11-27 15:35:20 - [TEST_STEP][PASSED] - Statement - counter = counter + 1: null

2018-11-27 15:35:20 - [TEST_STEP][PASSED] - Statement - PreSaveFile = new java.io.File(((pathPrefix + java.lang.Integer.toString(counter)) + .png)): null

2018-11-27 15:35:20 - [TEST_STEP][PASSED] - Statement - counter = counter + 1: null

2018-11-27 15:35:20 - [TEST_STEP][PASSED] - Statement - PreSaveFile = new java.io.File(((pathPrefix + java.lang.Integer.toString(counter)) + .png)): null

2018-11-27 15:35:20 - [TEST_STEP][PASSED] - Statement - counter = counter + 1: null

2018-11-27 15:35:20 - [TEST_STEP][PASSED] - Statement - PreSaveFile = new java.io.File(((pathPrefix + java.lang.Integer.toString(counter)) + .png)): null

2018-11-27 15:35:20 - [TEST_STEP][PASSED] - Statement - counter = counter + 1: null

2018-11-27 15:35:20 - [TEST_STEP][PASSED] - Statement - PreSaveFile = new java.io.File(((pathPrefix + java.lang.Integer.toString(counter)) + .png)): null

2018-11-27 15:35:20 - [TEST_STEP][PASSED] - Statement - counter = counter + 1: null

2018-11-27 15:35:20 - [TEST_STEP][PASSED] - Statement - PreSaveFile = new java.io.File(((pathPrefix + java.lang.Integer.toString(counter)) + .png)): null

2018-11-27 15:35:20 - [TEST_STEP][PASSED] - Statement - counter = counter + 1: null

2018-11-27 15:35:20 - [TEST_STEP][PASSED] - Statement - PreSaveFile = new java.io.File(((pathPrefix + java.lang.Integer.toString(counter)) + .png)): null

2018-11-27 15:35:20 - [TEST_STEP][PASSED] - Statement - counter = counter + 1: null

2018-11-27 15:35:20 - [TEST_STEP][PASSED] - Statement - PreSaveFile = new java.io.File(((pathPrefix + java.lang.Integer.toString(counter)) + .png)): null

2018-11-27 15:35:20 - [TEST_STEP][PASSED] - Statement - counter = counter + 1: null

2018-11-27 15:35:20 - [TEST_STEP][PASSED] - Statement - PreSaveFile = new java.io.File(((pathPrefix + java.lang.Integer.toString(counter)) + .png)): null

2018-11-27 15:35:20 - [TEST_STEP][PASSED] - Statement - counter = counter + 1: null

2018-11-27 15:35:20 - [TEST_STEP][PASSED] - Statement - PreSaveFile = new java.io.File(((pathPrefix + java.lang.Integer.toString(counter)) + .png)): null

2018-11-27 15:35:20 - [TEST_STEP][PASSED] - Statement - counter = counter + 1: null

2018-11-27 15:35:20 - [TEST_STEP][PASSED] - Statement - PreSaveFile = new java.io.File(((pathPrefix + java.lang.Integer.toString(counter)) + .png)): null

2018-11-27 15:35:20 - [TEST_STEP][PASSED] - Statement - counter = counter + 1: null

2018-11-27 15:35:20 - [TEST_STEP][PASSED] - Statement - PreSaveFile = new java.io.File(((pathPrefix + java.lang.Integer.toString(counter)) + .png)): null

2018-11-27 15:35:20 - [TEST_STEP][PASSED] - Statement - counter = counter + 1: null

2018-11-27 15:35:20 - [TEST_STEP][PASSED] - Statement - PreSaveFile = new java.io.File(((pathPrefix + java.lang.Integer.toString(counter)) + .png)): null

2018-11-27 15:35:20 - [TEST_STEP][PASSED] - Statement - counter = counter + 1: null

2018-11-27 15:35:20 - [TEST_STEP][PASSED] - Statement - PreSaveFile = new java.io.File(((pathPrefix + java.lang.Integer.toString(counter)) + .png)): null

2018-11-27 15:35:20 - [TEST_STEP][PASSED] - Statement - counter = counter + 1: null

2018-11-27 15:35:20 - [TEST_STEP][PASSED] - Statement - PreSaveFile = new java.io.File(((pathPrefix + java.lang.Integer.toString(counter)) + .png)): null

2018-11-27 15:35:20 - [TEST_STEP][PASSED] - Statement - counter = counter + 1: null

2018-11-27 15:35:20 - [TEST_STEP][PASSED] - Statement - PreSaveFile = new java.io.File(((pathPrefix + java.lang.Integer.toString(counter)) + .png)): null

2018-11-27 15:35:20 - [TEST_STEP][PASSED] - Statement - counter = counter + 1: null

2018-11-27 15:35:20 - [TEST_STEP][PASSED] - Statement - PreSaveFile = new java.io.File(((pathPrefix + java.lang.Integer.toString(counter)) + .png)): null

2018-11-27 15:35:20 - [TEST_STEP][PASSED] - Statement - counter = counter + 1: null

2018-11-27 15:35:20 - [TEST_STEP][PASSED] - Statement - PreSaveFile = new java.io.File(((pathPrefix + java.lang.Integer.toString(counter)) + .png)): null

2018-11-27 15:35:20 - [TEST_STEP][PASSED] - Statement - counter = counter + 1: null

2018-11-27 15:35:20 - [TEST_STEP][PASSED] - Statement - PreSaveFile = new java.io.File(((pathPrefix + java.lang.Integer.toString(counter)) + .png)): null

2018-11-27 15:35:20 - [TEST_STEP][PASSED] - Statement - counter = counter + 1: null

2018-11-27 15:35:20 - [TEST_STEP][PASSED] - Statement - PreSaveFile = new java.io.File(((pathPrefix + java.lang.Integer.toString(counter)) + .png)): null

2018-11-27 15:35:20 - [TEST_STEP][PASSED] - Statement - counter = counter + 1: null

2018-11-27 15:35:20 - [TEST_STEP][PASSED] - Statement - PreSaveFile = new java.io.File(((pathPrefix + java.lang.Integer.toString(counter)) + .png)): null

2018-11-27 15:35:20 - [TEST_STEP][PASSED] - Statement - counter = counter + 1: null

2018-11-27 15:35:20 - [TEST_STEP][PASSED] - Statement - PreSaveFile = new java.io.File(((pathPrefix + java.lang.Integer.toString(counter)) + .png)): null

2018-11-27 15:35:20 - [TEST_STEP][PASSED] - Statement - counter = counter + 1: null

2018-11-27 15:35:20 - [TEST_STEP][PASSED] - Statement - PreSaveFile = new java.io.File(((pathPrefix + java.lang.Integer.toString(counter)) + .png)): null

2018-11-27 15:35:20 - [TEST_STEP][PASSED] - Statement - counter = counter + 1: null

2018-11-27 15:35:20 - [TEST_STEP][PASSED] - Statement - PreSaveFile = new java.io.File(((pathPrefix + java.lang.Integer.toString(counter)) + .png)): null

2018-11-27 15:35:20 - [TEST_STEP][PASSED] - Statement - counter = counter + 1: null

2018-11-27 15:35:20 - [TEST_STEP][PASSED] - Statement - PreSaveFile = new java.io.File(((pathPrefix + java.lang.Integer.toString(counter)) + .png)): null

2018-11-27 15:35:20 - [TEST_STEP][PASSED] - Statement - counter = counter + 1: null

2018-11-27 15:35:20 - [TEST_STEP][PASSED] - Statement - PreSaveFile = new java.io.File(((pathPrefix + java.lang.Integer.toString(counter)) + .png)): null

2018-11-27 15:35:20 - [TEST_STEP][PASSED] - Statement - counter = counter + 1: null

2018-11-27 15:35:20 - [TEST_STEP][PASSED] - Statement - PreSaveFile = new java.io.File(((pathPrefix + java.lang.Integer.toString(counter)) + .png)): null

2018-11-27 15:35:20 - [TEST_STEP][PASSED] - Statement - counter = counter + 1: null

2018-11-27 15:35:20 - [TEST_STEP][PASSED] - Statement - PreSaveFile = new java.io.File(((pathPrefix + java.lang.Integer.toString(counter)) + .png)): null

2018-11-27 15:35:20 - [TEST_STEP][PASSED] - Statement - counter = counter + 1: null

2018-11-27 15:35:20 - [TEST_STEP][PASSED] - Statement - PreSaveFile = new java.io.File(((pathPrefix + java.lang.Integer.toString(counter)) + .png)): null

2018-11-27 15:35:20 - [TEST_STEP][PASSED] - Statement - counter = counter + 1: null

2018-11-27 15:35:20 - [TEST_STEP][PASSED] - Statement - PreSaveFile = new java.io.File(((pathPrefix + java.lang.Integer.toString(counter)) + .png)): null

2018-11-27 15:35:20 - [TEST_STEP][PASSED] - Statement - counter = counter + 1: null

2018-11-27 15:35:20 - [TEST_STEP][PASSED] - Statement - PreSaveFile = new java.io.File(((pathPrefix + java.lang.Integer.toString(counter)) + .png)): null

2018-11-27 15:35:20 - [TEST_STEP][PASSED] - Statement - counter = counter + 1: null

2018-11-27 15:35:20 - [TEST_STEP][PASSED] - Statement - PreSaveFile = new java.io.File(((pathPrefix + java.lang.Integer.toString(counter)) + .png)): null

2018-11-27 15:35:20 - [TEST_STEP][PASSED] - Statement - counter = counter + 1: null

2018-11-27 15:35:20 - [TEST_STEP][PASSED] - Statement - PreSaveFile = new java.io.File(((pathPrefix + java.lang.Integer.toString(counter)) + .png)): null

2018-11-27 15:35:20 - [TEST_STEP][PASSED] - Statement - counter = counter + 1: null

2018-11-27 15:35:20 - [TEST_STEP][PASSED] - Statement - PreSaveFile = new java.io.File(((pathPrefix + java.lang.Integer.toString(counter)) + .png)): null

2018-11-27 15:35:20 - [TEST_STEP][PASSED] - Statement - counter = counter + 1: null

2018-11-27 15:35:20 - [TEST_STEP][PASSED] - Statement - PreSaveFile = new java.io.File(((pathPrefix + java.lang.Integer.toString(counter)) + .png)): null

2018-11-27 15:35:20 - [TEST_STEP][PASSED] - Statement - counter = counter + 1: null

2018-11-27 15:35:20 - [TEST_STEP][PASSED] - Statement - PreSaveFile = new java.io.File(((pathPrefix + java.lang.Integer.toString(counter)) + .png)): null

2018-11-27 15:35:20 - [TEST_STEP][PASSED] - Statement - counter = counter + 1: null

2018-11-27 15:35:20 - [TEST_STEP][PASSED] - Statement - PreSaveFile = new java.io.File(((pathPrefix + java.lang.Integer.toString(counter)) + .png)): null

2018-11-27 15:35:20 - [TEST_STEP][PASSED] - Statement - counter = counter + 1: null

2018-11-27 15:35:20 - [TEST_STEP][PASSED] - Statement - PreSaveFile = new java.io.File(((pathPrefix + java.lang.Integer.toString(counter)) + .png)): null

2018-11-27 15:35:20 - [TEST_STEP][PASSED] - Statement - counter = counter + 1: null

2018-11-27 15:35:20 - [TEST_STEP][PASSED] - Statement - PreSaveFile = new java.io.File(((pathPrefix + java.lang.Integer.toString(counter)) + .png)): null

2018-11-27 15:35:20 - [TEST_STEP][PASSED] - Statement - counter = counter + 1: null

2018-11-27 15:35:20 - [TEST_STEP][PASSED] - Statement - PreSaveFile = new java.io.File(((pathPrefix + java.lang.Integer.toString(counter)) + .png)): null

2018-11-27 15:35:20 - [TEST_STEP][PASSED] - Statement - counter = counter + 1: null

2018-11-27 15:35:20 - [TEST_STEP][PASSED] - Statement - PreSaveFile = new java.io.File(((pathPrefix + java.lang.Integer.toString(counter)) + .png)): null

2018-11-27 15:35:20 - [TEST_STEP][PASSED] - Statement - counter = counter + 1: null

2018-11-27 15:35:20 - [TEST_STEP][PASSED] - Statement - PreSaveFile = new java.io.File(((pathPrefix + java.lang.Integer.toString(counter)) + .png)): null

2018-11-27 15:35:20 - [TEST_STEP][PASSED] - Statement - counter = counter + 1: null

2018-11-27 15:35:20 - [TEST_STEP][PASSED] - Statement - PreSaveFile = new java.io.File(((pathPrefix + java.lang.Integer.toString(counter)) + .png)): null

2018-11-27 15:35:20 - [TEST_STEP][PASSED] - Statement - counter = counter + 1: null

2018-11-27 15:35:20 - [TEST_STEP][PASSED] - Statement - PreSaveFile = new java.io.File(((pathPrefix + java.lang.Integer.toString(counter)) + .png)): null

2018-11-27 15:35:20 - [TEST_STEP][PASSED] - Statement - counter = counter + 1: null

2018-11-27 15:35:20 - [TEST_STEP][PASSED] - Statement - PreSaveFile = new java.io.File(((pathPrefix + java.lang.Integer.toString(counter)) + .png)): null

2018-11-27 15:35:20 - [TEST_STEP][PASSED] - Statement - counter = counter + 1: null

2018-11-27 15:35:20 - [TEST_STEP][PASSED] - Statement - PreSaveFile = new java.io.File(((pathPrefix + java.lang.Integer.toString(counter)) + .png)): null

2018-11-27 15:35:20 - [TEST_STEP][PASSED] - Statement - counter = counter + 1: null

2018-11-27 15:35:20 - [TEST_STEP][PASSED] - Statement - PreSaveFile = new java.io.File(((pathPrefix + java.lang.Integer.toString(counter)) + .png)): null

2018-11-27 15:35:20 - [TEST_STEP][PASSED] - Statement - counter = counter + 1: null

2018-11-27 15:35:20 - [TEST_STEP][PASSED] - Statement - PreSaveFile = new java.io.File(((pathPrefix + java.lang.Integer.toString(counter)) + .png)): null

2018-11-27 15:35:20 - [TEST_STEP][PASSED] - Statement - counter = counter + 1: null

2018-11-27 15:35:20 - [TEST_STEP][PASSED] - Statement - PreSaveFile = new java.io.File(((pathPrefix + java.lang.Integer.toString(counter)) + .png)): null

2018-11-27 15:35:20 - [TEST_STEP][PASSED] - Statement - counter = counter + 1: null

2018-11-27 15:35:20 - [TEST_STEP][PASSED] - Statement - PreSaveFile = new java.io.File(((pathPrefix + java.lang.Integer.toString(counter)) + .png)): null

2018-11-27 15:35:20 - [TEST_STEP][PASSED] - Statement - counter = counter + 1: null

2018-11-27 15:35:20 - [TEST_STEP][PASSED] - Statement - PreSaveFile = new java.io.File(((pathPrefix + java.lang.Integer.toString(counter)) + .png)): null

2018-11-27 15:35:20 - [TEST_STEP][PASSED] - Statement - counter = counter + 1: null

2018-11-27 15:35:20 - [TEST_STEP][PASSED] - Statement - PreSaveFile = new java.io.File(((pathPrefix + java.lang.Integer.toString(counter)) + .png)): null

2018-11-27 15:35:20 - [TEST_STEP][PASSED] - Statement - counter = counter + 1: null

2018-11-27 15:35:20 - [TEST_STEP][PASSED] - Statement - PreSaveFile = new java.io.File(((pathPrefix + java.lang.Integer.toString(counter)) + .png)): null

2018-11-27 15:35:20 - [TEST_STEP][PASSED] - Statement - counter = counter + 1: null

2018-11-27 15:35:20 - [TEST_STEP][PASSED] - Statement - PreSaveFile = new java.io.File(((pathPrefix + java.lang.Integer.toString(counter)) + .png)): null

2018-11-27 15:35:20 - [TEST_STEP][PASSED] - Statement - counter = counter + 1: null

2018-11-27 15:35:20 - [TEST_STEP][PASSED] - Statement - PreSaveFile = new java.io.File(((pathPrefix + java.lang.Integer.toString(counter)) + .png)): null

2018-11-27 15:35:20 - [TEST_STEP][PASSED] - Statement - counter = counter + 1: null

2018-11-27 15:35:20 - [TEST_STEP][PASSED] - Statement - PreSaveFile = new java.io.File(((pathPrefix + java.lang.Integer.toString(counter)) + .png)): null

2018-11-27 15:35:20 - [TEST_STEP][PASSED] - Statement - counter = counter + 1: null

2018-11-27 15:35:20 - [TEST_STEP][PASSED] - Statement - PreSaveFile = new java.io.File(((pathPrefix + java.lang.Integer.toString(counter)) + .png)): null

2018-11-27 15:35:20 - [TEST_STEP][PASSED] - Statement - counter = counter + 1: null

2018-11-27 15:35:20 - [TEST_STEP][PASSED] - Statement - PreSaveFile = new java.io.File(((pathPrefix + java.lang.Integer.toString(counter)) + .png)): null

2018-11-27 15:35:20 - [TEST_STEP][PASSED] - Statement - counter = counter + 1: null

2018-11-27 15:35:20 - [TEST_STEP][PASSED] - Statement - PreSaveFile = new java.io.File(((pathPrefix + java.lang.Integer.toString(counter)) + .png)): null

2018-11-27 15:35:20 - [TEST_STEP][PASSED] - Statement - counter = counter + 1: null

2018-11-27 15:35:20 - [TEST_STEP][PASSED] - Statement - PreSaveFile = new java.io.File(((pathPrefix + java.lang.Integer.toString(counter)) + .png)): null

2018-11-27 15:35:20 - [TEST_STEP][PASSED] - Statement - counter = counter + 1: null

2018-11-27 15:35:20 - [TEST_STEP][PASSED] - Statement - PreSaveFile = new java.io.File(((pathPrefix + java.lang.Integer.toString(counter)) + .png)): null

2018-11-27 15:35:20 - [TEST_STEP][PASSED] - Statement - counter = counter + 1: null

2018-11-27 15:35:20 - [TEST_STEP][PASSED] - Statement - PreSaveFile = new java.io.File(((pathPrefix + java.lang.Integer.toString(counter)) + .png)): null

2018-11-27 15:35:20 - [TEST_STEP][PASSED] - Statement - counter = counter + 1: null

2018-11-27 15:35:20 - [TEST_STEP][PASSED] - Statement - PreSaveFile = new java.io.File(((pathPrefix + java.lang.Integer.toString(counter)) + .png)): null

2018-11-27 15:35:20 - [TEST_STEP][PASSED] - Statement - counter = counter + 1: null

2018-11-27 15:35:20 - [TEST_STEP][PASSED] - Statement - PreSaveFile = new java.io.File(((pathPrefix + java.lang.Integer.toString(counter)) + .png)): null

2018-11-27 15:35:20 - [TEST_STEP][PASSED] - Statement - counter = counter + 1: null

2018-11-27 15:35:20 - [TEST_STEP][PASSED] - Statement - PreSaveFile = new java.io.File(((pathPrefix + java.lang.Integer.toString(counter)) + .png)): null

2018-11-27 15:35:20 - [TEST_STEP][PASSED] - Statement - counter = counter + 1: null

2018-11-27 15:35:20 - [TEST_STEP][PASSED] - Statement - PreSaveFile = new java.io.File(((pathPrefix + java.lang.Integer.toString(counter)) + .png)): null

2018-11-27 15:35:20 - [TEST_STEP][PASSED] - Statement - counter = counter + 1: null

2018-11-27 15:35:20 - [TEST_STEP][PASSED] - Statement - PreSaveFile = new java.io.File(((pathPrefix + java.lang.Integer.toString(counter)) + .png)): null

2018-11-27 15:35:20 - [TEST_STEP][PASSED] - Statement - counter = counter + 1: null

2018-11-27 15:35:21 - [TEST_STEP][PASSED] - Statement - PreSaveFile = new java.io.File(((pathPrefix + java.lang.Integer.toString(counter)) + .png)): null

2018-11-27 15:35:21 - [TEST_STEP][PASSED] - Statement - counter = counter + 1: null

2018-11-27 15:35:21 - [TEST_STEP][PASSED] - Statement - PreSaveFile = new java.io.File(((pathPrefix + java.lang.Integer.toString(counter)) + .png)): null

2018-11-27 15:35:21 - [TEST_STEP][PASSED] - Statement - counter = counter + 1: null

2018-11-27 15:35:21 - [TEST_STEP][PASSED] - Statement - PreSaveFile = new java.io.File(((pathPrefix + java.lang.Integer.toString(counter)) + .png)): null

2018-11-27 15:35:21 - [TEST_STEP][PASSED] - Statement - counter = counter + 1: null

2018-11-27 15:35:21 - [TEST_STEP][PASSED] - Statement - PreSaveFile = new java.io.File(((pathPrefix + java.lang.Integer.toString(counter)) + .png)): null

2018-11-27 15:35:21 - [TEST_STEP][PASSED] - Statement - counter = counter + 1: null

2018-11-27 15:35:21 - [TEST_STEP][PASSED] - Statement - PreSaveFile = new java.io.File(((pathPrefix + java.lang.Integer.toString(counter)) + .png)): null

2018-11-27 15:35:21 - [TEST_STEP][PASSED] - Statement - counter = counter + 1: null

2018-11-27 15:35:21 - [TEST_STEP][PASSED] - Statement - PreSaveFile = new java.io.File(((pathPrefix + java.lang.Integer.toString(counter)) + .png)): null

2018-11-27 15:35:21 - [TEST_STEP][PASSED] - Statement - counter = counter + 1: null

2018-11-27 15:35:21 - [TEST_STEP][PASSED] - Statement - PreSaveFile = new java.io.File(((pathPrefix + java.lang.Integer.toString(counter)) + .png)): null

2018-11-27 15:35:21 - [TEST_STEP][PASSED] - Statement - counter = counter + 1: null

2018-11-27 15:35:21 - [TEST_STEP][PASSED] - Statement - PreSaveFile = new java.io.File(((pathPrefix + java.lang.Integer.toString(counter)) + .png)): null

2018-11-27 15:35:21 - [TEST_STEP][PASSED] - Statement - counter = counter + 1: null

2018-11-27 15:35:21 - [TEST_STEP][PASSED] - Statement - PreSaveFile = new java.io.File(((pathPrefix + java.lang.Integer.toString(counter)) + .png)): null

2018-11-27 15:35:21 - [TEST_STEP][PASSED] - Statement - counter = counter + 1: null

2018-11-27 15:35:21 - [TEST_STEP][PASSED] - Statement - PreSaveFile = new java.io.File(((pathPrefix + java.lang.Integer.toString(counter)) + .png)): null

2018-11-27 15:35:21 - [TEST_STEP][PASSED] - Statement - counter = counter + 1: null

2018-11-27 15:35:21 - [TEST_STEP][PASSED] - Statement - PreSaveFile = new java.io.File(((pathPrefix + java.lang.Integer.toString(counter)) + .png)): null

2018-11-27 15:35:21 - [TEST_STEP][PASSED] - Statement - counter = counter + 1: null

2018-11-27 15:35:21 - [TEST_STEP][PASSED] - Statement - PreSaveFile = new java.io.File(((pathPrefix + java.lang.Integer.toString(counter)) + .png)): null

2018-11-27 15:35:21 - [TEST_STEP][PASSED] - Statement - counter = counter + 1: null

2018-11-27 15:35:21 - [TEST_STEP][PASSED] - Statement - PreSaveFile = new java.io.File(((pathPrefix + java.lang.Integer.toString(counter)) + .png)): null

2018-11-27 15:35:21 - [TEST_STEP][PASSED] - Statement - counter = counter + 1: null

2018-11-27 15:35:21 - [TEST_STEP][PASSED] - Statement - PreSaveFile = new java.io.File(((pathPrefix + java.lang.Integer.toString(counter)) + .png)): null

2018-11-27 15:35:21 - [TEST_STEP][PASSED] - Statement - counter = counter + 1: null

2018-11-27 15:35:21 - [TEST_STEP][PASSED] - Statement - PreSaveFile = new java.io.File(((pathPrefix + java.lang.Integer.toString(counter)) + .png)): null

2018-11-27 15:35:21 - [TEST_STEP][PASSED] - Statement - counter = counter + 1: null

2018-11-27 15:35:21 - [TEST_STEP][PASSED] - Statement - PreSaveFile = new java.io.File(((pathPrefix + java.lang.Integer.toString(counter)) + .png)): null

2018-11-27 15:35:21 - [TEST_STEP][PASSED] - Statement - counter = counter + 1: null

2018-11-27 15:35:21 - [TEST_STEP][PASSED] - Statement - PreSaveFile = new java.io.File(((pathPrefix + java.lang.Integer.toString(counter)) + .png)): null

2018-11-27 15:35:21 - [TEST_STEP][PASSED] - Statement - counter = counter + 1: null

2018-11-27 15:35:21 - [TEST_STEP][PASSED] - Statement - PreSaveFile = new java.io.File(((pathPrefix + java.lang.Integer.toString(counter)) + .png)): null

2018-11-27 15:35:21 - [TEST_STEP][PASSED] - Statement - counter = counter + 1: null

2018-11-27 15:35:21 - [TEST_STEP][PASSED] - Statement - PreSaveFile = new java.io.File(((pathPrefix + java.lang.Integer.toString(counter)) + .png)): null

2018-11-27 15:35:21 - [TEST_STEP][PASSED] - Statement - counter = counter + 1: null

2018-11-27 15:35:23 - [TEST_STEP][PASSED] - Statement - PreSaveFile = new java.io.File(((pathPrefix + java.lang.Integer.toString(counter)) + .png)): null

2018-11-27 15:35:23 - [TEST_STEP][PASSED] - Statement - counter = counter + 1: null

2018-11-27 15:35:23 - [TEST_STEP][PASSED] - Statement - PreSaveFile = new java.io.File(((pathPrefix + java.lang.Integer.toString(counter)) + .png)): null

2018-11-27 15:35:23 - [TEST_STEP][PASSED] - Statement - counter = counter + 1: null

2018-11-27 15:35:23 - [TEST_STEP][PASSED] - Statement - PreSaveFile = new java.io.File(((pathPrefix + java.lang.Integer.toString(counter)) + .png)): null

2018-11-27 15:35:23 - [TEST_STEP][PASSED] - Statement - counter = counter + 1: null

2018-11-27 15:35:23 - [TEST_STEP][PASSED] - Statement - PreSaveFile = new java.io.File(((pathPrefix + java.lang.Integer.toString(counter)) + .png)): null

2018-11-27 15:35:23 - [TEST_STEP][PASSED] - Statement - counter = counter + 1: null

2018-11-27 15:35:23 - [TEST_STEP][PASSED] - Statement - PreSaveFile = new java.io.File(((pathPrefix + java.lang.Integer.toString(counter)) + .png)): null

2018-11-27 15:35:23 - [TEST_STEP][PASSED] - Statement - counter = counter + 1: null

2018-11-27 15:35:23 - [TEST_STEP][PASSED] - Statement - PreSaveFile = new java.io.File(((pathPrefix + java.lang.Integer.toString(counter)) + .png)): null

2018-11-27 15:35:23 - [TEST_STEP][PASSED] - Statement - counter = counter + 1: null

2018-11-27 15:35:23 - [TEST_STEP][PASSED] - Statement - PreSaveFile = new java.io.File(((pathPrefix + java.lang.Integer.toString(counter)) + .png)): null

2018-11-27 15:35:23 - [TEST_STEP][PASSED] - Statement - counter = counter + 1: null

2018-11-27 15:35:23 - [TEST_STEP][PASSED] - Statement - PreSaveFile = new java.io.File(((pathPrefix + java.lang.Integer.toString(counter)) + .png)): null

2018-11-27 15:35:23 - [TEST_STEP][PASSED] - Statement - counter = counter + 1: null

2018-11-27 15:35:23 - [TEST_STEP][PASSED] - Statement - PreSaveFile = new java.io.File(((pathPrefix + java.lang.Integer.toString(counter)) + .png)): null

2018-11-27 15:35:23 - [TEST_STEP][PASSED] - Statement - counter = counter + 1: null

2018-11-27 15:35:23 - [TEST_STEP][PASSED] - Statement - PreSaveFile = new java.io.File(((pathPrefix + java.lang.Integer.toString(counter)) + .png)): null

2018-11-27 15:35:23 - [TEST_STEP][PASSED] - Statement - counter = counter + 1: null

2018-11-27 15:35:23 - [TEST_STEP][PASSED] - Statement - PreSaveFile = new java.io.File(((pathPrefix + java.lang.Integer.toString(counter)) + .png)): null

2018-11-27 15:35:23 - [TEST_STEP][PASSED] - Statement - counter = counter + 1: null

2018-11-27 15:35:23 - [TEST_STEP][PASSED] - Statement - PreSaveFile = new java.io.File(((pathPrefix + java.lang.Integer.toString(counter)) + .png)): null

2018-11-27 15:35:23 - [TEST_STEP][PASSED] - Statement - counter = counter + 1: null

2018-11-27 15:35:23 - [TEST_STEP][PASSED] - Statement - PreSaveFile = new java.io.File(((pathPrefix + java.lang.Integer.toString(counter)) + .png)): null

2018-11-27 15:35:23 - [TEST_STEP][PASSED] - Statement - counter = counter + 1: null

2018-11-27 15:35:23 - [TEST_STEP][PASSED] - Statement - PreSaveFile = new java.io.File(((pathPrefix + java.lang.Integer.toString(counter)) + .png)): null

2018-11-27 15:35:23 - [TEST_STEP][PASSED] - Statement - counter = counter + 1: null

2018-11-27 15:35:23 - [TEST_STEP][PASSED] - Statement - PreSaveFile = new java.io.File(((pathPrefix + java.lang.Integer.toString(counter)) + .png)): null

2018-11-27 15:35:23 - [TEST_STEP][PASSED] - Statement - counter = counter + 1: null

2018-11-27 15:35:23 - [TEST_STEP][PASSED] - Statement - PreSaveFile = new java.io.File(((pathPrefix + java.lang.Integer.toString(counter)) + .png)): null

2018-11-27 15:35:23 - [TEST_STEP][PASSED] - Statement - counter = counter + 1: null

2018-11-27 15:35:23 - [TEST_STEP][PASSED] - Statement - PreSaveFile = new java.io.File(((pathPrefix + java.lang.Integer.toString(counter)) + .png)): null

2018-11-27 15:35:23 - [TEST_STEP][PASSED] - Statement - counter = counter + 1: null

2018-11-27 15:35:23 - [TEST_STEP][PASSED] - Statement - PreSaveFile = new java.io.File(((pathPrefix + java.lang.Integer.toString(counter)) + .png)): null

2018-11-27 15:35:23 - [TEST_STEP][PASSED] - Statement - counter = counter + 1: null

2018-11-27 15:35:23 - [TEST_STEP][PASSED] - Statement - PreSaveFile = new java.io.File(((pathPrefix + java.lang.Integer.toString(counter)) + .png)): null

2018-11-27 15:35:23 - [TEST_STEP][PASSED] - Statement - counter = counter + 1: null

2018-11-27 15:35:23 - [TEST_STEP][PASSED] - Statement - PreSaveFile = new java.io.File(((pathPrefix + java.lang.Integer.toString(counter)) + .png)): null

2018-11-27 15:35:23 - [TEST_STEP][PASSED] - Statement - counter = counter + 1: null

2018-11-27 15:35:23 - [TEST_STEP][PASSED] - Statement - PreSaveFile = new java.io.File(((pathPrefix + java.lang.Integer.toString(counter)) + .png)): null

2018-11-27 15:35:23 - [TEST_STEP][PASSED] - Statement - counter = counter + 1: null

2018-11-27 15:35:23 - [TEST_STEP][PASSED] - Statement - PreSaveFile = new java.io.File(((pathPrefix + java.lang.Integer.toString(counter)) + .png)): null

2018-11-27 15:35:23 - [TEST_STEP][PASSED] - Statement - counter = counter + 1: null

2018-11-27 15:35:23 - [TEST_STEP][PASSED] - Statement - PreSaveFile = new java.io.File(((pathPrefix + java.lang.Integer.toString(counter)) + .png)): null

2018-11-27 15:35:23 - [TEST_STEP][PASSED] - Statement - counter = counter + 1: null

2018-11-27 15:35:23 - [TEST_STEP][PASSED] - Statement - PreSaveFile = new java.io.File(((pathPrefix + java.lang.Integer.toString(counter)) + .png)): null

2018-11-27 15:35:23 - [TEST_STEP][PASSED] - Statement - counter = counter + 1: null

2018-11-27 15:35:23 - [TEST_STEP][PASSED] - Statement - PreSaveFile = new java.io.File(((pathPrefix + java.lang.Integer.toString(counter)) + .png)): null

2018-11-27 15:35:23 - [TEST_STEP][PASSED] - Statement - counter = counter + 1: null

2018-11-27 15:35:23 - [TEST_STEP][PASSED] - Statement - PreSaveFile = new java.io.File(((pathPrefix + java.lang.Integer.toString(counter)) + .png)): null

2018-11-27 15:35:23 - [TEST_STEP][PASSED] - Statement - counter = counter + 1: null

2018-11-27 15:35:23 - [TEST_STEP][PASSED] - Statement - PreSaveFile = new java.io.File(((pathPrefix + java.lang.Integer.toString(counter)) + .png)): null

2018-11-27 15:35:23 - [TEST_STEP][PASSED] - Statement - counter = counter + 1: null

2018-11-27 15:35:23 - [TEST_STEP][PASSED] - Statement - PreSaveFile = new java.io.File(((pathPrefix + java.lang.Integer.toString(counter)) + .png)): null

2018-11-27 15:35:23 - [TEST_STEP][PASSED] - Statement - counter = counter + 1: null

2018-11-27 15:35:23 - [TEST_STEP][PASSED] - Statement - PreSaveFile = new java.io.File(((pathPrefix + java.lang.Integer.toString(counter)) + .png)): null

2018-11-27 15:35:23 - [TEST_STEP][PASSED] - Statement - counter = counter + 1: null

2018-11-27 15:35:23 - [TEST_STEP][PASSED] - Statement - PreSaveFile = new java.io.File(((pathPrefix + java.lang.Integer.toString(counter)) + .png)): null

2018-11-27 15:35:23 - [TEST_STEP][PASSED] - Statement - counter = counter + 1: null

2018-11-27 15:35:23 - [TEST_STEP][PASSED] - Statement - PreSaveFile = new java.io.File(((pathPrefix + java.lang.Integer.toString(counter)) + .png)): null

2018-11-27 15:35:23 - [TEST_STEP][PASSED] - Statement - counter = counter + 1: null

2018-11-27 15:35:23 - [TEST_STEP][PASSED] - Statement - PreSaveFile = new java.io.File(((pathPrefix + java.lang.Integer.toString(counter)) + .png)): null

2018-11-27 15:35:23 - [TEST_STEP][PASSED] - Statement - counter = counter + 1: null

2018-11-27 15:35:23 - [TEST_STEP][PASSED] - Statement - PreSaveFile = new java.io.File(((pathPrefix + java.lang.Integer.toString(counter)) + .png)): null

2018-11-27 15:35:23 - [TEST_STEP][PASSED] - Statement - counter = counter + 1: null

2018-11-27 15:35:23 - [TEST_STEP][PASSED] - Statement - PreSaveFile = new java.io.File(((pathPrefix + java.lang.Integer.toString(counter)) + .png)): null

2018-11-27 15:35:23 - [TEST_STEP][PASSED] - Statement - counter = counter + 1: null

2018-11-27 15:35:23 - [TEST_STEP][PASSED] - Statement - PreSaveFile = new java.io.File(((pathPrefix + java.lang.Integer.toString(counter)) + .png)): null

2018-11-27 15:35:23 - [TEST_STEP][PASSED] - Statement - counter = counter + 1: null

2018-11-27 15:35:23 - [TEST_STEP][PASSED] - Statement - PreSaveFile = new java.io.File(((pathPrefix + java.lang.Integer.toString(counter)) + .png)): null

2018-11-27 15:35:23 - [TEST_STEP][PASSED] - Statement - counter = counter + 1: null

2018-11-27 15:35:23 - [TEST_STEP][PASSED] - Statement - PreSaveFile = new java.io.File(((pathPrefix + java.lang.Integer.toString(counter)) + .png)): null

2018-11-27 15:35:23 - [TEST_STEP][PASSED] - Statement - counter = counter + 1: null

2018-11-27 15:35:23 - [TEST_STEP][PASSED] - Statement - PreSaveFile = new java.io.File(((pathPrefix + java.lang.Integer.toString(counter)) + .png)): null

2018-11-27 15:35:23 - [TEST_STEP][PASSED] - Statement - counter = counter + 1: null

2018-11-27 15:35:23 - [TEST_STEP][PASSED] - Statement - PreSaveFile = new java.io.File(((pathPrefix + java.lang.Integer.toString(counter)) + .png)): null

2018-11-27 15:35:23 - [TEST_STEP][PASSED] - Statement - counter = counter + 1: null

2018-11-27 15:35:23 - [TEST_STEP][PASSED] - Statement - PreSaveFile = new java.io.File(((pathPrefix + java.lang.Integer.toString(counter)) + .png)): null

2018-11-27 15:35:23 - [TEST_STEP][PASSED] - Statement - counter = counter + 1: null

2018-11-27 15:35:23 - [TEST_STEP][PASSED] - Statement - PreSaveFile = new java.io.File(((pathPrefix + java.lang.Integer.toString(counter)) + .png)): null

2018-11-27 15:35:23 - [TEST_STEP][PASSED] - Statement - counter = counter + 1: null

2018-11-27 15:35:23 - [TEST_STEP][PASSED] - Statement - PreSaveFile = new java.io.File(((pathPrefix + java.lang.Integer.toString(counter)) + .png)): null

2018-11-27 15:35:23 - [TEST_STEP][PASSED] - Statement - counter = counter + 1: null

2018-11-27 15:35:23 - [TEST_STEP][PASSED] - Statement - PreSaveFile = new java.io.File(((pathPrefix + java.lang.Integer.toString(counter)) + .png)): null

2018-11-27 15:35:23 - [TEST_STEP][PASSED] - Statement - counter = counter + 1: null

2018-11-27 15:35:23 - [TEST_STEP][PASSED] - Statement - PreSaveFile = new java.io.File(((pathPrefix + java.lang.Integer.toString(counter)) + .png)): null

2018-11-27 15:35:23 - [TEST_STEP][PASSED] - Statement - counter = counter + 1: null

2018-11-27 15:35:23 - [TEST_STEP][PASSED] - Statement - PreSaveFile = new java.io.File(((pathPrefix + java.lang.Integer.toString(counter)) + .png)): null

2018-11-27 15:35:23 - [TEST_STEP][PASSED] - Statement - counter = counter + 1: null

2018-11-27 15:35:23 - [TEST_STEP][PASSED] - Statement - PreSaveFile = new java.io.File(((pathPrefix + java.lang.Integer.toString(counter)) + .png)): null

2018-11-27 15:35:23 - [TEST_STEP][PASSED] - Statement - counter = counter + 1: null

2018-11-27 15:35:23 - [TEST_STEP][PASSED] - Statement - PreSaveFile = new java.io.File(((pathPrefix + java.lang.Integer.toString(counter)) + .png)): null

2018-11-27 15:35:23 - [TEST_STEP][PASSED] - Statement - counter = counter + 1: null

2018-11-27 15:35:23 - [TEST_STEP][PASSED] - Statement - PreSaveFile = new java.io.File(((pathPrefix + java.lang.Integer.toString(counter)) + .png)): null

2018-11-27 15:35:23 - [TEST_STEP][PASSED] - Statement - counter = counter + 1: null

2018-11-27 15:35:23 - [TEST_STEP][PASSED] - Statement - PreSaveFile = new java.io.File(((pathPrefix + java.lang.Integer.toString(counter)) + .png)): null

2018-11-27 15:35:23 - [TEST_STEP][PASSED] - Statement - finalPath = pathPrefix + java.lang.Integer.toString(counter) + ".png": null

2018-11-27 15:35:23 - [TEST_STEP][PASSED] - Statement - SaveFile = new java.io.File(finalPath): null

2018-11-27 15:35:23 - [TEST_STEP][PASSED] - Statement - Try: null

2018-11-27 15:35:23 - [TEST_STEP][PASSED] - Statement - org.apache.commons.io.FileUtils.copyFile(scrFile, SaveFile): null

2018-11-27 15:35:23 - [TEST_STEP][PASSED] - Statement - out.println("file kept"): null

2018-11-27 15:35:23 - [TEST_STEP][PASSED] - delay: Delayed 10 second(s)

2018-11-27 15:35:33 - [MESSAGE][PASSED] - Delayed 10 second(s)

2018-11-27 15:35:33 - [MESSAGE][PASSED] - Call Test Case 'Test Cases/Final Aug 2018 - PKS Automation/Common/Screenshoting tool' successfully

2018-11-27 15:35:33 - [TEST_STEP][PASSED] - callTestCase: Call Test Case 'Test Cases/Final Aug 2018 - PKS Automation/Registration Module/Log Out/log out avoiding katalon tagging' successfully

2018-11-27 15:35:33 - [TEST_CASE][PASSED] - Test Cases/Final Aug 2018 - PKS Automation/Registration Module/Log Out/log out avoiding katalon tagging: Test Cases/Final Aug 2018 - PKS Automation/Registration Module/Log Out/log out avoiding katalon tagging

2018-11-27 15:35:33 - [TEST_STEP][PASSED] - navigateToUrl: Navigate to 'https://assist2-uat.perkeso.gov.my/c/portal/logout' successfully

2018-11-27 15:35:34 - [MESSAGE][PASSED] - Navigate to 'https://assist2-uat.perkeso.gov.my/c/portal/logout' successfully

2018-11-27 15:35:34 - [MESSAGE][PASSED] - Call Test Case 'Test Cases/Final Aug 2018 - PKS Automation/Registration Module/Log Out/log out avoiding katalon tagging' successfully

2018-11-27 15:35:34 - [TEST_STEP][FAILED] - callTestCase: Unable to call Test Case with id 'Test Cases/Final Aug 2018 - PKS Automation/Common/Workflow Owner Finder' (Root cause: Call Test Case 'Test Cases/Final Aug 2018 - PKS Automation/Common/Workflow Owner Finder' failed)

2018-11-27 15:35:34 - [TEST_CASE][FAILED] - Test Cases/Final Aug 2018 - PKS Automation/Common/Workflow Owner Finder: Test Cases/Final Aug 2018 - PKS Automation/Common/Workflow Owner Finder FAILED because (of) (Stack trace: com.kms.katalon.core.exception.StepFailedException: Unable to click on object 'Object Repository/Final Object Repo/Landing Page/Select to English' (Root cause: com.kms.katalon.core.webui.exception.WebElementNotFoundException: Web element with id: 'Object Repository/Final Object Repo/Landing Page/Select to English' located by 'By.xpath: //a[@class = 'taglib-language-list-text' and @lang = 'en-US' and (contains(text(), 'EN') or contains(., 'EN'))]' not found)
	at com.kms.katalon.core.keyword.internal.KeywordMain.stepFailed(KeywordMain.groovy:32)
	at com.kms.katalon.core.webui.keyword.internal.WebUIKeywordMain.stepFailed(WebUIKeywordMain.groovy:65)
	at com.kms.katalon.core.webui.keyword.internal.WebUIKeywordMain.runKeyword(WebUIKeywordMain.groovy:27)
	at com.kms.katalon.core.webui.keyword.builtin.ClickKeyword.click(ClickKeyword.groovy:86)
	at com.kms.katalon.core.webui.keyword.builtin.ClickKeyword.execute(ClickKeyword.groovy:67)
	at com.kms.katalon.core.keyword.internal.KeywordExecutor.executeKeywordForPlatform(KeywordExecutor.groovy:53)
	at com.kms.katalon.core.webui.keyword.WebUiBuiltInKeywords.click(WebUiBuiltInKeywords.groovy:604)
	at com.kms.katalon.core.webui.keyword.WebUiBuiltInKeywords$click$6.call(Unknown Source)
	at org.codehaus.groovy.runtime.callsite.CallSiteArray.defaultCall(CallSiteArray.java:48)
	at org.codehaus.groovy.runtime.callsite.AbstractCallSite.call(AbstractCallSite.java:113)
	at org.codehaus.groovy.runtime.callsite.AbstractCallSite.call(AbstractCallSite.java:133)
	at Script1534407542420.run(Script1534407542420.groovy:57)
	at com.kms.katalon.core.main.ScriptEngine.run(ScriptEngine.java:183)
	at com.kms.katalon.core.main.ScriptEngine.runScriptAsRawText(ScriptEngine.java:108)
	at com.kms.katalon.core.main.TestCaseExecutor.runScript(TestCaseExecutor.java:294)
	at com.kms.katalon.core.main.TestCaseExecutor.doExecute(TestCaseExecutor.java:285)
	at com.kms.katalon.core.main.TestCaseExecutor.processExecutionPhase(TestCaseExecutor.java:264)
	at com.kms.katalon.core.main.TestCaseExecutor.accessMainPhase(TestCaseExecutor.java:256)
	at com.kms.katalon.core.main.TestCaseExecutor.execute(TestCaseExecutor.java:200)
	at com.kms.katalon.core.main.TestCaseMain.runTestCase(TestCaseMain.java:99)
	at com.kms.katalon.core.keyword.builtin.CallTestCaseKeyword$_callTestCase_closure1.doCall(CallTestCaseKeyword.groovy:60)
	at com.kms.katalon.core.keyword.builtin.CallTestCaseKeyword$_callTestCase_closure1.call(CallTestCaseKeyword.groovy)
	at com.kms.katalon.core.keyword.internal.KeywordMain.runKeyword(KeywordMain.groovy:54)
	at com.kms.katalon.core.keyword.builtin.CallTestCaseKeyword.callTestCase(CallTestCaseKeyword.groovy:81)
	at com.kms.katalon.core.keyword.builtin.CallTestCaseKeyword.execute(CallTestCaseKeyword.groovy:45)
	at com.kms.katalon.core.keyword.internal.KeywordExecutor.executeKeywordForPlatform(KeywordExecutor.groovy:53)
	at com.kms.katalon.core.keyword.BuiltinKeywords.callTestCase(BuiltinKeywords.groovy:334)
	at sun.reflect.NativeMethodAccessorImpl.invoke0(Native Method)
	at sun.reflect.NativeMethodAccessorImpl.invoke(NativeMethodAccessorImpl.java:62)
	at sun.reflect.DelegatingMethodAccessorImpl.invoke(DelegatingMethodAccessorImpl.java:43)
	at java.lang.reflect.Method.invoke(Method.java:498)
	at org.codehaus.groovy.reflection.CachedMethod.invoke(CachedMethod.java:93)
	at groovy.lang.MetaMethod.doMethodInvoke(MetaMethod.java:325)
	at groovy.lang.MetaClassImpl.invokeStaticMethod(MetaClassImpl.java:1469)
	at org.codehaus.groovy.runtime.callsite.StaticMetaClassSite.call(StaticMetaClassSite.java:53)
	at org.codehaus.groovy.runtime.callsite.CallSiteArray.defaultCall(CallSiteArray.java:48)
	at org.codehaus.groovy.runtime.callsite.AbstractCallSite.call(AbstractCallSite.java:113)
	at org.codehaus.groovy.runtime.callsite.AbstractCallSite.call(AbstractCallSite.java:141)
	at Script1535947244917.run(Script1535947244917.groovy:131)
	at com.kms.katalon.core.main.ScriptEngine.run(ScriptEngine.java:183)
	at com.kms.katalon.core.main.ScriptEngine.runScriptAsRawText(ScriptEngine.java:108)
	at com.kms.katalon.core.main.TestCaseExecutor.runScript(TestCaseExecutor.java:294)
	at com.kms.katalon.core.main.TestCaseExecutor.doExecute(TestCaseExecutor.java:285)
	at com.kms.katalon.core.main.TestCaseExecutor.processExecutionPhase(TestCaseExecutor.java:264)
	at com.kms.katalon.core.main.TestCaseExecutor.accessMainPhase(TestCaseExecutor.java:256)
	at com.kms.katalon.core.main.TestCaseExecutor.execute(TestCaseExecutor.java:200)
	at com.kms.katalon.core.main.TestSuiteExecutor.accessTestCaseMainPhase(TestSuiteExecutor.java:129)
	at com.kms.katalon.core.main.TestSuiteExecutor.accessTestSuiteMainPhase(TestSuiteExecutor.java:112)
	at com.kms.katalon.core.main.TestSuiteExecutor.execute(TestSuiteExecutor.java:81)
	at com.kms.katalon.core.main.TestCaseMain.startTestSuite(TestCaseMain.java:142)
	at com.kms.katalon.core.main.TestCaseMain$startTestSuite$0.call(Unknown Source)
	at org.codehaus.groovy.runtime.callsite.CallSiteArray.defaultCall(CallSiteArray.java:48)
	at org.codehaus.groovy.runtime.callsite.AbstractCallSite.call(AbstractCallSite.java:113)
	at org.codehaus.groovy.runtime.callsite.AbstractCallSite.call(AbstractCallSite.java:141)
	at TempTestSuite1543287057153.run(TempTestSuite1543287057153.groovy:36)
	at groovy.lang.GroovyShell.runScriptOrMainOrTestOrRunnable(GroovyShell.java:263)
	at groovy.lang.GroovyShell.run(GroovyShell.java:518)
	at groovy.lang.GroovyShell.run(GroovyShell.java:507)
	at groovy.ui.GroovyMain.processOnce(GroovyMain.java:653)
	at groovy.ui.GroovyMain.run(GroovyMain.java:384)
	at groovy.ui.GroovyMain.process(GroovyMain.java:370)
	at groovy.ui.GroovyMain.processArgs(GroovyMain.java:129)
	at groovy.ui.GroovyMain.main(GroovyMain.java:109)
	at sun.reflect.NativeMethodAccessorImpl.invoke0(Native Method)
	at sun.reflect.NativeMethodAccessorImpl.invoke(NativeMethodAccessorImpl.java:62)
	at sun.reflect.DelegatingMethodAccessorImpl.invoke(DelegatingMethodAccessorImpl.java:43)
	at java.lang.reflect.Method.invoke(Method.java:498)
	at org.codehaus.groovy.tools.GroovyStarter.rootLoader(GroovyStarter.java:109)
	at org.codehaus.groovy.tools.GroovyStarter.main(GroovyStarter.java:131)
)

2018-11-27 15:35:35 - [TEST_STEP][PASSED] - openBrowser: Browser is opened with url: ''

2018-11-27 15:35:35 - [MESSAGE][WARNING] - A browser is already opened. Closing browser and opening a new one

2018-11-27 15:35:39 - [MESSAGE][PASSED] - Browser is opened with url: ''

2018-11-27 15:35:39 - [TEST_STEP][PASSED] - navigateToUrl: Navigate to 'https://assist2-uat.perkeso.gov.my/login' successfully

2018-11-27 15:35:40 - [MESSAGE][PASSED] - Navigate to 'https://assist2-uat.perkeso.gov.my/login' successfully

2018-11-27 15:35:40 - [TEST_STEP][PASSED] - delay: Delayed 5 second(s)

2018-11-27 15:35:45 - [MESSAGE][PASSED] - Delayed 5 second(s)

2018-11-27 15:35:45 - [TEST_STEP][PASSED] - setText: Text 'test@liferay.com' is set on object 'Object Repository/Final Object Repo/Login Page/Internal User/Email Address'

2018-11-27 15:35:45 - [MESSAGE][PASSED] - Text 'test@liferay.com' is set on object 'Object Repository/Final Object Repo/Login Page/Internal User/Email Address'

2018-11-27 15:35:45 - [TEST_STEP][PASSED] - click: Object: 'Object Repository/Final Object Repo/Login Page/Internal User/Next Button' is clicked on

2018-11-27 15:35:46 - [MESSAGE][PASSED] - Object: 'Object Repository/Final Object Repo/Login Page/Internal User/Next Button' is clicked on

2018-11-27 15:35:46 - [TEST_STEP][PASSED] - delay: Delayed 2 second(s)

2018-11-27 15:35:48 - [MESSAGE][PASSED] - Delayed 2 second(s)

2018-11-27 15:35:48 - [TEST_STEP][PASSED] - setText: Text 'test' is set on object 'Object Repository/Final Object Repo/Login Page/Internal User/Password'

2018-11-27 15:35:48 - [MESSAGE][PASSED] - Text 'test' is set on object 'Object Repository/Final Object Repo/Login Page/Internal User/Password'

2018-11-27 15:35:48 - [TEST_STEP][PASSED] - delay: Delayed 2 second(s)

2018-11-27 15:35:50 - [MESSAGE][PASSED] - Delayed 2 second(s)

2018-11-27 15:35:50 - [TEST_STEP][PASSED] - click: Object: 'Object Repository/Final Object Repo/Login Page/Internal User/Login Button' is clicked on

2018-11-27 15:35:50 - [MESSAGE][PASSED] - Object: 'Object Repository/Final Object Repo/Login Page/Internal User/Login Button' is clicked on

2018-11-27 15:35:50 - [TEST_STEP][FAILED] - Statement - Try: Delayed 2 second(s)

2018-11-27 15:35:50 - [TEST_STEP][PASSED] - Statement - Checker = false: null

2018-11-27 15:35:50 - [TEST_STEP][PASSED] - Statement - Checker = com.kms.katalon.core.webui.keyword.WebUiBuiltInKeywords.verifyElementHasAttribute(com.kms.katalon.core.testobject.ObjectRepository.findTestObject(Final Object Repo/Landing Page/BM Detecting), "href", 20, OPTIONAL): Unable to verify if object 'Object Repository/Final Object Repo/Landing Page/BM Detecting' has attribute 'href' (Root cause: org.openqa.selenium.StaleElementReferenceException: stale element reference: element is not attached to the page document
  (Session info: chrome=70.0.3538.102)
  (Driver info: chromedriver=2.43.600210 (68dcf5eebde37173d4027fa8635e332711d2874a),platform=Windows NT 6.1.7601 SP1 x86_64) (WARNING: The server did not provide any stacktrace information)
Command duration or timeout: 0 milliseconds
For documentation on this error, please visit: http://seleniumhq.org/exceptions/stale_element_reference.html
Build info: version: '3.7.1', revision: '8a0099a', time: '2017-11-06T21:07:36.161Z'
System info: host: 'WIN7TEST02', ip: '10.20.3.72', os.name: 'Windows 7', os.arch: 'amd64', os.version: '6.1', java.version: '1.8.0_181'
Driver info: com.kms.katalon.selenium.driver.CChromeDriver
Capabilities {acceptInsecureCerts: false, acceptSslCerts: false, applicationCacheEnabled: false, browserConnectionEnabled: false, browserName: chrome, chrome: {chromedriverVersion: 2.43.600210 (68dcf5eebde371..., userDataDir: C:\Users\Admin\AppData\Loca...}, cssSelectorsEnabled: true, databaseEnabled: false, goog:chromeOptions: {debuggerAddress: localhost:63271}, handlesAlerts: true, hasTouchScreen: false, javascriptEnabled: true, locationContextEnabled: true, mobileEmulationEnabled: false, nativeEvents: true, networkConnectionEnabled: false, pageLoadStrategy: normal, platform: XP, platformName: XP, rotatable: false, setWindowRect: true, takesHeapSnapshot: true, takesScreenshot: true, unexpectedAlertBehaviour: , unhandledPromptBehavior: , version: 70.0.3538.102, webStorageEnabled: true}
Session ID: ddc73f43008d4bd64a388c48d307f547)

2018-11-27 15:35:52 - [MESSAGE][WARNING] - Unable to verify if object 'Object Repository/Final Object Repo/Landing Page/BM Detecting' has attribute 'href' (Root cause: org.openqa.selenium.StaleElementReferenceException: stale element reference: element is not attached to the page document
  (Session info: chrome=70.0.3538.102)
  (Driver info: chromedriver=2.43.600210 (68dcf5eebde37173d4027fa8635e332711d2874a),platform=Windows NT 6.1.7601 SP1 x86_64) (WARNING: The server did not provide any stacktrace information)
Command duration or timeout: 0 milliseconds
For documentation on this error, please visit: http://seleniumhq.org/exceptions/stale_element_reference.html
Build info: version: '3.7.1', revision: '8a0099a', time: '2017-11-06T21:07:36.161Z'
System info: host: 'WIN7TEST02', ip: '10.20.3.72', os.name: 'Windows 7', os.arch: 'amd64', os.version: '6.1', java.version: '1.8.0_181'
Driver info: com.kms.katalon.selenium.driver.CChromeDriver
Capabilities {acceptInsecureCerts: false, acceptSslCerts: false, applicationCacheEnabled: false, browserConnectionEnabled: false, browserName: chrome, chrome: {chromedriverVersion: 2.43.600210 (68dcf5eebde371..., userDataDir: C:\Users\Admin\AppData\Loca...}, cssSelectorsEnabled: true, databaseEnabled: false, goog:chromeOptions: {debuggerAddress: localhost:63271}, handlesAlerts: true, hasTouchScreen: false, javascriptEnabled: true, locationContextEnabled: true, mobileEmulationEnabled: false, nativeEvents: true, networkConnectionEnabled: false, pageLoadStrategy: normal, platform: XP, platformName: XP, rotatable: false, setWindowRect: true, takesHeapSnapshot: true, takesScreenshot: true, unexpectedAlertBehaviour: , unhandledPromptBehavior: , version: 70.0.3538.102, webStorageEnabled: true}
Session ID: ddc73f43008d4bd64a388c48d307f547)
[[ATTACHMENT|C:\\Users\\Admin\\Desktop\\PKS\\Perkeso Phase A\\Reports\\Workflow\\Update Add New Employee\\20181127_105057\\1543304152461.png]]

2018-11-27 15:35:52 - [TEST_STEP][PASSED] - Statement - out.println(Checker): null

2018-11-27 15:35:52 - [TEST_STEP][FAILED] - Statement - If (Checker == false): Unable to click on object 'Object Repository/Final Object Repo/Landing Page/Select to English' (Root cause: com.kms.katalon.core.webui.exception.WebElementNotFoundException: Web element with id: 'Object Repository/Final Object Repo/Landing Page/Select to English' located by 'By.xpath: //a[@class = 'taglib-language-list-text' and @lang = 'en-US' and (contains(text(), 'EN') or contains(., 'EN'))]' not found)

2018-11-27 15:35:52 - [TEST_STEP][FAILED] - click: Unable to click on object 'Object Repository/Final Object Repo/Landing Page/Select to English' (Root cause: com.kms.katalon.core.webui.exception.WebElementNotFoundException: Web element with id: 'Object Repository/Final Object Repo/Landing Page/Select to English' located by 'By.xpath: //a[@class = 'taglib-language-list-text' and @lang = 'en-US' and (contains(text(), 'EN') or contains(., 'EN'))]' not found)

2018-11-27 15:36:30 - [MESSAGE][FAILED] - Unable to click on object 'Object Repository/Final Object Repo/Landing Page/Select to English' (Root cause: com.kms.katalon.core.webui.exception.WebElementNotFoundException: Web element with id: 'Object Repository/Final Object Repo/Landing Page/Select to English' located by 'By.xpath: //a[@class = 'taglib-language-list-text' and @lang = 'en-US' and (contains(text(), 'EN') or contains(., 'EN'))]' not found)
[[ATTACHMENT|C:\\Users\\Admin\\Desktop\\PKS\\Perkeso Phase A\\Reports\\Workflow\\Update Add New Employee\\20181127_105057\\1543304190313.png]]

2018-11-27 15:36:30 - [TEST_STEP][PASSED] - delay: Delayed 2 second(s)

2018-11-27 15:36:32 - [MESSAGE][PASSED] - Delayed 2 second(s)

2018-11-27 15:36:32 - [TEST_STEP][PASSED] - delay: Delayed 3 second(s)

2018-11-27 15:36:35 - [MESSAGE][PASSED] - Delayed 3 second(s)

2018-11-27 15:36:35 - [TEST_STEP][PASSED] - mouseOver: Object: 'Object Repository/Final Object Repo/Landing Page/WorkFlow Menu' is hovered

2018-11-27 15:36:35 - [MESSAGE][PASSED] - Object: 'Object Repository/Final Object Repo/Landing Page/WorkFlow Menu' is hovered

2018-11-27 15:36:35 - [TEST_STEP][PASSED] - delay: Delayed 2 second(s)

2018-11-27 15:36:37 - [MESSAGE][PASSED] - Delayed 2 second(s)

2018-11-27 15:36:37 - [TEST_STEP][PASSED] - click: Object: 'Object Repository/Final Object Repo/Landing Page/Select to Workflow Listing' is clicked on

2018-11-27 15:36:38 - [MESSAGE][PASSED] - Object: 'Object Repository/Final Object Repo/Landing Page/Select to Workflow Listing' is clicked on

2018-11-27 15:36:38 - [TEST_STEP][PASSED] - delay: Delayed 2 second(s)

2018-11-27 15:36:40 - [MESSAGE][PASSED] - Delayed 2 second(s)

2018-11-27 15:36:40 - [TEST_STEP][PASSED] - click: Object: 'Object Repository/Final Object Repo/WorkFlow Listing Page/Search Information - To Put Ref No' is clicked on

2018-11-27 15:36:41 - [MESSAGE][PASSED] - Object: 'Object Repository/Final Object Repo/WorkFlow Listing Page/Search Information - To Put Ref No' is clicked on

2018-11-27 15:36:41 - [TEST_STEP][PASSED] - delay: Delayed 2 second(s)

2018-11-27 15:36:43 - [MESSAGE][PASSED] - Delayed 2 second(s)

2018-11-27 15:36:43 - [TEST_STEP][PASSED] - callTestCase: Call Test Case 'Test Cases/Final Aug 2018 - PKS Automation/Common/Reference Number Getter' successfully

2018-11-27 15:36:43 - [TEST_CASE][PASSED] - Test Cases/Final Aug 2018 - PKS Automation/Common/Reference Number Getter: Test Cases/Final Aug 2018 - PKS Automation/Common/Reference Number Getter

2018-11-27 15:36:43 - [TEST_STEP][PASSED] - Statement - Try: null

2018-11-27 15:36:43 - [TEST_STEP][PASSED] - Statement - RefNo = new java.io.File(C://Users//Admin//Desktop//PKS//Automation Reference Point//KatalonReference.txt): null

2018-11-27 15:36:43 - [TEST_STEP][PASSED] - Statement - bufferread = new java.io.BufferedReader(new java.io.FileReader(RefNo)): null

2018-11-27 15:36:43 - [TEST_STEP][PASSED] - Statement - readedVal = bufferread.readLine(): null

2018-11-27 15:36:43 - [TEST_STEP][PASSED] - Statement - out.println(CaseReferenceNo): null

2018-11-27 15:36:43 - [TEST_STEP][PASSED] - Statement - out.println(readedVal): null

2018-11-27 15:36:43 - [TEST_STEP][PASSED] - Statement - CaseReferenceNo = "": null

2018-11-27 15:36:43 - [TEST_STEP][PASSED] - Statement - CaseReferenceNo = readedVal: null

2018-11-27 15:36:43 - [MESSAGE][PASSED] - Call Test Case 'Test Cases/Final Aug 2018 - PKS Automation/Common/Reference Number Getter' successfully

2018-11-27 15:36:43 - [TEST_STEP][PASSED] - setText: Text 'CAN11201800002196' is set on object 'Object Repository/Final Object Repo/WorkFlow Listing Page/Ref No Set Text'

2018-11-27 15:36:43 - [MESSAGE][PASSED] - Text 'CAN11201800002196' is set on object 'Object Repository/Final Object Repo/WorkFlow Listing Page/Ref No Set Text'

2018-11-27 15:36:43 - [TEST_STEP][PASSED] - delay: Delayed 2 second(s)

2018-11-27 15:36:45 - [MESSAGE][PASSED] - Delayed 2 second(s)

2018-11-27 15:36:45 - [TEST_STEP][PASSED] - click: Object: 'Object Repository/Final Object Repo/WorkFlow Listing Page/Search Ref No Search Button' is clicked on

2018-11-27 15:36:46 - [MESSAGE][PASSED] - Object: 'Object Repository/Final Object Repo/WorkFlow Listing Page/Search Ref No Search Button' is clicked on

2018-11-27 15:36:46 - [TEST_STEP][PASSED] - delay: Delayed 4 second(s)

2018-11-27 15:36:50 - [MESSAGE][PASSED] - Delayed 4 second(s)

2018-11-27 15:36:50 - [TEST_STEP][PASSED] - click: Object: 'Object Repository/Final Object Repo/WorkFlow Listing Page/Click Continue Tooltip' is clicked on

2018-11-27 15:36:51 - [MESSAGE][PASSED] - Object: 'Object Repository/Final Object Repo/WorkFlow Listing Page/Click Continue Tooltip' is clicked on

2018-11-27 15:36:51 - [TEST_STEP][PASSED] - delay: Delayed 5 second(s)

2018-11-27 15:36:56 - [MESSAGE][PASSED] - Delayed 5 second(s)

2018-11-27 15:36:56 - [TEST_STEP][PASSED] - doubleClick: Object: 'Object Repository/Final Object Repo/WorkFlow Listing Page/Workflow Found - Listing 1' is double clicked on

2018-11-27 15:36:56 - [MESSAGE][PASSED] - Object: 'Object Repository/Final Object Repo/WorkFlow Listing Page/Workflow Found - Listing 1' is double clicked on

2018-11-27 15:36:56 - [TEST_STEP][PASSED] - Statement - println(OwnerID): null

2018-11-27 15:36:56 - [TEST_STEP][PASSED] - Statement - OwnerID = com.kms.katalon.core.webui.keyword.WebUiBuiltInKeywords.getText(com.kms.katalon.core.testobject.ObjectRepository.findTestObject(Final Object Repo/WorkFlow Listing Page/Workflow Found - Listing 1), STOP_ON_FAILURE): Text of object 'Object Repository/Final Object Repo/WorkFlow Listing Page/Workflow Found - Listing 1' is: 'KLpkrbo3'

2018-11-27 15:36:56 - [MESSAGE][PASSED] - Text of object 'Object Repository/Final Object Repo/WorkFlow Listing Page/Workflow Found - Listing 1' is: 'KLpkrbo3'

2018-11-27 15:36:56 - [TEST_STEP][PASSED] - Statement - OwnerID = OwnerID.toLowerCase() + "@gmail.com": null

2018-11-27 15:36:56 - [TEST_STEP][PASSED] - Statement - println(OwnerID): null

2018-11-27 15:36:56 - [TEST_STEP][PASSED] - delay: Delayed 2 second(s)

2018-11-27 15:36:58 - [MESSAGE][PASSED] - Delayed 2 second(s)

2018-11-27 15:36:58 - [MESSAGE][FAILED] - Unable to call Test Case with id 'Test Cases/Final Aug 2018 - PKS Automation/Common/Workflow Owner Finder' (Root cause: Call Test Case 'Test Cases/Final Aug 2018 - PKS Automation/Common/Workflow Owner Finder' failed)]]></system-out>
         <system-err><![CDATA[2018-11-27 15:30:12 - [TEST_CASE][FAILED] - Test Cases/Final Aug 2018 - PKS Automation/Registration Module/Workflow/Update Add New Employee/Add Employee and Set Incomplete ( OTC - PKRBO): Test Cases/Final Aug 2018 - PKS Automation/Registration Module/Workflow/Update Add New Employee/Add Employee and Set Incomplete ( OTC - PKRBO) FAILED because (of) (Stack trace: com.kms.katalon.core.exception.StepFailedException: Unable to click on object 'Object Repository/Final Object Repo/Landing Page/Select to English' (Root cause: com.kms.katalon.core.webui.exception.WebElementNotFoundException: Web element with id: 'Object Repository/Final Object Repo/Landing Page/Select to English' located by 'By.xpath: //a[@class = 'taglib-language-list-text' and @lang = 'en-US' and (contains(text(), 'EN') or contains(., 'EN'))]' not found)
	at com.kms.katalon.core.keyword.internal.KeywordMain.stepFailed(KeywordMain.groovy:32)
	at com.kms.katalon.core.webui.keyword.internal.WebUIKeywordMain.stepFailed(WebUIKeywordMain.groovy:65)
	at com.kms.katalon.core.webui.keyword.internal.WebUIKeywordMain.runKeyword(WebUIKeywordMain.groovy:27)
	at com.kms.katalon.core.webui.keyword.builtin.ClickKeyword.click(ClickKeyword.groovy:86)
	at com.kms.katalon.core.webui.keyword.builtin.ClickKeyword.execute(ClickKeyword.groovy:67)
	at com.kms.katalon.core.keyword.internal.KeywordExecutor.executeKeywordForPlatform(KeywordExecutor.groovy:53)
	at com.kms.katalon.core.webui.keyword.WebUiBuiltInKeywords.click(WebUiBuiltInKeywords.groovy:604)
	at com.kms.katalon.core.webui.keyword.WebUiBuiltInKeywords$click$6.call(Unknown Source)
	at org.codehaus.groovy.runtime.callsite.CallSiteArray.defaultCall(CallSiteArray.java:48)
	at org.codehaus.groovy.runtime.callsite.AbstractCallSite.call(AbstractCallSite.java:113)
	at org.codehaus.groovy.runtime.callsite.AbstractCallSite.call(AbstractCallSite.java:133)
	at Script1534407542420.run(Script1534407542420.groovy:57)
	at com.kms.katalon.core.main.ScriptEngine.run(ScriptEngine.java:183)
	at com.kms.katalon.core.main.ScriptEngine.runScriptAsRawText(ScriptEngine.java:108)
	at com.kms.katalon.core.main.TestCaseExecutor.runScript(TestCaseExecutor.java:294)
	at com.kms.katalon.core.main.TestCaseExecutor.doExecute(TestCaseExecutor.java:285)
	at com.kms.katalon.core.main.TestCaseExecutor.processExecutionPhase(TestCaseExecutor.java:264)
	at com.kms.katalon.core.main.TestCaseExecutor.accessMainPhase(TestCaseExecutor.java:256)
	at com.kms.katalon.core.main.TestCaseExecutor.execute(TestCaseExecutor.java:200)
	at com.kms.katalon.core.main.TestCaseMain.runTestCase(TestCaseMain.java:99)
	at com.kms.katalon.core.keyword.builtin.CallTestCaseKeyword$_callTestCase_closure1.doCall(CallTestCaseKeyword.groovy:60)
	at com.kms.katalon.core.keyword.builtin.CallTestCaseKeyword$_callTestCase_closure1.call(CallTestCaseKeyword.groovy)
	at com.kms.katalon.core.keyword.internal.KeywordMain.runKeyword(KeywordMain.groovy:54)
	at com.kms.katalon.core.keyword.builtin.CallTestCaseKeyword.callTestCase(CallTestCaseKeyword.groovy:81)
	at com.kms.katalon.core.keyword.builtin.CallTestCaseKeyword.execute(CallTestCaseKeyword.groovy:45)
	at com.kms.katalon.core.keyword.internal.KeywordExecutor.executeKeywordForPlatform(KeywordExecutor.groovy:53)
	at com.kms.katalon.core.keyword.BuiltinKeywords.callTestCase(BuiltinKeywords.groovy:334)
	at sun.reflect.NativeMethodAccessorImpl.invoke0(Native Method)
	at sun.reflect.NativeMethodAccessorImpl.invoke(NativeMethodAccessorImpl.java:62)
	at sun.reflect.DelegatingMethodAccessorImpl.invoke(DelegatingMethodAccessorImpl.java:43)
	at java.lang.reflect.Method.invoke(Method.java:498)
	at org.codehaus.groovy.reflection.CachedMethod.invoke(CachedMethod.java:93)
	at groovy.lang.MetaMethod.doMethodInvoke(MetaMethod.java:325)
	at groovy.lang.MetaClassImpl.invokeStaticMethod(MetaClassImpl.java:1469)
	at org.codehaus.groovy.runtime.callsite.StaticMetaClassSite.call(StaticMetaClassSite.java:53)
	at org.codehaus.groovy.runtime.callsite.CallSiteArray.defaultCall(CallSiteArray.java:48)
	at org.codehaus.groovy.runtime.callsite.AbstractCallSite.call(AbstractCallSite.java:113)
	at org.codehaus.groovy.runtime.callsite.AbstractCallSite.call(AbstractCallSite.java:141)
	at Script1535947244917.run(Script1535947244917.groovy:131)
	at com.kms.katalon.core.main.ScriptEngine.run(ScriptEngine.java:183)
	at com.kms.katalon.core.main.ScriptEngine.runScriptAsRawText(ScriptEngine.java:108)
	at com.kms.katalon.core.main.TestCaseExecutor.runScript(TestCaseExecutor.java:294)
	at com.kms.katalon.core.main.TestCaseExecutor.doExecute(TestCaseExecutor.java:285)
	at com.kms.katalon.core.main.TestCaseExecutor.processExecutionPhase(TestCaseExecutor.java:264)
	at com.kms.katalon.core.main.TestCaseExecutor.accessMainPhase(TestCaseExecutor.java:256)
	at com.kms.katalon.core.main.TestCaseExecutor.execute(TestCaseExecutor.java:200)
	at com.kms.katalon.core.main.TestSuiteExecutor.accessTestCaseMainPhase(TestSuiteExecutor.java:129)
	at com.kms.katalon.core.main.TestSuiteExecutor.accessTestSuiteMainPhase(TestSuiteExecutor.java:112)
	at com.kms.katalon.core.main.TestSuiteExecutor.execute(TestSuiteExecutor.java:81)
	at com.kms.katalon.core.main.TestCaseMain.startTestSuite(TestCaseMain.java:142)
	at com.kms.katalon.core.main.TestCaseMain$startTestSuite$0.call(Unknown Source)
	at org.codehaus.groovy.runtime.callsite.CallSiteArray.defaultCall(CallSiteArray.java:48)
	at org.codehaus.groovy.runtime.callsite.AbstractCallSite.call(AbstractCallSite.java:113)
	at org.codehaus.groovy.runtime.callsite.AbstractCallSite.call(AbstractCallSite.java:141)
	at TempTestSuite1543287057153.run(TempTestSuite1543287057153.groovy:36)
	at groovy.lang.GroovyShell.runScriptOrMainOrTestOrRunnable(GroovyShell.java:263)
	at groovy.lang.GroovyShell.run(GroovyShell.java:518)
	at groovy.lang.GroovyShell.run(GroovyShell.java:507)
	at groovy.ui.GroovyMain.processOnce(GroovyMain.java:653)
	at groovy.ui.GroovyMain.run(GroovyMain.java:384)
	at groovy.ui.GroovyMain.process(GroovyMain.java:370)
	at groovy.ui.GroovyMain.processArgs(GroovyMain.java:129)
	at groovy.ui.GroovyMain.main(GroovyMain.java:109)
	at sun.reflect.NativeMethodAccessorImpl.invoke0(Native Method)
	at sun.reflect.NativeMethodAccessorImpl.invoke(NativeMethodAccessorImpl.java:62)
	at sun.reflect.DelegatingMethodAccessorImpl.invoke(DelegatingMethodAccessorImpl.java:43)
	at java.lang.reflect.Method.invoke(Method.java:498)
	at org.codehaus.groovy.tools.GroovyStarter.rootLoader(GroovyStarter.java:109)
	at org.codehaus.groovy.tools.GroovyStarter.main(GroovyStarter.java:131)
)]]></system-err>
      </testcase>
      <testcase name="Test Cases/Final Aug 2018 - PKS Automation/Registration Module/Workflow/Update Add New Employee/Special Case (Employer - RO Approve)" classname="Test Cases/Final Aug 2018 - PKS Automation/Registration Module/Workflow/Update Add New Employee/Special Case (Employer - RO Approve)" status="FAILED">
         <failure type="FAILED" message="(Stack trace: com.kms.katalon.core.exception.StepFailedException: Unable to click on object 'Object Repository/Final Object Repo/Landing Page/Select to English' (Root cause: com.kms.katalon.core.webui.exception.WebElementNotFoundException: Web element with id: 'Object Repository/Final Object Repo/Landing Page/Select to English' located by 'By.xpath: //a[@class = 'taglib-language-list-text' and @lang = 'en-US' and (contains(text(), 'EN') or contains(., 'EN'))]' not found)
	at com.kms.katalon.core.keyword.internal.KeywordMain.stepFailed(KeywordMain.groovy:32)
	at com.kms.katalon.core.webui.keyword.internal.WebUIKeywordMain.stepFailed(WebUIKeywordMain.groovy:65)
	at com.kms.katalon.core.webui.keyword.internal.WebUIKeywordMain.runKeyword(WebUIKeywordMain.groovy:27)
	at com.kms.katalon.core.webui.keyword.builtin.ClickKeyword.click(ClickKeyword.groovy:86)
	at com.kms.katalon.core.webui.keyword.builtin.ClickKeyword.execute(ClickKeyword.groovy:67)
	at com.kms.katalon.core.keyword.internal.KeywordExecutor.executeKeywordForPlatform(KeywordExecutor.groovy:53)
	at com.kms.katalon.core.webui.keyword.WebUiBuiltInKeywords.click(WebUiBuiltInKeywords.groovy:604)
	at com.kms.katalon.core.webui.keyword.WebUiBuiltInKeywords$click$6.call(Unknown Source)
	at Script1534407542420.run(Script1534407542420.groovy:57)
	at com.kms.katalon.core.main.ScriptEngine.run(ScriptEngine.java:183)
	at com.kms.katalon.core.main.ScriptEngine.runScriptAsRawText(ScriptEngine.java:108)
	at com.kms.katalon.core.main.TestCaseExecutor.runScript(TestCaseExecutor.java:294)
	at com.kms.katalon.core.main.TestCaseExecutor.doExecute(TestCaseExecutor.java:285)
	at com.kms.katalon.core.main.TestCaseExecutor.processExecutionPhase(TestCaseExecutor.java:264)
	at com.kms.katalon.core.main.TestCaseExecutor.accessMainPhase(TestCaseExecutor.java:256)
	at com.kms.katalon.core.main.TestCaseExecutor.execute(TestCaseExecutor.java:200)
	at com.kms.katalon.core.main.TestCaseMain.runTestCase(TestCaseMain.java:99)
	at com.kms.katalon.core.keyword.builtin.CallTestCaseKeyword$_callTestCase_closure1.doCall(CallTestCaseKeyword.groovy:60)
	at com.kms.katalon.core.keyword.builtin.CallTestCaseKeyword$_callTestCase_closure1.call(CallTestCaseKeyword.groovy)
	at com.kms.katalon.core.keyword.internal.KeywordMain.runKeyword(KeywordMain.groovy:54)
	at com.kms.katalon.core.keyword.builtin.CallTestCaseKeyword.callTestCase(CallTestCaseKeyword.groovy:81)
	at com.kms.katalon.core.keyword.builtin.CallTestCaseKeyword.execute(CallTestCaseKeyword.groovy:45)
	at com.kms.katalon.core.keyword.internal.KeywordExecutor.executeKeywordForPlatform(KeywordExecutor.groovy:53)
	at com.kms.katalon.core.keyword.BuiltinKeywords.callTestCase(BuiltinKeywords.groovy:334)
	at sun.reflect.GeneratedMethodAccessor13.invoke(Unknown Source)
	at sun.reflect.DelegatingMethodAccessorImpl.invoke(DelegatingMethodAccessorImpl.java:43)
	at java.lang.reflect.Method.invoke(Method.java:498)
	at org.codehaus.groovy.reflection.CachedMethod.invoke(CachedMethod.java:93)
	at groovy.lang.MetaMethod.doMethodInvoke(MetaMethod.java:325)
	at groovy.lang.MetaClassImpl.invokeStaticMethod(MetaClassImpl.java:1469)
	at org.codehaus.groovy.runtime.callsite.StaticMetaClassSite.call(StaticMetaClassSite.java:53)
	at org.codehaus.groovy.runtime.callsite.CallSiteArray.defaultCall(CallSiteArray.java:48)
	at org.codehaus.groovy.runtime.callsite.AbstractCallSite.call(AbstractCallSite.java:113)
	at org.codehaus.groovy.runtime.callsite.AbstractCallSite.call(AbstractCallSite.java:141)
	at Script1537255642276.run(Script1537255642276.groovy:113)
	at com.kms.katalon.core.main.ScriptEngine.run(ScriptEngine.java:183)
	at com.kms.katalon.core.main.ScriptEngine.runScriptAsRawText(ScriptEngine.java:108)
	at com.kms.katalon.core.main.TestCaseExecutor.runScript(TestCaseExecutor.java:294)
	at com.kms.katalon.core.main.TestCaseExecutor.doExecute(TestCaseExecutor.java:285)
	at com.kms.katalon.core.main.TestCaseExecutor.processExecutionPhase(TestCaseExecutor.java:264)
	at com.kms.katalon.core.main.TestCaseExecutor.accessMainPhase(TestCaseExecutor.java:256)
	at com.kms.katalon.core.main.TestCaseExecutor.execute(TestCaseExecutor.java:200)
	at com.kms.katalon.core.main.TestSuiteExecutor.accessTestCaseMainPhase(TestSuiteExecutor.java:129)
	at com.kms.katalon.core.main.TestSuiteExecutor.accessTestSuiteMainPhase(TestSuiteExecutor.java:112)
	at com.kms.katalon.core.main.TestSuiteExecutor.execute(TestSuiteExecutor.java:81)
	at com.kms.katalon.core.main.TestCaseMain.startTestSuite(TestCaseMain.java:142)
	at com.kms.katalon.core.main.TestCaseMain$startTestSuite$0.call(Unknown Source)
	at org.codehaus.groovy.runtime.callsite.CallSiteArray.defaultCall(CallSiteArray.java:48)
	at org.codehaus.groovy.runtime.callsite.AbstractCallSite.call(AbstractCallSite.java:113)
	at org.codehaus.groovy.runtime.callsite.AbstractCallSite.call(AbstractCallSite.java:141)
	at TempTestSuite1543287057153.run(TempTestSuite1543287057153.groovy:36)
	at groovy.lang.GroovyShell.runScriptOrMainOrTestOrRunnable(GroovyShell.java:263)
	at groovy.lang.GroovyShell.run(GroovyShell.java:518)
	at groovy.lang.GroovyShell.run(GroovyShell.java:507)
	at groovy.ui.GroovyMain.processOnce(GroovyMain.java:653)
	at groovy.ui.GroovyMain.run(GroovyMain.java:384)
	at groovy.ui.GroovyMain.process(GroovyMain.java:370)
	at groovy.ui.GroovyMain.processArgs(GroovyMain.java:129)
	at groovy.ui.GroovyMain.main(GroovyMain.java:109)
	at sun.reflect.NativeMethodAccessorImpl.invoke0(Native Method)
	at sun.reflect.NativeMethodAccessorImpl.invoke(NativeMethodAccessorImpl.java:62)
	at sun.reflect.DelegatingMethodAccessorImpl.invoke(DelegatingMethodAccessorImpl.java:43)
	at java.lang.reflect.Method.invoke(Method.java:498)
	at org.codehaus.groovy.tools.GroovyStarter.rootLoader(GroovyStarter.java:109)
	at org.codehaus.groovy.tools.GroovyStarter.main(GroovyStarter.java:131)
)"/>
         <system-out><![CDATA[2018-11-27 15:36:58 - [TEST_CASE][FAILED] - Test Cases/Final Aug 2018 - PKS Automation/Registration Module/Workflow/Update Add New Employee/Special Case (Employer - RO Approve): Test Cases/Final Aug 2018 - PKS Automation/Registration Module/Workflow/Update Add New Employee/Special Case (Employer - RO Approve) FAILED because (of) (Stack trace: com.kms.katalon.core.exception.StepFailedException: Unable to click on object 'Object Repository/Final Object Repo/Landing Page/Select to English' (Root cause: com.kms.katalon.core.webui.exception.WebElementNotFoundException: Web element with id: 'Object Repository/Final Object Repo/Landing Page/Select to English' located by 'By.xpath: //a[@class = 'taglib-language-list-text' and @lang = 'en-US' and (contains(text(), 'EN') or contains(., 'EN'))]' not found)
	at com.kms.katalon.core.keyword.internal.KeywordMain.stepFailed(KeywordMain.groovy:32)
	at com.kms.katalon.core.webui.keyword.internal.WebUIKeywordMain.stepFailed(WebUIKeywordMain.groovy:65)
	at com.kms.katalon.core.webui.keyword.internal.WebUIKeywordMain.runKeyword(WebUIKeywordMain.groovy:27)
	at com.kms.katalon.core.webui.keyword.builtin.ClickKeyword.click(ClickKeyword.groovy:86)
	at com.kms.katalon.core.webui.keyword.builtin.ClickKeyword.execute(ClickKeyword.groovy:67)
	at com.kms.katalon.core.keyword.internal.KeywordExecutor.executeKeywordForPlatform(KeywordExecutor.groovy:53)
	at com.kms.katalon.core.webui.keyword.WebUiBuiltInKeywords.click(WebUiBuiltInKeywords.groovy:604)
	at com.kms.katalon.core.webui.keyword.WebUiBuiltInKeywords$click$6.call(Unknown Source)
	at Script1534407542420.run(Script1534407542420.groovy:57)
	at com.kms.katalon.core.main.ScriptEngine.run(ScriptEngine.java:183)
	at com.kms.katalon.core.main.ScriptEngine.runScriptAsRawText(ScriptEngine.java:108)
	at com.kms.katalon.core.main.TestCaseExecutor.runScript(TestCaseExecutor.java:294)
	at com.kms.katalon.core.main.TestCaseExecutor.doExecute(TestCaseExecutor.java:285)
	at com.kms.katalon.core.main.TestCaseExecutor.processExecutionPhase(TestCaseExecutor.java:264)
	at com.kms.katalon.core.main.TestCaseExecutor.accessMainPhase(TestCaseExecutor.java:256)
	at com.kms.katalon.core.main.TestCaseExecutor.execute(TestCaseExecutor.java:200)
	at com.kms.katalon.core.main.TestCaseMain.runTestCase(TestCaseMain.java:99)
	at com.kms.katalon.core.keyword.builtin.CallTestCaseKeyword$_callTestCase_closure1.doCall(CallTestCaseKeyword.groovy:60)
	at com.kms.katalon.core.keyword.builtin.CallTestCaseKeyword$_callTestCase_closure1.call(CallTestCaseKeyword.groovy)
	at com.kms.katalon.core.keyword.internal.KeywordMain.runKeyword(KeywordMain.groovy:54)
	at com.kms.katalon.core.keyword.builtin.CallTestCaseKeyword.callTestCase(CallTestCaseKeyword.groovy:81)
	at com.kms.katalon.core.keyword.builtin.CallTestCaseKeyword.execute(CallTestCaseKeyword.groovy:45)
	at com.kms.katalon.core.keyword.internal.KeywordExecutor.executeKeywordForPlatform(KeywordExecutor.groovy:53)
	at com.kms.katalon.core.keyword.BuiltinKeywords.callTestCase(BuiltinKeywords.groovy:334)
	at sun.reflect.GeneratedMethodAccessor13.invoke(Unknown Source)
	at sun.reflect.DelegatingMethodAccessorImpl.invoke(DelegatingMethodAccessorImpl.java:43)
	at java.lang.reflect.Method.invoke(Method.java:498)
	at org.codehaus.groovy.reflection.CachedMethod.invoke(CachedMethod.java:93)
	at groovy.lang.MetaMethod.doMethodInvoke(MetaMethod.java:325)
	at groovy.lang.MetaClassImpl.invokeStaticMethod(MetaClassImpl.java:1469)
	at org.codehaus.groovy.runtime.callsite.StaticMetaClassSite.call(StaticMetaClassSite.java:53)
	at org.codehaus.groovy.runtime.callsite.CallSiteArray.defaultCall(CallSiteArray.java:48)
	at org.codehaus.groovy.runtime.callsite.AbstractCallSite.call(AbstractCallSite.java:113)
	at org.codehaus.groovy.runtime.callsite.AbstractCallSite.call(AbstractCallSite.java:141)
	at Script1537255642276.run(Script1537255642276.groovy:113)
	at com.kms.katalon.core.main.ScriptEngine.run(ScriptEngine.java:183)
	at com.kms.katalon.core.main.ScriptEngine.runScriptAsRawText(ScriptEngine.java:108)
	at com.kms.katalon.core.main.TestCaseExecutor.runScript(TestCaseExecutor.java:294)
	at com.kms.katalon.core.main.TestCaseExecutor.doExecute(TestCaseExecutor.java:285)
	at com.kms.katalon.core.main.TestCaseExecutor.processExecutionPhase(TestCaseExecutor.java:264)
	at com.kms.katalon.core.main.TestCaseExecutor.accessMainPhase(TestCaseExecutor.java:256)
	at com.kms.katalon.core.main.TestCaseExecutor.execute(TestCaseExecutor.java:200)
	at com.kms.katalon.core.main.TestSuiteExecutor.accessTestCaseMainPhase(TestSuiteExecutor.java:129)
	at com.kms.katalon.core.main.TestSuiteExecutor.accessTestSuiteMainPhase(TestSuiteExecutor.java:112)
	at com.kms.katalon.core.main.TestSuiteExecutor.execute(TestSuiteExecutor.java:81)
	at com.kms.katalon.core.main.TestCaseMain.startTestSuite(TestCaseMain.java:142)
	at com.kms.katalon.core.main.TestCaseMain$startTestSuite$0.call(Unknown Source)
	at org.codehaus.groovy.runtime.callsite.CallSiteArray.defaultCall(CallSiteArray.java:48)
	at org.codehaus.groovy.runtime.callsite.AbstractCallSite.call(AbstractCallSite.java:113)
	at org.codehaus.groovy.runtime.callsite.AbstractCallSite.call(AbstractCallSite.java:141)
	at TempTestSuite1543287057153.run(TempTestSuite1543287057153.groovy:36)
	at groovy.lang.GroovyShell.runScriptOrMainOrTestOrRunnable(GroovyShell.java:263)
	at groovy.lang.GroovyShell.run(GroovyShell.java:518)
	at groovy.lang.GroovyShell.run(GroovyShell.java:507)
	at groovy.ui.GroovyMain.processOnce(GroovyMain.java:653)
	at groovy.ui.GroovyMain.run(GroovyMain.java:384)
	at groovy.ui.GroovyMain.process(GroovyMain.java:370)
	at groovy.ui.GroovyMain.processArgs(GroovyMain.java:129)
	at groovy.ui.GroovyMain.main(GroovyMain.java:109)
	at sun.reflect.NativeMethodAccessorImpl.invoke0(Native Method)
	at sun.reflect.NativeMethodAccessorImpl.invoke(NativeMethodAccessorImpl.java:62)
	at sun.reflect.DelegatingMethodAccessorImpl.invoke(DelegatingMethodAccessorImpl.java:43)
	at java.lang.reflect.Method.invoke(Method.java:498)
	at org.codehaus.groovy.tools.GroovyStarter.rootLoader(GroovyStarter.java:109)
	at org.codehaus.groovy.tools.GroovyStarter.main(GroovyStarter.java:131)
)

2018-11-27 15:36:58 - [TEST_STEP][PASSED] - callTestCase: Call Test Case 'Test Cases/Final Aug 2018 - PKS Automation/Registration Module/Workflow/Update Add New Employee/Template/New Company for Update Add New - Employer' successfully

2018-11-27 15:36:58 - [TEST_CASE][PASSED] - Test Cases/Final Aug 2018 - PKS Automation/Registration Module/Workflow/Update Add New Employee/Template/New Company for Update Add New - Employer: Test Cases/Final Aug 2018 - PKS Automation/Registration Module/Workflow/Update Add New Employee/Template/New Company for Update Add New - Employer

2018-11-27 15:36:59 - [TEST_STEP][PASSED] - callTestCase: Call Test Case 'Test Cases/Final Aug 2018 - PKS Automation/Create Employer Acc/Create Employer Account' successfully

2018-11-27 15:36:59 - [TEST_CASE][PASSED] - Test Cases/Final Aug 2018 - PKS Automation/Create Employer Acc/Create Employer Account: Test Cases/Final Aug 2018 - PKS Automation/Create Employer Acc/Create Employer Account

2018-11-27 15:36:59 - [TEST_STEP][PASSED] - callTestCase: Call Test Case 'Test Cases/Final Aug 2018 - PKS Automation/Create Employer Acc/Template/Register Employer' successfully

2018-11-27 15:36:59 - [TEST_CASE][PASSED] - Test Cases/Final Aug 2018 - PKS Automation/Create Employer Acc/Template/Register Employer: Test Cases/Final Aug 2018 - PKS Automation/Create Employer Acc/Template/Register Employer

2018-11-27 15:36:59 - [TEST_STEP][PASSED] - openBrowser: Browser is opened with url: ''

2018-11-27 15:36:59 - [MESSAGE][WARNING] - A browser is already opened. Closing browser and opening a new one

2018-11-27 15:37:04 - [MESSAGE][PASSED] - Browser is opened with url: ''

2018-11-27 15:37:04 - [TEST_STEP][PASSED] - navigateToUrl: Navigate to 'https://assist2-uat.perkeso.gov.my/login' successfully

2018-11-27 15:37:05 - [MESSAGE][PASSED] - Navigate to 'https://assist2-uat.perkeso.gov.my/login' successfully

2018-11-27 15:37:05 - [TEST_STEP][PASSED] - setText: Text 'johorotc1@gmail.com' is set on object 'Object Repository/Final Object Repo/Login Page/Internal User/Email Address'

2018-11-27 15:37:05 - [MESSAGE][PASSED] - Text 'johorotc1@gmail.com' is set on object 'Object Repository/Final Object Repo/Login Page/Internal User/Email Address'

2018-11-27 15:37:05 - [TEST_STEP][PASSED] - click: Object: 'Object Repository/Final Object Repo/Login Page/Internal User/Next Button' is clicked on

2018-11-27 15:37:05 - [MESSAGE][PASSED] - Object: 'Object Repository/Final Object Repo/Login Page/Internal User/Next Button' is clicked on

2018-11-27 15:37:05 - [TEST_STEP][PASSED] - delay: Delayed 1 second(s)

2018-11-27 15:37:06 - [MESSAGE][PASSED] - Delayed 1 second(s)

2018-11-27 15:37:06 - [TEST_STEP][PASSED] - setEncryptedText: Text ****** has been set on object 'Object Repository/Final Object Repo/Login Page/Internal User/Password'

2018-11-27 15:37:07 - [MESSAGE][PASSED] - Text ****** has been set on object 'Object Repository/Final Object Repo/Login Page/Internal User/Password'

2018-11-27 15:37:07 - [TEST_STEP][PASSED] - click: Object: 'Object Repository/Final Object Repo/Login Page/Internal User/Login Button' is clicked on

2018-11-27 15:37:07 - [MESSAGE][PASSED] - Object: 'Object Repository/Final Object Repo/Login Page/Internal User/Login Button' is clicked on

2018-11-27 15:37:07 - [TEST_STEP][PASSED] - delay: Delayed 1 second(s)

2018-11-27 15:37:08 - [MESSAGE][PASSED] - Delayed 1 second(s)

2018-11-27 15:37:08 - [TEST_STEP][PASSED] - navigateToUrl: Navigate to 'https://assist2-uat.perkeso.gov.my/web/base/portal-id/registration' successfully

2018-11-27 15:37:10 - [MESSAGE][PASSED] - Navigate to 'https://assist2-uat.perkeso.gov.my/web/base/portal-id/registration' successfully

2018-11-27 15:37:10 - [TEST_STEP][PASSED] - setText: Text 'AUTOMATION EMPLOYER' is set on object 'Object Repository/Final Object Repo/Creating Employer Account/Page_Registration - ASSIST (Base)/Employer Name'

2018-11-27 15:37:10 - [MESSAGE][PASSED] - Text 'AUTOMATION EMPLOYER' is set on object 'Object Repository/Final Object Repo/Creating Employer Account/Page_Registration - ASSIST (Base)/Employer Name'

2018-11-27 15:37:10 - [TEST_STEP][PASSED] - delay: Delayed 2 second(s)

2018-11-27 15:37:12 - [MESSAGE][PASSED] - Delayed 2 second(s)

2018-11-27 15:37:12 - [TEST_STEP][PASSED] - click: Object: 'Object Repository/Final Object Repo/Creating Employer Account/Page_Registration - ASSIST (Base)/Registration Type' is clicked on

2018-11-27 15:37:12 - [MESSAGE][PASSED] - Object: 'Object Repository/Final Object Repo/Creating Employer Account/Page_Registration - ASSIST (Base)/Registration Type' is clicked on

2018-11-27 15:37:12 - [TEST_STEP][PASSED] - delay: Delayed 2 second(s)

2018-11-27 15:37:14 - [MESSAGE][PASSED] - Delayed 2 second(s)

2018-11-27 15:37:14 - [TEST_STEP][PASSED] - click: Object: 'Object Repository/Final Object Repo/Creating Employer Account/Page_Registration - ASSIST (Base)/Registration Type - Registration No' is clicked on

2018-11-27 15:37:14 - [MESSAGE][PASSED] - Object: 'Object Repository/Final Object Repo/Creating Employer Account/Page_Registration - ASSIST (Base)/Registration Type - Registration No' is clicked on

2018-11-27 15:37:14 - [TEST_STEP][PASSED] - delay: Delayed 2 second(s)

2018-11-27 15:37:16 - [MESSAGE][PASSED] - Delayed 2 second(s)

2018-11-27 15:37:16 - [TEST_STEP][PASSED] - setText: Text '1234567890' is set on object 'Object Repository/Final Object Repo/Creating Employer Account/Page_Registration - ASSIST (Base)/Registration Number'

2018-11-27 15:37:17 - [MESSAGE][PASSED] - Text '1234567890' is set on object 'Object Repository/Final Object Repo/Creating Employer Account/Page_Registration - ASSIST (Base)/Registration Number'

2018-11-27 15:37:17 - [TEST_STEP][PASSED] - delay: Delayed 2 second(s)

2018-11-27 15:37:19 - [MESSAGE][PASSED] - Delayed 2 second(s)

2018-11-27 15:37:19 - [TEST_STEP][PASSED] - setText: Text 'ADDRESS 1' is set on object 'Object Repository/Final Object Repo/Creating Employer Account/Page_Registration - ASSIST (Base)/Postal Address 1'

2018-11-27 15:37:19 - [MESSAGE][PASSED] - Text 'ADDRESS 1' is set on object 'Object Repository/Final Object Repo/Creating Employer Account/Page_Registration - ASSIST (Base)/Postal Address 1'

2018-11-27 15:37:19 - [TEST_STEP][PASSED] - setText: Text 'ADDRESS 2' is set on object 'Object Repository/Final Object Repo/Creating Employer Account/Page_Registration - ASSIST (Base)/Postal Address 2'

2018-11-27 15:37:19 - [MESSAGE][PASSED] - Text 'ADDRESS 2' is set on object 'Object Repository/Final Object Repo/Creating Employer Account/Page_Registration - ASSIST (Base)/Postal Address 2'

2018-11-27 15:37:19 - [TEST_STEP][PASSED] - click: Object: 'Object Repository/Final Object Repo/Creating Employer Account/Page_Registration - ASSIST (Base)/State' is clicked on

2018-11-27 15:37:20 - [MESSAGE][PASSED] - Object: 'Object Repository/Final Object Repo/Creating Employer Account/Page_Registration - ASSIST (Base)/State' is clicked on

2018-11-27 15:37:20 - [TEST_STEP][PASSED] - delay: Delayed 2 second(s)

2018-11-27 15:37:22 - [MESSAGE][PASSED] - Delayed 2 second(s)

2018-11-27 15:37:22 - [TEST_STEP][PASSED] - click: Object: 'Object Repository/Final Object Repo/Creating Employer Account/Page_Registration - ASSIST (Base)/State - Johor' is clicked on

2018-11-27 15:37:22 - [MESSAGE][PASSED] - Object: 'Object Repository/Final Object Repo/Creating Employer Account/Page_Registration - ASSIST (Base)/State - Johor' is clicked on

2018-11-27 15:37:22 - [TEST_STEP][PASSED] - delay: Delayed 2 second(s)

2018-11-27 15:37:24 - [MESSAGE][PASSED] - Delayed 2 second(s)

2018-11-27 15:37:24 - [TEST_STEP][PASSED] - click: Object: 'Object Repository/Final Object Repo/Creating Employer Account/Page_Registration - ASSIST (Base)/City' is clicked on

2018-11-27 15:37:24 - [MESSAGE][PASSED] - Object: 'Object Repository/Final Object Repo/Creating Employer Account/Page_Registration - ASSIST (Base)/City' is clicked on

2018-11-27 15:37:24 - [TEST_STEP][PASSED] - delay: Delayed 2 second(s)

2018-11-27 15:37:26 - [MESSAGE][PASSED] - Delayed 2 second(s)

2018-11-27 15:37:26 - [TEST_STEP][PASSED] - setText: Text 'joh' is set on object 'Object Repository/Final Object Repo/Creating Employer Account/Page_Registration - ASSIST (Base)/City - joh'

2018-11-27 15:37:26 - [MESSAGE][PASSED] - Text 'joh' is set on object 'Object Repository/Final Object Repo/Creating Employer Account/Page_Registration - ASSIST (Base)/City - joh'

2018-11-27 15:37:26 - [TEST_STEP][PASSED] - delay: Delayed 2 second(s)

2018-11-27 15:37:28 - [MESSAGE][PASSED] - Delayed 2 second(s)

2018-11-27 15:37:28 - [TEST_STEP][PASSED] - click: Object: 'Object Repository/Final Object Repo/Creating Employer Account/Page_Registration - ASSIST (Base)/City - Johor Bharu' is clicked on

2018-11-27 15:37:28 - [MESSAGE][PASSED] - Object: 'Object Repository/Final Object Repo/Creating Employer Account/Page_Registration - ASSIST (Base)/City - Johor Bharu' is clicked on

2018-11-27 15:37:28 - [TEST_STEP][PASSED] - delay: Delayed 2 second(s)

2018-11-27 15:37:30 - [MESSAGE][PASSED] - Delayed 2 second(s)

2018-11-27 15:37:30 - [TEST_STEP][PASSED] - click: Object: 'Object Repository/Final Object Repo/Creating Employer Account/Page_Registration - ASSIST (Base)/Post Code' is clicked on

2018-11-27 15:37:31 - [MESSAGE][PASSED] - Object: 'Object Repository/Final Object Repo/Creating Employer Account/Page_Registration - ASSIST (Base)/Post Code' is clicked on

2018-11-27 15:37:31 - [TEST_STEP][PASSED] - delay: Delayed 2 second(s)

2018-11-27 15:37:33 - [MESSAGE][PASSED] - Delayed 2 second(s)

2018-11-27 15:37:33 - [TEST_STEP][PASSED] - setText: Text '810' is set on object 'Object Repository/Final Object Repo/Creating Employer Account/Page_Registration - ASSIST (Base)/Post Code - 810'

2018-11-27 15:37:33 - [MESSAGE][PASSED] - Text '810' is set on object 'Object Repository/Final Object Repo/Creating Employer Account/Page_Registration - ASSIST (Base)/Post Code - 810'

2018-11-27 15:37:33 - [TEST_STEP][PASSED] - delay: Delayed 2 second(s)

2018-11-27 15:37:35 - [MESSAGE][PASSED] - Delayed 2 second(s)

2018-11-27 15:37:35 - [TEST_STEP][PASSED] - click: Object: 'Object Repository/Final Object Repo/Creating Employer Account/Page_Registration - ASSIST (Base)/Post Code - 81000' is clicked on

2018-11-27 15:37:35 - [MESSAGE][PASSED] - Object: 'Object Repository/Final Object Repo/Creating Employer Account/Page_Registration - ASSIST (Base)/Post Code - 81000' is clicked on

2018-11-27 15:37:35 - [TEST_STEP][PASSED] - delay: Delayed 2 second(s)

2018-11-27 15:37:37 - [MESSAGE][PASSED] - Delayed 2 second(s)

2018-11-27 15:37:37 - [TEST_STEP][PASSED] - setText: Text 'PERKESO' is set on object 'Object Repository/Final Object Repo/Creating Employer Account/Page_Registration - ASSIST (Base)/Full Name'

2018-11-27 15:37:37 - [MESSAGE][PASSED] - Text 'PERKESO' is set on object 'Object Repository/Final Object Repo/Creating Employer Account/Page_Registration - ASSIST (Base)/Full Name'

2018-11-27 15:37:37 - [TEST_STEP][PASSED] - Statement - rnd = new java.util.Random(): null

2018-11-27 15:37:37 - [TEST_STEP][PASSED] - Statement - snum = rnd.nextInt(899999 + 1) + 100000: null

2018-11-27 15:37:37 - [TEST_STEP][PASSED] - Statement - tnum = rnd.nextInt(899999 + 1) + 100000: null

2018-11-27 15:37:37 - [TEST_STEP][PASSED] - Statement - IC = java.lang.Integer.toString(snum) + java.lang.Integer.toString(tnum): null

2018-11-27 15:37:37 - [TEST_STEP][PASSED] - Statement - out.println(IC): null

2018-11-27 15:37:37 - [TEST_STEP][PASSED] - setText: Text '672533544062' is set on object 'Object Repository/Final Object Repo/Creating Employer Account/Page_Registration - ASSIST (Base)/Identification Number'

2018-11-27 15:37:38 - [MESSAGE][PASSED] - Text '672533544062' is set on object 'Object Repository/Final Object Repo/Creating Employer Account/Page_Registration - ASSIST (Base)/Identification Number'

2018-11-27 15:37:38 - [TEST_STEP][PASSED] - delay: Delayed 2 second(s)

2018-11-27 15:37:40 - [MESSAGE][PASSED] - Delayed 2 second(s)

2018-11-27 15:37:40 - [TEST_STEP][PASSED] - setText: Text '123456789012' is set on object 'Object Repository/Final Object Repo/Creating Employer Account/Page_Registration - ASSIST (Base)/Contact Number'

2018-11-27 15:37:40 - [MESSAGE][PASSED] - Text '123456789012' is set on object 'Object Repository/Final Object Repo/Creating Employer Account/Page_Registration - ASSIST (Base)/Contact Number'

2018-11-27 15:37:40 - [TEST_STEP][PASSED] - Statement - Email = "perkeso" + IC + "@gmail.com": null

2018-11-27 15:37:40 - [TEST_STEP][PASSED] - delay: Delayed 2 second(s)

2018-11-27 15:37:42 - [MESSAGE][PASSED] - Delayed 2 second(s)

2018-11-27 15:37:42 - [TEST_STEP][PASSED] - callTestCase: Call Test Case 'Test Cases/Final Aug 2018 - PKS Automation/Create Employer Acc/Template/Employer Email Settler' successfully

2018-11-27 15:37:42 - [TEST_CASE][PASSED] - Test Cases/Final Aug 2018 - PKS Automation/Create Employer Acc/Template/Employer Email Settler: Test Cases/Final Aug 2018 - PKS Automation/Create Employer Acc/Template/Employer Email Settler

2018-11-27 15:37:42 - [TEST_STEP][PASSED] - Statement - EmpEmailOld = new java.io.File(C://Users//Admin//Desktop//PKS//Automation Reference Point//EmpEmail.txt): null

2018-11-27 15:37:42 - [TEST_STEP][PASSED] - Statement - EmpEmailOld.delete(): null

2018-11-27 15:37:42 - [TEST_STEP][PASSED] - Statement - EmpEmail = new java.io.File(C://Users//Admin//Desktop//PKS//Automation Reference Point//EmpEmail.txt): null

2018-11-27 15:37:42 - [TEST_STEP][PASSED] - Statement - EmpEmail.append(Email): null

2018-11-27 15:37:42 - [TEST_STEP][PASSED] - Statement - out.println(Email): null

2018-11-27 15:37:42 - [MESSAGE][PASSED] - Call Test Case 'Test Cases/Final Aug 2018 - PKS Automation/Create Employer Acc/Template/Employer Email Settler' successfully

2018-11-27 15:37:42 - [TEST_STEP][PASSED] - delay: Delayed 2 second(s)

2018-11-27 15:37:44 - [MESSAGE][PASSED] - Delayed 2 second(s)

2018-11-27 15:37:44 - [TEST_STEP][PASSED] - setText: Text 'perkeso672533544062@gmail.com' is set on object 'Object Repository/Final Object Repo/Creating Employer Account/Page_Registration - ASSIST (Base)/Email'

2018-11-27 15:37:45 - [MESSAGE][PASSED] - Text 'perkeso672533544062@gmail.com' is set on object 'Object Repository/Final Object Repo/Creating Employer Account/Page_Registration - ASSIST (Base)/Email'

2018-11-27 15:37:45 - [TEST_STEP][PASSED] - setText: Text '123' is set on object 'Object Repository/Final Object Repo/Creating Employer Account/Page_Registration - ASSIST (Base)/Security Phase'

2018-11-27 15:37:45 - [MESSAGE][PASSED] - Text '123' is set on object 'Object Repository/Final Object Repo/Creating Employer Account/Page_Registration - ASSIST (Base)/Security Phase'

2018-11-27 15:37:45 - [TEST_STEP][PASSED] - click: Object: 'Object Repository/Final Object Repo/Creating Employer Account/Page_Registration - ASSIST (Base)/Save  Continue' is clicked on

2018-11-27 15:37:45 - [MESSAGE][PASSED] - Object: 'Object Repository/Final Object Repo/Creating Employer Account/Page_Registration - ASSIST (Base)/Save  Continue' is clicked on

2018-11-27 15:37:45 - [TEST_STEP][PASSED] - delay: Delayed 2 second(s)

2018-11-27 15:37:47 - [MESSAGE][PASSED] - Delayed 2 second(s)

2018-11-27 15:37:47 - [TEST_STEP][PASSED] - click: Object: 'Object Repository/Final Object Repo/Creating Employer Account/Page_Registration - ASSIST (Base)/Add Document' is clicked on

2018-11-27 15:37:48 - [MESSAGE][PASSED] - Object: 'Object Repository/Final Object Repo/Creating Employer Account/Page_Registration - ASSIST (Base)/Add Document' is clicked on

2018-11-27 15:37:48 - [TEST_STEP][PASSED] - delay: Delayed 2 second(s)

2018-11-27 15:37:50 - [MESSAGE][PASSED] - Delayed 2 second(s)

2018-11-27 15:37:50 - [TEST_STEP][PASSED] - click: Object: 'Object Repository/Final Object Repo/Creating Employer Account/Page_Registration - ASSIST (Base)/Document Type' is clicked on

2018-11-27 15:37:50 - [MESSAGE][PASSED] - Object: 'Object Repository/Final Object Repo/Creating Employer Account/Page_Registration - ASSIST (Base)/Document Type' is clicked on

2018-11-27 15:37:50 - [TEST_STEP][PASSED] - delay: Delayed 2 second(s)

2018-11-27 15:37:52 - [MESSAGE][PASSED] - Delayed 2 second(s)

2018-11-27 15:37:52 - [TEST_STEP][PASSED] - click: Object: 'Object Repository/Final Object Repo/Creating Employer Account/Page_Registration - ASSIST (Base)/Document Type - Letter of Authorization' is clicked on

2018-11-27 15:37:52 - [MESSAGE][PASSED] - Object: 'Object Repository/Final Object Repo/Creating Employer Account/Page_Registration - ASSIST (Base)/Document Type - Letter of Authorization' is clicked on

2018-11-27 15:37:52 - [TEST_STEP][PASSED] - delay: Delayed 2 second(s)

2018-11-27 15:37:54 - [MESSAGE][PASSED] - Delayed 2 second(s)

2018-11-27 15:37:54 - [TEST_STEP][PASSED] - sendKeys: Keys 'C:\Users\Public\Pictures\Sample Pictures\Koala.jpg' sent to object: 'Object Repository/Final Object Repo/Creating Employer Account/Page_Registration - ASSIST (Base)/Uploading File'

2018-11-27 15:37:54 - [MESSAGE][PASSED] - Keys 'C:\Users\Public\Pictures\Sample Pictures\Koala.jpg' sent to object: 'Object Repository/Final Object Repo/Creating Employer Account/Page_Registration - ASSIST (Base)/Uploading File'

2018-11-27 15:37:54 - [TEST_STEP][PASSED] - delay: Delayed 2 second(s)

2018-11-27 15:37:56 - [MESSAGE][PASSED] - Delayed 2 second(s)

2018-11-27 15:37:56 - [TEST_STEP][PASSED] - click: Object: 'Object Repository/Final Object Repo/Creating Employer Account/Page_Registration - ASSIST (Base)/Add Document in Uploading File' is clicked on

2018-11-27 15:37:56 - [MESSAGE][PASSED] - Object: 'Object Repository/Final Object Repo/Creating Employer Account/Page_Registration - ASSIST (Base)/Add Document in Uploading File' is clicked on

2018-11-27 15:37:56 - [TEST_STEP][PASSED] - delay: Delayed 2 second(s)

2018-11-27 15:37:58 - [MESSAGE][PASSED] - Delayed 2 second(s)

2018-11-27 15:37:58 - [TEST_STEP][PASSED] - click: Object: 'Object Repository/Final Object Repo/Creating Employer Account/Page_Registration - ASSIST (Base)/Save' is clicked on

2018-11-27 15:37:58 - [MESSAGE][PASSED] - Object: 'Object Repository/Final Object Repo/Creating Employer Account/Page_Registration - ASSIST (Base)/Save' is clicked on

2018-11-27 15:37:58 - [TEST_STEP][PASSED] - delay: Delayed 2 second(s)

2018-11-27 15:38:00 - [MESSAGE][PASSED] - Delayed 2 second(s)

2018-11-27 15:38:00 - [TEST_STEP][PASSED] - click: Object: 'Object Repository/Final Object Repo/Creating Employer Account/Page_Registration - ASSIST (Base)/Submit' is clicked on

2018-11-27 15:38:01 - [MESSAGE][PASSED] - Object: 'Object Repository/Final Object Repo/Creating Employer Account/Page_Registration - ASSIST (Base)/Submit' is clicked on

2018-11-27 15:38:01 - [TEST_STEP][PASSED] - delay: Delayed 2 second(s)

2018-11-27 15:38:03 - [MESSAGE][PASSED] - Delayed 2 second(s)

2018-11-27 15:38:03 - [TEST_STEP][PASSED] - click: Object: 'Object Repository/Final Object Repo/Creating Employer Account/Page_Registration - ASSIST (Base)/Confirm' is clicked on

2018-11-27 15:38:03 - [MESSAGE][PASSED] - Object: 'Object Repository/Final Object Repo/Creating Employer Account/Page_Registration - ASSIST (Base)/Confirm' is clicked on

2018-11-27 15:38:03 - [MESSAGE][PASSED] - Call Test Case 'Test Cases/Final Aug 2018 - PKS Automation/Create Employer Acc/Template/Register Employer' successfully

2018-11-27 15:38:03 - [TEST_STEP][PASSED] - delay: Delayed 1 second(s)

2018-11-27 15:38:04 - [MESSAGE][PASSED] - Delayed 1 second(s)

2018-11-27 15:38:04 - [TEST_STEP][PASSED] - navigateToUrl: Navigate to 'https://assist2-uat.perkeso.gov.my/c/portal/logout' successfully

2018-11-27 15:38:06 - [MESSAGE][PASSED] - Navigate to 'https://assist2-uat.perkeso.gov.my/c/portal/logout' successfully

2018-11-27 15:38:06 - [TEST_STEP][PASSED] - delay: Delayed 1 second(s)

2018-11-27 15:38:07 - [MESSAGE][PASSED] - Delayed 1 second(s)

2018-11-27 15:38:07 - [TEST_STEP][PASSED] - callTestCase: Call Test Case 'Test Cases/Final Aug 2018 - PKS Automation/Create Employer Acc/Template/Change Password of Employer' successfully

2018-11-27 15:38:07 - [TEST_CASE][PASSED] - Test Cases/Final Aug 2018 - PKS Automation/Create Employer Acc/Template/Change Password of Employer: Test Cases/Final Aug 2018 - PKS Automation/Create Employer Acc/Template/Change Password of Employer

2018-11-27 15:38:07 - [TEST_STEP][PASSED] - openBrowser: Browser is opened with url: ''

2018-11-27 15:38:07 - [MESSAGE][WARNING] - A browser is already opened. Closing browser and opening a new one

2018-11-27 15:38:11 - [MESSAGE][PASSED] - Browser is opened with url: ''

2018-11-27 15:38:11 - [TEST_STEP][PASSED] - navigateToUrl: Navigate to 'https://assist2-uat.perkeso.gov.my/login' successfully

2018-11-27 15:38:12 - [MESSAGE][PASSED] - Navigate to 'https://assist2-uat.perkeso.gov.my/login' successfully

2018-11-27 15:38:12 - [TEST_STEP][PASSED] - delay: Delayed 5 second(s)

2018-11-27 15:38:17 - [MESSAGE][PASSED] - Delayed 5 second(s)

2018-11-27 15:38:17 - [TEST_STEP][PASSED] - setText: Text 'test@liferay.com' is set on object 'Object Repository/Final Object Repo/Login Page/Internal User/Email Address'

2018-11-27 15:38:18 - [MESSAGE][PASSED] - Text 'test@liferay.com' is set on object 'Object Repository/Final Object Repo/Login Page/Internal User/Email Address'

2018-11-27 15:38:18 - [TEST_STEP][PASSED] - click: Object: 'Object Repository/Final Object Repo/Login Page/Internal User/Next Button' is clicked on

2018-11-27 15:38:18 - [MESSAGE][PASSED] - Object: 'Object Repository/Final Object Repo/Login Page/Internal User/Next Button' is clicked on

2018-11-27 15:38:18 - [TEST_STEP][PASSED] - delay: Delayed 2 second(s)

2018-11-27 15:38:20 - [MESSAGE][PASSED] - Delayed 2 second(s)

2018-11-27 15:38:20 - [TEST_STEP][PASSED] - setText: Text 'test' is set on object 'Object Repository/Final Object Repo/Login Page/Internal User/Password'

2018-11-27 15:38:20 - [MESSAGE][PASSED] - Text 'test' is set on object 'Object Repository/Final Object Repo/Login Page/Internal User/Password'

2018-11-27 15:38:20 - [TEST_STEP][PASSED] - delay: Delayed 2 second(s)

2018-11-27 15:38:22 - [MESSAGE][PASSED] - Delayed 2 second(s)

2018-11-27 15:38:22 - [TEST_STEP][PASSED] - click: Object: 'Object Repository/Final Object Repo/Login Page/Internal User/Login Button' is clicked on

2018-11-27 15:38:22 - [MESSAGE][PASSED] - Object: 'Object Repository/Final Object Repo/Login Page/Internal User/Login Button' is clicked on

2018-11-27 15:38:22 - [TEST_STEP][PASSED] - delay: Delayed 3 second(s)

2018-11-27 15:38:25 - [MESSAGE][PASSED] - Delayed 3 second(s)

2018-11-27 15:38:25 - [TEST_STEP][PASSED] - navigateToUrl: Navigate to 'https://assist2-uat.perkeso.gov.my/group/control_panel/manage?p_p_id=125&p_p_lifecycle=0&p_p_state=maximized&p_p_mode=view&refererPlid=20455&_125_usersListView=flat-users&_125_toolbarItem=view-all-users&_125_saveUsersListView=true&_125_struts_action=%2Fusers_admin%2Fview' successfully

2018-11-27 15:38:27 - [MESSAGE][PASSED] - Navigate to 'https://assist2-uat.perkeso.gov.my/group/control_panel/manage?p_p_id=125&p_p_lifecycle=0&p_p_state=maximized&p_p_mode=view&refererPlid=20455&_125_usersListView=flat-users&_125_toolbarItem=view-all-users&_125_saveUsersListView=true&_125_struts_action=%2Fusers_admin%2Fview' successfully

2018-11-27 15:38:27 - [TEST_STEP][PASSED] - delay: Delayed 3 second(s)

2018-11-27 15:38:30 - [MESSAGE][PASSED] - Delayed 3 second(s)

2018-11-27 15:38:30 - [TEST_STEP][PASSED] - setText: Text 'perkeso672533544062@gmail.com' is set on object 'Object Repository/Final Object Repo/Creating Employer Account/Page_Users and Organizations - ASSIST/Employer name'

2018-11-27 15:38:30 - [MESSAGE][PASSED] - Text 'perkeso672533544062@gmail.com' is set on object 'Object Repository/Final Object Repo/Creating Employer Account/Page_Users and Organizations - ASSIST/Employer name'

2018-11-27 15:38:30 - [TEST_STEP][PASSED] - delay: Delayed 3 second(s)

2018-11-27 15:38:33 - [MESSAGE][PASSED] - Delayed 3 second(s)

2018-11-27 15:38:33 - [TEST_STEP][PASSED] - click: Object: 'Object Repository/Final Object Repo/Creating Employer Account/Page_Users and Organizations - ASSIST/Search' is clicked on

2018-11-27 15:38:34 - [MESSAGE][PASSED] - Object: 'Object Repository/Final Object Repo/Creating Employer Account/Page_Users and Organizations - ASSIST/Search' is clicked on

2018-11-27 15:38:34 - [TEST_STEP][PASSED] - delay: Delayed 3 second(s)

2018-11-27 15:38:37 - [MESSAGE][PASSED] - Delayed 3 second(s)

2018-11-27 15:38:37 - [TEST_STEP][PASSED] - click: Object: 'Object Repository/Final Object Repo/Creating Employer Account/Page_Users and Organizations - ASSIST/Action' is clicked on

2018-11-27 15:38:37 - [MESSAGE][PASSED] - Object: 'Object Repository/Final Object Repo/Creating Employer Account/Page_Users and Organizations - ASSIST/Action' is clicked on

2018-11-27 15:38:37 - [TEST_STEP][PASSED] - delay: Delayed 3 second(s)

2018-11-27 15:38:40 - [MESSAGE][PASSED] - Delayed 3 second(s)

2018-11-27 15:38:40 - [TEST_STEP][PASSED] - click: Object: 'Object Repository/Final Object Repo/Creating Employer Account/Page_Users and Organizations - ASSIST/Edit' is clicked on

2018-11-27 15:38:41 - [MESSAGE][PASSED] - Object: 'Object Repository/Final Object Repo/Creating Employer Account/Page_Users and Organizations - ASSIST/Edit' is clicked on

2018-11-27 15:38:41 - [TEST_STEP][PASSED] - delay: Delayed 3 second(s)

2018-11-27 15:38:44 - [MESSAGE][PASSED] - Delayed 3 second(s)

2018-11-27 15:38:44 - [TEST_STEP][PASSED] - click: Object: 'Object Repository/Final Object Repo/Creating Employer Account/Page_PERKESO - Users and Organizati/a_Password (Modified)' is clicked on

2018-11-27 15:38:44 - [MESSAGE][PASSED] - Object: 'Object Repository/Final Object Repo/Creating Employer Account/Page_PERKESO - Users and Organizati/a_Password (Modified)' is clicked on

2018-11-27 15:38:44 - [TEST_STEP][PASSED] - delay: Delayed 3 second(s)

2018-11-27 15:38:47 - [MESSAGE][PASSED] - Delayed 3 second(s)

2018-11-27 15:38:47 - [TEST_STEP][PASSED] - setEncryptedText: Text ****** has been set on object 'Object Repository/Final Object Repo/Creating Employer Account/Page_PERKESO - Users and Organizati/input__125_password1'

2018-11-27 15:38:47 - [MESSAGE][PASSED] - Text ****** has been set on object 'Object Repository/Final Object Repo/Creating Employer Account/Page_PERKESO - Users and Organizati/input__125_password1'

2018-11-27 15:38:47 - [TEST_STEP][PASSED] - delay: Delayed 3 second(s)

2018-11-27 15:38:50 - [MESSAGE][PASSED] - Delayed 3 second(s)

2018-11-27 15:38:50 - [TEST_STEP][PASSED] - setEncryptedText: Text ****** has been set on object 'Object Repository/Final Object Repo/Creating Employer Account/Page_PERKESO - Users and Organizati/input__125_password2'

2018-11-27 15:38:51 - [MESSAGE][PASSED] - Text ****** has been set on object 'Object Repository/Final Object Repo/Creating Employer Account/Page_PERKESO - Users and Organizati/input__125_password2'

2018-11-27 15:38:51 - [TEST_STEP][PASSED] - delay: Delayed 3 second(s)

2018-11-27 15:38:54 - [MESSAGE][PASSED] - Delayed 3 second(s)

2018-11-27 15:38:54 - [TEST_STEP][PASSED] - click: Object: 'Object Repository/Final Object Repo/Creating Employer Account/Page_PERKESO - Users and Organizati/Save' is clicked on

2018-11-27 15:38:55 - [MESSAGE][PASSED] - Object: 'Object Repository/Final Object Repo/Creating Employer Account/Page_PERKESO - Users and Organizati/Save' is clicked on

2018-11-27 15:38:55 - [MESSAGE][PASSED] - Call Test Case 'Test Cases/Final Aug 2018 - PKS Automation/Create Employer Acc/Template/Change Password of Employer' successfully

2018-11-27 15:38:55 - [TEST_STEP][PASSED] - delay: Delayed 1 second(s)

2018-11-27 15:38:56 - [MESSAGE][PASSED] - Delayed 1 second(s)

2018-11-27 15:38:56 - [TEST_STEP][PASSED] - navigateToUrl: Navigate to 'https://assist2-uat.perkeso.gov.my/c/portal/logout' successfully

2018-11-27 15:38:57 - [MESSAGE][PASSED] - Navigate to 'https://assist2-uat.perkeso.gov.my/c/portal/logout' successfully

2018-11-27 15:38:57 - [TEST_STEP][PASSED] - delay: Delayed 1 second(s)

2018-11-27 15:38:58 - [MESSAGE][PASSED] - Delayed 1 second(s)

2018-11-27 15:38:58 - [TEST_STEP][PASSED] - callTestCase: Call Test Case 'Test Cases/Final Aug 2018 - PKS Automation/Create Employer Acc/Template/Login to Employer Account (First Time)' successfully

2018-11-27 15:38:58 - [TEST_CASE][PASSED] - Test Cases/Final Aug 2018 - PKS Automation/Create Employer Acc/Template/Login to Employer Account (First Time): Test Cases/Final Aug 2018 - PKS Automation/Create Employer Acc/Template/Login to Employer Account (First Time)

2018-11-27 15:38:59 - [TEST_STEP][PASSED] - openBrowser: Browser is opened with url: ''

2018-11-27 15:38:59 - [MESSAGE][WARNING] - A browser is already opened. Closing browser and opening a new one

2018-11-27 15:39:03 - [MESSAGE][PASSED] - Browser is opened with url: ''

2018-11-27 15:39:03 - [TEST_STEP][PASSED] - navigateToUrl: Navigate to 'https://assist2-uat.perkeso.gov.my/employer/login' successfully

2018-11-27 15:39:04 - [MESSAGE][PASSED] - Navigate to 'https://assist2-uat.perkeso.gov.my/employer/login' successfully

2018-11-27 15:39:04 - [TEST_STEP][PASSED] - delay: Delayed 3 second(s)

2018-11-27 15:39:07 - [MESSAGE][PASSED] - Delayed 3 second(s)

2018-11-27 15:39:07 - [TEST_STEP][PASSED] - callTestCase: Call Test Case 'Test Cases/Final Aug 2018 - PKS Automation/Create Employer Acc/Template/Employer Email Getter' successfully

2018-11-27 15:39:07 - [TEST_CASE][PASSED] - Test Cases/Final Aug 2018 - PKS Automation/Create Employer Acc/Template/Employer Email Getter: Test Cases/Final Aug 2018 - PKS Automation/Create Employer Acc/Template/Employer Email Getter

2018-11-27 15:39:07 - [TEST_STEP][PASSED] - Statement - Try: null

2018-11-27 15:39:07 - [TEST_STEP][PASSED] - Statement - EmpEmail = new java.io.File(C://Users//Admin//Desktop//PKS//Automation Reference Point//EmpEmail.txt): null

2018-11-27 15:39:07 - [TEST_STEP][PASSED] - Statement - bufferread = new java.io.BufferedReader(new java.io.FileReader(EmpEmail)): null

2018-11-27 15:39:07 - [TEST_STEP][PASSED] - Statement - readedVal = bufferread.readLine(): null

2018-11-27 15:39:07 - [TEST_STEP][PASSED] - Statement - out.println(readedVal): null

2018-11-27 15:39:07 - [TEST_STEP][PASSED] - Statement - Email = readedVal: null

2018-11-27 15:39:07 - [MESSAGE][PASSED] - Call Test Case 'Test Cases/Final Aug 2018 - PKS Automation/Create Employer Acc/Template/Employer Email Getter' successfully

2018-11-27 15:39:07 - [TEST_STEP][PASSED] - setText: Text 'perkeso672533544062@gmail.com' is set on object 'Object Repository/Final Object Repo/Login Page/External Login Page/Email'

2018-11-27 15:39:08 - [MESSAGE][PASSED] - Text 'perkeso672533544062@gmail.com' is set on object 'Object Repository/Final Object Repo/Login Page/External Login Page/Email'

2018-11-27 15:39:08 - [TEST_STEP][PASSED] - click: Object: 'Object Repository/Final Object Repo/Login Page/External Login Page/Next' is clicked on

2018-11-27 15:39:08 - [MESSAGE][PASSED] - Object: 'Object Repository/Final Object Repo/Login Page/External Login Page/Next' is clicked on

2018-11-27 15:39:08 - [TEST_STEP][PASSED] - delay: Delayed 3 second(s)

2018-11-27 15:39:11 - [MESSAGE][PASSED] - Delayed 3 second(s)

2018-11-27 15:39:11 - [TEST_STEP][PASSED] - setEncryptedText: Text ****** has been set on object 'Object Repository/Final Object Repo/Login Page/External Login Page/Password'

2018-11-27 15:39:11 - [MESSAGE][PASSED] - Text ****** has been set on object 'Object Repository/Final Object Repo/Login Page/External Login Page/Password'

2018-11-27 15:39:11 - [TEST_STEP][PASSED] - click: Object: 'Object Repository/Final Object Repo/Login Page/External Login Page/Login' is clicked on

2018-11-27 15:39:12 - [MESSAGE][PASSED] - Object: 'Object Repository/Final Object Repo/Login Page/External Login Page/Login' is clicked on

2018-11-27 15:39:12 - [TEST_STEP][PASSED] - delay: Delayed 3 second(s)

2018-11-27 15:39:15 - [MESSAGE][PASSED] - Delayed 3 second(s)

2018-11-27 15:39:15 - [TEST_STEP][PASSED] - click: Object: 'Object Repository/Final Object Repo/Creating Employer Account/Page_Terms of Use - ASSIST/button_I Agree' is clicked on

2018-11-27 15:39:15 - [MESSAGE][PASSED] - Object: 'Object Repository/Final Object Repo/Creating Employer Account/Page_Terms of Use - ASSIST/button_I Agree' is clicked on

2018-11-27 15:39:15 - [TEST_STEP][PASSED] - delay: Delayed 2 second(s)

2018-11-27 15:39:17 - [MESSAGE][PASSED] - Delayed 2 second(s)

2018-11-27 15:39:17 - [TEST_STEP][PASSED] - setEncryptedText: Text ****** has been set on object 'Object Repository/Final Object Repo/Creating Employer Account/Page_New Password - ASSIST/input_password1'

2018-11-27 15:39:18 - [MESSAGE][PASSED] - Text ****** has been set on object 'Object Repository/Final Object Repo/Creating Employer Account/Page_New Password - ASSIST/input_password1'

2018-11-27 15:39:18 - [TEST_STEP][PASSED] - setEncryptedText: Text ****** has been set on object 'Object Repository/Final Object Repo/Creating Employer Account/Page_New Password - ASSIST/input_password2'

2018-11-27 15:39:18 - [MESSAGE][PASSED] - Text ****** has been set on object 'Object Repository/Final Object Repo/Creating Employer Account/Page_New Password - ASSIST/input_password2'

2018-11-27 15:39:18 - [TEST_STEP][PASSED] - delay: Delayed 2 second(s)

2018-11-27 15:39:20 - [MESSAGE][PASSED] - Delayed 2 second(s)

2018-11-27 15:39:20 - [TEST_STEP][PASSED] - click: Object: 'Object Repository/Final Object Repo/Creating Employer Account/Page_New Password - ASSIST/Save' is clicked on

2018-11-27 15:39:20 - [MESSAGE][PASSED] - Object: 'Object Repository/Final Object Repo/Creating Employer Account/Page_New Password - ASSIST/Save' is clicked on

2018-11-27 15:39:20 - [TEST_STEP][PASSED] - delay: Delayed 2 second(s)

2018-11-27 15:39:22 - [MESSAGE][PASSED] - Delayed 2 second(s)

2018-11-27 15:39:22 - [TEST_STEP][PASSED] - setText: Text 'test' is set on object 'Object Repository/Final Object Repo/Creating Employer Account/Page_Password Reminder - ASSIST/Reminder Query Answer'

2018-11-27 15:39:22 - [MESSAGE][PASSED] - Text 'test' is set on object 'Object Repository/Final Object Repo/Creating Employer Account/Page_Password Reminder - ASSIST/Reminder Query Answer'

2018-11-27 15:39:22 - [TEST_STEP][PASSED] - delay: Delayed 2 second(s)

2018-11-27 15:39:24 - [MESSAGE][PASSED] - Delayed 2 second(s)

2018-11-27 15:39:24 - [TEST_STEP][PASSED] - doubleClick: Object: 'Object Repository/Final Object Repo/Creating Employer Account/Page_Password Reminder - ASSIST/Save' is double clicked on

2018-11-27 15:39:24 - [MESSAGE][PASSED] - Object: 'Object Repository/Final Object Repo/Creating Employer Account/Page_Password Reminder - ASSIST/Save' is double clicked on

2018-11-27 15:39:24 - [MESSAGE][PASSED] - Call Test Case 'Test Cases/Final Aug 2018 - PKS Automation/Create Employer Acc/Template/Login to Employer Account (First Time)' successfully

2018-11-27 15:39:24 - [MESSAGE][PASSED] - Call Test Case 'Test Cases/Final Aug 2018 - PKS Automation/Create Employer Acc/Create Employer Account' successfully

2018-11-27 15:39:24 - [TEST_STEP][PASSED] - callTestCase: Call Test Case 'Test Cases/Final Aug 2018 - PKS Automation/Registration Module/Log Out/log out avoiding katalon tagging' successfully

2018-11-27 15:39:25 - [TEST_CASE][PASSED] - Test Cases/Final Aug 2018 - PKS Automation/Registration Module/Log Out/log out avoiding katalon tagging: Test Cases/Final Aug 2018 - PKS Automation/Registration Module/Log Out/log out avoiding katalon tagging

2018-11-27 15:39:25 - [TEST_STEP][PASSED] - navigateToUrl: Navigate to 'https://assist2-uat.perkeso.gov.my/c/portal/logout' successfully

2018-11-27 15:39:28 - [MESSAGE][PASSED] - Navigate to 'https://assist2-uat.perkeso.gov.my/c/portal/logout' successfully

2018-11-27 15:39:28 - [MESSAGE][PASSED] - Call Test Case 'Test Cases/Final Aug 2018 - PKS Automation/Registration Module/Log Out/log out avoiding katalon tagging' successfully

2018-11-27 15:39:28 - [TEST_STEP][PASSED] - callTestCase: Call Test Case 'Test Cases/Final Aug 2018 - PKS Automation/Create Employer Acc/Login to Employer Account (Second time)' successfully

2018-11-27 15:39:28 - [TEST_CASE][PASSED] - Test Cases/Final Aug 2018 - PKS Automation/Create Employer Acc/Login to Employer Account (Second time): Test Cases/Final Aug 2018 - PKS Automation/Create Employer Acc/Login to Employer Account (Second time)

2018-11-27 15:39:28 - [TEST_STEP][PASSED] - openBrowser: Browser is opened with url: ''

2018-11-27 15:39:28 - [MESSAGE][WARNING] - A browser is already opened. Closing browser and opening a new one

2018-11-27 15:39:32 - [MESSAGE][PASSED] - Browser is opened with url: ''

2018-11-27 15:39:32 - [TEST_STEP][PASSED] - navigateToUrl: Navigate to 'https://assist2-uat.perkeso.gov.my/employer/login' successfully

2018-11-27 15:39:33 - [MESSAGE][PASSED] - Navigate to 'https://assist2-uat.perkeso.gov.my/employer/login' successfully

2018-11-27 15:39:33 - [TEST_STEP][PASSED] - delay: Delayed 3 second(s)

2018-11-27 15:39:36 - [MESSAGE][PASSED] - Delayed 3 second(s)

2018-11-27 15:39:36 - [TEST_STEP][PASSED] - callTestCase: Call Test Case 'Test Cases/Final Aug 2018 - PKS Automation/Create Employer Acc/Template/Employer Email Getter' successfully

2018-11-27 15:39:36 - [TEST_CASE][PASSED] - Test Cases/Final Aug 2018 - PKS Automation/Create Employer Acc/Template/Employer Email Getter: Test Cases/Final Aug 2018 - PKS Automation/Create Employer Acc/Template/Employer Email Getter

2018-11-27 15:39:36 - [TEST_STEP][PASSED] - Statement - Try: null

2018-11-27 15:39:36 - [TEST_STEP][PASSED] - Statement - EmpEmail = new java.io.File(C://Users//Admin//Desktop//PKS//Automation Reference Point//EmpEmail.txt): null

2018-11-27 15:39:36 - [TEST_STEP][PASSED] - Statement - bufferread = new java.io.BufferedReader(new java.io.FileReader(EmpEmail)): null

2018-11-27 15:39:36 - [TEST_STEP][PASSED] - Statement - readedVal = bufferread.readLine(): null

2018-11-27 15:39:36 - [TEST_STEP][PASSED] - Statement - out.println(readedVal): null

2018-11-27 15:39:36 - [TEST_STEP][PASSED] - Statement - Email = readedVal: null

2018-11-27 15:39:36 - [MESSAGE][PASSED] - Call Test Case 'Test Cases/Final Aug 2018 - PKS Automation/Create Employer Acc/Template/Employer Email Getter' successfully

2018-11-27 15:39:36 - [TEST_STEP][PASSED] - setText: Text 'perkeso672533544062@gmail.com' is set on object 'Object Repository/Final Object Repo/Login Page/External Login Page/Email'

2018-11-27 15:39:37 - [MESSAGE][PASSED] - Text 'perkeso672533544062@gmail.com' is set on object 'Object Repository/Final Object Repo/Login Page/External Login Page/Email'

2018-11-27 15:39:37 - [TEST_STEP][PASSED] - click: Object: 'Object Repository/Final Object Repo/Login Page/External Login Page/Next' is clicked on

2018-11-27 15:39:37 - [MESSAGE][PASSED] - Object: 'Object Repository/Final Object Repo/Login Page/External Login Page/Next' is clicked on

2018-11-27 15:39:37 - [TEST_STEP][PASSED] - delay: Delayed 3 second(s)

2018-11-27 15:39:40 - [MESSAGE][PASSED] - Delayed 3 second(s)

2018-11-27 15:39:40 - [TEST_STEP][PASSED] - setEncryptedText: Text ****** has been set on object 'Object Repository/Final Object Repo/Login Page/External Login Page/Password'

2018-11-27 15:39:40 - [MESSAGE][PASSED] - Text ****** has been set on object 'Object Repository/Final Object Repo/Login Page/External Login Page/Password'

2018-11-27 15:39:40 - [TEST_STEP][PASSED] - click: Object: 'Object Repository/Final Object Repo/Login Page/External Login Page/Login' is clicked on

2018-11-27 15:39:41 - [MESSAGE][PASSED] - Object: 'Object Repository/Final Object Repo/Login Page/External Login Page/Login' is clicked on

2018-11-27 15:39:41 - [TEST_STEP][PASSED] - delay: Delayed 5 second(s)

2018-11-27 15:39:46 - [MESSAGE][PASSED] - Delayed 5 second(s)

2018-11-27 15:39:46 - [MESSAGE][PASSED] - Call Test Case 'Test Cases/Final Aug 2018 - PKS Automation/Create Employer Acc/Login to Employer Account (Second time)' successfully

2018-11-27 15:39:46 - [TEST_STEP][PASSED] - delay: Delayed 4 second(s)

2018-11-27 15:39:50 - [MESSAGE][PASSED] - Delayed 4 second(s)

2018-11-27 15:39:50 - [TEST_STEP][PASSED] - Statement - Try: Delayed 2 second(s)

2018-11-27 15:39:50 - [TEST_STEP][PASSED] - Statement - Checker = false: null

2018-11-27 15:39:50 - [TEST_STEP][PASSED] - Statement - Checker = com.kms.katalon.core.webui.keyword.WebUiBuiltInKeywords.verifyElementHasAttribute(com.kms.katalon.core.testobject.ObjectRepository.findTestObject(Final Object Repo/Landing Page/BM Detecting), "href", 20, OPTIONAL): Object 'Object Repository/Final Object Repo/Landing Page/BM Detecting' has attribute 'href'

2018-11-27 15:39:50 - [MESSAGE][PASSED] - Object 'Object Repository/Final Object Repo/Landing Page/BM Detecting' has attribute 'href'

2018-11-27 15:39:50 - [TEST_STEP][PASSED] - Statement - out.println(Checker): null

2018-11-27 15:39:50 - [TEST_STEP][PASSED] - Statement - If (Checker == false): null

2018-11-27 15:39:50 - [TEST_STEP][PASSED] - Statement - Else: null

2018-11-27 15:39:50 - [TEST_STEP][PASSED] - delay: Delayed 2 second(s)

2018-11-27 15:39:52 - [MESSAGE][PASSED] - Delayed 2 second(s)

2018-11-27 15:39:52 - [TEST_STEP][PASSED] - delay: Delayed 4 second(s)

2018-11-27 15:39:56 - [MESSAGE][PASSED] - Delayed 4 second(s)

2018-11-27 15:39:56 - [TEST_STEP][PASSED] - click: Object: 'Object Repository/Final Object Repo/Landing Page/My Sites Drop Down' is clicked on

2018-11-27 15:39:56 - [MESSAGE][PASSED] - Object: 'Object Repository/Final Object Repo/Landing Page/My Sites Drop Down' is clicked on

2018-11-27 15:39:56 - [TEST_STEP][PASSED] - click: Object: 'Object Repository/Final Object Repo/Landing Page/Select to Registration Module' is clicked on

2018-11-27 15:39:58 - [MESSAGE][PASSED] - Object: 'Object Repository/Final Object Repo/Landing Page/Select to Registration Module' is clicked on

2018-11-27 15:39:58 - [TEST_STEP][PASSED] - click: Object: 'Object Repository/Final Object Repo/Landing Page/Registration Button' is clicked on

2018-11-27 15:40:00 - [MESSAGE][PASSED] - Object: 'Object Repository/Final Object Repo/Landing Page/Registration Button' is clicked on

2018-11-27 15:40:00 - [TEST_STEP][PASSED] - delay: Delayed 2 second(s)

2018-11-27 15:40:02 - [MESSAGE][PASSED] - Delayed 2 second(s)

2018-11-27 15:40:02 - [TEST_STEP][PASSED] - click: Object: 'Object Repository/Final Object Repo/New Registration - Registration Module Pages/New Reg - OTC to RO/Special Case - OTC - Form 1/AEC NO' is clicked on

2018-11-27 15:40:02 - [MESSAGE][PASSED] - Object: 'Object Repository/Final Object Repo/New Registration - Registration Module Pages/New Reg - OTC to RO/Special Case - OTC - Form 1/AEC NO' is clicked on

2018-11-27 15:40:02 - [TEST_STEP][PASSED] - click: Object: 'Object Repository/Final Object Repo/New Registration - Registration Module Pages/New Reg - OTC to RO/Special Case - OTC - Form 1/Business Entity - Please Select' is clicked on

2018-11-27 15:40:02 - [MESSAGE][PASSED] - Object: 'Object Repository/Final Object Repo/New Registration - Registration Module Pages/New Reg - OTC to RO/Special Case - OTC - Form 1/Business Entity - Please Select' is clicked on

2018-11-27 15:40:02 - [TEST_STEP][PASSED] - click: Object: 'Object Repository/Final Object Repo/New Registration - Registration Module Pages/New Reg - OTC to RO/Special Case - OTC - Form 1/Selected - Corporation' is clicked on

2018-11-27 15:40:03 - [MESSAGE][PASSED] - Object: 'Object Repository/Final Object Repo/New Registration - Registration Module Pages/New Reg - OTC to RO/Special Case - OTC - Form 1/Selected - Corporation' is clicked on

2018-11-27 15:40:03 - [TEST_STEP][PASSED] - delay: Delayed 2 second(s)

2018-11-27 15:40:05 - [MESSAGE][PASSED] - Delayed 2 second(s)

2018-11-27 15:40:05 - [TEST_STEP][PASSED] - click: Object: 'Object Repository/Final Object Repo/New Registration - Registration Module Pages/New Reg - OTC to RO/Special Case - OTC - Form 1/Sub Business Entity - Please Select' is clicked on

2018-11-27 15:40:05 - [MESSAGE][PASSED] - Object: 'Object Repository/Final Object Repo/New Registration - Registration Module Pages/New Reg - OTC to RO/Special Case - OTC - Form 1/Sub Business Entity - Please Select' is clicked on

2018-11-27 15:40:05 - [TEST_STEP][PASSED] - delay: Delayed 2 second(s)

2018-11-27 15:40:07 - [MESSAGE][PASSED] - Delayed 2 second(s)

2018-11-27 15:40:07 - [TEST_STEP][PASSED] - click: Object: 'Object Repository/Final Object Repo/New Registration - Registration Module Pages/New Reg - OTC to RO/Special Case - OTC - Form 1/Selected - Sendirian Berhad' is clicked on

2018-11-27 15:40:07 - [MESSAGE][PASSED] - Object: 'Object Repository/Final Object Repo/New Registration - Registration Module Pages/New Reg - OTC to RO/Special Case - OTC - Form 1/Selected - Sendirian Berhad' is clicked on

2018-11-27 15:40:07 - [TEST_STEP][PASSED] - setText: Text 'AUTOMATE001' is set on object 'Object Repository/Final Object Repo/New Registration - Registration Module Pages/New Reg - OTC to RO/Special Case - OTC - Form 1/Input BRN Number'

2018-11-27 15:40:07 - [MESSAGE][PASSED] - Text 'AUTOMATE001' is set on object 'Object Repository/Final Object Repo/New Registration - Registration Module Pages/New Reg - OTC to RO/Special Case - OTC - Form 1/Input BRN Number'

2018-11-27 15:40:07 - [TEST_STEP][PASSED] - delay: Delayed 2 second(s)

2018-11-27 15:40:09 - [MESSAGE][PASSED] - Delayed 2 second(s)

2018-11-27 15:40:09 - [TEST_STEP][PASSED] - click: Object: 'Object Repository/Final Object Repo/New Registration - Registration Module Pages/New Reg - OTC to RO/Special Case - OTC - Form 1/BRN Search' is clicked on

2018-11-27 15:40:10 - [MESSAGE][PASSED] - Object: 'Object Repository/Final Object Repo/New Registration - Registration Module Pages/New Reg - OTC to RO/Special Case - OTC - Form 1/BRN Search' is clicked on

2018-11-27 15:40:10 - [TEST_STEP][PASSED] - delay: Delayed 4 second(s)

2018-11-27 15:40:14 - [MESSAGE][PASSED] - Delayed 4 second(s)

2018-11-27 15:40:14 - [TEST_STEP][PASSED] - click: Object: 'Object Repository/Final Object Repo/New Registration - Registration Module Pages/New Reg - OTC to RO/Special Case - OTC - Form 1/Registered with SSM - After Feb 2017' is clicked on

2018-11-27 15:40:14 - [MESSAGE][PASSED] - Object: 'Object Repository/Final Object Repo/New Registration - Registration Module Pages/New Reg - OTC to RO/Special Case - OTC - Form 1/Registered with SSM - After Feb 2017' is clicked on

2018-11-27 15:40:14 - [TEST_STEP][PASSED] - delay: Delayed 2 second(s)

2018-11-27 15:40:16 - [MESSAGE][PASSED] - Delayed 2 second(s)

2018-11-27 15:40:16 - [TEST_STEP][PASSED] - click: Object: 'Object Repository/Final Object Repo/New Registration - Registration Module Pages/Form 1/Registered As a Branch - Yes' is clicked on

2018-11-27 15:40:16 - [MESSAGE][PASSED] - Object: 'Object Repository/Final Object Repo/New Registration - Registration Module Pages/Form 1/Registered As a Branch - Yes' is clicked on

2018-11-27 15:40:16 - [TEST_STEP][PASSED] - click: Object: 'Object Repository/Final Object Repo/New Registration - Registration Module Pages/New Reg - OTC to RO/Special Case - OTC - Form 1/Acknowledgement Ticked' is clicked on

2018-11-27 15:40:16 - [MESSAGE][PASSED] - Object: 'Object Repository/Final Object Repo/New Registration - Registration Module Pages/New Reg - OTC to RO/Special Case - OTC - Form 1/Acknowledgement Ticked' is clicked on

2018-11-27 15:40:16 - [TEST_STEP][PASSED] - setText: Text 'perkeso672533544062@gmail.com' is set on object 'Object Repository/Final Object Repo/New Registration - Registration Module Pages/Form 1/Email'

2018-11-27 15:40:17 - [MESSAGE][PASSED] - Text 'perkeso672533544062@gmail.com' is set on object 'Object Repository/Final Object Repo/New Registration - Registration Module Pages/Form 1/Email'

2018-11-27 15:40:17 - [TEST_STEP][PASSED] - click: Object: 'Object Repository/Final Object Repo/New Registration - Registration Module Pages/New Reg - OTC to RO/Special Case - OTC - Form 1/Submit Button' is clicked on

2018-11-27 15:40:17 - [MESSAGE][PASSED] - Object: 'Object Repository/Final Object Repo/New Registration - Registration Module Pages/New Reg - OTC to RO/Special Case - OTC - Form 1/Submit Button' is clicked on

2018-11-27 15:40:17 - [TEST_STEP][PASSED] - callTestCase: Call Test Case 'Test Cases/Final Aug 2018 - PKS Automation/Registration Module/New Registration/Form 2/Add 1 Eligible - Employer Account Use' successfully

2018-11-27 15:40:17 - [TEST_CASE][PASSED] - Test Cases/Final Aug 2018 - PKS Automation/Registration Module/New Registration/Form 2/Add 1 Eligible - Employer Account Use: Test Cases/Final Aug 2018 - PKS Automation/Registration Module/New Registration/Form 2/Add 1 Eligible - Employer Account Use

2018-11-27 15:40:18 - [TEST_STEP][PASSED] - delay: Delayed 2 second(s)

2018-11-27 15:40:20 - [MESSAGE][PASSED] - Delayed 2 second(s)

2018-11-27 15:40:20 - [TEST_STEP][PASSED] - callTestCase: Call Test Case 'Test Cases/Final Aug 2018 - PKS Automation/Registration Module/New Registration/Form 2/Date Updater' successfully

2018-11-27 15:40:20 - [TEST_CASE][PASSED] - Test Cases/Final Aug 2018 - PKS Automation/Registration Module/New Registration/Form 2/Date Updater: Test Cases/Final Aug 2018 - PKS Automation/Registration Module/New Registration/Form 2/Date Updater

2018-11-27 15:40:20 - [TEST_STEP][PASSED] - Statement - TodayDate = new java.util.Date(): null

2018-11-27 15:40:20 - [TEST_STEP][PASSED] - Statement - CurrentDateNoFilter = new java.text.SimpleDateFormat(): null

2018-11-27 15:40:20 - [TEST_STEP][PASSED] - Statement - CurrentDateNoFilter.applyPattern("dd"): null

2018-11-27 15:40:20 - [TEST_STEP][PASSED] - Statement - CurrentDate = CurrentDateNoFilter.format(TodayDate): null

2018-11-27 15:40:20 - [TEST_STEP][PASSED] - Statement - CurrentDate = java.lang.Integer.parseInt(CurrentDate): null

2018-11-27 15:40:20 - [TEST_STEP][PASSED] - Statement - CurrentDate = CurrentDate: null

2018-11-27 15:40:20 - [TEST_STEP][PASSED] - Statement - CurrentDay = java.lang.Integer.parseInt(CurrentDate): null

2018-11-27 15:40:20 - [TEST_STEP][PASSED] - Statement - aDayBefore = CurrentDay + 1: null

2018-11-27 15:40:20 - [TEST_STEP][PASSED] - Statement - DayBefore = aDayBefore.toString(): null

2018-11-27 15:40:20 - [TEST_STEP][PASSED] - Statement - OneDayBefore = DayBefore: null

2018-11-27 15:40:20 - [TEST_STEP][PASSED] - Statement - CurrentDateNoFilter.applyPattern("MM"): null

2018-11-27 15:40:20 - [TEST_STEP][PASSED] - Statement - monthContainerMatcher = java.lang.Integer.parseInt(CurrentDateNoFilter.format(TodayDate)): null

2018-11-27 15:40:20 - [TEST_STEP][PASSED] - Statement - monthContainerMatcher = monthContainerMatcher - 1: null

2018-11-27 15:40:20 - [TEST_STEP][PASSED] - Statement - CurrentMonth = monthContainerMatcher.toString(): null

2018-11-27 15:40:20 - [TEST_STEP][PASSED] - Statement - CurrentMonth = CurrentMonth: null

2018-11-27 15:40:20 - [TEST_STEP][PASSED] - Statement - CurrentDateNoFilter.applyPattern("yyyy"): null

2018-11-27 15:40:20 - [TEST_STEP][PASSED] - Statement - CurrentYear = CurrentDateNoFilter.format(TodayDate): null

2018-11-27 15:40:20 - [TEST_STEP][PASSED] - Statement - CurrentYear = CurrentYear: null

2018-11-27 15:40:20 - [TEST_STEP][PASSED] - Statement - intCurrentYear = java.lang.Integer.parseInt(CurrentDateNoFilter.format(TodayDate)): null

2018-11-27 15:40:20 - [TEST_STEP][PASSED] - Statement - eighteenYrsAgo = intCurrentYear - 18: null

2018-11-27 15:40:20 - [TEST_STEP][PASSED] - Statement - eighteenYrsBeforeThisYr = eighteenYrsAgo.toString(): null

2018-11-27 15:40:20 - [TEST_STEP][PASSED] - Statement - EighteenYrsBefore = eighteenYrsBeforeThisYr: null

2018-11-27 15:40:20 - [TEST_STEP][PASSED] - Statement - fiftysevenYrsAgo = intCurrentYear - 57: null

2018-11-27 15:40:20 - [TEST_STEP][PASSED] - Statement - fiftysevenYrsBeforeThisYr = fiftysevenYrsAgo.toString(): null

2018-11-27 15:40:20 - [TEST_STEP][PASSED] - Statement - FiftysevenYrsBefore = fiftysevenYrsBeforeThisYr: null

2018-11-27 15:40:20 - [MESSAGE][PASSED] - Call Test Case 'Test Cases/Final Aug 2018 - PKS Automation/Registration Module/New Registration/Form 2/Date Updater' successfully

2018-11-27 15:40:20 - [TEST_STEP][PASSED] - delay: Delayed 1 second(s)

2018-11-27 15:40:21 - [MESSAGE][PASSED] - Delayed 1 second(s)

2018-11-27 15:40:21 - [TEST_STEP][PASSED] - Statement - CaseReferenceNo = com.kms.katalon.core.webui.keyword.WebUiBuiltInKeywords.getText(com.kms.katalon.core.testobject.ObjectRepository.findTestObject(Final Object Repo/New Registration - Registration Module Pages/Form 2/RefNo Acquiring)): Text of object 'Object Repository/Final Object Repo/New Registration - Registration Module Pages/Form 2/RefNo Acquiring' is: 'CRN11201800122867'

2018-11-27 15:40:21 - [MESSAGE][PASSED] - Text of object 'Object Repository/Final Object Repo/New Registration - Registration Module Pages/Form 2/RefNo Acquiring' is: 'CRN11201800122867'

2018-11-27 15:40:21 - [TEST_STEP][PASSED] - delay: Delayed 1 second(s)

2018-11-27 15:40:22 - [MESSAGE][PASSED] - Delayed 1 second(s)

2018-11-27 15:40:22 - [TEST_STEP][PASSED] - click: Object: 'Object Repository/Final Object Repo/New Registration - Registration Module Pages/Form 2/Add Employee Button' is clicked on

2018-11-27 15:40:22 - [MESSAGE][PASSED] - Object: 'Object Repository/Final Object Repo/New Registration - Registration Module Pages/Form 2/Add Employee Button' is clicked on

2018-11-27 15:40:22 - [TEST_STEP][PASSED] - delay: Delayed 1 second(s)

2018-11-27 15:40:23 - [MESSAGE][PASSED] - Delayed 1 second(s)

2018-11-27 15:40:23 - [TEST_STEP][PASSED] - setText: Text '010903091948' is set on object 'Object Repository/Final Object Repo/New Registration - Registration Module Pages/Form 2/NRIC Input'

2018-11-27 15:40:24 - [MESSAGE][PASSED] - Text '010903091948' is set on object 'Object Repository/Final Object Repo/New Registration - Registration Module Pages/Form 2/NRIC Input'

2018-11-27 15:40:24 - [TEST_STEP][PASSED] - delay: Delayed 2 second(s)

2018-11-27 15:40:26 - [MESSAGE][PASSED] - Delayed 2 second(s)

2018-11-27 15:40:26 - [TEST_STEP][PASSED] - setText: Text 'Automate001 eligible 1' is set on object 'Object Repository/Final Object Repo/New Registration - Registration Module Pages/Form 2/Employee Name Input'

2018-11-27 15:40:27 - [MESSAGE][PASSED] - Text 'Automate001 eligible 1' is set on object 'Object Repository/Final Object Repo/New Registration - Registration Module Pages/Form 2/Employee Name Input'

2018-11-27 15:40:27 - [TEST_STEP][PASSED] - delay: Delayed 2 second(s)

2018-11-27 15:40:29 - [MESSAGE][PASSED] - Delayed 2 second(s)

2018-11-27 15:40:29 - [TEST_STEP][PASSED] - click: Object: 'Object Repository/Final Object Repo/New Registration - Registration Module Pages/Form 2/DatePicker Pop Up' is clicked on

2018-11-27 15:40:29 - [MESSAGE][PASSED] - Object: 'Object Repository/Final Object Repo/New Registration - Registration Module Pages/Form 2/DatePicker Pop Up' is clicked on

2018-11-27 15:40:29 - [TEST_STEP][PASSED] - click: Object: 'Object Repository/Final Object Repo/New Registration - Registration Module Pages/Form 2/DOB Month' is clicked on

2018-11-27 15:40:29 - [MESSAGE][PASSED] - Object: 'Object Repository/Final Object Repo/New Registration - Registration Module Pages/Form 2/DOB Month' is clicked on

2018-11-27 15:40:29 - [TEST_STEP][PASSED] - Statement - CurrentMonth = CurrentMonth: null

2018-11-27 15:40:29 - [TEST_STEP][PASSED] - Statement - selectMonth = new com.kms.katalon.core.testobject.TestObject(): null

2018-11-27 15:40:29 - [TEST_STEP][PASSED] - Statement - selectMonth.addProperty("xpath", EQUALS, "//body/div/div/div/select/option[@value='" + CurrentMonth + "']", true): null

2018-11-27 15:40:29 - [TEST_STEP][PASSED] - click: Object: '' is clicked on

2018-11-27 15:40:29 - [MESSAGE][PASSED] - Object: '' is clicked on

2018-11-27 15:40:29 - [TEST_STEP][PASSED] - click: Object: 'Object Repository/Final Object Repo/New Registration - Registration Module Pages/Form 2/DOB Year' is clicked on

2018-11-27 15:40:30 - [MESSAGE][PASSED] - Object: 'Object Repository/Final Object Repo/New Registration - Registration Module Pages/Form 2/DOB Year' is clicked on

2018-11-27 15:40:30 - [TEST_STEP][PASSED] - Statement - Eyearsbf = EighteenYrsBefore: null

2018-11-27 15:40:30 - [TEST_STEP][PASSED] - Statement - selectYear = new com.kms.katalon.core.testobject.TestObject(): null

2018-11-27 15:40:30 - [TEST_STEP][PASSED] - Statement - selectYear.addProperty("xpath", EQUALS, "//div/div/div/select/option[@value='" + Eyearsbf + "']", true): null

2018-11-27 15:40:30 - [TEST_STEP][PASSED] - click: Object: '' is clicked on

2018-11-27 15:40:30 - [MESSAGE][PASSED] - Object: '' is clicked on

2018-11-27 15:40:30 - [TEST_STEP][PASSED] - Statement - UpdatedSelectDate = com.kms.katalon.core.webui.keyword.WebUiBuiltInKeywords.modifyObjectProperty(com.kms.katalon.core.testobject.ObjectRepository.findTestObject(Final Object Repo/New Registration - Registration Module Pages/Form 2/DOB Date), "xpath", "equals", "//body/div/table/tbody/tr/td/a[text()="" + CurrentDate + ""]", true): Modify property of object successfully

2018-11-27 15:40:30 - [MESSAGE][PASSED] - Modify property of object successfully

2018-11-27 15:40:30 - [TEST_STEP][PASSED] - delay: Delayed 3 second(s)

2018-11-27 15:40:33 - [MESSAGE][PASSED] - Delayed 3 second(s)

2018-11-27 15:40:33 - [TEST_STEP][PASSED] - click: Object: 'Object Repository/Final Object Repo/New Registration - Registration Module Pages/Form 2/DOB Date' is clicked on

2018-11-27 15:40:33 - [MESSAGE][PASSED] - Object: 'Object Repository/Final Object Repo/New Registration - Registration Module Pages/Form 2/DOB Date' is clicked on

2018-11-27 15:40:33 - [TEST_STEP][PASSED] - delay: Delayed 2 second(s)

2018-11-27 15:40:35 - [MESSAGE][PASSED] - Delayed 2 second(s)

2018-11-27 15:40:35 - [TEST_STEP][PASSED] - click: Object: 'Object Repository/Final Object Repo/New Registration - Registration Module Pages/Form 2/EmploymentStartDate Pop Up' is clicked on

2018-11-27 15:40:35 - [MESSAGE][PASSED] - Object: 'Object Repository/Final Object Repo/New Registration - Registration Module Pages/Form 2/EmploymentStartDate Pop Up' is clicked on

2018-11-27 15:40:35 - [TEST_STEP][PASSED] - delay: Delayed 2 second(s)

2018-11-27 15:40:37 - [MESSAGE][PASSED] - Delayed 2 second(s)

2018-11-27 15:40:37 - [TEST_STEP][PASSED] - click: Object: 'Object Repository/Final Object Repo/New Registration - Registration Module Pages/Form 2/Socso Employment StartDate Month' is clicked on

2018-11-27 15:40:37 - [MESSAGE][PASSED] - Object: 'Object Repository/Final Object Repo/New Registration - Registration Module Pages/Form 2/Socso Employment StartDate Month' is clicked on

2018-11-27 15:40:37 - [TEST_STEP][PASSED] - delay: Delayed 1 second(s)

2018-11-27 15:40:38 - [MESSAGE][PASSED] - Delayed 1 second(s)

2018-11-27 15:40:38 - [TEST_STEP][PASSED] - click: Object: 'Object Repository/Final Object Repo/New Registration - Registration Module Pages/Form 2/Select Socso Employement Startdate Month' is clicked on

2018-11-27 15:40:38 - [MESSAGE][PASSED] - Object: 'Object Repository/Final Object Repo/New Registration - Registration Module Pages/Form 2/Select Socso Employement Startdate Month' is clicked on

2018-11-27 15:40:38 - [TEST_STEP][PASSED] - delay: Delayed 2 second(s)

2018-11-27 15:40:40 - [MESSAGE][PASSED] - Delayed 2 second(s)

2018-11-27 15:40:40 - [TEST_STEP][PASSED] - click: Object: 'Object Repository/Final Object Repo/New Registration - Registration Module Pages/Form 2/Socso Employment StartDate Year' is clicked on

2018-11-27 15:40:41 - [MESSAGE][PASSED] - Object: 'Object Repository/Final Object Repo/New Registration - Registration Module Pages/Form 2/Socso Employment StartDate Year' is clicked on

2018-11-27 15:40:41 - [TEST_STEP][PASSED] - delay: Delayed 1 second(s)

2018-11-27 15:40:42 - [MESSAGE][PASSED] - Delayed 1 second(s)

2018-11-27 15:40:42 - [TEST_STEP][PASSED] - click: Object: 'Object Repository/Final Object Repo/New Registration - Registration Module Pages/Form 2/Select Socso Employment Startdate Year' is clicked on

2018-11-27 15:40:42 - [MESSAGE][PASSED] - Object: 'Object Repository/Final Object Repo/New Registration - Registration Module Pages/Form 2/Select Socso Employment Startdate Year' is clicked on

2018-11-27 15:40:42 - [TEST_STEP][PASSED] - delay: Delayed 2 second(s)

2018-11-27 15:40:44 - [MESSAGE][PASSED] - Delayed 2 second(s)

2018-11-27 15:40:44 - [TEST_STEP][PASSED] - click: Object: 'Object Repository/Final Object Repo/New Registration - Registration Module Pages/Form 2/Socso Employment Start Date Day' is clicked on

2018-11-27 15:40:44 - [MESSAGE][PASSED] - Object: 'Object Repository/Final Object Repo/New Registration - Registration Module Pages/Form 2/Socso Employment Start Date Day' is clicked on

2018-11-27 15:40:44 - [TEST_STEP][PASSED] - delay: Delayed 2 second(s)

2018-11-27 15:40:46 - [MESSAGE][PASSED] - Delayed 2 second(s)

2018-11-27 15:40:46 - [TEST_STEP][PASSED] - click: Object: 'Object Repository/Final Object Repo/New Registration - Registration Module Pages/Form 2/Save Button for Add Employee' is clicked on

2018-11-27 15:40:46 - [MESSAGE][PASSED] - Object: 'Object Repository/Final Object Repo/New Registration - Registration Module Pages/Form 2/Save Button for Add Employee' is clicked on

2018-11-27 15:40:46 - [TEST_STEP][PASSED] - delay: Delayed 6 second(s)

2018-11-27 15:40:52 - [MESSAGE][PASSED] - Delayed 6 second(s)

2018-11-27 15:40:52 - [TEST_STEP][PASSED] - click: Object: 'Object Repository/Final Object Repo/New Registration - Registration Module Pages/Form 2/Save and Continue Form 2' is clicked on

2018-11-27 15:40:52 - [MESSAGE][PASSED] - Object: 'Object Repository/Final Object Repo/New Registration - Registration Module Pages/Form 2/Save and Continue Form 2' is clicked on

2018-11-27 15:40:52 - [MESSAGE][PASSED] - Call Test Case 'Test Cases/Final Aug 2018 - PKS Automation/Registration Module/New Registration/Form 2/Add 1 Eligible - Employer Account Use' successfully

2018-11-27 15:40:52 - [TEST_STEP][PASSED] - callTestCase: Call Test Case 'Test Cases/Final Aug 2018 - PKS Automation/Registration Module/New Registration/Flow of New Registration/Third Screen - Upload Supporting Doc - Preview' successfully

2018-11-27 15:40:52 - [TEST_CASE][PASSED] - Test Cases/Final Aug 2018 - PKS Automation/Registration Module/New Registration/Flow of New Registration/Third Screen - Upload Supporting Doc - Preview: Test Cases/Final Aug 2018 - PKS Automation/Registration Module/New Registration/Flow of New Registration/Third Screen - Upload Supporting Doc - Preview

2018-11-27 15:40:53 - [TEST_STEP][PASSED] - waitForPageLoad: Wait for page load successfully

2018-11-27 15:40:53 - [MESSAGE][PASSED] - Wait for page load successfully

2018-11-27 15:40:53 - [TEST_STEP][PASSED] - Statement - CaseReferenceNo = com.kms.katalon.core.webui.keyword.WebUiBuiltInKeywords.getText(com.kms.katalon.core.testobject.ObjectRepository.findTestObject(Final Object Repo/New Registration - Registration Module Pages/Third Screen - Upload Supporting Doc- Preview/RefNo Acquiring)): Text of object 'Object Repository/Final Object Repo/New Registration - Registration Module Pages/Third Screen - Upload Supporting Doc- Preview/RefNo Acquiring' is: 'CRN11201800122867'

2018-11-27 15:40:53 - [MESSAGE][PASSED] - Text of object 'Object Repository/Final Object Repo/New Registration - Registration Module Pages/Third Screen - Upload Supporting Doc- Preview/RefNo Acquiring' is: 'CRN11201800122867'

2018-11-27 15:40:53 - [TEST_STEP][PASSED] - delay: Delayed 2 second(s)

2018-11-27 15:40:55 - [MESSAGE][PASSED] - Delayed 2 second(s)

2018-11-27 15:40:55 - [TEST_STEP][PASSED] - callTestCase: Call Test Case 'Test Cases/Final Aug 2018 - PKS Automation/Common/Reference Number Setter' successfully

2018-11-27 15:40:55 - [TEST_CASE][PASSED] - Test Cases/Final Aug 2018 - PKS Automation/Common/Reference Number Setter: Test Cases/Final Aug 2018 - PKS Automation/Common/Reference Number Setter

2018-11-27 15:40:55 - [TEST_STEP][PASSED] - Statement - RefNoOldFile = new java.io.File(C://Users//Admin//Desktop//PKS//Automation Reference Point//KatalonReference.txt): null

2018-11-27 15:40:55 - [TEST_STEP][PASSED] - Statement - RefNoOldFile.delete(): null

2018-11-27 15:40:55 - [TEST_STEP][PASSED] - delay: Delayed 5 second(s)

2018-11-27 15:41:00 - [MESSAGE][PASSED] - Delayed 5 second(s)

2018-11-27 15:41:00 - [TEST_STEP][PASSED] - Statement - RefNo = new java.io.File(C://Users//Admin//Desktop//PKS//Automation Reference Point//KatalonReference.txt): null

2018-11-27 15:41:00 - [TEST_STEP][PASSED] - Statement - f2 = new java.io.FileWriter(RefNo, false): null

2018-11-27 15:41:00 - [TEST_STEP][PASSED] - Statement - f2.write(CaseReferenceNo): null

2018-11-27 15:41:00 - [TEST_STEP][PASSED] - Statement - f2.close(): null

2018-11-27 15:41:00 - [TEST_STEP][PASSED] - Statement - out.println("


" + CaseReferenceNo + "


"): null

2018-11-27 15:41:00 - [MESSAGE][PASSED] - Call Test Case 'Test Cases/Final Aug 2018 - PKS Automation/Common/Reference Number Setter' successfully

2018-11-27 15:41:00 - [TEST_STEP][PASSED] - waitForElementClickable: Object 'Object Repository/Final Object Repo/New Registration - Registration Module Pages/Third Screen - Upload Supporting Doc- Preview/Save n Continue in SIP Employee Listing Page' is clickable

2018-11-27 15:41:00 - [MESSAGE][PASSED] - Object 'Object Repository/Final Object Repo/New Registration - Registration Module Pages/Third Screen - Upload Supporting Doc- Preview/Save n Continue in SIP Employee Listing Page' is clickable

2018-11-27 15:41:00 - [TEST_STEP][PASSED] - click: Object: 'Object Repository/Final Object Repo/New Registration - Registration Module Pages/Third Screen - Upload Supporting Doc- Preview/Save n Continue in SIP Employee Listing Page' is clicked on

2018-11-27 15:41:06 - [MESSAGE][PASSED] - Object: 'Object Repository/Final Object Repo/New Registration - Registration Module Pages/Third Screen - Upload Supporting Doc- Preview/Save n Continue in SIP Employee Listing Page' is clicked on

2018-11-27 15:41:06 - [TEST_STEP][PASSED] - delay: Delayed 7 second(s)

2018-11-27 15:41:13 - [MESSAGE][PASSED] - Delayed 7 second(s)

2018-11-27 15:41:13 - [TEST_STEP][PASSED] - click: Object: 'Object Repository/Final Object Repo/New Registration - Registration Module Pages/Third Screen - Upload Supporting Doc- Preview/Add Document Button' is clicked on

2018-11-27 15:41:13 - [MESSAGE][PASSED] - Object: 'Object Repository/Final Object Repo/New Registration - Registration Module Pages/Third Screen - Upload Supporting Doc- Preview/Add Document Button' is clicked on

2018-11-27 15:41:13 - [TEST_STEP][PASSED] - delay: Delayed 30 second(s)

2018-11-27 15:41:43 - [MESSAGE][PASSED] - Delayed 30 second(s)

2018-11-27 15:41:43 - [TEST_STEP][PASSED] - click: Object: 'Object Repository/Final Object Repo/New Registration - Registration Module Pages/Third Screen - Upload Supporting Doc- Preview/Supporting Doc Please Select Drop Down' is clicked on

2018-11-27 15:41:43 - [MESSAGE][PASSED] - Object: 'Object Repository/Final Object Repo/New Registration - Registration Module Pages/Third Screen - Upload Supporting Doc- Preview/Supporting Doc Please Select Drop Down' is clicked on

2018-11-27 15:41:43 - [TEST_STEP][PASSED] - delay: Delayed 2 second(s)

2018-11-27 15:41:45 - [MESSAGE][PASSED] - Delayed 2 second(s)

2018-11-27 15:41:45 - [TEST_STEP][PASSED] - click: Object: 'Object Repository/Final Object Repo/New Registration - Registration Module Pages/Third Screen - Upload Supporting Doc- Preview/Select to Upload Form 1' is clicked on

2018-11-27 15:41:45 - [MESSAGE][PASSED] - Object: 'Object Repository/Final Object Repo/New Registration - Registration Module Pages/Third Screen - Upload Supporting Doc- Preview/Select to Upload Form 1' is clicked on

2018-11-27 15:41:45 - [TEST_STEP][PASSED] - delay: Delayed 2 second(s)

2018-11-27 15:41:47 - [MESSAGE][PASSED] - Delayed 2 second(s)

2018-11-27 15:41:47 - [TEST_STEP][PASSED] - uploadFile: File 'C:\Users\Public\Pictures\Sample Pictures\Koala.jpg' sent to object: 'Object Repository/Final Object Repo/New Registration - Registration Module Pages/Third Screen - Upload Supporting Doc- Preview/Upload File Adding'

2018-11-27 15:41:48 - [MESSAGE][PASSED] - File 'C:\Users\Public\Pictures\Sample Pictures\Koala.jpg' sent to object: 'Object Repository/Final Object Repo/New Registration - Registration Module Pages/Third Screen - Upload Supporting Doc- Preview/Upload File Adding'

2018-11-27 15:41:48 - [TEST_STEP][PASSED] - delay: Delayed 5 second(s)

2018-11-27 15:41:53 - [MESSAGE][PASSED] - Delayed 5 second(s)

2018-11-27 15:41:53 - [TEST_STEP][PASSED] - click: Object: 'Object Repository/Final Object Repo/New Registration - Registration Module Pages/Third Screen - Upload Supporting Doc- Preview/Inner Form Add Document Button' is clicked on

2018-11-27 15:41:53 - [MESSAGE][PASSED] - Object: 'Object Repository/Final Object Repo/New Registration - Registration Module Pages/Third Screen - Upload Supporting Doc- Preview/Inner Form Add Document Button' is clicked on

2018-11-27 15:41:53 - [TEST_STEP][PASSED] - delay: Delayed 3 second(s)

2018-11-27 15:41:56 - [MESSAGE][PASSED] - Delayed 3 second(s)

2018-11-27 15:41:56 - [TEST_STEP][PASSED] - click: Object: 'Object Repository/Final Object Repo/New Registration - Registration Module Pages/Third Screen - Upload Supporting Doc- Preview/Add Document Button' is clicked on

2018-11-27 15:41:57 - [MESSAGE][PASSED] - Object: 'Object Repository/Final Object Repo/New Registration - Registration Module Pages/Third Screen - Upload Supporting Doc- Preview/Add Document Button' is clicked on

2018-11-27 15:41:57 - [TEST_STEP][PASSED] - delay: Delayed 30 second(s)

2018-11-27 15:42:27 - [MESSAGE][PASSED] - Delayed 30 second(s)

2018-11-27 15:42:27 - [TEST_STEP][PASSED] - click: Object: 'Object Repository/Final Object Repo/New Registration - Registration Module Pages/Third Screen - Upload Supporting Doc- Preview/Supporting Doc Please Select Drop Down' is clicked on

2018-11-27 15:42:27 - [MESSAGE][PASSED] - Object: 'Object Repository/Final Object Repo/New Registration - Registration Module Pages/Third Screen - Upload Supporting Doc- Preview/Supporting Doc Please Select Drop Down' is clicked on

2018-11-27 15:42:27 - [TEST_STEP][PASSED] - delay: Delayed 2 second(s)

2018-11-27 15:42:29 - [MESSAGE][PASSED] - Delayed 2 second(s)

2018-11-27 15:42:29 - [TEST_STEP][PASSED] - click: Object: 'Object Repository/Final Object Repo/New Registration - Registration Module Pages/Third Screen - Upload Supporting Doc- Preview/Select to Upload Form 2' is clicked on

2018-11-27 15:42:30 - [MESSAGE][PASSED] - Object: 'Object Repository/Final Object Repo/New Registration - Registration Module Pages/Third Screen - Upload Supporting Doc- Preview/Select to Upload Form 2' is clicked on

2018-11-27 15:42:30 - [TEST_STEP][PASSED] - delay: Delayed 2 second(s)

2018-11-27 15:42:32 - [MESSAGE][PASSED] - Delayed 2 second(s)

2018-11-27 15:42:32 - [TEST_STEP][PASSED] - uploadFile: File 'C:\Users\Public\Pictures\Sample Pictures\Koala.jpg' sent to object: 'Object Repository/Final Object Repo/New Registration - Registration Module Pages/Third Screen - Upload Supporting Doc- Preview/Upload File Adding'

2018-11-27 15:42:32 - [MESSAGE][PASSED] - File 'C:\Users\Public\Pictures\Sample Pictures\Koala.jpg' sent to object: 'Object Repository/Final Object Repo/New Registration - Registration Module Pages/Third Screen - Upload Supporting Doc- Preview/Upload File Adding'

2018-11-27 15:42:32 - [TEST_STEP][PASSED] - click: Object: 'Object Repository/Final Object Repo/New Registration - Registration Module Pages/Third Screen - Upload Supporting Doc- Preview/Inner Form Add Document Button' is clicked on

2018-11-27 15:42:32 - [MESSAGE][PASSED] - Object: 'Object Repository/Final Object Repo/New Registration - Registration Module Pages/Third Screen - Upload Supporting Doc- Preview/Inner Form Add Document Button' is clicked on

2018-11-27 15:42:32 - [TEST_STEP][PASSED] - delay: Delayed 5 second(s)

2018-11-27 15:42:37 - [MESSAGE][PASSED] - Delayed 5 second(s)

2018-11-27 15:42:37 - [TEST_STEP][PASSED] - click: Object: 'Object Repository/Final Object Repo/New Registration - Registration Module Pages/Third Screen - Upload Supporting Doc- Preview/Add Document Button' is clicked on

2018-11-27 15:42:37 - [MESSAGE][PASSED] - Object: 'Object Repository/Final Object Repo/New Registration - Registration Module Pages/Third Screen - Upload Supporting Doc- Preview/Add Document Button' is clicked on

2018-11-27 15:42:37 - [TEST_STEP][PASSED] - delay: Delayed 30 second(s)

2018-11-27 15:43:07 - [MESSAGE][PASSED] - Delayed 30 second(s)

2018-11-27 15:43:07 - [TEST_STEP][PASSED] - click: Object: 'Object Repository/Final Object Repo/New Registration - Registration Module Pages/Third Screen - Upload Supporting Doc- Preview/Supporting Doc Please Select Drop Down' is clicked on

2018-11-27 15:43:07 - [MESSAGE][PASSED] - Object: 'Object Repository/Final Object Repo/New Registration - Registration Module Pages/Third Screen - Upload Supporting Doc- Preview/Supporting Doc Please Select Drop Down' is clicked on

2018-11-27 15:43:07 - [TEST_STEP][PASSED] - click: Object: 'Object Repository/Final Object Repo/New Registration - Registration Module Pages/Third Screen - Upload Supporting Doc- Preview/Select to Upload Borang SIP 1' is clicked on

2018-11-27 15:43:08 - [MESSAGE][PASSED] - Object: 'Object Repository/Final Object Repo/New Registration - Registration Module Pages/Third Screen - Upload Supporting Doc- Preview/Select to Upload Borang SIP 1' is clicked on

2018-11-27 15:43:08 - [TEST_STEP][PASSED] - delay: Delayed 2 second(s)

2018-11-27 15:43:10 - [MESSAGE][PASSED] - Delayed 2 second(s)

2018-11-27 15:43:10 - [TEST_STEP][PASSED] - uploadFile: File 'C:\Users\Public\Pictures\Sample Pictures\Koala.jpg' sent to object: 'Object Repository/Final Object Repo/New Registration - Registration Module Pages/Third Screen - Upload Supporting Doc- Preview/Upload File Adding'

2018-11-27 15:43:10 - [MESSAGE][PASSED] - File 'C:\Users\Public\Pictures\Sample Pictures\Koala.jpg' sent to object: 'Object Repository/Final Object Repo/New Registration - Registration Module Pages/Third Screen - Upload Supporting Doc- Preview/Upload File Adding'

2018-11-27 15:43:10 - [TEST_STEP][PASSED] - click: Object: 'Object Repository/Final Object Repo/New Registration - Registration Module Pages/Third Screen - Upload Supporting Doc- Preview/Inner Form Add Document Button' is clicked on

2018-11-27 15:43:10 - [MESSAGE][PASSED] - Object: 'Object Repository/Final Object Repo/New Registration - Registration Module Pages/Third Screen - Upload Supporting Doc- Preview/Inner Form Add Document Button' is clicked on

2018-11-27 15:43:10 - [TEST_STEP][PASSED] - delay: Delayed 5 second(s)

2018-11-27 15:43:15 - [MESSAGE][PASSED] - Delayed 5 second(s)

2018-11-27 15:43:15 - [TEST_STEP][PASSED] - click: Object: 'Object Repository/Final Object Repo/New Registration - Registration Module Pages/Third Screen - Upload Supporting Doc- Preview/Add Document Button' is clicked on

2018-11-27 15:43:15 - [MESSAGE][PASSED] - Object: 'Object Repository/Final Object Repo/New Registration - Registration Module Pages/Third Screen - Upload Supporting Doc- Preview/Add Document Button' is clicked on

2018-11-27 15:43:15 - [TEST_STEP][PASSED] - delay: Delayed 30 second(s)

2018-11-27 15:43:45 - [MESSAGE][PASSED] - Delayed 30 second(s)

2018-11-27 15:43:45 - [TEST_STEP][PASSED] - click: Object: 'Object Repository/Final Object Repo/New Registration - Registration Module Pages/Third Screen - Upload Supporting Doc- Preview/Supporting Doc Please Select Drop Down' is clicked on

2018-11-27 15:43:45 - [MESSAGE][PASSED] - Object: 'Object Repository/Final Object Repo/New Registration - Registration Module Pages/Third Screen - Upload Supporting Doc- Preview/Supporting Doc Please Select Drop Down' is clicked on

2018-11-27 15:43:45 - [TEST_STEP][PASSED] - delay: Delayed 3 second(s)

2018-11-27 15:43:48 - [MESSAGE][PASSED] - Delayed 3 second(s)

2018-11-27 15:43:48 - [TEST_STEP][PASSED] - click: Object: 'Object Repository/Final Object Repo/New Registration - Registration Module Pages/Third Screen - Upload Supporting Doc- Preview/Select to Upload Borang SIP 2' is clicked on

2018-11-27 15:43:48 - [MESSAGE][PASSED] - Object: 'Object Repository/Final Object Repo/New Registration - Registration Module Pages/Third Screen - Upload Supporting Doc- Preview/Select to Upload Borang SIP 2' is clicked on

2018-11-27 15:43:48 - [TEST_STEP][PASSED] - delay: Delayed 2 second(s)

2018-11-27 15:43:50 - [MESSAGE][PASSED] - Delayed 2 second(s)

2018-11-27 15:43:50 - [TEST_STEP][PASSED] - uploadFile: File 'C:\Users\Public\Pictures\Sample Pictures\Koala.jpg' sent to object: 'Object Repository/Final Object Repo/New Registration - Registration Module Pages/Third Screen - Upload Supporting Doc- Preview/Upload File Adding'

2018-11-27 15:43:50 - [MESSAGE][PASSED] - File 'C:\Users\Public\Pictures\Sample Pictures\Koala.jpg' sent to object: 'Object Repository/Final Object Repo/New Registration - Registration Module Pages/Third Screen - Upload Supporting Doc- Preview/Upload File Adding'

2018-11-27 15:43:50 - [TEST_STEP][PASSED] - delay: Delayed 5 second(s)

2018-11-27 15:43:55 - [MESSAGE][PASSED] - Delayed 5 second(s)

2018-11-27 15:43:55 - [TEST_STEP][PASSED] - click: Object: 'Object Repository/Final Object Repo/New Registration - Registration Module Pages/Third Screen - Upload Supporting Doc- Preview/Inner Form Add Document Button' is clicked on

2018-11-27 15:43:56 - [MESSAGE][PASSED] - Object: 'Object Repository/Final Object Repo/New Registration - Registration Module Pages/Third Screen - Upload Supporting Doc- Preview/Inner Form Add Document Button' is clicked on

2018-11-27 15:43:56 - [TEST_STEP][PASSED] - delay: Delayed 3 second(s)

2018-11-27 15:43:59 - [MESSAGE][PASSED] - Delayed 3 second(s)

2018-11-27 15:43:59 - [TEST_STEP][PASSED] - waitForElementClickable: Object 'Object Repository/Final Object Repo/New Registration - Registration Module Pages/Third Screen - Upload Supporting Doc- Preview/Save n Continue in Uploading Supporting Doc Page' is clickable

2018-11-27 15:44:00 - [MESSAGE][PASSED] - Object 'Object Repository/Final Object Repo/New Registration - Registration Module Pages/Third Screen - Upload Supporting Doc- Preview/Save n Continue in Uploading Supporting Doc Page' is clickable

2018-11-27 15:44:00 - [TEST_STEP][PASSED] - click: Object: 'Object Repository/Final Object Repo/New Registration - Registration Module Pages/Third Screen - Upload Supporting Doc- Preview/Save n Continue in Uploading Supporting Doc Page' is clicked on

2018-11-27 15:44:00 - [MESSAGE][PASSED] - Object: 'Object Repository/Final Object Repo/New Registration - Registration Module Pages/Third Screen - Upload Supporting Doc- Preview/Save n Continue in Uploading Supporting Doc Page' is clicked on

2018-11-27 15:44:00 - [MESSAGE][PASSED] - Call Test Case 'Test Cases/Final Aug 2018 - PKS Automation/Registration Module/New Registration/Flow of New Registration/Third Screen - Upload Supporting Doc - Preview' successfully

2018-11-27 15:44:00 - [TEST_STEP][PASSED] - setText: Text 'Tester' is set on object 'Object Repository/Final Object Repo/New Registration - Registration Module Pages/New Reg - OTC to RO/Special Case - All Related Objects/Employer Preview Name'

2018-11-27 15:44:05 - [MESSAGE][PASSED] - Text 'Tester' is set on object 'Object Repository/Final Object Repo/New Registration - Registration Module Pages/New Reg - OTC to RO/Special Case - All Related Objects/Employer Preview Name'

2018-11-27 15:44:05 - [TEST_STEP][PASSED] - click: Object: 'Object Repository/Final Object Repo/New Registration - Registration Module Pages/New Reg - OTC to RO/Special Case - All Related Objects/IC Type Drop Down' is clicked on

2018-11-27 15:44:06 - [MESSAGE][PASSED] - Object: 'Object Repository/Final Object Repo/New Registration - Registration Module Pages/New Reg - OTC to RO/Special Case - All Related Objects/IC Type Drop Down' is clicked on

2018-11-27 15:44:06 - [TEST_STEP][PASSED] - click: Object: 'Object Repository/Final Object Repo/New Registration - Registration Module Pages/New Reg - OTC to RO/Special Case - All Related Objects/Select to NRIC' is clicked on

2018-11-27 15:44:06 - [MESSAGE][PASSED] - Object: 'Object Repository/Final Object Repo/New Registration - Registration Module Pages/New Reg - OTC to RO/Special Case - All Related Objects/Select to NRIC' is clicked on

2018-11-27 15:44:06 - [TEST_STEP][PASSED] - setText: Text '133245561223' is set on object 'Object Repository/Final Object Repo/New Registration - Registration Module Pages/New Reg - OTC to RO/Special Case - All Related Objects/IC Value'

2018-11-27 15:44:06 - [MESSAGE][PASSED] - Text '133245561223' is set on object 'Object Repository/Final Object Repo/New Registration - Registration Module Pages/New Reg - OTC to RO/Special Case - All Related Objects/IC Value'

2018-11-27 15:44:06 - [TEST_STEP][PASSED] - setText: Text 'Auto' is set on object 'Object Repository/Final Object Repo/New Registration - Registration Module Pages/New Reg - OTC to RO/Special Case - All Related Objects/Designation'

2018-11-27 15:44:06 - [MESSAGE][PASSED] - Text 'Auto' is set on object 'Object Repository/Final Object Repo/New Registration - Registration Module Pages/New Reg - OTC to RO/Special Case - All Related Objects/Designation'

2018-11-27 15:44:06 - [TEST_STEP][PASSED] - callTestCase: Call Test Case 'Test Cases/Final Aug 2018 - PKS Automation/Registration Module/New Registration/Submit and Screenshot/Submit Registration and Screenshot - Copy' successfully

2018-11-27 15:44:06 - [TEST_CASE][PASSED] - Test Cases/Final Aug 2018 - PKS Automation/Registration Module/New Registration/Submit and Screenshot/Submit Registration and Screenshot - Copy: Test Cases/Final Aug 2018 - PKS Automation/Registration Module/New Registration/Submit and Screenshot/Submit Registration and Screenshot - Copy

2018-11-27 15:44:07 - [TEST_STEP][PASSED] - delay: Delayed 6 second(s)

2018-11-27 15:44:13 - [MESSAGE][PASSED] - Delayed 6 second(s)

2018-11-27 15:44:13 - [TEST_STEP][PASSED] - click: Object: 'Object Repository/Final Object Repo/New Registration - Registration Module Pages/Third Screen - Upload Supporting Doc- Preview/Preview Submit Button' is clicked on

2018-11-27 15:44:13 - [MESSAGE][PASSED] - Object: 'Object Repository/Final Object Repo/New Registration - Registration Module Pages/Third Screen - Upload Supporting Doc- Preview/Preview Submit Button' is clicked on

2018-11-27 15:44:13 - [TEST_STEP][PASSED] - delay: Delayed 2 second(s)

2018-11-27 15:44:15 - [MESSAGE][PASSED] - Delayed 2 second(s)

2018-11-27 15:44:15 - [TEST_STEP][PASSED] - click: Object: 'Object Repository/Final Object Repo/New Registration - Registration Module Pages/Third Screen - Upload Supporting Doc- Preview/Preview Submit - Confirm' is clicked on

2018-11-27 15:44:15 - [MESSAGE][PASSED] - Object: 'Object Repository/Final Object Repo/New Registration - Registration Module Pages/Third Screen - Upload Supporting Doc- Preview/Preview Submit - Confirm' is clicked on

2018-11-27 15:44:15 - [TEST_STEP][PASSED] - delay: Delayed 15 second(s)

2018-11-27 15:44:30 - [MESSAGE][PASSED] - Delayed 15 second(s)

2018-11-27 15:44:30 - [TEST_STEP][PASSED] - Statement - driver = com.kms.katalon.core.webui.driver.DriverFactory.getWebDriver(): null

2018-11-27 15:44:30 - [TEST_STEP][PASSED] - Statement - driver.manage().timeouts().implicitlyWait(10, SECONDS): null

2018-11-27 15:44:30 - [TEST_STEP][PASSED] - Statement - PresavePath = KatalonScreenshots: null

2018-11-27 15:44:30 - [TEST_STEP][PASSED] - Statement - pathPrefix = "C:\Users\Public\Pictures\Sample Pictures\Katalon Screenshots\Automate Ending Screen": null

2018-11-27 15:44:30 - [TEST_STEP][PASSED] - Statement - finalPath = <not implemented yet for class: org.codehaus.groovy.ast.expr.EmptyExpression>: null

2018-11-27 15:44:30 - [TEST_STEP][PASSED] - Statement - scrFile = driver.getScreenshotAs(FILE): null

2018-11-27 15:44:30 - [TEST_STEP][PASSED] - Statement - PreSaveFile = new java.io.File(PresavePath): null

2018-11-27 15:44:30 - [TEST_STEP][PASSED] - Statement - counter = 0: null

2018-11-27 15:44:30 - [TEST_STEP][PASSED] - Statement - If (PreSaveFile.exists()): null

2018-11-27 15:44:30 - [TEST_STEP][PASSED] - Statement - While (PreSaveFile.exists()): null

2018-11-27 15:44:30 - [TEST_STEP][PASSED] - Statement - counter = counter + 1: null

2018-11-27 15:44:30 - [TEST_STEP][PASSED] - Statement - PreSaveFile = new java.io.File(((pathPrefix + java.lang.Integer.toString(counter)) + .png)): null

2018-11-27 15:44:30 - [TEST_STEP][PASSED] - Statement - counter = counter + 1: null

2018-11-27 15:44:30 - [TEST_STEP][PASSED] - Statement - PreSaveFile = new java.io.File(((pathPrefix + java.lang.Integer.toString(counter)) + .png)): null

2018-11-27 15:44:30 - [TEST_STEP][PASSED] - Statement - counter = counter + 1: null

2018-11-27 15:44:30 - [TEST_STEP][PASSED] - Statement - PreSaveFile = new java.io.File(((pathPrefix + java.lang.Integer.toString(counter)) + .png)): null

2018-11-27 15:44:30 - [TEST_STEP][PASSED] - Statement - counter = counter + 1: null

2018-11-27 15:44:30 - [TEST_STEP][PASSED] - Statement - PreSaveFile = new java.io.File(((pathPrefix + java.lang.Integer.toString(counter)) + .png)): null

2018-11-27 15:44:30 - [TEST_STEP][PASSED] - Statement - counter = counter + 1: null

2018-11-27 15:44:30 - [TEST_STEP][PASSED] - Statement - PreSaveFile = new java.io.File(((pathPrefix + java.lang.Integer.toString(counter)) + .png)): null

2018-11-27 15:44:30 - [TEST_STEP][PASSED] - Statement - counter = counter + 1: null

2018-11-27 15:44:30 - [TEST_STEP][PASSED] - Statement - PreSaveFile = new java.io.File(((pathPrefix + java.lang.Integer.toString(counter)) + .png)): null

2018-11-27 15:44:30 - [TEST_STEP][PASSED] - Statement - counter = counter + 1: null

2018-11-27 15:44:30 - [TEST_STEP][PASSED] - Statement - PreSaveFile = new java.io.File(((pathPrefix + java.lang.Integer.toString(counter)) + .png)): null

2018-11-27 15:44:30 - [TEST_STEP][PASSED] - Statement - counter = counter + 1: null

2018-11-27 15:44:30 - [TEST_STEP][PASSED] - Statement - PreSaveFile = new java.io.File(((pathPrefix + java.lang.Integer.toString(counter)) + .png)): null

2018-11-27 15:44:30 - [TEST_STEP][PASSED] - Statement - counter = counter + 1: null

2018-11-27 15:44:30 - [TEST_STEP][PASSED] - Statement - PreSaveFile = new java.io.File(((pathPrefix + java.lang.Integer.toString(counter)) + .png)): null

2018-11-27 15:44:30 - [TEST_STEP][PASSED] - Statement - counter = counter + 1: null

2018-11-27 15:44:30 - [TEST_STEP][PASSED] - Statement - PreSaveFile = new java.io.File(((pathPrefix + java.lang.Integer.toString(counter)) + .png)): null

2018-11-27 15:44:30 - [TEST_STEP][PASSED] - Statement - counter = counter + 1: null

2018-11-27 15:44:30 - [TEST_STEP][PASSED] - Statement - PreSaveFile = new java.io.File(((pathPrefix + java.lang.Integer.toString(counter)) + .png)): null

2018-11-27 15:44:30 - [TEST_STEP][PASSED] - Statement - counter = counter + 1: null

2018-11-27 15:44:30 - [TEST_STEP][PASSED] - Statement - PreSaveFile = new java.io.File(((pathPrefix + java.lang.Integer.toString(counter)) + .png)): null

2018-11-27 15:44:30 - [TEST_STEP][PASSED] - Statement - counter = counter + 1: null

2018-11-27 15:44:30 - [TEST_STEP][PASSED] - Statement - PreSaveFile = new java.io.File(((pathPrefix + java.lang.Integer.toString(counter)) + .png)): null

2018-11-27 15:44:30 - [TEST_STEP][PASSED] - Statement - counter = counter + 1: null

2018-11-27 15:44:30 - [TEST_STEP][PASSED] - Statement - PreSaveFile = new java.io.File(((pathPrefix + java.lang.Integer.toString(counter)) + .png)): null

2018-11-27 15:44:30 - [TEST_STEP][PASSED] - Statement - counter = counter + 1: null

2018-11-27 15:44:30 - [TEST_STEP][PASSED] - Statement - PreSaveFile = new java.io.File(((pathPrefix + java.lang.Integer.toString(counter)) + .png)): null

2018-11-27 15:44:30 - [TEST_STEP][PASSED] - Statement - counter = counter + 1: null

2018-11-27 15:44:30 - [TEST_STEP][PASSED] - Statement - PreSaveFile = new java.io.File(((pathPrefix + java.lang.Integer.toString(counter)) + .png)): null

2018-11-27 15:44:30 - [TEST_STEP][PASSED] - Statement - counter = counter + 1: null

2018-11-27 15:44:30 - [TEST_STEP][PASSED] - Statement - PreSaveFile = new java.io.File(((pathPrefix + java.lang.Integer.toString(counter)) + .png)): null

2018-11-27 15:44:30 - [TEST_STEP][PASSED] - Statement - counter = counter + 1: null

2018-11-27 15:44:30 - [TEST_STEP][PASSED] - Statement - PreSaveFile = new java.io.File(((pathPrefix + java.lang.Integer.toString(counter)) + .png)): null

2018-11-27 15:44:30 - [TEST_STEP][PASSED] - Statement - counter = counter + 1: null

2018-11-27 15:44:30 - [TEST_STEP][PASSED] - Statement - PreSaveFile = new java.io.File(((pathPrefix + java.lang.Integer.toString(counter)) + .png)): null

2018-11-27 15:44:30 - [TEST_STEP][PASSED] - Statement - counter = counter + 1: null

2018-11-27 15:44:30 - [TEST_STEP][PASSED] - Statement - PreSaveFile = new java.io.File(((pathPrefix + java.lang.Integer.toString(counter)) + .png)): null

2018-11-27 15:44:30 - [TEST_STEP][PASSED] - Statement - counter = counter + 1: null

2018-11-27 15:44:30 - [TEST_STEP][PASSED] - Statement - PreSaveFile = new java.io.File(((pathPrefix + java.lang.Integer.toString(counter)) + .png)): null

2018-11-27 15:44:30 - [TEST_STEP][PASSED] - Statement - counter = counter + 1: null

2018-11-27 15:44:30 - [TEST_STEP][PASSED] - Statement - PreSaveFile = new java.io.File(((pathPrefix + java.lang.Integer.toString(counter)) + .png)): null

2018-11-27 15:44:30 - [TEST_STEP][PASSED] - Statement - counter = counter + 1: null

2018-11-27 15:44:30 - [TEST_STEP][PASSED] - Statement - PreSaveFile = new java.io.File(((pathPrefix + java.lang.Integer.toString(counter)) + .png)): null

2018-11-27 15:44:30 - [TEST_STEP][PASSED] - Statement - counter = counter + 1: null

2018-11-27 15:44:30 - [TEST_STEP][PASSED] - Statement - PreSaveFile = new java.io.File(((pathPrefix + java.lang.Integer.toString(counter)) + .png)): null

2018-11-27 15:44:30 - [TEST_STEP][PASSED] - Statement - counter = counter + 1: null

2018-11-27 15:44:30 - [TEST_STEP][PASSED] - Statement - PreSaveFile = new java.io.File(((pathPrefix + java.lang.Integer.toString(counter)) + .png)): null

2018-11-27 15:44:30 - [TEST_STEP][PASSED] - Statement - counter = counter + 1: null

2018-11-27 15:44:30 - [TEST_STEP][PASSED] - Statement - PreSaveFile = new java.io.File(((pathPrefix + java.lang.Integer.toString(counter)) + .png)): null

2018-11-27 15:44:30 - [TEST_STEP][PASSED] - Statement - counter = counter + 1: null

2018-11-27 15:44:30 - [TEST_STEP][PASSED] - Statement - PreSaveFile = new java.io.File(((pathPrefix + java.lang.Integer.toString(counter)) + .png)): null

2018-11-27 15:44:30 - [TEST_STEP][PASSED] - Statement - counter = counter + 1: null

2018-11-27 15:44:30 - [TEST_STEP][PASSED] - Statement - PreSaveFile = new java.io.File(((pathPrefix + java.lang.Integer.toString(counter)) + .png)): null

2018-11-27 15:44:30 - [TEST_STEP][PASSED] - Statement - counter = counter + 1: null

2018-11-27 15:44:30 - [TEST_STEP][PASSED] - Statement - PreSaveFile = new java.io.File(((pathPrefix + java.lang.Integer.toString(counter)) + .png)): null

2018-11-27 15:44:30 - [TEST_STEP][PASSED] - Statement - counter = counter + 1: null

2018-11-27 15:44:30 - [TEST_STEP][PASSED] - Statement - PreSaveFile = new java.io.File(((pathPrefix + java.lang.Integer.toString(counter)) + .png)): null

2018-11-27 15:44:30 - [TEST_STEP][PASSED] - Statement - counter = counter + 1: null

2018-11-27 15:44:30 - [TEST_STEP][PASSED] - Statement - PreSaveFile = new java.io.File(((pathPrefix + java.lang.Integer.toString(counter)) + .png)): null

2018-11-27 15:44:30 - [TEST_STEP][PASSED] - Statement - counter = counter + 1: null

2018-11-27 15:44:30 - [TEST_STEP][PASSED] - Statement - PreSaveFile = new java.io.File(((pathPrefix + java.lang.Integer.toString(counter)) + .png)): null

2018-11-27 15:44:30 - [TEST_STEP][PASSED] - Statement - counter = counter + 1: null

2018-11-27 15:44:30 - [TEST_STEP][PASSED] - Statement - PreSaveFile = new java.io.File(((pathPrefix + java.lang.Integer.toString(counter)) + .png)): null

2018-11-27 15:44:31 - [TEST_STEP][PASSED] - Statement - counter = counter + 1: null

2018-11-27 15:44:31 - [TEST_STEP][PASSED] - Statement - PreSaveFile = new java.io.File(((pathPrefix + java.lang.Integer.toString(counter)) + .png)): null

2018-11-27 15:44:31 - [TEST_STEP][PASSED] - Statement - counter = counter + 1: null

2018-11-27 15:44:31 - [TEST_STEP][PASSED] - Statement - PreSaveFile = new java.io.File(((pathPrefix + java.lang.Integer.toString(counter)) + .png)): null

2018-11-27 15:44:31 - [TEST_STEP][PASSED] - Statement - counter = counter + 1: null

2018-11-27 15:44:31 - [TEST_STEP][PASSED] - Statement - PreSaveFile = new java.io.File(((pathPrefix + java.lang.Integer.toString(counter)) + .png)): null

2018-11-27 15:44:31 - [TEST_STEP][PASSED] - Statement - counter = counter + 1: null

2018-11-27 15:44:31 - [TEST_STEP][PASSED] - Statement - PreSaveFile = new java.io.File(((pathPrefix + java.lang.Integer.toString(counter)) + .png)): null

2018-11-27 15:44:31 - [TEST_STEP][PASSED] - Statement - counter = counter + 1: null

2018-11-27 15:44:31 - [TEST_STEP][PASSED] - Statement - PreSaveFile = new java.io.File(((pathPrefix + java.lang.Integer.toString(counter)) + .png)): null

2018-11-27 15:44:31 - [TEST_STEP][PASSED] - Statement - counter = counter + 1: null

2018-11-27 15:44:31 - [TEST_STEP][PASSED] - Statement - PreSaveFile = new java.io.File(((pathPrefix + java.lang.Integer.toString(counter)) + .png)): null

2018-11-27 15:44:31 - [TEST_STEP][PASSED] - Statement - counter = counter + 1: null

2018-11-27 15:44:31 - [TEST_STEP][PASSED] - Statement - PreSaveFile = new java.io.File(((pathPrefix + java.lang.Integer.toString(counter)) + .png)): null

2018-11-27 15:44:31 - [TEST_STEP][PASSED] - Statement - counter = counter + 1: null

2018-11-27 15:44:31 - [TEST_STEP][PASSED] - Statement - PreSaveFile = new java.io.File(((pathPrefix + java.lang.Integer.toString(counter)) + .png)): null

2018-11-27 15:44:31 - [TEST_STEP][PASSED] - Statement - counter = counter + 1: null

2018-11-27 15:44:31 - [TEST_STEP][PASSED] - Statement - PreSaveFile = new java.io.File(((pathPrefix + java.lang.Integer.toString(counter)) + .png)): null

2018-11-27 15:44:31 - [TEST_STEP][PASSED] - Statement - counter = counter + 1: null

2018-11-27 15:44:31 - [TEST_STEP][PASSED] - Statement - PreSaveFile = new java.io.File(((pathPrefix + java.lang.Integer.toString(counter)) + .png)): null

2018-11-27 15:44:31 - [TEST_STEP][PASSED] - Statement - counter = counter + 1: null

2018-11-27 15:44:31 - [TEST_STEP][PASSED] - Statement - PreSaveFile = new java.io.File(((pathPrefix + java.lang.Integer.toString(counter)) + .png)): null

2018-11-27 15:44:31 - [TEST_STEP][PASSED] - Statement - counter = counter + 1: null

2018-11-27 15:44:31 - [TEST_STEP][PASSED] - Statement - PreSaveFile = new java.io.File(((pathPrefix + java.lang.Integer.toString(counter)) + .png)): null

2018-11-27 15:44:31 - [TEST_STEP][PASSED] - Statement - counter = counter + 1: null

2018-11-27 15:44:31 - [TEST_STEP][PASSED] - Statement - PreSaveFile = new java.io.File(((pathPrefix + java.lang.Integer.toString(counter)) + .png)): null

2018-11-27 15:44:31 - [TEST_STEP][PASSED] - Statement - counter = counter + 1: null

2018-11-27 15:44:31 - [TEST_STEP][PASSED] - Statement - PreSaveFile = new java.io.File(((pathPrefix + java.lang.Integer.toString(counter)) + .png)): null

2018-11-27 15:44:31 - [TEST_STEP][PASSED] - Statement - counter = counter + 1: null

2018-11-27 15:44:31 - [TEST_STEP][PASSED] - Statement - PreSaveFile = new java.io.File(((pathPrefix + java.lang.Integer.toString(counter)) + .png)): null

2018-11-27 15:44:31 - [TEST_STEP][PASSED] - Statement - counter = counter + 1: null

2018-11-27 15:44:31 - [TEST_STEP][PASSED] - Statement - PreSaveFile = new java.io.File(((pathPrefix + java.lang.Integer.toString(counter)) + .png)): null

2018-11-27 15:44:31 - [TEST_STEP][PASSED] - Statement - counter = counter + 1: null

2018-11-27 15:44:31 - [TEST_STEP][PASSED] - Statement - PreSaveFile = new java.io.File(((pathPrefix + java.lang.Integer.toString(counter)) + .png)): null

2018-11-27 15:44:31 - [TEST_STEP][PASSED] - Statement - counter = counter + 1: null

2018-11-27 15:44:31 - [TEST_STEP][PASSED] - Statement - PreSaveFile = new java.io.File(((pathPrefix + java.lang.Integer.toString(counter)) + .png)): null

2018-11-27 15:44:31 - [TEST_STEP][PASSED] - Statement - counter = counter + 1: null

2018-11-27 15:44:31 - [TEST_STEP][PASSED] - Statement - PreSaveFile = new java.io.File(((pathPrefix + java.lang.Integer.toString(counter)) + .png)): null

2018-11-27 15:44:31 - [TEST_STEP][PASSED] - Statement - counter = counter + 1: null

2018-11-27 15:44:31 - [TEST_STEP][PASSED] - Statement - PreSaveFile = new java.io.File(((pathPrefix + java.lang.Integer.toString(counter)) + .png)): null

2018-11-27 15:44:31 - [TEST_STEP][PASSED] - Statement - counter = counter + 1: null

2018-11-27 15:44:31 - [TEST_STEP][PASSED] - Statement - PreSaveFile = new java.io.File(((pathPrefix + java.lang.Integer.toString(counter)) + .png)): null

2018-11-27 15:44:31 - [TEST_STEP][PASSED] - Statement - counter = counter + 1: null

2018-11-27 15:44:31 - [TEST_STEP][PASSED] - Statement - PreSaveFile = new java.io.File(((pathPrefix + java.lang.Integer.toString(counter)) + .png)): null

2018-11-27 15:44:31 - [TEST_STEP][PASSED] - Statement - counter = counter + 1: null

2018-11-27 15:44:31 - [TEST_STEP][PASSED] - Statement - PreSaveFile = new java.io.File(((pathPrefix + java.lang.Integer.toString(counter)) + .png)): null

2018-11-27 15:44:31 - [TEST_STEP][PASSED] - Statement - counter = counter + 1: null

2018-11-27 15:44:31 - [TEST_STEP][PASSED] - Statement - PreSaveFile = new java.io.File(((pathPrefix + java.lang.Integer.toString(counter)) + .png)): null

2018-11-27 15:44:31 - [TEST_STEP][PASSED] - Statement - counter = counter + 1: null

2018-11-27 15:44:31 - [TEST_STEP][PASSED] - Statement - PreSaveFile = new java.io.File(((pathPrefix + java.lang.Integer.toString(counter)) + .png)): null

2018-11-27 15:44:31 - [TEST_STEP][PASSED] - Statement - counter = counter + 1: null

2018-11-27 15:44:31 - [TEST_STEP][PASSED] - Statement - PreSaveFile = new java.io.File(((pathPrefix + java.lang.Integer.toString(counter)) + .png)): null

2018-11-27 15:44:31 - [TEST_STEP][PASSED] - Statement - counter = counter + 1: null

2018-11-27 15:44:31 - [TEST_STEP][PASSED] - Statement - PreSaveFile = new java.io.File(((pathPrefix + java.lang.Integer.toString(counter)) + .png)): null

2018-11-27 15:44:31 - [TEST_STEP][PASSED] - Statement - counter = counter + 1: null

2018-11-27 15:44:31 - [TEST_STEP][PASSED] - Statement - PreSaveFile = new java.io.File(((pathPrefix + java.lang.Integer.toString(counter)) + .png)): null

2018-11-27 15:44:31 - [TEST_STEP][PASSED] - Statement - counter = counter + 1: null

2018-11-27 15:44:31 - [TEST_STEP][PASSED] - Statement - PreSaveFile = new java.io.File(((pathPrefix + java.lang.Integer.toString(counter)) + .png)): null

2018-11-27 15:44:31 - [TEST_STEP][PASSED] - Statement - counter = counter + 1: null

2018-11-27 15:44:31 - [TEST_STEP][PASSED] - Statement - PreSaveFile = new java.io.File(((pathPrefix + java.lang.Integer.toString(counter)) + .png)): null

2018-11-27 15:44:31 - [TEST_STEP][PASSED] - Statement - counter = counter + 1: null

2018-11-27 15:44:31 - [TEST_STEP][PASSED] - Statement - PreSaveFile = new java.io.File(((pathPrefix + java.lang.Integer.toString(counter)) + .png)): null

2018-11-27 15:44:31 - [TEST_STEP][PASSED] - Statement - counter = counter + 1: null

2018-11-27 15:44:31 - [TEST_STEP][PASSED] - Statement - PreSaveFile = new java.io.File(((pathPrefix + java.lang.Integer.toString(counter)) + .png)): null

2018-11-27 15:44:31 - [TEST_STEP][PASSED] - Statement - counter = counter + 1: null

2018-11-27 15:44:31 - [TEST_STEP][PASSED] - Statement - PreSaveFile = new java.io.File(((pathPrefix + java.lang.Integer.toString(counter)) + .png)): null

2018-11-27 15:44:31 - [TEST_STEP][PASSED] - Statement - counter = counter + 1: null

2018-11-27 15:44:31 - [TEST_STEP][PASSED] - Statement - PreSaveFile = new java.io.File(((pathPrefix + java.lang.Integer.toString(counter)) + .png)): null

2018-11-27 15:44:31 - [TEST_STEP][PASSED] - Statement - counter = counter + 1: null

2018-11-27 15:44:31 - [TEST_STEP][PASSED] - Statement - PreSaveFile = new java.io.File(((pathPrefix + java.lang.Integer.toString(counter)) + .png)): null

2018-11-27 15:44:31 - [TEST_STEP][PASSED] - Statement - counter = counter + 1: null

2018-11-27 15:44:31 - [TEST_STEP][PASSED] - Statement - PreSaveFile = new java.io.File(((pathPrefix + java.lang.Integer.toString(counter)) + .png)): null

2018-11-27 15:44:31 - [TEST_STEP][PASSED] - Statement - counter = counter + 1: null

2018-11-27 15:44:31 - [TEST_STEP][PASSED] - Statement - PreSaveFile = new java.io.File(((pathPrefix + java.lang.Integer.toString(counter)) + .png)): null

2018-11-27 15:44:31 - [TEST_STEP][PASSED] - Statement - counter = counter + 1: null

2018-11-27 15:44:31 - [TEST_STEP][PASSED] - Statement - PreSaveFile = new java.io.File(((pathPrefix + java.lang.Integer.toString(counter)) + .png)): null

2018-11-27 15:44:31 - [TEST_STEP][PASSED] - Statement - counter = counter + 1: null

2018-11-27 15:44:31 - [TEST_STEP][PASSED] - Statement - PreSaveFile = new java.io.File(((pathPrefix + java.lang.Integer.toString(counter)) + .png)): null

2018-11-27 15:44:31 - [TEST_STEP][PASSED] - Statement - counter = counter + 1: null

2018-11-27 15:44:31 - [TEST_STEP][PASSED] - Statement - PreSaveFile = new java.io.File(((pathPrefix + java.lang.Integer.toString(counter)) + .png)): null

2018-11-27 15:44:31 - [TEST_STEP][PASSED] - Statement - counter = counter + 1: null

2018-11-27 15:44:31 - [TEST_STEP][PASSED] - Statement - PreSaveFile = new java.io.File(((pathPrefix + java.lang.Integer.toString(counter)) + .png)): null

2018-11-27 15:44:31 - [TEST_STEP][PASSED] - Statement - counter = counter + 1: null

2018-11-27 15:44:31 - [TEST_STEP][PASSED] - Statement - PreSaveFile = new java.io.File(((pathPrefix + java.lang.Integer.toString(counter)) + .png)): null

2018-11-27 15:44:31 - [TEST_STEP][PASSED] - Statement - counter = counter + 1: null

2018-11-27 15:44:31 - [TEST_STEP][PASSED] - Statement - PreSaveFile = new java.io.File(((pathPrefix + java.lang.Integer.toString(counter)) + .png)): null

2018-11-27 15:44:31 - [TEST_STEP][PASSED] - Statement - counter = counter + 1: null

2018-11-27 15:44:31 - [TEST_STEP][PASSED] - Statement - PreSaveFile = new java.io.File(((pathPrefix + java.lang.Integer.toString(counter)) + .png)): null

2018-11-27 15:44:31 - [TEST_STEP][PASSED] - Statement - counter = counter + 1: null

2018-11-27 15:44:31 - [TEST_STEP][PASSED] - Statement - PreSaveFile = new java.io.File(((pathPrefix + java.lang.Integer.toString(counter)) + .png)): null

2018-11-27 15:44:31 - [TEST_STEP][PASSED] - Statement - counter = counter + 1: null

2018-11-27 15:44:31 - [TEST_STEP][PASSED] - Statement - PreSaveFile = new java.io.File(((pathPrefix + java.lang.Integer.toString(counter)) + .png)): null

2018-11-27 15:44:31 - [TEST_STEP][PASSED] - Statement - counter = counter + 1: null

2018-11-27 15:44:31 - [TEST_STEP][PASSED] - Statement - PreSaveFile = new java.io.File(((pathPrefix + java.lang.Integer.toString(counter)) + .png)): null

2018-11-27 15:44:31 - [TEST_STEP][PASSED] - Statement - counter = counter + 1: null

2018-11-27 15:44:31 - [TEST_STEP][PASSED] - Statement - PreSaveFile = new java.io.File(((pathPrefix + java.lang.Integer.toString(counter)) + .png)): null

2018-11-27 15:44:31 - [TEST_STEP][PASSED] - Statement - counter = counter + 1: null

2018-11-27 15:44:31 - [TEST_STEP][PASSED] - Statement - PreSaveFile = new java.io.File(((pathPrefix + java.lang.Integer.toString(counter)) + .png)): null

2018-11-27 15:44:31 - [TEST_STEP][PASSED] - Statement - counter = counter + 1: null

2018-11-27 15:44:31 - [TEST_STEP][PASSED] - Statement - PreSaveFile = new java.io.File(((pathPrefix + java.lang.Integer.toString(counter)) + .png)): null

2018-11-27 15:44:31 - [TEST_STEP][PASSED] - Statement - counter = counter + 1: null

2018-11-27 15:44:31 - [TEST_STEP][PASSED] - Statement - PreSaveFile = new java.io.File(((pathPrefix + java.lang.Integer.toString(counter)) + .png)): null

2018-11-27 15:44:31 - [TEST_STEP][PASSED] - Statement - counter = counter + 1: null

2018-11-27 15:44:31 - [TEST_STEP][PASSED] - Statement - PreSaveFile = new java.io.File(((pathPrefix + java.lang.Integer.toString(counter)) + .png)): null

2018-11-27 15:44:31 - [TEST_STEP][PASSED] - Statement - counter = counter + 1: null

2018-11-27 15:44:31 - [TEST_STEP][PASSED] - Statement - PreSaveFile = new java.io.File(((pathPrefix + java.lang.Integer.toString(counter)) + .png)): null

2018-11-27 15:44:31 - [TEST_STEP][PASSED] - Statement - counter = counter + 1: null

2018-11-27 15:44:31 - [TEST_STEP][PASSED] - Statement - PreSaveFile = new java.io.File(((pathPrefix + java.lang.Integer.toString(counter)) + .png)): null

2018-11-27 15:44:31 - [TEST_STEP][PASSED] - Statement - counter = counter + 1: null

2018-11-27 15:44:31 - [TEST_STEP][PASSED] - Statement - PreSaveFile = new java.io.File(((pathPrefix + java.lang.Integer.toString(counter)) + .png)): null

2018-11-27 15:44:31 - [TEST_STEP][PASSED] - Statement - counter = counter + 1: null

2018-11-27 15:44:31 - [TEST_STEP][PASSED] - Statement - PreSaveFile = new java.io.File(((pathPrefix + java.lang.Integer.toString(counter)) + .png)): null

2018-11-27 15:44:31 - [TEST_STEP][PASSED] - Statement - counter = counter + 1: null

2018-11-27 15:44:31 - [TEST_STEP][PASSED] - Statement - PreSaveFile = new java.io.File(((pathPrefix + java.lang.Integer.toString(counter)) + .png)): null

2018-11-27 15:44:31 - [TEST_STEP][PASSED] - Statement - counter = counter + 1: null

2018-11-27 15:44:31 - [TEST_STEP][PASSED] - Statement - PreSaveFile = new java.io.File(((pathPrefix + java.lang.Integer.toString(counter)) + .png)): null

2018-11-27 15:44:31 - [TEST_STEP][PASSED] - Statement - counter = counter + 1: null

2018-11-27 15:44:31 - [TEST_STEP][PASSED] - Statement - PreSaveFile = new java.io.File(((pathPrefix + java.lang.Integer.toString(counter)) + .png)): null

2018-11-27 15:44:31 - [TEST_STEP][PASSED] - Statement - counter = counter + 1: null

2018-11-27 15:44:31 - [TEST_STEP][PASSED] - Statement - PreSaveFile = new java.io.File(((pathPrefix + java.lang.Integer.toString(counter)) + .png)): null

2018-11-27 15:44:31 - [TEST_STEP][PASSED] - Statement - counter = counter + 1: null

2018-11-27 15:44:31 - [TEST_STEP][PASSED] - Statement - PreSaveFile = new java.io.File(((pathPrefix + java.lang.Integer.toString(counter)) + .png)): null

2018-11-27 15:44:31 - [TEST_STEP][PASSED] - Statement - counter = counter + 1: null

2018-11-27 15:44:31 - [TEST_STEP][PASSED] - Statement - PreSaveFile = new java.io.File(((pathPrefix + java.lang.Integer.toString(counter)) + .png)): null

2018-11-27 15:44:31 - [TEST_STEP][PASSED] - Statement - counter = counter + 1: null

2018-11-27 15:44:31 - [TEST_STEP][PASSED] - Statement - PreSaveFile = new java.io.File(((pathPrefix + java.lang.Integer.toString(counter)) + .png)): null

2018-11-27 15:44:31 - [TEST_STEP][PASSED] - Statement - counter = counter + 1: null

2018-11-27 15:44:31 - [TEST_STEP][PASSED] - Statement - PreSaveFile = new java.io.File(((pathPrefix + java.lang.Integer.toString(counter)) + .png)): null

2018-11-27 15:44:31 - [TEST_STEP][PASSED] - Statement - counter = counter + 1: null

2018-11-27 15:44:31 - [TEST_STEP][PASSED] - Statement - PreSaveFile = new java.io.File(((pathPrefix + java.lang.Integer.toString(counter)) + .png)): null

2018-11-27 15:44:31 - [TEST_STEP][PASSED] - Statement - counter = counter + 1: null

2018-11-27 15:44:31 - [TEST_STEP][PASSED] - Statement - PreSaveFile = new java.io.File(((pathPrefix + java.lang.Integer.toString(counter)) + .png)): null

2018-11-27 15:44:31 - [TEST_STEP][PASSED] - Statement - counter = counter + 1: null

2018-11-27 15:44:31 - [TEST_STEP][PASSED] - Statement - PreSaveFile = new java.io.File(((pathPrefix + java.lang.Integer.toString(counter)) + .png)): null

2018-11-27 15:44:31 - [TEST_STEP][PASSED] - Statement - counter = counter + 1: null

2018-11-27 15:44:31 - [TEST_STEP][PASSED] - Statement - PreSaveFile = new java.io.File(((pathPrefix + java.lang.Integer.toString(counter)) + .png)): null

2018-11-27 15:44:31 - [TEST_STEP][PASSED] - Statement - counter = counter + 1: null

2018-11-27 15:44:31 - [TEST_STEP][PASSED] - Statement - PreSaveFile = new java.io.File(((pathPrefix + java.lang.Integer.toString(counter)) + .png)): null

2018-11-27 15:44:31 - [TEST_STEP][PASSED] - Statement - counter = counter + 1: null

2018-11-27 15:44:31 - [TEST_STEP][PASSED] - Statement - PreSaveFile = new java.io.File(((pathPrefix + java.lang.Integer.toString(counter)) + .png)): null

2018-11-27 15:44:31 - [TEST_STEP][PASSED] - Statement - counter = counter + 1: null

2018-11-27 15:44:31 - [TEST_STEP][PASSED] - Statement - PreSaveFile = new java.io.File(((pathPrefix + java.lang.Integer.toString(counter)) + .png)): null

2018-11-27 15:44:31 - [TEST_STEP][PASSED] - Statement - counter = counter + 1: null

2018-11-27 15:44:31 - [TEST_STEP][PASSED] - Statement - PreSaveFile = new java.io.File(((pathPrefix + java.lang.Integer.toString(counter)) + .png)): null

2018-11-27 15:44:31 - [TEST_STEP][PASSED] - Statement - counter = counter + 1: null

2018-11-27 15:44:31 - [TEST_STEP][PASSED] - Statement - PreSaveFile = new java.io.File(((pathPrefix + java.lang.Integer.toString(counter)) + .png)): null

2018-11-27 15:44:31 - [TEST_STEP][PASSED] - Statement - counter = counter + 1: null

2018-11-27 15:44:31 - [TEST_STEP][PASSED] - Statement - PreSaveFile = new java.io.File(((pathPrefix + java.lang.Integer.toString(counter)) + .png)): null

2018-11-27 15:44:31 - [TEST_STEP][PASSED] - Statement - counter = counter + 1: null

2018-11-27 15:44:31 - [TEST_STEP][PASSED] - Statement - PreSaveFile = new java.io.File(((pathPrefix + java.lang.Integer.toString(counter)) + .png)): null

2018-11-27 15:44:31 - [TEST_STEP][PASSED] - Statement - counter = counter + 1: null

2018-11-27 15:44:31 - [TEST_STEP][PASSED] - Statement - PreSaveFile = new java.io.File(((pathPrefix + java.lang.Integer.toString(counter)) + .png)): null

2018-11-27 15:44:31 - [TEST_STEP][PASSED] - Statement - counter = counter + 1: null

2018-11-27 15:44:31 - [TEST_STEP][PASSED] - Statement - PreSaveFile = new java.io.File(((pathPrefix + java.lang.Integer.toString(counter)) + .png)): null

2018-11-27 15:44:31 - [TEST_STEP][PASSED] - Statement - counter = counter + 1: null

2018-11-27 15:44:31 - [TEST_STEP][PASSED] - Statement - PreSaveFile = new java.io.File(((pathPrefix + java.lang.Integer.toString(counter)) + .png)): null

2018-11-27 15:44:31 - [TEST_STEP][PASSED] - Statement - counter = counter + 1: null

2018-11-27 15:44:31 - [TEST_STEP][PASSED] - Statement - PreSaveFile = new java.io.File(((pathPrefix + java.lang.Integer.toString(counter)) + .png)): null

2018-11-27 15:44:31 - [TEST_STEP][PASSED] - Statement - counter = counter + 1: null

2018-11-27 15:44:31 - [TEST_STEP][PASSED] - Statement - PreSaveFile = new java.io.File(((pathPrefix + java.lang.Integer.toString(counter)) + .png)): null

2018-11-27 15:44:31 - [TEST_STEP][PASSED] - Statement - counter = counter + 1: null

2018-11-27 15:44:31 - [TEST_STEP][PASSED] - Statement - PreSaveFile = new java.io.File(((pathPrefix + java.lang.Integer.toString(counter)) + .png)): null

2018-11-27 15:44:31 - [TEST_STEP][PASSED] - Statement - counter = counter + 1: null

2018-11-27 15:44:31 - [TEST_STEP][PASSED] - Statement - PreSaveFile = new java.io.File(((pathPrefix + java.lang.Integer.toString(counter)) + .png)): null

2018-11-27 15:44:31 - [TEST_STEP][PASSED] - Statement - counter = counter + 1: null

2018-11-27 15:44:31 - [TEST_STEP][PASSED] - Statement - PreSaveFile = new java.io.File(((pathPrefix + java.lang.Integer.toString(counter)) + .png)): null

2018-11-27 15:44:31 - [TEST_STEP][PASSED] - Statement - counter = counter + 1: null

2018-11-27 15:44:31 - [TEST_STEP][PASSED] - Statement - PreSaveFile = new java.io.File(((pathPrefix + java.lang.Integer.toString(counter)) + .png)): null

2018-11-27 15:44:31 - [TEST_STEP][PASSED] - Statement - counter = counter + 1: null

2018-11-27 15:44:31 - [TEST_STEP][PASSED] - Statement - PreSaveFile = new java.io.File(((pathPrefix + java.lang.Integer.toString(counter)) + .png)): null

2018-11-27 15:44:31 - [TEST_STEP][PASSED] - Statement - counter = counter + 1: null

2018-11-27 15:44:31 - [TEST_STEP][PASSED] - Statement - PreSaveFile = new java.io.File(((pathPrefix + java.lang.Integer.toString(counter)) + .png)): null

2018-11-27 15:44:31 - [TEST_STEP][PASSED] - Statement - counter = counter + 1: null

2018-11-27 15:44:31 - [TEST_STEP][PASSED] - Statement - PreSaveFile = new java.io.File(((pathPrefix + java.lang.Integer.toString(counter)) + .png)): null

2018-11-27 15:44:31 - [TEST_STEP][PASSED] - Statement - counter = counter + 1: null

2018-11-27 15:44:31 - [TEST_STEP][PASSED] - Statement - PreSaveFile = new java.io.File(((pathPrefix + java.lang.Integer.toString(counter)) + .png)): null

2018-11-27 15:44:31 - [TEST_STEP][PASSED] - Statement - counter = counter + 1: null

2018-11-27 15:44:31 - [TEST_STEP][PASSED] - Statement - PreSaveFile = new java.io.File(((pathPrefix + java.lang.Integer.toString(counter)) + .png)): null

2018-11-27 15:44:31 - [TEST_STEP][PASSED] - Statement - counter = counter + 1: null

2018-11-27 15:44:31 - [TEST_STEP][PASSED] - Statement - PreSaveFile = new java.io.File(((pathPrefix + java.lang.Integer.toString(counter)) + .png)): null

2018-11-27 15:44:31 - [TEST_STEP][PASSED] - Statement - counter = counter + 1: null

2018-11-27 15:44:31 - [TEST_STEP][PASSED] - Statement - PreSaveFile = new java.io.File(((pathPrefix + java.lang.Integer.toString(counter)) + .png)): null

2018-11-27 15:44:31 - [TEST_STEP][PASSED] - Statement - counter = counter + 1: null

2018-11-27 15:44:31 - [TEST_STEP][PASSED] - Statement - PreSaveFile = new java.io.File(((pathPrefix + java.lang.Integer.toString(counter)) + .png)): null

2018-11-27 15:44:31 - [TEST_STEP][PASSED] - Statement - counter = counter + 1: null

2018-11-27 15:44:31 - [TEST_STEP][PASSED] - Statement - PreSaveFile = new java.io.File(((pathPrefix + java.lang.Integer.toString(counter)) + .png)): null

2018-11-27 15:44:31 - [TEST_STEP][PASSED] - Statement - counter = counter + 1: null

2018-11-27 15:44:31 - [TEST_STEP][PASSED] - Statement - PreSaveFile = new java.io.File(((pathPrefix + java.lang.Integer.toString(counter)) + .png)): null

2018-11-27 15:44:31 - [TEST_STEP][PASSED] - Statement - counter = counter + 1: null

2018-11-27 15:44:31 - [TEST_STEP][PASSED] - Statement - PreSaveFile = new java.io.File(((pathPrefix + java.lang.Integer.toString(counter)) + .png)): null

2018-11-27 15:44:31 - [TEST_STEP][PASSED] - Statement - counter = counter + 1: null

2018-11-27 15:44:31 - [TEST_STEP][PASSED] - Statement - PreSaveFile = new java.io.File(((pathPrefix + java.lang.Integer.toString(counter)) + .png)): null

2018-11-27 15:44:31 - [TEST_STEP][PASSED] - Statement - counter = counter + 1: null

2018-11-27 15:44:31 - [TEST_STEP][PASSED] - Statement - PreSaveFile = new java.io.File(((pathPrefix + java.lang.Integer.toString(counter)) + .png)): null

2018-11-27 15:44:31 - [TEST_STEP][PASSED] - Statement - counter = counter + 1: null

2018-11-27 15:44:31 - [TEST_STEP][PASSED] - Statement - PreSaveFile = new java.io.File(((pathPrefix + java.lang.Integer.toString(counter)) + .png)): null

2018-11-27 15:44:31 - [TEST_STEP][PASSED] - Statement - counter = counter + 1: null

2018-11-27 15:44:31 - [TEST_STEP][PASSED] - Statement - PreSaveFile = new java.io.File(((pathPrefix + java.lang.Integer.toString(counter)) + .png)): null

2018-11-27 15:44:31 - [TEST_STEP][PASSED] - Statement - counter = counter + 1: null

2018-11-27 15:44:31 - [TEST_STEP][PASSED] - Statement - PreSaveFile = new java.io.File(((pathPrefix + java.lang.Integer.toString(counter)) + .png)): null

2018-11-27 15:44:31 - [TEST_STEP][PASSED] - Statement - counter = counter + 1: null

2018-11-27 15:44:31 - [TEST_STEP][PASSED] - Statement - PreSaveFile = new java.io.File(((pathPrefix + java.lang.Integer.toString(counter)) + .png)): null

2018-11-27 15:44:31 - [TEST_STEP][PASSED] - Statement - counter = counter + 1: null

2018-11-27 15:44:31 - [TEST_STEP][PASSED] - Statement - PreSaveFile = new java.io.File(((pathPrefix + java.lang.Integer.toString(counter)) + .png)): null

2018-11-27 15:44:31 - [TEST_STEP][PASSED] - Statement - counter = counter + 1: null

2018-11-27 15:44:31 - [TEST_STEP][PASSED] - Statement - PreSaveFile = new java.io.File(((pathPrefix + java.lang.Integer.toString(counter)) + .png)): null

2018-11-27 15:44:31 - [TEST_STEP][PASSED] - Statement - counter = counter + 1: null

2018-11-27 15:44:31 - [TEST_STEP][PASSED] - Statement - PreSaveFile = new java.io.File(((pathPrefix + java.lang.Integer.toString(counter)) + .png)): null

2018-11-27 15:44:31 - [TEST_STEP][PASSED] - Statement - counter = counter + 1: null

2018-11-27 15:44:31 - [TEST_STEP][PASSED] - Statement - PreSaveFile = new java.io.File(((pathPrefix + java.lang.Integer.toString(counter)) + .png)): null

2018-11-27 15:44:31 - [TEST_STEP][PASSED] - Statement - counter = counter + 1: null

2018-11-27 15:44:31 - [TEST_STEP][PASSED] - Statement - PreSaveFile = new java.io.File(((pathPrefix + java.lang.Integer.toString(counter)) + .png)): null

2018-11-27 15:44:31 - [TEST_STEP][PASSED] - Statement - counter = counter + 1: null

2018-11-27 15:44:31 - [TEST_STEP][PASSED] - Statement - PreSaveFile = new java.io.File(((pathPrefix + java.lang.Integer.toString(counter)) + .png)): null

2018-11-27 15:44:31 - [TEST_STEP][PASSED] - Statement - counter = counter + 1: null

2018-11-27 15:44:31 - [TEST_STEP][PASSED] - Statement - PreSaveFile = new java.io.File(((pathPrefix + java.lang.Integer.toString(counter)) + .png)): null

2018-11-27 15:44:31 - [TEST_STEP][PASSED] - Statement - counter = counter + 1: null

2018-11-27 15:44:31 - [TEST_STEP][PASSED] - Statement - PreSaveFile = new java.io.File(((pathPrefix + java.lang.Integer.toString(counter)) + .png)): null

2018-11-27 15:44:31 - [TEST_STEP][PASSED] - Statement - counter = counter + 1: null

2018-11-27 15:44:31 - [TEST_STEP][PASSED] - Statement - PreSaveFile = new java.io.File(((pathPrefix + java.lang.Integer.toString(counter)) + .png)): null

2018-11-27 15:44:31 - [TEST_STEP][PASSED] - Statement - counter = counter + 1: null

2018-11-27 15:44:31 - [TEST_STEP][PASSED] - Statement - PreSaveFile = new java.io.File(((pathPrefix + java.lang.Integer.toString(counter)) + .png)): null

2018-11-27 15:44:31 - [TEST_STEP][PASSED] - Statement - counter = counter + 1: null

2018-11-27 15:44:31 - [TEST_STEP][PASSED] - Statement - PreSaveFile = new java.io.File(((pathPrefix + java.lang.Integer.toString(counter)) + .png)): null

2018-11-27 15:44:31 - [TEST_STEP][PASSED] - Statement - counter = counter + 1: null

2018-11-27 15:44:31 - [TEST_STEP][PASSED] - Statement - PreSaveFile = new java.io.File(((pathPrefix + java.lang.Integer.toString(counter)) + .png)): null

2018-11-27 15:44:31 - [TEST_STEP][PASSED] - Statement - counter = counter + 1: null

2018-11-27 15:44:31 - [TEST_STEP][PASSED] - Statement - PreSaveFile = new java.io.File(((pathPrefix + java.lang.Integer.toString(counter)) + .png)): null

2018-11-27 15:44:31 - [TEST_STEP][PASSED] - Statement - counter = counter + 1: null

2018-11-27 15:44:31 - [TEST_STEP][PASSED] - Statement - PreSaveFile = new java.io.File(((pathPrefix + java.lang.Integer.toString(counter)) + .png)): null

2018-11-27 15:44:31 - [TEST_STEP][PASSED] - Statement - counter = counter + 1: null

2018-11-27 15:44:31 - [TEST_STEP][PASSED] - Statement - PreSaveFile = new java.io.File(((pathPrefix + java.lang.Integer.toString(counter)) + .png)): null

2018-11-27 15:44:31 - [TEST_STEP][PASSED] - Statement - counter = counter + 1: null

2018-11-27 15:44:31 - [TEST_STEP][PASSED] - Statement - PreSaveFile = new java.io.File(((pathPrefix + java.lang.Integer.toString(counter)) + .png)): null

2018-11-27 15:44:31 - [TEST_STEP][PASSED] - Statement - counter = counter + 1: null

2018-11-27 15:44:31 - [TEST_STEP][PASSED] - Statement - PreSaveFile = new java.io.File(((pathPrefix + java.lang.Integer.toString(counter)) + .png)): null

2018-11-27 15:44:31 - [TEST_STEP][PASSED] - Statement - counter = counter + 1: null

2018-11-27 15:44:31 - [TEST_STEP][PASSED] - Statement - PreSaveFile = new java.io.File(((pathPrefix + java.lang.Integer.toString(counter)) + .png)): null

2018-11-27 15:44:31 - [TEST_STEP][PASSED] - Statement - counter = counter + 1: null

2018-11-27 15:44:31 - [TEST_STEP][PASSED] - Statement - PreSaveFile = new java.io.File(((pathPrefix + java.lang.Integer.toString(counter)) + .png)): null

2018-11-27 15:44:31 - [TEST_STEP][PASSED] - Statement - counter = counter + 1: null

2018-11-27 15:44:31 - [TEST_STEP][PASSED] - Statement - PreSaveFile = new java.io.File(((pathPrefix + java.lang.Integer.toString(counter)) + .png)): null

2018-11-27 15:44:31 - [TEST_STEP][PASSED] - Statement - counter = counter + 1: null

2018-11-27 15:44:31 - [TEST_STEP][PASSED] - Statement - PreSaveFile = new java.io.File(((pathPrefix + java.lang.Integer.toString(counter)) + .png)): null

2018-11-27 15:44:31 - [TEST_STEP][PASSED] - Statement - counter = counter + 1: null

2018-11-27 15:44:31 - [TEST_STEP][PASSED] - Statement - PreSaveFile = new java.io.File(((pathPrefix + java.lang.Integer.toString(counter)) + .png)): null

2018-11-27 15:44:31 - [TEST_STEP][PASSED] - Statement - counter = counter + 1: null

2018-11-27 15:44:31 - [TEST_STEP][PASSED] - Statement - PreSaveFile = new java.io.File(((pathPrefix + java.lang.Integer.toString(counter)) + .png)): null

2018-11-27 15:44:31 - [TEST_STEP][PASSED] - Statement - counter = counter + 1: null

2018-11-27 15:44:31 - [TEST_STEP][PASSED] - Statement - PreSaveFile = new java.io.File(((pathPrefix + java.lang.Integer.toString(counter)) + .png)): null

2018-11-27 15:44:31 - [TEST_STEP][PASSED] - Statement - counter = counter + 1: null

2018-11-27 15:44:31 - [TEST_STEP][PASSED] - Statement - PreSaveFile = new java.io.File(((pathPrefix + java.lang.Integer.toString(counter)) + .png)): null

2018-11-27 15:44:31 - [TEST_STEP][PASSED] - Statement - counter = counter + 1: null

2018-11-27 15:44:31 - [TEST_STEP][PASSED] - Statement - PreSaveFile = new java.io.File(((pathPrefix + java.lang.Integer.toString(counter)) + .png)): null

2018-11-27 15:44:31 - [TEST_STEP][PASSED] - Statement - counter = counter + 1: null

2018-11-27 15:44:31 - [TEST_STEP][PASSED] - Statement - PreSaveFile = new java.io.File(((pathPrefix + java.lang.Integer.toString(counter)) + .png)): null

2018-11-27 15:44:31 - [TEST_STEP][PASSED] - Statement - counter = counter + 1: null

2018-11-27 15:44:31 - [TEST_STEP][PASSED] - Statement - PreSaveFile = new java.io.File(((pathPrefix + java.lang.Integer.toString(counter)) + .png)): null

2018-11-27 15:44:31 - [TEST_STEP][PASSED] - Statement - counter = counter + 1: null

2018-11-27 15:44:31 - [TEST_STEP][PASSED] - Statement - PreSaveFile = new java.io.File(((pathPrefix + java.lang.Integer.toString(counter)) + .png)): null

2018-11-27 15:44:31 - [TEST_STEP][PASSED] - Statement - counter = counter + 1: null

2018-11-27 15:44:31 - [TEST_STEP][PASSED] - Statement - PreSaveFile = new java.io.File(((pathPrefix + java.lang.Integer.toString(counter)) + .png)): null

2018-11-27 15:44:31 - [TEST_STEP][PASSED] - Statement - counter = counter + 1: null

2018-11-27 15:44:31 - [TEST_STEP][PASSED] - Statement - PreSaveFile = new java.io.File(((pathPrefix + java.lang.Integer.toString(counter)) + .png)): null

2018-11-27 15:44:31 - [TEST_STEP][PASSED] - Statement - counter = counter + 1: null

2018-11-27 15:44:31 - [TEST_STEP][PASSED] - Statement - PreSaveFile = new java.io.File(((pathPrefix + java.lang.Integer.toString(counter)) + .png)): null

2018-11-27 15:44:31 - [TEST_STEP][PASSED] - Statement - counter = counter + 1: null

2018-11-27 15:44:31 - [TEST_STEP][PASSED] - Statement - PreSaveFile = new java.io.File(((pathPrefix + java.lang.Integer.toString(counter)) + .png)): null

2018-11-27 15:44:31 - [TEST_STEP][PASSED] - Statement - counter = counter + 1: null

2018-11-27 15:44:31 - [TEST_STEP][PASSED] - Statement - PreSaveFile = new java.io.File(((pathPrefix + java.lang.Integer.toString(counter)) + .png)): null

2018-11-27 15:44:31 - [TEST_STEP][PASSED] - Statement - counter = counter + 1: null

2018-11-27 15:44:31 - [TEST_STEP][PASSED] - Statement - PreSaveFile = new java.io.File(((pathPrefix + java.lang.Integer.toString(counter)) + .png)): null

2018-11-27 15:44:31 - [TEST_STEP][PASSED] - Statement - counter = counter + 1: null

2018-11-27 15:44:31 - [TEST_STEP][PASSED] - Statement - PreSaveFile = new java.io.File(((pathPrefix + java.lang.Integer.toString(counter)) + .png)): null

2018-11-27 15:44:31 - [TEST_STEP][PASSED] - Statement - counter = counter + 1: null

2018-11-27 15:44:31 - [TEST_STEP][PASSED] - Statement - PreSaveFile = new java.io.File(((pathPrefix + java.lang.Integer.toString(counter)) + .png)): null

2018-11-27 15:44:31 - [TEST_STEP][PASSED] - Statement - counter = counter + 1: null

2018-11-27 15:44:31 - [TEST_STEP][PASSED] - Statement - PreSaveFile = new java.io.File(((pathPrefix + java.lang.Integer.toString(counter)) + .png)): null

2018-11-27 15:44:31 - [TEST_STEP][PASSED] - Statement - counter = counter + 1: null

2018-11-27 15:44:31 - [TEST_STEP][PASSED] - Statement - PreSaveFile = new java.io.File(((pathPrefix + java.lang.Integer.toString(counter)) + .png)): null

2018-11-27 15:44:31 - [TEST_STEP][PASSED] - Statement - counter = counter + 1: null

2018-11-27 15:44:31 - [TEST_STEP][PASSED] - Statement - PreSaveFile = new java.io.File(((pathPrefix + java.lang.Integer.toString(counter)) + .png)): null

2018-11-27 15:44:31 - [TEST_STEP][PASSED] - Statement - counter = counter + 1: null

2018-11-27 15:44:31 - [TEST_STEP][PASSED] - Statement - PreSaveFile = new java.io.File(((pathPrefix + java.lang.Integer.toString(counter)) + .png)): null

2018-11-27 15:44:31 - [TEST_STEP][PASSED] - Statement - counter = counter + 1: null

2018-11-27 15:44:31 - [TEST_STEP][PASSED] - Statement - PreSaveFile = new java.io.File(((pathPrefix + java.lang.Integer.toString(counter)) + .png)): null

2018-11-27 15:44:31 - [TEST_STEP][PASSED] - Statement - counter = counter + 1: null

2018-11-27 15:44:31 - [TEST_STEP][PASSED] - Statement - PreSaveFile = new java.io.File(((pathPrefix + java.lang.Integer.toString(counter)) + .png)): null

2018-11-27 15:44:31 - [TEST_STEP][PASSED] - Statement - counter = counter + 1: null

2018-11-27 15:44:31 - [TEST_STEP][PASSED] - Statement - PreSaveFile = new java.io.File(((pathPrefix + java.lang.Integer.toString(counter)) + .png)): null

2018-11-27 15:44:31 - [TEST_STEP][PASSED] - Statement - counter = counter + 1: null

2018-11-27 15:44:31 - [TEST_STEP][PASSED] - Statement - PreSaveFile = new java.io.File(((pathPrefix + java.lang.Integer.toString(counter)) + .png)): null

2018-11-27 15:44:31 - [TEST_STEP][PASSED] - Statement - counter = counter + 1: null

2018-11-27 15:44:31 - [TEST_STEP][PASSED] - Statement - PreSaveFile = new java.io.File(((pathPrefix + java.lang.Integer.toString(counter)) + .png)): null

2018-11-27 15:44:31 - [TEST_STEP][PASSED] - Statement - counter = counter + 1: null

2018-11-27 15:44:31 - [TEST_STEP][PASSED] - Statement - PreSaveFile = new java.io.File(((pathPrefix + java.lang.Integer.toString(counter)) + .png)): null

2018-11-27 15:44:31 - [TEST_STEP][PASSED] - Statement - counter = counter + 1: null

2018-11-27 15:44:31 - [TEST_STEP][PASSED] - Statement - PreSaveFile = new java.io.File(((pathPrefix + java.lang.Integer.toString(counter)) + .png)): null

2018-11-27 15:44:31 - [TEST_STEP][PASSED] - Statement - counter = counter + 1: null

2018-11-27 15:44:31 - [TEST_STEP][PASSED] - Statement - PreSaveFile = new java.io.File(((pathPrefix + java.lang.Integer.toString(counter)) + .png)): null

2018-11-27 15:44:31 - [TEST_STEP][PASSED] - Statement - counter = counter + 1: null

2018-11-27 15:44:31 - [TEST_STEP][PASSED] - Statement - PreSaveFile = new java.io.File(((pathPrefix + java.lang.Integer.toString(counter)) + .png)): null

2018-11-27 15:44:31 - [TEST_STEP][PASSED] - Statement - counter = counter + 1: null

2018-11-27 15:44:31 - [TEST_STEP][PASSED] - Statement - PreSaveFile = new java.io.File(((pathPrefix + java.lang.Integer.toString(counter)) + .png)): null

2018-11-27 15:44:31 - [TEST_STEP][PASSED] - Statement - counter = counter + 1: null

2018-11-27 15:44:31 - [TEST_STEP][PASSED] - Statement - PreSaveFile = new java.io.File(((pathPrefix + java.lang.Integer.toString(counter)) + .png)): null

2018-11-27 15:44:31 - [TEST_STEP][PASSED] - Statement - counter = counter + 1: null

2018-11-27 15:44:31 - [TEST_STEP][PASSED] - Statement - PreSaveFile = new java.io.File(((pathPrefix + java.lang.Integer.toString(counter)) + .png)): null

2018-11-27 15:44:31 - [TEST_STEP][PASSED] - Statement - counter = counter + 1: null

2018-11-27 15:44:31 - [TEST_STEP][PASSED] - Statement - PreSaveFile = new java.io.File(((pathPrefix + java.lang.Integer.toString(counter)) + .png)): null

2018-11-27 15:44:31 - [TEST_STEP][PASSED] - Statement - counter = counter + 1: null

2018-11-27 15:44:31 - [TEST_STEP][PASSED] - Statement - PreSaveFile = new java.io.File(((pathPrefix + java.lang.Integer.toString(counter)) + .png)): null

2018-11-27 15:44:31 - [TEST_STEP][PASSED] - Statement - counter = counter + 1: null

2018-11-27 15:44:31 - [TEST_STEP][PASSED] - Statement - PreSaveFile = new java.io.File(((pathPrefix + java.lang.Integer.toString(counter)) + .png)): null

2018-11-27 15:44:31 - [TEST_STEP][PASSED] - Statement - counter = counter + 1: null

2018-11-27 15:44:31 - [TEST_STEP][PASSED] - Statement - PreSaveFile = new java.io.File(((pathPrefix + java.lang.Integer.toString(counter)) + .png)): null

2018-11-27 15:44:31 - [TEST_STEP][PASSED] - Statement - counter = counter + 1: null

2018-11-27 15:44:31 - [TEST_STEP][PASSED] - Statement - PreSaveFile = new java.io.File(((pathPrefix + java.lang.Integer.toString(counter)) + .png)): null

2018-11-27 15:44:31 - [TEST_STEP][PASSED] - Statement - counter = counter + 1: null

2018-11-27 15:44:31 - [TEST_STEP][PASSED] - Statement - PreSaveFile = new java.io.File(((pathPrefix + java.lang.Integer.toString(counter)) + .png)): null

2018-11-27 15:44:31 - [TEST_STEP][PASSED] - Statement - counter = counter + 1: null

2018-11-27 15:44:31 - [TEST_STEP][PASSED] - Statement - PreSaveFile = new java.io.File(((pathPrefix + java.lang.Integer.toString(counter)) + .png)): null

2018-11-27 15:44:31 - [TEST_STEP][PASSED] - Statement - counter = counter + 1: null

2018-11-27 15:44:31 - [TEST_STEP][PASSED] - Statement - PreSaveFile = new java.io.File(((pathPrefix + java.lang.Integer.toString(counter)) + .png)): null

2018-11-27 15:44:31 - [TEST_STEP][PASSED] - Statement - counter = counter + 1: null

2018-11-27 15:44:31 - [TEST_STEP][PASSED] - Statement - PreSaveFile = new java.io.File(((pathPrefix + java.lang.Integer.toString(counter)) + .png)): null

2018-11-27 15:44:31 - [TEST_STEP][PASSED] - Statement - counter = counter + 1: null

2018-11-27 15:44:31 - [TEST_STEP][PASSED] - Statement - PreSaveFile = new java.io.File(((pathPrefix + java.lang.Integer.toString(counter)) + .png)): null

2018-11-27 15:44:31 - [TEST_STEP][PASSED] - Statement - counter = counter + 1: null

2018-11-27 15:44:31 - [TEST_STEP][PASSED] - Statement - PreSaveFile = new java.io.File(((pathPrefix + java.lang.Integer.toString(counter)) + .png)): null

2018-11-27 15:44:31 - [TEST_STEP][PASSED] - Statement - counter = counter + 1: null

2018-11-27 15:44:31 - [TEST_STEP][PASSED] - Statement - PreSaveFile = new java.io.File(((pathPrefix + java.lang.Integer.toString(counter)) + .png)): null

2018-11-27 15:44:31 - [TEST_STEP][PASSED] - Statement - counter = counter + 1: null

2018-11-27 15:44:31 - [TEST_STEP][PASSED] - Statement - PreSaveFile = new java.io.File(((pathPrefix + java.lang.Integer.toString(counter)) + .png)): null

2018-11-27 15:44:31 - [TEST_STEP][PASSED] - Statement - counter = counter + 1: null

2018-11-27 15:44:31 - [TEST_STEP][PASSED] - Statement - PreSaveFile = new java.io.File(((pathPrefix + java.lang.Integer.toString(counter)) + .png)): null

2018-11-27 15:44:31 - [TEST_STEP][PASSED] - Statement - counter = counter + 1: null

2018-11-27 15:44:31 - [TEST_STEP][PASSED] - Statement - PreSaveFile = new java.io.File(((pathPrefix + java.lang.Integer.toString(counter)) + .png)): null

2018-11-27 15:44:31 - [TEST_STEP][PASSED] - Statement - counter = counter + 1: null

2018-11-27 15:44:31 - [TEST_STEP][PASSED] - Statement - PreSaveFile = new java.io.File(((pathPrefix + java.lang.Integer.toString(counter)) + .png)): null

2018-11-27 15:44:31 - [TEST_STEP][PASSED] - Statement - counter = counter + 1: null

2018-11-27 15:44:31 - [TEST_STEP][PASSED] - Statement - PreSaveFile = new java.io.File(((pathPrefix + java.lang.Integer.toString(counter)) + .png)): null

2018-11-27 15:44:31 - [TEST_STEP][PASSED] - Statement - counter = counter + 1: null

2018-11-27 15:44:31 - [TEST_STEP][PASSED] - Statement - PreSaveFile = new java.io.File(((pathPrefix + java.lang.Integer.toString(counter)) + .png)): null

2018-11-27 15:44:31 - [TEST_STEP][PASSED] - Statement - counter = counter + 1: null

2018-11-27 15:44:31 - [TEST_STEP][PASSED] - Statement - PreSaveFile = new java.io.File(((pathPrefix + java.lang.Integer.toString(counter)) + .png)): null

2018-11-27 15:44:31 - [TEST_STEP][PASSED] - Statement - counter = counter + 1: null

2018-11-27 15:44:31 - [TEST_STEP][PASSED] - Statement - PreSaveFile = new java.io.File(((pathPrefix + java.lang.Integer.toString(counter)) + .png)): null

2018-11-27 15:44:31 - [TEST_STEP][PASSED] - Statement - counter = counter + 1: null

2018-11-27 15:44:31 - [TEST_STEP][PASSED] - Statement - PreSaveFile = new java.io.File(((pathPrefix + java.lang.Integer.toString(counter)) + .png)): null

2018-11-27 15:44:31 - [TEST_STEP][PASSED] - Statement - counter = counter + 1: null

2018-11-27 15:44:31 - [TEST_STEP][PASSED] - Statement - PreSaveFile = new java.io.File(((pathPrefix + java.lang.Integer.toString(counter)) + .png)): null

2018-11-27 15:44:31 - [TEST_STEP][PASSED] - Statement - counter = counter + 1: null

2018-11-27 15:44:31 - [TEST_STEP][PASSED] - Statement - PreSaveFile = new java.io.File(((pathPrefix + java.lang.Integer.toString(counter)) + .png)): null

2018-11-27 15:44:31 - [TEST_STEP][PASSED] - Statement - counter = counter + 1: null

2018-11-27 15:44:31 - [TEST_STEP][PASSED] - Statement - PreSaveFile = new java.io.File(((pathPrefix + java.lang.Integer.toString(counter)) + .png)): null

2018-11-27 15:44:31 - [TEST_STEP][PASSED] - Statement - counter = counter + 1: null

2018-11-27 15:44:31 - [TEST_STEP][PASSED] - Statement - PreSaveFile = new java.io.File(((pathPrefix + java.lang.Integer.toString(counter)) + .png)): null

2018-11-27 15:44:31 - [TEST_STEP][PASSED] - Statement - counter = counter + 1: null

2018-11-27 15:44:31 - [TEST_STEP][PASSED] - Statement - PreSaveFile = new java.io.File(((pathPrefix + java.lang.Integer.toString(counter)) + .png)): null

2018-11-27 15:44:31 - [TEST_STEP][PASSED] - Statement - counter = counter + 1: null

2018-11-27 15:44:31 - [TEST_STEP][PASSED] - Statement - PreSaveFile = new java.io.File(((pathPrefix + java.lang.Integer.toString(counter)) + .png)): null

2018-11-27 15:44:31 - [TEST_STEP][PASSED] - Statement - counter = counter + 1: null

2018-11-27 15:44:31 - [TEST_STEP][PASSED] - Statement - PreSaveFile = new java.io.File(((pathPrefix + java.lang.Integer.toString(counter)) + .png)): null

2018-11-27 15:44:31 - [TEST_STEP][PASSED] - Statement - counter = counter + 1: null

2018-11-27 15:44:31 - [TEST_STEP][PASSED] - Statement - PreSaveFile = new java.io.File(((pathPrefix + java.lang.Integer.toString(counter)) + .png)): null

2018-11-27 15:44:31 - [TEST_STEP][PASSED] - Statement - counter = counter + 1: null

2018-11-27 15:44:31 - [TEST_STEP][PASSED] - Statement - PreSaveFile = new java.io.File(((pathPrefix + java.lang.Integer.toString(counter)) + .png)): null

2018-11-27 15:44:31 - [TEST_STEP][PASSED] - Statement - counter = counter + 1: null

2018-11-27 15:44:31 - [TEST_STEP][PASSED] - Statement - PreSaveFile = new java.io.File(((pathPrefix + java.lang.Integer.toString(counter)) + .png)): null

2018-11-27 15:44:31 - [TEST_STEP][PASSED] - Statement - counter = counter + 1: null

2018-11-27 15:44:31 - [TEST_STEP][PASSED] - Statement - PreSaveFile = new java.io.File(((pathPrefix + java.lang.Integer.toString(counter)) + .png)): null

2018-11-27 15:44:31 - [TEST_STEP][PASSED] - Statement - counter = counter + 1: null

2018-11-27 15:44:31 - [TEST_STEP][PASSED] - Statement - PreSaveFile = new java.io.File(((pathPrefix + java.lang.Integer.toString(counter)) + .png)): null

2018-11-27 15:44:31 - [TEST_STEP][PASSED] - Statement - counter = counter + 1: null

2018-11-27 15:44:31 - [TEST_STEP][PASSED] - Statement - PreSaveFile = new java.io.File(((pathPrefix + java.lang.Integer.toString(counter)) + .png)): null

2018-11-27 15:44:31 - [TEST_STEP][PASSED] - Statement - counter = counter + 1: null

2018-11-27 15:44:31 - [TEST_STEP][PASSED] - Statement - PreSaveFile = new java.io.File(((pathPrefix + java.lang.Integer.toString(counter)) + .png)): null

2018-11-27 15:44:31 - [TEST_STEP][PASSED] - Statement - counter = counter + 1: null

2018-11-27 15:44:31 - [TEST_STEP][PASSED] - Statement - PreSaveFile = new java.io.File(((pathPrefix + java.lang.Integer.toString(counter)) + .png)): null

2018-11-27 15:44:31 - [TEST_STEP][PASSED] - Statement - counter = counter + 1: null

2018-11-27 15:44:31 - [TEST_STEP][PASSED] - Statement - PreSaveFile = new java.io.File(((pathPrefix + java.lang.Integer.toString(counter)) + .png)): null

2018-11-27 15:44:31 - [TEST_STEP][PASSED] - Statement - counter = counter + 1: null

2018-11-27 15:44:31 - [TEST_STEP][PASSED] - Statement - PreSaveFile = new java.io.File(((pathPrefix + java.lang.Integer.toString(counter)) + .png)): null

2018-11-27 15:44:31 - [TEST_STEP][PASSED] - Statement - counter = counter + 1: null

2018-11-27 15:44:31 - [TEST_STEP][PASSED] - Statement - PreSaveFile = new java.io.File(((pathPrefix + java.lang.Integer.toString(counter)) + .png)): null

2018-11-27 15:44:31 - [TEST_STEP][PASSED] - Statement - counter = counter + 1: null

2018-11-27 15:44:31 - [TEST_STEP][PASSED] - Statement - PreSaveFile = new java.io.File(((pathPrefix + java.lang.Integer.toString(counter)) + .png)): null

2018-11-27 15:44:31 - [TEST_STEP][PASSED] - Statement - counter = counter + 1: null

2018-11-27 15:44:31 - [TEST_STEP][PASSED] - Statement - PreSaveFile = new java.io.File(((pathPrefix + java.lang.Integer.toString(counter)) + .png)): null

2018-11-27 15:44:31 - [TEST_STEP][PASSED] - Statement - counter = counter + 1: null

2018-11-27 15:44:31 - [TEST_STEP][PASSED] - Statement - PreSaveFile = new java.io.File(((pathPrefix + java.lang.Integer.toString(counter)) + .png)): null

2018-11-27 15:44:31 - [TEST_STEP][PASSED] - Statement - counter = counter + 1: null

2018-11-27 15:44:31 - [TEST_STEP][PASSED] - Statement - PreSaveFile = new java.io.File(((pathPrefix + java.lang.Integer.toString(counter)) + .png)): null

2018-11-27 15:44:31 - [TEST_STEP][PASSED] - Statement - counter = counter + 1: null

2018-11-27 15:44:31 - [TEST_STEP][PASSED] - Statement - PreSaveFile = new java.io.File(((pathPrefix + java.lang.Integer.toString(counter)) + .png)): null

2018-11-27 15:44:31 - [TEST_STEP][PASSED] - Statement - finalPath = pathPrefix + java.lang.Integer.toString(counter) + ".png": null

2018-11-27 15:44:31 - [TEST_STEP][PASSED] - Statement - SaveFile = new java.io.File(finalPath): null

2018-11-27 15:44:31 - [TEST_STEP][PASSED] - Statement - Try: null

2018-11-27 15:44:31 - [TEST_STEP][PASSED] - Statement - org.apache.commons.io.FileUtils.copyFile(scrFile, SaveFile): null

2018-11-27 15:44:31 - [TEST_STEP][PASSED] - Statement - out.println("file kept"): null

2018-11-27 15:44:31 - [TEST_STEP][PASSED] - delay: Delayed 10 second(s)

2018-11-27 15:44:41 - [MESSAGE][PASSED] - Delayed 10 second(s)

2018-11-27 15:44:41 - [MESSAGE][PASSED] - Call Test Case 'Test Cases/Final Aug 2018 - PKS Automation/Registration Module/New Registration/Submit and Screenshot/Submit Registration and Screenshot - Copy' successfully

2018-11-27 15:44:41 - [TEST_STEP][PASSED] - Statement - UpdateAddNewECode = com.kms.katalon.core.webui.keyword.WebUiBuiltInKeywords.getText(com.kms.katalon.core.testobject.ObjectRepository.findTestObject(Object Repository/Final Object Repo/Page_Update Add New Employee - ASSIST/getEmpCode)): Text of object 'Object Repository/Final Object Repo/Page_Update Add New Employee - ASSIST/getEmpCode' is: 'E1102070502X'

2018-11-27 15:44:41 - [MESSAGE][PASSED] - Text of object 'Object Repository/Final Object Repo/Page_Update Add New Employee - ASSIST/getEmpCode' is: 'E1102070502X'

2018-11-27 15:44:41 - [TEST_STEP][PASSED] - callTestCase: Call Test Case 'Test Cases/Final Aug 2018 - PKS Automation/Common/Emp Code Setter' successfully

2018-11-27 15:44:42 - [TEST_CASE][PASSED] - Test Cases/Final Aug 2018 - PKS Automation/Common/Emp Code Setter: Test Cases/Final Aug 2018 - PKS Automation/Common/Emp Code Setter

2018-11-27 15:44:42 - [TEST_STEP][PASSED] - Statement - EmpCodeOld = new java.io.File(C://Users//Admin//Desktop//PKS//Automation Reference Point//EmpCode.txt): null

2018-11-27 15:44:42 - [TEST_STEP][PASSED] - Statement - EmpCodeOld.delete(): null

2018-11-27 15:44:42 - [TEST_STEP][PASSED] - Statement - EmpCode = new java.io.File(C://Users//Admin//Desktop//PKS//Automation Reference Point//EmpCode.txt): null

2018-11-27 15:44:42 - [TEST_STEP][PASSED] - Statement - EmpCode.append(UpdateAddNewECode): null

2018-11-27 15:44:42 - [TEST_STEP][PASSED] - Statement - out.println("


" + UpdateAddNewECode + "


"): null

2018-11-27 15:44:42 - [MESSAGE][PASSED] - Call Test Case 'Test Cases/Final Aug 2018 - PKS Automation/Common/Emp Code Setter' successfully

2018-11-27 15:44:42 - [MESSAGE][PASSED] - Call Test Case 'Test Cases/Final Aug 2018 - PKS Automation/Registration Module/Workflow/Update Add New Employee/Template/New Company for Update Add New - Employer' successfully

2018-11-27 15:44:42 - [TEST_STEP][PASSED] - callTestCase: Call Test Case 'Test Cases/Final Aug 2018 - PKS Automation/Registration Module/Log Out/log out avoiding katalon tagging' successfully

2018-11-27 15:44:42 - [TEST_CASE][PASSED] - Test Cases/Final Aug 2018 - PKS Automation/Registration Module/Log Out/log out avoiding katalon tagging: Test Cases/Final Aug 2018 - PKS Automation/Registration Module/Log Out/log out avoiding katalon tagging

2018-11-27 15:44:42 - [TEST_STEP][PASSED] - navigateToUrl: Navigate to 'https://assist2-uat.perkeso.gov.my/c/portal/logout' successfully

2018-11-27 15:44:43 - [MESSAGE][PASSED] - Navigate to 'https://assist2-uat.perkeso.gov.my/c/portal/logout' successfully

2018-11-27 15:44:43 - [MESSAGE][PASSED] - Call Test Case 'Test Cases/Final Aug 2018 - PKS Automation/Registration Module/Log Out/log out avoiding katalon tagging' successfully

2018-11-27 15:44:43 - [TEST_STEP][PASSED] - callTestCase: Call Test Case 'Test Cases/Final Aug 2018 - PKS Automation/Registration Module/New Registration/Form 2/Date Updater' successfully

2018-11-27 15:44:43 - [TEST_CASE][PASSED] - Test Cases/Final Aug 2018 - PKS Automation/Registration Module/New Registration/Form 2/Date Updater: Test Cases/Final Aug 2018 - PKS Automation/Registration Module/New Registration/Form 2/Date Updater

2018-11-27 15:44:43 - [TEST_STEP][PASSED] - Statement - TodayDate = new java.util.Date(): null

2018-11-27 15:44:43 - [TEST_STEP][PASSED] - Statement - CurrentDateNoFilter = new java.text.SimpleDateFormat(): null

2018-11-27 15:44:43 - [TEST_STEP][PASSED] - Statement - CurrentDateNoFilter.applyPattern("dd"): null

2018-11-27 15:44:43 - [TEST_STEP][PASSED] - Statement - CurrentDate = CurrentDateNoFilter.format(TodayDate): null

2018-11-27 15:44:43 - [TEST_STEP][PASSED] - Statement - CurrentDate = java.lang.Integer.parseInt(CurrentDate): null

2018-11-27 15:44:43 - [TEST_STEP][PASSED] - Statement - CurrentDate = CurrentDate: null

2018-11-27 15:44:43 - [TEST_STEP][PASSED] - Statement - CurrentDay = java.lang.Integer.parseInt(CurrentDate): null

2018-11-27 15:44:43 - [TEST_STEP][PASSED] - Statement - aDayBefore = CurrentDay + 1: null

2018-11-27 15:44:43 - [TEST_STEP][PASSED] - Statement - DayBefore = aDayBefore.toString(): null

2018-11-27 15:44:43 - [TEST_STEP][PASSED] - Statement - OneDayBefore = DayBefore: null

2018-11-27 15:44:43 - [TEST_STEP][PASSED] - Statement - CurrentDateNoFilter.applyPattern("MM"): null

2018-11-27 15:44:43 - [TEST_STEP][PASSED] - Statement - monthContainerMatcher = java.lang.Integer.parseInt(CurrentDateNoFilter.format(TodayDate)): null

2018-11-27 15:44:43 - [TEST_STEP][PASSED] - Statement - monthContainerMatcher = monthContainerMatcher - 1: null

2018-11-27 15:44:43 - [TEST_STEP][PASSED] - Statement - CurrentMonth = monthContainerMatcher.toString(): null

2018-11-27 15:44:43 - [TEST_STEP][PASSED] - Statement - CurrentMonth = CurrentMonth: null

2018-11-27 15:44:43 - [TEST_STEP][PASSED] - Statement - CurrentDateNoFilter.applyPattern("yyyy"): null

2018-11-27 15:44:43 - [TEST_STEP][PASSED] - Statement - CurrentYear = CurrentDateNoFilter.format(TodayDate): null

2018-11-27 15:44:43 - [TEST_STEP][PASSED] - Statement - CurrentYear = CurrentYear: null

2018-11-27 15:44:43 - [TEST_STEP][PASSED] - Statement - intCurrentYear = java.lang.Integer.parseInt(CurrentDateNoFilter.format(TodayDate)): null

2018-11-27 15:44:43 - [TEST_STEP][PASSED] - Statement - eighteenYrsAgo = intCurrentYear - 18: null

2018-11-27 15:44:43 - [TEST_STEP][PASSED] - Statement - eighteenYrsBeforeThisYr = eighteenYrsAgo.toString(): null

2018-11-27 15:44:43 - [TEST_STEP][PASSED] - Statement - EighteenYrsBefore = eighteenYrsBeforeThisYr: null

2018-11-27 15:44:43 - [TEST_STEP][PASSED] - Statement - fiftysevenYrsAgo = intCurrentYear - 57: null

2018-11-27 15:44:43 - [TEST_STEP][PASSED] - Statement - fiftysevenYrsBeforeThisYr = fiftysevenYrsAgo.toString(): null

2018-11-27 15:44:43 - [TEST_STEP][PASSED] - Statement - FiftysevenYrsBefore = fiftysevenYrsBeforeThisYr: null

2018-11-27 15:44:43 - [MESSAGE][PASSED] - Call Test Case 'Test Cases/Final Aug 2018 - PKS Automation/Registration Module/New Registration/Form 2/Date Updater' successfully

2018-11-27 15:44:43 - [TEST_STEP][PASSED] - delay: Delayed 2 second(s)

2018-11-27 15:44:45 - [MESSAGE][PASSED] - Delayed 2 second(s)

2018-11-27 15:44:45 - [TEST_STEP][PASSED] - callTestCase: Call Test Case 'Test Cases/Final Aug 2018 - PKS Automation/Create Employer Acc/Login to Employer Account (Second time)' successfully

2018-11-27 15:44:45 - [TEST_CASE][PASSED] - Test Cases/Final Aug 2018 - PKS Automation/Create Employer Acc/Login to Employer Account (Second time): Test Cases/Final Aug 2018 - PKS Automation/Create Employer Acc/Login to Employer Account (Second time)

2018-11-27 15:44:45 - [TEST_STEP][PASSED] - openBrowser: Browser is opened with url: ''

2018-11-27 15:44:45 - [MESSAGE][WARNING] - A browser is already opened. Closing browser and opening a new one

2018-11-27 15:44:49 - [MESSAGE][PASSED] - Browser is opened with url: ''

2018-11-27 15:44:49 - [TEST_STEP][PASSED] - navigateToUrl: Navigate to 'https://assist2-uat.perkeso.gov.my/employer/login' successfully

2018-11-27 15:44:50 - [MESSAGE][PASSED] - Navigate to 'https://assist2-uat.perkeso.gov.my/employer/login' successfully

2018-11-27 15:44:50 - [TEST_STEP][PASSED] - delay: Delayed 3 second(s)

2018-11-27 15:44:53 - [MESSAGE][PASSED] - Delayed 3 second(s)

2018-11-27 15:44:53 - [TEST_STEP][PASSED] - callTestCase: Call Test Case 'Test Cases/Final Aug 2018 - PKS Automation/Create Employer Acc/Template/Employer Email Getter' successfully

2018-11-27 15:44:54 - [TEST_CASE][PASSED] - Test Cases/Final Aug 2018 - PKS Automation/Create Employer Acc/Template/Employer Email Getter: Test Cases/Final Aug 2018 - PKS Automation/Create Employer Acc/Template/Employer Email Getter

2018-11-27 15:44:54 - [TEST_STEP][PASSED] - Statement - Try: null

2018-11-27 15:44:54 - [TEST_STEP][PASSED] - Statement - EmpEmail = new java.io.File(C://Users//Admin//Desktop//PKS//Automation Reference Point//EmpEmail.txt): null

2018-11-27 15:44:54 - [TEST_STEP][PASSED] - Statement - bufferread = new java.io.BufferedReader(new java.io.FileReader(EmpEmail)): null

2018-11-27 15:44:54 - [TEST_STEP][PASSED] - Statement - readedVal = bufferread.readLine(): null

2018-11-27 15:44:54 - [TEST_STEP][PASSED] - Statement - out.println(readedVal): null

2018-11-27 15:44:54 - [TEST_STEP][PASSED] - Statement - Email = readedVal: null

2018-11-27 15:44:54 - [MESSAGE][PASSED] - Call Test Case 'Test Cases/Final Aug 2018 - PKS Automation/Create Employer Acc/Template/Employer Email Getter' successfully

2018-11-27 15:44:54 - [TEST_STEP][PASSED] - setText: Text 'perkeso672533544062@gmail.com' is set on object 'Object Repository/Final Object Repo/Login Page/External Login Page/Email'

2018-11-27 15:44:54 - [MESSAGE][PASSED] - Text 'perkeso672533544062@gmail.com' is set on object 'Object Repository/Final Object Repo/Login Page/External Login Page/Email'

2018-11-27 15:44:54 - [TEST_STEP][PASSED] - click: Object: 'Object Repository/Final Object Repo/Login Page/External Login Page/Next' is clicked on

2018-11-27 15:44:54 - [MESSAGE][PASSED] - Object: 'Object Repository/Final Object Repo/Login Page/External Login Page/Next' is clicked on

2018-11-27 15:44:54 - [TEST_STEP][PASSED] - delay: Delayed 3 second(s)

2018-11-27 15:44:57 - [MESSAGE][PASSED] - Delayed 3 second(s)

2018-11-27 15:44:57 - [TEST_STEP][PASSED] - setEncryptedText: Text ****** has been set on object 'Object Repository/Final Object Repo/Login Page/External Login Page/Password'

2018-11-27 15:44:57 - [MESSAGE][PASSED] - Text ****** has been set on object 'Object Repository/Final Object Repo/Login Page/External Login Page/Password'

2018-11-27 15:44:57 - [TEST_STEP][PASSED] - click: Object: 'Object Repository/Final Object Repo/Login Page/External Login Page/Login' is clicked on

2018-11-27 15:44:58 - [MESSAGE][PASSED] - Object: 'Object Repository/Final Object Repo/Login Page/External Login Page/Login' is clicked on

2018-11-27 15:44:58 - [TEST_STEP][PASSED] - delay: Delayed 5 second(s)

2018-11-27 15:45:03 - [MESSAGE][PASSED] - Delayed 5 second(s)

2018-11-27 15:45:03 - [MESSAGE][PASSED] - Call Test Case 'Test Cases/Final Aug 2018 - PKS Automation/Create Employer Acc/Login to Employer Account (Second time)' successfully

2018-11-27 15:45:03 - [TEST_STEP][PASSED] - delay: Delayed 4 second(s)

2018-11-27 15:45:07 - [MESSAGE][PASSED] - Delayed 4 second(s)

2018-11-27 15:45:07 - [TEST_STEP][PASSED] - Statement - Try: Delayed 2 second(s)

2018-11-27 15:45:07 - [TEST_STEP][PASSED] - Statement - Checker = false: null

2018-11-27 15:45:07 - [TEST_STEP][PASSED] - Statement - Checker = com.kms.katalon.core.webui.keyword.WebUiBuiltInKeywords.verifyElementHasAttribute(com.kms.katalon.core.testobject.ObjectRepository.findTestObject(Final Object Repo/Landing Page/BM Detecting), "href", 20, OPTIONAL): Object 'Object Repository/Final Object Repo/Landing Page/BM Detecting' has attribute 'href'

2018-11-27 15:45:07 - [MESSAGE][PASSED] - Object 'Object Repository/Final Object Repo/Landing Page/BM Detecting' has attribute 'href'

2018-11-27 15:45:07 - [TEST_STEP][PASSED] - Statement - out.println(Checker): null

2018-11-27 15:45:07 - [TEST_STEP][PASSED] - Statement - If (Checker == false): null

2018-11-27 15:45:07 - [TEST_STEP][PASSED] - Statement - Else: null

2018-11-27 15:45:07 - [TEST_STEP][PASSED] - delay: Delayed 2 second(s)

2018-11-27 15:45:09 - [MESSAGE][PASSED] - Delayed 2 second(s)

2018-11-27 15:45:09 - [TEST_STEP][PASSED] - delay: Delayed 4 second(s)

2018-11-27 15:45:13 - [MESSAGE][PASSED] - Delayed 4 second(s)

2018-11-27 15:45:13 - [TEST_STEP][PASSED] - click: Object: 'Object Repository/Final Object Repo/Page_Update Add New Employee - ASSIST/My Sites Drop Down' is clicked on

2018-11-27 15:45:13 - [MESSAGE][PASSED] - Object: 'Object Repository/Final Object Repo/Page_Update Add New Employee - ASSIST/My Sites Drop Down' is clicked on

2018-11-27 15:45:13 - [TEST_STEP][PASSED] - click: Object: 'Object Repository/Final Object Repo/Page_Update Add New Employee - ASSIST/Select to Registration Module' is clicked on

2018-11-27 15:45:18 - [MESSAGE][PASSED] - Object: 'Object Repository/Final Object Repo/Page_Update Add New Employee - ASSIST/Select to Registration Module' is clicked on

2018-11-27 15:45:18 - [TEST_STEP][NOT_RUN] - navigateToUrl: NOT_RUN: navigateToUrl

2018-11-27 15:45:18 - [MESSAGE][NOT_RUN] - NOT_RUN: navigateToUrl

2018-11-27 15:45:18 - [TEST_STEP][PASSED] - mouseOver: Object: 'Object Repository/Final Object Repo/Page_Update Add New Employee - ASSIST/Select to Update Akta 4 Tab' is hovered

2018-11-27 15:45:18 - [MESSAGE][PASSED] - Object: 'Object Repository/Final Object Repo/Page_Update Add New Employee - ASSIST/Select to Update Akta 4 Tab' is hovered

2018-11-27 15:45:18 - [TEST_STEP][PASSED] - delay: Delayed 2 second(s)

2018-11-27 15:45:20 - [MESSAGE][PASSED] - Delayed 2 second(s)

2018-11-27 15:45:20 - [TEST_STEP][PASSED] - click: Object: 'Object Repository/Final Object Repo/Page_Update Add New Employee - ASSIST/Select to Update Add New Employee' is clicked on

2018-11-27 15:45:20 - [MESSAGE][PASSED] - Object: 'Object Repository/Final Object Repo/Page_Update Add New Employee - ASSIST/Select to Update Add New Employee' is clicked on

2018-11-27 15:45:20 - [TEST_STEP][PASSED] - delay: Delayed 2 second(s)

2018-11-27 15:45:22 - [MESSAGE][PASSED] - Delayed 2 second(s)

2018-11-27 15:45:22 - [TEST_STEP][PASSED] - setText: Text 'E1102070502X' is set on object 'Object Repository/Final Object Repo/Page_Update Add New Employee - ASSIST/Employer Code input textbox'

2018-11-27 15:45:23 - [MESSAGE][PASSED] - Text 'E1102070502X' is set on object 'Object Repository/Final Object Repo/Page_Update Add New Employee - ASSIST/Employer Code input textbox'

2018-11-27 15:45:23 - [TEST_STEP][PASSED] - delay: Delayed 2 second(s)

2018-11-27 15:45:25 - [MESSAGE][PASSED] - Delayed 2 second(s)

2018-11-27 15:45:25 - [TEST_STEP][PASSED] - click: Object: 'Object Repository/Final Object Repo/Page_Update Add New Employee - ASSIST/Search Button for Employer Code' is clicked on

2018-11-27 15:45:25 - [MESSAGE][PASSED] - Object: 'Object Repository/Final Object Repo/Page_Update Add New Employee - ASSIST/Search Button for Employer Code' is clicked on

2018-11-27 15:45:25 - [TEST_STEP][PASSED] - delay: Delayed 4 second(s)

2018-11-27 15:45:29 - [MESSAGE][PASSED] - Delayed 4 second(s)

2018-11-27 15:45:29 - [TEST_STEP][PASSED] - click: Object: 'Object Repository/Final Object Repo/Page_Update Add New Employee - ASSIST/Click to Edit Case' is clicked on

2018-11-27 15:45:31 - [MESSAGE][PASSED] - Object: 'Object Repository/Final Object Repo/Page_Update Add New Employee - ASSIST/Click to Edit Case' is clicked on

2018-11-27 15:45:31 - [TEST_STEP][PASSED] - callTestCase: Call Test Case 'Test Cases/Final Aug 2018 - PKS Automation/Registration Module/Workflow/Update Add New Employee/Template/Employee Adding/Employee Adding Action liability date change - Employer Access' successfully

2018-11-27 15:45:31 - [TEST_CASE][PASSED] - Test Cases/Final Aug 2018 - PKS Automation/Registration Module/Workflow/Update Add New Employee/Template/Employee Adding/Employee Adding Action liability date change - Employer Access: Test Cases/Final Aug 2018 - PKS Automation/Registration Module/Workflow/Update Add New Employee/Template/Employee Adding/Employee Adding Action liability date change - Employer Access

2018-11-27 15:45:32 - [TEST_STEP][PASSED] - delay: Delayed 4 second(s)

2018-11-27 15:45:36 - [MESSAGE][PASSED] - Delayed 4 second(s)

2018-11-27 15:45:36 - [TEST_STEP][PASSED] - click: Object: 'Object Repository/Final Object Repo/Page_Update Add New Employee - ASSIST/Add Employee Button' is clicked on

2018-11-27 15:45:36 - [MESSAGE][PASSED] - Object: 'Object Repository/Final Object Repo/Page_Update Add New Employee - ASSIST/Add Employee Button' is clicked on

2018-11-27 15:45:36 - [TEST_STEP][PASSED] - delay: Delayed 3 second(s)

2018-11-27 15:45:39 - [MESSAGE][PASSED] - Delayed 3 second(s)

2018-11-27 15:45:39 - [TEST_STEP][PASSED] - setText: Text '830081009219' is set on object 'Object Repository/Final Object Repo/Page_Update Add New Employee - ASSIST/NRIC Input'

2018-11-27 15:45:39 - [MESSAGE][PASSED] - Text '830081009219' is set on object 'Object Repository/Final Object Repo/Page_Update Add New Employee - ASSIST/NRIC Input'

2018-11-27 15:45:39 - [TEST_STEP][PASSED] - delay: Delayed 2 second(s)

2018-11-27 15:45:41 - [MESSAGE][PASSED] - Delayed 2 second(s)

2018-11-27 15:45:41 - [TEST_STEP][PASSED] - setText: Text 'Automate002 Employee eligible 1' is set on object 'Object Repository/Final Object Repo/Page_Update Add New Employee - ASSIST/Employee Name Input'

2018-11-27 15:45:42 - [MESSAGE][PASSED] - Text 'Automate002 Employee eligible 1' is set on object 'Object Repository/Final Object Repo/Page_Update Add New Employee - ASSIST/Employee Name Input'

2018-11-27 15:45:42 - [TEST_STEP][PASSED] - delay: Delayed 2 second(s)

2018-11-27 15:45:44 - [MESSAGE][PASSED] - Delayed 2 second(s)

2018-11-27 15:45:44 - [TEST_STEP][PASSED] - click: Object: 'Object Repository/Final Object Repo/Page_Update Add New Employee - ASSIST/DatePicker Pop Up' is clicked on

2018-11-27 15:45:44 - [MESSAGE][PASSED] - Object: 'Object Repository/Final Object Repo/Page_Update Add New Employee - ASSIST/DatePicker Pop Up' is clicked on

2018-11-27 15:45:44 - [TEST_STEP][PASSED] - click: Object: 'Object Repository/Final Object Repo/Page_Update Add New Employee - ASSIST/DOB Month' is clicked on

2018-11-27 15:45:44 - [MESSAGE][PASSED] - Object: 'Object Repository/Final Object Repo/Page_Update Add New Employee - ASSIST/DOB Month' is clicked on

2018-11-27 15:45:44 - [TEST_STEP][PASSED] - Statement - CurrentMonth = CurrentMonth: null

2018-11-27 15:45:44 - [TEST_STEP][PASSED] - Statement - selectMonth = new com.kms.katalon.core.testobject.TestObject(): null

2018-11-27 15:45:44 - [TEST_STEP][PASSED] - Statement - selectMonth.addProperty("xpath", EQUALS, "//body/div/div/div/select/option[@value='" + CurrentMonth + "']", true): null

2018-11-27 15:45:44 - [TEST_STEP][PASSED] - click: Object: '' is clicked on

2018-11-27 15:45:44 - [MESSAGE][PASSED] - Object: '' is clicked on

2018-11-27 15:45:44 - [TEST_STEP][PASSED] - click: Object: 'Object Repository/Final Object Repo/Page_Update Add New Employee - ASSIST/DOB Year' is clicked on

2018-11-27 15:45:45 - [MESSAGE][PASSED] - Object: 'Object Repository/Final Object Repo/Page_Update Add New Employee - ASSIST/DOB Year' is clicked on

2018-11-27 15:45:45 - [TEST_STEP][PASSED] - Statement - Eyearsbf = EighteenYrsBefore: null

2018-11-27 15:45:45 - [TEST_STEP][PASSED] - Statement - selectYear = new com.kms.katalon.core.testobject.TestObject(): null

2018-11-27 15:45:45 - [TEST_STEP][PASSED] - Statement - selectYear.addProperty("xpath", EQUALS, "//div/div/div/select/option[@value='" + Eyearsbf + "']", true): null

2018-11-27 15:45:45 - [TEST_STEP][PASSED] - click: Object: '' is clicked on

2018-11-27 15:45:45 - [MESSAGE][PASSED] - Object: '' is clicked on

2018-11-27 15:45:45 - [TEST_STEP][PASSED] - Statement - UpdatedSelectDate = com.kms.katalon.core.webui.keyword.WebUiBuiltInKeywords.modifyObjectProperty(com.kms.katalon.core.testobject.ObjectRepository.findTestObject(Final Object Repo/Page_Update Add New Employee - ASSIST/DOB Date), "xpath", "equals", "//body/div/table/tbody/tr/td/a[text()="" + CurrentDate + ""]", true): Modify property of object successfully

2018-11-27 15:45:45 - [MESSAGE][PASSED] - Modify property of object successfully

2018-11-27 15:45:45 - [TEST_STEP][PASSED] - delay: Delayed 3 second(s)

2018-11-27 15:45:48 - [MESSAGE][PASSED] - Delayed 3 second(s)

2018-11-27 15:45:48 - [TEST_STEP][PASSED] - click: Object: 'Object Repository/Final Object Repo/Page_Update Add New Employee - ASSIST/DOB Date' is clicked on

2018-11-27 15:45:48 - [MESSAGE][PASSED] - Object: 'Object Repository/Final Object Repo/Page_Update Add New Employee - ASSIST/DOB Date' is clicked on

2018-11-27 15:45:48 - [TEST_STEP][PASSED] - delay: Delayed 2 second(s)

2018-11-27 15:45:50 - [MESSAGE][PASSED] - Delayed 2 second(s)

2018-11-27 15:45:50 - [TEST_STEP][PASSED] - click: Object: 'Object Repository/Final Object Repo/Page_Update Add New Employee - ASSIST/EmploymentStartDate Pop Up' is clicked on

2018-11-27 15:45:50 - [MESSAGE][PASSED] - Object: 'Object Repository/Final Object Repo/Page_Update Add New Employee - ASSIST/EmploymentStartDate Pop Up' is clicked on

2018-11-27 15:45:50 - [TEST_STEP][PASSED] - delay: Delayed 2 second(s)

2018-11-27 15:45:52 - [MESSAGE][PASSED] - Delayed 2 second(s)

2018-11-27 15:45:52 - [TEST_STEP][PASSED] - click: Object: 'Object Repository/Final Object Repo/Page_Update Add New Employee - ASSIST/Socso Employment StartDate Month' is clicked on

2018-11-27 15:45:52 - [MESSAGE][PASSED] - Object: 'Object Repository/Final Object Repo/Page_Update Add New Employee - ASSIST/Socso Employment StartDate Month' is clicked on

2018-11-27 15:45:52 - [TEST_STEP][PASSED] - delay: Delayed 1 second(s)

2018-11-27 15:45:53 - [MESSAGE][PASSED] - Delayed 1 second(s)

2018-11-27 15:45:53 - [TEST_STEP][PASSED] - click: Object: 'Object Repository/Final Object Repo/Page_Update Add New Employee - ASSIST/Select Socso Employement Startdate Month' is clicked on

2018-11-27 15:45:54 - [MESSAGE][PASSED] - Object: 'Object Repository/Final Object Repo/Page_Update Add New Employee - ASSIST/Select Socso Employement Startdate Month' is clicked on

2018-11-27 15:45:54 - [TEST_STEP][PASSED] - delay: Delayed 2 second(s)

2018-11-27 15:45:56 - [MESSAGE][PASSED] - Delayed 2 second(s)

2018-11-27 15:45:56 - [TEST_STEP][PASSED] - click: Object: 'Object Repository/Final Object Repo/Page_Update Add New Employee - ASSIST/Socso Employment StartDate Year' is clicked on

2018-11-27 15:45:56 - [MESSAGE][PASSED] - Object: 'Object Repository/Final Object Repo/Page_Update Add New Employee - ASSIST/Socso Employment StartDate Year' is clicked on

2018-11-27 15:45:56 - [TEST_STEP][PASSED] - delay: Delayed 1 second(s)

2018-11-27 15:45:57 - [MESSAGE][PASSED] - Delayed 1 second(s)

2018-11-27 15:45:57 - [TEST_STEP][PASSED] - click: Object: 'Object Repository/Final Object Repo/Page_Update Add New Employee - ASSIST/Select Socso Employment Startdate Year - Emp Update Add New' is clicked on

2018-11-27 15:45:57 - [MESSAGE][PASSED] - Object: 'Object Repository/Final Object Repo/Page_Update Add New Employee - ASSIST/Select Socso Employment Startdate Year - Emp Update Add New' is clicked on

2018-11-27 15:45:57 - [TEST_STEP][PASSED] - delay: Delayed 2 second(s)

2018-11-27 15:45:59 - [MESSAGE][PASSED] - Delayed 2 second(s)

2018-11-27 15:45:59 - [TEST_STEP][PASSED] - click: Object: 'Object Repository/Final Object Repo/Page_Update Add New Employee - ASSIST/Socso Employment Start Date Day' is clicked on

2018-11-27 15:45:59 - [MESSAGE][PASSED] - Object: 'Object Repository/Final Object Repo/Page_Update Add New Employee - ASSIST/Socso Employment Start Date Day' is clicked on

2018-11-27 15:45:59 - [TEST_STEP][PASSED] - delay: Delayed 2 second(s)

2018-11-27 15:46:01 - [MESSAGE][PASSED] - Delayed 2 second(s)

2018-11-27 15:46:01 - [TEST_STEP][PASSED] - click: Object: 'Object Repository/Final Object Repo/Page_Update Add New Employee - ASSIST/Save Button for Add Employee' is clicked on

2018-11-27 15:46:01 - [MESSAGE][PASSED] - Object: 'Object Repository/Final Object Repo/Page_Update Add New Employee - ASSIST/Save Button for Add Employee' is clicked on

2018-11-27 15:46:01 - [MESSAGE][PASSED] - Call Test Case 'Test Cases/Final Aug 2018 - PKS Automation/Registration Module/Workflow/Update Add New Employee/Template/Employee Adding/Employee Adding Action liability date change - Employer Access' successfully

2018-11-27 15:46:01 - [TEST_STEP][PASSED] - delay: Delayed 4 second(s)

2018-11-27 15:46:05 - [MESSAGE][PASSED] - Delayed 4 second(s)

2018-11-27 15:46:05 - [TEST_STEP][PASSED] - Statement - CaseReferenceNo = com.kms.katalon.core.webui.keyword.WebUiBuiltInKeywords.getText(com.kms.katalon.core.testobject.ObjectRepository.findTestObject(Final Object Repo/Page_Update Add New Employee - ASSIST/RefNo)): Text of object 'Object Repository/Final Object Repo/Page_Update Add New Employee - ASSIST/RefNo' is: 'CAN11201800002197'

2018-11-27 15:46:05 - [MESSAGE][PASSED] - Text of object 'Object Repository/Final Object Repo/Page_Update Add New Employee - ASSIST/RefNo' is: 'CAN11201800002197'

2018-11-27 15:46:05 - [TEST_STEP][PASSED] - callTestCase: Call Test Case 'Test Cases/Final Aug 2018 - PKS Automation/Common/Reference Number Setter' successfully

2018-11-27 15:46:05 - [TEST_CASE][PASSED] - Test Cases/Final Aug 2018 - PKS Automation/Common/Reference Number Setter: Test Cases/Final Aug 2018 - PKS Automation/Common/Reference Number Setter

2018-11-27 15:46:05 - [TEST_STEP][PASSED] - Statement - RefNoOldFile = new java.io.File(C://Users//Admin//Desktop//PKS//Automation Reference Point//KatalonReference.txt): null

2018-11-27 15:46:05 - [TEST_STEP][PASSED] - Statement - RefNoOldFile.delete(): null

2018-11-27 15:46:05 - [TEST_STEP][PASSED] - delay: Delayed 5 second(s)

2018-11-27 15:46:10 - [MESSAGE][PASSED] - Delayed 5 second(s)

2018-11-27 15:46:10 - [TEST_STEP][PASSED] - Statement - RefNo = new java.io.File(C://Users//Admin//Desktop//PKS//Automation Reference Point//KatalonReference.txt): null

2018-11-27 15:46:10 - [TEST_STEP][PASSED] - Statement - f2 = new java.io.FileWriter(RefNo, false): null

2018-11-27 15:46:10 - [TEST_STEP][PASSED] - Statement - f2.write(CaseReferenceNo): null

2018-11-27 15:46:10 - [TEST_STEP][PASSED] - Statement - f2.close(): null

2018-11-27 15:46:10 - [TEST_STEP][PASSED] - Statement - out.println("


" + CaseReferenceNo + "


"): null

2018-11-27 15:46:10 - [MESSAGE][PASSED] - Call Test Case 'Test Cases/Final Aug 2018 - PKS Automation/Common/Reference Number Setter' successfully

2018-11-27 15:46:10 - [TEST_STEP][PASSED] - delay: Delayed 5 second(s)

2018-11-27 15:46:15 - [MESSAGE][PASSED] - Delayed 5 second(s)

2018-11-27 15:46:15 - [TEST_STEP][PASSED] - click: Object: 'Object Repository/Final Object Repo/Page_Update Add New Employee - ASSIST/Save  Continue Button' is clicked on

2018-11-27 15:46:16 - [MESSAGE][PASSED] - Object: 'Object Repository/Final Object Repo/Page_Update Add New Employee - ASSIST/Save  Continue Button' is clicked on

2018-11-27 15:46:16 - [TEST_STEP][PASSED] - delay: Delayed 4 second(s)

2018-11-27 15:46:20 - [MESSAGE][PASSED] - Delayed 4 second(s)

2018-11-27 15:46:20 - [TEST_STEP][PASSED] - click: Object: 'Object Repository/Final Object Repo/Page_Update Add New Employee - ASSIST/Save  Continue Third Screen' is clicked on

2018-11-27 15:46:23 - [MESSAGE][PASSED] - Object: 'Object Repository/Final Object Repo/Page_Update Add New Employee - ASSIST/Save  Continue Third Screen' is clicked on

2018-11-27 15:46:23 - [TEST_STEP][PASSED] - delay: Delayed 4 second(s)

2018-11-27 15:46:27 - [MESSAGE][PASSED] - Delayed 4 second(s)

2018-11-27 15:46:27 - [TEST_STEP][PASSED] - click: Object: 'Object Repository/Final Object Repo/Page_Update Add New Employee - ASSIST/Save   Continue Supporting Doc Page' is clicked on

2018-11-27 15:46:27 - [MESSAGE][PASSED] - Object: 'Object Repository/Final Object Repo/Page_Update Add New Employee - ASSIST/Save   Continue Supporting Doc Page' is clicked on

2018-11-27 15:46:27 - [TEST_STEP][PASSED] - delay: Delayed 4 second(s)

2018-11-27 15:46:31 - [MESSAGE][PASSED] - Delayed 4 second(s)

2018-11-27 15:46:31 - [TEST_STEP][PASSED] - click: Object: 'Object Repository/Final Object Repo/Page_Update Add New Employee - ASSIST/Submit Button' is clicked on

2018-11-27 15:46:31 - [MESSAGE][PASSED] - Object: 'Object Repository/Final Object Repo/Page_Update Add New Employee - ASSIST/Submit Button' is clicked on

2018-11-27 15:46:31 - [TEST_STEP][PASSED] - delay: Delayed 4 second(s)

2018-11-27 15:46:35 - [MESSAGE][PASSED] - Delayed 4 second(s)

2018-11-27 15:46:35 - [TEST_STEP][PASSED] - click: Object: 'Object Repository/Final Object Repo/Page_Update Add New Employee - ASSIST/Confirm Submit Button' is clicked on

2018-11-27 15:46:35 - [MESSAGE][PASSED] - Object: 'Object Repository/Final Object Repo/Page_Update Add New Employee - ASSIST/Confirm Submit Button' is clicked on

2018-11-27 15:46:35 - [TEST_STEP][PASSED] - delay: Delayed 30 second(s)

2018-11-27 15:47:05 - [MESSAGE][PASSED] - Delayed 30 second(s)

2018-11-27 15:47:05 - [TEST_STEP][PASSED] - callTestCase: Call Test Case 'Test Cases/Final Aug 2018 - PKS Automation/Common/Screenshoting tool' successfully

2018-11-27 15:47:06 - [TEST_CASE][PASSED] - Test Cases/Final Aug 2018 - PKS Automation/Common/Screenshoting tool: Test Cases/Final Aug 2018 - PKS Automation/Common/Screenshoting tool

2018-11-27 15:47:06 - [TEST_STEP][PASSED] - delay: Delayed 15 second(s)

2018-11-27 15:47:21 - [MESSAGE][PASSED] - Delayed 15 second(s)

2018-11-27 15:47:21 - [TEST_STEP][PASSED] - Statement - driver = com.kms.katalon.core.webui.driver.DriverFactory.getWebDriver(): null

2018-11-27 15:47:21 - [TEST_STEP][PASSED] - Statement - driver.manage().timeouts().implicitlyWait(10, SECONDS): null

2018-11-27 15:47:21 - [TEST_STEP][PASSED] - Statement - PresavePath = KatalonScreenshots: null

2018-11-27 15:47:21 - [TEST_STEP][PASSED] - Statement - pathPrefix = "C:\Users\Public\Pictures\Sample Pictures\Katalon Screenshots\Automate Ending Screen": null

2018-11-27 15:47:21 - [TEST_STEP][PASSED] - Statement - finalPath = <not implemented yet for class: org.codehaus.groovy.ast.expr.EmptyExpression>: null

2018-11-27 15:47:21 - [TEST_STEP][PASSED] - Statement - scrFile = driver.getScreenshotAs(FILE): null

2018-11-27 15:47:21 - [TEST_STEP][PASSED] - Statement - PreSaveFile = new java.io.File(PresavePath): null

2018-11-27 15:47:21 - [TEST_STEP][PASSED] - Statement - counter = 0: null

2018-11-27 15:47:21 - [TEST_STEP][PASSED] - Statement - If (PreSaveFile.exists()): null

2018-11-27 15:47:21 - [TEST_STEP][PASSED] - Statement - While (PreSaveFile.exists()): null

2018-11-27 15:47:21 - [TEST_STEP][PASSED] - Statement - counter = counter + 1: null

2018-11-27 15:47:21 - [TEST_STEP][PASSED] - Statement - PreSaveFile = new java.io.File(((pathPrefix + java.lang.Integer.toString(counter)) + .png)): null

2018-11-27 15:47:21 - [TEST_STEP][PASSED] - Statement - counter = counter + 1: null

2018-11-27 15:47:21 - [TEST_STEP][PASSED] - Statement - PreSaveFile = new java.io.File(((pathPrefix + java.lang.Integer.toString(counter)) + .png)): null

2018-11-27 15:47:21 - [TEST_STEP][PASSED] - Statement - counter = counter + 1: null

2018-11-27 15:47:21 - [TEST_STEP][PASSED] - Statement - PreSaveFile = new java.io.File(((pathPrefix + java.lang.Integer.toString(counter)) + .png)): null

2018-11-27 15:47:21 - [TEST_STEP][PASSED] - Statement - counter = counter + 1: null

2018-11-27 15:47:21 - [TEST_STEP][PASSED] - Statement - PreSaveFile = new java.io.File(((pathPrefix + java.lang.Integer.toString(counter)) + .png)): null

2018-11-27 15:47:21 - [TEST_STEP][PASSED] - Statement - counter = counter + 1: null

2018-11-27 15:47:21 - [TEST_STEP][PASSED] - Statement - PreSaveFile = new java.io.File(((pathPrefix + java.lang.Integer.toString(counter)) + .png)): null

2018-11-27 15:47:21 - [TEST_STEP][PASSED] - Statement - counter = counter + 1: null

2018-11-27 15:47:21 - [TEST_STEP][PASSED] - Statement - PreSaveFile = new java.io.File(((pathPrefix + java.lang.Integer.toString(counter)) + .png)): null

2018-11-27 15:47:21 - [TEST_STEP][PASSED] - Statement - counter = counter + 1: null

2018-11-27 15:47:21 - [TEST_STEP][PASSED] - Statement - PreSaveFile = new java.io.File(((pathPrefix + java.lang.Integer.toString(counter)) + .png)): null

2018-11-27 15:47:21 - [TEST_STEP][PASSED] - Statement - counter = counter + 1: null

2018-11-27 15:47:21 - [TEST_STEP][PASSED] - Statement - PreSaveFile = new java.io.File(((pathPrefix + java.lang.Integer.toString(counter)) + .png)): null

2018-11-27 15:47:21 - [TEST_STEP][PASSED] - Statement - counter = counter + 1: null

2018-11-27 15:47:21 - [TEST_STEP][PASSED] - Statement - PreSaveFile = new java.io.File(((pathPrefix + java.lang.Integer.toString(counter)) + .png)): null

2018-11-27 15:47:21 - [TEST_STEP][PASSED] - Statement - counter = counter + 1: null

2018-11-27 15:47:21 - [TEST_STEP][PASSED] - Statement - PreSaveFile = new java.io.File(((pathPrefix + java.lang.Integer.toString(counter)) + .png)): null

2018-11-27 15:47:21 - [TEST_STEP][PASSED] - Statement - counter = counter + 1: null

2018-11-27 15:47:21 - [TEST_STEP][PASSED] - Statement - PreSaveFile = new java.io.File(((pathPrefix + java.lang.Integer.toString(counter)) + .png)): null

2018-11-27 15:47:21 - [TEST_STEP][PASSED] - Statement - counter = counter + 1: null

2018-11-27 15:47:21 - [TEST_STEP][PASSED] - Statement - PreSaveFile = new java.io.File(((pathPrefix + java.lang.Integer.toString(counter)) + .png)): null

2018-11-27 15:47:21 - [TEST_STEP][PASSED] - Statement - counter = counter + 1: null

2018-11-27 15:47:21 - [TEST_STEP][PASSED] - Statement - PreSaveFile = new java.io.File(((pathPrefix + java.lang.Integer.toString(counter)) + .png)): null

2018-11-27 15:47:21 - [TEST_STEP][PASSED] - Statement - counter = counter + 1: null

2018-11-27 15:47:21 - [TEST_STEP][PASSED] - Statement - PreSaveFile = new java.io.File(((pathPrefix + java.lang.Integer.toString(counter)) + .png)): null

2018-11-27 15:47:21 - [TEST_STEP][PASSED] - Statement - counter = counter + 1: null

2018-11-27 15:47:21 - [TEST_STEP][PASSED] - Statement - PreSaveFile = new java.io.File(((pathPrefix + java.lang.Integer.toString(counter)) + .png)): null

2018-11-27 15:47:21 - [TEST_STEP][PASSED] - Statement - counter = counter + 1: null

2018-11-27 15:47:21 - [TEST_STEP][PASSED] - Statement - PreSaveFile = new java.io.File(((pathPrefix + java.lang.Integer.toString(counter)) + .png)): null

2018-11-27 15:47:21 - [TEST_STEP][PASSED] - Statement - counter = counter + 1: null

2018-11-27 15:47:21 - [TEST_STEP][PASSED] - Statement - PreSaveFile = new java.io.File(((pathPrefix + java.lang.Integer.toString(counter)) + .png)): null

2018-11-27 15:47:21 - [TEST_STEP][PASSED] - Statement - counter = counter + 1: null

2018-11-27 15:47:21 - [TEST_STEP][PASSED] - Statement - PreSaveFile = new java.io.File(((pathPrefix + java.lang.Integer.toString(counter)) + .png)): null

2018-11-27 15:47:21 - [TEST_STEP][PASSED] - Statement - counter = counter + 1: null

2018-11-27 15:47:21 - [TEST_STEP][PASSED] - Statement - PreSaveFile = new java.io.File(((pathPrefix + java.lang.Integer.toString(counter)) + .png)): null

2018-11-27 15:47:21 - [TEST_STEP][PASSED] - Statement - counter = counter + 1: null

2018-11-27 15:47:21 - [TEST_STEP][PASSED] - Statement - PreSaveFile = new java.io.File(((pathPrefix + java.lang.Integer.toString(counter)) + .png)): null

2018-11-27 15:47:21 - [TEST_STEP][PASSED] - Statement - counter = counter + 1: null

2018-11-27 15:47:21 - [TEST_STEP][PASSED] - Statement - PreSaveFile = new java.io.File(((pathPrefix + java.lang.Integer.toString(counter)) + .png)): null

2018-11-27 15:47:21 - [TEST_STEP][PASSED] - Statement - counter = counter + 1: null

2018-11-27 15:47:21 - [TEST_STEP][PASSED] - Statement - PreSaveFile = new java.io.File(((pathPrefix + java.lang.Integer.toString(counter)) + .png)): null

2018-11-27 15:47:21 - [TEST_STEP][PASSED] - Statement - counter = counter + 1: null

2018-11-27 15:47:21 - [TEST_STEP][PASSED] - Statement - PreSaveFile = new java.io.File(((pathPrefix + java.lang.Integer.toString(counter)) + .png)): null

2018-11-27 15:47:21 - [TEST_STEP][PASSED] - Statement - counter = counter + 1: null

2018-11-27 15:47:21 - [TEST_STEP][PASSED] - Statement - PreSaveFile = new java.io.File(((pathPrefix + java.lang.Integer.toString(counter)) + .png)): null

2018-11-27 15:47:21 - [TEST_STEP][PASSED] - Statement - counter = counter + 1: null

2018-11-27 15:47:21 - [TEST_STEP][PASSED] - Statement - PreSaveFile = new java.io.File(((pathPrefix + java.lang.Integer.toString(counter)) + .png)): null

2018-11-27 15:47:21 - [TEST_STEP][PASSED] - Statement - counter = counter + 1: null

2018-11-27 15:47:21 - [TEST_STEP][PASSED] - Statement - PreSaveFile = new java.io.File(((pathPrefix + java.lang.Integer.toString(counter)) + .png)): null

2018-11-27 15:47:21 - [TEST_STEP][PASSED] - Statement - counter = counter + 1: null

2018-11-27 15:47:21 - [TEST_STEP][PASSED] - Statement - PreSaveFile = new java.io.File(((pathPrefix + java.lang.Integer.toString(counter)) + .png)): null

2018-11-27 15:47:21 - [TEST_STEP][PASSED] - Statement - counter = counter + 1: null

2018-11-27 15:47:21 - [TEST_STEP][PASSED] - Statement - PreSaveFile = new java.io.File(((pathPrefix + java.lang.Integer.toString(counter)) + .png)): null

2018-11-27 15:47:21 - [TEST_STEP][PASSED] - Statement - counter = counter + 1: null

2018-11-27 15:47:21 - [TEST_STEP][PASSED] - Statement - PreSaveFile = new java.io.File(((pathPrefix + java.lang.Integer.toString(counter)) + .png)): null

2018-11-27 15:47:21 - [TEST_STEP][PASSED] - Statement - counter = counter + 1: null

2018-11-27 15:47:21 - [TEST_STEP][PASSED] - Statement - PreSaveFile = new java.io.File(((pathPrefix + java.lang.Integer.toString(counter)) + .png)): null

2018-11-27 15:47:21 - [TEST_STEP][PASSED] - Statement - counter = counter + 1: null

2018-11-27 15:47:21 - [TEST_STEP][PASSED] - Statement - PreSaveFile = new java.io.File(((pathPrefix + java.lang.Integer.toString(counter)) + .png)): null

2018-11-27 15:47:21 - [TEST_STEP][PASSED] - Statement - counter = counter + 1: null

2018-11-27 15:47:21 - [TEST_STEP][PASSED] - Statement - PreSaveFile = new java.io.File(((pathPrefix + java.lang.Integer.toString(counter)) + .png)): null

2018-11-27 15:47:21 - [TEST_STEP][PASSED] - Statement - counter = counter + 1: null

2018-11-27 15:47:21 - [TEST_STEP][PASSED] - Statement - PreSaveFile = new java.io.File(((pathPrefix + java.lang.Integer.toString(counter)) + .png)): null

2018-11-27 15:47:21 - [TEST_STEP][PASSED] - Statement - counter = counter + 1: null

2018-11-27 15:47:21 - [TEST_STEP][PASSED] - Statement - PreSaveFile = new java.io.File(((pathPrefix + java.lang.Integer.toString(counter)) + .png)): null

2018-11-27 15:47:21 - [TEST_STEP][PASSED] - Statement - counter = counter + 1: null

2018-11-27 15:47:21 - [TEST_STEP][PASSED] - Statement - PreSaveFile = new java.io.File(((pathPrefix + java.lang.Integer.toString(counter)) + .png)): null

2018-11-27 15:47:21 - [TEST_STEP][PASSED] - Statement - counter = counter + 1: null

2018-11-27 15:47:21 - [TEST_STEP][PASSED] - Statement - PreSaveFile = new java.io.File(((pathPrefix + java.lang.Integer.toString(counter)) + .png)): null

2018-11-27 15:47:21 - [TEST_STEP][PASSED] - Statement - counter = counter + 1: null

2018-11-27 15:47:21 - [TEST_STEP][PASSED] - Statement - PreSaveFile = new java.io.File(((pathPrefix + java.lang.Integer.toString(counter)) + .png)): null

2018-11-27 15:47:21 - [TEST_STEP][PASSED] - Statement - counter = counter + 1: null

2018-11-27 15:47:21 - [TEST_STEP][PASSED] - Statement - PreSaveFile = new java.io.File(((pathPrefix + java.lang.Integer.toString(counter)) + .png)): null

2018-11-27 15:47:21 - [TEST_STEP][PASSED] - Statement - counter = counter + 1: null

2018-11-27 15:47:21 - [TEST_STEP][PASSED] - Statement - PreSaveFile = new java.io.File(((pathPrefix + java.lang.Integer.toString(counter)) + .png)): null

2018-11-27 15:47:21 - [TEST_STEP][PASSED] - Statement - counter = counter + 1: null

2018-11-27 15:47:21 - [TEST_STEP][PASSED] - Statement - PreSaveFile = new java.io.File(((pathPrefix + java.lang.Integer.toString(counter)) + .png)): null

2018-11-27 15:47:21 - [TEST_STEP][PASSED] - Statement - counter = counter + 1: null

2018-11-27 15:47:21 - [TEST_STEP][PASSED] - Statement - PreSaveFile = new java.io.File(((pathPrefix + java.lang.Integer.toString(counter)) + .png)): null

2018-11-27 15:47:21 - [TEST_STEP][PASSED] - Statement - counter = counter + 1: null

2018-11-27 15:47:21 - [TEST_STEP][PASSED] - Statement - PreSaveFile = new java.io.File(((pathPrefix + java.lang.Integer.toString(counter)) + .png)): null

2018-11-27 15:47:21 - [TEST_STEP][PASSED] - Statement - counter = counter + 1: null

2018-11-27 15:47:21 - [TEST_STEP][PASSED] - Statement - PreSaveFile = new java.io.File(((pathPrefix + java.lang.Integer.toString(counter)) + .png)): null

2018-11-27 15:47:21 - [TEST_STEP][PASSED] - Statement - counter = counter + 1: null

2018-11-27 15:47:21 - [TEST_STEP][PASSED] - Statement - PreSaveFile = new java.io.File(((pathPrefix + java.lang.Integer.toString(counter)) + .png)): null

2018-11-27 15:47:21 - [TEST_STEP][PASSED] - Statement - counter = counter + 1: null

2018-11-27 15:47:21 - [TEST_STEP][PASSED] - Statement - PreSaveFile = new java.io.File(((pathPrefix + java.lang.Integer.toString(counter)) + .png)): null

2018-11-27 15:47:21 - [TEST_STEP][PASSED] - Statement - counter = counter + 1: null

2018-11-27 15:47:21 - [TEST_STEP][PASSED] - Statement - PreSaveFile = new java.io.File(((pathPrefix + java.lang.Integer.toString(counter)) + .png)): null

2018-11-27 15:47:21 - [TEST_STEP][PASSED] - Statement - counter = counter + 1: null

2018-11-27 15:47:21 - [TEST_STEP][PASSED] - Statement - PreSaveFile = new java.io.File(((pathPrefix + java.lang.Integer.toString(counter)) + .png)): null

2018-11-27 15:47:21 - [TEST_STEP][PASSED] - Statement - counter = counter + 1: null

2018-11-27 15:47:21 - [TEST_STEP][PASSED] - Statement - PreSaveFile = new java.io.File(((pathPrefix + java.lang.Integer.toString(counter)) + .png)): null

2018-11-27 15:47:21 - [TEST_STEP][PASSED] - Statement - counter = counter + 1: null

2018-11-27 15:47:21 - [TEST_STEP][PASSED] - Statement - PreSaveFile = new java.io.File(((pathPrefix + java.lang.Integer.toString(counter)) + .png)): null

2018-11-27 15:47:21 - [TEST_STEP][PASSED] - Statement - counter = counter + 1: null

2018-11-27 15:47:21 - [TEST_STEP][PASSED] - Statement - PreSaveFile = new java.io.File(((pathPrefix + java.lang.Integer.toString(counter)) + .png)): null

2018-11-27 15:47:21 - [TEST_STEP][PASSED] - Statement - counter = counter + 1: null

2018-11-27 15:47:21 - [TEST_STEP][PASSED] - Statement - PreSaveFile = new java.io.File(((pathPrefix + java.lang.Integer.toString(counter)) + .png)): null

2018-11-27 15:47:21 - [TEST_STEP][PASSED] - Statement - counter = counter + 1: null

2018-11-27 15:47:21 - [TEST_STEP][PASSED] - Statement - PreSaveFile = new java.io.File(((pathPrefix + java.lang.Integer.toString(counter)) + .png)): null

2018-11-27 15:47:21 - [TEST_STEP][PASSED] - Statement - counter = counter + 1: null

2018-11-27 15:47:21 - [TEST_STEP][PASSED] - Statement - PreSaveFile = new java.io.File(((pathPrefix + java.lang.Integer.toString(counter)) + .png)): null

2018-11-27 15:47:21 - [TEST_STEP][PASSED] - Statement - counter = counter + 1: null

2018-11-27 15:47:21 - [TEST_STEP][PASSED] - Statement - PreSaveFile = new java.io.File(((pathPrefix + java.lang.Integer.toString(counter)) + .png)): null

2018-11-27 15:47:21 - [TEST_STEP][PASSED] - Statement - counter = counter + 1: null

2018-11-27 15:47:21 - [TEST_STEP][PASSED] - Statement - PreSaveFile = new java.io.File(((pathPrefix + java.lang.Integer.toString(counter)) + .png)): null

2018-11-27 15:47:21 - [TEST_STEP][PASSED] - Statement - counter = counter + 1: null

2018-11-27 15:47:21 - [TEST_STEP][PASSED] - Statement - PreSaveFile = new java.io.File(((pathPrefix + java.lang.Integer.toString(counter)) + .png)): null

2018-11-27 15:47:21 - [TEST_STEP][PASSED] - Statement - counter = counter + 1: null

2018-11-27 15:47:21 - [TEST_STEP][PASSED] - Statement - PreSaveFile = new java.io.File(((pathPrefix + java.lang.Integer.toString(counter)) + .png)): null

2018-11-27 15:47:21 - [TEST_STEP][PASSED] - Statement - counter = counter + 1: null

2018-11-27 15:47:21 - [TEST_STEP][PASSED] - Statement - PreSaveFile = new java.io.File(((pathPrefix + java.lang.Integer.toString(counter)) + .png)): null

2018-11-27 15:47:21 - [TEST_STEP][PASSED] - Statement - counter = counter + 1: null

2018-11-27 15:47:21 - [TEST_STEP][PASSED] - Statement - PreSaveFile = new java.io.File(((pathPrefix + java.lang.Integer.toString(counter)) + .png)): null

2018-11-27 15:47:21 - [TEST_STEP][PASSED] - Statement - counter = counter + 1: null

2018-11-27 15:47:21 - [TEST_STEP][PASSED] - Statement - PreSaveFile = new java.io.File(((pathPrefix + java.lang.Integer.toString(counter)) + .png)): null

2018-11-27 15:47:21 - [TEST_STEP][PASSED] - Statement - counter = counter + 1: null

2018-11-27 15:47:21 - [TEST_STEP][PASSED] - Statement - PreSaveFile = new java.io.File(((pathPrefix + java.lang.Integer.toString(counter)) + .png)): null

2018-11-27 15:47:21 - [TEST_STEP][PASSED] - Statement - counter = counter + 1: null

2018-11-27 15:47:21 - [TEST_STEP][PASSED] - Statement - PreSaveFile = new java.io.File(((pathPrefix + java.lang.Integer.toString(counter)) + .png)): null

2018-11-27 15:47:21 - [TEST_STEP][PASSED] - Statement - counter = counter + 1: null

2018-11-27 15:47:21 - [TEST_STEP][PASSED] - Statement - PreSaveFile = new java.io.File(((pathPrefix + java.lang.Integer.toString(counter)) + .png)): null

2018-11-27 15:47:21 - [TEST_STEP][PASSED] - Statement - counter = counter + 1: null

2018-11-27 15:47:21 - [TEST_STEP][PASSED] - Statement - PreSaveFile = new java.io.File(((pathPrefix + java.lang.Integer.toString(counter)) + .png)): null

2018-11-27 15:47:21 - [TEST_STEP][PASSED] - Statement - counter = counter + 1: null

2018-11-27 15:47:21 - [TEST_STEP][PASSED] - Statement - PreSaveFile = new java.io.File(((pathPrefix + java.lang.Integer.toString(counter)) + .png)): null

2018-11-27 15:47:21 - [TEST_STEP][PASSED] - Statement - counter = counter + 1: null

2018-11-27 15:47:21 - [TEST_STEP][PASSED] - Statement - PreSaveFile = new java.io.File(((pathPrefix + java.lang.Integer.toString(counter)) + .png)): null

2018-11-27 15:47:21 - [TEST_STEP][PASSED] - Statement - counter = counter + 1: null

2018-11-27 15:47:21 - [TEST_STEP][PASSED] - Statement - PreSaveFile = new java.io.File(((pathPrefix + java.lang.Integer.toString(counter)) + .png)): null

2018-11-27 15:47:21 - [TEST_STEP][PASSED] - Statement - counter = counter + 1: null

2018-11-27 15:47:21 - [TEST_STEP][PASSED] - Statement - PreSaveFile = new java.io.File(((pathPrefix + java.lang.Integer.toString(counter)) + .png)): null

2018-11-27 15:47:21 - [TEST_STEP][PASSED] - Statement - counter = counter + 1: null

2018-11-27 15:47:21 - [TEST_STEP][PASSED] - Statement - PreSaveFile = new java.io.File(((pathPrefix + java.lang.Integer.toString(counter)) + .png)): null

2018-11-27 15:47:21 - [TEST_STEP][PASSED] - Statement - counter = counter + 1: null

2018-11-27 15:47:21 - [TEST_STEP][PASSED] - Statement - PreSaveFile = new java.io.File(((pathPrefix + java.lang.Integer.toString(counter)) + .png)): null

2018-11-27 15:47:21 - [TEST_STEP][PASSED] - Statement - counter = counter + 1: null

2018-11-27 15:47:21 - [TEST_STEP][PASSED] - Statement - PreSaveFile = new java.io.File(((pathPrefix + java.lang.Integer.toString(counter)) + .png)): null

2018-11-27 15:47:21 - [TEST_STEP][PASSED] - Statement - counter = counter + 1: null

2018-11-27 15:47:21 - [TEST_STEP][PASSED] - Statement - PreSaveFile = new java.io.File(((pathPrefix + java.lang.Integer.toString(counter)) + .png)): null

2018-11-27 15:47:21 - [TEST_STEP][PASSED] - Statement - counter = counter + 1: null

2018-11-27 15:47:21 - [TEST_STEP][PASSED] - Statement - PreSaveFile = new java.io.File(((pathPrefix + java.lang.Integer.toString(counter)) + .png)): null

2018-11-27 15:47:21 - [TEST_STEP][PASSED] - Statement - counter = counter + 1: null

2018-11-27 15:47:21 - [TEST_STEP][PASSED] - Statement - PreSaveFile = new java.io.File(((pathPrefix + java.lang.Integer.toString(counter)) + .png)): null

2018-11-27 15:47:21 - [TEST_STEP][PASSED] - Statement - counter = counter + 1: null

2018-11-27 15:47:21 - [TEST_STEP][PASSED] - Statement - PreSaveFile = new java.io.File(((pathPrefix + java.lang.Integer.toString(counter)) + .png)): null

2018-11-27 15:47:21 - [TEST_STEP][PASSED] - Statement - counter = counter + 1: null

2018-11-27 15:47:21 - [TEST_STEP][PASSED] - Statement - PreSaveFile = new java.io.File(((pathPrefix + java.lang.Integer.toString(counter)) + .png)): null

2018-11-27 15:47:21 - [TEST_STEP][PASSED] - Statement - counter = counter + 1: null

2018-11-27 15:47:21 - [TEST_STEP][PASSED] - Statement - PreSaveFile = new java.io.File(((pathPrefix + java.lang.Integer.toString(counter)) + .png)): null

2018-11-27 15:47:21 - [TEST_STEP][PASSED] - Statement - counter = counter + 1: null

2018-11-27 15:47:21 - [TEST_STEP][PASSED] - Statement - PreSaveFile = new java.io.File(((pathPrefix + java.lang.Integer.toString(counter)) + .png)): null

2018-11-27 15:47:21 - [TEST_STEP][PASSED] - Statement - counter = counter + 1: null

2018-11-27 15:47:21 - [TEST_STEP][PASSED] - Statement - PreSaveFile = new java.io.File(((pathPrefix + java.lang.Integer.toString(counter)) + .png)): null

2018-11-27 15:47:21 - [TEST_STEP][PASSED] - Statement - counter = counter + 1: null

2018-11-27 15:47:21 - [TEST_STEP][PASSED] - Statement - PreSaveFile = new java.io.File(((pathPrefix + java.lang.Integer.toString(counter)) + .png)): null

2018-11-27 15:47:21 - [TEST_STEP][PASSED] - Statement - counter = counter + 1: null

2018-11-27 15:47:21 - [TEST_STEP][PASSED] - Statement - PreSaveFile = new java.io.File(((pathPrefix + java.lang.Integer.toString(counter)) + .png)): null

2018-11-27 15:47:21 - [TEST_STEP][PASSED] - Statement - counter = counter + 1: null

2018-11-27 15:47:21 - [TEST_STEP][PASSED] - Statement - PreSaveFile = new java.io.File(((pathPrefix + java.lang.Integer.toString(counter)) + .png)): null

2018-11-27 15:47:21 - [TEST_STEP][PASSED] - Statement - counter = counter + 1: null

2018-11-27 15:47:21 - [TEST_STEP][PASSED] - Statement - PreSaveFile = new java.io.File(((pathPrefix + java.lang.Integer.toString(counter)) + .png)): null

2018-11-27 15:47:21 - [TEST_STEP][PASSED] - Statement - counter = counter + 1: null

2018-11-27 15:47:21 - [TEST_STEP][PASSED] - Statement - PreSaveFile = new java.io.File(((pathPrefix + java.lang.Integer.toString(counter)) + .png)): null

2018-11-27 15:47:21 - [TEST_STEP][PASSED] - Statement - counter = counter + 1: null

2018-11-27 15:47:21 - [TEST_STEP][PASSED] - Statement - PreSaveFile = new java.io.File(((pathPrefix + java.lang.Integer.toString(counter)) + .png)): null

2018-11-27 15:47:21 - [TEST_STEP][PASSED] - Statement - counter = counter + 1: null

2018-11-27 15:47:21 - [TEST_STEP][PASSED] - Statement - PreSaveFile = new java.io.File(((pathPrefix + java.lang.Integer.toString(counter)) + .png)): null

2018-11-27 15:47:21 - [TEST_STEP][PASSED] - Statement - counter = counter + 1: null

2018-11-27 15:47:21 - [TEST_STEP][PASSED] - Statement - PreSaveFile = new java.io.File(((pathPrefix + java.lang.Integer.toString(counter)) + .png)): null

2018-11-27 15:47:21 - [TEST_STEP][PASSED] - Statement - counter = counter + 1: null

2018-11-27 15:47:21 - [TEST_STEP][PASSED] - Statement - PreSaveFile = new java.io.File(((pathPrefix + java.lang.Integer.toString(counter)) + .png)): null

2018-11-27 15:47:21 - [TEST_STEP][PASSED] - Statement - counter = counter + 1: null

2018-11-27 15:47:21 - [TEST_STEP][PASSED] - Statement - PreSaveFile = new java.io.File(((pathPrefix + java.lang.Integer.toString(counter)) + .png)): null

2018-11-27 15:47:21 - [TEST_STEP][PASSED] - Statement - counter = counter + 1: null

2018-11-27 15:47:21 - [TEST_STEP][PASSED] - Statement - PreSaveFile = new java.io.File(((pathPrefix + java.lang.Integer.toString(counter)) + .png)): null

2018-11-27 15:47:21 - [TEST_STEP][PASSED] - Statement - counter = counter + 1: null

2018-11-27 15:47:21 - [TEST_STEP][PASSED] - Statement - PreSaveFile = new java.io.File(((pathPrefix + java.lang.Integer.toString(counter)) + .png)): null

2018-11-27 15:47:21 - [TEST_STEP][PASSED] - Statement - counter = counter + 1: null

2018-11-27 15:47:21 - [TEST_STEP][PASSED] - Statement - PreSaveFile = new java.io.File(((pathPrefix + java.lang.Integer.toString(counter)) + .png)): null

2018-11-27 15:47:21 - [TEST_STEP][PASSED] - Statement - counter = counter + 1: null

2018-11-27 15:47:21 - [TEST_STEP][PASSED] - Statement - PreSaveFile = new java.io.File(((pathPrefix + java.lang.Integer.toString(counter)) + .png)): null

2018-11-27 15:47:21 - [TEST_STEP][PASSED] - Statement - counter = counter + 1: null

2018-11-27 15:47:21 - [TEST_STEP][PASSED] - Statement - PreSaveFile = new java.io.File(((pathPrefix + java.lang.Integer.toString(counter)) + .png)): null

2018-11-27 15:47:21 - [TEST_STEP][PASSED] - Statement - counter = counter + 1: null

2018-11-27 15:47:21 - [TEST_STEP][PASSED] - Statement - PreSaveFile = new java.io.File(((pathPrefix + java.lang.Integer.toString(counter)) + .png)): null

2018-11-27 15:47:21 - [TEST_STEP][PASSED] - Statement - counter = counter + 1: null

2018-11-27 15:47:21 - [TEST_STEP][PASSED] - Statement - PreSaveFile = new java.io.File(((pathPrefix + java.lang.Integer.toString(counter)) + .png)): null

2018-11-27 15:47:21 - [TEST_STEP][PASSED] - Statement - counter = counter + 1: null

2018-11-27 15:47:21 - [TEST_STEP][PASSED] - Statement - PreSaveFile = new java.io.File(((pathPrefix + java.lang.Integer.toString(counter)) + .png)): null

2018-11-27 15:47:21 - [TEST_STEP][PASSED] - Statement - counter = counter + 1: null

2018-11-27 15:47:21 - [TEST_STEP][PASSED] - Statement - PreSaveFile = new java.io.File(((pathPrefix + java.lang.Integer.toString(counter)) + .png)): null

2018-11-27 15:47:21 - [TEST_STEP][PASSED] - Statement - counter = counter + 1: null

2018-11-27 15:47:21 - [TEST_STEP][PASSED] - Statement - PreSaveFile = new java.io.File(((pathPrefix + java.lang.Integer.toString(counter)) + .png)): null

2018-11-27 15:47:21 - [TEST_STEP][PASSED] - Statement - counter = counter + 1: null

2018-11-27 15:47:21 - [TEST_STEP][PASSED] - Statement - PreSaveFile = new java.io.File(((pathPrefix + java.lang.Integer.toString(counter)) + .png)): null

2018-11-27 15:47:21 - [TEST_STEP][PASSED] - Statement - counter = counter + 1: null

2018-11-27 15:47:21 - [TEST_STEP][PASSED] - Statement - PreSaveFile = new java.io.File(((pathPrefix + java.lang.Integer.toString(counter)) + .png)): null

2018-11-27 15:47:21 - [TEST_STEP][PASSED] - Statement - counter = counter + 1: null

2018-11-27 15:47:21 - [TEST_STEP][PASSED] - Statement - PreSaveFile = new java.io.File(((pathPrefix + java.lang.Integer.toString(counter)) + .png)): null

2018-11-27 15:47:21 - [TEST_STEP][PASSED] - Statement - counter = counter + 1: null

2018-11-27 15:47:21 - [TEST_STEP][PASSED] - Statement - PreSaveFile = new java.io.File(((pathPrefix + java.lang.Integer.toString(counter)) + .png)): null

2018-11-27 15:47:21 - [TEST_STEP][PASSED] - Statement - counter = counter + 1: null

2018-11-27 15:47:21 - [TEST_STEP][PASSED] - Statement - PreSaveFile = new java.io.File(((pathPrefix + java.lang.Integer.toString(counter)) + .png)): null

2018-11-27 15:47:21 - [TEST_STEP][PASSED] - Statement - counter = counter + 1: null

2018-11-27 15:47:21 - [TEST_STEP][PASSED] - Statement - PreSaveFile = new java.io.File(((pathPrefix + java.lang.Integer.toString(counter)) + .png)): null

2018-11-27 15:47:21 - [TEST_STEP][PASSED] - Statement - counter = counter + 1: null

2018-11-27 15:47:21 - [TEST_STEP][PASSED] - Statement - PreSaveFile = new java.io.File(((pathPrefix + java.lang.Integer.toString(counter)) + .png)): null

2018-11-27 15:47:21 - [TEST_STEP][PASSED] - Statement - counter = counter + 1: null

2018-11-27 15:47:21 - [TEST_STEP][PASSED] - Statement - PreSaveFile = new java.io.File(((pathPrefix + java.lang.Integer.toString(counter)) + .png)): null

2018-11-27 15:47:21 - [TEST_STEP][PASSED] - Statement - counter = counter + 1: null

2018-11-27 15:47:21 - [TEST_STEP][PASSED] - Statement - PreSaveFile = new java.io.File(((pathPrefix + java.lang.Integer.toString(counter)) + .png)): null

2018-11-27 15:47:21 - [TEST_STEP][PASSED] - Statement - counter = counter + 1: null

2018-11-27 15:47:21 - [TEST_STEP][PASSED] - Statement - PreSaveFile = new java.io.File(((pathPrefix + java.lang.Integer.toString(counter)) + .png)): null

2018-11-27 15:47:21 - [TEST_STEP][PASSED] - Statement - counter = counter + 1: null

2018-11-27 15:47:21 - [TEST_STEP][PASSED] - Statement - PreSaveFile = new java.io.File(((pathPrefix + java.lang.Integer.toString(counter)) + .png)): null

2018-11-27 15:47:21 - [TEST_STEP][PASSED] - Statement - counter = counter + 1: null

2018-11-27 15:47:21 - [TEST_STEP][PASSED] - Statement - PreSaveFile = new java.io.File(((pathPrefix + java.lang.Integer.toString(counter)) + .png)): null

2018-11-27 15:47:21 - [TEST_STEP][PASSED] - Statement - counter = counter + 1: null

2018-11-27 15:47:21 - [TEST_STEP][PASSED] - Statement - PreSaveFile = new java.io.File(((pathPrefix + java.lang.Integer.toString(counter)) + .png)): null

2018-11-27 15:47:21 - [TEST_STEP][PASSED] - Statement - counter = counter + 1: null

2018-11-27 15:47:21 - [TEST_STEP][PASSED] - Statement - PreSaveFile = new java.io.File(((pathPrefix + java.lang.Integer.toString(counter)) + .png)): null

2018-11-27 15:47:21 - [TEST_STEP][PASSED] - Statement - counter = counter + 1: null

2018-11-27 15:47:21 - [TEST_STEP][PASSED] - Statement - PreSaveFile = new java.io.File(((pathPrefix + java.lang.Integer.toString(counter)) + .png)): null

2018-11-27 15:47:21 - [TEST_STEP][PASSED] - Statement - counter = counter + 1: null

2018-11-27 15:47:21 - [TEST_STEP][PASSED] - Statement - PreSaveFile = new java.io.File(((pathPrefix + java.lang.Integer.toString(counter)) + .png)): null

2018-11-27 15:47:21 - [TEST_STEP][PASSED] - Statement - counter = counter + 1: null

2018-11-27 15:47:21 - [TEST_STEP][PASSED] - Statement - PreSaveFile = new java.io.File(((pathPrefix + java.lang.Integer.toString(counter)) + .png)): null

2018-11-27 15:47:21 - [TEST_STEP][PASSED] - Statement - counter = counter + 1: null

2018-11-27 15:47:21 - [TEST_STEP][PASSED] - Statement - PreSaveFile = new java.io.File(((pathPrefix + java.lang.Integer.toString(counter)) + .png)): null

2018-11-27 15:47:21 - [TEST_STEP][PASSED] - Statement - counter = counter + 1: null

2018-11-27 15:47:21 - [TEST_STEP][PASSED] - Statement - PreSaveFile = new java.io.File(((pathPrefix + java.lang.Integer.toString(counter)) + .png)): null

2018-11-27 15:47:21 - [TEST_STEP][PASSED] - Statement - counter = counter + 1: null

2018-11-27 15:47:21 - [TEST_STEP][PASSED] - Statement - PreSaveFile = new java.io.File(((pathPrefix + java.lang.Integer.toString(counter)) + .png)): null

2018-11-27 15:47:21 - [TEST_STEP][PASSED] - Statement - counter = counter + 1: null

2018-11-27 15:47:21 - [TEST_STEP][PASSED] - Statement - PreSaveFile = new java.io.File(((pathPrefix + java.lang.Integer.toString(counter)) + .png)): null

2018-11-27 15:47:21 - [TEST_STEP][PASSED] - Statement - counter = counter + 1: null

2018-11-27 15:47:21 - [TEST_STEP][PASSED] - Statement - PreSaveFile = new java.io.File(((pathPrefix + java.lang.Integer.toString(counter)) + .png)): null

2018-11-27 15:47:21 - [TEST_STEP][PASSED] - Statement - counter = counter + 1: null

2018-11-27 15:47:21 - [TEST_STEP][PASSED] - Statement - PreSaveFile = new java.io.File(((pathPrefix + java.lang.Integer.toString(counter)) + .png)): null

2018-11-27 15:47:21 - [TEST_STEP][PASSED] - Statement - counter = counter + 1: null

2018-11-27 15:47:21 - [TEST_STEP][PASSED] - Statement - PreSaveFile = new java.io.File(((pathPrefix + java.lang.Integer.toString(counter)) + .png)): null

2018-11-27 15:47:21 - [TEST_STEP][PASSED] - Statement - counter = counter + 1: null

2018-11-27 15:47:21 - [TEST_STEP][PASSED] - Statement - PreSaveFile = new java.io.File(((pathPrefix + java.lang.Integer.toString(counter)) + .png)): null

2018-11-27 15:47:21 - [TEST_STEP][PASSED] - Statement - counter = counter + 1: null

2018-11-27 15:47:21 - [TEST_STEP][PASSED] - Statement - PreSaveFile = new java.io.File(((pathPrefix + java.lang.Integer.toString(counter)) + .png)): null

2018-11-27 15:47:21 - [TEST_STEP][PASSED] - Statement - counter = counter + 1: null

2018-11-27 15:47:21 - [TEST_STEP][PASSED] - Statement - PreSaveFile = new java.io.File(((pathPrefix + java.lang.Integer.toString(counter)) + .png)): null

2018-11-27 15:47:21 - [TEST_STEP][PASSED] - Statement - counter = counter + 1: null

2018-11-27 15:47:21 - [TEST_STEP][PASSED] - Statement - PreSaveFile = new java.io.File(((pathPrefix + java.lang.Integer.toString(counter)) + .png)): null

2018-11-27 15:47:21 - [TEST_STEP][PASSED] - Statement - counter = counter + 1: null

2018-11-27 15:47:21 - [TEST_STEP][PASSED] - Statement - PreSaveFile = new java.io.File(((pathPrefix + java.lang.Integer.toString(counter)) + .png)): null

2018-11-27 15:47:21 - [TEST_STEP][PASSED] - Statement - counter = counter + 1: null

2018-11-27 15:47:21 - [TEST_STEP][PASSED] - Statement - PreSaveFile = new java.io.File(((pathPrefix + java.lang.Integer.toString(counter)) + .png)): null

2018-11-27 15:47:21 - [TEST_STEP][PASSED] - Statement - counter = counter + 1: null

2018-11-27 15:47:21 - [TEST_STEP][PASSED] - Statement - PreSaveFile = new java.io.File(((pathPrefix + java.lang.Integer.toString(counter)) + .png)): null

2018-11-27 15:47:21 - [TEST_STEP][PASSED] - Statement - counter = counter + 1: null

2018-11-27 15:47:21 - [TEST_STEP][PASSED] - Statement - PreSaveFile = new java.io.File(((pathPrefix + java.lang.Integer.toString(counter)) + .png)): null

2018-11-27 15:47:21 - [TEST_STEP][PASSED] - Statement - counter = counter + 1: null

2018-11-27 15:47:21 - [TEST_STEP][PASSED] - Statement - PreSaveFile = new java.io.File(((pathPrefix + java.lang.Integer.toString(counter)) + .png)): null

2018-11-27 15:47:21 - [TEST_STEP][PASSED] - Statement - counter = counter + 1: null

2018-11-27 15:47:21 - [TEST_STEP][PASSED] - Statement - PreSaveFile = new java.io.File(((pathPrefix + java.lang.Integer.toString(counter)) + .png)): null

2018-11-27 15:47:21 - [TEST_STEP][PASSED] - Statement - counter = counter + 1: null

2018-11-27 15:47:21 - [TEST_STEP][PASSED] - Statement - PreSaveFile = new java.io.File(((pathPrefix + java.lang.Integer.toString(counter)) + .png)): null

2018-11-27 15:47:21 - [TEST_STEP][PASSED] - Statement - counter = counter + 1: null

2018-11-27 15:47:21 - [TEST_STEP][PASSED] - Statement - PreSaveFile = new java.io.File(((pathPrefix + java.lang.Integer.toString(counter)) + .png)): null

2018-11-27 15:47:21 - [TEST_STEP][PASSED] - Statement - counter = counter + 1: null

2018-11-27 15:47:21 - [TEST_STEP][PASSED] - Statement - PreSaveFile = new java.io.File(((pathPrefix + java.lang.Integer.toString(counter)) + .png)): null

2018-11-27 15:47:21 - [TEST_STEP][PASSED] - Statement - counter = counter + 1: null

2018-11-27 15:47:21 - [TEST_STEP][PASSED] - Statement - PreSaveFile = new java.io.File(((pathPrefix + java.lang.Integer.toString(counter)) + .png)): null

2018-11-27 15:47:21 - [TEST_STEP][PASSED] - Statement - counter = counter + 1: null

2018-11-27 15:47:21 - [TEST_STEP][PASSED] - Statement - PreSaveFile = new java.io.File(((pathPrefix + java.lang.Integer.toString(counter)) + .png)): null

2018-11-27 15:47:21 - [TEST_STEP][PASSED] - Statement - counter = counter + 1: null

2018-11-27 15:47:21 - [TEST_STEP][PASSED] - Statement - PreSaveFile = new java.io.File(((pathPrefix + java.lang.Integer.toString(counter)) + .png)): null

2018-11-27 15:47:21 - [TEST_STEP][PASSED] - Statement - counter = counter + 1: null

2018-11-27 15:47:21 - [TEST_STEP][PASSED] - Statement - PreSaveFile = new java.io.File(((pathPrefix + java.lang.Integer.toString(counter)) + .png)): null

2018-11-27 15:47:21 - [TEST_STEP][PASSED] - Statement - counter = counter + 1: null

2018-11-27 15:47:21 - [TEST_STEP][PASSED] - Statement - PreSaveFile = new java.io.File(((pathPrefix + java.lang.Integer.toString(counter)) + .png)): null

2018-11-27 15:47:21 - [TEST_STEP][PASSED] - Statement - counter = counter + 1: null

2018-11-27 15:47:21 - [TEST_STEP][PASSED] - Statement - PreSaveFile = new java.io.File(((pathPrefix + java.lang.Integer.toString(counter)) + .png)): null

2018-11-27 15:47:21 - [TEST_STEP][PASSED] - Statement - counter = counter + 1: null

2018-11-27 15:47:21 - [TEST_STEP][PASSED] - Statement - PreSaveFile = new java.io.File(((pathPrefix + java.lang.Integer.toString(counter)) + .png)): null

2018-11-27 15:47:21 - [TEST_STEP][PASSED] - Statement - counter = counter + 1: null

2018-11-27 15:47:21 - [TEST_STEP][PASSED] - Statement - PreSaveFile = new java.io.File(((pathPrefix + java.lang.Integer.toString(counter)) + .png)): null

2018-11-27 15:47:21 - [TEST_STEP][PASSED] - Statement - counter = counter + 1: null

2018-11-27 15:47:21 - [TEST_STEP][PASSED] - Statement - PreSaveFile = new java.io.File(((pathPrefix + java.lang.Integer.toString(counter)) + .png)): null

2018-11-27 15:47:21 - [TEST_STEP][PASSED] - Statement - counter = counter + 1: null

2018-11-27 15:47:21 - [TEST_STEP][PASSED] - Statement - PreSaveFile = new java.io.File(((pathPrefix + java.lang.Integer.toString(counter)) + .png)): null

2018-11-27 15:47:21 - [TEST_STEP][PASSED] - Statement - counter = counter + 1: null

2018-11-27 15:47:21 - [TEST_STEP][PASSED] - Statement - PreSaveFile = new java.io.File(((pathPrefix + java.lang.Integer.toString(counter)) + .png)): null

2018-11-27 15:47:21 - [TEST_STEP][PASSED] - Statement - counter = counter + 1: null

2018-11-27 15:47:21 - [TEST_STEP][PASSED] - Statement - PreSaveFile = new java.io.File(((pathPrefix + java.lang.Integer.toString(counter)) + .png)): null

2018-11-27 15:47:21 - [TEST_STEP][PASSED] - Statement - counter = counter + 1: null

2018-11-27 15:47:21 - [TEST_STEP][PASSED] - Statement - PreSaveFile = new java.io.File(((pathPrefix + java.lang.Integer.toString(counter)) + .png)): null

2018-11-27 15:47:21 - [TEST_STEP][PASSED] - Statement - counter = counter + 1: null

2018-11-27 15:47:21 - [TEST_STEP][PASSED] - Statement - PreSaveFile = new java.io.File(((pathPrefix + java.lang.Integer.toString(counter)) + .png)): null

2018-11-27 15:47:21 - [TEST_STEP][PASSED] - Statement - counter = counter + 1: null

2018-11-27 15:47:21 - [TEST_STEP][PASSED] - Statement - PreSaveFile = new java.io.File(((pathPrefix + java.lang.Integer.toString(counter)) + .png)): null

2018-11-27 15:47:21 - [TEST_STEP][PASSED] - Statement - counter = counter + 1: null

2018-11-27 15:47:22 - [TEST_STEP][PASSED] - Statement - PreSaveFile = new java.io.File(((pathPrefix + java.lang.Integer.toString(counter)) + .png)): null

2018-11-27 15:47:22 - [TEST_STEP][PASSED] - Statement - counter = counter + 1: null

2018-11-27 15:47:22 - [TEST_STEP][PASSED] - Statement - PreSaveFile = new java.io.File(((pathPrefix + java.lang.Integer.toString(counter)) + .png)): null

2018-11-27 15:47:22 - [TEST_STEP][PASSED] - Statement - counter = counter + 1: null

2018-11-27 15:47:22 - [TEST_STEP][PASSED] - Statement - PreSaveFile = new java.io.File(((pathPrefix + java.lang.Integer.toString(counter)) + .png)): null

2018-11-27 15:47:22 - [TEST_STEP][PASSED] - Statement - counter = counter + 1: null

2018-11-27 15:47:22 - [TEST_STEP][PASSED] - Statement - PreSaveFile = new java.io.File(((pathPrefix + java.lang.Integer.toString(counter)) + .png)): null

2018-11-27 15:47:22 - [TEST_STEP][PASSED] - Statement - counter = counter + 1: null

2018-11-27 15:47:22 - [TEST_STEP][PASSED] - Statement - PreSaveFile = new java.io.File(((pathPrefix + java.lang.Integer.toString(counter)) + .png)): null

2018-11-27 15:47:22 - [TEST_STEP][PASSED] - Statement - counter = counter + 1: null

2018-11-27 15:47:22 - [TEST_STEP][PASSED] - Statement - PreSaveFile = new java.io.File(((pathPrefix + java.lang.Integer.toString(counter)) + .png)): null

2018-11-27 15:47:22 - [TEST_STEP][PASSED] - Statement - counter = counter + 1: null

2018-11-27 15:47:22 - [TEST_STEP][PASSED] - Statement - PreSaveFile = new java.io.File(((pathPrefix + java.lang.Integer.toString(counter)) + .png)): null

2018-11-27 15:47:22 - [TEST_STEP][PASSED] - Statement - counter = counter + 1: null

2018-11-27 15:47:22 - [TEST_STEP][PASSED] - Statement - PreSaveFile = new java.io.File(((pathPrefix + java.lang.Integer.toString(counter)) + .png)): null

2018-11-27 15:47:22 - [TEST_STEP][PASSED] - Statement - counter = counter + 1: null

2018-11-27 15:47:22 - [TEST_STEP][PASSED] - Statement - PreSaveFile = new java.io.File(((pathPrefix + java.lang.Integer.toString(counter)) + .png)): null

2018-11-27 15:47:22 - [TEST_STEP][PASSED] - Statement - counter = counter + 1: null

2018-11-27 15:47:22 - [TEST_STEP][PASSED] - Statement - PreSaveFile = new java.io.File(((pathPrefix + java.lang.Integer.toString(counter)) + .png)): null

2018-11-27 15:47:22 - [TEST_STEP][PASSED] - Statement - counter = counter + 1: null

2018-11-27 15:47:22 - [TEST_STEP][PASSED] - Statement - PreSaveFile = new java.io.File(((pathPrefix + java.lang.Integer.toString(counter)) + .png)): null

2018-11-27 15:47:22 - [TEST_STEP][PASSED] - Statement - counter = counter + 1: null

2018-11-27 15:47:22 - [TEST_STEP][PASSED] - Statement - PreSaveFile = new java.io.File(((pathPrefix + java.lang.Integer.toString(counter)) + .png)): null

2018-11-27 15:47:22 - [TEST_STEP][PASSED] - Statement - counter = counter + 1: null

2018-11-27 15:47:22 - [TEST_STEP][PASSED] - Statement - PreSaveFile = new java.io.File(((pathPrefix + java.lang.Integer.toString(counter)) + .png)): null

2018-11-27 15:47:22 - [TEST_STEP][PASSED] - Statement - counter = counter + 1: null

2018-11-27 15:47:22 - [TEST_STEP][PASSED] - Statement - PreSaveFile = new java.io.File(((pathPrefix + java.lang.Integer.toString(counter)) + .png)): null

2018-11-27 15:47:22 - [TEST_STEP][PASSED] - Statement - counter = counter + 1: null

2018-11-27 15:47:22 - [TEST_STEP][PASSED] - Statement - PreSaveFile = new java.io.File(((pathPrefix + java.lang.Integer.toString(counter)) + .png)): null

2018-11-27 15:47:22 - [TEST_STEP][PASSED] - Statement - counter = counter + 1: null

2018-11-27 15:47:22 - [TEST_STEP][PASSED] - Statement - PreSaveFile = new java.io.File(((pathPrefix + java.lang.Integer.toString(counter)) + .png)): null

2018-11-27 15:47:22 - [TEST_STEP][PASSED] - Statement - counter = counter + 1: null

2018-11-27 15:47:22 - [TEST_STEP][PASSED] - Statement - PreSaveFile = new java.io.File(((pathPrefix + java.lang.Integer.toString(counter)) + .png)): null

2018-11-27 15:47:22 - [TEST_STEP][PASSED] - Statement - counter = counter + 1: null

2018-11-27 15:47:22 - [TEST_STEP][PASSED] - Statement - PreSaveFile = new java.io.File(((pathPrefix + java.lang.Integer.toString(counter)) + .png)): null

2018-11-27 15:47:22 - [TEST_STEP][PASSED] - Statement - counter = counter + 1: null

2018-11-27 15:47:22 - [TEST_STEP][PASSED] - Statement - PreSaveFile = new java.io.File(((pathPrefix + java.lang.Integer.toString(counter)) + .png)): null

2018-11-27 15:47:22 - [TEST_STEP][PASSED] - Statement - counter = counter + 1: null

2018-11-27 15:47:22 - [TEST_STEP][PASSED] - Statement - PreSaveFile = new java.io.File(((pathPrefix + java.lang.Integer.toString(counter)) + .png)): null

2018-11-27 15:47:22 - [TEST_STEP][PASSED] - Statement - counter = counter + 1: null

2018-11-27 15:47:22 - [TEST_STEP][PASSED] - Statement - PreSaveFile = new java.io.File(((pathPrefix + java.lang.Integer.toString(counter)) + .png)): null

2018-11-27 15:47:22 - [TEST_STEP][PASSED] - Statement - counter = counter + 1: null

2018-11-27 15:47:22 - [TEST_STEP][PASSED] - Statement - PreSaveFile = new java.io.File(((pathPrefix + java.lang.Integer.toString(counter)) + .png)): null

2018-11-27 15:47:22 - [TEST_STEP][PASSED] - Statement - counter = counter + 1: null

2018-11-27 15:47:22 - [TEST_STEP][PASSED] - Statement - PreSaveFile = new java.io.File(((pathPrefix + java.lang.Integer.toString(counter)) + .png)): null

2018-11-27 15:47:22 - [TEST_STEP][PASSED] - Statement - counter = counter + 1: null

2018-11-27 15:47:22 - [TEST_STEP][PASSED] - Statement - PreSaveFile = new java.io.File(((pathPrefix + java.lang.Integer.toString(counter)) + .png)): null

2018-11-27 15:47:22 - [TEST_STEP][PASSED] - Statement - counter = counter + 1: null

2018-11-27 15:47:22 - [TEST_STEP][PASSED] - Statement - PreSaveFile = new java.io.File(((pathPrefix + java.lang.Integer.toString(counter)) + .png)): null

2018-11-27 15:47:22 - [TEST_STEP][PASSED] - Statement - counter = counter + 1: null

2018-11-27 15:47:22 - [TEST_STEP][PASSED] - Statement - PreSaveFile = new java.io.File(((pathPrefix + java.lang.Integer.toString(counter)) + .png)): null

2018-11-27 15:47:22 - [TEST_STEP][PASSED] - Statement - counter = counter + 1: null

2018-11-27 15:47:22 - [TEST_STEP][PASSED] - Statement - PreSaveFile = new java.io.File(((pathPrefix + java.lang.Integer.toString(counter)) + .png)): null

2018-11-27 15:47:22 - [TEST_STEP][PASSED] - Statement - counter = counter + 1: null

2018-11-27 15:47:22 - [TEST_STEP][PASSED] - Statement - PreSaveFile = new java.io.File(((pathPrefix + java.lang.Integer.toString(counter)) + .png)): null

2018-11-27 15:47:22 - [TEST_STEP][PASSED] - Statement - counter = counter + 1: null

2018-11-27 15:47:22 - [TEST_STEP][PASSED] - Statement - PreSaveFile = new java.io.File(((pathPrefix + java.lang.Integer.toString(counter)) + .png)): null

2018-11-27 15:47:22 - [TEST_STEP][PASSED] - Statement - counter = counter + 1: null

2018-11-27 15:47:22 - [TEST_STEP][PASSED] - Statement - PreSaveFile = new java.io.File(((pathPrefix + java.lang.Integer.toString(counter)) + .png)): null

2018-11-27 15:47:22 - [TEST_STEP][PASSED] - Statement - counter = counter + 1: null

2018-11-27 15:47:22 - [TEST_STEP][PASSED] - Statement - PreSaveFile = new java.io.File(((pathPrefix + java.lang.Integer.toString(counter)) + .png)): null

2018-11-27 15:47:22 - [TEST_STEP][PASSED] - Statement - counter = counter + 1: null

2018-11-27 15:47:22 - [TEST_STEP][PASSED] - Statement - PreSaveFile = new java.io.File(((pathPrefix + java.lang.Integer.toString(counter)) + .png)): null

2018-11-27 15:47:22 - [TEST_STEP][PASSED] - Statement - counter = counter + 1: null

2018-11-27 15:47:22 - [TEST_STEP][PASSED] - Statement - PreSaveFile = new java.io.File(((pathPrefix + java.lang.Integer.toString(counter)) + .png)): null

2018-11-27 15:47:22 - [TEST_STEP][PASSED] - Statement - counter = counter + 1: null

2018-11-27 15:47:22 - [TEST_STEP][PASSED] - Statement - PreSaveFile = new java.io.File(((pathPrefix + java.lang.Integer.toString(counter)) + .png)): null

2018-11-27 15:47:22 - [TEST_STEP][PASSED] - Statement - counter = counter + 1: null

2018-11-27 15:47:22 - [TEST_STEP][PASSED] - Statement - PreSaveFile = new java.io.File(((pathPrefix + java.lang.Integer.toString(counter)) + .png)): null

2018-11-27 15:47:22 - [TEST_STEP][PASSED] - Statement - counter = counter + 1: null

2018-11-27 15:47:22 - [TEST_STEP][PASSED] - Statement - PreSaveFile = new java.io.File(((pathPrefix + java.lang.Integer.toString(counter)) + .png)): null

2018-11-27 15:47:22 - [TEST_STEP][PASSED] - Statement - counter = counter + 1: null

2018-11-27 15:47:22 - [TEST_STEP][PASSED] - Statement - PreSaveFile = new java.io.File(((pathPrefix + java.lang.Integer.toString(counter)) + .png)): null

2018-11-27 15:47:22 - [TEST_STEP][PASSED] - Statement - counter = counter + 1: null

2018-11-27 15:47:22 - [TEST_STEP][PASSED] - Statement - PreSaveFile = new java.io.File(((pathPrefix + java.lang.Integer.toString(counter)) + .png)): null

2018-11-27 15:47:22 - [TEST_STEP][PASSED] - Statement - counter = counter + 1: null

2018-11-27 15:47:22 - [TEST_STEP][PASSED] - Statement - PreSaveFile = new java.io.File(((pathPrefix + java.lang.Integer.toString(counter)) + .png)): null

2018-11-27 15:47:22 - [TEST_STEP][PASSED] - Statement - counter = counter + 1: null

2018-11-27 15:47:22 - [TEST_STEP][PASSED] - Statement - PreSaveFile = new java.io.File(((pathPrefix + java.lang.Integer.toString(counter)) + .png)): null

2018-11-27 15:47:22 - [TEST_STEP][PASSED] - Statement - counter = counter + 1: null

2018-11-27 15:47:22 - [TEST_STEP][PASSED] - Statement - PreSaveFile = new java.io.File(((pathPrefix + java.lang.Integer.toString(counter)) + .png)): null

2018-11-27 15:47:22 - [TEST_STEP][PASSED] - Statement - counter = counter + 1: null

2018-11-27 15:47:22 - [TEST_STEP][PASSED] - Statement - PreSaveFile = new java.io.File(((pathPrefix + java.lang.Integer.toString(counter)) + .png)): null

2018-11-27 15:47:22 - [TEST_STEP][PASSED] - Statement - counter = counter + 1: null

2018-11-27 15:47:22 - [TEST_STEP][PASSED] - Statement - PreSaveFile = new java.io.File(((pathPrefix + java.lang.Integer.toString(counter)) + .png)): null

2018-11-27 15:47:22 - [TEST_STEP][PASSED] - Statement - counter = counter + 1: null

2018-11-27 15:47:22 - [TEST_STEP][PASSED] - Statement - PreSaveFile = new java.io.File(((pathPrefix + java.lang.Integer.toString(counter)) + .png)): null

2018-11-27 15:47:22 - [TEST_STEP][PASSED] - Statement - counter = counter + 1: null

2018-11-27 15:47:22 - [TEST_STEP][PASSED] - Statement - PreSaveFile = new java.io.File(((pathPrefix + java.lang.Integer.toString(counter)) + .png)): null

2018-11-27 15:47:22 - [TEST_STEP][PASSED] - Statement - counter = counter + 1: null

2018-11-27 15:47:22 - [TEST_STEP][PASSED] - Statement - PreSaveFile = new java.io.File(((pathPrefix + java.lang.Integer.toString(counter)) + .png)): null

2018-11-27 15:47:22 - [TEST_STEP][PASSED] - Statement - counter = counter + 1: null

2018-11-27 15:47:22 - [TEST_STEP][PASSED] - Statement - PreSaveFile = new java.io.File(((pathPrefix + java.lang.Integer.toString(counter)) + .png)): null

2018-11-27 15:47:22 - [TEST_STEP][PASSED] - Statement - counter = counter + 1: null

2018-11-27 15:47:22 - [TEST_STEP][PASSED] - Statement - PreSaveFile = new java.io.File(((pathPrefix + java.lang.Integer.toString(counter)) + .png)): null

2018-11-27 15:47:22 - [TEST_STEP][PASSED] - Statement - counter = counter + 1: null

2018-11-27 15:47:22 - [TEST_STEP][PASSED] - Statement - PreSaveFile = new java.io.File(((pathPrefix + java.lang.Integer.toString(counter)) + .png)): null

2018-11-27 15:47:22 - [TEST_STEP][PASSED] - Statement - counter = counter + 1: null

2018-11-27 15:47:22 - [TEST_STEP][PASSED] - Statement - PreSaveFile = new java.io.File(((pathPrefix + java.lang.Integer.toString(counter)) + .png)): null

2018-11-27 15:47:22 - [TEST_STEP][PASSED] - Statement - counter = counter + 1: null

2018-11-27 15:47:22 - [TEST_STEP][PASSED] - Statement - PreSaveFile = new java.io.File(((pathPrefix + java.lang.Integer.toString(counter)) + .png)): null

2018-11-27 15:47:22 - [TEST_STEP][PASSED] - Statement - counter = counter + 1: null

2018-11-27 15:47:22 - [TEST_STEP][PASSED] - Statement - PreSaveFile = new java.io.File(((pathPrefix + java.lang.Integer.toString(counter)) + .png)): null

2018-11-27 15:47:22 - [TEST_STEP][PASSED] - Statement - counter = counter + 1: null

2018-11-27 15:47:22 - [TEST_STEP][PASSED] - Statement - PreSaveFile = new java.io.File(((pathPrefix + java.lang.Integer.toString(counter)) + .png)): null

2018-11-27 15:47:22 - [TEST_STEP][PASSED] - Statement - counter = counter + 1: null

2018-11-27 15:47:22 - [TEST_STEP][PASSED] - Statement - PreSaveFile = new java.io.File(((pathPrefix + java.lang.Integer.toString(counter)) + .png)): null

2018-11-27 15:47:22 - [TEST_STEP][PASSED] - Statement - counter = counter + 1: null

2018-11-27 15:47:22 - [TEST_STEP][PASSED] - Statement - PreSaveFile = new java.io.File(((pathPrefix + java.lang.Integer.toString(counter)) + .png)): null

2018-11-27 15:47:22 - [TEST_STEP][PASSED] - Statement - counter = counter + 1: null

2018-11-27 15:47:22 - [TEST_STEP][PASSED] - Statement - PreSaveFile = new java.io.File(((pathPrefix + java.lang.Integer.toString(counter)) + .png)): null

2018-11-27 15:47:22 - [TEST_STEP][PASSED] - Statement - counter = counter + 1: null

2018-11-27 15:47:22 - [TEST_STEP][PASSED] - Statement - PreSaveFile = new java.io.File(((pathPrefix + java.lang.Integer.toString(counter)) + .png)): null

2018-11-27 15:47:22 - [TEST_STEP][PASSED] - Statement - counter = counter + 1: null

2018-11-27 15:47:22 - [TEST_STEP][PASSED] - Statement - PreSaveFile = new java.io.File(((pathPrefix + java.lang.Integer.toString(counter)) + .png)): null

2018-11-27 15:47:22 - [TEST_STEP][PASSED] - Statement - counter = counter + 1: null

2018-11-27 15:47:22 - [TEST_STEP][PASSED] - Statement - PreSaveFile = new java.io.File(((pathPrefix + java.lang.Integer.toString(counter)) + .png)): null

2018-11-27 15:47:22 - [TEST_STEP][PASSED] - Statement - counter = counter + 1: null

2018-11-27 15:47:22 - [TEST_STEP][PASSED] - Statement - PreSaveFile = new java.io.File(((pathPrefix + java.lang.Integer.toString(counter)) + .png)): null

2018-11-27 15:47:22 - [TEST_STEP][PASSED] - Statement - counter = counter + 1: null

2018-11-27 15:47:22 - [TEST_STEP][PASSED] - Statement - PreSaveFile = new java.io.File(((pathPrefix + java.lang.Integer.toString(counter)) + .png)): null

2018-11-27 15:47:22 - [TEST_STEP][PASSED] - Statement - counter = counter + 1: null

2018-11-27 15:47:22 - [TEST_STEP][PASSED] - Statement - PreSaveFile = new java.io.File(((pathPrefix + java.lang.Integer.toString(counter)) + .png)): null

2018-11-27 15:47:22 - [TEST_STEP][PASSED] - Statement - counter = counter + 1: null

2018-11-27 15:47:22 - [TEST_STEP][PASSED] - Statement - PreSaveFile = new java.io.File(((pathPrefix + java.lang.Integer.toString(counter)) + .png)): null

2018-11-27 15:47:22 - [TEST_STEP][PASSED] - Statement - counter = counter + 1: null

2018-11-27 15:47:22 - [TEST_STEP][PASSED] - Statement - PreSaveFile = new java.io.File(((pathPrefix + java.lang.Integer.toString(counter)) + .png)): null

2018-11-27 15:47:22 - [TEST_STEP][PASSED] - Statement - counter = counter + 1: null

2018-11-27 15:47:22 - [TEST_STEP][PASSED] - Statement - PreSaveFile = new java.io.File(((pathPrefix + java.lang.Integer.toString(counter)) + .png)): null

2018-11-27 15:47:22 - [TEST_STEP][PASSED] - Statement - counter = counter + 1: null

2018-11-27 15:47:22 - [TEST_STEP][PASSED] - Statement - PreSaveFile = new java.io.File(((pathPrefix + java.lang.Integer.toString(counter)) + .png)): null

2018-11-27 15:47:22 - [TEST_STEP][PASSED] - Statement - counter = counter + 1: null

2018-11-27 15:47:22 - [TEST_STEP][PASSED] - Statement - PreSaveFile = new java.io.File(((pathPrefix + java.lang.Integer.toString(counter)) + .png)): null

2018-11-27 15:47:22 - [TEST_STEP][PASSED] - Statement - counter = counter + 1: null

2018-11-27 15:47:22 - [TEST_STEP][PASSED] - Statement - PreSaveFile = new java.io.File(((pathPrefix + java.lang.Integer.toString(counter)) + .png)): null

2018-11-27 15:47:22 - [TEST_STEP][PASSED] - Statement - counter = counter + 1: null

2018-11-27 15:47:22 - [TEST_STEP][PASSED] - Statement - PreSaveFile = new java.io.File(((pathPrefix + java.lang.Integer.toString(counter)) + .png)): null

2018-11-27 15:47:22 - [TEST_STEP][PASSED] - Statement - counter = counter + 1: null

2018-11-27 15:47:22 - [TEST_STEP][PASSED] - Statement - PreSaveFile = new java.io.File(((pathPrefix + java.lang.Integer.toString(counter)) + .png)): null

2018-11-27 15:47:22 - [TEST_STEP][PASSED] - Statement - counter = counter + 1: null

2018-11-27 15:47:22 - [TEST_STEP][PASSED] - Statement - PreSaveFile = new java.io.File(((pathPrefix + java.lang.Integer.toString(counter)) + .png)): null

2018-11-27 15:47:22 - [TEST_STEP][PASSED] - Statement - counter = counter + 1: null

2018-11-27 15:47:22 - [TEST_STEP][PASSED] - Statement - PreSaveFile = new java.io.File(((pathPrefix + java.lang.Integer.toString(counter)) + .png)): null

2018-11-27 15:47:22 - [TEST_STEP][PASSED] - Statement - counter = counter + 1: null

2018-11-27 15:47:22 - [TEST_STEP][PASSED] - Statement - PreSaveFile = new java.io.File(((pathPrefix + java.lang.Integer.toString(counter)) + .png)): null

2018-11-27 15:47:22 - [TEST_STEP][PASSED] - Statement - counter = counter + 1: null

2018-11-27 15:47:22 - [TEST_STEP][PASSED] - Statement - PreSaveFile = new java.io.File(((pathPrefix + java.lang.Integer.toString(counter)) + .png)): null

2018-11-27 15:47:22 - [TEST_STEP][PASSED] - Statement - counter = counter + 1: null

2018-11-27 15:47:22 - [TEST_STEP][PASSED] - Statement - PreSaveFile = new java.io.File(((pathPrefix + java.lang.Integer.toString(counter)) + .png)): null

2018-11-27 15:47:22 - [TEST_STEP][PASSED] - Statement - counter = counter + 1: null

2018-11-27 15:47:22 - [TEST_STEP][PASSED] - Statement - PreSaveFile = new java.io.File(((pathPrefix + java.lang.Integer.toString(counter)) + .png)): null

2018-11-27 15:47:22 - [TEST_STEP][PASSED] - Statement - counter = counter + 1: null

2018-11-27 15:47:22 - [TEST_STEP][PASSED] - Statement - PreSaveFile = new java.io.File(((pathPrefix + java.lang.Integer.toString(counter)) + .png)): null

2018-11-27 15:47:22 - [TEST_STEP][PASSED] - Statement - counter = counter + 1: null

2018-11-27 15:47:22 - [TEST_STEP][PASSED] - Statement - PreSaveFile = new java.io.File(((pathPrefix + java.lang.Integer.toString(counter)) + .png)): null

2018-11-27 15:47:22 - [TEST_STEP][PASSED] - Statement - counter = counter + 1: null

2018-11-27 15:47:22 - [TEST_STEP][PASSED] - Statement - PreSaveFile = new java.io.File(((pathPrefix + java.lang.Integer.toString(counter)) + .png)): null

2018-11-27 15:47:22 - [TEST_STEP][PASSED] - Statement - counter = counter + 1: null

2018-11-27 15:47:22 - [TEST_STEP][PASSED] - Statement - PreSaveFile = new java.io.File(((pathPrefix + java.lang.Integer.toString(counter)) + .png)): null

2018-11-27 15:47:22 - [TEST_STEP][PASSED] - Statement - counter = counter + 1: null

2018-11-27 15:47:22 - [TEST_STEP][PASSED] - Statement - PreSaveFile = new java.io.File(((pathPrefix + java.lang.Integer.toString(counter)) + .png)): null

2018-11-27 15:47:22 - [TEST_STEP][PASSED] - Statement - finalPath = pathPrefix + java.lang.Integer.toString(counter) + ".png": null

2018-11-27 15:47:22 - [TEST_STEP][PASSED] - Statement - SaveFile = new java.io.File(finalPath): null

2018-11-27 15:47:22 - [TEST_STEP][PASSED] - Statement - Try: null

2018-11-27 15:47:22 - [TEST_STEP][PASSED] - Statement - org.apache.commons.io.FileUtils.copyFile(scrFile, SaveFile): null

2018-11-27 15:47:22 - [TEST_STEP][PASSED] - Statement - out.println("file kept"): null

2018-11-27 15:47:22 - [TEST_STEP][PASSED] - delay: Delayed 10 second(s)

2018-11-27 15:47:32 - [MESSAGE][PASSED] - Delayed 10 second(s)

2018-11-27 15:47:32 - [MESSAGE][PASSED] - Call Test Case 'Test Cases/Final Aug 2018 - PKS Automation/Common/Screenshoting tool' successfully

2018-11-27 15:47:32 - [TEST_STEP][PASSED] - callTestCase: Call Test Case 'Test Cases/Final Aug 2018 - PKS Automation/Registration Module/Log Out/log out avoiding katalon tagging' successfully

2018-11-27 15:47:32 - [TEST_CASE][PASSED] - Test Cases/Final Aug 2018 - PKS Automation/Registration Module/Log Out/log out avoiding katalon tagging: Test Cases/Final Aug 2018 - PKS Automation/Registration Module/Log Out/log out avoiding katalon tagging

2018-11-27 15:47:32 - [TEST_STEP][PASSED] - navigateToUrl: Navigate to 'https://assist2-uat.perkeso.gov.my/c/portal/logout' successfully

2018-11-27 15:47:33 - [MESSAGE][PASSED] - Navigate to 'https://assist2-uat.perkeso.gov.my/c/portal/logout' successfully

2018-11-27 15:47:33 - [MESSAGE][PASSED] - Call Test Case 'Test Cases/Final Aug 2018 - PKS Automation/Registration Module/Log Out/log out avoiding katalon tagging' successfully

2018-11-27 15:47:33 - [TEST_STEP][FAILED] - callTestCase: Unable to call Test Case with id 'Test Cases/Final Aug 2018 - PKS Automation/Common/Workflow Owner Finder' (Root cause: Call Test Case 'Test Cases/Final Aug 2018 - PKS Automation/Common/Workflow Owner Finder' failed)

2018-11-27 15:47:33 - [TEST_CASE][FAILED] - Test Cases/Final Aug 2018 - PKS Automation/Common/Workflow Owner Finder: Test Cases/Final Aug 2018 - PKS Automation/Common/Workflow Owner Finder FAILED because (of) (Stack trace: com.kms.katalon.core.exception.StepFailedException: Unable to click on object 'Object Repository/Final Object Repo/Landing Page/Select to English' (Root cause: com.kms.katalon.core.webui.exception.WebElementNotFoundException: Web element with id: 'Object Repository/Final Object Repo/Landing Page/Select to English' located by 'By.xpath: //a[@class = 'taglib-language-list-text' and @lang = 'en-US' and (contains(text(), 'EN') or contains(., 'EN'))]' not found)
	at com.kms.katalon.core.keyword.internal.KeywordMain.stepFailed(KeywordMain.groovy:32)
	at com.kms.katalon.core.webui.keyword.internal.WebUIKeywordMain.stepFailed(WebUIKeywordMain.groovy:65)
	at com.kms.katalon.core.webui.keyword.internal.WebUIKeywordMain.runKeyword(WebUIKeywordMain.groovy:27)
	at com.kms.katalon.core.webui.keyword.builtin.ClickKeyword.click(ClickKeyword.groovy:86)
	at com.kms.katalon.core.webui.keyword.builtin.ClickKeyword.execute(ClickKeyword.groovy:67)
	at com.kms.katalon.core.keyword.internal.KeywordExecutor.executeKeywordForPlatform(KeywordExecutor.groovy:53)
	at com.kms.katalon.core.webui.keyword.WebUiBuiltInKeywords.click(WebUiBuiltInKeywords.groovy:604)
	at com.kms.katalon.core.webui.keyword.WebUiBuiltInKeywords$click$6.call(Unknown Source)
	at Script1534407542420.run(Script1534407542420.groovy:57)
	at com.kms.katalon.core.main.ScriptEngine.run(ScriptEngine.java:183)
	at com.kms.katalon.core.main.ScriptEngine.runScriptAsRawText(ScriptEngine.java:108)
	at com.kms.katalon.core.main.TestCaseExecutor.runScript(TestCaseExecutor.java:294)
	at com.kms.katalon.core.main.TestCaseExecutor.doExecute(TestCaseExecutor.java:285)
	at com.kms.katalon.core.main.TestCaseExecutor.processExecutionPhase(TestCaseExecutor.java:264)
	at com.kms.katalon.core.main.TestCaseExecutor.accessMainPhase(TestCaseExecutor.java:256)
	at com.kms.katalon.core.main.TestCaseExecutor.execute(TestCaseExecutor.java:200)
	at com.kms.katalon.core.main.TestCaseMain.runTestCase(TestCaseMain.java:99)
	at com.kms.katalon.core.keyword.builtin.CallTestCaseKeyword$_callTestCase_closure1.doCall(CallTestCaseKeyword.groovy:60)
	at com.kms.katalon.core.keyword.builtin.CallTestCaseKeyword$_callTestCase_closure1.call(CallTestCaseKeyword.groovy)
	at com.kms.katalon.core.keyword.internal.KeywordMain.runKeyword(KeywordMain.groovy:54)
	at com.kms.katalon.core.keyword.builtin.CallTestCaseKeyword.callTestCase(CallTestCaseKeyword.groovy:81)
	at com.kms.katalon.core.keyword.builtin.CallTestCaseKeyword.execute(CallTestCaseKeyword.groovy:45)
	at com.kms.katalon.core.keyword.internal.KeywordExecutor.executeKeywordForPlatform(KeywordExecutor.groovy:53)
	at com.kms.katalon.core.keyword.BuiltinKeywords.callTestCase(BuiltinKeywords.groovy:334)
	at sun.reflect.GeneratedMethodAccessor13.invoke(Unknown Source)
	at sun.reflect.DelegatingMethodAccessorImpl.invoke(DelegatingMethodAccessorImpl.java:43)
	at java.lang.reflect.Method.invoke(Method.java:498)
	at org.codehaus.groovy.reflection.CachedMethod.invoke(CachedMethod.java:93)
	at groovy.lang.MetaMethod.doMethodInvoke(MetaMethod.java:325)
	at groovy.lang.MetaClassImpl.invokeStaticMethod(MetaClassImpl.java:1469)
	at org.codehaus.groovy.runtime.callsite.StaticMetaClassSite.call(StaticMetaClassSite.java:53)
	at org.codehaus.groovy.runtime.callsite.CallSiteArray.defaultCall(CallSiteArray.java:48)
	at org.codehaus.groovy.runtime.callsite.AbstractCallSite.call(AbstractCallSite.java:113)
	at org.codehaus.groovy.runtime.callsite.AbstractCallSite.call(AbstractCallSite.java:141)
	at Script1537255642276.run(Script1537255642276.groovy:113)
	at com.kms.katalon.core.main.ScriptEngine.run(ScriptEngine.java:183)
	at com.kms.katalon.core.main.ScriptEngine.runScriptAsRawText(ScriptEngine.java:108)
	at com.kms.katalon.core.main.TestCaseExecutor.runScript(TestCaseExecutor.java:294)
	at com.kms.katalon.core.main.TestCaseExecutor.doExecute(TestCaseExecutor.java:285)
	at com.kms.katalon.core.main.TestCaseExecutor.processExecutionPhase(TestCaseExecutor.java:264)
	at com.kms.katalon.core.main.TestCaseExecutor.accessMainPhase(TestCaseExecutor.java:256)
	at com.kms.katalon.core.main.TestCaseExecutor.execute(TestCaseExecutor.java:200)
	at com.kms.katalon.core.main.TestSuiteExecutor.accessTestCaseMainPhase(TestSuiteExecutor.java:129)
	at com.kms.katalon.core.main.TestSuiteExecutor.accessTestSuiteMainPhase(TestSuiteExecutor.java:112)
	at com.kms.katalon.core.main.TestSuiteExecutor.execute(TestSuiteExecutor.java:81)
	at com.kms.katalon.core.main.TestCaseMain.startTestSuite(TestCaseMain.java:142)
	at com.kms.katalon.core.main.TestCaseMain$startTestSuite$0.call(Unknown Source)
	at org.codehaus.groovy.runtime.callsite.CallSiteArray.defaultCall(CallSiteArray.java:48)
	at org.codehaus.groovy.runtime.callsite.AbstractCallSite.call(AbstractCallSite.java:113)
	at org.codehaus.groovy.runtime.callsite.AbstractCallSite.call(AbstractCallSite.java:141)
	at TempTestSuite1543287057153.run(TempTestSuite1543287057153.groovy:36)
	at groovy.lang.GroovyShell.runScriptOrMainOrTestOrRunnable(GroovyShell.java:263)
	at groovy.lang.GroovyShell.run(GroovyShell.java:518)
	at groovy.lang.GroovyShell.run(GroovyShell.java:507)
	at groovy.ui.GroovyMain.processOnce(GroovyMain.java:653)
	at groovy.ui.GroovyMain.run(GroovyMain.java:384)
	at groovy.ui.GroovyMain.process(GroovyMain.java:370)
	at groovy.ui.GroovyMain.processArgs(GroovyMain.java:129)
	at groovy.ui.GroovyMain.main(GroovyMain.java:109)
	at sun.reflect.NativeMethodAccessorImpl.invoke0(Native Method)
	at sun.reflect.NativeMethodAccessorImpl.invoke(NativeMethodAccessorImpl.java:62)
	at sun.reflect.DelegatingMethodAccessorImpl.invoke(DelegatingMethodAccessorImpl.java:43)
	at java.lang.reflect.Method.invoke(Method.java:498)
	at org.codehaus.groovy.tools.GroovyStarter.rootLoader(GroovyStarter.java:109)
	at org.codehaus.groovy.tools.GroovyStarter.main(GroovyStarter.java:131)
)

2018-11-27 15:47:33 - [TEST_STEP][PASSED] - openBrowser: Browser is opened with url: ''

2018-11-27 15:47:33 - [MESSAGE][WARNING] - A browser is already opened. Closing browser and opening a new one

2018-11-27 15:47:37 - [MESSAGE][PASSED] - Browser is opened with url: ''

2018-11-27 15:47:37 - [TEST_STEP][PASSED] - navigateToUrl: Navigate to 'https://assist2-uat.perkeso.gov.my/login' successfully

2018-11-27 15:47:38 - [MESSAGE][PASSED] - Navigate to 'https://assist2-uat.perkeso.gov.my/login' successfully

2018-11-27 15:47:38 - [TEST_STEP][PASSED] - delay: Delayed 5 second(s)

2018-11-27 15:47:43 - [MESSAGE][PASSED] - Delayed 5 second(s)

2018-11-27 15:47:43 - [TEST_STEP][PASSED] - setText: Text 'test@liferay.com' is set on object 'Object Repository/Final Object Repo/Login Page/Internal User/Email Address'

2018-11-27 15:47:44 - [MESSAGE][PASSED] - Text 'test@liferay.com' is set on object 'Object Repository/Final Object Repo/Login Page/Internal User/Email Address'

2018-11-27 15:47:44 - [TEST_STEP][PASSED] - click: Object: 'Object Repository/Final Object Repo/Login Page/Internal User/Next Button' is clicked on

2018-11-27 15:47:44 - [MESSAGE][PASSED] - Object: 'Object Repository/Final Object Repo/Login Page/Internal User/Next Button' is clicked on

2018-11-27 15:47:44 - [TEST_STEP][PASSED] - delay: Delayed 2 second(s)

2018-11-27 15:47:46 - [MESSAGE][PASSED] - Delayed 2 second(s)

2018-11-27 15:47:46 - [TEST_STEP][PASSED] - setText: Text 'test' is set on object 'Object Repository/Final Object Repo/Login Page/Internal User/Password'

2018-11-27 15:47:46 - [MESSAGE][PASSED] - Text 'test' is set on object 'Object Repository/Final Object Repo/Login Page/Internal User/Password'

2018-11-27 15:47:46 - [TEST_STEP][PASSED] - delay: Delayed 2 second(s)

2018-11-27 15:47:48 - [MESSAGE][PASSED] - Delayed 2 second(s)

2018-11-27 15:47:48 - [TEST_STEP][PASSED] - click: Object: 'Object Repository/Final Object Repo/Login Page/Internal User/Login Button' is clicked on

2018-11-27 15:47:48 - [MESSAGE][PASSED] - Object: 'Object Repository/Final Object Repo/Login Page/Internal User/Login Button' is clicked on

2018-11-27 15:47:48 - [TEST_STEP][FAILED] - Statement - Try: Delayed 2 second(s)

2018-11-27 15:47:48 - [TEST_STEP][PASSED] - Statement - Checker = false: null

2018-11-27 15:47:48 - [TEST_STEP][PASSED] - Statement - Checker = com.kms.katalon.core.webui.keyword.WebUiBuiltInKeywords.verifyElementHasAttribute(com.kms.katalon.core.testobject.ObjectRepository.findTestObject(Final Object Repo/Landing Page/BM Detecting), "href", 20, OPTIONAL): Unable to verify if object 'Object Repository/Final Object Repo/Landing Page/BM Detecting' has attribute 'href' (Root cause: org.openqa.selenium.StaleElementReferenceException: stale element reference: element is not attached to the page document
  (Session info: chrome=70.0.3538.102)
  (Driver info: chromedriver=2.43.600210 (68dcf5eebde37173d4027fa8635e332711d2874a),platform=Windows NT 6.1.7601 SP1 x86_64) (WARNING: The server did not provide any stacktrace information)
Command duration or timeout: 0 milliseconds
For documentation on this error, please visit: http://seleniumhq.org/exceptions/stale_element_reference.html
Build info: version: '3.7.1', revision: '8a0099a', time: '2017-11-06T21:07:36.161Z'
System info: host: 'WIN7TEST02', ip: '10.20.3.72', os.name: 'Windows 7', os.arch: 'amd64', os.version: '6.1', java.version: '1.8.0_181'
Driver info: com.kms.katalon.selenium.driver.CChromeDriver
Capabilities {acceptInsecureCerts: false, acceptSslCerts: false, applicationCacheEnabled: false, browserConnectionEnabled: false, browserName: chrome, chrome: {chromedriverVersion: 2.43.600210 (68dcf5eebde371..., userDataDir: C:\Users\Admin\AppData\Loca...}, cssSelectorsEnabled: true, databaseEnabled: false, goog:chromeOptions: {debuggerAddress: localhost:63501}, handlesAlerts: true, hasTouchScreen: false, javascriptEnabled: true, locationContextEnabled: true, mobileEmulationEnabled: false, nativeEvents: true, networkConnectionEnabled: false, pageLoadStrategy: normal, platform: XP, platformName: XP, rotatable: false, setWindowRect: true, takesHeapSnapshot: true, takesScreenshot: true, unexpectedAlertBehaviour: , unhandledPromptBehavior: , version: 70.0.3538.102, webStorageEnabled: true}
Session ID: f1da4f2a3105fe8c49f8d96c78c201e7)

2018-11-27 15:47:51 - [MESSAGE][WARNING] - Unable to verify if object 'Object Repository/Final Object Repo/Landing Page/BM Detecting' has attribute 'href' (Root cause: org.openqa.selenium.StaleElementReferenceException: stale element reference: element is not attached to the page document
  (Session info: chrome=70.0.3538.102)
  (Driver info: chromedriver=2.43.600210 (68dcf5eebde37173d4027fa8635e332711d2874a),platform=Windows NT 6.1.7601 SP1 x86_64) (WARNING: The server did not provide any stacktrace information)
Command duration or timeout: 0 milliseconds
For documentation on this error, please visit: http://seleniumhq.org/exceptions/stale_element_reference.html
Build info: version: '3.7.1', revision: '8a0099a', time: '2017-11-06T21:07:36.161Z'
System info: host: 'WIN7TEST02', ip: '10.20.3.72', os.name: 'Windows 7', os.arch: 'amd64', os.version: '6.1', java.version: '1.8.0_181'
Driver info: com.kms.katalon.selenium.driver.CChromeDriver
Capabilities {acceptInsecureCerts: false, acceptSslCerts: false, applicationCacheEnabled: false, browserConnectionEnabled: false, browserName: chrome, chrome: {chromedriverVersion: 2.43.600210 (68dcf5eebde371..., userDataDir: C:\Users\Admin\AppData\Loca...}, cssSelectorsEnabled: true, databaseEnabled: false, goog:chromeOptions: {debuggerAddress: localhost:63501}, handlesAlerts: true, hasTouchScreen: false, javascriptEnabled: true, locationContextEnabled: true, mobileEmulationEnabled: false, nativeEvents: true, networkConnectionEnabled: false, pageLoadStrategy: normal, platform: XP, platformName: XP, rotatable: false, setWindowRect: true, takesHeapSnapshot: true, takesScreenshot: true, unexpectedAlertBehaviour: , unhandledPromptBehavior: , version: 70.0.3538.102, webStorageEnabled: true}
Session ID: f1da4f2a3105fe8c49f8d96c78c201e7)
[[ATTACHMENT|C:\\Users\\Admin\\Desktop\\PKS\\Perkeso Phase A\\Reports\\Workflow\\Update Add New Employee\\20181127_105057\\1543304870740.png]]

2018-11-27 15:47:51 - [TEST_STEP][PASSED] - Statement - out.println(Checker): null

2018-11-27 15:47:51 - [TEST_STEP][FAILED] - Statement - If (Checker == false): Unable to click on object 'Object Repository/Final Object Repo/Landing Page/Select to English' (Root cause: com.kms.katalon.core.webui.exception.WebElementNotFoundException: Web element with id: 'Object Repository/Final Object Repo/Landing Page/Select to English' located by 'By.xpath: //a[@class = 'taglib-language-list-text' and @lang = 'en-US' and (contains(text(), 'EN') or contains(., 'EN'))]' not found)

2018-11-27 15:47:51 - [TEST_STEP][FAILED] - click: Unable to click on object 'Object Repository/Final Object Repo/Landing Page/Select to English' (Root cause: com.kms.katalon.core.webui.exception.WebElementNotFoundException: Web element with id: 'Object Repository/Final Object Repo/Landing Page/Select to English' located by 'By.xpath: //a[@class = 'taglib-language-list-text' and @lang = 'en-US' and (contains(text(), 'EN') or contains(., 'EN'))]' not found)

2018-11-27 15:48:28 - [MESSAGE][FAILED] - Unable to click on object 'Object Repository/Final Object Repo/Landing Page/Select to English' (Root cause: com.kms.katalon.core.webui.exception.WebElementNotFoundException: Web element with id: 'Object Repository/Final Object Repo/Landing Page/Select to English' located by 'By.xpath: //a[@class = 'taglib-language-list-text' and @lang = 'en-US' and (contains(text(), 'EN') or contains(., 'EN'))]' not found)
[[ATTACHMENT|C:\\Users\\Admin\\Desktop\\PKS\\Perkeso Phase A\\Reports\\Workflow\\Update Add New Employee\\20181127_105057\\1543304908234.png]]

2018-11-27 15:48:28 - [TEST_STEP][PASSED] - delay: Delayed 2 second(s)

2018-11-27 15:48:30 - [MESSAGE][PASSED] - Delayed 2 second(s)

2018-11-27 15:48:30 - [TEST_STEP][PASSED] - delay: Delayed 3 second(s)

2018-11-27 15:48:33 - [MESSAGE][PASSED] - Delayed 3 second(s)

2018-11-27 15:48:33 - [TEST_STEP][PASSED] - mouseOver: Object: 'Object Repository/Final Object Repo/Landing Page/WorkFlow Menu' is hovered

2018-11-27 15:48:33 - [MESSAGE][PASSED] - Object: 'Object Repository/Final Object Repo/Landing Page/WorkFlow Menu' is hovered

2018-11-27 15:48:33 - [TEST_STEP][PASSED] - delay: Delayed 2 second(s)

2018-11-27 15:48:35 - [MESSAGE][PASSED] - Delayed 2 second(s)

2018-11-27 15:48:35 - [TEST_STEP][PASSED] - click: Object: 'Object Repository/Final Object Repo/Landing Page/Select to Workflow Listing' is clicked on

2018-11-27 15:48:36 - [MESSAGE][PASSED] - Object: 'Object Repository/Final Object Repo/Landing Page/Select to Workflow Listing' is clicked on

2018-11-27 15:48:36 - [TEST_STEP][PASSED] - delay: Delayed 2 second(s)

2018-11-27 15:48:38 - [MESSAGE][PASSED] - Delayed 2 second(s)

2018-11-27 15:48:38 - [TEST_STEP][PASSED] - click: Object: 'Object Repository/Final Object Repo/WorkFlow Listing Page/Search Information - To Put Ref No' is clicked on

2018-11-27 15:48:38 - [MESSAGE][PASSED] - Object: 'Object Repository/Final Object Repo/WorkFlow Listing Page/Search Information - To Put Ref No' is clicked on

2018-11-27 15:48:38 - [TEST_STEP][PASSED] - delay: Delayed 2 second(s)

2018-11-27 15:48:40 - [MESSAGE][PASSED] - Delayed 2 second(s)

2018-11-27 15:48:40 - [TEST_STEP][PASSED] - callTestCase: Call Test Case 'Test Cases/Final Aug 2018 - PKS Automation/Common/Reference Number Getter' successfully

2018-11-27 15:48:40 - [TEST_CASE][PASSED] - Test Cases/Final Aug 2018 - PKS Automation/Common/Reference Number Getter: Test Cases/Final Aug 2018 - PKS Automation/Common/Reference Number Getter

2018-11-27 15:48:40 - [TEST_STEP][PASSED] - Statement - Try: null

2018-11-27 15:48:40 - [TEST_STEP][PASSED] - Statement - RefNo = new java.io.File(C://Users//Admin//Desktop//PKS//Automation Reference Point//KatalonReference.txt): null

2018-11-27 15:48:40 - [TEST_STEP][PASSED] - Statement - bufferread = new java.io.BufferedReader(new java.io.FileReader(RefNo)): null

2018-11-27 15:48:40 - [TEST_STEP][PASSED] - Statement - readedVal = bufferread.readLine(): null

2018-11-27 15:48:40 - [TEST_STEP][PASSED] - Statement - out.println(CaseReferenceNo): null

2018-11-27 15:48:40 - [TEST_STEP][PASSED] - Statement - out.println(readedVal): null

2018-11-27 15:48:40 - [TEST_STEP][PASSED] - Statement - CaseReferenceNo = "": null

2018-11-27 15:48:40 - [TEST_STEP][PASSED] - Statement - CaseReferenceNo = readedVal: null

2018-11-27 15:48:40 - [MESSAGE][PASSED] - Call Test Case 'Test Cases/Final Aug 2018 - PKS Automation/Common/Reference Number Getter' successfully

2018-11-27 15:48:40 - [TEST_STEP][PASSED] - setText: Text 'CAN11201800002197' is set on object 'Object Repository/Final Object Repo/WorkFlow Listing Page/Ref No Set Text'

2018-11-27 15:48:41 - [MESSAGE][PASSED] - Text 'CAN11201800002197' is set on object 'Object Repository/Final Object Repo/WorkFlow Listing Page/Ref No Set Text'

2018-11-27 15:48:41 - [TEST_STEP][PASSED] - delay: Delayed 2 second(s)

2018-11-27 15:48:43 - [MESSAGE][PASSED] - Delayed 2 second(s)

2018-11-27 15:48:43 - [TEST_STEP][PASSED] - click: Object: 'Object Repository/Final Object Repo/WorkFlow Listing Page/Search Ref No Search Button' is clicked on

2018-11-27 15:48:43 - [MESSAGE][PASSED] - Object: 'Object Repository/Final Object Repo/WorkFlow Listing Page/Search Ref No Search Button' is clicked on

2018-11-27 15:48:43 - [TEST_STEP][PASSED] - delay: Delayed 4 second(s)

2018-11-27 15:48:47 - [MESSAGE][PASSED] - Delayed 4 second(s)

2018-11-27 15:48:47 - [TEST_STEP][PASSED] - click: Object: 'Object Repository/Final Object Repo/WorkFlow Listing Page/Click Continue Tooltip' is clicked on

2018-11-27 15:48:48 - [MESSAGE][PASSED] - Object: 'Object Repository/Final Object Repo/WorkFlow Listing Page/Click Continue Tooltip' is clicked on

2018-11-27 15:48:48 - [TEST_STEP][PASSED] - delay: Delayed 5 second(s)

2018-11-27 15:48:53 - [MESSAGE][PASSED] - Delayed 5 second(s)

2018-11-27 15:48:53 - [TEST_STEP][PASSED] - doubleClick: Object: 'Object Repository/Final Object Repo/WorkFlow Listing Page/Workflow Found - Listing 1' is double clicked on

2018-11-27 15:48:53 - [MESSAGE][PASSED] - Object: 'Object Repository/Final Object Repo/WorkFlow Listing Page/Workflow Found - Listing 1' is double clicked on

2018-11-27 15:48:53 - [TEST_STEP][PASSED] - Statement - println(OwnerID): null

2018-11-27 15:48:53 - [TEST_STEP][PASSED] - Statement - OwnerID = com.kms.katalon.core.webui.keyword.WebUiBuiltInKeywords.getText(com.kms.katalon.core.testobject.ObjectRepository.findTestObject(Final Object Repo/WorkFlow Listing Page/Workflow Found - Listing 1), STOP_ON_FAILURE): Text of object 'Object Repository/Final Object Repo/WorkFlow Listing Page/Workflow Found - Listing 1' is: 'JOHORro2'

2018-11-27 15:48:53 - [MESSAGE][PASSED] - Text of object 'Object Repository/Final Object Repo/WorkFlow Listing Page/Workflow Found - Listing 1' is: 'JOHORro2'

2018-11-27 15:48:53 - [TEST_STEP][PASSED] - Statement - OwnerID = OwnerID.toLowerCase() + "@gmail.com": null

2018-11-27 15:48:53 - [TEST_STEP][PASSED] - Statement - println(OwnerID): null

2018-11-27 15:48:53 - [TEST_STEP][PASSED] - delay: Delayed 2 second(s)

2018-11-27 15:48:55 - [MESSAGE][PASSED] - Delayed 2 second(s)

2018-11-27 15:48:55 - [MESSAGE][FAILED] - Unable to call Test Case with id 'Test Cases/Final Aug 2018 - PKS Automation/Common/Workflow Owner Finder' (Root cause: Call Test Case 'Test Cases/Final Aug 2018 - PKS Automation/Common/Workflow Owner Finder' failed)]]></system-out>
         <system-err><![CDATA[2018-11-27 15:36:58 - [TEST_CASE][FAILED] - Test Cases/Final Aug 2018 - PKS Automation/Registration Module/Workflow/Update Add New Employee/Special Case (Employer - RO Approve): Test Cases/Final Aug 2018 - PKS Automation/Registration Module/Workflow/Update Add New Employee/Special Case (Employer - RO Approve) FAILED because (of) (Stack trace: com.kms.katalon.core.exception.StepFailedException: Unable to click on object 'Object Repository/Final Object Repo/Landing Page/Select to English' (Root cause: com.kms.katalon.core.webui.exception.WebElementNotFoundException: Web element with id: 'Object Repository/Final Object Repo/Landing Page/Select to English' located by 'By.xpath: //a[@class = 'taglib-language-list-text' and @lang = 'en-US' and (contains(text(), 'EN') or contains(., 'EN'))]' not found)
	at com.kms.katalon.core.keyword.internal.KeywordMain.stepFailed(KeywordMain.groovy:32)
	at com.kms.katalon.core.webui.keyword.internal.WebUIKeywordMain.stepFailed(WebUIKeywordMain.groovy:65)
	at com.kms.katalon.core.webui.keyword.internal.WebUIKeywordMain.runKeyword(WebUIKeywordMain.groovy:27)
	at com.kms.katalon.core.webui.keyword.builtin.ClickKeyword.click(ClickKeyword.groovy:86)
	at com.kms.katalon.core.webui.keyword.builtin.ClickKeyword.execute(ClickKeyword.groovy:67)
	at com.kms.katalon.core.keyword.internal.KeywordExecutor.executeKeywordForPlatform(KeywordExecutor.groovy:53)
	at com.kms.katalon.core.webui.keyword.WebUiBuiltInKeywords.click(WebUiBuiltInKeywords.groovy:604)
	at com.kms.katalon.core.webui.keyword.WebUiBuiltInKeywords$click$6.call(Unknown Source)
	at Script1534407542420.run(Script1534407542420.groovy:57)
	at com.kms.katalon.core.main.ScriptEngine.run(ScriptEngine.java:183)
	at com.kms.katalon.core.main.ScriptEngine.runScriptAsRawText(ScriptEngine.java:108)
	at com.kms.katalon.core.main.TestCaseExecutor.runScript(TestCaseExecutor.java:294)
	at com.kms.katalon.core.main.TestCaseExecutor.doExecute(TestCaseExecutor.java:285)
	at com.kms.katalon.core.main.TestCaseExecutor.processExecutionPhase(TestCaseExecutor.java:264)
	at com.kms.katalon.core.main.TestCaseExecutor.accessMainPhase(TestCaseExecutor.java:256)
	at com.kms.katalon.core.main.TestCaseExecutor.execute(TestCaseExecutor.java:200)
	at com.kms.katalon.core.main.TestCaseMain.runTestCase(TestCaseMain.java:99)
	at com.kms.katalon.core.keyword.builtin.CallTestCaseKeyword$_callTestCase_closure1.doCall(CallTestCaseKeyword.groovy:60)
	at com.kms.katalon.core.keyword.builtin.CallTestCaseKeyword$_callTestCase_closure1.call(CallTestCaseKeyword.groovy)
	at com.kms.katalon.core.keyword.internal.KeywordMain.runKeyword(KeywordMain.groovy:54)
	at com.kms.katalon.core.keyword.builtin.CallTestCaseKeyword.callTestCase(CallTestCaseKeyword.groovy:81)
	at com.kms.katalon.core.keyword.builtin.CallTestCaseKeyword.execute(CallTestCaseKeyword.groovy:45)
	at com.kms.katalon.core.keyword.internal.KeywordExecutor.executeKeywordForPlatform(KeywordExecutor.groovy:53)
	at com.kms.katalon.core.keyword.BuiltinKeywords.callTestCase(BuiltinKeywords.groovy:334)
	at sun.reflect.GeneratedMethodAccessor13.invoke(Unknown Source)
	at sun.reflect.DelegatingMethodAccessorImpl.invoke(DelegatingMethodAccessorImpl.java:43)
	at java.lang.reflect.Method.invoke(Method.java:498)
	at org.codehaus.groovy.reflection.CachedMethod.invoke(CachedMethod.java:93)
	at groovy.lang.MetaMethod.doMethodInvoke(MetaMethod.java:325)
	at groovy.lang.MetaClassImpl.invokeStaticMethod(MetaClassImpl.java:1469)
	at org.codehaus.groovy.runtime.callsite.StaticMetaClassSite.call(StaticMetaClassSite.java:53)
	at org.codehaus.groovy.runtime.callsite.CallSiteArray.defaultCall(CallSiteArray.java:48)
	at org.codehaus.groovy.runtime.callsite.AbstractCallSite.call(AbstractCallSite.java:113)
	at org.codehaus.groovy.runtime.callsite.AbstractCallSite.call(AbstractCallSite.java:141)
	at Script1537255642276.run(Script1537255642276.groovy:113)
	at com.kms.katalon.core.main.ScriptEngine.run(ScriptEngine.java:183)
	at com.kms.katalon.core.main.ScriptEngine.runScriptAsRawText(ScriptEngine.java:108)
	at com.kms.katalon.core.main.TestCaseExecutor.runScript(TestCaseExecutor.java:294)
	at com.kms.katalon.core.main.TestCaseExecutor.doExecute(TestCaseExecutor.java:285)
	at com.kms.katalon.core.main.TestCaseExecutor.processExecutionPhase(TestCaseExecutor.java:264)
	at com.kms.katalon.core.main.TestCaseExecutor.accessMainPhase(TestCaseExecutor.java:256)
	at com.kms.katalon.core.main.TestCaseExecutor.execute(TestCaseExecutor.java:200)
	at com.kms.katalon.core.main.TestSuiteExecutor.accessTestCaseMainPhase(TestSuiteExecutor.java:129)
	at com.kms.katalon.core.main.TestSuiteExecutor.accessTestSuiteMainPhase(TestSuiteExecutor.java:112)
	at com.kms.katalon.core.main.TestSuiteExecutor.execute(TestSuiteExecutor.java:81)
	at com.kms.katalon.core.main.TestCaseMain.startTestSuite(TestCaseMain.java:142)
	at com.kms.katalon.core.main.TestCaseMain$startTestSuite$0.call(Unknown Source)
	at org.codehaus.groovy.runtime.callsite.CallSiteArray.defaultCall(CallSiteArray.java:48)
	at org.codehaus.groovy.runtime.callsite.AbstractCallSite.call(AbstractCallSite.java:113)
	at org.codehaus.groovy.runtime.callsite.AbstractCallSite.call(AbstractCallSite.java:141)
	at TempTestSuite1543287057153.run(TempTestSuite1543287057153.groovy:36)
	at groovy.lang.GroovyShell.runScriptOrMainOrTestOrRunnable(GroovyShell.java:263)
	at groovy.lang.GroovyShell.run(GroovyShell.java:518)
	at groovy.lang.GroovyShell.run(GroovyShell.java:507)
	at groovy.ui.GroovyMain.processOnce(GroovyMain.java:653)
	at groovy.ui.GroovyMain.run(GroovyMain.java:384)
	at groovy.ui.GroovyMain.process(GroovyMain.java:370)
	at groovy.ui.GroovyMain.processArgs(GroovyMain.java:129)
	at groovy.ui.GroovyMain.main(GroovyMain.java:109)
	at sun.reflect.NativeMethodAccessorImpl.invoke0(Native Method)
	at sun.reflect.NativeMethodAccessorImpl.invoke(NativeMethodAccessorImpl.java:62)
	at sun.reflect.DelegatingMethodAccessorImpl.invoke(DelegatingMethodAccessorImpl.java:43)
	at java.lang.reflect.Method.invoke(Method.java:498)
	at org.codehaus.groovy.tools.GroovyStarter.rootLoader(GroovyStarter.java:109)
	at org.codehaus.groovy.tools.GroovyStarter.main(GroovyStarter.java:131)
)]]></system-err>
      </testcase>
      <testcase name="Test Cases/Final Aug 2018 - PKS Automation/Registration Module/Workflow/Update Add New Employee/Special Case (Employer - RO Query - OTC Upload Pending Case - RO Approve)" classname="Test Cases/Final Aug 2018 - PKS Automation/Registration Module/Workflow/Update Add New Employee/Special Case (Employer - RO Query - OTC Upload Pending Case - RO Approve)" status="FAILED">
         <failure type="FAILED" message="(Stack trace: com.kms.katalon.core.exception.StepFailedException: Unable to click on object 'Object Repository/Final Object Repo/Landing Page/Select to English' (Root cause: com.kms.katalon.core.webui.exception.WebElementNotFoundException: Web element with id: 'Object Repository/Final Object Repo/Landing Page/Select to English' located by 'By.xpath: //a[@class = 'taglib-language-list-text' and @lang = 'en-US' and (contains(text(), 'EN') or contains(., 'EN'))]' not found)
	at com.kms.katalon.core.keyword.internal.KeywordMain.stepFailed(KeywordMain.groovy:32)
	at com.kms.katalon.core.webui.keyword.internal.WebUIKeywordMain.stepFailed(WebUIKeywordMain.groovy:65)
	at com.kms.katalon.core.webui.keyword.internal.WebUIKeywordMain.runKeyword(WebUIKeywordMain.groovy:27)
	at com.kms.katalon.core.webui.keyword.builtin.ClickKeyword.click(ClickKeyword.groovy:86)
	at com.kms.katalon.core.webui.keyword.builtin.ClickKeyword.execute(ClickKeyword.groovy:67)
	at com.kms.katalon.core.keyword.internal.KeywordExecutor.executeKeywordForPlatform(KeywordExecutor.groovy:53)
	at com.kms.katalon.core.webui.keyword.WebUiBuiltInKeywords.click(WebUiBuiltInKeywords.groovy:604)
	at com.kms.katalon.core.webui.keyword.WebUiBuiltInKeywords$click$6.call(Unknown Source)
	at Script1534407542420.run(Script1534407542420.groovy:57)
	at com.kms.katalon.core.main.ScriptEngine.run(ScriptEngine.java:183)
	at com.kms.katalon.core.main.ScriptEngine.runScriptAsRawText(ScriptEngine.java:108)
	at com.kms.katalon.core.main.TestCaseExecutor.runScript(TestCaseExecutor.java:294)
	at com.kms.katalon.core.main.TestCaseExecutor.doExecute(TestCaseExecutor.java:285)
	at com.kms.katalon.core.main.TestCaseExecutor.processExecutionPhase(TestCaseExecutor.java:264)
	at com.kms.katalon.core.main.TestCaseExecutor.accessMainPhase(TestCaseExecutor.java:256)
	at com.kms.katalon.core.main.TestCaseExecutor.execute(TestCaseExecutor.java:200)
	at com.kms.katalon.core.main.TestCaseMain.runTestCase(TestCaseMain.java:99)
	at com.kms.katalon.core.keyword.builtin.CallTestCaseKeyword$_callTestCase_closure1.doCall(CallTestCaseKeyword.groovy:60)
	at com.kms.katalon.core.keyword.builtin.CallTestCaseKeyword$_callTestCase_closure1.call(CallTestCaseKeyword.groovy)
	at com.kms.katalon.core.keyword.internal.KeywordMain.runKeyword(KeywordMain.groovy:54)
	at com.kms.katalon.core.keyword.builtin.CallTestCaseKeyword.callTestCase(CallTestCaseKeyword.groovy:81)
	at com.kms.katalon.core.keyword.builtin.CallTestCaseKeyword.execute(CallTestCaseKeyword.groovy:45)
	at com.kms.katalon.core.keyword.internal.KeywordExecutor.executeKeywordForPlatform(KeywordExecutor.groovy:53)
	at com.kms.katalon.core.keyword.BuiltinKeywords.callTestCase(BuiltinKeywords.groovy:334)
	at sun.reflect.GeneratedMethodAccessor13.invoke(Unknown Source)
	at sun.reflect.DelegatingMethodAccessorImpl.invoke(DelegatingMethodAccessorImpl.java:43)
	at java.lang.reflect.Method.invoke(Method.java:498)
	at org.codehaus.groovy.reflection.CachedMethod.invoke(CachedMethod.java:93)
	at groovy.lang.MetaMethod.doMethodInvoke(MetaMethod.java:325)
	at groovy.lang.MetaClassImpl.invokeStaticMethod(MetaClassImpl.java:1469)
	at org.codehaus.groovy.runtime.callsite.StaticMetaClassSite.call(StaticMetaClassSite.java:53)
	at org.codehaus.groovy.runtime.callsite.CallSiteArray.defaultCall(CallSiteArray.java:48)
	at org.codehaus.groovy.runtime.callsite.AbstractCallSite.call(AbstractCallSite.java:113)
	at org.codehaus.groovy.runtime.callsite.AbstractCallSite.call(AbstractCallSite.java:141)
	at Script1537330388665.run(Script1537330388665.groovy:115)
	at com.kms.katalon.core.main.ScriptEngine.run(ScriptEngine.java:183)
	at com.kms.katalon.core.main.ScriptEngine.runScriptAsRawText(ScriptEngine.java:108)
	at com.kms.katalon.core.main.TestCaseExecutor.runScript(TestCaseExecutor.java:294)
	at com.kms.katalon.core.main.TestCaseExecutor.doExecute(TestCaseExecutor.java:285)
	at com.kms.katalon.core.main.TestCaseExecutor.processExecutionPhase(TestCaseExecutor.java:264)
	at com.kms.katalon.core.main.TestCaseExecutor.accessMainPhase(TestCaseExecutor.java:256)
	at com.kms.katalon.core.main.TestCaseExecutor.execute(TestCaseExecutor.java:200)
	at com.kms.katalon.core.main.TestSuiteExecutor.accessTestCaseMainPhase(TestSuiteExecutor.java:129)
	at com.kms.katalon.core.main.TestSuiteExecutor.accessTestSuiteMainPhase(TestSuiteExecutor.java:112)
	at com.kms.katalon.core.main.TestSuiteExecutor.execute(TestSuiteExecutor.java:81)
	at com.kms.katalon.core.main.TestCaseMain.startTestSuite(TestCaseMain.java:142)
	at com.kms.katalon.core.main.TestCaseMain$startTestSuite$0.call(Unknown Source)
	at org.codehaus.groovy.runtime.callsite.CallSiteArray.defaultCall(CallSiteArray.java:48)
	at org.codehaus.groovy.runtime.callsite.AbstractCallSite.call(AbstractCallSite.java:113)
	at org.codehaus.groovy.runtime.callsite.AbstractCallSite.call(AbstractCallSite.java:141)
	at TempTestSuite1543287057153.run(TempTestSuite1543287057153.groovy:36)
	at groovy.lang.GroovyShell.runScriptOrMainOrTestOrRunnable(GroovyShell.java:263)
	at groovy.lang.GroovyShell.run(GroovyShell.java:518)
	at groovy.lang.GroovyShell.run(GroovyShell.java:507)
	at groovy.ui.GroovyMain.processOnce(GroovyMain.java:653)
	at groovy.ui.GroovyMain.run(GroovyMain.java:384)
	at groovy.ui.GroovyMain.process(GroovyMain.java:370)
	at groovy.ui.GroovyMain.processArgs(GroovyMain.java:129)
	at groovy.ui.GroovyMain.main(GroovyMain.java:109)
	at sun.reflect.NativeMethodAccessorImpl.invoke0(Native Method)
	at sun.reflect.NativeMethodAccessorImpl.invoke(NativeMethodAccessorImpl.java:62)
	at sun.reflect.DelegatingMethodAccessorImpl.invoke(DelegatingMethodAccessorImpl.java:43)
	at java.lang.reflect.Method.invoke(Method.java:498)
	at org.codehaus.groovy.tools.GroovyStarter.rootLoader(GroovyStarter.java:109)
	at org.codehaus.groovy.tools.GroovyStarter.main(GroovyStarter.java:131)
)"/>
         <system-out><![CDATA[2018-11-27 15:48:55 - [TEST_CASE][FAILED] - Test Cases/Final Aug 2018 - PKS Automation/Registration Module/Workflow/Update Add New Employee/Special Case (Employer - RO Query - OTC Upload Pending Case - RO Approve): Test Cases/Final Aug 2018 - PKS Automation/Registration Module/Workflow/Update Add New Employee/Special Case (Employer - RO Query - OTC Upload Pending Case - RO Approve) FAILED because (of) (Stack trace: com.kms.katalon.core.exception.StepFailedException: Unable to click on object 'Object Repository/Final Object Repo/Landing Page/Select to English' (Root cause: com.kms.katalon.core.webui.exception.WebElementNotFoundException: Web element with id: 'Object Repository/Final Object Repo/Landing Page/Select to English' located by 'By.xpath: //a[@class = 'taglib-language-list-text' and @lang = 'en-US' and (contains(text(), 'EN') or contains(., 'EN'))]' not found)
	at com.kms.katalon.core.keyword.internal.KeywordMain.stepFailed(KeywordMain.groovy:32)
	at com.kms.katalon.core.webui.keyword.internal.WebUIKeywordMain.stepFailed(WebUIKeywordMain.groovy:65)
	at com.kms.katalon.core.webui.keyword.internal.WebUIKeywordMain.runKeyword(WebUIKeywordMain.groovy:27)
	at com.kms.katalon.core.webui.keyword.builtin.ClickKeyword.click(ClickKeyword.groovy:86)
	at com.kms.katalon.core.webui.keyword.builtin.ClickKeyword.execute(ClickKeyword.groovy:67)
	at com.kms.katalon.core.keyword.internal.KeywordExecutor.executeKeywordForPlatform(KeywordExecutor.groovy:53)
	at com.kms.katalon.core.webui.keyword.WebUiBuiltInKeywords.click(WebUiBuiltInKeywords.groovy:604)
	at com.kms.katalon.core.webui.keyword.WebUiBuiltInKeywords$click$6.call(Unknown Source)
	at Script1534407542420.run(Script1534407542420.groovy:57)
	at com.kms.katalon.core.main.ScriptEngine.run(ScriptEngine.java:183)
	at com.kms.katalon.core.main.ScriptEngine.runScriptAsRawText(ScriptEngine.java:108)
	at com.kms.katalon.core.main.TestCaseExecutor.runScript(TestCaseExecutor.java:294)
	at com.kms.katalon.core.main.TestCaseExecutor.doExecute(TestCaseExecutor.java:285)
	at com.kms.katalon.core.main.TestCaseExecutor.processExecutionPhase(TestCaseExecutor.java:264)
	at com.kms.katalon.core.main.TestCaseExecutor.accessMainPhase(TestCaseExecutor.java:256)
	at com.kms.katalon.core.main.TestCaseExecutor.execute(TestCaseExecutor.java:200)
	at com.kms.katalon.core.main.TestCaseMain.runTestCase(TestCaseMain.java:99)
	at com.kms.katalon.core.keyword.builtin.CallTestCaseKeyword$_callTestCase_closure1.doCall(CallTestCaseKeyword.groovy:60)
	at com.kms.katalon.core.keyword.builtin.CallTestCaseKeyword$_callTestCase_closure1.call(CallTestCaseKeyword.groovy)
	at com.kms.katalon.core.keyword.internal.KeywordMain.runKeyword(KeywordMain.groovy:54)
	at com.kms.katalon.core.keyword.builtin.CallTestCaseKeyword.callTestCase(CallTestCaseKeyword.groovy:81)
	at com.kms.katalon.core.keyword.builtin.CallTestCaseKeyword.execute(CallTestCaseKeyword.groovy:45)
	at com.kms.katalon.core.keyword.internal.KeywordExecutor.executeKeywordForPlatform(KeywordExecutor.groovy:53)
	at com.kms.katalon.core.keyword.BuiltinKeywords.callTestCase(BuiltinKeywords.groovy:334)
	at sun.reflect.GeneratedMethodAccessor13.invoke(Unknown Source)
	at sun.reflect.DelegatingMethodAccessorImpl.invoke(DelegatingMethodAccessorImpl.java:43)
	at java.lang.reflect.Method.invoke(Method.java:498)
	at org.codehaus.groovy.reflection.CachedMethod.invoke(CachedMethod.java:93)
	at groovy.lang.MetaMethod.doMethodInvoke(MetaMethod.java:325)
	at groovy.lang.MetaClassImpl.invokeStaticMethod(MetaClassImpl.java:1469)
	at org.codehaus.groovy.runtime.callsite.StaticMetaClassSite.call(StaticMetaClassSite.java:53)
	at org.codehaus.groovy.runtime.callsite.CallSiteArray.defaultCall(CallSiteArray.java:48)
	at org.codehaus.groovy.runtime.callsite.AbstractCallSite.call(AbstractCallSite.java:113)
	at org.codehaus.groovy.runtime.callsite.AbstractCallSite.call(AbstractCallSite.java:141)
	at Script1537330388665.run(Script1537330388665.groovy:115)
	at com.kms.katalon.core.main.ScriptEngine.run(ScriptEngine.java:183)
	at com.kms.katalon.core.main.ScriptEngine.runScriptAsRawText(ScriptEngine.java:108)
	at com.kms.katalon.core.main.TestCaseExecutor.runScript(TestCaseExecutor.java:294)
	at com.kms.katalon.core.main.TestCaseExecutor.doExecute(TestCaseExecutor.java:285)
	at com.kms.katalon.core.main.TestCaseExecutor.processExecutionPhase(TestCaseExecutor.java:264)
	at com.kms.katalon.core.main.TestCaseExecutor.accessMainPhase(TestCaseExecutor.java:256)
	at com.kms.katalon.core.main.TestCaseExecutor.execute(TestCaseExecutor.java:200)
	at com.kms.katalon.core.main.TestSuiteExecutor.accessTestCaseMainPhase(TestSuiteExecutor.java:129)
	at com.kms.katalon.core.main.TestSuiteExecutor.accessTestSuiteMainPhase(TestSuiteExecutor.java:112)
	at com.kms.katalon.core.main.TestSuiteExecutor.execute(TestSuiteExecutor.java:81)
	at com.kms.katalon.core.main.TestCaseMain.startTestSuite(TestCaseMain.java:142)
	at com.kms.katalon.core.main.TestCaseMain$startTestSuite$0.call(Unknown Source)
	at org.codehaus.groovy.runtime.callsite.CallSiteArray.defaultCall(CallSiteArray.java:48)
	at org.codehaus.groovy.runtime.callsite.AbstractCallSite.call(AbstractCallSite.java:113)
	at org.codehaus.groovy.runtime.callsite.AbstractCallSite.call(AbstractCallSite.java:141)
	at TempTestSuite1543287057153.run(TempTestSuite1543287057153.groovy:36)
	at groovy.lang.GroovyShell.runScriptOrMainOrTestOrRunnable(GroovyShell.java:263)
	at groovy.lang.GroovyShell.run(GroovyShell.java:518)
	at groovy.lang.GroovyShell.run(GroovyShell.java:507)
	at groovy.ui.GroovyMain.processOnce(GroovyMain.java:653)
	at groovy.ui.GroovyMain.run(GroovyMain.java:384)
	at groovy.ui.GroovyMain.process(GroovyMain.java:370)
	at groovy.ui.GroovyMain.processArgs(GroovyMain.java:129)
	at groovy.ui.GroovyMain.main(GroovyMain.java:109)
	at sun.reflect.NativeMethodAccessorImpl.invoke0(Native Method)
	at sun.reflect.NativeMethodAccessorImpl.invoke(NativeMethodAccessorImpl.java:62)
	at sun.reflect.DelegatingMethodAccessorImpl.invoke(DelegatingMethodAccessorImpl.java:43)
	at java.lang.reflect.Method.invoke(Method.java:498)
	at org.codehaus.groovy.tools.GroovyStarter.rootLoader(GroovyStarter.java:109)
	at org.codehaus.groovy.tools.GroovyStarter.main(GroovyStarter.java:131)
)

2018-11-27 15:48:56 - [TEST_STEP][PASSED] - callTestCase: Call Test Case 'Test Cases/Final Aug 2018 - PKS Automation/Registration Module/Workflow/Update Add New Employee/Template/New Company for Update Add New - Employer' successfully

2018-11-27 15:48:56 - [TEST_CASE][PASSED] - Test Cases/Final Aug 2018 - PKS Automation/Registration Module/Workflow/Update Add New Employee/Template/New Company for Update Add New - Employer: Test Cases/Final Aug 2018 - PKS Automation/Registration Module/Workflow/Update Add New Employee/Template/New Company for Update Add New - Employer

2018-11-27 15:48:56 - [TEST_STEP][PASSED] - callTestCase: Call Test Case 'Test Cases/Final Aug 2018 - PKS Automation/Create Employer Acc/Create Employer Account' successfully

2018-11-27 15:48:56 - [TEST_CASE][PASSED] - Test Cases/Final Aug 2018 - PKS Automation/Create Employer Acc/Create Employer Account: Test Cases/Final Aug 2018 - PKS Automation/Create Employer Acc/Create Employer Account

2018-11-27 15:48:56 - [TEST_STEP][PASSED] - callTestCase: Call Test Case 'Test Cases/Final Aug 2018 - PKS Automation/Create Employer Acc/Template/Register Employer' successfully

2018-11-27 15:48:56 - [TEST_CASE][PASSED] - Test Cases/Final Aug 2018 - PKS Automation/Create Employer Acc/Template/Register Employer: Test Cases/Final Aug 2018 - PKS Automation/Create Employer Acc/Template/Register Employer

2018-11-27 15:48:56 - [TEST_STEP][PASSED] - openBrowser: Browser is opened with url: ''

2018-11-27 15:48:56 - [MESSAGE][WARNING] - A browser is already opened. Closing browser and opening a new one

2018-11-27 15:49:00 - [MESSAGE][PASSED] - Browser is opened with url: ''

2018-11-27 15:49:00 - [TEST_STEP][PASSED] - navigateToUrl: Navigate to 'https://assist2-uat.perkeso.gov.my/login' successfully

2018-11-27 15:49:01 - [MESSAGE][PASSED] - Navigate to 'https://assist2-uat.perkeso.gov.my/login' successfully

2018-11-27 15:49:01 - [TEST_STEP][PASSED] - setText: Text 'johorotc1@gmail.com' is set on object 'Object Repository/Final Object Repo/Login Page/Internal User/Email Address'

2018-11-27 15:49:01 - [MESSAGE][PASSED] - Text 'johorotc1@gmail.com' is set on object 'Object Repository/Final Object Repo/Login Page/Internal User/Email Address'

2018-11-27 15:49:01 - [TEST_STEP][PASSED] - click: Object: 'Object Repository/Final Object Repo/Login Page/Internal User/Next Button' is clicked on

2018-11-27 15:49:02 - [MESSAGE][PASSED] - Object: 'Object Repository/Final Object Repo/Login Page/Internal User/Next Button' is clicked on

2018-11-27 15:49:02 - [TEST_STEP][PASSED] - delay: Delayed 1 second(s)

2018-11-27 15:49:03 - [MESSAGE][PASSED] - Delayed 1 second(s)

2018-11-27 15:49:03 - [TEST_STEP][PASSED] - setEncryptedText: Text ****** has been set on object 'Object Repository/Final Object Repo/Login Page/Internal User/Password'

2018-11-27 15:49:03 - [MESSAGE][PASSED] - Text ****** has been set on object 'Object Repository/Final Object Repo/Login Page/Internal User/Password'

2018-11-27 15:49:03 - [TEST_STEP][PASSED] - click: Object: 'Object Repository/Final Object Repo/Login Page/Internal User/Login Button' is clicked on

2018-11-27 15:49:03 - [MESSAGE][PASSED] - Object: 'Object Repository/Final Object Repo/Login Page/Internal User/Login Button' is clicked on

2018-11-27 15:49:03 - [TEST_STEP][PASSED] - delay: Delayed 1 second(s)

2018-11-27 15:49:04 - [MESSAGE][PASSED] - Delayed 1 second(s)

2018-11-27 15:49:04 - [TEST_STEP][PASSED] - navigateToUrl: Navigate to 'https://assist2-uat.perkeso.gov.my/web/base/portal-id/registration' successfully

2018-11-27 15:49:06 - [MESSAGE][PASSED] - Navigate to 'https://assist2-uat.perkeso.gov.my/web/base/portal-id/registration' successfully

2018-11-27 15:49:06 - [TEST_STEP][PASSED] - setText: Text 'AUTOMATION EMPLOYER' is set on object 'Object Repository/Final Object Repo/Creating Employer Account/Page_Registration - ASSIST (Base)/Employer Name'

2018-11-27 15:49:07 - [MESSAGE][PASSED] - Text 'AUTOMATION EMPLOYER' is set on object 'Object Repository/Final Object Repo/Creating Employer Account/Page_Registration - ASSIST (Base)/Employer Name'

2018-11-27 15:49:07 - [TEST_STEP][PASSED] - delay: Delayed 2 second(s)

2018-11-27 15:49:09 - [MESSAGE][PASSED] - Delayed 2 second(s)

2018-11-27 15:49:09 - [TEST_STEP][PASSED] - click: Object: 'Object Repository/Final Object Repo/Creating Employer Account/Page_Registration - ASSIST (Base)/Registration Type' is clicked on

2018-11-27 15:49:09 - [MESSAGE][PASSED] - Object: 'Object Repository/Final Object Repo/Creating Employer Account/Page_Registration - ASSIST (Base)/Registration Type' is clicked on

2018-11-27 15:49:09 - [TEST_STEP][PASSED] - delay: Delayed 2 second(s)

2018-11-27 15:49:11 - [MESSAGE][PASSED] - Delayed 2 second(s)

2018-11-27 15:49:11 - [TEST_STEP][PASSED] - click: Object: 'Object Repository/Final Object Repo/Creating Employer Account/Page_Registration - ASSIST (Base)/Registration Type - Registration No' is clicked on

2018-11-27 15:49:11 - [MESSAGE][PASSED] - Object: 'Object Repository/Final Object Repo/Creating Employer Account/Page_Registration - ASSIST (Base)/Registration Type - Registration No' is clicked on

2018-11-27 15:49:11 - [TEST_STEP][PASSED] - delay: Delayed 2 second(s)

2018-11-27 15:49:13 - [MESSAGE][PASSED] - Delayed 2 second(s)

2018-11-27 15:49:13 - [TEST_STEP][PASSED] - setText: Text '1234567890' is set on object 'Object Repository/Final Object Repo/Creating Employer Account/Page_Registration - ASSIST (Base)/Registration Number'

2018-11-27 15:49:13 - [MESSAGE][PASSED] - Text '1234567890' is set on object 'Object Repository/Final Object Repo/Creating Employer Account/Page_Registration - ASSIST (Base)/Registration Number'

2018-11-27 15:49:13 - [TEST_STEP][PASSED] - delay: Delayed 2 second(s)

2018-11-27 15:49:15 - [MESSAGE][PASSED] - Delayed 2 second(s)

2018-11-27 15:49:15 - [TEST_STEP][PASSED] - setText: Text 'ADDRESS 1' is set on object 'Object Repository/Final Object Repo/Creating Employer Account/Page_Registration - ASSIST (Base)/Postal Address 1'

2018-11-27 15:49:16 - [MESSAGE][PASSED] - Text 'ADDRESS 1' is set on object 'Object Repository/Final Object Repo/Creating Employer Account/Page_Registration - ASSIST (Base)/Postal Address 1'

2018-11-27 15:49:16 - [TEST_STEP][PASSED] - setText: Text 'ADDRESS 2' is set on object 'Object Repository/Final Object Repo/Creating Employer Account/Page_Registration - ASSIST (Base)/Postal Address 2'

2018-11-27 15:49:16 - [MESSAGE][PASSED] - Text 'ADDRESS 2' is set on object 'Object Repository/Final Object Repo/Creating Employer Account/Page_Registration - ASSIST (Base)/Postal Address 2'

2018-11-27 15:49:16 - [TEST_STEP][PASSED] - click: Object: 'Object Repository/Final Object Repo/Creating Employer Account/Page_Registration - ASSIST (Base)/State' is clicked on

2018-11-27 15:49:16 - [MESSAGE][PASSED] - Object: 'Object Repository/Final Object Repo/Creating Employer Account/Page_Registration - ASSIST (Base)/State' is clicked on

2018-11-27 15:49:16 - [TEST_STEP][PASSED] - delay: Delayed 2 second(s)

2018-11-27 15:49:18 - [MESSAGE][PASSED] - Delayed 2 second(s)

2018-11-27 15:49:18 - [TEST_STEP][PASSED] - click: Object: 'Object Repository/Final Object Repo/Creating Employer Account/Page_Registration - ASSIST (Base)/State - Johor' is clicked on

2018-11-27 15:49:18 - [MESSAGE][PASSED] - Object: 'Object Repository/Final Object Repo/Creating Employer Account/Page_Registration - ASSIST (Base)/State - Johor' is clicked on

2018-11-27 15:49:18 - [TEST_STEP][PASSED] - delay: Delayed 2 second(s)

2018-11-27 15:49:20 - [MESSAGE][PASSED] - Delayed 2 second(s)

2018-11-27 15:49:20 - [TEST_STEP][PASSED] - click: Object: 'Object Repository/Final Object Repo/Creating Employer Account/Page_Registration - ASSIST (Base)/City' is clicked on

2018-11-27 15:49:20 - [MESSAGE][PASSED] - Object: 'Object Repository/Final Object Repo/Creating Employer Account/Page_Registration - ASSIST (Base)/City' is clicked on

2018-11-27 15:49:20 - [TEST_STEP][PASSED] - delay: Delayed 2 second(s)

2018-11-27 15:49:23 - [MESSAGE][PASSED] - Delayed 2 second(s)

2018-11-27 15:49:23 - [TEST_STEP][PASSED] - setText: Text 'joh' is set on object 'Object Repository/Final Object Repo/Creating Employer Account/Page_Registration - ASSIST (Base)/City - joh'

2018-11-27 15:49:23 - [MESSAGE][PASSED] - Text 'joh' is set on object 'Object Repository/Final Object Repo/Creating Employer Account/Page_Registration - ASSIST (Base)/City - joh'

2018-11-27 15:49:23 - [TEST_STEP][PASSED] - delay: Delayed 2 second(s)

2018-11-27 15:49:25 - [MESSAGE][PASSED] - Delayed 2 second(s)

2018-11-27 15:49:25 - [TEST_STEP][PASSED] - click: Object: 'Object Repository/Final Object Repo/Creating Employer Account/Page_Registration - ASSIST (Base)/City - Johor Bharu' is clicked on

2018-11-27 15:49:25 - [MESSAGE][PASSED] - Object: 'Object Repository/Final Object Repo/Creating Employer Account/Page_Registration - ASSIST (Base)/City - Johor Bharu' is clicked on

2018-11-27 15:49:25 - [TEST_STEP][PASSED] - delay: Delayed 2 second(s)

2018-11-27 15:49:27 - [MESSAGE][PASSED] - Delayed 2 second(s)

2018-11-27 15:49:27 - [TEST_STEP][PASSED] - click: Object: 'Object Repository/Final Object Repo/Creating Employer Account/Page_Registration - ASSIST (Base)/Post Code' is clicked on

2018-11-27 15:49:27 - [MESSAGE][PASSED] - Object: 'Object Repository/Final Object Repo/Creating Employer Account/Page_Registration - ASSIST (Base)/Post Code' is clicked on

2018-11-27 15:49:27 - [TEST_STEP][PASSED] - delay: Delayed 2 second(s)

2018-11-27 15:49:29 - [MESSAGE][PASSED] - Delayed 2 second(s)

2018-11-27 15:49:29 - [TEST_STEP][PASSED] - setText: Text '810' is set on object 'Object Repository/Final Object Repo/Creating Employer Account/Page_Registration - ASSIST (Base)/Post Code - 810'

2018-11-27 15:49:29 - [MESSAGE][PASSED] - Text '810' is set on object 'Object Repository/Final Object Repo/Creating Employer Account/Page_Registration - ASSIST (Base)/Post Code - 810'

2018-11-27 15:49:29 - [TEST_STEP][PASSED] - delay: Delayed 2 second(s)

2018-11-27 15:49:31 - [MESSAGE][PASSED] - Delayed 2 second(s)

2018-11-27 15:49:31 - [TEST_STEP][PASSED] - click: Object: 'Object Repository/Final Object Repo/Creating Employer Account/Page_Registration - ASSIST (Base)/Post Code - 81000' is clicked on

2018-11-27 15:49:32 - [MESSAGE][PASSED] - Object: 'Object Repository/Final Object Repo/Creating Employer Account/Page_Registration - ASSIST (Base)/Post Code - 81000' is clicked on

2018-11-27 15:49:32 - [TEST_STEP][PASSED] - delay: Delayed 2 second(s)

2018-11-27 15:49:34 - [MESSAGE][PASSED] - Delayed 2 second(s)

2018-11-27 15:49:34 - [TEST_STEP][PASSED] - setText: Text 'PERKESO' is set on object 'Object Repository/Final Object Repo/Creating Employer Account/Page_Registration - ASSIST (Base)/Full Name'

2018-11-27 15:49:34 - [MESSAGE][PASSED] - Text 'PERKESO' is set on object 'Object Repository/Final Object Repo/Creating Employer Account/Page_Registration - ASSIST (Base)/Full Name'

2018-11-27 15:49:34 - [TEST_STEP][PASSED] - Statement - rnd = new java.util.Random(): null

2018-11-27 15:49:34 - [TEST_STEP][PASSED] - Statement - snum = rnd.nextInt(899999 + 1) + 100000: null

2018-11-27 15:49:34 - [TEST_STEP][PASSED] - Statement - tnum = rnd.nextInt(899999 + 1) + 100000: null

2018-11-27 15:49:34 - [TEST_STEP][PASSED] - Statement - IC = java.lang.Integer.toString(snum) + java.lang.Integer.toString(tnum): null

2018-11-27 15:49:34 - [TEST_STEP][PASSED] - Statement - out.println(IC): null

2018-11-27 15:49:34 - [TEST_STEP][PASSED] - setText: Text '362989457246' is set on object 'Object Repository/Final Object Repo/Creating Employer Account/Page_Registration - ASSIST (Base)/Identification Number'

2018-11-27 15:49:34 - [MESSAGE][PASSED] - Text '362989457246' is set on object 'Object Repository/Final Object Repo/Creating Employer Account/Page_Registration - ASSIST (Base)/Identification Number'

2018-11-27 15:49:34 - [TEST_STEP][PASSED] - delay: Delayed 2 second(s)

2018-11-27 15:49:36 - [MESSAGE][PASSED] - Delayed 2 second(s)

2018-11-27 15:49:36 - [TEST_STEP][PASSED] - setText: Text '123456789012' is set on object 'Object Repository/Final Object Repo/Creating Employer Account/Page_Registration - ASSIST (Base)/Contact Number'

2018-11-27 15:49:36 - [MESSAGE][PASSED] - Text '123456789012' is set on object 'Object Repository/Final Object Repo/Creating Employer Account/Page_Registration - ASSIST (Base)/Contact Number'

2018-11-27 15:49:36 - [TEST_STEP][PASSED] - Statement - Email = "perkeso" + IC + "@gmail.com": null

2018-11-27 15:49:36 - [TEST_STEP][PASSED] - delay: Delayed 2 second(s)

2018-11-27 15:49:38 - [MESSAGE][PASSED] - Delayed 2 second(s)

2018-11-27 15:49:38 - [TEST_STEP][PASSED] - callTestCase: Call Test Case 'Test Cases/Final Aug 2018 - PKS Automation/Create Employer Acc/Template/Employer Email Settler' successfully

2018-11-27 15:49:39 - [TEST_CASE][PASSED] - Test Cases/Final Aug 2018 - PKS Automation/Create Employer Acc/Template/Employer Email Settler: Test Cases/Final Aug 2018 - PKS Automation/Create Employer Acc/Template/Employer Email Settler

2018-11-27 15:49:39 - [TEST_STEP][PASSED] - Statement - EmpEmailOld = new java.io.File(C://Users//Admin//Desktop//PKS//Automation Reference Point//EmpEmail.txt): null

2018-11-27 15:49:39 - [TEST_STEP][PASSED] - Statement - EmpEmailOld.delete(): null

2018-11-27 15:49:39 - [TEST_STEP][PASSED] - Statement - EmpEmail = new java.io.File(C://Users//Admin//Desktop//PKS//Automation Reference Point//EmpEmail.txt): null

2018-11-27 15:49:39 - [TEST_STEP][PASSED] - Statement - EmpEmail.append(Email): null

2018-11-27 15:49:39 - [TEST_STEP][PASSED] - Statement - out.println(Email): null

2018-11-27 15:49:39 - [MESSAGE][PASSED] - Call Test Case 'Test Cases/Final Aug 2018 - PKS Automation/Create Employer Acc/Template/Employer Email Settler' successfully

2018-11-27 15:49:39 - [TEST_STEP][PASSED] - delay: Delayed 2 second(s)

2018-11-27 15:49:41 - [MESSAGE][PASSED] - Delayed 2 second(s)

2018-11-27 15:49:41 - [TEST_STEP][PASSED] - setText: Text 'perkeso362989457246@gmail.com' is set on object 'Object Repository/Final Object Repo/Creating Employer Account/Page_Registration - ASSIST (Base)/Email'

2018-11-27 15:49:41 - [MESSAGE][PASSED] - Text 'perkeso362989457246@gmail.com' is set on object 'Object Repository/Final Object Repo/Creating Employer Account/Page_Registration - ASSIST (Base)/Email'

2018-11-27 15:49:41 - [TEST_STEP][PASSED] - setText: Text '123' is set on object 'Object Repository/Final Object Repo/Creating Employer Account/Page_Registration - ASSIST (Base)/Security Phase'

2018-11-27 15:49:41 - [MESSAGE][PASSED] - Text '123' is set on object 'Object Repository/Final Object Repo/Creating Employer Account/Page_Registration - ASSIST (Base)/Security Phase'

2018-11-27 15:49:41 - [TEST_STEP][PASSED] - click: Object: 'Object Repository/Final Object Repo/Creating Employer Account/Page_Registration - ASSIST (Base)/Save  Continue' is clicked on

2018-11-27 15:49:42 - [MESSAGE][PASSED] - Object: 'Object Repository/Final Object Repo/Creating Employer Account/Page_Registration - ASSIST (Base)/Save  Continue' is clicked on

2018-11-27 15:49:42 - [TEST_STEP][PASSED] - delay: Delayed 2 second(s)

2018-11-27 15:49:44 - [MESSAGE][PASSED] - Delayed 2 second(s)

2018-11-27 15:49:44 - [TEST_STEP][PASSED] - click: Object: 'Object Repository/Final Object Repo/Creating Employer Account/Page_Registration - ASSIST (Base)/Add Document' is clicked on

2018-11-27 15:49:44 - [MESSAGE][PASSED] - Object: 'Object Repository/Final Object Repo/Creating Employer Account/Page_Registration - ASSIST (Base)/Add Document' is clicked on

2018-11-27 15:49:44 - [TEST_STEP][PASSED] - delay: Delayed 2 second(s)

2018-11-27 15:49:46 - [MESSAGE][PASSED] - Delayed 2 second(s)

2018-11-27 15:49:46 - [TEST_STEP][PASSED] - click: Object: 'Object Repository/Final Object Repo/Creating Employer Account/Page_Registration - ASSIST (Base)/Document Type' is clicked on

2018-11-27 15:49:46 - [MESSAGE][PASSED] - Object: 'Object Repository/Final Object Repo/Creating Employer Account/Page_Registration - ASSIST (Base)/Document Type' is clicked on

2018-11-27 15:49:46 - [TEST_STEP][PASSED] - delay: Delayed 2 second(s)

2018-11-27 15:49:48 - [MESSAGE][PASSED] - Delayed 2 second(s)

2018-11-27 15:49:48 - [TEST_STEP][PASSED] - click: Object: 'Object Repository/Final Object Repo/Creating Employer Account/Page_Registration - ASSIST (Base)/Document Type - Letter of Authorization' is clicked on

2018-11-27 15:49:48 - [MESSAGE][PASSED] - Object: 'Object Repository/Final Object Repo/Creating Employer Account/Page_Registration - ASSIST (Base)/Document Type - Letter of Authorization' is clicked on

2018-11-27 15:49:48 - [TEST_STEP][PASSED] - delay: Delayed 2 second(s)

2018-11-27 15:49:50 - [MESSAGE][PASSED] - Delayed 2 second(s)

2018-11-27 15:49:50 - [TEST_STEP][PASSED] - sendKeys: Keys 'C:\Users\Public\Pictures\Sample Pictures\Koala.jpg' sent to object: 'Object Repository/Final Object Repo/Creating Employer Account/Page_Registration - ASSIST (Base)/Uploading File'

2018-11-27 15:49:50 - [MESSAGE][PASSED] - Keys 'C:\Users\Public\Pictures\Sample Pictures\Koala.jpg' sent to object: 'Object Repository/Final Object Repo/Creating Employer Account/Page_Registration - ASSIST (Base)/Uploading File'

2018-11-27 15:49:50 - [TEST_STEP][PASSED] - delay: Delayed 2 second(s)

2018-11-27 15:49:52 - [MESSAGE][PASSED] - Delayed 2 second(s)

2018-11-27 15:49:52 - [TEST_STEP][PASSED] - click: Object: 'Object Repository/Final Object Repo/Creating Employer Account/Page_Registration - ASSIST (Base)/Add Document in Uploading File' is clicked on

2018-11-27 15:49:52 - [MESSAGE][PASSED] - Object: 'Object Repository/Final Object Repo/Creating Employer Account/Page_Registration - ASSIST (Base)/Add Document in Uploading File' is clicked on

2018-11-27 15:49:52 - [TEST_STEP][PASSED] - delay: Delayed 2 second(s)

2018-11-27 15:49:54 - [MESSAGE][PASSED] - Delayed 2 second(s)

2018-11-27 15:49:54 - [TEST_STEP][PASSED] - click: Object: 'Object Repository/Final Object Repo/Creating Employer Account/Page_Registration - ASSIST (Base)/Save' is clicked on

2018-11-27 15:49:55 - [MESSAGE][PASSED] - Object: 'Object Repository/Final Object Repo/Creating Employer Account/Page_Registration - ASSIST (Base)/Save' is clicked on

2018-11-27 15:49:55 - [TEST_STEP][PASSED] - delay: Delayed 2 second(s)

2018-11-27 15:49:57 - [MESSAGE][PASSED] - Delayed 2 second(s)

2018-11-27 15:49:57 - [TEST_STEP][PASSED] - click: Object: 'Object Repository/Final Object Repo/Creating Employer Account/Page_Registration - ASSIST (Base)/Submit' is clicked on

2018-11-27 15:49:57 - [MESSAGE][PASSED] - Object: 'Object Repository/Final Object Repo/Creating Employer Account/Page_Registration - ASSIST (Base)/Submit' is clicked on

2018-11-27 15:49:57 - [TEST_STEP][PASSED] - delay: Delayed 2 second(s)

2018-11-27 15:49:59 - [MESSAGE][PASSED] - Delayed 2 second(s)

2018-11-27 15:49:59 - [TEST_STEP][PASSED] - click: Object: 'Object Repository/Final Object Repo/Creating Employer Account/Page_Registration - ASSIST (Base)/Confirm' is clicked on

2018-11-27 15:49:59 - [MESSAGE][PASSED] - Object: 'Object Repository/Final Object Repo/Creating Employer Account/Page_Registration - ASSIST (Base)/Confirm' is clicked on

2018-11-27 15:49:59 - [MESSAGE][PASSED] - Call Test Case 'Test Cases/Final Aug 2018 - PKS Automation/Create Employer Acc/Template/Register Employer' successfully

2018-11-27 15:49:59 - [TEST_STEP][PASSED] - delay: Delayed 1 second(s)

2018-11-27 15:50:00 - [MESSAGE][PASSED] - Delayed 1 second(s)

2018-11-27 15:50:00 - [TEST_STEP][PASSED] - navigateToUrl: Navigate to 'https://assist2-uat.perkeso.gov.my/c/portal/logout' successfully

2018-11-27 15:50:02 - [MESSAGE][PASSED] - Navigate to 'https://assist2-uat.perkeso.gov.my/c/portal/logout' successfully

2018-11-27 15:50:02 - [TEST_STEP][PASSED] - delay: Delayed 1 second(s)

2018-11-27 15:50:03 - [MESSAGE][PASSED] - Delayed 1 second(s)

2018-11-27 15:50:03 - [TEST_STEP][PASSED] - callTestCase: Call Test Case 'Test Cases/Final Aug 2018 - PKS Automation/Create Employer Acc/Template/Change Password of Employer' successfully

2018-11-27 15:50:03 - [TEST_CASE][PASSED] - Test Cases/Final Aug 2018 - PKS Automation/Create Employer Acc/Template/Change Password of Employer: Test Cases/Final Aug 2018 - PKS Automation/Create Employer Acc/Template/Change Password of Employer

2018-11-27 15:50:03 - [TEST_STEP][PASSED] - openBrowser: Browser is opened with url: ''

2018-11-27 15:50:03 - [MESSAGE][WARNING] - A browser is already opened. Closing browser and opening a new one

2018-11-27 15:50:07 - [MESSAGE][PASSED] - Browser is opened with url: ''

2018-11-27 15:50:07 - [TEST_STEP][PASSED] - navigateToUrl: Navigate to 'https://assist2-uat.perkeso.gov.my/login' successfully

2018-11-27 15:50:08 - [MESSAGE][PASSED] - Navigate to 'https://assist2-uat.perkeso.gov.my/login' successfully

2018-11-27 15:50:08 - [TEST_STEP][PASSED] - delay: Delayed 5 second(s)

2018-11-27 15:50:13 - [MESSAGE][PASSED] - Delayed 5 second(s)

2018-11-27 15:50:13 - [TEST_STEP][PASSED] - setText: Text 'test@liferay.com' is set on object 'Object Repository/Final Object Repo/Login Page/Internal User/Email Address'

2018-11-27 15:50:13 - [MESSAGE][PASSED] - Text 'test@liferay.com' is set on object 'Object Repository/Final Object Repo/Login Page/Internal User/Email Address'

2018-11-27 15:50:13 - [TEST_STEP][PASSED] - click: Object: 'Object Repository/Final Object Repo/Login Page/Internal User/Next Button' is clicked on

2018-11-27 15:50:14 - [MESSAGE][PASSED] - Object: 'Object Repository/Final Object Repo/Login Page/Internal User/Next Button' is clicked on

2018-11-27 15:50:14 - [TEST_STEP][PASSED] - delay: Delayed 2 second(s)

2018-11-27 15:50:16 - [MESSAGE][PASSED] - Delayed 2 second(s)

2018-11-27 15:50:16 - [TEST_STEP][PASSED] - setText: Text 'test' is set on object 'Object Repository/Final Object Repo/Login Page/Internal User/Password'

2018-11-27 15:50:16 - [MESSAGE][PASSED] - Text 'test' is set on object 'Object Repository/Final Object Repo/Login Page/Internal User/Password'

2018-11-27 15:50:16 - [TEST_STEP][PASSED] - delay: Delayed 2 second(s)

2018-11-27 15:50:18 - [MESSAGE][PASSED] - Delayed 2 second(s)

2018-11-27 15:50:18 - [TEST_STEP][PASSED] - click: Object: 'Object Repository/Final Object Repo/Login Page/Internal User/Login Button' is clicked on

2018-11-27 15:50:18 - [MESSAGE][PASSED] - Object: 'Object Repository/Final Object Repo/Login Page/Internal User/Login Button' is clicked on

2018-11-27 15:50:18 - [TEST_STEP][PASSED] - delay: Delayed 3 second(s)

2018-11-27 15:50:21 - [MESSAGE][PASSED] - Delayed 3 second(s)

2018-11-27 15:50:21 - [TEST_STEP][PASSED] - navigateToUrl: Navigate to 'https://assist2-uat.perkeso.gov.my/group/control_panel/manage?p_p_id=125&p_p_lifecycle=0&p_p_state=maximized&p_p_mode=view&refererPlid=20455&_125_usersListView=flat-users&_125_toolbarItem=view-all-users&_125_saveUsersListView=true&_125_struts_action=%2Fusers_admin%2Fview' successfully

2018-11-27 15:50:22 - [MESSAGE][PASSED] - Navigate to 'https://assist2-uat.perkeso.gov.my/group/control_panel/manage?p_p_id=125&p_p_lifecycle=0&p_p_state=maximized&p_p_mode=view&refererPlid=20455&_125_usersListView=flat-users&_125_toolbarItem=view-all-users&_125_saveUsersListView=true&_125_struts_action=%2Fusers_admin%2Fview' successfully

2018-11-27 15:50:22 - [TEST_STEP][PASSED] - delay: Delayed 3 second(s)

2018-11-27 15:50:25 - [MESSAGE][PASSED] - Delayed 3 second(s)

2018-11-27 15:50:25 - [TEST_STEP][PASSED] - setText: Text 'perkeso362989457246@gmail.com' is set on object 'Object Repository/Final Object Repo/Creating Employer Account/Page_Users and Organizations - ASSIST/Employer name'

2018-11-27 15:50:26 - [MESSAGE][PASSED] - Text 'perkeso362989457246@gmail.com' is set on object 'Object Repository/Final Object Repo/Creating Employer Account/Page_Users and Organizations - ASSIST/Employer name'

2018-11-27 15:50:26 - [TEST_STEP][PASSED] - delay: Delayed 3 second(s)

2018-11-27 15:50:29 - [MESSAGE][PASSED] - Delayed 3 second(s)

2018-11-27 15:50:29 - [TEST_STEP][PASSED] - click: Object: 'Object Repository/Final Object Repo/Creating Employer Account/Page_Users and Organizations - ASSIST/Search' is clicked on

2018-11-27 15:50:29 - [MESSAGE][PASSED] - Object: 'Object Repository/Final Object Repo/Creating Employer Account/Page_Users and Organizations - ASSIST/Search' is clicked on

2018-11-27 15:50:29 - [TEST_STEP][PASSED] - delay: Delayed 3 second(s)

2018-11-27 15:50:32 - [MESSAGE][PASSED] - Delayed 3 second(s)

2018-11-27 15:50:32 - [TEST_STEP][PASSED] - click: Object: 'Object Repository/Final Object Repo/Creating Employer Account/Page_Users and Organizations - ASSIST/Action' is clicked on

2018-11-27 15:50:32 - [MESSAGE][PASSED] - Object: 'Object Repository/Final Object Repo/Creating Employer Account/Page_Users and Organizations - ASSIST/Action' is clicked on

2018-11-27 15:50:32 - [TEST_STEP][PASSED] - delay: Delayed 3 second(s)

2018-11-27 15:50:35 - [MESSAGE][PASSED] - Delayed 3 second(s)

2018-11-27 15:50:35 - [TEST_STEP][PASSED] - click: Object: 'Object Repository/Final Object Repo/Creating Employer Account/Page_Users and Organizations - ASSIST/Edit' is clicked on

2018-11-27 15:50:37 - [MESSAGE][PASSED] - Object: 'Object Repository/Final Object Repo/Creating Employer Account/Page_Users and Organizations - ASSIST/Edit' is clicked on

2018-11-27 15:50:37 - [TEST_STEP][PASSED] - delay: Delayed 3 second(s)

2018-11-27 15:50:40 - [MESSAGE][PASSED] - Delayed 3 second(s)

2018-11-27 15:50:40 - [TEST_STEP][PASSED] - click: Object: 'Object Repository/Final Object Repo/Creating Employer Account/Page_PERKESO - Users and Organizati/a_Password (Modified)' is clicked on

2018-11-27 15:50:40 - [MESSAGE][PASSED] - Object: 'Object Repository/Final Object Repo/Creating Employer Account/Page_PERKESO - Users and Organizati/a_Password (Modified)' is clicked on

2018-11-27 15:50:40 - [TEST_STEP][PASSED] - delay: Delayed 3 second(s)

2018-11-27 15:50:43 - [MESSAGE][PASSED] - Delayed 3 second(s)

2018-11-27 15:50:43 - [TEST_STEP][PASSED] - setEncryptedText: Text ****** has been set on object 'Object Repository/Final Object Repo/Creating Employer Account/Page_PERKESO - Users and Organizati/input__125_password1'

2018-11-27 15:50:43 - [MESSAGE][PASSED] - Text ****** has been set on object 'Object Repository/Final Object Repo/Creating Employer Account/Page_PERKESO - Users and Organizati/input__125_password1'

2018-11-27 15:50:43 - [TEST_STEP][PASSED] - delay: Delayed 3 second(s)

2018-11-27 15:50:46 - [MESSAGE][PASSED] - Delayed 3 second(s)

2018-11-27 15:50:46 - [TEST_STEP][PASSED] - setEncryptedText: Text ****** has been set on object 'Object Repository/Final Object Repo/Creating Employer Account/Page_PERKESO - Users and Organizati/input__125_password2'

2018-11-27 15:50:46 - [MESSAGE][PASSED] - Text ****** has been set on object 'Object Repository/Final Object Repo/Creating Employer Account/Page_PERKESO - Users and Organizati/input__125_password2'

2018-11-27 15:50:46 - [TEST_STEP][PASSED] - delay: Delayed 3 second(s)

2018-11-27 15:50:49 - [MESSAGE][PASSED] - Delayed 3 second(s)

2018-11-27 15:50:49 - [TEST_STEP][PASSED] - click: Object: 'Object Repository/Final Object Repo/Creating Employer Account/Page_PERKESO - Users and Organizati/Save' is clicked on

2018-11-27 15:50:51 - [MESSAGE][PASSED] - Object: 'Object Repository/Final Object Repo/Creating Employer Account/Page_PERKESO - Users and Organizati/Save' is clicked on

2018-11-27 15:50:51 - [MESSAGE][PASSED] - Call Test Case 'Test Cases/Final Aug 2018 - PKS Automation/Create Employer Acc/Template/Change Password of Employer' successfully

2018-11-27 15:50:51 - [TEST_STEP][PASSED] - delay: Delayed 1 second(s)

2018-11-27 15:50:52 - [MESSAGE][PASSED] - Delayed 1 second(s)

2018-11-27 15:50:52 - [TEST_STEP][PASSED] - navigateToUrl: Navigate to 'https://assist2-uat.perkeso.gov.my/c/portal/logout' successfully

2018-11-27 15:50:53 - [MESSAGE][PASSED] - Navigate to 'https://assist2-uat.perkeso.gov.my/c/portal/logout' successfully

2018-11-27 15:50:53 - [TEST_STEP][PASSED] - delay: Delayed 1 second(s)

2018-11-27 15:50:54 - [MESSAGE][PASSED] - Delayed 1 second(s)

2018-11-27 15:50:54 - [TEST_STEP][PASSED] - callTestCase: Call Test Case 'Test Cases/Final Aug 2018 - PKS Automation/Create Employer Acc/Template/Login to Employer Account (First Time)' successfully

2018-11-27 15:50:54 - [TEST_CASE][PASSED] - Test Cases/Final Aug 2018 - PKS Automation/Create Employer Acc/Template/Login to Employer Account (First Time): Test Cases/Final Aug 2018 - PKS Automation/Create Employer Acc/Template/Login to Employer Account (First Time)

2018-11-27 15:50:54 - [TEST_STEP][PASSED] - openBrowser: Browser is opened with url: ''

2018-11-27 15:50:54 - [MESSAGE][WARNING] - A browser is already opened. Closing browser and opening a new one

2018-11-27 15:50:58 - [MESSAGE][PASSED] - Browser is opened with url: ''

2018-11-27 15:50:58 - [TEST_STEP][PASSED] - navigateToUrl: Navigate to 'https://assist2-uat.perkeso.gov.my/employer/login' successfully

2018-11-27 15:50:59 - [MESSAGE][PASSED] - Navigate to 'https://assist2-uat.perkeso.gov.my/employer/login' successfully

2018-11-27 15:50:59 - [TEST_STEP][PASSED] - delay: Delayed 3 second(s)

2018-11-27 15:51:02 - [MESSAGE][PASSED] - Delayed 3 second(s)

2018-11-27 15:51:02 - [TEST_STEP][PASSED] - callTestCase: Call Test Case 'Test Cases/Final Aug 2018 - PKS Automation/Create Employer Acc/Template/Employer Email Getter' successfully

2018-11-27 15:51:02 - [TEST_CASE][PASSED] - Test Cases/Final Aug 2018 - PKS Automation/Create Employer Acc/Template/Employer Email Getter: Test Cases/Final Aug 2018 - PKS Automation/Create Employer Acc/Template/Employer Email Getter

2018-11-27 15:51:02 - [TEST_STEP][PASSED] - Statement - Try: null

2018-11-27 15:51:02 - [TEST_STEP][PASSED] - Statement - EmpEmail = new java.io.File(C://Users//Admin//Desktop//PKS//Automation Reference Point//EmpEmail.txt): null

2018-11-27 15:51:02 - [TEST_STEP][PASSED] - Statement - bufferread = new java.io.BufferedReader(new java.io.FileReader(EmpEmail)): null

2018-11-27 15:51:02 - [TEST_STEP][PASSED] - Statement - readedVal = bufferread.readLine(): null

2018-11-27 15:51:02 - [TEST_STEP][PASSED] - Statement - out.println(readedVal): null

2018-11-27 15:51:02 - [TEST_STEP][PASSED] - Statement - Email = readedVal: null

2018-11-27 15:51:02 - [MESSAGE][PASSED] - Call Test Case 'Test Cases/Final Aug 2018 - PKS Automation/Create Employer Acc/Template/Employer Email Getter' successfully

2018-11-27 15:51:02 - [TEST_STEP][PASSED] - setText: Text 'perkeso362989457246@gmail.com' is set on object 'Object Repository/Final Object Repo/Login Page/External Login Page/Email'

2018-11-27 15:51:03 - [MESSAGE][PASSED] - Text 'perkeso362989457246@gmail.com' is set on object 'Object Repository/Final Object Repo/Login Page/External Login Page/Email'

2018-11-27 15:51:03 - [TEST_STEP][PASSED] - click: Object: 'Object Repository/Final Object Repo/Login Page/External Login Page/Next' is clicked on

2018-11-27 15:51:03 - [MESSAGE][PASSED] - Object: 'Object Repository/Final Object Repo/Login Page/External Login Page/Next' is clicked on

2018-11-27 15:51:03 - [TEST_STEP][PASSED] - delay: Delayed 3 second(s)

2018-11-27 15:51:06 - [MESSAGE][PASSED] - Delayed 3 second(s)

2018-11-27 15:51:06 - [TEST_STEP][PASSED] - setEncryptedText: Text ****** has been set on object 'Object Repository/Final Object Repo/Login Page/External Login Page/Password'

2018-11-27 15:51:06 - [MESSAGE][PASSED] - Text ****** has been set on object 'Object Repository/Final Object Repo/Login Page/External Login Page/Password'

2018-11-27 15:51:06 - [TEST_STEP][PASSED] - click: Object: 'Object Repository/Final Object Repo/Login Page/External Login Page/Login' is clicked on

2018-11-27 15:51:06 - [MESSAGE][PASSED] - Object: 'Object Repository/Final Object Repo/Login Page/External Login Page/Login' is clicked on

2018-11-27 15:51:06 - [TEST_STEP][PASSED] - delay: Delayed 3 second(s)

2018-11-27 15:51:09 - [MESSAGE][PASSED] - Delayed 3 second(s)

2018-11-27 15:51:09 - [TEST_STEP][PASSED] - click: Object: 'Object Repository/Final Object Repo/Creating Employer Account/Page_Terms of Use - ASSIST/button_I Agree' is clicked on

2018-11-27 15:51:10 - [MESSAGE][PASSED] - Object: 'Object Repository/Final Object Repo/Creating Employer Account/Page_Terms of Use - ASSIST/button_I Agree' is clicked on

2018-11-27 15:51:10 - [TEST_STEP][PASSED] - delay: Delayed 2 second(s)

2018-11-27 15:51:12 - [MESSAGE][PASSED] - Delayed 2 second(s)

2018-11-27 15:51:12 - [TEST_STEP][PASSED] - setEncryptedText: Text ****** has been set on object 'Object Repository/Final Object Repo/Creating Employer Account/Page_New Password - ASSIST/input_password1'

2018-11-27 15:51:13 - [MESSAGE][PASSED] - Text ****** has been set on object 'Object Repository/Final Object Repo/Creating Employer Account/Page_New Password - ASSIST/input_password1'

2018-11-27 15:51:13 - [TEST_STEP][PASSED] - setEncryptedText: Text ****** has been set on object 'Object Repository/Final Object Repo/Creating Employer Account/Page_New Password - ASSIST/input_password2'

2018-11-27 15:51:13 - [MESSAGE][PASSED] - Text ****** has been set on object 'Object Repository/Final Object Repo/Creating Employer Account/Page_New Password - ASSIST/input_password2'

2018-11-27 15:51:13 - [TEST_STEP][PASSED] - delay: Delayed 2 second(s)

2018-11-27 15:51:15 - [MESSAGE][PASSED] - Delayed 2 second(s)

2018-11-27 15:51:15 - [TEST_STEP][PASSED] - click: Object: 'Object Repository/Final Object Repo/Creating Employer Account/Page_New Password - ASSIST/Save' is clicked on

2018-11-27 15:51:15 - [MESSAGE][PASSED] - Object: 'Object Repository/Final Object Repo/Creating Employer Account/Page_New Password - ASSIST/Save' is clicked on

2018-11-27 15:51:15 - [TEST_STEP][PASSED] - delay: Delayed 2 second(s)

2018-11-27 15:51:17 - [MESSAGE][PASSED] - Delayed 2 second(s)

2018-11-27 15:51:17 - [TEST_STEP][PASSED] - setText: Text 'test' is set on object 'Object Repository/Final Object Repo/Creating Employer Account/Page_Password Reminder - ASSIST/Reminder Query Answer'

2018-11-27 15:51:17 - [MESSAGE][PASSED] - Text 'test' is set on object 'Object Repository/Final Object Repo/Creating Employer Account/Page_Password Reminder - ASSIST/Reminder Query Answer'

2018-11-27 15:51:17 - [TEST_STEP][PASSED] - delay: Delayed 2 second(s)

2018-11-27 15:51:19 - [MESSAGE][PASSED] - Delayed 2 second(s)

2018-11-27 15:51:19 - [TEST_STEP][PASSED] - doubleClick: Object: 'Object Repository/Final Object Repo/Creating Employer Account/Page_Password Reminder - ASSIST/Save' is double clicked on

2018-11-27 15:51:19 - [MESSAGE][PASSED] - Object: 'Object Repository/Final Object Repo/Creating Employer Account/Page_Password Reminder - ASSIST/Save' is double clicked on

2018-11-27 15:51:19 - [MESSAGE][PASSED] - Call Test Case 'Test Cases/Final Aug 2018 - PKS Automation/Create Employer Acc/Template/Login to Employer Account (First Time)' successfully

2018-11-27 15:51:19 - [MESSAGE][PASSED] - Call Test Case 'Test Cases/Final Aug 2018 - PKS Automation/Create Employer Acc/Create Employer Account' successfully

2018-11-27 15:51:19 - [TEST_STEP][PASSED] - callTestCase: Call Test Case 'Test Cases/Final Aug 2018 - PKS Automation/Registration Module/Log Out/log out avoiding katalon tagging' successfully

2018-11-27 15:51:19 - [TEST_CASE][PASSED] - Test Cases/Final Aug 2018 - PKS Automation/Registration Module/Log Out/log out avoiding katalon tagging: Test Cases/Final Aug 2018 - PKS Automation/Registration Module/Log Out/log out avoiding katalon tagging

2018-11-27 15:51:19 - [TEST_STEP][PASSED] - navigateToUrl: Navigate to 'https://assist2-uat.perkeso.gov.my/c/portal/logout' successfully

2018-11-27 15:51:23 - [MESSAGE][PASSED] - Navigate to 'https://assist2-uat.perkeso.gov.my/c/portal/logout' successfully

2018-11-27 15:51:23 - [MESSAGE][PASSED] - Call Test Case 'Test Cases/Final Aug 2018 - PKS Automation/Registration Module/Log Out/log out avoiding katalon tagging' successfully

2018-11-27 15:51:23 - [TEST_STEP][PASSED] - callTestCase: Call Test Case 'Test Cases/Final Aug 2018 - PKS Automation/Create Employer Acc/Login to Employer Account (Second time)' successfully

2018-11-27 15:51:23 - [TEST_CASE][PASSED] - Test Cases/Final Aug 2018 - PKS Automation/Create Employer Acc/Login to Employer Account (Second time): Test Cases/Final Aug 2018 - PKS Automation/Create Employer Acc/Login to Employer Account (Second time)

2018-11-27 15:51:23 - [TEST_STEP][PASSED] - openBrowser: Browser is opened with url: ''

2018-11-27 15:51:23 - [MESSAGE][WARNING] - A browser is already opened. Closing browser and opening a new one

2018-11-27 15:51:28 - [MESSAGE][PASSED] - Browser is opened with url: ''

2018-11-27 15:51:28 - [TEST_STEP][PASSED] - navigateToUrl: Navigate to 'https://assist2-uat.perkeso.gov.my/employer/login' successfully

2018-11-27 15:51:29 - [MESSAGE][PASSED] - Navigate to 'https://assist2-uat.perkeso.gov.my/employer/login' successfully

2018-11-27 15:51:29 - [TEST_STEP][PASSED] - delay: Delayed 3 second(s)

2018-11-27 15:51:32 - [MESSAGE][PASSED] - Delayed 3 second(s)

2018-11-27 15:51:32 - [TEST_STEP][PASSED] - callTestCase: Call Test Case 'Test Cases/Final Aug 2018 - PKS Automation/Create Employer Acc/Template/Employer Email Getter' successfully

2018-11-27 15:51:32 - [TEST_CASE][PASSED] - Test Cases/Final Aug 2018 - PKS Automation/Create Employer Acc/Template/Employer Email Getter: Test Cases/Final Aug 2018 - PKS Automation/Create Employer Acc/Template/Employer Email Getter

2018-11-27 15:51:32 - [TEST_STEP][PASSED] - Statement - Try: null

2018-11-27 15:51:32 - [TEST_STEP][PASSED] - Statement - EmpEmail = new java.io.File(C://Users//Admin//Desktop//PKS//Automation Reference Point//EmpEmail.txt): null

2018-11-27 15:51:32 - [TEST_STEP][PASSED] - Statement - bufferread = new java.io.BufferedReader(new java.io.FileReader(EmpEmail)): null

2018-11-27 15:51:32 - [TEST_STEP][PASSED] - Statement - readedVal = bufferread.readLine(): null

2018-11-27 15:51:32 - [TEST_STEP][PASSED] - Statement - out.println(readedVal): null

2018-11-27 15:51:32 - [TEST_STEP][PASSED] - Statement - Email = readedVal: null

2018-11-27 15:51:32 - [MESSAGE][PASSED] - Call Test Case 'Test Cases/Final Aug 2018 - PKS Automation/Create Employer Acc/Template/Employer Email Getter' successfully

2018-11-27 15:51:32 - [TEST_STEP][PASSED] - setText: Text 'perkeso362989457246@gmail.com' is set on object 'Object Repository/Final Object Repo/Login Page/External Login Page/Email'

2018-11-27 15:51:33 - [MESSAGE][PASSED] - Text 'perkeso362989457246@gmail.com' is set on object 'Object Repository/Final Object Repo/Login Page/External Login Page/Email'

2018-11-27 15:51:33 - [TEST_STEP][PASSED] - click: Object: 'Object Repository/Final Object Repo/Login Page/External Login Page/Next' is clicked on

2018-11-27 15:51:33 - [MESSAGE][PASSED] - Object: 'Object Repository/Final Object Repo/Login Page/External Login Page/Next' is clicked on

2018-11-27 15:51:33 - [TEST_STEP][PASSED] - delay: Delayed 3 second(s)

2018-11-27 15:51:36 - [MESSAGE][PASSED] - Delayed 3 second(s)

2018-11-27 15:51:36 - [TEST_STEP][PASSED] - setEncryptedText: Text ****** has been set on object 'Object Repository/Final Object Repo/Login Page/External Login Page/Password'

2018-11-27 15:51:36 - [MESSAGE][PASSED] - Text ****** has been set on object 'Object Repository/Final Object Repo/Login Page/External Login Page/Password'

2018-11-27 15:51:36 - [TEST_STEP][PASSED] - click: Object: 'Object Repository/Final Object Repo/Login Page/External Login Page/Login' is clicked on

2018-11-27 15:51:36 - [MESSAGE][PASSED] - Object: 'Object Repository/Final Object Repo/Login Page/External Login Page/Login' is clicked on

2018-11-27 15:51:36 - [TEST_STEP][PASSED] - delay: Delayed 5 second(s)

2018-11-27 15:51:41 - [MESSAGE][PASSED] - Delayed 5 second(s)

2018-11-27 15:51:41 - [MESSAGE][PASSED] - Call Test Case 'Test Cases/Final Aug 2018 - PKS Automation/Create Employer Acc/Login to Employer Account (Second time)' successfully

2018-11-27 15:51:41 - [TEST_STEP][PASSED] - delay: Delayed 4 second(s)

2018-11-27 15:51:45 - [MESSAGE][PASSED] - Delayed 4 second(s)

2018-11-27 15:51:45 - [TEST_STEP][PASSED] - Statement - Try: Delayed 2 second(s)

2018-11-27 15:51:45 - [TEST_STEP][PASSED] - Statement - Checker = false: null

2018-11-27 15:51:45 - [TEST_STEP][PASSED] - Statement - Checker = com.kms.katalon.core.webui.keyword.WebUiBuiltInKeywords.verifyElementHasAttribute(com.kms.katalon.core.testobject.ObjectRepository.findTestObject(Final Object Repo/Landing Page/BM Detecting), "href", 20, OPTIONAL): Object 'Object Repository/Final Object Repo/Landing Page/BM Detecting' has attribute 'href'

2018-11-27 15:51:45 - [MESSAGE][PASSED] - Object 'Object Repository/Final Object Repo/Landing Page/BM Detecting' has attribute 'href'

2018-11-27 15:51:45 - [TEST_STEP][PASSED] - Statement - out.println(Checker): null

2018-11-27 15:51:45 - [TEST_STEP][PASSED] - Statement - If (Checker == false): null

2018-11-27 15:51:45 - [TEST_STEP][PASSED] - Statement - Else: null

2018-11-27 15:51:45 - [TEST_STEP][PASSED] - delay: Delayed 2 second(s)

2018-11-27 15:51:47 - [MESSAGE][PASSED] - Delayed 2 second(s)

2018-11-27 15:51:47 - [TEST_STEP][PASSED] - delay: Delayed 4 second(s)

2018-11-27 15:51:51 - [MESSAGE][PASSED] - Delayed 4 second(s)

2018-11-27 15:51:51 - [TEST_STEP][PASSED] - click: Object: 'Object Repository/Final Object Repo/Landing Page/My Sites Drop Down' is clicked on

2018-11-27 15:51:52 - [MESSAGE][PASSED] - Object: 'Object Repository/Final Object Repo/Landing Page/My Sites Drop Down' is clicked on

2018-11-27 15:51:52 - [TEST_STEP][PASSED] - click: Object: 'Object Repository/Final Object Repo/Landing Page/Select to Registration Module' is clicked on

2018-11-27 15:51:54 - [MESSAGE][PASSED] - Object: 'Object Repository/Final Object Repo/Landing Page/Select to Registration Module' is clicked on

2018-11-27 15:51:54 - [TEST_STEP][PASSED] - click: Object: 'Object Repository/Final Object Repo/Landing Page/Registration Button' is clicked on

2018-11-27 15:51:55 - [MESSAGE][PASSED] - Object: 'Object Repository/Final Object Repo/Landing Page/Registration Button' is clicked on

2018-11-27 15:51:55 - [TEST_STEP][PASSED] - delay: Delayed 2 second(s)

2018-11-27 15:51:57 - [MESSAGE][PASSED] - Delayed 2 second(s)

2018-11-27 15:51:57 - [TEST_STEP][PASSED] - click: Object: 'Object Repository/Final Object Repo/New Registration - Registration Module Pages/New Reg - OTC to RO/Special Case - OTC - Form 1/AEC NO' is clicked on

2018-11-27 15:51:58 - [MESSAGE][PASSED] - Object: 'Object Repository/Final Object Repo/New Registration - Registration Module Pages/New Reg - OTC to RO/Special Case - OTC - Form 1/AEC NO' is clicked on

2018-11-27 15:51:58 - [TEST_STEP][PASSED] - click: Object: 'Object Repository/Final Object Repo/New Registration - Registration Module Pages/New Reg - OTC to RO/Special Case - OTC - Form 1/Business Entity - Please Select' is clicked on

2018-11-27 15:51:58 - [MESSAGE][PASSED] - Object: 'Object Repository/Final Object Repo/New Registration - Registration Module Pages/New Reg - OTC to RO/Special Case - OTC - Form 1/Business Entity - Please Select' is clicked on

2018-11-27 15:51:58 - [TEST_STEP][PASSED] - click: Object: 'Object Repository/Final Object Repo/New Registration - Registration Module Pages/New Reg - OTC to RO/Special Case - OTC - Form 1/Selected - Corporation' is clicked on

2018-11-27 15:51:58 - [MESSAGE][PASSED] - Object: 'Object Repository/Final Object Repo/New Registration - Registration Module Pages/New Reg - OTC to RO/Special Case - OTC - Form 1/Selected - Corporation' is clicked on

2018-11-27 15:51:58 - [TEST_STEP][PASSED] - delay: Delayed 2 second(s)

2018-11-27 15:52:00 - [MESSAGE][PASSED] - Delayed 2 second(s)

2018-11-27 15:52:00 - [TEST_STEP][PASSED] - click: Object: 'Object Repository/Final Object Repo/New Registration - Registration Module Pages/New Reg - OTC to RO/Special Case - OTC - Form 1/Sub Business Entity - Please Select' is clicked on

2018-11-27 15:52:00 - [MESSAGE][PASSED] - Object: 'Object Repository/Final Object Repo/New Registration - Registration Module Pages/New Reg - OTC to RO/Special Case - OTC - Form 1/Sub Business Entity - Please Select' is clicked on

2018-11-27 15:52:00 - [TEST_STEP][PASSED] - delay: Delayed 2 second(s)

2018-11-27 15:52:02 - [MESSAGE][PASSED] - Delayed 2 second(s)

2018-11-27 15:52:02 - [TEST_STEP][PASSED] - click: Object: 'Object Repository/Final Object Repo/New Registration - Registration Module Pages/New Reg - OTC to RO/Special Case - OTC - Form 1/Selected - Sendirian Berhad' is clicked on

2018-11-27 15:52:02 - [MESSAGE][PASSED] - Object: 'Object Repository/Final Object Repo/New Registration - Registration Module Pages/New Reg - OTC to RO/Special Case - OTC - Form 1/Selected - Sendirian Berhad' is clicked on

2018-11-27 15:52:02 - [TEST_STEP][PASSED] - setText: Text 'AUTOMATE001' is set on object 'Object Repository/Final Object Repo/New Registration - Registration Module Pages/New Reg - OTC to RO/Special Case - OTC - Form 1/Input BRN Number'

2018-11-27 15:52:03 - [MESSAGE][PASSED] - Text 'AUTOMATE001' is set on object 'Object Repository/Final Object Repo/New Registration - Registration Module Pages/New Reg - OTC to RO/Special Case - OTC - Form 1/Input BRN Number'

2018-11-27 15:52:03 - [TEST_STEP][PASSED] - delay: Delayed 2 second(s)

2018-11-27 15:52:05 - [MESSAGE][PASSED] - Delayed 2 second(s)

2018-11-27 15:52:05 - [TEST_STEP][PASSED] - click: Object: 'Object Repository/Final Object Repo/New Registration - Registration Module Pages/New Reg - OTC to RO/Special Case - OTC - Form 1/BRN Search' is clicked on

2018-11-27 15:52:05 - [MESSAGE][PASSED] - Object: 'Object Repository/Final Object Repo/New Registration - Registration Module Pages/New Reg - OTC to RO/Special Case - OTC - Form 1/BRN Search' is clicked on

2018-11-27 15:52:05 - [TEST_STEP][PASSED] - delay: Delayed 4 second(s)

2018-11-27 15:52:09 - [MESSAGE][PASSED] - Delayed 4 second(s)

2018-11-27 15:52:09 - [TEST_STEP][PASSED] - click: Object: 'Object Repository/Final Object Repo/New Registration - Registration Module Pages/New Reg - OTC to RO/Special Case - OTC - Form 1/Registered with SSM - After Feb 2017' is clicked on

2018-11-27 15:52:09 - [MESSAGE][PASSED] - Object: 'Object Repository/Final Object Repo/New Registration - Registration Module Pages/New Reg - OTC to RO/Special Case - OTC - Form 1/Registered with SSM - After Feb 2017' is clicked on

2018-11-27 15:52:09 - [TEST_STEP][PASSED] - delay: Delayed 2 second(s)

2018-11-27 15:52:11 - [MESSAGE][PASSED] - Delayed 2 second(s)

2018-11-27 15:52:11 - [TEST_STEP][PASSED] - click: Object: 'Object Repository/Final Object Repo/New Registration - Registration Module Pages/Form 1/Registered As a Branch - Yes' is clicked on

2018-11-27 15:52:11 - [MESSAGE][PASSED] - Object: 'Object Repository/Final Object Repo/New Registration - Registration Module Pages/Form 1/Registered As a Branch - Yes' is clicked on

2018-11-27 15:52:11 - [TEST_STEP][PASSED] - click: Object: 'Object Repository/Final Object Repo/New Registration - Registration Module Pages/New Reg - OTC to RO/Special Case - OTC - Form 1/Acknowledgement Ticked' is clicked on

2018-11-27 15:52:12 - [MESSAGE][PASSED] - Object: 'Object Repository/Final Object Repo/New Registration - Registration Module Pages/New Reg - OTC to RO/Special Case - OTC - Form 1/Acknowledgement Ticked' is clicked on

2018-11-27 15:52:12 - [TEST_STEP][PASSED] - setText: Text 'perkeso362989457246@gmail.com' is set on object 'Object Repository/Final Object Repo/New Registration - Registration Module Pages/Form 1/Email'

2018-11-27 15:52:12 - [MESSAGE][PASSED] - Text 'perkeso362989457246@gmail.com' is set on object 'Object Repository/Final Object Repo/New Registration - Registration Module Pages/Form 1/Email'

2018-11-27 15:52:12 - [TEST_STEP][PASSED] - click: Object: 'Object Repository/Final Object Repo/New Registration - Registration Module Pages/New Reg - OTC to RO/Special Case - OTC - Form 1/Submit Button' is clicked on

2018-11-27 15:52:13 - [MESSAGE][PASSED] - Object: 'Object Repository/Final Object Repo/New Registration - Registration Module Pages/New Reg - OTC to RO/Special Case - OTC - Form 1/Submit Button' is clicked on

2018-11-27 15:52:13 - [TEST_STEP][PASSED] - callTestCase: Call Test Case 'Test Cases/Final Aug 2018 - PKS Automation/Registration Module/New Registration/Form 2/Add 1 Eligible - Employer Account Use' successfully

2018-11-27 15:52:13 - [TEST_CASE][PASSED] - Test Cases/Final Aug 2018 - PKS Automation/Registration Module/New Registration/Form 2/Add 1 Eligible - Employer Account Use: Test Cases/Final Aug 2018 - PKS Automation/Registration Module/New Registration/Form 2/Add 1 Eligible - Employer Account Use

2018-11-27 15:52:13 - [TEST_STEP][PASSED] - delay: Delayed 2 second(s)

2018-11-27 15:52:15 - [MESSAGE][PASSED] - Delayed 2 second(s)

2018-11-27 15:52:15 - [TEST_STEP][PASSED] - callTestCase: Call Test Case 'Test Cases/Final Aug 2018 - PKS Automation/Registration Module/New Registration/Form 2/Date Updater' successfully

2018-11-27 15:52:15 - [TEST_CASE][PASSED] - Test Cases/Final Aug 2018 - PKS Automation/Registration Module/New Registration/Form 2/Date Updater: Test Cases/Final Aug 2018 - PKS Automation/Registration Module/New Registration/Form 2/Date Updater

2018-11-27 15:52:15 - [TEST_STEP][PASSED] - Statement - TodayDate = new java.util.Date(): null

2018-11-27 15:52:15 - [TEST_STEP][PASSED] - Statement - CurrentDateNoFilter = new java.text.SimpleDateFormat(): null

2018-11-27 15:52:15 - [TEST_STEP][PASSED] - Statement - CurrentDateNoFilter.applyPattern("dd"): null

2018-11-27 15:52:15 - [TEST_STEP][PASSED] - Statement - CurrentDate = CurrentDateNoFilter.format(TodayDate): null

2018-11-27 15:52:15 - [TEST_STEP][PASSED] - Statement - CurrentDate = java.lang.Integer.parseInt(CurrentDate): null

2018-11-27 15:52:15 - [TEST_STEP][PASSED] - Statement - CurrentDate = CurrentDate: null

2018-11-27 15:52:15 - [TEST_STEP][PASSED] - Statement - CurrentDay = java.lang.Integer.parseInt(CurrentDate): null

2018-11-27 15:52:15 - [TEST_STEP][PASSED] - Statement - aDayBefore = CurrentDay + 1: null

2018-11-27 15:52:15 - [TEST_STEP][PASSED] - Statement - DayBefore = aDayBefore.toString(): null

2018-11-27 15:52:15 - [TEST_STEP][PASSED] - Statement - OneDayBefore = DayBefore: null

2018-11-27 15:52:15 - [TEST_STEP][PASSED] - Statement - CurrentDateNoFilter.applyPattern("MM"): null

2018-11-27 15:52:15 - [TEST_STEP][PASSED] - Statement - monthContainerMatcher = java.lang.Integer.parseInt(CurrentDateNoFilter.format(TodayDate)): null

2018-11-27 15:52:15 - [TEST_STEP][PASSED] - Statement - monthContainerMatcher = monthContainerMatcher - 1: null

2018-11-27 15:52:15 - [TEST_STEP][PASSED] - Statement - CurrentMonth = monthContainerMatcher.toString(): null

2018-11-27 15:52:15 - [TEST_STEP][PASSED] - Statement - CurrentMonth = CurrentMonth: null

2018-11-27 15:52:15 - [TEST_STEP][PASSED] - Statement - CurrentDateNoFilter.applyPattern("yyyy"): null

2018-11-27 15:52:15 - [TEST_STEP][PASSED] - Statement - CurrentYear = CurrentDateNoFilter.format(TodayDate): null

2018-11-27 15:52:15 - [TEST_STEP][PASSED] - Statement - CurrentYear = CurrentYear: null

2018-11-27 15:52:15 - [TEST_STEP][PASSED] - Statement - intCurrentYear = java.lang.Integer.parseInt(CurrentDateNoFilter.format(TodayDate)): null

2018-11-27 15:52:15 - [TEST_STEP][PASSED] - Statement - eighteenYrsAgo = intCurrentYear - 18: null

2018-11-27 15:52:15 - [TEST_STEP][PASSED] - Statement - eighteenYrsBeforeThisYr = eighteenYrsAgo.toString(): null

2018-11-27 15:52:15 - [TEST_STEP][PASSED] - Statement - EighteenYrsBefore = eighteenYrsBeforeThisYr: null

2018-11-27 15:52:15 - [TEST_STEP][PASSED] - Statement - fiftysevenYrsAgo = intCurrentYear - 57: null

2018-11-27 15:52:15 - [TEST_STEP][PASSED] - Statement - fiftysevenYrsBeforeThisYr = fiftysevenYrsAgo.toString(): null

2018-11-27 15:52:15 - [TEST_STEP][PASSED] - Statement - FiftysevenYrsBefore = fiftysevenYrsBeforeThisYr: null

2018-11-27 15:52:15 - [MESSAGE][PASSED] - Call Test Case 'Test Cases/Final Aug 2018 - PKS Automation/Registration Module/New Registration/Form 2/Date Updater' successfully

2018-11-27 15:52:15 - [TEST_STEP][PASSED] - delay: Delayed 1 second(s)

2018-11-27 15:52:16 - [MESSAGE][PASSED] - Delayed 1 second(s)

2018-11-27 15:52:16 - [TEST_STEP][PASSED] - Statement - CaseReferenceNo = com.kms.katalon.core.webui.keyword.WebUiBuiltInKeywords.getText(com.kms.katalon.core.testobject.ObjectRepository.findTestObject(Final Object Repo/New Registration - Registration Module Pages/Form 2/RefNo Acquiring)): Text of object 'Object Repository/Final Object Repo/New Registration - Registration Module Pages/Form 2/RefNo Acquiring' is: 'CRN11201800122869'

2018-11-27 15:52:16 - [MESSAGE][PASSED] - Text of object 'Object Repository/Final Object Repo/New Registration - Registration Module Pages/Form 2/RefNo Acquiring' is: 'CRN11201800122869'

2018-11-27 15:52:16 - [TEST_STEP][PASSED] - delay: Delayed 1 second(s)

2018-11-27 15:52:17 - [MESSAGE][PASSED] - Delayed 1 second(s)

2018-11-27 15:52:17 - [TEST_STEP][PASSED] - click: Object: 'Object Repository/Final Object Repo/New Registration - Registration Module Pages/Form 2/Add Employee Button' is clicked on

2018-11-27 15:52:17 - [MESSAGE][PASSED] - Object: 'Object Repository/Final Object Repo/New Registration - Registration Module Pages/Form 2/Add Employee Button' is clicked on

2018-11-27 15:52:17 - [TEST_STEP][PASSED] - delay: Delayed 1 second(s)

2018-11-27 15:52:18 - [MESSAGE][PASSED] - Delayed 1 second(s)

2018-11-27 15:52:18 - [TEST_STEP][PASSED] - setText: Text '010903091948' is set on object 'Object Repository/Final Object Repo/New Registration - Registration Module Pages/Form 2/NRIC Input'

2018-11-27 15:52:18 - [MESSAGE][PASSED] - Text '010903091948' is set on object 'Object Repository/Final Object Repo/New Registration - Registration Module Pages/Form 2/NRIC Input'

2018-11-27 15:52:18 - [TEST_STEP][PASSED] - delay: Delayed 2 second(s)

2018-11-27 15:52:20 - [MESSAGE][PASSED] - Delayed 2 second(s)

2018-11-27 15:52:20 - [TEST_STEP][PASSED] - setText: Text 'Automate001 eligible 1' is set on object 'Object Repository/Final Object Repo/New Registration - Registration Module Pages/Form 2/Employee Name Input'

2018-11-27 15:52:21 - [MESSAGE][PASSED] - Text 'Automate001 eligible 1' is set on object 'Object Repository/Final Object Repo/New Registration - Registration Module Pages/Form 2/Employee Name Input'

2018-11-27 15:52:21 - [TEST_STEP][PASSED] - delay: Delayed 2 second(s)

2018-11-27 15:52:23 - [MESSAGE][PASSED] - Delayed 2 second(s)

2018-11-27 15:52:23 - [TEST_STEP][PASSED] - click: Object: 'Object Repository/Final Object Repo/New Registration - Registration Module Pages/Form 2/DatePicker Pop Up' is clicked on

2018-11-27 15:52:23 - [MESSAGE][PASSED] - Object: 'Object Repository/Final Object Repo/New Registration - Registration Module Pages/Form 2/DatePicker Pop Up' is clicked on

2018-11-27 15:52:23 - [TEST_STEP][PASSED] - click: Object: 'Object Repository/Final Object Repo/New Registration - Registration Module Pages/Form 2/DOB Month' is clicked on

2018-11-27 15:52:23 - [MESSAGE][PASSED] - Object: 'Object Repository/Final Object Repo/New Registration - Registration Module Pages/Form 2/DOB Month' is clicked on

2018-11-27 15:52:23 - [TEST_STEP][PASSED] - Statement - CurrentMonth = CurrentMonth: null

2018-11-27 15:52:23 - [TEST_STEP][PASSED] - Statement - selectMonth = new com.kms.katalon.core.testobject.TestObject(): null

2018-11-27 15:52:23 - [TEST_STEP][PASSED] - Statement - selectMonth.addProperty("xpath", EQUALS, "//body/div/div/div/select/option[@value='" + CurrentMonth + "']", true): null

2018-11-27 15:52:23 - [TEST_STEP][PASSED] - click: Object: '' is clicked on

2018-11-27 15:52:23 - [MESSAGE][PASSED] - Object: '' is clicked on

2018-11-27 15:52:23 - [TEST_STEP][PASSED] - click: Object: 'Object Repository/Final Object Repo/New Registration - Registration Module Pages/Form 2/DOB Year' is clicked on

2018-11-27 15:52:24 - [MESSAGE][PASSED] - Object: 'Object Repository/Final Object Repo/New Registration - Registration Module Pages/Form 2/DOB Year' is clicked on

2018-11-27 15:52:24 - [TEST_STEP][PASSED] - Statement - Eyearsbf = EighteenYrsBefore: null

2018-11-27 15:52:24 - [TEST_STEP][PASSED] - Statement - selectYear = new com.kms.katalon.core.testobject.TestObject(): null

2018-11-27 15:52:24 - [TEST_STEP][PASSED] - Statement - selectYear.addProperty("xpath", EQUALS, "//div/div/div/select/option[@value='" + Eyearsbf + "']", true): null

2018-11-27 15:52:24 - [TEST_STEP][PASSED] - click: Object: '' is clicked on

2018-11-27 15:52:24 - [MESSAGE][PASSED] - Object: '' is clicked on

2018-11-27 15:52:24 - [TEST_STEP][PASSED] - Statement - UpdatedSelectDate = com.kms.katalon.core.webui.keyword.WebUiBuiltInKeywords.modifyObjectProperty(com.kms.katalon.core.testobject.ObjectRepository.findTestObject(Final Object Repo/New Registration - Registration Module Pages/Form 2/DOB Date), "xpath", "equals", "//body/div/table/tbody/tr/td/a[text()="" + CurrentDate + ""]", true): Modify property of object successfully

2018-11-27 15:52:24 - [MESSAGE][PASSED] - Modify property of object successfully

2018-11-27 15:52:24 - [TEST_STEP][PASSED] - delay: Delayed 3 second(s)

2018-11-27 15:52:27 - [MESSAGE][PASSED] - Delayed 3 second(s)

2018-11-27 15:52:27 - [TEST_STEP][PASSED] - click: Object: 'Object Repository/Final Object Repo/New Registration - Registration Module Pages/Form 2/DOB Date' is clicked on

2018-11-27 15:52:27 - [MESSAGE][PASSED] - Object: 'Object Repository/Final Object Repo/New Registration - Registration Module Pages/Form 2/DOB Date' is clicked on

2018-11-27 15:52:27 - [TEST_STEP][PASSED] - delay: Delayed 2 second(s)

2018-11-27 15:52:29 - [MESSAGE][PASSED] - Delayed 2 second(s)

2018-11-27 15:52:29 - [TEST_STEP][PASSED] - click: Object: 'Object Repository/Final Object Repo/New Registration - Registration Module Pages/Form 2/EmploymentStartDate Pop Up' is clicked on

2018-11-27 15:52:29 - [MESSAGE][PASSED] - Object: 'Object Repository/Final Object Repo/New Registration - Registration Module Pages/Form 2/EmploymentStartDate Pop Up' is clicked on

2018-11-27 15:52:29 - [TEST_STEP][PASSED] - delay: Delayed 2 second(s)

2018-11-27 15:52:31 - [MESSAGE][PASSED] - Delayed 2 second(s)

2018-11-27 15:52:31 - [TEST_STEP][PASSED] - click: Object: 'Object Repository/Final Object Repo/New Registration - Registration Module Pages/Form 2/Socso Employment StartDate Month' is clicked on

2018-11-27 15:52:31 - [MESSAGE][PASSED] - Object: 'Object Repository/Final Object Repo/New Registration - Registration Module Pages/Form 2/Socso Employment StartDate Month' is clicked on

2018-11-27 15:52:31 - [TEST_STEP][PASSED] - delay: Delayed 1 second(s)

2018-11-27 15:52:32 - [MESSAGE][PASSED] - Delayed 1 second(s)

2018-11-27 15:52:32 - [TEST_STEP][PASSED] - click: Object: 'Object Repository/Final Object Repo/New Registration - Registration Module Pages/Form 2/Select Socso Employement Startdate Month' is clicked on

2018-11-27 15:52:32 - [MESSAGE][PASSED] - Object: 'Object Repository/Final Object Repo/New Registration - Registration Module Pages/Form 2/Select Socso Employement Startdate Month' is clicked on

2018-11-27 15:52:32 - [TEST_STEP][PASSED] - delay: Delayed 2 second(s)

2018-11-27 15:52:34 - [MESSAGE][PASSED] - Delayed 2 second(s)

2018-11-27 15:52:34 - [TEST_STEP][PASSED] - click: Object: 'Object Repository/Final Object Repo/New Registration - Registration Module Pages/Form 2/Socso Employment StartDate Year' is clicked on

2018-11-27 15:52:35 - [MESSAGE][PASSED] - Object: 'Object Repository/Final Object Repo/New Registration - Registration Module Pages/Form 2/Socso Employment StartDate Year' is clicked on

2018-11-27 15:52:35 - [TEST_STEP][PASSED] - delay: Delayed 1 second(s)

2018-11-27 15:52:36 - [MESSAGE][PASSED] - Delayed 1 second(s)

2018-11-27 15:52:36 - [TEST_STEP][PASSED] - click: Object: 'Object Repository/Final Object Repo/New Registration - Registration Module Pages/Form 2/Select Socso Employment Startdate Year' is clicked on

2018-11-27 15:52:36 - [MESSAGE][PASSED] - Object: 'Object Repository/Final Object Repo/New Registration - Registration Module Pages/Form 2/Select Socso Employment Startdate Year' is clicked on

2018-11-27 15:52:36 - [TEST_STEP][PASSED] - delay: Delayed 2 second(s)

2018-11-27 15:52:38 - [MESSAGE][PASSED] - Delayed 2 second(s)

2018-11-27 15:52:38 - [TEST_STEP][PASSED] - click: Object: 'Object Repository/Final Object Repo/New Registration - Registration Module Pages/Form 2/Socso Employment Start Date Day' is clicked on

2018-11-27 15:52:38 - [MESSAGE][PASSED] - Object: 'Object Repository/Final Object Repo/New Registration - Registration Module Pages/Form 2/Socso Employment Start Date Day' is clicked on

2018-11-27 15:52:38 - [TEST_STEP][PASSED] - delay: Delayed 2 second(s)

2018-11-27 15:52:40 - [MESSAGE][PASSED] - Delayed 2 second(s)

2018-11-27 15:52:40 - [TEST_STEP][PASSED] - click: Object: 'Object Repository/Final Object Repo/New Registration - Registration Module Pages/Form 2/Save Button for Add Employee' is clicked on

2018-11-27 15:52:40 - [MESSAGE][PASSED] - Object: 'Object Repository/Final Object Repo/New Registration - Registration Module Pages/Form 2/Save Button for Add Employee' is clicked on

2018-11-27 15:52:40 - [TEST_STEP][PASSED] - delay: Delayed 6 second(s)

2018-11-27 15:52:46 - [MESSAGE][PASSED] - Delayed 6 second(s)

2018-11-27 15:52:46 - [TEST_STEP][PASSED] - click: Object: 'Object Repository/Final Object Repo/New Registration - Registration Module Pages/Form 2/Save and Continue Form 2' is clicked on

2018-11-27 15:52:46 - [MESSAGE][PASSED] - Object: 'Object Repository/Final Object Repo/New Registration - Registration Module Pages/Form 2/Save and Continue Form 2' is clicked on

2018-11-27 15:52:46 - [MESSAGE][PASSED] - Call Test Case 'Test Cases/Final Aug 2018 - PKS Automation/Registration Module/New Registration/Form 2/Add 1 Eligible - Employer Account Use' successfully

2018-11-27 15:52:46 - [TEST_STEP][PASSED] - callTestCase: Call Test Case 'Test Cases/Final Aug 2018 - PKS Automation/Registration Module/New Registration/Flow of New Registration/Third Screen - Upload Supporting Doc - Preview' successfully

2018-11-27 15:52:46 - [TEST_CASE][PASSED] - Test Cases/Final Aug 2018 - PKS Automation/Registration Module/New Registration/Flow of New Registration/Third Screen - Upload Supporting Doc - Preview: Test Cases/Final Aug 2018 - PKS Automation/Registration Module/New Registration/Flow of New Registration/Third Screen - Upload Supporting Doc - Preview

2018-11-27 15:52:47 - [TEST_STEP][PASSED] - waitForPageLoad: Wait for page load successfully

2018-11-27 15:52:47 - [MESSAGE][PASSED] - Wait for page load successfully

2018-11-27 15:52:47 - [TEST_STEP][PASSED] - Statement - CaseReferenceNo = com.kms.katalon.core.webui.keyword.WebUiBuiltInKeywords.getText(com.kms.katalon.core.testobject.ObjectRepository.findTestObject(Final Object Repo/New Registration - Registration Module Pages/Third Screen - Upload Supporting Doc- Preview/RefNo Acquiring)): Text of object 'Object Repository/Final Object Repo/New Registration - Registration Module Pages/Third Screen - Upload Supporting Doc- Preview/RefNo Acquiring' is: 'CRN11201800122869'

2018-11-27 15:52:47 - [MESSAGE][PASSED] - Text of object 'Object Repository/Final Object Repo/New Registration - Registration Module Pages/Third Screen - Upload Supporting Doc- Preview/RefNo Acquiring' is: 'CRN11201800122869'

2018-11-27 15:52:47 - [TEST_STEP][PASSED] - delay: Delayed 2 second(s)

2018-11-27 15:52:49 - [MESSAGE][PASSED] - Delayed 2 second(s)

2018-11-27 15:52:49 - [TEST_STEP][PASSED] - callTestCase: Call Test Case 'Test Cases/Final Aug 2018 - PKS Automation/Common/Reference Number Setter' successfully

2018-11-27 15:52:49 - [TEST_CASE][PASSED] - Test Cases/Final Aug 2018 - PKS Automation/Common/Reference Number Setter: Test Cases/Final Aug 2018 - PKS Automation/Common/Reference Number Setter

2018-11-27 15:52:49 - [TEST_STEP][PASSED] - Statement - RefNoOldFile = new java.io.File(C://Users//Admin//Desktop//PKS//Automation Reference Point//KatalonReference.txt): null

2018-11-27 15:52:49 - [TEST_STEP][PASSED] - Statement - RefNoOldFile.delete(): null

2018-11-27 15:52:49 - [TEST_STEP][PASSED] - delay: Delayed 5 second(s)

2018-11-27 15:52:54 - [MESSAGE][PASSED] - Delayed 5 second(s)

2018-11-27 15:52:54 - [TEST_STEP][PASSED] - Statement - RefNo = new java.io.File(C://Users//Admin//Desktop//PKS//Automation Reference Point//KatalonReference.txt): null

2018-11-27 15:52:54 - [TEST_STEP][PASSED] - Statement - f2 = new java.io.FileWriter(RefNo, false): null

2018-11-27 15:52:54 - [TEST_STEP][PASSED] - Statement - f2.write(CaseReferenceNo): null

2018-11-27 15:52:54 - [TEST_STEP][PASSED] - Statement - f2.close(): null

2018-11-27 15:52:54 - [TEST_STEP][PASSED] - Statement - out.println("


" + CaseReferenceNo + "


"): null

2018-11-27 15:52:54 - [MESSAGE][PASSED] - Call Test Case 'Test Cases/Final Aug 2018 - PKS Automation/Common/Reference Number Setter' successfully

2018-11-27 15:52:54 - [TEST_STEP][PASSED] - waitForElementClickable: Object 'Object Repository/Final Object Repo/New Registration - Registration Module Pages/Third Screen - Upload Supporting Doc- Preview/Save n Continue in SIP Employee Listing Page' is clickable

2018-11-27 15:52:54 - [MESSAGE][PASSED] - Object 'Object Repository/Final Object Repo/New Registration - Registration Module Pages/Third Screen - Upload Supporting Doc- Preview/Save n Continue in SIP Employee Listing Page' is clickable

2018-11-27 15:52:54 - [TEST_STEP][PASSED] - click: Object: 'Object Repository/Final Object Repo/New Registration - Registration Module Pages/Third Screen - Upload Supporting Doc- Preview/Save n Continue in SIP Employee Listing Page' is clicked on

2018-11-27 15:53:00 - [MESSAGE][PASSED] - Object: 'Object Repository/Final Object Repo/New Registration - Registration Module Pages/Third Screen - Upload Supporting Doc- Preview/Save n Continue in SIP Employee Listing Page' is clicked on

2018-11-27 15:53:00 - [TEST_STEP][PASSED] - delay: Delayed 7 second(s)

2018-11-27 15:53:07 - [MESSAGE][PASSED] - Delayed 7 second(s)

2018-11-27 15:53:07 - [TEST_STEP][PASSED] - click: Object: 'Object Repository/Final Object Repo/New Registration - Registration Module Pages/Third Screen - Upload Supporting Doc- Preview/Add Document Button' is clicked on

2018-11-27 15:53:07 - [MESSAGE][PASSED] - Object: 'Object Repository/Final Object Repo/New Registration - Registration Module Pages/Third Screen - Upload Supporting Doc- Preview/Add Document Button' is clicked on

2018-11-27 15:53:07 - [TEST_STEP][PASSED] - delay: Delayed 30 second(s)

2018-11-27 15:53:37 - [MESSAGE][PASSED] - Delayed 30 second(s)

2018-11-27 15:53:37 - [TEST_STEP][PASSED] - click: Object: 'Object Repository/Final Object Repo/New Registration - Registration Module Pages/Third Screen - Upload Supporting Doc- Preview/Supporting Doc Please Select Drop Down' is clicked on

2018-11-27 15:53:37 - [MESSAGE][PASSED] - Object: 'Object Repository/Final Object Repo/New Registration - Registration Module Pages/Third Screen - Upload Supporting Doc- Preview/Supporting Doc Please Select Drop Down' is clicked on

2018-11-27 15:53:37 - [TEST_STEP][PASSED] - delay: Delayed 2 second(s)

2018-11-27 15:53:39 - [MESSAGE][PASSED] - Delayed 2 second(s)

2018-11-27 15:53:39 - [TEST_STEP][PASSED] - click: Object: 'Object Repository/Final Object Repo/New Registration - Registration Module Pages/Third Screen - Upload Supporting Doc- Preview/Select to Upload Form 1' is clicked on

2018-11-27 15:53:40 - [MESSAGE][PASSED] - Object: 'Object Repository/Final Object Repo/New Registration - Registration Module Pages/Third Screen - Upload Supporting Doc- Preview/Select to Upload Form 1' is clicked on

2018-11-27 15:53:40 - [TEST_STEP][PASSED] - delay: Delayed 2 second(s)

2018-11-27 15:53:42 - [MESSAGE][PASSED] - Delayed 2 second(s)

2018-11-27 15:53:42 - [TEST_STEP][PASSED] - uploadFile: File 'C:\Users\Public\Pictures\Sample Pictures\Koala.jpg' sent to object: 'Object Repository/Final Object Repo/New Registration - Registration Module Pages/Third Screen - Upload Supporting Doc- Preview/Upload File Adding'

2018-11-27 15:53:42 - [MESSAGE][PASSED] - File 'C:\Users\Public\Pictures\Sample Pictures\Koala.jpg' sent to object: 'Object Repository/Final Object Repo/New Registration - Registration Module Pages/Third Screen - Upload Supporting Doc- Preview/Upload File Adding'

2018-11-27 15:53:42 - [TEST_STEP][PASSED] - delay: Delayed 5 second(s)

2018-11-27 15:53:47 - [MESSAGE][PASSED] - Delayed 5 second(s)

2018-11-27 15:53:47 - [TEST_STEP][PASSED] - click: Object: 'Object Repository/Final Object Repo/New Registration - Registration Module Pages/Third Screen - Upload Supporting Doc- Preview/Inner Form Add Document Button' is clicked on

2018-11-27 15:53:47 - [MESSAGE][PASSED] - Object: 'Object Repository/Final Object Repo/New Registration - Registration Module Pages/Third Screen - Upload Supporting Doc- Preview/Inner Form Add Document Button' is clicked on

2018-11-27 15:53:47 - [TEST_STEP][PASSED] - delay: Delayed 3 second(s)

2018-11-27 15:53:50 - [MESSAGE][PASSED] - Delayed 3 second(s)

2018-11-27 15:53:50 - [TEST_STEP][PASSED] - click: Object: 'Object Repository/Final Object Repo/New Registration - Registration Module Pages/Third Screen - Upload Supporting Doc- Preview/Add Document Button' is clicked on

2018-11-27 15:53:52 - [MESSAGE][PASSED] - Object: 'Object Repository/Final Object Repo/New Registration - Registration Module Pages/Third Screen - Upload Supporting Doc- Preview/Add Document Button' is clicked on

2018-11-27 15:53:52 - [TEST_STEP][PASSED] - delay: Delayed 30 second(s)

2018-11-27 15:54:22 - [MESSAGE][PASSED] - Delayed 30 second(s)

2018-11-27 15:54:22 - [TEST_STEP][PASSED] - click: Object: 'Object Repository/Final Object Repo/New Registration - Registration Module Pages/Third Screen - Upload Supporting Doc- Preview/Supporting Doc Please Select Drop Down' is clicked on

2018-11-27 15:54:22 - [MESSAGE][PASSED] - Object: 'Object Repository/Final Object Repo/New Registration - Registration Module Pages/Third Screen - Upload Supporting Doc- Preview/Supporting Doc Please Select Drop Down' is clicked on

2018-11-27 15:54:22 - [TEST_STEP][PASSED] - delay: Delayed 2 second(s)

2018-11-27 15:54:24 - [MESSAGE][PASSED] - Delayed 2 second(s)

2018-11-27 15:54:24 - [TEST_STEP][PASSED] - click: Object: 'Object Repository/Final Object Repo/New Registration - Registration Module Pages/Third Screen - Upload Supporting Doc- Preview/Select to Upload Form 2' is clicked on

2018-11-27 15:54:24 - [MESSAGE][PASSED] - Object: 'Object Repository/Final Object Repo/New Registration - Registration Module Pages/Third Screen - Upload Supporting Doc- Preview/Select to Upload Form 2' is clicked on

2018-11-27 15:54:24 - [TEST_STEP][PASSED] - delay: Delayed 2 second(s)

2018-11-27 15:54:26 - [MESSAGE][PASSED] - Delayed 2 second(s)

2018-11-27 15:54:26 - [TEST_STEP][PASSED] - uploadFile: File 'C:\Users\Public\Pictures\Sample Pictures\Koala.jpg' sent to object: 'Object Repository/Final Object Repo/New Registration - Registration Module Pages/Third Screen - Upload Supporting Doc- Preview/Upload File Adding'

2018-11-27 15:54:26 - [MESSAGE][PASSED] - File 'C:\Users\Public\Pictures\Sample Pictures\Koala.jpg' sent to object: 'Object Repository/Final Object Repo/New Registration - Registration Module Pages/Third Screen - Upload Supporting Doc- Preview/Upload File Adding'

2018-11-27 15:54:26 - [TEST_STEP][PASSED] - click: Object: 'Object Repository/Final Object Repo/New Registration - Registration Module Pages/Third Screen - Upload Supporting Doc- Preview/Inner Form Add Document Button' is clicked on

2018-11-27 15:54:26 - [MESSAGE][PASSED] - Object: 'Object Repository/Final Object Repo/New Registration - Registration Module Pages/Third Screen - Upload Supporting Doc- Preview/Inner Form Add Document Button' is clicked on

2018-11-27 15:54:26 - [TEST_STEP][PASSED] - delay: Delayed 5 second(s)

2018-11-27 15:54:31 - [MESSAGE][PASSED] - Delayed 5 second(s)

2018-11-27 15:54:31 - [TEST_STEP][PASSED] - click: Object: 'Object Repository/Final Object Repo/New Registration - Registration Module Pages/Third Screen - Upload Supporting Doc- Preview/Add Document Button' is clicked on

2018-11-27 15:54:32 - [MESSAGE][PASSED] - Object: 'Object Repository/Final Object Repo/New Registration - Registration Module Pages/Third Screen - Upload Supporting Doc- Preview/Add Document Button' is clicked on

2018-11-27 15:54:32 - [TEST_STEP][PASSED] - delay: Delayed 30 second(s)

2018-11-27 15:55:02 - [MESSAGE][PASSED] - Delayed 30 second(s)

2018-11-27 15:55:02 - [TEST_STEP][PASSED] - click: Object: 'Object Repository/Final Object Repo/New Registration - Registration Module Pages/Third Screen - Upload Supporting Doc- Preview/Supporting Doc Please Select Drop Down' is clicked on

2018-11-27 15:55:02 - [MESSAGE][PASSED] - Object: 'Object Repository/Final Object Repo/New Registration - Registration Module Pages/Third Screen - Upload Supporting Doc- Preview/Supporting Doc Please Select Drop Down' is clicked on

2018-11-27 15:55:02 - [TEST_STEP][PASSED] - click: Object: 'Object Repository/Final Object Repo/New Registration - Registration Module Pages/Third Screen - Upload Supporting Doc- Preview/Select to Upload Borang SIP 1' is clicked on

2018-11-27 15:55:02 - [MESSAGE][PASSED] - Object: 'Object Repository/Final Object Repo/New Registration - Registration Module Pages/Third Screen - Upload Supporting Doc- Preview/Select to Upload Borang SIP 1' is clicked on

2018-11-27 15:55:02 - [TEST_STEP][PASSED] - delay: Delayed 2 second(s)

2018-11-27 15:55:04 - [MESSAGE][PASSED] - Delayed 2 second(s)

2018-11-27 15:55:04 - [TEST_STEP][PASSED] - uploadFile: File 'C:\Users\Public\Pictures\Sample Pictures\Koala.jpg' sent to object: 'Object Repository/Final Object Repo/New Registration - Registration Module Pages/Third Screen - Upload Supporting Doc- Preview/Upload File Adding'

2018-11-27 15:55:04 - [MESSAGE][PASSED] - File 'C:\Users\Public\Pictures\Sample Pictures\Koala.jpg' sent to object: 'Object Repository/Final Object Repo/New Registration - Registration Module Pages/Third Screen - Upload Supporting Doc- Preview/Upload File Adding'

2018-11-27 15:55:04 - [TEST_STEP][PASSED] - click: Object: 'Object Repository/Final Object Repo/New Registration - Registration Module Pages/Third Screen - Upload Supporting Doc- Preview/Inner Form Add Document Button' is clicked on

2018-11-27 15:55:04 - [MESSAGE][PASSED] - Object: 'Object Repository/Final Object Repo/New Registration - Registration Module Pages/Third Screen - Upload Supporting Doc- Preview/Inner Form Add Document Button' is clicked on

2018-11-27 15:55:04 - [TEST_STEP][PASSED] - delay: Delayed 5 second(s)

2018-11-27 15:55:09 - [MESSAGE][PASSED] - Delayed 5 second(s)

2018-11-27 15:55:09 - [TEST_STEP][PASSED] - click: Object: 'Object Repository/Final Object Repo/New Registration - Registration Module Pages/Third Screen - Upload Supporting Doc- Preview/Add Document Button' is clicked on

2018-11-27 15:55:09 - [MESSAGE][PASSED] - Object: 'Object Repository/Final Object Repo/New Registration - Registration Module Pages/Third Screen - Upload Supporting Doc- Preview/Add Document Button' is clicked on

2018-11-27 15:55:09 - [TEST_STEP][PASSED] - delay: Delayed 30 second(s)

2018-11-27 15:55:39 - [MESSAGE][PASSED] - Delayed 30 second(s)

2018-11-27 15:55:39 - [TEST_STEP][PASSED] - click: Object: 'Object Repository/Final Object Repo/New Registration - Registration Module Pages/Third Screen - Upload Supporting Doc- Preview/Supporting Doc Please Select Drop Down' is clicked on

2018-11-27 15:55:40 - [MESSAGE][PASSED] - Object: 'Object Repository/Final Object Repo/New Registration - Registration Module Pages/Third Screen - Upload Supporting Doc- Preview/Supporting Doc Please Select Drop Down' is clicked on

2018-11-27 15:55:40 - [TEST_STEP][PASSED] - delay: Delayed 3 second(s)

2018-11-27 15:55:43 - [MESSAGE][PASSED] - Delayed 3 second(s)

2018-11-27 15:55:43 - [TEST_STEP][PASSED] - click: Object: 'Object Repository/Final Object Repo/New Registration - Registration Module Pages/Third Screen - Upload Supporting Doc- Preview/Select to Upload Borang SIP 2' is clicked on

2018-11-27 15:55:43 - [MESSAGE][PASSED] - Object: 'Object Repository/Final Object Repo/New Registration - Registration Module Pages/Third Screen - Upload Supporting Doc- Preview/Select to Upload Borang SIP 2' is clicked on

2018-11-27 15:55:43 - [TEST_STEP][PASSED] - delay: Delayed 2 second(s)

2018-11-27 15:55:45 - [MESSAGE][PASSED] - Delayed 2 second(s)

2018-11-27 15:55:45 - [TEST_STEP][PASSED] - uploadFile: File 'C:\Users\Public\Pictures\Sample Pictures\Koala.jpg' sent to object: 'Object Repository/Final Object Repo/New Registration - Registration Module Pages/Third Screen - Upload Supporting Doc- Preview/Upload File Adding'

2018-11-27 15:55:45 - [MESSAGE][PASSED] - File 'C:\Users\Public\Pictures\Sample Pictures\Koala.jpg' sent to object: 'Object Repository/Final Object Repo/New Registration - Registration Module Pages/Third Screen - Upload Supporting Doc- Preview/Upload File Adding'

2018-11-27 15:55:45 - [TEST_STEP][PASSED] - delay: Delayed 5 second(s)

2018-11-27 15:55:50 - [MESSAGE][PASSED] - Delayed 5 second(s)

2018-11-27 15:55:50 - [TEST_STEP][PASSED] - click: Object: 'Object Repository/Final Object Repo/New Registration - Registration Module Pages/Third Screen - Upload Supporting Doc- Preview/Inner Form Add Document Button' is clicked on

2018-11-27 15:55:50 - [MESSAGE][PASSED] - Object: 'Object Repository/Final Object Repo/New Registration - Registration Module Pages/Third Screen - Upload Supporting Doc- Preview/Inner Form Add Document Button' is clicked on

2018-11-27 15:55:50 - [TEST_STEP][PASSED] - delay: Delayed 3 second(s)

2018-11-27 15:55:53 - [MESSAGE][PASSED] - Delayed 3 second(s)

2018-11-27 15:55:53 - [TEST_STEP][PASSED] - waitForElementClickable: Object 'Object Repository/Final Object Repo/New Registration - Registration Module Pages/Third Screen - Upload Supporting Doc- Preview/Save n Continue in Uploading Supporting Doc Page' is clickable

2018-11-27 15:55:56 - [MESSAGE][PASSED] - Object 'Object Repository/Final Object Repo/New Registration - Registration Module Pages/Third Screen - Upload Supporting Doc- Preview/Save n Continue in Uploading Supporting Doc Page' is clickable

2018-11-27 15:55:56 - [TEST_STEP][PASSED] - click: Object: 'Object Repository/Final Object Repo/New Registration - Registration Module Pages/Third Screen - Upload Supporting Doc- Preview/Save n Continue in Uploading Supporting Doc Page' is clicked on

2018-11-27 15:55:56 - [MESSAGE][PASSED] - Object: 'Object Repository/Final Object Repo/New Registration - Registration Module Pages/Third Screen - Upload Supporting Doc- Preview/Save n Continue in Uploading Supporting Doc Page' is clicked on

2018-11-27 15:55:56 - [MESSAGE][PASSED] - Call Test Case 'Test Cases/Final Aug 2018 - PKS Automation/Registration Module/New Registration/Flow of New Registration/Third Screen - Upload Supporting Doc - Preview' successfully

2018-11-27 15:55:56 - [TEST_STEP][PASSED] - setText: Text 'Tester' is set on object 'Object Repository/Final Object Repo/New Registration - Registration Module Pages/New Reg - OTC to RO/Special Case - All Related Objects/Employer Preview Name'

2018-11-27 15:56:03 - [MESSAGE][PASSED] - Text 'Tester' is set on object 'Object Repository/Final Object Repo/New Registration - Registration Module Pages/New Reg - OTC to RO/Special Case - All Related Objects/Employer Preview Name'

2018-11-27 15:56:03 - [TEST_STEP][PASSED] - click: Object: 'Object Repository/Final Object Repo/New Registration - Registration Module Pages/New Reg - OTC to RO/Special Case - All Related Objects/IC Type Drop Down' is clicked on

2018-11-27 15:56:03 - [MESSAGE][PASSED] - Object: 'Object Repository/Final Object Repo/New Registration - Registration Module Pages/New Reg - OTC to RO/Special Case - All Related Objects/IC Type Drop Down' is clicked on

2018-11-27 15:56:03 - [TEST_STEP][PASSED] - click: Object: 'Object Repository/Final Object Repo/New Registration - Registration Module Pages/New Reg - OTC to RO/Special Case - All Related Objects/Select to NRIC' is clicked on

2018-11-27 15:56:03 - [MESSAGE][PASSED] - Object: 'Object Repository/Final Object Repo/New Registration - Registration Module Pages/New Reg - OTC to RO/Special Case - All Related Objects/Select to NRIC' is clicked on

2018-11-27 15:56:03 - [TEST_STEP][PASSED] - setText: Text '133245561223' is set on object 'Object Repository/Final Object Repo/New Registration - Registration Module Pages/New Reg - OTC to RO/Special Case - All Related Objects/IC Value'

2018-11-27 15:56:03 - [MESSAGE][PASSED] - Text '133245561223' is set on object 'Object Repository/Final Object Repo/New Registration - Registration Module Pages/New Reg - OTC to RO/Special Case - All Related Objects/IC Value'

2018-11-27 15:56:03 - [TEST_STEP][PASSED] - setText: Text 'Auto' is set on object 'Object Repository/Final Object Repo/New Registration - Registration Module Pages/New Reg - OTC to RO/Special Case - All Related Objects/Designation'

2018-11-27 15:56:03 - [MESSAGE][PASSED] - Text 'Auto' is set on object 'Object Repository/Final Object Repo/New Registration - Registration Module Pages/New Reg - OTC to RO/Special Case - All Related Objects/Designation'

2018-11-27 15:56:03 - [TEST_STEP][PASSED] - callTestCase: Call Test Case 'Test Cases/Final Aug 2018 - PKS Automation/Registration Module/New Registration/Submit and Screenshot/Submit Registration and Screenshot - Copy' successfully

2018-11-27 15:56:03 - [TEST_CASE][PASSED] - Test Cases/Final Aug 2018 - PKS Automation/Registration Module/New Registration/Submit and Screenshot/Submit Registration and Screenshot - Copy: Test Cases/Final Aug 2018 - PKS Automation/Registration Module/New Registration/Submit and Screenshot/Submit Registration and Screenshot - Copy

2018-11-27 15:56:03 - [TEST_STEP][PASSED] - delay: Delayed 6 second(s)

2018-11-27 15:56:09 - [MESSAGE][PASSED] - Delayed 6 second(s)

2018-11-27 15:56:09 - [TEST_STEP][PASSED] - click: Object: 'Object Repository/Final Object Repo/New Registration - Registration Module Pages/Third Screen - Upload Supporting Doc- Preview/Preview Submit Button' is clicked on

2018-11-27 15:56:10 - [MESSAGE][PASSED] - Object: 'Object Repository/Final Object Repo/New Registration - Registration Module Pages/Third Screen - Upload Supporting Doc- Preview/Preview Submit Button' is clicked on

2018-11-27 15:56:10 - [TEST_STEP][PASSED] - delay: Delayed 2 second(s)

2018-11-27 15:56:12 - [MESSAGE][PASSED] - Delayed 2 second(s)

2018-11-27 15:56:12 - [TEST_STEP][PASSED] - click: Object: 'Object Repository/Final Object Repo/New Registration - Registration Module Pages/Third Screen - Upload Supporting Doc- Preview/Preview Submit - Confirm' is clicked on

2018-11-27 15:56:12 - [MESSAGE][PASSED] - Object: 'Object Repository/Final Object Repo/New Registration - Registration Module Pages/Third Screen - Upload Supporting Doc- Preview/Preview Submit - Confirm' is clicked on

2018-11-27 15:56:12 - [TEST_STEP][PASSED] - delay: Delayed 15 second(s)

2018-11-27 15:56:27 - [MESSAGE][PASSED] - Delayed 15 second(s)

2018-11-27 15:56:27 - [TEST_STEP][PASSED] - Statement - driver = com.kms.katalon.core.webui.driver.DriverFactory.getWebDriver(): null

2018-11-27 15:56:27 - [TEST_STEP][PASSED] - Statement - driver.manage().timeouts().implicitlyWait(10, SECONDS): null

2018-11-27 15:56:27 - [TEST_STEP][PASSED] - Statement - PresavePath = KatalonScreenshots: null

2018-11-27 15:56:27 - [TEST_STEP][PASSED] - Statement - pathPrefix = "C:\Users\Public\Pictures\Sample Pictures\Katalon Screenshots\Automate Ending Screen": null

2018-11-27 15:56:27 - [TEST_STEP][PASSED] - Statement - finalPath = <not implemented yet for class: org.codehaus.groovy.ast.expr.EmptyExpression>: null

2018-11-27 15:56:27 - [TEST_STEP][PASSED] - Statement - scrFile = driver.getScreenshotAs(FILE): null

2018-11-27 15:56:27 - [TEST_STEP][PASSED] - Statement - PreSaveFile = new java.io.File(PresavePath): null

2018-11-27 15:56:27 - [TEST_STEP][PASSED] - Statement - counter = 0: null

2018-11-27 15:56:27 - [TEST_STEP][PASSED] - Statement - If (PreSaveFile.exists()): null

2018-11-27 15:56:27 - [TEST_STEP][PASSED] - Statement - While (PreSaveFile.exists()): null

2018-11-27 15:56:27 - [TEST_STEP][PASSED] - Statement - counter = counter + 1: null

2018-11-27 15:56:27 - [TEST_STEP][PASSED] - Statement - PreSaveFile = new java.io.File(((pathPrefix + java.lang.Integer.toString(counter)) + .png)): null

2018-11-27 15:56:27 - [TEST_STEP][PASSED] - Statement - counter = counter + 1: null

2018-11-27 15:56:27 - [TEST_STEP][PASSED] - Statement - PreSaveFile = new java.io.File(((pathPrefix + java.lang.Integer.toString(counter)) + .png)): null

2018-11-27 15:56:27 - [TEST_STEP][PASSED] - Statement - counter = counter + 1: null

2018-11-27 15:56:27 - [TEST_STEP][PASSED] - Statement - PreSaveFile = new java.io.File(((pathPrefix + java.lang.Integer.toString(counter)) + .png)): null

2018-11-27 15:56:27 - [TEST_STEP][PASSED] - Statement - counter = counter + 1: null

2018-11-27 15:56:27 - [TEST_STEP][PASSED] - Statement - PreSaveFile = new java.io.File(((pathPrefix + java.lang.Integer.toString(counter)) + .png)): null

2018-11-27 15:56:27 - [TEST_STEP][PASSED] - Statement - counter = counter + 1: null

2018-11-27 15:56:27 - [TEST_STEP][PASSED] - Statement - PreSaveFile = new java.io.File(((pathPrefix + java.lang.Integer.toString(counter)) + .png)): null

2018-11-27 15:56:27 - [TEST_STEP][PASSED] - Statement - counter = counter + 1: null

2018-11-27 15:56:27 - [TEST_STEP][PASSED] - Statement - PreSaveFile = new java.io.File(((pathPrefix + java.lang.Integer.toString(counter)) + .png)): null

2018-11-27 15:56:27 - [TEST_STEP][PASSED] - Statement - counter = counter + 1: null

2018-11-27 15:56:27 - [TEST_STEP][PASSED] - Statement - PreSaveFile = new java.io.File(((pathPrefix + java.lang.Integer.toString(counter)) + .png)): null

2018-11-27 15:56:27 - [TEST_STEP][PASSED] - Statement - counter = counter + 1: null

2018-11-27 15:56:27 - [TEST_STEP][PASSED] - Statement - PreSaveFile = new java.io.File(((pathPrefix + java.lang.Integer.toString(counter)) + .png)): null

2018-11-27 15:56:27 - [TEST_STEP][PASSED] - Statement - counter = counter + 1: null

2018-11-27 15:56:27 - [TEST_STEP][PASSED] - Statement - PreSaveFile = new java.io.File(((pathPrefix + java.lang.Integer.toString(counter)) + .png)): null

2018-11-27 15:56:27 - [TEST_STEP][PASSED] - Statement - counter = counter + 1: null

2018-11-27 15:56:27 - [TEST_STEP][PASSED] - Statement - PreSaveFile = new java.io.File(((pathPrefix + java.lang.Integer.toString(counter)) + .png)): null

2018-11-27 15:56:27 - [TEST_STEP][PASSED] - Statement - counter = counter + 1: null

2018-11-27 15:56:27 - [TEST_STEP][PASSED] - Statement - PreSaveFile = new java.io.File(((pathPrefix + java.lang.Integer.toString(counter)) + .png)): null

2018-11-27 15:56:27 - [TEST_STEP][PASSED] - Statement - counter = counter + 1: null

2018-11-27 15:56:27 - [TEST_STEP][PASSED] - Statement - PreSaveFile = new java.io.File(((pathPrefix + java.lang.Integer.toString(counter)) + .png)): null

2018-11-27 15:56:27 - [TEST_STEP][PASSED] - Statement - counter = counter + 1: null

2018-11-27 15:56:27 - [TEST_STEP][PASSED] - Statement - PreSaveFile = new java.io.File(((pathPrefix + java.lang.Integer.toString(counter)) + .png)): null

2018-11-27 15:56:27 - [TEST_STEP][PASSED] - Statement - counter = counter + 1: null

2018-11-27 15:56:27 - [TEST_STEP][PASSED] - Statement - PreSaveFile = new java.io.File(((pathPrefix + java.lang.Integer.toString(counter)) + .png)): null

2018-11-27 15:56:27 - [TEST_STEP][PASSED] - Statement - counter = counter + 1: null

2018-11-27 15:56:27 - [TEST_STEP][PASSED] - Statement - PreSaveFile = new java.io.File(((pathPrefix + java.lang.Integer.toString(counter)) + .png)): null

2018-11-27 15:56:27 - [TEST_STEP][PASSED] - Statement - counter = counter + 1: null

2018-11-27 15:56:27 - [TEST_STEP][PASSED] - Statement - PreSaveFile = new java.io.File(((pathPrefix + java.lang.Integer.toString(counter)) + .png)): null

2018-11-27 15:56:27 - [TEST_STEP][PASSED] - Statement - counter = counter + 1: null

2018-11-27 15:56:27 - [TEST_STEP][PASSED] - Statement - PreSaveFile = new java.io.File(((pathPrefix + java.lang.Integer.toString(counter)) + .png)): null

2018-11-27 15:56:27 - [TEST_STEP][PASSED] - Statement - counter = counter + 1: null

2018-11-27 15:56:27 - [TEST_STEP][PASSED] - Statement - PreSaveFile = new java.io.File(((pathPrefix + java.lang.Integer.toString(counter)) + .png)): null

2018-11-27 15:56:27 - [TEST_STEP][PASSED] - Statement - counter = counter + 1: null

2018-11-27 15:56:27 - [TEST_STEP][PASSED] - Statement - PreSaveFile = new java.io.File(((pathPrefix + java.lang.Integer.toString(counter)) + .png)): null

2018-11-27 15:56:27 - [TEST_STEP][PASSED] - Statement - counter = counter + 1: null

2018-11-27 15:56:27 - [TEST_STEP][PASSED] - Statement - PreSaveFile = new java.io.File(((pathPrefix + java.lang.Integer.toString(counter)) + .png)): null

2018-11-27 15:56:27 - [TEST_STEP][PASSED] - Statement - counter = counter + 1: null

2018-11-27 15:56:27 - [TEST_STEP][PASSED] - Statement - PreSaveFile = new java.io.File(((pathPrefix + java.lang.Integer.toString(counter)) + .png)): null

2018-11-27 15:56:28 - [TEST_STEP][PASSED] - Statement - counter = counter + 1: null

2018-11-27 15:56:28 - [TEST_STEP][PASSED] - Statement - PreSaveFile = new java.io.File(((pathPrefix + java.lang.Integer.toString(counter)) + .png)): null

2018-11-27 15:56:28 - [TEST_STEP][PASSED] - Statement - counter = counter + 1: null

2018-11-27 15:56:28 - [TEST_STEP][PASSED] - Statement - PreSaveFile = new java.io.File(((pathPrefix + java.lang.Integer.toString(counter)) + .png)): null

2018-11-27 15:56:28 - [TEST_STEP][PASSED] - Statement - counter = counter + 1: null

2018-11-27 15:56:28 - [TEST_STEP][PASSED] - Statement - PreSaveFile = new java.io.File(((pathPrefix + java.lang.Integer.toString(counter)) + .png)): null

2018-11-27 15:56:28 - [TEST_STEP][PASSED] - Statement - counter = counter + 1: null

2018-11-27 15:56:28 - [TEST_STEP][PASSED] - Statement - PreSaveFile = new java.io.File(((pathPrefix + java.lang.Integer.toString(counter)) + .png)): null

2018-11-27 15:56:28 - [TEST_STEP][PASSED] - Statement - counter = counter + 1: null

2018-11-27 15:56:28 - [TEST_STEP][PASSED] - Statement - PreSaveFile = new java.io.File(((pathPrefix + java.lang.Integer.toString(counter)) + .png)): null

2018-11-27 15:56:28 - [TEST_STEP][PASSED] - Statement - counter = counter + 1: null

2018-11-27 15:56:28 - [TEST_STEP][PASSED] - Statement - PreSaveFile = new java.io.File(((pathPrefix + java.lang.Integer.toString(counter)) + .png)): null

2018-11-27 15:56:28 - [TEST_STEP][PASSED] - Statement - counter = counter + 1: null

2018-11-27 15:56:28 - [TEST_STEP][PASSED] - Statement - PreSaveFile = new java.io.File(((pathPrefix + java.lang.Integer.toString(counter)) + .png)): null

2018-11-27 15:56:28 - [TEST_STEP][PASSED] - Statement - counter = counter + 1: null

2018-11-27 15:56:28 - [TEST_STEP][PASSED] - Statement - PreSaveFile = new java.io.File(((pathPrefix + java.lang.Integer.toString(counter)) + .png)): null

2018-11-27 15:56:28 - [TEST_STEP][PASSED] - Statement - counter = counter + 1: null

2018-11-27 15:56:28 - [TEST_STEP][PASSED] - Statement - PreSaveFile = new java.io.File(((pathPrefix + java.lang.Integer.toString(counter)) + .png)): null

2018-11-27 15:56:28 - [TEST_STEP][PASSED] - Statement - counter = counter + 1: null

2018-11-27 15:56:28 - [TEST_STEP][PASSED] - Statement - PreSaveFile = new java.io.File(((pathPrefix + java.lang.Integer.toString(counter)) + .png)): null

2018-11-27 15:56:28 - [TEST_STEP][PASSED] - Statement - counter = counter + 1: null

2018-11-27 15:56:28 - [TEST_STEP][PASSED] - Statement - PreSaveFile = new java.io.File(((pathPrefix + java.lang.Integer.toString(counter)) + .png)): null

2018-11-27 15:56:28 - [TEST_STEP][PASSED] - Statement - counter = counter + 1: null

2018-11-27 15:56:28 - [TEST_STEP][PASSED] - Statement - PreSaveFile = new java.io.File(((pathPrefix + java.lang.Integer.toString(counter)) + .png)): null

2018-11-27 15:56:28 - [TEST_STEP][PASSED] - Statement - counter = counter + 1: null

2018-11-27 15:56:28 - [TEST_STEP][PASSED] - Statement - PreSaveFile = new java.io.File(((pathPrefix + java.lang.Integer.toString(counter)) + .png)): null

2018-11-27 15:56:28 - [TEST_STEP][PASSED] - Statement - counter = counter + 1: null

2018-11-27 15:56:28 - [TEST_STEP][PASSED] - Statement - PreSaveFile = new java.io.File(((pathPrefix + java.lang.Integer.toString(counter)) + .png)): null

2018-11-27 15:56:28 - [TEST_STEP][PASSED] - Statement - counter = counter + 1: null

2018-11-27 15:56:28 - [TEST_STEP][PASSED] - Statement - PreSaveFile = new java.io.File(((pathPrefix + java.lang.Integer.toString(counter)) + .png)): null

2018-11-27 15:56:28 - [TEST_STEP][PASSED] - Statement - counter = counter + 1: null

2018-11-27 15:56:28 - [TEST_STEP][PASSED] - Statement - PreSaveFile = new java.io.File(((pathPrefix + java.lang.Integer.toString(counter)) + .png)): null

2018-11-27 15:56:28 - [TEST_STEP][PASSED] - Statement - counter = counter + 1: null

2018-11-27 15:56:28 - [TEST_STEP][PASSED] - Statement - PreSaveFile = new java.io.File(((pathPrefix + java.lang.Integer.toString(counter)) + .png)): null

2018-11-27 15:56:28 - [TEST_STEP][PASSED] - Statement - counter = counter + 1: null

2018-11-27 15:56:28 - [TEST_STEP][PASSED] - Statement - PreSaveFile = new java.io.File(((pathPrefix + java.lang.Integer.toString(counter)) + .png)): null

2018-11-27 15:56:28 - [TEST_STEP][PASSED] - Statement - counter = counter + 1: null

2018-11-27 15:56:28 - [TEST_STEP][PASSED] - Statement - PreSaveFile = new java.io.File(((pathPrefix + java.lang.Integer.toString(counter)) + .png)): null

2018-11-27 15:56:28 - [TEST_STEP][PASSED] - Statement - counter = counter + 1: null

2018-11-27 15:56:28 - [TEST_STEP][PASSED] - Statement - PreSaveFile = new java.io.File(((pathPrefix + java.lang.Integer.toString(counter)) + .png)): null

2018-11-27 15:56:28 - [TEST_STEP][PASSED] - Statement - counter = counter + 1: null

2018-11-27 15:56:28 - [TEST_STEP][PASSED] - Statement - PreSaveFile = new java.io.File(((pathPrefix + java.lang.Integer.toString(counter)) + .png)): null

2018-11-27 15:56:28 - [TEST_STEP][PASSED] - Statement - counter = counter + 1: null

2018-11-27 15:56:28 - [TEST_STEP][PASSED] - Statement - PreSaveFile = new java.io.File(((pathPrefix + java.lang.Integer.toString(counter)) + .png)): null

2018-11-27 15:56:28 - [TEST_STEP][PASSED] - Statement - counter = counter + 1: null

2018-11-27 15:56:28 - [TEST_STEP][PASSED] - Statement - PreSaveFile = new java.io.File(((pathPrefix + java.lang.Integer.toString(counter)) + .png)): null

2018-11-27 15:56:28 - [TEST_STEP][PASSED] - Statement - counter = counter + 1: null

2018-11-27 15:56:28 - [TEST_STEP][PASSED] - Statement - PreSaveFile = new java.io.File(((pathPrefix + java.lang.Integer.toString(counter)) + .png)): null

2018-11-27 15:56:28 - [TEST_STEP][PASSED] - Statement - counter = counter + 1: null

2018-11-27 15:56:28 - [TEST_STEP][PASSED] - Statement - PreSaveFile = new java.io.File(((pathPrefix + java.lang.Integer.toString(counter)) + .png)): null

2018-11-27 15:56:28 - [TEST_STEP][PASSED] - Statement - counter = counter + 1: null

2018-11-27 15:56:28 - [TEST_STEP][PASSED] - Statement - PreSaveFile = new java.io.File(((pathPrefix + java.lang.Integer.toString(counter)) + .png)): null

2018-11-27 15:56:28 - [TEST_STEP][PASSED] - Statement - counter = counter + 1: null

2018-11-27 15:56:28 - [TEST_STEP][PASSED] - Statement - PreSaveFile = new java.io.File(((pathPrefix + java.lang.Integer.toString(counter)) + .png)): null

2018-11-27 15:56:28 - [TEST_STEP][PASSED] - Statement - counter = counter + 1: null

2018-11-27 15:56:28 - [TEST_STEP][PASSED] - Statement - PreSaveFile = new java.io.File(((pathPrefix + java.lang.Integer.toString(counter)) + .png)): null

2018-11-27 15:56:28 - [TEST_STEP][PASSED] - Statement - counter = counter + 1: null

2018-11-27 15:56:28 - [TEST_STEP][PASSED] - Statement - PreSaveFile = new java.io.File(((pathPrefix + java.lang.Integer.toString(counter)) + .png)): null

2018-11-27 15:56:28 - [TEST_STEP][PASSED] - Statement - counter = counter + 1: null

2018-11-27 15:56:28 - [TEST_STEP][PASSED] - Statement - PreSaveFile = new java.io.File(((pathPrefix + java.lang.Integer.toString(counter)) + .png)): null

2018-11-27 15:56:28 - [TEST_STEP][PASSED] - Statement - counter = counter + 1: null

2018-11-27 15:56:28 - [TEST_STEP][PASSED] - Statement - PreSaveFile = new java.io.File(((pathPrefix + java.lang.Integer.toString(counter)) + .png)): null

2018-11-27 15:56:28 - [TEST_STEP][PASSED] - Statement - counter = counter + 1: null

2018-11-27 15:56:28 - [TEST_STEP][PASSED] - Statement - PreSaveFile = new java.io.File(((pathPrefix + java.lang.Integer.toString(counter)) + .png)): null

2018-11-27 15:56:28 - [TEST_STEP][PASSED] - Statement - counter = counter + 1: null

2018-11-27 15:56:28 - [TEST_STEP][PASSED] - Statement - PreSaveFile = new java.io.File(((pathPrefix + java.lang.Integer.toString(counter)) + .png)): null

2018-11-27 15:56:28 - [TEST_STEP][PASSED] - Statement - counter = counter + 1: null

2018-11-27 15:56:28 - [TEST_STEP][PASSED] - Statement - PreSaveFile = new java.io.File(((pathPrefix + java.lang.Integer.toString(counter)) + .png)): null

2018-11-27 15:56:28 - [TEST_STEP][PASSED] - Statement - counter = counter + 1: null

2018-11-27 15:56:28 - [TEST_STEP][PASSED] - Statement - PreSaveFile = new java.io.File(((pathPrefix + java.lang.Integer.toString(counter)) + .png)): null

2018-11-27 15:56:28 - [TEST_STEP][PASSED] - Statement - counter = counter + 1: null

2018-11-27 15:56:28 - [TEST_STEP][PASSED] - Statement - PreSaveFile = new java.io.File(((pathPrefix + java.lang.Integer.toString(counter)) + .png)): null

2018-11-27 15:56:28 - [TEST_STEP][PASSED] - Statement - counter = counter + 1: null

2018-11-27 15:56:28 - [TEST_STEP][PASSED] - Statement - PreSaveFile = new java.io.File(((pathPrefix + java.lang.Integer.toString(counter)) + .png)): null

2018-11-27 15:56:28 - [TEST_STEP][PASSED] - Statement - counter = counter + 1: null

2018-11-27 15:56:28 - [TEST_STEP][PASSED] - Statement - PreSaveFile = new java.io.File(((pathPrefix + java.lang.Integer.toString(counter)) + .png)): null

2018-11-27 15:56:28 - [TEST_STEP][PASSED] - Statement - counter = counter + 1: null

2018-11-27 15:56:28 - [TEST_STEP][PASSED] - Statement - PreSaveFile = new java.io.File(((pathPrefix + java.lang.Integer.toString(counter)) + .png)): null

2018-11-27 15:56:28 - [TEST_STEP][PASSED] - Statement - counter = counter + 1: null

2018-11-27 15:56:28 - [TEST_STEP][PASSED] - Statement - PreSaveFile = new java.io.File(((pathPrefix + java.lang.Integer.toString(counter)) + .png)): null

2018-11-27 15:56:28 - [TEST_STEP][PASSED] - Statement - counter = counter + 1: null

2018-11-27 15:56:28 - [TEST_STEP][PASSED] - Statement - PreSaveFile = new java.io.File(((pathPrefix + java.lang.Integer.toString(counter)) + .png)): null

2018-11-27 15:56:28 - [TEST_STEP][PASSED] - Statement - counter = counter + 1: null

2018-11-27 15:56:28 - [TEST_STEP][PASSED] - Statement - PreSaveFile = new java.io.File(((pathPrefix + java.lang.Integer.toString(counter)) + .png)): null

2018-11-27 15:56:28 - [TEST_STEP][PASSED] - Statement - counter = counter + 1: null

2018-11-27 15:56:28 - [TEST_STEP][PASSED] - Statement - PreSaveFile = new java.io.File(((pathPrefix + java.lang.Integer.toString(counter)) + .png)): null

2018-11-27 15:56:28 - [TEST_STEP][PASSED] - Statement - counter = counter + 1: null

2018-11-27 15:56:28 - [TEST_STEP][PASSED] - Statement - PreSaveFile = new java.io.File(((pathPrefix + java.lang.Integer.toString(counter)) + .png)): null

2018-11-27 15:56:28 - [TEST_STEP][PASSED] - Statement - counter = counter + 1: null

2018-11-27 15:56:28 - [TEST_STEP][PASSED] - Statement - PreSaveFile = new java.io.File(((pathPrefix + java.lang.Integer.toString(counter)) + .png)): null

2018-11-27 15:56:28 - [TEST_STEP][PASSED] - Statement - counter = counter + 1: null

2018-11-27 15:56:28 - [TEST_STEP][PASSED] - Statement - PreSaveFile = new java.io.File(((pathPrefix + java.lang.Integer.toString(counter)) + .png)): null

2018-11-27 15:56:28 - [TEST_STEP][PASSED] - Statement - counter = counter + 1: null

2018-11-27 15:56:28 - [TEST_STEP][PASSED] - Statement - PreSaveFile = new java.io.File(((pathPrefix + java.lang.Integer.toString(counter)) + .png)): null

2018-11-27 15:56:28 - [TEST_STEP][PASSED] - Statement - counter = counter + 1: null

2018-11-27 15:56:28 - [TEST_STEP][PASSED] - Statement - PreSaveFile = new java.io.File(((pathPrefix + java.lang.Integer.toString(counter)) + .png)): null

2018-11-27 15:56:28 - [TEST_STEP][PASSED] - Statement - counter = counter + 1: null

2018-11-27 15:56:28 - [TEST_STEP][PASSED] - Statement - PreSaveFile = new java.io.File(((pathPrefix + java.lang.Integer.toString(counter)) + .png)): null

2018-11-27 15:56:28 - [TEST_STEP][PASSED] - Statement - counter = counter + 1: null

2018-11-27 15:56:28 - [TEST_STEP][PASSED] - Statement - PreSaveFile = new java.io.File(((pathPrefix + java.lang.Integer.toString(counter)) + .png)): null

2018-11-27 15:56:28 - [TEST_STEP][PASSED] - Statement - counter = counter + 1: null

2018-11-27 15:56:28 - [TEST_STEP][PASSED] - Statement - PreSaveFile = new java.io.File(((pathPrefix + java.lang.Integer.toString(counter)) + .png)): null

2018-11-27 15:56:28 - [TEST_STEP][PASSED] - Statement - counter = counter + 1: null

2018-11-27 15:56:28 - [TEST_STEP][PASSED] - Statement - PreSaveFile = new java.io.File(((pathPrefix + java.lang.Integer.toString(counter)) + .png)): null

2018-11-27 15:56:28 - [TEST_STEP][PASSED] - Statement - counter = counter + 1: null

2018-11-27 15:56:28 - [TEST_STEP][PASSED] - Statement - PreSaveFile = new java.io.File(((pathPrefix + java.lang.Integer.toString(counter)) + .png)): null

2018-11-27 15:56:28 - [TEST_STEP][PASSED] - Statement - counter = counter + 1: null

2018-11-27 15:56:28 - [TEST_STEP][PASSED] - Statement - PreSaveFile = new java.io.File(((pathPrefix + java.lang.Integer.toString(counter)) + .png)): null

2018-11-27 15:56:28 - [TEST_STEP][PASSED] - Statement - counter = counter + 1: null

2018-11-27 15:56:28 - [TEST_STEP][PASSED] - Statement - PreSaveFile = new java.io.File(((pathPrefix + java.lang.Integer.toString(counter)) + .png)): null

2018-11-27 15:56:28 - [TEST_STEP][PASSED] - Statement - counter = counter + 1: null

2018-11-27 15:56:28 - [TEST_STEP][PASSED] - Statement - PreSaveFile = new java.io.File(((pathPrefix + java.lang.Integer.toString(counter)) + .png)): null

2018-11-27 15:56:28 - [TEST_STEP][PASSED] - Statement - counter = counter + 1: null

2018-11-27 15:56:28 - [TEST_STEP][PASSED] - Statement - PreSaveFile = new java.io.File(((pathPrefix + java.lang.Integer.toString(counter)) + .png)): null

2018-11-27 15:56:28 - [TEST_STEP][PASSED] - Statement - counter = counter + 1: null

2018-11-27 15:56:28 - [TEST_STEP][PASSED] - Statement - PreSaveFile = new java.io.File(((pathPrefix + java.lang.Integer.toString(counter)) + .png)): null

2018-11-27 15:56:28 - [TEST_STEP][PASSED] - Statement - counter = counter + 1: null

2018-11-27 15:56:28 - [TEST_STEP][PASSED] - Statement - PreSaveFile = new java.io.File(((pathPrefix + java.lang.Integer.toString(counter)) + .png)): null

2018-11-27 15:56:28 - [TEST_STEP][PASSED] - Statement - counter = counter + 1: null

2018-11-27 15:56:28 - [TEST_STEP][PASSED] - Statement - PreSaveFile = new java.io.File(((pathPrefix + java.lang.Integer.toString(counter)) + .png)): null

2018-11-27 15:56:28 - [TEST_STEP][PASSED] - Statement - counter = counter + 1: null

2018-11-27 15:56:28 - [TEST_STEP][PASSED] - Statement - PreSaveFile = new java.io.File(((pathPrefix + java.lang.Integer.toString(counter)) + .png)): null

2018-11-27 15:56:28 - [TEST_STEP][PASSED] - Statement - counter = counter + 1: null

2018-11-27 15:56:28 - [TEST_STEP][PASSED] - Statement - PreSaveFile = new java.io.File(((pathPrefix + java.lang.Integer.toString(counter)) + .png)): null

2018-11-27 15:56:28 - [TEST_STEP][PASSED] - Statement - counter = counter + 1: null

2018-11-27 15:56:28 - [TEST_STEP][PASSED] - Statement - PreSaveFile = new java.io.File(((pathPrefix + java.lang.Integer.toString(counter)) + .png)): null

2018-11-27 15:56:28 - [TEST_STEP][PASSED] - Statement - counter = counter + 1: null

2018-11-27 15:56:28 - [TEST_STEP][PASSED] - Statement - PreSaveFile = new java.io.File(((pathPrefix + java.lang.Integer.toString(counter)) + .png)): null

2018-11-27 15:56:28 - [TEST_STEP][PASSED] - Statement - counter = counter + 1: null

2018-11-27 15:56:28 - [TEST_STEP][PASSED] - Statement - PreSaveFile = new java.io.File(((pathPrefix + java.lang.Integer.toString(counter)) + .png)): null

2018-11-27 15:56:28 - [TEST_STEP][PASSED] - Statement - counter = counter + 1: null

2018-11-27 15:56:28 - [TEST_STEP][PASSED] - Statement - PreSaveFile = new java.io.File(((pathPrefix + java.lang.Integer.toString(counter)) + .png)): null

2018-11-27 15:56:28 - [TEST_STEP][PASSED] - Statement - counter = counter + 1: null

2018-11-27 15:56:28 - [TEST_STEP][PASSED] - Statement - PreSaveFile = new java.io.File(((pathPrefix + java.lang.Integer.toString(counter)) + .png)): null

2018-11-27 15:56:28 - [TEST_STEP][PASSED] - Statement - counter = counter + 1: null

2018-11-27 15:56:28 - [TEST_STEP][PASSED] - Statement - PreSaveFile = new java.io.File(((pathPrefix + java.lang.Integer.toString(counter)) + .png)): null

2018-11-27 15:56:28 - [TEST_STEP][PASSED] - Statement - counter = counter + 1: null

2018-11-27 15:56:28 - [TEST_STEP][PASSED] - Statement - PreSaveFile = new java.io.File(((pathPrefix + java.lang.Integer.toString(counter)) + .png)): null

2018-11-27 15:56:28 - [TEST_STEP][PASSED] - Statement - counter = counter + 1: null

2018-11-27 15:56:28 - [TEST_STEP][PASSED] - Statement - PreSaveFile = new java.io.File(((pathPrefix + java.lang.Integer.toString(counter)) + .png)): null

2018-11-27 15:56:28 - [TEST_STEP][PASSED] - Statement - counter = counter + 1: null

2018-11-27 15:56:28 - [TEST_STEP][PASSED] - Statement - PreSaveFile = new java.io.File(((pathPrefix + java.lang.Integer.toString(counter)) + .png)): null

2018-11-27 15:56:28 - [TEST_STEP][PASSED] - Statement - counter = counter + 1: null

2018-11-27 15:56:28 - [TEST_STEP][PASSED] - Statement - PreSaveFile = new java.io.File(((pathPrefix + java.lang.Integer.toString(counter)) + .png)): null

2018-11-27 15:56:28 - [TEST_STEP][PASSED] - Statement - counter = counter + 1: null

2018-11-27 15:56:28 - [TEST_STEP][PASSED] - Statement - PreSaveFile = new java.io.File(((pathPrefix + java.lang.Integer.toString(counter)) + .png)): null

2018-11-27 15:56:28 - [TEST_STEP][PASSED] - Statement - counter = counter + 1: null

2018-11-27 15:56:28 - [TEST_STEP][PASSED] - Statement - PreSaveFile = new java.io.File(((pathPrefix + java.lang.Integer.toString(counter)) + .png)): null

2018-11-27 15:56:28 - [TEST_STEP][PASSED] - Statement - counter = counter + 1: null

2018-11-27 15:56:28 - [TEST_STEP][PASSED] - Statement - PreSaveFile = new java.io.File(((pathPrefix + java.lang.Integer.toString(counter)) + .png)): null

2018-11-27 15:56:28 - [TEST_STEP][PASSED] - Statement - counter = counter + 1: null

2018-11-27 15:56:28 - [TEST_STEP][PASSED] - Statement - PreSaveFile = new java.io.File(((pathPrefix + java.lang.Integer.toString(counter)) + .png)): null

2018-11-27 15:56:28 - [TEST_STEP][PASSED] - Statement - counter = counter + 1: null

2018-11-27 15:56:28 - [TEST_STEP][PASSED] - Statement - PreSaveFile = new java.io.File(((pathPrefix + java.lang.Integer.toString(counter)) + .png)): null

2018-11-27 15:56:28 - [TEST_STEP][PASSED] - Statement - counter = counter + 1: null

2018-11-27 15:56:28 - [TEST_STEP][PASSED] - Statement - PreSaveFile = new java.io.File(((pathPrefix + java.lang.Integer.toString(counter)) + .png)): null

2018-11-27 15:56:28 - [TEST_STEP][PASSED] - Statement - counter = counter + 1: null

2018-11-27 15:56:28 - [TEST_STEP][PASSED] - Statement - PreSaveFile = new java.io.File(((pathPrefix + java.lang.Integer.toString(counter)) + .png)): null

2018-11-27 15:56:28 - [TEST_STEP][PASSED] - Statement - counter = counter + 1: null

2018-11-27 15:56:28 - [TEST_STEP][PASSED] - Statement - PreSaveFile = new java.io.File(((pathPrefix + java.lang.Integer.toString(counter)) + .png)): null

2018-11-27 15:56:28 - [TEST_STEP][PASSED] - Statement - counter = counter + 1: null

2018-11-27 15:56:28 - [TEST_STEP][PASSED] - Statement - PreSaveFile = new java.io.File(((pathPrefix + java.lang.Integer.toString(counter)) + .png)): null

2018-11-27 15:56:28 - [TEST_STEP][PASSED] - Statement - counter = counter + 1: null

2018-11-27 15:56:28 - [TEST_STEP][PASSED] - Statement - PreSaveFile = new java.io.File(((pathPrefix + java.lang.Integer.toString(counter)) + .png)): null

2018-11-27 15:56:28 - [TEST_STEP][PASSED] - Statement - counter = counter + 1: null

2018-11-27 15:56:28 - [TEST_STEP][PASSED] - Statement - PreSaveFile = new java.io.File(((pathPrefix + java.lang.Integer.toString(counter)) + .png)): null

2018-11-27 15:56:28 - [TEST_STEP][PASSED] - Statement - counter = counter + 1: null

2018-11-27 15:56:28 - [TEST_STEP][PASSED] - Statement - PreSaveFile = new java.io.File(((pathPrefix + java.lang.Integer.toString(counter)) + .png)): null

2018-11-27 15:56:28 - [TEST_STEP][PASSED] - Statement - counter = counter + 1: null

2018-11-27 15:56:28 - [TEST_STEP][PASSED] - Statement - PreSaveFile = new java.io.File(((pathPrefix + java.lang.Integer.toString(counter)) + .png)): null

2018-11-27 15:56:28 - [TEST_STEP][PASSED] - Statement - counter = counter + 1: null

2018-11-27 15:56:28 - [TEST_STEP][PASSED] - Statement - PreSaveFile = new java.io.File(((pathPrefix + java.lang.Integer.toString(counter)) + .png)): null

2018-11-27 15:56:28 - [TEST_STEP][PASSED] - Statement - counter = counter + 1: null

2018-11-27 15:56:28 - [TEST_STEP][PASSED] - Statement - PreSaveFile = new java.io.File(((pathPrefix + java.lang.Integer.toString(counter)) + .png)): null

2018-11-27 15:56:28 - [TEST_STEP][PASSED] - Statement - counter = counter + 1: null

2018-11-27 15:56:28 - [TEST_STEP][PASSED] - Statement - PreSaveFile = new java.io.File(((pathPrefix + java.lang.Integer.toString(counter)) + .png)): null

2018-11-27 15:56:28 - [TEST_STEP][PASSED] - Statement - counter = counter + 1: null

2018-11-27 15:56:28 - [TEST_STEP][PASSED] - Statement - PreSaveFile = new java.io.File(((pathPrefix + java.lang.Integer.toString(counter)) + .png)): null

2018-11-27 15:56:28 - [TEST_STEP][PASSED] - Statement - counter = counter + 1: null

2018-11-27 15:56:28 - [TEST_STEP][PASSED] - Statement - PreSaveFile = new java.io.File(((pathPrefix + java.lang.Integer.toString(counter)) + .png)): null

2018-11-27 15:56:28 - [TEST_STEP][PASSED] - Statement - counter = counter + 1: null

2018-11-27 15:56:28 - [TEST_STEP][PASSED] - Statement - PreSaveFile = new java.io.File(((pathPrefix + java.lang.Integer.toString(counter)) + .png)): null

2018-11-27 15:56:28 - [TEST_STEP][PASSED] - Statement - counter = counter + 1: null

2018-11-27 15:56:28 - [TEST_STEP][PASSED] - Statement - PreSaveFile = new java.io.File(((pathPrefix + java.lang.Integer.toString(counter)) + .png)): null

2018-11-27 15:56:28 - [TEST_STEP][PASSED] - Statement - counter = counter + 1: null

2018-11-27 15:56:28 - [TEST_STEP][PASSED] - Statement - PreSaveFile = new java.io.File(((pathPrefix + java.lang.Integer.toString(counter)) + .png)): null

2018-11-27 15:56:28 - [TEST_STEP][PASSED] - Statement - counter = counter + 1: null

2018-11-27 15:56:28 - [TEST_STEP][PASSED] - Statement - PreSaveFile = new java.io.File(((pathPrefix + java.lang.Integer.toString(counter)) + .png)): null

2018-11-27 15:56:28 - [TEST_STEP][PASSED] - Statement - counter = counter + 1: null

2018-11-27 15:56:28 - [TEST_STEP][PASSED] - Statement - PreSaveFile = new java.io.File(((pathPrefix + java.lang.Integer.toString(counter)) + .png)): null

2018-11-27 15:56:28 - [TEST_STEP][PASSED] - Statement - counter = counter + 1: null

2018-11-27 15:56:28 - [TEST_STEP][PASSED] - Statement - PreSaveFile = new java.io.File(((pathPrefix + java.lang.Integer.toString(counter)) + .png)): null

2018-11-27 15:56:28 - [TEST_STEP][PASSED] - Statement - counter = counter + 1: null

2018-11-27 15:56:28 - [TEST_STEP][PASSED] - Statement - PreSaveFile = new java.io.File(((pathPrefix + java.lang.Integer.toString(counter)) + .png)): null

2018-11-27 15:56:28 - [TEST_STEP][PASSED] - Statement - counter = counter + 1: null

2018-11-27 15:56:28 - [TEST_STEP][PASSED] - Statement - PreSaveFile = new java.io.File(((pathPrefix + java.lang.Integer.toString(counter)) + .png)): null

2018-11-27 15:56:28 - [TEST_STEP][PASSED] - Statement - counter = counter + 1: null

2018-11-27 15:56:28 - [TEST_STEP][PASSED] - Statement - PreSaveFile = new java.io.File(((pathPrefix + java.lang.Integer.toString(counter)) + .png)): null

2018-11-27 15:56:28 - [TEST_STEP][PASSED] - Statement - counter = counter + 1: null

2018-11-27 15:56:28 - [TEST_STEP][PASSED] - Statement - PreSaveFile = new java.io.File(((pathPrefix + java.lang.Integer.toString(counter)) + .png)): null

2018-11-27 15:56:28 - [TEST_STEP][PASSED] - Statement - counter = counter + 1: null

2018-11-27 15:56:28 - [TEST_STEP][PASSED] - Statement - PreSaveFile = new java.io.File(((pathPrefix + java.lang.Integer.toString(counter)) + .png)): null

2018-11-27 15:56:28 - [TEST_STEP][PASSED] - Statement - counter = counter + 1: null

2018-11-27 15:56:28 - [TEST_STEP][PASSED] - Statement - PreSaveFile = new java.io.File(((pathPrefix + java.lang.Integer.toString(counter)) + .png)): null

2018-11-27 15:56:28 - [TEST_STEP][PASSED] - Statement - counter = counter + 1: null

2018-11-27 15:56:28 - [TEST_STEP][PASSED] - Statement - PreSaveFile = new java.io.File(((pathPrefix + java.lang.Integer.toString(counter)) + .png)): null

2018-11-27 15:56:28 - [TEST_STEP][PASSED] - Statement - counter = counter + 1: null

2018-11-27 15:56:28 - [TEST_STEP][PASSED] - Statement - PreSaveFile = new java.io.File(((pathPrefix + java.lang.Integer.toString(counter)) + .png)): null

2018-11-27 15:56:28 - [TEST_STEP][PASSED] - Statement - counter = counter + 1: null

2018-11-27 15:56:28 - [TEST_STEP][PASSED] - Statement - PreSaveFile = new java.io.File(((pathPrefix + java.lang.Integer.toString(counter)) + .png)): null

2018-11-27 15:56:28 - [TEST_STEP][PASSED] - Statement - counter = counter + 1: null

2018-11-27 15:56:28 - [TEST_STEP][PASSED] - Statement - PreSaveFile = new java.io.File(((pathPrefix + java.lang.Integer.toString(counter)) + .png)): null

2018-11-27 15:56:28 - [TEST_STEP][PASSED] - Statement - counter = counter + 1: null

2018-11-27 15:56:28 - [TEST_STEP][PASSED] - Statement - PreSaveFile = new java.io.File(((pathPrefix + java.lang.Integer.toString(counter)) + .png)): null

2018-11-27 15:56:28 - [TEST_STEP][PASSED] - Statement - counter = counter + 1: null

2018-11-27 15:56:28 - [TEST_STEP][PASSED] - Statement - PreSaveFile = new java.io.File(((pathPrefix + java.lang.Integer.toString(counter)) + .png)): null

2018-11-27 15:56:28 - [TEST_STEP][PASSED] - Statement - counter = counter + 1: null

2018-11-27 15:56:28 - [TEST_STEP][PASSED] - Statement - PreSaveFile = new java.io.File(((pathPrefix + java.lang.Integer.toString(counter)) + .png)): null

2018-11-27 15:56:28 - [TEST_STEP][PASSED] - Statement - counter = counter + 1: null

2018-11-27 15:56:28 - [TEST_STEP][PASSED] - Statement - PreSaveFile = new java.io.File(((pathPrefix + java.lang.Integer.toString(counter)) + .png)): null

2018-11-27 15:56:28 - [TEST_STEP][PASSED] - Statement - counter = counter + 1: null

2018-11-27 15:56:28 - [TEST_STEP][PASSED] - Statement - PreSaveFile = new java.io.File(((pathPrefix + java.lang.Integer.toString(counter)) + .png)): null

2018-11-27 15:56:28 - [TEST_STEP][PASSED] - Statement - counter = counter + 1: null

2018-11-27 15:56:28 - [TEST_STEP][PASSED] - Statement - PreSaveFile = new java.io.File(((pathPrefix + java.lang.Integer.toString(counter)) + .png)): null

2018-11-27 15:56:28 - [TEST_STEP][PASSED] - Statement - counter = counter + 1: null

2018-11-27 15:56:28 - [TEST_STEP][PASSED] - Statement - PreSaveFile = new java.io.File(((pathPrefix + java.lang.Integer.toString(counter)) + .png)): null

2018-11-27 15:56:28 - [TEST_STEP][PASSED] - Statement - counter = counter + 1: null

2018-11-27 15:56:28 - [TEST_STEP][PASSED] - Statement - PreSaveFile = new java.io.File(((pathPrefix + java.lang.Integer.toString(counter)) + .png)): null

2018-11-27 15:56:28 - [TEST_STEP][PASSED] - Statement - counter = counter + 1: null

2018-11-27 15:56:28 - [TEST_STEP][PASSED] - Statement - PreSaveFile = new java.io.File(((pathPrefix + java.lang.Integer.toString(counter)) + .png)): null

2018-11-27 15:56:28 - [TEST_STEP][PASSED] - Statement - counter = counter + 1: null

2018-11-27 15:56:28 - [TEST_STEP][PASSED] - Statement - PreSaveFile = new java.io.File(((pathPrefix + java.lang.Integer.toString(counter)) + .png)): null

2018-11-27 15:56:28 - [TEST_STEP][PASSED] - Statement - counter = counter + 1: null

2018-11-27 15:56:28 - [TEST_STEP][PASSED] - Statement - PreSaveFile = new java.io.File(((pathPrefix + java.lang.Integer.toString(counter)) + .png)): null

2018-11-27 15:56:28 - [TEST_STEP][PASSED] - Statement - counter = counter + 1: null

2018-11-27 15:56:28 - [TEST_STEP][PASSED] - Statement - PreSaveFile = new java.io.File(((pathPrefix + java.lang.Integer.toString(counter)) + .png)): null

2018-11-27 15:56:28 - [TEST_STEP][PASSED] - Statement - counter = counter + 1: null

2018-11-27 15:56:28 - [TEST_STEP][PASSED] - Statement - PreSaveFile = new java.io.File(((pathPrefix + java.lang.Integer.toString(counter)) + .png)): null

2018-11-27 15:56:28 - [TEST_STEP][PASSED] - Statement - counter = counter + 1: null

2018-11-27 15:56:28 - [TEST_STEP][PASSED] - Statement - PreSaveFile = new java.io.File(((pathPrefix + java.lang.Integer.toString(counter)) + .png)): null

2018-11-27 15:56:28 - [TEST_STEP][PASSED] - Statement - counter = counter + 1: null

2018-11-27 15:56:28 - [TEST_STEP][PASSED] - Statement - PreSaveFile = new java.io.File(((pathPrefix + java.lang.Integer.toString(counter)) + .png)): null

2018-11-27 15:56:28 - [TEST_STEP][PASSED] - Statement - counter = counter + 1: null

2018-11-27 15:56:28 - [TEST_STEP][PASSED] - Statement - PreSaveFile = new java.io.File(((pathPrefix + java.lang.Integer.toString(counter)) + .png)): null

2018-11-27 15:56:28 - [TEST_STEP][PASSED] - Statement - counter = counter + 1: null

2018-11-27 15:56:28 - [TEST_STEP][PASSED] - Statement - PreSaveFile = new java.io.File(((pathPrefix + java.lang.Integer.toString(counter)) + .png)): null

2018-11-27 15:56:28 - [TEST_STEP][PASSED] - Statement - counter = counter + 1: null

2018-11-27 15:56:28 - [TEST_STEP][PASSED] - Statement - PreSaveFile = new java.io.File(((pathPrefix + java.lang.Integer.toString(counter)) + .png)): null

2018-11-27 15:56:28 - [TEST_STEP][PASSED] - Statement - counter = counter + 1: null

2018-11-27 15:56:28 - [TEST_STEP][PASSED] - Statement - PreSaveFile = new java.io.File(((pathPrefix + java.lang.Integer.toString(counter)) + .png)): null

2018-11-27 15:56:28 - [TEST_STEP][PASSED] - Statement - counter = counter + 1: null

2018-11-27 15:56:28 - [TEST_STEP][PASSED] - Statement - PreSaveFile = new java.io.File(((pathPrefix + java.lang.Integer.toString(counter)) + .png)): null

2018-11-27 15:56:28 - [TEST_STEP][PASSED] - Statement - counter = counter + 1: null

2018-11-27 15:56:28 - [TEST_STEP][PASSED] - Statement - PreSaveFile = new java.io.File(((pathPrefix + java.lang.Integer.toString(counter)) + .png)): null

2018-11-27 15:56:28 - [TEST_STEP][PASSED] - Statement - counter = counter + 1: null

2018-11-27 15:56:28 - [TEST_STEP][PASSED] - Statement - PreSaveFile = new java.io.File(((pathPrefix + java.lang.Integer.toString(counter)) + .png)): null

2018-11-27 15:56:28 - [TEST_STEP][PASSED] - Statement - counter = counter + 1: null

2018-11-27 15:56:28 - [TEST_STEP][PASSED] - Statement - PreSaveFile = new java.io.File(((pathPrefix + java.lang.Integer.toString(counter)) + .png)): null

2018-11-27 15:56:28 - [TEST_STEP][PASSED] - Statement - counter = counter + 1: null

2018-11-27 15:56:28 - [TEST_STEP][PASSED] - Statement - PreSaveFile = new java.io.File(((pathPrefix + java.lang.Integer.toString(counter)) + .png)): null

2018-11-27 15:56:28 - [TEST_STEP][PASSED] - Statement - counter = counter + 1: null

2018-11-27 15:56:28 - [TEST_STEP][PASSED] - Statement - PreSaveFile = new java.io.File(((pathPrefix + java.lang.Integer.toString(counter)) + .png)): null

2018-11-27 15:56:28 - [TEST_STEP][PASSED] - Statement - counter = counter + 1: null

2018-11-27 15:56:28 - [TEST_STEP][PASSED] - Statement - PreSaveFile = new java.io.File(((pathPrefix + java.lang.Integer.toString(counter)) + .png)): null

2018-11-27 15:56:28 - [TEST_STEP][PASSED] - Statement - counter = counter + 1: null

2018-11-27 15:56:28 - [TEST_STEP][PASSED] - Statement - PreSaveFile = new java.io.File(((pathPrefix + java.lang.Integer.toString(counter)) + .png)): null

2018-11-27 15:56:28 - [TEST_STEP][PASSED] - Statement - counter = counter + 1: null

2018-11-27 15:56:28 - [TEST_STEP][PASSED] - Statement - PreSaveFile = new java.io.File(((pathPrefix + java.lang.Integer.toString(counter)) + .png)): null

2018-11-27 15:56:28 - [TEST_STEP][PASSED] - Statement - counter = counter + 1: null

2018-11-27 15:56:28 - [TEST_STEP][PASSED] - Statement - PreSaveFile = new java.io.File(((pathPrefix + java.lang.Integer.toString(counter)) + .png)): null

2018-11-27 15:56:28 - [TEST_STEP][PASSED] - Statement - counter = counter + 1: null

2018-11-27 15:56:28 - [TEST_STEP][PASSED] - Statement - PreSaveFile = new java.io.File(((pathPrefix + java.lang.Integer.toString(counter)) + .png)): null

2018-11-27 15:56:28 - [TEST_STEP][PASSED] - Statement - counter = counter + 1: null

2018-11-27 15:56:28 - [TEST_STEP][PASSED] - Statement - PreSaveFile = new java.io.File(((pathPrefix + java.lang.Integer.toString(counter)) + .png)): null

2018-11-27 15:56:28 - [TEST_STEP][PASSED] - Statement - counter = counter + 1: null

2018-11-27 15:56:28 - [TEST_STEP][PASSED] - Statement - PreSaveFile = new java.io.File(((pathPrefix + java.lang.Integer.toString(counter)) + .png)): null

2018-11-27 15:56:28 - [TEST_STEP][PASSED] - Statement - counter = counter + 1: null

2018-11-27 15:56:28 - [TEST_STEP][PASSED] - Statement - PreSaveFile = new java.io.File(((pathPrefix + java.lang.Integer.toString(counter)) + .png)): null

2018-11-27 15:56:28 - [TEST_STEP][PASSED] - Statement - counter = counter + 1: null

2018-11-27 15:56:28 - [TEST_STEP][PASSED] - Statement - PreSaveFile = new java.io.File(((pathPrefix + java.lang.Integer.toString(counter)) + .png)): null

2018-11-27 15:56:28 - [TEST_STEP][PASSED] - Statement - counter = counter + 1: null

2018-11-27 15:56:28 - [TEST_STEP][PASSED] - Statement - PreSaveFile = new java.io.File(((pathPrefix + java.lang.Integer.toString(counter)) + .png)): null

2018-11-27 15:56:28 - [TEST_STEP][PASSED] - Statement - counter = counter + 1: null

2018-11-27 15:56:28 - [TEST_STEP][PASSED] - Statement - PreSaveFile = new java.io.File(((pathPrefix + java.lang.Integer.toString(counter)) + .png)): null

2018-11-27 15:56:28 - [TEST_STEP][PASSED] - Statement - counter = counter + 1: null

2018-11-27 15:56:28 - [TEST_STEP][PASSED] - Statement - PreSaveFile = new java.io.File(((pathPrefix + java.lang.Integer.toString(counter)) + .png)): null

2018-11-27 15:56:28 - [TEST_STEP][PASSED] - Statement - counter = counter + 1: null

2018-11-27 15:56:28 - [TEST_STEP][PASSED] - Statement - PreSaveFile = new java.io.File(((pathPrefix + java.lang.Integer.toString(counter)) + .png)): null

2018-11-27 15:56:28 - [TEST_STEP][PASSED] - Statement - counter = counter + 1: null

2018-11-27 15:56:28 - [TEST_STEP][PASSED] - Statement - PreSaveFile = new java.io.File(((pathPrefix + java.lang.Integer.toString(counter)) + .png)): null

2018-11-27 15:56:28 - [TEST_STEP][PASSED] - Statement - counter = counter + 1: null

2018-11-27 15:56:28 - [TEST_STEP][PASSED] - Statement - PreSaveFile = new java.io.File(((pathPrefix + java.lang.Integer.toString(counter)) + .png)): null

2018-11-27 15:56:28 - [TEST_STEP][PASSED] - Statement - counter = counter + 1: null

2018-11-27 15:56:28 - [TEST_STEP][PASSED] - Statement - PreSaveFile = new java.io.File(((pathPrefix + java.lang.Integer.toString(counter)) + .png)): null

2018-11-27 15:56:28 - [TEST_STEP][PASSED] - Statement - counter = counter + 1: null

2018-11-27 15:56:28 - [TEST_STEP][PASSED] - Statement - PreSaveFile = new java.io.File(((pathPrefix + java.lang.Integer.toString(counter)) + .png)): null

2018-11-27 15:56:28 - [TEST_STEP][PASSED] - Statement - counter = counter + 1: null

2018-11-27 15:56:28 - [TEST_STEP][PASSED] - Statement - PreSaveFile = new java.io.File(((pathPrefix + java.lang.Integer.toString(counter)) + .png)): null

2018-11-27 15:56:28 - [TEST_STEP][PASSED] - Statement - counter = counter + 1: null

2018-11-27 15:56:28 - [TEST_STEP][PASSED] - Statement - PreSaveFile = new java.io.File(((pathPrefix + java.lang.Integer.toString(counter)) + .png)): null

2018-11-27 15:56:28 - [TEST_STEP][PASSED] - Statement - counter = counter + 1: null

2018-11-27 15:56:28 - [TEST_STEP][PASSED] - Statement - PreSaveFile = new java.io.File(((pathPrefix + java.lang.Integer.toString(counter)) + .png)): null

2018-11-27 15:56:28 - [TEST_STEP][PASSED] - Statement - counter = counter + 1: null

2018-11-27 15:56:28 - [TEST_STEP][PASSED] - Statement - PreSaveFile = new java.io.File(((pathPrefix + java.lang.Integer.toString(counter)) + .png)): null

2018-11-27 15:56:28 - [TEST_STEP][PASSED] - Statement - counter = counter + 1: null

2018-11-27 15:56:28 - [TEST_STEP][PASSED] - Statement - PreSaveFile = new java.io.File(((pathPrefix + java.lang.Integer.toString(counter)) + .png)): null

2018-11-27 15:56:28 - [TEST_STEP][PASSED] - Statement - counter = counter + 1: null

2018-11-27 15:56:28 - [TEST_STEP][PASSED] - Statement - PreSaveFile = new java.io.File(((pathPrefix + java.lang.Integer.toString(counter)) + .png)): null

2018-11-27 15:56:28 - [TEST_STEP][PASSED] - Statement - counter = counter + 1: null

2018-11-27 15:56:28 - [TEST_STEP][PASSED] - Statement - PreSaveFile = new java.io.File(((pathPrefix + java.lang.Integer.toString(counter)) + .png)): null

2018-11-27 15:56:28 - [TEST_STEP][PASSED] - Statement - counter = counter + 1: null

2018-11-27 15:56:28 - [TEST_STEP][PASSED] - Statement - PreSaveFile = new java.io.File(((pathPrefix + java.lang.Integer.toString(counter)) + .png)): null

2018-11-27 15:56:28 - [TEST_STEP][PASSED] - Statement - counter = counter + 1: null

2018-11-27 15:56:28 - [TEST_STEP][PASSED] - Statement - PreSaveFile = new java.io.File(((pathPrefix + java.lang.Integer.toString(counter)) + .png)): null

2018-11-27 15:56:28 - [TEST_STEP][PASSED] - Statement - counter = counter + 1: null

2018-11-27 15:56:28 - [TEST_STEP][PASSED] - Statement - PreSaveFile = new java.io.File(((pathPrefix + java.lang.Integer.toString(counter)) + .png)): null

2018-11-27 15:56:28 - [TEST_STEP][PASSED] - Statement - counter = counter + 1: null

2018-11-27 15:56:28 - [TEST_STEP][PASSED] - Statement - PreSaveFile = new java.io.File(((pathPrefix + java.lang.Integer.toString(counter)) + .png)): null

2018-11-27 15:56:28 - [TEST_STEP][PASSED] - Statement - counter = counter + 1: null

2018-11-27 15:56:28 - [TEST_STEP][PASSED] - Statement - PreSaveFile = new java.io.File(((pathPrefix + java.lang.Integer.toString(counter)) + .png)): null

2018-11-27 15:56:28 - [TEST_STEP][PASSED] - Statement - counter = counter + 1: null

2018-11-27 15:56:28 - [TEST_STEP][PASSED] - Statement - PreSaveFile = new java.io.File(((pathPrefix + java.lang.Integer.toString(counter)) + .png)): null

2018-11-27 15:56:28 - [TEST_STEP][PASSED] - Statement - counter = counter + 1: null

2018-11-27 15:56:28 - [TEST_STEP][PASSED] - Statement - PreSaveFile = new java.io.File(((pathPrefix + java.lang.Integer.toString(counter)) + .png)): null

2018-11-27 15:56:28 - [TEST_STEP][PASSED] - Statement - counter = counter + 1: null

2018-11-27 15:56:28 - [TEST_STEP][PASSED] - Statement - PreSaveFile = new java.io.File(((pathPrefix + java.lang.Integer.toString(counter)) + .png)): null

2018-11-27 15:56:28 - [TEST_STEP][PASSED] - Statement - counter = counter + 1: null

2018-11-27 15:56:28 - [TEST_STEP][PASSED] - Statement - PreSaveFile = new java.io.File(((pathPrefix + java.lang.Integer.toString(counter)) + .png)): null

2018-11-27 15:56:28 - [TEST_STEP][PASSED] - Statement - counter = counter + 1: null

2018-11-27 15:56:28 - [TEST_STEP][PASSED] - Statement - PreSaveFile = new java.io.File(((pathPrefix + java.lang.Integer.toString(counter)) + .png)): null

2018-11-27 15:56:28 - [TEST_STEP][PASSED] - Statement - counter = counter + 1: null

2018-11-27 15:56:28 - [TEST_STEP][PASSED] - Statement - PreSaveFile = new java.io.File(((pathPrefix + java.lang.Integer.toString(counter)) + .png)): null

2018-11-27 15:56:28 - [TEST_STEP][PASSED] - Statement - counter = counter + 1: null

2018-11-27 15:56:28 - [TEST_STEP][PASSED] - Statement - PreSaveFile = new java.io.File(((pathPrefix + java.lang.Integer.toString(counter)) + .png)): null

2018-11-27 15:56:28 - [TEST_STEP][PASSED] - Statement - counter = counter + 1: null

2018-11-27 15:56:28 - [TEST_STEP][PASSED] - Statement - PreSaveFile = new java.io.File(((pathPrefix + java.lang.Integer.toString(counter)) + .png)): null

2018-11-27 15:56:28 - [TEST_STEP][PASSED] - Statement - counter = counter + 1: null

2018-11-27 15:56:28 - [TEST_STEP][PASSED] - Statement - PreSaveFile = new java.io.File(((pathPrefix + java.lang.Integer.toString(counter)) + .png)): null

2018-11-27 15:56:28 - [TEST_STEP][PASSED] - Statement - counter = counter + 1: null

2018-11-27 15:56:28 - [TEST_STEP][PASSED] - Statement - PreSaveFile = new java.io.File(((pathPrefix + java.lang.Integer.toString(counter)) + .png)): null

2018-11-27 15:56:28 - [TEST_STEP][PASSED] - Statement - counter = counter + 1: null

2018-11-27 15:56:28 - [TEST_STEP][PASSED] - Statement - PreSaveFile = new java.io.File(((pathPrefix + java.lang.Integer.toString(counter)) + .png)): null

2018-11-27 15:56:28 - [TEST_STEP][PASSED] - Statement - counter = counter + 1: null

2018-11-27 15:56:28 - [TEST_STEP][PASSED] - Statement - PreSaveFile = new java.io.File(((pathPrefix + java.lang.Integer.toString(counter)) + .png)): null

2018-11-27 15:56:28 - [TEST_STEP][PASSED] - Statement - counter = counter + 1: null

2018-11-27 15:56:28 - [TEST_STEP][PASSED] - Statement - PreSaveFile = new java.io.File(((pathPrefix + java.lang.Integer.toString(counter)) + .png)): null

2018-11-27 15:56:28 - [TEST_STEP][PASSED] - Statement - counter = counter + 1: null

2018-11-27 15:56:28 - [TEST_STEP][PASSED] - Statement - PreSaveFile = new java.io.File(((pathPrefix + java.lang.Integer.toString(counter)) + .png)): null

2018-11-27 15:56:28 - [TEST_STEP][PASSED] - Statement - counter = counter + 1: null

2018-11-27 15:56:28 - [TEST_STEP][PASSED] - Statement - PreSaveFile = new java.io.File(((pathPrefix + java.lang.Integer.toString(counter)) + .png)): null

2018-11-27 15:56:28 - [TEST_STEP][PASSED] - Statement - counter = counter + 1: null

2018-11-27 15:56:28 - [TEST_STEP][PASSED] - Statement - PreSaveFile = new java.io.File(((pathPrefix + java.lang.Integer.toString(counter)) + .png)): null

2018-11-27 15:56:28 - [TEST_STEP][PASSED] - Statement - counter = counter + 1: null

2018-11-27 15:56:28 - [TEST_STEP][PASSED] - Statement - PreSaveFile = new java.io.File(((pathPrefix + java.lang.Integer.toString(counter)) + .png)): null

2018-11-27 15:56:28 - [TEST_STEP][PASSED] - Statement - counter = counter + 1: null

2018-11-27 15:56:28 - [TEST_STEP][PASSED] - Statement - PreSaveFile = new java.io.File(((pathPrefix + java.lang.Integer.toString(counter)) + .png)): null

2018-11-27 15:56:28 - [TEST_STEP][PASSED] - Statement - counter = counter + 1: null

2018-11-27 15:56:28 - [TEST_STEP][PASSED] - Statement - PreSaveFile = new java.io.File(((pathPrefix + java.lang.Integer.toString(counter)) + .png)): null

2018-11-27 15:56:28 - [TEST_STEP][PASSED] - Statement - counter = counter + 1: null

2018-11-27 15:56:28 - [TEST_STEP][PASSED] - Statement - PreSaveFile = new java.io.File(((pathPrefix + java.lang.Integer.toString(counter)) + .png)): null

2018-11-27 15:56:28 - [TEST_STEP][PASSED] - Statement - counter = counter + 1: null

2018-11-27 15:56:28 - [TEST_STEP][PASSED] - Statement - PreSaveFile = new java.io.File(((pathPrefix + java.lang.Integer.toString(counter)) + .png)): null

2018-11-27 15:56:28 - [TEST_STEP][PASSED] - Statement - counter = counter + 1: null

2018-11-27 15:56:28 - [TEST_STEP][PASSED] - Statement - PreSaveFile = new java.io.File(((pathPrefix + java.lang.Integer.toString(counter)) + .png)): null

2018-11-27 15:56:28 - [TEST_STEP][PASSED] - Statement - counter = counter + 1: null

2018-11-27 15:56:28 - [TEST_STEP][PASSED] - Statement - PreSaveFile = new java.io.File(((pathPrefix + java.lang.Integer.toString(counter)) + .png)): null

2018-11-27 15:56:28 - [TEST_STEP][PASSED] - Statement - counter = counter + 1: null

2018-11-27 15:56:28 - [TEST_STEP][PASSED] - Statement - PreSaveFile = new java.io.File(((pathPrefix + java.lang.Integer.toString(counter)) + .png)): null

2018-11-27 15:56:28 - [TEST_STEP][PASSED] - Statement - counter = counter + 1: null

2018-11-27 15:56:28 - [TEST_STEP][PASSED] - Statement - PreSaveFile = new java.io.File(((pathPrefix + java.lang.Integer.toString(counter)) + .png)): null

2018-11-27 15:56:28 - [TEST_STEP][PASSED] - Statement - counter = counter + 1: null

2018-11-27 15:56:28 - [TEST_STEP][PASSED] - Statement - PreSaveFile = new java.io.File(((pathPrefix + java.lang.Integer.toString(counter)) + .png)): null

2018-11-27 15:56:28 - [TEST_STEP][PASSED] - Statement - counter = counter + 1: null

2018-11-27 15:56:28 - [TEST_STEP][PASSED] - Statement - PreSaveFile = new java.io.File(((pathPrefix + java.lang.Integer.toString(counter)) + .png)): null

2018-11-27 15:56:28 - [TEST_STEP][PASSED] - Statement - counter = counter + 1: null

2018-11-27 15:56:28 - [TEST_STEP][PASSED] - Statement - PreSaveFile = new java.io.File(((pathPrefix + java.lang.Integer.toString(counter)) + .png)): null

2018-11-27 15:56:28 - [TEST_STEP][PASSED] - Statement - counter = counter + 1: null

2018-11-27 15:56:28 - [TEST_STEP][PASSED] - Statement - PreSaveFile = new java.io.File(((pathPrefix + java.lang.Integer.toString(counter)) + .png)): null

2018-11-27 15:56:28 - [TEST_STEP][PASSED] - Statement - counter = counter + 1: null

2018-11-27 15:56:28 - [TEST_STEP][PASSED] - Statement - PreSaveFile = new java.io.File(((pathPrefix + java.lang.Integer.toString(counter)) + .png)): null

2018-11-27 15:56:28 - [TEST_STEP][PASSED] - Statement - counter = counter + 1: null

2018-11-27 15:56:28 - [TEST_STEP][PASSED] - Statement - PreSaveFile = new java.io.File(((pathPrefix + java.lang.Integer.toString(counter)) + .png)): null

2018-11-27 15:56:28 - [TEST_STEP][PASSED] - Statement - counter = counter + 1: null

2018-11-27 15:56:28 - [TEST_STEP][PASSED] - Statement - PreSaveFile = new java.io.File(((pathPrefix + java.lang.Integer.toString(counter)) + .png)): null

2018-11-27 15:56:28 - [TEST_STEP][PASSED] - Statement - counter = counter + 1: null

2018-11-27 15:56:28 - [TEST_STEP][PASSED] - Statement - PreSaveFile = new java.io.File(((pathPrefix + java.lang.Integer.toString(counter)) + .png)): null

2018-11-27 15:56:28 - [TEST_STEP][PASSED] - Statement - counter = counter + 1: null

2018-11-27 15:56:28 - [TEST_STEP][PASSED] - Statement - PreSaveFile = new java.io.File(((pathPrefix + java.lang.Integer.toString(counter)) + .png)): null

2018-11-27 15:56:28 - [TEST_STEP][PASSED] - Statement - counter = counter + 1: null

2018-11-27 15:56:28 - [TEST_STEP][PASSED] - Statement - PreSaveFile = new java.io.File(((pathPrefix + java.lang.Integer.toString(counter)) + .png)): null

2018-11-27 15:56:28 - [TEST_STEP][PASSED] - Statement - counter = counter + 1: null

2018-11-27 15:56:28 - [TEST_STEP][PASSED] - Statement - PreSaveFile = new java.io.File(((pathPrefix + java.lang.Integer.toString(counter)) + .png)): null

2018-11-27 15:56:28 - [TEST_STEP][PASSED] - Statement - counter = counter + 1: null

2018-11-27 15:56:28 - [TEST_STEP][PASSED] - Statement - PreSaveFile = new java.io.File(((pathPrefix + java.lang.Integer.toString(counter)) + .png)): null

2018-11-27 15:56:28 - [TEST_STEP][PASSED] - Statement - counter = counter + 1: null

2018-11-27 15:56:28 - [TEST_STEP][PASSED] - Statement - PreSaveFile = new java.io.File(((pathPrefix + java.lang.Integer.toString(counter)) + .png)): null

2018-11-27 15:56:28 - [TEST_STEP][PASSED] - Statement - counter = counter + 1: null

2018-11-27 15:56:28 - [TEST_STEP][PASSED] - Statement - PreSaveFile = new java.io.File(((pathPrefix + java.lang.Integer.toString(counter)) + .png)): null

2018-11-27 15:56:28 - [TEST_STEP][PASSED] - Statement - counter = counter + 1: null

2018-11-27 15:56:28 - [TEST_STEP][PASSED] - Statement - PreSaveFile = new java.io.File(((pathPrefix + java.lang.Integer.toString(counter)) + .png)): null

2018-11-27 15:56:28 - [TEST_STEP][PASSED] - Statement - counter = counter + 1: null

2018-11-27 15:56:28 - [TEST_STEP][PASSED] - Statement - PreSaveFile = new java.io.File(((pathPrefix + java.lang.Integer.toString(counter)) + .png)): null

2018-11-27 15:56:28 - [TEST_STEP][PASSED] - Statement - counter = counter + 1: null

2018-11-27 15:56:28 - [TEST_STEP][PASSED] - Statement - PreSaveFile = new java.io.File(((pathPrefix + java.lang.Integer.toString(counter)) + .png)): null

2018-11-27 15:56:28 - [TEST_STEP][PASSED] - Statement - counter = counter + 1: null

2018-11-27 15:56:28 - [TEST_STEP][PASSED] - Statement - PreSaveFile = new java.io.File(((pathPrefix + java.lang.Integer.toString(counter)) + .png)): null

2018-11-27 15:56:28 - [TEST_STEP][PASSED] - Statement - counter = counter + 1: null

2018-11-27 15:56:28 - [TEST_STEP][PASSED] - Statement - PreSaveFile = new java.io.File(((pathPrefix + java.lang.Integer.toString(counter)) + .png)): null

2018-11-27 15:56:28 - [TEST_STEP][PASSED] - Statement - counter = counter + 1: null

2018-11-27 15:56:28 - [TEST_STEP][PASSED] - Statement - PreSaveFile = new java.io.File(((pathPrefix + java.lang.Integer.toString(counter)) + .png)): null

2018-11-27 15:56:28 - [TEST_STEP][PASSED] - Statement - counter = counter + 1: null

2018-11-27 15:56:28 - [TEST_STEP][PASSED] - Statement - PreSaveFile = new java.io.File(((pathPrefix + java.lang.Integer.toString(counter)) + .png)): null

2018-11-27 15:56:28 - [TEST_STEP][PASSED] - Statement - counter = counter + 1: null

2018-11-27 15:56:28 - [TEST_STEP][PASSED] - Statement - PreSaveFile = new java.io.File(((pathPrefix + java.lang.Integer.toString(counter)) + .png)): null

2018-11-27 15:56:28 - [TEST_STEP][PASSED] - Statement - counter = counter + 1: null

2018-11-27 15:56:28 - [TEST_STEP][PASSED] - Statement - PreSaveFile = new java.io.File(((pathPrefix + java.lang.Integer.toString(counter)) + .png)): null

2018-11-27 15:56:28 - [TEST_STEP][PASSED] - Statement - counter = counter + 1: null

2018-11-27 15:56:28 - [TEST_STEP][PASSED] - Statement - PreSaveFile = new java.io.File(((pathPrefix + java.lang.Integer.toString(counter)) + .png)): null

2018-11-27 15:56:28 - [TEST_STEP][PASSED] - Statement - counter = counter + 1: null

2018-11-27 15:56:28 - [TEST_STEP][PASSED] - Statement - PreSaveFile = new java.io.File(((pathPrefix + java.lang.Integer.toString(counter)) + .png)): null

2018-11-27 15:56:28 - [TEST_STEP][PASSED] - Statement - counter = counter + 1: null

2018-11-27 15:56:28 - [TEST_STEP][PASSED] - Statement - PreSaveFile = new java.io.File(((pathPrefix + java.lang.Integer.toString(counter)) + .png)): null

2018-11-27 15:56:28 - [TEST_STEP][PASSED] - Statement - counter = counter + 1: null

2018-11-27 15:56:28 - [TEST_STEP][PASSED] - Statement - PreSaveFile = new java.io.File(((pathPrefix + java.lang.Integer.toString(counter)) + .png)): null

2018-11-27 15:56:28 - [TEST_STEP][PASSED] - Statement - finalPath = pathPrefix + java.lang.Integer.toString(counter) + ".png": null

2018-11-27 15:56:28 - [TEST_STEP][PASSED] - Statement - SaveFile = new java.io.File(finalPath): null

2018-11-27 15:56:28 - [TEST_STEP][PASSED] - Statement - Try: null

2018-11-27 15:56:28 - [TEST_STEP][PASSED] - Statement - org.apache.commons.io.FileUtils.copyFile(scrFile, SaveFile): null

2018-11-27 15:56:28 - [TEST_STEP][PASSED] - Statement - out.println("file kept"): null

2018-11-27 15:56:28 - [TEST_STEP][PASSED] - delay: Delayed 10 second(s)

2018-11-27 15:56:38 - [MESSAGE][PASSED] - Delayed 10 second(s)

2018-11-27 15:56:38 - [MESSAGE][PASSED] - Call Test Case 'Test Cases/Final Aug 2018 - PKS Automation/Registration Module/New Registration/Submit and Screenshot/Submit Registration and Screenshot - Copy' successfully

2018-11-27 15:56:38 - [TEST_STEP][PASSED] - Statement - UpdateAddNewECode = com.kms.katalon.core.webui.keyword.WebUiBuiltInKeywords.getText(com.kms.katalon.core.testobject.ObjectRepository.findTestObject(Object Repository/Final Object Repo/Page_Update Add New Employee - ASSIST/getEmpCode)): Text of object 'Object Repository/Final Object Repo/Page_Update Add New Employee - ASSIST/getEmpCode' is: 'E1102070503V'

2018-11-27 15:56:38 - [MESSAGE][PASSED] - Text of object 'Object Repository/Final Object Repo/Page_Update Add New Employee - ASSIST/getEmpCode' is: 'E1102070503V'

2018-11-27 15:56:38 - [TEST_STEP][PASSED] - callTestCase: Call Test Case 'Test Cases/Final Aug 2018 - PKS Automation/Common/Emp Code Setter' successfully

2018-11-27 15:56:38 - [TEST_CASE][PASSED] - Test Cases/Final Aug 2018 - PKS Automation/Common/Emp Code Setter: Test Cases/Final Aug 2018 - PKS Automation/Common/Emp Code Setter

2018-11-27 15:56:39 - [TEST_STEP][PASSED] - Statement - EmpCodeOld = new java.io.File(C://Users//Admin//Desktop//PKS//Automation Reference Point//EmpCode.txt): null

2018-11-27 15:56:39 - [TEST_STEP][PASSED] - Statement - EmpCodeOld.delete(): null

2018-11-27 15:56:39 - [TEST_STEP][PASSED] - Statement - EmpCode = new java.io.File(C://Users//Admin//Desktop//PKS//Automation Reference Point//EmpCode.txt): null

2018-11-27 15:56:39 - [TEST_STEP][PASSED] - Statement - EmpCode.append(UpdateAddNewECode): null

2018-11-27 15:56:39 - [TEST_STEP][PASSED] - Statement - out.println("


" + UpdateAddNewECode + "


"): null

2018-11-27 15:56:39 - [MESSAGE][PASSED] - Call Test Case 'Test Cases/Final Aug 2018 - PKS Automation/Common/Emp Code Setter' successfully

2018-11-27 15:56:39 - [MESSAGE][PASSED] - Call Test Case 'Test Cases/Final Aug 2018 - PKS Automation/Registration Module/Workflow/Update Add New Employee/Template/New Company for Update Add New - Employer' successfully

2018-11-27 15:56:39 - [TEST_STEP][PASSED] - callTestCase: Call Test Case 'Test Cases/Final Aug 2018 - PKS Automation/Registration Module/Log Out/log out avoiding katalon tagging' successfully

2018-11-27 15:56:39 - [TEST_CASE][PASSED] - Test Cases/Final Aug 2018 - PKS Automation/Registration Module/Log Out/log out avoiding katalon tagging: Test Cases/Final Aug 2018 - PKS Automation/Registration Module/Log Out/log out avoiding katalon tagging

2018-11-27 15:56:39 - [TEST_STEP][PASSED] - navigateToUrl: Navigate to 'https://assist2-uat.perkeso.gov.my/c/portal/logout' successfully

2018-11-27 15:56:40 - [MESSAGE][PASSED] - Navigate to 'https://assist2-uat.perkeso.gov.my/c/portal/logout' successfully

2018-11-27 15:56:40 - [MESSAGE][PASSED] - Call Test Case 'Test Cases/Final Aug 2018 - PKS Automation/Registration Module/Log Out/log out avoiding katalon tagging' successfully

2018-11-27 15:56:40 - [TEST_STEP][PASSED] - callTestCase: Call Test Case 'Test Cases/Final Aug 2018 - PKS Automation/Registration Module/New Registration/Form 2/Date Updater' successfully

2018-11-27 15:56:40 - [TEST_CASE][PASSED] - Test Cases/Final Aug 2018 - PKS Automation/Registration Module/New Registration/Form 2/Date Updater: Test Cases/Final Aug 2018 - PKS Automation/Registration Module/New Registration/Form 2/Date Updater

2018-11-27 15:56:40 - [TEST_STEP][PASSED] - Statement - TodayDate = new java.util.Date(): null

2018-11-27 15:56:40 - [TEST_STEP][PASSED] - Statement - CurrentDateNoFilter = new java.text.SimpleDateFormat(): null

2018-11-27 15:56:40 - [TEST_STEP][PASSED] - Statement - CurrentDateNoFilter.applyPattern("dd"): null

2018-11-27 15:56:40 - [TEST_STEP][PASSED] - Statement - CurrentDate = CurrentDateNoFilter.format(TodayDate): null

2018-11-27 15:56:40 - [TEST_STEP][PASSED] - Statement - CurrentDate = java.lang.Integer.parseInt(CurrentDate): null

2018-11-27 15:56:40 - [TEST_STEP][PASSED] - Statement - CurrentDate = CurrentDate: null

2018-11-27 15:56:40 - [TEST_STEP][PASSED] - Statement - CurrentDay = java.lang.Integer.parseInt(CurrentDate): null

2018-11-27 15:56:40 - [TEST_STEP][PASSED] - Statement - aDayBefore = CurrentDay + 1: null

2018-11-27 15:56:40 - [TEST_STEP][PASSED] - Statement - DayBefore = aDayBefore.toString(): null

2018-11-27 15:56:40 - [TEST_STEP][PASSED] - Statement - OneDayBefore = DayBefore: null

2018-11-27 15:56:40 - [TEST_STEP][PASSED] - Statement - CurrentDateNoFilter.applyPattern("MM"): null

2018-11-27 15:56:40 - [TEST_STEP][PASSED] - Statement - monthContainerMatcher = java.lang.Integer.parseInt(CurrentDateNoFilter.format(TodayDate)): null

2018-11-27 15:56:40 - [TEST_STEP][PASSED] - Statement - monthContainerMatcher = monthContainerMatcher - 1: null

2018-11-27 15:56:40 - [TEST_STEP][PASSED] - Statement - CurrentMonth = monthContainerMatcher.toString(): null

2018-11-27 15:56:40 - [TEST_STEP][PASSED] - Statement - CurrentMonth = CurrentMonth: null

2018-11-27 15:56:40 - [TEST_STEP][PASSED] - Statement - CurrentDateNoFilter.applyPattern("yyyy"): null

2018-11-27 15:56:40 - [TEST_STEP][PASSED] - Statement - CurrentYear = CurrentDateNoFilter.format(TodayDate): null

2018-11-27 15:56:40 - [TEST_STEP][PASSED] - Statement - CurrentYear = CurrentYear: null

2018-11-27 15:56:40 - [TEST_STEP][PASSED] - Statement - intCurrentYear = java.lang.Integer.parseInt(CurrentDateNoFilter.format(TodayDate)): null

2018-11-27 15:56:40 - [TEST_STEP][PASSED] - Statement - eighteenYrsAgo = intCurrentYear - 18: null

2018-11-27 15:56:40 - [TEST_STEP][PASSED] - Statement - eighteenYrsBeforeThisYr = eighteenYrsAgo.toString(): null

2018-11-27 15:56:40 - [TEST_STEP][PASSED] - Statement - EighteenYrsBefore = eighteenYrsBeforeThisYr: null

2018-11-27 15:56:40 - [TEST_STEP][PASSED] - Statement - fiftysevenYrsAgo = intCurrentYear - 57: null

2018-11-27 15:56:40 - [TEST_STEP][PASSED] - Statement - fiftysevenYrsBeforeThisYr = fiftysevenYrsAgo.toString(): null

2018-11-27 15:56:40 - [TEST_STEP][PASSED] - Statement - FiftysevenYrsBefore = fiftysevenYrsBeforeThisYr: null

2018-11-27 15:56:40 - [MESSAGE][PASSED] - Call Test Case 'Test Cases/Final Aug 2018 - PKS Automation/Registration Module/New Registration/Form 2/Date Updater' successfully

2018-11-27 15:56:40 - [TEST_STEP][PASSED] - delay: Delayed 2 second(s)

2018-11-27 15:56:42 - [MESSAGE][PASSED] - Delayed 2 second(s)

2018-11-27 15:56:42 - [TEST_STEP][PASSED] - callTestCase: Call Test Case 'Test Cases/Final Aug 2018 - PKS Automation/Create Employer Acc/Login to Employer Account (Second time)' successfully

2018-11-27 15:56:42 - [TEST_CASE][PASSED] - Test Cases/Final Aug 2018 - PKS Automation/Create Employer Acc/Login to Employer Account (Second time): Test Cases/Final Aug 2018 - PKS Automation/Create Employer Acc/Login to Employer Account (Second time)

2018-11-27 15:56:42 - [TEST_STEP][PASSED] - openBrowser: Browser is opened with url: ''

2018-11-27 15:56:42 - [MESSAGE][WARNING] - A browser is already opened. Closing browser and opening a new one

2018-11-27 15:56:46 - [MESSAGE][PASSED] - Browser is opened with url: ''

2018-11-27 15:56:46 - [TEST_STEP][PASSED] - navigateToUrl: Navigate to 'https://assist2-uat.perkeso.gov.my/employer/login' successfully

2018-11-27 15:56:47 - [MESSAGE][PASSED] - Navigate to 'https://assist2-uat.perkeso.gov.my/employer/login' successfully

2018-11-27 15:56:47 - [TEST_STEP][PASSED] - delay: Delayed 3 second(s)

2018-11-27 15:56:50 - [MESSAGE][PASSED] - Delayed 3 second(s)

2018-11-27 15:56:50 - [TEST_STEP][PASSED] - callTestCase: Call Test Case 'Test Cases/Final Aug 2018 - PKS Automation/Create Employer Acc/Template/Employer Email Getter' successfully

2018-11-27 15:56:50 - [TEST_CASE][PASSED] - Test Cases/Final Aug 2018 - PKS Automation/Create Employer Acc/Template/Employer Email Getter: Test Cases/Final Aug 2018 - PKS Automation/Create Employer Acc/Template/Employer Email Getter

2018-11-27 15:56:50 - [TEST_STEP][PASSED] - Statement - Try: null

2018-11-27 15:56:50 - [TEST_STEP][PASSED] - Statement - EmpEmail = new java.io.File(C://Users//Admin//Desktop//PKS//Automation Reference Point//EmpEmail.txt): null

2018-11-27 15:56:50 - [TEST_STEP][PASSED] - Statement - bufferread = new java.io.BufferedReader(new java.io.FileReader(EmpEmail)): null

2018-11-27 15:56:50 - [TEST_STEP][PASSED] - Statement - readedVal = bufferread.readLine(): null

2018-11-27 15:56:50 - [TEST_STEP][PASSED] - Statement - out.println(readedVal): null

2018-11-27 15:56:50 - [TEST_STEP][PASSED] - Statement - Email = readedVal: null

2018-11-27 15:56:50 - [MESSAGE][PASSED] - Call Test Case 'Test Cases/Final Aug 2018 - PKS Automation/Create Employer Acc/Template/Employer Email Getter' successfully

2018-11-27 15:56:50 - [TEST_STEP][PASSED] - setText: Text 'perkeso362989457246@gmail.com' is set on object 'Object Repository/Final Object Repo/Login Page/External Login Page/Email'

2018-11-27 15:56:51 - [MESSAGE][PASSED] - Text 'perkeso362989457246@gmail.com' is set on object 'Object Repository/Final Object Repo/Login Page/External Login Page/Email'

2018-11-27 15:56:51 - [TEST_STEP][PASSED] - click: Object: 'Object Repository/Final Object Repo/Login Page/External Login Page/Next' is clicked on

2018-11-27 15:56:51 - [MESSAGE][PASSED] - Object: 'Object Repository/Final Object Repo/Login Page/External Login Page/Next' is clicked on

2018-11-27 15:56:51 - [TEST_STEP][PASSED] - delay: Delayed 3 second(s)

2018-11-27 15:56:54 - [MESSAGE][PASSED] - Delayed 3 second(s)

2018-11-27 15:56:54 - [TEST_STEP][PASSED] - setEncryptedText: Text ****** has been set on object 'Object Repository/Final Object Repo/Login Page/External Login Page/Password'

2018-11-27 15:56:54 - [MESSAGE][PASSED] - Text ****** has been set on object 'Object Repository/Final Object Repo/Login Page/External Login Page/Password'

2018-11-27 15:56:54 - [TEST_STEP][PASSED] - click: Object: 'Object Repository/Final Object Repo/Login Page/External Login Page/Login' is clicked on

2018-11-27 15:56:54 - [MESSAGE][PASSED] - Object: 'Object Repository/Final Object Repo/Login Page/External Login Page/Login' is clicked on

2018-11-27 15:56:54 - [TEST_STEP][PASSED] - delay: Delayed 5 second(s)

2018-11-27 15:56:59 - [MESSAGE][PASSED] - Delayed 5 second(s)

2018-11-27 15:56:59 - [MESSAGE][PASSED] - Call Test Case 'Test Cases/Final Aug 2018 - PKS Automation/Create Employer Acc/Login to Employer Account (Second time)' successfully

2018-11-27 15:56:59 - [TEST_STEP][PASSED] - delay: Delayed 4 second(s)

2018-11-27 15:57:03 - [MESSAGE][PASSED] - Delayed 4 second(s)

2018-11-27 15:57:03 - [TEST_STEP][PASSED] - Statement - Try: Delayed 2 second(s)

2018-11-27 15:57:03 - [TEST_STEP][PASSED] - Statement - Checker = false: null

2018-11-27 15:57:03 - [TEST_STEP][PASSED] - Statement - Checker = com.kms.katalon.core.webui.keyword.WebUiBuiltInKeywords.verifyElementHasAttribute(com.kms.katalon.core.testobject.ObjectRepository.findTestObject(Final Object Repo/Landing Page/BM Detecting), "href", 20, OPTIONAL): Object 'Object Repository/Final Object Repo/Landing Page/BM Detecting' has attribute 'href'

2018-11-27 15:57:03 - [MESSAGE][PASSED] - Object 'Object Repository/Final Object Repo/Landing Page/BM Detecting' has attribute 'href'

2018-11-27 15:57:03 - [TEST_STEP][PASSED] - Statement - out.println(Checker): null

2018-11-27 15:57:03 - [TEST_STEP][PASSED] - Statement - If (Checker == false): null

2018-11-27 15:57:03 - [TEST_STEP][PASSED] - Statement - Else: null

2018-11-27 15:57:03 - [TEST_STEP][PASSED] - delay: Delayed 2 second(s)

2018-11-27 15:57:05 - [MESSAGE][PASSED] - Delayed 2 second(s)

2018-11-27 15:57:05 - [TEST_STEP][PASSED] - delay: Delayed 4 second(s)

2018-11-27 15:57:09 - [MESSAGE][PASSED] - Delayed 4 second(s)

2018-11-27 15:57:09 - [TEST_STEP][PASSED] - click: Object: 'Object Repository/Final Object Repo/Page_Update Add New Employee - ASSIST/My Sites Drop Down' is clicked on

2018-11-27 15:57:10 - [MESSAGE][PASSED] - Object: 'Object Repository/Final Object Repo/Page_Update Add New Employee - ASSIST/My Sites Drop Down' is clicked on

2018-11-27 15:57:10 - [TEST_STEP][PASSED] - click: Object: 'Object Repository/Final Object Repo/Page_Update Add New Employee - ASSIST/Select to Registration Module' is clicked on

2018-11-27 15:57:14 - [MESSAGE][PASSED] - Object: 'Object Repository/Final Object Repo/Page_Update Add New Employee - ASSIST/Select to Registration Module' is clicked on

2018-11-27 15:57:14 - [TEST_STEP][NOT_RUN] - navigateToUrl: NOT_RUN: navigateToUrl

2018-11-27 15:57:14 - [MESSAGE][NOT_RUN] - NOT_RUN: navigateToUrl

2018-11-27 15:57:14 - [TEST_STEP][PASSED] - mouseOver: Object: 'Object Repository/Final Object Repo/Page_Update Add New Employee - ASSIST/Select to Update Akta 4 Tab' is hovered

2018-11-27 15:57:14 - [MESSAGE][PASSED] - Object: 'Object Repository/Final Object Repo/Page_Update Add New Employee - ASSIST/Select to Update Akta 4 Tab' is hovered

2018-11-27 15:57:14 - [TEST_STEP][PASSED] - delay: Delayed 2 second(s)

2018-11-27 15:57:16 - [MESSAGE][PASSED] - Delayed 2 second(s)

2018-11-27 15:57:16 - [TEST_STEP][PASSED] - click: Object: 'Object Repository/Final Object Repo/Page_Update Add New Employee - ASSIST/Select to Update Add New Employee' is clicked on

2018-11-27 15:57:17 - [MESSAGE][PASSED] - Object: 'Object Repository/Final Object Repo/Page_Update Add New Employee - ASSIST/Select to Update Add New Employee' is clicked on

2018-11-27 15:57:17 - [TEST_STEP][PASSED] - delay: Delayed 2 second(s)

2018-11-27 15:57:19 - [MESSAGE][PASSED] - Delayed 2 second(s)

2018-11-27 15:57:19 - [TEST_STEP][PASSED] - setText: Text 'E1102070503V' is set on object 'Object Repository/Final Object Repo/Page_Update Add New Employee - ASSIST/Employer Code input textbox'

2018-11-27 15:57:19 - [MESSAGE][PASSED] - Text 'E1102070503V' is set on object 'Object Repository/Final Object Repo/Page_Update Add New Employee - ASSIST/Employer Code input textbox'

2018-11-27 15:57:19 - [TEST_STEP][PASSED] - delay: Delayed 2 second(s)

2018-11-27 15:57:21 - [MESSAGE][PASSED] - Delayed 2 second(s)

2018-11-27 15:57:21 - [TEST_STEP][PASSED] - click: Object: 'Object Repository/Final Object Repo/Page_Update Add New Employee - ASSIST/Search Button for Employer Code' is clicked on

2018-11-27 15:57:21 - [MESSAGE][PASSED] - Object: 'Object Repository/Final Object Repo/Page_Update Add New Employee - ASSIST/Search Button for Employer Code' is clicked on

2018-11-27 15:57:21 - [TEST_STEP][PASSED] - delay: Delayed 4 second(s)

2018-11-27 15:57:25 - [MESSAGE][PASSED] - Delayed 4 second(s)

2018-11-27 15:57:25 - [TEST_STEP][PASSED] - click: Object: 'Object Repository/Final Object Repo/Page_Update Add New Employee - ASSIST/Click to Edit Case' is clicked on

2018-11-27 15:57:28 - [MESSAGE][PASSED] - Object: 'Object Repository/Final Object Repo/Page_Update Add New Employee - ASSIST/Click to Edit Case' is clicked on

2018-11-27 15:57:28 - [TEST_STEP][PASSED] - callTestCase: Call Test Case 'Test Cases/Final Aug 2018 - PKS Automation/Registration Module/Workflow/Update Add New Employee/Template/Employee Adding/Employee Adding Action liability date change - Employer Access' successfully

2018-11-27 15:57:28 - [TEST_CASE][PASSED] - Test Cases/Final Aug 2018 - PKS Automation/Registration Module/Workflow/Update Add New Employee/Template/Employee Adding/Employee Adding Action liability date change - Employer Access: Test Cases/Final Aug 2018 - PKS Automation/Registration Module/Workflow/Update Add New Employee/Template/Employee Adding/Employee Adding Action liability date change - Employer Access

2018-11-27 15:57:28 - [TEST_STEP][PASSED] - delay: Delayed 4 second(s)

2018-11-27 15:57:32 - [MESSAGE][PASSED] - Delayed 4 second(s)

2018-11-27 15:57:32 - [TEST_STEP][PASSED] - click: Object: 'Object Repository/Final Object Repo/Page_Update Add New Employee - ASSIST/Add Employee Button' is clicked on

2018-11-27 15:57:32 - [MESSAGE][PASSED] - Object: 'Object Repository/Final Object Repo/Page_Update Add New Employee - ASSIST/Add Employee Button' is clicked on

2018-11-27 15:57:32 - [TEST_STEP][PASSED] - delay: Delayed 3 second(s)

2018-11-27 15:57:35 - [MESSAGE][PASSED] - Delayed 3 second(s)

2018-11-27 15:57:35 - [TEST_STEP][PASSED] - setText: Text '830081009219' is set on object 'Object Repository/Final Object Repo/Page_Update Add New Employee - ASSIST/NRIC Input'

2018-11-27 15:57:35 - [MESSAGE][PASSED] - Text '830081009219' is set on object 'Object Repository/Final Object Repo/Page_Update Add New Employee - ASSIST/NRIC Input'

2018-11-27 15:57:35 - [TEST_STEP][PASSED] - delay: Delayed 2 second(s)

2018-11-27 15:57:37 - [MESSAGE][PASSED] - Delayed 2 second(s)

2018-11-27 15:57:37 - [TEST_STEP][PASSED] - setText: Text 'Automate002 Employee eligible 1' is set on object 'Object Repository/Final Object Repo/Page_Update Add New Employee - ASSIST/Employee Name Input'

2018-11-27 15:57:38 - [MESSAGE][PASSED] - Text 'Automate002 Employee eligible 1' is set on object 'Object Repository/Final Object Repo/Page_Update Add New Employee - ASSIST/Employee Name Input'

2018-11-27 15:57:38 - [TEST_STEP][PASSED] - delay: Delayed 2 second(s)

2018-11-27 15:57:40 - [MESSAGE][PASSED] - Delayed 2 second(s)

2018-11-27 15:57:40 - [TEST_STEP][PASSED] - click: Object: 'Object Repository/Final Object Repo/Page_Update Add New Employee - ASSIST/DatePicker Pop Up' is clicked on

2018-11-27 15:57:40 - [MESSAGE][PASSED] - Object: 'Object Repository/Final Object Repo/Page_Update Add New Employee - ASSIST/DatePicker Pop Up' is clicked on

2018-11-27 15:57:40 - [TEST_STEP][PASSED] - click: Object: 'Object Repository/Final Object Repo/Page_Update Add New Employee - ASSIST/DOB Month' is clicked on

2018-11-27 15:57:40 - [MESSAGE][PASSED] - Object: 'Object Repository/Final Object Repo/Page_Update Add New Employee - ASSIST/DOB Month' is clicked on

2018-11-27 15:57:40 - [TEST_STEP][PASSED] - Statement - CurrentMonth = CurrentMonth: null

2018-11-27 15:57:40 - [TEST_STEP][PASSED] - Statement - selectMonth = new com.kms.katalon.core.testobject.TestObject(): null

2018-11-27 15:57:40 - [TEST_STEP][PASSED] - Statement - selectMonth.addProperty("xpath", EQUALS, "//body/div/div/div/select/option[@value='" + CurrentMonth + "']", true): null

2018-11-27 15:57:40 - [TEST_STEP][PASSED] - click: Object: '' is clicked on

2018-11-27 15:57:40 - [MESSAGE][PASSED] - Object: '' is clicked on

2018-11-27 15:57:40 - [TEST_STEP][PASSED] - click: Object: 'Object Repository/Final Object Repo/Page_Update Add New Employee - ASSIST/DOB Year' is clicked on

2018-11-27 15:57:41 - [MESSAGE][PASSED] - Object: 'Object Repository/Final Object Repo/Page_Update Add New Employee - ASSIST/DOB Year' is clicked on

2018-11-27 15:57:41 - [TEST_STEP][PASSED] - Statement - Eyearsbf = EighteenYrsBefore: null

2018-11-27 15:57:41 - [TEST_STEP][PASSED] - Statement - selectYear = new com.kms.katalon.core.testobject.TestObject(): null

2018-11-27 15:57:41 - [TEST_STEP][PASSED] - Statement - selectYear.addProperty("xpath", EQUALS, "//div/div/div/select/option[@value='" + Eyearsbf + "']", true): null

2018-11-27 15:57:41 - [TEST_STEP][PASSED] - click: Object: '' is clicked on

2018-11-27 15:57:41 - [MESSAGE][PASSED] - Object: '' is clicked on

2018-11-27 15:57:41 - [TEST_STEP][PASSED] - Statement - UpdatedSelectDate = com.kms.katalon.core.webui.keyword.WebUiBuiltInKeywords.modifyObjectProperty(com.kms.katalon.core.testobject.ObjectRepository.findTestObject(Final Object Repo/Page_Update Add New Employee - ASSIST/DOB Date), "xpath", "equals", "//body/div/table/tbody/tr/td/a[text()="" + CurrentDate + ""]", true): Modify property of object successfully

2018-11-27 15:57:41 - [MESSAGE][PASSED] - Modify property of object successfully

2018-11-27 15:57:41 - [TEST_STEP][PASSED] - delay: Delayed 3 second(s)

2018-11-27 15:57:44 - [MESSAGE][PASSED] - Delayed 3 second(s)

2018-11-27 15:57:44 - [TEST_STEP][PASSED] - click: Object: 'Object Repository/Final Object Repo/Page_Update Add New Employee - ASSIST/DOB Date' is clicked on

2018-11-27 15:57:44 - [MESSAGE][PASSED] - Object: 'Object Repository/Final Object Repo/Page_Update Add New Employee - ASSIST/DOB Date' is clicked on

2018-11-27 15:57:44 - [TEST_STEP][PASSED] - delay: Delayed 2 second(s)

2018-11-27 15:57:46 - [MESSAGE][PASSED] - Delayed 2 second(s)

2018-11-27 15:57:46 - [TEST_STEP][PASSED] - click: Object: 'Object Repository/Final Object Repo/Page_Update Add New Employee - ASSIST/EmploymentStartDate Pop Up' is clicked on

2018-11-27 15:57:46 - [MESSAGE][PASSED] - Object: 'Object Repository/Final Object Repo/Page_Update Add New Employee - ASSIST/EmploymentStartDate Pop Up' is clicked on

2018-11-27 15:57:46 - [TEST_STEP][PASSED] - delay: Delayed 2 second(s)

2018-11-27 15:57:48 - [MESSAGE][PASSED] - Delayed 2 second(s)

2018-11-27 15:57:48 - [TEST_STEP][PASSED] - click: Object: 'Object Repository/Final Object Repo/Page_Update Add New Employee - ASSIST/Socso Employment StartDate Month' is clicked on

2018-11-27 15:57:48 - [MESSAGE][PASSED] - Object: 'Object Repository/Final Object Repo/Page_Update Add New Employee - ASSIST/Socso Employment StartDate Month' is clicked on

2018-11-27 15:57:48 - [TEST_STEP][PASSED] - delay: Delayed 1 second(s)

2018-11-27 15:57:49 - [MESSAGE][PASSED] - Delayed 1 second(s)

2018-11-27 15:57:49 - [TEST_STEP][PASSED] - click: Object: 'Object Repository/Final Object Repo/Page_Update Add New Employee - ASSIST/Select Socso Employement Startdate Month' is clicked on

2018-11-27 15:57:49 - [MESSAGE][PASSED] - Object: 'Object Repository/Final Object Repo/Page_Update Add New Employee - ASSIST/Select Socso Employement Startdate Month' is clicked on

2018-11-27 15:57:49 - [TEST_STEP][PASSED] - delay: Delayed 2 second(s)

2018-11-27 15:57:51 - [MESSAGE][PASSED] - Delayed 2 second(s)

2018-11-27 15:57:51 - [TEST_STEP][PASSED] - click: Object: 'Object Repository/Final Object Repo/Page_Update Add New Employee - ASSIST/Socso Employment StartDate Year' is clicked on

2018-11-27 15:57:52 - [MESSAGE][PASSED] - Object: 'Object Repository/Final Object Repo/Page_Update Add New Employee - ASSIST/Socso Employment StartDate Year' is clicked on

2018-11-27 15:57:52 - [TEST_STEP][PASSED] - delay: Delayed 1 second(s)

2018-11-27 15:57:53 - [MESSAGE][PASSED] - Delayed 1 second(s)

2018-11-27 15:57:53 - [TEST_STEP][PASSED] - click: Object: 'Object Repository/Final Object Repo/Page_Update Add New Employee - ASSIST/Select Socso Employment Startdate Year - Emp Update Add New' is clicked on

2018-11-27 15:57:53 - [MESSAGE][PASSED] - Object: 'Object Repository/Final Object Repo/Page_Update Add New Employee - ASSIST/Select Socso Employment Startdate Year - Emp Update Add New' is clicked on

2018-11-27 15:57:53 - [TEST_STEP][PASSED] - delay: Delayed 2 second(s)

2018-11-27 15:57:55 - [MESSAGE][PASSED] - Delayed 2 second(s)

2018-11-27 15:57:55 - [TEST_STEP][PASSED] - click: Object: 'Object Repository/Final Object Repo/Page_Update Add New Employee - ASSIST/Socso Employment Start Date Day' is clicked on

2018-11-27 15:57:55 - [MESSAGE][PASSED] - Object: 'Object Repository/Final Object Repo/Page_Update Add New Employee - ASSIST/Socso Employment Start Date Day' is clicked on

2018-11-27 15:57:55 - [TEST_STEP][PASSED] - delay: Delayed 2 second(s)

2018-11-27 15:57:57 - [MESSAGE][PASSED] - Delayed 2 second(s)

2018-11-27 15:57:57 - [TEST_STEP][PASSED] - click: Object: 'Object Repository/Final Object Repo/Page_Update Add New Employee - ASSIST/Save Button for Add Employee' is clicked on

2018-11-27 15:57:57 - [MESSAGE][PASSED] - Object: 'Object Repository/Final Object Repo/Page_Update Add New Employee - ASSIST/Save Button for Add Employee' is clicked on

2018-11-27 15:57:57 - [MESSAGE][PASSED] - Call Test Case 'Test Cases/Final Aug 2018 - PKS Automation/Registration Module/Workflow/Update Add New Employee/Template/Employee Adding/Employee Adding Action liability date change - Employer Access' successfully

2018-11-27 15:57:57 - [TEST_STEP][PASSED] - delay: Delayed 4 second(s)

2018-11-27 15:58:01 - [MESSAGE][PASSED] - Delayed 4 second(s)

2018-11-27 15:58:01 - [TEST_STEP][PASSED] - Statement - CaseReferenceNo = com.kms.katalon.core.webui.keyword.WebUiBuiltInKeywords.getText(com.kms.katalon.core.testobject.ObjectRepository.findTestObject(Final Object Repo/Page_Update Add New Employee - ASSIST/RefNo)): Text of object 'Object Repository/Final Object Repo/Page_Update Add New Employee - ASSIST/RefNo' is: 'CAN11201800002199'

2018-11-27 15:58:01 - [MESSAGE][PASSED] - Text of object 'Object Repository/Final Object Repo/Page_Update Add New Employee - ASSIST/RefNo' is: 'CAN11201800002199'

2018-11-27 15:58:01 - [TEST_STEP][PASSED] - callTestCase: Call Test Case 'Test Cases/Final Aug 2018 - PKS Automation/Common/Reference Number Setter' successfully

2018-11-27 15:58:01 - [TEST_CASE][PASSED] - Test Cases/Final Aug 2018 - PKS Automation/Common/Reference Number Setter: Test Cases/Final Aug 2018 - PKS Automation/Common/Reference Number Setter

2018-11-27 15:58:01 - [TEST_STEP][PASSED] - Statement - RefNoOldFile = new java.io.File(C://Users//Admin//Desktop//PKS//Automation Reference Point//KatalonReference.txt): null

2018-11-27 15:58:01 - [TEST_STEP][PASSED] - Statement - RefNoOldFile.delete(): null

2018-11-27 15:58:01 - [TEST_STEP][PASSED] - delay: Delayed 5 second(s)

2018-11-27 15:58:06 - [MESSAGE][PASSED] - Delayed 5 second(s)

2018-11-27 15:58:06 - [TEST_STEP][PASSED] - Statement - RefNo = new java.io.File(C://Users//Admin//Desktop//PKS//Automation Reference Point//KatalonReference.txt): null

2018-11-27 15:58:06 - [TEST_STEP][PASSED] - Statement - f2 = new java.io.FileWriter(RefNo, false): null

2018-11-27 15:58:06 - [TEST_STEP][PASSED] - Statement - f2.write(CaseReferenceNo): null

2018-11-27 15:58:06 - [TEST_STEP][PASSED] - Statement - f2.close(): null

2018-11-27 15:58:06 - [TEST_STEP][PASSED] - Statement - out.println("


" + CaseReferenceNo + "


"): null

2018-11-27 15:58:06 - [MESSAGE][PASSED] - Call Test Case 'Test Cases/Final Aug 2018 - PKS Automation/Common/Reference Number Setter' successfully

2018-11-27 15:58:06 - [TEST_STEP][PASSED] - delay: Delayed 5 second(s)

2018-11-27 15:58:11 - [MESSAGE][PASSED] - Delayed 5 second(s)

2018-11-27 15:58:11 - [TEST_STEP][PASSED] - click: Object: 'Object Repository/Final Object Repo/Page_Update Add New Employee - ASSIST/Save  Continue Button' is clicked on

2018-11-27 15:58:12 - [MESSAGE][PASSED] - Object: 'Object Repository/Final Object Repo/Page_Update Add New Employee - ASSIST/Save  Continue Button' is clicked on

2018-11-27 15:58:12 - [TEST_STEP][PASSED] - delay: Delayed 4 second(s)

2018-11-27 15:58:16 - [MESSAGE][PASSED] - Delayed 4 second(s)

2018-11-27 15:58:16 - [TEST_STEP][PASSED] - callTestCase: Call Test Case 'Test Cases/Final Aug 2018 - PKS Automation/Common/Reference Number Getter' successfully

2018-11-27 15:58:16 - [TEST_CASE][PASSED] - Test Cases/Final Aug 2018 - PKS Automation/Common/Reference Number Getter: Test Cases/Final Aug 2018 - PKS Automation/Common/Reference Number Getter

2018-11-27 15:58:16 - [TEST_STEP][PASSED] - Statement - Try: null

2018-11-27 15:58:16 - [TEST_STEP][PASSED] - Statement - RefNo = new java.io.File(C://Users//Admin//Desktop//PKS//Automation Reference Point//KatalonReference.txt): null

2018-11-27 15:58:16 - [TEST_STEP][PASSED] - Statement - bufferread = new java.io.BufferedReader(new java.io.FileReader(RefNo)): null

2018-11-27 15:58:16 - [TEST_STEP][PASSED] - Statement - readedVal = bufferread.readLine(): null

2018-11-27 15:58:16 - [TEST_STEP][PASSED] - Statement - out.println(CaseReferenceNo): null

2018-11-27 15:58:16 - [TEST_STEP][PASSED] - Statement - out.println(readedVal): null

2018-11-27 15:58:16 - [TEST_STEP][PASSED] - Statement - CaseReferenceNo = "": null

2018-11-27 15:58:16 - [TEST_STEP][PASSED] - Statement - CaseReferenceNo = readedVal: null

2018-11-27 15:58:16 - [MESSAGE][PASSED] - Call Test Case 'Test Cases/Final Aug 2018 - PKS Automation/Common/Reference Number Getter' successfully

2018-11-27 15:58:16 - [TEST_STEP][PASSED] - click: Object: 'Object Repository/Final Object Repo/Page_Update Add New Employee - ASSIST/Save  Continue Third Screen' is clicked on

2018-11-27 15:58:19 - [MESSAGE][PASSED] - Object: 'Object Repository/Final Object Repo/Page_Update Add New Employee - ASSIST/Save  Continue Third Screen' is clicked on

2018-11-27 15:58:19 - [TEST_STEP][PASSED] - delay: Delayed 4 second(s)

2018-11-27 15:58:23 - [MESSAGE][PASSED] - Delayed 4 second(s)

2018-11-27 15:58:23 - [TEST_STEP][PASSED] - click: Object: 'Object Repository/Final Object Repo/Page_Update Add New Employee - ASSIST/Save   Continue Supporting Doc Page' is clicked on

2018-11-27 15:58:23 - [MESSAGE][PASSED] - Object: 'Object Repository/Final Object Repo/Page_Update Add New Employee - ASSIST/Save   Continue Supporting Doc Page' is clicked on

2018-11-27 15:58:23 - [TEST_STEP][PASSED] - delay: Delayed 4 second(s)

2018-11-27 15:58:27 - [MESSAGE][PASSED] - Delayed 4 second(s)

2018-11-27 15:58:27 - [TEST_STEP][PASSED] - click: Object: 'Object Repository/Final Object Repo/Page_Update Add New Employee - ASSIST/Submit Button' is clicked on

2018-11-27 15:58:27 - [MESSAGE][PASSED] - Object: 'Object Repository/Final Object Repo/Page_Update Add New Employee - ASSIST/Submit Button' is clicked on

2018-11-27 15:58:27 - [TEST_STEP][PASSED] - delay: Delayed 4 second(s)

2018-11-27 15:58:31 - [MESSAGE][PASSED] - Delayed 4 second(s)

2018-11-27 15:58:31 - [TEST_STEP][PASSED] - click: Object: 'Object Repository/Final Object Repo/Page_Update Add New Employee - ASSIST/Confirm Submit Button' is clicked on

2018-11-27 15:58:31 - [MESSAGE][PASSED] - Object: 'Object Repository/Final Object Repo/Page_Update Add New Employee - ASSIST/Confirm Submit Button' is clicked on

2018-11-27 15:58:31 - [TEST_STEP][PASSED] - delay: Delayed 20 second(s)

2018-11-27 15:58:51 - [MESSAGE][PASSED] - Delayed 20 second(s)

2018-11-27 15:58:51 - [TEST_STEP][PASSED] - callTestCase: Call Test Case 'Test Cases/Final Aug 2018 - PKS Automation/Common/Screenshoting tool' successfully

2018-11-27 15:58:51 - [TEST_CASE][PASSED] - Test Cases/Final Aug 2018 - PKS Automation/Common/Screenshoting tool: Test Cases/Final Aug 2018 - PKS Automation/Common/Screenshoting tool

2018-11-27 15:58:51 - [TEST_STEP][PASSED] - delay: Delayed 15 second(s)

2018-11-27 15:59:06 - [MESSAGE][PASSED] - Delayed 15 second(s)

2018-11-27 15:59:06 - [TEST_STEP][PASSED] - Statement - driver = com.kms.katalon.core.webui.driver.DriverFactory.getWebDriver(): null

2018-11-27 15:59:06 - [TEST_STEP][PASSED] - Statement - driver.manage().timeouts().implicitlyWait(10, SECONDS): null

2018-11-27 15:59:06 - [TEST_STEP][PASSED] - Statement - PresavePath = KatalonScreenshots: null

2018-11-27 15:59:06 - [TEST_STEP][PASSED] - Statement - pathPrefix = "C:\Users\Public\Pictures\Sample Pictures\Katalon Screenshots\Automate Ending Screen": null

2018-11-27 15:59:06 - [TEST_STEP][PASSED] - Statement - finalPath = <not implemented yet for class: org.codehaus.groovy.ast.expr.EmptyExpression>: null

2018-11-27 15:59:06 - [TEST_STEP][PASSED] - Statement - scrFile = driver.getScreenshotAs(FILE): null

2018-11-27 15:59:07 - [TEST_STEP][PASSED] - Statement - PreSaveFile = new java.io.File(PresavePath): null

2018-11-27 15:59:07 - [TEST_STEP][PASSED] - Statement - counter = 0: null

2018-11-27 15:59:07 - [TEST_STEP][PASSED] - Statement - If (PreSaveFile.exists()): null

2018-11-27 15:59:07 - [TEST_STEP][PASSED] - Statement - While (PreSaveFile.exists()): null

2018-11-27 15:59:07 - [TEST_STEP][PASSED] - Statement - counter = counter + 1: null

2018-11-27 15:59:07 - [TEST_STEP][PASSED] - Statement - PreSaveFile = new java.io.File(((pathPrefix + java.lang.Integer.toString(counter)) + .png)): null

2018-11-27 15:59:07 - [TEST_STEP][PASSED] - Statement - counter = counter + 1: null

2018-11-27 15:59:07 - [TEST_STEP][PASSED] - Statement - PreSaveFile = new java.io.File(((pathPrefix + java.lang.Integer.toString(counter)) + .png)): null

2018-11-27 15:59:07 - [TEST_STEP][PASSED] - Statement - counter = counter + 1: null

2018-11-27 15:59:07 - [TEST_STEP][PASSED] - Statement - PreSaveFile = new java.io.File(((pathPrefix + java.lang.Integer.toString(counter)) + .png)): null

2018-11-27 15:59:07 - [TEST_STEP][PASSED] - Statement - counter = counter + 1: null

2018-11-27 15:59:07 - [TEST_STEP][PASSED] - Statement - PreSaveFile = new java.io.File(((pathPrefix + java.lang.Integer.toString(counter)) + .png)): null

2018-11-27 15:59:07 - [TEST_STEP][PASSED] - Statement - counter = counter + 1: null

2018-11-27 15:59:07 - [TEST_STEP][PASSED] - Statement - PreSaveFile = new java.io.File(((pathPrefix + java.lang.Integer.toString(counter)) + .png)): null

2018-11-27 15:59:07 - [TEST_STEP][PASSED] - Statement - counter = counter + 1: null

2018-11-27 15:59:07 - [TEST_STEP][PASSED] - Statement - PreSaveFile = new java.io.File(((pathPrefix + java.lang.Integer.toString(counter)) + .png)): null

2018-11-27 15:59:07 - [TEST_STEP][PASSED] - Statement - counter = counter + 1: null

2018-11-27 15:59:07 - [TEST_STEP][PASSED] - Statement - PreSaveFile = new java.io.File(((pathPrefix + java.lang.Integer.toString(counter)) + .png)): null

2018-11-27 15:59:07 - [TEST_STEP][PASSED] - Statement - counter = counter + 1: null

2018-11-27 15:59:07 - [TEST_STEP][PASSED] - Statement - PreSaveFile = new java.io.File(((pathPrefix + java.lang.Integer.toString(counter)) + .png)): null

2018-11-27 15:59:07 - [TEST_STEP][PASSED] - Statement - counter = counter + 1: null

2018-11-27 15:59:07 - [TEST_STEP][PASSED] - Statement - PreSaveFile = new java.io.File(((pathPrefix + java.lang.Integer.toString(counter)) + .png)): null

2018-11-27 15:59:07 - [TEST_STEP][PASSED] - Statement - counter = counter + 1: null

2018-11-27 15:59:07 - [TEST_STEP][PASSED] - Statement - PreSaveFile = new java.io.File(((pathPrefix + java.lang.Integer.toString(counter)) + .png)): null

2018-11-27 15:59:07 - [TEST_STEP][PASSED] - Statement - counter = counter + 1: null

2018-11-27 15:59:07 - [TEST_STEP][PASSED] - Statement - PreSaveFile = new java.io.File(((pathPrefix + java.lang.Integer.toString(counter)) + .png)): null

2018-11-27 15:59:07 - [TEST_STEP][PASSED] - Statement - counter = counter + 1: null

2018-11-27 15:59:07 - [TEST_STEP][PASSED] - Statement - PreSaveFile = new java.io.File(((pathPrefix + java.lang.Integer.toString(counter)) + .png)): null

2018-11-27 15:59:07 - [TEST_STEP][PASSED] - Statement - counter = counter + 1: null

2018-11-27 15:59:07 - [TEST_STEP][PASSED] - Statement - PreSaveFile = new java.io.File(((pathPrefix + java.lang.Integer.toString(counter)) + .png)): null

2018-11-27 15:59:07 - [TEST_STEP][PASSED] - Statement - counter = counter + 1: null

2018-11-27 15:59:07 - [TEST_STEP][PASSED] - Statement - PreSaveFile = new java.io.File(((pathPrefix + java.lang.Integer.toString(counter)) + .png)): null

2018-11-27 15:59:07 - [TEST_STEP][PASSED] - Statement - counter = counter + 1: null

2018-11-27 15:59:07 - [TEST_STEP][PASSED] - Statement - PreSaveFile = new java.io.File(((pathPrefix + java.lang.Integer.toString(counter)) + .png)): null

2018-11-27 15:59:07 - [TEST_STEP][PASSED] - Statement - counter = counter + 1: null

2018-11-27 15:59:07 - [TEST_STEP][PASSED] - Statement - PreSaveFile = new java.io.File(((pathPrefix + java.lang.Integer.toString(counter)) + .png)): null

2018-11-27 15:59:07 - [TEST_STEP][PASSED] - Statement - counter = counter + 1: null

2018-11-27 15:59:07 - [TEST_STEP][PASSED] - Statement - PreSaveFile = new java.io.File(((pathPrefix + java.lang.Integer.toString(counter)) + .png)): null

2018-11-27 15:59:07 - [TEST_STEP][PASSED] - Statement - counter = counter + 1: null

2018-11-27 15:59:07 - [TEST_STEP][PASSED] - Statement - PreSaveFile = new java.io.File(((pathPrefix + java.lang.Integer.toString(counter)) + .png)): null

2018-11-27 15:59:07 - [TEST_STEP][PASSED] - Statement - counter = counter + 1: null

2018-11-27 15:59:07 - [TEST_STEP][PASSED] - Statement - PreSaveFile = new java.io.File(((pathPrefix + java.lang.Integer.toString(counter)) + .png)): null

2018-11-27 15:59:07 - [TEST_STEP][PASSED] - Statement - counter = counter + 1: null

2018-11-27 15:59:07 - [TEST_STEP][PASSED] - Statement - PreSaveFile = new java.io.File(((pathPrefix + java.lang.Integer.toString(counter)) + .png)): null

2018-11-27 15:59:07 - [TEST_STEP][PASSED] - Statement - counter = counter + 1: null

2018-11-27 15:59:07 - [TEST_STEP][PASSED] - Statement - PreSaveFile = new java.io.File(((pathPrefix + java.lang.Integer.toString(counter)) + .png)): null

2018-11-27 15:59:07 - [TEST_STEP][PASSED] - Statement - counter = counter + 1: null

2018-11-27 15:59:07 - [TEST_STEP][PASSED] - Statement - PreSaveFile = new java.io.File(((pathPrefix + java.lang.Integer.toString(counter)) + .png)): null

2018-11-27 15:59:07 - [TEST_STEP][PASSED] - Statement - counter = counter + 1: null

2018-11-27 15:59:07 - [TEST_STEP][PASSED] - Statement - PreSaveFile = new java.io.File(((pathPrefix + java.lang.Integer.toString(counter)) + .png)): null

2018-11-27 15:59:07 - [TEST_STEP][PASSED] - Statement - counter = counter + 1: null

2018-11-27 15:59:07 - [TEST_STEP][PASSED] - Statement - PreSaveFile = new java.io.File(((pathPrefix + java.lang.Integer.toString(counter)) + .png)): null

2018-11-27 15:59:07 - [TEST_STEP][PASSED] - Statement - counter = counter + 1: null

2018-11-27 15:59:07 - [TEST_STEP][PASSED] - Statement - PreSaveFile = new java.io.File(((pathPrefix + java.lang.Integer.toString(counter)) + .png)): null

2018-11-27 15:59:07 - [TEST_STEP][PASSED] - Statement - counter = counter + 1: null

2018-11-27 15:59:07 - [TEST_STEP][PASSED] - Statement - PreSaveFile = new java.io.File(((pathPrefix + java.lang.Integer.toString(counter)) + .png)): null

2018-11-27 15:59:07 - [TEST_STEP][PASSED] - Statement - counter = counter + 1: null

2018-11-27 15:59:07 - [TEST_STEP][PASSED] - Statement - PreSaveFile = new java.io.File(((pathPrefix + java.lang.Integer.toString(counter)) + .png)): null

2018-11-27 15:59:07 - [TEST_STEP][PASSED] - Statement - counter = counter + 1: null

2018-11-27 15:59:07 - [TEST_STEP][PASSED] - Statement - PreSaveFile = new java.io.File(((pathPrefix + java.lang.Integer.toString(counter)) + .png)): null

2018-11-27 15:59:07 - [TEST_STEP][PASSED] - Statement - counter = counter + 1: null

2018-11-27 15:59:07 - [TEST_STEP][PASSED] - Statement - PreSaveFile = new java.io.File(((pathPrefix + java.lang.Integer.toString(counter)) + .png)): null

2018-11-27 15:59:07 - [TEST_STEP][PASSED] - Statement - counter = counter + 1: null

2018-11-27 15:59:07 - [TEST_STEP][PASSED] - Statement - PreSaveFile = new java.io.File(((pathPrefix + java.lang.Integer.toString(counter)) + .png)): null

2018-11-27 15:59:07 - [TEST_STEP][PASSED] - Statement - counter = counter + 1: null

2018-11-27 15:59:07 - [TEST_STEP][PASSED] - Statement - PreSaveFile = new java.io.File(((pathPrefix + java.lang.Integer.toString(counter)) + .png)): null

2018-11-27 15:59:07 - [TEST_STEP][PASSED] - Statement - counter = counter + 1: null

2018-11-27 15:59:07 - [TEST_STEP][PASSED] - Statement - PreSaveFile = new java.io.File(((pathPrefix + java.lang.Integer.toString(counter)) + .png)): null

2018-11-27 15:59:07 - [TEST_STEP][PASSED] - Statement - counter = counter + 1: null

2018-11-27 15:59:07 - [TEST_STEP][PASSED] - Statement - PreSaveFile = new java.io.File(((pathPrefix + java.lang.Integer.toString(counter)) + .png)): null

2018-11-27 15:59:07 - [TEST_STEP][PASSED] - Statement - counter = counter + 1: null

2018-11-27 15:59:07 - [TEST_STEP][PASSED] - Statement - PreSaveFile = new java.io.File(((pathPrefix + java.lang.Integer.toString(counter)) + .png)): null

2018-11-27 15:59:07 - [TEST_STEP][PASSED] - Statement - counter = counter + 1: null

2018-11-27 15:59:07 - [TEST_STEP][PASSED] - Statement - PreSaveFile = new java.io.File(((pathPrefix + java.lang.Integer.toString(counter)) + .png)): null

2018-11-27 15:59:07 - [TEST_STEP][PASSED] - Statement - counter = counter + 1: null

2018-11-27 15:59:07 - [TEST_STEP][PASSED] - Statement - PreSaveFile = new java.io.File(((pathPrefix + java.lang.Integer.toString(counter)) + .png)): null

2018-11-27 15:59:07 - [TEST_STEP][PASSED] - Statement - counter = counter + 1: null

2018-11-27 15:59:07 - [TEST_STEP][PASSED] - Statement - PreSaveFile = new java.io.File(((pathPrefix + java.lang.Integer.toString(counter)) + .png)): null

2018-11-27 15:59:07 - [TEST_STEP][PASSED] - Statement - counter = counter + 1: null

2018-11-27 15:59:07 - [TEST_STEP][PASSED] - Statement - PreSaveFile = new java.io.File(((pathPrefix + java.lang.Integer.toString(counter)) + .png)): null

2018-11-27 15:59:07 - [TEST_STEP][PASSED] - Statement - counter = counter + 1: null

2018-11-27 15:59:07 - [TEST_STEP][PASSED] - Statement - PreSaveFile = new java.io.File(((pathPrefix + java.lang.Integer.toString(counter)) + .png)): null

2018-11-27 15:59:07 - [TEST_STEP][PASSED] - Statement - counter = counter + 1: null

2018-11-27 15:59:07 - [TEST_STEP][PASSED] - Statement - PreSaveFile = new java.io.File(((pathPrefix + java.lang.Integer.toString(counter)) + .png)): null

2018-11-27 15:59:07 - [TEST_STEP][PASSED] - Statement - counter = counter + 1: null

2018-11-27 15:59:07 - [TEST_STEP][PASSED] - Statement - PreSaveFile = new java.io.File(((pathPrefix + java.lang.Integer.toString(counter)) + .png)): null

2018-11-27 15:59:07 - [TEST_STEP][PASSED] - Statement - counter = counter + 1: null

2018-11-27 15:59:07 - [TEST_STEP][PASSED] - Statement - PreSaveFile = new java.io.File(((pathPrefix + java.lang.Integer.toString(counter)) + .png)): null

2018-11-27 15:59:07 - [TEST_STEP][PASSED] - Statement - counter = counter + 1: null

2018-11-27 15:59:07 - [TEST_STEP][PASSED] - Statement - PreSaveFile = new java.io.File(((pathPrefix + java.lang.Integer.toString(counter)) + .png)): null

2018-11-27 15:59:07 - [TEST_STEP][PASSED] - Statement - counter = counter + 1: null

2018-11-27 15:59:07 - [TEST_STEP][PASSED] - Statement - PreSaveFile = new java.io.File(((pathPrefix + java.lang.Integer.toString(counter)) + .png)): null

2018-11-27 15:59:07 - [TEST_STEP][PASSED] - Statement - counter = counter + 1: null

2018-11-27 15:59:07 - [TEST_STEP][PASSED] - Statement - PreSaveFile = new java.io.File(((pathPrefix + java.lang.Integer.toString(counter)) + .png)): null

2018-11-27 15:59:07 - [TEST_STEP][PASSED] - Statement - counter = counter + 1: null

2018-11-27 15:59:07 - [TEST_STEP][PASSED] - Statement - PreSaveFile = new java.io.File(((pathPrefix + java.lang.Integer.toString(counter)) + .png)): null

2018-11-27 15:59:07 - [TEST_STEP][PASSED] - Statement - counter = counter + 1: null

2018-11-27 15:59:07 - [TEST_STEP][PASSED] - Statement - PreSaveFile = new java.io.File(((pathPrefix + java.lang.Integer.toString(counter)) + .png)): null

2018-11-27 15:59:07 - [TEST_STEP][PASSED] - Statement - counter = counter + 1: null

2018-11-27 15:59:07 - [TEST_STEP][PASSED] - Statement - PreSaveFile = new java.io.File(((pathPrefix + java.lang.Integer.toString(counter)) + .png)): null

2018-11-27 15:59:07 - [TEST_STEP][PASSED] - Statement - counter = counter + 1: null

2018-11-27 15:59:07 - [TEST_STEP][PASSED] - Statement - PreSaveFile = new java.io.File(((pathPrefix + java.lang.Integer.toString(counter)) + .png)): null

2018-11-27 15:59:07 - [TEST_STEP][PASSED] - Statement - counter = counter + 1: null

2018-11-27 15:59:07 - [TEST_STEP][PASSED] - Statement - PreSaveFile = new java.io.File(((pathPrefix + java.lang.Integer.toString(counter)) + .png)): null

2018-11-27 15:59:07 - [TEST_STEP][PASSED] - Statement - counter = counter + 1: null

2018-11-27 15:59:07 - [TEST_STEP][PASSED] - Statement - PreSaveFile = new java.io.File(((pathPrefix + java.lang.Integer.toString(counter)) + .png)): null

2018-11-27 15:59:07 - [TEST_STEP][PASSED] - Statement - counter = counter + 1: null

2018-11-27 15:59:07 - [TEST_STEP][PASSED] - Statement - PreSaveFile = new java.io.File(((pathPrefix + java.lang.Integer.toString(counter)) + .png)): null

2018-11-27 15:59:07 - [TEST_STEP][PASSED] - Statement - counter = counter + 1: null

2018-11-27 15:59:07 - [TEST_STEP][PASSED] - Statement - PreSaveFile = new java.io.File(((pathPrefix + java.lang.Integer.toString(counter)) + .png)): null

2018-11-27 15:59:07 - [TEST_STEP][PASSED] - Statement - counter = counter + 1: null

2018-11-27 15:59:07 - [TEST_STEP][PASSED] - Statement - PreSaveFile = new java.io.File(((pathPrefix + java.lang.Integer.toString(counter)) + .png)): null

2018-11-27 15:59:07 - [TEST_STEP][PASSED] - Statement - counter = counter + 1: null

2018-11-27 15:59:07 - [TEST_STEP][PASSED] - Statement - PreSaveFile = new java.io.File(((pathPrefix + java.lang.Integer.toString(counter)) + .png)): null

2018-11-27 15:59:07 - [TEST_STEP][PASSED] - Statement - counter = counter + 1: null

2018-11-27 15:59:07 - [TEST_STEP][PASSED] - Statement - PreSaveFile = new java.io.File(((pathPrefix + java.lang.Integer.toString(counter)) + .png)): null

2018-11-27 15:59:07 - [TEST_STEP][PASSED] - Statement - counter = counter + 1: null

2018-11-27 15:59:07 - [TEST_STEP][PASSED] - Statement - PreSaveFile = new java.io.File(((pathPrefix + java.lang.Integer.toString(counter)) + .png)): null

2018-11-27 15:59:07 - [TEST_STEP][PASSED] - Statement - counter = counter + 1: null

2018-11-27 15:59:07 - [TEST_STEP][PASSED] - Statement - PreSaveFile = new java.io.File(((pathPrefix + java.lang.Integer.toString(counter)) + .png)): null

2018-11-27 15:59:07 - [TEST_STEP][PASSED] - Statement - counter = counter + 1: null

2018-11-27 15:59:07 - [TEST_STEP][PASSED] - Statement - PreSaveFile = new java.io.File(((pathPrefix + java.lang.Integer.toString(counter)) + .png)): null

2018-11-27 15:59:07 - [TEST_STEP][PASSED] - Statement - counter = counter + 1: null

2018-11-27 15:59:07 - [TEST_STEP][PASSED] - Statement - PreSaveFile = new java.io.File(((pathPrefix + java.lang.Integer.toString(counter)) + .png)): null

2018-11-27 15:59:07 - [TEST_STEP][PASSED] - Statement - counter = counter + 1: null

2018-11-27 15:59:07 - [TEST_STEP][PASSED] - Statement - PreSaveFile = new java.io.File(((pathPrefix + java.lang.Integer.toString(counter)) + .png)): null

2018-11-27 15:59:07 - [TEST_STEP][PASSED] - Statement - counter = counter + 1: null

2018-11-27 15:59:07 - [TEST_STEP][PASSED] - Statement - PreSaveFile = new java.io.File(((pathPrefix + java.lang.Integer.toString(counter)) + .png)): null

2018-11-27 15:59:07 - [TEST_STEP][PASSED] - Statement - counter = counter + 1: null

2018-11-27 15:59:07 - [TEST_STEP][PASSED] - Statement - PreSaveFile = new java.io.File(((pathPrefix + java.lang.Integer.toString(counter)) + .png)): null

2018-11-27 15:59:07 - [TEST_STEP][PASSED] - Statement - counter = counter + 1: null

2018-11-27 15:59:07 - [TEST_STEP][PASSED] - Statement - PreSaveFile = new java.io.File(((pathPrefix + java.lang.Integer.toString(counter)) + .png)): null

2018-11-27 15:59:07 - [TEST_STEP][PASSED] - Statement - counter = counter + 1: null

2018-11-27 15:59:07 - [TEST_STEP][PASSED] - Statement - PreSaveFile = new java.io.File(((pathPrefix + java.lang.Integer.toString(counter)) + .png)): null

2018-11-27 15:59:07 - [TEST_STEP][PASSED] - Statement - counter = counter + 1: null

2018-11-27 15:59:07 - [TEST_STEP][PASSED] - Statement - PreSaveFile = new java.io.File(((pathPrefix + java.lang.Integer.toString(counter)) + .png)): null

2018-11-27 15:59:07 - [TEST_STEP][PASSED] - Statement - counter = counter + 1: null

2018-11-27 15:59:07 - [TEST_STEP][PASSED] - Statement - PreSaveFile = new java.io.File(((pathPrefix + java.lang.Integer.toString(counter)) + .png)): null

2018-11-27 15:59:07 - [TEST_STEP][PASSED] - Statement - counter = counter + 1: null

2018-11-27 15:59:07 - [TEST_STEP][PASSED] - Statement - PreSaveFile = new java.io.File(((pathPrefix + java.lang.Integer.toString(counter)) + .png)): null

2018-11-27 15:59:07 - [TEST_STEP][PASSED] - Statement - counter = counter + 1: null

2018-11-27 15:59:07 - [TEST_STEP][PASSED] - Statement - PreSaveFile = new java.io.File(((pathPrefix + java.lang.Integer.toString(counter)) + .png)): null

2018-11-27 15:59:07 - [TEST_STEP][PASSED] - Statement - counter = counter + 1: null

2018-11-27 15:59:07 - [TEST_STEP][PASSED] - Statement - PreSaveFile = new java.io.File(((pathPrefix + java.lang.Integer.toString(counter)) + .png)): null

2018-11-27 15:59:07 - [TEST_STEP][PASSED] - Statement - counter = counter + 1: null

2018-11-27 15:59:07 - [TEST_STEP][PASSED] - Statement - PreSaveFile = new java.io.File(((pathPrefix + java.lang.Integer.toString(counter)) + .png)): null

2018-11-27 15:59:07 - [TEST_STEP][PASSED] - Statement - counter = counter + 1: null

2018-11-27 15:59:07 - [TEST_STEP][PASSED] - Statement - PreSaveFile = new java.io.File(((pathPrefix + java.lang.Integer.toString(counter)) + .png)): null

2018-11-27 15:59:07 - [TEST_STEP][PASSED] - Statement - counter = counter + 1: null

2018-11-27 15:59:07 - [TEST_STEP][PASSED] - Statement - PreSaveFile = new java.io.File(((pathPrefix + java.lang.Integer.toString(counter)) + .png)): null

2018-11-27 15:59:07 - [TEST_STEP][PASSED] - Statement - counter = counter + 1: null

2018-11-27 15:59:07 - [TEST_STEP][PASSED] - Statement - PreSaveFile = new java.io.File(((pathPrefix + java.lang.Integer.toString(counter)) + .png)): null

2018-11-27 15:59:07 - [TEST_STEP][PASSED] - Statement - counter = counter + 1: null

2018-11-27 15:59:07 - [TEST_STEP][PASSED] - Statement - PreSaveFile = new java.io.File(((pathPrefix + java.lang.Integer.toString(counter)) + .png)): null

2018-11-27 15:59:07 - [TEST_STEP][PASSED] - Statement - counter = counter + 1: null

2018-11-27 15:59:07 - [TEST_STEP][PASSED] - Statement - PreSaveFile = new java.io.File(((pathPrefix + java.lang.Integer.toString(counter)) + .png)): null

2018-11-27 15:59:07 - [TEST_STEP][PASSED] - Statement - counter = counter + 1: null

2018-11-27 15:59:07 - [TEST_STEP][PASSED] - Statement - PreSaveFile = new java.io.File(((pathPrefix + java.lang.Integer.toString(counter)) + .png)): null

2018-11-27 15:59:07 - [TEST_STEP][PASSED] - Statement - counter = counter + 1: null

2018-11-27 15:59:07 - [TEST_STEP][PASSED] - Statement - PreSaveFile = new java.io.File(((pathPrefix + java.lang.Integer.toString(counter)) + .png)): null

2018-11-27 15:59:07 - [TEST_STEP][PASSED] - Statement - counter = counter + 1: null

2018-11-27 15:59:07 - [TEST_STEP][PASSED] - Statement - PreSaveFile = new java.io.File(((pathPrefix + java.lang.Integer.toString(counter)) + .png)): null

2018-11-27 15:59:07 - [TEST_STEP][PASSED] - Statement - counter = counter + 1: null

2018-11-27 15:59:07 - [TEST_STEP][PASSED] - Statement - PreSaveFile = new java.io.File(((pathPrefix + java.lang.Integer.toString(counter)) + .png)): null

2018-11-27 15:59:07 - [TEST_STEP][PASSED] - Statement - counter = counter + 1: null

2018-11-27 15:59:07 - [TEST_STEP][PASSED] - Statement - PreSaveFile = new java.io.File(((pathPrefix + java.lang.Integer.toString(counter)) + .png)): null

2018-11-27 15:59:07 - [TEST_STEP][PASSED] - Statement - counter = counter + 1: null

2018-11-27 15:59:07 - [TEST_STEP][PASSED] - Statement - PreSaveFile = new java.io.File(((pathPrefix + java.lang.Integer.toString(counter)) + .png)): null

2018-11-27 15:59:07 - [TEST_STEP][PASSED] - Statement - counter = counter + 1: null

2018-11-27 15:59:07 - [TEST_STEP][PASSED] - Statement - PreSaveFile = new java.io.File(((pathPrefix + java.lang.Integer.toString(counter)) + .png)): null

2018-11-27 15:59:07 - [TEST_STEP][PASSED] - Statement - counter = counter + 1: null

2018-11-27 15:59:07 - [TEST_STEP][PASSED] - Statement - PreSaveFile = new java.io.File(((pathPrefix + java.lang.Integer.toString(counter)) + .png)): null

2018-11-27 15:59:07 - [TEST_STEP][PASSED] - Statement - counter = counter + 1: null

2018-11-27 15:59:07 - [TEST_STEP][PASSED] - Statement - PreSaveFile = new java.io.File(((pathPrefix + java.lang.Integer.toString(counter)) + .png)): null

2018-11-27 15:59:07 - [TEST_STEP][PASSED] - Statement - counter = counter + 1: null

2018-11-27 15:59:07 - [TEST_STEP][PASSED] - Statement - PreSaveFile = new java.io.File(((pathPrefix + java.lang.Integer.toString(counter)) + .png)): null

2018-11-27 15:59:07 - [TEST_STEP][PASSED] - Statement - counter = counter + 1: null

2018-11-27 15:59:07 - [TEST_STEP][PASSED] - Statement - PreSaveFile = new java.io.File(((pathPrefix + java.lang.Integer.toString(counter)) + .png)): null

2018-11-27 15:59:07 - [TEST_STEP][PASSED] - Statement - counter = counter + 1: null

2018-11-27 15:59:07 - [TEST_STEP][PASSED] - Statement - PreSaveFile = new java.io.File(((pathPrefix + java.lang.Integer.toString(counter)) + .png)): null

2018-11-27 15:59:07 - [TEST_STEP][PASSED] - Statement - counter = counter + 1: null

2018-11-27 15:59:07 - [TEST_STEP][PASSED] - Statement - PreSaveFile = new java.io.File(((pathPrefix + java.lang.Integer.toString(counter)) + .png)): null

2018-11-27 15:59:07 - [TEST_STEP][PASSED] - Statement - counter = counter + 1: null

2018-11-27 15:59:07 - [TEST_STEP][PASSED] - Statement - PreSaveFile = new java.io.File(((pathPrefix + java.lang.Integer.toString(counter)) + .png)): null

2018-11-27 15:59:07 - [TEST_STEP][PASSED] - Statement - counter = counter + 1: null

2018-11-27 15:59:07 - [TEST_STEP][PASSED] - Statement - PreSaveFile = new java.io.File(((pathPrefix + java.lang.Integer.toString(counter)) + .png)): null

2018-11-27 15:59:07 - [TEST_STEP][PASSED] - Statement - counter = counter + 1: null

2018-11-27 15:59:07 - [TEST_STEP][PASSED] - Statement - PreSaveFile = new java.io.File(((pathPrefix + java.lang.Integer.toString(counter)) + .png)): null

2018-11-27 15:59:07 - [TEST_STEP][PASSED] - Statement - counter = counter + 1: null

2018-11-27 15:59:07 - [TEST_STEP][PASSED] - Statement - PreSaveFile = new java.io.File(((pathPrefix + java.lang.Integer.toString(counter)) + .png)): null

2018-11-27 15:59:07 - [TEST_STEP][PASSED] - Statement - counter = counter + 1: null

2018-11-27 15:59:07 - [TEST_STEP][PASSED] - Statement - PreSaveFile = new java.io.File(((pathPrefix + java.lang.Integer.toString(counter)) + .png)): null

2018-11-27 15:59:07 - [TEST_STEP][PASSED] - Statement - counter = counter + 1: null

2018-11-27 15:59:07 - [TEST_STEP][PASSED] - Statement - PreSaveFile = new java.io.File(((pathPrefix + java.lang.Integer.toString(counter)) + .png)): null

2018-11-27 15:59:07 - [TEST_STEP][PASSED] - Statement - counter = counter + 1: null

2018-11-27 15:59:07 - [TEST_STEP][PASSED] - Statement - PreSaveFile = new java.io.File(((pathPrefix + java.lang.Integer.toString(counter)) + .png)): null

2018-11-27 15:59:07 - [TEST_STEP][PASSED] - Statement - counter = counter + 1: null

2018-11-27 15:59:07 - [TEST_STEP][PASSED] - Statement - PreSaveFile = new java.io.File(((pathPrefix + java.lang.Integer.toString(counter)) + .png)): null

2018-11-27 15:59:07 - [TEST_STEP][PASSED] - Statement - counter = counter + 1: null

2018-11-27 15:59:07 - [TEST_STEP][PASSED] - Statement - PreSaveFile = new java.io.File(((pathPrefix + java.lang.Integer.toString(counter)) + .png)): null

2018-11-27 15:59:07 - [TEST_STEP][PASSED] - Statement - counter = counter + 1: null

2018-11-27 15:59:07 - [TEST_STEP][PASSED] - Statement - PreSaveFile = new java.io.File(((pathPrefix + java.lang.Integer.toString(counter)) + .png)): null

2018-11-27 15:59:07 - [TEST_STEP][PASSED] - Statement - counter = counter + 1: null

2018-11-27 15:59:07 - [TEST_STEP][PASSED] - Statement - PreSaveFile = new java.io.File(((pathPrefix + java.lang.Integer.toString(counter)) + .png)): null

2018-11-27 15:59:07 - [TEST_STEP][PASSED] - Statement - counter = counter + 1: null

2018-11-27 15:59:07 - [TEST_STEP][PASSED] - Statement - PreSaveFile = new java.io.File(((pathPrefix + java.lang.Integer.toString(counter)) + .png)): null

2018-11-27 15:59:07 - [TEST_STEP][PASSED] - Statement - counter = counter + 1: null

2018-11-27 15:59:07 - [TEST_STEP][PASSED] - Statement - PreSaveFile = new java.io.File(((pathPrefix + java.lang.Integer.toString(counter)) + .png)): null

2018-11-27 15:59:07 - [TEST_STEP][PASSED] - Statement - counter = counter + 1: null

2018-11-27 15:59:07 - [TEST_STEP][PASSED] - Statement - PreSaveFile = new java.io.File(((pathPrefix + java.lang.Integer.toString(counter)) + .png)): null

2018-11-27 15:59:07 - [TEST_STEP][PASSED] - Statement - counter = counter + 1: null

2018-11-27 15:59:07 - [TEST_STEP][PASSED] - Statement - PreSaveFile = new java.io.File(((pathPrefix + java.lang.Integer.toString(counter)) + .png)): null

2018-11-27 15:59:07 - [TEST_STEP][PASSED] - Statement - counter = counter + 1: null

2018-11-27 15:59:07 - [TEST_STEP][PASSED] - Statement - PreSaveFile = new java.io.File(((pathPrefix + java.lang.Integer.toString(counter)) + .png)): null

2018-11-27 15:59:07 - [TEST_STEP][PASSED] - Statement - counter = counter + 1: null

2018-11-27 15:59:07 - [TEST_STEP][PASSED] - Statement - PreSaveFile = new java.io.File(((pathPrefix + java.lang.Integer.toString(counter)) + .png)): null

2018-11-27 15:59:07 - [TEST_STEP][PASSED] - Statement - counter = counter + 1: null

2018-11-27 15:59:07 - [TEST_STEP][PASSED] - Statement - PreSaveFile = new java.io.File(((pathPrefix + java.lang.Integer.toString(counter)) + .png)): null

2018-11-27 15:59:07 - [TEST_STEP][PASSED] - Statement - counter = counter + 1: null

2018-11-27 15:59:07 - [TEST_STEP][PASSED] - Statement - PreSaveFile = new java.io.File(((pathPrefix + java.lang.Integer.toString(counter)) + .png)): null

2018-11-27 15:59:07 - [TEST_STEP][PASSED] - Statement - counter = counter + 1: null

2018-11-27 15:59:07 - [TEST_STEP][PASSED] - Statement - PreSaveFile = new java.io.File(((pathPrefix + java.lang.Integer.toString(counter)) + .png)): null

2018-11-27 15:59:07 - [TEST_STEP][PASSED] - Statement - counter = counter + 1: null

2018-11-27 15:59:07 - [TEST_STEP][PASSED] - Statement - PreSaveFile = new java.io.File(((pathPrefix + java.lang.Integer.toString(counter)) + .png)): null

2018-11-27 15:59:07 - [TEST_STEP][PASSED] - Statement - counter = counter + 1: null

2018-11-27 15:59:07 - [TEST_STEP][PASSED] - Statement - PreSaveFile = new java.io.File(((pathPrefix + java.lang.Integer.toString(counter)) + .png)): null

2018-11-27 15:59:07 - [TEST_STEP][PASSED] - Statement - counter = counter + 1: null

2018-11-27 15:59:07 - [TEST_STEP][PASSED] - Statement - PreSaveFile = new java.io.File(((pathPrefix + java.lang.Integer.toString(counter)) + .png)): null

2018-11-27 15:59:07 - [TEST_STEP][PASSED] - Statement - counter = counter + 1: null

2018-11-27 15:59:07 - [TEST_STEP][PASSED] - Statement - PreSaveFile = new java.io.File(((pathPrefix + java.lang.Integer.toString(counter)) + .png)): null

2018-11-27 15:59:07 - [TEST_STEP][PASSED] - Statement - counter = counter + 1: null

2018-11-27 15:59:07 - [TEST_STEP][PASSED] - Statement - PreSaveFile = new java.io.File(((pathPrefix + java.lang.Integer.toString(counter)) + .png)): null

2018-11-27 15:59:07 - [TEST_STEP][PASSED] - Statement - counter = counter + 1: null

2018-11-27 15:59:07 - [TEST_STEP][PASSED] - Statement - PreSaveFile = new java.io.File(((pathPrefix + java.lang.Integer.toString(counter)) + .png)): null

2018-11-27 15:59:07 - [TEST_STEP][PASSED] - Statement - counter = counter + 1: null

2018-11-27 15:59:07 - [TEST_STEP][PASSED] - Statement - PreSaveFile = new java.io.File(((pathPrefix + java.lang.Integer.toString(counter)) + .png)): null

2018-11-27 15:59:07 - [TEST_STEP][PASSED] - Statement - counter = counter + 1: null

2018-11-27 15:59:07 - [TEST_STEP][PASSED] - Statement - PreSaveFile = new java.io.File(((pathPrefix + java.lang.Integer.toString(counter)) + .png)): null

2018-11-27 15:59:07 - [TEST_STEP][PASSED] - Statement - counter = counter + 1: null

2018-11-27 15:59:07 - [TEST_STEP][PASSED] - Statement - PreSaveFile = new java.io.File(((pathPrefix + java.lang.Integer.toString(counter)) + .png)): null

2018-11-27 15:59:07 - [TEST_STEP][PASSED] - Statement - counter = counter + 1: null

2018-11-27 15:59:07 - [TEST_STEP][PASSED] - Statement - PreSaveFile = new java.io.File(((pathPrefix + java.lang.Integer.toString(counter)) + .png)): null

2018-11-27 15:59:07 - [TEST_STEP][PASSED] - Statement - counter = counter + 1: null

2018-11-27 15:59:07 - [TEST_STEP][PASSED] - Statement - PreSaveFile = new java.io.File(((pathPrefix + java.lang.Integer.toString(counter)) + .png)): null

2018-11-27 15:59:07 - [TEST_STEP][PASSED] - Statement - counter = counter + 1: null

2018-11-27 15:59:07 - [TEST_STEP][PASSED] - Statement - PreSaveFile = new java.io.File(((pathPrefix + java.lang.Integer.toString(counter)) + .png)): null

2018-11-27 15:59:07 - [TEST_STEP][PASSED] - Statement - counter = counter + 1: null

2018-11-27 15:59:07 - [TEST_STEP][PASSED] - Statement - PreSaveFile = new java.io.File(((pathPrefix + java.lang.Integer.toString(counter)) + .png)): null

2018-11-27 15:59:07 - [TEST_STEP][PASSED] - Statement - counter = counter + 1: null

2018-11-27 15:59:07 - [TEST_STEP][PASSED] - Statement - PreSaveFile = new java.io.File(((pathPrefix + java.lang.Integer.toString(counter)) + .png)): null

2018-11-27 15:59:07 - [TEST_STEP][PASSED] - Statement - counter = counter + 1: null

2018-11-27 15:59:07 - [TEST_STEP][PASSED] - Statement - PreSaveFile = new java.io.File(((pathPrefix + java.lang.Integer.toString(counter)) + .png)): null

2018-11-27 15:59:07 - [TEST_STEP][PASSED] - Statement - counter = counter + 1: null

2018-11-27 15:59:07 - [TEST_STEP][PASSED] - Statement - PreSaveFile = new java.io.File(((pathPrefix + java.lang.Integer.toString(counter)) + .png)): null

2018-11-27 15:59:07 - [TEST_STEP][PASSED] - Statement - counter = counter + 1: null

2018-11-27 15:59:07 - [TEST_STEP][PASSED] - Statement - PreSaveFile = new java.io.File(((pathPrefix + java.lang.Integer.toString(counter)) + .png)): null

2018-11-27 15:59:07 - [TEST_STEP][PASSED] - Statement - counter = counter + 1: null

2018-11-27 15:59:07 - [TEST_STEP][PASSED] - Statement - PreSaveFile = new java.io.File(((pathPrefix + java.lang.Integer.toString(counter)) + .png)): null

2018-11-27 15:59:07 - [TEST_STEP][PASSED] - Statement - counter = counter + 1: null

2018-11-27 15:59:07 - [TEST_STEP][PASSED] - Statement - PreSaveFile = new java.io.File(((pathPrefix + java.lang.Integer.toString(counter)) + .png)): null

2018-11-27 15:59:07 - [TEST_STEP][PASSED] - Statement - counter = counter + 1: null

2018-11-27 15:59:07 - [TEST_STEP][PASSED] - Statement - PreSaveFile = new java.io.File(((pathPrefix + java.lang.Integer.toString(counter)) + .png)): null

2018-11-27 15:59:07 - [TEST_STEP][PASSED] - Statement - counter = counter + 1: null

2018-11-27 15:59:07 - [TEST_STEP][PASSED] - Statement - PreSaveFile = new java.io.File(((pathPrefix + java.lang.Integer.toString(counter)) + .png)): null

2018-11-27 15:59:07 - [TEST_STEP][PASSED] - Statement - counter = counter + 1: null

2018-11-27 15:59:07 - [TEST_STEP][PASSED] - Statement - PreSaveFile = new java.io.File(((pathPrefix + java.lang.Integer.toString(counter)) + .png)): null

2018-11-27 15:59:07 - [TEST_STEP][PASSED] - Statement - counter = counter + 1: null

2018-11-27 15:59:07 - [TEST_STEP][PASSED] - Statement - PreSaveFile = new java.io.File(((pathPrefix + java.lang.Integer.toString(counter)) + .png)): null

2018-11-27 15:59:07 - [TEST_STEP][PASSED] - Statement - counter = counter + 1: null

2018-11-27 15:59:07 - [TEST_STEP][PASSED] - Statement - PreSaveFile = new java.io.File(((pathPrefix + java.lang.Integer.toString(counter)) + .png)): null

2018-11-27 15:59:07 - [TEST_STEP][PASSED] - Statement - counter = counter + 1: null

2018-11-27 15:59:07 - [TEST_STEP][PASSED] - Statement - PreSaveFile = new java.io.File(((pathPrefix + java.lang.Integer.toString(counter)) + .png)): null

2018-11-27 15:59:07 - [TEST_STEP][PASSED] - Statement - counter = counter + 1: null

2018-11-27 15:59:07 - [TEST_STEP][PASSED] - Statement - PreSaveFile = new java.io.File(((pathPrefix + java.lang.Integer.toString(counter)) + .png)): null

2018-11-27 15:59:07 - [TEST_STEP][PASSED] - Statement - counter = counter + 1: null

2018-11-27 15:59:07 - [TEST_STEP][PASSED] - Statement - PreSaveFile = new java.io.File(((pathPrefix + java.lang.Integer.toString(counter)) + .png)): null

2018-11-27 15:59:07 - [TEST_STEP][PASSED] - Statement - counter = counter + 1: null

2018-11-27 15:59:07 - [TEST_STEP][PASSED] - Statement - PreSaveFile = new java.io.File(((pathPrefix + java.lang.Integer.toString(counter)) + .png)): null

2018-11-27 15:59:07 - [TEST_STEP][PASSED] - Statement - counter = counter + 1: null

2018-11-27 15:59:07 - [TEST_STEP][PASSED] - Statement - PreSaveFile = new java.io.File(((pathPrefix + java.lang.Integer.toString(counter)) + .png)): null

2018-11-27 15:59:07 - [TEST_STEP][PASSED] - Statement - counter = counter + 1: null

2018-11-27 15:59:07 - [TEST_STEP][PASSED] - Statement - PreSaveFile = new java.io.File(((pathPrefix + java.lang.Integer.toString(counter)) + .png)): null

2018-11-27 15:59:07 - [TEST_STEP][PASSED] - Statement - counter = counter + 1: null

2018-11-27 15:59:07 - [TEST_STEP][PASSED] - Statement - PreSaveFile = new java.io.File(((pathPrefix + java.lang.Integer.toString(counter)) + .png)): null

2018-11-27 15:59:07 - [TEST_STEP][PASSED] - Statement - counter = counter + 1: null

2018-11-27 15:59:07 - [TEST_STEP][PASSED] - Statement - PreSaveFile = new java.io.File(((pathPrefix + java.lang.Integer.toString(counter)) + .png)): null

2018-11-27 15:59:07 - [TEST_STEP][PASSED] - Statement - counter = counter + 1: null

2018-11-27 15:59:07 - [TEST_STEP][PASSED] - Statement - PreSaveFile = new java.io.File(((pathPrefix + java.lang.Integer.toString(counter)) + .png)): null

2018-11-27 15:59:07 - [TEST_STEP][PASSED] - Statement - counter = counter + 1: null

2018-11-27 15:59:07 - [TEST_STEP][PASSED] - Statement - PreSaveFile = new java.io.File(((pathPrefix + java.lang.Integer.toString(counter)) + .png)): null

2018-11-27 15:59:07 - [TEST_STEP][PASSED] - Statement - counter = counter + 1: null

2018-11-27 15:59:07 - [TEST_STEP][PASSED] - Statement - PreSaveFile = new java.io.File(((pathPrefix + java.lang.Integer.toString(counter)) + .png)): null

2018-11-27 15:59:07 - [TEST_STEP][PASSED] - Statement - counter = counter + 1: null

2018-11-27 15:59:07 - [TEST_STEP][PASSED] - Statement - PreSaveFile = new java.io.File(((pathPrefix + java.lang.Integer.toString(counter)) + .png)): null

2018-11-27 15:59:07 - [TEST_STEP][PASSED] - Statement - counter = counter + 1: null

2018-11-27 15:59:07 - [TEST_STEP][PASSED] - Statement - PreSaveFile = new java.io.File(((pathPrefix + java.lang.Integer.toString(counter)) + .png)): null

2018-11-27 15:59:07 - [TEST_STEP][PASSED] - Statement - counter = counter + 1: null

2018-11-27 15:59:07 - [TEST_STEP][PASSED] - Statement - PreSaveFile = new java.io.File(((pathPrefix + java.lang.Integer.toString(counter)) + .png)): null

2018-11-27 15:59:07 - [TEST_STEP][PASSED] - Statement - counter = counter + 1: null

2018-11-27 15:59:07 - [TEST_STEP][PASSED] - Statement - PreSaveFile = new java.io.File(((pathPrefix + java.lang.Integer.toString(counter)) + .png)): null

2018-11-27 15:59:07 - [TEST_STEP][PASSED] - Statement - counter = counter + 1: null

2018-11-27 15:59:07 - [TEST_STEP][PASSED] - Statement - PreSaveFile = new java.io.File(((pathPrefix + java.lang.Integer.toString(counter)) + .png)): null

2018-11-27 15:59:07 - [TEST_STEP][PASSED] - Statement - counter = counter + 1: null

2018-11-27 15:59:07 - [TEST_STEP][PASSED] - Statement - PreSaveFile = new java.io.File(((pathPrefix + java.lang.Integer.toString(counter)) + .png)): null

2018-11-27 15:59:07 - [TEST_STEP][PASSED] - Statement - counter = counter + 1: null

2018-11-27 15:59:07 - [TEST_STEP][PASSED] - Statement - PreSaveFile = new java.io.File(((pathPrefix + java.lang.Integer.toString(counter)) + .png)): null

2018-11-27 15:59:07 - [TEST_STEP][PASSED] - Statement - counter = counter + 1: null

2018-11-27 15:59:07 - [TEST_STEP][PASSED] - Statement - PreSaveFile = new java.io.File(((pathPrefix + java.lang.Integer.toString(counter)) + .png)): null

2018-11-27 15:59:07 - [TEST_STEP][PASSED] - Statement - counter = counter + 1: null

2018-11-27 15:59:07 - [TEST_STEP][PASSED] - Statement - PreSaveFile = new java.io.File(((pathPrefix + java.lang.Integer.toString(counter)) + .png)): null

2018-11-27 15:59:07 - [TEST_STEP][PASSED] - Statement - counter = counter + 1: null

2018-11-27 15:59:07 - [TEST_STEP][PASSED] - Statement - PreSaveFile = new java.io.File(((pathPrefix + java.lang.Integer.toString(counter)) + .png)): null

2018-11-27 15:59:07 - [TEST_STEP][PASSED] - Statement - counter = counter + 1: null

2018-11-27 15:59:07 - [TEST_STEP][PASSED] - Statement - PreSaveFile = new java.io.File(((pathPrefix + java.lang.Integer.toString(counter)) + .png)): null

2018-11-27 15:59:07 - [TEST_STEP][PASSED] - Statement - counter = counter + 1: null

2018-11-27 15:59:07 - [TEST_STEP][PASSED] - Statement - PreSaveFile = new java.io.File(((pathPrefix + java.lang.Integer.toString(counter)) + .png)): null

2018-11-27 15:59:07 - [TEST_STEP][PASSED] - Statement - counter = counter + 1: null

2018-11-27 15:59:07 - [TEST_STEP][PASSED] - Statement - PreSaveFile = new java.io.File(((pathPrefix + java.lang.Integer.toString(counter)) + .png)): null

2018-11-27 15:59:07 - [TEST_STEP][PASSED] - Statement - counter = counter + 1: null

2018-11-27 15:59:07 - [TEST_STEP][PASSED] - Statement - PreSaveFile = new java.io.File(((pathPrefix + java.lang.Integer.toString(counter)) + .png)): null

2018-11-27 15:59:07 - [TEST_STEP][PASSED] - Statement - counter = counter + 1: null

2018-11-27 15:59:07 - [TEST_STEP][PASSED] - Statement - PreSaveFile = new java.io.File(((pathPrefix + java.lang.Integer.toString(counter)) + .png)): null

2018-11-27 15:59:07 - [TEST_STEP][PASSED] - Statement - counter = counter + 1: null

2018-11-27 15:59:07 - [TEST_STEP][PASSED] - Statement - PreSaveFile = new java.io.File(((pathPrefix + java.lang.Integer.toString(counter)) + .png)): null

2018-11-27 15:59:07 - [TEST_STEP][PASSED] - Statement - counter = counter + 1: null

2018-11-27 15:59:07 - [TEST_STEP][PASSED] - Statement - PreSaveFile = new java.io.File(((pathPrefix + java.lang.Integer.toString(counter)) + .png)): null

2018-11-27 15:59:07 - [TEST_STEP][PASSED] - Statement - counter = counter + 1: null

2018-11-27 15:59:07 - [TEST_STEP][PASSED] - Statement - PreSaveFile = new java.io.File(((pathPrefix + java.lang.Integer.toString(counter)) + .png)): null

2018-11-27 15:59:07 - [TEST_STEP][PASSED] - Statement - counter = counter + 1: null

2018-11-27 15:59:07 - [TEST_STEP][PASSED] - Statement - PreSaveFile = new java.io.File(((pathPrefix + java.lang.Integer.toString(counter)) + .png)): null

2018-11-27 15:59:07 - [TEST_STEP][PASSED] - Statement - counter = counter + 1: null

2018-11-27 15:59:07 - [TEST_STEP][PASSED] - Statement - PreSaveFile = new java.io.File(((pathPrefix + java.lang.Integer.toString(counter)) + .png)): null

2018-11-27 15:59:07 - [TEST_STEP][PASSED] - Statement - counter = counter + 1: null

2018-11-27 15:59:07 - [TEST_STEP][PASSED] - Statement - PreSaveFile = new java.io.File(((pathPrefix + java.lang.Integer.toString(counter)) + .png)): null

2018-11-27 15:59:07 - [TEST_STEP][PASSED] - Statement - counter = counter + 1: null

2018-11-27 15:59:07 - [TEST_STEP][PASSED] - Statement - PreSaveFile = new java.io.File(((pathPrefix + java.lang.Integer.toString(counter)) + .png)): null

2018-11-27 15:59:07 - [TEST_STEP][PASSED] - Statement - counter = counter + 1: null

2018-11-27 15:59:07 - [TEST_STEP][PASSED] - Statement - PreSaveFile = new java.io.File(((pathPrefix + java.lang.Integer.toString(counter)) + .png)): null

2018-11-27 15:59:07 - [TEST_STEP][PASSED] - Statement - counter = counter + 1: null

2018-11-27 15:59:07 - [TEST_STEP][PASSED] - Statement - PreSaveFile = new java.io.File(((pathPrefix + java.lang.Integer.toString(counter)) + .png)): null

2018-11-27 15:59:07 - [TEST_STEP][PASSED] - Statement - counter = counter + 1: null

2018-11-27 15:59:07 - [TEST_STEP][PASSED] - Statement - PreSaveFile = new java.io.File(((pathPrefix + java.lang.Integer.toString(counter)) + .png)): null

2018-11-27 15:59:07 - [TEST_STEP][PASSED] - Statement - counter = counter + 1: null

2018-11-27 15:59:07 - [TEST_STEP][PASSED] - Statement - PreSaveFile = new java.io.File(((pathPrefix + java.lang.Integer.toString(counter)) + .png)): null

2018-11-27 15:59:07 - [TEST_STEP][PASSED] - Statement - counter = counter + 1: null

2018-11-27 15:59:07 - [TEST_STEP][PASSED] - Statement - PreSaveFile = new java.io.File(((pathPrefix + java.lang.Integer.toString(counter)) + .png)): null

2018-11-27 15:59:07 - [TEST_STEP][PASSED] - Statement - counter = counter + 1: null

2018-11-27 15:59:07 - [TEST_STEP][PASSED] - Statement - PreSaveFile = new java.io.File(((pathPrefix + java.lang.Integer.toString(counter)) + .png)): null

2018-11-27 15:59:07 - [TEST_STEP][PASSED] - Statement - counter = counter + 1: null

2018-11-27 15:59:07 - [TEST_STEP][PASSED] - Statement - PreSaveFile = new java.io.File(((pathPrefix + java.lang.Integer.toString(counter)) + .png)): null

2018-11-27 15:59:07 - [TEST_STEP][PASSED] - Statement - counter = counter + 1: null

2018-11-27 15:59:07 - [TEST_STEP][PASSED] - Statement - PreSaveFile = new java.io.File(((pathPrefix + java.lang.Integer.toString(counter)) + .png)): null

2018-11-27 15:59:07 - [TEST_STEP][PASSED] - Statement - counter = counter + 1: null

2018-11-27 15:59:07 - [TEST_STEP][PASSED] - Statement - PreSaveFile = new java.io.File(((pathPrefix + java.lang.Integer.toString(counter)) + .png)): null

2018-11-27 15:59:07 - [TEST_STEP][PASSED] - Statement - counter = counter + 1: null

2018-11-27 15:59:07 - [TEST_STEP][PASSED] - Statement - PreSaveFile = new java.io.File(((pathPrefix + java.lang.Integer.toString(counter)) + .png)): null

2018-11-27 15:59:07 - [TEST_STEP][PASSED] - Statement - counter = counter + 1: null

2018-11-27 15:59:07 - [TEST_STEP][PASSED] - Statement - PreSaveFile = new java.io.File(((pathPrefix + java.lang.Integer.toString(counter)) + .png)): null

2018-11-27 15:59:07 - [TEST_STEP][PASSED] - Statement - counter = counter + 1: null

2018-11-27 15:59:07 - [TEST_STEP][PASSED] - Statement - PreSaveFile = new java.io.File(((pathPrefix + java.lang.Integer.toString(counter)) + .png)): null

2018-11-27 15:59:07 - [TEST_STEP][PASSED] - Statement - counter = counter + 1: null

2018-11-27 15:59:07 - [TEST_STEP][PASSED] - Statement - PreSaveFile = new java.io.File(((pathPrefix + java.lang.Integer.toString(counter)) + .png)): null

2018-11-27 15:59:07 - [TEST_STEP][PASSED] - Statement - counter = counter + 1: null

2018-11-27 15:59:07 - [TEST_STEP][PASSED] - Statement - PreSaveFile = new java.io.File(((pathPrefix + java.lang.Integer.toString(counter)) + .png)): null

2018-11-27 15:59:07 - [TEST_STEP][PASSED] - Statement - counter = counter + 1: null

2018-11-27 15:59:07 - [TEST_STEP][PASSED] - Statement - PreSaveFile = new java.io.File(((pathPrefix + java.lang.Integer.toString(counter)) + .png)): null

2018-11-27 15:59:07 - [TEST_STEP][PASSED] - Statement - counter = counter + 1: null

2018-11-27 15:59:07 - [TEST_STEP][PASSED] - Statement - PreSaveFile = new java.io.File(((pathPrefix + java.lang.Integer.toString(counter)) + .png)): null

2018-11-27 15:59:07 - [TEST_STEP][PASSED] - Statement - counter = counter + 1: null

2018-11-27 15:59:07 - [TEST_STEP][PASSED] - Statement - PreSaveFile = new java.io.File(((pathPrefix + java.lang.Integer.toString(counter)) + .png)): null

2018-11-27 15:59:07 - [TEST_STEP][PASSED] - Statement - counter = counter + 1: null

2018-11-27 15:59:07 - [TEST_STEP][PASSED] - Statement - PreSaveFile = new java.io.File(((pathPrefix + java.lang.Integer.toString(counter)) + .png)): null

2018-11-27 15:59:07 - [TEST_STEP][PASSED] - Statement - counter = counter + 1: null

2018-11-27 15:59:07 - [TEST_STEP][PASSED] - Statement - PreSaveFile = new java.io.File(((pathPrefix + java.lang.Integer.toString(counter)) + .png)): null

2018-11-27 15:59:07 - [TEST_STEP][PASSED] - Statement - counter = counter + 1: null

2018-11-27 15:59:07 - [TEST_STEP][PASSED] - Statement - PreSaveFile = new java.io.File(((pathPrefix + java.lang.Integer.toString(counter)) + .png)): null

2018-11-27 15:59:07 - [TEST_STEP][PASSED] - Statement - counter = counter + 1: null

2018-11-27 15:59:07 - [TEST_STEP][PASSED] - Statement - PreSaveFile = new java.io.File(((pathPrefix + java.lang.Integer.toString(counter)) + .png)): null

2018-11-27 15:59:07 - [TEST_STEP][PASSED] - Statement - counter = counter + 1: null

2018-11-27 15:59:07 - [TEST_STEP][PASSED] - Statement - PreSaveFile = new java.io.File(((pathPrefix + java.lang.Integer.toString(counter)) + .png)): null

2018-11-27 15:59:07 - [TEST_STEP][PASSED] - Statement - counter = counter + 1: null

2018-11-27 15:59:07 - [TEST_STEP][PASSED] - Statement - PreSaveFile = new java.io.File(((pathPrefix + java.lang.Integer.toString(counter)) + .png)): null

2018-11-27 15:59:07 - [TEST_STEP][PASSED] - Statement - counter = counter + 1: null

2018-11-27 15:59:07 - [TEST_STEP][PASSED] - Statement - PreSaveFile = new java.io.File(((pathPrefix + java.lang.Integer.toString(counter)) + .png)): null

2018-11-27 15:59:07 - [TEST_STEP][PASSED] - Statement - counter = counter + 1: null

2018-11-27 15:59:07 - [TEST_STEP][PASSED] - Statement - PreSaveFile = new java.io.File(((pathPrefix + java.lang.Integer.toString(counter)) + .png)): null

2018-11-27 15:59:07 - [TEST_STEP][PASSED] - Statement - counter = counter + 1: null

2018-11-27 15:59:07 - [TEST_STEP][PASSED] - Statement - PreSaveFile = new java.io.File(((pathPrefix + java.lang.Integer.toString(counter)) + .png)): null

2018-11-27 15:59:07 - [TEST_STEP][PASSED] - Statement - counter = counter + 1: null

2018-11-27 15:59:07 - [TEST_STEP][PASSED] - Statement - PreSaveFile = new java.io.File(((pathPrefix + java.lang.Integer.toString(counter)) + .png)): null

2018-11-27 15:59:07 - [TEST_STEP][PASSED] - Statement - counter = counter + 1: null

2018-11-27 15:59:07 - [TEST_STEP][PASSED] - Statement - PreSaveFile = new java.io.File(((pathPrefix + java.lang.Integer.toString(counter)) + .png)): null

2018-11-27 15:59:07 - [TEST_STEP][PASSED] - Statement - counter = counter + 1: null

2018-11-27 15:59:07 - [TEST_STEP][PASSED] - Statement - PreSaveFile = new java.io.File(((pathPrefix + java.lang.Integer.toString(counter)) + .png)): null

2018-11-27 15:59:07 - [TEST_STEP][PASSED] - Statement - counter = counter + 1: null

2018-11-27 15:59:07 - [TEST_STEP][PASSED] - Statement - PreSaveFile = new java.io.File(((pathPrefix + java.lang.Integer.toString(counter)) + .png)): null

2018-11-27 15:59:07 - [TEST_STEP][PASSED] - Statement - counter = counter + 1: null

2018-11-27 15:59:07 - [TEST_STEP][PASSED] - Statement - PreSaveFile = new java.io.File(((pathPrefix + java.lang.Integer.toString(counter)) + .png)): null

2018-11-27 15:59:07 - [TEST_STEP][PASSED] - Statement - counter = counter + 1: null

2018-11-27 15:59:07 - [TEST_STEP][PASSED] - Statement - PreSaveFile = new java.io.File(((pathPrefix + java.lang.Integer.toString(counter)) + .png)): null

2018-11-27 15:59:07 - [TEST_STEP][PASSED] - Statement - counter = counter + 1: null

2018-11-27 15:59:07 - [TEST_STEP][PASSED] - Statement - PreSaveFile = new java.io.File(((pathPrefix + java.lang.Integer.toString(counter)) + .png)): null

2018-11-27 15:59:07 - [TEST_STEP][PASSED] - Statement - counter = counter + 1: null

2018-11-27 15:59:07 - [TEST_STEP][PASSED] - Statement - PreSaveFile = new java.io.File(((pathPrefix + java.lang.Integer.toString(counter)) + .png)): null

2018-11-27 15:59:07 - [TEST_STEP][PASSED] - Statement - counter = counter + 1: null

2018-11-27 15:59:07 - [TEST_STEP][PASSED] - Statement - PreSaveFile = new java.io.File(((pathPrefix + java.lang.Integer.toString(counter)) + .png)): null

2018-11-27 15:59:07 - [TEST_STEP][PASSED] - Statement - counter = counter + 1: null

2018-11-27 15:59:07 - [TEST_STEP][PASSED] - Statement - PreSaveFile = new java.io.File(((pathPrefix + java.lang.Integer.toString(counter)) + .png)): null

2018-11-27 15:59:07 - [TEST_STEP][PASSED] - Statement - counter = counter + 1: null

2018-11-27 15:59:07 - [TEST_STEP][PASSED] - Statement - PreSaveFile = new java.io.File(((pathPrefix + java.lang.Integer.toString(counter)) + .png)): null

2018-11-27 15:59:07 - [TEST_STEP][PASSED] - Statement - counter = counter + 1: null

2018-11-27 15:59:07 - [TEST_STEP][PASSED] - Statement - PreSaveFile = new java.io.File(((pathPrefix + java.lang.Integer.toString(counter)) + .png)): null

2018-11-27 15:59:07 - [TEST_STEP][PASSED] - Statement - counter = counter + 1: null

2018-11-27 15:59:07 - [TEST_STEP][PASSED] - Statement - PreSaveFile = new java.io.File(((pathPrefix + java.lang.Integer.toString(counter)) + .png)): null

2018-11-27 15:59:07 - [TEST_STEP][PASSED] - Statement - counter = counter + 1: null

2018-11-27 15:59:07 - [TEST_STEP][PASSED] - Statement - PreSaveFile = new java.io.File(((pathPrefix + java.lang.Integer.toString(counter)) + .png)): null

2018-11-27 15:59:07 - [TEST_STEP][PASSED] - Statement - counter = counter + 1: null

2018-11-27 15:59:07 - [TEST_STEP][PASSED] - Statement - PreSaveFile = new java.io.File(((pathPrefix + java.lang.Integer.toString(counter)) + .png)): null

2018-11-27 15:59:07 - [TEST_STEP][PASSED] - Statement - counter = counter + 1: null

2018-11-27 15:59:07 - [TEST_STEP][PASSED] - Statement - PreSaveFile = new java.io.File(((pathPrefix + java.lang.Integer.toString(counter)) + .png)): null

2018-11-27 15:59:07 - [TEST_STEP][PASSED] - Statement - counter = counter + 1: null

2018-11-27 15:59:07 - [TEST_STEP][PASSED] - Statement - PreSaveFile = new java.io.File(((pathPrefix + java.lang.Integer.toString(counter)) + .png)): null

2018-11-27 15:59:07 - [TEST_STEP][PASSED] - Statement - counter = counter + 1: null

2018-11-27 15:59:07 - [TEST_STEP][PASSED] - Statement - PreSaveFile = new java.io.File(((pathPrefix + java.lang.Integer.toString(counter)) + .png)): null

2018-11-27 15:59:07 - [TEST_STEP][PASSED] - Statement - counter = counter + 1: null

2018-11-27 15:59:07 - [TEST_STEP][PASSED] - Statement - PreSaveFile = new java.io.File(((pathPrefix + java.lang.Integer.toString(counter)) + .png)): null

2018-11-27 15:59:07 - [TEST_STEP][PASSED] - Statement - counter = counter + 1: null

2018-11-27 15:59:07 - [TEST_STEP][PASSED] - Statement - PreSaveFile = new java.io.File(((pathPrefix + java.lang.Integer.toString(counter)) + .png)): null

2018-11-27 15:59:07 - [TEST_STEP][PASSED] - Statement - counter = counter + 1: null

2018-11-27 15:59:07 - [TEST_STEP][PASSED] - Statement - PreSaveFile = new java.io.File(((pathPrefix + java.lang.Integer.toString(counter)) + .png)): null

2018-11-27 15:59:07 - [TEST_STEP][PASSED] - Statement - counter = counter + 1: null

2018-11-27 15:59:07 - [TEST_STEP][PASSED] - Statement - PreSaveFile = new java.io.File(((pathPrefix + java.lang.Integer.toString(counter)) + .png)): null

2018-11-27 15:59:07 - [TEST_STEP][PASSED] - Statement - counter = counter + 1: null

2018-11-27 15:59:07 - [TEST_STEP][PASSED] - Statement - PreSaveFile = new java.io.File(((pathPrefix + java.lang.Integer.toString(counter)) + .png)): null

2018-11-27 15:59:07 - [TEST_STEP][PASSED] - Statement - counter = counter + 1: null

2018-11-27 15:59:07 - [TEST_STEP][PASSED] - Statement - PreSaveFile = new java.io.File(((pathPrefix + java.lang.Integer.toString(counter)) + .png)): null

2018-11-27 15:59:07 - [TEST_STEP][PASSED] - Statement - counter = counter + 1: null

2018-11-27 15:59:07 - [TEST_STEP][PASSED] - Statement - PreSaveFile = new java.io.File(((pathPrefix + java.lang.Integer.toString(counter)) + .png)): null

2018-11-27 15:59:07 - [TEST_STEP][PASSED] - Statement - counter = counter + 1: null

2018-11-27 15:59:07 - [TEST_STEP][PASSED] - Statement - PreSaveFile = new java.io.File(((pathPrefix + java.lang.Integer.toString(counter)) + .png)): null

2018-11-27 15:59:07 - [TEST_STEP][PASSED] - Statement - counter = counter + 1: null

2018-11-27 15:59:07 - [TEST_STEP][PASSED] - Statement - PreSaveFile = new java.io.File(((pathPrefix + java.lang.Integer.toString(counter)) + .png)): null

2018-11-27 15:59:07 - [TEST_STEP][PASSED] - Statement - counter = counter + 1: null

2018-11-27 15:59:07 - [TEST_STEP][PASSED] - Statement - PreSaveFile = new java.io.File(((pathPrefix + java.lang.Integer.toString(counter)) + .png)): null

2018-11-27 15:59:07 - [TEST_STEP][PASSED] - Statement - counter = counter + 1: null

2018-11-27 15:59:07 - [TEST_STEP][PASSED] - Statement - PreSaveFile = new java.io.File(((pathPrefix + java.lang.Integer.toString(counter)) + .png)): null

2018-11-27 15:59:07 - [TEST_STEP][PASSED] - Statement - counter = counter + 1: null

2018-11-27 15:59:07 - [TEST_STEP][PASSED] - Statement - PreSaveFile = new java.io.File(((pathPrefix + java.lang.Integer.toString(counter)) + .png)): null

2018-11-27 15:59:07 - [TEST_STEP][PASSED] - Statement - counter = counter + 1: null

2018-11-27 15:59:07 - [TEST_STEP][PASSED] - Statement - PreSaveFile = new java.io.File(((pathPrefix + java.lang.Integer.toString(counter)) + .png)): null

2018-11-27 15:59:07 - [TEST_STEP][PASSED] - Statement - counter = counter + 1: null

2018-11-27 15:59:07 - [TEST_STEP][PASSED] - Statement - PreSaveFile = new java.io.File(((pathPrefix + java.lang.Integer.toString(counter)) + .png)): null

2018-11-27 15:59:07 - [TEST_STEP][PASSED] - Statement - counter = counter + 1: null

2018-11-27 15:59:07 - [TEST_STEP][PASSED] - Statement - PreSaveFile = new java.io.File(((pathPrefix + java.lang.Integer.toString(counter)) + .png)): null

2018-11-27 15:59:07 - [TEST_STEP][PASSED] - Statement - counter = counter + 1: null

2018-11-27 15:59:07 - [TEST_STEP][PASSED] - Statement - PreSaveFile = new java.io.File(((pathPrefix + java.lang.Integer.toString(counter)) + .png)): null

2018-11-27 15:59:07 - [TEST_STEP][PASSED] - Statement - counter = counter + 1: null

2018-11-27 15:59:07 - [TEST_STEP][PASSED] - Statement - PreSaveFile = new java.io.File(((pathPrefix + java.lang.Integer.toString(counter)) + .png)): null

2018-11-27 15:59:07 - [TEST_STEP][PASSED] - Statement - counter = counter + 1: null

2018-11-27 15:59:07 - [TEST_STEP][PASSED] - Statement - PreSaveFile = new java.io.File(((pathPrefix + java.lang.Integer.toString(counter)) + .png)): null

2018-11-27 15:59:07 - [TEST_STEP][PASSED] - Statement - counter = counter + 1: null

2018-11-27 15:59:07 - [TEST_STEP][PASSED] - Statement - PreSaveFile = new java.io.File(((pathPrefix + java.lang.Integer.toString(counter)) + .png)): null

2018-11-27 15:59:07 - [TEST_STEP][PASSED] - Statement - counter = counter + 1: null

2018-11-27 15:59:08 - [TEST_STEP][PASSED] - Statement - PreSaveFile = new java.io.File(((pathPrefix + java.lang.Integer.toString(counter)) + .png)): null

2018-11-27 15:59:08 - [TEST_STEP][PASSED] - Statement - counter = counter + 1: null

2018-11-27 15:59:08 - [TEST_STEP][PASSED] - Statement - PreSaveFile = new java.io.File(((pathPrefix + java.lang.Integer.toString(counter)) + .png)): null

2018-11-27 15:59:08 - [TEST_STEP][PASSED] - Statement - counter = counter + 1: null

2018-11-27 15:59:08 - [TEST_STEP][PASSED] - Statement - PreSaveFile = new java.io.File(((pathPrefix + java.lang.Integer.toString(counter)) + .png)): null

2018-11-27 15:59:08 - [TEST_STEP][PASSED] - Statement - counter = counter + 1: null

2018-11-27 15:59:08 - [TEST_STEP][PASSED] - Statement - PreSaveFile = new java.io.File(((pathPrefix + java.lang.Integer.toString(counter)) + .png)): null

2018-11-27 15:59:08 - [TEST_STEP][PASSED] - Statement - counter = counter + 1: null

2018-11-27 15:59:08 - [TEST_STEP][PASSED] - Statement - PreSaveFile = new java.io.File(((pathPrefix + java.lang.Integer.toString(counter)) + .png)): null

2018-11-27 15:59:08 - [TEST_STEP][PASSED] - Statement - finalPath = pathPrefix + java.lang.Integer.toString(counter) + ".png": null

2018-11-27 15:59:08 - [TEST_STEP][PASSED] - Statement - SaveFile = new java.io.File(finalPath): null

2018-11-27 15:59:08 - [TEST_STEP][PASSED] - Statement - Try: null

2018-11-27 15:59:08 - [TEST_STEP][PASSED] - Statement - org.apache.commons.io.FileUtils.copyFile(scrFile, SaveFile): null

2018-11-27 15:59:08 - [TEST_STEP][PASSED] - Statement - out.println("file kept"): null

2018-11-27 15:59:08 - [TEST_STEP][PASSED] - delay: Delayed 10 second(s)

2018-11-27 15:59:18 - [MESSAGE][PASSED] - Delayed 10 second(s)

2018-11-27 15:59:18 - [MESSAGE][PASSED] - Call Test Case 'Test Cases/Final Aug 2018 - PKS Automation/Common/Screenshoting tool' successfully

2018-11-27 15:59:18 - [TEST_STEP][PASSED] - callTestCase: Call Test Case 'Test Cases/Final Aug 2018 - PKS Automation/Registration Module/Log Out/log out avoiding katalon tagging' successfully

2018-11-27 15:59:18 - [TEST_CASE][PASSED] - Test Cases/Final Aug 2018 - PKS Automation/Registration Module/Log Out/log out avoiding katalon tagging: Test Cases/Final Aug 2018 - PKS Automation/Registration Module/Log Out/log out avoiding katalon tagging

2018-11-27 15:59:18 - [TEST_STEP][PASSED] - navigateToUrl: Navigate to 'https://assist2-uat.perkeso.gov.my/c/portal/logout' successfully

2018-11-27 15:59:18 - [MESSAGE][PASSED] - Navigate to 'https://assist2-uat.perkeso.gov.my/c/portal/logout' successfully

2018-11-27 15:59:18 - [MESSAGE][PASSED] - Call Test Case 'Test Cases/Final Aug 2018 - PKS Automation/Registration Module/Log Out/log out avoiding katalon tagging' successfully

2018-11-27 15:59:18 - [TEST_STEP][FAILED] - callTestCase: Unable to call Test Case with id 'Test Cases/Final Aug 2018 - PKS Automation/Common/Workflow Owner Finder' (Root cause: Call Test Case 'Test Cases/Final Aug 2018 - PKS Automation/Common/Workflow Owner Finder' failed)

2018-11-27 15:59:18 - [TEST_CASE][FAILED] - Test Cases/Final Aug 2018 - PKS Automation/Common/Workflow Owner Finder: Test Cases/Final Aug 2018 - PKS Automation/Common/Workflow Owner Finder FAILED because (of) (Stack trace: com.kms.katalon.core.exception.StepFailedException: Unable to click on object 'Object Repository/Final Object Repo/Landing Page/Select to English' (Root cause: com.kms.katalon.core.webui.exception.WebElementNotFoundException: Web element with id: 'Object Repository/Final Object Repo/Landing Page/Select to English' located by 'By.xpath: //a[@class = 'taglib-language-list-text' and @lang = 'en-US' and (contains(text(), 'EN') or contains(., 'EN'))]' not found)
	at com.kms.katalon.core.keyword.internal.KeywordMain.stepFailed(KeywordMain.groovy:32)
	at com.kms.katalon.core.webui.keyword.internal.WebUIKeywordMain.stepFailed(WebUIKeywordMain.groovy:65)
	at com.kms.katalon.core.webui.keyword.internal.WebUIKeywordMain.runKeyword(WebUIKeywordMain.groovy:27)
	at com.kms.katalon.core.webui.keyword.builtin.ClickKeyword.click(ClickKeyword.groovy:86)
	at com.kms.katalon.core.webui.keyword.builtin.ClickKeyword.execute(ClickKeyword.groovy:67)
	at com.kms.katalon.core.keyword.internal.KeywordExecutor.executeKeywordForPlatform(KeywordExecutor.groovy:53)
	at com.kms.katalon.core.webui.keyword.WebUiBuiltInKeywords.click(WebUiBuiltInKeywords.groovy:604)
	at com.kms.katalon.core.webui.keyword.WebUiBuiltInKeywords$click$6.call(Unknown Source)
	at Script1534407542420.run(Script1534407542420.groovy:57)
	at com.kms.katalon.core.main.ScriptEngine.run(ScriptEngine.java:183)
	at com.kms.katalon.core.main.ScriptEngine.runScriptAsRawText(ScriptEngine.java:108)
	at com.kms.katalon.core.main.TestCaseExecutor.runScript(TestCaseExecutor.java:294)
	at com.kms.katalon.core.main.TestCaseExecutor.doExecute(TestCaseExecutor.java:285)
	at com.kms.katalon.core.main.TestCaseExecutor.processExecutionPhase(TestCaseExecutor.java:264)
	at com.kms.katalon.core.main.TestCaseExecutor.accessMainPhase(TestCaseExecutor.java:256)
	at com.kms.katalon.core.main.TestCaseExecutor.execute(TestCaseExecutor.java:200)
	at com.kms.katalon.core.main.TestCaseMain.runTestCase(TestCaseMain.java:99)
	at com.kms.katalon.core.keyword.builtin.CallTestCaseKeyword$_callTestCase_closure1.doCall(CallTestCaseKeyword.groovy:60)
	at com.kms.katalon.core.keyword.builtin.CallTestCaseKeyword$_callTestCase_closure1.call(CallTestCaseKeyword.groovy)
	at com.kms.katalon.core.keyword.internal.KeywordMain.runKeyword(KeywordMain.groovy:54)
	at com.kms.katalon.core.keyword.builtin.CallTestCaseKeyword.callTestCase(CallTestCaseKeyword.groovy:81)
	at com.kms.katalon.core.keyword.builtin.CallTestCaseKeyword.execute(CallTestCaseKeyword.groovy:45)
	at com.kms.katalon.core.keyword.internal.KeywordExecutor.executeKeywordForPlatform(KeywordExecutor.groovy:53)
	at com.kms.katalon.core.keyword.BuiltinKeywords.callTestCase(BuiltinKeywords.groovy:334)
	at sun.reflect.GeneratedMethodAccessor13.invoke(Unknown Source)
	at sun.reflect.DelegatingMethodAccessorImpl.invoke(DelegatingMethodAccessorImpl.java:43)
	at java.lang.reflect.Method.invoke(Method.java:498)
	at org.codehaus.groovy.reflection.CachedMethod.invoke(CachedMethod.java:93)
	at groovy.lang.MetaMethod.doMethodInvoke(MetaMethod.java:325)
	at groovy.lang.MetaClassImpl.invokeStaticMethod(MetaClassImpl.java:1469)
	at org.codehaus.groovy.runtime.callsite.StaticMetaClassSite.call(StaticMetaClassSite.java:53)
	at org.codehaus.groovy.runtime.callsite.CallSiteArray.defaultCall(CallSiteArray.java:48)
	at org.codehaus.groovy.runtime.callsite.AbstractCallSite.call(AbstractCallSite.java:113)
	at org.codehaus.groovy.runtime.callsite.AbstractCallSite.call(AbstractCallSite.java:141)
	at Script1537330388665.run(Script1537330388665.groovy:115)
	at com.kms.katalon.core.main.ScriptEngine.run(ScriptEngine.java:183)
	at com.kms.katalon.core.main.ScriptEngine.runScriptAsRawText(ScriptEngine.java:108)
	at com.kms.katalon.core.main.TestCaseExecutor.runScript(TestCaseExecutor.java:294)
	at com.kms.katalon.core.main.TestCaseExecutor.doExecute(TestCaseExecutor.java:285)
	at com.kms.katalon.core.main.TestCaseExecutor.processExecutionPhase(TestCaseExecutor.java:264)
	at com.kms.katalon.core.main.TestCaseExecutor.accessMainPhase(TestCaseExecutor.java:256)
	at com.kms.katalon.core.main.TestCaseExecutor.execute(TestCaseExecutor.java:200)
	at com.kms.katalon.core.main.TestSuiteExecutor.accessTestCaseMainPhase(TestSuiteExecutor.java:129)
	at com.kms.katalon.core.main.TestSuiteExecutor.accessTestSuiteMainPhase(TestSuiteExecutor.java:112)
	at com.kms.katalon.core.main.TestSuiteExecutor.execute(TestSuiteExecutor.java:81)
	at com.kms.katalon.core.main.TestCaseMain.startTestSuite(TestCaseMain.java:142)
	at com.kms.katalon.core.main.TestCaseMain$startTestSuite$0.call(Unknown Source)
	at org.codehaus.groovy.runtime.callsite.CallSiteArray.defaultCall(CallSiteArray.java:48)
	at org.codehaus.groovy.runtime.callsite.AbstractCallSite.call(AbstractCallSite.java:113)
	at org.codehaus.groovy.runtime.callsite.AbstractCallSite.call(AbstractCallSite.java:141)
	at TempTestSuite1543287057153.run(TempTestSuite1543287057153.groovy:36)
	at groovy.lang.GroovyShell.runScriptOrMainOrTestOrRunnable(GroovyShell.java:263)
	at groovy.lang.GroovyShell.run(GroovyShell.java:518)
	at groovy.lang.GroovyShell.run(GroovyShell.java:507)
	at groovy.ui.GroovyMain.processOnce(GroovyMain.java:653)
	at groovy.ui.GroovyMain.run(GroovyMain.java:384)
	at groovy.ui.GroovyMain.process(GroovyMain.java:370)
	at groovy.ui.GroovyMain.processArgs(GroovyMain.java:129)
	at groovy.ui.GroovyMain.main(GroovyMain.java:109)
	at sun.reflect.NativeMethodAccessorImpl.invoke0(Native Method)
	at sun.reflect.NativeMethodAccessorImpl.invoke(NativeMethodAccessorImpl.java:62)
	at sun.reflect.DelegatingMethodAccessorImpl.invoke(DelegatingMethodAccessorImpl.java:43)
	at java.lang.reflect.Method.invoke(Method.java:498)
	at org.codehaus.groovy.tools.GroovyStarter.rootLoader(GroovyStarter.java:109)
	at org.codehaus.groovy.tools.GroovyStarter.main(GroovyStarter.java:131)
)

2018-11-27 15:59:18 - [TEST_STEP][PASSED] - openBrowser: Browser is opened with url: ''

2018-11-27 15:59:18 - [MESSAGE][WARNING] - A browser is already opened. Closing browser and opening a new one

2018-11-27 15:59:23 - [MESSAGE][PASSED] - Browser is opened with url: ''

2018-11-27 15:59:23 - [TEST_STEP][PASSED] - navigateToUrl: Navigate to 'https://assist2-uat.perkeso.gov.my/login' successfully

2018-11-27 15:59:24 - [MESSAGE][PASSED] - Navigate to 'https://assist2-uat.perkeso.gov.my/login' successfully

2018-11-27 15:59:24 - [TEST_STEP][PASSED] - delay: Delayed 5 second(s)

2018-11-27 15:59:29 - [MESSAGE][PASSED] - Delayed 5 second(s)

2018-11-27 15:59:29 - [TEST_STEP][PASSED] - setText: Text 'test@liferay.com' is set on object 'Object Repository/Final Object Repo/Login Page/Internal User/Email Address'

2018-11-27 15:59:29 - [MESSAGE][PASSED] - Text 'test@liferay.com' is set on object 'Object Repository/Final Object Repo/Login Page/Internal User/Email Address'

2018-11-27 15:59:29 - [TEST_STEP][PASSED] - click: Object: 'Object Repository/Final Object Repo/Login Page/Internal User/Next Button' is clicked on

2018-11-27 15:59:30 - [MESSAGE][PASSED] - Object: 'Object Repository/Final Object Repo/Login Page/Internal User/Next Button' is clicked on

2018-11-27 15:59:30 - [TEST_STEP][PASSED] - delay: Delayed 2 second(s)

2018-11-27 15:59:32 - [MESSAGE][PASSED] - Delayed 2 second(s)

2018-11-27 15:59:32 - [TEST_STEP][PASSED] - setText: Text 'test' is set on object 'Object Repository/Final Object Repo/Login Page/Internal User/Password'

2018-11-27 15:59:32 - [MESSAGE][PASSED] - Text 'test' is set on object 'Object Repository/Final Object Repo/Login Page/Internal User/Password'

2018-11-27 15:59:32 - [TEST_STEP][PASSED] - delay: Delayed 2 second(s)

2018-11-27 15:59:34 - [MESSAGE][PASSED] - Delayed 2 second(s)

2018-11-27 15:59:34 - [TEST_STEP][PASSED] - click: Object: 'Object Repository/Final Object Repo/Login Page/Internal User/Login Button' is clicked on

2018-11-27 15:59:34 - [MESSAGE][PASSED] - Object: 'Object Repository/Final Object Repo/Login Page/Internal User/Login Button' is clicked on

2018-11-27 15:59:34 - [TEST_STEP][FAILED] - Statement - Try: Delayed 2 second(s)

2018-11-27 15:59:34 - [TEST_STEP][PASSED] - Statement - Checker = false: null

2018-11-27 15:59:34 - [TEST_STEP][PASSED] - Statement - Checker = com.kms.katalon.core.webui.keyword.WebUiBuiltInKeywords.verifyElementHasAttribute(com.kms.katalon.core.testobject.ObjectRepository.findTestObject(Final Object Repo/Landing Page/BM Detecting), "href", 20, OPTIONAL): Unable to verify if object 'Object Repository/Final Object Repo/Landing Page/BM Detecting' has attribute 'href' (Root cause: org.openqa.selenium.StaleElementReferenceException: stale element reference: element is not attached to the page document
  (Session info: chrome=70.0.3538.102)
  (Driver info: chromedriver=2.43.600210 (68dcf5eebde37173d4027fa8635e332711d2874a),platform=Windows NT 6.1.7601 SP1 x86_64) (WARNING: The server did not provide any stacktrace information)
Command duration or timeout: 0 milliseconds
For documentation on this error, please visit: http://seleniumhq.org/exceptions/stale_element_reference.html
Build info: version: '3.7.1', revision: '8a0099a', time: '2017-11-06T21:07:36.161Z'
System info: host: 'WIN7TEST02', ip: '10.20.3.72', os.name: 'Windows 7', os.arch: 'amd64', os.version: '6.1', java.version: '1.8.0_181'
Driver info: com.kms.katalon.selenium.driver.CChromeDriver
Capabilities {acceptInsecureCerts: false, acceptSslCerts: false, applicationCacheEnabled: false, browserConnectionEnabled: false, browserName: chrome, chrome: {chromedriverVersion: 2.43.600210 (68dcf5eebde371..., userDataDir: C:\Users\Admin\AppData\Loca...}, cssSelectorsEnabled: true, databaseEnabled: false, goog:chromeOptions: {debuggerAddress: localhost:63735}, handlesAlerts: true, hasTouchScreen: false, javascriptEnabled: true, locationContextEnabled: true, mobileEmulationEnabled: false, nativeEvents: true, networkConnectionEnabled: false, pageLoadStrategy: normal, platform: XP, platformName: XP, rotatable: false, setWindowRect: true, takesHeapSnapshot: true, takesScreenshot: true, unexpectedAlertBehaviour: , unhandledPromptBehavior: , version: 70.0.3538.102, webStorageEnabled: true}
Session ID: 33c8af30f37974237032c95f4fc42c60)

2018-11-27 15:59:37 - [MESSAGE][WARNING] - Unable to verify if object 'Object Repository/Final Object Repo/Landing Page/BM Detecting' has attribute 'href' (Root cause: org.openqa.selenium.StaleElementReferenceException: stale element reference: element is not attached to the page document
  (Session info: chrome=70.0.3538.102)
  (Driver info: chromedriver=2.43.600210 (68dcf5eebde37173d4027fa8635e332711d2874a),platform=Windows NT 6.1.7601 SP1 x86_64) (WARNING: The server did not provide any stacktrace information)
Command duration or timeout: 0 milliseconds
For documentation on this error, please visit: http://seleniumhq.org/exceptions/stale_element_reference.html
Build info: version: '3.7.1', revision: '8a0099a', time: '2017-11-06T21:07:36.161Z'
System info: host: 'WIN7TEST02', ip: '10.20.3.72', os.name: 'Windows 7', os.arch: 'amd64', os.version: '6.1', java.version: '1.8.0_181'
Driver info: com.kms.katalon.selenium.driver.CChromeDriver
Capabilities {acceptInsecureCerts: false, acceptSslCerts: false, applicationCacheEnabled: false, browserConnectionEnabled: false, browserName: chrome, chrome: {chromedriverVersion: 2.43.600210 (68dcf5eebde371..., userDataDir: C:\Users\Admin\AppData\Loca...}, cssSelectorsEnabled: true, databaseEnabled: false, goog:chromeOptions: {debuggerAddress: localhost:63735}, handlesAlerts: true, hasTouchScreen: false, javascriptEnabled: true, locationContextEnabled: true, mobileEmulationEnabled: false, nativeEvents: true, networkConnectionEnabled: false, pageLoadStrategy: normal, platform: XP, platformName: XP, rotatable: false, setWindowRect: true, takesHeapSnapshot: true, takesScreenshot: true, unexpectedAlertBehaviour: , unhandledPromptBehavior: , version: 70.0.3538.102, webStorageEnabled: true}
Session ID: 33c8af30f37974237032c95f4fc42c60)
[[ATTACHMENT|C:\\Users\\Admin\\Desktop\\PKS\\Perkeso Phase A\\Reports\\Workflow\\Update Add New Employee\\20181127_105057\\1543305577054.png]]

2018-11-27 15:59:37 - [TEST_STEP][PASSED] - Statement - out.println(Checker): null

2018-11-27 15:59:37 - [TEST_STEP][FAILED] - Statement - If (Checker == false): Unable to click on object 'Object Repository/Final Object Repo/Landing Page/Select to English' (Root cause: com.kms.katalon.core.webui.exception.WebElementNotFoundException: Web element with id: 'Object Repository/Final Object Repo/Landing Page/Select to English' located by 'By.xpath: //a[@class = 'taglib-language-list-text' and @lang = 'en-US' and (contains(text(), 'EN') or contains(., 'EN'))]' not found)

2018-11-27 15:59:37 - [TEST_STEP][FAILED] - click: Unable to click on object 'Object Repository/Final Object Repo/Landing Page/Select to English' (Root cause: com.kms.katalon.core.webui.exception.WebElementNotFoundException: Web element with id: 'Object Repository/Final Object Repo/Landing Page/Select to English' located by 'By.xpath: //a[@class = 'taglib-language-list-text' and @lang = 'en-US' and (contains(text(), 'EN') or contains(., 'EN'))]' not found)

2018-11-27 16:00:14 - [MESSAGE][FAILED] - Unable to click on object 'Object Repository/Final Object Repo/Landing Page/Select to English' (Root cause: com.kms.katalon.core.webui.exception.WebElementNotFoundException: Web element with id: 'Object Repository/Final Object Repo/Landing Page/Select to English' located by 'By.xpath: //a[@class = 'taglib-language-list-text' and @lang = 'en-US' and (contains(text(), 'EN') or contains(., 'EN'))]' not found)
[[ATTACHMENT|C:\\Users\\Admin\\Desktop\\PKS\\Perkeso Phase A\\Reports\\Workflow\\Update Add New Employee\\20181127_105057\\1543305614518.png]]

2018-11-27 16:00:14 - [TEST_STEP][PASSED] - delay: Delayed 2 second(s)

2018-11-27 16:00:16 - [MESSAGE][PASSED] - Delayed 2 second(s)

2018-11-27 16:00:16 - [TEST_STEP][PASSED] - delay: Delayed 3 second(s)

2018-11-27 16:00:19 - [MESSAGE][PASSED] - Delayed 3 second(s)

2018-11-27 16:00:19 - [TEST_STEP][PASSED] - mouseOver: Object: 'Object Repository/Final Object Repo/Landing Page/WorkFlow Menu' is hovered

2018-11-27 16:00:19 - [MESSAGE][PASSED] - Object: 'Object Repository/Final Object Repo/Landing Page/WorkFlow Menu' is hovered

2018-11-27 16:00:19 - [TEST_STEP][PASSED] - delay: Delayed 2 second(s)

2018-11-27 16:00:21 - [MESSAGE][PASSED] - Delayed 2 second(s)

2018-11-27 16:00:21 - [TEST_STEP][PASSED] - click: Object: 'Object Repository/Final Object Repo/Landing Page/Select to Workflow Listing' is clicked on

2018-11-27 16:00:23 - [MESSAGE][PASSED] - Object: 'Object Repository/Final Object Repo/Landing Page/Select to Workflow Listing' is clicked on

2018-11-27 16:00:23 - [TEST_STEP][PASSED] - delay: Delayed 2 second(s)

2018-11-27 16:00:25 - [MESSAGE][PASSED] - Delayed 2 second(s)

2018-11-27 16:00:25 - [TEST_STEP][PASSED] - click: Object: 'Object Repository/Final Object Repo/WorkFlow Listing Page/Search Information - To Put Ref No' is clicked on

2018-11-27 16:00:25 - [MESSAGE][PASSED] - Object: 'Object Repository/Final Object Repo/WorkFlow Listing Page/Search Information - To Put Ref No' is clicked on

2018-11-27 16:00:25 - [TEST_STEP][PASSED] - delay: Delayed 2 second(s)

2018-11-27 16:00:27 - [MESSAGE][PASSED] - Delayed 2 second(s)

2018-11-27 16:00:27 - [TEST_STEP][PASSED] - callTestCase: Call Test Case 'Test Cases/Final Aug 2018 - PKS Automation/Common/Reference Number Getter' successfully

2018-11-27 16:00:27 - [TEST_CASE][PASSED] - Test Cases/Final Aug 2018 - PKS Automation/Common/Reference Number Getter: Test Cases/Final Aug 2018 - PKS Automation/Common/Reference Number Getter

2018-11-27 16:00:27 - [TEST_STEP][PASSED] - Statement - Try: null

2018-11-27 16:00:27 - [TEST_STEP][PASSED] - Statement - RefNo = new java.io.File(C://Users//Admin//Desktop//PKS//Automation Reference Point//KatalonReference.txt): null

2018-11-27 16:00:27 - [TEST_STEP][PASSED] - Statement - bufferread = new java.io.BufferedReader(new java.io.FileReader(RefNo)): null

2018-11-27 16:00:27 - [TEST_STEP][PASSED] - Statement - readedVal = bufferread.readLine(): null

2018-11-27 16:00:27 - [TEST_STEP][PASSED] - Statement - out.println(CaseReferenceNo): null

2018-11-27 16:00:27 - [TEST_STEP][PASSED] - Statement - out.println(readedVal): null

2018-11-27 16:00:27 - [TEST_STEP][PASSED] - Statement - CaseReferenceNo = "": null

2018-11-27 16:00:27 - [TEST_STEP][PASSED] - Statement - CaseReferenceNo = readedVal: null

2018-11-27 16:00:27 - [MESSAGE][PASSED] - Call Test Case 'Test Cases/Final Aug 2018 - PKS Automation/Common/Reference Number Getter' successfully

2018-11-27 16:00:27 - [TEST_STEP][PASSED] - setText: Text 'CAN11201800002199' is set on object 'Object Repository/Final Object Repo/WorkFlow Listing Page/Ref No Set Text'

2018-11-27 16:00:27 - [MESSAGE][PASSED] - Text 'CAN11201800002199' is set on object 'Object Repository/Final Object Repo/WorkFlow Listing Page/Ref No Set Text'

2018-11-27 16:00:27 - [TEST_STEP][PASSED] - delay: Delayed 2 second(s)

2018-11-27 16:00:29 - [MESSAGE][PASSED] - Delayed 2 second(s)

2018-11-27 16:00:29 - [TEST_STEP][PASSED] - click: Object: 'Object Repository/Final Object Repo/WorkFlow Listing Page/Search Ref No Search Button' is clicked on

2018-11-27 16:00:30 - [MESSAGE][PASSED] - Object: 'Object Repository/Final Object Repo/WorkFlow Listing Page/Search Ref No Search Button' is clicked on

2018-11-27 16:00:30 - [TEST_STEP][PASSED] - delay: Delayed 4 second(s)

2018-11-27 16:00:34 - [MESSAGE][PASSED] - Delayed 4 second(s)

2018-11-27 16:00:34 - [TEST_STEP][PASSED] - click: Object: 'Object Repository/Final Object Repo/WorkFlow Listing Page/Click Continue Tooltip' is clicked on

2018-11-27 16:00:34 - [MESSAGE][PASSED] - Object: 'Object Repository/Final Object Repo/WorkFlow Listing Page/Click Continue Tooltip' is clicked on

2018-11-27 16:00:34 - [TEST_STEP][PASSED] - delay: Delayed 5 second(s)

2018-11-27 16:00:39 - [MESSAGE][PASSED] - Delayed 5 second(s)

2018-11-27 16:00:39 - [TEST_STEP][PASSED] - doubleClick: Object: 'Object Repository/Final Object Repo/WorkFlow Listing Page/Workflow Found - Listing 1' is double clicked on

2018-11-27 16:00:40 - [MESSAGE][PASSED] - Object: 'Object Repository/Final Object Repo/WorkFlow Listing Page/Workflow Found - Listing 1' is double clicked on

2018-11-27 16:00:40 - [TEST_STEP][PASSED] - Statement - println(OwnerID): null

2018-11-27 16:00:40 - [TEST_STEP][PASSED] - Statement - OwnerID = com.kms.katalon.core.webui.keyword.WebUiBuiltInKeywords.getText(com.kms.katalon.core.testobject.ObjectRepository.findTestObject(Final Object Repo/WorkFlow Listing Page/Workflow Found - Listing 1), STOP_ON_FAILURE): Text of object 'Object Repository/Final Object Repo/WorkFlow Listing Page/Workflow Found - Listing 1' is: 'JOHORro3'

2018-11-27 16:00:40 - [MESSAGE][PASSED] - Text of object 'Object Repository/Final Object Repo/WorkFlow Listing Page/Workflow Found - Listing 1' is: 'JOHORro3'

2018-11-27 16:00:40 - [TEST_STEP][PASSED] - Statement - OwnerID = OwnerID.toLowerCase() + "@gmail.com": null

2018-11-27 16:00:40 - [TEST_STEP][PASSED] - Statement - println(OwnerID): null

2018-11-27 16:00:40 - [TEST_STEP][PASSED] - delay: Delayed 2 second(s)

2018-11-27 16:00:42 - [MESSAGE][PASSED] - Delayed 2 second(s)

2018-11-27 16:00:42 - [MESSAGE][FAILED] - Unable to call Test Case with id 'Test Cases/Final Aug 2018 - PKS Automation/Common/Workflow Owner Finder' (Root cause: Call Test Case 'Test Cases/Final Aug 2018 - PKS Automation/Common/Workflow Owner Finder' failed)]]></system-out>
         <system-err><![CDATA[2018-11-27 15:48:55 - [TEST_CASE][FAILED] - Test Cases/Final Aug 2018 - PKS Automation/Registration Module/Workflow/Update Add New Employee/Special Case (Employer - RO Query - OTC Upload Pending Case - RO Approve): Test Cases/Final Aug 2018 - PKS Automation/Registration Module/Workflow/Update Add New Employee/Special Case (Employer - RO Query - OTC Upload Pending Case - RO Approve) FAILED because (of) (Stack trace: com.kms.katalon.core.exception.StepFailedException: Unable to click on object 'Object Repository/Final Object Repo/Landing Page/Select to English' (Root cause: com.kms.katalon.core.webui.exception.WebElementNotFoundException: Web element with id: 'Object Repository/Final Object Repo/Landing Page/Select to English' located by 'By.xpath: //a[@class = 'taglib-language-list-text' and @lang = 'en-US' and (contains(text(), 'EN') or contains(., 'EN'))]' not found)
	at com.kms.katalon.core.keyword.internal.KeywordMain.stepFailed(KeywordMain.groovy:32)
	at com.kms.katalon.core.webui.keyword.internal.WebUIKeywordMain.stepFailed(WebUIKeywordMain.groovy:65)
	at com.kms.katalon.core.webui.keyword.internal.WebUIKeywordMain.runKeyword(WebUIKeywordMain.groovy:27)
	at com.kms.katalon.core.webui.keyword.builtin.ClickKeyword.click(ClickKeyword.groovy:86)
	at com.kms.katalon.core.webui.keyword.builtin.ClickKeyword.execute(ClickKeyword.groovy:67)
	at com.kms.katalon.core.keyword.internal.KeywordExecutor.executeKeywordForPlatform(KeywordExecutor.groovy:53)
	at com.kms.katalon.core.webui.keyword.WebUiBuiltInKeywords.click(WebUiBuiltInKeywords.groovy:604)
	at com.kms.katalon.core.webui.keyword.WebUiBuiltInKeywords$click$6.call(Unknown Source)
	at Script1534407542420.run(Script1534407542420.groovy:57)
	at com.kms.katalon.core.main.ScriptEngine.run(ScriptEngine.java:183)
	at com.kms.katalon.core.main.ScriptEngine.runScriptAsRawText(ScriptEngine.java:108)
	at com.kms.katalon.core.main.TestCaseExecutor.runScript(TestCaseExecutor.java:294)
	at com.kms.katalon.core.main.TestCaseExecutor.doExecute(TestCaseExecutor.java:285)
	at com.kms.katalon.core.main.TestCaseExecutor.processExecutionPhase(TestCaseExecutor.java:264)
	at com.kms.katalon.core.main.TestCaseExecutor.accessMainPhase(TestCaseExecutor.java:256)
	at com.kms.katalon.core.main.TestCaseExecutor.execute(TestCaseExecutor.java:200)
	at com.kms.katalon.core.main.TestCaseMain.runTestCase(TestCaseMain.java:99)
	at com.kms.katalon.core.keyword.builtin.CallTestCaseKeyword$_callTestCase_closure1.doCall(CallTestCaseKeyword.groovy:60)
	at com.kms.katalon.core.keyword.builtin.CallTestCaseKeyword$_callTestCase_closure1.call(CallTestCaseKeyword.groovy)
	at com.kms.katalon.core.keyword.internal.KeywordMain.runKeyword(KeywordMain.groovy:54)
	at com.kms.katalon.core.keyword.builtin.CallTestCaseKeyword.callTestCase(CallTestCaseKeyword.groovy:81)
	at com.kms.katalon.core.keyword.builtin.CallTestCaseKeyword.execute(CallTestCaseKeyword.groovy:45)
	at com.kms.katalon.core.keyword.internal.KeywordExecutor.executeKeywordForPlatform(KeywordExecutor.groovy:53)
	at com.kms.katalon.core.keyword.BuiltinKeywords.callTestCase(BuiltinKeywords.groovy:334)
	at sun.reflect.GeneratedMethodAccessor13.invoke(Unknown Source)
	at sun.reflect.DelegatingMethodAccessorImpl.invoke(DelegatingMethodAccessorImpl.java:43)
	at java.lang.reflect.Method.invoke(Method.java:498)
	at org.codehaus.groovy.reflection.CachedMethod.invoke(CachedMethod.java:93)
	at groovy.lang.MetaMethod.doMethodInvoke(MetaMethod.java:325)
	at groovy.lang.MetaClassImpl.invokeStaticMethod(MetaClassImpl.java:1469)
	at org.codehaus.groovy.runtime.callsite.StaticMetaClassSite.call(StaticMetaClassSite.java:53)
	at org.codehaus.groovy.runtime.callsite.CallSiteArray.defaultCall(CallSiteArray.java:48)
	at org.codehaus.groovy.runtime.callsite.AbstractCallSite.call(AbstractCallSite.java:113)
	at org.codehaus.groovy.runtime.callsite.AbstractCallSite.call(AbstractCallSite.java:141)
	at Script1537330388665.run(Script1537330388665.groovy:115)
	at com.kms.katalon.core.main.ScriptEngine.run(ScriptEngine.java:183)
	at com.kms.katalon.core.main.ScriptEngine.runScriptAsRawText(ScriptEngine.java:108)
	at com.kms.katalon.core.main.TestCaseExecutor.runScript(TestCaseExecutor.java:294)
	at com.kms.katalon.core.main.TestCaseExecutor.doExecute(TestCaseExecutor.java:285)
	at com.kms.katalon.core.main.TestCaseExecutor.processExecutionPhase(TestCaseExecutor.java:264)
	at com.kms.katalon.core.main.TestCaseExecutor.accessMainPhase(TestCaseExecutor.java:256)
	at com.kms.katalon.core.main.TestCaseExecutor.execute(TestCaseExecutor.java:200)
	at com.kms.katalon.core.main.TestSuiteExecutor.accessTestCaseMainPhase(TestSuiteExecutor.java:129)
	at com.kms.katalon.core.main.TestSuiteExecutor.accessTestSuiteMainPhase(TestSuiteExecutor.java:112)
	at com.kms.katalon.core.main.TestSuiteExecutor.execute(TestSuiteExecutor.java:81)
	at com.kms.katalon.core.main.TestCaseMain.startTestSuite(TestCaseMain.java:142)
	at com.kms.katalon.core.main.TestCaseMain$startTestSuite$0.call(Unknown Source)
	at org.codehaus.groovy.runtime.callsite.CallSiteArray.defaultCall(CallSiteArray.java:48)
	at org.codehaus.groovy.runtime.callsite.AbstractCallSite.call(AbstractCallSite.java:113)
	at org.codehaus.groovy.runtime.callsite.AbstractCallSite.call(AbstractCallSite.java:141)
	at TempTestSuite1543287057153.run(TempTestSuite1543287057153.groovy:36)
	at groovy.lang.GroovyShell.runScriptOrMainOrTestOrRunnable(GroovyShell.java:263)
	at groovy.lang.GroovyShell.run(GroovyShell.java:518)
	at groovy.lang.GroovyShell.run(GroovyShell.java:507)
	at groovy.ui.GroovyMain.processOnce(GroovyMain.java:653)
	at groovy.ui.GroovyMain.run(GroovyMain.java:384)
	at groovy.ui.GroovyMain.process(GroovyMain.java:370)
	at groovy.ui.GroovyMain.processArgs(GroovyMain.java:129)
	at groovy.ui.GroovyMain.main(GroovyMain.java:109)
	at sun.reflect.NativeMethodAccessorImpl.invoke0(Native Method)
	at sun.reflect.NativeMethodAccessorImpl.invoke(NativeMethodAccessorImpl.java:62)
	at sun.reflect.DelegatingMethodAccessorImpl.invoke(DelegatingMethodAccessorImpl.java:43)
	at java.lang.reflect.Method.invoke(Method.java:498)
	at org.codehaus.groovy.tools.GroovyStarter.rootLoader(GroovyStarter.java:109)
	at org.codehaus.groovy.tools.GroovyStarter.main(GroovyStarter.java:131)
)]]></system-err>
      </testcase>
      <testcase name="Test Cases/Final Aug 2018 - PKS Automation/Registration Module/Workflow/Update Add New Employee/Special Case (Employer - RO Under Enforcement)" classname="Test Cases/Final Aug 2018 - PKS Automation/Registration Module/Workflow/Update Add New Employee/Special Case (Employer - RO Under Enforcement)" status="FAILED">
         <failure type="FAILED" message="(Stack trace: com.kms.katalon.core.exception.StepFailedException: Unable to click on object 'Object Repository/Final Object Repo/Landing Page/Select to English' (Root cause: com.kms.katalon.core.webui.exception.WebElementNotFoundException: Web element with id: 'Object Repository/Final Object Repo/Landing Page/Select to English' located by 'By.xpath: //a[@class = 'taglib-language-list-text' and @lang = 'en-US' and (contains(text(), 'EN') or contains(., 'EN'))]' not found)
	at com.kms.katalon.core.keyword.internal.KeywordMain.stepFailed(KeywordMain.groovy:32)
	at com.kms.katalon.core.webui.keyword.internal.WebUIKeywordMain.stepFailed(WebUIKeywordMain.groovy:65)
	at com.kms.katalon.core.webui.keyword.internal.WebUIKeywordMain.runKeyword(WebUIKeywordMain.groovy:27)
	at com.kms.katalon.core.webui.keyword.builtin.ClickKeyword.click(ClickKeyword.groovy:86)
	at com.kms.katalon.core.webui.keyword.builtin.ClickKeyword.execute(ClickKeyword.groovy:67)
	at com.kms.katalon.core.keyword.internal.KeywordExecutor.executeKeywordForPlatform(KeywordExecutor.groovy:53)
	at com.kms.katalon.core.webui.keyword.WebUiBuiltInKeywords.click(WebUiBuiltInKeywords.groovy:604)
	at com.kms.katalon.core.webui.keyword.WebUiBuiltInKeywords$click$6.call(Unknown Source)
	at Script1534407542420.run(Script1534407542420.groovy:57)
	at com.kms.katalon.core.main.ScriptEngine.run(ScriptEngine.java:183)
	at com.kms.katalon.core.main.ScriptEngine.runScriptAsRawText(ScriptEngine.java:108)
	at com.kms.katalon.core.main.TestCaseExecutor.runScript(TestCaseExecutor.java:294)
	at com.kms.katalon.core.main.TestCaseExecutor.doExecute(TestCaseExecutor.java:285)
	at com.kms.katalon.core.main.TestCaseExecutor.processExecutionPhase(TestCaseExecutor.java:264)
	at com.kms.katalon.core.main.TestCaseExecutor.accessMainPhase(TestCaseExecutor.java:256)
	at com.kms.katalon.core.main.TestCaseExecutor.execute(TestCaseExecutor.java:200)
	at com.kms.katalon.core.main.TestCaseMain.runTestCase(TestCaseMain.java:99)
	at com.kms.katalon.core.keyword.builtin.CallTestCaseKeyword$_callTestCase_closure1.doCall(CallTestCaseKeyword.groovy:60)
	at com.kms.katalon.core.keyword.builtin.CallTestCaseKeyword$_callTestCase_closure1.call(CallTestCaseKeyword.groovy)
	at com.kms.katalon.core.keyword.internal.KeywordMain.runKeyword(KeywordMain.groovy:54)
	at com.kms.katalon.core.keyword.builtin.CallTestCaseKeyword.callTestCase(CallTestCaseKeyword.groovy:81)
	at com.kms.katalon.core.keyword.builtin.CallTestCaseKeyword.execute(CallTestCaseKeyword.groovy:45)
	at com.kms.katalon.core.keyword.internal.KeywordExecutor.executeKeywordForPlatform(KeywordExecutor.groovy:53)
	at com.kms.katalon.core.keyword.BuiltinKeywords.callTestCase(BuiltinKeywords.groovy:334)
	at sun.reflect.GeneratedMethodAccessor13.invoke(Unknown Source)
	at sun.reflect.DelegatingMethodAccessorImpl.invoke(DelegatingMethodAccessorImpl.java:43)
	at java.lang.reflect.Method.invoke(Method.java:498)
	at org.codehaus.groovy.reflection.CachedMethod.invoke(CachedMethod.java:93)
	at groovy.lang.MetaMethod.doMethodInvoke(MetaMethod.java:325)
	at groovy.lang.MetaClassImpl.invokeStaticMethod(MetaClassImpl.java:1469)
	at org.codehaus.groovy.runtime.callsite.StaticMetaClassSite.call(StaticMetaClassSite.java:53)
	at org.codehaus.groovy.runtime.callsite.CallSiteArray.defaultCall(CallSiteArray.java:48)
	at org.codehaus.groovy.runtime.callsite.AbstractCallSite.call(AbstractCallSite.java:113)
	at org.codehaus.groovy.runtime.callsite.AbstractCallSite.call(AbstractCallSite.java:141)
	at Script1537333843549.run(Script1537333843549.groovy:112)
	at com.kms.katalon.core.main.ScriptEngine.run(ScriptEngine.java:183)
	at com.kms.katalon.core.main.ScriptEngine.runScriptAsRawText(ScriptEngine.java:108)
	at com.kms.katalon.core.main.TestCaseExecutor.runScript(TestCaseExecutor.java:294)
	at com.kms.katalon.core.main.TestCaseExecutor.doExecute(TestCaseExecutor.java:285)
	at com.kms.katalon.core.main.TestCaseExecutor.processExecutionPhase(TestCaseExecutor.java:264)
	at com.kms.katalon.core.main.TestCaseExecutor.accessMainPhase(TestCaseExecutor.java:256)
	at com.kms.katalon.core.main.TestCaseExecutor.execute(TestCaseExecutor.java:200)
	at com.kms.katalon.core.main.TestSuiteExecutor.accessTestCaseMainPhase(TestSuiteExecutor.java:129)
	at com.kms.katalon.core.main.TestSuiteExecutor.accessTestSuiteMainPhase(TestSuiteExecutor.java:112)
	at com.kms.katalon.core.main.TestSuiteExecutor.execute(TestSuiteExecutor.java:81)
	at com.kms.katalon.core.main.TestCaseMain.startTestSuite(TestCaseMain.java:142)
	at com.kms.katalon.core.main.TestCaseMain$startTestSuite$0.call(Unknown Source)
	at org.codehaus.groovy.runtime.callsite.CallSiteArray.defaultCall(CallSiteArray.java:48)
	at org.codehaus.groovy.runtime.callsite.AbstractCallSite.call(AbstractCallSite.java:113)
	at org.codehaus.groovy.runtime.callsite.AbstractCallSite.call(AbstractCallSite.java:141)
	at TempTestSuite1543287057153.run(TempTestSuite1543287057153.groovy:36)
	at groovy.lang.GroovyShell.runScriptOrMainOrTestOrRunnable(GroovyShell.java:263)
	at groovy.lang.GroovyShell.run(GroovyShell.java:518)
	at groovy.lang.GroovyShell.run(GroovyShell.java:507)
	at groovy.ui.GroovyMain.processOnce(GroovyMain.java:653)
	at groovy.ui.GroovyMain.run(GroovyMain.java:384)
	at groovy.ui.GroovyMain.process(GroovyMain.java:370)
	at groovy.ui.GroovyMain.processArgs(GroovyMain.java:129)
	at groovy.ui.GroovyMain.main(GroovyMain.java:109)
	at sun.reflect.NativeMethodAccessorImpl.invoke0(Native Method)
	at sun.reflect.NativeMethodAccessorImpl.invoke(NativeMethodAccessorImpl.java:62)
	at sun.reflect.DelegatingMethodAccessorImpl.invoke(DelegatingMethodAccessorImpl.java:43)
	at java.lang.reflect.Method.invoke(Method.java:498)
	at org.codehaus.groovy.tools.GroovyStarter.rootLoader(GroovyStarter.java:109)
	at org.codehaus.groovy.tools.GroovyStarter.main(GroovyStarter.java:131)
)"/>
         <system-out><![CDATA[2018-11-27 16:00:42 - [TEST_CASE][FAILED] - Test Cases/Final Aug 2018 - PKS Automation/Registration Module/Workflow/Update Add New Employee/Special Case (Employer - RO Under Enforcement): Test Cases/Final Aug 2018 - PKS Automation/Registration Module/Workflow/Update Add New Employee/Special Case (Employer - RO Under Enforcement) FAILED because (of) (Stack trace: com.kms.katalon.core.exception.StepFailedException: Unable to click on object 'Object Repository/Final Object Repo/Landing Page/Select to English' (Root cause: com.kms.katalon.core.webui.exception.WebElementNotFoundException: Web element with id: 'Object Repository/Final Object Repo/Landing Page/Select to English' located by 'By.xpath: //a[@class = 'taglib-language-list-text' and @lang = 'en-US' and (contains(text(), 'EN') or contains(., 'EN'))]' not found)
	at com.kms.katalon.core.keyword.internal.KeywordMain.stepFailed(KeywordMain.groovy:32)
	at com.kms.katalon.core.webui.keyword.internal.WebUIKeywordMain.stepFailed(WebUIKeywordMain.groovy:65)
	at com.kms.katalon.core.webui.keyword.internal.WebUIKeywordMain.runKeyword(WebUIKeywordMain.groovy:27)
	at com.kms.katalon.core.webui.keyword.builtin.ClickKeyword.click(ClickKeyword.groovy:86)
	at com.kms.katalon.core.webui.keyword.builtin.ClickKeyword.execute(ClickKeyword.groovy:67)
	at com.kms.katalon.core.keyword.internal.KeywordExecutor.executeKeywordForPlatform(KeywordExecutor.groovy:53)
	at com.kms.katalon.core.webui.keyword.WebUiBuiltInKeywords.click(WebUiBuiltInKeywords.groovy:604)
	at com.kms.katalon.core.webui.keyword.WebUiBuiltInKeywords$click$6.call(Unknown Source)
	at Script1534407542420.run(Script1534407542420.groovy:57)
	at com.kms.katalon.core.main.ScriptEngine.run(ScriptEngine.java:183)
	at com.kms.katalon.core.main.ScriptEngine.runScriptAsRawText(ScriptEngine.java:108)
	at com.kms.katalon.core.main.TestCaseExecutor.runScript(TestCaseExecutor.java:294)
	at com.kms.katalon.core.main.TestCaseExecutor.doExecute(TestCaseExecutor.java:285)
	at com.kms.katalon.core.main.TestCaseExecutor.processExecutionPhase(TestCaseExecutor.java:264)
	at com.kms.katalon.core.main.TestCaseExecutor.accessMainPhase(TestCaseExecutor.java:256)
	at com.kms.katalon.core.main.TestCaseExecutor.execute(TestCaseExecutor.java:200)
	at com.kms.katalon.core.main.TestCaseMain.runTestCase(TestCaseMain.java:99)
	at com.kms.katalon.core.keyword.builtin.CallTestCaseKeyword$_callTestCase_closure1.doCall(CallTestCaseKeyword.groovy:60)
	at com.kms.katalon.core.keyword.builtin.CallTestCaseKeyword$_callTestCase_closure1.call(CallTestCaseKeyword.groovy)
	at com.kms.katalon.core.keyword.internal.KeywordMain.runKeyword(KeywordMain.groovy:54)
	at com.kms.katalon.core.keyword.builtin.CallTestCaseKeyword.callTestCase(CallTestCaseKeyword.groovy:81)
	at com.kms.katalon.core.keyword.builtin.CallTestCaseKeyword.execute(CallTestCaseKeyword.groovy:45)
	at com.kms.katalon.core.keyword.internal.KeywordExecutor.executeKeywordForPlatform(KeywordExecutor.groovy:53)
	at com.kms.katalon.core.keyword.BuiltinKeywords.callTestCase(BuiltinKeywords.groovy:334)
	at sun.reflect.GeneratedMethodAccessor13.invoke(Unknown Source)
	at sun.reflect.DelegatingMethodAccessorImpl.invoke(DelegatingMethodAccessorImpl.java:43)
	at java.lang.reflect.Method.invoke(Method.java:498)
	at org.codehaus.groovy.reflection.CachedMethod.invoke(CachedMethod.java:93)
	at groovy.lang.MetaMethod.doMethodInvoke(MetaMethod.java:325)
	at groovy.lang.MetaClassImpl.invokeStaticMethod(MetaClassImpl.java:1469)
	at org.codehaus.groovy.runtime.callsite.StaticMetaClassSite.call(StaticMetaClassSite.java:53)
	at org.codehaus.groovy.runtime.callsite.CallSiteArray.defaultCall(CallSiteArray.java:48)
	at org.codehaus.groovy.runtime.callsite.AbstractCallSite.call(AbstractCallSite.java:113)
	at org.codehaus.groovy.runtime.callsite.AbstractCallSite.call(AbstractCallSite.java:141)
	at Script1537333843549.run(Script1537333843549.groovy:112)
	at com.kms.katalon.core.main.ScriptEngine.run(ScriptEngine.java:183)
	at com.kms.katalon.core.main.ScriptEngine.runScriptAsRawText(ScriptEngine.java:108)
	at com.kms.katalon.core.main.TestCaseExecutor.runScript(TestCaseExecutor.java:294)
	at com.kms.katalon.core.main.TestCaseExecutor.doExecute(TestCaseExecutor.java:285)
	at com.kms.katalon.core.main.TestCaseExecutor.processExecutionPhase(TestCaseExecutor.java:264)
	at com.kms.katalon.core.main.TestCaseExecutor.accessMainPhase(TestCaseExecutor.java:256)
	at com.kms.katalon.core.main.TestCaseExecutor.execute(TestCaseExecutor.java:200)
	at com.kms.katalon.core.main.TestSuiteExecutor.accessTestCaseMainPhase(TestSuiteExecutor.java:129)
	at com.kms.katalon.core.main.TestSuiteExecutor.accessTestSuiteMainPhase(TestSuiteExecutor.java:112)
	at com.kms.katalon.core.main.TestSuiteExecutor.execute(TestSuiteExecutor.java:81)
	at com.kms.katalon.core.main.TestCaseMain.startTestSuite(TestCaseMain.java:142)
	at com.kms.katalon.core.main.TestCaseMain$startTestSuite$0.call(Unknown Source)
	at org.codehaus.groovy.runtime.callsite.CallSiteArray.defaultCall(CallSiteArray.java:48)
	at org.codehaus.groovy.runtime.callsite.AbstractCallSite.call(AbstractCallSite.java:113)
	at org.codehaus.groovy.runtime.callsite.AbstractCallSite.call(AbstractCallSite.java:141)
	at TempTestSuite1543287057153.run(TempTestSuite1543287057153.groovy:36)
	at groovy.lang.GroovyShell.runScriptOrMainOrTestOrRunnable(GroovyShell.java:263)
	at groovy.lang.GroovyShell.run(GroovyShell.java:518)
	at groovy.lang.GroovyShell.run(GroovyShell.java:507)
	at groovy.ui.GroovyMain.processOnce(GroovyMain.java:653)
	at groovy.ui.GroovyMain.run(GroovyMain.java:384)
	at groovy.ui.GroovyMain.process(GroovyMain.java:370)
	at groovy.ui.GroovyMain.processArgs(GroovyMain.java:129)
	at groovy.ui.GroovyMain.main(GroovyMain.java:109)
	at sun.reflect.NativeMethodAccessorImpl.invoke0(Native Method)
	at sun.reflect.NativeMethodAccessorImpl.invoke(NativeMethodAccessorImpl.java:62)
	at sun.reflect.DelegatingMethodAccessorImpl.invoke(DelegatingMethodAccessorImpl.java:43)
	at java.lang.reflect.Method.invoke(Method.java:498)
	at org.codehaus.groovy.tools.GroovyStarter.rootLoader(GroovyStarter.java:109)
	at org.codehaus.groovy.tools.GroovyStarter.main(GroovyStarter.java:131)
)

2018-11-27 16:00:42 - [TEST_STEP][PASSED] - callTestCase: Call Test Case 'Test Cases/Final Aug 2018 - PKS Automation/Registration Module/Workflow/Update Add New Employee/Template/New Company for Update Add New - Employer' successfully

2018-11-27 16:00:42 - [TEST_CASE][PASSED] - Test Cases/Final Aug 2018 - PKS Automation/Registration Module/Workflow/Update Add New Employee/Template/New Company for Update Add New - Employer: Test Cases/Final Aug 2018 - PKS Automation/Registration Module/Workflow/Update Add New Employee/Template/New Company for Update Add New - Employer

2018-11-27 16:00:42 - [TEST_STEP][PASSED] - callTestCase: Call Test Case 'Test Cases/Final Aug 2018 - PKS Automation/Create Employer Acc/Create Employer Account' successfully

2018-11-27 16:00:42 - [TEST_CASE][PASSED] - Test Cases/Final Aug 2018 - PKS Automation/Create Employer Acc/Create Employer Account: Test Cases/Final Aug 2018 - PKS Automation/Create Employer Acc/Create Employer Account

2018-11-27 16:00:42 - [TEST_STEP][PASSED] - callTestCase: Call Test Case 'Test Cases/Final Aug 2018 - PKS Automation/Create Employer Acc/Template/Register Employer' successfully

2018-11-27 16:00:42 - [TEST_CASE][PASSED] - Test Cases/Final Aug 2018 - PKS Automation/Create Employer Acc/Template/Register Employer: Test Cases/Final Aug 2018 - PKS Automation/Create Employer Acc/Template/Register Employer

2018-11-27 16:00:42 - [TEST_STEP][PASSED] - openBrowser: Browser is opened with url: ''

2018-11-27 16:00:42 - [MESSAGE][WARNING] - A browser is already opened. Closing browser and opening a new one

2018-11-27 16:00:47 - [MESSAGE][PASSED] - Browser is opened with url: ''

2018-11-27 16:00:47 - [TEST_STEP][PASSED] - navigateToUrl: Navigate to 'https://assist2-uat.perkeso.gov.my/login' successfully

2018-11-27 16:00:48 - [MESSAGE][PASSED] - Navigate to 'https://assist2-uat.perkeso.gov.my/login' successfully

2018-11-27 16:00:48 - [TEST_STEP][PASSED] - setText: Text 'johorotc1@gmail.com' is set on object 'Object Repository/Final Object Repo/Login Page/Internal User/Email Address'

2018-11-27 16:00:48 - [MESSAGE][PASSED] - Text 'johorotc1@gmail.com' is set on object 'Object Repository/Final Object Repo/Login Page/Internal User/Email Address'

2018-11-27 16:00:48 - [TEST_STEP][PASSED] - click: Object: 'Object Repository/Final Object Repo/Login Page/Internal User/Next Button' is clicked on

2018-11-27 16:00:48 - [MESSAGE][PASSED] - Object: 'Object Repository/Final Object Repo/Login Page/Internal User/Next Button' is clicked on

2018-11-27 16:00:48 - [TEST_STEP][PASSED] - delay: Delayed 1 second(s)

2018-11-27 16:00:49 - [MESSAGE][PASSED] - Delayed 1 second(s)

2018-11-27 16:00:49 - [TEST_STEP][PASSED] - setEncryptedText: Text ****** has been set on object 'Object Repository/Final Object Repo/Login Page/Internal User/Password'

2018-11-27 16:00:50 - [MESSAGE][PASSED] - Text ****** has been set on object 'Object Repository/Final Object Repo/Login Page/Internal User/Password'

2018-11-27 16:00:50 - [TEST_STEP][PASSED] - click: Object: 'Object Repository/Final Object Repo/Login Page/Internal User/Login Button' is clicked on

2018-11-27 16:00:50 - [MESSAGE][PASSED] - Object: 'Object Repository/Final Object Repo/Login Page/Internal User/Login Button' is clicked on

2018-11-27 16:00:50 - [TEST_STEP][PASSED] - delay: Delayed 1 second(s)

2018-11-27 16:00:51 - [MESSAGE][PASSED] - Delayed 1 second(s)

2018-11-27 16:00:51 - [TEST_STEP][PASSED] - navigateToUrl: Navigate to 'https://assist2-uat.perkeso.gov.my/web/base/portal-id/registration' successfully

2018-11-27 16:00:53 - [MESSAGE][PASSED] - Navigate to 'https://assist2-uat.perkeso.gov.my/web/base/portal-id/registration' successfully

2018-11-27 16:00:53 - [TEST_STEP][PASSED] - setText: Text 'AUTOMATION EMPLOYER' is set on object 'Object Repository/Final Object Repo/Creating Employer Account/Page_Registration - ASSIST (Base)/Employer Name'

2018-11-27 16:00:53 - [MESSAGE][PASSED] - Text 'AUTOMATION EMPLOYER' is set on object 'Object Repository/Final Object Repo/Creating Employer Account/Page_Registration - ASSIST (Base)/Employer Name'

2018-11-27 16:00:53 - [TEST_STEP][PASSED] - delay: Delayed 2 second(s)

2018-11-27 16:00:55 - [MESSAGE][PASSED] - Delayed 2 second(s)

2018-11-27 16:00:55 - [TEST_STEP][PASSED] - click: Object: 'Object Repository/Final Object Repo/Creating Employer Account/Page_Registration - ASSIST (Base)/Registration Type' is clicked on

2018-11-27 16:00:55 - [MESSAGE][PASSED] - Object: 'Object Repository/Final Object Repo/Creating Employer Account/Page_Registration - ASSIST (Base)/Registration Type' is clicked on

2018-11-27 16:00:55 - [TEST_STEP][PASSED] - delay: Delayed 2 second(s)

2018-11-27 16:00:57 - [MESSAGE][PASSED] - Delayed 2 second(s)

2018-11-27 16:00:57 - [TEST_STEP][PASSED] - click: Object: 'Object Repository/Final Object Repo/Creating Employer Account/Page_Registration - ASSIST (Base)/Registration Type - Registration No' is clicked on

2018-11-27 16:00:58 - [MESSAGE][PASSED] - Object: 'Object Repository/Final Object Repo/Creating Employer Account/Page_Registration - ASSIST (Base)/Registration Type - Registration No' is clicked on

2018-11-27 16:00:58 - [TEST_STEP][PASSED] - delay: Delayed 2 second(s)

2018-11-27 16:01:00 - [MESSAGE][PASSED] - Delayed 2 second(s)

2018-11-27 16:01:00 - [TEST_STEP][PASSED] - setText: Text '1234567890' is set on object 'Object Repository/Final Object Repo/Creating Employer Account/Page_Registration - ASSIST (Base)/Registration Number'

2018-11-27 16:01:00 - [MESSAGE][PASSED] - Text '1234567890' is set on object 'Object Repository/Final Object Repo/Creating Employer Account/Page_Registration - ASSIST (Base)/Registration Number'

2018-11-27 16:01:00 - [TEST_STEP][PASSED] - delay: Delayed 2 second(s)

2018-11-27 16:01:02 - [MESSAGE][PASSED] - Delayed 2 second(s)

2018-11-27 16:01:02 - [TEST_STEP][PASSED] - setText: Text 'ADDRESS 1' is set on object 'Object Repository/Final Object Repo/Creating Employer Account/Page_Registration - ASSIST (Base)/Postal Address 1'

2018-11-27 16:01:03 - [MESSAGE][PASSED] - Text 'ADDRESS 1' is set on object 'Object Repository/Final Object Repo/Creating Employer Account/Page_Registration - ASSIST (Base)/Postal Address 1'

2018-11-27 16:01:03 - [TEST_STEP][PASSED] - setText: Text 'ADDRESS 2' is set on object 'Object Repository/Final Object Repo/Creating Employer Account/Page_Registration - ASSIST (Base)/Postal Address 2'

2018-11-27 16:01:03 - [MESSAGE][PASSED] - Text 'ADDRESS 2' is set on object 'Object Repository/Final Object Repo/Creating Employer Account/Page_Registration - ASSIST (Base)/Postal Address 2'

2018-11-27 16:01:03 - [TEST_STEP][PASSED] - click: Object: 'Object Repository/Final Object Repo/Creating Employer Account/Page_Registration - ASSIST (Base)/State' is clicked on

2018-11-27 16:01:03 - [MESSAGE][PASSED] - Object: 'Object Repository/Final Object Repo/Creating Employer Account/Page_Registration - ASSIST (Base)/State' is clicked on

2018-11-27 16:01:03 - [TEST_STEP][PASSED] - delay: Delayed 2 second(s)

2018-11-27 16:01:05 - [MESSAGE][PASSED] - Delayed 2 second(s)

2018-11-27 16:01:05 - [TEST_STEP][PASSED] - click: Object: 'Object Repository/Final Object Repo/Creating Employer Account/Page_Registration - ASSIST (Base)/State - Johor' is clicked on

2018-11-27 16:01:05 - [MESSAGE][PASSED] - Object: 'Object Repository/Final Object Repo/Creating Employer Account/Page_Registration - ASSIST (Base)/State - Johor' is clicked on

2018-11-27 16:01:05 - [TEST_STEP][PASSED] - delay: Delayed 2 second(s)

2018-11-27 16:01:07 - [MESSAGE][PASSED] - Delayed 2 second(s)

2018-11-27 16:01:07 - [TEST_STEP][PASSED] - click: Object: 'Object Repository/Final Object Repo/Creating Employer Account/Page_Registration - ASSIST (Base)/City' is clicked on

2018-11-27 16:01:07 - [MESSAGE][PASSED] - Object: 'Object Repository/Final Object Repo/Creating Employer Account/Page_Registration - ASSIST (Base)/City' is clicked on

2018-11-27 16:01:07 - [TEST_STEP][PASSED] - delay: Delayed 2 second(s)

2018-11-27 16:01:09 - [MESSAGE][PASSED] - Delayed 2 second(s)

2018-11-27 16:01:09 - [TEST_STEP][PASSED] - setText: Text 'joh' is set on object 'Object Repository/Final Object Repo/Creating Employer Account/Page_Registration - ASSIST (Base)/City - joh'

2018-11-27 16:01:10 - [MESSAGE][PASSED] - Text 'joh' is set on object 'Object Repository/Final Object Repo/Creating Employer Account/Page_Registration - ASSIST (Base)/City - joh'

2018-11-27 16:01:10 - [TEST_STEP][PASSED] - delay: Delayed 2 second(s)

2018-11-27 16:01:12 - [MESSAGE][PASSED] - Delayed 2 second(s)

2018-11-27 16:01:12 - [TEST_STEP][PASSED] - click: Object: 'Object Repository/Final Object Repo/Creating Employer Account/Page_Registration - ASSIST (Base)/City - Johor Bharu' is clicked on

2018-11-27 16:01:12 - [MESSAGE][PASSED] - Object: 'Object Repository/Final Object Repo/Creating Employer Account/Page_Registration - ASSIST (Base)/City - Johor Bharu' is clicked on

2018-11-27 16:01:12 - [TEST_STEP][PASSED] - delay: Delayed 2 second(s)

2018-11-27 16:01:14 - [MESSAGE][PASSED] - Delayed 2 second(s)

2018-11-27 16:01:14 - [TEST_STEP][PASSED] - click: Object: 'Object Repository/Final Object Repo/Creating Employer Account/Page_Registration - ASSIST (Base)/Post Code' is clicked on

2018-11-27 16:01:14 - [MESSAGE][PASSED] - Object: 'Object Repository/Final Object Repo/Creating Employer Account/Page_Registration - ASSIST (Base)/Post Code' is clicked on

2018-11-27 16:01:14 - [TEST_STEP][PASSED] - delay: Delayed 2 second(s)

2018-11-27 16:01:16 - [MESSAGE][PASSED] - Delayed 2 second(s)

2018-11-27 16:01:16 - [TEST_STEP][PASSED] - setText: Text '810' is set on object 'Object Repository/Final Object Repo/Creating Employer Account/Page_Registration - ASSIST (Base)/Post Code - 810'

2018-11-27 16:01:16 - [MESSAGE][PASSED] - Text '810' is set on object 'Object Repository/Final Object Repo/Creating Employer Account/Page_Registration - ASSIST (Base)/Post Code - 810'

2018-11-27 16:01:16 - [TEST_STEP][PASSED] - delay: Delayed 2 second(s)

2018-11-27 16:01:18 - [MESSAGE][PASSED] - Delayed 2 second(s)

2018-11-27 16:01:18 - [TEST_STEP][PASSED] - click: Object: 'Object Repository/Final Object Repo/Creating Employer Account/Page_Registration - ASSIST (Base)/Post Code - 81000' is clicked on

2018-11-27 16:01:18 - [MESSAGE][PASSED] - Object: 'Object Repository/Final Object Repo/Creating Employer Account/Page_Registration - ASSIST (Base)/Post Code - 81000' is clicked on

2018-11-27 16:01:18 - [TEST_STEP][PASSED] - delay: Delayed 2 second(s)

2018-11-27 16:01:20 - [MESSAGE][PASSED] - Delayed 2 second(s)

2018-11-27 16:01:20 - [TEST_STEP][PASSED] - setText: Text 'PERKESO' is set on object 'Object Repository/Final Object Repo/Creating Employer Account/Page_Registration - ASSIST (Base)/Full Name'

2018-11-27 16:01:21 - [MESSAGE][PASSED] - Text 'PERKESO' is set on object 'Object Repository/Final Object Repo/Creating Employer Account/Page_Registration - ASSIST (Base)/Full Name'

2018-11-27 16:01:21 - [TEST_STEP][PASSED] - Statement - rnd = new java.util.Random(): null

2018-11-27 16:01:21 - [TEST_STEP][PASSED] - Statement - snum = rnd.nextInt(899999 + 1) + 100000: null

2018-11-27 16:01:21 - [TEST_STEP][PASSED] - Statement - tnum = rnd.nextInt(899999 + 1) + 100000: null

2018-11-27 16:01:21 - [TEST_STEP][PASSED] - Statement - IC = java.lang.Integer.toString(snum) + java.lang.Integer.toString(tnum): null

2018-11-27 16:01:21 - [TEST_STEP][PASSED] - Statement - out.println(IC): null

2018-11-27 16:01:21 - [TEST_STEP][PASSED] - setText: Text '556322862633' is set on object 'Object Repository/Final Object Repo/Creating Employer Account/Page_Registration - ASSIST (Base)/Identification Number'

2018-11-27 16:01:21 - [MESSAGE][PASSED] - Text '556322862633' is set on object 'Object Repository/Final Object Repo/Creating Employer Account/Page_Registration - ASSIST (Base)/Identification Number'

2018-11-27 16:01:21 - [TEST_STEP][PASSED] - delay: Delayed 2 second(s)

2018-11-27 16:01:23 - [MESSAGE][PASSED] - Delayed 2 second(s)

2018-11-27 16:01:23 - [TEST_STEP][PASSED] - setText: Text '123456789012' is set on object 'Object Repository/Final Object Repo/Creating Employer Account/Page_Registration - ASSIST (Base)/Contact Number'

2018-11-27 16:01:23 - [MESSAGE][PASSED] - Text '123456789012' is set on object 'Object Repository/Final Object Repo/Creating Employer Account/Page_Registration - ASSIST (Base)/Contact Number'

2018-11-27 16:01:23 - [TEST_STEP][PASSED] - Statement - Email = "perkeso" + IC + "@gmail.com": null

2018-11-27 16:01:23 - [TEST_STEP][PASSED] - delay: Delayed 2 second(s)

2018-11-27 16:01:25 - [MESSAGE][PASSED] - Delayed 2 second(s)

2018-11-27 16:01:25 - [TEST_STEP][PASSED] - callTestCase: Call Test Case 'Test Cases/Final Aug 2018 - PKS Automation/Create Employer Acc/Template/Employer Email Settler' successfully

2018-11-27 16:01:26 - [TEST_CASE][PASSED] - Test Cases/Final Aug 2018 - PKS Automation/Create Employer Acc/Template/Employer Email Settler: Test Cases/Final Aug 2018 - PKS Automation/Create Employer Acc/Template/Employer Email Settler

2018-11-27 16:01:26 - [TEST_STEP][PASSED] - Statement - EmpEmailOld = new java.io.File(C://Users//Admin//Desktop//PKS//Automation Reference Point//EmpEmail.txt): null

2018-11-27 16:01:26 - [TEST_STEP][PASSED] - Statement - EmpEmailOld.delete(): null

2018-11-27 16:01:26 - [TEST_STEP][PASSED] - Statement - EmpEmail = new java.io.File(C://Users//Admin//Desktop//PKS//Automation Reference Point//EmpEmail.txt): null

2018-11-27 16:01:26 - [TEST_STEP][PASSED] - Statement - EmpEmail.append(Email): null

2018-11-27 16:01:26 - [TEST_STEP][PASSED] - Statement - out.println(Email): null

2018-11-27 16:01:26 - [MESSAGE][PASSED] - Call Test Case 'Test Cases/Final Aug 2018 - PKS Automation/Create Employer Acc/Template/Employer Email Settler' successfully

2018-11-27 16:01:26 - [TEST_STEP][PASSED] - delay: Delayed 2 second(s)

2018-11-27 16:01:28 - [MESSAGE][PASSED] - Delayed 2 second(s)

2018-11-27 16:01:28 - [TEST_STEP][PASSED] - setText: Text 'perkeso556322862633@gmail.com' is set on object 'Object Repository/Final Object Repo/Creating Employer Account/Page_Registration - ASSIST (Base)/Email'

2018-11-27 16:01:28 - [MESSAGE][PASSED] - Text 'perkeso556322862633@gmail.com' is set on object 'Object Repository/Final Object Repo/Creating Employer Account/Page_Registration - ASSIST (Base)/Email'

2018-11-27 16:01:28 - [TEST_STEP][PASSED] - setText: Text '123' is set on object 'Object Repository/Final Object Repo/Creating Employer Account/Page_Registration - ASSIST (Base)/Security Phase'

2018-11-27 16:01:28 - [MESSAGE][PASSED] - Text '123' is set on object 'Object Repository/Final Object Repo/Creating Employer Account/Page_Registration - ASSIST (Base)/Security Phase'

2018-11-27 16:01:28 - [TEST_STEP][PASSED] - click: Object: 'Object Repository/Final Object Repo/Creating Employer Account/Page_Registration - ASSIST (Base)/Save  Continue' is clicked on

2018-11-27 16:01:29 - [MESSAGE][PASSED] - Object: 'Object Repository/Final Object Repo/Creating Employer Account/Page_Registration - ASSIST (Base)/Save  Continue' is clicked on

2018-11-27 16:01:29 - [TEST_STEP][PASSED] - delay: Delayed 2 second(s)

2018-11-27 16:01:31 - [MESSAGE][PASSED] - Delayed 2 second(s)

2018-11-27 16:01:31 - [TEST_STEP][PASSED] - click: Object: 'Object Repository/Final Object Repo/Creating Employer Account/Page_Registration - ASSIST (Base)/Add Document' is clicked on

2018-11-27 16:01:31 - [MESSAGE][PASSED] - Object: 'Object Repository/Final Object Repo/Creating Employer Account/Page_Registration - ASSIST (Base)/Add Document' is clicked on

2018-11-27 16:01:31 - [TEST_STEP][PASSED] - delay: Delayed 2 second(s)

2018-11-27 16:01:33 - [MESSAGE][PASSED] - Delayed 2 second(s)

2018-11-27 16:01:33 - [TEST_STEP][PASSED] - click: Object: 'Object Repository/Final Object Repo/Creating Employer Account/Page_Registration - ASSIST (Base)/Document Type' is clicked on

2018-11-27 16:01:33 - [MESSAGE][PASSED] - Object: 'Object Repository/Final Object Repo/Creating Employer Account/Page_Registration - ASSIST (Base)/Document Type' is clicked on

2018-11-27 16:01:33 - [TEST_STEP][PASSED] - delay: Delayed 2 second(s)

2018-11-27 16:01:35 - [MESSAGE][PASSED] - Delayed 2 second(s)

2018-11-27 16:01:35 - [TEST_STEP][PASSED] - click: Object: 'Object Repository/Final Object Repo/Creating Employer Account/Page_Registration - ASSIST (Base)/Document Type - Letter of Authorization' is clicked on

2018-11-27 16:01:35 - [MESSAGE][PASSED] - Object: 'Object Repository/Final Object Repo/Creating Employer Account/Page_Registration - ASSIST (Base)/Document Type - Letter of Authorization' is clicked on

2018-11-27 16:01:35 - [TEST_STEP][PASSED] - delay: Delayed 2 second(s)

2018-11-27 16:01:37 - [MESSAGE][PASSED] - Delayed 2 second(s)

2018-11-27 16:01:37 - [TEST_STEP][PASSED] - sendKeys: Keys 'C:\Users\Public\Pictures\Sample Pictures\Koala.jpg' sent to object: 'Object Repository/Final Object Repo/Creating Employer Account/Page_Registration - ASSIST (Base)/Uploading File'

2018-11-27 16:01:37 - [MESSAGE][PASSED] - Keys 'C:\Users\Public\Pictures\Sample Pictures\Koala.jpg' sent to object: 'Object Repository/Final Object Repo/Creating Employer Account/Page_Registration - ASSIST (Base)/Uploading File'

2018-11-27 16:01:37 - [TEST_STEP][PASSED] - delay: Delayed 2 second(s)

2018-11-27 16:01:39 - [MESSAGE][PASSED] - Delayed 2 second(s)

2018-11-27 16:01:39 - [TEST_STEP][PASSED] - click: Object: 'Object Repository/Final Object Repo/Creating Employer Account/Page_Registration - ASSIST (Base)/Add Document in Uploading File' is clicked on

2018-11-27 16:01:39 - [MESSAGE][PASSED] - Object: 'Object Repository/Final Object Repo/Creating Employer Account/Page_Registration - ASSIST (Base)/Add Document in Uploading File' is clicked on

2018-11-27 16:01:39 - [TEST_STEP][PASSED] - delay: Delayed 2 second(s)

2018-11-27 16:01:41 - [MESSAGE][PASSED] - Delayed 2 second(s)

2018-11-27 16:01:41 - [TEST_STEP][PASSED] - click: Object: 'Object Repository/Final Object Repo/Creating Employer Account/Page_Registration - ASSIST (Base)/Save' is clicked on

2018-11-27 16:01:42 - [MESSAGE][PASSED] - Object: 'Object Repository/Final Object Repo/Creating Employer Account/Page_Registration - ASSIST (Base)/Save' is clicked on

2018-11-27 16:01:42 - [TEST_STEP][PASSED] - delay: Delayed 2 second(s)

2018-11-27 16:01:44 - [MESSAGE][PASSED] - Delayed 2 second(s)

2018-11-27 16:01:44 - [TEST_STEP][PASSED] - click: Object: 'Object Repository/Final Object Repo/Creating Employer Account/Page_Registration - ASSIST (Base)/Submit' is clicked on

2018-11-27 16:01:44 - [MESSAGE][PASSED] - Object: 'Object Repository/Final Object Repo/Creating Employer Account/Page_Registration - ASSIST (Base)/Submit' is clicked on

2018-11-27 16:01:44 - [TEST_STEP][PASSED] - delay: Delayed 2 second(s)

2018-11-27 16:01:46 - [MESSAGE][PASSED] - Delayed 2 second(s)

2018-11-27 16:01:46 - [TEST_STEP][PASSED] - click: Object: 'Object Repository/Final Object Repo/Creating Employer Account/Page_Registration - ASSIST (Base)/Confirm' is clicked on

2018-11-27 16:01:46 - [MESSAGE][PASSED] - Object: 'Object Repository/Final Object Repo/Creating Employer Account/Page_Registration - ASSIST (Base)/Confirm' is clicked on

2018-11-27 16:01:46 - [MESSAGE][PASSED] - Call Test Case 'Test Cases/Final Aug 2018 - PKS Automation/Create Employer Acc/Template/Register Employer' successfully

2018-11-27 16:01:46 - [TEST_STEP][PASSED] - delay: Delayed 1 second(s)

2018-11-27 16:01:47 - [MESSAGE][PASSED] - Delayed 1 second(s)

2018-11-27 16:01:47 - [TEST_STEP][PASSED] - navigateToUrl: Navigate to 'https://assist2-uat.perkeso.gov.my/c/portal/logout' successfully

2018-11-27 16:01:49 - [MESSAGE][PASSED] - Navigate to 'https://assist2-uat.perkeso.gov.my/c/portal/logout' successfully

2018-11-27 16:01:49 - [TEST_STEP][PASSED] - delay: Delayed 1 second(s)

2018-11-27 16:01:50 - [MESSAGE][PASSED] - Delayed 1 second(s)

2018-11-27 16:01:50 - [TEST_STEP][PASSED] - callTestCase: Call Test Case 'Test Cases/Final Aug 2018 - PKS Automation/Create Employer Acc/Template/Change Password of Employer' successfully

2018-11-27 16:01:50 - [TEST_CASE][PASSED] - Test Cases/Final Aug 2018 - PKS Automation/Create Employer Acc/Template/Change Password of Employer: Test Cases/Final Aug 2018 - PKS Automation/Create Employer Acc/Template/Change Password of Employer

2018-11-27 16:01:50 - [TEST_STEP][PASSED] - openBrowser: Browser is opened with url: ''

2018-11-27 16:01:50 - [MESSAGE][WARNING] - A browser is already opened. Closing browser and opening a new one

2018-11-27 16:01:54 - [MESSAGE][PASSED] - Browser is opened with url: ''

2018-11-27 16:01:54 - [TEST_STEP][PASSED] - navigateToUrl: Navigate to 'https://assist2-uat.perkeso.gov.my/login' successfully

2018-11-27 16:01:55 - [MESSAGE][PASSED] - Navigate to 'https://assist2-uat.perkeso.gov.my/login' successfully

2018-11-27 16:01:55 - [TEST_STEP][PASSED] - delay: Delayed 5 second(s)

2018-11-27 16:02:00 - [MESSAGE][PASSED] - Delayed 5 second(s)

2018-11-27 16:02:00 - [TEST_STEP][PASSED] - setText: Text 'test@liferay.com' is set on object 'Object Repository/Final Object Repo/Login Page/Internal User/Email Address'

2018-11-27 16:02:00 - [MESSAGE][PASSED] - Text 'test@liferay.com' is set on object 'Object Repository/Final Object Repo/Login Page/Internal User/Email Address'

2018-11-27 16:02:00 - [TEST_STEP][PASSED] - click: Object: 'Object Repository/Final Object Repo/Login Page/Internal User/Next Button' is clicked on

2018-11-27 16:02:00 - [MESSAGE][PASSED] - Object: 'Object Repository/Final Object Repo/Login Page/Internal User/Next Button' is clicked on

2018-11-27 16:02:00 - [TEST_STEP][PASSED] - delay: Delayed 2 second(s)

2018-11-27 16:02:02 - [MESSAGE][PASSED] - Delayed 2 second(s)

2018-11-27 16:02:02 - [TEST_STEP][PASSED] - setText: Text 'test' is set on object 'Object Repository/Final Object Repo/Login Page/Internal User/Password'

2018-11-27 16:02:03 - [MESSAGE][PASSED] - Text 'test' is set on object 'Object Repository/Final Object Repo/Login Page/Internal User/Password'

2018-11-27 16:02:03 - [TEST_STEP][PASSED] - delay: Delayed 2 second(s)

2018-11-27 16:02:05 - [MESSAGE][PASSED] - Delayed 2 second(s)

2018-11-27 16:02:05 - [TEST_STEP][PASSED] - click: Object: 'Object Repository/Final Object Repo/Login Page/Internal User/Login Button' is clicked on

2018-11-27 16:02:05 - [MESSAGE][PASSED] - Object: 'Object Repository/Final Object Repo/Login Page/Internal User/Login Button' is clicked on

2018-11-27 16:02:05 - [TEST_STEP][PASSED] - delay: Delayed 3 second(s)

2018-11-27 16:02:08 - [MESSAGE][PASSED] - Delayed 3 second(s)

2018-11-27 16:02:08 - [TEST_STEP][PASSED] - navigateToUrl: Navigate to 'https://assist2-uat.perkeso.gov.my/group/control_panel/manage?p_p_id=125&p_p_lifecycle=0&p_p_state=maximized&p_p_mode=view&refererPlid=20455&_125_usersListView=flat-users&_125_toolbarItem=view-all-users&_125_saveUsersListView=true&_125_struts_action=%2Fusers_admin%2Fview' successfully

2018-11-27 16:02:09 - [MESSAGE][PASSED] - Navigate to 'https://assist2-uat.perkeso.gov.my/group/control_panel/manage?p_p_id=125&p_p_lifecycle=0&p_p_state=maximized&p_p_mode=view&refererPlid=20455&_125_usersListView=flat-users&_125_toolbarItem=view-all-users&_125_saveUsersListView=true&_125_struts_action=%2Fusers_admin%2Fview' successfully

2018-11-27 16:02:09 - [TEST_STEP][PASSED] - delay: Delayed 3 second(s)

2018-11-27 16:02:12 - [MESSAGE][PASSED] - Delayed 3 second(s)

2018-11-27 16:02:12 - [TEST_STEP][PASSED] - setText: Text 'perkeso556322862633@gmail.com' is set on object 'Object Repository/Final Object Repo/Creating Employer Account/Page_Users and Organizations - ASSIST/Employer name'

2018-11-27 16:02:13 - [MESSAGE][PASSED] - Text 'perkeso556322862633@gmail.com' is set on object 'Object Repository/Final Object Repo/Creating Employer Account/Page_Users and Organizations - ASSIST/Employer name'

2018-11-27 16:02:13 - [TEST_STEP][PASSED] - delay: Delayed 3 second(s)

2018-11-27 16:02:16 - [MESSAGE][PASSED] - Delayed 3 second(s)

2018-11-27 16:02:16 - [TEST_STEP][PASSED] - click: Object: 'Object Repository/Final Object Repo/Creating Employer Account/Page_Users and Organizations - ASSIST/Search' is clicked on

2018-11-27 16:02:16 - [MESSAGE][PASSED] - Object: 'Object Repository/Final Object Repo/Creating Employer Account/Page_Users and Organizations - ASSIST/Search' is clicked on

2018-11-27 16:02:16 - [TEST_STEP][PASSED] - delay: Delayed 3 second(s)

2018-11-27 16:02:19 - [MESSAGE][PASSED] - Delayed 3 second(s)

2018-11-27 16:02:19 - [TEST_STEP][PASSED] - click: Object: 'Object Repository/Final Object Repo/Creating Employer Account/Page_Users and Organizations - ASSIST/Action' is clicked on

2018-11-27 16:02:19 - [MESSAGE][PASSED] - Object: 'Object Repository/Final Object Repo/Creating Employer Account/Page_Users and Organizations - ASSIST/Action' is clicked on

2018-11-27 16:02:19 - [TEST_STEP][PASSED] - delay: Delayed 3 second(s)

2018-11-27 16:02:22 - [MESSAGE][PASSED] - Delayed 3 second(s)

2018-11-27 16:02:22 - [TEST_STEP][PASSED] - click: Object: 'Object Repository/Final Object Repo/Creating Employer Account/Page_Users and Organizations - ASSIST/Edit' is clicked on

2018-11-27 16:02:23 - [MESSAGE][PASSED] - Object: 'Object Repository/Final Object Repo/Creating Employer Account/Page_Users and Organizations - ASSIST/Edit' is clicked on

2018-11-27 16:02:23 - [TEST_STEP][PASSED] - delay: Delayed 3 second(s)

2018-11-27 16:02:26 - [MESSAGE][PASSED] - Delayed 3 second(s)

2018-11-27 16:02:26 - [TEST_STEP][PASSED] - click: Object: 'Object Repository/Final Object Repo/Creating Employer Account/Page_PERKESO - Users and Organizati/a_Password (Modified)' is clicked on

2018-11-27 16:02:27 - [MESSAGE][PASSED] - Object: 'Object Repository/Final Object Repo/Creating Employer Account/Page_PERKESO - Users and Organizati/a_Password (Modified)' is clicked on

2018-11-27 16:02:27 - [TEST_STEP][PASSED] - delay: Delayed 3 second(s)

2018-11-27 16:02:30 - [MESSAGE][PASSED] - Delayed 3 second(s)

2018-11-27 16:02:30 - [TEST_STEP][PASSED] - setEncryptedText: Text ****** has been set on object 'Object Repository/Final Object Repo/Creating Employer Account/Page_PERKESO - Users and Organizati/input__125_password1'

2018-11-27 16:02:30 - [MESSAGE][PASSED] - Text ****** has been set on object 'Object Repository/Final Object Repo/Creating Employer Account/Page_PERKESO - Users and Organizati/input__125_password1'

2018-11-27 16:02:30 - [TEST_STEP][PASSED] - delay: Delayed 3 second(s)

2018-11-27 16:02:33 - [MESSAGE][PASSED] - Delayed 3 second(s)

2018-11-27 16:02:33 - [TEST_STEP][PASSED] - setEncryptedText: Text ****** has been set on object 'Object Repository/Final Object Repo/Creating Employer Account/Page_PERKESO - Users and Organizati/input__125_password2'

2018-11-27 16:02:33 - [MESSAGE][PASSED] - Text ****** has been set on object 'Object Repository/Final Object Repo/Creating Employer Account/Page_PERKESO - Users and Organizati/input__125_password2'

2018-11-27 16:02:33 - [TEST_STEP][PASSED] - delay: Delayed 3 second(s)

2018-11-27 16:02:36 - [MESSAGE][PASSED] - Delayed 3 second(s)

2018-11-27 16:02:36 - [TEST_STEP][PASSED] - click: Object: 'Object Repository/Final Object Repo/Creating Employer Account/Page_PERKESO - Users and Organizati/Save' is clicked on

2018-11-27 16:02:38 - [MESSAGE][PASSED] - Object: 'Object Repository/Final Object Repo/Creating Employer Account/Page_PERKESO - Users and Organizati/Save' is clicked on

2018-11-27 16:02:38 - [MESSAGE][PASSED] - Call Test Case 'Test Cases/Final Aug 2018 - PKS Automation/Create Employer Acc/Template/Change Password of Employer' successfully

2018-11-27 16:02:38 - [TEST_STEP][PASSED] - delay: Delayed 1 second(s)

2018-11-27 16:02:39 - [MESSAGE][PASSED] - Delayed 1 second(s)

2018-11-27 16:02:39 - [TEST_STEP][PASSED] - navigateToUrl: Navigate to 'https://assist2-uat.perkeso.gov.my/c/portal/logout' successfully

2018-11-27 16:02:40 - [MESSAGE][PASSED] - Navigate to 'https://assist2-uat.perkeso.gov.my/c/portal/logout' successfully

2018-11-27 16:02:40 - [TEST_STEP][PASSED] - delay: Delayed 1 second(s)

2018-11-27 16:02:41 - [MESSAGE][PASSED] - Delayed 1 second(s)

2018-11-27 16:02:41 - [TEST_STEP][PASSED] - callTestCase: Call Test Case 'Test Cases/Final Aug 2018 - PKS Automation/Create Employer Acc/Template/Login to Employer Account (First Time)' successfully

2018-11-27 16:02:41 - [TEST_CASE][PASSED] - Test Cases/Final Aug 2018 - PKS Automation/Create Employer Acc/Template/Login to Employer Account (First Time): Test Cases/Final Aug 2018 - PKS Automation/Create Employer Acc/Template/Login to Employer Account (First Time)

2018-11-27 16:02:41 - [TEST_STEP][PASSED] - openBrowser: Browser is opened with url: ''

2018-11-27 16:02:41 - [MESSAGE][WARNING] - A browser is already opened. Closing browser and opening a new one

2018-11-27 16:02:45 - [MESSAGE][PASSED] - Browser is opened with url: ''

2018-11-27 16:02:45 - [TEST_STEP][PASSED] - navigateToUrl: Navigate to 'https://assist2-uat.perkeso.gov.my/employer/login' successfully

2018-11-27 16:02:46 - [MESSAGE][PASSED] - Navigate to 'https://assist2-uat.perkeso.gov.my/employer/login' successfully

2018-11-27 16:02:46 - [TEST_STEP][PASSED] - delay: Delayed 3 second(s)

2018-11-27 16:02:49 - [MESSAGE][PASSED] - Delayed 3 second(s)

2018-11-27 16:02:49 - [TEST_STEP][PASSED] - callTestCase: Call Test Case 'Test Cases/Final Aug 2018 - PKS Automation/Create Employer Acc/Template/Employer Email Getter' successfully

2018-11-27 16:02:49 - [TEST_CASE][PASSED] - Test Cases/Final Aug 2018 - PKS Automation/Create Employer Acc/Template/Employer Email Getter: Test Cases/Final Aug 2018 - PKS Automation/Create Employer Acc/Template/Employer Email Getter

2018-11-27 16:02:49 - [TEST_STEP][PASSED] - Statement - Try: null

2018-11-27 16:02:49 - [TEST_STEP][PASSED] - Statement - EmpEmail = new java.io.File(C://Users//Admin//Desktop//PKS//Automation Reference Point//EmpEmail.txt): null

2018-11-27 16:02:49 - [TEST_STEP][PASSED] - Statement - bufferread = new java.io.BufferedReader(new java.io.FileReader(EmpEmail)): null

2018-11-27 16:02:49 - [TEST_STEP][PASSED] - Statement - readedVal = bufferread.readLine(): null

2018-11-27 16:02:49 - [TEST_STEP][PASSED] - Statement - out.println(readedVal): null

2018-11-27 16:02:49 - [TEST_STEP][PASSED] - Statement - Email = readedVal: null

2018-11-27 16:02:49 - [MESSAGE][PASSED] - Call Test Case 'Test Cases/Final Aug 2018 - PKS Automation/Create Employer Acc/Template/Employer Email Getter' successfully

2018-11-27 16:02:49 - [TEST_STEP][PASSED] - setText: Text 'perkeso556322862633@gmail.com' is set on object 'Object Repository/Final Object Repo/Login Page/External Login Page/Email'

2018-11-27 16:02:50 - [MESSAGE][PASSED] - Text 'perkeso556322862633@gmail.com' is set on object 'Object Repository/Final Object Repo/Login Page/External Login Page/Email'

2018-11-27 16:02:50 - [TEST_STEP][PASSED] - click: Object: 'Object Repository/Final Object Repo/Login Page/External Login Page/Next' is clicked on

2018-11-27 16:02:50 - [MESSAGE][PASSED] - Object: 'Object Repository/Final Object Repo/Login Page/External Login Page/Next' is clicked on

2018-11-27 16:02:50 - [TEST_STEP][PASSED] - delay: Delayed 3 second(s)

2018-11-27 16:02:53 - [MESSAGE][PASSED] - Delayed 3 second(s)

2018-11-27 16:02:53 - [TEST_STEP][PASSED] - setEncryptedText: Text ****** has been set on object 'Object Repository/Final Object Repo/Login Page/External Login Page/Password'

2018-11-27 16:02:53 - [MESSAGE][PASSED] - Text ****** has been set on object 'Object Repository/Final Object Repo/Login Page/External Login Page/Password'

2018-11-27 16:02:53 - [TEST_STEP][PASSED] - click: Object: 'Object Repository/Final Object Repo/Login Page/External Login Page/Login' is clicked on

2018-11-27 16:02:53 - [MESSAGE][PASSED] - Object: 'Object Repository/Final Object Repo/Login Page/External Login Page/Login' is clicked on

2018-11-27 16:02:53 - [TEST_STEP][PASSED] - delay: Delayed 3 second(s)

2018-11-27 16:02:56 - [MESSAGE][PASSED] - Delayed 3 second(s)

2018-11-27 16:02:56 - [TEST_STEP][PASSED] - click: Object: 'Object Repository/Final Object Repo/Creating Employer Account/Page_Terms of Use - ASSIST/button_I Agree' is clicked on

2018-11-27 16:02:57 - [MESSAGE][PASSED] - Object: 'Object Repository/Final Object Repo/Creating Employer Account/Page_Terms of Use - ASSIST/button_I Agree' is clicked on

2018-11-27 16:02:57 - [TEST_STEP][PASSED] - delay: Delayed 2 second(s)

2018-11-27 16:02:59 - [MESSAGE][PASSED] - Delayed 2 second(s)

2018-11-27 16:02:59 - [TEST_STEP][PASSED] - setEncryptedText: Text ****** has been set on object 'Object Repository/Final Object Repo/Creating Employer Account/Page_New Password - ASSIST/input_password1'

2018-11-27 16:03:00 - [MESSAGE][PASSED] - Text ****** has been set on object 'Object Repository/Final Object Repo/Creating Employer Account/Page_New Password - ASSIST/input_password1'

2018-11-27 16:03:00 - [TEST_STEP][PASSED] - setEncryptedText: Text ****** has been set on object 'Object Repository/Final Object Repo/Creating Employer Account/Page_New Password - ASSIST/input_password2'

2018-11-27 16:03:00 - [MESSAGE][PASSED] - Text ****** has been set on object 'Object Repository/Final Object Repo/Creating Employer Account/Page_New Password - ASSIST/input_password2'

2018-11-27 16:03:00 - [TEST_STEP][PASSED] - delay: Delayed 2 second(s)

2018-11-27 16:03:02 - [MESSAGE][PASSED] - Delayed 2 second(s)

2018-11-27 16:03:02 - [TEST_STEP][PASSED] - click: Object: 'Object Repository/Final Object Repo/Creating Employer Account/Page_New Password - ASSIST/Save' is clicked on

2018-11-27 16:03:02 - [MESSAGE][PASSED] - Object: 'Object Repository/Final Object Repo/Creating Employer Account/Page_New Password - ASSIST/Save' is clicked on

2018-11-27 16:03:02 - [TEST_STEP][PASSED] - delay: Delayed 2 second(s)

2018-11-27 16:03:04 - [MESSAGE][PASSED] - Delayed 2 second(s)

2018-11-27 16:03:04 - [TEST_STEP][PASSED] - setText: Text 'test' is set on object 'Object Repository/Final Object Repo/Creating Employer Account/Page_Password Reminder - ASSIST/Reminder Query Answer'

2018-11-27 16:03:04 - [MESSAGE][PASSED] - Text 'test' is set on object 'Object Repository/Final Object Repo/Creating Employer Account/Page_Password Reminder - ASSIST/Reminder Query Answer'

2018-11-27 16:03:04 - [TEST_STEP][PASSED] - delay: Delayed 2 second(s)

2018-11-27 16:03:06 - [MESSAGE][PASSED] - Delayed 2 second(s)

2018-11-27 16:03:06 - [TEST_STEP][PASSED] - doubleClick: Object: 'Object Repository/Final Object Repo/Creating Employer Account/Page_Password Reminder - ASSIST/Save' is double clicked on

2018-11-27 16:03:06 - [MESSAGE][PASSED] - Object: 'Object Repository/Final Object Repo/Creating Employer Account/Page_Password Reminder - ASSIST/Save' is double clicked on

2018-11-27 16:03:06 - [MESSAGE][PASSED] - Call Test Case 'Test Cases/Final Aug 2018 - PKS Automation/Create Employer Acc/Template/Login to Employer Account (First Time)' successfully

2018-11-27 16:03:06 - [MESSAGE][PASSED] - Call Test Case 'Test Cases/Final Aug 2018 - PKS Automation/Create Employer Acc/Create Employer Account' successfully

2018-11-27 16:03:06 - [TEST_STEP][PASSED] - callTestCase: Call Test Case 'Test Cases/Final Aug 2018 - PKS Automation/Registration Module/Log Out/log out avoiding katalon tagging' successfully

2018-11-27 16:03:06 - [TEST_CASE][PASSED] - Test Cases/Final Aug 2018 - PKS Automation/Registration Module/Log Out/log out avoiding katalon tagging: Test Cases/Final Aug 2018 - PKS Automation/Registration Module/Log Out/log out avoiding katalon tagging

2018-11-27 16:03:06 - [TEST_STEP][PASSED] - navigateToUrl: Navigate to 'https://assist2-uat.perkeso.gov.my/c/portal/logout' successfully

2018-11-27 16:03:09 - [MESSAGE][PASSED] - Navigate to 'https://assist2-uat.perkeso.gov.my/c/portal/logout' successfully

2018-11-27 16:03:09 - [MESSAGE][PASSED] - Call Test Case 'Test Cases/Final Aug 2018 - PKS Automation/Registration Module/Log Out/log out avoiding katalon tagging' successfully

2018-11-27 16:03:09 - [TEST_STEP][PASSED] - callTestCase: Call Test Case 'Test Cases/Final Aug 2018 - PKS Automation/Create Employer Acc/Login to Employer Account (Second time)' successfully

2018-11-27 16:03:09 - [TEST_CASE][PASSED] - Test Cases/Final Aug 2018 - PKS Automation/Create Employer Acc/Login to Employer Account (Second time): Test Cases/Final Aug 2018 - PKS Automation/Create Employer Acc/Login to Employer Account (Second time)

2018-11-27 16:03:09 - [TEST_STEP][PASSED] - openBrowser: Browser is opened with url: ''

2018-11-27 16:03:09 - [MESSAGE][WARNING] - A browser is already opened. Closing browser and opening a new one

2018-11-27 16:03:13 - [MESSAGE][PASSED] - Browser is opened with url: ''

2018-11-27 16:03:13 - [TEST_STEP][PASSED] - navigateToUrl: Navigate to 'https://assist2-uat.perkeso.gov.my/employer/login' successfully

2018-11-27 16:03:15 - [MESSAGE][PASSED] - Navigate to 'https://assist2-uat.perkeso.gov.my/employer/login' successfully

2018-11-27 16:03:15 - [TEST_STEP][PASSED] - delay: Delayed 3 second(s)

2018-11-27 16:03:18 - [MESSAGE][PASSED] - Delayed 3 second(s)

2018-11-27 16:03:18 - [TEST_STEP][PASSED] - callTestCase: Call Test Case 'Test Cases/Final Aug 2018 - PKS Automation/Create Employer Acc/Template/Employer Email Getter' successfully

2018-11-27 16:03:18 - [TEST_CASE][PASSED] - Test Cases/Final Aug 2018 - PKS Automation/Create Employer Acc/Template/Employer Email Getter: Test Cases/Final Aug 2018 - PKS Automation/Create Employer Acc/Template/Employer Email Getter

2018-11-27 16:03:18 - [TEST_STEP][PASSED] - Statement - Try: null

2018-11-27 16:03:18 - [TEST_STEP][PASSED] - Statement - EmpEmail = new java.io.File(C://Users//Admin//Desktop//PKS//Automation Reference Point//EmpEmail.txt): null

2018-11-27 16:03:18 - [TEST_STEP][PASSED] - Statement - bufferread = new java.io.BufferedReader(new java.io.FileReader(EmpEmail)): null

2018-11-27 16:03:18 - [TEST_STEP][PASSED] - Statement - readedVal = bufferread.readLine(): null

2018-11-27 16:03:18 - [TEST_STEP][PASSED] - Statement - out.println(readedVal): null

2018-11-27 16:03:18 - [TEST_STEP][PASSED] - Statement - Email = readedVal: null

2018-11-27 16:03:18 - [MESSAGE][PASSED] - Call Test Case 'Test Cases/Final Aug 2018 - PKS Automation/Create Employer Acc/Template/Employer Email Getter' successfully

2018-11-27 16:03:18 - [TEST_STEP][PASSED] - setText: Text 'perkeso556322862633@gmail.com' is set on object 'Object Repository/Final Object Repo/Login Page/External Login Page/Email'

2018-11-27 16:03:18 - [MESSAGE][PASSED] - Text 'perkeso556322862633@gmail.com' is set on object 'Object Repository/Final Object Repo/Login Page/External Login Page/Email'

2018-11-27 16:03:18 - [TEST_STEP][PASSED] - click: Object: 'Object Repository/Final Object Repo/Login Page/External Login Page/Next' is clicked on

2018-11-27 16:03:18 - [MESSAGE][PASSED] - Object: 'Object Repository/Final Object Repo/Login Page/External Login Page/Next' is clicked on

2018-11-27 16:03:18 - [TEST_STEP][PASSED] - delay: Delayed 3 second(s)

2018-11-27 16:03:21 - [MESSAGE][PASSED] - Delayed 3 second(s)

2018-11-27 16:03:21 - [TEST_STEP][PASSED] - setEncryptedText: Text ****** has been set on object 'Object Repository/Final Object Repo/Login Page/External Login Page/Password'

2018-11-27 16:03:21 - [MESSAGE][PASSED] - Text ****** has been set on object 'Object Repository/Final Object Repo/Login Page/External Login Page/Password'

2018-11-27 16:03:21 - [TEST_STEP][PASSED] - click: Object: 'Object Repository/Final Object Repo/Login Page/External Login Page/Login' is clicked on

2018-11-27 16:03:22 - [MESSAGE][PASSED] - Object: 'Object Repository/Final Object Repo/Login Page/External Login Page/Login' is clicked on

2018-11-27 16:03:22 - [TEST_STEP][PASSED] - delay: Delayed 5 second(s)

2018-11-27 16:03:27 - [MESSAGE][PASSED] - Delayed 5 second(s)

2018-11-27 16:03:27 - [MESSAGE][PASSED] - Call Test Case 'Test Cases/Final Aug 2018 - PKS Automation/Create Employer Acc/Login to Employer Account (Second time)' successfully

2018-11-27 16:03:27 - [TEST_STEP][PASSED] - delay: Delayed 4 second(s)

2018-11-27 16:03:31 - [MESSAGE][PASSED] - Delayed 4 second(s)

2018-11-27 16:03:31 - [TEST_STEP][PASSED] - Statement - Try: Delayed 2 second(s)

2018-11-27 16:03:31 - [TEST_STEP][PASSED] - Statement - Checker = false: null

2018-11-27 16:03:31 - [TEST_STEP][PASSED] - Statement - Checker = com.kms.katalon.core.webui.keyword.WebUiBuiltInKeywords.verifyElementHasAttribute(com.kms.katalon.core.testobject.ObjectRepository.findTestObject(Final Object Repo/Landing Page/BM Detecting), "href", 20, OPTIONAL): Object 'Object Repository/Final Object Repo/Landing Page/BM Detecting' has attribute 'href'

2018-11-27 16:03:31 - [MESSAGE][PASSED] - Object 'Object Repository/Final Object Repo/Landing Page/BM Detecting' has attribute 'href'

2018-11-27 16:03:31 - [TEST_STEP][PASSED] - Statement - out.println(Checker): null

2018-11-27 16:03:31 - [TEST_STEP][PASSED] - Statement - If (Checker == false): null

2018-11-27 16:03:31 - [TEST_STEP][PASSED] - Statement - Else: null

2018-11-27 16:03:31 - [TEST_STEP][PASSED] - delay: Delayed 2 second(s)

2018-11-27 16:03:33 - [MESSAGE][PASSED] - Delayed 2 second(s)

2018-11-27 16:03:33 - [TEST_STEP][PASSED] - delay: Delayed 4 second(s)

2018-11-27 16:03:37 - [MESSAGE][PASSED] - Delayed 4 second(s)

2018-11-27 16:03:37 - [TEST_STEP][PASSED] - click: Object: 'Object Repository/Final Object Repo/Landing Page/My Sites Drop Down' is clicked on

2018-11-27 16:03:37 - [MESSAGE][PASSED] - Object: 'Object Repository/Final Object Repo/Landing Page/My Sites Drop Down' is clicked on

2018-11-27 16:03:37 - [TEST_STEP][PASSED] - click: Object: 'Object Repository/Final Object Repo/Landing Page/Select to Registration Module' is clicked on

2018-11-27 16:03:39 - [MESSAGE][PASSED] - Object: 'Object Repository/Final Object Repo/Landing Page/Select to Registration Module' is clicked on

2018-11-27 16:03:39 - [TEST_STEP][PASSED] - click: Object: 'Object Repository/Final Object Repo/Landing Page/Registration Button' is clicked on

2018-11-27 16:03:41 - [MESSAGE][PASSED] - Object: 'Object Repository/Final Object Repo/Landing Page/Registration Button' is clicked on

2018-11-27 16:03:41 - [TEST_STEP][PASSED] - delay: Delayed 2 second(s)

2018-11-27 16:03:43 - [MESSAGE][PASSED] - Delayed 2 second(s)

2018-11-27 16:03:43 - [TEST_STEP][PASSED] - click: Object: 'Object Repository/Final Object Repo/New Registration - Registration Module Pages/New Reg - OTC to RO/Special Case - OTC - Form 1/AEC NO' is clicked on

2018-11-27 16:03:43 - [MESSAGE][PASSED] - Object: 'Object Repository/Final Object Repo/New Registration - Registration Module Pages/New Reg - OTC to RO/Special Case - OTC - Form 1/AEC NO' is clicked on

2018-11-27 16:03:43 - [TEST_STEP][PASSED] - click: Object: 'Object Repository/Final Object Repo/New Registration - Registration Module Pages/New Reg - OTC to RO/Special Case - OTC - Form 1/Business Entity - Please Select' is clicked on

2018-11-27 16:03:43 - [MESSAGE][PASSED] - Object: 'Object Repository/Final Object Repo/New Registration - Registration Module Pages/New Reg - OTC to RO/Special Case - OTC - Form 1/Business Entity - Please Select' is clicked on

2018-11-27 16:03:43 - [TEST_STEP][PASSED] - click: Object: 'Object Repository/Final Object Repo/New Registration - Registration Module Pages/New Reg - OTC to RO/Special Case - OTC - Form 1/Selected - Corporation' is clicked on

2018-11-27 16:03:43 - [MESSAGE][PASSED] - Object: 'Object Repository/Final Object Repo/New Registration - Registration Module Pages/New Reg - OTC to RO/Special Case - OTC - Form 1/Selected - Corporation' is clicked on

2018-11-27 16:03:43 - [TEST_STEP][PASSED] - delay: Delayed 2 second(s)

2018-11-27 16:03:45 - [MESSAGE][PASSED] - Delayed 2 second(s)

2018-11-27 16:03:45 - [TEST_STEP][PASSED] - click: Object: 'Object Repository/Final Object Repo/New Registration - Registration Module Pages/New Reg - OTC to RO/Special Case - OTC - Form 1/Sub Business Entity - Please Select' is clicked on

2018-11-27 16:03:45 - [MESSAGE][PASSED] - Object: 'Object Repository/Final Object Repo/New Registration - Registration Module Pages/New Reg - OTC to RO/Special Case - OTC - Form 1/Sub Business Entity - Please Select' is clicked on

2018-11-27 16:03:45 - [TEST_STEP][PASSED] - delay: Delayed 2 second(s)

2018-11-27 16:03:48 - [MESSAGE][PASSED] - Delayed 2 second(s)

2018-11-27 16:03:48 - [TEST_STEP][PASSED] - click: Object: 'Object Repository/Final Object Repo/New Registration - Registration Module Pages/New Reg - OTC to RO/Special Case - OTC - Form 1/Selected - Sendirian Berhad' is clicked on

2018-11-27 16:03:48 - [MESSAGE][PASSED] - Object: 'Object Repository/Final Object Repo/New Registration - Registration Module Pages/New Reg - OTC to RO/Special Case - OTC - Form 1/Selected - Sendirian Berhad' is clicked on

2018-11-27 16:03:48 - [TEST_STEP][PASSED] - setText: Text 'AUTOMATE001' is set on object 'Object Repository/Final Object Repo/New Registration - Registration Module Pages/New Reg - OTC to RO/Special Case - OTC - Form 1/Input BRN Number'

2018-11-27 16:03:48 - [MESSAGE][PASSED] - Text 'AUTOMATE001' is set on object 'Object Repository/Final Object Repo/New Registration - Registration Module Pages/New Reg - OTC to RO/Special Case - OTC - Form 1/Input BRN Number'

2018-11-27 16:03:48 - [TEST_STEP][PASSED] - delay: Delayed 2 second(s)

2018-11-27 16:03:50 - [MESSAGE][PASSED] - Delayed 2 second(s)

2018-11-27 16:03:50 - [TEST_STEP][PASSED] - click: Object: 'Object Repository/Final Object Repo/New Registration - Registration Module Pages/New Reg - OTC to RO/Special Case - OTC - Form 1/BRN Search' is clicked on

2018-11-27 16:03:50 - [MESSAGE][PASSED] - Object: 'Object Repository/Final Object Repo/New Registration - Registration Module Pages/New Reg - OTC to RO/Special Case - OTC - Form 1/BRN Search' is clicked on

2018-11-27 16:03:50 - [TEST_STEP][PASSED] - delay: Delayed 4 second(s)

2018-11-27 16:03:54 - [MESSAGE][PASSED] - Delayed 4 second(s)

2018-11-27 16:03:54 - [TEST_STEP][PASSED] - click: Object: 'Object Repository/Final Object Repo/New Registration - Registration Module Pages/New Reg - OTC to RO/Special Case - OTC - Form 1/Registered with SSM - After Feb 2017' is clicked on

2018-11-27 16:03:55 - [MESSAGE][PASSED] - Object: 'Object Repository/Final Object Repo/New Registration - Registration Module Pages/New Reg - OTC to RO/Special Case - OTC - Form 1/Registered with SSM - After Feb 2017' is clicked on

2018-11-27 16:03:55 - [TEST_STEP][PASSED] - delay: Delayed 2 second(s)

2018-11-27 16:03:57 - [MESSAGE][PASSED] - Delayed 2 second(s)

2018-11-27 16:03:57 - [TEST_STEP][PASSED] - click: Object: 'Object Repository/Final Object Repo/New Registration - Registration Module Pages/Form 1/Registered As a Branch - Yes' is clicked on

2018-11-27 16:03:57 - [MESSAGE][PASSED] - Object: 'Object Repository/Final Object Repo/New Registration - Registration Module Pages/Form 1/Registered As a Branch - Yes' is clicked on

2018-11-27 16:03:57 - [TEST_STEP][PASSED] - click: Object: 'Object Repository/Final Object Repo/New Registration - Registration Module Pages/New Reg - OTC to RO/Special Case - OTC - Form 1/Acknowledgement Ticked' is clicked on

2018-11-27 16:03:57 - [MESSAGE][PASSED] - Object: 'Object Repository/Final Object Repo/New Registration - Registration Module Pages/New Reg - OTC to RO/Special Case - OTC - Form 1/Acknowledgement Ticked' is clicked on

2018-11-27 16:03:57 - [TEST_STEP][PASSED] - setText: Text 'perkeso556322862633@gmail.com' is set on object 'Object Repository/Final Object Repo/New Registration - Registration Module Pages/Form 1/Email'

2018-11-27 16:03:58 - [MESSAGE][PASSED] - Text 'perkeso556322862633@gmail.com' is set on object 'Object Repository/Final Object Repo/New Registration - Registration Module Pages/Form 1/Email'

2018-11-27 16:03:58 - [TEST_STEP][PASSED] - click: Object: 'Object Repository/Final Object Repo/New Registration - Registration Module Pages/New Reg - OTC to RO/Special Case - OTC - Form 1/Submit Button' is clicked on

2018-11-27 16:03:58 - [MESSAGE][PASSED] - Object: 'Object Repository/Final Object Repo/New Registration - Registration Module Pages/New Reg - OTC to RO/Special Case - OTC - Form 1/Submit Button' is clicked on

2018-11-27 16:03:58 - [TEST_STEP][PASSED] - callTestCase: Call Test Case 'Test Cases/Final Aug 2018 - PKS Automation/Registration Module/New Registration/Form 2/Add 1 Eligible - Employer Account Use' successfully

2018-11-27 16:03:58 - [TEST_CASE][PASSED] - Test Cases/Final Aug 2018 - PKS Automation/Registration Module/New Registration/Form 2/Add 1 Eligible - Employer Account Use: Test Cases/Final Aug 2018 - PKS Automation/Registration Module/New Registration/Form 2/Add 1 Eligible - Employer Account Use

2018-11-27 16:03:58 - [TEST_STEP][PASSED] - delay: Delayed 2 second(s)

2018-11-27 16:04:00 - [MESSAGE][PASSED] - Delayed 2 second(s)

2018-11-27 16:04:00 - [TEST_STEP][PASSED] - callTestCase: Call Test Case 'Test Cases/Final Aug 2018 - PKS Automation/Registration Module/New Registration/Form 2/Date Updater' successfully

2018-11-27 16:04:00 - [TEST_CASE][PASSED] - Test Cases/Final Aug 2018 - PKS Automation/Registration Module/New Registration/Form 2/Date Updater: Test Cases/Final Aug 2018 - PKS Automation/Registration Module/New Registration/Form 2/Date Updater

2018-11-27 16:04:00 - [TEST_STEP][PASSED] - Statement - TodayDate = new java.util.Date(): null

2018-11-27 16:04:00 - [TEST_STEP][PASSED] - Statement - CurrentDateNoFilter = new java.text.SimpleDateFormat(): null

2018-11-27 16:04:00 - [TEST_STEP][PASSED] - Statement - CurrentDateNoFilter.applyPattern("dd"): null

2018-11-27 16:04:00 - [TEST_STEP][PASSED] - Statement - CurrentDate = CurrentDateNoFilter.format(TodayDate): null

2018-11-27 16:04:00 - [TEST_STEP][PASSED] - Statement - CurrentDate = java.lang.Integer.parseInt(CurrentDate): null

2018-11-27 16:04:00 - [TEST_STEP][PASSED] - Statement - CurrentDate = CurrentDate: null

2018-11-27 16:04:00 - [TEST_STEP][PASSED] - Statement - CurrentDay = java.lang.Integer.parseInt(CurrentDate): null

2018-11-27 16:04:00 - [TEST_STEP][PASSED] - Statement - aDayBefore = CurrentDay + 1: null

2018-11-27 16:04:00 - [TEST_STEP][PASSED] - Statement - DayBefore = aDayBefore.toString(): null

2018-11-27 16:04:00 - [TEST_STEP][PASSED] - Statement - OneDayBefore = DayBefore: null

2018-11-27 16:04:00 - [TEST_STEP][PASSED] - Statement - CurrentDateNoFilter.applyPattern("MM"): null

2018-11-27 16:04:00 - [TEST_STEP][PASSED] - Statement - monthContainerMatcher = java.lang.Integer.parseInt(CurrentDateNoFilter.format(TodayDate)): null

2018-11-27 16:04:00 - [TEST_STEP][PASSED] - Statement - monthContainerMatcher = monthContainerMatcher - 1: null

2018-11-27 16:04:00 - [TEST_STEP][PASSED] - Statement - CurrentMonth = monthContainerMatcher.toString(): null

2018-11-27 16:04:00 - [TEST_STEP][PASSED] - Statement - CurrentMonth = CurrentMonth: null

2018-11-27 16:04:00 - [TEST_STEP][PASSED] - Statement - CurrentDateNoFilter.applyPattern("yyyy"): null

2018-11-27 16:04:00 - [TEST_STEP][PASSED] - Statement - CurrentYear = CurrentDateNoFilter.format(TodayDate): null

2018-11-27 16:04:00 - [TEST_STEP][PASSED] - Statement - CurrentYear = CurrentYear: null

2018-11-27 16:04:00 - [TEST_STEP][PASSED] - Statement - intCurrentYear = java.lang.Integer.parseInt(CurrentDateNoFilter.format(TodayDate)): null

2018-11-27 16:04:00 - [TEST_STEP][PASSED] - Statement - eighteenYrsAgo = intCurrentYear - 18: null

2018-11-27 16:04:00 - [TEST_STEP][PASSED] - Statement - eighteenYrsBeforeThisYr = eighteenYrsAgo.toString(): null

2018-11-27 16:04:00 - [TEST_STEP][PASSED] - Statement - EighteenYrsBefore = eighteenYrsBeforeThisYr: null

2018-11-27 16:04:00 - [TEST_STEP][PASSED] - Statement - fiftysevenYrsAgo = intCurrentYear - 57: null

2018-11-27 16:04:00 - [TEST_STEP][PASSED] - Statement - fiftysevenYrsBeforeThisYr = fiftysevenYrsAgo.toString(): null

2018-11-27 16:04:00 - [TEST_STEP][PASSED] - Statement - FiftysevenYrsBefore = fiftysevenYrsBeforeThisYr: null

2018-11-27 16:04:00 - [MESSAGE][PASSED] - Call Test Case 'Test Cases/Final Aug 2018 - PKS Automation/Registration Module/New Registration/Form 2/Date Updater' successfully

2018-11-27 16:04:00 - [TEST_STEP][PASSED] - delay: Delayed 1 second(s)

2018-11-27 16:04:01 - [MESSAGE][PASSED] - Delayed 1 second(s)

2018-11-27 16:04:01 - [TEST_STEP][PASSED] - Statement - CaseReferenceNo = com.kms.katalon.core.webui.keyword.WebUiBuiltInKeywords.getText(com.kms.katalon.core.testobject.ObjectRepository.findTestObject(Final Object Repo/New Registration - Registration Module Pages/Form 2/RefNo Acquiring)): Text of object 'Object Repository/Final Object Repo/New Registration - Registration Module Pages/Form 2/RefNo Acquiring' is: 'CRN11201800122870'

2018-11-27 16:04:01 - [MESSAGE][PASSED] - Text of object 'Object Repository/Final Object Repo/New Registration - Registration Module Pages/Form 2/RefNo Acquiring' is: 'CRN11201800122870'

2018-11-27 16:04:01 - [TEST_STEP][PASSED] - delay: Delayed 1 second(s)

2018-11-27 16:04:02 - [MESSAGE][PASSED] - Delayed 1 second(s)

2018-11-27 16:04:02 - [TEST_STEP][PASSED] - click: Object: 'Object Repository/Final Object Repo/New Registration - Registration Module Pages/Form 2/Add Employee Button' is clicked on

2018-11-27 16:04:02 - [MESSAGE][PASSED] - Object: 'Object Repository/Final Object Repo/New Registration - Registration Module Pages/Form 2/Add Employee Button' is clicked on

2018-11-27 16:04:02 - [TEST_STEP][PASSED] - delay: Delayed 1 second(s)

2018-11-27 16:04:03 - [MESSAGE][PASSED] - Delayed 1 second(s)

2018-11-27 16:04:03 - [TEST_STEP][PASSED] - setText: Text '010903091948' is set on object 'Object Repository/Final Object Repo/New Registration - Registration Module Pages/Form 2/NRIC Input'

2018-11-27 16:04:04 - [MESSAGE][PASSED] - Text '010903091948' is set on object 'Object Repository/Final Object Repo/New Registration - Registration Module Pages/Form 2/NRIC Input'

2018-11-27 16:04:04 - [TEST_STEP][PASSED] - delay: Delayed 2 second(s)

2018-11-27 16:04:06 - [MESSAGE][PASSED] - Delayed 2 second(s)

2018-11-27 16:04:06 - [TEST_STEP][PASSED] - setText: Text 'Automate001 eligible 1' is set on object 'Object Repository/Final Object Repo/New Registration - Registration Module Pages/Form 2/Employee Name Input'

2018-11-27 16:04:06 - [MESSAGE][PASSED] - Text 'Automate001 eligible 1' is set on object 'Object Repository/Final Object Repo/New Registration - Registration Module Pages/Form 2/Employee Name Input'

2018-11-27 16:04:06 - [TEST_STEP][PASSED] - delay: Delayed 2 second(s)

2018-11-27 16:04:08 - [MESSAGE][PASSED] - Delayed 2 second(s)

2018-11-27 16:04:08 - [TEST_STEP][PASSED] - click: Object: 'Object Repository/Final Object Repo/New Registration - Registration Module Pages/Form 2/DatePicker Pop Up' is clicked on

2018-11-27 16:04:08 - [MESSAGE][PASSED] - Object: 'Object Repository/Final Object Repo/New Registration - Registration Module Pages/Form 2/DatePicker Pop Up' is clicked on

2018-11-27 16:04:08 - [TEST_STEP][PASSED] - click: Object: 'Object Repository/Final Object Repo/New Registration - Registration Module Pages/Form 2/DOB Month' is clicked on

2018-11-27 16:04:09 - [MESSAGE][PASSED] - Object: 'Object Repository/Final Object Repo/New Registration - Registration Module Pages/Form 2/DOB Month' is clicked on

2018-11-27 16:04:09 - [TEST_STEP][PASSED] - Statement - CurrentMonth = CurrentMonth: null

2018-11-27 16:04:09 - [TEST_STEP][PASSED] - Statement - selectMonth = new com.kms.katalon.core.testobject.TestObject(): null

2018-11-27 16:04:09 - [TEST_STEP][PASSED] - Statement - selectMonth.addProperty("xpath", EQUALS, "//body/div/div/div/select/option[@value='" + CurrentMonth + "']", true): null

2018-11-27 16:04:09 - [TEST_STEP][PASSED] - click: Object: '' is clicked on

2018-11-27 16:04:09 - [MESSAGE][PASSED] - Object: '' is clicked on

2018-11-27 16:04:09 - [TEST_STEP][PASSED] - click: Object: 'Object Repository/Final Object Repo/New Registration - Registration Module Pages/Form 2/DOB Year' is clicked on

2018-11-27 16:04:09 - [MESSAGE][PASSED] - Object: 'Object Repository/Final Object Repo/New Registration - Registration Module Pages/Form 2/DOB Year' is clicked on

2018-11-27 16:04:09 - [TEST_STEP][PASSED] - Statement - Eyearsbf = EighteenYrsBefore: null

2018-11-27 16:04:09 - [TEST_STEP][PASSED] - Statement - selectYear = new com.kms.katalon.core.testobject.TestObject(): null

2018-11-27 16:04:09 - [TEST_STEP][PASSED] - Statement - selectYear.addProperty("xpath", EQUALS, "//div/div/div/select/option[@value='" + Eyearsbf + "']", true): null

2018-11-27 16:04:09 - [TEST_STEP][PASSED] - click: Object: '' is clicked on

2018-11-27 16:04:09 - [MESSAGE][PASSED] - Object: '' is clicked on

2018-11-27 16:04:09 - [TEST_STEP][PASSED] - Statement - UpdatedSelectDate = com.kms.katalon.core.webui.keyword.WebUiBuiltInKeywords.modifyObjectProperty(com.kms.katalon.core.testobject.ObjectRepository.findTestObject(Final Object Repo/New Registration - Registration Module Pages/Form 2/DOB Date), "xpath", "equals", "//body/div/table/tbody/tr/td/a[text()="" + CurrentDate + ""]", true): Modify property of object successfully

2018-11-27 16:04:09 - [MESSAGE][PASSED] - Modify property of object successfully

2018-11-27 16:04:09 - [TEST_STEP][PASSED] - delay: Delayed 3 second(s)

2018-11-27 16:04:12 - [MESSAGE][PASSED] - Delayed 3 second(s)

2018-11-27 16:04:12 - [TEST_STEP][PASSED] - click: Object: 'Object Repository/Final Object Repo/New Registration - Registration Module Pages/Form 2/DOB Date' is clicked on

2018-11-27 16:04:12 - [MESSAGE][PASSED] - Object: 'Object Repository/Final Object Repo/New Registration - Registration Module Pages/Form 2/DOB Date' is clicked on

2018-11-27 16:04:12 - [TEST_STEP][PASSED] - delay: Delayed 2 second(s)

2018-11-27 16:04:14 - [MESSAGE][PASSED] - Delayed 2 second(s)

2018-11-27 16:04:14 - [TEST_STEP][PASSED] - click: Object: 'Object Repository/Final Object Repo/New Registration - Registration Module Pages/Form 2/EmploymentStartDate Pop Up' is clicked on

2018-11-27 16:04:15 - [MESSAGE][PASSED] - Object: 'Object Repository/Final Object Repo/New Registration - Registration Module Pages/Form 2/EmploymentStartDate Pop Up' is clicked on

2018-11-27 16:04:15 - [TEST_STEP][PASSED] - delay: Delayed 2 second(s)

2018-11-27 16:04:17 - [MESSAGE][PASSED] - Delayed 2 second(s)

2018-11-27 16:04:17 - [TEST_STEP][PASSED] - click: Object: 'Object Repository/Final Object Repo/New Registration - Registration Module Pages/Form 2/Socso Employment StartDate Month' is clicked on

2018-11-27 16:04:17 - [MESSAGE][PASSED] - Object: 'Object Repository/Final Object Repo/New Registration - Registration Module Pages/Form 2/Socso Employment StartDate Month' is clicked on

2018-11-27 16:04:17 - [TEST_STEP][PASSED] - delay: Delayed 1 second(s)

2018-11-27 16:04:18 - [MESSAGE][PASSED] - Delayed 1 second(s)

2018-11-27 16:04:18 - [TEST_STEP][PASSED] - click: Object: 'Object Repository/Final Object Repo/New Registration - Registration Module Pages/Form 2/Select Socso Employement Startdate Month' is clicked on

2018-11-27 16:04:18 - [MESSAGE][PASSED] - Object: 'Object Repository/Final Object Repo/New Registration - Registration Module Pages/Form 2/Select Socso Employement Startdate Month' is clicked on

2018-11-27 16:04:18 - [TEST_STEP][PASSED] - delay: Delayed 2 second(s)

2018-11-27 16:04:20 - [MESSAGE][PASSED] - Delayed 2 second(s)

2018-11-27 16:04:20 - [TEST_STEP][PASSED] - click: Object: 'Object Repository/Final Object Repo/New Registration - Registration Module Pages/Form 2/Socso Employment StartDate Year' is clicked on

2018-11-27 16:04:20 - [MESSAGE][PASSED] - Object: 'Object Repository/Final Object Repo/New Registration - Registration Module Pages/Form 2/Socso Employment StartDate Year' is clicked on

2018-11-27 16:04:20 - [TEST_STEP][PASSED] - delay: Delayed 1 second(s)

2018-11-27 16:04:21 - [MESSAGE][PASSED] - Delayed 1 second(s)

2018-11-27 16:04:21 - [TEST_STEP][PASSED] - click: Object: 'Object Repository/Final Object Repo/New Registration - Registration Module Pages/Form 2/Select Socso Employment Startdate Year' is clicked on

2018-11-27 16:04:21 - [MESSAGE][PASSED] - Object: 'Object Repository/Final Object Repo/New Registration - Registration Module Pages/Form 2/Select Socso Employment Startdate Year' is clicked on

2018-11-27 16:04:21 - [TEST_STEP][PASSED] - delay: Delayed 2 second(s)

2018-11-27 16:04:23 - [MESSAGE][PASSED] - Delayed 2 second(s)

2018-11-27 16:04:23 - [TEST_STEP][PASSED] - click: Object: 'Object Repository/Final Object Repo/New Registration - Registration Module Pages/Form 2/Socso Employment Start Date Day' is clicked on

2018-11-27 16:04:23 - [MESSAGE][PASSED] - Object: 'Object Repository/Final Object Repo/New Registration - Registration Module Pages/Form 2/Socso Employment Start Date Day' is clicked on

2018-11-27 16:04:23 - [TEST_STEP][PASSED] - delay: Delayed 2 second(s)

2018-11-27 16:04:25 - [MESSAGE][PASSED] - Delayed 2 second(s)

2018-11-27 16:04:25 - [TEST_STEP][PASSED] - click: Object: 'Object Repository/Final Object Repo/New Registration - Registration Module Pages/Form 2/Save Button for Add Employee' is clicked on

2018-11-27 16:04:26 - [MESSAGE][PASSED] - Object: 'Object Repository/Final Object Repo/New Registration - Registration Module Pages/Form 2/Save Button for Add Employee' is clicked on

2018-11-27 16:04:26 - [TEST_STEP][PASSED] - delay: Delayed 6 second(s)

2018-11-27 16:04:32 - [MESSAGE][PASSED] - Delayed 6 second(s)

2018-11-27 16:04:32 - [TEST_STEP][PASSED] - click: Object: 'Object Repository/Final Object Repo/New Registration - Registration Module Pages/Form 2/Save and Continue Form 2' is clicked on

2018-11-27 16:04:32 - [MESSAGE][PASSED] - Object: 'Object Repository/Final Object Repo/New Registration - Registration Module Pages/Form 2/Save and Continue Form 2' is clicked on

2018-11-27 16:04:32 - [MESSAGE][PASSED] - Call Test Case 'Test Cases/Final Aug 2018 - PKS Automation/Registration Module/New Registration/Form 2/Add 1 Eligible - Employer Account Use' successfully

2018-11-27 16:04:32 - [TEST_STEP][PASSED] - callTestCase: Call Test Case 'Test Cases/Final Aug 2018 - PKS Automation/Registration Module/New Registration/Flow of New Registration/Third Screen - Upload Supporting Doc - Preview' successfully

2018-11-27 16:04:32 - [TEST_CASE][PASSED] - Test Cases/Final Aug 2018 - PKS Automation/Registration Module/New Registration/Flow of New Registration/Third Screen - Upload Supporting Doc - Preview: Test Cases/Final Aug 2018 - PKS Automation/Registration Module/New Registration/Flow of New Registration/Third Screen - Upload Supporting Doc - Preview

2018-11-27 16:04:32 - [TEST_STEP][PASSED] - waitForPageLoad: Wait for page load successfully

2018-11-27 16:04:33 - [MESSAGE][PASSED] - Wait for page load successfully

2018-11-27 16:04:33 - [TEST_STEP][PASSED] - Statement - CaseReferenceNo = com.kms.katalon.core.webui.keyword.WebUiBuiltInKeywords.getText(com.kms.katalon.core.testobject.ObjectRepository.findTestObject(Final Object Repo/New Registration - Registration Module Pages/Third Screen - Upload Supporting Doc- Preview/RefNo Acquiring)): Text of object 'Object Repository/Final Object Repo/New Registration - Registration Module Pages/Third Screen - Upload Supporting Doc- Preview/RefNo Acquiring' is: 'CRN11201800122870'

2018-11-27 16:04:33 - [MESSAGE][PASSED] - Text of object 'Object Repository/Final Object Repo/New Registration - Registration Module Pages/Third Screen - Upload Supporting Doc- Preview/RefNo Acquiring' is: 'CRN11201800122870'

2018-11-27 16:04:33 - [TEST_STEP][PASSED] - delay: Delayed 2 second(s)

2018-11-27 16:04:35 - [MESSAGE][PASSED] - Delayed 2 second(s)

2018-11-27 16:04:35 - [TEST_STEP][PASSED] - callTestCase: Call Test Case 'Test Cases/Final Aug 2018 - PKS Automation/Common/Reference Number Setter' successfully

2018-11-27 16:04:35 - [TEST_CASE][PASSED] - Test Cases/Final Aug 2018 - PKS Automation/Common/Reference Number Setter: Test Cases/Final Aug 2018 - PKS Automation/Common/Reference Number Setter

2018-11-27 16:04:35 - [TEST_STEP][PASSED] - Statement - RefNoOldFile = new java.io.File(C://Users//Admin//Desktop//PKS//Automation Reference Point//KatalonReference.txt): null

2018-11-27 16:04:35 - [TEST_STEP][PASSED] - Statement - RefNoOldFile.delete(): null

2018-11-27 16:04:35 - [TEST_STEP][PASSED] - delay: Delayed 5 second(s)

2018-11-27 16:04:40 - [MESSAGE][PASSED] - Delayed 5 second(s)

2018-11-27 16:04:40 - [TEST_STEP][PASSED] - Statement - RefNo = new java.io.File(C://Users//Admin//Desktop//PKS//Automation Reference Point//KatalonReference.txt): null

2018-11-27 16:04:40 - [TEST_STEP][PASSED] - Statement - f2 = new java.io.FileWriter(RefNo, false): null

2018-11-27 16:04:40 - [TEST_STEP][PASSED] - Statement - f2.write(CaseReferenceNo): null

2018-11-27 16:04:40 - [TEST_STEP][PASSED] - Statement - f2.close(): null

2018-11-27 16:04:40 - [TEST_STEP][PASSED] - Statement - out.println("


" + CaseReferenceNo + "


"): null

2018-11-27 16:04:40 - [MESSAGE][PASSED] - Call Test Case 'Test Cases/Final Aug 2018 - PKS Automation/Common/Reference Number Setter' successfully

2018-11-27 16:04:40 - [TEST_STEP][PASSED] - waitForElementClickable: Object 'Object Repository/Final Object Repo/New Registration - Registration Module Pages/Third Screen - Upload Supporting Doc- Preview/Save n Continue in SIP Employee Listing Page' is clickable

2018-11-27 16:04:40 - [MESSAGE][PASSED] - Object 'Object Repository/Final Object Repo/New Registration - Registration Module Pages/Third Screen - Upload Supporting Doc- Preview/Save n Continue in SIP Employee Listing Page' is clickable

2018-11-27 16:04:40 - [TEST_STEP][PASSED] - click: Object: 'Object Repository/Final Object Repo/New Registration - Registration Module Pages/Third Screen - Upload Supporting Doc- Preview/Save n Continue in SIP Employee Listing Page' is clicked on

2018-11-27 16:04:46 - [MESSAGE][PASSED] - Object: 'Object Repository/Final Object Repo/New Registration - Registration Module Pages/Third Screen - Upload Supporting Doc- Preview/Save n Continue in SIP Employee Listing Page' is clicked on

2018-11-27 16:04:46 - [TEST_STEP][PASSED] - delay: Delayed 7 second(s)

2018-11-27 16:04:53 - [MESSAGE][PASSED] - Delayed 7 second(s)

2018-11-27 16:04:53 - [TEST_STEP][PASSED] - click: Object: 'Object Repository/Final Object Repo/New Registration - Registration Module Pages/Third Screen - Upload Supporting Doc- Preview/Add Document Button' is clicked on

2018-11-27 16:04:53 - [MESSAGE][PASSED] - Object: 'Object Repository/Final Object Repo/New Registration - Registration Module Pages/Third Screen - Upload Supporting Doc- Preview/Add Document Button' is clicked on

2018-11-27 16:04:53 - [TEST_STEP][PASSED] - delay: Delayed 30 second(s)

2018-11-27 16:05:23 - [MESSAGE][PASSED] - Delayed 30 second(s)

2018-11-27 16:05:23 - [TEST_STEP][PASSED] - click: Object: 'Object Repository/Final Object Repo/New Registration - Registration Module Pages/Third Screen - Upload Supporting Doc- Preview/Supporting Doc Please Select Drop Down' is clicked on

2018-11-27 16:05:23 - [MESSAGE][PASSED] - Object: 'Object Repository/Final Object Repo/New Registration - Registration Module Pages/Third Screen - Upload Supporting Doc- Preview/Supporting Doc Please Select Drop Down' is clicked on

2018-11-27 16:05:23 - [TEST_STEP][PASSED] - delay: Delayed 2 second(s)

2018-11-27 16:05:25 - [MESSAGE][PASSED] - Delayed 2 second(s)

2018-11-27 16:05:25 - [TEST_STEP][PASSED] - click: Object: 'Object Repository/Final Object Repo/New Registration - Registration Module Pages/Third Screen - Upload Supporting Doc- Preview/Select to Upload Form 1' is clicked on

2018-11-27 16:05:25 - [MESSAGE][PASSED] - Object: 'Object Repository/Final Object Repo/New Registration - Registration Module Pages/Third Screen - Upload Supporting Doc- Preview/Select to Upload Form 1' is clicked on

2018-11-27 16:05:25 - [TEST_STEP][PASSED] - delay: Delayed 2 second(s)

2018-11-27 16:05:27 - [MESSAGE][PASSED] - Delayed 2 second(s)

2018-11-27 16:05:27 - [TEST_STEP][PASSED] - uploadFile: File 'C:\Users\Public\Pictures\Sample Pictures\Koala.jpg' sent to object: 'Object Repository/Final Object Repo/New Registration - Registration Module Pages/Third Screen - Upload Supporting Doc- Preview/Upload File Adding'

2018-11-27 16:05:27 - [MESSAGE][PASSED] - File 'C:\Users\Public\Pictures\Sample Pictures\Koala.jpg' sent to object: 'Object Repository/Final Object Repo/New Registration - Registration Module Pages/Third Screen - Upload Supporting Doc- Preview/Upload File Adding'

2018-11-27 16:05:27 - [TEST_STEP][PASSED] - delay: Delayed 5 second(s)

2018-11-27 16:05:32 - [MESSAGE][PASSED] - Delayed 5 second(s)

2018-11-27 16:05:32 - [TEST_STEP][PASSED] - click: Object: 'Object Repository/Final Object Repo/New Registration - Registration Module Pages/Third Screen - Upload Supporting Doc- Preview/Inner Form Add Document Button' is clicked on

2018-11-27 16:05:33 - [MESSAGE][PASSED] - Object: 'Object Repository/Final Object Repo/New Registration - Registration Module Pages/Third Screen - Upload Supporting Doc- Preview/Inner Form Add Document Button' is clicked on

2018-11-27 16:05:33 - [TEST_STEP][PASSED] - delay: Delayed 3 second(s)

2018-11-27 16:05:36 - [MESSAGE][PASSED] - Delayed 3 second(s)

2018-11-27 16:05:36 - [TEST_STEP][PASSED] - click: Object: 'Object Repository/Final Object Repo/New Registration - Registration Module Pages/Third Screen - Upload Supporting Doc- Preview/Add Document Button' is clicked on

2018-11-27 16:05:37 - [MESSAGE][PASSED] - Object: 'Object Repository/Final Object Repo/New Registration - Registration Module Pages/Third Screen - Upload Supporting Doc- Preview/Add Document Button' is clicked on

2018-11-27 16:05:37 - [TEST_STEP][PASSED] - delay: Delayed 30 second(s)

2018-11-27 16:06:07 - [MESSAGE][PASSED] - Delayed 30 second(s)

2018-11-27 16:06:07 - [TEST_STEP][PASSED] - click: Object: 'Object Repository/Final Object Repo/New Registration - Registration Module Pages/Third Screen - Upload Supporting Doc- Preview/Supporting Doc Please Select Drop Down' is clicked on

2018-11-27 16:06:07 - [MESSAGE][PASSED] - Object: 'Object Repository/Final Object Repo/New Registration - Registration Module Pages/Third Screen - Upload Supporting Doc- Preview/Supporting Doc Please Select Drop Down' is clicked on

2018-11-27 16:06:07 - [TEST_STEP][PASSED] - delay: Delayed 2 second(s)

2018-11-27 16:06:09 - [MESSAGE][PASSED] - Delayed 2 second(s)

2018-11-27 16:06:09 - [TEST_STEP][PASSED] - click: Object: 'Object Repository/Final Object Repo/New Registration - Registration Module Pages/Third Screen - Upload Supporting Doc- Preview/Select to Upload Form 2' is clicked on

2018-11-27 16:06:09 - [MESSAGE][PASSED] - Object: 'Object Repository/Final Object Repo/New Registration - Registration Module Pages/Third Screen - Upload Supporting Doc- Preview/Select to Upload Form 2' is clicked on

2018-11-27 16:06:09 - [TEST_STEP][PASSED] - delay: Delayed 2 second(s)

2018-11-27 16:06:11 - [MESSAGE][PASSED] - Delayed 2 second(s)

2018-11-27 16:06:11 - [TEST_STEP][PASSED] - uploadFile: File 'C:\Users\Public\Pictures\Sample Pictures\Koala.jpg' sent to object: 'Object Repository/Final Object Repo/New Registration - Registration Module Pages/Third Screen - Upload Supporting Doc- Preview/Upload File Adding'

2018-11-27 16:06:11 - [MESSAGE][PASSED] - File 'C:\Users\Public\Pictures\Sample Pictures\Koala.jpg' sent to object: 'Object Repository/Final Object Repo/New Registration - Registration Module Pages/Third Screen - Upload Supporting Doc- Preview/Upload File Adding'

2018-11-27 16:06:11 - [TEST_STEP][PASSED] - click: Object: 'Object Repository/Final Object Repo/New Registration - Registration Module Pages/Third Screen - Upload Supporting Doc- Preview/Inner Form Add Document Button' is clicked on

2018-11-27 16:06:12 - [MESSAGE][PASSED] - Object: 'Object Repository/Final Object Repo/New Registration - Registration Module Pages/Third Screen - Upload Supporting Doc- Preview/Inner Form Add Document Button' is clicked on

2018-11-27 16:06:12 - [TEST_STEP][PASSED] - delay: Delayed 5 second(s)

2018-11-27 16:06:17 - [MESSAGE][PASSED] - Delayed 5 second(s)

2018-11-27 16:06:17 - [TEST_STEP][PASSED] - click: Object: 'Object Repository/Final Object Repo/New Registration - Registration Module Pages/Third Screen - Upload Supporting Doc- Preview/Add Document Button' is clicked on

2018-11-27 16:06:17 - [MESSAGE][PASSED] - Object: 'Object Repository/Final Object Repo/New Registration - Registration Module Pages/Third Screen - Upload Supporting Doc- Preview/Add Document Button' is clicked on

2018-11-27 16:06:17 - [TEST_STEP][PASSED] - delay: Delayed 30 second(s)

2018-11-27 16:06:47 - [MESSAGE][PASSED] - Delayed 30 second(s)

2018-11-27 16:06:47 - [TEST_STEP][PASSED] - click: Object: 'Object Repository/Final Object Repo/New Registration - Registration Module Pages/Third Screen - Upload Supporting Doc- Preview/Supporting Doc Please Select Drop Down' is clicked on

2018-11-27 16:06:47 - [MESSAGE][PASSED] - Object: 'Object Repository/Final Object Repo/New Registration - Registration Module Pages/Third Screen - Upload Supporting Doc- Preview/Supporting Doc Please Select Drop Down' is clicked on

2018-11-27 16:06:47 - [TEST_STEP][PASSED] - click: Object: 'Object Repository/Final Object Repo/New Registration - Registration Module Pages/Third Screen - Upload Supporting Doc- Preview/Select to Upload Borang SIP 1' is clicked on

2018-11-27 16:06:47 - [MESSAGE][PASSED] - Object: 'Object Repository/Final Object Repo/New Registration - Registration Module Pages/Third Screen - Upload Supporting Doc- Preview/Select to Upload Borang SIP 1' is clicked on

2018-11-27 16:06:47 - [TEST_STEP][PASSED] - delay: Delayed 2 second(s)

2018-11-27 16:06:49 - [MESSAGE][PASSED] - Delayed 2 second(s)

2018-11-27 16:06:49 - [TEST_STEP][PASSED] - uploadFile: File 'C:\Users\Public\Pictures\Sample Pictures\Koala.jpg' sent to object: 'Object Repository/Final Object Repo/New Registration - Registration Module Pages/Third Screen - Upload Supporting Doc- Preview/Upload File Adding'

2018-11-27 16:06:49 - [MESSAGE][PASSED] - File 'C:\Users\Public\Pictures\Sample Pictures\Koala.jpg' sent to object: 'Object Repository/Final Object Repo/New Registration - Registration Module Pages/Third Screen - Upload Supporting Doc- Preview/Upload File Adding'

2018-11-27 16:06:49 - [TEST_STEP][PASSED] - click: Object: 'Object Repository/Final Object Repo/New Registration - Registration Module Pages/Third Screen - Upload Supporting Doc- Preview/Inner Form Add Document Button' is clicked on

2018-11-27 16:06:49 - [MESSAGE][PASSED] - Object: 'Object Repository/Final Object Repo/New Registration - Registration Module Pages/Third Screen - Upload Supporting Doc- Preview/Inner Form Add Document Button' is clicked on

2018-11-27 16:06:49 - [TEST_STEP][PASSED] - delay: Delayed 5 second(s)

2018-11-27 16:06:54 - [MESSAGE][PASSED] - Delayed 5 second(s)

2018-11-27 16:06:54 - [TEST_STEP][PASSED] - click: Object: 'Object Repository/Final Object Repo/New Registration - Registration Module Pages/Third Screen - Upload Supporting Doc- Preview/Add Document Button' is clicked on

2018-11-27 16:06:55 - [MESSAGE][PASSED] - Object: 'Object Repository/Final Object Repo/New Registration - Registration Module Pages/Third Screen - Upload Supporting Doc- Preview/Add Document Button' is clicked on

2018-11-27 16:06:55 - [TEST_STEP][PASSED] - delay: Delayed 30 second(s)

2018-11-27 16:07:25 - [MESSAGE][PASSED] - Delayed 30 second(s)

2018-11-27 16:07:25 - [TEST_STEP][PASSED] - click: Object: 'Object Repository/Final Object Repo/New Registration - Registration Module Pages/Third Screen - Upload Supporting Doc- Preview/Supporting Doc Please Select Drop Down' is clicked on

2018-11-27 16:07:25 - [MESSAGE][PASSED] - Object: 'Object Repository/Final Object Repo/New Registration - Registration Module Pages/Third Screen - Upload Supporting Doc- Preview/Supporting Doc Please Select Drop Down' is clicked on

2018-11-27 16:07:25 - [TEST_STEP][PASSED] - delay: Delayed 3 second(s)

2018-11-27 16:07:28 - [MESSAGE][PASSED] - Delayed 3 second(s)

2018-11-27 16:07:28 - [TEST_STEP][PASSED] - click: Object: 'Object Repository/Final Object Repo/New Registration - Registration Module Pages/Third Screen - Upload Supporting Doc- Preview/Select to Upload Borang SIP 2' is clicked on

2018-11-27 16:07:28 - [MESSAGE][PASSED] - Object: 'Object Repository/Final Object Repo/New Registration - Registration Module Pages/Third Screen - Upload Supporting Doc- Preview/Select to Upload Borang SIP 2' is clicked on

2018-11-27 16:07:28 - [TEST_STEP][PASSED] - delay: Delayed 2 second(s)

2018-11-27 16:07:30 - [MESSAGE][PASSED] - Delayed 2 second(s)

2018-11-27 16:07:30 - [TEST_STEP][PASSED] - uploadFile: File 'C:\Users\Public\Pictures\Sample Pictures\Koala.jpg' sent to object: 'Object Repository/Final Object Repo/New Registration - Registration Module Pages/Third Screen - Upload Supporting Doc- Preview/Upload File Adding'

2018-11-27 16:07:30 - [MESSAGE][PASSED] - File 'C:\Users\Public\Pictures\Sample Pictures\Koala.jpg' sent to object: 'Object Repository/Final Object Repo/New Registration - Registration Module Pages/Third Screen - Upload Supporting Doc- Preview/Upload File Adding'

2018-11-27 16:07:30 - [TEST_STEP][PASSED] - delay: Delayed 5 second(s)

2018-11-27 16:07:35 - [MESSAGE][PASSED] - Delayed 5 second(s)

2018-11-27 16:07:35 - [TEST_STEP][PASSED] - click: Object: 'Object Repository/Final Object Repo/New Registration - Registration Module Pages/Third Screen - Upload Supporting Doc- Preview/Inner Form Add Document Button' is clicked on

2018-11-27 16:07:35 - [MESSAGE][PASSED] - Object: 'Object Repository/Final Object Repo/New Registration - Registration Module Pages/Third Screen - Upload Supporting Doc- Preview/Inner Form Add Document Button' is clicked on

2018-11-27 16:07:35 - [TEST_STEP][PASSED] - delay: Delayed 3 second(s)

2018-11-27 16:07:38 - [MESSAGE][PASSED] - Delayed 3 second(s)

2018-11-27 16:07:38 - [TEST_STEP][PASSED] - waitForElementClickable: Object 'Object Repository/Final Object Repo/New Registration - Registration Module Pages/Third Screen - Upload Supporting Doc- Preview/Save n Continue in Uploading Supporting Doc Page' is clickable

2018-11-27 16:07:39 - [MESSAGE][PASSED] - Object 'Object Repository/Final Object Repo/New Registration - Registration Module Pages/Third Screen - Upload Supporting Doc- Preview/Save n Continue in Uploading Supporting Doc Page' is clickable

2018-11-27 16:07:39 - [TEST_STEP][PASSED] - click: Object: 'Object Repository/Final Object Repo/New Registration - Registration Module Pages/Third Screen - Upload Supporting Doc- Preview/Save n Continue in Uploading Supporting Doc Page' is clicked on

2018-11-27 16:07:39 - [MESSAGE][PASSED] - Object: 'Object Repository/Final Object Repo/New Registration - Registration Module Pages/Third Screen - Upload Supporting Doc- Preview/Save n Continue in Uploading Supporting Doc Page' is clicked on

2018-11-27 16:07:39 - [MESSAGE][PASSED] - Call Test Case 'Test Cases/Final Aug 2018 - PKS Automation/Registration Module/New Registration/Flow of New Registration/Third Screen - Upload Supporting Doc - Preview' successfully

2018-11-27 16:07:39 - [TEST_STEP][PASSED] - setText: Text 'Tester' is set on object 'Object Repository/Final Object Repo/New Registration - Registration Module Pages/New Reg - OTC to RO/Special Case - All Related Objects/Employer Preview Name'

2018-11-27 16:07:44 - [MESSAGE][PASSED] - Text 'Tester' is set on object 'Object Repository/Final Object Repo/New Registration - Registration Module Pages/New Reg - OTC to RO/Special Case - All Related Objects/Employer Preview Name'

2018-11-27 16:07:44 - [TEST_STEP][PASSED] - click: Object: 'Object Repository/Final Object Repo/New Registration - Registration Module Pages/New Reg - OTC to RO/Special Case - All Related Objects/IC Type Drop Down' is clicked on

2018-11-27 16:07:44 - [MESSAGE][PASSED] - Object: 'Object Repository/Final Object Repo/New Registration - Registration Module Pages/New Reg - OTC to RO/Special Case - All Related Objects/IC Type Drop Down' is clicked on

2018-11-27 16:07:44 - [TEST_STEP][PASSED] - click: Object: 'Object Repository/Final Object Repo/New Registration - Registration Module Pages/New Reg - OTC to RO/Special Case - All Related Objects/Select to NRIC' is clicked on

2018-11-27 16:07:44 - [MESSAGE][PASSED] - Object: 'Object Repository/Final Object Repo/New Registration - Registration Module Pages/New Reg - OTC to RO/Special Case - All Related Objects/Select to NRIC' is clicked on

2018-11-27 16:07:44 - [TEST_STEP][PASSED] - setText: Text '133245561223' is set on object 'Object Repository/Final Object Repo/New Registration - Registration Module Pages/New Reg - OTC to RO/Special Case - All Related Objects/IC Value'

2018-11-27 16:07:44 - [MESSAGE][PASSED] - Text '133245561223' is set on object 'Object Repository/Final Object Repo/New Registration - Registration Module Pages/New Reg - OTC to RO/Special Case - All Related Objects/IC Value'

2018-11-27 16:07:44 - [TEST_STEP][PASSED] - setText: Text 'Auto' is set on object 'Object Repository/Final Object Repo/New Registration - Registration Module Pages/New Reg - OTC to RO/Special Case - All Related Objects/Designation'

2018-11-27 16:07:45 - [MESSAGE][PASSED] - Text 'Auto' is set on object 'Object Repository/Final Object Repo/New Registration - Registration Module Pages/New Reg - OTC to RO/Special Case - All Related Objects/Designation'

2018-11-27 16:07:45 - [TEST_STEP][PASSED] - callTestCase: Call Test Case 'Test Cases/Final Aug 2018 - PKS Automation/Registration Module/New Registration/Submit and Screenshot/Submit Registration and Screenshot - Copy' successfully

2018-11-27 16:07:45 - [TEST_CASE][PASSED] - Test Cases/Final Aug 2018 - PKS Automation/Registration Module/New Registration/Submit and Screenshot/Submit Registration and Screenshot - Copy: Test Cases/Final Aug 2018 - PKS Automation/Registration Module/New Registration/Submit and Screenshot/Submit Registration and Screenshot - Copy

2018-11-27 16:07:45 - [TEST_STEP][PASSED] - delay: Delayed 6 second(s)

2018-11-27 16:07:51 - [MESSAGE][PASSED] - Delayed 6 second(s)

2018-11-27 16:07:51 - [TEST_STEP][PASSED] - click: Object: 'Object Repository/Final Object Repo/New Registration - Registration Module Pages/Third Screen - Upload Supporting Doc- Preview/Preview Submit Button' is clicked on

2018-11-27 16:07:51 - [MESSAGE][PASSED] - Object: 'Object Repository/Final Object Repo/New Registration - Registration Module Pages/Third Screen - Upload Supporting Doc- Preview/Preview Submit Button' is clicked on

2018-11-27 16:07:51 - [TEST_STEP][PASSED] - delay: Delayed 2 second(s)

2018-11-27 16:07:53 - [MESSAGE][PASSED] - Delayed 2 second(s)

2018-11-27 16:07:53 - [TEST_STEP][PASSED] - click: Object: 'Object Repository/Final Object Repo/New Registration - Registration Module Pages/Third Screen - Upload Supporting Doc- Preview/Preview Submit - Confirm' is clicked on

2018-11-27 16:07:53 - [MESSAGE][PASSED] - Object: 'Object Repository/Final Object Repo/New Registration - Registration Module Pages/Third Screen - Upload Supporting Doc- Preview/Preview Submit - Confirm' is clicked on

2018-11-27 16:07:53 - [TEST_STEP][PASSED] - delay: Delayed 15 second(s)

2018-11-27 16:08:08 - [MESSAGE][PASSED] - Delayed 15 second(s)

2018-11-27 16:08:08 - [TEST_STEP][PASSED] - Statement - driver = com.kms.katalon.core.webui.driver.DriverFactory.getWebDriver(): null

2018-11-27 16:08:08 - [TEST_STEP][PASSED] - Statement - driver.manage().timeouts().implicitlyWait(10, SECONDS): null

2018-11-27 16:08:08 - [TEST_STEP][PASSED] - Statement - PresavePath = KatalonScreenshots: null

2018-11-27 16:08:08 - [TEST_STEP][PASSED] - Statement - pathPrefix = "C:\Users\Public\Pictures\Sample Pictures\Katalon Screenshots\Automate Ending Screen": null

2018-11-27 16:08:08 - [TEST_STEP][PASSED] - Statement - finalPath = <not implemented yet for class: org.codehaus.groovy.ast.expr.EmptyExpression>: null

2018-11-27 16:08:08 - [TEST_STEP][PASSED] - Statement - scrFile = driver.getScreenshotAs(FILE): null

2018-11-27 16:08:08 - [TEST_STEP][PASSED] - Statement - PreSaveFile = new java.io.File(PresavePath): null

2018-11-27 16:08:08 - [TEST_STEP][PASSED] - Statement - counter = 0: null

2018-11-27 16:08:08 - [TEST_STEP][PASSED] - Statement - If (PreSaveFile.exists()): null

2018-11-27 16:08:08 - [TEST_STEP][PASSED] - Statement - While (PreSaveFile.exists()): null

2018-11-27 16:08:08 - [TEST_STEP][PASSED] - Statement - counter = counter + 1: null

2018-11-27 16:08:08 - [TEST_STEP][PASSED] - Statement - PreSaveFile = new java.io.File(((pathPrefix + java.lang.Integer.toString(counter)) + .png)): null

2018-11-27 16:08:08 - [TEST_STEP][PASSED] - Statement - counter = counter + 1: null

2018-11-27 16:08:08 - [TEST_STEP][PASSED] - Statement - PreSaveFile = new java.io.File(((pathPrefix + java.lang.Integer.toString(counter)) + .png)): null

2018-11-27 16:08:08 - [TEST_STEP][PASSED] - Statement - counter = counter + 1: null

2018-11-27 16:08:08 - [TEST_STEP][PASSED] - Statement - PreSaveFile = new java.io.File(((pathPrefix + java.lang.Integer.toString(counter)) + .png)): null

2018-11-27 16:08:08 - [TEST_STEP][PASSED] - Statement - counter = counter + 1: null

2018-11-27 16:08:08 - [TEST_STEP][PASSED] - Statement - PreSaveFile = new java.io.File(((pathPrefix + java.lang.Integer.toString(counter)) + .png)): null

2018-11-27 16:08:08 - [TEST_STEP][PASSED] - Statement - counter = counter + 1: null

2018-11-27 16:08:08 - [TEST_STEP][PASSED] - Statement - PreSaveFile = new java.io.File(((pathPrefix + java.lang.Integer.toString(counter)) + .png)): null

2018-11-27 16:08:08 - [TEST_STEP][PASSED] - Statement - counter = counter + 1: null

2018-11-27 16:08:08 - [TEST_STEP][PASSED] - Statement - PreSaveFile = new java.io.File(((pathPrefix + java.lang.Integer.toString(counter)) + .png)): null

2018-11-27 16:08:08 - [TEST_STEP][PASSED] - Statement - counter = counter + 1: null

2018-11-27 16:08:08 - [TEST_STEP][PASSED] - Statement - PreSaveFile = new java.io.File(((pathPrefix + java.lang.Integer.toString(counter)) + .png)): null

2018-11-27 16:08:08 - [TEST_STEP][PASSED] - Statement - counter = counter + 1: null

2018-11-27 16:08:08 - [TEST_STEP][PASSED] - Statement - PreSaveFile = new java.io.File(((pathPrefix + java.lang.Integer.toString(counter)) + .png)): null

2018-11-27 16:08:08 - [TEST_STEP][PASSED] - Statement - counter = counter + 1: null

2018-11-27 16:08:08 - [TEST_STEP][PASSED] - Statement - PreSaveFile = new java.io.File(((pathPrefix + java.lang.Integer.toString(counter)) + .png)): null

2018-11-27 16:08:08 - [TEST_STEP][PASSED] - Statement - counter = counter + 1: null

2018-11-27 16:08:08 - [TEST_STEP][PASSED] - Statement - PreSaveFile = new java.io.File(((pathPrefix + java.lang.Integer.toString(counter)) + .png)): null

2018-11-27 16:08:08 - [TEST_STEP][PASSED] - Statement - counter = counter + 1: null

2018-11-27 16:08:08 - [TEST_STEP][PASSED] - Statement - PreSaveFile = new java.io.File(((pathPrefix + java.lang.Integer.toString(counter)) + .png)): null

2018-11-27 16:08:08 - [TEST_STEP][PASSED] - Statement - counter = counter + 1: null

2018-11-27 16:08:08 - [TEST_STEP][PASSED] - Statement - PreSaveFile = new java.io.File(((pathPrefix + java.lang.Integer.toString(counter)) + .png)): null

2018-11-27 16:08:08 - [TEST_STEP][PASSED] - Statement - counter = counter + 1: null

2018-11-27 16:08:08 - [TEST_STEP][PASSED] - Statement - PreSaveFile = new java.io.File(((pathPrefix + java.lang.Integer.toString(counter)) + .png)): null

2018-11-27 16:08:08 - [TEST_STEP][PASSED] - Statement - counter = counter + 1: null

2018-11-27 16:08:08 - [TEST_STEP][PASSED] - Statement - PreSaveFile = new java.io.File(((pathPrefix + java.lang.Integer.toString(counter)) + .png)): null

2018-11-27 16:08:08 - [TEST_STEP][PASSED] - Statement - counter = counter + 1: null

2018-11-27 16:08:08 - [TEST_STEP][PASSED] - Statement - PreSaveFile = new java.io.File(((pathPrefix + java.lang.Integer.toString(counter)) + .png)): null

2018-11-27 16:08:08 - [TEST_STEP][PASSED] - Statement - counter = counter + 1: null

2018-11-27 16:08:08 - [TEST_STEP][PASSED] - Statement - PreSaveFile = new java.io.File(((pathPrefix + java.lang.Integer.toString(counter)) + .png)): null

2018-11-27 16:08:09 - [TEST_STEP][PASSED] - Statement - counter = counter + 1: null

2018-11-27 16:08:09 - [TEST_STEP][PASSED] - Statement - PreSaveFile = new java.io.File(((pathPrefix + java.lang.Integer.toString(counter)) + .png)): null

2018-11-27 16:08:09 - [TEST_STEP][PASSED] - Statement - counter = counter + 1: null

2018-11-27 16:08:09 - [TEST_STEP][PASSED] - Statement - PreSaveFile = new java.io.File(((pathPrefix + java.lang.Integer.toString(counter)) + .png)): null

2018-11-27 16:08:09 - [TEST_STEP][PASSED] - Statement - counter = counter + 1: null

2018-11-27 16:08:09 - [TEST_STEP][PASSED] - Statement - PreSaveFile = new java.io.File(((pathPrefix + java.lang.Integer.toString(counter)) + .png)): null

2018-11-27 16:08:09 - [TEST_STEP][PASSED] - Statement - counter = counter + 1: null

2018-11-27 16:08:09 - [TEST_STEP][PASSED] - Statement - PreSaveFile = new java.io.File(((pathPrefix + java.lang.Integer.toString(counter)) + .png)): null

2018-11-27 16:08:09 - [TEST_STEP][PASSED] - Statement - counter = counter + 1: null

2018-11-27 16:08:09 - [TEST_STEP][PASSED] - Statement - PreSaveFile = new java.io.File(((pathPrefix + java.lang.Integer.toString(counter)) + .png)): null

2018-11-27 16:08:09 - [TEST_STEP][PASSED] - Statement - counter = counter + 1: null

2018-11-27 16:08:09 - [TEST_STEP][PASSED] - Statement - PreSaveFile = new java.io.File(((pathPrefix + java.lang.Integer.toString(counter)) + .png)): null

2018-11-27 16:08:09 - [TEST_STEP][PASSED] - Statement - counter = counter + 1: null

2018-11-27 16:08:09 - [TEST_STEP][PASSED] - Statement - PreSaveFile = new java.io.File(((pathPrefix + java.lang.Integer.toString(counter)) + .png)): null

2018-11-27 16:08:09 - [TEST_STEP][PASSED] - Statement - counter = counter + 1: null

2018-11-27 16:08:09 - [TEST_STEP][PASSED] - Statement - PreSaveFile = new java.io.File(((pathPrefix + java.lang.Integer.toString(counter)) + .png)): null

2018-11-27 16:08:09 - [TEST_STEP][PASSED] - Statement - counter = counter + 1: null

2018-11-27 16:08:09 - [TEST_STEP][PASSED] - Statement - PreSaveFile = new java.io.File(((pathPrefix + java.lang.Integer.toString(counter)) + .png)): null

2018-11-27 16:08:09 - [TEST_STEP][PASSED] - Statement - counter = counter + 1: null

2018-11-27 16:08:09 - [TEST_STEP][PASSED] - Statement - PreSaveFile = new java.io.File(((pathPrefix + java.lang.Integer.toString(counter)) + .png)): null

2018-11-27 16:08:09 - [TEST_STEP][PASSED] - Statement - counter = counter + 1: null

2018-11-27 16:08:09 - [TEST_STEP][PASSED] - Statement - PreSaveFile = new java.io.File(((pathPrefix + java.lang.Integer.toString(counter)) + .png)): null

2018-11-27 16:08:09 - [TEST_STEP][PASSED] - Statement - counter = counter + 1: null

2018-11-27 16:08:09 - [TEST_STEP][PASSED] - Statement - PreSaveFile = new java.io.File(((pathPrefix + java.lang.Integer.toString(counter)) + .png)): null

2018-11-27 16:08:09 - [TEST_STEP][PASSED] - Statement - counter = counter + 1: null

2018-11-27 16:08:09 - [TEST_STEP][PASSED] - Statement - PreSaveFile = new java.io.File(((pathPrefix + java.lang.Integer.toString(counter)) + .png)): null

2018-11-27 16:08:09 - [TEST_STEP][PASSED] - Statement - counter = counter + 1: null

2018-11-27 16:08:09 - [TEST_STEP][PASSED] - Statement - PreSaveFile = new java.io.File(((pathPrefix + java.lang.Integer.toString(counter)) + .png)): null

2018-11-27 16:08:09 - [TEST_STEP][PASSED] - Statement - counter = counter + 1: null

2018-11-27 16:08:09 - [TEST_STEP][PASSED] - Statement - PreSaveFile = new java.io.File(((pathPrefix + java.lang.Integer.toString(counter)) + .png)): null

2018-11-27 16:08:09 - [TEST_STEP][PASSED] - Statement - counter = counter + 1: null

2018-11-27 16:08:09 - [TEST_STEP][PASSED] - Statement - PreSaveFile = new java.io.File(((pathPrefix + java.lang.Integer.toString(counter)) + .png)): null

2018-11-27 16:08:09 - [TEST_STEP][PASSED] - Statement - counter = counter + 1: null

2018-11-27 16:08:09 - [TEST_STEP][PASSED] - Statement - PreSaveFile = new java.io.File(((pathPrefix + java.lang.Integer.toString(counter)) + .png)): null

2018-11-27 16:08:09 - [TEST_STEP][PASSED] - Statement - counter = counter + 1: null

2018-11-27 16:08:09 - [TEST_STEP][PASSED] - Statement - PreSaveFile = new java.io.File(((pathPrefix + java.lang.Integer.toString(counter)) + .png)): null

2018-11-27 16:08:09 - [TEST_STEP][PASSED] - Statement - counter = counter + 1: null

2018-11-27 16:08:09 - [TEST_STEP][PASSED] - Statement - PreSaveFile = new java.io.File(((pathPrefix + java.lang.Integer.toString(counter)) + .png)): null

2018-11-27 16:08:09 - [TEST_STEP][PASSED] - Statement - counter = counter + 1: null

2018-11-27 16:08:09 - [TEST_STEP][PASSED] - Statement - PreSaveFile = new java.io.File(((pathPrefix + java.lang.Integer.toString(counter)) + .png)): null

2018-11-27 16:08:09 - [TEST_STEP][PASSED] - Statement - counter = counter + 1: null

2018-11-27 16:08:09 - [TEST_STEP][PASSED] - Statement - PreSaveFile = new java.io.File(((pathPrefix + java.lang.Integer.toString(counter)) + .png)): null

2018-11-27 16:08:09 - [TEST_STEP][PASSED] - Statement - counter = counter + 1: null

2018-11-27 16:08:09 - [TEST_STEP][PASSED] - Statement - PreSaveFile = new java.io.File(((pathPrefix + java.lang.Integer.toString(counter)) + .png)): null

2018-11-27 16:08:09 - [TEST_STEP][PASSED] - Statement - counter = counter + 1: null

2018-11-27 16:08:09 - [TEST_STEP][PASSED] - Statement - PreSaveFile = new java.io.File(((pathPrefix + java.lang.Integer.toString(counter)) + .png)): null

2018-11-27 16:08:09 - [TEST_STEP][PASSED] - Statement - counter = counter + 1: null

2018-11-27 16:08:09 - [TEST_STEP][PASSED] - Statement - PreSaveFile = new java.io.File(((pathPrefix + java.lang.Integer.toString(counter)) + .png)): null

2018-11-27 16:08:09 - [TEST_STEP][PASSED] - Statement - counter = counter + 1: null

2018-11-27 16:08:09 - [TEST_STEP][PASSED] - Statement - PreSaveFile = new java.io.File(((pathPrefix + java.lang.Integer.toString(counter)) + .png)): null

2018-11-27 16:08:09 - [TEST_STEP][PASSED] - Statement - counter = counter + 1: null

2018-11-27 16:08:09 - [TEST_STEP][PASSED] - Statement - PreSaveFile = new java.io.File(((pathPrefix + java.lang.Integer.toString(counter)) + .png)): null

2018-11-27 16:08:09 - [TEST_STEP][PASSED] - Statement - counter = counter + 1: null

2018-11-27 16:08:09 - [TEST_STEP][PASSED] - Statement - PreSaveFile = new java.io.File(((pathPrefix + java.lang.Integer.toString(counter)) + .png)): null

2018-11-27 16:08:09 - [TEST_STEP][PASSED] - Statement - counter = counter + 1: null

2018-11-27 16:08:09 - [TEST_STEP][PASSED] - Statement - PreSaveFile = new java.io.File(((pathPrefix + java.lang.Integer.toString(counter)) + .png)): null

2018-11-27 16:08:09 - [TEST_STEP][PASSED] - Statement - counter = counter + 1: null

2018-11-27 16:08:09 - [TEST_STEP][PASSED] - Statement - PreSaveFile = new java.io.File(((pathPrefix + java.lang.Integer.toString(counter)) + .png)): null

2018-11-27 16:08:09 - [TEST_STEP][PASSED] - Statement - counter = counter + 1: null

2018-11-27 16:08:09 - [TEST_STEP][PASSED] - Statement - PreSaveFile = new java.io.File(((pathPrefix + java.lang.Integer.toString(counter)) + .png)): null

2018-11-27 16:08:09 - [TEST_STEP][PASSED] - Statement - counter = counter + 1: null

2018-11-27 16:08:09 - [TEST_STEP][PASSED] - Statement - PreSaveFile = new java.io.File(((pathPrefix + java.lang.Integer.toString(counter)) + .png)): null

2018-11-27 16:08:09 - [TEST_STEP][PASSED] - Statement - counter = counter + 1: null

2018-11-27 16:08:09 - [TEST_STEP][PASSED] - Statement - PreSaveFile = new java.io.File(((pathPrefix + java.lang.Integer.toString(counter)) + .png)): null

2018-11-27 16:08:09 - [TEST_STEP][PASSED] - Statement - counter = counter + 1: null

2018-11-27 16:08:09 - [TEST_STEP][PASSED] - Statement - PreSaveFile = new java.io.File(((pathPrefix + java.lang.Integer.toString(counter)) + .png)): null

2018-11-27 16:08:09 - [TEST_STEP][PASSED] - Statement - counter = counter + 1: null

2018-11-27 16:08:09 - [TEST_STEP][PASSED] - Statement - PreSaveFile = new java.io.File(((pathPrefix + java.lang.Integer.toString(counter)) + .png)): null

2018-11-27 16:08:09 - [TEST_STEP][PASSED] - Statement - counter = counter + 1: null

2018-11-27 16:08:09 - [TEST_STEP][PASSED] - Statement - PreSaveFile = new java.io.File(((pathPrefix + java.lang.Integer.toString(counter)) + .png)): null

2018-11-27 16:08:09 - [TEST_STEP][PASSED] - Statement - counter = counter + 1: null

2018-11-27 16:08:09 - [TEST_STEP][PASSED] - Statement - PreSaveFile = new java.io.File(((pathPrefix + java.lang.Integer.toString(counter)) + .png)): null

2018-11-27 16:08:09 - [TEST_STEP][PASSED] - Statement - counter = counter + 1: null

2018-11-27 16:08:09 - [TEST_STEP][PASSED] - Statement - PreSaveFile = new java.io.File(((pathPrefix + java.lang.Integer.toString(counter)) + .png)): null

2018-11-27 16:08:09 - [TEST_STEP][PASSED] - Statement - counter = counter + 1: null

2018-11-27 16:08:09 - [TEST_STEP][PASSED] - Statement - PreSaveFile = new java.io.File(((pathPrefix + java.lang.Integer.toString(counter)) + .png)): null

2018-11-27 16:08:09 - [TEST_STEP][PASSED] - Statement - counter = counter + 1: null

2018-11-27 16:08:09 - [TEST_STEP][PASSED] - Statement - PreSaveFile = new java.io.File(((pathPrefix + java.lang.Integer.toString(counter)) + .png)): null

2018-11-27 16:08:09 - [TEST_STEP][PASSED] - Statement - counter = counter + 1: null

2018-11-27 16:08:09 - [TEST_STEP][PASSED] - Statement - PreSaveFile = new java.io.File(((pathPrefix + java.lang.Integer.toString(counter)) + .png)): null

2018-11-27 16:08:09 - [TEST_STEP][PASSED] - Statement - counter = counter + 1: null

2018-11-27 16:08:09 - [TEST_STEP][PASSED] - Statement - PreSaveFile = new java.io.File(((pathPrefix + java.lang.Integer.toString(counter)) + .png)): null

2018-11-27 16:08:09 - [TEST_STEP][PASSED] - Statement - counter = counter + 1: null

2018-11-27 16:08:09 - [TEST_STEP][PASSED] - Statement - PreSaveFile = new java.io.File(((pathPrefix + java.lang.Integer.toString(counter)) + .png)): null

2018-11-27 16:08:09 - [TEST_STEP][PASSED] - Statement - counter = counter + 1: null

2018-11-27 16:08:09 - [TEST_STEP][PASSED] - Statement - PreSaveFile = new java.io.File(((pathPrefix + java.lang.Integer.toString(counter)) + .png)): null

2018-11-27 16:08:09 - [TEST_STEP][PASSED] - Statement - counter = counter + 1: null

2018-11-27 16:08:09 - [TEST_STEP][PASSED] - Statement - PreSaveFile = new java.io.File(((pathPrefix + java.lang.Integer.toString(counter)) + .png)): null

2018-11-27 16:08:09 - [TEST_STEP][PASSED] - Statement - counter = counter + 1: null

2018-11-27 16:08:09 - [TEST_STEP][PASSED] - Statement - PreSaveFile = new java.io.File(((pathPrefix + java.lang.Integer.toString(counter)) + .png)): null

2018-11-27 16:08:09 - [TEST_STEP][PASSED] - Statement - counter = counter + 1: null

2018-11-27 16:08:09 - [TEST_STEP][PASSED] - Statement - PreSaveFile = new java.io.File(((pathPrefix + java.lang.Integer.toString(counter)) + .png)): null

2018-11-27 16:08:09 - [TEST_STEP][PASSED] - Statement - counter = counter + 1: null

2018-11-27 16:08:09 - [TEST_STEP][PASSED] - Statement - PreSaveFile = new java.io.File(((pathPrefix + java.lang.Integer.toString(counter)) + .png)): null

2018-11-27 16:08:09 - [TEST_STEP][PASSED] - Statement - counter = counter + 1: null

2018-11-27 16:08:09 - [TEST_STEP][PASSED] - Statement - PreSaveFile = new java.io.File(((pathPrefix + java.lang.Integer.toString(counter)) + .png)): null

2018-11-27 16:08:09 - [TEST_STEP][PASSED] - Statement - counter = counter + 1: null

2018-11-27 16:08:09 - [TEST_STEP][PASSED] - Statement - PreSaveFile = new java.io.File(((pathPrefix + java.lang.Integer.toString(counter)) + .png)): null

2018-11-27 16:08:09 - [TEST_STEP][PASSED] - Statement - counter = counter + 1: null

2018-11-27 16:08:09 - [TEST_STEP][PASSED] - Statement - PreSaveFile = new java.io.File(((pathPrefix + java.lang.Integer.toString(counter)) + .png)): null

2018-11-27 16:08:09 - [TEST_STEP][PASSED] - Statement - counter = counter + 1: null

2018-11-27 16:08:09 - [TEST_STEP][PASSED] - Statement - PreSaveFile = new java.io.File(((pathPrefix + java.lang.Integer.toString(counter)) + .png)): null

2018-11-27 16:08:09 - [TEST_STEP][PASSED] - Statement - counter = counter + 1: null

2018-11-27 16:08:09 - [TEST_STEP][PASSED] - Statement - PreSaveFile = new java.io.File(((pathPrefix + java.lang.Integer.toString(counter)) + .png)): null

2018-11-27 16:08:09 - [TEST_STEP][PASSED] - Statement - counter = counter + 1: null

2018-11-27 16:08:09 - [TEST_STEP][PASSED] - Statement - PreSaveFile = new java.io.File(((pathPrefix + java.lang.Integer.toString(counter)) + .png)): null

2018-11-27 16:08:09 - [TEST_STEP][PASSED] - Statement - counter = counter + 1: null

2018-11-27 16:08:09 - [TEST_STEP][PASSED] - Statement - PreSaveFile = new java.io.File(((pathPrefix + java.lang.Integer.toString(counter)) + .png)): null

2018-11-27 16:08:09 - [TEST_STEP][PASSED] - Statement - counter = counter + 1: null

2018-11-27 16:08:09 - [TEST_STEP][PASSED] - Statement - PreSaveFile = new java.io.File(((pathPrefix + java.lang.Integer.toString(counter)) + .png)): null

2018-11-27 16:08:09 - [TEST_STEP][PASSED] - Statement - counter = counter + 1: null

2018-11-27 16:08:09 - [TEST_STEP][PASSED] - Statement - PreSaveFile = new java.io.File(((pathPrefix + java.lang.Integer.toString(counter)) + .png)): null

2018-11-27 16:08:09 - [TEST_STEP][PASSED] - Statement - counter = counter + 1: null

2018-11-27 16:08:09 - [TEST_STEP][PASSED] - Statement - PreSaveFile = new java.io.File(((pathPrefix + java.lang.Integer.toString(counter)) + .png)): null

2018-11-27 16:08:09 - [TEST_STEP][PASSED] - Statement - counter = counter + 1: null

2018-11-27 16:08:09 - [TEST_STEP][PASSED] - Statement - PreSaveFile = new java.io.File(((pathPrefix + java.lang.Integer.toString(counter)) + .png)): null

2018-11-27 16:08:09 - [TEST_STEP][PASSED] - Statement - counter = counter + 1: null

2018-11-27 16:08:09 - [TEST_STEP][PASSED] - Statement - PreSaveFile = new java.io.File(((pathPrefix + java.lang.Integer.toString(counter)) + .png)): null

2018-11-27 16:08:09 - [TEST_STEP][PASSED] - Statement - counter = counter + 1: null

2018-11-27 16:08:09 - [TEST_STEP][PASSED] - Statement - PreSaveFile = new java.io.File(((pathPrefix + java.lang.Integer.toString(counter)) + .png)): null

2018-11-27 16:08:09 - [TEST_STEP][PASSED] - Statement - counter = counter + 1: null

2018-11-27 16:08:09 - [TEST_STEP][PASSED] - Statement - PreSaveFile = new java.io.File(((pathPrefix + java.lang.Integer.toString(counter)) + .png)): null

2018-11-27 16:08:09 - [TEST_STEP][PASSED] - Statement - counter = counter + 1: null

2018-11-27 16:08:09 - [TEST_STEP][PASSED] - Statement - PreSaveFile = new java.io.File(((pathPrefix + java.lang.Integer.toString(counter)) + .png)): null

2018-11-27 16:08:09 - [TEST_STEP][PASSED] - Statement - counter = counter + 1: null

2018-11-27 16:08:09 - [TEST_STEP][PASSED] - Statement - PreSaveFile = new java.io.File(((pathPrefix + java.lang.Integer.toString(counter)) + .png)): null

2018-11-27 16:08:09 - [TEST_STEP][PASSED] - Statement - counter = counter + 1: null

2018-11-27 16:08:09 - [TEST_STEP][PASSED] - Statement - PreSaveFile = new java.io.File(((pathPrefix + java.lang.Integer.toString(counter)) + .png)): null

2018-11-27 16:08:09 - [TEST_STEP][PASSED] - Statement - counter = counter + 1: null

2018-11-27 16:08:09 - [TEST_STEP][PASSED] - Statement - PreSaveFile = new java.io.File(((pathPrefix + java.lang.Integer.toString(counter)) + .png)): null

2018-11-27 16:08:09 - [TEST_STEP][PASSED] - Statement - counter = counter + 1: null

2018-11-27 16:08:09 - [TEST_STEP][PASSED] - Statement - PreSaveFile = new java.io.File(((pathPrefix + java.lang.Integer.toString(counter)) + .png)): null

2018-11-27 16:08:09 - [TEST_STEP][PASSED] - Statement - counter = counter + 1: null

2018-11-27 16:08:09 - [TEST_STEP][PASSED] - Statement - PreSaveFile = new java.io.File(((pathPrefix + java.lang.Integer.toString(counter)) + .png)): null

2018-11-27 16:08:09 - [TEST_STEP][PASSED] - Statement - counter = counter + 1: null

2018-11-27 16:08:09 - [TEST_STEP][PASSED] - Statement - PreSaveFile = new java.io.File(((pathPrefix + java.lang.Integer.toString(counter)) + .png)): null

2018-11-27 16:08:09 - [TEST_STEP][PASSED] - Statement - counter = counter + 1: null

2018-11-27 16:08:09 - [TEST_STEP][PASSED] - Statement - PreSaveFile = new java.io.File(((pathPrefix + java.lang.Integer.toString(counter)) + .png)): null

2018-11-27 16:08:09 - [TEST_STEP][PASSED] - Statement - counter = counter + 1: null

2018-11-27 16:08:09 - [TEST_STEP][PASSED] - Statement - PreSaveFile = new java.io.File(((pathPrefix + java.lang.Integer.toString(counter)) + .png)): null

2018-11-27 16:08:09 - [TEST_STEP][PASSED] - Statement - counter = counter + 1: null

2018-11-27 16:08:09 - [TEST_STEP][PASSED] - Statement - PreSaveFile = new java.io.File(((pathPrefix + java.lang.Integer.toString(counter)) + .png)): null

2018-11-27 16:08:09 - [TEST_STEP][PASSED] - Statement - counter = counter + 1: null

2018-11-27 16:08:09 - [TEST_STEP][PASSED] - Statement - PreSaveFile = new java.io.File(((pathPrefix + java.lang.Integer.toString(counter)) + .png)): null

2018-11-27 16:08:09 - [TEST_STEP][PASSED] - Statement - counter = counter + 1: null

2018-11-27 16:08:09 - [TEST_STEP][PASSED] - Statement - PreSaveFile = new java.io.File(((pathPrefix + java.lang.Integer.toString(counter)) + .png)): null

2018-11-27 16:08:09 - [TEST_STEP][PASSED] - Statement - counter = counter + 1: null

2018-11-27 16:08:09 - [TEST_STEP][PASSED] - Statement - PreSaveFile = new java.io.File(((pathPrefix + java.lang.Integer.toString(counter)) + .png)): null

2018-11-27 16:08:09 - [TEST_STEP][PASSED] - Statement - counter = counter + 1: null

2018-11-27 16:08:09 - [TEST_STEP][PASSED] - Statement - PreSaveFile = new java.io.File(((pathPrefix + java.lang.Integer.toString(counter)) + .png)): null

2018-11-27 16:08:09 - [TEST_STEP][PASSED] - Statement - counter = counter + 1: null

2018-11-27 16:08:09 - [TEST_STEP][PASSED] - Statement - PreSaveFile = new java.io.File(((pathPrefix + java.lang.Integer.toString(counter)) + .png)): null

2018-11-27 16:08:09 - [TEST_STEP][PASSED] - Statement - counter = counter + 1: null

2018-11-27 16:08:09 - [TEST_STEP][PASSED] - Statement - PreSaveFile = new java.io.File(((pathPrefix + java.lang.Integer.toString(counter)) + .png)): null

2018-11-27 16:08:09 - [TEST_STEP][PASSED] - Statement - counter = counter + 1: null

2018-11-27 16:08:09 - [TEST_STEP][PASSED] - Statement - PreSaveFile = new java.io.File(((pathPrefix + java.lang.Integer.toString(counter)) + .png)): null

2018-11-27 16:08:09 - [TEST_STEP][PASSED] - Statement - counter = counter + 1: null

2018-11-27 16:08:09 - [TEST_STEP][PASSED] - Statement - PreSaveFile = new java.io.File(((pathPrefix + java.lang.Integer.toString(counter)) + .png)): null

2018-11-27 16:08:09 - [TEST_STEP][PASSED] - Statement - counter = counter + 1: null

2018-11-27 16:08:09 - [TEST_STEP][PASSED] - Statement - PreSaveFile = new java.io.File(((pathPrefix + java.lang.Integer.toString(counter)) + .png)): null

2018-11-27 16:08:09 - [TEST_STEP][PASSED] - Statement - counter = counter + 1: null

2018-11-27 16:08:09 - [TEST_STEP][PASSED] - Statement - PreSaveFile = new java.io.File(((pathPrefix + java.lang.Integer.toString(counter)) + .png)): null

2018-11-27 16:08:09 - [TEST_STEP][PASSED] - Statement - counter = counter + 1: null

2018-11-27 16:08:09 - [TEST_STEP][PASSED] - Statement - PreSaveFile = new java.io.File(((pathPrefix + java.lang.Integer.toString(counter)) + .png)): null

2018-11-27 16:08:09 - [TEST_STEP][PASSED] - Statement - counter = counter + 1: null

2018-11-27 16:08:09 - [TEST_STEP][PASSED] - Statement - PreSaveFile = new java.io.File(((pathPrefix + java.lang.Integer.toString(counter)) + .png)): null

2018-11-27 16:08:09 - [TEST_STEP][PASSED] - Statement - counter = counter + 1: null

2018-11-27 16:08:09 - [TEST_STEP][PASSED] - Statement - PreSaveFile = new java.io.File(((pathPrefix + java.lang.Integer.toString(counter)) + .png)): null

2018-11-27 16:08:09 - [TEST_STEP][PASSED] - Statement - counter = counter + 1: null

2018-11-27 16:08:09 - [TEST_STEP][PASSED] - Statement - PreSaveFile = new java.io.File(((pathPrefix + java.lang.Integer.toString(counter)) + .png)): null

2018-11-27 16:08:09 - [TEST_STEP][PASSED] - Statement - counter = counter + 1: null

2018-11-27 16:08:09 - [TEST_STEP][PASSED] - Statement - PreSaveFile = new java.io.File(((pathPrefix + java.lang.Integer.toString(counter)) + .png)): null

2018-11-27 16:08:09 - [TEST_STEP][PASSED] - Statement - counter = counter + 1: null

2018-11-27 16:08:09 - [TEST_STEP][PASSED] - Statement - PreSaveFile = new java.io.File(((pathPrefix + java.lang.Integer.toString(counter)) + .png)): null

2018-11-27 16:08:09 - [TEST_STEP][PASSED] - Statement - counter = counter + 1: null

2018-11-27 16:08:09 - [TEST_STEP][PASSED] - Statement - PreSaveFile = new java.io.File(((pathPrefix + java.lang.Integer.toString(counter)) + .png)): null

2018-11-27 16:08:09 - [TEST_STEP][PASSED] - Statement - counter = counter + 1: null

2018-11-27 16:08:09 - [TEST_STEP][PASSED] - Statement - PreSaveFile = new java.io.File(((pathPrefix + java.lang.Integer.toString(counter)) + .png)): null

2018-11-27 16:08:09 - [TEST_STEP][PASSED] - Statement - counter = counter + 1: null

2018-11-27 16:08:09 - [TEST_STEP][PASSED] - Statement - PreSaveFile = new java.io.File(((pathPrefix + java.lang.Integer.toString(counter)) + .png)): null

2018-11-27 16:08:09 - [TEST_STEP][PASSED] - Statement - counter = counter + 1: null

2018-11-27 16:08:09 - [TEST_STEP][PASSED] - Statement - PreSaveFile = new java.io.File(((pathPrefix + java.lang.Integer.toString(counter)) + .png)): null

2018-11-27 16:08:09 - [TEST_STEP][PASSED] - Statement - counter = counter + 1: null

2018-11-27 16:08:09 - [TEST_STEP][PASSED] - Statement - PreSaveFile = new java.io.File(((pathPrefix + java.lang.Integer.toString(counter)) + .png)): null

2018-11-27 16:08:09 - [TEST_STEP][PASSED] - Statement - counter = counter + 1: null

2018-11-27 16:08:09 - [TEST_STEP][PASSED] - Statement - PreSaveFile = new java.io.File(((pathPrefix + java.lang.Integer.toString(counter)) + .png)): null

2018-11-27 16:08:09 - [TEST_STEP][PASSED] - Statement - counter = counter + 1: null

2018-11-27 16:08:09 - [TEST_STEP][PASSED] - Statement - PreSaveFile = new java.io.File(((pathPrefix + java.lang.Integer.toString(counter)) + .png)): null

2018-11-27 16:08:09 - [TEST_STEP][PASSED] - Statement - counter = counter + 1: null

2018-11-27 16:08:09 - [TEST_STEP][PASSED] - Statement - PreSaveFile = new java.io.File(((pathPrefix + java.lang.Integer.toString(counter)) + .png)): null

2018-11-27 16:08:09 - [TEST_STEP][PASSED] - Statement - counter = counter + 1: null

2018-11-27 16:08:09 - [TEST_STEP][PASSED] - Statement - PreSaveFile = new java.io.File(((pathPrefix + java.lang.Integer.toString(counter)) + .png)): null

2018-11-27 16:08:09 - [TEST_STEP][PASSED] - Statement - counter = counter + 1: null

2018-11-27 16:08:09 - [TEST_STEP][PASSED] - Statement - PreSaveFile = new java.io.File(((pathPrefix + java.lang.Integer.toString(counter)) + .png)): null

2018-11-27 16:08:09 - [TEST_STEP][PASSED] - Statement - counter = counter + 1: null

2018-11-27 16:08:09 - [TEST_STEP][PASSED] - Statement - PreSaveFile = new java.io.File(((pathPrefix + java.lang.Integer.toString(counter)) + .png)): null

2018-11-27 16:08:09 - [TEST_STEP][PASSED] - Statement - counter = counter + 1: null

2018-11-27 16:08:09 - [TEST_STEP][PASSED] - Statement - PreSaveFile = new java.io.File(((pathPrefix + java.lang.Integer.toString(counter)) + .png)): null

2018-11-27 16:08:09 - [TEST_STEP][PASSED] - Statement - counter = counter + 1: null

2018-11-27 16:08:09 - [TEST_STEP][PASSED] - Statement - PreSaveFile = new java.io.File(((pathPrefix + java.lang.Integer.toString(counter)) + .png)): null

2018-11-27 16:08:09 - [TEST_STEP][PASSED] - Statement - counter = counter + 1: null

2018-11-27 16:08:09 - [TEST_STEP][PASSED] - Statement - PreSaveFile = new java.io.File(((pathPrefix + java.lang.Integer.toString(counter)) + .png)): null

2018-11-27 16:08:09 - [TEST_STEP][PASSED] - Statement - counter = counter + 1: null

2018-11-27 16:08:09 - [TEST_STEP][PASSED] - Statement - PreSaveFile = new java.io.File(((pathPrefix + java.lang.Integer.toString(counter)) + .png)): null

2018-11-27 16:08:09 - [TEST_STEP][PASSED] - Statement - counter = counter + 1: null

2018-11-27 16:08:09 - [TEST_STEP][PASSED] - Statement - PreSaveFile = new java.io.File(((pathPrefix + java.lang.Integer.toString(counter)) + .png)): null

2018-11-27 16:08:09 - [TEST_STEP][PASSED] - Statement - counter = counter + 1: null

2018-11-27 16:08:09 - [TEST_STEP][PASSED] - Statement - PreSaveFile = new java.io.File(((pathPrefix + java.lang.Integer.toString(counter)) + .png)): null

2018-11-27 16:08:09 - [TEST_STEP][PASSED] - Statement - counter = counter + 1: null

2018-11-27 16:08:09 - [TEST_STEP][PASSED] - Statement - PreSaveFile = new java.io.File(((pathPrefix + java.lang.Integer.toString(counter)) + .png)): null

2018-11-27 16:08:09 - [TEST_STEP][PASSED] - Statement - counter = counter + 1: null

2018-11-27 16:08:09 - [TEST_STEP][PASSED] - Statement - PreSaveFile = new java.io.File(((pathPrefix + java.lang.Integer.toString(counter)) + .png)): null

2018-11-27 16:08:09 - [TEST_STEP][PASSED] - Statement - counter = counter + 1: null

2018-11-27 16:08:09 - [TEST_STEP][PASSED] - Statement - PreSaveFile = new java.io.File(((pathPrefix + java.lang.Integer.toString(counter)) + .png)): null

2018-11-27 16:08:09 - [TEST_STEP][PASSED] - Statement - counter = counter + 1: null

2018-11-27 16:08:09 - [TEST_STEP][PASSED] - Statement - PreSaveFile = new java.io.File(((pathPrefix + java.lang.Integer.toString(counter)) + .png)): null

2018-11-27 16:08:09 - [TEST_STEP][PASSED] - Statement - counter = counter + 1: null

2018-11-27 16:08:09 - [TEST_STEP][PASSED] - Statement - PreSaveFile = new java.io.File(((pathPrefix + java.lang.Integer.toString(counter)) + .png)): null

2018-11-27 16:08:09 - [TEST_STEP][PASSED] - Statement - counter = counter + 1: null

2018-11-27 16:08:09 - [TEST_STEP][PASSED] - Statement - PreSaveFile = new java.io.File(((pathPrefix + java.lang.Integer.toString(counter)) + .png)): null

2018-11-27 16:08:09 - [TEST_STEP][PASSED] - Statement - counter = counter + 1: null

2018-11-27 16:08:09 - [TEST_STEP][PASSED] - Statement - PreSaveFile = new java.io.File(((pathPrefix + java.lang.Integer.toString(counter)) + .png)): null

2018-11-27 16:08:09 - [TEST_STEP][PASSED] - Statement - counter = counter + 1: null

2018-11-27 16:08:09 - [TEST_STEP][PASSED] - Statement - PreSaveFile = new java.io.File(((pathPrefix + java.lang.Integer.toString(counter)) + .png)): null

2018-11-27 16:08:09 - [TEST_STEP][PASSED] - Statement - counter = counter + 1: null

2018-11-27 16:08:09 - [TEST_STEP][PASSED] - Statement - PreSaveFile = new java.io.File(((pathPrefix + java.lang.Integer.toString(counter)) + .png)): null

2018-11-27 16:08:09 - [TEST_STEP][PASSED] - Statement - counter = counter + 1: null

2018-11-27 16:08:09 - [TEST_STEP][PASSED] - Statement - PreSaveFile = new java.io.File(((pathPrefix + java.lang.Integer.toString(counter)) + .png)): null

2018-11-27 16:08:09 - [TEST_STEP][PASSED] - Statement - counter = counter + 1: null

2018-11-27 16:08:09 - [TEST_STEP][PASSED] - Statement - PreSaveFile = new java.io.File(((pathPrefix + java.lang.Integer.toString(counter)) + .png)): null

2018-11-27 16:08:09 - [TEST_STEP][PASSED] - Statement - counter = counter + 1: null

2018-11-27 16:08:09 - [TEST_STEP][PASSED] - Statement - PreSaveFile = new java.io.File(((pathPrefix + java.lang.Integer.toString(counter)) + .png)): null

2018-11-27 16:08:09 - [TEST_STEP][PASSED] - Statement - counter = counter + 1: null

2018-11-27 16:08:09 - [TEST_STEP][PASSED] - Statement - PreSaveFile = new java.io.File(((pathPrefix + java.lang.Integer.toString(counter)) + .png)): null

2018-11-27 16:08:09 - [TEST_STEP][PASSED] - Statement - counter = counter + 1: null

2018-11-27 16:08:09 - [TEST_STEP][PASSED] - Statement - PreSaveFile = new java.io.File(((pathPrefix + java.lang.Integer.toString(counter)) + .png)): null

2018-11-27 16:08:09 - [TEST_STEP][PASSED] - Statement - counter = counter + 1: null

2018-11-27 16:08:09 - [TEST_STEP][PASSED] - Statement - PreSaveFile = new java.io.File(((pathPrefix + java.lang.Integer.toString(counter)) + .png)): null

2018-11-27 16:08:09 - [TEST_STEP][PASSED] - Statement - counter = counter + 1: null

2018-11-27 16:08:09 - [TEST_STEP][PASSED] - Statement - PreSaveFile = new java.io.File(((pathPrefix + java.lang.Integer.toString(counter)) + .png)): null

2018-11-27 16:08:09 - [TEST_STEP][PASSED] - Statement - counter = counter + 1: null

2018-11-27 16:08:09 - [TEST_STEP][PASSED] - Statement - PreSaveFile = new java.io.File(((pathPrefix + java.lang.Integer.toString(counter)) + .png)): null

2018-11-27 16:08:09 - [TEST_STEP][PASSED] - Statement - counter = counter + 1: null

2018-11-27 16:08:09 - [TEST_STEP][PASSED] - Statement - PreSaveFile = new java.io.File(((pathPrefix + java.lang.Integer.toString(counter)) + .png)): null

2018-11-27 16:08:09 - [TEST_STEP][PASSED] - Statement - counter = counter + 1: null

2018-11-27 16:08:09 - [TEST_STEP][PASSED] - Statement - PreSaveFile = new java.io.File(((pathPrefix + java.lang.Integer.toString(counter)) + .png)): null

2018-11-27 16:08:09 - [TEST_STEP][PASSED] - Statement - counter = counter + 1: null

2018-11-27 16:08:09 - [TEST_STEP][PASSED] - Statement - PreSaveFile = new java.io.File(((pathPrefix + java.lang.Integer.toString(counter)) + .png)): null

2018-11-27 16:08:09 - [TEST_STEP][PASSED] - Statement - counter = counter + 1: null

2018-11-27 16:08:09 - [TEST_STEP][PASSED] - Statement - PreSaveFile = new java.io.File(((pathPrefix + java.lang.Integer.toString(counter)) + .png)): null

2018-11-27 16:08:09 - [TEST_STEP][PASSED] - Statement - counter = counter + 1: null

2018-11-27 16:08:09 - [TEST_STEP][PASSED] - Statement - PreSaveFile = new java.io.File(((pathPrefix + java.lang.Integer.toString(counter)) + .png)): null

2018-11-27 16:08:09 - [TEST_STEP][PASSED] - Statement - counter = counter + 1: null

2018-11-27 16:08:09 - [TEST_STEP][PASSED] - Statement - PreSaveFile = new java.io.File(((pathPrefix + java.lang.Integer.toString(counter)) + .png)): null

2018-11-27 16:08:09 - [TEST_STEP][PASSED] - Statement - counter = counter + 1: null

2018-11-27 16:08:09 - [TEST_STEP][PASSED] - Statement - PreSaveFile = new java.io.File(((pathPrefix + java.lang.Integer.toString(counter)) + .png)): null

2018-11-27 16:08:09 - [TEST_STEP][PASSED] - Statement - counter = counter + 1: null

2018-11-27 16:08:09 - [TEST_STEP][PASSED] - Statement - PreSaveFile = new java.io.File(((pathPrefix + java.lang.Integer.toString(counter)) + .png)): null

2018-11-27 16:08:09 - [TEST_STEP][PASSED] - Statement - counter = counter + 1: null

2018-11-27 16:08:09 - [TEST_STEP][PASSED] - Statement - PreSaveFile = new java.io.File(((pathPrefix + java.lang.Integer.toString(counter)) + .png)): null

2018-11-27 16:08:09 - [TEST_STEP][PASSED] - Statement - counter = counter + 1: null

2018-11-27 16:08:09 - [TEST_STEP][PASSED] - Statement - PreSaveFile = new java.io.File(((pathPrefix + java.lang.Integer.toString(counter)) + .png)): null

2018-11-27 16:08:09 - [TEST_STEP][PASSED] - Statement - counter = counter + 1: null

2018-11-27 16:08:09 - [TEST_STEP][PASSED] - Statement - PreSaveFile = new java.io.File(((pathPrefix + java.lang.Integer.toString(counter)) + .png)): null

2018-11-27 16:08:09 - [TEST_STEP][PASSED] - Statement - counter = counter + 1: null

2018-11-27 16:08:09 - [TEST_STEP][PASSED] - Statement - PreSaveFile = new java.io.File(((pathPrefix + java.lang.Integer.toString(counter)) + .png)): null

2018-11-27 16:08:09 - [TEST_STEP][PASSED] - Statement - counter = counter + 1: null

2018-11-27 16:08:09 - [TEST_STEP][PASSED] - Statement - PreSaveFile = new java.io.File(((pathPrefix + java.lang.Integer.toString(counter)) + .png)): null

2018-11-27 16:08:09 - [TEST_STEP][PASSED] - Statement - counter = counter + 1: null

2018-11-27 16:08:09 - [TEST_STEP][PASSED] - Statement - PreSaveFile = new java.io.File(((pathPrefix + java.lang.Integer.toString(counter)) + .png)): null

2018-11-27 16:08:09 - [TEST_STEP][PASSED] - Statement - counter = counter + 1: null

2018-11-27 16:08:09 - [TEST_STEP][PASSED] - Statement - PreSaveFile = new java.io.File(((pathPrefix + java.lang.Integer.toString(counter)) + .png)): null

2018-11-27 16:08:09 - [TEST_STEP][PASSED] - Statement - counter = counter + 1: null

2018-11-27 16:08:09 - [TEST_STEP][PASSED] - Statement - PreSaveFile = new java.io.File(((pathPrefix + java.lang.Integer.toString(counter)) + .png)): null

2018-11-27 16:08:09 - [TEST_STEP][PASSED] - Statement - counter = counter + 1: null

2018-11-27 16:08:09 - [TEST_STEP][PASSED] - Statement - PreSaveFile = new java.io.File(((pathPrefix + java.lang.Integer.toString(counter)) + .png)): null

2018-11-27 16:08:09 - [TEST_STEP][PASSED] - Statement - counter = counter + 1: null

2018-11-27 16:08:09 - [TEST_STEP][PASSED] - Statement - PreSaveFile = new java.io.File(((pathPrefix + java.lang.Integer.toString(counter)) + .png)): null

2018-11-27 16:08:09 - [TEST_STEP][PASSED] - Statement - counter = counter + 1: null

2018-11-27 16:08:09 - [TEST_STEP][PASSED] - Statement - PreSaveFile = new java.io.File(((pathPrefix + java.lang.Integer.toString(counter)) + .png)): null

2018-11-27 16:08:09 - [TEST_STEP][PASSED] - Statement - counter = counter + 1: null

2018-11-27 16:08:09 - [TEST_STEP][PASSED] - Statement - PreSaveFile = new java.io.File(((pathPrefix + java.lang.Integer.toString(counter)) + .png)): null

2018-11-27 16:08:09 - [TEST_STEP][PASSED] - Statement - counter = counter + 1: null

2018-11-27 16:08:09 - [TEST_STEP][PASSED] - Statement - PreSaveFile = new java.io.File(((pathPrefix + java.lang.Integer.toString(counter)) + .png)): null

2018-11-27 16:08:09 - [TEST_STEP][PASSED] - Statement - counter = counter + 1: null

2018-11-27 16:08:09 - [TEST_STEP][PASSED] - Statement - PreSaveFile = new java.io.File(((pathPrefix + java.lang.Integer.toString(counter)) + .png)): null

2018-11-27 16:08:09 - [TEST_STEP][PASSED] - Statement - counter = counter + 1: null

2018-11-27 16:08:09 - [TEST_STEP][PASSED] - Statement - PreSaveFile = new java.io.File(((pathPrefix + java.lang.Integer.toString(counter)) + .png)): null

2018-11-27 16:08:09 - [TEST_STEP][PASSED] - Statement - counter = counter + 1: null

2018-11-27 16:08:09 - [TEST_STEP][PASSED] - Statement - PreSaveFile = new java.io.File(((pathPrefix + java.lang.Integer.toString(counter)) + .png)): null

2018-11-27 16:08:09 - [TEST_STEP][PASSED] - Statement - counter = counter + 1: null

2018-11-27 16:08:09 - [TEST_STEP][PASSED] - Statement - PreSaveFile = new java.io.File(((pathPrefix + java.lang.Integer.toString(counter)) + .png)): null

2018-11-27 16:08:09 - [TEST_STEP][PASSED] - Statement - counter = counter + 1: null

2018-11-27 16:08:09 - [TEST_STEP][PASSED] - Statement - PreSaveFile = new java.io.File(((pathPrefix + java.lang.Integer.toString(counter)) + .png)): null

2018-11-27 16:08:09 - [TEST_STEP][PASSED] - Statement - counter = counter + 1: null

2018-11-27 16:08:09 - [TEST_STEP][PASSED] - Statement - PreSaveFile = new java.io.File(((pathPrefix + java.lang.Integer.toString(counter)) + .png)): null

2018-11-27 16:08:09 - [TEST_STEP][PASSED] - Statement - counter = counter + 1: null

2018-11-27 16:08:09 - [TEST_STEP][PASSED] - Statement - PreSaveFile = new java.io.File(((pathPrefix + java.lang.Integer.toString(counter)) + .png)): null

2018-11-27 16:08:09 - [TEST_STEP][PASSED] - Statement - counter = counter + 1: null

2018-11-27 16:08:09 - [TEST_STEP][PASSED] - Statement - PreSaveFile = new java.io.File(((pathPrefix + java.lang.Integer.toString(counter)) + .png)): null

2018-11-27 16:08:09 - [TEST_STEP][PASSED] - Statement - counter = counter + 1: null

2018-11-27 16:08:09 - [TEST_STEP][PASSED] - Statement - PreSaveFile = new java.io.File(((pathPrefix + java.lang.Integer.toString(counter)) + .png)): null

2018-11-27 16:08:09 - [TEST_STEP][PASSED] - Statement - counter = counter + 1: null

2018-11-27 16:08:09 - [TEST_STEP][PASSED] - Statement - PreSaveFile = new java.io.File(((pathPrefix + java.lang.Integer.toString(counter)) + .png)): null

2018-11-27 16:08:09 - [TEST_STEP][PASSED] - Statement - counter = counter + 1: null

2018-11-27 16:08:09 - [TEST_STEP][PASSED] - Statement - PreSaveFile = new java.io.File(((pathPrefix + java.lang.Integer.toString(counter)) + .png)): null

2018-11-27 16:08:09 - [TEST_STEP][PASSED] - Statement - counter = counter + 1: null

2018-11-27 16:08:09 - [TEST_STEP][PASSED] - Statement - PreSaveFile = new java.io.File(((pathPrefix + java.lang.Integer.toString(counter)) + .png)): null

2018-11-27 16:08:09 - [TEST_STEP][PASSED] - Statement - counter = counter + 1: null

2018-11-27 16:08:09 - [TEST_STEP][PASSED] - Statement - PreSaveFile = new java.io.File(((pathPrefix + java.lang.Integer.toString(counter)) + .png)): null

2018-11-27 16:08:09 - [TEST_STEP][PASSED] - Statement - counter = counter + 1: null

2018-11-27 16:08:09 - [TEST_STEP][PASSED] - Statement - PreSaveFile = new java.io.File(((pathPrefix + java.lang.Integer.toString(counter)) + .png)): null

2018-11-27 16:08:09 - [TEST_STEP][PASSED] - Statement - counter = counter + 1: null

2018-11-27 16:08:09 - [TEST_STEP][PASSED] - Statement - PreSaveFile = new java.io.File(((pathPrefix + java.lang.Integer.toString(counter)) + .png)): null

2018-11-27 16:08:09 - [TEST_STEP][PASSED] - Statement - counter = counter + 1: null

2018-11-27 16:08:09 - [TEST_STEP][PASSED] - Statement - PreSaveFile = new java.io.File(((pathPrefix + java.lang.Integer.toString(counter)) + .png)): null

2018-11-27 16:08:09 - [TEST_STEP][PASSED] - Statement - counter = counter + 1: null

2018-11-27 16:08:09 - [TEST_STEP][PASSED] - Statement - PreSaveFile = new java.io.File(((pathPrefix + java.lang.Integer.toString(counter)) + .png)): null

2018-11-27 16:08:09 - [TEST_STEP][PASSED] - Statement - counter = counter + 1: null

2018-11-27 16:08:09 - [TEST_STEP][PASSED] - Statement - PreSaveFile = new java.io.File(((pathPrefix + java.lang.Integer.toString(counter)) + .png)): null

2018-11-27 16:08:09 - [TEST_STEP][PASSED] - Statement - counter = counter + 1: null

2018-11-27 16:08:09 - [TEST_STEP][PASSED] - Statement - PreSaveFile = new java.io.File(((pathPrefix + java.lang.Integer.toString(counter)) + .png)): null

2018-11-27 16:08:09 - [TEST_STEP][PASSED] - Statement - counter = counter + 1: null

2018-11-27 16:08:09 - [TEST_STEP][PASSED] - Statement - PreSaveFile = new java.io.File(((pathPrefix + java.lang.Integer.toString(counter)) + .png)): null

2018-11-27 16:08:09 - [TEST_STEP][PASSED] - Statement - counter = counter + 1: null

2018-11-27 16:08:09 - [TEST_STEP][PASSED] - Statement - PreSaveFile = new java.io.File(((pathPrefix + java.lang.Integer.toString(counter)) + .png)): null

2018-11-27 16:08:09 - [TEST_STEP][PASSED] - Statement - counter = counter + 1: null

2018-11-27 16:08:09 - [TEST_STEP][PASSED] - Statement - PreSaveFile = new java.io.File(((pathPrefix + java.lang.Integer.toString(counter)) + .png)): null

2018-11-27 16:08:09 - [TEST_STEP][PASSED] - Statement - counter = counter + 1: null

2018-11-27 16:08:09 - [TEST_STEP][PASSED] - Statement - PreSaveFile = new java.io.File(((pathPrefix + java.lang.Integer.toString(counter)) + .png)): null

2018-11-27 16:08:09 - [TEST_STEP][PASSED] - Statement - counter = counter + 1: null

2018-11-27 16:08:09 - [TEST_STEP][PASSED] - Statement - PreSaveFile = new java.io.File(((pathPrefix + java.lang.Integer.toString(counter)) + .png)): null

2018-11-27 16:08:09 - [TEST_STEP][PASSED] - Statement - counter = counter + 1: null

2018-11-27 16:08:09 - [TEST_STEP][PASSED] - Statement - PreSaveFile = new java.io.File(((pathPrefix + java.lang.Integer.toString(counter)) + .png)): null

2018-11-27 16:08:09 - [TEST_STEP][PASSED] - Statement - counter = counter + 1: null

2018-11-27 16:08:09 - [TEST_STEP][PASSED] - Statement - PreSaveFile = new java.io.File(((pathPrefix + java.lang.Integer.toString(counter)) + .png)): null

2018-11-27 16:08:09 - [TEST_STEP][PASSED] - Statement - counter = counter + 1: null

2018-11-27 16:08:09 - [TEST_STEP][PASSED] - Statement - PreSaveFile = new java.io.File(((pathPrefix + java.lang.Integer.toString(counter)) + .png)): null

2018-11-27 16:08:09 - [TEST_STEP][PASSED] - Statement - counter = counter + 1: null

2018-11-27 16:08:09 - [TEST_STEP][PASSED] - Statement - PreSaveFile = new java.io.File(((pathPrefix + java.lang.Integer.toString(counter)) + .png)): null

2018-11-27 16:08:09 - [TEST_STEP][PASSED] - Statement - counter = counter + 1: null

2018-11-27 16:08:09 - [TEST_STEP][PASSED] - Statement - PreSaveFile = new java.io.File(((pathPrefix + java.lang.Integer.toString(counter)) + .png)): null

2018-11-27 16:08:09 - [TEST_STEP][PASSED] - Statement - counter = counter + 1: null

2018-11-27 16:08:09 - [TEST_STEP][PASSED] - Statement - PreSaveFile = new java.io.File(((pathPrefix + java.lang.Integer.toString(counter)) + .png)): null

2018-11-27 16:08:09 - [TEST_STEP][PASSED] - Statement - counter = counter + 1: null

2018-11-27 16:08:09 - [TEST_STEP][PASSED] - Statement - PreSaveFile = new java.io.File(((pathPrefix + java.lang.Integer.toString(counter)) + .png)): null

2018-11-27 16:08:09 - [TEST_STEP][PASSED] - Statement - counter = counter + 1: null

2018-11-27 16:08:09 - [TEST_STEP][PASSED] - Statement - PreSaveFile = new java.io.File(((pathPrefix + java.lang.Integer.toString(counter)) + .png)): null

2018-11-27 16:08:09 - [TEST_STEP][PASSED] - Statement - counter = counter + 1: null

2018-11-27 16:08:09 - [TEST_STEP][PASSED] - Statement - PreSaveFile = new java.io.File(((pathPrefix + java.lang.Integer.toString(counter)) + .png)): null

2018-11-27 16:08:09 - [TEST_STEP][PASSED] - Statement - counter = counter + 1: null

2018-11-27 16:08:09 - [TEST_STEP][PASSED] - Statement - PreSaveFile = new java.io.File(((pathPrefix + java.lang.Integer.toString(counter)) + .png)): null

2018-11-27 16:08:09 - [TEST_STEP][PASSED] - Statement - counter = counter + 1: null

2018-11-27 16:08:09 - [TEST_STEP][PASSED] - Statement - PreSaveFile = new java.io.File(((pathPrefix + java.lang.Integer.toString(counter)) + .png)): null

2018-11-27 16:08:09 - [TEST_STEP][PASSED] - Statement - counter = counter + 1: null

2018-11-27 16:08:09 - [TEST_STEP][PASSED] - Statement - PreSaveFile = new java.io.File(((pathPrefix + java.lang.Integer.toString(counter)) + .png)): null

2018-11-27 16:08:09 - [TEST_STEP][PASSED] - Statement - counter = counter + 1: null

2018-11-27 16:08:09 - [TEST_STEP][PASSED] - Statement - PreSaveFile = new java.io.File(((pathPrefix + java.lang.Integer.toString(counter)) + .png)): null

2018-11-27 16:08:09 - [TEST_STEP][PASSED] - Statement - counter = counter + 1: null

2018-11-27 16:08:09 - [TEST_STEP][PASSED] - Statement - PreSaveFile = new java.io.File(((pathPrefix + java.lang.Integer.toString(counter)) + .png)): null

2018-11-27 16:08:09 - [TEST_STEP][PASSED] - Statement - counter = counter + 1: null

2018-11-27 16:08:09 - [TEST_STEP][PASSED] - Statement - PreSaveFile = new java.io.File(((pathPrefix + java.lang.Integer.toString(counter)) + .png)): null

2018-11-27 16:08:09 - [TEST_STEP][PASSED] - Statement - counter = counter + 1: null

2018-11-27 16:08:09 - [TEST_STEP][PASSED] - Statement - PreSaveFile = new java.io.File(((pathPrefix + java.lang.Integer.toString(counter)) + .png)): null

2018-11-27 16:08:09 - [TEST_STEP][PASSED] - Statement - counter = counter + 1: null

2018-11-27 16:08:09 - [TEST_STEP][PASSED] - Statement - PreSaveFile = new java.io.File(((pathPrefix + java.lang.Integer.toString(counter)) + .png)): null

2018-11-27 16:08:09 - [TEST_STEP][PASSED] - Statement - counter = counter + 1: null

2018-11-27 16:08:09 - [TEST_STEP][PASSED] - Statement - PreSaveFile = new java.io.File(((pathPrefix + java.lang.Integer.toString(counter)) + .png)): null

2018-11-27 16:08:09 - [TEST_STEP][PASSED] - Statement - counter = counter + 1: null

2018-11-27 16:08:09 - [TEST_STEP][PASSED] - Statement - PreSaveFile = new java.io.File(((pathPrefix + java.lang.Integer.toString(counter)) + .png)): null

2018-11-27 16:08:09 - [TEST_STEP][PASSED] - Statement - counter = counter + 1: null

2018-11-27 16:08:09 - [TEST_STEP][PASSED] - Statement - PreSaveFile = new java.io.File(((pathPrefix + java.lang.Integer.toString(counter)) + .png)): null

2018-11-27 16:08:09 - [TEST_STEP][PASSED] - Statement - counter = counter + 1: null

2018-11-27 16:08:09 - [TEST_STEP][PASSED] - Statement - PreSaveFile = new java.io.File(((pathPrefix + java.lang.Integer.toString(counter)) + .png)): null

2018-11-27 16:08:09 - [TEST_STEP][PASSED] - Statement - counter = counter + 1: null

2018-11-27 16:08:09 - [TEST_STEP][PASSED] - Statement - PreSaveFile = new java.io.File(((pathPrefix + java.lang.Integer.toString(counter)) + .png)): null

2018-11-27 16:08:09 - [TEST_STEP][PASSED] - Statement - counter = counter + 1: null

2018-11-27 16:08:09 - [TEST_STEP][PASSED] - Statement - PreSaveFile = new java.io.File(((pathPrefix + java.lang.Integer.toString(counter)) + .png)): null

2018-11-27 16:08:09 - [TEST_STEP][PASSED] - Statement - counter = counter + 1: null

2018-11-27 16:08:09 - [TEST_STEP][PASSED] - Statement - PreSaveFile = new java.io.File(((pathPrefix + java.lang.Integer.toString(counter)) + .png)): null

2018-11-27 16:08:09 - [TEST_STEP][PASSED] - Statement - counter = counter + 1: null

2018-11-27 16:08:09 - [TEST_STEP][PASSED] - Statement - PreSaveFile = new java.io.File(((pathPrefix + java.lang.Integer.toString(counter)) + .png)): null

2018-11-27 16:08:09 - [TEST_STEP][PASSED] - Statement - counter = counter + 1: null

2018-11-27 16:08:09 - [TEST_STEP][PASSED] - Statement - PreSaveFile = new java.io.File(((pathPrefix + java.lang.Integer.toString(counter)) + .png)): null

2018-11-27 16:08:09 - [TEST_STEP][PASSED] - Statement - counter = counter + 1: null

2018-11-27 16:08:09 - [TEST_STEP][PASSED] - Statement - PreSaveFile = new java.io.File(((pathPrefix + java.lang.Integer.toString(counter)) + .png)): null

2018-11-27 16:08:09 - [TEST_STEP][PASSED] - Statement - counter = counter + 1: null

2018-11-27 16:08:09 - [TEST_STEP][PASSED] - Statement - PreSaveFile = new java.io.File(((pathPrefix + java.lang.Integer.toString(counter)) + .png)): null

2018-11-27 16:08:09 - [TEST_STEP][PASSED] - Statement - counter = counter + 1: null

2018-11-27 16:08:09 - [TEST_STEP][PASSED] - Statement - PreSaveFile = new java.io.File(((pathPrefix + java.lang.Integer.toString(counter)) + .png)): null

2018-11-27 16:08:09 - [TEST_STEP][PASSED] - Statement - counter = counter + 1: null

2018-11-27 16:08:09 - [TEST_STEP][PASSED] - Statement - PreSaveFile = new java.io.File(((pathPrefix + java.lang.Integer.toString(counter)) + .png)): null

2018-11-27 16:08:09 - [TEST_STEP][PASSED] - Statement - counter = counter + 1: null

2018-11-27 16:08:09 - [TEST_STEP][PASSED] - Statement - PreSaveFile = new java.io.File(((pathPrefix + java.lang.Integer.toString(counter)) + .png)): null

2018-11-27 16:08:09 - [TEST_STEP][PASSED] - Statement - counter = counter + 1: null

2018-11-27 16:08:09 - [TEST_STEP][PASSED] - Statement - PreSaveFile = new java.io.File(((pathPrefix + java.lang.Integer.toString(counter)) + .png)): null

2018-11-27 16:08:09 - [TEST_STEP][PASSED] - Statement - counter = counter + 1: null

2018-11-27 16:08:09 - [TEST_STEP][PASSED] - Statement - PreSaveFile = new java.io.File(((pathPrefix + java.lang.Integer.toString(counter)) + .png)): null

2018-11-27 16:08:09 - [TEST_STEP][PASSED] - Statement - counter = counter + 1: null

2018-11-27 16:08:09 - [TEST_STEP][PASSED] - Statement - PreSaveFile = new java.io.File(((pathPrefix + java.lang.Integer.toString(counter)) + .png)): null

2018-11-27 16:08:09 - [TEST_STEP][PASSED] - Statement - counter = counter + 1: null

2018-11-27 16:08:09 - [TEST_STEP][PASSED] - Statement - PreSaveFile = new java.io.File(((pathPrefix + java.lang.Integer.toString(counter)) + .png)): null

2018-11-27 16:08:09 - [TEST_STEP][PASSED] - Statement - counter = counter + 1: null

2018-11-27 16:08:09 - [TEST_STEP][PASSED] - Statement - PreSaveFile = new java.io.File(((pathPrefix + java.lang.Integer.toString(counter)) + .png)): null

2018-11-27 16:08:09 - [TEST_STEP][PASSED] - Statement - counter = counter + 1: null

2018-11-27 16:08:09 - [TEST_STEP][PASSED] - Statement - PreSaveFile = new java.io.File(((pathPrefix + java.lang.Integer.toString(counter)) + .png)): null

2018-11-27 16:08:09 - [TEST_STEP][PASSED] - Statement - counter = counter + 1: null

2018-11-27 16:08:09 - [TEST_STEP][PASSED] - Statement - PreSaveFile = new java.io.File(((pathPrefix + java.lang.Integer.toString(counter)) + .png)): null

2018-11-27 16:08:09 - [TEST_STEP][PASSED] - Statement - counter = counter + 1: null

2018-11-27 16:08:09 - [TEST_STEP][PASSED] - Statement - PreSaveFile = new java.io.File(((pathPrefix + java.lang.Integer.toString(counter)) + .png)): null

2018-11-27 16:08:09 - [TEST_STEP][PASSED] - Statement - counter = counter + 1: null

2018-11-27 16:08:09 - [TEST_STEP][PASSED] - Statement - PreSaveFile = new java.io.File(((pathPrefix + java.lang.Integer.toString(counter)) + .png)): null

2018-11-27 16:08:09 - [TEST_STEP][PASSED] - Statement - counter = counter + 1: null

2018-11-27 16:08:09 - [TEST_STEP][PASSED] - Statement - PreSaveFile = new java.io.File(((pathPrefix + java.lang.Integer.toString(counter)) + .png)): null

2018-11-27 16:08:09 - [TEST_STEP][PASSED] - Statement - counter = counter + 1: null

2018-11-27 16:08:09 - [TEST_STEP][PASSED] - Statement - PreSaveFile = new java.io.File(((pathPrefix + java.lang.Integer.toString(counter)) + .png)): null

2018-11-27 16:08:09 - [TEST_STEP][PASSED] - Statement - counter = counter + 1: null

2018-11-27 16:08:09 - [TEST_STEP][PASSED] - Statement - PreSaveFile = new java.io.File(((pathPrefix + java.lang.Integer.toString(counter)) + .png)): null

2018-11-27 16:08:09 - [TEST_STEP][PASSED] - Statement - counter = counter + 1: null

2018-11-27 16:08:09 - [TEST_STEP][PASSED] - Statement - PreSaveFile = new java.io.File(((pathPrefix + java.lang.Integer.toString(counter)) + .png)): null

2018-11-27 16:08:09 - [TEST_STEP][PASSED] - Statement - counter = counter + 1: null

2018-11-27 16:08:09 - [TEST_STEP][PASSED] - Statement - PreSaveFile = new java.io.File(((pathPrefix + java.lang.Integer.toString(counter)) + .png)): null

2018-11-27 16:08:09 - [TEST_STEP][PASSED] - Statement - counter = counter + 1: null

2018-11-27 16:08:09 - [TEST_STEP][PASSED] - Statement - PreSaveFile = new java.io.File(((pathPrefix + java.lang.Integer.toString(counter)) + .png)): null

2018-11-27 16:08:09 - [TEST_STEP][PASSED] - Statement - counter = counter + 1: null

2018-11-27 16:08:09 - [TEST_STEP][PASSED] - Statement - PreSaveFile = new java.io.File(((pathPrefix + java.lang.Integer.toString(counter)) + .png)): null

2018-11-27 16:08:09 - [TEST_STEP][PASSED] - Statement - counter = counter + 1: null

2018-11-27 16:08:09 - [TEST_STEP][PASSED] - Statement - PreSaveFile = new java.io.File(((pathPrefix + java.lang.Integer.toString(counter)) + .png)): null

2018-11-27 16:08:09 - [TEST_STEP][PASSED] - Statement - counter = counter + 1: null

2018-11-27 16:08:09 - [TEST_STEP][PASSED] - Statement - PreSaveFile = new java.io.File(((pathPrefix + java.lang.Integer.toString(counter)) + .png)): null

2018-11-27 16:08:09 - [TEST_STEP][PASSED] - Statement - counter = counter + 1: null

2018-11-27 16:08:09 - [TEST_STEP][PASSED] - Statement - PreSaveFile = new java.io.File(((pathPrefix + java.lang.Integer.toString(counter)) + .png)): null

2018-11-27 16:08:09 - [TEST_STEP][PASSED] - Statement - counter = counter + 1: null

2018-11-27 16:08:09 - [TEST_STEP][PASSED] - Statement - PreSaveFile = new java.io.File(((pathPrefix + java.lang.Integer.toString(counter)) + .png)): null

2018-11-27 16:08:09 - [TEST_STEP][PASSED] - Statement - counter = counter + 1: null

2018-11-27 16:08:09 - [TEST_STEP][PASSED] - Statement - PreSaveFile = new java.io.File(((pathPrefix + java.lang.Integer.toString(counter)) + .png)): null

2018-11-27 16:08:09 - [TEST_STEP][PASSED] - Statement - counter = counter + 1: null

2018-11-27 16:08:09 - [TEST_STEP][PASSED] - Statement - PreSaveFile = new java.io.File(((pathPrefix + java.lang.Integer.toString(counter)) + .png)): null

2018-11-27 16:08:09 - [TEST_STEP][PASSED] - Statement - finalPath = pathPrefix + java.lang.Integer.toString(counter) + ".png": null

2018-11-27 16:08:09 - [TEST_STEP][PASSED] - Statement - SaveFile = new java.io.File(finalPath): null

2018-11-27 16:08:09 - [TEST_STEP][PASSED] - Statement - Try: null

2018-11-27 16:08:09 - [TEST_STEP][PASSED] - Statement - org.apache.commons.io.FileUtils.copyFile(scrFile, SaveFile): null

2018-11-27 16:08:09 - [TEST_STEP][PASSED] - Statement - out.println("file kept"): null

2018-11-27 16:08:09 - [TEST_STEP][PASSED] - delay: Delayed 10 second(s)

2018-11-27 16:08:19 - [MESSAGE][PASSED] - Delayed 10 second(s)

2018-11-27 16:08:19 - [MESSAGE][PASSED] - Call Test Case 'Test Cases/Final Aug 2018 - PKS Automation/Registration Module/New Registration/Submit and Screenshot/Submit Registration and Screenshot - Copy' successfully

2018-11-27 16:08:19 - [TEST_STEP][PASSED] - Statement - UpdateAddNewECode = com.kms.katalon.core.webui.keyword.WebUiBuiltInKeywords.getText(com.kms.katalon.core.testobject.ObjectRepository.findTestObject(Object Repository/Final Object Repo/Page_Update Add New Employee - ASSIST/getEmpCode)): Text of object 'Object Repository/Final Object Repo/Page_Update Add New Employee - ASSIST/getEmpCode' is: 'E1102070504M'

2018-11-27 16:08:19 - [MESSAGE][PASSED] - Text of object 'Object Repository/Final Object Repo/Page_Update Add New Employee - ASSIST/getEmpCode' is: 'E1102070504M'

2018-11-27 16:08:19 - [TEST_STEP][PASSED] - callTestCase: Call Test Case 'Test Cases/Final Aug 2018 - PKS Automation/Common/Emp Code Setter' successfully

2018-11-27 16:08:20 - [TEST_CASE][PASSED] - Test Cases/Final Aug 2018 - PKS Automation/Common/Emp Code Setter: Test Cases/Final Aug 2018 - PKS Automation/Common/Emp Code Setter

2018-11-27 16:08:20 - [TEST_STEP][PASSED] - Statement - EmpCodeOld = new java.io.File(C://Users//Admin//Desktop//PKS//Automation Reference Point//EmpCode.txt): null

2018-11-27 16:08:20 - [TEST_STEP][PASSED] - Statement - EmpCodeOld.delete(): null

2018-11-27 16:08:20 - [TEST_STEP][PASSED] - Statement - EmpCode = new java.io.File(C://Users//Admin//Desktop//PKS//Automation Reference Point//EmpCode.txt): null

2018-11-27 16:08:20 - [TEST_STEP][PASSED] - Statement - EmpCode.append(UpdateAddNewECode): null

2018-11-27 16:08:20 - [TEST_STEP][PASSED] - Statement - out.println("


" + UpdateAddNewECode + "


"): null

2018-11-27 16:08:20 - [MESSAGE][PASSED] - Call Test Case 'Test Cases/Final Aug 2018 - PKS Automation/Common/Emp Code Setter' successfully

2018-11-27 16:08:20 - [MESSAGE][PASSED] - Call Test Case 'Test Cases/Final Aug 2018 - PKS Automation/Registration Module/Workflow/Update Add New Employee/Template/New Company for Update Add New - Employer' successfully

2018-11-27 16:08:20 - [TEST_STEP][PASSED] - callTestCase: Call Test Case 'Test Cases/Final Aug 2018 - PKS Automation/Registration Module/Log Out/log out avoiding katalon tagging' successfully

2018-11-27 16:08:20 - [TEST_CASE][PASSED] - Test Cases/Final Aug 2018 - PKS Automation/Registration Module/Log Out/log out avoiding katalon tagging: Test Cases/Final Aug 2018 - PKS Automation/Registration Module/Log Out/log out avoiding katalon tagging

2018-11-27 16:08:20 - [TEST_STEP][PASSED] - navigateToUrl: Navigate to 'https://assist2-uat.perkeso.gov.my/c/portal/logout' successfully

2018-11-27 16:08:21 - [MESSAGE][PASSED] - Navigate to 'https://assist2-uat.perkeso.gov.my/c/portal/logout' successfully

2018-11-27 16:08:21 - [MESSAGE][PASSED] - Call Test Case 'Test Cases/Final Aug 2018 - PKS Automation/Registration Module/Log Out/log out avoiding katalon tagging' successfully

2018-11-27 16:08:21 - [TEST_STEP][PASSED] - callTestCase: Call Test Case 'Test Cases/Final Aug 2018 - PKS Automation/Registration Module/New Registration/Form 2/Date Updater' successfully

2018-11-27 16:08:21 - [TEST_CASE][PASSED] - Test Cases/Final Aug 2018 - PKS Automation/Registration Module/New Registration/Form 2/Date Updater: Test Cases/Final Aug 2018 - PKS Automation/Registration Module/New Registration/Form 2/Date Updater

2018-11-27 16:08:21 - [TEST_STEP][PASSED] - Statement - TodayDate = new java.util.Date(): null

2018-11-27 16:08:21 - [TEST_STEP][PASSED] - Statement - CurrentDateNoFilter = new java.text.SimpleDateFormat(): null

2018-11-27 16:08:21 - [TEST_STEP][PASSED] - Statement - CurrentDateNoFilter.applyPattern("dd"): null

2018-11-27 16:08:21 - [TEST_STEP][PASSED] - Statement - CurrentDate = CurrentDateNoFilter.format(TodayDate): null

2018-11-27 16:08:21 - [TEST_STEP][PASSED] - Statement - CurrentDate = java.lang.Integer.parseInt(CurrentDate): null

2018-11-27 16:08:21 - [TEST_STEP][PASSED] - Statement - CurrentDate = CurrentDate: null

2018-11-27 16:08:21 - [TEST_STEP][PASSED] - Statement - CurrentDay = java.lang.Integer.parseInt(CurrentDate): null

2018-11-27 16:08:21 - [TEST_STEP][PASSED] - Statement - aDayBefore = CurrentDay + 1: null

2018-11-27 16:08:21 - [TEST_STEP][PASSED] - Statement - DayBefore = aDayBefore.toString(): null

2018-11-27 16:08:21 - [TEST_STEP][PASSED] - Statement - OneDayBefore = DayBefore: null

2018-11-27 16:08:21 - [TEST_STEP][PASSED] - Statement - CurrentDateNoFilter.applyPattern("MM"): null

2018-11-27 16:08:21 - [TEST_STEP][PASSED] - Statement - monthContainerMatcher = java.lang.Integer.parseInt(CurrentDateNoFilter.format(TodayDate)): null

2018-11-27 16:08:21 - [TEST_STEP][PASSED] - Statement - monthContainerMatcher = monthContainerMatcher - 1: null

2018-11-27 16:08:21 - [TEST_STEP][PASSED] - Statement - CurrentMonth = monthContainerMatcher.toString(): null

2018-11-27 16:08:21 - [TEST_STEP][PASSED] - Statement - CurrentMonth = CurrentMonth: null

2018-11-27 16:08:21 - [TEST_STEP][PASSED] - Statement - CurrentDateNoFilter.applyPattern("yyyy"): null

2018-11-27 16:08:21 - [TEST_STEP][PASSED] - Statement - CurrentYear = CurrentDateNoFilter.format(TodayDate): null

2018-11-27 16:08:21 - [TEST_STEP][PASSED] - Statement - CurrentYear = CurrentYear: null

2018-11-27 16:08:21 - [TEST_STEP][PASSED] - Statement - intCurrentYear = java.lang.Integer.parseInt(CurrentDateNoFilter.format(TodayDate)): null

2018-11-27 16:08:21 - [TEST_STEP][PASSED] - Statement - eighteenYrsAgo = intCurrentYear - 18: null

2018-11-27 16:08:21 - [TEST_STEP][PASSED] - Statement - eighteenYrsBeforeThisYr = eighteenYrsAgo.toString(): null

2018-11-27 16:08:21 - [TEST_STEP][PASSED] - Statement - EighteenYrsBefore = eighteenYrsBeforeThisYr: null

2018-11-27 16:08:21 - [TEST_STEP][PASSED] - Statement - fiftysevenYrsAgo = intCurrentYear - 57: null

2018-11-27 16:08:21 - [TEST_STEP][PASSED] - Statement - fiftysevenYrsBeforeThisYr = fiftysevenYrsAgo.toString(): null

2018-11-27 16:08:21 - [TEST_STEP][PASSED] - Statement - FiftysevenYrsBefore = fiftysevenYrsBeforeThisYr: null

2018-11-27 16:08:21 - [MESSAGE][PASSED] - Call Test Case 'Test Cases/Final Aug 2018 - PKS Automation/Registration Module/New Registration/Form 2/Date Updater' successfully

2018-11-27 16:08:21 - [TEST_STEP][PASSED] - delay: Delayed 2 second(s)

2018-11-27 16:08:23 - [MESSAGE][PASSED] - Delayed 2 second(s)

2018-11-27 16:08:23 - [TEST_STEP][PASSED] - callTestCase: Call Test Case 'Test Cases/Final Aug 2018 - PKS Automation/Create Employer Acc/Login to Employer Account (Second time)' successfully

2018-11-27 16:08:23 - [TEST_CASE][PASSED] - Test Cases/Final Aug 2018 - PKS Automation/Create Employer Acc/Login to Employer Account (Second time): Test Cases/Final Aug 2018 - PKS Automation/Create Employer Acc/Login to Employer Account (Second time)

2018-11-27 16:08:23 - [TEST_STEP][PASSED] - openBrowser: Browser is opened with url: ''

2018-11-27 16:08:23 - [MESSAGE][WARNING] - A browser is already opened. Closing browser and opening a new one

2018-11-27 16:08:27 - [MESSAGE][PASSED] - Browser is opened with url: ''

2018-11-27 16:08:27 - [TEST_STEP][PASSED] - navigateToUrl: Navigate to 'https://assist2-uat.perkeso.gov.my/employer/login' successfully

2018-11-27 16:08:28 - [MESSAGE][PASSED] - Navigate to 'https://assist2-uat.perkeso.gov.my/employer/login' successfully

2018-11-27 16:08:28 - [TEST_STEP][PASSED] - delay: Delayed 3 second(s)

2018-11-27 16:08:31 - [MESSAGE][PASSED] - Delayed 3 second(s)

2018-11-27 16:08:31 - [TEST_STEP][PASSED] - callTestCase: Call Test Case 'Test Cases/Final Aug 2018 - PKS Automation/Create Employer Acc/Template/Employer Email Getter' successfully

2018-11-27 16:08:31 - [TEST_CASE][PASSED] - Test Cases/Final Aug 2018 - PKS Automation/Create Employer Acc/Template/Employer Email Getter: Test Cases/Final Aug 2018 - PKS Automation/Create Employer Acc/Template/Employer Email Getter

2018-11-27 16:08:31 - [TEST_STEP][PASSED] - Statement - Try: null

2018-11-27 16:08:31 - [TEST_STEP][PASSED] - Statement - EmpEmail = new java.io.File(C://Users//Admin//Desktop//PKS//Automation Reference Point//EmpEmail.txt): null

2018-11-27 16:08:31 - [TEST_STEP][PASSED] - Statement - bufferread = new java.io.BufferedReader(new java.io.FileReader(EmpEmail)): null

2018-11-27 16:08:31 - [TEST_STEP][PASSED] - Statement - readedVal = bufferread.readLine(): null

2018-11-27 16:08:31 - [TEST_STEP][PASSED] - Statement - out.println(readedVal): null

2018-11-27 16:08:31 - [TEST_STEP][PASSED] - Statement - Email = readedVal: null

2018-11-27 16:08:31 - [MESSAGE][PASSED] - Call Test Case 'Test Cases/Final Aug 2018 - PKS Automation/Create Employer Acc/Template/Employer Email Getter' successfully

2018-11-27 16:08:31 - [TEST_STEP][PASSED] - setText: Text 'perkeso556322862633@gmail.com' is set on object 'Object Repository/Final Object Repo/Login Page/External Login Page/Email'

2018-11-27 16:08:32 - [MESSAGE][PASSED] - Text 'perkeso556322862633@gmail.com' is set on object 'Object Repository/Final Object Repo/Login Page/External Login Page/Email'

2018-11-27 16:08:32 - [TEST_STEP][PASSED] - click: Object: 'Object Repository/Final Object Repo/Login Page/External Login Page/Next' is clicked on

2018-11-27 16:08:32 - [MESSAGE][PASSED] - Object: 'Object Repository/Final Object Repo/Login Page/External Login Page/Next' is clicked on

2018-11-27 16:08:32 - [TEST_STEP][PASSED] - delay: Delayed 3 second(s)

2018-11-27 16:08:35 - [MESSAGE][PASSED] - Delayed 3 second(s)

2018-11-27 16:08:35 - [TEST_STEP][PASSED] - setEncryptedText: Text ****** has been set on object 'Object Repository/Final Object Repo/Login Page/External Login Page/Password'

2018-11-27 16:08:35 - [MESSAGE][PASSED] - Text ****** has been set on object 'Object Repository/Final Object Repo/Login Page/External Login Page/Password'

2018-11-27 16:08:35 - [TEST_STEP][PASSED] - click: Object: 'Object Repository/Final Object Repo/Login Page/External Login Page/Login' is clicked on

2018-11-27 16:08:35 - [MESSAGE][PASSED] - Object: 'Object Repository/Final Object Repo/Login Page/External Login Page/Login' is clicked on

2018-11-27 16:08:35 - [TEST_STEP][PASSED] - delay: Delayed 5 second(s)

2018-11-27 16:08:40 - [MESSAGE][PASSED] - Delayed 5 second(s)

2018-11-27 16:08:40 - [MESSAGE][PASSED] - Call Test Case 'Test Cases/Final Aug 2018 - PKS Automation/Create Employer Acc/Login to Employer Account (Second time)' successfully

2018-11-27 16:08:40 - [TEST_STEP][PASSED] - delay: Delayed 4 second(s)

2018-11-27 16:08:44 - [MESSAGE][PASSED] - Delayed 4 second(s)

2018-11-27 16:08:44 - [TEST_STEP][PASSED] - Statement - Try: Delayed 2 second(s)

2018-11-27 16:08:44 - [TEST_STEP][PASSED] - Statement - Checker = false: null

2018-11-27 16:08:44 - [TEST_STEP][PASSED] - Statement - Checker = com.kms.katalon.core.webui.keyword.WebUiBuiltInKeywords.verifyElementHasAttribute(com.kms.katalon.core.testobject.ObjectRepository.findTestObject(Final Object Repo/Landing Page/BM Detecting), "href", 20, OPTIONAL): Object 'Object Repository/Final Object Repo/Landing Page/BM Detecting' has attribute 'href'

2018-11-27 16:08:44 - [MESSAGE][PASSED] - Object 'Object Repository/Final Object Repo/Landing Page/BM Detecting' has attribute 'href'

2018-11-27 16:08:44 - [TEST_STEP][PASSED] - Statement - out.println(Checker): null

2018-11-27 16:08:44 - [TEST_STEP][PASSED] - Statement - If (Checker == false): null

2018-11-27 16:08:44 - [TEST_STEP][PASSED] - Statement - Else: null

2018-11-27 16:08:44 - [TEST_STEP][PASSED] - delay: Delayed 2 second(s)

2018-11-27 16:08:46 - [MESSAGE][PASSED] - Delayed 2 second(s)

2018-11-27 16:08:46 - [TEST_STEP][PASSED] - delay: Delayed 4 second(s)

2018-11-27 16:08:50 - [MESSAGE][PASSED] - Delayed 4 second(s)

2018-11-27 16:08:50 - [TEST_STEP][PASSED] - click: Object: 'Object Repository/Final Object Repo/Page_Update Add New Employee - ASSIST/My Sites Drop Down' is clicked on

2018-11-27 16:08:50 - [MESSAGE][PASSED] - Object: 'Object Repository/Final Object Repo/Page_Update Add New Employee - ASSIST/My Sites Drop Down' is clicked on

2018-11-27 16:08:50 - [TEST_STEP][PASSED] - click: Object: 'Object Repository/Final Object Repo/Page_Update Add New Employee - ASSIST/Select to Registration Module' is clicked on

2018-11-27 16:08:55 - [MESSAGE][PASSED] - Object: 'Object Repository/Final Object Repo/Page_Update Add New Employee - ASSIST/Select to Registration Module' is clicked on

2018-11-27 16:08:55 - [TEST_STEP][PASSED] - navigateToUrl: Navigate to 'https://assist2-uat.perkeso.gov.my/web/registration/myassist' successfully

2018-11-27 16:08:59 - [MESSAGE][PASSED] - Navigate to 'https://assist2-uat.perkeso.gov.my/web/registration/myassist' successfully

2018-11-27 16:08:59 - [TEST_STEP][PASSED] - mouseOver: Object: 'Object Repository/Final Object Repo/Page_Update Add New Employee - ASSIST/Select to Update Akta 4 Tab' is hovered

2018-11-27 16:08:59 - [MESSAGE][PASSED] - Object: 'Object Repository/Final Object Repo/Page_Update Add New Employee - ASSIST/Select to Update Akta 4 Tab' is hovered

2018-11-27 16:08:59 - [TEST_STEP][PASSED] - delay: Delayed 2 second(s)

2018-11-27 16:09:01 - [MESSAGE][PASSED] - Delayed 2 second(s)

2018-11-27 16:09:01 - [TEST_STEP][PASSED] - click: Object: 'Object Repository/Final Object Repo/Page_Update Add New Employee - ASSIST/Select to Update Add New Employee' is clicked on

2018-11-27 16:09:02 - [MESSAGE][PASSED] - Object: 'Object Repository/Final Object Repo/Page_Update Add New Employee - ASSIST/Select to Update Add New Employee' is clicked on

2018-11-27 16:09:02 - [TEST_STEP][PASSED] - delay: Delayed 2 second(s)

2018-11-27 16:09:04 - [MESSAGE][PASSED] - Delayed 2 second(s)

2018-11-27 16:09:04 - [TEST_STEP][PASSED] - setText: Text 'E1102070504M' is set on object 'Object Repository/Final Object Repo/Page_Update Add New Employee - ASSIST/Employer Code input textbox'

2018-11-27 16:09:04 - [MESSAGE][PASSED] - Text 'E1102070504M' is set on object 'Object Repository/Final Object Repo/Page_Update Add New Employee - ASSIST/Employer Code input textbox'

2018-11-27 16:09:04 - [TEST_STEP][PASSED] - delay: Delayed 2 second(s)

2018-11-27 16:09:06 - [MESSAGE][PASSED] - Delayed 2 second(s)

2018-11-27 16:09:06 - [TEST_STEP][PASSED] - click: Object: 'Object Repository/Final Object Repo/Page_Update Add New Employee - ASSIST/Search Button for Employer Code' is clicked on

2018-11-27 16:09:06 - [MESSAGE][PASSED] - Object: 'Object Repository/Final Object Repo/Page_Update Add New Employee - ASSIST/Search Button for Employer Code' is clicked on

2018-11-27 16:09:06 - [TEST_STEP][PASSED] - delay: Delayed 4 second(s)

2018-11-27 16:09:10 - [MESSAGE][PASSED] - Delayed 4 second(s)

2018-11-27 16:09:10 - [TEST_STEP][PASSED] - click: Object: 'Object Repository/Final Object Repo/Page_Update Add New Employee - ASSIST/Click to Edit Case' is clicked on

2018-11-27 16:09:13 - [MESSAGE][PASSED] - Object: 'Object Repository/Final Object Repo/Page_Update Add New Employee - ASSIST/Click to Edit Case' is clicked on

2018-11-27 16:09:13 - [TEST_STEP][PASSED] - callTestCase: Call Test Case 'Test Cases/Final Aug 2018 - PKS Automation/Registration Module/Workflow/Update Add New Employee/Template/Employee Adding/Employee Adding Action liability date change - Employer Access' successfully

2018-11-27 16:09:13 - [TEST_CASE][PASSED] - Test Cases/Final Aug 2018 - PKS Automation/Registration Module/Workflow/Update Add New Employee/Template/Employee Adding/Employee Adding Action liability date change - Employer Access: Test Cases/Final Aug 2018 - PKS Automation/Registration Module/Workflow/Update Add New Employee/Template/Employee Adding/Employee Adding Action liability date change - Employer Access

2018-11-27 16:09:13 - [TEST_STEP][PASSED] - delay: Delayed 4 second(s)

2018-11-27 16:09:17 - [MESSAGE][PASSED] - Delayed 4 second(s)

2018-11-27 16:09:17 - [TEST_STEP][PASSED] - click: Object: 'Object Repository/Final Object Repo/Page_Update Add New Employee - ASSIST/Add Employee Button' is clicked on

2018-11-27 16:09:17 - [MESSAGE][PASSED] - Object: 'Object Repository/Final Object Repo/Page_Update Add New Employee - ASSIST/Add Employee Button' is clicked on

2018-11-27 16:09:17 - [TEST_STEP][PASSED] - delay: Delayed 3 second(s)

2018-11-27 16:09:20 - [MESSAGE][PASSED] - Delayed 3 second(s)

2018-11-27 16:09:20 - [TEST_STEP][PASSED] - setText: Text '830081009219' is set on object 'Object Repository/Final Object Repo/Page_Update Add New Employee - ASSIST/NRIC Input'

2018-11-27 16:09:20 - [MESSAGE][PASSED] - Text '830081009219' is set on object 'Object Repository/Final Object Repo/Page_Update Add New Employee - ASSIST/NRIC Input'

2018-11-27 16:09:20 - [TEST_STEP][PASSED] - delay: Delayed 2 second(s)

2018-11-27 16:09:22 - [MESSAGE][PASSED] - Delayed 2 second(s)

2018-11-27 16:09:22 - [TEST_STEP][PASSED] - setText: Text 'Automate002 Employee eligible 1' is set on object 'Object Repository/Final Object Repo/Page_Update Add New Employee - ASSIST/Employee Name Input'

2018-11-27 16:09:23 - [MESSAGE][PASSED] - Text 'Automate002 Employee eligible 1' is set on object 'Object Repository/Final Object Repo/Page_Update Add New Employee - ASSIST/Employee Name Input'

2018-11-27 16:09:23 - [TEST_STEP][PASSED] - delay: Delayed 2 second(s)

2018-11-27 16:09:25 - [MESSAGE][PASSED] - Delayed 2 second(s)

2018-11-27 16:09:25 - [TEST_STEP][PASSED] - click: Object: 'Object Repository/Final Object Repo/Page_Update Add New Employee - ASSIST/DatePicker Pop Up' is clicked on

2018-11-27 16:09:25 - [MESSAGE][PASSED] - Object: 'Object Repository/Final Object Repo/Page_Update Add New Employee - ASSIST/DatePicker Pop Up' is clicked on

2018-11-27 16:09:25 - [TEST_STEP][PASSED] - click: Object: 'Object Repository/Final Object Repo/Page_Update Add New Employee - ASSIST/DOB Month' is clicked on

2018-11-27 16:09:25 - [MESSAGE][PASSED] - Object: 'Object Repository/Final Object Repo/Page_Update Add New Employee - ASSIST/DOB Month' is clicked on

2018-11-27 16:09:25 - [TEST_STEP][PASSED] - Statement - CurrentMonth = CurrentMonth: null

2018-11-27 16:09:25 - [TEST_STEP][PASSED] - Statement - selectMonth = new com.kms.katalon.core.testobject.TestObject(): null

2018-11-27 16:09:25 - [TEST_STEP][PASSED] - Statement - selectMonth.addProperty("xpath", EQUALS, "//body/div/div/div/select/option[@value='" + CurrentMonth + "']", true): null

2018-11-27 16:09:25 - [TEST_STEP][PASSED] - click: Object: '' is clicked on

2018-11-27 16:09:26 - [MESSAGE][PASSED] - Object: '' is clicked on

2018-11-27 16:09:26 - [TEST_STEP][PASSED] - click: Object: 'Object Repository/Final Object Repo/Page_Update Add New Employee - ASSIST/DOB Year' is clicked on

2018-11-27 16:09:26 - [MESSAGE][PASSED] - Object: 'Object Repository/Final Object Repo/Page_Update Add New Employee - ASSIST/DOB Year' is clicked on

2018-11-27 16:09:26 - [TEST_STEP][PASSED] - Statement - Eyearsbf = EighteenYrsBefore: null

2018-11-27 16:09:26 - [TEST_STEP][PASSED] - Statement - selectYear = new com.kms.katalon.core.testobject.TestObject(): null

2018-11-27 16:09:26 - [TEST_STEP][PASSED] - Statement - selectYear.addProperty("xpath", EQUALS, "//div/div/div/select/option[@value='" + Eyearsbf + "']", true): null

2018-11-27 16:09:26 - [TEST_STEP][PASSED] - click: Object: '' is clicked on

2018-11-27 16:09:26 - [MESSAGE][PASSED] - Object: '' is clicked on

2018-11-27 16:09:26 - [TEST_STEP][PASSED] - Statement - UpdatedSelectDate = com.kms.katalon.core.webui.keyword.WebUiBuiltInKeywords.modifyObjectProperty(com.kms.katalon.core.testobject.ObjectRepository.findTestObject(Final Object Repo/Page_Update Add New Employee - ASSIST/DOB Date), "xpath", "equals", "//body/div/table/tbody/tr/td/a[text()="" + CurrentDate + ""]", true): Modify property of object successfully

2018-11-27 16:09:26 - [MESSAGE][PASSED] - Modify property of object successfully

2018-11-27 16:09:26 - [TEST_STEP][PASSED] - delay: Delayed 3 second(s)

2018-11-27 16:09:29 - [MESSAGE][PASSED] - Delayed 3 second(s)

2018-11-27 16:09:29 - [TEST_STEP][PASSED] - click: Object: 'Object Repository/Final Object Repo/Page_Update Add New Employee - ASSIST/DOB Date' is clicked on

2018-11-27 16:09:29 - [MESSAGE][PASSED] - Object: 'Object Repository/Final Object Repo/Page_Update Add New Employee - ASSIST/DOB Date' is clicked on

2018-11-27 16:09:29 - [TEST_STEP][PASSED] - delay: Delayed 2 second(s)

2018-11-27 16:09:31 - [MESSAGE][PASSED] - Delayed 2 second(s)

2018-11-27 16:09:31 - [TEST_STEP][PASSED] - click: Object: 'Object Repository/Final Object Repo/Page_Update Add New Employee - ASSIST/EmploymentStartDate Pop Up' is clicked on

2018-11-27 16:09:31 - [MESSAGE][PASSED] - Object: 'Object Repository/Final Object Repo/Page_Update Add New Employee - ASSIST/EmploymentStartDate Pop Up' is clicked on

2018-11-27 16:09:31 - [TEST_STEP][PASSED] - delay: Delayed 2 second(s)

2018-11-27 16:09:33 - [MESSAGE][PASSED] - Delayed 2 second(s)

2018-11-27 16:09:33 - [TEST_STEP][PASSED] - click: Object: 'Object Repository/Final Object Repo/Page_Update Add New Employee - ASSIST/Socso Employment StartDate Month' is clicked on

2018-11-27 16:09:33 - [MESSAGE][PASSED] - Object: 'Object Repository/Final Object Repo/Page_Update Add New Employee - ASSIST/Socso Employment StartDate Month' is clicked on

2018-11-27 16:09:33 - [TEST_STEP][PASSED] - delay: Delayed 1 second(s)

2018-11-27 16:09:34 - [MESSAGE][PASSED] - Delayed 1 second(s)

2018-11-27 16:09:34 - [TEST_STEP][PASSED] - click: Object: 'Object Repository/Final Object Repo/Page_Update Add New Employee - ASSIST/Select Socso Employement Startdate Month' is clicked on

2018-11-27 16:09:35 - [MESSAGE][PASSED] - Object: 'Object Repository/Final Object Repo/Page_Update Add New Employee - ASSIST/Select Socso Employement Startdate Month' is clicked on

2018-11-27 16:09:35 - [TEST_STEP][PASSED] - delay: Delayed 2 second(s)

2018-11-27 16:09:37 - [MESSAGE][PASSED] - Delayed 2 second(s)

2018-11-27 16:09:37 - [TEST_STEP][PASSED] - click: Object: 'Object Repository/Final Object Repo/Page_Update Add New Employee - ASSIST/Socso Employment StartDate Year' is clicked on

2018-11-27 16:09:37 - [MESSAGE][PASSED] - Object: 'Object Repository/Final Object Repo/Page_Update Add New Employee - ASSIST/Socso Employment StartDate Year' is clicked on

2018-11-27 16:09:37 - [TEST_STEP][PASSED] - delay: Delayed 1 second(s)

2018-11-27 16:09:38 - [MESSAGE][PASSED] - Delayed 1 second(s)

2018-11-27 16:09:38 - [TEST_STEP][PASSED] - click: Object: 'Object Repository/Final Object Repo/Page_Update Add New Employee - ASSIST/Select Socso Employment Startdate Year - Emp Update Add New' is clicked on

2018-11-27 16:09:38 - [MESSAGE][PASSED] - Object: 'Object Repository/Final Object Repo/Page_Update Add New Employee - ASSIST/Select Socso Employment Startdate Year - Emp Update Add New' is clicked on

2018-11-27 16:09:38 - [TEST_STEP][PASSED] - delay: Delayed 2 second(s)

2018-11-27 16:09:40 - [MESSAGE][PASSED] - Delayed 2 second(s)

2018-11-27 16:09:40 - [TEST_STEP][PASSED] - click: Object: 'Object Repository/Final Object Repo/Page_Update Add New Employee - ASSIST/Socso Employment Start Date Day' is clicked on

2018-11-27 16:09:40 - [MESSAGE][PASSED] - Object: 'Object Repository/Final Object Repo/Page_Update Add New Employee - ASSIST/Socso Employment Start Date Day' is clicked on

2018-11-27 16:09:40 - [TEST_STEP][PASSED] - delay: Delayed 2 second(s)

2018-11-27 16:09:42 - [MESSAGE][PASSED] - Delayed 2 second(s)

2018-11-27 16:09:42 - [TEST_STEP][PASSED] - click: Object: 'Object Repository/Final Object Repo/Page_Update Add New Employee - ASSIST/Save Button for Add Employee' is clicked on

2018-11-27 16:09:42 - [MESSAGE][PASSED] - Object: 'Object Repository/Final Object Repo/Page_Update Add New Employee - ASSIST/Save Button for Add Employee' is clicked on

2018-11-27 16:09:42 - [MESSAGE][PASSED] - Call Test Case 'Test Cases/Final Aug 2018 - PKS Automation/Registration Module/Workflow/Update Add New Employee/Template/Employee Adding/Employee Adding Action liability date change - Employer Access' successfully

2018-11-27 16:09:42 - [TEST_STEP][PASSED] - delay: Delayed 4 second(s)

2018-11-27 16:09:46 - [MESSAGE][PASSED] - Delayed 4 second(s)

2018-11-27 16:09:46 - [TEST_STEP][PASSED] - Statement - CaseReferenceNo = com.kms.katalon.core.webui.keyword.WebUiBuiltInKeywords.getText(com.kms.katalon.core.testobject.ObjectRepository.findTestObject(Final Object Repo/Page_Update Add New Employee - ASSIST/RefNo)): Text of object 'Object Repository/Final Object Repo/Page_Update Add New Employee - ASSIST/RefNo' is: 'CAN11201800002200'

2018-11-27 16:09:46 - [MESSAGE][PASSED] - Text of object 'Object Repository/Final Object Repo/Page_Update Add New Employee - ASSIST/RefNo' is: 'CAN11201800002200'

2018-11-27 16:09:46 - [TEST_STEP][PASSED] - callTestCase: Call Test Case 'Test Cases/Final Aug 2018 - PKS Automation/Common/Reference Number Setter' successfully

2018-11-27 16:09:46 - [TEST_CASE][PASSED] - Test Cases/Final Aug 2018 - PKS Automation/Common/Reference Number Setter: Test Cases/Final Aug 2018 - PKS Automation/Common/Reference Number Setter

2018-11-27 16:09:46 - [TEST_STEP][PASSED] - Statement - RefNoOldFile = new java.io.File(C://Users//Admin//Desktop//PKS//Automation Reference Point//KatalonReference.txt): null

2018-11-27 16:09:46 - [TEST_STEP][PASSED] - Statement - RefNoOldFile.delete(): null

2018-11-27 16:09:46 - [TEST_STEP][PASSED] - delay: Delayed 5 second(s)

2018-11-27 16:09:51 - [MESSAGE][PASSED] - Delayed 5 second(s)

2018-11-27 16:09:51 - [TEST_STEP][PASSED] - Statement - RefNo = new java.io.File(C://Users//Admin//Desktop//PKS//Automation Reference Point//KatalonReference.txt): null

2018-11-27 16:09:51 - [TEST_STEP][PASSED] - Statement - f2 = new java.io.FileWriter(RefNo, false): null

2018-11-27 16:09:51 - [TEST_STEP][PASSED] - Statement - f2.write(CaseReferenceNo): null

2018-11-27 16:09:51 - [TEST_STEP][PASSED] - Statement - f2.close(): null

2018-11-27 16:09:51 - [TEST_STEP][PASSED] - Statement - out.println("


" + CaseReferenceNo + "


"): null

2018-11-27 16:09:51 - [MESSAGE][PASSED] - Call Test Case 'Test Cases/Final Aug 2018 - PKS Automation/Common/Reference Number Setter' successfully

2018-11-27 16:09:51 - [TEST_STEP][PASSED] - delay: Delayed 5 second(s)

2018-11-27 16:09:56 - [MESSAGE][PASSED] - Delayed 5 second(s)

2018-11-27 16:09:56 - [TEST_STEP][PASSED] - click: Object: 'Object Repository/Final Object Repo/Page_Update Add New Employee - ASSIST/Save  Continue Button' is clicked on

2018-11-27 16:09:57 - [MESSAGE][PASSED] - Object: 'Object Repository/Final Object Repo/Page_Update Add New Employee - ASSIST/Save  Continue Button' is clicked on

2018-11-27 16:09:57 - [TEST_STEP][PASSED] - delay: Delayed 5 second(s)

2018-11-27 16:10:02 - [MESSAGE][PASSED] - Delayed 5 second(s)

2018-11-27 16:10:02 - [TEST_STEP][PASSED] - click: Object: 'Object Repository/Final Object Repo/Page_Update Add New Employee - ASSIST/Save  Continue Third Screen' is clicked on

2018-11-27 16:10:05 - [MESSAGE][PASSED] - Object: 'Object Repository/Final Object Repo/Page_Update Add New Employee - ASSIST/Save  Continue Third Screen' is clicked on

2018-11-27 16:10:05 - [TEST_STEP][PASSED] - delay: Delayed 4 second(s)

2018-11-27 16:10:09 - [MESSAGE][PASSED] - Delayed 4 second(s)

2018-11-27 16:10:09 - [TEST_STEP][PASSED] - click: Object: 'Object Repository/Final Object Repo/Page_Update Add New Employee - ASSIST/Save   Continue Supporting Doc Page' is clicked on

2018-11-27 16:10:09 - [MESSAGE][PASSED] - Object: 'Object Repository/Final Object Repo/Page_Update Add New Employee - ASSIST/Save   Continue Supporting Doc Page' is clicked on

2018-11-27 16:10:09 - [TEST_STEP][PASSED] - delay: Delayed 4 second(s)

2018-11-27 16:10:13 - [MESSAGE][PASSED] - Delayed 4 second(s)

2018-11-27 16:10:13 - [TEST_STEP][PASSED] - click: Object: 'Object Repository/Final Object Repo/Page_Update Add New Employee - ASSIST/Submit Button' is clicked on

2018-11-27 16:10:13 - [MESSAGE][PASSED] - Object: 'Object Repository/Final Object Repo/Page_Update Add New Employee - ASSIST/Submit Button' is clicked on

2018-11-27 16:10:13 - [TEST_STEP][PASSED] - delay: Delayed 4 second(s)

2018-11-27 16:10:17 - [MESSAGE][PASSED] - Delayed 4 second(s)

2018-11-27 16:10:17 - [TEST_STEP][PASSED] - click: Object: 'Object Repository/Final Object Repo/Page_Update Add New Employee - ASSIST/Confirm Submit Button' is clicked on

2018-11-27 16:10:17 - [MESSAGE][PASSED] - Object: 'Object Repository/Final Object Repo/Page_Update Add New Employee - ASSIST/Confirm Submit Button' is clicked on

2018-11-27 16:10:17 - [TEST_STEP][PASSED] - delay: Delayed 30 second(s)

2018-11-27 16:10:47 - [MESSAGE][PASSED] - Delayed 30 second(s)

2018-11-27 16:10:47 - [TEST_STEP][PASSED] - callTestCase: Call Test Case 'Test Cases/Final Aug 2018 - PKS Automation/Common/Screenshoting tool' successfully

2018-11-27 16:10:47 - [TEST_CASE][PASSED] - Test Cases/Final Aug 2018 - PKS Automation/Common/Screenshoting tool: Test Cases/Final Aug 2018 - PKS Automation/Common/Screenshoting tool

2018-11-27 16:10:47 - [TEST_STEP][PASSED] - delay: Delayed 15 second(s)

2018-11-27 16:11:02 - [MESSAGE][PASSED] - Delayed 15 second(s)

2018-11-27 16:11:02 - [TEST_STEP][PASSED] - Statement - driver = com.kms.katalon.core.webui.driver.DriverFactory.getWebDriver(): null

2018-11-27 16:11:02 - [TEST_STEP][PASSED] - Statement - driver.manage().timeouts().implicitlyWait(10, SECONDS): null

2018-11-27 16:11:02 - [TEST_STEP][PASSED] - Statement - PresavePath = KatalonScreenshots: null

2018-11-27 16:11:02 - [TEST_STEP][PASSED] - Statement - pathPrefix = "C:\Users\Public\Pictures\Sample Pictures\Katalon Screenshots\Automate Ending Screen": null

2018-11-27 16:11:02 - [TEST_STEP][PASSED] - Statement - finalPath = <not implemented yet for class: org.codehaus.groovy.ast.expr.EmptyExpression>: null

2018-11-27 16:11:02 - [TEST_STEP][PASSED] - Statement - scrFile = driver.getScreenshotAs(FILE): null

2018-11-27 16:11:03 - [TEST_STEP][PASSED] - Statement - PreSaveFile = new java.io.File(PresavePath): null

2018-11-27 16:11:03 - [TEST_STEP][PASSED] - Statement - counter = 0: null

2018-11-27 16:11:03 - [TEST_STEP][PASSED] - Statement - If (PreSaveFile.exists()): null

2018-11-27 16:11:03 - [TEST_STEP][PASSED] - Statement - While (PreSaveFile.exists()): null

2018-11-27 16:11:03 - [TEST_STEP][PASSED] - Statement - counter = counter + 1: null

2018-11-27 16:11:03 - [TEST_STEP][PASSED] - Statement - PreSaveFile = new java.io.File(((pathPrefix + java.lang.Integer.toString(counter)) + .png)): null

2018-11-27 16:11:03 - [TEST_STEP][PASSED] - Statement - counter = counter + 1: null

2018-11-27 16:11:03 - [TEST_STEP][PASSED] - Statement - PreSaveFile = new java.io.File(((pathPrefix + java.lang.Integer.toString(counter)) + .png)): null

2018-11-27 16:11:03 - [TEST_STEP][PASSED] - Statement - counter = counter + 1: null

2018-11-27 16:11:03 - [TEST_STEP][PASSED] - Statement - PreSaveFile = new java.io.File(((pathPrefix + java.lang.Integer.toString(counter)) + .png)): null

2018-11-27 16:11:03 - [TEST_STEP][PASSED] - Statement - counter = counter + 1: null

2018-11-27 16:11:03 - [TEST_STEP][PASSED] - Statement - PreSaveFile = new java.io.File(((pathPrefix + java.lang.Integer.toString(counter)) + .png)): null

2018-11-27 16:11:03 - [TEST_STEP][PASSED] - Statement - counter = counter + 1: null

2018-11-27 16:11:03 - [TEST_STEP][PASSED] - Statement - PreSaveFile = new java.io.File(((pathPrefix + java.lang.Integer.toString(counter)) + .png)): null

2018-11-27 16:11:03 - [TEST_STEP][PASSED] - Statement - counter = counter + 1: null

2018-11-27 16:11:03 - [TEST_STEP][PASSED] - Statement - PreSaveFile = new java.io.File(((pathPrefix + java.lang.Integer.toString(counter)) + .png)): null

2018-11-27 16:11:03 - [TEST_STEP][PASSED] - Statement - counter = counter + 1: null

2018-11-27 16:11:03 - [TEST_STEP][PASSED] - Statement - PreSaveFile = new java.io.File(((pathPrefix + java.lang.Integer.toString(counter)) + .png)): null

2018-11-27 16:11:03 - [TEST_STEP][PASSED] - Statement - counter = counter + 1: null

2018-11-27 16:11:03 - [TEST_STEP][PASSED] - Statement - PreSaveFile = new java.io.File(((pathPrefix + java.lang.Integer.toString(counter)) + .png)): null

2018-11-27 16:11:03 - [TEST_STEP][PASSED] - Statement - counter = counter + 1: null

2018-11-27 16:11:03 - [TEST_STEP][PASSED] - Statement - PreSaveFile = new java.io.File(((pathPrefix + java.lang.Integer.toString(counter)) + .png)): null

2018-11-27 16:11:03 - [TEST_STEP][PASSED] - Statement - counter = counter + 1: null

2018-11-27 16:11:03 - [TEST_STEP][PASSED] - Statement - PreSaveFile = new java.io.File(((pathPrefix + java.lang.Integer.toString(counter)) + .png)): null

2018-11-27 16:11:03 - [TEST_STEP][PASSED] - Statement - counter = counter + 1: null

2018-11-27 16:11:03 - [TEST_STEP][PASSED] - Statement - PreSaveFile = new java.io.File(((pathPrefix + java.lang.Integer.toString(counter)) + .png)): null

2018-11-27 16:11:03 - [TEST_STEP][PASSED] - Statement - counter = counter + 1: null

2018-11-27 16:11:03 - [TEST_STEP][PASSED] - Statement - PreSaveFile = new java.io.File(((pathPrefix + java.lang.Integer.toString(counter)) + .png)): null

2018-11-27 16:11:03 - [TEST_STEP][PASSED] - Statement - counter = counter + 1: null

2018-11-27 16:11:03 - [TEST_STEP][PASSED] - Statement - PreSaveFile = new java.io.File(((pathPrefix + java.lang.Integer.toString(counter)) + .png)): null

2018-11-27 16:11:03 - [TEST_STEP][PASSED] - Statement - counter = counter + 1: null

2018-11-27 16:11:03 - [TEST_STEP][PASSED] - Statement - PreSaveFile = new java.io.File(((pathPrefix + java.lang.Integer.toString(counter)) + .png)): null

2018-11-27 16:11:03 - [TEST_STEP][PASSED] - Statement - counter = counter + 1: null

2018-11-27 16:11:03 - [TEST_STEP][PASSED] - Statement - PreSaveFile = new java.io.File(((pathPrefix + java.lang.Integer.toString(counter)) + .png)): null

2018-11-27 16:11:03 - [TEST_STEP][PASSED] - Statement - counter = counter + 1: null

2018-11-27 16:11:03 - [TEST_STEP][PASSED] - Statement - PreSaveFile = new java.io.File(((pathPrefix + java.lang.Integer.toString(counter)) + .png)): null

2018-11-27 16:11:03 - [TEST_STEP][PASSED] - Statement - counter = counter + 1: null

2018-11-27 16:11:03 - [TEST_STEP][PASSED] - Statement - PreSaveFile = new java.io.File(((pathPrefix + java.lang.Integer.toString(counter)) + .png)): null

2018-11-27 16:11:03 - [TEST_STEP][PASSED] - Statement - counter = counter + 1: null

2018-11-27 16:11:03 - [TEST_STEP][PASSED] - Statement - PreSaveFile = new java.io.File(((pathPrefix + java.lang.Integer.toString(counter)) + .png)): null

2018-11-27 16:11:03 - [TEST_STEP][PASSED] - Statement - counter = counter + 1: null

2018-11-27 16:11:03 - [TEST_STEP][PASSED] - Statement - PreSaveFile = new java.io.File(((pathPrefix + java.lang.Integer.toString(counter)) + .png)): null

2018-11-27 16:11:03 - [TEST_STEP][PASSED] - Statement - counter = counter + 1: null

2018-11-27 16:11:03 - [TEST_STEP][PASSED] - Statement - PreSaveFile = new java.io.File(((pathPrefix + java.lang.Integer.toString(counter)) + .png)): null

2018-11-27 16:11:03 - [TEST_STEP][PASSED] - Statement - counter = counter + 1: null

2018-11-27 16:11:03 - [TEST_STEP][PASSED] - Statement - PreSaveFile = new java.io.File(((pathPrefix + java.lang.Integer.toString(counter)) + .png)): null

2018-11-27 16:11:03 - [TEST_STEP][PASSED] - Statement - counter = counter + 1: null

2018-11-27 16:11:03 - [TEST_STEP][PASSED] - Statement - PreSaveFile = new java.io.File(((pathPrefix + java.lang.Integer.toString(counter)) + .png)): null

2018-11-27 16:11:03 - [TEST_STEP][PASSED] - Statement - counter = counter + 1: null

2018-11-27 16:11:03 - [TEST_STEP][PASSED] - Statement - PreSaveFile = new java.io.File(((pathPrefix + java.lang.Integer.toString(counter)) + .png)): null

2018-11-27 16:11:03 - [TEST_STEP][PASSED] - Statement - counter = counter + 1: null

2018-11-27 16:11:03 - [TEST_STEP][PASSED] - Statement - PreSaveFile = new java.io.File(((pathPrefix + java.lang.Integer.toString(counter)) + .png)): null

2018-11-27 16:11:03 - [TEST_STEP][PASSED] - Statement - counter = counter + 1: null

2018-11-27 16:11:03 - [TEST_STEP][PASSED] - Statement - PreSaveFile = new java.io.File(((pathPrefix + java.lang.Integer.toString(counter)) + .png)): null

2018-11-27 16:11:03 - [TEST_STEP][PASSED] - Statement - counter = counter + 1: null

2018-11-27 16:11:03 - [TEST_STEP][PASSED] - Statement - PreSaveFile = new java.io.File(((pathPrefix + java.lang.Integer.toString(counter)) + .png)): null

2018-11-27 16:11:03 - [TEST_STEP][PASSED] - Statement - counter = counter + 1: null

2018-11-27 16:11:03 - [TEST_STEP][PASSED] - Statement - PreSaveFile = new java.io.File(((pathPrefix + java.lang.Integer.toString(counter)) + .png)): null

2018-11-27 16:11:03 - [TEST_STEP][PASSED] - Statement - counter = counter + 1: null

2018-11-27 16:11:03 - [TEST_STEP][PASSED] - Statement - PreSaveFile = new java.io.File(((pathPrefix + java.lang.Integer.toString(counter)) + .png)): null

2018-11-27 16:11:03 - [TEST_STEP][PASSED] - Statement - counter = counter + 1: null

2018-11-27 16:11:03 - [TEST_STEP][PASSED] - Statement - PreSaveFile = new java.io.File(((pathPrefix + java.lang.Integer.toString(counter)) + .png)): null

2018-11-27 16:11:03 - [TEST_STEP][PASSED] - Statement - counter = counter + 1: null

2018-11-27 16:11:03 - [TEST_STEP][PASSED] - Statement - PreSaveFile = new java.io.File(((pathPrefix + java.lang.Integer.toString(counter)) + .png)): null

2018-11-27 16:11:03 - [TEST_STEP][PASSED] - Statement - counter = counter + 1: null

2018-11-27 16:11:03 - [TEST_STEP][PASSED] - Statement - PreSaveFile = new java.io.File(((pathPrefix + java.lang.Integer.toString(counter)) + .png)): null

2018-11-27 16:11:03 - [TEST_STEP][PASSED] - Statement - counter = counter + 1: null

2018-11-27 16:11:03 - [TEST_STEP][PASSED] - Statement - PreSaveFile = new java.io.File(((pathPrefix + java.lang.Integer.toString(counter)) + .png)): null

2018-11-27 16:11:03 - [TEST_STEP][PASSED] - Statement - counter = counter + 1: null

2018-11-27 16:11:03 - [TEST_STEP][PASSED] - Statement - PreSaveFile = new java.io.File(((pathPrefix + java.lang.Integer.toString(counter)) + .png)): null

2018-11-27 16:11:03 - [TEST_STEP][PASSED] - Statement - counter = counter + 1: null

2018-11-27 16:11:03 - [TEST_STEP][PASSED] - Statement - PreSaveFile = new java.io.File(((pathPrefix + java.lang.Integer.toString(counter)) + .png)): null

2018-11-27 16:11:03 - [TEST_STEP][PASSED] - Statement - counter = counter + 1: null

2018-11-27 16:11:03 - [TEST_STEP][PASSED] - Statement - PreSaveFile = new java.io.File(((pathPrefix + java.lang.Integer.toString(counter)) + .png)): null

2018-11-27 16:11:03 - [TEST_STEP][PASSED] - Statement - counter = counter + 1: null

2018-11-27 16:11:03 - [TEST_STEP][PASSED] - Statement - PreSaveFile = new java.io.File(((pathPrefix + java.lang.Integer.toString(counter)) + .png)): null

2018-11-27 16:11:03 - [TEST_STEP][PASSED] - Statement - counter = counter + 1: null

2018-11-27 16:11:03 - [TEST_STEP][PASSED] - Statement - PreSaveFile = new java.io.File(((pathPrefix + java.lang.Integer.toString(counter)) + .png)): null

2018-11-27 16:11:03 - [TEST_STEP][PASSED] - Statement - counter = counter + 1: null

2018-11-27 16:11:03 - [TEST_STEP][PASSED] - Statement - PreSaveFile = new java.io.File(((pathPrefix + java.lang.Integer.toString(counter)) + .png)): null

2018-11-27 16:11:03 - [TEST_STEP][PASSED] - Statement - counter = counter + 1: null

2018-11-27 16:11:03 - [TEST_STEP][PASSED] - Statement - PreSaveFile = new java.io.File(((pathPrefix + java.lang.Integer.toString(counter)) + .png)): null

2018-11-27 16:11:03 - [TEST_STEP][PASSED] - Statement - counter = counter + 1: null

2018-11-27 16:11:03 - [TEST_STEP][PASSED] - Statement - PreSaveFile = new java.io.File(((pathPrefix + java.lang.Integer.toString(counter)) + .png)): null

2018-11-27 16:11:03 - [TEST_STEP][PASSED] - Statement - counter = counter + 1: null

2018-11-27 16:11:03 - [TEST_STEP][PASSED] - Statement - PreSaveFile = new java.io.File(((pathPrefix + java.lang.Integer.toString(counter)) + .png)): null

2018-11-27 16:11:03 - [TEST_STEP][PASSED] - Statement - counter = counter + 1: null

2018-11-27 16:11:03 - [TEST_STEP][PASSED] - Statement - PreSaveFile = new java.io.File(((pathPrefix + java.lang.Integer.toString(counter)) + .png)): null

2018-11-27 16:11:03 - [TEST_STEP][PASSED] - Statement - counter = counter + 1: null

2018-11-27 16:11:03 - [TEST_STEP][PASSED] - Statement - PreSaveFile = new java.io.File(((pathPrefix + java.lang.Integer.toString(counter)) + .png)): null

2018-11-27 16:11:03 - [TEST_STEP][PASSED] - Statement - counter = counter + 1: null

2018-11-27 16:11:03 - [TEST_STEP][PASSED] - Statement - PreSaveFile = new java.io.File(((pathPrefix + java.lang.Integer.toString(counter)) + .png)): null

2018-11-27 16:11:03 - [TEST_STEP][PASSED] - Statement - counter = counter + 1: null

2018-11-27 16:11:03 - [TEST_STEP][PASSED] - Statement - PreSaveFile = new java.io.File(((pathPrefix + java.lang.Integer.toString(counter)) + .png)): null

2018-11-27 16:11:03 - [TEST_STEP][PASSED] - Statement - counter = counter + 1: null

2018-11-27 16:11:03 - [TEST_STEP][PASSED] - Statement - PreSaveFile = new java.io.File(((pathPrefix + java.lang.Integer.toString(counter)) + .png)): null

2018-11-27 16:11:03 - [TEST_STEP][PASSED] - Statement - counter = counter + 1: null

2018-11-27 16:11:03 - [TEST_STEP][PASSED] - Statement - PreSaveFile = new java.io.File(((pathPrefix + java.lang.Integer.toString(counter)) + .png)): null

2018-11-27 16:11:03 - [TEST_STEP][PASSED] - Statement - counter = counter + 1: null

2018-11-27 16:11:03 - [TEST_STEP][PASSED] - Statement - PreSaveFile = new java.io.File(((pathPrefix + java.lang.Integer.toString(counter)) + .png)): null

2018-11-27 16:11:03 - [TEST_STEP][PASSED] - Statement - counter = counter + 1: null

2018-11-27 16:11:03 - [TEST_STEP][PASSED] - Statement - PreSaveFile = new java.io.File(((pathPrefix + java.lang.Integer.toString(counter)) + .png)): null

2018-11-27 16:11:03 - [TEST_STEP][PASSED] - Statement - counter = counter + 1: null

2018-11-27 16:11:03 - [TEST_STEP][PASSED] - Statement - PreSaveFile = new java.io.File(((pathPrefix + java.lang.Integer.toString(counter)) + .png)): null

2018-11-27 16:11:03 - [TEST_STEP][PASSED] - Statement - counter = counter + 1: null

2018-11-27 16:11:03 - [TEST_STEP][PASSED] - Statement - PreSaveFile = new java.io.File(((pathPrefix + java.lang.Integer.toString(counter)) + .png)): null

2018-11-27 16:11:03 - [TEST_STEP][PASSED] - Statement - counter = counter + 1: null

2018-11-27 16:11:03 - [TEST_STEP][PASSED] - Statement - PreSaveFile = new java.io.File(((pathPrefix + java.lang.Integer.toString(counter)) + .png)): null

2018-11-27 16:11:03 - [TEST_STEP][PASSED] - Statement - counter = counter + 1: null

2018-11-27 16:11:03 - [TEST_STEP][PASSED] - Statement - PreSaveFile = new java.io.File(((pathPrefix + java.lang.Integer.toString(counter)) + .png)): null

2018-11-27 16:11:03 - [TEST_STEP][PASSED] - Statement - counter = counter + 1: null

2018-11-27 16:11:03 - [TEST_STEP][PASSED] - Statement - PreSaveFile = new java.io.File(((pathPrefix + java.lang.Integer.toString(counter)) + .png)): null

2018-11-27 16:11:03 - [TEST_STEP][PASSED] - Statement - counter = counter + 1: null

2018-11-27 16:11:03 - [TEST_STEP][PASSED] - Statement - PreSaveFile = new java.io.File(((pathPrefix + java.lang.Integer.toString(counter)) + .png)): null

2018-11-27 16:11:03 - [TEST_STEP][PASSED] - Statement - counter = counter + 1: null

2018-11-27 16:11:03 - [TEST_STEP][PASSED] - Statement - PreSaveFile = new java.io.File(((pathPrefix + java.lang.Integer.toString(counter)) + .png)): null

2018-11-27 16:11:03 - [TEST_STEP][PASSED] - Statement - counter = counter + 1: null

2018-11-27 16:11:03 - [TEST_STEP][PASSED] - Statement - PreSaveFile = new java.io.File(((pathPrefix + java.lang.Integer.toString(counter)) + .png)): null

2018-11-27 16:11:03 - [TEST_STEP][PASSED] - Statement - counter = counter + 1: null

2018-11-27 16:11:03 - [TEST_STEP][PASSED] - Statement - PreSaveFile = new java.io.File(((pathPrefix + java.lang.Integer.toString(counter)) + .png)): null

2018-11-27 16:11:03 - [TEST_STEP][PASSED] - Statement - counter = counter + 1: null

2018-11-27 16:11:03 - [TEST_STEP][PASSED] - Statement - PreSaveFile = new java.io.File(((pathPrefix + java.lang.Integer.toString(counter)) + .png)): null

2018-11-27 16:11:03 - [TEST_STEP][PASSED] - Statement - counter = counter + 1: null

2018-11-27 16:11:03 - [TEST_STEP][PASSED] - Statement - PreSaveFile = new java.io.File(((pathPrefix + java.lang.Integer.toString(counter)) + .png)): null

2018-11-27 16:11:03 - [TEST_STEP][PASSED] - Statement - counter = counter + 1: null

2018-11-27 16:11:03 - [TEST_STEP][PASSED] - Statement - PreSaveFile = new java.io.File(((pathPrefix + java.lang.Integer.toString(counter)) + .png)): null

2018-11-27 16:11:03 - [TEST_STEP][PASSED] - Statement - counter = counter + 1: null

2018-11-27 16:11:03 - [TEST_STEP][PASSED] - Statement - PreSaveFile = new java.io.File(((pathPrefix + java.lang.Integer.toString(counter)) + .png)): null

2018-11-27 16:11:03 - [TEST_STEP][PASSED] - Statement - counter = counter + 1: null

2018-11-27 16:11:03 - [TEST_STEP][PASSED] - Statement - PreSaveFile = new java.io.File(((pathPrefix + java.lang.Integer.toString(counter)) + .png)): null

2018-11-27 16:11:03 - [TEST_STEP][PASSED] - Statement - counter = counter + 1: null

2018-11-27 16:11:03 - [TEST_STEP][PASSED] - Statement - PreSaveFile = new java.io.File(((pathPrefix + java.lang.Integer.toString(counter)) + .png)): null

2018-11-27 16:11:03 - [TEST_STEP][PASSED] - Statement - counter = counter + 1: null

2018-11-27 16:11:03 - [TEST_STEP][PASSED] - Statement - PreSaveFile = new java.io.File(((pathPrefix + java.lang.Integer.toString(counter)) + .png)): null

2018-11-27 16:11:03 - [TEST_STEP][PASSED] - Statement - counter = counter + 1: null

2018-11-27 16:11:03 - [TEST_STEP][PASSED] - Statement - PreSaveFile = new java.io.File(((pathPrefix + java.lang.Integer.toString(counter)) + .png)): null

2018-11-27 16:11:03 - [TEST_STEP][PASSED] - Statement - counter = counter + 1: null

2018-11-27 16:11:03 - [TEST_STEP][PASSED] - Statement - PreSaveFile = new java.io.File(((pathPrefix + java.lang.Integer.toString(counter)) + .png)): null

2018-11-27 16:11:03 - [TEST_STEP][PASSED] - Statement - counter = counter + 1: null

2018-11-27 16:11:03 - [TEST_STEP][PASSED] - Statement - PreSaveFile = new java.io.File(((pathPrefix + java.lang.Integer.toString(counter)) + .png)): null

2018-11-27 16:11:03 - [TEST_STEP][PASSED] - Statement - counter = counter + 1: null

2018-11-27 16:11:03 - [TEST_STEP][PASSED] - Statement - PreSaveFile = new java.io.File(((pathPrefix + java.lang.Integer.toString(counter)) + .png)): null

2018-11-27 16:11:03 - [TEST_STEP][PASSED] - Statement - counter = counter + 1: null

2018-11-27 16:11:03 - [TEST_STEP][PASSED] - Statement - PreSaveFile = new java.io.File(((pathPrefix + java.lang.Integer.toString(counter)) + .png)): null

2018-11-27 16:11:03 - [TEST_STEP][PASSED] - Statement - counter = counter + 1: null

2018-11-27 16:11:03 - [TEST_STEP][PASSED] - Statement - PreSaveFile = new java.io.File(((pathPrefix + java.lang.Integer.toString(counter)) + .png)): null

2018-11-27 16:11:03 - [TEST_STEP][PASSED] - Statement - counter = counter + 1: null

2018-11-27 16:11:03 - [TEST_STEP][PASSED] - Statement - PreSaveFile = new java.io.File(((pathPrefix + java.lang.Integer.toString(counter)) + .png)): null

2018-11-27 16:11:03 - [TEST_STEP][PASSED] - Statement - counter = counter + 1: null

2018-11-27 16:11:03 - [TEST_STEP][PASSED] - Statement - PreSaveFile = new java.io.File(((pathPrefix + java.lang.Integer.toString(counter)) + .png)): null

2018-11-27 16:11:03 - [TEST_STEP][PASSED] - Statement - counter = counter + 1: null

2018-11-27 16:11:03 - [TEST_STEP][PASSED] - Statement - PreSaveFile = new java.io.File(((pathPrefix + java.lang.Integer.toString(counter)) + .png)): null

2018-11-27 16:11:03 - [TEST_STEP][PASSED] - Statement - counter = counter + 1: null

2018-11-27 16:11:03 - [TEST_STEP][PASSED] - Statement - PreSaveFile = new java.io.File(((pathPrefix + java.lang.Integer.toString(counter)) + .png)): null

2018-11-27 16:11:03 - [TEST_STEP][PASSED] - Statement - counter = counter + 1: null

2018-11-27 16:11:03 - [TEST_STEP][PASSED] - Statement - PreSaveFile = new java.io.File(((pathPrefix + java.lang.Integer.toString(counter)) + .png)): null

2018-11-27 16:11:03 - [TEST_STEP][PASSED] - Statement - counter = counter + 1: null

2018-11-27 16:11:03 - [TEST_STEP][PASSED] - Statement - PreSaveFile = new java.io.File(((pathPrefix + java.lang.Integer.toString(counter)) + .png)): null

2018-11-27 16:11:03 - [TEST_STEP][PASSED] - Statement - counter = counter + 1: null

2018-11-27 16:11:03 - [TEST_STEP][PASSED] - Statement - PreSaveFile = new java.io.File(((pathPrefix + java.lang.Integer.toString(counter)) + .png)): null

2018-11-27 16:11:03 - [TEST_STEP][PASSED] - Statement - counter = counter + 1: null

2018-11-27 16:11:03 - [TEST_STEP][PASSED] - Statement - PreSaveFile = new java.io.File(((pathPrefix + java.lang.Integer.toString(counter)) + .png)): null

2018-11-27 16:11:03 - [TEST_STEP][PASSED] - Statement - counter = counter + 1: null

2018-11-27 16:11:03 - [TEST_STEP][PASSED] - Statement - PreSaveFile = new java.io.File(((pathPrefix + java.lang.Integer.toString(counter)) + .png)): null

2018-11-27 16:11:03 - [TEST_STEP][PASSED] - Statement - counter = counter + 1: null

2018-11-27 16:11:03 - [TEST_STEP][PASSED] - Statement - PreSaveFile = new java.io.File(((pathPrefix + java.lang.Integer.toString(counter)) + .png)): null

2018-11-27 16:11:03 - [TEST_STEP][PASSED] - Statement - counter = counter + 1: null

2018-11-27 16:11:03 - [TEST_STEP][PASSED] - Statement - PreSaveFile = new java.io.File(((pathPrefix + java.lang.Integer.toString(counter)) + .png)): null

2018-11-27 16:11:03 - [TEST_STEP][PASSED] - Statement - counter = counter + 1: null

2018-11-27 16:11:03 - [TEST_STEP][PASSED] - Statement - PreSaveFile = new java.io.File(((pathPrefix + java.lang.Integer.toString(counter)) + .png)): null

2018-11-27 16:11:03 - [TEST_STEP][PASSED] - Statement - counter = counter + 1: null

2018-11-27 16:11:03 - [TEST_STEP][PASSED] - Statement - PreSaveFile = new java.io.File(((pathPrefix + java.lang.Integer.toString(counter)) + .png)): null

2018-11-27 16:11:03 - [TEST_STEP][PASSED] - Statement - counter = counter + 1: null

2018-11-27 16:11:03 - [TEST_STEP][PASSED] - Statement - PreSaveFile = new java.io.File(((pathPrefix + java.lang.Integer.toString(counter)) + .png)): null

2018-11-27 16:11:03 - [TEST_STEP][PASSED] - Statement - counter = counter + 1: null

2018-11-27 16:11:03 - [TEST_STEP][PASSED] - Statement - PreSaveFile = new java.io.File(((pathPrefix + java.lang.Integer.toString(counter)) + .png)): null

2018-11-27 16:11:03 - [TEST_STEP][PASSED] - Statement - counter = counter + 1: null

2018-11-27 16:11:03 - [TEST_STEP][PASSED] - Statement - PreSaveFile = new java.io.File(((pathPrefix + java.lang.Integer.toString(counter)) + .png)): null

2018-11-27 16:11:03 - [TEST_STEP][PASSED] - Statement - counter = counter + 1: null

2018-11-27 16:11:03 - [TEST_STEP][PASSED] - Statement - PreSaveFile = new java.io.File(((pathPrefix + java.lang.Integer.toString(counter)) + .png)): null

2018-11-27 16:11:03 - [TEST_STEP][PASSED] - Statement - counter = counter + 1: null

2018-11-27 16:11:03 - [TEST_STEP][PASSED] - Statement - PreSaveFile = new java.io.File(((pathPrefix + java.lang.Integer.toString(counter)) + .png)): null

2018-11-27 16:11:03 - [TEST_STEP][PASSED] - Statement - counter = counter + 1: null

2018-11-27 16:11:03 - [TEST_STEP][PASSED] - Statement - PreSaveFile = new java.io.File(((pathPrefix + java.lang.Integer.toString(counter)) + .png)): null

2018-11-27 16:11:03 - [TEST_STEP][PASSED] - Statement - counter = counter + 1: null

2018-11-27 16:11:03 - [TEST_STEP][PASSED] - Statement - PreSaveFile = new java.io.File(((pathPrefix + java.lang.Integer.toString(counter)) + .png)): null

2018-11-27 16:11:03 - [TEST_STEP][PASSED] - Statement - counter = counter + 1: null

2018-11-27 16:11:03 - [TEST_STEP][PASSED] - Statement - PreSaveFile = new java.io.File(((pathPrefix + java.lang.Integer.toString(counter)) + .png)): null

2018-11-27 16:11:03 - [TEST_STEP][PASSED] - Statement - counter = counter + 1: null

2018-11-27 16:11:03 - [TEST_STEP][PASSED] - Statement - PreSaveFile = new java.io.File(((pathPrefix + java.lang.Integer.toString(counter)) + .png)): null

2018-11-27 16:11:03 - [TEST_STEP][PASSED] - Statement - counter = counter + 1: null

2018-11-27 16:11:03 - [TEST_STEP][PASSED] - Statement - PreSaveFile = new java.io.File(((pathPrefix + java.lang.Integer.toString(counter)) + .png)): null

2018-11-27 16:11:03 - [TEST_STEP][PASSED] - Statement - counter = counter + 1: null

2018-11-27 16:11:03 - [TEST_STEP][PASSED] - Statement - PreSaveFile = new java.io.File(((pathPrefix + java.lang.Integer.toString(counter)) + .png)): null

2018-11-27 16:11:03 - [TEST_STEP][PASSED] - Statement - counter = counter + 1: null

2018-11-27 16:11:03 - [TEST_STEP][PASSED] - Statement - PreSaveFile = new java.io.File(((pathPrefix + java.lang.Integer.toString(counter)) + .png)): null

2018-11-27 16:11:03 - [TEST_STEP][PASSED] - Statement - counter = counter + 1: null

2018-11-27 16:11:03 - [TEST_STEP][PASSED] - Statement - PreSaveFile = new java.io.File(((pathPrefix + java.lang.Integer.toString(counter)) + .png)): null

2018-11-27 16:11:03 - [TEST_STEP][PASSED] - Statement - counter = counter + 1: null

2018-11-27 16:11:03 - [TEST_STEP][PASSED] - Statement - PreSaveFile = new java.io.File(((pathPrefix + java.lang.Integer.toString(counter)) + .png)): null

2018-11-27 16:11:03 - [TEST_STEP][PASSED] - Statement - counter = counter + 1: null

2018-11-27 16:11:03 - [TEST_STEP][PASSED] - Statement - PreSaveFile = new java.io.File(((pathPrefix + java.lang.Integer.toString(counter)) + .png)): null

2018-11-27 16:11:03 - [TEST_STEP][PASSED] - Statement - counter = counter + 1: null

2018-11-27 16:11:03 - [TEST_STEP][PASSED] - Statement - PreSaveFile = new java.io.File(((pathPrefix + java.lang.Integer.toString(counter)) + .png)): null

2018-11-27 16:11:03 - [TEST_STEP][PASSED] - Statement - counter = counter + 1: null

2018-11-27 16:11:03 - [TEST_STEP][PASSED] - Statement - PreSaveFile = new java.io.File(((pathPrefix + java.lang.Integer.toString(counter)) + .png)): null

2018-11-27 16:11:03 - [TEST_STEP][PASSED] - Statement - counter = counter + 1: null

2018-11-27 16:11:03 - [TEST_STEP][PASSED] - Statement - PreSaveFile = new java.io.File(((pathPrefix + java.lang.Integer.toString(counter)) + .png)): null

2018-11-27 16:11:03 - [TEST_STEP][PASSED] - Statement - counter = counter + 1: null

2018-11-27 16:11:03 - [TEST_STEP][PASSED] - Statement - PreSaveFile = new java.io.File(((pathPrefix + java.lang.Integer.toString(counter)) + .png)): null

2018-11-27 16:11:03 - [TEST_STEP][PASSED] - Statement - counter = counter + 1: null

2018-11-27 16:11:03 - [TEST_STEP][PASSED] - Statement - PreSaveFile = new java.io.File(((pathPrefix + java.lang.Integer.toString(counter)) + .png)): null

2018-11-27 16:11:03 - [TEST_STEP][PASSED] - Statement - counter = counter + 1: null

2018-11-27 16:11:03 - [TEST_STEP][PASSED] - Statement - PreSaveFile = new java.io.File(((pathPrefix + java.lang.Integer.toString(counter)) + .png)): null

2018-11-27 16:11:03 - [TEST_STEP][PASSED] - Statement - counter = counter + 1: null

2018-11-27 16:11:03 - [TEST_STEP][PASSED] - Statement - PreSaveFile = new java.io.File(((pathPrefix + java.lang.Integer.toString(counter)) + .png)): null

2018-11-27 16:11:03 - [TEST_STEP][PASSED] - Statement - counter = counter + 1: null

2018-11-27 16:11:03 - [TEST_STEP][PASSED] - Statement - PreSaveFile = new java.io.File(((pathPrefix + java.lang.Integer.toString(counter)) + .png)): null

2018-11-27 16:11:03 - [TEST_STEP][PASSED] - Statement - counter = counter + 1: null

2018-11-27 16:11:03 - [TEST_STEP][PASSED] - Statement - PreSaveFile = new java.io.File(((pathPrefix + java.lang.Integer.toString(counter)) + .png)): null

2018-11-27 16:11:03 - [TEST_STEP][PASSED] - Statement - counter = counter + 1: null

2018-11-27 16:11:03 - [TEST_STEP][PASSED] - Statement - PreSaveFile = new java.io.File(((pathPrefix + java.lang.Integer.toString(counter)) + .png)): null

2018-11-27 16:11:03 - [TEST_STEP][PASSED] - Statement - counter = counter + 1: null

2018-11-27 16:11:03 - [TEST_STEP][PASSED] - Statement - PreSaveFile = new java.io.File(((pathPrefix + java.lang.Integer.toString(counter)) + .png)): null

2018-11-27 16:11:03 - [TEST_STEP][PASSED] - Statement - counter = counter + 1: null

2018-11-27 16:11:03 - [TEST_STEP][PASSED] - Statement - PreSaveFile = new java.io.File(((pathPrefix + java.lang.Integer.toString(counter)) + .png)): null

2018-11-27 16:11:03 - [TEST_STEP][PASSED] - Statement - counter = counter + 1: null

2018-11-27 16:11:03 - [TEST_STEP][PASSED] - Statement - PreSaveFile = new java.io.File(((pathPrefix + java.lang.Integer.toString(counter)) + .png)): null

2018-11-27 16:11:03 - [TEST_STEP][PASSED] - Statement - counter = counter + 1: null

2018-11-27 16:11:03 - [TEST_STEP][PASSED] - Statement - PreSaveFile = new java.io.File(((pathPrefix + java.lang.Integer.toString(counter)) + .png)): null

2018-11-27 16:11:03 - [TEST_STEP][PASSED] - Statement - counter = counter + 1: null

2018-11-27 16:11:03 - [TEST_STEP][PASSED] - Statement - PreSaveFile = new java.io.File(((pathPrefix + java.lang.Integer.toString(counter)) + .png)): null

2018-11-27 16:11:03 - [TEST_STEP][PASSED] - Statement - counter = counter + 1: null

2018-11-27 16:11:03 - [TEST_STEP][PASSED] - Statement - PreSaveFile = new java.io.File(((pathPrefix + java.lang.Integer.toString(counter)) + .png)): null

2018-11-27 16:11:03 - [TEST_STEP][PASSED] - Statement - counter = counter + 1: null

2018-11-27 16:11:03 - [TEST_STEP][PASSED] - Statement - PreSaveFile = new java.io.File(((pathPrefix + java.lang.Integer.toString(counter)) + .png)): null

2018-11-27 16:11:03 - [TEST_STEP][PASSED] - Statement - counter = counter + 1: null

2018-11-27 16:11:03 - [TEST_STEP][PASSED] - Statement - PreSaveFile = new java.io.File(((pathPrefix + java.lang.Integer.toString(counter)) + .png)): null

2018-11-27 16:11:03 - [TEST_STEP][PASSED] - Statement - counter = counter + 1: null

2018-11-27 16:11:03 - [TEST_STEP][PASSED] - Statement - PreSaveFile = new java.io.File(((pathPrefix + java.lang.Integer.toString(counter)) + .png)): null

2018-11-27 16:11:03 - [TEST_STEP][PASSED] - Statement - counter = counter + 1: null

2018-11-27 16:11:03 - [TEST_STEP][PASSED] - Statement - PreSaveFile = new java.io.File(((pathPrefix + java.lang.Integer.toString(counter)) + .png)): null

2018-11-27 16:11:03 - [TEST_STEP][PASSED] - Statement - counter = counter + 1: null

2018-11-27 16:11:03 - [TEST_STEP][PASSED] - Statement - PreSaveFile = new java.io.File(((pathPrefix + java.lang.Integer.toString(counter)) + .png)): null

2018-11-27 16:11:03 - [TEST_STEP][PASSED] - Statement - counter = counter + 1: null

2018-11-27 16:11:03 - [TEST_STEP][PASSED] - Statement - PreSaveFile = new java.io.File(((pathPrefix + java.lang.Integer.toString(counter)) + .png)): null

2018-11-27 16:11:03 - [TEST_STEP][PASSED] - Statement - counter = counter + 1: null

2018-11-27 16:11:03 - [TEST_STEP][PASSED] - Statement - PreSaveFile = new java.io.File(((pathPrefix + java.lang.Integer.toString(counter)) + .png)): null

2018-11-27 16:11:03 - [TEST_STEP][PASSED] - Statement - counter = counter + 1: null

2018-11-27 16:11:03 - [TEST_STEP][PASSED] - Statement - PreSaveFile = new java.io.File(((pathPrefix + java.lang.Integer.toString(counter)) + .png)): null

2018-11-27 16:11:03 - [TEST_STEP][PASSED] - Statement - counter = counter + 1: null

2018-11-27 16:11:03 - [TEST_STEP][PASSED] - Statement - PreSaveFile = new java.io.File(((pathPrefix + java.lang.Integer.toString(counter)) + .png)): null

2018-11-27 16:11:03 - [TEST_STEP][PASSED] - Statement - counter = counter + 1: null

2018-11-27 16:11:03 - [TEST_STEP][PASSED] - Statement - PreSaveFile = new java.io.File(((pathPrefix + java.lang.Integer.toString(counter)) + .png)): null

2018-11-27 16:11:03 - [TEST_STEP][PASSED] - Statement - counter = counter + 1: null

2018-11-27 16:11:03 - [TEST_STEP][PASSED] - Statement - PreSaveFile = new java.io.File(((pathPrefix + java.lang.Integer.toString(counter)) + .png)): null

2018-11-27 16:11:03 - [TEST_STEP][PASSED] - Statement - counter = counter + 1: null

2018-11-27 16:11:03 - [TEST_STEP][PASSED] - Statement - PreSaveFile = new java.io.File(((pathPrefix + java.lang.Integer.toString(counter)) + .png)): null

2018-11-27 16:11:03 - [TEST_STEP][PASSED] - Statement - counter = counter + 1: null

2018-11-27 16:11:03 - [TEST_STEP][PASSED] - Statement - PreSaveFile = new java.io.File(((pathPrefix + java.lang.Integer.toString(counter)) + .png)): null

2018-11-27 16:11:03 - [TEST_STEP][PASSED] - Statement - counter = counter + 1: null

2018-11-27 16:11:03 - [TEST_STEP][PASSED] - Statement - PreSaveFile = new java.io.File(((pathPrefix + java.lang.Integer.toString(counter)) + .png)): null

2018-11-27 16:11:03 - [TEST_STEP][PASSED] - Statement - counter = counter + 1: null

2018-11-27 16:11:03 - [TEST_STEP][PASSED] - Statement - PreSaveFile = new java.io.File(((pathPrefix + java.lang.Integer.toString(counter)) + .png)): null

2018-11-27 16:11:03 - [TEST_STEP][PASSED] - Statement - counter = counter + 1: null

2018-11-27 16:11:03 - [TEST_STEP][PASSED] - Statement - PreSaveFile = new java.io.File(((pathPrefix + java.lang.Integer.toString(counter)) + .png)): null

2018-11-27 16:11:03 - [TEST_STEP][PASSED] - Statement - counter = counter + 1: null

2018-11-27 16:11:03 - [TEST_STEP][PASSED] - Statement - PreSaveFile = new java.io.File(((pathPrefix + java.lang.Integer.toString(counter)) + .png)): null

2018-11-27 16:11:03 - [TEST_STEP][PASSED] - Statement - counter = counter + 1: null

2018-11-27 16:11:03 - [TEST_STEP][PASSED] - Statement - PreSaveFile = new java.io.File(((pathPrefix + java.lang.Integer.toString(counter)) + .png)): null

2018-11-27 16:11:03 - [TEST_STEP][PASSED] - Statement - counter = counter + 1: null

2018-11-27 16:11:03 - [TEST_STEP][PASSED] - Statement - PreSaveFile = new java.io.File(((pathPrefix + java.lang.Integer.toString(counter)) + .png)): null

2018-11-27 16:11:03 - [TEST_STEP][PASSED] - Statement - counter = counter + 1: null

2018-11-27 16:11:03 - [TEST_STEP][PASSED] - Statement - PreSaveFile = new java.io.File(((pathPrefix + java.lang.Integer.toString(counter)) + .png)): null

2018-11-27 16:11:03 - [TEST_STEP][PASSED] - Statement - counter = counter + 1: null

2018-11-27 16:11:03 - [TEST_STEP][PASSED] - Statement - PreSaveFile = new java.io.File(((pathPrefix + java.lang.Integer.toString(counter)) + .png)): null

2018-11-27 16:11:03 - [TEST_STEP][PASSED] - Statement - counter = counter + 1: null

2018-11-27 16:11:03 - [TEST_STEP][PASSED] - Statement - PreSaveFile = new java.io.File(((pathPrefix + java.lang.Integer.toString(counter)) + .png)): null

2018-11-27 16:11:03 - [TEST_STEP][PASSED] - Statement - counter = counter + 1: null

2018-11-27 16:11:03 - [TEST_STEP][PASSED] - Statement - PreSaveFile = new java.io.File(((pathPrefix + java.lang.Integer.toString(counter)) + .png)): null

2018-11-27 16:11:03 - [TEST_STEP][PASSED] - Statement - counter = counter + 1: null

2018-11-27 16:11:03 - [TEST_STEP][PASSED] - Statement - PreSaveFile = new java.io.File(((pathPrefix + java.lang.Integer.toString(counter)) + .png)): null

2018-11-27 16:11:03 - [TEST_STEP][PASSED] - Statement - counter = counter + 1: null

2018-11-27 16:11:03 - [TEST_STEP][PASSED] - Statement - PreSaveFile = new java.io.File(((pathPrefix + java.lang.Integer.toString(counter)) + .png)): null

2018-11-27 16:11:03 - [TEST_STEP][PASSED] - Statement - counter = counter + 1: null

2018-11-27 16:11:03 - [TEST_STEP][PASSED] - Statement - PreSaveFile = new java.io.File(((pathPrefix + java.lang.Integer.toString(counter)) + .png)): null

2018-11-27 16:11:03 - [TEST_STEP][PASSED] - Statement - counter = counter + 1: null

2018-11-27 16:11:03 - [TEST_STEP][PASSED] - Statement - PreSaveFile = new java.io.File(((pathPrefix + java.lang.Integer.toString(counter)) + .png)): null

2018-11-27 16:11:03 - [TEST_STEP][PASSED] - Statement - counter = counter + 1: null

2018-11-27 16:11:03 - [TEST_STEP][PASSED] - Statement - PreSaveFile = new java.io.File(((pathPrefix + java.lang.Integer.toString(counter)) + .png)): null

2018-11-27 16:11:03 - [TEST_STEP][PASSED] - Statement - counter = counter + 1: null

2018-11-27 16:11:03 - [TEST_STEP][PASSED] - Statement - PreSaveFile = new java.io.File(((pathPrefix + java.lang.Integer.toString(counter)) + .png)): null

2018-11-27 16:11:03 - [TEST_STEP][PASSED] - Statement - counter = counter + 1: null

2018-11-27 16:11:03 - [TEST_STEP][PASSED] - Statement - PreSaveFile = new java.io.File(((pathPrefix + java.lang.Integer.toString(counter)) + .png)): null

2018-11-27 16:11:03 - [TEST_STEP][PASSED] - Statement - counter = counter + 1: null

2018-11-27 16:11:03 - [TEST_STEP][PASSED] - Statement - PreSaveFile = new java.io.File(((pathPrefix + java.lang.Integer.toString(counter)) + .png)): null

2018-11-27 16:11:03 - [TEST_STEP][PASSED] - Statement - counter = counter + 1: null

2018-11-27 16:11:03 - [TEST_STEP][PASSED] - Statement - PreSaveFile = new java.io.File(((pathPrefix + java.lang.Integer.toString(counter)) + .png)): null

2018-11-27 16:11:03 - [TEST_STEP][PASSED] - Statement - counter = counter + 1: null

2018-11-27 16:11:03 - [TEST_STEP][PASSED] - Statement - PreSaveFile = new java.io.File(((pathPrefix + java.lang.Integer.toString(counter)) + .png)): null

2018-11-27 16:11:03 - [TEST_STEP][PASSED] - Statement - counter = counter + 1: null

2018-11-27 16:11:03 - [TEST_STEP][PASSED] - Statement - PreSaveFile = new java.io.File(((pathPrefix + java.lang.Integer.toString(counter)) + .png)): null

2018-11-27 16:11:03 - [TEST_STEP][PASSED] - Statement - counter = counter + 1: null

2018-11-27 16:11:03 - [TEST_STEP][PASSED] - Statement - PreSaveFile = new java.io.File(((pathPrefix + java.lang.Integer.toString(counter)) + .png)): null

2018-11-27 16:11:03 - [TEST_STEP][PASSED] - Statement - counter = counter + 1: null

2018-11-27 16:11:03 - [TEST_STEP][PASSED] - Statement - PreSaveFile = new java.io.File(((pathPrefix + java.lang.Integer.toString(counter)) + .png)): null

2018-11-27 16:11:03 - [TEST_STEP][PASSED] - Statement - counter = counter + 1: null

2018-11-27 16:11:03 - [TEST_STEP][PASSED] - Statement - PreSaveFile = new java.io.File(((pathPrefix + java.lang.Integer.toString(counter)) + .png)): null

2018-11-27 16:11:03 - [TEST_STEP][PASSED] - Statement - counter = counter + 1: null

2018-11-27 16:11:03 - [TEST_STEP][PASSED] - Statement - PreSaveFile = new java.io.File(((pathPrefix + java.lang.Integer.toString(counter)) + .png)): null

2018-11-27 16:11:03 - [TEST_STEP][PASSED] - Statement - counter = counter + 1: null

2018-11-27 16:11:03 - [TEST_STEP][PASSED] - Statement - PreSaveFile = new java.io.File(((pathPrefix + java.lang.Integer.toString(counter)) + .png)): null

2018-11-27 16:11:03 - [TEST_STEP][PASSED] - Statement - counter = counter + 1: null

2018-11-27 16:11:03 - [TEST_STEP][PASSED] - Statement - PreSaveFile = new java.io.File(((pathPrefix + java.lang.Integer.toString(counter)) + .png)): null

2018-11-27 16:11:03 - [TEST_STEP][PASSED] - Statement - counter = counter + 1: null

2018-11-27 16:11:03 - [TEST_STEP][PASSED] - Statement - PreSaveFile = new java.io.File(((pathPrefix + java.lang.Integer.toString(counter)) + .png)): null

2018-11-27 16:11:03 - [TEST_STEP][PASSED] - Statement - counter = counter + 1: null

2018-11-27 16:11:03 - [TEST_STEP][PASSED] - Statement - PreSaveFile = new java.io.File(((pathPrefix + java.lang.Integer.toString(counter)) + .png)): null

2018-11-27 16:11:03 - [TEST_STEP][PASSED] - Statement - counter = counter + 1: null

2018-11-27 16:11:03 - [TEST_STEP][PASSED] - Statement - PreSaveFile = new java.io.File(((pathPrefix + java.lang.Integer.toString(counter)) + .png)): null

2018-11-27 16:11:03 - [TEST_STEP][PASSED] - Statement - counter = counter + 1: null

2018-11-27 16:11:03 - [TEST_STEP][PASSED] - Statement - PreSaveFile = new java.io.File(((pathPrefix + java.lang.Integer.toString(counter)) + .png)): null

2018-11-27 16:11:03 - [TEST_STEP][PASSED] - Statement - counter = counter + 1: null

2018-11-27 16:11:03 - [TEST_STEP][PASSED] - Statement - PreSaveFile = new java.io.File(((pathPrefix + java.lang.Integer.toString(counter)) + .png)): null

2018-11-27 16:11:03 - [TEST_STEP][PASSED] - Statement - counter = counter + 1: null

2018-11-27 16:11:03 - [TEST_STEP][PASSED] - Statement - PreSaveFile = new java.io.File(((pathPrefix + java.lang.Integer.toString(counter)) + .png)): null

2018-11-27 16:11:03 - [TEST_STEP][PASSED] - Statement - counter = counter + 1: null

2018-11-27 16:11:03 - [TEST_STEP][PASSED] - Statement - PreSaveFile = new java.io.File(((pathPrefix + java.lang.Integer.toString(counter)) + .png)): null

2018-11-27 16:11:03 - [TEST_STEP][PASSED] - Statement - counter = counter + 1: null

2018-11-27 16:11:03 - [TEST_STEP][PASSED] - Statement - PreSaveFile = new java.io.File(((pathPrefix + java.lang.Integer.toString(counter)) + .png)): null

2018-11-27 16:11:03 - [TEST_STEP][PASSED] - Statement - counter = counter + 1: null

2018-11-27 16:11:03 - [TEST_STEP][PASSED] - Statement - PreSaveFile = new java.io.File(((pathPrefix + java.lang.Integer.toString(counter)) + .png)): null

2018-11-27 16:11:03 - [TEST_STEP][PASSED] - Statement - counter = counter + 1: null

2018-11-27 16:11:03 - [TEST_STEP][PASSED] - Statement - PreSaveFile = new java.io.File(((pathPrefix + java.lang.Integer.toString(counter)) + .png)): null

2018-11-27 16:11:03 - [TEST_STEP][PASSED] - Statement - counter = counter + 1: null

2018-11-27 16:11:03 - [TEST_STEP][PASSED] - Statement - PreSaveFile = new java.io.File(((pathPrefix + java.lang.Integer.toString(counter)) + .png)): null

2018-11-27 16:11:03 - [TEST_STEP][PASSED] - Statement - counter = counter + 1: null

2018-11-27 16:11:03 - [TEST_STEP][PASSED] - Statement - PreSaveFile = new java.io.File(((pathPrefix + java.lang.Integer.toString(counter)) + .png)): null

2018-11-27 16:11:03 - [TEST_STEP][PASSED] - Statement - counter = counter + 1: null

2018-11-27 16:11:03 - [TEST_STEP][PASSED] - Statement - PreSaveFile = new java.io.File(((pathPrefix + java.lang.Integer.toString(counter)) + .png)): null

2018-11-27 16:11:03 - [TEST_STEP][PASSED] - Statement - counter = counter + 1: null

2018-11-27 16:11:03 - [TEST_STEP][PASSED] - Statement - PreSaveFile = new java.io.File(((pathPrefix + java.lang.Integer.toString(counter)) + .png)): null

2018-11-27 16:11:03 - [TEST_STEP][PASSED] - Statement - counter = counter + 1: null

2018-11-27 16:11:03 - [TEST_STEP][PASSED] - Statement - PreSaveFile = new java.io.File(((pathPrefix + java.lang.Integer.toString(counter)) + .png)): null

2018-11-27 16:11:03 - [TEST_STEP][PASSED] - Statement - counter = counter + 1: null

2018-11-27 16:11:03 - [TEST_STEP][PASSED] - Statement - PreSaveFile = new java.io.File(((pathPrefix + java.lang.Integer.toString(counter)) + .png)): null

2018-11-27 16:11:03 - [TEST_STEP][PASSED] - Statement - counter = counter + 1: null

2018-11-27 16:11:03 - [TEST_STEP][PASSED] - Statement - PreSaveFile = new java.io.File(((pathPrefix + java.lang.Integer.toString(counter)) + .png)): null

2018-11-27 16:11:03 - [TEST_STEP][PASSED] - Statement - counter = counter + 1: null

2018-11-27 16:11:03 - [TEST_STEP][PASSED] - Statement - PreSaveFile = new java.io.File(((pathPrefix + java.lang.Integer.toString(counter)) + .png)): null

2018-11-27 16:11:03 - [TEST_STEP][PASSED] - Statement - counter = counter + 1: null

2018-11-27 16:11:03 - [TEST_STEP][PASSED] - Statement - PreSaveFile = new java.io.File(((pathPrefix + java.lang.Integer.toString(counter)) + .png)): null

2018-11-27 16:11:03 - [TEST_STEP][PASSED] - Statement - counter = counter + 1: null

2018-11-27 16:11:03 - [TEST_STEP][PASSED] - Statement - PreSaveFile = new java.io.File(((pathPrefix + java.lang.Integer.toString(counter)) + .png)): null

2018-11-27 16:11:03 - [TEST_STEP][PASSED] - Statement - counter = counter + 1: null

2018-11-27 16:11:03 - [TEST_STEP][PASSED] - Statement - PreSaveFile = new java.io.File(((pathPrefix + java.lang.Integer.toString(counter)) + .png)): null

2018-11-27 16:11:03 - [TEST_STEP][PASSED] - Statement - counter = counter + 1: null

2018-11-27 16:11:03 - [TEST_STEP][PASSED] - Statement - PreSaveFile = new java.io.File(((pathPrefix + java.lang.Integer.toString(counter)) + .png)): null

2018-11-27 16:11:03 - [TEST_STEP][PASSED] - Statement - counter = counter + 1: null

2018-11-27 16:11:03 - [TEST_STEP][PASSED] - Statement - PreSaveFile = new java.io.File(((pathPrefix + java.lang.Integer.toString(counter)) + .png)): null

2018-11-27 16:11:03 - [TEST_STEP][PASSED] - Statement - counter = counter + 1: null

2018-11-27 16:11:03 - [TEST_STEP][PASSED] - Statement - PreSaveFile = new java.io.File(((pathPrefix + java.lang.Integer.toString(counter)) + .png)): null

2018-11-27 16:11:03 - [TEST_STEP][PASSED] - Statement - counter = counter + 1: null

2018-11-27 16:11:03 - [TEST_STEP][PASSED] - Statement - PreSaveFile = new java.io.File(((pathPrefix + java.lang.Integer.toString(counter)) + .png)): null

2018-11-27 16:11:03 - [TEST_STEP][PASSED] - Statement - counter = counter + 1: null

2018-11-27 16:11:04 - [TEST_STEP][PASSED] - Statement - PreSaveFile = new java.io.File(((pathPrefix + java.lang.Integer.toString(counter)) + .png)): null

2018-11-27 16:11:04 - [TEST_STEP][PASSED] - Statement - counter = counter + 1: null

2018-11-27 16:11:04 - [TEST_STEP][PASSED] - Statement - PreSaveFile = new java.io.File(((pathPrefix + java.lang.Integer.toString(counter)) + .png)): null

2018-11-27 16:11:04 - [TEST_STEP][PASSED] - Statement - counter = counter + 1: null

2018-11-27 16:11:04 - [TEST_STEP][PASSED] - Statement - PreSaveFile = new java.io.File(((pathPrefix + java.lang.Integer.toString(counter)) + .png)): null

2018-11-27 16:11:04 - [TEST_STEP][PASSED] - Statement - counter = counter + 1: null

2018-11-27 16:11:04 - [TEST_STEP][PASSED] - Statement - PreSaveFile = new java.io.File(((pathPrefix + java.lang.Integer.toString(counter)) + .png)): null

2018-11-27 16:11:04 - [TEST_STEP][PASSED] - Statement - counter = counter + 1: null

2018-11-27 16:11:04 - [TEST_STEP][PASSED] - Statement - PreSaveFile = new java.io.File(((pathPrefix + java.lang.Integer.toString(counter)) + .png)): null

2018-11-27 16:11:04 - [TEST_STEP][PASSED] - Statement - counter = counter + 1: null

2018-11-27 16:11:04 - [TEST_STEP][PASSED] - Statement - PreSaveFile = new java.io.File(((pathPrefix + java.lang.Integer.toString(counter)) + .png)): null

2018-11-27 16:11:04 - [TEST_STEP][PASSED] - Statement - counter = counter + 1: null

2018-11-27 16:11:04 - [TEST_STEP][PASSED] - Statement - PreSaveFile = new java.io.File(((pathPrefix + java.lang.Integer.toString(counter)) + .png)): null

2018-11-27 16:11:04 - [TEST_STEP][PASSED] - Statement - counter = counter + 1: null

2018-11-27 16:11:04 - [TEST_STEP][PASSED] - Statement - PreSaveFile = new java.io.File(((pathPrefix + java.lang.Integer.toString(counter)) + .png)): null

2018-11-27 16:11:04 - [TEST_STEP][PASSED] - Statement - counter = counter + 1: null

2018-11-27 16:11:04 - [TEST_STEP][PASSED] - Statement - PreSaveFile = new java.io.File(((pathPrefix + java.lang.Integer.toString(counter)) + .png)): null

2018-11-27 16:11:04 - [TEST_STEP][PASSED] - Statement - counter = counter + 1: null

2018-11-27 16:11:04 - [TEST_STEP][PASSED] - Statement - PreSaveFile = new java.io.File(((pathPrefix + java.lang.Integer.toString(counter)) + .png)): null

2018-11-27 16:11:04 - [TEST_STEP][PASSED] - Statement - counter = counter + 1: null

2018-11-27 16:11:04 - [TEST_STEP][PASSED] - Statement - PreSaveFile = new java.io.File(((pathPrefix + java.lang.Integer.toString(counter)) + .png)): null

2018-11-27 16:11:04 - [TEST_STEP][PASSED] - Statement - counter = counter + 1: null

2018-11-27 16:11:04 - [TEST_STEP][PASSED] - Statement - PreSaveFile = new java.io.File(((pathPrefix + java.lang.Integer.toString(counter)) + .png)): null

2018-11-27 16:11:04 - [TEST_STEP][PASSED] - Statement - counter = counter + 1: null

2018-11-27 16:11:04 - [TEST_STEP][PASSED] - Statement - PreSaveFile = new java.io.File(((pathPrefix + java.lang.Integer.toString(counter)) + .png)): null

2018-11-27 16:11:04 - [TEST_STEP][PASSED] - Statement - counter = counter + 1: null

2018-11-27 16:11:04 - [TEST_STEP][PASSED] - Statement - PreSaveFile = new java.io.File(((pathPrefix + java.lang.Integer.toString(counter)) + .png)): null

2018-11-27 16:11:04 - [TEST_STEP][PASSED] - Statement - counter = counter + 1: null

2018-11-27 16:11:04 - [TEST_STEP][PASSED] - Statement - PreSaveFile = new java.io.File(((pathPrefix + java.lang.Integer.toString(counter)) + .png)): null

2018-11-27 16:11:04 - [TEST_STEP][PASSED] - Statement - counter = counter + 1: null

2018-11-27 16:11:04 - [TEST_STEP][PASSED] - Statement - PreSaveFile = new java.io.File(((pathPrefix + java.lang.Integer.toString(counter)) + .png)): null

2018-11-27 16:11:04 - [TEST_STEP][PASSED] - Statement - counter = counter + 1: null

2018-11-27 16:11:04 - [TEST_STEP][PASSED] - Statement - PreSaveFile = new java.io.File(((pathPrefix + java.lang.Integer.toString(counter)) + .png)): null

2018-11-27 16:11:04 - [TEST_STEP][PASSED] - Statement - counter = counter + 1: null

2018-11-27 16:11:04 - [TEST_STEP][PASSED] - Statement - PreSaveFile = new java.io.File(((pathPrefix + java.lang.Integer.toString(counter)) + .png)): null

2018-11-27 16:11:04 - [TEST_STEP][PASSED] - Statement - counter = counter + 1: null

2018-11-27 16:11:04 - [TEST_STEP][PASSED] - Statement - PreSaveFile = new java.io.File(((pathPrefix + java.lang.Integer.toString(counter)) + .png)): null

2018-11-27 16:11:04 - [TEST_STEP][PASSED] - Statement - counter = counter + 1: null

2018-11-27 16:11:04 - [TEST_STEP][PASSED] - Statement - PreSaveFile = new java.io.File(((pathPrefix + java.lang.Integer.toString(counter)) + .png)): null

2018-11-27 16:11:04 - [TEST_STEP][PASSED] - Statement - counter = counter + 1: null

2018-11-27 16:11:04 - [TEST_STEP][PASSED] - Statement - PreSaveFile = new java.io.File(((pathPrefix + java.lang.Integer.toString(counter)) + .png)): null

2018-11-27 16:11:04 - [TEST_STEP][PASSED] - Statement - counter = counter + 1: null

2018-11-27 16:11:04 - [TEST_STEP][PASSED] - Statement - PreSaveFile = new java.io.File(((pathPrefix + java.lang.Integer.toString(counter)) + .png)): null

2018-11-27 16:11:04 - [TEST_STEP][PASSED] - Statement - counter = counter + 1: null

2018-11-27 16:11:04 - [TEST_STEP][PASSED] - Statement - PreSaveFile = new java.io.File(((pathPrefix + java.lang.Integer.toString(counter)) + .png)): null

2018-11-27 16:11:04 - [TEST_STEP][PASSED] - Statement - counter = counter + 1: null

2018-11-27 16:11:04 - [TEST_STEP][PASSED] - Statement - PreSaveFile = new java.io.File(((pathPrefix + java.lang.Integer.toString(counter)) + .png)): null

2018-11-27 16:11:04 - [TEST_STEP][PASSED] - Statement - counter = counter + 1: null

2018-11-27 16:11:04 - [TEST_STEP][PASSED] - Statement - PreSaveFile = new java.io.File(((pathPrefix + java.lang.Integer.toString(counter)) + .png)): null

2018-11-27 16:11:04 - [TEST_STEP][PASSED] - Statement - counter = counter + 1: null

2018-11-27 16:11:04 - [TEST_STEP][PASSED] - Statement - PreSaveFile = new java.io.File(((pathPrefix + java.lang.Integer.toString(counter)) + .png)): null

2018-11-27 16:11:04 - [TEST_STEP][PASSED] - Statement - counter = counter + 1: null

2018-11-27 16:11:04 - [TEST_STEP][PASSED] - Statement - PreSaveFile = new java.io.File(((pathPrefix + java.lang.Integer.toString(counter)) + .png)): null

2018-11-27 16:11:04 - [TEST_STEP][PASSED] - Statement - counter = counter + 1: null

2018-11-27 16:11:04 - [TEST_STEP][PASSED] - Statement - PreSaveFile = new java.io.File(((pathPrefix + java.lang.Integer.toString(counter)) + .png)): null

2018-11-27 16:11:04 - [TEST_STEP][PASSED] - Statement - counter = counter + 1: null

2018-11-27 16:11:04 - [TEST_STEP][PASSED] - Statement - PreSaveFile = new java.io.File(((pathPrefix + java.lang.Integer.toString(counter)) + .png)): null

2018-11-27 16:11:04 - [TEST_STEP][PASSED] - Statement - counter = counter + 1: null

2018-11-27 16:11:04 - [TEST_STEP][PASSED] - Statement - PreSaveFile = new java.io.File(((pathPrefix + java.lang.Integer.toString(counter)) + .png)): null

2018-11-27 16:11:04 - [TEST_STEP][PASSED] - Statement - counter = counter + 1: null

2018-11-27 16:11:04 - [TEST_STEP][PASSED] - Statement - PreSaveFile = new java.io.File(((pathPrefix + java.lang.Integer.toString(counter)) + .png)): null

2018-11-27 16:11:04 - [TEST_STEP][PASSED] - Statement - counter = counter + 1: null

2018-11-27 16:11:04 - [TEST_STEP][PASSED] - Statement - PreSaveFile = new java.io.File(((pathPrefix + java.lang.Integer.toString(counter)) + .png)): null

2018-11-27 16:11:04 - [TEST_STEP][PASSED] - Statement - counter = counter + 1: null

2018-11-27 16:11:04 - [TEST_STEP][PASSED] - Statement - PreSaveFile = new java.io.File(((pathPrefix + java.lang.Integer.toString(counter)) + .png)): null

2018-11-27 16:11:04 - [TEST_STEP][PASSED] - Statement - counter = counter + 1: null

2018-11-27 16:11:04 - [TEST_STEP][PASSED] - Statement - PreSaveFile = new java.io.File(((pathPrefix + java.lang.Integer.toString(counter)) + .png)): null

2018-11-27 16:11:04 - [TEST_STEP][PASSED] - Statement - counter = counter + 1: null

2018-11-27 16:11:04 - [TEST_STEP][PASSED] - Statement - PreSaveFile = new java.io.File(((pathPrefix + java.lang.Integer.toString(counter)) + .png)): null

2018-11-27 16:11:04 - [TEST_STEP][PASSED] - Statement - counter = counter + 1: null

2018-11-27 16:11:04 - [TEST_STEP][PASSED] - Statement - PreSaveFile = new java.io.File(((pathPrefix + java.lang.Integer.toString(counter)) + .png)): null

2018-11-27 16:11:04 - [TEST_STEP][PASSED] - Statement - counter = counter + 1: null

2018-11-27 16:11:04 - [TEST_STEP][PASSED] - Statement - PreSaveFile = new java.io.File(((pathPrefix + java.lang.Integer.toString(counter)) + .png)): null

2018-11-27 16:11:04 - [TEST_STEP][PASSED] - Statement - counter = counter + 1: null

2018-11-27 16:11:04 - [TEST_STEP][PASSED] - Statement - PreSaveFile = new java.io.File(((pathPrefix + java.lang.Integer.toString(counter)) + .png)): null

2018-11-27 16:11:04 - [TEST_STEP][PASSED] - Statement - counter = counter + 1: null

2018-11-27 16:11:04 - [TEST_STEP][PASSED] - Statement - PreSaveFile = new java.io.File(((pathPrefix + java.lang.Integer.toString(counter)) + .png)): null

2018-11-27 16:11:04 - [TEST_STEP][PASSED] - Statement - counter = counter + 1: null

2018-11-27 16:11:04 - [TEST_STEP][PASSED] - Statement - PreSaveFile = new java.io.File(((pathPrefix + java.lang.Integer.toString(counter)) + .png)): null

2018-11-27 16:11:04 - [TEST_STEP][PASSED] - Statement - counter = counter + 1: null

2018-11-27 16:11:04 - [TEST_STEP][PASSED] - Statement - PreSaveFile = new java.io.File(((pathPrefix + java.lang.Integer.toString(counter)) + .png)): null

2018-11-27 16:11:04 - [TEST_STEP][PASSED] - Statement - counter = counter + 1: null

2018-11-27 16:11:04 - [TEST_STEP][PASSED] - Statement - PreSaveFile = new java.io.File(((pathPrefix + java.lang.Integer.toString(counter)) + .png)): null

2018-11-27 16:11:04 - [TEST_STEP][PASSED] - Statement - counter = counter + 1: null

2018-11-27 16:11:04 - [TEST_STEP][PASSED] - Statement - PreSaveFile = new java.io.File(((pathPrefix + java.lang.Integer.toString(counter)) + .png)): null

2018-11-27 16:11:04 - [TEST_STEP][PASSED] - Statement - counter = counter + 1: null

2018-11-27 16:11:04 - [TEST_STEP][PASSED] - Statement - PreSaveFile = new java.io.File(((pathPrefix + java.lang.Integer.toString(counter)) + .png)): null

2018-11-27 16:11:04 - [TEST_STEP][PASSED] - Statement - counter = counter + 1: null

2018-11-27 16:11:04 - [TEST_STEP][PASSED] - Statement - PreSaveFile = new java.io.File(((pathPrefix + java.lang.Integer.toString(counter)) + .png)): null

2018-11-27 16:11:04 - [TEST_STEP][PASSED] - Statement - counter = counter + 1: null

2018-11-27 16:11:04 - [TEST_STEP][PASSED] - Statement - PreSaveFile = new java.io.File(((pathPrefix + java.lang.Integer.toString(counter)) + .png)): null

2018-11-27 16:11:04 - [TEST_STEP][PASSED] - Statement - counter = counter + 1: null

2018-11-27 16:11:04 - [TEST_STEP][PASSED] - Statement - PreSaveFile = new java.io.File(((pathPrefix + java.lang.Integer.toString(counter)) + .png)): null

2018-11-27 16:11:04 - [TEST_STEP][PASSED] - Statement - counter = counter + 1: null

2018-11-27 16:11:04 - [TEST_STEP][PASSED] - Statement - PreSaveFile = new java.io.File(((pathPrefix + java.lang.Integer.toString(counter)) + .png)): null

2018-11-27 16:11:04 - [TEST_STEP][PASSED] - Statement - counter = counter + 1: null

2018-11-27 16:11:04 - [TEST_STEP][PASSED] - Statement - PreSaveFile = new java.io.File(((pathPrefix + java.lang.Integer.toString(counter)) + .png)): null

2018-11-27 16:11:04 - [TEST_STEP][PASSED] - Statement - counter = counter + 1: null

2018-11-27 16:11:04 - [TEST_STEP][PASSED] - Statement - PreSaveFile = new java.io.File(((pathPrefix + java.lang.Integer.toString(counter)) + .png)): null

2018-11-27 16:11:04 - [TEST_STEP][PASSED] - Statement - counter = counter + 1: null

2018-11-27 16:11:04 - [TEST_STEP][PASSED] - Statement - PreSaveFile = new java.io.File(((pathPrefix + java.lang.Integer.toString(counter)) + .png)): null

2018-11-27 16:11:04 - [TEST_STEP][PASSED] - Statement - counter = counter + 1: null

2018-11-27 16:11:04 - [TEST_STEP][PASSED] - Statement - PreSaveFile = new java.io.File(((pathPrefix + java.lang.Integer.toString(counter)) + .png)): null

2018-11-27 16:11:04 - [TEST_STEP][PASSED] - Statement - counter = counter + 1: null

2018-11-27 16:11:04 - [TEST_STEP][PASSED] - Statement - PreSaveFile = new java.io.File(((pathPrefix + java.lang.Integer.toString(counter)) + .png)): null

2018-11-27 16:11:04 - [TEST_STEP][PASSED] - Statement - counter = counter + 1: null

2018-11-27 16:11:04 - [TEST_STEP][PASSED] - Statement - PreSaveFile = new java.io.File(((pathPrefix + java.lang.Integer.toString(counter)) + .png)): null

2018-11-27 16:11:04 - [TEST_STEP][PASSED] - Statement - counter = counter + 1: null

2018-11-27 16:11:04 - [TEST_STEP][PASSED] - Statement - PreSaveFile = new java.io.File(((pathPrefix + java.lang.Integer.toString(counter)) + .png)): null

2018-11-27 16:11:04 - [TEST_STEP][PASSED] - Statement - counter = counter + 1: null

2018-11-27 16:11:04 - [TEST_STEP][PASSED] - Statement - PreSaveFile = new java.io.File(((pathPrefix + java.lang.Integer.toString(counter)) + .png)): null

2018-11-27 16:11:04 - [TEST_STEP][PASSED] - Statement - finalPath = pathPrefix + java.lang.Integer.toString(counter) + ".png": null

2018-11-27 16:11:04 - [TEST_STEP][PASSED] - Statement - SaveFile = new java.io.File(finalPath): null

2018-11-27 16:11:04 - [TEST_STEP][PASSED] - Statement - Try: null

2018-11-27 16:11:04 - [TEST_STEP][PASSED] - Statement - org.apache.commons.io.FileUtils.copyFile(scrFile, SaveFile): null

2018-11-27 16:11:04 - [TEST_STEP][PASSED] - Statement - out.println("file kept"): null

2018-11-27 16:11:04 - [TEST_STEP][PASSED] - delay: Delayed 10 second(s)

2018-11-27 16:11:14 - [MESSAGE][PASSED] - Delayed 10 second(s)

2018-11-27 16:11:14 - [MESSAGE][PASSED] - Call Test Case 'Test Cases/Final Aug 2018 - PKS Automation/Common/Screenshoting tool' successfully

2018-11-27 16:11:14 - [TEST_STEP][PASSED] - callTestCase: Call Test Case 'Test Cases/Final Aug 2018 - PKS Automation/Registration Module/Log Out/log out avoiding katalon tagging' successfully

2018-11-27 16:11:14 - [TEST_CASE][PASSED] - Test Cases/Final Aug 2018 - PKS Automation/Registration Module/Log Out/log out avoiding katalon tagging: Test Cases/Final Aug 2018 - PKS Automation/Registration Module/Log Out/log out avoiding katalon tagging

2018-11-27 16:11:14 - [TEST_STEP][PASSED] - navigateToUrl: Navigate to 'https://assist2-uat.perkeso.gov.my/c/portal/logout' successfully

2018-11-27 16:11:15 - [MESSAGE][PASSED] - Navigate to 'https://assist2-uat.perkeso.gov.my/c/portal/logout' successfully

2018-11-27 16:11:15 - [MESSAGE][PASSED] - Call Test Case 'Test Cases/Final Aug 2018 - PKS Automation/Registration Module/Log Out/log out avoiding katalon tagging' successfully

2018-11-27 16:11:15 - [TEST_STEP][FAILED] - callTestCase: Unable to call Test Case with id 'Test Cases/Final Aug 2018 - PKS Automation/Common/Workflow Owner Finder' (Root cause: Call Test Case 'Test Cases/Final Aug 2018 - PKS Automation/Common/Workflow Owner Finder' failed)

2018-11-27 16:11:15 - [TEST_CASE][FAILED] - Test Cases/Final Aug 2018 - PKS Automation/Common/Workflow Owner Finder: Test Cases/Final Aug 2018 - PKS Automation/Common/Workflow Owner Finder FAILED because (of) (Stack trace: com.kms.katalon.core.exception.StepFailedException: Unable to click on object 'Object Repository/Final Object Repo/Landing Page/Select to English' (Root cause: com.kms.katalon.core.webui.exception.WebElementNotFoundException: Web element with id: 'Object Repository/Final Object Repo/Landing Page/Select to English' located by 'By.xpath: //a[@class = 'taglib-language-list-text' and @lang = 'en-US' and (contains(text(), 'EN') or contains(., 'EN'))]' not found)
	at com.kms.katalon.core.keyword.internal.KeywordMain.stepFailed(KeywordMain.groovy:32)
	at com.kms.katalon.core.webui.keyword.internal.WebUIKeywordMain.stepFailed(WebUIKeywordMain.groovy:65)
	at com.kms.katalon.core.webui.keyword.internal.WebUIKeywordMain.runKeyword(WebUIKeywordMain.groovy:27)
	at com.kms.katalon.core.webui.keyword.builtin.ClickKeyword.click(ClickKeyword.groovy:86)
	at com.kms.katalon.core.webui.keyword.builtin.ClickKeyword.execute(ClickKeyword.groovy:67)
	at com.kms.katalon.core.keyword.internal.KeywordExecutor.executeKeywordForPlatform(KeywordExecutor.groovy:53)
	at com.kms.katalon.core.webui.keyword.WebUiBuiltInKeywords.click(WebUiBuiltInKeywords.groovy:604)
	at com.kms.katalon.core.webui.keyword.WebUiBuiltInKeywords$click$6.call(Unknown Source)
	at Script1534407542420.run(Script1534407542420.groovy:57)
	at com.kms.katalon.core.main.ScriptEngine.run(ScriptEngine.java:183)
	at com.kms.katalon.core.main.ScriptEngine.runScriptAsRawText(ScriptEngine.java:108)
	at com.kms.katalon.core.main.TestCaseExecutor.runScript(TestCaseExecutor.java:294)
	at com.kms.katalon.core.main.TestCaseExecutor.doExecute(TestCaseExecutor.java:285)
	at com.kms.katalon.core.main.TestCaseExecutor.processExecutionPhase(TestCaseExecutor.java:264)
	at com.kms.katalon.core.main.TestCaseExecutor.accessMainPhase(TestCaseExecutor.java:256)
	at com.kms.katalon.core.main.TestCaseExecutor.execute(TestCaseExecutor.java:200)
	at com.kms.katalon.core.main.TestCaseMain.runTestCase(TestCaseMain.java:99)
	at com.kms.katalon.core.keyword.builtin.CallTestCaseKeyword$_callTestCase_closure1.doCall(CallTestCaseKeyword.groovy:60)
	at com.kms.katalon.core.keyword.builtin.CallTestCaseKeyword$_callTestCase_closure1.call(CallTestCaseKeyword.groovy)
	at com.kms.katalon.core.keyword.internal.KeywordMain.runKeyword(KeywordMain.groovy:54)
	at com.kms.katalon.core.keyword.builtin.CallTestCaseKeyword.callTestCase(CallTestCaseKeyword.groovy:81)
	at com.kms.katalon.core.keyword.builtin.CallTestCaseKeyword.execute(CallTestCaseKeyword.groovy:45)
	at com.kms.katalon.core.keyword.internal.KeywordExecutor.executeKeywordForPlatform(KeywordExecutor.groovy:53)
	at com.kms.katalon.core.keyword.BuiltinKeywords.callTestCase(BuiltinKeywords.groovy:334)
	at sun.reflect.GeneratedMethodAccessor13.invoke(Unknown Source)
	at sun.reflect.DelegatingMethodAccessorImpl.invoke(DelegatingMethodAccessorImpl.java:43)
	at java.lang.reflect.Method.invoke(Method.java:498)
	at org.codehaus.groovy.reflection.CachedMethod.invoke(CachedMethod.java:93)
	at groovy.lang.MetaMethod.doMethodInvoke(MetaMethod.java:325)
	at groovy.lang.MetaClassImpl.invokeStaticMethod(MetaClassImpl.java:1469)
	at org.codehaus.groovy.runtime.callsite.StaticMetaClassSite.call(StaticMetaClassSite.java:53)
	at org.codehaus.groovy.runtime.callsite.CallSiteArray.defaultCall(CallSiteArray.java:48)
	at org.codehaus.groovy.runtime.callsite.AbstractCallSite.call(AbstractCallSite.java:113)
	at org.codehaus.groovy.runtime.callsite.AbstractCallSite.call(AbstractCallSite.java:141)
	at Script1537333843549.run(Script1537333843549.groovy:112)
	at com.kms.katalon.core.main.ScriptEngine.run(ScriptEngine.java:183)
	at com.kms.katalon.core.main.ScriptEngine.runScriptAsRawText(ScriptEngine.java:108)
	at com.kms.katalon.core.main.TestCaseExecutor.runScript(TestCaseExecutor.java:294)
	at com.kms.katalon.core.main.TestCaseExecutor.doExecute(TestCaseExecutor.java:285)
	at com.kms.katalon.core.main.TestCaseExecutor.processExecutionPhase(TestCaseExecutor.java:264)
	at com.kms.katalon.core.main.TestCaseExecutor.accessMainPhase(TestCaseExecutor.java:256)
	at com.kms.katalon.core.main.TestCaseExecutor.execute(TestCaseExecutor.java:200)
	at com.kms.katalon.core.main.TestSuiteExecutor.accessTestCaseMainPhase(TestSuiteExecutor.java:129)
	at com.kms.katalon.core.main.TestSuiteExecutor.accessTestSuiteMainPhase(TestSuiteExecutor.java:112)
	at com.kms.katalon.core.main.TestSuiteExecutor.execute(TestSuiteExecutor.java:81)
	at com.kms.katalon.core.main.TestCaseMain.startTestSuite(TestCaseMain.java:142)
	at com.kms.katalon.core.main.TestCaseMain$startTestSuite$0.call(Unknown Source)
	at org.codehaus.groovy.runtime.callsite.CallSiteArray.defaultCall(CallSiteArray.java:48)
	at org.codehaus.groovy.runtime.callsite.AbstractCallSite.call(AbstractCallSite.java:113)
	at org.codehaus.groovy.runtime.callsite.AbstractCallSite.call(AbstractCallSite.java:141)
	at TempTestSuite1543287057153.run(TempTestSuite1543287057153.groovy:36)
	at groovy.lang.GroovyShell.runScriptOrMainOrTestOrRunnable(GroovyShell.java:263)
	at groovy.lang.GroovyShell.run(GroovyShell.java:518)
	at groovy.lang.GroovyShell.run(GroovyShell.java:507)
	at groovy.ui.GroovyMain.processOnce(GroovyMain.java:653)
	at groovy.ui.GroovyMain.run(GroovyMain.java:384)
	at groovy.ui.GroovyMain.process(GroovyMain.java:370)
	at groovy.ui.GroovyMain.processArgs(GroovyMain.java:129)
	at groovy.ui.GroovyMain.main(GroovyMain.java:109)
	at sun.reflect.NativeMethodAccessorImpl.invoke0(Native Method)
	at sun.reflect.NativeMethodAccessorImpl.invoke(NativeMethodAccessorImpl.java:62)
	at sun.reflect.DelegatingMethodAccessorImpl.invoke(DelegatingMethodAccessorImpl.java:43)
	at java.lang.reflect.Method.invoke(Method.java:498)
	at org.codehaus.groovy.tools.GroovyStarter.rootLoader(GroovyStarter.java:109)
	at org.codehaus.groovy.tools.GroovyStarter.main(GroovyStarter.java:131)
)

2018-11-27 16:11:15 - [TEST_STEP][PASSED] - openBrowser: Browser is opened with url: ''

2018-11-27 16:11:15 - [MESSAGE][WARNING] - A browser is already opened. Closing browser and opening a new one

2018-11-27 16:11:19 - [MESSAGE][PASSED] - Browser is opened with url: ''

2018-11-27 16:11:19 - [TEST_STEP][PASSED] - navigateToUrl: Navigate to 'https://assist2-uat.perkeso.gov.my/login' successfully

2018-11-27 16:11:20 - [MESSAGE][PASSED] - Navigate to 'https://assist2-uat.perkeso.gov.my/login' successfully

2018-11-27 16:11:20 - [TEST_STEP][PASSED] - delay: Delayed 5 second(s)

2018-11-27 16:11:25 - [MESSAGE][PASSED] - Delayed 5 second(s)

2018-11-27 16:11:25 - [TEST_STEP][PASSED] - setText: Text 'test@liferay.com' is set on object 'Object Repository/Final Object Repo/Login Page/Internal User/Email Address'

2018-11-27 16:11:25 - [MESSAGE][PASSED] - Text 'test@liferay.com' is set on object 'Object Repository/Final Object Repo/Login Page/Internal User/Email Address'

2018-11-27 16:11:25 - [TEST_STEP][PASSED] - click: Object: 'Object Repository/Final Object Repo/Login Page/Internal User/Next Button' is clicked on

2018-11-27 16:11:26 - [MESSAGE][PASSED] - Object: 'Object Repository/Final Object Repo/Login Page/Internal User/Next Button' is clicked on

2018-11-27 16:11:26 - [TEST_STEP][PASSED] - delay: Delayed 2 second(s)

2018-11-27 16:11:28 - [MESSAGE][PASSED] - Delayed 2 second(s)

2018-11-27 16:11:28 - [TEST_STEP][PASSED] - setText: Text 'test' is set on object 'Object Repository/Final Object Repo/Login Page/Internal User/Password'

2018-11-27 16:11:28 - [MESSAGE][PASSED] - Text 'test' is set on object 'Object Repository/Final Object Repo/Login Page/Internal User/Password'

2018-11-27 16:11:28 - [TEST_STEP][PASSED] - delay: Delayed 2 second(s)

2018-11-27 16:11:30 - [MESSAGE][PASSED] - Delayed 2 second(s)

2018-11-27 16:11:30 - [TEST_STEP][PASSED] - click: Object: 'Object Repository/Final Object Repo/Login Page/Internal User/Login Button' is clicked on

2018-11-27 16:11:30 - [MESSAGE][PASSED] - Object: 'Object Repository/Final Object Repo/Login Page/Internal User/Login Button' is clicked on

2018-11-27 16:11:30 - [TEST_STEP][FAILED] - Statement - Try: Delayed 2 second(s)

2018-11-27 16:11:30 - [TEST_STEP][PASSED] - Statement - Checker = false: null

2018-11-27 16:11:30 - [TEST_STEP][PASSED] - Statement - Checker = com.kms.katalon.core.webui.keyword.WebUiBuiltInKeywords.verifyElementHasAttribute(com.kms.katalon.core.testobject.ObjectRepository.findTestObject(Final Object Repo/Landing Page/BM Detecting), "href", 20, OPTIONAL): Unable to verify if object 'Object Repository/Final Object Repo/Landing Page/BM Detecting' has attribute 'href' (Root cause: org.openqa.selenium.StaleElementReferenceException: stale element reference: element is not attached to the page document
  (Session info: chrome=70.0.3538.102)
  (Driver info: chromedriver=2.43.600210 (68dcf5eebde37173d4027fa8635e332711d2874a),platform=Windows NT 6.1.7601 SP1 x86_64) (WARNING: The server did not provide any stacktrace information)
Command duration or timeout: 0 milliseconds
For documentation on this error, please visit: http://seleniumhq.org/exceptions/stale_element_reference.html
Build info: version: '3.7.1', revision: '8a0099a', time: '2017-11-06T21:07:36.161Z'
System info: host: 'WIN7TEST02', ip: '10.20.3.72', os.name: 'Windows 7', os.arch: 'amd64', os.version: '6.1', java.version: '1.8.0_181'
Driver info: com.kms.katalon.selenium.driver.CChromeDriver
Capabilities {acceptInsecureCerts: false, acceptSslCerts: false, applicationCacheEnabled: false, browserConnectionEnabled: false, browserName: chrome, chrome: {chromedriverVersion: 2.43.600210 (68dcf5eebde371..., userDataDir: C:\Users\Admin\AppData\Loca...}, cssSelectorsEnabled: true, databaseEnabled: false, goog:chromeOptions: {debuggerAddress: localhost:63965}, handlesAlerts: true, hasTouchScreen: false, javascriptEnabled: true, locationContextEnabled: true, mobileEmulationEnabled: false, nativeEvents: true, networkConnectionEnabled: false, pageLoadStrategy: normal, platform: XP, platformName: XP, rotatable: false, setWindowRect: true, takesHeapSnapshot: true, takesScreenshot: true, unexpectedAlertBehaviour: , unhandledPromptBehavior: , version: 70.0.3538.102, webStorageEnabled: true}
Session ID: c368df23262b69ddbae31d7c66fc6666)

2018-11-27 16:11:33 - [MESSAGE][WARNING] - Unable to verify if object 'Object Repository/Final Object Repo/Landing Page/BM Detecting' has attribute 'href' (Root cause: org.openqa.selenium.StaleElementReferenceException: stale element reference: element is not attached to the page document
  (Session info: chrome=70.0.3538.102)
  (Driver info: chromedriver=2.43.600210 (68dcf5eebde37173d4027fa8635e332711d2874a),platform=Windows NT 6.1.7601 SP1 x86_64) (WARNING: The server did not provide any stacktrace information)
Command duration or timeout: 0 milliseconds
For documentation on this error, please visit: http://seleniumhq.org/exceptions/stale_element_reference.html
Build info: version: '3.7.1', revision: '8a0099a', time: '2017-11-06T21:07:36.161Z'
System info: host: 'WIN7TEST02', ip: '10.20.3.72', os.name: 'Windows 7', os.arch: 'amd64', os.version: '6.1', java.version: '1.8.0_181'
Driver info: com.kms.katalon.selenium.driver.CChromeDriver
Capabilities {acceptInsecureCerts: false, acceptSslCerts: false, applicationCacheEnabled: false, browserConnectionEnabled: false, browserName: chrome, chrome: {chromedriverVersion: 2.43.600210 (68dcf5eebde371..., userDataDir: C:\Users\Admin\AppData\Loca...}, cssSelectorsEnabled: true, databaseEnabled: false, goog:chromeOptions: {debuggerAddress: localhost:63965}, handlesAlerts: true, hasTouchScreen: false, javascriptEnabled: true, locationContextEnabled: true, mobileEmulationEnabled: false, nativeEvents: true, networkConnectionEnabled: false, pageLoadStrategy: normal, platform: XP, platformName: XP, rotatable: false, setWindowRect: true, takesHeapSnapshot: true, takesScreenshot: true, unexpectedAlertBehaviour: , unhandledPromptBehavior: , version: 70.0.3538.102, webStorageEnabled: true}
Session ID: c368df23262b69ddbae31d7c66fc6666)
[[ATTACHMENT|C:\\Users\\Admin\\Desktop\\PKS\\Perkeso Phase A\\Reports\\Workflow\\Update Add New Employee\\20181127_105057\\1543306292683.png]]

2018-11-27 16:11:33 - [TEST_STEP][PASSED] - Statement - out.println(Checker): null

2018-11-27 16:11:33 - [TEST_STEP][FAILED] - Statement - If (Checker == false): Unable to click on object 'Object Repository/Final Object Repo/Landing Page/Select to English' (Root cause: com.kms.katalon.core.webui.exception.WebElementNotFoundException: Web element with id: 'Object Repository/Final Object Repo/Landing Page/Select to English' located by 'By.xpath: //a[@class = 'taglib-language-list-text' and @lang = 'en-US' and (contains(text(), 'EN') or contains(., 'EN'))]' not found)

2018-11-27 16:11:33 - [TEST_STEP][FAILED] - click: Unable to click on object 'Object Repository/Final Object Repo/Landing Page/Select to English' (Root cause: com.kms.katalon.core.webui.exception.WebElementNotFoundException: Web element with id: 'Object Repository/Final Object Repo/Landing Page/Select to English' located by 'By.xpath: //a[@class = 'taglib-language-list-text' and @lang = 'en-US' and (contains(text(), 'EN') or contains(., 'EN'))]' not found)

2018-11-27 16:12:10 - [MESSAGE][FAILED] - Unable to click on object 'Object Repository/Final Object Repo/Landing Page/Select to English' (Root cause: com.kms.katalon.core.webui.exception.WebElementNotFoundException: Web element with id: 'Object Repository/Final Object Repo/Landing Page/Select to English' located by 'By.xpath: //a[@class = 'taglib-language-list-text' and @lang = 'en-US' and (contains(text(), 'EN') or contains(., 'EN'))]' not found)
[[ATTACHMENT|C:\\Users\\Admin\\Desktop\\PKS\\Perkeso Phase A\\Reports\\Workflow\\Update Add New Employee\\20181127_105057\\1543306330178.png]]

2018-11-27 16:12:10 - [TEST_STEP][PASSED] - delay: Delayed 2 second(s)

2018-11-27 16:12:12 - [MESSAGE][PASSED] - Delayed 2 second(s)

2018-11-27 16:12:12 - [TEST_STEP][PASSED] - delay: Delayed 3 second(s)

2018-11-27 16:12:15 - [MESSAGE][PASSED] - Delayed 3 second(s)

2018-11-27 16:12:15 - [TEST_STEP][PASSED] - mouseOver: Object: 'Object Repository/Final Object Repo/Landing Page/WorkFlow Menu' is hovered

2018-11-27 16:12:15 - [MESSAGE][PASSED] - Object: 'Object Repository/Final Object Repo/Landing Page/WorkFlow Menu' is hovered

2018-11-27 16:12:15 - [TEST_STEP][PASSED] - delay: Delayed 2 second(s)

2018-11-27 16:12:17 - [MESSAGE][PASSED] - Delayed 2 second(s)

2018-11-27 16:12:17 - [TEST_STEP][PASSED] - click: Object: 'Object Repository/Final Object Repo/Landing Page/Select to Workflow Listing' is clicked on

2018-11-27 16:12:18 - [MESSAGE][PASSED] - Object: 'Object Repository/Final Object Repo/Landing Page/Select to Workflow Listing' is clicked on

2018-11-27 16:12:18 - [TEST_STEP][PASSED] - delay: Delayed 2 second(s)

2018-11-27 16:12:20 - [MESSAGE][PASSED] - Delayed 2 second(s)

2018-11-27 16:12:20 - [TEST_STEP][PASSED] - click: Object: 'Object Repository/Final Object Repo/WorkFlow Listing Page/Search Information - To Put Ref No' is clicked on

2018-11-27 16:12:21 - [MESSAGE][PASSED] - Object: 'Object Repository/Final Object Repo/WorkFlow Listing Page/Search Information - To Put Ref No' is clicked on

2018-11-27 16:12:21 - [TEST_STEP][PASSED] - delay: Delayed 2 second(s)

2018-11-27 16:12:23 - [MESSAGE][PASSED] - Delayed 2 second(s)

2018-11-27 16:12:23 - [TEST_STEP][PASSED] - callTestCase: Call Test Case 'Test Cases/Final Aug 2018 - PKS Automation/Common/Reference Number Getter' successfully

2018-11-27 16:12:23 - [TEST_CASE][PASSED] - Test Cases/Final Aug 2018 - PKS Automation/Common/Reference Number Getter: Test Cases/Final Aug 2018 - PKS Automation/Common/Reference Number Getter

2018-11-27 16:12:23 - [TEST_STEP][PASSED] - Statement - Try: null

2018-11-27 16:12:23 - [TEST_STEP][PASSED] - Statement - RefNo = new java.io.File(C://Users//Admin//Desktop//PKS//Automation Reference Point//KatalonReference.txt): null

2018-11-27 16:12:23 - [TEST_STEP][PASSED] - Statement - bufferread = new java.io.BufferedReader(new java.io.FileReader(RefNo)): null

2018-11-27 16:12:23 - [TEST_STEP][PASSED] - Statement - readedVal = bufferread.readLine(): null

2018-11-27 16:12:23 - [TEST_STEP][PASSED] - Statement - out.println(CaseReferenceNo): null

2018-11-27 16:12:23 - [TEST_STEP][PASSED] - Statement - out.println(readedVal): null

2018-11-27 16:12:23 - [TEST_STEP][PASSED] - Statement - CaseReferenceNo = "": null

2018-11-27 16:12:23 - [TEST_STEP][PASSED] - Statement - CaseReferenceNo = readedVal: null

2018-11-27 16:12:23 - [MESSAGE][PASSED] - Call Test Case 'Test Cases/Final Aug 2018 - PKS Automation/Common/Reference Number Getter' successfully

2018-11-27 16:12:23 - [TEST_STEP][PASSED] - setText: Text 'CAN11201800002200' is set on object 'Object Repository/Final Object Repo/WorkFlow Listing Page/Ref No Set Text'

2018-11-27 16:12:23 - [MESSAGE][PASSED] - Text 'CAN11201800002200' is set on object 'Object Repository/Final Object Repo/WorkFlow Listing Page/Ref No Set Text'

2018-11-27 16:12:23 - [TEST_STEP][PASSED] - delay: Delayed 2 second(s)

2018-11-27 16:12:25 - [MESSAGE][PASSED] - Delayed 2 second(s)

2018-11-27 16:12:25 - [TEST_STEP][PASSED] - click: Object: 'Object Repository/Final Object Repo/WorkFlow Listing Page/Search Ref No Search Button' is clicked on

2018-11-27 16:12:25 - [MESSAGE][PASSED] - Object: 'Object Repository/Final Object Repo/WorkFlow Listing Page/Search Ref No Search Button' is clicked on

2018-11-27 16:12:25 - [TEST_STEP][PASSED] - delay: Delayed 4 second(s)

2018-11-27 16:12:29 - [MESSAGE][PASSED] - Delayed 4 second(s)

2018-11-27 16:12:29 - [TEST_STEP][PASSED] - click: Object: 'Object Repository/Final Object Repo/WorkFlow Listing Page/Click Continue Tooltip' is clicked on

2018-11-27 16:12:30 - [MESSAGE][PASSED] - Object: 'Object Repository/Final Object Repo/WorkFlow Listing Page/Click Continue Tooltip' is clicked on

2018-11-27 16:12:30 - [TEST_STEP][PASSED] - delay: Delayed 5 second(s)

2018-11-27 16:12:35 - [MESSAGE][PASSED] - Delayed 5 second(s)

2018-11-27 16:12:35 - [TEST_STEP][PASSED] - doubleClick: Object: 'Object Repository/Final Object Repo/WorkFlow Listing Page/Workflow Found - Listing 1' is double clicked on

2018-11-27 16:12:35 - [MESSAGE][PASSED] - Object: 'Object Repository/Final Object Repo/WorkFlow Listing Page/Workflow Found - Listing 1' is double clicked on

2018-11-27 16:12:35 - [TEST_STEP][PASSED] - Statement - println(OwnerID): null

2018-11-27 16:12:35 - [TEST_STEP][PASSED] - Statement - OwnerID = com.kms.katalon.core.webui.keyword.WebUiBuiltInKeywords.getText(com.kms.katalon.core.testobject.ObjectRepository.findTestObject(Final Object Repo/WorkFlow Listing Page/Workflow Found - Listing 1), STOP_ON_FAILURE): Text of object 'Object Repository/Final Object Repo/WorkFlow Listing Page/Workflow Found - Listing 1' is: 'JOHORro1'

2018-11-27 16:12:35 - [MESSAGE][PASSED] - Text of object 'Object Repository/Final Object Repo/WorkFlow Listing Page/Workflow Found - Listing 1' is: 'JOHORro1'

2018-11-27 16:12:35 - [TEST_STEP][PASSED] - Statement - OwnerID = OwnerID.toLowerCase() + "@gmail.com": null

2018-11-27 16:12:35 - [TEST_STEP][PASSED] - Statement - println(OwnerID): null

2018-11-27 16:12:35 - [TEST_STEP][PASSED] - delay: Delayed 2 second(s)

2018-11-27 16:12:37 - [MESSAGE][PASSED] - Delayed 2 second(s)

2018-11-27 16:12:37 - [MESSAGE][FAILED] - Unable to call Test Case with id 'Test Cases/Final Aug 2018 - PKS Automation/Common/Workflow Owner Finder' (Root cause: Call Test Case 'Test Cases/Final Aug 2018 - PKS Automation/Common/Workflow Owner Finder' failed)]]></system-out>
         <system-err><![CDATA[2018-11-27 16:00:42 - [TEST_CASE][FAILED] - Test Cases/Final Aug 2018 - PKS Automation/Registration Module/Workflow/Update Add New Employee/Special Case (Employer - RO Under Enforcement): Test Cases/Final Aug 2018 - PKS Automation/Registration Module/Workflow/Update Add New Employee/Special Case (Employer - RO Under Enforcement) FAILED because (of) (Stack trace: com.kms.katalon.core.exception.StepFailedException: Unable to click on object 'Object Repository/Final Object Repo/Landing Page/Select to English' (Root cause: com.kms.katalon.core.webui.exception.WebElementNotFoundException: Web element with id: 'Object Repository/Final Object Repo/Landing Page/Select to English' located by 'By.xpath: //a[@class = 'taglib-language-list-text' and @lang = 'en-US' and (contains(text(), 'EN') or contains(., 'EN'))]' not found)
	at com.kms.katalon.core.keyword.internal.KeywordMain.stepFailed(KeywordMain.groovy:32)
	at com.kms.katalon.core.webui.keyword.internal.WebUIKeywordMain.stepFailed(WebUIKeywordMain.groovy:65)
	at com.kms.katalon.core.webui.keyword.internal.WebUIKeywordMain.runKeyword(WebUIKeywordMain.groovy:27)
	at com.kms.katalon.core.webui.keyword.builtin.ClickKeyword.click(ClickKeyword.groovy:86)
	at com.kms.katalon.core.webui.keyword.builtin.ClickKeyword.execute(ClickKeyword.groovy:67)
	at com.kms.katalon.core.keyword.internal.KeywordExecutor.executeKeywordForPlatform(KeywordExecutor.groovy:53)
	at com.kms.katalon.core.webui.keyword.WebUiBuiltInKeywords.click(WebUiBuiltInKeywords.groovy:604)
	at com.kms.katalon.core.webui.keyword.WebUiBuiltInKeywords$click$6.call(Unknown Source)
	at Script1534407542420.run(Script1534407542420.groovy:57)
	at com.kms.katalon.core.main.ScriptEngine.run(ScriptEngine.java:183)
	at com.kms.katalon.core.main.ScriptEngine.runScriptAsRawText(ScriptEngine.java:108)
	at com.kms.katalon.core.main.TestCaseExecutor.runScript(TestCaseExecutor.java:294)
	at com.kms.katalon.core.main.TestCaseExecutor.doExecute(TestCaseExecutor.java:285)
	at com.kms.katalon.core.main.TestCaseExecutor.processExecutionPhase(TestCaseExecutor.java:264)
	at com.kms.katalon.core.main.TestCaseExecutor.accessMainPhase(TestCaseExecutor.java:256)
	at com.kms.katalon.core.main.TestCaseExecutor.execute(TestCaseExecutor.java:200)
	at com.kms.katalon.core.main.TestCaseMain.runTestCase(TestCaseMain.java:99)
	at com.kms.katalon.core.keyword.builtin.CallTestCaseKeyword$_callTestCase_closure1.doCall(CallTestCaseKeyword.groovy:60)
	at com.kms.katalon.core.keyword.builtin.CallTestCaseKeyword$_callTestCase_closure1.call(CallTestCaseKeyword.groovy)
	at com.kms.katalon.core.keyword.internal.KeywordMain.runKeyword(KeywordMain.groovy:54)
	at com.kms.katalon.core.keyword.builtin.CallTestCaseKeyword.callTestCase(CallTestCaseKeyword.groovy:81)
	at com.kms.katalon.core.keyword.builtin.CallTestCaseKeyword.execute(CallTestCaseKeyword.groovy:45)
	at com.kms.katalon.core.keyword.internal.KeywordExecutor.executeKeywordForPlatform(KeywordExecutor.groovy:53)
	at com.kms.katalon.core.keyword.BuiltinKeywords.callTestCase(BuiltinKeywords.groovy:334)
	at sun.reflect.GeneratedMethodAccessor13.invoke(Unknown Source)
	at sun.reflect.DelegatingMethodAccessorImpl.invoke(DelegatingMethodAccessorImpl.java:43)
	at java.lang.reflect.Method.invoke(Method.java:498)
	at org.codehaus.groovy.reflection.CachedMethod.invoke(CachedMethod.java:93)
	at groovy.lang.MetaMethod.doMethodInvoke(MetaMethod.java:325)
	at groovy.lang.MetaClassImpl.invokeStaticMethod(MetaClassImpl.java:1469)
	at org.codehaus.groovy.runtime.callsite.StaticMetaClassSite.call(StaticMetaClassSite.java:53)
	at org.codehaus.groovy.runtime.callsite.CallSiteArray.defaultCall(CallSiteArray.java:48)
	at org.codehaus.groovy.runtime.callsite.AbstractCallSite.call(AbstractCallSite.java:113)
	at org.codehaus.groovy.runtime.callsite.AbstractCallSite.call(AbstractCallSite.java:141)
	at Script1537333843549.run(Script1537333843549.groovy:112)
	at com.kms.katalon.core.main.ScriptEngine.run(ScriptEngine.java:183)
	at com.kms.katalon.core.main.ScriptEngine.runScriptAsRawText(ScriptEngine.java:108)
	at com.kms.katalon.core.main.TestCaseExecutor.runScript(TestCaseExecutor.java:294)
	at com.kms.katalon.core.main.TestCaseExecutor.doExecute(TestCaseExecutor.java:285)
	at com.kms.katalon.core.main.TestCaseExecutor.processExecutionPhase(TestCaseExecutor.java:264)
	at com.kms.katalon.core.main.TestCaseExecutor.accessMainPhase(TestCaseExecutor.java:256)
	at com.kms.katalon.core.main.TestCaseExecutor.execute(TestCaseExecutor.java:200)
	at com.kms.katalon.core.main.TestSuiteExecutor.accessTestCaseMainPhase(TestSuiteExecutor.java:129)
	at com.kms.katalon.core.main.TestSuiteExecutor.accessTestSuiteMainPhase(TestSuiteExecutor.java:112)
	at com.kms.katalon.core.main.TestSuiteExecutor.execute(TestSuiteExecutor.java:81)
	at com.kms.katalon.core.main.TestCaseMain.startTestSuite(TestCaseMain.java:142)
	at com.kms.katalon.core.main.TestCaseMain$startTestSuite$0.call(Unknown Source)
	at org.codehaus.groovy.runtime.callsite.CallSiteArray.defaultCall(CallSiteArray.java:48)
	at org.codehaus.groovy.runtime.callsite.AbstractCallSite.call(AbstractCallSite.java:113)
	at org.codehaus.groovy.runtime.callsite.AbstractCallSite.call(AbstractCallSite.java:141)
	at TempTestSuite1543287057153.run(TempTestSuite1543287057153.groovy:36)
	at groovy.lang.GroovyShell.runScriptOrMainOrTestOrRunnable(GroovyShell.java:263)
	at groovy.lang.GroovyShell.run(GroovyShell.java:518)
	at groovy.lang.GroovyShell.run(GroovyShell.java:507)
	at groovy.ui.GroovyMain.processOnce(GroovyMain.java:653)
	at groovy.ui.GroovyMain.run(GroovyMain.java:384)
	at groovy.ui.GroovyMain.process(GroovyMain.java:370)
	at groovy.ui.GroovyMain.processArgs(GroovyMain.java:129)
	at groovy.ui.GroovyMain.main(GroovyMain.java:109)
	at sun.reflect.NativeMethodAccessorImpl.invoke0(Native Method)
	at sun.reflect.NativeMethodAccessorImpl.invoke(NativeMethodAccessorImpl.java:62)
	at sun.reflect.DelegatingMethodAccessorImpl.invoke(DelegatingMethodAccessorImpl.java:43)
	at java.lang.reflect.Method.invoke(Method.java:498)
	at org.codehaus.groovy.tools.GroovyStarter.rootLoader(GroovyStarter.java:109)
	at org.codehaus.groovy.tools.GroovyStarter.main(GroovyStarter.java:131)
)]]></system-err>
      </testcase>
      <testcase name="Test Cases/Final Aug 2018 - PKS Automation/Registration Module/Workflow/Update Add New Employee/Special Case (OTC - PKR BO -  RO Approve)" classname="Test Cases/Final Aug 2018 - PKS Automation/Registration Module/Workflow/Update Add New Employee/Special Case (OTC - PKR BO -  RO Approve)" status="FAILED">
         <failure type="FAILED" message="(Stack trace: com.kms.katalon.core.exception.StepFailedException: Unable to click on object 'Object Repository/Final Object Repo/Landing Page/Select to English' (Root cause: com.kms.katalon.core.webui.exception.WebElementNotFoundException: Web element with id: 'Object Repository/Final Object Repo/Landing Page/Select to English' located by 'By.xpath: //a[@class = 'taglib-language-list-text' and @lang = 'en-US' and (contains(text(), 'EN') or contains(., 'EN'))]' not found)
	at com.kms.katalon.core.keyword.internal.KeywordMain.stepFailed(KeywordMain.groovy:32)
	at com.kms.katalon.core.webui.keyword.internal.WebUIKeywordMain.stepFailed(WebUIKeywordMain.groovy:65)
	at com.kms.katalon.core.webui.keyword.internal.WebUIKeywordMain.runKeyword(WebUIKeywordMain.groovy:27)
	at com.kms.katalon.core.webui.keyword.builtin.ClickKeyword.click(ClickKeyword.groovy:86)
	at com.kms.katalon.core.webui.keyword.builtin.ClickKeyword.execute(ClickKeyword.groovy:67)
	at com.kms.katalon.core.keyword.internal.KeywordExecutor.executeKeywordForPlatform(KeywordExecutor.groovy:53)
	at com.kms.katalon.core.webui.keyword.WebUiBuiltInKeywords.click(WebUiBuiltInKeywords.groovy:604)
	at com.kms.katalon.core.webui.keyword.WebUiBuiltInKeywords$click$6.call(Unknown Source)
	at Script1534407542420.run(Script1534407542420.groovy:57)
	at com.kms.katalon.core.main.ScriptEngine.run(ScriptEngine.java:183)
	at com.kms.katalon.core.main.ScriptEngine.runScriptAsRawText(ScriptEngine.java:108)
	at com.kms.katalon.core.main.TestCaseExecutor.runScript(TestCaseExecutor.java:294)
	at com.kms.katalon.core.main.TestCaseExecutor.doExecute(TestCaseExecutor.java:285)
	at com.kms.katalon.core.main.TestCaseExecutor.processExecutionPhase(TestCaseExecutor.java:264)
	at com.kms.katalon.core.main.TestCaseExecutor.accessMainPhase(TestCaseExecutor.java:256)
	at com.kms.katalon.core.main.TestCaseExecutor.execute(TestCaseExecutor.java:200)
	at com.kms.katalon.core.main.TestCaseMain.runTestCase(TestCaseMain.java:99)
	at com.kms.katalon.core.keyword.builtin.CallTestCaseKeyword$_callTestCase_closure1.doCall(CallTestCaseKeyword.groovy:60)
	at com.kms.katalon.core.keyword.builtin.CallTestCaseKeyword$_callTestCase_closure1.call(CallTestCaseKeyword.groovy)
	at com.kms.katalon.core.keyword.internal.KeywordMain.runKeyword(KeywordMain.groovy:54)
	at com.kms.katalon.core.keyword.builtin.CallTestCaseKeyword.callTestCase(CallTestCaseKeyword.groovy:81)
	at com.kms.katalon.core.keyword.builtin.CallTestCaseKeyword.execute(CallTestCaseKeyword.groovy:45)
	at com.kms.katalon.core.keyword.internal.KeywordExecutor.executeKeywordForPlatform(KeywordExecutor.groovy:53)
	at com.kms.katalon.core.keyword.BuiltinKeywords.callTestCase(BuiltinKeywords.groovy:334)
	at sun.reflect.GeneratedMethodAccessor13.invoke(Unknown Source)
	at sun.reflect.DelegatingMethodAccessorImpl.invoke(DelegatingMethodAccessorImpl.java:43)
	at java.lang.reflect.Method.invoke(Method.java:498)
	at org.codehaus.groovy.reflection.CachedMethod.invoke(CachedMethod.java:93)
	at groovy.lang.MetaMethod.doMethodInvoke(MetaMethod.java:325)
	at groovy.lang.MetaClassImpl.invokeStaticMethod(MetaClassImpl.java:1469)
	at org.codehaus.groovy.runtime.callsite.StaticMetaClassSite.call(StaticMetaClassSite.java:53)
	at org.codehaus.groovy.runtime.callsite.CallSiteArray.defaultCall(CallSiteArray.java:48)
	at org.codehaus.groovy.runtime.callsite.AbstractCallSite.call(AbstractCallSite.java:113)
	at org.codehaus.groovy.runtime.callsite.AbstractCallSite.call(AbstractCallSite.java:141)
	at Script1536290785236.run(Script1536290785236.groovy:125)
	at com.kms.katalon.core.main.ScriptEngine.run(ScriptEngine.java:183)
	at com.kms.katalon.core.main.ScriptEngine.runScriptAsRawText(ScriptEngine.java:108)
	at com.kms.katalon.core.main.TestCaseExecutor.runScript(TestCaseExecutor.java:294)
	at com.kms.katalon.core.main.TestCaseExecutor.doExecute(TestCaseExecutor.java:285)
	at com.kms.katalon.core.main.TestCaseExecutor.processExecutionPhase(TestCaseExecutor.java:264)
	at com.kms.katalon.core.main.TestCaseExecutor.accessMainPhase(TestCaseExecutor.java:256)
	at com.kms.katalon.core.main.TestCaseExecutor.execute(TestCaseExecutor.java:200)
	at com.kms.katalon.core.main.TestSuiteExecutor.accessTestCaseMainPhase(TestSuiteExecutor.java:129)
	at com.kms.katalon.core.main.TestSuiteExecutor.accessTestSuiteMainPhase(TestSuiteExecutor.java:112)
	at com.kms.katalon.core.main.TestSuiteExecutor.execute(TestSuiteExecutor.java:81)
	at com.kms.katalon.core.main.TestCaseMain.startTestSuite(TestCaseMain.java:142)
	at com.kms.katalon.core.main.TestCaseMain$startTestSuite$0.call(Unknown Source)
	at org.codehaus.groovy.runtime.callsite.CallSiteArray.defaultCall(CallSiteArray.java:48)
	at org.codehaus.groovy.runtime.callsite.AbstractCallSite.call(AbstractCallSite.java:113)
	at org.codehaus.groovy.runtime.callsite.AbstractCallSite.call(AbstractCallSite.java:141)
	at TempTestSuite1543287057153.run(TempTestSuite1543287057153.groovy:36)
	at groovy.lang.GroovyShell.runScriptOrMainOrTestOrRunnable(GroovyShell.java:263)
	at groovy.lang.GroovyShell.run(GroovyShell.java:518)
	at groovy.lang.GroovyShell.run(GroovyShell.java:507)
	at groovy.ui.GroovyMain.processOnce(GroovyMain.java:653)
	at groovy.ui.GroovyMain.run(GroovyMain.java:384)
	at groovy.ui.GroovyMain.process(GroovyMain.java:370)
	at groovy.ui.GroovyMain.processArgs(GroovyMain.java:129)
	at groovy.ui.GroovyMain.main(GroovyMain.java:109)
	at sun.reflect.NativeMethodAccessorImpl.invoke0(Native Method)
	at sun.reflect.NativeMethodAccessorImpl.invoke(NativeMethodAccessorImpl.java:62)
	at sun.reflect.DelegatingMethodAccessorImpl.invoke(DelegatingMethodAccessorImpl.java:43)
	at java.lang.reflect.Method.invoke(Method.java:498)
	at org.codehaus.groovy.tools.GroovyStarter.rootLoader(GroovyStarter.java:109)
	at org.codehaus.groovy.tools.GroovyStarter.main(GroovyStarter.java:131)
)"/>
         <system-out><![CDATA[2018-11-27 16:12:37 - [TEST_CASE][FAILED] - Test Cases/Final Aug 2018 - PKS Automation/Registration Module/Workflow/Update Add New Employee/Special Case (OTC - PKR BO -  RO Approve): Test Cases/Final Aug 2018 - PKS Automation/Registration Module/Workflow/Update Add New Employee/Special Case (OTC - PKR BO -  RO Approve) FAILED because (of) (Stack trace: com.kms.katalon.core.exception.StepFailedException: Unable to click on object 'Object Repository/Final Object Repo/Landing Page/Select to English' (Root cause: com.kms.katalon.core.webui.exception.WebElementNotFoundException: Web element with id: 'Object Repository/Final Object Repo/Landing Page/Select to English' located by 'By.xpath: //a[@class = 'taglib-language-list-text' and @lang = 'en-US' and (contains(text(), 'EN') or contains(., 'EN'))]' not found)
	at com.kms.katalon.core.keyword.internal.KeywordMain.stepFailed(KeywordMain.groovy:32)
	at com.kms.katalon.core.webui.keyword.internal.WebUIKeywordMain.stepFailed(WebUIKeywordMain.groovy:65)
	at com.kms.katalon.core.webui.keyword.internal.WebUIKeywordMain.runKeyword(WebUIKeywordMain.groovy:27)
	at com.kms.katalon.core.webui.keyword.builtin.ClickKeyword.click(ClickKeyword.groovy:86)
	at com.kms.katalon.core.webui.keyword.builtin.ClickKeyword.execute(ClickKeyword.groovy:67)
	at com.kms.katalon.core.keyword.internal.KeywordExecutor.executeKeywordForPlatform(KeywordExecutor.groovy:53)
	at com.kms.katalon.core.webui.keyword.WebUiBuiltInKeywords.click(WebUiBuiltInKeywords.groovy:604)
	at com.kms.katalon.core.webui.keyword.WebUiBuiltInKeywords$click$6.call(Unknown Source)
	at Script1534407542420.run(Script1534407542420.groovy:57)
	at com.kms.katalon.core.main.ScriptEngine.run(ScriptEngine.java:183)
	at com.kms.katalon.core.main.ScriptEngine.runScriptAsRawText(ScriptEngine.java:108)
	at com.kms.katalon.core.main.TestCaseExecutor.runScript(TestCaseExecutor.java:294)
	at com.kms.katalon.core.main.TestCaseExecutor.doExecute(TestCaseExecutor.java:285)
	at com.kms.katalon.core.main.TestCaseExecutor.processExecutionPhase(TestCaseExecutor.java:264)
	at com.kms.katalon.core.main.TestCaseExecutor.accessMainPhase(TestCaseExecutor.java:256)
	at com.kms.katalon.core.main.TestCaseExecutor.execute(TestCaseExecutor.java:200)
	at com.kms.katalon.core.main.TestCaseMain.runTestCase(TestCaseMain.java:99)
	at com.kms.katalon.core.keyword.builtin.CallTestCaseKeyword$_callTestCase_closure1.doCall(CallTestCaseKeyword.groovy:60)
	at com.kms.katalon.core.keyword.builtin.CallTestCaseKeyword$_callTestCase_closure1.call(CallTestCaseKeyword.groovy)
	at com.kms.katalon.core.keyword.internal.KeywordMain.runKeyword(KeywordMain.groovy:54)
	at com.kms.katalon.core.keyword.builtin.CallTestCaseKeyword.callTestCase(CallTestCaseKeyword.groovy:81)
	at com.kms.katalon.core.keyword.builtin.CallTestCaseKeyword.execute(CallTestCaseKeyword.groovy:45)
	at com.kms.katalon.core.keyword.internal.KeywordExecutor.executeKeywordForPlatform(KeywordExecutor.groovy:53)
	at com.kms.katalon.core.keyword.BuiltinKeywords.callTestCase(BuiltinKeywords.groovy:334)
	at sun.reflect.GeneratedMethodAccessor13.invoke(Unknown Source)
	at sun.reflect.DelegatingMethodAccessorImpl.invoke(DelegatingMethodAccessorImpl.java:43)
	at java.lang.reflect.Method.invoke(Method.java:498)
	at org.codehaus.groovy.reflection.CachedMethod.invoke(CachedMethod.java:93)
	at groovy.lang.MetaMethod.doMethodInvoke(MetaMethod.java:325)
	at groovy.lang.MetaClassImpl.invokeStaticMethod(MetaClassImpl.java:1469)
	at org.codehaus.groovy.runtime.callsite.StaticMetaClassSite.call(StaticMetaClassSite.java:53)
	at org.codehaus.groovy.runtime.callsite.CallSiteArray.defaultCall(CallSiteArray.java:48)
	at org.codehaus.groovy.runtime.callsite.AbstractCallSite.call(AbstractCallSite.java:113)
	at org.codehaus.groovy.runtime.callsite.AbstractCallSite.call(AbstractCallSite.java:141)
	at Script1536290785236.run(Script1536290785236.groovy:125)
	at com.kms.katalon.core.main.ScriptEngine.run(ScriptEngine.java:183)
	at com.kms.katalon.core.main.ScriptEngine.runScriptAsRawText(ScriptEngine.java:108)
	at com.kms.katalon.core.main.TestCaseExecutor.runScript(TestCaseExecutor.java:294)
	at com.kms.katalon.core.main.TestCaseExecutor.doExecute(TestCaseExecutor.java:285)
	at com.kms.katalon.core.main.TestCaseExecutor.processExecutionPhase(TestCaseExecutor.java:264)
	at com.kms.katalon.core.main.TestCaseExecutor.accessMainPhase(TestCaseExecutor.java:256)
	at com.kms.katalon.core.main.TestCaseExecutor.execute(TestCaseExecutor.java:200)
	at com.kms.katalon.core.main.TestSuiteExecutor.accessTestCaseMainPhase(TestSuiteExecutor.java:129)
	at com.kms.katalon.core.main.TestSuiteExecutor.accessTestSuiteMainPhase(TestSuiteExecutor.java:112)
	at com.kms.katalon.core.main.TestSuiteExecutor.execute(TestSuiteExecutor.java:81)
	at com.kms.katalon.core.main.TestCaseMain.startTestSuite(TestCaseMain.java:142)
	at com.kms.katalon.core.main.TestCaseMain$startTestSuite$0.call(Unknown Source)
	at org.codehaus.groovy.runtime.callsite.CallSiteArray.defaultCall(CallSiteArray.java:48)
	at org.codehaus.groovy.runtime.callsite.AbstractCallSite.call(AbstractCallSite.java:113)
	at org.codehaus.groovy.runtime.callsite.AbstractCallSite.call(AbstractCallSite.java:141)
	at TempTestSuite1543287057153.run(TempTestSuite1543287057153.groovy:36)
	at groovy.lang.GroovyShell.runScriptOrMainOrTestOrRunnable(GroovyShell.java:263)
	at groovy.lang.GroovyShell.run(GroovyShell.java:518)
	at groovy.lang.GroovyShell.run(GroovyShell.java:507)
	at groovy.ui.GroovyMain.processOnce(GroovyMain.java:653)
	at groovy.ui.GroovyMain.run(GroovyMain.java:384)
	at groovy.ui.GroovyMain.process(GroovyMain.java:370)
	at groovy.ui.GroovyMain.processArgs(GroovyMain.java:129)
	at groovy.ui.GroovyMain.main(GroovyMain.java:109)
	at sun.reflect.NativeMethodAccessorImpl.invoke0(Native Method)
	at sun.reflect.NativeMethodAccessorImpl.invoke(NativeMethodAccessorImpl.java:62)
	at sun.reflect.DelegatingMethodAccessorImpl.invoke(DelegatingMethodAccessorImpl.java:43)
	at java.lang.reflect.Method.invoke(Method.java:498)
	at org.codehaus.groovy.tools.GroovyStarter.rootLoader(GroovyStarter.java:109)
	at org.codehaus.groovy.tools.GroovyStarter.main(GroovyStarter.java:131)
)

2018-11-27 16:12:38 - [TEST_STEP][PASSED] - callTestCase: Call Test Case 'Test Cases/Final Aug 2018 - PKS Automation/Registration Module/Workflow/Update Add New Employee/Template/New Company for Update Add New' successfully

2018-11-27 16:12:38 - [TEST_CASE][PASSED] - Test Cases/Final Aug 2018 - PKS Automation/Registration Module/Workflow/Update Add New Employee/Template/New Company for Update Add New: Test Cases/Final Aug 2018 - PKS Automation/Registration Module/Workflow/Update Add New Employee/Template/New Company for Update Add New

2018-11-27 16:12:38 - [TEST_STEP][PASSED] - callTestCase: Call Test Case 'Test Cases/Final Aug 2018 - PKS Automation/Registration Module/New Registration/Form 1/Form 1 - Corporation - BHD' successfully

2018-11-27 16:12:38 - [TEST_CASE][PASSED] - Test Cases/Final Aug 2018 - PKS Automation/Registration Module/New Registration/Form 1/Form 1 - Corporation - BHD: Test Cases/Final Aug 2018 - PKS Automation/Registration Module/New Registration/Form 1/Form 1 - Corporation - BHD

2018-11-27 16:12:38 - [TEST_STEP][PASSED] - openBrowser: Browser is opened with url: ''

2018-11-27 16:12:38 - [MESSAGE][WARNING] - A browser is already opened. Closing browser and opening a new one

2018-11-27 16:12:43 - [MESSAGE][PASSED] - Browser is opened with url: ''

2018-11-27 16:12:43 - [TEST_STEP][PASSED] - navigateToUrl: Navigate to 'https://assist2-uat.perkeso.gov.my/login' successfully

2018-11-27 16:12:44 - [MESSAGE][PASSED] - Navigate to 'https://assist2-uat.perkeso.gov.my/login' successfully

2018-11-27 16:12:44 - [TEST_STEP][PASSED] - setText: Text 'johorotc1@gmail.com' is set on object 'Object Repository/Final Object Repo/Login Page/Internal User/Email Address'

2018-11-27 16:12:44 - [MESSAGE][PASSED] - Text 'johorotc1@gmail.com' is set on object 'Object Repository/Final Object Repo/Login Page/Internal User/Email Address'

2018-11-27 16:12:44 - [TEST_STEP][PASSED] - click: Object: 'Object Repository/Final Object Repo/Login Page/Internal User/Next Button' is clicked on

2018-11-27 16:12:44 - [MESSAGE][PASSED] - Object: 'Object Repository/Final Object Repo/Login Page/Internal User/Next Button' is clicked on

2018-11-27 16:12:44 - [TEST_STEP][PASSED] - delay: Delayed 1 second(s)

2018-11-27 16:12:45 - [MESSAGE][PASSED] - Delayed 1 second(s)

2018-11-27 16:12:45 - [TEST_STEP][PASSED] - setEncryptedText: Text ****** has been set on object 'Object Repository/Final Object Repo/Login Page/Internal User/Password'

2018-11-27 16:12:46 - [MESSAGE][PASSED] - Text ****** has been set on object 'Object Repository/Final Object Repo/Login Page/Internal User/Password'

2018-11-27 16:12:46 - [TEST_STEP][PASSED] - click: Object: 'Object Repository/Final Object Repo/Login Page/Internal User/Login Button' is clicked on

2018-11-27 16:12:46 - [MESSAGE][PASSED] - Object: 'Object Repository/Final Object Repo/Login Page/Internal User/Login Button' is clicked on

2018-11-27 16:12:46 - [TEST_STEP][PASSED] - delay: Delayed 1 second(s)

2018-11-27 16:12:47 - [MESSAGE][PASSED] - Delayed 1 second(s)

2018-11-27 16:12:47 - [TEST_STEP][PASSED] - Statement - Try: Delayed 2 second(s)

2018-11-27 16:12:47 - [TEST_STEP][PASSED] - Statement - Checker = false: null

2018-11-27 16:12:47 - [TEST_STEP][PASSED] - Statement - Checker = com.kms.katalon.core.webui.keyword.WebUiBuiltInKeywords.verifyElementHasAttribute(com.kms.katalon.core.testobject.ObjectRepository.findTestObject(Final Object Repo/Landing Page/BM Detecting), "href", 20, OPTIONAL): Object 'Object Repository/Final Object Repo/Landing Page/BM Detecting' has attribute 'href'

2018-11-27 16:12:48 - [MESSAGE][PASSED] - Object 'Object Repository/Final Object Repo/Landing Page/BM Detecting' has attribute 'href'

2018-11-27 16:12:48 - [TEST_STEP][PASSED] - Statement - out.println(Checker): null

2018-11-27 16:12:48 - [TEST_STEP][PASSED] - Statement - If (Checker == false): null

2018-11-27 16:12:48 - [TEST_STEP][PASSED] - Statement - Else: null

2018-11-27 16:12:48 - [TEST_STEP][PASSED] - delay: Delayed 2 second(s)

2018-11-27 16:12:50 - [MESSAGE][PASSED] - Delayed 2 second(s)

2018-11-27 16:12:50 - [TEST_STEP][PASSED] - navigateToUrl: Navigate to 'https://assist2-uat.perkeso.gov.my/web/registration/registration' successfully

2018-11-27 16:12:51 - [MESSAGE][PASSED] - Navigate to 'https://assist2-uat.perkeso.gov.my/web/registration/registration' successfully

2018-11-27 16:12:51 - [TEST_STEP][PASSED] - click: Object: 'Object Repository/Final Object Repo/New Registration - Registration Module Pages/Form 1/AEC - No' is clicked on

2018-11-27 16:12:51 - [MESSAGE][PASSED] - Object: 'Object Repository/Final Object Repo/New Registration - Registration Module Pages/Form 1/AEC - No' is clicked on

2018-11-27 16:12:51 - [TEST_STEP][PASSED] - click: Object: 'Object Repository/Final Object Repo/New Registration - Registration Module Pages/Form 1/Business Entity' is clicked on

2018-11-27 16:12:52 - [MESSAGE][PASSED] - Object: 'Object Repository/Final Object Repo/New Registration - Registration Module Pages/Form 1/Business Entity' is clicked on

2018-11-27 16:12:52 - [TEST_STEP][PASSED] - click: Object: 'Object Repository/Final Object Repo/New Registration - Registration Module Pages/Form 1/Businees Entity - Corporation' is clicked on

2018-11-27 16:12:52 - [MESSAGE][PASSED] - Object: 'Object Repository/Final Object Repo/New Registration - Registration Module Pages/Form 1/Businees Entity - Corporation' is clicked on

2018-11-27 16:12:52 - [TEST_STEP][PASSED] - delay: Delayed 1 second(s)

2018-11-27 16:12:53 - [MESSAGE][PASSED] - Delayed 1 second(s)

2018-11-27 16:12:53 - [TEST_STEP][PASSED] - click: Object: 'Object Repository/Final Object Repo/New Registration - Registration Module Pages/Form 1/Sub Business Entity' is clicked on

2018-11-27 16:12:53 - [MESSAGE][PASSED] - Object: 'Object Repository/Final Object Repo/New Registration - Registration Module Pages/Form 1/Sub Business Entity' is clicked on

2018-11-27 16:12:53 - [TEST_STEP][PASSED] - click: Object: 'Object Repository/Final Object Repo/New Registration - Registration Module Pages/Form 1/Sub Business Entity - Berhad' is clicked on

2018-11-27 16:12:53 - [MESSAGE][PASSED] - Object: 'Object Repository/Final Object Repo/New Registration - Registration Module Pages/Form 1/Sub Business Entity - Berhad' is clicked on

2018-11-27 16:12:53 - [TEST_STEP][PASSED] - delay: Delayed 1 second(s)

2018-11-27 16:12:54 - [MESSAGE][PASSED] - Delayed 1 second(s)

2018-11-27 16:12:54 - [TEST_STEP][PASSED] - setText: Text '123' is set on object 'Object Repository/Final Object Repo/New Registration - Registration Module Pages/Form 1/Registration Number'

2018-11-27 16:12:55 - [MESSAGE][PASSED] - Text '123' is set on object 'Object Repository/Final Object Repo/New Registration - Registration Module Pages/Form 1/Registration Number'

2018-11-27 16:12:55 - [TEST_STEP][PASSED] - click: Object: 'Object Repository/Final Object Repo/New Registration - Registration Module Pages/Form 1/Registred with SSM - Before Feb' is clicked on

2018-11-27 16:12:55 - [MESSAGE][PASSED] - Object: 'Object Repository/Final Object Repo/New Registration - Registration Module Pages/Form 1/Registred with SSM - Before Feb' is clicked on

2018-11-27 16:12:55 - [TEST_STEP][PASSED] - click: Object: 'Object Repository/Final Object Repo/New Registration - Registration Module Pages/Form 1/Registered As a Branch - Yes' is clicked on

2018-11-27 16:12:55 - [MESSAGE][PASSED] - Object: 'Object Repository/Final Object Repo/New Registration - Registration Module Pages/Form 1/Registered As a Branch - Yes' is clicked on

2018-11-27 16:12:55 - [TEST_STEP][PASSED] - click: Object: 'Object Repository/Final Object Repo/New Registration - Registration Module Pages/Form 1/Acknowledgement' is clicked on

2018-11-27 16:12:55 - [MESSAGE][PASSED] - Object: 'Object Repository/Final Object Repo/New Registration - Registration Module Pages/Form 1/Acknowledgement' is clicked on

2018-11-27 16:12:55 - [TEST_STEP][PASSED] - setText: Text 'perkeso' is set on object 'Object Repository/Final Object Repo/New Registration - Registration Module Pages/Form 1/Industry name'

2018-11-27 16:12:56 - [MESSAGE][PASSED] - Text 'perkeso' is set on object 'Object Repository/Final Object Repo/New Registration - Registration Module Pages/Form 1/Industry name'

2018-11-27 16:12:56 - [TEST_STEP][PASSED] - setText: Text 'perkeso1' is set on object 'Object Repository/Final Object Repo/New Registration - Registration Module Pages/Form 1/Postal Address1'

2018-11-27 16:12:56 - [MESSAGE][PASSED] - Text 'perkeso1' is set on object 'Object Repository/Final Object Repo/New Registration - Registration Module Pages/Form 1/Postal Address1'

2018-11-27 16:12:56 - [TEST_STEP][PASSED] - setText: Text 'perkeso2' is set on object 'Object Repository/Final Object Repo/New Registration - Registration Module Pages/Form 1/Postal Address2'

2018-11-27 16:12:56 - [MESSAGE][PASSED] - Text 'perkeso2' is set on object 'Object Repository/Final Object Repo/New Registration - Registration Module Pages/Form 1/Postal Address2'

2018-11-27 16:12:56 - [TEST_STEP][PASSED] - setText: Text 'perkeso3' is set on object 'Object Repository/Final Object Repo/New Registration - Registration Module Pages/Form 1/Postal Address3'

2018-11-27 16:12:57 - [MESSAGE][PASSED] - Text 'perkeso3' is set on object 'Object Repository/Final Object Repo/New Registration - Registration Module Pages/Form 1/Postal Address3'

2018-11-27 16:12:57 - [TEST_STEP][PASSED] - click: Object: 'Object Repository/Final Object Repo/New Registration - Registration Module Pages/Form 1/State' is clicked on

2018-11-27 16:12:57 - [MESSAGE][PASSED] - Object: 'Object Repository/Final Object Repo/New Registration - Registration Module Pages/Form 1/State' is clicked on

2018-11-27 16:12:57 - [TEST_STEP][PASSED] - click: Object: 'Object Repository/Final Object Repo/New Registration - Registration Module Pages/Form 1/State - Johor' is clicked on

2018-11-27 16:12:57 - [MESSAGE][PASSED] - Object: 'Object Repository/Final Object Repo/New Registration - Registration Module Pages/Form 1/State - Johor' is clicked on

2018-11-27 16:12:57 - [TEST_STEP][PASSED] - delay: Delayed 1 second(s)

2018-11-27 16:12:58 - [MESSAGE][PASSED] - Delayed 1 second(s)

2018-11-27 16:12:58 - [TEST_STEP][PASSED] - click: Object: 'Object Repository/Final Object Repo/New Registration - Registration Module Pages/Form 1/City' is clicked on

2018-11-27 16:12:58 - [MESSAGE][PASSED] - Object: 'Object Repository/Final Object Repo/New Registration - Registration Module Pages/Form 1/City' is clicked on

2018-11-27 16:12:58 - [TEST_STEP][PASSED] - setText: Text 'joh' is set on object 'Object Repository/Final Object Repo/New Registration - Registration Module Pages/Form 1/Postcode - 810'

2018-11-27 16:12:58 - [MESSAGE][PASSED] - Text 'joh' is set on object 'Object Repository/Final Object Repo/New Registration - Registration Module Pages/Form 1/Postcode - 810'

2018-11-27 16:12:58 - [TEST_STEP][PASSED] - delay: Delayed 1 second(s)

2018-11-27 16:12:59 - [MESSAGE][PASSED] - Delayed 1 second(s)

2018-11-27 16:12:59 - [TEST_STEP][PASSED] - click: Object: 'Object Repository/Final Object Repo/New Registration - Registration Module Pages/Form 1/City - Johor Bharu' is clicked on

2018-11-27 16:13:00 - [MESSAGE][PASSED] - Object: 'Object Repository/Final Object Repo/New Registration - Registration Module Pages/Form 1/City - Johor Bharu' is clicked on

2018-11-27 16:13:00 - [TEST_STEP][PASSED] - delay: Delayed 1 second(s)

2018-11-27 16:13:01 - [MESSAGE][PASSED] - Delayed 1 second(s)

2018-11-27 16:13:01 - [TEST_STEP][PASSED] - click: Object: 'Object Repository/Final Object Repo/New Registration - Registration Module Pages/Form 1/Postcode' is clicked on

2018-11-27 16:13:01 - [MESSAGE][PASSED] - Object: 'Object Repository/Final Object Repo/New Registration - Registration Module Pages/Form 1/Postcode' is clicked on

2018-11-27 16:13:01 - [TEST_STEP][PASSED] - delay: Delayed 1 second(s)

2018-11-27 16:13:02 - [MESSAGE][PASSED] - Delayed 1 second(s)

2018-11-27 16:13:02 - [TEST_STEP][PASSED] - setText: Text '810' is set on object 'Object Repository/Final Object Repo/New Registration - Registration Module Pages/Form 1/Postcode - 810'

2018-11-27 16:13:02 - [MESSAGE][PASSED] - Text '810' is set on object 'Object Repository/Final Object Repo/New Registration - Registration Module Pages/Form 1/Postcode - 810'

2018-11-27 16:13:02 - [TEST_STEP][PASSED] - delay: Delayed 3 second(s)

2018-11-27 16:13:05 - [MESSAGE][PASSED] - Delayed 3 second(s)

2018-11-27 16:13:05 - [TEST_STEP][PASSED] - click: Object: 'Object Repository/Final Object Repo/New Registration - Registration Module Pages/Form 1/Postcode - 81000' is clicked on

2018-11-27 16:13:05 - [MESSAGE][PASSED] - Object: 'Object Repository/Final Object Repo/New Registration - Registration Module Pages/Form 1/Postcode - 81000' is clicked on

2018-11-27 16:13:05 - [TEST_STEP][PASSED] - delay: Delayed 1 second(s)

2018-11-27 16:13:06 - [MESSAGE][PASSED] - Delayed 1 second(s)

2018-11-27 16:13:06 - [TEST_STEP][PASSED] - setText: Text '100' is set on object 'Object Repository/Final Object Repo/New Registration - Registration Module Pages/Form 1/P.O.BOX'

2018-11-27 16:13:07 - [MESSAGE][PASSED] - Text '100' is set on object 'Object Repository/Final Object Repo/New Registration - Registration Module Pages/Form 1/P.O.BOX'

2018-11-27 16:13:07 - [TEST_STEP][PASSED] - setText: Text '100' is set on object 'Object Repository/Final Object Repo/New Registration - Registration Module Pages/Form 1/Locked Bag No'

2018-11-27 16:13:07 - [MESSAGE][PASSED] - Text '100' is set on object 'Object Repository/Final Object Repo/New Registration - Registration Module Pages/Form 1/Locked Bag No'

2018-11-27 16:13:07 - [TEST_STEP][PASSED] - click: Object: 'Object Repository/Final Object Repo/New Registration - Registration Module Pages/Form 1/SOCSO Office Location' is clicked on

2018-11-27 16:13:07 - [MESSAGE][PASSED] - Object: 'Object Repository/Final Object Repo/New Registration - Registration Module Pages/Form 1/SOCSO Office Location' is clicked on

2018-11-27 16:13:07 - [TEST_STEP][PASSED] - click: Object: 'Object Repository/Final Object Repo/New Registration - Registration Module Pages/Form 1/SOCSO Office Location - Pejabat PERKESO Negeri Johor' is clicked on

2018-11-27 16:13:07 - [MESSAGE][PASSED] - Object: 'Object Repository/Final Object Repo/New Registration - Registration Module Pages/Form 1/SOCSO Office Location - Pejabat PERKESO Negeri Johor' is clicked on

2018-11-27 16:13:07 - [TEST_STEP][PASSED] - delay: Delayed 1 second(s)

2018-11-27 16:13:08 - [MESSAGE][PASSED] - Delayed 1 second(s)

2018-11-27 16:13:08 - [TEST_STEP][PASSED] - check: Object 'Object Repository/Final Object Repo/New Registration - Registration Module Pages/Form 1/Indusrty Address Same As Postal Address' is checked

2018-11-27 16:13:08 - [MESSAGE][PASSED] - Object 'Object Repository/Final Object Repo/New Registration - Registration Module Pages/Form 1/Indusrty Address Same As Postal Address' is checked

2018-11-27 16:13:08 - [TEST_STEP][PASSED] - delay: Delayed 3 second(s)

2018-11-27 16:13:11 - [MESSAGE][PASSED] - Delayed 3 second(s)

2018-11-27 16:13:11 - [TEST_STEP][PASSED] - click: Object: 'Object Repository/Final Object Repo/New Registration - Registration Module Pages/Form 1/Indusry Address Same As Postal Address False' is clicked on

2018-11-27 16:13:12 - [MESSAGE][PASSED] - Object: 'Object Repository/Final Object Repo/New Registration - Registration Module Pages/Form 1/Indusry Address Same As Postal Address False' is clicked on

2018-11-27 16:13:12 - [TEST_STEP][PASSED] - delay: Delayed 1 second(s)

2018-11-27 16:13:13 - [MESSAGE][PASSED] - Delayed 1 second(s)

2018-11-27 16:13:13 - [TEST_STEP][PASSED] - setText: Text 'perkeso1' is set on object 'Object Repository/Final Object Repo/New Registration - Registration Module Pages/Form 1/Industry Address1'

2018-11-27 16:13:13 - [MESSAGE][PASSED] - Text 'perkeso1' is set on object 'Object Repository/Final Object Repo/New Registration - Registration Module Pages/Form 1/Industry Address1'

2018-11-27 16:13:13 - [TEST_STEP][PASSED] - setText: Text 'perkeso2' is set on object 'Object Repository/Final Object Repo/New Registration - Registration Module Pages/Form 1/Industry Address2'

2018-11-27 16:13:13 - [MESSAGE][PASSED] - Text 'perkeso2' is set on object 'Object Repository/Final Object Repo/New Registration - Registration Module Pages/Form 1/Industry Address2'

2018-11-27 16:13:13 - [TEST_STEP][PASSED] - setText: Text 'perkeso3' is set on object 'Object Repository/Final Object Repo/New Registration - Registration Module Pages/Form 1/Industry Address3'

2018-11-27 16:13:14 - [MESSAGE][PASSED] - Text 'perkeso3' is set on object 'Object Repository/Final Object Repo/New Registration - Registration Module Pages/Form 1/Industry Address3'

2018-11-27 16:13:14 - [TEST_STEP][PASSED] - click: Object: 'Object Repository/Final Object Repo/New Registration - Registration Module Pages/Form 1/Industry State' is clicked on

2018-11-27 16:13:14 - [MESSAGE][PASSED] - Object: 'Object Repository/Final Object Repo/New Registration - Registration Module Pages/Form 1/Industry State' is clicked on

2018-11-27 16:13:14 - [TEST_STEP][PASSED] - delay: Delayed 2 second(s)

2018-11-27 16:13:16 - [MESSAGE][PASSED] - Delayed 2 second(s)

2018-11-27 16:13:16 - [TEST_STEP][PASSED] - click: Object: 'Object Repository/Final Object Repo/New Registration - Registration Module Pages/Form 1/Industry State - Johor' is clicked on

2018-11-27 16:13:16 - [MESSAGE][PASSED] - Object: 'Object Repository/Final Object Repo/New Registration - Registration Module Pages/Form 1/Industry State - Johor' is clicked on

2018-11-27 16:13:16 - [TEST_STEP][PASSED] - delay: Delayed 2 second(s)

2018-11-27 16:13:18 - [MESSAGE][PASSED] - Delayed 2 second(s)

2018-11-27 16:13:18 - [TEST_STEP][PASSED] - click: Object: 'Object Repository/Final Object Repo/New Registration - Registration Module Pages/Form 1/Industry Ciry' is clicked on

2018-11-27 16:13:18 - [MESSAGE][PASSED] - Object: 'Object Repository/Final Object Repo/New Registration - Registration Module Pages/Form 1/Industry Ciry' is clicked on

2018-11-27 16:13:18 - [TEST_STEP][PASSED] - setText: Text 'joh' is set on object 'Object Repository/Final Object Repo/New Registration - Registration Module Pages/Form 1/Industry Ciry - joh'

2018-11-27 16:13:19 - [MESSAGE][PASSED] - Text 'joh' is set on object 'Object Repository/Final Object Repo/New Registration - Registration Module Pages/Form 1/Industry Ciry - joh'

2018-11-27 16:13:19 - [TEST_STEP][PASSED] - delay: Delayed 2 second(s)

2018-11-27 16:13:21 - [MESSAGE][PASSED] - Delayed 2 second(s)

2018-11-27 16:13:21 - [TEST_STEP][PASSED] - click: Object: 'Object Repository/Final Object Repo/New Registration - Registration Module Pages/Form 1/Industy State - Johor Bharu' is clicked on

2018-11-27 16:13:21 - [MESSAGE][PASSED] - Object: 'Object Repository/Final Object Repo/New Registration - Registration Module Pages/Form 1/Industy State - Johor Bharu' is clicked on

2018-11-27 16:13:21 - [TEST_STEP][PASSED] - delay: Delayed 1 second(s)

2018-11-27 16:13:22 - [MESSAGE][PASSED] - Delayed 1 second(s)

2018-11-27 16:13:22 - [TEST_STEP][PASSED] - click: Object: 'Object Repository/Final Object Repo/New Registration - Registration Module Pages/Form 1/Indusry PostCode' is clicked on

2018-11-27 16:13:22 - [MESSAGE][PASSED] - Object: 'Object Repository/Final Object Repo/New Registration - Registration Module Pages/Form 1/Indusry PostCode' is clicked on

2018-11-27 16:13:22 - [TEST_STEP][PASSED] - delay: Delayed 1 second(s)

2018-11-27 16:13:23 - [MESSAGE][PASSED] - Delayed 1 second(s)

2018-11-27 16:13:23 - [TEST_STEP][PASSED] - setText: Text '810' is set on object 'Object Repository/Final Object Repo/New Registration - Registration Module Pages/Form 1/Insutry Post Code - 810'

2018-11-27 16:13:23 - [MESSAGE][PASSED] - Text '810' is set on object 'Object Repository/Final Object Repo/New Registration - Registration Module Pages/Form 1/Insutry Post Code - 810'

2018-11-27 16:13:23 - [TEST_STEP][PASSED] - delay: Delayed 1 second(s)

2018-11-27 16:13:24 - [MESSAGE][PASSED] - Delayed 1 second(s)

2018-11-27 16:13:24 - [TEST_STEP][PASSED] - click: Object: 'Object Repository/Final Object Repo/New Registration - Registration Module Pages/Form 1/Insutry Post Code - 81000' is clicked on

2018-11-27 16:13:24 - [MESSAGE][PASSED] - Object: 'Object Repository/Final Object Repo/New Registration - Registration Module Pages/Form 1/Insutry Post Code - 81000' is clicked on

2018-11-27 16:13:24 - [TEST_STEP][PASSED] - delay: Delayed 1 second(s)

2018-11-27 16:13:25 - [MESSAGE][PASSED] - Delayed 1 second(s)

2018-11-27 16:13:25 - [TEST_STEP][PASSED] - setText: Text '100' is set on object 'Object Repository/Final Object Repo/New Registration - Registration Module Pages/Form 1/Industry P.O.BOX'

2018-11-27 16:13:26 - [MESSAGE][PASSED] - Text '100' is set on object 'Object Repository/Final Object Repo/New Registration - Registration Module Pages/Form 1/Industry P.O.BOX'

2018-11-27 16:13:26 - [TEST_STEP][PASSED] - setText: Text '100' is set on object 'Object Repository/Final Object Repo/New Registration - Registration Module Pages/Form 1/Industry Locked Bag No'

2018-11-27 16:13:26 - [MESSAGE][PASSED] - Text '100' is set on object 'Object Repository/Final Object Repo/New Registration - Registration Module Pages/Form 1/Industry Locked Bag No'

2018-11-27 16:13:26 - [TEST_STEP][PASSED] - setText: Text '123456789' is set on object 'Object Repository/Final Object Repo/New Registration - Registration Module Pages/Form 1/Telephone No'

2018-11-27 16:13:26 - [MESSAGE][PASSED] - Text '123456789' is set on object 'Object Repository/Final Object Repo/New Registration - Registration Module Pages/Form 1/Telephone No'

2018-11-27 16:13:26 - [TEST_STEP][PASSED] - setText: Text '123456789' is set on object 'Object Repository/Final Object Repo/New Registration - Registration Module Pages/Form 1/Mobile No'

2018-11-27 16:13:27 - [MESSAGE][PASSED] - Text '123456789' is set on object 'Object Repository/Final Object Repo/New Registration - Registration Module Pages/Form 1/Mobile No'

2018-11-27 16:13:27 - [TEST_STEP][PASSED] - setText: Text '123456789' is set on object 'Object Repository/Final Object Repo/New Registration - Registration Module Pages/Form 1/Fax No'

2018-11-27 16:13:27 - [MESSAGE][PASSED] - Text '123456789' is set on object 'Object Repository/Final Object Repo/New Registration - Registration Module Pages/Form 1/Fax No'

2018-11-27 16:13:27 - [TEST_STEP][PASSED] - click: Object: 'Object Repository/Final Object Repo/New Registration - Registration Module Pages/Form 1/Industry Code' is clicked on

2018-11-27 16:13:27 - [MESSAGE][PASSED] - Object: 'Object Repository/Final Object Repo/New Registration - Registration Module Pages/Form 1/Industry Code' is clicked on

2018-11-27 16:13:27 - [TEST_STEP][PASSED] - click: Object: 'Object Repository/Final Object Repo/New Registration - Registration Module Pages/Form 1/Indudustry Code - Crops and Animal' is clicked on

2018-11-27 16:13:28 - [MESSAGE][PASSED] - Object: 'Object Repository/Final Object Repo/New Registration - Registration Module Pages/Form 1/Indudustry Code - Crops and Animal' is clicked on

2018-11-27 16:13:28 - [TEST_STEP][PASSED] - delay: Delayed 1 second(s)

2018-11-27 16:13:29 - [MESSAGE][PASSED] - Delayed 1 second(s)

2018-11-27 16:13:29 - [TEST_STEP][PASSED] - click: Object: 'Object Repository/Final Object Repo/New Registration - Registration Module Pages/Form 1/Sub Industry Code List' is clicked on

2018-11-27 16:13:29 - [MESSAGE][PASSED] - Object: 'Object Repository/Final Object Repo/New Registration - Registration Module Pages/Form 1/Sub Industry Code List' is clicked on

2018-11-27 16:13:29 - [TEST_STEP][PASSED] - click: Object: 'Object Repository/Final Object Repo/New Registration - Registration Module Pages/Form 1/Sub Industry Code List - Growing of Maize' is clicked on

2018-11-27 16:13:29 - [MESSAGE][PASSED] - Object: 'Object Repository/Final Object Repo/New Registration - Registration Module Pages/Form 1/Sub Industry Code List - Growing of Maize' is clicked on

2018-11-27 16:13:29 - [TEST_STEP][PASSED] - setText: Text 'perkeso123@gmail.com' is set on object 'Object Repository/Final Object Repo/New Registration - Registration Module Pages/Form 1/Email'

2018-11-27 16:13:30 - [MESSAGE][PASSED] - Text 'perkeso123@gmail.com' is set on object 'Object Repository/Final Object Repo/New Registration - Registration Module Pages/Form 1/Email'

2018-11-27 16:13:30 - [TEST_STEP][PASSED] - click: Object: 'Object Repository/Final Object Repo/New Registration - Registration Module Pages/Form 1/Method of Contribution Payment' is clicked on

2018-11-27 16:13:30 - [MESSAGE][PASSED] - Object: 'Object Repository/Final Object Repo/New Registration - Registration Module Pages/Form 1/Method of Contribution Payment' is clicked on

2018-11-27 16:13:30 - [TEST_STEP][PASSED] - click: Object: 'Object Repository/Final Object Repo/New Registration - Registration Module Pages/Form 1/Method of Contribution Payment - Portal' is clicked on

2018-11-27 16:13:30 - [MESSAGE][PASSED] - Object: 'Object Repository/Final Object Repo/New Registration - Registration Module Pages/Form 1/Method of Contribution Payment - Portal' is clicked on

2018-11-27 16:13:30 - [TEST_STEP][PASSED] - click: Object: 'Object Repository/Final Object Repo/New Registration - Registration Module Pages/Form 1/Servide Type' is clicked on

2018-11-27 16:13:30 - [MESSAGE][PASSED] - Object: 'Object Repository/Final Object Repo/New Registration - Registration Module Pages/Form 1/Servide Type' is clicked on

2018-11-27 16:13:30 - [TEST_STEP][PASSED] - click: Object: 'Object Repository/Final Object Repo/New Registration - Registration Module Pages/Form 1/Servide Type - Professional Bodies' is clicked on

2018-11-27 16:13:31 - [MESSAGE][PASSED] - Object: 'Object Repository/Final Object Repo/New Registration - Registration Module Pages/Form 1/Servide Type - Professional Bodies' is clicked on

2018-11-27 16:13:31 - [TEST_STEP][PASSED] - click: Object: 'Object Repository/Final Object Repo/New Registration - Registration Module Pages/Form 1/Industry Venue' is clicked on

2018-11-27 16:13:31 - [MESSAGE][PASSED] - Object: 'Object Repository/Final Object Repo/New Registration - Registration Module Pages/Form 1/Industry Venue' is clicked on

2018-11-27 16:13:31 - [TEST_STEP][PASSED] - click: Object: 'Object Repository/Final Object Repo/New Registration - Registration Module Pages/Form 1/Industry Venue -  PPN JOHOR' is clicked on

2018-11-27 16:13:31 - [MESSAGE][PASSED] - Object: 'Object Repository/Final Object Repo/New Registration - Registration Module Pages/Form 1/Industry Venue -  PPN JOHOR' is clicked on

2018-11-27 16:13:31 - [TEST_STEP][PASSED] - click: Object: 'Object Repository/Final Object Repo/New Registration - Registration Module Pages/Form 1/Save  Continue' is clicked on

2018-11-27 16:13:31 - [MESSAGE][PASSED] - Object: 'Object Repository/Final Object Repo/New Registration - Registration Module Pages/Form 1/Save  Continue' is clicked on

2018-11-27 16:13:31 - [MESSAGE][PASSED] - Call Test Case 'Test Cases/Final Aug 2018 - PKS Automation/Registration Module/New Registration/Form 1/Form 1 - Corporation - BHD' successfully

2018-11-27 16:13:31 - [TEST_STEP][PASSED] - callTestCase: Call Test Case 'Test Cases/Final Aug 2018 - PKS Automation/Registration Module/New Registration/Form 2/Add 1 Eligible' successfully

2018-11-27 16:13:31 - [TEST_CASE][PASSED] - Test Cases/Final Aug 2018 - PKS Automation/Registration Module/New Registration/Form 2/Add 1 Eligible: Test Cases/Final Aug 2018 - PKS Automation/Registration Module/New Registration/Form 2/Add 1 Eligible

2018-11-27 16:13:32 - [TEST_STEP][PASSED] - delay: Delayed 2 second(s)

2018-11-27 16:13:34 - [MESSAGE][PASSED] - Delayed 2 second(s)

2018-11-27 16:13:34 - [TEST_STEP][PASSED] - callTestCase: Call Test Case 'Test Cases/Final Aug 2018 - PKS Automation/Registration Module/New Registration/Form 2/Date Updater' successfully

2018-11-27 16:13:34 - [TEST_CASE][PASSED] - Test Cases/Final Aug 2018 - PKS Automation/Registration Module/New Registration/Form 2/Date Updater: Test Cases/Final Aug 2018 - PKS Automation/Registration Module/New Registration/Form 2/Date Updater

2018-11-27 16:13:34 - [TEST_STEP][PASSED] - Statement - TodayDate = new java.util.Date(): null

2018-11-27 16:13:34 - [TEST_STEP][PASSED] - Statement - CurrentDateNoFilter = new java.text.SimpleDateFormat(): null

2018-11-27 16:13:34 - [TEST_STEP][PASSED] - Statement - CurrentDateNoFilter.applyPattern("dd"): null

2018-11-27 16:13:34 - [TEST_STEP][PASSED] - Statement - CurrentDate = CurrentDateNoFilter.format(TodayDate): null

2018-11-27 16:13:34 - [TEST_STEP][PASSED] - Statement - CurrentDate = java.lang.Integer.parseInt(CurrentDate): null

2018-11-27 16:13:34 - [TEST_STEP][PASSED] - Statement - CurrentDate = CurrentDate: null

2018-11-27 16:13:34 - [TEST_STEP][PASSED] - Statement - CurrentDay = java.lang.Integer.parseInt(CurrentDate): null

2018-11-27 16:13:34 - [TEST_STEP][PASSED] - Statement - aDayBefore = CurrentDay + 1: null

2018-11-27 16:13:34 - [TEST_STEP][PASSED] - Statement - DayBefore = aDayBefore.toString(): null

2018-11-27 16:13:34 - [TEST_STEP][PASSED] - Statement - OneDayBefore = DayBefore: null

2018-11-27 16:13:34 - [TEST_STEP][PASSED] - Statement - CurrentDateNoFilter.applyPattern("MM"): null

2018-11-27 16:13:34 - [TEST_STEP][PASSED] - Statement - monthContainerMatcher = java.lang.Integer.parseInt(CurrentDateNoFilter.format(TodayDate)): null

2018-11-27 16:13:34 - [TEST_STEP][PASSED] - Statement - monthContainerMatcher = monthContainerMatcher - 1: null

2018-11-27 16:13:34 - [TEST_STEP][PASSED] - Statement - CurrentMonth = monthContainerMatcher.toString(): null

2018-11-27 16:13:34 - [TEST_STEP][PASSED] - Statement - CurrentMonth = CurrentMonth: null

2018-11-27 16:13:34 - [TEST_STEP][PASSED] - Statement - CurrentDateNoFilter.applyPattern("yyyy"): null

2018-11-27 16:13:34 - [TEST_STEP][PASSED] - Statement - CurrentYear = CurrentDateNoFilter.format(TodayDate): null

2018-11-27 16:13:34 - [TEST_STEP][PASSED] - Statement - CurrentYear = CurrentYear: null

2018-11-27 16:13:34 - [TEST_STEP][PASSED] - Statement - intCurrentYear = java.lang.Integer.parseInt(CurrentDateNoFilter.format(TodayDate)): null

2018-11-27 16:13:34 - [TEST_STEP][PASSED] - Statement - eighteenYrsAgo = intCurrentYear - 18: null

2018-11-27 16:13:34 - [TEST_STEP][PASSED] - Statement - eighteenYrsBeforeThisYr = eighteenYrsAgo.toString(): null

2018-11-27 16:13:34 - [TEST_STEP][PASSED] - Statement - EighteenYrsBefore = eighteenYrsBeforeThisYr: null

2018-11-27 16:13:34 - [TEST_STEP][PASSED] - Statement - fiftysevenYrsAgo = intCurrentYear - 57: null

2018-11-27 16:13:34 - [TEST_STEP][PASSED] - Statement - fiftysevenYrsBeforeThisYr = fiftysevenYrsAgo.toString(): null

2018-11-27 16:13:34 - [TEST_STEP][PASSED] - Statement - FiftysevenYrsBefore = fiftysevenYrsBeforeThisYr: null

2018-11-27 16:13:34 - [MESSAGE][PASSED] - Call Test Case 'Test Cases/Final Aug 2018 - PKS Automation/Registration Module/New Registration/Form 2/Date Updater' successfully

2018-11-27 16:13:34 - [TEST_STEP][PASSED] - delay: Delayed 1 second(s)

2018-11-27 16:13:35 - [MESSAGE][PASSED] - Delayed 1 second(s)

2018-11-27 16:13:35 - [TEST_STEP][PASSED] - Statement - CaseReferenceNo = com.kms.katalon.core.webui.keyword.WebUiBuiltInKeywords.getText(com.kms.katalon.core.testobject.ObjectRepository.findTestObject(Final Object Repo/New Registration - Registration Module Pages/Form 2/RefNo Acquiring)): Text of object 'Object Repository/Final Object Repo/New Registration - Registration Module Pages/Form 2/RefNo Acquiring' is: 'CRN11201800122871'

2018-11-27 16:13:35 - [MESSAGE][PASSED] - Text of object 'Object Repository/Final Object Repo/New Registration - Registration Module Pages/Form 2/RefNo Acquiring' is: 'CRN11201800122871'

2018-11-27 16:13:35 - [TEST_STEP][PASSED] - delay: Delayed 1 second(s)

2018-11-27 16:13:36 - [MESSAGE][PASSED] - Delayed 1 second(s)

2018-11-27 16:13:36 - [TEST_STEP][PASSED] - click: Object: 'Object Repository/Final Object Repo/New Registration - Registration Module Pages/Form 2/Add Employee Button' is clicked on

2018-11-27 16:13:36 - [MESSAGE][PASSED] - Object: 'Object Repository/Final Object Repo/New Registration - Registration Module Pages/Form 2/Add Employee Button' is clicked on

2018-11-27 16:13:36 - [TEST_STEP][PASSED] - delay: Delayed 1 second(s)

2018-11-27 16:13:37 - [MESSAGE][PASSED] - Delayed 1 second(s)

2018-11-27 16:13:37 - [TEST_STEP][PASSED] - setText: Text '010903091963' is set on object 'Object Repository/Final Object Repo/New Registration - Registration Module Pages/Form 2/NRIC Input'

2018-11-27 16:13:37 - [MESSAGE][PASSED] - Text '010903091963' is set on object 'Object Repository/Final Object Repo/New Registration - Registration Module Pages/Form 2/NRIC Input'

2018-11-27 16:13:37 - [TEST_STEP][PASSED] - click: Object: 'Object Repository/Final Object Repo/New Registration - Registration Module Pages/Form 2/button for search for IC' is clicked on

2018-11-27 16:13:38 - [MESSAGE][PASSED] - Object: 'Object Repository/Final Object Repo/New Registration - Registration Module Pages/Form 2/button for search for IC' is clicked on

2018-11-27 16:13:38 - [TEST_STEP][PASSED] - delay: Delayed 2 second(s)

2018-11-27 16:13:40 - [MESSAGE][PASSED] - Delayed 2 second(s)

2018-11-27 16:13:40 - [TEST_STEP][PASSED] - setText: Text 'Automate001 eligible 1' is set on object 'Object Repository/Final Object Repo/New Registration - Registration Module Pages/Form 2/Employee Name Input'

2018-11-27 16:13:40 - [MESSAGE][PASSED] - Text 'Automate001 eligible 1' is set on object 'Object Repository/Final Object Repo/New Registration - Registration Module Pages/Form 2/Employee Name Input'

2018-11-27 16:13:40 - [TEST_STEP][PASSED] - delay: Delayed 2 second(s)

2018-11-27 16:13:42 - [MESSAGE][PASSED] - Delayed 2 second(s)

2018-11-27 16:13:42 - [TEST_STEP][PASSED] - click: Object: 'Object Repository/Final Object Repo/New Registration - Registration Module Pages/Form 2/DatePicker Pop Up' is clicked on

2018-11-27 16:13:42 - [MESSAGE][PASSED] - Object: 'Object Repository/Final Object Repo/New Registration - Registration Module Pages/Form 2/DatePicker Pop Up' is clicked on

2018-11-27 16:13:42 - [TEST_STEP][PASSED] - click: Object: 'Object Repository/Final Object Repo/New Registration - Registration Module Pages/Form 2/DOB Month' is clicked on

2018-11-27 16:13:43 - [MESSAGE][PASSED] - Object: 'Object Repository/Final Object Repo/New Registration - Registration Module Pages/Form 2/DOB Month' is clicked on

2018-11-27 16:13:43 - [TEST_STEP][PASSED] - Statement - CurrentMonth = CurrentMonth: null

2018-11-27 16:13:43 - [TEST_STEP][PASSED] - Statement - selectMonth = new com.kms.katalon.core.testobject.TestObject(): null

2018-11-27 16:13:43 - [TEST_STEP][PASSED] - Statement - selectMonth.addProperty("xpath", EQUALS, "//body/div/div/div/select/option[@value='" + CurrentMonth + "']", true): null

2018-11-27 16:13:43 - [TEST_STEP][PASSED] - click: Object: '' is clicked on

2018-11-27 16:13:43 - [MESSAGE][PASSED] - Object: '' is clicked on

2018-11-27 16:13:43 - [TEST_STEP][PASSED] - click: Object: 'Object Repository/Final Object Repo/New Registration - Registration Module Pages/Form 2/DOB Year' is clicked on

2018-11-27 16:13:43 - [MESSAGE][PASSED] - Object: 'Object Repository/Final Object Repo/New Registration - Registration Module Pages/Form 2/DOB Year' is clicked on

2018-11-27 16:13:43 - [TEST_STEP][PASSED] - Statement - Eyearsbf = EighteenYrsBefore: null

2018-11-27 16:13:43 - [TEST_STEP][PASSED] - Statement - selectYear = new com.kms.katalon.core.testobject.TestObject(): null

2018-11-27 16:13:43 - [TEST_STEP][PASSED] - Statement - selectYear.addProperty("xpath", EQUALS, "//div/div/div/select/option[@value='" + Eyearsbf + "']", true): null

2018-11-27 16:13:43 - [TEST_STEP][PASSED] - click: Object: '' is clicked on

2018-11-27 16:13:43 - [MESSAGE][PASSED] - Object: '' is clicked on

2018-11-27 16:13:43 - [TEST_STEP][PASSED] - Statement - UpdatedSelectDate = com.kms.katalon.core.webui.keyword.WebUiBuiltInKeywords.modifyObjectProperty(com.kms.katalon.core.testobject.ObjectRepository.findTestObject(Final Object Repo/New Registration - Registration Module Pages/Form 2/DOB Date), "xpath", "equals", "//body/div/table/tbody/tr/td/a[text()="" + CurrentDate + ""]", true): Modify property of object successfully

2018-11-27 16:13:43 - [MESSAGE][PASSED] - Modify property of object successfully

2018-11-27 16:13:43 - [TEST_STEP][PASSED] - delay: Delayed 3 second(s)

2018-11-27 16:13:46 - [MESSAGE][PASSED] - Delayed 3 second(s)

2018-11-27 16:13:46 - [TEST_STEP][PASSED] - click: Object: 'Object Repository/Final Object Repo/New Registration - Registration Module Pages/Form 2/DOB Date' is clicked on

2018-11-27 16:13:46 - [MESSAGE][PASSED] - Object: 'Object Repository/Final Object Repo/New Registration - Registration Module Pages/Form 2/DOB Date' is clicked on

2018-11-27 16:13:46 - [TEST_STEP][PASSED] - delay: Delayed 2 second(s)

2018-11-27 16:13:48 - [MESSAGE][PASSED] - Delayed 2 second(s)

2018-11-27 16:13:48 - [TEST_STEP][PASSED] - click: Object: 'Object Repository/Final Object Repo/New Registration - Registration Module Pages/Form 2/EmploymentStartDate Pop Up' is clicked on

2018-11-27 16:13:48 - [MESSAGE][PASSED] - Object: 'Object Repository/Final Object Repo/New Registration - Registration Module Pages/Form 2/EmploymentStartDate Pop Up' is clicked on

2018-11-27 16:13:48 - [TEST_STEP][PASSED] - delay: Delayed 2 second(s)

2018-11-27 16:13:50 - [MESSAGE][PASSED] - Delayed 2 second(s)

2018-11-27 16:13:50 - [TEST_STEP][PASSED] - click: Object: 'Object Repository/Final Object Repo/New Registration - Registration Module Pages/Form 2/Socso Employment StartDate Month' is clicked on

2018-11-27 16:13:50 - [MESSAGE][PASSED] - Object: 'Object Repository/Final Object Repo/New Registration - Registration Module Pages/Form 2/Socso Employment StartDate Month' is clicked on

2018-11-27 16:13:50 - [TEST_STEP][PASSED] - delay: Delayed 1 second(s)

2018-11-27 16:13:51 - [MESSAGE][PASSED] - Delayed 1 second(s)

2018-11-27 16:13:51 - [TEST_STEP][PASSED] - click: Object: 'Object Repository/Final Object Repo/New Registration - Registration Module Pages/Form 2/Select Socso Employement Startdate Month' is clicked on

2018-11-27 16:13:52 - [MESSAGE][PASSED] - Object: 'Object Repository/Final Object Repo/New Registration - Registration Module Pages/Form 2/Select Socso Employement Startdate Month' is clicked on

2018-11-27 16:13:52 - [TEST_STEP][PASSED] - delay: Delayed 2 second(s)

2018-11-27 16:13:54 - [MESSAGE][PASSED] - Delayed 2 second(s)

2018-11-27 16:13:54 - [TEST_STEP][PASSED] - click: Object: 'Object Repository/Final Object Repo/New Registration - Registration Module Pages/Form 2/Socso Employment StartDate Year' is clicked on

2018-11-27 16:13:54 - [MESSAGE][PASSED] - Object: 'Object Repository/Final Object Repo/New Registration - Registration Module Pages/Form 2/Socso Employment StartDate Year' is clicked on

2018-11-27 16:13:54 - [TEST_STEP][PASSED] - delay: Delayed 1 second(s)

2018-11-27 16:13:55 - [MESSAGE][PASSED] - Delayed 1 second(s)

2018-11-27 16:13:55 - [TEST_STEP][PASSED] - click: Object: 'Object Repository/Final Object Repo/New Registration - Registration Module Pages/Form 2/Select Socso Employment Startdate Year' is clicked on

2018-11-27 16:13:55 - [MESSAGE][PASSED] - Object: 'Object Repository/Final Object Repo/New Registration - Registration Module Pages/Form 2/Select Socso Employment Startdate Year' is clicked on

2018-11-27 16:13:55 - [TEST_STEP][PASSED] - delay: Delayed 2 second(s)

2018-11-27 16:13:57 - [MESSAGE][PASSED] - Delayed 2 second(s)

2018-11-27 16:13:57 - [TEST_STEP][PASSED] - click: Object: 'Object Repository/Final Object Repo/New Registration - Registration Module Pages/Form 2/Socso Employment Start Date Day' is clicked on

2018-11-27 16:13:57 - [MESSAGE][PASSED] - Object: 'Object Repository/Final Object Repo/New Registration - Registration Module Pages/Form 2/Socso Employment Start Date Day' is clicked on

2018-11-27 16:13:57 - [TEST_STEP][PASSED] - delay: Delayed 2 second(s)

2018-11-27 16:13:59 - [MESSAGE][PASSED] - Delayed 2 second(s)

2018-11-27 16:13:59 - [TEST_STEP][PASSED] - click: Object: 'Object Repository/Final Object Repo/New Registration - Registration Module Pages/Form 2/Save Button for Add Employee' is clicked on

2018-11-27 16:13:59 - [MESSAGE][PASSED] - Object: 'Object Repository/Final Object Repo/New Registration - Registration Module Pages/Form 2/Save Button for Add Employee' is clicked on

2018-11-27 16:13:59 - [TEST_STEP][PASSED] - delay: Delayed 6 second(s)

2018-11-27 16:14:05 - [MESSAGE][PASSED] - Delayed 6 second(s)

2018-11-27 16:14:05 - [TEST_STEP][PASSED] - click: Object: 'Object Repository/Final Object Repo/New Registration - Registration Module Pages/Form 2/Save and Continue Form 2' is clicked on

2018-11-27 16:14:06 - [MESSAGE][PASSED] - Object: 'Object Repository/Final Object Repo/New Registration - Registration Module Pages/Form 2/Save and Continue Form 2' is clicked on

2018-11-27 16:14:06 - [MESSAGE][PASSED] - Call Test Case 'Test Cases/Final Aug 2018 - PKS Automation/Registration Module/New Registration/Form 2/Add 1 Eligible' successfully

2018-11-27 16:14:06 - [TEST_STEP][PASSED] - callTestCase: Call Test Case 'Test Cases/Final Aug 2018 - PKS Automation/Registration Module/New Registration/Flow of New Registration/Third Screen - Upload Supporting Doc - Preview' successfully

2018-11-27 16:14:06 - [TEST_CASE][PASSED] - Test Cases/Final Aug 2018 - PKS Automation/Registration Module/New Registration/Flow of New Registration/Third Screen - Upload Supporting Doc - Preview: Test Cases/Final Aug 2018 - PKS Automation/Registration Module/New Registration/Flow of New Registration/Third Screen - Upload Supporting Doc - Preview

2018-11-27 16:14:06 - [TEST_STEP][PASSED] - waitForPageLoad: Wait for page load successfully

2018-11-27 16:14:06 - [MESSAGE][PASSED] - Wait for page load successfully

2018-11-27 16:14:06 - [TEST_STEP][PASSED] - Statement - CaseReferenceNo = com.kms.katalon.core.webui.keyword.WebUiBuiltInKeywords.getText(com.kms.katalon.core.testobject.ObjectRepository.findTestObject(Final Object Repo/New Registration - Registration Module Pages/Third Screen - Upload Supporting Doc- Preview/RefNo Acquiring)): Text of object 'Object Repository/Final Object Repo/New Registration - Registration Module Pages/Third Screen - Upload Supporting Doc- Preview/RefNo Acquiring' is: 'CRN11201800122871'

2018-11-27 16:14:07 - [MESSAGE][PASSED] - Text of object 'Object Repository/Final Object Repo/New Registration - Registration Module Pages/Third Screen - Upload Supporting Doc- Preview/RefNo Acquiring' is: 'CRN11201800122871'

2018-11-27 16:14:07 - [TEST_STEP][PASSED] - delay: Delayed 2 second(s)

2018-11-27 16:14:09 - [MESSAGE][PASSED] - Delayed 2 second(s)

2018-11-27 16:14:09 - [TEST_STEP][PASSED] - callTestCase: Call Test Case 'Test Cases/Final Aug 2018 - PKS Automation/Common/Reference Number Setter' successfully

2018-11-27 16:14:09 - [TEST_CASE][PASSED] - Test Cases/Final Aug 2018 - PKS Automation/Common/Reference Number Setter: Test Cases/Final Aug 2018 - PKS Automation/Common/Reference Number Setter

2018-11-27 16:14:09 - [TEST_STEP][PASSED] - Statement - RefNoOldFile = new java.io.File(C://Users//Admin//Desktop//PKS//Automation Reference Point//KatalonReference.txt): null

2018-11-27 16:14:09 - [TEST_STEP][PASSED] - Statement - RefNoOldFile.delete(): null

2018-11-27 16:14:09 - [TEST_STEP][PASSED] - delay: Delayed 5 second(s)

2018-11-27 16:14:14 - [MESSAGE][PASSED] - Delayed 5 second(s)

2018-11-27 16:14:14 - [TEST_STEP][PASSED] - Statement - RefNo = new java.io.File(C://Users//Admin//Desktop//PKS//Automation Reference Point//KatalonReference.txt): null

2018-11-27 16:14:14 - [TEST_STEP][PASSED] - Statement - f2 = new java.io.FileWriter(RefNo, false): null

2018-11-27 16:14:14 - [TEST_STEP][PASSED] - Statement - f2.write(CaseReferenceNo): null

2018-11-27 16:14:14 - [TEST_STEP][PASSED] - Statement - f2.close(): null

2018-11-27 16:14:14 - [TEST_STEP][PASSED] - Statement - out.println("


" + CaseReferenceNo + "


"): null

2018-11-27 16:14:14 - [MESSAGE][PASSED] - Call Test Case 'Test Cases/Final Aug 2018 - PKS Automation/Common/Reference Number Setter' successfully

2018-11-27 16:14:14 - [TEST_STEP][PASSED] - waitForElementClickable: Object 'Object Repository/Final Object Repo/New Registration - Registration Module Pages/Third Screen - Upload Supporting Doc- Preview/Save n Continue in SIP Employee Listing Page' is clickable

2018-11-27 16:14:14 - [MESSAGE][PASSED] - Object 'Object Repository/Final Object Repo/New Registration - Registration Module Pages/Third Screen - Upload Supporting Doc- Preview/Save n Continue in SIP Employee Listing Page' is clickable

2018-11-27 16:14:14 - [TEST_STEP][PASSED] - click: Object: 'Object Repository/Final Object Repo/New Registration - Registration Module Pages/Third Screen - Upload Supporting Doc- Preview/Save n Continue in SIP Employee Listing Page' is clicked on

2018-11-27 16:14:19 - [MESSAGE][PASSED] - Object: 'Object Repository/Final Object Repo/New Registration - Registration Module Pages/Third Screen - Upload Supporting Doc- Preview/Save n Continue in SIP Employee Listing Page' is clicked on

2018-11-27 16:14:19 - [TEST_STEP][PASSED] - delay: Delayed 7 second(s)

2018-11-27 16:14:26 - [MESSAGE][PASSED] - Delayed 7 second(s)

2018-11-27 16:14:26 - [TEST_STEP][PASSED] - click: Object: 'Object Repository/Final Object Repo/New Registration - Registration Module Pages/Third Screen - Upload Supporting Doc- Preview/Add Document Button' is clicked on

2018-11-27 16:14:27 - [MESSAGE][PASSED] - Object: 'Object Repository/Final Object Repo/New Registration - Registration Module Pages/Third Screen - Upload Supporting Doc- Preview/Add Document Button' is clicked on

2018-11-27 16:14:27 - [TEST_STEP][PASSED] - delay: Delayed 30 second(s)

2018-11-27 16:14:57 - [MESSAGE][PASSED] - Delayed 30 second(s)

2018-11-27 16:14:57 - [TEST_STEP][PASSED] - click: Object: 'Object Repository/Final Object Repo/New Registration - Registration Module Pages/Third Screen - Upload Supporting Doc- Preview/Supporting Doc Please Select Drop Down' is clicked on

2018-11-27 16:14:57 - [MESSAGE][PASSED] - Object: 'Object Repository/Final Object Repo/New Registration - Registration Module Pages/Third Screen - Upload Supporting Doc- Preview/Supporting Doc Please Select Drop Down' is clicked on

2018-11-27 16:14:57 - [TEST_STEP][PASSED] - delay: Delayed 2 second(s)

2018-11-27 16:14:59 - [MESSAGE][PASSED] - Delayed 2 second(s)

2018-11-27 16:14:59 - [TEST_STEP][PASSED] - click: Object: 'Object Repository/Final Object Repo/New Registration - Registration Module Pages/Third Screen - Upload Supporting Doc- Preview/Select to Upload Form 1' is clicked on

2018-11-27 16:14:59 - [MESSAGE][PASSED] - Object: 'Object Repository/Final Object Repo/New Registration - Registration Module Pages/Third Screen - Upload Supporting Doc- Preview/Select to Upload Form 1' is clicked on

2018-11-27 16:14:59 - [TEST_STEP][PASSED] - delay: Delayed 2 second(s)

2018-11-27 16:15:01 - [MESSAGE][PASSED] - Delayed 2 second(s)

2018-11-27 16:15:01 - [TEST_STEP][PASSED] - uploadFile: File 'C:\Users\Public\Pictures\Sample Pictures\Koala.jpg' sent to object: 'Object Repository/Final Object Repo/New Registration - Registration Module Pages/Third Screen - Upload Supporting Doc- Preview/Upload File Adding'

2018-11-27 16:15:01 - [MESSAGE][PASSED] - File 'C:\Users\Public\Pictures\Sample Pictures\Koala.jpg' sent to object: 'Object Repository/Final Object Repo/New Registration - Registration Module Pages/Third Screen - Upload Supporting Doc- Preview/Upload File Adding'

2018-11-27 16:15:01 - [TEST_STEP][PASSED] - delay: Delayed 5 second(s)

2018-11-27 16:15:06 - [MESSAGE][PASSED] - Delayed 5 second(s)

2018-11-27 16:15:06 - [TEST_STEP][PASSED] - click: Object: 'Object Repository/Final Object Repo/New Registration - Registration Module Pages/Third Screen - Upload Supporting Doc- Preview/Inner Form Add Document Button' is clicked on

2018-11-27 16:15:06 - [MESSAGE][PASSED] - Object: 'Object Repository/Final Object Repo/New Registration - Registration Module Pages/Third Screen - Upload Supporting Doc- Preview/Inner Form Add Document Button' is clicked on

2018-11-27 16:15:06 - [TEST_STEP][PASSED] - delay: Delayed 3 second(s)

2018-11-27 16:15:09 - [MESSAGE][PASSED] - Delayed 3 second(s)

2018-11-27 16:15:09 - [TEST_STEP][PASSED] - click: Object: 'Object Repository/Final Object Repo/New Registration - Registration Module Pages/Third Screen - Upload Supporting Doc- Preview/Add Document Button' is clicked on

2018-11-27 16:15:10 - [MESSAGE][PASSED] - Object: 'Object Repository/Final Object Repo/New Registration - Registration Module Pages/Third Screen - Upload Supporting Doc- Preview/Add Document Button' is clicked on

2018-11-27 16:15:10 - [TEST_STEP][PASSED] - delay: Delayed 30 second(s)

2018-11-27 16:15:40 - [MESSAGE][PASSED] - Delayed 30 second(s)

2018-11-27 16:15:40 - [TEST_STEP][PASSED] - click: Object: 'Object Repository/Final Object Repo/New Registration - Registration Module Pages/Third Screen - Upload Supporting Doc- Preview/Supporting Doc Please Select Drop Down' is clicked on

2018-11-27 16:15:41 - [MESSAGE][PASSED] - Object: 'Object Repository/Final Object Repo/New Registration - Registration Module Pages/Third Screen - Upload Supporting Doc- Preview/Supporting Doc Please Select Drop Down' is clicked on

2018-11-27 16:15:41 - [TEST_STEP][PASSED] - delay: Delayed 2 second(s)

2018-11-27 16:15:43 - [MESSAGE][PASSED] - Delayed 2 second(s)

2018-11-27 16:15:43 - [TEST_STEP][PASSED] - click: Object: 'Object Repository/Final Object Repo/New Registration - Registration Module Pages/Third Screen - Upload Supporting Doc- Preview/Select to Upload Form 2' is clicked on

2018-11-27 16:15:43 - [MESSAGE][PASSED] - Object: 'Object Repository/Final Object Repo/New Registration - Registration Module Pages/Third Screen - Upload Supporting Doc- Preview/Select to Upload Form 2' is clicked on

2018-11-27 16:15:43 - [TEST_STEP][PASSED] - delay: Delayed 2 second(s)

2018-11-27 16:15:45 - [MESSAGE][PASSED] - Delayed 2 second(s)

2018-11-27 16:15:45 - [TEST_STEP][PASSED] - uploadFile: File 'C:\Users\Public\Pictures\Sample Pictures\Koala.jpg' sent to object: 'Object Repository/Final Object Repo/New Registration - Registration Module Pages/Third Screen - Upload Supporting Doc- Preview/Upload File Adding'

2018-11-27 16:15:45 - [MESSAGE][PASSED] - File 'C:\Users\Public\Pictures\Sample Pictures\Koala.jpg' sent to object: 'Object Repository/Final Object Repo/New Registration - Registration Module Pages/Third Screen - Upload Supporting Doc- Preview/Upload File Adding'

2018-11-27 16:15:45 - [TEST_STEP][PASSED] - click: Object: 'Object Repository/Final Object Repo/New Registration - Registration Module Pages/Third Screen - Upload Supporting Doc- Preview/Inner Form Add Document Button' is clicked on

2018-11-27 16:15:45 - [MESSAGE][PASSED] - Object: 'Object Repository/Final Object Repo/New Registration - Registration Module Pages/Third Screen - Upload Supporting Doc- Preview/Inner Form Add Document Button' is clicked on

2018-11-27 16:15:45 - [TEST_STEP][PASSED] - delay: Delayed 5 second(s)

2018-11-27 16:15:50 - [MESSAGE][PASSED] - Delayed 5 second(s)

2018-11-27 16:15:50 - [TEST_STEP][PASSED] - click: Object: 'Object Repository/Final Object Repo/New Registration - Registration Module Pages/Third Screen - Upload Supporting Doc- Preview/Add Document Button' is clicked on

2018-11-27 16:15:50 - [MESSAGE][PASSED] - Object: 'Object Repository/Final Object Repo/New Registration - Registration Module Pages/Third Screen - Upload Supporting Doc- Preview/Add Document Button' is clicked on

2018-11-27 16:15:50 - [TEST_STEP][PASSED] - delay: Delayed 30 second(s)

2018-11-27 16:16:20 - [MESSAGE][PASSED] - Delayed 30 second(s)

2018-11-27 16:16:20 - [TEST_STEP][PASSED] - click: Object: 'Object Repository/Final Object Repo/New Registration - Registration Module Pages/Third Screen - Upload Supporting Doc- Preview/Supporting Doc Please Select Drop Down' is clicked on

2018-11-27 16:16:21 - [MESSAGE][PASSED] - Object: 'Object Repository/Final Object Repo/New Registration - Registration Module Pages/Third Screen - Upload Supporting Doc- Preview/Supporting Doc Please Select Drop Down' is clicked on

2018-11-27 16:16:21 - [TEST_STEP][PASSED] - click: Object: 'Object Repository/Final Object Repo/New Registration - Registration Module Pages/Third Screen - Upload Supporting Doc- Preview/Select to Upload Borang SIP 1' is clicked on

2018-11-27 16:16:21 - [MESSAGE][PASSED] - Object: 'Object Repository/Final Object Repo/New Registration - Registration Module Pages/Third Screen - Upload Supporting Doc- Preview/Select to Upload Borang SIP 1' is clicked on

2018-11-27 16:16:21 - [TEST_STEP][PASSED] - delay: Delayed 2 second(s)

2018-11-27 16:16:23 - [MESSAGE][PASSED] - Delayed 2 second(s)

2018-11-27 16:16:23 - [TEST_STEP][PASSED] - uploadFile: File 'C:\Users\Public\Pictures\Sample Pictures\Koala.jpg' sent to object: 'Object Repository/Final Object Repo/New Registration - Registration Module Pages/Third Screen - Upload Supporting Doc- Preview/Upload File Adding'

2018-11-27 16:16:23 - [MESSAGE][PASSED] - File 'C:\Users\Public\Pictures\Sample Pictures\Koala.jpg' sent to object: 'Object Repository/Final Object Repo/New Registration - Registration Module Pages/Third Screen - Upload Supporting Doc- Preview/Upload File Adding'

2018-11-27 16:16:23 - [TEST_STEP][PASSED] - click: Object: 'Object Repository/Final Object Repo/New Registration - Registration Module Pages/Third Screen - Upload Supporting Doc- Preview/Inner Form Add Document Button' is clicked on

2018-11-27 16:16:23 - [MESSAGE][PASSED] - Object: 'Object Repository/Final Object Repo/New Registration - Registration Module Pages/Third Screen - Upload Supporting Doc- Preview/Inner Form Add Document Button' is clicked on

2018-11-27 16:16:23 - [TEST_STEP][PASSED] - delay: Delayed 5 second(s)

2018-11-27 16:16:28 - [MESSAGE][PASSED] - Delayed 5 second(s)

2018-11-27 16:16:28 - [TEST_STEP][PASSED] - click: Object: 'Object Repository/Final Object Repo/New Registration - Registration Module Pages/Third Screen - Upload Supporting Doc- Preview/Add Document Button' is clicked on

2018-11-27 16:16:28 - [MESSAGE][PASSED] - Object: 'Object Repository/Final Object Repo/New Registration - Registration Module Pages/Third Screen - Upload Supporting Doc- Preview/Add Document Button' is clicked on

2018-11-27 16:16:28 - [TEST_STEP][PASSED] - delay: Delayed 30 second(s)

2018-11-27 16:16:58 - [MESSAGE][PASSED] - Delayed 30 second(s)

2018-11-27 16:16:58 - [TEST_STEP][PASSED] - click: Object: 'Object Repository/Final Object Repo/New Registration - Registration Module Pages/Third Screen - Upload Supporting Doc- Preview/Supporting Doc Please Select Drop Down' is clicked on

2018-11-27 16:16:58 - [MESSAGE][PASSED] - Object: 'Object Repository/Final Object Repo/New Registration - Registration Module Pages/Third Screen - Upload Supporting Doc- Preview/Supporting Doc Please Select Drop Down' is clicked on

2018-11-27 16:16:58 - [TEST_STEP][PASSED] - delay: Delayed 3 second(s)

2018-11-27 16:17:01 - [MESSAGE][PASSED] - Delayed 3 second(s)

2018-11-27 16:17:01 - [TEST_STEP][PASSED] - click: Object: 'Object Repository/Final Object Repo/New Registration - Registration Module Pages/Third Screen - Upload Supporting Doc- Preview/Select to Upload Borang SIP 2' is clicked on

2018-11-27 16:17:02 - [MESSAGE][PASSED] - Object: 'Object Repository/Final Object Repo/New Registration - Registration Module Pages/Third Screen - Upload Supporting Doc- Preview/Select to Upload Borang SIP 2' is clicked on

2018-11-27 16:17:02 - [TEST_STEP][PASSED] - delay: Delayed 2 second(s)

2018-11-27 16:17:04 - [MESSAGE][PASSED] - Delayed 2 second(s)

2018-11-27 16:17:04 - [TEST_STEP][PASSED] - uploadFile: File 'C:\Users\Public\Pictures\Sample Pictures\Koala.jpg' sent to object: 'Object Repository/Final Object Repo/New Registration - Registration Module Pages/Third Screen - Upload Supporting Doc- Preview/Upload File Adding'

2018-11-27 16:17:04 - [MESSAGE][PASSED] - File 'C:\Users\Public\Pictures\Sample Pictures\Koala.jpg' sent to object: 'Object Repository/Final Object Repo/New Registration - Registration Module Pages/Third Screen - Upload Supporting Doc- Preview/Upload File Adding'

2018-11-27 16:17:04 - [TEST_STEP][PASSED] - delay: Delayed 5 second(s)

2018-11-27 16:17:09 - [MESSAGE][PASSED] - Delayed 5 second(s)

2018-11-27 16:17:09 - [TEST_STEP][PASSED] - click: Object: 'Object Repository/Final Object Repo/New Registration - Registration Module Pages/Third Screen - Upload Supporting Doc- Preview/Inner Form Add Document Button' is clicked on

2018-11-27 16:17:09 - [MESSAGE][PASSED] - Object: 'Object Repository/Final Object Repo/New Registration - Registration Module Pages/Third Screen - Upload Supporting Doc- Preview/Inner Form Add Document Button' is clicked on

2018-11-27 16:17:09 - [TEST_STEP][PASSED] - delay: Delayed 3 second(s)

2018-11-27 16:17:12 - [MESSAGE][PASSED] - Delayed 3 second(s)

2018-11-27 16:17:12 - [TEST_STEP][PASSED] - waitForElementClickable: Object 'Object Repository/Final Object Repo/New Registration - Registration Module Pages/Third Screen - Upload Supporting Doc- Preview/Save n Continue in Uploading Supporting Doc Page' is clickable

2018-11-27 16:17:13 - [MESSAGE][PASSED] - Object 'Object Repository/Final Object Repo/New Registration - Registration Module Pages/Third Screen - Upload Supporting Doc- Preview/Save n Continue in Uploading Supporting Doc Page' is clickable

2018-11-27 16:17:13 - [TEST_STEP][PASSED] - click: Object: 'Object Repository/Final Object Repo/New Registration - Registration Module Pages/Third Screen - Upload Supporting Doc- Preview/Save n Continue in Uploading Supporting Doc Page' is clicked on

2018-11-27 16:17:13 - [MESSAGE][PASSED] - Object: 'Object Repository/Final Object Repo/New Registration - Registration Module Pages/Third Screen - Upload Supporting Doc- Preview/Save n Continue in Uploading Supporting Doc Page' is clicked on

2018-11-27 16:17:13 - [MESSAGE][PASSED] - Call Test Case 'Test Cases/Final Aug 2018 - PKS Automation/Registration Module/New Registration/Flow of New Registration/Third Screen - Upload Supporting Doc - Preview' successfully

2018-11-27 16:17:13 - [TEST_STEP][PASSED] - callTestCase: Call Test Case 'Test Cases/Final Aug 2018 - PKS Automation/Registration Module/New Registration/Submit and Screenshot/Submit Registration and Screenshot - Copy' successfully

2018-11-27 16:17:13 - [TEST_CASE][PASSED] - Test Cases/Final Aug 2018 - PKS Automation/Registration Module/New Registration/Submit and Screenshot/Submit Registration and Screenshot - Copy: Test Cases/Final Aug 2018 - PKS Automation/Registration Module/New Registration/Submit and Screenshot/Submit Registration and Screenshot - Copy

2018-11-27 16:17:13 - [TEST_STEP][PASSED] - delay: Delayed 6 second(s)

2018-11-27 16:17:19 - [MESSAGE][PASSED] - Delayed 6 second(s)

2018-11-27 16:17:19 - [TEST_STEP][PASSED] - click: Object: 'Object Repository/Final Object Repo/New Registration - Registration Module Pages/Third Screen - Upload Supporting Doc- Preview/Preview Submit Button' is clicked on

2018-11-27 16:17:19 - [MESSAGE][PASSED] - Object: 'Object Repository/Final Object Repo/New Registration - Registration Module Pages/Third Screen - Upload Supporting Doc- Preview/Preview Submit Button' is clicked on

2018-11-27 16:17:19 - [TEST_STEP][PASSED] - delay: Delayed 2 second(s)

2018-11-27 16:17:21 - [MESSAGE][PASSED] - Delayed 2 second(s)

2018-11-27 16:17:21 - [TEST_STEP][PASSED] - click: Object: 'Object Repository/Final Object Repo/New Registration - Registration Module Pages/Third Screen - Upload Supporting Doc- Preview/Preview Submit - Confirm' is clicked on

2018-11-27 16:17:22 - [MESSAGE][PASSED] - Object: 'Object Repository/Final Object Repo/New Registration - Registration Module Pages/Third Screen - Upload Supporting Doc- Preview/Preview Submit - Confirm' is clicked on

2018-11-27 16:17:22 - [TEST_STEP][PASSED] - delay: Delayed 15 second(s)

2018-11-27 16:17:37 - [MESSAGE][PASSED] - Delayed 15 second(s)

2018-11-27 16:17:37 - [TEST_STEP][PASSED] - Statement - driver = com.kms.katalon.core.webui.driver.DriverFactory.getWebDriver(): null

2018-11-27 16:17:37 - [TEST_STEP][PASSED] - Statement - driver.manage().timeouts().implicitlyWait(10, SECONDS): null

2018-11-27 16:17:37 - [TEST_STEP][PASSED] - Statement - PresavePath = KatalonScreenshots: null

2018-11-27 16:17:37 - [TEST_STEP][PASSED] - Statement - pathPrefix = "C:\Users\Public\Pictures\Sample Pictures\Katalon Screenshots\Automate Ending Screen": null

2018-11-27 16:17:37 - [TEST_STEP][PASSED] - Statement - finalPath = <not implemented yet for class: org.codehaus.groovy.ast.expr.EmptyExpression>: null

2018-11-27 16:17:37 - [TEST_STEP][PASSED] - Statement - scrFile = driver.getScreenshotAs(FILE): null

2018-11-27 16:17:37 - [TEST_STEP][PASSED] - Statement - PreSaveFile = new java.io.File(PresavePath): null

2018-11-27 16:17:37 - [TEST_STEP][PASSED] - Statement - counter = 0: null

2018-11-27 16:17:37 - [TEST_STEP][PASSED] - Statement - If (PreSaveFile.exists()): null

2018-11-27 16:17:37 - [TEST_STEP][PASSED] - Statement - While (PreSaveFile.exists()): null

2018-11-27 16:17:37 - [TEST_STEP][PASSED] - Statement - counter = counter + 1: null

2018-11-27 16:17:37 - [TEST_STEP][PASSED] - Statement - PreSaveFile = new java.io.File(((pathPrefix + java.lang.Integer.toString(counter)) + .png)): null

2018-11-27 16:17:37 - [TEST_STEP][PASSED] - Statement - counter = counter + 1: null

2018-11-27 16:17:37 - [TEST_STEP][PASSED] - Statement - PreSaveFile = new java.io.File(((pathPrefix + java.lang.Integer.toString(counter)) + .png)): null

2018-11-27 16:17:37 - [TEST_STEP][PASSED] - Statement - counter = counter + 1: null

2018-11-27 16:17:37 - [TEST_STEP][PASSED] - Statement - PreSaveFile = new java.io.File(((pathPrefix + java.lang.Integer.toString(counter)) + .png)): null

2018-11-27 16:17:37 - [TEST_STEP][PASSED] - Statement - counter = counter + 1: null

2018-11-27 16:17:37 - [TEST_STEP][PASSED] - Statement - PreSaveFile = new java.io.File(((pathPrefix + java.lang.Integer.toString(counter)) + .png)): null

2018-11-27 16:17:37 - [TEST_STEP][PASSED] - Statement - counter = counter + 1: null

2018-11-27 16:17:37 - [TEST_STEP][PASSED] - Statement - PreSaveFile = new java.io.File(((pathPrefix + java.lang.Integer.toString(counter)) + .png)): null

2018-11-27 16:17:37 - [TEST_STEP][PASSED] - Statement - counter = counter + 1: null

2018-11-27 16:17:37 - [TEST_STEP][PASSED] - Statement - PreSaveFile = new java.io.File(((pathPrefix + java.lang.Integer.toString(counter)) + .png)): null

2018-11-27 16:17:37 - [TEST_STEP][PASSED] - Statement - counter = counter + 1: null

2018-11-27 16:17:37 - [TEST_STEP][PASSED] - Statement - PreSaveFile = new java.io.File(((pathPrefix + java.lang.Integer.toString(counter)) + .png)): null

2018-11-27 16:17:37 - [TEST_STEP][PASSED] - Statement - counter = counter + 1: null

2018-11-27 16:17:37 - [TEST_STEP][PASSED] - Statement - PreSaveFile = new java.io.File(((pathPrefix + java.lang.Integer.toString(counter)) + .png)): null

2018-11-27 16:17:37 - [TEST_STEP][PASSED] - Statement - counter = counter + 1: null

2018-11-27 16:17:37 - [TEST_STEP][PASSED] - Statement - PreSaveFile = new java.io.File(((pathPrefix + java.lang.Integer.toString(counter)) + .png)): null

2018-11-27 16:17:37 - [TEST_STEP][PASSED] - Statement - counter = counter + 1: null

2018-11-27 16:17:37 - [TEST_STEP][PASSED] - Statement - PreSaveFile = new java.io.File(((pathPrefix + java.lang.Integer.toString(counter)) + .png)): null

2018-11-27 16:17:37 - [TEST_STEP][PASSED] - Statement - counter = counter + 1: null

2018-11-27 16:17:37 - [TEST_STEP][PASSED] - Statement - PreSaveFile = new java.io.File(((pathPrefix + java.lang.Integer.toString(counter)) + .png)): null

2018-11-27 16:17:37 - [TEST_STEP][PASSED] - Statement - counter = counter + 1: null

2018-11-27 16:17:37 - [TEST_STEP][PASSED] - Statement - PreSaveFile = new java.io.File(((pathPrefix + java.lang.Integer.toString(counter)) + .png)): null

2018-11-27 16:17:37 - [TEST_STEP][PASSED] - Statement - counter = counter + 1: null

2018-11-27 16:17:37 - [TEST_STEP][PASSED] - Statement - PreSaveFile = new java.io.File(((pathPrefix + java.lang.Integer.toString(counter)) + .png)): null

2018-11-27 16:17:37 - [TEST_STEP][PASSED] - Statement - counter = counter + 1: null

2018-11-27 16:17:37 - [TEST_STEP][PASSED] - Statement - PreSaveFile = new java.io.File(((pathPrefix + java.lang.Integer.toString(counter)) + .png)): null

2018-11-27 16:17:37 - [TEST_STEP][PASSED] - Statement - counter = counter + 1: null

2018-11-27 16:17:37 - [TEST_STEP][PASSED] - Statement - PreSaveFile = new java.io.File(((pathPrefix + java.lang.Integer.toString(counter)) + .png)): null

2018-11-27 16:17:37 - [TEST_STEP][PASSED] - Statement - counter = counter + 1: null

2018-11-27 16:17:37 - [TEST_STEP][PASSED] - Statement - PreSaveFile = new java.io.File(((pathPrefix + java.lang.Integer.toString(counter)) + .png)): null

2018-11-27 16:17:37 - [TEST_STEP][PASSED] - Statement - counter = counter + 1: null

2018-11-27 16:17:37 - [TEST_STEP][PASSED] - Statement - PreSaveFile = new java.io.File(((pathPrefix + java.lang.Integer.toString(counter)) + .png)): null

2018-11-27 16:17:37 - [TEST_STEP][PASSED] - Statement - counter = counter + 1: null

2018-11-27 16:17:37 - [TEST_STEP][PASSED] - Statement - PreSaveFile = new java.io.File(((pathPrefix + java.lang.Integer.toString(counter)) + .png)): null

2018-11-27 16:17:37 - [TEST_STEP][PASSED] - Statement - counter = counter + 1: null

2018-11-27 16:17:37 - [TEST_STEP][PASSED] - Statement - PreSaveFile = new java.io.File(((pathPrefix + java.lang.Integer.toString(counter)) + .png)): null

2018-11-27 16:17:37 - [TEST_STEP][PASSED] - Statement - counter = counter + 1: null

2018-11-27 16:17:37 - [TEST_STEP][PASSED] - Statement - PreSaveFile = new java.io.File(((pathPrefix + java.lang.Integer.toString(counter)) + .png)): null

2018-11-27 16:17:37 - [TEST_STEP][PASSED] - Statement - counter = counter + 1: null

2018-11-27 16:17:37 - [TEST_STEP][PASSED] - Statement - PreSaveFile = new java.io.File(((pathPrefix + java.lang.Integer.toString(counter)) + .png)): null

2018-11-27 16:17:37 - [TEST_STEP][PASSED] - Statement - counter = counter + 1: null

2018-11-27 16:17:37 - [TEST_STEP][PASSED] - Statement - PreSaveFile = new java.io.File(((pathPrefix + java.lang.Integer.toString(counter)) + .png)): null

2018-11-27 16:17:37 - [TEST_STEP][PASSED] - Statement - counter = counter + 1: null

2018-11-27 16:17:37 - [TEST_STEP][PASSED] - Statement - PreSaveFile = new java.io.File(((pathPrefix + java.lang.Integer.toString(counter)) + .png)): null

2018-11-27 16:17:37 - [TEST_STEP][PASSED] - Statement - counter = counter + 1: null

2018-11-27 16:17:37 - [TEST_STEP][PASSED] - Statement - PreSaveFile = new java.io.File(((pathPrefix + java.lang.Integer.toString(counter)) + .png)): null

2018-11-27 16:17:37 - [TEST_STEP][PASSED] - Statement - counter = counter + 1: null

2018-11-27 16:17:37 - [TEST_STEP][PASSED] - Statement - PreSaveFile = new java.io.File(((pathPrefix + java.lang.Integer.toString(counter)) + .png)): null

2018-11-27 16:17:37 - [TEST_STEP][PASSED] - Statement - counter = counter + 1: null

2018-11-27 16:17:37 - [TEST_STEP][PASSED] - Statement - PreSaveFile = new java.io.File(((pathPrefix + java.lang.Integer.toString(counter)) + .png)): null

2018-11-27 16:17:37 - [TEST_STEP][PASSED] - Statement - counter = counter + 1: null

2018-11-27 16:17:37 - [TEST_STEP][PASSED] - Statement - PreSaveFile = new java.io.File(((pathPrefix + java.lang.Integer.toString(counter)) + .png)): null

2018-11-27 16:17:37 - [TEST_STEP][PASSED] - Statement - counter = counter + 1: null

2018-11-27 16:17:37 - [TEST_STEP][PASSED] - Statement - PreSaveFile = new java.io.File(((pathPrefix + java.lang.Integer.toString(counter)) + .png)): null

2018-11-27 16:17:37 - [TEST_STEP][PASSED] - Statement - counter = counter + 1: null

2018-11-27 16:17:37 - [TEST_STEP][PASSED] - Statement - PreSaveFile = new java.io.File(((pathPrefix + java.lang.Integer.toString(counter)) + .png)): null

2018-11-27 16:17:37 - [TEST_STEP][PASSED] - Statement - counter = counter + 1: null

2018-11-27 16:17:37 - [TEST_STEP][PASSED] - Statement - PreSaveFile = new java.io.File(((pathPrefix + java.lang.Integer.toString(counter)) + .png)): null

2018-11-27 16:17:37 - [TEST_STEP][PASSED] - Statement - counter = counter + 1: null

2018-11-27 16:17:37 - [TEST_STEP][PASSED] - Statement - PreSaveFile = new java.io.File(((pathPrefix + java.lang.Integer.toString(counter)) + .png)): null

2018-11-27 16:17:37 - [TEST_STEP][PASSED] - Statement - counter = counter + 1: null

2018-11-27 16:17:37 - [TEST_STEP][PASSED] - Statement - PreSaveFile = new java.io.File(((pathPrefix + java.lang.Integer.toString(counter)) + .png)): null

2018-11-27 16:17:37 - [TEST_STEP][PASSED] - Statement - counter = counter + 1: null

2018-11-27 16:17:37 - [TEST_STEP][PASSED] - Statement - PreSaveFile = new java.io.File(((pathPrefix + java.lang.Integer.toString(counter)) + .png)): null

2018-11-27 16:17:37 - [TEST_STEP][PASSED] - Statement - counter = counter + 1: null

2018-11-27 16:17:37 - [TEST_STEP][PASSED] - Statement - PreSaveFile = new java.io.File(((pathPrefix + java.lang.Integer.toString(counter)) + .png)): null

2018-11-27 16:17:37 - [TEST_STEP][PASSED] - Statement - counter = counter + 1: null

2018-11-27 16:17:37 - [TEST_STEP][PASSED] - Statement - PreSaveFile = new java.io.File(((pathPrefix + java.lang.Integer.toString(counter)) + .png)): null

2018-11-27 16:17:37 - [TEST_STEP][PASSED] - Statement - counter = counter + 1: null

2018-11-27 16:17:37 - [TEST_STEP][PASSED] - Statement - PreSaveFile = new java.io.File(((pathPrefix + java.lang.Integer.toString(counter)) + .png)): null

2018-11-27 16:17:37 - [TEST_STEP][PASSED] - Statement - counter = counter + 1: null

2018-11-27 16:17:37 - [TEST_STEP][PASSED] - Statement - PreSaveFile = new java.io.File(((pathPrefix + java.lang.Integer.toString(counter)) + .png)): null

2018-11-27 16:17:37 - [TEST_STEP][PASSED] - Statement - counter = counter + 1: null

2018-11-27 16:17:37 - [TEST_STEP][PASSED] - Statement - PreSaveFile = new java.io.File(((pathPrefix + java.lang.Integer.toString(counter)) + .png)): null

2018-11-27 16:17:37 - [TEST_STEP][PASSED] - Statement - counter = counter + 1: null

2018-11-27 16:17:37 - [TEST_STEP][PASSED] - Statement - PreSaveFile = new java.io.File(((pathPrefix + java.lang.Integer.toString(counter)) + .png)): null

2018-11-27 16:17:37 - [TEST_STEP][PASSED] - Statement - counter = counter + 1: null

2018-11-27 16:17:37 - [TEST_STEP][PASSED] - Statement - PreSaveFile = new java.io.File(((pathPrefix + java.lang.Integer.toString(counter)) + .png)): null

2018-11-27 16:17:37 - [TEST_STEP][PASSED] - Statement - counter = counter + 1: null

2018-11-27 16:17:37 - [TEST_STEP][PASSED] - Statement - PreSaveFile = new java.io.File(((pathPrefix + java.lang.Integer.toString(counter)) + .png)): null

2018-11-27 16:17:37 - [TEST_STEP][PASSED] - Statement - counter = counter + 1: null

2018-11-27 16:17:37 - [TEST_STEP][PASSED] - Statement - PreSaveFile = new java.io.File(((pathPrefix + java.lang.Integer.toString(counter)) + .png)): null

2018-11-27 16:17:37 - [TEST_STEP][PASSED] - Statement - counter = counter + 1: null

2018-11-27 16:17:37 - [TEST_STEP][PASSED] - Statement - PreSaveFile = new java.io.File(((pathPrefix + java.lang.Integer.toString(counter)) + .png)): null

2018-11-27 16:17:37 - [TEST_STEP][PASSED] - Statement - counter = counter + 1: null

2018-11-27 16:17:37 - [TEST_STEP][PASSED] - Statement - PreSaveFile = new java.io.File(((pathPrefix + java.lang.Integer.toString(counter)) + .png)): null

2018-11-27 16:17:37 - [TEST_STEP][PASSED] - Statement - counter = counter + 1: null

2018-11-27 16:17:37 - [TEST_STEP][PASSED] - Statement - PreSaveFile = new java.io.File(((pathPrefix + java.lang.Integer.toString(counter)) + .png)): null

2018-11-27 16:17:37 - [TEST_STEP][PASSED] - Statement - counter = counter + 1: null

2018-11-27 16:17:37 - [TEST_STEP][PASSED] - Statement - PreSaveFile = new java.io.File(((pathPrefix + java.lang.Integer.toString(counter)) + .png)): null

2018-11-27 16:17:37 - [TEST_STEP][PASSED] - Statement - counter = counter + 1: null

2018-11-27 16:17:37 - [TEST_STEP][PASSED] - Statement - PreSaveFile = new java.io.File(((pathPrefix + java.lang.Integer.toString(counter)) + .png)): null

2018-11-27 16:17:37 - [TEST_STEP][PASSED] - Statement - counter = counter + 1: null

2018-11-27 16:17:37 - [TEST_STEP][PASSED] - Statement - PreSaveFile = new java.io.File(((pathPrefix + java.lang.Integer.toString(counter)) + .png)): null

2018-11-27 16:17:37 - [TEST_STEP][PASSED] - Statement - counter = counter + 1: null

2018-11-27 16:17:37 - [TEST_STEP][PASSED] - Statement - PreSaveFile = new java.io.File(((pathPrefix + java.lang.Integer.toString(counter)) + .png)): null

2018-11-27 16:17:37 - [TEST_STEP][PASSED] - Statement - counter = counter + 1: null

2018-11-27 16:17:37 - [TEST_STEP][PASSED] - Statement - PreSaveFile = new java.io.File(((pathPrefix + java.lang.Integer.toString(counter)) + .png)): null

2018-11-27 16:17:37 - [TEST_STEP][PASSED] - Statement - counter = counter + 1: null

2018-11-27 16:17:37 - [TEST_STEP][PASSED] - Statement - PreSaveFile = new java.io.File(((pathPrefix + java.lang.Integer.toString(counter)) + .png)): null

2018-11-27 16:17:37 - [TEST_STEP][PASSED] - Statement - counter = counter + 1: null

2018-11-27 16:17:37 - [TEST_STEP][PASSED] - Statement - PreSaveFile = new java.io.File(((pathPrefix + java.lang.Integer.toString(counter)) + .png)): null

2018-11-27 16:17:37 - [TEST_STEP][PASSED] - Statement - counter = counter + 1: null

2018-11-27 16:17:37 - [TEST_STEP][PASSED] - Statement - PreSaveFile = new java.io.File(((pathPrefix + java.lang.Integer.toString(counter)) + .png)): null

2018-11-27 16:17:37 - [TEST_STEP][PASSED] - Statement - counter = counter + 1: null

2018-11-27 16:17:37 - [TEST_STEP][PASSED] - Statement - PreSaveFile = new java.io.File(((pathPrefix + java.lang.Integer.toString(counter)) + .png)): null

2018-11-27 16:17:37 - [TEST_STEP][PASSED] - Statement - counter = counter + 1: null

2018-11-27 16:17:37 - [TEST_STEP][PASSED] - Statement - PreSaveFile = new java.io.File(((pathPrefix + java.lang.Integer.toString(counter)) + .png)): null

2018-11-27 16:17:37 - [TEST_STEP][PASSED] - Statement - counter = counter + 1: null

2018-11-27 16:17:37 - [TEST_STEP][PASSED] - Statement - PreSaveFile = new java.io.File(((pathPrefix + java.lang.Integer.toString(counter)) + .png)): null

2018-11-27 16:17:37 - [TEST_STEP][PASSED] - Statement - counter = counter + 1: null

2018-11-27 16:17:37 - [TEST_STEP][PASSED] - Statement - PreSaveFile = new java.io.File(((pathPrefix + java.lang.Integer.toString(counter)) + .png)): null

2018-11-27 16:17:37 - [TEST_STEP][PASSED] - Statement - counter = counter + 1: null

2018-11-27 16:17:37 - [TEST_STEP][PASSED] - Statement - PreSaveFile = new java.io.File(((pathPrefix + java.lang.Integer.toString(counter)) + .png)): null

2018-11-27 16:17:37 - [TEST_STEP][PASSED] - Statement - counter = counter + 1: null

2018-11-27 16:17:37 - [TEST_STEP][PASSED] - Statement - PreSaveFile = new java.io.File(((pathPrefix + java.lang.Integer.toString(counter)) + .png)): null

2018-11-27 16:17:37 - [TEST_STEP][PASSED] - Statement - counter = counter + 1: null

2018-11-27 16:17:37 - [TEST_STEP][PASSED] - Statement - PreSaveFile = new java.io.File(((pathPrefix + java.lang.Integer.toString(counter)) + .png)): null

2018-11-27 16:17:37 - [TEST_STEP][PASSED] - Statement - counter = counter + 1: null

2018-11-27 16:17:37 - [TEST_STEP][PASSED] - Statement - PreSaveFile = new java.io.File(((pathPrefix + java.lang.Integer.toString(counter)) + .png)): null

2018-11-27 16:17:37 - [TEST_STEP][PASSED] - Statement - counter = counter + 1: null

2018-11-27 16:17:37 - [TEST_STEP][PASSED] - Statement - PreSaveFile = new java.io.File(((pathPrefix + java.lang.Integer.toString(counter)) + .png)): null

2018-11-27 16:17:37 - [TEST_STEP][PASSED] - Statement - counter = counter + 1: null

2018-11-27 16:17:37 - [TEST_STEP][PASSED] - Statement - PreSaveFile = new java.io.File(((pathPrefix + java.lang.Integer.toString(counter)) + .png)): null

2018-11-27 16:17:37 - [TEST_STEP][PASSED] - Statement - counter = counter + 1: null

2018-11-27 16:17:37 - [TEST_STEP][PASSED] - Statement - PreSaveFile = new java.io.File(((pathPrefix + java.lang.Integer.toString(counter)) + .png)): null

2018-11-27 16:17:37 - [TEST_STEP][PASSED] - Statement - counter = counter + 1: null

2018-11-27 16:17:37 - [TEST_STEP][PASSED] - Statement - PreSaveFile = new java.io.File(((pathPrefix + java.lang.Integer.toString(counter)) + .png)): null

2018-11-27 16:17:37 - [TEST_STEP][PASSED] - Statement - counter = counter + 1: null

2018-11-27 16:17:37 - [TEST_STEP][PASSED] - Statement - PreSaveFile = new java.io.File(((pathPrefix + java.lang.Integer.toString(counter)) + .png)): null

2018-11-27 16:17:37 - [TEST_STEP][PASSED] - Statement - counter = counter + 1: null

2018-11-27 16:17:37 - [TEST_STEP][PASSED] - Statement - PreSaveFile = new java.io.File(((pathPrefix + java.lang.Integer.toString(counter)) + .png)): null

2018-11-27 16:17:37 - [TEST_STEP][PASSED] - Statement - counter = counter + 1: null

2018-11-27 16:17:37 - [TEST_STEP][PASSED] - Statement - PreSaveFile = new java.io.File(((pathPrefix + java.lang.Integer.toString(counter)) + .png)): null

2018-11-27 16:17:37 - [TEST_STEP][PASSED] - Statement - counter = counter + 1: null

2018-11-27 16:17:37 - [TEST_STEP][PASSED] - Statement - PreSaveFile = new java.io.File(((pathPrefix + java.lang.Integer.toString(counter)) + .png)): null

2018-11-27 16:17:37 - [TEST_STEP][PASSED] - Statement - counter = counter + 1: null

2018-11-27 16:17:37 - [TEST_STEP][PASSED] - Statement - PreSaveFile = new java.io.File(((pathPrefix + java.lang.Integer.toString(counter)) + .png)): null

2018-11-27 16:17:37 - [TEST_STEP][PASSED] - Statement - counter = counter + 1: null

2018-11-27 16:17:37 - [TEST_STEP][PASSED] - Statement - PreSaveFile = new java.io.File(((pathPrefix + java.lang.Integer.toString(counter)) + .png)): null

2018-11-27 16:17:37 - [TEST_STEP][PASSED] - Statement - counter = counter + 1: null

2018-11-27 16:17:37 - [TEST_STEP][PASSED] - Statement - PreSaveFile = new java.io.File(((pathPrefix + java.lang.Integer.toString(counter)) + .png)): null

2018-11-27 16:17:37 - [TEST_STEP][PASSED] - Statement - counter = counter + 1: null

2018-11-27 16:17:37 - [TEST_STEP][PASSED] - Statement - PreSaveFile = new java.io.File(((pathPrefix + java.lang.Integer.toString(counter)) + .png)): null

2018-11-27 16:17:37 - [TEST_STEP][PASSED] - Statement - counter = counter + 1: null

2018-11-27 16:17:37 - [TEST_STEP][PASSED] - Statement - PreSaveFile = new java.io.File(((pathPrefix + java.lang.Integer.toString(counter)) + .png)): null

2018-11-27 16:17:37 - [TEST_STEP][PASSED] - Statement - counter = counter + 1: null

2018-11-27 16:17:37 - [TEST_STEP][PASSED] - Statement - PreSaveFile = new java.io.File(((pathPrefix + java.lang.Integer.toString(counter)) + .png)): null

2018-11-27 16:17:37 - [TEST_STEP][PASSED] - Statement - counter = counter + 1: null

2018-11-27 16:17:37 - [TEST_STEP][PASSED] - Statement - PreSaveFile = new java.io.File(((pathPrefix + java.lang.Integer.toString(counter)) + .png)): null

2018-11-27 16:17:37 - [TEST_STEP][PASSED] - Statement - counter = counter + 1: null

2018-11-27 16:17:37 - [TEST_STEP][PASSED] - Statement - PreSaveFile = new java.io.File(((pathPrefix + java.lang.Integer.toString(counter)) + .png)): null

2018-11-27 16:17:37 - [TEST_STEP][PASSED] - Statement - counter = counter + 1: null

2018-11-27 16:17:37 - [TEST_STEP][PASSED] - Statement - PreSaveFile = new java.io.File(((pathPrefix + java.lang.Integer.toString(counter)) + .png)): null

2018-11-27 16:17:37 - [TEST_STEP][PASSED] - Statement - counter = counter + 1: null

2018-11-27 16:17:37 - [TEST_STEP][PASSED] - Statement - PreSaveFile = new java.io.File(((pathPrefix + java.lang.Integer.toString(counter)) + .png)): null

2018-11-27 16:17:37 - [TEST_STEP][PASSED] - Statement - counter = counter + 1: null

2018-11-27 16:17:37 - [TEST_STEP][PASSED] - Statement - PreSaveFile = new java.io.File(((pathPrefix + java.lang.Integer.toString(counter)) + .png)): null

2018-11-27 16:17:37 - [TEST_STEP][PASSED] - Statement - counter = counter + 1: null

2018-11-27 16:17:37 - [TEST_STEP][PASSED] - Statement - PreSaveFile = new java.io.File(((pathPrefix + java.lang.Integer.toString(counter)) + .png)): null

2018-11-27 16:17:37 - [TEST_STEP][PASSED] - Statement - counter = counter + 1: null

2018-11-27 16:17:37 - [TEST_STEP][PASSED] - Statement - PreSaveFile = new java.io.File(((pathPrefix + java.lang.Integer.toString(counter)) + .png)): null

2018-11-27 16:17:37 - [TEST_STEP][PASSED] - Statement - counter = counter + 1: null

2018-11-27 16:17:37 - [TEST_STEP][PASSED] - Statement - PreSaveFile = new java.io.File(((pathPrefix + java.lang.Integer.toString(counter)) + .png)): null

2018-11-27 16:17:37 - [TEST_STEP][PASSED] - Statement - counter = counter + 1: null

2018-11-27 16:17:37 - [TEST_STEP][PASSED] - Statement - PreSaveFile = new java.io.File(((pathPrefix + java.lang.Integer.toString(counter)) + .png)): null

2018-11-27 16:17:37 - [TEST_STEP][PASSED] - Statement - counter = counter + 1: null

2018-11-27 16:17:37 - [TEST_STEP][PASSED] - Statement - PreSaveFile = new java.io.File(((pathPrefix + java.lang.Integer.toString(counter)) + .png)): null

2018-11-27 16:17:37 - [TEST_STEP][PASSED] - Statement - counter = counter + 1: null

2018-11-27 16:17:37 - [TEST_STEP][PASSED] - Statement - PreSaveFile = new java.io.File(((pathPrefix + java.lang.Integer.toString(counter)) + .png)): null

2018-11-27 16:17:37 - [TEST_STEP][PASSED] - Statement - counter = counter + 1: null

2018-11-27 16:17:37 - [TEST_STEP][PASSED] - Statement - PreSaveFile = new java.io.File(((pathPrefix + java.lang.Integer.toString(counter)) + .png)): null

2018-11-27 16:17:37 - [TEST_STEP][PASSED] - Statement - counter = counter + 1: null

2018-11-27 16:17:37 - [TEST_STEP][PASSED] - Statement - PreSaveFile = new java.io.File(((pathPrefix + java.lang.Integer.toString(counter)) + .png)): null

2018-11-27 16:17:37 - [TEST_STEP][PASSED] - Statement - counter = counter + 1: null

2018-11-27 16:17:37 - [TEST_STEP][PASSED] - Statement - PreSaveFile = new java.io.File(((pathPrefix + java.lang.Integer.toString(counter)) + .png)): null

2018-11-27 16:17:37 - [TEST_STEP][PASSED] - Statement - counter = counter + 1: null

2018-11-27 16:17:37 - [TEST_STEP][PASSED] - Statement - PreSaveFile = new java.io.File(((pathPrefix + java.lang.Integer.toString(counter)) + .png)): null

2018-11-27 16:17:37 - [TEST_STEP][PASSED] - Statement - counter = counter + 1: null

2018-11-27 16:17:37 - [TEST_STEP][PASSED] - Statement - PreSaveFile = new java.io.File(((pathPrefix + java.lang.Integer.toString(counter)) + .png)): null

2018-11-27 16:17:37 - [TEST_STEP][PASSED] - Statement - counter = counter + 1: null

2018-11-27 16:17:37 - [TEST_STEP][PASSED] - Statement - PreSaveFile = new java.io.File(((pathPrefix + java.lang.Integer.toString(counter)) + .png)): null

2018-11-27 16:17:37 - [TEST_STEP][PASSED] - Statement - counter = counter + 1: null

2018-11-27 16:17:37 - [TEST_STEP][PASSED] - Statement - PreSaveFile = new java.io.File(((pathPrefix + java.lang.Integer.toString(counter)) + .png)): null

2018-11-27 16:17:37 - [TEST_STEP][PASSED] - Statement - counter = counter + 1: null

2018-11-27 16:17:37 - [TEST_STEP][PASSED] - Statement - PreSaveFile = new java.io.File(((pathPrefix + java.lang.Integer.toString(counter)) + .png)): null

2018-11-27 16:17:37 - [TEST_STEP][PASSED] - Statement - counter = counter + 1: null

2018-11-27 16:17:37 - [TEST_STEP][PASSED] - Statement - PreSaveFile = new java.io.File(((pathPrefix + java.lang.Integer.toString(counter)) + .png)): null

2018-11-27 16:17:37 - [TEST_STEP][PASSED] - Statement - counter = counter + 1: null

2018-11-27 16:17:37 - [TEST_STEP][PASSED] - Statement - PreSaveFile = new java.io.File(((pathPrefix + java.lang.Integer.toString(counter)) + .png)): null

2018-11-27 16:17:37 - [TEST_STEP][PASSED] - Statement - counter = counter + 1: null

2018-11-27 16:17:37 - [TEST_STEP][PASSED] - Statement - PreSaveFile = new java.io.File(((pathPrefix + java.lang.Integer.toString(counter)) + .png)): null

2018-11-27 16:17:37 - [TEST_STEP][PASSED] - Statement - counter = counter + 1: null

2018-11-27 16:17:37 - [TEST_STEP][PASSED] - Statement - PreSaveFile = new java.io.File(((pathPrefix + java.lang.Integer.toString(counter)) + .png)): null

2018-11-27 16:17:37 - [TEST_STEP][PASSED] - Statement - counter = counter + 1: null

2018-11-27 16:17:37 - [TEST_STEP][PASSED] - Statement - PreSaveFile = new java.io.File(((pathPrefix + java.lang.Integer.toString(counter)) + .png)): null

2018-11-27 16:17:37 - [TEST_STEP][PASSED] - Statement - counter = counter + 1: null

2018-11-27 16:17:37 - [TEST_STEP][PASSED] - Statement - PreSaveFile = new java.io.File(((pathPrefix + java.lang.Integer.toString(counter)) + .png)): null

2018-11-27 16:17:37 - [TEST_STEP][PASSED] - Statement - counter = counter + 1: null

2018-11-27 16:17:37 - [TEST_STEP][PASSED] - Statement - PreSaveFile = new java.io.File(((pathPrefix + java.lang.Integer.toString(counter)) + .png)): null

2018-11-27 16:17:37 - [TEST_STEP][PASSED] - Statement - counter = counter + 1: null

2018-11-27 16:17:37 - [TEST_STEP][PASSED] - Statement - PreSaveFile = new java.io.File(((pathPrefix + java.lang.Integer.toString(counter)) + .png)): null

2018-11-27 16:17:37 - [TEST_STEP][PASSED] - Statement - counter = counter + 1: null

2018-11-27 16:17:37 - [TEST_STEP][PASSED] - Statement - PreSaveFile = new java.io.File(((pathPrefix + java.lang.Integer.toString(counter)) + .png)): null

2018-11-27 16:17:37 - [TEST_STEP][PASSED] - Statement - counter = counter + 1: null

2018-11-27 16:17:37 - [TEST_STEP][PASSED] - Statement - PreSaveFile = new java.io.File(((pathPrefix + java.lang.Integer.toString(counter)) + .png)): null

2018-11-27 16:17:37 - [TEST_STEP][PASSED] - Statement - counter = counter + 1: null

2018-11-27 16:17:37 - [TEST_STEP][PASSED] - Statement - PreSaveFile = new java.io.File(((pathPrefix + java.lang.Integer.toString(counter)) + .png)): null

2018-11-27 16:17:37 - [TEST_STEP][PASSED] - Statement - counter = counter + 1: null

2018-11-27 16:17:37 - [TEST_STEP][PASSED] - Statement - PreSaveFile = new java.io.File(((pathPrefix + java.lang.Integer.toString(counter)) + .png)): null

2018-11-27 16:17:37 - [TEST_STEP][PASSED] - Statement - counter = counter + 1: null

2018-11-27 16:17:37 - [TEST_STEP][PASSED] - Statement - PreSaveFile = new java.io.File(((pathPrefix + java.lang.Integer.toString(counter)) + .png)): null

2018-11-27 16:17:37 - [TEST_STEP][PASSED] - Statement - counter = counter + 1: null

2018-11-27 16:17:37 - [TEST_STEP][PASSED] - Statement - PreSaveFile = new java.io.File(((pathPrefix + java.lang.Integer.toString(counter)) + .png)): null

2018-11-27 16:17:37 - [TEST_STEP][PASSED] - Statement - counter = counter + 1: null

2018-11-27 16:17:37 - [TEST_STEP][PASSED] - Statement - PreSaveFile = new java.io.File(((pathPrefix + java.lang.Integer.toString(counter)) + .png)): null

2018-11-27 16:17:37 - [TEST_STEP][PASSED] - Statement - counter = counter + 1: null

2018-11-27 16:17:37 - [TEST_STEP][PASSED] - Statement - PreSaveFile = new java.io.File(((pathPrefix + java.lang.Integer.toString(counter)) + .png)): null

2018-11-27 16:17:37 - [TEST_STEP][PASSED] - Statement - counter = counter + 1: null

2018-11-27 16:17:37 - [TEST_STEP][PASSED] - Statement - PreSaveFile = new java.io.File(((pathPrefix + java.lang.Integer.toString(counter)) + .png)): null

2018-11-27 16:17:37 - [TEST_STEP][PASSED] - Statement - counter = counter + 1: null

2018-11-27 16:17:37 - [TEST_STEP][PASSED] - Statement - PreSaveFile = new java.io.File(((pathPrefix + java.lang.Integer.toString(counter)) + .png)): null

2018-11-27 16:17:37 - [TEST_STEP][PASSED] - Statement - counter = counter + 1: null

2018-11-27 16:17:37 - [TEST_STEP][PASSED] - Statement - PreSaveFile = new java.io.File(((pathPrefix + java.lang.Integer.toString(counter)) + .png)): null

2018-11-27 16:17:37 - [TEST_STEP][PASSED] - Statement - counter = counter + 1: null

2018-11-27 16:17:37 - [TEST_STEP][PASSED] - Statement - PreSaveFile = new java.io.File(((pathPrefix + java.lang.Integer.toString(counter)) + .png)): null

2018-11-27 16:17:37 - [TEST_STEP][PASSED] - Statement - counter = counter + 1: null

2018-11-27 16:17:37 - [TEST_STEP][PASSED] - Statement - PreSaveFile = new java.io.File(((pathPrefix + java.lang.Integer.toString(counter)) + .png)): null

2018-11-27 16:17:37 - [TEST_STEP][PASSED] - Statement - counter = counter + 1: null

2018-11-27 16:17:37 - [TEST_STEP][PASSED] - Statement - PreSaveFile = new java.io.File(((pathPrefix + java.lang.Integer.toString(counter)) + .png)): null

2018-11-27 16:17:37 - [TEST_STEP][PASSED] - Statement - counter = counter + 1: null

2018-11-27 16:17:37 - [TEST_STEP][PASSED] - Statement - PreSaveFile = new java.io.File(((pathPrefix + java.lang.Integer.toString(counter)) + .png)): null

2018-11-27 16:17:37 - [TEST_STEP][PASSED] - Statement - counter = counter + 1: null

2018-11-27 16:17:37 - [TEST_STEP][PASSED] - Statement - PreSaveFile = new java.io.File(((pathPrefix + java.lang.Integer.toString(counter)) + .png)): null

2018-11-27 16:17:37 - [TEST_STEP][PASSED] - Statement - counter = counter + 1: null

2018-11-27 16:17:37 - [TEST_STEP][PASSED] - Statement - PreSaveFile = new java.io.File(((pathPrefix + java.lang.Integer.toString(counter)) + .png)): null

2018-11-27 16:17:37 - [TEST_STEP][PASSED] - Statement - counter = counter + 1: null

2018-11-27 16:17:37 - [TEST_STEP][PASSED] - Statement - PreSaveFile = new java.io.File(((pathPrefix + java.lang.Integer.toString(counter)) + .png)): null

2018-11-27 16:17:37 - [TEST_STEP][PASSED] - Statement - counter = counter + 1: null

2018-11-27 16:17:37 - [TEST_STEP][PASSED] - Statement - PreSaveFile = new java.io.File(((pathPrefix + java.lang.Integer.toString(counter)) + .png)): null

2018-11-27 16:17:37 - [TEST_STEP][PASSED] - Statement - counter = counter + 1: null

2018-11-27 16:17:37 - [TEST_STEP][PASSED] - Statement - PreSaveFile = new java.io.File(((pathPrefix + java.lang.Integer.toString(counter)) + .png)): null

2018-11-27 16:17:37 - [TEST_STEP][PASSED] - Statement - counter = counter + 1: null

2018-11-27 16:17:37 - [TEST_STEP][PASSED] - Statement - PreSaveFile = new java.io.File(((pathPrefix + java.lang.Integer.toString(counter)) + .png)): null

2018-11-27 16:17:37 - [TEST_STEP][PASSED] - Statement - counter = counter + 1: null

2018-11-27 16:17:37 - [TEST_STEP][PASSED] - Statement - PreSaveFile = new java.io.File(((pathPrefix + java.lang.Integer.toString(counter)) + .png)): null

2018-11-27 16:17:37 - [TEST_STEP][PASSED] - Statement - counter = counter + 1: null

2018-11-27 16:17:37 - [TEST_STEP][PASSED] - Statement - PreSaveFile = new java.io.File(((pathPrefix + java.lang.Integer.toString(counter)) + .png)): null

2018-11-27 16:17:37 - [TEST_STEP][PASSED] - Statement - counter = counter + 1: null

2018-11-27 16:17:37 - [TEST_STEP][PASSED] - Statement - PreSaveFile = new java.io.File(((pathPrefix + java.lang.Integer.toString(counter)) + .png)): null

2018-11-27 16:17:37 - [TEST_STEP][PASSED] - Statement - counter = counter + 1: null

2018-11-27 16:17:37 - [TEST_STEP][PASSED] - Statement - PreSaveFile = new java.io.File(((pathPrefix + java.lang.Integer.toString(counter)) + .png)): null

2018-11-27 16:17:37 - [TEST_STEP][PASSED] - Statement - counter = counter + 1: null

2018-11-27 16:17:37 - [TEST_STEP][PASSED] - Statement - PreSaveFile = new java.io.File(((pathPrefix + java.lang.Integer.toString(counter)) + .png)): null

2018-11-27 16:17:37 - [TEST_STEP][PASSED] - Statement - counter = counter + 1: null

2018-11-27 16:17:37 - [TEST_STEP][PASSED] - Statement - PreSaveFile = new java.io.File(((pathPrefix + java.lang.Integer.toString(counter)) + .png)): null

2018-11-27 16:17:37 - [TEST_STEP][PASSED] - Statement - counter = counter + 1: null

2018-11-27 16:17:37 - [TEST_STEP][PASSED] - Statement - PreSaveFile = new java.io.File(((pathPrefix + java.lang.Integer.toString(counter)) + .png)): null

2018-11-27 16:17:37 - [TEST_STEP][PASSED] - Statement - counter = counter + 1: null

2018-11-27 16:17:37 - [TEST_STEP][PASSED] - Statement - PreSaveFile = new java.io.File(((pathPrefix + java.lang.Integer.toString(counter)) + .png)): null

2018-11-27 16:17:37 - [TEST_STEP][PASSED] - Statement - counter = counter + 1: null

2018-11-27 16:17:37 - [TEST_STEP][PASSED] - Statement - PreSaveFile = new java.io.File(((pathPrefix + java.lang.Integer.toString(counter)) + .png)): null

2018-11-27 16:17:37 - [TEST_STEP][PASSED] - Statement - counter = counter + 1: null

2018-11-27 16:17:37 - [TEST_STEP][PASSED] - Statement - PreSaveFile = new java.io.File(((pathPrefix + java.lang.Integer.toString(counter)) + .png)): null

2018-11-27 16:17:37 - [TEST_STEP][PASSED] - Statement - counter = counter + 1: null

2018-11-27 16:17:37 - [TEST_STEP][PASSED] - Statement - PreSaveFile = new java.io.File(((pathPrefix + java.lang.Integer.toString(counter)) + .png)): null

2018-11-27 16:17:37 - [TEST_STEP][PASSED] - Statement - counter = counter + 1: null

2018-11-27 16:17:37 - [TEST_STEP][PASSED] - Statement - PreSaveFile = new java.io.File(((pathPrefix + java.lang.Integer.toString(counter)) + .png)): null

2018-11-27 16:17:37 - [TEST_STEP][PASSED] - Statement - counter = counter + 1: null

2018-11-27 16:17:37 - [TEST_STEP][PASSED] - Statement - PreSaveFile = new java.io.File(((pathPrefix + java.lang.Integer.toString(counter)) + .png)): null

2018-11-27 16:17:37 - [TEST_STEP][PASSED] - Statement - counter = counter + 1: null

2018-11-27 16:17:37 - [TEST_STEP][PASSED] - Statement - PreSaveFile = new java.io.File(((pathPrefix + java.lang.Integer.toString(counter)) + .png)): null

2018-11-27 16:17:37 - [TEST_STEP][PASSED] - Statement - counter = counter + 1: null

2018-11-27 16:17:37 - [TEST_STEP][PASSED] - Statement - PreSaveFile = new java.io.File(((pathPrefix + java.lang.Integer.toString(counter)) + .png)): null

2018-11-27 16:17:37 - [TEST_STEP][PASSED] - Statement - counter = counter + 1: null

2018-11-27 16:17:37 - [TEST_STEP][PASSED] - Statement - PreSaveFile = new java.io.File(((pathPrefix + java.lang.Integer.toString(counter)) + .png)): null

2018-11-27 16:17:37 - [TEST_STEP][PASSED] - Statement - counter = counter + 1: null

2018-11-27 16:17:37 - [TEST_STEP][PASSED] - Statement - PreSaveFile = new java.io.File(((pathPrefix + java.lang.Integer.toString(counter)) + .png)): null

2018-11-27 16:17:37 - [TEST_STEP][PASSED] - Statement - counter = counter + 1: null

2018-11-27 16:17:37 - [TEST_STEP][PASSED] - Statement - PreSaveFile = new java.io.File(((pathPrefix + java.lang.Integer.toString(counter)) + .png)): null

2018-11-27 16:17:37 - [TEST_STEP][PASSED] - Statement - counter = counter + 1: null

2018-11-27 16:17:37 - [TEST_STEP][PASSED] - Statement - PreSaveFile = new java.io.File(((pathPrefix + java.lang.Integer.toString(counter)) + .png)): null

2018-11-27 16:17:37 - [TEST_STEP][PASSED] - Statement - counter = counter + 1: null

2018-11-27 16:17:37 - [TEST_STEP][PASSED] - Statement - PreSaveFile = new java.io.File(((pathPrefix + java.lang.Integer.toString(counter)) + .png)): null

2018-11-27 16:17:37 - [TEST_STEP][PASSED] - Statement - counter = counter + 1: null

2018-11-27 16:17:37 - [TEST_STEP][PASSED] - Statement - PreSaveFile = new java.io.File(((pathPrefix + java.lang.Integer.toString(counter)) + .png)): null

2018-11-27 16:17:37 - [TEST_STEP][PASSED] - Statement - counter = counter + 1: null

2018-11-27 16:17:37 - [TEST_STEP][PASSED] - Statement - PreSaveFile = new java.io.File(((pathPrefix + java.lang.Integer.toString(counter)) + .png)): null

2018-11-27 16:17:37 - [TEST_STEP][PASSED] - Statement - counter = counter + 1: null

2018-11-27 16:17:37 - [TEST_STEP][PASSED] - Statement - PreSaveFile = new java.io.File(((pathPrefix + java.lang.Integer.toString(counter)) + .png)): null

2018-11-27 16:17:37 - [TEST_STEP][PASSED] - Statement - counter = counter + 1: null

2018-11-27 16:17:37 - [TEST_STEP][PASSED] - Statement - PreSaveFile = new java.io.File(((pathPrefix + java.lang.Integer.toString(counter)) + .png)): null

2018-11-27 16:17:37 - [TEST_STEP][PASSED] - Statement - counter = counter + 1: null

2018-11-27 16:17:37 - [TEST_STEP][PASSED] - Statement - PreSaveFile = new java.io.File(((pathPrefix + java.lang.Integer.toString(counter)) + .png)): null

2018-11-27 16:17:37 - [TEST_STEP][PASSED] - Statement - counter = counter + 1: null

2018-11-27 16:17:37 - [TEST_STEP][PASSED] - Statement - PreSaveFile = new java.io.File(((pathPrefix + java.lang.Integer.toString(counter)) + .png)): null

2018-11-27 16:17:37 - [TEST_STEP][PASSED] - Statement - counter = counter + 1: null

2018-11-27 16:17:37 - [TEST_STEP][PASSED] - Statement - PreSaveFile = new java.io.File(((pathPrefix + java.lang.Integer.toString(counter)) + .png)): null

2018-11-27 16:17:37 - [TEST_STEP][PASSED] - Statement - counter = counter + 1: null

2018-11-27 16:17:37 - [TEST_STEP][PASSED] - Statement - PreSaveFile = new java.io.File(((pathPrefix + java.lang.Integer.toString(counter)) + .png)): null

2018-11-27 16:17:37 - [TEST_STEP][PASSED] - Statement - counter = counter + 1: null

2018-11-27 16:17:37 - [TEST_STEP][PASSED] - Statement - PreSaveFile = new java.io.File(((pathPrefix + java.lang.Integer.toString(counter)) + .png)): null

2018-11-27 16:17:37 - [TEST_STEP][PASSED] - Statement - counter = counter + 1: null

2018-11-27 16:17:37 - [TEST_STEP][PASSED] - Statement - PreSaveFile = new java.io.File(((pathPrefix + java.lang.Integer.toString(counter)) + .png)): null

2018-11-27 16:17:37 - [TEST_STEP][PASSED] - Statement - counter = counter + 1: null

2018-11-27 16:17:37 - [TEST_STEP][PASSED] - Statement - PreSaveFile = new java.io.File(((pathPrefix + java.lang.Integer.toString(counter)) + .png)): null

2018-11-27 16:17:37 - [TEST_STEP][PASSED] - Statement - counter = counter + 1: null

2018-11-27 16:17:37 - [TEST_STEP][PASSED] - Statement - PreSaveFile = new java.io.File(((pathPrefix + java.lang.Integer.toString(counter)) + .png)): null

2018-11-27 16:17:37 - [TEST_STEP][PASSED] - Statement - counter = counter + 1: null

2018-11-27 16:17:37 - [TEST_STEP][PASSED] - Statement - PreSaveFile = new java.io.File(((pathPrefix + java.lang.Integer.toString(counter)) + .png)): null

2018-11-27 16:17:37 - [TEST_STEP][PASSED] - Statement - counter = counter + 1: null

2018-11-27 16:17:37 - [TEST_STEP][PASSED] - Statement - PreSaveFile = new java.io.File(((pathPrefix + java.lang.Integer.toString(counter)) + .png)): null

2018-11-27 16:17:37 - [TEST_STEP][PASSED] - Statement - counter = counter + 1: null

2018-11-27 16:17:37 - [TEST_STEP][PASSED] - Statement - PreSaveFile = new java.io.File(((pathPrefix + java.lang.Integer.toString(counter)) + .png)): null

2018-11-27 16:17:37 - [TEST_STEP][PASSED] - Statement - counter = counter + 1: null

2018-11-27 16:17:37 - [TEST_STEP][PASSED] - Statement - PreSaveFile = new java.io.File(((pathPrefix + java.lang.Integer.toString(counter)) + .png)): null

2018-11-27 16:17:37 - [TEST_STEP][PASSED] - Statement - counter = counter + 1: null

2018-11-27 16:17:37 - [TEST_STEP][PASSED] - Statement - PreSaveFile = new java.io.File(((pathPrefix + java.lang.Integer.toString(counter)) + .png)): null

2018-11-27 16:17:37 - [TEST_STEP][PASSED] - Statement - counter = counter + 1: null

2018-11-27 16:17:37 - [TEST_STEP][PASSED] - Statement - PreSaveFile = new java.io.File(((pathPrefix + java.lang.Integer.toString(counter)) + .png)): null

2018-11-27 16:17:37 - [TEST_STEP][PASSED] - Statement - counter = counter + 1: null

2018-11-27 16:17:38 - [TEST_STEP][PASSED] - Statement - PreSaveFile = new java.io.File(((pathPrefix + java.lang.Integer.toString(counter)) + .png)): null

2018-11-27 16:17:38 - [TEST_STEP][PASSED] - Statement - counter = counter + 1: null

2018-11-27 16:17:38 - [TEST_STEP][PASSED] - Statement - PreSaveFile = new java.io.File(((pathPrefix + java.lang.Integer.toString(counter)) + .png)): null

2018-11-27 16:17:38 - [TEST_STEP][PASSED] - Statement - counter = counter + 1: null

2018-11-27 16:17:38 - [TEST_STEP][PASSED] - Statement - PreSaveFile = new java.io.File(((pathPrefix + java.lang.Integer.toString(counter)) + .png)): null

2018-11-27 16:17:38 - [TEST_STEP][PASSED] - Statement - counter = counter + 1: null

2018-11-27 16:17:38 - [TEST_STEP][PASSED] - Statement - PreSaveFile = new java.io.File(((pathPrefix + java.lang.Integer.toString(counter)) + .png)): null

2018-11-27 16:17:38 - [TEST_STEP][PASSED] - Statement - counter = counter + 1: null

2018-11-27 16:17:38 - [TEST_STEP][PASSED] - Statement - PreSaveFile = new java.io.File(((pathPrefix + java.lang.Integer.toString(counter)) + .png)): null

2018-11-27 16:17:38 - [TEST_STEP][PASSED] - Statement - counter = counter + 1: null

2018-11-27 16:17:38 - [TEST_STEP][PASSED] - Statement - PreSaveFile = new java.io.File(((pathPrefix + java.lang.Integer.toString(counter)) + .png)): null

2018-11-27 16:17:38 - [TEST_STEP][PASSED] - Statement - counter = counter + 1: null

2018-11-27 16:17:38 - [TEST_STEP][PASSED] - Statement - PreSaveFile = new java.io.File(((pathPrefix + java.lang.Integer.toString(counter)) + .png)): null

2018-11-27 16:17:38 - [TEST_STEP][PASSED] - Statement - counter = counter + 1: null

2018-11-27 16:17:38 - [TEST_STEP][PASSED] - Statement - PreSaveFile = new java.io.File(((pathPrefix + java.lang.Integer.toString(counter)) + .png)): null

2018-11-27 16:17:38 - [TEST_STEP][PASSED] - Statement - counter = counter + 1: null

2018-11-27 16:17:38 - [TEST_STEP][PASSED] - Statement - PreSaveFile = new java.io.File(((pathPrefix + java.lang.Integer.toString(counter)) + .png)): null

2018-11-27 16:17:38 - [TEST_STEP][PASSED] - Statement - counter = counter + 1: null

2018-11-27 16:17:38 - [TEST_STEP][PASSED] - Statement - PreSaveFile = new java.io.File(((pathPrefix + java.lang.Integer.toString(counter)) + .png)): null

2018-11-27 16:17:38 - [TEST_STEP][PASSED] - Statement - counter = counter + 1: null

2018-11-27 16:17:38 - [TEST_STEP][PASSED] - Statement - PreSaveFile = new java.io.File(((pathPrefix + java.lang.Integer.toString(counter)) + .png)): null

2018-11-27 16:17:38 - [TEST_STEP][PASSED] - Statement - counter = counter + 1: null

2018-11-27 16:17:38 - [TEST_STEP][PASSED] - Statement - PreSaveFile = new java.io.File(((pathPrefix + java.lang.Integer.toString(counter)) + .png)): null

2018-11-27 16:17:38 - [TEST_STEP][PASSED] - Statement - counter = counter + 1: null

2018-11-27 16:17:38 - [TEST_STEP][PASSED] - Statement - PreSaveFile = new java.io.File(((pathPrefix + java.lang.Integer.toString(counter)) + .png)): null

2018-11-27 16:17:38 - [TEST_STEP][PASSED] - Statement - counter = counter + 1: null

2018-11-27 16:17:38 - [TEST_STEP][PASSED] - Statement - PreSaveFile = new java.io.File(((pathPrefix + java.lang.Integer.toString(counter)) + .png)): null

2018-11-27 16:17:38 - [TEST_STEP][PASSED] - Statement - counter = counter + 1: null

2018-11-27 16:17:38 - [TEST_STEP][PASSED] - Statement - PreSaveFile = new java.io.File(((pathPrefix + java.lang.Integer.toString(counter)) + .png)): null

2018-11-27 16:17:38 - [TEST_STEP][PASSED] - Statement - counter = counter + 1: null

2018-11-27 16:17:38 - [TEST_STEP][PASSED] - Statement - PreSaveFile = new java.io.File(((pathPrefix + java.lang.Integer.toString(counter)) + .png)): null

2018-11-27 16:17:38 - [TEST_STEP][PASSED] - Statement - counter = counter + 1: null

2018-11-27 16:17:38 - [TEST_STEP][PASSED] - Statement - PreSaveFile = new java.io.File(((pathPrefix + java.lang.Integer.toString(counter)) + .png)): null

2018-11-27 16:17:38 - [TEST_STEP][PASSED] - Statement - counter = counter + 1: null

2018-11-27 16:17:38 - [TEST_STEP][PASSED] - Statement - PreSaveFile = new java.io.File(((pathPrefix + java.lang.Integer.toString(counter)) + .png)): null

2018-11-27 16:17:38 - [TEST_STEP][PASSED] - Statement - counter = counter + 1: null

2018-11-27 16:17:38 - [TEST_STEP][PASSED] - Statement - PreSaveFile = new java.io.File(((pathPrefix + java.lang.Integer.toString(counter)) + .png)): null

2018-11-27 16:17:38 - [TEST_STEP][PASSED] - Statement - counter = counter + 1: null

2018-11-27 16:17:38 - [TEST_STEP][PASSED] - Statement - PreSaveFile = new java.io.File(((pathPrefix + java.lang.Integer.toString(counter)) + .png)): null

2018-11-27 16:17:38 - [TEST_STEP][PASSED] - Statement - counter = counter + 1: null

2018-11-27 16:17:38 - [TEST_STEP][PASSED] - Statement - PreSaveFile = new java.io.File(((pathPrefix + java.lang.Integer.toString(counter)) + .png)): null

2018-11-27 16:17:38 - [TEST_STEP][PASSED] - Statement - counter = counter + 1: null

2018-11-27 16:17:38 - [TEST_STEP][PASSED] - Statement - PreSaveFile = new java.io.File(((pathPrefix + java.lang.Integer.toString(counter)) + .png)): null

2018-11-27 16:17:38 - [TEST_STEP][PASSED] - Statement - counter = counter + 1: null

2018-11-27 16:17:38 - [TEST_STEP][PASSED] - Statement - PreSaveFile = new java.io.File(((pathPrefix + java.lang.Integer.toString(counter)) + .png)): null

2018-11-27 16:17:38 - [TEST_STEP][PASSED] - Statement - counter = counter + 1: null

2018-11-27 16:17:38 - [TEST_STEP][PASSED] - Statement - PreSaveFile = new java.io.File(((pathPrefix + java.lang.Integer.toString(counter)) + .png)): null

2018-11-27 16:17:38 - [TEST_STEP][PASSED] - Statement - counter = counter + 1: null

2018-11-27 16:17:38 - [TEST_STEP][PASSED] - Statement - PreSaveFile = new java.io.File(((pathPrefix + java.lang.Integer.toString(counter)) + .png)): null

2018-11-27 16:17:38 - [TEST_STEP][PASSED] - Statement - counter = counter + 1: null

2018-11-27 16:17:38 - [TEST_STEP][PASSED] - Statement - PreSaveFile = new java.io.File(((pathPrefix + java.lang.Integer.toString(counter)) + .png)): null

2018-11-27 16:17:38 - [TEST_STEP][PASSED] - Statement - counter = counter + 1: null

2018-11-27 16:17:38 - [TEST_STEP][PASSED] - Statement - PreSaveFile = new java.io.File(((pathPrefix + java.lang.Integer.toString(counter)) + .png)): null

2018-11-27 16:17:38 - [TEST_STEP][PASSED] - Statement - counter = counter + 1: null

2018-11-27 16:17:38 - [TEST_STEP][PASSED] - Statement - PreSaveFile = new java.io.File(((pathPrefix + java.lang.Integer.toString(counter)) + .png)): null

2018-11-27 16:17:38 - [TEST_STEP][PASSED] - Statement - counter = counter + 1: null

2018-11-27 16:17:38 - [TEST_STEP][PASSED] - Statement - PreSaveFile = new java.io.File(((pathPrefix + java.lang.Integer.toString(counter)) + .png)): null

2018-11-27 16:17:38 - [TEST_STEP][PASSED] - Statement - counter = counter + 1: null

2018-11-27 16:17:38 - [TEST_STEP][PASSED] - Statement - PreSaveFile = new java.io.File(((pathPrefix + java.lang.Integer.toString(counter)) + .png)): null

2018-11-27 16:17:38 - [TEST_STEP][PASSED] - Statement - counter = counter + 1: null

2018-11-27 16:17:38 - [TEST_STEP][PASSED] - Statement - PreSaveFile = new java.io.File(((pathPrefix + java.lang.Integer.toString(counter)) + .png)): null

2018-11-27 16:17:38 - [TEST_STEP][PASSED] - Statement - counter = counter + 1: null

2018-11-27 16:17:38 - [TEST_STEP][PASSED] - Statement - PreSaveFile = new java.io.File(((pathPrefix + java.lang.Integer.toString(counter)) + .png)): null

2018-11-27 16:17:38 - [TEST_STEP][PASSED] - Statement - counter = counter + 1: null

2018-11-27 16:17:38 - [TEST_STEP][PASSED] - Statement - PreSaveFile = new java.io.File(((pathPrefix + java.lang.Integer.toString(counter)) + .png)): null

2018-11-27 16:17:38 - [TEST_STEP][PASSED] - Statement - counter = counter + 1: null

2018-11-27 16:17:38 - [TEST_STEP][PASSED] - Statement - PreSaveFile = new java.io.File(((pathPrefix + java.lang.Integer.toString(counter)) + .png)): null

2018-11-27 16:17:38 - [TEST_STEP][PASSED] - Statement - counter = counter + 1: null

2018-11-27 16:17:38 - [TEST_STEP][PASSED] - Statement - PreSaveFile = new java.io.File(((pathPrefix + java.lang.Integer.toString(counter)) + .png)): null

2018-11-27 16:17:38 - [TEST_STEP][PASSED] - Statement - counter = counter + 1: null

2018-11-27 16:17:38 - [TEST_STEP][PASSED] - Statement - PreSaveFile = new java.io.File(((pathPrefix + java.lang.Integer.toString(counter)) + .png)): null

2018-11-27 16:17:38 - [TEST_STEP][PASSED] - Statement - counter = counter + 1: null

2018-11-27 16:17:38 - [TEST_STEP][PASSED] - Statement - PreSaveFile = new java.io.File(((pathPrefix + java.lang.Integer.toString(counter)) + .png)): null

2018-11-27 16:17:38 - [TEST_STEP][PASSED] - Statement - counter = counter + 1: null

2018-11-27 16:17:38 - [TEST_STEP][PASSED] - Statement - PreSaveFile = new java.io.File(((pathPrefix + java.lang.Integer.toString(counter)) + .png)): null

2018-11-27 16:17:38 - [TEST_STEP][PASSED] - Statement - counter = counter + 1: null

2018-11-27 16:17:38 - [TEST_STEP][PASSED] - Statement - PreSaveFile = new java.io.File(((pathPrefix + java.lang.Integer.toString(counter)) + .png)): null

2018-11-27 16:17:38 - [TEST_STEP][PASSED] - Statement - counter = counter + 1: null

2018-11-27 16:17:38 - [TEST_STEP][PASSED] - Statement - PreSaveFile = new java.io.File(((pathPrefix + java.lang.Integer.toString(counter)) + .png)): null

2018-11-27 16:17:38 - [TEST_STEP][PASSED] - Statement - counter = counter + 1: null

2018-11-27 16:17:38 - [TEST_STEP][PASSED] - Statement - PreSaveFile = new java.io.File(((pathPrefix + java.lang.Integer.toString(counter)) + .png)): null

2018-11-27 16:17:38 - [TEST_STEP][PASSED] - Statement - counter = counter + 1: null

2018-11-27 16:17:38 - [TEST_STEP][PASSED] - Statement - PreSaveFile = new java.io.File(((pathPrefix + java.lang.Integer.toString(counter)) + .png)): null

2018-11-27 16:17:38 - [TEST_STEP][PASSED] - Statement - counter = counter + 1: null

2018-11-27 16:17:38 - [TEST_STEP][PASSED] - Statement - PreSaveFile = new java.io.File(((pathPrefix + java.lang.Integer.toString(counter)) + .png)): null

2018-11-27 16:17:38 - [TEST_STEP][PASSED] - Statement - counter = counter + 1: null

2018-11-27 16:17:38 - [TEST_STEP][PASSED] - Statement - PreSaveFile = new java.io.File(((pathPrefix + java.lang.Integer.toString(counter)) + .png)): null

2018-11-27 16:17:38 - [TEST_STEP][PASSED] - Statement - counter = counter + 1: null

2018-11-27 16:17:38 - [TEST_STEP][PASSED] - Statement - PreSaveFile = new java.io.File(((pathPrefix + java.lang.Integer.toString(counter)) + .png)): null

2018-11-27 16:17:38 - [TEST_STEP][PASSED] - Statement - counter = counter + 1: null

2018-11-27 16:17:38 - [TEST_STEP][PASSED] - Statement - PreSaveFile = new java.io.File(((pathPrefix + java.lang.Integer.toString(counter)) + .png)): null

2018-11-27 16:17:38 - [TEST_STEP][PASSED] - Statement - counter = counter + 1: null

2018-11-27 16:17:38 - [TEST_STEP][PASSED] - Statement - PreSaveFile = new java.io.File(((pathPrefix + java.lang.Integer.toString(counter)) + .png)): null

2018-11-27 16:17:38 - [TEST_STEP][PASSED] - Statement - counter = counter + 1: null

2018-11-27 16:17:38 - [TEST_STEP][PASSED] - Statement - PreSaveFile = new java.io.File(((pathPrefix + java.lang.Integer.toString(counter)) + .png)): null

2018-11-27 16:17:38 - [TEST_STEP][PASSED] - Statement - counter = counter + 1: null

2018-11-27 16:17:38 - [TEST_STEP][PASSED] - Statement - PreSaveFile = new java.io.File(((pathPrefix + java.lang.Integer.toString(counter)) + .png)): null

2018-11-27 16:17:38 - [TEST_STEP][PASSED] - Statement - counter = counter + 1: null

2018-11-27 16:17:38 - [TEST_STEP][PASSED] - Statement - PreSaveFile = new java.io.File(((pathPrefix + java.lang.Integer.toString(counter)) + .png)): null

2018-11-27 16:17:38 - [TEST_STEP][PASSED] - Statement - counter = counter + 1: null

2018-11-27 16:17:38 - [TEST_STEP][PASSED] - Statement - PreSaveFile = new java.io.File(((pathPrefix + java.lang.Integer.toString(counter)) + .png)): null

2018-11-27 16:17:38 - [TEST_STEP][PASSED] - Statement - counter = counter + 1: null

2018-11-27 16:17:38 - [TEST_STEP][PASSED] - Statement - PreSaveFile = new java.io.File(((pathPrefix + java.lang.Integer.toString(counter)) + .png)): null

2018-11-27 16:17:38 - [TEST_STEP][PASSED] - Statement - counter = counter + 1: null

2018-11-27 16:17:38 - [TEST_STEP][PASSED] - Statement - PreSaveFile = new java.io.File(((pathPrefix + java.lang.Integer.toString(counter)) + .png)): null

2018-11-27 16:17:38 - [TEST_STEP][PASSED] - Statement - counter = counter + 1: null

2018-11-27 16:17:38 - [TEST_STEP][PASSED] - Statement - PreSaveFile = new java.io.File(((pathPrefix + java.lang.Integer.toString(counter)) + .png)): null

2018-11-27 16:17:38 - [TEST_STEP][PASSED] - Statement - counter = counter + 1: null

2018-11-27 16:17:38 - [TEST_STEP][PASSED] - Statement - PreSaveFile = new java.io.File(((pathPrefix + java.lang.Integer.toString(counter)) + .png)): null

2018-11-27 16:17:38 - [TEST_STEP][PASSED] - Statement - counter = counter + 1: null

2018-11-27 16:17:38 - [TEST_STEP][PASSED] - Statement - PreSaveFile = new java.io.File(((pathPrefix + java.lang.Integer.toString(counter)) + .png)): null

2018-11-27 16:17:38 - [TEST_STEP][PASSED] - Statement - counter = counter + 1: null

2018-11-27 16:17:38 - [TEST_STEP][PASSED] - Statement - PreSaveFile = new java.io.File(((pathPrefix + java.lang.Integer.toString(counter)) + .png)): null

2018-11-27 16:17:38 - [TEST_STEP][PASSED] - Statement - counter = counter + 1: null

2018-11-27 16:17:38 - [TEST_STEP][PASSED] - Statement - PreSaveFile = new java.io.File(((pathPrefix + java.lang.Integer.toString(counter)) + .png)): null

2018-11-27 16:17:38 - [TEST_STEP][PASSED] - Statement - counter = counter + 1: null

2018-11-27 16:17:38 - [TEST_STEP][PASSED] - Statement - PreSaveFile = new java.io.File(((pathPrefix + java.lang.Integer.toString(counter)) + .png)): null

2018-11-27 16:17:38 - [TEST_STEP][PASSED] - Statement - counter = counter + 1: null

2018-11-27 16:17:38 - [TEST_STEP][PASSED] - Statement - PreSaveFile = new java.io.File(((pathPrefix + java.lang.Integer.toString(counter)) + .png)): null

2018-11-27 16:17:38 - [TEST_STEP][PASSED] - Statement - counter = counter + 1: null

2018-11-27 16:17:38 - [TEST_STEP][PASSED] - Statement - PreSaveFile = new java.io.File(((pathPrefix + java.lang.Integer.toString(counter)) + .png)): null

2018-11-27 16:17:38 - [TEST_STEP][PASSED] - Statement - counter = counter + 1: null

2018-11-27 16:17:38 - [TEST_STEP][PASSED] - Statement - PreSaveFile = new java.io.File(((pathPrefix + java.lang.Integer.toString(counter)) + .png)): null

2018-11-27 16:17:38 - [TEST_STEP][PASSED] - Statement - counter = counter + 1: null

2018-11-27 16:17:38 - [TEST_STEP][PASSED] - Statement - PreSaveFile = new java.io.File(((pathPrefix + java.lang.Integer.toString(counter)) + .png)): null

2018-11-27 16:17:38 - [TEST_STEP][PASSED] - Statement - counter = counter + 1: null

2018-11-27 16:17:38 - [TEST_STEP][PASSED] - Statement - PreSaveFile = new java.io.File(((pathPrefix + java.lang.Integer.toString(counter)) + .png)): null

2018-11-27 16:17:38 - [TEST_STEP][PASSED] - Statement - counter = counter + 1: null

2018-11-27 16:17:38 - [TEST_STEP][PASSED] - Statement - PreSaveFile = new java.io.File(((pathPrefix + java.lang.Integer.toString(counter)) + .png)): null

2018-11-27 16:17:38 - [TEST_STEP][PASSED] - Statement - counter = counter + 1: null

2018-11-27 16:17:38 - [TEST_STEP][PASSED] - Statement - PreSaveFile = new java.io.File(((pathPrefix + java.lang.Integer.toString(counter)) + .png)): null

2018-11-27 16:17:38 - [TEST_STEP][PASSED] - Statement - counter = counter + 1: null

2018-11-27 16:17:38 - [TEST_STEP][PASSED] - Statement - PreSaveFile = new java.io.File(((pathPrefix + java.lang.Integer.toString(counter)) + .png)): null

2018-11-27 16:17:38 - [TEST_STEP][PASSED] - Statement - counter = counter + 1: null

2018-11-27 16:17:38 - [TEST_STEP][PASSED] - Statement - PreSaveFile = new java.io.File(((pathPrefix + java.lang.Integer.toString(counter)) + .png)): null

2018-11-27 16:17:38 - [TEST_STEP][PASSED] - Statement - counter = counter + 1: null

2018-11-27 16:17:38 - [TEST_STEP][PASSED] - Statement - PreSaveFile = new java.io.File(((pathPrefix + java.lang.Integer.toString(counter)) + .png)): null

2018-11-27 16:17:38 - [TEST_STEP][PASSED] - Statement - counter = counter + 1: null

2018-11-27 16:17:38 - [TEST_STEP][PASSED] - Statement - PreSaveFile = new java.io.File(((pathPrefix + java.lang.Integer.toString(counter)) + .png)): null

2018-11-27 16:17:38 - [TEST_STEP][PASSED] - Statement - counter = counter + 1: null

2018-11-27 16:17:38 - [TEST_STEP][PASSED] - Statement - PreSaveFile = new java.io.File(((pathPrefix + java.lang.Integer.toString(counter)) + .png)): null

2018-11-27 16:17:38 - [TEST_STEP][PASSED] - Statement - counter = counter + 1: null

2018-11-27 16:17:38 - [TEST_STEP][PASSED] - Statement - PreSaveFile = new java.io.File(((pathPrefix + java.lang.Integer.toString(counter)) + .png)): null

2018-11-27 16:17:38 - [TEST_STEP][PASSED] - Statement - counter = counter + 1: null

2018-11-27 16:17:38 - [TEST_STEP][PASSED] - Statement - PreSaveFile = new java.io.File(((pathPrefix + java.lang.Integer.toString(counter)) + .png)): null

2018-11-27 16:17:38 - [TEST_STEP][PASSED] - Statement - counter = counter + 1: null

2018-11-27 16:17:38 - [TEST_STEP][PASSED] - Statement - PreSaveFile = new java.io.File(((pathPrefix + java.lang.Integer.toString(counter)) + .png)): null

2018-11-27 16:17:38 - [TEST_STEP][PASSED] - Statement - counter = counter + 1: null

2018-11-27 16:17:38 - [TEST_STEP][PASSED] - Statement - PreSaveFile = new java.io.File(((pathPrefix + java.lang.Integer.toString(counter)) + .png)): null

2018-11-27 16:17:38 - [TEST_STEP][PASSED] - Statement - counter = counter + 1: null

2018-11-27 16:17:38 - [TEST_STEP][PASSED] - Statement - PreSaveFile = new java.io.File(((pathPrefix + java.lang.Integer.toString(counter)) + .png)): null

2018-11-27 16:17:38 - [TEST_STEP][PASSED] - Statement - finalPath = pathPrefix + java.lang.Integer.toString(counter) + ".png": null

2018-11-27 16:17:38 - [TEST_STEP][PASSED] - Statement - SaveFile = new java.io.File(finalPath): null

2018-11-27 16:17:38 - [TEST_STEP][PASSED] - Statement - Try: null

2018-11-27 16:17:38 - [TEST_STEP][PASSED] - Statement - org.apache.commons.io.FileUtils.copyFile(scrFile, SaveFile): null

2018-11-27 16:17:38 - [TEST_STEP][PASSED] - Statement - out.println("file kept"): null

2018-11-27 16:17:38 - [TEST_STEP][PASSED] - delay: Delayed 10 second(s)

2018-11-27 16:17:48 - [MESSAGE][PASSED] - Delayed 10 second(s)

2018-11-27 16:17:48 - [MESSAGE][PASSED] - Call Test Case 'Test Cases/Final Aug 2018 - PKS Automation/Registration Module/New Registration/Submit and Screenshot/Submit Registration and Screenshot - Copy' successfully

2018-11-27 16:17:48 - [TEST_STEP][PASSED] - Statement - UpdateAddNewECode = com.kms.katalon.core.webui.keyword.WebUiBuiltInKeywords.getText(com.kms.katalon.core.testobject.ObjectRepository.findTestObject(Object Repository/Final Object Repo/Page_Update Add New Employee - ASSIST/getEmpCode)): Text of object 'Object Repository/Final Object Repo/Page_Update Add New Employee - ASSIST/getEmpCode' is: 'E1102070505F'

2018-11-27 16:17:48 - [MESSAGE][PASSED] - Text of object 'Object Repository/Final Object Repo/Page_Update Add New Employee - ASSIST/getEmpCode' is: 'E1102070505F'

2018-11-27 16:17:48 - [TEST_STEP][PASSED] - callTestCase: Call Test Case 'Test Cases/Final Aug 2018 - PKS Automation/Common/Emp Code Setter' successfully

2018-11-27 16:17:48 - [TEST_CASE][PASSED] - Test Cases/Final Aug 2018 - PKS Automation/Common/Emp Code Setter: Test Cases/Final Aug 2018 - PKS Automation/Common/Emp Code Setter

2018-11-27 16:17:48 - [TEST_STEP][PASSED] - Statement - EmpCodeOld = new java.io.File(C://Users//Admin//Desktop//PKS//Automation Reference Point//EmpCode.txt): null

2018-11-27 16:17:48 - [TEST_STEP][PASSED] - Statement - EmpCodeOld.delete(): null

2018-11-27 16:17:48 - [TEST_STEP][PASSED] - Statement - EmpCode = new java.io.File(C://Users//Admin//Desktop//PKS//Automation Reference Point//EmpCode.txt): null

2018-11-27 16:17:48 - [TEST_STEP][PASSED] - Statement - EmpCode.append(UpdateAddNewECode): null

2018-11-27 16:17:48 - [TEST_STEP][PASSED] - Statement - out.println("


" + UpdateAddNewECode + "


"): null

2018-11-27 16:17:48 - [MESSAGE][PASSED] - Call Test Case 'Test Cases/Final Aug 2018 - PKS Automation/Common/Emp Code Setter' successfully

2018-11-27 16:17:48 - [MESSAGE][PASSED] - Call Test Case 'Test Cases/Final Aug 2018 - PKS Automation/Registration Module/Workflow/Update Add New Employee/Template/New Company for Update Add New' successfully

2018-11-27 16:17:48 - [TEST_STEP][PASSED] - callTestCase: Call Test Case 'Test Cases/Final Aug 2018 - PKS Automation/Registration Module/Log Out/log out avoiding katalon tagging' successfully

2018-11-27 16:17:48 - [TEST_CASE][PASSED] - Test Cases/Final Aug 2018 - PKS Automation/Registration Module/Log Out/log out avoiding katalon tagging: Test Cases/Final Aug 2018 - PKS Automation/Registration Module/Log Out/log out avoiding katalon tagging

2018-11-27 16:17:48 - [TEST_STEP][PASSED] - navigateToUrl: Navigate to 'https://assist2-uat.perkeso.gov.my/c/portal/logout' successfully

2018-11-27 16:17:49 - [MESSAGE][PASSED] - Navigate to 'https://assist2-uat.perkeso.gov.my/c/portal/logout' successfully

2018-11-27 16:17:49 - [MESSAGE][PASSED] - Call Test Case 'Test Cases/Final Aug 2018 - PKS Automation/Registration Module/Log Out/log out avoiding katalon tagging' successfully

2018-11-27 16:17:49 - [TEST_STEP][PASSED] - callTestCase: Call Test Case 'Test Cases/Final Aug 2018 - PKS Automation/Registration Module/New Registration/Form 2/Date Updater' successfully

2018-11-27 16:17:49 - [TEST_CASE][PASSED] - Test Cases/Final Aug 2018 - PKS Automation/Registration Module/New Registration/Form 2/Date Updater: Test Cases/Final Aug 2018 - PKS Automation/Registration Module/New Registration/Form 2/Date Updater

2018-11-27 16:17:49 - [TEST_STEP][PASSED] - Statement - TodayDate = new java.util.Date(): null

2018-11-27 16:17:49 - [TEST_STEP][PASSED] - Statement - CurrentDateNoFilter = new java.text.SimpleDateFormat(): null

2018-11-27 16:17:49 - [TEST_STEP][PASSED] - Statement - CurrentDateNoFilter.applyPattern("dd"): null

2018-11-27 16:17:49 - [TEST_STEP][PASSED] - Statement - CurrentDate = CurrentDateNoFilter.format(TodayDate): null

2018-11-27 16:17:49 - [TEST_STEP][PASSED] - Statement - CurrentDate = java.lang.Integer.parseInt(CurrentDate): null

2018-11-27 16:17:49 - [TEST_STEP][PASSED] - Statement - CurrentDate = CurrentDate: null

2018-11-27 16:17:49 - [TEST_STEP][PASSED] - Statement - CurrentDay = java.lang.Integer.parseInt(CurrentDate): null

2018-11-27 16:17:49 - [TEST_STEP][PASSED] - Statement - aDayBefore = CurrentDay + 1: null

2018-11-27 16:17:49 - [TEST_STEP][PASSED] - Statement - DayBefore = aDayBefore.toString(): null

2018-11-27 16:17:49 - [TEST_STEP][PASSED] - Statement - OneDayBefore = DayBefore: null

2018-11-27 16:17:49 - [TEST_STEP][PASSED] - Statement - CurrentDateNoFilter.applyPattern("MM"): null

2018-11-27 16:17:49 - [TEST_STEP][PASSED] - Statement - monthContainerMatcher = java.lang.Integer.parseInt(CurrentDateNoFilter.format(TodayDate)): null

2018-11-27 16:17:49 - [TEST_STEP][PASSED] - Statement - monthContainerMatcher = monthContainerMatcher - 1: null

2018-11-27 16:17:49 - [TEST_STEP][PASSED] - Statement - CurrentMonth = monthContainerMatcher.toString(): null

2018-11-27 16:17:49 - [TEST_STEP][PASSED] - Statement - CurrentMonth = CurrentMonth: null

2018-11-27 16:17:49 - [TEST_STEP][PASSED] - Statement - CurrentDateNoFilter.applyPattern("yyyy"): null

2018-11-27 16:17:49 - [TEST_STEP][PASSED] - Statement - CurrentYear = CurrentDateNoFilter.format(TodayDate): null

2018-11-27 16:17:49 - [TEST_STEP][PASSED] - Statement - CurrentYear = CurrentYear: null

2018-11-27 16:17:49 - [TEST_STEP][PASSED] - Statement - intCurrentYear = java.lang.Integer.parseInt(CurrentDateNoFilter.format(TodayDate)): null

2018-11-27 16:17:49 - [TEST_STEP][PASSED] - Statement - eighteenYrsAgo = intCurrentYear - 18: null

2018-11-27 16:17:49 - [TEST_STEP][PASSED] - Statement - eighteenYrsBeforeThisYr = eighteenYrsAgo.toString(): null

2018-11-27 16:17:49 - [TEST_STEP][PASSED] - Statement - EighteenYrsBefore = eighteenYrsBeforeThisYr: null

2018-11-27 16:17:49 - [TEST_STEP][PASSED] - Statement - fiftysevenYrsAgo = intCurrentYear - 57: null

2018-11-27 16:17:49 - [TEST_STEP][PASSED] - Statement - fiftysevenYrsBeforeThisYr = fiftysevenYrsAgo.toString(): null

2018-11-27 16:17:49 - [TEST_STEP][PASSED] - Statement - FiftysevenYrsBefore = fiftysevenYrsBeforeThisYr: null

2018-11-27 16:17:49 - [MESSAGE][PASSED] - Call Test Case 'Test Cases/Final Aug 2018 - PKS Automation/Registration Module/New Registration/Form 2/Date Updater' successfully

2018-11-27 16:17:49 - [TEST_STEP][PASSED] - delay: Delayed 2 second(s)

2018-11-27 16:17:51 - [MESSAGE][PASSED] - Delayed 2 second(s)

2018-11-27 16:17:51 - [TEST_STEP][PASSED] - setText: Text 'klotc2@gmail.com' is set on object 'Object Repository/Final Object Repo/Page_Update Add New Employee - ASSIST/Email TextBox'

2018-11-27 16:17:51 - [MESSAGE][PASSED] - Text 'klotc2@gmail.com' is set on object 'Object Repository/Final Object Repo/Page_Update Add New Employee - ASSIST/Email TextBox'

2018-11-27 16:17:51 - [TEST_STEP][PASSED] - click: Object: 'Object Repository/Final Object Repo/Page_Update Add New Employee - ASSIST/Next Button' is clicked on

2018-11-27 16:17:51 - [MESSAGE][PASSED] - Object: 'Object Repository/Final Object Repo/Page_Update Add New Employee - ASSIST/Next Button' is clicked on

2018-11-27 16:17:51 - [TEST_STEP][PASSED] - delay: Delayed 2 second(s)

2018-11-27 16:17:53 - [MESSAGE][PASSED] - Delayed 2 second(s)

2018-11-27 16:17:53 - [TEST_STEP][PASSED] - setText: Text 'Test1@3456789' is set on object 'Object Repository/Final Object Repo/Page_Update Add New Employee - ASSIST/Password TextBox'

2018-11-27 16:17:54 - [MESSAGE][PASSED] - Text 'Test1@3456789' is set on object 'Object Repository/Final Object Repo/Page_Update Add New Employee - ASSIST/Password TextBox'

2018-11-27 16:17:54 - [TEST_STEP][PASSED] - delay: Delayed 2 second(s)

2018-11-27 16:17:56 - [MESSAGE][PASSED] - Delayed 2 second(s)

2018-11-27 16:17:56 - [TEST_STEP][PASSED] - click: Object: 'Object Repository/Final Object Repo/Page_Update Add New Employee - ASSIST/Login Button' is clicked on

2018-11-27 16:17:56 - [MESSAGE][PASSED] - Object: 'Object Repository/Final Object Repo/Page_Update Add New Employee - ASSIST/Login Button' is clicked on

2018-11-27 16:17:56 - [TEST_STEP][PASSED] - delay: Delayed 4 second(s)

2018-11-27 16:18:00 - [MESSAGE][PASSED] - Delayed 4 second(s)

2018-11-27 16:18:00 - [TEST_STEP][PASSED] - Statement - Try: Delayed 2 second(s)

2018-11-27 16:18:00 - [TEST_STEP][PASSED] - Statement - Checker = false: null

2018-11-27 16:18:00 - [TEST_STEP][PASSED] - Statement - Checker = com.kms.katalon.core.webui.keyword.WebUiBuiltInKeywords.verifyElementHasAttribute(com.kms.katalon.core.testobject.ObjectRepository.findTestObject(Final Object Repo/Landing Page/BM Detecting), "href", 20, OPTIONAL): Object 'Object Repository/Final Object Repo/Landing Page/BM Detecting' has attribute 'href'

2018-11-27 16:18:00 - [MESSAGE][PASSED] - Object 'Object Repository/Final Object Repo/Landing Page/BM Detecting' has attribute 'href'

2018-11-27 16:18:00 - [TEST_STEP][PASSED] - Statement - out.println(Checker): null

2018-11-27 16:18:00 - [TEST_STEP][PASSED] - Statement - If (Checker == false): null

2018-11-27 16:18:00 - [TEST_STEP][PASSED] - Statement - Else: null

2018-11-27 16:18:00 - [TEST_STEP][PASSED] - delay: Delayed 2 second(s)

2018-11-27 16:18:02 - [MESSAGE][PASSED] - Delayed 2 second(s)

2018-11-27 16:18:02 - [TEST_STEP][PASSED] - delay: Delayed 4 second(s)

2018-11-27 16:18:06 - [MESSAGE][PASSED] - Delayed 4 second(s)

2018-11-27 16:18:06 - [TEST_STEP][PASSED] - click: Object: 'Object Repository/Final Object Repo/Page_Update Add New Employee - ASSIST/My Sites Drop Down' is clicked on

2018-11-27 16:18:06 - [MESSAGE][PASSED] - Object: 'Object Repository/Final Object Repo/Page_Update Add New Employee - ASSIST/My Sites Drop Down' is clicked on

2018-11-27 16:18:06 - [TEST_STEP][PASSED] - click: Object: 'Object Repository/Final Object Repo/Page_Update Add New Employee - ASSIST/Select to Registration Module' is clicked on

2018-11-27 16:18:07 - [MESSAGE][PASSED] - Object: 'Object Repository/Final Object Repo/Page_Update Add New Employee - ASSIST/Select to Registration Module' is clicked on

2018-11-27 16:18:07 - [TEST_STEP][PASSED] - navigateToUrl: Navigate to 'https://assist2-uat.perkeso.gov.my/web/registration/myassist' successfully

2018-11-27 16:18:08 - [MESSAGE][PASSED] - Navigate to 'https://assist2-uat.perkeso.gov.my/web/registration/myassist' successfully

2018-11-27 16:18:08 - [TEST_STEP][PASSED] - mouseOver: Object: 'Object Repository/Final Object Repo/Page_Update Add New Employee - ASSIST/Select to Update Akta 4 Tab' is hovered

2018-11-27 16:18:08 - [MESSAGE][PASSED] - Object: 'Object Repository/Final Object Repo/Page_Update Add New Employee - ASSIST/Select to Update Akta 4 Tab' is hovered

2018-11-27 16:18:08 - [TEST_STEP][PASSED] - delay: Delayed 2 second(s)

2018-11-27 16:18:10 - [MESSAGE][PASSED] - Delayed 2 second(s)

2018-11-27 16:18:10 - [TEST_STEP][PASSED] - click: Object: 'Object Repository/Final Object Repo/Page_Update Add New Employee - ASSIST/Select to Update Add New Employee' is clicked on

2018-11-27 16:18:14 - [MESSAGE][PASSED] - Object: 'Object Repository/Final Object Repo/Page_Update Add New Employee - ASSIST/Select to Update Add New Employee' is clicked on

2018-11-27 16:18:14 - [TEST_STEP][PASSED] - delay: Delayed 2 second(s)

2018-11-27 16:18:16 - [MESSAGE][PASSED] - Delayed 2 second(s)

2018-11-27 16:18:16 - [TEST_STEP][PASSED] - setText: Text 'E1102070505F' is set on object 'Object Repository/Final Object Repo/Page_Update Add New Employee - ASSIST/Employer Code input textbox'

2018-11-27 16:18:16 - [MESSAGE][PASSED] - Text 'E1102070505F' is set on object 'Object Repository/Final Object Repo/Page_Update Add New Employee - ASSIST/Employer Code input textbox'

2018-11-27 16:18:16 - [TEST_STEP][PASSED] - delay: Delayed 2 second(s)

2018-11-27 16:18:18 - [MESSAGE][PASSED] - Delayed 2 second(s)

2018-11-27 16:18:18 - [TEST_STEP][PASSED] - click: Object: 'Object Repository/Final Object Repo/Page_Update Add New Employee - ASSIST/Search Button for Employer Code' is clicked on

2018-11-27 16:18:18 - [MESSAGE][PASSED] - Object: 'Object Repository/Final Object Repo/Page_Update Add New Employee - ASSIST/Search Button for Employer Code' is clicked on

2018-11-27 16:18:18 - [TEST_STEP][PASSED] - delay: Delayed 4 second(s)

2018-11-27 16:18:22 - [MESSAGE][PASSED] - Delayed 4 second(s)

2018-11-27 16:18:22 - [TEST_STEP][PASSED] - click: Object: 'Object Repository/Final Object Repo/Page_Update Add New Employee - ASSIST/Click to Edit Case' is clicked on

2018-11-27 16:18:26 - [MESSAGE][PASSED] - Object: 'Object Repository/Final Object Repo/Page_Update Add New Employee - ASSIST/Click to Edit Case' is clicked on

2018-11-27 16:18:26 - [TEST_STEP][PASSED] - callTestCase: Call Test Case 'Test Cases/Final Aug 2018 - PKS Automation/Registration Module/Workflow/Update Add New Employee/Template/Employee Adding/Employee Set Decider' successfully

2018-11-27 16:18:26 - [TEST_CASE][PASSED] - Test Cases/Final Aug 2018 - PKS Automation/Registration Module/Workflow/Update Add New Employee/Template/Employee Adding/Employee Set Decider: Test Cases/Final Aug 2018 - PKS Automation/Registration Module/Workflow/Update Add New Employee/Template/Employee Adding/Employee Set Decider

2018-11-27 16:18:26 - [TEST_STEP][PASSED] - delay: Delayed 4 second(s)

2018-11-27 16:18:30 - [MESSAGE][PASSED] - Delayed 4 second(s)

2018-11-27 16:18:30 - [TEST_STEP][PASSED] - click: Object: 'Object Repository/Final Object Repo/Page_Update Add New Employee - ASSIST/Add Employee Button' is clicked on

2018-11-27 16:18:30 - [MESSAGE][PASSED] - Object: 'Object Repository/Final Object Repo/Page_Update Add New Employee - ASSIST/Add Employee Button' is clicked on

2018-11-27 16:18:30 - [TEST_STEP][PASSED] - delay: Delayed 3 second(s)

2018-11-27 16:18:33 - [MESSAGE][PASSED] - Delayed 3 second(s)

2018-11-27 16:18:33 - [TEST_STEP][PASSED] - setText: Text '010903091920' is set on object 'Object Repository/Final Object Repo/Page_Update Add New Employee - ASSIST/NRIC Input'

2018-11-27 16:18:34 - [MESSAGE][PASSED] - Text '010903091920' is set on object 'Object Repository/Final Object Repo/Page_Update Add New Employee - ASSIST/NRIC Input'

2018-11-27 16:18:34 - [TEST_STEP][PASSED] - click: Object: 'Object Repository/Final Object Repo/Page_Update Add New Employee - ASSIST/button for search for IC' is clicked on

2018-11-27 16:18:34 - [MESSAGE][PASSED] - Object: 'Object Repository/Final Object Repo/Page_Update Add New Employee - ASSIST/button for search for IC' is clicked on

2018-11-27 16:18:34 - [TEST_STEP][PASSED] - delay: Delayed 2 second(s)

2018-11-27 16:18:36 - [MESSAGE][PASSED] - Delayed 2 second(s)

2018-11-27 16:18:36 - [TEST_STEP][PASSED] - sendKeys: Keys 'CONTROL + a' sent to object: 'Object Repository/Final Object Repo/Page_Update Add New Employee - ASSIST/Employee Name Input'

2018-11-27 16:18:46 - [MESSAGE][PASSED] - Keys 'CONTROL + a' sent to object: 'Object Repository/Final Object Repo/Page_Update Add New Employee - ASSIST/Employee Name Input'

2018-11-27 16:18:46 - [TEST_STEP][PASSED] - sendKeys: Keys 'CONTROL + c' sent to object: 'Object Repository/Final Object Repo/Page_Update Add New Employee - ASSIST/Employee Name Input'

2018-11-27 16:18:47 - [MESSAGE][PASSED] - Keys 'CONTROL + c' sent to object: 'Object Repository/Final Object Repo/Page_Update Add New Employee - ASSIST/Employee Name Input'

2018-11-27 16:18:47 - [TEST_STEP][PASSED] - Statement - toolkit = java.awt.Toolkit.getDefaultToolkit(): null

2018-11-27 16:18:47 - [TEST_STEP][PASSED] - Statement - clipboard = toolkit.getSystemClipboard(): null

2018-11-27 16:18:47 - [TEST_STEP][PASSED] - Statement - CurrentName = clipboard.getData(stringFlavor): null

2018-11-27 16:18:47 - [TEST_STEP][PASSED] - Statement - out.println("String from Clipboard:" + CurrentName): null

2018-11-27 16:18:47 - [TEST_STEP][PASSED] - Statement - If (CurrentName == "AUTOMATE002 ELIGIBLE 1"): null

2018-11-27 16:18:47 - [TEST_STEP][PASSED] - Statement - Else If (CurrentName == "AUTOMATE003 ELIGIBLE 1"): Call Test Case 'Test Cases/Final Aug 2018 - PKS Automation/Registration Module/Workflow/Update Add New Employee/Template/Employee Adding/Employee Adding Action Repeat IC - set 2' successfully

2018-11-27 16:18:47 - [TEST_STEP][PASSED] - callTestCase: Call Test Case 'Test Cases/Final Aug 2018 - PKS Automation/Registration Module/Workflow/Update Add New Employee/Template/Employee Adding/Employee Adding Action Repeat IC - set 2' successfully

2018-11-27 16:18:47 - [TEST_CASE][PASSED] - Test Cases/Final Aug 2018 - PKS Automation/Registration Module/Workflow/Update Add New Employee/Template/Employee Adding/Employee Adding Action Repeat IC - set 2: Test Cases/Final Aug 2018 - PKS Automation/Registration Module/Workflow/Update Add New Employee/Template/Employee Adding/Employee Adding Action Repeat IC - set 2

2018-11-27 16:18:47 - [TEST_STEP][PASSED] - setText: Text 'Automate002 eligible 1' is set on object 'Object Repository/Final Object Repo/Page_Update Add New Employee - ASSIST/Employee Name Input'

2018-11-27 16:18:48 - [MESSAGE][PASSED] - Text 'Automate002 eligible 1' is set on object 'Object Repository/Final Object Repo/Page_Update Add New Employee - ASSIST/Employee Name Input'

2018-11-27 16:18:48 - [TEST_STEP][PASSED] - delay: Delayed 2 second(s)

2018-11-27 16:18:50 - [MESSAGE][PASSED] - Delayed 2 second(s)

2018-11-27 16:18:50 - [TEST_STEP][PASSED] - click: Object: 'Object Repository/Final Object Repo/Page_Update Add New Employee - ASSIST/DatePicker Pop Up' is clicked on

2018-11-27 16:18:50 - [MESSAGE][PASSED] - Object: 'Object Repository/Final Object Repo/Page_Update Add New Employee - ASSIST/DatePicker Pop Up' is clicked on

2018-11-27 16:18:50 - [TEST_STEP][PASSED] - click: Object: 'Object Repository/Final Object Repo/Page_Update Add New Employee - ASSIST/DOB Month' is clicked on

2018-11-27 16:18:50 - [MESSAGE][PASSED] - Object: 'Object Repository/Final Object Repo/Page_Update Add New Employee - ASSIST/DOB Month' is clicked on

2018-11-27 16:18:50 - [TEST_STEP][PASSED] - Statement - CurrentMonth = CurrentMonth: null

2018-11-27 16:18:50 - [TEST_STEP][PASSED] - Statement - selectMonth = new com.kms.katalon.core.testobject.TestObject(): null

2018-11-27 16:18:50 - [TEST_STEP][PASSED] - Statement - selectMonth.addProperty("xpath", EQUALS, "//body/div/div/div/select/option[@value='" + CurrentMonth + "']", true): null

2018-11-27 16:18:50 - [TEST_STEP][PASSED] - click: Object: '' is clicked on

2018-11-27 16:18:51 - [MESSAGE][PASSED] - Object: '' is clicked on

2018-11-27 16:18:51 - [TEST_STEP][PASSED] - click: Object: 'Object Repository/Final Object Repo/Page_Update Add New Employee - ASSIST/DOB Year' is clicked on

2018-11-27 16:18:51 - [MESSAGE][PASSED] - Object: 'Object Repository/Final Object Repo/Page_Update Add New Employee - ASSIST/DOB Year' is clicked on

2018-11-27 16:18:51 - [TEST_STEP][PASSED] - Statement - Eyearsbf = EighteenYrsBefore: null

2018-11-27 16:18:51 - [TEST_STEP][PASSED] - Statement - selectYear = new com.kms.katalon.core.testobject.TestObject(): null

2018-11-27 16:18:51 - [TEST_STEP][PASSED] - Statement - selectYear.addProperty("xpath", EQUALS, "//div/div/div/select/option[@value='" + Eyearsbf + "']", true): null

2018-11-27 16:18:51 - [TEST_STEP][PASSED] - click: Object: '' is clicked on

2018-11-27 16:18:51 - [MESSAGE][PASSED] - Object: '' is clicked on

2018-11-27 16:18:51 - [TEST_STEP][PASSED] - Statement - UpdatedSelectDate = com.kms.katalon.core.webui.keyword.WebUiBuiltInKeywords.modifyObjectProperty(com.kms.katalon.core.testobject.ObjectRepository.findTestObject(Final Object Repo/Page_Update Add New Employee - ASSIST/DOB Date), "xpath", "equals", "//body/div/table/tbody/tr/td/a[text()="" + CurrentDate + ""]", true): Modify property of object successfully

2018-11-27 16:18:51 - [MESSAGE][PASSED] - Modify property of object successfully

2018-11-27 16:18:51 - [TEST_STEP][PASSED] - delay: Delayed 3 second(s)

2018-11-27 16:18:54 - [MESSAGE][PASSED] - Delayed 3 second(s)

2018-11-27 16:18:54 - [TEST_STEP][PASSED] - click: Object: 'Object Repository/Final Object Repo/Page_Update Add New Employee - ASSIST/DOB Date' is clicked on

2018-11-27 16:18:54 - [MESSAGE][PASSED] - Object: 'Object Repository/Final Object Repo/Page_Update Add New Employee - ASSIST/DOB Date' is clicked on

2018-11-27 16:18:54 - [TEST_STEP][PASSED] - delay: Delayed 2 second(s)

2018-11-27 16:18:56 - [MESSAGE][PASSED] - Delayed 2 second(s)

2018-11-27 16:18:56 - [TEST_STEP][PASSED] - click: Object: 'Object Repository/Final Object Repo/Page_Update Add New Employee - ASSIST/EmploymentStartDate Pop Up' is clicked on

2018-11-27 16:18:56 - [MESSAGE][PASSED] - Object: 'Object Repository/Final Object Repo/Page_Update Add New Employee - ASSIST/EmploymentStartDate Pop Up' is clicked on

2018-11-27 16:18:56 - [TEST_STEP][PASSED] - delay: Delayed 2 second(s)

2018-11-27 16:18:58 - [MESSAGE][PASSED] - Delayed 2 second(s)

2018-11-27 16:18:58 - [TEST_STEP][PASSED] - click: Object: 'Object Repository/Final Object Repo/Page_Update Add New Employee - ASSIST/Socso Employment StartDate Month' is clicked on

2018-11-27 16:18:58 - [MESSAGE][PASSED] - Object: 'Object Repository/Final Object Repo/Page_Update Add New Employee - ASSIST/Socso Employment StartDate Month' is clicked on

2018-11-27 16:18:58 - [TEST_STEP][PASSED] - delay: Delayed 1 second(s)

2018-11-27 16:18:59 - [MESSAGE][PASSED] - Delayed 1 second(s)

2018-11-27 16:18:59 - [TEST_STEP][PASSED] - click: Object: 'Object Repository/Final Object Repo/Page_Update Add New Employee - ASSIST/Select Socso Employement Startdate Month' is clicked on

2018-11-27 16:19:00 - [MESSAGE][PASSED] - Object: 'Object Repository/Final Object Repo/Page_Update Add New Employee - ASSIST/Select Socso Employement Startdate Month' is clicked on

2018-11-27 16:19:00 - [TEST_STEP][PASSED] - delay: Delayed 2 second(s)

2018-11-27 16:19:02 - [MESSAGE][PASSED] - Delayed 2 second(s)

2018-11-27 16:19:02 - [TEST_STEP][PASSED] - click: Object: 'Object Repository/Final Object Repo/Page_Update Add New Employee - ASSIST/Socso Employment StartDate Year' is clicked on

2018-11-27 16:19:02 - [MESSAGE][PASSED] - Object: 'Object Repository/Final Object Repo/Page_Update Add New Employee - ASSIST/Socso Employment StartDate Year' is clicked on

2018-11-27 16:19:02 - [TEST_STEP][PASSED] - delay: Delayed 1 second(s)

2018-11-27 16:19:03 - [MESSAGE][PASSED] - Delayed 1 second(s)

2018-11-27 16:19:03 - [TEST_STEP][PASSED] - click: Object: 'Object Repository/Final Object Repo/Page_Update Add New Employee - ASSIST/Select Socso Employment Startdate Year' is clicked on

2018-11-27 16:19:03 - [MESSAGE][PASSED] - Object: 'Object Repository/Final Object Repo/Page_Update Add New Employee - ASSIST/Select Socso Employment Startdate Year' is clicked on

2018-11-27 16:19:03 - [TEST_STEP][PASSED] - delay: Delayed 2 second(s)

2018-11-27 16:19:05 - [MESSAGE][PASSED] - Delayed 2 second(s)

2018-11-27 16:19:05 - [TEST_STEP][PASSED] - click: Object: 'Object Repository/Final Object Repo/Page_Update Add New Employee - ASSIST/Socso Employment Start Date Day' is clicked on

2018-11-27 16:19:05 - [MESSAGE][PASSED] - Object: 'Object Repository/Final Object Repo/Page_Update Add New Employee - ASSIST/Socso Employment Start Date Day' is clicked on

2018-11-27 16:19:05 - [TEST_STEP][PASSED] - delay: Delayed 2 second(s)

2018-11-27 16:19:07 - [MESSAGE][PASSED] - Delayed 2 second(s)

2018-11-27 16:19:07 - [TEST_STEP][PASSED] - click: Object: 'Object Repository/Final Object Repo/Page_Update Add New Employee - ASSIST/Save Button for Add Employee' is clicked on

2018-11-27 16:19:07 - [MESSAGE][PASSED] - Object: 'Object Repository/Final Object Repo/Page_Update Add New Employee - ASSIST/Save Button for Add Employee' is clicked on

2018-11-27 16:19:07 - [TEST_STEP][PASSED] - delay: Delayed 10 second(s)

2018-11-27 16:19:17 - [MESSAGE][PASSED] - Delayed 10 second(s)

2018-11-27 16:19:17 - [TEST_STEP][PASSED] - click: Object: 'Object Repository/Final Object Repo/Page_Update Add New Employee - ASSIST/Add Employee Button' is clicked on

2018-11-27 16:19:18 - [MESSAGE][PASSED] - Object: 'Object Repository/Final Object Repo/Page_Update Add New Employee - ASSIST/Add Employee Button' is clicked on

2018-11-27 16:19:18 - [TEST_STEP][PASSED] - delay: Delayed 6 second(s)

2018-11-27 16:19:24 - [MESSAGE][PASSED] - Delayed 6 second(s)

2018-11-27 16:19:24 - [TEST_STEP][PASSED] - setText: Text '620904059600' is set on object 'Object Repository/Final Object Repo/Page_Update Add New Employee - ASSIST/NRIC Input'

2018-11-27 16:19:24 - [MESSAGE][PASSED] - Text '620904059600' is set on object 'Object Repository/Final Object Repo/Page_Update Add New Employee - ASSIST/NRIC Input'

2018-11-27 16:19:24 - [TEST_STEP][PASSED] - click: Object: 'Object Repository/Final Object Repo/Page_Update Add New Employee - ASSIST/button for search for IC' is clicked on

2018-11-27 16:19:24 - [MESSAGE][PASSED] - Object: 'Object Repository/Final Object Repo/Page_Update Add New Employee - ASSIST/button for search for IC' is clicked on

2018-11-27 16:19:24 - [TEST_STEP][PASSED] - delay: Delayed 2 second(s)

2018-11-27 16:19:26 - [MESSAGE][PASSED] - Delayed 2 second(s)

2018-11-27 16:19:26 - [TEST_STEP][PASSED] - setText: Text 'Automate002 eligible 2' is set on object 'Object Repository/Final Object Repo/Page_Update Add New Employee - ASSIST/Employee Name Input'

2018-11-27 16:19:27 - [MESSAGE][PASSED] - Text 'Automate002 eligible 2' is set on object 'Object Repository/Final Object Repo/Page_Update Add New Employee - ASSIST/Employee Name Input'

2018-11-27 16:19:27 - [TEST_STEP][PASSED] - delay: Delayed 2 second(s)

2018-11-27 16:19:29 - [MESSAGE][PASSED] - Delayed 2 second(s)

2018-11-27 16:19:29 - [TEST_STEP][PASSED] - click: Object: 'Object Repository/Final Object Repo/Page_Update Add New Employee - ASSIST/DatePicker Pop Up' is clicked on

2018-11-27 16:19:29 - [MESSAGE][PASSED] - Object: 'Object Repository/Final Object Repo/Page_Update Add New Employee - ASSIST/DatePicker Pop Up' is clicked on

2018-11-27 16:19:29 - [TEST_STEP][PASSED] - delay: Delayed 2 second(s)

2018-11-27 16:19:31 - [MESSAGE][PASSED] - Delayed 2 second(s)

2018-11-27 16:19:31 - [TEST_STEP][PASSED] - click: Object: 'Object Repository/Final Object Repo/Page_Update Add New Employee - ASSIST/DOB Month' is clicked on

2018-11-27 16:19:31 - [MESSAGE][PASSED] - Object: 'Object Repository/Final Object Repo/Page_Update Add New Employee - ASSIST/DOB Month' is clicked on

2018-11-27 16:19:31 - [TEST_STEP][PASSED] - Statement - selectMonth = com.kms.katalon.core.webui.keyword.WebUiBuiltInKeywords.modifyObjectProperty(selectMonth, "xpath", "equals", "//body/div/div/div/select/option[@value="" + CurrentMonth + ""]", true): Modify property of object successfully

2018-11-27 16:19:31 - [MESSAGE][PASSED] - Modify property of object successfully

2018-11-27 16:19:31 - [TEST_STEP][PASSED] - click: Object: '' is clicked on

2018-11-27 16:19:31 - [MESSAGE][PASSED] - Object: '' is clicked on

2018-11-27 16:19:31 - [TEST_STEP][PASSED] - click: Object: 'Object Repository/Final Object Repo/Page_Update Add New Employee - ASSIST/DOB Year' is clicked on

2018-11-27 16:19:31 - [MESSAGE][PASSED] - Object: 'Object Repository/Final Object Repo/Page_Update Add New Employee - ASSIST/DOB Year' is clicked on

2018-11-27 16:19:31 - [TEST_STEP][PASSED] - Statement - selectYear = com.kms.katalon.core.webui.keyword.WebUiBuiltInKeywords.modifyObjectProperty(selectYear, "xpath", "equals", "//div/div/div/select/option[@value="" + FiftysevenYrsBefore + ""]", true): Modify property of object successfully

2018-11-27 16:19:31 - [MESSAGE][PASSED] - Modify property of object successfully

2018-11-27 16:19:31 - [TEST_STEP][PASSED] - click: Object: '' is clicked on

2018-11-27 16:19:32 - [MESSAGE][PASSED] - Object: '' is clicked on

2018-11-27 16:19:32 - [TEST_STEP][PASSED] - Statement - UpdatedSelectDate = com.kms.katalon.core.webui.keyword.WebUiBuiltInKeywords.modifyObjectProperty(com.kms.katalon.core.testobject.ObjectRepository.findTestObject(Final Object Repo/Page_Update Add New Employee - ASSIST/DOB Date), "xpath", "equals", "//body/div/table/tbody/tr/td/a[text()="" + OneDayBefore + ""]", true): Modify property of object successfully

2018-11-27 16:19:32 - [MESSAGE][PASSED] - Modify property of object successfully

2018-11-27 16:19:32 - [TEST_STEP][PASSED] - click: Object: 'Object Repository/Final Object Repo/Page_Update Add New Employee - ASSIST/DOB Date' is clicked on

2018-11-27 16:19:32 - [MESSAGE][PASSED] - Object: 'Object Repository/Final Object Repo/Page_Update Add New Employee - ASSIST/DOB Date' is clicked on

2018-11-27 16:19:32 - [TEST_STEP][PASSED] - delay: Delayed 2 second(s)

2018-11-27 16:19:34 - [MESSAGE][PASSED] - Delayed 2 second(s)

2018-11-27 16:19:34 - [TEST_STEP][PASSED] - click: Object: 'Object Repository/Final Object Repo/Page_Update Add New Employee - ASSIST/EmploymentStartDate Pop Up' is clicked on

2018-11-27 16:19:34 - [MESSAGE][PASSED] - Object: 'Object Repository/Final Object Repo/Page_Update Add New Employee - ASSIST/EmploymentStartDate Pop Up' is clicked on

2018-11-27 16:19:34 - [TEST_STEP][PASSED] - delay: Delayed 2 second(s)

2018-11-27 16:19:36 - [MESSAGE][PASSED] - Delayed 2 second(s)

2018-11-27 16:19:36 - [TEST_STEP][PASSED] - click: Object: 'Object Repository/Final Object Repo/Page_Update Add New Employee - ASSIST/Socso Employment StartDate Month' is clicked on

2018-11-27 16:19:36 - [MESSAGE][PASSED] - Object: 'Object Repository/Final Object Repo/Page_Update Add New Employee - ASSIST/Socso Employment StartDate Month' is clicked on

2018-11-27 16:19:36 - [TEST_STEP][PASSED] - delay: Delayed 1 second(s)

2018-11-27 16:19:37 - [MESSAGE][PASSED] - Delayed 1 second(s)

2018-11-27 16:19:37 - [TEST_STEP][PASSED] - click: Object: 'Object Repository/Final Object Repo/Page_Update Add New Employee - ASSIST/Select Socso Employement Startdate Month' is clicked on

2018-11-27 16:19:37 - [MESSAGE][PASSED] - Object: 'Object Repository/Final Object Repo/Page_Update Add New Employee - ASSIST/Select Socso Employement Startdate Month' is clicked on

2018-11-27 16:19:37 - [TEST_STEP][PASSED] - delay: Delayed 2 second(s)

2018-11-27 16:19:39 - [MESSAGE][PASSED] - Delayed 2 second(s)

2018-11-27 16:19:39 - [TEST_STEP][PASSED] - click: Object: 'Object Repository/Final Object Repo/Page_Update Add New Employee - ASSIST/Socso Employment StartDate Year' is clicked on

2018-11-27 16:19:39 - [MESSAGE][PASSED] - Object: 'Object Repository/Final Object Repo/Page_Update Add New Employee - ASSIST/Socso Employment StartDate Year' is clicked on

2018-11-27 16:19:39 - [TEST_STEP][PASSED] - delay: Delayed 1 second(s)

2018-11-27 16:19:40 - [MESSAGE][PASSED] - Delayed 1 second(s)

2018-11-27 16:19:40 - [TEST_STEP][PASSED] - click: Object: 'Object Repository/Final Object Repo/Page_Update Add New Employee - ASSIST/Select Socso Employment Startdate Year' is clicked on

2018-11-27 16:19:41 - [MESSAGE][PASSED] - Object: 'Object Repository/Final Object Repo/Page_Update Add New Employee - ASSIST/Select Socso Employment Startdate Year' is clicked on

2018-11-27 16:19:41 - [TEST_STEP][PASSED] - delay: Delayed 2 second(s)

2018-11-27 16:19:43 - [MESSAGE][PASSED] - Delayed 2 second(s)

2018-11-27 16:19:43 - [TEST_STEP][PASSED] - click: Object: 'Object Repository/Final Object Repo/Page_Update Add New Employee - ASSIST/Socso Employment Start Date Day' is clicked on

2018-11-27 16:19:43 - [MESSAGE][PASSED] - Object: 'Object Repository/Final Object Repo/Page_Update Add New Employee - ASSIST/Socso Employment Start Date Day' is clicked on

2018-11-27 16:19:43 - [TEST_STEP][PASSED] - delay: Delayed 2 second(s)

2018-11-27 16:19:45 - [MESSAGE][PASSED] - Delayed 2 second(s)

2018-11-27 16:19:45 - [TEST_STEP][PASSED] - click: Object: 'Object Repository/Final Object Repo/Page_Update Add New Employee - ASSIST/Save Button for Add Employee' is clicked on

2018-11-27 16:19:45 - [MESSAGE][PASSED] - Object: 'Object Repository/Final Object Repo/Page_Update Add New Employee - ASSIST/Save Button for Add Employee' is clicked on

2018-11-27 16:19:45 - [TEST_STEP][PASSED] - delay: Delayed 5 second(s)

2018-11-27 16:19:50 - [MESSAGE][PASSED] - Delayed 5 second(s)

2018-11-27 16:19:50 - [TEST_STEP][PASSED] - waitForElementClickable: Object 'Object Repository/Final Object Repo/Page_Update Add New Employee - ASSIST/Add Employee Button' is clickable

2018-11-27 16:19:50 - [MESSAGE][PASSED] - Object 'Object Repository/Final Object Repo/Page_Update Add New Employee - ASSIST/Add Employee Button' is clickable

2018-11-27 16:19:50 - [TEST_STEP][PASSED] - click: Object: 'Object Repository/Final Object Repo/Page_Update Add New Employee - ASSIST/Add Employee Button' is clicked on

2018-11-27 16:19:50 - [MESSAGE][PASSED] - Object: 'Object Repository/Final Object Repo/Page_Update Add New Employee - ASSIST/Add Employee Button' is clicked on

2018-11-27 16:19:50 - [TEST_STEP][PASSED] - delay: Delayed 4 second(s)

2018-11-27 16:19:54 - [MESSAGE][PASSED] - Delayed 4 second(s)

2018-11-27 16:19:54 - [TEST_STEP][PASSED] - setText: Text '000209039100' is set on object 'Object Repository/Final Object Repo/Page_Update Add New Employee - ASSIST/NRIC Input'

2018-11-27 16:19:55 - [MESSAGE][PASSED] - Text '000209039100' is set on object 'Object Repository/Final Object Repo/Page_Update Add New Employee - ASSIST/NRIC Input'

2018-11-27 16:19:55 - [TEST_STEP][PASSED] - click: Object: 'Object Repository/Final Object Repo/Page_Update Add New Employee - ASSIST/button for search for IC' is clicked on

2018-11-27 16:19:55 - [MESSAGE][PASSED] - Object: 'Object Repository/Final Object Repo/Page_Update Add New Employee - ASSIST/button for search for IC' is clicked on

2018-11-27 16:19:55 - [TEST_STEP][PASSED] - delay: Delayed 2 second(s)

2018-11-27 16:19:57 - [MESSAGE][PASSED] - Delayed 2 second(s)

2018-11-27 16:19:57 - [TEST_STEP][PASSED] - setText: Text 'Automate002 not eligible 1' is set on object 'Object Repository/Final Object Repo/Page_Update Add New Employee - ASSIST/Employee Name Input'

2018-11-27 16:19:57 - [MESSAGE][PASSED] - Text 'Automate002 not eligible 1' is set on object 'Object Repository/Final Object Repo/Page_Update Add New Employee - ASSIST/Employee Name Input'

2018-11-27 16:19:57 - [TEST_STEP][PASSED] - delay: Delayed 2 second(s)

2018-11-27 16:19:59 - [MESSAGE][PASSED] - Delayed 2 second(s)

2018-11-27 16:19:59 - [TEST_STEP][PASSED] - click: Object: 'Object Repository/Final Object Repo/Page_Update Add New Employee - ASSIST/DatePicker Pop Up' is clicked on

2018-11-27 16:20:00 - [MESSAGE][PASSED] - Object: 'Object Repository/Final Object Repo/Page_Update Add New Employee - ASSIST/DatePicker Pop Up' is clicked on

2018-11-27 16:20:00 - [TEST_STEP][PASSED] - delay: Delayed 2 second(s)

2018-11-27 16:20:02 - [MESSAGE][PASSED] - Delayed 2 second(s)

2018-11-27 16:20:02 - [TEST_STEP][PASSED] - click: Object: 'Object Repository/Final Object Repo/Page_Update Add New Employee - ASSIST/DOB Month' is clicked on

2018-11-27 16:20:02 - [MESSAGE][PASSED] - Object: 'Object Repository/Final Object Repo/Page_Update Add New Employee - ASSIST/DOB Month' is clicked on

2018-11-27 16:20:02 - [TEST_STEP][PASSED] - Statement - selectMonth = com.kms.katalon.core.webui.keyword.WebUiBuiltInKeywords.modifyObjectProperty(selectMonth, "xpath", "equals", "//body/div/div/div/select/option[@value="" + CurrentMonth + ""]", true): Modify property of object successfully

2018-11-27 16:20:02 - [MESSAGE][PASSED] - Modify property of object successfully

2018-11-27 16:20:02 - [TEST_STEP][PASSED] - click: Object: '' is clicked on

2018-11-27 16:20:02 - [MESSAGE][PASSED] - Object: '' is clicked on

2018-11-27 16:20:02 - [TEST_STEP][PASSED] - click: Object: 'Object Repository/Final Object Repo/Page_Update Add New Employee - ASSIST/DOB Year' is clicked on

2018-11-27 16:20:02 - [MESSAGE][PASSED] - Object: 'Object Repository/Final Object Repo/Page_Update Add New Employee - ASSIST/DOB Year' is clicked on

2018-11-27 16:20:02 - [TEST_STEP][PASSED] - Statement - selectYear = com.kms.katalon.core.webui.keyword.WebUiBuiltInKeywords.modifyObjectProperty(selectYear, "xpath", "equals", "//div/div/div/select/option[@value="" + EighteenYrsBefore + ""]", true): Modify property of object successfully

2018-11-27 16:20:02 - [MESSAGE][PASSED] - Modify property of object successfully

2018-11-27 16:20:02 - [TEST_STEP][PASSED] - click: Object: '' is clicked on

2018-11-27 16:20:02 - [MESSAGE][PASSED] - Object: '' is clicked on

2018-11-27 16:20:02 - [TEST_STEP][PASSED] - Statement - UpdatedSelectDate = com.kms.katalon.core.webui.keyword.WebUiBuiltInKeywords.modifyObjectProperty(com.kms.katalon.core.testobject.ObjectRepository.findTestObject(Final Object Repo/Page_Update Add New Employee - ASSIST/DOB Date), "xpath", "equals", "//body/div/table/tbody/tr/td/a[text()="" + OneDayBefore + ""]", true): Modify property of object successfully

2018-11-27 16:20:02 - [MESSAGE][PASSED] - Modify property of object successfully

2018-11-27 16:20:02 - [TEST_STEP][PASSED] - click: Object: 'Object Repository/Final Object Repo/Page_Update Add New Employee - ASSIST/DOB Date' is clicked on

2018-11-27 16:20:02 - [MESSAGE][PASSED] - Object: 'Object Repository/Final Object Repo/Page_Update Add New Employee - ASSIST/DOB Date' is clicked on

2018-11-27 16:20:02 - [TEST_STEP][PASSED] - delay: Delayed 2 second(s)

2018-11-27 16:20:04 - [MESSAGE][PASSED] - Delayed 2 second(s)

2018-11-27 16:20:04 - [TEST_STEP][PASSED] - click: Object: 'Object Repository/Final Object Repo/Page_Update Add New Employee - ASSIST/EmploymentStartDate Pop Up' is clicked on

2018-11-27 16:20:05 - [MESSAGE][PASSED] - Object: 'Object Repository/Final Object Repo/Page_Update Add New Employee - ASSIST/EmploymentStartDate Pop Up' is clicked on

2018-11-27 16:20:05 - [TEST_STEP][PASSED] - delay: Delayed 2 second(s)

2018-11-27 16:20:07 - [MESSAGE][PASSED] - Delayed 2 second(s)

2018-11-27 16:20:07 - [TEST_STEP][PASSED] - click: Object: 'Object Repository/Final Object Repo/Page_Update Add New Employee - ASSIST/Socso Employment StartDate Month' is clicked on

2018-11-27 16:20:07 - [MESSAGE][PASSED] - Object: 'Object Repository/Final Object Repo/Page_Update Add New Employee - ASSIST/Socso Employment StartDate Month' is clicked on

2018-11-27 16:20:07 - [TEST_STEP][PASSED] - delay: Delayed 1 second(s)

2018-11-27 16:20:08 - [MESSAGE][PASSED] - Delayed 1 second(s)

2018-11-27 16:20:08 - [TEST_STEP][PASSED] - click: Object: 'Object Repository/Final Object Repo/Page_Update Add New Employee - ASSIST/Select Socso Employement Startdate Month' is clicked on

2018-11-27 16:20:08 - [MESSAGE][PASSED] - Object: 'Object Repository/Final Object Repo/Page_Update Add New Employee - ASSIST/Select Socso Employement Startdate Month' is clicked on

2018-11-27 16:20:08 - [TEST_STEP][PASSED] - delay: Delayed 2 second(s)

2018-11-27 16:20:10 - [MESSAGE][PASSED] - Delayed 2 second(s)

2018-11-27 16:20:10 - [TEST_STEP][PASSED] - click: Object: 'Object Repository/Final Object Repo/Page_Update Add New Employee - ASSIST/Socso Employment StartDate Year' is clicked on

2018-11-27 16:20:10 - [MESSAGE][PASSED] - Object: 'Object Repository/Final Object Repo/Page_Update Add New Employee - ASSIST/Socso Employment StartDate Year' is clicked on

2018-11-27 16:20:10 - [TEST_STEP][PASSED] - delay: Delayed 1 second(s)

2018-11-27 16:20:11 - [MESSAGE][PASSED] - Delayed 1 second(s)

2018-11-27 16:20:11 - [TEST_STEP][PASSED] - click: Object: 'Object Repository/Final Object Repo/Page_Update Add New Employee - ASSIST/Select Socso Employment Startdate Year' is clicked on

2018-11-27 16:20:11 - [MESSAGE][PASSED] - Object: 'Object Repository/Final Object Repo/Page_Update Add New Employee - ASSIST/Select Socso Employment Startdate Year' is clicked on

2018-11-27 16:20:11 - [TEST_STEP][PASSED] - delay: Delayed 2 second(s)

2018-11-27 16:20:13 - [MESSAGE][PASSED] - Delayed 2 second(s)

2018-11-27 16:20:13 - [TEST_STEP][PASSED] - click: Object: 'Object Repository/Final Object Repo/Page_Update Add New Employee - ASSIST/Socso Employment Start Date Day' is clicked on

2018-11-27 16:20:14 - [MESSAGE][PASSED] - Object: 'Object Repository/Final Object Repo/Page_Update Add New Employee - ASSIST/Socso Employment Start Date Day' is clicked on

2018-11-27 16:20:14 - [TEST_STEP][PASSED] - delay: Delayed 2 second(s)

2018-11-27 16:20:16 - [MESSAGE][PASSED] - Delayed 2 second(s)

2018-11-27 16:20:16 - [TEST_STEP][PASSED] - click: Object: 'Object Repository/Final Object Repo/Page_Update Add New Employee - ASSIST/Save Button for Add Employee' is clicked on

2018-11-27 16:20:16 - [MESSAGE][PASSED] - Object: 'Object Repository/Final Object Repo/Page_Update Add New Employee - ASSIST/Save Button for Add Employee' is clicked on

2018-11-27 16:20:16 - [TEST_STEP][PASSED] - delay: Delayed 20 second(s)

2018-11-27 16:20:36 - [MESSAGE][PASSED] - Delayed 20 second(s)

2018-11-27 16:20:36 - [TEST_STEP][PASSED] - click: Object: 'Object Repository/Final Object Repo/Page_Update Add New Employee - ASSIST/Add Employee Button' is clicked on

2018-11-27 16:20:36 - [MESSAGE][PASSED] - Object: 'Object Repository/Final Object Repo/Page_Update Add New Employee - ASSIST/Add Employee Button' is clicked on

2018-11-27 16:20:36 - [TEST_STEP][PASSED] - delay: Delayed 4 second(s)

2018-11-27 16:20:40 - [MESSAGE][PASSED] - Delayed 4 second(s)

2018-11-27 16:20:40 - [TEST_STEP][PASSED] - setText: Text '600203039104' is set on object 'Object Repository/Final Object Repo/Page_Update Add New Employee - ASSIST/NRIC Input'

2018-11-27 16:20:40 - [MESSAGE][PASSED] - Text '600203039104' is set on object 'Object Repository/Final Object Repo/Page_Update Add New Employee - ASSIST/NRIC Input'

2018-11-27 16:20:40 - [TEST_STEP][PASSED] - click: Object: 'Object Repository/Final Object Repo/Page_Update Add New Employee - ASSIST/button for search for IC' is clicked on

2018-11-27 16:20:41 - [MESSAGE][PASSED] - Object: 'Object Repository/Final Object Repo/Page_Update Add New Employee - ASSIST/button for search for IC' is clicked on

2018-11-27 16:20:41 - [TEST_STEP][PASSED] - delay: Delayed 2 second(s)

2018-11-27 16:20:43 - [MESSAGE][PASSED] - Delayed 2 second(s)

2018-11-27 16:20:43 - [TEST_STEP][PASSED] - setText: Text 'Automate002 not eligible 2' is set on object 'Object Repository/Final Object Repo/Page_Update Add New Employee - ASSIST/Employee Name Input'

2018-11-27 16:20:43 - [MESSAGE][PASSED] - Text 'Automate002 not eligible 2' is set on object 'Object Repository/Final Object Repo/Page_Update Add New Employee - ASSIST/Employee Name Input'

2018-11-27 16:20:43 - [TEST_STEP][PASSED] - delay: Delayed 2 second(s)

2018-11-27 16:20:45 - [MESSAGE][PASSED] - Delayed 2 second(s)

2018-11-27 16:20:45 - [TEST_STEP][PASSED] - click: Object: 'Object Repository/Final Object Repo/Page_Update Add New Employee - ASSIST/DatePicker Pop Up' is clicked on

2018-11-27 16:20:45 - [MESSAGE][PASSED] - Object: 'Object Repository/Final Object Repo/Page_Update Add New Employee - ASSIST/DatePicker Pop Up' is clicked on

2018-11-27 16:20:45 - [TEST_STEP][PASSED] - delay: Delayed 2 second(s)

2018-11-27 16:20:47 - [MESSAGE][PASSED] - Delayed 2 second(s)

2018-11-27 16:20:47 - [TEST_STEP][PASSED] - click: Object: 'Object Repository/Final Object Repo/Page_Update Add New Employee - ASSIST/DOB Month' is clicked on

2018-11-27 16:20:48 - [MESSAGE][PASSED] - Object: 'Object Repository/Final Object Repo/Page_Update Add New Employee - ASSIST/DOB Month' is clicked on

2018-11-27 16:20:48 - [TEST_STEP][PASSED] - Statement - selectMonth = com.kms.katalon.core.webui.keyword.WebUiBuiltInKeywords.modifyObjectProperty(selectMonth, "xpath", "equals", "//body/div/div/div/select/option[@value="" + CurrentMonth + ""]", true): Modify property of object successfully

2018-11-27 16:20:48 - [MESSAGE][PASSED] - Modify property of object successfully

2018-11-27 16:20:48 - [TEST_STEP][PASSED] - click: Object: '' is clicked on

2018-11-27 16:20:48 - [MESSAGE][PASSED] - Object: '' is clicked on

2018-11-27 16:20:48 - [TEST_STEP][PASSED] - click: Object: 'Object Repository/Final Object Repo/Page_Update Add New Employee - ASSIST/DOB Year' is clicked on

2018-11-27 16:20:48 - [MESSAGE][PASSED] - Object: 'Object Repository/Final Object Repo/Page_Update Add New Employee - ASSIST/DOB Year' is clicked on

2018-11-27 16:20:48 - [TEST_STEP][PASSED] - Statement - selectYear = com.kms.katalon.core.webui.keyword.WebUiBuiltInKeywords.modifyObjectProperty(selectYear, "xpath", "equals", "//div/div/div/select/option[@value="" + FiftysevenYrsBefore + ""]", true): Modify property of object successfully

2018-11-27 16:20:48 - [MESSAGE][PASSED] - Modify property of object successfully

2018-11-27 16:20:48 - [TEST_STEP][PASSED] - click: Object: '' is clicked on

2018-11-27 16:20:48 - [MESSAGE][PASSED] - Object: '' is clicked on

2018-11-27 16:20:48 - [TEST_STEP][PASSED] - Statement - UpdatedSelectDate = com.kms.katalon.core.webui.keyword.WebUiBuiltInKeywords.modifyObjectProperty(com.kms.katalon.core.testobject.ObjectRepository.findTestObject(Final Object Repo/Page_Update Add New Employee - ASSIST/DOB Date), "xpath", "equals", "//body/div/table/tbody/tr/td/a[text()="" + CurrentDate + ""]", true): Modify property of object successfully

2018-11-27 16:20:48 - [MESSAGE][PASSED] - Modify property of object successfully

2018-11-27 16:20:48 - [TEST_STEP][PASSED] - click: Object: 'Object Repository/Final Object Repo/Page_Update Add New Employee - ASSIST/DOB Date' is clicked on

2018-11-27 16:20:48 - [MESSAGE][PASSED] - Object: 'Object Repository/Final Object Repo/Page_Update Add New Employee - ASSIST/DOB Date' is clicked on

2018-11-27 16:20:48 - [TEST_STEP][PASSED] - click: Object: 'Object Repository/Final Object Repo/Page_Update Add New Employee - ASSIST/EmploymentStartDate Pop Up' is clicked on

2018-11-27 16:20:48 - [MESSAGE][PASSED] - Object: 'Object Repository/Final Object Repo/Page_Update Add New Employee - ASSIST/EmploymentStartDate Pop Up' is clicked on

2018-11-27 16:20:48 - [TEST_STEP][PASSED] - delay: Delayed 2 second(s)

2018-11-27 16:20:50 - [MESSAGE][PASSED] - Delayed 2 second(s)

2018-11-27 16:20:50 - [TEST_STEP][PASSED] - click: Object: 'Object Repository/Final Object Repo/Page_Update Add New Employee - ASSIST/Socso Employment StartDate Month' is clicked on

2018-11-27 16:20:50 - [MESSAGE][PASSED] - Object: 'Object Repository/Final Object Repo/Page_Update Add New Employee - ASSIST/Socso Employment StartDate Month' is clicked on

2018-11-27 16:20:51 - [TEST_STEP][PASSED] - delay: Delayed 1 second(s)

2018-11-27 16:20:52 - [MESSAGE][PASSED] - Delayed 1 second(s)

2018-11-27 16:20:52 - [TEST_STEP][PASSED] - click: Object: 'Object Repository/Final Object Repo/Page_Update Add New Employee - ASSIST/Select Socso Employement Startdate Month' is clicked on

2018-11-27 16:20:52 - [MESSAGE][PASSED] - Object: 'Object Repository/Final Object Repo/Page_Update Add New Employee - ASSIST/Select Socso Employement Startdate Month' is clicked on

2018-11-27 16:20:52 - [TEST_STEP][PASSED] - delay: Delayed 2 second(s)

2018-11-27 16:20:54 - [MESSAGE][PASSED] - Delayed 2 second(s)

2018-11-27 16:20:54 - [TEST_STEP][PASSED] - click: Object: 'Object Repository/Final Object Repo/Page_Update Add New Employee - ASSIST/Socso Employment StartDate Year' is clicked on

2018-11-27 16:20:54 - [MESSAGE][PASSED] - Object: 'Object Repository/Final Object Repo/Page_Update Add New Employee - ASSIST/Socso Employment StartDate Year' is clicked on

2018-11-27 16:20:54 - [TEST_STEP][PASSED] - delay: Delayed 1 second(s)

2018-11-27 16:20:55 - [MESSAGE][PASSED] - Delayed 1 second(s)

2018-11-27 16:20:55 - [TEST_STEP][PASSED] - click: Object: 'Object Repository/Final Object Repo/Page_Update Add New Employee - ASSIST/Select Socso Employment Startdate Year' is clicked on

2018-11-27 16:20:55 - [MESSAGE][PASSED] - Object: 'Object Repository/Final Object Repo/Page_Update Add New Employee - ASSIST/Select Socso Employment Startdate Year' is clicked on

2018-11-27 16:20:55 - [TEST_STEP][PASSED] - delay: Delayed 2 second(s)

2018-11-27 16:20:57 - [MESSAGE][PASSED] - Delayed 2 second(s)

2018-11-27 16:20:57 - [TEST_STEP][PASSED] - click: Object: 'Object Repository/Final Object Repo/Page_Update Add New Employee - ASSIST/Socso Employment Start Date Day' is clicked on

2018-11-27 16:20:57 - [MESSAGE][PASSED] - Object: 'Object Repository/Final Object Repo/Page_Update Add New Employee - ASSIST/Socso Employment Start Date Day' is clicked on

2018-11-27 16:20:57 - [TEST_STEP][PASSED] - delay: Delayed 2 second(s)

2018-11-27 16:20:59 - [MESSAGE][PASSED] - Delayed 2 second(s)

2018-11-27 16:20:59 - [TEST_STEP][PASSED] - click: Object: 'Object Repository/Final Object Repo/Page_Update Add New Employee - ASSIST/Save Button for Add Employee' is clicked on

2018-11-27 16:20:59 - [MESSAGE][PASSED] - Object: 'Object Repository/Final Object Repo/Page_Update Add New Employee - ASSIST/Save Button for Add Employee' is clicked on

2018-11-27 16:20:59 - [MESSAGE][PASSED] - Call Test Case 'Test Cases/Final Aug 2018 - PKS Automation/Registration Module/Workflow/Update Add New Employee/Template/Employee Adding/Employee Adding Action Repeat IC - set 2' successfully

2018-11-27 16:20:59 - [MESSAGE][PASSED] - Call Test Case 'Test Cases/Final Aug 2018 - PKS Automation/Registration Module/Workflow/Update Add New Employee/Template/Employee Adding/Employee Set Decider' successfully

2018-11-27 16:20:59 - [TEST_STEP][PASSED] - delay: Delayed 4 second(s)

2018-11-27 16:21:03 - [MESSAGE][PASSED] - Delayed 4 second(s)

2018-11-27 16:21:03 - [TEST_STEP][PASSED] - Statement - CaseReferenceNo = com.kms.katalon.core.webui.keyword.WebUiBuiltInKeywords.getText(com.kms.katalon.core.testobject.ObjectRepository.findTestObject(Final Object Repo/Page_Update Add New Employee - ASSIST/RefNo)): Text of object 'Object Repository/Final Object Repo/Page_Update Add New Employee - ASSIST/RefNo' is: 'CAN11201800002201'

2018-11-27 16:21:03 - [MESSAGE][PASSED] - Text of object 'Object Repository/Final Object Repo/Page_Update Add New Employee - ASSIST/RefNo' is: 'CAN11201800002201'

2018-11-27 16:21:03 - [TEST_STEP][PASSED] - callTestCase: Call Test Case 'Test Cases/Final Aug 2018 - PKS Automation/Common/Reference Number Setter' successfully

2018-11-27 16:21:03 - [TEST_CASE][PASSED] - Test Cases/Final Aug 2018 - PKS Automation/Common/Reference Number Setter: Test Cases/Final Aug 2018 - PKS Automation/Common/Reference Number Setter

2018-11-27 16:21:03 - [TEST_STEP][PASSED] - Statement - RefNoOldFile = new java.io.File(C://Users//Admin//Desktop//PKS//Automation Reference Point//KatalonReference.txt): null

2018-11-27 16:21:03 - [TEST_STEP][PASSED] - Statement - RefNoOldFile.delete(): null

2018-11-27 16:21:03 - [TEST_STEP][PASSED] - delay: Delayed 5 second(s)

2018-11-27 16:21:08 - [MESSAGE][PASSED] - Delayed 5 second(s)

2018-11-27 16:21:08 - [TEST_STEP][PASSED] - Statement - RefNo = new java.io.File(C://Users//Admin//Desktop//PKS//Automation Reference Point//KatalonReference.txt): null

2018-11-27 16:21:08 - [TEST_STEP][PASSED] - Statement - f2 = new java.io.FileWriter(RefNo, false): null

2018-11-27 16:21:09 - [TEST_STEP][PASSED] - Statement - f2.write(CaseReferenceNo): null

2018-11-27 16:21:09 - [TEST_STEP][PASSED] - Statement - f2.close(): null

2018-11-27 16:21:09 - [TEST_STEP][PASSED] - Statement - out.println("


" + CaseReferenceNo + "


"): null

2018-11-27 16:21:09 - [MESSAGE][PASSED] - Call Test Case 'Test Cases/Final Aug 2018 - PKS Automation/Common/Reference Number Setter' successfully

2018-11-27 16:21:09 - [TEST_STEP][PASSED] - delay: Delayed 5 second(s)

2018-11-27 16:21:14 - [MESSAGE][PASSED] - Delayed 5 second(s)

2018-11-27 16:21:14 - [TEST_STEP][PASSED] - click: Object: 'Object Repository/Final Object Repo/Page_Update Add New Employee - ASSIST/Incomplete Checkbox' is clicked on

2018-11-27 16:21:14 - [MESSAGE][PASSED] - Object: 'Object Repository/Final Object Repo/Page_Update Add New Employee - ASSIST/Incomplete Checkbox' is clicked on

2018-11-27 16:21:14 - [TEST_STEP][PASSED] - delay: Delayed 5 second(s)

2018-11-27 16:21:19 - [MESSAGE][PASSED] - Delayed 5 second(s)

2018-11-27 16:21:19 - [TEST_STEP][PASSED] - click: Object: 'Object Repository/Final Object Repo/Page_Update Add New Employee - ASSIST/Save  Continue Button' is clicked on

2018-11-27 16:21:19 - [MESSAGE][PASSED] - Object: 'Object Repository/Final Object Repo/Page_Update Add New Employee - ASSIST/Save  Continue Button' is clicked on

2018-11-27 16:21:19 - [TEST_STEP][PASSED] - delay: Delayed 6 second(s)

2018-11-27 16:21:25 - [MESSAGE][PASSED] - Delayed 6 second(s)

2018-11-27 16:21:25 - [TEST_STEP][PASSED] - click: Object: 'Object Repository/Final Object Repo/Page_Update Add New Employee - ASSIST/Save  Continue Third Screen' is clicked on

2018-11-27 16:21:28 - [MESSAGE][PASSED] - Object: 'Object Repository/Final Object Repo/Page_Update Add New Employee - ASSIST/Save  Continue Third Screen' is clicked on

2018-11-27 16:21:28 - [TEST_STEP][PASSED] - delay: Delayed 4 second(s)

2018-11-27 16:21:32 - [MESSAGE][PASSED] - Delayed 4 second(s)

2018-11-27 16:21:32 - [TEST_STEP][PASSED] - click: Object: 'Object Repository/Final Object Repo/Page_Update Add New Employee - ASSIST/Save   Continue Supporting Doc Page' is clicked on

2018-11-27 16:21:32 - [MESSAGE][PASSED] - Object: 'Object Repository/Final Object Repo/Page_Update Add New Employee - ASSIST/Save   Continue Supporting Doc Page' is clicked on

2018-11-27 16:21:32 - [TEST_STEP][PASSED] - delay: Delayed 4 second(s)

2018-11-27 16:21:36 - [MESSAGE][PASSED] - Delayed 4 second(s)

2018-11-27 16:21:36 - [TEST_STEP][PASSED] - click: Object: 'Object Repository/Final Object Repo/Page_Update Add New Employee - ASSIST/Submit Button' is clicked on

2018-11-27 16:21:37 - [MESSAGE][PASSED] - Object: 'Object Repository/Final Object Repo/Page_Update Add New Employee - ASSIST/Submit Button' is clicked on

2018-11-27 16:21:37 - [TEST_STEP][PASSED] - delay: Delayed 4 second(s)

2018-11-27 16:21:41 - [MESSAGE][PASSED] - Delayed 4 second(s)

2018-11-27 16:21:41 - [TEST_STEP][PASSED] - click: Object: 'Object Repository/Final Object Repo/Page_Update Add New Employee - ASSIST/Confirm Submit Button' is clicked on

2018-11-27 16:21:41 - [MESSAGE][PASSED] - Object: 'Object Repository/Final Object Repo/Page_Update Add New Employee - ASSIST/Confirm Submit Button' is clicked on

2018-11-27 16:21:41 - [TEST_STEP][PASSED] - delay: Delayed 30 second(s)

2018-11-27 16:22:11 - [MESSAGE][PASSED] - Delayed 30 second(s)

2018-11-27 16:22:11 - [TEST_STEP][PASSED] - callTestCase: Call Test Case 'Test Cases/Final Aug 2018 - PKS Automation/Common/Screenshoting tool' successfully

2018-11-27 16:22:11 - [TEST_CASE][PASSED] - Test Cases/Final Aug 2018 - PKS Automation/Common/Screenshoting tool: Test Cases/Final Aug 2018 - PKS Automation/Common/Screenshoting tool

2018-11-27 16:22:11 - [TEST_STEP][PASSED] - delay: Delayed 15 second(s)

2018-11-27 16:22:26 - [MESSAGE][PASSED] - Delayed 15 second(s)

2018-11-27 16:22:26 - [TEST_STEP][PASSED] - Statement - driver = com.kms.katalon.core.webui.driver.DriverFactory.getWebDriver(): null

2018-11-27 16:22:26 - [TEST_STEP][PASSED] - Statement - driver.manage().timeouts().implicitlyWait(10, SECONDS): null

2018-11-27 16:22:26 - [TEST_STEP][PASSED] - Statement - PresavePath = KatalonScreenshots: null

2018-11-27 16:22:26 - [TEST_STEP][PASSED] - Statement - pathPrefix = "C:\Users\Public\Pictures\Sample Pictures\Katalon Screenshots\Automate Ending Screen": null

2018-11-27 16:22:26 - [TEST_STEP][PASSED] - Statement - finalPath = <not implemented yet for class: org.codehaus.groovy.ast.expr.EmptyExpression>: null

2018-11-27 16:22:26 - [TEST_STEP][PASSED] - Statement - scrFile = driver.getScreenshotAs(FILE): null

2018-11-27 16:22:26 - [TEST_STEP][PASSED] - Statement - PreSaveFile = new java.io.File(PresavePath): null

2018-11-27 16:22:26 - [TEST_STEP][PASSED] - Statement - counter = 0: null

2018-11-27 16:22:26 - [TEST_STEP][PASSED] - Statement - If (PreSaveFile.exists()): null

2018-11-27 16:22:26 - [TEST_STEP][PASSED] - Statement - While (PreSaveFile.exists()): null

2018-11-27 16:22:26 - [TEST_STEP][PASSED] - Statement - counter = counter + 1: null

2018-11-27 16:22:26 - [TEST_STEP][PASSED] - Statement - PreSaveFile = new java.io.File(((pathPrefix + java.lang.Integer.toString(counter)) + .png)): null

2018-11-27 16:22:26 - [TEST_STEP][PASSED] - Statement - counter = counter + 1: null

2018-11-27 16:22:26 - [TEST_STEP][PASSED] - Statement - PreSaveFile = new java.io.File(((pathPrefix + java.lang.Integer.toString(counter)) + .png)): null

2018-11-27 16:22:26 - [TEST_STEP][PASSED] - Statement - counter = counter + 1: null

2018-11-27 16:22:26 - [TEST_STEP][PASSED] - Statement - PreSaveFile = new java.io.File(((pathPrefix + java.lang.Integer.toString(counter)) + .png)): null

2018-11-27 16:22:26 - [TEST_STEP][PASSED] - Statement - counter = counter + 1: null

2018-11-27 16:22:26 - [TEST_STEP][PASSED] - Statement - PreSaveFile = new java.io.File(((pathPrefix + java.lang.Integer.toString(counter)) + .png)): null

2018-11-27 16:22:26 - [TEST_STEP][PASSED] - Statement - counter = counter + 1: null

2018-11-27 16:22:26 - [TEST_STEP][PASSED] - Statement - PreSaveFile = new java.io.File(((pathPrefix + java.lang.Integer.toString(counter)) + .png)): null

2018-11-27 16:22:26 - [TEST_STEP][PASSED] - Statement - counter = counter + 1: null

2018-11-27 16:22:26 - [TEST_STEP][PASSED] - Statement - PreSaveFile = new java.io.File(((pathPrefix + java.lang.Integer.toString(counter)) + .png)): null

2018-11-27 16:22:26 - [TEST_STEP][PASSED] - Statement - counter = counter + 1: null

2018-11-27 16:22:26 - [TEST_STEP][PASSED] - Statement - PreSaveFile = new java.io.File(((pathPrefix + java.lang.Integer.toString(counter)) + .png)): null

2018-11-27 16:22:26 - [TEST_STEP][PASSED] - Statement - counter = counter + 1: null

2018-11-27 16:22:26 - [TEST_STEP][PASSED] - Statement - PreSaveFile = new java.io.File(((pathPrefix + java.lang.Integer.toString(counter)) + .png)): null

2018-11-27 16:22:26 - [TEST_STEP][PASSED] - Statement - counter = counter + 1: null

2018-11-27 16:22:26 - [TEST_STEP][PASSED] - Statement - PreSaveFile = new java.io.File(((pathPrefix + java.lang.Integer.toString(counter)) + .png)): null

2018-11-27 16:22:26 - [TEST_STEP][PASSED] - Statement - counter = counter + 1: null

2018-11-27 16:22:26 - [TEST_STEP][PASSED] - Statement - PreSaveFile = new java.io.File(((pathPrefix + java.lang.Integer.toString(counter)) + .png)): null

2018-11-27 16:22:26 - [TEST_STEP][PASSED] - Statement - counter = counter + 1: null

2018-11-27 16:22:26 - [TEST_STEP][PASSED] - Statement - PreSaveFile = new java.io.File(((pathPrefix + java.lang.Integer.toString(counter)) + .png)): null

2018-11-27 16:22:26 - [TEST_STEP][PASSED] - Statement - counter = counter + 1: null

2018-11-27 16:22:26 - [TEST_STEP][PASSED] - Statement - PreSaveFile = new java.io.File(((pathPrefix + java.lang.Integer.toString(counter)) + .png)): null

2018-11-27 16:22:26 - [TEST_STEP][PASSED] - Statement - counter = counter + 1: null

2018-11-27 16:22:26 - [TEST_STEP][PASSED] - Statement - PreSaveFile = new java.io.File(((pathPrefix + java.lang.Integer.toString(counter)) + .png)): null

2018-11-27 16:22:26 - [TEST_STEP][PASSED] - Statement - counter = counter + 1: null

2018-11-27 16:22:26 - [TEST_STEP][PASSED] - Statement - PreSaveFile = new java.io.File(((pathPrefix + java.lang.Integer.toString(counter)) + .png)): null

2018-11-27 16:22:26 - [TEST_STEP][PASSED] - Statement - counter = counter + 1: null

2018-11-27 16:22:26 - [TEST_STEP][PASSED] - Statement - PreSaveFile = new java.io.File(((pathPrefix + java.lang.Integer.toString(counter)) + .png)): null

2018-11-27 16:22:26 - [TEST_STEP][PASSED] - Statement - counter = counter + 1: null

2018-11-27 16:22:26 - [TEST_STEP][PASSED] - Statement - PreSaveFile = new java.io.File(((pathPrefix + java.lang.Integer.toString(counter)) + .png)): null

2018-11-27 16:22:26 - [TEST_STEP][PASSED] - Statement - counter = counter + 1: null

2018-11-27 16:22:26 - [TEST_STEP][PASSED] - Statement - PreSaveFile = new java.io.File(((pathPrefix + java.lang.Integer.toString(counter)) + .png)): null

2018-11-27 16:22:26 - [TEST_STEP][PASSED] - Statement - counter = counter + 1: null

2018-11-27 16:22:26 - [TEST_STEP][PASSED] - Statement - PreSaveFile = new java.io.File(((pathPrefix + java.lang.Integer.toString(counter)) + .png)): null

2018-11-27 16:22:26 - [TEST_STEP][PASSED] - Statement - counter = counter + 1: null

2018-11-27 16:22:26 - [TEST_STEP][PASSED] - Statement - PreSaveFile = new java.io.File(((pathPrefix + java.lang.Integer.toString(counter)) + .png)): null

2018-11-27 16:22:26 - [TEST_STEP][PASSED] - Statement - counter = counter + 1: null

2018-11-27 16:22:26 - [TEST_STEP][PASSED] - Statement - PreSaveFile = new java.io.File(((pathPrefix + java.lang.Integer.toString(counter)) + .png)): null

2018-11-27 16:22:26 - [TEST_STEP][PASSED] - Statement - counter = counter + 1: null

2018-11-27 16:22:26 - [TEST_STEP][PASSED] - Statement - PreSaveFile = new java.io.File(((pathPrefix + java.lang.Integer.toString(counter)) + .png)): null

2018-11-27 16:22:26 - [TEST_STEP][PASSED] - Statement - counter = counter + 1: null

2018-11-27 16:22:26 - [TEST_STEP][PASSED] - Statement - PreSaveFile = new java.io.File(((pathPrefix + java.lang.Integer.toString(counter)) + .png)): null

2018-11-27 16:22:26 - [TEST_STEP][PASSED] - Statement - counter = counter + 1: null

2018-11-27 16:22:26 - [TEST_STEP][PASSED] - Statement - PreSaveFile = new java.io.File(((pathPrefix + java.lang.Integer.toString(counter)) + .png)): null

2018-11-27 16:22:26 - [TEST_STEP][PASSED] - Statement - counter = counter + 1: null

2018-11-27 16:22:26 - [TEST_STEP][PASSED] - Statement - PreSaveFile = new java.io.File(((pathPrefix + java.lang.Integer.toString(counter)) + .png)): null

2018-11-27 16:22:26 - [TEST_STEP][PASSED] - Statement - counter = counter + 1: null

2018-11-27 16:22:26 - [TEST_STEP][PASSED] - Statement - PreSaveFile = new java.io.File(((pathPrefix + java.lang.Integer.toString(counter)) + .png)): null

2018-11-27 16:22:26 - [TEST_STEP][PASSED] - Statement - counter = counter + 1: null

2018-11-27 16:22:26 - [TEST_STEP][PASSED] - Statement - PreSaveFile = new java.io.File(((pathPrefix + java.lang.Integer.toString(counter)) + .png)): null

2018-11-27 16:22:26 - [TEST_STEP][PASSED] - Statement - counter = counter + 1: null

2018-11-27 16:22:26 - [TEST_STEP][PASSED] - Statement - PreSaveFile = new java.io.File(((pathPrefix + java.lang.Integer.toString(counter)) + .png)): null

2018-11-27 16:22:26 - [TEST_STEP][PASSED] - Statement - counter = counter + 1: null

2018-11-27 16:22:26 - [TEST_STEP][PASSED] - Statement - PreSaveFile = new java.io.File(((pathPrefix + java.lang.Integer.toString(counter)) + .png)): null

2018-11-27 16:22:26 - [TEST_STEP][PASSED] - Statement - counter = counter + 1: null

2018-11-27 16:22:26 - [TEST_STEP][PASSED] - Statement - PreSaveFile = new java.io.File(((pathPrefix + java.lang.Integer.toString(counter)) + .png)): null

2018-11-27 16:22:26 - [TEST_STEP][PASSED] - Statement - counter = counter + 1: null

2018-11-27 16:22:26 - [TEST_STEP][PASSED] - Statement - PreSaveFile = new java.io.File(((pathPrefix + java.lang.Integer.toString(counter)) + .png)): null

2018-11-27 16:22:26 - [TEST_STEP][PASSED] - Statement - counter = counter + 1: null

2018-11-27 16:22:26 - [TEST_STEP][PASSED] - Statement - PreSaveFile = new java.io.File(((pathPrefix + java.lang.Integer.toString(counter)) + .png)): null

2018-11-27 16:22:26 - [TEST_STEP][PASSED] - Statement - counter = counter + 1: null

2018-11-27 16:22:26 - [TEST_STEP][PASSED] - Statement - PreSaveFile = new java.io.File(((pathPrefix + java.lang.Integer.toString(counter)) + .png)): null

2018-11-27 16:22:26 - [TEST_STEP][PASSED] - Statement - counter = counter + 1: null

2018-11-27 16:22:26 - [TEST_STEP][PASSED] - Statement - PreSaveFile = new java.io.File(((pathPrefix + java.lang.Integer.toString(counter)) + .png)): null

2018-11-27 16:22:26 - [TEST_STEP][PASSED] - Statement - counter = counter + 1: null

2018-11-27 16:22:26 - [TEST_STEP][PASSED] - Statement - PreSaveFile = new java.io.File(((pathPrefix + java.lang.Integer.toString(counter)) + .png)): null

2018-11-27 16:22:26 - [TEST_STEP][PASSED] - Statement - counter = counter + 1: null

2018-11-27 16:22:26 - [TEST_STEP][PASSED] - Statement - PreSaveFile = new java.io.File(((pathPrefix + java.lang.Integer.toString(counter)) + .png)): null

2018-11-27 16:22:26 - [TEST_STEP][PASSED] - Statement - counter = counter + 1: null

2018-11-27 16:22:26 - [TEST_STEP][PASSED] - Statement - PreSaveFile = new java.io.File(((pathPrefix + java.lang.Integer.toString(counter)) + .png)): null

2018-11-27 16:22:26 - [TEST_STEP][PASSED] - Statement - counter = counter + 1: null

2018-11-27 16:22:26 - [TEST_STEP][PASSED] - Statement - PreSaveFile = new java.io.File(((pathPrefix + java.lang.Integer.toString(counter)) + .png)): null

2018-11-27 16:22:26 - [TEST_STEP][PASSED] - Statement - counter = counter + 1: null

2018-11-27 16:22:26 - [TEST_STEP][PASSED] - Statement - PreSaveFile = new java.io.File(((pathPrefix + java.lang.Integer.toString(counter)) + .png)): null

2018-11-27 16:22:26 - [TEST_STEP][PASSED] - Statement - counter = counter + 1: null

2018-11-27 16:22:26 - [TEST_STEP][PASSED] - Statement - PreSaveFile = new java.io.File(((pathPrefix + java.lang.Integer.toString(counter)) + .png)): null

2018-11-27 16:22:26 - [TEST_STEP][PASSED] - Statement - counter = counter + 1: null

2018-11-27 16:22:26 - [TEST_STEP][PASSED] - Statement - PreSaveFile = new java.io.File(((pathPrefix + java.lang.Integer.toString(counter)) + .png)): null

2018-11-27 16:22:26 - [TEST_STEP][PASSED] - Statement - counter = counter + 1: null

2018-11-27 16:22:26 - [TEST_STEP][PASSED] - Statement - PreSaveFile = new java.io.File(((pathPrefix + java.lang.Integer.toString(counter)) + .png)): null

2018-11-27 16:22:26 - [TEST_STEP][PASSED] - Statement - counter = counter + 1: null

2018-11-27 16:22:26 - [TEST_STEP][PASSED] - Statement - PreSaveFile = new java.io.File(((pathPrefix + java.lang.Integer.toString(counter)) + .png)): null

2018-11-27 16:22:26 - [TEST_STEP][PASSED] - Statement - counter = counter + 1: null

2018-11-27 16:22:26 - [TEST_STEP][PASSED] - Statement - PreSaveFile = new java.io.File(((pathPrefix + java.lang.Integer.toString(counter)) + .png)): null

2018-11-27 16:22:26 - [TEST_STEP][PASSED] - Statement - counter = counter + 1: null

2018-11-27 16:22:26 - [TEST_STEP][PASSED] - Statement - PreSaveFile = new java.io.File(((pathPrefix + java.lang.Integer.toString(counter)) + .png)): null

2018-11-27 16:22:26 - [TEST_STEP][PASSED] - Statement - counter = counter + 1: null

2018-11-27 16:22:26 - [TEST_STEP][PASSED] - Statement - PreSaveFile = new java.io.File(((pathPrefix + java.lang.Integer.toString(counter)) + .png)): null

2018-11-27 16:22:26 - [TEST_STEP][PASSED] - Statement - counter = counter + 1: null

2018-11-27 16:22:26 - [TEST_STEP][PASSED] - Statement - PreSaveFile = new java.io.File(((pathPrefix + java.lang.Integer.toString(counter)) + .png)): null

2018-11-27 16:22:26 - [TEST_STEP][PASSED] - Statement - counter = counter + 1: null

2018-11-27 16:22:26 - [TEST_STEP][PASSED] - Statement - PreSaveFile = new java.io.File(((pathPrefix + java.lang.Integer.toString(counter)) + .png)): null

2018-11-27 16:22:26 - [TEST_STEP][PASSED] - Statement - counter = counter + 1: null

2018-11-27 16:22:26 - [TEST_STEP][PASSED] - Statement - PreSaveFile = new java.io.File(((pathPrefix + java.lang.Integer.toString(counter)) + .png)): null

2018-11-27 16:22:26 - [TEST_STEP][PASSED] - Statement - counter = counter + 1: null

2018-11-27 16:22:26 - [TEST_STEP][PASSED] - Statement - PreSaveFile = new java.io.File(((pathPrefix + java.lang.Integer.toString(counter)) + .png)): null

2018-11-27 16:22:26 - [TEST_STEP][PASSED] - Statement - counter = counter + 1: null

2018-11-27 16:22:26 - [TEST_STEP][PASSED] - Statement - PreSaveFile = new java.io.File(((pathPrefix + java.lang.Integer.toString(counter)) + .png)): null

2018-11-27 16:22:26 - [TEST_STEP][PASSED] - Statement - counter = counter + 1: null

2018-11-27 16:22:26 - [TEST_STEP][PASSED] - Statement - PreSaveFile = new java.io.File(((pathPrefix + java.lang.Integer.toString(counter)) + .png)): null

2018-11-27 16:22:26 - [TEST_STEP][PASSED] - Statement - counter = counter + 1: null

2018-11-27 16:22:26 - [TEST_STEP][PASSED] - Statement - PreSaveFile = new java.io.File(((pathPrefix + java.lang.Integer.toString(counter)) + .png)): null

2018-11-27 16:22:26 - [TEST_STEP][PASSED] - Statement - counter = counter + 1: null

2018-11-27 16:22:26 - [TEST_STEP][PASSED] - Statement - PreSaveFile = new java.io.File(((pathPrefix + java.lang.Integer.toString(counter)) + .png)): null

2018-11-27 16:22:26 - [TEST_STEP][PASSED] - Statement - counter = counter + 1: null

2018-11-27 16:22:26 - [TEST_STEP][PASSED] - Statement - PreSaveFile = new java.io.File(((pathPrefix + java.lang.Integer.toString(counter)) + .png)): null

2018-11-27 16:22:26 - [TEST_STEP][PASSED] - Statement - counter = counter + 1: null

2018-11-27 16:22:26 - [TEST_STEP][PASSED] - Statement - PreSaveFile = new java.io.File(((pathPrefix + java.lang.Integer.toString(counter)) + .png)): null

2018-11-27 16:22:26 - [TEST_STEP][PASSED] - Statement - counter = counter + 1: null

2018-11-27 16:22:26 - [TEST_STEP][PASSED] - Statement - PreSaveFile = new java.io.File(((pathPrefix + java.lang.Integer.toString(counter)) + .png)): null

2018-11-27 16:22:26 - [TEST_STEP][PASSED] - Statement - counter = counter + 1: null

2018-11-27 16:22:26 - [TEST_STEP][PASSED] - Statement - PreSaveFile = new java.io.File(((pathPrefix + java.lang.Integer.toString(counter)) + .png)): null

2018-11-27 16:22:26 - [TEST_STEP][PASSED] - Statement - counter = counter + 1: null

2018-11-27 16:22:26 - [TEST_STEP][PASSED] - Statement - PreSaveFile = new java.io.File(((pathPrefix + java.lang.Integer.toString(counter)) + .png)): null

2018-11-27 16:22:26 - [TEST_STEP][PASSED] - Statement - counter = counter + 1: null

2018-11-27 16:22:26 - [TEST_STEP][PASSED] - Statement - PreSaveFile = new java.io.File(((pathPrefix + java.lang.Integer.toString(counter)) + .png)): null

2018-11-27 16:22:26 - [TEST_STEP][PASSED] - Statement - counter = counter + 1: null

2018-11-27 16:22:26 - [TEST_STEP][PASSED] - Statement - PreSaveFile = new java.io.File(((pathPrefix + java.lang.Integer.toString(counter)) + .png)): null

2018-11-27 16:22:26 - [TEST_STEP][PASSED] - Statement - counter = counter + 1: null

2018-11-27 16:22:26 - [TEST_STEP][PASSED] - Statement - PreSaveFile = new java.io.File(((pathPrefix + java.lang.Integer.toString(counter)) + .png)): null

2018-11-27 16:22:26 - [TEST_STEP][PASSED] - Statement - counter = counter + 1: null

2018-11-27 16:22:26 - [TEST_STEP][PASSED] - Statement - PreSaveFile = new java.io.File(((pathPrefix + java.lang.Integer.toString(counter)) + .png)): null

2018-11-27 16:22:26 - [TEST_STEP][PASSED] - Statement - counter = counter + 1: null

2018-11-27 16:22:26 - [TEST_STEP][PASSED] - Statement - PreSaveFile = new java.io.File(((pathPrefix + java.lang.Integer.toString(counter)) + .png)): null

2018-11-27 16:22:26 - [TEST_STEP][PASSED] - Statement - counter = counter + 1: null

2018-11-27 16:22:26 - [TEST_STEP][PASSED] - Statement - PreSaveFile = new java.io.File(((pathPrefix + java.lang.Integer.toString(counter)) + .png)): null

2018-11-27 16:22:26 - [TEST_STEP][PASSED] - Statement - counter = counter + 1: null

2018-11-27 16:22:26 - [TEST_STEP][PASSED] - Statement - PreSaveFile = new java.io.File(((pathPrefix + java.lang.Integer.toString(counter)) + .png)): null

2018-11-27 16:22:26 - [TEST_STEP][PASSED] - Statement - counter = counter + 1: null

2018-11-27 16:22:26 - [TEST_STEP][PASSED] - Statement - PreSaveFile = new java.io.File(((pathPrefix + java.lang.Integer.toString(counter)) + .png)): null

2018-11-27 16:22:26 - [TEST_STEP][PASSED] - Statement - counter = counter + 1: null

2018-11-27 16:22:26 - [TEST_STEP][PASSED] - Statement - PreSaveFile = new java.io.File(((pathPrefix + java.lang.Integer.toString(counter)) + .png)): null

2018-11-27 16:22:26 - [TEST_STEP][PASSED] - Statement - counter = counter + 1: null

2018-11-27 16:22:26 - [TEST_STEP][PASSED] - Statement - PreSaveFile = new java.io.File(((pathPrefix + java.lang.Integer.toString(counter)) + .png)): null

2018-11-27 16:22:26 - [TEST_STEP][PASSED] - Statement - counter = counter + 1: null

2018-11-27 16:22:26 - [TEST_STEP][PASSED] - Statement - PreSaveFile = new java.io.File(((pathPrefix + java.lang.Integer.toString(counter)) + .png)): null

2018-11-27 16:22:26 - [TEST_STEP][PASSED] - Statement - counter = counter + 1: null

2018-11-27 16:22:26 - [TEST_STEP][PASSED] - Statement - PreSaveFile = new java.io.File(((pathPrefix + java.lang.Integer.toString(counter)) + .png)): null

2018-11-27 16:22:26 - [TEST_STEP][PASSED] - Statement - counter = counter + 1: null

2018-11-27 16:22:26 - [TEST_STEP][PASSED] - Statement - PreSaveFile = new java.io.File(((pathPrefix + java.lang.Integer.toString(counter)) + .png)): null

2018-11-27 16:22:26 - [TEST_STEP][PASSED] - Statement - counter = counter + 1: null

2018-11-27 16:22:26 - [TEST_STEP][PASSED] - Statement - PreSaveFile = new java.io.File(((pathPrefix + java.lang.Integer.toString(counter)) + .png)): null

2018-11-27 16:22:26 - [TEST_STEP][PASSED] - Statement - counter = counter + 1: null

2018-11-27 16:22:26 - [TEST_STEP][PASSED] - Statement - PreSaveFile = new java.io.File(((pathPrefix + java.lang.Integer.toString(counter)) + .png)): null

2018-11-27 16:22:26 - [TEST_STEP][PASSED] - Statement - counter = counter + 1: null

2018-11-27 16:22:26 - [TEST_STEP][PASSED] - Statement - PreSaveFile = new java.io.File(((pathPrefix + java.lang.Integer.toString(counter)) + .png)): null

2018-11-27 16:22:26 - [TEST_STEP][PASSED] - Statement - counter = counter + 1: null

2018-11-27 16:22:26 - [TEST_STEP][PASSED] - Statement - PreSaveFile = new java.io.File(((pathPrefix + java.lang.Integer.toString(counter)) + .png)): null

2018-11-27 16:22:26 - [TEST_STEP][PASSED] - Statement - counter = counter + 1: null

2018-11-27 16:22:26 - [TEST_STEP][PASSED] - Statement - PreSaveFile = new java.io.File(((pathPrefix + java.lang.Integer.toString(counter)) + .png)): null

2018-11-27 16:22:26 - [TEST_STEP][PASSED] - Statement - counter = counter + 1: null

2018-11-27 16:22:26 - [TEST_STEP][PASSED] - Statement - PreSaveFile = new java.io.File(((pathPrefix + java.lang.Integer.toString(counter)) + .png)): null

2018-11-27 16:22:26 - [TEST_STEP][PASSED] - Statement - counter = counter + 1: null

2018-11-27 16:22:26 - [TEST_STEP][PASSED] - Statement - PreSaveFile = new java.io.File(((pathPrefix + java.lang.Integer.toString(counter)) + .png)): null

2018-11-27 16:22:26 - [TEST_STEP][PASSED] - Statement - counter = counter + 1: null

2018-11-27 16:22:26 - [TEST_STEP][PASSED] - Statement - PreSaveFile = new java.io.File(((pathPrefix + java.lang.Integer.toString(counter)) + .png)): null

2018-11-27 16:22:26 - [TEST_STEP][PASSED] - Statement - counter = counter + 1: null

2018-11-27 16:22:26 - [TEST_STEP][PASSED] - Statement - PreSaveFile = new java.io.File(((pathPrefix + java.lang.Integer.toString(counter)) + .png)): null

2018-11-27 16:22:26 - [TEST_STEP][PASSED] - Statement - counter = counter + 1: null

2018-11-27 16:22:26 - [TEST_STEP][PASSED] - Statement - PreSaveFile = new java.io.File(((pathPrefix + java.lang.Integer.toString(counter)) + .png)): null

2018-11-27 16:22:26 - [TEST_STEP][PASSED] - Statement - counter = counter + 1: null

2018-11-27 16:22:26 - [TEST_STEP][PASSED] - Statement - PreSaveFile = new java.io.File(((pathPrefix + java.lang.Integer.toString(counter)) + .png)): null

2018-11-27 16:22:26 - [TEST_STEP][PASSED] - Statement - counter = counter + 1: null

2018-11-27 16:22:26 - [TEST_STEP][PASSED] - Statement - PreSaveFile = new java.io.File(((pathPrefix + java.lang.Integer.toString(counter)) + .png)): null

2018-11-27 16:22:26 - [TEST_STEP][PASSED] - Statement - counter = counter + 1: null

2018-11-27 16:22:26 - [TEST_STEP][PASSED] - Statement - PreSaveFile = new java.io.File(((pathPrefix + java.lang.Integer.toString(counter)) + .png)): null

2018-11-27 16:22:26 - [TEST_STEP][PASSED] - Statement - counter = counter + 1: null

2018-11-27 16:22:26 - [TEST_STEP][PASSED] - Statement - PreSaveFile = new java.io.File(((pathPrefix + java.lang.Integer.toString(counter)) + .png)): null

2018-11-27 16:22:26 - [TEST_STEP][PASSED] - Statement - counter = counter + 1: null

2018-11-27 16:22:26 - [TEST_STEP][PASSED] - Statement - PreSaveFile = new java.io.File(((pathPrefix + java.lang.Integer.toString(counter)) + .png)): null

2018-11-27 16:22:26 - [TEST_STEP][PASSED] - Statement - counter = counter + 1: null

2018-11-27 16:22:26 - [TEST_STEP][PASSED] - Statement - PreSaveFile = new java.io.File(((pathPrefix + java.lang.Integer.toString(counter)) + .png)): null

2018-11-27 16:22:26 - [TEST_STEP][PASSED] - Statement - counter = counter + 1: null

2018-11-27 16:22:26 - [TEST_STEP][PASSED] - Statement - PreSaveFile = new java.io.File(((pathPrefix + java.lang.Integer.toString(counter)) + .png)): null

2018-11-27 16:22:26 - [TEST_STEP][PASSED] - Statement - counter = counter + 1: null

2018-11-27 16:22:26 - [TEST_STEP][PASSED] - Statement - PreSaveFile = new java.io.File(((pathPrefix + java.lang.Integer.toString(counter)) + .png)): null

2018-11-27 16:22:26 - [TEST_STEP][PASSED] - Statement - counter = counter + 1: null

2018-11-27 16:22:26 - [TEST_STEP][PASSED] - Statement - PreSaveFile = new java.io.File(((pathPrefix + java.lang.Integer.toString(counter)) + .png)): null

2018-11-27 16:22:26 - [TEST_STEP][PASSED] - Statement - counter = counter + 1: null

2018-11-27 16:22:26 - [TEST_STEP][PASSED] - Statement - PreSaveFile = new java.io.File(((pathPrefix + java.lang.Integer.toString(counter)) + .png)): null

2018-11-27 16:22:26 - [TEST_STEP][PASSED] - Statement - counter = counter + 1: null

2018-11-27 16:22:26 - [TEST_STEP][PASSED] - Statement - PreSaveFile = new java.io.File(((pathPrefix + java.lang.Integer.toString(counter)) + .png)): null

2018-11-27 16:22:26 - [TEST_STEP][PASSED] - Statement - counter = counter + 1: null

2018-11-27 16:22:26 - [TEST_STEP][PASSED] - Statement - PreSaveFile = new java.io.File(((pathPrefix + java.lang.Integer.toString(counter)) + .png)): null

2018-11-27 16:22:26 - [TEST_STEP][PASSED] - Statement - counter = counter + 1: null

2018-11-27 16:22:26 - [TEST_STEP][PASSED] - Statement - PreSaveFile = new java.io.File(((pathPrefix + java.lang.Integer.toString(counter)) + .png)): null

2018-11-27 16:22:26 - [TEST_STEP][PASSED] - Statement - counter = counter + 1: null

2018-11-27 16:22:26 - [TEST_STEP][PASSED] - Statement - PreSaveFile = new java.io.File(((pathPrefix + java.lang.Integer.toString(counter)) + .png)): null

2018-11-27 16:22:26 - [TEST_STEP][PASSED] - Statement - counter = counter + 1: null

2018-11-27 16:22:26 - [TEST_STEP][PASSED] - Statement - PreSaveFile = new java.io.File(((pathPrefix + java.lang.Integer.toString(counter)) + .png)): null

2018-11-27 16:22:26 - [TEST_STEP][PASSED] - Statement - counter = counter + 1: null

2018-11-27 16:22:26 - [TEST_STEP][PASSED] - Statement - PreSaveFile = new java.io.File(((pathPrefix + java.lang.Integer.toString(counter)) + .png)): null

2018-11-27 16:22:26 - [TEST_STEP][PASSED] - Statement - counter = counter + 1: null

2018-11-27 16:22:26 - [TEST_STEP][PASSED] - Statement - PreSaveFile = new java.io.File(((pathPrefix + java.lang.Integer.toString(counter)) + .png)): null

2018-11-27 16:22:26 - [TEST_STEP][PASSED] - Statement - counter = counter + 1: null

2018-11-27 16:22:26 - [TEST_STEP][PASSED] - Statement - PreSaveFile = new java.io.File(((pathPrefix + java.lang.Integer.toString(counter)) + .png)): null

2018-11-27 16:22:26 - [TEST_STEP][PASSED] - Statement - counter = counter + 1: null

2018-11-27 16:22:26 - [TEST_STEP][PASSED] - Statement - PreSaveFile = new java.io.File(((pathPrefix + java.lang.Integer.toString(counter)) + .png)): null

2018-11-27 16:22:26 - [TEST_STEP][PASSED] - Statement - counter = counter + 1: null

2018-11-27 16:22:26 - [TEST_STEP][PASSED] - Statement - PreSaveFile = new java.io.File(((pathPrefix + java.lang.Integer.toString(counter)) + .png)): null

2018-11-27 16:22:26 - [TEST_STEP][PASSED] - Statement - counter = counter + 1: null

2018-11-27 16:22:26 - [TEST_STEP][PASSED] - Statement - PreSaveFile = new java.io.File(((pathPrefix + java.lang.Integer.toString(counter)) + .png)): null

2018-11-27 16:22:26 - [TEST_STEP][PASSED] - Statement - counter = counter + 1: null

2018-11-27 16:22:26 - [TEST_STEP][PASSED] - Statement - PreSaveFile = new java.io.File(((pathPrefix + java.lang.Integer.toString(counter)) + .png)): null

2018-11-27 16:22:26 - [TEST_STEP][PASSED] - Statement - counter = counter + 1: null

2018-11-27 16:22:26 - [TEST_STEP][PASSED] - Statement - PreSaveFile = new java.io.File(((pathPrefix + java.lang.Integer.toString(counter)) + .png)): null

2018-11-27 16:22:26 - [TEST_STEP][PASSED] - Statement - counter = counter + 1: null

2018-11-27 16:22:26 - [TEST_STEP][PASSED] - Statement - PreSaveFile = new java.io.File(((pathPrefix + java.lang.Integer.toString(counter)) + .png)): null

2018-11-27 16:22:26 - [TEST_STEP][PASSED] - Statement - counter = counter + 1: null

2018-11-27 16:22:26 - [TEST_STEP][PASSED] - Statement - PreSaveFile = new java.io.File(((pathPrefix + java.lang.Integer.toString(counter)) + .png)): null

2018-11-27 16:22:26 - [TEST_STEP][PASSED] - Statement - counter = counter + 1: null

2018-11-27 16:22:26 - [TEST_STEP][PASSED] - Statement - PreSaveFile = new java.io.File(((pathPrefix + java.lang.Integer.toString(counter)) + .png)): null

2018-11-27 16:22:26 - [TEST_STEP][PASSED] - Statement - counter = counter + 1: null

2018-11-27 16:22:26 - [TEST_STEP][PASSED] - Statement - PreSaveFile = new java.io.File(((pathPrefix + java.lang.Integer.toString(counter)) + .png)): null

2018-11-27 16:22:26 - [TEST_STEP][PASSED] - Statement - counter = counter + 1: null

2018-11-27 16:22:26 - [TEST_STEP][PASSED] - Statement - PreSaveFile = new java.io.File(((pathPrefix + java.lang.Integer.toString(counter)) + .png)): null

2018-11-27 16:22:27 - [TEST_STEP][PASSED] - Statement - counter = counter + 1: null

2018-11-27 16:22:27 - [TEST_STEP][PASSED] - Statement - PreSaveFile = new java.io.File(((pathPrefix + java.lang.Integer.toString(counter)) + .png)): null

2018-11-27 16:22:27 - [TEST_STEP][PASSED] - Statement - counter = counter + 1: null

2018-11-27 16:22:27 - [TEST_STEP][PASSED] - Statement - PreSaveFile = new java.io.File(((pathPrefix + java.lang.Integer.toString(counter)) + .png)): null

2018-11-27 16:22:27 - [TEST_STEP][PASSED] - Statement - counter = counter + 1: null

2018-11-27 16:22:27 - [TEST_STEP][PASSED] - Statement - PreSaveFile = new java.io.File(((pathPrefix + java.lang.Integer.toString(counter)) + .png)): null

2018-11-27 16:22:27 - [TEST_STEP][PASSED] - Statement - counter = counter + 1: null

2018-11-27 16:22:27 - [TEST_STEP][PASSED] - Statement - PreSaveFile = new java.io.File(((pathPrefix + java.lang.Integer.toString(counter)) + .png)): null

2018-11-27 16:22:27 - [TEST_STEP][PASSED] - Statement - counter = counter + 1: null

2018-11-27 16:22:27 - [TEST_STEP][PASSED] - Statement - PreSaveFile = new java.io.File(((pathPrefix + java.lang.Integer.toString(counter)) + .png)): null

2018-11-27 16:22:27 - [TEST_STEP][PASSED] - Statement - counter = counter + 1: null

2018-11-27 16:22:27 - [TEST_STEP][PASSED] - Statement - PreSaveFile = new java.io.File(((pathPrefix + java.lang.Integer.toString(counter)) + .png)): null

2018-11-27 16:22:27 - [TEST_STEP][PASSED] - Statement - counter = counter + 1: null

2018-11-27 16:22:27 - [TEST_STEP][PASSED] - Statement - PreSaveFile = new java.io.File(((pathPrefix + java.lang.Integer.toString(counter)) + .png)): null

2018-11-27 16:22:27 - [TEST_STEP][PASSED] - Statement - counter = counter + 1: null

2018-11-27 16:22:27 - [TEST_STEP][PASSED] - Statement - PreSaveFile = new java.io.File(((pathPrefix + java.lang.Integer.toString(counter)) + .png)): null

2018-11-27 16:22:27 - [TEST_STEP][PASSED] - Statement - counter = counter + 1: null

2018-11-27 16:22:27 - [TEST_STEP][PASSED] - Statement - PreSaveFile = new java.io.File(((pathPrefix + java.lang.Integer.toString(counter)) + .png)): null

2018-11-27 16:22:27 - [TEST_STEP][PASSED] - Statement - counter = counter + 1: null

2018-11-27 16:22:27 - [TEST_STEP][PASSED] - Statement - PreSaveFile = new java.io.File(((pathPrefix + java.lang.Integer.toString(counter)) + .png)): null

2018-11-27 16:22:27 - [TEST_STEP][PASSED] - Statement - counter = counter + 1: null

2018-11-27 16:22:27 - [TEST_STEP][PASSED] - Statement - PreSaveFile = new java.io.File(((pathPrefix + java.lang.Integer.toString(counter)) + .png)): null

2018-11-27 16:22:27 - [TEST_STEP][PASSED] - Statement - counter = counter + 1: null

2018-11-27 16:22:27 - [TEST_STEP][PASSED] - Statement - PreSaveFile = new java.io.File(((pathPrefix + java.lang.Integer.toString(counter)) + .png)): null

2018-11-27 16:22:27 - [TEST_STEP][PASSED] - Statement - counter = counter + 1: null

2018-11-27 16:22:27 - [TEST_STEP][PASSED] - Statement - PreSaveFile = new java.io.File(((pathPrefix + java.lang.Integer.toString(counter)) + .png)): null

2018-11-27 16:22:27 - [TEST_STEP][PASSED] - Statement - counter = counter + 1: null

2018-11-27 16:22:27 - [TEST_STEP][PASSED] - Statement - PreSaveFile = new java.io.File(((pathPrefix + java.lang.Integer.toString(counter)) + .png)): null

2018-11-27 16:22:27 - [TEST_STEP][PASSED] - Statement - counter = counter + 1: null

2018-11-27 16:22:27 - [TEST_STEP][PASSED] - Statement - PreSaveFile = new java.io.File(((pathPrefix + java.lang.Integer.toString(counter)) + .png)): null

2018-11-27 16:22:27 - [TEST_STEP][PASSED] - Statement - counter = counter + 1: null

2018-11-27 16:22:27 - [TEST_STEP][PASSED] - Statement - PreSaveFile = new java.io.File(((pathPrefix + java.lang.Integer.toString(counter)) + .png)): null

2018-11-27 16:22:27 - [TEST_STEP][PASSED] - Statement - counter = counter + 1: null

2018-11-27 16:22:27 - [TEST_STEP][PASSED] - Statement - PreSaveFile = new java.io.File(((pathPrefix + java.lang.Integer.toString(counter)) + .png)): null

2018-11-27 16:22:27 - [TEST_STEP][PASSED] - Statement - counter = counter + 1: null

2018-11-27 16:22:27 - [TEST_STEP][PASSED] - Statement - PreSaveFile = new java.io.File(((pathPrefix + java.lang.Integer.toString(counter)) + .png)): null

2018-11-27 16:22:27 - [TEST_STEP][PASSED] - Statement - counter = counter + 1: null

2018-11-27 16:22:27 - [TEST_STEP][PASSED] - Statement - PreSaveFile = new java.io.File(((pathPrefix + java.lang.Integer.toString(counter)) + .png)): null

2018-11-27 16:22:27 - [TEST_STEP][PASSED] - Statement - counter = counter + 1: null

2018-11-27 16:22:27 - [TEST_STEP][PASSED] - Statement - PreSaveFile = new java.io.File(((pathPrefix + java.lang.Integer.toString(counter)) + .png)): null

2018-11-27 16:22:27 - [TEST_STEP][PASSED] - Statement - counter = counter + 1: null

2018-11-27 16:22:27 - [TEST_STEP][PASSED] - Statement - PreSaveFile = new java.io.File(((pathPrefix + java.lang.Integer.toString(counter)) + .png)): null

2018-11-27 16:22:27 - [TEST_STEP][PASSED] - Statement - counter = counter + 1: null

2018-11-27 16:22:27 - [TEST_STEP][PASSED] - Statement - PreSaveFile = new java.io.File(((pathPrefix + java.lang.Integer.toString(counter)) + .png)): null

2018-11-27 16:22:27 - [TEST_STEP][PASSED] - Statement - counter = counter + 1: null

2018-11-27 16:22:27 - [TEST_STEP][PASSED] - Statement - PreSaveFile = new java.io.File(((pathPrefix + java.lang.Integer.toString(counter)) + .png)): null

2018-11-27 16:22:27 - [TEST_STEP][PASSED] - Statement - counter = counter + 1: null

2018-11-27 16:22:27 - [TEST_STEP][PASSED] - Statement - PreSaveFile = new java.io.File(((pathPrefix + java.lang.Integer.toString(counter)) + .png)): null

2018-11-27 16:22:27 - [TEST_STEP][PASSED] - Statement - counter = counter + 1: null

2018-11-27 16:22:27 - [TEST_STEP][PASSED] - Statement - PreSaveFile = new java.io.File(((pathPrefix + java.lang.Integer.toString(counter)) + .png)): null

2018-11-27 16:22:27 - [TEST_STEP][PASSED] - Statement - counter = counter + 1: null

2018-11-27 16:22:27 - [TEST_STEP][PASSED] - Statement - PreSaveFile = new java.io.File(((pathPrefix + java.lang.Integer.toString(counter)) + .png)): null

2018-11-27 16:22:27 - [TEST_STEP][PASSED] - Statement - counter = counter + 1: null

2018-11-27 16:22:27 - [TEST_STEP][PASSED] - Statement - PreSaveFile = new java.io.File(((pathPrefix + java.lang.Integer.toString(counter)) + .png)): null

2018-11-27 16:22:27 - [TEST_STEP][PASSED] - Statement - counter = counter + 1: null

2018-11-27 16:22:27 - [TEST_STEP][PASSED] - Statement - PreSaveFile = new java.io.File(((pathPrefix + java.lang.Integer.toString(counter)) + .png)): null

2018-11-27 16:22:27 - [TEST_STEP][PASSED] - Statement - counter = counter + 1: null

2018-11-27 16:22:27 - [TEST_STEP][PASSED] - Statement - PreSaveFile = new java.io.File(((pathPrefix + java.lang.Integer.toString(counter)) + .png)): null

2018-11-27 16:22:27 - [TEST_STEP][PASSED] - Statement - counter = counter + 1: null

2018-11-27 16:22:27 - [TEST_STEP][PASSED] - Statement - PreSaveFile = new java.io.File(((pathPrefix + java.lang.Integer.toString(counter)) + .png)): null

2018-11-27 16:22:27 - [TEST_STEP][PASSED] - Statement - counter = counter + 1: null

2018-11-27 16:22:27 - [TEST_STEP][PASSED] - Statement - PreSaveFile = new java.io.File(((pathPrefix + java.lang.Integer.toString(counter)) + .png)): null

2018-11-27 16:22:27 - [TEST_STEP][PASSED] - Statement - counter = counter + 1: null

2018-11-27 16:22:27 - [TEST_STEP][PASSED] - Statement - PreSaveFile = new java.io.File(((pathPrefix + java.lang.Integer.toString(counter)) + .png)): null

2018-11-27 16:22:27 - [TEST_STEP][PASSED] - Statement - counter = counter + 1: null

2018-11-27 16:22:27 - [TEST_STEP][PASSED] - Statement - PreSaveFile = new java.io.File(((pathPrefix + java.lang.Integer.toString(counter)) + .png)): null

2018-11-27 16:22:27 - [TEST_STEP][PASSED] - Statement - counter = counter + 1: null

2018-11-27 16:22:27 - [TEST_STEP][PASSED] - Statement - PreSaveFile = new java.io.File(((pathPrefix + java.lang.Integer.toString(counter)) + .png)): null

2018-11-27 16:22:27 - [TEST_STEP][PASSED] - Statement - counter = counter + 1: null

2018-11-27 16:22:27 - [TEST_STEP][PASSED] - Statement - PreSaveFile = new java.io.File(((pathPrefix + java.lang.Integer.toString(counter)) + .png)): null

2018-11-27 16:22:27 - [TEST_STEP][PASSED] - Statement - counter = counter + 1: null

2018-11-27 16:22:27 - [TEST_STEP][PASSED] - Statement - PreSaveFile = new java.io.File(((pathPrefix + java.lang.Integer.toString(counter)) + .png)): null

2018-11-27 16:22:27 - [TEST_STEP][PASSED] - Statement - counter = counter + 1: null

2018-11-27 16:22:27 - [TEST_STEP][PASSED] - Statement - PreSaveFile = new java.io.File(((pathPrefix + java.lang.Integer.toString(counter)) + .png)): null

2018-11-27 16:22:27 - [TEST_STEP][PASSED] - Statement - counter = counter + 1: null

2018-11-27 16:22:27 - [TEST_STEP][PASSED] - Statement - PreSaveFile = new java.io.File(((pathPrefix + java.lang.Integer.toString(counter)) + .png)): null

2018-11-27 16:22:27 - [TEST_STEP][PASSED] - Statement - counter = counter + 1: null

2018-11-27 16:22:27 - [TEST_STEP][PASSED] - Statement - PreSaveFile = new java.io.File(((pathPrefix + java.lang.Integer.toString(counter)) + .png)): null

2018-11-27 16:22:27 - [TEST_STEP][PASSED] - Statement - counter = counter + 1: null

2018-11-27 16:22:27 - [TEST_STEP][PASSED] - Statement - PreSaveFile = new java.io.File(((pathPrefix + java.lang.Integer.toString(counter)) + .png)): null

2018-11-27 16:22:27 - [TEST_STEP][PASSED] - Statement - counter = counter + 1: null

2018-11-27 16:22:27 - [TEST_STEP][PASSED] - Statement - PreSaveFile = new java.io.File(((pathPrefix + java.lang.Integer.toString(counter)) + .png)): null

2018-11-27 16:22:27 - [TEST_STEP][PASSED] - Statement - counter = counter + 1: null

2018-11-27 16:22:27 - [TEST_STEP][PASSED] - Statement - PreSaveFile = new java.io.File(((pathPrefix + java.lang.Integer.toString(counter)) + .png)): null

2018-11-27 16:22:27 - [TEST_STEP][PASSED] - Statement - counter = counter + 1: null

2018-11-27 16:22:27 - [TEST_STEP][PASSED] - Statement - PreSaveFile = new java.io.File(((pathPrefix + java.lang.Integer.toString(counter)) + .png)): null

2018-11-27 16:22:27 - [TEST_STEP][PASSED] - Statement - counter = counter + 1: null

2018-11-27 16:22:27 - [TEST_STEP][PASSED] - Statement - PreSaveFile = new java.io.File(((pathPrefix + java.lang.Integer.toString(counter)) + .png)): null

2018-11-27 16:22:27 - [TEST_STEP][PASSED] - Statement - counter = counter + 1: null

2018-11-27 16:22:27 - [TEST_STEP][PASSED] - Statement - PreSaveFile = new java.io.File(((pathPrefix + java.lang.Integer.toString(counter)) + .png)): null

2018-11-27 16:22:27 - [TEST_STEP][PASSED] - Statement - counter = counter + 1: null

2018-11-27 16:22:27 - [TEST_STEP][PASSED] - Statement - PreSaveFile = new java.io.File(((pathPrefix + java.lang.Integer.toString(counter)) + .png)): null

2018-11-27 16:22:27 - [TEST_STEP][PASSED] - Statement - counter = counter + 1: null

2018-11-27 16:22:27 - [TEST_STEP][PASSED] - Statement - PreSaveFile = new java.io.File(((pathPrefix + java.lang.Integer.toString(counter)) + .png)): null

2018-11-27 16:22:27 - [TEST_STEP][PASSED] - Statement - counter = counter + 1: null

2018-11-27 16:22:27 - [TEST_STEP][PASSED] - Statement - PreSaveFile = new java.io.File(((pathPrefix + java.lang.Integer.toString(counter)) + .png)): null

2018-11-27 16:22:27 - [TEST_STEP][PASSED] - Statement - counter = counter + 1: null

2018-11-27 16:22:27 - [TEST_STEP][PASSED] - Statement - PreSaveFile = new java.io.File(((pathPrefix + java.lang.Integer.toString(counter)) + .png)): null

2018-11-27 16:22:27 - [TEST_STEP][PASSED] - Statement - counter = counter + 1: null

2018-11-27 16:22:27 - [TEST_STEP][PASSED] - Statement - PreSaveFile = new java.io.File(((pathPrefix + java.lang.Integer.toString(counter)) + .png)): null

2018-11-27 16:22:27 - [TEST_STEP][PASSED] - Statement - counter = counter + 1: null

2018-11-27 16:22:27 - [TEST_STEP][PASSED] - Statement - PreSaveFile = new java.io.File(((pathPrefix + java.lang.Integer.toString(counter)) + .png)): null

2018-11-27 16:22:27 - [TEST_STEP][PASSED] - Statement - counter = counter + 1: null

2018-11-27 16:22:27 - [TEST_STEP][PASSED] - Statement - PreSaveFile = new java.io.File(((pathPrefix + java.lang.Integer.toString(counter)) + .png)): null

2018-11-27 16:22:27 - [TEST_STEP][PASSED] - Statement - counter = counter + 1: null

2018-11-27 16:22:27 - [TEST_STEP][PASSED] - Statement - PreSaveFile = new java.io.File(((pathPrefix + java.lang.Integer.toString(counter)) + .png)): null

2018-11-27 16:22:27 - [TEST_STEP][PASSED] - Statement - counter = counter + 1: null

2018-11-27 16:22:27 - [TEST_STEP][PASSED] - Statement - PreSaveFile = new java.io.File(((pathPrefix + java.lang.Integer.toString(counter)) + .png)): null

2018-11-27 16:22:27 - [TEST_STEP][PASSED] - Statement - counter = counter + 1: null

2018-11-27 16:22:27 - [TEST_STEP][PASSED] - Statement - PreSaveFile = new java.io.File(((pathPrefix + java.lang.Integer.toString(counter)) + .png)): null

2018-11-27 16:22:27 - [TEST_STEP][PASSED] - Statement - counter = counter + 1: null

2018-11-27 16:22:27 - [TEST_STEP][PASSED] - Statement - PreSaveFile = new java.io.File(((pathPrefix + java.lang.Integer.toString(counter)) + .png)): null

2018-11-27 16:22:27 - [TEST_STEP][PASSED] - Statement - counter = counter + 1: null

2018-11-27 16:22:27 - [TEST_STEP][PASSED] - Statement - PreSaveFile = new java.io.File(((pathPrefix + java.lang.Integer.toString(counter)) + .png)): null

2018-11-27 16:22:27 - [TEST_STEP][PASSED] - Statement - counter = counter + 1: null

2018-11-27 16:22:27 - [TEST_STEP][PASSED] - Statement - PreSaveFile = new java.io.File(((pathPrefix + java.lang.Integer.toString(counter)) + .png)): null

2018-11-27 16:22:27 - [TEST_STEP][PASSED] - Statement - counter = counter + 1: null

2018-11-27 16:22:27 - [TEST_STEP][PASSED] - Statement - PreSaveFile = new java.io.File(((pathPrefix + java.lang.Integer.toString(counter)) + .png)): null

2018-11-27 16:22:27 - [TEST_STEP][PASSED] - Statement - counter = counter + 1: null

2018-11-27 16:22:27 - [TEST_STEP][PASSED] - Statement - PreSaveFile = new java.io.File(((pathPrefix + java.lang.Integer.toString(counter)) + .png)): null

2018-11-27 16:22:27 - [TEST_STEP][PASSED] - Statement - counter = counter + 1: null

2018-11-27 16:22:27 - [TEST_STEP][PASSED] - Statement - PreSaveFile = new java.io.File(((pathPrefix + java.lang.Integer.toString(counter)) + .png)): null

2018-11-27 16:22:27 - [TEST_STEP][PASSED] - Statement - counter = counter + 1: null

2018-11-27 16:22:27 - [TEST_STEP][PASSED] - Statement - PreSaveFile = new java.io.File(((pathPrefix + java.lang.Integer.toString(counter)) + .png)): null

2018-11-27 16:22:27 - [TEST_STEP][PASSED] - Statement - counter = counter + 1: null

2018-11-27 16:22:27 - [TEST_STEP][PASSED] - Statement - PreSaveFile = new java.io.File(((pathPrefix + java.lang.Integer.toString(counter)) + .png)): null

2018-11-27 16:22:27 - [TEST_STEP][PASSED] - Statement - counter = counter + 1: null

2018-11-27 16:22:27 - [TEST_STEP][PASSED] - Statement - PreSaveFile = new java.io.File(((pathPrefix + java.lang.Integer.toString(counter)) + .png)): null

2018-11-27 16:22:27 - [TEST_STEP][PASSED] - Statement - counter = counter + 1: null

2018-11-27 16:22:27 - [TEST_STEP][PASSED] - Statement - PreSaveFile = new java.io.File(((pathPrefix + java.lang.Integer.toString(counter)) + .png)): null

2018-11-27 16:22:27 - [TEST_STEP][PASSED] - Statement - counter = counter + 1: null

2018-11-27 16:22:27 - [TEST_STEP][PASSED] - Statement - PreSaveFile = new java.io.File(((pathPrefix + java.lang.Integer.toString(counter)) + .png)): null

2018-11-27 16:22:27 - [TEST_STEP][PASSED] - Statement - counter = counter + 1: null

2018-11-27 16:22:27 - [TEST_STEP][PASSED] - Statement - PreSaveFile = new java.io.File(((pathPrefix + java.lang.Integer.toString(counter)) + .png)): null

2018-11-27 16:22:27 - [TEST_STEP][PASSED] - Statement - counter = counter + 1: null

2018-11-27 16:22:27 - [TEST_STEP][PASSED] - Statement - PreSaveFile = new java.io.File(((pathPrefix + java.lang.Integer.toString(counter)) + .png)): null

2018-11-27 16:22:27 - [TEST_STEP][PASSED] - Statement - counter = counter + 1: null

2018-11-27 16:22:27 - [TEST_STEP][PASSED] - Statement - PreSaveFile = new java.io.File(((pathPrefix + java.lang.Integer.toString(counter)) + .png)): null

2018-11-27 16:22:27 - [TEST_STEP][PASSED] - Statement - counter = counter + 1: null

2018-11-27 16:22:27 - [TEST_STEP][PASSED] - Statement - PreSaveFile = new java.io.File(((pathPrefix + java.lang.Integer.toString(counter)) + .png)): null

2018-11-27 16:22:27 - [TEST_STEP][PASSED] - Statement - counter = counter + 1: null

2018-11-27 16:22:27 - [TEST_STEP][PASSED] - Statement - PreSaveFile = new java.io.File(((pathPrefix + java.lang.Integer.toString(counter)) + .png)): null

2018-11-27 16:22:27 - [TEST_STEP][PASSED] - Statement - counter = counter + 1: null

2018-11-27 16:22:27 - [TEST_STEP][PASSED] - Statement - PreSaveFile = new java.io.File(((pathPrefix + java.lang.Integer.toString(counter)) + .png)): null

2018-11-27 16:22:27 - [TEST_STEP][PASSED] - Statement - counter = counter + 1: null

2018-11-27 16:22:27 - [TEST_STEP][PASSED] - Statement - PreSaveFile = new java.io.File(((pathPrefix + java.lang.Integer.toString(counter)) + .png)): null

2018-11-27 16:22:27 - [TEST_STEP][PASSED] - Statement - counter = counter + 1: null

2018-11-27 16:22:27 - [TEST_STEP][PASSED] - Statement - PreSaveFile = new java.io.File(((pathPrefix + java.lang.Integer.toString(counter)) + .png)): null

2018-11-27 16:22:27 - [TEST_STEP][PASSED] - Statement - counter = counter + 1: null

2018-11-27 16:22:27 - [TEST_STEP][PASSED] - Statement - PreSaveFile = new java.io.File(((pathPrefix + java.lang.Integer.toString(counter)) + .png)): null

2018-11-27 16:22:27 - [TEST_STEP][PASSED] - Statement - counter = counter + 1: null

2018-11-27 16:22:27 - [TEST_STEP][PASSED] - Statement - PreSaveFile = new java.io.File(((pathPrefix + java.lang.Integer.toString(counter)) + .png)): null

2018-11-27 16:22:27 - [TEST_STEP][PASSED] - Statement - counter = counter + 1: null

2018-11-27 16:22:27 - [TEST_STEP][PASSED] - Statement - PreSaveFile = new java.io.File(((pathPrefix + java.lang.Integer.toString(counter)) + .png)): null

2018-11-27 16:22:27 - [TEST_STEP][PASSED] - Statement - counter = counter + 1: null

2018-11-27 16:22:27 - [TEST_STEP][PASSED] - Statement - PreSaveFile = new java.io.File(((pathPrefix + java.lang.Integer.toString(counter)) + .png)): null

2018-11-27 16:22:27 - [TEST_STEP][PASSED] - Statement - counter = counter + 1: null

2018-11-27 16:22:27 - [TEST_STEP][PASSED] - Statement - PreSaveFile = new java.io.File(((pathPrefix + java.lang.Integer.toString(counter)) + .png)): null

2018-11-27 16:22:27 - [TEST_STEP][PASSED] - Statement - counter = counter + 1: null

2018-11-27 16:22:27 - [TEST_STEP][PASSED] - Statement - PreSaveFile = new java.io.File(((pathPrefix + java.lang.Integer.toString(counter)) + .png)): null

2018-11-27 16:22:27 - [TEST_STEP][PASSED] - Statement - counter = counter + 1: null

2018-11-27 16:22:27 - [TEST_STEP][PASSED] - Statement - PreSaveFile = new java.io.File(((pathPrefix + java.lang.Integer.toString(counter)) + .png)): null

2018-11-27 16:22:27 - [TEST_STEP][PASSED] - Statement - counter = counter + 1: null

2018-11-27 16:22:27 - [TEST_STEP][PASSED] - Statement - PreSaveFile = new java.io.File(((pathPrefix + java.lang.Integer.toString(counter)) + .png)): null

2018-11-27 16:22:27 - [TEST_STEP][PASSED] - Statement - counter = counter + 1: null

2018-11-27 16:22:27 - [TEST_STEP][PASSED] - Statement - PreSaveFile = new java.io.File(((pathPrefix + java.lang.Integer.toString(counter)) + .png)): null

2018-11-27 16:22:27 - [TEST_STEP][PASSED] - Statement - counter = counter + 1: null

2018-11-27 16:22:27 - [TEST_STEP][PASSED] - Statement - PreSaveFile = new java.io.File(((pathPrefix + java.lang.Integer.toString(counter)) + .png)): null

2018-11-27 16:22:27 - [TEST_STEP][PASSED] - Statement - counter = counter + 1: null

2018-11-27 16:22:27 - [TEST_STEP][PASSED] - Statement - PreSaveFile = new java.io.File(((pathPrefix + java.lang.Integer.toString(counter)) + .png)): null

2018-11-27 16:22:27 - [TEST_STEP][PASSED] - Statement - counter = counter + 1: null

2018-11-27 16:22:27 - [TEST_STEP][PASSED] - Statement - PreSaveFile = new java.io.File(((pathPrefix + java.lang.Integer.toString(counter)) + .png)): null

2018-11-27 16:22:27 - [TEST_STEP][PASSED] - Statement - counter = counter + 1: null

2018-11-27 16:22:27 - [TEST_STEP][PASSED] - Statement - PreSaveFile = new java.io.File(((pathPrefix + java.lang.Integer.toString(counter)) + .png)): null

2018-11-27 16:22:27 - [TEST_STEP][PASSED] - Statement - counter = counter + 1: null

2018-11-27 16:22:27 - [TEST_STEP][PASSED] - Statement - PreSaveFile = new java.io.File(((pathPrefix + java.lang.Integer.toString(counter)) + .png)): null

2018-11-27 16:22:27 - [TEST_STEP][PASSED] - Statement - counter = counter + 1: null

2018-11-27 16:22:27 - [TEST_STEP][PASSED] - Statement - PreSaveFile = new java.io.File(((pathPrefix + java.lang.Integer.toString(counter)) + .png)): null

2018-11-27 16:22:27 - [TEST_STEP][PASSED] - Statement - counter = counter + 1: null

2018-11-27 16:22:27 - [TEST_STEP][PASSED] - Statement - PreSaveFile = new java.io.File(((pathPrefix + java.lang.Integer.toString(counter)) + .png)): null

2018-11-27 16:22:27 - [TEST_STEP][PASSED] - Statement - counter = counter + 1: null

2018-11-27 16:22:27 - [TEST_STEP][PASSED] - Statement - PreSaveFile = new java.io.File(((pathPrefix + java.lang.Integer.toString(counter)) + .png)): null

2018-11-27 16:22:27 - [TEST_STEP][PASSED] - Statement - counter = counter + 1: null

2018-11-27 16:22:27 - [TEST_STEP][PASSED] - Statement - PreSaveFile = new java.io.File(((pathPrefix + java.lang.Integer.toString(counter)) + .png)): null

2018-11-27 16:22:27 - [TEST_STEP][PASSED] - Statement - counter = counter + 1: null

2018-11-27 16:22:27 - [TEST_STEP][PASSED] - Statement - PreSaveFile = new java.io.File(((pathPrefix + java.lang.Integer.toString(counter)) + .png)): null

2018-11-27 16:22:27 - [TEST_STEP][PASSED] - Statement - counter = counter + 1: null

2018-11-27 16:22:27 - [TEST_STEP][PASSED] - Statement - PreSaveFile = new java.io.File(((pathPrefix + java.lang.Integer.toString(counter)) + .png)): null

2018-11-27 16:22:27 - [TEST_STEP][PASSED] - Statement - counter = counter + 1: null

2018-11-27 16:22:27 - [TEST_STEP][PASSED] - Statement - PreSaveFile = new java.io.File(((pathPrefix + java.lang.Integer.toString(counter)) + .png)): null

2018-11-27 16:22:27 - [TEST_STEP][PASSED] - Statement - counter = counter + 1: null

2018-11-27 16:22:27 - [TEST_STEP][PASSED] - Statement - PreSaveFile = new java.io.File(((pathPrefix + java.lang.Integer.toString(counter)) + .png)): null

2018-11-27 16:22:27 - [TEST_STEP][PASSED] - Statement - counter = counter + 1: null

2018-11-27 16:22:27 - [TEST_STEP][PASSED] - Statement - PreSaveFile = new java.io.File(((pathPrefix + java.lang.Integer.toString(counter)) + .png)): null

2018-11-27 16:22:27 - [TEST_STEP][PASSED] - Statement - counter = counter + 1: null

2018-11-27 16:22:27 - [TEST_STEP][PASSED] - Statement - PreSaveFile = new java.io.File(((pathPrefix + java.lang.Integer.toString(counter)) + .png)): null

2018-11-27 16:22:27 - [TEST_STEP][PASSED] - Statement - counter = counter + 1: null

2018-11-27 16:22:27 - [TEST_STEP][PASSED] - Statement - PreSaveFile = new java.io.File(((pathPrefix + java.lang.Integer.toString(counter)) + .png)): null

2018-11-27 16:22:27 - [TEST_STEP][PASSED] - Statement - counter = counter + 1: null

2018-11-27 16:22:27 - [TEST_STEP][PASSED] - Statement - PreSaveFile = new java.io.File(((pathPrefix + java.lang.Integer.toString(counter)) + .png)): null

2018-11-27 16:22:27 - [TEST_STEP][PASSED] - Statement - counter = counter + 1: null

2018-11-27 16:22:27 - [TEST_STEP][PASSED] - Statement - PreSaveFile = new java.io.File(((pathPrefix + java.lang.Integer.toString(counter)) + .png)): null

2018-11-27 16:22:27 - [TEST_STEP][PASSED] - Statement - counter = counter + 1: null

2018-11-27 16:22:27 - [TEST_STEP][PASSED] - Statement - PreSaveFile = new java.io.File(((pathPrefix + java.lang.Integer.toString(counter)) + .png)): null

2018-11-27 16:22:27 - [TEST_STEP][PASSED] - Statement - counter = counter + 1: null

2018-11-27 16:22:27 - [TEST_STEP][PASSED] - Statement - PreSaveFile = new java.io.File(((pathPrefix + java.lang.Integer.toString(counter)) + .png)): null

2018-11-27 16:22:27 - [TEST_STEP][PASSED] - Statement - counter = counter + 1: null

2018-11-27 16:22:27 - [TEST_STEP][PASSED] - Statement - PreSaveFile = new java.io.File(((pathPrefix + java.lang.Integer.toString(counter)) + .png)): null

2018-11-27 16:22:27 - [TEST_STEP][PASSED] - Statement - counter = counter + 1: null

2018-11-27 16:22:27 - [TEST_STEP][PASSED] - Statement - PreSaveFile = new java.io.File(((pathPrefix + java.lang.Integer.toString(counter)) + .png)): null

2018-11-27 16:22:27 - [TEST_STEP][PASSED] - Statement - counter = counter + 1: null

2018-11-27 16:22:27 - [TEST_STEP][PASSED] - Statement - PreSaveFile = new java.io.File(((pathPrefix + java.lang.Integer.toString(counter)) + .png)): null

2018-11-27 16:22:27 - [TEST_STEP][PASSED] - Statement - counter = counter + 1: null

2018-11-27 16:22:27 - [TEST_STEP][PASSED] - Statement - PreSaveFile = new java.io.File(((pathPrefix + java.lang.Integer.toString(counter)) + .png)): null

2018-11-27 16:22:27 - [TEST_STEP][PASSED] - Statement - counter = counter + 1: null

2018-11-27 16:22:27 - [TEST_STEP][PASSED] - Statement - PreSaveFile = new java.io.File(((pathPrefix + java.lang.Integer.toString(counter)) + .png)): null

2018-11-27 16:22:27 - [TEST_STEP][PASSED] - Statement - counter = counter + 1: null

2018-11-27 16:22:27 - [TEST_STEP][PASSED] - Statement - PreSaveFile = new java.io.File(((pathPrefix + java.lang.Integer.toString(counter)) + .png)): null

2018-11-27 16:22:27 - [TEST_STEP][PASSED] - Statement - counter = counter + 1: null

2018-11-27 16:22:27 - [TEST_STEP][PASSED] - Statement - PreSaveFile = new java.io.File(((pathPrefix + java.lang.Integer.toString(counter)) + .png)): null

2018-11-27 16:22:27 - [TEST_STEP][PASSED] - Statement - counter = counter + 1: null

2018-11-27 16:22:27 - [TEST_STEP][PASSED] - Statement - PreSaveFile = new java.io.File(((pathPrefix + java.lang.Integer.toString(counter)) + .png)): null

2018-11-27 16:22:27 - [TEST_STEP][PASSED] - Statement - counter = counter + 1: null

2018-11-27 16:22:27 - [TEST_STEP][PASSED] - Statement - PreSaveFile = new java.io.File(((pathPrefix + java.lang.Integer.toString(counter)) + .png)): null

2018-11-27 16:22:27 - [TEST_STEP][PASSED] - Statement - counter = counter + 1: null

2018-11-27 16:22:27 - [TEST_STEP][PASSED] - Statement - PreSaveFile = new java.io.File(((pathPrefix + java.lang.Integer.toString(counter)) + .png)): null

2018-11-27 16:22:27 - [TEST_STEP][PASSED] - Statement - counter = counter + 1: null

2018-11-27 16:22:27 - [TEST_STEP][PASSED] - Statement - PreSaveFile = new java.io.File(((pathPrefix + java.lang.Integer.toString(counter)) + .png)): null

2018-11-27 16:22:27 - [TEST_STEP][PASSED] - Statement - counter = counter + 1: null

2018-11-27 16:22:27 - [TEST_STEP][PASSED] - Statement - PreSaveFile = new java.io.File(((pathPrefix + java.lang.Integer.toString(counter)) + .png)): null

2018-11-27 16:22:27 - [TEST_STEP][PASSED] - Statement - counter = counter + 1: null

2018-11-27 16:22:27 - [TEST_STEP][PASSED] - Statement - PreSaveFile = new java.io.File(((pathPrefix + java.lang.Integer.toString(counter)) + .png)): null

2018-11-27 16:22:27 - [TEST_STEP][PASSED] - Statement - counter = counter + 1: null

2018-11-27 16:22:27 - [TEST_STEP][PASSED] - Statement - PreSaveFile = new java.io.File(((pathPrefix + java.lang.Integer.toString(counter)) + .png)): null

2018-11-27 16:22:27 - [TEST_STEP][PASSED] - Statement - counter = counter + 1: null

2018-11-27 16:22:27 - [TEST_STEP][PASSED] - Statement - PreSaveFile = new java.io.File(((pathPrefix + java.lang.Integer.toString(counter)) + .png)): null

2018-11-27 16:22:27 - [TEST_STEP][PASSED] - Statement - counter = counter + 1: null

2018-11-27 16:22:27 - [TEST_STEP][PASSED] - Statement - PreSaveFile = new java.io.File(((pathPrefix + java.lang.Integer.toString(counter)) + .png)): null

2018-11-27 16:22:27 - [TEST_STEP][PASSED] - Statement - counter = counter + 1: null

2018-11-27 16:22:27 - [TEST_STEP][PASSED] - Statement - PreSaveFile = new java.io.File(((pathPrefix + java.lang.Integer.toString(counter)) + .png)): null

2018-11-27 16:22:27 - [TEST_STEP][PASSED] - Statement - counter = counter + 1: null

2018-11-27 16:22:27 - [TEST_STEP][PASSED] - Statement - PreSaveFile = new java.io.File(((pathPrefix + java.lang.Integer.toString(counter)) + .png)): null

2018-11-27 16:22:27 - [TEST_STEP][PASSED] - Statement - counter = counter + 1: null

2018-11-27 16:22:27 - [TEST_STEP][PASSED] - Statement - PreSaveFile = new java.io.File(((pathPrefix + java.lang.Integer.toString(counter)) + .png)): null

2018-11-27 16:22:27 - [TEST_STEP][PASSED] - Statement - counter = counter + 1: null

2018-11-27 16:22:27 - [TEST_STEP][PASSED] - Statement - PreSaveFile = new java.io.File(((pathPrefix + java.lang.Integer.toString(counter)) + .png)): null

2018-11-27 16:22:27 - [TEST_STEP][PASSED] - Statement - counter = counter + 1: null

2018-11-27 16:22:27 - [TEST_STEP][PASSED] - Statement - PreSaveFile = new java.io.File(((pathPrefix + java.lang.Integer.toString(counter)) + .png)): null

2018-11-27 16:22:27 - [TEST_STEP][PASSED] - Statement - counter = counter + 1: null

2018-11-27 16:22:27 - [TEST_STEP][PASSED] - Statement - PreSaveFile = new java.io.File(((pathPrefix + java.lang.Integer.toString(counter)) + .png)): null

2018-11-27 16:22:27 - [TEST_STEP][PASSED] - Statement - counter = counter + 1: null

2018-11-27 16:22:27 - [TEST_STEP][PASSED] - Statement - PreSaveFile = new java.io.File(((pathPrefix + java.lang.Integer.toString(counter)) + .png)): null

2018-11-27 16:22:27 - [TEST_STEP][PASSED] - Statement - counter = counter + 1: null

2018-11-27 16:22:27 - [TEST_STEP][PASSED] - Statement - PreSaveFile = new java.io.File(((pathPrefix + java.lang.Integer.toString(counter)) + .png)): null

2018-11-27 16:22:27 - [TEST_STEP][PASSED] - Statement - counter = counter + 1: null

2018-11-27 16:22:27 - [TEST_STEP][PASSED] - Statement - PreSaveFile = new java.io.File(((pathPrefix + java.lang.Integer.toString(counter)) + .png)): null

2018-11-27 16:22:27 - [TEST_STEP][PASSED] - Statement - counter = counter + 1: null

2018-11-27 16:22:27 - [TEST_STEP][PASSED] - Statement - PreSaveFile = new java.io.File(((pathPrefix + java.lang.Integer.toString(counter)) + .png)): null

2018-11-27 16:22:27 - [TEST_STEP][PASSED] - Statement - finalPath = pathPrefix + java.lang.Integer.toString(counter) + ".png": null

2018-11-27 16:22:27 - [TEST_STEP][PASSED] - Statement - SaveFile = new java.io.File(finalPath): null

2018-11-27 16:22:27 - [TEST_STEP][PASSED] - Statement - Try: null

2018-11-27 16:22:27 - [TEST_STEP][PASSED] - Statement - org.apache.commons.io.FileUtils.copyFile(scrFile, SaveFile): null

2018-11-27 16:22:27 - [TEST_STEP][PASSED] - Statement - out.println("file kept"): null

2018-11-27 16:22:27 - [TEST_STEP][PASSED] - delay: Delayed 10 second(s)

2018-11-27 16:22:37 - [MESSAGE][PASSED] - Delayed 10 second(s)

2018-11-27 16:22:37 - [MESSAGE][PASSED] - Call Test Case 'Test Cases/Final Aug 2018 - PKS Automation/Common/Screenshoting tool' successfully

2018-11-27 16:22:37 - [TEST_STEP][PASSED] - callTestCase: Call Test Case 'Test Cases/Final Aug 2018 - PKS Automation/Registration Module/Log Out/log out avoiding katalon tagging' successfully

2018-11-27 16:22:37 - [TEST_CASE][PASSED] - Test Cases/Final Aug 2018 - PKS Automation/Registration Module/Log Out/log out avoiding katalon tagging: Test Cases/Final Aug 2018 - PKS Automation/Registration Module/Log Out/log out avoiding katalon tagging

2018-11-27 16:22:37 - [TEST_STEP][PASSED] - navigateToUrl: Navigate to 'https://assist2-uat.perkeso.gov.my/c/portal/logout' successfully

2018-11-27 16:22:41 - [MESSAGE][PASSED] - Navigate to 'https://assist2-uat.perkeso.gov.my/c/portal/logout' successfully

2018-11-27 16:22:41 - [MESSAGE][PASSED] - Call Test Case 'Test Cases/Final Aug 2018 - PKS Automation/Registration Module/Log Out/log out avoiding katalon tagging' successfully

2018-11-27 16:22:41 - [TEST_STEP][FAILED] - callTestCase: Unable to call Test Case with id 'Test Cases/Final Aug 2018 - PKS Automation/Common/Workflow Owner Finder' (Root cause: Call Test Case 'Test Cases/Final Aug 2018 - PKS Automation/Common/Workflow Owner Finder' failed)

2018-11-27 16:22:41 - [TEST_CASE][FAILED] - Test Cases/Final Aug 2018 - PKS Automation/Common/Workflow Owner Finder: Test Cases/Final Aug 2018 - PKS Automation/Common/Workflow Owner Finder FAILED because (of) (Stack trace: com.kms.katalon.core.exception.StepFailedException: Unable to click on object 'Object Repository/Final Object Repo/Landing Page/Select to English' (Root cause: com.kms.katalon.core.webui.exception.WebElementNotFoundException: Web element with id: 'Object Repository/Final Object Repo/Landing Page/Select to English' located by 'By.xpath: //a[@class = 'taglib-language-list-text' and @lang = 'en-US' and (contains(text(), 'EN') or contains(., 'EN'))]' not found)
	at com.kms.katalon.core.keyword.internal.KeywordMain.stepFailed(KeywordMain.groovy:32)
	at com.kms.katalon.core.webui.keyword.internal.WebUIKeywordMain.stepFailed(WebUIKeywordMain.groovy:65)
	at com.kms.katalon.core.webui.keyword.internal.WebUIKeywordMain.runKeyword(WebUIKeywordMain.groovy:27)
	at com.kms.katalon.core.webui.keyword.builtin.ClickKeyword.click(ClickKeyword.groovy:86)
	at com.kms.katalon.core.webui.keyword.builtin.ClickKeyword.execute(ClickKeyword.groovy:67)
	at com.kms.katalon.core.keyword.internal.KeywordExecutor.executeKeywordForPlatform(KeywordExecutor.groovy:53)
	at com.kms.katalon.core.webui.keyword.WebUiBuiltInKeywords.click(WebUiBuiltInKeywords.groovy:604)
	at com.kms.katalon.core.webui.keyword.WebUiBuiltInKeywords$click$6.call(Unknown Source)
	at Script1534407542420.run(Script1534407542420.groovy:57)
	at com.kms.katalon.core.main.ScriptEngine.run(ScriptEngine.java:183)
	at com.kms.katalon.core.main.ScriptEngine.runScriptAsRawText(ScriptEngine.java:108)
	at com.kms.katalon.core.main.TestCaseExecutor.runScript(TestCaseExecutor.java:294)
	at com.kms.katalon.core.main.TestCaseExecutor.doExecute(TestCaseExecutor.java:285)
	at com.kms.katalon.core.main.TestCaseExecutor.processExecutionPhase(TestCaseExecutor.java:264)
	at com.kms.katalon.core.main.TestCaseExecutor.accessMainPhase(TestCaseExecutor.java:256)
	at com.kms.katalon.core.main.TestCaseExecutor.execute(TestCaseExecutor.java:200)
	at com.kms.katalon.core.main.TestCaseMain.runTestCase(TestCaseMain.java:99)
	at com.kms.katalon.core.keyword.builtin.CallTestCaseKeyword$_callTestCase_closure1.doCall(CallTestCaseKeyword.groovy:60)
	at com.kms.katalon.core.keyword.builtin.CallTestCaseKeyword$_callTestCase_closure1.call(CallTestCaseKeyword.groovy)
	at com.kms.katalon.core.keyword.internal.KeywordMain.runKeyword(KeywordMain.groovy:54)
	at com.kms.katalon.core.keyword.builtin.CallTestCaseKeyword.callTestCase(CallTestCaseKeyword.groovy:81)
	at com.kms.katalon.core.keyword.builtin.CallTestCaseKeyword.execute(CallTestCaseKeyword.groovy:45)
	at com.kms.katalon.core.keyword.internal.KeywordExecutor.executeKeywordForPlatform(KeywordExecutor.groovy:53)
	at com.kms.katalon.core.keyword.BuiltinKeywords.callTestCase(BuiltinKeywords.groovy:334)
	at sun.reflect.GeneratedMethodAccessor13.invoke(Unknown Source)
	at sun.reflect.DelegatingMethodAccessorImpl.invoke(DelegatingMethodAccessorImpl.java:43)
	at java.lang.reflect.Method.invoke(Method.java:498)
	at org.codehaus.groovy.reflection.CachedMethod.invoke(CachedMethod.java:93)
	at groovy.lang.MetaMethod.doMethodInvoke(MetaMethod.java:325)
	at groovy.lang.MetaClassImpl.invokeStaticMethod(MetaClassImpl.java:1469)
	at org.codehaus.groovy.runtime.callsite.StaticMetaClassSite.call(StaticMetaClassSite.java:53)
	at org.codehaus.groovy.runtime.callsite.CallSiteArray.defaultCall(CallSiteArray.java:48)
	at org.codehaus.groovy.runtime.callsite.AbstractCallSite.call(AbstractCallSite.java:113)
	at org.codehaus.groovy.runtime.callsite.AbstractCallSite.call(AbstractCallSite.java:141)
	at Script1536290785236.run(Script1536290785236.groovy:125)
	at com.kms.katalon.core.main.ScriptEngine.run(ScriptEngine.java:183)
	at com.kms.katalon.core.main.ScriptEngine.runScriptAsRawText(ScriptEngine.java:108)
	at com.kms.katalon.core.main.TestCaseExecutor.runScript(TestCaseExecutor.java:294)
	at com.kms.katalon.core.main.TestCaseExecutor.doExecute(TestCaseExecutor.java:285)
	at com.kms.katalon.core.main.TestCaseExecutor.processExecutionPhase(TestCaseExecutor.java:264)
	at com.kms.katalon.core.main.TestCaseExecutor.accessMainPhase(TestCaseExecutor.java:256)
	at com.kms.katalon.core.main.TestCaseExecutor.execute(TestCaseExecutor.java:200)
	at com.kms.katalon.core.main.TestSuiteExecutor.accessTestCaseMainPhase(TestSuiteExecutor.java:129)
	at com.kms.katalon.core.main.TestSuiteExecutor.accessTestSuiteMainPhase(TestSuiteExecutor.java:112)
	at com.kms.katalon.core.main.TestSuiteExecutor.execute(TestSuiteExecutor.java:81)
	at com.kms.katalon.core.main.TestCaseMain.startTestSuite(TestCaseMain.java:142)
	at com.kms.katalon.core.main.TestCaseMain$startTestSuite$0.call(Unknown Source)
	at org.codehaus.groovy.runtime.callsite.CallSiteArray.defaultCall(CallSiteArray.java:48)
	at org.codehaus.groovy.runtime.callsite.AbstractCallSite.call(AbstractCallSite.java:113)
	at org.codehaus.groovy.runtime.callsite.AbstractCallSite.call(AbstractCallSite.java:141)
	at TempTestSuite1543287057153.run(TempTestSuite1543287057153.groovy:36)
	at groovy.lang.GroovyShell.runScriptOrMainOrTestOrRunnable(GroovyShell.java:263)
	at groovy.lang.GroovyShell.run(GroovyShell.java:518)
	at groovy.lang.GroovyShell.run(GroovyShell.java:507)
	at groovy.ui.GroovyMain.processOnce(GroovyMain.java:653)
	at groovy.ui.GroovyMain.run(GroovyMain.java:384)
	at groovy.ui.GroovyMain.process(GroovyMain.java:370)
	at groovy.ui.GroovyMain.processArgs(GroovyMain.java:129)
	at groovy.ui.GroovyMain.main(GroovyMain.java:109)
	at sun.reflect.NativeMethodAccessorImpl.invoke0(Native Method)
	at sun.reflect.NativeMethodAccessorImpl.invoke(NativeMethodAccessorImpl.java:62)
	at sun.reflect.DelegatingMethodAccessorImpl.invoke(DelegatingMethodAccessorImpl.java:43)
	at java.lang.reflect.Method.invoke(Method.java:498)
	at org.codehaus.groovy.tools.GroovyStarter.rootLoader(GroovyStarter.java:109)
	at org.codehaus.groovy.tools.GroovyStarter.main(GroovyStarter.java:131)
)

2018-11-27 16:22:41 - [TEST_STEP][PASSED] - openBrowser: Browser is opened with url: ''

2018-11-27 16:22:41 - [MESSAGE][WARNING] - A browser is already opened. Closing browser and opening a new one

2018-11-27 16:22:46 - [MESSAGE][PASSED] - Browser is opened with url: ''

2018-11-27 16:22:46 - [TEST_STEP][PASSED] - navigateToUrl: Navigate to 'https://assist2-uat.perkeso.gov.my/login' successfully

2018-11-27 16:22:47 - [MESSAGE][PASSED] - Navigate to 'https://assist2-uat.perkeso.gov.my/login' successfully

2018-11-27 16:22:47 - [TEST_STEP][PASSED] - delay: Delayed 5 second(s)

2018-11-27 16:22:52 - [MESSAGE][PASSED] - Delayed 5 second(s)

2018-11-27 16:22:52 - [TEST_STEP][PASSED] - setText: Text 'test@liferay.com' is set on object 'Object Repository/Final Object Repo/Login Page/Internal User/Email Address'

2018-11-27 16:22:52 - [MESSAGE][PASSED] - Text 'test@liferay.com' is set on object 'Object Repository/Final Object Repo/Login Page/Internal User/Email Address'

2018-11-27 16:22:52 - [TEST_STEP][PASSED] - click: Object: 'Object Repository/Final Object Repo/Login Page/Internal User/Next Button' is clicked on

2018-11-27 16:22:52 - [MESSAGE][PASSED] - Object: 'Object Repository/Final Object Repo/Login Page/Internal User/Next Button' is clicked on

2018-11-27 16:22:52 - [TEST_STEP][PASSED] - delay: Delayed 2 second(s)

2018-11-27 16:22:54 - [MESSAGE][PASSED] - Delayed 2 second(s)

2018-11-27 16:22:54 - [TEST_STEP][PASSED] - setText: Text 'test' is set on object 'Object Repository/Final Object Repo/Login Page/Internal User/Password'

2018-11-27 16:22:56 - [MESSAGE][PASSED] - Text 'test' is set on object 'Object Repository/Final Object Repo/Login Page/Internal User/Password'

2018-11-27 16:22:56 - [TEST_STEP][PASSED] - delay: Delayed 2 second(s)

2018-11-27 16:22:58 - [MESSAGE][PASSED] - Delayed 2 second(s)

2018-11-27 16:22:58 - [TEST_STEP][PASSED] - click: Object: 'Object Repository/Final Object Repo/Login Page/Internal User/Login Button' is clicked on

2018-11-27 16:22:59 - [MESSAGE][PASSED] - Object: 'Object Repository/Final Object Repo/Login Page/Internal User/Login Button' is clicked on

2018-11-27 16:22:59 - [TEST_STEP][FAILED] - Statement - Try: Delayed 2 second(s)

2018-11-27 16:22:59 - [TEST_STEP][PASSED] - Statement - Checker = false: null

2018-11-27 16:22:59 - [TEST_STEP][PASSED] - Statement - Checker = com.kms.katalon.core.webui.keyword.WebUiBuiltInKeywords.verifyElementHasAttribute(com.kms.katalon.core.testobject.ObjectRepository.findTestObject(Final Object Repo/Landing Page/BM Detecting), "href", 20, OPTIONAL): Unable to verify if object 'Object Repository/Final Object Repo/Landing Page/BM Detecting' has attribute 'href' (Root cause: org.openqa.selenium.StaleElementReferenceException: stale element reference: element is not attached to the page document
  (Session info: chrome=70.0.3538.102)
  (Driver info: chromedriver=2.43.600210 (68dcf5eebde37173d4027fa8635e332711d2874a),platform=Windows NT 6.1.7601 SP1 x86_64) (WARNING: The server did not provide any stacktrace information)
Command duration or timeout: 0 milliseconds
For documentation on this error, please visit: http://seleniumhq.org/exceptions/stale_element_reference.html
Build info: version: '3.7.1', revision: '8a0099a', time: '2017-11-06T21:07:36.161Z'
System info: host: 'WIN7TEST02', ip: '10.20.3.72', os.name: 'Windows 7', os.arch: 'amd64', os.version: '6.1', java.version: '1.8.0_181'
Driver info: com.kms.katalon.selenium.driver.CChromeDriver
Capabilities {acceptInsecureCerts: false, acceptSslCerts: false, applicationCacheEnabled: false, browserConnectionEnabled: false, browserName: chrome, chrome: {chromedriverVersion: 2.43.600210 (68dcf5eebde371..., userDataDir: C:\Users\Admin\AppData\Loca...}, cssSelectorsEnabled: true, databaseEnabled: false, goog:chromeOptions: {debuggerAddress: localhost:64078}, handlesAlerts: true, hasTouchScreen: false, javascriptEnabled: true, locationContextEnabled: true, mobileEmulationEnabled: false, nativeEvents: true, networkConnectionEnabled: false, pageLoadStrategy: normal, platform: XP, platformName: XP, rotatable: false, setWindowRect: true, takesHeapSnapshot: true, takesScreenshot: true, unexpectedAlertBehaviour: , unhandledPromptBehavior: , version: 70.0.3538.102, webStorageEnabled: true}
Session ID: 9fec01043fa54e96cf670c8dcea174f0)

2018-11-27 16:23:01 - [MESSAGE][WARNING] - Unable to verify if object 'Object Repository/Final Object Repo/Landing Page/BM Detecting' has attribute 'href' (Root cause: org.openqa.selenium.StaleElementReferenceException: stale element reference: element is not attached to the page document
  (Session info: chrome=70.0.3538.102)
  (Driver info: chromedriver=2.43.600210 (68dcf5eebde37173d4027fa8635e332711d2874a),platform=Windows NT 6.1.7601 SP1 x86_64) (WARNING: The server did not provide any stacktrace information)
Command duration or timeout: 0 milliseconds
For documentation on this error, please visit: http://seleniumhq.org/exceptions/stale_element_reference.html
Build info: version: '3.7.1', revision: '8a0099a', time: '2017-11-06T21:07:36.161Z'
System info: host: 'WIN7TEST02', ip: '10.20.3.72', os.name: 'Windows 7', os.arch: 'amd64', os.version: '6.1', java.version: '1.8.0_181'
Driver info: com.kms.katalon.selenium.driver.CChromeDriver
Capabilities {acceptInsecureCerts: false, acceptSslCerts: false, applicationCacheEnabled: false, browserConnectionEnabled: false, browserName: chrome, chrome: {chromedriverVersion: 2.43.600210 (68dcf5eebde371..., userDataDir: C:\Users\Admin\AppData\Loca...}, cssSelectorsEnabled: true, databaseEnabled: false, goog:chromeOptions: {debuggerAddress: localhost:64078}, handlesAlerts: true, hasTouchScreen: false, javascriptEnabled: true, locationContextEnabled: true, mobileEmulationEnabled: false, nativeEvents: true, networkConnectionEnabled: false, pageLoadStrategy: normal, platform: XP, platformName: XP, rotatable: false, setWindowRect: true, takesHeapSnapshot: true, takesScreenshot: true, unexpectedAlertBehaviour: , unhandledPromptBehavior: , version: 70.0.3538.102, webStorageEnabled: true}
Session ID: 9fec01043fa54e96cf670c8dcea174f0)
[[ATTACHMENT|C:\\Users\\Admin\\Desktop\\PKS\\Perkeso Phase A\\Reports\\Workflow\\Update Add New Employee\\20181127_105057\\1543306981414.png]]

2018-11-27 16:23:01 - [TEST_STEP][PASSED] - Statement - out.println(Checker): null

2018-11-27 16:23:01 - [TEST_STEP][FAILED] - Statement - If (Checker == false): Unable to click on object 'Object Repository/Final Object Repo/Landing Page/Select to English' (Root cause: com.kms.katalon.core.webui.exception.WebElementNotFoundException: Web element with id: 'Object Repository/Final Object Repo/Landing Page/Select to English' located by 'By.xpath: //a[@class = 'taglib-language-list-text' and @lang = 'en-US' and (contains(text(), 'EN') or contains(., 'EN'))]' not found)

2018-11-27 16:23:01 - [TEST_STEP][FAILED] - click: Unable to click on object 'Object Repository/Final Object Repo/Landing Page/Select to English' (Root cause: com.kms.katalon.core.webui.exception.WebElementNotFoundException: Web element with id: 'Object Repository/Final Object Repo/Landing Page/Select to English' located by 'By.xpath: //a[@class = 'taglib-language-list-text' and @lang = 'en-US' and (contains(text(), 'EN') or contains(., 'EN'))]' not found)

2018-11-27 16:23:39 - [MESSAGE][FAILED] - Unable to click on object 'Object Repository/Final Object Repo/Landing Page/Select to English' (Root cause: com.kms.katalon.core.webui.exception.WebElementNotFoundException: Web element with id: 'Object Repository/Final Object Repo/Landing Page/Select to English' located by 'By.xpath: //a[@class = 'taglib-language-list-text' and @lang = 'en-US' and (contains(text(), 'EN') or contains(., 'EN'))]' not found)
[[ATTACHMENT|C:\\Users\\Admin\\Desktop\\PKS\\Perkeso Phase A\\Reports\\Workflow\\Update Add New Employee\\20181127_105057\\1543307018739.png]]

2018-11-27 16:23:39 - [TEST_STEP][PASSED] - delay: Delayed 2 second(s)

2018-11-27 16:23:41 - [MESSAGE][PASSED] - Delayed 2 second(s)

2018-11-27 16:23:41 - [TEST_STEP][PASSED] - delay: Delayed 3 second(s)

2018-11-27 16:23:44 - [MESSAGE][PASSED] - Delayed 3 second(s)

2018-11-27 16:23:44 - [TEST_STEP][PASSED] - mouseOver: Object: 'Object Repository/Final Object Repo/Landing Page/WorkFlow Menu' is hovered

2018-11-27 16:23:44 - [MESSAGE][PASSED] - Object: 'Object Repository/Final Object Repo/Landing Page/WorkFlow Menu' is hovered

2018-11-27 16:23:44 - [TEST_STEP][PASSED] - delay: Delayed 2 second(s)

2018-11-27 16:23:46 - [MESSAGE][PASSED] - Delayed 2 second(s)

2018-11-27 16:23:46 - [TEST_STEP][PASSED] - click: Object: 'Object Repository/Final Object Repo/Landing Page/Select to Workflow Listing' is clicked on

2018-11-27 16:23:47 - [MESSAGE][PASSED] - Object: 'Object Repository/Final Object Repo/Landing Page/Select to Workflow Listing' is clicked on

2018-11-27 16:23:47 - [TEST_STEP][PASSED] - delay: Delayed 2 second(s)

2018-11-27 16:23:49 - [MESSAGE][PASSED] - Delayed 2 second(s)

2018-11-27 16:23:49 - [TEST_STEP][PASSED] - click: Object: 'Object Repository/Final Object Repo/WorkFlow Listing Page/Search Information - To Put Ref No' is clicked on

2018-11-27 16:23:49 - [MESSAGE][PASSED] - Object: 'Object Repository/Final Object Repo/WorkFlow Listing Page/Search Information - To Put Ref No' is clicked on

2018-11-27 16:23:49 - [TEST_STEP][PASSED] - delay: Delayed 2 second(s)

2018-11-27 16:23:51 - [MESSAGE][PASSED] - Delayed 2 second(s)

2018-11-27 16:23:51 - [TEST_STEP][PASSED] - callTestCase: Call Test Case 'Test Cases/Final Aug 2018 - PKS Automation/Common/Reference Number Getter' successfully

2018-11-27 16:23:51 - [TEST_CASE][PASSED] - Test Cases/Final Aug 2018 - PKS Automation/Common/Reference Number Getter: Test Cases/Final Aug 2018 - PKS Automation/Common/Reference Number Getter

2018-11-27 16:23:51 - [TEST_STEP][PASSED] - Statement - Try: null

2018-11-27 16:23:51 - [TEST_STEP][PASSED] - Statement - RefNo = new java.io.File(C://Users//Admin//Desktop//PKS//Automation Reference Point//KatalonReference.txt): null

2018-11-27 16:23:51 - [TEST_STEP][PASSED] - Statement - bufferread = new java.io.BufferedReader(new java.io.FileReader(RefNo)): null

2018-11-27 16:23:51 - [TEST_STEP][PASSED] - Statement - readedVal = bufferread.readLine(): null

2018-11-27 16:23:51 - [TEST_STEP][PASSED] - Statement - out.println(CaseReferenceNo): null

2018-11-27 16:23:51 - [TEST_STEP][PASSED] - Statement - out.println(readedVal): null

2018-11-27 16:23:51 - [TEST_STEP][PASSED] - Statement - CaseReferenceNo = "": null

2018-11-27 16:23:51 - [TEST_STEP][PASSED] - Statement - CaseReferenceNo = readedVal: null

2018-11-27 16:23:51 - [MESSAGE][PASSED] - Call Test Case 'Test Cases/Final Aug 2018 - PKS Automation/Common/Reference Number Getter' successfully

2018-11-27 16:23:51 - [TEST_STEP][PASSED] - setText: Text 'CAN11201800002201' is set on object 'Object Repository/Final Object Repo/WorkFlow Listing Page/Ref No Set Text'

2018-11-27 16:23:52 - [MESSAGE][PASSED] - Text 'CAN11201800002201' is set on object 'Object Repository/Final Object Repo/WorkFlow Listing Page/Ref No Set Text'

2018-11-27 16:23:52 - [TEST_STEP][PASSED] - delay: Delayed 2 second(s)

2018-11-27 16:23:54 - [MESSAGE][PASSED] - Delayed 2 second(s)

2018-11-27 16:23:54 - [TEST_STEP][PASSED] - click: Object: 'Object Repository/Final Object Repo/WorkFlow Listing Page/Search Ref No Search Button' is clicked on

2018-11-27 16:23:54 - [MESSAGE][PASSED] - Object: 'Object Repository/Final Object Repo/WorkFlow Listing Page/Search Ref No Search Button' is clicked on

2018-11-27 16:23:54 - [TEST_STEP][PASSED] - delay: Delayed 4 second(s)

2018-11-27 16:23:58 - [MESSAGE][PASSED] - Delayed 4 second(s)

2018-11-27 16:23:58 - [TEST_STEP][PASSED] - click: Object: 'Object Repository/Final Object Repo/WorkFlow Listing Page/Click Continue Tooltip' is clicked on

2018-11-27 16:23:59 - [MESSAGE][PASSED] - Object: 'Object Repository/Final Object Repo/WorkFlow Listing Page/Click Continue Tooltip' is clicked on

2018-11-27 16:23:59 - [TEST_STEP][PASSED] - delay: Delayed 5 second(s)

2018-11-27 16:24:04 - [MESSAGE][PASSED] - Delayed 5 second(s)

2018-11-27 16:24:04 - [TEST_STEP][PASSED] - doubleClick: Object: 'Object Repository/Final Object Repo/WorkFlow Listing Page/Workflow Found - Listing 1' is double clicked on

2018-11-27 16:24:04 - [MESSAGE][PASSED] - Object: 'Object Repository/Final Object Repo/WorkFlow Listing Page/Workflow Found - Listing 1' is double clicked on

2018-11-27 16:24:04 - [TEST_STEP][PASSED] - Statement - println(OwnerID): null

2018-11-27 16:24:04 - [TEST_STEP][PASSED] - Statement - OwnerID = com.kms.katalon.core.webui.keyword.WebUiBuiltInKeywords.getText(com.kms.katalon.core.testobject.ObjectRepository.findTestObject(Final Object Repo/WorkFlow Listing Page/Workflow Found - Listing 1), STOP_ON_FAILURE): Text of object 'Object Repository/Final Object Repo/WorkFlow Listing Page/Workflow Found - Listing 1' is: 'KLpkrbo1'

2018-11-27 16:24:04 - [MESSAGE][PASSED] - Text of object 'Object Repository/Final Object Repo/WorkFlow Listing Page/Workflow Found - Listing 1' is: 'KLpkrbo1'

2018-11-27 16:24:04 - [TEST_STEP][PASSED] - Statement - OwnerID = OwnerID.toLowerCase() + "@gmail.com": null

2018-11-27 16:24:04 - [TEST_STEP][PASSED] - Statement - println(OwnerID): null

2018-11-27 16:24:04 - [TEST_STEP][PASSED] - delay: Delayed 2 second(s)

2018-11-27 16:24:06 - [MESSAGE][PASSED] - Delayed 2 second(s)

2018-11-27 16:24:06 - [MESSAGE][FAILED] - Unable to call Test Case with id 'Test Cases/Final Aug 2018 - PKS Automation/Common/Workflow Owner Finder' (Root cause: Call Test Case 'Test Cases/Final Aug 2018 - PKS Automation/Common/Workflow Owner Finder' failed)]]></system-out>
         <system-err><![CDATA[2018-11-27 16:12:37 - [TEST_CASE][FAILED] - Test Cases/Final Aug 2018 - PKS Automation/Registration Module/Workflow/Update Add New Employee/Special Case (OTC - PKR BO -  RO Approve): Test Cases/Final Aug 2018 - PKS Automation/Registration Module/Workflow/Update Add New Employee/Special Case (OTC - PKR BO -  RO Approve) FAILED because (of) (Stack trace: com.kms.katalon.core.exception.StepFailedException: Unable to click on object 'Object Repository/Final Object Repo/Landing Page/Select to English' (Root cause: com.kms.katalon.core.webui.exception.WebElementNotFoundException: Web element with id: 'Object Repository/Final Object Repo/Landing Page/Select to English' located by 'By.xpath: //a[@class = 'taglib-language-list-text' and @lang = 'en-US' and (contains(text(), 'EN') or contains(., 'EN'))]' not found)
	at com.kms.katalon.core.keyword.internal.KeywordMain.stepFailed(KeywordMain.groovy:32)
	at com.kms.katalon.core.webui.keyword.internal.WebUIKeywordMain.stepFailed(WebUIKeywordMain.groovy:65)
	at com.kms.katalon.core.webui.keyword.internal.WebUIKeywordMain.runKeyword(WebUIKeywordMain.groovy:27)
	at com.kms.katalon.core.webui.keyword.builtin.ClickKeyword.click(ClickKeyword.groovy:86)
	at com.kms.katalon.core.webui.keyword.builtin.ClickKeyword.execute(ClickKeyword.groovy:67)
	at com.kms.katalon.core.keyword.internal.KeywordExecutor.executeKeywordForPlatform(KeywordExecutor.groovy:53)
	at com.kms.katalon.core.webui.keyword.WebUiBuiltInKeywords.click(WebUiBuiltInKeywords.groovy:604)
	at com.kms.katalon.core.webui.keyword.WebUiBuiltInKeywords$click$6.call(Unknown Source)
	at Script1534407542420.run(Script1534407542420.groovy:57)
	at com.kms.katalon.core.main.ScriptEngine.run(ScriptEngine.java:183)
	at com.kms.katalon.core.main.ScriptEngine.runScriptAsRawText(ScriptEngine.java:108)
	at com.kms.katalon.core.main.TestCaseExecutor.runScript(TestCaseExecutor.java:294)
	at com.kms.katalon.core.main.TestCaseExecutor.doExecute(TestCaseExecutor.java:285)
	at com.kms.katalon.core.main.TestCaseExecutor.processExecutionPhase(TestCaseExecutor.java:264)
	at com.kms.katalon.core.main.TestCaseExecutor.accessMainPhase(TestCaseExecutor.java:256)
	at com.kms.katalon.core.main.TestCaseExecutor.execute(TestCaseExecutor.java:200)
	at com.kms.katalon.core.main.TestCaseMain.runTestCase(TestCaseMain.java:99)
	at com.kms.katalon.core.keyword.builtin.CallTestCaseKeyword$_callTestCase_closure1.doCall(CallTestCaseKeyword.groovy:60)
	at com.kms.katalon.core.keyword.builtin.CallTestCaseKeyword$_callTestCase_closure1.call(CallTestCaseKeyword.groovy)
	at com.kms.katalon.core.keyword.internal.KeywordMain.runKeyword(KeywordMain.groovy:54)
	at com.kms.katalon.core.keyword.builtin.CallTestCaseKeyword.callTestCase(CallTestCaseKeyword.groovy:81)
	at com.kms.katalon.core.keyword.builtin.CallTestCaseKeyword.execute(CallTestCaseKeyword.groovy:45)
	at com.kms.katalon.core.keyword.internal.KeywordExecutor.executeKeywordForPlatform(KeywordExecutor.groovy:53)
	at com.kms.katalon.core.keyword.BuiltinKeywords.callTestCase(BuiltinKeywords.groovy:334)
	at sun.reflect.GeneratedMethodAccessor13.invoke(Unknown Source)
	at sun.reflect.DelegatingMethodAccessorImpl.invoke(DelegatingMethodAccessorImpl.java:43)
	at java.lang.reflect.Method.invoke(Method.java:498)
	at org.codehaus.groovy.reflection.CachedMethod.invoke(CachedMethod.java:93)
	at groovy.lang.MetaMethod.doMethodInvoke(MetaMethod.java:325)
	at groovy.lang.MetaClassImpl.invokeStaticMethod(MetaClassImpl.java:1469)
	at org.codehaus.groovy.runtime.callsite.StaticMetaClassSite.call(StaticMetaClassSite.java:53)
	at org.codehaus.groovy.runtime.callsite.CallSiteArray.defaultCall(CallSiteArray.java:48)
	at org.codehaus.groovy.runtime.callsite.AbstractCallSite.call(AbstractCallSite.java:113)
	at org.codehaus.groovy.runtime.callsite.AbstractCallSite.call(AbstractCallSite.java:141)
	at Script1536290785236.run(Script1536290785236.groovy:125)
	at com.kms.katalon.core.main.ScriptEngine.run(ScriptEngine.java:183)
	at com.kms.katalon.core.main.ScriptEngine.runScriptAsRawText(ScriptEngine.java:108)
	at com.kms.katalon.core.main.TestCaseExecutor.runScript(TestCaseExecutor.java:294)
	at com.kms.katalon.core.main.TestCaseExecutor.doExecute(TestCaseExecutor.java:285)
	at com.kms.katalon.core.main.TestCaseExecutor.processExecutionPhase(TestCaseExecutor.java:264)
	at com.kms.katalon.core.main.TestCaseExecutor.accessMainPhase(TestCaseExecutor.java:256)
	at com.kms.katalon.core.main.TestCaseExecutor.execute(TestCaseExecutor.java:200)
	at com.kms.katalon.core.main.TestSuiteExecutor.accessTestCaseMainPhase(TestSuiteExecutor.java:129)
	at com.kms.katalon.core.main.TestSuiteExecutor.accessTestSuiteMainPhase(TestSuiteExecutor.java:112)
	at com.kms.katalon.core.main.TestSuiteExecutor.execute(TestSuiteExecutor.java:81)
	at com.kms.katalon.core.main.TestCaseMain.startTestSuite(TestCaseMain.java:142)
	at com.kms.katalon.core.main.TestCaseMain$startTestSuite$0.call(Unknown Source)
	at org.codehaus.groovy.runtime.callsite.CallSiteArray.defaultCall(CallSiteArray.java:48)
	at org.codehaus.groovy.runtime.callsite.AbstractCallSite.call(AbstractCallSite.java:113)
	at org.codehaus.groovy.runtime.callsite.AbstractCallSite.call(AbstractCallSite.java:141)
	at TempTestSuite1543287057153.run(TempTestSuite1543287057153.groovy:36)
	at groovy.lang.GroovyShell.runScriptOrMainOrTestOrRunnable(GroovyShell.java:263)
	at groovy.lang.GroovyShell.run(GroovyShell.java:518)
	at groovy.lang.GroovyShell.run(GroovyShell.java:507)
	at groovy.ui.GroovyMain.processOnce(GroovyMain.java:653)
	at groovy.ui.GroovyMain.run(GroovyMain.java:384)
	at groovy.ui.GroovyMain.process(GroovyMain.java:370)
	at groovy.ui.GroovyMain.processArgs(GroovyMain.java:129)
	at groovy.ui.GroovyMain.main(GroovyMain.java:109)
	at sun.reflect.NativeMethodAccessorImpl.invoke0(Native Method)
	at sun.reflect.NativeMethodAccessorImpl.invoke(NativeMethodAccessorImpl.java:62)
	at sun.reflect.DelegatingMethodAccessorImpl.invoke(DelegatingMethodAccessorImpl.java:43)
	at java.lang.reflect.Method.invoke(Method.java:498)
	at org.codehaus.groovy.tools.GroovyStarter.rootLoader(GroovyStarter.java:109)
	at org.codehaus.groovy.tools.GroovyStarter.main(GroovyStarter.java:131)
)]]></system-err>
      </testcase>
      <testcase name="Test Cases/Final Aug 2018 - PKS Automation/Registration Module/Workflow/Update Add New Employee/Special Case (OTC - PKR BO -  RO Under Enforcement)" classname="Test Cases/Final Aug 2018 - PKS Automation/Registration Module/Workflow/Update Add New Employee/Special Case (OTC - PKR BO -  RO Under Enforcement)" status="FAILED">
         <failure type="FAILED" message="(Stack trace: com.kms.katalon.core.exception.StepFailedException: Unable to click on object 'Object Repository/Final Object Repo/Landing Page/Select to English' (Root cause: com.kms.katalon.core.webui.exception.WebElementNotFoundException: Web element with id: 'Object Repository/Final Object Repo/Landing Page/Select to English' located by 'By.xpath: //a[@class = 'taglib-language-list-text' and @lang = 'en-US' and (contains(text(), 'EN') or contains(., 'EN'))]' not found)
	at com.kms.katalon.core.keyword.internal.KeywordMain.stepFailed(KeywordMain.groovy:32)
	at com.kms.katalon.core.webui.keyword.internal.WebUIKeywordMain.stepFailed(WebUIKeywordMain.groovy:65)
	at com.kms.katalon.core.webui.keyword.internal.WebUIKeywordMain.runKeyword(WebUIKeywordMain.groovy:27)
	at com.kms.katalon.core.webui.keyword.builtin.ClickKeyword.click(ClickKeyword.groovy:86)
	at com.kms.katalon.core.webui.keyword.builtin.ClickKeyword.execute(ClickKeyword.groovy:67)
	at com.kms.katalon.core.keyword.internal.KeywordExecutor.executeKeywordForPlatform(KeywordExecutor.groovy:53)
	at com.kms.katalon.core.webui.keyword.WebUiBuiltInKeywords.click(WebUiBuiltInKeywords.groovy:604)
	at com.kms.katalon.core.webui.keyword.WebUiBuiltInKeywords$click$6.call(Unknown Source)
	at Script1534407542420.run(Script1534407542420.groovy:57)
	at com.kms.katalon.core.main.ScriptEngine.run(ScriptEngine.java:183)
	at com.kms.katalon.core.main.ScriptEngine.runScriptAsRawText(ScriptEngine.java:108)
	at com.kms.katalon.core.main.TestCaseExecutor.runScript(TestCaseExecutor.java:294)
	at com.kms.katalon.core.main.TestCaseExecutor.doExecute(TestCaseExecutor.java:285)
	at com.kms.katalon.core.main.TestCaseExecutor.processExecutionPhase(TestCaseExecutor.java:264)
	at com.kms.katalon.core.main.TestCaseExecutor.accessMainPhase(TestCaseExecutor.java:256)
	at com.kms.katalon.core.main.TestCaseExecutor.execute(TestCaseExecutor.java:200)
	at com.kms.katalon.core.main.TestCaseMain.runTestCase(TestCaseMain.java:99)
	at com.kms.katalon.core.keyword.builtin.CallTestCaseKeyword$_callTestCase_closure1.doCall(CallTestCaseKeyword.groovy:60)
	at com.kms.katalon.core.keyword.builtin.CallTestCaseKeyword$_callTestCase_closure1.call(CallTestCaseKeyword.groovy)
	at com.kms.katalon.core.keyword.internal.KeywordMain.runKeyword(KeywordMain.groovy:54)
	at com.kms.katalon.core.keyword.builtin.CallTestCaseKeyword.callTestCase(CallTestCaseKeyword.groovy:81)
	at com.kms.katalon.core.keyword.builtin.CallTestCaseKeyword.execute(CallTestCaseKeyword.groovy:45)
	at com.kms.katalon.core.keyword.internal.KeywordExecutor.executeKeywordForPlatform(KeywordExecutor.groovy:53)
	at com.kms.katalon.core.keyword.BuiltinKeywords.callTestCase(BuiltinKeywords.groovy:334)
	at sun.reflect.GeneratedMethodAccessor13.invoke(Unknown Source)
	at sun.reflect.DelegatingMethodAccessorImpl.invoke(DelegatingMethodAccessorImpl.java:43)
	at java.lang.reflect.Method.invoke(Method.java:498)
	at org.codehaus.groovy.reflection.CachedMethod.invoke(CachedMethod.java:93)
	at groovy.lang.MetaMethod.doMethodInvoke(MetaMethod.java:325)
	at groovy.lang.MetaClassImpl.invokeStaticMethod(MetaClassImpl.java:1469)
	at org.codehaus.groovy.runtime.callsite.StaticMetaClassSite.call(StaticMetaClassSite.java:53)
	at org.codehaus.groovy.runtime.callsite.CallSiteArray.defaultCall(CallSiteArray.java:48)
	at org.codehaus.groovy.runtime.callsite.AbstractCallSite.call(AbstractCallSite.java:113)
	at org.codehaus.groovy.runtime.callsite.AbstractCallSite.call(AbstractCallSite.java:141)
	at Script1536307034674.run(Script1536307034674.groovy:125)
	at com.kms.katalon.core.main.ScriptEngine.run(ScriptEngine.java:183)
	at com.kms.katalon.core.main.ScriptEngine.runScriptAsRawText(ScriptEngine.java:108)
	at com.kms.katalon.core.main.TestCaseExecutor.runScript(TestCaseExecutor.java:294)
	at com.kms.katalon.core.main.TestCaseExecutor.doExecute(TestCaseExecutor.java:285)
	at com.kms.katalon.core.main.TestCaseExecutor.processExecutionPhase(TestCaseExecutor.java:264)
	at com.kms.katalon.core.main.TestCaseExecutor.accessMainPhase(TestCaseExecutor.java:256)
	at com.kms.katalon.core.main.TestCaseExecutor.execute(TestCaseExecutor.java:200)
	at com.kms.katalon.core.main.TestSuiteExecutor.accessTestCaseMainPhase(TestSuiteExecutor.java:129)
	at com.kms.katalon.core.main.TestSuiteExecutor.accessTestSuiteMainPhase(TestSuiteExecutor.java:112)
	at com.kms.katalon.core.main.TestSuiteExecutor.execute(TestSuiteExecutor.java:81)
	at com.kms.katalon.core.main.TestCaseMain.startTestSuite(TestCaseMain.java:142)
	at com.kms.katalon.core.main.TestCaseMain$startTestSuite$0.call(Unknown Source)
	at org.codehaus.groovy.runtime.callsite.CallSiteArray.defaultCall(CallSiteArray.java:48)
	at org.codehaus.groovy.runtime.callsite.AbstractCallSite.call(AbstractCallSite.java:113)
	at org.codehaus.groovy.runtime.callsite.AbstractCallSite.call(AbstractCallSite.java:141)
	at TempTestSuite1543287057153.run(TempTestSuite1543287057153.groovy:36)
	at groovy.lang.GroovyShell.runScriptOrMainOrTestOrRunnable(GroovyShell.java:263)
	at groovy.lang.GroovyShell.run(GroovyShell.java:518)
	at groovy.lang.GroovyShell.run(GroovyShell.java:507)
	at groovy.ui.GroovyMain.processOnce(GroovyMain.java:653)
	at groovy.ui.GroovyMain.run(GroovyMain.java:384)
	at groovy.ui.GroovyMain.process(GroovyMain.java:370)
	at groovy.ui.GroovyMain.processArgs(GroovyMain.java:129)
	at groovy.ui.GroovyMain.main(GroovyMain.java:109)
	at sun.reflect.NativeMethodAccessorImpl.invoke0(Native Method)
	at sun.reflect.NativeMethodAccessorImpl.invoke(NativeMethodAccessorImpl.java:62)
	at sun.reflect.DelegatingMethodAccessorImpl.invoke(DelegatingMethodAccessorImpl.java:43)
	at java.lang.reflect.Method.invoke(Method.java:498)
	at org.codehaus.groovy.tools.GroovyStarter.rootLoader(GroovyStarter.java:109)
	at org.codehaus.groovy.tools.GroovyStarter.main(GroovyStarter.java:131)
)"/>
         <system-out><![CDATA[2018-11-27 16:24:06 - [TEST_CASE][FAILED] - Test Cases/Final Aug 2018 - PKS Automation/Registration Module/Workflow/Update Add New Employee/Special Case (OTC - PKR BO -  RO Under Enforcement): Test Cases/Final Aug 2018 - PKS Automation/Registration Module/Workflow/Update Add New Employee/Special Case (OTC - PKR BO -  RO Under Enforcement) FAILED because (of) (Stack trace: com.kms.katalon.core.exception.StepFailedException: Unable to click on object 'Object Repository/Final Object Repo/Landing Page/Select to English' (Root cause: com.kms.katalon.core.webui.exception.WebElementNotFoundException: Web element with id: 'Object Repository/Final Object Repo/Landing Page/Select to English' located by 'By.xpath: //a[@class = 'taglib-language-list-text' and @lang = 'en-US' and (contains(text(), 'EN') or contains(., 'EN'))]' not found)
	at com.kms.katalon.core.keyword.internal.KeywordMain.stepFailed(KeywordMain.groovy:32)
	at com.kms.katalon.core.webui.keyword.internal.WebUIKeywordMain.stepFailed(WebUIKeywordMain.groovy:65)
	at com.kms.katalon.core.webui.keyword.internal.WebUIKeywordMain.runKeyword(WebUIKeywordMain.groovy:27)
	at com.kms.katalon.core.webui.keyword.builtin.ClickKeyword.click(ClickKeyword.groovy:86)
	at com.kms.katalon.core.webui.keyword.builtin.ClickKeyword.execute(ClickKeyword.groovy:67)
	at com.kms.katalon.core.keyword.internal.KeywordExecutor.executeKeywordForPlatform(KeywordExecutor.groovy:53)
	at com.kms.katalon.core.webui.keyword.WebUiBuiltInKeywords.click(WebUiBuiltInKeywords.groovy:604)
	at com.kms.katalon.core.webui.keyword.WebUiBuiltInKeywords$click$6.call(Unknown Source)
	at Script1534407542420.run(Script1534407542420.groovy:57)
	at com.kms.katalon.core.main.ScriptEngine.run(ScriptEngine.java:183)
	at com.kms.katalon.core.main.ScriptEngine.runScriptAsRawText(ScriptEngine.java:108)
	at com.kms.katalon.core.main.TestCaseExecutor.runScript(TestCaseExecutor.java:294)
	at com.kms.katalon.core.main.TestCaseExecutor.doExecute(TestCaseExecutor.java:285)
	at com.kms.katalon.core.main.TestCaseExecutor.processExecutionPhase(TestCaseExecutor.java:264)
	at com.kms.katalon.core.main.TestCaseExecutor.accessMainPhase(TestCaseExecutor.java:256)
	at com.kms.katalon.core.main.TestCaseExecutor.execute(TestCaseExecutor.java:200)
	at com.kms.katalon.core.main.TestCaseMain.runTestCase(TestCaseMain.java:99)
	at com.kms.katalon.core.keyword.builtin.CallTestCaseKeyword$_callTestCase_closure1.doCall(CallTestCaseKeyword.groovy:60)
	at com.kms.katalon.core.keyword.builtin.CallTestCaseKeyword$_callTestCase_closure1.call(CallTestCaseKeyword.groovy)
	at com.kms.katalon.core.keyword.internal.KeywordMain.runKeyword(KeywordMain.groovy:54)
	at com.kms.katalon.core.keyword.builtin.CallTestCaseKeyword.callTestCase(CallTestCaseKeyword.groovy:81)
	at com.kms.katalon.core.keyword.builtin.CallTestCaseKeyword.execute(CallTestCaseKeyword.groovy:45)
	at com.kms.katalon.core.keyword.internal.KeywordExecutor.executeKeywordForPlatform(KeywordExecutor.groovy:53)
	at com.kms.katalon.core.keyword.BuiltinKeywords.callTestCase(BuiltinKeywords.groovy:334)
	at sun.reflect.GeneratedMethodAccessor13.invoke(Unknown Source)
	at sun.reflect.DelegatingMethodAccessorImpl.invoke(DelegatingMethodAccessorImpl.java:43)
	at java.lang.reflect.Method.invoke(Method.java:498)
	at org.codehaus.groovy.reflection.CachedMethod.invoke(CachedMethod.java:93)
	at groovy.lang.MetaMethod.doMethodInvoke(MetaMethod.java:325)
	at groovy.lang.MetaClassImpl.invokeStaticMethod(MetaClassImpl.java:1469)
	at org.codehaus.groovy.runtime.callsite.StaticMetaClassSite.call(StaticMetaClassSite.java:53)
	at org.codehaus.groovy.runtime.callsite.CallSiteArray.defaultCall(CallSiteArray.java:48)
	at org.codehaus.groovy.runtime.callsite.AbstractCallSite.call(AbstractCallSite.java:113)
	at org.codehaus.groovy.runtime.callsite.AbstractCallSite.call(AbstractCallSite.java:141)
	at Script1536307034674.run(Script1536307034674.groovy:125)
	at com.kms.katalon.core.main.ScriptEngine.run(ScriptEngine.java:183)
	at com.kms.katalon.core.main.ScriptEngine.runScriptAsRawText(ScriptEngine.java:108)
	at com.kms.katalon.core.main.TestCaseExecutor.runScript(TestCaseExecutor.java:294)
	at com.kms.katalon.core.main.TestCaseExecutor.doExecute(TestCaseExecutor.java:285)
	at com.kms.katalon.core.main.TestCaseExecutor.processExecutionPhase(TestCaseExecutor.java:264)
	at com.kms.katalon.core.main.TestCaseExecutor.accessMainPhase(TestCaseExecutor.java:256)
	at com.kms.katalon.core.main.TestCaseExecutor.execute(TestCaseExecutor.java:200)
	at com.kms.katalon.core.main.TestSuiteExecutor.accessTestCaseMainPhase(TestSuiteExecutor.java:129)
	at com.kms.katalon.core.main.TestSuiteExecutor.accessTestSuiteMainPhase(TestSuiteExecutor.java:112)
	at com.kms.katalon.core.main.TestSuiteExecutor.execute(TestSuiteExecutor.java:81)
	at com.kms.katalon.core.main.TestCaseMain.startTestSuite(TestCaseMain.java:142)
	at com.kms.katalon.core.main.TestCaseMain$startTestSuite$0.call(Unknown Source)
	at org.codehaus.groovy.runtime.callsite.CallSiteArray.defaultCall(CallSiteArray.java:48)
	at org.codehaus.groovy.runtime.callsite.AbstractCallSite.call(AbstractCallSite.java:113)
	at org.codehaus.groovy.runtime.callsite.AbstractCallSite.call(AbstractCallSite.java:141)
	at TempTestSuite1543287057153.run(TempTestSuite1543287057153.groovy:36)
	at groovy.lang.GroovyShell.runScriptOrMainOrTestOrRunnable(GroovyShell.java:263)
	at groovy.lang.GroovyShell.run(GroovyShell.java:518)
	at groovy.lang.GroovyShell.run(GroovyShell.java:507)
	at groovy.ui.GroovyMain.processOnce(GroovyMain.java:653)
	at groovy.ui.GroovyMain.run(GroovyMain.java:384)
	at groovy.ui.GroovyMain.process(GroovyMain.java:370)
	at groovy.ui.GroovyMain.processArgs(GroovyMain.java:129)
	at groovy.ui.GroovyMain.main(GroovyMain.java:109)
	at sun.reflect.NativeMethodAccessorImpl.invoke0(Native Method)
	at sun.reflect.NativeMethodAccessorImpl.invoke(NativeMethodAccessorImpl.java:62)
	at sun.reflect.DelegatingMethodAccessorImpl.invoke(DelegatingMethodAccessorImpl.java:43)
	at java.lang.reflect.Method.invoke(Method.java:498)
	at org.codehaus.groovy.tools.GroovyStarter.rootLoader(GroovyStarter.java:109)
	at org.codehaus.groovy.tools.GroovyStarter.main(GroovyStarter.java:131)
)

2018-11-27 16:24:07 - [TEST_STEP][PASSED] - callTestCase: Call Test Case 'Test Cases/Final Aug 2018 - PKS Automation/Registration Module/Workflow/Update Add New Employee/Template/New Company for Update Add New' successfully

2018-11-27 16:24:07 - [TEST_CASE][PASSED] - Test Cases/Final Aug 2018 - PKS Automation/Registration Module/Workflow/Update Add New Employee/Template/New Company for Update Add New: Test Cases/Final Aug 2018 - PKS Automation/Registration Module/Workflow/Update Add New Employee/Template/New Company for Update Add New

2018-11-27 16:24:07 - [TEST_STEP][PASSED] - callTestCase: Call Test Case 'Test Cases/Final Aug 2018 - PKS Automation/Registration Module/New Registration/Form 1/Form 1 - Corporation - BHD' successfully

2018-11-27 16:24:07 - [TEST_CASE][PASSED] - Test Cases/Final Aug 2018 - PKS Automation/Registration Module/New Registration/Form 1/Form 1 - Corporation - BHD: Test Cases/Final Aug 2018 - PKS Automation/Registration Module/New Registration/Form 1/Form 1 - Corporation - BHD

2018-11-27 16:24:07 - [TEST_STEP][PASSED] - openBrowser: Browser is opened with url: ''

2018-11-27 16:24:07 - [MESSAGE][WARNING] - A browser is already opened. Closing browser and opening a new one

2018-11-27 16:24:11 - [MESSAGE][PASSED] - Browser is opened with url: ''

2018-11-27 16:24:11 - [TEST_STEP][PASSED] - navigateToUrl: Navigate to 'https://assist2-uat.perkeso.gov.my/login' successfully

2018-11-27 16:24:12 - [MESSAGE][PASSED] - Navigate to 'https://assist2-uat.perkeso.gov.my/login' successfully

2018-11-27 16:24:12 - [TEST_STEP][PASSED] - setText: Text 'johorotc1@gmail.com' is set on object 'Object Repository/Final Object Repo/Login Page/Internal User/Email Address'

2018-11-27 16:24:13 - [MESSAGE][PASSED] - Text 'johorotc1@gmail.com' is set on object 'Object Repository/Final Object Repo/Login Page/Internal User/Email Address'

2018-11-27 16:24:13 - [TEST_STEP][PASSED] - click: Object: 'Object Repository/Final Object Repo/Login Page/Internal User/Next Button' is clicked on

2018-11-27 16:24:13 - [MESSAGE][PASSED] - Object: 'Object Repository/Final Object Repo/Login Page/Internal User/Next Button' is clicked on

2018-11-27 16:24:13 - [TEST_STEP][PASSED] - delay: Delayed 1 second(s)

2018-11-27 16:24:14 - [MESSAGE][PASSED] - Delayed 1 second(s)

2018-11-27 16:24:14 - [TEST_STEP][PASSED] - setEncryptedText: Text ****** has been set on object 'Object Repository/Final Object Repo/Login Page/Internal User/Password'

2018-11-27 16:24:15 - [MESSAGE][PASSED] - Text ****** has been set on object 'Object Repository/Final Object Repo/Login Page/Internal User/Password'

2018-11-27 16:24:15 - [TEST_STEP][PASSED] - click: Object: 'Object Repository/Final Object Repo/Login Page/Internal User/Login Button' is clicked on

2018-11-27 16:24:15 - [MESSAGE][PASSED] - Object: 'Object Repository/Final Object Repo/Login Page/Internal User/Login Button' is clicked on

2018-11-27 16:24:15 - [TEST_STEP][PASSED] - delay: Delayed 1 second(s)

2018-11-27 16:24:16 - [MESSAGE][PASSED] - Delayed 1 second(s)

2018-11-27 16:24:16 - [TEST_STEP][PASSED] - Statement - Try: Delayed 2 second(s)

2018-11-27 16:24:16 - [TEST_STEP][PASSED] - Statement - Checker = false: null

2018-11-27 16:24:16 - [TEST_STEP][PASSED] - Statement - Checker = com.kms.katalon.core.webui.keyword.WebUiBuiltInKeywords.verifyElementHasAttribute(com.kms.katalon.core.testobject.ObjectRepository.findTestObject(Final Object Repo/Landing Page/BM Detecting), "href", 20, OPTIONAL): Object 'Object Repository/Final Object Repo/Landing Page/BM Detecting' has attribute 'href'

2018-11-27 16:24:17 - [MESSAGE][PASSED] - Object 'Object Repository/Final Object Repo/Landing Page/BM Detecting' has attribute 'href'

2018-11-27 16:24:17 - [TEST_STEP][PASSED] - Statement - out.println(Checker): null

2018-11-27 16:24:17 - [TEST_STEP][PASSED] - Statement - If (Checker == false): null

2018-11-27 16:24:17 - [TEST_STEP][PASSED] - Statement - Else: null

2018-11-27 16:24:17 - [TEST_STEP][PASSED] - delay: Delayed 2 second(s)

2018-11-27 16:24:19 - [MESSAGE][PASSED] - Delayed 2 second(s)

2018-11-27 16:24:19 - [TEST_STEP][PASSED] - navigateToUrl: Navigate to 'https://assist2-uat.perkeso.gov.my/web/registration/registration' successfully

2018-11-27 16:24:21 - [MESSAGE][PASSED] - Navigate to 'https://assist2-uat.perkeso.gov.my/web/registration/registration' successfully

2018-11-27 16:24:21 - [TEST_STEP][PASSED] - click: Object: 'Object Repository/Final Object Repo/New Registration - Registration Module Pages/Form 1/AEC - No' is clicked on

2018-11-27 16:24:21 - [MESSAGE][PASSED] - Object: 'Object Repository/Final Object Repo/New Registration - Registration Module Pages/Form 1/AEC - No' is clicked on

2018-11-27 16:24:21 - [TEST_STEP][PASSED] - click: Object: 'Object Repository/Final Object Repo/New Registration - Registration Module Pages/Form 1/Business Entity' is clicked on

2018-11-27 16:24:21 - [MESSAGE][PASSED] - Object: 'Object Repository/Final Object Repo/New Registration - Registration Module Pages/Form 1/Business Entity' is clicked on

2018-11-27 16:24:21 - [TEST_STEP][PASSED] - click: Object: 'Object Repository/Final Object Repo/New Registration - Registration Module Pages/Form 1/Businees Entity - Corporation' is clicked on

2018-11-27 16:24:21 - [MESSAGE][PASSED] - Object: 'Object Repository/Final Object Repo/New Registration - Registration Module Pages/Form 1/Businees Entity - Corporation' is clicked on

2018-11-27 16:24:21 - [TEST_STEP][PASSED] - delay: Delayed 1 second(s)

2018-11-27 16:24:22 - [MESSAGE][PASSED] - Delayed 1 second(s)

2018-11-27 16:24:22 - [TEST_STEP][PASSED] - click: Object: 'Object Repository/Final Object Repo/New Registration - Registration Module Pages/Form 1/Sub Business Entity' is clicked on

2018-11-27 16:24:22 - [MESSAGE][PASSED] - Object: 'Object Repository/Final Object Repo/New Registration - Registration Module Pages/Form 1/Sub Business Entity' is clicked on

2018-11-27 16:24:22 - [TEST_STEP][PASSED] - click: Object: 'Object Repository/Final Object Repo/New Registration - Registration Module Pages/Form 1/Sub Business Entity - Berhad' is clicked on

2018-11-27 16:24:23 - [MESSAGE][PASSED] - Object: 'Object Repository/Final Object Repo/New Registration - Registration Module Pages/Form 1/Sub Business Entity - Berhad' is clicked on

2018-11-27 16:24:23 - [TEST_STEP][PASSED] - delay: Delayed 1 second(s)

2018-11-27 16:24:24 - [MESSAGE][PASSED] - Delayed 1 second(s)

2018-11-27 16:24:24 - [TEST_STEP][PASSED] - setText: Text '123' is set on object 'Object Repository/Final Object Repo/New Registration - Registration Module Pages/Form 1/Registration Number'

2018-11-27 16:24:24 - [MESSAGE][PASSED] - Text '123' is set on object 'Object Repository/Final Object Repo/New Registration - Registration Module Pages/Form 1/Registration Number'

2018-11-27 16:24:24 - [TEST_STEP][PASSED] - click: Object: 'Object Repository/Final Object Repo/New Registration - Registration Module Pages/Form 1/Registred with SSM - Before Feb' is clicked on

2018-11-27 16:24:24 - [MESSAGE][PASSED] - Object: 'Object Repository/Final Object Repo/New Registration - Registration Module Pages/Form 1/Registred with SSM - Before Feb' is clicked on

2018-11-27 16:24:24 - [TEST_STEP][PASSED] - click: Object: 'Object Repository/Final Object Repo/New Registration - Registration Module Pages/Form 1/Registered As a Branch - Yes' is clicked on

2018-11-27 16:24:24 - [MESSAGE][PASSED] - Object: 'Object Repository/Final Object Repo/New Registration - Registration Module Pages/Form 1/Registered As a Branch - Yes' is clicked on

2018-11-27 16:24:24 - [TEST_STEP][PASSED] - click: Object: 'Object Repository/Final Object Repo/New Registration - Registration Module Pages/Form 1/Acknowledgement' is clicked on

2018-11-27 16:24:25 - [MESSAGE][PASSED] - Object: 'Object Repository/Final Object Repo/New Registration - Registration Module Pages/Form 1/Acknowledgement' is clicked on

2018-11-27 16:24:25 - [TEST_STEP][PASSED] - setText: Text 'perkeso' is set on object 'Object Repository/Final Object Repo/New Registration - Registration Module Pages/Form 1/Industry name'

2018-11-27 16:24:25 - [MESSAGE][PASSED] - Text 'perkeso' is set on object 'Object Repository/Final Object Repo/New Registration - Registration Module Pages/Form 1/Industry name'

2018-11-27 16:24:25 - [TEST_STEP][PASSED] - setText: Text 'perkeso1' is set on object 'Object Repository/Final Object Repo/New Registration - Registration Module Pages/Form 1/Postal Address1'

2018-11-27 16:24:25 - [MESSAGE][PASSED] - Text 'perkeso1' is set on object 'Object Repository/Final Object Repo/New Registration - Registration Module Pages/Form 1/Postal Address1'

2018-11-27 16:24:25 - [TEST_STEP][PASSED] - setText: Text 'perkeso2' is set on object 'Object Repository/Final Object Repo/New Registration - Registration Module Pages/Form 1/Postal Address2'

2018-11-27 16:24:26 - [MESSAGE][PASSED] - Text 'perkeso2' is set on object 'Object Repository/Final Object Repo/New Registration - Registration Module Pages/Form 1/Postal Address2'

2018-11-27 16:24:26 - [TEST_STEP][PASSED] - setText: Text 'perkeso3' is set on object 'Object Repository/Final Object Repo/New Registration - Registration Module Pages/Form 1/Postal Address3'

2018-11-27 16:24:26 - [MESSAGE][PASSED] - Text 'perkeso3' is set on object 'Object Repository/Final Object Repo/New Registration - Registration Module Pages/Form 1/Postal Address3'

2018-11-27 16:24:26 - [TEST_STEP][PASSED] - click: Object: 'Object Repository/Final Object Repo/New Registration - Registration Module Pages/Form 1/State' is clicked on

2018-11-27 16:24:26 - [MESSAGE][PASSED] - Object: 'Object Repository/Final Object Repo/New Registration - Registration Module Pages/Form 1/State' is clicked on

2018-11-27 16:24:26 - [TEST_STEP][PASSED] - click: Object: 'Object Repository/Final Object Repo/New Registration - Registration Module Pages/Form 1/State - Johor' is clicked on

2018-11-27 16:24:27 - [MESSAGE][PASSED] - Object: 'Object Repository/Final Object Repo/New Registration - Registration Module Pages/Form 1/State - Johor' is clicked on

2018-11-27 16:24:27 - [TEST_STEP][PASSED] - delay: Delayed 1 second(s)

2018-11-27 16:24:28 - [MESSAGE][PASSED] - Delayed 1 second(s)

2018-11-27 16:24:28 - [TEST_STEP][PASSED] - click: Object: 'Object Repository/Final Object Repo/New Registration - Registration Module Pages/Form 1/City' is clicked on

2018-11-27 16:24:28 - [MESSAGE][PASSED] - Object: 'Object Repository/Final Object Repo/New Registration - Registration Module Pages/Form 1/City' is clicked on

2018-11-27 16:24:28 - [TEST_STEP][PASSED] - setText: Text 'joh' is set on object 'Object Repository/Final Object Repo/New Registration - Registration Module Pages/Form 1/Postcode - 810'

2018-11-27 16:24:28 - [MESSAGE][PASSED] - Text 'joh' is set on object 'Object Repository/Final Object Repo/New Registration - Registration Module Pages/Form 1/Postcode - 810'

2018-11-27 16:24:28 - [TEST_STEP][PASSED] - delay: Delayed 1 second(s)

2018-11-27 16:24:29 - [MESSAGE][PASSED] - Delayed 1 second(s)

2018-11-27 16:24:29 - [TEST_STEP][PASSED] - click: Object: 'Object Repository/Final Object Repo/New Registration - Registration Module Pages/Form 1/City - Johor Bharu' is clicked on

2018-11-27 16:24:29 - [MESSAGE][PASSED] - Object: 'Object Repository/Final Object Repo/New Registration - Registration Module Pages/Form 1/City - Johor Bharu' is clicked on

2018-11-27 16:24:29 - [TEST_STEP][PASSED] - delay: Delayed 1 second(s)

2018-11-27 16:24:30 - [MESSAGE][PASSED] - Delayed 1 second(s)

2018-11-27 16:24:30 - [TEST_STEP][PASSED] - click: Object: 'Object Repository/Final Object Repo/New Registration - Registration Module Pages/Form 1/Postcode' is clicked on

2018-11-27 16:24:30 - [MESSAGE][PASSED] - Object: 'Object Repository/Final Object Repo/New Registration - Registration Module Pages/Form 1/Postcode' is clicked on

2018-11-27 16:24:30 - [TEST_STEP][PASSED] - delay: Delayed 1 second(s)

2018-11-27 16:24:31 - [MESSAGE][PASSED] - Delayed 1 second(s)

2018-11-27 16:24:31 - [TEST_STEP][PASSED] - setText: Text '810' is set on object 'Object Repository/Final Object Repo/New Registration - Registration Module Pages/Form 1/Postcode - 810'

2018-11-27 16:24:31 - [MESSAGE][PASSED] - Text '810' is set on object 'Object Repository/Final Object Repo/New Registration - Registration Module Pages/Form 1/Postcode - 810'

2018-11-27 16:24:31 - [TEST_STEP][PASSED] - delay: Delayed 3 second(s)

2018-11-27 16:24:34 - [MESSAGE][PASSED] - Delayed 3 second(s)

2018-11-27 16:24:34 - [TEST_STEP][PASSED] - click: Object: 'Object Repository/Final Object Repo/New Registration - Registration Module Pages/Form 1/Postcode - 81000' is clicked on

2018-11-27 16:24:35 - [MESSAGE][PASSED] - Object: 'Object Repository/Final Object Repo/New Registration - Registration Module Pages/Form 1/Postcode - 81000' is clicked on

2018-11-27 16:24:35 - [TEST_STEP][PASSED] - delay: Delayed 1 second(s)

2018-11-27 16:24:36 - [MESSAGE][PASSED] - Delayed 1 second(s)

2018-11-27 16:24:36 - [TEST_STEP][PASSED] - setText: Text '100' is set on object 'Object Repository/Final Object Repo/New Registration - Registration Module Pages/Form 1/P.O.BOX'

2018-11-27 16:24:36 - [MESSAGE][PASSED] - Text '100' is set on object 'Object Repository/Final Object Repo/New Registration - Registration Module Pages/Form 1/P.O.BOX'

2018-11-27 16:24:36 - [TEST_STEP][PASSED] - setText: Text '100' is set on object 'Object Repository/Final Object Repo/New Registration - Registration Module Pages/Form 1/Locked Bag No'

2018-11-27 16:24:36 - [MESSAGE][PASSED] - Text '100' is set on object 'Object Repository/Final Object Repo/New Registration - Registration Module Pages/Form 1/Locked Bag No'

2018-11-27 16:24:36 - [TEST_STEP][PASSED] - click: Object: 'Object Repository/Final Object Repo/New Registration - Registration Module Pages/Form 1/SOCSO Office Location' is clicked on

2018-11-27 16:24:36 - [MESSAGE][PASSED] - Object: 'Object Repository/Final Object Repo/New Registration - Registration Module Pages/Form 1/SOCSO Office Location' is clicked on

2018-11-27 16:24:36 - [TEST_STEP][PASSED] - click: Object: 'Object Repository/Final Object Repo/New Registration - Registration Module Pages/Form 1/SOCSO Office Location - Pejabat PERKESO Negeri Johor' is clicked on

2018-11-27 16:24:37 - [MESSAGE][PASSED] - Object: 'Object Repository/Final Object Repo/New Registration - Registration Module Pages/Form 1/SOCSO Office Location - Pejabat PERKESO Negeri Johor' is clicked on

2018-11-27 16:24:37 - [TEST_STEP][PASSED] - delay: Delayed 1 second(s)

2018-11-27 16:24:38 - [MESSAGE][PASSED] - Delayed 1 second(s)

2018-11-27 16:24:38 - [TEST_STEP][PASSED] - check: Object 'Object Repository/Final Object Repo/New Registration - Registration Module Pages/Form 1/Indusrty Address Same As Postal Address' is checked

2018-11-27 16:24:38 - [MESSAGE][PASSED] - Object 'Object Repository/Final Object Repo/New Registration - Registration Module Pages/Form 1/Indusrty Address Same As Postal Address' is checked

2018-11-27 16:24:38 - [TEST_STEP][PASSED] - delay: Delayed 3 second(s)

2018-11-27 16:24:41 - [MESSAGE][PASSED] - Delayed 3 second(s)

2018-11-27 16:24:41 - [TEST_STEP][PASSED] - click: Object: 'Object Repository/Final Object Repo/New Registration - Registration Module Pages/Form 1/Indusry Address Same As Postal Address False' is clicked on

2018-11-27 16:24:41 - [MESSAGE][PASSED] - Object: 'Object Repository/Final Object Repo/New Registration - Registration Module Pages/Form 1/Indusry Address Same As Postal Address False' is clicked on

2018-11-27 16:24:41 - [TEST_STEP][PASSED] - delay: Delayed 1 second(s)

2018-11-27 16:24:42 - [MESSAGE][PASSED] - Delayed 1 second(s)

2018-11-27 16:24:42 - [TEST_STEP][PASSED] - setText: Text 'perkeso1' is set on object 'Object Repository/Final Object Repo/New Registration - Registration Module Pages/Form 1/Industry Address1'

2018-11-27 16:24:43 - [MESSAGE][PASSED] - Text 'perkeso1' is set on object 'Object Repository/Final Object Repo/New Registration - Registration Module Pages/Form 1/Industry Address1'

2018-11-27 16:24:43 - [TEST_STEP][PASSED] - setText: Text 'perkeso2' is set on object 'Object Repository/Final Object Repo/New Registration - Registration Module Pages/Form 1/Industry Address2'

2018-11-27 16:24:43 - [MESSAGE][PASSED] - Text 'perkeso2' is set on object 'Object Repository/Final Object Repo/New Registration - Registration Module Pages/Form 1/Industry Address2'

2018-11-27 16:24:43 - [TEST_STEP][PASSED] - setText: Text 'perkeso3' is set on object 'Object Repository/Final Object Repo/New Registration - Registration Module Pages/Form 1/Industry Address3'

2018-11-27 16:24:43 - [MESSAGE][PASSED] - Text 'perkeso3' is set on object 'Object Repository/Final Object Repo/New Registration - Registration Module Pages/Form 1/Industry Address3'

2018-11-27 16:24:43 - [TEST_STEP][PASSED] - click: Object: 'Object Repository/Final Object Repo/New Registration - Registration Module Pages/Form 1/Industry State' is clicked on

2018-11-27 16:24:43 - [MESSAGE][PASSED] - Object: 'Object Repository/Final Object Repo/New Registration - Registration Module Pages/Form 1/Industry State' is clicked on

2018-11-27 16:24:43 - [TEST_STEP][PASSED] - delay: Delayed 2 second(s)

2018-11-27 16:24:45 - [MESSAGE][PASSED] - Delayed 2 second(s)

2018-11-27 16:24:45 - [TEST_STEP][PASSED] - click: Object: 'Object Repository/Final Object Repo/New Registration - Registration Module Pages/Form 1/Industry State - Johor' is clicked on

2018-11-27 16:24:46 - [MESSAGE][PASSED] - Object: 'Object Repository/Final Object Repo/New Registration - Registration Module Pages/Form 1/Industry State - Johor' is clicked on

2018-11-27 16:24:46 - [TEST_STEP][PASSED] - delay: Delayed 2 second(s)

2018-11-27 16:24:48 - [MESSAGE][PASSED] - Delayed 2 second(s)

2018-11-27 16:24:48 - [TEST_STEP][PASSED] - click: Object: 'Object Repository/Final Object Repo/New Registration - Registration Module Pages/Form 1/Industry Ciry' is clicked on

2018-11-27 16:24:48 - [MESSAGE][PASSED] - Object: 'Object Repository/Final Object Repo/New Registration - Registration Module Pages/Form 1/Industry Ciry' is clicked on

2018-11-27 16:24:48 - [TEST_STEP][PASSED] - setText: Text 'joh' is set on object 'Object Repository/Final Object Repo/New Registration - Registration Module Pages/Form 1/Industry Ciry - joh'

2018-11-27 16:24:48 - [MESSAGE][PASSED] - Text 'joh' is set on object 'Object Repository/Final Object Repo/New Registration - Registration Module Pages/Form 1/Industry Ciry - joh'

2018-11-27 16:24:48 - [TEST_STEP][PASSED] - delay: Delayed 2 second(s)

2018-11-27 16:24:50 - [MESSAGE][PASSED] - Delayed 2 second(s)

2018-11-27 16:24:50 - [TEST_STEP][PASSED] - click: Object: 'Object Repository/Final Object Repo/New Registration - Registration Module Pages/Form 1/Industy State - Johor Bharu' is clicked on

2018-11-27 16:24:50 - [MESSAGE][PASSED] - Object: 'Object Repository/Final Object Repo/New Registration - Registration Module Pages/Form 1/Industy State - Johor Bharu' is clicked on

2018-11-27 16:24:50 - [TEST_STEP][PASSED] - delay: Delayed 1 second(s)

2018-11-27 16:24:51 - [MESSAGE][PASSED] - Delayed 1 second(s)

2018-11-27 16:24:51 - [TEST_STEP][PASSED] - click: Object: 'Object Repository/Final Object Repo/New Registration - Registration Module Pages/Form 1/Indusry PostCode' is clicked on

2018-11-27 16:24:51 - [MESSAGE][PASSED] - Object: 'Object Repository/Final Object Repo/New Registration - Registration Module Pages/Form 1/Indusry PostCode' is clicked on

2018-11-27 16:24:51 - [TEST_STEP][PASSED] - delay: Delayed 1 second(s)

2018-11-27 16:24:52 - [MESSAGE][PASSED] - Delayed 1 second(s)

2018-11-27 16:24:52 - [TEST_STEP][PASSED] - setText: Text '810' is set on object 'Object Repository/Final Object Repo/New Registration - Registration Module Pages/Form 1/Insutry Post Code - 810'

2018-11-27 16:24:53 - [MESSAGE][PASSED] - Text '810' is set on object 'Object Repository/Final Object Repo/New Registration - Registration Module Pages/Form 1/Insutry Post Code - 810'

2018-11-27 16:24:53 - [TEST_STEP][PASSED] - delay: Delayed 1 second(s)

2018-11-27 16:24:54 - [MESSAGE][PASSED] - Delayed 1 second(s)

2018-11-27 16:24:54 - [TEST_STEP][PASSED] - click: Object: 'Object Repository/Final Object Repo/New Registration - Registration Module Pages/Form 1/Insutry Post Code - 81000' is clicked on

2018-11-27 16:24:54 - [MESSAGE][PASSED] - Object: 'Object Repository/Final Object Repo/New Registration - Registration Module Pages/Form 1/Insutry Post Code - 81000' is clicked on

2018-11-27 16:24:54 - [TEST_STEP][PASSED] - delay: Delayed 1 second(s)

2018-11-27 16:24:55 - [MESSAGE][PASSED] - Delayed 1 second(s)

2018-11-27 16:24:55 - [TEST_STEP][PASSED] - setText: Text '100' is set on object 'Object Repository/Final Object Repo/New Registration - Registration Module Pages/Form 1/Industry P.O.BOX'

2018-11-27 16:24:55 - [MESSAGE][PASSED] - Text '100' is set on object 'Object Repository/Final Object Repo/New Registration - Registration Module Pages/Form 1/Industry P.O.BOX'

2018-11-27 16:24:55 - [TEST_STEP][PASSED] - setText: Text '100' is set on object 'Object Repository/Final Object Repo/New Registration - Registration Module Pages/Form 1/Industry Locked Bag No'

2018-11-27 16:24:55 - [MESSAGE][PASSED] - Text '100' is set on object 'Object Repository/Final Object Repo/New Registration - Registration Module Pages/Form 1/Industry Locked Bag No'

2018-11-27 16:24:55 - [TEST_STEP][PASSED] - setText: Text '123456789' is set on object 'Object Repository/Final Object Repo/New Registration - Registration Module Pages/Form 1/Telephone No'

2018-11-27 16:24:56 - [MESSAGE][PASSED] - Text '123456789' is set on object 'Object Repository/Final Object Repo/New Registration - Registration Module Pages/Form 1/Telephone No'

2018-11-27 16:24:56 - [TEST_STEP][PASSED] - setText: Text '123456789' is set on object 'Object Repository/Final Object Repo/New Registration - Registration Module Pages/Form 1/Mobile No'

2018-11-27 16:24:56 - [MESSAGE][PASSED] - Text '123456789' is set on object 'Object Repository/Final Object Repo/New Registration - Registration Module Pages/Form 1/Mobile No'

2018-11-27 16:24:56 - [TEST_STEP][PASSED] - setText: Text '123456789' is set on object 'Object Repository/Final Object Repo/New Registration - Registration Module Pages/Form 1/Fax No'

2018-11-27 16:24:57 - [MESSAGE][PASSED] - Text '123456789' is set on object 'Object Repository/Final Object Repo/New Registration - Registration Module Pages/Form 1/Fax No'

2018-11-27 16:24:57 - [TEST_STEP][PASSED] - click: Object: 'Object Repository/Final Object Repo/New Registration - Registration Module Pages/Form 1/Industry Code' is clicked on

2018-11-27 16:24:57 - [MESSAGE][PASSED] - Object: 'Object Repository/Final Object Repo/New Registration - Registration Module Pages/Form 1/Industry Code' is clicked on

2018-11-27 16:24:57 - [TEST_STEP][PASSED] - click: Object: 'Object Repository/Final Object Repo/New Registration - Registration Module Pages/Form 1/Indudustry Code - Crops and Animal' is clicked on

2018-11-27 16:24:57 - [MESSAGE][PASSED] - Object: 'Object Repository/Final Object Repo/New Registration - Registration Module Pages/Form 1/Indudustry Code - Crops and Animal' is clicked on

2018-11-27 16:24:57 - [TEST_STEP][PASSED] - delay: Delayed 1 second(s)

2018-11-27 16:24:58 - [MESSAGE][PASSED] - Delayed 1 second(s)

2018-11-27 16:24:58 - [TEST_STEP][PASSED] - click: Object: 'Object Repository/Final Object Repo/New Registration - Registration Module Pages/Form 1/Sub Industry Code List' is clicked on

2018-11-27 16:24:58 - [MESSAGE][PASSED] - Object: 'Object Repository/Final Object Repo/New Registration - Registration Module Pages/Form 1/Sub Industry Code List' is clicked on

2018-11-27 16:24:58 - [TEST_STEP][PASSED] - click: Object: 'Object Repository/Final Object Repo/New Registration - Registration Module Pages/Form 1/Sub Industry Code List - Growing of Maize' is clicked on

2018-11-27 16:24:59 - [MESSAGE][PASSED] - Object: 'Object Repository/Final Object Repo/New Registration - Registration Module Pages/Form 1/Sub Industry Code List - Growing of Maize' is clicked on

2018-11-27 16:24:59 - [TEST_STEP][PASSED] - setText: Text 'perkeso123@gmail.com' is set on object 'Object Repository/Final Object Repo/New Registration - Registration Module Pages/Form 1/Email'

2018-11-27 16:24:59 - [MESSAGE][PASSED] - Text 'perkeso123@gmail.com' is set on object 'Object Repository/Final Object Repo/New Registration - Registration Module Pages/Form 1/Email'

2018-11-27 16:24:59 - [TEST_STEP][PASSED] - click: Object: 'Object Repository/Final Object Repo/New Registration - Registration Module Pages/Form 1/Method of Contribution Payment' is clicked on

2018-11-27 16:24:59 - [MESSAGE][PASSED] - Object: 'Object Repository/Final Object Repo/New Registration - Registration Module Pages/Form 1/Method of Contribution Payment' is clicked on

2018-11-27 16:24:59 - [TEST_STEP][PASSED] - click: Object: 'Object Repository/Final Object Repo/New Registration - Registration Module Pages/Form 1/Method of Contribution Payment - Portal' is clicked on

2018-11-27 16:25:00 - [MESSAGE][PASSED] - Object: 'Object Repository/Final Object Repo/New Registration - Registration Module Pages/Form 1/Method of Contribution Payment - Portal' is clicked on

2018-11-27 16:25:00 - [TEST_STEP][PASSED] - click: Object: 'Object Repository/Final Object Repo/New Registration - Registration Module Pages/Form 1/Servide Type' is clicked on

2018-11-27 16:25:00 - [MESSAGE][PASSED] - Object: 'Object Repository/Final Object Repo/New Registration - Registration Module Pages/Form 1/Servide Type' is clicked on

2018-11-27 16:25:00 - [TEST_STEP][PASSED] - click: Object: 'Object Repository/Final Object Repo/New Registration - Registration Module Pages/Form 1/Servide Type - Professional Bodies' is clicked on

2018-11-27 16:25:00 - [MESSAGE][PASSED] - Object: 'Object Repository/Final Object Repo/New Registration - Registration Module Pages/Form 1/Servide Type - Professional Bodies' is clicked on

2018-11-27 16:25:00 - [TEST_STEP][PASSED] - click: Object: 'Object Repository/Final Object Repo/New Registration - Registration Module Pages/Form 1/Industry Venue' is clicked on

2018-11-27 16:25:00 - [MESSAGE][PASSED] - Object: 'Object Repository/Final Object Repo/New Registration - Registration Module Pages/Form 1/Industry Venue' is clicked on

2018-11-27 16:25:00 - [TEST_STEP][PASSED] - click: Object: 'Object Repository/Final Object Repo/New Registration - Registration Module Pages/Form 1/Industry Venue -  PPN JOHOR' is clicked on

2018-11-27 16:25:01 - [MESSAGE][PASSED] - Object: 'Object Repository/Final Object Repo/New Registration - Registration Module Pages/Form 1/Industry Venue -  PPN JOHOR' is clicked on

2018-11-27 16:25:01 - [TEST_STEP][PASSED] - click: Object: 'Object Repository/Final Object Repo/New Registration - Registration Module Pages/Form 1/Save  Continue' is clicked on

2018-11-27 16:25:01 - [MESSAGE][PASSED] - Object: 'Object Repository/Final Object Repo/New Registration - Registration Module Pages/Form 1/Save  Continue' is clicked on

2018-11-27 16:25:01 - [MESSAGE][PASSED] - Call Test Case 'Test Cases/Final Aug 2018 - PKS Automation/Registration Module/New Registration/Form 1/Form 1 - Corporation - BHD' successfully

2018-11-27 16:25:01 - [TEST_STEP][PASSED] - callTestCase: Call Test Case 'Test Cases/Final Aug 2018 - PKS Automation/Registration Module/New Registration/Form 2/Add 1 Eligible' successfully

2018-11-27 16:25:01 - [TEST_CASE][PASSED] - Test Cases/Final Aug 2018 - PKS Automation/Registration Module/New Registration/Form 2/Add 1 Eligible: Test Cases/Final Aug 2018 - PKS Automation/Registration Module/New Registration/Form 2/Add 1 Eligible

2018-11-27 16:25:01 - [TEST_STEP][PASSED] - delay: Delayed 2 second(s)

2018-11-27 16:25:03 - [MESSAGE][PASSED] - Delayed 2 second(s)

2018-11-27 16:25:03 - [TEST_STEP][PASSED] - callTestCase: Call Test Case 'Test Cases/Final Aug 2018 - PKS Automation/Registration Module/New Registration/Form 2/Date Updater' successfully

2018-11-27 16:25:03 - [TEST_CASE][PASSED] - Test Cases/Final Aug 2018 - PKS Automation/Registration Module/New Registration/Form 2/Date Updater: Test Cases/Final Aug 2018 - PKS Automation/Registration Module/New Registration/Form 2/Date Updater

2018-11-27 16:25:03 - [TEST_STEP][PASSED] - Statement - TodayDate = new java.util.Date(): null

2018-11-27 16:25:03 - [TEST_STEP][PASSED] - Statement - CurrentDateNoFilter = new java.text.SimpleDateFormat(): null

2018-11-27 16:25:03 - [TEST_STEP][PASSED] - Statement - CurrentDateNoFilter.applyPattern("dd"): null

2018-11-27 16:25:03 - [TEST_STEP][PASSED] - Statement - CurrentDate = CurrentDateNoFilter.format(TodayDate): null

2018-11-27 16:25:03 - [TEST_STEP][PASSED] - Statement - CurrentDate = java.lang.Integer.parseInt(CurrentDate): null

2018-11-27 16:25:03 - [TEST_STEP][PASSED] - Statement - CurrentDate = CurrentDate: null

2018-11-27 16:25:03 - [TEST_STEP][PASSED] - Statement - CurrentDay = java.lang.Integer.parseInt(CurrentDate): null

2018-11-27 16:25:03 - [TEST_STEP][PASSED] - Statement - aDayBefore = CurrentDay + 1: null

2018-11-27 16:25:03 - [TEST_STEP][PASSED] - Statement - DayBefore = aDayBefore.toString(): null

2018-11-27 16:25:03 - [TEST_STEP][PASSED] - Statement - OneDayBefore = DayBefore: null

2018-11-27 16:25:03 - [TEST_STEP][PASSED] - Statement - CurrentDateNoFilter.applyPattern("MM"): null

2018-11-27 16:25:03 - [TEST_STEP][PASSED] - Statement - monthContainerMatcher = java.lang.Integer.parseInt(CurrentDateNoFilter.format(TodayDate)): null

2018-11-27 16:25:03 - [TEST_STEP][PASSED] - Statement - monthContainerMatcher = monthContainerMatcher - 1: null

2018-11-27 16:25:03 - [TEST_STEP][PASSED] - Statement - CurrentMonth = monthContainerMatcher.toString(): null

2018-11-27 16:25:03 - [TEST_STEP][PASSED] - Statement - CurrentMonth = CurrentMonth: null

2018-11-27 16:25:03 - [TEST_STEP][PASSED] - Statement - CurrentDateNoFilter.applyPattern("yyyy"): null

2018-11-27 16:25:03 - [TEST_STEP][PASSED] - Statement - CurrentYear = CurrentDateNoFilter.format(TodayDate): null

2018-11-27 16:25:03 - [TEST_STEP][PASSED] - Statement - CurrentYear = CurrentYear: null

2018-11-27 16:25:03 - [TEST_STEP][PASSED] - Statement - intCurrentYear = java.lang.Integer.parseInt(CurrentDateNoFilter.format(TodayDate)): null

2018-11-27 16:25:03 - [TEST_STEP][PASSED] - Statement - eighteenYrsAgo = intCurrentYear - 18: null

2018-11-27 16:25:03 - [TEST_STEP][PASSED] - Statement - eighteenYrsBeforeThisYr = eighteenYrsAgo.toString(): null

2018-11-27 16:25:03 - [TEST_STEP][PASSED] - Statement - EighteenYrsBefore = eighteenYrsBeforeThisYr: null

2018-11-27 16:25:03 - [TEST_STEP][PASSED] - Statement - fiftysevenYrsAgo = intCurrentYear - 57: null

2018-11-27 16:25:03 - [TEST_STEP][PASSED] - Statement - fiftysevenYrsBeforeThisYr = fiftysevenYrsAgo.toString(): null

2018-11-27 16:25:03 - [TEST_STEP][PASSED] - Statement - FiftysevenYrsBefore = fiftysevenYrsBeforeThisYr: null

2018-11-27 16:25:03 - [MESSAGE][PASSED] - Call Test Case 'Test Cases/Final Aug 2018 - PKS Automation/Registration Module/New Registration/Form 2/Date Updater' successfully

2018-11-27 16:25:03 - [TEST_STEP][PASSED] - delay: Delayed 1 second(s)

2018-11-27 16:25:04 - [MESSAGE][PASSED] - Delayed 1 second(s)

2018-11-27 16:25:04 - [TEST_STEP][PASSED] - Statement - CaseReferenceNo = com.kms.katalon.core.webui.keyword.WebUiBuiltInKeywords.getText(com.kms.katalon.core.testobject.ObjectRepository.findTestObject(Final Object Repo/New Registration - Registration Module Pages/Form 2/RefNo Acquiring)): Text of object 'Object Repository/Final Object Repo/New Registration - Registration Module Pages/Form 2/RefNo Acquiring' is: 'CRN11201800122872'

2018-11-27 16:25:04 - [MESSAGE][PASSED] - Text of object 'Object Repository/Final Object Repo/New Registration - Registration Module Pages/Form 2/RefNo Acquiring' is: 'CRN11201800122872'

2018-11-27 16:25:04 - [TEST_STEP][PASSED] - delay: Delayed 1 second(s)

2018-11-27 16:25:05 - [MESSAGE][PASSED] - Delayed 1 second(s)

2018-11-27 16:25:05 - [TEST_STEP][PASSED] - click: Object: 'Object Repository/Final Object Repo/New Registration - Registration Module Pages/Form 2/Add Employee Button' is clicked on

2018-11-27 16:25:05 - [MESSAGE][PASSED] - Object: 'Object Repository/Final Object Repo/New Registration - Registration Module Pages/Form 2/Add Employee Button' is clicked on

2018-11-27 16:25:05 - [TEST_STEP][PASSED] - delay: Delayed 1 second(s)

2018-11-27 16:25:06 - [MESSAGE][PASSED] - Delayed 1 second(s)

2018-11-27 16:25:06 - [TEST_STEP][PASSED] - setText: Text '010903091963' is set on object 'Object Repository/Final Object Repo/New Registration - Registration Module Pages/Form 2/NRIC Input'

2018-11-27 16:25:07 - [MESSAGE][PASSED] - Text '010903091963' is set on object 'Object Repository/Final Object Repo/New Registration - Registration Module Pages/Form 2/NRIC Input'

2018-11-27 16:25:07 - [TEST_STEP][PASSED] - click: Object: 'Object Repository/Final Object Repo/New Registration - Registration Module Pages/Form 2/button for search for IC' is clicked on

2018-11-27 16:25:07 - [MESSAGE][PASSED] - Object: 'Object Repository/Final Object Repo/New Registration - Registration Module Pages/Form 2/button for search for IC' is clicked on

2018-11-27 16:25:07 - [TEST_STEP][PASSED] - delay: Delayed 2 second(s)

2018-11-27 16:25:09 - [MESSAGE][PASSED] - Delayed 2 second(s)

2018-11-27 16:25:09 - [TEST_STEP][PASSED] - setText: Text 'Automate001 eligible 1' is set on object 'Object Repository/Final Object Repo/New Registration - Registration Module Pages/Form 2/Employee Name Input'

2018-11-27 16:25:09 - [MESSAGE][PASSED] - Text 'Automate001 eligible 1' is set on object 'Object Repository/Final Object Repo/New Registration - Registration Module Pages/Form 2/Employee Name Input'

2018-11-27 16:25:09 - [TEST_STEP][PASSED] - delay: Delayed 2 second(s)

2018-11-27 16:25:11 - [MESSAGE][PASSED] - Delayed 2 second(s)

2018-11-27 16:25:11 - [TEST_STEP][PASSED] - click: Object: 'Object Repository/Final Object Repo/New Registration - Registration Module Pages/Form 2/DatePicker Pop Up' is clicked on

2018-11-27 16:25:11 - [MESSAGE][PASSED] - Object: 'Object Repository/Final Object Repo/New Registration - Registration Module Pages/Form 2/DatePicker Pop Up' is clicked on

2018-11-27 16:25:11 - [TEST_STEP][PASSED] - click: Object: 'Object Repository/Final Object Repo/New Registration - Registration Module Pages/Form 2/DOB Month' is clicked on

2018-11-27 16:25:12 - [MESSAGE][PASSED] - Object: 'Object Repository/Final Object Repo/New Registration - Registration Module Pages/Form 2/DOB Month' is clicked on

2018-11-27 16:25:12 - [TEST_STEP][PASSED] - Statement - CurrentMonth = CurrentMonth: null

2018-11-27 16:25:12 - [TEST_STEP][PASSED] - Statement - selectMonth = new com.kms.katalon.core.testobject.TestObject(): null

2018-11-27 16:25:12 - [TEST_STEP][PASSED] - Statement - selectMonth.addProperty("xpath", EQUALS, "//body/div/div/div/select/option[@value='" + CurrentMonth + "']", true): null

2018-11-27 16:25:12 - [TEST_STEP][PASSED] - click: Object: '' is clicked on

2018-11-27 16:25:12 - [MESSAGE][PASSED] - Object: '' is clicked on

2018-11-27 16:25:12 - [TEST_STEP][PASSED] - click: Object: 'Object Repository/Final Object Repo/New Registration - Registration Module Pages/Form 2/DOB Year' is clicked on

2018-11-27 16:25:12 - [MESSAGE][PASSED] - Object: 'Object Repository/Final Object Repo/New Registration - Registration Module Pages/Form 2/DOB Year' is clicked on

2018-11-27 16:25:12 - [TEST_STEP][PASSED] - Statement - Eyearsbf = EighteenYrsBefore: null

2018-11-27 16:25:12 - [TEST_STEP][PASSED] - Statement - selectYear = new com.kms.katalon.core.testobject.TestObject(): null

2018-11-27 16:25:12 - [TEST_STEP][PASSED] - Statement - selectYear.addProperty("xpath", EQUALS, "//div/div/div/select/option[@value='" + Eyearsbf + "']", true): null

2018-11-27 16:25:12 - [TEST_STEP][PASSED] - click: Object: '' is clicked on

2018-11-27 16:25:12 - [MESSAGE][PASSED] - Object: '' is clicked on

2018-11-27 16:25:12 - [TEST_STEP][PASSED] - Statement - UpdatedSelectDate = com.kms.katalon.core.webui.keyword.WebUiBuiltInKeywords.modifyObjectProperty(com.kms.katalon.core.testobject.ObjectRepository.findTestObject(Final Object Repo/New Registration - Registration Module Pages/Form 2/DOB Date), "xpath", "equals", "//body/div/table/tbody/tr/td/a[text()="" + CurrentDate + ""]", true): Modify property of object successfully

2018-11-27 16:25:12 - [MESSAGE][PASSED] - Modify property of object successfully

2018-11-27 16:25:12 - [TEST_STEP][PASSED] - delay: Delayed 3 second(s)

2018-11-27 16:25:15 - [MESSAGE][PASSED] - Delayed 3 second(s)

2018-11-27 16:25:15 - [TEST_STEP][PASSED] - click: Object: 'Object Repository/Final Object Repo/New Registration - Registration Module Pages/Form 2/DOB Date' is clicked on

2018-11-27 16:25:15 - [MESSAGE][PASSED] - Object: 'Object Repository/Final Object Repo/New Registration - Registration Module Pages/Form 2/DOB Date' is clicked on

2018-11-27 16:25:15 - [TEST_STEP][PASSED] - delay: Delayed 2 second(s)

2018-11-27 16:25:17 - [MESSAGE][PASSED] - Delayed 2 second(s)

2018-11-27 16:25:17 - [TEST_STEP][PASSED] - click: Object: 'Object Repository/Final Object Repo/New Registration - Registration Module Pages/Form 2/EmploymentStartDate Pop Up' is clicked on

2018-11-27 16:25:17 - [MESSAGE][PASSED] - Object: 'Object Repository/Final Object Repo/New Registration - Registration Module Pages/Form 2/EmploymentStartDate Pop Up' is clicked on

2018-11-27 16:25:17 - [TEST_STEP][PASSED] - delay: Delayed 2 second(s)

2018-11-27 16:25:19 - [MESSAGE][PASSED] - Delayed 2 second(s)

2018-11-27 16:25:19 - [TEST_STEP][PASSED] - click: Object: 'Object Repository/Final Object Repo/New Registration - Registration Module Pages/Form 2/Socso Employment StartDate Month' is clicked on

2018-11-27 16:25:20 - [MESSAGE][PASSED] - Object: 'Object Repository/Final Object Repo/New Registration - Registration Module Pages/Form 2/Socso Employment StartDate Month' is clicked on

2018-11-27 16:25:20 - [TEST_STEP][PASSED] - delay: Delayed 1 second(s)

2018-11-27 16:25:21 - [MESSAGE][PASSED] - Delayed 1 second(s)

2018-11-27 16:25:21 - [TEST_STEP][PASSED] - click: Object: 'Object Repository/Final Object Repo/New Registration - Registration Module Pages/Form 2/Select Socso Employement Startdate Month' is clicked on

2018-11-27 16:25:21 - [MESSAGE][PASSED] - Object: 'Object Repository/Final Object Repo/New Registration - Registration Module Pages/Form 2/Select Socso Employement Startdate Month' is clicked on

2018-11-27 16:25:21 - [TEST_STEP][PASSED] - delay: Delayed 2 second(s)

2018-11-27 16:25:23 - [MESSAGE][PASSED] - Delayed 2 second(s)

2018-11-27 16:25:23 - [TEST_STEP][PASSED] - click: Object: 'Object Repository/Final Object Repo/New Registration - Registration Module Pages/Form 2/Socso Employment StartDate Year' is clicked on

2018-11-27 16:25:23 - [MESSAGE][PASSED] - Object: 'Object Repository/Final Object Repo/New Registration - Registration Module Pages/Form 2/Socso Employment StartDate Year' is clicked on

2018-11-27 16:25:23 - [TEST_STEP][PASSED] - delay: Delayed 1 second(s)

2018-11-27 16:25:24 - [MESSAGE][PASSED] - Delayed 1 second(s)

2018-11-27 16:25:24 - [TEST_STEP][PASSED] - click: Object: 'Object Repository/Final Object Repo/New Registration - Registration Module Pages/Form 2/Select Socso Employment Startdate Year' is clicked on

2018-11-27 16:25:24 - [MESSAGE][PASSED] - Object: 'Object Repository/Final Object Repo/New Registration - Registration Module Pages/Form 2/Select Socso Employment Startdate Year' is clicked on

2018-11-27 16:25:24 - [TEST_STEP][PASSED] - delay: Delayed 2 second(s)

2018-11-27 16:25:26 - [MESSAGE][PASSED] - Delayed 2 second(s)

2018-11-27 16:25:26 - [TEST_STEP][PASSED] - click: Object: 'Object Repository/Final Object Repo/New Registration - Registration Module Pages/Form 2/Socso Employment Start Date Day' is clicked on

2018-11-27 16:25:26 - [MESSAGE][PASSED] - Object: 'Object Repository/Final Object Repo/New Registration - Registration Module Pages/Form 2/Socso Employment Start Date Day' is clicked on

2018-11-27 16:25:26 - [TEST_STEP][PASSED] - delay: Delayed 2 second(s)

2018-11-27 16:25:28 - [MESSAGE][PASSED] - Delayed 2 second(s)

2018-11-27 16:25:28 - [TEST_STEP][PASSED] - click: Object: 'Object Repository/Final Object Repo/New Registration - Registration Module Pages/Form 2/Save Button for Add Employee' is clicked on

2018-11-27 16:25:28 - [MESSAGE][PASSED] - Object: 'Object Repository/Final Object Repo/New Registration - Registration Module Pages/Form 2/Save Button for Add Employee' is clicked on

2018-11-27 16:25:28 - [TEST_STEP][PASSED] - delay: Delayed 6 second(s)

2018-11-27 16:25:34 - [MESSAGE][PASSED] - Delayed 6 second(s)

2018-11-27 16:25:34 - [TEST_STEP][PASSED] - click: Object: 'Object Repository/Final Object Repo/New Registration - Registration Module Pages/Form 2/Save and Continue Form 2' is clicked on

2018-11-27 16:25:35 - [MESSAGE][PASSED] - Object: 'Object Repository/Final Object Repo/New Registration - Registration Module Pages/Form 2/Save and Continue Form 2' is clicked on

2018-11-27 16:25:35 - [MESSAGE][PASSED] - Call Test Case 'Test Cases/Final Aug 2018 - PKS Automation/Registration Module/New Registration/Form 2/Add 1 Eligible' successfully

2018-11-27 16:25:35 - [TEST_STEP][PASSED] - callTestCase: Call Test Case 'Test Cases/Final Aug 2018 - PKS Automation/Registration Module/New Registration/Flow of New Registration/Third Screen - Upload Supporting Doc - Preview' successfully

2018-11-27 16:25:35 - [TEST_CASE][PASSED] - Test Cases/Final Aug 2018 - PKS Automation/Registration Module/New Registration/Flow of New Registration/Third Screen - Upload Supporting Doc - Preview: Test Cases/Final Aug 2018 - PKS Automation/Registration Module/New Registration/Flow of New Registration/Third Screen - Upload Supporting Doc - Preview

2018-11-27 16:25:35 - [TEST_STEP][PASSED] - waitForPageLoad: Wait for page load successfully

2018-11-27 16:25:36 - [MESSAGE][PASSED] - Wait for page load successfully

2018-11-27 16:25:36 - [TEST_STEP][PASSED] - Statement - CaseReferenceNo = com.kms.katalon.core.webui.keyword.WebUiBuiltInKeywords.getText(com.kms.katalon.core.testobject.ObjectRepository.findTestObject(Final Object Repo/New Registration - Registration Module Pages/Third Screen - Upload Supporting Doc- Preview/RefNo Acquiring)): Text of object 'Object Repository/Final Object Repo/New Registration - Registration Module Pages/Third Screen - Upload Supporting Doc- Preview/RefNo Acquiring' is: 'CRN11201800122872'

2018-11-27 16:25:36 - [MESSAGE][PASSED] - Text of object 'Object Repository/Final Object Repo/New Registration - Registration Module Pages/Third Screen - Upload Supporting Doc- Preview/RefNo Acquiring' is: 'CRN11201800122872'

2018-11-27 16:25:36 - [TEST_STEP][PASSED] - delay: Delayed 2 second(s)

2018-11-27 16:25:38 - [MESSAGE][PASSED] - Delayed 2 second(s)

2018-11-27 16:25:38 - [TEST_STEP][PASSED] - callTestCase: Call Test Case 'Test Cases/Final Aug 2018 - PKS Automation/Common/Reference Number Setter' successfully

2018-11-27 16:25:38 - [TEST_CASE][PASSED] - Test Cases/Final Aug 2018 - PKS Automation/Common/Reference Number Setter: Test Cases/Final Aug 2018 - PKS Automation/Common/Reference Number Setter

2018-11-27 16:25:38 - [TEST_STEP][PASSED] - Statement - RefNoOldFile = new java.io.File(C://Users//Admin//Desktop//PKS//Automation Reference Point//KatalonReference.txt): null

2018-11-27 16:25:38 - [TEST_STEP][PASSED] - Statement - RefNoOldFile.delete(): null

2018-11-27 16:25:38 - [TEST_STEP][PASSED] - delay: Delayed 5 second(s)

2018-11-27 16:25:43 - [MESSAGE][PASSED] - Delayed 5 second(s)

2018-11-27 16:25:43 - [TEST_STEP][PASSED] - Statement - RefNo = new java.io.File(C://Users//Admin//Desktop//PKS//Automation Reference Point//KatalonReference.txt): null

2018-11-27 16:25:43 - [TEST_STEP][PASSED] - Statement - f2 = new java.io.FileWriter(RefNo, false): null

2018-11-27 16:25:43 - [TEST_STEP][PASSED] - Statement - f2.write(CaseReferenceNo): null

2018-11-27 16:25:43 - [TEST_STEP][PASSED] - Statement - f2.close(): null

2018-11-27 16:25:43 - [TEST_STEP][PASSED] - Statement - out.println("


" + CaseReferenceNo + "


"): null

2018-11-27 16:25:43 - [MESSAGE][PASSED] - Call Test Case 'Test Cases/Final Aug 2018 - PKS Automation/Common/Reference Number Setter' successfully

2018-11-27 16:25:43 - [TEST_STEP][PASSED] - waitForElementClickable: Object 'Object Repository/Final Object Repo/New Registration - Registration Module Pages/Third Screen - Upload Supporting Doc- Preview/Save n Continue in SIP Employee Listing Page' is clickable

2018-11-27 16:25:43 - [MESSAGE][PASSED] - Object 'Object Repository/Final Object Repo/New Registration - Registration Module Pages/Third Screen - Upload Supporting Doc- Preview/Save n Continue in SIP Employee Listing Page' is clickable

2018-11-27 16:25:43 - [TEST_STEP][PASSED] - click: Object: 'Object Repository/Final Object Repo/New Registration - Registration Module Pages/Third Screen - Upload Supporting Doc- Preview/Save n Continue in SIP Employee Listing Page' is clicked on

2018-11-27 16:25:48 - [MESSAGE][PASSED] - Object: 'Object Repository/Final Object Repo/New Registration - Registration Module Pages/Third Screen - Upload Supporting Doc- Preview/Save n Continue in SIP Employee Listing Page' is clicked on

2018-11-27 16:25:48 - [TEST_STEP][PASSED] - delay: Delayed 7 second(s)

2018-11-27 16:25:55 - [MESSAGE][PASSED] - Delayed 7 second(s)

2018-11-27 16:25:55 - [TEST_STEP][PASSED] - click: Object: 'Object Repository/Final Object Repo/New Registration - Registration Module Pages/Third Screen - Upload Supporting Doc- Preview/Add Document Button' is clicked on

2018-11-27 16:25:55 - [MESSAGE][PASSED] - Object: 'Object Repository/Final Object Repo/New Registration - Registration Module Pages/Third Screen - Upload Supporting Doc- Preview/Add Document Button' is clicked on

2018-11-27 16:25:56 - [TEST_STEP][PASSED] - delay: Delayed 30 second(s)

2018-11-27 16:26:26 - [MESSAGE][PASSED] - Delayed 30 second(s)

2018-11-27 16:26:26 - [TEST_STEP][PASSED] - click: Object: 'Object Repository/Final Object Repo/New Registration - Registration Module Pages/Third Screen - Upload Supporting Doc- Preview/Supporting Doc Please Select Drop Down' is clicked on

2018-11-27 16:26:26 - [MESSAGE][PASSED] - Object: 'Object Repository/Final Object Repo/New Registration - Registration Module Pages/Third Screen - Upload Supporting Doc- Preview/Supporting Doc Please Select Drop Down' is clicked on

2018-11-27 16:26:26 - [TEST_STEP][PASSED] - delay: Delayed 2 second(s)

2018-11-27 16:26:28 - [MESSAGE][PASSED] - Delayed 2 second(s)

2018-11-27 16:26:28 - [TEST_STEP][PASSED] - click: Object: 'Object Repository/Final Object Repo/New Registration - Registration Module Pages/Third Screen - Upload Supporting Doc- Preview/Select to Upload Form 1' is clicked on

2018-11-27 16:26:28 - [MESSAGE][PASSED] - Object: 'Object Repository/Final Object Repo/New Registration - Registration Module Pages/Third Screen - Upload Supporting Doc- Preview/Select to Upload Form 1' is clicked on

2018-11-27 16:26:28 - [TEST_STEP][PASSED] - delay: Delayed 2 second(s)

2018-11-27 16:26:30 - [MESSAGE][PASSED] - Delayed 2 second(s)

2018-11-27 16:26:30 - [TEST_STEP][PASSED] - uploadFile: File 'C:\Users\Public\Pictures\Sample Pictures\Koala.jpg' sent to object: 'Object Repository/Final Object Repo/New Registration - Registration Module Pages/Third Screen - Upload Supporting Doc- Preview/Upload File Adding'

2018-11-27 16:26:30 - [MESSAGE][PASSED] - File 'C:\Users\Public\Pictures\Sample Pictures\Koala.jpg' sent to object: 'Object Repository/Final Object Repo/New Registration - Registration Module Pages/Third Screen - Upload Supporting Doc- Preview/Upload File Adding'

2018-11-27 16:26:30 - [TEST_STEP][PASSED] - delay: Delayed 5 second(s)

2018-11-27 16:26:35 - [MESSAGE][PASSED] - Delayed 5 second(s)

2018-11-27 16:26:35 - [TEST_STEP][PASSED] - click: Object: 'Object Repository/Final Object Repo/New Registration - Registration Module Pages/Third Screen - Upload Supporting Doc- Preview/Inner Form Add Document Button' is clicked on

2018-11-27 16:26:35 - [MESSAGE][PASSED] - Object: 'Object Repository/Final Object Repo/New Registration - Registration Module Pages/Third Screen - Upload Supporting Doc- Preview/Inner Form Add Document Button' is clicked on

2018-11-27 16:26:35 - [TEST_STEP][PASSED] - delay: Delayed 3 second(s)

2018-11-27 16:26:38 - [MESSAGE][PASSED] - Delayed 3 second(s)

2018-11-27 16:26:38 - [TEST_STEP][PASSED] - click: Object: 'Object Repository/Final Object Repo/New Registration - Registration Module Pages/Third Screen - Upload Supporting Doc- Preview/Add Document Button' is clicked on

2018-11-27 16:26:39 - [MESSAGE][PASSED] - Object: 'Object Repository/Final Object Repo/New Registration - Registration Module Pages/Third Screen - Upload Supporting Doc- Preview/Add Document Button' is clicked on

2018-11-27 16:26:39 - [TEST_STEP][PASSED] - delay: Delayed 30 second(s)

2018-11-27 16:27:09 - [MESSAGE][PASSED] - Delayed 30 second(s)

2018-11-27 16:27:09 - [TEST_STEP][PASSED] - click: Object: 'Object Repository/Final Object Repo/New Registration - Registration Module Pages/Third Screen - Upload Supporting Doc- Preview/Supporting Doc Please Select Drop Down' is clicked on

2018-11-27 16:27:09 - [MESSAGE][PASSED] - Object: 'Object Repository/Final Object Repo/New Registration - Registration Module Pages/Third Screen - Upload Supporting Doc- Preview/Supporting Doc Please Select Drop Down' is clicked on

2018-11-27 16:27:09 - [TEST_STEP][PASSED] - delay: Delayed 2 second(s)

2018-11-27 16:27:11 - [MESSAGE][PASSED] - Delayed 2 second(s)

2018-11-27 16:27:11 - [TEST_STEP][PASSED] - click: Object: 'Object Repository/Final Object Repo/New Registration - Registration Module Pages/Third Screen - Upload Supporting Doc- Preview/Select to Upload Form 2' is clicked on

2018-11-27 16:27:12 - [MESSAGE][PASSED] - Object: 'Object Repository/Final Object Repo/New Registration - Registration Module Pages/Third Screen - Upload Supporting Doc- Preview/Select to Upload Form 2' is clicked on

2018-11-27 16:27:12 - [TEST_STEP][PASSED] - delay: Delayed 2 second(s)

2018-11-27 16:27:14 - [MESSAGE][PASSED] - Delayed 2 second(s)

2018-11-27 16:27:14 - [TEST_STEP][PASSED] - uploadFile: File 'C:\Users\Public\Pictures\Sample Pictures\Koala.jpg' sent to object: 'Object Repository/Final Object Repo/New Registration - Registration Module Pages/Third Screen - Upload Supporting Doc- Preview/Upload File Adding'

2018-11-27 16:27:14 - [MESSAGE][PASSED] - File 'C:\Users\Public\Pictures\Sample Pictures\Koala.jpg' sent to object: 'Object Repository/Final Object Repo/New Registration - Registration Module Pages/Third Screen - Upload Supporting Doc- Preview/Upload File Adding'

2018-11-27 16:27:14 - [TEST_STEP][PASSED] - click: Object: 'Object Repository/Final Object Repo/New Registration - Registration Module Pages/Third Screen - Upload Supporting Doc- Preview/Inner Form Add Document Button' is clicked on

2018-11-27 16:27:14 - [MESSAGE][PASSED] - Object: 'Object Repository/Final Object Repo/New Registration - Registration Module Pages/Third Screen - Upload Supporting Doc- Preview/Inner Form Add Document Button' is clicked on

2018-11-27 16:27:14 - [TEST_STEP][PASSED] - delay: Delayed 5 second(s)

2018-11-27 16:27:19 - [MESSAGE][PASSED] - Delayed 5 second(s)

2018-11-27 16:27:19 - [TEST_STEP][PASSED] - click: Object: 'Object Repository/Final Object Repo/New Registration - Registration Module Pages/Third Screen - Upload Supporting Doc- Preview/Add Document Button' is clicked on

2018-11-27 16:27:19 - [MESSAGE][PASSED] - Object: 'Object Repository/Final Object Repo/New Registration - Registration Module Pages/Third Screen - Upload Supporting Doc- Preview/Add Document Button' is clicked on

2018-11-27 16:27:19 - [TEST_STEP][PASSED] - delay: Delayed 30 second(s)

2018-11-27 16:27:49 - [MESSAGE][PASSED] - Delayed 30 second(s)

2018-11-27 16:27:49 - [TEST_STEP][PASSED] - click: Object: 'Object Repository/Final Object Repo/New Registration - Registration Module Pages/Third Screen - Upload Supporting Doc- Preview/Supporting Doc Please Select Drop Down' is clicked on

2018-11-27 16:27:49 - [MESSAGE][PASSED] - Object: 'Object Repository/Final Object Repo/New Registration - Registration Module Pages/Third Screen - Upload Supporting Doc- Preview/Supporting Doc Please Select Drop Down' is clicked on

2018-11-27 16:27:49 - [TEST_STEP][PASSED] - click: Object: 'Object Repository/Final Object Repo/New Registration - Registration Module Pages/Third Screen - Upload Supporting Doc- Preview/Select to Upload Borang SIP 1' is clicked on

2018-11-27 16:27:49 - [MESSAGE][PASSED] - Object: 'Object Repository/Final Object Repo/New Registration - Registration Module Pages/Third Screen - Upload Supporting Doc- Preview/Select to Upload Borang SIP 1' is clicked on

2018-11-27 16:27:49 - [TEST_STEP][PASSED] - delay: Delayed 2 second(s)

2018-11-27 16:27:51 - [MESSAGE][PASSED] - Delayed 2 second(s)

2018-11-27 16:27:51 - [TEST_STEP][PASSED] - uploadFile: File 'C:\Users\Public\Pictures\Sample Pictures\Koala.jpg' sent to object: 'Object Repository/Final Object Repo/New Registration - Registration Module Pages/Third Screen - Upload Supporting Doc- Preview/Upload File Adding'

2018-11-27 16:27:51 - [MESSAGE][PASSED] - File 'C:\Users\Public\Pictures\Sample Pictures\Koala.jpg' sent to object: 'Object Repository/Final Object Repo/New Registration - Registration Module Pages/Third Screen - Upload Supporting Doc- Preview/Upload File Adding'

2018-11-27 16:27:51 - [TEST_STEP][PASSED] - click: Object: 'Object Repository/Final Object Repo/New Registration - Registration Module Pages/Third Screen - Upload Supporting Doc- Preview/Inner Form Add Document Button' is clicked on

2018-11-27 16:27:52 - [MESSAGE][PASSED] - Object: 'Object Repository/Final Object Repo/New Registration - Registration Module Pages/Third Screen - Upload Supporting Doc- Preview/Inner Form Add Document Button' is clicked on

2018-11-27 16:27:52 - [TEST_STEP][PASSED] - delay: Delayed 5 second(s)

2018-11-27 16:27:57 - [MESSAGE][PASSED] - Delayed 5 second(s)

2018-11-27 16:27:57 - [TEST_STEP][PASSED] - click: Object: 'Object Repository/Final Object Repo/New Registration - Registration Module Pages/Third Screen - Upload Supporting Doc- Preview/Add Document Button' is clicked on

2018-11-27 16:27:57 - [MESSAGE][PASSED] - Object: 'Object Repository/Final Object Repo/New Registration - Registration Module Pages/Third Screen - Upload Supporting Doc- Preview/Add Document Button' is clicked on

2018-11-27 16:27:57 - [TEST_STEP][PASSED] - delay: Delayed 30 second(s)

2018-11-27 16:28:27 - [MESSAGE][PASSED] - Delayed 30 second(s)

2018-11-27 16:28:27 - [TEST_STEP][PASSED] - click: Object: 'Object Repository/Final Object Repo/New Registration - Registration Module Pages/Third Screen - Upload Supporting Doc- Preview/Supporting Doc Please Select Drop Down' is clicked on

2018-11-27 16:28:27 - [MESSAGE][PASSED] - Object: 'Object Repository/Final Object Repo/New Registration - Registration Module Pages/Third Screen - Upload Supporting Doc- Preview/Supporting Doc Please Select Drop Down' is clicked on

2018-11-27 16:28:27 - [TEST_STEP][PASSED] - delay: Delayed 3 second(s)

2018-11-27 16:28:30 - [MESSAGE][PASSED] - Delayed 3 second(s)

2018-11-27 16:28:30 - [TEST_STEP][PASSED] - click: Object: 'Object Repository/Final Object Repo/New Registration - Registration Module Pages/Third Screen - Upload Supporting Doc- Preview/Select to Upload Borang SIP 2' is clicked on

2018-11-27 16:28:30 - [MESSAGE][PASSED] - Object: 'Object Repository/Final Object Repo/New Registration - Registration Module Pages/Third Screen - Upload Supporting Doc- Preview/Select to Upload Borang SIP 2' is clicked on

2018-11-27 16:28:30 - [TEST_STEP][PASSED] - delay: Delayed 2 second(s)

2018-11-27 16:28:32 - [MESSAGE][PASSED] - Delayed 2 second(s)

2018-11-27 16:28:32 - [TEST_STEP][PASSED] - uploadFile: File 'C:\Users\Public\Pictures\Sample Pictures\Koala.jpg' sent to object: 'Object Repository/Final Object Repo/New Registration - Registration Module Pages/Third Screen - Upload Supporting Doc- Preview/Upload File Adding'

2018-11-27 16:28:32 - [MESSAGE][PASSED] - File 'C:\Users\Public\Pictures\Sample Pictures\Koala.jpg' sent to object: 'Object Repository/Final Object Repo/New Registration - Registration Module Pages/Third Screen - Upload Supporting Doc- Preview/Upload File Adding'

2018-11-27 16:28:32 - [TEST_STEP][PASSED] - delay: Delayed 5 second(s)

2018-11-27 16:28:37 - [MESSAGE][PASSED] - Delayed 5 second(s)

2018-11-27 16:28:37 - [TEST_STEP][PASSED] - click: Object: 'Object Repository/Final Object Repo/New Registration - Registration Module Pages/Third Screen - Upload Supporting Doc- Preview/Inner Form Add Document Button' is clicked on

2018-11-27 16:28:38 - [MESSAGE][PASSED] - Object: 'Object Repository/Final Object Repo/New Registration - Registration Module Pages/Third Screen - Upload Supporting Doc- Preview/Inner Form Add Document Button' is clicked on

2018-11-27 16:28:38 - [TEST_STEP][PASSED] - delay: Delayed 3 second(s)

2018-11-27 16:28:41 - [MESSAGE][PASSED] - Delayed 3 second(s)

2018-11-27 16:28:41 - [TEST_STEP][PASSED] - waitForElementClickable: Object 'Object Repository/Final Object Repo/New Registration - Registration Module Pages/Third Screen - Upload Supporting Doc- Preview/Save n Continue in Uploading Supporting Doc Page' is clickable

2018-11-27 16:28:42 - [MESSAGE][PASSED] - Object 'Object Repository/Final Object Repo/New Registration - Registration Module Pages/Third Screen - Upload Supporting Doc- Preview/Save n Continue in Uploading Supporting Doc Page' is clickable

2018-11-27 16:28:42 - [TEST_STEP][PASSED] - click: Object: 'Object Repository/Final Object Repo/New Registration - Registration Module Pages/Third Screen - Upload Supporting Doc- Preview/Save n Continue in Uploading Supporting Doc Page' is clicked on

2018-11-27 16:28:42 - [MESSAGE][PASSED] - Object: 'Object Repository/Final Object Repo/New Registration - Registration Module Pages/Third Screen - Upload Supporting Doc- Preview/Save n Continue in Uploading Supporting Doc Page' is clicked on

2018-11-27 16:28:42 - [MESSAGE][PASSED] - Call Test Case 'Test Cases/Final Aug 2018 - PKS Automation/Registration Module/New Registration/Flow of New Registration/Third Screen - Upload Supporting Doc - Preview' successfully

2018-11-27 16:28:42 - [TEST_STEP][PASSED] - callTestCase: Call Test Case 'Test Cases/Final Aug 2018 - PKS Automation/Registration Module/New Registration/Submit and Screenshot/Submit Registration and Screenshot - Copy' successfully

2018-11-27 16:28:42 - [TEST_CASE][PASSED] - Test Cases/Final Aug 2018 - PKS Automation/Registration Module/New Registration/Submit and Screenshot/Submit Registration and Screenshot - Copy: Test Cases/Final Aug 2018 - PKS Automation/Registration Module/New Registration/Submit and Screenshot/Submit Registration and Screenshot - Copy

2018-11-27 16:28:42 - [TEST_STEP][PASSED] - delay: Delayed 6 second(s)

2018-11-27 16:28:48 - [MESSAGE][PASSED] - Delayed 6 second(s)

2018-11-27 16:28:48 - [TEST_STEP][PASSED] - click: Object: 'Object Repository/Final Object Repo/New Registration - Registration Module Pages/Third Screen - Upload Supporting Doc- Preview/Preview Submit Button' is clicked on

2018-11-27 16:28:48 - [MESSAGE][PASSED] - Object: 'Object Repository/Final Object Repo/New Registration - Registration Module Pages/Third Screen - Upload Supporting Doc- Preview/Preview Submit Button' is clicked on

2018-11-27 16:28:48 - [TEST_STEP][PASSED] - delay: Delayed 2 second(s)

2018-11-27 16:28:50 - [MESSAGE][PASSED] - Delayed 2 second(s)

2018-11-27 16:28:50 - [TEST_STEP][PASSED] - click: Object: 'Object Repository/Final Object Repo/New Registration - Registration Module Pages/Third Screen - Upload Supporting Doc- Preview/Preview Submit - Confirm' is clicked on

2018-11-27 16:28:50 - [MESSAGE][PASSED] - Object: 'Object Repository/Final Object Repo/New Registration - Registration Module Pages/Third Screen - Upload Supporting Doc- Preview/Preview Submit - Confirm' is clicked on

2018-11-27 16:28:50 - [TEST_STEP][PASSED] - delay: Delayed 15 second(s)

2018-11-27 16:29:05 - [MESSAGE][PASSED] - Delayed 15 second(s)

2018-11-27 16:29:05 - [TEST_STEP][PASSED] - Statement - driver = com.kms.katalon.core.webui.driver.DriverFactory.getWebDriver(): null

2018-11-27 16:29:05 - [TEST_STEP][PASSED] - Statement - driver.manage().timeouts().implicitlyWait(10, SECONDS): null

2018-11-27 16:29:05 - [TEST_STEP][PASSED] - Statement - PresavePath = KatalonScreenshots: null

2018-11-27 16:29:05 - [TEST_STEP][PASSED] - Statement - pathPrefix = "C:\Users\Public\Pictures\Sample Pictures\Katalon Screenshots\Automate Ending Screen": null

2018-11-27 16:29:05 - [TEST_STEP][PASSED] - Statement - finalPath = <not implemented yet for class: org.codehaus.groovy.ast.expr.EmptyExpression>: null

2018-11-27 16:29:05 - [TEST_STEP][PASSED] - Statement - scrFile = driver.getScreenshotAs(FILE): null

2018-11-27 16:29:06 - [TEST_STEP][PASSED] - Statement - PreSaveFile = new java.io.File(PresavePath): null

2018-11-27 16:29:06 - [TEST_STEP][PASSED] - Statement - counter = 0: null

2018-11-27 16:29:06 - [TEST_STEP][PASSED] - Statement - If (PreSaveFile.exists()): null

2018-11-27 16:29:06 - [TEST_STEP][PASSED] - Statement - While (PreSaveFile.exists()): null

2018-11-27 16:29:06 - [TEST_STEP][PASSED] - Statement - counter = counter + 1: null

2018-11-27 16:29:06 - [TEST_STEP][PASSED] - Statement - PreSaveFile = new java.io.File(((pathPrefix + java.lang.Integer.toString(counter)) + .png)): null

2018-11-27 16:29:06 - [TEST_STEP][PASSED] - Statement - counter = counter + 1: null

2018-11-27 16:29:06 - [TEST_STEP][PASSED] - Statement - PreSaveFile = new java.io.File(((pathPrefix + java.lang.Integer.toString(counter)) + .png)): null

2018-11-27 16:29:06 - [TEST_STEP][PASSED] - Statement - counter = counter + 1: null

2018-11-27 16:29:06 - [TEST_STEP][PASSED] - Statement - PreSaveFile = new java.io.File(((pathPrefix + java.lang.Integer.toString(counter)) + .png)): null

2018-11-27 16:29:06 - [TEST_STEP][PASSED] - Statement - counter = counter + 1: null

2018-11-27 16:29:06 - [TEST_STEP][PASSED] - Statement - PreSaveFile = new java.io.File(((pathPrefix + java.lang.Integer.toString(counter)) + .png)): null

2018-11-27 16:29:06 - [TEST_STEP][PASSED] - Statement - counter = counter + 1: null

2018-11-27 16:29:06 - [TEST_STEP][PASSED] - Statement - PreSaveFile = new java.io.File(((pathPrefix + java.lang.Integer.toString(counter)) + .png)): null

2018-11-27 16:29:06 - [TEST_STEP][PASSED] - Statement - counter = counter + 1: null

2018-11-27 16:29:06 - [TEST_STEP][PASSED] - Statement - PreSaveFile = new java.io.File(((pathPrefix + java.lang.Integer.toString(counter)) + .png)): null

2018-11-27 16:29:06 - [TEST_STEP][PASSED] - Statement - counter = counter + 1: null

2018-11-27 16:29:06 - [TEST_STEP][PASSED] - Statement - PreSaveFile = new java.io.File(((pathPrefix + java.lang.Integer.toString(counter)) + .png)): null

2018-11-27 16:29:06 - [TEST_STEP][PASSED] - Statement - counter = counter + 1: null

2018-11-27 16:29:06 - [TEST_STEP][PASSED] - Statement - PreSaveFile = new java.io.File(((pathPrefix + java.lang.Integer.toString(counter)) + .png)): null

2018-11-27 16:29:06 - [TEST_STEP][PASSED] - Statement - counter = counter + 1: null

2018-11-27 16:29:06 - [TEST_STEP][PASSED] - Statement - PreSaveFile = new java.io.File(((pathPrefix + java.lang.Integer.toString(counter)) + .png)): null

2018-11-27 16:29:06 - [TEST_STEP][PASSED] - Statement - counter = counter + 1: null

2018-11-27 16:29:06 - [TEST_STEP][PASSED] - Statement - PreSaveFile = new java.io.File(((pathPrefix + java.lang.Integer.toString(counter)) + .png)): null

2018-11-27 16:29:06 - [TEST_STEP][PASSED] - Statement - counter = counter + 1: null

2018-11-27 16:29:06 - [TEST_STEP][PASSED] - Statement - PreSaveFile = new java.io.File(((pathPrefix + java.lang.Integer.toString(counter)) + .png)): null

2018-11-27 16:29:06 - [TEST_STEP][PASSED] - Statement - counter = counter + 1: null

2018-11-27 16:29:06 - [TEST_STEP][PASSED] - Statement - PreSaveFile = new java.io.File(((pathPrefix + java.lang.Integer.toString(counter)) + .png)): null

2018-11-27 16:29:06 - [TEST_STEP][PASSED] - Statement - counter = counter + 1: null

2018-11-27 16:29:06 - [TEST_STEP][PASSED] - Statement - PreSaveFile = new java.io.File(((pathPrefix + java.lang.Integer.toString(counter)) + .png)): null

2018-11-27 16:29:06 - [TEST_STEP][PASSED] - Statement - counter = counter + 1: null

2018-11-27 16:29:06 - [TEST_STEP][PASSED] - Statement - PreSaveFile = new java.io.File(((pathPrefix + java.lang.Integer.toString(counter)) + .png)): null

2018-11-27 16:29:06 - [TEST_STEP][PASSED] - Statement - counter = counter + 1: null

2018-11-27 16:29:06 - [TEST_STEP][PASSED] - Statement - PreSaveFile = new java.io.File(((pathPrefix + java.lang.Integer.toString(counter)) + .png)): null

2018-11-27 16:29:06 - [TEST_STEP][PASSED] - Statement - counter = counter + 1: null

2018-11-27 16:29:06 - [TEST_STEP][PASSED] - Statement - PreSaveFile = new java.io.File(((pathPrefix + java.lang.Integer.toString(counter)) + .png)): null

2018-11-27 16:29:06 - [TEST_STEP][PASSED] - Statement - counter = counter + 1: null

2018-11-27 16:29:06 - [TEST_STEP][PASSED] - Statement - PreSaveFile = new java.io.File(((pathPrefix + java.lang.Integer.toString(counter)) + .png)): null

2018-11-27 16:29:06 - [TEST_STEP][PASSED] - Statement - counter = counter + 1: null

2018-11-27 16:29:06 - [TEST_STEP][PASSED] - Statement - PreSaveFile = new java.io.File(((pathPrefix + java.lang.Integer.toString(counter)) + .png)): null

2018-11-27 16:29:06 - [TEST_STEP][PASSED] - Statement - counter = counter + 1: null

2018-11-27 16:29:06 - [TEST_STEP][PASSED] - Statement - PreSaveFile = new java.io.File(((pathPrefix + java.lang.Integer.toString(counter)) + .png)): null

2018-11-27 16:29:06 - [TEST_STEP][PASSED] - Statement - counter = counter + 1: null

2018-11-27 16:29:06 - [TEST_STEP][PASSED] - Statement - PreSaveFile = new java.io.File(((pathPrefix + java.lang.Integer.toString(counter)) + .png)): null

2018-11-27 16:29:06 - [TEST_STEP][PASSED] - Statement - counter = counter + 1: null

2018-11-27 16:29:06 - [TEST_STEP][PASSED] - Statement - PreSaveFile = new java.io.File(((pathPrefix + java.lang.Integer.toString(counter)) + .png)): null

2018-11-27 16:29:06 - [TEST_STEP][PASSED] - Statement - counter = counter + 1: null

2018-11-27 16:29:06 - [TEST_STEP][PASSED] - Statement - PreSaveFile = new java.io.File(((pathPrefix + java.lang.Integer.toString(counter)) + .png)): null

2018-11-27 16:29:06 - [TEST_STEP][PASSED] - Statement - counter = counter + 1: null

2018-11-27 16:29:06 - [TEST_STEP][PASSED] - Statement - PreSaveFile = new java.io.File(((pathPrefix + java.lang.Integer.toString(counter)) + .png)): null

2018-11-27 16:29:06 - [TEST_STEP][PASSED] - Statement - counter = counter + 1: null

2018-11-27 16:29:06 - [TEST_STEP][PASSED] - Statement - PreSaveFile = new java.io.File(((pathPrefix + java.lang.Integer.toString(counter)) + .png)): null

2018-11-27 16:29:06 - [TEST_STEP][PASSED] - Statement - counter = counter + 1: null

2018-11-27 16:29:06 - [TEST_STEP][PASSED] - Statement - PreSaveFile = new java.io.File(((pathPrefix + java.lang.Integer.toString(counter)) + .png)): null

2018-11-27 16:29:06 - [TEST_STEP][PASSED] - Statement - counter = counter + 1: null

2018-11-27 16:29:06 - [TEST_STEP][PASSED] - Statement - PreSaveFile = new java.io.File(((pathPrefix + java.lang.Integer.toString(counter)) + .png)): null

2018-11-27 16:29:06 - [TEST_STEP][PASSED] - Statement - counter = counter + 1: null

2018-11-27 16:29:06 - [TEST_STEP][PASSED] - Statement - PreSaveFile = new java.io.File(((pathPrefix + java.lang.Integer.toString(counter)) + .png)): null

2018-11-27 16:29:06 - [TEST_STEP][PASSED] - Statement - counter = counter + 1: null

2018-11-27 16:29:06 - [TEST_STEP][PASSED] - Statement - PreSaveFile = new java.io.File(((pathPrefix + java.lang.Integer.toString(counter)) + .png)): null

2018-11-27 16:29:06 - [TEST_STEP][PASSED] - Statement - counter = counter + 1: null

2018-11-27 16:29:06 - [TEST_STEP][PASSED] - Statement - PreSaveFile = new java.io.File(((pathPrefix + java.lang.Integer.toString(counter)) + .png)): null

2018-11-27 16:29:06 - [TEST_STEP][PASSED] - Statement - counter = counter + 1: null

2018-11-27 16:29:06 - [TEST_STEP][PASSED] - Statement - PreSaveFile = new java.io.File(((pathPrefix + java.lang.Integer.toString(counter)) + .png)): null

2018-11-27 16:29:06 - [TEST_STEP][PASSED] - Statement - counter = counter + 1: null

2018-11-27 16:29:06 - [TEST_STEP][PASSED] - Statement - PreSaveFile = new java.io.File(((pathPrefix + java.lang.Integer.toString(counter)) + .png)): null

2018-11-27 16:29:06 - [TEST_STEP][PASSED] - Statement - counter = counter + 1: null

2018-11-27 16:29:06 - [TEST_STEP][PASSED] - Statement - PreSaveFile = new java.io.File(((pathPrefix + java.lang.Integer.toString(counter)) + .png)): null

2018-11-27 16:29:06 - [TEST_STEP][PASSED] - Statement - counter = counter + 1: null

2018-11-27 16:29:06 - [TEST_STEP][PASSED] - Statement - PreSaveFile = new java.io.File(((pathPrefix + java.lang.Integer.toString(counter)) + .png)): null

2018-11-27 16:29:06 - [TEST_STEP][PASSED] - Statement - counter = counter + 1: null

2018-11-27 16:29:06 - [TEST_STEP][PASSED] - Statement - PreSaveFile = new java.io.File(((pathPrefix + java.lang.Integer.toString(counter)) + .png)): null

2018-11-27 16:29:06 - [TEST_STEP][PASSED] - Statement - counter = counter + 1: null

2018-11-27 16:29:06 - [TEST_STEP][PASSED] - Statement - PreSaveFile = new java.io.File(((pathPrefix + java.lang.Integer.toString(counter)) + .png)): null

2018-11-27 16:29:06 - [TEST_STEP][PASSED] - Statement - counter = counter + 1: null

2018-11-27 16:29:06 - [TEST_STEP][PASSED] - Statement - PreSaveFile = new java.io.File(((pathPrefix + java.lang.Integer.toString(counter)) + .png)): null

2018-11-27 16:29:06 - [TEST_STEP][PASSED] - Statement - counter = counter + 1: null

2018-11-27 16:29:06 - [TEST_STEP][PASSED] - Statement - PreSaveFile = new java.io.File(((pathPrefix + java.lang.Integer.toString(counter)) + .png)): null

2018-11-27 16:29:06 - [TEST_STEP][PASSED] - Statement - counter = counter + 1: null

2018-11-27 16:29:06 - [TEST_STEP][PASSED] - Statement - PreSaveFile = new java.io.File(((pathPrefix + java.lang.Integer.toString(counter)) + .png)): null

2018-11-27 16:29:06 - [TEST_STEP][PASSED] - Statement - counter = counter + 1: null

2018-11-27 16:29:06 - [TEST_STEP][PASSED] - Statement - PreSaveFile = new java.io.File(((pathPrefix + java.lang.Integer.toString(counter)) + .png)): null

2018-11-27 16:29:06 - [TEST_STEP][PASSED] - Statement - counter = counter + 1: null

2018-11-27 16:29:06 - [TEST_STEP][PASSED] - Statement - PreSaveFile = new java.io.File(((pathPrefix + java.lang.Integer.toString(counter)) + .png)): null

2018-11-27 16:29:06 - [TEST_STEP][PASSED] - Statement - counter = counter + 1: null

2018-11-27 16:29:06 - [TEST_STEP][PASSED] - Statement - PreSaveFile = new java.io.File(((pathPrefix + java.lang.Integer.toString(counter)) + .png)): null

2018-11-27 16:29:06 - [TEST_STEP][PASSED] - Statement - counter = counter + 1: null

2018-11-27 16:29:06 - [TEST_STEP][PASSED] - Statement - PreSaveFile = new java.io.File(((pathPrefix + java.lang.Integer.toString(counter)) + .png)): null

2018-11-27 16:29:06 - [TEST_STEP][PASSED] - Statement - counter = counter + 1: null

2018-11-27 16:29:06 - [TEST_STEP][PASSED] - Statement - PreSaveFile = new java.io.File(((pathPrefix + java.lang.Integer.toString(counter)) + .png)): null

2018-11-27 16:29:06 - [TEST_STEP][PASSED] - Statement - counter = counter + 1: null

2018-11-27 16:29:06 - [TEST_STEP][PASSED] - Statement - PreSaveFile = new java.io.File(((pathPrefix + java.lang.Integer.toString(counter)) + .png)): null

2018-11-27 16:29:06 - [TEST_STEP][PASSED] - Statement - counter = counter + 1: null

2018-11-27 16:29:06 - [TEST_STEP][PASSED] - Statement - PreSaveFile = new java.io.File(((pathPrefix + java.lang.Integer.toString(counter)) + .png)): null

2018-11-27 16:29:06 - [TEST_STEP][PASSED] - Statement - counter = counter + 1: null

2018-11-27 16:29:06 - [TEST_STEP][PASSED] - Statement - PreSaveFile = new java.io.File(((pathPrefix + java.lang.Integer.toString(counter)) + .png)): null

2018-11-27 16:29:06 - [TEST_STEP][PASSED] - Statement - counter = counter + 1: null

2018-11-27 16:29:06 - [TEST_STEP][PASSED] - Statement - PreSaveFile = new java.io.File(((pathPrefix + java.lang.Integer.toString(counter)) + .png)): null

2018-11-27 16:29:06 - [TEST_STEP][PASSED] - Statement - counter = counter + 1: null

2018-11-27 16:29:06 - [TEST_STEP][PASSED] - Statement - PreSaveFile = new java.io.File(((pathPrefix + java.lang.Integer.toString(counter)) + .png)): null

2018-11-27 16:29:06 - [TEST_STEP][PASSED] - Statement - counter = counter + 1: null

2018-11-27 16:29:06 - [TEST_STEP][PASSED] - Statement - PreSaveFile = new java.io.File(((pathPrefix + java.lang.Integer.toString(counter)) + .png)): null

2018-11-27 16:29:06 - [TEST_STEP][PASSED] - Statement - counter = counter + 1: null

2018-11-27 16:29:06 - [TEST_STEP][PASSED] - Statement - PreSaveFile = new java.io.File(((pathPrefix + java.lang.Integer.toString(counter)) + .png)): null

2018-11-27 16:29:06 - [TEST_STEP][PASSED] - Statement - counter = counter + 1: null

2018-11-27 16:29:06 - [TEST_STEP][PASSED] - Statement - PreSaveFile = new java.io.File(((pathPrefix + java.lang.Integer.toString(counter)) + .png)): null

2018-11-27 16:29:06 - [TEST_STEP][PASSED] - Statement - counter = counter + 1: null

2018-11-27 16:29:06 - [TEST_STEP][PASSED] - Statement - PreSaveFile = new java.io.File(((pathPrefix + java.lang.Integer.toString(counter)) + .png)): null

2018-11-27 16:29:06 - [TEST_STEP][PASSED] - Statement - counter = counter + 1: null

2018-11-27 16:29:06 - [TEST_STEP][PASSED] - Statement - PreSaveFile = new java.io.File(((pathPrefix + java.lang.Integer.toString(counter)) + .png)): null

2018-11-27 16:29:06 - [TEST_STEP][PASSED] - Statement - counter = counter + 1: null

2018-11-27 16:29:06 - [TEST_STEP][PASSED] - Statement - PreSaveFile = new java.io.File(((pathPrefix + java.lang.Integer.toString(counter)) + .png)): null

2018-11-27 16:29:06 - [TEST_STEP][PASSED] - Statement - counter = counter + 1: null

2018-11-27 16:29:06 - [TEST_STEP][PASSED] - Statement - PreSaveFile = new java.io.File(((pathPrefix + java.lang.Integer.toString(counter)) + .png)): null

2018-11-27 16:29:06 - [TEST_STEP][PASSED] - Statement - counter = counter + 1: null

2018-11-27 16:29:06 - [TEST_STEP][PASSED] - Statement - PreSaveFile = new java.io.File(((pathPrefix + java.lang.Integer.toString(counter)) + .png)): null

2018-11-27 16:29:06 - [TEST_STEP][PASSED] - Statement - counter = counter + 1: null

2018-11-27 16:29:06 - [TEST_STEP][PASSED] - Statement - PreSaveFile = new java.io.File(((pathPrefix + java.lang.Integer.toString(counter)) + .png)): null

2018-11-27 16:29:06 - [TEST_STEP][PASSED] - Statement - counter = counter + 1: null

2018-11-27 16:29:06 - [TEST_STEP][PASSED] - Statement - PreSaveFile = new java.io.File(((pathPrefix + java.lang.Integer.toString(counter)) + .png)): null

2018-11-27 16:29:06 - [TEST_STEP][PASSED] - Statement - counter = counter + 1: null

2018-11-27 16:29:06 - [TEST_STEP][PASSED] - Statement - PreSaveFile = new java.io.File(((pathPrefix + java.lang.Integer.toString(counter)) + .png)): null

2018-11-27 16:29:06 - [TEST_STEP][PASSED] - Statement - counter = counter + 1: null

2018-11-27 16:29:06 - [TEST_STEP][PASSED] - Statement - PreSaveFile = new java.io.File(((pathPrefix + java.lang.Integer.toString(counter)) + .png)): null

2018-11-27 16:29:06 - [TEST_STEP][PASSED] - Statement - counter = counter + 1: null

2018-11-27 16:29:06 - [TEST_STEP][PASSED] - Statement - PreSaveFile = new java.io.File(((pathPrefix + java.lang.Integer.toString(counter)) + .png)): null

2018-11-27 16:29:06 - [TEST_STEP][PASSED] - Statement - counter = counter + 1: null

2018-11-27 16:29:06 - [TEST_STEP][PASSED] - Statement - PreSaveFile = new java.io.File(((pathPrefix + java.lang.Integer.toString(counter)) + .png)): null

2018-11-27 16:29:06 - [TEST_STEP][PASSED] - Statement - counter = counter + 1: null

2018-11-27 16:29:06 - [TEST_STEP][PASSED] - Statement - PreSaveFile = new java.io.File(((pathPrefix + java.lang.Integer.toString(counter)) + .png)): null

2018-11-27 16:29:06 - [TEST_STEP][PASSED] - Statement - counter = counter + 1: null

2018-11-27 16:29:06 - [TEST_STEP][PASSED] - Statement - PreSaveFile = new java.io.File(((pathPrefix + java.lang.Integer.toString(counter)) + .png)): null

2018-11-27 16:29:06 - [TEST_STEP][PASSED] - Statement - counter = counter + 1: null

2018-11-27 16:29:06 - [TEST_STEP][PASSED] - Statement - PreSaveFile = new java.io.File(((pathPrefix + java.lang.Integer.toString(counter)) + .png)): null

2018-11-27 16:29:06 - [TEST_STEP][PASSED] - Statement - counter = counter + 1: null

2018-11-27 16:29:06 - [TEST_STEP][PASSED] - Statement - PreSaveFile = new java.io.File(((pathPrefix + java.lang.Integer.toString(counter)) + .png)): null

2018-11-27 16:29:06 - [TEST_STEP][PASSED] - Statement - counter = counter + 1: null

2018-11-27 16:29:06 - [TEST_STEP][PASSED] - Statement - PreSaveFile = new java.io.File(((pathPrefix + java.lang.Integer.toString(counter)) + .png)): null

2018-11-27 16:29:06 - [TEST_STEP][PASSED] - Statement - counter = counter + 1: null

2018-11-27 16:29:06 - [TEST_STEP][PASSED] - Statement - PreSaveFile = new java.io.File(((pathPrefix + java.lang.Integer.toString(counter)) + .png)): null

2018-11-27 16:29:06 - [TEST_STEP][PASSED] - Statement - counter = counter + 1: null

2018-11-27 16:29:06 - [TEST_STEP][PASSED] - Statement - PreSaveFile = new java.io.File(((pathPrefix + java.lang.Integer.toString(counter)) + .png)): null

2018-11-27 16:29:06 - [TEST_STEP][PASSED] - Statement - counter = counter + 1: null

2018-11-27 16:29:06 - [TEST_STEP][PASSED] - Statement - PreSaveFile = new java.io.File(((pathPrefix + java.lang.Integer.toString(counter)) + .png)): null

2018-11-27 16:29:06 - [TEST_STEP][PASSED] - Statement - counter = counter + 1: null

2018-11-27 16:29:06 - [TEST_STEP][PASSED] - Statement - PreSaveFile = new java.io.File(((pathPrefix + java.lang.Integer.toString(counter)) + .png)): null

2018-11-27 16:29:06 - [TEST_STEP][PASSED] - Statement - counter = counter + 1: null

2018-11-27 16:29:06 - [TEST_STEP][PASSED] - Statement - PreSaveFile = new java.io.File(((pathPrefix + java.lang.Integer.toString(counter)) + .png)): null

2018-11-27 16:29:06 - [TEST_STEP][PASSED] - Statement - counter = counter + 1: null

2018-11-27 16:29:06 - [TEST_STEP][PASSED] - Statement - PreSaveFile = new java.io.File(((pathPrefix + java.lang.Integer.toString(counter)) + .png)): null

2018-11-27 16:29:06 - [TEST_STEP][PASSED] - Statement - counter = counter + 1: null

2018-11-27 16:29:06 - [TEST_STEP][PASSED] - Statement - PreSaveFile = new java.io.File(((pathPrefix + java.lang.Integer.toString(counter)) + .png)): null

2018-11-27 16:29:06 - [TEST_STEP][PASSED] - Statement - counter = counter + 1: null

2018-11-27 16:29:06 - [TEST_STEP][PASSED] - Statement - PreSaveFile = new java.io.File(((pathPrefix + java.lang.Integer.toString(counter)) + .png)): null

2018-11-27 16:29:06 - [TEST_STEP][PASSED] - Statement - counter = counter + 1: null

2018-11-27 16:29:06 - [TEST_STEP][PASSED] - Statement - PreSaveFile = new java.io.File(((pathPrefix + java.lang.Integer.toString(counter)) + .png)): null

2018-11-27 16:29:06 - [TEST_STEP][PASSED] - Statement - counter = counter + 1: null

2018-11-27 16:29:06 - [TEST_STEP][PASSED] - Statement - PreSaveFile = new java.io.File(((pathPrefix + java.lang.Integer.toString(counter)) + .png)): null

2018-11-27 16:29:06 - [TEST_STEP][PASSED] - Statement - counter = counter + 1: null

2018-11-27 16:29:06 - [TEST_STEP][PASSED] - Statement - PreSaveFile = new java.io.File(((pathPrefix + java.lang.Integer.toString(counter)) + .png)): null

2018-11-27 16:29:06 - [TEST_STEP][PASSED] - Statement - counter = counter + 1: null

2018-11-27 16:29:06 - [TEST_STEP][PASSED] - Statement - PreSaveFile = new java.io.File(((pathPrefix + java.lang.Integer.toString(counter)) + .png)): null

2018-11-27 16:29:06 - [TEST_STEP][PASSED] - Statement - counter = counter + 1: null

2018-11-27 16:29:06 - [TEST_STEP][PASSED] - Statement - PreSaveFile = new java.io.File(((pathPrefix + java.lang.Integer.toString(counter)) + .png)): null

2018-11-27 16:29:06 - [TEST_STEP][PASSED] - Statement - counter = counter + 1: null

2018-11-27 16:29:06 - [TEST_STEP][PASSED] - Statement - PreSaveFile = new java.io.File(((pathPrefix + java.lang.Integer.toString(counter)) + .png)): null

2018-11-27 16:29:06 - [TEST_STEP][PASSED] - Statement - counter = counter + 1: null

2018-11-27 16:29:06 - [TEST_STEP][PASSED] - Statement - PreSaveFile = new java.io.File(((pathPrefix + java.lang.Integer.toString(counter)) + .png)): null

2018-11-27 16:29:06 - [TEST_STEP][PASSED] - Statement - counter = counter + 1: null

2018-11-27 16:29:06 - [TEST_STEP][PASSED] - Statement - PreSaveFile = new java.io.File(((pathPrefix + java.lang.Integer.toString(counter)) + .png)): null

2018-11-27 16:29:06 - [TEST_STEP][PASSED] - Statement - counter = counter + 1: null

2018-11-27 16:29:06 - [TEST_STEP][PASSED] - Statement - PreSaveFile = new java.io.File(((pathPrefix + java.lang.Integer.toString(counter)) + .png)): null

2018-11-27 16:29:06 - [TEST_STEP][PASSED] - Statement - counter = counter + 1: null

2018-11-27 16:29:06 - [TEST_STEP][PASSED] - Statement - PreSaveFile = new java.io.File(((pathPrefix + java.lang.Integer.toString(counter)) + .png)): null

2018-11-27 16:29:06 - [TEST_STEP][PASSED] - Statement - counter = counter + 1: null

2018-11-27 16:29:06 - [TEST_STEP][PASSED] - Statement - PreSaveFile = new java.io.File(((pathPrefix + java.lang.Integer.toString(counter)) + .png)): null

2018-11-27 16:29:06 - [TEST_STEP][PASSED] - Statement - counter = counter + 1: null

2018-11-27 16:29:06 - [TEST_STEP][PASSED] - Statement - PreSaveFile = new java.io.File(((pathPrefix + java.lang.Integer.toString(counter)) + .png)): null

2018-11-27 16:29:06 - [TEST_STEP][PASSED] - Statement - counter = counter + 1: null

2018-11-27 16:29:06 - [TEST_STEP][PASSED] - Statement - PreSaveFile = new java.io.File(((pathPrefix + java.lang.Integer.toString(counter)) + .png)): null

2018-11-27 16:29:06 - [TEST_STEP][PASSED] - Statement - counter = counter + 1: null

2018-11-27 16:29:06 - [TEST_STEP][PASSED] - Statement - PreSaveFile = new java.io.File(((pathPrefix + java.lang.Integer.toString(counter)) + .png)): null

2018-11-27 16:29:06 - [TEST_STEP][PASSED] - Statement - counter = counter + 1: null

2018-11-27 16:29:06 - [TEST_STEP][PASSED] - Statement - PreSaveFile = new java.io.File(((pathPrefix + java.lang.Integer.toString(counter)) + .png)): null

2018-11-27 16:29:06 - [TEST_STEP][PASSED] - Statement - counter = counter + 1: null

2018-11-27 16:29:06 - [TEST_STEP][PASSED] - Statement - PreSaveFile = new java.io.File(((pathPrefix + java.lang.Integer.toString(counter)) + .png)): null

2018-11-27 16:29:06 - [TEST_STEP][PASSED] - Statement - counter = counter + 1: null

2018-11-27 16:29:06 - [TEST_STEP][PASSED] - Statement - PreSaveFile = new java.io.File(((pathPrefix + java.lang.Integer.toString(counter)) + .png)): null

2018-11-27 16:29:06 - [TEST_STEP][PASSED] - Statement - counter = counter + 1: null

2018-11-27 16:29:06 - [TEST_STEP][PASSED] - Statement - PreSaveFile = new java.io.File(((pathPrefix + java.lang.Integer.toString(counter)) + .png)): null

2018-11-27 16:29:06 - [TEST_STEP][PASSED] - Statement - counter = counter + 1: null

2018-11-27 16:29:06 - [TEST_STEP][PASSED] - Statement - PreSaveFile = new java.io.File(((pathPrefix + java.lang.Integer.toString(counter)) + .png)): null

2018-11-27 16:29:06 - [TEST_STEP][PASSED] - Statement - counter = counter + 1: null

2018-11-27 16:29:06 - [TEST_STEP][PASSED] - Statement - PreSaveFile = new java.io.File(((pathPrefix + java.lang.Integer.toString(counter)) + .png)): null

2018-11-27 16:29:06 - [TEST_STEP][PASSED] - Statement - counter = counter + 1: null

2018-11-27 16:29:06 - [TEST_STEP][PASSED] - Statement - PreSaveFile = new java.io.File(((pathPrefix + java.lang.Integer.toString(counter)) + .png)): null

2018-11-27 16:29:06 - [TEST_STEP][PASSED] - Statement - counter = counter + 1: null

2018-11-27 16:29:06 - [TEST_STEP][PASSED] - Statement - PreSaveFile = new java.io.File(((pathPrefix + java.lang.Integer.toString(counter)) + .png)): null

2018-11-27 16:29:06 - [TEST_STEP][PASSED] - Statement - counter = counter + 1: null

2018-11-27 16:29:06 - [TEST_STEP][PASSED] - Statement - PreSaveFile = new java.io.File(((pathPrefix + java.lang.Integer.toString(counter)) + .png)): null

2018-11-27 16:29:06 - [TEST_STEP][PASSED] - Statement - counter = counter + 1: null

2018-11-27 16:29:06 - [TEST_STEP][PASSED] - Statement - PreSaveFile = new java.io.File(((pathPrefix + java.lang.Integer.toString(counter)) + .png)): null

2018-11-27 16:29:06 - [TEST_STEP][PASSED] - Statement - counter = counter + 1: null

2018-11-27 16:29:06 - [TEST_STEP][PASSED] - Statement - PreSaveFile = new java.io.File(((pathPrefix + java.lang.Integer.toString(counter)) + .png)): null

2018-11-27 16:29:06 - [TEST_STEP][PASSED] - Statement - counter = counter + 1: null

2018-11-27 16:29:06 - [TEST_STEP][PASSED] - Statement - PreSaveFile = new java.io.File(((pathPrefix + java.lang.Integer.toString(counter)) + .png)): null

2018-11-27 16:29:06 - [TEST_STEP][PASSED] - Statement - counter = counter + 1: null

2018-11-27 16:29:06 - [TEST_STEP][PASSED] - Statement - PreSaveFile = new java.io.File(((pathPrefix + java.lang.Integer.toString(counter)) + .png)): null

2018-11-27 16:29:06 - [TEST_STEP][PASSED] - Statement - counter = counter + 1: null

2018-11-27 16:29:06 - [TEST_STEP][PASSED] - Statement - PreSaveFile = new java.io.File(((pathPrefix + java.lang.Integer.toString(counter)) + .png)): null

2018-11-27 16:29:06 - [TEST_STEP][PASSED] - Statement - counter = counter + 1: null

2018-11-27 16:29:06 - [TEST_STEP][PASSED] - Statement - PreSaveFile = new java.io.File(((pathPrefix + java.lang.Integer.toString(counter)) + .png)): null

2018-11-27 16:29:06 - [TEST_STEP][PASSED] - Statement - counter = counter + 1: null

2018-11-27 16:29:06 - [TEST_STEP][PASSED] - Statement - PreSaveFile = new java.io.File(((pathPrefix + java.lang.Integer.toString(counter)) + .png)): null

2018-11-27 16:29:06 - [TEST_STEP][PASSED] - Statement - counter = counter + 1: null

2018-11-27 16:29:06 - [TEST_STEP][PASSED] - Statement - PreSaveFile = new java.io.File(((pathPrefix + java.lang.Integer.toString(counter)) + .png)): null

2018-11-27 16:29:06 - [TEST_STEP][PASSED] - Statement - counter = counter + 1: null

2018-11-27 16:29:06 - [TEST_STEP][PASSED] - Statement - PreSaveFile = new java.io.File(((pathPrefix + java.lang.Integer.toString(counter)) + .png)): null

2018-11-27 16:29:06 - [TEST_STEP][PASSED] - Statement - counter = counter + 1: null

2018-11-27 16:29:06 - [TEST_STEP][PASSED] - Statement - PreSaveFile = new java.io.File(((pathPrefix + java.lang.Integer.toString(counter)) + .png)): null

2018-11-27 16:29:06 - [TEST_STEP][PASSED] - Statement - counter = counter + 1: null

2018-11-27 16:29:06 - [TEST_STEP][PASSED] - Statement - PreSaveFile = new java.io.File(((pathPrefix + java.lang.Integer.toString(counter)) + .png)): null

2018-11-27 16:29:06 - [TEST_STEP][PASSED] - Statement - counter = counter + 1: null

2018-11-27 16:29:06 - [TEST_STEP][PASSED] - Statement - PreSaveFile = new java.io.File(((pathPrefix + java.lang.Integer.toString(counter)) + .png)): null

2018-11-27 16:29:06 - [TEST_STEP][PASSED] - Statement - counter = counter + 1: null

2018-11-27 16:29:06 - [TEST_STEP][PASSED] - Statement - PreSaveFile = new java.io.File(((pathPrefix + java.lang.Integer.toString(counter)) + .png)): null

2018-11-27 16:29:06 - [TEST_STEP][PASSED] - Statement - counter = counter + 1: null

2018-11-27 16:29:06 - [TEST_STEP][PASSED] - Statement - PreSaveFile = new java.io.File(((pathPrefix + java.lang.Integer.toString(counter)) + .png)): null

2018-11-27 16:29:06 - [TEST_STEP][PASSED] - Statement - counter = counter + 1: null

2018-11-27 16:29:06 - [TEST_STEP][PASSED] - Statement - PreSaveFile = new java.io.File(((pathPrefix + java.lang.Integer.toString(counter)) + .png)): null

2018-11-27 16:29:06 - [TEST_STEP][PASSED] - Statement - counter = counter + 1: null

2018-11-27 16:29:06 - [TEST_STEP][PASSED] - Statement - PreSaveFile = new java.io.File(((pathPrefix + java.lang.Integer.toString(counter)) + .png)): null

2018-11-27 16:29:06 - [TEST_STEP][PASSED] - Statement - counter = counter + 1: null

2018-11-27 16:29:06 - [TEST_STEP][PASSED] - Statement - PreSaveFile = new java.io.File(((pathPrefix + java.lang.Integer.toString(counter)) + .png)): null

2018-11-27 16:29:06 - [TEST_STEP][PASSED] - Statement - counter = counter + 1: null

2018-11-27 16:29:06 - [TEST_STEP][PASSED] - Statement - PreSaveFile = new java.io.File(((pathPrefix + java.lang.Integer.toString(counter)) + .png)): null

2018-11-27 16:29:06 - [TEST_STEP][PASSED] - Statement - counter = counter + 1: null

2018-11-27 16:29:06 - [TEST_STEP][PASSED] - Statement - PreSaveFile = new java.io.File(((pathPrefix + java.lang.Integer.toString(counter)) + .png)): null

2018-11-27 16:29:06 - [TEST_STEP][PASSED] - Statement - counter = counter + 1: null

2018-11-27 16:29:06 - [TEST_STEP][PASSED] - Statement - PreSaveFile = new java.io.File(((pathPrefix + java.lang.Integer.toString(counter)) + .png)): null

2018-11-27 16:29:06 - [TEST_STEP][PASSED] - Statement - counter = counter + 1: null

2018-11-27 16:29:06 - [TEST_STEP][PASSED] - Statement - PreSaveFile = new java.io.File(((pathPrefix + java.lang.Integer.toString(counter)) + .png)): null

2018-11-27 16:29:06 - [TEST_STEP][PASSED] - Statement - counter = counter + 1: null

2018-11-27 16:29:06 - [TEST_STEP][PASSED] - Statement - PreSaveFile = new java.io.File(((pathPrefix + java.lang.Integer.toString(counter)) + .png)): null

2018-11-27 16:29:06 - [TEST_STEP][PASSED] - Statement - counter = counter + 1: null

2018-11-27 16:29:06 - [TEST_STEP][PASSED] - Statement - PreSaveFile = new java.io.File(((pathPrefix + java.lang.Integer.toString(counter)) + .png)): null

2018-11-27 16:29:06 - [TEST_STEP][PASSED] - Statement - counter = counter + 1: null

2018-11-27 16:29:06 - [TEST_STEP][PASSED] - Statement - PreSaveFile = new java.io.File(((pathPrefix + java.lang.Integer.toString(counter)) + .png)): null

2018-11-27 16:29:06 - [TEST_STEP][PASSED] - Statement - counter = counter + 1: null

2018-11-27 16:29:06 - [TEST_STEP][PASSED] - Statement - PreSaveFile = new java.io.File(((pathPrefix + java.lang.Integer.toString(counter)) + .png)): null

2018-11-27 16:29:06 - [TEST_STEP][PASSED] - Statement - counter = counter + 1: null

2018-11-27 16:29:06 - [TEST_STEP][PASSED] - Statement - PreSaveFile = new java.io.File(((pathPrefix + java.lang.Integer.toString(counter)) + .png)): null

2018-11-27 16:29:06 - [TEST_STEP][PASSED] - Statement - counter = counter + 1: null

2018-11-27 16:29:06 - [TEST_STEP][PASSED] - Statement - PreSaveFile = new java.io.File(((pathPrefix + java.lang.Integer.toString(counter)) + .png)): null

2018-11-27 16:29:06 - [TEST_STEP][PASSED] - Statement - counter = counter + 1: null

2018-11-27 16:29:06 - [TEST_STEP][PASSED] - Statement - PreSaveFile = new java.io.File(((pathPrefix + java.lang.Integer.toString(counter)) + .png)): null

2018-11-27 16:29:06 - [TEST_STEP][PASSED] - Statement - counter = counter + 1: null

2018-11-27 16:29:06 - [TEST_STEP][PASSED] - Statement - PreSaveFile = new java.io.File(((pathPrefix + java.lang.Integer.toString(counter)) + .png)): null

2018-11-27 16:29:06 - [TEST_STEP][PASSED] - Statement - counter = counter + 1: null

2018-11-27 16:29:06 - [TEST_STEP][PASSED] - Statement - PreSaveFile = new java.io.File(((pathPrefix + java.lang.Integer.toString(counter)) + .png)): null

2018-11-27 16:29:06 - [TEST_STEP][PASSED] - Statement - counter = counter + 1: null

2018-11-27 16:29:06 - [TEST_STEP][PASSED] - Statement - PreSaveFile = new java.io.File(((pathPrefix + java.lang.Integer.toString(counter)) + .png)): null

2018-11-27 16:29:06 - [TEST_STEP][PASSED] - Statement - counter = counter + 1: null

2018-11-27 16:29:06 - [TEST_STEP][PASSED] - Statement - PreSaveFile = new java.io.File(((pathPrefix + java.lang.Integer.toString(counter)) + .png)): null

2018-11-27 16:29:06 - [TEST_STEP][PASSED] - Statement - counter = counter + 1: null

2018-11-27 16:29:06 - [TEST_STEP][PASSED] - Statement - PreSaveFile = new java.io.File(((pathPrefix + java.lang.Integer.toString(counter)) + .png)): null

2018-11-27 16:29:06 - [TEST_STEP][PASSED] - Statement - counter = counter + 1: null

2018-11-27 16:29:06 - [TEST_STEP][PASSED] - Statement - PreSaveFile = new java.io.File(((pathPrefix + java.lang.Integer.toString(counter)) + .png)): null

2018-11-27 16:29:06 - [TEST_STEP][PASSED] - Statement - counter = counter + 1: null

2018-11-27 16:29:06 - [TEST_STEP][PASSED] - Statement - PreSaveFile = new java.io.File(((pathPrefix + java.lang.Integer.toString(counter)) + .png)): null

2018-11-27 16:29:06 - [TEST_STEP][PASSED] - Statement - counter = counter + 1: null

2018-11-27 16:29:06 - [TEST_STEP][PASSED] - Statement - PreSaveFile = new java.io.File(((pathPrefix + java.lang.Integer.toString(counter)) + .png)): null

2018-11-27 16:29:06 - [TEST_STEP][PASSED] - Statement - counter = counter + 1: null

2018-11-27 16:29:06 - [TEST_STEP][PASSED] - Statement - PreSaveFile = new java.io.File(((pathPrefix + java.lang.Integer.toString(counter)) + .png)): null

2018-11-27 16:29:06 - [TEST_STEP][PASSED] - Statement - counter = counter + 1: null

2018-11-27 16:29:06 - [TEST_STEP][PASSED] - Statement - PreSaveFile = new java.io.File(((pathPrefix + java.lang.Integer.toString(counter)) + .png)): null

2018-11-27 16:29:06 - [TEST_STEP][PASSED] - Statement - counter = counter + 1: null

2018-11-27 16:29:06 - [TEST_STEP][PASSED] - Statement - PreSaveFile = new java.io.File(((pathPrefix + java.lang.Integer.toString(counter)) + .png)): null

2018-11-27 16:29:06 - [TEST_STEP][PASSED] - Statement - counter = counter + 1: null

2018-11-27 16:29:06 - [TEST_STEP][PASSED] - Statement - PreSaveFile = new java.io.File(((pathPrefix + java.lang.Integer.toString(counter)) + .png)): null

2018-11-27 16:29:06 - [TEST_STEP][PASSED] - Statement - counter = counter + 1: null

2018-11-27 16:29:06 - [TEST_STEP][PASSED] - Statement - PreSaveFile = new java.io.File(((pathPrefix + java.lang.Integer.toString(counter)) + .png)): null

2018-11-27 16:29:06 - [TEST_STEP][PASSED] - Statement - counter = counter + 1: null

2018-11-27 16:29:06 - [TEST_STEP][PASSED] - Statement - PreSaveFile = new java.io.File(((pathPrefix + java.lang.Integer.toString(counter)) + .png)): null

2018-11-27 16:29:06 - [TEST_STEP][PASSED] - Statement - counter = counter + 1: null

2018-11-27 16:29:06 - [TEST_STEP][PASSED] - Statement - PreSaveFile = new java.io.File(((pathPrefix + java.lang.Integer.toString(counter)) + .png)): null

2018-11-27 16:29:06 - [TEST_STEP][PASSED] - Statement - counter = counter + 1: null

2018-11-27 16:29:06 - [TEST_STEP][PASSED] - Statement - PreSaveFile = new java.io.File(((pathPrefix + java.lang.Integer.toString(counter)) + .png)): null

2018-11-27 16:29:06 - [TEST_STEP][PASSED] - Statement - counter = counter + 1: null

2018-11-27 16:29:06 - [TEST_STEP][PASSED] - Statement - PreSaveFile = new java.io.File(((pathPrefix + java.lang.Integer.toString(counter)) + .png)): null

2018-11-27 16:29:06 - [TEST_STEP][PASSED] - Statement - counter = counter + 1: null

2018-11-27 16:29:06 - [TEST_STEP][PASSED] - Statement - PreSaveFile = new java.io.File(((pathPrefix + java.lang.Integer.toString(counter)) + .png)): null

2018-11-27 16:29:06 - [TEST_STEP][PASSED] - Statement - counter = counter + 1: null

2018-11-27 16:29:06 - [TEST_STEP][PASSED] - Statement - PreSaveFile = new java.io.File(((pathPrefix + java.lang.Integer.toString(counter)) + .png)): null

2018-11-27 16:29:06 - [TEST_STEP][PASSED] - Statement - counter = counter + 1: null

2018-11-27 16:29:06 - [TEST_STEP][PASSED] - Statement - PreSaveFile = new java.io.File(((pathPrefix + java.lang.Integer.toString(counter)) + .png)): null

2018-11-27 16:29:06 - [TEST_STEP][PASSED] - Statement - counter = counter + 1: null

2018-11-27 16:29:06 - [TEST_STEP][PASSED] - Statement - PreSaveFile = new java.io.File(((pathPrefix + java.lang.Integer.toString(counter)) + .png)): null

2018-11-27 16:29:06 - [TEST_STEP][PASSED] - Statement - counter = counter + 1: null

2018-11-27 16:29:06 - [TEST_STEP][PASSED] - Statement - PreSaveFile = new java.io.File(((pathPrefix + java.lang.Integer.toString(counter)) + .png)): null

2018-11-27 16:29:06 - [TEST_STEP][PASSED] - Statement - counter = counter + 1: null

2018-11-27 16:29:06 - [TEST_STEP][PASSED] - Statement - PreSaveFile = new java.io.File(((pathPrefix + java.lang.Integer.toString(counter)) + .png)): null

2018-11-27 16:29:06 - [TEST_STEP][PASSED] - Statement - counter = counter + 1: null

2018-11-27 16:29:06 - [TEST_STEP][PASSED] - Statement - PreSaveFile = new java.io.File(((pathPrefix + java.lang.Integer.toString(counter)) + .png)): null

2018-11-27 16:29:06 - [TEST_STEP][PASSED] - Statement - counter = counter + 1: null

2018-11-27 16:29:06 - [TEST_STEP][PASSED] - Statement - PreSaveFile = new java.io.File(((pathPrefix + java.lang.Integer.toString(counter)) + .png)): null

2018-11-27 16:29:06 - [TEST_STEP][PASSED] - Statement - counter = counter + 1: null

2018-11-27 16:29:06 - [TEST_STEP][PASSED] - Statement - PreSaveFile = new java.io.File(((pathPrefix + java.lang.Integer.toString(counter)) + .png)): null

2018-11-27 16:29:06 - [TEST_STEP][PASSED] - Statement - counter = counter + 1: null

2018-11-27 16:29:06 - [TEST_STEP][PASSED] - Statement - PreSaveFile = new java.io.File(((pathPrefix + java.lang.Integer.toString(counter)) + .png)): null

2018-11-27 16:29:06 - [TEST_STEP][PASSED] - Statement - counter = counter + 1: null

2018-11-27 16:29:06 - [TEST_STEP][PASSED] - Statement - PreSaveFile = new java.io.File(((pathPrefix + java.lang.Integer.toString(counter)) + .png)): null

2018-11-27 16:29:06 - [TEST_STEP][PASSED] - Statement - counter = counter + 1: null

2018-11-27 16:29:06 - [TEST_STEP][PASSED] - Statement - PreSaveFile = new java.io.File(((pathPrefix + java.lang.Integer.toString(counter)) + .png)): null

2018-11-27 16:29:06 - [TEST_STEP][PASSED] - Statement - counter = counter + 1: null

2018-11-27 16:29:06 - [TEST_STEP][PASSED] - Statement - PreSaveFile = new java.io.File(((pathPrefix + java.lang.Integer.toString(counter)) + .png)): null

2018-11-27 16:29:06 - [TEST_STEP][PASSED] - Statement - counter = counter + 1: null

2018-11-27 16:29:06 - [TEST_STEP][PASSED] - Statement - PreSaveFile = new java.io.File(((pathPrefix + java.lang.Integer.toString(counter)) + .png)): null

2018-11-27 16:29:06 - [TEST_STEP][PASSED] - Statement - counter = counter + 1: null

2018-11-27 16:29:06 - [TEST_STEP][PASSED] - Statement - PreSaveFile = new java.io.File(((pathPrefix + java.lang.Integer.toString(counter)) + .png)): null

2018-11-27 16:29:06 - [TEST_STEP][PASSED] - Statement - counter = counter + 1: null

2018-11-27 16:29:06 - [TEST_STEP][PASSED] - Statement - PreSaveFile = new java.io.File(((pathPrefix + java.lang.Integer.toString(counter)) + .png)): null

2018-11-27 16:29:06 - [TEST_STEP][PASSED] - Statement - counter = counter + 1: null

2018-11-27 16:29:06 - [TEST_STEP][PASSED] - Statement - PreSaveFile = new java.io.File(((pathPrefix + java.lang.Integer.toString(counter)) + .png)): null

2018-11-27 16:29:06 - [TEST_STEP][PASSED] - Statement - counter = counter + 1: null

2018-11-27 16:29:06 - [TEST_STEP][PASSED] - Statement - PreSaveFile = new java.io.File(((pathPrefix + java.lang.Integer.toString(counter)) + .png)): null

2018-11-27 16:29:06 - [TEST_STEP][PASSED] - Statement - counter = counter + 1: null

2018-11-27 16:29:06 - [TEST_STEP][PASSED] - Statement - PreSaveFile = new java.io.File(((pathPrefix + java.lang.Integer.toString(counter)) + .png)): null

2018-11-27 16:29:06 - [TEST_STEP][PASSED] - Statement - counter = counter + 1: null

2018-11-27 16:29:06 - [TEST_STEP][PASSED] - Statement - PreSaveFile = new java.io.File(((pathPrefix + java.lang.Integer.toString(counter)) + .png)): null

2018-11-27 16:29:06 - [TEST_STEP][PASSED] - Statement - counter = counter + 1: null

2018-11-27 16:29:06 - [TEST_STEP][PASSED] - Statement - PreSaveFile = new java.io.File(((pathPrefix + java.lang.Integer.toString(counter)) + .png)): null

2018-11-27 16:29:06 - [TEST_STEP][PASSED] - Statement - counter = counter + 1: null

2018-11-27 16:29:06 - [TEST_STEP][PASSED] - Statement - PreSaveFile = new java.io.File(((pathPrefix + java.lang.Integer.toString(counter)) + .png)): null

2018-11-27 16:29:06 - [TEST_STEP][PASSED] - Statement - counter = counter + 1: null

2018-11-27 16:29:06 - [TEST_STEP][PASSED] - Statement - PreSaveFile = new java.io.File(((pathPrefix + java.lang.Integer.toString(counter)) + .png)): null

2018-11-27 16:29:06 - [TEST_STEP][PASSED] - Statement - counter = counter + 1: null

2018-11-27 16:29:06 - [TEST_STEP][PASSED] - Statement - PreSaveFile = new java.io.File(((pathPrefix + java.lang.Integer.toString(counter)) + .png)): null

2018-11-27 16:29:06 - [TEST_STEP][PASSED] - Statement - counter = counter + 1: null

2018-11-27 16:29:06 - [TEST_STEP][PASSED] - Statement - PreSaveFile = new java.io.File(((pathPrefix + java.lang.Integer.toString(counter)) + .png)): null

2018-11-27 16:29:06 - [TEST_STEP][PASSED] - Statement - counter = counter + 1: null

2018-11-27 16:29:06 - [TEST_STEP][PASSED] - Statement - PreSaveFile = new java.io.File(((pathPrefix + java.lang.Integer.toString(counter)) + .png)): null

2018-11-27 16:29:06 - [TEST_STEP][PASSED] - Statement - counter = counter + 1: null

2018-11-27 16:29:06 - [TEST_STEP][PASSED] - Statement - PreSaveFile = new java.io.File(((pathPrefix + java.lang.Integer.toString(counter)) + .png)): null

2018-11-27 16:29:06 - [TEST_STEP][PASSED] - Statement - counter = counter + 1: null

2018-11-27 16:29:06 - [TEST_STEP][PASSED] - Statement - PreSaveFile = new java.io.File(((pathPrefix + java.lang.Integer.toString(counter)) + .png)): null

2018-11-27 16:29:06 - [TEST_STEP][PASSED] - Statement - counter = counter + 1: null

2018-11-27 16:29:06 - [TEST_STEP][PASSED] - Statement - PreSaveFile = new java.io.File(((pathPrefix + java.lang.Integer.toString(counter)) + .png)): null

2018-11-27 16:29:06 - [TEST_STEP][PASSED] - Statement - counter = counter + 1: null

2018-11-27 16:29:06 - [TEST_STEP][PASSED] - Statement - PreSaveFile = new java.io.File(((pathPrefix + java.lang.Integer.toString(counter)) + .png)): null

2018-11-27 16:29:06 - [TEST_STEP][PASSED] - Statement - counter = counter + 1: null

2018-11-27 16:29:06 - [TEST_STEP][PASSED] - Statement - PreSaveFile = new java.io.File(((pathPrefix + java.lang.Integer.toString(counter)) + .png)): null

2018-11-27 16:29:06 - [TEST_STEP][PASSED] - Statement - counter = counter + 1: null

2018-11-27 16:29:06 - [TEST_STEP][PASSED] - Statement - PreSaveFile = new java.io.File(((pathPrefix + java.lang.Integer.toString(counter)) + .png)): null

2018-11-27 16:29:06 - [TEST_STEP][PASSED] - Statement - counter = counter + 1: null

2018-11-27 16:29:06 - [TEST_STEP][PASSED] - Statement - PreSaveFile = new java.io.File(((pathPrefix + java.lang.Integer.toString(counter)) + .png)): null

2018-11-27 16:29:06 - [TEST_STEP][PASSED] - Statement - counter = counter + 1: null

2018-11-27 16:29:06 - [TEST_STEP][PASSED] - Statement - PreSaveFile = new java.io.File(((pathPrefix + java.lang.Integer.toString(counter)) + .png)): null

2018-11-27 16:29:06 - [TEST_STEP][PASSED] - Statement - counter = counter + 1: null

2018-11-27 16:29:06 - [TEST_STEP][PASSED] - Statement - PreSaveFile = new java.io.File(((pathPrefix + java.lang.Integer.toString(counter)) + .png)): null

2018-11-27 16:29:06 - [TEST_STEP][PASSED] - Statement - counter = counter + 1: null

2018-11-27 16:29:06 - [TEST_STEP][PASSED] - Statement - PreSaveFile = new java.io.File(((pathPrefix + java.lang.Integer.toString(counter)) + .png)): null

2018-11-27 16:29:06 - [TEST_STEP][PASSED] - Statement - counter = counter + 1: null

2018-11-27 16:29:06 - [TEST_STEP][PASSED] - Statement - PreSaveFile = new java.io.File(((pathPrefix + java.lang.Integer.toString(counter)) + .png)): null

2018-11-27 16:29:06 - [TEST_STEP][PASSED] - Statement - counter = counter + 1: null

2018-11-27 16:29:06 - [TEST_STEP][PASSED] - Statement - PreSaveFile = new java.io.File(((pathPrefix + java.lang.Integer.toString(counter)) + .png)): null

2018-11-27 16:29:06 - [TEST_STEP][PASSED] - Statement - counter = counter + 1: null

2018-11-27 16:29:06 - [TEST_STEP][PASSED] - Statement - PreSaveFile = new java.io.File(((pathPrefix + java.lang.Integer.toString(counter)) + .png)): null

2018-11-27 16:29:06 - [TEST_STEP][PASSED] - Statement - counter = counter + 1: null

2018-11-27 16:29:06 - [TEST_STEP][PASSED] - Statement - PreSaveFile = new java.io.File(((pathPrefix + java.lang.Integer.toString(counter)) + .png)): null

2018-11-27 16:29:06 - [TEST_STEP][PASSED] - Statement - counter = counter + 1: null

2018-11-27 16:29:06 - [TEST_STEP][PASSED] - Statement - PreSaveFile = new java.io.File(((pathPrefix + java.lang.Integer.toString(counter)) + .png)): null

2018-11-27 16:29:06 - [TEST_STEP][PASSED] - Statement - counter = counter + 1: null

2018-11-27 16:29:06 - [TEST_STEP][PASSED] - Statement - PreSaveFile = new java.io.File(((pathPrefix + java.lang.Integer.toString(counter)) + .png)): null

2018-11-27 16:29:06 - [TEST_STEP][PASSED] - Statement - counter = counter + 1: null

2018-11-27 16:29:06 - [TEST_STEP][PASSED] - Statement - PreSaveFile = new java.io.File(((pathPrefix + java.lang.Integer.toString(counter)) + .png)): null

2018-11-27 16:29:06 - [TEST_STEP][PASSED] - Statement - counter = counter + 1: null

2018-11-27 16:29:06 - [TEST_STEP][PASSED] - Statement - PreSaveFile = new java.io.File(((pathPrefix + java.lang.Integer.toString(counter)) + .png)): null

2018-11-27 16:29:06 - [TEST_STEP][PASSED] - Statement - counter = counter + 1: null

2018-11-27 16:29:06 - [TEST_STEP][PASSED] - Statement - PreSaveFile = new java.io.File(((pathPrefix + java.lang.Integer.toString(counter)) + .png)): null

2018-11-27 16:29:06 - [TEST_STEP][PASSED] - Statement - counter = counter + 1: null

2018-11-27 16:29:06 - [TEST_STEP][PASSED] - Statement - PreSaveFile = new java.io.File(((pathPrefix + java.lang.Integer.toString(counter)) + .png)): null

2018-11-27 16:29:06 - [TEST_STEP][PASSED] - Statement - counter = counter + 1: null

2018-11-27 16:29:06 - [TEST_STEP][PASSED] - Statement - PreSaveFile = new java.io.File(((pathPrefix + java.lang.Integer.toString(counter)) + .png)): null

2018-11-27 16:29:06 - [TEST_STEP][PASSED] - Statement - counter = counter + 1: null

2018-11-27 16:29:07 - [TEST_STEP][PASSED] - Statement - PreSaveFile = new java.io.File(((pathPrefix + java.lang.Integer.toString(counter)) + .png)): null

2018-11-27 16:29:07 - [TEST_STEP][PASSED] - Statement - counter = counter + 1: null

2018-11-27 16:29:07 - [TEST_STEP][PASSED] - Statement - PreSaveFile = new java.io.File(((pathPrefix + java.lang.Integer.toString(counter)) + .png)): null

2018-11-27 16:29:07 - [TEST_STEP][PASSED] - Statement - counter = counter + 1: null

2018-11-27 16:29:07 - [TEST_STEP][PASSED] - Statement - PreSaveFile = new java.io.File(((pathPrefix + java.lang.Integer.toString(counter)) + .png)): null

2018-11-27 16:29:07 - [TEST_STEP][PASSED] - Statement - counter = counter + 1: null

2018-11-27 16:29:07 - [TEST_STEP][PASSED] - Statement - PreSaveFile = new java.io.File(((pathPrefix + java.lang.Integer.toString(counter)) + .png)): null

2018-11-27 16:29:07 - [TEST_STEP][PASSED] - Statement - counter = counter + 1: null

2018-11-27 16:29:07 - [TEST_STEP][PASSED] - Statement - PreSaveFile = new java.io.File(((pathPrefix + java.lang.Integer.toString(counter)) + .png)): null

2018-11-27 16:29:07 - [TEST_STEP][PASSED] - Statement - counter = counter + 1: null

2018-11-27 16:29:07 - [TEST_STEP][PASSED] - Statement - PreSaveFile = new java.io.File(((pathPrefix + java.lang.Integer.toString(counter)) + .png)): null

2018-11-27 16:29:07 - [TEST_STEP][PASSED] - Statement - counter = counter + 1: null

2018-11-27 16:29:07 - [TEST_STEP][PASSED] - Statement - PreSaveFile = new java.io.File(((pathPrefix + java.lang.Integer.toString(counter)) + .png)): null

2018-11-27 16:29:07 - [TEST_STEP][PASSED] - Statement - counter = counter + 1: null

2018-11-27 16:29:07 - [TEST_STEP][PASSED] - Statement - PreSaveFile = new java.io.File(((pathPrefix + java.lang.Integer.toString(counter)) + .png)): null

2018-11-27 16:29:07 - [TEST_STEP][PASSED] - Statement - counter = counter + 1: null

2018-11-27 16:29:07 - [TEST_STEP][PASSED] - Statement - PreSaveFile = new java.io.File(((pathPrefix + java.lang.Integer.toString(counter)) + .png)): null

2018-11-27 16:29:07 - [TEST_STEP][PASSED] - Statement - counter = counter + 1: null

2018-11-27 16:29:07 - [TEST_STEP][PASSED] - Statement - PreSaveFile = new java.io.File(((pathPrefix + java.lang.Integer.toString(counter)) + .png)): null

2018-11-27 16:29:07 - [TEST_STEP][PASSED] - Statement - counter = counter + 1: null

2018-11-27 16:29:07 - [TEST_STEP][PASSED] - Statement - PreSaveFile = new java.io.File(((pathPrefix + java.lang.Integer.toString(counter)) + .png)): null

2018-11-27 16:29:07 - [TEST_STEP][PASSED] - Statement - counter = counter + 1: null

2018-11-27 16:29:07 - [TEST_STEP][PASSED] - Statement - PreSaveFile = new java.io.File(((pathPrefix + java.lang.Integer.toString(counter)) + .png)): null

2018-11-27 16:29:07 - [TEST_STEP][PASSED] - Statement - counter = counter + 1: null

2018-11-27 16:29:07 - [TEST_STEP][PASSED] - Statement - PreSaveFile = new java.io.File(((pathPrefix + java.lang.Integer.toString(counter)) + .png)): null

2018-11-27 16:29:07 - [TEST_STEP][PASSED] - Statement - counter = counter + 1: null

2018-11-27 16:29:07 - [TEST_STEP][PASSED] - Statement - PreSaveFile = new java.io.File(((pathPrefix + java.lang.Integer.toString(counter)) + .png)): null

2018-11-27 16:29:07 - [TEST_STEP][PASSED] - Statement - counter = counter + 1: null

2018-11-27 16:29:07 - [TEST_STEP][PASSED] - Statement - PreSaveFile = new java.io.File(((pathPrefix + java.lang.Integer.toString(counter)) + .png)): null

2018-11-27 16:29:07 - [TEST_STEP][PASSED] - Statement - counter = counter + 1: null

2018-11-27 16:29:07 - [TEST_STEP][PASSED] - Statement - PreSaveFile = new java.io.File(((pathPrefix + java.lang.Integer.toString(counter)) + .png)): null

2018-11-27 16:29:07 - [TEST_STEP][PASSED] - Statement - counter = counter + 1: null

2018-11-27 16:29:07 - [TEST_STEP][PASSED] - Statement - PreSaveFile = new java.io.File(((pathPrefix + java.lang.Integer.toString(counter)) + .png)): null

2018-11-27 16:29:07 - [TEST_STEP][PASSED] - Statement - counter = counter + 1: null

2018-11-27 16:29:07 - [TEST_STEP][PASSED] - Statement - PreSaveFile = new java.io.File(((pathPrefix + java.lang.Integer.toString(counter)) + .png)): null

2018-11-27 16:29:07 - [TEST_STEP][PASSED] - Statement - counter = counter + 1: null

2018-11-27 16:29:07 - [TEST_STEP][PASSED] - Statement - PreSaveFile = new java.io.File(((pathPrefix + java.lang.Integer.toString(counter)) + .png)): null

2018-11-27 16:29:07 - [TEST_STEP][PASSED] - Statement - counter = counter + 1: null

2018-11-27 16:29:07 - [TEST_STEP][PASSED] - Statement - PreSaveFile = new java.io.File(((pathPrefix + java.lang.Integer.toString(counter)) + .png)): null

2018-11-27 16:29:07 - [TEST_STEP][PASSED] - Statement - counter = counter + 1: null

2018-11-27 16:29:07 - [TEST_STEP][PASSED] - Statement - PreSaveFile = new java.io.File(((pathPrefix + java.lang.Integer.toString(counter)) + .png)): null

2018-11-27 16:29:07 - [TEST_STEP][PASSED] - Statement - counter = counter + 1: null

2018-11-27 16:29:07 - [TEST_STEP][PASSED] - Statement - PreSaveFile = new java.io.File(((pathPrefix + java.lang.Integer.toString(counter)) + .png)): null

2018-11-27 16:29:07 - [TEST_STEP][PASSED] - Statement - counter = counter + 1: null

2018-11-27 16:29:07 - [TEST_STEP][PASSED] - Statement - PreSaveFile = new java.io.File(((pathPrefix + java.lang.Integer.toString(counter)) + .png)): null

2018-11-27 16:29:07 - [TEST_STEP][PASSED] - Statement - counter = counter + 1: null

2018-11-27 16:29:07 - [TEST_STEP][PASSED] - Statement - PreSaveFile = new java.io.File(((pathPrefix + java.lang.Integer.toString(counter)) + .png)): null

2018-11-27 16:29:07 - [TEST_STEP][PASSED] - Statement - counter = counter + 1: null

2018-11-27 16:29:07 - [TEST_STEP][PASSED] - Statement - PreSaveFile = new java.io.File(((pathPrefix + java.lang.Integer.toString(counter)) + .png)): null

2018-11-27 16:29:07 - [TEST_STEP][PASSED] - Statement - counter = counter + 1: null

2018-11-27 16:29:07 - [TEST_STEP][PASSED] - Statement - PreSaveFile = new java.io.File(((pathPrefix + java.lang.Integer.toString(counter)) + .png)): null

2018-11-27 16:29:07 - [TEST_STEP][PASSED] - Statement - counter = counter + 1: null

2018-11-27 16:29:07 - [TEST_STEP][PASSED] - Statement - PreSaveFile = new java.io.File(((pathPrefix + java.lang.Integer.toString(counter)) + .png)): null

2018-11-27 16:29:07 - [TEST_STEP][PASSED] - Statement - counter = counter + 1: null

2018-11-27 16:29:07 - [TEST_STEP][PASSED] - Statement - PreSaveFile = new java.io.File(((pathPrefix + java.lang.Integer.toString(counter)) + .png)): null

2018-11-27 16:29:07 - [TEST_STEP][PASSED] - Statement - counter = counter + 1: null

2018-11-27 16:29:07 - [TEST_STEP][PASSED] - Statement - PreSaveFile = new java.io.File(((pathPrefix + java.lang.Integer.toString(counter)) + .png)): null

2018-11-27 16:29:07 - [TEST_STEP][PASSED] - Statement - counter = counter + 1: null

2018-11-27 16:29:07 - [TEST_STEP][PASSED] - Statement - PreSaveFile = new java.io.File(((pathPrefix + java.lang.Integer.toString(counter)) + .png)): null

2018-11-27 16:29:07 - [TEST_STEP][PASSED] - Statement - counter = counter + 1: null

2018-11-27 16:29:07 - [TEST_STEP][PASSED] - Statement - PreSaveFile = new java.io.File(((pathPrefix + java.lang.Integer.toString(counter)) + .png)): null

2018-11-27 16:29:07 - [TEST_STEP][PASSED] - Statement - counter = counter + 1: null

2018-11-27 16:29:07 - [TEST_STEP][PASSED] - Statement - PreSaveFile = new java.io.File(((pathPrefix + java.lang.Integer.toString(counter)) + .png)): null

2018-11-27 16:29:07 - [TEST_STEP][PASSED] - Statement - counter = counter + 1: null

2018-11-27 16:29:07 - [TEST_STEP][PASSED] - Statement - PreSaveFile = new java.io.File(((pathPrefix + java.lang.Integer.toString(counter)) + .png)): null

2018-11-27 16:29:07 - [TEST_STEP][PASSED] - Statement - counter = counter + 1: null

2018-11-27 16:29:07 - [TEST_STEP][PASSED] - Statement - PreSaveFile = new java.io.File(((pathPrefix + java.lang.Integer.toString(counter)) + .png)): null

2018-11-27 16:29:07 - [TEST_STEP][PASSED] - Statement - counter = counter + 1: null

2018-11-27 16:29:07 - [TEST_STEP][PASSED] - Statement - PreSaveFile = new java.io.File(((pathPrefix + java.lang.Integer.toString(counter)) + .png)): null

2018-11-27 16:29:07 - [TEST_STEP][PASSED] - Statement - counter = counter + 1: null

2018-11-27 16:29:07 - [TEST_STEP][PASSED] - Statement - PreSaveFile = new java.io.File(((pathPrefix + java.lang.Integer.toString(counter)) + .png)): null

2018-11-27 16:29:07 - [TEST_STEP][PASSED] - Statement - counter = counter + 1: null

2018-11-27 16:29:07 - [TEST_STEP][PASSED] - Statement - PreSaveFile = new java.io.File(((pathPrefix + java.lang.Integer.toString(counter)) + .png)): null

2018-11-27 16:29:07 - [TEST_STEP][PASSED] - Statement - counter = counter + 1: null

2018-11-27 16:29:07 - [TEST_STEP][PASSED] - Statement - PreSaveFile = new java.io.File(((pathPrefix + java.lang.Integer.toString(counter)) + .png)): null

2018-11-27 16:29:07 - [TEST_STEP][PASSED] - Statement - counter = counter + 1: null

2018-11-27 16:29:07 - [TEST_STEP][PASSED] - Statement - PreSaveFile = new java.io.File(((pathPrefix + java.lang.Integer.toString(counter)) + .png)): null

2018-11-27 16:29:07 - [TEST_STEP][PASSED] - Statement - counter = counter + 1: null

2018-11-27 16:29:07 - [TEST_STEP][PASSED] - Statement - PreSaveFile = new java.io.File(((pathPrefix + java.lang.Integer.toString(counter)) + .png)): null

2018-11-27 16:29:07 - [TEST_STEP][PASSED] - Statement - counter = counter + 1: null

2018-11-27 16:29:07 - [TEST_STEP][PASSED] - Statement - PreSaveFile = new java.io.File(((pathPrefix + java.lang.Integer.toString(counter)) + .png)): null

2018-11-27 16:29:07 - [TEST_STEP][PASSED] - Statement - counter = counter + 1: null

2018-11-27 16:29:07 - [TEST_STEP][PASSED] - Statement - PreSaveFile = new java.io.File(((pathPrefix + java.lang.Integer.toString(counter)) + .png)): null

2018-11-27 16:29:07 - [TEST_STEP][PASSED] - Statement - counter = counter + 1: null

2018-11-27 16:29:07 - [TEST_STEP][PASSED] - Statement - PreSaveFile = new java.io.File(((pathPrefix + java.lang.Integer.toString(counter)) + .png)): null

2018-11-27 16:29:07 - [TEST_STEP][PASSED] - Statement - counter = counter + 1: null

2018-11-27 16:29:07 - [TEST_STEP][PASSED] - Statement - PreSaveFile = new java.io.File(((pathPrefix + java.lang.Integer.toString(counter)) + .png)): null

2018-11-27 16:29:07 - [TEST_STEP][PASSED] - Statement - counter = counter + 1: null

2018-11-27 16:29:07 - [TEST_STEP][PASSED] - Statement - PreSaveFile = new java.io.File(((pathPrefix + java.lang.Integer.toString(counter)) + .png)): null

2018-11-27 16:29:07 - [TEST_STEP][PASSED] - Statement - counter = counter + 1: null

2018-11-27 16:29:07 - [TEST_STEP][PASSED] - Statement - PreSaveFile = new java.io.File(((pathPrefix + java.lang.Integer.toString(counter)) + .png)): null

2018-11-27 16:29:07 - [TEST_STEP][PASSED] - Statement - counter = counter + 1: null

2018-11-27 16:29:07 - [TEST_STEP][PASSED] - Statement - PreSaveFile = new java.io.File(((pathPrefix + java.lang.Integer.toString(counter)) + .png)): null

2018-11-27 16:29:07 - [TEST_STEP][PASSED] - Statement - counter = counter + 1: null

2018-11-27 16:29:07 - [TEST_STEP][PASSED] - Statement - PreSaveFile = new java.io.File(((pathPrefix + java.lang.Integer.toString(counter)) + .png)): null

2018-11-27 16:29:07 - [TEST_STEP][PASSED] - Statement - counter = counter + 1: null

2018-11-27 16:29:07 - [TEST_STEP][PASSED] - Statement - PreSaveFile = new java.io.File(((pathPrefix + java.lang.Integer.toString(counter)) + .png)): null

2018-11-27 16:29:07 - [TEST_STEP][PASSED] - Statement - finalPath = pathPrefix + java.lang.Integer.toString(counter) + ".png": null

2018-11-27 16:29:07 - [TEST_STEP][PASSED] - Statement - SaveFile = new java.io.File(finalPath): null

2018-11-27 16:29:07 - [TEST_STEP][PASSED] - Statement - Try: null

2018-11-27 16:29:07 - [TEST_STEP][PASSED] - Statement - org.apache.commons.io.FileUtils.copyFile(scrFile, SaveFile): null

2018-11-27 16:29:07 - [TEST_STEP][PASSED] - Statement - out.println("file kept"): null

2018-11-27 16:29:07 - [TEST_STEP][PASSED] - delay: Delayed 10 second(s)

2018-11-27 16:29:17 - [MESSAGE][PASSED] - Delayed 10 second(s)

2018-11-27 16:29:17 - [MESSAGE][PASSED] - Call Test Case 'Test Cases/Final Aug 2018 - PKS Automation/Registration Module/New Registration/Submit and Screenshot/Submit Registration and Screenshot - Copy' successfully

2018-11-27 16:29:17 - [TEST_STEP][PASSED] - Statement - UpdateAddNewECode = com.kms.katalon.core.webui.keyword.WebUiBuiltInKeywords.getText(com.kms.katalon.core.testobject.ObjectRepository.findTestObject(Object Repository/Final Object Repo/Page_Update Add New Employee - ASSIST/getEmpCode)): Text of object 'Object Repository/Final Object Repo/Page_Update Add New Employee - ASSIST/getEmpCode' is: 'E1102070506A'

2018-11-27 16:29:17 - [MESSAGE][PASSED] - Text of object 'Object Repository/Final Object Repo/Page_Update Add New Employee - ASSIST/getEmpCode' is: 'E1102070506A'

2018-11-27 16:29:17 - [TEST_STEP][PASSED] - callTestCase: Call Test Case 'Test Cases/Final Aug 2018 - PKS Automation/Common/Emp Code Setter' successfully

2018-11-27 16:29:17 - [TEST_CASE][PASSED] - Test Cases/Final Aug 2018 - PKS Automation/Common/Emp Code Setter: Test Cases/Final Aug 2018 - PKS Automation/Common/Emp Code Setter

2018-11-27 16:29:17 - [TEST_STEP][PASSED] - Statement - EmpCodeOld = new java.io.File(C://Users//Admin//Desktop//PKS//Automation Reference Point//EmpCode.txt): null

2018-11-27 16:29:17 - [TEST_STEP][PASSED] - Statement - EmpCodeOld.delete(): null

2018-11-27 16:29:17 - [TEST_STEP][PASSED] - Statement - EmpCode = new java.io.File(C://Users//Admin//Desktop//PKS//Automation Reference Point//EmpCode.txt): null

2018-11-27 16:29:17 - [TEST_STEP][PASSED] - Statement - EmpCode.append(UpdateAddNewECode): null

2018-11-27 16:29:17 - [TEST_STEP][PASSED] - Statement - out.println("


" + UpdateAddNewECode + "


"): null

2018-11-27 16:29:17 - [MESSAGE][PASSED] - Call Test Case 'Test Cases/Final Aug 2018 - PKS Automation/Common/Emp Code Setter' successfully

2018-11-27 16:29:17 - [MESSAGE][PASSED] - Call Test Case 'Test Cases/Final Aug 2018 - PKS Automation/Registration Module/Workflow/Update Add New Employee/Template/New Company for Update Add New' successfully

2018-11-27 16:29:17 - [TEST_STEP][PASSED] - callTestCase: Call Test Case 'Test Cases/Final Aug 2018 - PKS Automation/Registration Module/Log Out/log out avoiding katalon tagging' successfully

2018-11-27 16:29:17 - [TEST_CASE][PASSED] - Test Cases/Final Aug 2018 - PKS Automation/Registration Module/Log Out/log out avoiding katalon tagging: Test Cases/Final Aug 2018 - PKS Automation/Registration Module/Log Out/log out avoiding katalon tagging

2018-11-27 16:29:17 - [TEST_STEP][PASSED] - navigateToUrl: Navigate to 'https://assist2-uat.perkeso.gov.my/c/portal/logout' successfully

2018-11-27 16:29:18 - [MESSAGE][PASSED] - Navigate to 'https://assist2-uat.perkeso.gov.my/c/portal/logout' successfully

2018-11-27 16:29:18 - [MESSAGE][PASSED] - Call Test Case 'Test Cases/Final Aug 2018 - PKS Automation/Registration Module/Log Out/log out avoiding katalon tagging' successfully

2018-11-27 16:29:18 - [TEST_STEP][PASSED] - callTestCase: Call Test Case 'Test Cases/Final Aug 2018 - PKS Automation/Registration Module/New Registration/Form 2/Date Updater' successfully

2018-11-27 16:29:18 - [TEST_CASE][PASSED] - Test Cases/Final Aug 2018 - PKS Automation/Registration Module/New Registration/Form 2/Date Updater: Test Cases/Final Aug 2018 - PKS Automation/Registration Module/New Registration/Form 2/Date Updater

2018-11-27 16:29:18 - [TEST_STEP][PASSED] - Statement - TodayDate = new java.util.Date(): null

2018-11-27 16:29:18 - [TEST_STEP][PASSED] - Statement - CurrentDateNoFilter = new java.text.SimpleDateFormat(): null

2018-11-27 16:29:18 - [TEST_STEP][PASSED] - Statement - CurrentDateNoFilter.applyPattern("dd"): null

2018-11-27 16:29:18 - [TEST_STEP][PASSED] - Statement - CurrentDate = CurrentDateNoFilter.format(TodayDate): null

2018-11-27 16:29:18 - [TEST_STEP][PASSED] - Statement - CurrentDate = java.lang.Integer.parseInt(CurrentDate): null

2018-11-27 16:29:18 - [TEST_STEP][PASSED] - Statement - CurrentDate = CurrentDate: null

2018-11-27 16:29:18 - [TEST_STEP][PASSED] - Statement - CurrentDay = java.lang.Integer.parseInt(CurrentDate): null

2018-11-27 16:29:18 - [TEST_STEP][PASSED] - Statement - aDayBefore = CurrentDay + 1: null

2018-11-27 16:29:18 - [TEST_STEP][PASSED] - Statement - DayBefore = aDayBefore.toString(): null

2018-11-27 16:29:18 - [TEST_STEP][PASSED] - Statement - OneDayBefore = DayBefore: null

2018-11-27 16:29:18 - [TEST_STEP][PASSED] - Statement - CurrentDateNoFilter.applyPattern("MM"): null

2018-11-27 16:29:18 - [TEST_STEP][PASSED] - Statement - monthContainerMatcher = java.lang.Integer.parseInt(CurrentDateNoFilter.format(TodayDate)): null

2018-11-27 16:29:18 - [TEST_STEP][PASSED] - Statement - monthContainerMatcher = monthContainerMatcher - 1: null

2018-11-27 16:29:18 - [TEST_STEP][PASSED] - Statement - CurrentMonth = monthContainerMatcher.toString(): null

2018-11-27 16:29:18 - [TEST_STEP][PASSED] - Statement - CurrentMonth = CurrentMonth: null

2018-11-27 16:29:18 - [TEST_STEP][PASSED] - Statement - CurrentDateNoFilter.applyPattern("yyyy"): null

2018-11-27 16:29:18 - [TEST_STEP][PASSED] - Statement - CurrentYear = CurrentDateNoFilter.format(TodayDate): null

2018-11-27 16:29:18 - [TEST_STEP][PASSED] - Statement - CurrentYear = CurrentYear: null

2018-11-27 16:29:18 - [TEST_STEP][PASSED] - Statement - intCurrentYear = java.lang.Integer.parseInt(CurrentDateNoFilter.format(TodayDate)): null

2018-11-27 16:29:18 - [TEST_STEP][PASSED] - Statement - eighteenYrsAgo = intCurrentYear - 18: null

2018-11-27 16:29:18 - [TEST_STEP][PASSED] - Statement - eighteenYrsBeforeThisYr = eighteenYrsAgo.toString(): null

2018-11-27 16:29:18 - [TEST_STEP][PASSED] - Statement - EighteenYrsBefore = eighteenYrsBeforeThisYr: null

2018-11-27 16:29:18 - [TEST_STEP][PASSED] - Statement - fiftysevenYrsAgo = intCurrentYear - 57: null

2018-11-27 16:29:18 - [TEST_STEP][PASSED] - Statement - fiftysevenYrsBeforeThisYr = fiftysevenYrsAgo.toString(): null

2018-11-27 16:29:18 - [TEST_STEP][PASSED] - Statement - FiftysevenYrsBefore = fiftysevenYrsBeforeThisYr: null

2018-11-27 16:29:18 - [MESSAGE][PASSED] - Call Test Case 'Test Cases/Final Aug 2018 - PKS Automation/Registration Module/New Registration/Form 2/Date Updater' successfully

2018-11-27 16:29:18 - [TEST_STEP][PASSED] - delay: Delayed 2 second(s)

2018-11-27 16:29:20 - [MESSAGE][PASSED] - Delayed 2 second(s)

2018-11-27 16:29:20 - [TEST_STEP][PASSED] - setText: Text 'klotc2@gmail.com' is set on object 'Object Repository/Final Object Repo/Page_Update Add New Employee - ASSIST/Email TextBox'

2018-11-27 16:29:20 - [MESSAGE][PASSED] - Text 'klotc2@gmail.com' is set on object 'Object Repository/Final Object Repo/Page_Update Add New Employee - ASSIST/Email TextBox'

2018-11-27 16:29:20 - [TEST_STEP][PASSED] - click: Object: 'Object Repository/Final Object Repo/Page_Update Add New Employee - ASSIST/Next Button' is clicked on

2018-11-27 16:29:20 - [MESSAGE][PASSED] - Object: 'Object Repository/Final Object Repo/Page_Update Add New Employee - ASSIST/Next Button' is clicked on

2018-11-27 16:29:20 - [TEST_STEP][PASSED] - delay: Delayed 2 second(s)

2018-11-27 16:29:22 - [MESSAGE][PASSED] - Delayed 2 second(s)

2018-11-27 16:29:22 - [TEST_STEP][PASSED] - setText: Text 'Test1@3456789' is set on object 'Object Repository/Final Object Repo/Page_Update Add New Employee - ASSIST/Password TextBox'

2018-11-27 16:29:23 - [MESSAGE][PASSED] - Text 'Test1@3456789' is set on object 'Object Repository/Final Object Repo/Page_Update Add New Employee - ASSIST/Password TextBox'

2018-11-27 16:29:23 - [TEST_STEP][PASSED] - delay: Delayed 2 second(s)

2018-11-27 16:29:25 - [MESSAGE][PASSED] - Delayed 2 second(s)

2018-11-27 16:29:25 - [TEST_STEP][PASSED] - click: Object: 'Object Repository/Final Object Repo/Page_Update Add New Employee - ASSIST/Login Button' is clicked on

2018-11-27 16:29:25 - [MESSAGE][PASSED] - Object: 'Object Repository/Final Object Repo/Page_Update Add New Employee - ASSIST/Login Button' is clicked on

2018-11-27 16:29:25 - [TEST_STEP][PASSED] - delay: Delayed 4 second(s)

2018-11-27 16:29:29 - [MESSAGE][PASSED] - Delayed 4 second(s)

2018-11-27 16:29:29 - [TEST_STEP][PASSED] - Statement - Try: Delayed 2 second(s)

2018-11-27 16:29:29 - [TEST_STEP][PASSED] - Statement - Checker = false: null

2018-11-27 16:29:29 - [TEST_STEP][PASSED] - Statement - Checker = com.kms.katalon.core.webui.keyword.WebUiBuiltInKeywords.verifyElementHasAttribute(com.kms.katalon.core.testobject.ObjectRepository.findTestObject(Final Object Repo/Landing Page/BM Detecting), "href", 20, OPTIONAL): Object 'Object Repository/Final Object Repo/Landing Page/BM Detecting' has attribute 'href'

2018-11-27 16:29:29 - [MESSAGE][PASSED] - Object 'Object Repository/Final Object Repo/Landing Page/BM Detecting' has attribute 'href'

2018-11-27 16:29:29 - [TEST_STEP][PASSED] - Statement - out.println(Checker): null

2018-11-27 16:29:29 - [TEST_STEP][PASSED] - Statement - If (Checker == false): null

2018-11-27 16:29:29 - [TEST_STEP][PASSED] - Statement - Else: null

2018-11-27 16:29:29 - [TEST_STEP][PASSED] - delay: Delayed 2 second(s)

2018-11-27 16:29:31 - [MESSAGE][PASSED] - Delayed 2 second(s)

2018-11-27 16:29:31 - [TEST_STEP][PASSED] - delay: Delayed 4 second(s)

2018-11-27 16:29:35 - [MESSAGE][PASSED] - Delayed 4 second(s)

2018-11-27 16:29:35 - [TEST_STEP][PASSED] - click: Object: 'Object Repository/Final Object Repo/Page_Update Add New Employee - ASSIST/My Sites Drop Down' is clicked on

2018-11-27 16:29:35 - [MESSAGE][PASSED] - Object: 'Object Repository/Final Object Repo/Page_Update Add New Employee - ASSIST/My Sites Drop Down' is clicked on

2018-11-27 16:29:35 - [TEST_STEP][PASSED] - click: Object: 'Object Repository/Final Object Repo/Page_Update Add New Employee - ASSIST/Select to Registration Module' is clicked on

2018-11-27 16:29:36 - [MESSAGE][PASSED] - Object: 'Object Repository/Final Object Repo/Page_Update Add New Employee - ASSIST/Select to Registration Module' is clicked on

2018-11-27 16:29:36 - [TEST_STEP][PASSED] - navigateToUrl: Navigate to 'https://assist2-uat.perkeso.gov.my/web/registration/myassist' successfully

2018-11-27 16:29:37 - [MESSAGE][PASSED] - Navigate to 'https://assist2-uat.perkeso.gov.my/web/registration/myassist' successfully

2018-11-27 16:29:37 - [TEST_STEP][PASSED] - mouseOver: Object: 'Object Repository/Final Object Repo/Page_Update Add New Employee - ASSIST/Select to Update Akta 4 Tab' is hovered

2018-11-27 16:29:37 - [MESSAGE][PASSED] - Object: 'Object Repository/Final Object Repo/Page_Update Add New Employee - ASSIST/Select to Update Akta 4 Tab' is hovered

2018-11-27 16:29:37 - [TEST_STEP][PASSED] - delay: Delayed 2 second(s)

2018-11-27 16:29:39 - [MESSAGE][PASSED] - Delayed 2 second(s)

2018-11-27 16:29:39 - [TEST_STEP][PASSED] - click: Object: 'Object Repository/Final Object Repo/Page_Update Add New Employee - ASSIST/Select to Update Add New Employee' is clicked on

2018-11-27 16:29:39 - [MESSAGE][PASSED] - Object: 'Object Repository/Final Object Repo/Page_Update Add New Employee - ASSIST/Select to Update Add New Employee' is clicked on

2018-11-27 16:29:39 - [TEST_STEP][PASSED] - delay: Delayed 2 second(s)

2018-11-27 16:29:41 - [MESSAGE][PASSED] - Delayed 2 second(s)

2018-11-27 16:29:41 - [TEST_STEP][PASSED] - setText: Text 'E1102070506A' is set on object 'Object Repository/Final Object Repo/Page_Update Add New Employee - ASSIST/Employer Code input textbox'

2018-11-27 16:29:42 - [MESSAGE][PASSED] - Text 'E1102070506A' is set on object 'Object Repository/Final Object Repo/Page_Update Add New Employee - ASSIST/Employer Code input textbox'

2018-11-27 16:29:42 - [TEST_STEP][PASSED] - delay: Delayed 2 second(s)

2018-11-27 16:29:44 - [MESSAGE][PASSED] - Delayed 2 second(s)

2018-11-27 16:29:44 - [TEST_STEP][PASSED] - click: Object: 'Object Repository/Final Object Repo/Page_Update Add New Employee - ASSIST/Search Button for Employer Code' is clicked on

2018-11-27 16:29:44 - [MESSAGE][PASSED] - Object: 'Object Repository/Final Object Repo/Page_Update Add New Employee - ASSIST/Search Button for Employer Code' is clicked on

2018-11-27 16:29:44 - [TEST_STEP][PASSED] - delay: Delayed 4 second(s)

2018-11-27 16:29:48 - [MESSAGE][PASSED] - Delayed 4 second(s)

2018-11-27 16:29:48 - [TEST_STEP][PASSED] - click: Object: 'Object Repository/Final Object Repo/Page_Update Add New Employee - ASSIST/Click to Edit Case' is clicked on

2018-11-27 16:29:50 - [MESSAGE][PASSED] - Object: 'Object Repository/Final Object Repo/Page_Update Add New Employee - ASSIST/Click to Edit Case' is clicked on

2018-11-27 16:29:50 - [TEST_STEP][PASSED] - callTestCase: Call Test Case 'Test Cases/Final Aug 2018 - PKS Automation/Registration Module/Workflow/Update Add New Employee/Template/Employee Adding/Employee Set Decider' successfully

2018-11-27 16:29:50 - [TEST_CASE][PASSED] - Test Cases/Final Aug 2018 - PKS Automation/Registration Module/Workflow/Update Add New Employee/Template/Employee Adding/Employee Set Decider: Test Cases/Final Aug 2018 - PKS Automation/Registration Module/Workflow/Update Add New Employee/Template/Employee Adding/Employee Set Decider

2018-11-27 16:29:50 - [TEST_STEP][PASSED] - delay: Delayed 4 second(s)

2018-11-27 16:29:54 - [MESSAGE][PASSED] - Delayed 4 second(s)

2018-11-27 16:29:54 - [TEST_STEP][PASSED] - click: Object: 'Object Repository/Final Object Repo/Page_Update Add New Employee - ASSIST/Add Employee Button' is clicked on

2018-11-27 16:29:54 - [MESSAGE][PASSED] - Object: 'Object Repository/Final Object Repo/Page_Update Add New Employee - ASSIST/Add Employee Button' is clicked on

2018-11-27 16:29:54 - [TEST_STEP][PASSED] - delay: Delayed 3 second(s)

2018-11-27 16:29:57 - [MESSAGE][PASSED] - Delayed 3 second(s)

2018-11-27 16:29:57 - [TEST_STEP][PASSED] - setText: Text '010903091920' is set on object 'Object Repository/Final Object Repo/Page_Update Add New Employee - ASSIST/NRIC Input'

2018-11-27 16:29:58 - [MESSAGE][PASSED] - Text '010903091920' is set on object 'Object Repository/Final Object Repo/Page_Update Add New Employee - ASSIST/NRIC Input'

2018-11-27 16:29:58 - [TEST_STEP][PASSED] - click: Object: 'Object Repository/Final Object Repo/Page_Update Add New Employee - ASSIST/button for search for IC' is clicked on

2018-11-27 16:29:58 - [MESSAGE][PASSED] - Object: 'Object Repository/Final Object Repo/Page_Update Add New Employee - ASSIST/button for search for IC' is clicked on

2018-11-27 16:29:58 - [TEST_STEP][PASSED] - delay: Delayed 2 second(s)

2018-11-27 16:30:00 - [MESSAGE][PASSED] - Delayed 2 second(s)

2018-11-27 16:30:00 - [TEST_STEP][PASSED] - sendKeys: Keys 'CONTROL + a' sent to object: 'Object Repository/Final Object Repo/Page_Update Add New Employee - ASSIST/Employee Name Input'

2018-11-27 16:30:00 - [MESSAGE][PASSED] - Keys 'CONTROL + a' sent to object: 'Object Repository/Final Object Repo/Page_Update Add New Employee - ASSIST/Employee Name Input'

2018-11-27 16:30:00 - [TEST_STEP][PASSED] - sendKeys: Keys 'CONTROL + c' sent to object: 'Object Repository/Final Object Repo/Page_Update Add New Employee - ASSIST/Employee Name Input'

2018-11-27 16:30:00 - [MESSAGE][PASSED] - Keys 'CONTROL + c' sent to object: 'Object Repository/Final Object Repo/Page_Update Add New Employee - ASSIST/Employee Name Input'

2018-11-27 16:30:00 - [TEST_STEP][PASSED] - Statement - toolkit = java.awt.Toolkit.getDefaultToolkit(): null

2018-11-27 16:30:00 - [TEST_STEP][PASSED] - Statement - clipboard = toolkit.getSystemClipboard(): null

2018-11-27 16:30:00 - [TEST_STEP][PASSED] - Statement - CurrentName = clipboard.getData(stringFlavor): null

2018-11-27 16:30:00 - [TEST_STEP][PASSED] - Statement - out.println("String from Clipboard:" + CurrentName): null

2018-11-27 16:30:00 - [TEST_STEP][PASSED] - Statement - If (CurrentName == "AUTOMATE002 ELIGIBLE 1"): null

2018-11-27 16:30:00 - [TEST_STEP][PASSED] - Statement - Else If (CurrentName == "AUTOMATE003 ELIGIBLE 1"): Call Test Case 'Test Cases/Final Aug 2018 - PKS Automation/Registration Module/Workflow/Update Add New Employee/Template/Employee Adding/Employee Adding Action Repeat IC - set 2' successfully

2018-11-27 16:30:00 - [TEST_STEP][PASSED] - callTestCase: Call Test Case 'Test Cases/Final Aug 2018 - PKS Automation/Registration Module/Workflow/Update Add New Employee/Template/Employee Adding/Employee Adding Action Repeat IC - set 2' successfully

2018-11-27 16:30:00 - [TEST_CASE][PASSED] - Test Cases/Final Aug 2018 - PKS Automation/Registration Module/Workflow/Update Add New Employee/Template/Employee Adding/Employee Adding Action Repeat IC - set 2: Test Cases/Final Aug 2018 - PKS Automation/Registration Module/Workflow/Update Add New Employee/Template/Employee Adding/Employee Adding Action Repeat IC - set 2

2018-11-27 16:30:00 - [TEST_STEP][PASSED] - setText: Text 'Automate002 eligible 1' is set on object 'Object Repository/Final Object Repo/Page_Update Add New Employee - ASSIST/Employee Name Input'

2018-11-27 16:30:01 - [MESSAGE][PASSED] - Text 'Automate002 eligible 1' is set on object 'Object Repository/Final Object Repo/Page_Update Add New Employee - ASSIST/Employee Name Input'

2018-11-27 16:30:01 - [TEST_STEP][PASSED] - delay: Delayed 2 second(s)

2018-11-27 16:30:03 - [MESSAGE][PASSED] - Delayed 2 second(s)

2018-11-27 16:30:03 - [TEST_STEP][PASSED] - click: Object: 'Object Repository/Final Object Repo/Page_Update Add New Employee - ASSIST/DatePicker Pop Up' is clicked on

2018-11-27 16:30:03 - [MESSAGE][PASSED] - Object: 'Object Repository/Final Object Repo/Page_Update Add New Employee - ASSIST/DatePicker Pop Up' is clicked on

2018-11-27 16:30:03 - [TEST_STEP][PASSED] - click: Object: 'Object Repository/Final Object Repo/Page_Update Add New Employee - ASSIST/DOB Month' is clicked on

2018-11-27 16:30:03 - [MESSAGE][PASSED] - Object: 'Object Repository/Final Object Repo/Page_Update Add New Employee - ASSIST/DOB Month' is clicked on

2018-11-27 16:30:03 - [TEST_STEP][PASSED] - Statement - CurrentMonth = CurrentMonth: null

2018-11-27 16:30:03 - [TEST_STEP][PASSED] - Statement - selectMonth = new com.kms.katalon.core.testobject.TestObject(): null

2018-11-27 16:30:03 - [TEST_STEP][PASSED] - Statement - selectMonth.addProperty("xpath", EQUALS, "//body/div/div/div/select/option[@value='" + CurrentMonth + "']", true): null

2018-11-27 16:30:03 - [TEST_STEP][PASSED] - click: Object: '' is clicked on

2018-11-27 16:30:03 - [MESSAGE][PASSED] - Object: '' is clicked on

2018-11-27 16:30:03 - [TEST_STEP][PASSED] - click: Object: 'Object Repository/Final Object Repo/Page_Update Add New Employee - ASSIST/DOB Year' is clicked on

2018-11-27 16:30:04 - [MESSAGE][PASSED] - Object: 'Object Repository/Final Object Repo/Page_Update Add New Employee - ASSIST/DOB Year' is clicked on

2018-11-27 16:30:04 - [TEST_STEP][PASSED] - Statement - Eyearsbf = EighteenYrsBefore: null

2018-11-27 16:30:04 - [TEST_STEP][PASSED] - Statement - selectYear = new com.kms.katalon.core.testobject.TestObject(): null

2018-11-27 16:30:04 - [TEST_STEP][PASSED] - Statement - selectYear.addProperty("xpath", EQUALS, "//div/div/div/select/option[@value='" + Eyearsbf + "']", true): null

2018-11-27 16:30:04 - [TEST_STEP][PASSED] - click: Object: '' is clicked on

2018-11-27 16:30:04 - [MESSAGE][PASSED] - Object: '' is clicked on

2018-11-27 16:30:04 - [TEST_STEP][PASSED] - Statement - UpdatedSelectDate = com.kms.katalon.core.webui.keyword.WebUiBuiltInKeywords.modifyObjectProperty(com.kms.katalon.core.testobject.ObjectRepository.findTestObject(Final Object Repo/Page_Update Add New Employee - ASSIST/DOB Date), "xpath", "equals", "//body/div/table/tbody/tr/td/a[text()="" + CurrentDate + ""]", true): Modify property of object successfully

2018-11-27 16:30:04 - [MESSAGE][PASSED] - Modify property of object successfully

2018-11-27 16:30:04 - [TEST_STEP][PASSED] - delay: Delayed 3 second(s)

2018-11-27 16:30:07 - [MESSAGE][PASSED] - Delayed 3 second(s)

2018-11-27 16:30:07 - [TEST_STEP][PASSED] - click: Object: 'Object Repository/Final Object Repo/Page_Update Add New Employee - ASSIST/DOB Date' is clicked on

2018-11-27 16:30:07 - [MESSAGE][PASSED] - Object: 'Object Repository/Final Object Repo/Page_Update Add New Employee - ASSIST/DOB Date' is clicked on

2018-11-27 16:30:07 - [TEST_STEP][PASSED] - delay: Delayed 2 second(s)

2018-11-27 16:30:09 - [MESSAGE][PASSED] - Delayed 2 second(s)

2018-11-27 16:30:09 - [TEST_STEP][PASSED] - click: Object: 'Object Repository/Final Object Repo/Page_Update Add New Employee - ASSIST/EmploymentStartDate Pop Up' is clicked on

2018-11-27 16:30:09 - [MESSAGE][PASSED] - Object: 'Object Repository/Final Object Repo/Page_Update Add New Employee - ASSIST/EmploymentStartDate Pop Up' is clicked on

2018-11-27 16:30:09 - [TEST_STEP][PASSED] - delay: Delayed 2 second(s)

2018-11-27 16:30:11 - [MESSAGE][PASSED] - Delayed 2 second(s)

2018-11-27 16:30:11 - [TEST_STEP][PASSED] - click: Object: 'Object Repository/Final Object Repo/Page_Update Add New Employee - ASSIST/Socso Employment StartDate Month' is clicked on

2018-11-27 16:30:11 - [MESSAGE][PASSED] - Object: 'Object Repository/Final Object Repo/Page_Update Add New Employee - ASSIST/Socso Employment StartDate Month' is clicked on

2018-11-27 16:30:11 - [TEST_STEP][PASSED] - delay: Delayed 1 second(s)

2018-11-27 16:30:12 - [MESSAGE][PASSED] - Delayed 1 second(s)

2018-11-27 16:30:12 - [TEST_STEP][PASSED] - click: Object: 'Object Repository/Final Object Repo/Page_Update Add New Employee - ASSIST/Select Socso Employement Startdate Month' is clicked on

2018-11-27 16:30:12 - [MESSAGE][PASSED] - Object: 'Object Repository/Final Object Repo/Page_Update Add New Employee - ASSIST/Select Socso Employement Startdate Month' is clicked on

2018-11-27 16:30:12 - [TEST_STEP][PASSED] - delay: Delayed 2 second(s)

2018-11-27 16:30:14 - [MESSAGE][PASSED] - Delayed 2 second(s)

2018-11-27 16:30:14 - [TEST_STEP][PASSED] - click: Object: 'Object Repository/Final Object Repo/Page_Update Add New Employee - ASSIST/Socso Employment StartDate Year' is clicked on

2018-11-27 16:30:15 - [MESSAGE][PASSED] - Object: 'Object Repository/Final Object Repo/Page_Update Add New Employee - ASSIST/Socso Employment StartDate Year' is clicked on

2018-11-27 16:30:15 - [TEST_STEP][PASSED] - delay: Delayed 1 second(s)

2018-11-27 16:30:16 - [MESSAGE][PASSED] - Delayed 1 second(s)

2018-11-27 16:30:16 - [TEST_STEP][PASSED] - click: Object: 'Object Repository/Final Object Repo/Page_Update Add New Employee - ASSIST/Select Socso Employment Startdate Year' is clicked on

2018-11-27 16:30:16 - [MESSAGE][PASSED] - Object: 'Object Repository/Final Object Repo/Page_Update Add New Employee - ASSIST/Select Socso Employment Startdate Year' is clicked on

2018-11-27 16:30:16 - [TEST_STEP][PASSED] - delay: Delayed 2 second(s)

2018-11-27 16:30:18 - [MESSAGE][PASSED] - Delayed 2 second(s)

2018-11-27 16:30:18 - [TEST_STEP][PASSED] - click: Object: 'Object Repository/Final Object Repo/Page_Update Add New Employee - ASSIST/Socso Employment Start Date Day' is clicked on

2018-11-27 16:30:18 - [MESSAGE][PASSED] - Object: 'Object Repository/Final Object Repo/Page_Update Add New Employee - ASSIST/Socso Employment Start Date Day' is clicked on

2018-11-27 16:30:18 - [TEST_STEP][PASSED] - delay: Delayed 2 second(s)

2018-11-27 16:30:20 - [MESSAGE][PASSED] - Delayed 2 second(s)

2018-11-27 16:30:20 - [TEST_STEP][PASSED] - click: Object: 'Object Repository/Final Object Repo/Page_Update Add New Employee - ASSIST/Save Button for Add Employee' is clicked on

2018-11-27 16:30:20 - [MESSAGE][PASSED] - Object: 'Object Repository/Final Object Repo/Page_Update Add New Employee - ASSIST/Save Button for Add Employee' is clicked on

2018-11-27 16:30:20 - [TEST_STEP][PASSED] - delay: Delayed 10 second(s)

2018-11-27 16:30:30 - [MESSAGE][PASSED] - Delayed 10 second(s)

2018-11-27 16:30:30 - [TEST_STEP][PASSED] - click: Object: 'Object Repository/Final Object Repo/Page_Update Add New Employee - ASSIST/Add Employee Button' is clicked on

2018-11-27 16:30:30 - [MESSAGE][PASSED] - Object: 'Object Repository/Final Object Repo/Page_Update Add New Employee - ASSIST/Add Employee Button' is clicked on

2018-11-27 16:30:30 - [TEST_STEP][PASSED] - delay: Delayed 6 second(s)

2018-11-27 16:30:36 - [MESSAGE][PASSED] - Delayed 6 second(s)

2018-11-27 16:30:36 - [TEST_STEP][PASSED] - setText: Text '620904059600' is set on object 'Object Repository/Final Object Repo/Page_Update Add New Employee - ASSIST/NRIC Input'

2018-11-27 16:30:37 - [MESSAGE][PASSED] - Text '620904059600' is set on object 'Object Repository/Final Object Repo/Page_Update Add New Employee - ASSIST/NRIC Input'

2018-11-27 16:30:37 - [TEST_STEP][PASSED] - click: Object: 'Object Repository/Final Object Repo/Page_Update Add New Employee - ASSIST/button for search for IC' is clicked on

2018-11-27 16:30:37 - [MESSAGE][PASSED] - Object: 'Object Repository/Final Object Repo/Page_Update Add New Employee - ASSIST/button for search for IC' is clicked on

2018-11-27 16:30:37 - [TEST_STEP][PASSED] - delay: Delayed 2 second(s)

2018-11-27 16:30:39 - [MESSAGE][PASSED] - Delayed 2 second(s)

2018-11-27 16:30:39 - [TEST_STEP][PASSED] - setText: Text 'Automate002 eligible 2' is set on object 'Object Repository/Final Object Repo/Page_Update Add New Employee - ASSIST/Employee Name Input'

2018-11-27 16:30:39 - [MESSAGE][PASSED] - Text 'Automate002 eligible 2' is set on object 'Object Repository/Final Object Repo/Page_Update Add New Employee - ASSIST/Employee Name Input'

2018-11-27 16:30:39 - [TEST_STEP][PASSED] - delay: Delayed 2 second(s)

2018-11-27 16:30:41 - [MESSAGE][PASSED] - Delayed 2 second(s)

2018-11-27 16:30:41 - [TEST_STEP][PASSED] - click: Object: 'Object Repository/Final Object Repo/Page_Update Add New Employee - ASSIST/DatePicker Pop Up' is clicked on

2018-11-27 16:30:42 - [MESSAGE][PASSED] - Object: 'Object Repository/Final Object Repo/Page_Update Add New Employee - ASSIST/DatePicker Pop Up' is clicked on

2018-11-27 16:30:42 - [TEST_STEP][PASSED] - delay: Delayed 2 second(s)

2018-11-27 16:30:44 - [MESSAGE][PASSED] - Delayed 2 second(s)

2018-11-27 16:30:44 - [TEST_STEP][PASSED] - click: Object: 'Object Repository/Final Object Repo/Page_Update Add New Employee - ASSIST/DOB Month' is clicked on

2018-11-27 16:30:44 - [MESSAGE][PASSED] - Object: 'Object Repository/Final Object Repo/Page_Update Add New Employee - ASSIST/DOB Month' is clicked on

2018-11-27 16:30:44 - [TEST_STEP][PASSED] - Statement - selectMonth = com.kms.katalon.core.webui.keyword.WebUiBuiltInKeywords.modifyObjectProperty(selectMonth, "xpath", "equals", "//body/div/div/div/select/option[@value="" + CurrentMonth + ""]", true): Modify property of object successfully

2018-11-27 16:30:44 - [MESSAGE][PASSED] - Modify property of object successfully

2018-11-27 16:30:44 - [TEST_STEP][PASSED] - click: Object: '' is clicked on

2018-11-27 16:30:44 - [MESSAGE][PASSED] - Object: '' is clicked on

2018-11-27 16:30:44 - [TEST_STEP][PASSED] - click: Object: 'Object Repository/Final Object Repo/Page_Update Add New Employee - ASSIST/DOB Year' is clicked on

2018-11-27 16:30:44 - [MESSAGE][PASSED] - Object: 'Object Repository/Final Object Repo/Page_Update Add New Employee - ASSIST/DOB Year' is clicked on

2018-11-27 16:30:44 - [TEST_STEP][PASSED] - Statement - selectYear = com.kms.katalon.core.webui.keyword.WebUiBuiltInKeywords.modifyObjectProperty(selectYear, "xpath", "equals", "//div/div/div/select/option[@value="" + FiftysevenYrsBefore + ""]", true): Modify property of object successfully

2018-11-27 16:30:44 - [MESSAGE][PASSED] - Modify property of object successfully

2018-11-27 16:30:44 - [TEST_STEP][PASSED] - click: Object: '' is clicked on

2018-11-27 16:30:44 - [MESSAGE][PASSED] - Object: '' is clicked on

2018-11-27 16:30:44 - [TEST_STEP][PASSED] - Statement - UpdatedSelectDate = com.kms.katalon.core.webui.keyword.WebUiBuiltInKeywords.modifyObjectProperty(com.kms.katalon.core.testobject.ObjectRepository.findTestObject(Final Object Repo/Page_Update Add New Employee - ASSIST/DOB Date), "xpath", "equals", "//body/div/table/tbody/tr/td/a[text()="" + OneDayBefore + ""]", true): Modify property of object successfully

2018-11-27 16:30:44 - [MESSAGE][PASSED] - Modify property of object successfully

2018-11-27 16:30:44 - [TEST_STEP][PASSED] - click: Object: 'Object Repository/Final Object Repo/Page_Update Add New Employee - ASSIST/DOB Date' is clicked on

2018-11-27 16:30:44 - [MESSAGE][PASSED] - Object: 'Object Repository/Final Object Repo/Page_Update Add New Employee - ASSIST/DOB Date' is clicked on

2018-11-27 16:30:44 - [TEST_STEP][PASSED] - delay: Delayed 2 second(s)

2018-11-27 16:30:46 - [MESSAGE][PASSED] - Delayed 2 second(s)

2018-11-27 16:30:46 - [TEST_STEP][PASSED] - click: Object: 'Object Repository/Final Object Repo/Page_Update Add New Employee - ASSIST/EmploymentStartDate Pop Up' is clicked on

2018-11-27 16:30:47 - [MESSAGE][PASSED] - Object: 'Object Repository/Final Object Repo/Page_Update Add New Employee - ASSIST/EmploymentStartDate Pop Up' is clicked on

2018-11-27 16:30:47 - [TEST_STEP][PASSED] - delay: Delayed 2 second(s)

2018-11-27 16:30:49 - [MESSAGE][PASSED] - Delayed 2 second(s)

2018-11-27 16:30:49 - [TEST_STEP][PASSED] - click: Object: 'Object Repository/Final Object Repo/Page_Update Add New Employee - ASSIST/Socso Employment StartDate Month' is clicked on

2018-11-27 16:30:49 - [MESSAGE][PASSED] - Object: 'Object Repository/Final Object Repo/Page_Update Add New Employee - ASSIST/Socso Employment StartDate Month' is clicked on

2018-11-27 16:30:49 - [TEST_STEP][PASSED] - delay: Delayed 1 second(s)

2018-11-27 16:30:50 - [MESSAGE][PASSED] - Delayed 1 second(s)

2018-11-27 16:30:50 - [TEST_STEP][PASSED] - click: Object: 'Object Repository/Final Object Repo/Page_Update Add New Employee - ASSIST/Select Socso Employement Startdate Month' is clicked on

2018-11-27 16:30:50 - [MESSAGE][PASSED] - Object: 'Object Repository/Final Object Repo/Page_Update Add New Employee - ASSIST/Select Socso Employement Startdate Month' is clicked on

2018-11-27 16:30:50 - [TEST_STEP][PASSED] - delay: Delayed 2 second(s)

2018-11-27 16:30:52 - [MESSAGE][PASSED] - Delayed 2 second(s)

2018-11-27 16:30:52 - [TEST_STEP][PASSED] - click: Object: 'Object Repository/Final Object Repo/Page_Update Add New Employee - ASSIST/Socso Employment StartDate Year' is clicked on

2018-11-27 16:30:52 - [MESSAGE][PASSED] - Object: 'Object Repository/Final Object Repo/Page_Update Add New Employee - ASSIST/Socso Employment StartDate Year' is clicked on

2018-11-27 16:30:52 - [TEST_STEP][PASSED] - delay: Delayed 1 second(s)

2018-11-27 16:30:53 - [MESSAGE][PASSED] - Delayed 1 second(s)

2018-11-27 16:30:53 - [TEST_STEP][PASSED] - click: Object: 'Object Repository/Final Object Repo/Page_Update Add New Employee - ASSIST/Select Socso Employment Startdate Year' is clicked on

2018-11-27 16:30:53 - [MESSAGE][PASSED] - Object: 'Object Repository/Final Object Repo/Page_Update Add New Employee - ASSIST/Select Socso Employment Startdate Year' is clicked on

2018-11-27 16:30:53 - [TEST_STEP][PASSED] - delay: Delayed 2 second(s)

2018-11-27 16:30:55 - [MESSAGE][PASSED] - Delayed 2 second(s)

2018-11-27 16:30:55 - [TEST_STEP][PASSED] - click: Object: 'Object Repository/Final Object Repo/Page_Update Add New Employee - ASSIST/Socso Employment Start Date Day' is clicked on

2018-11-27 16:30:56 - [MESSAGE][PASSED] - Object: 'Object Repository/Final Object Repo/Page_Update Add New Employee - ASSIST/Socso Employment Start Date Day' is clicked on

2018-11-27 16:30:56 - [TEST_STEP][PASSED] - delay: Delayed 2 second(s)

2018-11-27 16:30:58 - [MESSAGE][PASSED] - Delayed 2 second(s)

2018-11-27 16:30:58 - [TEST_STEP][PASSED] - click: Object: 'Object Repository/Final Object Repo/Page_Update Add New Employee - ASSIST/Save Button for Add Employee' is clicked on

2018-11-27 16:30:58 - [MESSAGE][PASSED] - Object: 'Object Repository/Final Object Repo/Page_Update Add New Employee - ASSIST/Save Button for Add Employee' is clicked on

2018-11-27 16:30:58 - [TEST_STEP][PASSED] - delay: Delayed 5 second(s)

2018-11-27 16:31:03 - [MESSAGE][PASSED] - Delayed 5 second(s)

2018-11-27 16:31:03 - [TEST_STEP][PASSED] - waitForElementClickable: Object 'Object Repository/Final Object Repo/Page_Update Add New Employee - ASSIST/Add Employee Button' is clickable

2018-11-27 16:31:03 - [MESSAGE][PASSED] - Object 'Object Repository/Final Object Repo/Page_Update Add New Employee - ASSIST/Add Employee Button' is clickable

2018-11-27 16:31:03 - [TEST_STEP][PASSED] - click: Object: 'Object Repository/Final Object Repo/Page_Update Add New Employee - ASSIST/Add Employee Button' is clicked on

2018-11-27 16:31:03 - [MESSAGE][PASSED] - Object: 'Object Repository/Final Object Repo/Page_Update Add New Employee - ASSIST/Add Employee Button' is clicked on

2018-11-27 16:31:03 - [TEST_STEP][PASSED] - delay: Delayed 4 second(s)

2018-11-27 16:31:07 - [MESSAGE][PASSED] - Delayed 4 second(s)

2018-11-27 16:31:07 - [TEST_STEP][PASSED] - setText: Text '000209039100' is set on object 'Object Repository/Final Object Repo/Page_Update Add New Employee - ASSIST/NRIC Input'

2018-11-27 16:31:08 - [MESSAGE][PASSED] - Text '000209039100' is set on object 'Object Repository/Final Object Repo/Page_Update Add New Employee - ASSIST/NRIC Input'

2018-11-27 16:31:08 - [TEST_STEP][PASSED] - click: Object: 'Object Repository/Final Object Repo/Page_Update Add New Employee - ASSIST/button for search for IC' is clicked on

2018-11-27 16:31:08 - [MESSAGE][PASSED] - Object: 'Object Repository/Final Object Repo/Page_Update Add New Employee - ASSIST/button for search for IC' is clicked on

2018-11-27 16:31:08 - [TEST_STEP][PASSED] - delay: Delayed 2 second(s)

2018-11-27 16:31:10 - [MESSAGE][PASSED] - Delayed 2 second(s)

2018-11-27 16:31:10 - [TEST_STEP][PASSED] - setText: Text 'Automate002 not eligible 1' is set on object 'Object Repository/Final Object Repo/Page_Update Add New Employee - ASSIST/Employee Name Input'

2018-11-27 16:31:10 - [MESSAGE][PASSED] - Text 'Automate002 not eligible 1' is set on object 'Object Repository/Final Object Repo/Page_Update Add New Employee - ASSIST/Employee Name Input'

2018-11-27 16:31:10 - [TEST_STEP][PASSED] - delay: Delayed 2 second(s)

2018-11-27 16:31:12 - [MESSAGE][PASSED] - Delayed 2 second(s)

2018-11-27 16:31:12 - [TEST_STEP][PASSED] - click: Object: 'Object Repository/Final Object Repo/Page_Update Add New Employee - ASSIST/DatePicker Pop Up' is clicked on

2018-11-27 16:31:13 - [MESSAGE][PASSED] - Object: 'Object Repository/Final Object Repo/Page_Update Add New Employee - ASSIST/DatePicker Pop Up' is clicked on

2018-11-27 16:31:13 - [TEST_STEP][PASSED] - delay: Delayed 2 second(s)

2018-11-27 16:31:15 - [MESSAGE][PASSED] - Delayed 2 second(s)

2018-11-27 16:31:15 - [TEST_STEP][PASSED] - click: Object: 'Object Repository/Final Object Repo/Page_Update Add New Employee - ASSIST/DOB Month' is clicked on

2018-11-27 16:31:15 - [MESSAGE][PASSED] - Object: 'Object Repository/Final Object Repo/Page_Update Add New Employee - ASSIST/DOB Month' is clicked on

2018-11-27 16:31:15 - [TEST_STEP][PASSED] - Statement - selectMonth = com.kms.katalon.core.webui.keyword.WebUiBuiltInKeywords.modifyObjectProperty(selectMonth, "xpath", "equals", "//body/div/div/div/select/option[@value="" + CurrentMonth + ""]", true): Modify property of object successfully

2018-11-27 16:31:15 - [MESSAGE][PASSED] - Modify property of object successfully

2018-11-27 16:31:15 - [TEST_STEP][PASSED] - click: Object: '' is clicked on

2018-11-27 16:31:15 - [MESSAGE][PASSED] - Object: '' is clicked on

2018-11-27 16:31:15 - [TEST_STEP][PASSED] - click: Object: 'Object Repository/Final Object Repo/Page_Update Add New Employee - ASSIST/DOB Year' is clicked on

2018-11-27 16:31:15 - [MESSAGE][PASSED] - Object: 'Object Repository/Final Object Repo/Page_Update Add New Employee - ASSIST/DOB Year' is clicked on

2018-11-27 16:31:15 - [TEST_STEP][PASSED] - Statement - selectYear = com.kms.katalon.core.webui.keyword.WebUiBuiltInKeywords.modifyObjectProperty(selectYear, "xpath", "equals", "//div/div/div/select/option[@value="" + EighteenYrsBefore + ""]", true): Modify property of object successfully

2018-11-27 16:31:15 - [MESSAGE][PASSED] - Modify property of object successfully

2018-11-27 16:31:15 - [TEST_STEP][PASSED] - click: Object: '' is clicked on

2018-11-27 16:31:15 - [MESSAGE][PASSED] - Object: '' is clicked on

2018-11-27 16:31:15 - [TEST_STEP][PASSED] - Statement - UpdatedSelectDate = com.kms.katalon.core.webui.keyword.WebUiBuiltInKeywords.modifyObjectProperty(com.kms.katalon.core.testobject.ObjectRepository.findTestObject(Final Object Repo/Page_Update Add New Employee - ASSIST/DOB Date), "xpath", "equals", "//body/div/table/tbody/tr/td/a[text()="" + OneDayBefore + ""]", true): Modify property of object successfully

2018-11-27 16:31:15 - [MESSAGE][PASSED] - Modify property of object successfully

2018-11-27 16:31:15 - [TEST_STEP][PASSED] - click: Object: 'Object Repository/Final Object Repo/Page_Update Add New Employee - ASSIST/DOB Date' is clicked on

2018-11-27 16:31:15 - [MESSAGE][PASSED] - Object: 'Object Repository/Final Object Repo/Page_Update Add New Employee - ASSIST/DOB Date' is clicked on

2018-11-27 16:31:15 - [TEST_STEP][PASSED] - delay: Delayed 2 second(s)

2018-11-27 16:31:17 - [MESSAGE][PASSED] - Delayed 2 second(s)

2018-11-27 16:31:17 - [TEST_STEP][PASSED] - click: Object: 'Object Repository/Final Object Repo/Page_Update Add New Employee - ASSIST/EmploymentStartDate Pop Up' is clicked on

2018-11-27 16:31:18 - [MESSAGE][PASSED] - Object: 'Object Repository/Final Object Repo/Page_Update Add New Employee - ASSIST/EmploymentStartDate Pop Up' is clicked on

2018-11-27 16:31:18 - [TEST_STEP][PASSED] - delay: Delayed 2 second(s)

2018-11-27 16:31:20 - [MESSAGE][PASSED] - Delayed 2 second(s)

2018-11-27 16:31:20 - [TEST_STEP][PASSED] - click: Object: 'Object Repository/Final Object Repo/Page_Update Add New Employee - ASSIST/Socso Employment StartDate Month' is clicked on

2018-11-27 16:31:20 - [MESSAGE][PASSED] - Object: 'Object Repository/Final Object Repo/Page_Update Add New Employee - ASSIST/Socso Employment StartDate Month' is clicked on

2018-11-27 16:31:20 - [TEST_STEP][PASSED] - delay: Delayed 1 second(s)

2018-11-27 16:31:21 - [MESSAGE][PASSED] - Delayed 1 second(s)

2018-11-27 16:31:21 - [TEST_STEP][PASSED] - click: Object: 'Object Repository/Final Object Repo/Page_Update Add New Employee - ASSIST/Select Socso Employement Startdate Month' is clicked on

2018-11-27 16:31:21 - [MESSAGE][PASSED] - Object: 'Object Repository/Final Object Repo/Page_Update Add New Employee - ASSIST/Select Socso Employement Startdate Month' is clicked on

2018-11-27 16:31:21 - [TEST_STEP][PASSED] - delay: Delayed 2 second(s)

2018-11-27 16:31:23 - [MESSAGE][PASSED] - Delayed 2 second(s)

2018-11-27 16:31:23 - [TEST_STEP][PASSED] - click: Object: 'Object Repository/Final Object Repo/Page_Update Add New Employee - ASSIST/Socso Employment StartDate Year' is clicked on

2018-11-27 16:31:23 - [MESSAGE][PASSED] - Object: 'Object Repository/Final Object Repo/Page_Update Add New Employee - ASSIST/Socso Employment StartDate Year' is clicked on

2018-11-27 16:31:23 - [TEST_STEP][PASSED] - delay: Delayed 1 second(s)

2018-11-27 16:31:24 - [MESSAGE][PASSED] - Delayed 1 second(s)

2018-11-27 16:31:24 - [TEST_STEP][PASSED] - click: Object: 'Object Repository/Final Object Repo/Page_Update Add New Employee - ASSIST/Select Socso Employment Startdate Year' is clicked on

2018-11-27 16:31:24 - [MESSAGE][PASSED] - Object: 'Object Repository/Final Object Repo/Page_Update Add New Employee - ASSIST/Select Socso Employment Startdate Year' is clicked on

2018-11-27 16:31:24 - [TEST_STEP][PASSED] - delay: Delayed 2 second(s)

2018-11-27 16:31:26 - [MESSAGE][PASSED] - Delayed 2 second(s)

2018-11-27 16:31:26 - [TEST_STEP][PASSED] - click: Object: 'Object Repository/Final Object Repo/Page_Update Add New Employee - ASSIST/Socso Employment Start Date Day' is clicked on

2018-11-27 16:31:26 - [MESSAGE][PASSED] - Object: 'Object Repository/Final Object Repo/Page_Update Add New Employee - ASSIST/Socso Employment Start Date Day' is clicked on

2018-11-27 16:31:26 - [TEST_STEP][PASSED] - delay: Delayed 2 second(s)

2018-11-27 16:31:28 - [MESSAGE][PASSED] - Delayed 2 second(s)

2018-11-27 16:31:28 - [TEST_STEP][PASSED] - click: Object: 'Object Repository/Final Object Repo/Page_Update Add New Employee - ASSIST/Save Button for Add Employee' is clicked on

2018-11-27 16:31:29 - [MESSAGE][PASSED] - Object: 'Object Repository/Final Object Repo/Page_Update Add New Employee - ASSIST/Save Button for Add Employee' is clicked on

2018-11-27 16:31:29 - [TEST_STEP][PASSED] - delay: Delayed 20 second(s)

2018-11-27 16:31:49 - [MESSAGE][PASSED] - Delayed 20 second(s)

2018-11-27 16:31:49 - [TEST_STEP][PASSED] - click: Object: 'Object Repository/Final Object Repo/Page_Update Add New Employee - ASSIST/Add Employee Button' is clicked on

2018-11-27 16:31:49 - [MESSAGE][PASSED] - Object: 'Object Repository/Final Object Repo/Page_Update Add New Employee - ASSIST/Add Employee Button' is clicked on

2018-11-27 16:31:49 - [TEST_STEP][PASSED] - delay: Delayed 4 second(s)

2018-11-27 16:31:53 - [MESSAGE][PASSED] - Delayed 4 second(s)

2018-11-27 16:31:53 - [TEST_STEP][PASSED] - setText: Text '600203039104' is set on object 'Object Repository/Final Object Repo/Page_Update Add New Employee - ASSIST/NRIC Input'

2018-11-27 16:31:53 - [MESSAGE][PASSED] - Text '600203039104' is set on object 'Object Repository/Final Object Repo/Page_Update Add New Employee - ASSIST/NRIC Input'

2018-11-27 16:31:53 - [TEST_STEP][PASSED] - click: Object: 'Object Repository/Final Object Repo/Page_Update Add New Employee - ASSIST/button for search for IC' is clicked on

2018-11-27 16:31:53 - [MESSAGE][PASSED] - Object: 'Object Repository/Final Object Repo/Page_Update Add New Employee - ASSIST/button for search for IC' is clicked on

2018-11-27 16:31:53 - [TEST_STEP][PASSED] - delay: Delayed 2 second(s)

2018-11-27 16:31:55 - [MESSAGE][PASSED] - Delayed 2 second(s)

2018-11-27 16:31:55 - [TEST_STEP][PASSED] - setText: Text 'Automate002 not eligible 2' is set on object 'Object Repository/Final Object Repo/Page_Update Add New Employee - ASSIST/Employee Name Input'

2018-11-27 16:31:56 - [MESSAGE][PASSED] - Text 'Automate002 not eligible 2' is set on object 'Object Repository/Final Object Repo/Page_Update Add New Employee - ASSIST/Employee Name Input'

2018-11-27 16:31:56 - [TEST_STEP][PASSED] - delay: Delayed 2 second(s)

2018-11-27 16:31:58 - [MESSAGE][PASSED] - Delayed 2 second(s)

2018-11-27 16:31:58 - [TEST_STEP][PASSED] - click: Object: 'Object Repository/Final Object Repo/Page_Update Add New Employee - ASSIST/DatePicker Pop Up' is clicked on

2018-11-27 16:31:58 - [MESSAGE][PASSED] - Object: 'Object Repository/Final Object Repo/Page_Update Add New Employee - ASSIST/DatePicker Pop Up' is clicked on

2018-11-27 16:31:58 - [TEST_STEP][PASSED] - delay: Delayed 2 second(s)

2018-11-27 16:32:00 - [MESSAGE][PASSED] - Delayed 2 second(s)

2018-11-27 16:32:00 - [TEST_STEP][PASSED] - click: Object: 'Object Repository/Final Object Repo/Page_Update Add New Employee - ASSIST/DOB Month' is clicked on

2018-11-27 16:32:01 - [MESSAGE][PASSED] - Object: 'Object Repository/Final Object Repo/Page_Update Add New Employee - ASSIST/DOB Month' is clicked on

2018-11-27 16:32:01 - [TEST_STEP][PASSED] - Statement - selectMonth = com.kms.katalon.core.webui.keyword.WebUiBuiltInKeywords.modifyObjectProperty(selectMonth, "xpath", "equals", "//body/div/div/div/select/option[@value="" + CurrentMonth + ""]", true): Modify property of object successfully

2018-11-27 16:32:01 - [MESSAGE][PASSED] - Modify property of object successfully

2018-11-27 16:32:01 - [TEST_STEP][PASSED] - click: Object: '' is clicked on

2018-11-27 16:32:01 - [MESSAGE][PASSED] - Object: '' is clicked on

2018-11-27 16:32:01 - [TEST_STEP][PASSED] - click: Object: 'Object Repository/Final Object Repo/Page_Update Add New Employee - ASSIST/DOB Year' is clicked on

2018-11-27 16:32:01 - [MESSAGE][PASSED] - Object: 'Object Repository/Final Object Repo/Page_Update Add New Employee - ASSIST/DOB Year' is clicked on

2018-11-27 16:32:01 - [TEST_STEP][PASSED] - Statement - selectYear = com.kms.katalon.core.webui.keyword.WebUiBuiltInKeywords.modifyObjectProperty(selectYear, "xpath", "equals", "//div/div/div/select/option[@value="" + FiftysevenYrsBefore + ""]", true): Modify property of object successfully

2018-11-27 16:32:01 - [MESSAGE][PASSED] - Modify property of object successfully

2018-11-27 16:32:01 - [TEST_STEP][PASSED] - click: Object: '' is clicked on

2018-11-27 16:32:01 - [MESSAGE][PASSED] - Object: '' is clicked on

2018-11-27 16:32:01 - [TEST_STEP][PASSED] - Statement - UpdatedSelectDate = com.kms.katalon.core.webui.keyword.WebUiBuiltInKeywords.modifyObjectProperty(com.kms.katalon.core.testobject.ObjectRepository.findTestObject(Final Object Repo/Page_Update Add New Employee - ASSIST/DOB Date), "xpath", "equals", "//body/div/table/tbody/tr/td/a[text()="" + CurrentDate + ""]", true): Modify property of object successfully

2018-11-27 16:32:01 - [MESSAGE][PASSED] - Modify property of object successfully

2018-11-27 16:32:01 - [TEST_STEP][PASSED] - click: Object: 'Object Repository/Final Object Repo/Page_Update Add New Employee - ASSIST/DOB Date' is clicked on

2018-11-27 16:32:01 - [MESSAGE][PASSED] - Object: 'Object Repository/Final Object Repo/Page_Update Add New Employee - ASSIST/DOB Date' is clicked on

2018-11-27 16:32:01 - [TEST_STEP][PASSED] - click: Object: 'Object Repository/Final Object Repo/Page_Update Add New Employee - ASSIST/EmploymentStartDate Pop Up' is clicked on

2018-11-27 16:32:01 - [MESSAGE][PASSED] - Object: 'Object Repository/Final Object Repo/Page_Update Add New Employee - ASSIST/EmploymentStartDate Pop Up' is clicked on

2018-11-27 16:32:01 - [TEST_STEP][PASSED] - delay: Delayed 2 second(s)

2018-11-27 16:32:03 - [MESSAGE][PASSED] - Delayed 2 second(s)

2018-11-27 16:32:03 - [TEST_STEP][PASSED] - click: Object: 'Object Repository/Final Object Repo/Page_Update Add New Employee - ASSIST/Socso Employment StartDate Month' is clicked on

2018-11-27 16:32:04 - [MESSAGE][PASSED] - Object: 'Object Repository/Final Object Repo/Page_Update Add New Employee - ASSIST/Socso Employment StartDate Month' is clicked on

2018-11-27 16:32:04 - [TEST_STEP][PASSED] - delay: Delayed 1 second(s)

2018-11-27 16:32:05 - [MESSAGE][PASSED] - Delayed 1 second(s)

2018-11-27 16:32:05 - [TEST_STEP][PASSED] - click: Object: 'Object Repository/Final Object Repo/Page_Update Add New Employee - ASSIST/Select Socso Employement Startdate Month' is clicked on

2018-11-27 16:32:05 - [MESSAGE][PASSED] - Object: 'Object Repository/Final Object Repo/Page_Update Add New Employee - ASSIST/Select Socso Employement Startdate Month' is clicked on

2018-11-27 16:32:05 - [TEST_STEP][PASSED] - delay: Delayed 2 second(s)

2018-11-27 16:32:07 - [MESSAGE][PASSED] - Delayed 2 second(s)

2018-11-27 16:32:07 - [TEST_STEP][PASSED] - click: Object: 'Object Repository/Final Object Repo/Page_Update Add New Employee - ASSIST/Socso Employment StartDate Year' is clicked on

2018-11-27 16:32:07 - [MESSAGE][PASSED] - Object: 'Object Repository/Final Object Repo/Page_Update Add New Employee - ASSIST/Socso Employment StartDate Year' is clicked on

2018-11-27 16:32:07 - [TEST_STEP][PASSED] - delay: Delayed 1 second(s)

2018-11-27 16:32:08 - [MESSAGE][PASSED] - Delayed 1 second(s)

2018-11-27 16:32:08 - [TEST_STEP][PASSED] - click: Object: 'Object Repository/Final Object Repo/Page_Update Add New Employee - ASSIST/Select Socso Employment Startdate Year' is clicked on

2018-11-27 16:32:08 - [MESSAGE][PASSED] - Object: 'Object Repository/Final Object Repo/Page_Update Add New Employee - ASSIST/Select Socso Employment Startdate Year' is clicked on

2018-11-27 16:32:08 - [TEST_STEP][PASSED] - delay: Delayed 2 second(s)

2018-11-27 16:32:10 - [MESSAGE][PASSED] - Delayed 2 second(s)

2018-11-27 16:32:10 - [TEST_STEP][PASSED] - click: Object: 'Object Repository/Final Object Repo/Page_Update Add New Employee - ASSIST/Socso Employment Start Date Day' is clicked on

2018-11-27 16:32:10 - [MESSAGE][PASSED] - Object: 'Object Repository/Final Object Repo/Page_Update Add New Employee - ASSIST/Socso Employment Start Date Day' is clicked on

2018-11-27 16:32:10 - [TEST_STEP][PASSED] - delay: Delayed 2 second(s)

2018-11-27 16:32:12 - [MESSAGE][PASSED] - Delayed 2 second(s)

2018-11-27 16:32:12 - [TEST_STEP][PASSED] - click: Object: 'Object Repository/Final Object Repo/Page_Update Add New Employee - ASSIST/Save Button for Add Employee' is clicked on

2018-11-27 16:32:12 - [MESSAGE][PASSED] - Object: 'Object Repository/Final Object Repo/Page_Update Add New Employee - ASSIST/Save Button for Add Employee' is clicked on

2018-11-27 16:32:12 - [MESSAGE][PASSED] - Call Test Case 'Test Cases/Final Aug 2018 - PKS Automation/Registration Module/Workflow/Update Add New Employee/Template/Employee Adding/Employee Adding Action Repeat IC - set 2' successfully

2018-11-27 16:32:12 - [MESSAGE][PASSED] - Call Test Case 'Test Cases/Final Aug 2018 - PKS Automation/Registration Module/Workflow/Update Add New Employee/Template/Employee Adding/Employee Set Decider' successfully

2018-11-27 16:32:12 - [TEST_STEP][PASSED] - delay: Delayed 4 second(s)

2018-11-27 16:32:16 - [MESSAGE][PASSED] - Delayed 4 second(s)

2018-11-27 16:32:16 - [TEST_STEP][PASSED] - Statement - CaseReferenceNo = com.kms.katalon.core.webui.keyword.WebUiBuiltInKeywords.getText(com.kms.katalon.core.testobject.ObjectRepository.findTestObject(Final Object Repo/Page_Update Add New Employee - ASSIST/RefNo)): Text of object 'Object Repository/Final Object Repo/Page_Update Add New Employee - ASSIST/RefNo' is: 'CAN11201800002202'

2018-11-27 16:32:17 - [MESSAGE][PASSED] - Text of object 'Object Repository/Final Object Repo/Page_Update Add New Employee - ASSIST/RefNo' is: 'CAN11201800002202'

2018-11-27 16:32:17 - [TEST_STEP][PASSED] - callTestCase: Call Test Case 'Test Cases/Final Aug 2018 - PKS Automation/Common/Reference Number Setter' successfully

2018-11-27 16:32:17 - [TEST_CASE][PASSED] - Test Cases/Final Aug 2018 - PKS Automation/Common/Reference Number Setter: Test Cases/Final Aug 2018 - PKS Automation/Common/Reference Number Setter

2018-11-27 16:32:17 - [TEST_STEP][PASSED] - Statement - RefNoOldFile = new java.io.File(C://Users//Admin//Desktop//PKS//Automation Reference Point//KatalonReference.txt): null

2018-11-27 16:32:17 - [TEST_STEP][PASSED] - Statement - RefNoOldFile.delete(): null

2018-11-27 16:32:17 - [TEST_STEP][PASSED] - delay: Delayed 5 second(s)

2018-11-27 16:32:22 - [MESSAGE][PASSED] - Delayed 5 second(s)

2018-11-27 16:32:22 - [TEST_STEP][PASSED] - Statement - RefNo = new java.io.File(C://Users//Admin//Desktop//PKS//Automation Reference Point//KatalonReference.txt): null

2018-11-27 16:32:22 - [TEST_STEP][PASSED] - Statement - f2 = new java.io.FileWriter(RefNo, false): null

2018-11-27 16:32:22 - [TEST_STEP][PASSED] - Statement - f2.write(CaseReferenceNo): null

2018-11-27 16:32:22 - [TEST_STEP][PASSED] - Statement - f2.close(): null

2018-11-27 16:32:22 - [TEST_STEP][PASSED] - Statement - out.println("


" + CaseReferenceNo + "


"): null

2018-11-27 16:32:22 - [MESSAGE][PASSED] - Call Test Case 'Test Cases/Final Aug 2018 - PKS Automation/Common/Reference Number Setter' successfully

2018-11-27 16:32:22 - [TEST_STEP][PASSED] - delay: Delayed 5 second(s)

2018-11-27 16:32:27 - [MESSAGE][PASSED] - Delayed 5 second(s)

2018-11-27 16:32:27 - [TEST_STEP][PASSED] - click: Object: 'Object Repository/Final Object Repo/Page_Update Add New Employee - ASSIST/Incomplete Checkbox' is clicked on

2018-11-27 16:32:27 - [MESSAGE][PASSED] - Object: 'Object Repository/Final Object Repo/Page_Update Add New Employee - ASSIST/Incomplete Checkbox' is clicked on

2018-11-27 16:32:27 - [TEST_STEP][PASSED] - delay: Delayed 5 second(s)

2018-11-27 16:32:32 - [MESSAGE][PASSED] - Delayed 5 second(s)

2018-11-27 16:32:32 - [TEST_STEP][PASSED] - click: Object: 'Object Repository/Final Object Repo/Page_Update Add New Employee - ASSIST/Save  Continue Button' is clicked on

2018-11-27 16:32:32 - [MESSAGE][PASSED] - Object: 'Object Repository/Final Object Repo/Page_Update Add New Employee - ASSIST/Save  Continue Button' is clicked on

2018-11-27 16:32:32 - [TEST_STEP][PASSED] - delay: Delayed 6 second(s)

2018-11-27 16:32:38 - [MESSAGE][PASSED] - Delayed 6 second(s)

2018-11-27 16:32:38 - [TEST_STEP][PASSED] - click: Object: 'Object Repository/Final Object Repo/Page_Update Add New Employee - ASSIST/Save  Continue Third Screen' is clicked on

2018-11-27 16:32:41 - [MESSAGE][PASSED] - Object: 'Object Repository/Final Object Repo/Page_Update Add New Employee - ASSIST/Save  Continue Third Screen' is clicked on

2018-11-27 16:32:41 - [TEST_STEP][PASSED] - delay: Delayed 4 second(s)

2018-11-27 16:32:45 - [MESSAGE][PASSED] - Delayed 4 second(s)

2018-11-27 16:32:45 - [TEST_STEP][PASSED] - click: Object: 'Object Repository/Final Object Repo/Page_Update Add New Employee - ASSIST/Save   Continue Supporting Doc Page' is clicked on

2018-11-27 16:32:45 - [MESSAGE][PASSED] - Object: 'Object Repository/Final Object Repo/Page_Update Add New Employee - ASSIST/Save   Continue Supporting Doc Page' is clicked on

2018-11-27 16:32:45 - [TEST_STEP][PASSED] - delay: Delayed 4 second(s)

2018-11-27 16:32:49 - [MESSAGE][PASSED] - Delayed 4 second(s)

2018-11-27 16:32:49 - [TEST_STEP][PASSED] - click: Object: 'Object Repository/Final Object Repo/Page_Update Add New Employee - ASSIST/Submit Button' is clicked on

2018-11-27 16:32:49 - [MESSAGE][PASSED] - Object: 'Object Repository/Final Object Repo/Page_Update Add New Employee - ASSIST/Submit Button' is clicked on

2018-11-27 16:32:49 - [TEST_STEP][PASSED] - delay: Delayed 4 second(s)

2018-11-27 16:32:53 - [MESSAGE][PASSED] - Delayed 4 second(s)

2018-11-27 16:32:53 - [TEST_STEP][PASSED] - click: Object: 'Object Repository/Final Object Repo/Page_Update Add New Employee - ASSIST/Confirm Submit Button' is clicked on

2018-11-27 16:32:54 - [MESSAGE][PASSED] - Object: 'Object Repository/Final Object Repo/Page_Update Add New Employee - ASSIST/Confirm Submit Button' is clicked on

2018-11-27 16:32:54 - [TEST_STEP][PASSED] - delay: Delayed 30 second(s)

2018-11-27 16:33:24 - [MESSAGE][PASSED] - Delayed 30 second(s)

2018-11-27 16:33:24 - [TEST_STEP][PASSED] - callTestCase: Call Test Case 'Test Cases/Final Aug 2018 - PKS Automation/Common/Screenshoting tool' successfully

2018-11-27 16:33:24 - [TEST_CASE][PASSED] - Test Cases/Final Aug 2018 - PKS Automation/Common/Screenshoting tool: Test Cases/Final Aug 2018 - PKS Automation/Common/Screenshoting tool

2018-11-27 16:33:24 - [TEST_STEP][PASSED] - delay: Delayed 15 second(s)

2018-11-27 16:33:39 - [MESSAGE][PASSED] - Delayed 15 second(s)

2018-11-27 16:33:39 - [TEST_STEP][PASSED] - Statement - driver = com.kms.katalon.core.webui.driver.DriverFactory.getWebDriver(): null

2018-11-27 16:33:39 - [TEST_STEP][PASSED] - Statement - driver.manage().timeouts().implicitlyWait(10, SECONDS): null

2018-11-27 16:33:39 - [TEST_STEP][PASSED] - Statement - PresavePath = KatalonScreenshots: null

2018-11-27 16:33:39 - [TEST_STEP][PASSED] - Statement - pathPrefix = "C:\Users\Public\Pictures\Sample Pictures\Katalon Screenshots\Automate Ending Screen": null

2018-11-27 16:33:39 - [TEST_STEP][PASSED] - Statement - finalPath = <not implemented yet for class: org.codehaus.groovy.ast.expr.EmptyExpression>: null

2018-11-27 16:33:39 - [TEST_STEP][PASSED] - Statement - scrFile = driver.getScreenshotAs(FILE): null

2018-11-27 16:33:39 - [TEST_STEP][PASSED] - Statement - PreSaveFile = new java.io.File(PresavePath): null

2018-11-27 16:33:39 - [TEST_STEP][PASSED] - Statement - counter = 0: null

2018-11-27 16:33:39 - [TEST_STEP][PASSED] - Statement - If (PreSaveFile.exists()): null

2018-11-27 16:33:39 - [TEST_STEP][PASSED] - Statement - While (PreSaveFile.exists()): null

2018-11-27 16:33:39 - [TEST_STEP][PASSED] - Statement - counter = counter + 1: null

2018-11-27 16:33:39 - [TEST_STEP][PASSED] - Statement - PreSaveFile = new java.io.File(((pathPrefix + java.lang.Integer.toString(counter)) + .png)): null

2018-11-27 16:33:39 - [TEST_STEP][PASSED] - Statement - counter = counter + 1: null

2018-11-27 16:33:39 - [TEST_STEP][PASSED] - Statement - PreSaveFile = new java.io.File(((pathPrefix + java.lang.Integer.toString(counter)) + .png)): null

2018-11-27 16:33:39 - [TEST_STEP][PASSED] - Statement - counter = counter + 1: null

2018-11-27 16:33:39 - [TEST_STEP][PASSED] - Statement - PreSaveFile = new java.io.File(((pathPrefix + java.lang.Integer.toString(counter)) + .png)): null

2018-11-27 16:33:39 - [TEST_STEP][PASSED] - Statement - counter = counter + 1: null

2018-11-27 16:33:39 - [TEST_STEP][PASSED] - Statement - PreSaveFile = new java.io.File(((pathPrefix + java.lang.Integer.toString(counter)) + .png)): null

2018-11-27 16:33:39 - [TEST_STEP][PASSED] - Statement - counter = counter + 1: null

2018-11-27 16:33:39 - [TEST_STEP][PASSED] - Statement - PreSaveFile = new java.io.File(((pathPrefix + java.lang.Integer.toString(counter)) + .png)): null

2018-11-27 16:33:39 - [TEST_STEP][PASSED] - Statement - counter = counter + 1: null

2018-11-27 16:33:39 - [TEST_STEP][PASSED] - Statement - PreSaveFile = new java.io.File(((pathPrefix + java.lang.Integer.toString(counter)) + .png)): null

2018-11-27 16:33:39 - [TEST_STEP][PASSED] - Statement - counter = counter + 1: null

2018-11-27 16:33:39 - [TEST_STEP][PASSED] - Statement - PreSaveFile = new java.io.File(((pathPrefix + java.lang.Integer.toString(counter)) + .png)): null

2018-11-27 16:33:39 - [TEST_STEP][PASSED] - Statement - counter = counter + 1: null

2018-11-27 16:33:39 - [TEST_STEP][PASSED] - Statement - PreSaveFile = new java.io.File(((pathPrefix + java.lang.Integer.toString(counter)) + .png)): null

2018-11-27 16:33:39 - [TEST_STEP][PASSED] - Statement - counter = counter + 1: null

2018-11-27 16:33:39 - [TEST_STEP][PASSED] - Statement - PreSaveFile = new java.io.File(((pathPrefix + java.lang.Integer.toString(counter)) + .png)): null

2018-11-27 16:33:39 - [TEST_STEP][PASSED] - Statement - counter = counter + 1: null

2018-11-27 16:33:39 - [TEST_STEP][PASSED] - Statement - PreSaveFile = new java.io.File(((pathPrefix + java.lang.Integer.toString(counter)) + .png)): null

2018-11-27 16:33:39 - [TEST_STEP][PASSED] - Statement - counter = counter + 1: null

2018-11-27 16:33:39 - [TEST_STEP][PASSED] - Statement - PreSaveFile = new java.io.File(((pathPrefix + java.lang.Integer.toString(counter)) + .png)): null

2018-11-27 16:33:39 - [TEST_STEP][PASSED] - Statement - counter = counter + 1: null

2018-11-27 16:33:39 - [TEST_STEP][PASSED] - Statement - PreSaveFile = new java.io.File(((pathPrefix + java.lang.Integer.toString(counter)) + .png)): null

2018-11-27 16:33:39 - [TEST_STEP][PASSED] - Statement - counter = counter + 1: null

2018-11-27 16:33:39 - [TEST_STEP][PASSED] - Statement - PreSaveFile = new java.io.File(((pathPrefix + java.lang.Integer.toString(counter)) + .png)): null

2018-11-27 16:33:39 - [TEST_STEP][PASSED] - Statement - counter = counter + 1: null

2018-11-27 16:33:39 - [TEST_STEP][PASSED] - Statement - PreSaveFile = new java.io.File(((pathPrefix + java.lang.Integer.toString(counter)) + .png)): null

2018-11-27 16:33:39 - [TEST_STEP][PASSED] - Statement - counter = counter + 1: null

2018-11-27 16:33:39 - [TEST_STEP][PASSED] - Statement - PreSaveFile = new java.io.File(((pathPrefix + java.lang.Integer.toString(counter)) + .png)): null

2018-11-27 16:33:39 - [TEST_STEP][PASSED] - Statement - counter = counter + 1: null

2018-11-27 16:33:39 - [TEST_STEP][PASSED] - Statement - PreSaveFile = new java.io.File(((pathPrefix + java.lang.Integer.toString(counter)) + .png)): null

2018-11-27 16:33:39 - [TEST_STEP][PASSED] - Statement - counter = counter + 1: null

2018-11-27 16:33:39 - [TEST_STEP][PASSED] - Statement - PreSaveFile = new java.io.File(((pathPrefix + java.lang.Integer.toString(counter)) + .png)): null

2018-11-27 16:33:39 - [TEST_STEP][PASSED] - Statement - counter = counter + 1: null

2018-11-27 16:33:39 - [TEST_STEP][PASSED] - Statement - PreSaveFile = new java.io.File(((pathPrefix + java.lang.Integer.toString(counter)) + .png)): null

2018-11-27 16:33:39 - [TEST_STEP][PASSED] - Statement - counter = counter + 1: null

2018-11-27 16:33:39 - [TEST_STEP][PASSED] - Statement - PreSaveFile = new java.io.File(((pathPrefix + java.lang.Integer.toString(counter)) + .png)): null

2018-11-27 16:33:39 - [TEST_STEP][PASSED] - Statement - counter = counter + 1: null

2018-11-27 16:33:39 - [TEST_STEP][PASSED] - Statement - PreSaveFile = new java.io.File(((pathPrefix + java.lang.Integer.toString(counter)) + .png)): null

2018-11-27 16:33:39 - [TEST_STEP][PASSED] - Statement - counter = counter + 1: null

2018-11-27 16:33:39 - [TEST_STEP][PASSED] - Statement - PreSaveFile = new java.io.File(((pathPrefix + java.lang.Integer.toString(counter)) + .png)): null

2018-11-27 16:33:39 - [TEST_STEP][PASSED] - Statement - counter = counter + 1: null

2018-11-27 16:33:39 - [TEST_STEP][PASSED] - Statement - PreSaveFile = new java.io.File(((pathPrefix + java.lang.Integer.toString(counter)) + .png)): null

2018-11-27 16:33:39 - [TEST_STEP][PASSED] - Statement - counter = counter + 1: null

2018-11-27 16:33:39 - [TEST_STEP][PASSED] - Statement - PreSaveFile = new java.io.File(((pathPrefix + java.lang.Integer.toString(counter)) + .png)): null

2018-11-27 16:33:39 - [TEST_STEP][PASSED] - Statement - counter = counter + 1: null

2018-11-27 16:33:39 - [TEST_STEP][PASSED] - Statement - PreSaveFile = new java.io.File(((pathPrefix + java.lang.Integer.toString(counter)) + .png)): null

2018-11-27 16:33:39 - [TEST_STEP][PASSED] - Statement - counter = counter + 1: null

2018-11-27 16:33:39 - [TEST_STEP][PASSED] - Statement - PreSaveFile = new java.io.File(((pathPrefix + java.lang.Integer.toString(counter)) + .png)): null

2018-11-27 16:33:39 - [TEST_STEP][PASSED] - Statement - counter = counter + 1: null

2018-11-27 16:33:39 - [TEST_STEP][PASSED] - Statement - PreSaveFile = new java.io.File(((pathPrefix + java.lang.Integer.toString(counter)) + .png)): null

2018-11-27 16:33:39 - [TEST_STEP][PASSED] - Statement - counter = counter + 1: null

2018-11-27 16:33:39 - [TEST_STEP][PASSED] - Statement - PreSaveFile = new java.io.File(((pathPrefix + java.lang.Integer.toString(counter)) + .png)): null

2018-11-27 16:33:39 - [TEST_STEP][PASSED] - Statement - counter = counter + 1: null

2018-11-27 16:33:39 - [TEST_STEP][PASSED] - Statement - PreSaveFile = new java.io.File(((pathPrefix + java.lang.Integer.toString(counter)) + .png)): null

2018-11-27 16:33:39 - [TEST_STEP][PASSED] - Statement - counter = counter + 1: null

2018-11-27 16:33:39 - [TEST_STEP][PASSED] - Statement - PreSaveFile = new java.io.File(((pathPrefix + java.lang.Integer.toString(counter)) + .png)): null

2018-11-27 16:33:39 - [TEST_STEP][PASSED] - Statement - counter = counter + 1: null

2018-11-27 16:33:39 - [TEST_STEP][PASSED] - Statement - PreSaveFile = new java.io.File(((pathPrefix + java.lang.Integer.toString(counter)) + .png)): null

2018-11-27 16:33:39 - [TEST_STEP][PASSED] - Statement - counter = counter + 1: null

2018-11-27 16:33:39 - [TEST_STEP][PASSED] - Statement - PreSaveFile = new java.io.File(((pathPrefix + java.lang.Integer.toString(counter)) + .png)): null

2018-11-27 16:33:39 - [TEST_STEP][PASSED] - Statement - counter = counter + 1: null

2018-11-27 16:33:39 - [TEST_STEP][PASSED] - Statement - PreSaveFile = new java.io.File(((pathPrefix + java.lang.Integer.toString(counter)) + .png)): null

2018-11-27 16:33:39 - [TEST_STEP][PASSED] - Statement - counter = counter + 1: null

2018-11-27 16:33:39 - [TEST_STEP][PASSED] - Statement - PreSaveFile = new java.io.File(((pathPrefix + java.lang.Integer.toString(counter)) + .png)): null

2018-11-27 16:33:39 - [TEST_STEP][PASSED] - Statement - counter = counter + 1: null

2018-11-27 16:33:39 - [TEST_STEP][PASSED] - Statement - PreSaveFile = new java.io.File(((pathPrefix + java.lang.Integer.toString(counter)) + .png)): null

2018-11-27 16:33:39 - [TEST_STEP][PASSED] - Statement - counter = counter + 1: null

2018-11-27 16:33:39 - [TEST_STEP][PASSED] - Statement - PreSaveFile = new java.io.File(((pathPrefix + java.lang.Integer.toString(counter)) + .png)): null

2018-11-27 16:33:39 - [TEST_STEP][PASSED] - Statement - counter = counter + 1: null

2018-11-27 16:33:39 - [TEST_STEP][PASSED] - Statement - PreSaveFile = new java.io.File(((pathPrefix + java.lang.Integer.toString(counter)) + .png)): null

2018-11-27 16:33:39 - [TEST_STEP][PASSED] - Statement - counter = counter + 1: null

2018-11-27 16:33:39 - [TEST_STEP][PASSED] - Statement - PreSaveFile = new java.io.File(((pathPrefix + java.lang.Integer.toString(counter)) + .png)): null

2018-11-27 16:33:39 - [TEST_STEP][PASSED] - Statement - counter = counter + 1: null

2018-11-27 16:33:39 - [TEST_STEP][PASSED] - Statement - PreSaveFile = new java.io.File(((pathPrefix + java.lang.Integer.toString(counter)) + .png)): null

2018-11-27 16:33:39 - [TEST_STEP][PASSED] - Statement - counter = counter + 1: null

2018-11-27 16:33:39 - [TEST_STEP][PASSED] - Statement - PreSaveFile = new java.io.File(((pathPrefix + java.lang.Integer.toString(counter)) + .png)): null

2018-11-27 16:33:39 - [TEST_STEP][PASSED] - Statement - counter = counter + 1: null

2018-11-27 16:33:39 - [TEST_STEP][PASSED] - Statement - PreSaveFile = new java.io.File(((pathPrefix + java.lang.Integer.toString(counter)) + .png)): null

2018-11-27 16:33:39 - [TEST_STEP][PASSED] - Statement - counter = counter + 1: null

2018-11-27 16:33:39 - [TEST_STEP][PASSED] - Statement - PreSaveFile = new java.io.File(((pathPrefix + java.lang.Integer.toString(counter)) + .png)): null

2018-11-27 16:33:39 - [TEST_STEP][PASSED] - Statement - counter = counter + 1: null

2018-11-27 16:33:39 - [TEST_STEP][PASSED] - Statement - PreSaveFile = new java.io.File(((pathPrefix + java.lang.Integer.toString(counter)) + .png)): null

2018-11-27 16:33:39 - [TEST_STEP][PASSED] - Statement - counter = counter + 1: null

2018-11-27 16:33:39 - [TEST_STEP][PASSED] - Statement - PreSaveFile = new java.io.File(((pathPrefix + java.lang.Integer.toString(counter)) + .png)): null

2018-11-27 16:33:39 - [TEST_STEP][PASSED] - Statement - counter = counter + 1: null

2018-11-27 16:33:39 - [TEST_STEP][PASSED] - Statement - PreSaveFile = new java.io.File(((pathPrefix + java.lang.Integer.toString(counter)) + .png)): null

2018-11-27 16:33:39 - [TEST_STEP][PASSED] - Statement - counter = counter + 1: null

2018-11-27 16:33:39 - [TEST_STEP][PASSED] - Statement - PreSaveFile = new java.io.File(((pathPrefix + java.lang.Integer.toString(counter)) + .png)): null

2018-11-27 16:33:39 - [TEST_STEP][PASSED] - Statement - counter = counter + 1: null

2018-11-27 16:33:39 - [TEST_STEP][PASSED] - Statement - PreSaveFile = new java.io.File(((pathPrefix + java.lang.Integer.toString(counter)) + .png)): null

2018-11-27 16:33:39 - [TEST_STEP][PASSED] - Statement - counter = counter + 1: null

2018-11-27 16:33:39 - [TEST_STEP][PASSED] - Statement - PreSaveFile = new java.io.File(((pathPrefix + java.lang.Integer.toString(counter)) + .png)): null

2018-11-27 16:33:39 - [TEST_STEP][PASSED] - Statement - counter = counter + 1: null

2018-11-27 16:33:39 - [TEST_STEP][PASSED] - Statement - PreSaveFile = new java.io.File(((pathPrefix + java.lang.Integer.toString(counter)) + .png)): null

2018-11-27 16:33:39 - [TEST_STEP][PASSED] - Statement - counter = counter + 1: null

2018-11-27 16:33:39 - [TEST_STEP][PASSED] - Statement - PreSaveFile = new java.io.File(((pathPrefix + java.lang.Integer.toString(counter)) + .png)): null

2018-11-27 16:33:39 - [TEST_STEP][PASSED] - Statement - counter = counter + 1: null

2018-11-27 16:33:39 - [TEST_STEP][PASSED] - Statement - PreSaveFile = new java.io.File(((pathPrefix + java.lang.Integer.toString(counter)) + .png)): null

2018-11-27 16:33:39 - [TEST_STEP][PASSED] - Statement - counter = counter + 1: null

2018-11-27 16:33:39 - [TEST_STEP][PASSED] - Statement - PreSaveFile = new java.io.File(((pathPrefix + java.lang.Integer.toString(counter)) + .png)): null

2018-11-27 16:33:39 - [TEST_STEP][PASSED] - Statement - counter = counter + 1: null

2018-11-27 16:33:39 - [TEST_STEP][PASSED] - Statement - PreSaveFile = new java.io.File(((pathPrefix + java.lang.Integer.toString(counter)) + .png)): null

2018-11-27 16:33:39 - [TEST_STEP][PASSED] - Statement - counter = counter + 1: null

2018-11-27 16:33:39 - [TEST_STEP][PASSED] - Statement - PreSaveFile = new java.io.File(((pathPrefix + java.lang.Integer.toString(counter)) + .png)): null

2018-11-27 16:33:39 - [TEST_STEP][PASSED] - Statement - counter = counter + 1: null

2018-11-27 16:33:39 - [TEST_STEP][PASSED] - Statement - PreSaveFile = new java.io.File(((pathPrefix + java.lang.Integer.toString(counter)) + .png)): null

2018-11-27 16:33:39 - [TEST_STEP][PASSED] - Statement - counter = counter + 1: null

2018-11-27 16:33:39 - [TEST_STEP][PASSED] - Statement - PreSaveFile = new java.io.File(((pathPrefix + java.lang.Integer.toString(counter)) + .png)): null

2018-11-27 16:33:39 - [TEST_STEP][PASSED] - Statement - counter = counter + 1: null

2018-11-27 16:33:39 - [TEST_STEP][PASSED] - Statement - PreSaveFile = new java.io.File(((pathPrefix + java.lang.Integer.toString(counter)) + .png)): null

2018-11-27 16:33:39 - [TEST_STEP][PASSED] - Statement - counter = counter + 1: null

2018-11-27 16:33:39 - [TEST_STEP][PASSED] - Statement - PreSaveFile = new java.io.File(((pathPrefix + java.lang.Integer.toString(counter)) + .png)): null

2018-11-27 16:33:39 - [TEST_STEP][PASSED] - Statement - counter = counter + 1: null

2018-11-27 16:33:39 - [TEST_STEP][PASSED] - Statement - PreSaveFile = new java.io.File(((pathPrefix + java.lang.Integer.toString(counter)) + .png)): null

2018-11-27 16:33:39 - [TEST_STEP][PASSED] - Statement - counter = counter + 1: null

2018-11-27 16:33:39 - [TEST_STEP][PASSED] - Statement - PreSaveFile = new java.io.File(((pathPrefix + java.lang.Integer.toString(counter)) + .png)): null

2018-11-27 16:33:39 - [TEST_STEP][PASSED] - Statement - counter = counter + 1: null

2018-11-27 16:33:39 - [TEST_STEP][PASSED] - Statement - PreSaveFile = new java.io.File(((pathPrefix + java.lang.Integer.toString(counter)) + .png)): null

2018-11-27 16:33:39 - [TEST_STEP][PASSED] - Statement - counter = counter + 1: null

2018-11-27 16:33:39 - [TEST_STEP][PASSED] - Statement - PreSaveFile = new java.io.File(((pathPrefix + java.lang.Integer.toString(counter)) + .png)): null

2018-11-27 16:33:39 - [TEST_STEP][PASSED] - Statement - counter = counter + 1: null

2018-11-27 16:33:39 - [TEST_STEP][PASSED] - Statement - PreSaveFile = new java.io.File(((pathPrefix + java.lang.Integer.toString(counter)) + .png)): null

2018-11-27 16:33:39 - [TEST_STEP][PASSED] - Statement - counter = counter + 1: null

2018-11-27 16:33:39 - [TEST_STEP][PASSED] - Statement - PreSaveFile = new java.io.File(((pathPrefix + java.lang.Integer.toString(counter)) + .png)): null

2018-11-27 16:33:39 - [TEST_STEP][PASSED] - Statement - counter = counter + 1: null

2018-11-27 16:33:39 - [TEST_STEP][PASSED] - Statement - PreSaveFile = new java.io.File(((pathPrefix + java.lang.Integer.toString(counter)) + .png)): null

2018-11-27 16:33:39 - [TEST_STEP][PASSED] - Statement - counter = counter + 1: null

2018-11-27 16:33:39 - [TEST_STEP][PASSED] - Statement - PreSaveFile = new java.io.File(((pathPrefix + java.lang.Integer.toString(counter)) + .png)): null

2018-11-27 16:33:39 - [TEST_STEP][PASSED] - Statement - counter = counter + 1: null

2018-11-27 16:33:39 - [TEST_STEP][PASSED] - Statement - PreSaveFile = new java.io.File(((pathPrefix + java.lang.Integer.toString(counter)) + .png)): null

2018-11-27 16:33:39 - [TEST_STEP][PASSED] - Statement - counter = counter + 1: null

2018-11-27 16:33:39 - [TEST_STEP][PASSED] - Statement - PreSaveFile = new java.io.File(((pathPrefix + java.lang.Integer.toString(counter)) + .png)): null

2018-11-27 16:33:39 - [TEST_STEP][PASSED] - Statement - counter = counter + 1: null

2018-11-27 16:33:39 - [TEST_STEP][PASSED] - Statement - PreSaveFile = new java.io.File(((pathPrefix + java.lang.Integer.toString(counter)) + .png)): null

2018-11-27 16:33:39 - [TEST_STEP][PASSED] - Statement - counter = counter + 1: null

2018-11-27 16:33:39 - [TEST_STEP][PASSED] - Statement - PreSaveFile = new java.io.File(((pathPrefix + java.lang.Integer.toString(counter)) + .png)): null

2018-11-27 16:33:39 - [TEST_STEP][PASSED] - Statement - counter = counter + 1: null

2018-11-27 16:33:39 - [TEST_STEP][PASSED] - Statement - PreSaveFile = new java.io.File(((pathPrefix + java.lang.Integer.toString(counter)) + .png)): null

2018-11-27 16:33:39 - [TEST_STEP][PASSED] - Statement - counter = counter + 1: null

2018-11-27 16:33:39 - [TEST_STEP][PASSED] - Statement - PreSaveFile = new java.io.File(((pathPrefix + java.lang.Integer.toString(counter)) + .png)): null

2018-11-27 16:33:39 - [TEST_STEP][PASSED] - Statement - counter = counter + 1: null

2018-11-27 16:33:39 - [TEST_STEP][PASSED] - Statement - PreSaveFile = new java.io.File(((pathPrefix + java.lang.Integer.toString(counter)) + .png)): null

2018-11-27 16:33:39 - [TEST_STEP][PASSED] - Statement - counter = counter + 1: null

2018-11-27 16:33:39 - [TEST_STEP][PASSED] - Statement - PreSaveFile = new java.io.File(((pathPrefix + java.lang.Integer.toString(counter)) + .png)): null

2018-11-27 16:33:39 - [TEST_STEP][PASSED] - Statement - counter = counter + 1: null

2018-11-27 16:33:39 - [TEST_STEP][PASSED] - Statement - PreSaveFile = new java.io.File(((pathPrefix + java.lang.Integer.toString(counter)) + .png)): null

2018-11-27 16:33:39 - [TEST_STEP][PASSED] - Statement - counter = counter + 1: null

2018-11-27 16:33:39 - [TEST_STEP][PASSED] - Statement - PreSaveFile = new java.io.File(((pathPrefix + java.lang.Integer.toString(counter)) + .png)): null

2018-11-27 16:33:39 - [TEST_STEP][PASSED] - Statement - counter = counter + 1: null

2018-11-27 16:33:39 - [TEST_STEP][PASSED] - Statement - PreSaveFile = new java.io.File(((pathPrefix + java.lang.Integer.toString(counter)) + .png)): null

2018-11-27 16:33:39 - [TEST_STEP][PASSED] - Statement - counter = counter + 1: null

2018-11-27 16:33:39 - [TEST_STEP][PASSED] - Statement - PreSaveFile = new java.io.File(((pathPrefix + java.lang.Integer.toString(counter)) + .png)): null

2018-11-27 16:33:39 - [TEST_STEP][PASSED] - Statement - counter = counter + 1: null

2018-11-27 16:33:39 - [TEST_STEP][PASSED] - Statement - PreSaveFile = new java.io.File(((pathPrefix + java.lang.Integer.toString(counter)) + .png)): null

2018-11-27 16:33:39 - [TEST_STEP][PASSED] - Statement - counter = counter + 1: null

2018-11-27 16:33:39 - [TEST_STEP][PASSED] - Statement - PreSaveFile = new java.io.File(((pathPrefix + java.lang.Integer.toString(counter)) + .png)): null

2018-11-27 16:33:39 - [TEST_STEP][PASSED] - Statement - counter = counter + 1: null

2018-11-27 16:33:39 - [TEST_STEP][PASSED] - Statement - PreSaveFile = new java.io.File(((pathPrefix + java.lang.Integer.toString(counter)) + .png)): null

2018-11-27 16:33:39 - [TEST_STEP][PASSED] - Statement - counter = counter + 1: null

2018-11-27 16:33:39 - [TEST_STEP][PASSED] - Statement - PreSaveFile = new java.io.File(((pathPrefix + java.lang.Integer.toString(counter)) + .png)): null

2018-11-27 16:33:39 - [TEST_STEP][PASSED] - Statement - counter = counter + 1: null

2018-11-27 16:33:39 - [TEST_STEP][PASSED] - Statement - PreSaveFile = new java.io.File(((pathPrefix + java.lang.Integer.toString(counter)) + .png)): null

2018-11-27 16:33:39 - [TEST_STEP][PASSED] - Statement - counter = counter + 1: null

2018-11-27 16:33:39 - [TEST_STEP][PASSED] - Statement - PreSaveFile = new java.io.File(((pathPrefix + java.lang.Integer.toString(counter)) + .png)): null

2018-11-27 16:33:39 - [TEST_STEP][PASSED] - Statement - counter = counter + 1: null

2018-11-27 16:33:39 - [TEST_STEP][PASSED] - Statement - PreSaveFile = new java.io.File(((pathPrefix + java.lang.Integer.toString(counter)) + .png)): null

2018-11-27 16:33:39 - [TEST_STEP][PASSED] - Statement - counter = counter + 1: null

2018-11-27 16:33:39 - [TEST_STEP][PASSED] - Statement - PreSaveFile = new java.io.File(((pathPrefix + java.lang.Integer.toString(counter)) + .png)): null

2018-11-27 16:33:39 - [TEST_STEP][PASSED] - Statement - counter = counter + 1: null

2018-11-27 16:33:39 - [TEST_STEP][PASSED] - Statement - PreSaveFile = new java.io.File(((pathPrefix + java.lang.Integer.toString(counter)) + .png)): null

2018-11-27 16:33:39 - [TEST_STEP][PASSED] - Statement - counter = counter + 1: null

2018-11-27 16:33:39 - [TEST_STEP][PASSED] - Statement - PreSaveFile = new java.io.File(((pathPrefix + java.lang.Integer.toString(counter)) + .png)): null

2018-11-27 16:33:39 - [TEST_STEP][PASSED] - Statement - counter = counter + 1: null

2018-11-27 16:33:39 - [TEST_STEP][PASSED] - Statement - PreSaveFile = new java.io.File(((pathPrefix + java.lang.Integer.toString(counter)) + .png)): null

2018-11-27 16:33:39 - [TEST_STEP][PASSED] - Statement - counter = counter + 1: null

2018-11-27 16:33:39 - [TEST_STEP][PASSED] - Statement - PreSaveFile = new java.io.File(((pathPrefix + java.lang.Integer.toString(counter)) + .png)): null

2018-11-27 16:33:39 - [TEST_STEP][PASSED] - Statement - counter = counter + 1: null

2018-11-27 16:33:39 - [TEST_STEP][PASSED] - Statement - PreSaveFile = new java.io.File(((pathPrefix + java.lang.Integer.toString(counter)) + .png)): null

2018-11-27 16:33:39 - [TEST_STEP][PASSED] - Statement - counter = counter + 1: null

2018-11-27 16:33:39 - [TEST_STEP][PASSED] - Statement - PreSaveFile = new java.io.File(((pathPrefix + java.lang.Integer.toString(counter)) + .png)): null

2018-11-27 16:33:39 - [TEST_STEP][PASSED] - Statement - counter = counter + 1: null

2018-11-27 16:33:39 - [TEST_STEP][PASSED] - Statement - PreSaveFile = new java.io.File(((pathPrefix + java.lang.Integer.toString(counter)) + .png)): null

2018-11-27 16:33:39 - [TEST_STEP][PASSED] - Statement - counter = counter + 1: null

2018-11-27 16:33:39 - [TEST_STEP][PASSED] - Statement - PreSaveFile = new java.io.File(((pathPrefix + java.lang.Integer.toString(counter)) + .png)): null

2018-11-27 16:33:39 - [TEST_STEP][PASSED] - Statement - counter = counter + 1: null

2018-11-27 16:33:39 - [TEST_STEP][PASSED] - Statement - PreSaveFile = new java.io.File(((pathPrefix + java.lang.Integer.toString(counter)) + .png)): null

2018-11-27 16:33:39 - [TEST_STEP][PASSED] - Statement - counter = counter + 1: null

2018-11-27 16:33:39 - [TEST_STEP][PASSED] - Statement - PreSaveFile = new java.io.File(((pathPrefix + java.lang.Integer.toString(counter)) + .png)): null

2018-11-27 16:33:39 - [TEST_STEP][PASSED] - Statement - counter = counter + 1: null

2018-11-27 16:33:39 - [TEST_STEP][PASSED] - Statement - PreSaveFile = new java.io.File(((pathPrefix + java.lang.Integer.toString(counter)) + .png)): null

2018-11-27 16:33:39 - [TEST_STEP][PASSED] - Statement - counter = counter + 1: null

2018-11-27 16:33:39 - [TEST_STEP][PASSED] - Statement - PreSaveFile = new java.io.File(((pathPrefix + java.lang.Integer.toString(counter)) + .png)): null

2018-11-27 16:33:39 - [TEST_STEP][PASSED] - Statement - counter = counter + 1: null

2018-11-27 16:33:39 - [TEST_STEP][PASSED] - Statement - PreSaveFile = new java.io.File(((pathPrefix + java.lang.Integer.toString(counter)) + .png)): null

2018-11-27 16:33:39 - [TEST_STEP][PASSED] - Statement - counter = counter + 1: null

2018-11-27 16:33:39 - [TEST_STEP][PASSED] - Statement - PreSaveFile = new java.io.File(((pathPrefix + java.lang.Integer.toString(counter)) + .png)): null

2018-11-27 16:33:39 - [TEST_STEP][PASSED] - Statement - counter = counter + 1: null

2018-11-27 16:33:39 - [TEST_STEP][PASSED] - Statement - PreSaveFile = new java.io.File(((pathPrefix + java.lang.Integer.toString(counter)) + .png)): null

2018-11-27 16:33:39 - [TEST_STEP][PASSED] - Statement - counter = counter + 1: null

2018-11-27 16:33:39 - [TEST_STEP][PASSED] - Statement - PreSaveFile = new java.io.File(((pathPrefix + java.lang.Integer.toString(counter)) + .png)): null

2018-11-27 16:33:39 - [TEST_STEP][PASSED] - Statement - counter = counter + 1: null

2018-11-27 16:33:39 - [TEST_STEP][PASSED] - Statement - PreSaveFile = new java.io.File(((pathPrefix + java.lang.Integer.toString(counter)) + .png)): null

2018-11-27 16:33:39 - [TEST_STEP][PASSED] - Statement - counter = counter + 1: null

2018-11-27 16:33:39 - [TEST_STEP][PASSED] - Statement - PreSaveFile = new java.io.File(((pathPrefix + java.lang.Integer.toString(counter)) + .png)): null

2018-11-27 16:33:39 - [TEST_STEP][PASSED] - Statement - counter = counter + 1: null

2018-11-27 16:33:39 - [TEST_STEP][PASSED] - Statement - PreSaveFile = new java.io.File(((pathPrefix + java.lang.Integer.toString(counter)) + .png)): null

2018-11-27 16:33:39 - [TEST_STEP][PASSED] - Statement - counter = counter + 1: null

2018-11-27 16:33:39 - [TEST_STEP][PASSED] - Statement - PreSaveFile = new java.io.File(((pathPrefix + java.lang.Integer.toString(counter)) + .png)): null

2018-11-27 16:33:39 - [TEST_STEP][PASSED] - Statement - counter = counter + 1: null

2018-11-27 16:33:39 - [TEST_STEP][PASSED] - Statement - PreSaveFile = new java.io.File(((pathPrefix + java.lang.Integer.toString(counter)) + .png)): null

2018-11-27 16:33:39 - [TEST_STEP][PASSED] - Statement - counter = counter + 1: null

2018-11-27 16:33:39 - [TEST_STEP][PASSED] - Statement - PreSaveFile = new java.io.File(((pathPrefix + java.lang.Integer.toString(counter)) + .png)): null

2018-11-27 16:33:39 - [TEST_STEP][PASSED] - Statement - counter = counter + 1: null

2018-11-27 16:33:39 - [TEST_STEP][PASSED] - Statement - PreSaveFile = new java.io.File(((pathPrefix + java.lang.Integer.toString(counter)) + .png)): null

2018-11-27 16:33:39 - [TEST_STEP][PASSED] - Statement - counter = counter + 1: null

2018-11-27 16:33:39 - [TEST_STEP][PASSED] - Statement - PreSaveFile = new java.io.File(((pathPrefix + java.lang.Integer.toString(counter)) + .png)): null

2018-11-27 16:33:39 - [TEST_STEP][PASSED] - Statement - counter = counter + 1: null

2018-11-27 16:33:39 - [TEST_STEP][PASSED] - Statement - PreSaveFile = new java.io.File(((pathPrefix + java.lang.Integer.toString(counter)) + .png)): null

2018-11-27 16:33:39 - [TEST_STEP][PASSED] - Statement - counter = counter + 1: null

2018-11-27 16:33:39 - [TEST_STEP][PASSED] - Statement - PreSaveFile = new java.io.File(((pathPrefix + java.lang.Integer.toString(counter)) + .png)): null

2018-11-27 16:33:39 - [TEST_STEP][PASSED] - Statement - counter = counter + 1: null

2018-11-27 16:33:39 - [TEST_STEP][PASSED] - Statement - PreSaveFile = new java.io.File(((pathPrefix + java.lang.Integer.toString(counter)) + .png)): null

2018-11-27 16:33:39 - [TEST_STEP][PASSED] - Statement - counter = counter + 1: null

2018-11-27 16:33:39 - [TEST_STEP][PASSED] - Statement - PreSaveFile = new java.io.File(((pathPrefix + java.lang.Integer.toString(counter)) + .png)): null

2018-11-27 16:33:39 - [TEST_STEP][PASSED] - Statement - counter = counter + 1: null

2018-11-27 16:33:39 - [TEST_STEP][PASSED] - Statement - PreSaveFile = new java.io.File(((pathPrefix + java.lang.Integer.toString(counter)) + .png)): null

2018-11-27 16:33:39 - [TEST_STEP][PASSED] - Statement - counter = counter + 1: null

2018-11-27 16:33:39 - [TEST_STEP][PASSED] - Statement - PreSaveFile = new java.io.File(((pathPrefix + java.lang.Integer.toString(counter)) + .png)): null

2018-11-27 16:33:39 - [TEST_STEP][PASSED] - Statement - counter = counter + 1: null

2018-11-27 16:33:39 - [TEST_STEP][PASSED] - Statement - PreSaveFile = new java.io.File(((pathPrefix + java.lang.Integer.toString(counter)) + .png)): null

2018-11-27 16:33:39 - [TEST_STEP][PASSED] - Statement - counter = counter + 1: null

2018-11-27 16:33:39 - [TEST_STEP][PASSED] - Statement - PreSaveFile = new java.io.File(((pathPrefix + java.lang.Integer.toString(counter)) + .png)): null

2018-11-27 16:33:39 - [TEST_STEP][PASSED] - Statement - counter = counter + 1: null

2018-11-27 16:33:39 - [TEST_STEP][PASSED] - Statement - PreSaveFile = new java.io.File(((pathPrefix + java.lang.Integer.toString(counter)) + .png)): null

2018-11-27 16:33:39 - [TEST_STEP][PASSED] - Statement - counter = counter + 1: null

2018-11-27 16:33:39 - [TEST_STEP][PASSED] - Statement - PreSaveFile = new java.io.File(((pathPrefix + java.lang.Integer.toString(counter)) + .png)): null

2018-11-27 16:33:39 - [TEST_STEP][PASSED] - Statement - counter = counter + 1: null

2018-11-27 16:33:39 - [TEST_STEP][PASSED] - Statement - PreSaveFile = new java.io.File(((pathPrefix + java.lang.Integer.toString(counter)) + .png)): null

2018-11-27 16:33:39 - [TEST_STEP][PASSED] - Statement - counter = counter + 1: null

2018-11-27 16:33:39 - [TEST_STEP][PASSED] - Statement - PreSaveFile = new java.io.File(((pathPrefix + java.lang.Integer.toString(counter)) + .png)): null

2018-11-27 16:33:39 - [TEST_STEP][PASSED] - Statement - counter = counter + 1: null

2018-11-27 16:33:39 - [TEST_STEP][PASSED] - Statement - PreSaveFile = new java.io.File(((pathPrefix + java.lang.Integer.toString(counter)) + .png)): null

2018-11-27 16:33:39 - [TEST_STEP][PASSED] - Statement - counter = counter + 1: null

2018-11-27 16:33:39 - [TEST_STEP][PASSED] - Statement - PreSaveFile = new java.io.File(((pathPrefix + java.lang.Integer.toString(counter)) + .png)): null

2018-11-27 16:33:39 - [TEST_STEP][PASSED] - Statement - counter = counter + 1: null

2018-11-27 16:33:39 - [TEST_STEP][PASSED] - Statement - PreSaveFile = new java.io.File(((pathPrefix + java.lang.Integer.toString(counter)) + .png)): null

2018-11-27 16:33:39 - [TEST_STEP][PASSED] - Statement - counter = counter + 1: null

2018-11-27 16:33:39 - [TEST_STEP][PASSED] - Statement - PreSaveFile = new java.io.File(((pathPrefix + java.lang.Integer.toString(counter)) + .png)): null

2018-11-27 16:33:39 - [TEST_STEP][PASSED] - Statement - counter = counter + 1: null

2018-11-27 16:33:39 - [TEST_STEP][PASSED] - Statement - PreSaveFile = new java.io.File(((pathPrefix + java.lang.Integer.toString(counter)) + .png)): null

2018-11-27 16:33:39 - [TEST_STEP][PASSED] - Statement - counter = counter + 1: null

2018-11-27 16:33:39 - [TEST_STEP][PASSED] - Statement - PreSaveFile = new java.io.File(((pathPrefix + java.lang.Integer.toString(counter)) + .png)): null

2018-11-27 16:33:39 - [TEST_STEP][PASSED] - Statement - counter = counter + 1: null

2018-11-27 16:33:39 - [TEST_STEP][PASSED] - Statement - PreSaveFile = new java.io.File(((pathPrefix + java.lang.Integer.toString(counter)) + .png)): null

2018-11-27 16:33:39 - [TEST_STEP][PASSED] - Statement - counter = counter + 1: null

2018-11-27 16:33:39 - [TEST_STEP][PASSED] - Statement - PreSaveFile = new java.io.File(((pathPrefix + java.lang.Integer.toString(counter)) + .png)): null

2018-11-27 16:33:39 - [TEST_STEP][PASSED] - Statement - counter = counter + 1: null

2018-11-27 16:33:39 - [TEST_STEP][PASSED] - Statement - PreSaveFile = new java.io.File(((pathPrefix + java.lang.Integer.toString(counter)) + .png)): null

2018-11-27 16:33:39 - [TEST_STEP][PASSED] - Statement - counter = counter + 1: null

2018-11-27 16:33:39 - [TEST_STEP][PASSED] - Statement - PreSaveFile = new java.io.File(((pathPrefix + java.lang.Integer.toString(counter)) + .png)): null

2018-11-27 16:33:39 - [TEST_STEP][PASSED] - Statement - counter = counter + 1: null

2018-11-27 16:33:39 - [TEST_STEP][PASSED] - Statement - PreSaveFile = new java.io.File(((pathPrefix + java.lang.Integer.toString(counter)) + .png)): null

2018-11-27 16:33:39 - [TEST_STEP][PASSED] - Statement - counter = counter + 1: null

2018-11-27 16:33:39 - [TEST_STEP][PASSED] - Statement - PreSaveFile = new java.io.File(((pathPrefix + java.lang.Integer.toString(counter)) + .png)): null

2018-11-27 16:33:39 - [TEST_STEP][PASSED] - Statement - counter = counter + 1: null

2018-11-27 16:33:39 - [TEST_STEP][PASSED] - Statement - PreSaveFile = new java.io.File(((pathPrefix + java.lang.Integer.toString(counter)) + .png)): null

2018-11-27 16:33:40 - [TEST_STEP][PASSED] - Statement - counter = counter + 1: null

2018-11-27 16:33:40 - [TEST_STEP][PASSED] - Statement - PreSaveFile = new java.io.File(((pathPrefix + java.lang.Integer.toString(counter)) + .png)): null

2018-11-27 16:33:40 - [TEST_STEP][PASSED] - Statement - counter = counter + 1: null

2018-11-27 16:33:40 - [TEST_STEP][PASSED] - Statement - PreSaveFile = new java.io.File(((pathPrefix + java.lang.Integer.toString(counter)) + .png)): null

2018-11-27 16:33:40 - [TEST_STEP][PASSED] - Statement - counter = counter + 1: null

2018-11-27 16:33:40 - [TEST_STEP][PASSED] - Statement - PreSaveFile = new java.io.File(((pathPrefix + java.lang.Integer.toString(counter)) + .png)): null

2018-11-27 16:33:40 - [TEST_STEP][PASSED] - Statement - counter = counter + 1: null

2018-11-27 16:33:40 - [TEST_STEP][PASSED] - Statement - PreSaveFile = new java.io.File(((pathPrefix + java.lang.Integer.toString(counter)) + .png)): null

2018-11-27 16:33:40 - [TEST_STEP][PASSED] - Statement - counter = counter + 1: null

2018-11-27 16:33:40 - [TEST_STEP][PASSED] - Statement - PreSaveFile = new java.io.File(((pathPrefix + java.lang.Integer.toString(counter)) + .png)): null

2018-11-27 16:33:40 - [TEST_STEP][PASSED] - Statement - counter = counter + 1: null

2018-11-27 16:33:40 - [TEST_STEP][PASSED] - Statement - PreSaveFile = new java.io.File(((pathPrefix + java.lang.Integer.toString(counter)) + .png)): null

2018-11-27 16:33:40 - [TEST_STEP][PASSED] - Statement - counter = counter + 1: null

2018-11-27 16:33:40 - [TEST_STEP][PASSED] - Statement - PreSaveFile = new java.io.File(((pathPrefix + java.lang.Integer.toString(counter)) + .png)): null

2018-11-27 16:33:40 - [TEST_STEP][PASSED] - Statement - counter = counter + 1: null

2018-11-27 16:33:40 - [TEST_STEP][PASSED] - Statement - PreSaveFile = new java.io.File(((pathPrefix + java.lang.Integer.toString(counter)) + .png)): null

2018-11-27 16:33:40 - [TEST_STEP][PASSED] - Statement - counter = counter + 1: null

2018-11-27 16:33:40 - [TEST_STEP][PASSED] - Statement - PreSaveFile = new java.io.File(((pathPrefix + java.lang.Integer.toString(counter)) + .png)): null

2018-11-27 16:33:40 - [TEST_STEP][PASSED] - Statement - counter = counter + 1: null

2018-11-27 16:33:40 - [TEST_STEP][PASSED] - Statement - PreSaveFile = new java.io.File(((pathPrefix + java.lang.Integer.toString(counter)) + .png)): null

2018-11-27 16:33:40 - [TEST_STEP][PASSED] - Statement - counter = counter + 1: null

2018-11-27 16:33:40 - [TEST_STEP][PASSED] - Statement - PreSaveFile = new java.io.File(((pathPrefix + java.lang.Integer.toString(counter)) + .png)): null

2018-11-27 16:33:40 - [TEST_STEP][PASSED] - Statement - counter = counter + 1: null

2018-11-27 16:33:40 - [TEST_STEP][PASSED] - Statement - PreSaveFile = new java.io.File(((pathPrefix + java.lang.Integer.toString(counter)) + .png)): null

2018-11-27 16:33:40 - [TEST_STEP][PASSED] - Statement - counter = counter + 1: null

2018-11-27 16:33:40 - [TEST_STEP][PASSED] - Statement - PreSaveFile = new java.io.File(((pathPrefix + java.lang.Integer.toString(counter)) + .png)): null

2018-11-27 16:33:40 - [TEST_STEP][PASSED] - Statement - counter = counter + 1: null

2018-11-27 16:33:40 - [TEST_STEP][PASSED] - Statement - PreSaveFile = new java.io.File(((pathPrefix + java.lang.Integer.toString(counter)) + .png)): null

2018-11-27 16:33:40 - [TEST_STEP][PASSED] - Statement - counter = counter + 1: null

2018-11-27 16:33:40 - [TEST_STEP][PASSED] - Statement - PreSaveFile = new java.io.File(((pathPrefix + java.lang.Integer.toString(counter)) + .png)): null

2018-11-27 16:33:40 - [TEST_STEP][PASSED] - Statement - counter = counter + 1: null

2018-11-27 16:33:40 - [TEST_STEP][PASSED] - Statement - PreSaveFile = new java.io.File(((pathPrefix + java.lang.Integer.toString(counter)) + .png)): null

2018-11-27 16:33:40 - [TEST_STEP][PASSED] - Statement - counter = counter + 1: null

2018-11-27 16:33:40 - [TEST_STEP][PASSED] - Statement - PreSaveFile = new java.io.File(((pathPrefix + java.lang.Integer.toString(counter)) + .png)): null

2018-11-27 16:33:40 - [TEST_STEP][PASSED] - Statement - counter = counter + 1: null

2018-11-27 16:33:40 - [TEST_STEP][PASSED] - Statement - PreSaveFile = new java.io.File(((pathPrefix + java.lang.Integer.toString(counter)) + .png)): null

2018-11-27 16:33:40 - [TEST_STEP][PASSED] - Statement - counter = counter + 1: null

2018-11-27 16:33:40 - [TEST_STEP][PASSED] - Statement - PreSaveFile = new java.io.File(((pathPrefix + java.lang.Integer.toString(counter)) + .png)): null

2018-11-27 16:33:40 - [TEST_STEP][PASSED] - Statement - counter = counter + 1: null

2018-11-27 16:33:40 - [TEST_STEP][PASSED] - Statement - PreSaveFile = new java.io.File(((pathPrefix + java.lang.Integer.toString(counter)) + .png)): null

2018-11-27 16:33:40 - [TEST_STEP][PASSED] - Statement - counter = counter + 1: null

2018-11-27 16:33:40 - [TEST_STEP][PASSED] - Statement - PreSaveFile = new java.io.File(((pathPrefix + java.lang.Integer.toString(counter)) + .png)): null

2018-11-27 16:33:40 - [TEST_STEP][PASSED] - Statement - counter = counter + 1: null

2018-11-27 16:33:40 - [TEST_STEP][PASSED] - Statement - PreSaveFile = new java.io.File(((pathPrefix + java.lang.Integer.toString(counter)) + .png)): null

2018-11-27 16:33:40 - [TEST_STEP][PASSED] - Statement - counter = counter + 1: null

2018-11-27 16:33:40 - [TEST_STEP][PASSED] - Statement - PreSaveFile = new java.io.File(((pathPrefix + java.lang.Integer.toString(counter)) + .png)): null

2018-11-27 16:33:40 - [TEST_STEP][PASSED] - Statement - counter = counter + 1: null

2018-11-27 16:33:40 - [TEST_STEP][PASSED] - Statement - PreSaveFile = new java.io.File(((pathPrefix + java.lang.Integer.toString(counter)) + .png)): null

2018-11-27 16:33:40 - [TEST_STEP][PASSED] - Statement - counter = counter + 1: null

2018-11-27 16:33:40 - [TEST_STEP][PASSED] - Statement - PreSaveFile = new java.io.File(((pathPrefix + java.lang.Integer.toString(counter)) + .png)): null

2018-11-27 16:33:40 - [TEST_STEP][PASSED] - Statement - counter = counter + 1: null

2018-11-27 16:33:40 - [TEST_STEP][PASSED] - Statement - PreSaveFile = new java.io.File(((pathPrefix + java.lang.Integer.toString(counter)) + .png)): null

2018-11-27 16:33:40 - [TEST_STEP][PASSED] - Statement - counter = counter + 1: null

2018-11-27 16:33:40 - [TEST_STEP][PASSED] - Statement - PreSaveFile = new java.io.File(((pathPrefix + java.lang.Integer.toString(counter)) + .png)): null

2018-11-27 16:33:40 - [TEST_STEP][PASSED] - Statement - counter = counter + 1: null

2018-11-27 16:33:40 - [TEST_STEP][PASSED] - Statement - PreSaveFile = new java.io.File(((pathPrefix + java.lang.Integer.toString(counter)) + .png)): null

2018-11-27 16:33:40 - [TEST_STEP][PASSED] - Statement - counter = counter + 1: null

2018-11-27 16:33:40 - [TEST_STEP][PASSED] - Statement - PreSaveFile = new java.io.File(((pathPrefix + java.lang.Integer.toString(counter)) + .png)): null

2018-11-27 16:33:40 - [TEST_STEP][PASSED] - Statement - counter = counter + 1: null

2018-11-27 16:33:40 - [TEST_STEP][PASSED] - Statement - PreSaveFile = new java.io.File(((pathPrefix + java.lang.Integer.toString(counter)) + .png)): null

2018-11-27 16:33:40 - [TEST_STEP][PASSED] - Statement - counter = counter + 1: null

2018-11-27 16:33:40 - [TEST_STEP][PASSED] - Statement - PreSaveFile = new java.io.File(((pathPrefix + java.lang.Integer.toString(counter)) + .png)): null

2018-11-27 16:33:40 - [TEST_STEP][PASSED] - Statement - counter = counter + 1: null

2018-11-27 16:33:40 - [TEST_STEP][PASSED] - Statement - PreSaveFile = new java.io.File(((pathPrefix + java.lang.Integer.toString(counter)) + .png)): null

2018-11-27 16:33:40 - [TEST_STEP][PASSED] - Statement - counter = counter + 1: null

2018-11-27 16:33:40 - [TEST_STEP][PASSED] - Statement - PreSaveFile = new java.io.File(((pathPrefix + java.lang.Integer.toString(counter)) + .png)): null

2018-11-27 16:33:40 - [TEST_STEP][PASSED] - Statement - counter = counter + 1: null

2018-11-27 16:33:40 - [TEST_STEP][PASSED] - Statement - PreSaveFile = new java.io.File(((pathPrefix + java.lang.Integer.toString(counter)) + .png)): null

2018-11-27 16:33:40 - [TEST_STEP][PASSED] - Statement - counter = counter + 1: null

2018-11-27 16:33:40 - [TEST_STEP][PASSED] - Statement - PreSaveFile = new java.io.File(((pathPrefix + java.lang.Integer.toString(counter)) + .png)): null

2018-11-27 16:33:40 - [TEST_STEP][PASSED] - Statement - counter = counter + 1: null

2018-11-27 16:33:40 - [TEST_STEP][PASSED] - Statement - PreSaveFile = new java.io.File(((pathPrefix + java.lang.Integer.toString(counter)) + .png)): null

2018-11-27 16:33:40 - [TEST_STEP][PASSED] - Statement - counter = counter + 1: null

2018-11-27 16:33:40 - [TEST_STEP][PASSED] - Statement - PreSaveFile = new java.io.File(((pathPrefix + java.lang.Integer.toString(counter)) + .png)): null

2018-11-27 16:33:40 - [TEST_STEP][PASSED] - Statement - counter = counter + 1: null

2018-11-27 16:33:40 - [TEST_STEP][PASSED] - Statement - PreSaveFile = new java.io.File(((pathPrefix + java.lang.Integer.toString(counter)) + .png)): null

2018-11-27 16:33:40 - [TEST_STEP][PASSED] - Statement - counter = counter + 1: null

2018-11-27 16:33:40 - [TEST_STEP][PASSED] - Statement - PreSaveFile = new java.io.File(((pathPrefix + java.lang.Integer.toString(counter)) + .png)): null

2018-11-27 16:33:40 - [TEST_STEP][PASSED] - Statement - counter = counter + 1: null

2018-11-27 16:33:40 - [TEST_STEP][PASSED] - Statement - PreSaveFile = new java.io.File(((pathPrefix + java.lang.Integer.toString(counter)) + .png)): null

2018-11-27 16:33:40 - [TEST_STEP][PASSED] - Statement - counter = counter + 1: null

2018-11-27 16:33:40 - [TEST_STEP][PASSED] - Statement - PreSaveFile = new java.io.File(((pathPrefix + java.lang.Integer.toString(counter)) + .png)): null

2018-11-27 16:33:40 - [TEST_STEP][PASSED] - Statement - counter = counter + 1: null

2018-11-27 16:33:40 - [TEST_STEP][PASSED] - Statement - PreSaveFile = new java.io.File(((pathPrefix + java.lang.Integer.toString(counter)) + .png)): null

2018-11-27 16:33:40 - [TEST_STEP][PASSED] - Statement - counter = counter + 1: null

2018-11-27 16:33:40 - [TEST_STEP][PASSED] - Statement - PreSaveFile = new java.io.File(((pathPrefix + java.lang.Integer.toString(counter)) + .png)): null

2018-11-27 16:33:40 - [TEST_STEP][PASSED] - Statement - counter = counter + 1: null

2018-11-27 16:33:40 - [TEST_STEP][PASSED] - Statement - PreSaveFile = new java.io.File(((pathPrefix + java.lang.Integer.toString(counter)) + .png)): null

2018-11-27 16:33:40 - [TEST_STEP][PASSED] - Statement - counter = counter + 1: null

2018-11-27 16:33:40 - [TEST_STEP][PASSED] - Statement - PreSaveFile = new java.io.File(((pathPrefix + java.lang.Integer.toString(counter)) + .png)): null

2018-11-27 16:33:40 - [TEST_STEP][PASSED] - Statement - counter = counter + 1: null

2018-11-27 16:33:40 - [TEST_STEP][PASSED] - Statement - PreSaveFile = new java.io.File(((pathPrefix + java.lang.Integer.toString(counter)) + .png)): null

2018-11-27 16:33:40 - [TEST_STEP][PASSED] - Statement - counter = counter + 1: null

2018-11-27 16:33:40 - [TEST_STEP][PASSED] - Statement - PreSaveFile = new java.io.File(((pathPrefix + java.lang.Integer.toString(counter)) + .png)): null

2018-11-27 16:33:40 - [TEST_STEP][PASSED] - Statement - counter = counter + 1: null

2018-11-27 16:33:40 - [TEST_STEP][PASSED] - Statement - PreSaveFile = new java.io.File(((pathPrefix + java.lang.Integer.toString(counter)) + .png)): null

2018-11-27 16:33:40 - [TEST_STEP][PASSED] - Statement - counter = counter + 1: null

2018-11-27 16:33:40 - [TEST_STEP][PASSED] - Statement - PreSaveFile = new java.io.File(((pathPrefix + java.lang.Integer.toString(counter)) + .png)): null

2018-11-27 16:33:40 - [TEST_STEP][PASSED] - Statement - counter = counter + 1: null

2018-11-27 16:33:40 - [TEST_STEP][PASSED] - Statement - PreSaveFile = new java.io.File(((pathPrefix + java.lang.Integer.toString(counter)) + .png)): null

2018-11-27 16:33:40 - [TEST_STEP][PASSED] - Statement - counter = counter + 1: null

2018-11-27 16:33:40 - [TEST_STEP][PASSED] - Statement - PreSaveFile = new java.io.File(((pathPrefix + java.lang.Integer.toString(counter)) + .png)): null

2018-11-27 16:33:40 - [TEST_STEP][PASSED] - Statement - counter = counter + 1: null

2018-11-27 16:33:40 - [TEST_STEP][PASSED] - Statement - PreSaveFile = new java.io.File(((pathPrefix + java.lang.Integer.toString(counter)) + .png)): null

2018-11-27 16:33:40 - [TEST_STEP][PASSED] - Statement - counter = counter + 1: null

2018-11-27 16:33:40 - [TEST_STEP][PASSED] - Statement - PreSaveFile = new java.io.File(((pathPrefix + java.lang.Integer.toString(counter)) + .png)): null

2018-11-27 16:33:40 - [TEST_STEP][PASSED] - Statement - counter = counter + 1: null

2018-11-27 16:33:40 - [TEST_STEP][PASSED] - Statement - PreSaveFile = new java.io.File(((pathPrefix + java.lang.Integer.toString(counter)) + .png)): null

2018-11-27 16:33:40 - [TEST_STEP][PASSED] - Statement - counter = counter + 1: null

2018-11-27 16:33:40 - [TEST_STEP][PASSED] - Statement - PreSaveFile = new java.io.File(((pathPrefix + java.lang.Integer.toString(counter)) + .png)): null

2018-11-27 16:33:40 - [TEST_STEP][PASSED] - Statement - counter = counter + 1: null

2018-11-27 16:33:40 - [TEST_STEP][PASSED] - Statement - PreSaveFile = new java.io.File(((pathPrefix + java.lang.Integer.toString(counter)) + .png)): null

2018-11-27 16:33:40 - [TEST_STEP][PASSED] - Statement - counter = counter + 1: null

2018-11-27 16:33:40 - [TEST_STEP][PASSED] - Statement - PreSaveFile = new java.io.File(((pathPrefix + java.lang.Integer.toString(counter)) + .png)): null

2018-11-27 16:33:40 - [TEST_STEP][PASSED] - Statement - counter = counter + 1: null

2018-11-27 16:33:40 - [TEST_STEP][PASSED] - Statement - PreSaveFile = new java.io.File(((pathPrefix + java.lang.Integer.toString(counter)) + .png)): null

2018-11-27 16:33:40 - [TEST_STEP][PASSED] - Statement - counter = counter + 1: null

2018-11-27 16:33:40 - [TEST_STEP][PASSED] - Statement - PreSaveFile = new java.io.File(((pathPrefix + java.lang.Integer.toString(counter)) + .png)): null

2018-11-27 16:33:40 - [TEST_STEP][PASSED] - Statement - counter = counter + 1: null

2018-11-27 16:33:40 - [TEST_STEP][PASSED] - Statement - PreSaveFile = new java.io.File(((pathPrefix + java.lang.Integer.toString(counter)) + .png)): null

2018-11-27 16:33:40 - [TEST_STEP][PASSED] - Statement - counter = counter + 1: null

2018-11-27 16:33:40 - [TEST_STEP][PASSED] - Statement - PreSaveFile = new java.io.File(((pathPrefix + java.lang.Integer.toString(counter)) + .png)): null

2018-11-27 16:33:40 - [TEST_STEP][PASSED] - Statement - counter = counter + 1: null

2018-11-27 16:33:40 - [TEST_STEP][PASSED] - Statement - PreSaveFile = new java.io.File(((pathPrefix + java.lang.Integer.toString(counter)) + .png)): null

2018-11-27 16:33:40 - [TEST_STEP][PASSED] - Statement - counter = counter + 1: null

2018-11-27 16:33:40 - [TEST_STEP][PASSED] - Statement - PreSaveFile = new java.io.File(((pathPrefix + java.lang.Integer.toString(counter)) + .png)): null

2018-11-27 16:33:40 - [TEST_STEP][PASSED] - Statement - counter = counter + 1: null

2018-11-27 16:33:40 - [TEST_STEP][PASSED] - Statement - PreSaveFile = new java.io.File(((pathPrefix + java.lang.Integer.toString(counter)) + .png)): null

2018-11-27 16:33:40 - [TEST_STEP][PASSED] - Statement - counter = counter + 1: null

2018-11-27 16:33:40 - [TEST_STEP][PASSED] - Statement - PreSaveFile = new java.io.File(((pathPrefix + java.lang.Integer.toString(counter)) + .png)): null

2018-11-27 16:33:40 - [TEST_STEP][PASSED] - Statement - counter = counter + 1: null

2018-11-27 16:33:40 - [TEST_STEP][PASSED] - Statement - PreSaveFile = new java.io.File(((pathPrefix + java.lang.Integer.toString(counter)) + .png)): null

2018-11-27 16:33:40 - [TEST_STEP][PASSED] - Statement - counter = counter + 1: null

2018-11-27 16:33:40 - [TEST_STEP][PASSED] - Statement - PreSaveFile = new java.io.File(((pathPrefix + java.lang.Integer.toString(counter)) + .png)): null

2018-11-27 16:33:40 - [TEST_STEP][PASSED] - Statement - counter = counter + 1: null

2018-11-27 16:33:40 - [TEST_STEP][PASSED] - Statement - PreSaveFile = new java.io.File(((pathPrefix + java.lang.Integer.toString(counter)) + .png)): null

2018-11-27 16:33:40 - [TEST_STEP][PASSED] - Statement - counter = counter + 1: null

2018-11-27 16:33:40 - [TEST_STEP][PASSED] - Statement - PreSaveFile = new java.io.File(((pathPrefix + java.lang.Integer.toString(counter)) + .png)): null

2018-11-27 16:33:40 - [TEST_STEP][PASSED] - Statement - counter = counter + 1: null

2018-11-27 16:33:40 - [TEST_STEP][PASSED] - Statement - PreSaveFile = new java.io.File(((pathPrefix + java.lang.Integer.toString(counter)) + .png)): null

2018-11-27 16:33:40 - [TEST_STEP][PASSED] - Statement - counter = counter + 1: null

2018-11-27 16:33:40 - [TEST_STEP][PASSED] - Statement - PreSaveFile = new java.io.File(((pathPrefix + java.lang.Integer.toString(counter)) + .png)): null

2018-11-27 16:33:40 - [TEST_STEP][PASSED] - Statement - counter = counter + 1: null

2018-11-27 16:33:40 - [TEST_STEP][PASSED] - Statement - PreSaveFile = new java.io.File(((pathPrefix + java.lang.Integer.toString(counter)) + .png)): null

2018-11-27 16:33:40 - [TEST_STEP][PASSED] - Statement - counter = counter + 1: null

2018-11-27 16:33:40 - [TEST_STEP][PASSED] - Statement - PreSaveFile = new java.io.File(((pathPrefix + java.lang.Integer.toString(counter)) + .png)): null

2018-11-27 16:33:40 - [TEST_STEP][PASSED] - Statement - counter = counter + 1: null

2018-11-27 16:33:40 - [TEST_STEP][PASSED] - Statement - PreSaveFile = new java.io.File(((pathPrefix + java.lang.Integer.toString(counter)) + .png)): null

2018-11-27 16:33:40 - [TEST_STEP][PASSED] - Statement - counter = counter + 1: null

2018-11-27 16:33:40 - [TEST_STEP][PASSED] - Statement - PreSaveFile = new java.io.File(((pathPrefix + java.lang.Integer.toString(counter)) + .png)): null

2018-11-27 16:33:40 - [TEST_STEP][PASSED] - Statement - counter = counter + 1: null

2018-11-27 16:33:40 - [TEST_STEP][PASSED] - Statement - PreSaveFile = new java.io.File(((pathPrefix + java.lang.Integer.toString(counter)) + .png)): null

2018-11-27 16:33:40 - [TEST_STEP][PASSED] - Statement - counter = counter + 1: null

2018-11-27 16:33:40 - [TEST_STEP][PASSED] - Statement - PreSaveFile = new java.io.File(((pathPrefix + java.lang.Integer.toString(counter)) + .png)): null

2018-11-27 16:33:40 - [TEST_STEP][PASSED] - Statement - counter = counter + 1: null

2018-11-27 16:33:40 - [TEST_STEP][PASSED] - Statement - PreSaveFile = new java.io.File(((pathPrefix + java.lang.Integer.toString(counter)) + .png)): null

2018-11-27 16:33:40 - [TEST_STEP][PASSED] - Statement - counter = counter + 1: null

2018-11-27 16:33:40 - [TEST_STEP][PASSED] - Statement - PreSaveFile = new java.io.File(((pathPrefix + java.lang.Integer.toString(counter)) + .png)): null

2018-11-27 16:33:40 - [TEST_STEP][PASSED] - Statement - counter = counter + 1: null

2018-11-27 16:33:40 - [TEST_STEP][PASSED] - Statement - PreSaveFile = new java.io.File(((pathPrefix + java.lang.Integer.toString(counter)) + .png)): null

2018-11-27 16:33:40 - [TEST_STEP][PASSED] - Statement - counter = counter + 1: null

2018-11-27 16:33:40 - [TEST_STEP][PASSED] - Statement - PreSaveFile = new java.io.File(((pathPrefix + java.lang.Integer.toString(counter)) + .png)): null

2018-11-27 16:33:40 - [TEST_STEP][PASSED] - Statement - counter = counter + 1: null

2018-11-27 16:33:40 - [TEST_STEP][PASSED] - Statement - PreSaveFile = new java.io.File(((pathPrefix + java.lang.Integer.toString(counter)) + .png)): null

2018-11-27 16:33:40 - [TEST_STEP][PASSED] - Statement - counter = counter + 1: null

2018-11-27 16:33:40 - [TEST_STEP][PASSED] - Statement - PreSaveFile = new java.io.File(((pathPrefix + java.lang.Integer.toString(counter)) + .png)): null

2018-11-27 16:33:40 - [TEST_STEP][PASSED] - Statement - counter = counter + 1: null

2018-11-27 16:33:40 - [TEST_STEP][PASSED] - Statement - PreSaveFile = new java.io.File(((pathPrefix + java.lang.Integer.toString(counter)) + .png)): null

2018-11-27 16:33:40 - [TEST_STEP][PASSED] - Statement - counter = counter + 1: null

2018-11-27 16:33:40 - [TEST_STEP][PASSED] - Statement - PreSaveFile = new java.io.File(((pathPrefix + java.lang.Integer.toString(counter)) + .png)): null

2018-11-27 16:33:40 - [TEST_STEP][PASSED] - Statement - counter = counter + 1: null

2018-11-27 16:33:40 - [TEST_STEP][PASSED] - Statement - PreSaveFile = new java.io.File(((pathPrefix + java.lang.Integer.toString(counter)) + .png)): null

2018-11-27 16:33:40 - [TEST_STEP][PASSED] - Statement - counter = counter + 1: null

2018-11-27 16:33:40 - [TEST_STEP][PASSED] - Statement - PreSaveFile = new java.io.File(((pathPrefix + java.lang.Integer.toString(counter)) + .png)): null

2018-11-27 16:33:40 - [TEST_STEP][PASSED] - Statement - counter = counter + 1: null

2018-11-27 16:33:40 - [TEST_STEP][PASSED] - Statement - PreSaveFile = new java.io.File(((pathPrefix + java.lang.Integer.toString(counter)) + .png)): null

2018-11-27 16:33:40 - [TEST_STEP][PASSED] - Statement - counter = counter + 1: null

2018-11-27 16:33:40 - [TEST_STEP][PASSED] - Statement - PreSaveFile = new java.io.File(((pathPrefix + java.lang.Integer.toString(counter)) + .png)): null

2018-11-27 16:33:40 - [TEST_STEP][PASSED] - Statement - counter = counter + 1: null

2018-11-27 16:33:40 - [TEST_STEP][PASSED] - Statement - PreSaveFile = new java.io.File(((pathPrefix + java.lang.Integer.toString(counter)) + .png)): null

2018-11-27 16:33:40 - [TEST_STEP][PASSED] - Statement - counter = counter + 1: null

2018-11-27 16:33:40 - [TEST_STEP][PASSED] - Statement - PreSaveFile = new java.io.File(((pathPrefix + java.lang.Integer.toString(counter)) + .png)): null

2018-11-27 16:33:40 - [TEST_STEP][PASSED] - Statement - counter = counter + 1: null

2018-11-27 16:33:40 - [TEST_STEP][PASSED] - Statement - PreSaveFile = new java.io.File(((pathPrefix + java.lang.Integer.toString(counter)) + .png)): null

2018-11-27 16:33:40 - [TEST_STEP][PASSED] - Statement - counter = counter + 1: null

2018-11-27 16:33:40 - [TEST_STEP][PASSED] - Statement - PreSaveFile = new java.io.File(((pathPrefix + java.lang.Integer.toString(counter)) + .png)): null

2018-11-27 16:33:40 - [TEST_STEP][PASSED] - Statement - counter = counter + 1: null

2018-11-27 16:33:40 - [TEST_STEP][PASSED] - Statement - PreSaveFile = new java.io.File(((pathPrefix + java.lang.Integer.toString(counter)) + .png)): null

2018-11-27 16:33:40 - [TEST_STEP][PASSED] - Statement - counter = counter + 1: null

2018-11-27 16:33:40 - [TEST_STEP][PASSED] - Statement - PreSaveFile = new java.io.File(((pathPrefix + java.lang.Integer.toString(counter)) + .png)): null

2018-11-27 16:33:40 - [TEST_STEP][PASSED] - Statement - counter = counter + 1: null

2018-11-27 16:33:40 - [TEST_STEP][PASSED] - Statement - PreSaveFile = new java.io.File(((pathPrefix + java.lang.Integer.toString(counter)) + .png)): null

2018-11-27 16:33:40 - [TEST_STEP][PASSED] - Statement - counter = counter + 1: null

2018-11-27 16:33:40 - [TEST_STEP][PASSED] - Statement - PreSaveFile = new java.io.File(((pathPrefix + java.lang.Integer.toString(counter)) + .png)): null

2018-11-27 16:33:40 - [TEST_STEP][PASSED] - Statement - counter = counter + 1: null

2018-11-27 16:33:40 - [TEST_STEP][PASSED] - Statement - PreSaveFile = new java.io.File(((pathPrefix + java.lang.Integer.toString(counter)) + .png)): null

2018-11-27 16:33:40 - [TEST_STEP][PASSED] - Statement - counter = counter + 1: null

2018-11-27 16:33:40 - [TEST_STEP][PASSED] - Statement - PreSaveFile = new java.io.File(((pathPrefix + java.lang.Integer.toString(counter)) + .png)): null

2018-11-27 16:33:40 - [TEST_STEP][PASSED] - Statement - counter = counter + 1: null

2018-11-27 16:33:40 - [TEST_STEP][PASSED] - Statement - PreSaveFile = new java.io.File(((pathPrefix + java.lang.Integer.toString(counter)) + .png)): null

2018-11-27 16:33:40 - [TEST_STEP][PASSED] - Statement - counter = counter + 1: null

2018-11-27 16:33:40 - [TEST_STEP][PASSED] - Statement - PreSaveFile = new java.io.File(((pathPrefix + java.lang.Integer.toString(counter)) + .png)): null

2018-11-27 16:33:40 - [TEST_STEP][PASSED] - Statement - counter = counter + 1: null

2018-11-27 16:33:40 - [TEST_STEP][PASSED] - Statement - PreSaveFile = new java.io.File(((pathPrefix + java.lang.Integer.toString(counter)) + .png)): null

2018-11-27 16:33:40 - [TEST_STEP][PASSED] - Statement - counter = counter + 1: null

2018-11-27 16:33:40 - [TEST_STEP][PASSED] - Statement - PreSaveFile = new java.io.File(((pathPrefix + java.lang.Integer.toString(counter)) + .png)): null

2018-11-27 16:33:40 - [TEST_STEP][PASSED] - Statement - counter = counter + 1: null

2018-11-27 16:33:40 - [TEST_STEP][PASSED] - Statement - PreSaveFile = new java.io.File(((pathPrefix + java.lang.Integer.toString(counter)) + .png)): null

2018-11-27 16:33:40 - [TEST_STEP][PASSED] - Statement - counter = counter + 1: null

2018-11-27 16:33:40 - [TEST_STEP][PASSED] - Statement - PreSaveFile = new java.io.File(((pathPrefix + java.lang.Integer.toString(counter)) + .png)): null

2018-11-27 16:33:40 - [TEST_STEP][PASSED] - Statement - counter = counter + 1: null

2018-11-27 16:33:40 - [TEST_STEP][PASSED] - Statement - PreSaveFile = new java.io.File(((pathPrefix + java.lang.Integer.toString(counter)) + .png)): null

2018-11-27 16:33:40 - [TEST_STEP][PASSED] - Statement - finalPath = pathPrefix + java.lang.Integer.toString(counter) + ".png": null

2018-11-27 16:33:40 - [TEST_STEP][PASSED] - Statement - SaveFile = new java.io.File(finalPath): null

2018-11-27 16:33:40 - [TEST_STEP][PASSED] - Statement - Try: null

2018-11-27 16:33:40 - [TEST_STEP][PASSED] - Statement - org.apache.commons.io.FileUtils.copyFile(scrFile, SaveFile): null

2018-11-27 16:33:40 - [TEST_STEP][PASSED] - Statement - out.println("file kept"): null

2018-11-27 16:33:40 - [TEST_STEP][PASSED] - delay: Delayed 10 second(s)

2018-11-27 16:33:50 - [MESSAGE][PASSED] - Delayed 10 second(s)

2018-11-27 16:33:50 - [MESSAGE][PASSED] - Call Test Case 'Test Cases/Final Aug 2018 - PKS Automation/Common/Screenshoting tool' successfully

2018-11-27 16:33:50 - [TEST_STEP][PASSED] - callTestCase: Call Test Case 'Test Cases/Final Aug 2018 - PKS Automation/Registration Module/Log Out/log out avoiding katalon tagging' successfully

2018-11-27 16:33:50 - [TEST_CASE][PASSED] - Test Cases/Final Aug 2018 - PKS Automation/Registration Module/Log Out/log out avoiding katalon tagging: Test Cases/Final Aug 2018 - PKS Automation/Registration Module/Log Out/log out avoiding katalon tagging

2018-11-27 16:33:50 - [TEST_STEP][PASSED] - navigateToUrl: Navigate to 'https://assist2-uat.perkeso.gov.my/c/portal/logout' successfully

2018-11-27 16:33:51 - [MESSAGE][PASSED] - Navigate to 'https://assist2-uat.perkeso.gov.my/c/portal/logout' successfully

2018-11-27 16:33:51 - [MESSAGE][PASSED] - Call Test Case 'Test Cases/Final Aug 2018 - PKS Automation/Registration Module/Log Out/log out avoiding katalon tagging' successfully

2018-11-27 16:33:51 - [TEST_STEP][FAILED] - callTestCase: Unable to call Test Case with id 'Test Cases/Final Aug 2018 - PKS Automation/Common/Workflow Owner Finder' (Root cause: Call Test Case 'Test Cases/Final Aug 2018 - PKS Automation/Common/Workflow Owner Finder' failed)

2018-11-27 16:33:51 - [TEST_CASE][FAILED] - Test Cases/Final Aug 2018 - PKS Automation/Common/Workflow Owner Finder: Test Cases/Final Aug 2018 - PKS Automation/Common/Workflow Owner Finder FAILED because (of) (Stack trace: com.kms.katalon.core.exception.StepFailedException: Unable to click on object 'Object Repository/Final Object Repo/Landing Page/Select to English' (Root cause: com.kms.katalon.core.webui.exception.WebElementNotFoundException: Web element with id: 'Object Repository/Final Object Repo/Landing Page/Select to English' located by 'By.xpath: //a[@class = 'taglib-language-list-text' and @lang = 'en-US' and (contains(text(), 'EN') or contains(., 'EN'))]' not found)
	at com.kms.katalon.core.keyword.internal.KeywordMain.stepFailed(KeywordMain.groovy:32)
	at com.kms.katalon.core.webui.keyword.internal.WebUIKeywordMain.stepFailed(WebUIKeywordMain.groovy:65)
	at com.kms.katalon.core.webui.keyword.internal.WebUIKeywordMain.runKeyword(WebUIKeywordMain.groovy:27)
	at com.kms.katalon.core.webui.keyword.builtin.ClickKeyword.click(ClickKeyword.groovy:86)
	at com.kms.katalon.core.webui.keyword.builtin.ClickKeyword.execute(ClickKeyword.groovy:67)
	at com.kms.katalon.core.keyword.internal.KeywordExecutor.executeKeywordForPlatform(KeywordExecutor.groovy:53)
	at com.kms.katalon.core.webui.keyword.WebUiBuiltInKeywords.click(WebUiBuiltInKeywords.groovy:604)
	at com.kms.katalon.core.webui.keyword.WebUiBuiltInKeywords$click$6.call(Unknown Source)
	at Script1534407542420.run(Script1534407542420.groovy:57)
	at com.kms.katalon.core.main.ScriptEngine.run(ScriptEngine.java:183)
	at com.kms.katalon.core.main.ScriptEngine.runScriptAsRawText(ScriptEngine.java:108)
	at com.kms.katalon.core.main.TestCaseExecutor.runScript(TestCaseExecutor.java:294)
	at com.kms.katalon.core.main.TestCaseExecutor.doExecute(TestCaseExecutor.java:285)
	at com.kms.katalon.core.main.TestCaseExecutor.processExecutionPhase(TestCaseExecutor.java:264)
	at com.kms.katalon.core.main.TestCaseExecutor.accessMainPhase(TestCaseExecutor.java:256)
	at com.kms.katalon.core.main.TestCaseExecutor.execute(TestCaseExecutor.java:200)
	at com.kms.katalon.core.main.TestCaseMain.runTestCase(TestCaseMain.java:99)
	at com.kms.katalon.core.keyword.builtin.CallTestCaseKeyword$_callTestCase_closure1.doCall(CallTestCaseKeyword.groovy:60)
	at com.kms.katalon.core.keyword.builtin.CallTestCaseKeyword$_callTestCase_closure1.call(CallTestCaseKeyword.groovy)
	at com.kms.katalon.core.keyword.internal.KeywordMain.runKeyword(KeywordMain.groovy:54)
	at com.kms.katalon.core.keyword.builtin.CallTestCaseKeyword.callTestCase(CallTestCaseKeyword.groovy:81)
	at com.kms.katalon.core.keyword.builtin.CallTestCaseKeyword.execute(CallTestCaseKeyword.groovy:45)
	at com.kms.katalon.core.keyword.internal.KeywordExecutor.executeKeywordForPlatform(KeywordExecutor.groovy:53)
	at com.kms.katalon.core.keyword.BuiltinKeywords.callTestCase(BuiltinKeywords.groovy:334)
	at sun.reflect.GeneratedMethodAccessor13.invoke(Unknown Source)
	at sun.reflect.DelegatingMethodAccessorImpl.invoke(DelegatingMethodAccessorImpl.java:43)
	at java.lang.reflect.Method.invoke(Method.java:498)
	at org.codehaus.groovy.reflection.CachedMethod.invoke(CachedMethod.java:93)
	at groovy.lang.MetaMethod.doMethodInvoke(MetaMethod.java:325)
	at groovy.lang.MetaClassImpl.invokeStaticMethod(MetaClassImpl.java:1469)
	at org.codehaus.groovy.runtime.callsite.StaticMetaClassSite.call(StaticMetaClassSite.java:53)
	at org.codehaus.groovy.runtime.callsite.CallSiteArray.defaultCall(CallSiteArray.java:48)
	at org.codehaus.groovy.runtime.callsite.AbstractCallSite.call(AbstractCallSite.java:113)
	at org.codehaus.groovy.runtime.callsite.AbstractCallSite.call(AbstractCallSite.java:141)
	at Script1536307034674.run(Script1536307034674.groovy:125)
	at com.kms.katalon.core.main.ScriptEngine.run(ScriptEngine.java:183)
	at com.kms.katalon.core.main.ScriptEngine.runScriptAsRawText(ScriptEngine.java:108)
	at com.kms.katalon.core.main.TestCaseExecutor.runScript(TestCaseExecutor.java:294)
	at com.kms.katalon.core.main.TestCaseExecutor.doExecute(TestCaseExecutor.java:285)
	at com.kms.katalon.core.main.TestCaseExecutor.processExecutionPhase(TestCaseExecutor.java:264)
	at com.kms.katalon.core.main.TestCaseExecutor.accessMainPhase(TestCaseExecutor.java:256)
	at com.kms.katalon.core.main.TestCaseExecutor.execute(TestCaseExecutor.java:200)
	at com.kms.katalon.core.main.TestSuiteExecutor.accessTestCaseMainPhase(TestSuiteExecutor.java:129)
	at com.kms.katalon.core.main.TestSuiteExecutor.accessTestSuiteMainPhase(TestSuiteExecutor.java:112)
	at com.kms.katalon.core.main.TestSuiteExecutor.execute(TestSuiteExecutor.java:81)
	at com.kms.katalon.core.main.TestCaseMain.startTestSuite(TestCaseMain.java:142)
	at com.kms.katalon.core.main.TestCaseMain$startTestSuite$0.call(Unknown Source)
	at org.codehaus.groovy.runtime.callsite.CallSiteArray.defaultCall(CallSiteArray.java:48)
	at org.codehaus.groovy.runtime.callsite.AbstractCallSite.call(AbstractCallSite.java:113)
	at org.codehaus.groovy.runtime.callsite.AbstractCallSite.call(AbstractCallSite.java:141)
	at TempTestSuite1543287057153.run(TempTestSuite1543287057153.groovy:36)
	at groovy.lang.GroovyShell.runScriptOrMainOrTestOrRunnable(GroovyShell.java:263)
	at groovy.lang.GroovyShell.run(GroovyShell.java:518)
	at groovy.lang.GroovyShell.run(GroovyShell.java:507)
	at groovy.ui.GroovyMain.processOnce(GroovyMain.java:653)
	at groovy.ui.GroovyMain.run(GroovyMain.java:384)
	at groovy.ui.GroovyMain.process(GroovyMain.java:370)
	at groovy.ui.GroovyMain.processArgs(GroovyMain.java:129)
	at groovy.ui.GroovyMain.main(GroovyMain.java:109)
	at sun.reflect.NativeMethodAccessorImpl.invoke0(Native Method)
	at sun.reflect.NativeMethodAccessorImpl.invoke(NativeMethodAccessorImpl.java:62)
	at sun.reflect.DelegatingMethodAccessorImpl.invoke(DelegatingMethodAccessorImpl.java:43)
	at java.lang.reflect.Method.invoke(Method.java:498)
	at org.codehaus.groovy.tools.GroovyStarter.rootLoader(GroovyStarter.java:109)
	at org.codehaus.groovy.tools.GroovyStarter.main(GroovyStarter.java:131)
)

2018-11-27 16:33:51 - [TEST_STEP][PASSED] - openBrowser: Browser is opened with url: ''

2018-11-27 16:33:51 - [MESSAGE][WARNING] - A browser is already opened. Closing browser and opening a new one

2018-11-27 16:33:55 - [MESSAGE][PASSED] - Browser is opened with url: ''

2018-11-27 16:33:55 - [TEST_STEP][PASSED] - navigateToUrl: Navigate to 'https://assist2-uat.perkeso.gov.my/login' successfully

2018-11-27 16:33:56 - [MESSAGE][PASSED] - Navigate to 'https://assist2-uat.perkeso.gov.my/login' successfully

2018-11-27 16:33:56 - [TEST_STEP][PASSED] - delay: Delayed 5 second(s)

2018-11-27 16:34:01 - [MESSAGE][PASSED] - Delayed 5 second(s)

2018-11-27 16:34:01 - [TEST_STEP][PASSED] - setText: Text 'test@liferay.com' is set on object 'Object Repository/Final Object Repo/Login Page/Internal User/Email Address'

2018-11-27 16:34:01 - [MESSAGE][PASSED] - Text 'test@liferay.com' is set on object 'Object Repository/Final Object Repo/Login Page/Internal User/Email Address'

2018-11-27 16:34:01 - [TEST_STEP][PASSED] - click: Object: 'Object Repository/Final Object Repo/Login Page/Internal User/Next Button' is clicked on

2018-11-27 16:34:02 - [MESSAGE][PASSED] - Object: 'Object Repository/Final Object Repo/Login Page/Internal User/Next Button' is clicked on

2018-11-27 16:34:02 - [TEST_STEP][PASSED] - delay: Delayed 2 second(s)

2018-11-27 16:34:04 - [MESSAGE][PASSED] - Delayed 2 second(s)

2018-11-27 16:34:04 - [TEST_STEP][PASSED] - setText: Text 'test' is set on object 'Object Repository/Final Object Repo/Login Page/Internal User/Password'

2018-11-27 16:34:04 - [MESSAGE][PASSED] - Text 'test' is set on object 'Object Repository/Final Object Repo/Login Page/Internal User/Password'

2018-11-27 16:34:04 - [TEST_STEP][PASSED] - delay: Delayed 2 second(s)

2018-11-27 16:34:06 - [MESSAGE][PASSED] - Delayed 2 second(s)

2018-11-27 16:34:06 - [TEST_STEP][PASSED] - click: Object: 'Object Repository/Final Object Repo/Login Page/Internal User/Login Button' is clicked on

2018-11-27 16:34:06 - [MESSAGE][PASSED] - Object: 'Object Repository/Final Object Repo/Login Page/Internal User/Login Button' is clicked on

2018-11-27 16:34:06 - [TEST_STEP][FAILED] - Statement - Try: Delayed 2 second(s)

2018-11-27 16:34:06 - [TEST_STEP][PASSED] - Statement - Checker = false: null

2018-11-27 16:34:06 - [TEST_STEP][PASSED] - Statement - Checker = com.kms.katalon.core.webui.keyword.WebUiBuiltInKeywords.verifyElementHasAttribute(com.kms.katalon.core.testobject.ObjectRepository.findTestObject(Final Object Repo/Landing Page/BM Detecting), "href", 20, OPTIONAL): Unable to verify if object 'Object Repository/Final Object Repo/Landing Page/BM Detecting' has attribute 'href' (Root cause: org.openqa.selenium.StaleElementReferenceException: stale element reference: element is not attached to the page document
  (Session info: chrome=70.0.3538.102)
  (Driver info: chromedriver=2.43.600210 (68dcf5eebde37173d4027fa8635e332711d2874a),platform=Windows NT 6.1.7601 SP1 x86_64) (WARNING: The server did not provide any stacktrace information)
Command duration or timeout: 0 milliseconds
For documentation on this error, please visit: http://seleniumhq.org/exceptions/stale_element_reference.html
Build info: version: '3.7.1', revision: '8a0099a', time: '2017-11-06T21:07:36.161Z'
System info: host: 'WIN7TEST02', ip: '10.20.3.72', os.name: 'Windows 7', os.arch: 'amd64', os.version: '6.1', java.version: '1.8.0_181'
Driver info: com.kms.katalon.selenium.driver.CChromeDriver
Capabilities {acceptInsecureCerts: false, acceptSslCerts: false, applicationCacheEnabled: false, browserConnectionEnabled: false, browserName: chrome, chrome: {chromedriverVersion: 2.43.600210 (68dcf5eebde371..., userDataDir: C:\Users\Admin\AppData\Loca...}, cssSelectorsEnabled: true, databaseEnabled: false, goog:chromeOptions: {debuggerAddress: localhost:64188}, handlesAlerts: true, hasTouchScreen: false, javascriptEnabled: true, locationContextEnabled: true, mobileEmulationEnabled: false, nativeEvents: true, networkConnectionEnabled: false, pageLoadStrategy: normal, platform: XP, platformName: XP, rotatable: false, setWindowRect: true, takesHeapSnapshot: true, takesScreenshot: true, unexpectedAlertBehaviour: , unhandledPromptBehavior: , version: 70.0.3538.102, webStorageEnabled: true}
Session ID: d15fb2c82b49b971997a5bf7d33bfe2a)

2018-11-27 16:34:08 - [MESSAGE][WARNING] - Unable to verify if object 'Object Repository/Final Object Repo/Landing Page/BM Detecting' has attribute 'href' (Root cause: org.openqa.selenium.StaleElementReferenceException: stale element reference: element is not attached to the page document
  (Session info: chrome=70.0.3538.102)
  (Driver info: chromedriver=2.43.600210 (68dcf5eebde37173d4027fa8635e332711d2874a),platform=Windows NT 6.1.7601 SP1 x86_64) (WARNING: The server did not provide any stacktrace information)
Command duration or timeout: 0 milliseconds
For documentation on this error, please visit: http://seleniumhq.org/exceptions/stale_element_reference.html
Build info: version: '3.7.1', revision: '8a0099a', time: '2017-11-06T21:07:36.161Z'
System info: host: 'WIN7TEST02', ip: '10.20.3.72', os.name: 'Windows 7', os.arch: 'amd64', os.version: '6.1', java.version: '1.8.0_181'
Driver info: com.kms.katalon.selenium.driver.CChromeDriver
Capabilities {acceptInsecureCerts: false, acceptSslCerts: false, applicationCacheEnabled: false, browserConnectionEnabled: false, browserName: chrome, chrome: {chromedriverVersion: 2.43.600210 (68dcf5eebde371..., userDataDir: C:\Users\Admin\AppData\Loca...}, cssSelectorsEnabled: true, databaseEnabled: false, goog:chromeOptions: {debuggerAddress: localhost:64188}, handlesAlerts: true, hasTouchScreen: false, javascriptEnabled: true, locationContextEnabled: true, mobileEmulationEnabled: false, nativeEvents: true, networkConnectionEnabled: false, pageLoadStrategy: normal, platform: XP, platformName: XP, rotatable: false, setWindowRect: true, takesHeapSnapshot: true, takesScreenshot: true, unexpectedAlertBehaviour: , unhandledPromptBehavior: , version: 70.0.3538.102, webStorageEnabled: true}
Session ID: d15fb2c82b49b971997a5bf7d33bfe2a)
[[ATTACHMENT|C:\\Users\\Admin\\Desktop\\PKS\\Perkeso Phase A\\Reports\\Workflow\\Update Add New Employee\\20181127_105057\\1543307648622.png]]

2018-11-27 16:34:08 - [TEST_STEP][PASSED] - Statement - out.println(Checker): null

2018-11-27 16:34:08 - [TEST_STEP][FAILED] - Statement - If (Checker == false): Unable to click on object 'Object Repository/Final Object Repo/Landing Page/Select to English' (Root cause: com.kms.katalon.core.webui.exception.WebElementNotFoundException: Web element with id: 'Object Repository/Final Object Repo/Landing Page/Select to English' located by 'By.xpath: //a[@class = 'taglib-language-list-text' and @lang = 'en-US' and (contains(text(), 'EN') or contains(., 'EN'))]' not found)

2018-11-27 16:34:08 - [TEST_STEP][FAILED] - click: Unable to click on object 'Object Repository/Final Object Repo/Landing Page/Select to English' (Root cause: com.kms.katalon.core.webui.exception.WebElementNotFoundException: Web element with id: 'Object Repository/Final Object Repo/Landing Page/Select to English' located by 'By.xpath: //a[@class = 'taglib-language-list-text' and @lang = 'en-US' and (contains(text(), 'EN') or contains(., 'EN'))]' not found)

2018-11-27 16:34:46 - [MESSAGE][FAILED] - Unable to click on object 'Object Repository/Final Object Repo/Landing Page/Select to English' (Root cause: com.kms.katalon.core.webui.exception.WebElementNotFoundException: Web element with id: 'Object Repository/Final Object Repo/Landing Page/Select to English' located by 'By.xpath: //a[@class = 'taglib-language-list-text' and @lang = 'en-US' and (contains(text(), 'EN') or contains(., 'EN'))]' not found)
[[ATTACHMENT|C:\\Users\\Admin\\Desktop\\PKS\\Perkeso Phase A\\Reports\\Workflow\\Update Add New Employee\\20181127_105057\\1543307685774.png]]

2018-11-27 16:34:46 - [TEST_STEP][PASSED] - delay: Delayed 2 second(s)

2018-11-27 16:34:48 - [MESSAGE][PASSED] - Delayed 2 second(s)

2018-11-27 16:34:48 - [TEST_STEP][PASSED] - delay: Delayed 3 second(s)

2018-11-27 16:34:51 - [MESSAGE][PASSED] - Delayed 3 second(s)

2018-11-27 16:34:51 - [TEST_STEP][PASSED] - mouseOver: Object: 'Object Repository/Final Object Repo/Landing Page/WorkFlow Menu' is hovered

2018-11-27 16:34:51 - [MESSAGE][PASSED] - Object: 'Object Repository/Final Object Repo/Landing Page/WorkFlow Menu' is hovered

2018-11-27 16:34:51 - [TEST_STEP][PASSED] - delay: Delayed 2 second(s)

2018-11-27 16:34:53 - [MESSAGE][PASSED] - Delayed 2 second(s)

2018-11-27 16:34:53 - [TEST_STEP][PASSED] - click: Object: 'Object Repository/Final Object Repo/Landing Page/Select to Workflow Listing' is clicked on

2018-11-27 16:34:54 - [MESSAGE][PASSED] - Object: 'Object Repository/Final Object Repo/Landing Page/Select to Workflow Listing' is clicked on

2018-11-27 16:34:54 - [TEST_STEP][PASSED] - delay: Delayed 2 second(s)

2018-11-27 16:34:56 - [MESSAGE][PASSED] - Delayed 2 second(s)

2018-11-27 16:34:56 - [TEST_STEP][PASSED] - click: Object: 'Object Repository/Final Object Repo/WorkFlow Listing Page/Search Information - To Put Ref No' is clicked on

2018-11-27 16:34:56 - [MESSAGE][PASSED] - Object: 'Object Repository/Final Object Repo/WorkFlow Listing Page/Search Information - To Put Ref No' is clicked on

2018-11-27 16:34:56 - [TEST_STEP][PASSED] - delay: Delayed 2 second(s)

2018-11-27 16:34:58 - [MESSAGE][PASSED] - Delayed 2 second(s)

2018-11-27 16:34:58 - [TEST_STEP][PASSED] - callTestCase: Call Test Case 'Test Cases/Final Aug 2018 - PKS Automation/Common/Reference Number Getter' successfully

2018-11-27 16:34:58 - [TEST_CASE][PASSED] - Test Cases/Final Aug 2018 - PKS Automation/Common/Reference Number Getter: Test Cases/Final Aug 2018 - PKS Automation/Common/Reference Number Getter

2018-11-27 16:34:58 - [TEST_STEP][PASSED] - Statement - Try: null

2018-11-27 16:34:58 - [TEST_STEP][PASSED] - Statement - RefNo = new java.io.File(C://Users//Admin//Desktop//PKS//Automation Reference Point//KatalonReference.txt): null

2018-11-27 16:34:58 - [TEST_STEP][PASSED] - Statement - bufferread = new java.io.BufferedReader(new java.io.FileReader(RefNo)): null

2018-11-27 16:34:58 - [TEST_STEP][PASSED] - Statement - readedVal = bufferread.readLine(): null

2018-11-27 16:34:58 - [TEST_STEP][PASSED] - Statement - out.println(CaseReferenceNo): null

2018-11-27 16:34:58 - [TEST_STEP][PASSED] - Statement - out.println(readedVal): null

2018-11-27 16:34:58 - [TEST_STEP][PASSED] - Statement - CaseReferenceNo = "": null

2018-11-27 16:34:58 - [TEST_STEP][PASSED] - Statement - CaseReferenceNo = readedVal: null

2018-11-27 16:34:58 - [MESSAGE][PASSED] - Call Test Case 'Test Cases/Final Aug 2018 - PKS Automation/Common/Reference Number Getter' successfully

2018-11-27 16:34:58 - [TEST_STEP][PASSED] - setText: Text 'CAN11201800002202' is set on object 'Object Repository/Final Object Repo/WorkFlow Listing Page/Ref No Set Text'

2018-11-27 16:34:58 - [MESSAGE][PASSED] - Text 'CAN11201800002202' is set on object 'Object Repository/Final Object Repo/WorkFlow Listing Page/Ref No Set Text'

2018-11-27 16:34:58 - [TEST_STEP][PASSED] - delay: Delayed 2 second(s)

2018-11-27 16:35:00 - [MESSAGE][PASSED] - Delayed 2 second(s)

2018-11-27 16:35:00 - [TEST_STEP][PASSED] - click: Object: 'Object Repository/Final Object Repo/WorkFlow Listing Page/Search Ref No Search Button' is clicked on

2018-11-27 16:35:01 - [MESSAGE][PASSED] - Object: 'Object Repository/Final Object Repo/WorkFlow Listing Page/Search Ref No Search Button' is clicked on

2018-11-27 16:35:01 - [TEST_STEP][PASSED] - delay: Delayed 4 second(s)

2018-11-27 16:35:05 - [MESSAGE][PASSED] - Delayed 4 second(s)

2018-11-27 16:35:05 - [TEST_STEP][PASSED] - click: Object: 'Object Repository/Final Object Repo/WorkFlow Listing Page/Click Continue Tooltip' is clicked on

2018-11-27 16:35:06 - [MESSAGE][PASSED] - Object: 'Object Repository/Final Object Repo/WorkFlow Listing Page/Click Continue Tooltip' is clicked on

2018-11-27 16:35:06 - [TEST_STEP][PASSED] - delay: Delayed 5 second(s)

2018-11-27 16:35:11 - [MESSAGE][PASSED] - Delayed 5 second(s)

2018-11-27 16:35:11 - [TEST_STEP][PASSED] - doubleClick: Object: 'Object Repository/Final Object Repo/WorkFlow Listing Page/Workflow Found - Listing 1' is double clicked on

2018-11-27 16:35:11 - [MESSAGE][PASSED] - Object: 'Object Repository/Final Object Repo/WorkFlow Listing Page/Workflow Found - Listing 1' is double clicked on

2018-11-27 16:35:11 - [TEST_STEP][PASSED] - Statement - println(OwnerID): null

2018-11-27 16:35:11 - [TEST_STEP][PASSED] - Statement - OwnerID = com.kms.katalon.core.webui.keyword.WebUiBuiltInKeywords.getText(com.kms.katalon.core.testobject.ObjectRepository.findTestObject(Final Object Repo/WorkFlow Listing Page/Workflow Found - Listing 1), STOP_ON_FAILURE): Text of object 'Object Repository/Final Object Repo/WorkFlow Listing Page/Workflow Found - Listing 1' is: 'JOHORro2'

2018-11-27 16:35:11 - [MESSAGE][PASSED] - Text of object 'Object Repository/Final Object Repo/WorkFlow Listing Page/Workflow Found - Listing 1' is: 'JOHORro2'

2018-11-27 16:35:11 - [TEST_STEP][PASSED] - Statement - OwnerID = OwnerID.toLowerCase() + "@gmail.com": null

2018-11-27 16:35:11 - [TEST_STEP][PASSED] - Statement - println(OwnerID): null

2018-11-27 16:35:11 - [TEST_STEP][PASSED] - delay: Delayed 2 second(s)

2018-11-27 16:35:13 - [MESSAGE][PASSED] - Delayed 2 second(s)

2018-11-27 16:35:13 - [MESSAGE][FAILED] - Unable to call Test Case with id 'Test Cases/Final Aug 2018 - PKS Automation/Common/Workflow Owner Finder' (Root cause: Call Test Case 'Test Cases/Final Aug 2018 - PKS Automation/Common/Workflow Owner Finder' failed)]]></system-out>
         <system-err><![CDATA[2018-11-27 16:24:06 - [TEST_CASE][FAILED] - Test Cases/Final Aug 2018 - PKS Automation/Registration Module/Workflow/Update Add New Employee/Special Case (OTC - PKR BO -  RO Under Enforcement): Test Cases/Final Aug 2018 - PKS Automation/Registration Module/Workflow/Update Add New Employee/Special Case (OTC - PKR BO -  RO Under Enforcement) FAILED because (of) (Stack trace: com.kms.katalon.core.exception.StepFailedException: Unable to click on object 'Object Repository/Final Object Repo/Landing Page/Select to English' (Root cause: com.kms.katalon.core.webui.exception.WebElementNotFoundException: Web element with id: 'Object Repository/Final Object Repo/Landing Page/Select to English' located by 'By.xpath: //a[@class = 'taglib-language-list-text' and @lang = 'en-US' and (contains(text(), 'EN') or contains(., 'EN'))]' not found)
	at com.kms.katalon.core.keyword.internal.KeywordMain.stepFailed(KeywordMain.groovy:32)
	at com.kms.katalon.core.webui.keyword.internal.WebUIKeywordMain.stepFailed(WebUIKeywordMain.groovy:65)
	at com.kms.katalon.core.webui.keyword.internal.WebUIKeywordMain.runKeyword(WebUIKeywordMain.groovy:27)
	at com.kms.katalon.core.webui.keyword.builtin.ClickKeyword.click(ClickKeyword.groovy:86)
	at com.kms.katalon.core.webui.keyword.builtin.ClickKeyword.execute(ClickKeyword.groovy:67)
	at com.kms.katalon.core.keyword.internal.KeywordExecutor.executeKeywordForPlatform(KeywordExecutor.groovy:53)
	at com.kms.katalon.core.webui.keyword.WebUiBuiltInKeywords.click(WebUiBuiltInKeywords.groovy:604)
	at com.kms.katalon.core.webui.keyword.WebUiBuiltInKeywords$click$6.call(Unknown Source)
	at Script1534407542420.run(Script1534407542420.groovy:57)
	at com.kms.katalon.core.main.ScriptEngine.run(ScriptEngine.java:183)
	at com.kms.katalon.core.main.ScriptEngine.runScriptAsRawText(ScriptEngine.java:108)
	at com.kms.katalon.core.main.TestCaseExecutor.runScript(TestCaseExecutor.java:294)
	at com.kms.katalon.core.main.TestCaseExecutor.doExecute(TestCaseExecutor.java:285)
	at com.kms.katalon.core.main.TestCaseExecutor.processExecutionPhase(TestCaseExecutor.java:264)
	at com.kms.katalon.core.main.TestCaseExecutor.accessMainPhase(TestCaseExecutor.java:256)
	at com.kms.katalon.core.main.TestCaseExecutor.execute(TestCaseExecutor.java:200)
	at com.kms.katalon.core.main.TestCaseMain.runTestCase(TestCaseMain.java:99)
	at com.kms.katalon.core.keyword.builtin.CallTestCaseKeyword$_callTestCase_closure1.doCall(CallTestCaseKeyword.groovy:60)
	at com.kms.katalon.core.keyword.builtin.CallTestCaseKeyword$_callTestCase_closure1.call(CallTestCaseKeyword.groovy)
	at com.kms.katalon.core.keyword.internal.KeywordMain.runKeyword(KeywordMain.groovy:54)
	at com.kms.katalon.core.keyword.builtin.CallTestCaseKeyword.callTestCase(CallTestCaseKeyword.groovy:81)
	at com.kms.katalon.core.keyword.builtin.CallTestCaseKeyword.execute(CallTestCaseKeyword.groovy:45)
	at com.kms.katalon.core.keyword.internal.KeywordExecutor.executeKeywordForPlatform(KeywordExecutor.groovy:53)
	at com.kms.katalon.core.keyword.BuiltinKeywords.callTestCase(BuiltinKeywords.groovy:334)
	at sun.reflect.GeneratedMethodAccessor13.invoke(Unknown Source)
	at sun.reflect.DelegatingMethodAccessorImpl.invoke(DelegatingMethodAccessorImpl.java:43)
	at java.lang.reflect.Method.invoke(Method.java:498)
	at org.codehaus.groovy.reflection.CachedMethod.invoke(CachedMethod.java:93)
	at groovy.lang.MetaMethod.doMethodInvoke(MetaMethod.java:325)
	at groovy.lang.MetaClassImpl.invokeStaticMethod(MetaClassImpl.java:1469)
	at org.codehaus.groovy.runtime.callsite.StaticMetaClassSite.call(StaticMetaClassSite.java:53)
	at org.codehaus.groovy.runtime.callsite.CallSiteArray.defaultCall(CallSiteArray.java:48)
	at org.codehaus.groovy.runtime.callsite.AbstractCallSite.call(AbstractCallSite.java:113)
	at org.codehaus.groovy.runtime.callsite.AbstractCallSite.call(AbstractCallSite.java:141)
	at Script1536307034674.run(Script1536307034674.groovy:125)
	at com.kms.katalon.core.main.ScriptEngine.run(ScriptEngine.java:183)
	at com.kms.katalon.core.main.ScriptEngine.runScriptAsRawText(ScriptEngine.java:108)
	at com.kms.katalon.core.main.TestCaseExecutor.runScript(TestCaseExecutor.java:294)
	at com.kms.katalon.core.main.TestCaseExecutor.doExecute(TestCaseExecutor.java:285)
	at com.kms.katalon.core.main.TestCaseExecutor.processExecutionPhase(TestCaseExecutor.java:264)
	at com.kms.katalon.core.main.TestCaseExecutor.accessMainPhase(TestCaseExecutor.java:256)
	at com.kms.katalon.core.main.TestCaseExecutor.execute(TestCaseExecutor.java:200)
	at com.kms.katalon.core.main.TestSuiteExecutor.accessTestCaseMainPhase(TestSuiteExecutor.java:129)
	at com.kms.katalon.core.main.TestSuiteExecutor.accessTestSuiteMainPhase(TestSuiteExecutor.java:112)
	at com.kms.katalon.core.main.TestSuiteExecutor.execute(TestSuiteExecutor.java:81)
	at com.kms.katalon.core.main.TestCaseMain.startTestSuite(TestCaseMain.java:142)
	at com.kms.katalon.core.main.TestCaseMain$startTestSuite$0.call(Unknown Source)
	at org.codehaus.groovy.runtime.callsite.CallSiteArray.defaultCall(CallSiteArray.java:48)
	at org.codehaus.groovy.runtime.callsite.AbstractCallSite.call(AbstractCallSite.java:113)
	at org.codehaus.groovy.runtime.callsite.AbstractCallSite.call(AbstractCallSite.java:141)
	at TempTestSuite1543287057153.run(TempTestSuite1543287057153.groovy:36)
	at groovy.lang.GroovyShell.runScriptOrMainOrTestOrRunnable(GroovyShell.java:263)
	at groovy.lang.GroovyShell.run(GroovyShell.java:518)
	at groovy.lang.GroovyShell.run(GroovyShell.java:507)
	at groovy.ui.GroovyMain.processOnce(GroovyMain.java:653)
	at groovy.ui.GroovyMain.run(GroovyMain.java:384)
	at groovy.ui.GroovyMain.process(GroovyMain.java:370)
	at groovy.ui.GroovyMain.processArgs(GroovyMain.java:129)
	at groovy.ui.GroovyMain.main(GroovyMain.java:109)
	at sun.reflect.NativeMethodAccessorImpl.invoke0(Native Method)
	at sun.reflect.NativeMethodAccessorImpl.invoke(NativeMethodAccessorImpl.java:62)
	at sun.reflect.DelegatingMethodAccessorImpl.invoke(DelegatingMethodAccessorImpl.java:43)
	at java.lang.reflect.Method.invoke(Method.java:498)
	at org.codehaus.groovy.tools.GroovyStarter.rootLoader(GroovyStarter.java:109)
	at org.codehaus.groovy.tools.GroovyStarter.main(GroovyStarter.java:131)
)]]></system-err>
      </testcase>
      <testcase name="Test Cases/Final Aug 2018 - PKS Automation/Registration Module/Workflow/Update Add New Employee/Special Case (OTC - PKR BO - RO Query - PKR BO Upload Pending Case - RO Approve)" classname="Test Cases/Final Aug 2018 - PKS Automation/Registration Module/Workflow/Update Add New Employee/Special Case (OTC - PKR BO - RO Query - PKR BO Upload Pending Case - RO Approve)" status="FAILED">
         <failure type="FAILED" message="(Stack trace: com.kms.katalon.core.exception.StepFailedException: Unable to click on object 'Object Repository/Final Object Repo/Landing Page/Select to English' (Root cause: com.kms.katalon.core.webui.exception.WebElementNotFoundException: Web element with id: 'Object Repository/Final Object Repo/Landing Page/Select to English' located by 'By.xpath: //a[@class = 'taglib-language-list-text' and @lang = 'en-US' and (contains(text(), 'EN') or contains(., 'EN'))]' not found)
	at com.kms.katalon.core.keyword.internal.KeywordMain.stepFailed(KeywordMain.groovy:32)
	at com.kms.katalon.core.webui.keyword.internal.WebUIKeywordMain.stepFailed(WebUIKeywordMain.groovy:65)
	at com.kms.katalon.core.webui.keyword.internal.WebUIKeywordMain.runKeyword(WebUIKeywordMain.groovy:27)
	at com.kms.katalon.core.webui.keyword.builtin.ClickKeyword.click(ClickKeyword.groovy:86)
	at com.kms.katalon.core.webui.keyword.builtin.ClickKeyword.execute(ClickKeyword.groovy:67)
	at com.kms.katalon.core.keyword.internal.KeywordExecutor.executeKeywordForPlatform(KeywordExecutor.groovy:53)
	at com.kms.katalon.core.webui.keyword.WebUiBuiltInKeywords.click(WebUiBuiltInKeywords.groovy:604)
	at com.kms.katalon.core.webui.keyword.WebUiBuiltInKeywords$click$6.call(Unknown Source)
	at Script1534407542420.run(Script1534407542420.groovy:57)
	at com.kms.katalon.core.main.ScriptEngine.run(ScriptEngine.java:183)
	at com.kms.katalon.core.main.ScriptEngine.runScriptAsRawText(ScriptEngine.java:108)
	at com.kms.katalon.core.main.TestCaseExecutor.runScript(TestCaseExecutor.java:294)
	at com.kms.katalon.core.main.TestCaseExecutor.doExecute(TestCaseExecutor.java:285)
	at com.kms.katalon.core.main.TestCaseExecutor.processExecutionPhase(TestCaseExecutor.java:264)
	at com.kms.katalon.core.main.TestCaseExecutor.accessMainPhase(TestCaseExecutor.java:256)
	at com.kms.katalon.core.main.TestCaseExecutor.execute(TestCaseExecutor.java:200)
	at com.kms.katalon.core.main.TestCaseMain.runTestCase(TestCaseMain.java:99)
	at com.kms.katalon.core.keyword.builtin.CallTestCaseKeyword$_callTestCase_closure1.doCall(CallTestCaseKeyword.groovy:60)
	at com.kms.katalon.core.keyword.builtin.CallTestCaseKeyword$_callTestCase_closure1.call(CallTestCaseKeyword.groovy)
	at com.kms.katalon.core.keyword.internal.KeywordMain.runKeyword(KeywordMain.groovy:54)
	at com.kms.katalon.core.keyword.builtin.CallTestCaseKeyword.callTestCase(CallTestCaseKeyword.groovy:81)
	at com.kms.katalon.core.keyword.builtin.CallTestCaseKeyword.execute(CallTestCaseKeyword.groovy:45)
	at com.kms.katalon.core.keyword.internal.KeywordExecutor.executeKeywordForPlatform(KeywordExecutor.groovy:53)
	at com.kms.katalon.core.keyword.BuiltinKeywords.callTestCase(BuiltinKeywords.groovy:334)
	at sun.reflect.GeneratedMethodAccessor13.invoke(Unknown Source)
	at sun.reflect.DelegatingMethodAccessorImpl.invoke(DelegatingMethodAccessorImpl.java:43)
	at java.lang.reflect.Method.invoke(Method.java:498)
	at org.codehaus.groovy.reflection.CachedMethod.invoke(CachedMethod.java:93)
	at groovy.lang.MetaMethod.doMethodInvoke(MetaMethod.java:325)
	at groovy.lang.MetaClassImpl.invokeStaticMethod(MetaClassImpl.java:1469)
	at org.codehaus.groovy.runtime.callsite.StaticMetaClassSite.call(StaticMetaClassSite.java:53)
	at org.codehaus.groovy.runtime.callsite.CallSiteArray.defaultCall(CallSiteArray.java:48)
	at org.codehaus.groovy.runtime.callsite.AbstractCallSite.call(AbstractCallSite.java:113)
	at org.codehaus.groovy.runtime.callsite.AbstractCallSite.call(AbstractCallSite.java:141)
	at Script1536223156094.run(Script1536223156094.groovy:125)
	at com.kms.katalon.core.main.ScriptEngine.run(ScriptEngine.java:183)
	at com.kms.katalon.core.main.ScriptEngine.runScriptAsRawText(ScriptEngine.java:108)
	at com.kms.katalon.core.main.TestCaseExecutor.runScript(TestCaseExecutor.java:294)
	at com.kms.katalon.core.main.TestCaseExecutor.doExecute(TestCaseExecutor.java:285)
	at com.kms.katalon.core.main.TestCaseExecutor.processExecutionPhase(TestCaseExecutor.java:264)
	at com.kms.katalon.core.main.TestCaseExecutor.accessMainPhase(TestCaseExecutor.java:256)
	at com.kms.katalon.core.main.TestCaseExecutor.execute(TestCaseExecutor.java:200)
	at com.kms.katalon.core.main.TestSuiteExecutor.accessTestCaseMainPhase(TestSuiteExecutor.java:129)
	at com.kms.katalon.core.main.TestSuiteExecutor.accessTestSuiteMainPhase(TestSuiteExecutor.java:112)
	at com.kms.katalon.core.main.TestSuiteExecutor.execute(TestSuiteExecutor.java:81)
	at com.kms.katalon.core.main.TestCaseMain.startTestSuite(TestCaseMain.java:142)
	at com.kms.katalon.core.main.TestCaseMain$startTestSuite$0.call(Unknown Source)
	at org.codehaus.groovy.runtime.callsite.CallSiteArray.defaultCall(CallSiteArray.java:48)
	at org.codehaus.groovy.runtime.callsite.AbstractCallSite.call(AbstractCallSite.java:113)
	at org.codehaus.groovy.runtime.callsite.AbstractCallSite.call(AbstractCallSite.java:141)
	at TempTestSuite1543287057153.run(TempTestSuite1543287057153.groovy:36)
	at groovy.lang.GroovyShell.runScriptOrMainOrTestOrRunnable(GroovyShell.java:263)
	at groovy.lang.GroovyShell.run(GroovyShell.java:518)
	at groovy.lang.GroovyShell.run(GroovyShell.java:507)
	at groovy.ui.GroovyMain.processOnce(GroovyMain.java:653)
	at groovy.ui.GroovyMain.run(GroovyMain.java:384)
	at groovy.ui.GroovyMain.process(GroovyMain.java:370)
	at groovy.ui.GroovyMain.processArgs(GroovyMain.java:129)
	at groovy.ui.GroovyMain.main(GroovyMain.java:109)
	at sun.reflect.NativeMethodAccessorImpl.invoke0(Native Method)
	at sun.reflect.NativeMethodAccessorImpl.invoke(NativeMethodAccessorImpl.java:62)
	at sun.reflect.DelegatingMethodAccessorImpl.invoke(DelegatingMethodAccessorImpl.java:43)
	at java.lang.reflect.Method.invoke(Method.java:498)
	at org.codehaus.groovy.tools.GroovyStarter.rootLoader(GroovyStarter.java:109)
	at org.codehaus.groovy.tools.GroovyStarter.main(GroovyStarter.java:131)
)"/>
         <system-out><![CDATA[2018-11-27 16:35:13 - [TEST_CASE][FAILED] - Test Cases/Final Aug 2018 - PKS Automation/Registration Module/Workflow/Update Add New Employee/Special Case (OTC - PKR BO - RO Query - PKR BO Upload Pending Case - RO Approve): Test Cases/Final Aug 2018 - PKS Automation/Registration Module/Workflow/Update Add New Employee/Special Case (OTC - PKR BO - RO Query - PKR BO Upload Pending Case - RO Approve) FAILED because (of) (Stack trace: com.kms.katalon.core.exception.StepFailedException: Unable to click on object 'Object Repository/Final Object Repo/Landing Page/Select to English' (Root cause: com.kms.katalon.core.webui.exception.WebElementNotFoundException: Web element with id: 'Object Repository/Final Object Repo/Landing Page/Select to English' located by 'By.xpath: //a[@class = 'taglib-language-list-text' and @lang = 'en-US' and (contains(text(), 'EN') or contains(., 'EN'))]' not found)
	at com.kms.katalon.core.keyword.internal.KeywordMain.stepFailed(KeywordMain.groovy:32)
	at com.kms.katalon.core.webui.keyword.internal.WebUIKeywordMain.stepFailed(WebUIKeywordMain.groovy:65)
	at com.kms.katalon.core.webui.keyword.internal.WebUIKeywordMain.runKeyword(WebUIKeywordMain.groovy:27)
	at com.kms.katalon.core.webui.keyword.builtin.ClickKeyword.click(ClickKeyword.groovy:86)
	at com.kms.katalon.core.webui.keyword.builtin.ClickKeyword.execute(ClickKeyword.groovy:67)
	at com.kms.katalon.core.keyword.internal.KeywordExecutor.executeKeywordForPlatform(KeywordExecutor.groovy:53)
	at com.kms.katalon.core.webui.keyword.WebUiBuiltInKeywords.click(WebUiBuiltInKeywords.groovy:604)
	at com.kms.katalon.core.webui.keyword.WebUiBuiltInKeywords$click$6.call(Unknown Source)
	at Script1534407542420.run(Script1534407542420.groovy:57)
	at com.kms.katalon.core.main.ScriptEngine.run(ScriptEngine.java:183)
	at com.kms.katalon.core.main.ScriptEngine.runScriptAsRawText(ScriptEngine.java:108)
	at com.kms.katalon.core.main.TestCaseExecutor.runScript(TestCaseExecutor.java:294)
	at com.kms.katalon.core.main.TestCaseExecutor.doExecute(TestCaseExecutor.java:285)
	at com.kms.katalon.core.main.TestCaseExecutor.processExecutionPhase(TestCaseExecutor.java:264)
	at com.kms.katalon.core.main.TestCaseExecutor.accessMainPhase(TestCaseExecutor.java:256)
	at com.kms.katalon.core.main.TestCaseExecutor.execute(TestCaseExecutor.java:200)
	at com.kms.katalon.core.main.TestCaseMain.runTestCase(TestCaseMain.java:99)
	at com.kms.katalon.core.keyword.builtin.CallTestCaseKeyword$_callTestCase_closure1.doCall(CallTestCaseKeyword.groovy:60)
	at com.kms.katalon.core.keyword.builtin.CallTestCaseKeyword$_callTestCase_closure1.call(CallTestCaseKeyword.groovy)
	at com.kms.katalon.core.keyword.internal.KeywordMain.runKeyword(KeywordMain.groovy:54)
	at com.kms.katalon.core.keyword.builtin.CallTestCaseKeyword.callTestCase(CallTestCaseKeyword.groovy:81)
	at com.kms.katalon.core.keyword.builtin.CallTestCaseKeyword.execute(CallTestCaseKeyword.groovy:45)
	at com.kms.katalon.core.keyword.internal.KeywordExecutor.executeKeywordForPlatform(KeywordExecutor.groovy:53)
	at com.kms.katalon.core.keyword.BuiltinKeywords.callTestCase(BuiltinKeywords.groovy:334)
	at sun.reflect.GeneratedMethodAccessor13.invoke(Unknown Source)
	at sun.reflect.DelegatingMethodAccessorImpl.invoke(DelegatingMethodAccessorImpl.java:43)
	at java.lang.reflect.Method.invoke(Method.java:498)
	at org.codehaus.groovy.reflection.CachedMethod.invoke(CachedMethod.java:93)
	at groovy.lang.MetaMethod.doMethodInvoke(MetaMethod.java:325)
	at groovy.lang.MetaClassImpl.invokeStaticMethod(MetaClassImpl.java:1469)
	at org.codehaus.groovy.runtime.callsite.StaticMetaClassSite.call(StaticMetaClassSite.java:53)
	at org.codehaus.groovy.runtime.callsite.CallSiteArray.defaultCall(CallSiteArray.java:48)
	at org.codehaus.groovy.runtime.callsite.AbstractCallSite.call(AbstractCallSite.java:113)
	at org.codehaus.groovy.runtime.callsite.AbstractCallSite.call(AbstractCallSite.java:141)
	at Script1536223156094.run(Script1536223156094.groovy:125)
	at com.kms.katalon.core.main.ScriptEngine.run(ScriptEngine.java:183)
	at com.kms.katalon.core.main.ScriptEngine.runScriptAsRawText(ScriptEngine.java:108)
	at com.kms.katalon.core.main.TestCaseExecutor.runScript(TestCaseExecutor.java:294)
	at com.kms.katalon.core.main.TestCaseExecutor.doExecute(TestCaseExecutor.java:285)
	at com.kms.katalon.core.main.TestCaseExecutor.processExecutionPhase(TestCaseExecutor.java:264)
	at com.kms.katalon.core.main.TestCaseExecutor.accessMainPhase(TestCaseExecutor.java:256)
	at com.kms.katalon.core.main.TestCaseExecutor.execute(TestCaseExecutor.java:200)
	at com.kms.katalon.core.main.TestSuiteExecutor.accessTestCaseMainPhase(TestSuiteExecutor.java:129)
	at com.kms.katalon.core.main.TestSuiteExecutor.accessTestSuiteMainPhase(TestSuiteExecutor.java:112)
	at com.kms.katalon.core.main.TestSuiteExecutor.execute(TestSuiteExecutor.java:81)
	at com.kms.katalon.core.main.TestCaseMain.startTestSuite(TestCaseMain.java:142)
	at com.kms.katalon.core.main.TestCaseMain$startTestSuite$0.call(Unknown Source)
	at org.codehaus.groovy.runtime.callsite.CallSiteArray.defaultCall(CallSiteArray.java:48)
	at org.codehaus.groovy.runtime.callsite.AbstractCallSite.call(AbstractCallSite.java:113)
	at org.codehaus.groovy.runtime.callsite.AbstractCallSite.call(AbstractCallSite.java:141)
	at TempTestSuite1543287057153.run(TempTestSuite1543287057153.groovy:36)
	at groovy.lang.GroovyShell.runScriptOrMainOrTestOrRunnable(GroovyShell.java:263)
	at groovy.lang.GroovyShell.run(GroovyShell.java:518)
	at groovy.lang.GroovyShell.run(GroovyShell.java:507)
	at groovy.ui.GroovyMain.processOnce(GroovyMain.java:653)
	at groovy.ui.GroovyMain.run(GroovyMain.java:384)
	at groovy.ui.GroovyMain.process(GroovyMain.java:370)
	at groovy.ui.GroovyMain.processArgs(GroovyMain.java:129)
	at groovy.ui.GroovyMain.main(GroovyMain.java:109)
	at sun.reflect.NativeMethodAccessorImpl.invoke0(Native Method)
	at sun.reflect.NativeMethodAccessorImpl.invoke(NativeMethodAccessorImpl.java:62)
	at sun.reflect.DelegatingMethodAccessorImpl.invoke(DelegatingMethodAccessorImpl.java:43)
	at java.lang.reflect.Method.invoke(Method.java:498)
	at org.codehaus.groovy.tools.GroovyStarter.rootLoader(GroovyStarter.java:109)
	at org.codehaus.groovy.tools.GroovyStarter.main(GroovyStarter.java:131)
)

2018-11-27 16:35:13 - [TEST_STEP][PASSED] - callTestCase: Call Test Case 'Test Cases/Final Aug 2018 - PKS Automation/Registration Module/Workflow/Update Add New Employee/Template/New Company for Update Add New' successfully

2018-11-27 16:35:13 - [TEST_CASE][PASSED] - Test Cases/Final Aug 2018 - PKS Automation/Registration Module/Workflow/Update Add New Employee/Template/New Company for Update Add New: Test Cases/Final Aug 2018 - PKS Automation/Registration Module/Workflow/Update Add New Employee/Template/New Company for Update Add New

2018-11-27 16:35:13 - [TEST_STEP][PASSED] - callTestCase: Call Test Case 'Test Cases/Final Aug 2018 - PKS Automation/Registration Module/New Registration/Form 1/Form 1 - Corporation - BHD' successfully

2018-11-27 16:35:13 - [TEST_CASE][PASSED] - Test Cases/Final Aug 2018 - PKS Automation/Registration Module/New Registration/Form 1/Form 1 - Corporation - BHD: Test Cases/Final Aug 2018 - PKS Automation/Registration Module/New Registration/Form 1/Form 1 - Corporation - BHD

2018-11-27 16:35:14 - [TEST_STEP][PASSED] - openBrowser: Browser is opened with url: ''

2018-11-27 16:35:14 - [MESSAGE][WARNING] - A browser is already opened. Closing browser and opening a new one

2018-11-27 16:35:18 - [MESSAGE][PASSED] - Browser is opened with url: ''

2018-11-27 16:35:18 - [TEST_STEP][PASSED] - navigateToUrl: Navigate to 'https://assist2-uat.perkeso.gov.my/login' successfully

2018-11-27 16:35:19 - [MESSAGE][PASSED] - Navigate to 'https://assist2-uat.perkeso.gov.my/login' successfully

2018-11-27 16:35:19 - [TEST_STEP][PASSED] - setText: Text 'johorotc1@gmail.com' is set on object 'Object Repository/Final Object Repo/Login Page/Internal User/Email Address'

2018-11-27 16:35:19 - [MESSAGE][PASSED] - Text 'johorotc1@gmail.com' is set on object 'Object Repository/Final Object Repo/Login Page/Internal User/Email Address'

2018-11-27 16:35:19 - [TEST_STEP][PASSED] - click: Object: 'Object Repository/Final Object Repo/Login Page/Internal User/Next Button' is clicked on

2018-11-27 16:35:19 - [MESSAGE][PASSED] - Object: 'Object Repository/Final Object Repo/Login Page/Internal User/Next Button' is clicked on

2018-11-27 16:35:19 - [TEST_STEP][PASSED] - delay: Delayed 1 second(s)

2018-11-27 16:35:20 - [MESSAGE][PASSED] - Delayed 1 second(s)

2018-11-27 16:35:20 - [TEST_STEP][PASSED] - setEncryptedText: Text ****** has been set on object 'Object Repository/Final Object Repo/Login Page/Internal User/Password'

2018-11-27 16:35:21 - [MESSAGE][PASSED] - Text ****** has been set on object 'Object Repository/Final Object Repo/Login Page/Internal User/Password'

2018-11-27 16:35:21 - [TEST_STEP][PASSED] - click: Object: 'Object Repository/Final Object Repo/Login Page/Internal User/Login Button' is clicked on

2018-11-27 16:35:21 - [MESSAGE][PASSED] - Object: 'Object Repository/Final Object Repo/Login Page/Internal User/Login Button' is clicked on

2018-11-27 16:35:21 - [TEST_STEP][PASSED] - delay: Delayed 1 second(s)

2018-11-27 16:35:22 - [MESSAGE][PASSED] - Delayed 1 second(s)

2018-11-27 16:35:22 - [TEST_STEP][PASSED] - Statement - Try: Delayed 2 second(s)

2018-11-27 16:35:22 - [TEST_STEP][PASSED] - Statement - Checker = false: null

2018-11-27 16:35:22 - [TEST_STEP][PASSED] - Statement - Checker = com.kms.katalon.core.webui.keyword.WebUiBuiltInKeywords.verifyElementHasAttribute(com.kms.katalon.core.testobject.ObjectRepository.findTestObject(Final Object Repo/Landing Page/BM Detecting), "href", 20, OPTIONAL): Object 'Object Repository/Final Object Repo/Landing Page/BM Detecting' has attribute 'href'

2018-11-27 16:35:23 - [MESSAGE][PASSED] - Object 'Object Repository/Final Object Repo/Landing Page/BM Detecting' has attribute 'href'

2018-11-27 16:35:23 - [TEST_STEP][PASSED] - Statement - out.println(Checker): null

2018-11-27 16:35:23 - [TEST_STEP][PASSED] - Statement - If (Checker == false): null

2018-11-27 16:35:23 - [TEST_STEP][PASSED] - Statement - Else: null

2018-11-27 16:35:23 - [TEST_STEP][PASSED] - delay: Delayed 2 second(s)

2018-11-27 16:35:25 - [MESSAGE][PASSED] - Delayed 2 second(s)

2018-11-27 16:35:25 - [TEST_STEP][PASSED] - navigateToUrl: Navigate to 'https://assist2-uat.perkeso.gov.my/web/registration/registration' successfully

2018-11-27 16:35:27 - [MESSAGE][PASSED] - Navigate to 'https://assist2-uat.perkeso.gov.my/web/registration/registration' successfully

2018-11-27 16:35:27 - [TEST_STEP][PASSED] - click: Object: 'Object Repository/Final Object Repo/New Registration - Registration Module Pages/Form 1/AEC - No' is clicked on

2018-11-27 16:35:27 - [MESSAGE][PASSED] - Object: 'Object Repository/Final Object Repo/New Registration - Registration Module Pages/Form 1/AEC - No' is clicked on

2018-11-27 16:35:27 - [TEST_STEP][PASSED] - click: Object: 'Object Repository/Final Object Repo/New Registration - Registration Module Pages/Form 1/Business Entity' is clicked on

2018-11-27 16:35:27 - [MESSAGE][PASSED] - Object: 'Object Repository/Final Object Repo/New Registration - Registration Module Pages/Form 1/Business Entity' is clicked on

2018-11-27 16:35:27 - [TEST_STEP][PASSED] - click: Object: 'Object Repository/Final Object Repo/New Registration - Registration Module Pages/Form 1/Businees Entity - Corporation' is clicked on

2018-11-27 16:35:27 - [MESSAGE][PASSED] - Object: 'Object Repository/Final Object Repo/New Registration - Registration Module Pages/Form 1/Businees Entity - Corporation' is clicked on

2018-11-27 16:35:27 - [TEST_STEP][PASSED] - delay: Delayed 1 second(s)

2018-11-27 16:35:28 - [MESSAGE][PASSED] - Delayed 1 second(s)

2018-11-27 16:35:28 - [TEST_STEP][PASSED] - click: Object: 'Object Repository/Final Object Repo/New Registration - Registration Module Pages/Form 1/Sub Business Entity' is clicked on

2018-11-27 16:35:28 - [MESSAGE][PASSED] - Object: 'Object Repository/Final Object Repo/New Registration - Registration Module Pages/Form 1/Sub Business Entity' is clicked on

2018-11-27 16:35:28 - [TEST_STEP][PASSED] - click: Object: 'Object Repository/Final Object Repo/New Registration - Registration Module Pages/Form 1/Sub Business Entity - Berhad' is clicked on

2018-11-27 16:35:29 - [MESSAGE][PASSED] - Object: 'Object Repository/Final Object Repo/New Registration - Registration Module Pages/Form 1/Sub Business Entity - Berhad' is clicked on

2018-11-27 16:35:29 - [TEST_STEP][PASSED] - delay: Delayed 1 second(s)

2018-11-27 16:35:30 - [MESSAGE][PASSED] - Delayed 1 second(s)

2018-11-27 16:35:30 - [TEST_STEP][PASSED] - setText: Text '123' is set on object 'Object Repository/Final Object Repo/New Registration - Registration Module Pages/Form 1/Registration Number'

2018-11-27 16:35:30 - [MESSAGE][PASSED] - Text '123' is set on object 'Object Repository/Final Object Repo/New Registration - Registration Module Pages/Form 1/Registration Number'

2018-11-27 16:35:30 - [TEST_STEP][PASSED] - click: Object: 'Object Repository/Final Object Repo/New Registration - Registration Module Pages/Form 1/Registred with SSM - Before Feb' is clicked on

2018-11-27 16:35:30 - [MESSAGE][PASSED] - Object: 'Object Repository/Final Object Repo/New Registration - Registration Module Pages/Form 1/Registred with SSM - Before Feb' is clicked on

2018-11-27 16:35:30 - [TEST_STEP][PASSED] - click: Object: 'Object Repository/Final Object Repo/New Registration - Registration Module Pages/Form 1/Registered As a Branch - Yes' is clicked on

2018-11-27 16:35:30 - [MESSAGE][PASSED] - Object: 'Object Repository/Final Object Repo/New Registration - Registration Module Pages/Form 1/Registered As a Branch - Yes' is clicked on

2018-11-27 16:35:30 - [TEST_STEP][PASSED] - click: Object: 'Object Repository/Final Object Repo/New Registration - Registration Module Pages/Form 1/Acknowledgement' is clicked on

2018-11-27 16:35:30 - [MESSAGE][PASSED] - Object: 'Object Repository/Final Object Repo/New Registration - Registration Module Pages/Form 1/Acknowledgement' is clicked on

2018-11-27 16:35:30 - [TEST_STEP][PASSED] - setText: Text 'perkeso' is set on object 'Object Repository/Final Object Repo/New Registration - Registration Module Pages/Form 1/Industry name'

2018-11-27 16:35:31 - [MESSAGE][PASSED] - Text 'perkeso' is set on object 'Object Repository/Final Object Repo/New Registration - Registration Module Pages/Form 1/Industry name'

2018-11-27 16:35:31 - [TEST_STEP][PASSED] - setText: Text 'perkeso1' is set on object 'Object Repository/Final Object Repo/New Registration - Registration Module Pages/Form 1/Postal Address1'

2018-11-27 16:35:31 - [MESSAGE][PASSED] - Text 'perkeso1' is set on object 'Object Repository/Final Object Repo/New Registration - Registration Module Pages/Form 1/Postal Address1'

2018-11-27 16:35:31 - [TEST_STEP][PASSED] - setText: Text 'perkeso2' is set on object 'Object Repository/Final Object Repo/New Registration - Registration Module Pages/Form 1/Postal Address2'

2018-11-27 16:35:32 - [MESSAGE][PASSED] - Text 'perkeso2' is set on object 'Object Repository/Final Object Repo/New Registration - Registration Module Pages/Form 1/Postal Address2'

2018-11-27 16:35:32 - [TEST_STEP][PASSED] - setText: Text 'perkeso3' is set on object 'Object Repository/Final Object Repo/New Registration - Registration Module Pages/Form 1/Postal Address3'

2018-11-27 16:35:32 - [MESSAGE][PASSED] - Text 'perkeso3' is set on object 'Object Repository/Final Object Repo/New Registration - Registration Module Pages/Form 1/Postal Address3'

2018-11-27 16:35:32 - [TEST_STEP][PASSED] - click: Object: 'Object Repository/Final Object Repo/New Registration - Registration Module Pages/Form 1/State' is clicked on

2018-11-27 16:35:32 - [MESSAGE][PASSED] - Object: 'Object Repository/Final Object Repo/New Registration - Registration Module Pages/Form 1/State' is clicked on

2018-11-27 16:35:32 - [TEST_STEP][PASSED] - click: Object: 'Object Repository/Final Object Repo/New Registration - Registration Module Pages/Form 1/State - Johor' is clicked on

2018-11-27 16:35:32 - [MESSAGE][PASSED] - Object: 'Object Repository/Final Object Repo/New Registration - Registration Module Pages/Form 1/State - Johor' is clicked on

2018-11-27 16:35:32 - [TEST_STEP][PASSED] - delay: Delayed 1 second(s)

2018-11-27 16:35:33 - [MESSAGE][PASSED] - Delayed 1 second(s)

2018-11-27 16:35:33 - [TEST_STEP][PASSED] - click: Object: 'Object Repository/Final Object Repo/New Registration - Registration Module Pages/Form 1/City' is clicked on

2018-11-27 16:35:34 - [MESSAGE][PASSED] - Object: 'Object Repository/Final Object Repo/New Registration - Registration Module Pages/Form 1/City' is clicked on

2018-11-27 16:35:34 - [TEST_STEP][PASSED] - setText: Text 'joh' is set on object 'Object Repository/Final Object Repo/New Registration - Registration Module Pages/Form 1/Postcode - 810'

2018-11-27 16:35:34 - [MESSAGE][PASSED] - Text 'joh' is set on object 'Object Repository/Final Object Repo/New Registration - Registration Module Pages/Form 1/Postcode - 810'

2018-11-27 16:35:34 - [TEST_STEP][PASSED] - delay: Delayed 1 second(s)

2018-11-27 16:35:35 - [MESSAGE][PASSED] - Delayed 1 second(s)

2018-11-27 16:35:35 - [TEST_STEP][PASSED] - click: Object: 'Object Repository/Final Object Repo/New Registration - Registration Module Pages/Form 1/City - Johor Bharu' is clicked on

2018-11-27 16:35:35 - [MESSAGE][PASSED] - Object: 'Object Repository/Final Object Repo/New Registration - Registration Module Pages/Form 1/City - Johor Bharu' is clicked on

2018-11-27 16:35:35 - [TEST_STEP][PASSED] - delay: Delayed 1 second(s)

2018-11-27 16:35:36 - [MESSAGE][PASSED] - Delayed 1 second(s)

2018-11-27 16:35:36 - [TEST_STEP][PASSED] - click: Object: 'Object Repository/Final Object Repo/New Registration - Registration Module Pages/Form 1/Postcode' is clicked on

2018-11-27 16:35:36 - [MESSAGE][PASSED] - Object: 'Object Repository/Final Object Repo/New Registration - Registration Module Pages/Form 1/Postcode' is clicked on

2018-11-27 16:35:36 - [TEST_STEP][PASSED] - delay: Delayed 1 second(s)

2018-11-27 16:35:37 - [MESSAGE][PASSED] - Delayed 1 second(s)

2018-11-27 16:35:37 - [TEST_STEP][PASSED] - setText: Text '810' is set on object 'Object Repository/Final Object Repo/New Registration - Registration Module Pages/Form 1/Postcode - 810'

2018-11-27 16:35:37 - [MESSAGE][PASSED] - Text '810' is set on object 'Object Repository/Final Object Repo/New Registration - Registration Module Pages/Form 1/Postcode - 810'

2018-11-27 16:35:37 - [TEST_STEP][PASSED] - delay: Delayed 3 second(s)

2018-11-27 16:35:40 - [MESSAGE][PASSED] - Delayed 3 second(s)

2018-11-27 16:35:40 - [TEST_STEP][PASSED] - click: Object: 'Object Repository/Final Object Repo/New Registration - Registration Module Pages/Form 1/Postcode - 81000' is clicked on

2018-11-27 16:35:41 - [MESSAGE][PASSED] - Object: 'Object Repository/Final Object Repo/New Registration - Registration Module Pages/Form 1/Postcode - 81000' is clicked on

2018-11-27 16:35:41 - [TEST_STEP][PASSED] - delay: Delayed 1 second(s)

2018-11-27 16:35:42 - [MESSAGE][PASSED] - Delayed 1 second(s)

2018-11-27 16:35:42 - [TEST_STEP][PASSED] - setText: Text '100' is set on object 'Object Repository/Final Object Repo/New Registration - Registration Module Pages/Form 1/P.O.BOX'

2018-11-27 16:35:42 - [MESSAGE][PASSED] - Text '100' is set on object 'Object Repository/Final Object Repo/New Registration - Registration Module Pages/Form 1/P.O.BOX'

2018-11-27 16:35:42 - [TEST_STEP][PASSED] - setText: Text '100' is set on object 'Object Repository/Final Object Repo/New Registration - Registration Module Pages/Form 1/Locked Bag No'

2018-11-27 16:35:42 - [MESSAGE][PASSED] - Text '100' is set on object 'Object Repository/Final Object Repo/New Registration - Registration Module Pages/Form 1/Locked Bag No'

2018-11-27 16:35:42 - [TEST_STEP][PASSED] - click: Object: 'Object Repository/Final Object Repo/New Registration - Registration Module Pages/Form 1/SOCSO Office Location' is clicked on

2018-11-27 16:35:42 - [MESSAGE][PASSED] - Object: 'Object Repository/Final Object Repo/New Registration - Registration Module Pages/Form 1/SOCSO Office Location' is clicked on

2018-11-27 16:35:42 - [TEST_STEP][PASSED] - click: Object: 'Object Repository/Final Object Repo/New Registration - Registration Module Pages/Form 1/SOCSO Office Location - Pejabat PERKESO Negeri Johor' is clicked on

2018-11-27 16:35:43 - [MESSAGE][PASSED] - Object: 'Object Repository/Final Object Repo/New Registration - Registration Module Pages/Form 1/SOCSO Office Location - Pejabat PERKESO Negeri Johor' is clicked on

2018-11-27 16:35:43 - [TEST_STEP][PASSED] - delay: Delayed 1 second(s)

2018-11-27 16:35:44 - [MESSAGE][PASSED] - Delayed 1 second(s)

2018-11-27 16:35:44 - [TEST_STEP][PASSED] - check: Object 'Object Repository/Final Object Repo/New Registration - Registration Module Pages/Form 1/Indusrty Address Same As Postal Address' is checked

2018-11-27 16:35:44 - [MESSAGE][PASSED] - Object 'Object Repository/Final Object Repo/New Registration - Registration Module Pages/Form 1/Indusrty Address Same As Postal Address' is checked

2018-11-27 16:35:44 - [TEST_STEP][PASSED] - delay: Delayed 3 second(s)

2018-11-27 16:35:47 - [MESSAGE][PASSED] - Delayed 3 second(s)

2018-11-27 16:35:47 - [TEST_STEP][PASSED] - click: Object: 'Object Repository/Final Object Repo/New Registration - Registration Module Pages/Form 1/Indusry Address Same As Postal Address False' is clicked on

2018-11-27 16:35:47 - [MESSAGE][PASSED] - Object: 'Object Repository/Final Object Repo/New Registration - Registration Module Pages/Form 1/Indusry Address Same As Postal Address False' is clicked on

2018-11-27 16:35:47 - [TEST_STEP][PASSED] - delay: Delayed 1 second(s)

2018-11-27 16:35:48 - [MESSAGE][PASSED] - Delayed 1 second(s)

2018-11-27 16:35:48 - [TEST_STEP][PASSED] - setText: Text 'perkeso1' is set on object 'Object Repository/Final Object Repo/New Registration - Registration Module Pages/Form 1/Industry Address1'

2018-11-27 16:35:48 - [MESSAGE][PASSED] - Text 'perkeso1' is set on object 'Object Repository/Final Object Repo/New Registration - Registration Module Pages/Form 1/Industry Address1'

2018-11-27 16:35:48 - [TEST_STEP][PASSED] - setText: Text 'perkeso2' is set on object 'Object Repository/Final Object Repo/New Registration - Registration Module Pages/Form 1/Industry Address2'

2018-11-27 16:35:49 - [MESSAGE][PASSED] - Text 'perkeso2' is set on object 'Object Repository/Final Object Repo/New Registration - Registration Module Pages/Form 1/Industry Address2'

2018-11-27 16:35:49 - [TEST_STEP][PASSED] - setText: Text 'perkeso3' is set on object 'Object Repository/Final Object Repo/New Registration - Registration Module Pages/Form 1/Industry Address3'

2018-11-27 16:35:49 - [MESSAGE][PASSED] - Text 'perkeso3' is set on object 'Object Repository/Final Object Repo/New Registration - Registration Module Pages/Form 1/Industry Address3'

2018-11-27 16:35:49 - [TEST_STEP][PASSED] - click: Object: 'Object Repository/Final Object Repo/New Registration - Registration Module Pages/Form 1/Industry State' is clicked on

2018-11-27 16:35:49 - [MESSAGE][PASSED] - Object: 'Object Repository/Final Object Repo/New Registration - Registration Module Pages/Form 1/Industry State' is clicked on

2018-11-27 16:35:49 - [TEST_STEP][PASSED] - delay: Delayed 2 second(s)

2018-11-27 16:35:51 - [MESSAGE][PASSED] - Delayed 2 second(s)

2018-11-27 16:35:51 - [TEST_STEP][PASSED] - click: Object: 'Object Repository/Final Object Repo/New Registration - Registration Module Pages/Form 1/Industry State - Johor' is clicked on

2018-11-27 16:35:52 - [MESSAGE][PASSED] - Object: 'Object Repository/Final Object Repo/New Registration - Registration Module Pages/Form 1/Industry State - Johor' is clicked on

2018-11-27 16:35:52 - [TEST_STEP][PASSED] - delay: Delayed 2 second(s)

2018-11-27 16:35:54 - [MESSAGE][PASSED] - Delayed 2 second(s)

2018-11-27 16:35:54 - [TEST_STEP][PASSED] - click: Object: 'Object Repository/Final Object Repo/New Registration - Registration Module Pages/Form 1/Industry Ciry' is clicked on

2018-11-27 16:35:54 - [MESSAGE][PASSED] - Object: 'Object Repository/Final Object Repo/New Registration - Registration Module Pages/Form 1/Industry Ciry' is clicked on

2018-11-27 16:35:54 - [TEST_STEP][PASSED] - setText: Text 'joh' is set on object 'Object Repository/Final Object Repo/New Registration - Registration Module Pages/Form 1/Industry Ciry - joh'

2018-11-27 16:35:54 - [MESSAGE][PASSED] - Text 'joh' is set on object 'Object Repository/Final Object Repo/New Registration - Registration Module Pages/Form 1/Industry Ciry - joh'

2018-11-27 16:35:54 - [TEST_STEP][PASSED] - delay: Delayed 2 second(s)

2018-11-27 16:35:56 - [MESSAGE][PASSED] - Delayed 2 second(s)

2018-11-27 16:35:56 - [TEST_STEP][PASSED] - click: Object: 'Object Repository/Final Object Repo/New Registration - Registration Module Pages/Form 1/Industy State - Johor Bharu' is clicked on

2018-11-27 16:35:56 - [MESSAGE][PASSED] - Object: 'Object Repository/Final Object Repo/New Registration - Registration Module Pages/Form 1/Industy State - Johor Bharu' is clicked on

2018-11-27 16:35:56 - [TEST_STEP][PASSED] - delay: Delayed 1 second(s)

2018-11-27 16:35:57 - [MESSAGE][PASSED] - Delayed 1 second(s)

2018-11-27 16:35:57 - [TEST_STEP][PASSED] - click: Object: 'Object Repository/Final Object Repo/New Registration - Registration Module Pages/Form 1/Indusry PostCode' is clicked on

2018-11-27 16:35:57 - [MESSAGE][PASSED] - Object: 'Object Repository/Final Object Repo/New Registration - Registration Module Pages/Form 1/Indusry PostCode' is clicked on

2018-11-27 16:35:57 - [TEST_STEP][PASSED] - delay: Delayed 1 second(s)

2018-11-27 16:35:58 - [MESSAGE][PASSED] - Delayed 1 second(s)

2018-11-27 16:35:58 - [TEST_STEP][PASSED] - setText: Text '810' is set on object 'Object Repository/Final Object Repo/New Registration - Registration Module Pages/Form 1/Insutry Post Code - 810'

2018-11-27 16:35:59 - [MESSAGE][PASSED] - Text '810' is set on object 'Object Repository/Final Object Repo/New Registration - Registration Module Pages/Form 1/Insutry Post Code - 810'

2018-11-27 16:35:59 - [TEST_STEP][PASSED] - delay: Delayed 1 second(s)

2018-11-27 16:36:00 - [MESSAGE][PASSED] - Delayed 1 second(s)

2018-11-27 16:36:00 - [TEST_STEP][PASSED] - click: Object: 'Object Repository/Final Object Repo/New Registration - Registration Module Pages/Form 1/Insutry Post Code - 81000' is clicked on

2018-11-27 16:36:00 - [MESSAGE][PASSED] - Object: 'Object Repository/Final Object Repo/New Registration - Registration Module Pages/Form 1/Insutry Post Code - 81000' is clicked on

2018-11-27 16:36:00 - [TEST_STEP][PASSED] - delay: Delayed 1 second(s)

2018-11-27 16:36:01 - [MESSAGE][PASSED] - Delayed 1 second(s)

2018-11-27 16:36:01 - [TEST_STEP][PASSED] - setText: Text '100' is set on object 'Object Repository/Final Object Repo/New Registration - Registration Module Pages/Form 1/Industry P.O.BOX'

2018-11-27 16:36:01 - [MESSAGE][PASSED] - Text '100' is set on object 'Object Repository/Final Object Repo/New Registration - Registration Module Pages/Form 1/Industry P.O.BOX'

2018-11-27 16:36:01 - [TEST_STEP][PASSED] - setText: Text '100' is set on object 'Object Repository/Final Object Repo/New Registration - Registration Module Pages/Form 1/Industry Locked Bag No'

2018-11-27 16:36:01 - [MESSAGE][PASSED] - Text '100' is set on object 'Object Repository/Final Object Repo/New Registration - Registration Module Pages/Form 1/Industry Locked Bag No'

2018-11-27 16:36:01 - [TEST_STEP][PASSED] - setText: Text '123456789' is set on object 'Object Repository/Final Object Repo/New Registration - Registration Module Pages/Form 1/Telephone No'

2018-11-27 16:36:02 - [MESSAGE][PASSED] - Text '123456789' is set on object 'Object Repository/Final Object Repo/New Registration - Registration Module Pages/Form 1/Telephone No'

2018-11-27 16:36:02 - [TEST_STEP][PASSED] - setText: Text '123456789' is set on object 'Object Repository/Final Object Repo/New Registration - Registration Module Pages/Form 1/Mobile No'

2018-11-27 16:36:02 - [MESSAGE][PASSED] - Text '123456789' is set on object 'Object Repository/Final Object Repo/New Registration - Registration Module Pages/Form 1/Mobile No'

2018-11-27 16:36:02 - [TEST_STEP][PASSED] - setText: Text '123456789' is set on object 'Object Repository/Final Object Repo/New Registration - Registration Module Pages/Form 1/Fax No'

2018-11-27 16:36:02 - [MESSAGE][PASSED] - Text '123456789' is set on object 'Object Repository/Final Object Repo/New Registration - Registration Module Pages/Form 1/Fax No'

2018-11-27 16:36:02 - [TEST_STEP][PASSED] - click: Object: 'Object Repository/Final Object Repo/New Registration - Registration Module Pages/Form 1/Industry Code' is clicked on

2018-11-27 16:36:03 - [MESSAGE][PASSED] - Object: 'Object Repository/Final Object Repo/New Registration - Registration Module Pages/Form 1/Industry Code' is clicked on

2018-11-27 16:36:03 - [TEST_STEP][PASSED] - click: Object: 'Object Repository/Final Object Repo/New Registration - Registration Module Pages/Form 1/Indudustry Code - Crops and Animal' is clicked on

2018-11-27 16:36:03 - [MESSAGE][PASSED] - Object: 'Object Repository/Final Object Repo/New Registration - Registration Module Pages/Form 1/Indudustry Code - Crops and Animal' is clicked on

2018-11-27 16:36:03 - [TEST_STEP][PASSED] - delay: Delayed 1 second(s)

2018-11-27 16:36:04 - [MESSAGE][PASSED] - Delayed 1 second(s)

2018-11-27 16:36:04 - [TEST_STEP][PASSED] - click: Object: 'Object Repository/Final Object Repo/New Registration - Registration Module Pages/Form 1/Sub Industry Code List' is clicked on

2018-11-27 16:36:04 - [MESSAGE][PASSED] - Object: 'Object Repository/Final Object Repo/New Registration - Registration Module Pages/Form 1/Sub Industry Code List' is clicked on

2018-11-27 16:36:04 - [TEST_STEP][PASSED] - click: Object: 'Object Repository/Final Object Repo/New Registration - Registration Module Pages/Form 1/Sub Industry Code List - Growing of Maize' is clicked on

2018-11-27 16:36:04 - [MESSAGE][PASSED] - Object: 'Object Repository/Final Object Repo/New Registration - Registration Module Pages/Form 1/Sub Industry Code List - Growing of Maize' is clicked on

2018-11-27 16:36:04 - [TEST_STEP][PASSED] - setText: Text 'perkeso123@gmail.com' is set on object 'Object Repository/Final Object Repo/New Registration - Registration Module Pages/Form 1/Email'

2018-11-27 16:36:05 - [MESSAGE][PASSED] - Text 'perkeso123@gmail.com' is set on object 'Object Repository/Final Object Repo/New Registration - Registration Module Pages/Form 1/Email'

2018-11-27 16:36:05 - [TEST_STEP][PASSED] - click: Object: 'Object Repository/Final Object Repo/New Registration - Registration Module Pages/Form 1/Method of Contribution Payment' is clicked on

2018-11-27 16:36:05 - [MESSAGE][PASSED] - Object: 'Object Repository/Final Object Repo/New Registration - Registration Module Pages/Form 1/Method of Contribution Payment' is clicked on

2018-11-27 16:36:05 - [TEST_STEP][PASSED] - click: Object: 'Object Repository/Final Object Repo/New Registration - Registration Module Pages/Form 1/Method of Contribution Payment - Portal' is clicked on

2018-11-27 16:36:06 - [MESSAGE][PASSED] - Object: 'Object Repository/Final Object Repo/New Registration - Registration Module Pages/Form 1/Method of Contribution Payment - Portal' is clicked on

2018-11-27 16:36:06 - [TEST_STEP][PASSED] - click: Object: 'Object Repository/Final Object Repo/New Registration - Registration Module Pages/Form 1/Servide Type' is clicked on

2018-11-27 16:36:06 - [MESSAGE][PASSED] - Object: 'Object Repository/Final Object Repo/New Registration - Registration Module Pages/Form 1/Servide Type' is clicked on

2018-11-27 16:36:06 - [TEST_STEP][PASSED] - click: Object: 'Object Repository/Final Object Repo/New Registration - Registration Module Pages/Form 1/Servide Type - Professional Bodies' is clicked on

2018-11-27 16:36:06 - [MESSAGE][PASSED] - Object: 'Object Repository/Final Object Repo/New Registration - Registration Module Pages/Form 1/Servide Type - Professional Bodies' is clicked on

2018-11-27 16:36:06 - [TEST_STEP][PASSED] - click: Object: 'Object Repository/Final Object Repo/New Registration - Registration Module Pages/Form 1/Industry Venue' is clicked on

2018-11-27 16:36:06 - [MESSAGE][PASSED] - Object: 'Object Repository/Final Object Repo/New Registration - Registration Module Pages/Form 1/Industry Venue' is clicked on

2018-11-27 16:36:06 - [TEST_STEP][PASSED] - click: Object: 'Object Repository/Final Object Repo/New Registration - Registration Module Pages/Form 1/Industry Venue -  PPN JOHOR' is clicked on

2018-11-27 16:36:06 - [MESSAGE][PASSED] - Object: 'Object Repository/Final Object Repo/New Registration - Registration Module Pages/Form 1/Industry Venue -  PPN JOHOR' is clicked on

2018-11-27 16:36:06 - [TEST_STEP][PASSED] - click: Object: 'Object Repository/Final Object Repo/New Registration - Registration Module Pages/Form 1/Save  Continue' is clicked on

2018-11-27 16:36:07 - [MESSAGE][PASSED] - Object: 'Object Repository/Final Object Repo/New Registration - Registration Module Pages/Form 1/Save  Continue' is clicked on

2018-11-27 16:36:07 - [MESSAGE][PASSED] - Call Test Case 'Test Cases/Final Aug 2018 - PKS Automation/Registration Module/New Registration/Form 1/Form 1 - Corporation - BHD' successfully

2018-11-27 16:36:07 - [TEST_STEP][PASSED] - callTestCase: Call Test Case 'Test Cases/Final Aug 2018 - PKS Automation/Registration Module/New Registration/Form 2/Add 1 Eligible' successfully

2018-11-27 16:36:07 - [TEST_CASE][PASSED] - Test Cases/Final Aug 2018 - PKS Automation/Registration Module/New Registration/Form 2/Add 1 Eligible: Test Cases/Final Aug 2018 - PKS Automation/Registration Module/New Registration/Form 2/Add 1 Eligible

2018-11-27 16:36:07 - [TEST_STEP][PASSED] - delay: Delayed 2 second(s)

2018-11-27 16:36:09 - [MESSAGE][PASSED] - Delayed 2 second(s)

2018-11-27 16:36:09 - [TEST_STEP][PASSED] - callTestCase: Call Test Case 'Test Cases/Final Aug 2018 - PKS Automation/Registration Module/New Registration/Form 2/Date Updater' successfully

2018-11-27 16:36:09 - [TEST_CASE][PASSED] - Test Cases/Final Aug 2018 - PKS Automation/Registration Module/New Registration/Form 2/Date Updater: Test Cases/Final Aug 2018 - PKS Automation/Registration Module/New Registration/Form 2/Date Updater

2018-11-27 16:36:09 - [TEST_STEP][PASSED] - Statement - TodayDate = new java.util.Date(): null

2018-11-27 16:36:09 - [TEST_STEP][PASSED] - Statement - CurrentDateNoFilter = new java.text.SimpleDateFormat(): null

2018-11-27 16:36:09 - [TEST_STEP][PASSED] - Statement - CurrentDateNoFilter.applyPattern("dd"): null

2018-11-27 16:36:09 - [TEST_STEP][PASSED] - Statement - CurrentDate = CurrentDateNoFilter.format(TodayDate): null

2018-11-27 16:36:09 - [TEST_STEP][PASSED] - Statement - CurrentDate = java.lang.Integer.parseInt(CurrentDate): null

2018-11-27 16:36:09 - [TEST_STEP][PASSED] - Statement - CurrentDate = CurrentDate: null

2018-11-27 16:36:09 - [TEST_STEP][PASSED] - Statement - CurrentDay = java.lang.Integer.parseInt(CurrentDate): null

2018-11-27 16:36:09 - [TEST_STEP][PASSED] - Statement - aDayBefore = CurrentDay + 1: null

2018-11-27 16:36:09 - [TEST_STEP][PASSED] - Statement - DayBefore = aDayBefore.toString(): null

2018-11-27 16:36:09 - [TEST_STEP][PASSED] - Statement - OneDayBefore = DayBefore: null

2018-11-27 16:36:09 - [TEST_STEP][PASSED] - Statement - CurrentDateNoFilter.applyPattern("MM"): null

2018-11-27 16:36:09 - [TEST_STEP][PASSED] - Statement - monthContainerMatcher = java.lang.Integer.parseInt(CurrentDateNoFilter.format(TodayDate)): null

2018-11-27 16:36:09 - [TEST_STEP][PASSED] - Statement - monthContainerMatcher = monthContainerMatcher - 1: null

2018-11-27 16:36:09 - [TEST_STEP][PASSED] - Statement - CurrentMonth = monthContainerMatcher.toString(): null

2018-11-27 16:36:09 - [TEST_STEP][PASSED] - Statement - CurrentMonth = CurrentMonth: null

2018-11-27 16:36:09 - [TEST_STEP][PASSED] - Statement - CurrentDateNoFilter.applyPattern("yyyy"): null

2018-11-27 16:36:09 - [TEST_STEP][PASSED] - Statement - CurrentYear = CurrentDateNoFilter.format(TodayDate): null

2018-11-27 16:36:09 - [TEST_STEP][PASSED] - Statement - CurrentYear = CurrentYear: null

2018-11-27 16:36:09 - [TEST_STEP][PASSED] - Statement - intCurrentYear = java.lang.Integer.parseInt(CurrentDateNoFilter.format(TodayDate)): null

2018-11-27 16:36:09 - [TEST_STEP][PASSED] - Statement - eighteenYrsAgo = intCurrentYear - 18: null

2018-11-27 16:36:09 - [TEST_STEP][PASSED] - Statement - eighteenYrsBeforeThisYr = eighteenYrsAgo.toString(): null

2018-11-27 16:36:09 - [TEST_STEP][PASSED] - Statement - EighteenYrsBefore = eighteenYrsBeforeThisYr: null

2018-11-27 16:36:09 - [TEST_STEP][PASSED] - Statement - fiftysevenYrsAgo = intCurrentYear - 57: null

2018-11-27 16:36:09 - [TEST_STEP][PASSED] - Statement - fiftysevenYrsBeforeThisYr = fiftysevenYrsAgo.toString(): null

2018-11-27 16:36:09 - [TEST_STEP][PASSED] - Statement - FiftysevenYrsBefore = fiftysevenYrsBeforeThisYr: null

2018-11-27 16:36:09 - [MESSAGE][PASSED] - Call Test Case 'Test Cases/Final Aug 2018 - PKS Automation/Registration Module/New Registration/Form 2/Date Updater' successfully

2018-11-27 16:36:09 - [TEST_STEP][PASSED] - delay: Delayed 1 second(s)

2018-11-27 16:36:10 - [MESSAGE][PASSED] - Delayed 1 second(s)

2018-11-27 16:36:10 - [TEST_STEP][PASSED] - Statement - CaseReferenceNo = com.kms.katalon.core.webui.keyword.WebUiBuiltInKeywords.getText(com.kms.katalon.core.testobject.ObjectRepository.findTestObject(Final Object Repo/New Registration - Registration Module Pages/Form 2/RefNo Acquiring)): Text of object 'Object Repository/Final Object Repo/New Registration - Registration Module Pages/Form 2/RefNo Acquiring' is: 'CRN11201800122873'

2018-11-27 16:36:10 - [MESSAGE][PASSED] - Text of object 'Object Repository/Final Object Repo/New Registration - Registration Module Pages/Form 2/RefNo Acquiring' is: 'CRN11201800122873'

2018-11-27 16:36:10 - [TEST_STEP][PASSED] - delay: Delayed 1 second(s)

2018-11-27 16:36:11 - [MESSAGE][PASSED] - Delayed 1 second(s)

2018-11-27 16:36:11 - [TEST_STEP][PASSED] - click: Object: 'Object Repository/Final Object Repo/New Registration - Registration Module Pages/Form 2/Add Employee Button' is clicked on

2018-11-27 16:36:11 - [MESSAGE][PASSED] - Object: 'Object Repository/Final Object Repo/New Registration - Registration Module Pages/Form 2/Add Employee Button' is clicked on

2018-11-27 16:36:11 - [TEST_STEP][PASSED] - delay: Delayed 1 second(s)

2018-11-27 16:36:12 - [MESSAGE][PASSED] - Delayed 1 second(s)

2018-11-27 16:36:12 - [TEST_STEP][PASSED] - setText: Text '010903091963' is set on object 'Object Repository/Final Object Repo/New Registration - Registration Module Pages/Form 2/NRIC Input'

2018-11-27 16:36:12 - [MESSAGE][PASSED] - Text '010903091963' is set on object 'Object Repository/Final Object Repo/New Registration - Registration Module Pages/Form 2/NRIC Input'

2018-11-27 16:36:12 - [TEST_STEP][PASSED] - click: Object: 'Object Repository/Final Object Repo/New Registration - Registration Module Pages/Form 2/button for search for IC' is clicked on

2018-11-27 16:36:13 - [MESSAGE][PASSED] - Object: 'Object Repository/Final Object Repo/New Registration - Registration Module Pages/Form 2/button for search for IC' is clicked on

2018-11-27 16:36:13 - [TEST_STEP][PASSED] - delay: Delayed 2 second(s)

2018-11-27 16:36:15 - [MESSAGE][PASSED] - Delayed 2 second(s)

2018-11-27 16:36:15 - [TEST_STEP][PASSED] - setText: Text 'Automate001 eligible 1' is set on object 'Object Repository/Final Object Repo/New Registration - Registration Module Pages/Form 2/Employee Name Input'

2018-11-27 16:36:15 - [MESSAGE][PASSED] - Text 'Automate001 eligible 1' is set on object 'Object Repository/Final Object Repo/New Registration - Registration Module Pages/Form 2/Employee Name Input'

2018-11-27 16:36:15 - [TEST_STEP][PASSED] - delay: Delayed 2 second(s)

2018-11-27 16:36:17 - [MESSAGE][PASSED] - Delayed 2 second(s)

2018-11-27 16:36:17 - [TEST_STEP][PASSED] - click: Object: 'Object Repository/Final Object Repo/New Registration - Registration Module Pages/Form 2/DatePicker Pop Up' is clicked on

2018-11-27 16:36:17 - [MESSAGE][PASSED] - Object: 'Object Repository/Final Object Repo/New Registration - Registration Module Pages/Form 2/DatePicker Pop Up' is clicked on

2018-11-27 16:36:17 - [TEST_STEP][PASSED] - click: Object: 'Object Repository/Final Object Repo/New Registration - Registration Module Pages/Form 2/DOB Month' is clicked on

2018-11-27 16:36:18 - [MESSAGE][PASSED] - Object: 'Object Repository/Final Object Repo/New Registration - Registration Module Pages/Form 2/DOB Month' is clicked on

2018-11-27 16:36:18 - [TEST_STEP][PASSED] - Statement - CurrentMonth = CurrentMonth: null

2018-11-27 16:36:18 - [TEST_STEP][PASSED] - Statement - selectMonth = new com.kms.katalon.core.testobject.TestObject(): null

2018-11-27 16:36:18 - [TEST_STEP][PASSED] - Statement - selectMonth.addProperty("xpath", EQUALS, "//body/div/div/div/select/option[@value='" + CurrentMonth + "']", true): null

2018-11-27 16:36:18 - [TEST_STEP][PASSED] - click: Object: '' is clicked on

2018-11-27 16:36:18 - [MESSAGE][PASSED] - Object: '' is clicked on

2018-11-27 16:36:18 - [TEST_STEP][PASSED] - click: Object: 'Object Repository/Final Object Repo/New Registration - Registration Module Pages/Form 2/DOB Year' is clicked on

2018-11-27 16:36:18 - [MESSAGE][PASSED] - Object: 'Object Repository/Final Object Repo/New Registration - Registration Module Pages/Form 2/DOB Year' is clicked on

2018-11-27 16:36:18 - [TEST_STEP][PASSED] - Statement - Eyearsbf = EighteenYrsBefore: null

2018-11-27 16:36:18 - [TEST_STEP][PASSED] - Statement - selectYear = new com.kms.katalon.core.testobject.TestObject(): null

2018-11-27 16:36:18 - [TEST_STEP][PASSED] - Statement - selectYear.addProperty("xpath", EQUALS, "//div/div/div/select/option[@value='" + Eyearsbf + "']", true): null

2018-11-27 16:36:18 - [TEST_STEP][PASSED] - click: Object: '' is clicked on

2018-11-27 16:36:18 - [MESSAGE][PASSED] - Object: '' is clicked on

2018-11-27 16:36:18 - [TEST_STEP][PASSED] - Statement - UpdatedSelectDate = com.kms.katalon.core.webui.keyword.WebUiBuiltInKeywords.modifyObjectProperty(com.kms.katalon.core.testobject.ObjectRepository.findTestObject(Final Object Repo/New Registration - Registration Module Pages/Form 2/DOB Date), "xpath", "equals", "//body/div/table/tbody/tr/td/a[text()="" + CurrentDate + ""]", true): Modify property of object successfully

2018-11-27 16:36:18 - [MESSAGE][PASSED] - Modify property of object successfully

2018-11-27 16:36:18 - [TEST_STEP][PASSED] - delay: Delayed 3 second(s)

2018-11-27 16:36:21 - [MESSAGE][PASSED] - Delayed 3 second(s)

2018-11-27 16:36:21 - [TEST_STEP][PASSED] - click: Object: 'Object Repository/Final Object Repo/New Registration - Registration Module Pages/Form 2/DOB Date' is clicked on

2018-11-27 16:36:21 - [MESSAGE][PASSED] - Object: 'Object Repository/Final Object Repo/New Registration - Registration Module Pages/Form 2/DOB Date' is clicked on

2018-11-27 16:36:21 - [TEST_STEP][PASSED] - delay: Delayed 2 second(s)

2018-11-27 16:36:23 - [MESSAGE][PASSED] - Delayed 2 second(s)

2018-11-27 16:36:23 - [TEST_STEP][PASSED] - click: Object: 'Object Repository/Final Object Repo/New Registration - Registration Module Pages/Form 2/EmploymentStartDate Pop Up' is clicked on

2018-11-27 16:36:23 - [MESSAGE][PASSED] - Object: 'Object Repository/Final Object Repo/New Registration - Registration Module Pages/Form 2/EmploymentStartDate Pop Up' is clicked on

2018-11-27 16:36:23 - [TEST_STEP][PASSED] - delay: Delayed 2 second(s)

2018-11-27 16:36:25 - [MESSAGE][PASSED] - Delayed 2 second(s)

2018-11-27 16:36:25 - [TEST_STEP][PASSED] - click: Object: 'Object Repository/Final Object Repo/New Registration - Registration Module Pages/Form 2/Socso Employment StartDate Month' is clicked on

2018-11-27 16:36:25 - [MESSAGE][PASSED] - Object: 'Object Repository/Final Object Repo/New Registration - Registration Module Pages/Form 2/Socso Employment StartDate Month' is clicked on

2018-11-27 16:36:25 - [TEST_STEP][PASSED] - delay: Delayed 1 second(s)

2018-11-27 16:36:26 - [MESSAGE][PASSED] - Delayed 1 second(s)

2018-11-27 16:36:26 - [TEST_STEP][PASSED] - click: Object: 'Object Repository/Final Object Repo/New Registration - Registration Module Pages/Form 2/Select Socso Employement Startdate Month' is clicked on

2018-11-27 16:36:27 - [MESSAGE][PASSED] - Object: 'Object Repository/Final Object Repo/New Registration - Registration Module Pages/Form 2/Select Socso Employement Startdate Month' is clicked on

2018-11-27 16:36:27 - [TEST_STEP][PASSED] - delay: Delayed 2 second(s)

2018-11-27 16:36:29 - [MESSAGE][PASSED] - Delayed 2 second(s)

2018-11-27 16:36:29 - [TEST_STEP][PASSED] - click: Object: 'Object Repository/Final Object Repo/New Registration - Registration Module Pages/Form 2/Socso Employment StartDate Year' is clicked on

2018-11-27 16:36:29 - [MESSAGE][PASSED] - Object: 'Object Repository/Final Object Repo/New Registration - Registration Module Pages/Form 2/Socso Employment StartDate Year' is clicked on

2018-11-27 16:36:29 - [TEST_STEP][PASSED] - delay: Delayed 1 second(s)

2018-11-27 16:36:30 - [MESSAGE][PASSED] - Delayed 1 second(s)

2018-11-27 16:36:30 - [TEST_STEP][PASSED] - click: Object: 'Object Repository/Final Object Repo/New Registration - Registration Module Pages/Form 2/Select Socso Employment Startdate Year' is clicked on

2018-11-27 16:36:30 - [MESSAGE][PASSED] - Object: 'Object Repository/Final Object Repo/New Registration - Registration Module Pages/Form 2/Select Socso Employment Startdate Year' is clicked on

2018-11-27 16:36:30 - [TEST_STEP][PASSED] - delay: Delayed 2 second(s)

2018-11-27 16:36:32 - [MESSAGE][PASSED] - Delayed 2 second(s)

2018-11-27 16:36:32 - [TEST_STEP][PASSED] - click: Object: 'Object Repository/Final Object Repo/New Registration - Registration Module Pages/Form 2/Socso Employment Start Date Day' is clicked on

2018-11-27 16:36:32 - [MESSAGE][PASSED] - Object: 'Object Repository/Final Object Repo/New Registration - Registration Module Pages/Form 2/Socso Employment Start Date Day' is clicked on

2018-11-27 16:36:32 - [TEST_STEP][PASSED] - delay: Delayed 2 second(s)

2018-11-27 16:36:34 - [MESSAGE][PASSED] - Delayed 2 second(s)

2018-11-27 16:36:34 - [TEST_STEP][PASSED] - click: Object: 'Object Repository/Final Object Repo/New Registration - Registration Module Pages/Form 2/Save Button for Add Employee' is clicked on

2018-11-27 16:36:34 - [MESSAGE][PASSED] - Object: 'Object Repository/Final Object Repo/New Registration - Registration Module Pages/Form 2/Save Button for Add Employee' is clicked on

2018-11-27 16:36:34 - [TEST_STEP][PASSED] - delay: Delayed 6 second(s)

2018-11-27 16:36:40 - [MESSAGE][PASSED] - Delayed 6 second(s)

2018-11-27 16:36:40 - [TEST_STEP][PASSED] - click: Object: 'Object Repository/Final Object Repo/New Registration - Registration Module Pages/Form 2/Save and Continue Form 2' is clicked on

2018-11-27 16:36:41 - [MESSAGE][PASSED] - Object: 'Object Repository/Final Object Repo/New Registration - Registration Module Pages/Form 2/Save and Continue Form 2' is clicked on

2018-11-27 16:36:41 - [MESSAGE][PASSED] - Call Test Case 'Test Cases/Final Aug 2018 - PKS Automation/Registration Module/New Registration/Form 2/Add 1 Eligible' successfully

2018-11-27 16:36:41 - [TEST_STEP][PASSED] - callTestCase: Call Test Case 'Test Cases/Final Aug 2018 - PKS Automation/Registration Module/New Registration/Flow of New Registration/Third Screen - Upload Supporting Doc - Preview' successfully

2018-11-27 16:36:41 - [TEST_CASE][PASSED] - Test Cases/Final Aug 2018 - PKS Automation/Registration Module/New Registration/Flow of New Registration/Third Screen - Upload Supporting Doc - Preview: Test Cases/Final Aug 2018 - PKS Automation/Registration Module/New Registration/Flow of New Registration/Third Screen - Upload Supporting Doc - Preview

2018-11-27 16:36:41 - [TEST_STEP][PASSED] - waitForPageLoad: Wait for page load successfully

2018-11-27 16:36:41 - [MESSAGE][PASSED] - Wait for page load successfully

2018-11-27 16:36:41 - [TEST_STEP][PASSED] - Statement - CaseReferenceNo = com.kms.katalon.core.webui.keyword.WebUiBuiltInKeywords.getText(com.kms.katalon.core.testobject.ObjectRepository.findTestObject(Final Object Repo/New Registration - Registration Module Pages/Third Screen - Upload Supporting Doc- Preview/RefNo Acquiring)): Text of object 'Object Repository/Final Object Repo/New Registration - Registration Module Pages/Third Screen - Upload Supporting Doc- Preview/RefNo Acquiring' is: 'CRN11201800122873'

2018-11-27 16:36:41 - [MESSAGE][PASSED] - Text of object 'Object Repository/Final Object Repo/New Registration - Registration Module Pages/Third Screen - Upload Supporting Doc- Preview/RefNo Acquiring' is: 'CRN11201800122873'

2018-11-27 16:36:41 - [TEST_STEP][PASSED] - delay: Delayed 2 second(s)

2018-11-27 16:36:43 - [MESSAGE][PASSED] - Delayed 2 second(s)

2018-11-27 16:36:43 - [TEST_STEP][PASSED] - callTestCase: Call Test Case 'Test Cases/Final Aug 2018 - PKS Automation/Common/Reference Number Setter' successfully

2018-11-27 16:36:43 - [TEST_CASE][PASSED] - Test Cases/Final Aug 2018 - PKS Automation/Common/Reference Number Setter: Test Cases/Final Aug 2018 - PKS Automation/Common/Reference Number Setter

2018-11-27 16:36:43 - [TEST_STEP][PASSED] - Statement - RefNoOldFile = new java.io.File(C://Users//Admin//Desktop//PKS//Automation Reference Point//KatalonReference.txt): null

2018-11-27 16:36:43 - [TEST_STEP][PASSED] - Statement - RefNoOldFile.delete(): null

2018-11-27 16:36:43 - [TEST_STEP][PASSED] - delay: Delayed 5 second(s)

2018-11-27 16:36:48 - [MESSAGE][PASSED] - Delayed 5 second(s)

2018-11-27 16:36:48 - [TEST_STEP][PASSED] - Statement - RefNo = new java.io.File(C://Users//Admin//Desktop//PKS//Automation Reference Point//KatalonReference.txt): null

2018-11-27 16:36:48 - [TEST_STEP][PASSED] - Statement - f2 = new java.io.FileWriter(RefNo, false): null

2018-11-27 16:36:48 - [TEST_STEP][PASSED] - Statement - f2.write(CaseReferenceNo): null

2018-11-27 16:36:48 - [TEST_STEP][PASSED] - Statement - f2.close(): null

2018-11-27 16:36:48 - [TEST_STEP][PASSED] - Statement - out.println("


" + CaseReferenceNo + "


"): null

2018-11-27 16:36:48 - [MESSAGE][PASSED] - Call Test Case 'Test Cases/Final Aug 2018 - PKS Automation/Common/Reference Number Setter' successfully

2018-11-27 16:36:48 - [TEST_STEP][PASSED] - waitForElementClickable: Object 'Object Repository/Final Object Repo/New Registration - Registration Module Pages/Third Screen - Upload Supporting Doc- Preview/Save n Continue in SIP Employee Listing Page' is clickable

2018-11-27 16:36:49 - [MESSAGE][PASSED] - Object 'Object Repository/Final Object Repo/New Registration - Registration Module Pages/Third Screen - Upload Supporting Doc- Preview/Save n Continue in SIP Employee Listing Page' is clickable

2018-11-27 16:36:49 - [TEST_STEP][PASSED] - click: Object: 'Object Repository/Final Object Repo/New Registration - Registration Module Pages/Third Screen - Upload Supporting Doc- Preview/Save n Continue in SIP Employee Listing Page' is clicked on

2018-11-27 16:36:54 - [MESSAGE][PASSED] - Object: 'Object Repository/Final Object Repo/New Registration - Registration Module Pages/Third Screen - Upload Supporting Doc- Preview/Save n Continue in SIP Employee Listing Page' is clicked on

2018-11-27 16:36:54 - [TEST_STEP][PASSED] - delay: Delayed 7 second(s)

2018-11-27 16:37:01 - [MESSAGE][PASSED] - Delayed 7 second(s)

2018-11-27 16:37:01 - [TEST_STEP][PASSED] - click: Object: 'Object Repository/Final Object Repo/New Registration - Registration Module Pages/Third Screen - Upload Supporting Doc- Preview/Add Document Button' is clicked on

2018-11-27 16:37:01 - [MESSAGE][PASSED] - Object: 'Object Repository/Final Object Repo/New Registration - Registration Module Pages/Third Screen - Upload Supporting Doc- Preview/Add Document Button' is clicked on

2018-11-27 16:37:01 - [TEST_STEP][PASSED] - delay: Delayed 30 second(s)

2018-11-27 16:37:31 - [MESSAGE][PASSED] - Delayed 30 second(s)

2018-11-27 16:37:31 - [TEST_STEP][PASSED] - click: Object: 'Object Repository/Final Object Repo/New Registration - Registration Module Pages/Third Screen - Upload Supporting Doc- Preview/Supporting Doc Please Select Drop Down' is clicked on

2018-11-27 16:37:31 - [MESSAGE][PASSED] - Object: 'Object Repository/Final Object Repo/New Registration - Registration Module Pages/Third Screen - Upload Supporting Doc- Preview/Supporting Doc Please Select Drop Down' is clicked on

2018-11-27 16:37:31 - [TEST_STEP][PASSED] - delay: Delayed 2 second(s)

2018-11-27 16:37:33 - [MESSAGE][PASSED] - Delayed 2 second(s)

2018-11-27 16:37:33 - [TEST_STEP][PASSED] - click: Object: 'Object Repository/Final Object Repo/New Registration - Registration Module Pages/Third Screen - Upload Supporting Doc- Preview/Select to Upload Form 1' is clicked on

2018-11-27 16:37:34 - [MESSAGE][PASSED] - Object: 'Object Repository/Final Object Repo/New Registration - Registration Module Pages/Third Screen - Upload Supporting Doc- Preview/Select to Upload Form 1' is clicked on

2018-11-27 16:37:34 - [TEST_STEP][PASSED] - delay: Delayed 2 second(s)

2018-11-27 16:37:36 - [MESSAGE][PASSED] - Delayed 2 second(s)

2018-11-27 16:37:36 - [TEST_STEP][PASSED] - uploadFile: File 'C:\Users\Public\Pictures\Sample Pictures\Koala.jpg' sent to object: 'Object Repository/Final Object Repo/New Registration - Registration Module Pages/Third Screen - Upload Supporting Doc- Preview/Upload File Adding'

2018-11-27 16:37:36 - [MESSAGE][PASSED] - File 'C:\Users\Public\Pictures\Sample Pictures\Koala.jpg' sent to object: 'Object Repository/Final Object Repo/New Registration - Registration Module Pages/Third Screen - Upload Supporting Doc- Preview/Upload File Adding'

2018-11-27 16:37:36 - [TEST_STEP][PASSED] - delay: Delayed 5 second(s)

2018-11-27 16:37:41 - [MESSAGE][PASSED] - Delayed 5 second(s)

2018-11-27 16:37:41 - [TEST_STEP][PASSED] - click: Object: 'Object Repository/Final Object Repo/New Registration - Registration Module Pages/Third Screen - Upload Supporting Doc- Preview/Inner Form Add Document Button' is clicked on

2018-11-27 16:37:41 - [MESSAGE][PASSED] - Object: 'Object Repository/Final Object Repo/New Registration - Registration Module Pages/Third Screen - Upload Supporting Doc- Preview/Inner Form Add Document Button' is clicked on

2018-11-27 16:37:41 - [TEST_STEP][PASSED] - delay: Delayed 3 second(s)

2018-11-27 16:37:44 - [MESSAGE][PASSED] - Delayed 3 second(s)

2018-11-27 16:37:44 - [TEST_STEP][PASSED] - click: Object: 'Object Repository/Final Object Repo/New Registration - Registration Module Pages/Third Screen - Upload Supporting Doc- Preview/Add Document Button' is clicked on

2018-11-27 16:37:45 - [MESSAGE][PASSED] - Object: 'Object Repository/Final Object Repo/New Registration - Registration Module Pages/Third Screen - Upload Supporting Doc- Preview/Add Document Button' is clicked on

2018-11-27 16:37:45 - [TEST_STEP][PASSED] - delay: Delayed 30 second(s)

2018-11-27 16:38:15 - [MESSAGE][PASSED] - Delayed 30 second(s)

2018-11-27 16:38:15 - [TEST_STEP][PASSED] - click: Object: 'Object Repository/Final Object Repo/New Registration - Registration Module Pages/Third Screen - Upload Supporting Doc- Preview/Supporting Doc Please Select Drop Down' is clicked on

2018-11-27 16:38:16 - [MESSAGE][PASSED] - Object: 'Object Repository/Final Object Repo/New Registration - Registration Module Pages/Third Screen - Upload Supporting Doc- Preview/Supporting Doc Please Select Drop Down' is clicked on

2018-11-27 16:38:16 - [TEST_STEP][PASSED] - delay: Delayed 2 second(s)

2018-11-27 16:38:18 - [MESSAGE][PASSED] - Delayed 2 second(s)

2018-11-27 16:38:18 - [TEST_STEP][PASSED] - click: Object: 'Object Repository/Final Object Repo/New Registration - Registration Module Pages/Third Screen - Upload Supporting Doc- Preview/Select to Upload Form 2' is clicked on

2018-11-27 16:38:18 - [MESSAGE][PASSED] - Object: 'Object Repository/Final Object Repo/New Registration - Registration Module Pages/Third Screen - Upload Supporting Doc- Preview/Select to Upload Form 2' is clicked on

2018-11-27 16:38:18 - [TEST_STEP][PASSED] - delay: Delayed 2 second(s)

2018-11-27 16:38:20 - [MESSAGE][PASSED] - Delayed 2 second(s)

2018-11-27 16:38:20 - [TEST_STEP][PASSED] - uploadFile: File 'C:\Users\Public\Pictures\Sample Pictures\Koala.jpg' sent to object: 'Object Repository/Final Object Repo/New Registration - Registration Module Pages/Third Screen - Upload Supporting Doc- Preview/Upload File Adding'

2018-11-27 16:38:20 - [MESSAGE][PASSED] - File 'C:\Users\Public\Pictures\Sample Pictures\Koala.jpg' sent to object: 'Object Repository/Final Object Repo/New Registration - Registration Module Pages/Third Screen - Upload Supporting Doc- Preview/Upload File Adding'

2018-11-27 16:38:20 - [TEST_STEP][PASSED] - click: Object: 'Object Repository/Final Object Repo/New Registration - Registration Module Pages/Third Screen - Upload Supporting Doc- Preview/Inner Form Add Document Button' is clicked on

2018-11-27 16:38:20 - [MESSAGE][PASSED] - Object: 'Object Repository/Final Object Repo/New Registration - Registration Module Pages/Third Screen - Upload Supporting Doc- Preview/Inner Form Add Document Button' is clicked on

2018-11-27 16:38:20 - [TEST_STEP][PASSED] - delay: Delayed 5 second(s)

2018-11-27 16:38:25 - [MESSAGE][PASSED] - Delayed 5 second(s)

2018-11-27 16:38:25 - [TEST_STEP][PASSED] - click: Object: 'Object Repository/Final Object Repo/New Registration - Registration Module Pages/Third Screen - Upload Supporting Doc- Preview/Add Document Button' is clicked on

2018-11-27 16:38:25 - [MESSAGE][PASSED] - Object: 'Object Repository/Final Object Repo/New Registration - Registration Module Pages/Third Screen - Upload Supporting Doc- Preview/Add Document Button' is clicked on

2018-11-27 16:38:25 - [TEST_STEP][PASSED] - delay: Delayed 30 second(s)

2018-11-27 16:38:55 - [MESSAGE][PASSED] - Delayed 30 second(s)

2018-11-27 16:38:55 - [TEST_STEP][PASSED] - click: Object: 'Object Repository/Final Object Repo/New Registration - Registration Module Pages/Third Screen - Upload Supporting Doc- Preview/Supporting Doc Please Select Drop Down' is clicked on

2018-11-27 16:38:55 - [MESSAGE][PASSED] - Object: 'Object Repository/Final Object Repo/New Registration - Registration Module Pages/Third Screen - Upload Supporting Doc- Preview/Supporting Doc Please Select Drop Down' is clicked on

2018-11-27 16:38:55 - [TEST_STEP][PASSED] - click: Object: 'Object Repository/Final Object Repo/New Registration - Registration Module Pages/Third Screen - Upload Supporting Doc- Preview/Select to Upload Borang SIP 1' is clicked on

2018-11-27 16:38:56 - [MESSAGE][PASSED] - Object: 'Object Repository/Final Object Repo/New Registration - Registration Module Pages/Third Screen - Upload Supporting Doc- Preview/Select to Upload Borang SIP 1' is clicked on

2018-11-27 16:38:56 - [TEST_STEP][PASSED] - delay: Delayed 2 second(s)

2018-11-27 16:38:58 - [MESSAGE][PASSED] - Delayed 2 second(s)

2018-11-27 16:38:58 - [TEST_STEP][PASSED] - uploadFile: File 'C:\Users\Public\Pictures\Sample Pictures\Koala.jpg' sent to object: 'Object Repository/Final Object Repo/New Registration - Registration Module Pages/Third Screen - Upload Supporting Doc- Preview/Upload File Adding'

2018-11-27 16:38:58 - [MESSAGE][PASSED] - File 'C:\Users\Public\Pictures\Sample Pictures\Koala.jpg' sent to object: 'Object Repository/Final Object Repo/New Registration - Registration Module Pages/Third Screen - Upload Supporting Doc- Preview/Upload File Adding'

2018-11-27 16:38:58 - [TEST_STEP][PASSED] - click: Object: 'Object Repository/Final Object Repo/New Registration - Registration Module Pages/Third Screen - Upload Supporting Doc- Preview/Inner Form Add Document Button' is clicked on

2018-11-27 16:38:58 - [MESSAGE][PASSED] - Object: 'Object Repository/Final Object Repo/New Registration - Registration Module Pages/Third Screen - Upload Supporting Doc- Preview/Inner Form Add Document Button' is clicked on

2018-11-27 16:38:58 - [TEST_STEP][PASSED] - delay: Delayed 5 second(s)

2018-11-27 16:39:03 - [MESSAGE][PASSED] - Delayed 5 second(s)

2018-11-27 16:39:03 - [TEST_STEP][PASSED] - click: Object: 'Object Repository/Final Object Repo/New Registration - Registration Module Pages/Third Screen - Upload Supporting Doc- Preview/Add Document Button' is clicked on

2018-11-27 16:39:03 - [MESSAGE][PASSED] - Object: 'Object Repository/Final Object Repo/New Registration - Registration Module Pages/Third Screen - Upload Supporting Doc- Preview/Add Document Button' is clicked on

2018-11-27 16:39:03 - [TEST_STEP][PASSED] - delay: Delayed 30 second(s)

2018-11-27 16:39:33 - [MESSAGE][PASSED] - Delayed 30 second(s)

2018-11-27 16:39:33 - [TEST_STEP][PASSED] - click: Object: 'Object Repository/Final Object Repo/New Registration - Registration Module Pages/Third Screen - Upload Supporting Doc- Preview/Supporting Doc Please Select Drop Down' is clicked on

2018-11-27 16:39:33 - [MESSAGE][PASSED] - Object: 'Object Repository/Final Object Repo/New Registration - Registration Module Pages/Third Screen - Upload Supporting Doc- Preview/Supporting Doc Please Select Drop Down' is clicked on

2018-11-27 16:39:33 - [TEST_STEP][PASSED] - delay: Delayed 3 second(s)

2018-11-27 16:39:36 - [MESSAGE][PASSED] - Delayed 3 second(s)

2018-11-27 16:39:36 - [TEST_STEP][PASSED] - click: Object: 'Object Repository/Final Object Repo/New Registration - Registration Module Pages/Third Screen - Upload Supporting Doc- Preview/Select to Upload Borang SIP 2' is clicked on

2018-11-27 16:39:37 - [MESSAGE][PASSED] - Object: 'Object Repository/Final Object Repo/New Registration - Registration Module Pages/Third Screen - Upload Supporting Doc- Preview/Select to Upload Borang SIP 2' is clicked on

2018-11-27 16:39:37 - [TEST_STEP][PASSED] - delay: Delayed 2 second(s)

2018-11-27 16:39:39 - [MESSAGE][PASSED] - Delayed 2 second(s)

2018-11-27 16:39:39 - [TEST_STEP][PASSED] - uploadFile: File 'C:\Users\Public\Pictures\Sample Pictures\Koala.jpg' sent to object: 'Object Repository/Final Object Repo/New Registration - Registration Module Pages/Third Screen - Upload Supporting Doc- Preview/Upload File Adding'

2018-11-27 16:39:39 - [MESSAGE][PASSED] - File 'C:\Users\Public\Pictures\Sample Pictures\Koala.jpg' sent to object: 'Object Repository/Final Object Repo/New Registration - Registration Module Pages/Third Screen - Upload Supporting Doc- Preview/Upload File Adding'

2018-11-27 16:39:39 - [TEST_STEP][PASSED] - delay: Delayed 5 second(s)

2018-11-27 16:39:44 - [MESSAGE][PASSED] - Delayed 5 second(s)

2018-11-27 16:39:44 - [TEST_STEP][PASSED] - click: Object: 'Object Repository/Final Object Repo/New Registration - Registration Module Pages/Third Screen - Upload Supporting Doc- Preview/Inner Form Add Document Button' is clicked on

2018-11-27 16:39:44 - [MESSAGE][PASSED] - Object: 'Object Repository/Final Object Repo/New Registration - Registration Module Pages/Third Screen - Upload Supporting Doc- Preview/Inner Form Add Document Button' is clicked on

2018-11-27 16:39:44 - [TEST_STEP][PASSED] - delay: Delayed 3 second(s)

2018-11-27 16:39:47 - [MESSAGE][PASSED] - Delayed 3 second(s)

2018-11-27 16:39:47 - [TEST_STEP][PASSED] - waitForElementClickable: Object 'Object Repository/Final Object Repo/New Registration - Registration Module Pages/Third Screen - Upload Supporting Doc- Preview/Save n Continue in Uploading Supporting Doc Page' is clickable

2018-11-27 16:39:48 - [MESSAGE][PASSED] - Object 'Object Repository/Final Object Repo/New Registration - Registration Module Pages/Third Screen - Upload Supporting Doc- Preview/Save n Continue in Uploading Supporting Doc Page' is clickable

2018-11-27 16:39:48 - [TEST_STEP][PASSED] - click: Object: 'Object Repository/Final Object Repo/New Registration - Registration Module Pages/Third Screen - Upload Supporting Doc- Preview/Save n Continue in Uploading Supporting Doc Page' is clicked on

2018-11-27 16:39:48 - [MESSAGE][PASSED] - Object: 'Object Repository/Final Object Repo/New Registration - Registration Module Pages/Third Screen - Upload Supporting Doc- Preview/Save n Continue in Uploading Supporting Doc Page' is clicked on

2018-11-27 16:39:48 - [MESSAGE][PASSED] - Call Test Case 'Test Cases/Final Aug 2018 - PKS Automation/Registration Module/New Registration/Flow of New Registration/Third Screen - Upload Supporting Doc - Preview' successfully

2018-11-27 16:39:48 - [TEST_STEP][PASSED] - callTestCase: Call Test Case 'Test Cases/Final Aug 2018 - PKS Automation/Registration Module/New Registration/Submit and Screenshot/Submit Registration and Screenshot - Copy' successfully

2018-11-27 16:39:48 - [TEST_CASE][PASSED] - Test Cases/Final Aug 2018 - PKS Automation/Registration Module/New Registration/Submit and Screenshot/Submit Registration and Screenshot - Copy: Test Cases/Final Aug 2018 - PKS Automation/Registration Module/New Registration/Submit and Screenshot/Submit Registration and Screenshot - Copy

2018-11-27 16:39:48 - [TEST_STEP][PASSED] - delay: Delayed 6 second(s)

2018-11-27 16:39:54 - [MESSAGE][PASSED] - Delayed 6 second(s)

2018-11-27 16:39:54 - [TEST_STEP][PASSED] - click: Object: 'Object Repository/Final Object Repo/New Registration - Registration Module Pages/Third Screen - Upload Supporting Doc- Preview/Preview Submit Button' is clicked on

2018-11-27 16:39:54 - [MESSAGE][PASSED] - Object: 'Object Repository/Final Object Repo/New Registration - Registration Module Pages/Third Screen - Upload Supporting Doc- Preview/Preview Submit Button' is clicked on

2018-11-27 16:39:54 - [TEST_STEP][PASSED] - delay: Delayed 2 second(s)

2018-11-27 16:39:56 - [MESSAGE][PASSED] - Delayed 2 second(s)

2018-11-27 16:39:56 - [TEST_STEP][PASSED] - click: Object: 'Object Repository/Final Object Repo/New Registration - Registration Module Pages/Third Screen - Upload Supporting Doc- Preview/Preview Submit - Confirm' is clicked on

2018-11-27 16:39:57 - [MESSAGE][PASSED] - Object: 'Object Repository/Final Object Repo/New Registration - Registration Module Pages/Third Screen - Upload Supporting Doc- Preview/Preview Submit - Confirm' is clicked on

2018-11-27 16:39:57 - [TEST_STEP][PASSED] - delay: Delayed 15 second(s)

2018-11-27 16:40:12 - [MESSAGE][PASSED] - Delayed 15 second(s)

2018-11-27 16:40:12 - [TEST_STEP][PASSED] - Statement - driver = com.kms.katalon.core.webui.driver.DriverFactory.getWebDriver(): null

2018-11-27 16:40:12 - [TEST_STEP][PASSED] - Statement - driver.manage().timeouts().implicitlyWait(10, SECONDS): null

2018-11-27 16:40:12 - [TEST_STEP][PASSED] - Statement - PresavePath = KatalonScreenshots: null

2018-11-27 16:40:12 - [TEST_STEP][PASSED] - Statement - pathPrefix = "C:\Users\Public\Pictures\Sample Pictures\Katalon Screenshots\Automate Ending Screen": null

2018-11-27 16:40:12 - [TEST_STEP][PASSED] - Statement - finalPath = <not implemented yet for class: org.codehaus.groovy.ast.expr.EmptyExpression>: null

2018-11-27 16:40:12 - [TEST_STEP][PASSED] - Statement - scrFile = driver.getScreenshotAs(FILE): null

2018-11-27 16:40:12 - [TEST_STEP][PASSED] - Statement - PreSaveFile = new java.io.File(PresavePath): null

2018-11-27 16:40:12 - [TEST_STEP][PASSED] - Statement - counter = 0: null

2018-11-27 16:40:12 - [TEST_STEP][PASSED] - Statement - If (PreSaveFile.exists()): null

2018-11-27 16:40:12 - [TEST_STEP][PASSED] - Statement - While (PreSaveFile.exists()): null

2018-11-27 16:40:12 - [TEST_STEP][PASSED] - Statement - counter = counter + 1: null

2018-11-27 16:40:12 - [TEST_STEP][PASSED] - Statement - PreSaveFile = new java.io.File(((pathPrefix + java.lang.Integer.toString(counter)) + .png)): null

2018-11-27 16:40:12 - [TEST_STEP][PASSED] - Statement - counter = counter + 1: null

2018-11-27 16:40:12 - [TEST_STEP][PASSED] - Statement - PreSaveFile = new java.io.File(((pathPrefix + java.lang.Integer.toString(counter)) + .png)): null

2018-11-27 16:40:12 - [TEST_STEP][PASSED] - Statement - counter = counter + 1: null

2018-11-27 16:40:12 - [TEST_STEP][PASSED] - Statement - PreSaveFile = new java.io.File(((pathPrefix + java.lang.Integer.toString(counter)) + .png)): null

2018-11-27 16:40:12 - [TEST_STEP][PASSED] - Statement - counter = counter + 1: null

2018-11-27 16:40:12 - [TEST_STEP][PASSED] - Statement - PreSaveFile = new java.io.File(((pathPrefix + java.lang.Integer.toString(counter)) + .png)): null

2018-11-27 16:40:12 - [TEST_STEP][PASSED] - Statement - counter = counter + 1: null

2018-11-27 16:40:12 - [TEST_STEP][PASSED] - Statement - PreSaveFile = new java.io.File(((pathPrefix + java.lang.Integer.toString(counter)) + .png)): null

2018-11-27 16:40:12 - [TEST_STEP][PASSED] - Statement - counter = counter + 1: null

2018-11-27 16:40:12 - [TEST_STEP][PASSED] - Statement - PreSaveFile = new java.io.File(((pathPrefix + java.lang.Integer.toString(counter)) + .png)): null

2018-11-27 16:40:12 - [TEST_STEP][PASSED] - Statement - counter = counter + 1: null

2018-11-27 16:40:12 - [TEST_STEP][PASSED] - Statement - PreSaveFile = new java.io.File(((pathPrefix + java.lang.Integer.toString(counter)) + .png)): null

2018-11-27 16:40:12 - [TEST_STEP][PASSED] - Statement - counter = counter + 1: null

2018-11-27 16:40:12 - [TEST_STEP][PASSED] - Statement - PreSaveFile = new java.io.File(((pathPrefix + java.lang.Integer.toString(counter)) + .png)): null

2018-11-27 16:40:12 - [TEST_STEP][PASSED] - Statement - counter = counter + 1: null

2018-11-27 16:40:12 - [TEST_STEP][PASSED] - Statement - PreSaveFile = new java.io.File(((pathPrefix + java.lang.Integer.toString(counter)) + .png)): null

2018-11-27 16:40:12 - [TEST_STEP][PASSED] - Statement - counter = counter + 1: null

2018-11-27 16:40:12 - [TEST_STEP][PASSED] - Statement - PreSaveFile = new java.io.File(((pathPrefix + java.lang.Integer.toString(counter)) + .png)): null

2018-11-27 16:40:12 - [TEST_STEP][PASSED] - Statement - counter = counter + 1: null

2018-11-27 16:40:12 - [TEST_STEP][PASSED] - Statement - PreSaveFile = new java.io.File(((pathPrefix + java.lang.Integer.toString(counter)) + .png)): null

2018-11-27 16:40:12 - [TEST_STEP][PASSED] - Statement - counter = counter + 1: null

2018-11-27 16:40:12 - [TEST_STEP][PASSED] - Statement - PreSaveFile = new java.io.File(((pathPrefix + java.lang.Integer.toString(counter)) + .png)): null

2018-11-27 16:40:12 - [TEST_STEP][PASSED] - Statement - counter = counter + 1: null

2018-11-27 16:40:12 - [TEST_STEP][PASSED] - Statement - PreSaveFile = new java.io.File(((pathPrefix + java.lang.Integer.toString(counter)) + .png)): null

2018-11-27 16:40:12 - [TEST_STEP][PASSED] - Statement - counter = counter + 1: null

2018-11-27 16:40:12 - [TEST_STEP][PASSED] - Statement - PreSaveFile = new java.io.File(((pathPrefix + java.lang.Integer.toString(counter)) + .png)): null

2018-11-27 16:40:12 - [TEST_STEP][PASSED] - Statement - counter = counter + 1: null

2018-11-27 16:40:12 - [TEST_STEP][PASSED] - Statement - PreSaveFile = new java.io.File(((pathPrefix + java.lang.Integer.toString(counter)) + .png)): null

2018-11-27 16:40:12 - [TEST_STEP][PASSED] - Statement - counter = counter + 1: null

2018-11-27 16:40:12 - [TEST_STEP][PASSED] - Statement - PreSaveFile = new java.io.File(((pathPrefix + java.lang.Integer.toString(counter)) + .png)): null

2018-11-27 16:40:12 - [TEST_STEP][PASSED] - Statement - counter = counter + 1: null

2018-11-27 16:40:12 - [TEST_STEP][PASSED] - Statement - PreSaveFile = new java.io.File(((pathPrefix + java.lang.Integer.toString(counter)) + .png)): null

2018-11-27 16:40:12 - [TEST_STEP][PASSED] - Statement - counter = counter + 1: null

2018-11-27 16:40:12 - [TEST_STEP][PASSED] - Statement - PreSaveFile = new java.io.File(((pathPrefix + java.lang.Integer.toString(counter)) + .png)): null

2018-11-27 16:40:12 - [TEST_STEP][PASSED] - Statement - counter = counter + 1: null

2018-11-27 16:40:12 - [TEST_STEP][PASSED] - Statement - PreSaveFile = new java.io.File(((pathPrefix + java.lang.Integer.toString(counter)) + .png)): null

2018-11-27 16:40:12 - [TEST_STEP][PASSED] - Statement - counter = counter + 1: null

2018-11-27 16:40:12 - [TEST_STEP][PASSED] - Statement - PreSaveFile = new java.io.File(((pathPrefix + java.lang.Integer.toString(counter)) + .png)): null

2018-11-27 16:40:12 - [TEST_STEP][PASSED] - Statement - counter = counter + 1: null

2018-11-27 16:40:12 - [TEST_STEP][PASSED] - Statement - PreSaveFile = new java.io.File(((pathPrefix + java.lang.Integer.toString(counter)) + .png)): null

2018-11-27 16:40:12 - [TEST_STEP][PASSED] - Statement - counter = counter + 1: null

2018-11-27 16:40:12 - [TEST_STEP][PASSED] - Statement - PreSaveFile = new java.io.File(((pathPrefix + java.lang.Integer.toString(counter)) + .png)): null

2018-11-27 16:40:12 - [TEST_STEP][PASSED] - Statement - counter = counter + 1: null

2018-11-27 16:40:12 - [TEST_STEP][PASSED] - Statement - PreSaveFile = new java.io.File(((pathPrefix + java.lang.Integer.toString(counter)) + .png)): null

2018-11-27 16:40:12 - [TEST_STEP][PASSED] - Statement - counter = counter + 1: null

2018-11-27 16:40:12 - [TEST_STEP][PASSED] - Statement - PreSaveFile = new java.io.File(((pathPrefix + java.lang.Integer.toString(counter)) + .png)): null

2018-11-27 16:40:12 - [TEST_STEP][PASSED] - Statement - counter = counter + 1: null

2018-11-27 16:40:12 - [TEST_STEP][PASSED] - Statement - PreSaveFile = new java.io.File(((pathPrefix + java.lang.Integer.toString(counter)) + .png)): null

2018-11-27 16:40:12 - [TEST_STEP][PASSED] - Statement - counter = counter + 1: null

2018-11-27 16:40:12 - [TEST_STEP][PASSED] - Statement - PreSaveFile = new java.io.File(((pathPrefix + java.lang.Integer.toString(counter)) + .png)): null

2018-11-27 16:40:12 - [TEST_STEP][PASSED] - Statement - counter = counter + 1: null

2018-11-27 16:40:12 - [TEST_STEP][PASSED] - Statement - PreSaveFile = new java.io.File(((pathPrefix + java.lang.Integer.toString(counter)) + .png)): null

2018-11-27 16:40:12 - [TEST_STEP][PASSED] - Statement - counter = counter + 1: null

2018-11-27 16:40:12 - [TEST_STEP][PASSED] - Statement - PreSaveFile = new java.io.File(((pathPrefix + java.lang.Integer.toString(counter)) + .png)): null

2018-11-27 16:40:12 - [TEST_STEP][PASSED] - Statement - counter = counter + 1: null

2018-11-27 16:40:12 - [TEST_STEP][PASSED] - Statement - PreSaveFile = new java.io.File(((pathPrefix + java.lang.Integer.toString(counter)) + .png)): null

2018-11-27 16:40:12 - [TEST_STEP][PASSED] - Statement - counter = counter + 1: null

2018-11-27 16:40:12 - [TEST_STEP][PASSED] - Statement - PreSaveFile = new java.io.File(((pathPrefix + java.lang.Integer.toString(counter)) + .png)): null

2018-11-27 16:40:12 - [TEST_STEP][PASSED] - Statement - counter = counter + 1: null

2018-11-27 16:40:12 - [TEST_STEP][PASSED] - Statement - PreSaveFile = new java.io.File(((pathPrefix + java.lang.Integer.toString(counter)) + .png)): null

2018-11-27 16:40:12 - [TEST_STEP][PASSED] - Statement - counter = counter + 1: null

2018-11-27 16:40:12 - [TEST_STEP][PASSED] - Statement - PreSaveFile = new java.io.File(((pathPrefix + java.lang.Integer.toString(counter)) + .png)): null

2018-11-27 16:40:12 - [TEST_STEP][PASSED] - Statement - counter = counter + 1: null

2018-11-27 16:40:12 - [TEST_STEP][PASSED] - Statement - PreSaveFile = new java.io.File(((pathPrefix + java.lang.Integer.toString(counter)) + .png)): null

2018-11-27 16:40:12 - [TEST_STEP][PASSED] - Statement - counter = counter + 1: null

2018-11-27 16:40:12 - [TEST_STEP][PASSED] - Statement - PreSaveFile = new java.io.File(((pathPrefix + java.lang.Integer.toString(counter)) + .png)): null

2018-11-27 16:40:12 - [TEST_STEP][PASSED] - Statement - counter = counter + 1: null

2018-11-27 16:40:12 - [TEST_STEP][PASSED] - Statement - PreSaveFile = new java.io.File(((pathPrefix + java.lang.Integer.toString(counter)) + .png)): null

2018-11-27 16:40:12 - [TEST_STEP][PASSED] - Statement - counter = counter + 1: null

2018-11-27 16:40:12 - [TEST_STEP][PASSED] - Statement - PreSaveFile = new java.io.File(((pathPrefix + java.lang.Integer.toString(counter)) + .png)): null

2018-11-27 16:40:12 - [TEST_STEP][PASSED] - Statement - counter = counter + 1: null

2018-11-27 16:40:12 - [TEST_STEP][PASSED] - Statement - PreSaveFile = new java.io.File(((pathPrefix + java.lang.Integer.toString(counter)) + .png)): null

2018-11-27 16:40:12 - [TEST_STEP][PASSED] - Statement - counter = counter + 1: null

2018-11-27 16:40:12 - [TEST_STEP][PASSED] - Statement - PreSaveFile = new java.io.File(((pathPrefix + java.lang.Integer.toString(counter)) + .png)): null

2018-11-27 16:40:12 - [TEST_STEP][PASSED] - Statement - counter = counter + 1: null

2018-11-27 16:40:12 - [TEST_STEP][PASSED] - Statement - PreSaveFile = new java.io.File(((pathPrefix + java.lang.Integer.toString(counter)) + .png)): null

2018-11-27 16:40:12 - [TEST_STEP][PASSED] - Statement - counter = counter + 1: null

2018-11-27 16:40:12 - [TEST_STEP][PASSED] - Statement - PreSaveFile = new java.io.File(((pathPrefix + java.lang.Integer.toString(counter)) + .png)): null

2018-11-27 16:40:12 - [TEST_STEP][PASSED] - Statement - counter = counter + 1: null

2018-11-27 16:40:12 - [TEST_STEP][PASSED] - Statement - PreSaveFile = new java.io.File(((pathPrefix + java.lang.Integer.toString(counter)) + .png)): null

2018-11-27 16:40:12 - [TEST_STEP][PASSED] - Statement - counter = counter + 1: null

2018-11-27 16:40:12 - [TEST_STEP][PASSED] - Statement - PreSaveFile = new java.io.File(((pathPrefix + java.lang.Integer.toString(counter)) + .png)): null

2018-11-27 16:40:12 - [TEST_STEP][PASSED] - Statement - counter = counter + 1: null

2018-11-27 16:40:12 - [TEST_STEP][PASSED] - Statement - PreSaveFile = new java.io.File(((pathPrefix + java.lang.Integer.toString(counter)) + .png)): null

2018-11-27 16:40:12 - [TEST_STEP][PASSED] - Statement - counter = counter + 1: null

2018-11-27 16:40:12 - [TEST_STEP][PASSED] - Statement - PreSaveFile = new java.io.File(((pathPrefix + java.lang.Integer.toString(counter)) + .png)): null

2018-11-27 16:40:12 - [TEST_STEP][PASSED] - Statement - counter = counter + 1: null

2018-11-27 16:40:12 - [TEST_STEP][PASSED] - Statement - PreSaveFile = new java.io.File(((pathPrefix + java.lang.Integer.toString(counter)) + .png)): null

2018-11-27 16:40:12 - [TEST_STEP][PASSED] - Statement - counter = counter + 1: null

2018-11-27 16:40:12 - [TEST_STEP][PASSED] - Statement - PreSaveFile = new java.io.File(((pathPrefix + java.lang.Integer.toString(counter)) + .png)): null

2018-11-27 16:40:12 - [TEST_STEP][PASSED] - Statement - counter = counter + 1: null

2018-11-27 16:40:12 - [TEST_STEP][PASSED] - Statement - PreSaveFile = new java.io.File(((pathPrefix + java.lang.Integer.toString(counter)) + .png)): null

2018-11-27 16:40:12 - [TEST_STEP][PASSED] - Statement - counter = counter + 1: null

2018-11-27 16:40:12 - [TEST_STEP][PASSED] - Statement - PreSaveFile = new java.io.File(((pathPrefix + java.lang.Integer.toString(counter)) + .png)): null

2018-11-27 16:40:12 - [TEST_STEP][PASSED] - Statement - counter = counter + 1: null

2018-11-27 16:40:12 - [TEST_STEP][PASSED] - Statement - PreSaveFile = new java.io.File(((pathPrefix + java.lang.Integer.toString(counter)) + .png)): null

2018-11-27 16:40:12 - [TEST_STEP][PASSED] - Statement - counter = counter + 1: null

2018-11-27 16:40:12 - [TEST_STEP][PASSED] - Statement - PreSaveFile = new java.io.File(((pathPrefix + java.lang.Integer.toString(counter)) + .png)): null

2018-11-27 16:40:12 - [TEST_STEP][PASSED] - Statement - counter = counter + 1: null

2018-11-27 16:40:12 - [TEST_STEP][PASSED] - Statement - PreSaveFile = new java.io.File(((pathPrefix + java.lang.Integer.toString(counter)) + .png)): null

2018-11-27 16:40:12 - [TEST_STEP][PASSED] - Statement - counter = counter + 1: null

2018-11-27 16:40:12 - [TEST_STEP][PASSED] - Statement - PreSaveFile = new java.io.File(((pathPrefix + java.lang.Integer.toString(counter)) + .png)): null

2018-11-27 16:40:12 - [TEST_STEP][PASSED] - Statement - counter = counter + 1: null

2018-11-27 16:40:12 - [TEST_STEP][PASSED] - Statement - PreSaveFile = new java.io.File(((pathPrefix + java.lang.Integer.toString(counter)) + .png)): null

2018-11-27 16:40:12 - [TEST_STEP][PASSED] - Statement - counter = counter + 1: null

2018-11-27 16:40:12 - [TEST_STEP][PASSED] - Statement - PreSaveFile = new java.io.File(((pathPrefix + java.lang.Integer.toString(counter)) + .png)): null

2018-11-27 16:40:12 - [TEST_STEP][PASSED] - Statement - counter = counter + 1: null

2018-11-27 16:40:12 - [TEST_STEP][PASSED] - Statement - PreSaveFile = new java.io.File(((pathPrefix + java.lang.Integer.toString(counter)) + .png)): null

2018-11-27 16:40:12 - [TEST_STEP][PASSED] - Statement - counter = counter + 1: null

2018-11-27 16:40:12 - [TEST_STEP][PASSED] - Statement - PreSaveFile = new java.io.File(((pathPrefix + java.lang.Integer.toString(counter)) + .png)): null

2018-11-27 16:40:12 - [TEST_STEP][PASSED] - Statement - counter = counter + 1: null

2018-11-27 16:40:12 - [TEST_STEP][PASSED] - Statement - PreSaveFile = new java.io.File(((pathPrefix + java.lang.Integer.toString(counter)) + .png)): null

2018-11-27 16:40:12 - [TEST_STEP][PASSED] - Statement - counter = counter + 1: null

2018-11-27 16:40:12 - [TEST_STEP][PASSED] - Statement - PreSaveFile = new java.io.File(((pathPrefix + java.lang.Integer.toString(counter)) + .png)): null

2018-11-27 16:40:12 - [TEST_STEP][PASSED] - Statement - counter = counter + 1: null

2018-11-27 16:40:12 - [TEST_STEP][PASSED] - Statement - PreSaveFile = new java.io.File(((pathPrefix + java.lang.Integer.toString(counter)) + .png)): null

2018-11-27 16:40:12 - [TEST_STEP][PASSED] - Statement - counter = counter + 1: null

2018-11-27 16:40:12 - [TEST_STEP][PASSED] - Statement - PreSaveFile = new java.io.File(((pathPrefix + java.lang.Integer.toString(counter)) + .png)): null

2018-11-27 16:40:12 - [TEST_STEP][PASSED] - Statement - counter = counter + 1: null

2018-11-27 16:40:12 - [TEST_STEP][PASSED] - Statement - PreSaveFile = new java.io.File(((pathPrefix + java.lang.Integer.toString(counter)) + .png)): null

2018-11-27 16:40:12 - [TEST_STEP][PASSED] - Statement - counter = counter + 1: null

2018-11-27 16:40:12 - [TEST_STEP][PASSED] - Statement - PreSaveFile = new java.io.File(((pathPrefix + java.lang.Integer.toString(counter)) + .png)): null

2018-11-27 16:40:12 - [TEST_STEP][PASSED] - Statement - counter = counter + 1: null

2018-11-27 16:40:12 - [TEST_STEP][PASSED] - Statement - PreSaveFile = new java.io.File(((pathPrefix + java.lang.Integer.toString(counter)) + .png)): null

2018-11-27 16:40:12 - [TEST_STEP][PASSED] - Statement - counter = counter + 1: null

2018-11-27 16:40:12 - [TEST_STEP][PASSED] - Statement - PreSaveFile = new java.io.File(((pathPrefix + java.lang.Integer.toString(counter)) + .png)): null

2018-11-27 16:40:12 - [TEST_STEP][PASSED] - Statement - counter = counter + 1: null

2018-11-27 16:40:12 - [TEST_STEP][PASSED] - Statement - PreSaveFile = new java.io.File(((pathPrefix + java.lang.Integer.toString(counter)) + .png)): null

2018-11-27 16:40:12 - [TEST_STEP][PASSED] - Statement - counter = counter + 1: null

2018-11-27 16:40:12 - [TEST_STEP][PASSED] - Statement - PreSaveFile = new java.io.File(((pathPrefix + java.lang.Integer.toString(counter)) + .png)): null

2018-11-27 16:40:12 - [TEST_STEP][PASSED] - Statement - counter = counter + 1: null

2018-11-27 16:40:12 - [TEST_STEP][PASSED] - Statement - PreSaveFile = new java.io.File(((pathPrefix + java.lang.Integer.toString(counter)) + .png)): null

2018-11-27 16:40:12 - [TEST_STEP][PASSED] - Statement - counter = counter + 1: null

2018-11-27 16:40:12 - [TEST_STEP][PASSED] - Statement - PreSaveFile = new java.io.File(((pathPrefix + java.lang.Integer.toString(counter)) + .png)): null

2018-11-27 16:40:12 - [TEST_STEP][PASSED] - Statement - counter = counter + 1: null

2018-11-27 16:40:12 - [TEST_STEP][PASSED] - Statement - PreSaveFile = new java.io.File(((pathPrefix + java.lang.Integer.toString(counter)) + .png)): null

2018-11-27 16:40:12 - [TEST_STEP][PASSED] - Statement - counter = counter + 1: null

2018-11-27 16:40:12 - [TEST_STEP][PASSED] - Statement - PreSaveFile = new java.io.File(((pathPrefix + java.lang.Integer.toString(counter)) + .png)): null

2018-11-27 16:40:12 - [TEST_STEP][PASSED] - Statement - counter = counter + 1: null

2018-11-27 16:40:12 - [TEST_STEP][PASSED] - Statement - PreSaveFile = new java.io.File(((pathPrefix + java.lang.Integer.toString(counter)) + .png)): null

2018-11-27 16:40:12 - [TEST_STEP][PASSED] - Statement - counter = counter + 1: null

2018-11-27 16:40:12 - [TEST_STEP][PASSED] - Statement - PreSaveFile = new java.io.File(((pathPrefix + java.lang.Integer.toString(counter)) + .png)): null

2018-11-27 16:40:12 - [TEST_STEP][PASSED] - Statement - counter = counter + 1: null

2018-11-27 16:40:12 - [TEST_STEP][PASSED] - Statement - PreSaveFile = new java.io.File(((pathPrefix + java.lang.Integer.toString(counter)) + .png)): null

2018-11-27 16:40:12 - [TEST_STEP][PASSED] - Statement - counter = counter + 1: null

2018-11-27 16:40:12 - [TEST_STEP][PASSED] - Statement - PreSaveFile = new java.io.File(((pathPrefix + java.lang.Integer.toString(counter)) + .png)): null

2018-11-27 16:40:12 - [TEST_STEP][PASSED] - Statement - counter = counter + 1: null

2018-11-27 16:40:12 - [TEST_STEP][PASSED] - Statement - PreSaveFile = new java.io.File(((pathPrefix + java.lang.Integer.toString(counter)) + .png)): null

2018-11-27 16:40:12 - [TEST_STEP][PASSED] - Statement - counter = counter + 1: null

2018-11-27 16:40:12 - [TEST_STEP][PASSED] - Statement - PreSaveFile = new java.io.File(((pathPrefix + java.lang.Integer.toString(counter)) + .png)): null

2018-11-27 16:40:12 - [TEST_STEP][PASSED] - Statement - counter = counter + 1: null

2018-11-27 16:40:12 - [TEST_STEP][PASSED] - Statement - PreSaveFile = new java.io.File(((pathPrefix + java.lang.Integer.toString(counter)) + .png)): null

2018-11-27 16:40:12 - [TEST_STEP][PASSED] - Statement - counter = counter + 1: null

2018-11-27 16:40:12 - [TEST_STEP][PASSED] - Statement - PreSaveFile = new java.io.File(((pathPrefix + java.lang.Integer.toString(counter)) + .png)): null

2018-11-27 16:40:12 - [TEST_STEP][PASSED] - Statement - counter = counter + 1: null

2018-11-27 16:40:12 - [TEST_STEP][PASSED] - Statement - PreSaveFile = new java.io.File(((pathPrefix + java.lang.Integer.toString(counter)) + .png)): null

2018-11-27 16:40:12 - [TEST_STEP][PASSED] - Statement - counter = counter + 1: null

2018-11-27 16:40:12 - [TEST_STEP][PASSED] - Statement - PreSaveFile = new java.io.File(((pathPrefix + java.lang.Integer.toString(counter)) + .png)): null

2018-11-27 16:40:12 - [TEST_STEP][PASSED] - Statement - counter = counter + 1: null

2018-11-27 16:40:12 - [TEST_STEP][PASSED] - Statement - PreSaveFile = new java.io.File(((pathPrefix + java.lang.Integer.toString(counter)) + .png)): null

2018-11-27 16:40:12 - [TEST_STEP][PASSED] - Statement - counter = counter + 1: null

2018-11-27 16:40:12 - [TEST_STEP][PASSED] - Statement - PreSaveFile = new java.io.File(((pathPrefix + java.lang.Integer.toString(counter)) + .png)): null

2018-11-27 16:40:12 - [TEST_STEP][PASSED] - Statement - counter = counter + 1: null

2018-11-27 16:40:12 - [TEST_STEP][PASSED] - Statement - PreSaveFile = new java.io.File(((pathPrefix + java.lang.Integer.toString(counter)) + .png)): null

2018-11-27 16:40:12 - [TEST_STEP][PASSED] - Statement - counter = counter + 1: null

2018-11-27 16:40:12 - [TEST_STEP][PASSED] - Statement - PreSaveFile = new java.io.File(((pathPrefix + java.lang.Integer.toString(counter)) + .png)): null

2018-11-27 16:40:12 - [TEST_STEP][PASSED] - Statement - counter = counter + 1: null

2018-11-27 16:40:12 - [TEST_STEP][PASSED] - Statement - PreSaveFile = new java.io.File(((pathPrefix + java.lang.Integer.toString(counter)) + .png)): null

2018-11-27 16:40:12 - [TEST_STEP][PASSED] - Statement - counter = counter + 1: null

2018-11-27 16:40:12 - [TEST_STEP][PASSED] - Statement - PreSaveFile = new java.io.File(((pathPrefix + java.lang.Integer.toString(counter)) + .png)): null

2018-11-27 16:40:12 - [TEST_STEP][PASSED] - Statement - counter = counter + 1: null

2018-11-27 16:40:12 - [TEST_STEP][PASSED] - Statement - PreSaveFile = new java.io.File(((pathPrefix + java.lang.Integer.toString(counter)) + .png)): null

2018-11-27 16:40:12 - [TEST_STEP][PASSED] - Statement - counter = counter + 1: null

2018-11-27 16:40:12 - [TEST_STEP][PASSED] - Statement - PreSaveFile = new java.io.File(((pathPrefix + java.lang.Integer.toString(counter)) + .png)): null

2018-11-27 16:40:12 - [TEST_STEP][PASSED] - Statement - counter = counter + 1: null

2018-11-27 16:40:12 - [TEST_STEP][PASSED] - Statement - PreSaveFile = new java.io.File(((pathPrefix + java.lang.Integer.toString(counter)) + .png)): null

2018-11-27 16:40:12 - [TEST_STEP][PASSED] - Statement - counter = counter + 1: null

2018-11-27 16:40:12 - [TEST_STEP][PASSED] - Statement - PreSaveFile = new java.io.File(((pathPrefix + java.lang.Integer.toString(counter)) + .png)): null

2018-11-27 16:40:12 - [TEST_STEP][PASSED] - Statement - counter = counter + 1: null

2018-11-27 16:40:12 - [TEST_STEP][PASSED] - Statement - PreSaveFile = new java.io.File(((pathPrefix + java.lang.Integer.toString(counter)) + .png)): null

2018-11-27 16:40:12 - [TEST_STEP][PASSED] - Statement - counter = counter + 1: null

2018-11-27 16:40:12 - [TEST_STEP][PASSED] - Statement - PreSaveFile = new java.io.File(((pathPrefix + java.lang.Integer.toString(counter)) + .png)): null

2018-11-27 16:40:12 - [TEST_STEP][PASSED] - Statement - counter = counter + 1: null

2018-11-27 16:40:12 - [TEST_STEP][PASSED] - Statement - PreSaveFile = new java.io.File(((pathPrefix + java.lang.Integer.toString(counter)) + .png)): null

2018-11-27 16:40:12 - [TEST_STEP][PASSED] - Statement - counter = counter + 1: null

2018-11-27 16:40:12 - [TEST_STEP][PASSED] - Statement - PreSaveFile = new java.io.File(((pathPrefix + java.lang.Integer.toString(counter)) + .png)): null

2018-11-27 16:40:12 - [TEST_STEP][PASSED] - Statement - counter = counter + 1: null

2018-11-27 16:40:12 - [TEST_STEP][PASSED] - Statement - PreSaveFile = new java.io.File(((pathPrefix + java.lang.Integer.toString(counter)) + .png)): null

2018-11-27 16:40:12 - [TEST_STEP][PASSED] - Statement - counter = counter + 1: null

2018-11-27 16:40:12 - [TEST_STEP][PASSED] - Statement - PreSaveFile = new java.io.File(((pathPrefix + java.lang.Integer.toString(counter)) + .png)): null

2018-11-27 16:40:12 - [TEST_STEP][PASSED] - Statement - counter = counter + 1: null

2018-11-27 16:40:12 - [TEST_STEP][PASSED] - Statement - PreSaveFile = new java.io.File(((pathPrefix + java.lang.Integer.toString(counter)) + .png)): null

2018-11-27 16:40:12 - [TEST_STEP][PASSED] - Statement - counter = counter + 1: null

2018-11-27 16:40:12 - [TEST_STEP][PASSED] - Statement - PreSaveFile = new java.io.File(((pathPrefix + java.lang.Integer.toString(counter)) + .png)): null

2018-11-27 16:40:12 - [TEST_STEP][PASSED] - Statement - counter = counter + 1: null

2018-11-27 16:40:12 - [TEST_STEP][PASSED] - Statement - PreSaveFile = new java.io.File(((pathPrefix + java.lang.Integer.toString(counter)) + .png)): null

2018-11-27 16:40:12 - [TEST_STEP][PASSED] - Statement - counter = counter + 1: null

2018-11-27 16:40:12 - [TEST_STEP][PASSED] - Statement - PreSaveFile = new java.io.File(((pathPrefix + java.lang.Integer.toString(counter)) + .png)): null

2018-11-27 16:40:12 - [TEST_STEP][PASSED] - Statement - counter = counter + 1: null

2018-11-27 16:40:12 - [TEST_STEP][PASSED] - Statement - PreSaveFile = new java.io.File(((pathPrefix + java.lang.Integer.toString(counter)) + .png)): null

2018-11-27 16:40:12 - [TEST_STEP][PASSED] - Statement - counter = counter + 1: null

2018-11-27 16:40:12 - [TEST_STEP][PASSED] - Statement - PreSaveFile = new java.io.File(((pathPrefix + java.lang.Integer.toString(counter)) + .png)): null

2018-11-27 16:40:12 - [TEST_STEP][PASSED] - Statement - counter = counter + 1: null

2018-11-27 16:40:12 - [TEST_STEP][PASSED] - Statement - PreSaveFile = new java.io.File(((pathPrefix + java.lang.Integer.toString(counter)) + .png)): null

2018-11-27 16:40:12 - [TEST_STEP][PASSED] - Statement - counter = counter + 1: null

2018-11-27 16:40:12 - [TEST_STEP][PASSED] - Statement - PreSaveFile = new java.io.File(((pathPrefix + java.lang.Integer.toString(counter)) + .png)): null

2018-11-27 16:40:12 - [TEST_STEP][PASSED] - Statement - counter = counter + 1: null

2018-11-27 16:40:12 - [TEST_STEP][PASSED] - Statement - PreSaveFile = new java.io.File(((pathPrefix + java.lang.Integer.toString(counter)) + .png)): null

2018-11-27 16:40:12 - [TEST_STEP][PASSED] - Statement - counter = counter + 1: null

2018-11-27 16:40:12 - [TEST_STEP][PASSED] - Statement - PreSaveFile = new java.io.File(((pathPrefix + java.lang.Integer.toString(counter)) + .png)): null

2018-11-27 16:40:12 - [TEST_STEP][PASSED] - Statement - counter = counter + 1: null

2018-11-27 16:40:12 - [TEST_STEP][PASSED] - Statement - PreSaveFile = new java.io.File(((pathPrefix + java.lang.Integer.toString(counter)) + .png)): null

2018-11-27 16:40:12 - [TEST_STEP][PASSED] - Statement - counter = counter + 1: null

2018-11-27 16:40:12 - [TEST_STEP][PASSED] - Statement - PreSaveFile = new java.io.File(((pathPrefix + java.lang.Integer.toString(counter)) + .png)): null

2018-11-27 16:40:12 - [TEST_STEP][PASSED] - Statement - counter = counter + 1: null

2018-11-27 16:40:12 - [TEST_STEP][PASSED] - Statement - PreSaveFile = new java.io.File(((pathPrefix + java.lang.Integer.toString(counter)) + .png)): null

2018-11-27 16:40:12 - [TEST_STEP][PASSED] - Statement - counter = counter + 1: null

2018-11-27 16:40:12 - [TEST_STEP][PASSED] - Statement - PreSaveFile = new java.io.File(((pathPrefix + java.lang.Integer.toString(counter)) + .png)): null

2018-11-27 16:40:12 - [TEST_STEP][PASSED] - Statement - counter = counter + 1: null

2018-11-27 16:40:12 - [TEST_STEP][PASSED] - Statement - PreSaveFile = new java.io.File(((pathPrefix + java.lang.Integer.toString(counter)) + .png)): null

2018-11-27 16:40:12 - [TEST_STEP][PASSED] - Statement - counter = counter + 1: null

2018-11-27 16:40:12 - [TEST_STEP][PASSED] - Statement - PreSaveFile = new java.io.File(((pathPrefix + java.lang.Integer.toString(counter)) + .png)): null

2018-11-27 16:40:12 - [TEST_STEP][PASSED] - Statement - counter = counter + 1: null

2018-11-27 16:40:12 - [TEST_STEP][PASSED] - Statement - PreSaveFile = new java.io.File(((pathPrefix + java.lang.Integer.toString(counter)) + .png)): null

2018-11-27 16:40:12 - [TEST_STEP][PASSED] - Statement - counter = counter + 1: null

2018-11-27 16:40:12 - [TEST_STEP][PASSED] - Statement - PreSaveFile = new java.io.File(((pathPrefix + java.lang.Integer.toString(counter)) + .png)): null

2018-11-27 16:40:12 - [TEST_STEP][PASSED] - Statement - counter = counter + 1: null

2018-11-27 16:40:12 - [TEST_STEP][PASSED] - Statement - PreSaveFile = new java.io.File(((pathPrefix + java.lang.Integer.toString(counter)) + .png)): null

2018-11-27 16:40:12 - [TEST_STEP][PASSED] - Statement - counter = counter + 1: null

2018-11-27 16:40:12 - [TEST_STEP][PASSED] - Statement - PreSaveFile = new java.io.File(((pathPrefix + java.lang.Integer.toString(counter)) + .png)): null

2018-11-27 16:40:12 - [TEST_STEP][PASSED] - Statement - counter = counter + 1: null

2018-11-27 16:40:12 - [TEST_STEP][PASSED] - Statement - PreSaveFile = new java.io.File(((pathPrefix + java.lang.Integer.toString(counter)) + .png)): null

2018-11-27 16:40:12 - [TEST_STEP][PASSED] - Statement - counter = counter + 1: null

2018-11-27 16:40:12 - [TEST_STEP][PASSED] - Statement - PreSaveFile = new java.io.File(((pathPrefix + java.lang.Integer.toString(counter)) + .png)): null

2018-11-27 16:40:12 - [TEST_STEP][PASSED] - Statement - counter = counter + 1: null

2018-11-27 16:40:12 - [TEST_STEP][PASSED] - Statement - PreSaveFile = new java.io.File(((pathPrefix + java.lang.Integer.toString(counter)) + .png)): null

2018-11-27 16:40:12 - [TEST_STEP][PASSED] - Statement - counter = counter + 1: null

2018-11-27 16:40:12 - [TEST_STEP][PASSED] - Statement - PreSaveFile = new java.io.File(((pathPrefix + java.lang.Integer.toString(counter)) + .png)): null

2018-11-27 16:40:12 - [TEST_STEP][PASSED] - Statement - counter = counter + 1: null

2018-11-27 16:40:12 - [TEST_STEP][PASSED] - Statement - PreSaveFile = new java.io.File(((pathPrefix + java.lang.Integer.toString(counter)) + .png)): null

2018-11-27 16:40:12 - [TEST_STEP][PASSED] - Statement - counter = counter + 1: null

2018-11-27 16:40:12 - [TEST_STEP][PASSED] - Statement - PreSaveFile = new java.io.File(((pathPrefix + java.lang.Integer.toString(counter)) + .png)): null

2018-11-27 16:40:12 - [TEST_STEP][PASSED] - Statement - counter = counter + 1: null

2018-11-27 16:40:12 - [TEST_STEP][PASSED] - Statement - PreSaveFile = new java.io.File(((pathPrefix + java.lang.Integer.toString(counter)) + .png)): null

2018-11-27 16:40:12 - [TEST_STEP][PASSED] - Statement - counter = counter + 1: null

2018-11-27 16:40:12 - [TEST_STEP][PASSED] - Statement - PreSaveFile = new java.io.File(((pathPrefix + java.lang.Integer.toString(counter)) + .png)): null

2018-11-27 16:40:12 - [TEST_STEP][PASSED] - Statement - counter = counter + 1: null

2018-11-27 16:40:12 - [TEST_STEP][PASSED] - Statement - PreSaveFile = new java.io.File(((pathPrefix + java.lang.Integer.toString(counter)) + .png)): null

2018-11-27 16:40:12 - [TEST_STEP][PASSED] - Statement - counter = counter + 1: null

2018-11-27 16:40:12 - [TEST_STEP][PASSED] - Statement - PreSaveFile = new java.io.File(((pathPrefix + java.lang.Integer.toString(counter)) + .png)): null

2018-11-27 16:40:12 - [TEST_STEP][PASSED] - Statement - counter = counter + 1: null

2018-11-27 16:40:12 - [TEST_STEP][PASSED] - Statement - PreSaveFile = new java.io.File(((pathPrefix + java.lang.Integer.toString(counter)) + .png)): null

2018-11-27 16:40:12 - [TEST_STEP][PASSED] - Statement - counter = counter + 1: null

2018-11-27 16:40:12 - [TEST_STEP][PASSED] - Statement - PreSaveFile = new java.io.File(((pathPrefix + java.lang.Integer.toString(counter)) + .png)): null

2018-11-27 16:40:12 - [TEST_STEP][PASSED] - Statement - counter = counter + 1: null

2018-11-27 16:40:12 - [TEST_STEP][PASSED] - Statement - PreSaveFile = new java.io.File(((pathPrefix + java.lang.Integer.toString(counter)) + .png)): null

2018-11-27 16:40:12 - [TEST_STEP][PASSED] - Statement - counter = counter + 1: null

2018-11-27 16:40:12 - [TEST_STEP][PASSED] - Statement - PreSaveFile = new java.io.File(((pathPrefix + java.lang.Integer.toString(counter)) + .png)): null

2018-11-27 16:40:12 - [TEST_STEP][PASSED] - Statement - counter = counter + 1: null

2018-11-27 16:40:12 - [TEST_STEP][PASSED] - Statement - PreSaveFile = new java.io.File(((pathPrefix + java.lang.Integer.toString(counter)) + .png)): null

2018-11-27 16:40:12 - [TEST_STEP][PASSED] - Statement - counter = counter + 1: null

2018-11-27 16:40:12 - [TEST_STEP][PASSED] - Statement - PreSaveFile = new java.io.File(((pathPrefix + java.lang.Integer.toString(counter)) + .png)): null

2018-11-27 16:40:12 - [TEST_STEP][PASSED] - Statement - counter = counter + 1: null

2018-11-27 16:40:12 - [TEST_STEP][PASSED] - Statement - PreSaveFile = new java.io.File(((pathPrefix + java.lang.Integer.toString(counter)) + .png)): null

2018-11-27 16:40:12 - [TEST_STEP][PASSED] - Statement - counter = counter + 1: null

2018-11-27 16:40:12 - [TEST_STEP][PASSED] - Statement - PreSaveFile = new java.io.File(((pathPrefix + java.lang.Integer.toString(counter)) + .png)): null

2018-11-27 16:40:12 - [TEST_STEP][PASSED] - Statement - counter = counter + 1: null

2018-11-27 16:40:12 - [TEST_STEP][PASSED] - Statement - PreSaveFile = new java.io.File(((pathPrefix + java.lang.Integer.toString(counter)) + .png)): null

2018-11-27 16:40:12 - [TEST_STEP][PASSED] - Statement - counter = counter + 1: null

2018-11-27 16:40:12 - [TEST_STEP][PASSED] - Statement - PreSaveFile = new java.io.File(((pathPrefix + java.lang.Integer.toString(counter)) + .png)): null

2018-11-27 16:40:12 - [TEST_STEP][PASSED] - Statement - counter = counter + 1: null

2018-11-27 16:40:12 - [TEST_STEP][PASSED] - Statement - PreSaveFile = new java.io.File(((pathPrefix + java.lang.Integer.toString(counter)) + .png)): null

2018-11-27 16:40:12 - [TEST_STEP][PASSED] - Statement - counter = counter + 1: null

2018-11-27 16:40:12 - [TEST_STEP][PASSED] - Statement - PreSaveFile = new java.io.File(((pathPrefix + java.lang.Integer.toString(counter)) + .png)): null

2018-11-27 16:40:12 - [TEST_STEP][PASSED] - Statement - counter = counter + 1: null

2018-11-27 16:40:12 - [TEST_STEP][PASSED] - Statement - PreSaveFile = new java.io.File(((pathPrefix + java.lang.Integer.toString(counter)) + .png)): null

2018-11-27 16:40:12 - [TEST_STEP][PASSED] - Statement - counter = counter + 1: null

2018-11-27 16:40:12 - [TEST_STEP][PASSED] - Statement - PreSaveFile = new java.io.File(((pathPrefix + java.lang.Integer.toString(counter)) + .png)): null

2018-11-27 16:40:12 - [TEST_STEP][PASSED] - Statement - counter = counter + 1: null

2018-11-27 16:40:12 - [TEST_STEP][PASSED] - Statement - PreSaveFile = new java.io.File(((pathPrefix + java.lang.Integer.toString(counter)) + .png)): null

2018-11-27 16:40:12 - [TEST_STEP][PASSED] - Statement - counter = counter + 1: null

2018-11-27 16:40:12 - [TEST_STEP][PASSED] - Statement - PreSaveFile = new java.io.File(((pathPrefix + java.lang.Integer.toString(counter)) + .png)): null

2018-11-27 16:40:12 - [TEST_STEP][PASSED] - Statement - counter = counter + 1: null

2018-11-27 16:40:12 - [TEST_STEP][PASSED] - Statement - PreSaveFile = new java.io.File(((pathPrefix + java.lang.Integer.toString(counter)) + .png)): null

2018-11-27 16:40:12 - [TEST_STEP][PASSED] - Statement - counter = counter + 1: null

2018-11-27 16:40:12 - [TEST_STEP][PASSED] - Statement - PreSaveFile = new java.io.File(((pathPrefix + java.lang.Integer.toString(counter)) + .png)): null

2018-11-27 16:40:12 - [TEST_STEP][PASSED] - Statement - counter = counter + 1: null

2018-11-27 16:40:12 - [TEST_STEP][PASSED] - Statement - PreSaveFile = new java.io.File(((pathPrefix + java.lang.Integer.toString(counter)) + .png)): null

2018-11-27 16:40:12 - [TEST_STEP][PASSED] - Statement - counter = counter + 1: null

2018-11-27 16:40:12 - [TEST_STEP][PASSED] - Statement - PreSaveFile = new java.io.File(((pathPrefix + java.lang.Integer.toString(counter)) + .png)): null

2018-11-27 16:40:12 - [TEST_STEP][PASSED] - Statement - counter = counter + 1: null

2018-11-27 16:40:12 - [TEST_STEP][PASSED] - Statement - PreSaveFile = new java.io.File(((pathPrefix + java.lang.Integer.toString(counter)) + .png)): null

2018-11-27 16:40:12 - [TEST_STEP][PASSED] - Statement - counter = counter + 1: null

2018-11-27 16:40:13 - [TEST_STEP][PASSED] - Statement - PreSaveFile = new java.io.File(((pathPrefix + java.lang.Integer.toString(counter)) + .png)): null

2018-11-27 16:40:13 - [TEST_STEP][PASSED] - Statement - counter = counter + 1: null

2018-11-27 16:40:13 - [TEST_STEP][PASSED] - Statement - PreSaveFile = new java.io.File(((pathPrefix + java.lang.Integer.toString(counter)) + .png)): null

2018-11-27 16:40:13 - [TEST_STEP][PASSED] - Statement - counter = counter + 1: null

2018-11-27 16:40:13 - [TEST_STEP][PASSED] - Statement - PreSaveFile = new java.io.File(((pathPrefix + java.lang.Integer.toString(counter)) + .png)): null

2018-11-27 16:40:13 - [TEST_STEP][PASSED] - Statement - counter = counter + 1: null

2018-11-27 16:40:13 - [TEST_STEP][PASSED] - Statement - PreSaveFile = new java.io.File(((pathPrefix + java.lang.Integer.toString(counter)) + .png)): null

2018-11-27 16:40:13 - [TEST_STEP][PASSED] - Statement - counter = counter + 1: null

2018-11-27 16:40:13 - [TEST_STEP][PASSED] - Statement - PreSaveFile = new java.io.File(((pathPrefix + java.lang.Integer.toString(counter)) + .png)): null

2018-11-27 16:40:13 - [TEST_STEP][PASSED] - Statement - counter = counter + 1: null

2018-11-27 16:40:13 - [TEST_STEP][PASSED] - Statement - PreSaveFile = new java.io.File(((pathPrefix + java.lang.Integer.toString(counter)) + .png)): null

2018-11-27 16:40:13 - [TEST_STEP][PASSED] - Statement - counter = counter + 1: null

2018-11-27 16:40:13 - [TEST_STEP][PASSED] - Statement - PreSaveFile = new java.io.File(((pathPrefix + java.lang.Integer.toString(counter)) + .png)): null

2018-11-27 16:40:13 - [TEST_STEP][PASSED] - Statement - counter = counter + 1: null

2018-11-27 16:40:13 - [TEST_STEP][PASSED] - Statement - PreSaveFile = new java.io.File(((pathPrefix + java.lang.Integer.toString(counter)) + .png)): null

2018-11-27 16:40:13 - [TEST_STEP][PASSED] - Statement - counter = counter + 1: null

2018-11-27 16:40:13 - [TEST_STEP][PASSED] - Statement - PreSaveFile = new java.io.File(((pathPrefix + java.lang.Integer.toString(counter)) + .png)): null

2018-11-27 16:40:13 - [TEST_STEP][PASSED] - Statement - counter = counter + 1: null

2018-11-27 16:40:13 - [TEST_STEP][PASSED] - Statement - PreSaveFile = new java.io.File(((pathPrefix + java.lang.Integer.toString(counter)) + .png)): null

2018-11-27 16:40:13 - [TEST_STEP][PASSED] - Statement - counter = counter + 1: null

2018-11-27 16:40:13 - [TEST_STEP][PASSED] - Statement - PreSaveFile = new java.io.File(((pathPrefix + java.lang.Integer.toString(counter)) + .png)): null

2018-11-27 16:40:13 - [TEST_STEP][PASSED] - Statement - counter = counter + 1: null

2018-11-27 16:40:13 - [TEST_STEP][PASSED] - Statement - PreSaveFile = new java.io.File(((pathPrefix + java.lang.Integer.toString(counter)) + .png)): null

2018-11-27 16:40:13 - [TEST_STEP][PASSED] - Statement - counter = counter + 1: null

2018-11-27 16:40:13 - [TEST_STEP][PASSED] - Statement - PreSaveFile = new java.io.File(((pathPrefix + java.lang.Integer.toString(counter)) + .png)): null

2018-11-27 16:40:13 - [TEST_STEP][PASSED] - Statement - counter = counter + 1: null

2018-11-27 16:40:13 - [TEST_STEP][PASSED] - Statement - PreSaveFile = new java.io.File(((pathPrefix + java.lang.Integer.toString(counter)) + .png)): null

2018-11-27 16:40:13 - [TEST_STEP][PASSED] - Statement - counter = counter + 1: null

2018-11-27 16:40:13 - [TEST_STEP][PASSED] - Statement - PreSaveFile = new java.io.File(((pathPrefix + java.lang.Integer.toString(counter)) + .png)): null

2018-11-27 16:40:13 - [TEST_STEP][PASSED] - Statement - counter = counter + 1: null

2018-11-27 16:40:13 - [TEST_STEP][PASSED] - Statement - PreSaveFile = new java.io.File(((pathPrefix + java.lang.Integer.toString(counter)) + .png)): null

2018-11-27 16:40:13 - [TEST_STEP][PASSED] - Statement - counter = counter + 1: null

2018-11-27 16:40:13 - [TEST_STEP][PASSED] - Statement - PreSaveFile = new java.io.File(((pathPrefix + java.lang.Integer.toString(counter)) + .png)): null

2018-11-27 16:40:13 - [TEST_STEP][PASSED] - Statement - counter = counter + 1: null

2018-11-27 16:40:13 - [TEST_STEP][PASSED] - Statement - PreSaveFile = new java.io.File(((pathPrefix + java.lang.Integer.toString(counter)) + .png)): null

2018-11-27 16:40:13 - [TEST_STEP][PASSED] - Statement - counter = counter + 1: null

2018-11-27 16:40:13 - [TEST_STEP][PASSED] - Statement - PreSaveFile = new java.io.File(((pathPrefix + java.lang.Integer.toString(counter)) + .png)): null

2018-11-27 16:40:13 - [TEST_STEP][PASSED] - Statement - counter = counter + 1: null

2018-11-27 16:40:13 - [TEST_STEP][PASSED] - Statement - PreSaveFile = new java.io.File(((pathPrefix + java.lang.Integer.toString(counter)) + .png)): null

2018-11-27 16:40:13 - [TEST_STEP][PASSED] - Statement - counter = counter + 1: null

2018-11-27 16:40:13 - [TEST_STEP][PASSED] - Statement - PreSaveFile = new java.io.File(((pathPrefix + java.lang.Integer.toString(counter)) + .png)): null

2018-11-27 16:40:13 - [TEST_STEP][PASSED] - Statement - counter = counter + 1: null

2018-11-27 16:40:13 - [TEST_STEP][PASSED] - Statement - PreSaveFile = new java.io.File(((pathPrefix + java.lang.Integer.toString(counter)) + .png)): null

2018-11-27 16:40:13 - [TEST_STEP][PASSED] - Statement - counter = counter + 1: null

2018-11-27 16:40:13 - [TEST_STEP][PASSED] - Statement - PreSaveFile = new java.io.File(((pathPrefix + java.lang.Integer.toString(counter)) + .png)): null

2018-11-27 16:40:13 - [TEST_STEP][PASSED] - Statement - counter = counter + 1: null

2018-11-27 16:40:13 - [TEST_STEP][PASSED] - Statement - PreSaveFile = new java.io.File(((pathPrefix + java.lang.Integer.toString(counter)) + .png)): null

2018-11-27 16:40:13 - [TEST_STEP][PASSED] - Statement - counter = counter + 1: null

2018-11-27 16:40:13 - [TEST_STEP][PASSED] - Statement - PreSaveFile = new java.io.File(((pathPrefix + java.lang.Integer.toString(counter)) + .png)): null

2018-11-27 16:40:13 - [TEST_STEP][PASSED] - Statement - counter = counter + 1: null

2018-11-27 16:40:13 - [TEST_STEP][PASSED] - Statement - PreSaveFile = new java.io.File(((pathPrefix + java.lang.Integer.toString(counter)) + .png)): null

2018-11-27 16:40:13 - [TEST_STEP][PASSED] - Statement - counter = counter + 1: null

2018-11-27 16:40:13 - [TEST_STEP][PASSED] - Statement - PreSaveFile = new java.io.File(((pathPrefix + java.lang.Integer.toString(counter)) + .png)): null

2018-11-27 16:40:13 - [TEST_STEP][PASSED] - Statement - counter = counter + 1: null

2018-11-27 16:40:13 - [TEST_STEP][PASSED] - Statement - PreSaveFile = new java.io.File(((pathPrefix + java.lang.Integer.toString(counter)) + .png)): null

2018-11-27 16:40:13 - [TEST_STEP][PASSED] - Statement - counter = counter + 1: null

2018-11-27 16:40:13 - [TEST_STEP][PASSED] - Statement - PreSaveFile = new java.io.File(((pathPrefix + java.lang.Integer.toString(counter)) + .png)): null

2018-11-27 16:40:13 - [TEST_STEP][PASSED] - Statement - counter = counter + 1: null

2018-11-27 16:40:13 - [TEST_STEP][PASSED] - Statement - PreSaveFile = new java.io.File(((pathPrefix + java.lang.Integer.toString(counter)) + .png)): null

2018-11-27 16:40:13 - [TEST_STEP][PASSED] - Statement - counter = counter + 1: null

2018-11-27 16:40:13 - [TEST_STEP][PASSED] - Statement - PreSaveFile = new java.io.File(((pathPrefix + java.lang.Integer.toString(counter)) + .png)): null

2018-11-27 16:40:13 - [TEST_STEP][PASSED] - Statement - counter = counter + 1: null

2018-11-27 16:40:13 - [TEST_STEP][PASSED] - Statement - PreSaveFile = new java.io.File(((pathPrefix + java.lang.Integer.toString(counter)) + .png)): null

2018-11-27 16:40:13 - [TEST_STEP][PASSED] - Statement - counter = counter + 1: null

2018-11-27 16:40:13 - [TEST_STEP][PASSED] - Statement - PreSaveFile = new java.io.File(((pathPrefix + java.lang.Integer.toString(counter)) + .png)): null

2018-11-27 16:40:13 - [TEST_STEP][PASSED] - Statement - counter = counter + 1: null

2018-11-27 16:40:13 - [TEST_STEP][PASSED] - Statement - PreSaveFile = new java.io.File(((pathPrefix + java.lang.Integer.toString(counter)) + .png)): null

2018-11-27 16:40:13 - [TEST_STEP][PASSED] - Statement - counter = counter + 1: null

2018-11-27 16:40:13 - [TEST_STEP][PASSED] - Statement - PreSaveFile = new java.io.File(((pathPrefix + java.lang.Integer.toString(counter)) + .png)): null

2018-11-27 16:40:13 - [TEST_STEP][PASSED] - Statement - counter = counter + 1: null

2018-11-27 16:40:13 - [TEST_STEP][PASSED] - Statement - PreSaveFile = new java.io.File(((pathPrefix + java.lang.Integer.toString(counter)) + .png)): null

2018-11-27 16:40:13 - [TEST_STEP][PASSED] - Statement - counter = counter + 1: null

2018-11-27 16:40:13 - [TEST_STEP][PASSED] - Statement - PreSaveFile = new java.io.File(((pathPrefix + java.lang.Integer.toString(counter)) + .png)): null

2018-11-27 16:40:13 - [TEST_STEP][PASSED] - Statement - counter = counter + 1: null

2018-11-27 16:40:13 - [TEST_STEP][PASSED] - Statement - PreSaveFile = new java.io.File(((pathPrefix + java.lang.Integer.toString(counter)) + .png)): null

2018-11-27 16:40:13 - [TEST_STEP][PASSED] - Statement - counter = counter + 1: null

2018-11-27 16:40:13 - [TEST_STEP][PASSED] - Statement - PreSaveFile = new java.io.File(((pathPrefix + java.lang.Integer.toString(counter)) + .png)): null

2018-11-27 16:40:13 - [TEST_STEP][PASSED] - Statement - counter = counter + 1: null

2018-11-27 16:40:13 - [TEST_STEP][PASSED] - Statement - PreSaveFile = new java.io.File(((pathPrefix + java.lang.Integer.toString(counter)) + .png)): null

2018-11-27 16:40:13 - [TEST_STEP][PASSED] - Statement - counter = counter + 1: null

2018-11-27 16:40:13 - [TEST_STEP][PASSED] - Statement - PreSaveFile = new java.io.File(((pathPrefix + java.lang.Integer.toString(counter)) + .png)): null

2018-11-27 16:40:13 - [TEST_STEP][PASSED] - Statement - counter = counter + 1: null

2018-11-27 16:40:13 - [TEST_STEP][PASSED] - Statement - PreSaveFile = new java.io.File(((pathPrefix + java.lang.Integer.toString(counter)) + .png)): null

2018-11-27 16:40:13 - [TEST_STEP][PASSED] - Statement - counter = counter + 1: null

2018-11-27 16:40:13 - [TEST_STEP][PASSED] - Statement - PreSaveFile = new java.io.File(((pathPrefix + java.lang.Integer.toString(counter)) + .png)): null

2018-11-27 16:40:13 - [TEST_STEP][PASSED] - Statement - counter = counter + 1: null

2018-11-27 16:40:13 - [TEST_STEP][PASSED] - Statement - PreSaveFile = new java.io.File(((pathPrefix + java.lang.Integer.toString(counter)) + .png)): null

2018-11-27 16:40:13 - [TEST_STEP][PASSED] - Statement - counter = counter + 1: null

2018-11-27 16:40:13 - [TEST_STEP][PASSED] - Statement - PreSaveFile = new java.io.File(((pathPrefix + java.lang.Integer.toString(counter)) + .png)): null

2018-11-27 16:40:13 - [TEST_STEP][PASSED] - Statement - counter = counter + 1: null

2018-11-27 16:40:13 - [TEST_STEP][PASSED] - Statement - PreSaveFile = new java.io.File(((pathPrefix + java.lang.Integer.toString(counter)) + .png)): null

2018-11-27 16:40:13 - [TEST_STEP][PASSED] - Statement - counter = counter + 1: null

2018-11-27 16:40:13 - [TEST_STEP][PASSED] - Statement - PreSaveFile = new java.io.File(((pathPrefix + java.lang.Integer.toString(counter)) + .png)): null

2018-11-27 16:40:13 - [TEST_STEP][PASSED] - Statement - counter = counter + 1: null

2018-11-27 16:40:13 - [TEST_STEP][PASSED] - Statement - PreSaveFile = new java.io.File(((pathPrefix + java.lang.Integer.toString(counter)) + .png)): null

2018-11-27 16:40:13 - [TEST_STEP][PASSED] - Statement - counter = counter + 1: null

2018-11-27 16:40:13 - [TEST_STEP][PASSED] - Statement - PreSaveFile = new java.io.File(((pathPrefix + java.lang.Integer.toString(counter)) + .png)): null

2018-11-27 16:40:13 - [TEST_STEP][PASSED] - Statement - counter = counter + 1: null

2018-11-27 16:40:13 - [TEST_STEP][PASSED] - Statement - PreSaveFile = new java.io.File(((pathPrefix + java.lang.Integer.toString(counter)) + .png)): null

2018-11-27 16:40:13 - [TEST_STEP][PASSED] - Statement - counter = counter + 1: null

2018-11-27 16:40:13 - [TEST_STEP][PASSED] - Statement - PreSaveFile = new java.io.File(((pathPrefix + java.lang.Integer.toString(counter)) + .png)): null

2018-11-27 16:40:13 - [TEST_STEP][PASSED] - Statement - counter = counter + 1: null

2018-11-27 16:40:13 - [TEST_STEP][PASSED] - Statement - PreSaveFile = new java.io.File(((pathPrefix + java.lang.Integer.toString(counter)) + .png)): null

2018-11-27 16:40:13 - [TEST_STEP][PASSED] - Statement - counter = counter + 1: null

2018-11-27 16:40:13 - [TEST_STEP][PASSED] - Statement - PreSaveFile = new java.io.File(((pathPrefix + java.lang.Integer.toString(counter)) + .png)): null

2018-11-27 16:40:13 - [TEST_STEP][PASSED] - Statement - counter = counter + 1: null

2018-11-27 16:40:13 - [TEST_STEP][PASSED] - Statement - PreSaveFile = new java.io.File(((pathPrefix + java.lang.Integer.toString(counter)) + .png)): null

2018-11-27 16:40:13 - [TEST_STEP][PASSED] - Statement - counter = counter + 1: null

2018-11-27 16:40:13 - [TEST_STEP][PASSED] - Statement - PreSaveFile = new java.io.File(((pathPrefix + java.lang.Integer.toString(counter)) + .png)): null

2018-11-27 16:40:13 - [TEST_STEP][PASSED] - Statement - counter = counter + 1: null

2018-11-27 16:40:13 - [TEST_STEP][PASSED] - Statement - PreSaveFile = new java.io.File(((pathPrefix + java.lang.Integer.toString(counter)) + .png)): null

2018-11-27 16:40:13 - [TEST_STEP][PASSED] - Statement - counter = counter + 1: null

2018-11-27 16:40:13 - [TEST_STEP][PASSED] - Statement - PreSaveFile = new java.io.File(((pathPrefix + java.lang.Integer.toString(counter)) + .png)): null

2018-11-27 16:40:13 - [TEST_STEP][PASSED] - Statement - counter = counter + 1: null

2018-11-27 16:40:13 - [TEST_STEP][PASSED] - Statement - PreSaveFile = new java.io.File(((pathPrefix + java.lang.Integer.toString(counter)) + .png)): null

2018-11-27 16:40:13 - [TEST_STEP][PASSED] - Statement - counter = counter + 1: null

2018-11-27 16:40:13 - [TEST_STEP][PASSED] - Statement - PreSaveFile = new java.io.File(((pathPrefix + java.lang.Integer.toString(counter)) + .png)): null

2018-11-27 16:40:13 - [TEST_STEP][PASSED] - Statement - counter = counter + 1: null

2018-11-27 16:40:13 - [TEST_STEP][PASSED] - Statement - PreSaveFile = new java.io.File(((pathPrefix + java.lang.Integer.toString(counter)) + .png)): null

2018-11-27 16:40:13 - [TEST_STEP][PASSED] - Statement - counter = counter + 1: null

2018-11-27 16:40:13 - [TEST_STEP][PASSED] - Statement - PreSaveFile = new java.io.File(((pathPrefix + java.lang.Integer.toString(counter)) + .png)): null

2018-11-27 16:40:13 - [TEST_STEP][PASSED] - Statement - counter = counter + 1: null

2018-11-27 16:40:13 - [TEST_STEP][PASSED] - Statement - PreSaveFile = new java.io.File(((pathPrefix + java.lang.Integer.toString(counter)) + .png)): null

2018-11-27 16:40:13 - [TEST_STEP][PASSED] - Statement - counter = counter + 1: null

2018-11-27 16:40:13 - [TEST_STEP][PASSED] - Statement - PreSaveFile = new java.io.File(((pathPrefix + java.lang.Integer.toString(counter)) + .png)): null

2018-11-27 16:40:13 - [TEST_STEP][PASSED] - Statement - counter = counter + 1: null

2018-11-27 16:40:13 - [TEST_STEP][PASSED] - Statement - PreSaveFile = new java.io.File(((pathPrefix + java.lang.Integer.toString(counter)) + .png)): null

2018-11-27 16:40:13 - [TEST_STEP][PASSED] - Statement - counter = counter + 1: null

2018-11-27 16:40:13 - [TEST_STEP][PASSED] - Statement - PreSaveFile = new java.io.File(((pathPrefix + java.lang.Integer.toString(counter)) + .png)): null

2018-11-27 16:40:13 - [TEST_STEP][PASSED] - Statement - counter = counter + 1: null

2018-11-27 16:40:13 - [TEST_STEP][PASSED] - Statement - PreSaveFile = new java.io.File(((pathPrefix + java.lang.Integer.toString(counter)) + .png)): null

2018-11-27 16:40:13 - [TEST_STEP][PASSED] - Statement - counter = counter + 1: null

2018-11-27 16:40:13 - [TEST_STEP][PASSED] - Statement - PreSaveFile = new java.io.File(((pathPrefix + java.lang.Integer.toString(counter)) + .png)): null

2018-11-27 16:40:13 - [TEST_STEP][PASSED] - Statement - counter = counter + 1: null

2018-11-27 16:40:13 - [TEST_STEP][PASSED] - Statement - PreSaveFile = new java.io.File(((pathPrefix + java.lang.Integer.toString(counter)) + .png)): null

2018-11-27 16:40:13 - [TEST_STEP][PASSED] - Statement - counter = counter + 1: null

2018-11-27 16:40:13 - [TEST_STEP][PASSED] - Statement - PreSaveFile = new java.io.File(((pathPrefix + java.lang.Integer.toString(counter)) + .png)): null

2018-11-27 16:40:13 - [TEST_STEP][PASSED] - Statement - counter = counter + 1: null

2018-11-27 16:40:13 - [TEST_STEP][PASSED] - Statement - PreSaveFile = new java.io.File(((pathPrefix + java.lang.Integer.toString(counter)) + .png)): null

2018-11-27 16:40:13 - [TEST_STEP][PASSED] - Statement - counter = counter + 1: null

2018-11-27 16:40:13 - [TEST_STEP][PASSED] - Statement - PreSaveFile = new java.io.File(((pathPrefix + java.lang.Integer.toString(counter)) + .png)): null

2018-11-27 16:40:13 - [TEST_STEP][PASSED] - Statement - counter = counter + 1: null

2018-11-27 16:40:13 - [TEST_STEP][PASSED] - Statement - PreSaveFile = new java.io.File(((pathPrefix + java.lang.Integer.toString(counter)) + .png)): null

2018-11-27 16:40:13 - [TEST_STEP][PASSED] - Statement - counter = counter + 1: null

2018-11-27 16:40:13 - [TEST_STEP][PASSED] - Statement - PreSaveFile = new java.io.File(((pathPrefix + java.lang.Integer.toString(counter)) + .png)): null

2018-11-27 16:40:13 - [TEST_STEP][PASSED] - Statement - counter = counter + 1: null

2018-11-27 16:40:13 - [TEST_STEP][PASSED] - Statement - PreSaveFile = new java.io.File(((pathPrefix + java.lang.Integer.toString(counter)) + .png)): null

2018-11-27 16:40:13 - [TEST_STEP][PASSED] - Statement - counter = counter + 1: null

2018-11-27 16:40:13 - [TEST_STEP][PASSED] - Statement - PreSaveFile = new java.io.File(((pathPrefix + java.lang.Integer.toString(counter)) + .png)): null

2018-11-27 16:40:13 - [TEST_STEP][PASSED] - Statement - counter = counter + 1: null

2018-11-27 16:40:13 - [TEST_STEP][PASSED] - Statement - PreSaveFile = new java.io.File(((pathPrefix + java.lang.Integer.toString(counter)) + .png)): null

2018-11-27 16:40:13 - [TEST_STEP][PASSED] - Statement - counter = counter + 1: null

2018-11-27 16:40:13 - [TEST_STEP][PASSED] - Statement - PreSaveFile = new java.io.File(((pathPrefix + java.lang.Integer.toString(counter)) + .png)): null

2018-11-27 16:40:13 - [TEST_STEP][PASSED] - Statement - counter = counter + 1: null

2018-11-27 16:40:13 - [TEST_STEP][PASSED] - Statement - PreSaveFile = new java.io.File(((pathPrefix + java.lang.Integer.toString(counter)) + .png)): null

2018-11-27 16:40:13 - [TEST_STEP][PASSED] - Statement - counter = counter + 1: null

2018-11-27 16:40:13 - [TEST_STEP][PASSED] - Statement - PreSaveFile = new java.io.File(((pathPrefix + java.lang.Integer.toString(counter)) + .png)): null

2018-11-27 16:40:13 - [TEST_STEP][PASSED] - Statement - counter = counter + 1: null

2018-11-27 16:40:13 - [TEST_STEP][PASSED] - Statement - PreSaveFile = new java.io.File(((pathPrefix + java.lang.Integer.toString(counter)) + .png)): null

2018-11-27 16:40:13 - [TEST_STEP][PASSED] - Statement - counter = counter + 1: null

2018-11-27 16:40:13 - [TEST_STEP][PASSED] - Statement - PreSaveFile = new java.io.File(((pathPrefix + java.lang.Integer.toString(counter)) + .png)): null

2018-11-27 16:40:13 - [TEST_STEP][PASSED] - Statement - counter = counter + 1: null

2018-11-27 16:40:13 - [TEST_STEP][PASSED] - Statement - PreSaveFile = new java.io.File(((pathPrefix + java.lang.Integer.toString(counter)) + .png)): null

2018-11-27 16:40:13 - [TEST_STEP][PASSED] - Statement - counter = counter + 1: null

2018-11-27 16:40:13 - [TEST_STEP][PASSED] - Statement - PreSaveFile = new java.io.File(((pathPrefix + java.lang.Integer.toString(counter)) + .png)): null

2018-11-27 16:40:13 - [TEST_STEP][PASSED] - Statement - counter = counter + 1: null

2018-11-27 16:40:13 - [TEST_STEP][PASSED] - Statement - PreSaveFile = new java.io.File(((pathPrefix + java.lang.Integer.toString(counter)) + .png)): null

2018-11-27 16:40:13 - [TEST_STEP][PASSED] - Statement - counter = counter + 1: null

2018-11-27 16:40:13 - [TEST_STEP][PASSED] - Statement - PreSaveFile = new java.io.File(((pathPrefix + java.lang.Integer.toString(counter)) + .png)): null

2018-11-27 16:40:13 - [TEST_STEP][PASSED] - Statement - counter = counter + 1: null

2018-11-27 16:40:13 - [TEST_STEP][PASSED] - Statement - PreSaveFile = new java.io.File(((pathPrefix + java.lang.Integer.toString(counter)) + .png)): null

2018-11-27 16:40:13 - [TEST_STEP][PASSED] - Statement - counter = counter + 1: null

2018-11-27 16:40:13 - [TEST_STEP][PASSED] - Statement - PreSaveFile = new java.io.File(((pathPrefix + java.lang.Integer.toString(counter)) + .png)): null

2018-11-27 16:40:13 - [TEST_STEP][PASSED] - Statement - counter = counter + 1: null

2018-11-27 16:40:13 - [TEST_STEP][PASSED] - Statement - PreSaveFile = new java.io.File(((pathPrefix + java.lang.Integer.toString(counter)) + .png)): null

2018-11-27 16:40:13 - [TEST_STEP][PASSED] - Statement - counter = counter + 1: null

2018-11-27 16:40:13 - [TEST_STEP][PASSED] - Statement - PreSaveFile = new java.io.File(((pathPrefix + java.lang.Integer.toString(counter)) + .png)): null

2018-11-27 16:40:13 - [TEST_STEP][PASSED] - Statement - counter = counter + 1: null

2018-11-27 16:40:13 - [TEST_STEP][PASSED] - Statement - PreSaveFile = new java.io.File(((pathPrefix + java.lang.Integer.toString(counter)) + .png)): null

2018-11-27 16:40:13 - [TEST_STEP][PASSED] - Statement - counter = counter + 1: null

2018-11-27 16:40:13 - [TEST_STEP][PASSED] - Statement - PreSaveFile = new java.io.File(((pathPrefix + java.lang.Integer.toString(counter)) + .png)): null

2018-11-27 16:40:13 - [TEST_STEP][PASSED] - Statement - counter = counter + 1: null

2018-11-27 16:40:13 - [TEST_STEP][PASSED] - Statement - PreSaveFile = new java.io.File(((pathPrefix + java.lang.Integer.toString(counter)) + .png)): null

2018-11-27 16:40:13 - [TEST_STEP][PASSED] - Statement - counter = counter + 1: null

2018-11-27 16:40:13 - [TEST_STEP][PASSED] - Statement - PreSaveFile = new java.io.File(((pathPrefix + java.lang.Integer.toString(counter)) + .png)): null

2018-11-27 16:40:13 - [TEST_STEP][PASSED] - Statement - counter = counter + 1: null

2018-11-27 16:40:13 - [TEST_STEP][PASSED] - Statement - PreSaveFile = new java.io.File(((pathPrefix + java.lang.Integer.toString(counter)) + .png)): null

2018-11-27 16:40:13 - [TEST_STEP][PASSED] - Statement - finalPath = pathPrefix + java.lang.Integer.toString(counter) + ".png": null

2018-11-27 16:40:13 - [TEST_STEP][PASSED] - Statement - SaveFile = new java.io.File(finalPath): null

2018-11-27 16:40:13 - [TEST_STEP][PASSED] - Statement - Try: null

2018-11-27 16:40:13 - [TEST_STEP][PASSED] - Statement - org.apache.commons.io.FileUtils.copyFile(scrFile, SaveFile): null

2018-11-27 16:40:13 - [TEST_STEP][PASSED] - Statement - out.println("file kept"): null

2018-11-27 16:40:13 - [TEST_STEP][PASSED] - delay: Delayed 10 second(s)

2018-11-27 16:40:23 - [MESSAGE][PASSED] - Delayed 10 second(s)

2018-11-27 16:40:23 - [MESSAGE][PASSED] - Call Test Case 'Test Cases/Final Aug 2018 - PKS Automation/Registration Module/New Registration/Submit and Screenshot/Submit Registration and Screenshot - Copy' successfully

2018-11-27 16:40:23 - [TEST_STEP][PASSED] - Statement - UpdateAddNewECode = com.kms.katalon.core.webui.keyword.WebUiBuiltInKeywords.getText(com.kms.katalon.core.testobject.ObjectRepository.findTestObject(Object Repository/Final Object Repo/Page_Update Add New Employee - ASSIST/getEmpCode)): Text of object 'Object Repository/Final Object Repo/Page_Update Add New Employee - ASSIST/getEmpCode' is: 'E1102070507Y'

2018-11-27 16:40:23 - [MESSAGE][PASSED] - Text of object 'Object Repository/Final Object Repo/Page_Update Add New Employee - ASSIST/getEmpCode' is: 'E1102070507Y'

2018-11-27 16:40:23 - [TEST_STEP][PASSED] - callTestCase: Call Test Case 'Test Cases/Final Aug 2018 - PKS Automation/Common/Emp Code Setter' successfully

2018-11-27 16:40:23 - [TEST_CASE][PASSED] - Test Cases/Final Aug 2018 - PKS Automation/Common/Emp Code Setter: Test Cases/Final Aug 2018 - PKS Automation/Common/Emp Code Setter

2018-11-27 16:40:23 - [TEST_STEP][PASSED] - Statement - EmpCodeOld = new java.io.File(C://Users//Admin//Desktop//PKS//Automation Reference Point//EmpCode.txt): null

2018-11-27 16:40:23 - [TEST_STEP][PASSED] - Statement - EmpCodeOld.delete(): null

2018-11-27 16:40:23 - [TEST_STEP][PASSED] - Statement - EmpCode = new java.io.File(C://Users//Admin//Desktop//PKS//Automation Reference Point//EmpCode.txt): null

2018-11-27 16:40:23 - [TEST_STEP][PASSED] - Statement - EmpCode.append(UpdateAddNewECode): null

2018-11-27 16:40:23 - [TEST_STEP][PASSED] - Statement - out.println("


" + UpdateAddNewECode + "


"): null

2018-11-27 16:40:23 - [MESSAGE][PASSED] - Call Test Case 'Test Cases/Final Aug 2018 - PKS Automation/Common/Emp Code Setter' successfully

2018-11-27 16:40:23 - [MESSAGE][PASSED] - Call Test Case 'Test Cases/Final Aug 2018 - PKS Automation/Registration Module/Workflow/Update Add New Employee/Template/New Company for Update Add New' successfully

2018-11-27 16:40:23 - [TEST_STEP][PASSED] - callTestCase: Call Test Case 'Test Cases/Final Aug 2018 - PKS Automation/Registration Module/Log Out/log out avoiding katalon tagging' successfully

2018-11-27 16:40:23 - [TEST_CASE][PASSED] - Test Cases/Final Aug 2018 - PKS Automation/Registration Module/Log Out/log out avoiding katalon tagging: Test Cases/Final Aug 2018 - PKS Automation/Registration Module/Log Out/log out avoiding katalon tagging

2018-11-27 16:40:23 - [TEST_STEP][PASSED] - navigateToUrl: Navigate to 'https://assist2-uat.perkeso.gov.my/c/portal/logout' successfully

2018-11-27 16:40:24 - [MESSAGE][PASSED] - Navigate to 'https://assist2-uat.perkeso.gov.my/c/portal/logout' successfully

2018-11-27 16:40:24 - [MESSAGE][PASSED] - Call Test Case 'Test Cases/Final Aug 2018 - PKS Automation/Registration Module/Log Out/log out avoiding katalon tagging' successfully

2018-11-27 16:40:24 - [TEST_STEP][PASSED] - callTestCase: Call Test Case 'Test Cases/Final Aug 2018 - PKS Automation/Registration Module/New Registration/Form 2/Date Updater' successfully

2018-11-27 16:40:24 - [TEST_CASE][PASSED] - Test Cases/Final Aug 2018 - PKS Automation/Registration Module/New Registration/Form 2/Date Updater: Test Cases/Final Aug 2018 - PKS Automation/Registration Module/New Registration/Form 2/Date Updater

2018-11-27 16:40:24 - [TEST_STEP][PASSED] - Statement - TodayDate = new java.util.Date(): null

2018-11-27 16:40:24 - [TEST_STEP][PASSED] - Statement - CurrentDateNoFilter = new java.text.SimpleDateFormat(): null

2018-11-27 16:40:24 - [TEST_STEP][PASSED] - Statement - CurrentDateNoFilter.applyPattern("dd"): null

2018-11-27 16:40:24 - [TEST_STEP][PASSED] - Statement - CurrentDate = CurrentDateNoFilter.format(TodayDate): null

2018-11-27 16:40:24 - [TEST_STEP][PASSED] - Statement - CurrentDate = java.lang.Integer.parseInt(CurrentDate): null

2018-11-27 16:40:24 - [TEST_STEP][PASSED] - Statement - CurrentDate = CurrentDate: null

2018-11-27 16:40:24 - [TEST_STEP][PASSED] - Statement - CurrentDay = java.lang.Integer.parseInt(CurrentDate): null

2018-11-27 16:40:24 - [TEST_STEP][PASSED] - Statement - aDayBefore = CurrentDay + 1: null

2018-11-27 16:40:24 - [TEST_STEP][PASSED] - Statement - DayBefore = aDayBefore.toString(): null

2018-11-27 16:40:24 - [TEST_STEP][PASSED] - Statement - OneDayBefore = DayBefore: null

2018-11-27 16:40:24 - [TEST_STEP][PASSED] - Statement - CurrentDateNoFilter.applyPattern("MM"): null

2018-11-27 16:40:24 - [TEST_STEP][PASSED] - Statement - monthContainerMatcher = java.lang.Integer.parseInt(CurrentDateNoFilter.format(TodayDate)): null

2018-11-27 16:40:24 - [TEST_STEP][PASSED] - Statement - monthContainerMatcher = monthContainerMatcher - 1: null

2018-11-27 16:40:24 - [TEST_STEP][PASSED] - Statement - CurrentMonth = monthContainerMatcher.toString(): null

2018-11-27 16:40:24 - [TEST_STEP][PASSED] - Statement - CurrentMonth = CurrentMonth: null

2018-11-27 16:40:24 - [TEST_STEP][PASSED] - Statement - CurrentDateNoFilter.applyPattern("yyyy"): null

2018-11-27 16:40:24 - [TEST_STEP][PASSED] - Statement - CurrentYear = CurrentDateNoFilter.format(TodayDate): null

2018-11-27 16:40:24 - [TEST_STEP][PASSED] - Statement - CurrentYear = CurrentYear: null

2018-11-27 16:40:24 - [TEST_STEP][PASSED] - Statement - intCurrentYear = java.lang.Integer.parseInt(CurrentDateNoFilter.format(TodayDate)): null

2018-11-27 16:40:24 - [TEST_STEP][PASSED] - Statement - eighteenYrsAgo = intCurrentYear - 18: null

2018-11-27 16:40:24 - [TEST_STEP][PASSED] - Statement - eighteenYrsBeforeThisYr = eighteenYrsAgo.toString(): null

2018-11-27 16:40:24 - [TEST_STEP][PASSED] - Statement - EighteenYrsBefore = eighteenYrsBeforeThisYr: null

2018-11-27 16:40:24 - [TEST_STEP][PASSED] - Statement - fiftysevenYrsAgo = intCurrentYear - 57: null

2018-11-27 16:40:24 - [TEST_STEP][PASSED] - Statement - fiftysevenYrsBeforeThisYr = fiftysevenYrsAgo.toString(): null

2018-11-27 16:40:24 - [TEST_STEP][PASSED] - Statement - FiftysevenYrsBefore = fiftysevenYrsBeforeThisYr: null

2018-11-27 16:40:24 - [MESSAGE][PASSED] - Call Test Case 'Test Cases/Final Aug 2018 - PKS Automation/Registration Module/New Registration/Form 2/Date Updater' successfully

2018-11-27 16:40:24 - [TEST_STEP][PASSED] - delay: Delayed 2 second(s)

2018-11-27 16:40:26 - [MESSAGE][PASSED] - Delayed 2 second(s)

2018-11-27 16:40:26 - [TEST_STEP][PASSED] - setText: Text 'klotc2@gmail.com' is set on object 'Object Repository/Final Object Repo/Page_Update Add New Employee - ASSIST/Email TextBox'

2018-11-27 16:40:26 - [MESSAGE][PASSED] - Text 'klotc2@gmail.com' is set on object 'Object Repository/Final Object Repo/Page_Update Add New Employee - ASSIST/Email TextBox'

2018-11-27 16:40:26 - [TEST_STEP][PASSED] - click: Object: 'Object Repository/Final Object Repo/Page_Update Add New Employee - ASSIST/Next Button' is clicked on

2018-11-27 16:40:27 - [MESSAGE][PASSED] - Object: 'Object Repository/Final Object Repo/Page_Update Add New Employee - ASSIST/Next Button' is clicked on

2018-11-27 16:40:27 - [TEST_STEP][PASSED] - delay: Delayed 2 second(s)

2018-11-27 16:40:29 - [MESSAGE][PASSED] - Delayed 2 second(s)

2018-11-27 16:40:29 - [TEST_STEP][PASSED] - setText: Text 'Test1@3456789' is set on object 'Object Repository/Final Object Repo/Page_Update Add New Employee - ASSIST/Password TextBox'

2018-11-27 16:40:29 - [MESSAGE][PASSED] - Text 'Test1@3456789' is set on object 'Object Repository/Final Object Repo/Page_Update Add New Employee - ASSIST/Password TextBox'

2018-11-27 16:40:29 - [TEST_STEP][PASSED] - delay: Delayed 2 second(s)

2018-11-27 16:40:31 - [MESSAGE][PASSED] - Delayed 2 second(s)

2018-11-27 16:40:31 - [TEST_STEP][PASSED] - click: Object: 'Object Repository/Final Object Repo/Page_Update Add New Employee - ASSIST/Login Button' is clicked on

2018-11-27 16:40:31 - [MESSAGE][PASSED] - Object: 'Object Repository/Final Object Repo/Page_Update Add New Employee - ASSIST/Login Button' is clicked on

2018-11-27 16:40:31 - [TEST_STEP][PASSED] - delay: Delayed 4 second(s)

2018-11-27 16:40:35 - [MESSAGE][PASSED] - Delayed 4 second(s)

2018-11-27 16:40:35 - [TEST_STEP][PASSED] - Statement - Try: Delayed 2 second(s)

2018-11-27 16:40:35 - [TEST_STEP][PASSED] - Statement - Checker = false: null

2018-11-27 16:40:35 - [TEST_STEP][PASSED] - Statement - Checker = com.kms.katalon.core.webui.keyword.WebUiBuiltInKeywords.verifyElementHasAttribute(com.kms.katalon.core.testobject.ObjectRepository.findTestObject(Final Object Repo/Landing Page/BM Detecting), "href", 20, OPTIONAL): Object 'Object Repository/Final Object Repo/Landing Page/BM Detecting' has attribute 'href'

2018-11-27 16:40:37 - [MESSAGE][PASSED] - Object 'Object Repository/Final Object Repo/Landing Page/BM Detecting' has attribute 'href'

2018-11-27 16:40:37 - [TEST_STEP][PASSED] - Statement - out.println(Checker): null

2018-11-27 16:40:37 - [TEST_STEP][PASSED] - Statement - If (Checker == false): null

2018-11-27 16:40:37 - [TEST_STEP][PASSED] - Statement - Else: null

2018-11-27 16:40:37 - [TEST_STEP][PASSED] - delay: Delayed 2 second(s)

2018-11-27 16:40:39 - [MESSAGE][PASSED] - Delayed 2 second(s)

2018-11-27 16:40:39 - [TEST_STEP][PASSED] - delay: Delayed 4 second(s)

2018-11-27 16:40:43 - [MESSAGE][PASSED] - Delayed 4 second(s)

2018-11-27 16:40:43 - [TEST_STEP][PASSED] - click: Object: 'Object Repository/Final Object Repo/Page_Update Add New Employee - ASSIST/My Sites Drop Down' is clicked on

2018-11-27 16:40:43 - [MESSAGE][PASSED] - Object: 'Object Repository/Final Object Repo/Page_Update Add New Employee - ASSIST/My Sites Drop Down' is clicked on

2018-11-27 16:40:43 - [TEST_STEP][PASSED] - click: Object: 'Object Repository/Final Object Repo/Page_Update Add New Employee - ASSIST/Select to Registration Module' is clicked on

2018-11-27 16:40:44 - [MESSAGE][PASSED] - Object: 'Object Repository/Final Object Repo/Page_Update Add New Employee - ASSIST/Select to Registration Module' is clicked on

2018-11-27 16:40:44 - [TEST_STEP][PASSED] - navigateToUrl: Navigate to 'https://assist2-uat.perkeso.gov.my/web/registration/myassist' successfully

2018-11-27 16:40:45 - [MESSAGE][PASSED] - Navigate to 'https://assist2-uat.perkeso.gov.my/web/registration/myassist' successfully

2018-11-27 16:40:45 - [TEST_STEP][PASSED] - mouseOver: Object: 'Object Repository/Final Object Repo/Page_Update Add New Employee - ASSIST/Select to Update Akta 4 Tab' is hovered

2018-11-27 16:40:45 - [MESSAGE][PASSED] - Object: 'Object Repository/Final Object Repo/Page_Update Add New Employee - ASSIST/Select to Update Akta 4 Tab' is hovered

2018-11-27 16:40:45 - [TEST_STEP][PASSED] - delay: Delayed 2 second(s)

2018-11-27 16:40:47 - [MESSAGE][PASSED] - Delayed 2 second(s)

2018-11-27 16:40:47 - [TEST_STEP][PASSED] - click: Object: 'Object Repository/Final Object Repo/Page_Update Add New Employee - ASSIST/Select to Update Add New Employee' is clicked on

2018-11-27 16:40:47 - [MESSAGE][PASSED] - Object: 'Object Repository/Final Object Repo/Page_Update Add New Employee - ASSIST/Select to Update Add New Employee' is clicked on

2018-11-27 16:40:47 - [TEST_STEP][PASSED] - delay: Delayed 2 second(s)

2018-11-27 16:40:49 - [MESSAGE][PASSED] - Delayed 2 second(s)

2018-11-27 16:40:49 - [TEST_STEP][PASSED] - setText: Text 'E1102070507Y' is set on object 'Object Repository/Final Object Repo/Page_Update Add New Employee - ASSIST/Employer Code input textbox'

2018-11-27 16:40:50 - [MESSAGE][PASSED] - Text 'E1102070507Y' is set on object 'Object Repository/Final Object Repo/Page_Update Add New Employee - ASSIST/Employer Code input textbox'

2018-11-27 16:40:50 - [TEST_STEP][PASSED] - delay: Delayed 2 second(s)

2018-11-27 16:40:52 - [MESSAGE][PASSED] - Delayed 2 second(s)

2018-11-27 16:40:52 - [TEST_STEP][PASSED] - click: Object: 'Object Repository/Final Object Repo/Page_Update Add New Employee - ASSIST/Search Button for Employer Code' is clicked on

2018-11-27 16:40:52 - [MESSAGE][PASSED] - Object: 'Object Repository/Final Object Repo/Page_Update Add New Employee - ASSIST/Search Button for Employer Code' is clicked on

2018-11-27 16:40:52 - [TEST_STEP][PASSED] - delay: Delayed 4 second(s)

2018-11-27 16:40:56 - [MESSAGE][PASSED] - Delayed 4 second(s)

2018-11-27 16:40:56 - [TEST_STEP][PASSED] - click: Object: 'Object Repository/Final Object Repo/Page_Update Add New Employee - ASSIST/Click to Edit Case' is clicked on

2018-11-27 16:40:58 - [MESSAGE][PASSED] - Object: 'Object Repository/Final Object Repo/Page_Update Add New Employee - ASSIST/Click to Edit Case' is clicked on

2018-11-27 16:40:58 - [TEST_STEP][PASSED] - callTestCase: Call Test Case 'Test Cases/Final Aug 2018 - PKS Automation/Registration Module/Workflow/Update Add New Employee/Template/Employee Adding/Employee Set Decider' successfully

2018-11-27 16:40:58 - [TEST_CASE][PASSED] - Test Cases/Final Aug 2018 - PKS Automation/Registration Module/Workflow/Update Add New Employee/Template/Employee Adding/Employee Set Decider: Test Cases/Final Aug 2018 - PKS Automation/Registration Module/Workflow/Update Add New Employee/Template/Employee Adding/Employee Set Decider

2018-11-27 16:40:58 - [TEST_STEP][PASSED] - delay: Delayed 4 second(s)

2018-11-27 16:41:02 - [MESSAGE][PASSED] - Delayed 4 second(s)

2018-11-27 16:41:02 - [TEST_STEP][PASSED] - click: Object: 'Object Repository/Final Object Repo/Page_Update Add New Employee - ASSIST/Add Employee Button' is clicked on

2018-11-27 16:41:02 - [MESSAGE][PASSED] - Object: 'Object Repository/Final Object Repo/Page_Update Add New Employee - ASSIST/Add Employee Button' is clicked on

2018-11-27 16:41:02 - [TEST_STEP][PASSED] - delay: Delayed 3 second(s)

2018-11-27 16:41:05 - [MESSAGE][PASSED] - Delayed 3 second(s)

2018-11-27 16:41:05 - [TEST_STEP][PASSED] - setText: Text '010903091920' is set on object 'Object Repository/Final Object Repo/Page_Update Add New Employee - ASSIST/NRIC Input'

2018-11-27 16:41:06 - [MESSAGE][PASSED] - Text '010903091920' is set on object 'Object Repository/Final Object Repo/Page_Update Add New Employee - ASSIST/NRIC Input'

2018-11-27 16:41:06 - [TEST_STEP][PASSED] - click: Object: 'Object Repository/Final Object Repo/Page_Update Add New Employee - ASSIST/button for search for IC' is clicked on

2018-11-27 16:41:06 - [MESSAGE][PASSED] - Object: 'Object Repository/Final Object Repo/Page_Update Add New Employee - ASSIST/button for search for IC' is clicked on

2018-11-27 16:41:06 - [TEST_STEP][PASSED] - delay: Delayed 2 second(s)

2018-11-27 16:41:08 - [MESSAGE][PASSED] - Delayed 2 second(s)

2018-11-27 16:41:08 - [TEST_STEP][PASSED] - sendKeys: Keys 'CONTROL + a' sent to object: 'Object Repository/Final Object Repo/Page_Update Add New Employee - ASSIST/Employee Name Input'

2018-11-27 16:41:08 - [MESSAGE][PASSED] - Keys 'CONTROL + a' sent to object: 'Object Repository/Final Object Repo/Page_Update Add New Employee - ASSIST/Employee Name Input'

2018-11-27 16:41:08 - [TEST_STEP][PASSED] - sendKeys: Keys 'CONTROL + c' sent to object: 'Object Repository/Final Object Repo/Page_Update Add New Employee - ASSIST/Employee Name Input'

2018-11-27 16:41:08 - [MESSAGE][PASSED] - Keys 'CONTROL + c' sent to object: 'Object Repository/Final Object Repo/Page_Update Add New Employee - ASSIST/Employee Name Input'

2018-11-27 16:41:08 - [TEST_STEP][PASSED] - Statement - toolkit = java.awt.Toolkit.getDefaultToolkit(): null

2018-11-27 16:41:08 - [TEST_STEP][PASSED] - Statement - clipboard = toolkit.getSystemClipboard(): null

2018-11-27 16:41:08 - [TEST_STEP][PASSED] - Statement - CurrentName = clipboard.getData(stringFlavor): null

2018-11-27 16:41:08 - [TEST_STEP][PASSED] - Statement - out.println("String from Clipboard:" + CurrentName): null

2018-11-27 16:41:08 - [TEST_STEP][PASSED] - Statement - If (CurrentName == "AUTOMATE002 ELIGIBLE 1"): null

2018-11-27 16:41:08 - [TEST_STEP][PASSED] - Statement - Else If (CurrentName == "AUTOMATE003 ELIGIBLE 1"): Call Test Case 'Test Cases/Final Aug 2018 - PKS Automation/Registration Module/Workflow/Update Add New Employee/Template/Employee Adding/Employee Adding Action Repeat IC - set 2' successfully

2018-11-27 16:41:08 - [TEST_STEP][PASSED] - callTestCase: Call Test Case 'Test Cases/Final Aug 2018 - PKS Automation/Registration Module/Workflow/Update Add New Employee/Template/Employee Adding/Employee Adding Action Repeat IC - set 2' successfully

2018-11-27 16:41:08 - [TEST_CASE][PASSED] - Test Cases/Final Aug 2018 - PKS Automation/Registration Module/Workflow/Update Add New Employee/Template/Employee Adding/Employee Adding Action Repeat IC - set 2: Test Cases/Final Aug 2018 - PKS Automation/Registration Module/Workflow/Update Add New Employee/Template/Employee Adding/Employee Adding Action Repeat IC - set 2

2018-11-27 16:41:08 - [TEST_STEP][PASSED] - setText: Text 'Automate002 eligible 1' is set on object 'Object Repository/Final Object Repo/Page_Update Add New Employee - ASSIST/Employee Name Input'

2018-11-27 16:41:09 - [MESSAGE][PASSED] - Text 'Automate002 eligible 1' is set on object 'Object Repository/Final Object Repo/Page_Update Add New Employee - ASSIST/Employee Name Input'

2018-11-27 16:41:09 - [TEST_STEP][PASSED] - delay: Delayed 2 second(s)

2018-11-27 16:41:11 - [MESSAGE][PASSED] - Delayed 2 second(s)

2018-11-27 16:41:11 - [TEST_STEP][PASSED] - click: Object: 'Object Repository/Final Object Repo/Page_Update Add New Employee - ASSIST/DatePicker Pop Up' is clicked on

2018-11-27 16:41:11 - [MESSAGE][PASSED] - Object: 'Object Repository/Final Object Repo/Page_Update Add New Employee - ASSIST/DatePicker Pop Up' is clicked on

2018-11-27 16:41:11 - [TEST_STEP][PASSED] - click: Object: 'Object Repository/Final Object Repo/Page_Update Add New Employee - ASSIST/DOB Month' is clicked on

2018-11-27 16:41:11 - [MESSAGE][PASSED] - Object: 'Object Repository/Final Object Repo/Page_Update Add New Employee - ASSIST/DOB Month' is clicked on

2018-11-27 16:41:11 - [TEST_STEP][PASSED] - Statement - CurrentMonth = CurrentMonth: null

2018-11-27 16:41:11 - [TEST_STEP][PASSED] - Statement - selectMonth = new com.kms.katalon.core.testobject.TestObject(): null

2018-11-27 16:41:11 - [TEST_STEP][PASSED] - Statement - selectMonth.addProperty("xpath", EQUALS, "//body/div/div/div/select/option[@value='" + CurrentMonth + "']", true): null

2018-11-27 16:41:11 - [TEST_STEP][PASSED] - click: Object: '' is clicked on

2018-11-27 16:41:11 - [MESSAGE][PASSED] - Object: '' is clicked on

2018-11-27 16:41:11 - [TEST_STEP][PASSED] - click: Object: 'Object Repository/Final Object Repo/Page_Update Add New Employee - ASSIST/DOB Year' is clicked on

2018-11-27 16:41:12 - [MESSAGE][PASSED] - Object: 'Object Repository/Final Object Repo/Page_Update Add New Employee - ASSIST/DOB Year' is clicked on

2018-11-27 16:41:12 - [TEST_STEP][PASSED] - Statement - Eyearsbf = EighteenYrsBefore: null

2018-11-27 16:41:12 - [TEST_STEP][PASSED] - Statement - selectYear = new com.kms.katalon.core.testobject.TestObject(): null

2018-11-27 16:41:12 - [TEST_STEP][PASSED] - Statement - selectYear.addProperty("xpath", EQUALS, "//div/div/div/select/option[@value='" + Eyearsbf + "']", true): null

2018-11-27 16:41:12 - [TEST_STEP][PASSED] - click: Object: '' is clicked on

2018-11-27 16:41:12 - [MESSAGE][PASSED] - Object: '' is clicked on

2018-11-27 16:41:12 - [TEST_STEP][PASSED] - Statement - UpdatedSelectDate = com.kms.katalon.core.webui.keyword.WebUiBuiltInKeywords.modifyObjectProperty(com.kms.katalon.core.testobject.ObjectRepository.findTestObject(Final Object Repo/Page_Update Add New Employee - ASSIST/DOB Date), "xpath", "equals", "//body/div/table/tbody/tr/td/a[text()="" + CurrentDate + ""]", true): Modify property of object successfully

2018-11-27 16:41:12 - [MESSAGE][PASSED] - Modify property of object successfully

2018-11-27 16:41:12 - [TEST_STEP][PASSED] - delay: Delayed 3 second(s)

2018-11-27 16:41:15 - [MESSAGE][PASSED] - Delayed 3 second(s)

2018-11-27 16:41:15 - [TEST_STEP][PASSED] - click: Object: 'Object Repository/Final Object Repo/Page_Update Add New Employee - ASSIST/DOB Date' is clicked on

2018-11-27 16:41:15 - [MESSAGE][PASSED] - Object: 'Object Repository/Final Object Repo/Page_Update Add New Employee - ASSIST/DOB Date' is clicked on

2018-11-27 16:41:15 - [TEST_STEP][PASSED] - delay: Delayed 2 second(s)

2018-11-27 16:41:17 - [MESSAGE][PASSED] - Delayed 2 second(s)

2018-11-27 16:41:17 - [TEST_STEP][PASSED] - click: Object: 'Object Repository/Final Object Repo/Page_Update Add New Employee - ASSIST/EmploymentStartDate Pop Up' is clicked on

2018-11-27 16:41:17 - [MESSAGE][PASSED] - Object: 'Object Repository/Final Object Repo/Page_Update Add New Employee - ASSIST/EmploymentStartDate Pop Up' is clicked on

2018-11-27 16:41:17 - [TEST_STEP][PASSED] - delay: Delayed 2 second(s)

2018-11-27 16:41:19 - [MESSAGE][PASSED] - Delayed 2 second(s)

2018-11-27 16:41:19 - [TEST_STEP][PASSED] - click: Object: 'Object Repository/Final Object Repo/Page_Update Add New Employee - ASSIST/Socso Employment StartDate Month' is clicked on

2018-11-27 16:41:19 - [MESSAGE][PASSED] - Object: 'Object Repository/Final Object Repo/Page_Update Add New Employee - ASSIST/Socso Employment StartDate Month' is clicked on

2018-11-27 16:41:19 - [TEST_STEP][PASSED] - delay: Delayed 1 second(s)

2018-11-27 16:41:20 - [MESSAGE][PASSED] - Delayed 1 second(s)

2018-11-27 16:41:20 - [TEST_STEP][PASSED] - click: Object: 'Object Repository/Final Object Repo/Page_Update Add New Employee - ASSIST/Select Socso Employement Startdate Month' is clicked on

2018-11-27 16:41:21 - [MESSAGE][PASSED] - Object: 'Object Repository/Final Object Repo/Page_Update Add New Employee - ASSIST/Select Socso Employement Startdate Month' is clicked on

2018-11-27 16:41:21 - [TEST_STEP][PASSED] - delay: Delayed 2 second(s)

2018-11-27 16:41:23 - [MESSAGE][PASSED] - Delayed 2 second(s)

2018-11-27 16:41:23 - [TEST_STEP][PASSED] - click: Object: 'Object Repository/Final Object Repo/Page_Update Add New Employee - ASSIST/Socso Employment StartDate Year' is clicked on

2018-11-27 16:41:23 - [MESSAGE][PASSED] - Object: 'Object Repository/Final Object Repo/Page_Update Add New Employee - ASSIST/Socso Employment StartDate Year' is clicked on

2018-11-27 16:41:23 - [TEST_STEP][PASSED] - delay: Delayed 1 second(s)

2018-11-27 16:41:24 - [MESSAGE][PASSED] - Delayed 1 second(s)

2018-11-27 16:41:24 - [TEST_STEP][PASSED] - click: Object: 'Object Repository/Final Object Repo/Page_Update Add New Employee - ASSIST/Select Socso Employment Startdate Year' is clicked on

2018-11-27 16:41:24 - [MESSAGE][PASSED] - Object: 'Object Repository/Final Object Repo/Page_Update Add New Employee - ASSIST/Select Socso Employment Startdate Year' is clicked on

2018-11-27 16:41:24 - [TEST_STEP][PASSED] - delay: Delayed 2 second(s)

2018-11-27 16:41:26 - [MESSAGE][PASSED] - Delayed 2 second(s)

2018-11-27 16:41:26 - [TEST_STEP][PASSED] - click: Object: 'Object Repository/Final Object Repo/Page_Update Add New Employee - ASSIST/Socso Employment Start Date Day' is clicked on

2018-11-27 16:41:26 - [MESSAGE][PASSED] - Object: 'Object Repository/Final Object Repo/Page_Update Add New Employee - ASSIST/Socso Employment Start Date Day' is clicked on

2018-11-27 16:41:26 - [TEST_STEP][PASSED] - delay: Delayed 2 second(s)

2018-11-27 16:41:28 - [MESSAGE][PASSED] - Delayed 2 second(s)

2018-11-27 16:41:28 - [TEST_STEP][PASSED] - click: Object: 'Object Repository/Final Object Repo/Page_Update Add New Employee - ASSIST/Save Button for Add Employee' is clicked on

2018-11-27 16:41:28 - [MESSAGE][PASSED] - Object: 'Object Repository/Final Object Repo/Page_Update Add New Employee - ASSIST/Save Button for Add Employee' is clicked on

2018-11-27 16:41:28 - [TEST_STEP][PASSED] - delay: Delayed 10 second(s)

2018-11-27 16:41:38 - [MESSAGE][PASSED] - Delayed 10 second(s)

2018-11-27 16:41:38 - [TEST_STEP][PASSED] - click: Object: 'Object Repository/Final Object Repo/Page_Update Add New Employee - ASSIST/Add Employee Button' is clicked on

2018-11-27 16:41:38 - [MESSAGE][PASSED] - Object: 'Object Repository/Final Object Repo/Page_Update Add New Employee - ASSIST/Add Employee Button' is clicked on

2018-11-27 16:41:38 - [TEST_STEP][PASSED] - delay: Delayed 6 second(s)

2018-11-27 16:41:44 - [MESSAGE][PASSED] - Delayed 6 second(s)

2018-11-27 16:41:44 - [TEST_STEP][PASSED] - setText: Text '620904059600' is set on object 'Object Repository/Final Object Repo/Page_Update Add New Employee - ASSIST/NRIC Input'

2018-11-27 16:41:45 - [MESSAGE][PASSED] - Text '620904059600' is set on object 'Object Repository/Final Object Repo/Page_Update Add New Employee - ASSIST/NRIC Input'

2018-11-27 16:41:45 - [TEST_STEP][PASSED] - click: Object: 'Object Repository/Final Object Repo/Page_Update Add New Employee - ASSIST/button for search for IC' is clicked on

2018-11-27 16:41:45 - [MESSAGE][PASSED] - Object: 'Object Repository/Final Object Repo/Page_Update Add New Employee - ASSIST/button for search for IC' is clicked on

2018-11-27 16:41:45 - [TEST_STEP][PASSED] - delay: Delayed 2 second(s)

2018-11-27 16:41:47 - [MESSAGE][PASSED] - Delayed 2 second(s)

2018-11-27 16:41:47 - [TEST_STEP][PASSED] - setText: Text 'Automate002 eligible 2' is set on object 'Object Repository/Final Object Repo/Page_Update Add New Employee - ASSIST/Employee Name Input'

2018-11-27 16:41:48 - [MESSAGE][PASSED] - Text 'Automate002 eligible 2' is set on object 'Object Repository/Final Object Repo/Page_Update Add New Employee - ASSIST/Employee Name Input'

2018-11-27 16:41:48 - [TEST_STEP][PASSED] - delay: Delayed 2 second(s)

2018-11-27 16:41:50 - [MESSAGE][PASSED] - Delayed 2 second(s)

2018-11-27 16:41:50 - [TEST_STEP][PASSED] - click: Object: 'Object Repository/Final Object Repo/Page_Update Add New Employee - ASSIST/DatePicker Pop Up' is clicked on

2018-11-27 16:41:50 - [MESSAGE][PASSED] - Object: 'Object Repository/Final Object Repo/Page_Update Add New Employee - ASSIST/DatePicker Pop Up' is clicked on

2018-11-27 16:41:50 - [TEST_STEP][PASSED] - delay: Delayed 2 second(s)

2018-11-27 16:41:52 - [MESSAGE][PASSED] - Delayed 2 second(s)

2018-11-27 16:41:52 - [TEST_STEP][PASSED] - click: Object: 'Object Repository/Final Object Repo/Page_Update Add New Employee - ASSIST/DOB Month' is clicked on

2018-11-27 16:41:52 - [MESSAGE][PASSED] - Object: 'Object Repository/Final Object Repo/Page_Update Add New Employee - ASSIST/DOB Month' is clicked on

2018-11-27 16:41:52 - [TEST_STEP][PASSED] - Statement - selectMonth = com.kms.katalon.core.webui.keyword.WebUiBuiltInKeywords.modifyObjectProperty(selectMonth, "xpath", "equals", "//body/div/div/div/select/option[@value="" + CurrentMonth + ""]", true): Modify property of object successfully

2018-11-27 16:41:52 - [MESSAGE][PASSED] - Modify property of object successfully

2018-11-27 16:41:52 - [TEST_STEP][PASSED] - click: Object: '' is clicked on

2018-11-27 16:41:52 - [MESSAGE][PASSED] - Object: '' is clicked on

2018-11-27 16:41:52 - [TEST_STEP][PASSED] - click: Object: 'Object Repository/Final Object Repo/Page_Update Add New Employee - ASSIST/DOB Year' is clicked on

2018-11-27 16:41:52 - [MESSAGE][PASSED] - Object: 'Object Repository/Final Object Repo/Page_Update Add New Employee - ASSIST/DOB Year' is clicked on

2018-11-27 16:41:52 - [TEST_STEP][PASSED] - Statement - selectYear = com.kms.katalon.core.webui.keyword.WebUiBuiltInKeywords.modifyObjectProperty(selectYear, "xpath", "equals", "//div/div/div/select/option[@value="" + FiftysevenYrsBefore + ""]", true): Modify property of object successfully

2018-11-27 16:41:52 - [MESSAGE][PASSED] - Modify property of object successfully

2018-11-27 16:41:52 - [TEST_STEP][PASSED] - click: Object: '' is clicked on

2018-11-27 16:41:53 - [MESSAGE][PASSED] - Object: '' is clicked on

2018-11-27 16:41:53 - [TEST_STEP][PASSED] - Statement - UpdatedSelectDate = com.kms.katalon.core.webui.keyword.WebUiBuiltInKeywords.modifyObjectProperty(com.kms.katalon.core.testobject.ObjectRepository.findTestObject(Final Object Repo/Page_Update Add New Employee - ASSIST/DOB Date), "xpath", "equals", "//body/div/table/tbody/tr/td/a[text()="" + OneDayBefore + ""]", true): Modify property of object successfully

2018-11-27 16:41:53 - [MESSAGE][PASSED] - Modify property of object successfully

2018-11-27 16:41:53 - [TEST_STEP][PASSED] - click: Object: 'Object Repository/Final Object Repo/Page_Update Add New Employee - ASSIST/DOB Date' is clicked on

2018-11-27 16:41:53 - [MESSAGE][PASSED] - Object: 'Object Repository/Final Object Repo/Page_Update Add New Employee - ASSIST/DOB Date' is clicked on

2018-11-27 16:41:53 - [TEST_STEP][PASSED] - delay: Delayed 2 second(s)

2018-11-27 16:41:55 - [MESSAGE][PASSED] - Delayed 2 second(s)

2018-11-27 16:41:55 - [TEST_STEP][PASSED] - click: Object: 'Object Repository/Final Object Repo/Page_Update Add New Employee - ASSIST/EmploymentStartDate Pop Up' is clicked on

2018-11-27 16:41:55 - [MESSAGE][PASSED] - Object: 'Object Repository/Final Object Repo/Page_Update Add New Employee - ASSIST/EmploymentStartDate Pop Up' is clicked on

2018-11-27 16:41:55 - [TEST_STEP][PASSED] - delay: Delayed 2 second(s)

2018-11-27 16:41:57 - [MESSAGE][PASSED] - Delayed 2 second(s)

2018-11-27 16:41:57 - [TEST_STEP][PASSED] - click: Object: 'Object Repository/Final Object Repo/Page_Update Add New Employee - ASSIST/Socso Employment StartDate Month' is clicked on

2018-11-27 16:41:57 - [MESSAGE][PASSED] - Object: 'Object Repository/Final Object Repo/Page_Update Add New Employee - ASSIST/Socso Employment StartDate Month' is clicked on

2018-11-27 16:41:57 - [TEST_STEP][PASSED] - delay: Delayed 1 second(s)

2018-11-27 16:41:58 - [MESSAGE][PASSED] - Delayed 1 second(s)

2018-11-27 16:41:58 - [TEST_STEP][PASSED] - click: Object: 'Object Repository/Final Object Repo/Page_Update Add New Employee - ASSIST/Select Socso Employement Startdate Month' is clicked on

2018-11-27 16:41:58 - [MESSAGE][PASSED] - Object: 'Object Repository/Final Object Repo/Page_Update Add New Employee - ASSIST/Select Socso Employement Startdate Month' is clicked on

2018-11-27 16:41:58 - [TEST_STEP][PASSED] - delay: Delayed 2 second(s)

2018-11-27 16:42:00 - [MESSAGE][PASSED] - Delayed 2 second(s)

2018-11-27 16:42:00 - [TEST_STEP][PASSED] - click: Object: 'Object Repository/Final Object Repo/Page_Update Add New Employee - ASSIST/Socso Employment StartDate Year' is clicked on

2018-11-27 16:42:00 - [MESSAGE][PASSED] - Object: 'Object Repository/Final Object Repo/Page_Update Add New Employee - ASSIST/Socso Employment StartDate Year' is clicked on

2018-11-27 16:42:00 - [TEST_STEP][PASSED] - delay: Delayed 1 second(s)

2018-11-27 16:42:01 - [MESSAGE][PASSED] - Delayed 1 second(s)

2018-11-27 16:42:01 - [TEST_STEP][PASSED] - click: Object: 'Object Repository/Final Object Repo/Page_Update Add New Employee - ASSIST/Select Socso Employment Startdate Year' is clicked on

2018-11-27 16:42:02 - [MESSAGE][PASSED] - Object: 'Object Repository/Final Object Repo/Page_Update Add New Employee - ASSIST/Select Socso Employment Startdate Year' is clicked on

2018-11-27 16:42:02 - [TEST_STEP][PASSED] - delay: Delayed 2 second(s)

2018-11-27 16:42:04 - [MESSAGE][PASSED] - Delayed 2 second(s)

2018-11-27 16:42:04 - [TEST_STEP][PASSED] - click: Object: 'Object Repository/Final Object Repo/Page_Update Add New Employee - ASSIST/Socso Employment Start Date Day' is clicked on

2018-11-27 16:42:04 - [MESSAGE][PASSED] - Object: 'Object Repository/Final Object Repo/Page_Update Add New Employee - ASSIST/Socso Employment Start Date Day' is clicked on

2018-11-27 16:42:04 - [TEST_STEP][PASSED] - delay: Delayed 2 second(s)

2018-11-27 16:42:06 - [MESSAGE][PASSED] - Delayed 2 second(s)

2018-11-27 16:42:06 - [TEST_STEP][PASSED] - click: Object: 'Object Repository/Final Object Repo/Page_Update Add New Employee - ASSIST/Save Button for Add Employee' is clicked on

2018-11-27 16:42:06 - [MESSAGE][PASSED] - Object: 'Object Repository/Final Object Repo/Page_Update Add New Employee - ASSIST/Save Button for Add Employee' is clicked on

2018-11-27 16:42:06 - [TEST_STEP][PASSED] - delay: Delayed 5 second(s)

2018-11-27 16:42:11 - [MESSAGE][PASSED] - Delayed 5 second(s)

2018-11-27 16:42:11 - [TEST_STEP][PASSED] - waitForElementClickable: Object 'Object Repository/Final Object Repo/Page_Update Add New Employee - ASSIST/Add Employee Button' is clickable

2018-11-27 16:42:11 - [MESSAGE][PASSED] - Object 'Object Repository/Final Object Repo/Page_Update Add New Employee - ASSIST/Add Employee Button' is clickable

2018-11-27 16:42:11 - [TEST_STEP][PASSED] - click: Object: 'Object Repository/Final Object Repo/Page_Update Add New Employee - ASSIST/Add Employee Button' is clicked on

2018-11-27 16:42:11 - [MESSAGE][PASSED] - Object: 'Object Repository/Final Object Repo/Page_Update Add New Employee - ASSIST/Add Employee Button' is clicked on

2018-11-27 16:42:11 - [TEST_STEP][PASSED] - delay: Delayed 4 second(s)

2018-11-27 16:42:15 - [MESSAGE][PASSED] - Delayed 4 second(s)

2018-11-27 16:42:15 - [TEST_STEP][PASSED] - setText: Text '000209039100' is set on object 'Object Repository/Final Object Repo/Page_Update Add New Employee - ASSIST/NRIC Input'

2018-11-27 16:42:16 - [MESSAGE][PASSED] - Text '000209039100' is set on object 'Object Repository/Final Object Repo/Page_Update Add New Employee - ASSIST/NRIC Input'

2018-11-27 16:42:16 - [TEST_STEP][PASSED] - click: Object: 'Object Repository/Final Object Repo/Page_Update Add New Employee - ASSIST/button for search for IC' is clicked on

2018-11-27 16:42:16 - [MESSAGE][PASSED] - Object: 'Object Repository/Final Object Repo/Page_Update Add New Employee - ASSIST/button for search for IC' is clicked on

2018-11-27 16:42:16 - [TEST_STEP][PASSED] - delay: Delayed 2 second(s)

2018-11-27 16:42:18 - [MESSAGE][PASSED] - Delayed 2 second(s)

2018-11-27 16:42:18 - [TEST_STEP][PASSED] - setText: Text 'Automate002 not eligible 1' is set on object 'Object Repository/Final Object Repo/Page_Update Add New Employee - ASSIST/Employee Name Input'

2018-11-27 16:42:18 - [MESSAGE][PASSED] - Text 'Automate002 not eligible 1' is set on object 'Object Repository/Final Object Repo/Page_Update Add New Employee - ASSIST/Employee Name Input'

2018-11-27 16:42:18 - [TEST_STEP][PASSED] - delay: Delayed 2 second(s)

2018-11-27 16:42:20 - [MESSAGE][PASSED] - Delayed 2 second(s)

2018-11-27 16:42:20 - [TEST_STEP][PASSED] - click: Object: 'Object Repository/Final Object Repo/Page_Update Add New Employee - ASSIST/DatePicker Pop Up' is clicked on

2018-11-27 16:42:21 - [MESSAGE][PASSED] - Object: 'Object Repository/Final Object Repo/Page_Update Add New Employee - ASSIST/DatePicker Pop Up' is clicked on

2018-11-27 16:42:21 - [TEST_STEP][PASSED] - delay: Delayed 2 second(s)

2018-11-27 16:42:23 - [MESSAGE][PASSED] - Delayed 2 second(s)

2018-11-27 16:42:23 - [TEST_STEP][PASSED] - click: Object: 'Object Repository/Final Object Repo/Page_Update Add New Employee - ASSIST/DOB Month' is clicked on

2018-11-27 16:42:23 - [MESSAGE][PASSED] - Object: 'Object Repository/Final Object Repo/Page_Update Add New Employee - ASSIST/DOB Month' is clicked on

2018-11-27 16:42:23 - [TEST_STEP][PASSED] - Statement - selectMonth = com.kms.katalon.core.webui.keyword.WebUiBuiltInKeywords.modifyObjectProperty(selectMonth, "xpath", "equals", "//body/div/div/div/select/option[@value="" + CurrentMonth + ""]", true): Modify property of object successfully

2018-11-27 16:42:23 - [MESSAGE][PASSED] - Modify property of object successfully

2018-11-27 16:42:23 - [TEST_STEP][PASSED] - click: Object: '' is clicked on

2018-11-27 16:42:23 - [MESSAGE][PASSED] - Object: '' is clicked on

2018-11-27 16:42:23 - [TEST_STEP][PASSED] - click: Object: 'Object Repository/Final Object Repo/Page_Update Add New Employee - ASSIST/DOB Year' is clicked on

2018-11-27 16:42:23 - [MESSAGE][PASSED] - Object: 'Object Repository/Final Object Repo/Page_Update Add New Employee - ASSIST/DOB Year' is clicked on

2018-11-27 16:42:23 - [TEST_STEP][PASSED] - Statement - selectYear = com.kms.katalon.core.webui.keyword.WebUiBuiltInKeywords.modifyObjectProperty(selectYear, "xpath", "equals", "//div/div/div/select/option[@value="" + EighteenYrsBefore + ""]", true): Modify property of object successfully

2018-11-27 16:42:23 - [MESSAGE][PASSED] - Modify property of object successfully

2018-11-27 16:42:23 - [TEST_STEP][PASSED] - click: Object: '' is clicked on

2018-11-27 16:42:23 - [MESSAGE][PASSED] - Object: '' is clicked on

2018-11-27 16:42:23 - [TEST_STEP][PASSED] - Statement - UpdatedSelectDate = com.kms.katalon.core.webui.keyword.WebUiBuiltInKeywords.modifyObjectProperty(com.kms.katalon.core.testobject.ObjectRepository.findTestObject(Final Object Repo/Page_Update Add New Employee - ASSIST/DOB Date), "xpath", "equals", "//body/div/table/tbody/tr/td/a[text()="" + OneDayBefore + ""]", true): Modify property of object successfully

2018-11-27 16:42:23 - [MESSAGE][PASSED] - Modify property of object successfully

2018-11-27 16:42:23 - [TEST_STEP][PASSED] - click: Object: 'Object Repository/Final Object Repo/Page_Update Add New Employee - ASSIST/DOB Date' is clicked on

2018-11-27 16:42:23 - [MESSAGE][PASSED] - Object: 'Object Repository/Final Object Repo/Page_Update Add New Employee - ASSIST/DOB Date' is clicked on

2018-11-27 16:42:23 - [TEST_STEP][PASSED] - delay: Delayed 2 second(s)

2018-11-27 16:42:25 - [MESSAGE][PASSED] - Delayed 2 second(s)

2018-11-27 16:42:25 - [TEST_STEP][PASSED] - click: Object: 'Object Repository/Final Object Repo/Page_Update Add New Employee - ASSIST/EmploymentStartDate Pop Up' is clicked on

2018-11-27 16:42:26 - [MESSAGE][PASSED] - Object: 'Object Repository/Final Object Repo/Page_Update Add New Employee - ASSIST/EmploymentStartDate Pop Up' is clicked on

2018-11-27 16:42:26 - [TEST_STEP][PASSED] - delay: Delayed 2 second(s)

2018-11-27 16:42:28 - [MESSAGE][PASSED] - Delayed 2 second(s)

2018-11-27 16:42:28 - [TEST_STEP][PASSED] - click: Object: 'Object Repository/Final Object Repo/Page_Update Add New Employee - ASSIST/Socso Employment StartDate Month' is clicked on

2018-11-27 16:42:28 - [MESSAGE][PASSED] - Object: 'Object Repository/Final Object Repo/Page_Update Add New Employee - ASSIST/Socso Employment StartDate Month' is clicked on

2018-11-27 16:42:28 - [TEST_STEP][PASSED] - delay: Delayed 1 second(s)

2018-11-27 16:42:29 - [MESSAGE][PASSED] - Delayed 1 second(s)

2018-11-27 16:42:29 - [TEST_STEP][PASSED] - click: Object: 'Object Repository/Final Object Repo/Page_Update Add New Employee - ASSIST/Select Socso Employement Startdate Month' is clicked on

2018-11-27 16:42:29 - [MESSAGE][PASSED] - Object: 'Object Repository/Final Object Repo/Page_Update Add New Employee - ASSIST/Select Socso Employement Startdate Month' is clicked on

2018-11-27 16:42:29 - [TEST_STEP][PASSED] - delay: Delayed 2 second(s)

2018-11-27 16:42:31 - [MESSAGE][PASSED] - Delayed 2 second(s)

2018-11-27 16:42:31 - [TEST_STEP][PASSED] - click: Object: 'Object Repository/Final Object Repo/Page_Update Add New Employee - ASSIST/Socso Employment StartDate Year' is clicked on

2018-11-27 16:42:31 - [MESSAGE][PASSED] - Object: 'Object Repository/Final Object Repo/Page_Update Add New Employee - ASSIST/Socso Employment StartDate Year' is clicked on

2018-11-27 16:42:31 - [TEST_STEP][PASSED] - delay: Delayed 1 second(s)

2018-11-27 16:42:32 - [MESSAGE][PASSED] - Delayed 1 second(s)

2018-11-27 16:42:32 - [TEST_STEP][PASSED] - click: Object: 'Object Repository/Final Object Repo/Page_Update Add New Employee - ASSIST/Select Socso Employment Startdate Year' is clicked on

2018-11-27 16:42:32 - [MESSAGE][PASSED] - Object: 'Object Repository/Final Object Repo/Page_Update Add New Employee - ASSIST/Select Socso Employment Startdate Year' is clicked on

2018-11-27 16:42:32 - [TEST_STEP][PASSED] - delay: Delayed 2 second(s)

2018-11-27 16:42:34 - [MESSAGE][PASSED] - Delayed 2 second(s)

2018-11-27 16:42:34 - [TEST_STEP][PASSED] - click: Object: 'Object Repository/Final Object Repo/Page_Update Add New Employee - ASSIST/Socso Employment Start Date Day' is clicked on

2018-11-27 16:42:34 - [MESSAGE][PASSED] - Object: 'Object Repository/Final Object Repo/Page_Update Add New Employee - ASSIST/Socso Employment Start Date Day' is clicked on

2018-11-27 16:42:34 - [TEST_STEP][PASSED] - delay: Delayed 2 second(s)

2018-11-27 16:42:36 - [MESSAGE][PASSED] - Delayed 2 second(s)

2018-11-27 16:42:36 - [TEST_STEP][PASSED] - click: Object: 'Object Repository/Final Object Repo/Page_Update Add New Employee - ASSIST/Save Button for Add Employee' is clicked on

2018-11-27 16:42:37 - [MESSAGE][PASSED] - Object: 'Object Repository/Final Object Repo/Page_Update Add New Employee - ASSIST/Save Button for Add Employee' is clicked on

2018-11-27 16:42:37 - [TEST_STEP][PASSED] - delay: Delayed 20 second(s)

2018-11-27 16:42:57 - [MESSAGE][PASSED] - Delayed 20 second(s)

2018-11-27 16:42:57 - [TEST_STEP][PASSED] - click: Object: 'Object Repository/Final Object Repo/Page_Update Add New Employee - ASSIST/Add Employee Button' is clicked on

2018-11-27 16:42:57 - [MESSAGE][PASSED] - Object: 'Object Repository/Final Object Repo/Page_Update Add New Employee - ASSIST/Add Employee Button' is clicked on

2018-11-27 16:42:57 - [TEST_STEP][PASSED] - delay: Delayed 4 second(s)

2018-11-27 16:43:01 - [MESSAGE][PASSED] - Delayed 4 second(s)

2018-11-27 16:43:01 - [TEST_STEP][PASSED] - setText: Text '600203039104' is set on object 'Object Repository/Final Object Repo/Page_Update Add New Employee - ASSIST/NRIC Input'

2018-11-27 16:43:01 - [MESSAGE][PASSED] - Text '600203039104' is set on object 'Object Repository/Final Object Repo/Page_Update Add New Employee - ASSIST/NRIC Input'

2018-11-27 16:43:01 - [TEST_STEP][PASSED] - click: Object: 'Object Repository/Final Object Repo/Page_Update Add New Employee - ASSIST/button for search for IC' is clicked on

2018-11-27 16:43:01 - [MESSAGE][PASSED] - Object: 'Object Repository/Final Object Repo/Page_Update Add New Employee - ASSIST/button for search for IC' is clicked on

2018-11-27 16:43:01 - [TEST_STEP][PASSED] - delay: Delayed 2 second(s)

2018-11-27 16:43:03 - [MESSAGE][PASSED] - Delayed 2 second(s)

2018-11-27 16:43:03 - [TEST_STEP][PASSED] - setText: Text 'Automate002 not eligible 2' is set on object 'Object Repository/Final Object Repo/Page_Update Add New Employee - ASSIST/Employee Name Input'

2018-11-27 16:43:04 - [MESSAGE][PASSED] - Text 'Automate002 not eligible 2' is set on object 'Object Repository/Final Object Repo/Page_Update Add New Employee - ASSIST/Employee Name Input'

2018-11-27 16:43:04 - [TEST_STEP][PASSED] - delay: Delayed 2 second(s)

2018-11-27 16:43:06 - [MESSAGE][PASSED] - Delayed 2 second(s)

2018-11-27 16:43:06 - [TEST_STEP][PASSED] - click: Object: 'Object Repository/Final Object Repo/Page_Update Add New Employee - ASSIST/DatePicker Pop Up' is clicked on

2018-11-27 16:43:06 - [MESSAGE][PASSED] - Object: 'Object Repository/Final Object Repo/Page_Update Add New Employee - ASSIST/DatePicker Pop Up' is clicked on

2018-11-27 16:43:06 - [TEST_STEP][PASSED] - delay: Delayed 2 second(s)

2018-11-27 16:43:08 - [MESSAGE][PASSED] - Delayed 2 second(s)

2018-11-27 16:43:08 - [TEST_STEP][PASSED] - click: Object: 'Object Repository/Final Object Repo/Page_Update Add New Employee - ASSIST/DOB Month' is clicked on

2018-11-27 16:43:09 - [MESSAGE][PASSED] - Object: 'Object Repository/Final Object Repo/Page_Update Add New Employee - ASSIST/DOB Month' is clicked on

2018-11-27 16:43:09 - [TEST_STEP][PASSED] - Statement - selectMonth = com.kms.katalon.core.webui.keyword.WebUiBuiltInKeywords.modifyObjectProperty(selectMonth, "xpath", "equals", "//body/div/div/div/select/option[@value="" + CurrentMonth + ""]", true): Modify property of object successfully

2018-11-27 16:43:09 - [MESSAGE][PASSED] - Modify property of object successfully

2018-11-27 16:43:09 - [TEST_STEP][PASSED] - click: Object: '' is clicked on

2018-11-27 16:43:09 - [MESSAGE][PASSED] - Object: '' is clicked on

2018-11-27 16:43:09 - [TEST_STEP][PASSED] - click: Object: 'Object Repository/Final Object Repo/Page_Update Add New Employee - ASSIST/DOB Year' is clicked on

2018-11-27 16:43:09 - [MESSAGE][PASSED] - Object: 'Object Repository/Final Object Repo/Page_Update Add New Employee - ASSIST/DOB Year' is clicked on

2018-11-27 16:43:09 - [TEST_STEP][PASSED] - Statement - selectYear = com.kms.katalon.core.webui.keyword.WebUiBuiltInKeywords.modifyObjectProperty(selectYear, "xpath", "equals", "//div/div/div/select/option[@value="" + FiftysevenYrsBefore + ""]", true): Modify property of object successfully

2018-11-27 16:43:09 - [MESSAGE][PASSED] - Modify property of object successfully

2018-11-27 16:43:09 - [TEST_STEP][PASSED] - click: Object: '' is clicked on

2018-11-27 16:43:09 - [MESSAGE][PASSED] - Object: '' is clicked on

2018-11-27 16:43:09 - [TEST_STEP][PASSED] - Statement - UpdatedSelectDate = com.kms.katalon.core.webui.keyword.WebUiBuiltInKeywords.modifyObjectProperty(com.kms.katalon.core.testobject.ObjectRepository.findTestObject(Final Object Repo/Page_Update Add New Employee - ASSIST/DOB Date), "xpath", "equals", "//body/div/table/tbody/tr/td/a[text()="" + CurrentDate + ""]", true): Modify property of object successfully

2018-11-27 16:43:09 - [MESSAGE][PASSED] - Modify property of object successfully

2018-11-27 16:43:09 - [TEST_STEP][PASSED] - click: Object: 'Object Repository/Final Object Repo/Page_Update Add New Employee - ASSIST/DOB Date' is clicked on

2018-11-27 16:43:09 - [MESSAGE][PASSED] - Object: 'Object Repository/Final Object Repo/Page_Update Add New Employee - ASSIST/DOB Date' is clicked on

2018-11-27 16:43:09 - [TEST_STEP][PASSED] - click: Object: 'Object Repository/Final Object Repo/Page_Update Add New Employee - ASSIST/EmploymentStartDate Pop Up' is clicked on

2018-11-27 16:43:09 - [MESSAGE][PASSED] - Object: 'Object Repository/Final Object Repo/Page_Update Add New Employee - ASSIST/EmploymentStartDate Pop Up' is clicked on

2018-11-27 16:43:09 - [TEST_STEP][PASSED] - delay: Delayed 2 second(s)

2018-11-27 16:43:11 - [MESSAGE][PASSED] - Delayed 2 second(s)

2018-11-27 16:43:11 - [TEST_STEP][PASSED] - click: Object: 'Object Repository/Final Object Repo/Page_Update Add New Employee - ASSIST/Socso Employment StartDate Month' is clicked on

2018-11-27 16:43:12 - [MESSAGE][PASSED] - Object: 'Object Repository/Final Object Repo/Page_Update Add New Employee - ASSIST/Socso Employment StartDate Month' is clicked on

2018-11-27 16:43:12 - [TEST_STEP][PASSED] - delay: Delayed 1 second(s)

2018-11-27 16:43:13 - [MESSAGE][PASSED] - Delayed 1 second(s)

2018-11-27 16:43:13 - [TEST_STEP][PASSED] - click: Object: 'Object Repository/Final Object Repo/Page_Update Add New Employee - ASSIST/Select Socso Employement Startdate Month' is clicked on

2018-11-27 16:43:13 - [MESSAGE][PASSED] - Object: 'Object Repository/Final Object Repo/Page_Update Add New Employee - ASSIST/Select Socso Employement Startdate Month' is clicked on

2018-11-27 16:43:13 - [TEST_STEP][PASSED] - delay: Delayed 2 second(s)

2018-11-27 16:43:15 - [MESSAGE][PASSED] - Delayed 2 second(s)

2018-11-27 16:43:15 - [TEST_STEP][PASSED] - click: Object: 'Object Repository/Final Object Repo/Page_Update Add New Employee - ASSIST/Socso Employment StartDate Year' is clicked on

2018-11-27 16:43:15 - [MESSAGE][PASSED] - Object: 'Object Repository/Final Object Repo/Page_Update Add New Employee - ASSIST/Socso Employment StartDate Year' is clicked on

2018-11-27 16:43:15 - [TEST_STEP][PASSED] - delay: Delayed 1 second(s)

2018-11-27 16:43:16 - [MESSAGE][PASSED] - Delayed 1 second(s)

2018-11-27 16:43:16 - [TEST_STEP][PASSED] - click: Object: 'Object Repository/Final Object Repo/Page_Update Add New Employee - ASSIST/Select Socso Employment Startdate Year' is clicked on

2018-11-27 16:43:16 - [MESSAGE][PASSED] - Object: 'Object Repository/Final Object Repo/Page_Update Add New Employee - ASSIST/Select Socso Employment Startdate Year' is clicked on

2018-11-27 16:43:16 - [TEST_STEP][PASSED] - delay: Delayed 2 second(s)

2018-11-27 16:43:18 - [MESSAGE][PASSED] - Delayed 2 second(s)

2018-11-27 16:43:18 - [TEST_STEP][PASSED] - click: Object: 'Object Repository/Final Object Repo/Page_Update Add New Employee - ASSIST/Socso Employment Start Date Day' is clicked on

2018-11-27 16:43:18 - [MESSAGE][PASSED] - Object: 'Object Repository/Final Object Repo/Page_Update Add New Employee - ASSIST/Socso Employment Start Date Day' is clicked on

2018-11-27 16:43:18 - [TEST_STEP][PASSED] - delay: Delayed 2 second(s)

2018-11-27 16:43:20 - [MESSAGE][PASSED] - Delayed 2 second(s)

2018-11-27 16:43:20 - [TEST_STEP][PASSED] - click: Object: 'Object Repository/Final Object Repo/Page_Update Add New Employee - ASSIST/Save Button for Add Employee' is clicked on

2018-11-27 16:43:20 - [MESSAGE][PASSED] - Object: 'Object Repository/Final Object Repo/Page_Update Add New Employee - ASSIST/Save Button for Add Employee' is clicked on

2018-11-27 16:43:20 - [MESSAGE][PASSED] - Call Test Case 'Test Cases/Final Aug 2018 - PKS Automation/Registration Module/Workflow/Update Add New Employee/Template/Employee Adding/Employee Adding Action Repeat IC - set 2' successfully

2018-11-27 16:43:20 - [MESSAGE][PASSED] - Call Test Case 'Test Cases/Final Aug 2018 - PKS Automation/Registration Module/Workflow/Update Add New Employee/Template/Employee Adding/Employee Set Decider' successfully

2018-11-27 16:43:20 - [TEST_STEP][PASSED] - delay: Delayed 4 second(s)

2018-11-27 16:43:24 - [MESSAGE][PASSED] - Delayed 4 second(s)

2018-11-27 16:43:24 - [TEST_STEP][PASSED] - Statement - CaseReferenceNo = com.kms.katalon.core.webui.keyword.WebUiBuiltInKeywords.getText(com.kms.katalon.core.testobject.ObjectRepository.findTestObject(Final Object Repo/Page_Update Add New Employee - ASSIST/RefNo)): Text of object 'Object Repository/Final Object Repo/Page_Update Add New Employee - ASSIST/RefNo' is: 'CAN11201800002203'

2018-11-27 16:43:25 - [MESSAGE][PASSED] - Text of object 'Object Repository/Final Object Repo/Page_Update Add New Employee - ASSIST/RefNo' is: 'CAN11201800002203'

2018-11-27 16:43:25 - [TEST_STEP][PASSED] - callTestCase: Call Test Case 'Test Cases/Final Aug 2018 - PKS Automation/Common/Reference Number Setter' successfully

2018-11-27 16:43:25 - [TEST_CASE][PASSED] - Test Cases/Final Aug 2018 - PKS Automation/Common/Reference Number Setter: Test Cases/Final Aug 2018 - PKS Automation/Common/Reference Number Setter

2018-11-27 16:43:25 - [TEST_STEP][PASSED] - Statement - RefNoOldFile = new java.io.File(C://Users//Admin//Desktop//PKS//Automation Reference Point//KatalonReference.txt): null

2018-11-27 16:43:25 - [TEST_STEP][PASSED] - Statement - RefNoOldFile.delete(): null

2018-11-27 16:43:25 - [TEST_STEP][PASSED] - delay: Delayed 5 second(s)

2018-11-27 16:43:30 - [MESSAGE][PASSED] - Delayed 5 second(s)

2018-11-27 16:43:30 - [TEST_STEP][PASSED] - Statement - RefNo = new java.io.File(C://Users//Admin//Desktop//PKS//Automation Reference Point//KatalonReference.txt): null

2018-11-27 16:43:30 - [TEST_STEP][PASSED] - Statement - f2 = new java.io.FileWriter(RefNo, false): null

2018-11-27 16:43:30 - [TEST_STEP][PASSED] - Statement - f2.write(CaseReferenceNo): null

2018-11-27 16:43:30 - [TEST_STEP][PASSED] - Statement - f2.close(): null

2018-11-27 16:43:30 - [TEST_STEP][PASSED] - Statement - out.println("


" + CaseReferenceNo + "


"): null

2018-11-27 16:43:30 - [MESSAGE][PASSED] - Call Test Case 'Test Cases/Final Aug 2018 - PKS Automation/Common/Reference Number Setter' successfully

2018-11-27 16:43:30 - [TEST_STEP][PASSED] - delay: Delayed 5 second(s)

2018-11-27 16:43:35 - [MESSAGE][PASSED] - Delayed 5 second(s)

2018-11-27 16:43:35 - [TEST_STEP][PASSED] - click: Object: 'Object Repository/Final Object Repo/Page_Update Add New Employee - ASSIST/Incomplete Checkbox' is clicked on

2018-11-27 16:43:35 - [MESSAGE][PASSED] - Object: 'Object Repository/Final Object Repo/Page_Update Add New Employee - ASSIST/Incomplete Checkbox' is clicked on

2018-11-27 16:43:35 - [TEST_STEP][PASSED] - delay: Delayed 2 second(s)

2018-11-27 16:43:37 - [MESSAGE][PASSED] - Delayed 2 second(s)

2018-11-27 16:43:37 - [TEST_STEP][PASSED] - click: Object: 'Object Repository/Final Object Repo/Page_Update Add New Employee - ASSIST/Save  Continue Button' is clicked on

2018-11-27 16:43:37 - [MESSAGE][PASSED] - Object: 'Object Repository/Final Object Repo/Page_Update Add New Employee - ASSIST/Save  Continue Button' is clicked on

2018-11-27 16:43:37 - [TEST_STEP][PASSED] - delay: Delayed 4 second(s)

2018-11-27 16:43:41 - [MESSAGE][PASSED] - Delayed 4 second(s)

2018-11-27 16:43:41 - [TEST_STEP][PASSED] - click: Object: 'Object Repository/Final Object Repo/Page_Update Add New Employee - ASSIST/Save  Continue Third Screen' is clicked on

2018-11-27 16:43:44 - [MESSAGE][PASSED] - Object: 'Object Repository/Final Object Repo/Page_Update Add New Employee - ASSIST/Save  Continue Third Screen' is clicked on

2018-11-27 16:43:44 - [TEST_STEP][PASSED] - delay: Delayed 4 second(s)

2018-11-27 16:43:48 - [MESSAGE][PASSED] - Delayed 4 second(s)

2018-11-27 16:43:48 - [TEST_STEP][PASSED] - click: Object: 'Object Repository/Final Object Repo/Page_Update Add New Employee - ASSIST/Save   Continue Supporting Doc Page' is clicked on

2018-11-27 16:43:48 - [MESSAGE][PASSED] - Object: 'Object Repository/Final Object Repo/Page_Update Add New Employee - ASSIST/Save   Continue Supporting Doc Page' is clicked on

2018-11-27 16:43:48 - [TEST_STEP][PASSED] - delay: Delayed 4 second(s)

2018-11-27 16:43:52 - [MESSAGE][PASSED] - Delayed 4 second(s)

2018-11-27 16:43:52 - [TEST_STEP][PASSED] - click: Object: 'Object Repository/Final Object Repo/Page_Update Add New Employee - ASSIST/Submit Button' is clicked on

2018-11-27 16:43:52 - [MESSAGE][PASSED] - Object: 'Object Repository/Final Object Repo/Page_Update Add New Employee - ASSIST/Submit Button' is clicked on

2018-11-27 16:43:52 - [TEST_STEP][PASSED] - delay: Delayed 4 second(s)

2018-11-27 16:43:56 - [MESSAGE][PASSED] - Delayed 4 second(s)

2018-11-27 16:43:56 - [TEST_STEP][PASSED] - click: Object: 'Object Repository/Final Object Repo/Page_Update Add New Employee - ASSIST/Confirm Submit Button' is clicked on

2018-11-27 16:43:56 - [MESSAGE][PASSED] - Object: 'Object Repository/Final Object Repo/Page_Update Add New Employee - ASSIST/Confirm Submit Button' is clicked on

2018-11-27 16:43:56 - [TEST_STEP][PASSED] - delay: Delayed 20 second(s)

2018-11-27 16:44:16 - [MESSAGE][PASSED] - Delayed 20 second(s)

2018-11-27 16:44:16 - [TEST_STEP][PASSED] - callTestCase: Call Test Case 'Test Cases/Final Aug 2018 - PKS Automation/Common/Screenshoting tool' successfully

2018-11-27 16:44:17 - [TEST_CASE][PASSED] - Test Cases/Final Aug 2018 - PKS Automation/Common/Screenshoting tool: Test Cases/Final Aug 2018 - PKS Automation/Common/Screenshoting tool

2018-11-27 16:44:17 - [TEST_STEP][PASSED] - delay: Delayed 15 second(s)

2018-11-27 16:44:32 - [MESSAGE][PASSED] - Delayed 15 second(s)

2018-11-27 16:44:32 - [TEST_STEP][PASSED] - Statement - driver = com.kms.katalon.core.webui.driver.DriverFactory.getWebDriver(): null

2018-11-27 16:44:32 - [TEST_STEP][PASSED] - Statement - driver.manage().timeouts().implicitlyWait(10, SECONDS): null

2018-11-27 16:44:32 - [TEST_STEP][PASSED] - Statement - PresavePath = KatalonScreenshots: null

2018-11-27 16:44:32 - [TEST_STEP][PASSED] - Statement - pathPrefix = "C:\Users\Public\Pictures\Sample Pictures\Katalon Screenshots\Automate Ending Screen": null

2018-11-27 16:44:32 - [TEST_STEP][PASSED] - Statement - finalPath = <not implemented yet for class: org.codehaus.groovy.ast.expr.EmptyExpression>: null

2018-11-27 16:44:32 - [TEST_STEP][PASSED] - Statement - scrFile = driver.getScreenshotAs(FILE): null

2018-11-27 16:44:32 - [TEST_STEP][PASSED] - Statement - PreSaveFile = new java.io.File(PresavePath): null

2018-11-27 16:44:32 - [TEST_STEP][PASSED] - Statement - counter = 0: null

2018-11-27 16:44:32 - [TEST_STEP][PASSED] - Statement - If (PreSaveFile.exists()): null

2018-11-27 16:44:32 - [TEST_STEP][PASSED] - Statement - While (PreSaveFile.exists()): null

2018-11-27 16:44:32 - [TEST_STEP][PASSED] - Statement - counter = counter + 1: null

2018-11-27 16:44:32 - [TEST_STEP][PASSED] - Statement - PreSaveFile = new java.io.File(((pathPrefix + java.lang.Integer.toString(counter)) + .png)): null

2018-11-27 16:44:32 - [TEST_STEP][PASSED] - Statement - counter = counter + 1: null

2018-11-27 16:44:32 - [TEST_STEP][PASSED] - Statement - PreSaveFile = new java.io.File(((pathPrefix + java.lang.Integer.toString(counter)) + .png)): null

2018-11-27 16:44:32 - [TEST_STEP][PASSED] - Statement - counter = counter + 1: null

2018-11-27 16:44:32 - [TEST_STEP][PASSED] - Statement - PreSaveFile = new java.io.File(((pathPrefix + java.lang.Integer.toString(counter)) + .png)): null

2018-11-27 16:44:32 - [TEST_STEP][PASSED] - Statement - counter = counter + 1: null

2018-11-27 16:44:32 - [TEST_STEP][PASSED] - Statement - PreSaveFile = new java.io.File(((pathPrefix + java.lang.Integer.toString(counter)) + .png)): null

2018-11-27 16:44:32 - [TEST_STEP][PASSED] - Statement - counter = counter + 1: null

2018-11-27 16:44:32 - [TEST_STEP][PASSED] - Statement - PreSaveFile = new java.io.File(((pathPrefix + java.lang.Integer.toString(counter)) + .png)): null

2018-11-27 16:44:32 - [TEST_STEP][PASSED] - Statement - counter = counter + 1: null

2018-11-27 16:44:32 - [TEST_STEP][PASSED] - Statement - PreSaveFile = new java.io.File(((pathPrefix + java.lang.Integer.toString(counter)) + .png)): null

2018-11-27 16:44:32 - [TEST_STEP][PASSED] - Statement - counter = counter + 1: null

2018-11-27 16:44:32 - [TEST_STEP][PASSED] - Statement - PreSaveFile = new java.io.File(((pathPrefix + java.lang.Integer.toString(counter)) + .png)): null

2018-11-27 16:44:32 - [TEST_STEP][PASSED] - Statement - counter = counter + 1: null

2018-11-27 16:44:32 - [TEST_STEP][PASSED] - Statement - PreSaveFile = new java.io.File(((pathPrefix + java.lang.Integer.toString(counter)) + .png)): null

2018-11-27 16:44:32 - [TEST_STEP][PASSED] - Statement - counter = counter + 1: null

2018-11-27 16:44:32 - [TEST_STEP][PASSED] - Statement - PreSaveFile = new java.io.File(((pathPrefix + java.lang.Integer.toString(counter)) + .png)): null

2018-11-27 16:44:32 - [TEST_STEP][PASSED] - Statement - counter = counter + 1: null

2018-11-27 16:44:32 - [TEST_STEP][PASSED] - Statement - PreSaveFile = new java.io.File(((pathPrefix + java.lang.Integer.toString(counter)) + .png)): null

2018-11-27 16:44:32 - [TEST_STEP][PASSED] - Statement - counter = counter + 1: null

2018-11-27 16:44:32 - [TEST_STEP][PASSED] - Statement - PreSaveFile = new java.io.File(((pathPrefix + java.lang.Integer.toString(counter)) + .png)): null

2018-11-27 16:44:32 - [TEST_STEP][PASSED] - Statement - counter = counter + 1: null

2018-11-27 16:44:32 - [TEST_STEP][PASSED] - Statement - PreSaveFile = new java.io.File(((pathPrefix + java.lang.Integer.toString(counter)) + .png)): null

2018-11-27 16:44:32 - [TEST_STEP][PASSED] - Statement - counter = counter + 1: null

2018-11-27 16:44:32 - [TEST_STEP][PASSED] - Statement - PreSaveFile = new java.io.File(((pathPrefix + java.lang.Integer.toString(counter)) + .png)): null

2018-11-27 16:44:32 - [TEST_STEP][PASSED] - Statement - counter = counter + 1: null

2018-11-27 16:44:32 - [TEST_STEP][PASSED] - Statement - PreSaveFile = new java.io.File(((pathPrefix + java.lang.Integer.toString(counter)) + .png)): null

2018-11-27 16:44:32 - [TEST_STEP][PASSED] - Statement - counter = counter + 1: null

2018-11-27 16:44:32 - [TEST_STEP][PASSED] - Statement - PreSaveFile = new java.io.File(((pathPrefix + java.lang.Integer.toString(counter)) + .png)): null

2018-11-27 16:44:32 - [TEST_STEP][PASSED] - Statement - counter = counter + 1: null

2018-11-27 16:44:32 - [TEST_STEP][PASSED] - Statement - PreSaveFile = new java.io.File(((pathPrefix + java.lang.Integer.toString(counter)) + .png)): null

2018-11-27 16:44:32 - [TEST_STEP][PASSED] - Statement - counter = counter + 1: null

2018-11-27 16:44:32 - [TEST_STEP][PASSED] - Statement - PreSaveFile = new java.io.File(((pathPrefix + java.lang.Integer.toString(counter)) + .png)): null

2018-11-27 16:44:32 - [TEST_STEP][PASSED] - Statement - counter = counter + 1: null

2018-11-27 16:44:32 - [TEST_STEP][PASSED] - Statement - PreSaveFile = new java.io.File(((pathPrefix + java.lang.Integer.toString(counter)) + .png)): null

2018-11-27 16:44:32 - [TEST_STEP][PASSED] - Statement - counter = counter + 1: null

2018-11-27 16:44:32 - [TEST_STEP][PASSED] - Statement - PreSaveFile = new java.io.File(((pathPrefix + java.lang.Integer.toString(counter)) + .png)): null

2018-11-27 16:44:32 - [TEST_STEP][PASSED] - Statement - counter = counter + 1: null

2018-11-27 16:44:32 - [TEST_STEP][PASSED] - Statement - PreSaveFile = new java.io.File(((pathPrefix + java.lang.Integer.toString(counter)) + .png)): null

2018-11-27 16:44:32 - [TEST_STEP][PASSED] - Statement - counter = counter + 1: null

2018-11-27 16:44:32 - [TEST_STEP][PASSED] - Statement - PreSaveFile = new java.io.File(((pathPrefix + java.lang.Integer.toString(counter)) + .png)): null

2018-11-27 16:44:32 - [TEST_STEP][PASSED] - Statement - counter = counter + 1: null

2018-11-27 16:44:32 - [TEST_STEP][PASSED] - Statement - PreSaveFile = new java.io.File(((pathPrefix + java.lang.Integer.toString(counter)) + .png)): null

2018-11-27 16:44:32 - [TEST_STEP][PASSED] - Statement - counter = counter + 1: null

2018-11-27 16:44:32 - [TEST_STEP][PASSED] - Statement - PreSaveFile = new java.io.File(((pathPrefix + java.lang.Integer.toString(counter)) + .png)): null

2018-11-27 16:44:32 - [TEST_STEP][PASSED] - Statement - counter = counter + 1: null

2018-11-27 16:44:32 - [TEST_STEP][PASSED] - Statement - PreSaveFile = new java.io.File(((pathPrefix + java.lang.Integer.toString(counter)) + .png)): null

2018-11-27 16:44:32 - [TEST_STEP][PASSED] - Statement - counter = counter + 1: null

2018-11-27 16:44:32 - [TEST_STEP][PASSED] - Statement - PreSaveFile = new java.io.File(((pathPrefix + java.lang.Integer.toString(counter)) + .png)): null

2018-11-27 16:44:32 - [TEST_STEP][PASSED] - Statement - counter = counter + 1: null

2018-11-27 16:44:32 - [TEST_STEP][PASSED] - Statement - PreSaveFile = new java.io.File(((pathPrefix + java.lang.Integer.toString(counter)) + .png)): null

2018-11-27 16:44:32 - [TEST_STEP][PASSED] - Statement - counter = counter + 1: null

2018-11-27 16:44:32 - [TEST_STEP][PASSED] - Statement - PreSaveFile = new java.io.File(((pathPrefix + java.lang.Integer.toString(counter)) + .png)): null

2018-11-27 16:44:32 - [TEST_STEP][PASSED] - Statement - counter = counter + 1: null

2018-11-27 16:44:32 - [TEST_STEP][PASSED] - Statement - PreSaveFile = new java.io.File(((pathPrefix + java.lang.Integer.toString(counter)) + .png)): null

2018-11-27 16:44:32 - [TEST_STEP][PASSED] - Statement - counter = counter + 1: null

2018-11-27 16:44:32 - [TEST_STEP][PASSED] - Statement - PreSaveFile = new java.io.File(((pathPrefix + java.lang.Integer.toString(counter)) + .png)): null

2018-11-27 16:44:32 - [TEST_STEP][PASSED] - Statement - counter = counter + 1: null

2018-11-27 16:44:32 - [TEST_STEP][PASSED] - Statement - PreSaveFile = new java.io.File(((pathPrefix + java.lang.Integer.toString(counter)) + .png)): null

2018-11-27 16:44:32 - [TEST_STEP][PASSED] - Statement - counter = counter + 1: null

2018-11-27 16:44:32 - [TEST_STEP][PASSED] - Statement - PreSaveFile = new java.io.File(((pathPrefix + java.lang.Integer.toString(counter)) + .png)): null

2018-11-27 16:44:32 - [TEST_STEP][PASSED] - Statement - counter = counter + 1: null

2018-11-27 16:44:32 - [TEST_STEP][PASSED] - Statement - PreSaveFile = new java.io.File(((pathPrefix + java.lang.Integer.toString(counter)) + .png)): null

2018-11-27 16:44:32 - [TEST_STEP][PASSED] - Statement - counter = counter + 1: null

2018-11-27 16:44:32 - [TEST_STEP][PASSED] - Statement - PreSaveFile = new java.io.File(((pathPrefix + java.lang.Integer.toString(counter)) + .png)): null

2018-11-27 16:44:32 - [TEST_STEP][PASSED] - Statement - counter = counter + 1: null

2018-11-27 16:44:32 - [TEST_STEP][PASSED] - Statement - PreSaveFile = new java.io.File(((pathPrefix + java.lang.Integer.toString(counter)) + .png)): null

2018-11-27 16:44:32 - [TEST_STEP][PASSED] - Statement - counter = counter + 1: null

2018-11-27 16:44:32 - [TEST_STEP][PASSED] - Statement - PreSaveFile = new java.io.File(((pathPrefix + java.lang.Integer.toString(counter)) + .png)): null

2018-11-27 16:44:32 - [TEST_STEP][PASSED] - Statement - counter = counter + 1: null

2018-11-27 16:44:32 - [TEST_STEP][PASSED] - Statement - PreSaveFile = new java.io.File(((pathPrefix + java.lang.Integer.toString(counter)) + .png)): null

2018-11-27 16:44:32 - [TEST_STEP][PASSED] - Statement - counter = counter + 1: null

2018-11-27 16:44:32 - [TEST_STEP][PASSED] - Statement - PreSaveFile = new java.io.File(((pathPrefix + java.lang.Integer.toString(counter)) + .png)): null

2018-11-27 16:44:32 - [TEST_STEP][PASSED] - Statement - counter = counter + 1: null

2018-11-27 16:44:32 - [TEST_STEP][PASSED] - Statement - PreSaveFile = new java.io.File(((pathPrefix + java.lang.Integer.toString(counter)) + .png)): null

2018-11-27 16:44:32 - [TEST_STEP][PASSED] - Statement - counter = counter + 1: null

2018-11-27 16:44:32 - [TEST_STEP][PASSED] - Statement - PreSaveFile = new java.io.File(((pathPrefix + java.lang.Integer.toString(counter)) + .png)): null

2018-11-27 16:44:32 - [TEST_STEP][PASSED] - Statement - counter = counter + 1: null

2018-11-27 16:44:32 - [TEST_STEP][PASSED] - Statement - PreSaveFile = new java.io.File(((pathPrefix + java.lang.Integer.toString(counter)) + .png)): null

2018-11-27 16:44:32 - [TEST_STEP][PASSED] - Statement - counter = counter + 1: null

2018-11-27 16:44:32 - [TEST_STEP][PASSED] - Statement - PreSaveFile = new java.io.File(((pathPrefix + java.lang.Integer.toString(counter)) + .png)): null

2018-11-27 16:44:32 - [TEST_STEP][PASSED] - Statement - counter = counter + 1: null

2018-11-27 16:44:32 - [TEST_STEP][PASSED] - Statement - PreSaveFile = new java.io.File(((pathPrefix + java.lang.Integer.toString(counter)) + .png)): null

2018-11-27 16:44:32 - [TEST_STEP][PASSED] - Statement - counter = counter + 1: null

2018-11-27 16:44:32 - [TEST_STEP][PASSED] - Statement - PreSaveFile = new java.io.File(((pathPrefix + java.lang.Integer.toString(counter)) + .png)): null

2018-11-27 16:44:32 - [TEST_STEP][PASSED] - Statement - counter = counter + 1: null

2018-11-27 16:44:32 - [TEST_STEP][PASSED] - Statement - PreSaveFile = new java.io.File(((pathPrefix + java.lang.Integer.toString(counter)) + .png)): null

2018-11-27 16:44:32 - [TEST_STEP][PASSED] - Statement - counter = counter + 1: null

2018-11-27 16:44:32 - [TEST_STEP][PASSED] - Statement - PreSaveFile = new java.io.File(((pathPrefix + java.lang.Integer.toString(counter)) + .png)): null

2018-11-27 16:44:32 - [TEST_STEP][PASSED] - Statement - counter = counter + 1: null

2018-11-27 16:44:32 - [TEST_STEP][PASSED] - Statement - PreSaveFile = new java.io.File(((pathPrefix + java.lang.Integer.toString(counter)) + .png)): null

2018-11-27 16:44:32 - [TEST_STEP][PASSED] - Statement - counter = counter + 1: null

2018-11-27 16:44:32 - [TEST_STEP][PASSED] - Statement - PreSaveFile = new java.io.File(((pathPrefix + java.lang.Integer.toString(counter)) + .png)): null

2018-11-27 16:44:32 - [TEST_STEP][PASSED] - Statement - counter = counter + 1: null

2018-11-27 16:44:32 - [TEST_STEP][PASSED] - Statement - PreSaveFile = new java.io.File(((pathPrefix + java.lang.Integer.toString(counter)) + .png)): null

2018-11-27 16:44:32 - [TEST_STEP][PASSED] - Statement - counter = counter + 1: null

2018-11-27 16:44:32 - [TEST_STEP][PASSED] - Statement - PreSaveFile = new java.io.File(((pathPrefix + java.lang.Integer.toString(counter)) + .png)): null

2018-11-27 16:44:32 - [TEST_STEP][PASSED] - Statement - counter = counter + 1: null

2018-11-27 16:44:32 - [TEST_STEP][PASSED] - Statement - PreSaveFile = new java.io.File(((pathPrefix + java.lang.Integer.toString(counter)) + .png)): null

2018-11-27 16:44:32 - [TEST_STEP][PASSED] - Statement - counter = counter + 1: null

2018-11-27 16:44:32 - [TEST_STEP][PASSED] - Statement - PreSaveFile = new java.io.File(((pathPrefix + java.lang.Integer.toString(counter)) + .png)): null

2018-11-27 16:44:32 - [TEST_STEP][PASSED] - Statement - counter = counter + 1: null

2018-11-27 16:44:32 - [TEST_STEP][PASSED] - Statement - PreSaveFile = new java.io.File(((pathPrefix + java.lang.Integer.toString(counter)) + .png)): null

2018-11-27 16:44:32 - [TEST_STEP][PASSED] - Statement - counter = counter + 1: null

2018-11-27 16:44:32 - [TEST_STEP][PASSED] - Statement - PreSaveFile = new java.io.File(((pathPrefix + java.lang.Integer.toString(counter)) + .png)): null

2018-11-27 16:44:32 - [TEST_STEP][PASSED] - Statement - counter = counter + 1: null

2018-11-27 16:44:32 - [TEST_STEP][PASSED] - Statement - PreSaveFile = new java.io.File(((pathPrefix + java.lang.Integer.toString(counter)) + .png)): null

2018-11-27 16:44:32 - [TEST_STEP][PASSED] - Statement - counter = counter + 1: null

2018-11-27 16:44:32 - [TEST_STEP][PASSED] - Statement - PreSaveFile = new java.io.File(((pathPrefix + java.lang.Integer.toString(counter)) + .png)): null

2018-11-27 16:44:32 - [TEST_STEP][PASSED] - Statement - counter = counter + 1: null

2018-11-27 16:44:32 - [TEST_STEP][PASSED] - Statement - PreSaveFile = new java.io.File(((pathPrefix + java.lang.Integer.toString(counter)) + .png)): null

2018-11-27 16:44:32 - [TEST_STEP][PASSED] - Statement - counter = counter + 1: null

2018-11-27 16:44:32 - [TEST_STEP][PASSED] - Statement - PreSaveFile = new java.io.File(((pathPrefix + java.lang.Integer.toString(counter)) + .png)): null

2018-11-27 16:44:32 - [TEST_STEP][PASSED] - Statement - counter = counter + 1: null

2018-11-27 16:44:32 - [TEST_STEP][PASSED] - Statement - PreSaveFile = new java.io.File(((pathPrefix + java.lang.Integer.toString(counter)) + .png)): null

2018-11-27 16:44:32 - [TEST_STEP][PASSED] - Statement - counter = counter + 1: null

2018-11-27 16:44:32 - [TEST_STEP][PASSED] - Statement - PreSaveFile = new java.io.File(((pathPrefix + java.lang.Integer.toString(counter)) + .png)): null

2018-11-27 16:44:32 - [TEST_STEP][PASSED] - Statement - counter = counter + 1: null

2018-11-27 16:44:32 - [TEST_STEP][PASSED] - Statement - PreSaveFile = new java.io.File(((pathPrefix + java.lang.Integer.toString(counter)) + .png)): null

2018-11-27 16:44:32 - [TEST_STEP][PASSED] - Statement - counter = counter + 1: null

2018-11-27 16:44:32 - [TEST_STEP][PASSED] - Statement - PreSaveFile = new java.io.File(((pathPrefix + java.lang.Integer.toString(counter)) + .png)): null

2018-11-27 16:44:32 - [TEST_STEP][PASSED] - Statement - counter = counter + 1: null

2018-11-27 16:44:32 - [TEST_STEP][PASSED] - Statement - PreSaveFile = new java.io.File(((pathPrefix + java.lang.Integer.toString(counter)) + .png)): null

2018-11-27 16:44:32 - [TEST_STEP][PASSED] - Statement - counter = counter + 1: null

2018-11-27 16:44:32 - [TEST_STEP][PASSED] - Statement - PreSaveFile = new java.io.File(((pathPrefix + java.lang.Integer.toString(counter)) + .png)): null

2018-11-27 16:44:32 - [TEST_STEP][PASSED] - Statement - counter = counter + 1: null

2018-11-27 16:44:32 - [TEST_STEP][PASSED] - Statement - PreSaveFile = new java.io.File(((pathPrefix + java.lang.Integer.toString(counter)) + .png)): null

2018-11-27 16:44:32 - [TEST_STEP][PASSED] - Statement - counter = counter + 1: null

2018-11-27 16:44:32 - [TEST_STEP][PASSED] - Statement - PreSaveFile = new java.io.File(((pathPrefix + java.lang.Integer.toString(counter)) + .png)): null

2018-11-27 16:44:32 - [TEST_STEP][PASSED] - Statement - counter = counter + 1: null

2018-11-27 16:44:32 - [TEST_STEP][PASSED] - Statement - PreSaveFile = new java.io.File(((pathPrefix + java.lang.Integer.toString(counter)) + .png)): null

2018-11-27 16:44:32 - [TEST_STEP][PASSED] - Statement - counter = counter + 1: null

2018-11-27 16:44:32 - [TEST_STEP][PASSED] - Statement - PreSaveFile = new java.io.File(((pathPrefix + java.lang.Integer.toString(counter)) + .png)): null

2018-11-27 16:44:32 - [TEST_STEP][PASSED] - Statement - counter = counter + 1: null

2018-11-27 16:44:32 - [TEST_STEP][PASSED] - Statement - PreSaveFile = new java.io.File(((pathPrefix + java.lang.Integer.toString(counter)) + .png)): null

2018-11-27 16:44:32 - [TEST_STEP][PASSED] - Statement - counter = counter + 1: null

2018-11-27 16:44:32 - [TEST_STEP][PASSED] - Statement - PreSaveFile = new java.io.File(((pathPrefix + java.lang.Integer.toString(counter)) + .png)): null

2018-11-27 16:44:32 - [TEST_STEP][PASSED] - Statement - counter = counter + 1: null

2018-11-27 16:44:32 - [TEST_STEP][PASSED] - Statement - PreSaveFile = new java.io.File(((pathPrefix + java.lang.Integer.toString(counter)) + .png)): null

2018-11-27 16:44:32 - [TEST_STEP][PASSED] - Statement - counter = counter + 1: null

2018-11-27 16:44:32 - [TEST_STEP][PASSED] - Statement - PreSaveFile = new java.io.File(((pathPrefix + java.lang.Integer.toString(counter)) + .png)): null

2018-11-27 16:44:32 - [TEST_STEP][PASSED] - Statement - counter = counter + 1: null

2018-11-27 16:44:32 - [TEST_STEP][PASSED] - Statement - PreSaveFile = new java.io.File(((pathPrefix + java.lang.Integer.toString(counter)) + .png)): null

2018-11-27 16:44:32 - [TEST_STEP][PASSED] - Statement - counter = counter + 1: null

2018-11-27 16:44:32 - [TEST_STEP][PASSED] - Statement - PreSaveFile = new java.io.File(((pathPrefix + java.lang.Integer.toString(counter)) + .png)): null

2018-11-27 16:44:32 - [TEST_STEP][PASSED] - Statement - counter = counter + 1: null

2018-11-27 16:44:32 - [TEST_STEP][PASSED] - Statement - PreSaveFile = new java.io.File(((pathPrefix + java.lang.Integer.toString(counter)) + .png)): null

2018-11-27 16:44:32 - [TEST_STEP][PASSED] - Statement - counter = counter + 1: null

2018-11-27 16:44:32 - [TEST_STEP][PASSED] - Statement - PreSaveFile = new java.io.File(((pathPrefix + java.lang.Integer.toString(counter)) + .png)): null

2018-11-27 16:44:32 - [TEST_STEP][PASSED] - Statement - counter = counter + 1: null

2018-11-27 16:44:32 - [TEST_STEP][PASSED] - Statement - PreSaveFile = new java.io.File(((pathPrefix + java.lang.Integer.toString(counter)) + .png)): null

2018-11-27 16:44:32 - [TEST_STEP][PASSED] - Statement - counter = counter + 1: null

2018-11-27 16:44:32 - [TEST_STEP][PASSED] - Statement - PreSaveFile = new java.io.File(((pathPrefix + java.lang.Integer.toString(counter)) + .png)): null

2018-11-27 16:44:32 - [TEST_STEP][PASSED] - Statement - counter = counter + 1: null

2018-11-27 16:44:32 - [TEST_STEP][PASSED] - Statement - PreSaveFile = new java.io.File(((pathPrefix + java.lang.Integer.toString(counter)) + .png)): null

2018-11-27 16:44:32 - [TEST_STEP][PASSED] - Statement - counter = counter + 1: null

2018-11-27 16:44:32 - [TEST_STEP][PASSED] - Statement - PreSaveFile = new java.io.File(((pathPrefix + java.lang.Integer.toString(counter)) + .png)): null

2018-11-27 16:44:32 - [TEST_STEP][PASSED] - Statement - counter = counter + 1: null

2018-11-27 16:44:32 - [TEST_STEP][PASSED] - Statement - PreSaveFile = new java.io.File(((pathPrefix + java.lang.Integer.toString(counter)) + .png)): null

2018-11-27 16:44:32 - [TEST_STEP][PASSED] - Statement - counter = counter + 1: null

2018-11-27 16:44:32 - [TEST_STEP][PASSED] - Statement - PreSaveFile = new java.io.File(((pathPrefix + java.lang.Integer.toString(counter)) + .png)): null

2018-11-27 16:44:32 - [TEST_STEP][PASSED] - Statement - counter = counter + 1: null

2018-11-27 16:44:32 - [TEST_STEP][PASSED] - Statement - PreSaveFile = new java.io.File(((pathPrefix + java.lang.Integer.toString(counter)) + .png)): null

2018-11-27 16:44:32 - [TEST_STEP][PASSED] - Statement - counter = counter + 1: null

2018-11-27 16:44:32 - [TEST_STEP][PASSED] - Statement - PreSaveFile = new java.io.File(((pathPrefix + java.lang.Integer.toString(counter)) + .png)): null

2018-11-27 16:44:32 - [TEST_STEP][PASSED] - Statement - counter = counter + 1: null

2018-11-27 16:44:32 - [TEST_STEP][PASSED] - Statement - PreSaveFile = new java.io.File(((pathPrefix + java.lang.Integer.toString(counter)) + .png)): null

2018-11-27 16:44:32 - [TEST_STEP][PASSED] - Statement - counter = counter + 1: null

2018-11-27 16:44:32 - [TEST_STEP][PASSED] - Statement - PreSaveFile = new java.io.File(((pathPrefix + java.lang.Integer.toString(counter)) + .png)): null

2018-11-27 16:44:32 - [TEST_STEP][PASSED] - Statement - counter = counter + 1: null

2018-11-27 16:44:32 - [TEST_STEP][PASSED] - Statement - PreSaveFile = new java.io.File(((pathPrefix + java.lang.Integer.toString(counter)) + .png)): null

2018-11-27 16:44:32 - [TEST_STEP][PASSED] - Statement - counter = counter + 1: null

2018-11-27 16:44:32 - [TEST_STEP][PASSED] - Statement - PreSaveFile = new java.io.File(((pathPrefix + java.lang.Integer.toString(counter)) + .png)): null

2018-11-27 16:44:32 - [TEST_STEP][PASSED] - Statement - counter = counter + 1: null

2018-11-27 16:44:32 - [TEST_STEP][PASSED] - Statement - PreSaveFile = new java.io.File(((pathPrefix + java.lang.Integer.toString(counter)) + .png)): null

2018-11-27 16:44:32 - [TEST_STEP][PASSED] - Statement - counter = counter + 1: null

2018-11-27 16:44:32 - [TEST_STEP][PASSED] - Statement - PreSaveFile = new java.io.File(((pathPrefix + java.lang.Integer.toString(counter)) + .png)): null

2018-11-27 16:44:32 - [TEST_STEP][PASSED] - Statement - counter = counter + 1: null

2018-11-27 16:44:32 - [TEST_STEP][PASSED] - Statement - PreSaveFile = new java.io.File(((pathPrefix + java.lang.Integer.toString(counter)) + .png)): null

2018-11-27 16:44:32 - [TEST_STEP][PASSED] - Statement - counter = counter + 1: null

2018-11-27 16:44:32 - [TEST_STEP][PASSED] - Statement - PreSaveFile = new java.io.File(((pathPrefix + java.lang.Integer.toString(counter)) + .png)): null

2018-11-27 16:44:32 - [TEST_STEP][PASSED] - Statement - counter = counter + 1: null

2018-11-27 16:44:32 - [TEST_STEP][PASSED] - Statement - PreSaveFile = new java.io.File(((pathPrefix + java.lang.Integer.toString(counter)) + .png)): null

2018-11-27 16:44:32 - [TEST_STEP][PASSED] - Statement - counter = counter + 1: null

2018-11-27 16:44:32 - [TEST_STEP][PASSED] - Statement - PreSaveFile = new java.io.File(((pathPrefix + java.lang.Integer.toString(counter)) + .png)): null

2018-11-27 16:44:32 - [TEST_STEP][PASSED] - Statement - counter = counter + 1: null

2018-11-27 16:44:32 - [TEST_STEP][PASSED] - Statement - PreSaveFile = new java.io.File(((pathPrefix + java.lang.Integer.toString(counter)) + .png)): null

2018-11-27 16:44:32 - [TEST_STEP][PASSED] - Statement - counter = counter + 1: null

2018-11-27 16:44:32 - [TEST_STEP][PASSED] - Statement - PreSaveFile = new java.io.File(((pathPrefix + java.lang.Integer.toString(counter)) + .png)): null

2018-11-27 16:44:32 - [TEST_STEP][PASSED] - Statement - counter = counter + 1: null

2018-11-27 16:44:32 - [TEST_STEP][PASSED] - Statement - PreSaveFile = new java.io.File(((pathPrefix + java.lang.Integer.toString(counter)) + .png)): null

2018-11-27 16:44:32 - [TEST_STEP][PASSED] - Statement - counter = counter + 1: null

2018-11-27 16:44:32 - [TEST_STEP][PASSED] - Statement - PreSaveFile = new java.io.File(((pathPrefix + java.lang.Integer.toString(counter)) + .png)): null

2018-11-27 16:44:32 - [TEST_STEP][PASSED] - Statement - counter = counter + 1: null

2018-11-27 16:44:32 - [TEST_STEP][PASSED] - Statement - PreSaveFile = new java.io.File(((pathPrefix + java.lang.Integer.toString(counter)) + .png)): null

2018-11-27 16:44:32 - [TEST_STEP][PASSED] - Statement - counter = counter + 1: null

2018-11-27 16:44:32 - [TEST_STEP][PASSED] - Statement - PreSaveFile = new java.io.File(((pathPrefix + java.lang.Integer.toString(counter)) + .png)): null

2018-11-27 16:44:32 - [TEST_STEP][PASSED] - Statement - counter = counter + 1: null

2018-11-27 16:44:32 - [TEST_STEP][PASSED] - Statement - PreSaveFile = new java.io.File(((pathPrefix + java.lang.Integer.toString(counter)) + .png)): null

2018-11-27 16:44:32 - [TEST_STEP][PASSED] - Statement - counter = counter + 1: null

2018-11-27 16:44:32 - [TEST_STEP][PASSED] - Statement - PreSaveFile = new java.io.File(((pathPrefix + java.lang.Integer.toString(counter)) + .png)): null

2018-11-27 16:44:32 - [TEST_STEP][PASSED] - Statement - counter = counter + 1: null

2018-11-27 16:44:32 - [TEST_STEP][PASSED] - Statement - PreSaveFile = new java.io.File(((pathPrefix + java.lang.Integer.toString(counter)) + .png)): null

2018-11-27 16:44:32 - [TEST_STEP][PASSED] - Statement - counter = counter + 1: null

2018-11-27 16:44:32 - [TEST_STEP][PASSED] - Statement - PreSaveFile = new java.io.File(((pathPrefix + java.lang.Integer.toString(counter)) + .png)): null

2018-11-27 16:44:32 - [TEST_STEP][PASSED] - Statement - counter = counter + 1: null

2018-11-27 16:44:32 - [TEST_STEP][PASSED] - Statement - PreSaveFile = new java.io.File(((pathPrefix + java.lang.Integer.toString(counter)) + .png)): null

2018-11-27 16:44:32 - [TEST_STEP][PASSED] - Statement - counter = counter + 1: null

2018-11-27 16:44:32 - [TEST_STEP][PASSED] - Statement - PreSaveFile = new java.io.File(((pathPrefix + java.lang.Integer.toString(counter)) + .png)): null

2018-11-27 16:44:32 - [TEST_STEP][PASSED] - Statement - counter = counter + 1: null

2018-11-27 16:44:32 - [TEST_STEP][PASSED] - Statement - PreSaveFile = new java.io.File(((pathPrefix + java.lang.Integer.toString(counter)) + .png)): null

2018-11-27 16:44:32 - [TEST_STEP][PASSED] - Statement - counter = counter + 1: null

2018-11-27 16:44:32 - [TEST_STEP][PASSED] - Statement - PreSaveFile = new java.io.File(((pathPrefix + java.lang.Integer.toString(counter)) + .png)): null

2018-11-27 16:44:32 - [TEST_STEP][PASSED] - Statement - counter = counter + 1: null

2018-11-27 16:44:32 - [TEST_STEP][PASSED] - Statement - PreSaveFile = new java.io.File(((pathPrefix + java.lang.Integer.toString(counter)) + .png)): null

2018-11-27 16:44:32 - [TEST_STEP][PASSED] - Statement - counter = counter + 1: null

2018-11-27 16:44:32 - [TEST_STEP][PASSED] - Statement - PreSaveFile = new java.io.File(((pathPrefix + java.lang.Integer.toString(counter)) + .png)): null

2018-11-27 16:44:32 - [TEST_STEP][PASSED] - Statement - counter = counter + 1: null

2018-11-27 16:44:32 - [TEST_STEP][PASSED] - Statement - PreSaveFile = new java.io.File(((pathPrefix + java.lang.Integer.toString(counter)) + .png)): null

2018-11-27 16:44:32 - [TEST_STEP][PASSED] - Statement - counter = counter + 1: null

2018-11-27 16:44:32 - [TEST_STEP][PASSED] - Statement - PreSaveFile = new java.io.File(((pathPrefix + java.lang.Integer.toString(counter)) + .png)): null

2018-11-27 16:44:32 - [TEST_STEP][PASSED] - Statement - counter = counter + 1: null

2018-11-27 16:44:32 - [TEST_STEP][PASSED] - Statement - PreSaveFile = new java.io.File(((pathPrefix + java.lang.Integer.toString(counter)) + .png)): null

2018-11-27 16:44:32 - [TEST_STEP][PASSED] - Statement - counter = counter + 1: null

2018-11-27 16:44:32 - [TEST_STEP][PASSED] - Statement - PreSaveFile = new java.io.File(((pathPrefix + java.lang.Integer.toString(counter)) + .png)): null

2018-11-27 16:44:32 - [TEST_STEP][PASSED] - Statement - counter = counter + 1: null

2018-11-27 16:44:32 - [TEST_STEP][PASSED] - Statement - PreSaveFile = new java.io.File(((pathPrefix + java.lang.Integer.toString(counter)) + .png)): null

2018-11-27 16:44:32 - [TEST_STEP][PASSED] - Statement - counter = counter + 1: null

2018-11-27 16:44:32 - [TEST_STEP][PASSED] - Statement - PreSaveFile = new java.io.File(((pathPrefix + java.lang.Integer.toString(counter)) + .png)): null

2018-11-27 16:44:32 - [TEST_STEP][PASSED] - Statement - counter = counter + 1: null

2018-11-27 16:44:32 - [TEST_STEP][PASSED] - Statement - PreSaveFile = new java.io.File(((pathPrefix + java.lang.Integer.toString(counter)) + .png)): null

2018-11-27 16:44:32 - [TEST_STEP][PASSED] - Statement - counter = counter + 1: null

2018-11-27 16:44:32 - [TEST_STEP][PASSED] - Statement - PreSaveFile = new java.io.File(((pathPrefix + java.lang.Integer.toString(counter)) + .png)): null

2018-11-27 16:44:32 - [TEST_STEP][PASSED] - Statement - counter = counter + 1: null

2018-11-27 16:44:32 - [TEST_STEP][PASSED] - Statement - PreSaveFile = new java.io.File(((pathPrefix + java.lang.Integer.toString(counter)) + .png)): null

2018-11-27 16:44:32 - [TEST_STEP][PASSED] - Statement - counter = counter + 1: null

2018-11-27 16:44:32 - [TEST_STEP][PASSED] - Statement - PreSaveFile = new java.io.File(((pathPrefix + java.lang.Integer.toString(counter)) + .png)): null

2018-11-27 16:44:32 - [TEST_STEP][PASSED] - Statement - counter = counter + 1: null

2018-11-27 16:44:32 - [TEST_STEP][PASSED] - Statement - PreSaveFile = new java.io.File(((pathPrefix + java.lang.Integer.toString(counter)) + .png)): null

2018-11-27 16:44:32 - [TEST_STEP][PASSED] - Statement - counter = counter + 1: null

2018-11-27 16:44:32 - [TEST_STEP][PASSED] - Statement - PreSaveFile = new java.io.File(((pathPrefix + java.lang.Integer.toString(counter)) + .png)): null

2018-11-27 16:44:32 - [TEST_STEP][PASSED] - Statement - counter = counter + 1: null

2018-11-27 16:44:32 - [TEST_STEP][PASSED] - Statement - PreSaveFile = new java.io.File(((pathPrefix + java.lang.Integer.toString(counter)) + .png)): null

2018-11-27 16:44:32 - [TEST_STEP][PASSED] - Statement - counter = counter + 1: null

2018-11-27 16:44:32 - [TEST_STEP][PASSED] - Statement - PreSaveFile = new java.io.File(((pathPrefix + java.lang.Integer.toString(counter)) + .png)): null

2018-11-27 16:44:32 - [TEST_STEP][PASSED] - Statement - counter = counter + 1: null

2018-11-27 16:44:32 - [TEST_STEP][PASSED] - Statement - PreSaveFile = new java.io.File(((pathPrefix + java.lang.Integer.toString(counter)) + .png)): null

2018-11-27 16:44:32 - [TEST_STEP][PASSED] - Statement - counter = counter + 1: null

2018-11-27 16:44:32 - [TEST_STEP][PASSED] - Statement - PreSaveFile = new java.io.File(((pathPrefix + java.lang.Integer.toString(counter)) + .png)): null

2018-11-27 16:44:32 - [TEST_STEP][PASSED] - Statement - counter = counter + 1: null

2018-11-27 16:44:32 - [TEST_STEP][PASSED] - Statement - PreSaveFile = new java.io.File(((pathPrefix + java.lang.Integer.toString(counter)) + .png)): null

2018-11-27 16:44:32 - [TEST_STEP][PASSED] - Statement - counter = counter + 1: null

2018-11-27 16:44:32 - [TEST_STEP][PASSED] - Statement - PreSaveFile = new java.io.File(((pathPrefix + java.lang.Integer.toString(counter)) + .png)): null

2018-11-27 16:44:32 - [TEST_STEP][PASSED] - Statement - counter = counter + 1: null

2018-11-27 16:44:32 - [TEST_STEP][PASSED] - Statement - PreSaveFile = new java.io.File(((pathPrefix + java.lang.Integer.toString(counter)) + .png)): null

2018-11-27 16:44:32 - [TEST_STEP][PASSED] - Statement - counter = counter + 1: null

2018-11-27 16:44:32 - [TEST_STEP][PASSED] - Statement - PreSaveFile = new java.io.File(((pathPrefix + java.lang.Integer.toString(counter)) + .png)): null

2018-11-27 16:44:32 - [TEST_STEP][PASSED] - Statement - counter = counter + 1: null

2018-11-27 16:44:32 - [TEST_STEP][PASSED] - Statement - PreSaveFile = new java.io.File(((pathPrefix + java.lang.Integer.toString(counter)) + .png)): null

2018-11-27 16:44:32 - [TEST_STEP][PASSED] - Statement - counter = counter + 1: null

2018-11-27 16:44:32 - [TEST_STEP][PASSED] - Statement - PreSaveFile = new java.io.File(((pathPrefix + java.lang.Integer.toString(counter)) + .png)): null

2018-11-27 16:44:32 - [TEST_STEP][PASSED] - Statement - counter = counter + 1: null

2018-11-27 16:44:32 - [TEST_STEP][PASSED] - Statement - PreSaveFile = new java.io.File(((pathPrefix + java.lang.Integer.toString(counter)) + .png)): null

2018-11-27 16:44:32 - [TEST_STEP][PASSED] - Statement - counter = counter + 1: null

2018-11-27 16:44:32 - [TEST_STEP][PASSED] - Statement - PreSaveFile = new java.io.File(((pathPrefix + java.lang.Integer.toString(counter)) + .png)): null

2018-11-27 16:44:32 - [TEST_STEP][PASSED] - Statement - counter = counter + 1: null

2018-11-27 16:44:32 - [TEST_STEP][PASSED] - Statement - PreSaveFile = new java.io.File(((pathPrefix + java.lang.Integer.toString(counter)) + .png)): null

2018-11-27 16:44:32 - [TEST_STEP][PASSED] - Statement - counter = counter + 1: null

2018-11-27 16:44:32 - [TEST_STEP][PASSED] - Statement - PreSaveFile = new java.io.File(((pathPrefix + java.lang.Integer.toString(counter)) + .png)): null

2018-11-27 16:44:32 - [TEST_STEP][PASSED] - Statement - counter = counter + 1: null

2018-11-27 16:44:32 - [TEST_STEP][PASSED] - Statement - PreSaveFile = new java.io.File(((pathPrefix + java.lang.Integer.toString(counter)) + .png)): null

2018-11-27 16:44:32 - [TEST_STEP][PASSED] - Statement - counter = counter + 1: null

2018-11-27 16:44:32 - [TEST_STEP][PASSED] - Statement - PreSaveFile = new java.io.File(((pathPrefix + java.lang.Integer.toString(counter)) + .png)): null

2018-11-27 16:44:32 - [TEST_STEP][PASSED] - Statement - counter = counter + 1: null

2018-11-27 16:44:32 - [TEST_STEP][PASSED] - Statement - PreSaveFile = new java.io.File(((pathPrefix + java.lang.Integer.toString(counter)) + .png)): null

2018-11-27 16:44:32 - [TEST_STEP][PASSED] - Statement - counter = counter + 1: null

2018-11-27 16:44:32 - [TEST_STEP][PASSED] - Statement - PreSaveFile = new java.io.File(((pathPrefix + java.lang.Integer.toString(counter)) + .png)): null

2018-11-27 16:44:32 - [TEST_STEP][PASSED] - Statement - counter = counter + 1: null

2018-11-27 16:44:32 - [TEST_STEP][PASSED] - Statement - PreSaveFile = new java.io.File(((pathPrefix + java.lang.Integer.toString(counter)) + .png)): null

2018-11-27 16:44:32 - [TEST_STEP][PASSED] - Statement - counter = counter + 1: null

2018-11-27 16:44:32 - [TEST_STEP][PASSED] - Statement - PreSaveFile = new java.io.File(((pathPrefix + java.lang.Integer.toString(counter)) + .png)): null

2018-11-27 16:44:32 - [TEST_STEP][PASSED] - Statement - counter = counter + 1: null

2018-11-27 16:44:32 - [TEST_STEP][PASSED] - Statement - PreSaveFile = new java.io.File(((pathPrefix + java.lang.Integer.toString(counter)) + .png)): null

2018-11-27 16:44:32 - [TEST_STEP][PASSED] - Statement - counter = counter + 1: null

2018-11-27 16:44:32 - [TEST_STEP][PASSED] - Statement - PreSaveFile = new java.io.File(((pathPrefix + java.lang.Integer.toString(counter)) + .png)): null

2018-11-27 16:44:32 - [TEST_STEP][PASSED] - Statement - counter = counter + 1: null

2018-11-27 16:44:32 - [TEST_STEP][PASSED] - Statement - PreSaveFile = new java.io.File(((pathPrefix + java.lang.Integer.toString(counter)) + .png)): null

2018-11-27 16:44:32 - [TEST_STEP][PASSED] - Statement - counter = counter + 1: null

2018-11-27 16:44:32 - [TEST_STEP][PASSED] - Statement - PreSaveFile = new java.io.File(((pathPrefix + java.lang.Integer.toString(counter)) + .png)): null

2018-11-27 16:44:32 - [TEST_STEP][PASSED] - Statement - counter = counter + 1: null

2018-11-27 16:44:32 - [TEST_STEP][PASSED] - Statement - PreSaveFile = new java.io.File(((pathPrefix + java.lang.Integer.toString(counter)) + .png)): null

2018-11-27 16:44:32 - [TEST_STEP][PASSED] - Statement - counter = counter + 1: null

2018-11-27 16:44:32 - [TEST_STEP][PASSED] - Statement - PreSaveFile = new java.io.File(((pathPrefix + java.lang.Integer.toString(counter)) + .png)): null

2018-11-27 16:44:32 - [TEST_STEP][PASSED] - Statement - counter = counter + 1: null

2018-11-27 16:44:32 - [TEST_STEP][PASSED] - Statement - PreSaveFile = new java.io.File(((pathPrefix + java.lang.Integer.toString(counter)) + .png)): null

2018-11-27 16:44:32 - [TEST_STEP][PASSED] - Statement - counter = counter + 1: null

2018-11-27 16:44:32 - [TEST_STEP][PASSED] - Statement - PreSaveFile = new java.io.File(((pathPrefix + java.lang.Integer.toString(counter)) + .png)): null

2018-11-27 16:44:32 - [TEST_STEP][PASSED] - Statement - counter = counter + 1: null

2018-11-27 16:44:32 - [TEST_STEP][PASSED] - Statement - PreSaveFile = new java.io.File(((pathPrefix + java.lang.Integer.toString(counter)) + .png)): null

2018-11-27 16:44:32 - [TEST_STEP][PASSED] - Statement - counter = counter + 1: null

2018-11-27 16:44:32 - [TEST_STEP][PASSED] - Statement - PreSaveFile = new java.io.File(((pathPrefix + java.lang.Integer.toString(counter)) + .png)): null

2018-11-27 16:44:32 - [TEST_STEP][PASSED] - Statement - counter = counter + 1: null

2018-11-27 16:44:32 - [TEST_STEP][PASSED] - Statement - PreSaveFile = new java.io.File(((pathPrefix + java.lang.Integer.toString(counter)) + .png)): null

2018-11-27 16:44:33 - [TEST_STEP][PASSED] - Statement - counter = counter + 1: null

2018-11-27 16:44:33 - [TEST_STEP][PASSED] - Statement - PreSaveFile = new java.io.File(((pathPrefix + java.lang.Integer.toString(counter)) + .png)): null

2018-11-27 16:44:33 - [TEST_STEP][PASSED] - Statement - counter = counter + 1: null

2018-11-27 16:44:33 - [TEST_STEP][PASSED] - Statement - PreSaveFile = new java.io.File(((pathPrefix + java.lang.Integer.toString(counter)) + .png)): null

2018-11-27 16:44:33 - [TEST_STEP][PASSED] - Statement - counter = counter + 1: null

2018-11-27 16:44:33 - [TEST_STEP][PASSED] - Statement - PreSaveFile = new java.io.File(((pathPrefix + java.lang.Integer.toString(counter)) + .png)): null

2018-11-27 16:44:33 - [TEST_STEP][PASSED] - Statement - counter = counter + 1: null

2018-11-27 16:44:33 - [TEST_STEP][PASSED] - Statement - PreSaveFile = new java.io.File(((pathPrefix + java.lang.Integer.toString(counter)) + .png)): null

2018-11-27 16:44:33 - [TEST_STEP][PASSED] - Statement - counter = counter + 1: null

2018-11-27 16:44:33 - [TEST_STEP][PASSED] - Statement - PreSaveFile = new java.io.File(((pathPrefix + java.lang.Integer.toString(counter)) + .png)): null

2018-11-27 16:44:33 - [TEST_STEP][PASSED] - Statement - counter = counter + 1: null

2018-11-27 16:44:33 - [TEST_STEP][PASSED] - Statement - PreSaveFile = new java.io.File(((pathPrefix + java.lang.Integer.toString(counter)) + .png)): null

2018-11-27 16:44:33 - [TEST_STEP][PASSED] - Statement - counter = counter + 1: null

2018-11-27 16:44:33 - [TEST_STEP][PASSED] - Statement - PreSaveFile = new java.io.File(((pathPrefix + java.lang.Integer.toString(counter)) + .png)): null

2018-11-27 16:44:33 - [TEST_STEP][PASSED] - Statement - counter = counter + 1: null

2018-11-27 16:44:33 - [TEST_STEP][PASSED] - Statement - PreSaveFile = new java.io.File(((pathPrefix + java.lang.Integer.toString(counter)) + .png)): null

2018-11-27 16:44:33 - [TEST_STEP][PASSED] - Statement - counter = counter + 1: null

2018-11-27 16:44:33 - [TEST_STEP][PASSED] - Statement - PreSaveFile = new java.io.File(((pathPrefix + java.lang.Integer.toString(counter)) + .png)): null

2018-11-27 16:44:33 - [TEST_STEP][PASSED] - Statement - counter = counter + 1: null

2018-11-27 16:44:33 - [TEST_STEP][PASSED] - Statement - PreSaveFile = new java.io.File(((pathPrefix + java.lang.Integer.toString(counter)) + .png)): null

2018-11-27 16:44:33 - [TEST_STEP][PASSED] - Statement - counter = counter + 1: null

2018-11-27 16:44:33 - [TEST_STEP][PASSED] - Statement - PreSaveFile = new java.io.File(((pathPrefix + java.lang.Integer.toString(counter)) + .png)): null

2018-11-27 16:44:33 - [TEST_STEP][PASSED] - Statement - counter = counter + 1: null

2018-11-27 16:44:33 - [TEST_STEP][PASSED] - Statement - PreSaveFile = new java.io.File(((pathPrefix + java.lang.Integer.toString(counter)) + .png)): null

2018-11-27 16:44:33 - [TEST_STEP][PASSED] - Statement - counter = counter + 1: null

2018-11-27 16:44:33 - [TEST_STEP][PASSED] - Statement - PreSaveFile = new java.io.File(((pathPrefix + java.lang.Integer.toString(counter)) + .png)): null

2018-11-27 16:44:33 - [TEST_STEP][PASSED] - Statement - counter = counter + 1: null

2018-11-27 16:44:33 - [TEST_STEP][PASSED] - Statement - PreSaveFile = new java.io.File(((pathPrefix + java.lang.Integer.toString(counter)) + .png)): null

2018-11-27 16:44:33 - [TEST_STEP][PASSED] - Statement - counter = counter + 1: null

2018-11-27 16:44:33 - [TEST_STEP][PASSED] - Statement - PreSaveFile = new java.io.File(((pathPrefix + java.lang.Integer.toString(counter)) + .png)): null

2018-11-27 16:44:33 - [TEST_STEP][PASSED] - Statement - counter = counter + 1: null

2018-11-27 16:44:33 - [TEST_STEP][PASSED] - Statement - PreSaveFile = new java.io.File(((pathPrefix + java.lang.Integer.toString(counter)) + .png)): null

2018-11-27 16:44:33 - [TEST_STEP][PASSED] - Statement - counter = counter + 1: null

2018-11-27 16:44:33 - [TEST_STEP][PASSED] - Statement - PreSaveFile = new java.io.File(((pathPrefix + java.lang.Integer.toString(counter)) + .png)): null

2018-11-27 16:44:33 - [TEST_STEP][PASSED] - Statement - counter = counter + 1: null

2018-11-27 16:44:33 - [TEST_STEP][PASSED] - Statement - PreSaveFile = new java.io.File(((pathPrefix + java.lang.Integer.toString(counter)) + .png)): null

2018-11-27 16:44:33 - [TEST_STEP][PASSED] - Statement - counter = counter + 1: null

2018-11-27 16:44:33 - [TEST_STEP][PASSED] - Statement - PreSaveFile = new java.io.File(((pathPrefix + java.lang.Integer.toString(counter)) + .png)): null

2018-11-27 16:44:33 - [TEST_STEP][PASSED] - Statement - counter = counter + 1: null

2018-11-27 16:44:33 - [TEST_STEP][PASSED] - Statement - PreSaveFile = new java.io.File(((pathPrefix + java.lang.Integer.toString(counter)) + .png)): null

2018-11-27 16:44:33 - [TEST_STEP][PASSED] - Statement - counter = counter + 1: null

2018-11-27 16:44:33 - [TEST_STEP][PASSED] - Statement - PreSaveFile = new java.io.File(((pathPrefix + java.lang.Integer.toString(counter)) + .png)): null

2018-11-27 16:44:33 - [TEST_STEP][PASSED] - Statement - counter = counter + 1: null

2018-11-27 16:44:33 - [TEST_STEP][PASSED] - Statement - PreSaveFile = new java.io.File(((pathPrefix + java.lang.Integer.toString(counter)) + .png)): null

2018-11-27 16:44:33 - [TEST_STEP][PASSED] - Statement - counter = counter + 1: null

2018-11-27 16:44:33 - [TEST_STEP][PASSED] - Statement - PreSaveFile = new java.io.File(((pathPrefix + java.lang.Integer.toString(counter)) + .png)): null

2018-11-27 16:44:33 - [TEST_STEP][PASSED] - Statement - counter = counter + 1: null

2018-11-27 16:44:33 - [TEST_STEP][PASSED] - Statement - PreSaveFile = new java.io.File(((pathPrefix + java.lang.Integer.toString(counter)) + .png)): null

2018-11-27 16:44:33 - [TEST_STEP][PASSED] - Statement - counter = counter + 1: null

2018-11-27 16:44:33 - [TEST_STEP][PASSED] - Statement - PreSaveFile = new java.io.File(((pathPrefix + java.lang.Integer.toString(counter)) + .png)): null

2018-11-27 16:44:33 - [TEST_STEP][PASSED] - Statement - counter = counter + 1: null

2018-11-27 16:44:33 - [TEST_STEP][PASSED] - Statement - PreSaveFile = new java.io.File(((pathPrefix + java.lang.Integer.toString(counter)) + .png)): null

2018-11-27 16:44:33 - [TEST_STEP][PASSED] - Statement - counter = counter + 1: null

2018-11-27 16:44:33 - [TEST_STEP][PASSED] - Statement - PreSaveFile = new java.io.File(((pathPrefix + java.lang.Integer.toString(counter)) + .png)): null

2018-11-27 16:44:33 - [TEST_STEP][PASSED] - Statement - counter = counter + 1: null

2018-11-27 16:44:33 - [TEST_STEP][PASSED] - Statement - PreSaveFile = new java.io.File(((pathPrefix + java.lang.Integer.toString(counter)) + .png)): null

2018-11-27 16:44:33 - [TEST_STEP][PASSED] - Statement - counter = counter + 1: null

2018-11-27 16:44:33 - [TEST_STEP][PASSED] - Statement - PreSaveFile = new java.io.File(((pathPrefix + java.lang.Integer.toString(counter)) + .png)): null

2018-11-27 16:44:33 - [TEST_STEP][PASSED] - Statement - counter = counter + 1: null

2018-11-27 16:44:33 - [TEST_STEP][PASSED] - Statement - PreSaveFile = new java.io.File(((pathPrefix + java.lang.Integer.toString(counter)) + .png)): null

2018-11-27 16:44:33 - [TEST_STEP][PASSED] - Statement - counter = counter + 1: null

2018-11-27 16:44:33 - [TEST_STEP][PASSED] - Statement - PreSaveFile = new java.io.File(((pathPrefix + java.lang.Integer.toString(counter)) + .png)): null

2018-11-27 16:44:33 - [TEST_STEP][PASSED] - Statement - counter = counter + 1: null

2018-11-27 16:44:33 - [TEST_STEP][PASSED] - Statement - PreSaveFile = new java.io.File(((pathPrefix + java.lang.Integer.toString(counter)) + .png)): null

2018-11-27 16:44:33 - [TEST_STEP][PASSED] - Statement - counter = counter + 1: null

2018-11-27 16:44:33 - [TEST_STEP][PASSED] - Statement - PreSaveFile = new java.io.File(((pathPrefix + java.lang.Integer.toString(counter)) + .png)): null

2018-11-27 16:44:33 - [TEST_STEP][PASSED] - Statement - counter = counter + 1: null

2018-11-27 16:44:33 - [TEST_STEP][PASSED] - Statement - PreSaveFile = new java.io.File(((pathPrefix + java.lang.Integer.toString(counter)) + .png)): null

2018-11-27 16:44:33 - [TEST_STEP][PASSED] - Statement - counter = counter + 1: null

2018-11-27 16:44:33 - [TEST_STEP][PASSED] - Statement - PreSaveFile = new java.io.File(((pathPrefix + java.lang.Integer.toString(counter)) + .png)): null

2018-11-27 16:44:33 - [TEST_STEP][PASSED] - Statement - counter = counter + 1: null

2018-11-27 16:44:33 - [TEST_STEP][PASSED] - Statement - PreSaveFile = new java.io.File(((pathPrefix + java.lang.Integer.toString(counter)) + .png)): null

2018-11-27 16:44:33 - [TEST_STEP][PASSED] - Statement - counter = counter + 1: null

2018-11-27 16:44:33 - [TEST_STEP][PASSED] - Statement - PreSaveFile = new java.io.File(((pathPrefix + java.lang.Integer.toString(counter)) + .png)): null

2018-11-27 16:44:33 - [TEST_STEP][PASSED] - Statement - counter = counter + 1: null

2018-11-27 16:44:33 - [TEST_STEP][PASSED] - Statement - PreSaveFile = new java.io.File(((pathPrefix + java.lang.Integer.toString(counter)) + .png)): null

2018-11-27 16:44:33 - [TEST_STEP][PASSED] - Statement - counter = counter + 1: null

2018-11-27 16:44:33 - [TEST_STEP][PASSED] - Statement - PreSaveFile = new java.io.File(((pathPrefix + java.lang.Integer.toString(counter)) + .png)): null

2018-11-27 16:44:33 - [TEST_STEP][PASSED] - Statement - counter = counter + 1: null

2018-11-27 16:44:33 - [TEST_STEP][PASSED] - Statement - PreSaveFile = new java.io.File(((pathPrefix + java.lang.Integer.toString(counter)) + .png)): null

2018-11-27 16:44:33 - [TEST_STEP][PASSED] - Statement - counter = counter + 1: null

2018-11-27 16:44:33 - [TEST_STEP][PASSED] - Statement - PreSaveFile = new java.io.File(((pathPrefix + java.lang.Integer.toString(counter)) + .png)): null

2018-11-27 16:44:33 - [TEST_STEP][PASSED] - Statement - counter = counter + 1: null

2018-11-27 16:44:33 - [TEST_STEP][PASSED] - Statement - PreSaveFile = new java.io.File(((pathPrefix + java.lang.Integer.toString(counter)) + .png)): null

2018-11-27 16:44:33 - [TEST_STEP][PASSED] - Statement - counter = counter + 1: null

2018-11-27 16:44:33 - [TEST_STEP][PASSED] - Statement - PreSaveFile = new java.io.File(((pathPrefix + java.lang.Integer.toString(counter)) + .png)): null

2018-11-27 16:44:33 - [TEST_STEP][PASSED] - Statement - counter = counter + 1: null

2018-11-27 16:44:33 - [TEST_STEP][PASSED] - Statement - PreSaveFile = new java.io.File(((pathPrefix + java.lang.Integer.toString(counter)) + .png)): null

2018-11-27 16:44:33 - [TEST_STEP][PASSED] - Statement - counter = counter + 1: null

2018-11-27 16:44:33 - [TEST_STEP][PASSED] - Statement - PreSaveFile = new java.io.File(((pathPrefix + java.lang.Integer.toString(counter)) + .png)): null

2018-11-27 16:44:33 - [TEST_STEP][PASSED] - Statement - counter = counter + 1: null

2018-11-27 16:44:33 - [TEST_STEP][PASSED] - Statement - PreSaveFile = new java.io.File(((pathPrefix + java.lang.Integer.toString(counter)) + .png)): null

2018-11-27 16:44:33 - [TEST_STEP][PASSED] - Statement - counter = counter + 1: null

2018-11-27 16:44:33 - [TEST_STEP][PASSED] - Statement - PreSaveFile = new java.io.File(((pathPrefix + java.lang.Integer.toString(counter)) + .png)): null

2018-11-27 16:44:33 - [TEST_STEP][PASSED] - Statement - counter = counter + 1: null

2018-11-27 16:44:33 - [TEST_STEP][PASSED] - Statement - PreSaveFile = new java.io.File(((pathPrefix + java.lang.Integer.toString(counter)) + .png)): null

2018-11-27 16:44:33 - [TEST_STEP][PASSED] - Statement - counter = counter + 1: null

2018-11-27 16:44:33 - [TEST_STEP][PASSED] - Statement - PreSaveFile = new java.io.File(((pathPrefix + java.lang.Integer.toString(counter)) + .png)): null

2018-11-27 16:44:33 - [TEST_STEP][PASSED] - Statement - counter = counter + 1: null

2018-11-27 16:44:33 - [TEST_STEP][PASSED] - Statement - PreSaveFile = new java.io.File(((pathPrefix + java.lang.Integer.toString(counter)) + .png)): null

2018-11-27 16:44:33 - [TEST_STEP][PASSED] - Statement - counter = counter + 1: null

2018-11-27 16:44:33 - [TEST_STEP][PASSED] - Statement - PreSaveFile = new java.io.File(((pathPrefix + java.lang.Integer.toString(counter)) + .png)): null

2018-11-27 16:44:33 - [TEST_STEP][PASSED] - Statement - counter = counter + 1: null

2018-11-27 16:44:33 - [TEST_STEP][PASSED] - Statement - PreSaveFile = new java.io.File(((pathPrefix + java.lang.Integer.toString(counter)) + .png)): null

2018-11-27 16:44:33 - [TEST_STEP][PASSED] - Statement - counter = counter + 1: null

2018-11-27 16:44:33 - [TEST_STEP][PASSED] - Statement - PreSaveFile = new java.io.File(((pathPrefix + java.lang.Integer.toString(counter)) + .png)): null

2018-11-27 16:44:33 - [TEST_STEP][PASSED] - Statement - counter = counter + 1: null

2018-11-27 16:44:33 - [TEST_STEP][PASSED] - Statement - PreSaveFile = new java.io.File(((pathPrefix + java.lang.Integer.toString(counter)) + .png)): null

2018-11-27 16:44:33 - [TEST_STEP][PASSED] - Statement - counter = counter + 1: null

2018-11-27 16:44:33 - [TEST_STEP][PASSED] - Statement - PreSaveFile = new java.io.File(((pathPrefix + java.lang.Integer.toString(counter)) + .png)): null

2018-11-27 16:44:33 - [TEST_STEP][PASSED] - Statement - counter = counter + 1: null

2018-11-27 16:44:33 - [TEST_STEP][PASSED] - Statement - PreSaveFile = new java.io.File(((pathPrefix + java.lang.Integer.toString(counter)) + .png)): null

2018-11-27 16:44:33 - [TEST_STEP][PASSED] - Statement - counter = counter + 1: null

2018-11-27 16:44:33 - [TEST_STEP][PASSED] - Statement - PreSaveFile = new java.io.File(((pathPrefix + java.lang.Integer.toString(counter)) + .png)): null

2018-11-27 16:44:33 - [TEST_STEP][PASSED] - Statement - counter = counter + 1: null

2018-11-27 16:44:33 - [TEST_STEP][PASSED] - Statement - PreSaveFile = new java.io.File(((pathPrefix + java.lang.Integer.toString(counter)) + .png)): null

2018-11-27 16:44:33 - [TEST_STEP][PASSED] - Statement - counter = counter + 1: null

2018-11-27 16:44:33 - [TEST_STEP][PASSED] - Statement - PreSaveFile = new java.io.File(((pathPrefix + java.lang.Integer.toString(counter)) + .png)): null

2018-11-27 16:44:33 - [TEST_STEP][PASSED] - Statement - counter = counter + 1: null

2018-11-27 16:44:33 - [TEST_STEP][PASSED] - Statement - PreSaveFile = new java.io.File(((pathPrefix + java.lang.Integer.toString(counter)) + .png)): null

2018-11-27 16:44:33 - [TEST_STEP][PASSED] - Statement - counter = counter + 1: null

2018-11-27 16:44:33 - [TEST_STEP][PASSED] - Statement - PreSaveFile = new java.io.File(((pathPrefix + java.lang.Integer.toString(counter)) + .png)): null

2018-11-27 16:44:33 - [TEST_STEP][PASSED] - Statement - counter = counter + 1: null

2018-11-27 16:44:33 - [TEST_STEP][PASSED] - Statement - PreSaveFile = new java.io.File(((pathPrefix + java.lang.Integer.toString(counter)) + .png)): null

2018-11-27 16:44:33 - [TEST_STEP][PASSED] - Statement - counter = counter + 1: null

2018-11-27 16:44:33 - [TEST_STEP][PASSED] - Statement - PreSaveFile = new java.io.File(((pathPrefix + java.lang.Integer.toString(counter)) + .png)): null

2018-11-27 16:44:33 - [TEST_STEP][PASSED] - Statement - counter = counter + 1: null

2018-11-27 16:44:33 - [TEST_STEP][PASSED] - Statement - PreSaveFile = new java.io.File(((pathPrefix + java.lang.Integer.toString(counter)) + .png)): null

2018-11-27 16:44:33 - [TEST_STEP][PASSED] - Statement - counter = counter + 1: null

2018-11-27 16:44:33 - [TEST_STEP][PASSED] - Statement - PreSaveFile = new java.io.File(((pathPrefix + java.lang.Integer.toString(counter)) + .png)): null

2018-11-27 16:44:33 - [TEST_STEP][PASSED] - Statement - counter = counter + 1: null

2018-11-27 16:44:33 - [TEST_STEP][PASSED] - Statement - PreSaveFile = new java.io.File(((pathPrefix + java.lang.Integer.toString(counter)) + .png)): null

2018-11-27 16:44:33 - [TEST_STEP][PASSED] - Statement - counter = counter + 1: null

2018-11-27 16:44:33 - [TEST_STEP][PASSED] - Statement - PreSaveFile = new java.io.File(((pathPrefix + java.lang.Integer.toString(counter)) + .png)): null

2018-11-27 16:44:33 - [TEST_STEP][PASSED] - Statement - counter = counter + 1: null

2018-11-27 16:44:33 - [TEST_STEP][PASSED] - Statement - PreSaveFile = new java.io.File(((pathPrefix + java.lang.Integer.toString(counter)) + .png)): null

2018-11-27 16:44:33 - [TEST_STEP][PASSED] - Statement - counter = counter + 1: null

2018-11-27 16:44:33 - [TEST_STEP][PASSED] - Statement - PreSaveFile = new java.io.File(((pathPrefix + java.lang.Integer.toString(counter)) + .png)): null

2018-11-27 16:44:33 - [TEST_STEP][PASSED] - Statement - counter = counter + 1: null

2018-11-27 16:44:33 - [TEST_STEP][PASSED] - Statement - PreSaveFile = new java.io.File(((pathPrefix + java.lang.Integer.toString(counter)) + .png)): null

2018-11-27 16:44:33 - [TEST_STEP][PASSED] - Statement - counter = counter + 1: null

2018-11-27 16:44:33 - [TEST_STEP][PASSED] - Statement - PreSaveFile = new java.io.File(((pathPrefix + java.lang.Integer.toString(counter)) + .png)): null

2018-11-27 16:44:33 - [TEST_STEP][PASSED] - Statement - counter = counter + 1: null

2018-11-27 16:44:33 - [TEST_STEP][PASSED] - Statement - PreSaveFile = new java.io.File(((pathPrefix + java.lang.Integer.toString(counter)) + .png)): null

2018-11-27 16:44:33 - [TEST_STEP][PASSED] - Statement - counter = counter + 1: null

2018-11-27 16:44:33 - [TEST_STEP][PASSED] - Statement - PreSaveFile = new java.io.File(((pathPrefix + java.lang.Integer.toString(counter)) + .png)): null

2018-11-27 16:44:33 - [TEST_STEP][PASSED] - Statement - counter = counter + 1: null

2018-11-27 16:44:33 - [TEST_STEP][PASSED] - Statement - PreSaveFile = new java.io.File(((pathPrefix + java.lang.Integer.toString(counter)) + .png)): null

2018-11-27 16:44:33 - [TEST_STEP][PASSED] - Statement - counter = counter + 1: null

2018-11-27 16:44:33 - [TEST_STEP][PASSED] - Statement - PreSaveFile = new java.io.File(((pathPrefix + java.lang.Integer.toString(counter)) + .png)): null

2018-11-27 16:44:33 - [TEST_STEP][PASSED] - Statement - counter = counter + 1: null

2018-11-27 16:44:33 - [TEST_STEP][PASSED] - Statement - PreSaveFile = new java.io.File(((pathPrefix + java.lang.Integer.toString(counter)) + .png)): null

2018-11-27 16:44:33 - [TEST_STEP][PASSED] - Statement - counter = counter + 1: null

2018-11-27 16:44:33 - [TEST_STEP][PASSED] - Statement - PreSaveFile = new java.io.File(((pathPrefix + java.lang.Integer.toString(counter)) + .png)): null

2018-11-27 16:44:33 - [TEST_STEP][PASSED] - Statement - counter = counter + 1: null

2018-11-27 16:44:33 - [TEST_STEP][PASSED] - Statement - PreSaveFile = new java.io.File(((pathPrefix + java.lang.Integer.toString(counter)) + .png)): null

2018-11-27 16:44:33 - [TEST_STEP][PASSED] - Statement - counter = counter + 1: null

2018-11-27 16:44:33 - [TEST_STEP][PASSED] - Statement - PreSaveFile = new java.io.File(((pathPrefix + java.lang.Integer.toString(counter)) + .png)): null

2018-11-27 16:44:33 - [TEST_STEP][PASSED] - Statement - counter = counter + 1: null

2018-11-27 16:44:33 - [TEST_STEP][PASSED] - Statement - PreSaveFile = new java.io.File(((pathPrefix + java.lang.Integer.toString(counter)) + .png)): null

2018-11-27 16:44:33 - [TEST_STEP][PASSED] - Statement - counter = counter + 1: null

2018-11-27 16:44:33 - [TEST_STEP][PASSED] - Statement - PreSaveFile = new java.io.File(((pathPrefix + java.lang.Integer.toString(counter)) + .png)): null

2018-11-27 16:44:33 - [TEST_STEP][PASSED] - Statement - counter = counter + 1: null

2018-11-27 16:44:33 - [TEST_STEP][PASSED] - Statement - PreSaveFile = new java.io.File(((pathPrefix + java.lang.Integer.toString(counter)) + .png)): null

2018-11-27 16:44:33 - [TEST_STEP][PASSED] - Statement - counter = counter + 1: null

2018-11-27 16:44:33 - [TEST_STEP][PASSED] - Statement - PreSaveFile = new java.io.File(((pathPrefix + java.lang.Integer.toString(counter)) + .png)): null

2018-11-27 16:44:33 - [TEST_STEP][PASSED] - Statement - counter = counter + 1: null

2018-11-27 16:44:33 - [TEST_STEP][PASSED] - Statement - PreSaveFile = new java.io.File(((pathPrefix + java.lang.Integer.toString(counter)) + .png)): null

2018-11-27 16:44:33 - [TEST_STEP][PASSED] - Statement - counter = counter + 1: null

2018-11-27 16:44:33 - [TEST_STEP][PASSED] - Statement - PreSaveFile = new java.io.File(((pathPrefix + java.lang.Integer.toString(counter)) + .png)): null

2018-11-27 16:44:33 - [TEST_STEP][PASSED] - Statement - counter = counter + 1: null

2018-11-27 16:44:33 - [TEST_STEP][PASSED] - Statement - PreSaveFile = new java.io.File(((pathPrefix + java.lang.Integer.toString(counter)) + .png)): null

2018-11-27 16:44:33 - [TEST_STEP][PASSED] - Statement - counter = counter + 1: null

2018-11-27 16:44:33 - [TEST_STEP][PASSED] - Statement - PreSaveFile = new java.io.File(((pathPrefix + java.lang.Integer.toString(counter)) + .png)): null

2018-11-27 16:44:33 - [TEST_STEP][PASSED] - Statement - counter = counter + 1: null

2018-11-27 16:44:33 - [TEST_STEP][PASSED] - Statement - PreSaveFile = new java.io.File(((pathPrefix + java.lang.Integer.toString(counter)) + .png)): null

2018-11-27 16:44:33 - [TEST_STEP][PASSED] - Statement - counter = counter + 1: null

2018-11-27 16:44:33 - [TEST_STEP][PASSED] - Statement - PreSaveFile = new java.io.File(((pathPrefix + java.lang.Integer.toString(counter)) + .png)): null

2018-11-27 16:44:33 - [TEST_STEP][PASSED] - Statement - counter = counter + 1: null

2018-11-27 16:44:33 - [TEST_STEP][PASSED] - Statement - PreSaveFile = new java.io.File(((pathPrefix + java.lang.Integer.toString(counter)) + .png)): null

2018-11-27 16:44:33 - [TEST_STEP][PASSED] - Statement - finalPath = pathPrefix + java.lang.Integer.toString(counter) + ".png": null

2018-11-27 16:44:33 - [TEST_STEP][PASSED] - Statement - SaveFile = new java.io.File(finalPath): null

2018-11-27 16:44:33 - [TEST_STEP][PASSED] - Statement - Try: null

2018-11-27 16:44:33 - [TEST_STEP][PASSED] - Statement - org.apache.commons.io.FileUtils.copyFile(scrFile, SaveFile): null

2018-11-27 16:44:33 - [TEST_STEP][PASSED] - Statement - out.println("file kept"): null

2018-11-27 16:44:33 - [TEST_STEP][PASSED] - delay: Delayed 10 second(s)

2018-11-27 16:44:43 - [MESSAGE][PASSED] - Delayed 10 second(s)

2018-11-27 16:44:43 - [MESSAGE][PASSED] - Call Test Case 'Test Cases/Final Aug 2018 - PKS Automation/Common/Screenshoting tool' successfully

2018-11-27 16:44:43 - [TEST_STEP][PASSED] - callTestCase: Call Test Case 'Test Cases/Final Aug 2018 - PKS Automation/Registration Module/Log Out/log out avoiding katalon tagging' successfully

2018-11-27 16:44:43 - [TEST_CASE][PASSED] - Test Cases/Final Aug 2018 - PKS Automation/Registration Module/Log Out/log out avoiding katalon tagging: Test Cases/Final Aug 2018 - PKS Automation/Registration Module/Log Out/log out avoiding katalon tagging

2018-11-27 16:44:43 - [TEST_STEP][PASSED] - navigateToUrl: Navigate to 'https://assist2-uat.perkeso.gov.my/c/portal/logout' successfully

2018-11-27 16:44:44 - [MESSAGE][PASSED] - Navigate to 'https://assist2-uat.perkeso.gov.my/c/portal/logout' successfully

2018-11-27 16:44:44 - [MESSAGE][PASSED] - Call Test Case 'Test Cases/Final Aug 2018 - PKS Automation/Registration Module/Log Out/log out avoiding katalon tagging' successfully

2018-11-27 16:44:44 - [TEST_STEP][FAILED] - callTestCase: Unable to call Test Case with id 'Test Cases/Final Aug 2018 - PKS Automation/Common/Workflow Owner Finder' (Root cause: Call Test Case 'Test Cases/Final Aug 2018 - PKS Automation/Common/Workflow Owner Finder' failed)

2018-11-27 16:44:44 - [TEST_CASE][FAILED] - Test Cases/Final Aug 2018 - PKS Automation/Common/Workflow Owner Finder: Test Cases/Final Aug 2018 - PKS Automation/Common/Workflow Owner Finder FAILED because (of) (Stack trace: com.kms.katalon.core.exception.StepFailedException: Unable to click on object 'Object Repository/Final Object Repo/Landing Page/Select to English' (Root cause: com.kms.katalon.core.webui.exception.WebElementNotFoundException: Web element with id: 'Object Repository/Final Object Repo/Landing Page/Select to English' located by 'By.xpath: //a[@class = 'taglib-language-list-text' and @lang = 'en-US' and (contains(text(), 'EN') or contains(., 'EN'))]' not found)
	at com.kms.katalon.core.keyword.internal.KeywordMain.stepFailed(KeywordMain.groovy:32)
	at com.kms.katalon.core.webui.keyword.internal.WebUIKeywordMain.stepFailed(WebUIKeywordMain.groovy:65)
	at com.kms.katalon.core.webui.keyword.internal.WebUIKeywordMain.runKeyword(WebUIKeywordMain.groovy:27)
	at com.kms.katalon.core.webui.keyword.builtin.ClickKeyword.click(ClickKeyword.groovy:86)
	at com.kms.katalon.core.webui.keyword.builtin.ClickKeyword.execute(ClickKeyword.groovy:67)
	at com.kms.katalon.core.keyword.internal.KeywordExecutor.executeKeywordForPlatform(KeywordExecutor.groovy:53)
	at com.kms.katalon.core.webui.keyword.WebUiBuiltInKeywords.click(WebUiBuiltInKeywords.groovy:604)
	at com.kms.katalon.core.webui.keyword.WebUiBuiltInKeywords$click$6.call(Unknown Source)
	at Script1534407542420.run(Script1534407542420.groovy:57)
	at com.kms.katalon.core.main.ScriptEngine.run(ScriptEngine.java:183)
	at com.kms.katalon.core.main.ScriptEngine.runScriptAsRawText(ScriptEngine.java:108)
	at com.kms.katalon.core.main.TestCaseExecutor.runScript(TestCaseExecutor.java:294)
	at com.kms.katalon.core.main.TestCaseExecutor.doExecute(TestCaseExecutor.java:285)
	at com.kms.katalon.core.main.TestCaseExecutor.processExecutionPhase(TestCaseExecutor.java:264)
	at com.kms.katalon.core.main.TestCaseExecutor.accessMainPhase(TestCaseExecutor.java:256)
	at com.kms.katalon.core.main.TestCaseExecutor.execute(TestCaseExecutor.java:200)
	at com.kms.katalon.core.main.TestCaseMain.runTestCase(TestCaseMain.java:99)
	at com.kms.katalon.core.keyword.builtin.CallTestCaseKeyword$_callTestCase_closure1.doCall(CallTestCaseKeyword.groovy:60)
	at com.kms.katalon.core.keyword.builtin.CallTestCaseKeyword$_callTestCase_closure1.call(CallTestCaseKeyword.groovy)
	at com.kms.katalon.core.keyword.internal.KeywordMain.runKeyword(KeywordMain.groovy:54)
	at com.kms.katalon.core.keyword.builtin.CallTestCaseKeyword.callTestCase(CallTestCaseKeyword.groovy:81)
	at com.kms.katalon.core.keyword.builtin.CallTestCaseKeyword.execute(CallTestCaseKeyword.groovy:45)
	at com.kms.katalon.core.keyword.internal.KeywordExecutor.executeKeywordForPlatform(KeywordExecutor.groovy:53)
	at com.kms.katalon.core.keyword.BuiltinKeywords.callTestCase(BuiltinKeywords.groovy:334)
	at sun.reflect.GeneratedMethodAccessor13.invoke(Unknown Source)
	at sun.reflect.DelegatingMethodAccessorImpl.invoke(DelegatingMethodAccessorImpl.java:43)
	at java.lang.reflect.Method.invoke(Method.java:498)
	at org.codehaus.groovy.reflection.CachedMethod.invoke(CachedMethod.java:93)
	at groovy.lang.MetaMethod.doMethodInvoke(MetaMethod.java:325)
	at groovy.lang.MetaClassImpl.invokeStaticMethod(MetaClassImpl.java:1469)
	at org.codehaus.groovy.runtime.callsite.StaticMetaClassSite.call(StaticMetaClassSite.java:53)
	at org.codehaus.groovy.runtime.callsite.CallSiteArray.defaultCall(CallSiteArray.java:48)
	at org.codehaus.groovy.runtime.callsite.AbstractCallSite.call(AbstractCallSite.java:113)
	at org.codehaus.groovy.runtime.callsite.AbstractCallSite.call(AbstractCallSite.java:141)
	at Script1536223156094.run(Script1536223156094.groovy:125)
	at com.kms.katalon.core.main.ScriptEngine.run(ScriptEngine.java:183)
	at com.kms.katalon.core.main.ScriptEngine.runScriptAsRawText(ScriptEngine.java:108)
	at com.kms.katalon.core.main.TestCaseExecutor.runScript(TestCaseExecutor.java:294)
	at com.kms.katalon.core.main.TestCaseExecutor.doExecute(TestCaseExecutor.java:285)
	at com.kms.katalon.core.main.TestCaseExecutor.processExecutionPhase(TestCaseExecutor.java:264)
	at com.kms.katalon.core.main.TestCaseExecutor.accessMainPhase(TestCaseExecutor.java:256)
	at com.kms.katalon.core.main.TestCaseExecutor.execute(TestCaseExecutor.java:200)
	at com.kms.katalon.core.main.TestSuiteExecutor.accessTestCaseMainPhase(TestSuiteExecutor.java:129)
	at com.kms.katalon.core.main.TestSuiteExecutor.accessTestSuiteMainPhase(TestSuiteExecutor.java:112)
	at com.kms.katalon.core.main.TestSuiteExecutor.execute(TestSuiteExecutor.java:81)
	at com.kms.katalon.core.main.TestCaseMain.startTestSuite(TestCaseMain.java:142)
	at com.kms.katalon.core.main.TestCaseMain$startTestSuite$0.call(Unknown Source)
	at org.codehaus.groovy.runtime.callsite.CallSiteArray.defaultCall(CallSiteArray.java:48)
	at org.codehaus.groovy.runtime.callsite.AbstractCallSite.call(AbstractCallSite.java:113)
	at org.codehaus.groovy.runtime.callsite.AbstractCallSite.call(AbstractCallSite.java:141)
	at TempTestSuite1543287057153.run(TempTestSuite1543287057153.groovy:36)
	at groovy.lang.GroovyShell.runScriptOrMainOrTestOrRunnable(GroovyShell.java:263)
	at groovy.lang.GroovyShell.run(GroovyShell.java:518)
	at groovy.lang.GroovyShell.run(GroovyShell.java:507)
	at groovy.ui.GroovyMain.processOnce(GroovyMain.java:653)
	at groovy.ui.GroovyMain.run(GroovyMain.java:384)
	at groovy.ui.GroovyMain.process(GroovyMain.java:370)
	at groovy.ui.GroovyMain.processArgs(GroovyMain.java:129)
	at groovy.ui.GroovyMain.main(GroovyMain.java:109)
	at sun.reflect.NativeMethodAccessorImpl.invoke0(Native Method)
	at sun.reflect.NativeMethodAccessorImpl.invoke(NativeMethodAccessorImpl.java:62)
	at sun.reflect.DelegatingMethodAccessorImpl.invoke(DelegatingMethodAccessorImpl.java:43)
	at java.lang.reflect.Method.invoke(Method.java:498)
	at org.codehaus.groovy.tools.GroovyStarter.rootLoader(GroovyStarter.java:109)
	at org.codehaus.groovy.tools.GroovyStarter.main(GroovyStarter.java:131)
)

2018-11-27 16:44:44 - [TEST_STEP][PASSED] - openBrowser: Browser is opened with url: ''

2018-11-27 16:44:44 - [MESSAGE][WARNING] - A browser is already opened. Closing browser and opening a new one

2018-11-27 16:44:48 - [MESSAGE][PASSED] - Browser is opened with url: ''

2018-11-27 16:44:48 - [TEST_STEP][PASSED] - navigateToUrl: Navigate to 'https://assist2-uat.perkeso.gov.my/login' successfully

2018-11-27 16:44:49 - [MESSAGE][PASSED] - Navigate to 'https://assist2-uat.perkeso.gov.my/login' successfully

2018-11-27 16:44:49 - [TEST_STEP][PASSED] - delay: Delayed 5 second(s)

2018-11-27 16:44:54 - [MESSAGE][PASSED] - Delayed 5 second(s)

2018-11-27 16:44:54 - [TEST_STEP][PASSED] - setText: Text 'test@liferay.com' is set on object 'Object Repository/Final Object Repo/Login Page/Internal User/Email Address'

2018-11-27 16:44:54 - [MESSAGE][PASSED] - Text 'test@liferay.com' is set on object 'Object Repository/Final Object Repo/Login Page/Internal User/Email Address'

2018-11-27 16:44:54 - [TEST_STEP][PASSED] - click: Object: 'Object Repository/Final Object Repo/Login Page/Internal User/Next Button' is clicked on

2018-11-27 16:44:55 - [MESSAGE][PASSED] - Object: 'Object Repository/Final Object Repo/Login Page/Internal User/Next Button' is clicked on

2018-11-27 16:44:55 - [TEST_STEP][PASSED] - delay: Delayed 2 second(s)

2018-11-27 16:44:57 - [MESSAGE][PASSED] - Delayed 2 second(s)

2018-11-27 16:44:57 - [TEST_STEP][PASSED] - setText: Text 'test' is set on object 'Object Repository/Final Object Repo/Login Page/Internal User/Password'

2018-11-27 16:44:57 - [MESSAGE][PASSED] - Text 'test' is set on object 'Object Repository/Final Object Repo/Login Page/Internal User/Password'

2018-11-27 16:44:57 - [TEST_STEP][PASSED] - delay: Delayed 2 second(s)

2018-11-27 16:44:59 - [MESSAGE][PASSED] - Delayed 2 second(s)

2018-11-27 16:44:59 - [TEST_STEP][PASSED] - click: Object: 'Object Repository/Final Object Repo/Login Page/Internal User/Login Button' is clicked on

2018-11-27 16:44:59 - [MESSAGE][PASSED] - Object: 'Object Repository/Final Object Repo/Login Page/Internal User/Login Button' is clicked on

2018-11-27 16:44:59 - [TEST_STEP][FAILED] - Statement - Try: Delayed 2 second(s)

2018-11-27 16:44:59 - [TEST_STEP][PASSED] - Statement - Checker = false: null

2018-11-27 16:44:59 - [TEST_STEP][PASSED] - Statement - Checker = com.kms.katalon.core.webui.keyword.WebUiBuiltInKeywords.verifyElementHasAttribute(com.kms.katalon.core.testobject.ObjectRepository.findTestObject(Final Object Repo/Landing Page/BM Detecting), "href", 20, OPTIONAL): Unable to verify if object 'Object Repository/Final Object Repo/Landing Page/BM Detecting' has attribute 'href' (Root cause: org.openqa.selenium.StaleElementReferenceException: stale element reference: element is not attached to the page document
  (Session info: chrome=70.0.3538.102)
  (Driver info: chromedriver=2.43.600210 (68dcf5eebde37173d4027fa8635e332711d2874a),platform=Windows NT 6.1.7601 SP1 x86_64) (WARNING: The server did not provide any stacktrace information)
Command duration or timeout: 0 milliseconds
For documentation on this error, please visit: http://seleniumhq.org/exceptions/stale_element_reference.html
Build info: version: '3.7.1', revision: '8a0099a', time: '2017-11-06T21:07:36.161Z'
System info: host: 'WIN7TEST02', ip: '10.20.3.72', os.name: 'Windows 7', os.arch: 'amd64', os.version: '6.1', java.version: '1.8.0_181'
Driver info: com.kms.katalon.selenium.driver.CChromeDriver
Capabilities {acceptInsecureCerts: false, acceptSslCerts: false, applicationCacheEnabled: false, browserConnectionEnabled: false, browserName: chrome, chrome: {chromedriverVersion: 2.43.600210 (68dcf5eebde371..., userDataDir: C:\Users\Admin\AppData\Loca...}, cssSelectorsEnabled: true, databaseEnabled: false, goog:chromeOptions: {debuggerAddress: localhost:64296}, handlesAlerts: true, hasTouchScreen: false, javascriptEnabled: true, locationContextEnabled: true, mobileEmulationEnabled: false, nativeEvents: true, networkConnectionEnabled: false, pageLoadStrategy: normal, platform: XP, platformName: XP, rotatable: false, setWindowRect: true, takesHeapSnapshot: true, takesScreenshot: true, unexpectedAlertBehaviour: , unhandledPromptBehavior: , version: 70.0.3538.102, webStorageEnabled: true}
Session ID: e56e7afaf01d4cdb1281fc9c52969bf7)

2018-11-27 16:45:01 - [MESSAGE][WARNING] - Unable to verify if object 'Object Repository/Final Object Repo/Landing Page/BM Detecting' has attribute 'href' (Root cause: org.openqa.selenium.StaleElementReferenceException: stale element reference: element is not attached to the page document
  (Session info: chrome=70.0.3538.102)
  (Driver info: chromedriver=2.43.600210 (68dcf5eebde37173d4027fa8635e332711d2874a),platform=Windows NT 6.1.7601 SP1 x86_64) (WARNING: The server did not provide any stacktrace information)
Command duration or timeout: 0 milliseconds
For documentation on this error, please visit: http://seleniumhq.org/exceptions/stale_element_reference.html
Build info: version: '3.7.1', revision: '8a0099a', time: '2017-11-06T21:07:36.161Z'
System info: host: 'WIN7TEST02', ip: '10.20.3.72', os.name: 'Windows 7', os.arch: 'amd64', os.version: '6.1', java.version: '1.8.0_181'
Driver info: com.kms.katalon.selenium.driver.CChromeDriver
Capabilities {acceptInsecureCerts: false, acceptSslCerts: false, applicationCacheEnabled: false, browserConnectionEnabled: false, browserName: chrome, chrome: {chromedriverVersion: 2.43.600210 (68dcf5eebde371..., userDataDir: C:\Users\Admin\AppData\Loca...}, cssSelectorsEnabled: true, databaseEnabled: false, goog:chromeOptions: {debuggerAddress: localhost:64296}, handlesAlerts: true, hasTouchScreen: false, javascriptEnabled: true, locationContextEnabled: true, mobileEmulationEnabled: false, nativeEvents: true, networkConnectionEnabled: false, pageLoadStrategy: normal, platform: XP, platformName: XP, rotatable: false, setWindowRect: true, takesHeapSnapshot: true, takesScreenshot: true, unexpectedAlertBehaviour: , unhandledPromptBehavior: , version: 70.0.3538.102, webStorageEnabled: true}
Session ID: e56e7afaf01d4cdb1281fc9c52969bf7)
[[ATTACHMENT|C:\\Users\\Admin\\Desktop\\PKS\\Perkeso Phase A\\Reports\\Workflow\\Update Add New Employee\\20181127_105057\\1543308301512.png]]

2018-11-27 16:45:01 - [TEST_STEP][PASSED] - Statement - out.println(Checker): null

2018-11-27 16:45:01 - [TEST_STEP][FAILED] - Statement - If (Checker == false): Unable to click on object 'Object Repository/Final Object Repo/Landing Page/Select to English' (Root cause: com.kms.katalon.core.webui.exception.WebElementNotFoundException: Web element with id: 'Object Repository/Final Object Repo/Landing Page/Select to English' located by 'By.xpath: //a[@class = 'taglib-language-list-text' and @lang = 'en-US' and (contains(text(), 'EN') or contains(., 'EN'))]' not found)

2018-11-27 16:45:01 - [TEST_STEP][FAILED] - click: Unable to click on object 'Object Repository/Final Object Repo/Landing Page/Select to English' (Root cause: com.kms.katalon.core.webui.exception.WebElementNotFoundException: Web element with id: 'Object Repository/Final Object Repo/Landing Page/Select to English' located by 'By.xpath: //a[@class = 'taglib-language-list-text' and @lang = 'en-US' and (contains(text(), 'EN') or contains(., 'EN'))]' not found)

2018-11-27 16:45:38 - [MESSAGE][FAILED] - Unable to click on object 'Object Repository/Final Object Repo/Landing Page/Select to English' (Root cause: com.kms.katalon.core.webui.exception.WebElementNotFoundException: Web element with id: 'Object Repository/Final Object Repo/Landing Page/Select to English' located by 'By.xpath: //a[@class = 'taglib-language-list-text' and @lang = 'en-US' and (contains(text(), 'EN') or contains(., 'EN'))]' not found)
[[ATTACHMENT|C:\\Users\\Admin\\Desktop\\PKS\\Perkeso Phase A\\Reports\\Workflow\\Update Add New Employee\\20181127_105057\\1543308338650.png]]

2018-11-27 16:45:38 - [TEST_STEP][PASSED] - delay: Delayed 2 second(s)

2018-11-27 16:45:40 - [MESSAGE][PASSED] - Delayed 2 second(s)

2018-11-27 16:45:40 - [TEST_STEP][PASSED] - delay: Delayed 3 second(s)

2018-11-27 16:45:43 - [MESSAGE][PASSED] - Delayed 3 second(s)

2018-11-27 16:45:43 - [TEST_STEP][PASSED] - mouseOver: Object: 'Object Repository/Final Object Repo/Landing Page/WorkFlow Menu' is hovered

2018-11-27 16:45:44 - [MESSAGE][PASSED] - Object: 'Object Repository/Final Object Repo/Landing Page/WorkFlow Menu' is hovered

2018-11-27 16:45:44 - [TEST_STEP][PASSED] - delay: Delayed 2 second(s)

2018-11-27 16:45:46 - [MESSAGE][PASSED] - Delayed 2 second(s)

2018-11-27 16:45:46 - [TEST_STEP][PASSED] - click: Object: 'Object Repository/Final Object Repo/Landing Page/Select to Workflow Listing' is clicked on

2018-11-27 16:45:47 - [MESSAGE][PASSED] - Object: 'Object Repository/Final Object Repo/Landing Page/Select to Workflow Listing' is clicked on

2018-11-27 16:45:47 - [TEST_STEP][PASSED] - delay: Delayed 2 second(s)

2018-11-27 16:45:49 - [MESSAGE][PASSED] - Delayed 2 second(s)

2018-11-27 16:45:49 - [TEST_STEP][PASSED] - click: Object: 'Object Repository/Final Object Repo/WorkFlow Listing Page/Search Information - To Put Ref No' is clicked on

2018-11-27 16:45:49 - [MESSAGE][PASSED] - Object: 'Object Repository/Final Object Repo/WorkFlow Listing Page/Search Information - To Put Ref No' is clicked on

2018-11-27 16:45:49 - [TEST_STEP][PASSED] - delay: Delayed 2 second(s)

2018-11-27 16:45:51 - [MESSAGE][PASSED] - Delayed 2 second(s)

2018-11-27 16:45:51 - [TEST_STEP][PASSED] - callTestCase: Call Test Case 'Test Cases/Final Aug 2018 - PKS Automation/Common/Reference Number Getter' successfully

2018-11-27 16:45:51 - [TEST_CASE][PASSED] - Test Cases/Final Aug 2018 - PKS Automation/Common/Reference Number Getter: Test Cases/Final Aug 2018 - PKS Automation/Common/Reference Number Getter

2018-11-27 16:45:51 - [TEST_STEP][PASSED] - Statement - Try: null

2018-11-27 16:45:51 - [TEST_STEP][PASSED] - Statement - RefNo = new java.io.File(C://Users//Admin//Desktop//PKS//Automation Reference Point//KatalonReference.txt): null

2018-11-27 16:45:51 - [TEST_STEP][PASSED] - Statement - bufferread = new java.io.BufferedReader(new java.io.FileReader(RefNo)): null

2018-11-27 16:45:51 - [TEST_STEP][PASSED] - Statement - readedVal = bufferread.readLine(): null

2018-11-27 16:45:51 - [TEST_STEP][PASSED] - Statement - out.println(CaseReferenceNo): null

2018-11-27 16:45:51 - [TEST_STEP][PASSED] - Statement - out.println(readedVal): null

2018-11-27 16:45:51 - [TEST_STEP][PASSED] - Statement - CaseReferenceNo = "": null

2018-11-27 16:45:51 - [TEST_STEP][PASSED] - Statement - CaseReferenceNo = readedVal: null

2018-11-27 16:45:51 - [MESSAGE][PASSED] - Call Test Case 'Test Cases/Final Aug 2018 - PKS Automation/Common/Reference Number Getter' successfully

2018-11-27 16:45:51 - [TEST_STEP][PASSED] - setText: Text 'CAN11201800002203' is set on object 'Object Repository/Final Object Repo/WorkFlow Listing Page/Ref No Set Text'

2018-11-27 16:45:51 - [MESSAGE][PASSED] - Text 'CAN11201800002203' is set on object 'Object Repository/Final Object Repo/WorkFlow Listing Page/Ref No Set Text'

2018-11-27 16:45:51 - [TEST_STEP][PASSED] - delay: Delayed 2 second(s)

2018-11-27 16:45:53 - [MESSAGE][PASSED] - Delayed 2 second(s)

2018-11-27 16:45:53 - [TEST_STEP][PASSED] - click: Object: 'Object Repository/Final Object Repo/WorkFlow Listing Page/Search Ref No Search Button' is clicked on

2018-11-27 16:45:54 - [MESSAGE][PASSED] - Object: 'Object Repository/Final Object Repo/WorkFlow Listing Page/Search Ref No Search Button' is clicked on

2018-11-27 16:45:54 - [TEST_STEP][PASSED] - delay: Delayed 4 second(s)

2018-11-27 16:45:58 - [MESSAGE][PASSED] - Delayed 4 second(s)

2018-11-27 16:45:58 - [TEST_STEP][PASSED] - click: Object: 'Object Repository/Final Object Repo/WorkFlow Listing Page/Click Continue Tooltip' is clicked on

2018-11-27 16:45:59 - [MESSAGE][PASSED] - Object: 'Object Repository/Final Object Repo/WorkFlow Listing Page/Click Continue Tooltip' is clicked on

2018-11-27 16:45:59 - [TEST_STEP][PASSED] - delay: Delayed 5 second(s)

2018-11-27 16:46:04 - [MESSAGE][PASSED] - Delayed 5 second(s)

2018-11-27 16:46:04 - [TEST_STEP][PASSED] - doubleClick: Object: 'Object Repository/Final Object Repo/WorkFlow Listing Page/Workflow Found - Listing 1' is double clicked on

2018-11-27 16:46:04 - [MESSAGE][PASSED] - Object: 'Object Repository/Final Object Repo/WorkFlow Listing Page/Workflow Found - Listing 1' is double clicked on

2018-11-27 16:46:04 - [TEST_STEP][PASSED] - Statement - println(OwnerID): null

2018-11-27 16:46:04 - [TEST_STEP][PASSED] - Statement - OwnerID = com.kms.katalon.core.webui.keyword.WebUiBuiltInKeywords.getText(com.kms.katalon.core.testobject.ObjectRepository.findTestObject(Final Object Repo/WorkFlow Listing Page/Workflow Found - Listing 1), STOP_ON_FAILURE): Text of object 'Object Repository/Final Object Repo/WorkFlow Listing Page/Workflow Found - Listing 1' is: 'KLpkrbo2'

2018-11-27 16:46:04 - [MESSAGE][PASSED] - Text of object 'Object Repository/Final Object Repo/WorkFlow Listing Page/Workflow Found - Listing 1' is: 'KLpkrbo2'

2018-11-27 16:46:04 - [TEST_STEP][PASSED] - Statement - OwnerID = OwnerID.toLowerCase() + "@gmail.com": null

2018-11-27 16:46:04 - [TEST_STEP][PASSED] - Statement - println(OwnerID): null

2018-11-27 16:46:04 - [TEST_STEP][PASSED] - delay: Delayed 2 second(s)

2018-11-27 16:46:06 - [MESSAGE][PASSED] - Delayed 2 second(s)

2018-11-27 16:46:06 - [MESSAGE][FAILED] - Unable to call Test Case with id 'Test Cases/Final Aug 2018 - PKS Automation/Common/Workflow Owner Finder' (Root cause: Call Test Case 'Test Cases/Final Aug 2018 - PKS Automation/Common/Workflow Owner Finder' failed)]]></system-out>
         <system-err><![CDATA[2018-11-27 16:35:13 - [TEST_CASE][FAILED] - Test Cases/Final Aug 2018 - PKS Automation/Registration Module/Workflow/Update Add New Employee/Special Case (OTC - PKR BO - RO Query - PKR BO Upload Pending Case - RO Approve): Test Cases/Final Aug 2018 - PKS Automation/Registration Module/Workflow/Update Add New Employee/Special Case (OTC - PKR BO - RO Query - PKR BO Upload Pending Case - RO Approve) FAILED because (of) (Stack trace: com.kms.katalon.core.exception.StepFailedException: Unable to click on object 'Object Repository/Final Object Repo/Landing Page/Select to English' (Root cause: com.kms.katalon.core.webui.exception.WebElementNotFoundException: Web element with id: 'Object Repository/Final Object Repo/Landing Page/Select to English' located by 'By.xpath: //a[@class = 'taglib-language-list-text' and @lang = 'en-US' and (contains(text(), 'EN') or contains(., 'EN'))]' not found)
	at com.kms.katalon.core.keyword.internal.KeywordMain.stepFailed(KeywordMain.groovy:32)
	at com.kms.katalon.core.webui.keyword.internal.WebUIKeywordMain.stepFailed(WebUIKeywordMain.groovy:65)
	at com.kms.katalon.core.webui.keyword.internal.WebUIKeywordMain.runKeyword(WebUIKeywordMain.groovy:27)
	at com.kms.katalon.core.webui.keyword.builtin.ClickKeyword.click(ClickKeyword.groovy:86)
	at com.kms.katalon.core.webui.keyword.builtin.ClickKeyword.execute(ClickKeyword.groovy:67)
	at com.kms.katalon.core.keyword.internal.KeywordExecutor.executeKeywordForPlatform(KeywordExecutor.groovy:53)
	at com.kms.katalon.core.webui.keyword.WebUiBuiltInKeywords.click(WebUiBuiltInKeywords.groovy:604)
	at com.kms.katalon.core.webui.keyword.WebUiBuiltInKeywords$click$6.call(Unknown Source)
	at Script1534407542420.run(Script1534407542420.groovy:57)
	at com.kms.katalon.core.main.ScriptEngine.run(ScriptEngine.java:183)
	at com.kms.katalon.core.main.ScriptEngine.runScriptAsRawText(ScriptEngine.java:108)
	at com.kms.katalon.core.main.TestCaseExecutor.runScript(TestCaseExecutor.java:294)
	at com.kms.katalon.core.main.TestCaseExecutor.doExecute(TestCaseExecutor.java:285)
	at com.kms.katalon.core.main.TestCaseExecutor.processExecutionPhase(TestCaseExecutor.java:264)
	at com.kms.katalon.core.main.TestCaseExecutor.accessMainPhase(TestCaseExecutor.java:256)
	at com.kms.katalon.core.main.TestCaseExecutor.execute(TestCaseExecutor.java:200)
	at com.kms.katalon.core.main.TestCaseMain.runTestCase(TestCaseMain.java:99)
	at com.kms.katalon.core.keyword.builtin.CallTestCaseKeyword$_callTestCase_closure1.doCall(CallTestCaseKeyword.groovy:60)
	at com.kms.katalon.core.keyword.builtin.CallTestCaseKeyword$_callTestCase_closure1.call(CallTestCaseKeyword.groovy)
	at com.kms.katalon.core.keyword.internal.KeywordMain.runKeyword(KeywordMain.groovy:54)
	at com.kms.katalon.core.keyword.builtin.CallTestCaseKeyword.callTestCase(CallTestCaseKeyword.groovy:81)
	at com.kms.katalon.core.keyword.builtin.CallTestCaseKeyword.execute(CallTestCaseKeyword.groovy:45)
	at com.kms.katalon.core.keyword.internal.KeywordExecutor.executeKeywordForPlatform(KeywordExecutor.groovy:53)
	at com.kms.katalon.core.keyword.BuiltinKeywords.callTestCase(BuiltinKeywords.groovy:334)
	at sun.reflect.GeneratedMethodAccessor13.invoke(Unknown Source)
	at sun.reflect.DelegatingMethodAccessorImpl.invoke(DelegatingMethodAccessorImpl.java:43)
	at java.lang.reflect.Method.invoke(Method.java:498)
	at org.codehaus.groovy.reflection.CachedMethod.invoke(CachedMethod.java:93)
	at groovy.lang.MetaMethod.doMethodInvoke(MetaMethod.java:325)
	at groovy.lang.MetaClassImpl.invokeStaticMethod(MetaClassImpl.java:1469)
	at org.codehaus.groovy.runtime.callsite.StaticMetaClassSite.call(StaticMetaClassSite.java:53)
	at org.codehaus.groovy.runtime.callsite.CallSiteArray.defaultCall(CallSiteArray.java:48)
	at org.codehaus.groovy.runtime.callsite.AbstractCallSite.call(AbstractCallSite.java:113)
	at org.codehaus.groovy.runtime.callsite.AbstractCallSite.call(AbstractCallSite.java:141)
	at Script1536223156094.run(Script1536223156094.groovy:125)
	at com.kms.katalon.core.main.ScriptEngine.run(ScriptEngine.java:183)
	at com.kms.katalon.core.main.ScriptEngine.runScriptAsRawText(ScriptEngine.java:108)
	at com.kms.katalon.core.main.TestCaseExecutor.runScript(TestCaseExecutor.java:294)
	at com.kms.katalon.core.main.TestCaseExecutor.doExecute(TestCaseExecutor.java:285)
	at com.kms.katalon.core.main.TestCaseExecutor.processExecutionPhase(TestCaseExecutor.java:264)
	at com.kms.katalon.core.main.TestCaseExecutor.accessMainPhase(TestCaseExecutor.java:256)
	at com.kms.katalon.core.main.TestCaseExecutor.execute(TestCaseExecutor.java:200)
	at com.kms.katalon.core.main.TestSuiteExecutor.accessTestCaseMainPhase(TestSuiteExecutor.java:129)
	at com.kms.katalon.core.main.TestSuiteExecutor.accessTestSuiteMainPhase(TestSuiteExecutor.java:112)
	at com.kms.katalon.core.main.TestSuiteExecutor.execute(TestSuiteExecutor.java:81)
	at com.kms.katalon.core.main.TestCaseMain.startTestSuite(TestCaseMain.java:142)
	at com.kms.katalon.core.main.TestCaseMain$startTestSuite$0.call(Unknown Source)
	at org.codehaus.groovy.runtime.callsite.CallSiteArray.defaultCall(CallSiteArray.java:48)
	at org.codehaus.groovy.runtime.callsite.AbstractCallSite.call(AbstractCallSite.java:113)
	at org.codehaus.groovy.runtime.callsite.AbstractCallSite.call(AbstractCallSite.java:141)
	at TempTestSuite1543287057153.run(TempTestSuite1543287057153.groovy:36)
	at groovy.lang.GroovyShell.runScriptOrMainOrTestOrRunnable(GroovyShell.java:263)
	at groovy.lang.GroovyShell.run(GroovyShell.java:518)
	at groovy.lang.GroovyShell.run(GroovyShell.java:507)
	at groovy.ui.GroovyMain.processOnce(GroovyMain.java:653)
	at groovy.ui.GroovyMain.run(GroovyMain.java:384)
	at groovy.ui.GroovyMain.process(GroovyMain.java:370)
	at groovy.ui.GroovyMain.processArgs(GroovyMain.java:129)
	at groovy.ui.GroovyMain.main(GroovyMain.java:109)
	at sun.reflect.NativeMethodAccessorImpl.invoke0(Native Method)
	at sun.reflect.NativeMethodAccessorImpl.invoke(NativeMethodAccessorImpl.java:62)
	at sun.reflect.DelegatingMethodAccessorImpl.invoke(DelegatingMethodAccessorImpl.java:43)
	at java.lang.reflect.Method.invoke(Method.java:498)
	at org.codehaus.groovy.tools.GroovyStarter.rootLoader(GroovyStarter.java:109)
	at org.codehaus.groovy.tools.GroovyStarter.main(GroovyStarter.java:131)
)]]></system-err>
      </testcase>
      <testcase name="Test Cases/Final Aug 2018 - PKS Automation/Registration Module/Workflow/Update Add New Employee/Special Case (OTC - RO Approve)" classname="Test Cases/Final Aug 2018 - PKS Automation/Registration Module/Workflow/Update Add New Employee/Special Case (OTC - RO Approve)" status="FAILED">
         <failure type="FAILED" message="(Stack trace: com.kms.katalon.core.exception.StepFailedException: Unable to click on object 'Object Repository/Final Object Repo/Landing Page/Select to English' (Root cause: com.kms.katalon.core.webui.exception.WebElementNotFoundException: Web element with id: 'Object Repository/Final Object Repo/Landing Page/Select to English' located by 'By.xpath: //a[@class = 'taglib-language-list-text' and @lang = 'en-US' and (contains(text(), 'EN') or contains(., 'EN'))]' not found)
	at com.kms.katalon.core.keyword.internal.KeywordMain.stepFailed(KeywordMain.groovy:32)
	at com.kms.katalon.core.webui.keyword.internal.WebUIKeywordMain.stepFailed(WebUIKeywordMain.groovy:65)
	at com.kms.katalon.core.webui.keyword.internal.WebUIKeywordMain.runKeyword(WebUIKeywordMain.groovy:27)
	at com.kms.katalon.core.webui.keyword.builtin.ClickKeyword.click(ClickKeyword.groovy:86)
	at com.kms.katalon.core.webui.keyword.builtin.ClickKeyword.execute(ClickKeyword.groovy:67)
	at com.kms.katalon.core.keyword.internal.KeywordExecutor.executeKeywordForPlatform(KeywordExecutor.groovy:53)
	at com.kms.katalon.core.webui.keyword.WebUiBuiltInKeywords.click(WebUiBuiltInKeywords.groovy:604)
	at com.kms.katalon.core.webui.keyword.WebUiBuiltInKeywords$click$6.call(Unknown Source)
	at Script1534407542420.run(Script1534407542420.groovy:57)
	at com.kms.katalon.core.main.ScriptEngine.run(ScriptEngine.java:183)
	at com.kms.katalon.core.main.ScriptEngine.runScriptAsRawText(ScriptEngine.java:108)
	at com.kms.katalon.core.main.TestCaseExecutor.runScript(TestCaseExecutor.java:294)
	at com.kms.katalon.core.main.TestCaseExecutor.doExecute(TestCaseExecutor.java:285)
	at com.kms.katalon.core.main.TestCaseExecutor.processExecutionPhase(TestCaseExecutor.java:264)
	at com.kms.katalon.core.main.TestCaseExecutor.accessMainPhase(TestCaseExecutor.java:256)
	at com.kms.katalon.core.main.TestCaseExecutor.execute(TestCaseExecutor.java:200)
	at com.kms.katalon.core.main.TestCaseMain.runTestCase(TestCaseMain.java:99)
	at com.kms.katalon.core.keyword.builtin.CallTestCaseKeyword$_callTestCase_closure1.doCall(CallTestCaseKeyword.groovy:60)
	at com.kms.katalon.core.keyword.builtin.CallTestCaseKeyword$_callTestCase_closure1.call(CallTestCaseKeyword.groovy)
	at com.kms.katalon.core.keyword.internal.KeywordMain.runKeyword(KeywordMain.groovy:54)
	at com.kms.katalon.core.keyword.builtin.CallTestCaseKeyword.callTestCase(CallTestCaseKeyword.groovy:81)
	at com.kms.katalon.core.keyword.builtin.CallTestCaseKeyword.execute(CallTestCaseKeyword.groovy:45)
	at com.kms.katalon.core.keyword.internal.KeywordExecutor.executeKeywordForPlatform(KeywordExecutor.groovy:53)
	at com.kms.katalon.core.keyword.BuiltinKeywords.callTestCase(BuiltinKeywords.groovy:334)
	at sun.reflect.GeneratedMethodAccessor13.invoke(Unknown Source)
	at sun.reflect.DelegatingMethodAccessorImpl.invoke(DelegatingMethodAccessorImpl.java:43)
	at java.lang.reflect.Method.invoke(Method.java:498)
	at org.codehaus.groovy.reflection.CachedMethod.invoke(CachedMethod.java:93)
	at groovy.lang.MetaMethod.doMethodInvoke(MetaMethod.java:325)
	at groovy.lang.MetaClassImpl.invokeStaticMethod(MetaClassImpl.java:1469)
	at org.codehaus.groovy.runtime.callsite.StaticMetaClassSite.call(StaticMetaClassSite.java:53)
	at org.codehaus.groovy.runtime.callsite.CallSiteArray.defaultCall(CallSiteArray.java:48)
	at org.codehaus.groovy.runtime.callsite.AbstractCallSite.call(AbstractCallSite.java:113)
	at org.codehaus.groovy.runtime.callsite.AbstractCallSite.call(AbstractCallSite.java:141)
	at Script1536116100519.run(Script1536116100519.groovy:121)
	at com.kms.katalon.core.main.ScriptEngine.run(ScriptEngine.java:183)
	at com.kms.katalon.core.main.ScriptEngine.runScriptAsRawText(ScriptEngine.java:108)
	at com.kms.katalon.core.main.TestCaseExecutor.runScript(TestCaseExecutor.java:294)
	at com.kms.katalon.core.main.TestCaseExecutor.doExecute(TestCaseExecutor.java:285)
	at com.kms.katalon.core.main.TestCaseExecutor.processExecutionPhase(TestCaseExecutor.java:264)
	at com.kms.katalon.core.main.TestCaseExecutor.accessMainPhase(TestCaseExecutor.java:256)
	at com.kms.katalon.core.main.TestCaseExecutor.execute(TestCaseExecutor.java:200)
	at com.kms.katalon.core.main.TestSuiteExecutor.accessTestCaseMainPhase(TestSuiteExecutor.java:129)
	at com.kms.katalon.core.main.TestSuiteExecutor.accessTestSuiteMainPhase(TestSuiteExecutor.java:112)
	at com.kms.katalon.core.main.TestSuiteExecutor.execute(TestSuiteExecutor.java:81)
	at com.kms.katalon.core.main.TestCaseMain.startTestSuite(TestCaseMain.java:142)
	at com.kms.katalon.core.main.TestCaseMain$startTestSuite$0.call(Unknown Source)
	at org.codehaus.groovy.runtime.callsite.CallSiteArray.defaultCall(CallSiteArray.java:48)
	at org.codehaus.groovy.runtime.callsite.AbstractCallSite.call(AbstractCallSite.java:113)
	at org.codehaus.groovy.runtime.callsite.AbstractCallSite.call(AbstractCallSite.java:141)
	at TempTestSuite1543287057153.run(TempTestSuite1543287057153.groovy:36)
	at groovy.lang.GroovyShell.runScriptOrMainOrTestOrRunnable(GroovyShell.java:263)
	at groovy.lang.GroovyShell.run(GroovyShell.java:518)
	at groovy.lang.GroovyShell.run(GroovyShell.java:507)
	at groovy.ui.GroovyMain.processOnce(GroovyMain.java:653)
	at groovy.ui.GroovyMain.run(GroovyMain.java:384)
	at groovy.ui.GroovyMain.process(GroovyMain.java:370)
	at groovy.ui.GroovyMain.processArgs(GroovyMain.java:129)
	at groovy.ui.GroovyMain.main(GroovyMain.java:109)
	at sun.reflect.NativeMethodAccessorImpl.invoke0(Native Method)
	at sun.reflect.NativeMethodAccessorImpl.invoke(NativeMethodAccessorImpl.java:62)
	at sun.reflect.DelegatingMethodAccessorImpl.invoke(DelegatingMethodAccessorImpl.java:43)
	at java.lang.reflect.Method.invoke(Method.java:498)
	at org.codehaus.groovy.tools.GroovyStarter.rootLoader(GroovyStarter.java:109)
	at org.codehaus.groovy.tools.GroovyStarter.main(GroovyStarter.java:131)
)"/>
         <system-out><![CDATA[2018-11-27 16:46:06 - [TEST_CASE][FAILED] - Test Cases/Final Aug 2018 - PKS Automation/Registration Module/Workflow/Update Add New Employee/Special Case (OTC - RO Approve): Test Cases/Final Aug 2018 - PKS Automation/Registration Module/Workflow/Update Add New Employee/Special Case (OTC - RO Approve) FAILED because (of) (Stack trace: com.kms.katalon.core.exception.StepFailedException: Unable to click on object 'Object Repository/Final Object Repo/Landing Page/Select to English' (Root cause: com.kms.katalon.core.webui.exception.WebElementNotFoundException: Web element with id: 'Object Repository/Final Object Repo/Landing Page/Select to English' located by 'By.xpath: //a[@class = 'taglib-language-list-text' and @lang = 'en-US' and (contains(text(), 'EN') or contains(., 'EN'))]' not found)
	at com.kms.katalon.core.keyword.internal.KeywordMain.stepFailed(KeywordMain.groovy:32)
	at com.kms.katalon.core.webui.keyword.internal.WebUIKeywordMain.stepFailed(WebUIKeywordMain.groovy:65)
	at com.kms.katalon.core.webui.keyword.internal.WebUIKeywordMain.runKeyword(WebUIKeywordMain.groovy:27)
	at com.kms.katalon.core.webui.keyword.builtin.ClickKeyword.click(ClickKeyword.groovy:86)
	at com.kms.katalon.core.webui.keyword.builtin.ClickKeyword.execute(ClickKeyword.groovy:67)
	at com.kms.katalon.core.keyword.internal.KeywordExecutor.executeKeywordForPlatform(KeywordExecutor.groovy:53)
	at com.kms.katalon.core.webui.keyword.WebUiBuiltInKeywords.click(WebUiBuiltInKeywords.groovy:604)
	at com.kms.katalon.core.webui.keyword.WebUiBuiltInKeywords$click$6.call(Unknown Source)
	at Script1534407542420.run(Script1534407542420.groovy:57)
	at com.kms.katalon.core.main.ScriptEngine.run(ScriptEngine.java:183)
	at com.kms.katalon.core.main.ScriptEngine.runScriptAsRawText(ScriptEngine.java:108)
	at com.kms.katalon.core.main.TestCaseExecutor.runScript(TestCaseExecutor.java:294)
	at com.kms.katalon.core.main.TestCaseExecutor.doExecute(TestCaseExecutor.java:285)
	at com.kms.katalon.core.main.TestCaseExecutor.processExecutionPhase(TestCaseExecutor.java:264)
	at com.kms.katalon.core.main.TestCaseExecutor.accessMainPhase(TestCaseExecutor.java:256)
	at com.kms.katalon.core.main.TestCaseExecutor.execute(TestCaseExecutor.java:200)
	at com.kms.katalon.core.main.TestCaseMain.runTestCase(TestCaseMain.java:99)
	at com.kms.katalon.core.keyword.builtin.CallTestCaseKeyword$_callTestCase_closure1.doCall(CallTestCaseKeyword.groovy:60)
	at com.kms.katalon.core.keyword.builtin.CallTestCaseKeyword$_callTestCase_closure1.call(CallTestCaseKeyword.groovy)
	at com.kms.katalon.core.keyword.internal.KeywordMain.runKeyword(KeywordMain.groovy:54)
	at com.kms.katalon.core.keyword.builtin.CallTestCaseKeyword.callTestCase(CallTestCaseKeyword.groovy:81)
	at com.kms.katalon.core.keyword.builtin.CallTestCaseKeyword.execute(CallTestCaseKeyword.groovy:45)
	at com.kms.katalon.core.keyword.internal.KeywordExecutor.executeKeywordForPlatform(KeywordExecutor.groovy:53)
	at com.kms.katalon.core.keyword.BuiltinKeywords.callTestCase(BuiltinKeywords.groovy:334)
	at sun.reflect.GeneratedMethodAccessor13.invoke(Unknown Source)
	at sun.reflect.DelegatingMethodAccessorImpl.invoke(DelegatingMethodAccessorImpl.java:43)
	at java.lang.reflect.Method.invoke(Method.java:498)
	at org.codehaus.groovy.reflection.CachedMethod.invoke(CachedMethod.java:93)
	at groovy.lang.MetaMethod.doMethodInvoke(MetaMethod.java:325)
	at groovy.lang.MetaClassImpl.invokeStaticMethod(MetaClassImpl.java:1469)
	at org.codehaus.groovy.runtime.callsite.StaticMetaClassSite.call(StaticMetaClassSite.java:53)
	at org.codehaus.groovy.runtime.callsite.CallSiteArray.defaultCall(CallSiteArray.java:48)
	at org.codehaus.groovy.runtime.callsite.AbstractCallSite.call(AbstractCallSite.java:113)
	at org.codehaus.groovy.runtime.callsite.AbstractCallSite.call(AbstractCallSite.java:141)
	at Script1536116100519.run(Script1536116100519.groovy:121)
	at com.kms.katalon.core.main.ScriptEngine.run(ScriptEngine.java:183)
	at com.kms.katalon.core.main.ScriptEngine.runScriptAsRawText(ScriptEngine.java:108)
	at com.kms.katalon.core.main.TestCaseExecutor.runScript(TestCaseExecutor.java:294)
	at com.kms.katalon.core.main.TestCaseExecutor.doExecute(TestCaseExecutor.java:285)
	at com.kms.katalon.core.main.TestCaseExecutor.processExecutionPhase(TestCaseExecutor.java:264)
	at com.kms.katalon.core.main.TestCaseExecutor.accessMainPhase(TestCaseExecutor.java:256)
	at com.kms.katalon.core.main.TestCaseExecutor.execute(TestCaseExecutor.java:200)
	at com.kms.katalon.core.main.TestSuiteExecutor.accessTestCaseMainPhase(TestSuiteExecutor.java:129)
	at com.kms.katalon.core.main.TestSuiteExecutor.accessTestSuiteMainPhase(TestSuiteExecutor.java:112)
	at com.kms.katalon.core.main.TestSuiteExecutor.execute(TestSuiteExecutor.java:81)
	at com.kms.katalon.core.main.TestCaseMain.startTestSuite(TestCaseMain.java:142)
	at com.kms.katalon.core.main.TestCaseMain$startTestSuite$0.call(Unknown Source)
	at org.codehaus.groovy.runtime.callsite.CallSiteArray.defaultCall(CallSiteArray.java:48)
	at org.codehaus.groovy.runtime.callsite.AbstractCallSite.call(AbstractCallSite.java:113)
	at org.codehaus.groovy.runtime.callsite.AbstractCallSite.call(AbstractCallSite.java:141)
	at TempTestSuite1543287057153.run(TempTestSuite1543287057153.groovy:36)
	at groovy.lang.GroovyShell.runScriptOrMainOrTestOrRunnable(GroovyShell.java:263)
	at groovy.lang.GroovyShell.run(GroovyShell.java:518)
	at groovy.lang.GroovyShell.run(GroovyShell.java:507)
	at groovy.ui.GroovyMain.processOnce(GroovyMain.java:653)
	at groovy.ui.GroovyMain.run(GroovyMain.java:384)
	at groovy.ui.GroovyMain.process(GroovyMain.java:370)
	at groovy.ui.GroovyMain.processArgs(GroovyMain.java:129)
	at groovy.ui.GroovyMain.main(GroovyMain.java:109)
	at sun.reflect.NativeMethodAccessorImpl.invoke0(Native Method)
	at sun.reflect.NativeMethodAccessorImpl.invoke(NativeMethodAccessorImpl.java:62)
	at sun.reflect.DelegatingMethodAccessorImpl.invoke(DelegatingMethodAccessorImpl.java:43)
	at java.lang.reflect.Method.invoke(Method.java:498)
	at org.codehaus.groovy.tools.GroovyStarter.rootLoader(GroovyStarter.java:109)
	at org.codehaus.groovy.tools.GroovyStarter.main(GroovyStarter.java:131)
)

2018-11-27 16:46:06 - [TEST_STEP][PASSED] - callTestCase: Call Test Case 'Test Cases/Final Aug 2018 - PKS Automation/Registration Module/Workflow/Update Add New Employee/Template/New Company for Update Add New' successfully

2018-11-27 16:46:06 - [TEST_CASE][PASSED] - Test Cases/Final Aug 2018 - PKS Automation/Registration Module/Workflow/Update Add New Employee/Template/New Company for Update Add New: Test Cases/Final Aug 2018 - PKS Automation/Registration Module/Workflow/Update Add New Employee/Template/New Company for Update Add New

2018-11-27 16:46:06 - [TEST_STEP][PASSED] - callTestCase: Call Test Case 'Test Cases/Final Aug 2018 - PKS Automation/Registration Module/New Registration/Form 1/Form 1 - Corporation - BHD' successfully

2018-11-27 16:46:06 - [TEST_CASE][PASSED] - Test Cases/Final Aug 2018 - PKS Automation/Registration Module/New Registration/Form 1/Form 1 - Corporation - BHD: Test Cases/Final Aug 2018 - PKS Automation/Registration Module/New Registration/Form 1/Form 1 - Corporation - BHD

2018-11-27 16:46:06 - [TEST_STEP][PASSED] - openBrowser: Browser is opened with url: ''

2018-11-27 16:46:06 - [MESSAGE][WARNING] - A browser is already opened. Closing browser and opening a new one

2018-11-27 16:46:11 - [MESSAGE][PASSED] - Browser is opened with url: ''

2018-11-27 16:46:11 - [TEST_STEP][PASSED] - navigateToUrl: Navigate to 'https://assist2-uat.perkeso.gov.my/login' successfully

2018-11-27 16:46:12 - [MESSAGE][PASSED] - Navigate to 'https://assist2-uat.perkeso.gov.my/login' successfully

2018-11-27 16:46:12 - [TEST_STEP][PASSED] - setText: Text 'johorotc1@gmail.com' is set on object 'Object Repository/Final Object Repo/Login Page/Internal User/Email Address'

2018-11-27 16:46:12 - [MESSAGE][PASSED] - Text 'johorotc1@gmail.com' is set on object 'Object Repository/Final Object Repo/Login Page/Internal User/Email Address'

2018-11-27 16:46:12 - [TEST_STEP][PASSED] - click: Object: 'Object Repository/Final Object Repo/Login Page/Internal User/Next Button' is clicked on

2018-11-27 16:46:12 - [MESSAGE][PASSED] - Object: 'Object Repository/Final Object Repo/Login Page/Internal User/Next Button' is clicked on

2018-11-27 16:46:12 - [TEST_STEP][PASSED] - delay: Delayed 1 second(s)

2018-11-27 16:46:13 - [MESSAGE][PASSED] - Delayed 1 second(s)

2018-11-27 16:46:13 - [TEST_STEP][PASSED] - setEncryptedText: Text ****** has been set on object 'Object Repository/Final Object Repo/Login Page/Internal User/Password'

2018-11-27 16:46:14 - [MESSAGE][PASSED] - Text ****** has been set on object 'Object Repository/Final Object Repo/Login Page/Internal User/Password'

2018-11-27 16:46:14 - [TEST_STEP][PASSED] - click: Object: 'Object Repository/Final Object Repo/Login Page/Internal User/Login Button' is clicked on

2018-11-27 16:46:14 - [MESSAGE][PASSED] - Object: 'Object Repository/Final Object Repo/Login Page/Internal User/Login Button' is clicked on

2018-11-27 16:46:14 - [TEST_STEP][PASSED] - delay: Delayed 1 second(s)

2018-11-27 16:46:15 - [MESSAGE][PASSED] - Delayed 1 second(s)

2018-11-27 16:46:15 - [TEST_STEP][PASSED] - Statement - Try: Delayed 2 second(s)

2018-11-27 16:46:15 - [TEST_STEP][PASSED] - Statement - Checker = false: null

2018-11-27 16:46:15 - [TEST_STEP][PASSED] - Statement - Checker = com.kms.katalon.core.webui.keyword.WebUiBuiltInKeywords.verifyElementHasAttribute(com.kms.katalon.core.testobject.ObjectRepository.findTestObject(Final Object Repo/Landing Page/BM Detecting), "href", 20, OPTIONAL): Object 'Object Repository/Final Object Repo/Landing Page/BM Detecting' has attribute 'href'

2018-11-27 16:46:16 - [MESSAGE][PASSED] - Object 'Object Repository/Final Object Repo/Landing Page/BM Detecting' has attribute 'href'

2018-11-27 16:46:16 - [TEST_STEP][PASSED] - Statement - out.println(Checker): null

2018-11-27 16:46:16 - [TEST_STEP][PASSED] - Statement - If (Checker == false): null

2018-11-27 16:46:16 - [TEST_STEP][PASSED] - Statement - Else: null

2018-11-27 16:46:16 - [TEST_STEP][PASSED] - delay: Delayed 2 second(s)

2018-11-27 16:46:18 - [MESSAGE][PASSED] - Delayed 2 second(s)

2018-11-27 16:46:18 - [TEST_STEP][PASSED] - navigateToUrl: Navigate to 'https://assist2-uat.perkeso.gov.my/web/registration/registration' successfully

2018-11-27 16:46:19 - [MESSAGE][PASSED] - Navigate to 'https://assist2-uat.perkeso.gov.my/web/registration/registration' successfully

2018-11-27 16:46:19 - [TEST_STEP][PASSED] - click: Object: 'Object Repository/Final Object Repo/New Registration - Registration Module Pages/Form 1/AEC - No' is clicked on

2018-11-27 16:46:19 - [MESSAGE][PASSED] - Object: 'Object Repository/Final Object Repo/New Registration - Registration Module Pages/Form 1/AEC - No' is clicked on

2018-11-27 16:46:19 - [TEST_STEP][PASSED] - click: Object: 'Object Repository/Final Object Repo/New Registration - Registration Module Pages/Form 1/Business Entity' is clicked on

2018-11-27 16:46:20 - [MESSAGE][PASSED] - Object: 'Object Repository/Final Object Repo/New Registration - Registration Module Pages/Form 1/Business Entity' is clicked on

2018-11-27 16:46:20 - [TEST_STEP][PASSED] - click: Object: 'Object Repository/Final Object Repo/New Registration - Registration Module Pages/Form 1/Businees Entity - Corporation' is clicked on

2018-11-27 16:46:20 - [MESSAGE][PASSED] - Object: 'Object Repository/Final Object Repo/New Registration - Registration Module Pages/Form 1/Businees Entity - Corporation' is clicked on

2018-11-27 16:46:20 - [TEST_STEP][PASSED] - delay: Delayed 1 second(s)

2018-11-27 16:46:21 - [MESSAGE][PASSED] - Delayed 1 second(s)

2018-11-27 16:46:21 - [TEST_STEP][PASSED] - click: Object: 'Object Repository/Final Object Repo/New Registration - Registration Module Pages/Form 1/Sub Business Entity' is clicked on

2018-11-27 16:46:21 - [MESSAGE][PASSED] - Object: 'Object Repository/Final Object Repo/New Registration - Registration Module Pages/Form 1/Sub Business Entity' is clicked on

2018-11-27 16:46:21 - [TEST_STEP][PASSED] - click: Object: 'Object Repository/Final Object Repo/New Registration - Registration Module Pages/Form 1/Sub Business Entity - Berhad' is clicked on

2018-11-27 16:46:21 - [MESSAGE][PASSED] - Object: 'Object Repository/Final Object Repo/New Registration - Registration Module Pages/Form 1/Sub Business Entity - Berhad' is clicked on

2018-11-27 16:46:21 - [TEST_STEP][PASSED] - delay: Delayed 1 second(s)

2018-11-27 16:46:22 - [MESSAGE][PASSED] - Delayed 1 second(s)

2018-11-27 16:46:22 - [TEST_STEP][PASSED] - setText: Text '123' is set on object 'Object Repository/Final Object Repo/New Registration - Registration Module Pages/Form 1/Registration Number'

2018-11-27 16:46:23 - [MESSAGE][PASSED] - Text '123' is set on object 'Object Repository/Final Object Repo/New Registration - Registration Module Pages/Form 1/Registration Number'

2018-11-27 16:46:23 - [TEST_STEP][PASSED] - click: Object: 'Object Repository/Final Object Repo/New Registration - Registration Module Pages/Form 1/Registred with SSM - Before Feb' is clicked on

2018-11-27 16:46:23 - [MESSAGE][PASSED] - Object: 'Object Repository/Final Object Repo/New Registration - Registration Module Pages/Form 1/Registred with SSM - Before Feb' is clicked on

2018-11-27 16:46:23 - [TEST_STEP][PASSED] - click: Object: 'Object Repository/Final Object Repo/New Registration - Registration Module Pages/Form 1/Registered As a Branch - Yes' is clicked on

2018-11-27 16:46:23 - [MESSAGE][PASSED] - Object: 'Object Repository/Final Object Repo/New Registration - Registration Module Pages/Form 1/Registered As a Branch - Yes' is clicked on

2018-11-27 16:46:23 - [TEST_STEP][PASSED] - click: Object: 'Object Repository/Final Object Repo/New Registration - Registration Module Pages/Form 1/Acknowledgement' is clicked on

2018-11-27 16:46:23 - [MESSAGE][PASSED] - Object: 'Object Repository/Final Object Repo/New Registration - Registration Module Pages/Form 1/Acknowledgement' is clicked on

2018-11-27 16:46:23 - [TEST_STEP][PASSED] - setText: Text 'perkeso' is set on object 'Object Repository/Final Object Repo/New Registration - Registration Module Pages/Form 1/Industry name'

2018-11-27 16:46:24 - [MESSAGE][PASSED] - Text 'perkeso' is set on object 'Object Repository/Final Object Repo/New Registration - Registration Module Pages/Form 1/Industry name'

2018-11-27 16:46:24 - [TEST_STEP][PASSED] - setText: Text 'perkeso1' is set on object 'Object Repository/Final Object Repo/New Registration - Registration Module Pages/Form 1/Postal Address1'

2018-11-27 16:46:24 - [MESSAGE][PASSED] - Text 'perkeso1' is set on object 'Object Repository/Final Object Repo/New Registration - Registration Module Pages/Form 1/Postal Address1'

2018-11-27 16:46:24 - [TEST_STEP][PASSED] - setText: Text 'perkeso2' is set on object 'Object Repository/Final Object Repo/New Registration - Registration Module Pages/Form 1/Postal Address2'

2018-11-27 16:46:24 - [MESSAGE][PASSED] - Text 'perkeso2' is set on object 'Object Repository/Final Object Repo/New Registration - Registration Module Pages/Form 1/Postal Address2'

2018-11-27 16:46:24 - [TEST_STEP][PASSED] - setText: Text 'perkeso3' is set on object 'Object Repository/Final Object Repo/New Registration - Registration Module Pages/Form 1/Postal Address3'

2018-11-27 16:46:25 - [MESSAGE][PASSED] - Text 'perkeso3' is set on object 'Object Repository/Final Object Repo/New Registration - Registration Module Pages/Form 1/Postal Address3'

2018-11-27 16:46:25 - [TEST_STEP][PASSED] - click: Object: 'Object Repository/Final Object Repo/New Registration - Registration Module Pages/Form 1/State' is clicked on

2018-11-27 16:46:25 - [MESSAGE][PASSED] - Object: 'Object Repository/Final Object Repo/New Registration - Registration Module Pages/Form 1/State' is clicked on

2018-11-27 16:46:25 - [TEST_STEP][PASSED] - click: Object: 'Object Repository/Final Object Repo/New Registration - Registration Module Pages/Form 1/State - Johor' is clicked on

2018-11-27 16:46:25 - [MESSAGE][PASSED] - Object: 'Object Repository/Final Object Repo/New Registration - Registration Module Pages/Form 1/State - Johor' is clicked on

2018-11-27 16:46:25 - [TEST_STEP][PASSED] - delay: Delayed 1 second(s)

2018-11-27 16:46:26 - [MESSAGE][PASSED] - Delayed 1 second(s)

2018-11-27 16:46:26 - [TEST_STEP][PASSED] - click: Object: 'Object Repository/Final Object Repo/New Registration - Registration Module Pages/Form 1/City' is clicked on

2018-11-27 16:46:26 - [MESSAGE][PASSED] - Object: 'Object Repository/Final Object Repo/New Registration - Registration Module Pages/Form 1/City' is clicked on

2018-11-27 16:46:26 - [TEST_STEP][PASSED] - setText: Text 'joh' is set on object 'Object Repository/Final Object Repo/New Registration - Registration Module Pages/Form 1/Postcode - 810'

2018-11-27 16:46:27 - [MESSAGE][PASSED] - Text 'joh' is set on object 'Object Repository/Final Object Repo/New Registration - Registration Module Pages/Form 1/Postcode - 810'

2018-11-27 16:46:27 - [TEST_STEP][PASSED] - delay: Delayed 1 second(s)

2018-11-27 16:46:28 - [MESSAGE][PASSED] - Delayed 1 second(s)

2018-11-27 16:46:28 - [TEST_STEP][PASSED] - click: Object: 'Object Repository/Final Object Repo/New Registration - Registration Module Pages/Form 1/City - Johor Bharu' is clicked on

2018-11-27 16:46:28 - [MESSAGE][PASSED] - Object: 'Object Repository/Final Object Repo/New Registration - Registration Module Pages/Form 1/City - Johor Bharu' is clicked on

2018-11-27 16:46:28 - [TEST_STEP][PASSED] - delay: Delayed 1 second(s)

2018-11-27 16:46:29 - [MESSAGE][PASSED] - Delayed 1 second(s)

2018-11-27 16:46:29 - [TEST_STEP][PASSED] - click: Object: 'Object Repository/Final Object Repo/New Registration - Registration Module Pages/Form 1/Postcode' is clicked on

2018-11-27 16:46:29 - [MESSAGE][PASSED] - Object: 'Object Repository/Final Object Repo/New Registration - Registration Module Pages/Form 1/Postcode' is clicked on

2018-11-27 16:46:29 - [TEST_STEP][PASSED] - delay: Delayed 1 second(s)

2018-11-27 16:46:30 - [MESSAGE][PASSED] - Delayed 1 second(s)

2018-11-27 16:46:30 - [TEST_STEP][PASSED] - setText: Text '810' is set on object 'Object Repository/Final Object Repo/New Registration - Registration Module Pages/Form 1/Postcode - 810'

2018-11-27 16:46:30 - [MESSAGE][PASSED] - Text '810' is set on object 'Object Repository/Final Object Repo/New Registration - Registration Module Pages/Form 1/Postcode - 810'

2018-11-27 16:46:30 - [TEST_STEP][PASSED] - delay: Delayed 3 second(s)

2018-11-27 16:46:33 - [MESSAGE][PASSED] - Delayed 3 second(s)

2018-11-27 16:46:33 - [TEST_STEP][PASSED] - click: Object: 'Object Repository/Final Object Repo/New Registration - Registration Module Pages/Form 1/Postcode - 81000' is clicked on

2018-11-27 16:46:33 - [MESSAGE][PASSED] - Object: 'Object Repository/Final Object Repo/New Registration - Registration Module Pages/Form 1/Postcode - 81000' is clicked on

2018-11-27 16:46:33 - [TEST_STEP][PASSED] - delay: Delayed 1 second(s)

2018-11-27 16:46:34 - [MESSAGE][PASSED] - Delayed 1 second(s)

2018-11-27 16:46:34 - [TEST_STEP][PASSED] - setText: Text '100' is set on object 'Object Repository/Final Object Repo/New Registration - Registration Module Pages/Form 1/P.O.BOX'

2018-11-27 16:46:35 - [MESSAGE][PASSED] - Text '100' is set on object 'Object Repository/Final Object Repo/New Registration - Registration Module Pages/Form 1/P.O.BOX'

2018-11-27 16:46:35 - [TEST_STEP][PASSED] - setText: Text '100' is set on object 'Object Repository/Final Object Repo/New Registration - Registration Module Pages/Form 1/Locked Bag No'

2018-11-27 16:46:35 - [MESSAGE][PASSED] - Text '100' is set on object 'Object Repository/Final Object Repo/New Registration - Registration Module Pages/Form 1/Locked Bag No'

2018-11-27 16:46:35 - [TEST_STEP][PASSED] - click: Object: 'Object Repository/Final Object Repo/New Registration - Registration Module Pages/Form 1/SOCSO Office Location' is clicked on

2018-11-27 16:46:35 - [MESSAGE][PASSED] - Object: 'Object Repository/Final Object Repo/New Registration - Registration Module Pages/Form 1/SOCSO Office Location' is clicked on

2018-11-27 16:46:35 - [TEST_STEP][PASSED] - click: Object: 'Object Repository/Final Object Repo/New Registration - Registration Module Pages/Form 1/SOCSO Office Location - Pejabat PERKESO Negeri Johor' is clicked on

2018-11-27 16:46:35 - [MESSAGE][PASSED] - Object: 'Object Repository/Final Object Repo/New Registration - Registration Module Pages/Form 1/SOCSO Office Location - Pejabat PERKESO Negeri Johor' is clicked on

2018-11-27 16:46:35 - [TEST_STEP][PASSED] - delay: Delayed 1 second(s)

2018-11-27 16:46:36 - [MESSAGE][PASSED] - Delayed 1 second(s)

2018-11-27 16:46:36 - [TEST_STEP][PASSED] - check: Object 'Object Repository/Final Object Repo/New Registration - Registration Module Pages/Form 1/Indusrty Address Same As Postal Address' is checked

2018-11-27 16:46:37 - [MESSAGE][PASSED] - Object 'Object Repository/Final Object Repo/New Registration - Registration Module Pages/Form 1/Indusrty Address Same As Postal Address' is checked

2018-11-27 16:46:37 - [TEST_STEP][PASSED] - delay: Delayed 3 second(s)

2018-11-27 16:46:40 - [MESSAGE][PASSED] - Delayed 3 second(s)

2018-11-27 16:46:40 - [TEST_STEP][PASSED] - click: Object: 'Object Repository/Final Object Repo/New Registration - Registration Module Pages/Form 1/Indusry Address Same As Postal Address False' is clicked on

2018-11-27 16:46:40 - [MESSAGE][PASSED] - Object: 'Object Repository/Final Object Repo/New Registration - Registration Module Pages/Form 1/Indusry Address Same As Postal Address False' is clicked on

2018-11-27 16:46:40 - [TEST_STEP][PASSED] - delay: Delayed 1 second(s)

2018-11-27 16:46:41 - [MESSAGE][PASSED] - Delayed 1 second(s)

2018-11-27 16:46:41 - [TEST_STEP][PASSED] - setText: Text 'perkeso1' is set on object 'Object Repository/Final Object Repo/New Registration - Registration Module Pages/Form 1/Industry Address1'

2018-11-27 16:46:41 - [MESSAGE][PASSED] - Text 'perkeso1' is set on object 'Object Repository/Final Object Repo/New Registration - Registration Module Pages/Form 1/Industry Address1'

2018-11-27 16:46:41 - [TEST_STEP][PASSED] - setText: Text 'perkeso2' is set on object 'Object Repository/Final Object Repo/New Registration - Registration Module Pages/Form 1/Industry Address2'

2018-11-27 16:46:42 - [MESSAGE][PASSED] - Text 'perkeso2' is set on object 'Object Repository/Final Object Repo/New Registration - Registration Module Pages/Form 1/Industry Address2'

2018-11-27 16:46:42 - [TEST_STEP][PASSED] - setText: Text 'perkeso3' is set on object 'Object Repository/Final Object Repo/New Registration - Registration Module Pages/Form 1/Industry Address3'

2018-11-27 16:46:42 - [MESSAGE][PASSED] - Text 'perkeso3' is set on object 'Object Repository/Final Object Repo/New Registration - Registration Module Pages/Form 1/Industry Address3'

2018-11-27 16:46:42 - [TEST_STEP][PASSED] - click: Object: 'Object Repository/Final Object Repo/New Registration - Registration Module Pages/Form 1/Industry State' is clicked on

2018-11-27 16:46:42 - [MESSAGE][PASSED] - Object: 'Object Repository/Final Object Repo/New Registration - Registration Module Pages/Form 1/Industry State' is clicked on

2018-11-27 16:46:42 - [TEST_STEP][PASSED] - delay: Delayed 2 second(s)

2018-11-27 16:46:44 - [MESSAGE][PASSED] - Delayed 2 second(s)

2018-11-27 16:46:44 - [TEST_STEP][PASSED] - click: Object: 'Object Repository/Final Object Repo/New Registration - Registration Module Pages/Form 1/Industry State - Johor' is clicked on

2018-11-27 16:46:44 - [MESSAGE][PASSED] - Object: 'Object Repository/Final Object Repo/New Registration - Registration Module Pages/Form 1/Industry State - Johor' is clicked on

2018-11-27 16:46:44 - [TEST_STEP][PASSED] - delay: Delayed 2 second(s)

2018-11-27 16:46:46 - [MESSAGE][PASSED] - Delayed 2 second(s)

2018-11-27 16:46:46 - [TEST_STEP][PASSED] - click: Object: 'Object Repository/Final Object Repo/New Registration - Registration Module Pages/Form 1/Industry Ciry' is clicked on

2018-11-27 16:46:46 - [MESSAGE][PASSED] - Object: 'Object Repository/Final Object Repo/New Registration - Registration Module Pages/Form 1/Industry Ciry' is clicked on

2018-11-27 16:46:46 - [TEST_STEP][PASSED] - setText: Text 'joh' is set on object 'Object Repository/Final Object Repo/New Registration - Registration Module Pages/Form 1/Industry Ciry - joh'

2018-11-27 16:46:47 - [MESSAGE][PASSED] - Text 'joh' is set on object 'Object Repository/Final Object Repo/New Registration - Registration Module Pages/Form 1/Industry Ciry - joh'

2018-11-27 16:46:47 - [TEST_STEP][PASSED] - delay: Delayed 2 second(s)

2018-11-27 16:46:49 - [MESSAGE][PASSED] - Delayed 2 second(s)

2018-11-27 16:46:49 - [TEST_STEP][PASSED] - click: Object: 'Object Repository/Final Object Repo/New Registration - Registration Module Pages/Form 1/Industy State - Johor Bharu' is clicked on

2018-11-27 16:46:49 - [MESSAGE][PASSED] - Object: 'Object Repository/Final Object Repo/New Registration - Registration Module Pages/Form 1/Industy State - Johor Bharu' is clicked on

2018-11-27 16:46:49 - [TEST_STEP][PASSED] - delay: Delayed 1 second(s)

2018-11-27 16:46:50 - [MESSAGE][PASSED] - Delayed 1 second(s)

2018-11-27 16:46:50 - [TEST_STEP][PASSED] - click: Object: 'Object Repository/Final Object Repo/New Registration - Registration Module Pages/Form 1/Indusry PostCode' is clicked on

2018-11-27 16:46:50 - [MESSAGE][PASSED] - Object: 'Object Repository/Final Object Repo/New Registration - Registration Module Pages/Form 1/Indusry PostCode' is clicked on

2018-11-27 16:46:50 - [TEST_STEP][PASSED] - delay: Delayed 1 second(s)

2018-11-27 16:46:51 - [MESSAGE][PASSED] - Delayed 1 second(s)

2018-11-27 16:46:51 - [TEST_STEP][PASSED] - setText: Text '810' is set on object 'Object Repository/Final Object Repo/New Registration - Registration Module Pages/Form 1/Insutry Post Code - 810'

2018-11-27 16:46:51 - [MESSAGE][PASSED] - Text '810' is set on object 'Object Repository/Final Object Repo/New Registration - Registration Module Pages/Form 1/Insutry Post Code - 810'

2018-11-27 16:46:51 - [TEST_STEP][PASSED] - delay: Delayed 1 second(s)

2018-11-27 16:46:52 - [MESSAGE][PASSED] - Delayed 1 second(s)

2018-11-27 16:46:52 - [TEST_STEP][PASSED] - click: Object: 'Object Repository/Final Object Repo/New Registration - Registration Module Pages/Form 1/Insutry Post Code - 81000' is clicked on

2018-11-27 16:46:52 - [MESSAGE][PASSED] - Object: 'Object Repository/Final Object Repo/New Registration - Registration Module Pages/Form 1/Insutry Post Code - 81000' is clicked on

2018-11-27 16:46:52 - [TEST_STEP][PASSED] - delay: Delayed 1 second(s)

2018-11-27 16:46:53 - [MESSAGE][PASSED] - Delayed 1 second(s)

2018-11-27 16:46:53 - [TEST_STEP][PASSED] - setText: Text '100' is set on object 'Object Repository/Final Object Repo/New Registration - Registration Module Pages/Form 1/Industry P.O.BOX'

2018-11-27 16:46:54 - [MESSAGE][PASSED] - Text '100' is set on object 'Object Repository/Final Object Repo/New Registration - Registration Module Pages/Form 1/Industry P.O.BOX'

2018-11-27 16:46:54 - [TEST_STEP][PASSED] - setText: Text '100' is set on object 'Object Repository/Final Object Repo/New Registration - Registration Module Pages/Form 1/Industry Locked Bag No'

2018-11-27 16:46:54 - [MESSAGE][PASSED] - Text '100' is set on object 'Object Repository/Final Object Repo/New Registration - Registration Module Pages/Form 1/Industry Locked Bag No'

2018-11-27 16:46:54 - [TEST_STEP][PASSED] - setText: Text '123456789' is set on object 'Object Repository/Final Object Repo/New Registration - Registration Module Pages/Form 1/Telephone No'

2018-11-27 16:46:54 - [MESSAGE][PASSED] - Text '123456789' is set on object 'Object Repository/Final Object Repo/New Registration - Registration Module Pages/Form 1/Telephone No'

2018-11-27 16:46:54 - [TEST_STEP][PASSED] - setText: Text '123456789' is set on object 'Object Repository/Final Object Repo/New Registration - Registration Module Pages/Form 1/Mobile No'

2018-11-27 16:46:55 - [MESSAGE][PASSED] - Text '123456789' is set on object 'Object Repository/Final Object Repo/New Registration - Registration Module Pages/Form 1/Mobile No'

2018-11-27 16:46:55 - [TEST_STEP][PASSED] - setText: Text '123456789' is set on object 'Object Repository/Final Object Repo/New Registration - Registration Module Pages/Form 1/Fax No'

2018-11-27 16:46:55 - [MESSAGE][PASSED] - Text '123456789' is set on object 'Object Repository/Final Object Repo/New Registration - Registration Module Pages/Form 1/Fax No'

2018-11-27 16:46:55 - [TEST_STEP][PASSED] - click: Object: 'Object Repository/Final Object Repo/New Registration - Registration Module Pages/Form 1/Industry Code' is clicked on

2018-11-27 16:46:55 - [MESSAGE][PASSED] - Object: 'Object Repository/Final Object Repo/New Registration - Registration Module Pages/Form 1/Industry Code' is clicked on

2018-11-27 16:46:55 - [TEST_STEP][PASSED] - click: Object: 'Object Repository/Final Object Repo/New Registration - Registration Module Pages/Form 1/Indudustry Code - Crops and Animal' is clicked on

2018-11-27 16:46:56 - [MESSAGE][PASSED] - Object: 'Object Repository/Final Object Repo/New Registration - Registration Module Pages/Form 1/Indudustry Code - Crops and Animal' is clicked on

2018-11-27 16:46:56 - [TEST_STEP][PASSED] - delay: Delayed 1 second(s)

2018-11-27 16:46:57 - [MESSAGE][PASSED] - Delayed 1 second(s)

2018-11-27 16:46:57 - [TEST_STEP][PASSED] - click: Object: 'Object Repository/Final Object Repo/New Registration - Registration Module Pages/Form 1/Sub Industry Code List' is clicked on

2018-11-27 16:46:57 - [MESSAGE][PASSED] - Object: 'Object Repository/Final Object Repo/New Registration - Registration Module Pages/Form 1/Sub Industry Code List' is clicked on

2018-11-27 16:46:57 - [TEST_STEP][PASSED] - click: Object: 'Object Repository/Final Object Repo/New Registration - Registration Module Pages/Form 1/Sub Industry Code List - Growing of Maize' is clicked on

2018-11-27 16:46:57 - [MESSAGE][PASSED] - Object: 'Object Repository/Final Object Repo/New Registration - Registration Module Pages/Form 1/Sub Industry Code List - Growing of Maize' is clicked on

2018-11-27 16:46:57 - [TEST_STEP][PASSED] - setText: Text 'perkeso123@gmail.com' is set on object 'Object Repository/Final Object Repo/New Registration - Registration Module Pages/Form 1/Email'

2018-11-27 16:46:58 - [MESSAGE][PASSED] - Text 'perkeso123@gmail.com' is set on object 'Object Repository/Final Object Repo/New Registration - Registration Module Pages/Form 1/Email'

2018-11-27 16:46:58 - [TEST_STEP][PASSED] - click: Object: 'Object Repository/Final Object Repo/New Registration - Registration Module Pages/Form 1/Method of Contribution Payment' is clicked on

2018-11-27 16:46:58 - [MESSAGE][PASSED] - Object: 'Object Repository/Final Object Repo/New Registration - Registration Module Pages/Form 1/Method of Contribution Payment' is clicked on

2018-11-27 16:46:58 - [TEST_STEP][PASSED] - click: Object: 'Object Repository/Final Object Repo/New Registration - Registration Module Pages/Form 1/Method of Contribution Payment - Portal' is clicked on

2018-11-27 16:46:58 - [MESSAGE][PASSED] - Object: 'Object Repository/Final Object Repo/New Registration - Registration Module Pages/Form 1/Method of Contribution Payment - Portal' is clicked on

2018-11-27 16:46:58 - [TEST_STEP][PASSED] - click: Object: 'Object Repository/Final Object Repo/New Registration - Registration Module Pages/Form 1/Servide Type' is clicked on

2018-11-27 16:46:58 - [MESSAGE][PASSED] - Object: 'Object Repository/Final Object Repo/New Registration - Registration Module Pages/Form 1/Servide Type' is clicked on

2018-11-27 16:46:58 - [TEST_STEP][PASSED] - click: Object: 'Object Repository/Final Object Repo/New Registration - Registration Module Pages/Form 1/Servide Type - Professional Bodies' is clicked on

2018-11-27 16:46:59 - [MESSAGE][PASSED] - Object: 'Object Repository/Final Object Repo/New Registration - Registration Module Pages/Form 1/Servide Type - Professional Bodies' is clicked on

2018-11-27 16:46:59 - [TEST_STEP][PASSED] - click: Object: 'Object Repository/Final Object Repo/New Registration - Registration Module Pages/Form 1/Industry Venue' is clicked on

2018-11-27 16:46:59 - [MESSAGE][PASSED] - Object: 'Object Repository/Final Object Repo/New Registration - Registration Module Pages/Form 1/Industry Venue' is clicked on

2018-11-27 16:46:59 - [TEST_STEP][PASSED] - click: Object: 'Object Repository/Final Object Repo/New Registration - Registration Module Pages/Form 1/Industry Venue -  PPN JOHOR' is clicked on

2018-11-27 16:46:59 - [MESSAGE][PASSED] - Object: 'Object Repository/Final Object Repo/New Registration - Registration Module Pages/Form 1/Industry Venue -  PPN JOHOR' is clicked on

2018-11-27 16:46:59 - [TEST_STEP][PASSED] - click: Object: 'Object Repository/Final Object Repo/New Registration - Registration Module Pages/Form 1/Save  Continue' is clicked on

2018-11-27 16:46:59 - [MESSAGE][PASSED] - Object: 'Object Repository/Final Object Repo/New Registration - Registration Module Pages/Form 1/Save  Continue' is clicked on

2018-11-27 16:46:59 - [MESSAGE][PASSED] - Call Test Case 'Test Cases/Final Aug 2018 - PKS Automation/Registration Module/New Registration/Form 1/Form 1 - Corporation - BHD' successfully

2018-11-27 16:46:59 - [TEST_STEP][PASSED] - callTestCase: Call Test Case 'Test Cases/Final Aug 2018 - PKS Automation/Registration Module/New Registration/Form 2/Add 1 Eligible' successfully

2018-11-27 16:46:59 - [TEST_CASE][PASSED] - Test Cases/Final Aug 2018 - PKS Automation/Registration Module/New Registration/Form 2/Add 1 Eligible: Test Cases/Final Aug 2018 - PKS Automation/Registration Module/New Registration/Form 2/Add 1 Eligible

2018-11-27 16:46:59 - [TEST_STEP][PASSED] - delay: Delayed 2 second(s)

2018-11-27 16:47:01 - [MESSAGE][PASSED] - Delayed 2 second(s)

2018-11-27 16:47:01 - [TEST_STEP][PASSED] - callTestCase: Call Test Case 'Test Cases/Final Aug 2018 - PKS Automation/Registration Module/New Registration/Form 2/Date Updater' successfully

2018-11-27 16:47:01 - [TEST_CASE][PASSED] - Test Cases/Final Aug 2018 - PKS Automation/Registration Module/New Registration/Form 2/Date Updater: Test Cases/Final Aug 2018 - PKS Automation/Registration Module/New Registration/Form 2/Date Updater

2018-11-27 16:47:01 - [TEST_STEP][PASSED] - Statement - TodayDate = new java.util.Date(): null

2018-11-27 16:47:01 - [TEST_STEP][PASSED] - Statement - CurrentDateNoFilter = new java.text.SimpleDateFormat(): null

2018-11-27 16:47:01 - [TEST_STEP][PASSED] - Statement - CurrentDateNoFilter.applyPattern("dd"): null

2018-11-27 16:47:01 - [TEST_STEP][PASSED] - Statement - CurrentDate = CurrentDateNoFilter.format(TodayDate): null

2018-11-27 16:47:01 - [TEST_STEP][PASSED] - Statement - CurrentDate = java.lang.Integer.parseInt(CurrentDate): null

2018-11-27 16:47:01 - [TEST_STEP][PASSED] - Statement - CurrentDate = CurrentDate: null

2018-11-27 16:47:01 - [TEST_STEP][PASSED] - Statement - CurrentDay = java.lang.Integer.parseInt(CurrentDate): null

2018-11-27 16:47:01 - [TEST_STEP][PASSED] - Statement - aDayBefore = CurrentDay + 1: null

2018-11-27 16:47:01 - [TEST_STEP][PASSED] - Statement - DayBefore = aDayBefore.toString(): null

2018-11-27 16:47:01 - [TEST_STEP][PASSED] - Statement - OneDayBefore = DayBefore: null

2018-11-27 16:47:01 - [TEST_STEP][PASSED] - Statement - CurrentDateNoFilter.applyPattern("MM"): null

2018-11-27 16:47:01 - [TEST_STEP][PASSED] - Statement - monthContainerMatcher = java.lang.Integer.parseInt(CurrentDateNoFilter.format(TodayDate)): null

2018-11-27 16:47:01 - [TEST_STEP][PASSED] - Statement - monthContainerMatcher = monthContainerMatcher - 1: null

2018-11-27 16:47:01 - [TEST_STEP][PASSED] - Statement - CurrentMonth = monthContainerMatcher.toString(): null

2018-11-27 16:47:01 - [TEST_STEP][PASSED] - Statement - CurrentMonth = CurrentMonth: null

2018-11-27 16:47:01 - [TEST_STEP][PASSED] - Statement - CurrentDateNoFilter.applyPattern("yyyy"): null

2018-11-27 16:47:01 - [TEST_STEP][PASSED] - Statement - CurrentYear = CurrentDateNoFilter.format(TodayDate): null

2018-11-27 16:47:01 - [TEST_STEP][PASSED] - Statement - CurrentYear = CurrentYear: null

2018-11-27 16:47:01 - [TEST_STEP][PASSED] - Statement - intCurrentYear = java.lang.Integer.parseInt(CurrentDateNoFilter.format(TodayDate)): null

2018-11-27 16:47:01 - [TEST_STEP][PASSED] - Statement - eighteenYrsAgo = intCurrentYear - 18: null

2018-11-27 16:47:01 - [TEST_STEP][PASSED] - Statement - eighteenYrsBeforeThisYr = eighteenYrsAgo.toString(): null

2018-11-27 16:47:01 - [TEST_STEP][PASSED] - Statement - EighteenYrsBefore = eighteenYrsBeforeThisYr: null

2018-11-27 16:47:01 - [TEST_STEP][PASSED] - Statement - fiftysevenYrsAgo = intCurrentYear - 57: null

2018-11-27 16:47:01 - [TEST_STEP][PASSED] - Statement - fiftysevenYrsBeforeThisYr = fiftysevenYrsAgo.toString(): null

2018-11-27 16:47:01 - [TEST_STEP][PASSED] - Statement - FiftysevenYrsBefore = fiftysevenYrsBeforeThisYr: null

2018-11-27 16:47:01 - [MESSAGE][PASSED] - Call Test Case 'Test Cases/Final Aug 2018 - PKS Automation/Registration Module/New Registration/Form 2/Date Updater' successfully

2018-11-27 16:47:01 - [TEST_STEP][PASSED] - delay: Delayed 1 second(s)

2018-11-27 16:47:02 - [MESSAGE][PASSED] - Delayed 1 second(s)

2018-11-27 16:47:02 - [TEST_STEP][PASSED] - Statement - CaseReferenceNo = com.kms.katalon.core.webui.keyword.WebUiBuiltInKeywords.getText(com.kms.katalon.core.testobject.ObjectRepository.findTestObject(Final Object Repo/New Registration - Registration Module Pages/Form 2/RefNo Acquiring)): Text of object 'Object Repository/Final Object Repo/New Registration - Registration Module Pages/Form 2/RefNo Acquiring' is: 'CRN11201800122874'

2018-11-27 16:47:02 - [MESSAGE][PASSED] - Text of object 'Object Repository/Final Object Repo/New Registration - Registration Module Pages/Form 2/RefNo Acquiring' is: 'CRN11201800122874'

2018-11-27 16:47:02 - [TEST_STEP][PASSED] - delay: Delayed 1 second(s)

2018-11-27 16:47:03 - [MESSAGE][PASSED] - Delayed 1 second(s)

2018-11-27 16:47:03 - [TEST_STEP][PASSED] - click: Object: 'Object Repository/Final Object Repo/New Registration - Registration Module Pages/Form 2/Add Employee Button' is clicked on

2018-11-27 16:47:04 - [MESSAGE][PASSED] - Object: 'Object Repository/Final Object Repo/New Registration - Registration Module Pages/Form 2/Add Employee Button' is clicked on

2018-11-27 16:47:04 - [TEST_STEP][PASSED] - delay: Delayed 1 second(s)

2018-11-27 16:47:05 - [MESSAGE][PASSED] - Delayed 1 second(s)

2018-11-27 16:47:05 - [TEST_STEP][PASSED] - setText: Text '010903091963' is set on object 'Object Repository/Final Object Repo/New Registration - Registration Module Pages/Form 2/NRIC Input'

2018-11-27 16:47:05 - [MESSAGE][PASSED] - Text '010903091963' is set on object 'Object Repository/Final Object Repo/New Registration - Registration Module Pages/Form 2/NRIC Input'

2018-11-27 16:47:05 - [TEST_STEP][PASSED] - click: Object: 'Object Repository/Final Object Repo/New Registration - Registration Module Pages/Form 2/button for search for IC' is clicked on

2018-11-27 16:47:05 - [MESSAGE][PASSED] - Object: 'Object Repository/Final Object Repo/New Registration - Registration Module Pages/Form 2/button for search for IC' is clicked on

2018-11-27 16:47:05 - [TEST_STEP][PASSED] - delay: Delayed 2 second(s)

2018-11-27 16:47:07 - [MESSAGE][PASSED] - Delayed 2 second(s)

2018-11-27 16:47:07 - [TEST_STEP][PASSED] - setText: Text 'Automate001 eligible 1' is set on object 'Object Repository/Final Object Repo/New Registration - Registration Module Pages/Form 2/Employee Name Input'

2018-11-27 16:47:08 - [MESSAGE][PASSED] - Text 'Automate001 eligible 1' is set on object 'Object Repository/Final Object Repo/New Registration - Registration Module Pages/Form 2/Employee Name Input'

2018-11-27 16:47:08 - [TEST_STEP][PASSED] - delay: Delayed 2 second(s)

2018-11-27 16:47:10 - [MESSAGE][PASSED] - Delayed 2 second(s)

2018-11-27 16:47:10 - [TEST_STEP][PASSED] - click: Object: 'Object Repository/Final Object Repo/New Registration - Registration Module Pages/Form 2/DatePicker Pop Up' is clicked on

2018-11-27 16:47:10 - [MESSAGE][PASSED] - Object: 'Object Repository/Final Object Repo/New Registration - Registration Module Pages/Form 2/DatePicker Pop Up' is clicked on

2018-11-27 16:47:10 - [TEST_STEP][PASSED] - click: Object: 'Object Repository/Final Object Repo/New Registration - Registration Module Pages/Form 2/DOB Month' is clicked on

2018-11-27 16:47:10 - [MESSAGE][PASSED] - Object: 'Object Repository/Final Object Repo/New Registration - Registration Module Pages/Form 2/DOB Month' is clicked on

2018-11-27 16:47:10 - [TEST_STEP][PASSED] - Statement - CurrentMonth = CurrentMonth: null

2018-11-27 16:47:10 - [TEST_STEP][PASSED] - Statement - selectMonth = new com.kms.katalon.core.testobject.TestObject(): null

2018-11-27 16:47:10 - [TEST_STEP][PASSED] - Statement - selectMonth.addProperty("xpath", EQUALS, "//body/div/div/div/select/option[@value='" + CurrentMonth + "']", true): null

2018-11-27 16:47:10 - [TEST_STEP][PASSED] - click: Object: '' is clicked on

2018-11-27 16:47:10 - [MESSAGE][PASSED] - Object: '' is clicked on

2018-11-27 16:47:10 - [TEST_STEP][PASSED] - click: Object: 'Object Repository/Final Object Repo/New Registration - Registration Module Pages/Form 2/DOB Year' is clicked on

2018-11-27 16:47:10 - [MESSAGE][PASSED] - Object: 'Object Repository/Final Object Repo/New Registration - Registration Module Pages/Form 2/DOB Year' is clicked on

2018-11-27 16:47:10 - [TEST_STEP][PASSED] - Statement - Eyearsbf = EighteenYrsBefore: null

2018-11-27 16:47:10 - [TEST_STEP][PASSED] - Statement - selectYear = new com.kms.katalon.core.testobject.TestObject(): null

2018-11-27 16:47:10 - [TEST_STEP][PASSED] - Statement - selectYear.addProperty("xpath", EQUALS, "//div/div/div/select/option[@value='" + Eyearsbf + "']", true): null

2018-11-27 16:47:10 - [TEST_STEP][PASSED] - click: Object: '' is clicked on

2018-11-27 16:47:11 - [MESSAGE][PASSED] - Object: '' is clicked on

2018-11-27 16:47:11 - [TEST_STEP][PASSED] - Statement - UpdatedSelectDate = com.kms.katalon.core.webui.keyword.WebUiBuiltInKeywords.modifyObjectProperty(com.kms.katalon.core.testobject.ObjectRepository.findTestObject(Final Object Repo/New Registration - Registration Module Pages/Form 2/DOB Date), "xpath", "equals", "//body/div/table/tbody/tr/td/a[text()="" + CurrentDate + ""]", true): Modify property of object successfully

2018-11-27 16:47:11 - [MESSAGE][PASSED] - Modify property of object successfully

2018-11-27 16:47:11 - [TEST_STEP][PASSED] - delay: Delayed 3 second(s)

2018-11-27 16:47:14 - [MESSAGE][PASSED] - Delayed 3 second(s)

2018-11-27 16:47:14 - [TEST_STEP][PASSED] - click: Object: 'Object Repository/Final Object Repo/New Registration - Registration Module Pages/Form 2/DOB Date' is clicked on

2018-11-27 16:47:14 - [MESSAGE][PASSED] - Object: 'Object Repository/Final Object Repo/New Registration - Registration Module Pages/Form 2/DOB Date' is clicked on

2018-11-27 16:47:14 - [TEST_STEP][PASSED] - delay: Delayed 2 second(s)

2018-11-27 16:47:16 - [MESSAGE][PASSED] - Delayed 2 second(s)

2018-11-27 16:47:16 - [TEST_STEP][PASSED] - click: Object: 'Object Repository/Final Object Repo/New Registration - Registration Module Pages/Form 2/EmploymentStartDate Pop Up' is clicked on

2018-11-27 16:47:16 - [MESSAGE][PASSED] - Object: 'Object Repository/Final Object Repo/New Registration - Registration Module Pages/Form 2/EmploymentStartDate Pop Up' is clicked on

2018-11-27 16:47:16 - [TEST_STEP][PASSED] - delay: Delayed 2 second(s)

2018-11-27 16:47:18 - [MESSAGE][PASSED] - Delayed 2 second(s)

2018-11-27 16:47:18 - [TEST_STEP][PASSED] - click: Object: 'Object Repository/Final Object Repo/New Registration - Registration Module Pages/Form 2/Socso Employment StartDate Month' is clicked on

2018-11-27 16:47:18 - [MESSAGE][PASSED] - Object: 'Object Repository/Final Object Repo/New Registration - Registration Module Pages/Form 2/Socso Employment StartDate Month' is clicked on

2018-11-27 16:47:18 - [TEST_STEP][PASSED] - delay: Delayed 1 second(s)

2018-11-27 16:47:19 - [MESSAGE][PASSED] - Delayed 1 second(s)

2018-11-27 16:47:19 - [TEST_STEP][PASSED] - click: Object: 'Object Repository/Final Object Repo/New Registration - Registration Module Pages/Form 2/Select Socso Employement Startdate Month' is clicked on

2018-11-27 16:47:19 - [MESSAGE][PASSED] - Object: 'Object Repository/Final Object Repo/New Registration - Registration Module Pages/Form 2/Select Socso Employement Startdate Month' is clicked on

2018-11-27 16:47:19 - [TEST_STEP][PASSED] - delay: Delayed 2 second(s)

2018-11-27 16:47:21 - [MESSAGE][PASSED] - Delayed 2 second(s)

2018-11-27 16:47:21 - [TEST_STEP][PASSED] - click: Object: 'Object Repository/Final Object Repo/New Registration - Registration Module Pages/Form 2/Socso Employment StartDate Year' is clicked on

2018-11-27 16:47:21 - [MESSAGE][PASSED] - Object: 'Object Repository/Final Object Repo/New Registration - Registration Module Pages/Form 2/Socso Employment StartDate Year' is clicked on

2018-11-27 16:47:21 - [TEST_STEP][PASSED] - delay: Delayed 1 second(s)

2018-11-27 16:47:22 - [MESSAGE][PASSED] - Delayed 1 second(s)

2018-11-27 16:47:22 - [TEST_STEP][PASSED] - click: Object: 'Object Repository/Final Object Repo/New Registration - Registration Module Pages/Form 2/Select Socso Employment Startdate Year' is clicked on

2018-11-27 16:47:23 - [MESSAGE][PASSED] - Object: 'Object Repository/Final Object Repo/New Registration - Registration Module Pages/Form 2/Select Socso Employment Startdate Year' is clicked on

2018-11-27 16:47:23 - [TEST_STEP][PASSED] - delay: Delayed 2 second(s)

2018-11-27 16:47:25 - [MESSAGE][PASSED] - Delayed 2 second(s)

2018-11-27 16:47:25 - [TEST_STEP][PASSED] - click: Object: 'Object Repository/Final Object Repo/New Registration - Registration Module Pages/Form 2/Socso Employment Start Date Day' is clicked on

2018-11-27 16:47:25 - [MESSAGE][PASSED] - Object: 'Object Repository/Final Object Repo/New Registration - Registration Module Pages/Form 2/Socso Employment Start Date Day' is clicked on

2018-11-27 16:47:25 - [TEST_STEP][PASSED] - delay: Delayed 2 second(s)

2018-11-27 16:47:27 - [MESSAGE][PASSED] - Delayed 2 second(s)

2018-11-27 16:47:27 - [TEST_STEP][PASSED] - click: Object: 'Object Repository/Final Object Repo/New Registration - Registration Module Pages/Form 2/Save Button for Add Employee' is clicked on

2018-11-27 16:47:27 - [MESSAGE][PASSED] - Object: 'Object Repository/Final Object Repo/New Registration - Registration Module Pages/Form 2/Save Button for Add Employee' is clicked on

2018-11-27 16:47:27 - [TEST_STEP][PASSED] - delay: Delayed 6 second(s)

2018-11-27 16:47:33 - [MESSAGE][PASSED] - Delayed 6 second(s)

2018-11-27 16:47:33 - [TEST_STEP][PASSED] - click: Object: 'Object Repository/Final Object Repo/New Registration - Registration Module Pages/Form 2/Save and Continue Form 2' is clicked on

2018-11-27 16:47:33 - [MESSAGE][PASSED] - Object: 'Object Repository/Final Object Repo/New Registration - Registration Module Pages/Form 2/Save and Continue Form 2' is clicked on

2018-11-27 16:47:33 - [MESSAGE][PASSED] - Call Test Case 'Test Cases/Final Aug 2018 - PKS Automation/Registration Module/New Registration/Form 2/Add 1 Eligible' successfully

2018-11-27 16:47:33 - [TEST_STEP][PASSED] - callTestCase: Call Test Case 'Test Cases/Final Aug 2018 - PKS Automation/Registration Module/New Registration/Flow of New Registration/Third Screen - Upload Supporting Doc - Preview' successfully

2018-11-27 16:47:33 - [TEST_CASE][PASSED] - Test Cases/Final Aug 2018 - PKS Automation/Registration Module/New Registration/Flow of New Registration/Third Screen - Upload Supporting Doc - Preview: Test Cases/Final Aug 2018 - PKS Automation/Registration Module/New Registration/Flow of New Registration/Third Screen - Upload Supporting Doc - Preview

2018-11-27 16:47:33 - [TEST_STEP][PASSED] - waitForPageLoad: Wait for page load successfully

2018-11-27 16:47:34 - [MESSAGE][PASSED] - Wait for page load successfully

2018-11-27 16:47:34 - [TEST_STEP][PASSED] - Statement - CaseReferenceNo = com.kms.katalon.core.webui.keyword.WebUiBuiltInKeywords.getText(com.kms.katalon.core.testobject.ObjectRepository.findTestObject(Final Object Repo/New Registration - Registration Module Pages/Third Screen - Upload Supporting Doc- Preview/RefNo Acquiring)): Text of object 'Object Repository/Final Object Repo/New Registration - Registration Module Pages/Third Screen - Upload Supporting Doc- Preview/RefNo Acquiring' is: 'CRN11201800122874'

2018-11-27 16:47:34 - [MESSAGE][PASSED] - Text of object 'Object Repository/Final Object Repo/New Registration - Registration Module Pages/Third Screen - Upload Supporting Doc- Preview/RefNo Acquiring' is: 'CRN11201800122874'

2018-11-27 16:47:34 - [TEST_STEP][PASSED] - delay: Delayed 2 second(s)

2018-11-27 16:47:36 - [MESSAGE][PASSED] - Delayed 2 second(s)

2018-11-27 16:47:36 - [TEST_STEP][PASSED] - callTestCase: Call Test Case 'Test Cases/Final Aug 2018 - PKS Automation/Common/Reference Number Setter' successfully

2018-11-27 16:47:36 - [TEST_CASE][PASSED] - Test Cases/Final Aug 2018 - PKS Automation/Common/Reference Number Setter: Test Cases/Final Aug 2018 - PKS Automation/Common/Reference Number Setter

2018-11-27 16:47:36 - [TEST_STEP][PASSED] - Statement - RefNoOldFile = new java.io.File(C://Users//Admin//Desktop//PKS//Automation Reference Point//KatalonReference.txt): null

2018-11-27 16:47:36 - [TEST_STEP][PASSED] - Statement - RefNoOldFile.delete(): null

2018-11-27 16:47:36 - [TEST_STEP][PASSED] - delay: Delayed 5 second(s)

2018-11-27 16:47:41 - [MESSAGE][PASSED] - Delayed 5 second(s)

2018-11-27 16:47:41 - [TEST_STEP][PASSED] - Statement - RefNo = new java.io.File(C://Users//Admin//Desktop//PKS//Automation Reference Point//KatalonReference.txt): null

2018-11-27 16:47:41 - [TEST_STEP][PASSED] - Statement - f2 = new java.io.FileWriter(RefNo, false): null

2018-11-27 16:47:41 - [TEST_STEP][PASSED] - Statement - f2.write(CaseReferenceNo): null

2018-11-27 16:47:41 - [TEST_STEP][PASSED] - Statement - f2.close(): null

2018-11-27 16:47:41 - [TEST_STEP][PASSED] - Statement - out.println("


" + CaseReferenceNo + "


"): null

2018-11-27 16:47:41 - [MESSAGE][PASSED] - Call Test Case 'Test Cases/Final Aug 2018 - PKS Automation/Common/Reference Number Setter' successfully

2018-11-27 16:47:41 - [TEST_STEP][PASSED] - waitForElementClickable: Object 'Object Repository/Final Object Repo/New Registration - Registration Module Pages/Third Screen - Upload Supporting Doc- Preview/Save n Continue in SIP Employee Listing Page' is clickable

2018-11-27 16:47:41 - [MESSAGE][PASSED] - Object 'Object Repository/Final Object Repo/New Registration - Registration Module Pages/Third Screen - Upload Supporting Doc- Preview/Save n Continue in SIP Employee Listing Page' is clickable

2018-11-27 16:47:41 - [TEST_STEP][PASSED] - click: Object: 'Object Repository/Final Object Repo/New Registration - Registration Module Pages/Third Screen - Upload Supporting Doc- Preview/Save n Continue in SIP Employee Listing Page' is clicked on

2018-11-27 16:47:46 - [MESSAGE][PASSED] - Object: 'Object Repository/Final Object Repo/New Registration - Registration Module Pages/Third Screen - Upload Supporting Doc- Preview/Save n Continue in SIP Employee Listing Page' is clicked on

2018-11-27 16:47:46 - [TEST_STEP][PASSED] - delay: Delayed 7 second(s)

2018-11-27 16:47:53 - [MESSAGE][PASSED] - Delayed 7 second(s)

2018-11-27 16:47:53 - [TEST_STEP][PASSED] - click: Object: 'Object Repository/Final Object Repo/New Registration - Registration Module Pages/Third Screen - Upload Supporting Doc- Preview/Add Document Button' is clicked on

2018-11-27 16:47:53 - [MESSAGE][PASSED] - Object: 'Object Repository/Final Object Repo/New Registration - Registration Module Pages/Third Screen - Upload Supporting Doc- Preview/Add Document Button' is clicked on

2018-11-27 16:47:53 - [TEST_STEP][PASSED] - delay: Delayed 30 second(s)

2018-11-27 16:48:23 - [MESSAGE][PASSED] - Delayed 30 second(s)

2018-11-27 16:48:23 - [TEST_STEP][PASSED] - click: Object: 'Object Repository/Final Object Repo/New Registration - Registration Module Pages/Third Screen - Upload Supporting Doc- Preview/Supporting Doc Please Select Drop Down' is clicked on

2018-11-27 16:48:24 - [MESSAGE][PASSED] - Object: 'Object Repository/Final Object Repo/New Registration - Registration Module Pages/Third Screen - Upload Supporting Doc- Preview/Supporting Doc Please Select Drop Down' is clicked on

2018-11-27 16:48:24 - [TEST_STEP][PASSED] - delay: Delayed 2 second(s)

2018-11-27 16:48:26 - [MESSAGE][PASSED] - Delayed 2 second(s)

2018-11-27 16:48:26 - [TEST_STEP][PASSED] - click: Object: 'Object Repository/Final Object Repo/New Registration - Registration Module Pages/Third Screen - Upload Supporting Doc- Preview/Select to Upload Form 1' is clicked on

2018-11-27 16:48:26 - [MESSAGE][PASSED] - Object: 'Object Repository/Final Object Repo/New Registration - Registration Module Pages/Third Screen - Upload Supporting Doc- Preview/Select to Upload Form 1' is clicked on

2018-11-27 16:48:26 - [TEST_STEP][PASSED] - delay: Delayed 2 second(s)

2018-11-27 16:48:28 - [MESSAGE][PASSED] - Delayed 2 second(s)

2018-11-27 16:48:28 - [TEST_STEP][PASSED] - uploadFile: File 'C:\Users\Public\Pictures\Sample Pictures\Koala.jpg' sent to object: 'Object Repository/Final Object Repo/New Registration - Registration Module Pages/Third Screen - Upload Supporting Doc- Preview/Upload File Adding'

2018-11-27 16:48:28 - [MESSAGE][PASSED] - File 'C:\Users\Public\Pictures\Sample Pictures\Koala.jpg' sent to object: 'Object Repository/Final Object Repo/New Registration - Registration Module Pages/Third Screen - Upload Supporting Doc- Preview/Upload File Adding'

2018-11-27 16:48:28 - [TEST_STEP][PASSED] - delay: Delayed 5 second(s)

2018-11-27 16:48:33 - [MESSAGE][PASSED] - Delayed 5 second(s)

2018-11-27 16:48:33 - [TEST_STEP][PASSED] - click: Object: 'Object Repository/Final Object Repo/New Registration - Registration Module Pages/Third Screen - Upload Supporting Doc- Preview/Inner Form Add Document Button' is clicked on

2018-11-27 16:48:33 - [MESSAGE][PASSED] - Object: 'Object Repository/Final Object Repo/New Registration - Registration Module Pages/Third Screen - Upload Supporting Doc- Preview/Inner Form Add Document Button' is clicked on

2018-11-27 16:48:33 - [TEST_STEP][PASSED] - delay: Delayed 3 second(s)

2018-11-27 16:48:36 - [MESSAGE][PASSED] - Delayed 3 second(s)

2018-11-27 16:48:36 - [TEST_STEP][PASSED] - click: Object: 'Object Repository/Final Object Repo/New Registration - Registration Module Pages/Third Screen - Upload Supporting Doc- Preview/Add Document Button' is clicked on

2018-11-27 16:48:38 - [MESSAGE][PASSED] - Object: 'Object Repository/Final Object Repo/New Registration - Registration Module Pages/Third Screen - Upload Supporting Doc- Preview/Add Document Button' is clicked on

2018-11-27 16:48:38 - [TEST_STEP][PASSED] - delay: Delayed 30 second(s)

2018-11-27 16:49:08 - [MESSAGE][PASSED] - Delayed 30 second(s)

2018-11-27 16:49:08 - [TEST_STEP][PASSED] - click: Object: 'Object Repository/Final Object Repo/New Registration - Registration Module Pages/Third Screen - Upload Supporting Doc- Preview/Supporting Doc Please Select Drop Down' is clicked on

2018-11-27 16:49:08 - [MESSAGE][PASSED] - Object: 'Object Repository/Final Object Repo/New Registration - Registration Module Pages/Third Screen - Upload Supporting Doc- Preview/Supporting Doc Please Select Drop Down' is clicked on

2018-11-27 16:49:08 - [TEST_STEP][PASSED] - delay: Delayed 2 second(s)

2018-11-27 16:49:10 - [MESSAGE][PASSED] - Delayed 2 second(s)

2018-11-27 16:49:10 - [TEST_STEP][PASSED] - click: Object: 'Object Repository/Final Object Repo/New Registration - Registration Module Pages/Third Screen - Upload Supporting Doc- Preview/Select to Upload Form 2' is clicked on

2018-11-27 16:49:10 - [MESSAGE][PASSED] - Object: 'Object Repository/Final Object Repo/New Registration - Registration Module Pages/Third Screen - Upload Supporting Doc- Preview/Select to Upload Form 2' is clicked on

2018-11-27 16:49:10 - [TEST_STEP][PASSED] - delay: Delayed 2 second(s)

2018-11-27 16:49:12 - [MESSAGE][PASSED] - Delayed 2 second(s)

2018-11-27 16:49:12 - [TEST_STEP][PASSED] - uploadFile: File 'C:\Users\Public\Pictures\Sample Pictures\Koala.jpg' sent to object: 'Object Repository/Final Object Repo/New Registration - Registration Module Pages/Third Screen - Upload Supporting Doc- Preview/Upload File Adding'

2018-11-27 16:49:12 - [MESSAGE][PASSED] - File 'C:\Users\Public\Pictures\Sample Pictures\Koala.jpg' sent to object: 'Object Repository/Final Object Repo/New Registration - Registration Module Pages/Third Screen - Upload Supporting Doc- Preview/Upload File Adding'

2018-11-27 16:49:12 - [TEST_STEP][PASSED] - click: Object: 'Object Repository/Final Object Repo/New Registration - Registration Module Pages/Third Screen - Upload Supporting Doc- Preview/Inner Form Add Document Button' is clicked on

2018-11-27 16:49:12 - [MESSAGE][PASSED] - Object: 'Object Repository/Final Object Repo/New Registration - Registration Module Pages/Third Screen - Upload Supporting Doc- Preview/Inner Form Add Document Button' is clicked on

2018-11-27 16:49:12 - [TEST_STEP][PASSED] - delay: Delayed 5 second(s)

2018-11-27 16:49:17 - [MESSAGE][PASSED] - Delayed 5 second(s)

2018-11-27 16:49:17 - [TEST_STEP][PASSED] - click: Object: 'Object Repository/Final Object Repo/New Registration - Registration Module Pages/Third Screen - Upload Supporting Doc- Preview/Add Document Button' is clicked on

2018-11-27 16:49:17 - [MESSAGE][PASSED] - Object: 'Object Repository/Final Object Repo/New Registration - Registration Module Pages/Third Screen - Upload Supporting Doc- Preview/Add Document Button' is clicked on

2018-11-27 16:49:17 - [TEST_STEP][PASSED] - delay: Delayed 30 second(s)

2018-11-27 16:49:47 - [MESSAGE][PASSED] - Delayed 30 second(s)

2018-11-27 16:49:47 - [TEST_STEP][PASSED] - click: Object: 'Object Repository/Final Object Repo/New Registration - Registration Module Pages/Third Screen - Upload Supporting Doc- Preview/Supporting Doc Please Select Drop Down' is clicked on

2018-11-27 16:49:48 - [MESSAGE][PASSED] - Object: 'Object Repository/Final Object Repo/New Registration - Registration Module Pages/Third Screen - Upload Supporting Doc- Preview/Supporting Doc Please Select Drop Down' is clicked on

2018-11-27 16:49:48 - [TEST_STEP][PASSED] - click: Object: 'Object Repository/Final Object Repo/New Registration - Registration Module Pages/Third Screen - Upload Supporting Doc- Preview/Select to Upload Borang SIP 1' is clicked on

2018-11-27 16:49:48 - [MESSAGE][PASSED] - Object: 'Object Repository/Final Object Repo/New Registration - Registration Module Pages/Third Screen - Upload Supporting Doc- Preview/Select to Upload Borang SIP 1' is clicked on

2018-11-27 16:49:48 - [TEST_STEP][PASSED] - delay: Delayed 2 second(s)

2018-11-27 16:49:50 - [MESSAGE][PASSED] - Delayed 2 second(s)

2018-11-27 16:49:50 - [TEST_STEP][PASSED] - uploadFile: File 'C:\Users\Public\Pictures\Sample Pictures\Koala.jpg' sent to object: 'Object Repository/Final Object Repo/New Registration - Registration Module Pages/Third Screen - Upload Supporting Doc- Preview/Upload File Adding'

2018-11-27 16:49:50 - [MESSAGE][PASSED] - File 'C:\Users\Public\Pictures\Sample Pictures\Koala.jpg' sent to object: 'Object Repository/Final Object Repo/New Registration - Registration Module Pages/Third Screen - Upload Supporting Doc- Preview/Upload File Adding'

2018-11-27 16:49:50 - [TEST_STEP][PASSED] - click: Object: 'Object Repository/Final Object Repo/New Registration - Registration Module Pages/Third Screen - Upload Supporting Doc- Preview/Inner Form Add Document Button' is clicked on

2018-11-27 16:49:50 - [MESSAGE][PASSED] - Object: 'Object Repository/Final Object Repo/New Registration - Registration Module Pages/Third Screen - Upload Supporting Doc- Preview/Inner Form Add Document Button' is clicked on

2018-11-27 16:49:50 - [TEST_STEP][PASSED] - delay: Delayed 5 second(s)

2018-11-27 16:49:55 - [MESSAGE][PASSED] - Delayed 5 second(s)

2018-11-27 16:49:55 - [TEST_STEP][PASSED] - click: Object: 'Object Repository/Final Object Repo/New Registration - Registration Module Pages/Third Screen - Upload Supporting Doc- Preview/Add Document Button' is clicked on

2018-11-27 16:49:55 - [MESSAGE][PASSED] - Object: 'Object Repository/Final Object Repo/New Registration - Registration Module Pages/Third Screen - Upload Supporting Doc- Preview/Add Document Button' is clicked on

2018-11-27 16:49:55 - [TEST_STEP][PASSED] - delay: Delayed 30 second(s)

2018-11-27 16:50:25 - [MESSAGE][PASSED] - Delayed 30 second(s)

2018-11-27 16:50:25 - [TEST_STEP][PASSED] - click: Object: 'Object Repository/Final Object Repo/New Registration - Registration Module Pages/Third Screen - Upload Supporting Doc- Preview/Supporting Doc Please Select Drop Down' is clicked on

2018-11-27 16:50:25 - [MESSAGE][PASSED] - Object: 'Object Repository/Final Object Repo/New Registration - Registration Module Pages/Third Screen - Upload Supporting Doc- Preview/Supporting Doc Please Select Drop Down' is clicked on

2018-11-27 16:50:25 - [TEST_STEP][PASSED] - delay: Delayed 3 second(s)

2018-11-27 16:50:28 - [MESSAGE][PASSED] - Delayed 3 second(s)

2018-11-27 16:50:28 - [TEST_STEP][PASSED] - click: Object: 'Object Repository/Final Object Repo/New Registration - Registration Module Pages/Third Screen - Upload Supporting Doc- Preview/Select to Upload Borang SIP 2' is clicked on

2018-11-27 16:50:29 - [MESSAGE][PASSED] - Object: 'Object Repository/Final Object Repo/New Registration - Registration Module Pages/Third Screen - Upload Supporting Doc- Preview/Select to Upload Borang SIP 2' is clicked on

2018-11-27 16:50:29 - [TEST_STEP][PASSED] - delay: Delayed 2 second(s)

2018-11-27 16:50:31 - [MESSAGE][PASSED] - Delayed 2 second(s)

2018-11-27 16:50:31 - [TEST_STEP][PASSED] - uploadFile: File 'C:\Users\Public\Pictures\Sample Pictures\Koala.jpg' sent to object: 'Object Repository/Final Object Repo/New Registration - Registration Module Pages/Third Screen - Upload Supporting Doc- Preview/Upload File Adding'

2018-11-27 16:50:31 - [MESSAGE][PASSED] - File 'C:\Users\Public\Pictures\Sample Pictures\Koala.jpg' sent to object: 'Object Repository/Final Object Repo/New Registration - Registration Module Pages/Third Screen - Upload Supporting Doc- Preview/Upload File Adding'

2018-11-27 16:50:31 - [TEST_STEP][PASSED] - delay: Delayed 5 second(s)

2018-11-27 16:50:36 - [MESSAGE][PASSED] - Delayed 5 second(s)

2018-11-27 16:50:36 - [TEST_STEP][PASSED] - click: Object: 'Object Repository/Final Object Repo/New Registration - Registration Module Pages/Third Screen - Upload Supporting Doc- Preview/Inner Form Add Document Button' is clicked on

2018-11-27 16:50:36 - [MESSAGE][PASSED] - Object: 'Object Repository/Final Object Repo/New Registration - Registration Module Pages/Third Screen - Upload Supporting Doc- Preview/Inner Form Add Document Button' is clicked on

2018-11-27 16:50:36 - [TEST_STEP][PASSED] - delay: Delayed 3 second(s)

2018-11-27 16:50:39 - [MESSAGE][PASSED] - Delayed 3 second(s)

2018-11-27 16:50:39 - [TEST_STEP][PASSED] - waitForElementClickable: Object 'Object Repository/Final Object Repo/New Registration - Registration Module Pages/Third Screen - Upload Supporting Doc- Preview/Save n Continue in Uploading Supporting Doc Page' is clickable

2018-11-27 16:50:40 - [MESSAGE][PASSED] - Object 'Object Repository/Final Object Repo/New Registration - Registration Module Pages/Third Screen - Upload Supporting Doc- Preview/Save n Continue in Uploading Supporting Doc Page' is clickable

2018-11-27 16:50:40 - [TEST_STEP][PASSED] - click: Object: 'Object Repository/Final Object Repo/New Registration - Registration Module Pages/Third Screen - Upload Supporting Doc- Preview/Save n Continue in Uploading Supporting Doc Page' is clicked on

2018-11-27 16:50:40 - [MESSAGE][PASSED] - Object: 'Object Repository/Final Object Repo/New Registration - Registration Module Pages/Third Screen - Upload Supporting Doc- Preview/Save n Continue in Uploading Supporting Doc Page' is clicked on

2018-11-27 16:50:40 - [MESSAGE][PASSED] - Call Test Case 'Test Cases/Final Aug 2018 - PKS Automation/Registration Module/New Registration/Flow of New Registration/Third Screen - Upload Supporting Doc - Preview' successfully

2018-11-27 16:50:40 - [TEST_STEP][PASSED] - callTestCase: Call Test Case 'Test Cases/Final Aug 2018 - PKS Automation/Registration Module/New Registration/Submit and Screenshot/Submit Registration and Screenshot - Copy' successfully

2018-11-27 16:50:40 - [TEST_CASE][PASSED] - Test Cases/Final Aug 2018 - PKS Automation/Registration Module/New Registration/Submit and Screenshot/Submit Registration and Screenshot - Copy: Test Cases/Final Aug 2018 - PKS Automation/Registration Module/New Registration/Submit and Screenshot/Submit Registration and Screenshot - Copy

2018-11-27 16:50:40 - [TEST_STEP][PASSED] - delay: Delayed 6 second(s)

2018-11-27 16:50:46 - [MESSAGE][PASSED] - Delayed 6 second(s)

2018-11-27 16:50:46 - [TEST_STEP][PASSED] - click: Object: 'Object Repository/Final Object Repo/New Registration - Registration Module Pages/Third Screen - Upload Supporting Doc- Preview/Preview Submit Button' is clicked on

2018-11-27 16:50:46 - [MESSAGE][PASSED] - Object: 'Object Repository/Final Object Repo/New Registration - Registration Module Pages/Third Screen - Upload Supporting Doc- Preview/Preview Submit Button' is clicked on

2018-11-27 16:50:46 - [TEST_STEP][PASSED] - delay: Delayed 2 second(s)

2018-11-27 16:50:48 - [MESSAGE][PASSED] - Delayed 2 second(s)

2018-11-27 16:50:48 - [TEST_STEP][PASSED] - click: Object: 'Object Repository/Final Object Repo/New Registration - Registration Module Pages/Third Screen - Upload Supporting Doc- Preview/Preview Submit - Confirm' is clicked on

2018-11-27 16:50:49 - [MESSAGE][PASSED] - Object: 'Object Repository/Final Object Repo/New Registration - Registration Module Pages/Third Screen - Upload Supporting Doc- Preview/Preview Submit - Confirm' is clicked on

2018-11-27 16:50:49 - [TEST_STEP][PASSED] - delay: Delayed 15 second(s)

2018-11-27 16:51:04 - [MESSAGE][PASSED] - Delayed 15 second(s)

2018-11-27 16:51:04 - [TEST_STEP][PASSED] - Statement - driver = com.kms.katalon.core.webui.driver.DriverFactory.getWebDriver(): null

2018-11-27 16:51:04 - [TEST_STEP][PASSED] - Statement - driver.manage().timeouts().implicitlyWait(10, SECONDS): null

2018-11-27 16:51:04 - [TEST_STEP][PASSED] - Statement - PresavePath = KatalonScreenshots: null

2018-11-27 16:51:04 - [TEST_STEP][PASSED] - Statement - pathPrefix = "C:\Users\Public\Pictures\Sample Pictures\Katalon Screenshots\Automate Ending Screen": null

2018-11-27 16:51:04 - [TEST_STEP][PASSED] - Statement - finalPath = <not implemented yet for class: org.codehaus.groovy.ast.expr.EmptyExpression>: null

2018-11-27 16:51:04 - [TEST_STEP][PASSED] - Statement - scrFile = driver.getScreenshotAs(FILE): null

2018-11-27 16:51:04 - [TEST_STEP][PASSED] - Statement - PreSaveFile = new java.io.File(PresavePath): null

2018-11-27 16:51:04 - [TEST_STEP][PASSED] - Statement - counter = 0: null

2018-11-27 16:51:04 - [TEST_STEP][PASSED] - Statement - If (PreSaveFile.exists()): null

2018-11-27 16:51:04 - [TEST_STEP][PASSED] - Statement - While (PreSaveFile.exists()): null

2018-11-27 16:51:04 - [TEST_STEP][PASSED] - Statement - counter = counter + 1: null

2018-11-27 16:51:04 - [TEST_STEP][PASSED] - Statement - PreSaveFile = new java.io.File(((pathPrefix + java.lang.Integer.toString(counter)) + .png)): null

2018-11-27 16:51:04 - [TEST_STEP][PASSED] - Statement - counter = counter + 1: null

2018-11-27 16:51:04 - [TEST_STEP][PASSED] - Statement - PreSaveFile = new java.io.File(((pathPrefix + java.lang.Integer.toString(counter)) + .png)): null

2018-11-27 16:51:04 - [TEST_STEP][PASSED] - Statement - counter = counter + 1: null

2018-11-27 16:51:04 - [TEST_STEP][PASSED] - Statement - PreSaveFile = new java.io.File(((pathPrefix + java.lang.Integer.toString(counter)) + .png)): null

2018-11-27 16:51:04 - [TEST_STEP][PASSED] - Statement - counter = counter + 1: null

2018-11-27 16:51:04 - [TEST_STEP][PASSED] - Statement - PreSaveFile = new java.io.File(((pathPrefix + java.lang.Integer.toString(counter)) + .png)): null

2018-11-27 16:51:04 - [TEST_STEP][PASSED] - Statement - counter = counter + 1: null

2018-11-27 16:51:04 - [TEST_STEP][PASSED] - Statement - PreSaveFile = new java.io.File(((pathPrefix + java.lang.Integer.toString(counter)) + .png)): null

2018-11-27 16:51:04 - [TEST_STEP][PASSED] - Statement - counter = counter + 1: null

2018-11-27 16:51:04 - [TEST_STEP][PASSED] - Statement - PreSaveFile = new java.io.File(((pathPrefix + java.lang.Integer.toString(counter)) + .png)): null

2018-11-27 16:51:04 - [TEST_STEP][PASSED] - Statement - counter = counter + 1: null

2018-11-27 16:51:04 - [TEST_STEP][PASSED] - Statement - PreSaveFile = new java.io.File(((pathPrefix + java.lang.Integer.toString(counter)) + .png)): null

2018-11-27 16:51:04 - [TEST_STEP][PASSED] - Statement - counter = counter + 1: null

2018-11-27 16:51:04 - [TEST_STEP][PASSED] - Statement - PreSaveFile = new java.io.File(((pathPrefix + java.lang.Integer.toString(counter)) + .png)): null

2018-11-27 16:51:04 - [TEST_STEP][PASSED] - Statement - counter = counter + 1: null

2018-11-27 16:51:04 - [TEST_STEP][PASSED] - Statement - PreSaveFile = new java.io.File(((pathPrefix + java.lang.Integer.toString(counter)) + .png)): null

2018-11-27 16:51:04 - [TEST_STEP][PASSED] - Statement - counter = counter + 1: null

2018-11-27 16:51:04 - [TEST_STEP][PASSED] - Statement - PreSaveFile = new java.io.File(((pathPrefix + java.lang.Integer.toString(counter)) + .png)): null

2018-11-27 16:51:04 - [TEST_STEP][PASSED] - Statement - counter = counter + 1: null

2018-11-27 16:51:04 - [TEST_STEP][PASSED] - Statement - PreSaveFile = new java.io.File(((pathPrefix + java.lang.Integer.toString(counter)) + .png)): null

2018-11-27 16:51:04 - [TEST_STEP][PASSED] - Statement - counter = counter + 1: null

2018-11-27 16:51:04 - [TEST_STEP][PASSED] - Statement - PreSaveFile = new java.io.File(((pathPrefix + java.lang.Integer.toString(counter)) + .png)): null

2018-11-27 16:51:04 - [TEST_STEP][PASSED] - Statement - counter = counter + 1: null

2018-11-27 16:51:04 - [TEST_STEP][PASSED] - Statement - PreSaveFile = new java.io.File(((pathPrefix + java.lang.Integer.toString(counter)) + .png)): null

2018-11-27 16:51:04 - [TEST_STEP][PASSED] - Statement - counter = counter + 1: null

2018-11-27 16:51:04 - [TEST_STEP][PASSED] - Statement - PreSaveFile = new java.io.File(((pathPrefix + java.lang.Integer.toString(counter)) + .png)): null

2018-11-27 16:51:04 - [TEST_STEP][PASSED] - Statement - counter = counter + 1: null

2018-11-27 16:51:04 - [TEST_STEP][PASSED] - Statement - PreSaveFile = new java.io.File(((pathPrefix + java.lang.Integer.toString(counter)) + .png)): null

2018-11-27 16:51:04 - [TEST_STEP][PASSED] - Statement - counter = counter + 1: null

2018-11-27 16:51:04 - [TEST_STEP][PASSED] - Statement - PreSaveFile = new java.io.File(((pathPrefix + java.lang.Integer.toString(counter)) + .png)): null

2018-11-27 16:51:04 - [TEST_STEP][PASSED] - Statement - counter = counter + 1: null

2018-11-27 16:51:04 - [TEST_STEP][PASSED] - Statement - PreSaveFile = new java.io.File(((pathPrefix + java.lang.Integer.toString(counter)) + .png)): null

2018-11-27 16:51:04 - [TEST_STEP][PASSED] - Statement - counter = counter + 1: null

2018-11-27 16:51:04 - [TEST_STEP][PASSED] - Statement - PreSaveFile = new java.io.File(((pathPrefix + java.lang.Integer.toString(counter)) + .png)): null

2018-11-27 16:51:04 - [TEST_STEP][PASSED] - Statement - counter = counter + 1: null

2018-11-27 16:51:04 - [TEST_STEP][PASSED] - Statement - PreSaveFile = new java.io.File(((pathPrefix + java.lang.Integer.toString(counter)) + .png)): null

2018-11-27 16:51:04 - [TEST_STEP][PASSED] - Statement - counter = counter + 1: null

2018-11-27 16:51:04 - [TEST_STEP][PASSED] - Statement - PreSaveFile = new java.io.File(((pathPrefix + java.lang.Integer.toString(counter)) + .png)): null

2018-11-27 16:51:04 - [TEST_STEP][PASSED] - Statement - counter = counter + 1: null

2018-11-27 16:51:04 - [TEST_STEP][PASSED] - Statement - PreSaveFile = new java.io.File(((pathPrefix + java.lang.Integer.toString(counter)) + .png)): null

2018-11-27 16:51:04 - [TEST_STEP][PASSED] - Statement - counter = counter + 1: null

2018-11-27 16:51:04 - [TEST_STEP][PASSED] - Statement - PreSaveFile = new java.io.File(((pathPrefix + java.lang.Integer.toString(counter)) + .png)): null

2018-11-27 16:51:04 - [TEST_STEP][PASSED] - Statement - counter = counter + 1: null

2018-11-27 16:51:04 - [TEST_STEP][PASSED] - Statement - PreSaveFile = new java.io.File(((pathPrefix + java.lang.Integer.toString(counter)) + .png)): null

2018-11-27 16:51:04 - [TEST_STEP][PASSED] - Statement - counter = counter + 1: null

2018-11-27 16:51:04 - [TEST_STEP][PASSED] - Statement - PreSaveFile = new java.io.File(((pathPrefix + java.lang.Integer.toString(counter)) + .png)): null

2018-11-27 16:51:04 - [TEST_STEP][PASSED] - Statement - counter = counter + 1: null

2018-11-27 16:51:04 - [TEST_STEP][PASSED] - Statement - PreSaveFile = new java.io.File(((pathPrefix + java.lang.Integer.toString(counter)) + .png)): null

2018-11-27 16:51:04 - [TEST_STEP][PASSED] - Statement - counter = counter + 1: null

2018-11-27 16:51:04 - [TEST_STEP][PASSED] - Statement - PreSaveFile = new java.io.File(((pathPrefix + java.lang.Integer.toString(counter)) + .png)): null

2018-11-27 16:51:04 - [TEST_STEP][PASSED] - Statement - counter = counter + 1: null

2018-11-27 16:51:04 - [TEST_STEP][PASSED] - Statement - PreSaveFile = new java.io.File(((pathPrefix + java.lang.Integer.toString(counter)) + .png)): null

2018-11-27 16:51:04 - [TEST_STEP][PASSED] - Statement - counter = counter + 1: null

2018-11-27 16:51:04 - [TEST_STEP][PASSED] - Statement - PreSaveFile = new java.io.File(((pathPrefix + java.lang.Integer.toString(counter)) + .png)): null

2018-11-27 16:51:04 - [TEST_STEP][PASSED] - Statement - counter = counter + 1: null

2018-11-27 16:51:04 - [TEST_STEP][PASSED] - Statement - PreSaveFile = new java.io.File(((pathPrefix + java.lang.Integer.toString(counter)) + .png)): null

2018-11-27 16:51:04 - [TEST_STEP][PASSED] - Statement - counter = counter + 1: null

2018-11-27 16:51:04 - [TEST_STEP][PASSED] - Statement - PreSaveFile = new java.io.File(((pathPrefix + java.lang.Integer.toString(counter)) + .png)): null

2018-11-27 16:51:04 - [TEST_STEP][PASSED] - Statement - counter = counter + 1: null

2018-11-27 16:51:04 - [TEST_STEP][PASSED] - Statement - PreSaveFile = new java.io.File(((pathPrefix + java.lang.Integer.toString(counter)) + .png)): null

2018-11-27 16:51:04 - [TEST_STEP][PASSED] - Statement - counter = counter + 1: null

2018-11-27 16:51:04 - [TEST_STEP][PASSED] - Statement - PreSaveFile = new java.io.File(((pathPrefix + java.lang.Integer.toString(counter)) + .png)): null

2018-11-27 16:51:04 - [TEST_STEP][PASSED] - Statement - counter = counter + 1: null

2018-11-27 16:51:04 - [TEST_STEP][PASSED] - Statement - PreSaveFile = new java.io.File(((pathPrefix + java.lang.Integer.toString(counter)) + .png)): null

2018-11-27 16:51:04 - [TEST_STEP][PASSED] - Statement - counter = counter + 1: null

2018-11-27 16:51:04 - [TEST_STEP][PASSED] - Statement - PreSaveFile = new java.io.File(((pathPrefix + java.lang.Integer.toString(counter)) + .png)): null

2018-11-27 16:51:04 - [TEST_STEP][PASSED] - Statement - counter = counter + 1: null

2018-11-27 16:51:04 - [TEST_STEP][PASSED] - Statement - PreSaveFile = new java.io.File(((pathPrefix + java.lang.Integer.toString(counter)) + .png)): null

2018-11-27 16:51:04 - [TEST_STEP][PASSED] - Statement - counter = counter + 1: null

2018-11-27 16:51:04 - [TEST_STEP][PASSED] - Statement - PreSaveFile = new java.io.File(((pathPrefix + java.lang.Integer.toString(counter)) + .png)): null

2018-11-27 16:51:04 - [TEST_STEP][PASSED] - Statement - counter = counter + 1: null

2018-11-27 16:51:04 - [TEST_STEP][PASSED] - Statement - PreSaveFile = new java.io.File(((pathPrefix + java.lang.Integer.toString(counter)) + .png)): null

2018-11-27 16:51:04 - [TEST_STEP][PASSED] - Statement - counter = counter + 1: null

2018-11-27 16:51:04 - [TEST_STEP][PASSED] - Statement - PreSaveFile = new java.io.File(((pathPrefix + java.lang.Integer.toString(counter)) + .png)): null

2018-11-27 16:51:04 - [TEST_STEP][PASSED] - Statement - counter = counter + 1: null

2018-11-27 16:51:04 - [TEST_STEP][PASSED] - Statement - PreSaveFile = new java.io.File(((pathPrefix + java.lang.Integer.toString(counter)) + .png)): null

2018-11-27 16:51:04 - [TEST_STEP][PASSED] - Statement - counter = counter + 1: null

2018-11-27 16:51:04 - [TEST_STEP][PASSED] - Statement - PreSaveFile = new java.io.File(((pathPrefix + java.lang.Integer.toString(counter)) + .png)): null

2018-11-27 16:51:04 - [TEST_STEP][PASSED] - Statement - counter = counter + 1: null

2018-11-27 16:51:04 - [TEST_STEP][PASSED] - Statement - PreSaveFile = new java.io.File(((pathPrefix + java.lang.Integer.toString(counter)) + .png)): null

2018-11-27 16:51:04 - [TEST_STEP][PASSED] - Statement - counter = counter + 1: null

2018-11-27 16:51:04 - [TEST_STEP][PASSED] - Statement - PreSaveFile = new java.io.File(((pathPrefix + java.lang.Integer.toString(counter)) + .png)): null

2018-11-27 16:51:04 - [TEST_STEP][PASSED] - Statement - counter = counter + 1: null

2018-11-27 16:51:04 - [TEST_STEP][PASSED] - Statement - PreSaveFile = new java.io.File(((pathPrefix + java.lang.Integer.toString(counter)) + .png)): null

2018-11-27 16:51:04 - [TEST_STEP][PASSED] - Statement - counter = counter + 1: null

2018-11-27 16:51:04 - [TEST_STEP][PASSED] - Statement - PreSaveFile = new java.io.File(((pathPrefix + java.lang.Integer.toString(counter)) + .png)): null

2018-11-27 16:51:04 - [TEST_STEP][PASSED] - Statement - counter = counter + 1: null

2018-11-27 16:51:04 - [TEST_STEP][PASSED] - Statement - PreSaveFile = new java.io.File(((pathPrefix + java.lang.Integer.toString(counter)) + .png)): null

2018-11-27 16:51:04 - [TEST_STEP][PASSED] - Statement - counter = counter + 1: null

2018-11-27 16:51:04 - [TEST_STEP][PASSED] - Statement - PreSaveFile = new java.io.File(((pathPrefix + java.lang.Integer.toString(counter)) + .png)): null

2018-11-27 16:51:04 - [TEST_STEP][PASSED] - Statement - counter = counter + 1: null

2018-11-27 16:51:04 - [TEST_STEP][PASSED] - Statement - PreSaveFile = new java.io.File(((pathPrefix + java.lang.Integer.toString(counter)) + .png)): null

2018-11-27 16:51:04 - [TEST_STEP][PASSED] - Statement - counter = counter + 1: null

2018-11-27 16:51:04 - [TEST_STEP][PASSED] - Statement - PreSaveFile = new java.io.File(((pathPrefix + java.lang.Integer.toString(counter)) + .png)): null

2018-11-27 16:51:04 - [TEST_STEP][PASSED] - Statement - counter = counter + 1: null

2018-11-27 16:51:04 - [TEST_STEP][PASSED] - Statement - PreSaveFile = new java.io.File(((pathPrefix + java.lang.Integer.toString(counter)) + .png)): null

2018-11-27 16:51:04 - [TEST_STEP][PASSED] - Statement - counter = counter + 1: null

2018-11-27 16:51:04 - [TEST_STEP][PASSED] - Statement - PreSaveFile = new java.io.File(((pathPrefix + java.lang.Integer.toString(counter)) + .png)): null

2018-11-27 16:51:04 - [TEST_STEP][PASSED] - Statement - counter = counter + 1: null

2018-11-27 16:51:04 - [TEST_STEP][PASSED] - Statement - PreSaveFile = new java.io.File(((pathPrefix + java.lang.Integer.toString(counter)) + .png)): null

2018-11-27 16:51:04 - [TEST_STEP][PASSED] - Statement - counter = counter + 1: null

2018-11-27 16:51:04 - [TEST_STEP][PASSED] - Statement - PreSaveFile = new java.io.File(((pathPrefix + java.lang.Integer.toString(counter)) + .png)): null

2018-11-27 16:51:04 - [TEST_STEP][PASSED] - Statement - counter = counter + 1: null

2018-11-27 16:51:04 - [TEST_STEP][PASSED] - Statement - PreSaveFile = new java.io.File(((pathPrefix + java.lang.Integer.toString(counter)) + .png)): null

2018-11-27 16:51:04 - [TEST_STEP][PASSED] - Statement - counter = counter + 1: null

2018-11-27 16:51:04 - [TEST_STEP][PASSED] - Statement - PreSaveFile = new java.io.File(((pathPrefix + java.lang.Integer.toString(counter)) + .png)): null

2018-11-27 16:51:04 - [TEST_STEP][PASSED] - Statement - counter = counter + 1: null

2018-11-27 16:51:04 - [TEST_STEP][PASSED] - Statement - PreSaveFile = new java.io.File(((pathPrefix + java.lang.Integer.toString(counter)) + .png)): null

2018-11-27 16:51:04 - [TEST_STEP][PASSED] - Statement - counter = counter + 1: null

2018-11-27 16:51:04 - [TEST_STEP][PASSED] - Statement - PreSaveFile = new java.io.File(((pathPrefix + java.lang.Integer.toString(counter)) + .png)): null

2018-11-27 16:51:04 - [TEST_STEP][PASSED] - Statement - counter = counter + 1: null

2018-11-27 16:51:04 - [TEST_STEP][PASSED] - Statement - PreSaveFile = new java.io.File(((pathPrefix + java.lang.Integer.toString(counter)) + .png)): null

2018-11-27 16:51:04 - [TEST_STEP][PASSED] - Statement - counter = counter + 1: null

2018-11-27 16:51:04 - [TEST_STEP][PASSED] - Statement - PreSaveFile = new java.io.File(((pathPrefix + java.lang.Integer.toString(counter)) + .png)): null

2018-11-27 16:51:04 - [TEST_STEP][PASSED] - Statement - counter = counter + 1: null

2018-11-27 16:51:04 - [TEST_STEP][PASSED] - Statement - PreSaveFile = new java.io.File(((pathPrefix + java.lang.Integer.toString(counter)) + .png)): null

2018-11-27 16:51:04 - [TEST_STEP][PASSED] - Statement - counter = counter + 1: null

2018-11-27 16:51:04 - [TEST_STEP][PASSED] - Statement - PreSaveFile = new java.io.File(((pathPrefix + java.lang.Integer.toString(counter)) + .png)): null

2018-11-27 16:51:04 - [TEST_STEP][PASSED] - Statement - counter = counter + 1: null

2018-11-27 16:51:04 - [TEST_STEP][PASSED] - Statement - PreSaveFile = new java.io.File(((pathPrefix + java.lang.Integer.toString(counter)) + .png)): null

2018-11-27 16:51:04 - [TEST_STEP][PASSED] - Statement - counter = counter + 1: null

2018-11-27 16:51:04 - [TEST_STEP][PASSED] - Statement - PreSaveFile = new java.io.File(((pathPrefix + java.lang.Integer.toString(counter)) + .png)): null

2018-11-27 16:51:04 - [TEST_STEP][PASSED] - Statement - counter = counter + 1: null

2018-11-27 16:51:04 - [TEST_STEP][PASSED] - Statement - PreSaveFile = new java.io.File(((pathPrefix + java.lang.Integer.toString(counter)) + .png)): null

2018-11-27 16:51:04 - [TEST_STEP][PASSED] - Statement - counter = counter + 1: null

2018-11-27 16:51:04 - [TEST_STEP][PASSED] - Statement - PreSaveFile = new java.io.File(((pathPrefix + java.lang.Integer.toString(counter)) + .png)): null

2018-11-27 16:51:04 - [TEST_STEP][PASSED] - Statement - counter = counter + 1: null

2018-11-27 16:51:04 - [TEST_STEP][PASSED] - Statement - PreSaveFile = new java.io.File(((pathPrefix + java.lang.Integer.toString(counter)) + .png)): null

2018-11-27 16:51:04 - [TEST_STEP][PASSED] - Statement - counter = counter + 1: null

2018-11-27 16:51:04 - [TEST_STEP][PASSED] - Statement - PreSaveFile = new java.io.File(((pathPrefix + java.lang.Integer.toString(counter)) + .png)): null

2018-11-27 16:51:04 - [TEST_STEP][PASSED] - Statement - counter = counter + 1: null

2018-11-27 16:51:04 - [TEST_STEP][PASSED] - Statement - PreSaveFile = new java.io.File(((pathPrefix + java.lang.Integer.toString(counter)) + .png)): null

2018-11-27 16:51:04 - [TEST_STEP][PASSED] - Statement - counter = counter + 1: null

2018-11-27 16:51:04 - [TEST_STEP][PASSED] - Statement - PreSaveFile = new java.io.File(((pathPrefix + java.lang.Integer.toString(counter)) + .png)): null

2018-11-27 16:51:04 - [TEST_STEP][PASSED] - Statement - counter = counter + 1: null

2018-11-27 16:51:04 - [TEST_STEP][PASSED] - Statement - PreSaveFile = new java.io.File(((pathPrefix + java.lang.Integer.toString(counter)) + .png)): null

2018-11-27 16:51:04 - [TEST_STEP][PASSED] - Statement - counter = counter + 1: null

2018-11-27 16:51:04 - [TEST_STEP][PASSED] - Statement - PreSaveFile = new java.io.File(((pathPrefix + java.lang.Integer.toString(counter)) + .png)): null

2018-11-27 16:51:04 - [TEST_STEP][PASSED] - Statement - counter = counter + 1: null

2018-11-27 16:51:04 - [TEST_STEP][PASSED] - Statement - PreSaveFile = new java.io.File(((pathPrefix + java.lang.Integer.toString(counter)) + .png)): null

2018-11-27 16:51:04 - [TEST_STEP][PASSED] - Statement - counter = counter + 1: null

2018-11-27 16:51:04 - [TEST_STEP][PASSED] - Statement - PreSaveFile = new java.io.File(((pathPrefix + java.lang.Integer.toString(counter)) + .png)): null

2018-11-27 16:51:04 - [TEST_STEP][PASSED] - Statement - counter = counter + 1: null

2018-11-27 16:51:04 - [TEST_STEP][PASSED] - Statement - PreSaveFile = new java.io.File(((pathPrefix + java.lang.Integer.toString(counter)) + .png)): null

2018-11-27 16:51:04 - [TEST_STEP][PASSED] - Statement - counter = counter + 1: null

2018-11-27 16:51:04 - [TEST_STEP][PASSED] - Statement - PreSaveFile = new java.io.File(((pathPrefix + java.lang.Integer.toString(counter)) + .png)): null

2018-11-27 16:51:04 - [TEST_STEP][PASSED] - Statement - counter = counter + 1: null

2018-11-27 16:51:04 - [TEST_STEP][PASSED] - Statement - PreSaveFile = new java.io.File(((pathPrefix + java.lang.Integer.toString(counter)) + .png)): null

2018-11-27 16:51:04 - [TEST_STEP][PASSED] - Statement - counter = counter + 1: null

2018-11-27 16:51:04 - [TEST_STEP][PASSED] - Statement - PreSaveFile = new java.io.File(((pathPrefix + java.lang.Integer.toString(counter)) + .png)): null

2018-11-27 16:51:04 - [TEST_STEP][PASSED] - Statement - counter = counter + 1: null

2018-11-27 16:51:04 - [TEST_STEP][PASSED] - Statement - PreSaveFile = new java.io.File(((pathPrefix + java.lang.Integer.toString(counter)) + .png)): null

2018-11-27 16:51:04 - [TEST_STEP][PASSED] - Statement - counter = counter + 1: null

2018-11-27 16:51:04 - [TEST_STEP][PASSED] - Statement - PreSaveFile = new java.io.File(((pathPrefix + java.lang.Integer.toString(counter)) + .png)): null

2018-11-27 16:51:04 - [TEST_STEP][PASSED] - Statement - counter = counter + 1: null

2018-11-27 16:51:04 - [TEST_STEP][PASSED] - Statement - PreSaveFile = new java.io.File(((pathPrefix + java.lang.Integer.toString(counter)) + .png)): null

2018-11-27 16:51:04 - [TEST_STEP][PASSED] - Statement - counter = counter + 1: null

2018-11-27 16:51:04 - [TEST_STEP][PASSED] - Statement - PreSaveFile = new java.io.File(((pathPrefix + java.lang.Integer.toString(counter)) + .png)): null

2018-11-27 16:51:04 - [TEST_STEP][PASSED] - Statement - counter = counter + 1: null

2018-11-27 16:51:04 - [TEST_STEP][PASSED] - Statement - PreSaveFile = new java.io.File(((pathPrefix + java.lang.Integer.toString(counter)) + .png)): null

2018-11-27 16:51:04 - [TEST_STEP][PASSED] - Statement - counter = counter + 1: null

2018-11-27 16:51:04 - [TEST_STEP][PASSED] - Statement - PreSaveFile = new java.io.File(((pathPrefix + java.lang.Integer.toString(counter)) + .png)): null

2018-11-27 16:51:04 - [TEST_STEP][PASSED] - Statement - counter = counter + 1: null

2018-11-27 16:51:04 - [TEST_STEP][PASSED] - Statement - PreSaveFile = new java.io.File(((pathPrefix + java.lang.Integer.toString(counter)) + .png)): null

2018-11-27 16:51:04 - [TEST_STEP][PASSED] - Statement - counter = counter + 1: null

2018-11-27 16:51:04 - [TEST_STEP][PASSED] - Statement - PreSaveFile = new java.io.File(((pathPrefix + java.lang.Integer.toString(counter)) + .png)): null

2018-11-27 16:51:04 - [TEST_STEP][PASSED] - Statement - counter = counter + 1: null

2018-11-27 16:51:04 - [TEST_STEP][PASSED] - Statement - PreSaveFile = new java.io.File(((pathPrefix + java.lang.Integer.toString(counter)) + .png)): null

2018-11-27 16:51:04 - [TEST_STEP][PASSED] - Statement - counter = counter + 1: null

2018-11-27 16:51:04 - [TEST_STEP][PASSED] - Statement - PreSaveFile = new java.io.File(((pathPrefix + java.lang.Integer.toString(counter)) + .png)): null

2018-11-27 16:51:04 - [TEST_STEP][PASSED] - Statement - counter = counter + 1: null

2018-11-27 16:51:04 - [TEST_STEP][PASSED] - Statement - PreSaveFile = new java.io.File(((pathPrefix + java.lang.Integer.toString(counter)) + .png)): null

2018-11-27 16:51:04 - [TEST_STEP][PASSED] - Statement - counter = counter + 1: null

2018-11-27 16:51:04 - [TEST_STEP][PASSED] - Statement - PreSaveFile = new java.io.File(((pathPrefix + java.lang.Integer.toString(counter)) + .png)): null

2018-11-27 16:51:04 - [TEST_STEP][PASSED] - Statement - counter = counter + 1: null

2018-11-27 16:51:04 - [TEST_STEP][PASSED] - Statement - PreSaveFile = new java.io.File(((pathPrefix + java.lang.Integer.toString(counter)) + .png)): null

2018-11-27 16:51:04 - [TEST_STEP][PASSED] - Statement - counter = counter + 1: null

2018-11-27 16:51:04 - [TEST_STEP][PASSED] - Statement - PreSaveFile = new java.io.File(((pathPrefix + java.lang.Integer.toString(counter)) + .png)): null

2018-11-27 16:51:04 - [TEST_STEP][PASSED] - Statement - counter = counter + 1: null

2018-11-27 16:51:04 - [TEST_STEP][PASSED] - Statement - PreSaveFile = new java.io.File(((pathPrefix + java.lang.Integer.toString(counter)) + .png)): null

2018-11-27 16:51:04 - [TEST_STEP][PASSED] - Statement - counter = counter + 1: null

2018-11-27 16:51:04 - [TEST_STEP][PASSED] - Statement - PreSaveFile = new java.io.File(((pathPrefix + java.lang.Integer.toString(counter)) + .png)): null

2018-11-27 16:51:04 - [TEST_STEP][PASSED] - Statement - counter = counter + 1: null

2018-11-27 16:51:04 - [TEST_STEP][PASSED] - Statement - PreSaveFile = new java.io.File(((pathPrefix + java.lang.Integer.toString(counter)) + .png)): null

2018-11-27 16:51:04 - [TEST_STEP][PASSED] - Statement - counter = counter + 1: null

2018-11-27 16:51:04 - [TEST_STEP][PASSED] - Statement - PreSaveFile = new java.io.File(((pathPrefix + java.lang.Integer.toString(counter)) + .png)): null

2018-11-27 16:51:04 - [TEST_STEP][PASSED] - Statement - counter = counter + 1: null

2018-11-27 16:51:04 - [TEST_STEP][PASSED] - Statement - PreSaveFile = new java.io.File(((pathPrefix + java.lang.Integer.toString(counter)) + .png)): null

2018-11-27 16:51:04 - [TEST_STEP][PASSED] - Statement - counter = counter + 1: null

2018-11-27 16:51:04 - [TEST_STEP][PASSED] - Statement - PreSaveFile = new java.io.File(((pathPrefix + java.lang.Integer.toString(counter)) + .png)): null

2018-11-27 16:51:04 - [TEST_STEP][PASSED] - Statement - counter = counter + 1: null

2018-11-27 16:51:04 - [TEST_STEP][PASSED] - Statement - PreSaveFile = new java.io.File(((pathPrefix + java.lang.Integer.toString(counter)) + .png)): null

2018-11-27 16:51:04 - [TEST_STEP][PASSED] - Statement - counter = counter + 1: null

2018-11-27 16:51:04 - [TEST_STEP][PASSED] - Statement - PreSaveFile = new java.io.File(((pathPrefix + java.lang.Integer.toString(counter)) + .png)): null

2018-11-27 16:51:04 - [TEST_STEP][PASSED] - Statement - counter = counter + 1: null

2018-11-27 16:51:04 - [TEST_STEP][PASSED] - Statement - PreSaveFile = new java.io.File(((pathPrefix + java.lang.Integer.toString(counter)) + .png)): null

2018-11-27 16:51:04 - [TEST_STEP][PASSED] - Statement - counter = counter + 1: null

2018-11-27 16:51:04 - [TEST_STEP][PASSED] - Statement - PreSaveFile = new java.io.File(((pathPrefix + java.lang.Integer.toString(counter)) + .png)): null

2018-11-27 16:51:04 - [TEST_STEP][PASSED] - Statement - counter = counter + 1: null

2018-11-27 16:51:04 - [TEST_STEP][PASSED] - Statement - PreSaveFile = new java.io.File(((pathPrefix + java.lang.Integer.toString(counter)) + .png)): null

2018-11-27 16:51:04 - [TEST_STEP][PASSED] - Statement - counter = counter + 1: null

2018-11-27 16:51:04 - [TEST_STEP][PASSED] - Statement - PreSaveFile = new java.io.File(((pathPrefix + java.lang.Integer.toString(counter)) + .png)): null

2018-11-27 16:51:04 - [TEST_STEP][PASSED] - Statement - counter = counter + 1: null

2018-11-27 16:51:04 - [TEST_STEP][PASSED] - Statement - PreSaveFile = new java.io.File(((pathPrefix + java.lang.Integer.toString(counter)) + .png)): null

2018-11-27 16:51:04 - [TEST_STEP][PASSED] - Statement - counter = counter + 1: null

2018-11-27 16:51:04 - [TEST_STEP][PASSED] - Statement - PreSaveFile = new java.io.File(((pathPrefix + java.lang.Integer.toString(counter)) + .png)): null

2018-11-27 16:51:04 - [TEST_STEP][PASSED] - Statement - counter = counter + 1: null

2018-11-27 16:51:04 - [TEST_STEP][PASSED] - Statement - PreSaveFile = new java.io.File(((pathPrefix + java.lang.Integer.toString(counter)) + .png)): null

2018-11-27 16:51:04 - [TEST_STEP][PASSED] - Statement - counter = counter + 1: null

2018-11-27 16:51:04 - [TEST_STEP][PASSED] - Statement - PreSaveFile = new java.io.File(((pathPrefix + java.lang.Integer.toString(counter)) + .png)): null

2018-11-27 16:51:04 - [TEST_STEP][PASSED] - Statement - counter = counter + 1: null

2018-11-27 16:51:04 - [TEST_STEP][PASSED] - Statement - PreSaveFile = new java.io.File(((pathPrefix + java.lang.Integer.toString(counter)) + .png)): null

2018-11-27 16:51:04 - [TEST_STEP][PASSED] - Statement - counter = counter + 1: null

2018-11-27 16:51:04 - [TEST_STEP][PASSED] - Statement - PreSaveFile = new java.io.File(((pathPrefix + java.lang.Integer.toString(counter)) + .png)): null

2018-11-27 16:51:04 - [TEST_STEP][PASSED] - Statement - counter = counter + 1: null

2018-11-27 16:51:04 - [TEST_STEP][PASSED] - Statement - PreSaveFile = new java.io.File(((pathPrefix + java.lang.Integer.toString(counter)) + .png)): null

2018-11-27 16:51:04 - [TEST_STEP][PASSED] - Statement - counter = counter + 1: null

2018-11-27 16:51:04 - [TEST_STEP][PASSED] - Statement - PreSaveFile = new java.io.File(((pathPrefix + java.lang.Integer.toString(counter)) + .png)): null

2018-11-27 16:51:04 - [TEST_STEP][PASSED] - Statement - counter = counter + 1: null

2018-11-27 16:51:04 - [TEST_STEP][PASSED] - Statement - PreSaveFile = new java.io.File(((pathPrefix + java.lang.Integer.toString(counter)) + .png)): null

2018-11-27 16:51:04 - [TEST_STEP][PASSED] - Statement - counter = counter + 1: null

2018-11-27 16:51:04 - [TEST_STEP][PASSED] - Statement - PreSaveFile = new java.io.File(((pathPrefix + java.lang.Integer.toString(counter)) + .png)): null

2018-11-27 16:51:04 - [TEST_STEP][PASSED] - Statement - counter = counter + 1: null

2018-11-27 16:51:04 - [TEST_STEP][PASSED] - Statement - PreSaveFile = new java.io.File(((pathPrefix + java.lang.Integer.toString(counter)) + .png)): null

2018-11-27 16:51:04 - [TEST_STEP][PASSED] - Statement - counter = counter + 1: null

2018-11-27 16:51:04 - [TEST_STEP][PASSED] - Statement - PreSaveFile = new java.io.File(((pathPrefix + java.lang.Integer.toString(counter)) + .png)): null

2018-11-27 16:51:04 - [TEST_STEP][PASSED] - Statement - counter = counter + 1: null

2018-11-27 16:51:04 - [TEST_STEP][PASSED] - Statement - PreSaveFile = new java.io.File(((pathPrefix + java.lang.Integer.toString(counter)) + .png)): null

2018-11-27 16:51:04 - [TEST_STEP][PASSED] - Statement - counter = counter + 1: null

2018-11-27 16:51:04 - [TEST_STEP][PASSED] - Statement - PreSaveFile = new java.io.File(((pathPrefix + java.lang.Integer.toString(counter)) + .png)): null

2018-11-27 16:51:04 - [TEST_STEP][PASSED] - Statement - counter = counter + 1: null

2018-11-27 16:51:04 - [TEST_STEP][PASSED] - Statement - PreSaveFile = new java.io.File(((pathPrefix + java.lang.Integer.toString(counter)) + .png)): null

2018-11-27 16:51:04 - [TEST_STEP][PASSED] - Statement - counter = counter + 1: null

2018-11-27 16:51:04 - [TEST_STEP][PASSED] - Statement - PreSaveFile = new java.io.File(((pathPrefix + java.lang.Integer.toString(counter)) + .png)): null

2018-11-27 16:51:04 - [TEST_STEP][PASSED] - Statement - counter = counter + 1: null

2018-11-27 16:51:04 - [TEST_STEP][PASSED] - Statement - PreSaveFile = new java.io.File(((pathPrefix + java.lang.Integer.toString(counter)) + .png)): null

2018-11-27 16:51:04 - [TEST_STEP][PASSED] - Statement - counter = counter + 1: null

2018-11-27 16:51:04 - [TEST_STEP][PASSED] - Statement - PreSaveFile = new java.io.File(((pathPrefix + java.lang.Integer.toString(counter)) + .png)): null

2018-11-27 16:51:04 - [TEST_STEP][PASSED] - Statement - counter = counter + 1: null

2018-11-27 16:51:04 - [TEST_STEP][PASSED] - Statement - PreSaveFile = new java.io.File(((pathPrefix + java.lang.Integer.toString(counter)) + .png)): null

2018-11-27 16:51:04 - [TEST_STEP][PASSED] - Statement - counter = counter + 1: null

2018-11-27 16:51:04 - [TEST_STEP][PASSED] - Statement - PreSaveFile = new java.io.File(((pathPrefix + java.lang.Integer.toString(counter)) + .png)): null

2018-11-27 16:51:04 - [TEST_STEP][PASSED] - Statement - counter = counter + 1: null

2018-11-27 16:51:04 - [TEST_STEP][PASSED] - Statement - PreSaveFile = new java.io.File(((pathPrefix + java.lang.Integer.toString(counter)) + .png)): null

2018-11-27 16:51:04 - [TEST_STEP][PASSED] - Statement - counter = counter + 1: null

2018-11-27 16:51:04 - [TEST_STEP][PASSED] - Statement - PreSaveFile = new java.io.File(((pathPrefix + java.lang.Integer.toString(counter)) + .png)): null

2018-11-27 16:51:04 - [TEST_STEP][PASSED] - Statement - counter = counter + 1: null

2018-11-27 16:51:04 - [TEST_STEP][PASSED] - Statement - PreSaveFile = new java.io.File(((pathPrefix + java.lang.Integer.toString(counter)) + .png)): null

2018-11-27 16:51:04 - [TEST_STEP][PASSED] - Statement - counter = counter + 1: null

2018-11-27 16:51:04 - [TEST_STEP][PASSED] - Statement - PreSaveFile = new java.io.File(((pathPrefix + java.lang.Integer.toString(counter)) + .png)): null

2018-11-27 16:51:04 - [TEST_STEP][PASSED] - Statement - counter = counter + 1: null

2018-11-27 16:51:04 - [TEST_STEP][PASSED] - Statement - PreSaveFile = new java.io.File(((pathPrefix + java.lang.Integer.toString(counter)) + .png)): null

2018-11-27 16:51:04 - [TEST_STEP][PASSED] - Statement - counter = counter + 1: null

2018-11-27 16:51:04 - [TEST_STEP][PASSED] - Statement - PreSaveFile = new java.io.File(((pathPrefix + java.lang.Integer.toString(counter)) + .png)): null

2018-11-27 16:51:04 - [TEST_STEP][PASSED] - Statement - counter = counter + 1: null

2018-11-27 16:51:04 - [TEST_STEP][PASSED] - Statement - PreSaveFile = new java.io.File(((pathPrefix + java.lang.Integer.toString(counter)) + .png)): null

2018-11-27 16:51:04 - [TEST_STEP][PASSED] - Statement - counter = counter + 1: null

2018-11-27 16:51:04 - [TEST_STEP][PASSED] - Statement - PreSaveFile = new java.io.File(((pathPrefix + java.lang.Integer.toString(counter)) + .png)): null

2018-11-27 16:51:04 - [TEST_STEP][PASSED] - Statement - counter = counter + 1: null

2018-11-27 16:51:04 - [TEST_STEP][PASSED] - Statement - PreSaveFile = new java.io.File(((pathPrefix + java.lang.Integer.toString(counter)) + .png)): null

2018-11-27 16:51:04 - [TEST_STEP][PASSED] - Statement - counter = counter + 1: null

2018-11-27 16:51:04 - [TEST_STEP][PASSED] - Statement - PreSaveFile = new java.io.File(((pathPrefix + java.lang.Integer.toString(counter)) + .png)): null

2018-11-27 16:51:04 - [TEST_STEP][PASSED] - Statement - counter = counter + 1: null

2018-11-27 16:51:04 - [TEST_STEP][PASSED] - Statement - PreSaveFile = new java.io.File(((pathPrefix + java.lang.Integer.toString(counter)) + .png)): null

2018-11-27 16:51:04 - [TEST_STEP][PASSED] - Statement - counter = counter + 1: null

2018-11-27 16:51:04 - [TEST_STEP][PASSED] - Statement - PreSaveFile = new java.io.File(((pathPrefix + java.lang.Integer.toString(counter)) + .png)): null

2018-11-27 16:51:04 - [TEST_STEP][PASSED] - Statement - counter = counter + 1: null

2018-11-27 16:51:04 - [TEST_STEP][PASSED] - Statement - PreSaveFile = new java.io.File(((pathPrefix + java.lang.Integer.toString(counter)) + .png)): null

2018-11-27 16:51:04 - [TEST_STEP][PASSED] - Statement - counter = counter + 1: null

2018-11-27 16:51:04 - [TEST_STEP][PASSED] - Statement - PreSaveFile = new java.io.File(((pathPrefix + java.lang.Integer.toString(counter)) + .png)): null

2018-11-27 16:51:04 - [TEST_STEP][PASSED] - Statement - counter = counter + 1: null

2018-11-27 16:51:04 - [TEST_STEP][PASSED] - Statement - PreSaveFile = new java.io.File(((pathPrefix + java.lang.Integer.toString(counter)) + .png)): null

2018-11-27 16:51:04 - [TEST_STEP][PASSED] - Statement - counter = counter + 1: null

2018-11-27 16:51:04 - [TEST_STEP][PASSED] - Statement - PreSaveFile = new java.io.File(((pathPrefix + java.lang.Integer.toString(counter)) + .png)): null

2018-11-27 16:51:04 - [TEST_STEP][PASSED] - Statement - counter = counter + 1: null

2018-11-27 16:51:04 - [TEST_STEP][PASSED] - Statement - PreSaveFile = new java.io.File(((pathPrefix + java.lang.Integer.toString(counter)) + .png)): null

2018-11-27 16:51:04 - [TEST_STEP][PASSED] - Statement - counter = counter + 1: null

2018-11-27 16:51:04 - [TEST_STEP][PASSED] - Statement - PreSaveFile = new java.io.File(((pathPrefix + java.lang.Integer.toString(counter)) + .png)): null

2018-11-27 16:51:04 - [TEST_STEP][PASSED] - Statement - counter = counter + 1: null

2018-11-27 16:51:04 - [TEST_STEP][PASSED] - Statement - PreSaveFile = new java.io.File(((pathPrefix + java.lang.Integer.toString(counter)) + .png)): null

2018-11-27 16:51:04 - [TEST_STEP][PASSED] - Statement - counter = counter + 1: null

2018-11-27 16:51:04 - [TEST_STEP][PASSED] - Statement - PreSaveFile = new java.io.File(((pathPrefix + java.lang.Integer.toString(counter)) + .png)): null

2018-11-27 16:51:04 - [TEST_STEP][PASSED] - Statement - counter = counter + 1: null

2018-11-27 16:51:04 - [TEST_STEP][PASSED] - Statement - PreSaveFile = new java.io.File(((pathPrefix + java.lang.Integer.toString(counter)) + .png)): null

2018-11-27 16:51:04 - [TEST_STEP][PASSED] - Statement - counter = counter + 1: null

2018-11-27 16:51:04 - [TEST_STEP][PASSED] - Statement - PreSaveFile = new java.io.File(((pathPrefix + java.lang.Integer.toString(counter)) + .png)): null

2018-11-27 16:51:04 - [TEST_STEP][PASSED] - Statement - counter = counter + 1: null

2018-11-27 16:51:04 - [TEST_STEP][PASSED] - Statement - PreSaveFile = new java.io.File(((pathPrefix + java.lang.Integer.toString(counter)) + .png)): null

2018-11-27 16:51:05 - [TEST_STEP][PASSED] - Statement - counter = counter + 1: null

2018-11-27 16:51:05 - [TEST_STEP][PASSED] - Statement - PreSaveFile = new java.io.File(((pathPrefix + java.lang.Integer.toString(counter)) + .png)): null

2018-11-27 16:51:05 - [TEST_STEP][PASSED] - Statement - counter = counter + 1: null

2018-11-27 16:51:05 - [TEST_STEP][PASSED] - Statement - PreSaveFile = new java.io.File(((pathPrefix + java.lang.Integer.toString(counter)) + .png)): null

2018-11-27 16:51:05 - [TEST_STEP][PASSED] - Statement - counter = counter + 1: null

2018-11-27 16:51:05 - [TEST_STEP][PASSED] - Statement - PreSaveFile = new java.io.File(((pathPrefix + java.lang.Integer.toString(counter)) + .png)): null

2018-11-27 16:51:05 - [TEST_STEP][PASSED] - Statement - counter = counter + 1: null

2018-11-27 16:51:05 - [TEST_STEP][PASSED] - Statement - PreSaveFile = new java.io.File(((pathPrefix + java.lang.Integer.toString(counter)) + .png)): null

2018-11-27 16:51:05 - [TEST_STEP][PASSED] - Statement - counter = counter + 1: null

2018-11-27 16:51:05 - [TEST_STEP][PASSED] - Statement - PreSaveFile = new java.io.File(((pathPrefix + java.lang.Integer.toString(counter)) + .png)): null

2018-11-27 16:51:05 - [TEST_STEP][PASSED] - Statement - counter = counter + 1: null

2018-11-27 16:51:05 - [TEST_STEP][PASSED] - Statement - PreSaveFile = new java.io.File(((pathPrefix + java.lang.Integer.toString(counter)) + .png)): null

2018-11-27 16:51:05 - [TEST_STEP][PASSED] - Statement - counter = counter + 1: null

2018-11-27 16:51:05 - [TEST_STEP][PASSED] - Statement - PreSaveFile = new java.io.File(((pathPrefix + java.lang.Integer.toString(counter)) + .png)): null

2018-11-27 16:51:05 - [TEST_STEP][PASSED] - Statement - counter = counter + 1: null

2018-11-27 16:51:05 - [TEST_STEP][PASSED] - Statement - PreSaveFile = new java.io.File(((pathPrefix + java.lang.Integer.toString(counter)) + .png)): null

2018-11-27 16:51:05 - [TEST_STEP][PASSED] - Statement - counter = counter + 1: null

2018-11-27 16:51:05 - [TEST_STEP][PASSED] - Statement - PreSaveFile = new java.io.File(((pathPrefix + java.lang.Integer.toString(counter)) + .png)): null

2018-11-27 16:51:05 - [TEST_STEP][PASSED] - Statement - counter = counter + 1: null

2018-11-27 16:51:05 - [TEST_STEP][PASSED] - Statement - PreSaveFile = new java.io.File(((pathPrefix + java.lang.Integer.toString(counter)) + .png)): null

2018-11-27 16:51:05 - [TEST_STEP][PASSED] - Statement - counter = counter + 1: null

2018-11-27 16:51:05 - [TEST_STEP][PASSED] - Statement - PreSaveFile = new java.io.File(((pathPrefix + java.lang.Integer.toString(counter)) + .png)): null

2018-11-27 16:51:05 - [TEST_STEP][PASSED] - Statement - counter = counter + 1: null

2018-11-27 16:51:05 - [TEST_STEP][PASSED] - Statement - PreSaveFile = new java.io.File(((pathPrefix + java.lang.Integer.toString(counter)) + .png)): null

2018-11-27 16:51:05 - [TEST_STEP][PASSED] - Statement - counter = counter + 1: null

2018-11-27 16:51:05 - [TEST_STEP][PASSED] - Statement - PreSaveFile = new java.io.File(((pathPrefix + java.lang.Integer.toString(counter)) + .png)): null

2018-11-27 16:51:05 - [TEST_STEP][PASSED] - Statement - counter = counter + 1: null

2018-11-27 16:51:05 - [TEST_STEP][PASSED] - Statement - PreSaveFile = new java.io.File(((pathPrefix + java.lang.Integer.toString(counter)) + .png)): null

2018-11-27 16:51:05 - [TEST_STEP][PASSED] - Statement - counter = counter + 1: null

2018-11-27 16:51:05 - [TEST_STEP][PASSED] - Statement - PreSaveFile = new java.io.File(((pathPrefix + java.lang.Integer.toString(counter)) + .png)): null

2018-11-27 16:51:05 - [TEST_STEP][PASSED] - Statement - counter = counter + 1: null

2018-11-27 16:51:05 - [TEST_STEP][PASSED] - Statement - PreSaveFile = new java.io.File(((pathPrefix + java.lang.Integer.toString(counter)) + .png)): null

2018-11-27 16:51:05 - [TEST_STEP][PASSED] - Statement - counter = counter + 1: null

2018-11-27 16:51:05 - [TEST_STEP][PASSED] - Statement - PreSaveFile = new java.io.File(((pathPrefix + java.lang.Integer.toString(counter)) + .png)): null

2018-11-27 16:51:05 - [TEST_STEP][PASSED] - Statement - counter = counter + 1: null

2018-11-27 16:51:05 - [TEST_STEP][PASSED] - Statement - PreSaveFile = new java.io.File(((pathPrefix + java.lang.Integer.toString(counter)) + .png)): null

2018-11-27 16:51:05 - [TEST_STEP][PASSED] - Statement - counter = counter + 1: null

2018-11-27 16:51:05 - [TEST_STEP][PASSED] - Statement - PreSaveFile = new java.io.File(((pathPrefix + java.lang.Integer.toString(counter)) + .png)): null

2018-11-27 16:51:05 - [TEST_STEP][PASSED] - Statement - counter = counter + 1: null

2018-11-27 16:51:05 - [TEST_STEP][PASSED] - Statement - PreSaveFile = new java.io.File(((pathPrefix + java.lang.Integer.toString(counter)) + .png)): null

2018-11-27 16:51:05 - [TEST_STEP][PASSED] - Statement - counter = counter + 1: null

2018-11-27 16:51:05 - [TEST_STEP][PASSED] - Statement - PreSaveFile = new java.io.File(((pathPrefix + java.lang.Integer.toString(counter)) + .png)): null

2018-11-27 16:51:05 - [TEST_STEP][PASSED] - Statement - counter = counter + 1: null

2018-11-27 16:51:05 - [TEST_STEP][PASSED] - Statement - PreSaveFile = new java.io.File(((pathPrefix + java.lang.Integer.toString(counter)) + .png)): null

2018-11-27 16:51:05 - [TEST_STEP][PASSED] - Statement - counter = counter + 1: null

2018-11-27 16:51:05 - [TEST_STEP][PASSED] - Statement - PreSaveFile = new java.io.File(((pathPrefix + java.lang.Integer.toString(counter)) + .png)): null

2018-11-27 16:51:05 - [TEST_STEP][PASSED] - Statement - counter = counter + 1: null

2018-11-27 16:51:05 - [TEST_STEP][PASSED] - Statement - PreSaveFile = new java.io.File(((pathPrefix + java.lang.Integer.toString(counter)) + .png)): null

2018-11-27 16:51:05 - [TEST_STEP][PASSED] - Statement - counter = counter + 1: null

2018-11-27 16:51:05 - [TEST_STEP][PASSED] - Statement - PreSaveFile = new java.io.File(((pathPrefix + java.lang.Integer.toString(counter)) + .png)): null

2018-11-27 16:51:05 - [TEST_STEP][PASSED] - Statement - counter = counter + 1: null

2018-11-27 16:51:05 - [TEST_STEP][PASSED] - Statement - PreSaveFile = new java.io.File(((pathPrefix + java.lang.Integer.toString(counter)) + .png)): null

2018-11-27 16:51:05 - [TEST_STEP][PASSED] - Statement - counter = counter + 1: null

2018-11-27 16:51:05 - [TEST_STEP][PASSED] - Statement - PreSaveFile = new java.io.File(((pathPrefix + java.lang.Integer.toString(counter)) + .png)): null

2018-11-27 16:51:05 - [TEST_STEP][PASSED] - Statement - counter = counter + 1: null

2018-11-27 16:51:05 - [TEST_STEP][PASSED] - Statement - PreSaveFile = new java.io.File(((pathPrefix + java.lang.Integer.toString(counter)) + .png)): null

2018-11-27 16:51:05 - [TEST_STEP][PASSED] - Statement - counter = counter + 1: null

2018-11-27 16:51:05 - [TEST_STEP][PASSED] - Statement - PreSaveFile = new java.io.File(((pathPrefix + java.lang.Integer.toString(counter)) + .png)): null

2018-11-27 16:51:05 - [TEST_STEP][PASSED] - Statement - counter = counter + 1: null

2018-11-27 16:51:05 - [TEST_STEP][PASSED] - Statement - PreSaveFile = new java.io.File(((pathPrefix + java.lang.Integer.toString(counter)) + .png)): null

2018-11-27 16:51:05 - [TEST_STEP][PASSED] - Statement - counter = counter + 1: null

2018-11-27 16:51:05 - [TEST_STEP][PASSED] - Statement - PreSaveFile = new java.io.File(((pathPrefix + java.lang.Integer.toString(counter)) + .png)): null

2018-11-27 16:51:05 - [TEST_STEP][PASSED] - Statement - counter = counter + 1: null

2018-11-27 16:51:05 - [TEST_STEP][PASSED] - Statement - PreSaveFile = new java.io.File(((pathPrefix + java.lang.Integer.toString(counter)) + .png)): null

2018-11-27 16:51:05 - [TEST_STEP][PASSED] - Statement - counter = counter + 1: null

2018-11-27 16:51:05 - [TEST_STEP][PASSED] - Statement - PreSaveFile = new java.io.File(((pathPrefix + java.lang.Integer.toString(counter)) + .png)): null

2018-11-27 16:51:05 - [TEST_STEP][PASSED] - Statement - counter = counter + 1: null

2018-11-27 16:51:05 - [TEST_STEP][PASSED] - Statement - PreSaveFile = new java.io.File(((pathPrefix + java.lang.Integer.toString(counter)) + .png)): null

2018-11-27 16:51:05 - [TEST_STEP][PASSED] - Statement - counter = counter + 1: null

2018-11-27 16:51:05 - [TEST_STEP][PASSED] - Statement - PreSaveFile = new java.io.File(((pathPrefix + java.lang.Integer.toString(counter)) + .png)): null

2018-11-27 16:51:05 - [TEST_STEP][PASSED] - Statement - counter = counter + 1: null

2018-11-27 16:51:05 - [TEST_STEP][PASSED] - Statement - PreSaveFile = new java.io.File(((pathPrefix + java.lang.Integer.toString(counter)) + .png)): null

2018-11-27 16:51:05 - [TEST_STEP][PASSED] - Statement - counter = counter + 1: null

2018-11-27 16:51:05 - [TEST_STEP][PASSED] - Statement - PreSaveFile = new java.io.File(((pathPrefix + java.lang.Integer.toString(counter)) + .png)): null

2018-11-27 16:51:05 - [TEST_STEP][PASSED] - Statement - counter = counter + 1: null

2018-11-27 16:51:05 - [TEST_STEP][PASSED] - Statement - PreSaveFile = new java.io.File(((pathPrefix + java.lang.Integer.toString(counter)) + .png)): null

2018-11-27 16:51:05 - [TEST_STEP][PASSED] - Statement - counter = counter + 1: null

2018-11-27 16:51:05 - [TEST_STEP][PASSED] - Statement - PreSaveFile = new java.io.File(((pathPrefix + java.lang.Integer.toString(counter)) + .png)): null

2018-11-27 16:51:05 - [TEST_STEP][PASSED] - Statement - counter = counter + 1: null

2018-11-27 16:51:05 - [TEST_STEP][PASSED] - Statement - PreSaveFile = new java.io.File(((pathPrefix + java.lang.Integer.toString(counter)) + .png)): null

2018-11-27 16:51:05 - [TEST_STEP][PASSED] - Statement - counter = counter + 1: null

2018-11-27 16:51:05 - [TEST_STEP][PASSED] - Statement - PreSaveFile = new java.io.File(((pathPrefix + java.lang.Integer.toString(counter)) + .png)): null

2018-11-27 16:51:05 - [TEST_STEP][PASSED] - Statement - counter = counter + 1: null

2018-11-27 16:51:05 - [TEST_STEP][PASSED] - Statement - PreSaveFile = new java.io.File(((pathPrefix + java.lang.Integer.toString(counter)) + .png)): null

2018-11-27 16:51:05 - [TEST_STEP][PASSED] - Statement - counter = counter + 1: null

2018-11-27 16:51:05 - [TEST_STEP][PASSED] - Statement - PreSaveFile = new java.io.File(((pathPrefix + java.lang.Integer.toString(counter)) + .png)): null

2018-11-27 16:51:05 - [TEST_STEP][PASSED] - Statement - counter = counter + 1: null

2018-11-27 16:51:05 - [TEST_STEP][PASSED] - Statement - PreSaveFile = new java.io.File(((pathPrefix + java.lang.Integer.toString(counter)) + .png)): null

2018-11-27 16:51:05 - [TEST_STEP][PASSED] - Statement - counter = counter + 1: null

2018-11-27 16:51:05 - [TEST_STEP][PASSED] - Statement - PreSaveFile = new java.io.File(((pathPrefix + java.lang.Integer.toString(counter)) + .png)): null

2018-11-27 16:51:05 - [TEST_STEP][PASSED] - Statement - counter = counter + 1: null

2018-11-27 16:51:05 - [TEST_STEP][PASSED] - Statement - PreSaveFile = new java.io.File(((pathPrefix + java.lang.Integer.toString(counter)) + .png)): null

2018-11-27 16:51:05 - [TEST_STEP][PASSED] - Statement - counter = counter + 1: null

2018-11-27 16:51:05 - [TEST_STEP][PASSED] - Statement - PreSaveFile = new java.io.File(((pathPrefix + java.lang.Integer.toString(counter)) + .png)): null

2018-11-27 16:51:05 - [TEST_STEP][PASSED] - Statement - counter = counter + 1: null

2018-11-27 16:51:05 - [TEST_STEP][PASSED] - Statement - PreSaveFile = new java.io.File(((pathPrefix + java.lang.Integer.toString(counter)) + .png)): null

2018-11-27 16:51:05 - [TEST_STEP][PASSED] - Statement - counter = counter + 1: null

2018-11-27 16:51:05 - [TEST_STEP][PASSED] - Statement - PreSaveFile = new java.io.File(((pathPrefix + java.lang.Integer.toString(counter)) + .png)): null

2018-11-27 16:51:05 - [TEST_STEP][PASSED] - Statement - counter = counter + 1: null

2018-11-27 16:51:05 - [TEST_STEP][PASSED] - Statement - PreSaveFile = new java.io.File(((pathPrefix + java.lang.Integer.toString(counter)) + .png)): null

2018-11-27 16:51:05 - [TEST_STEP][PASSED] - Statement - counter = counter + 1: null

2018-11-27 16:51:05 - [TEST_STEP][PASSED] - Statement - PreSaveFile = new java.io.File(((pathPrefix + java.lang.Integer.toString(counter)) + .png)): null

2018-11-27 16:51:05 - [TEST_STEP][PASSED] - Statement - counter = counter + 1: null

2018-11-27 16:51:05 - [TEST_STEP][PASSED] - Statement - PreSaveFile = new java.io.File(((pathPrefix + java.lang.Integer.toString(counter)) + .png)): null

2018-11-27 16:51:05 - [TEST_STEP][PASSED] - Statement - counter = counter + 1: null

2018-11-27 16:51:05 - [TEST_STEP][PASSED] - Statement - PreSaveFile = new java.io.File(((pathPrefix + java.lang.Integer.toString(counter)) + .png)): null

2018-11-27 16:51:05 - [TEST_STEP][PASSED] - Statement - counter = counter + 1: null

2018-11-27 16:51:05 - [TEST_STEP][PASSED] - Statement - PreSaveFile = new java.io.File(((pathPrefix + java.lang.Integer.toString(counter)) + .png)): null

2018-11-27 16:51:05 - [TEST_STEP][PASSED] - Statement - counter = counter + 1: null

2018-11-27 16:51:05 - [TEST_STEP][PASSED] - Statement - PreSaveFile = new java.io.File(((pathPrefix + java.lang.Integer.toString(counter)) + .png)): null

2018-11-27 16:51:05 - [TEST_STEP][PASSED] - Statement - counter = counter + 1: null

2018-11-27 16:51:05 - [TEST_STEP][PASSED] - Statement - PreSaveFile = new java.io.File(((pathPrefix + java.lang.Integer.toString(counter)) + .png)): null

2018-11-27 16:51:05 - [TEST_STEP][PASSED] - Statement - counter = counter + 1: null

2018-11-27 16:51:05 - [TEST_STEP][PASSED] - Statement - PreSaveFile = new java.io.File(((pathPrefix + java.lang.Integer.toString(counter)) + .png)): null

2018-11-27 16:51:05 - [TEST_STEP][PASSED] - Statement - counter = counter + 1: null

2018-11-27 16:51:05 - [TEST_STEP][PASSED] - Statement - PreSaveFile = new java.io.File(((pathPrefix + java.lang.Integer.toString(counter)) + .png)): null

2018-11-27 16:51:05 - [TEST_STEP][PASSED] - Statement - counter = counter + 1: null

2018-11-27 16:51:05 - [TEST_STEP][PASSED] - Statement - PreSaveFile = new java.io.File(((pathPrefix + java.lang.Integer.toString(counter)) + .png)): null

2018-11-27 16:51:05 - [TEST_STEP][PASSED] - Statement - counter = counter + 1: null

2018-11-27 16:51:05 - [TEST_STEP][PASSED] - Statement - PreSaveFile = new java.io.File(((pathPrefix + java.lang.Integer.toString(counter)) + .png)): null

2018-11-27 16:51:05 - [TEST_STEP][PASSED] - Statement - counter = counter + 1: null

2018-11-27 16:51:05 - [TEST_STEP][PASSED] - Statement - PreSaveFile = new java.io.File(((pathPrefix + java.lang.Integer.toString(counter)) + .png)): null

2018-11-27 16:51:05 - [TEST_STEP][PASSED] - Statement - counter = counter + 1: null

2018-11-27 16:51:05 - [TEST_STEP][PASSED] - Statement - PreSaveFile = new java.io.File(((pathPrefix + java.lang.Integer.toString(counter)) + .png)): null

2018-11-27 16:51:05 - [TEST_STEP][PASSED] - Statement - counter = counter + 1: null

2018-11-27 16:51:05 - [TEST_STEP][PASSED] - Statement - PreSaveFile = new java.io.File(((pathPrefix + java.lang.Integer.toString(counter)) + .png)): null

2018-11-27 16:51:05 - [TEST_STEP][PASSED] - Statement - counter = counter + 1: null

2018-11-27 16:51:05 - [TEST_STEP][PASSED] - Statement - PreSaveFile = new java.io.File(((pathPrefix + java.lang.Integer.toString(counter)) + .png)): null

2018-11-27 16:51:05 - [TEST_STEP][PASSED] - Statement - counter = counter + 1: null

2018-11-27 16:51:05 - [TEST_STEP][PASSED] - Statement - PreSaveFile = new java.io.File(((pathPrefix + java.lang.Integer.toString(counter)) + .png)): null

2018-11-27 16:51:05 - [TEST_STEP][PASSED] - Statement - counter = counter + 1: null

2018-11-27 16:51:05 - [TEST_STEP][PASSED] - Statement - PreSaveFile = new java.io.File(((pathPrefix + java.lang.Integer.toString(counter)) + .png)): null

2018-11-27 16:51:05 - [TEST_STEP][PASSED] - Statement - counter = counter + 1: null

2018-11-27 16:51:05 - [TEST_STEP][PASSED] - Statement - PreSaveFile = new java.io.File(((pathPrefix + java.lang.Integer.toString(counter)) + .png)): null

2018-11-27 16:51:05 - [TEST_STEP][PASSED] - Statement - counter = counter + 1: null

2018-11-27 16:51:05 - [TEST_STEP][PASSED] - Statement - PreSaveFile = new java.io.File(((pathPrefix + java.lang.Integer.toString(counter)) + .png)): null

2018-11-27 16:51:05 - [TEST_STEP][PASSED] - Statement - counter = counter + 1: null

2018-11-27 16:51:05 - [TEST_STEP][PASSED] - Statement - PreSaveFile = new java.io.File(((pathPrefix + java.lang.Integer.toString(counter)) + .png)): null

2018-11-27 16:51:05 - [TEST_STEP][PASSED] - Statement - counter = counter + 1: null

2018-11-27 16:51:05 - [TEST_STEP][PASSED] - Statement - PreSaveFile = new java.io.File(((pathPrefix + java.lang.Integer.toString(counter)) + .png)): null

2018-11-27 16:51:05 - [TEST_STEP][PASSED] - Statement - counter = counter + 1: null

2018-11-27 16:51:05 - [TEST_STEP][PASSED] - Statement - PreSaveFile = new java.io.File(((pathPrefix + java.lang.Integer.toString(counter)) + .png)): null

2018-11-27 16:51:05 - [TEST_STEP][PASSED] - Statement - counter = counter + 1: null

2018-11-27 16:51:05 - [TEST_STEP][PASSED] - Statement - PreSaveFile = new java.io.File(((pathPrefix + java.lang.Integer.toString(counter)) + .png)): null

2018-11-27 16:51:05 - [TEST_STEP][PASSED] - Statement - counter = counter + 1: null

2018-11-27 16:51:05 - [TEST_STEP][PASSED] - Statement - PreSaveFile = new java.io.File(((pathPrefix + java.lang.Integer.toString(counter)) + .png)): null

2018-11-27 16:51:05 - [TEST_STEP][PASSED] - Statement - counter = counter + 1: null

2018-11-27 16:51:05 - [TEST_STEP][PASSED] - Statement - PreSaveFile = new java.io.File(((pathPrefix + java.lang.Integer.toString(counter)) + .png)): null

2018-11-27 16:51:05 - [TEST_STEP][PASSED] - Statement - counter = counter + 1: null

2018-11-27 16:51:05 - [TEST_STEP][PASSED] - Statement - PreSaveFile = new java.io.File(((pathPrefix + java.lang.Integer.toString(counter)) + .png)): null

2018-11-27 16:51:05 - [TEST_STEP][PASSED] - Statement - counter = counter + 1: null

2018-11-27 16:51:05 - [TEST_STEP][PASSED] - Statement - PreSaveFile = new java.io.File(((pathPrefix + java.lang.Integer.toString(counter)) + .png)): null

2018-11-27 16:51:05 - [TEST_STEP][PASSED] - Statement - counter = counter + 1: null

2018-11-27 16:51:05 - [TEST_STEP][PASSED] - Statement - PreSaveFile = new java.io.File(((pathPrefix + java.lang.Integer.toString(counter)) + .png)): null

2018-11-27 16:51:05 - [TEST_STEP][PASSED] - Statement - counter = counter + 1: null

2018-11-27 16:51:05 - [TEST_STEP][PASSED] - Statement - PreSaveFile = new java.io.File(((pathPrefix + java.lang.Integer.toString(counter)) + .png)): null

2018-11-27 16:51:05 - [TEST_STEP][PASSED] - Statement - counter = counter + 1: null

2018-11-27 16:51:05 - [TEST_STEP][PASSED] - Statement - PreSaveFile = new java.io.File(((pathPrefix + java.lang.Integer.toString(counter)) + .png)): null

2018-11-27 16:51:05 - [TEST_STEP][PASSED] - Statement - counter = counter + 1: null

2018-11-27 16:51:05 - [TEST_STEP][PASSED] - Statement - PreSaveFile = new java.io.File(((pathPrefix + java.lang.Integer.toString(counter)) + .png)): null

2018-11-27 16:51:05 - [TEST_STEP][PASSED] - Statement - counter = counter + 1: null

2018-11-27 16:51:05 - [TEST_STEP][PASSED] - Statement - PreSaveFile = new java.io.File(((pathPrefix + java.lang.Integer.toString(counter)) + .png)): null

2018-11-27 16:51:05 - [TEST_STEP][PASSED] - Statement - counter = counter + 1: null

2018-11-27 16:51:05 - [TEST_STEP][PASSED] - Statement - PreSaveFile = new java.io.File(((pathPrefix + java.lang.Integer.toString(counter)) + .png)): null

2018-11-27 16:51:05 - [TEST_STEP][PASSED] - Statement - counter = counter + 1: null

2018-11-27 16:51:05 - [TEST_STEP][PASSED] - Statement - PreSaveFile = new java.io.File(((pathPrefix + java.lang.Integer.toString(counter)) + .png)): null

2018-11-27 16:51:05 - [TEST_STEP][PASSED] - Statement - counter = counter + 1: null

2018-11-27 16:51:05 - [TEST_STEP][PASSED] - Statement - PreSaveFile = new java.io.File(((pathPrefix + java.lang.Integer.toString(counter)) + .png)): null

2018-11-27 16:51:05 - [TEST_STEP][PASSED] - Statement - counter = counter + 1: null

2018-11-27 16:51:05 - [TEST_STEP][PASSED] - Statement - PreSaveFile = new java.io.File(((pathPrefix + java.lang.Integer.toString(counter)) + .png)): null

2018-11-27 16:51:05 - [TEST_STEP][PASSED] - Statement - counter = counter + 1: null

2018-11-27 16:51:05 - [TEST_STEP][PASSED] - Statement - PreSaveFile = new java.io.File(((pathPrefix + java.lang.Integer.toString(counter)) + .png)): null

2018-11-27 16:51:05 - [TEST_STEP][PASSED] - Statement - counter = counter + 1: null

2018-11-27 16:51:05 - [TEST_STEP][PASSED] - Statement - PreSaveFile = new java.io.File(((pathPrefix + java.lang.Integer.toString(counter)) + .png)): null

2018-11-27 16:51:05 - [TEST_STEP][PASSED] - Statement - counter = counter + 1: null

2018-11-27 16:51:05 - [TEST_STEP][PASSED] - Statement - PreSaveFile = new java.io.File(((pathPrefix + java.lang.Integer.toString(counter)) + .png)): null

2018-11-27 16:51:05 - [TEST_STEP][PASSED] - Statement - counter = counter + 1: null

2018-11-27 16:51:05 - [TEST_STEP][PASSED] - Statement - PreSaveFile = new java.io.File(((pathPrefix + java.lang.Integer.toString(counter)) + .png)): null

2018-11-27 16:51:05 - [TEST_STEP][PASSED] - Statement - counter = counter + 1: null

2018-11-27 16:51:05 - [TEST_STEP][PASSED] - Statement - PreSaveFile = new java.io.File(((pathPrefix + java.lang.Integer.toString(counter)) + .png)): null

2018-11-27 16:51:05 - [TEST_STEP][PASSED] - Statement - counter = counter + 1: null

2018-11-27 16:51:05 - [TEST_STEP][PASSED] - Statement - PreSaveFile = new java.io.File(((pathPrefix + java.lang.Integer.toString(counter)) + .png)): null

2018-11-27 16:51:05 - [TEST_STEP][PASSED] - Statement - counter = counter + 1: null

2018-11-27 16:51:05 - [TEST_STEP][PASSED] - Statement - PreSaveFile = new java.io.File(((pathPrefix + java.lang.Integer.toString(counter)) + .png)): null

2018-11-27 16:51:05 - [TEST_STEP][PASSED] - Statement - counter = counter + 1: null

2018-11-27 16:51:05 - [TEST_STEP][PASSED] - Statement - PreSaveFile = new java.io.File(((pathPrefix + java.lang.Integer.toString(counter)) + .png)): null

2018-11-27 16:51:05 - [TEST_STEP][PASSED] - Statement - counter = counter + 1: null

2018-11-27 16:51:05 - [TEST_STEP][PASSED] - Statement - PreSaveFile = new java.io.File(((pathPrefix + java.lang.Integer.toString(counter)) + .png)): null

2018-11-27 16:51:05 - [TEST_STEP][PASSED] - Statement - counter = counter + 1: null

2018-11-27 16:51:05 - [TEST_STEP][PASSED] - Statement - PreSaveFile = new java.io.File(((pathPrefix + java.lang.Integer.toString(counter)) + .png)): null

2018-11-27 16:51:05 - [TEST_STEP][PASSED] - Statement - counter = counter + 1: null

2018-11-27 16:51:05 - [TEST_STEP][PASSED] - Statement - PreSaveFile = new java.io.File(((pathPrefix + java.lang.Integer.toString(counter)) + .png)): null

2018-11-27 16:51:05 - [TEST_STEP][PASSED] - Statement - counter = counter + 1: null

2018-11-27 16:51:05 - [TEST_STEP][PASSED] - Statement - PreSaveFile = new java.io.File(((pathPrefix + java.lang.Integer.toString(counter)) + .png)): null

2018-11-27 16:51:05 - [TEST_STEP][PASSED] - Statement - counter = counter + 1: null

2018-11-27 16:51:05 - [TEST_STEP][PASSED] - Statement - PreSaveFile = new java.io.File(((pathPrefix + java.lang.Integer.toString(counter)) + .png)): null

2018-11-27 16:51:05 - [TEST_STEP][PASSED] - Statement - finalPath = pathPrefix + java.lang.Integer.toString(counter) + ".png": null

2018-11-27 16:51:05 - [TEST_STEP][PASSED] - Statement - SaveFile = new java.io.File(finalPath): null

2018-11-27 16:51:05 - [TEST_STEP][PASSED] - Statement - Try: null

2018-11-27 16:51:05 - [TEST_STEP][PASSED] - Statement - org.apache.commons.io.FileUtils.copyFile(scrFile, SaveFile): null

2018-11-27 16:51:05 - [TEST_STEP][PASSED] - Statement - out.println("file kept"): null

2018-11-27 16:51:05 - [TEST_STEP][PASSED] - delay: Delayed 10 second(s)

2018-11-27 16:51:15 - [MESSAGE][PASSED] - Delayed 10 second(s)

2018-11-27 16:51:15 - [MESSAGE][PASSED] - Call Test Case 'Test Cases/Final Aug 2018 - PKS Automation/Registration Module/New Registration/Submit and Screenshot/Submit Registration and Screenshot - Copy' successfully

2018-11-27 16:51:15 - [TEST_STEP][PASSED] - Statement - UpdateAddNewECode = com.kms.katalon.core.webui.keyword.WebUiBuiltInKeywords.getText(com.kms.katalon.core.testobject.ObjectRepository.findTestObject(Object Repository/Final Object Repo/Page_Update Add New Employee - ASSIST/getEmpCode)): Text of object 'Object Repository/Final Object Repo/Page_Update Add New Employee - ASSIST/getEmpCode' is: 'E1102070508W'

2018-11-27 16:51:15 - [MESSAGE][PASSED] - Text of object 'Object Repository/Final Object Repo/Page_Update Add New Employee - ASSIST/getEmpCode' is: 'E1102070508W'

2018-11-27 16:51:15 - [TEST_STEP][PASSED] - callTestCase: Call Test Case 'Test Cases/Final Aug 2018 - PKS Automation/Common/Emp Code Setter' successfully

2018-11-27 16:51:15 - [TEST_CASE][PASSED] - Test Cases/Final Aug 2018 - PKS Automation/Common/Emp Code Setter: Test Cases/Final Aug 2018 - PKS Automation/Common/Emp Code Setter

2018-11-27 16:51:15 - [TEST_STEP][PASSED] - Statement - EmpCodeOld = new java.io.File(C://Users//Admin//Desktop//PKS//Automation Reference Point//EmpCode.txt): null

2018-11-27 16:51:15 - [TEST_STEP][PASSED] - Statement - EmpCodeOld.delete(): null

2018-11-27 16:51:15 - [TEST_STEP][PASSED] - Statement - EmpCode = new java.io.File(C://Users//Admin//Desktop//PKS//Automation Reference Point//EmpCode.txt): null

2018-11-27 16:51:15 - [TEST_STEP][PASSED] - Statement - EmpCode.append(UpdateAddNewECode): null

2018-11-27 16:51:15 - [TEST_STEP][PASSED] - Statement - out.println("


" + UpdateAddNewECode + "


"): null

2018-11-27 16:51:15 - [MESSAGE][PASSED] - Call Test Case 'Test Cases/Final Aug 2018 - PKS Automation/Common/Emp Code Setter' successfully

2018-11-27 16:51:15 - [MESSAGE][PASSED] - Call Test Case 'Test Cases/Final Aug 2018 - PKS Automation/Registration Module/Workflow/Update Add New Employee/Template/New Company for Update Add New' successfully

2018-11-27 16:51:15 - [TEST_STEP][PASSED] - callTestCase: Call Test Case 'Test Cases/Final Aug 2018 - PKS Automation/Registration Module/Log Out/log out avoiding katalon tagging' successfully

2018-11-27 16:51:15 - [TEST_CASE][PASSED] - Test Cases/Final Aug 2018 - PKS Automation/Registration Module/Log Out/log out avoiding katalon tagging: Test Cases/Final Aug 2018 - PKS Automation/Registration Module/Log Out/log out avoiding katalon tagging

2018-11-27 16:51:15 - [TEST_STEP][PASSED] - navigateToUrl: Navigate to 'https://assist2-uat.perkeso.gov.my/c/portal/logout' successfully

2018-11-27 16:51:16 - [MESSAGE][PASSED] - Navigate to 'https://assist2-uat.perkeso.gov.my/c/portal/logout' successfully

2018-11-27 16:51:16 - [MESSAGE][PASSED] - Call Test Case 'Test Cases/Final Aug 2018 - PKS Automation/Registration Module/Log Out/log out avoiding katalon tagging' successfully

2018-11-27 16:51:16 - [TEST_STEP][PASSED] - callTestCase: Call Test Case 'Test Cases/Final Aug 2018 - PKS Automation/Registration Module/New Registration/Form 2/Date Updater' successfully

2018-11-27 16:51:16 - [TEST_CASE][PASSED] - Test Cases/Final Aug 2018 - PKS Automation/Registration Module/New Registration/Form 2/Date Updater: Test Cases/Final Aug 2018 - PKS Automation/Registration Module/New Registration/Form 2/Date Updater

2018-11-27 16:51:16 - [TEST_STEP][PASSED] - Statement - TodayDate = new java.util.Date(): null

2018-11-27 16:51:16 - [TEST_STEP][PASSED] - Statement - CurrentDateNoFilter = new java.text.SimpleDateFormat(): null

2018-11-27 16:51:16 - [TEST_STEP][PASSED] - Statement - CurrentDateNoFilter.applyPattern("dd"): null

2018-11-27 16:51:16 - [TEST_STEP][PASSED] - Statement - CurrentDate = CurrentDateNoFilter.format(TodayDate): null

2018-11-27 16:51:16 - [TEST_STEP][PASSED] - Statement - CurrentDate = java.lang.Integer.parseInt(CurrentDate): null

2018-11-27 16:51:16 - [TEST_STEP][PASSED] - Statement - CurrentDate = CurrentDate: null

2018-11-27 16:51:16 - [TEST_STEP][PASSED] - Statement - CurrentDay = java.lang.Integer.parseInt(CurrentDate): null

2018-11-27 16:51:16 - [TEST_STEP][PASSED] - Statement - aDayBefore = CurrentDay + 1: null

2018-11-27 16:51:16 - [TEST_STEP][PASSED] - Statement - DayBefore = aDayBefore.toString(): null

2018-11-27 16:51:16 - [TEST_STEP][PASSED] - Statement - OneDayBefore = DayBefore: null

2018-11-27 16:51:16 - [TEST_STEP][PASSED] - Statement - CurrentDateNoFilter.applyPattern("MM"): null

2018-11-27 16:51:16 - [TEST_STEP][PASSED] - Statement - monthContainerMatcher = java.lang.Integer.parseInt(CurrentDateNoFilter.format(TodayDate)): null

2018-11-27 16:51:16 - [TEST_STEP][PASSED] - Statement - monthContainerMatcher = monthContainerMatcher - 1: null

2018-11-27 16:51:16 - [TEST_STEP][PASSED] - Statement - CurrentMonth = monthContainerMatcher.toString(): null

2018-11-27 16:51:16 - [TEST_STEP][PASSED] - Statement - CurrentMonth = CurrentMonth: null

2018-11-27 16:51:16 - [TEST_STEP][PASSED] - Statement - CurrentDateNoFilter.applyPattern("yyyy"): null

2018-11-27 16:51:16 - [TEST_STEP][PASSED] - Statement - CurrentYear = CurrentDateNoFilter.format(TodayDate): null

2018-11-27 16:51:16 - [TEST_STEP][PASSED] - Statement - CurrentYear = CurrentYear: null

2018-11-27 16:51:16 - [TEST_STEP][PASSED] - Statement - intCurrentYear = java.lang.Integer.parseInt(CurrentDateNoFilter.format(TodayDate)): null

2018-11-27 16:51:16 - [TEST_STEP][PASSED] - Statement - eighteenYrsAgo = intCurrentYear - 18: null

2018-11-27 16:51:16 - [TEST_STEP][PASSED] - Statement - eighteenYrsBeforeThisYr = eighteenYrsAgo.toString(): null

2018-11-27 16:51:16 - [TEST_STEP][PASSED] - Statement - EighteenYrsBefore = eighteenYrsBeforeThisYr: null

2018-11-27 16:51:16 - [TEST_STEP][PASSED] - Statement - fiftysevenYrsAgo = intCurrentYear - 57: null

2018-11-27 16:51:16 - [TEST_STEP][PASSED] - Statement - fiftysevenYrsBeforeThisYr = fiftysevenYrsAgo.toString(): null

2018-11-27 16:51:16 - [TEST_STEP][PASSED] - Statement - FiftysevenYrsBefore = fiftysevenYrsBeforeThisYr: null

2018-11-27 16:51:16 - [MESSAGE][PASSED] - Call Test Case 'Test Cases/Final Aug 2018 - PKS Automation/Registration Module/New Registration/Form 2/Date Updater' successfully

2018-11-27 16:51:16 - [TEST_STEP][PASSED] - delay: Delayed 2 second(s)

2018-11-27 16:51:18 - [MESSAGE][PASSED] - Delayed 2 second(s)

2018-11-27 16:51:18 - [TEST_STEP][PASSED] - setText: Text 'klotc2@gmail.com' is set on object 'Object Repository/Final Object Repo/Page_Update Add New Employee - ASSIST/Email TextBox'

2018-11-27 16:51:18 - [MESSAGE][PASSED] - Text 'klotc2@gmail.com' is set on object 'Object Repository/Final Object Repo/Page_Update Add New Employee - ASSIST/Email TextBox'

2018-11-27 16:51:18 - [TEST_STEP][PASSED] - click: Object: 'Object Repository/Final Object Repo/Page_Update Add New Employee - ASSIST/Next Button' is clicked on

2018-11-27 16:51:19 - [MESSAGE][PASSED] - Object: 'Object Repository/Final Object Repo/Page_Update Add New Employee - ASSIST/Next Button' is clicked on

2018-11-27 16:51:19 - [TEST_STEP][PASSED] - delay: Delayed 2 second(s)

2018-11-27 16:51:21 - [MESSAGE][PASSED] - Delayed 2 second(s)

2018-11-27 16:51:21 - [TEST_STEP][PASSED] - setText: Text 'Test1@3456789' is set on object 'Object Repository/Final Object Repo/Page_Update Add New Employee - ASSIST/Password TextBox'

2018-11-27 16:51:21 - [MESSAGE][PASSED] - Text 'Test1@3456789' is set on object 'Object Repository/Final Object Repo/Page_Update Add New Employee - ASSIST/Password TextBox'

2018-11-27 16:51:21 - [TEST_STEP][PASSED] - delay: Delayed 2 second(s)

2018-11-27 16:51:23 - [MESSAGE][PASSED] - Delayed 2 second(s)

2018-11-27 16:51:23 - [TEST_STEP][PASSED] - click: Object: 'Object Repository/Final Object Repo/Page_Update Add New Employee - ASSIST/Login Button' is clicked on

2018-11-27 16:51:23 - [MESSAGE][PASSED] - Object: 'Object Repository/Final Object Repo/Page_Update Add New Employee - ASSIST/Login Button' is clicked on

2018-11-27 16:51:23 - [TEST_STEP][PASSED] - delay: Delayed 4 second(s)

2018-11-27 16:51:27 - [MESSAGE][PASSED] - Delayed 4 second(s)

2018-11-27 16:51:27 - [TEST_STEP][PASSED] - Statement - Try: Delayed 2 second(s)

2018-11-27 16:51:27 - [TEST_STEP][PASSED] - Statement - Checker = false: null

2018-11-27 16:51:27 - [TEST_STEP][PASSED] - Statement - Checker = com.kms.katalon.core.webui.keyword.WebUiBuiltInKeywords.verifyElementHasAttribute(com.kms.katalon.core.testobject.ObjectRepository.findTestObject(Final Object Repo/Landing Page/BM Detecting), "href", 20, OPTIONAL): Object 'Object Repository/Final Object Repo/Landing Page/BM Detecting' has attribute 'href'

2018-11-27 16:51:27 - [MESSAGE][PASSED] - Object 'Object Repository/Final Object Repo/Landing Page/BM Detecting' has attribute 'href'

2018-11-27 16:51:27 - [TEST_STEP][PASSED] - Statement - out.println(Checker): null

2018-11-27 16:51:27 - [TEST_STEP][PASSED] - Statement - If (Checker == false): null

2018-11-27 16:51:27 - [TEST_STEP][PASSED] - Statement - Else: null

2018-11-27 16:51:27 - [TEST_STEP][PASSED] - delay: Delayed 2 second(s)

2018-11-27 16:51:29 - [MESSAGE][PASSED] - Delayed 2 second(s)

2018-11-27 16:51:29 - [TEST_STEP][PASSED] - delay: Delayed 4 second(s)

2018-11-27 16:51:33 - [MESSAGE][PASSED] - Delayed 4 second(s)

2018-11-27 16:51:33 - [TEST_STEP][PASSED] - click: Object: 'Object Repository/Final Object Repo/Page_Update Add New Employee - ASSIST/My Sites Drop Down' is clicked on

2018-11-27 16:51:33 - [MESSAGE][PASSED] - Object: 'Object Repository/Final Object Repo/Page_Update Add New Employee - ASSIST/My Sites Drop Down' is clicked on

2018-11-27 16:51:33 - [TEST_STEP][PASSED] - click: Object: 'Object Repository/Final Object Repo/Page_Update Add New Employee - ASSIST/Select to Registration Module' is clicked on

2018-11-27 16:51:34 - [MESSAGE][PASSED] - Object: 'Object Repository/Final Object Repo/Page_Update Add New Employee - ASSIST/Select to Registration Module' is clicked on

2018-11-27 16:51:34 - [TEST_STEP][PASSED] - navigateToUrl: Navigate to 'https://assist2-uat.perkeso.gov.my/web/registration/myassist' successfully

2018-11-27 16:51:35 - [MESSAGE][PASSED] - Navigate to 'https://assist2-uat.perkeso.gov.my/web/registration/myassist' successfully

2018-11-27 16:51:35 - [TEST_STEP][PASSED] - mouseOver: Object: 'Object Repository/Final Object Repo/Page_Update Add New Employee - ASSIST/Select to Update Akta 4 Tab' is hovered

2018-11-27 16:51:35 - [MESSAGE][PASSED] - Object: 'Object Repository/Final Object Repo/Page_Update Add New Employee - ASSIST/Select to Update Akta 4 Tab' is hovered

2018-11-27 16:51:35 - [TEST_STEP][PASSED] - delay: Delayed 2 second(s)

2018-11-27 16:51:37 - [MESSAGE][PASSED] - Delayed 2 second(s)

2018-11-27 16:51:37 - [TEST_STEP][PASSED] - click: Object: 'Object Repository/Final Object Repo/Page_Update Add New Employee - ASSIST/Select to Update Add New Employee' is clicked on

2018-11-27 16:51:38 - [MESSAGE][PASSED] - Object: 'Object Repository/Final Object Repo/Page_Update Add New Employee - ASSIST/Select to Update Add New Employee' is clicked on

2018-11-27 16:51:38 - [TEST_STEP][PASSED] - delay: Delayed 2 second(s)

2018-11-27 16:51:40 - [MESSAGE][PASSED] - Delayed 2 second(s)

2018-11-27 16:51:40 - [TEST_STEP][PASSED] - setText: Text 'E1102070508W' is set on object 'Object Repository/Final Object Repo/Page_Update Add New Employee - ASSIST/Employer Code input textbox'

2018-11-27 16:51:40 - [MESSAGE][PASSED] - Text 'E1102070508W' is set on object 'Object Repository/Final Object Repo/Page_Update Add New Employee - ASSIST/Employer Code input textbox'

2018-11-27 16:51:40 - [TEST_STEP][PASSED] - delay: Delayed 2 second(s)

2018-11-27 16:51:42 - [MESSAGE][PASSED] - Delayed 2 second(s)

2018-11-27 16:51:42 - [TEST_STEP][PASSED] - click: Object: 'Object Repository/Final Object Repo/Page_Update Add New Employee - ASSIST/Search Button for Employer Code' is clicked on

2018-11-27 16:51:42 - [MESSAGE][PASSED] - Object: 'Object Repository/Final Object Repo/Page_Update Add New Employee - ASSIST/Search Button for Employer Code' is clicked on

2018-11-27 16:51:42 - [TEST_STEP][PASSED] - delay: Delayed 4 second(s)

2018-11-27 16:51:46 - [MESSAGE][PASSED] - Delayed 4 second(s)

2018-11-27 16:51:46 - [TEST_STEP][PASSED] - click: Object: 'Object Repository/Final Object Repo/Page_Update Add New Employee - ASSIST/Click to Edit Case' is clicked on

2018-11-27 16:51:48 - [MESSAGE][PASSED] - Object: 'Object Repository/Final Object Repo/Page_Update Add New Employee - ASSIST/Click to Edit Case' is clicked on

2018-11-27 16:51:48 - [TEST_STEP][PASSED] - callTestCase: Call Test Case 'Test Cases/Final Aug 2018 - PKS Automation/Registration Module/Workflow/Update Add New Employee/Template/Employee Adding/Employee Set Decider' successfully

2018-11-27 16:51:48 - [TEST_CASE][PASSED] - Test Cases/Final Aug 2018 - PKS Automation/Registration Module/Workflow/Update Add New Employee/Template/Employee Adding/Employee Set Decider: Test Cases/Final Aug 2018 - PKS Automation/Registration Module/Workflow/Update Add New Employee/Template/Employee Adding/Employee Set Decider

2018-11-27 16:51:49 - [TEST_STEP][PASSED] - delay: Delayed 4 second(s)

2018-11-27 16:51:53 - [MESSAGE][PASSED] - Delayed 4 second(s)

2018-11-27 16:51:53 - [TEST_STEP][PASSED] - click: Object: 'Object Repository/Final Object Repo/Page_Update Add New Employee - ASSIST/Add Employee Button' is clicked on

2018-11-27 16:51:53 - [MESSAGE][PASSED] - Object: 'Object Repository/Final Object Repo/Page_Update Add New Employee - ASSIST/Add Employee Button' is clicked on

2018-11-27 16:51:53 - [TEST_STEP][PASSED] - delay: Delayed 3 second(s)

2018-11-27 16:51:56 - [MESSAGE][PASSED] - Delayed 3 second(s)

2018-11-27 16:51:56 - [TEST_STEP][PASSED] - setText: Text '010903091920' is set on object 'Object Repository/Final Object Repo/Page_Update Add New Employee - ASSIST/NRIC Input'

2018-11-27 16:51:56 - [MESSAGE][PASSED] - Text '010903091920' is set on object 'Object Repository/Final Object Repo/Page_Update Add New Employee - ASSIST/NRIC Input'

2018-11-27 16:51:56 - [TEST_STEP][PASSED] - click: Object: 'Object Repository/Final Object Repo/Page_Update Add New Employee - ASSIST/button for search for IC' is clicked on

2018-11-27 16:51:56 - [MESSAGE][PASSED] - Object: 'Object Repository/Final Object Repo/Page_Update Add New Employee - ASSIST/button for search for IC' is clicked on

2018-11-27 16:51:56 - [TEST_STEP][PASSED] - delay: Delayed 2 second(s)

2018-11-27 16:51:58 - [MESSAGE][PASSED] - Delayed 2 second(s)

2018-11-27 16:51:58 - [TEST_STEP][PASSED] - sendKeys: Keys 'CONTROL + a' sent to object: 'Object Repository/Final Object Repo/Page_Update Add New Employee - ASSIST/Employee Name Input'

2018-11-27 16:51:58 - [MESSAGE][PASSED] - Keys 'CONTROL + a' sent to object: 'Object Repository/Final Object Repo/Page_Update Add New Employee - ASSIST/Employee Name Input'

2018-11-27 16:51:58 - [TEST_STEP][PASSED] - sendKeys: Keys 'CONTROL + c' sent to object: 'Object Repository/Final Object Repo/Page_Update Add New Employee - ASSIST/Employee Name Input'

2018-11-27 16:51:59 - [MESSAGE][PASSED] - Keys 'CONTROL + c' sent to object: 'Object Repository/Final Object Repo/Page_Update Add New Employee - ASSIST/Employee Name Input'

2018-11-27 16:51:59 - [TEST_STEP][PASSED] - Statement - toolkit = java.awt.Toolkit.getDefaultToolkit(): null

2018-11-27 16:51:59 - [TEST_STEP][PASSED] - Statement - clipboard = toolkit.getSystemClipboard(): null

2018-11-27 16:51:59 - [TEST_STEP][PASSED] - Statement - CurrentName = clipboard.getData(stringFlavor): null

2018-11-27 16:51:59 - [TEST_STEP][PASSED] - Statement - out.println("String from Clipboard:" + CurrentName): null

2018-11-27 16:51:59 - [TEST_STEP][PASSED] - Statement - If (CurrentName == "AUTOMATE002 ELIGIBLE 1"): null

2018-11-27 16:51:59 - [TEST_STEP][PASSED] - Statement - Else If (CurrentName == "AUTOMATE003 ELIGIBLE 1"): Call Test Case 'Test Cases/Final Aug 2018 - PKS Automation/Registration Module/Workflow/Update Add New Employee/Template/Employee Adding/Employee Adding Action Repeat IC - set 2' successfully

2018-11-27 16:51:59 - [TEST_STEP][PASSED] - callTestCase: Call Test Case 'Test Cases/Final Aug 2018 - PKS Automation/Registration Module/Workflow/Update Add New Employee/Template/Employee Adding/Employee Adding Action Repeat IC - set 2' successfully

2018-11-27 16:51:59 - [TEST_CASE][PASSED] - Test Cases/Final Aug 2018 - PKS Automation/Registration Module/Workflow/Update Add New Employee/Template/Employee Adding/Employee Adding Action Repeat IC - set 2: Test Cases/Final Aug 2018 - PKS Automation/Registration Module/Workflow/Update Add New Employee/Template/Employee Adding/Employee Adding Action Repeat IC - set 2

2018-11-27 16:51:59 - [TEST_STEP][PASSED] - setText: Text 'Automate002 eligible 1' is set on object 'Object Repository/Final Object Repo/Page_Update Add New Employee - ASSIST/Employee Name Input'

2018-11-27 16:51:59 - [MESSAGE][PASSED] - Text 'Automate002 eligible 1' is set on object 'Object Repository/Final Object Repo/Page_Update Add New Employee - ASSIST/Employee Name Input'

2018-11-27 16:51:59 - [TEST_STEP][PASSED] - delay: Delayed 2 second(s)

2018-11-27 16:52:01 - [MESSAGE][PASSED] - Delayed 2 second(s)

2018-11-27 16:52:01 - [TEST_STEP][PASSED] - click: Object: 'Object Repository/Final Object Repo/Page_Update Add New Employee - ASSIST/DatePicker Pop Up' is clicked on

2018-11-27 16:52:01 - [MESSAGE][PASSED] - Object: 'Object Repository/Final Object Repo/Page_Update Add New Employee - ASSIST/DatePicker Pop Up' is clicked on

2018-11-27 16:52:01 - [TEST_STEP][PASSED] - click: Object: 'Object Repository/Final Object Repo/Page_Update Add New Employee - ASSIST/DOB Month' is clicked on

2018-11-27 16:52:02 - [MESSAGE][PASSED] - Object: 'Object Repository/Final Object Repo/Page_Update Add New Employee - ASSIST/DOB Month' is clicked on

2018-11-27 16:52:02 - [TEST_STEP][PASSED] - Statement - CurrentMonth = CurrentMonth: null

2018-11-27 16:52:02 - [TEST_STEP][PASSED] - Statement - selectMonth = new com.kms.katalon.core.testobject.TestObject(): null

2018-11-27 16:52:02 - [TEST_STEP][PASSED] - Statement - selectMonth.addProperty("xpath", EQUALS, "//body/div/div/div/select/option[@value='" + CurrentMonth + "']", true): null

2018-11-27 16:52:02 - [TEST_STEP][PASSED] - click: Object: '' is clicked on

2018-11-27 16:52:02 - [MESSAGE][PASSED] - Object: '' is clicked on

2018-11-27 16:52:02 - [TEST_STEP][PASSED] - click: Object: 'Object Repository/Final Object Repo/Page_Update Add New Employee - ASSIST/DOB Year' is clicked on

2018-11-27 16:52:02 - [MESSAGE][PASSED] - Object: 'Object Repository/Final Object Repo/Page_Update Add New Employee - ASSIST/DOB Year' is clicked on

2018-11-27 16:52:02 - [TEST_STEP][PASSED] - Statement - Eyearsbf = EighteenYrsBefore: null

2018-11-27 16:52:02 - [TEST_STEP][PASSED] - Statement - selectYear = new com.kms.katalon.core.testobject.TestObject(): null

2018-11-27 16:52:02 - [TEST_STEP][PASSED] - Statement - selectYear.addProperty("xpath", EQUALS, "//div/div/div/select/option[@value='" + Eyearsbf + "']", true): null

2018-11-27 16:52:02 - [TEST_STEP][PASSED] - click: Object: '' is clicked on

2018-11-27 16:52:02 - [MESSAGE][PASSED] - Object: '' is clicked on

2018-11-27 16:52:02 - [TEST_STEP][PASSED] - Statement - UpdatedSelectDate = com.kms.katalon.core.webui.keyword.WebUiBuiltInKeywords.modifyObjectProperty(com.kms.katalon.core.testobject.ObjectRepository.findTestObject(Final Object Repo/Page_Update Add New Employee - ASSIST/DOB Date), "xpath", "equals", "//body/div/table/tbody/tr/td/a[text()="" + CurrentDate + ""]", true): Modify property of object successfully

2018-11-27 16:52:02 - [MESSAGE][PASSED] - Modify property of object successfully

2018-11-27 16:52:02 - [TEST_STEP][PASSED] - delay: Delayed 3 second(s)

2018-11-27 16:52:05 - [MESSAGE][PASSED] - Delayed 3 second(s)

2018-11-27 16:52:05 - [TEST_STEP][PASSED] - click: Object: 'Object Repository/Final Object Repo/Page_Update Add New Employee - ASSIST/DOB Date' is clicked on

2018-11-27 16:52:05 - [MESSAGE][PASSED] - Object: 'Object Repository/Final Object Repo/Page_Update Add New Employee - ASSIST/DOB Date' is clicked on

2018-11-27 16:52:05 - [TEST_STEP][PASSED] - delay: Delayed 2 second(s)

2018-11-27 16:52:07 - [MESSAGE][PASSED] - Delayed 2 second(s)

2018-11-27 16:52:07 - [TEST_STEP][PASSED] - click: Object: 'Object Repository/Final Object Repo/Page_Update Add New Employee - ASSIST/EmploymentStartDate Pop Up' is clicked on

2018-11-27 16:52:07 - [MESSAGE][PASSED] - Object: 'Object Repository/Final Object Repo/Page_Update Add New Employee - ASSIST/EmploymentStartDate Pop Up' is clicked on

2018-11-27 16:52:07 - [TEST_STEP][PASSED] - delay: Delayed 2 second(s)

2018-11-27 16:52:09 - [MESSAGE][PASSED] - Delayed 2 second(s)

2018-11-27 16:52:09 - [TEST_STEP][PASSED] - click: Object: 'Object Repository/Final Object Repo/Page_Update Add New Employee - ASSIST/Socso Employment StartDate Month' is clicked on

2018-11-27 16:52:10 - [MESSAGE][PASSED] - Object: 'Object Repository/Final Object Repo/Page_Update Add New Employee - ASSIST/Socso Employment StartDate Month' is clicked on

2018-11-27 16:52:10 - [TEST_STEP][PASSED] - delay: Delayed 1 second(s)

2018-11-27 16:52:11 - [MESSAGE][PASSED] - Delayed 1 second(s)

2018-11-27 16:52:11 - [TEST_STEP][PASSED] - click: Object: 'Object Repository/Final Object Repo/Page_Update Add New Employee - ASSIST/Select Socso Employement Startdate Month' is clicked on

2018-11-27 16:52:11 - [MESSAGE][PASSED] - Object: 'Object Repository/Final Object Repo/Page_Update Add New Employee - ASSIST/Select Socso Employement Startdate Month' is clicked on

2018-11-27 16:52:11 - [TEST_STEP][PASSED] - delay: Delayed 2 second(s)

2018-11-27 16:52:13 - [MESSAGE][PASSED] - Delayed 2 second(s)

2018-11-27 16:52:13 - [TEST_STEP][PASSED] - click: Object: 'Object Repository/Final Object Repo/Page_Update Add New Employee - ASSIST/Socso Employment StartDate Year' is clicked on

2018-11-27 16:52:13 - [MESSAGE][PASSED] - Object: 'Object Repository/Final Object Repo/Page_Update Add New Employee - ASSIST/Socso Employment StartDate Year' is clicked on

2018-11-27 16:52:13 - [TEST_STEP][PASSED] - delay: Delayed 1 second(s)

2018-11-27 16:52:14 - [MESSAGE][PASSED] - Delayed 1 second(s)

2018-11-27 16:52:14 - [TEST_STEP][PASSED] - click: Object: 'Object Repository/Final Object Repo/Page_Update Add New Employee - ASSIST/Select Socso Employment Startdate Year' is clicked on

2018-11-27 16:52:14 - [MESSAGE][PASSED] - Object: 'Object Repository/Final Object Repo/Page_Update Add New Employee - ASSIST/Select Socso Employment Startdate Year' is clicked on

2018-11-27 16:52:14 - [TEST_STEP][PASSED] - delay: Delayed 2 second(s)

2018-11-27 16:52:16 - [MESSAGE][PASSED] - Delayed 2 second(s)

2018-11-27 16:52:16 - [TEST_STEP][PASSED] - click: Object: 'Object Repository/Final Object Repo/Page_Update Add New Employee - ASSIST/Socso Employment Start Date Day' is clicked on

2018-11-27 16:52:16 - [MESSAGE][PASSED] - Object: 'Object Repository/Final Object Repo/Page_Update Add New Employee - ASSIST/Socso Employment Start Date Day' is clicked on

2018-11-27 16:52:16 - [TEST_STEP][PASSED] - delay: Delayed 2 second(s)

2018-11-27 16:52:18 - [MESSAGE][PASSED] - Delayed 2 second(s)

2018-11-27 16:52:18 - [TEST_STEP][PASSED] - click: Object: 'Object Repository/Final Object Repo/Page_Update Add New Employee - ASSIST/Save Button for Add Employee' is clicked on

2018-11-27 16:52:18 - [MESSAGE][PASSED] - Object: 'Object Repository/Final Object Repo/Page_Update Add New Employee - ASSIST/Save Button for Add Employee' is clicked on

2018-11-27 16:52:18 - [TEST_STEP][PASSED] - delay: Delayed 10 second(s)

2018-11-27 16:52:28 - [MESSAGE][PASSED] - Delayed 10 second(s)

2018-11-27 16:52:28 - [TEST_STEP][PASSED] - click: Object: 'Object Repository/Final Object Repo/Page_Update Add New Employee - ASSIST/Add Employee Button' is clicked on

2018-11-27 16:52:29 - [MESSAGE][PASSED] - Object: 'Object Repository/Final Object Repo/Page_Update Add New Employee - ASSIST/Add Employee Button' is clicked on

2018-11-27 16:52:29 - [TEST_STEP][PASSED] - delay: Delayed 6 second(s)

2018-11-27 16:52:35 - [MESSAGE][PASSED] - Delayed 6 second(s)

2018-11-27 16:52:35 - [TEST_STEP][PASSED] - setText: Text '620904059600' is set on object 'Object Repository/Final Object Repo/Page_Update Add New Employee - ASSIST/NRIC Input'

2018-11-27 16:52:35 - [MESSAGE][PASSED] - Text '620904059600' is set on object 'Object Repository/Final Object Repo/Page_Update Add New Employee - ASSIST/NRIC Input'

2018-11-27 16:52:35 - [TEST_STEP][PASSED] - click: Object: 'Object Repository/Final Object Repo/Page_Update Add New Employee - ASSIST/button for search for IC' is clicked on

2018-11-27 16:52:35 - [MESSAGE][PASSED] - Object: 'Object Repository/Final Object Repo/Page_Update Add New Employee - ASSIST/button for search for IC' is clicked on

2018-11-27 16:52:35 - [TEST_STEP][PASSED] - delay: Delayed 2 second(s)

2018-11-27 16:52:37 - [MESSAGE][PASSED] - Delayed 2 second(s)

2018-11-27 16:52:37 - [TEST_STEP][PASSED] - setText: Text 'Automate002 eligible 2' is set on object 'Object Repository/Final Object Repo/Page_Update Add New Employee - ASSIST/Employee Name Input'

2018-11-27 16:52:38 - [MESSAGE][PASSED] - Text 'Automate002 eligible 2' is set on object 'Object Repository/Final Object Repo/Page_Update Add New Employee - ASSIST/Employee Name Input'

2018-11-27 16:52:38 - [TEST_STEP][PASSED] - delay: Delayed 2 second(s)

2018-11-27 16:52:40 - [MESSAGE][PASSED] - Delayed 2 second(s)

2018-11-27 16:52:40 - [TEST_STEP][PASSED] - click: Object: 'Object Repository/Final Object Repo/Page_Update Add New Employee - ASSIST/DatePicker Pop Up' is clicked on

2018-11-27 16:52:40 - [MESSAGE][PASSED] - Object: 'Object Repository/Final Object Repo/Page_Update Add New Employee - ASSIST/DatePicker Pop Up' is clicked on

2018-11-27 16:52:40 - [TEST_STEP][PASSED] - delay: Delayed 2 second(s)

2018-11-27 16:52:42 - [MESSAGE][PASSED] - Delayed 2 second(s)

2018-11-27 16:52:42 - [TEST_STEP][PASSED] - click: Object: 'Object Repository/Final Object Repo/Page_Update Add New Employee - ASSIST/DOB Month' is clicked on

2018-11-27 16:52:42 - [MESSAGE][PASSED] - Object: 'Object Repository/Final Object Repo/Page_Update Add New Employee - ASSIST/DOB Month' is clicked on

2018-11-27 16:52:42 - [TEST_STEP][PASSED] - Statement - selectMonth = com.kms.katalon.core.webui.keyword.WebUiBuiltInKeywords.modifyObjectProperty(selectMonth, "xpath", "equals", "//body/div/div/div/select/option[@value="" + CurrentMonth + ""]", true): Modify property of object successfully

2018-11-27 16:52:42 - [MESSAGE][PASSED] - Modify property of object successfully

2018-11-27 16:52:42 - [TEST_STEP][PASSED] - click: Object: '' is clicked on

2018-11-27 16:52:42 - [MESSAGE][PASSED] - Object: '' is clicked on

2018-11-27 16:52:42 - [TEST_STEP][PASSED] - click: Object: 'Object Repository/Final Object Repo/Page_Update Add New Employee - ASSIST/DOB Year' is clicked on

2018-11-27 16:52:43 - [MESSAGE][PASSED] - Object: 'Object Repository/Final Object Repo/Page_Update Add New Employee - ASSIST/DOB Year' is clicked on

2018-11-27 16:52:43 - [TEST_STEP][PASSED] - Statement - selectYear = com.kms.katalon.core.webui.keyword.WebUiBuiltInKeywords.modifyObjectProperty(selectYear, "xpath", "equals", "//div/div/div/select/option[@value="" + FiftysevenYrsBefore + ""]", true): Modify property of object successfully

2018-11-27 16:52:43 - [MESSAGE][PASSED] - Modify property of object successfully

2018-11-27 16:52:43 - [TEST_STEP][PASSED] - click: Object: '' is clicked on

2018-11-27 16:52:43 - [MESSAGE][PASSED] - Object: '' is clicked on

2018-11-27 16:52:43 - [TEST_STEP][PASSED] - Statement - UpdatedSelectDate = com.kms.katalon.core.webui.keyword.WebUiBuiltInKeywords.modifyObjectProperty(com.kms.katalon.core.testobject.ObjectRepository.findTestObject(Final Object Repo/Page_Update Add New Employee - ASSIST/DOB Date), "xpath", "equals", "//body/div/table/tbody/tr/td/a[text()="" + OneDayBefore + ""]", true): Modify property of object successfully

2018-11-27 16:52:43 - [MESSAGE][PASSED] - Modify property of object successfully

2018-11-27 16:52:43 - [TEST_STEP][PASSED] - click: Object: 'Object Repository/Final Object Repo/Page_Update Add New Employee - ASSIST/DOB Date' is clicked on

2018-11-27 16:52:43 - [MESSAGE][PASSED] - Object: 'Object Repository/Final Object Repo/Page_Update Add New Employee - ASSIST/DOB Date' is clicked on

2018-11-27 16:52:43 - [TEST_STEP][PASSED] - delay: Delayed 2 second(s)

2018-11-27 16:52:45 - [MESSAGE][PASSED] - Delayed 2 second(s)

2018-11-27 16:52:45 - [TEST_STEP][PASSED] - click: Object: 'Object Repository/Final Object Repo/Page_Update Add New Employee - ASSIST/EmploymentStartDate Pop Up' is clicked on

2018-11-27 16:52:45 - [MESSAGE][PASSED] - Object: 'Object Repository/Final Object Repo/Page_Update Add New Employee - ASSIST/EmploymentStartDate Pop Up' is clicked on

2018-11-27 16:52:45 - [TEST_STEP][PASSED] - delay: Delayed 2 second(s)

2018-11-27 16:52:47 - [MESSAGE][PASSED] - Delayed 2 second(s)

2018-11-27 16:52:47 - [TEST_STEP][PASSED] - click: Object: 'Object Repository/Final Object Repo/Page_Update Add New Employee - ASSIST/Socso Employment StartDate Month' is clicked on

2018-11-27 16:52:47 - [MESSAGE][PASSED] - Object: 'Object Repository/Final Object Repo/Page_Update Add New Employee - ASSIST/Socso Employment StartDate Month' is clicked on

2018-11-27 16:52:47 - [TEST_STEP][PASSED] - delay: Delayed 1 second(s)

2018-11-27 16:52:48 - [MESSAGE][PASSED] - Delayed 1 second(s)

2018-11-27 16:52:48 - [TEST_STEP][PASSED] - click: Object: 'Object Repository/Final Object Repo/Page_Update Add New Employee - ASSIST/Select Socso Employement Startdate Month' is clicked on

2018-11-27 16:52:48 - [MESSAGE][PASSED] - Object: 'Object Repository/Final Object Repo/Page_Update Add New Employee - ASSIST/Select Socso Employement Startdate Month' is clicked on

2018-11-27 16:52:48 - [TEST_STEP][PASSED] - delay: Delayed 2 second(s)

2018-11-27 16:52:50 - [MESSAGE][PASSED] - Delayed 2 second(s)

2018-11-27 16:52:50 - [TEST_STEP][PASSED] - click: Object: 'Object Repository/Final Object Repo/Page_Update Add New Employee - ASSIST/Socso Employment StartDate Year' is clicked on

2018-11-27 16:52:51 - [MESSAGE][PASSED] - Object: 'Object Repository/Final Object Repo/Page_Update Add New Employee - ASSIST/Socso Employment StartDate Year' is clicked on

2018-11-27 16:52:51 - [TEST_STEP][PASSED] - delay: Delayed 1 second(s)

2018-11-27 16:52:52 - [MESSAGE][PASSED] - Delayed 1 second(s)

2018-11-27 16:52:52 - [TEST_STEP][PASSED] - click: Object: 'Object Repository/Final Object Repo/Page_Update Add New Employee - ASSIST/Select Socso Employment Startdate Year' is clicked on

2018-11-27 16:52:52 - [MESSAGE][PASSED] - Object: 'Object Repository/Final Object Repo/Page_Update Add New Employee - ASSIST/Select Socso Employment Startdate Year' is clicked on

2018-11-27 16:52:52 - [TEST_STEP][PASSED] - delay: Delayed 2 second(s)

2018-11-27 16:52:54 - [MESSAGE][PASSED] - Delayed 2 second(s)

2018-11-27 16:52:54 - [TEST_STEP][PASSED] - click: Object: 'Object Repository/Final Object Repo/Page_Update Add New Employee - ASSIST/Socso Employment Start Date Day' is clicked on

2018-11-27 16:52:54 - [MESSAGE][PASSED] - Object: 'Object Repository/Final Object Repo/Page_Update Add New Employee - ASSIST/Socso Employment Start Date Day' is clicked on

2018-11-27 16:52:54 - [TEST_STEP][PASSED] - delay: Delayed 2 second(s)

2018-11-27 16:52:56 - [MESSAGE][PASSED] - Delayed 2 second(s)

2018-11-27 16:52:56 - [TEST_STEP][PASSED] - click: Object: 'Object Repository/Final Object Repo/Page_Update Add New Employee - ASSIST/Save Button for Add Employee' is clicked on

2018-11-27 16:52:56 - [MESSAGE][PASSED] - Object: 'Object Repository/Final Object Repo/Page_Update Add New Employee - ASSIST/Save Button for Add Employee' is clicked on

2018-11-27 16:52:56 - [TEST_STEP][PASSED] - delay: Delayed 5 second(s)

2018-11-27 16:53:01 - [MESSAGE][PASSED] - Delayed 5 second(s)

2018-11-27 16:53:01 - [TEST_STEP][PASSED] - waitForElementClickable: Object 'Object Repository/Final Object Repo/Page_Update Add New Employee - ASSIST/Add Employee Button' is clickable

2018-11-27 16:53:01 - [MESSAGE][PASSED] - Object 'Object Repository/Final Object Repo/Page_Update Add New Employee - ASSIST/Add Employee Button' is clickable

2018-11-27 16:53:01 - [TEST_STEP][PASSED] - click: Object: 'Object Repository/Final Object Repo/Page_Update Add New Employee - ASSIST/Add Employee Button' is clicked on

2018-11-27 16:53:01 - [MESSAGE][PASSED] - Object: 'Object Repository/Final Object Repo/Page_Update Add New Employee - ASSIST/Add Employee Button' is clicked on

2018-11-27 16:53:01 - [TEST_STEP][PASSED] - delay: Delayed 4 second(s)

2018-11-27 16:53:05 - [MESSAGE][PASSED] - Delayed 4 second(s)

2018-11-27 16:53:05 - [TEST_STEP][PASSED] - setText: Text '000209039100' is set on object 'Object Repository/Final Object Repo/Page_Update Add New Employee - ASSIST/NRIC Input'

2018-11-27 16:53:06 - [MESSAGE][PASSED] - Text '000209039100' is set on object 'Object Repository/Final Object Repo/Page_Update Add New Employee - ASSIST/NRIC Input'

2018-11-27 16:53:06 - [TEST_STEP][PASSED] - click: Object: 'Object Repository/Final Object Repo/Page_Update Add New Employee - ASSIST/button for search for IC' is clicked on

2018-11-27 16:53:06 - [MESSAGE][PASSED] - Object: 'Object Repository/Final Object Repo/Page_Update Add New Employee - ASSIST/button for search for IC' is clicked on

2018-11-27 16:53:06 - [TEST_STEP][PASSED] - delay: Delayed 2 second(s)

2018-11-27 16:53:08 - [MESSAGE][PASSED] - Delayed 2 second(s)

2018-11-27 16:53:08 - [TEST_STEP][PASSED] - setText: Text 'Automate002 not eligible 1' is set on object 'Object Repository/Final Object Repo/Page_Update Add New Employee - ASSIST/Employee Name Input'

2018-11-27 16:53:08 - [MESSAGE][PASSED] - Text 'Automate002 not eligible 1' is set on object 'Object Repository/Final Object Repo/Page_Update Add New Employee - ASSIST/Employee Name Input'

2018-11-27 16:53:08 - [TEST_STEP][PASSED] - delay: Delayed 2 second(s)

2018-11-27 16:53:10 - [MESSAGE][PASSED] - Delayed 2 second(s)

2018-11-27 16:53:10 - [TEST_STEP][PASSED] - click: Object: 'Object Repository/Final Object Repo/Page_Update Add New Employee - ASSIST/DatePicker Pop Up' is clicked on

2018-11-27 16:53:11 - [MESSAGE][PASSED] - Object: 'Object Repository/Final Object Repo/Page_Update Add New Employee - ASSIST/DatePicker Pop Up' is clicked on

2018-11-27 16:53:11 - [TEST_STEP][PASSED] - delay: Delayed 2 second(s)

2018-11-27 16:53:13 - [MESSAGE][PASSED] - Delayed 2 second(s)

2018-11-27 16:53:13 - [TEST_STEP][PASSED] - click: Object: 'Object Repository/Final Object Repo/Page_Update Add New Employee - ASSIST/DOB Month' is clicked on

2018-11-27 16:53:13 - [MESSAGE][PASSED] - Object: 'Object Repository/Final Object Repo/Page_Update Add New Employee - ASSIST/DOB Month' is clicked on

2018-11-27 16:53:13 - [TEST_STEP][PASSED] - Statement - selectMonth = com.kms.katalon.core.webui.keyword.WebUiBuiltInKeywords.modifyObjectProperty(selectMonth, "xpath", "equals", "//body/div/div/div/select/option[@value="" + CurrentMonth + ""]", true): Modify property of object successfully

2018-11-27 16:53:13 - [MESSAGE][PASSED] - Modify property of object successfully

2018-11-27 16:53:13 - [TEST_STEP][PASSED] - click: Object: '' is clicked on

2018-11-27 16:53:13 - [MESSAGE][PASSED] - Object: '' is clicked on

2018-11-27 16:53:13 - [TEST_STEP][PASSED] - click: Object: 'Object Repository/Final Object Repo/Page_Update Add New Employee - ASSIST/DOB Year' is clicked on

2018-11-27 16:53:13 - [MESSAGE][PASSED] - Object: 'Object Repository/Final Object Repo/Page_Update Add New Employee - ASSIST/DOB Year' is clicked on

2018-11-27 16:53:13 - [TEST_STEP][PASSED] - Statement - selectYear = com.kms.katalon.core.webui.keyword.WebUiBuiltInKeywords.modifyObjectProperty(selectYear, "xpath", "equals", "//div/div/div/select/option[@value="" + EighteenYrsBefore + ""]", true): Modify property of object successfully

2018-11-27 16:53:13 - [MESSAGE][PASSED] - Modify property of object successfully

2018-11-27 16:53:13 - [TEST_STEP][PASSED] - click: Object: '' is clicked on

2018-11-27 16:53:13 - [MESSAGE][PASSED] - Object: '' is clicked on

2018-11-27 16:53:13 - [TEST_STEP][PASSED] - Statement - UpdatedSelectDate = com.kms.katalon.core.webui.keyword.WebUiBuiltInKeywords.modifyObjectProperty(com.kms.katalon.core.testobject.ObjectRepository.findTestObject(Final Object Repo/Page_Update Add New Employee - ASSIST/DOB Date), "xpath", "equals", "//body/div/table/tbody/tr/td/a[text()="" + OneDayBefore + ""]", true): Modify property of object successfully

2018-11-27 16:53:13 - [MESSAGE][PASSED] - Modify property of object successfully

2018-11-27 16:53:13 - [TEST_STEP][PASSED] - click: Object: 'Object Repository/Final Object Repo/Page_Update Add New Employee - ASSIST/DOB Date' is clicked on

2018-11-27 16:53:14 - [MESSAGE][PASSED] - Object: 'Object Repository/Final Object Repo/Page_Update Add New Employee - ASSIST/DOB Date' is clicked on

2018-11-27 16:53:14 - [TEST_STEP][PASSED] - delay: Delayed 2 second(s)

2018-11-27 16:53:16 - [MESSAGE][PASSED] - Delayed 2 second(s)

2018-11-27 16:53:16 - [TEST_STEP][PASSED] - click: Object: 'Object Repository/Final Object Repo/Page_Update Add New Employee - ASSIST/EmploymentStartDate Pop Up' is clicked on

2018-11-27 16:53:16 - [MESSAGE][PASSED] - Object: 'Object Repository/Final Object Repo/Page_Update Add New Employee - ASSIST/EmploymentStartDate Pop Up' is clicked on

2018-11-27 16:53:16 - [TEST_STEP][PASSED] - delay: Delayed 2 second(s)

2018-11-27 16:53:18 - [MESSAGE][PASSED] - Delayed 2 second(s)

2018-11-27 16:53:18 - [TEST_STEP][PASSED] - click: Object: 'Object Repository/Final Object Repo/Page_Update Add New Employee - ASSIST/Socso Employment StartDate Month' is clicked on

2018-11-27 16:53:18 - [MESSAGE][PASSED] - Object: 'Object Repository/Final Object Repo/Page_Update Add New Employee - ASSIST/Socso Employment StartDate Month' is clicked on

2018-11-27 16:53:18 - [TEST_STEP][PASSED] - delay: Delayed 1 second(s)

2018-11-27 16:53:19 - [MESSAGE][PASSED] - Delayed 1 second(s)

2018-11-27 16:53:19 - [TEST_STEP][PASSED] - click: Object: 'Object Repository/Final Object Repo/Page_Update Add New Employee - ASSIST/Select Socso Employement Startdate Month' is clicked on

2018-11-27 16:53:19 - [MESSAGE][PASSED] - Object: 'Object Repository/Final Object Repo/Page_Update Add New Employee - ASSIST/Select Socso Employement Startdate Month' is clicked on

2018-11-27 16:53:19 - [TEST_STEP][PASSED] - delay: Delayed 2 second(s)

2018-11-27 16:53:21 - [MESSAGE][PASSED] - Delayed 2 second(s)

2018-11-27 16:53:21 - [TEST_STEP][PASSED] - click: Object: 'Object Repository/Final Object Repo/Page_Update Add New Employee - ASSIST/Socso Employment StartDate Year' is clicked on

2018-11-27 16:53:21 - [MESSAGE][PASSED] - Object: 'Object Repository/Final Object Repo/Page_Update Add New Employee - ASSIST/Socso Employment StartDate Year' is clicked on

2018-11-27 16:53:21 - [TEST_STEP][PASSED] - delay: Delayed 1 second(s)

2018-11-27 16:53:22 - [MESSAGE][PASSED] - Delayed 1 second(s)

2018-11-27 16:53:22 - [TEST_STEP][PASSED] - click: Object: 'Object Repository/Final Object Repo/Page_Update Add New Employee - ASSIST/Select Socso Employment Startdate Year' is clicked on

2018-11-27 16:53:22 - [MESSAGE][PASSED] - Object: 'Object Repository/Final Object Repo/Page_Update Add New Employee - ASSIST/Select Socso Employment Startdate Year' is clicked on

2018-11-27 16:53:22 - [TEST_STEP][PASSED] - delay: Delayed 2 second(s)

2018-11-27 16:53:24 - [MESSAGE][PASSED] - Delayed 2 second(s)

2018-11-27 16:53:24 - [TEST_STEP][PASSED] - click: Object: 'Object Repository/Final Object Repo/Page_Update Add New Employee - ASSIST/Socso Employment Start Date Day' is clicked on

2018-11-27 16:53:25 - [MESSAGE][PASSED] - Object: 'Object Repository/Final Object Repo/Page_Update Add New Employee - ASSIST/Socso Employment Start Date Day' is clicked on

2018-11-27 16:53:25 - [TEST_STEP][PASSED] - delay: Delayed 2 second(s)

2018-11-27 16:53:27 - [MESSAGE][PASSED] - Delayed 2 second(s)

2018-11-27 16:53:27 - [TEST_STEP][PASSED] - click: Object: 'Object Repository/Final Object Repo/Page_Update Add New Employee - ASSIST/Save Button for Add Employee' is clicked on

2018-11-27 16:53:27 - [MESSAGE][PASSED] - Object: 'Object Repository/Final Object Repo/Page_Update Add New Employee - ASSIST/Save Button for Add Employee' is clicked on

2018-11-27 16:53:27 - [TEST_STEP][PASSED] - delay: Delayed 20 second(s)

2018-11-27 16:53:47 - [MESSAGE][PASSED] - Delayed 20 second(s)

2018-11-27 16:53:47 - [TEST_STEP][PASSED] - click: Object: 'Object Repository/Final Object Repo/Page_Update Add New Employee - ASSIST/Add Employee Button' is clicked on

2018-11-27 16:53:47 - [MESSAGE][PASSED] - Object: 'Object Repository/Final Object Repo/Page_Update Add New Employee - ASSIST/Add Employee Button' is clicked on

2018-11-27 16:53:47 - [TEST_STEP][PASSED] - delay: Delayed 4 second(s)

2018-11-27 16:53:51 - [MESSAGE][PASSED] - Delayed 4 second(s)

2018-11-27 16:53:51 - [TEST_STEP][PASSED] - setText: Text '600203039104' is set on object 'Object Repository/Final Object Repo/Page_Update Add New Employee - ASSIST/NRIC Input'

2018-11-27 16:53:51 - [MESSAGE][PASSED] - Text '600203039104' is set on object 'Object Repository/Final Object Repo/Page_Update Add New Employee - ASSIST/NRIC Input'

2018-11-27 16:53:51 - [TEST_STEP][PASSED] - click: Object: 'Object Repository/Final Object Repo/Page_Update Add New Employee - ASSIST/button for search for IC' is clicked on

2018-11-27 16:53:52 - [MESSAGE][PASSED] - Object: 'Object Repository/Final Object Repo/Page_Update Add New Employee - ASSIST/button for search for IC' is clicked on

2018-11-27 16:53:52 - [TEST_STEP][PASSED] - delay: Delayed 2 second(s)

2018-11-27 16:53:54 - [MESSAGE][PASSED] - Delayed 2 second(s)

2018-11-27 16:53:54 - [TEST_STEP][PASSED] - setText: Text 'Automate002 not eligible 2' is set on object 'Object Repository/Final Object Repo/Page_Update Add New Employee - ASSIST/Employee Name Input'

2018-11-27 16:53:54 - [MESSAGE][PASSED] - Text 'Automate002 not eligible 2' is set on object 'Object Repository/Final Object Repo/Page_Update Add New Employee - ASSIST/Employee Name Input'

2018-11-27 16:53:54 - [TEST_STEP][PASSED] - delay: Delayed 2 second(s)

2018-11-27 16:53:56 - [MESSAGE][PASSED] - Delayed 2 second(s)

2018-11-27 16:53:56 - [TEST_STEP][PASSED] - click: Object: 'Object Repository/Final Object Repo/Page_Update Add New Employee - ASSIST/DatePicker Pop Up' is clicked on

2018-11-27 16:53:56 - [MESSAGE][PASSED] - Object: 'Object Repository/Final Object Repo/Page_Update Add New Employee - ASSIST/DatePicker Pop Up' is clicked on

2018-11-27 16:53:56 - [TEST_STEP][PASSED] - delay: Delayed 2 second(s)

2018-11-27 16:53:58 - [MESSAGE][PASSED] - Delayed 2 second(s)

2018-11-27 16:53:58 - [TEST_STEP][PASSED] - click: Object: 'Object Repository/Final Object Repo/Page_Update Add New Employee - ASSIST/DOB Month' is clicked on

2018-11-27 16:53:59 - [MESSAGE][PASSED] - Object: 'Object Repository/Final Object Repo/Page_Update Add New Employee - ASSIST/DOB Month' is clicked on

2018-11-27 16:53:59 - [TEST_STEP][PASSED] - Statement - selectMonth = com.kms.katalon.core.webui.keyword.WebUiBuiltInKeywords.modifyObjectProperty(selectMonth, "xpath", "equals", "//body/div/div/div/select/option[@value="" + CurrentMonth + ""]", true): Modify property of object successfully

2018-11-27 16:53:59 - [MESSAGE][PASSED] - Modify property of object successfully

2018-11-27 16:53:59 - [TEST_STEP][PASSED] - click: Object: '' is clicked on

2018-11-27 16:53:59 - [MESSAGE][PASSED] - Object: '' is clicked on

2018-11-27 16:53:59 - [TEST_STEP][PASSED] - click: Object: 'Object Repository/Final Object Repo/Page_Update Add New Employee - ASSIST/DOB Year' is clicked on

2018-11-27 16:53:59 - [MESSAGE][PASSED] - Object: 'Object Repository/Final Object Repo/Page_Update Add New Employee - ASSIST/DOB Year' is clicked on

2018-11-27 16:53:59 - [TEST_STEP][PASSED] - Statement - selectYear = com.kms.katalon.core.webui.keyword.WebUiBuiltInKeywords.modifyObjectProperty(selectYear, "xpath", "equals", "//div/div/div/select/option[@value="" + FiftysevenYrsBefore + ""]", true): Modify property of object successfully

2018-11-27 16:53:59 - [MESSAGE][PASSED] - Modify property of object successfully

2018-11-27 16:53:59 - [TEST_STEP][PASSED] - click: Object: '' is clicked on

2018-11-27 16:53:59 - [MESSAGE][PASSED] - Object: '' is clicked on

2018-11-27 16:53:59 - [TEST_STEP][PASSED] - Statement - UpdatedSelectDate = com.kms.katalon.core.webui.keyword.WebUiBuiltInKeywords.modifyObjectProperty(com.kms.katalon.core.testobject.ObjectRepository.findTestObject(Final Object Repo/Page_Update Add New Employee - ASSIST/DOB Date), "xpath", "equals", "//body/div/table/tbody/tr/td/a[text()="" + CurrentDate + ""]", true): Modify property of object successfully

2018-11-27 16:53:59 - [MESSAGE][PASSED] - Modify property of object successfully

2018-11-27 16:53:59 - [TEST_STEP][PASSED] - click: Object: 'Object Repository/Final Object Repo/Page_Update Add New Employee - ASSIST/DOB Date' is clicked on

2018-11-27 16:53:59 - [MESSAGE][PASSED] - Object: 'Object Repository/Final Object Repo/Page_Update Add New Employee - ASSIST/DOB Date' is clicked on

2018-11-27 16:53:59 - [TEST_STEP][PASSED] - click: Object: 'Object Repository/Final Object Repo/Page_Update Add New Employee - ASSIST/EmploymentStartDate Pop Up' is clicked on

2018-11-27 16:53:59 - [MESSAGE][PASSED] - Object: 'Object Repository/Final Object Repo/Page_Update Add New Employee - ASSIST/EmploymentStartDate Pop Up' is clicked on

2018-11-27 16:53:59 - [TEST_STEP][PASSED] - delay: Delayed 2 second(s)

2018-11-27 16:54:01 - [MESSAGE][PASSED] - Delayed 2 second(s)

2018-11-27 16:54:01 - [TEST_STEP][PASSED] - click: Object: 'Object Repository/Final Object Repo/Page_Update Add New Employee - ASSIST/Socso Employment StartDate Month' is clicked on

2018-11-27 16:54:02 - [MESSAGE][PASSED] - Object: 'Object Repository/Final Object Repo/Page_Update Add New Employee - ASSIST/Socso Employment StartDate Month' is clicked on

2018-11-27 16:54:02 - [TEST_STEP][PASSED] - delay: Delayed 1 second(s)

2018-11-27 16:54:03 - [MESSAGE][PASSED] - Delayed 1 second(s)

2018-11-27 16:54:03 - [TEST_STEP][PASSED] - click: Object: 'Object Repository/Final Object Repo/Page_Update Add New Employee - ASSIST/Select Socso Employement Startdate Month' is clicked on

2018-11-27 16:54:03 - [MESSAGE][PASSED] - Object: 'Object Repository/Final Object Repo/Page_Update Add New Employee - ASSIST/Select Socso Employement Startdate Month' is clicked on

2018-11-27 16:54:03 - [TEST_STEP][PASSED] - delay: Delayed 2 second(s)

2018-11-27 16:54:05 - [MESSAGE][PASSED] - Delayed 2 second(s)

2018-11-27 16:54:05 - [TEST_STEP][PASSED] - click: Object: 'Object Repository/Final Object Repo/Page_Update Add New Employee - ASSIST/Socso Employment StartDate Year' is clicked on

2018-11-27 16:54:05 - [MESSAGE][PASSED] - Object: 'Object Repository/Final Object Repo/Page_Update Add New Employee - ASSIST/Socso Employment StartDate Year' is clicked on

2018-11-27 16:54:05 - [TEST_STEP][PASSED] - delay: Delayed 1 second(s)

2018-11-27 16:54:06 - [MESSAGE][PASSED] - Delayed 1 second(s)

2018-11-27 16:54:06 - [TEST_STEP][PASSED] - click: Object: 'Object Repository/Final Object Repo/Page_Update Add New Employee - ASSIST/Select Socso Employment Startdate Year' is clicked on

2018-11-27 16:54:06 - [MESSAGE][PASSED] - Object: 'Object Repository/Final Object Repo/Page_Update Add New Employee - ASSIST/Select Socso Employment Startdate Year' is clicked on

2018-11-27 16:54:06 - [TEST_STEP][PASSED] - delay: Delayed 2 second(s)

2018-11-27 16:54:08 - [MESSAGE][PASSED] - Delayed 2 second(s)

2018-11-27 16:54:08 - [TEST_STEP][PASSED] - click: Object: 'Object Repository/Final Object Repo/Page_Update Add New Employee - ASSIST/Socso Employment Start Date Day' is clicked on

2018-11-27 16:54:08 - [MESSAGE][PASSED] - Object: 'Object Repository/Final Object Repo/Page_Update Add New Employee - ASSIST/Socso Employment Start Date Day' is clicked on

2018-11-27 16:54:08 - [TEST_STEP][PASSED] - delay: Delayed 2 second(s)

2018-11-27 16:54:10 - [MESSAGE][PASSED] - Delayed 2 second(s)

2018-11-27 16:54:10 - [TEST_STEP][PASSED] - click: Object: 'Object Repository/Final Object Repo/Page_Update Add New Employee - ASSIST/Save Button for Add Employee' is clicked on

2018-11-27 16:54:10 - [MESSAGE][PASSED] - Object: 'Object Repository/Final Object Repo/Page_Update Add New Employee - ASSIST/Save Button for Add Employee' is clicked on

2018-11-27 16:54:10 - [MESSAGE][PASSED] - Call Test Case 'Test Cases/Final Aug 2018 - PKS Automation/Registration Module/Workflow/Update Add New Employee/Template/Employee Adding/Employee Adding Action Repeat IC - set 2' successfully

2018-11-27 16:54:10 - [MESSAGE][PASSED] - Call Test Case 'Test Cases/Final Aug 2018 - PKS Automation/Registration Module/Workflow/Update Add New Employee/Template/Employee Adding/Employee Set Decider' successfully

2018-11-27 16:54:10 - [TEST_STEP][PASSED] - delay: Delayed 4 second(s)

2018-11-27 16:54:14 - [MESSAGE][PASSED] - Delayed 4 second(s)

2018-11-27 16:54:14 - [TEST_STEP][PASSED] - Statement - CaseReferenceNo = com.kms.katalon.core.webui.keyword.WebUiBuiltInKeywords.getText(com.kms.katalon.core.testobject.ObjectRepository.findTestObject(Final Object Repo/Page_Update Add New Employee - ASSIST/RefNo)): Text of object 'Object Repository/Final Object Repo/Page_Update Add New Employee - ASSIST/RefNo' is: 'CAN11201800002204'

2018-11-27 16:54:15 - [MESSAGE][PASSED] - Text of object 'Object Repository/Final Object Repo/Page_Update Add New Employee - ASSIST/RefNo' is: 'CAN11201800002204'

2018-11-27 16:54:15 - [TEST_STEP][PASSED] - callTestCase: Call Test Case 'Test Cases/Final Aug 2018 - PKS Automation/Common/Reference Number Setter' successfully

2018-11-27 16:54:15 - [TEST_CASE][PASSED] - Test Cases/Final Aug 2018 - PKS Automation/Common/Reference Number Setter: Test Cases/Final Aug 2018 - PKS Automation/Common/Reference Number Setter

2018-11-27 16:54:15 - [TEST_STEP][PASSED] - Statement - RefNoOldFile = new java.io.File(C://Users//Admin//Desktop//PKS//Automation Reference Point//KatalonReference.txt): null

2018-11-27 16:54:15 - [TEST_STEP][PASSED] - Statement - RefNoOldFile.delete(): null

2018-11-27 16:54:15 - [TEST_STEP][PASSED] - delay: Delayed 5 second(s)

2018-11-27 16:54:20 - [MESSAGE][PASSED] - Delayed 5 second(s)

2018-11-27 16:54:20 - [TEST_STEP][PASSED] - Statement - RefNo = new java.io.File(C://Users//Admin//Desktop//PKS//Automation Reference Point//KatalonReference.txt): null

2018-11-27 16:54:20 - [TEST_STEP][PASSED] - Statement - f2 = new java.io.FileWriter(RefNo, false): null

2018-11-27 16:54:20 - [TEST_STEP][PASSED] - Statement - f2.write(CaseReferenceNo): null

2018-11-27 16:54:20 - [TEST_STEP][PASSED] - Statement - f2.close(): null

2018-11-27 16:54:20 - [TEST_STEP][PASSED] - Statement - out.println("


" + CaseReferenceNo + "


"): null

2018-11-27 16:54:20 - [MESSAGE][PASSED] - Call Test Case 'Test Cases/Final Aug 2018 - PKS Automation/Common/Reference Number Setter' successfully

2018-11-27 16:54:20 - [TEST_STEP][PASSED] - delay: Delayed 5 second(s)

2018-11-27 16:54:25 - [MESSAGE][PASSED] - Delayed 5 second(s)

2018-11-27 16:54:25 - [TEST_STEP][PASSED] - click: Object: 'Object Repository/Final Object Repo/Page_Update Add New Employee - ASSIST/Save  Continue Button' is clicked on

2018-11-27 16:54:25 - [MESSAGE][PASSED] - Object: 'Object Repository/Final Object Repo/Page_Update Add New Employee - ASSIST/Save  Continue Button' is clicked on

2018-11-27 16:54:25 - [TEST_STEP][PASSED] - delay: Delayed 4 second(s)

2018-11-27 16:54:29 - [MESSAGE][PASSED] - Delayed 4 second(s)

2018-11-27 16:54:29 - [TEST_STEP][PASSED] - click: Object: 'Object Repository/Final Object Repo/Page_Update Add New Employee - ASSIST/Save  Continue Third Screen' is clicked on

2018-11-27 16:54:32 - [MESSAGE][PASSED] - Object: 'Object Repository/Final Object Repo/Page_Update Add New Employee - ASSIST/Save  Continue Third Screen' is clicked on

2018-11-27 16:54:32 - [TEST_STEP][PASSED] - delay: Delayed 4 second(s)

2018-11-27 16:54:36 - [MESSAGE][PASSED] - Delayed 4 second(s)

2018-11-27 16:54:36 - [TEST_STEP][PASSED] - click: Object: 'Object Repository/Final Object Repo/Page_Update Add New Employee - ASSIST/Save   Continue Supporting Doc Page' is clicked on

2018-11-27 16:54:36 - [MESSAGE][PASSED] - Object: 'Object Repository/Final Object Repo/Page_Update Add New Employee - ASSIST/Save   Continue Supporting Doc Page' is clicked on

2018-11-27 16:54:36 - [TEST_STEP][PASSED] - delay: Delayed 4 second(s)

2018-11-27 16:54:40 - [MESSAGE][PASSED] - Delayed 4 second(s)

2018-11-27 16:54:40 - [TEST_STEP][PASSED] - click: Object: 'Object Repository/Final Object Repo/Page_Update Add New Employee - ASSIST/Submit Button' is clicked on

2018-11-27 16:54:40 - [MESSAGE][PASSED] - Object: 'Object Repository/Final Object Repo/Page_Update Add New Employee - ASSIST/Submit Button' is clicked on

2018-11-27 16:54:40 - [TEST_STEP][PASSED] - delay: Delayed 4 second(s)

2018-11-27 16:54:44 - [MESSAGE][PASSED] - Delayed 4 second(s)

2018-11-27 16:54:44 - [TEST_STEP][PASSED] - click: Object: 'Object Repository/Final Object Repo/Page_Update Add New Employee - ASSIST/Confirm Submit Button' is clicked on

2018-11-27 16:54:45 - [MESSAGE][PASSED] - Object: 'Object Repository/Final Object Repo/Page_Update Add New Employee - ASSIST/Confirm Submit Button' is clicked on

2018-11-27 16:54:45 - [TEST_STEP][PASSED] - delay: Delayed 30 second(s)

2018-11-27 16:55:15 - [MESSAGE][PASSED] - Delayed 30 second(s)

2018-11-27 16:55:15 - [TEST_STEP][PASSED] - callTestCase: Call Test Case 'Test Cases/Final Aug 2018 - PKS Automation/Common/Screenshoting tool' successfully

2018-11-27 16:55:15 - [TEST_CASE][PASSED] - Test Cases/Final Aug 2018 - PKS Automation/Common/Screenshoting tool: Test Cases/Final Aug 2018 - PKS Automation/Common/Screenshoting tool

2018-11-27 16:55:15 - [TEST_STEP][PASSED] - delay: Delayed 15 second(s)

2018-11-27 16:55:30 - [MESSAGE][PASSED] - Delayed 15 second(s)

2018-11-27 16:55:30 - [TEST_STEP][PASSED] - Statement - driver = com.kms.katalon.core.webui.driver.DriverFactory.getWebDriver(): null

2018-11-27 16:55:30 - [TEST_STEP][PASSED] - Statement - driver.manage().timeouts().implicitlyWait(10, SECONDS): null

2018-11-27 16:55:30 - [TEST_STEP][PASSED] - Statement - PresavePath = KatalonScreenshots: null

2018-11-27 16:55:30 - [TEST_STEP][PASSED] - Statement - pathPrefix = "C:\Users\Public\Pictures\Sample Pictures\Katalon Screenshots\Automate Ending Screen": null

2018-11-27 16:55:30 - [TEST_STEP][PASSED] - Statement - finalPath = <not implemented yet for class: org.codehaus.groovy.ast.expr.EmptyExpression>: null

2018-11-27 16:55:30 - [TEST_STEP][PASSED] - Statement - scrFile = driver.getScreenshotAs(FILE): null

2018-11-27 16:55:30 - [TEST_STEP][PASSED] - Statement - PreSaveFile = new java.io.File(PresavePath): null

2018-11-27 16:55:30 - [TEST_STEP][PASSED] - Statement - counter = 0: null

2018-11-27 16:55:30 - [TEST_STEP][PASSED] - Statement - If (PreSaveFile.exists()): null

2018-11-27 16:55:30 - [TEST_STEP][PASSED] - Statement - While (PreSaveFile.exists()): null

2018-11-27 16:55:30 - [TEST_STEP][PASSED] - Statement - counter = counter + 1: null

2018-11-27 16:55:30 - [TEST_STEP][PASSED] - Statement - PreSaveFile = new java.io.File(((pathPrefix + java.lang.Integer.toString(counter)) + .png)): null

2018-11-27 16:55:30 - [TEST_STEP][PASSED] - Statement - counter = counter + 1: null

2018-11-27 16:55:30 - [TEST_STEP][PASSED] - Statement - PreSaveFile = new java.io.File(((pathPrefix + java.lang.Integer.toString(counter)) + .png)): null

2018-11-27 16:55:30 - [TEST_STEP][PASSED] - Statement - counter = counter + 1: null

2018-11-27 16:55:30 - [TEST_STEP][PASSED] - Statement - PreSaveFile = new java.io.File(((pathPrefix + java.lang.Integer.toString(counter)) + .png)): null

2018-11-27 16:55:30 - [TEST_STEP][PASSED] - Statement - counter = counter + 1: null

2018-11-27 16:55:30 - [TEST_STEP][PASSED] - Statement - PreSaveFile = new java.io.File(((pathPrefix + java.lang.Integer.toString(counter)) + .png)): null

2018-11-27 16:55:30 - [TEST_STEP][PASSED] - Statement - counter = counter + 1: null

2018-11-27 16:55:30 - [TEST_STEP][PASSED] - Statement - PreSaveFile = new java.io.File(((pathPrefix + java.lang.Integer.toString(counter)) + .png)): null

2018-11-27 16:55:30 - [TEST_STEP][PASSED] - Statement - counter = counter + 1: null

2018-11-27 16:55:30 - [TEST_STEP][PASSED] - Statement - PreSaveFile = new java.io.File(((pathPrefix + java.lang.Integer.toString(counter)) + .png)): null

2018-11-27 16:55:30 - [TEST_STEP][PASSED] - Statement - counter = counter + 1: null

2018-11-27 16:55:30 - [TEST_STEP][PASSED] - Statement - PreSaveFile = new java.io.File(((pathPrefix + java.lang.Integer.toString(counter)) + .png)): null

2018-11-27 16:55:30 - [TEST_STEP][PASSED] - Statement - counter = counter + 1: null

2018-11-27 16:55:30 - [TEST_STEP][PASSED] - Statement - PreSaveFile = new java.io.File(((pathPrefix + java.lang.Integer.toString(counter)) + .png)): null

2018-11-27 16:55:30 - [TEST_STEP][PASSED] - Statement - counter = counter + 1: null

2018-11-27 16:55:30 - [TEST_STEP][PASSED] - Statement - PreSaveFile = new java.io.File(((pathPrefix + java.lang.Integer.toString(counter)) + .png)): null

2018-11-27 16:55:30 - [TEST_STEP][PASSED] - Statement - counter = counter + 1: null

2018-11-27 16:55:30 - [TEST_STEP][PASSED] - Statement - PreSaveFile = new java.io.File(((pathPrefix + java.lang.Integer.toString(counter)) + .png)): null

2018-11-27 16:55:30 - [TEST_STEP][PASSED] - Statement - counter = counter + 1: null

2018-11-27 16:55:30 - [TEST_STEP][PASSED] - Statement - PreSaveFile = new java.io.File(((pathPrefix + java.lang.Integer.toString(counter)) + .png)): null

2018-11-27 16:55:30 - [TEST_STEP][PASSED] - Statement - counter = counter + 1: null

2018-11-27 16:55:30 - [TEST_STEP][PASSED] - Statement - PreSaveFile = new java.io.File(((pathPrefix + java.lang.Integer.toString(counter)) + .png)): null

2018-11-27 16:55:30 - [TEST_STEP][PASSED] - Statement - counter = counter + 1: null

2018-11-27 16:55:30 - [TEST_STEP][PASSED] - Statement - PreSaveFile = new java.io.File(((pathPrefix + java.lang.Integer.toString(counter)) + .png)): null

2018-11-27 16:55:30 - [TEST_STEP][PASSED] - Statement - counter = counter + 1: null

2018-11-27 16:55:30 - [TEST_STEP][PASSED] - Statement - PreSaveFile = new java.io.File(((pathPrefix + java.lang.Integer.toString(counter)) + .png)): null

2018-11-27 16:55:30 - [TEST_STEP][PASSED] - Statement - counter = counter + 1: null

2018-11-27 16:55:30 - [TEST_STEP][PASSED] - Statement - PreSaveFile = new java.io.File(((pathPrefix + java.lang.Integer.toString(counter)) + .png)): null

2018-11-27 16:55:30 - [TEST_STEP][PASSED] - Statement - counter = counter + 1: null

2018-11-27 16:55:30 - [TEST_STEP][PASSED] - Statement - PreSaveFile = new java.io.File(((pathPrefix + java.lang.Integer.toString(counter)) + .png)): null

2018-11-27 16:55:30 - [TEST_STEP][PASSED] - Statement - counter = counter + 1: null

2018-11-27 16:55:30 - [TEST_STEP][PASSED] - Statement - PreSaveFile = new java.io.File(((pathPrefix + java.lang.Integer.toString(counter)) + .png)): null

2018-11-27 16:55:30 - [TEST_STEP][PASSED] - Statement - counter = counter + 1: null

2018-11-27 16:55:30 - [TEST_STEP][PASSED] - Statement - PreSaveFile = new java.io.File(((pathPrefix + java.lang.Integer.toString(counter)) + .png)): null

2018-11-27 16:55:30 - [TEST_STEP][PASSED] - Statement - counter = counter + 1: null

2018-11-27 16:55:30 - [TEST_STEP][PASSED] - Statement - PreSaveFile = new java.io.File(((pathPrefix + java.lang.Integer.toString(counter)) + .png)): null

2018-11-27 16:55:30 - [TEST_STEP][PASSED] - Statement - counter = counter + 1: null

2018-11-27 16:55:30 - [TEST_STEP][PASSED] - Statement - PreSaveFile = new java.io.File(((pathPrefix + java.lang.Integer.toString(counter)) + .png)): null

2018-11-27 16:55:30 - [TEST_STEP][PASSED] - Statement - counter = counter + 1: null

2018-11-27 16:55:30 - [TEST_STEP][PASSED] - Statement - PreSaveFile = new java.io.File(((pathPrefix + java.lang.Integer.toString(counter)) + .png)): null

2018-11-27 16:55:30 - [TEST_STEP][PASSED] - Statement - counter = counter + 1: null

2018-11-27 16:55:30 - [TEST_STEP][PASSED] - Statement - PreSaveFile = new java.io.File(((pathPrefix + java.lang.Integer.toString(counter)) + .png)): null

2018-11-27 16:55:30 - [TEST_STEP][PASSED] - Statement - counter = counter + 1: null

2018-11-27 16:55:30 - [TEST_STEP][PASSED] - Statement - PreSaveFile = new java.io.File(((pathPrefix + java.lang.Integer.toString(counter)) + .png)): null

2018-11-27 16:55:30 - [TEST_STEP][PASSED] - Statement - counter = counter + 1: null

2018-11-27 16:55:30 - [TEST_STEP][PASSED] - Statement - PreSaveFile = new java.io.File(((pathPrefix + java.lang.Integer.toString(counter)) + .png)): null

2018-11-27 16:55:30 - [TEST_STEP][PASSED] - Statement - counter = counter + 1: null

2018-11-27 16:55:30 - [TEST_STEP][PASSED] - Statement - PreSaveFile = new java.io.File(((pathPrefix + java.lang.Integer.toString(counter)) + .png)): null

2018-11-27 16:55:30 - [TEST_STEP][PASSED] - Statement - counter = counter + 1: null

2018-11-27 16:55:30 - [TEST_STEP][PASSED] - Statement - PreSaveFile = new java.io.File(((pathPrefix + java.lang.Integer.toString(counter)) + .png)): null

2018-11-27 16:55:30 - [TEST_STEP][PASSED] - Statement - counter = counter + 1: null

2018-11-27 16:55:30 - [TEST_STEP][PASSED] - Statement - PreSaveFile = new java.io.File(((pathPrefix + java.lang.Integer.toString(counter)) + .png)): null

2018-11-27 16:55:30 - [TEST_STEP][PASSED] - Statement - counter = counter + 1: null

2018-11-27 16:55:30 - [TEST_STEP][PASSED] - Statement - PreSaveFile = new java.io.File(((pathPrefix + java.lang.Integer.toString(counter)) + .png)): null

2018-11-27 16:55:30 - [TEST_STEP][PASSED] - Statement - counter = counter + 1: null

2018-11-27 16:55:30 - [TEST_STEP][PASSED] - Statement - PreSaveFile = new java.io.File(((pathPrefix + java.lang.Integer.toString(counter)) + .png)): null

2018-11-27 16:55:30 - [TEST_STEP][PASSED] - Statement - counter = counter + 1: null

2018-11-27 16:55:30 - [TEST_STEP][PASSED] - Statement - PreSaveFile = new java.io.File(((pathPrefix + java.lang.Integer.toString(counter)) + .png)): null

2018-11-27 16:55:30 - [TEST_STEP][PASSED] - Statement - counter = counter + 1: null

2018-11-27 16:55:30 - [TEST_STEP][PASSED] - Statement - PreSaveFile = new java.io.File(((pathPrefix + java.lang.Integer.toString(counter)) + .png)): null

2018-11-27 16:55:30 - [TEST_STEP][PASSED] - Statement - counter = counter + 1: null

2018-11-27 16:55:30 - [TEST_STEP][PASSED] - Statement - PreSaveFile = new java.io.File(((pathPrefix + java.lang.Integer.toString(counter)) + .png)): null

2018-11-27 16:55:30 - [TEST_STEP][PASSED] - Statement - counter = counter + 1: null

2018-11-27 16:55:30 - [TEST_STEP][PASSED] - Statement - PreSaveFile = new java.io.File(((pathPrefix + java.lang.Integer.toString(counter)) + .png)): null

2018-11-27 16:55:30 - [TEST_STEP][PASSED] - Statement - counter = counter + 1: null

2018-11-27 16:55:30 - [TEST_STEP][PASSED] - Statement - PreSaveFile = new java.io.File(((pathPrefix + java.lang.Integer.toString(counter)) + .png)): null

2018-11-27 16:55:30 - [TEST_STEP][PASSED] - Statement - counter = counter + 1: null

2018-11-27 16:55:30 - [TEST_STEP][PASSED] - Statement - PreSaveFile = new java.io.File(((pathPrefix + java.lang.Integer.toString(counter)) + .png)): null

2018-11-27 16:55:30 - [TEST_STEP][PASSED] - Statement - counter = counter + 1: null

2018-11-27 16:55:30 - [TEST_STEP][PASSED] - Statement - PreSaveFile = new java.io.File(((pathPrefix + java.lang.Integer.toString(counter)) + .png)): null

2018-11-27 16:55:30 - [TEST_STEP][PASSED] - Statement - counter = counter + 1: null

2018-11-27 16:55:30 - [TEST_STEP][PASSED] - Statement - PreSaveFile = new java.io.File(((pathPrefix + java.lang.Integer.toString(counter)) + .png)): null

2018-11-27 16:55:30 - [TEST_STEP][PASSED] - Statement - counter = counter + 1: null

2018-11-27 16:55:30 - [TEST_STEP][PASSED] - Statement - PreSaveFile = new java.io.File(((pathPrefix + java.lang.Integer.toString(counter)) + .png)): null

2018-11-27 16:55:30 - [TEST_STEP][PASSED] - Statement - counter = counter + 1: null

2018-11-27 16:55:30 - [TEST_STEP][PASSED] - Statement - PreSaveFile = new java.io.File(((pathPrefix + java.lang.Integer.toString(counter)) + .png)): null

2018-11-27 16:55:30 - [TEST_STEP][PASSED] - Statement - counter = counter + 1: null

2018-11-27 16:55:30 - [TEST_STEP][PASSED] - Statement - PreSaveFile = new java.io.File(((pathPrefix + java.lang.Integer.toString(counter)) + .png)): null

2018-11-27 16:55:30 - [TEST_STEP][PASSED] - Statement - counter = counter + 1: null

2018-11-27 16:55:30 - [TEST_STEP][PASSED] - Statement - PreSaveFile = new java.io.File(((pathPrefix + java.lang.Integer.toString(counter)) + .png)): null

2018-11-27 16:55:30 - [TEST_STEP][PASSED] - Statement - counter = counter + 1: null

2018-11-27 16:55:30 - [TEST_STEP][PASSED] - Statement - PreSaveFile = new java.io.File(((pathPrefix + java.lang.Integer.toString(counter)) + .png)): null

2018-11-27 16:55:30 - [TEST_STEP][PASSED] - Statement - counter = counter + 1: null

2018-11-27 16:55:30 - [TEST_STEP][PASSED] - Statement - PreSaveFile = new java.io.File(((pathPrefix + java.lang.Integer.toString(counter)) + .png)): null

2018-11-27 16:55:30 - [TEST_STEP][PASSED] - Statement - counter = counter + 1: null

2018-11-27 16:55:30 - [TEST_STEP][PASSED] - Statement - PreSaveFile = new java.io.File(((pathPrefix + java.lang.Integer.toString(counter)) + .png)): null

2018-11-27 16:55:30 - [TEST_STEP][PASSED] - Statement - counter = counter + 1: null

2018-11-27 16:55:30 - [TEST_STEP][PASSED] - Statement - PreSaveFile = new java.io.File(((pathPrefix + java.lang.Integer.toString(counter)) + .png)): null

2018-11-27 16:55:30 - [TEST_STEP][PASSED] - Statement - counter = counter + 1: null

2018-11-27 16:55:30 - [TEST_STEP][PASSED] - Statement - PreSaveFile = new java.io.File(((pathPrefix + java.lang.Integer.toString(counter)) + .png)): null

2018-11-27 16:55:30 - [TEST_STEP][PASSED] - Statement - counter = counter + 1: null

2018-11-27 16:55:30 - [TEST_STEP][PASSED] - Statement - PreSaveFile = new java.io.File(((pathPrefix + java.lang.Integer.toString(counter)) + .png)): null

2018-11-27 16:55:30 - [TEST_STEP][PASSED] - Statement - counter = counter + 1: null

2018-11-27 16:55:30 - [TEST_STEP][PASSED] - Statement - PreSaveFile = new java.io.File(((pathPrefix + java.lang.Integer.toString(counter)) + .png)): null

2018-11-27 16:55:30 - [TEST_STEP][PASSED] - Statement - counter = counter + 1: null

2018-11-27 16:55:30 - [TEST_STEP][PASSED] - Statement - PreSaveFile = new java.io.File(((pathPrefix + java.lang.Integer.toString(counter)) + .png)): null

2018-11-27 16:55:30 - [TEST_STEP][PASSED] - Statement - counter = counter + 1: null

2018-11-27 16:55:30 - [TEST_STEP][PASSED] - Statement - PreSaveFile = new java.io.File(((pathPrefix + java.lang.Integer.toString(counter)) + .png)): null

2018-11-27 16:55:30 - [TEST_STEP][PASSED] - Statement - counter = counter + 1: null

2018-11-27 16:55:30 - [TEST_STEP][PASSED] - Statement - PreSaveFile = new java.io.File(((pathPrefix + java.lang.Integer.toString(counter)) + .png)): null

2018-11-27 16:55:30 - [TEST_STEP][PASSED] - Statement - counter = counter + 1: null

2018-11-27 16:55:30 - [TEST_STEP][PASSED] - Statement - PreSaveFile = new java.io.File(((pathPrefix + java.lang.Integer.toString(counter)) + .png)): null

2018-11-27 16:55:30 - [TEST_STEP][PASSED] - Statement - counter = counter + 1: null

2018-11-27 16:55:30 - [TEST_STEP][PASSED] - Statement - PreSaveFile = new java.io.File(((pathPrefix + java.lang.Integer.toString(counter)) + .png)): null

2018-11-27 16:55:30 - [TEST_STEP][PASSED] - Statement - counter = counter + 1: null

2018-11-27 16:55:30 - [TEST_STEP][PASSED] - Statement - PreSaveFile = new java.io.File(((pathPrefix + java.lang.Integer.toString(counter)) + .png)): null

2018-11-27 16:55:30 - [TEST_STEP][PASSED] - Statement - counter = counter + 1: null

2018-11-27 16:55:30 - [TEST_STEP][PASSED] - Statement - PreSaveFile = new java.io.File(((pathPrefix + java.lang.Integer.toString(counter)) + .png)): null

2018-11-27 16:55:30 - [TEST_STEP][PASSED] - Statement - counter = counter + 1: null

2018-11-27 16:55:30 - [TEST_STEP][PASSED] - Statement - PreSaveFile = new java.io.File(((pathPrefix + java.lang.Integer.toString(counter)) + .png)): null

2018-11-27 16:55:30 - [TEST_STEP][PASSED] - Statement - counter = counter + 1: null

2018-11-27 16:55:30 - [TEST_STEP][PASSED] - Statement - PreSaveFile = new java.io.File(((pathPrefix + java.lang.Integer.toString(counter)) + .png)): null

2018-11-27 16:55:30 - [TEST_STEP][PASSED] - Statement - counter = counter + 1: null

2018-11-27 16:55:30 - [TEST_STEP][PASSED] - Statement - PreSaveFile = new java.io.File(((pathPrefix + java.lang.Integer.toString(counter)) + .png)): null

2018-11-27 16:55:30 - [TEST_STEP][PASSED] - Statement - counter = counter + 1: null

2018-11-27 16:55:30 - [TEST_STEP][PASSED] - Statement - PreSaveFile = new java.io.File(((pathPrefix + java.lang.Integer.toString(counter)) + .png)): null

2018-11-27 16:55:30 - [TEST_STEP][PASSED] - Statement - counter = counter + 1: null

2018-11-27 16:55:30 - [TEST_STEP][PASSED] - Statement - PreSaveFile = new java.io.File(((pathPrefix + java.lang.Integer.toString(counter)) + .png)): null

2018-11-27 16:55:30 - [TEST_STEP][PASSED] - Statement - counter = counter + 1: null

2018-11-27 16:55:30 - [TEST_STEP][PASSED] - Statement - PreSaveFile = new java.io.File(((pathPrefix + java.lang.Integer.toString(counter)) + .png)): null

2018-11-27 16:55:30 - [TEST_STEP][PASSED] - Statement - counter = counter + 1: null

2018-11-27 16:55:30 - [TEST_STEP][PASSED] - Statement - PreSaveFile = new java.io.File(((pathPrefix + java.lang.Integer.toString(counter)) + .png)): null

2018-11-27 16:55:30 - [TEST_STEP][PASSED] - Statement - counter = counter + 1: null

2018-11-27 16:55:30 - [TEST_STEP][PASSED] - Statement - PreSaveFile = new java.io.File(((pathPrefix + java.lang.Integer.toString(counter)) + .png)): null

2018-11-27 16:55:30 - [TEST_STEP][PASSED] - Statement - counter = counter + 1: null

2018-11-27 16:55:30 - [TEST_STEP][PASSED] - Statement - PreSaveFile = new java.io.File(((pathPrefix + java.lang.Integer.toString(counter)) + .png)): null

2018-11-27 16:55:30 - [TEST_STEP][PASSED] - Statement - counter = counter + 1: null

2018-11-27 16:55:30 - [TEST_STEP][PASSED] - Statement - PreSaveFile = new java.io.File(((pathPrefix + java.lang.Integer.toString(counter)) + .png)): null

2018-11-27 16:55:30 - [TEST_STEP][PASSED] - Statement - counter = counter + 1: null

2018-11-27 16:55:30 - [TEST_STEP][PASSED] - Statement - PreSaveFile = new java.io.File(((pathPrefix + java.lang.Integer.toString(counter)) + .png)): null

2018-11-27 16:55:30 - [TEST_STEP][PASSED] - Statement - counter = counter + 1: null

2018-11-27 16:55:30 - [TEST_STEP][PASSED] - Statement - PreSaveFile = new java.io.File(((pathPrefix + java.lang.Integer.toString(counter)) + .png)): null

2018-11-27 16:55:30 - [TEST_STEP][PASSED] - Statement - counter = counter + 1: null

2018-11-27 16:55:30 - [TEST_STEP][PASSED] - Statement - PreSaveFile = new java.io.File(((pathPrefix + java.lang.Integer.toString(counter)) + .png)): null

2018-11-27 16:55:30 - [TEST_STEP][PASSED] - Statement - counter = counter + 1: null

2018-11-27 16:55:30 - [TEST_STEP][PASSED] - Statement - PreSaveFile = new java.io.File(((pathPrefix + java.lang.Integer.toString(counter)) + .png)): null

2018-11-27 16:55:30 - [TEST_STEP][PASSED] - Statement - counter = counter + 1: null

2018-11-27 16:55:30 - [TEST_STEP][PASSED] - Statement - PreSaveFile = new java.io.File(((pathPrefix + java.lang.Integer.toString(counter)) + .png)): null

2018-11-27 16:55:30 - [TEST_STEP][PASSED] - Statement - counter = counter + 1: null

2018-11-27 16:55:30 - [TEST_STEP][PASSED] - Statement - PreSaveFile = new java.io.File(((pathPrefix + java.lang.Integer.toString(counter)) + .png)): null

2018-11-27 16:55:30 - [TEST_STEP][PASSED] - Statement - counter = counter + 1: null

2018-11-27 16:55:30 - [TEST_STEP][PASSED] - Statement - PreSaveFile = new java.io.File(((pathPrefix + java.lang.Integer.toString(counter)) + .png)): null

2018-11-27 16:55:30 - [TEST_STEP][PASSED] - Statement - counter = counter + 1: null

2018-11-27 16:55:30 - [TEST_STEP][PASSED] - Statement - PreSaveFile = new java.io.File(((pathPrefix + java.lang.Integer.toString(counter)) + .png)): null

2018-11-27 16:55:30 - [TEST_STEP][PASSED] - Statement - counter = counter + 1: null

2018-11-27 16:55:30 - [TEST_STEP][PASSED] - Statement - PreSaveFile = new java.io.File(((pathPrefix + java.lang.Integer.toString(counter)) + .png)): null

2018-11-27 16:55:30 - [TEST_STEP][PASSED] - Statement - counter = counter + 1: null

2018-11-27 16:55:30 - [TEST_STEP][PASSED] - Statement - PreSaveFile = new java.io.File(((pathPrefix + java.lang.Integer.toString(counter)) + .png)): null

2018-11-27 16:55:30 - [TEST_STEP][PASSED] - Statement - counter = counter + 1: null

2018-11-27 16:55:30 - [TEST_STEP][PASSED] - Statement - PreSaveFile = new java.io.File(((pathPrefix + java.lang.Integer.toString(counter)) + .png)): null

2018-11-27 16:55:30 - [TEST_STEP][PASSED] - Statement - counter = counter + 1: null

2018-11-27 16:55:30 - [TEST_STEP][PASSED] - Statement - PreSaveFile = new java.io.File(((pathPrefix + java.lang.Integer.toString(counter)) + .png)): null

2018-11-27 16:55:30 - [TEST_STEP][PASSED] - Statement - counter = counter + 1: null

2018-11-27 16:55:30 - [TEST_STEP][PASSED] - Statement - PreSaveFile = new java.io.File(((pathPrefix + java.lang.Integer.toString(counter)) + .png)): null

2018-11-27 16:55:30 - [TEST_STEP][PASSED] - Statement - counter = counter + 1: null

2018-11-27 16:55:30 - [TEST_STEP][PASSED] - Statement - PreSaveFile = new java.io.File(((pathPrefix + java.lang.Integer.toString(counter)) + .png)): null

2018-11-27 16:55:30 - [TEST_STEP][PASSED] - Statement - counter = counter + 1: null

2018-11-27 16:55:30 - [TEST_STEP][PASSED] - Statement - PreSaveFile = new java.io.File(((pathPrefix + java.lang.Integer.toString(counter)) + .png)): null

2018-11-27 16:55:30 - [TEST_STEP][PASSED] - Statement - counter = counter + 1: null

2018-11-27 16:55:30 - [TEST_STEP][PASSED] - Statement - PreSaveFile = new java.io.File(((pathPrefix + java.lang.Integer.toString(counter)) + .png)): null

2018-11-27 16:55:30 - [TEST_STEP][PASSED] - Statement - counter = counter + 1: null

2018-11-27 16:55:30 - [TEST_STEP][PASSED] - Statement - PreSaveFile = new java.io.File(((pathPrefix + java.lang.Integer.toString(counter)) + .png)): null

2018-11-27 16:55:30 - [TEST_STEP][PASSED] - Statement - counter = counter + 1: null

2018-11-27 16:55:30 - [TEST_STEP][PASSED] - Statement - PreSaveFile = new java.io.File(((pathPrefix + java.lang.Integer.toString(counter)) + .png)): null

2018-11-27 16:55:30 - [TEST_STEP][PASSED] - Statement - counter = counter + 1: null

2018-11-27 16:55:30 - [TEST_STEP][PASSED] - Statement - PreSaveFile = new java.io.File(((pathPrefix + java.lang.Integer.toString(counter)) + .png)): null

2018-11-27 16:55:30 - [TEST_STEP][PASSED] - Statement - counter = counter + 1: null

2018-11-27 16:55:30 - [TEST_STEP][PASSED] - Statement - PreSaveFile = new java.io.File(((pathPrefix + java.lang.Integer.toString(counter)) + .png)): null

2018-11-27 16:55:30 - [TEST_STEP][PASSED] - Statement - counter = counter + 1: null

2018-11-27 16:55:30 - [TEST_STEP][PASSED] - Statement - PreSaveFile = new java.io.File(((pathPrefix + java.lang.Integer.toString(counter)) + .png)): null

2018-11-27 16:55:30 - [TEST_STEP][PASSED] - Statement - counter = counter + 1: null

2018-11-27 16:55:30 - [TEST_STEP][PASSED] - Statement - PreSaveFile = new java.io.File(((pathPrefix + java.lang.Integer.toString(counter)) + .png)): null

2018-11-27 16:55:30 - [TEST_STEP][PASSED] - Statement - counter = counter + 1: null

2018-11-27 16:55:30 - [TEST_STEP][PASSED] - Statement - PreSaveFile = new java.io.File(((pathPrefix + java.lang.Integer.toString(counter)) + .png)): null

2018-11-27 16:55:30 - [TEST_STEP][PASSED] - Statement - counter = counter + 1: null

2018-11-27 16:55:30 - [TEST_STEP][PASSED] - Statement - PreSaveFile = new java.io.File(((pathPrefix + java.lang.Integer.toString(counter)) + .png)): null

2018-11-27 16:55:30 - [TEST_STEP][PASSED] - Statement - counter = counter + 1: null

2018-11-27 16:55:30 - [TEST_STEP][PASSED] - Statement - PreSaveFile = new java.io.File(((pathPrefix + java.lang.Integer.toString(counter)) + .png)): null

2018-11-27 16:55:30 - [TEST_STEP][PASSED] - Statement - counter = counter + 1: null

2018-11-27 16:55:30 - [TEST_STEP][PASSED] - Statement - PreSaveFile = new java.io.File(((pathPrefix + java.lang.Integer.toString(counter)) + .png)): null

2018-11-27 16:55:30 - [TEST_STEP][PASSED] - Statement - counter = counter + 1: null

2018-11-27 16:55:30 - [TEST_STEP][PASSED] - Statement - PreSaveFile = new java.io.File(((pathPrefix + java.lang.Integer.toString(counter)) + .png)): null

2018-11-27 16:55:30 - [TEST_STEP][PASSED] - Statement - counter = counter + 1: null

2018-11-27 16:55:30 - [TEST_STEP][PASSED] - Statement - PreSaveFile = new java.io.File(((pathPrefix + java.lang.Integer.toString(counter)) + .png)): null

2018-11-27 16:55:30 - [TEST_STEP][PASSED] - Statement - counter = counter + 1: null

2018-11-27 16:55:30 - [TEST_STEP][PASSED] - Statement - PreSaveFile = new java.io.File(((pathPrefix + java.lang.Integer.toString(counter)) + .png)): null

2018-11-27 16:55:30 - [TEST_STEP][PASSED] - Statement - counter = counter + 1: null

2018-11-27 16:55:30 - [TEST_STEP][PASSED] - Statement - PreSaveFile = new java.io.File(((pathPrefix + java.lang.Integer.toString(counter)) + .png)): null

2018-11-27 16:55:30 - [TEST_STEP][PASSED] - Statement - counter = counter + 1: null

2018-11-27 16:55:30 - [TEST_STEP][PASSED] - Statement - PreSaveFile = new java.io.File(((pathPrefix + java.lang.Integer.toString(counter)) + .png)): null

2018-11-27 16:55:30 - [TEST_STEP][PASSED] - Statement - counter = counter + 1: null

2018-11-27 16:55:30 - [TEST_STEP][PASSED] - Statement - PreSaveFile = new java.io.File(((pathPrefix + java.lang.Integer.toString(counter)) + .png)): null

2018-11-27 16:55:30 - [TEST_STEP][PASSED] - Statement - counter = counter + 1: null

2018-11-27 16:55:30 - [TEST_STEP][PASSED] - Statement - PreSaveFile = new java.io.File(((pathPrefix + java.lang.Integer.toString(counter)) + .png)): null

2018-11-27 16:55:30 - [TEST_STEP][PASSED] - Statement - counter = counter + 1: null

2018-11-27 16:55:30 - [TEST_STEP][PASSED] - Statement - PreSaveFile = new java.io.File(((pathPrefix + java.lang.Integer.toString(counter)) + .png)): null

2018-11-27 16:55:30 - [TEST_STEP][PASSED] - Statement - counter = counter + 1: null

2018-11-27 16:55:30 - [TEST_STEP][PASSED] - Statement - PreSaveFile = new java.io.File(((pathPrefix + java.lang.Integer.toString(counter)) + .png)): null

2018-11-27 16:55:30 - [TEST_STEP][PASSED] - Statement - counter = counter + 1: null

2018-11-27 16:55:30 - [TEST_STEP][PASSED] - Statement - PreSaveFile = new java.io.File(((pathPrefix + java.lang.Integer.toString(counter)) + .png)): null

2018-11-27 16:55:30 - [TEST_STEP][PASSED] - Statement - counter = counter + 1: null

2018-11-27 16:55:30 - [TEST_STEP][PASSED] - Statement - PreSaveFile = new java.io.File(((pathPrefix + java.lang.Integer.toString(counter)) + .png)): null

2018-11-27 16:55:30 - [TEST_STEP][PASSED] - Statement - counter = counter + 1: null

2018-11-27 16:55:30 - [TEST_STEP][PASSED] - Statement - PreSaveFile = new java.io.File(((pathPrefix + java.lang.Integer.toString(counter)) + .png)): null

2018-11-27 16:55:30 - [TEST_STEP][PASSED] - Statement - counter = counter + 1: null

2018-11-27 16:55:30 - [TEST_STEP][PASSED] - Statement - PreSaveFile = new java.io.File(((pathPrefix + java.lang.Integer.toString(counter)) + .png)): null

2018-11-27 16:55:30 - [TEST_STEP][PASSED] - Statement - counter = counter + 1: null

2018-11-27 16:55:30 - [TEST_STEP][PASSED] - Statement - PreSaveFile = new java.io.File(((pathPrefix + java.lang.Integer.toString(counter)) + .png)): null

2018-11-27 16:55:30 - [TEST_STEP][PASSED] - Statement - counter = counter + 1: null

2018-11-27 16:55:30 - [TEST_STEP][PASSED] - Statement - PreSaveFile = new java.io.File(((pathPrefix + java.lang.Integer.toString(counter)) + .png)): null

2018-11-27 16:55:30 - [TEST_STEP][PASSED] - Statement - counter = counter + 1: null

2018-11-27 16:55:30 - [TEST_STEP][PASSED] - Statement - PreSaveFile = new java.io.File(((pathPrefix + java.lang.Integer.toString(counter)) + .png)): null

2018-11-27 16:55:30 - [TEST_STEP][PASSED] - Statement - counter = counter + 1: null

2018-11-27 16:55:30 - [TEST_STEP][PASSED] - Statement - PreSaveFile = new java.io.File(((pathPrefix + java.lang.Integer.toString(counter)) + .png)): null

2018-11-27 16:55:30 - [TEST_STEP][PASSED] - Statement - counter = counter + 1: null

2018-11-27 16:55:30 - [TEST_STEP][PASSED] - Statement - PreSaveFile = new java.io.File(((pathPrefix + java.lang.Integer.toString(counter)) + .png)): null

2018-11-27 16:55:30 - [TEST_STEP][PASSED] - Statement - counter = counter + 1: null

2018-11-27 16:55:30 - [TEST_STEP][PASSED] - Statement - PreSaveFile = new java.io.File(((pathPrefix + java.lang.Integer.toString(counter)) + .png)): null

2018-11-27 16:55:30 - [TEST_STEP][PASSED] - Statement - counter = counter + 1: null

2018-11-27 16:55:30 - [TEST_STEP][PASSED] - Statement - PreSaveFile = new java.io.File(((pathPrefix + java.lang.Integer.toString(counter)) + .png)): null

2018-11-27 16:55:30 - [TEST_STEP][PASSED] - Statement - counter = counter + 1: null

2018-11-27 16:55:30 - [TEST_STEP][PASSED] - Statement - PreSaveFile = new java.io.File(((pathPrefix + java.lang.Integer.toString(counter)) + .png)): null

2018-11-27 16:55:30 - [TEST_STEP][PASSED] - Statement - counter = counter + 1: null

2018-11-27 16:55:30 - [TEST_STEP][PASSED] - Statement - PreSaveFile = new java.io.File(((pathPrefix + java.lang.Integer.toString(counter)) + .png)): null

2018-11-27 16:55:30 - [TEST_STEP][PASSED] - Statement - counter = counter + 1: null

2018-11-27 16:55:30 - [TEST_STEP][PASSED] - Statement - PreSaveFile = new java.io.File(((pathPrefix + java.lang.Integer.toString(counter)) + .png)): null

2018-11-27 16:55:30 - [TEST_STEP][PASSED] - Statement - counter = counter + 1: null

2018-11-27 16:55:30 - [TEST_STEP][PASSED] - Statement - PreSaveFile = new java.io.File(((pathPrefix + java.lang.Integer.toString(counter)) + .png)): null

2018-11-27 16:55:30 - [TEST_STEP][PASSED] - Statement - counter = counter + 1: null

2018-11-27 16:55:30 - [TEST_STEP][PASSED] - Statement - PreSaveFile = new java.io.File(((pathPrefix + java.lang.Integer.toString(counter)) + .png)): null

2018-11-27 16:55:30 - [TEST_STEP][PASSED] - Statement - counter = counter + 1: null

2018-11-27 16:55:30 - [TEST_STEP][PASSED] - Statement - PreSaveFile = new java.io.File(((pathPrefix + java.lang.Integer.toString(counter)) + .png)): null

2018-11-27 16:55:30 - [TEST_STEP][PASSED] - Statement - counter = counter + 1: null

2018-11-27 16:55:30 - [TEST_STEP][PASSED] - Statement - PreSaveFile = new java.io.File(((pathPrefix + java.lang.Integer.toString(counter)) + .png)): null

2018-11-27 16:55:30 - [TEST_STEP][PASSED] - Statement - counter = counter + 1: null

2018-11-27 16:55:30 - [TEST_STEP][PASSED] - Statement - PreSaveFile = new java.io.File(((pathPrefix + java.lang.Integer.toString(counter)) + .png)): null

2018-11-27 16:55:30 - [TEST_STEP][PASSED] - Statement - counter = counter + 1: null

2018-11-27 16:55:30 - [TEST_STEP][PASSED] - Statement - PreSaveFile = new java.io.File(((pathPrefix + java.lang.Integer.toString(counter)) + .png)): null

2018-11-27 16:55:30 - [TEST_STEP][PASSED] - Statement - counter = counter + 1: null

2018-11-27 16:55:30 - [TEST_STEP][PASSED] - Statement - PreSaveFile = new java.io.File(((pathPrefix + java.lang.Integer.toString(counter)) + .png)): null

2018-11-27 16:55:30 - [TEST_STEP][PASSED] - Statement - counter = counter + 1: null

2018-11-27 16:55:30 - [TEST_STEP][PASSED] - Statement - PreSaveFile = new java.io.File(((pathPrefix + java.lang.Integer.toString(counter)) + .png)): null

2018-11-27 16:55:30 - [TEST_STEP][PASSED] - Statement - counter = counter + 1: null

2018-11-27 16:55:30 - [TEST_STEP][PASSED] - Statement - PreSaveFile = new java.io.File(((pathPrefix + java.lang.Integer.toString(counter)) + .png)): null

2018-11-27 16:55:30 - [TEST_STEP][PASSED] - Statement - counter = counter + 1: null

2018-11-27 16:55:30 - [TEST_STEP][PASSED] - Statement - PreSaveFile = new java.io.File(((pathPrefix + java.lang.Integer.toString(counter)) + .png)): null

2018-11-27 16:55:30 - [TEST_STEP][PASSED] - Statement - counter = counter + 1: null

2018-11-27 16:55:30 - [TEST_STEP][PASSED] - Statement - PreSaveFile = new java.io.File(((pathPrefix + java.lang.Integer.toString(counter)) + .png)): null

2018-11-27 16:55:30 - [TEST_STEP][PASSED] - Statement - counter = counter + 1: null

2018-11-27 16:55:30 - [TEST_STEP][PASSED] - Statement - PreSaveFile = new java.io.File(((pathPrefix + java.lang.Integer.toString(counter)) + .png)): null

2018-11-27 16:55:30 - [TEST_STEP][PASSED] - Statement - counter = counter + 1: null

2018-11-27 16:55:30 - [TEST_STEP][PASSED] - Statement - PreSaveFile = new java.io.File(((pathPrefix + java.lang.Integer.toString(counter)) + .png)): null

2018-11-27 16:55:30 - [TEST_STEP][PASSED] - Statement - counter = counter + 1: null

2018-11-27 16:55:30 - [TEST_STEP][PASSED] - Statement - PreSaveFile = new java.io.File(((pathPrefix + java.lang.Integer.toString(counter)) + .png)): null

2018-11-27 16:55:30 - [TEST_STEP][PASSED] - Statement - counter = counter + 1: null

2018-11-27 16:55:30 - [TEST_STEP][PASSED] - Statement - PreSaveFile = new java.io.File(((pathPrefix + java.lang.Integer.toString(counter)) + .png)): null

2018-11-27 16:55:30 - [TEST_STEP][PASSED] - Statement - counter = counter + 1: null

2018-11-27 16:55:30 - [TEST_STEP][PASSED] - Statement - PreSaveFile = new java.io.File(((pathPrefix + java.lang.Integer.toString(counter)) + .png)): null

2018-11-27 16:55:30 - [TEST_STEP][PASSED] - Statement - counter = counter + 1: null

2018-11-27 16:55:30 - [TEST_STEP][PASSED] - Statement - PreSaveFile = new java.io.File(((pathPrefix + java.lang.Integer.toString(counter)) + .png)): null

2018-11-27 16:55:30 - [TEST_STEP][PASSED] - Statement - counter = counter + 1: null

2018-11-27 16:55:30 - [TEST_STEP][PASSED] - Statement - PreSaveFile = new java.io.File(((pathPrefix + java.lang.Integer.toString(counter)) + .png)): null

2018-11-27 16:55:30 - [TEST_STEP][PASSED] - Statement - counter = counter + 1: null

2018-11-27 16:55:30 - [TEST_STEP][PASSED] - Statement - PreSaveFile = new java.io.File(((pathPrefix + java.lang.Integer.toString(counter)) + .png)): null

2018-11-27 16:55:30 - [TEST_STEP][PASSED] - Statement - counter = counter + 1: null

2018-11-27 16:55:30 - [TEST_STEP][PASSED] - Statement - PreSaveFile = new java.io.File(((pathPrefix + java.lang.Integer.toString(counter)) + .png)): null

2018-11-27 16:55:30 - [TEST_STEP][PASSED] - Statement - counter = counter + 1: null

2018-11-27 16:55:30 - [TEST_STEP][PASSED] - Statement - PreSaveFile = new java.io.File(((pathPrefix + java.lang.Integer.toString(counter)) + .png)): null

2018-11-27 16:55:30 - [TEST_STEP][PASSED] - Statement - counter = counter + 1: null

2018-11-27 16:55:30 - [TEST_STEP][PASSED] - Statement - PreSaveFile = new java.io.File(((pathPrefix + java.lang.Integer.toString(counter)) + .png)): null

2018-11-27 16:55:30 - [TEST_STEP][PASSED] - Statement - counter = counter + 1: null

2018-11-27 16:55:30 - [TEST_STEP][PASSED] - Statement - PreSaveFile = new java.io.File(((pathPrefix + java.lang.Integer.toString(counter)) + .png)): null

2018-11-27 16:55:30 - [TEST_STEP][PASSED] - Statement - counter = counter + 1: null

2018-11-27 16:55:30 - [TEST_STEP][PASSED] - Statement - PreSaveFile = new java.io.File(((pathPrefix + java.lang.Integer.toString(counter)) + .png)): null

2018-11-27 16:55:30 - [TEST_STEP][PASSED] - Statement - counter = counter + 1: null

2018-11-27 16:55:30 - [TEST_STEP][PASSED] - Statement - PreSaveFile = new java.io.File(((pathPrefix + java.lang.Integer.toString(counter)) + .png)): null

2018-11-27 16:55:30 - [TEST_STEP][PASSED] - Statement - counter = counter + 1: null

2018-11-27 16:55:30 - [TEST_STEP][PASSED] - Statement - PreSaveFile = new java.io.File(((pathPrefix + java.lang.Integer.toString(counter)) + .png)): null

2018-11-27 16:55:30 - [TEST_STEP][PASSED] - Statement - counter = counter + 1: null

2018-11-27 16:55:30 - [TEST_STEP][PASSED] - Statement - PreSaveFile = new java.io.File(((pathPrefix + java.lang.Integer.toString(counter)) + .png)): null

2018-11-27 16:55:30 - [TEST_STEP][PASSED] - Statement - counter = counter + 1: null

2018-11-27 16:55:30 - [TEST_STEP][PASSED] - Statement - PreSaveFile = new java.io.File(((pathPrefix + java.lang.Integer.toString(counter)) + .png)): null

2018-11-27 16:55:30 - [TEST_STEP][PASSED] - Statement - counter = counter + 1: null

2018-11-27 16:55:30 - [TEST_STEP][PASSED] - Statement - PreSaveFile = new java.io.File(((pathPrefix + java.lang.Integer.toString(counter)) + .png)): null

2018-11-27 16:55:30 - [TEST_STEP][PASSED] - Statement - counter = counter + 1: null

2018-11-27 16:55:30 - [TEST_STEP][PASSED] - Statement - PreSaveFile = new java.io.File(((pathPrefix + java.lang.Integer.toString(counter)) + .png)): null

2018-11-27 16:55:30 - [TEST_STEP][PASSED] - Statement - counter = counter + 1: null

2018-11-27 16:55:30 - [TEST_STEP][PASSED] - Statement - PreSaveFile = new java.io.File(((pathPrefix + java.lang.Integer.toString(counter)) + .png)): null

2018-11-27 16:55:30 - [TEST_STEP][PASSED] - Statement - counter = counter + 1: null

2018-11-27 16:55:30 - [TEST_STEP][PASSED] - Statement - PreSaveFile = new java.io.File(((pathPrefix + java.lang.Integer.toString(counter)) + .png)): null

2018-11-27 16:55:30 - [TEST_STEP][PASSED] - Statement - counter = counter + 1: null

2018-11-27 16:55:30 - [TEST_STEP][PASSED] - Statement - PreSaveFile = new java.io.File(((pathPrefix + java.lang.Integer.toString(counter)) + .png)): null

2018-11-27 16:55:30 - [TEST_STEP][PASSED] - Statement - counter = counter + 1: null

2018-11-27 16:55:31 - [TEST_STEP][PASSED] - Statement - PreSaveFile = new java.io.File(((pathPrefix + java.lang.Integer.toString(counter)) + .png)): null

2018-11-27 16:55:31 - [TEST_STEP][PASSED] - Statement - counter = counter + 1: null

2018-11-27 16:55:31 - [TEST_STEP][PASSED] - Statement - PreSaveFile = new java.io.File(((pathPrefix + java.lang.Integer.toString(counter)) + .png)): null

2018-11-27 16:55:31 - [TEST_STEP][PASSED] - Statement - counter = counter + 1: null

2018-11-27 16:55:31 - [TEST_STEP][PASSED] - Statement - PreSaveFile = new java.io.File(((pathPrefix + java.lang.Integer.toString(counter)) + .png)): null

2018-11-27 16:55:31 - [TEST_STEP][PASSED] - Statement - counter = counter + 1: null

2018-11-27 16:55:31 - [TEST_STEP][PASSED] - Statement - PreSaveFile = new java.io.File(((pathPrefix + java.lang.Integer.toString(counter)) + .png)): null

2018-11-27 16:55:31 - [TEST_STEP][PASSED] - Statement - counter = counter + 1: null

2018-11-27 16:55:31 - [TEST_STEP][PASSED] - Statement - PreSaveFile = new java.io.File(((pathPrefix + java.lang.Integer.toString(counter)) + .png)): null

2018-11-27 16:55:31 - [TEST_STEP][PASSED] - Statement - counter = counter + 1: null

2018-11-27 16:55:31 - [TEST_STEP][PASSED] - Statement - PreSaveFile = new java.io.File(((pathPrefix + java.lang.Integer.toString(counter)) + .png)): null

2018-11-27 16:55:31 - [TEST_STEP][PASSED] - Statement - counter = counter + 1: null

2018-11-27 16:55:31 - [TEST_STEP][PASSED] - Statement - PreSaveFile = new java.io.File(((pathPrefix + java.lang.Integer.toString(counter)) + .png)): null

2018-11-27 16:55:31 - [TEST_STEP][PASSED] - Statement - counter = counter + 1: null

2018-11-27 16:55:31 - [TEST_STEP][PASSED] - Statement - PreSaveFile = new java.io.File(((pathPrefix + java.lang.Integer.toString(counter)) + .png)): null

2018-11-27 16:55:31 - [TEST_STEP][PASSED] - Statement - counter = counter + 1: null

2018-11-27 16:55:31 - [TEST_STEP][PASSED] - Statement - PreSaveFile = new java.io.File(((pathPrefix + java.lang.Integer.toString(counter)) + .png)): null

2018-11-27 16:55:31 - [TEST_STEP][PASSED] - Statement - counter = counter + 1: null

2018-11-27 16:55:31 - [TEST_STEP][PASSED] - Statement - PreSaveFile = new java.io.File(((pathPrefix + java.lang.Integer.toString(counter)) + .png)): null

2018-11-27 16:55:31 - [TEST_STEP][PASSED] - Statement - counter = counter + 1: null

2018-11-27 16:55:31 - [TEST_STEP][PASSED] - Statement - PreSaveFile = new java.io.File(((pathPrefix + java.lang.Integer.toString(counter)) + .png)): null

2018-11-27 16:55:31 - [TEST_STEP][PASSED] - Statement - counter = counter + 1: null

2018-11-27 16:55:31 - [TEST_STEP][PASSED] - Statement - PreSaveFile = new java.io.File(((pathPrefix + java.lang.Integer.toString(counter)) + .png)): null

2018-11-27 16:55:31 - [TEST_STEP][PASSED] - Statement - counter = counter + 1: null

2018-11-27 16:55:31 - [TEST_STEP][PASSED] - Statement - PreSaveFile = new java.io.File(((pathPrefix + java.lang.Integer.toString(counter)) + .png)): null

2018-11-27 16:55:31 - [TEST_STEP][PASSED] - Statement - counter = counter + 1: null

2018-11-27 16:55:31 - [TEST_STEP][PASSED] - Statement - PreSaveFile = new java.io.File(((pathPrefix + java.lang.Integer.toString(counter)) + .png)): null

2018-11-27 16:55:31 - [TEST_STEP][PASSED] - Statement - counter = counter + 1: null

2018-11-27 16:55:31 - [TEST_STEP][PASSED] - Statement - PreSaveFile = new java.io.File(((pathPrefix + java.lang.Integer.toString(counter)) + .png)): null

2018-11-27 16:55:31 - [TEST_STEP][PASSED] - Statement - counter = counter + 1: null

2018-11-27 16:55:31 - [TEST_STEP][PASSED] - Statement - PreSaveFile = new java.io.File(((pathPrefix + java.lang.Integer.toString(counter)) + .png)): null

2018-11-27 16:55:31 - [TEST_STEP][PASSED] - Statement - counter = counter + 1: null

2018-11-27 16:55:31 - [TEST_STEP][PASSED] - Statement - PreSaveFile = new java.io.File(((pathPrefix + java.lang.Integer.toString(counter)) + .png)): null

2018-11-27 16:55:31 - [TEST_STEP][PASSED] - Statement - counter = counter + 1: null

2018-11-27 16:55:31 - [TEST_STEP][PASSED] - Statement - PreSaveFile = new java.io.File(((pathPrefix + java.lang.Integer.toString(counter)) + .png)): null

2018-11-27 16:55:31 - [TEST_STEP][PASSED] - Statement - counter = counter + 1: null

2018-11-27 16:55:31 - [TEST_STEP][PASSED] - Statement - PreSaveFile = new java.io.File(((pathPrefix + java.lang.Integer.toString(counter)) + .png)): null

2018-11-27 16:55:31 - [TEST_STEP][PASSED] - Statement - counter = counter + 1: null

2018-11-27 16:55:31 - [TEST_STEP][PASSED] - Statement - PreSaveFile = new java.io.File(((pathPrefix + java.lang.Integer.toString(counter)) + .png)): null

2018-11-27 16:55:31 - [TEST_STEP][PASSED] - Statement - counter = counter + 1: null

2018-11-27 16:55:31 - [TEST_STEP][PASSED] - Statement - PreSaveFile = new java.io.File(((pathPrefix + java.lang.Integer.toString(counter)) + .png)): null

2018-11-27 16:55:31 - [TEST_STEP][PASSED] - Statement - counter = counter + 1: null

2018-11-27 16:55:31 - [TEST_STEP][PASSED] - Statement - PreSaveFile = new java.io.File(((pathPrefix + java.lang.Integer.toString(counter)) + .png)): null

2018-11-27 16:55:31 - [TEST_STEP][PASSED] - Statement - counter = counter + 1: null

2018-11-27 16:55:31 - [TEST_STEP][PASSED] - Statement - PreSaveFile = new java.io.File(((pathPrefix + java.lang.Integer.toString(counter)) + .png)): null

2018-11-27 16:55:31 - [TEST_STEP][PASSED] - Statement - counter = counter + 1: null

2018-11-27 16:55:31 - [TEST_STEP][PASSED] - Statement - PreSaveFile = new java.io.File(((pathPrefix + java.lang.Integer.toString(counter)) + .png)): null

2018-11-27 16:55:31 - [TEST_STEP][PASSED] - Statement - counter = counter + 1: null

2018-11-27 16:55:31 - [TEST_STEP][PASSED] - Statement - PreSaveFile = new java.io.File(((pathPrefix + java.lang.Integer.toString(counter)) + .png)): null

2018-11-27 16:55:31 - [TEST_STEP][PASSED] - Statement - counter = counter + 1: null

2018-11-27 16:55:31 - [TEST_STEP][PASSED] - Statement - PreSaveFile = new java.io.File(((pathPrefix + java.lang.Integer.toString(counter)) + .png)): null

2018-11-27 16:55:31 - [TEST_STEP][PASSED] - Statement - counter = counter + 1: null

2018-11-27 16:55:31 - [TEST_STEP][PASSED] - Statement - PreSaveFile = new java.io.File(((pathPrefix + java.lang.Integer.toString(counter)) + .png)): null

2018-11-27 16:55:31 - [TEST_STEP][PASSED] - Statement - counter = counter + 1: null

2018-11-27 16:55:31 - [TEST_STEP][PASSED] - Statement - PreSaveFile = new java.io.File(((pathPrefix + java.lang.Integer.toString(counter)) + .png)): null

2018-11-27 16:55:31 - [TEST_STEP][PASSED] - Statement - counter = counter + 1: null

2018-11-27 16:55:31 - [TEST_STEP][PASSED] - Statement - PreSaveFile = new java.io.File(((pathPrefix + java.lang.Integer.toString(counter)) + .png)): null

2018-11-27 16:55:31 - [TEST_STEP][PASSED] - Statement - counter = counter + 1: null

2018-11-27 16:55:31 - [TEST_STEP][PASSED] - Statement - PreSaveFile = new java.io.File(((pathPrefix + java.lang.Integer.toString(counter)) + .png)): null

2018-11-27 16:55:31 - [TEST_STEP][PASSED] - Statement - counter = counter + 1: null

2018-11-27 16:55:31 - [TEST_STEP][PASSED] - Statement - PreSaveFile = new java.io.File(((pathPrefix + java.lang.Integer.toString(counter)) + .png)): null

2018-11-27 16:55:31 - [TEST_STEP][PASSED] - Statement - counter = counter + 1: null

2018-11-27 16:55:31 - [TEST_STEP][PASSED] - Statement - PreSaveFile = new java.io.File(((pathPrefix + java.lang.Integer.toString(counter)) + .png)): null

2018-11-27 16:55:31 - [TEST_STEP][PASSED] - Statement - counter = counter + 1: null

2018-11-27 16:55:31 - [TEST_STEP][PASSED] - Statement - PreSaveFile = new java.io.File(((pathPrefix + java.lang.Integer.toString(counter)) + .png)): null

2018-11-27 16:55:31 - [TEST_STEP][PASSED] - Statement - counter = counter + 1: null

2018-11-27 16:55:31 - [TEST_STEP][PASSED] - Statement - PreSaveFile = new java.io.File(((pathPrefix + java.lang.Integer.toString(counter)) + .png)): null

2018-11-27 16:55:31 - [TEST_STEP][PASSED] - Statement - counter = counter + 1: null

2018-11-27 16:55:31 - [TEST_STEP][PASSED] - Statement - PreSaveFile = new java.io.File(((pathPrefix + java.lang.Integer.toString(counter)) + .png)): null

2018-11-27 16:55:31 - [TEST_STEP][PASSED] - Statement - counter = counter + 1: null

2018-11-27 16:55:31 - [TEST_STEP][PASSED] - Statement - PreSaveFile = new java.io.File(((pathPrefix + java.lang.Integer.toString(counter)) + .png)): null

2018-11-27 16:55:31 - [TEST_STEP][PASSED] - Statement - counter = counter + 1: null

2018-11-27 16:55:31 - [TEST_STEP][PASSED] - Statement - PreSaveFile = new java.io.File(((pathPrefix + java.lang.Integer.toString(counter)) + .png)): null

2018-11-27 16:55:31 - [TEST_STEP][PASSED] - Statement - counter = counter + 1: null

2018-11-27 16:55:31 - [TEST_STEP][PASSED] - Statement - PreSaveFile = new java.io.File(((pathPrefix + java.lang.Integer.toString(counter)) + .png)): null

2018-11-27 16:55:31 - [TEST_STEP][PASSED] - Statement - counter = counter + 1: null

2018-11-27 16:55:31 - [TEST_STEP][PASSED] - Statement - PreSaveFile = new java.io.File(((pathPrefix + java.lang.Integer.toString(counter)) + .png)): null

2018-11-27 16:55:31 - [TEST_STEP][PASSED] - Statement - counter = counter + 1: null

2018-11-27 16:55:31 - [TEST_STEP][PASSED] - Statement - PreSaveFile = new java.io.File(((pathPrefix + java.lang.Integer.toString(counter)) + .png)): null

2018-11-27 16:55:31 - [TEST_STEP][PASSED] - Statement - counter = counter + 1: null

2018-11-27 16:55:31 - [TEST_STEP][PASSED] - Statement - PreSaveFile = new java.io.File(((pathPrefix + java.lang.Integer.toString(counter)) + .png)): null

2018-11-27 16:55:31 - [TEST_STEP][PASSED] - Statement - counter = counter + 1: null

2018-11-27 16:55:31 - [TEST_STEP][PASSED] - Statement - PreSaveFile = new java.io.File(((pathPrefix + java.lang.Integer.toString(counter)) + .png)): null

2018-11-27 16:55:31 - [TEST_STEP][PASSED] - Statement - counter = counter + 1: null

2018-11-27 16:55:31 - [TEST_STEP][PASSED] - Statement - PreSaveFile = new java.io.File(((pathPrefix + java.lang.Integer.toString(counter)) + .png)): null

2018-11-27 16:55:31 - [TEST_STEP][PASSED] - Statement - counter = counter + 1: null

2018-11-27 16:55:31 - [TEST_STEP][PASSED] - Statement - PreSaveFile = new java.io.File(((pathPrefix + java.lang.Integer.toString(counter)) + .png)): null

2018-11-27 16:55:31 - [TEST_STEP][PASSED] - Statement - counter = counter + 1: null

2018-11-27 16:55:31 - [TEST_STEP][PASSED] - Statement - PreSaveFile = new java.io.File(((pathPrefix + java.lang.Integer.toString(counter)) + .png)): null

2018-11-27 16:55:31 - [TEST_STEP][PASSED] - Statement - counter = counter + 1: null

2018-11-27 16:55:31 - [TEST_STEP][PASSED] - Statement - PreSaveFile = new java.io.File(((pathPrefix + java.lang.Integer.toString(counter)) + .png)): null

2018-11-27 16:55:31 - [TEST_STEP][PASSED] - Statement - counter = counter + 1: null

2018-11-27 16:55:31 - [TEST_STEP][PASSED] - Statement - PreSaveFile = new java.io.File(((pathPrefix + java.lang.Integer.toString(counter)) + .png)): null

2018-11-27 16:55:31 - [TEST_STEP][PASSED] - Statement - counter = counter + 1: null

2018-11-27 16:55:31 - [TEST_STEP][PASSED] - Statement - PreSaveFile = new java.io.File(((pathPrefix + java.lang.Integer.toString(counter)) + .png)): null

2018-11-27 16:55:31 - [TEST_STEP][PASSED] - Statement - counter = counter + 1: null

2018-11-27 16:55:31 - [TEST_STEP][PASSED] - Statement - PreSaveFile = new java.io.File(((pathPrefix + java.lang.Integer.toString(counter)) + .png)): null

2018-11-27 16:55:31 - [TEST_STEP][PASSED] - Statement - counter = counter + 1: null

2018-11-27 16:55:31 - [TEST_STEP][PASSED] - Statement - PreSaveFile = new java.io.File(((pathPrefix + java.lang.Integer.toString(counter)) + .png)): null

2018-11-27 16:55:31 - [TEST_STEP][PASSED] - Statement - counter = counter + 1: null

2018-11-27 16:55:31 - [TEST_STEP][PASSED] - Statement - PreSaveFile = new java.io.File(((pathPrefix + java.lang.Integer.toString(counter)) + .png)): null

2018-11-27 16:55:31 - [TEST_STEP][PASSED] - Statement - counter = counter + 1: null

2018-11-27 16:55:31 - [TEST_STEP][PASSED] - Statement - PreSaveFile = new java.io.File(((pathPrefix + java.lang.Integer.toString(counter)) + .png)): null

2018-11-27 16:55:31 - [TEST_STEP][PASSED] - Statement - counter = counter + 1: null

2018-11-27 16:55:31 - [TEST_STEP][PASSED] - Statement - PreSaveFile = new java.io.File(((pathPrefix + java.lang.Integer.toString(counter)) + .png)): null

2018-11-27 16:55:31 - [TEST_STEP][PASSED] - Statement - counter = counter + 1: null

2018-11-27 16:55:31 - [TEST_STEP][PASSED] - Statement - PreSaveFile = new java.io.File(((pathPrefix + java.lang.Integer.toString(counter)) + .png)): null

2018-11-27 16:55:31 - [TEST_STEP][PASSED] - Statement - counter = counter + 1: null

2018-11-27 16:55:31 - [TEST_STEP][PASSED] - Statement - PreSaveFile = new java.io.File(((pathPrefix + java.lang.Integer.toString(counter)) + .png)): null

2018-11-27 16:55:31 - [TEST_STEP][PASSED] - Statement - counter = counter + 1: null

2018-11-27 16:55:31 - [TEST_STEP][PASSED] - Statement - PreSaveFile = new java.io.File(((pathPrefix + java.lang.Integer.toString(counter)) + .png)): null

2018-11-27 16:55:31 - [TEST_STEP][PASSED] - Statement - counter = counter + 1: null

2018-11-27 16:55:31 - [TEST_STEP][PASSED] - Statement - PreSaveFile = new java.io.File(((pathPrefix + java.lang.Integer.toString(counter)) + .png)): null

2018-11-27 16:55:31 - [TEST_STEP][PASSED] - Statement - counter = counter + 1: null

2018-11-27 16:55:31 - [TEST_STEP][PASSED] - Statement - PreSaveFile = new java.io.File(((pathPrefix + java.lang.Integer.toString(counter)) + .png)): null

2018-11-27 16:55:31 - [TEST_STEP][PASSED] - Statement - counter = counter + 1: null

2018-11-27 16:55:31 - [TEST_STEP][PASSED] - Statement - PreSaveFile = new java.io.File(((pathPrefix + java.lang.Integer.toString(counter)) + .png)): null

2018-11-27 16:55:31 - [TEST_STEP][PASSED] - Statement - counter = counter + 1: null

2018-11-27 16:55:31 - [TEST_STEP][PASSED] - Statement - PreSaveFile = new java.io.File(((pathPrefix + java.lang.Integer.toString(counter)) + .png)): null

2018-11-27 16:55:31 - [TEST_STEP][PASSED] - Statement - counter = counter + 1: null

2018-11-27 16:55:31 - [TEST_STEP][PASSED] - Statement - PreSaveFile = new java.io.File(((pathPrefix + java.lang.Integer.toString(counter)) + .png)): null

2018-11-27 16:55:31 - [TEST_STEP][PASSED] - Statement - counter = counter + 1: null

2018-11-27 16:55:31 - [TEST_STEP][PASSED] - Statement - PreSaveFile = new java.io.File(((pathPrefix + java.lang.Integer.toString(counter)) + .png)): null

2018-11-27 16:55:31 - [TEST_STEP][PASSED] - Statement - counter = counter + 1: null

2018-11-27 16:55:31 - [TEST_STEP][PASSED] - Statement - PreSaveFile = new java.io.File(((pathPrefix + java.lang.Integer.toString(counter)) + .png)): null

2018-11-27 16:55:31 - [TEST_STEP][PASSED] - Statement - counter = counter + 1: null

2018-11-27 16:55:31 - [TEST_STEP][PASSED] - Statement - PreSaveFile = new java.io.File(((pathPrefix + java.lang.Integer.toString(counter)) + .png)): null

2018-11-27 16:55:31 - [TEST_STEP][PASSED] - Statement - counter = counter + 1: null

2018-11-27 16:55:31 - [TEST_STEP][PASSED] - Statement - PreSaveFile = new java.io.File(((pathPrefix + java.lang.Integer.toString(counter)) + .png)): null

2018-11-27 16:55:31 - [TEST_STEP][PASSED] - Statement - counter = counter + 1: null

2018-11-27 16:55:31 - [TEST_STEP][PASSED] - Statement - PreSaveFile = new java.io.File(((pathPrefix + java.lang.Integer.toString(counter)) + .png)): null

2018-11-27 16:55:31 - [TEST_STEP][PASSED] - Statement - counter = counter + 1: null

2018-11-27 16:55:31 - [TEST_STEP][PASSED] - Statement - PreSaveFile = new java.io.File(((pathPrefix + java.lang.Integer.toString(counter)) + .png)): null

2018-11-27 16:55:31 - [TEST_STEP][PASSED] - Statement - counter = counter + 1: null

2018-11-27 16:55:31 - [TEST_STEP][PASSED] - Statement - PreSaveFile = new java.io.File(((pathPrefix + java.lang.Integer.toString(counter)) + .png)): null

2018-11-27 16:55:31 - [TEST_STEP][PASSED] - Statement - counter = counter + 1: null

2018-11-27 16:55:31 - [TEST_STEP][PASSED] - Statement - PreSaveFile = new java.io.File(((pathPrefix + java.lang.Integer.toString(counter)) + .png)): null

2018-11-27 16:55:31 - [TEST_STEP][PASSED] - Statement - counter = counter + 1: null

2018-11-27 16:55:31 - [TEST_STEP][PASSED] - Statement - PreSaveFile = new java.io.File(((pathPrefix + java.lang.Integer.toString(counter)) + .png)): null

2018-11-27 16:55:31 - [TEST_STEP][PASSED] - Statement - counter = counter + 1: null

2018-11-27 16:55:31 - [TEST_STEP][PASSED] - Statement - PreSaveFile = new java.io.File(((pathPrefix + java.lang.Integer.toString(counter)) + .png)): null

2018-11-27 16:55:31 - [TEST_STEP][PASSED] - Statement - counter = counter + 1: null

2018-11-27 16:55:31 - [TEST_STEP][PASSED] - Statement - PreSaveFile = new java.io.File(((pathPrefix + java.lang.Integer.toString(counter)) + .png)): null

2018-11-27 16:55:31 - [TEST_STEP][PASSED] - Statement - counter = counter + 1: null

2018-11-27 16:55:31 - [TEST_STEP][PASSED] - Statement - PreSaveFile = new java.io.File(((pathPrefix + java.lang.Integer.toString(counter)) + .png)): null

2018-11-27 16:55:31 - [TEST_STEP][PASSED] - Statement - counter = counter + 1: null

2018-11-27 16:55:31 - [TEST_STEP][PASSED] - Statement - PreSaveFile = new java.io.File(((pathPrefix + java.lang.Integer.toString(counter)) + .png)): null

2018-11-27 16:55:31 - [TEST_STEP][PASSED] - Statement - counter = counter + 1: null

2018-11-27 16:55:31 - [TEST_STEP][PASSED] - Statement - PreSaveFile = new java.io.File(((pathPrefix + java.lang.Integer.toString(counter)) + .png)): null

2018-11-27 16:55:31 - [TEST_STEP][PASSED] - Statement - counter = counter + 1: null

2018-11-27 16:55:31 - [TEST_STEP][PASSED] - Statement - PreSaveFile = new java.io.File(((pathPrefix + java.lang.Integer.toString(counter)) + .png)): null

2018-11-27 16:55:31 - [TEST_STEP][PASSED] - Statement - counter = counter + 1: null

2018-11-27 16:55:31 - [TEST_STEP][PASSED] - Statement - PreSaveFile = new java.io.File(((pathPrefix + java.lang.Integer.toString(counter)) + .png)): null

2018-11-27 16:55:31 - [TEST_STEP][PASSED] - Statement - counter = counter + 1: null

2018-11-27 16:55:31 - [TEST_STEP][PASSED] - Statement - PreSaveFile = new java.io.File(((pathPrefix + java.lang.Integer.toString(counter)) + .png)): null

2018-11-27 16:55:31 - [TEST_STEP][PASSED] - Statement - counter = counter + 1: null

2018-11-27 16:55:31 - [TEST_STEP][PASSED] - Statement - PreSaveFile = new java.io.File(((pathPrefix + java.lang.Integer.toString(counter)) + .png)): null

2018-11-27 16:55:31 - [TEST_STEP][PASSED] - Statement - counter = counter + 1: null

2018-11-27 16:55:31 - [TEST_STEP][PASSED] - Statement - PreSaveFile = new java.io.File(((pathPrefix + java.lang.Integer.toString(counter)) + .png)): null

2018-11-27 16:55:31 - [TEST_STEP][PASSED] - Statement - counter = counter + 1: null

2018-11-27 16:55:31 - [TEST_STEP][PASSED] - Statement - PreSaveFile = new java.io.File(((pathPrefix + java.lang.Integer.toString(counter)) + .png)): null

2018-11-27 16:55:31 - [TEST_STEP][PASSED] - Statement - counter = counter + 1: null

2018-11-27 16:55:31 - [TEST_STEP][PASSED] - Statement - PreSaveFile = new java.io.File(((pathPrefix + java.lang.Integer.toString(counter)) + .png)): null

2018-11-27 16:55:31 - [TEST_STEP][PASSED] - Statement - counter = counter + 1: null

2018-11-27 16:55:31 - [TEST_STEP][PASSED] - Statement - PreSaveFile = new java.io.File(((pathPrefix + java.lang.Integer.toString(counter)) + .png)): null

2018-11-27 16:55:31 - [TEST_STEP][PASSED] - Statement - counter = counter + 1: null

2018-11-27 16:55:31 - [TEST_STEP][PASSED] - Statement - PreSaveFile = new java.io.File(((pathPrefix + java.lang.Integer.toString(counter)) + .png)): null

2018-11-27 16:55:31 - [TEST_STEP][PASSED] - Statement - counter = counter + 1: null

2018-11-27 16:55:31 - [TEST_STEP][PASSED] - Statement - PreSaveFile = new java.io.File(((pathPrefix + java.lang.Integer.toString(counter)) + .png)): null

2018-11-27 16:55:31 - [TEST_STEP][PASSED] - Statement - counter = counter + 1: null

2018-11-27 16:55:31 - [TEST_STEP][PASSED] - Statement - PreSaveFile = new java.io.File(((pathPrefix + java.lang.Integer.toString(counter)) + .png)): null

2018-11-27 16:55:31 - [TEST_STEP][PASSED] - Statement - counter = counter + 1: null

2018-11-27 16:55:31 - [TEST_STEP][PASSED] - Statement - PreSaveFile = new java.io.File(((pathPrefix + java.lang.Integer.toString(counter)) + .png)): null

2018-11-27 16:55:31 - [TEST_STEP][PASSED] - Statement - counter = counter + 1: null

2018-11-27 16:55:31 - [TEST_STEP][PASSED] - Statement - PreSaveFile = new java.io.File(((pathPrefix + java.lang.Integer.toString(counter)) + .png)): null

2018-11-27 16:55:31 - [TEST_STEP][PASSED] - Statement - counter = counter + 1: null

2018-11-27 16:55:31 - [TEST_STEP][PASSED] - Statement - PreSaveFile = new java.io.File(((pathPrefix + java.lang.Integer.toString(counter)) + .png)): null

2018-11-27 16:55:31 - [TEST_STEP][PASSED] - Statement - counter = counter + 1: null

2018-11-27 16:55:31 - [TEST_STEP][PASSED] - Statement - PreSaveFile = new java.io.File(((pathPrefix + java.lang.Integer.toString(counter)) + .png)): null

2018-11-27 16:55:31 - [TEST_STEP][PASSED] - Statement - counter = counter + 1: null

2018-11-27 16:55:31 - [TEST_STEP][PASSED] - Statement - PreSaveFile = new java.io.File(((pathPrefix + java.lang.Integer.toString(counter)) + .png)): null

2018-11-27 16:55:31 - [TEST_STEP][PASSED] - Statement - counter = counter + 1: null

2018-11-27 16:55:31 - [TEST_STEP][PASSED] - Statement - PreSaveFile = new java.io.File(((pathPrefix + java.lang.Integer.toString(counter)) + .png)): null

2018-11-27 16:55:31 - [TEST_STEP][PASSED] - Statement - counter = counter + 1: null

2018-11-27 16:55:31 - [TEST_STEP][PASSED] - Statement - PreSaveFile = new java.io.File(((pathPrefix + java.lang.Integer.toString(counter)) + .png)): null

2018-11-27 16:55:31 - [TEST_STEP][PASSED] - Statement - counter = counter + 1: null

2018-11-27 16:55:31 - [TEST_STEP][PASSED] - Statement - PreSaveFile = new java.io.File(((pathPrefix + java.lang.Integer.toString(counter)) + .png)): null

2018-11-27 16:55:31 - [TEST_STEP][PASSED] - Statement - counter = counter + 1: null

2018-11-27 16:55:31 - [TEST_STEP][PASSED] - Statement - PreSaveFile = new java.io.File(((pathPrefix + java.lang.Integer.toString(counter)) + .png)): null

2018-11-27 16:55:31 - [TEST_STEP][PASSED] - Statement - counter = counter + 1: null

2018-11-27 16:55:31 - [TEST_STEP][PASSED] - Statement - PreSaveFile = new java.io.File(((pathPrefix + java.lang.Integer.toString(counter)) + .png)): null

2018-11-27 16:55:31 - [TEST_STEP][PASSED] - Statement - counter = counter + 1: null

2018-11-27 16:55:31 - [TEST_STEP][PASSED] - Statement - PreSaveFile = new java.io.File(((pathPrefix + java.lang.Integer.toString(counter)) + .png)): null

2018-11-27 16:55:31 - [TEST_STEP][PASSED] - Statement - finalPath = pathPrefix + java.lang.Integer.toString(counter) + ".png": null

2018-11-27 16:55:31 - [TEST_STEP][PASSED] - Statement - SaveFile = new java.io.File(finalPath): null

2018-11-27 16:55:31 - [TEST_STEP][PASSED] - Statement - Try: null

2018-11-27 16:55:31 - [TEST_STEP][PASSED] - Statement - org.apache.commons.io.FileUtils.copyFile(scrFile, SaveFile): null

2018-11-27 16:55:31 - [TEST_STEP][PASSED] - Statement - out.println("file kept"): null

2018-11-27 16:55:31 - [TEST_STEP][PASSED] - delay: Delayed 10 second(s)

2018-11-27 16:55:41 - [MESSAGE][PASSED] - Delayed 10 second(s)

2018-11-27 16:55:41 - [MESSAGE][PASSED] - Call Test Case 'Test Cases/Final Aug 2018 - PKS Automation/Common/Screenshoting tool' successfully

2018-11-27 16:55:41 - [TEST_STEP][PASSED] - callTestCase: Call Test Case 'Test Cases/Final Aug 2018 - PKS Automation/Registration Module/Log Out/log out avoiding katalon tagging' successfully

2018-11-27 16:55:41 - [TEST_CASE][PASSED] - Test Cases/Final Aug 2018 - PKS Automation/Registration Module/Log Out/log out avoiding katalon tagging: Test Cases/Final Aug 2018 - PKS Automation/Registration Module/Log Out/log out avoiding katalon tagging

2018-11-27 16:55:41 - [TEST_STEP][PASSED] - navigateToUrl: Navigate to 'https://assist2-uat.perkeso.gov.my/c/portal/logout' successfully

2018-11-27 16:55:42 - [MESSAGE][PASSED] - Navigate to 'https://assist2-uat.perkeso.gov.my/c/portal/logout' successfully

2018-11-27 16:55:42 - [MESSAGE][PASSED] - Call Test Case 'Test Cases/Final Aug 2018 - PKS Automation/Registration Module/Log Out/log out avoiding katalon tagging' successfully

2018-11-27 16:55:42 - [TEST_STEP][FAILED] - callTestCase: Unable to call Test Case with id 'Test Cases/Final Aug 2018 - PKS Automation/Common/Workflow Owner Finder' (Root cause: Call Test Case 'Test Cases/Final Aug 2018 - PKS Automation/Common/Workflow Owner Finder' failed)

2018-11-27 16:55:42 - [TEST_CASE][FAILED] - Test Cases/Final Aug 2018 - PKS Automation/Common/Workflow Owner Finder: Test Cases/Final Aug 2018 - PKS Automation/Common/Workflow Owner Finder FAILED because (of) (Stack trace: com.kms.katalon.core.exception.StepFailedException: Unable to click on object 'Object Repository/Final Object Repo/Landing Page/Select to English' (Root cause: com.kms.katalon.core.webui.exception.WebElementNotFoundException: Web element with id: 'Object Repository/Final Object Repo/Landing Page/Select to English' located by 'By.xpath: //a[@class = 'taglib-language-list-text' and @lang = 'en-US' and (contains(text(), 'EN') or contains(., 'EN'))]' not found)
	at com.kms.katalon.core.keyword.internal.KeywordMain.stepFailed(KeywordMain.groovy:32)
	at com.kms.katalon.core.webui.keyword.internal.WebUIKeywordMain.stepFailed(WebUIKeywordMain.groovy:65)
	at com.kms.katalon.core.webui.keyword.internal.WebUIKeywordMain.runKeyword(WebUIKeywordMain.groovy:27)
	at com.kms.katalon.core.webui.keyword.builtin.ClickKeyword.click(ClickKeyword.groovy:86)
	at com.kms.katalon.core.webui.keyword.builtin.ClickKeyword.execute(ClickKeyword.groovy:67)
	at com.kms.katalon.core.keyword.internal.KeywordExecutor.executeKeywordForPlatform(KeywordExecutor.groovy:53)
	at com.kms.katalon.core.webui.keyword.WebUiBuiltInKeywords.click(WebUiBuiltInKeywords.groovy:604)
	at com.kms.katalon.core.webui.keyword.WebUiBuiltInKeywords$click$6.call(Unknown Source)
	at Script1534407542420.run(Script1534407542420.groovy:57)
	at com.kms.katalon.core.main.ScriptEngine.run(ScriptEngine.java:183)
	at com.kms.katalon.core.main.ScriptEngine.runScriptAsRawText(ScriptEngine.java:108)
	at com.kms.katalon.core.main.TestCaseExecutor.runScript(TestCaseExecutor.java:294)
	at com.kms.katalon.core.main.TestCaseExecutor.doExecute(TestCaseExecutor.java:285)
	at com.kms.katalon.core.main.TestCaseExecutor.processExecutionPhase(TestCaseExecutor.java:264)
	at com.kms.katalon.core.main.TestCaseExecutor.accessMainPhase(TestCaseExecutor.java:256)
	at com.kms.katalon.core.main.TestCaseExecutor.execute(TestCaseExecutor.java:200)
	at com.kms.katalon.core.main.TestCaseMain.runTestCase(TestCaseMain.java:99)
	at com.kms.katalon.core.keyword.builtin.CallTestCaseKeyword$_callTestCase_closure1.doCall(CallTestCaseKeyword.groovy:60)
	at com.kms.katalon.core.keyword.builtin.CallTestCaseKeyword$_callTestCase_closure1.call(CallTestCaseKeyword.groovy)
	at com.kms.katalon.core.keyword.internal.KeywordMain.runKeyword(KeywordMain.groovy:54)
	at com.kms.katalon.core.keyword.builtin.CallTestCaseKeyword.callTestCase(CallTestCaseKeyword.groovy:81)
	at com.kms.katalon.core.keyword.builtin.CallTestCaseKeyword.execute(CallTestCaseKeyword.groovy:45)
	at com.kms.katalon.core.keyword.internal.KeywordExecutor.executeKeywordForPlatform(KeywordExecutor.groovy:53)
	at com.kms.katalon.core.keyword.BuiltinKeywords.callTestCase(BuiltinKeywords.groovy:334)
	at sun.reflect.GeneratedMethodAccessor13.invoke(Unknown Source)
	at sun.reflect.DelegatingMethodAccessorImpl.invoke(DelegatingMethodAccessorImpl.java:43)
	at java.lang.reflect.Method.invoke(Method.java:498)
	at org.codehaus.groovy.reflection.CachedMethod.invoke(CachedMethod.java:93)
	at groovy.lang.MetaMethod.doMethodInvoke(MetaMethod.java:325)
	at groovy.lang.MetaClassImpl.invokeStaticMethod(MetaClassImpl.java:1469)
	at org.codehaus.groovy.runtime.callsite.StaticMetaClassSite.call(StaticMetaClassSite.java:53)
	at org.codehaus.groovy.runtime.callsite.CallSiteArray.defaultCall(CallSiteArray.java:48)
	at org.codehaus.groovy.runtime.callsite.AbstractCallSite.call(AbstractCallSite.java:113)
	at org.codehaus.groovy.runtime.callsite.AbstractCallSite.call(AbstractCallSite.java:141)
	at Script1536116100519.run(Script1536116100519.groovy:121)
	at com.kms.katalon.core.main.ScriptEngine.run(ScriptEngine.java:183)
	at com.kms.katalon.core.main.ScriptEngine.runScriptAsRawText(ScriptEngine.java:108)
	at com.kms.katalon.core.main.TestCaseExecutor.runScript(TestCaseExecutor.java:294)
	at com.kms.katalon.core.main.TestCaseExecutor.doExecute(TestCaseExecutor.java:285)
	at com.kms.katalon.core.main.TestCaseExecutor.processExecutionPhase(TestCaseExecutor.java:264)
	at com.kms.katalon.core.main.TestCaseExecutor.accessMainPhase(TestCaseExecutor.java:256)
	at com.kms.katalon.core.main.TestCaseExecutor.execute(TestCaseExecutor.java:200)
	at com.kms.katalon.core.main.TestSuiteExecutor.accessTestCaseMainPhase(TestSuiteExecutor.java:129)
	at com.kms.katalon.core.main.TestSuiteExecutor.accessTestSuiteMainPhase(TestSuiteExecutor.java:112)
	at com.kms.katalon.core.main.TestSuiteExecutor.execute(TestSuiteExecutor.java:81)
	at com.kms.katalon.core.main.TestCaseMain.startTestSuite(TestCaseMain.java:142)
	at com.kms.katalon.core.main.TestCaseMain$startTestSuite$0.call(Unknown Source)
	at org.codehaus.groovy.runtime.callsite.CallSiteArray.defaultCall(CallSiteArray.java:48)
	at org.codehaus.groovy.runtime.callsite.AbstractCallSite.call(AbstractCallSite.java:113)
	at org.codehaus.groovy.runtime.callsite.AbstractCallSite.call(AbstractCallSite.java:141)
	at TempTestSuite1543287057153.run(TempTestSuite1543287057153.groovy:36)
	at groovy.lang.GroovyShell.runScriptOrMainOrTestOrRunnable(GroovyShell.java:263)
	at groovy.lang.GroovyShell.run(GroovyShell.java:518)
	at groovy.lang.GroovyShell.run(GroovyShell.java:507)
	at groovy.ui.GroovyMain.processOnce(GroovyMain.java:653)
	at groovy.ui.GroovyMain.run(GroovyMain.java:384)
	at groovy.ui.GroovyMain.process(GroovyMain.java:370)
	at groovy.ui.GroovyMain.processArgs(GroovyMain.java:129)
	at groovy.ui.GroovyMain.main(GroovyMain.java:109)
	at sun.reflect.NativeMethodAccessorImpl.invoke0(Native Method)
	at sun.reflect.NativeMethodAccessorImpl.invoke(NativeMethodAccessorImpl.java:62)
	at sun.reflect.DelegatingMethodAccessorImpl.invoke(DelegatingMethodAccessorImpl.java:43)
	at java.lang.reflect.Method.invoke(Method.java:498)
	at org.codehaus.groovy.tools.GroovyStarter.rootLoader(GroovyStarter.java:109)
	at org.codehaus.groovy.tools.GroovyStarter.main(GroovyStarter.java:131)
)

2018-11-27 16:55:42 - [TEST_STEP][PASSED] - openBrowser: Browser is opened with url: ''

2018-11-27 16:55:42 - [MESSAGE][WARNING] - A browser is already opened. Closing browser and opening a new one

2018-11-27 16:55:47 - [MESSAGE][PASSED] - Browser is opened with url: ''

2018-11-27 16:55:47 - [TEST_STEP][PASSED] - navigateToUrl: Navigate to 'https://assist2-uat.perkeso.gov.my/login' successfully

2018-11-27 16:55:48 - [MESSAGE][PASSED] - Navigate to 'https://assist2-uat.perkeso.gov.my/login' successfully

2018-11-27 16:55:48 - [TEST_STEP][PASSED] - delay: Delayed 5 second(s)

2018-11-27 16:55:53 - [MESSAGE][PASSED] - Delayed 5 second(s)

2018-11-27 16:55:53 - [TEST_STEP][PASSED] - setText: Text 'test@liferay.com' is set on object 'Object Repository/Final Object Repo/Login Page/Internal User/Email Address'

2018-11-27 16:55:53 - [MESSAGE][PASSED] - Text 'test@liferay.com' is set on object 'Object Repository/Final Object Repo/Login Page/Internal User/Email Address'

2018-11-27 16:55:53 - [TEST_STEP][PASSED] - click: Object: 'Object Repository/Final Object Repo/Login Page/Internal User/Next Button' is clicked on

2018-11-27 16:55:54 - [MESSAGE][PASSED] - Object: 'Object Repository/Final Object Repo/Login Page/Internal User/Next Button' is clicked on

2018-11-27 16:55:54 - [TEST_STEP][PASSED] - delay: Delayed 2 second(s)

2018-11-27 16:55:56 - [MESSAGE][PASSED] - Delayed 2 second(s)

2018-11-27 16:55:56 - [TEST_STEP][PASSED] - setText: Text 'test' is set on object 'Object Repository/Final Object Repo/Login Page/Internal User/Password'

2018-11-27 16:55:56 - [MESSAGE][PASSED] - Text 'test' is set on object 'Object Repository/Final Object Repo/Login Page/Internal User/Password'

2018-11-27 16:55:56 - [TEST_STEP][PASSED] - delay: Delayed 2 second(s)

2018-11-27 16:55:58 - [MESSAGE][PASSED] - Delayed 2 second(s)

2018-11-27 16:55:58 - [TEST_STEP][PASSED] - click: Object: 'Object Repository/Final Object Repo/Login Page/Internal User/Login Button' is clicked on

2018-11-27 16:55:58 - [MESSAGE][PASSED] - Object: 'Object Repository/Final Object Repo/Login Page/Internal User/Login Button' is clicked on

2018-11-27 16:55:58 - [TEST_STEP][FAILED] - Statement - Try: Delayed 2 second(s)

2018-11-27 16:55:58 - [TEST_STEP][PASSED] - Statement - Checker = false: null

2018-11-27 16:55:58 - [TEST_STEP][PASSED] - Statement - Checker = com.kms.katalon.core.webui.keyword.WebUiBuiltInKeywords.verifyElementHasAttribute(com.kms.katalon.core.testobject.ObjectRepository.findTestObject(Final Object Repo/Landing Page/BM Detecting), "href", 20, OPTIONAL): Unable to verify if object 'Object Repository/Final Object Repo/Landing Page/BM Detecting' has attribute 'href' (Root cause: org.openqa.selenium.StaleElementReferenceException: stale element reference: element is not attached to the page document
  (Session info: chrome=70.0.3538.102)
  (Driver info: chromedriver=2.43.600210 (68dcf5eebde37173d4027fa8635e332711d2874a),platform=Windows NT 6.1.7601 SP1 x86_64) (WARNING: The server did not provide any stacktrace information)
Command duration or timeout: 0 milliseconds
For documentation on this error, please visit: http://seleniumhq.org/exceptions/stale_element_reference.html
Build info: version: '3.7.1', revision: '8a0099a', time: '2017-11-06T21:07:36.161Z'
System info: host: 'WIN7TEST02', ip: '10.20.3.72', os.name: 'Windows 7', os.arch: 'amd64', os.version: '6.1', java.version: '1.8.0_181'
Driver info: com.kms.katalon.selenium.driver.CChromeDriver
Capabilities {acceptInsecureCerts: false, acceptSslCerts: false, applicationCacheEnabled: false, browserConnectionEnabled: false, browserName: chrome, chrome: {chromedriverVersion: 2.43.600210 (68dcf5eebde371..., userDataDir: C:\Users\Admin\AppData\Loca...}, cssSelectorsEnabled: true, databaseEnabled: false, goog:chromeOptions: {debuggerAddress: localhost:64413}, handlesAlerts: true, hasTouchScreen: false, javascriptEnabled: true, locationContextEnabled: true, mobileEmulationEnabled: false, nativeEvents: true, networkConnectionEnabled: false, pageLoadStrategy: normal, platform: XP, platformName: XP, rotatable: false, setWindowRect: true, takesHeapSnapshot: true, takesScreenshot: true, unexpectedAlertBehaviour: , unhandledPromptBehavior: , version: 70.0.3538.102, webStorageEnabled: true}
Session ID: eac458b8846be0cdcbacdc4554ecfbbf)

2018-11-27 16:56:01 - [MESSAGE][WARNING] - Unable to verify if object 'Object Repository/Final Object Repo/Landing Page/BM Detecting' has attribute 'href' (Root cause: org.openqa.selenium.StaleElementReferenceException: stale element reference: element is not attached to the page document
  (Session info: chrome=70.0.3538.102)
  (Driver info: chromedriver=2.43.600210 (68dcf5eebde37173d4027fa8635e332711d2874a),platform=Windows NT 6.1.7601 SP1 x86_64) (WARNING: The server did not provide any stacktrace information)
Command duration or timeout: 0 milliseconds
For documentation on this error, please visit: http://seleniumhq.org/exceptions/stale_element_reference.html
Build info: version: '3.7.1', revision: '8a0099a', time: '2017-11-06T21:07:36.161Z'
System info: host: 'WIN7TEST02', ip: '10.20.3.72', os.name: 'Windows 7', os.arch: 'amd64', os.version: '6.1', java.version: '1.8.0_181'
Driver info: com.kms.katalon.selenium.driver.CChromeDriver
Capabilities {acceptInsecureCerts: false, acceptSslCerts: false, applicationCacheEnabled: false, browserConnectionEnabled: false, browserName: chrome, chrome: {chromedriverVersion: 2.43.600210 (68dcf5eebde371..., userDataDir: C:\Users\Admin\AppData\Loca...}, cssSelectorsEnabled: true, databaseEnabled: false, goog:chromeOptions: {debuggerAddress: localhost:64413}, handlesAlerts: true, hasTouchScreen: false, javascriptEnabled: true, locationContextEnabled: true, mobileEmulationEnabled: false, nativeEvents: true, networkConnectionEnabled: false, pageLoadStrategy: normal, platform: XP, platformName: XP, rotatable: false, setWindowRect: true, takesHeapSnapshot: true, takesScreenshot: true, unexpectedAlertBehaviour: , unhandledPromptBehavior: , version: 70.0.3538.102, webStorageEnabled: true}
Session ID: eac458b8846be0cdcbacdc4554ecfbbf)
[[ATTACHMENT|C:\\Users\\Admin\\Desktop\\PKS\\Perkeso Phase A\\Reports\\Workflow\\Update Add New Employee\\20181127_105057\\1543308961185.png]]

2018-11-27 16:56:01 - [TEST_STEP][PASSED] - Statement - out.println(Checker): null

2018-11-27 16:56:01 - [TEST_STEP][FAILED] - Statement - If (Checker == false): Unable to click on object 'Object Repository/Final Object Repo/Landing Page/Select to English' (Root cause: com.kms.katalon.core.webui.exception.WebElementNotFoundException: Web element with id: 'Object Repository/Final Object Repo/Landing Page/Select to English' located by 'By.xpath: //a[@class = 'taglib-language-list-text' and @lang = 'en-US' and (contains(text(), 'EN') or contains(., 'EN'))]' not found)

2018-11-27 16:56:01 - [TEST_STEP][FAILED] - click: Unable to click on object 'Object Repository/Final Object Repo/Landing Page/Select to English' (Root cause: com.kms.katalon.core.webui.exception.WebElementNotFoundException: Web element with id: 'Object Repository/Final Object Repo/Landing Page/Select to English' located by 'By.xpath: //a[@class = 'taglib-language-list-text' and @lang = 'en-US' and (contains(text(), 'EN') or contains(., 'EN'))]' not found)

2018-11-27 16:56:38 - [MESSAGE][FAILED] - Unable to click on object 'Object Repository/Final Object Repo/Landing Page/Select to English' (Root cause: com.kms.katalon.core.webui.exception.WebElementNotFoundException: Web element with id: 'Object Repository/Final Object Repo/Landing Page/Select to English' located by 'By.xpath: //a[@class = 'taglib-language-list-text' and @lang = 'en-US' and (contains(text(), 'EN') or contains(., 'EN'))]' not found)
[[ATTACHMENT|C:\\Users\\Admin\\Desktop\\PKS\\Perkeso Phase A\\Reports\\Workflow\\Update Add New Employee\\20181127_105057\\1543308998578.png]]

2018-11-27 16:56:38 - [TEST_STEP][PASSED] - delay: Delayed 2 second(s)

2018-11-27 16:56:40 - [MESSAGE][PASSED] - Delayed 2 second(s)

2018-11-27 16:56:40 - [TEST_STEP][PASSED] - delay: Delayed 3 second(s)

2018-11-27 16:56:43 - [MESSAGE][PASSED] - Delayed 3 second(s)

2018-11-27 16:56:43 - [TEST_STEP][PASSED] - mouseOver: Object: 'Object Repository/Final Object Repo/Landing Page/WorkFlow Menu' is hovered

2018-11-27 16:56:44 - [MESSAGE][PASSED] - Object: 'Object Repository/Final Object Repo/Landing Page/WorkFlow Menu' is hovered

2018-11-27 16:56:44 - [TEST_STEP][PASSED] - delay: Delayed 2 second(s)

2018-11-27 16:56:46 - [MESSAGE][PASSED] - Delayed 2 second(s)

2018-11-27 16:56:46 - [TEST_STEP][PASSED] - click: Object: 'Object Repository/Final Object Repo/Landing Page/Select to Workflow Listing' is clicked on

2018-11-27 16:56:47 - [MESSAGE][PASSED] - Object: 'Object Repository/Final Object Repo/Landing Page/Select to Workflow Listing' is clicked on

2018-11-27 16:56:47 - [TEST_STEP][PASSED] - delay: Delayed 2 second(s)

2018-11-27 16:56:49 - [MESSAGE][PASSED] - Delayed 2 second(s)

2018-11-27 16:56:49 - [TEST_STEP][PASSED] - click: Object: 'Object Repository/Final Object Repo/WorkFlow Listing Page/Search Information - To Put Ref No' is clicked on

2018-11-27 16:56:49 - [MESSAGE][PASSED] - Object: 'Object Repository/Final Object Repo/WorkFlow Listing Page/Search Information - To Put Ref No' is clicked on

2018-11-27 16:56:49 - [TEST_STEP][PASSED] - delay: Delayed 2 second(s)

2018-11-27 16:56:51 - [MESSAGE][PASSED] - Delayed 2 second(s)

2018-11-27 16:56:51 - [TEST_STEP][PASSED] - callTestCase: Call Test Case 'Test Cases/Final Aug 2018 - PKS Automation/Common/Reference Number Getter' successfully

2018-11-27 16:56:51 - [TEST_CASE][PASSED] - Test Cases/Final Aug 2018 - PKS Automation/Common/Reference Number Getter: Test Cases/Final Aug 2018 - PKS Automation/Common/Reference Number Getter

2018-11-27 16:56:51 - [TEST_STEP][PASSED] - Statement - Try: null

2018-11-27 16:56:51 - [TEST_STEP][PASSED] - Statement - RefNo = new java.io.File(C://Users//Admin//Desktop//PKS//Automation Reference Point//KatalonReference.txt): null

2018-11-27 16:56:51 - [TEST_STEP][PASSED] - Statement - bufferread = new java.io.BufferedReader(new java.io.FileReader(RefNo)): null

2018-11-27 16:56:51 - [TEST_STEP][PASSED] - Statement - readedVal = bufferread.readLine(): null

2018-11-27 16:56:51 - [TEST_STEP][PASSED] - Statement - out.println(CaseReferenceNo): null

2018-11-27 16:56:51 - [TEST_STEP][PASSED] - Statement - out.println(readedVal): null

2018-11-27 16:56:51 - [TEST_STEP][PASSED] - Statement - CaseReferenceNo = "": null

2018-11-27 16:56:51 - [TEST_STEP][PASSED] - Statement - CaseReferenceNo = readedVal: null

2018-11-27 16:56:51 - [MESSAGE][PASSED] - Call Test Case 'Test Cases/Final Aug 2018 - PKS Automation/Common/Reference Number Getter' successfully

2018-11-27 16:56:51 - [TEST_STEP][PASSED] - setText: Text 'CAN11201800002204' is set on object 'Object Repository/Final Object Repo/WorkFlow Listing Page/Ref No Set Text'

2018-11-27 16:56:51 - [MESSAGE][PASSED] - Text 'CAN11201800002204' is set on object 'Object Repository/Final Object Repo/WorkFlow Listing Page/Ref No Set Text'

2018-11-27 16:56:51 - [TEST_STEP][PASSED] - delay: Delayed 2 second(s)

2018-11-27 16:56:53 - [MESSAGE][PASSED] - Delayed 2 second(s)

2018-11-27 16:56:53 - [TEST_STEP][PASSED] - click: Object: 'Object Repository/Final Object Repo/WorkFlow Listing Page/Search Ref No Search Button' is clicked on

2018-11-27 16:56:54 - [MESSAGE][PASSED] - Object: 'Object Repository/Final Object Repo/WorkFlow Listing Page/Search Ref No Search Button' is clicked on

2018-11-27 16:56:54 - [TEST_STEP][PASSED] - delay: Delayed 4 second(s)

2018-11-27 16:56:58 - [MESSAGE][PASSED] - Delayed 4 second(s)

2018-11-27 16:56:58 - [TEST_STEP][PASSED] - click: Object: 'Object Repository/Final Object Repo/WorkFlow Listing Page/Click Continue Tooltip' is clicked on

2018-11-27 16:56:59 - [MESSAGE][PASSED] - Object: 'Object Repository/Final Object Repo/WorkFlow Listing Page/Click Continue Tooltip' is clicked on

2018-11-27 16:56:59 - [TEST_STEP][PASSED] - delay: Delayed 5 second(s)

2018-11-27 16:57:04 - [MESSAGE][PASSED] - Delayed 5 second(s)

2018-11-27 16:57:04 - [TEST_STEP][PASSED] - doubleClick: Object: 'Object Repository/Final Object Repo/WorkFlow Listing Page/Workflow Found - Listing 1' is double clicked on

2018-11-27 16:57:04 - [MESSAGE][PASSED] - Object: 'Object Repository/Final Object Repo/WorkFlow Listing Page/Workflow Found - Listing 1' is double clicked on

2018-11-27 16:57:04 - [TEST_STEP][PASSED] - Statement - println(OwnerID): null

2018-11-27 16:57:04 - [TEST_STEP][PASSED] - Statement - OwnerID = com.kms.katalon.core.webui.keyword.WebUiBuiltInKeywords.getText(com.kms.katalon.core.testobject.ObjectRepository.findTestObject(Final Object Repo/WorkFlow Listing Page/Workflow Found - Listing 1), STOP_ON_FAILURE): Text of object 'Object Repository/Final Object Repo/WorkFlow Listing Page/Workflow Found - Listing 1' is: 'JOHORro3'

2018-11-27 16:57:04 - [MESSAGE][PASSED] - Text of object 'Object Repository/Final Object Repo/WorkFlow Listing Page/Workflow Found - Listing 1' is: 'JOHORro3'

2018-11-27 16:57:04 - [TEST_STEP][PASSED] - Statement - OwnerID = OwnerID.toLowerCase() + "@gmail.com": null

2018-11-27 16:57:04 - [TEST_STEP][PASSED] - Statement - println(OwnerID): null

2018-11-27 16:57:04 - [TEST_STEP][PASSED] - delay: Delayed 2 second(s)

2018-11-27 16:57:06 - [MESSAGE][PASSED] - Delayed 2 second(s)

2018-11-27 16:57:06 - [MESSAGE][FAILED] - Unable to call Test Case with id 'Test Cases/Final Aug 2018 - PKS Automation/Common/Workflow Owner Finder' (Root cause: Call Test Case 'Test Cases/Final Aug 2018 - PKS Automation/Common/Workflow Owner Finder' failed)]]></system-out>
         <system-err><![CDATA[2018-11-27 16:46:06 - [TEST_CASE][FAILED] - Test Cases/Final Aug 2018 - PKS Automation/Registration Module/Workflow/Update Add New Employee/Special Case (OTC - RO Approve): Test Cases/Final Aug 2018 - PKS Automation/Registration Module/Workflow/Update Add New Employee/Special Case (OTC - RO Approve) FAILED because (of) (Stack trace: com.kms.katalon.core.exception.StepFailedException: Unable to click on object 'Object Repository/Final Object Repo/Landing Page/Select to English' (Root cause: com.kms.katalon.core.webui.exception.WebElementNotFoundException: Web element with id: 'Object Repository/Final Object Repo/Landing Page/Select to English' located by 'By.xpath: //a[@class = 'taglib-language-list-text' and @lang = 'en-US' and (contains(text(), 'EN') or contains(., 'EN'))]' not found)
	at com.kms.katalon.core.keyword.internal.KeywordMain.stepFailed(KeywordMain.groovy:32)
	at com.kms.katalon.core.webui.keyword.internal.WebUIKeywordMain.stepFailed(WebUIKeywordMain.groovy:65)
	at com.kms.katalon.core.webui.keyword.internal.WebUIKeywordMain.runKeyword(WebUIKeywordMain.groovy:27)
	at com.kms.katalon.core.webui.keyword.builtin.ClickKeyword.click(ClickKeyword.groovy:86)
	at com.kms.katalon.core.webui.keyword.builtin.ClickKeyword.execute(ClickKeyword.groovy:67)
	at com.kms.katalon.core.keyword.internal.KeywordExecutor.executeKeywordForPlatform(KeywordExecutor.groovy:53)
	at com.kms.katalon.core.webui.keyword.WebUiBuiltInKeywords.click(WebUiBuiltInKeywords.groovy:604)
	at com.kms.katalon.core.webui.keyword.WebUiBuiltInKeywords$click$6.call(Unknown Source)
	at Script1534407542420.run(Script1534407542420.groovy:57)
	at com.kms.katalon.core.main.ScriptEngine.run(ScriptEngine.java:183)
	at com.kms.katalon.core.main.ScriptEngine.runScriptAsRawText(ScriptEngine.java:108)
	at com.kms.katalon.core.main.TestCaseExecutor.runScript(TestCaseExecutor.java:294)
	at com.kms.katalon.core.main.TestCaseExecutor.doExecute(TestCaseExecutor.java:285)
	at com.kms.katalon.core.main.TestCaseExecutor.processExecutionPhase(TestCaseExecutor.java:264)
	at com.kms.katalon.core.main.TestCaseExecutor.accessMainPhase(TestCaseExecutor.java:256)
	at com.kms.katalon.core.main.TestCaseExecutor.execute(TestCaseExecutor.java:200)
	at com.kms.katalon.core.main.TestCaseMain.runTestCase(TestCaseMain.java:99)
	at com.kms.katalon.core.keyword.builtin.CallTestCaseKeyword$_callTestCase_closure1.doCall(CallTestCaseKeyword.groovy:60)
	at com.kms.katalon.core.keyword.builtin.CallTestCaseKeyword$_callTestCase_closure1.call(CallTestCaseKeyword.groovy)
	at com.kms.katalon.core.keyword.internal.KeywordMain.runKeyword(KeywordMain.groovy:54)
	at com.kms.katalon.core.keyword.builtin.CallTestCaseKeyword.callTestCase(CallTestCaseKeyword.groovy:81)
	at com.kms.katalon.core.keyword.builtin.CallTestCaseKeyword.execute(CallTestCaseKeyword.groovy:45)
	at com.kms.katalon.core.keyword.internal.KeywordExecutor.executeKeywordForPlatform(KeywordExecutor.groovy:53)
	at com.kms.katalon.core.keyword.BuiltinKeywords.callTestCase(BuiltinKeywords.groovy:334)
	at sun.reflect.GeneratedMethodAccessor13.invoke(Unknown Source)
	at sun.reflect.DelegatingMethodAccessorImpl.invoke(DelegatingMethodAccessorImpl.java:43)
	at java.lang.reflect.Method.invoke(Method.java:498)
	at org.codehaus.groovy.reflection.CachedMethod.invoke(CachedMethod.java:93)
	at groovy.lang.MetaMethod.doMethodInvoke(MetaMethod.java:325)
	at groovy.lang.MetaClassImpl.invokeStaticMethod(MetaClassImpl.java:1469)
	at org.codehaus.groovy.runtime.callsite.StaticMetaClassSite.call(StaticMetaClassSite.java:53)
	at org.codehaus.groovy.runtime.callsite.CallSiteArray.defaultCall(CallSiteArray.java:48)
	at org.codehaus.groovy.runtime.callsite.AbstractCallSite.call(AbstractCallSite.java:113)
	at org.codehaus.groovy.runtime.callsite.AbstractCallSite.call(AbstractCallSite.java:141)
	at Script1536116100519.run(Script1536116100519.groovy:121)
	at com.kms.katalon.core.main.ScriptEngine.run(ScriptEngine.java:183)
	at com.kms.katalon.core.main.ScriptEngine.runScriptAsRawText(ScriptEngine.java:108)
	at com.kms.katalon.core.main.TestCaseExecutor.runScript(TestCaseExecutor.java:294)
	at com.kms.katalon.core.main.TestCaseExecutor.doExecute(TestCaseExecutor.java:285)
	at com.kms.katalon.core.main.TestCaseExecutor.processExecutionPhase(TestCaseExecutor.java:264)
	at com.kms.katalon.core.main.TestCaseExecutor.accessMainPhase(TestCaseExecutor.java:256)
	at com.kms.katalon.core.main.TestCaseExecutor.execute(TestCaseExecutor.java:200)
	at com.kms.katalon.core.main.TestSuiteExecutor.accessTestCaseMainPhase(TestSuiteExecutor.java:129)
	at com.kms.katalon.core.main.TestSuiteExecutor.accessTestSuiteMainPhase(TestSuiteExecutor.java:112)
	at com.kms.katalon.core.main.TestSuiteExecutor.execute(TestSuiteExecutor.java:81)
	at com.kms.katalon.core.main.TestCaseMain.startTestSuite(TestCaseMain.java:142)
	at com.kms.katalon.core.main.TestCaseMain$startTestSuite$0.call(Unknown Source)
	at org.codehaus.groovy.runtime.callsite.CallSiteArray.defaultCall(CallSiteArray.java:48)
	at org.codehaus.groovy.runtime.callsite.AbstractCallSite.call(AbstractCallSite.java:113)
	at org.codehaus.groovy.runtime.callsite.AbstractCallSite.call(AbstractCallSite.java:141)
	at TempTestSuite1543287057153.run(TempTestSuite1543287057153.groovy:36)
	at groovy.lang.GroovyShell.runScriptOrMainOrTestOrRunnable(GroovyShell.java:263)
	at groovy.lang.GroovyShell.run(GroovyShell.java:518)
	at groovy.lang.GroovyShell.run(GroovyShell.java:507)
	at groovy.ui.GroovyMain.processOnce(GroovyMain.java:653)
	at groovy.ui.GroovyMain.run(GroovyMain.java:384)
	at groovy.ui.GroovyMain.process(GroovyMain.java:370)
	at groovy.ui.GroovyMain.processArgs(GroovyMain.java:129)
	at groovy.ui.GroovyMain.main(GroovyMain.java:109)
	at sun.reflect.NativeMethodAccessorImpl.invoke0(Native Method)
	at sun.reflect.NativeMethodAccessorImpl.invoke(NativeMethodAccessorImpl.java:62)
	at sun.reflect.DelegatingMethodAccessorImpl.invoke(DelegatingMethodAccessorImpl.java:43)
	at java.lang.reflect.Method.invoke(Method.java:498)
	at org.codehaus.groovy.tools.GroovyStarter.rootLoader(GroovyStarter.java:109)
	at org.codehaus.groovy.tools.GroovyStarter.main(GroovyStarter.java:131)
)]]></system-err>
      </testcase>
      <testcase name="Test Cases/Final Aug 2018 - PKS Automation/Registration Module/Workflow/Update Add New Employee/Special Case (OTC - RO Query - OTC Upload Pending Case - RO Approve)" classname="Test Cases/Final Aug 2018 - PKS Automation/Registration Module/Workflow/Update Add New Employee/Special Case (OTC - RO Query - OTC Upload Pending Case - RO Approve)" status="FAILED">
         <failure type="FAILED" message="(Stack trace: com.kms.katalon.core.exception.StepFailedException: Unable to click on object 'Object Repository/Final Object Repo/Landing Page/Select to English' (Root cause: com.kms.katalon.core.webui.exception.WebElementNotFoundException: Web element with id: 'Object Repository/Final Object Repo/Landing Page/Select to English' located by 'By.xpath: //a[@class = 'taglib-language-list-text' and @lang = 'en-US' and (contains(text(), 'EN') or contains(., 'EN'))]' not found)
	at com.kms.katalon.core.keyword.internal.KeywordMain.stepFailed(KeywordMain.groovy:32)
	at com.kms.katalon.core.webui.keyword.internal.WebUIKeywordMain.stepFailed(WebUIKeywordMain.groovy:65)
	at com.kms.katalon.core.webui.keyword.internal.WebUIKeywordMain.runKeyword(WebUIKeywordMain.groovy:27)
	at com.kms.katalon.core.webui.keyword.builtin.ClickKeyword.click(ClickKeyword.groovy:86)
	at com.kms.katalon.core.webui.keyword.builtin.ClickKeyword.execute(ClickKeyword.groovy:67)
	at com.kms.katalon.core.keyword.internal.KeywordExecutor.executeKeywordForPlatform(KeywordExecutor.groovy:53)
	at com.kms.katalon.core.webui.keyword.WebUiBuiltInKeywords.click(WebUiBuiltInKeywords.groovy:604)
	at com.kms.katalon.core.webui.keyword.WebUiBuiltInKeywords$click$6.call(Unknown Source)
	at Script1534407542420.run(Script1534407542420.groovy:57)
	at com.kms.katalon.core.main.ScriptEngine.run(ScriptEngine.java:183)
	at com.kms.katalon.core.main.ScriptEngine.runScriptAsRawText(ScriptEngine.java:108)
	at com.kms.katalon.core.main.TestCaseExecutor.runScript(TestCaseExecutor.java:294)
	at com.kms.katalon.core.main.TestCaseExecutor.doExecute(TestCaseExecutor.java:285)
	at com.kms.katalon.core.main.TestCaseExecutor.processExecutionPhase(TestCaseExecutor.java:264)
	at com.kms.katalon.core.main.TestCaseExecutor.accessMainPhase(TestCaseExecutor.java:256)
	at com.kms.katalon.core.main.TestCaseExecutor.execute(TestCaseExecutor.java:200)
	at com.kms.katalon.core.main.TestCaseMain.runTestCase(TestCaseMain.java:99)
	at com.kms.katalon.core.keyword.builtin.CallTestCaseKeyword$_callTestCase_closure1.doCall(CallTestCaseKeyword.groovy:60)
	at com.kms.katalon.core.keyword.builtin.CallTestCaseKeyword$_callTestCase_closure1.call(CallTestCaseKeyword.groovy)
	at com.kms.katalon.core.keyword.internal.KeywordMain.runKeyword(KeywordMain.groovy:54)
	at com.kms.katalon.core.keyword.builtin.CallTestCaseKeyword.callTestCase(CallTestCaseKeyword.groovy:81)
	at com.kms.katalon.core.keyword.builtin.CallTestCaseKeyword.execute(CallTestCaseKeyword.groovy:45)
	at com.kms.katalon.core.keyword.internal.KeywordExecutor.executeKeywordForPlatform(KeywordExecutor.groovy:53)
	at com.kms.katalon.core.keyword.BuiltinKeywords.callTestCase(BuiltinKeywords.groovy:334)
	at sun.reflect.GeneratedMethodAccessor13.invoke(Unknown Source)
	at sun.reflect.DelegatingMethodAccessorImpl.invoke(DelegatingMethodAccessorImpl.java:43)
	at java.lang.reflect.Method.invoke(Method.java:498)
	at org.codehaus.groovy.reflection.CachedMethod.invoke(CachedMethod.java:93)
	at groovy.lang.MetaMethod.doMethodInvoke(MetaMethod.java:325)
	at groovy.lang.MetaClassImpl.invokeStaticMethod(MetaClassImpl.java:1469)
	at org.codehaus.groovy.runtime.callsite.StaticMetaClassSite.call(StaticMetaClassSite.java:53)
	at org.codehaus.groovy.runtime.callsite.CallSiteArray.defaultCall(CallSiteArray.java:48)
	at org.codehaus.groovy.runtime.callsite.AbstractCallSite.call(AbstractCallSite.java:113)
	at org.codehaus.groovy.runtime.callsite.AbstractCallSite.call(AbstractCallSite.java:141)
	at Script1536201277272.run(Script1536201277272.groovy:123)
	at com.kms.katalon.core.main.ScriptEngine.run(ScriptEngine.java:183)
	at com.kms.katalon.core.main.ScriptEngine.runScriptAsRawText(ScriptEngine.java:108)
	at com.kms.katalon.core.main.TestCaseExecutor.runScript(TestCaseExecutor.java:294)
	at com.kms.katalon.core.main.TestCaseExecutor.doExecute(TestCaseExecutor.java:285)
	at com.kms.katalon.core.main.TestCaseExecutor.processExecutionPhase(TestCaseExecutor.java:264)
	at com.kms.katalon.core.main.TestCaseExecutor.accessMainPhase(TestCaseExecutor.java:256)
	at com.kms.katalon.core.main.TestCaseExecutor.execute(TestCaseExecutor.java:200)
	at com.kms.katalon.core.main.TestSuiteExecutor.accessTestCaseMainPhase(TestSuiteExecutor.java:129)
	at com.kms.katalon.core.main.TestSuiteExecutor.accessTestSuiteMainPhase(TestSuiteExecutor.java:112)
	at com.kms.katalon.core.main.TestSuiteExecutor.execute(TestSuiteExecutor.java:81)
	at com.kms.katalon.core.main.TestCaseMain.startTestSuite(TestCaseMain.java:142)
	at com.kms.katalon.core.main.TestCaseMain$startTestSuite$0.call(Unknown Source)
	at org.codehaus.groovy.runtime.callsite.CallSiteArray.defaultCall(CallSiteArray.java:48)
	at org.codehaus.groovy.runtime.callsite.AbstractCallSite.call(AbstractCallSite.java:113)
	at org.codehaus.groovy.runtime.callsite.AbstractCallSite.call(AbstractCallSite.java:141)
	at TempTestSuite1543287057153.run(TempTestSuite1543287057153.groovy:36)
	at groovy.lang.GroovyShell.runScriptOrMainOrTestOrRunnable(GroovyShell.java:263)
	at groovy.lang.GroovyShell.run(GroovyShell.java:518)
	at groovy.lang.GroovyShell.run(GroovyShell.java:507)
	at groovy.ui.GroovyMain.processOnce(GroovyMain.java:653)
	at groovy.ui.GroovyMain.run(GroovyMain.java:384)
	at groovy.ui.GroovyMain.process(GroovyMain.java:370)
	at groovy.ui.GroovyMain.processArgs(GroovyMain.java:129)
	at groovy.ui.GroovyMain.main(GroovyMain.java:109)
	at sun.reflect.NativeMethodAccessorImpl.invoke0(Native Method)
	at sun.reflect.NativeMethodAccessorImpl.invoke(NativeMethodAccessorImpl.java:62)
	at sun.reflect.DelegatingMethodAccessorImpl.invoke(DelegatingMethodAccessorImpl.java:43)
	at java.lang.reflect.Method.invoke(Method.java:498)
	at org.codehaus.groovy.tools.GroovyStarter.rootLoader(GroovyStarter.java:109)
	at org.codehaus.groovy.tools.GroovyStarter.main(GroovyStarter.java:131)
)"/>
         <system-out><![CDATA[2018-11-27 16:57:06 - [TEST_CASE][FAILED] - Test Cases/Final Aug 2018 - PKS Automation/Registration Module/Workflow/Update Add New Employee/Special Case (OTC - RO Query - OTC Upload Pending Case - RO Approve): Test Cases/Final Aug 2018 - PKS Automation/Registration Module/Workflow/Update Add New Employee/Special Case (OTC - RO Query - OTC Upload Pending Case - RO Approve) FAILED because (of) (Stack trace: com.kms.katalon.core.exception.StepFailedException: Unable to click on object 'Object Repository/Final Object Repo/Landing Page/Select to English' (Root cause: com.kms.katalon.core.webui.exception.WebElementNotFoundException: Web element with id: 'Object Repository/Final Object Repo/Landing Page/Select to English' located by 'By.xpath: //a[@class = 'taglib-language-list-text' and @lang = 'en-US' and (contains(text(), 'EN') or contains(., 'EN'))]' not found)
	at com.kms.katalon.core.keyword.internal.KeywordMain.stepFailed(KeywordMain.groovy:32)
	at com.kms.katalon.core.webui.keyword.internal.WebUIKeywordMain.stepFailed(WebUIKeywordMain.groovy:65)
	at com.kms.katalon.core.webui.keyword.internal.WebUIKeywordMain.runKeyword(WebUIKeywordMain.groovy:27)
	at com.kms.katalon.core.webui.keyword.builtin.ClickKeyword.click(ClickKeyword.groovy:86)
	at com.kms.katalon.core.webui.keyword.builtin.ClickKeyword.execute(ClickKeyword.groovy:67)
	at com.kms.katalon.core.keyword.internal.KeywordExecutor.executeKeywordForPlatform(KeywordExecutor.groovy:53)
	at com.kms.katalon.core.webui.keyword.WebUiBuiltInKeywords.click(WebUiBuiltInKeywords.groovy:604)
	at com.kms.katalon.core.webui.keyword.WebUiBuiltInKeywords$click$6.call(Unknown Source)
	at Script1534407542420.run(Script1534407542420.groovy:57)
	at com.kms.katalon.core.main.ScriptEngine.run(ScriptEngine.java:183)
	at com.kms.katalon.core.main.ScriptEngine.runScriptAsRawText(ScriptEngine.java:108)
	at com.kms.katalon.core.main.TestCaseExecutor.runScript(TestCaseExecutor.java:294)
	at com.kms.katalon.core.main.TestCaseExecutor.doExecute(TestCaseExecutor.java:285)
	at com.kms.katalon.core.main.TestCaseExecutor.processExecutionPhase(TestCaseExecutor.java:264)
	at com.kms.katalon.core.main.TestCaseExecutor.accessMainPhase(TestCaseExecutor.java:256)
	at com.kms.katalon.core.main.TestCaseExecutor.execute(TestCaseExecutor.java:200)
	at com.kms.katalon.core.main.TestCaseMain.runTestCase(TestCaseMain.java:99)
	at com.kms.katalon.core.keyword.builtin.CallTestCaseKeyword$_callTestCase_closure1.doCall(CallTestCaseKeyword.groovy:60)
	at com.kms.katalon.core.keyword.builtin.CallTestCaseKeyword$_callTestCase_closure1.call(CallTestCaseKeyword.groovy)
	at com.kms.katalon.core.keyword.internal.KeywordMain.runKeyword(KeywordMain.groovy:54)
	at com.kms.katalon.core.keyword.builtin.CallTestCaseKeyword.callTestCase(CallTestCaseKeyword.groovy:81)
	at com.kms.katalon.core.keyword.builtin.CallTestCaseKeyword.execute(CallTestCaseKeyword.groovy:45)
	at com.kms.katalon.core.keyword.internal.KeywordExecutor.executeKeywordForPlatform(KeywordExecutor.groovy:53)
	at com.kms.katalon.core.keyword.BuiltinKeywords.callTestCase(BuiltinKeywords.groovy:334)
	at sun.reflect.GeneratedMethodAccessor13.invoke(Unknown Source)
	at sun.reflect.DelegatingMethodAccessorImpl.invoke(DelegatingMethodAccessorImpl.java:43)
	at java.lang.reflect.Method.invoke(Method.java:498)
	at org.codehaus.groovy.reflection.CachedMethod.invoke(CachedMethod.java:93)
	at groovy.lang.MetaMethod.doMethodInvoke(MetaMethod.java:325)
	at groovy.lang.MetaClassImpl.invokeStaticMethod(MetaClassImpl.java:1469)
	at org.codehaus.groovy.runtime.callsite.StaticMetaClassSite.call(StaticMetaClassSite.java:53)
	at org.codehaus.groovy.runtime.callsite.CallSiteArray.defaultCall(CallSiteArray.java:48)
	at org.codehaus.groovy.runtime.callsite.AbstractCallSite.call(AbstractCallSite.java:113)
	at org.codehaus.groovy.runtime.callsite.AbstractCallSite.call(AbstractCallSite.java:141)
	at Script1536201277272.run(Script1536201277272.groovy:123)
	at com.kms.katalon.core.main.ScriptEngine.run(ScriptEngine.java:183)
	at com.kms.katalon.core.main.ScriptEngine.runScriptAsRawText(ScriptEngine.java:108)
	at com.kms.katalon.core.main.TestCaseExecutor.runScript(TestCaseExecutor.java:294)
	at com.kms.katalon.core.main.TestCaseExecutor.doExecute(TestCaseExecutor.java:285)
	at com.kms.katalon.core.main.TestCaseExecutor.processExecutionPhase(TestCaseExecutor.java:264)
	at com.kms.katalon.core.main.TestCaseExecutor.accessMainPhase(TestCaseExecutor.java:256)
	at com.kms.katalon.core.main.TestCaseExecutor.execute(TestCaseExecutor.java:200)
	at com.kms.katalon.core.main.TestSuiteExecutor.accessTestCaseMainPhase(TestSuiteExecutor.java:129)
	at com.kms.katalon.core.main.TestSuiteExecutor.accessTestSuiteMainPhase(TestSuiteExecutor.java:112)
	at com.kms.katalon.core.main.TestSuiteExecutor.execute(TestSuiteExecutor.java:81)
	at com.kms.katalon.core.main.TestCaseMain.startTestSuite(TestCaseMain.java:142)
	at com.kms.katalon.core.main.TestCaseMain$startTestSuite$0.call(Unknown Source)
	at org.codehaus.groovy.runtime.callsite.CallSiteArray.defaultCall(CallSiteArray.java:48)
	at org.codehaus.groovy.runtime.callsite.AbstractCallSite.call(AbstractCallSite.java:113)
	at org.codehaus.groovy.runtime.callsite.AbstractCallSite.call(AbstractCallSite.java:141)
	at TempTestSuite1543287057153.run(TempTestSuite1543287057153.groovy:36)
	at groovy.lang.GroovyShell.runScriptOrMainOrTestOrRunnable(GroovyShell.java:263)
	at groovy.lang.GroovyShell.run(GroovyShell.java:518)
	at groovy.lang.GroovyShell.run(GroovyShell.java:507)
	at groovy.ui.GroovyMain.processOnce(GroovyMain.java:653)
	at groovy.ui.GroovyMain.run(GroovyMain.java:384)
	at groovy.ui.GroovyMain.process(GroovyMain.java:370)
	at groovy.ui.GroovyMain.processArgs(GroovyMain.java:129)
	at groovy.ui.GroovyMain.main(GroovyMain.java:109)
	at sun.reflect.NativeMethodAccessorImpl.invoke0(Native Method)
	at sun.reflect.NativeMethodAccessorImpl.invoke(NativeMethodAccessorImpl.java:62)
	at sun.reflect.DelegatingMethodAccessorImpl.invoke(DelegatingMethodAccessorImpl.java:43)
	at java.lang.reflect.Method.invoke(Method.java:498)
	at org.codehaus.groovy.tools.GroovyStarter.rootLoader(GroovyStarter.java:109)
	at org.codehaus.groovy.tools.GroovyStarter.main(GroovyStarter.java:131)
)

2018-11-27 16:57:06 - [TEST_STEP][PASSED] - callTestCase: Call Test Case 'Test Cases/Final Aug 2018 - PKS Automation/Registration Module/Workflow/Update Add New Employee/Template/New Company for Update Add New' successfully

2018-11-27 16:57:06 - [TEST_CASE][PASSED] - Test Cases/Final Aug 2018 - PKS Automation/Registration Module/Workflow/Update Add New Employee/Template/New Company for Update Add New: Test Cases/Final Aug 2018 - PKS Automation/Registration Module/Workflow/Update Add New Employee/Template/New Company for Update Add New

2018-11-27 16:57:06 - [TEST_STEP][PASSED] - callTestCase: Call Test Case 'Test Cases/Final Aug 2018 - PKS Automation/Registration Module/New Registration/Form 1/Form 1 - Corporation - BHD' successfully

2018-11-27 16:57:06 - [TEST_CASE][PASSED] - Test Cases/Final Aug 2018 - PKS Automation/Registration Module/New Registration/Form 1/Form 1 - Corporation - BHD: Test Cases/Final Aug 2018 - PKS Automation/Registration Module/New Registration/Form 1/Form 1 - Corporation - BHD

2018-11-27 16:57:06 - [TEST_STEP][PASSED] - openBrowser: Browser is opened with url: ''

2018-11-27 16:57:06 - [MESSAGE][WARNING] - A browser is already opened. Closing browser and opening a new one

2018-11-27 16:57:11 - [MESSAGE][PASSED] - Browser is opened with url: ''

2018-11-27 16:57:11 - [TEST_STEP][PASSED] - navigateToUrl: Navigate to 'https://assist2-uat.perkeso.gov.my/login' successfully

2018-11-27 16:57:12 - [MESSAGE][PASSED] - Navigate to 'https://assist2-uat.perkeso.gov.my/login' successfully

2018-11-27 16:57:12 - [TEST_STEP][PASSED] - setText: Text 'johorotc1@gmail.com' is set on object 'Object Repository/Final Object Repo/Login Page/Internal User/Email Address'

2018-11-27 16:57:12 - [MESSAGE][PASSED] - Text 'johorotc1@gmail.com' is set on object 'Object Repository/Final Object Repo/Login Page/Internal User/Email Address'

2018-11-27 16:57:12 - [TEST_STEP][PASSED] - click: Object: 'Object Repository/Final Object Repo/Login Page/Internal User/Next Button' is clicked on

2018-11-27 16:57:12 - [MESSAGE][PASSED] - Object: 'Object Repository/Final Object Repo/Login Page/Internal User/Next Button' is clicked on

2018-11-27 16:57:12 - [TEST_STEP][PASSED] - delay: Delayed 1 second(s)

2018-11-27 16:57:13 - [MESSAGE][PASSED] - Delayed 1 second(s)

2018-11-27 16:57:13 - [TEST_STEP][PASSED] - setEncryptedText: Text ****** has been set on object 'Object Repository/Final Object Repo/Login Page/Internal User/Password'

2018-11-27 16:57:13 - [MESSAGE][PASSED] - Text ****** has been set on object 'Object Repository/Final Object Repo/Login Page/Internal User/Password'

2018-11-27 16:57:13 - [TEST_STEP][PASSED] - click: Object: 'Object Repository/Final Object Repo/Login Page/Internal User/Login Button' is clicked on

2018-11-27 16:57:14 - [MESSAGE][PASSED] - Object: 'Object Repository/Final Object Repo/Login Page/Internal User/Login Button' is clicked on

2018-11-27 16:57:14 - [TEST_STEP][PASSED] - delay: Delayed 1 second(s)

2018-11-27 16:57:15 - [MESSAGE][PASSED] - Delayed 1 second(s)

2018-11-27 16:57:15 - [TEST_STEP][PASSED] - Statement - Try: Delayed 2 second(s)

2018-11-27 16:57:15 - [TEST_STEP][PASSED] - Statement - Checker = false: null

2018-11-27 16:57:15 - [TEST_STEP][PASSED] - Statement - Checker = com.kms.katalon.core.webui.keyword.WebUiBuiltInKeywords.verifyElementHasAttribute(com.kms.katalon.core.testobject.ObjectRepository.findTestObject(Final Object Repo/Landing Page/BM Detecting), "href", 20, OPTIONAL): Object 'Object Repository/Final Object Repo/Landing Page/BM Detecting' has attribute 'href'

2018-11-27 16:57:15 - [MESSAGE][PASSED] - Object 'Object Repository/Final Object Repo/Landing Page/BM Detecting' has attribute 'href'

2018-11-27 16:57:15 - [TEST_STEP][PASSED] - Statement - out.println(Checker): null

2018-11-27 16:57:15 - [TEST_STEP][PASSED] - Statement - If (Checker == false): null

2018-11-27 16:57:15 - [TEST_STEP][PASSED] - Statement - Else: null

2018-11-27 16:57:15 - [TEST_STEP][PASSED] - delay: Delayed 2 second(s)

2018-11-27 16:57:17 - [MESSAGE][PASSED] - Delayed 2 second(s)

2018-11-27 16:57:17 - [TEST_STEP][PASSED] - navigateToUrl: Navigate to 'https://assist2-uat.perkeso.gov.my/web/registration/registration' successfully

2018-11-27 16:57:19 - [MESSAGE][PASSED] - Navigate to 'https://assist2-uat.perkeso.gov.my/web/registration/registration' successfully

2018-11-27 16:57:19 - [TEST_STEP][PASSED] - click: Object: 'Object Repository/Final Object Repo/New Registration - Registration Module Pages/Form 1/AEC - No' is clicked on

2018-11-27 16:57:19 - [MESSAGE][PASSED] - Object: 'Object Repository/Final Object Repo/New Registration - Registration Module Pages/Form 1/AEC - No' is clicked on

2018-11-27 16:57:19 - [TEST_STEP][PASSED] - click: Object: 'Object Repository/Final Object Repo/New Registration - Registration Module Pages/Form 1/Business Entity' is clicked on

2018-11-27 16:57:19 - [MESSAGE][PASSED] - Object: 'Object Repository/Final Object Repo/New Registration - Registration Module Pages/Form 1/Business Entity' is clicked on

2018-11-27 16:57:19 - [TEST_STEP][PASSED] - click: Object: 'Object Repository/Final Object Repo/New Registration - Registration Module Pages/Form 1/Businees Entity - Corporation' is clicked on

2018-11-27 16:57:20 - [MESSAGE][PASSED] - Object: 'Object Repository/Final Object Repo/New Registration - Registration Module Pages/Form 1/Businees Entity - Corporation' is clicked on

2018-11-27 16:57:20 - [TEST_STEP][PASSED] - delay: Delayed 1 second(s)

2018-11-27 16:57:21 - [MESSAGE][PASSED] - Delayed 1 second(s)

2018-11-27 16:57:21 - [TEST_STEP][PASSED] - click: Object: 'Object Repository/Final Object Repo/New Registration - Registration Module Pages/Form 1/Sub Business Entity' is clicked on

2018-11-27 16:57:21 - [MESSAGE][PASSED] - Object: 'Object Repository/Final Object Repo/New Registration - Registration Module Pages/Form 1/Sub Business Entity' is clicked on

2018-11-27 16:57:21 - [TEST_STEP][PASSED] - click: Object: 'Object Repository/Final Object Repo/New Registration - Registration Module Pages/Form 1/Sub Business Entity - Berhad' is clicked on

2018-11-27 16:57:21 - [MESSAGE][PASSED] - Object: 'Object Repository/Final Object Repo/New Registration - Registration Module Pages/Form 1/Sub Business Entity - Berhad' is clicked on

2018-11-27 16:57:21 - [TEST_STEP][PASSED] - delay: Delayed 1 second(s)

2018-11-27 16:57:22 - [MESSAGE][PASSED] - Delayed 1 second(s)

2018-11-27 16:57:22 - [TEST_STEP][PASSED] - setText: Text '123' is set on object 'Object Repository/Final Object Repo/New Registration - Registration Module Pages/Form 1/Registration Number'

2018-11-27 16:57:22 - [MESSAGE][PASSED] - Text '123' is set on object 'Object Repository/Final Object Repo/New Registration - Registration Module Pages/Form 1/Registration Number'

2018-11-27 16:57:22 - [TEST_STEP][PASSED] - click: Object: 'Object Repository/Final Object Repo/New Registration - Registration Module Pages/Form 1/Registred with SSM - Before Feb' is clicked on

2018-11-27 16:57:23 - [MESSAGE][PASSED] - Object: 'Object Repository/Final Object Repo/New Registration - Registration Module Pages/Form 1/Registred with SSM - Before Feb' is clicked on

2018-11-27 16:57:23 - [TEST_STEP][PASSED] - click: Object: 'Object Repository/Final Object Repo/New Registration - Registration Module Pages/Form 1/Registered As a Branch - Yes' is clicked on

2018-11-27 16:57:23 - [MESSAGE][PASSED] - Object: 'Object Repository/Final Object Repo/New Registration - Registration Module Pages/Form 1/Registered As a Branch - Yes' is clicked on

2018-11-27 16:57:23 - [TEST_STEP][PASSED] - click: Object: 'Object Repository/Final Object Repo/New Registration - Registration Module Pages/Form 1/Acknowledgement' is clicked on

2018-11-27 16:57:23 - [MESSAGE][PASSED] - Object: 'Object Repository/Final Object Repo/New Registration - Registration Module Pages/Form 1/Acknowledgement' is clicked on

2018-11-27 16:57:23 - [TEST_STEP][PASSED] - setText: Text 'perkeso' is set on object 'Object Repository/Final Object Repo/New Registration - Registration Module Pages/Form 1/Industry name'

2018-11-27 16:57:23 - [MESSAGE][PASSED] - Text 'perkeso' is set on object 'Object Repository/Final Object Repo/New Registration - Registration Module Pages/Form 1/Industry name'

2018-11-27 16:57:23 - [TEST_STEP][PASSED] - setText: Text 'perkeso1' is set on object 'Object Repository/Final Object Repo/New Registration - Registration Module Pages/Form 1/Postal Address1'

2018-11-27 16:57:24 - [MESSAGE][PASSED] - Text 'perkeso1' is set on object 'Object Repository/Final Object Repo/New Registration - Registration Module Pages/Form 1/Postal Address1'

2018-11-27 16:57:24 - [TEST_STEP][PASSED] - setText: Text 'perkeso2' is set on object 'Object Repository/Final Object Repo/New Registration - Registration Module Pages/Form 1/Postal Address2'

2018-11-27 16:57:24 - [MESSAGE][PASSED] - Text 'perkeso2' is set on object 'Object Repository/Final Object Repo/New Registration - Registration Module Pages/Form 1/Postal Address2'

2018-11-27 16:57:24 - [TEST_STEP][PASSED] - setText: Text 'perkeso3' is set on object 'Object Repository/Final Object Repo/New Registration - Registration Module Pages/Form 1/Postal Address3'

2018-11-27 16:57:24 - [MESSAGE][PASSED] - Text 'perkeso3' is set on object 'Object Repository/Final Object Repo/New Registration - Registration Module Pages/Form 1/Postal Address3'

2018-11-27 16:57:24 - [TEST_STEP][PASSED] - click: Object: 'Object Repository/Final Object Repo/New Registration - Registration Module Pages/Form 1/State' is clicked on

2018-11-27 16:57:25 - [MESSAGE][PASSED] - Object: 'Object Repository/Final Object Repo/New Registration - Registration Module Pages/Form 1/State' is clicked on

2018-11-27 16:57:25 - [TEST_STEP][PASSED] - click: Object: 'Object Repository/Final Object Repo/New Registration - Registration Module Pages/Form 1/State - Johor' is clicked on

2018-11-27 16:57:25 - [MESSAGE][PASSED] - Object: 'Object Repository/Final Object Repo/New Registration - Registration Module Pages/Form 1/State - Johor' is clicked on

2018-11-27 16:57:25 - [TEST_STEP][PASSED] - delay: Delayed 1 second(s)

2018-11-27 16:57:26 - [MESSAGE][PASSED] - Delayed 1 second(s)

2018-11-27 16:57:26 - [TEST_STEP][PASSED] - click: Object: 'Object Repository/Final Object Repo/New Registration - Registration Module Pages/Form 1/City' is clicked on

2018-11-27 16:57:26 - [MESSAGE][PASSED] - Object: 'Object Repository/Final Object Repo/New Registration - Registration Module Pages/Form 1/City' is clicked on

2018-11-27 16:57:26 - [TEST_STEP][PASSED] - setText: Text 'joh' is set on object 'Object Repository/Final Object Repo/New Registration - Registration Module Pages/Form 1/Postcode - 810'

2018-11-27 16:57:26 - [MESSAGE][PASSED] - Text 'joh' is set on object 'Object Repository/Final Object Repo/New Registration - Registration Module Pages/Form 1/Postcode - 810'

2018-11-27 16:57:26 - [TEST_STEP][PASSED] - delay: Delayed 1 second(s)

2018-11-27 16:57:27 - [MESSAGE][PASSED] - Delayed 1 second(s)

2018-11-27 16:57:27 - [TEST_STEP][PASSED] - click: Object: 'Object Repository/Final Object Repo/New Registration - Registration Module Pages/Form 1/City - Johor Bharu' is clicked on

2018-11-27 16:57:27 - [MESSAGE][PASSED] - Object: 'Object Repository/Final Object Repo/New Registration - Registration Module Pages/Form 1/City - Johor Bharu' is clicked on

2018-11-27 16:57:27 - [TEST_STEP][PASSED] - delay: Delayed 1 second(s)

2018-11-27 16:57:28 - [MESSAGE][PASSED] - Delayed 1 second(s)

2018-11-27 16:57:28 - [TEST_STEP][PASSED] - click: Object: 'Object Repository/Final Object Repo/New Registration - Registration Module Pages/Form 1/Postcode' is clicked on

2018-11-27 16:57:29 - [MESSAGE][PASSED] - Object: 'Object Repository/Final Object Repo/New Registration - Registration Module Pages/Form 1/Postcode' is clicked on

2018-11-27 16:57:29 - [TEST_STEP][PASSED] - delay: Delayed 1 second(s)

2018-11-27 16:57:30 - [MESSAGE][PASSED] - Delayed 1 second(s)

2018-11-27 16:57:30 - [TEST_STEP][PASSED] - setText: Text '810' is set on object 'Object Repository/Final Object Repo/New Registration - Registration Module Pages/Form 1/Postcode - 810'

2018-11-27 16:57:30 - [MESSAGE][PASSED] - Text '810' is set on object 'Object Repository/Final Object Repo/New Registration - Registration Module Pages/Form 1/Postcode - 810'

2018-11-27 16:57:30 - [TEST_STEP][PASSED] - delay: Delayed 3 second(s)

2018-11-27 16:57:33 - [MESSAGE][PASSED] - Delayed 3 second(s)

2018-11-27 16:57:33 - [TEST_STEP][PASSED] - click: Object: 'Object Repository/Final Object Repo/New Registration - Registration Module Pages/Form 1/Postcode - 81000' is clicked on

2018-11-27 16:57:33 - [MESSAGE][PASSED] - Object: 'Object Repository/Final Object Repo/New Registration - Registration Module Pages/Form 1/Postcode - 81000' is clicked on

2018-11-27 16:57:33 - [TEST_STEP][PASSED] - delay: Delayed 1 second(s)

2018-11-27 16:57:34 - [MESSAGE][PASSED] - Delayed 1 second(s)

2018-11-27 16:57:34 - [TEST_STEP][PASSED] - setText: Text '100' is set on object 'Object Repository/Final Object Repo/New Registration - Registration Module Pages/Form 1/P.O.BOX'

2018-11-27 16:57:35 - [MESSAGE][PASSED] - Text '100' is set on object 'Object Repository/Final Object Repo/New Registration - Registration Module Pages/Form 1/P.O.BOX'

2018-11-27 16:57:35 - [TEST_STEP][PASSED] - setText: Text '100' is set on object 'Object Repository/Final Object Repo/New Registration - Registration Module Pages/Form 1/Locked Bag No'

2018-11-27 16:57:35 - [MESSAGE][PASSED] - Text '100' is set on object 'Object Repository/Final Object Repo/New Registration - Registration Module Pages/Form 1/Locked Bag No'

2018-11-27 16:57:35 - [TEST_STEP][PASSED] - click: Object: 'Object Repository/Final Object Repo/New Registration - Registration Module Pages/Form 1/SOCSO Office Location' is clicked on

2018-11-27 16:57:35 - [MESSAGE][PASSED] - Object: 'Object Repository/Final Object Repo/New Registration - Registration Module Pages/Form 1/SOCSO Office Location' is clicked on

2018-11-27 16:57:35 - [TEST_STEP][PASSED] - click: Object: 'Object Repository/Final Object Repo/New Registration - Registration Module Pages/Form 1/SOCSO Office Location - Pejabat PERKESO Negeri Johor' is clicked on

2018-11-27 16:57:35 - [MESSAGE][PASSED] - Object: 'Object Repository/Final Object Repo/New Registration - Registration Module Pages/Form 1/SOCSO Office Location - Pejabat PERKESO Negeri Johor' is clicked on

2018-11-27 16:57:35 - [TEST_STEP][PASSED] - delay: Delayed 1 second(s)

2018-11-27 16:57:36 - [MESSAGE][PASSED] - Delayed 1 second(s)

2018-11-27 16:57:36 - [TEST_STEP][PASSED] - check: Object 'Object Repository/Final Object Repo/New Registration - Registration Module Pages/Form 1/Indusrty Address Same As Postal Address' is checked

2018-11-27 16:57:36 - [MESSAGE][PASSED] - Object 'Object Repository/Final Object Repo/New Registration - Registration Module Pages/Form 1/Indusrty Address Same As Postal Address' is checked

2018-11-27 16:57:36 - [TEST_STEP][PASSED] - delay: Delayed 3 second(s)

2018-11-27 16:57:39 - [MESSAGE][PASSED] - Delayed 3 second(s)

2018-11-27 16:57:39 - [TEST_STEP][PASSED] - click: Object: 'Object Repository/Final Object Repo/New Registration - Registration Module Pages/Form 1/Indusry Address Same As Postal Address False' is clicked on

2018-11-27 16:57:40 - [MESSAGE][PASSED] - Object: 'Object Repository/Final Object Repo/New Registration - Registration Module Pages/Form 1/Indusry Address Same As Postal Address False' is clicked on

2018-11-27 16:57:40 - [TEST_STEP][PASSED] - delay: Delayed 1 second(s)

2018-11-27 16:57:41 - [MESSAGE][PASSED] - Delayed 1 second(s)

2018-11-27 16:57:41 - [TEST_STEP][PASSED] - setText: Text 'perkeso1' is set on object 'Object Repository/Final Object Repo/New Registration - Registration Module Pages/Form 1/Industry Address1'

2018-11-27 16:57:41 - [MESSAGE][PASSED] - Text 'perkeso1' is set on object 'Object Repository/Final Object Repo/New Registration - Registration Module Pages/Form 1/Industry Address1'

2018-11-27 16:57:41 - [TEST_STEP][PASSED] - setText: Text 'perkeso2' is set on object 'Object Repository/Final Object Repo/New Registration - Registration Module Pages/Form 1/Industry Address2'

2018-11-27 16:57:41 - [MESSAGE][PASSED] - Text 'perkeso2' is set on object 'Object Repository/Final Object Repo/New Registration - Registration Module Pages/Form 1/Industry Address2'

2018-11-27 16:57:41 - [TEST_STEP][PASSED] - setText: Text 'perkeso3' is set on object 'Object Repository/Final Object Repo/New Registration - Registration Module Pages/Form 1/Industry Address3'

2018-11-27 16:57:42 - [MESSAGE][PASSED] - Text 'perkeso3' is set on object 'Object Repository/Final Object Repo/New Registration - Registration Module Pages/Form 1/Industry Address3'

2018-11-27 16:57:42 - [TEST_STEP][PASSED] - click: Object: 'Object Repository/Final Object Repo/New Registration - Registration Module Pages/Form 1/Industry State' is clicked on

2018-11-27 16:57:42 - [MESSAGE][PASSED] - Object: 'Object Repository/Final Object Repo/New Registration - Registration Module Pages/Form 1/Industry State' is clicked on

2018-11-27 16:57:42 - [TEST_STEP][PASSED] - delay: Delayed 2 second(s)

2018-11-27 16:57:44 - [MESSAGE][PASSED] - Delayed 2 second(s)

2018-11-27 16:57:44 - [TEST_STEP][PASSED] - click: Object: 'Object Repository/Final Object Repo/New Registration - Registration Module Pages/Form 1/Industry State - Johor' is clicked on

2018-11-27 16:57:44 - [MESSAGE][PASSED] - Object: 'Object Repository/Final Object Repo/New Registration - Registration Module Pages/Form 1/Industry State - Johor' is clicked on

2018-11-27 16:57:44 - [TEST_STEP][PASSED] - delay: Delayed 2 second(s)

2018-11-27 16:57:46 - [MESSAGE][PASSED] - Delayed 2 second(s)

2018-11-27 16:57:46 - [TEST_STEP][PASSED] - click: Object: 'Object Repository/Final Object Repo/New Registration - Registration Module Pages/Form 1/Industry Ciry' is clicked on

2018-11-27 16:57:46 - [MESSAGE][PASSED] - Object: 'Object Repository/Final Object Repo/New Registration - Registration Module Pages/Form 1/Industry Ciry' is clicked on

2018-11-27 16:57:46 - [TEST_STEP][PASSED] - setText: Text 'joh' is set on object 'Object Repository/Final Object Repo/New Registration - Registration Module Pages/Form 1/Industry Ciry - joh'

2018-11-27 16:57:47 - [MESSAGE][PASSED] - Text 'joh' is set on object 'Object Repository/Final Object Repo/New Registration - Registration Module Pages/Form 1/Industry Ciry - joh'

2018-11-27 16:57:47 - [TEST_STEP][PASSED] - delay: Delayed 2 second(s)

2018-11-27 16:57:49 - [MESSAGE][PASSED] - Delayed 2 second(s)

2018-11-27 16:57:49 - [TEST_STEP][PASSED] - click: Object: 'Object Repository/Final Object Repo/New Registration - Registration Module Pages/Form 1/Industy State - Johor Bharu' is clicked on

2018-11-27 16:57:49 - [MESSAGE][PASSED] - Object: 'Object Repository/Final Object Repo/New Registration - Registration Module Pages/Form 1/Industy State - Johor Bharu' is clicked on

2018-11-27 16:57:49 - [TEST_STEP][PASSED] - delay: Delayed 1 second(s)

2018-11-27 16:57:50 - [MESSAGE][PASSED] - Delayed 1 second(s)

2018-11-27 16:57:50 - [TEST_STEP][PASSED] - click: Object: 'Object Repository/Final Object Repo/New Registration - Registration Module Pages/Form 1/Indusry PostCode' is clicked on

2018-11-27 16:57:50 - [MESSAGE][PASSED] - Object: 'Object Repository/Final Object Repo/New Registration - Registration Module Pages/Form 1/Indusry PostCode' is clicked on

2018-11-27 16:57:50 - [TEST_STEP][PASSED] - delay: Delayed 1 second(s)

2018-11-27 16:57:51 - [MESSAGE][PASSED] - Delayed 1 second(s)

2018-11-27 16:57:51 - [TEST_STEP][PASSED] - setText: Text '810' is set on object 'Object Repository/Final Object Repo/New Registration - Registration Module Pages/Form 1/Insutry Post Code - 810'

2018-11-27 16:57:51 - [MESSAGE][PASSED] - Text '810' is set on object 'Object Repository/Final Object Repo/New Registration - Registration Module Pages/Form 1/Insutry Post Code - 810'

2018-11-27 16:57:51 - [TEST_STEP][PASSED] - delay: Delayed 1 second(s)

2018-11-27 16:57:52 - [MESSAGE][PASSED] - Delayed 1 second(s)

2018-11-27 16:57:52 - [TEST_STEP][PASSED] - click: Object: 'Object Repository/Final Object Repo/New Registration - Registration Module Pages/Form 1/Insutry Post Code - 81000' is clicked on

2018-11-27 16:57:52 - [MESSAGE][PASSED] - Object: 'Object Repository/Final Object Repo/New Registration - Registration Module Pages/Form 1/Insutry Post Code - 81000' is clicked on

2018-11-27 16:57:52 - [TEST_STEP][PASSED] - delay: Delayed 1 second(s)

2018-11-27 16:57:53 - [MESSAGE][PASSED] - Delayed 1 second(s)

2018-11-27 16:57:53 - [TEST_STEP][PASSED] - setText: Text '100' is set on object 'Object Repository/Final Object Repo/New Registration - Registration Module Pages/Form 1/Industry P.O.BOX'

2018-11-27 16:57:54 - [MESSAGE][PASSED] - Text '100' is set on object 'Object Repository/Final Object Repo/New Registration - Registration Module Pages/Form 1/Industry P.O.BOX'

2018-11-27 16:57:54 - [TEST_STEP][PASSED] - setText: Text '100' is set on object 'Object Repository/Final Object Repo/New Registration - Registration Module Pages/Form 1/Industry Locked Bag No'

2018-11-27 16:57:54 - [MESSAGE][PASSED] - Text '100' is set on object 'Object Repository/Final Object Repo/New Registration - Registration Module Pages/Form 1/Industry Locked Bag No'

2018-11-27 16:57:54 - [TEST_STEP][PASSED] - setText: Text '123456789' is set on object 'Object Repository/Final Object Repo/New Registration - Registration Module Pages/Form 1/Telephone No'

2018-11-27 16:57:55 - [MESSAGE][PASSED] - Text '123456789' is set on object 'Object Repository/Final Object Repo/New Registration - Registration Module Pages/Form 1/Telephone No'

2018-11-27 16:57:55 - [TEST_STEP][PASSED] - setText: Text '123456789' is set on object 'Object Repository/Final Object Repo/New Registration - Registration Module Pages/Form 1/Mobile No'

2018-11-27 16:57:55 - [MESSAGE][PASSED] - Text '123456789' is set on object 'Object Repository/Final Object Repo/New Registration - Registration Module Pages/Form 1/Mobile No'

2018-11-27 16:57:55 - [TEST_STEP][PASSED] - setText: Text '123456789' is set on object 'Object Repository/Final Object Repo/New Registration - Registration Module Pages/Form 1/Fax No'

2018-11-27 16:57:55 - [MESSAGE][PASSED] - Text '123456789' is set on object 'Object Repository/Final Object Repo/New Registration - Registration Module Pages/Form 1/Fax No'

2018-11-27 16:57:55 - [TEST_STEP][PASSED] - click: Object: 'Object Repository/Final Object Repo/New Registration - Registration Module Pages/Form 1/Industry Code' is clicked on

2018-11-27 16:57:56 - [MESSAGE][PASSED] - Object: 'Object Repository/Final Object Repo/New Registration - Registration Module Pages/Form 1/Industry Code' is clicked on

2018-11-27 16:57:56 - [TEST_STEP][PASSED] - click: Object: 'Object Repository/Final Object Repo/New Registration - Registration Module Pages/Form 1/Indudustry Code - Crops and Animal' is clicked on

2018-11-27 16:57:56 - [MESSAGE][PASSED] - Object: 'Object Repository/Final Object Repo/New Registration - Registration Module Pages/Form 1/Indudustry Code - Crops and Animal' is clicked on

2018-11-27 16:57:56 - [TEST_STEP][PASSED] - delay: Delayed 1 second(s)

2018-11-27 16:57:57 - [MESSAGE][PASSED] - Delayed 1 second(s)

2018-11-27 16:57:57 - [TEST_STEP][PASSED] - click: Object: 'Object Repository/Final Object Repo/New Registration - Registration Module Pages/Form 1/Sub Industry Code List' is clicked on

2018-11-27 16:57:57 - [MESSAGE][PASSED] - Object: 'Object Repository/Final Object Repo/New Registration - Registration Module Pages/Form 1/Sub Industry Code List' is clicked on

2018-11-27 16:57:57 - [TEST_STEP][PASSED] - click: Object: 'Object Repository/Final Object Repo/New Registration - Registration Module Pages/Form 1/Sub Industry Code List - Growing of Maize' is clicked on

2018-11-27 16:57:57 - [MESSAGE][PASSED] - Object: 'Object Repository/Final Object Repo/New Registration - Registration Module Pages/Form 1/Sub Industry Code List - Growing of Maize' is clicked on

2018-11-27 16:57:57 - [TEST_STEP][PASSED] - setText: Text 'perkeso123@gmail.com' is set on object 'Object Repository/Final Object Repo/New Registration - Registration Module Pages/Form 1/Email'

2018-11-27 16:57:58 - [MESSAGE][PASSED] - Text 'perkeso123@gmail.com' is set on object 'Object Repository/Final Object Repo/New Registration - Registration Module Pages/Form 1/Email'

2018-11-27 16:57:58 - [TEST_STEP][PASSED] - click: Object: 'Object Repository/Final Object Repo/New Registration - Registration Module Pages/Form 1/Method of Contribution Payment' is clicked on

2018-11-27 16:57:58 - [MESSAGE][PASSED] - Object: 'Object Repository/Final Object Repo/New Registration - Registration Module Pages/Form 1/Method of Contribution Payment' is clicked on

2018-11-27 16:57:58 - [TEST_STEP][PASSED] - click: Object: 'Object Repository/Final Object Repo/New Registration - Registration Module Pages/Form 1/Method of Contribution Payment - Portal' is clicked on

2018-11-27 16:57:58 - [MESSAGE][PASSED] - Object: 'Object Repository/Final Object Repo/New Registration - Registration Module Pages/Form 1/Method of Contribution Payment - Portal' is clicked on

2018-11-27 16:57:58 - [TEST_STEP][PASSED] - click: Object: 'Object Repository/Final Object Repo/New Registration - Registration Module Pages/Form 1/Servide Type' is clicked on

2018-11-27 16:57:59 - [MESSAGE][PASSED] - Object: 'Object Repository/Final Object Repo/New Registration - Registration Module Pages/Form 1/Servide Type' is clicked on

2018-11-27 16:57:59 - [TEST_STEP][PASSED] - click: Object: 'Object Repository/Final Object Repo/New Registration - Registration Module Pages/Form 1/Servide Type - Professional Bodies' is clicked on

2018-11-27 16:57:59 - [MESSAGE][PASSED] - Object: 'Object Repository/Final Object Repo/New Registration - Registration Module Pages/Form 1/Servide Type - Professional Bodies' is clicked on

2018-11-27 16:57:59 - [TEST_STEP][PASSED] - click: Object: 'Object Repository/Final Object Repo/New Registration - Registration Module Pages/Form 1/Industry Venue' is clicked on

2018-11-27 16:57:59 - [MESSAGE][PASSED] - Object: 'Object Repository/Final Object Repo/New Registration - Registration Module Pages/Form 1/Industry Venue' is clicked on

2018-11-27 16:57:59 - [TEST_STEP][PASSED] - click: Object: 'Object Repository/Final Object Repo/New Registration - Registration Module Pages/Form 1/Industry Venue -  PPN JOHOR' is clicked on

2018-11-27 16:57:59 - [MESSAGE][PASSED] - Object: 'Object Repository/Final Object Repo/New Registration - Registration Module Pages/Form 1/Industry Venue -  PPN JOHOR' is clicked on

2018-11-27 16:57:59 - [TEST_STEP][PASSED] - click: Object: 'Object Repository/Final Object Repo/New Registration - Registration Module Pages/Form 1/Save  Continue' is clicked on

2018-11-27 16:57:59 - [MESSAGE][PASSED] - Object: 'Object Repository/Final Object Repo/New Registration - Registration Module Pages/Form 1/Save  Continue' is clicked on

2018-11-27 16:57:59 - [MESSAGE][PASSED] - Call Test Case 'Test Cases/Final Aug 2018 - PKS Automation/Registration Module/New Registration/Form 1/Form 1 - Corporation - BHD' successfully

2018-11-27 16:57:59 - [TEST_STEP][PASSED] - callTestCase: Call Test Case 'Test Cases/Final Aug 2018 - PKS Automation/Registration Module/New Registration/Form 2/Add 1 Eligible' successfully

2018-11-27 16:58:00 - [TEST_CASE][PASSED] - Test Cases/Final Aug 2018 - PKS Automation/Registration Module/New Registration/Form 2/Add 1 Eligible: Test Cases/Final Aug 2018 - PKS Automation/Registration Module/New Registration/Form 2/Add 1 Eligible

2018-11-27 16:58:00 - [TEST_STEP][PASSED] - delay: Delayed 2 second(s)

2018-11-27 16:58:02 - [MESSAGE][PASSED] - Delayed 2 second(s)

2018-11-27 16:58:02 - [TEST_STEP][PASSED] - callTestCase: Call Test Case 'Test Cases/Final Aug 2018 - PKS Automation/Registration Module/New Registration/Form 2/Date Updater' successfully

2018-11-27 16:58:02 - [TEST_CASE][PASSED] - Test Cases/Final Aug 2018 - PKS Automation/Registration Module/New Registration/Form 2/Date Updater: Test Cases/Final Aug 2018 - PKS Automation/Registration Module/New Registration/Form 2/Date Updater

2018-11-27 16:58:02 - [TEST_STEP][PASSED] - Statement - TodayDate = new java.util.Date(): null

2018-11-27 16:58:02 - [TEST_STEP][PASSED] - Statement - CurrentDateNoFilter = new java.text.SimpleDateFormat(): null

2018-11-27 16:58:02 - [TEST_STEP][PASSED] - Statement - CurrentDateNoFilter.applyPattern("dd"): null

2018-11-27 16:58:02 - [TEST_STEP][PASSED] - Statement - CurrentDate = CurrentDateNoFilter.format(TodayDate): null

2018-11-27 16:58:02 - [TEST_STEP][PASSED] - Statement - CurrentDate = java.lang.Integer.parseInt(CurrentDate): null

2018-11-27 16:58:02 - [TEST_STEP][PASSED] - Statement - CurrentDate = CurrentDate: null

2018-11-27 16:58:02 - [TEST_STEP][PASSED] - Statement - CurrentDay = java.lang.Integer.parseInt(CurrentDate): null

2018-11-27 16:58:02 - [TEST_STEP][PASSED] - Statement - aDayBefore = CurrentDay + 1: null

2018-11-27 16:58:02 - [TEST_STEP][PASSED] - Statement - DayBefore = aDayBefore.toString(): null

2018-11-27 16:58:02 - [TEST_STEP][PASSED] - Statement - OneDayBefore = DayBefore: null

2018-11-27 16:58:02 - [TEST_STEP][PASSED] - Statement - CurrentDateNoFilter.applyPattern("MM"): null

2018-11-27 16:58:02 - [TEST_STEP][PASSED] - Statement - monthContainerMatcher = java.lang.Integer.parseInt(CurrentDateNoFilter.format(TodayDate)): null

2018-11-27 16:58:02 - [TEST_STEP][PASSED] - Statement - monthContainerMatcher = monthContainerMatcher - 1: null

2018-11-27 16:58:02 - [TEST_STEP][PASSED] - Statement - CurrentMonth = monthContainerMatcher.toString(): null

2018-11-27 16:58:02 - [TEST_STEP][PASSED] - Statement - CurrentMonth = CurrentMonth: null

2018-11-27 16:58:02 - [TEST_STEP][PASSED] - Statement - CurrentDateNoFilter.applyPattern("yyyy"): null

2018-11-27 16:58:02 - [TEST_STEP][PASSED] - Statement - CurrentYear = CurrentDateNoFilter.format(TodayDate): null

2018-11-27 16:58:02 - [TEST_STEP][PASSED] - Statement - CurrentYear = CurrentYear: null

2018-11-27 16:58:02 - [TEST_STEP][PASSED] - Statement - intCurrentYear = java.lang.Integer.parseInt(CurrentDateNoFilter.format(TodayDate)): null

2018-11-27 16:58:02 - [TEST_STEP][PASSED] - Statement - eighteenYrsAgo = intCurrentYear - 18: null

2018-11-27 16:58:02 - [TEST_STEP][PASSED] - Statement - eighteenYrsBeforeThisYr = eighteenYrsAgo.toString(): null

2018-11-27 16:58:02 - [TEST_STEP][PASSED] - Statement - EighteenYrsBefore = eighteenYrsBeforeThisYr: null

2018-11-27 16:58:02 - [TEST_STEP][PASSED] - Statement - fiftysevenYrsAgo = intCurrentYear - 57: null

2018-11-27 16:58:02 - [TEST_STEP][PASSED] - Statement - fiftysevenYrsBeforeThisYr = fiftysevenYrsAgo.toString(): null

2018-11-27 16:58:02 - [TEST_STEP][PASSED] - Statement - FiftysevenYrsBefore = fiftysevenYrsBeforeThisYr: null

2018-11-27 16:58:02 - [MESSAGE][PASSED] - Call Test Case 'Test Cases/Final Aug 2018 - PKS Automation/Registration Module/New Registration/Form 2/Date Updater' successfully

2018-11-27 16:58:02 - [TEST_STEP][PASSED] - delay: Delayed 1 second(s)

2018-11-27 16:58:03 - [MESSAGE][PASSED] - Delayed 1 second(s)

2018-11-27 16:58:03 - [TEST_STEP][PASSED] - Statement - CaseReferenceNo = com.kms.katalon.core.webui.keyword.WebUiBuiltInKeywords.getText(com.kms.katalon.core.testobject.ObjectRepository.findTestObject(Final Object Repo/New Registration - Registration Module Pages/Form 2/RefNo Acquiring)): Text of object 'Object Repository/Final Object Repo/New Registration - Registration Module Pages/Form 2/RefNo Acquiring' is: 'CRN11201800122875'

2018-11-27 16:58:03 - [MESSAGE][PASSED] - Text of object 'Object Repository/Final Object Repo/New Registration - Registration Module Pages/Form 2/RefNo Acquiring' is: 'CRN11201800122875'

2018-11-27 16:58:03 - [TEST_STEP][PASSED] - delay: Delayed 1 second(s)

2018-11-27 16:58:04 - [MESSAGE][PASSED] - Delayed 1 second(s)

2018-11-27 16:58:04 - [TEST_STEP][PASSED] - click: Object: 'Object Repository/Final Object Repo/New Registration - Registration Module Pages/Form 2/Add Employee Button' is clicked on

2018-11-27 16:58:04 - [MESSAGE][PASSED] - Object: 'Object Repository/Final Object Repo/New Registration - Registration Module Pages/Form 2/Add Employee Button' is clicked on

2018-11-27 16:58:04 - [TEST_STEP][PASSED] - delay: Delayed 1 second(s)

2018-11-27 16:58:05 - [MESSAGE][PASSED] - Delayed 1 second(s)

2018-11-27 16:58:05 - [TEST_STEP][PASSED] - setText: Text '010903091963' is set on object 'Object Repository/Final Object Repo/New Registration - Registration Module Pages/Form 2/NRIC Input'

2018-11-27 16:58:05 - [MESSAGE][PASSED] - Text '010903091963' is set on object 'Object Repository/Final Object Repo/New Registration - Registration Module Pages/Form 2/NRIC Input'

2018-11-27 16:58:05 - [TEST_STEP][PASSED] - click: Object: 'Object Repository/Final Object Repo/New Registration - Registration Module Pages/Form 2/button for search for IC' is clicked on

2018-11-27 16:58:05 - [MESSAGE][PASSED] - Object: 'Object Repository/Final Object Repo/New Registration - Registration Module Pages/Form 2/button for search for IC' is clicked on

2018-11-27 16:58:05 - [TEST_STEP][PASSED] - delay: Delayed 2 second(s)

2018-11-27 16:58:07 - [MESSAGE][PASSED] - Delayed 2 second(s)

2018-11-27 16:58:07 - [TEST_STEP][PASSED] - setText: Text 'Automate001 eligible 1' is set on object 'Object Repository/Final Object Repo/New Registration - Registration Module Pages/Form 2/Employee Name Input'

2018-11-27 16:58:08 - [MESSAGE][PASSED] - Text 'Automate001 eligible 1' is set on object 'Object Repository/Final Object Repo/New Registration - Registration Module Pages/Form 2/Employee Name Input'

2018-11-27 16:58:08 - [TEST_STEP][PASSED] - delay: Delayed 2 second(s)

2018-11-27 16:58:10 - [MESSAGE][PASSED] - Delayed 2 second(s)

2018-11-27 16:58:10 - [TEST_STEP][PASSED] - click: Object: 'Object Repository/Final Object Repo/New Registration - Registration Module Pages/Form 2/DatePicker Pop Up' is clicked on

2018-11-27 16:58:10 - [MESSAGE][PASSED] - Object: 'Object Repository/Final Object Repo/New Registration - Registration Module Pages/Form 2/DatePicker Pop Up' is clicked on

2018-11-27 16:58:10 - [TEST_STEP][PASSED] - click: Object: 'Object Repository/Final Object Repo/New Registration - Registration Module Pages/Form 2/DOB Month' is clicked on

2018-11-27 16:58:10 - [MESSAGE][PASSED] - Object: 'Object Repository/Final Object Repo/New Registration - Registration Module Pages/Form 2/DOB Month' is clicked on

2018-11-27 16:58:10 - [TEST_STEP][PASSED] - Statement - CurrentMonth = CurrentMonth: null

2018-11-27 16:58:10 - [TEST_STEP][PASSED] - Statement - selectMonth = new com.kms.katalon.core.testobject.TestObject(): null

2018-11-27 16:58:10 - [TEST_STEP][PASSED] - Statement - selectMonth.addProperty("xpath", EQUALS, "//body/div/div/div/select/option[@value='" + CurrentMonth + "']", true): null

2018-11-27 16:58:10 - [TEST_STEP][PASSED] - click: Object: '' is clicked on

2018-11-27 16:58:10 - [MESSAGE][PASSED] - Object: '' is clicked on

2018-11-27 16:58:10 - [TEST_STEP][PASSED] - click: Object: 'Object Repository/Final Object Repo/New Registration - Registration Module Pages/Form 2/DOB Year' is clicked on

2018-11-27 16:58:11 - [MESSAGE][PASSED] - Object: 'Object Repository/Final Object Repo/New Registration - Registration Module Pages/Form 2/DOB Year' is clicked on

2018-11-27 16:58:11 - [TEST_STEP][PASSED] - Statement - Eyearsbf = EighteenYrsBefore: null

2018-11-27 16:58:11 - [TEST_STEP][PASSED] - Statement - selectYear = new com.kms.katalon.core.testobject.TestObject(): null

2018-11-27 16:58:11 - [TEST_STEP][PASSED] - Statement - selectYear.addProperty("xpath", EQUALS, "//div/div/div/select/option[@value='" + Eyearsbf + "']", true): null

2018-11-27 16:58:11 - [TEST_STEP][PASSED] - click: Object: '' is clicked on

2018-11-27 16:58:11 - [MESSAGE][PASSED] - Object: '' is clicked on

2018-11-27 16:58:11 - [TEST_STEP][PASSED] - Statement - UpdatedSelectDate = com.kms.katalon.core.webui.keyword.WebUiBuiltInKeywords.modifyObjectProperty(com.kms.katalon.core.testobject.ObjectRepository.findTestObject(Final Object Repo/New Registration - Registration Module Pages/Form 2/DOB Date), "xpath", "equals", "//body/div/table/tbody/tr/td/a[text()="" + CurrentDate + ""]", true): Modify property of object successfully

2018-11-27 16:58:11 - [MESSAGE][PASSED] - Modify property of object successfully

2018-11-27 16:58:11 - [TEST_STEP][PASSED] - delay: Delayed 3 second(s)

2018-11-27 16:58:14 - [MESSAGE][PASSED] - Delayed 3 second(s)

2018-11-27 16:58:14 - [TEST_STEP][PASSED] - click: Object: 'Object Repository/Final Object Repo/New Registration - Registration Module Pages/Form 2/DOB Date' is clicked on

2018-11-27 16:58:14 - [MESSAGE][PASSED] - Object: 'Object Repository/Final Object Repo/New Registration - Registration Module Pages/Form 2/DOB Date' is clicked on

2018-11-27 16:58:14 - [TEST_STEP][PASSED] - delay: Delayed 2 second(s)

2018-11-27 16:58:16 - [MESSAGE][PASSED] - Delayed 2 second(s)

2018-11-27 16:58:16 - [TEST_STEP][PASSED] - click: Object: 'Object Repository/Final Object Repo/New Registration - Registration Module Pages/Form 2/EmploymentStartDate Pop Up' is clicked on

2018-11-27 16:58:16 - [MESSAGE][PASSED] - Object: 'Object Repository/Final Object Repo/New Registration - Registration Module Pages/Form 2/EmploymentStartDate Pop Up' is clicked on

2018-11-27 16:58:16 - [TEST_STEP][PASSED] - delay: Delayed 2 second(s)

2018-11-27 16:58:18 - [MESSAGE][PASSED] - Delayed 2 second(s)

2018-11-27 16:58:18 - [TEST_STEP][PASSED] - click: Object: 'Object Repository/Final Object Repo/New Registration - Registration Module Pages/Form 2/Socso Employment StartDate Month' is clicked on

2018-11-27 16:58:18 - [MESSAGE][PASSED] - Object: 'Object Repository/Final Object Repo/New Registration - Registration Module Pages/Form 2/Socso Employment StartDate Month' is clicked on

2018-11-27 16:58:18 - [TEST_STEP][PASSED] - delay: Delayed 1 second(s)

2018-11-27 16:58:19 - [MESSAGE][PASSED] - Delayed 1 second(s)

2018-11-27 16:58:19 - [TEST_STEP][PASSED] - click: Object: 'Object Repository/Final Object Repo/New Registration - Registration Module Pages/Form 2/Select Socso Employement Startdate Month' is clicked on

2018-11-27 16:58:19 - [MESSAGE][PASSED] - Object: 'Object Repository/Final Object Repo/New Registration - Registration Module Pages/Form 2/Select Socso Employement Startdate Month' is clicked on

2018-11-27 16:58:19 - [TEST_STEP][PASSED] - delay: Delayed 2 second(s)

2018-11-27 16:58:21 - [MESSAGE][PASSED] - Delayed 2 second(s)

2018-11-27 16:58:21 - [TEST_STEP][PASSED] - click: Object: 'Object Repository/Final Object Repo/New Registration - Registration Module Pages/Form 2/Socso Employment StartDate Year' is clicked on

2018-11-27 16:58:22 - [MESSAGE][PASSED] - Object: 'Object Repository/Final Object Repo/New Registration - Registration Module Pages/Form 2/Socso Employment StartDate Year' is clicked on

2018-11-27 16:58:22 - [TEST_STEP][PASSED] - delay: Delayed 1 second(s)

2018-11-27 16:58:23 - [MESSAGE][PASSED] - Delayed 1 second(s)

2018-11-27 16:58:23 - [TEST_STEP][PASSED] - click: Object: 'Object Repository/Final Object Repo/New Registration - Registration Module Pages/Form 2/Select Socso Employment Startdate Year' is clicked on

2018-11-27 16:58:23 - [MESSAGE][PASSED] - Object: 'Object Repository/Final Object Repo/New Registration - Registration Module Pages/Form 2/Select Socso Employment Startdate Year' is clicked on

2018-11-27 16:58:23 - [TEST_STEP][PASSED] - delay: Delayed 2 second(s)

2018-11-27 16:58:25 - [MESSAGE][PASSED] - Delayed 2 second(s)

2018-11-27 16:58:25 - [TEST_STEP][PASSED] - click: Object: 'Object Repository/Final Object Repo/New Registration - Registration Module Pages/Form 2/Socso Employment Start Date Day' is clicked on

2018-11-27 16:58:25 - [MESSAGE][PASSED] - Object: 'Object Repository/Final Object Repo/New Registration - Registration Module Pages/Form 2/Socso Employment Start Date Day' is clicked on

2018-11-27 16:58:25 - [TEST_STEP][PASSED] - delay: Delayed 2 second(s)

2018-11-27 16:58:27 - [MESSAGE][PASSED] - Delayed 2 second(s)

2018-11-27 16:58:27 - [TEST_STEP][PASSED] - click: Object: 'Object Repository/Final Object Repo/New Registration - Registration Module Pages/Form 2/Save Button for Add Employee' is clicked on

2018-11-27 16:58:27 - [MESSAGE][PASSED] - Object: 'Object Repository/Final Object Repo/New Registration - Registration Module Pages/Form 2/Save Button for Add Employee' is clicked on

2018-11-27 16:58:27 - [TEST_STEP][PASSED] - delay: Delayed 6 second(s)

2018-11-27 16:58:33 - [MESSAGE][PASSED] - Delayed 6 second(s)

2018-11-27 16:58:33 - [TEST_STEP][PASSED] - click: Object: 'Object Repository/Final Object Repo/New Registration - Registration Module Pages/Form 2/Save and Continue Form 2' is clicked on

2018-11-27 16:58:33 - [MESSAGE][PASSED] - Object: 'Object Repository/Final Object Repo/New Registration - Registration Module Pages/Form 2/Save and Continue Form 2' is clicked on

2018-11-27 16:58:33 - [MESSAGE][PASSED] - Call Test Case 'Test Cases/Final Aug 2018 - PKS Automation/Registration Module/New Registration/Form 2/Add 1 Eligible' successfully

2018-11-27 16:58:33 - [TEST_STEP][PASSED] - callTestCase: Call Test Case 'Test Cases/Final Aug 2018 - PKS Automation/Registration Module/New Registration/Flow of New Registration/Third Screen - Upload Supporting Doc - Preview' successfully

2018-11-27 16:58:33 - [TEST_CASE][PASSED] - Test Cases/Final Aug 2018 - PKS Automation/Registration Module/New Registration/Flow of New Registration/Third Screen - Upload Supporting Doc - Preview: Test Cases/Final Aug 2018 - PKS Automation/Registration Module/New Registration/Flow of New Registration/Third Screen - Upload Supporting Doc - Preview

2018-11-27 16:58:33 - [TEST_STEP][PASSED] - waitForPageLoad: Wait for page load successfully

2018-11-27 16:58:34 - [MESSAGE][PASSED] - Wait for page load successfully

2018-11-27 16:58:34 - [TEST_STEP][PASSED] - Statement - CaseReferenceNo = com.kms.katalon.core.webui.keyword.WebUiBuiltInKeywords.getText(com.kms.katalon.core.testobject.ObjectRepository.findTestObject(Final Object Repo/New Registration - Registration Module Pages/Third Screen - Upload Supporting Doc- Preview/RefNo Acquiring)): Text of object 'Object Repository/Final Object Repo/New Registration - Registration Module Pages/Third Screen - Upload Supporting Doc- Preview/RefNo Acquiring' is: 'CRN11201800122875'

2018-11-27 16:58:34 - [MESSAGE][PASSED] - Text of object 'Object Repository/Final Object Repo/New Registration - Registration Module Pages/Third Screen - Upload Supporting Doc- Preview/RefNo Acquiring' is: 'CRN11201800122875'

2018-11-27 16:58:34 - [TEST_STEP][PASSED] - delay: Delayed 2 second(s)

2018-11-27 16:58:36 - [MESSAGE][PASSED] - Delayed 2 second(s)

2018-11-27 16:58:36 - [TEST_STEP][PASSED] - callTestCase: Call Test Case 'Test Cases/Final Aug 2018 - PKS Automation/Common/Reference Number Setter' successfully

2018-11-27 16:58:36 - [TEST_CASE][PASSED] - Test Cases/Final Aug 2018 - PKS Automation/Common/Reference Number Setter: Test Cases/Final Aug 2018 - PKS Automation/Common/Reference Number Setter

2018-11-27 16:58:36 - [TEST_STEP][PASSED] - Statement - RefNoOldFile = new java.io.File(C://Users//Admin//Desktop//PKS//Automation Reference Point//KatalonReference.txt): null

2018-11-27 16:58:36 - [TEST_STEP][PASSED] - Statement - RefNoOldFile.delete(): null

2018-11-27 16:58:36 - [TEST_STEP][PASSED] - delay: Delayed 5 second(s)

2018-11-27 16:58:41 - [MESSAGE][PASSED] - Delayed 5 second(s)

2018-11-27 16:58:41 - [TEST_STEP][PASSED] - Statement - RefNo = new java.io.File(C://Users//Admin//Desktop//PKS//Automation Reference Point//KatalonReference.txt): null

2018-11-27 16:58:41 - [TEST_STEP][PASSED] - Statement - f2 = new java.io.FileWriter(RefNo, false): null

2018-11-27 16:58:41 - [TEST_STEP][PASSED] - Statement - f2.write(CaseReferenceNo): null

2018-11-27 16:58:41 - [TEST_STEP][PASSED] - Statement - f2.close(): null

2018-11-27 16:58:41 - [TEST_STEP][PASSED] - Statement - out.println("


" + CaseReferenceNo + "


"): null

2018-11-27 16:58:41 - [MESSAGE][PASSED] - Call Test Case 'Test Cases/Final Aug 2018 - PKS Automation/Common/Reference Number Setter' successfully

2018-11-27 16:58:41 - [TEST_STEP][PASSED] - waitForElementClickable: Object 'Object Repository/Final Object Repo/New Registration - Registration Module Pages/Third Screen - Upload Supporting Doc- Preview/Save n Continue in SIP Employee Listing Page' is clickable

2018-11-27 16:58:41 - [MESSAGE][PASSED] - Object 'Object Repository/Final Object Repo/New Registration - Registration Module Pages/Third Screen - Upload Supporting Doc- Preview/Save n Continue in SIP Employee Listing Page' is clickable

2018-11-27 16:58:41 - [TEST_STEP][PASSED] - click: Object: 'Object Repository/Final Object Repo/New Registration - Registration Module Pages/Third Screen - Upload Supporting Doc- Preview/Save n Continue in SIP Employee Listing Page' is clicked on

2018-11-27 16:58:47 - [MESSAGE][PASSED] - Object: 'Object Repository/Final Object Repo/New Registration - Registration Module Pages/Third Screen - Upload Supporting Doc- Preview/Save n Continue in SIP Employee Listing Page' is clicked on

2018-11-27 16:58:47 - [TEST_STEP][PASSED] - delay: Delayed 7 second(s)

2018-11-27 16:58:54 - [MESSAGE][PASSED] - Delayed 7 second(s)

2018-11-27 16:58:54 - [TEST_STEP][PASSED] - click: Object: 'Object Repository/Final Object Repo/New Registration - Registration Module Pages/Third Screen - Upload Supporting Doc- Preview/Add Document Button' is clicked on

2018-11-27 16:58:54 - [MESSAGE][PASSED] - Object: 'Object Repository/Final Object Repo/New Registration - Registration Module Pages/Third Screen - Upload Supporting Doc- Preview/Add Document Button' is clicked on

2018-11-27 16:58:54 - [TEST_STEP][PASSED] - delay: Delayed 30 second(s)

2018-11-27 16:59:24 - [MESSAGE][PASSED] - Delayed 30 second(s)

2018-11-27 16:59:24 - [TEST_STEP][PASSED] - click: Object: 'Object Repository/Final Object Repo/New Registration - Registration Module Pages/Third Screen - Upload Supporting Doc- Preview/Supporting Doc Please Select Drop Down' is clicked on

2018-11-27 16:59:24 - [MESSAGE][PASSED] - Object: 'Object Repository/Final Object Repo/New Registration - Registration Module Pages/Third Screen - Upload Supporting Doc- Preview/Supporting Doc Please Select Drop Down' is clicked on

2018-11-27 16:59:24 - [TEST_STEP][PASSED] - delay: Delayed 2 second(s)

2018-11-27 16:59:26 - [MESSAGE][PASSED] - Delayed 2 second(s)

2018-11-27 16:59:26 - [TEST_STEP][PASSED] - click: Object: 'Object Repository/Final Object Repo/New Registration - Registration Module Pages/Third Screen - Upload Supporting Doc- Preview/Select to Upload Form 1' is clicked on

2018-11-27 16:59:26 - [MESSAGE][PASSED] - Object: 'Object Repository/Final Object Repo/New Registration - Registration Module Pages/Third Screen - Upload Supporting Doc- Preview/Select to Upload Form 1' is clicked on

2018-11-27 16:59:26 - [TEST_STEP][PASSED] - delay: Delayed 2 second(s)

2018-11-27 16:59:28 - [MESSAGE][PASSED] - Delayed 2 second(s)

2018-11-27 16:59:28 - [TEST_STEP][PASSED] - uploadFile: File 'C:\Users\Public\Pictures\Sample Pictures\Koala.jpg' sent to object: 'Object Repository/Final Object Repo/New Registration - Registration Module Pages/Third Screen - Upload Supporting Doc- Preview/Upload File Adding'

2018-11-27 16:59:28 - [MESSAGE][PASSED] - File 'C:\Users\Public\Pictures\Sample Pictures\Koala.jpg' sent to object: 'Object Repository/Final Object Repo/New Registration - Registration Module Pages/Third Screen - Upload Supporting Doc- Preview/Upload File Adding'

2018-11-27 16:59:28 - [TEST_STEP][PASSED] - delay: Delayed 5 second(s)

2018-11-27 16:59:33 - [MESSAGE][PASSED] - Delayed 5 second(s)

2018-11-27 16:59:33 - [TEST_STEP][PASSED] - click: Object: 'Object Repository/Final Object Repo/New Registration - Registration Module Pages/Third Screen - Upload Supporting Doc- Preview/Inner Form Add Document Button' is clicked on

2018-11-27 16:59:33 - [MESSAGE][PASSED] - Object: 'Object Repository/Final Object Repo/New Registration - Registration Module Pages/Third Screen - Upload Supporting Doc- Preview/Inner Form Add Document Button' is clicked on

2018-11-27 16:59:33 - [TEST_STEP][PASSED] - delay: Delayed 3 second(s)

2018-11-27 16:59:36 - [MESSAGE][PASSED] - Delayed 3 second(s)

2018-11-27 16:59:36 - [TEST_STEP][PASSED] - click: Object: 'Object Repository/Final Object Repo/New Registration - Registration Module Pages/Third Screen - Upload Supporting Doc- Preview/Add Document Button' is clicked on

2018-11-27 16:59:38 - [MESSAGE][PASSED] - Object: 'Object Repository/Final Object Repo/New Registration - Registration Module Pages/Third Screen - Upload Supporting Doc- Preview/Add Document Button' is clicked on

2018-11-27 16:59:38 - [TEST_STEP][PASSED] - delay: Delayed 30 second(s)

2018-11-27 17:00:08 - [MESSAGE][PASSED] - Delayed 30 second(s)

2018-11-27 17:00:08 - [TEST_STEP][PASSED] - click: Object: 'Object Repository/Final Object Repo/New Registration - Registration Module Pages/Third Screen - Upload Supporting Doc- Preview/Supporting Doc Please Select Drop Down' is clicked on

2018-11-27 17:00:08 - [MESSAGE][PASSED] - Object: 'Object Repository/Final Object Repo/New Registration - Registration Module Pages/Third Screen - Upload Supporting Doc- Preview/Supporting Doc Please Select Drop Down' is clicked on

2018-11-27 17:00:08 - [TEST_STEP][PASSED] - delay: Delayed 2 second(s)

2018-11-27 17:00:10 - [MESSAGE][PASSED] - Delayed 2 second(s)

2018-11-27 17:00:10 - [TEST_STEP][PASSED] - click: Object: 'Object Repository/Final Object Repo/New Registration - Registration Module Pages/Third Screen - Upload Supporting Doc- Preview/Select to Upload Form 2' is clicked on

2018-11-27 17:00:10 - [MESSAGE][PASSED] - Object: 'Object Repository/Final Object Repo/New Registration - Registration Module Pages/Third Screen - Upload Supporting Doc- Preview/Select to Upload Form 2' is clicked on

2018-11-27 17:00:10 - [TEST_STEP][PASSED] - delay: Delayed 2 second(s)

2018-11-27 17:00:12 - [MESSAGE][PASSED] - Delayed 2 second(s)

2018-11-27 17:00:12 - [TEST_STEP][PASSED] - uploadFile: File 'C:\Users\Public\Pictures\Sample Pictures\Koala.jpg' sent to object: 'Object Repository/Final Object Repo/New Registration - Registration Module Pages/Third Screen - Upload Supporting Doc- Preview/Upload File Adding'

2018-11-27 17:00:12 - [MESSAGE][PASSED] - File 'C:\Users\Public\Pictures\Sample Pictures\Koala.jpg' sent to object: 'Object Repository/Final Object Repo/New Registration - Registration Module Pages/Third Screen - Upload Supporting Doc- Preview/Upload File Adding'

2018-11-27 17:00:12 - [TEST_STEP][PASSED] - click: Object: 'Object Repository/Final Object Repo/New Registration - Registration Module Pages/Third Screen - Upload Supporting Doc- Preview/Inner Form Add Document Button' is clicked on

2018-11-27 17:00:12 - [MESSAGE][PASSED] - Object: 'Object Repository/Final Object Repo/New Registration - Registration Module Pages/Third Screen - Upload Supporting Doc- Preview/Inner Form Add Document Button' is clicked on

2018-11-27 17:00:12 - [TEST_STEP][PASSED] - delay: Delayed 5 second(s)

2018-11-27 17:00:17 - [MESSAGE][PASSED] - Delayed 5 second(s)

2018-11-27 17:00:17 - [TEST_STEP][PASSED] - click: Object: 'Object Repository/Final Object Repo/New Registration - Registration Module Pages/Third Screen - Upload Supporting Doc- Preview/Add Document Button' is clicked on

2018-11-27 17:00:17 - [MESSAGE][PASSED] - Object: 'Object Repository/Final Object Repo/New Registration - Registration Module Pages/Third Screen - Upload Supporting Doc- Preview/Add Document Button' is clicked on

2018-11-27 17:00:17 - [TEST_STEP][PASSED] - delay: Delayed 30 second(s)

2018-11-27 17:00:47 - [MESSAGE][PASSED] - Delayed 30 second(s)

2018-11-27 17:00:47 - [TEST_STEP][PASSED] - click: Object: 'Object Repository/Final Object Repo/New Registration - Registration Module Pages/Third Screen - Upload Supporting Doc- Preview/Supporting Doc Please Select Drop Down' is clicked on

2018-11-27 17:00:48 - [MESSAGE][PASSED] - Object: 'Object Repository/Final Object Repo/New Registration - Registration Module Pages/Third Screen - Upload Supporting Doc- Preview/Supporting Doc Please Select Drop Down' is clicked on

2018-11-27 17:00:48 - [TEST_STEP][PASSED] - click: Object: 'Object Repository/Final Object Repo/New Registration - Registration Module Pages/Third Screen - Upload Supporting Doc- Preview/Select to Upload Borang SIP 1' is clicked on

2018-11-27 17:00:48 - [MESSAGE][PASSED] - Object: 'Object Repository/Final Object Repo/New Registration - Registration Module Pages/Third Screen - Upload Supporting Doc- Preview/Select to Upload Borang SIP 1' is clicked on

2018-11-27 17:00:48 - [TEST_STEP][PASSED] - delay: Delayed 2 second(s)

2018-11-27 17:00:50 - [MESSAGE][PASSED] - Delayed 2 second(s)

2018-11-27 17:00:50 - [TEST_STEP][PASSED] - uploadFile: File 'C:\Users\Public\Pictures\Sample Pictures\Koala.jpg' sent to object: 'Object Repository/Final Object Repo/New Registration - Registration Module Pages/Third Screen - Upload Supporting Doc- Preview/Upload File Adding'

2018-11-27 17:00:50 - [MESSAGE][PASSED] - File 'C:\Users\Public\Pictures\Sample Pictures\Koala.jpg' sent to object: 'Object Repository/Final Object Repo/New Registration - Registration Module Pages/Third Screen - Upload Supporting Doc- Preview/Upload File Adding'

2018-11-27 17:00:50 - [TEST_STEP][PASSED] - click: Object: 'Object Repository/Final Object Repo/New Registration - Registration Module Pages/Third Screen - Upload Supporting Doc- Preview/Inner Form Add Document Button' is clicked on

2018-11-27 17:00:50 - [MESSAGE][PASSED] - Object: 'Object Repository/Final Object Repo/New Registration - Registration Module Pages/Third Screen - Upload Supporting Doc- Preview/Inner Form Add Document Button' is clicked on

2018-11-27 17:00:50 - [TEST_STEP][PASSED] - delay: Delayed 5 second(s)

2018-11-27 17:00:55 - [MESSAGE][PASSED] - Delayed 5 second(s)

2018-11-27 17:00:55 - [TEST_STEP][PASSED] - click: Object: 'Object Repository/Final Object Repo/New Registration - Registration Module Pages/Third Screen - Upload Supporting Doc- Preview/Add Document Button' is clicked on

2018-11-27 17:00:55 - [MESSAGE][PASSED] - Object: 'Object Repository/Final Object Repo/New Registration - Registration Module Pages/Third Screen - Upload Supporting Doc- Preview/Add Document Button' is clicked on

2018-11-27 17:00:55 - [TEST_STEP][PASSED] - delay: Delayed 30 second(s)

2018-11-27 17:01:25 - [MESSAGE][PASSED] - Delayed 30 second(s)

2018-11-27 17:01:25 - [TEST_STEP][PASSED] - click: Object: 'Object Repository/Final Object Repo/New Registration - Registration Module Pages/Third Screen - Upload Supporting Doc- Preview/Supporting Doc Please Select Drop Down' is clicked on

2018-11-27 17:01:26 - [MESSAGE][PASSED] - Object: 'Object Repository/Final Object Repo/New Registration - Registration Module Pages/Third Screen - Upload Supporting Doc- Preview/Supporting Doc Please Select Drop Down' is clicked on

2018-11-27 17:01:26 - [TEST_STEP][PASSED] - delay: Delayed 3 second(s)

2018-11-27 17:01:29 - [MESSAGE][PASSED] - Delayed 3 second(s)

2018-11-27 17:01:29 - [TEST_STEP][PASSED] - click: Object: 'Object Repository/Final Object Repo/New Registration - Registration Module Pages/Third Screen - Upload Supporting Doc- Preview/Select to Upload Borang SIP 2' is clicked on

2018-11-27 17:01:29 - [MESSAGE][PASSED] - Object: 'Object Repository/Final Object Repo/New Registration - Registration Module Pages/Third Screen - Upload Supporting Doc- Preview/Select to Upload Borang SIP 2' is clicked on

2018-11-27 17:01:29 - [TEST_STEP][PASSED] - delay: Delayed 2 second(s)

2018-11-27 17:01:31 - [MESSAGE][PASSED] - Delayed 2 second(s)

2018-11-27 17:01:31 - [TEST_STEP][PASSED] - uploadFile: File 'C:\Users\Public\Pictures\Sample Pictures\Koala.jpg' sent to object: 'Object Repository/Final Object Repo/New Registration - Registration Module Pages/Third Screen - Upload Supporting Doc- Preview/Upload File Adding'

2018-11-27 17:01:31 - [MESSAGE][PASSED] - File 'C:\Users\Public\Pictures\Sample Pictures\Koala.jpg' sent to object: 'Object Repository/Final Object Repo/New Registration - Registration Module Pages/Third Screen - Upload Supporting Doc- Preview/Upload File Adding'

2018-11-27 17:01:31 - [TEST_STEP][PASSED] - delay: Delayed 5 second(s)

2018-11-27 17:01:36 - [MESSAGE][PASSED] - Delayed 5 second(s)

2018-11-27 17:01:36 - [TEST_STEP][PASSED] - click: Object: 'Object Repository/Final Object Repo/New Registration - Registration Module Pages/Third Screen - Upload Supporting Doc- Preview/Inner Form Add Document Button' is clicked on

2018-11-27 17:01:36 - [MESSAGE][PASSED] - Object: 'Object Repository/Final Object Repo/New Registration - Registration Module Pages/Third Screen - Upload Supporting Doc- Preview/Inner Form Add Document Button' is clicked on

2018-11-27 17:01:36 - [TEST_STEP][PASSED] - delay: Delayed 3 second(s)

2018-11-27 17:01:39 - [MESSAGE][PASSED] - Delayed 3 second(s)

2018-11-27 17:01:39 - [TEST_STEP][PASSED] - waitForElementClickable: Object 'Object Repository/Final Object Repo/New Registration - Registration Module Pages/Third Screen - Upload Supporting Doc- Preview/Save n Continue in Uploading Supporting Doc Page' is clickable

2018-11-27 17:01:40 - [MESSAGE][PASSED] - Object 'Object Repository/Final Object Repo/New Registration - Registration Module Pages/Third Screen - Upload Supporting Doc- Preview/Save n Continue in Uploading Supporting Doc Page' is clickable

2018-11-27 17:01:40 - [TEST_STEP][PASSED] - click: Object: 'Object Repository/Final Object Repo/New Registration - Registration Module Pages/Third Screen - Upload Supporting Doc- Preview/Save n Continue in Uploading Supporting Doc Page' is clicked on

2018-11-27 17:01:40 - [MESSAGE][PASSED] - Object: 'Object Repository/Final Object Repo/New Registration - Registration Module Pages/Third Screen - Upload Supporting Doc- Preview/Save n Continue in Uploading Supporting Doc Page' is clicked on

2018-11-27 17:01:40 - [MESSAGE][PASSED] - Call Test Case 'Test Cases/Final Aug 2018 - PKS Automation/Registration Module/New Registration/Flow of New Registration/Third Screen - Upload Supporting Doc - Preview' successfully

2018-11-27 17:01:40 - [TEST_STEP][PASSED] - callTestCase: Call Test Case 'Test Cases/Final Aug 2018 - PKS Automation/Registration Module/New Registration/Submit and Screenshot/Submit Registration and Screenshot - Copy' successfully

2018-11-27 17:01:40 - [TEST_CASE][PASSED] - Test Cases/Final Aug 2018 - PKS Automation/Registration Module/New Registration/Submit and Screenshot/Submit Registration and Screenshot - Copy: Test Cases/Final Aug 2018 - PKS Automation/Registration Module/New Registration/Submit and Screenshot/Submit Registration and Screenshot - Copy

2018-11-27 17:01:40 - [TEST_STEP][PASSED] - delay: Delayed 6 second(s)

2018-11-27 17:01:46 - [MESSAGE][PASSED] - Delayed 6 second(s)

2018-11-27 17:01:46 - [TEST_STEP][PASSED] - click: Object: 'Object Repository/Final Object Repo/New Registration - Registration Module Pages/Third Screen - Upload Supporting Doc- Preview/Preview Submit Button' is clicked on

2018-11-27 17:01:46 - [MESSAGE][PASSED] - Object: 'Object Repository/Final Object Repo/New Registration - Registration Module Pages/Third Screen - Upload Supporting Doc- Preview/Preview Submit Button' is clicked on

2018-11-27 17:01:46 - [TEST_STEP][PASSED] - delay: Delayed 2 second(s)

2018-11-27 17:01:48 - [MESSAGE][PASSED] - Delayed 2 second(s)

2018-11-27 17:01:48 - [TEST_STEP][PASSED] - click: Object: 'Object Repository/Final Object Repo/New Registration - Registration Module Pages/Third Screen - Upload Supporting Doc- Preview/Preview Submit - Confirm' is clicked on

2018-11-27 17:01:49 - [MESSAGE][PASSED] - Object: 'Object Repository/Final Object Repo/New Registration - Registration Module Pages/Third Screen - Upload Supporting Doc- Preview/Preview Submit - Confirm' is clicked on

2018-11-27 17:01:49 - [TEST_STEP][PASSED] - delay: Delayed 15 second(s)

2018-11-27 17:02:04 - [MESSAGE][PASSED] - Delayed 15 second(s)

2018-11-27 17:02:04 - [TEST_STEP][PASSED] - Statement - driver = com.kms.katalon.core.webui.driver.DriverFactory.getWebDriver(): null

2018-11-27 17:02:04 - [TEST_STEP][PASSED] - Statement - driver.manage().timeouts().implicitlyWait(10, SECONDS): null

2018-11-27 17:02:04 - [TEST_STEP][PASSED] - Statement - PresavePath = KatalonScreenshots: null

2018-11-27 17:02:04 - [TEST_STEP][PASSED] - Statement - pathPrefix = "C:\Users\Public\Pictures\Sample Pictures\Katalon Screenshots\Automate Ending Screen": null

2018-11-27 17:02:04 - [TEST_STEP][PASSED] - Statement - finalPath = <not implemented yet for class: org.codehaus.groovy.ast.expr.EmptyExpression>: null

2018-11-27 17:02:04 - [TEST_STEP][PASSED] - Statement - scrFile = driver.getScreenshotAs(FILE): null

2018-11-27 17:02:04 - [TEST_STEP][PASSED] - Statement - PreSaveFile = new java.io.File(PresavePath): null

2018-11-27 17:02:04 - [TEST_STEP][PASSED] - Statement - counter = 0: null

2018-11-27 17:02:04 - [TEST_STEP][PASSED] - Statement - If (PreSaveFile.exists()): null

2018-11-27 17:02:04 - [TEST_STEP][PASSED] - Statement - While (PreSaveFile.exists()): null

2018-11-27 17:02:04 - [TEST_STEP][PASSED] - Statement - counter = counter + 1: null

2018-11-27 17:02:04 - [TEST_STEP][PASSED] - Statement - PreSaveFile = new java.io.File(((pathPrefix + java.lang.Integer.toString(counter)) + .png)): null

2018-11-27 17:02:04 - [TEST_STEP][PASSED] - Statement - counter = counter + 1: null

2018-11-27 17:02:04 - [TEST_STEP][PASSED] - Statement - PreSaveFile = new java.io.File(((pathPrefix + java.lang.Integer.toString(counter)) + .png)): null

2018-11-27 17:02:04 - [TEST_STEP][PASSED] - Statement - counter = counter + 1: null

2018-11-27 17:02:04 - [TEST_STEP][PASSED] - Statement - PreSaveFile = new java.io.File(((pathPrefix + java.lang.Integer.toString(counter)) + .png)): null

2018-11-27 17:02:04 - [TEST_STEP][PASSED] - Statement - counter = counter + 1: null

2018-11-27 17:02:04 - [TEST_STEP][PASSED] - Statement - PreSaveFile = new java.io.File(((pathPrefix + java.lang.Integer.toString(counter)) + .png)): null

2018-11-27 17:02:04 - [TEST_STEP][PASSED] - Statement - counter = counter + 1: null

2018-11-27 17:02:04 - [TEST_STEP][PASSED] - Statement - PreSaveFile = new java.io.File(((pathPrefix + java.lang.Integer.toString(counter)) + .png)): null

2018-11-27 17:02:04 - [TEST_STEP][PASSED] - Statement - counter = counter + 1: null

2018-11-27 17:02:04 - [TEST_STEP][PASSED] - Statement - PreSaveFile = new java.io.File(((pathPrefix + java.lang.Integer.toString(counter)) + .png)): null

2018-11-27 17:02:04 - [TEST_STEP][PASSED] - Statement - counter = counter + 1: null

2018-11-27 17:02:04 - [TEST_STEP][PASSED] - Statement - PreSaveFile = new java.io.File(((pathPrefix + java.lang.Integer.toString(counter)) + .png)): null

2018-11-27 17:02:04 - [TEST_STEP][PASSED] - Statement - counter = counter + 1: null

2018-11-27 17:02:04 - [TEST_STEP][PASSED] - Statement - PreSaveFile = new java.io.File(((pathPrefix + java.lang.Integer.toString(counter)) + .png)): null

2018-11-27 17:02:04 - [TEST_STEP][PASSED] - Statement - counter = counter + 1: null

2018-11-27 17:02:04 - [TEST_STEP][PASSED] - Statement - PreSaveFile = new java.io.File(((pathPrefix + java.lang.Integer.toString(counter)) + .png)): null

2018-11-27 17:02:04 - [TEST_STEP][PASSED] - Statement - counter = counter + 1: null

2018-11-27 17:02:04 - [TEST_STEP][PASSED] - Statement - PreSaveFile = new java.io.File(((pathPrefix + java.lang.Integer.toString(counter)) + .png)): null

2018-11-27 17:02:04 - [TEST_STEP][PASSED] - Statement - counter = counter + 1: null

2018-11-27 17:02:04 - [TEST_STEP][PASSED] - Statement - PreSaveFile = new java.io.File(((pathPrefix + java.lang.Integer.toString(counter)) + .png)): null

2018-11-27 17:02:04 - [TEST_STEP][PASSED] - Statement - counter = counter + 1: null

2018-11-27 17:02:04 - [TEST_STEP][PASSED] - Statement - PreSaveFile = new java.io.File(((pathPrefix + java.lang.Integer.toString(counter)) + .png)): null

2018-11-27 17:02:04 - [TEST_STEP][PASSED] - Statement - counter = counter + 1: null

2018-11-27 17:02:04 - [TEST_STEP][PASSED] - Statement - PreSaveFile = new java.io.File(((pathPrefix + java.lang.Integer.toString(counter)) + .png)): null

2018-11-27 17:02:04 - [TEST_STEP][PASSED] - Statement - counter = counter + 1: null

2018-11-27 17:02:04 - [TEST_STEP][PASSED] - Statement - PreSaveFile = new java.io.File(((pathPrefix + java.lang.Integer.toString(counter)) + .png)): null

2018-11-27 17:02:04 - [TEST_STEP][PASSED] - Statement - counter = counter + 1: null

2018-11-27 17:02:04 - [TEST_STEP][PASSED] - Statement - PreSaveFile = new java.io.File(((pathPrefix + java.lang.Integer.toString(counter)) + .png)): null

2018-11-27 17:02:04 - [TEST_STEP][PASSED] - Statement - counter = counter + 1: null

2018-11-27 17:02:04 - [TEST_STEP][PASSED] - Statement - PreSaveFile = new java.io.File(((pathPrefix + java.lang.Integer.toString(counter)) + .png)): null

2018-11-27 17:02:04 - [TEST_STEP][PASSED] - Statement - counter = counter + 1: null

2018-11-27 17:02:04 - [TEST_STEP][PASSED] - Statement - PreSaveFile = new java.io.File(((pathPrefix + java.lang.Integer.toString(counter)) + .png)): null

2018-11-27 17:02:04 - [TEST_STEP][PASSED] - Statement - counter = counter + 1: null

2018-11-27 17:02:04 - [TEST_STEP][PASSED] - Statement - PreSaveFile = new java.io.File(((pathPrefix + java.lang.Integer.toString(counter)) + .png)): null

2018-11-27 17:02:04 - [TEST_STEP][PASSED] - Statement - counter = counter + 1: null

2018-11-27 17:02:04 - [TEST_STEP][PASSED] - Statement - PreSaveFile = new java.io.File(((pathPrefix + java.lang.Integer.toString(counter)) + .png)): null

2018-11-27 17:02:04 - [TEST_STEP][PASSED] - Statement - counter = counter + 1: null

2018-11-27 17:02:04 - [TEST_STEP][PASSED] - Statement - PreSaveFile = new java.io.File(((pathPrefix + java.lang.Integer.toString(counter)) + .png)): null

2018-11-27 17:02:04 - [TEST_STEP][PASSED] - Statement - counter = counter + 1: null

2018-11-27 17:02:04 - [TEST_STEP][PASSED] - Statement - PreSaveFile = new java.io.File(((pathPrefix + java.lang.Integer.toString(counter)) + .png)): null

2018-11-27 17:02:04 - [TEST_STEP][PASSED] - Statement - counter = counter + 1: null

2018-11-27 17:02:04 - [TEST_STEP][PASSED] - Statement - PreSaveFile = new java.io.File(((pathPrefix + java.lang.Integer.toString(counter)) + .png)): null

2018-11-27 17:02:04 - [TEST_STEP][PASSED] - Statement - counter = counter + 1: null

2018-11-27 17:02:04 - [TEST_STEP][PASSED] - Statement - PreSaveFile = new java.io.File(((pathPrefix + java.lang.Integer.toString(counter)) + .png)): null

2018-11-27 17:02:04 - [TEST_STEP][PASSED] - Statement - counter = counter + 1: null

2018-11-27 17:02:04 - [TEST_STEP][PASSED] - Statement - PreSaveFile = new java.io.File(((pathPrefix + java.lang.Integer.toString(counter)) + .png)): null

2018-11-27 17:02:04 - [TEST_STEP][PASSED] - Statement - counter = counter + 1: null

2018-11-27 17:02:04 - [TEST_STEP][PASSED] - Statement - PreSaveFile = new java.io.File(((pathPrefix + java.lang.Integer.toString(counter)) + .png)): null

2018-11-27 17:02:04 - [TEST_STEP][PASSED] - Statement - counter = counter + 1: null

2018-11-27 17:02:04 - [TEST_STEP][PASSED] - Statement - PreSaveFile = new java.io.File(((pathPrefix + java.lang.Integer.toString(counter)) + .png)): null

2018-11-27 17:02:04 - [TEST_STEP][PASSED] - Statement - counter = counter + 1: null

2018-11-27 17:02:04 - [TEST_STEP][PASSED] - Statement - PreSaveFile = new java.io.File(((pathPrefix + java.lang.Integer.toString(counter)) + .png)): null

2018-11-27 17:02:04 - [TEST_STEP][PASSED] - Statement - counter = counter + 1: null

2018-11-27 17:02:04 - [TEST_STEP][PASSED] - Statement - PreSaveFile = new java.io.File(((pathPrefix + java.lang.Integer.toString(counter)) + .png)): null

2018-11-27 17:02:04 - [TEST_STEP][PASSED] - Statement - counter = counter + 1: null

2018-11-27 17:02:04 - [TEST_STEP][PASSED] - Statement - PreSaveFile = new java.io.File(((pathPrefix + java.lang.Integer.toString(counter)) + .png)): null

2018-11-27 17:02:04 - [TEST_STEP][PASSED] - Statement - counter = counter + 1: null

2018-11-27 17:02:04 - [TEST_STEP][PASSED] - Statement - PreSaveFile = new java.io.File(((pathPrefix + java.lang.Integer.toString(counter)) + .png)): null

2018-11-27 17:02:04 - [TEST_STEP][PASSED] - Statement - counter = counter + 1: null

2018-11-27 17:02:04 - [TEST_STEP][PASSED] - Statement - PreSaveFile = new java.io.File(((pathPrefix + java.lang.Integer.toString(counter)) + .png)): null

2018-11-27 17:02:04 - [TEST_STEP][PASSED] - Statement - counter = counter + 1: null

2018-11-27 17:02:04 - [TEST_STEP][PASSED] - Statement - PreSaveFile = new java.io.File(((pathPrefix + java.lang.Integer.toString(counter)) + .png)): null

2018-11-27 17:02:04 - [TEST_STEP][PASSED] - Statement - counter = counter + 1: null

2018-11-27 17:02:04 - [TEST_STEP][PASSED] - Statement - PreSaveFile = new java.io.File(((pathPrefix + java.lang.Integer.toString(counter)) + .png)): null

2018-11-27 17:02:04 - [TEST_STEP][PASSED] - Statement - counter = counter + 1: null

2018-11-27 17:02:04 - [TEST_STEP][PASSED] - Statement - PreSaveFile = new java.io.File(((pathPrefix + java.lang.Integer.toString(counter)) + .png)): null

2018-11-27 17:02:04 - [TEST_STEP][PASSED] - Statement - counter = counter + 1: null

2018-11-27 17:02:04 - [TEST_STEP][PASSED] - Statement - PreSaveFile = new java.io.File(((pathPrefix + java.lang.Integer.toString(counter)) + .png)): null

2018-11-27 17:02:04 - [TEST_STEP][PASSED] - Statement - counter = counter + 1: null

2018-11-27 17:02:04 - [TEST_STEP][PASSED] - Statement - PreSaveFile = new java.io.File(((pathPrefix + java.lang.Integer.toString(counter)) + .png)): null

2018-11-27 17:02:04 - [TEST_STEP][PASSED] - Statement - counter = counter + 1: null

2018-11-27 17:02:04 - [TEST_STEP][PASSED] - Statement - PreSaveFile = new java.io.File(((pathPrefix + java.lang.Integer.toString(counter)) + .png)): null

2018-11-27 17:02:04 - [TEST_STEP][PASSED] - Statement - counter = counter + 1: null

2018-11-27 17:02:04 - [TEST_STEP][PASSED] - Statement - PreSaveFile = new java.io.File(((pathPrefix + java.lang.Integer.toString(counter)) + .png)): null

2018-11-27 17:02:04 - [TEST_STEP][PASSED] - Statement - counter = counter + 1: null

2018-11-27 17:02:04 - [TEST_STEP][PASSED] - Statement - PreSaveFile = new java.io.File(((pathPrefix + java.lang.Integer.toString(counter)) + .png)): null

2018-11-27 17:02:04 - [TEST_STEP][PASSED] - Statement - counter = counter + 1: null

2018-11-27 17:02:04 - [TEST_STEP][PASSED] - Statement - PreSaveFile = new java.io.File(((pathPrefix + java.lang.Integer.toString(counter)) + .png)): null

2018-11-27 17:02:04 - [TEST_STEP][PASSED] - Statement - counter = counter + 1: null

2018-11-27 17:02:04 - [TEST_STEP][PASSED] - Statement - PreSaveFile = new java.io.File(((pathPrefix + java.lang.Integer.toString(counter)) + .png)): null

2018-11-27 17:02:04 - [TEST_STEP][PASSED] - Statement - counter = counter + 1: null

2018-11-27 17:02:04 - [TEST_STEP][PASSED] - Statement - PreSaveFile = new java.io.File(((pathPrefix + java.lang.Integer.toString(counter)) + .png)): null

2018-11-27 17:02:04 - [TEST_STEP][PASSED] - Statement - counter = counter + 1: null

2018-11-27 17:02:04 - [TEST_STEP][PASSED] - Statement - PreSaveFile = new java.io.File(((pathPrefix + java.lang.Integer.toString(counter)) + .png)): null

2018-11-27 17:02:04 - [TEST_STEP][PASSED] - Statement - counter = counter + 1: null

2018-11-27 17:02:04 - [TEST_STEP][PASSED] - Statement - PreSaveFile = new java.io.File(((pathPrefix + java.lang.Integer.toString(counter)) + .png)): null

2018-11-27 17:02:04 - [TEST_STEP][PASSED] - Statement - counter = counter + 1: null

2018-11-27 17:02:04 - [TEST_STEP][PASSED] - Statement - PreSaveFile = new java.io.File(((pathPrefix + java.lang.Integer.toString(counter)) + .png)): null

2018-11-27 17:02:04 - [TEST_STEP][PASSED] - Statement - counter = counter + 1: null

2018-11-27 17:02:04 - [TEST_STEP][PASSED] - Statement - PreSaveFile = new java.io.File(((pathPrefix + java.lang.Integer.toString(counter)) + .png)): null

2018-11-27 17:02:04 - [TEST_STEP][PASSED] - Statement - counter = counter + 1: null

2018-11-27 17:02:04 - [TEST_STEP][PASSED] - Statement - PreSaveFile = new java.io.File(((pathPrefix + java.lang.Integer.toString(counter)) + .png)): null

2018-11-27 17:02:04 - [TEST_STEP][PASSED] - Statement - counter = counter + 1: null

2018-11-27 17:02:04 - [TEST_STEP][PASSED] - Statement - PreSaveFile = new java.io.File(((pathPrefix + java.lang.Integer.toString(counter)) + .png)): null

2018-11-27 17:02:04 - [TEST_STEP][PASSED] - Statement - counter = counter + 1: null

2018-11-27 17:02:04 - [TEST_STEP][PASSED] - Statement - PreSaveFile = new java.io.File(((pathPrefix + java.lang.Integer.toString(counter)) + .png)): null

2018-11-27 17:02:04 - [TEST_STEP][PASSED] - Statement - counter = counter + 1: null

2018-11-27 17:02:04 - [TEST_STEP][PASSED] - Statement - PreSaveFile = new java.io.File(((pathPrefix + java.lang.Integer.toString(counter)) + .png)): null

2018-11-27 17:02:04 - [TEST_STEP][PASSED] - Statement - counter = counter + 1: null

2018-11-27 17:02:04 - [TEST_STEP][PASSED] - Statement - PreSaveFile = new java.io.File(((pathPrefix + java.lang.Integer.toString(counter)) + .png)): null

2018-11-27 17:02:04 - [TEST_STEP][PASSED] - Statement - counter = counter + 1: null

2018-11-27 17:02:04 - [TEST_STEP][PASSED] - Statement - PreSaveFile = new java.io.File(((pathPrefix + java.lang.Integer.toString(counter)) + .png)): null

2018-11-27 17:02:04 - [TEST_STEP][PASSED] - Statement - counter = counter + 1: null

2018-11-27 17:02:04 - [TEST_STEP][PASSED] - Statement - PreSaveFile = new java.io.File(((pathPrefix + java.lang.Integer.toString(counter)) + .png)): null

2018-11-27 17:02:04 - [TEST_STEP][PASSED] - Statement - counter = counter + 1: null

2018-11-27 17:02:04 - [TEST_STEP][PASSED] - Statement - PreSaveFile = new java.io.File(((pathPrefix + java.lang.Integer.toString(counter)) + .png)): null

2018-11-27 17:02:04 - [TEST_STEP][PASSED] - Statement - counter = counter + 1: null

2018-11-27 17:02:04 - [TEST_STEP][PASSED] - Statement - PreSaveFile = new java.io.File(((pathPrefix + java.lang.Integer.toString(counter)) + .png)): null

2018-11-27 17:02:04 - [TEST_STEP][PASSED] - Statement - counter = counter + 1: null

2018-11-27 17:02:04 - [TEST_STEP][PASSED] - Statement - PreSaveFile = new java.io.File(((pathPrefix + java.lang.Integer.toString(counter)) + .png)): null

2018-11-27 17:02:04 - [TEST_STEP][PASSED] - Statement - counter = counter + 1: null

2018-11-27 17:02:04 - [TEST_STEP][PASSED] - Statement - PreSaveFile = new java.io.File(((pathPrefix + java.lang.Integer.toString(counter)) + .png)): null

2018-11-27 17:02:04 - [TEST_STEP][PASSED] - Statement - counter = counter + 1: null

2018-11-27 17:02:04 - [TEST_STEP][PASSED] - Statement - PreSaveFile = new java.io.File(((pathPrefix + java.lang.Integer.toString(counter)) + .png)): null

2018-11-27 17:02:04 - [TEST_STEP][PASSED] - Statement - counter = counter + 1: null

2018-11-27 17:02:04 - [TEST_STEP][PASSED] - Statement - PreSaveFile = new java.io.File(((pathPrefix + java.lang.Integer.toString(counter)) + .png)): null

2018-11-27 17:02:04 - [TEST_STEP][PASSED] - Statement - counter = counter + 1: null

2018-11-27 17:02:04 - [TEST_STEP][PASSED] - Statement - PreSaveFile = new java.io.File(((pathPrefix + java.lang.Integer.toString(counter)) + .png)): null

2018-11-27 17:02:04 - [TEST_STEP][PASSED] - Statement - counter = counter + 1: null

2018-11-27 17:02:04 - [TEST_STEP][PASSED] - Statement - PreSaveFile = new java.io.File(((pathPrefix + java.lang.Integer.toString(counter)) + .png)): null

2018-11-27 17:02:04 - [TEST_STEP][PASSED] - Statement - counter = counter + 1: null

2018-11-27 17:02:04 - [TEST_STEP][PASSED] - Statement - PreSaveFile = new java.io.File(((pathPrefix + java.lang.Integer.toString(counter)) + .png)): null

2018-11-27 17:02:04 - [TEST_STEP][PASSED] - Statement - counter = counter + 1: null

2018-11-27 17:02:04 - [TEST_STEP][PASSED] - Statement - PreSaveFile = new java.io.File(((pathPrefix + java.lang.Integer.toString(counter)) + .png)): null

2018-11-27 17:02:04 - [TEST_STEP][PASSED] - Statement - counter = counter + 1: null

2018-11-27 17:02:04 - [TEST_STEP][PASSED] - Statement - PreSaveFile = new java.io.File(((pathPrefix + java.lang.Integer.toString(counter)) + .png)): null

2018-11-27 17:02:04 - [TEST_STEP][PASSED] - Statement - counter = counter + 1: null

2018-11-27 17:02:04 - [TEST_STEP][PASSED] - Statement - PreSaveFile = new java.io.File(((pathPrefix + java.lang.Integer.toString(counter)) + .png)): null

2018-11-27 17:02:04 - [TEST_STEP][PASSED] - Statement - counter = counter + 1: null

2018-11-27 17:02:04 - [TEST_STEP][PASSED] - Statement - PreSaveFile = new java.io.File(((pathPrefix + java.lang.Integer.toString(counter)) + .png)): null

2018-11-27 17:02:04 - [TEST_STEP][PASSED] - Statement - counter = counter + 1: null

2018-11-27 17:02:04 - [TEST_STEP][PASSED] - Statement - PreSaveFile = new java.io.File(((pathPrefix + java.lang.Integer.toString(counter)) + .png)): null

2018-11-27 17:02:04 - [TEST_STEP][PASSED] - Statement - counter = counter + 1: null

2018-11-27 17:02:04 - [TEST_STEP][PASSED] - Statement - PreSaveFile = new java.io.File(((pathPrefix + java.lang.Integer.toString(counter)) + .png)): null

2018-11-27 17:02:04 - [TEST_STEP][PASSED] - Statement - counter = counter + 1: null

2018-11-27 17:02:04 - [TEST_STEP][PASSED] - Statement - PreSaveFile = new java.io.File(((pathPrefix + java.lang.Integer.toString(counter)) + .png)): null

2018-11-27 17:02:04 - [TEST_STEP][PASSED] - Statement - counter = counter + 1: null

2018-11-27 17:02:04 - [TEST_STEP][PASSED] - Statement - PreSaveFile = new java.io.File(((pathPrefix + java.lang.Integer.toString(counter)) + .png)): null

2018-11-27 17:02:04 - [TEST_STEP][PASSED] - Statement - counter = counter + 1: null

2018-11-27 17:02:04 - [TEST_STEP][PASSED] - Statement - PreSaveFile = new java.io.File(((pathPrefix + java.lang.Integer.toString(counter)) + .png)): null

2018-11-27 17:02:04 - [TEST_STEP][PASSED] - Statement - counter = counter + 1: null

2018-11-27 17:02:04 - [TEST_STEP][PASSED] - Statement - PreSaveFile = new java.io.File(((pathPrefix + java.lang.Integer.toString(counter)) + .png)): null

2018-11-27 17:02:04 - [TEST_STEP][PASSED] - Statement - counter = counter + 1: null

2018-11-27 17:02:04 - [TEST_STEP][PASSED] - Statement - PreSaveFile = new java.io.File(((pathPrefix + java.lang.Integer.toString(counter)) + .png)): null

2018-11-27 17:02:04 - [TEST_STEP][PASSED] - Statement - counter = counter + 1: null

2018-11-27 17:02:04 - [TEST_STEP][PASSED] - Statement - PreSaveFile = new java.io.File(((pathPrefix + java.lang.Integer.toString(counter)) + .png)): null

2018-11-27 17:02:04 - [TEST_STEP][PASSED] - Statement - counter = counter + 1: null

2018-11-27 17:02:04 - [TEST_STEP][PASSED] - Statement - PreSaveFile = new java.io.File(((pathPrefix + java.lang.Integer.toString(counter)) + .png)): null

2018-11-27 17:02:04 - [TEST_STEP][PASSED] - Statement - counter = counter + 1: null

2018-11-27 17:02:04 - [TEST_STEP][PASSED] - Statement - PreSaveFile = new java.io.File(((pathPrefix + java.lang.Integer.toString(counter)) + .png)): null

2018-11-27 17:02:04 - [TEST_STEP][PASSED] - Statement - counter = counter + 1: null

2018-11-27 17:02:04 - [TEST_STEP][PASSED] - Statement - PreSaveFile = new java.io.File(((pathPrefix + java.lang.Integer.toString(counter)) + .png)): null

2018-11-27 17:02:04 - [TEST_STEP][PASSED] - Statement - counter = counter + 1: null

2018-11-27 17:02:04 - [TEST_STEP][PASSED] - Statement - PreSaveFile = new java.io.File(((pathPrefix + java.lang.Integer.toString(counter)) + .png)): null

2018-11-27 17:02:04 - [TEST_STEP][PASSED] - Statement - counter = counter + 1: null

2018-11-27 17:02:04 - [TEST_STEP][PASSED] - Statement - PreSaveFile = new java.io.File(((pathPrefix + java.lang.Integer.toString(counter)) + .png)): null

2018-11-27 17:02:04 - [TEST_STEP][PASSED] - Statement - counter = counter + 1: null

2018-11-27 17:02:04 - [TEST_STEP][PASSED] - Statement - PreSaveFile = new java.io.File(((pathPrefix + java.lang.Integer.toString(counter)) + .png)): null

2018-11-27 17:02:04 - [TEST_STEP][PASSED] - Statement - counter = counter + 1: null

2018-11-27 17:02:04 - [TEST_STEP][PASSED] - Statement - PreSaveFile = new java.io.File(((pathPrefix + java.lang.Integer.toString(counter)) + .png)): null

2018-11-27 17:02:04 - [TEST_STEP][PASSED] - Statement - counter = counter + 1: null

2018-11-27 17:02:04 - [TEST_STEP][PASSED] - Statement - PreSaveFile = new java.io.File(((pathPrefix + java.lang.Integer.toString(counter)) + .png)): null

2018-11-27 17:02:04 - [TEST_STEP][PASSED] - Statement - counter = counter + 1: null

2018-11-27 17:02:04 - [TEST_STEP][PASSED] - Statement - PreSaveFile = new java.io.File(((pathPrefix + java.lang.Integer.toString(counter)) + .png)): null

2018-11-27 17:02:04 - [TEST_STEP][PASSED] - Statement - counter = counter + 1: null

2018-11-27 17:02:04 - [TEST_STEP][PASSED] - Statement - PreSaveFile = new java.io.File(((pathPrefix + java.lang.Integer.toString(counter)) + .png)): null

2018-11-27 17:02:04 - [TEST_STEP][PASSED] - Statement - counter = counter + 1: null

2018-11-27 17:02:04 - [TEST_STEP][PASSED] - Statement - PreSaveFile = new java.io.File(((pathPrefix + java.lang.Integer.toString(counter)) + .png)): null

2018-11-27 17:02:04 - [TEST_STEP][PASSED] - Statement - counter = counter + 1: null

2018-11-27 17:02:04 - [TEST_STEP][PASSED] - Statement - PreSaveFile = new java.io.File(((pathPrefix + java.lang.Integer.toString(counter)) + .png)): null

2018-11-27 17:02:04 - [TEST_STEP][PASSED] - Statement - counter = counter + 1: null

2018-11-27 17:02:04 - [TEST_STEP][PASSED] - Statement - PreSaveFile = new java.io.File(((pathPrefix + java.lang.Integer.toString(counter)) + .png)): null

2018-11-27 17:02:04 - [TEST_STEP][PASSED] - Statement - counter = counter + 1: null

2018-11-27 17:02:04 - [TEST_STEP][PASSED] - Statement - PreSaveFile = new java.io.File(((pathPrefix + java.lang.Integer.toString(counter)) + .png)): null

2018-11-27 17:02:04 - [TEST_STEP][PASSED] - Statement - counter = counter + 1: null

2018-11-27 17:02:04 - [TEST_STEP][PASSED] - Statement - PreSaveFile = new java.io.File(((pathPrefix + java.lang.Integer.toString(counter)) + .png)): null

2018-11-27 17:02:04 - [TEST_STEP][PASSED] - Statement - counter = counter + 1: null

2018-11-27 17:02:04 - [TEST_STEP][PASSED] - Statement - PreSaveFile = new java.io.File(((pathPrefix + java.lang.Integer.toString(counter)) + .png)): null

2018-11-27 17:02:04 - [TEST_STEP][PASSED] - Statement - counter = counter + 1: null

2018-11-27 17:02:04 - [TEST_STEP][PASSED] - Statement - PreSaveFile = new java.io.File(((pathPrefix + java.lang.Integer.toString(counter)) + .png)): null

2018-11-27 17:02:04 - [TEST_STEP][PASSED] - Statement - counter = counter + 1: null

2018-11-27 17:02:04 - [TEST_STEP][PASSED] - Statement - PreSaveFile = new java.io.File(((pathPrefix + java.lang.Integer.toString(counter)) + .png)): null

2018-11-27 17:02:04 - [TEST_STEP][PASSED] - Statement - counter = counter + 1: null

2018-11-27 17:02:04 - [TEST_STEP][PASSED] - Statement - PreSaveFile = new java.io.File(((pathPrefix + java.lang.Integer.toString(counter)) + .png)): null

2018-11-27 17:02:04 - [TEST_STEP][PASSED] - Statement - counter = counter + 1: null

2018-11-27 17:02:04 - [TEST_STEP][PASSED] - Statement - PreSaveFile = new java.io.File(((pathPrefix + java.lang.Integer.toString(counter)) + .png)): null

2018-11-27 17:02:04 - [TEST_STEP][PASSED] - Statement - counter = counter + 1: null

2018-11-27 17:02:04 - [TEST_STEP][PASSED] - Statement - PreSaveFile = new java.io.File(((pathPrefix + java.lang.Integer.toString(counter)) + .png)): null

2018-11-27 17:02:04 - [TEST_STEP][PASSED] - Statement - counter = counter + 1: null

2018-11-27 17:02:04 - [TEST_STEP][PASSED] - Statement - PreSaveFile = new java.io.File(((pathPrefix + java.lang.Integer.toString(counter)) + .png)): null

2018-11-27 17:02:04 - [TEST_STEP][PASSED] - Statement - counter = counter + 1: null

2018-11-27 17:02:04 - [TEST_STEP][PASSED] - Statement - PreSaveFile = new java.io.File(((pathPrefix + java.lang.Integer.toString(counter)) + .png)): null

2018-11-27 17:02:04 - [TEST_STEP][PASSED] - Statement - counter = counter + 1: null

2018-11-27 17:02:04 - [TEST_STEP][PASSED] - Statement - PreSaveFile = new java.io.File(((pathPrefix + java.lang.Integer.toString(counter)) + .png)): null

2018-11-27 17:02:04 - [TEST_STEP][PASSED] - Statement - counter = counter + 1: null

2018-11-27 17:02:04 - [TEST_STEP][PASSED] - Statement - PreSaveFile = new java.io.File(((pathPrefix + java.lang.Integer.toString(counter)) + .png)): null

2018-11-27 17:02:04 - [TEST_STEP][PASSED] - Statement - counter = counter + 1: null

2018-11-27 17:02:04 - [TEST_STEP][PASSED] - Statement - PreSaveFile = new java.io.File(((pathPrefix + java.lang.Integer.toString(counter)) + .png)): null

2018-11-27 17:02:04 - [TEST_STEP][PASSED] - Statement - counter = counter + 1: null

2018-11-27 17:02:04 - [TEST_STEP][PASSED] - Statement - PreSaveFile = new java.io.File(((pathPrefix + java.lang.Integer.toString(counter)) + .png)): null

2018-11-27 17:02:04 - [TEST_STEP][PASSED] - Statement - counter = counter + 1: null

2018-11-27 17:02:04 - [TEST_STEP][PASSED] - Statement - PreSaveFile = new java.io.File(((pathPrefix + java.lang.Integer.toString(counter)) + .png)): null

2018-11-27 17:02:04 - [TEST_STEP][PASSED] - Statement - counter = counter + 1: null

2018-11-27 17:02:04 - [TEST_STEP][PASSED] - Statement - PreSaveFile = new java.io.File(((pathPrefix + java.lang.Integer.toString(counter)) + .png)): null

2018-11-27 17:02:04 - [TEST_STEP][PASSED] - Statement - counter = counter + 1: null

2018-11-27 17:02:04 - [TEST_STEP][PASSED] - Statement - PreSaveFile = new java.io.File(((pathPrefix + java.lang.Integer.toString(counter)) + .png)): null

2018-11-27 17:02:04 - [TEST_STEP][PASSED] - Statement - counter = counter + 1: null

2018-11-27 17:02:04 - [TEST_STEP][PASSED] - Statement - PreSaveFile = new java.io.File(((pathPrefix + java.lang.Integer.toString(counter)) + .png)): null

2018-11-27 17:02:04 - [TEST_STEP][PASSED] - Statement - counter = counter + 1: null

2018-11-27 17:02:04 - [TEST_STEP][PASSED] - Statement - PreSaveFile = new java.io.File(((pathPrefix + java.lang.Integer.toString(counter)) + .png)): null

2018-11-27 17:02:04 - [TEST_STEP][PASSED] - Statement - counter = counter + 1: null

2018-11-27 17:02:04 - [TEST_STEP][PASSED] - Statement - PreSaveFile = new java.io.File(((pathPrefix + java.lang.Integer.toString(counter)) + .png)): null

2018-11-27 17:02:04 - [TEST_STEP][PASSED] - Statement - counter = counter + 1: null

2018-11-27 17:02:04 - [TEST_STEP][PASSED] - Statement - PreSaveFile = new java.io.File(((pathPrefix + java.lang.Integer.toString(counter)) + .png)): null

2018-11-27 17:02:04 - [TEST_STEP][PASSED] - Statement - counter = counter + 1: null

2018-11-27 17:02:04 - [TEST_STEP][PASSED] - Statement - PreSaveFile = new java.io.File(((pathPrefix + java.lang.Integer.toString(counter)) + .png)): null

2018-11-27 17:02:04 - [TEST_STEP][PASSED] - Statement - counter = counter + 1: null

2018-11-27 17:02:04 - [TEST_STEP][PASSED] - Statement - PreSaveFile = new java.io.File(((pathPrefix + java.lang.Integer.toString(counter)) + .png)): null

2018-11-27 17:02:04 - [TEST_STEP][PASSED] - Statement - counter = counter + 1: null

2018-11-27 17:02:04 - [TEST_STEP][PASSED] - Statement - PreSaveFile = new java.io.File(((pathPrefix + java.lang.Integer.toString(counter)) + .png)): null

2018-11-27 17:02:04 - [TEST_STEP][PASSED] - Statement - counter = counter + 1: null

2018-11-27 17:02:04 - [TEST_STEP][PASSED] - Statement - PreSaveFile = new java.io.File(((pathPrefix + java.lang.Integer.toString(counter)) + .png)): null

2018-11-27 17:02:04 - [TEST_STEP][PASSED] - Statement - counter = counter + 1: null

2018-11-27 17:02:04 - [TEST_STEP][PASSED] - Statement - PreSaveFile = new java.io.File(((pathPrefix + java.lang.Integer.toString(counter)) + .png)): null

2018-11-27 17:02:04 - [TEST_STEP][PASSED] - Statement - counter = counter + 1: null

2018-11-27 17:02:04 - [TEST_STEP][PASSED] - Statement - PreSaveFile = new java.io.File(((pathPrefix + java.lang.Integer.toString(counter)) + .png)): null

2018-11-27 17:02:04 - [TEST_STEP][PASSED] - Statement - counter = counter + 1: null

2018-11-27 17:02:04 - [TEST_STEP][PASSED] - Statement - PreSaveFile = new java.io.File(((pathPrefix + java.lang.Integer.toString(counter)) + .png)): null

2018-11-27 17:02:04 - [TEST_STEP][PASSED] - Statement - counter = counter + 1: null

2018-11-27 17:02:04 - [TEST_STEP][PASSED] - Statement - PreSaveFile = new java.io.File(((pathPrefix + java.lang.Integer.toString(counter)) + .png)): null

2018-11-27 17:02:04 - [TEST_STEP][PASSED] - Statement - counter = counter + 1: null

2018-11-27 17:02:04 - [TEST_STEP][PASSED] - Statement - PreSaveFile = new java.io.File(((pathPrefix + java.lang.Integer.toString(counter)) + .png)): null

2018-11-27 17:02:04 - [TEST_STEP][PASSED] - Statement - counter = counter + 1: null

2018-11-27 17:02:04 - [TEST_STEP][PASSED] - Statement - PreSaveFile = new java.io.File(((pathPrefix + java.lang.Integer.toString(counter)) + .png)): null

2018-11-27 17:02:04 - [TEST_STEP][PASSED] - Statement - counter = counter + 1: null

2018-11-27 17:02:04 - [TEST_STEP][PASSED] - Statement - PreSaveFile = new java.io.File(((pathPrefix + java.lang.Integer.toString(counter)) + .png)): null

2018-11-27 17:02:04 - [TEST_STEP][PASSED] - Statement - counter = counter + 1: null

2018-11-27 17:02:04 - [TEST_STEP][PASSED] - Statement - PreSaveFile = new java.io.File(((pathPrefix + java.lang.Integer.toString(counter)) + .png)): null

2018-11-27 17:02:04 - [TEST_STEP][PASSED] - Statement - counter = counter + 1: null

2018-11-27 17:02:04 - [TEST_STEP][PASSED] - Statement - PreSaveFile = new java.io.File(((pathPrefix + java.lang.Integer.toString(counter)) + .png)): null

2018-11-27 17:02:04 - [TEST_STEP][PASSED] - Statement - counter = counter + 1: null

2018-11-27 17:02:04 - [TEST_STEP][PASSED] - Statement - PreSaveFile = new java.io.File(((pathPrefix + java.lang.Integer.toString(counter)) + .png)): null

2018-11-27 17:02:04 - [TEST_STEP][PASSED] - Statement - counter = counter + 1: null

2018-11-27 17:02:04 - [TEST_STEP][PASSED] - Statement - PreSaveFile = new java.io.File(((pathPrefix + java.lang.Integer.toString(counter)) + .png)): null

2018-11-27 17:02:04 - [TEST_STEP][PASSED] - Statement - counter = counter + 1: null

2018-11-27 17:02:04 - [TEST_STEP][PASSED] - Statement - PreSaveFile = new java.io.File(((pathPrefix + java.lang.Integer.toString(counter)) + .png)): null

2018-11-27 17:02:04 - [TEST_STEP][PASSED] - Statement - counter = counter + 1: null

2018-11-27 17:02:04 - [TEST_STEP][PASSED] - Statement - PreSaveFile = new java.io.File(((pathPrefix + java.lang.Integer.toString(counter)) + .png)): null

2018-11-27 17:02:04 - [TEST_STEP][PASSED] - Statement - counter = counter + 1: null

2018-11-27 17:02:04 - [TEST_STEP][PASSED] - Statement - PreSaveFile = new java.io.File(((pathPrefix + java.lang.Integer.toString(counter)) + .png)): null

2018-11-27 17:02:04 - [TEST_STEP][PASSED] - Statement - counter = counter + 1: null

2018-11-27 17:02:04 - [TEST_STEP][PASSED] - Statement - PreSaveFile = new java.io.File(((pathPrefix + java.lang.Integer.toString(counter)) + .png)): null

2018-11-27 17:02:04 - [TEST_STEP][PASSED] - Statement - counter = counter + 1: null

2018-11-27 17:02:04 - [TEST_STEP][PASSED] - Statement - PreSaveFile = new java.io.File(((pathPrefix + java.lang.Integer.toString(counter)) + .png)): null

2018-11-27 17:02:04 - [TEST_STEP][PASSED] - Statement - counter = counter + 1: null

2018-11-27 17:02:04 - [TEST_STEP][PASSED] - Statement - PreSaveFile = new java.io.File(((pathPrefix + java.lang.Integer.toString(counter)) + .png)): null

2018-11-27 17:02:04 - [TEST_STEP][PASSED] - Statement - counter = counter + 1: null

2018-11-27 17:02:04 - [TEST_STEP][PASSED] - Statement - PreSaveFile = new java.io.File(((pathPrefix + java.lang.Integer.toString(counter)) + .png)): null

2018-11-27 17:02:04 - [TEST_STEP][PASSED] - Statement - counter = counter + 1: null

2018-11-27 17:02:04 - [TEST_STEP][PASSED] - Statement - PreSaveFile = new java.io.File(((pathPrefix + java.lang.Integer.toString(counter)) + .png)): null

2018-11-27 17:02:04 - [TEST_STEP][PASSED] - Statement - counter = counter + 1: null

2018-11-27 17:02:04 - [TEST_STEP][PASSED] - Statement - PreSaveFile = new java.io.File(((pathPrefix + java.lang.Integer.toString(counter)) + .png)): null

2018-11-27 17:02:04 - [TEST_STEP][PASSED] - Statement - counter = counter + 1: null

2018-11-27 17:02:04 - [TEST_STEP][PASSED] - Statement - PreSaveFile = new java.io.File(((pathPrefix + java.lang.Integer.toString(counter)) + .png)): null

2018-11-27 17:02:04 - [TEST_STEP][PASSED] - Statement - counter = counter + 1: null

2018-11-27 17:02:04 - [TEST_STEP][PASSED] - Statement - PreSaveFile = new java.io.File(((pathPrefix + java.lang.Integer.toString(counter)) + .png)): null

2018-11-27 17:02:04 - [TEST_STEP][PASSED] - Statement - counter = counter + 1: null

2018-11-27 17:02:04 - [TEST_STEP][PASSED] - Statement - PreSaveFile = new java.io.File(((pathPrefix + java.lang.Integer.toString(counter)) + .png)): null

2018-11-27 17:02:04 - [TEST_STEP][PASSED] - Statement - counter = counter + 1: null

2018-11-27 17:02:04 - [TEST_STEP][PASSED] - Statement - PreSaveFile = new java.io.File(((pathPrefix + java.lang.Integer.toString(counter)) + .png)): null

2018-11-27 17:02:04 - [TEST_STEP][PASSED] - Statement - counter = counter + 1: null

2018-11-27 17:02:04 - [TEST_STEP][PASSED] - Statement - PreSaveFile = new java.io.File(((pathPrefix + java.lang.Integer.toString(counter)) + .png)): null

2018-11-27 17:02:04 - [TEST_STEP][PASSED] - Statement - counter = counter + 1: null

2018-11-27 17:02:04 - [TEST_STEP][PASSED] - Statement - PreSaveFile = new java.io.File(((pathPrefix + java.lang.Integer.toString(counter)) + .png)): null

2018-11-27 17:02:04 - [TEST_STEP][PASSED] - Statement - counter = counter + 1: null

2018-11-27 17:02:04 - [TEST_STEP][PASSED] - Statement - PreSaveFile = new java.io.File(((pathPrefix + java.lang.Integer.toString(counter)) + .png)): null

2018-11-27 17:02:04 - [TEST_STEP][PASSED] - Statement - counter = counter + 1: null

2018-11-27 17:02:04 - [TEST_STEP][PASSED] - Statement - PreSaveFile = new java.io.File(((pathPrefix + java.lang.Integer.toString(counter)) + .png)): null

2018-11-27 17:02:04 - [TEST_STEP][PASSED] - Statement - counter = counter + 1: null

2018-11-27 17:02:04 - [TEST_STEP][PASSED] - Statement - PreSaveFile = new java.io.File(((pathPrefix + java.lang.Integer.toString(counter)) + .png)): null

2018-11-27 17:02:04 - [TEST_STEP][PASSED] - Statement - counter = counter + 1: null

2018-11-27 17:02:04 - [TEST_STEP][PASSED] - Statement - PreSaveFile = new java.io.File(((pathPrefix + java.lang.Integer.toString(counter)) + .png)): null

2018-11-27 17:02:04 - [TEST_STEP][PASSED] - Statement - counter = counter + 1: null

2018-11-27 17:02:04 - [TEST_STEP][PASSED] - Statement - PreSaveFile = new java.io.File(((pathPrefix + java.lang.Integer.toString(counter)) + .png)): null

2018-11-27 17:02:04 - [TEST_STEP][PASSED] - Statement - counter = counter + 1: null

2018-11-27 17:02:04 - [TEST_STEP][PASSED] - Statement - PreSaveFile = new java.io.File(((pathPrefix + java.lang.Integer.toString(counter)) + .png)): null

2018-11-27 17:02:04 - [TEST_STEP][PASSED] - Statement - counter = counter + 1: null

2018-11-27 17:02:04 - [TEST_STEP][PASSED] - Statement - PreSaveFile = new java.io.File(((pathPrefix + java.lang.Integer.toString(counter)) + .png)): null

2018-11-27 17:02:04 - [TEST_STEP][PASSED] - Statement - counter = counter + 1: null

2018-11-27 17:02:04 - [TEST_STEP][PASSED] - Statement - PreSaveFile = new java.io.File(((pathPrefix + java.lang.Integer.toString(counter)) + .png)): null

2018-11-27 17:02:04 - [TEST_STEP][PASSED] - Statement - counter = counter + 1: null

2018-11-27 17:02:04 - [TEST_STEP][PASSED] - Statement - PreSaveFile = new java.io.File(((pathPrefix + java.lang.Integer.toString(counter)) + .png)): null

2018-11-27 17:02:04 - [TEST_STEP][PASSED] - Statement - counter = counter + 1: null

2018-11-27 17:02:04 - [TEST_STEP][PASSED] - Statement - PreSaveFile = new java.io.File(((pathPrefix + java.lang.Integer.toString(counter)) + .png)): null

2018-11-27 17:02:04 - [TEST_STEP][PASSED] - Statement - counter = counter + 1: null

2018-11-27 17:02:04 - [TEST_STEP][PASSED] - Statement - PreSaveFile = new java.io.File(((pathPrefix + java.lang.Integer.toString(counter)) + .png)): null

2018-11-27 17:02:04 - [TEST_STEP][PASSED] - Statement - counter = counter + 1: null

2018-11-27 17:02:04 - [TEST_STEP][PASSED] - Statement - PreSaveFile = new java.io.File(((pathPrefix + java.lang.Integer.toString(counter)) + .png)): null

2018-11-27 17:02:04 - [TEST_STEP][PASSED] - Statement - counter = counter + 1: null

2018-11-27 17:02:04 - [TEST_STEP][PASSED] - Statement - PreSaveFile = new java.io.File(((pathPrefix + java.lang.Integer.toString(counter)) + .png)): null

2018-11-27 17:02:04 - [TEST_STEP][PASSED] - Statement - counter = counter + 1: null

2018-11-27 17:02:04 - [TEST_STEP][PASSED] - Statement - PreSaveFile = new java.io.File(((pathPrefix + java.lang.Integer.toString(counter)) + .png)): null

2018-11-27 17:02:05 - [TEST_STEP][PASSED] - Statement - counter = counter + 1: null

2018-11-27 17:02:05 - [TEST_STEP][PASSED] - Statement - PreSaveFile = new java.io.File(((pathPrefix + java.lang.Integer.toString(counter)) + .png)): null

2018-11-27 17:02:05 - [TEST_STEP][PASSED] - Statement - counter = counter + 1: null

2018-11-27 17:02:05 - [TEST_STEP][PASSED] - Statement - PreSaveFile = new java.io.File(((pathPrefix + java.lang.Integer.toString(counter)) + .png)): null

2018-11-27 17:02:05 - [TEST_STEP][PASSED] - Statement - counter = counter + 1: null

2018-11-27 17:02:05 - [TEST_STEP][PASSED] - Statement - PreSaveFile = new java.io.File(((pathPrefix + java.lang.Integer.toString(counter)) + .png)): null

2018-11-27 17:02:05 - [TEST_STEP][PASSED] - Statement - counter = counter + 1: null

2018-11-27 17:02:05 - [TEST_STEP][PASSED] - Statement - PreSaveFile = new java.io.File(((pathPrefix + java.lang.Integer.toString(counter)) + .png)): null

2018-11-27 17:02:05 - [TEST_STEP][PASSED] - Statement - counter = counter + 1: null

2018-11-27 17:02:05 - [TEST_STEP][PASSED] - Statement - PreSaveFile = new java.io.File(((pathPrefix + java.lang.Integer.toString(counter)) + .png)): null

2018-11-27 17:02:05 - [TEST_STEP][PASSED] - Statement - counter = counter + 1: null

2018-11-27 17:02:05 - [TEST_STEP][PASSED] - Statement - PreSaveFile = new java.io.File(((pathPrefix + java.lang.Integer.toString(counter)) + .png)): null

2018-11-27 17:02:05 - [TEST_STEP][PASSED] - Statement - counter = counter + 1: null

2018-11-27 17:02:05 - [TEST_STEP][PASSED] - Statement - PreSaveFile = new java.io.File(((pathPrefix + java.lang.Integer.toString(counter)) + .png)): null

2018-11-27 17:02:05 - [TEST_STEP][PASSED] - Statement - counter = counter + 1: null

2018-11-27 17:02:05 - [TEST_STEP][PASSED] - Statement - PreSaveFile = new java.io.File(((pathPrefix + java.lang.Integer.toString(counter)) + .png)): null

2018-11-27 17:02:05 - [TEST_STEP][PASSED] - Statement - counter = counter + 1: null

2018-11-27 17:02:05 - [TEST_STEP][PASSED] - Statement - PreSaveFile = new java.io.File(((pathPrefix + java.lang.Integer.toString(counter)) + .png)): null

2018-11-27 17:02:05 - [TEST_STEP][PASSED] - Statement - counter = counter + 1: null

2018-11-27 17:02:05 - [TEST_STEP][PASSED] - Statement - PreSaveFile = new java.io.File(((pathPrefix + java.lang.Integer.toString(counter)) + .png)): null

2018-11-27 17:02:05 - [TEST_STEP][PASSED] - Statement - counter = counter + 1: null

2018-11-27 17:02:05 - [TEST_STEP][PASSED] - Statement - PreSaveFile = new java.io.File(((pathPrefix + java.lang.Integer.toString(counter)) + .png)): null

2018-11-27 17:02:05 - [TEST_STEP][PASSED] - Statement - counter = counter + 1: null

2018-11-27 17:02:05 - [TEST_STEP][PASSED] - Statement - PreSaveFile = new java.io.File(((pathPrefix + java.lang.Integer.toString(counter)) + .png)): null

2018-11-27 17:02:05 - [TEST_STEP][PASSED] - Statement - counter = counter + 1: null

2018-11-27 17:02:05 - [TEST_STEP][PASSED] - Statement - PreSaveFile = new java.io.File(((pathPrefix + java.lang.Integer.toString(counter)) + .png)): null

2018-11-27 17:02:05 - [TEST_STEP][PASSED] - Statement - counter = counter + 1: null

2018-11-27 17:02:05 - [TEST_STEP][PASSED] - Statement - PreSaveFile = new java.io.File(((pathPrefix + java.lang.Integer.toString(counter)) + .png)): null

2018-11-27 17:02:05 - [TEST_STEP][PASSED] - Statement - counter = counter + 1: null

2018-11-27 17:02:05 - [TEST_STEP][PASSED] - Statement - PreSaveFile = new java.io.File(((pathPrefix + java.lang.Integer.toString(counter)) + .png)): null

2018-11-27 17:02:05 - [TEST_STEP][PASSED] - Statement - counter = counter + 1: null

2018-11-27 17:02:05 - [TEST_STEP][PASSED] - Statement - PreSaveFile = new java.io.File(((pathPrefix + java.lang.Integer.toString(counter)) + .png)): null

2018-11-27 17:02:05 - [TEST_STEP][PASSED] - Statement - counter = counter + 1: null

2018-11-27 17:02:05 - [TEST_STEP][PASSED] - Statement - PreSaveFile = new java.io.File(((pathPrefix + java.lang.Integer.toString(counter)) + .png)): null

2018-11-27 17:02:05 - [TEST_STEP][PASSED] - Statement - counter = counter + 1: null

2018-11-27 17:02:05 - [TEST_STEP][PASSED] - Statement - PreSaveFile = new java.io.File(((pathPrefix + java.lang.Integer.toString(counter)) + .png)): null

2018-11-27 17:02:05 - [TEST_STEP][PASSED] - Statement - counter = counter + 1: null

2018-11-27 17:02:05 - [TEST_STEP][PASSED] - Statement - PreSaveFile = new java.io.File(((pathPrefix + java.lang.Integer.toString(counter)) + .png)): null

2018-11-27 17:02:05 - [TEST_STEP][PASSED] - Statement - counter = counter + 1: null

2018-11-27 17:02:05 - [TEST_STEP][PASSED] - Statement - PreSaveFile = new java.io.File(((pathPrefix + java.lang.Integer.toString(counter)) + .png)): null

2018-11-27 17:02:05 - [TEST_STEP][PASSED] - Statement - counter = counter + 1: null

2018-11-27 17:02:05 - [TEST_STEP][PASSED] - Statement - PreSaveFile = new java.io.File(((pathPrefix + java.lang.Integer.toString(counter)) + .png)): null

2018-11-27 17:02:05 - [TEST_STEP][PASSED] - Statement - counter = counter + 1: null

2018-11-27 17:02:05 - [TEST_STEP][PASSED] - Statement - PreSaveFile = new java.io.File(((pathPrefix + java.lang.Integer.toString(counter)) + .png)): null

2018-11-27 17:02:05 - [TEST_STEP][PASSED] - Statement - counter = counter + 1: null

2018-11-27 17:02:05 - [TEST_STEP][PASSED] - Statement - PreSaveFile = new java.io.File(((pathPrefix + java.lang.Integer.toString(counter)) + .png)): null

2018-11-27 17:02:05 - [TEST_STEP][PASSED] - Statement - counter = counter + 1: null

2018-11-27 17:02:05 - [TEST_STEP][PASSED] - Statement - PreSaveFile = new java.io.File(((pathPrefix + java.lang.Integer.toString(counter)) + .png)): null

2018-11-27 17:02:05 - [TEST_STEP][PASSED] - Statement - counter = counter + 1: null

2018-11-27 17:02:05 - [TEST_STEP][PASSED] - Statement - PreSaveFile = new java.io.File(((pathPrefix + java.lang.Integer.toString(counter)) + .png)): null

2018-11-27 17:02:05 - [TEST_STEP][PASSED] - Statement - counter = counter + 1: null

2018-11-27 17:02:05 - [TEST_STEP][PASSED] - Statement - PreSaveFile = new java.io.File(((pathPrefix + java.lang.Integer.toString(counter)) + .png)): null

2018-11-27 17:02:05 - [TEST_STEP][PASSED] - Statement - counter = counter + 1: null

2018-11-27 17:02:05 - [TEST_STEP][PASSED] - Statement - PreSaveFile = new java.io.File(((pathPrefix + java.lang.Integer.toString(counter)) + .png)): null

2018-11-27 17:02:05 - [TEST_STEP][PASSED] - Statement - counter = counter + 1: null

2018-11-27 17:02:05 - [TEST_STEP][PASSED] - Statement - PreSaveFile = new java.io.File(((pathPrefix + java.lang.Integer.toString(counter)) + .png)): null

2018-11-27 17:02:05 - [TEST_STEP][PASSED] - Statement - counter = counter + 1: null

2018-11-27 17:02:05 - [TEST_STEP][PASSED] - Statement - PreSaveFile = new java.io.File(((pathPrefix + java.lang.Integer.toString(counter)) + .png)): null

2018-11-27 17:02:05 - [TEST_STEP][PASSED] - Statement - counter = counter + 1: null

2018-11-27 17:02:05 - [TEST_STEP][PASSED] - Statement - PreSaveFile = new java.io.File(((pathPrefix + java.lang.Integer.toString(counter)) + .png)): null

2018-11-27 17:02:05 - [TEST_STEP][PASSED] - Statement - counter = counter + 1: null

2018-11-27 17:02:05 - [TEST_STEP][PASSED] - Statement - PreSaveFile = new java.io.File(((pathPrefix + java.lang.Integer.toString(counter)) + .png)): null

2018-11-27 17:02:05 - [TEST_STEP][PASSED] - Statement - counter = counter + 1: null

2018-11-27 17:02:05 - [TEST_STEP][PASSED] - Statement - PreSaveFile = new java.io.File(((pathPrefix + java.lang.Integer.toString(counter)) + .png)): null

2018-11-27 17:02:05 - [TEST_STEP][PASSED] - Statement - counter = counter + 1: null

2018-11-27 17:02:05 - [TEST_STEP][PASSED] - Statement - PreSaveFile = new java.io.File(((pathPrefix + java.lang.Integer.toString(counter)) + .png)): null

2018-11-27 17:02:05 - [TEST_STEP][PASSED] - Statement - counter = counter + 1: null

2018-11-27 17:02:05 - [TEST_STEP][PASSED] - Statement - PreSaveFile = new java.io.File(((pathPrefix + java.lang.Integer.toString(counter)) + .png)): null

2018-11-27 17:02:05 - [TEST_STEP][PASSED] - Statement - counter = counter + 1: null

2018-11-27 17:02:05 - [TEST_STEP][PASSED] - Statement - PreSaveFile = new java.io.File(((pathPrefix + java.lang.Integer.toString(counter)) + .png)): null

2018-11-27 17:02:05 - [TEST_STEP][PASSED] - Statement - counter = counter + 1: null

2018-11-27 17:02:05 - [TEST_STEP][PASSED] - Statement - PreSaveFile = new java.io.File(((pathPrefix + java.lang.Integer.toString(counter)) + .png)): null

2018-11-27 17:02:05 - [TEST_STEP][PASSED] - Statement - counter = counter + 1: null

2018-11-27 17:02:05 - [TEST_STEP][PASSED] - Statement - PreSaveFile = new java.io.File(((pathPrefix + java.lang.Integer.toString(counter)) + .png)): null

2018-11-27 17:02:05 - [TEST_STEP][PASSED] - Statement - counter = counter + 1: null

2018-11-27 17:02:05 - [TEST_STEP][PASSED] - Statement - PreSaveFile = new java.io.File(((pathPrefix + java.lang.Integer.toString(counter)) + .png)): null

2018-11-27 17:02:05 - [TEST_STEP][PASSED] - Statement - counter = counter + 1: null

2018-11-27 17:02:05 - [TEST_STEP][PASSED] - Statement - PreSaveFile = new java.io.File(((pathPrefix + java.lang.Integer.toString(counter)) + .png)): null

2018-11-27 17:02:05 - [TEST_STEP][PASSED] - Statement - counter = counter + 1: null

2018-11-27 17:02:05 - [TEST_STEP][PASSED] - Statement - PreSaveFile = new java.io.File(((pathPrefix + java.lang.Integer.toString(counter)) + .png)): null

2018-11-27 17:02:05 - [TEST_STEP][PASSED] - Statement - counter = counter + 1: null

2018-11-27 17:02:05 - [TEST_STEP][PASSED] - Statement - PreSaveFile = new java.io.File(((pathPrefix + java.lang.Integer.toString(counter)) + .png)): null

2018-11-27 17:02:05 - [TEST_STEP][PASSED] - Statement - counter = counter + 1: null

2018-11-27 17:02:05 - [TEST_STEP][PASSED] - Statement - PreSaveFile = new java.io.File(((pathPrefix + java.lang.Integer.toString(counter)) + .png)): null

2018-11-27 17:02:05 - [TEST_STEP][PASSED] - Statement - counter = counter + 1: null

2018-11-27 17:02:05 - [TEST_STEP][PASSED] - Statement - PreSaveFile = new java.io.File(((pathPrefix + java.lang.Integer.toString(counter)) + .png)): null

2018-11-27 17:02:05 - [TEST_STEP][PASSED] - Statement - counter = counter + 1: null

2018-11-27 17:02:05 - [TEST_STEP][PASSED] - Statement - PreSaveFile = new java.io.File(((pathPrefix + java.lang.Integer.toString(counter)) + .png)): null

2018-11-27 17:02:05 - [TEST_STEP][PASSED] - Statement - counter = counter + 1: null

2018-11-27 17:02:05 - [TEST_STEP][PASSED] - Statement - PreSaveFile = new java.io.File(((pathPrefix + java.lang.Integer.toString(counter)) + .png)): null

2018-11-27 17:02:05 - [TEST_STEP][PASSED] - Statement - counter = counter + 1: null

2018-11-27 17:02:05 - [TEST_STEP][PASSED] - Statement - PreSaveFile = new java.io.File(((pathPrefix + java.lang.Integer.toString(counter)) + .png)): null

2018-11-27 17:02:05 - [TEST_STEP][PASSED] - Statement - counter = counter + 1: null

2018-11-27 17:02:05 - [TEST_STEP][PASSED] - Statement - PreSaveFile = new java.io.File(((pathPrefix + java.lang.Integer.toString(counter)) + .png)): null

2018-11-27 17:02:05 - [TEST_STEP][PASSED] - Statement - counter = counter + 1: null

2018-11-27 17:02:05 - [TEST_STEP][PASSED] - Statement - PreSaveFile = new java.io.File(((pathPrefix + java.lang.Integer.toString(counter)) + .png)): null

2018-11-27 17:02:05 - [TEST_STEP][PASSED] - Statement - counter = counter + 1: null

2018-11-27 17:02:05 - [TEST_STEP][PASSED] - Statement - PreSaveFile = new java.io.File(((pathPrefix + java.lang.Integer.toString(counter)) + .png)): null

2018-11-27 17:02:05 - [TEST_STEP][PASSED] - Statement - counter = counter + 1: null

2018-11-27 17:02:05 - [TEST_STEP][PASSED] - Statement - PreSaveFile = new java.io.File(((pathPrefix + java.lang.Integer.toString(counter)) + .png)): null

2018-11-27 17:02:05 - [TEST_STEP][PASSED] - Statement - counter = counter + 1: null

2018-11-27 17:02:05 - [TEST_STEP][PASSED] - Statement - PreSaveFile = new java.io.File(((pathPrefix + java.lang.Integer.toString(counter)) + .png)): null

2018-11-27 17:02:05 - [TEST_STEP][PASSED] - Statement - counter = counter + 1: null

2018-11-27 17:02:05 - [TEST_STEP][PASSED] - Statement - PreSaveFile = new java.io.File(((pathPrefix + java.lang.Integer.toString(counter)) + .png)): null

2018-11-27 17:02:05 - [TEST_STEP][PASSED] - Statement - counter = counter + 1: null

2018-11-27 17:02:05 - [TEST_STEP][PASSED] - Statement - PreSaveFile = new java.io.File(((pathPrefix + java.lang.Integer.toString(counter)) + .png)): null

2018-11-27 17:02:05 - [TEST_STEP][PASSED] - Statement - counter = counter + 1: null

2018-11-27 17:02:05 - [TEST_STEP][PASSED] - Statement - PreSaveFile = new java.io.File(((pathPrefix + java.lang.Integer.toString(counter)) + .png)): null

2018-11-27 17:02:05 - [TEST_STEP][PASSED] - Statement - counter = counter + 1: null

2018-11-27 17:02:05 - [TEST_STEP][PASSED] - Statement - PreSaveFile = new java.io.File(((pathPrefix + java.lang.Integer.toString(counter)) + .png)): null

2018-11-27 17:02:05 - [TEST_STEP][PASSED] - Statement - counter = counter + 1: null

2018-11-27 17:02:05 - [TEST_STEP][PASSED] - Statement - PreSaveFile = new java.io.File(((pathPrefix + java.lang.Integer.toString(counter)) + .png)): null

2018-11-27 17:02:05 - [TEST_STEP][PASSED] - Statement - counter = counter + 1: null

2018-11-27 17:02:05 - [TEST_STEP][PASSED] - Statement - PreSaveFile = new java.io.File(((pathPrefix + java.lang.Integer.toString(counter)) + .png)): null

2018-11-27 17:02:05 - [TEST_STEP][PASSED] - Statement - counter = counter + 1: null

2018-11-27 17:02:05 - [TEST_STEP][PASSED] - Statement - PreSaveFile = new java.io.File(((pathPrefix + java.lang.Integer.toString(counter)) + .png)): null

2018-11-27 17:02:05 - [TEST_STEP][PASSED] - Statement - counter = counter + 1: null

2018-11-27 17:02:05 - [TEST_STEP][PASSED] - Statement - PreSaveFile = new java.io.File(((pathPrefix + java.lang.Integer.toString(counter)) + .png)): null

2018-11-27 17:02:05 - [TEST_STEP][PASSED] - Statement - counter = counter + 1: null

2018-11-27 17:02:05 - [TEST_STEP][PASSED] - Statement - PreSaveFile = new java.io.File(((pathPrefix + java.lang.Integer.toString(counter)) + .png)): null

2018-11-27 17:02:05 - [TEST_STEP][PASSED] - Statement - counter = counter + 1: null

2018-11-27 17:02:05 - [TEST_STEP][PASSED] - Statement - PreSaveFile = new java.io.File(((pathPrefix + java.lang.Integer.toString(counter)) + .png)): null

2018-11-27 17:02:05 - [TEST_STEP][PASSED] - Statement - counter = counter + 1: null

2018-11-27 17:02:05 - [TEST_STEP][PASSED] - Statement - PreSaveFile = new java.io.File(((pathPrefix + java.lang.Integer.toString(counter)) + .png)): null

2018-11-27 17:02:05 - [TEST_STEP][PASSED] - Statement - counter = counter + 1: null

2018-11-27 17:02:05 - [TEST_STEP][PASSED] - Statement - PreSaveFile = new java.io.File(((pathPrefix + java.lang.Integer.toString(counter)) + .png)): null

2018-11-27 17:02:05 - [TEST_STEP][PASSED] - Statement - counter = counter + 1: null

2018-11-27 17:02:05 - [TEST_STEP][PASSED] - Statement - PreSaveFile = new java.io.File(((pathPrefix + java.lang.Integer.toString(counter)) + .png)): null

2018-11-27 17:02:05 - [TEST_STEP][PASSED] - Statement - counter = counter + 1: null

2018-11-27 17:02:05 - [TEST_STEP][PASSED] - Statement - PreSaveFile = new java.io.File(((pathPrefix + java.lang.Integer.toString(counter)) + .png)): null

2018-11-27 17:02:05 - [TEST_STEP][PASSED] - Statement - counter = counter + 1: null

2018-11-27 17:02:05 - [TEST_STEP][PASSED] - Statement - PreSaveFile = new java.io.File(((pathPrefix + java.lang.Integer.toString(counter)) + .png)): null

2018-11-27 17:02:05 - [TEST_STEP][PASSED] - Statement - counter = counter + 1: null

2018-11-27 17:02:05 - [TEST_STEP][PASSED] - Statement - PreSaveFile = new java.io.File(((pathPrefix + java.lang.Integer.toString(counter)) + .png)): null

2018-11-27 17:02:05 - [TEST_STEP][PASSED] - Statement - counter = counter + 1: null

2018-11-27 17:02:05 - [TEST_STEP][PASSED] - Statement - PreSaveFile = new java.io.File(((pathPrefix + java.lang.Integer.toString(counter)) + .png)): null

2018-11-27 17:02:05 - [TEST_STEP][PASSED] - Statement - counter = counter + 1: null

2018-11-27 17:02:05 - [TEST_STEP][PASSED] - Statement - PreSaveFile = new java.io.File(((pathPrefix + java.lang.Integer.toString(counter)) + .png)): null

2018-11-27 17:02:05 - [TEST_STEP][PASSED] - Statement - counter = counter + 1: null

2018-11-27 17:02:05 - [TEST_STEP][PASSED] - Statement - PreSaveFile = new java.io.File(((pathPrefix + java.lang.Integer.toString(counter)) + .png)): null

2018-11-27 17:02:05 - [TEST_STEP][PASSED] - Statement - counter = counter + 1: null

2018-11-27 17:02:05 - [TEST_STEP][PASSED] - Statement - PreSaveFile = new java.io.File(((pathPrefix + java.lang.Integer.toString(counter)) + .png)): null

2018-11-27 17:02:05 - [TEST_STEP][PASSED] - Statement - counter = counter + 1: null

2018-11-27 17:02:05 - [TEST_STEP][PASSED] - Statement - PreSaveFile = new java.io.File(((pathPrefix + java.lang.Integer.toString(counter)) + .png)): null

2018-11-27 17:02:05 - [TEST_STEP][PASSED] - Statement - counter = counter + 1: null

2018-11-27 17:02:05 - [TEST_STEP][PASSED] - Statement - PreSaveFile = new java.io.File(((pathPrefix + java.lang.Integer.toString(counter)) + .png)): null

2018-11-27 17:02:05 - [TEST_STEP][PASSED] - Statement - counter = counter + 1: null

2018-11-27 17:02:05 - [TEST_STEP][PASSED] - Statement - PreSaveFile = new java.io.File(((pathPrefix + java.lang.Integer.toString(counter)) + .png)): null

2018-11-27 17:02:05 - [TEST_STEP][PASSED] - Statement - counter = counter + 1: null

2018-11-27 17:02:05 - [TEST_STEP][PASSED] - Statement - PreSaveFile = new java.io.File(((pathPrefix + java.lang.Integer.toString(counter)) + .png)): null

2018-11-27 17:02:05 - [TEST_STEP][PASSED] - Statement - counter = counter + 1: null

2018-11-27 17:02:05 - [TEST_STEP][PASSED] - Statement - PreSaveFile = new java.io.File(((pathPrefix + java.lang.Integer.toString(counter)) + .png)): null

2018-11-27 17:02:05 - [TEST_STEP][PASSED] - Statement - counter = counter + 1: null

2018-11-27 17:02:05 - [TEST_STEP][PASSED] - Statement - PreSaveFile = new java.io.File(((pathPrefix + java.lang.Integer.toString(counter)) + .png)): null

2018-11-27 17:02:05 - [TEST_STEP][PASSED] - Statement - counter = counter + 1: null

2018-11-27 17:02:05 - [TEST_STEP][PASSED] - Statement - PreSaveFile = new java.io.File(((pathPrefix + java.lang.Integer.toString(counter)) + .png)): null

2018-11-27 17:02:05 - [TEST_STEP][PASSED] - Statement - counter = counter + 1: null

2018-11-27 17:02:05 - [TEST_STEP][PASSED] - Statement - PreSaveFile = new java.io.File(((pathPrefix + java.lang.Integer.toString(counter)) + .png)): null

2018-11-27 17:02:05 - [TEST_STEP][PASSED] - Statement - counter = counter + 1: null

2018-11-27 17:02:05 - [TEST_STEP][PASSED] - Statement - PreSaveFile = new java.io.File(((pathPrefix + java.lang.Integer.toString(counter)) + .png)): null

2018-11-27 17:02:05 - [TEST_STEP][PASSED] - Statement - counter = counter + 1: null

2018-11-27 17:02:05 - [TEST_STEP][PASSED] - Statement - PreSaveFile = new java.io.File(((pathPrefix + java.lang.Integer.toString(counter)) + .png)): null

2018-11-27 17:02:05 - [TEST_STEP][PASSED] - Statement - counter = counter + 1: null

2018-11-27 17:02:05 - [TEST_STEP][PASSED] - Statement - PreSaveFile = new java.io.File(((pathPrefix + java.lang.Integer.toString(counter)) + .png)): null

2018-11-27 17:02:05 - [TEST_STEP][PASSED] - Statement - counter = counter + 1: null

2018-11-27 17:02:05 - [TEST_STEP][PASSED] - Statement - PreSaveFile = new java.io.File(((pathPrefix + java.lang.Integer.toString(counter)) + .png)): null

2018-11-27 17:02:05 - [TEST_STEP][PASSED] - Statement - counter = counter + 1: null

2018-11-27 17:02:05 - [TEST_STEP][PASSED] - Statement - PreSaveFile = new java.io.File(((pathPrefix + java.lang.Integer.toString(counter)) + .png)): null

2018-11-27 17:02:05 - [TEST_STEP][PASSED] - Statement - counter = counter + 1: null

2018-11-27 17:02:05 - [TEST_STEP][PASSED] - Statement - PreSaveFile = new java.io.File(((pathPrefix + java.lang.Integer.toString(counter)) + .png)): null

2018-11-27 17:02:05 - [TEST_STEP][PASSED] - Statement - counter = counter + 1: null

2018-11-27 17:02:05 - [TEST_STEP][PASSED] - Statement - PreSaveFile = new java.io.File(((pathPrefix + java.lang.Integer.toString(counter)) + .png)): null

2018-11-27 17:02:05 - [TEST_STEP][PASSED] - Statement - counter = counter + 1: null

2018-11-27 17:02:05 - [TEST_STEP][PASSED] - Statement - PreSaveFile = new java.io.File(((pathPrefix + java.lang.Integer.toString(counter)) + .png)): null

2018-11-27 17:02:05 - [TEST_STEP][PASSED] - Statement - counter = counter + 1: null

2018-11-27 17:02:05 - [TEST_STEP][PASSED] - Statement - PreSaveFile = new java.io.File(((pathPrefix + java.lang.Integer.toString(counter)) + .png)): null

2018-11-27 17:02:05 - [TEST_STEP][PASSED] - Statement - counter = counter + 1: null

2018-11-27 17:02:05 - [TEST_STEP][PASSED] - Statement - PreSaveFile = new java.io.File(((pathPrefix + java.lang.Integer.toString(counter)) + .png)): null

2018-11-27 17:02:05 - [TEST_STEP][PASSED] - Statement - counter = counter + 1: null

2018-11-27 17:02:05 - [TEST_STEP][PASSED] - Statement - PreSaveFile = new java.io.File(((pathPrefix + java.lang.Integer.toString(counter)) + .png)): null

2018-11-27 17:02:05 - [TEST_STEP][PASSED] - Statement - counter = counter + 1: null

2018-11-27 17:02:05 - [TEST_STEP][PASSED] - Statement - PreSaveFile = new java.io.File(((pathPrefix + java.lang.Integer.toString(counter)) + .png)): null

2018-11-27 17:02:05 - [TEST_STEP][PASSED] - Statement - counter = counter + 1: null

2018-11-27 17:02:05 - [TEST_STEP][PASSED] - Statement - PreSaveFile = new java.io.File(((pathPrefix + java.lang.Integer.toString(counter)) + .png)): null

2018-11-27 17:02:05 - [TEST_STEP][PASSED] - Statement - counter = counter + 1: null

2018-11-27 17:02:05 - [TEST_STEP][PASSED] - Statement - PreSaveFile = new java.io.File(((pathPrefix + java.lang.Integer.toString(counter)) + .png)): null

2018-11-27 17:02:05 - [TEST_STEP][PASSED] - Statement - finalPath = pathPrefix + java.lang.Integer.toString(counter) + ".png": null

2018-11-27 17:02:05 - [TEST_STEP][PASSED] - Statement - SaveFile = new java.io.File(finalPath): null

2018-11-27 17:02:05 - [TEST_STEP][PASSED] - Statement - Try: null

2018-11-27 17:02:05 - [TEST_STEP][PASSED] - Statement - org.apache.commons.io.FileUtils.copyFile(scrFile, SaveFile): null

2018-11-27 17:02:05 - [TEST_STEP][PASSED] - Statement - out.println("file kept"): null

2018-11-27 17:02:05 - [TEST_STEP][PASSED] - delay: Delayed 10 second(s)

2018-11-27 17:02:15 - [MESSAGE][PASSED] - Delayed 10 second(s)

2018-11-27 17:02:15 - [MESSAGE][PASSED] - Call Test Case 'Test Cases/Final Aug 2018 - PKS Automation/Registration Module/New Registration/Submit and Screenshot/Submit Registration and Screenshot - Copy' successfully

2018-11-27 17:02:15 - [TEST_STEP][PASSED] - Statement - UpdateAddNewECode = com.kms.katalon.core.webui.keyword.WebUiBuiltInKeywords.getText(com.kms.katalon.core.testobject.ObjectRepository.findTestObject(Object Repository/Final Object Repo/Page_Update Add New Employee - ASSIST/getEmpCode)): Text of object 'Object Repository/Final Object Repo/Page_Update Add New Employee - ASSIST/getEmpCode' is: 'E1102070509P'

2018-11-27 17:02:15 - [MESSAGE][PASSED] - Text of object 'Object Repository/Final Object Repo/Page_Update Add New Employee - ASSIST/getEmpCode' is: 'E1102070509P'

2018-11-27 17:02:15 - [TEST_STEP][PASSED] - callTestCase: Call Test Case 'Test Cases/Final Aug 2018 - PKS Automation/Common/Emp Code Setter' successfully

2018-11-27 17:02:15 - [TEST_CASE][PASSED] - Test Cases/Final Aug 2018 - PKS Automation/Common/Emp Code Setter: Test Cases/Final Aug 2018 - PKS Automation/Common/Emp Code Setter

2018-11-27 17:02:15 - [TEST_STEP][PASSED] - Statement - EmpCodeOld = new java.io.File(C://Users//Admin//Desktop//PKS//Automation Reference Point//EmpCode.txt): null

2018-11-27 17:02:15 - [TEST_STEP][PASSED] - Statement - EmpCodeOld.delete(): null

2018-11-27 17:02:15 - [TEST_STEP][PASSED] - Statement - EmpCode = new java.io.File(C://Users//Admin//Desktop//PKS//Automation Reference Point//EmpCode.txt): null

2018-11-27 17:02:15 - [TEST_STEP][PASSED] - Statement - EmpCode.append(UpdateAddNewECode): null

2018-11-27 17:02:15 - [TEST_STEP][PASSED] - Statement - out.println("


" + UpdateAddNewECode + "


"): null

2018-11-27 17:02:15 - [MESSAGE][PASSED] - Call Test Case 'Test Cases/Final Aug 2018 - PKS Automation/Common/Emp Code Setter' successfully

2018-11-27 17:02:15 - [MESSAGE][PASSED] - Call Test Case 'Test Cases/Final Aug 2018 - PKS Automation/Registration Module/Workflow/Update Add New Employee/Template/New Company for Update Add New' successfully

2018-11-27 17:02:15 - [TEST_STEP][PASSED] - callTestCase: Call Test Case 'Test Cases/Final Aug 2018 - PKS Automation/Registration Module/Log Out/log out avoiding katalon tagging' successfully

2018-11-27 17:02:15 - [TEST_CASE][PASSED] - Test Cases/Final Aug 2018 - PKS Automation/Registration Module/Log Out/log out avoiding katalon tagging: Test Cases/Final Aug 2018 - PKS Automation/Registration Module/Log Out/log out avoiding katalon tagging

2018-11-27 17:02:15 - [TEST_STEP][PASSED] - navigateToUrl: Navigate to 'https://assist2-uat.perkeso.gov.my/c/portal/logout' successfully

2018-11-27 17:02:16 - [MESSAGE][PASSED] - Navigate to 'https://assist2-uat.perkeso.gov.my/c/portal/logout' successfully

2018-11-27 17:02:16 - [MESSAGE][PASSED] - Call Test Case 'Test Cases/Final Aug 2018 - PKS Automation/Registration Module/Log Out/log out avoiding katalon tagging' successfully

2018-11-27 17:02:16 - [TEST_STEP][PASSED] - callTestCase: Call Test Case 'Test Cases/Final Aug 2018 - PKS Automation/Registration Module/New Registration/Form 2/Date Updater' successfully

2018-11-27 17:02:16 - [TEST_CASE][PASSED] - Test Cases/Final Aug 2018 - PKS Automation/Registration Module/New Registration/Form 2/Date Updater: Test Cases/Final Aug 2018 - PKS Automation/Registration Module/New Registration/Form 2/Date Updater

2018-11-27 17:02:16 - [TEST_STEP][PASSED] - Statement - TodayDate = new java.util.Date(): null

2018-11-27 17:02:16 - [TEST_STEP][PASSED] - Statement - CurrentDateNoFilter = new java.text.SimpleDateFormat(): null

2018-11-27 17:02:16 - [TEST_STEP][PASSED] - Statement - CurrentDateNoFilter.applyPattern("dd"): null

2018-11-27 17:02:16 - [TEST_STEP][PASSED] - Statement - CurrentDate = CurrentDateNoFilter.format(TodayDate): null

2018-11-27 17:02:16 - [TEST_STEP][PASSED] - Statement - CurrentDate = java.lang.Integer.parseInt(CurrentDate): null

2018-11-27 17:02:16 - [TEST_STEP][PASSED] - Statement - CurrentDate = CurrentDate: null

2018-11-27 17:02:16 - [TEST_STEP][PASSED] - Statement - CurrentDay = java.lang.Integer.parseInt(CurrentDate): null

2018-11-27 17:02:16 - [TEST_STEP][PASSED] - Statement - aDayBefore = CurrentDay + 1: null

2018-11-27 17:02:16 - [TEST_STEP][PASSED] - Statement - DayBefore = aDayBefore.toString(): null

2018-11-27 17:02:16 - [TEST_STEP][PASSED] - Statement - OneDayBefore = DayBefore: null

2018-11-27 17:02:16 - [TEST_STEP][PASSED] - Statement - CurrentDateNoFilter.applyPattern("MM"): null

2018-11-27 17:02:16 - [TEST_STEP][PASSED] - Statement - monthContainerMatcher = java.lang.Integer.parseInt(CurrentDateNoFilter.format(TodayDate)): null

2018-11-27 17:02:16 - [TEST_STEP][PASSED] - Statement - monthContainerMatcher = monthContainerMatcher - 1: null

2018-11-27 17:02:16 - [TEST_STEP][PASSED] - Statement - CurrentMonth = monthContainerMatcher.toString(): null

2018-11-27 17:02:16 - [TEST_STEP][PASSED] - Statement - CurrentMonth = CurrentMonth: null

2018-11-27 17:02:16 - [TEST_STEP][PASSED] - Statement - CurrentDateNoFilter.applyPattern("yyyy"): null

2018-11-27 17:02:16 - [TEST_STEP][PASSED] - Statement - CurrentYear = CurrentDateNoFilter.format(TodayDate): null

2018-11-27 17:02:16 - [TEST_STEP][PASSED] - Statement - CurrentYear = CurrentYear: null

2018-11-27 17:02:16 - [TEST_STEP][PASSED] - Statement - intCurrentYear = java.lang.Integer.parseInt(CurrentDateNoFilter.format(TodayDate)): null

2018-11-27 17:02:16 - [TEST_STEP][PASSED] - Statement - eighteenYrsAgo = intCurrentYear - 18: null

2018-11-27 17:02:16 - [TEST_STEP][PASSED] - Statement - eighteenYrsBeforeThisYr = eighteenYrsAgo.toString(): null

2018-11-27 17:02:16 - [TEST_STEP][PASSED] - Statement - EighteenYrsBefore = eighteenYrsBeforeThisYr: null

2018-11-27 17:02:16 - [TEST_STEP][PASSED] - Statement - fiftysevenYrsAgo = intCurrentYear - 57: null

2018-11-27 17:02:16 - [TEST_STEP][PASSED] - Statement - fiftysevenYrsBeforeThisYr = fiftysevenYrsAgo.toString(): null

2018-11-27 17:02:16 - [TEST_STEP][PASSED] - Statement - FiftysevenYrsBefore = fiftysevenYrsBeforeThisYr: null

2018-11-27 17:02:16 - [MESSAGE][PASSED] - Call Test Case 'Test Cases/Final Aug 2018 - PKS Automation/Registration Module/New Registration/Form 2/Date Updater' successfully

2018-11-27 17:02:16 - [TEST_STEP][PASSED] - delay: Delayed 2 second(s)

2018-11-27 17:02:18 - [MESSAGE][PASSED] - Delayed 2 second(s)

2018-11-27 17:02:18 - [TEST_STEP][PASSED] - setText: Text 'klpkrbo2@gmail.com' is set on object 'Object Repository/Final Object Repo/Page_Update Add New Employee - ASSIST/Email TextBox'

2018-11-27 17:02:18 - [MESSAGE][PASSED] - Text 'klpkrbo2@gmail.com' is set on object 'Object Repository/Final Object Repo/Page_Update Add New Employee - ASSIST/Email TextBox'

2018-11-27 17:02:18 - [TEST_STEP][PASSED] - click: Object: 'Object Repository/Final Object Repo/Page_Update Add New Employee - ASSIST/Next Button' is clicked on

2018-11-27 17:02:18 - [MESSAGE][PASSED] - Object: 'Object Repository/Final Object Repo/Page_Update Add New Employee - ASSIST/Next Button' is clicked on

2018-11-27 17:02:18 - [TEST_STEP][PASSED] - delay: Delayed 2 second(s)

2018-11-27 17:02:20 - [MESSAGE][PASSED] - Delayed 2 second(s)

2018-11-27 17:02:20 - [TEST_STEP][PASSED] - setText: Text 'Test1@3456789' is set on object 'Object Repository/Final Object Repo/Page_Update Add New Employee - ASSIST/Password TextBox'

2018-11-27 17:02:21 - [MESSAGE][PASSED] - Text 'Test1@3456789' is set on object 'Object Repository/Final Object Repo/Page_Update Add New Employee - ASSIST/Password TextBox'

2018-11-27 17:02:21 - [TEST_STEP][PASSED] - delay: Delayed 2 second(s)

2018-11-27 17:02:23 - [MESSAGE][PASSED] - Delayed 2 second(s)

2018-11-27 17:02:23 - [TEST_STEP][PASSED] - click: Object: 'Object Repository/Final Object Repo/Page_Update Add New Employee - ASSIST/Login Button' is clicked on

2018-11-27 17:02:23 - [MESSAGE][PASSED] - Object: 'Object Repository/Final Object Repo/Page_Update Add New Employee - ASSIST/Login Button' is clicked on

2018-11-27 17:02:23 - [TEST_STEP][PASSED] - delay: Delayed 4 second(s)

2018-11-27 17:02:27 - [MESSAGE][PASSED] - Delayed 4 second(s)

2018-11-27 17:02:27 - [TEST_STEP][PASSED] - Statement - Try: Delayed 2 second(s)

2018-11-27 17:02:27 - [TEST_STEP][PASSED] - Statement - Checker = false: null

2018-11-27 17:02:27 - [TEST_STEP][PASSED] - Statement - Checker = com.kms.katalon.core.webui.keyword.WebUiBuiltInKeywords.verifyElementHasAttribute(com.kms.katalon.core.testobject.ObjectRepository.findTestObject(Final Object Repo/Landing Page/BM Detecting), "href", 20, OPTIONAL): Object 'Object Repository/Final Object Repo/Landing Page/BM Detecting' has attribute 'href'

2018-11-27 17:02:27 - [MESSAGE][PASSED] - Object 'Object Repository/Final Object Repo/Landing Page/BM Detecting' has attribute 'href'

2018-11-27 17:02:27 - [TEST_STEP][PASSED] - Statement - out.println(Checker): null

2018-11-27 17:02:27 - [TEST_STEP][PASSED] - Statement - If (Checker == false): null

2018-11-27 17:02:27 - [TEST_STEP][PASSED] - Statement - Else: null

2018-11-27 17:02:27 - [TEST_STEP][PASSED] - delay: Delayed 2 second(s)

2018-11-27 17:02:29 - [MESSAGE][PASSED] - Delayed 2 second(s)

2018-11-27 17:02:29 - [TEST_STEP][PASSED] - delay: Delayed 4 second(s)

2018-11-27 17:02:33 - [MESSAGE][PASSED] - Delayed 4 second(s)

2018-11-27 17:02:33 - [TEST_STEP][PASSED] - click: Object: 'Object Repository/Final Object Repo/Page_Update Add New Employee - ASSIST/My Sites Drop Down' is clicked on

2018-11-27 17:02:33 - [MESSAGE][PASSED] - Object: 'Object Repository/Final Object Repo/Page_Update Add New Employee - ASSIST/My Sites Drop Down' is clicked on

2018-11-27 17:02:33 - [TEST_STEP][PASSED] - click: Object: 'Object Repository/Final Object Repo/Page_Update Add New Employee - ASSIST/Select to Registration Module' is clicked on

2018-11-27 17:02:34 - [MESSAGE][PASSED] - Object: 'Object Repository/Final Object Repo/Page_Update Add New Employee - ASSIST/Select to Registration Module' is clicked on

2018-11-27 17:02:34 - [TEST_STEP][PASSED] - navigateToUrl: Navigate to 'https://assist2-uat.perkeso.gov.my/web/registration/myassist' successfully

2018-11-27 17:02:35 - [MESSAGE][PASSED] - Navigate to 'https://assist2-uat.perkeso.gov.my/web/registration/myassist' successfully

2018-11-27 17:02:35 - [TEST_STEP][PASSED] - mouseOver: Object: 'Object Repository/Final Object Repo/Page_Update Add New Employee - ASSIST/Select to Update Akta 4 Tab' is hovered

2018-11-27 17:02:35 - [MESSAGE][PASSED] - Object: 'Object Repository/Final Object Repo/Page_Update Add New Employee - ASSIST/Select to Update Akta 4 Tab' is hovered

2018-11-27 17:02:35 - [TEST_STEP][PASSED] - delay: Delayed 2 second(s)

2018-11-27 17:02:37 - [MESSAGE][PASSED] - Delayed 2 second(s)

2018-11-27 17:02:37 - [TEST_STEP][PASSED] - click: Object: 'Object Repository/Final Object Repo/Page_Update Add New Employee - ASSIST/Select to Update Add New Employee' is clicked on

2018-11-27 17:02:38 - [MESSAGE][PASSED] - Object: 'Object Repository/Final Object Repo/Page_Update Add New Employee - ASSIST/Select to Update Add New Employee' is clicked on

2018-11-27 17:02:38 - [TEST_STEP][PASSED] - delay: Delayed 2 second(s)

2018-11-27 17:02:40 - [MESSAGE][PASSED] - Delayed 2 second(s)

2018-11-27 17:02:40 - [TEST_STEP][PASSED] - setText: Text 'E1102070509P' is set on object 'Object Repository/Final Object Repo/Page_Update Add New Employee - ASSIST/Employer Code input textbox'

2018-11-27 17:02:40 - [MESSAGE][PASSED] - Text 'E1102070509P' is set on object 'Object Repository/Final Object Repo/Page_Update Add New Employee - ASSIST/Employer Code input textbox'

2018-11-27 17:02:40 - [TEST_STEP][PASSED] - delay: Delayed 2 second(s)

2018-11-27 17:02:42 - [MESSAGE][PASSED] - Delayed 2 second(s)

2018-11-27 17:02:42 - [TEST_STEP][PASSED] - click: Object: 'Object Repository/Final Object Repo/Page_Update Add New Employee - ASSIST/Search Button for Employer Code' is clicked on

2018-11-27 17:02:42 - [MESSAGE][PASSED] - Object: 'Object Repository/Final Object Repo/Page_Update Add New Employee - ASSIST/Search Button for Employer Code' is clicked on

2018-11-27 17:02:42 - [TEST_STEP][PASSED] - delay: Delayed 4 second(s)

2018-11-27 17:02:46 - [MESSAGE][PASSED] - Delayed 4 second(s)

2018-11-27 17:02:46 - [TEST_STEP][PASSED] - click: Object: 'Object Repository/Final Object Repo/Page_Update Add New Employee - ASSIST/Click to Edit Case' is clicked on

2018-11-27 17:02:48 - [MESSAGE][PASSED] - Object: 'Object Repository/Final Object Repo/Page_Update Add New Employee - ASSIST/Click to Edit Case' is clicked on

2018-11-27 17:02:48 - [TEST_STEP][PASSED] - callTestCase: Call Test Case 'Test Cases/Final Aug 2018 - PKS Automation/Registration Module/Workflow/Update Add New Employee/Template/Employee Adding/Employee Set Decider' successfully

2018-11-27 17:02:49 - [TEST_CASE][PASSED] - Test Cases/Final Aug 2018 - PKS Automation/Registration Module/Workflow/Update Add New Employee/Template/Employee Adding/Employee Set Decider: Test Cases/Final Aug 2018 - PKS Automation/Registration Module/Workflow/Update Add New Employee/Template/Employee Adding/Employee Set Decider

2018-11-27 17:02:49 - [TEST_STEP][PASSED] - delay: Delayed 4 second(s)

2018-11-27 17:02:53 - [MESSAGE][PASSED] - Delayed 4 second(s)

2018-11-27 17:02:53 - [TEST_STEP][PASSED] - click: Object: 'Object Repository/Final Object Repo/Page_Update Add New Employee - ASSIST/Add Employee Button' is clicked on

2018-11-27 17:02:53 - [MESSAGE][PASSED] - Object: 'Object Repository/Final Object Repo/Page_Update Add New Employee - ASSIST/Add Employee Button' is clicked on

2018-11-27 17:02:53 - [TEST_STEP][PASSED] - delay: Delayed 3 second(s)

2018-11-27 17:02:56 - [MESSAGE][PASSED] - Delayed 3 second(s)

2018-11-27 17:02:56 - [TEST_STEP][PASSED] - setText: Text '010903091920' is set on object 'Object Repository/Final Object Repo/Page_Update Add New Employee - ASSIST/NRIC Input'

2018-11-27 17:02:56 - [MESSAGE][PASSED] - Text '010903091920' is set on object 'Object Repository/Final Object Repo/Page_Update Add New Employee - ASSIST/NRIC Input'

2018-11-27 17:02:56 - [TEST_STEP][PASSED] - click: Object: 'Object Repository/Final Object Repo/Page_Update Add New Employee - ASSIST/button for search for IC' is clicked on

2018-11-27 17:02:56 - [MESSAGE][PASSED] - Object: 'Object Repository/Final Object Repo/Page_Update Add New Employee - ASSIST/button for search for IC' is clicked on

2018-11-27 17:02:56 - [TEST_STEP][PASSED] - delay: Delayed 2 second(s)

2018-11-27 17:02:58 - [MESSAGE][PASSED] - Delayed 2 second(s)

2018-11-27 17:02:58 - [TEST_STEP][PASSED] - sendKeys: Keys 'CONTROL + a' sent to object: 'Object Repository/Final Object Repo/Page_Update Add New Employee - ASSIST/Employee Name Input'

2018-11-27 17:02:58 - [MESSAGE][PASSED] - Keys 'CONTROL + a' sent to object: 'Object Repository/Final Object Repo/Page_Update Add New Employee - ASSIST/Employee Name Input'

2018-11-27 17:02:58 - [TEST_STEP][PASSED] - sendKeys: Keys 'CONTROL + c' sent to object: 'Object Repository/Final Object Repo/Page_Update Add New Employee - ASSIST/Employee Name Input'

2018-11-27 17:02:59 - [MESSAGE][PASSED] - Keys 'CONTROL + c' sent to object: 'Object Repository/Final Object Repo/Page_Update Add New Employee - ASSIST/Employee Name Input'

2018-11-27 17:02:59 - [TEST_STEP][PASSED] - Statement - toolkit = java.awt.Toolkit.getDefaultToolkit(): null

2018-11-27 17:02:59 - [TEST_STEP][PASSED] - Statement - clipboard = toolkit.getSystemClipboard(): null

2018-11-27 17:02:59 - [TEST_STEP][PASSED] - Statement - CurrentName = clipboard.getData(stringFlavor): null

2018-11-27 17:02:59 - [TEST_STEP][PASSED] - Statement - out.println("String from Clipboard:" + CurrentName): null

2018-11-27 17:02:59 - [TEST_STEP][PASSED] - Statement - If (CurrentName == "AUTOMATE002 ELIGIBLE 1"): null

2018-11-27 17:02:59 - [TEST_STEP][PASSED] - Statement - Else If (CurrentName == "AUTOMATE003 ELIGIBLE 1"): Call Test Case 'Test Cases/Final Aug 2018 - PKS Automation/Registration Module/Workflow/Update Add New Employee/Template/Employee Adding/Employee Adding Action Repeat IC - set 2' successfully

2018-11-27 17:02:59 - [TEST_STEP][PASSED] - callTestCase: Call Test Case 'Test Cases/Final Aug 2018 - PKS Automation/Registration Module/Workflow/Update Add New Employee/Template/Employee Adding/Employee Adding Action Repeat IC - set 2' successfully

2018-11-27 17:02:59 - [TEST_CASE][PASSED] - Test Cases/Final Aug 2018 - PKS Automation/Registration Module/Workflow/Update Add New Employee/Template/Employee Adding/Employee Adding Action Repeat IC - set 2: Test Cases/Final Aug 2018 - PKS Automation/Registration Module/Workflow/Update Add New Employee/Template/Employee Adding/Employee Adding Action Repeat IC - set 2

2018-11-27 17:02:59 - [TEST_STEP][PASSED] - setText: Text 'Automate002 eligible 1' is set on object 'Object Repository/Final Object Repo/Page_Update Add New Employee - ASSIST/Employee Name Input'

2018-11-27 17:02:59 - [MESSAGE][PASSED] - Text 'Automate002 eligible 1' is set on object 'Object Repository/Final Object Repo/Page_Update Add New Employee - ASSIST/Employee Name Input'

2018-11-27 17:02:59 - [TEST_STEP][PASSED] - delay: Delayed 2 second(s)

2018-11-27 17:03:01 - [MESSAGE][PASSED] - Delayed 2 second(s)

2018-11-27 17:03:01 - [TEST_STEP][PASSED] - click: Object: 'Object Repository/Final Object Repo/Page_Update Add New Employee - ASSIST/DatePicker Pop Up' is clicked on

2018-11-27 17:03:01 - [MESSAGE][PASSED] - Object: 'Object Repository/Final Object Repo/Page_Update Add New Employee - ASSIST/DatePicker Pop Up' is clicked on

2018-11-27 17:03:01 - [TEST_STEP][PASSED] - click: Object: 'Object Repository/Final Object Repo/Page_Update Add New Employee - ASSIST/DOB Month' is clicked on

2018-11-27 17:03:02 - [MESSAGE][PASSED] - Object: 'Object Repository/Final Object Repo/Page_Update Add New Employee - ASSIST/DOB Month' is clicked on

2018-11-27 17:03:02 - [TEST_STEP][PASSED] - Statement - CurrentMonth = CurrentMonth: null

2018-11-27 17:03:02 - [TEST_STEP][PASSED] - Statement - selectMonth = new com.kms.katalon.core.testobject.TestObject(): null

2018-11-27 17:03:02 - [TEST_STEP][PASSED] - Statement - selectMonth.addProperty("xpath", EQUALS, "//body/div/div/div/select/option[@value='" + CurrentMonth + "']", true): null

2018-11-27 17:03:02 - [TEST_STEP][PASSED] - click: Object: '' is clicked on

2018-11-27 17:03:02 - [MESSAGE][PASSED] - Object: '' is clicked on

2018-11-27 17:03:02 - [TEST_STEP][PASSED] - click: Object: 'Object Repository/Final Object Repo/Page_Update Add New Employee - ASSIST/DOB Year' is clicked on

2018-11-27 17:03:02 - [MESSAGE][PASSED] - Object: 'Object Repository/Final Object Repo/Page_Update Add New Employee - ASSIST/DOB Year' is clicked on

2018-11-27 17:03:02 - [TEST_STEP][PASSED] - Statement - Eyearsbf = EighteenYrsBefore: null

2018-11-27 17:03:02 - [TEST_STEP][PASSED] - Statement - selectYear = new com.kms.katalon.core.testobject.TestObject(): null

2018-11-27 17:03:02 - [TEST_STEP][PASSED] - Statement - selectYear.addProperty("xpath", EQUALS, "//div/div/div/select/option[@value='" + Eyearsbf + "']", true): null

2018-11-27 17:03:02 - [TEST_STEP][PASSED] - click: Object: '' is clicked on

2018-11-27 17:03:02 - [MESSAGE][PASSED] - Object: '' is clicked on

2018-11-27 17:03:02 - [TEST_STEP][PASSED] - Statement - UpdatedSelectDate = com.kms.katalon.core.webui.keyword.WebUiBuiltInKeywords.modifyObjectProperty(com.kms.katalon.core.testobject.ObjectRepository.findTestObject(Final Object Repo/Page_Update Add New Employee - ASSIST/DOB Date), "xpath", "equals", "//body/div/table/tbody/tr/td/a[text()="" + CurrentDate + ""]", true): Modify property of object successfully

2018-11-27 17:03:02 - [MESSAGE][PASSED] - Modify property of object successfully

2018-11-27 17:03:02 - [TEST_STEP][PASSED] - delay: Delayed 3 second(s)

2018-11-27 17:03:05 - [MESSAGE][PASSED] - Delayed 3 second(s)

2018-11-27 17:03:05 - [TEST_STEP][PASSED] - click: Object: 'Object Repository/Final Object Repo/Page_Update Add New Employee - ASSIST/DOB Date' is clicked on

2018-11-27 17:03:05 - [MESSAGE][PASSED] - Object: 'Object Repository/Final Object Repo/Page_Update Add New Employee - ASSIST/DOB Date' is clicked on

2018-11-27 17:03:05 - [TEST_STEP][PASSED] - delay: Delayed 2 second(s)

2018-11-27 17:03:07 - [MESSAGE][PASSED] - Delayed 2 second(s)

2018-11-27 17:03:07 - [TEST_STEP][PASSED] - click: Object: 'Object Repository/Final Object Repo/Page_Update Add New Employee - ASSIST/EmploymentStartDate Pop Up' is clicked on

2018-11-27 17:03:07 - [MESSAGE][PASSED] - Object: 'Object Repository/Final Object Repo/Page_Update Add New Employee - ASSIST/EmploymentStartDate Pop Up' is clicked on

2018-11-27 17:03:07 - [TEST_STEP][PASSED] - delay: Delayed 2 second(s)

2018-11-27 17:03:09 - [MESSAGE][PASSED] - Delayed 2 second(s)

2018-11-27 17:03:09 - [TEST_STEP][PASSED] - click: Object: 'Object Repository/Final Object Repo/Page_Update Add New Employee - ASSIST/Socso Employment StartDate Month' is clicked on

2018-11-27 17:03:10 - [MESSAGE][PASSED] - Object: 'Object Repository/Final Object Repo/Page_Update Add New Employee - ASSIST/Socso Employment StartDate Month' is clicked on

2018-11-27 17:03:10 - [TEST_STEP][PASSED] - delay: Delayed 1 second(s)

2018-11-27 17:03:11 - [MESSAGE][PASSED] - Delayed 1 second(s)

2018-11-27 17:03:11 - [TEST_STEP][PASSED] - click: Object: 'Object Repository/Final Object Repo/Page_Update Add New Employee - ASSIST/Select Socso Employement Startdate Month' is clicked on

2018-11-27 17:03:11 - [MESSAGE][PASSED] - Object: 'Object Repository/Final Object Repo/Page_Update Add New Employee - ASSIST/Select Socso Employement Startdate Month' is clicked on

2018-11-27 17:03:11 - [TEST_STEP][PASSED] - delay: Delayed 2 second(s)

2018-11-27 17:03:13 - [MESSAGE][PASSED] - Delayed 2 second(s)

2018-11-27 17:03:13 - [TEST_STEP][PASSED] - click: Object: 'Object Repository/Final Object Repo/Page_Update Add New Employee - ASSIST/Socso Employment StartDate Year' is clicked on

2018-11-27 17:03:13 - [MESSAGE][PASSED] - Object: 'Object Repository/Final Object Repo/Page_Update Add New Employee - ASSIST/Socso Employment StartDate Year' is clicked on

2018-11-27 17:03:13 - [TEST_STEP][PASSED] - delay: Delayed 1 second(s)

2018-11-27 17:03:14 - [MESSAGE][PASSED] - Delayed 1 second(s)

2018-11-27 17:03:14 - [TEST_STEP][PASSED] - click: Object: 'Object Repository/Final Object Repo/Page_Update Add New Employee - ASSIST/Select Socso Employment Startdate Year' is clicked on

2018-11-27 17:03:14 - [MESSAGE][PASSED] - Object: 'Object Repository/Final Object Repo/Page_Update Add New Employee - ASSIST/Select Socso Employment Startdate Year' is clicked on

2018-11-27 17:03:14 - [TEST_STEP][PASSED] - delay: Delayed 2 second(s)

2018-11-27 17:03:16 - [MESSAGE][PASSED] - Delayed 2 second(s)

2018-11-27 17:03:16 - [TEST_STEP][PASSED] - click: Object: 'Object Repository/Final Object Repo/Page_Update Add New Employee - ASSIST/Socso Employment Start Date Day' is clicked on

2018-11-27 17:03:16 - [MESSAGE][PASSED] - Object: 'Object Repository/Final Object Repo/Page_Update Add New Employee - ASSIST/Socso Employment Start Date Day' is clicked on

2018-11-27 17:03:16 - [TEST_STEP][PASSED] - delay: Delayed 2 second(s)

2018-11-27 17:03:18 - [MESSAGE][PASSED] - Delayed 2 second(s)

2018-11-27 17:03:18 - [TEST_STEP][PASSED] - click: Object: 'Object Repository/Final Object Repo/Page_Update Add New Employee - ASSIST/Save Button for Add Employee' is clicked on

2018-11-27 17:03:19 - [MESSAGE][PASSED] - Object: 'Object Repository/Final Object Repo/Page_Update Add New Employee - ASSIST/Save Button for Add Employee' is clicked on

2018-11-27 17:03:19 - [TEST_STEP][PASSED] - delay: Delayed 10 second(s)

2018-11-27 17:03:29 - [MESSAGE][PASSED] - Delayed 10 second(s)

2018-11-27 17:03:29 - [TEST_STEP][PASSED] - click: Object: 'Object Repository/Final Object Repo/Page_Update Add New Employee - ASSIST/Add Employee Button' is clicked on

2018-11-27 17:03:29 - [MESSAGE][PASSED] - Object: 'Object Repository/Final Object Repo/Page_Update Add New Employee - ASSIST/Add Employee Button' is clicked on

2018-11-27 17:03:29 - [TEST_STEP][PASSED] - delay: Delayed 6 second(s)

2018-11-27 17:03:35 - [MESSAGE][PASSED] - Delayed 6 second(s)

2018-11-27 17:03:35 - [TEST_STEP][PASSED] - setText: Text '620904059600' is set on object 'Object Repository/Final Object Repo/Page_Update Add New Employee - ASSIST/NRIC Input'

2018-11-27 17:03:35 - [MESSAGE][PASSED] - Text '620904059600' is set on object 'Object Repository/Final Object Repo/Page_Update Add New Employee - ASSIST/NRIC Input'

2018-11-27 17:03:35 - [TEST_STEP][PASSED] - click: Object: 'Object Repository/Final Object Repo/Page_Update Add New Employee - ASSIST/button for search for IC' is clicked on

2018-11-27 17:03:35 - [MESSAGE][PASSED] - Object: 'Object Repository/Final Object Repo/Page_Update Add New Employee - ASSIST/button for search for IC' is clicked on

2018-11-27 17:03:35 - [TEST_STEP][PASSED] - delay: Delayed 2 second(s)

2018-11-27 17:03:37 - [MESSAGE][PASSED] - Delayed 2 second(s)

2018-11-27 17:03:37 - [TEST_STEP][PASSED] - setText: Text 'Automate002 eligible 2' is set on object 'Object Repository/Final Object Repo/Page_Update Add New Employee - ASSIST/Employee Name Input'

2018-11-27 17:03:38 - [MESSAGE][PASSED] - Text 'Automate002 eligible 2' is set on object 'Object Repository/Final Object Repo/Page_Update Add New Employee - ASSIST/Employee Name Input'

2018-11-27 17:03:38 - [TEST_STEP][PASSED] - delay: Delayed 2 second(s)

2018-11-27 17:03:40 - [MESSAGE][PASSED] - Delayed 2 second(s)

2018-11-27 17:03:40 - [TEST_STEP][PASSED] - click: Object: 'Object Repository/Final Object Repo/Page_Update Add New Employee - ASSIST/DatePicker Pop Up' is clicked on

2018-11-27 17:03:40 - [MESSAGE][PASSED] - Object: 'Object Repository/Final Object Repo/Page_Update Add New Employee - ASSIST/DatePicker Pop Up' is clicked on

2018-11-27 17:03:40 - [TEST_STEP][PASSED] - delay: Delayed 2 second(s)

2018-11-27 17:03:42 - [MESSAGE][PASSED] - Delayed 2 second(s)

2018-11-27 17:03:42 - [TEST_STEP][PASSED] - click: Object: 'Object Repository/Final Object Repo/Page_Update Add New Employee - ASSIST/DOB Month' is clicked on

2018-11-27 17:03:42 - [MESSAGE][PASSED] - Object: 'Object Repository/Final Object Repo/Page_Update Add New Employee - ASSIST/DOB Month' is clicked on

2018-11-27 17:03:42 - [TEST_STEP][PASSED] - Statement - selectMonth = com.kms.katalon.core.webui.keyword.WebUiBuiltInKeywords.modifyObjectProperty(selectMonth, "xpath", "equals", "//body/div/div/div/select/option[@value="" + CurrentMonth + ""]", true): Modify property of object successfully

2018-11-27 17:03:42 - [MESSAGE][PASSED] - Modify property of object successfully

2018-11-27 17:03:42 - [TEST_STEP][PASSED] - click: Object: '' is clicked on

2018-11-27 17:03:42 - [MESSAGE][PASSED] - Object: '' is clicked on

2018-11-27 17:03:42 - [TEST_STEP][PASSED] - click: Object: 'Object Repository/Final Object Repo/Page_Update Add New Employee - ASSIST/DOB Year' is clicked on

2018-11-27 17:03:43 - [MESSAGE][PASSED] - Object: 'Object Repository/Final Object Repo/Page_Update Add New Employee - ASSIST/DOB Year' is clicked on

2018-11-27 17:03:43 - [TEST_STEP][PASSED] - Statement - selectYear = com.kms.katalon.core.webui.keyword.WebUiBuiltInKeywords.modifyObjectProperty(selectYear, "xpath", "equals", "//div/div/div/select/option[@value="" + FiftysevenYrsBefore + ""]", true): Modify property of object successfully

2018-11-27 17:03:43 - [MESSAGE][PASSED] - Modify property of object successfully

2018-11-27 17:03:43 - [TEST_STEP][PASSED] - click: Object: '' is clicked on

2018-11-27 17:03:43 - [MESSAGE][PASSED] - Object: '' is clicked on

2018-11-27 17:03:43 - [TEST_STEP][PASSED] - Statement - UpdatedSelectDate = com.kms.katalon.core.webui.keyword.WebUiBuiltInKeywords.modifyObjectProperty(com.kms.katalon.core.testobject.ObjectRepository.findTestObject(Final Object Repo/Page_Update Add New Employee - ASSIST/DOB Date), "xpath", "equals", "//body/div/table/tbody/tr/td/a[text()="" + OneDayBefore + ""]", true): Modify property of object successfully

2018-11-27 17:03:43 - [MESSAGE][PASSED] - Modify property of object successfully

2018-11-27 17:03:43 - [TEST_STEP][PASSED] - click: Object: 'Object Repository/Final Object Repo/Page_Update Add New Employee - ASSIST/DOB Date' is clicked on

2018-11-27 17:03:43 - [MESSAGE][PASSED] - Object: 'Object Repository/Final Object Repo/Page_Update Add New Employee - ASSIST/DOB Date' is clicked on

2018-11-27 17:03:43 - [TEST_STEP][PASSED] - delay: Delayed 2 second(s)

2018-11-27 17:03:45 - [MESSAGE][PASSED] - Delayed 2 second(s)

2018-11-27 17:03:45 - [TEST_STEP][PASSED] - click: Object: 'Object Repository/Final Object Repo/Page_Update Add New Employee - ASSIST/EmploymentStartDate Pop Up' is clicked on

2018-11-27 17:03:45 - [MESSAGE][PASSED] - Object: 'Object Repository/Final Object Repo/Page_Update Add New Employee - ASSIST/EmploymentStartDate Pop Up' is clicked on

2018-11-27 17:03:45 - [TEST_STEP][PASSED] - delay: Delayed 2 second(s)

2018-11-27 17:03:47 - [MESSAGE][PASSED] - Delayed 2 second(s)

2018-11-27 17:03:47 - [TEST_STEP][PASSED] - click: Object: 'Object Repository/Final Object Repo/Page_Update Add New Employee - ASSIST/Socso Employment StartDate Month' is clicked on

2018-11-27 17:03:47 - [MESSAGE][PASSED] - Object: 'Object Repository/Final Object Repo/Page_Update Add New Employee - ASSIST/Socso Employment StartDate Month' is clicked on

2018-11-27 17:03:47 - [TEST_STEP][PASSED] - delay: Delayed 1 second(s)

2018-11-27 17:03:48 - [MESSAGE][PASSED] - Delayed 1 second(s)

2018-11-27 17:03:48 - [TEST_STEP][PASSED] - click: Object: 'Object Repository/Final Object Repo/Page_Update Add New Employee - ASSIST/Select Socso Employement Startdate Month' is clicked on

2018-11-27 17:03:49 - [MESSAGE][PASSED] - Object: 'Object Repository/Final Object Repo/Page_Update Add New Employee - ASSIST/Select Socso Employement Startdate Month' is clicked on

2018-11-27 17:03:49 - [TEST_STEP][PASSED] - delay: Delayed 2 second(s)

2018-11-27 17:03:51 - [MESSAGE][PASSED] - Delayed 2 second(s)

2018-11-27 17:03:51 - [TEST_STEP][PASSED] - click: Object: 'Object Repository/Final Object Repo/Page_Update Add New Employee - ASSIST/Socso Employment StartDate Year' is clicked on

2018-11-27 17:03:51 - [MESSAGE][PASSED] - Object: 'Object Repository/Final Object Repo/Page_Update Add New Employee - ASSIST/Socso Employment StartDate Year' is clicked on

2018-11-27 17:03:51 - [TEST_STEP][PASSED] - delay: Delayed 1 second(s)

2018-11-27 17:03:52 - [MESSAGE][PASSED] - Delayed 1 second(s)

2018-11-27 17:03:52 - [TEST_STEP][PASSED] - click: Object: 'Object Repository/Final Object Repo/Page_Update Add New Employee - ASSIST/Select Socso Employment Startdate Year' is clicked on

2018-11-27 17:03:52 - [MESSAGE][PASSED] - Object: 'Object Repository/Final Object Repo/Page_Update Add New Employee - ASSIST/Select Socso Employment Startdate Year' is clicked on

2018-11-27 17:03:52 - [TEST_STEP][PASSED] - delay: Delayed 2 second(s)

2018-11-27 17:03:54 - [MESSAGE][PASSED] - Delayed 2 second(s)

2018-11-27 17:03:54 - [TEST_STEP][PASSED] - click: Object: 'Object Repository/Final Object Repo/Page_Update Add New Employee - ASSIST/Socso Employment Start Date Day' is clicked on

2018-11-27 17:03:54 - [MESSAGE][PASSED] - Object: 'Object Repository/Final Object Repo/Page_Update Add New Employee - ASSIST/Socso Employment Start Date Day' is clicked on

2018-11-27 17:03:54 - [TEST_STEP][PASSED] - delay: Delayed 2 second(s)

2018-11-27 17:03:56 - [MESSAGE][PASSED] - Delayed 2 second(s)

2018-11-27 17:03:56 - [TEST_STEP][PASSED] - click: Object: 'Object Repository/Final Object Repo/Page_Update Add New Employee - ASSIST/Save Button for Add Employee' is clicked on

2018-11-27 17:03:56 - [MESSAGE][PASSED] - Object: 'Object Repository/Final Object Repo/Page_Update Add New Employee - ASSIST/Save Button for Add Employee' is clicked on

2018-11-27 17:03:56 - [TEST_STEP][PASSED] - delay: Delayed 5 second(s)

2018-11-27 17:04:01 - [MESSAGE][PASSED] - Delayed 5 second(s)

2018-11-27 17:04:01 - [TEST_STEP][PASSED] - waitForElementClickable: Object 'Object Repository/Final Object Repo/Page_Update Add New Employee - ASSIST/Add Employee Button' is clickable

2018-11-27 17:04:01 - [MESSAGE][PASSED] - Object 'Object Repository/Final Object Repo/Page_Update Add New Employee - ASSIST/Add Employee Button' is clickable

2018-11-27 17:04:01 - [TEST_STEP][PASSED] - click: Object: 'Object Repository/Final Object Repo/Page_Update Add New Employee - ASSIST/Add Employee Button' is clicked on

2018-11-27 17:04:02 - [MESSAGE][PASSED] - Object: 'Object Repository/Final Object Repo/Page_Update Add New Employee - ASSIST/Add Employee Button' is clicked on

2018-11-27 17:04:02 - [TEST_STEP][PASSED] - delay: Delayed 4 second(s)

2018-11-27 17:04:06 - [MESSAGE][PASSED] - Delayed 4 second(s)

2018-11-27 17:04:06 - [TEST_STEP][PASSED] - setText: Text '000209039100' is set on object 'Object Repository/Final Object Repo/Page_Update Add New Employee - ASSIST/NRIC Input'

2018-11-27 17:04:06 - [MESSAGE][PASSED] - Text '000209039100' is set on object 'Object Repository/Final Object Repo/Page_Update Add New Employee - ASSIST/NRIC Input'

2018-11-27 17:04:06 - [TEST_STEP][PASSED] - click: Object: 'Object Repository/Final Object Repo/Page_Update Add New Employee - ASSIST/button for search for IC' is clicked on

2018-11-27 17:04:06 - [MESSAGE][PASSED] - Object: 'Object Repository/Final Object Repo/Page_Update Add New Employee - ASSIST/button for search for IC' is clicked on

2018-11-27 17:04:06 - [TEST_STEP][PASSED] - delay: Delayed 2 second(s)

2018-11-27 17:04:08 - [MESSAGE][PASSED] - Delayed 2 second(s)

2018-11-27 17:04:08 - [TEST_STEP][PASSED] - setText: Text 'Automate002 not eligible 1' is set on object 'Object Repository/Final Object Repo/Page_Update Add New Employee - ASSIST/Employee Name Input'

2018-11-27 17:04:09 - [MESSAGE][PASSED] - Text 'Automate002 not eligible 1' is set on object 'Object Repository/Final Object Repo/Page_Update Add New Employee - ASSIST/Employee Name Input'

2018-11-27 17:04:09 - [TEST_STEP][PASSED] - delay: Delayed 2 second(s)

2018-11-27 17:04:11 - [MESSAGE][PASSED] - Delayed 2 second(s)

2018-11-27 17:04:11 - [TEST_STEP][PASSED] - click: Object: 'Object Repository/Final Object Repo/Page_Update Add New Employee - ASSIST/DatePicker Pop Up' is clicked on

2018-11-27 17:04:11 - [MESSAGE][PASSED] - Object: 'Object Repository/Final Object Repo/Page_Update Add New Employee - ASSIST/DatePicker Pop Up' is clicked on

2018-11-27 17:04:11 - [TEST_STEP][PASSED] - delay: Delayed 2 second(s)

2018-11-27 17:04:13 - [MESSAGE][PASSED] - Delayed 2 second(s)

2018-11-27 17:04:13 - [TEST_STEP][PASSED] - click: Object: 'Object Repository/Final Object Repo/Page_Update Add New Employee - ASSIST/DOB Month' is clicked on

2018-11-27 17:04:13 - [MESSAGE][PASSED] - Object: 'Object Repository/Final Object Repo/Page_Update Add New Employee - ASSIST/DOB Month' is clicked on

2018-11-27 17:04:13 - [TEST_STEP][PASSED] - Statement - selectMonth = com.kms.katalon.core.webui.keyword.WebUiBuiltInKeywords.modifyObjectProperty(selectMonth, "xpath", "equals", "//body/div/div/div/select/option[@value="" + CurrentMonth + ""]", true): Modify property of object successfully

2018-11-27 17:04:13 - [MESSAGE][PASSED] - Modify property of object successfully

2018-11-27 17:04:13 - [TEST_STEP][PASSED] - click: Object: '' is clicked on

2018-11-27 17:04:13 - [MESSAGE][PASSED] - Object: '' is clicked on

2018-11-27 17:04:13 - [TEST_STEP][PASSED] - click: Object: 'Object Repository/Final Object Repo/Page_Update Add New Employee - ASSIST/DOB Year' is clicked on

2018-11-27 17:04:13 - [MESSAGE][PASSED] - Object: 'Object Repository/Final Object Repo/Page_Update Add New Employee - ASSIST/DOB Year' is clicked on

2018-11-27 17:04:13 - [TEST_STEP][PASSED] - Statement - selectYear = com.kms.katalon.core.webui.keyword.WebUiBuiltInKeywords.modifyObjectProperty(selectYear, "xpath", "equals", "//div/div/div/select/option[@value="" + EighteenYrsBefore + ""]", true): Modify property of object successfully

2018-11-27 17:04:13 - [MESSAGE][PASSED] - Modify property of object successfully

2018-11-27 17:04:13 - [TEST_STEP][PASSED] - click: Object: '' is clicked on

2018-11-27 17:04:14 - [MESSAGE][PASSED] - Object: '' is clicked on

2018-11-27 17:04:14 - [TEST_STEP][PASSED] - Statement - UpdatedSelectDate = com.kms.katalon.core.webui.keyword.WebUiBuiltInKeywords.modifyObjectProperty(com.kms.katalon.core.testobject.ObjectRepository.findTestObject(Final Object Repo/Page_Update Add New Employee - ASSIST/DOB Date), "xpath", "equals", "//body/div/table/tbody/tr/td/a[text()="" + OneDayBefore + ""]", true): Modify property of object successfully

2018-11-27 17:04:14 - [MESSAGE][PASSED] - Modify property of object successfully

2018-11-27 17:04:14 - [TEST_STEP][PASSED] - click: Object: 'Object Repository/Final Object Repo/Page_Update Add New Employee - ASSIST/DOB Date' is clicked on

2018-11-27 17:04:14 - [MESSAGE][PASSED] - Object: 'Object Repository/Final Object Repo/Page_Update Add New Employee - ASSIST/DOB Date' is clicked on

2018-11-27 17:04:14 - [TEST_STEP][PASSED] - delay: Delayed 2 second(s)

2018-11-27 17:04:16 - [MESSAGE][PASSED] - Delayed 2 second(s)

2018-11-27 17:04:16 - [TEST_STEP][PASSED] - click: Object: 'Object Repository/Final Object Repo/Page_Update Add New Employee - ASSIST/EmploymentStartDate Pop Up' is clicked on

2018-11-27 17:04:16 - [MESSAGE][PASSED] - Object: 'Object Repository/Final Object Repo/Page_Update Add New Employee - ASSIST/EmploymentStartDate Pop Up' is clicked on

2018-11-27 17:04:16 - [TEST_STEP][PASSED] - delay: Delayed 2 second(s)

2018-11-27 17:04:18 - [MESSAGE][PASSED] - Delayed 2 second(s)

2018-11-27 17:04:18 - [TEST_STEP][PASSED] - click: Object: 'Object Repository/Final Object Repo/Page_Update Add New Employee - ASSIST/Socso Employment StartDate Month' is clicked on

2018-11-27 17:04:18 - [MESSAGE][PASSED] - Object: 'Object Repository/Final Object Repo/Page_Update Add New Employee - ASSIST/Socso Employment StartDate Month' is clicked on

2018-11-27 17:04:18 - [TEST_STEP][PASSED] - delay: Delayed 1 second(s)

2018-11-27 17:04:19 - [MESSAGE][PASSED] - Delayed 1 second(s)

2018-11-27 17:04:19 - [TEST_STEP][PASSED] - click: Object: 'Object Repository/Final Object Repo/Page_Update Add New Employee - ASSIST/Select Socso Employement Startdate Month' is clicked on

2018-11-27 17:04:19 - [MESSAGE][PASSED] - Object: 'Object Repository/Final Object Repo/Page_Update Add New Employee - ASSIST/Select Socso Employement Startdate Month' is clicked on

2018-11-27 17:04:19 - [TEST_STEP][PASSED] - delay: Delayed 2 second(s)

2018-11-27 17:04:21 - [MESSAGE][PASSED] - Delayed 2 second(s)

2018-11-27 17:04:21 - [TEST_STEP][PASSED] - click: Object: 'Object Repository/Final Object Repo/Page_Update Add New Employee - ASSIST/Socso Employment StartDate Year' is clicked on

2018-11-27 17:04:21 - [MESSAGE][PASSED] - Object: 'Object Repository/Final Object Repo/Page_Update Add New Employee - ASSIST/Socso Employment StartDate Year' is clicked on

2018-11-27 17:04:21 - [TEST_STEP][PASSED] - delay: Delayed 1 second(s)

2018-11-27 17:04:22 - [MESSAGE][PASSED] - Delayed 1 second(s)

2018-11-27 17:04:22 - [TEST_STEP][PASSED] - click: Object: 'Object Repository/Final Object Repo/Page_Update Add New Employee - ASSIST/Select Socso Employment Startdate Year' is clicked on

2018-11-27 17:04:23 - [MESSAGE][PASSED] - Object: 'Object Repository/Final Object Repo/Page_Update Add New Employee - ASSIST/Select Socso Employment Startdate Year' is clicked on

2018-11-27 17:04:23 - [TEST_STEP][PASSED] - delay: Delayed 2 second(s)

2018-11-27 17:04:25 - [MESSAGE][PASSED] - Delayed 2 second(s)

2018-11-27 17:04:25 - [TEST_STEP][PASSED] - click: Object: 'Object Repository/Final Object Repo/Page_Update Add New Employee - ASSIST/Socso Employment Start Date Day' is clicked on

2018-11-27 17:04:25 - [MESSAGE][PASSED] - Object: 'Object Repository/Final Object Repo/Page_Update Add New Employee - ASSIST/Socso Employment Start Date Day' is clicked on

2018-11-27 17:04:25 - [TEST_STEP][PASSED] - delay: Delayed 2 second(s)

2018-11-27 17:04:27 - [MESSAGE][PASSED] - Delayed 2 second(s)

2018-11-27 17:04:27 - [TEST_STEP][PASSED] - click: Object: 'Object Repository/Final Object Repo/Page_Update Add New Employee - ASSIST/Save Button for Add Employee' is clicked on

2018-11-27 17:04:27 - [MESSAGE][PASSED] - Object: 'Object Repository/Final Object Repo/Page_Update Add New Employee - ASSIST/Save Button for Add Employee' is clicked on

2018-11-27 17:04:27 - [TEST_STEP][PASSED] - delay: Delayed 20 second(s)

2018-11-27 17:04:47 - [MESSAGE][PASSED] - Delayed 20 second(s)

2018-11-27 17:04:47 - [TEST_STEP][PASSED] - click: Object: 'Object Repository/Final Object Repo/Page_Update Add New Employee - ASSIST/Add Employee Button' is clicked on

2018-11-27 17:04:47 - [MESSAGE][PASSED] - Object: 'Object Repository/Final Object Repo/Page_Update Add New Employee - ASSIST/Add Employee Button' is clicked on

2018-11-27 17:04:47 - [TEST_STEP][PASSED] - delay: Delayed 4 second(s)

2018-11-27 17:04:51 - [MESSAGE][PASSED] - Delayed 4 second(s)

2018-11-27 17:04:51 - [TEST_STEP][PASSED] - setText: Text '600203039104' is set on object 'Object Repository/Final Object Repo/Page_Update Add New Employee - ASSIST/NRIC Input'

2018-11-27 17:04:52 - [MESSAGE][PASSED] - Text '600203039104' is set on object 'Object Repository/Final Object Repo/Page_Update Add New Employee - ASSIST/NRIC Input'

2018-11-27 17:04:52 - [TEST_STEP][PASSED] - click: Object: 'Object Repository/Final Object Repo/Page_Update Add New Employee - ASSIST/button for search for IC' is clicked on

2018-11-27 17:04:52 - [MESSAGE][PASSED] - Object: 'Object Repository/Final Object Repo/Page_Update Add New Employee - ASSIST/button for search for IC' is clicked on

2018-11-27 17:04:52 - [TEST_STEP][PASSED] - delay: Delayed 2 second(s)

2018-11-27 17:04:54 - [MESSAGE][PASSED] - Delayed 2 second(s)

2018-11-27 17:04:54 - [TEST_STEP][PASSED] - setText: Text 'Automate002 not eligible 2' is set on object 'Object Repository/Final Object Repo/Page_Update Add New Employee - ASSIST/Employee Name Input'

2018-11-27 17:04:54 - [MESSAGE][PASSED] - Text 'Automate002 not eligible 2' is set on object 'Object Repository/Final Object Repo/Page_Update Add New Employee - ASSIST/Employee Name Input'

2018-11-27 17:04:54 - [TEST_STEP][PASSED] - delay: Delayed 2 second(s)

2018-11-27 17:04:56 - [MESSAGE][PASSED] - Delayed 2 second(s)

2018-11-27 17:04:56 - [TEST_STEP][PASSED] - click: Object: 'Object Repository/Final Object Repo/Page_Update Add New Employee - ASSIST/DatePicker Pop Up' is clicked on

2018-11-27 17:04:57 - [MESSAGE][PASSED] - Object: 'Object Repository/Final Object Repo/Page_Update Add New Employee - ASSIST/DatePicker Pop Up' is clicked on

2018-11-27 17:04:57 - [TEST_STEP][PASSED] - delay: Delayed 2 second(s)

2018-11-27 17:04:59 - [MESSAGE][PASSED] - Delayed 2 second(s)

2018-11-27 17:04:59 - [TEST_STEP][PASSED] - click: Object: 'Object Repository/Final Object Repo/Page_Update Add New Employee - ASSIST/DOB Month' is clicked on

2018-11-27 17:04:59 - [MESSAGE][PASSED] - Object: 'Object Repository/Final Object Repo/Page_Update Add New Employee - ASSIST/DOB Month' is clicked on

2018-11-27 17:04:59 - [TEST_STEP][PASSED] - Statement - selectMonth = com.kms.katalon.core.webui.keyword.WebUiBuiltInKeywords.modifyObjectProperty(selectMonth, "xpath", "equals", "//body/div/div/div/select/option[@value="" + CurrentMonth + ""]", true): Modify property of object successfully

2018-11-27 17:04:59 - [MESSAGE][PASSED] - Modify property of object successfully

2018-11-27 17:04:59 - [TEST_STEP][PASSED] - click: Object: '' is clicked on

2018-11-27 17:04:59 - [MESSAGE][PASSED] - Object: '' is clicked on

2018-11-27 17:04:59 - [TEST_STEP][PASSED] - click: Object: 'Object Repository/Final Object Repo/Page_Update Add New Employee - ASSIST/DOB Year' is clicked on

2018-11-27 17:04:59 - [MESSAGE][PASSED] - Object: 'Object Repository/Final Object Repo/Page_Update Add New Employee - ASSIST/DOB Year' is clicked on

2018-11-27 17:04:59 - [TEST_STEP][PASSED] - Statement - selectYear = com.kms.katalon.core.webui.keyword.WebUiBuiltInKeywords.modifyObjectProperty(selectYear, "xpath", "equals", "//div/div/div/select/option[@value="" + FiftysevenYrsBefore + ""]", true): Modify property of object successfully

2018-11-27 17:04:59 - [MESSAGE][PASSED] - Modify property of object successfully

2018-11-27 17:04:59 - [TEST_STEP][PASSED] - click: Object: '' is clicked on

2018-11-27 17:04:59 - [MESSAGE][PASSED] - Object: '' is clicked on

2018-11-27 17:04:59 - [TEST_STEP][PASSED] - Statement - UpdatedSelectDate = com.kms.katalon.core.webui.keyword.WebUiBuiltInKeywords.modifyObjectProperty(com.kms.katalon.core.testobject.ObjectRepository.findTestObject(Final Object Repo/Page_Update Add New Employee - ASSIST/DOB Date), "xpath", "equals", "//body/div/table/tbody/tr/td/a[text()="" + CurrentDate + ""]", true): Modify property of object successfully

2018-11-27 17:04:59 - [MESSAGE][PASSED] - Modify property of object successfully

2018-11-27 17:04:59 - [TEST_STEP][PASSED] - click: Object: 'Object Repository/Final Object Repo/Page_Update Add New Employee - ASSIST/DOB Date' is clicked on

2018-11-27 17:04:59 - [MESSAGE][PASSED] - Object: 'Object Repository/Final Object Repo/Page_Update Add New Employee - ASSIST/DOB Date' is clicked on

2018-11-27 17:04:59 - [TEST_STEP][PASSED] - click: Object: 'Object Repository/Final Object Repo/Page_Update Add New Employee - ASSIST/EmploymentStartDate Pop Up' is clicked on

2018-11-27 17:05:00 - [MESSAGE][PASSED] - Object: 'Object Repository/Final Object Repo/Page_Update Add New Employee - ASSIST/EmploymentStartDate Pop Up' is clicked on

2018-11-27 17:05:00 - [TEST_STEP][PASSED] - delay: Delayed 2 second(s)

2018-11-27 17:05:02 - [MESSAGE][PASSED] - Delayed 2 second(s)

2018-11-27 17:05:02 - [TEST_STEP][PASSED] - click: Object: 'Object Repository/Final Object Repo/Page_Update Add New Employee - ASSIST/Socso Employment StartDate Month' is clicked on

2018-11-27 17:05:02 - [MESSAGE][PASSED] - Object: 'Object Repository/Final Object Repo/Page_Update Add New Employee - ASSIST/Socso Employment StartDate Month' is clicked on

2018-11-27 17:05:02 - [TEST_STEP][PASSED] - delay: Delayed 1 second(s)

2018-11-27 17:05:03 - [MESSAGE][PASSED] - Delayed 1 second(s)

2018-11-27 17:05:03 - [TEST_STEP][PASSED] - click: Object: 'Object Repository/Final Object Repo/Page_Update Add New Employee - ASSIST/Select Socso Employement Startdate Month' is clicked on

2018-11-27 17:05:03 - [MESSAGE][PASSED] - Object: 'Object Repository/Final Object Repo/Page_Update Add New Employee - ASSIST/Select Socso Employement Startdate Month' is clicked on

2018-11-27 17:05:03 - [TEST_STEP][PASSED] - delay: Delayed 2 second(s)

2018-11-27 17:05:05 - [MESSAGE][PASSED] - Delayed 2 second(s)

2018-11-27 17:05:05 - [TEST_STEP][PASSED] - click: Object: 'Object Repository/Final Object Repo/Page_Update Add New Employee - ASSIST/Socso Employment StartDate Year' is clicked on

2018-11-27 17:05:05 - [MESSAGE][PASSED] - Object: 'Object Repository/Final Object Repo/Page_Update Add New Employee - ASSIST/Socso Employment StartDate Year' is clicked on

2018-11-27 17:05:05 - [TEST_STEP][PASSED] - delay: Delayed 1 second(s)

2018-11-27 17:05:06 - [MESSAGE][PASSED] - Delayed 1 second(s)

2018-11-27 17:05:06 - [TEST_STEP][PASSED] - click: Object: 'Object Repository/Final Object Repo/Page_Update Add New Employee - ASSIST/Select Socso Employment Startdate Year' is clicked on

2018-11-27 17:05:06 - [MESSAGE][PASSED] - Object: 'Object Repository/Final Object Repo/Page_Update Add New Employee - ASSIST/Select Socso Employment Startdate Year' is clicked on

2018-11-27 17:05:06 - [TEST_STEP][PASSED] - delay: Delayed 2 second(s)

2018-11-27 17:05:08 - [MESSAGE][PASSED] - Delayed 2 second(s)

2018-11-27 17:05:08 - [TEST_STEP][PASSED] - click: Object: 'Object Repository/Final Object Repo/Page_Update Add New Employee - ASSIST/Socso Employment Start Date Day' is clicked on

2018-11-27 17:05:08 - [MESSAGE][PASSED] - Object: 'Object Repository/Final Object Repo/Page_Update Add New Employee - ASSIST/Socso Employment Start Date Day' is clicked on

2018-11-27 17:05:08 - [TEST_STEP][PASSED] - delay: Delayed 2 second(s)

2018-11-27 17:05:10 - [MESSAGE][PASSED] - Delayed 2 second(s)

2018-11-27 17:05:10 - [TEST_STEP][PASSED] - click: Object: 'Object Repository/Final Object Repo/Page_Update Add New Employee - ASSIST/Save Button for Add Employee' is clicked on

2018-11-27 17:05:11 - [MESSAGE][PASSED] - Object: 'Object Repository/Final Object Repo/Page_Update Add New Employee - ASSIST/Save Button for Add Employee' is clicked on

2018-11-27 17:05:11 - [MESSAGE][PASSED] - Call Test Case 'Test Cases/Final Aug 2018 - PKS Automation/Registration Module/Workflow/Update Add New Employee/Template/Employee Adding/Employee Adding Action Repeat IC - set 2' successfully

2018-11-27 17:05:11 - [MESSAGE][PASSED] - Call Test Case 'Test Cases/Final Aug 2018 - PKS Automation/Registration Module/Workflow/Update Add New Employee/Template/Employee Adding/Employee Set Decider' successfully

2018-11-27 17:05:11 - [TEST_STEP][PASSED] - delay: Delayed 4 second(s)

2018-11-27 17:05:15 - [MESSAGE][PASSED] - Delayed 4 second(s)

2018-11-27 17:05:15 - [TEST_STEP][PASSED] - Statement - CaseReferenceNo = com.kms.katalon.core.webui.keyword.WebUiBuiltInKeywords.getText(com.kms.katalon.core.testobject.ObjectRepository.findTestObject(Final Object Repo/Page_Update Add New Employee - ASSIST/RefNo)): Text of object 'Object Repository/Final Object Repo/Page_Update Add New Employee - ASSIST/RefNo' is: 'CAN11201800002205'

2018-11-27 17:05:15 - [MESSAGE][PASSED] - Text of object 'Object Repository/Final Object Repo/Page_Update Add New Employee - ASSIST/RefNo' is: 'CAN11201800002205'

2018-11-27 17:05:15 - [TEST_STEP][PASSED] - callTestCase: Call Test Case 'Test Cases/Final Aug 2018 - PKS Automation/Common/Reference Number Setter' successfully

2018-11-27 17:05:15 - [TEST_CASE][PASSED] - Test Cases/Final Aug 2018 - PKS Automation/Common/Reference Number Setter: Test Cases/Final Aug 2018 - PKS Automation/Common/Reference Number Setter

2018-11-27 17:05:15 - [TEST_STEP][PASSED] - Statement - RefNoOldFile = new java.io.File(C://Users//Admin//Desktop//PKS//Automation Reference Point//KatalonReference.txt): null

2018-11-27 17:05:15 - [TEST_STEP][PASSED] - Statement - RefNoOldFile.delete(): null

2018-11-27 17:05:15 - [TEST_STEP][PASSED] - delay: Delayed 5 second(s)

2018-11-27 17:05:20 - [MESSAGE][PASSED] - Delayed 5 second(s)

2018-11-27 17:05:20 - [TEST_STEP][PASSED] - Statement - RefNo = new java.io.File(C://Users//Admin//Desktop//PKS//Automation Reference Point//KatalonReference.txt): null

2018-11-27 17:05:20 - [TEST_STEP][PASSED] - Statement - f2 = new java.io.FileWriter(RefNo, false): null

2018-11-27 17:05:20 - [TEST_STEP][PASSED] - Statement - f2.write(CaseReferenceNo): null

2018-11-27 17:05:20 - [TEST_STEP][PASSED] - Statement - f2.close(): null

2018-11-27 17:05:20 - [TEST_STEP][PASSED] - Statement - out.println("


" + CaseReferenceNo + "


"): null

2018-11-27 17:05:20 - [MESSAGE][PASSED] - Call Test Case 'Test Cases/Final Aug 2018 - PKS Automation/Common/Reference Number Setter' successfully

2018-11-27 17:05:20 - [TEST_STEP][PASSED] - delay: Delayed 5 second(s)

2018-11-27 17:05:25 - [MESSAGE][PASSED] - Delayed 5 second(s)

2018-11-27 17:05:25 - [TEST_STEP][PASSED] - click: Object: 'Object Repository/Final Object Repo/Page_Update Add New Employee - ASSIST/Save  Continue Button' is clicked on

2018-11-27 17:05:25 - [MESSAGE][PASSED] - Object: 'Object Repository/Final Object Repo/Page_Update Add New Employee - ASSIST/Save  Continue Button' is clicked on

2018-11-27 17:05:25 - [TEST_STEP][PASSED] - delay: Delayed 4 second(s)

2018-11-27 17:05:29 - [MESSAGE][PASSED] - Delayed 4 second(s)

2018-11-27 17:05:29 - [TEST_STEP][PASSED] - callTestCase: Call Test Case 'Test Cases/Final Aug 2018 - PKS Automation/Common/Reference Number Getter' successfully

2018-11-27 17:05:29 - [TEST_CASE][PASSED] - Test Cases/Final Aug 2018 - PKS Automation/Common/Reference Number Getter: Test Cases/Final Aug 2018 - PKS Automation/Common/Reference Number Getter

2018-11-27 17:05:29 - [TEST_STEP][PASSED] - Statement - Try: null

2018-11-27 17:05:29 - [TEST_STEP][PASSED] - Statement - RefNo = new java.io.File(C://Users//Admin//Desktop//PKS//Automation Reference Point//KatalonReference.txt): null

2018-11-27 17:05:29 - [TEST_STEP][PASSED] - Statement - bufferread = new java.io.BufferedReader(new java.io.FileReader(RefNo)): null

2018-11-27 17:05:29 - [TEST_STEP][PASSED] - Statement - readedVal = bufferread.readLine(): null

2018-11-27 17:05:29 - [TEST_STEP][PASSED] - Statement - out.println(CaseReferenceNo): null

2018-11-27 17:05:29 - [TEST_STEP][PASSED] - Statement - out.println(readedVal): null

2018-11-27 17:05:29 - [TEST_STEP][PASSED] - Statement - CaseReferenceNo = "": null

2018-11-27 17:05:29 - [TEST_STEP][PASSED] - Statement - CaseReferenceNo = readedVal: null

2018-11-27 17:05:29 - [MESSAGE][PASSED] - Call Test Case 'Test Cases/Final Aug 2018 - PKS Automation/Common/Reference Number Getter' successfully

2018-11-27 17:05:29 - [TEST_STEP][PASSED] - click: Object: 'Object Repository/Final Object Repo/Page_Update Add New Employee - ASSIST/Save  Continue Third Screen' is clicked on

2018-11-27 17:05:32 - [MESSAGE][PASSED] - Object: 'Object Repository/Final Object Repo/Page_Update Add New Employee - ASSIST/Save  Continue Third Screen' is clicked on

2018-11-27 17:05:32 - [TEST_STEP][PASSED] - delay: Delayed 4 second(s)

2018-11-27 17:05:36 - [MESSAGE][PASSED] - Delayed 4 second(s)

2018-11-27 17:05:36 - [TEST_STEP][PASSED] - click: Object: 'Object Repository/Final Object Repo/Page_Update Add New Employee - ASSIST/Save   Continue Supporting Doc Page' is clicked on

2018-11-27 17:05:36 - [MESSAGE][PASSED] - Object: 'Object Repository/Final Object Repo/Page_Update Add New Employee - ASSIST/Save   Continue Supporting Doc Page' is clicked on

2018-11-27 17:05:36 - [TEST_STEP][PASSED] - delay: Delayed 4 second(s)

2018-11-27 17:05:40 - [MESSAGE][PASSED] - Delayed 4 second(s)

2018-11-27 17:05:40 - [TEST_STEP][PASSED] - click: Object: 'Object Repository/Final Object Repo/Page_Update Add New Employee - ASSIST/Submit Button' is clicked on

2018-11-27 17:05:41 - [MESSAGE][PASSED] - Object: 'Object Repository/Final Object Repo/Page_Update Add New Employee - ASSIST/Submit Button' is clicked on

2018-11-27 17:05:41 - [TEST_STEP][PASSED] - delay: Delayed 4 second(s)

2018-11-27 17:05:45 - [MESSAGE][PASSED] - Delayed 4 second(s)

2018-11-27 17:05:45 - [TEST_STEP][PASSED] - click: Object: 'Object Repository/Final Object Repo/Page_Update Add New Employee - ASSIST/Confirm Submit Button' is clicked on

2018-11-27 17:05:45 - [MESSAGE][PASSED] - Object: 'Object Repository/Final Object Repo/Page_Update Add New Employee - ASSIST/Confirm Submit Button' is clicked on

2018-11-27 17:05:45 - [TEST_STEP][PASSED] - delay: Delayed 20 second(s)

2018-11-27 17:06:05 - [MESSAGE][PASSED] - Delayed 20 second(s)

2018-11-27 17:06:05 - [TEST_STEP][PASSED] - callTestCase: Call Test Case 'Test Cases/Final Aug 2018 - PKS Automation/Common/Screenshoting tool' successfully

2018-11-27 17:06:05 - [TEST_CASE][PASSED] - Test Cases/Final Aug 2018 - PKS Automation/Common/Screenshoting tool: Test Cases/Final Aug 2018 - PKS Automation/Common/Screenshoting tool

2018-11-27 17:06:05 - [TEST_STEP][PASSED] - delay: Delayed 15 second(s)

2018-11-27 17:06:20 - [MESSAGE][PASSED] - Delayed 15 second(s)

2018-11-27 17:06:20 - [TEST_STEP][PASSED] - Statement - driver = com.kms.katalon.core.webui.driver.DriverFactory.getWebDriver(): null

2018-11-27 17:06:20 - [TEST_STEP][PASSED] - Statement - driver.manage().timeouts().implicitlyWait(10, SECONDS): null

2018-11-27 17:06:20 - [TEST_STEP][PASSED] - Statement - PresavePath = KatalonScreenshots: null

2018-11-27 17:06:20 - [TEST_STEP][PASSED] - Statement - pathPrefix = "C:\Users\Public\Pictures\Sample Pictures\Katalon Screenshots\Automate Ending Screen": null

2018-11-27 17:06:20 - [TEST_STEP][PASSED] - Statement - finalPath = <not implemented yet for class: org.codehaus.groovy.ast.expr.EmptyExpression>: null

2018-11-27 17:06:20 - [TEST_STEP][PASSED] - Statement - scrFile = driver.getScreenshotAs(FILE): null

2018-11-27 17:06:20 - [TEST_STEP][PASSED] - Statement - PreSaveFile = new java.io.File(PresavePath): null

2018-11-27 17:06:20 - [TEST_STEP][PASSED] - Statement - counter = 0: null

2018-11-27 17:06:20 - [TEST_STEP][PASSED] - Statement - If (PreSaveFile.exists()): null

2018-11-27 17:06:20 - [TEST_STEP][PASSED] - Statement - While (PreSaveFile.exists()): null

2018-11-27 17:06:20 - [TEST_STEP][PASSED] - Statement - counter = counter + 1: null

2018-11-27 17:06:20 - [TEST_STEP][PASSED] - Statement - PreSaveFile = new java.io.File(((pathPrefix + java.lang.Integer.toString(counter)) + .png)): null

2018-11-27 17:06:20 - [TEST_STEP][PASSED] - Statement - counter = counter + 1: null

2018-11-27 17:06:20 - [TEST_STEP][PASSED] - Statement - PreSaveFile = new java.io.File(((pathPrefix + java.lang.Integer.toString(counter)) + .png)): null

2018-11-27 17:06:20 - [TEST_STEP][PASSED] - Statement - counter = counter + 1: null

2018-11-27 17:06:20 - [TEST_STEP][PASSED] - Statement - PreSaveFile = new java.io.File(((pathPrefix + java.lang.Integer.toString(counter)) + .png)): null

2018-11-27 17:06:20 - [TEST_STEP][PASSED] - Statement - counter = counter + 1: null

2018-11-27 17:06:20 - [TEST_STEP][PASSED] - Statement - PreSaveFile = new java.io.File(((pathPrefix + java.lang.Integer.toString(counter)) + .png)): null

2018-11-27 17:06:20 - [TEST_STEP][PASSED] - Statement - counter = counter + 1: null

2018-11-27 17:06:20 - [TEST_STEP][PASSED] - Statement - PreSaveFile = new java.io.File(((pathPrefix + java.lang.Integer.toString(counter)) + .png)): null

2018-11-27 17:06:20 - [TEST_STEP][PASSED] - Statement - counter = counter + 1: null

2018-11-27 17:06:20 - [TEST_STEP][PASSED] - Statement - PreSaveFile = new java.io.File(((pathPrefix + java.lang.Integer.toString(counter)) + .png)): null

2018-11-27 17:06:20 - [TEST_STEP][PASSED] - Statement - counter = counter + 1: null

2018-11-27 17:06:20 - [TEST_STEP][PASSED] - Statement - PreSaveFile = new java.io.File(((pathPrefix + java.lang.Integer.toString(counter)) + .png)): null

2018-11-27 17:06:20 - [TEST_STEP][PASSED] - Statement - counter = counter + 1: null

2018-11-27 17:06:20 - [TEST_STEP][PASSED] - Statement - PreSaveFile = new java.io.File(((pathPrefix + java.lang.Integer.toString(counter)) + .png)): null

2018-11-27 17:06:20 - [TEST_STEP][PASSED] - Statement - counter = counter + 1: null

2018-11-27 17:06:20 - [TEST_STEP][PASSED] - Statement - PreSaveFile = new java.io.File(((pathPrefix + java.lang.Integer.toString(counter)) + .png)): null

2018-11-27 17:06:20 - [TEST_STEP][PASSED] - Statement - counter = counter + 1: null

2018-11-27 17:06:20 - [TEST_STEP][PASSED] - Statement - PreSaveFile = new java.io.File(((pathPrefix + java.lang.Integer.toString(counter)) + .png)): null

2018-11-27 17:06:20 - [TEST_STEP][PASSED] - Statement - counter = counter + 1: null

2018-11-27 17:06:20 - [TEST_STEP][PASSED] - Statement - PreSaveFile = new java.io.File(((pathPrefix + java.lang.Integer.toString(counter)) + .png)): null

2018-11-27 17:06:20 - [TEST_STEP][PASSED] - Statement - counter = counter + 1: null

2018-11-27 17:06:20 - [TEST_STEP][PASSED] - Statement - PreSaveFile = new java.io.File(((pathPrefix + java.lang.Integer.toString(counter)) + .png)): null

2018-11-27 17:06:20 - [TEST_STEP][PASSED] - Statement - counter = counter + 1: null

2018-11-27 17:06:20 - [TEST_STEP][PASSED] - Statement - PreSaveFile = new java.io.File(((pathPrefix + java.lang.Integer.toString(counter)) + .png)): null

2018-11-27 17:06:20 - [TEST_STEP][PASSED] - Statement - counter = counter + 1: null

2018-11-27 17:06:20 - [TEST_STEP][PASSED] - Statement - PreSaveFile = new java.io.File(((pathPrefix + java.lang.Integer.toString(counter)) + .png)): null

2018-11-27 17:06:20 - [TEST_STEP][PASSED] - Statement - counter = counter + 1: null

2018-11-27 17:06:20 - [TEST_STEP][PASSED] - Statement - PreSaveFile = new java.io.File(((pathPrefix + java.lang.Integer.toString(counter)) + .png)): null

2018-11-27 17:06:20 - [TEST_STEP][PASSED] - Statement - counter = counter + 1: null

2018-11-27 17:06:20 - [TEST_STEP][PASSED] - Statement - PreSaveFile = new java.io.File(((pathPrefix + java.lang.Integer.toString(counter)) + .png)): null

2018-11-27 17:06:20 - [TEST_STEP][PASSED] - Statement - counter = counter + 1: null

2018-11-27 17:06:20 - [TEST_STEP][PASSED] - Statement - PreSaveFile = new java.io.File(((pathPrefix + java.lang.Integer.toString(counter)) + .png)): null

2018-11-27 17:06:20 - [TEST_STEP][PASSED] - Statement - counter = counter + 1: null

2018-11-27 17:06:20 - [TEST_STEP][PASSED] - Statement - PreSaveFile = new java.io.File(((pathPrefix + java.lang.Integer.toString(counter)) + .png)): null

2018-11-27 17:06:20 - [TEST_STEP][PASSED] - Statement - counter = counter + 1: null

2018-11-27 17:06:20 - [TEST_STEP][PASSED] - Statement - PreSaveFile = new java.io.File(((pathPrefix + java.lang.Integer.toString(counter)) + .png)): null

2018-11-27 17:06:20 - [TEST_STEP][PASSED] - Statement - counter = counter + 1: null

2018-11-27 17:06:20 - [TEST_STEP][PASSED] - Statement - PreSaveFile = new java.io.File(((pathPrefix + java.lang.Integer.toString(counter)) + .png)): null

2018-11-27 17:06:20 - [TEST_STEP][PASSED] - Statement - counter = counter + 1: null

2018-11-27 17:06:20 - [TEST_STEP][PASSED] - Statement - PreSaveFile = new java.io.File(((pathPrefix + java.lang.Integer.toString(counter)) + .png)): null

2018-11-27 17:06:20 - [TEST_STEP][PASSED] - Statement - counter = counter + 1: null

2018-11-27 17:06:20 - [TEST_STEP][PASSED] - Statement - PreSaveFile = new java.io.File(((pathPrefix + java.lang.Integer.toString(counter)) + .png)): null

2018-11-27 17:06:20 - [TEST_STEP][PASSED] - Statement - counter = counter + 1: null

2018-11-27 17:06:20 - [TEST_STEP][PASSED] - Statement - PreSaveFile = new java.io.File(((pathPrefix + java.lang.Integer.toString(counter)) + .png)): null

2018-11-27 17:06:20 - [TEST_STEP][PASSED] - Statement - counter = counter + 1: null

2018-11-27 17:06:20 - [TEST_STEP][PASSED] - Statement - PreSaveFile = new java.io.File(((pathPrefix + java.lang.Integer.toString(counter)) + .png)): null

2018-11-27 17:06:20 - [TEST_STEP][PASSED] - Statement - counter = counter + 1: null

2018-11-27 17:06:20 - [TEST_STEP][PASSED] - Statement - PreSaveFile = new java.io.File(((pathPrefix + java.lang.Integer.toString(counter)) + .png)): null

2018-11-27 17:06:20 - [TEST_STEP][PASSED] - Statement - counter = counter + 1: null

2018-11-27 17:06:20 - [TEST_STEP][PASSED] - Statement - PreSaveFile = new java.io.File(((pathPrefix + java.lang.Integer.toString(counter)) + .png)): null

2018-11-27 17:06:20 - [TEST_STEP][PASSED] - Statement - counter = counter + 1: null

2018-11-27 17:06:20 - [TEST_STEP][PASSED] - Statement - PreSaveFile = new java.io.File(((pathPrefix + java.lang.Integer.toString(counter)) + .png)): null

2018-11-27 17:06:20 - [TEST_STEP][PASSED] - Statement - counter = counter + 1: null

2018-11-27 17:06:20 - [TEST_STEP][PASSED] - Statement - PreSaveFile = new java.io.File(((pathPrefix + java.lang.Integer.toString(counter)) + .png)): null

2018-11-27 17:06:20 - [TEST_STEP][PASSED] - Statement - counter = counter + 1: null

2018-11-27 17:06:20 - [TEST_STEP][PASSED] - Statement - PreSaveFile = new java.io.File(((pathPrefix + java.lang.Integer.toString(counter)) + .png)): null

2018-11-27 17:06:20 - [TEST_STEP][PASSED] - Statement - counter = counter + 1: null

2018-11-27 17:06:20 - [TEST_STEP][PASSED] - Statement - PreSaveFile = new java.io.File(((pathPrefix + java.lang.Integer.toString(counter)) + .png)): null

2018-11-27 17:06:20 - [TEST_STEP][PASSED] - Statement - counter = counter + 1: null

2018-11-27 17:06:20 - [TEST_STEP][PASSED] - Statement - PreSaveFile = new java.io.File(((pathPrefix + java.lang.Integer.toString(counter)) + .png)): null

2018-11-27 17:06:20 - [TEST_STEP][PASSED] - Statement - counter = counter + 1: null

2018-11-27 17:06:20 - [TEST_STEP][PASSED] - Statement - PreSaveFile = new java.io.File(((pathPrefix + java.lang.Integer.toString(counter)) + .png)): null

2018-11-27 17:06:20 - [TEST_STEP][PASSED] - Statement - counter = counter + 1: null

2018-11-27 17:06:20 - [TEST_STEP][PASSED] - Statement - PreSaveFile = new java.io.File(((pathPrefix + java.lang.Integer.toString(counter)) + .png)): null

2018-11-27 17:06:20 - [TEST_STEP][PASSED] - Statement - counter = counter + 1: null

2018-11-27 17:06:20 - [TEST_STEP][PASSED] - Statement - PreSaveFile = new java.io.File(((pathPrefix + java.lang.Integer.toString(counter)) + .png)): null

2018-11-27 17:06:20 - [TEST_STEP][PASSED] - Statement - counter = counter + 1: null

2018-11-27 17:06:20 - [TEST_STEP][PASSED] - Statement - PreSaveFile = new java.io.File(((pathPrefix + java.lang.Integer.toString(counter)) + .png)): null

2018-11-27 17:06:20 - [TEST_STEP][PASSED] - Statement - counter = counter + 1: null

2018-11-27 17:06:20 - [TEST_STEP][PASSED] - Statement - PreSaveFile = new java.io.File(((pathPrefix + java.lang.Integer.toString(counter)) + .png)): null

2018-11-27 17:06:20 - [TEST_STEP][PASSED] - Statement - counter = counter + 1: null

2018-11-27 17:06:20 - [TEST_STEP][PASSED] - Statement - PreSaveFile = new java.io.File(((pathPrefix + java.lang.Integer.toString(counter)) + .png)): null

2018-11-27 17:06:20 - [TEST_STEP][PASSED] - Statement - counter = counter + 1: null

2018-11-27 17:06:20 - [TEST_STEP][PASSED] - Statement - PreSaveFile = new java.io.File(((pathPrefix + java.lang.Integer.toString(counter)) + .png)): null

2018-11-27 17:06:20 - [TEST_STEP][PASSED] - Statement - counter = counter + 1: null

2018-11-27 17:06:20 - [TEST_STEP][PASSED] - Statement - PreSaveFile = new java.io.File(((pathPrefix + java.lang.Integer.toString(counter)) + .png)): null

2018-11-27 17:06:20 - [TEST_STEP][PASSED] - Statement - counter = counter + 1: null

2018-11-27 17:06:20 - [TEST_STEP][PASSED] - Statement - PreSaveFile = new java.io.File(((pathPrefix + java.lang.Integer.toString(counter)) + .png)): null

2018-11-27 17:06:20 - [TEST_STEP][PASSED] - Statement - counter = counter + 1: null

2018-11-27 17:06:20 - [TEST_STEP][PASSED] - Statement - PreSaveFile = new java.io.File(((pathPrefix + java.lang.Integer.toString(counter)) + .png)): null

2018-11-27 17:06:20 - [TEST_STEP][PASSED] - Statement - counter = counter + 1: null

2018-11-27 17:06:20 - [TEST_STEP][PASSED] - Statement - PreSaveFile = new java.io.File(((pathPrefix + java.lang.Integer.toString(counter)) + .png)): null

2018-11-27 17:06:20 - [TEST_STEP][PASSED] - Statement - counter = counter + 1: null

2018-11-27 17:06:20 - [TEST_STEP][PASSED] - Statement - PreSaveFile = new java.io.File(((pathPrefix + java.lang.Integer.toString(counter)) + .png)): null

2018-11-27 17:06:20 - [TEST_STEP][PASSED] - Statement - counter = counter + 1: null

2018-11-27 17:06:20 - [TEST_STEP][PASSED] - Statement - PreSaveFile = new java.io.File(((pathPrefix + java.lang.Integer.toString(counter)) + .png)): null

2018-11-27 17:06:20 - [TEST_STEP][PASSED] - Statement - counter = counter + 1: null

2018-11-27 17:06:20 - [TEST_STEP][PASSED] - Statement - PreSaveFile = new java.io.File(((pathPrefix + java.lang.Integer.toString(counter)) + .png)): null

2018-11-27 17:06:20 - [TEST_STEP][PASSED] - Statement - counter = counter + 1: null

2018-11-27 17:06:20 - [TEST_STEP][PASSED] - Statement - PreSaveFile = new java.io.File(((pathPrefix + java.lang.Integer.toString(counter)) + .png)): null

2018-11-27 17:06:20 - [TEST_STEP][PASSED] - Statement - counter = counter + 1: null

2018-11-27 17:06:20 - [TEST_STEP][PASSED] - Statement - PreSaveFile = new java.io.File(((pathPrefix + java.lang.Integer.toString(counter)) + .png)): null

2018-11-27 17:06:20 - [TEST_STEP][PASSED] - Statement - counter = counter + 1: null

2018-11-27 17:06:20 - [TEST_STEP][PASSED] - Statement - PreSaveFile = new java.io.File(((pathPrefix + java.lang.Integer.toString(counter)) + .png)): null

2018-11-27 17:06:20 - [TEST_STEP][PASSED] - Statement - counter = counter + 1: null

2018-11-27 17:06:20 - [TEST_STEP][PASSED] - Statement - PreSaveFile = new java.io.File(((pathPrefix + java.lang.Integer.toString(counter)) + .png)): null

2018-11-27 17:06:20 - [TEST_STEP][PASSED] - Statement - counter = counter + 1: null

2018-11-27 17:06:20 - [TEST_STEP][PASSED] - Statement - PreSaveFile = new java.io.File(((pathPrefix + java.lang.Integer.toString(counter)) + .png)): null

2018-11-27 17:06:20 - [TEST_STEP][PASSED] - Statement - counter = counter + 1: null

2018-11-27 17:06:20 - [TEST_STEP][PASSED] - Statement - PreSaveFile = new java.io.File(((pathPrefix + java.lang.Integer.toString(counter)) + .png)): null

2018-11-27 17:06:20 - [TEST_STEP][PASSED] - Statement - counter = counter + 1: null

2018-11-27 17:06:20 - [TEST_STEP][PASSED] - Statement - PreSaveFile = new java.io.File(((pathPrefix + java.lang.Integer.toString(counter)) + .png)): null

2018-11-27 17:06:20 - [TEST_STEP][PASSED] - Statement - counter = counter + 1: null

2018-11-27 17:06:20 - [TEST_STEP][PASSED] - Statement - PreSaveFile = new java.io.File(((pathPrefix + java.lang.Integer.toString(counter)) + .png)): null

2018-11-27 17:06:20 - [TEST_STEP][PASSED] - Statement - counter = counter + 1: null

2018-11-27 17:06:20 - [TEST_STEP][PASSED] - Statement - PreSaveFile = new java.io.File(((pathPrefix + java.lang.Integer.toString(counter)) + .png)): null

2018-11-27 17:06:20 - [TEST_STEP][PASSED] - Statement - counter = counter + 1: null

2018-11-27 17:06:20 - [TEST_STEP][PASSED] - Statement - PreSaveFile = new java.io.File(((pathPrefix + java.lang.Integer.toString(counter)) + .png)): null

2018-11-27 17:06:20 - [TEST_STEP][PASSED] - Statement - counter = counter + 1: null

2018-11-27 17:06:20 - [TEST_STEP][PASSED] - Statement - PreSaveFile = new java.io.File(((pathPrefix + java.lang.Integer.toString(counter)) + .png)): null

2018-11-27 17:06:20 - [TEST_STEP][PASSED] - Statement - counter = counter + 1: null

2018-11-27 17:06:20 - [TEST_STEP][PASSED] - Statement - PreSaveFile = new java.io.File(((pathPrefix + java.lang.Integer.toString(counter)) + .png)): null

2018-11-27 17:06:20 - [TEST_STEP][PASSED] - Statement - counter = counter + 1: null

2018-11-27 17:06:20 - [TEST_STEP][PASSED] - Statement - PreSaveFile = new java.io.File(((pathPrefix + java.lang.Integer.toString(counter)) + .png)): null

2018-11-27 17:06:20 - [TEST_STEP][PASSED] - Statement - counter = counter + 1: null

2018-11-27 17:06:20 - [TEST_STEP][PASSED] - Statement - PreSaveFile = new java.io.File(((pathPrefix + java.lang.Integer.toString(counter)) + .png)): null

2018-11-27 17:06:20 - [TEST_STEP][PASSED] - Statement - counter = counter + 1: null

2018-11-27 17:06:20 - [TEST_STEP][PASSED] - Statement - PreSaveFile = new java.io.File(((pathPrefix + java.lang.Integer.toString(counter)) + .png)): null

2018-11-27 17:06:20 - [TEST_STEP][PASSED] - Statement - counter = counter + 1: null

2018-11-27 17:06:20 - [TEST_STEP][PASSED] - Statement - PreSaveFile = new java.io.File(((pathPrefix + java.lang.Integer.toString(counter)) + .png)): null

2018-11-27 17:06:20 - [TEST_STEP][PASSED] - Statement - counter = counter + 1: null

2018-11-27 17:06:20 - [TEST_STEP][PASSED] - Statement - PreSaveFile = new java.io.File(((pathPrefix + java.lang.Integer.toString(counter)) + .png)): null

2018-11-27 17:06:20 - [TEST_STEP][PASSED] - Statement - counter = counter + 1: null

2018-11-27 17:06:20 - [TEST_STEP][PASSED] - Statement - PreSaveFile = new java.io.File(((pathPrefix + java.lang.Integer.toString(counter)) + .png)): null

2018-11-27 17:06:20 - [TEST_STEP][PASSED] - Statement - counter = counter + 1: null

2018-11-27 17:06:20 - [TEST_STEP][PASSED] - Statement - PreSaveFile = new java.io.File(((pathPrefix + java.lang.Integer.toString(counter)) + .png)): null

2018-11-27 17:06:20 - [TEST_STEP][PASSED] - Statement - counter = counter + 1: null

2018-11-27 17:06:20 - [TEST_STEP][PASSED] - Statement - PreSaveFile = new java.io.File(((pathPrefix + java.lang.Integer.toString(counter)) + .png)): null

2018-11-27 17:06:20 - [TEST_STEP][PASSED] - Statement - counter = counter + 1: null

2018-11-27 17:06:20 - [TEST_STEP][PASSED] - Statement - PreSaveFile = new java.io.File(((pathPrefix + java.lang.Integer.toString(counter)) + .png)): null

2018-11-27 17:06:20 - [TEST_STEP][PASSED] - Statement - counter = counter + 1: null

2018-11-27 17:06:20 - [TEST_STEP][PASSED] - Statement - PreSaveFile = new java.io.File(((pathPrefix + java.lang.Integer.toString(counter)) + .png)): null

2018-11-27 17:06:20 - [TEST_STEP][PASSED] - Statement - counter = counter + 1: null

2018-11-27 17:06:20 - [TEST_STEP][PASSED] - Statement - PreSaveFile = new java.io.File(((pathPrefix + java.lang.Integer.toString(counter)) + .png)): null

2018-11-27 17:06:20 - [TEST_STEP][PASSED] - Statement - counter = counter + 1: null

2018-11-27 17:06:20 - [TEST_STEP][PASSED] - Statement - PreSaveFile = new java.io.File(((pathPrefix + java.lang.Integer.toString(counter)) + .png)): null

2018-11-27 17:06:20 - [TEST_STEP][PASSED] - Statement - counter = counter + 1: null

2018-11-27 17:06:20 - [TEST_STEP][PASSED] - Statement - PreSaveFile = new java.io.File(((pathPrefix + java.lang.Integer.toString(counter)) + .png)): null

2018-11-27 17:06:20 - [TEST_STEP][PASSED] - Statement - counter = counter + 1: null

2018-11-27 17:06:20 - [TEST_STEP][PASSED] - Statement - PreSaveFile = new java.io.File(((pathPrefix + java.lang.Integer.toString(counter)) + .png)): null

2018-11-27 17:06:20 - [TEST_STEP][PASSED] - Statement - counter = counter + 1: null

2018-11-27 17:06:20 - [TEST_STEP][PASSED] - Statement - PreSaveFile = new java.io.File(((pathPrefix + java.lang.Integer.toString(counter)) + .png)): null

2018-11-27 17:06:20 - [TEST_STEP][PASSED] - Statement - counter = counter + 1: null

2018-11-27 17:06:20 - [TEST_STEP][PASSED] - Statement - PreSaveFile = new java.io.File(((pathPrefix + java.lang.Integer.toString(counter)) + .png)): null

2018-11-27 17:06:20 - [TEST_STEP][PASSED] - Statement - counter = counter + 1: null

2018-11-27 17:06:20 - [TEST_STEP][PASSED] - Statement - PreSaveFile = new java.io.File(((pathPrefix + java.lang.Integer.toString(counter)) + .png)): null

2018-11-27 17:06:20 - [TEST_STEP][PASSED] - Statement - counter = counter + 1: null

2018-11-27 17:06:20 - [TEST_STEP][PASSED] - Statement - PreSaveFile = new java.io.File(((pathPrefix + java.lang.Integer.toString(counter)) + .png)): null

2018-11-27 17:06:20 - [TEST_STEP][PASSED] - Statement - counter = counter + 1: null

2018-11-27 17:06:20 - [TEST_STEP][PASSED] - Statement - PreSaveFile = new java.io.File(((pathPrefix + java.lang.Integer.toString(counter)) + .png)): null

2018-11-27 17:06:20 - [TEST_STEP][PASSED] - Statement - counter = counter + 1: null

2018-11-27 17:06:20 - [TEST_STEP][PASSED] - Statement - PreSaveFile = new java.io.File(((pathPrefix + java.lang.Integer.toString(counter)) + .png)): null

2018-11-27 17:06:20 - [TEST_STEP][PASSED] - Statement - counter = counter + 1: null

2018-11-27 17:06:20 - [TEST_STEP][PASSED] - Statement - PreSaveFile = new java.io.File(((pathPrefix + java.lang.Integer.toString(counter)) + .png)): null

2018-11-27 17:06:20 - [TEST_STEP][PASSED] - Statement - counter = counter + 1: null

2018-11-27 17:06:20 - [TEST_STEP][PASSED] - Statement - PreSaveFile = new java.io.File(((pathPrefix + java.lang.Integer.toString(counter)) + .png)): null

2018-11-27 17:06:20 - [TEST_STEP][PASSED] - Statement - counter = counter + 1: null

2018-11-27 17:06:20 - [TEST_STEP][PASSED] - Statement - PreSaveFile = new java.io.File(((pathPrefix + java.lang.Integer.toString(counter)) + .png)): null

2018-11-27 17:06:20 - [TEST_STEP][PASSED] - Statement - counter = counter + 1: null

2018-11-27 17:06:20 - [TEST_STEP][PASSED] - Statement - PreSaveFile = new java.io.File(((pathPrefix + java.lang.Integer.toString(counter)) + .png)): null

2018-11-27 17:06:20 - [TEST_STEP][PASSED] - Statement - counter = counter + 1: null

2018-11-27 17:06:20 - [TEST_STEP][PASSED] - Statement - PreSaveFile = new java.io.File(((pathPrefix + java.lang.Integer.toString(counter)) + .png)): null

2018-11-27 17:06:20 - [TEST_STEP][PASSED] - Statement - counter = counter + 1: null

2018-11-27 17:06:20 - [TEST_STEP][PASSED] - Statement - PreSaveFile = new java.io.File(((pathPrefix + java.lang.Integer.toString(counter)) + .png)): null

2018-11-27 17:06:20 - [TEST_STEP][PASSED] - Statement - counter = counter + 1: null

2018-11-27 17:06:20 - [TEST_STEP][PASSED] - Statement - PreSaveFile = new java.io.File(((pathPrefix + java.lang.Integer.toString(counter)) + .png)): null

2018-11-27 17:06:20 - [TEST_STEP][PASSED] - Statement - counter = counter + 1: null

2018-11-27 17:06:20 - [TEST_STEP][PASSED] - Statement - PreSaveFile = new java.io.File(((pathPrefix + java.lang.Integer.toString(counter)) + .png)): null

2018-11-27 17:06:20 - [TEST_STEP][PASSED] - Statement - counter = counter + 1: null

2018-11-27 17:06:20 - [TEST_STEP][PASSED] - Statement - PreSaveFile = new java.io.File(((pathPrefix + java.lang.Integer.toString(counter)) + .png)): null

2018-11-27 17:06:20 - [TEST_STEP][PASSED] - Statement - counter = counter + 1: null

2018-11-27 17:06:20 - [TEST_STEP][PASSED] - Statement - PreSaveFile = new java.io.File(((pathPrefix + java.lang.Integer.toString(counter)) + .png)): null

2018-11-27 17:06:20 - [TEST_STEP][PASSED] - Statement - counter = counter + 1: null

2018-11-27 17:06:20 - [TEST_STEP][PASSED] - Statement - PreSaveFile = new java.io.File(((pathPrefix + java.lang.Integer.toString(counter)) + .png)): null

2018-11-27 17:06:20 - [TEST_STEP][PASSED] - Statement - counter = counter + 1: null

2018-11-27 17:06:20 - [TEST_STEP][PASSED] - Statement - PreSaveFile = new java.io.File(((pathPrefix + java.lang.Integer.toString(counter)) + .png)): null

2018-11-27 17:06:20 - [TEST_STEP][PASSED] - Statement - counter = counter + 1: null

2018-11-27 17:06:20 - [TEST_STEP][PASSED] - Statement - PreSaveFile = new java.io.File(((pathPrefix + java.lang.Integer.toString(counter)) + .png)): null

2018-11-27 17:06:20 - [TEST_STEP][PASSED] - Statement - counter = counter + 1: null

2018-11-27 17:06:20 - [TEST_STEP][PASSED] - Statement - PreSaveFile = new java.io.File(((pathPrefix + java.lang.Integer.toString(counter)) + .png)): null

2018-11-27 17:06:20 - [TEST_STEP][PASSED] - Statement - counter = counter + 1: null

2018-11-27 17:06:20 - [TEST_STEP][PASSED] - Statement - PreSaveFile = new java.io.File(((pathPrefix + java.lang.Integer.toString(counter)) + .png)): null

2018-11-27 17:06:20 - [TEST_STEP][PASSED] - Statement - counter = counter + 1: null

2018-11-27 17:06:20 - [TEST_STEP][PASSED] - Statement - PreSaveFile = new java.io.File(((pathPrefix + java.lang.Integer.toString(counter)) + .png)): null

2018-11-27 17:06:20 - [TEST_STEP][PASSED] - Statement - counter = counter + 1: null

2018-11-27 17:06:20 - [TEST_STEP][PASSED] - Statement - PreSaveFile = new java.io.File(((pathPrefix + java.lang.Integer.toString(counter)) + .png)): null

2018-11-27 17:06:20 - [TEST_STEP][PASSED] - Statement - counter = counter + 1: null

2018-11-27 17:06:21 - [TEST_STEP][PASSED] - Statement - PreSaveFile = new java.io.File(((pathPrefix + java.lang.Integer.toString(counter)) + .png)): null

2018-11-27 17:06:21 - [TEST_STEP][PASSED] - Statement - counter = counter + 1: null

2018-11-27 17:06:21 - [TEST_STEP][PASSED] - Statement - PreSaveFile = new java.io.File(((pathPrefix + java.lang.Integer.toString(counter)) + .png)): null

2018-11-27 17:06:21 - [TEST_STEP][PASSED] - Statement - counter = counter + 1: null

2018-11-27 17:06:21 - [TEST_STEP][PASSED] - Statement - PreSaveFile = new java.io.File(((pathPrefix + java.lang.Integer.toString(counter)) + .png)): null

2018-11-27 17:06:21 - [TEST_STEP][PASSED] - Statement - counter = counter + 1: null

2018-11-27 17:06:21 - [TEST_STEP][PASSED] - Statement - PreSaveFile = new java.io.File(((pathPrefix + java.lang.Integer.toString(counter)) + .png)): null

2018-11-27 17:06:21 - [TEST_STEP][PASSED] - Statement - counter = counter + 1: null

2018-11-27 17:06:21 - [TEST_STEP][PASSED] - Statement - PreSaveFile = new java.io.File(((pathPrefix + java.lang.Integer.toString(counter)) + .png)): null

2018-11-27 17:06:21 - [TEST_STEP][PASSED] - Statement - counter = counter + 1: null

2018-11-27 17:06:21 - [TEST_STEP][PASSED] - Statement - PreSaveFile = new java.io.File(((pathPrefix + java.lang.Integer.toString(counter)) + .png)): null

2018-11-27 17:06:21 - [TEST_STEP][PASSED] - Statement - counter = counter + 1: null

2018-11-27 17:06:21 - [TEST_STEP][PASSED] - Statement - PreSaveFile = new java.io.File(((pathPrefix + java.lang.Integer.toString(counter)) + .png)): null

2018-11-27 17:06:21 - [TEST_STEP][PASSED] - Statement - counter = counter + 1: null

2018-11-27 17:06:21 - [TEST_STEP][PASSED] - Statement - PreSaveFile = new java.io.File(((pathPrefix + java.lang.Integer.toString(counter)) + .png)): null

2018-11-27 17:06:21 - [TEST_STEP][PASSED] - Statement - counter = counter + 1: null

2018-11-27 17:06:21 - [TEST_STEP][PASSED] - Statement - PreSaveFile = new java.io.File(((pathPrefix + java.lang.Integer.toString(counter)) + .png)): null

2018-11-27 17:06:21 - [TEST_STEP][PASSED] - Statement - counter = counter + 1: null

2018-11-27 17:06:21 - [TEST_STEP][PASSED] - Statement - PreSaveFile = new java.io.File(((pathPrefix + java.lang.Integer.toString(counter)) + .png)): null

2018-11-27 17:06:21 - [TEST_STEP][PASSED] - Statement - counter = counter + 1: null

2018-11-27 17:06:21 - [TEST_STEP][PASSED] - Statement - PreSaveFile = new java.io.File(((pathPrefix + java.lang.Integer.toString(counter)) + .png)): null

2018-11-27 17:06:21 - [TEST_STEP][PASSED] - Statement - counter = counter + 1: null

2018-11-27 17:06:21 - [TEST_STEP][PASSED] - Statement - PreSaveFile = new java.io.File(((pathPrefix + java.lang.Integer.toString(counter)) + .png)): null

2018-11-27 17:06:21 - [TEST_STEP][PASSED] - Statement - counter = counter + 1: null

2018-11-27 17:06:21 - [TEST_STEP][PASSED] - Statement - PreSaveFile = new java.io.File(((pathPrefix + java.lang.Integer.toString(counter)) + .png)): null

2018-11-27 17:06:21 - [TEST_STEP][PASSED] - Statement - counter = counter + 1: null

2018-11-27 17:06:21 - [TEST_STEP][PASSED] - Statement - PreSaveFile = new java.io.File(((pathPrefix + java.lang.Integer.toString(counter)) + .png)): null

2018-11-27 17:06:21 - [TEST_STEP][PASSED] - Statement - counter = counter + 1: null

2018-11-27 17:06:21 - [TEST_STEP][PASSED] - Statement - PreSaveFile = new java.io.File(((pathPrefix + java.lang.Integer.toString(counter)) + .png)): null

2018-11-27 17:06:21 - [TEST_STEP][PASSED] - Statement - counter = counter + 1: null

2018-11-27 17:06:21 - [TEST_STEP][PASSED] - Statement - PreSaveFile = new java.io.File(((pathPrefix + java.lang.Integer.toString(counter)) + .png)): null

2018-11-27 17:06:21 - [TEST_STEP][PASSED] - Statement - counter = counter + 1: null

2018-11-27 17:06:21 - [TEST_STEP][PASSED] - Statement - PreSaveFile = new java.io.File(((pathPrefix + java.lang.Integer.toString(counter)) + .png)): null

2018-11-27 17:06:21 - [TEST_STEP][PASSED] - Statement - counter = counter + 1: null

2018-11-27 17:06:21 - [TEST_STEP][PASSED] - Statement - PreSaveFile = new java.io.File(((pathPrefix + java.lang.Integer.toString(counter)) + .png)): null

2018-11-27 17:06:21 - [TEST_STEP][PASSED] - Statement - counter = counter + 1: null

2018-11-27 17:06:21 - [TEST_STEP][PASSED] - Statement - PreSaveFile = new java.io.File(((pathPrefix + java.lang.Integer.toString(counter)) + .png)): null

2018-11-27 17:06:21 - [TEST_STEP][PASSED] - Statement - counter = counter + 1: null

2018-11-27 17:06:21 - [TEST_STEP][PASSED] - Statement - PreSaveFile = new java.io.File(((pathPrefix + java.lang.Integer.toString(counter)) + .png)): null

2018-11-27 17:06:21 - [TEST_STEP][PASSED] - Statement - counter = counter + 1: null

2018-11-27 17:06:21 - [TEST_STEP][PASSED] - Statement - PreSaveFile = new java.io.File(((pathPrefix + java.lang.Integer.toString(counter)) + .png)): null

2018-11-27 17:06:21 - [TEST_STEP][PASSED] - Statement - counter = counter + 1: null

2018-11-27 17:06:21 - [TEST_STEP][PASSED] - Statement - PreSaveFile = new java.io.File(((pathPrefix + java.lang.Integer.toString(counter)) + .png)): null

2018-11-27 17:06:21 - [TEST_STEP][PASSED] - Statement - counter = counter + 1: null

2018-11-27 17:06:21 - [TEST_STEP][PASSED] - Statement - PreSaveFile = new java.io.File(((pathPrefix + java.lang.Integer.toString(counter)) + .png)): null

2018-11-27 17:06:21 - [TEST_STEP][PASSED] - Statement - counter = counter + 1: null

2018-11-27 17:06:21 - [TEST_STEP][PASSED] - Statement - PreSaveFile = new java.io.File(((pathPrefix + java.lang.Integer.toString(counter)) + .png)): null

2018-11-27 17:06:21 - [TEST_STEP][PASSED] - Statement - counter = counter + 1: null

2018-11-27 17:06:21 - [TEST_STEP][PASSED] - Statement - PreSaveFile = new java.io.File(((pathPrefix + java.lang.Integer.toString(counter)) + .png)): null

2018-11-27 17:06:21 - [TEST_STEP][PASSED] - Statement - counter = counter + 1: null

2018-11-27 17:06:21 - [TEST_STEP][PASSED] - Statement - PreSaveFile = new java.io.File(((pathPrefix + java.lang.Integer.toString(counter)) + .png)): null

2018-11-27 17:06:21 - [TEST_STEP][PASSED] - Statement - counter = counter + 1: null

2018-11-27 17:06:21 - [TEST_STEP][PASSED] - Statement - PreSaveFile = new java.io.File(((pathPrefix + java.lang.Integer.toString(counter)) + .png)): null

2018-11-27 17:06:21 - [TEST_STEP][PASSED] - Statement - counter = counter + 1: null

2018-11-27 17:06:21 - [TEST_STEP][PASSED] - Statement - PreSaveFile = new java.io.File(((pathPrefix + java.lang.Integer.toString(counter)) + .png)): null

2018-11-27 17:06:21 - [TEST_STEP][PASSED] - Statement - counter = counter + 1: null

2018-11-27 17:06:21 - [TEST_STEP][PASSED] - Statement - PreSaveFile = new java.io.File(((pathPrefix + java.lang.Integer.toString(counter)) + .png)): null

2018-11-27 17:06:21 - [TEST_STEP][PASSED] - Statement - counter = counter + 1: null

2018-11-27 17:06:21 - [TEST_STEP][PASSED] - Statement - PreSaveFile = new java.io.File(((pathPrefix + java.lang.Integer.toString(counter)) + .png)): null

2018-11-27 17:06:21 - [TEST_STEP][PASSED] - Statement - counter = counter + 1: null

2018-11-27 17:06:21 - [TEST_STEP][PASSED] - Statement - PreSaveFile = new java.io.File(((pathPrefix + java.lang.Integer.toString(counter)) + .png)): null

2018-11-27 17:06:21 - [TEST_STEP][PASSED] - Statement - counter = counter + 1: null

2018-11-27 17:06:21 - [TEST_STEP][PASSED] - Statement - PreSaveFile = new java.io.File(((pathPrefix + java.lang.Integer.toString(counter)) + .png)): null

2018-11-27 17:06:21 - [TEST_STEP][PASSED] - Statement - counter = counter + 1: null

2018-11-27 17:06:21 - [TEST_STEP][PASSED] - Statement - PreSaveFile = new java.io.File(((pathPrefix + java.lang.Integer.toString(counter)) + .png)): null

2018-11-27 17:06:21 - [TEST_STEP][PASSED] - Statement - counter = counter + 1: null

2018-11-27 17:06:21 - [TEST_STEP][PASSED] - Statement - PreSaveFile = new java.io.File(((pathPrefix + java.lang.Integer.toString(counter)) + .png)): null

2018-11-27 17:06:21 - [TEST_STEP][PASSED] - Statement - counter = counter + 1: null

2018-11-27 17:06:21 - [TEST_STEP][PASSED] - Statement - PreSaveFile = new java.io.File(((pathPrefix + java.lang.Integer.toString(counter)) + .png)): null

2018-11-27 17:06:21 - [TEST_STEP][PASSED] - Statement - counter = counter + 1: null

2018-11-27 17:06:21 - [TEST_STEP][PASSED] - Statement - PreSaveFile = new java.io.File(((pathPrefix + java.lang.Integer.toString(counter)) + .png)): null

2018-11-27 17:06:21 - [TEST_STEP][PASSED] - Statement - counter = counter + 1: null

2018-11-27 17:06:21 - [TEST_STEP][PASSED] - Statement - PreSaveFile = new java.io.File(((pathPrefix + java.lang.Integer.toString(counter)) + .png)): null

2018-11-27 17:06:21 - [TEST_STEP][PASSED] - Statement - counter = counter + 1: null

2018-11-27 17:06:21 - [TEST_STEP][PASSED] - Statement - PreSaveFile = new java.io.File(((pathPrefix + java.lang.Integer.toString(counter)) + .png)): null

2018-11-27 17:06:21 - [TEST_STEP][PASSED] - Statement - counter = counter + 1: null

2018-11-27 17:06:21 - [TEST_STEP][PASSED] - Statement - PreSaveFile = new java.io.File(((pathPrefix + java.lang.Integer.toString(counter)) + .png)): null

2018-11-27 17:06:21 - [TEST_STEP][PASSED] - Statement - counter = counter + 1: null

2018-11-27 17:06:21 - [TEST_STEP][PASSED] - Statement - PreSaveFile = new java.io.File(((pathPrefix + java.lang.Integer.toString(counter)) + .png)): null

2018-11-27 17:06:21 - [TEST_STEP][PASSED] - Statement - counter = counter + 1: null

2018-11-27 17:06:21 - [TEST_STEP][PASSED] - Statement - PreSaveFile = new java.io.File(((pathPrefix + java.lang.Integer.toString(counter)) + .png)): null

2018-11-27 17:06:21 - [TEST_STEP][PASSED] - Statement - counter = counter + 1: null

2018-11-27 17:06:21 - [TEST_STEP][PASSED] - Statement - PreSaveFile = new java.io.File(((pathPrefix + java.lang.Integer.toString(counter)) + .png)): null

2018-11-27 17:06:21 - [TEST_STEP][PASSED] - Statement - counter = counter + 1: null

2018-11-27 17:06:21 - [TEST_STEP][PASSED] - Statement - PreSaveFile = new java.io.File(((pathPrefix + java.lang.Integer.toString(counter)) + .png)): null

2018-11-27 17:06:21 - [TEST_STEP][PASSED] - Statement - counter = counter + 1: null

2018-11-27 17:06:21 - [TEST_STEP][PASSED] - Statement - PreSaveFile = new java.io.File(((pathPrefix + java.lang.Integer.toString(counter)) + .png)): null

2018-11-27 17:06:21 - [TEST_STEP][PASSED] - Statement - counter = counter + 1: null

2018-11-27 17:06:21 - [TEST_STEP][PASSED] - Statement - PreSaveFile = new java.io.File(((pathPrefix + java.lang.Integer.toString(counter)) + .png)): null

2018-11-27 17:06:21 - [TEST_STEP][PASSED] - Statement - counter = counter + 1: null

2018-11-27 17:06:21 - [TEST_STEP][PASSED] - Statement - PreSaveFile = new java.io.File(((pathPrefix + java.lang.Integer.toString(counter)) + .png)): null

2018-11-27 17:06:21 - [TEST_STEP][PASSED] - Statement - counter = counter + 1: null

2018-11-27 17:06:21 - [TEST_STEP][PASSED] - Statement - PreSaveFile = new java.io.File(((pathPrefix + java.lang.Integer.toString(counter)) + .png)): null

2018-11-27 17:06:21 - [TEST_STEP][PASSED] - Statement - counter = counter + 1: null

2018-11-27 17:06:21 - [TEST_STEP][PASSED] - Statement - PreSaveFile = new java.io.File(((pathPrefix + java.lang.Integer.toString(counter)) + .png)): null

2018-11-27 17:06:21 - [TEST_STEP][PASSED] - Statement - counter = counter + 1: null

2018-11-27 17:06:21 - [TEST_STEP][PASSED] - Statement - PreSaveFile = new java.io.File(((pathPrefix + java.lang.Integer.toString(counter)) + .png)): null

2018-11-27 17:06:21 - [TEST_STEP][PASSED] - Statement - counter = counter + 1: null

2018-11-27 17:06:21 - [TEST_STEP][PASSED] - Statement - PreSaveFile = new java.io.File(((pathPrefix + java.lang.Integer.toString(counter)) + .png)): null

2018-11-27 17:06:21 - [TEST_STEP][PASSED] - Statement - counter = counter + 1: null

2018-11-27 17:06:21 - [TEST_STEP][PASSED] - Statement - PreSaveFile = new java.io.File(((pathPrefix + java.lang.Integer.toString(counter)) + .png)): null

2018-11-27 17:06:21 - [TEST_STEP][PASSED] - Statement - counter = counter + 1: null

2018-11-27 17:06:21 - [TEST_STEP][PASSED] - Statement - PreSaveFile = new java.io.File(((pathPrefix + java.lang.Integer.toString(counter)) + .png)): null

2018-11-27 17:06:21 - [TEST_STEP][PASSED] - Statement - counter = counter + 1: null

2018-11-27 17:06:21 - [TEST_STEP][PASSED] - Statement - PreSaveFile = new java.io.File(((pathPrefix + java.lang.Integer.toString(counter)) + .png)): null

2018-11-27 17:06:21 - [TEST_STEP][PASSED] - Statement - counter = counter + 1: null

2018-11-27 17:06:21 - [TEST_STEP][PASSED] - Statement - PreSaveFile = new java.io.File(((pathPrefix + java.lang.Integer.toString(counter)) + .png)): null

2018-11-27 17:06:21 - [TEST_STEP][PASSED] - Statement - counter = counter + 1: null

2018-11-27 17:06:21 - [TEST_STEP][PASSED] - Statement - PreSaveFile = new java.io.File(((pathPrefix + java.lang.Integer.toString(counter)) + .png)): null

2018-11-27 17:06:21 - [TEST_STEP][PASSED] - Statement - counter = counter + 1: null

2018-11-27 17:06:21 - [TEST_STEP][PASSED] - Statement - PreSaveFile = new java.io.File(((pathPrefix + java.lang.Integer.toString(counter)) + .png)): null

2018-11-27 17:06:21 - [TEST_STEP][PASSED] - Statement - counter = counter + 1: null

2018-11-27 17:06:21 - [TEST_STEP][PASSED] - Statement - PreSaveFile = new java.io.File(((pathPrefix + java.lang.Integer.toString(counter)) + .png)): null

2018-11-27 17:06:21 - [TEST_STEP][PASSED] - Statement - counter = counter + 1: null

2018-11-27 17:06:21 - [TEST_STEP][PASSED] - Statement - PreSaveFile = new java.io.File(((pathPrefix + java.lang.Integer.toString(counter)) + .png)): null

2018-11-27 17:06:21 - [TEST_STEP][PASSED] - Statement - counter = counter + 1: null

2018-11-27 17:06:21 - [TEST_STEP][PASSED] - Statement - PreSaveFile = new java.io.File(((pathPrefix + java.lang.Integer.toString(counter)) + .png)): null

2018-11-27 17:06:21 - [TEST_STEP][PASSED] - Statement - counter = counter + 1: null

2018-11-27 17:06:21 - [TEST_STEP][PASSED] - Statement - PreSaveFile = new java.io.File(((pathPrefix + java.lang.Integer.toString(counter)) + .png)): null

2018-11-27 17:06:21 - [TEST_STEP][PASSED] - Statement - counter = counter + 1: null

2018-11-27 17:06:21 - [TEST_STEP][PASSED] - Statement - PreSaveFile = new java.io.File(((pathPrefix + java.lang.Integer.toString(counter)) + .png)): null

2018-11-27 17:06:21 - [TEST_STEP][PASSED] - Statement - counter = counter + 1: null

2018-11-27 17:06:21 - [TEST_STEP][PASSED] - Statement - PreSaveFile = new java.io.File(((pathPrefix + java.lang.Integer.toString(counter)) + .png)): null

2018-11-27 17:06:21 - [TEST_STEP][PASSED] - Statement - counter = counter + 1: null

2018-11-27 17:06:21 - [TEST_STEP][PASSED] - Statement - PreSaveFile = new java.io.File(((pathPrefix + java.lang.Integer.toString(counter)) + .png)): null

2018-11-27 17:06:21 - [TEST_STEP][PASSED] - Statement - counter = counter + 1: null

2018-11-27 17:06:21 - [TEST_STEP][PASSED] - Statement - PreSaveFile = new java.io.File(((pathPrefix + java.lang.Integer.toString(counter)) + .png)): null

2018-11-27 17:06:21 - [TEST_STEP][PASSED] - Statement - counter = counter + 1: null

2018-11-27 17:06:21 - [TEST_STEP][PASSED] - Statement - PreSaveFile = new java.io.File(((pathPrefix + java.lang.Integer.toString(counter)) + .png)): null

2018-11-27 17:06:21 - [TEST_STEP][PASSED] - Statement - counter = counter + 1: null

2018-11-27 17:06:21 - [TEST_STEP][PASSED] - Statement - PreSaveFile = new java.io.File(((pathPrefix + java.lang.Integer.toString(counter)) + .png)): null

2018-11-27 17:06:21 - [TEST_STEP][PASSED] - Statement - counter = counter + 1: null

2018-11-27 17:06:21 - [TEST_STEP][PASSED] - Statement - PreSaveFile = new java.io.File(((pathPrefix + java.lang.Integer.toString(counter)) + .png)): null

2018-11-27 17:06:21 - [TEST_STEP][PASSED] - Statement - counter = counter + 1: null

2018-11-27 17:06:21 - [TEST_STEP][PASSED] - Statement - PreSaveFile = new java.io.File(((pathPrefix + java.lang.Integer.toString(counter)) + .png)): null

2018-11-27 17:06:21 - [TEST_STEP][PASSED] - Statement - counter = counter + 1: null

2018-11-27 17:06:21 - [TEST_STEP][PASSED] - Statement - PreSaveFile = new java.io.File(((pathPrefix + java.lang.Integer.toString(counter)) + .png)): null

2018-11-27 17:06:21 - [TEST_STEP][PASSED] - Statement - counter = counter + 1: null

2018-11-27 17:06:21 - [TEST_STEP][PASSED] - Statement - PreSaveFile = new java.io.File(((pathPrefix + java.lang.Integer.toString(counter)) + .png)): null

2018-11-27 17:06:21 - [TEST_STEP][PASSED] - Statement - counter = counter + 1: null

2018-11-27 17:06:21 - [TEST_STEP][PASSED] - Statement - PreSaveFile = new java.io.File(((pathPrefix + java.lang.Integer.toString(counter)) + .png)): null

2018-11-27 17:06:21 - [TEST_STEP][PASSED] - Statement - counter = counter + 1: null

2018-11-27 17:06:21 - [TEST_STEP][PASSED] - Statement - PreSaveFile = new java.io.File(((pathPrefix + java.lang.Integer.toString(counter)) + .png)): null

2018-11-27 17:06:21 - [TEST_STEP][PASSED] - Statement - counter = counter + 1: null

2018-11-27 17:06:21 - [TEST_STEP][PASSED] - Statement - PreSaveFile = new java.io.File(((pathPrefix + java.lang.Integer.toString(counter)) + .png)): null

2018-11-27 17:06:21 - [TEST_STEP][PASSED] - Statement - counter = counter + 1: null

2018-11-27 17:06:21 - [TEST_STEP][PASSED] - Statement - PreSaveFile = new java.io.File(((pathPrefix + java.lang.Integer.toString(counter)) + .png)): null

2018-11-27 17:06:21 - [TEST_STEP][PASSED] - Statement - counter = counter + 1: null

2018-11-27 17:06:21 - [TEST_STEP][PASSED] - Statement - PreSaveFile = new java.io.File(((pathPrefix + java.lang.Integer.toString(counter)) + .png)): null

2018-11-27 17:06:21 - [TEST_STEP][PASSED] - Statement - counter = counter + 1: null

2018-11-27 17:06:21 - [TEST_STEP][PASSED] - Statement - PreSaveFile = new java.io.File(((pathPrefix + java.lang.Integer.toString(counter)) + .png)): null

2018-11-27 17:06:21 - [TEST_STEP][PASSED] - Statement - counter = counter + 1: null

2018-11-27 17:06:21 - [TEST_STEP][PASSED] - Statement - PreSaveFile = new java.io.File(((pathPrefix + java.lang.Integer.toString(counter)) + .png)): null

2018-11-27 17:06:21 - [TEST_STEP][PASSED] - Statement - counter = counter + 1: null

2018-11-27 17:06:21 - [TEST_STEP][PASSED] - Statement - PreSaveFile = new java.io.File(((pathPrefix + java.lang.Integer.toString(counter)) + .png)): null

2018-11-27 17:06:21 - [TEST_STEP][PASSED] - Statement - counter = counter + 1: null

2018-11-27 17:06:21 - [TEST_STEP][PASSED] - Statement - PreSaveFile = new java.io.File(((pathPrefix + java.lang.Integer.toString(counter)) + .png)): null

2018-11-27 17:06:21 - [TEST_STEP][PASSED] - Statement - counter = counter + 1: null

2018-11-27 17:06:21 - [TEST_STEP][PASSED] - Statement - PreSaveFile = new java.io.File(((pathPrefix + java.lang.Integer.toString(counter)) + .png)): null

2018-11-27 17:06:21 - [TEST_STEP][PASSED] - Statement - counter = counter + 1: null

2018-11-27 17:06:21 - [TEST_STEP][PASSED] - Statement - PreSaveFile = new java.io.File(((pathPrefix + java.lang.Integer.toString(counter)) + .png)): null

2018-11-27 17:06:21 - [TEST_STEP][PASSED] - Statement - counter = counter + 1: null

2018-11-27 17:06:21 - [TEST_STEP][PASSED] - Statement - PreSaveFile = new java.io.File(((pathPrefix + java.lang.Integer.toString(counter)) + .png)): null

2018-11-27 17:06:21 - [TEST_STEP][PASSED] - Statement - counter = counter + 1: null

2018-11-27 17:06:21 - [TEST_STEP][PASSED] - Statement - PreSaveFile = new java.io.File(((pathPrefix + java.lang.Integer.toString(counter)) + .png)): null

2018-11-27 17:06:21 - [TEST_STEP][PASSED] - Statement - counter = counter + 1: null

2018-11-27 17:06:21 - [TEST_STEP][PASSED] - Statement - PreSaveFile = new java.io.File(((pathPrefix + java.lang.Integer.toString(counter)) + .png)): null

2018-11-27 17:06:21 - [TEST_STEP][PASSED] - Statement - counter = counter + 1: null

2018-11-27 17:06:21 - [TEST_STEP][PASSED] - Statement - PreSaveFile = new java.io.File(((pathPrefix + java.lang.Integer.toString(counter)) + .png)): null

2018-11-27 17:06:21 - [TEST_STEP][PASSED] - Statement - counter = counter + 1: null

2018-11-27 17:06:21 - [TEST_STEP][PASSED] - Statement - PreSaveFile = new java.io.File(((pathPrefix + java.lang.Integer.toString(counter)) + .png)): null

2018-11-27 17:06:21 - [TEST_STEP][PASSED] - Statement - counter = counter + 1: null

2018-11-27 17:06:21 - [TEST_STEP][PASSED] - Statement - PreSaveFile = new java.io.File(((pathPrefix + java.lang.Integer.toString(counter)) + .png)): null

2018-11-27 17:06:21 - [TEST_STEP][PASSED] - Statement - counter = counter + 1: null

2018-11-27 17:06:21 - [TEST_STEP][PASSED] - Statement - PreSaveFile = new java.io.File(((pathPrefix + java.lang.Integer.toString(counter)) + .png)): null

2018-11-27 17:06:21 - [TEST_STEP][PASSED] - Statement - counter = counter + 1: null

2018-11-27 17:06:21 - [TEST_STEP][PASSED] - Statement - PreSaveFile = new java.io.File(((pathPrefix + java.lang.Integer.toString(counter)) + .png)): null

2018-11-27 17:06:21 - [TEST_STEP][PASSED] - Statement - counter = counter + 1: null

2018-11-27 17:06:21 - [TEST_STEP][PASSED] - Statement - PreSaveFile = new java.io.File(((pathPrefix + java.lang.Integer.toString(counter)) + .png)): null

2018-11-27 17:06:21 - [TEST_STEP][PASSED] - Statement - counter = counter + 1: null

2018-11-27 17:06:21 - [TEST_STEP][PASSED] - Statement - PreSaveFile = new java.io.File(((pathPrefix + java.lang.Integer.toString(counter)) + .png)): null

2018-11-27 17:06:21 - [TEST_STEP][PASSED] - Statement - counter = counter + 1: null

2018-11-27 17:06:21 - [TEST_STEP][PASSED] - Statement - PreSaveFile = new java.io.File(((pathPrefix + java.lang.Integer.toString(counter)) + .png)): null

2018-11-27 17:06:21 - [TEST_STEP][PASSED] - Statement - counter = counter + 1: null

2018-11-27 17:06:21 - [TEST_STEP][PASSED] - Statement - PreSaveFile = new java.io.File(((pathPrefix + java.lang.Integer.toString(counter)) + .png)): null

2018-11-27 17:06:21 - [TEST_STEP][PASSED] - Statement - counter = counter + 1: null

2018-11-27 17:06:21 - [TEST_STEP][PASSED] - Statement - PreSaveFile = new java.io.File(((pathPrefix + java.lang.Integer.toString(counter)) + .png)): null

2018-11-27 17:06:21 - [TEST_STEP][PASSED] - Statement - counter = counter + 1: null

2018-11-27 17:06:21 - [TEST_STEP][PASSED] - Statement - PreSaveFile = new java.io.File(((pathPrefix + java.lang.Integer.toString(counter)) + .png)): null

2018-11-27 17:06:21 - [TEST_STEP][PASSED] - Statement - counter = counter + 1: null

2018-11-27 17:06:21 - [TEST_STEP][PASSED] - Statement - PreSaveFile = new java.io.File(((pathPrefix + java.lang.Integer.toString(counter)) + .png)): null

2018-11-27 17:06:21 - [TEST_STEP][PASSED] - Statement - counter = counter + 1: null

2018-11-27 17:06:21 - [TEST_STEP][PASSED] - Statement - PreSaveFile = new java.io.File(((pathPrefix + java.lang.Integer.toString(counter)) + .png)): null

2018-11-27 17:06:21 - [TEST_STEP][PASSED] - Statement - counter = counter + 1: null

2018-11-27 17:06:21 - [TEST_STEP][PASSED] - Statement - PreSaveFile = new java.io.File(((pathPrefix + java.lang.Integer.toString(counter)) + .png)): null

2018-11-27 17:06:21 - [TEST_STEP][PASSED] - Statement - counter = counter + 1: null

2018-11-27 17:06:21 - [TEST_STEP][PASSED] - Statement - PreSaveFile = new java.io.File(((pathPrefix + java.lang.Integer.toString(counter)) + .png)): null

2018-11-27 17:06:21 - [TEST_STEP][PASSED] - Statement - counter = counter + 1: null

2018-11-27 17:06:21 - [TEST_STEP][PASSED] - Statement - PreSaveFile = new java.io.File(((pathPrefix + java.lang.Integer.toString(counter)) + .png)): null

2018-11-27 17:06:21 - [TEST_STEP][PASSED] - Statement - counter = counter + 1: null

2018-11-27 17:06:21 - [TEST_STEP][PASSED] - Statement - PreSaveFile = new java.io.File(((pathPrefix + java.lang.Integer.toString(counter)) + .png)): null

2018-11-27 17:06:21 - [TEST_STEP][PASSED] - Statement - counter = counter + 1: null

2018-11-27 17:06:21 - [TEST_STEP][PASSED] - Statement - PreSaveFile = new java.io.File(((pathPrefix + java.lang.Integer.toString(counter)) + .png)): null

2018-11-27 17:06:21 - [TEST_STEP][PASSED] - Statement - counter = counter + 1: null

2018-11-27 17:06:21 - [TEST_STEP][PASSED] - Statement - PreSaveFile = new java.io.File(((pathPrefix + java.lang.Integer.toString(counter)) + .png)): null

2018-11-27 17:06:21 - [TEST_STEP][PASSED] - Statement - counter = counter + 1: null

2018-11-27 17:06:21 - [TEST_STEP][PASSED] - Statement - PreSaveFile = new java.io.File(((pathPrefix + java.lang.Integer.toString(counter)) + .png)): null

2018-11-27 17:06:21 - [TEST_STEP][PASSED] - Statement - counter = counter + 1: null

2018-11-27 17:06:21 - [TEST_STEP][PASSED] - Statement - PreSaveFile = new java.io.File(((pathPrefix + java.lang.Integer.toString(counter)) + .png)): null

2018-11-27 17:06:21 - [TEST_STEP][PASSED] - Statement - counter = counter + 1: null

2018-11-27 17:06:21 - [TEST_STEP][PASSED] - Statement - PreSaveFile = new java.io.File(((pathPrefix + java.lang.Integer.toString(counter)) + .png)): null

2018-11-27 17:06:21 - [TEST_STEP][PASSED] - Statement - counter = counter + 1: null

2018-11-27 17:06:21 - [TEST_STEP][PASSED] - Statement - PreSaveFile = new java.io.File(((pathPrefix + java.lang.Integer.toString(counter)) + .png)): null

2018-11-27 17:06:21 - [TEST_STEP][PASSED] - Statement - counter = counter + 1: null

2018-11-27 17:06:21 - [TEST_STEP][PASSED] - Statement - PreSaveFile = new java.io.File(((pathPrefix + java.lang.Integer.toString(counter)) + .png)): null

2018-11-27 17:06:21 - [TEST_STEP][PASSED] - Statement - counter = counter + 1: null

2018-11-27 17:06:21 - [TEST_STEP][PASSED] - Statement - PreSaveFile = new java.io.File(((pathPrefix + java.lang.Integer.toString(counter)) + .png)): null

2018-11-27 17:06:21 - [TEST_STEP][PASSED] - Statement - counter = counter + 1: null

2018-11-27 17:06:21 - [TEST_STEP][PASSED] - Statement - PreSaveFile = new java.io.File(((pathPrefix + java.lang.Integer.toString(counter)) + .png)): null

2018-11-27 17:06:21 - [TEST_STEP][PASSED] - Statement - counter = counter + 1: null

2018-11-27 17:06:21 - [TEST_STEP][PASSED] - Statement - PreSaveFile = new java.io.File(((pathPrefix + java.lang.Integer.toString(counter)) + .png)): null

2018-11-27 17:06:21 - [TEST_STEP][PASSED] - Statement - counter = counter + 1: null

2018-11-27 17:06:21 - [TEST_STEP][PASSED] - Statement - PreSaveFile = new java.io.File(((pathPrefix + java.lang.Integer.toString(counter)) + .png)): null

2018-11-27 17:06:21 - [TEST_STEP][PASSED] - Statement - counter = counter + 1: null

2018-11-27 17:06:21 - [TEST_STEP][PASSED] - Statement - PreSaveFile = new java.io.File(((pathPrefix + java.lang.Integer.toString(counter)) + .png)): null

2018-11-27 17:06:21 - [TEST_STEP][PASSED] - Statement - counter = counter + 1: null

2018-11-27 17:06:21 - [TEST_STEP][PASSED] - Statement - PreSaveFile = new java.io.File(((pathPrefix + java.lang.Integer.toString(counter)) + .png)): null

2018-11-27 17:06:21 - [TEST_STEP][PASSED] - Statement - counter = counter + 1: null

2018-11-27 17:06:21 - [TEST_STEP][PASSED] - Statement - PreSaveFile = new java.io.File(((pathPrefix + java.lang.Integer.toString(counter)) + .png)): null

2018-11-27 17:06:21 - [TEST_STEP][PASSED] - Statement - counter = counter + 1: null

2018-11-27 17:06:21 - [TEST_STEP][PASSED] - Statement - PreSaveFile = new java.io.File(((pathPrefix + java.lang.Integer.toString(counter)) + .png)): null

2018-11-27 17:06:21 - [TEST_STEP][PASSED] - Statement - counter = counter + 1: null

2018-11-27 17:06:21 - [TEST_STEP][PASSED] - Statement - PreSaveFile = new java.io.File(((pathPrefix + java.lang.Integer.toString(counter)) + .png)): null

2018-11-27 17:06:21 - [TEST_STEP][PASSED] - Statement - counter = counter + 1: null

2018-11-27 17:06:21 - [TEST_STEP][PASSED] - Statement - PreSaveFile = new java.io.File(((pathPrefix + java.lang.Integer.toString(counter)) + .png)): null

2018-11-27 17:06:21 - [TEST_STEP][PASSED] - Statement - counter = counter + 1: null

2018-11-27 17:06:21 - [TEST_STEP][PASSED] - Statement - PreSaveFile = new java.io.File(((pathPrefix + java.lang.Integer.toString(counter)) + .png)): null

2018-11-27 17:06:21 - [TEST_STEP][PASSED] - Statement - counter = counter + 1: null

2018-11-27 17:06:21 - [TEST_STEP][PASSED] - Statement - PreSaveFile = new java.io.File(((pathPrefix + java.lang.Integer.toString(counter)) + .png)): null

2018-11-27 17:06:21 - [TEST_STEP][PASSED] - Statement - counter = counter + 1: null

2018-11-27 17:06:21 - [TEST_STEP][PASSED] - Statement - PreSaveFile = new java.io.File(((pathPrefix + java.lang.Integer.toString(counter)) + .png)): null

2018-11-27 17:06:21 - [TEST_STEP][PASSED] - Statement - counter = counter + 1: null

2018-11-27 17:06:21 - [TEST_STEP][PASSED] - Statement - PreSaveFile = new java.io.File(((pathPrefix + java.lang.Integer.toString(counter)) + .png)): null

2018-11-27 17:06:21 - [TEST_STEP][PASSED] - Statement - counter = counter + 1: null

2018-11-27 17:06:21 - [TEST_STEP][PASSED] - Statement - PreSaveFile = new java.io.File(((pathPrefix + java.lang.Integer.toString(counter)) + .png)): null

2018-11-27 17:06:21 - [TEST_STEP][PASSED] - Statement - counter = counter + 1: null

2018-11-27 17:06:21 - [TEST_STEP][PASSED] - Statement - PreSaveFile = new java.io.File(((pathPrefix + java.lang.Integer.toString(counter)) + .png)): null

2018-11-27 17:06:21 - [TEST_STEP][PASSED] - Statement - counter = counter + 1: null

2018-11-27 17:06:21 - [TEST_STEP][PASSED] - Statement - PreSaveFile = new java.io.File(((pathPrefix + java.lang.Integer.toString(counter)) + .png)): null

2018-11-27 17:06:21 - [TEST_STEP][PASSED] - Statement - counter = counter + 1: null

2018-11-27 17:06:21 - [TEST_STEP][PASSED] - Statement - PreSaveFile = new java.io.File(((pathPrefix + java.lang.Integer.toString(counter)) + .png)): null

2018-11-27 17:06:21 - [TEST_STEP][PASSED] - Statement - counter = counter + 1: null

2018-11-27 17:06:21 - [TEST_STEP][PASSED] - Statement - PreSaveFile = new java.io.File(((pathPrefix + java.lang.Integer.toString(counter)) + .png)): null

2018-11-27 17:06:21 - [TEST_STEP][PASSED] - Statement - counter = counter + 1: null

2018-11-27 17:06:21 - [TEST_STEP][PASSED] - Statement - PreSaveFile = new java.io.File(((pathPrefix + java.lang.Integer.toString(counter)) + .png)): null

2018-11-27 17:06:21 - [TEST_STEP][PASSED] - Statement - counter = counter + 1: null

2018-11-27 17:06:21 - [TEST_STEP][PASSED] - Statement - PreSaveFile = new java.io.File(((pathPrefix + java.lang.Integer.toString(counter)) + .png)): null

2018-11-27 17:06:21 - [TEST_STEP][PASSED] - Statement - counter = counter + 1: null

2018-11-27 17:06:21 - [TEST_STEP][PASSED] - Statement - PreSaveFile = new java.io.File(((pathPrefix + java.lang.Integer.toString(counter)) + .png)): null

2018-11-27 17:06:21 - [TEST_STEP][PASSED] - Statement - counter = counter + 1: null

2018-11-27 17:06:21 - [TEST_STEP][PASSED] - Statement - PreSaveFile = new java.io.File(((pathPrefix + java.lang.Integer.toString(counter)) + .png)): null

2018-11-27 17:06:21 - [TEST_STEP][PASSED] - Statement - counter = counter + 1: null

2018-11-27 17:06:21 - [TEST_STEP][PASSED] - Statement - PreSaveFile = new java.io.File(((pathPrefix + java.lang.Integer.toString(counter)) + .png)): null

2018-11-27 17:06:21 - [TEST_STEP][PASSED] - Statement - counter = counter + 1: null

2018-11-27 17:06:21 - [TEST_STEP][PASSED] - Statement - PreSaveFile = new java.io.File(((pathPrefix + java.lang.Integer.toString(counter)) + .png)): null

2018-11-27 17:06:21 - [TEST_STEP][PASSED] - Statement - counter = counter + 1: null

2018-11-27 17:06:21 - [TEST_STEP][PASSED] - Statement - PreSaveFile = new java.io.File(((pathPrefix + java.lang.Integer.toString(counter)) + .png)): null

2018-11-27 17:06:21 - [TEST_STEP][PASSED] - Statement - counter = counter + 1: null

2018-11-27 17:06:21 - [TEST_STEP][PASSED] - Statement - PreSaveFile = new java.io.File(((pathPrefix + java.lang.Integer.toString(counter)) + .png)): null

2018-11-27 17:06:21 - [TEST_STEP][PASSED] - Statement - counter = counter + 1: null

2018-11-27 17:06:21 - [TEST_STEP][PASSED] - Statement - PreSaveFile = new java.io.File(((pathPrefix + java.lang.Integer.toString(counter)) + .png)): null

2018-11-27 17:06:21 - [TEST_STEP][PASSED] - Statement - counter = counter + 1: null

2018-11-27 17:06:21 - [TEST_STEP][PASSED] - Statement - PreSaveFile = new java.io.File(((pathPrefix + java.lang.Integer.toString(counter)) + .png)): null

2018-11-27 17:06:21 - [TEST_STEP][PASSED] - Statement - counter = counter + 1: null

2018-11-27 17:06:21 - [TEST_STEP][PASSED] - Statement - PreSaveFile = new java.io.File(((pathPrefix + java.lang.Integer.toString(counter)) + .png)): null

2018-11-27 17:06:21 - [TEST_STEP][PASSED] - Statement - counter = counter + 1: null

2018-11-27 17:06:21 - [TEST_STEP][PASSED] - Statement - PreSaveFile = new java.io.File(((pathPrefix + java.lang.Integer.toString(counter)) + .png)): null

2018-11-27 17:06:21 - [TEST_STEP][PASSED] - Statement - counter = counter + 1: null

2018-11-27 17:06:21 - [TEST_STEP][PASSED] - Statement - PreSaveFile = new java.io.File(((pathPrefix + java.lang.Integer.toString(counter)) + .png)): null

2018-11-27 17:06:21 - [TEST_STEP][PASSED] - Statement - counter = counter + 1: null

2018-11-27 17:06:21 - [TEST_STEP][PASSED] - Statement - PreSaveFile = new java.io.File(((pathPrefix + java.lang.Integer.toString(counter)) + .png)): null

2018-11-27 17:06:21 - [TEST_STEP][PASSED] - Statement - counter = counter + 1: null

2018-11-27 17:06:21 - [TEST_STEP][PASSED] - Statement - PreSaveFile = new java.io.File(((pathPrefix + java.lang.Integer.toString(counter)) + .png)): null

2018-11-27 17:06:21 - [TEST_STEP][PASSED] - Statement - counter = counter + 1: null

2018-11-27 17:06:21 - [TEST_STEP][PASSED] - Statement - PreSaveFile = new java.io.File(((pathPrefix + java.lang.Integer.toString(counter)) + .png)): null

2018-11-27 17:06:21 - [TEST_STEP][PASSED] - Statement - counter = counter + 1: null

2018-11-27 17:06:21 - [TEST_STEP][PASSED] - Statement - PreSaveFile = new java.io.File(((pathPrefix + java.lang.Integer.toString(counter)) + .png)): null

2018-11-27 17:06:21 - [TEST_STEP][PASSED] - Statement - counter = counter + 1: null

2018-11-27 17:06:21 - [TEST_STEP][PASSED] - Statement - PreSaveFile = new java.io.File(((pathPrefix + java.lang.Integer.toString(counter)) + .png)): null

2018-11-27 17:06:21 - [TEST_STEP][PASSED] - Statement - counter = counter + 1: null

2018-11-27 17:06:21 - [TEST_STEP][PASSED] - Statement - PreSaveFile = new java.io.File(((pathPrefix + java.lang.Integer.toString(counter)) + .png)): null

2018-11-27 17:06:21 - [TEST_STEP][PASSED] - Statement - counter = counter + 1: null

2018-11-27 17:06:21 - [TEST_STEP][PASSED] - Statement - PreSaveFile = new java.io.File(((pathPrefix + java.lang.Integer.toString(counter)) + .png)): null

2018-11-27 17:06:21 - [TEST_STEP][PASSED] - Statement - counter = counter + 1: null

2018-11-27 17:06:21 - [TEST_STEP][PASSED] - Statement - PreSaveFile = new java.io.File(((pathPrefix + java.lang.Integer.toString(counter)) + .png)): null

2018-11-27 17:06:21 - [TEST_STEP][PASSED] - Statement - counter = counter + 1: null

2018-11-27 17:06:21 - [TEST_STEP][PASSED] - Statement - PreSaveFile = new java.io.File(((pathPrefix + java.lang.Integer.toString(counter)) + .png)): null

2018-11-27 17:06:21 - [TEST_STEP][PASSED] - Statement - counter = counter + 1: null

2018-11-27 17:06:21 - [TEST_STEP][PASSED] - Statement - PreSaveFile = new java.io.File(((pathPrefix + java.lang.Integer.toString(counter)) + .png)): null

2018-11-27 17:06:21 - [TEST_STEP][PASSED] - Statement - counter = counter + 1: null

2018-11-27 17:06:21 - [TEST_STEP][PASSED] - Statement - PreSaveFile = new java.io.File(((pathPrefix + java.lang.Integer.toString(counter)) + .png)): null

2018-11-27 17:06:21 - [TEST_STEP][PASSED] - Statement - counter = counter + 1: null

2018-11-27 17:06:21 - [TEST_STEP][PASSED] - Statement - PreSaveFile = new java.io.File(((pathPrefix + java.lang.Integer.toString(counter)) + .png)): null

2018-11-27 17:06:21 - [TEST_STEP][PASSED] - Statement - finalPath = pathPrefix + java.lang.Integer.toString(counter) + ".png": null

2018-11-27 17:06:21 - [TEST_STEP][PASSED] - Statement - SaveFile = new java.io.File(finalPath): null

2018-11-27 17:06:21 - [TEST_STEP][PASSED] - Statement - Try: null

2018-11-27 17:06:21 - [TEST_STEP][PASSED] - Statement - org.apache.commons.io.FileUtils.copyFile(scrFile, SaveFile): null

2018-11-27 17:06:21 - [TEST_STEP][PASSED] - Statement - out.println("file kept"): null

2018-11-27 17:06:21 - [TEST_STEP][PASSED] - delay: Delayed 10 second(s)

2018-11-27 17:06:31 - [MESSAGE][PASSED] - Delayed 10 second(s)

2018-11-27 17:06:31 - [MESSAGE][PASSED] - Call Test Case 'Test Cases/Final Aug 2018 - PKS Automation/Common/Screenshoting tool' successfully

2018-11-27 17:06:31 - [TEST_STEP][PASSED] - callTestCase: Call Test Case 'Test Cases/Final Aug 2018 - PKS Automation/Registration Module/Log Out/log out avoiding katalon tagging' successfully

2018-11-27 17:06:31 - [TEST_CASE][PASSED] - Test Cases/Final Aug 2018 - PKS Automation/Registration Module/Log Out/log out avoiding katalon tagging: Test Cases/Final Aug 2018 - PKS Automation/Registration Module/Log Out/log out avoiding katalon tagging

2018-11-27 17:06:31 - [TEST_STEP][PASSED] - navigateToUrl: Navigate to 'https://assist2-uat.perkeso.gov.my/c/portal/logout' successfully

2018-11-27 17:06:32 - [MESSAGE][PASSED] - Navigate to 'https://assist2-uat.perkeso.gov.my/c/portal/logout' successfully

2018-11-27 17:06:32 - [MESSAGE][PASSED] - Call Test Case 'Test Cases/Final Aug 2018 - PKS Automation/Registration Module/Log Out/log out avoiding katalon tagging' successfully

2018-11-27 17:06:32 - [TEST_STEP][FAILED] - callTestCase: Unable to call Test Case with id 'Test Cases/Final Aug 2018 - PKS Automation/Common/Workflow Owner Finder' (Root cause: Call Test Case 'Test Cases/Final Aug 2018 - PKS Automation/Common/Workflow Owner Finder' failed)

2018-11-27 17:06:32 - [TEST_CASE][FAILED] - Test Cases/Final Aug 2018 - PKS Automation/Common/Workflow Owner Finder: Test Cases/Final Aug 2018 - PKS Automation/Common/Workflow Owner Finder FAILED because (of) (Stack trace: com.kms.katalon.core.exception.StepFailedException: Unable to click on object 'Object Repository/Final Object Repo/Landing Page/Select to English' (Root cause: com.kms.katalon.core.webui.exception.WebElementNotFoundException: Web element with id: 'Object Repository/Final Object Repo/Landing Page/Select to English' located by 'By.xpath: //a[@class = 'taglib-language-list-text' and @lang = 'en-US' and (contains(text(), 'EN') or contains(., 'EN'))]' not found)
	at com.kms.katalon.core.keyword.internal.KeywordMain.stepFailed(KeywordMain.groovy:32)
	at com.kms.katalon.core.webui.keyword.internal.WebUIKeywordMain.stepFailed(WebUIKeywordMain.groovy:65)
	at com.kms.katalon.core.webui.keyword.internal.WebUIKeywordMain.runKeyword(WebUIKeywordMain.groovy:27)
	at com.kms.katalon.core.webui.keyword.builtin.ClickKeyword.click(ClickKeyword.groovy:86)
	at com.kms.katalon.core.webui.keyword.builtin.ClickKeyword.execute(ClickKeyword.groovy:67)
	at com.kms.katalon.core.keyword.internal.KeywordExecutor.executeKeywordForPlatform(KeywordExecutor.groovy:53)
	at com.kms.katalon.core.webui.keyword.WebUiBuiltInKeywords.click(WebUiBuiltInKeywords.groovy:604)
	at com.kms.katalon.core.webui.keyword.WebUiBuiltInKeywords$click$6.call(Unknown Source)
	at Script1534407542420.run(Script1534407542420.groovy:57)
	at com.kms.katalon.core.main.ScriptEngine.run(ScriptEngine.java:183)
	at com.kms.katalon.core.main.ScriptEngine.runScriptAsRawText(ScriptEngine.java:108)
	at com.kms.katalon.core.main.TestCaseExecutor.runScript(TestCaseExecutor.java:294)
	at com.kms.katalon.core.main.TestCaseExecutor.doExecute(TestCaseExecutor.java:285)
	at com.kms.katalon.core.main.TestCaseExecutor.processExecutionPhase(TestCaseExecutor.java:264)
	at com.kms.katalon.core.main.TestCaseExecutor.accessMainPhase(TestCaseExecutor.java:256)
	at com.kms.katalon.core.main.TestCaseExecutor.execute(TestCaseExecutor.java:200)
	at com.kms.katalon.core.main.TestCaseMain.runTestCase(TestCaseMain.java:99)
	at com.kms.katalon.core.keyword.builtin.CallTestCaseKeyword$_callTestCase_closure1.doCall(CallTestCaseKeyword.groovy:60)
	at com.kms.katalon.core.keyword.builtin.CallTestCaseKeyword$_callTestCase_closure1.call(CallTestCaseKeyword.groovy)
	at com.kms.katalon.core.keyword.internal.KeywordMain.runKeyword(KeywordMain.groovy:54)
	at com.kms.katalon.core.keyword.builtin.CallTestCaseKeyword.callTestCase(CallTestCaseKeyword.groovy:81)
	at com.kms.katalon.core.keyword.builtin.CallTestCaseKeyword.execute(CallTestCaseKeyword.groovy:45)
	at com.kms.katalon.core.keyword.internal.KeywordExecutor.executeKeywordForPlatform(KeywordExecutor.groovy:53)
	at com.kms.katalon.core.keyword.BuiltinKeywords.callTestCase(BuiltinKeywords.groovy:334)
	at sun.reflect.GeneratedMethodAccessor13.invoke(Unknown Source)
	at sun.reflect.DelegatingMethodAccessorImpl.invoke(DelegatingMethodAccessorImpl.java:43)
	at java.lang.reflect.Method.invoke(Method.java:498)
	at org.codehaus.groovy.reflection.CachedMethod.invoke(CachedMethod.java:93)
	at groovy.lang.MetaMethod.doMethodInvoke(MetaMethod.java:325)
	at groovy.lang.MetaClassImpl.invokeStaticMethod(MetaClassImpl.java:1469)
	at org.codehaus.groovy.runtime.callsite.StaticMetaClassSite.call(StaticMetaClassSite.java:53)
	at org.codehaus.groovy.runtime.callsite.CallSiteArray.defaultCall(CallSiteArray.java:48)
	at org.codehaus.groovy.runtime.callsite.AbstractCallSite.call(AbstractCallSite.java:113)
	at org.codehaus.groovy.runtime.callsite.AbstractCallSite.call(AbstractCallSite.java:141)
	at Script1536201277272.run(Script1536201277272.groovy:123)
	at com.kms.katalon.core.main.ScriptEngine.run(ScriptEngine.java:183)
	at com.kms.katalon.core.main.ScriptEngine.runScriptAsRawText(ScriptEngine.java:108)
	at com.kms.katalon.core.main.TestCaseExecutor.runScript(TestCaseExecutor.java:294)
	at com.kms.katalon.core.main.TestCaseExecutor.doExecute(TestCaseExecutor.java:285)
	at com.kms.katalon.core.main.TestCaseExecutor.processExecutionPhase(TestCaseExecutor.java:264)
	at com.kms.katalon.core.main.TestCaseExecutor.accessMainPhase(TestCaseExecutor.java:256)
	at com.kms.katalon.core.main.TestCaseExecutor.execute(TestCaseExecutor.java:200)
	at com.kms.katalon.core.main.TestSuiteExecutor.accessTestCaseMainPhase(TestSuiteExecutor.java:129)
	at com.kms.katalon.core.main.TestSuiteExecutor.accessTestSuiteMainPhase(TestSuiteExecutor.java:112)
	at com.kms.katalon.core.main.TestSuiteExecutor.execute(TestSuiteExecutor.java:81)
	at com.kms.katalon.core.main.TestCaseMain.startTestSuite(TestCaseMain.java:142)
	at com.kms.katalon.core.main.TestCaseMain$startTestSuite$0.call(Unknown Source)
	at org.codehaus.groovy.runtime.callsite.CallSiteArray.defaultCall(CallSiteArray.java:48)
	at org.codehaus.groovy.runtime.callsite.AbstractCallSite.call(AbstractCallSite.java:113)
	at org.codehaus.groovy.runtime.callsite.AbstractCallSite.call(AbstractCallSite.java:141)
	at TempTestSuite1543287057153.run(TempTestSuite1543287057153.groovy:36)
	at groovy.lang.GroovyShell.runScriptOrMainOrTestOrRunnable(GroovyShell.java:263)
	at groovy.lang.GroovyShell.run(GroovyShell.java:518)
	at groovy.lang.GroovyShell.run(GroovyShell.java:507)
	at groovy.ui.GroovyMain.processOnce(GroovyMain.java:653)
	at groovy.ui.GroovyMain.run(GroovyMain.java:384)
	at groovy.ui.GroovyMain.process(GroovyMain.java:370)
	at groovy.ui.GroovyMain.processArgs(GroovyMain.java:129)
	at groovy.ui.GroovyMain.main(GroovyMain.java:109)
	at sun.reflect.NativeMethodAccessorImpl.invoke0(Native Method)
	at sun.reflect.NativeMethodAccessorImpl.invoke(NativeMethodAccessorImpl.java:62)
	at sun.reflect.DelegatingMethodAccessorImpl.invoke(DelegatingMethodAccessorImpl.java:43)
	at java.lang.reflect.Method.invoke(Method.java:498)
	at org.codehaus.groovy.tools.GroovyStarter.rootLoader(GroovyStarter.java:109)
	at org.codehaus.groovy.tools.GroovyStarter.main(GroovyStarter.java:131)
)

2018-11-27 17:06:32 - [TEST_STEP][PASSED] - openBrowser: Browser is opened with url: ''

2018-11-27 17:06:32 - [MESSAGE][WARNING] - A browser is already opened. Closing browser and opening a new one

2018-11-27 17:06:37 - [MESSAGE][PASSED] - Browser is opened with url: ''

2018-11-27 17:06:37 - [TEST_STEP][PASSED] - navigateToUrl: Navigate to 'https://assist2-uat.perkeso.gov.my/login' successfully

2018-11-27 17:06:38 - [MESSAGE][PASSED] - Navigate to 'https://assist2-uat.perkeso.gov.my/login' successfully

2018-11-27 17:06:38 - [TEST_STEP][PASSED] - delay: Delayed 5 second(s)

2018-11-27 17:06:43 - [MESSAGE][PASSED] - Delayed 5 second(s)

2018-11-27 17:06:43 - [TEST_STEP][PASSED] - setText: Text 'test@liferay.com' is set on object 'Object Repository/Final Object Repo/Login Page/Internal User/Email Address'

2018-11-27 17:06:44 - [MESSAGE][PASSED] - Text 'test@liferay.com' is set on object 'Object Repository/Final Object Repo/Login Page/Internal User/Email Address'

2018-11-27 17:06:44 - [TEST_STEP][PASSED] - click: Object: 'Object Repository/Final Object Repo/Login Page/Internal User/Next Button' is clicked on

2018-11-27 17:06:44 - [MESSAGE][PASSED] - Object: 'Object Repository/Final Object Repo/Login Page/Internal User/Next Button' is clicked on

2018-11-27 17:06:44 - [TEST_STEP][PASSED] - delay: Delayed 2 second(s)

2018-11-27 17:06:46 - [MESSAGE][PASSED] - Delayed 2 second(s)

2018-11-27 17:06:46 - [TEST_STEP][PASSED] - setText: Text 'test' is set on object 'Object Repository/Final Object Repo/Login Page/Internal User/Password'

2018-11-27 17:06:46 - [MESSAGE][PASSED] - Text 'test' is set on object 'Object Repository/Final Object Repo/Login Page/Internal User/Password'

2018-11-27 17:06:46 - [TEST_STEP][PASSED] - delay: Delayed 2 second(s)

2018-11-27 17:06:48 - [MESSAGE][PASSED] - Delayed 2 second(s)

2018-11-27 17:06:48 - [TEST_STEP][PASSED] - click: Object: 'Object Repository/Final Object Repo/Login Page/Internal User/Login Button' is clicked on

2018-11-27 17:06:48 - [MESSAGE][PASSED] - Object: 'Object Repository/Final Object Repo/Login Page/Internal User/Login Button' is clicked on

2018-11-27 17:06:48 - [TEST_STEP][FAILED] - Statement - Try: Delayed 2 second(s)

2018-11-27 17:06:48 - [TEST_STEP][PASSED] - Statement - Checker = false: null

2018-11-27 17:06:48 - [TEST_STEP][PASSED] - Statement - Checker = com.kms.katalon.core.webui.keyword.WebUiBuiltInKeywords.verifyElementHasAttribute(com.kms.katalon.core.testobject.ObjectRepository.findTestObject(Final Object Repo/Landing Page/BM Detecting), "href", 20, OPTIONAL): Unable to verify if object 'Object Repository/Final Object Repo/Landing Page/BM Detecting' has attribute 'href' (Root cause: org.openqa.selenium.StaleElementReferenceException: stale element reference: element is not attached to the page document
  (Session info: chrome=70.0.3538.102)
  (Driver info: chromedriver=2.43.600210 (68dcf5eebde37173d4027fa8635e332711d2874a),platform=Windows NT 6.1.7601 SP1 x86_64) (WARNING: The server did not provide any stacktrace information)
Command duration or timeout: 0 milliseconds
For documentation on this error, please visit: http://seleniumhq.org/exceptions/stale_element_reference.html
Build info: version: '3.7.1', revision: '8a0099a', time: '2017-11-06T21:07:36.161Z'
System info: host: 'WIN7TEST02', ip: '10.20.3.72', os.name: 'Windows 7', os.arch: 'amd64', os.version: '6.1', java.version: '1.8.0_181'
Driver info: com.kms.katalon.selenium.driver.CChromeDriver
Capabilities {acceptInsecureCerts: false, acceptSslCerts: false, applicationCacheEnabled: false, browserConnectionEnabled: false, browserName: chrome, chrome: {chromedriverVersion: 2.43.600210 (68dcf5eebde371..., userDataDir: C:\Users\Admin\AppData\Loca...}, cssSelectorsEnabled: true, databaseEnabled: false, goog:chromeOptions: {debuggerAddress: localhost:64525}, handlesAlerts: true, hasTouchScreen: false, javascriptEnabled: true, locationContextEnabled: true, mobileEmulationEnabled: false, nativeEvents: true, networkConnectionEnabled: false, pageLoadStrategy: normal, platform: XP, platformName: XP, rotatable: false, setWindowRect: true, takesHeapSnapshot: true, takesScreenshot: true, unexpectedAlertBehaviour: , unhandledPromptBehavior: , version: 70.0.3538.102, webStorageEnabled: true}
Session ID: 019d287c97e85bb9400c9f4e1b3f1e90)

2018-11-27 17:06:51 - [MESSAGE][WARNING] - Unable to verify if object 'Object Repository/Final Object Repo/Landing Page/BM Detecting' has attribute 'href' (Root cause: org.openqa.selenium.StaleElementReferenceException: stale element reference: element is not attached to the page document
  (Session info: chrome=70.0.3538.102)
  (Driver info: chromedriver=2.43.600210 (68dcf5eebde37173d4027fa8635e332711d2874a),platform=Windows NT 6.1.7601 SP1 x86_64) (WARNING: The server did not provide any stacktrace information)
Command duration or timeout: 0 milliseconds
For documentation on this error, please visit: http://seleniumhq.org/exceptions/stale_element_reference.html
Build info: version: '3.7.1', revision: '8a0099a', time: '2017-11-06T21:07:36.161Z'
System info: host: 'WIN7TEST02', ip: '10.20.3.72', os.name: 'Windows 7', os.arch: 'amd64', os.version: '6.1', java.version: '1.8.0_181'
Driver info: com.kms.katalon.selenium.driver.CChromeDriver
Capabilities {acceptInsecureCerts: false, acceptSslCerts: false, applicationCacheEnabled: false, browserConnectionEnabled: false, browserName: chrome, chrome: {chromedriverVersion: 2.43.600210 (68dcf5eebde371..., userDataDir: C:\Users\Admin\AppData\Loca...}, cssSelectorsEnabled: true, databaseEnabled: false, goog:chromeOptions: {debuggerAddress: localhost:64525}, handlesAlerts: true, hasTouchScreen: false, javascriptEnabled: true, locationContextEnabled: true, mobileEmulationEnabled: false, nativeEvents: true, networkConnectionEnabled: false, pageLoadStrategy: normal, platform: XP, platformName: XP, rotatable: false, setWindowRect: true, takesHeapSnapshot: true, takesScreenshot: true, unexpectedAlertBehaviour: , unhandledPromptBehavior: , version: 70.0.3538.102, webStorageEnabled: true}
Session ID: 019d287c97e85bb9400c9f4e1b3f1e90)
[[ATTACHMENT|C:\\Users\\Admin\\Desktop\\PKS\\Perkeso Phase A\\Reports\\Workflow\\Update Add New Employee\\20181127_105057\\1543309610943.png]]

2018-11-27 17:06:51 - [TEST_STEP][PASSED] - Statement - out.println(Checker): null

2018-11-27 17:06:51 - [TEST_STEP][FAILED] - Statement - If (Checker == false): Unable to click on object 'Object Repository/Final Object Repo/Landing Page/Select to English' (Root cause: com.kms.katalon.core.webui.exception.WebElementNotFoundException: Web element with id: 'Object Repository/Final Object Repo/Landing Page/Select to English' located by 'By.xpath: //a[@class = 'taglib-language-list-text' and @lang = 'en-US' and (contains(text(), 'EN') or contains(., 'EN'))]' not found)

2018-11-27 17:06:51 - [TEST_STEP][FAILED] - click: Unable to click on object 'Object Repository/Final Object Repo/Landing Page/Select to English' (Root cause: com.kms.katalon.core.webui.exception.WebElementNotFoundException: Web element with id: 'Object Repository/Final Object Repo/Landing Page/Select to English' located by 'By.xpath: //a[@class = 'taglib-language-list-text' and @lang = 'en-US' and (contains(text(), 'EN') or contains(., 'EN'))]' not found)

2018-11-27 17:07:28 - [MESSAGE][FAILED] - Unable to click on object 'Object Repository/Final Object Repo/Landing Page/Select to English' (Root cause: com.kms.katalon.core.webui.exception.WebElementNotFoundException: Web element with id: 'Object Repository/Final Object Repo/Landing Page/Select to English' located by 'By.xpath: //a[@class = 'taglib-language-list-text' and @lang = 'en-US' and (contains(text(), 'EN') or contains(., 'EN'))]' not found)
[[ATTACHMENT|C:\\Users\\Admin\\Desktop\\PKS\\Perkeso Phase A\\Reports\\Workflow\\Update Add New Employee\\20181127_105057\\1543309648551.png]]

2018-11-27 17:07:28 - [TEST_STEP][PASSED] - delay: Delayed 2 second(s)

2018-11-27 17:07:30 - [MESSAGE][PASSED] - Delayed 2 second(s)

2018-11-27 17:07:30 - [TEST_STEP][PASSED] - delay: Delayed 3 second(s)

2018-11-27 17:07:33 - [MESSAGE][PASSED] - Delayed 3 second(s)

2018-11-27 17:07:33 - [TEST_STEP][PASSED] - mouseOver: Object: 'Object Repository/Final Object Repo/Landing Page/WorkFlow Menu' is hovered

2018-11-27 17:07:34 - [MESSAGE][PASSED] - Object: 'Object Repository/Final Object Repo/Landing Page/WorkFlow Menu' is hovered

2018-11-27 17:07:34 - [TEST_STEP][PASSED] - delay: Delayed 2 second(s)

2018-11-27 17:07:36 - [MESSAGE][PASSED] - Delayed 2 second(s)

2018-11-27 17:07:36 - [TEST_STEP][PASSED] - click: Object: 'Object Repository/Final Object Repo/Landing Page/Select to Workflow Listing' is clicked on

2018-11-27 17:07:37 - [MESSAGE][PASSED] - Object: 'Object Repository/Final Object Repo/Landing Page/Select to Workflow Listing' is clicked on

2018-11-27 17:07:37 - [TEST_STEP][PASSED] - delay: Delayed 2 second(s)

2018-11-27 17:07:39 - [MESSAGE][PASSED] - Delayed 2 second(s)

2018-11-27 17:07:39 - [TEST_STEP][PASSED] - click: Object: 'Object Repository/Final Object Repo/WorkFlow Listing Page/Search Information - To Put Ref No' is clicked on

2018-11-27 17:07:39 - [MESSAGE][PASSED] - Object: 'Object Repository/Final Object Repo/WorkFlow Listing Page/Search Information - To Put Ref No' is clicked on

2018-11-27 17:07:39 - [TEST_STEP][PASSED] - delay: Delayed 2 second(s)

2018-11-27 17:07:41 - [MESSAGE][PASSED] - Delayed 2 second(s)

2018-11-27 17:07:41 - [TEST_STEP][PASSED] - callTestCase: Call Test Case 'Test Cases/Final Aug 2018 - PKS Automation/Common/Reference Number Getter' successfully

2018-11-27 17:07:41 - [TEST_CASE][PASSED] - Test Cases/Final Aug 2018 - PKS Automation/Common/Reference Number Getter: Test Cases/Final Aug 2018 - PKS Automation/Common/Reference Number Getter

2018-11-27 17:07:41 - [TEST_STEP][PASSED] - Statement - Try: null

2018-11-27 17:07:41 - [TEST_STEP][PASSED] - Statement - RefNo = new java.io.File(C://Users//Admin//Desktop//PKS//Automation Reference Point//KatalonReference.txt): null

2018-11-27 17:07:41 - [TEST_STEP][PASSED] - Statement - bufferread = new java.io.BufferedReader(new java.io.FileReader(RefNo)): null

2018-11-27 17:07:41 - [TEST_STEP][PASSED] - Statement - readedVal = bufferread.readLine(): null

2018-11-27 17:07:41 - [TEST_STEP][PASSED] - Statement - out.println(CaseReferenceNo): null

2018-11-27 17:07:41 - [TEST_STEP][PASSED] - Statement - out.println(readedVal): null

2018-11-27 17:07:41 - [TEST_STEP][PASSED] - Statement - CaseReferenceNo = "": null

2018-11-27 17:07:41 - [TEST_STEP][PASSED] - Statement - CaseReferenceNo = readedVal: null

2018-11-27 17:07:41 - [MESSAGE][PASSED] - Call Test Case 'Test Cases/Final Aug 2018 - PKS Automation/Common/Reference Number Getter' successfully

2018-11-27 17:07:41 - [TEST_STEP][PASSED] - setText: Text 'CAN11201800002205' is set on object 'Object Repository/Final Object Repo/WorkFlow Listing Page/Ref No Set Text'

2018-11-27 17:07:41 - [MESSAGE][PASSED] - Text 'CAN11201800002205' is set on object 'Object Repository/Final Object Repo/WorkFlow Listing Page/Ref No Set Text'

2018-11-27 17:07:41 - [TEST_STEP][PASSED] - delay: Delayed 2 second(s)

2018-11-27 17:07:43 - [MESSAGE][PASSED] - Delayed 2 second(s)

2018-11-27 17:07:43 - [TEST_STEP][PASSED] - click: Object: 'Object Repository/Final Object Repo/WorkFlow Listing Page/Search Ref No Search Button' is clicked on

2018-11-27 17:07:44 - [MESSAGE][PASSED] - Object: 'Object Repository/Final Object Repo/WorkFlow Listing Page/Search Ref No Search Button' is clicked on

2018-11-27 17:07:44 - [TEST_STEP][PASSED] - delay: Delayed 4 second(s)

2018-11-27 17:07:48 - [MESSAGE][PASSED] - Delayed 4 second(s)

2018-11-27 17:07:48 - [TEST_STEP][PASSED] - click: Object: 'Object Repository/Final Object Repo/WorkFlow Listing Page/Click Continue Tooltip' is clicked on

2018-11-27 17:07:48 - [MESSAGE][PASSED] - Object: 'Object Repository/Final Object Repo/WorkFlow Listing Page/Click Continue Tooltip' is clicked on

2018-11-27 17:07:48 - [TEST_STEP][PASSED] - delay: Delayed 5 second(s)

2018-11-27 17:07:53 - [MESSAGE][PASSED] - Delayed 5 second(s)

2018-11-27 17:07:53 - [TEST_STEP][PASSED] - doubleClick: Object: 'Object Repository/Final Object Repo/WorkFlow Listing Page/Workflow Found - Listing 1' is double clicked on

2018-11-27 17:07:54 - [MESSAGE][PASSED] - Object: 'Object Repository/Final Object Repo/WorkFlow Listing Page/Workflow Found - Listing 1' is double clicked on

2018-11-27 17:07:54 - [TEST_STEP][PASSED] - Statement - println(OwnerID): null

2018-11-27 17:07:54 - [TEST_STEP][PASSED] - Statement - OwnerID = com.kms.katalon.core.webui.keyword.WebUiBuiltInKeywords.getText(com.kms.katalon.core.testobject.ObjectRepository.findTestObject(Final Object Repo/WorkFlow Listing Page/Workflow Found - Listing 1), STOP_ON_FAILURE): Text of object 'Object Repository/Final Object Repo/WorkFlow Listing Page/Workflow Found - Listing 1' is: 'JOHORro1'

2018-11-27 17:07:54 - [MESSAGE][PASSED] - Text of object 'Object Repository/Final Object Repo/WorkFlow Listing Page/Workflow Found - Listing 1' is: 'JOHORro1'

2018-11-27 17:07:54 - [TEST_STEP][PASSED] - Statement - OwnerID = OwnerID.toLowerCase() + "@gmail.com": null

2018-11-27 17:07:54 - [TEST_STEP][PASSED] - Statement - println(OwnerID): null

2018-11-27 17:07:54 - [TEST_STEP][PASSED] - delay: Delayed 2 second(s)

2018-11-27 17:07:56 - [MESSAGE][PASSED] - Delayed 2 second(s)

2018-11-27 17:07:56 - [MESSAGE][FAILED] - Unable to call Test Case with id 'Test Cases/Final Aug 2018 - PKS Automation/Common/Workflow Owner Finder' (Root cause: Call Test Case 'Test Cases/Final Aug 2018 - PKS Automation/Common/Workflow Owner Finder' failed)]]></system-out>
         <system-err><![CDATA[2018-11-27 16:57:06 - [TEST_CASE][FAILED] - Test Cases/Final Aug 2018 - PKS Automation/Registration Module/Workflow/Update Add New Employee/Special Case (OTC - RO Query - OTC Upload Pending Case - RO Approve): Test Cases/Final Aug 2018 - PKS Automation/Registration Module/Workflow/Update Add New Employee/Special Case (OTC - RO Query - OTC Upload Pending Case - RO Approve) FAILED because (of) (Stack trace: com.kms.katalon.core.exception.StepFailedException: Unable to click on object 'Object Repository/Final Object Repo/Landing Page/Select to English' (Root cause: com.kms.katalon.core.webui.exception.WebElementNotFoundException: Web element with id: 'Object Repository/Final Object Repo/Landing Page/Select to English' located by 'By.xpath: //a[@class = 'taglib-language-list-text' and @lang = 'en-US' and (contains(text(), 'EN') or contains(., 'EN'))]' not found)
	at com.kms.katalon.core.keyword.internal.KeywordMain.stepFailed(KeywordMain.groovy:32)
	at com.kms.katalon.core.webui.keyword.internal.WebUIKeywordMain.stepFailed(WebUIKeywordMain.groovy:65)
	at com.kms.katalon.core.webui.keyword.internal.WebUIKeywordMain.runKeyword(WebUIKeywordMain.groovy:27)
	at com.kms.katalon.core.webui.keyword.builtin.ClickKeyword.click(ClickKeyword.groovy:86)
	at com.kms.katalon.core.webui.keyword.builtin.ClickKeyword.execute(ClickKeyword.groovy:67)
	at com.kms.katalon.core.keyword.internal.KeywordExecutor.executeKeywordForPlatform(KeywordExecutor.groovy:53)
	at com.kms.katalon.core.webui.keyword.WebUiBuiltInKeywords.click(WebUiBuiltInKeywords.groovy:604)
	at com.kms.katalon.core.webui.keyword.WebUiBuiltInKeywords$click$6.call(Unknown Source)
	at Script1534407542420.run(Script1534407542420.groovy:57)
	at com.kms.katalon.core.main.ScriptEngine.run(ScriptEngine.java:183)
	at com.kms.katalon.core.main.ScriptEngine.runScriptAsRawText(ScriptEngine.java:108)
	at com.kms.katalon.core.main.TestCaseExecutor.runScript(TestCaseExecutor.java:294)
	at com.kms.katalon.core.main.TestCaseExecutor.doExecute(TestCaseExecutor.java:285)
	at com.kms.katalon.core.main.TestCaseExecutor.processExecutionPhase(TestCaseExecutor.java:264)
	at com.kms.katalon.core.main.TestCaseExecutor.accessMainPhase(TestCaseExecutor.java:256)
	at com.kms.katalon.core.main.TestCaseExecutor.execute(TestCaseExecutor.java:200)
	at com.kms.katalon.core.main.TestCaseMain.runTestCase(TestCaseMain.java:99)
	at com.kms.katalon.core.keyword.builtin.CallTestCaseKeyword$_callTestCase_closure1.doCall(CallTestCaseKeyword.groovy:60)
	at com.kms.katalon.core.keyword.builtin.CallTestCaseKeyword$_callTestCase_closure1.call(CallTestCaseKeyword.groovy)
	at com.kms.katalon.core.keyword.internal.KeywordMain.runKeyword(KeywordMain.groovy:54)
	at com.kms.katalon.core.keyword.builtin.CallTestCaseKeyword.callTestCase(CallTestCaseKeyword.groovy:81)
	at com.kms.katalon.core.keyword.builtin.CallTestCaseKeyword.execute(CallTestCaseKeyword.groovy:45)
	at com.kms.katalon.core.keyword.internal.KeywordExecutor.executeKeywordForPlatform(KeywordExecutor.groovy:53)
	at com.kms.katalon.core.keyword.BuiltinKeywords.callTestCase(BuiltinKeywords.groovy:334)
	at sun.reflect.GeneratedMethodAccessor13.invoke(Unknown Source)
	at sun.reflect.DelegatingMethodAccessorImpl.invoke(DelegatingMethodAccessorImpl.java:43)
	at java.lang.reflect.Method.invoke(Method.java:498)
	at org.codehaus.groovy.reflection.CachedMethod.invoke(CachedMethod.java:93)
	at groovy.lang.MetaMethod.doMethodInvoke(MetaMethod.java:325)
	at groovy.lang.MetaClassImpl.invokeStaticMethod(MetaClassImpl.java:1469)
	at org.codehaus.groovy.runtime.callsite.StaticMetaClassSite.call(StaticMetaClassSite.java:53)
	at org.codehaus.groovy.runtime.callsite.CallSiteArray.defaultCall(CallSiteArray.java:48)
	at org.codehaus.groovy.runtime.callsite.AbstractCallSite.call(AbstractCallSite.java:113)
	at org.codehaus.groovy.runtime.callsite.AbstractCallSite.call(AbstractCallSite.java:141)
	at Script1536201277272.run(Script1536201277272.groovy:123)
	at com.kms.katalon.core.main.ScriptEngine.run(ScriptEngine.java:183)
	at com.kms.katalon.core.main.ScriptEngine.runScriptAsRawText(ScriptEngine.java:108)
	at com.kms.katalon.core.main.TestCaseExecutor.runScript(TestCaseExecutor.java:294)
	at com.kms.katalon.core.main.TestCaseExecutor.doExecute(TestCaseExecutor.java:285)
	at com.kms.katalon.core.main.TestCaseExecutor.processExecutionPhase(TestCaseExecutor.java:264)
	at com.kms.katalon.core.main.TestCaseExecutor.accessMainPhase(TestCaseExecutor.java:256)
	at com.kms.katalon.core.main.TestCaseExecutor.execute(TestCaseExecutor.java:200)
	at com.kms.katalon.core.main.TestSuiteExecutor.accessTestCaseMainPhase(TestSuiteExecutor.java:129)
	at com.kms.katalon.core.main.TestSuiteExecutor.accessTestSuiteMainPhase(TestSuiteExecutor.java:112)
	at com.kms.katalon.core.main.TestSuiteExecutor.execute(TestSuiteExecutor.java:81)
	at com.kms.katalon.core.main.TestCaseMain.startTestSuite(TestCaseMain.java:142)
	at com.kms.katalon.core.main.TestCaseMain$startTestSuite$0.call(Unknown Source)
	at org.codehaus.groovy.runtime.callsite.CallSiteArray.defaultCall(CallSiteArray.java:48)
	at org.codehaus.groovy.runtime.callsite.AbstractCallSite.call(AbstractCallSite.java:113)
	at org.codehaus.groovy.runtime.callsite.AbstractCallSite.call(AbstractCallSite.java:141)
	at TempTestSuite1543287057153.run(TempTestSuite1543287057153.groovy:36)
	at groovy.lang.GroovyShell.runScriptOrMainOrTestOrRunnable(GroovyShell.java:263)
	at groovy.lang.GroovyShell.run(GroovyShell.java:518)
	at groovy.lang.GroovyShell.run(GroovyShell.java:507)
	at groovy.ui.GroovyMain.processOnce(GroovyMain.java:653)
	at groovy.ui.GroovyMain.run(GroovyMain.java:384)
	at groovy.ui.GroovyMain.process(GroovyMain.java:370)
	at groovy.ui.GroovyMain.processArgs(GroovyMain.java:129)
	at groovy.ui.GroovyMain.main(GroovyMain.java:109)
	at sun.reflect.NativeMethodAccessorImpl.invoke0(Native Method)
	at sun.reflect.NativeMethodAccessorImpl.invoke(NativeMethodAccessorImpl.java:62)
	at sun.reflect.DelegatingMethodAccessorImpl.invoke(DelegatingMethodAccessorImpl.java:43)
	at java.lang.reflect.Method.invoke(Method.java:498)
	at org.codehaus.groovy.tools.GroovyStarter.rootLoader(GroovyStarter.java:109)
	at org.codehaus.groovy.tools.GroovyStarter.main(GroovyStarter.java:131)
)]]></system-err>
      </testcase>
      <testcase name="Test Cases/Final Aug 2018 - PKS Automation/Registration Module/Workflow/Update Add New Employee/Special Case (OTC - RO Under Enforcement)" classname="Test Cases/Final Aug 2018 - PKS Automation/Registration Module/Workflow/Update Add New Employee/Special Case (OTC - RO Under Enforcement)" status="FAILED">
         <failure type="FAILED" message="(Stack trace: com.kms.katalon.core.exception.StepFailedException: Unable to click on object 'Object Repository/Final Object Repo/Landing Page/Select to English' (Root cause: com.kms.katalon.core.webui.exception.WebElementNotFoundException: Web element with id: 'Object Repository/Final Object Repo/Landing Page/Select to English' located by 'By.xpath: //a[@class = 'taglib-language-list-text' and @lang = 'en-US' and (contains(text(), 'EN') or contains(., 'EN'))]' not found)
	at com.kms.katalon.core.keyword.internal.KeywordMain.stepFailed(KeywordMain.groovy:32)
	at com.kms.katalon.core.webui.keyword.internal.WebUIKeywordMain.stepFailed(WebUIKeywordMain.groovy:65)
	at com.kms.katalon.core.webui.keyword.internal.WebUIKeywordMain.runKeyword(WebUIKeywordMain.groovy:27)
	at com.kms.katalon.core.webui.keyword.builtin.ClickKeyword.click(ClickKeyword.groovy:86)
	at com.kms.katalon.core.webui.keyword.builtin.ClickKeyword.execute(ClickKeyword.groovy:67)
	at com.kms.katalon.core.keyword.internal.KeywordExecutor.executeKeywordForPlatform(KeywordExecutor.groovy:53)
	at com.kms.katalon.core.webui.keyword.WebUiBuiltInKeywords.click(WebUiBuiltInKeywords.groovy:604)
	at com.kms.katalon.core.webui.keyword.WebUiBuiltInKeywords$click$6.call(Unknown Source)
	at Script1534407542420.run(Script1534407542420.groovy:57)
	at com.kms.katalon.core.main.ScriptEngine.run(ScriptEngine.java:183)
	at com.kms.katalon.core.main.ScriptEngine.runScriptAsRawText(ScriptEngine.java:108)
	at com.kms.katalon.core.main.TestCaseExecutor.runScript(TestCaseExecutor.java:294)
	at com.kms.katalon.core.main.TestCaseExecutor.doExecute(TestCaseExecutor.java:285)
	at com.kms.katalon.core.main.TestCaseExecutor.processExecutionPhase(TestCaseExecutor.java:264)
	at com.kms.katalon.core.main.TestCaseExecutor.accessMainPhase(TestCaseExecutor.java:256)
	at com.kms.katalon.core.main.TestCaseExecutor.execute(TestCaseExecutor.java:200)
	at com.kms.katalon.core.main.TestCaseMain.runTestCase(TestCaseMain.java:99)
	at com.kms.katalon.core.keyword.builtin.CallTestCaseKeyword$_callTestCase_closure1.doCall(CallTestCaseKeyword.groovy:60)
	at com.kms.katalon.core.keyword.builtin.CallTestCaseKeyword$_callTestCase_closure1.call(CallTestCaseKeyword.groovy)
	at com.kms.katalon.core.keyword.internal.KeywordMain.runKeyword(KeywordMain.groovy:54)
	at com.kms.katalon.core.keyword.builtin.CallTestCaseKeyword.callTestCase(CallTestCaseKeyword.groovy:81)
	at com.kms.katalon.core.keyword.builtin.CallTestCaseKeyword.execute(CallTestCaseKeyword.groovy:45)
	at com.kms.katalon.core.keyword.internal.KeywordExecutor.executeKeywordForPlatform(KeywordExecutor.groovy:53)
	at com.kms.katalon.core.keyword.BuiltinKeywords.callTestCase(BuiltinKeywords.groovy:334)
	at sun.reflect.GeneratedMethodAccessor13.invoke(Unknown Source)
	at sun.reflect.DelegatingMethodAccessorImpl.invoke(DelegatingMethodAccessorImpl.java:43)
	at java.lang.reflect.Method.invoke(Method.java:498)
	at org.codehaus.groovy.reflection.CachedMethod.invoke(CachedMethod.java:93)
	at groovy.lang.MetaMethod.doMethodInvoke(MetaMethod.java:325)
	at groovy.lang.MetaClassImpl.invokeStaticMethod(MetaClassImpl.java:1469)
	at org.codehaus.groovy.runtime.callsite.StaticMetaClassSite.call(StaticMetaClassSite.java:53)
	at org.codehaus.groovy.runtime.callsite.CallSiteArray.defaultCall(CallSiteArray.java:48)
	at org.codehaus.groovy.runtime.callsite.AbstractCallSite.call(AbstractCallSite.java:113)
	at org.codehaus.groovy.runtime.callsite.AbstractCallSite.call(AbstractCallSite.java:141)
	at Script1536200585960.run(Script1536200585960.groovy:121)
	at com.kms.katalon.core.main.ScriptEngine.run(ScriptEngine.java:183)
	at com.kms.katalon.core.main.ScriptEngine.runScriptAsRawText(ScriptEngine.java:108)
	at com.kms.katalon.core.main.TestCaseExecutor.runScript(TestCaseExecutor.java:294)
	at com.kms.katalon.core.main.TestCaseExecutor.doExecute(TestCaseExecutor.java:285)
	at com.kms.katalon.core.main.TestCaseExecutor.processExecutionPhase(TestCaseExecutor.java:264)
	at com.kms.katalon.core.main.TestCaseExecutor.accessMainPhase(TestCaseExecutor.java:256)
	at com.kms.katalon.core.main.TestCaseExecutor.execute(TestCaseExecutor.java:200)
	at com.kms.katalon.core.main.TestSuiteExecutor.accessTestCaseMainPhase(TestSuiteExecutor.java:129)
	at com.kms.katalon.core.main.TestSuiteExecutor.accessTestSuiteMainPhase(TestSuiteExecutor.java:112)
	at com.kms.katalon.core.main.TestSuiteExecutor.execute(TestSuiteExecutor.java:81)
	at com.kms.katalon.core.main.TestCaseMain.startTestSuite(TestCaseMain.java:142)
	at com.kms.katalon.core.main.TestCaseMain$startTestSuite$0.call(Unknown Source)
	at org.codehaus.groovy.runtime.callsite.CallSiteArray.defaultCall(CallSiteArray.java:48)
	at org.codehaus.groovy.runtime.callsite.AbstractCallSite.call(AbstractCallSite.java:113)
	at org.codehaus.groovy.runtime.callsite.AbstractCallSite.call(AbstractCallSite.java:141)
	at TempTestSuite1543287057153.run(TempTestSuite1543287057153.groovy:36)
	at groovy.lang.GroovyShell.runScriptOrMainOrTestOrRunnable(GroovyShell.java:263)
	at groovy.lang.GroovyShell.run(GroovyShell.java:518)
	at groovy.lang.GroovyShell.run(GroovyShell.java:507)
	at groovy.ui.GroovyMain.processOnce(GroovyMain.java:653)
	at groovy.ui.GroovyMain.run(GroovyMain.java:384)
	at groovy.ui.GroovyMain.process(GroovyMain.java:370)
	at groovy.ui.GroovyMain.processArgs(GroovyMain.java:129)
	at groovy.ui.GroovyMain.main(GroovyMain.java:109)
	at sun.reflect.NativeMethodAccessorImpl.invoke0(Native Method)
	at sun.reflect.NativeMethodAccessorImpl.invoke(NativeMethodAccessorImpl.java:62)
	at sun.reflect.DelegatingMethodAccessorImpl.invoke(DelegatingMethodAccessorImpl.java:43)
	at java.lang.reflect.Method.invoke(Method.java:498)
	at org.codehaus.groovy.tools.GroovyStarter.rootLoader(GroovyStarter.java:109)
	at org.codehaus.groovy.tools.GroovyStarter.main(GroovyStarter.java:131)
)"/>
         <system-out><![CDATA[2018-11-27 17:07:56 - [TEST_CASE][FAILED] - Test Cases/Final Aug 2018 - PKS Automation/Registration Module/Workflow/Update Add New Employee/Special Case (OTC - RO Under Enforcement): Test Cases/Final Aug 2018 - PKS Automation/Registration Module/Workflow/Update Add New Employee/Special Case (OTC - RO Under Enforcement) FAILED because (of) (Stack trace: com.kms.katalon.core.exception.StepFailedException: Unable to click on object 'Object Repository/Final Object Repo/Landing Page/Select to English' (Root cause: com.kms.katalon.core.webui.exception.WebElementNotFoundException: Web element with id: 'Object Repository/Final Object Repo/Landing Page/Select to English' located by 'By.xpath: //a[@class = 'taglib-language-list-text' and @lang = 'en-US' and (contains(text(), 'EN') or contains(., 'EN'))]' not found)
	at com.kms.katalon.core.keyword.internal.KeywordMain.stepFailed(KeywordMain.groovy:32)
	at com.kms.katalon.core.webui.keyword.internal.WebUIKeywordMain.stepFailed(WebUIKeywordMain.groovy:65)
	at com.kms.katalon.core.webui.keyword.internal.WebUIKeywordMain.runKeyword(WebUIKeywordMain.groovy:27)
	at com.kms.katalon.core.webui.keyword.builtin.ClickKeyword.click(ClickKeyword.groovy:86)
	at com.kms.katalon.core.webui.keyword.builtin.ClickKeyword.execute(ClickKeyword.groovy:67)
	at com.kms.katalon.core.keyword.internal.KeywordExecutor.executeKeywordForPlatform(KeywordExecutor.groovy:53)
	at com.kms.katalon.core.webui.keyword.WebUiBuiltInKeywords.click(WebUiBuiltInKeywords.groovy:604)
	at com.kms.katalon.core.webui.keyword.WebUiBuiltInKeywords$click$6.call(Unknown Source)
	at Script1534407542420.run(Script1534407542420.groovy:57)
	at com.kms.katalon.core.main.ScriptEngine.run(ScriptEngine.java:183)
	at com.kms.katalon.core.main.ScriptEngine.runScriptAsRawText(ScriptEngine.java:108)
	at com.kms.katalon.core.main.TestCaseExecutor.runScript(TestCaseExecutor.java:294)
	at com.kms.katalon.core.main.TestCaseExecutor.doExecute(TestCaseExecutor.java:285)
	at com.kms.katalon.core.main.TestCaseExecutor.processExecutionPhase(TestCaseExecutor.java:264)
	at com.kms.katalon.core.main.TestCaseExecutor.accessMainPhase(TestCaseExecutor.java:256)
	at com.kms.katalon.core.main.TestCaseExecutor.execute(TestCaseExecutor.java:200)
	at com.kms.katalon.core.main.TestCaseMain.runTestCase(TestCaseMain.java:99)
	at com.kms.katalon.core.keyword.builtin.CallTestCaseKeyword$_callTestCase_closure1.doCall(CallTestCaseKeyword.groovy:60)
	at com.kms.katalon.core.keyword.builtin.CallTestCaseKeyword$_callTestCase_closure1.call(CallTestCaseKeyword.groovy)
	at com.kms.katalon.core.keyword.internal.KeywordMain.runKeyword(KeywordMain.groovy:54)
	at com.kms.katalon.core.keyword.builtin.CallTestCaseKeyword.callTestCase(CallTestCaseKeyword.groovy:81)
	at com.kms.katalon.core.keyword.builtin.CallTestCaseKeyword.execute(CallTestCaseKeyword.groovy:45)
	at com.kms.katalon.core.keyword.internal.KeywordExecutor.executeKeywordForPlatform(KeywordExecutor.groovy:53)
	at com.kms.katalon.core.keyword.BuiltinKeywords.callTestCase(BuiltinKeywords.groovy:334)
	at sun.reflect.GeneratedMethodAccessor13.invoke(Unknown Source)
	at sun.reflect.DelegatingMethodAccessorImpl.invoke(DelegatingMethodAccessorImpl.java:43)
	at java.lang.reflect.Method.invoke(Method.java:498)
	at org.codehaus.groovy.reflection.CachedMethod.invoke(CachedMethod.java:93)
	at groovy.lang.MetaMethod.doMethodInvoke(MetaMethod.java:325)
	at groovy.lang.MetaClassImpl.invokeStaticMethod(MetaClassImpl.java:1469)
	at org.codehaus.groovy.runtime.callsite.StaticMetaClassSite.call(StaticMetaClassSite.java:53)
	at org.codehaus.groovy.runtime.callsite.CallSiteArray.defaultCall(CallSiteArray.java:48)
	at org.codehaus.groovy.runtime.callsite.AbstractCallSite.call(AbstractCallSite.java:113)
	at org.codehaus.groovy.runtime.callsite.AbstractCallSite.call(AbstractCallSite.java:141)
	at Script1536200585960.run(Script1536200585960.groovy:121)
	at com.kms.katalon.core.main.ScriptEngine.run(ScriptEngine.java:183)
	at com.kms.katalon.core.main.ScriptEngine.runScriptAsRawText(ScriptEngine.java:108)
	at com.kms.katalon.core.main.TestCaseExecutor.runScript(TestCaseExecutor.java:294)
	at com.kms.katalon.core.main.TestCaseExecutor.doExecute(TestCaseExecutor.java:285)
	at com.kms.katalon.core.main.TestCaseExecutor.processExecutionPhase(TestCaseExecutor.java:264)
	at com.kms.katalon.core.main.TestCaseExecutor.accessMainPhase(TestCaseExecutor.java:256)
	at com.kms.katalon.core.main.TestCaseExecutor.execute(TestCaseExecutor.java:200)
	at com.kms.katalon.core.main.TestSuiteExecutor.accessTestCaseMainPhase(TestSuiteExecutor.java:129)
	at com.kms.katalon.core.main.TestSuiteExecutor.accessTestSuiteMainPhase(TestSuiteExecutor.java:112)
	at com.kms.katalon.core.main.TestSuiteExecutor.execute(TestSuiteExecutor.java:81)
	at com.kms.katalon.core.main.TestCaseMain.startTestSuite(TestCaseMain.java:142)
	at com.kms.katalon.core.main.TestCaseMain$startTestSuite$0.call(Unknown Source)
	at org.codehaus.groovy.runtime.callsite.CallSiteArray.defaultCall(CallSiteArray.java:48)
	at org.codehaus.groovy.runtime.callsite.AbstractCallSite.call(AbstractCallSite.java:113)
	at org.codehaus.groovy.runtime.callsite.AbstractCallSite.call(AbstractCallSite.java:141)
	at TempTestSuite1543287057153.run(TempTestSuite1543287057153.groovy:36)
	at groovy.lang.GroovyShell.runScriptOrMainOrTestOrRunnable(GroovyShell.java:263)
	at groovy.lang.GroovyShell.run(GroovyShell.java:518)
	at groovy.lang.GroovyShell.run(GroovyShell.java:507)
	at groovy.ui.GroovyMain.processOnce(GroovyMain.java:653)
	at groovy.ui.GroovyMain.run(GroovyMain.java:384)
	at groovy.ui.GroovyMain.process(GroovyMain.java:370)
	at groovy.ui.GroovyMain.processArgs(GroovyMain.java:129)
	at groovy.ui.GroovyMain.main(GroovyMain.java:109)
	at sun.reflect.NativeMethodAccessorImpl.invoke0(Native Method)
	at sun.reflect.NativeMethodAccessorImpl.invoke(NativeMethodAccessorImpl.java:62)
	at sun.reflect.DelegatingMethodAccessorImpl.invoke(DelegatingMethodAccessorImpl.java:43)
	at java.lang.reflect.Method.invoke(Method.java:498)
	at org.codehaus.groovy.tools.GroovyStarter.rootLoader(GroovyStarter.java:109)
	at org.codehaus.groovy.tools.GroovyStarter.main(GroovyStarter.java:131)
)

2018-11-27 17:07:56 - [TEST_STEP][PASSED] - callTestCase: Call Test Case 'Test Cases/Final Aug 2018 - PKS Automation/Registration Module/Workflow/Update Add New Employee/Template/New Company for Update Add New' successfully

2018-11-27 17:07:56 - [TEST_CASE][PASSED] - Test Cases/Final Aug 2018 - PKS Automation/Registration Module/Workflow/Update Add New Employee/Template/New Company for Update Add New: Test Cases/Final Aug 2018 - PKS Automation/Registration Module/Workflow/Update Add New Employee/Template/New Company for Update Add New

2018-11-27 17:07:56 - [TEST_STEP][PASSED] - callTestCase: Call Test Case 'Test Cases/Final Aug 2018 - PKS Automation/Registration Module/New Registration/Form 1/Form 1 - Corporation - BHD' successfully

2018-11-27 17:07:56 - [TEST_CASE][PASSED] - Test Cases/Final Aug 2018 - PKS Automation/Registration Module/New Registration/Form 1/Form 1 - Corporation - BHD: Test Cases/Final Aug 2018 - PKS Automation/Registration Module/New Registration/Form 1/Form 1 - Corporation - BHD

2018-11-27 17:07:56 - [TEST_STEP][PASSED] - openBrowser: Browser is opened with url: ''

2018-11-27 17:07:56 - [MESSAGE][WARNING] - A browser is already opened. Closing browser and opening a new one

2018-11-27 17:08:00 - [MESSAGE][PASSED] - Browser is opened with url: ''

2018-11-27 17:08:00 - [TEST_STEP][PASSED] - navigateToUrl: Navigate to 'https://assist2-uat.perkeso.gov.my/login' successfully

2018-11-27 17:08:01 - [MESSAGE][PASSED] - Navigate to 'https://assist2-uat.perkeso.gov.my/login' successfully

2018-11-27 17:08:01 - [TEST_STEP][PASSED] - setText: Text 'johorotc1@gmail.com' is set on object 'Object Repository/Final Object Repo/Login Page/Internal User/Email Address'

2018-11-27 17:08:02 - [MESSAGE][PASSED] - Text 'johorotc1@gmail.com' is set on object 'Object Repository/Final Object Repo/Login Page/Internal User/Email Address'

2018-11-27 17:08:02 - [TEST_STEP][PASSED] - click: Object: 'Object Repository/Final Object Repo/Login Page/Internal User/Next Button' is clicked on

2018-11-27 17:08:02 - [MESSAGE][PASSED] - Object: 'Object Repository/Final Object Repo/Login Page/Internal User/Next Button' is clicked on

2018-11-27 17:08:02 - [TEST_STEP][PASSED] - delay: Delayed 1 second(s)

2018-11-27 17:08:03 - [MESSAGE][PASSED] - Delayed 1 second(s)

2018-11-27 17:08:03 - [TEST_STEP][PASSED] - setEncryptedText: Text ****** has been set on object 'Object Repository/Final Object Repo/Login Page/Internal User/Password'

2018-11-27 17:08:03 - [MESSAGE][PASSED] - Text ****** has been set on object 'Object Repository/Final Object Repo/Login Page/Internal User/Password'

2018-11-27 17:08:03 - [TEST_STEP][PASSED] - click: Object: 'Object Repository/Final Object Repo/Login Page/Internal User/Login Button' is clicked on

2018-11-27 17:08:03 - [MESSAGE][PASSED] - Object: 'Object Repository/Final Object Repo/Login Page/Internal User/Login Button' is clicked on

2018-11-27 17:08:03 - [TEST_STEP][PASSED] - delay: Delayed 1 second(s)

2018-11-27 17:08:04 - [MESSAGE][PASSED] - Delayed 1 second(s)

2018-11-27 17:08:04 - [TEST_STEP][PASSED] - Statement - Try: Delayed 2 second(s)

2018-11-27 17:08:04 - [TEST_STEP][PASSED] - Statement - Checker = false: null

2018-11-27 17:08:04 - [TEST_STEP][PASSED] - Statement - Checker = com.kms.katalon.core.webui.keyword.WebUiBuiltInKeywords.verifyElementHasAttribute(com.kms.katalon.core.testobject.ObjectRepository.findTestObject(Final Object Repo/Landing Page/BM Detecting), "href", 20, OPTIONAL): Object 'Object Repository/Final Object Repo/Landing Page/BM Detecting' has attribute 'href'

2018-11-27 17:08:05 - [MESSAGE][PASSED] - Object 'Object Repository/Final Object Repo/Landing Page/BM Detecting' has attribute 'href'

2018-11-27 17:08:05 - [TEST_STEP][PASSED] - Statement - out.println(Checker): null

2018-11-27 17:08:05 - [TEST_STEP][PASSED] - Statement - If (Checker == false): null

2018-11-27 17:08:05 - [TEST_STEP][PASSED] - Statement - Else: null

2018-11-27 17:08:05 - [TEST_STEP][PASSED] - delay: Delayed 2 second(s)

2018-11-27 17:08:07 - [MESSAGE][PASSED] - Delayed 2 second(s)

2018-11-27 17:08:07 - [TEST_STEP][PASSED] - navigateToUrl: Navigate to 'https://assist2-uat.perkeso.gov.my/web/registration/registration' successfully

2018-11-27 17:08:09 - [MESSAGE][PASSED] - Navigate to 'https://assist2-uat.perkeso.gov.my/web/registration/registration' successfully

2018-11-27 17:08:09 - [TEST_STEP][PASSED] - click: Object: 'Object Repository/Final Object Repo/New Registration - Registration Module Pages/Form 1/AEC - No' is clicked on

2018-11-27 17:08:09 - [MESSAGE][PASSED] - Object: 'Object Repository/Final Object Repo/New Registration - Registration Module Pages/Form 1/AEC - No' is clicked on

2018-11-27 17:08:09 - [TEST_STEP][PASSED] - click: Object: 'Object Repository/Final Object Repo/New Registration - Registration Module Pages/Form 1/Business Entity' is clicked on

2018-11-27 17:08:09 - [MESSAGE][PASSED] - Object: 'Object Repository/Final Object Repo/New Registration - Registration Module Pages/Form 1/Business Entity' is clicked on

2018-11-27 17:08:09 - [TEST_STEP][PASSED] - click: Object: 'Object Repository/Final Object Repo/New Registration - Registration Module Pages/Form 1/Businees Entity - Corporation' is clicked on

2018-11-27 17:08:10 - [MESSAGE][PASSED] - Object: 'Object Repository/Final Object Repo/New Registration - Registration Module Pages/Form 1/Businees Entity - Corporation' is clicked on

2018-11-27 17:08:10 - [TEST_STEP][PASSED] - delay: Delayed 1 second(s)

2018-11-27 17:08:11 - [MESSAGE][PASSED] - Delayed 1 second(s)

2018-11-27 17:08:11 - [TEST_STEP][PASSED] - click: Object: 'Object Repository/Final Object Repo/New Registration - Registration Module Pages/Form 1/Sub Business Entity' is clicked on

2018-11-27 17:08:11 - [MESSAGE][PASSED] - Object: 'Object Repository/Final Object Repo/New Registration - Registration Module Pages/Form 1/Sub Business Entity' is clicked on

2018-11-27 17:08:11 - [TEST_STEP][PASSED] - click: Object: 'Object Repository/Final Object Repo/New Registration - Registration Module Pages/Form 1/Sub Business Entity - Berhad' is clicked on

2018-11-27 17:08:11 - [MESSAGE][PASSED] - Object: 'Object Repository/Final Object Repo/New Registration - Registration Module Pages/Form 1/Sub Business Entity - Berhad' is clicked on

2018-11-27 17:08:11 - [TEST_STEP][PASSED] - delay: Delayed 1 second(s)

2018-11-27 17:08:12 - [MESSAGE][PASSED] - Delayed 1 second(s)

2018-11-27 17:08:12 - [TEST_STEP][PASSED] - setText: Text '123' is set on object 'Object Repository/Final Object Repo/New Registration - Registration Module Pages/Form 1/Registration Number'

2018-11-27 17:08:12 - [MESSAGE][PASSED] - Text '123' is set on object 'Object Repository/Final Object Repo/New Registration - Registration Module Pages/Form 1/Registration Number'

2018-11-27 17:08:12 - [TEST_STEP][PASSED] - click: Object: 'Object Repository/Final Object Repo/New Registration - Registration Module Pages/Form 1/Registred with SSM - Before Feb' is clicked on

2018-11-27 17:08:13 - [MESSAGE][PASSED] - Object: 'Object Repository/Final Object Repo/New Registration - Registration Module Pages/Form 1/Registred with SSM - Before Feb' is clicked on

2018-11-27 17:08:13 - [TEST_STEP][PASSED] - click: Object: 'Object Repository/Final Object Repo/New Registration - Registration Module Pages/Form 1/Registered As a Branch - Yes' is clicked on

2018-11-27 17:08:13 - [MESSAGE][PASSED] - Object: 'Object Repository/Final Object Repo/New Registration - Registration Module Pages/Form 1/Registered As a Branch - Yes' is clicked on

2018-11-27 17:08:13 - [TEST_STEP][PASSED] - click: Object: 'Object Repository/Final Object Repo/New Registration - Registration Module Pages/Form 1/Acknowledgement' is clicked on

2018-11-27 17:08:13 - [MESSAGE][PASSED] - Object: 'Object Repository/Final Object Repo/New Registration - Registration Module Pages/Form 1/Acknowledgement' is clicked on

2018-11-27 17:08:13 - [TEST_STEP][PASSED] - setText: Text 'perkeso' is set on object 'Object Repository/Final Object Repo/New Registration - Registration Module Pages/Form 1/Industry name'

2018-11-27 17:08:13 - [MESSAGE][PASSED] - Text 'perkeso' is set on object 'Object Repository/Final Object Repo/New Registration - Registration Module Pages/Form 1/Industry name'

2018-11-27 17:08:13 - [TEST_STEP][PASSED] - setText: Text 'perkeso1' is set on object 'Object Repository/Final Object Repo/New Registration - Registration Module Pages/Form 1/Postal Address1'

2018-11-27 17:08:14 - [MESSAGE][PASSED] - Text 'perkeso1' is set on object 'Object Repository/Final Object Repo/New Registration - Registration Module Pages/Form 1/Postal Address1'

2018-11-27 17:08:14 - [TEST_STEP][PASSED] - setText: Text 'perkeso2' is set on object 'Object Repository/Final Object Repo/New Registration - Registration Module Pages/Form 1/Postal Address2'

2018-11-27 17:08:14 - [MESSAGE][PASSED] - Text 'perkeso2' is set on object 'Object Repository/Final Object Repo/New Registration - Registration Module Pages/Form 1/Postal Address2'

2018-11-27 17:08:14 - [TEST_STEP][PASSED] - setText: Text 'perkeso3' is set on object 'Object Repository/Final Object Repo/New Registration - Registration Module Pages/Form 1/Postal Address3'

2018-11-27 17:08:14 - [MESSAGE][PASSED] - Text 'perkeso3' is set on object 'Object Repository/Final Object Repo/New Registration - Registration Module Pages/Form 1/Postal Address3'

2018-11-27 17:08:14 - [TEST_STEP][PASSED] - click: Object: 'Object Repository/Final Object Repo/New Registration - Registration Module Pages/Form 1/State' is clicked on

2018-11-27 17:08:14 - [MESSAGE][PASSED] - Object: 'Object Repository/Final Object Repo/New Registration - Registration Module Pages/Form 1/State' is clicked on

2018-11-27 17:08:14 - [TEST_STEP][PASSED] - click: Object: 'Object Repository/Final Object Repo/New Registration - Registration Module Pages/Form 1/State - Johor' is clicked on

2018-11-27 17:08:15 - [MESSAGE][PASSED] - Object: 'Object Repository/Final Object Repo/New Registration - Registration Module Pages/Form 1/State - Johor' is clicked on

2018-11-27 17:08:15 - [TEST_STEP][PASSED] - delay: Delayed 1 second(s)

2018-11-27 17:08:16 - [MESSAGE][PASSED] - Delayed 1 second(s)

2018-11-27 17:08:16 - [TEST_STEP][PASSED] - click: Object: 'Object Repository/Final Object Repo/New Registration - Registration Module Pages/Form 1/City' is clicked on

2018-11-27 17:08:16 - [MESSAGE][PASSED] - Object: 'Object Repository/Final Object Repo/New Registration - Registration Module Pages/Form 1/City' is clicked on

2018-11-27 17:08:16 - [TEST_STEP][PASSED] - setText: Text 'joh' is set on object 'Object Repository/Final Object Repo/New Registration - Registration Module Pages/Form 1/Postcode - 810'

2018-11-27 17:08:16 - [MESSAGE][PASSED] - Text 'joh' is set on object 'Object Repository/Final Object Repo/New Registration - Registration Module Pages/Form 1/Postcode - 810'

2018-11-27 17:08:16 - [TEST_STEP][PASSED] - delay: Delayed 1 second(s)

2018-11-27 17:08:17 - [MESSAGE][PASSED] - Delayed 1 second(s)

2018-11-27 17:08:17 - [TEST_STEP][PASSED] - click: Object: 'Object Repository/Final Object Repo/New Registration - Registration Module Pages/Form 1/City - Johor Bharu' is clicked on

2018-11-27 17:08:17 - [MESSAGE][PASSED] - Object: 'Object Repository/Final Object Repo/New Registration - Registration Module Pages/Form 1/City - Johor Bharu' is clicked on

2018-11-27 17:08:17 - [TEST_STEP][PASSED] - delay: Delayed 1 second(s)

2018-11-27 17:08:18 - [MESSAGE][PASSED] - Delayed 1 second(s)

2018-11-27 17:08:18 - [TEST_STEP][PASSED] - click: Object: 'Object Repository/Final Object Repo/New Registration - Registration Module Pages/Form 1/Postcode' is clicked on

2018-11-27 17:08:19 - [MESSAGE][PASSED] - Object: 'Object Repository/Final Object Repo/New Registration - Registration Module Pages/Form 1/Postcode' is clicked on

2018-11-27 17:08:19 - [TEST_STEP][PASSED] - delay: Delayed 1 second(s)

2018-11-27 17:08:20 - [MESSAGE][PASSED] - Delayed 1 second(s)

2018-11-27 17:08:20 - [TEST_STEP][PASSED] - setText: Text '810' is set on object 'Object Repository/Final Object Repo/New Registration - Registration Module Pages/Form 1/Postcode - 810'

2018-11-27 17:08:20 - [MESSAGE][PASSED] - Text '810' is set on object 'Object Repository/Final Object Repo/New Registration - Registration Module Pages/Form 1/Postcode - 810'

2018-11-27 17:08:20 - [TEST_STEP][PASSED] - delay: Delayed 3 second(s)

2018-11-27 17:08:23 - [MESSAGE][PASSED] - Delayed 3 second(s)

2018-11-27 17:08:23 - [TEST_STEP][PASSED] - click: Object: 'Object Repository/Final Object Repo/New Registration - Registration Module Pages/Form 1/Postcode - 81000' is clicked on

2018-11-27 17:08:23 - [MESSAGE][PASSED] - Object: 'Object Repository/Final Object Repo/New Registration - Registration Module Pages/Form 1/Postcode - 81000' is clicked on

2018-11-27 17:08:23 - [TEST_STEP][PASSED] - delay: Delayed 1 second(s)

2018-11-27 17:08:24 - [MESSAGE][PASSED] - Delayed 1 second(s)

2018-11-27 17:08:24 - [TEST_STEP][PASSED] - setText: Text '100' is set on object 'Object Repository/Final Object Repo/New Registration - Registration Module Pages/Form 1/P.O.BOX'

2018-11-27 17:08:24 - [MESSAGE][PASSED] - Text '100' is set on object 'Object Repository/Final Object Repo/New Registration - Registration Module Pages/Form 1/P.O.BOX'

2018-11-27 17:08:24 - [TEST_STEP][PASSED] - setText: Text '100' is set on object 'Object Repository/Final Object Repo/New Registration - Registration Module Pages/Form 1/Locked Bag No'

2018-11-27 17:08:24 - [MESSAGE][PASSED] - Text '100' is set on object 'Object Repository/Final Object Repo/New Registration - Registration Module Pages/Form 1/Locked Bag No'

2018-11-27 17:08:24 - [TEST_STEP][PASSED] - click: Object: 'Object Repository/Final Object Repo/New Registration - Registration Module Pages/Form 1/SOCSO Office Location' is clicked on

2018-11-27 17:08:25 - [MESSAGE][PASSED] - Object: 'Object Repository/Final Object Repo/New Registration - Registration Module Pages/Form 1/SOCSO Office Location' is clicked on

2018-11-27 17:08:25 - [TEST_STEP][PASSED] - click: Object: 'Object Repository/Final Object Repo/New Registration - Registration Module Pages/Form 1/SOCSO Office Location - Pejabat PERKESO Negeri Johor' is clicked on

2018-11-27 17:08:25 - [MESSAGE][PASSED] - Object: 'Object Repository/Final Object Repo/New Registration - Registration Module Pages/Form 1/SOCSO Office Location - Pejabat PERKESO Negeri Johor' is clicked on

2018-11-27 17:08:25 - [TEST_STEP][PASSED] - delay: Delayed 1 second(s)

2018-11-27 17:08:26 - [MESSAGE][PASSED] - Delayed 1 second(s)

2018-11-27 17:08:26 - [TEST_STEP][PASSED] - check: Object 'Object Repository/Final Object Repo/New Registration - Registration Module Pages/Form 1/Indusrty Address Same As Postal Address' is checked

2018-11-27 17:08:26 - [MESSAGE][PASSED] - Object 'Object Repository/Final Object Repo/New Registration - Registration Module Pages/Form 1/Indusrty Address Same As Postal Address' is checked

2018-11-27 17:08:26 - [TEST_STEP][PASSED] - delay: Delayed 3 second(s)

2018-11-27 17:08:29 - [MESSAGE][PASSED] - Delayed 3 second(s)

2018-11-27 17:08:29 - [TEST_STEP][PASSED] - click: Object: 'Object Repository/Final Object Repo/New Registration - Registration Module Pages/Form 1/Indusry Address Same As Postal Address False' is clicked on

2018-11-27 17:08:29 - [MESSAGE][PASSED] - Object: 'Object Repository/Final Object Repo/New Registration - Registration Module Pages/Form 1/Indusry Address Same As Postal Address False' is clicked on

2018-11-27 17:08:29 - [TEST_STEP][PASSED] - delay: Delayed 1 second(s)

2018-11-27 17:08:30 - [MESSAGE][PASSED] - Delayed 1 second(s)

2018-11-27 17:08:30 - [TEST_STEP][PASSED] - setText: Text 'perkeso1' is set on object 'Object Repository/Final Object Repo/New Registration - Registration Module Pages/Form 1/Industry Address1'

2018-11-27 17:08:31 - [MESSAGE][PASSED] - Text 'perkeso1' is set on object 'Object Repository/Final Object Repo/New Registration - Registration Module Pages/Form 1/Industry Address1'

2018-11-27 17:08:31 - [TEST_STEP][PASSED] - setText: Text 'perkeso2' is set on object 'Object Repository/Final Object Repo/New Registration - Registration Module Pages/Form 1/Industry Address2'

2018-11-27 17:08:31 - [MESSAGE][PASSED] - Text 'perkeso2' is set on object 'Object Repository/Final Object Repo/New Registration - Registration Module Pages/Form 1/Industry Address2'

2018-11-27 17:08:31 - [TEST_STEP][PASSED] - setText: Text 'perkeso3' is set on object 'Object Repository/Final Object Repo/New Registration - Registration Module Pages/Form 1/Industry Address3'

2018-11-27 17:08:31 - [MESSAGE][PASSED] - Text 'perkeso3' is set on object 'Object Repository/Final Object Repo/New Registration - Registration Module Pages/Form 1/Industry Address3'

2018-11-27 17:08:31 - [TEST_STEP][PASSED] - click: Object: 'Object Repository/Final Object Repo/New Registration - Registration Module Pages/Form 1/Industry State' is clicked on

2018-11-27 17:08:32 - [MESSAGE][PASSED] - Object: 'Object Repository/Final Object Repo/New Registration - Registration Module Pages/Form 1/Industry State' is clicked on

2018-11-27 17:08:32 - [TEST_STEP][PASSED] - delay: Delayed 2 second(s)

2018-11-27 17:08:34 - [MESSAGE][PASSED] - Delayed 2 second(s)

2018-11-27 17:08:34 - [TEST_STEP][PASSED] - click: Object: 'Object Repository/Final Object Repo/New Registration - Registration Module Pages/Form 1/Industry State - Johor' is clicked on

2018-11-27 17:08:34 - [MESSAGE][PASSED] - Object: 'Object Repository/Final Object Repo/New Registration - Registration Module Pages/Form 1/Industry State - Johor' is clicked on

2018-11-27 17:08:34 - [TEST_STEP][PASSED] - delay: Delayed 2 second(s)

2018-11-27 17:08:36 - [MESSAGE][PASSED] - Delayed 2 second(s)

2018-11-27 17:08:36 - [TEST_STEP][PASSED] - click: Object: 'Object Repository/Final Object Repo/New Registration - Registration Module Pages/Form 1/Industry Ciry' is clicked on

2018-11-27 17:08:36 - [MESSAGE][PASSED] - Object: 'Object Repository/Final Object Repo/New Registration - Registration Module Pages/Form 1/Industry Ciry' is clicked on

2018-11-27 17:08:36 - [TEST_STEP][PASSED] - setText: Text 'joh' is set on object 'Object Repository/Final Object Repo/New Registration - Registration Module Pages/Form 1/Industry Ciry - joh'

2018-11-27 17:08:36 - [MESSAGE][PASSED] - Text 'joh' is set on object 'Object Repository/Final Object Repo/New Registration - Registration Module Pages/Form 1/Industry Ciry - joh'

2018-11-27 17:08:36 - [TEST_STEP][PASSED] - delay: Delayed 2 second(s)

2018-11-27 17:08:38 - [MESSAGE][PASSED] - Delayed 2 second(s)

2018-11-27 17:08:38 - [TEST_STEP][PASSED] - click: Object: 'Object Repository/Final Object Repo/New Registration - Registration Module Pages/Form 1/Industy State - Johor Bharu' is clicked on

2018-11-27 17:08:38 - [MESSAGE][PASSED] - Object: 'Object Repository/Final Object Repo/New Registration - Registration Module Pages/Form 1/Industy State - Johor Bharu' is clicked on

2018-11-27 17:08:38 - [TEST_STEP][PASSED] - delay: Delayed 1 second(s)

2018-11-27 17:08:39 - [MESSAGE][PASSED] - Delayed 1 second(s)

2018-11-27 17:08:39 - [TEST_STEP][PASSED] - click: Object: 'Object Repository/Final Object Repo/New Registration - Registration Module Pages/Form 1/Indusry PostCode' is clicked on

2018-11-27 17:08:40 - [MESSAGE][PASSED] - Object: 'Object Repository/Final Object Repo/New Registration - Registration Module Pages/Form 1/Indusry PostCode' is clicked on

2018-11-27 17:08:40 - [TEST_STEP][PASSED] - delay: Delayed 1 second(s)

2018-11-27 17:08:41 - [MESSAGE][PASSED] - Delayed 1 second(s)

2018-11-27 17:08:41 - [TEST_STEP][PASSED] - setText: Text '810' is set on object 'Object Repository/Final Object Repo/New Registration - Registration Module Pages/Form 1/Insutry Post Code - 810'

2018-11-27 17:08:41 - [MESSAGE][PASSED] - Text '810' is set on object 'Object Repository/Final Object Repo/New Registration - Registration Module Pages/Form 1/Insutry Post Code - 810'

2018-11-27 17:08:41 - [TEST_STEP][PASSED] - delay: Delayed 1 second(s)

2018-11-27 17:08:42 - [MESSAGE][PASSED] - Delayed 1 second(s)

2018-11-27 17:08:42 - [TEST_STEP][PASSED] - click: Object: 'Object Repository/Final Object Repo/New Registration - Registration Module Pages/Form 1/Insutry Post Code - 81000' is clicked on

2018-11-27 17:08:43 - [MESSAGE][PASSED] - Object: 'Object Repository/Final Object Repo/New Registration - Registration Module Pages/Form 1/Insutry Post Code - 81000' is clicked on

2018-11-27 17:08:43 - [TEST_STEP][PASSED] - delay: Delayed 1 second(s)

2018-11-27 17:08:44 - [MESSAGE][PASSED] - Delayed 1 second(s)

2018-11-27 17:08:44 - [TEST_STEP][PASSED] - setText: Text '100' is set on object 'Object Repository/Final Object Repo/New Registration - Registration Module Pages/Form 1/Industry P.O.BOX'

2018-11-27 17:08:44 - [MESSAGE][PASSED] - Text '100' is set on object 'Object Repository/Final Object Repo/New Registration - Registration Module Pages/Form 1/Industry P.O.BOX'

2018-11-27 17:08:44 - [TEST_STEP][PASSED] - setText: Text '100' is set on object 'Object Repository/Final Object Repo/New Registration - Registration Module Pages/Form 1/Industry Locked Bag No'

2018-11-27 17:08:44 - [MESSAGE][PASSED] - Text '100' is set on object 'Object Repository/Final Object Repo/New Registration - Registration Module Pages/Form 1/Industry Locked Bag No'

2018-11-27 17:08:44 - [TEST_STEP][PASSED] - setText: Text '123456789' is set on object 'Object Repository/Final Object Repo/New Registration - Registration Module Pages/Form 1/Telephone No'

2018-11-27 17:08:45 - [MESSAGE][PASSED] - Text '123456789' is set on object 'Object Repository/Final Object Repo/New Registration - Registration Module Pages/Form 1/Telephone No'

2018-11-27 17:08:45 - [TEST_STEP][PASSED] - setText: Text '123456789' is set on object 'Object Repository/Final Object Repo/New Registration - Registration Module Pages/Form 1/Mobile No'

2018-11-27 17:08:45 - [MESSAGE][PASSED] - Text '123456789' is set on object 'Object Repository/Final Object Repo/New Registration - Registration Module Pages/Form 1/Mobile No'

2018-11-27 17:08:45 - [TEST_STEP][PASSED] - setText: Text '123456789' is set on object 'Object Repository/Final Object Repo/New Registration - Registration Module Pages/Form 1/Fax No'

2018-11-27 17:08:45 - [MESSAGE][PASSED] - Text '123456789' is set on object 'Object Repository/Final Object Repo/New Registration - Registration Module Pages/Form 1/Fax No'

2018-11-27 17:08:45 - [TEST_STEP][PASSED] - click: Object: 'Object Repository/Final Object Repo/New Registration - Registration Module Pages/Form 1/Industry Code' is clicked on

2018-11-27 17:08:46 - [MESSAGE][PASSED] - Object: 'Object Repository/Final Object Repo/New Registration - Registration Module Pages/Form 1/Industry Code' is clicked on

2018-11-27 17:08:46 - [TEST_STEP][PASSED] - click: Object: 'Object Repository/Final Object Repo/New Registration - Registration Module Pages/Form 1/Indudustry Code - Crops and Animal' is clicked on

2018-11-27 17:08:47 - [MESSAGE][PASSED] - Object: 'Object Repository/Final Object Repo/New Registration - Registration Module Pages/Form 1/Indudustry Code - Crops and Animal' is clicked on

2018-11-27 17:08:47 - [TEST_STEP][PASSED] - delay: Delayed 1 second(s)

2018-11-27 17:08:48 - [MESSAGE][PASSED] - Delayed 1 second(s)

2018-11-27 17:08:48 - [TEST_STEP][PASSED] - click: Object: 'Object Repository/Final Object Repo/New Registration - Registration Module Pages/Form 1/Sub Industry Code List' is clicked on

2018-11-27 17:08:48 - [MESSAGE][PASSED] - Object: 'Object Repository/Final Object Repo/New Registration - Registration Module Pages/Form 1/Sub Industry Code List' is clicked on

2018-11-27 17:08:48 - [TEST_STEP][PASSED] - click: Object: 'Object Repository/Final Object Repo/New Registration - Registration Module Pages/Form 1/Sub Industry Code List - Growing of Maize' is clicked on

2018-11-27 17:08:48 - [MESSAGE][PASSED] - Object: 'Object Repository/Final Object Repo/New Registration - Registration Module Pages/Form 1/Sub Industry Code List - Growing of Maize' is clicked on

2018-11-27 17:08:48 - [TEST_STEP][PASSED] - setText: Text 'perkeso123@gmail.com' is set on object 'Object Repository/Final Object Repo/New Registration - Registration Module Pages/Form 1/Email'

2018-11-27 17:08:49 - [MESSAGE][PASSED] - Text 'perkeso123@gmail.com' is set on object 'Object Repository/Final Object Repo/New Registration - Registration Module Pages/Form 1/Email'

2018-11-27 17:08:49 - [TEST_STEP][PASSED] - click: Object: 'Object Repository/Final Object Repo/New Registration - Registration Module Pages/Form 1/Method of Contribution Payment' is clicked on

2018-11-27 17:08:49 - [MESSAGE][PASSED] - Object: 'Object Repository/Final Object Repo/New Registration - Registration Module Pages/Form 1/Method of Contribution Payment' is clicked on

2018-11-27 17:08:49 - [TEST_STEP][PASSED] - click: Object: 'Object Repository/Final Object Repo/New Registration - Registration Module Pages/Form 1/Method of Contribution Payment - Portal' is clicked on

2018-11-27 17:08:50 - [MESSAGE][PASSED] - Object: 'Object Repository/Final Object Repo/New Registration - Registration Module Pages/Form 1/Method of Contribution Payment - Portal' is clicked on

2018-11-27 17:08:50 - [TEST_STEP][PASSED] - click: Object: 'Object Repository/Final Object Repo/New Registration - Registration Module Pages/Form 1/Servide Type' is clicked on

2018-11-27 17:08:51 - [MESSAGE][PASSED] - Object: 'Object Repository/Final Object Repo/New Registration - Registration Module Pages/Form 1/Servide Type' is clicked on

2018-11-27 17:08:51 - [TEST_STEP][PASSED] - click: Object: 'Object Repository/Final Object Repo/New Registration - Registration Module Pages/Form 1/Servide Type - Professional Bodies' is clicked on

2018-11-27 17:08:52 - [MESSAGE][PASSED] - Object: 'Object Repository/Final Object Repo/New Registration - Registration Module Pages/Form 1/Servide Type - Professional Bodies' is clicked on

2018-11-27 17:08:52 - [TEST_STEP][PASSED] - click: Object: 'Object Repository/Final Object Repo/New Registration - Registration Module Pages/Form 1/Industry Venue' is clicked on

2018-11-27 17:08:52 - [MESSAGE][PASSED] - Object: 'Object Repository/Final Object Repo/New Registration - Registration Module Pages/Form 1/Industry Venue' is clicked on

2018-11-27 17:08:52 - [TEST_STEP][PASSED] - click: Object: 'Object Repository/Final Object Repo/New Registration - Registration Module Pages/Form 1/Industry Venue -  PPN JOHOR' is clicked on

2018-11-27 17:08:52 - [MESSAGE][PASSED] - Object: 'Object Repository/Final Object Repo/New Registration - Registration Module Pages/Form 1/Industry Venue -  PPN JOHOR' is clicked on

2018-11-27 17:08:52 - [TEST_STEP][PASSED] - click: Object: 'Object Repository/Final Object Repo/New Registration - Registration Module Pages/Form 1/Save  Continue' is clicked on

2018-11-27 17:08:52 - [MESSAGE][PASSED] - Object: 'Object Repository/Final Object Repo/New Registration - Registration Module Pages/Form 1/Save  Continue' is clicked on

2018-11-27 17:08:52 - [MESSAGE][PASSED] - Call Test Case 'Test Cases/Final Aug 2018 - PKS Automation/Registration Module/New Registration/Form 1/Form 1 - Corporation - BHD' successfully

2018-11-27 17:08:52 - [TEST_STEP][PASSED] - callTestCase: Call Test Case 'Test Cases/Final Aug 2018 - PKS Automation/Registration Module/New Registration/Form 2/Add 1 Eligible' successfully

2018-11-27 17:08:52 - [TEST_CASE][PASSED] - Test Cases/Final Aug 2018 - PKS Automation/Registration Module/New Registration/Form 2/Add 1 Eligible: Test Cases/Final Aug 2018 - PKS Automation/Registration Module/New Registration/Form 2/Add 1 Eligible

2018-11-27 17:08:52 - [TEST_STEP][PASSED] - delay: Delayed 2 second(s)

2018-11-27 17:08:54 - [MESSAGE][PASSED] - Delayed 2 second(s)

2018-11-27 17:08:54 - [TEST_STEP][PASSED] - callTestCase: Call Test Case 'Test Cases/Final Aug 2018 - PKS Automation/Registration Module/New Registration/Form 2/Date Updater' successfully

2018-11-27 17:08:54 - [TEST_CASE][PASSED] - Test Cases/Final Aug 2018 - PKS Automation/Registration Module/New Registration/Form 2/Date Updater: Test Cases/Final Aug 2018 - PKS Automation/Registration Module/New Registration/Form 2/Date Updater

2018-11-27 17:08:54 - [TEST_STEP][PASSED] - Statement - TodayDate = new java.util.Date(): null

2018-11-27 17:08:54 - [TEST_STEP][PASSED] - Statement - CurrentDateNoFilter = new java.text.SimpleDateFormat(): null

2018-11-27 17:08:54 - [TEST_STEP][PASSED] - Statement - CurrentDateNoFilter.applyPattern("dd"): null

2018-11-27 17:08:54 - [TEST_STEP][PASSED] - Statement - CurrentDate = CurrentDateNoFilter.format(TodayDate): null

2018-11-27 17:08:54 - [TEST_STEP][PASSED] - Statement - CurrentDate = java.lang.Integer.parseInt(CurrentDate): null

2018-11-27 17:08:54 - [TEST_STEP][PASSED] - Statement - CurrentDate = CurrentDate: null

2018-11-27 17:08:54 - [TEST_STEP][PASSED] - Statement - CurrentDay = java.lang.Integer.parseInt(CurrentDate): null

2018-11-27 17:08:54 - [TEST_STEP][PASSED] - Statement - aDayBefore = CurrentDay + 1: null

2018-11-27 17:08:54 - [TEST_STEP][PASSED] - Statement - DayBefore = aDayBefore.toString(): null

2018-11-27 17:08:54 - [TEST_STEP][PASSED] - Statement - OneDayBefore = DayBefore: null

2018-11-27 17:08:54 - [TEST_STEP][PASSED] - Statement - CurrentDateNoFilter.applyPattern("MM"): null

2018-11-27 17:08:54 - [TEST_STEP][PASSED] - Statement - monthContainerMatcher = java.lang.Integer.parseInt(CurrentDateNoFilter.format(TodayDate)): null

2018-11-27 17:08:54 - [TEST_STEP][PASSED] - Statement - monthContainerMatcher = monthContainerMatcher - 1: null

2018-11-27 17:08:54 - [TEST_STEP][PASSED] - Statement - CurrentMonth = monthContainerMatcher.toString(): null

2018-11-27 17:08:54 - [TEST_STEP][PASSED] - Statement - CurrentMonth = CurrentMonth: null

2018-11-27 17:08:54 - [TEST_STEP][PASSED] - Statement - CurrentDateNoFilter.applyPattern("yyyy"): null

2018-11-27 17:08:54 - [TEST_STEP][PASSED] - Statement - CurrentYear = CurrentDateNoFilter.format(TodayDate): null

2018-11-27 17:08:54 - [TEST_STEP][PASSED] - Statement - CurrentYear = CurrentYear: null

2018-11-27 17:08:54 - [TEST_STEP][PASSED] - Statement - intCurrentYear = java.lang.Integer.parseInt(CurrentDateNoFilter.format(TodayDate)): null

2018-11-27 17:08:54 - [TEST_STEP][PASSED] - Statement - eighteenYrsAgo = intCurrentYear - 18: null

2018-11-27 17:08:54 - [TEST_STEP][PASSED] - Statement - eighteenYrsBeforeThisYr = eighteenYrsAgo.toString(): null

2018-11-27 17:08:54 - [TEST_STEP][PASSED] - Statement - EighteenYrsBefore = eighteenYrsBeforeThisYr: null

2018-11-27 17:08:54 - [TEST_STEP][PASSED] - Statement - fiftysevenYrsAgo = intCurrentYear - 57: null

2018-11-27 17:08:54 - [TEST_STEP][PASSED] - Statement - fiftysevenYrsBeforeThisYr = fiftysevenYrsAgo.toString(): null

2018-11-27 17:08:54 - [TEST_STEP][PASSED] - Statement - FiftysevenYrsBefore = fiftysevenYrsBeforeThisYr: null

2018-11-27 17:08:54 - [MESSAGE][PASSED] - Call Test Case 'Test Cases/Final Aug 2018 - PKS Automation/Registration Module/New Registration/Form 2/Date Updater' successfully

2018-11-27 17:08:54 - [TEST_STEP][PASSED] - delay: Delayed 1 second(s)

2018-11-27 17:08:55 - [MESSAGE][PASSED] - Delayed 1 second(s)

2018-11-27 17:08:55 - [TEST_STEP][PASSED] - Statement - CaseReferenceNo = com.kms.katalon.core.webui.keyword.WebUiBuiltInKeywords.getText(com.kms.katalon.core.testobject.ObjectRepository.findTestObject(Final Object Repo/New Registration - Registration Module Pages/Form 2/RefNo Acquiring)): Text of object 'Object Repository/Final Object Repo/New Registration - Registration Module Pages/Form 2/RefNo Acquiring' is: 'CRN11201800122876'

2018-11-27 17:08:59 - [MESSAGE][PASSED] - Text of object 'Object Repository/Final Object Repo/New Registration - Registration Module Pages/Form 2/RefNo Acquiring' is: 'CRN11201800122876'

2018-11-27 17:08:59 - [TEST_STEP][PASSED] - delay: Delayed 1 second(s)

2018-11-27 17:09:00 - [MESSAGE][PASSED] - Delayed 1 second(s)

2018-11-27 17:09:00 - [TEST_STEP][PASSED] - click: Object: 'Object Repository/Final Object Repo/New Registration - Registration Module Pages/Form 2/Add Employee Button' is clicked on

2018-11-27 17:09:00 - [MESSAGE][PASSED] - Object: 'Object Repository/Final Object Repo/New Registration - Registration Module Pages/Form 2/Add Employee Button' is clicked on

2018-11-27 17:09:00 - [TEST_STEP][PASSED] - delay: Delayed 1 second(s)

2018-11-27 17:09:01 - [MESSAGE][PASSED] - Delayed 1 second(s)

2018-11-27 17:09:01 - [TEST_STEP][PASSED] - setText: Text '010903091963' is set on object 'Object Repository/Final Object Repo/New Registration - Registration Module Pages/Form 2/NRIC Input'

2018-11-27 17:09:05 - [MESSAGE][PASSED] - Text '010903091963' is set on object 'Object Repository/Final Object Repo/New Registration - Registration Module Pages/Form 2/NRIC Input'

2018-11-27 17:09:05 - [TEST_STEP][PASSED] - click: Object: 'Object Repository/Final Object Repo/New Registration - Registration Module Pages/Form 2/button for search for IC' is clicked on

2018-11-27 17:09:05 - [MESSAGE][PASSED] - Object: 'Object Repository/Final Object Repo/New Registration - Registration Module Pages/Form 2/button for search for IC' is clicked on

2018-11-27 17:09:05 - [TEST_STEP][PASSED] - delay: Delayed 2 second(s)

2018-11-27 17:09:07 - [MESSAGE][PASSED] - Delayed 2 second(s)

2018-11-27 17:09:07 - [TEST_STEP][PASSED] - setText: Text 'Automate001 eligible 1' is set on object 'Object Repository/Final Object Repo/New Registration - Registration Module Pages/Form 2/Employee Name Input'

2018-11-27 17:09:07 - [MESSAGE][PASSED] - Text 'Automate001 eligible 1' is set on object 'Object Repository/Final Object Repo/New Registration - Registration Module Pages/Form 2/Employee Name Input'

2018-11-27 17:09:07 - [TEST_STEP][PASSED] - delay: Delayed 2 second(s)

2018-11-27 17:09:09 - [MESSAGE][PASSED] - Delayed 2 second(s)

2018-11-27 17:09:09 - [TEST_STEP][PASSED] - click: Object: 'Object Repository/Final Object Repo/New Registration - Registration Module Pages/Form 2/DatePicker Pop Up' is clicked on

2018-11-27 17:09:09 - [MESSAGE][PASSED] - Object: 'Object Repository/Final Object Repo/New Registration - Registration Module Pages/Form 2/DatePicker Pop Up' is clicked on

2018-11-27 17:09:09 - [TEST_STEP][PASSED] - click: Object: 'Object Repository/Final Object Repo/New Registration - Registration Module Pages/Form 2/DOB Month' is clicked on

2018-11-27 17:09:10 - [MESSAGE][PASSED] - Object: 'Object Repository/Final Object Repo/New Registration - Registration Module Pages/Form 2/DOB Month' is clicked on

2018-11-27 17:09:10 - [TEST_STEP][PASSED] - Statement - CurrentMonth = CurrentMonth: null

2018-11-27 17:09:10 - [TEST_STEP][PASSED] - Statement - selectMonth = new com.kms.katalon.core.testobject.TestObject(): null

2018-11-27 17:09:10 - [TEST_STEP][PASSED] - Statement - selectMonth.addProperty("xpath", EQUALS, "//body/div/div/div/select/option[@value='" + CurrentMonth + "']", true): null

2018-11-27 17:09:10 - [TEST_STEP][PASSED] - click: Object: '' is clicked on

2018-11-27 17:09:11 - [MESSAGE][PASSED] - Object: '' is clicked on

2018-11-27 17:09:11 - [TEST_STEP][PASSED] - click: Object: 'Object Repository/Final Object Repo/New Registration - Registration Module Pages/Form 2/DOB Year' is clicked on

2018-11-27 17:09:11 - [MESSAGE][PASSED] - Object: 'Object Repository/Final Object Repo/New Registration - Registration Module Pages/Form 2/DOB Year' is clicked on

2018-11-27 17:09:11 - [TEST_STEP][PASSED] - Statement - Eyearsbf = EighteenYrsBefore: null

2018-11-27 17:09:11 - [TEST_STEP][PASSED] - Statement - selectYear = new com.kms.katalon.core.testobject.TestObject(): null

2018-11-27 17:09:11 - [TEST_STEP][PASSED] - Statement - selectYear.addProperty("xpath", EQUALS, "//div/div/div/select/option[@value='" + Eyearsbf + "']", true): null

2018-11-27 17:09:11 - [TEST_STEP][PASSED] - click: Object: '' is clicked on

2018-11-27 17:09:11 - [MESSAGE][PASSED] - Object: '' is clicked on

2018-11-27 17:09:11 - [TEST_STEP][PASSED] - Statement - UpdatedSelectDate = com.kms.katalon.core.webui.keyword.WebUiBuiltInKeywords.modifyObjectProperty(com.kms.katalon.core.testobject.ObjectRepository.findTestObject(Final Object Repo/New Registration - Registration Module Pages/Form 2/DOB Date), "xpath", "equals", "//body/div/table/tbody/tr/td/a[text()="" + CurrentDate + ""]", true): Modify property of object successfully

2018-11-27 17:09:11 - [MESSAGE][PASSED] - Modify property of object successfully

2018-11-27 17:09:11 - [TEST_STEP][PASSED] - delay: Delayed 3 second(s)

2018-11-27 17:09:14 - [MESSAGE][PASSED] - Delayed 3 second(s)

2018-11-27 17:09:14 - [TEST_STEP][PASSED] - click: Object: 'Object Repository/Final Object Repo/New Registration - Registration Module Pages/Form 2/DOB Date' is clicked on

2018-11-27 17:09:14 - [MESSAGE][PASSED] - Object: 'Object Repository/Final Object Repo/New Registration - Registration Module Pages/Form 2/DOB Date' is clicked on

2018-11-27 17:09:14 - [TEST_STEP][PASSED] - delay: Delayed 2 second(s)

2018-11-27 17:09:16 - [MESSAGE][PASSED] - Delayed 2 second(s)

2018-11-27 17:09:16 - [TEST_STEP][PASSED] - click: Object: 'Object Repository/Final Object Repo/New Registration - Registration Module Pages/Form 2/EmploymentStartDate Pop Up' is clicked on

2018-11-27 17:09:16 - [MESSAGE][PASSED] - Object: 'Object Repository/Final Object Repo/New Registration - Registration Module Pages/Form 2/EmploymentStartDate Pop Up' is clicked on

2018-11-27 17:09:16 - [TEST_STEP][PASSED] - delay: Delayed 2 second(s)

2018-11-27 17:09:18 - [MESSAGE][PASSED] - Delayed 2 second(s)

2018-11-27 17:09:18 - [TEST_STEP][PASSED] - click: Object: 'Object Repository/Final Object Repo/New Registration - Registration Module Pages/Form 2/Socso Employment StartDate Month' is clicked on

2018-11-27 17:09:19 - [MESSAGE][PASSED] - Object: 'Object Repository/Final Object Repo/New Registration - Registration Module Pages/Form 2/Socso Employment StartDate Month' is clicked on

2018-11-27 17:09:19 - [TEST_STEP][PASSED] - delay: Delayed 1 second(s)

2018-11-27 17:09:20 - [MESSAGE][PASSED] - Delayed 1 second(s)

2018-11-27 17:09:20 - [TEST_STEP][PASSED] - click: Object: 'Object Repository/Final Object Repo/New Registration - Registration Module Pages/Form 2/Select Socso Employement Startdate Month' is clicked on

2018-11-27 17:09:20 - [MESSAGE][PASSED] - Object: 'Object Repository/Final Object Repo/New Registration - Registration Module Pages/Form 2/Select Socso Employement Startdate Month' is clicked on

2018-11-27 17:09:20 - [TEST_STEP][PASSED] - delay: Delayed 2 second(s)

2018-11-27 17:09:22 - [MESSAGE][PASSED] - Delayed 2 second(s)

2018-11-27 17:09:22 - [TEST_STEP][PASSED] - click: Object: 'Object Repository/Final Object Repo/New Registration - Registration Module Pages/Form 2/Socso Employment StartDate Year' is clicked on

2018-11-27 17:09:22 - [MESSAGE][PASSED] - Object: 'Object Repository/Final Object Repo/New Registration - Registration Module Pages/Form 2/Socso Employment StartDate Year' is clicked on

2018-11-27 17:09:22 - [TEST_STEP][PASSED] - delay: Delayed 1 second(s)

2018-11-27 17:09:23 - [MESSAGE][PASSED] - Delayed 1 second(s)

2018-11-27 17:09:23 - [TEST_STEP][PASSED] - click: Object: 'Object Repository/Final Object Repo/New Registration - Registration Module Pages/Form 2/Select Socso Employment Startdate Year' is clicked on

2018-11-27 17:09:23 - [MESSAGE][PASSED] - Object: 'Object Repository/Final Object Repo/New Registration - Registration Module Pages/Form 2/Select Socso Employment Startdate Year' is clicked on

2018-11-27 17:09:23 - [TEST_STEP][PASSED] - delay: Delayed 2 second(s)

2018-11-27 17:09:25 - [MESSAGE][PASSED] - Delayed 2 second(s)

2018-11-27 17:09:25 - [TEST_STEP][PASSED] - click: Object: 'Object Repository/Final Object Repo/New Registration - Registration Module Pages/Form 2/Socso Employment Start Date Day' is clicked on

2018-11-27 17:09:25 - [MESSAGE][PASSED] - Object: 'Object Repository/Final Object Repo/New Registration - Registration Module Pages/Form 2/Socso Employment Start Date Day' is clicked on

2018-11-27 17:09:25 - [TEST_STEP][PASSED] - delay: Delayed 2 second(s)

2018-11-27 17:09:27 - [MESSAGE][PASSED] - Delayed 2 second(s)

2018-11-27 17:09:27 - [TEST_STEP][PASSED] - click: Object: 'Object Repository/Final Object Repo/New Registration - Registration Module Pages/Form 2/Save Button for Add Employee' is clicked on

2018-11-27 17:09:27 - [MESSAGE][PASSED] - Object: 'Object Repository/Final Object Repo/New Registration - Registration Module Pages/Form 2/Save Button for Add Employee' is clicked on

2018-11-27 17:09:27 - [TEST_STEP][PASSED] - delay: Delayed 6 second(s)

2018-11-27 17:09:33 - [MESSAGE][PASSED] - Delayed 6 second(s)

2018-11-27 17:09:33 - [TEST_STEP][PASSED] - click: Object: 'Object Repository/Final Object Repo/New Registration - Registration Module Pages/Form 2/Save and Continue Form 2' is clicked on

2018-11-27 17:09:34 - [MESSAGE][PASSED] - Object: 'Object Repository/Final Object Repo/New Registration - Registration Module Pages/Form 2/Save and Continue Form 2' is clicked on

2018-11-27 17:09:34 - [MESSAGE][PASSED] - Call Test Case 'Test Cases/Final Aug 2018 - PKS Automation/Registration Module/New Registration/Form 2/Add 1 Eligible' successfully

2018-11-27 17:09:34 - [TEST_STEP][PASSED] - callTestCase: Call Test Case 'Test Cases/Final Aug 2018 - PKS Automation/Registration Module/New Registration/Flow of New Registration/Third Screen - Upload Supporting Doc - Preview' successfully

2018-11-27 17:09:34 - [TEST_CASE][PASSED] - Test Cases/Final Aug 2018 - PKS Automation/Registration Module/New Registration/Flow of New Registration/Third Screen - Upload Supporting Doc - Preview: Test Cases/Final Aug 2018 - PKS Automation/Registration Module/New Registration/Flow of New Registration/Third Screen - Upload Supporting Doc - Preview

2018-11-27 17:09:34 - [TEST_STEP][PASSED] - waitForPageLoad: Wait for page load successfully

2018-11-27 17:09:35 - [MESSAGE][PASSED] - Wait for page load successfully

2018-11-27 17:09:35 - [TEST_STEP][PASSED] - Statement - CaseReferenceNo = com.kms.katalon.core.webui.keyword.WebUiBuiltInKeywords.getText(com.kms.katalon.core.testobject.ObjectRepository.findTestObject(Final Object Repo/New Registration - Registration Module Pages/Third Screen - Upload Supporting Doc- Preview/RefNo Acquiring)): Text of object 'Object Repository/Final Object Repo/New Registration - Registration Module Pages/Third Screen - Upload Supporting Doc- Preview/RefNo Acquiring' is: 'CRN11201800122876'

2018-11-27 17:09:35 - [MESSAGE][PASSED] - Text of object 'Object Repository/Final Object Repo/New Registration - Registration Module Pages/Third Screen - Upload Supporting Doc- Preview/RefNo Acquiring' is: 'CRN11201800122876'

2018-11-27 17:09:35 - [TEST_STEP][PASSED] - delay: Delayed 2 second(s)

2018-11-27 17:09:37 - [MESSAGE][PASSED] - Delayed 2 second(s)

2018-11-27 17:09:37 - [TEST_STEP][PASSED] - callTestCase: Call Test Case 'Test Cases/Final Aug 2018 - PKS Automation/Common/Reference Number Setter' successfully

2018-11-27 17:09:37 - [TEST_CASE][PASSED] - Test Cases/Final Aug 2018 - PKS Automation/Common/Reference Number Setter: Test Cases/Final Aug 2018 - PKS Automation/Common/Reference Number Setter

2018-11-27 17:09:37 - [TEST_STEP][PASSED] - Statement - RefNoOldFile = new java.io.File(C://Users//Admin//Desktop//PKS//Automation Reference Point//KatalonReference.txt): null

2018-11-27 17:09:37 - [TEST_STEP][PASSED] - Statement - RefNoOldFile.delete(): null

2018-11-27 17:09:37 - [TEST_STEP][PASSED] - delay: Delayed 5 second(s)

2018-11-27 17:09:42 - [MESSAGE][PASSED] - Delayed 5 second(s)

2018-11-27 17:09:42 - [TEST_STEP][PASSED] - Statement - RefNo = new java.io.File(C://Users//Admin//Desktop//PKS//Automation Reference Point//KatalonReference.txt): null

2018-11-27 17:09:42 - [TEST_STEP][PASSED] - Statement - f2 = new java.io.FileWriter(RefNo, false): null

2018-11-27 17:09:42 - [TEST_STEP][PASSED] - Statement - f2.write(CaseReferenceNo): null

2018-11-27 17:09:42 - [TEST_STEP][PASSED] - Statement - f2.close(): null

2018-11-27 17:09:42 - [TEST_STEP][PASSED] - Statement - out.println("


" + CaseReferenceNo + "


"): null

2018-11-27 17:09:42 - [MESSAGE][PASSED] - Call Test Case 'Test Cases/Final Aug 2018 - PKS Automation/Common/Reference Number Setter' successfully

2018-11-27 17:09:42 - [TEST_STEP][PASSED] - waitForElementClickable: Object 'Object Repository/Final Object Repo/New Registration - Registration Module Pages/Third Screen - Upload Supporting Doc- Preview/Save n Continue in SIP Employee Listing Page' is clickable

2018-11-27 17:09:42 - [MESSAGE][PASSED] - Object 'Object Repository/Final Object Repo/New Registration - Registration Module Pages/Third Screen - Upload Supporting Doc- Preview/Save n Continue in SIP Employee Listing Page' is clickable

2018-11-27 17:09:42 - [TEST_STEP][PASSED] - click: Object: 'Object Repository/Final Object Repo/New Registration - Registration Module Pages/Third Screen - Upload Supporting Doc- Preview/Save n Continue in SIP Employee Listing Page' is clicked on

2018-11-27 17:09:47 - [MESSAGE][PASSED] - Object: 'Object Repository/Final Object Repo/New Registration - Registration Module Pages/Third Screen - Upload Supporting Doc- Preview/Save n Continue in SIP Employee Listing Page' is clicked on

2018-11-27 17:09:47 - [TEST_STEP][PASSED] - delay: Delayed 7 second(s)

2018-11-27 17:09:54 - [MESSAGE][PASSED] - Delayed 7 second(s)

2018-11-27 17:09:54 - [TEST_STEP][PASSED] - click: Object: 'Object Repository/Final Object Repo/New Registration - Registration Module Pages/Third Screen - Upload Supporting Doc- Preview/Add Document Button' is clicked on

2018-11-27 17:09:55 - [MESSAGE][PASSED] - Object: 'Object Repository/Final Object Repo/New Registration - Registration Module Pages/Third Screen - Upload Supporting Doc- Preview/Add Document Button' is clicked on

2018-11-27 17:09:55 - [TEST_STEP][PASSED] - delay: Delayed 30 second(s)

2018-11-27 17:10:25 - [MESSAGE][PASSED] - Delayed 30 second(s)

2018-11-27 17:10:25 - [TEST_STEP][PASSED] - click: Object: 'Object Repository/Final Object Repo/New Registration - Registration Module Pages/Third Screen - Upload Supporting Doc- Preview/Supporting Doc Please Select Drop Down' is clicked on

2018-11-27 17:10:25 - [MESSAGE][PASSED] - Object: 'Object Repository/Final Object Repo/New Registration - Registration Module Pages/Third Screen - Upload Supporting Doc- Preview/Supporting Doc Please Select Drop Down' is clicked on

2018-11-27 17:10:25 - [TEST_STEP][PASSED] - delay: Delayed 2 second(s)

2018-11-27 17:10:27 - [MESSAGE][PASSED] - Delayed 2 second(s)

2018-11-27 17:10:27 - [TEST_STEP][PASSED] - click: Object: 'Object Repository/Final Object Repo/New Registration - Registration Module Pages/Third Screen - Upload Supporting Doc- Preview/Select to Upload Form 1' is clicked on

2018-11-27 17:10:27 - [MESSAGE][PASSED] - Object: 'Object Repository/Final Object Repo/New Registration - Registration Module Pages/Third Screen - Upload Supporting Doc- Preview/Select to Upload Form 1' is clicked on

2018-11-27 17:10:27 - [TEST_STEP][PASSED] - delay: Delayed 2 second(s)

2018-11-27 17:10:29 - [MESSAGE][PASSED] - Delayed 2 second(s)

2018-11-27 17:10:29 - [TEST_STEP][PASSED] - uploadFile: File 'C:\Users\Public\Pictures\Sample Pictures\Koala.jpg' sent to object: 'Object Repository/Final Object Repo/New Registration - Registration Module Pages/Third Screen - Upload Supporting Doc- Preview/Upload File Adding'

2018-11-27 17:10:29 - [MESSAGE][PASSED] - File 'C:\Users\Public\Pictures\Sample Pictures\Koala.jpg' sent to object: 'Object Repository/Final Object Repo/New Registration - Registration Module Pages/Third Screen - Upload Supporting Doc- Preview/Upload File Adding'

2018-11-27 17:10:29 - [TEST_STEP][PASSED] - delay: Delayed 5 second(s)

2018-11-27 17:10:34 - [MESSAGE][PASSED] - Delayed 5 second(s)

2018-11-27 17:10:34 - [TEST_STEP][PASSED] - click: Object: 'Object Repository/Final Object Repo/New Registration - Registration Module Pages/Third Screen - Upload Supporting Doc- Preview/Inner Form Add Document Button' is clicked on

2018-11-27 17:10:34 - [MESSAGE][PASSED] - Object: 'Object Repository/Final Object Repo/New Registration - Registration Module Pages/Third Screen - Upload Supporting Doc- Preview/Inner Form Add Document Button' is clicked on

2018-11-27 17:10:34 - [TEST_STEP][PASSED] - delay: Delayed 3 second(s)

2018-11-27 17:10:37 - [MESSAGE][PASSED] - Delayed 3 second(s)

2018-11-27 17:10:37 - [TEST_STEP][PASSED] - click: Object: 'Object Repository/Final Object Repo/New Registration - Registration Module Pages/Third Screen - Upload Supporting Doc- Preview/Add Document Button' is clicked on

2018-11-27 17:10:39 - [MESSAGE][PASSED] - Object: 'Object Repository/Final Object Repo/New Registration - Registration Module Pages/Third Screen - Upload Supporting Doc- Preview/Add Document Button' is clicked on

2018-11-27 17:10:39 - [TEST_STEP][PASSED] - delay: Delayed 30 second(s)

2018-11-27 17:11:09 - [MESSAGE][PASSED] - Delayed 30 second(s)

2018-11-27 17:11:09 - [TEST_STEP][PASSED] - click: Object: 'Object Repository/Final Object Repo/New Registration - Registration Module Pages/Third Screen - Upload Supporting Doc- Preview/Supporting Doc Please Select Drop Down' is clicked on

2018-11-27 17:11:09 - [MESSAGE][PASSED] - Object: 'Object Repository/Final Object Repo/New Registration - Registration Module Pages/Third Screen - Upload Supporting Doc- Preview/Supporting Doc Please Select Drop Down' is clicked on

2018-11-27 17:11:09 - [TEST_STEP][PASSED] - delay: Delayed 2 second(s)

2018-11-27 17:11:11 - [MESSAGE][PASSED] - Delayed 2 second(s)

2018-11-27 17:11:11 - [TEST_STEP][PASSED] - click: Object: 'Object Repository/Final Object Repo/New Registration - Registration Module Pages/Third Screen - Upload Supporting Doc- Preview/Select to Upload Form 2' is clicked on

2018-11-27 17:11:11 - [MESSAGE][PASSED] - Object: 'Object Repository/Final Object Repo/New Registration - Registration Module Pages/Third Screen - Upload Supporting Doc- Preview/Select to Upload Form 2' is clicked on

2018-11-27 17:11:11 - [TEST_STEP][PASSED] - delay: Delayed 2 second(s)

2018-11-27 17:11:13 - [MESSAGE][PASSED] - Delayed 2 second(s)

2018-11-27 17:11:13 - [TEST_STEP][PASSED] - uploadFile: File 'C:\Users\Public\Pictures\Sample Pictures\Koala.jpg' sent to object: 'Object Repository/Final Object Repo/New Registration - Registration Module Pages/Third Screen - Upload Supporting Doc- Preview/Upload File Adding'

2018-11-27 17:11:13 - [MESSAGE][PASSED] - File 'C:\Users\Public\Pictures\Sample Pictures\Koala.jpg' sent to object: 'Object Repository/Final Object Repo/New Registration - Registration Module Pages/Third Screen - Upload Supporting Doc- Preview/Upload File Adding'

2018-11-27 17:11:13 - [TEST_STEP][PASSED] - click: Object: 'Object Repository/Final Object Repo/New Registration - Registration Module Pages/Third Screen - Upload Supporting Doc- Preview/Inner Form Add Document Button' is clicked on

2018-11-27 17:11:13 - [MESSAGE][PASSED] - Object: 'Object Repository/Final Object Repo/New Registration - Registration Module Pages/Third Screen - Upload Supporting Doc- Preview/Inner Form Add Document Button' is clicked on

2018-11-27 17:11:13 - [TEST_STEP][PASSED] - delay: Delayed 5 second(s)

2018-11-27 17:11:18 - [MESSAGE][PASSED] - Delayed 5 second(s)

2018-11-27 17:11:18 - [TEST_STEP][PASSED] - click: Object: 'Object Repository/Final Object Repo/New Registration - Registration Module Pages/Third Screen - Upload Supporting Doc- Preview/Add Document Button' is clicked on

2018-11-27 17:11:18 - [MESSAGE][PASSED] - Object: 'Object Repository/Final Object Repo/New Registration - Registration Module Pages/Third Screen - Upload Supporting Doc- Preview/Add Document Button' is clicked on

2018-11-27 17:11:18 - [TEST_STEP][PASSED] - delay: Delayed 30 second(s)

2018-11-27 17:11:48 - [MESSAGE][PASSED] - Delayed 30 second(s)

2018-11-27 17:11:48 - [TEST_STEP][PASSED] - click: Object: 'Object Repository/Final Object Repo/New Registration - Registration Module Pages/Third Screen - Upload Supporting Doc- Preview/Supporting Doc Please Select Drop Down' is clicked on

2018-11-27 17:11:49 - [MESSAGE][PASSED] - Object: 'Object Repository/Final Object Repo/New Registration - Registration Module Pages/Third Screen - Upload Supporting Doc- Preview/Supporting Doc Please Select Drop Down' is clicked on

2018-11-27 17:11:49 - [TEST_STEP][PASSED] - click: Object: 'Object Repository/Final Object Repo/New Registration - Registration Module Pages/Third Screen - Upload Supporting Doc- Preview/Select to Upload Borang SIP 1' is clicked on

2018-11-27 17:11:49 - [MESSAGE][PASSED] - Object: 'Object Repository/Final Object Repo/New Registration - Registration Module Pages/Third Screen - Upload Supporting Doc- Preview/Select to Upload Borang SIP 1' is clicked on

2018-11-27 17:11:49 - [TEST_STEP][PASSED] - delay: Delayed 2 second(s)

2018-11-27 17:11:51 - [MESSAGE][PASSED] - Delayed 2 second(s)

2018-11-27 17:11:51 - [TEST_STEP][PASSED] - uploadFile: File 'C:\Users\Public\Pictures\Sample Pictures\Koala.jpg' sent to object: 'Object Repository/Final Object Repo/New Registration - Registration Module Pages/Third Screen - Upload Supporting Doc- Preview/Upload File Adding'

2018-11-27 17:11:51 - [MESSAGE][PASSED] - File 'C:\Users\Public\Pictures\Sample Pictures\Koala.jpg' sent to object: 'Object Repository/Final Object Repo/New Registration - Registration Module Pages/Third Screen - Upload Supporting Doc- Preview/Upload File Adding'

2018-11-27 17:11:51 - [TEST_STEP][PASSED] - click: Object: 'Object Repository/Final Object Repo/New Registration - Registration Module Pages/Third Screen - Upload Supporting Doc- Preview/Inner Form Add Document Button' is clicked on

2018-11-27 17:11:51 - [MESSAGE][PASSED] - Object: 'Object Repository/Final Object Repo/New Registration - Registration Module Pages/Third Screen - Upload Supporting Doc- Preview/Inner Form Add Document Button' is clicked on

2018-11-27 17:11:51 - [TEST_STEP][PASSED] - delay: Delayed 5 second(s)

2018-11-27 17:11:56 - [MESSAGE][PASSED] - Delayed 5 second(s)

2018-11-27 17:11:56 - [TEST_STEP][PASSED] - click: Object: 'Object Repository/Final Object Repo/New Registration - Registration Module Pages/Third Screen - Upload Supporting Doc- Preview/Add Document Button' is clicked on

2018-11-27 17:11:56 - [MESSAGE][PASSED] - Object: 'Object Repository/Final Object Repo/New Registration - Registration Module Pages/Third Screen - Upload Supporting Doc- Preview/Add Document Button' is clicked on

2018-11-27 17:11:56 - [TEST_STEP][PASSED] - delay: Delayed 30 second(s)

2018-11-27 17:12:26 - [MESSAGE][PASSED] - Delayed 30 second(s)

2018-11-27 17:12:26 - [TEST_STEP][PASSED] - click: Object: 'Object Repository/Final Object Repo/New Registration - Registration Module Pages/Third Screen - Upload Supporting Doc- Preview/Supporting Doc Please Select Drop Down' is clicked on

2018-11-27 17:12:26 - [MESSAGE][PASSED] - Object: 'Object Repository/Final Object Repo/New Registration - Registration Module Pages/Third Screen - Upload Supporting Doc- Preview/Supporting Doc Please Select Drop Down' is clicked on

2018-11-27 17:12:26 - [TEST_STEP][PASSED] - delay: Delayed 3 second(s)

2018-11-27 17:12:29 - [MESSAGE][PASSED] - Delayed 3 second(s)

2018-11-27 17:12:29 - [TEST_STEP][PASSED] - click: Object: 'Object Repository/Final Object Repo/New Registration - Registration Module Pages/Third Screen - Upload Supporting Doc- Preview/Select to Upload Borang SIP 2' is clicked on

2018-11-27 17:12:30 - [MESSAGE][PASSED] - Object: 'Object Repository/Final Object Repo/New Registration - Registration Module Pages/Third Screen - Upload Supporting Doc- Preview/Select to Upload Borang SIP 2' is clicked on

2018-11-27 17:12:30 - [TEST_STEP][PASSED] - delay: Delayed 2 second(s)

2018-11-27 17:12:32 - [MESSAGE][PASSED] - Delayed 2 second(s)

2018-11-27 17:12:32 - [TEST_STEP][PASSED] - uploadFile: File 'C:\Users\Public\Pictures\Sample Pictures\Koala.jpg' sent to object: 'Object Repository/Final Object Repo/New Registration - Registration Module Pages/Third Screen - Upload Supporting Doc- Preview/Upload File Adding'

2018-11-27 17:12:32 - [MESSAGE][PASSED] - File 'C:\Users\Public\Pictures\Sample Pictures\Koala.jpg' sent to object: 'Object Repository/Final Object Repo/New Registration - Registration Module Pages/Third Screen - Upload Supporting Doc- Preview/Upload File Adding'

2018-11-27 17:12:32 - [TEST_STEP][PASSED] - delay: Delayed 5 second(s)

2018-11-27 17:12:37 - [MESSAGE][PASSED] - Delayed 5 second(s)

2018-11-27 17:12:37 - [TEST_STEP][PASSED] - click: Object: 'Object Repository/Final Object Repo/New Registration - Registration Module Pages/Third Screen - Upload Supporting Doc- Preview/Inner Form Add Document Button' is clicked on

2018-11-27 17:12:37 - [MESSAGE][PASSED] - Object: 'Object Repository/Final Object Repo/New Registration - Registration Module Pages/Third Screen - Upload Supporting Doc- Preview/Inner Form Add Document Button' is clicked on

2018-11-27 17:12:37 - [TEST_STEP][PASSED] - delay: Delayed 3 second(s)

2018-11-27 17:12:40 - [MESSAGE][PASSED] - Delayed 3 second(s)

2018-11-27 17:12:40 - [TEST_STEP][PASSED] - waitForElementClickable: Object 'Object Repository/Final Object Repo/New Registration - Registration Module Pages/Third Screen - Upload Supporting Doc- Preview/Save n Continue in Uploading Supporting Doc Page' is clickable

2018-11-27 17:12:41 - [MESSAGE][PASSED] - Object 'Object Repository/Final Object Repo/New Registration - Registration Module Pages/Third Screen - Upload Supporting Doc- Preview/Save n Continue in Uploading Supporting Doc Page' is clickable

2018-11-27 17:12:41 - [TEST_STEP][PASSED] - click: Object: 'Object Repository/Final Object Repo/New Registration - Registration Module Pages/Third Screen - Upload Supporting Doc- Preview/Save n Continue in Uploading Supporting Doc Page' is clicked on

2018-11-27 17:12:41 - [MESSAGE][PASSED] - Object: 'Object Repository/Final Object Repo/New Registration - Registration Module Pages/Third Screen - Upload Supporting Doc- Preview/Save n Continue in Uploading Supporting Doc Page' is clicked on

2018-11-27 17:12:41 - [MESSAGE][PASSED] - Call Test Case 'Test Cases/Final Aug 2018 - PKS Automation/Registration Module/New Registration/Flow of New Registration/Third Screen - Upload Supporting Doc - Preview' successfully

2018-11-27 17:12:41 - [TEST_STEP][PASSED] - callTestCase: Call Test Case 'Test Cases/Final Aug 2018 - PKS Automation/Registration Module/New Registration/Submit and Screenshot/Submit Registration and Screenshot - Copy' successfully

2018-11-27 17:12:41 - [TEST_CASE][PASSED] - Test Cases/Final Aug 2018 - PKS Automation/Registration Module/New Registration/Submit and Screenshot/Submit Registration and Screenshot - Copy: Test Cases/Final Aug 2018 - PKS Automation/Registration Module/New Registration/Submit and Screenshot/Submit Registration and Screenshot - Copy

2018-11-27 17:12:41 - [TEST_STEP][PASSED] - delay: Delayed 6 second(s)

2018-11-27 17:12:47 - [MESSAGE][PASSED] - Delayed 6 second(s)

2018-11-27 17:12:47 - [TEST_STEP][PASSED] - click: Object: 'Object Repository/Final Object Repo/New Registration - Registration Module Pages/Third Screen - Upload Supporting Doc- Preview/Preview Submit Button' is clicked on

2018-11-27 17:12:47 - [MESSAGE][PASSED] - Object: 'Object Repository/Final Object Repo/New Registration - Registration Module Pages/Third Screen - Upload Supporting Doc- Preview/Preview Submit Button' is clicked on

2018-11-27 17:12:47 - [TEST_STEP][PASSED] - delay: Delayed 2 second(s)

2018-11-27 17:12:49 - [MESSAGE][PASSED] - Delayed 2 second(s)

2018-11-27 17:12:49 - [TEST_STEP][PASSED] - click: Object: 'Object Repository/Final Object Repo/New Registration - Registration Module Pages/Third Screen - Upload Supporting Doc- Preview/Preview Submit - Confirm' is clicked on

2018-11-27 17:12:50 - [MESSAGE][PASSED] - Object: 'Object Repository/Final Object Repo/New Registration - Registration Module Pages/Third Screen - Upload Supporting Doc- Preview/Preview Submit - Confirm' is clicked on

2018-11-27 17:12:50 - [TEST_STEP][PASSED] - delay: Delayed 15 second(s)

2018-11-27 17:13:05 - [MESSAGE][PASSED] - Delayed 15 second(s)

2018-11-27 17:13:05 - [TEST_STEP][PASSED] - Statement - driver = com.kms.katalon.core.webui.driver.DriverFactory.getWebDriver(): null

2018-11-27 17:13:05 - [TEST_STEP][PASSED] - Statement - driver.manage().timeouts().implicitlyWait(10, SECONDS): null

2018-11-27 17:13:05 - [TEST_STEP][PASSED] - Statement - PresavePath = KatalonScreenshots: null

2018-11-27 17:13:05 - [TEST_STEP][PASSED] - Statement - pathPrefix = "C:\Users\Public\Pictures\Sample Pictures\Katalon Screenshots\Automate Ending Screen": null

2018-11-27 17:13:05 - [TEST_STEP][PASSED] - Statement - finalPath = <not implemented yet for class: org.codehaus.groovy.ast.expr.EmptyExpression>: null

2018-11-27 17:13:05 - [TEST_STEP][PASSED] - Statement - scrFile = driver.getScreenshotAs(FILE): null

2018-11-27 17:13:05 - [TEST_STEP][PASSED] - Statement - PreSaveFile = new java.io.File(PresavePath): null

2018-11-27 17:13:05 - [TEST_STEP][PASSED] - Statement - counter = 0: null

2018-11-27 17:13:05 - [TEST_STEP][PASSED] - Statement - If (PreSaveFile.exists()): null

2018-11-27 17:13:05 - [TEST_STEP][PASSED] - Statement - While (PreSaveFile.exists()): null

2018-11-27 17:13:05 - [TEST_STEP][PASSED] - Statement - counter = counter + 1: null

2018-11-27 17:13:05 - [TEST_STEP][PASSED] - Statement - PreSaveFile = new java.io.File(((pathPrefix + java.lang.Integer.toString(counter)) + .png)): null

2018-11-27 17:13:05 - [TEST_STEP][PASSED] - Statement - counter = counter + 1: null

2018-11-27 17:13:05 - [TEST_STEP][PASSED] - Statement - PreSaveFile = new java.io.File(((pathPrefix + java.lang.Integer.toString(counter)) + .png)): null

2018-11-27 17:13:05 - [TEST_STEP][PASSED] - Statement - counter = counter + 1: null

2018-11-27 17:13:05 - [TEST_STEP][PASSED] - Statement - PreSaveFile = new java.io.File(((pathPrefix + java.lang.Integer.toString(counter)) + .png)): null

2018-11-27 17:13:05 - [TEST_STEP][PASSED] - Statement - counter = counter + 1: null

2018-11-27 17:13:05 - [TEST_STEP][PASSED] - Statement - PreSaveFile = new java.io.File(((pathPrefix + java.lang.Integer.toString(counter)) + .png)): null

2018-11-27 17:13:05 - [TEST_STEP][PASSED] - Statement - counter = counter + 1: null

2018-11-27 17:13:05 - [TEST_STEP][PASSED] - Statement - PreSaveFile = new java.io.File(((pathPrefix + java.lang.Integer.toString(counter)) + .png)): null

2018-11-27 17:13:05 - [TEST_STEP][PASSED] - Statement - counter = counter + 1: null

2018-11-27 17:13:05 - [TEST_STEP][PASSED] - Statement - PreSaveFile = new java.io.File(((pathPrefix + java.lang.Integer.toString(counter)) + .png)): null

2018-11-27 17:13:05 - [TEST_STEP][PASSED] - Statement - counter = counter + 1: null

2018-11-27 17:13:05 - [TEST_STEP][PASSED] - Statement - PreSaveFile = new java.io.File(((pathPrefix + java.lang.Integer.toString(counter)) + .png)): null

2018-11-27 17:13:05 - [TEST_STEP][PASSED] - Statement - counter = counter + 1: null

2018-11-27 17:13:05 - [TEST_STEP][PASSED] - Statement - PreSaveFile = new java.io.File(((pathPrefix + java.lang.Integer.toString(counter)) + .png)): null

2018-11-27 17:13:05 - [TEST_STEP][PASSED] - Statement - counter = counter + 1: null

2018-11-27 17:13:05 - [TEST_STEP][PASSED] - Statement - PreSaveFile = new java.io.File(((pathPrefix + java.lang.Integer.toString(counter)) + .png)): null

2018-11-27 17:13:05 - [TEST_STEP][PASSED] - Statement - counter = counter + 1: null

2018-11-27 17:13:05 - [TEST_STEP][PASSED] - Statement - PreSaveFile = new java.io.File(((pathPrefix + java.lang.Integer.toString(counter)) + .png)): null

2018-11-27 17:13:05 - [TEST_STEP][PASSED] - Statement - counter = counter + 1: null

2018-11-27 17:13:05 - [TEST_STEP][PASSED] - Statement - PreSaveFile = new java.io.File(((pathPrefix + java.lang.Integer.toString(counter)) + .png)): null

2018-11-27 17:13:05 - [TEST_STEP][PASSED] - Statement - counter = counter + 1: null

2018-11-27 17:13:05 - [TEST_STEP][PASSED] - Statement - PreSaveFile = new java.io.File(((pathPrefix + java.lang.Integer.toString(counter)) + .png)): null

2018-11-27 17:13:05 - [TEST_STEP][PASSED] - Statement - counter = counter + 1: null

2018-11-27 17:13:05 - [TEST_STEP][PASSED] - Statement - PreSaveFile = new java.io.File(((pathPrefix + java.lang.Integer.toString(counter)) + .png)): null

2018-11-27 17:13:05 - [TEST_STEP][PASSED] - Statement - counter = counter + 1: null

2018-11-27 17:13:05 - [TEST_STEP][PASSED] - Statement - PreSaveFile = new java.io.File(((pathPrefix + java.lang.Integer.toString(counter)) + .png)): null

2018-11-27 17:13:05 - [TEST_STEP][PASSED] - Statement - counter = counter + 1: null

2018-11-27 17:13:05 - [TEST_STEP][PASSED] - Statement - PreSaveFile = new java.io.File(((pathPrefix + java.lang.Integer.toString(counter)) + .png)): null

2018-11-27 17:13:05 - [TEST_STEP][PASSED] - Statement - counter = counter + 1: null

2018-11-27 17:13:05 - [TEST_STEP][PASSED] - Statement - PreSaveFile = new java.io.File(((pathPrefix + java.lang.Integer.toString(counter)) + .png)): null

2018-11-27 17:13:05 - [TEST_STEP][PASSED] - Statement - counter = counter + 1: null

2018-11-27 17:13:05 - [TEST_STEP][PASSED] - Statement - PreSaveFile = new java.io.File(((pathPrefix + java.lang.Integer.toString(counter)) + .png)): null

2018-11-27 17:13:05 - [TEST_STEP][PASSED] - Statement - counter = counter + 1: null

2018-11-27 17:13:05 - [TEST_STEP][PASSED] - Statement - PreSaveFile = new java.io.File(((pathPrefix + java.lang.Integer.toString(counter)) + .png)): null

2018-11-27 17:13:05 - [TEST_STEP][PASSED] - Statement - counter = counter + 1: null

2018-11-27 17:13:05 - [TEST_STEP][PASSED] - Statement - PreSaveFile = new java.io.File(((pathPrefix + java.lang.Integer.toString(counter)) + .png)): null

2018-11-27 17:13:05 - [TEST_STEP][PASSED] - Statement - counter = counter + 1: null

2018-11-27 17:13:05 - [TEST_STEP][PASSED] - Statement - PreSaveFile = new java.io.File(((pathPrefix + java.lang.Integer.toString(counter)) + .png)): null

2018-11-27 17:13:05 - [TEST_STEP][PASSED] - Statement - counter = counter + 1: null

2018-11-27 17:13:05 - [TEST_STEP][PASSED] - Statement - PreSaveFile = new java.io.File(((pathPrefix + java.lang.Integer.toString(counter)) + .png)): null

2018-11-27 17:13:05 - [TEST_STEP][PASSED] - Statement - counter = counter + 1: null

2018-11-27 17:13:05 - [TEST_STEP][PASSED] - Statement - PreSaveFile = new java.io.File(((pathPrefix + java.lang.Integer.toString(counter)) + .png)): null

2018-11-27 17:13:05 - [TEST_STEP][PASSED] - Statement - counter = counter + 1: null

2018-11-27 17:13:05 - [TEST_STEP][PASSED] - Statement - PreSaveFile = new java.io.File(((pathPrefix + java.lang.Integer.toString(counter)) + .png)): null

2018-11-27 17:13:05 - [TEST_STEP][PASSED] - Statement - counter = counter + 1: null

2018-11-27 17:13:05 - [TEST_STEP][PASSED] - Statement - PreSaveFile = new java.io.File(((pathPrefix + java.lang.Integer.toString(counter)) + .png)): null

2018-11-27 17:13:05 - [TEST_STEP][PASSED] - Statement - counter = counter + 1: null

2018-11-27 17:13:05 - [TEST_STEP][PASSED] - Statement - PreSaveFile = new java.io.File(((pathPrefix + java.lang.Integer.toString(counter)) + .png)): null

2018-11-27 17:13:05 - [TEST_STEP][PASSED] - Statement - counter = counter + 1: null

2018-11-27 17:13:05 - [TEST_STEP][PASSED] - Statement - PreSaveFile = new java.io.File(((pathPrefix + java.lang.Integer.toString(counter)) + .png)): null

2018-11-27 17:13:05 - [TEST_STEP][PASSED] - Statement - counter = counter + 1: null

2018-11-27 17:13:05 - [TEST_STEP][PASSED] - Statement - PreSaveFile = new java.io.File(((pathPrefix + java.lang.Integer.toString(counter)) + .png)): null

2018-11-27 17:13:05 - [TEST_STEP][PASSED] - Statement - counter = counter + 1: null

2018-11-27 17:13:05 - [TEST_STEP][PASSED] - Statement - PreSaveFile = new java.io.File(((pathPrefix + java.lang.Integer.toString(counter)) + .png)): null

2018-11-27 17:13:05 - [TEST_STEP][PASSED] - Statement - counter = counter + 1: null

2018-11-27 17:13:05 - [TEST_STEP][PASSED] - Statement - PreSaveFile = new java.io.File(((pathPrefix + java.lang.Integer.toString(counter)) + .png)): null

2018-11-27 17:13:05 - [TEST_STEP][PASSED] - Statement - counter = counter + 1: null

2018-11-27 17:13:05 - [TEST_STEP][PASSED] - Statement - PreSaveFile = new java.io.File(((pathPrefix + java.lang.Integer.toString(counter)) + .png)): null

2018-11-27 17:13:05 - [TEST_STEP][PASSED] - Statement - counter = counter + 1: null

2018-11-27 17:13:05 - [TEST_STEP][PASSED] - Statement - PreSaveFile = new java.io.File(((pathPrefix + java.lang.Integer.toString(counter)) + .png)): null

2018-11-27 17:13:05 - [TEST_STEP][PASSED] - Statement - counter = counter + 1: null

2018-11-27 17:13:05 - [TEST_STEP][PASSED] - Statement - PreSaveFile = new java.io.File(((pathPrefix + java.lang.Integer.toString(counter)) + .png)): null

2018-11-27 17:13:05 - [TEST_STEP][PASSED] - Statement - counter = counter + 1: null

2018-11-27 17:13:05 - [TEST_STEP][PASSED] - Statement - PreSaveFile = new java.io.File(((pathPrefix + java.lang.Integer.toString(counter)) + .png)): null

2018-11-27 17:13:05 - [TEST_STEP][PASSED] - Statement - counter = counter + 1: null

2018-11-27 17:13:05 - [TEST_STEP][PASSED] - Statement - PreSaveFile = new java.io.File(((pathPrefix + java.lang.Integer.toString(counter)) + .png)): null

2018-11-27 17:13:05 - [TEST_STEP][PASSED] - Statement - counter = counter + 1: null

2018-11-27 17:13:05 - [TEST_STEP][PASSED] - Statement - PreSaveFile = new java.io.File(((pathPrefix + java.lang.Integer.toString(counter)) + .png)): null

2018-11-27 17:13:05 - [TEST_STEP][PASSED] - Statement - counter = counter + 1: null

2018-11-27 17:13:05 - [TEST_STEP][PASSED] - Statement - PreSaveFile = new java.io.File(((pathPrefix + java.lang.Integer.toString(counter)) + .png)): null

2018-11-27 17:13:05 - [TEST_STEP][PASSED] - Statement - counter = counter + 1: null

2018-11-27 17:13:05 - [TEST_STEP][PASSED] - Statement - PreSaveFile = new java.io.File(((pathPrefix + java.lang.Integer.toString(counter)) + .png)): null

2018-11-27 17:13:05 - [TEST_STEP][PASSED] - Statement - counter = counter + 1: null

2018-11-27 17:13:05 - [TEST_STEP][PASSED] - Statement - PreSaveFile = new java.io.File(((pathPrefix + java.lang.Integer.toString(counter)) + .png)): null

2018-11-27 17:13:05 - [TEST_STEP][PASSED] - Statement - counter = counter + 1: null

2018-11-27 17:13:05 - [TEST_STEP][PASSED] - Statement - PreSaveFile = new java.io.File(((pathPrefix + java.lang.Integer.toString(counter)) + .png)): null

2018-11-27 17:13:05 - [TEST_STEP][PASSED] - Statement - counter = counter + 1: null

2018-11-27 17:13:05 - [TEST_STEP][PASSED] - Statement - PreSaveFile = new java.io.File(((pathPrefix + java.lang.Integer.toString(counter)) + .png)): null

2018-11-27 17:13:05 - [TEST_STEP][PASSED] - Statement - counter = counter + 1: null

2018-11-27 17:13:05 - [TEST_STEP][PASSED] - Statement - PreSaveFile = new java.io.File(((pathPrefix + java.lang.Integer.toString(counter)) + .png)): null

2018-11-27 17:13:05 - [TEST_STEP][PASSED] - Statement - counter = counter + 1: null

2018-11-27 17:13:05 - [TEST_STEP][PASSED] - Statement - PreSaveFile = new java.io.File(((pathPrefix + java.lang.Integer.toString(counter)) + .png)): null

2018-11-27 17:13:05 - [TEST_STEP][PASSED] - Statement - counter = counter + 1: null

2018-11-27 17:13:05 - [TEST_STEP][PASSED] - Statement - PreSaveFile = new java.io.File(((pathPrefix + java.lang.Integer.toString(counter)) + .png)): null

2018-11-27 17:13:05 - [TEST_STEP][PASSED] - Statement - counter = counter + 1: null

2018-11-27 17:13:05 - [TEST_STEP][PASSED] - Statement - PreSaveFile = new java.io.File(((pathPrefix + java.lang.Integer.toString(counter)) + .png)): null

2018-11-27 17:13:05 - [TEST_STEP][PASSED] - Statement - counter = counter + 1: null

2018-11-27 17:13:05 - [TEST_STEP][PASSED] - Statement - PreSaveFile = new java.io.File(((pathPrefix + java.lang.Integer.toString(counter)) + .png)): null

2018-11-27 17:13:05 - [TEST_STEP][PASSED] - Statement - counter = counter + 1: null

2018-11-27 17:13:05 - [TEST_STEP][PASSED] - Statement - PreSaveFile = new java.io.File(((pathPrefix + java.lang.Integer.toString(counter)) + .png)): null

2018-11-27 17:13:05 - [TEST_STEP][PASSED] - Statement - counter = counter + 1: null

2018-11-27 17:13:05 - [TEST_STEP][PASSED] - Statement - PreSaveFile = new java.io.File(((pathPrefix + java.lang.Integer.toString(counter)) + .png)): null

2018-11-27 17:13:05 - [TEST_STEP][PASSED] - Statement - counter = counter + 1: null

2018-11-27 17:13:05 - [TEST_STEP][PASSED] - Statement - PreSaveFile = new java.io.File(((pathPrefix + java.lang.Integer.toString(counter)) + .png)): null

2018-11-27 17:13:05 - [TEST_STEP][PASSED] - Statement - counter = counter + 1: null

2018-11-27 17:13:05 - [TEST_STEP][PASSED] - Statement - PreSaveFile = new java.io.File(((pathPrefix + java.lang.Integer.toString(counter)) + .png)): null

2018-11-27 17:13:05 - [TEST_STEP][PASSED] - Statement - counter = counter + 1: null

2018-11-27 17:13:05 - [TEST_STEP][PASSED] - Statement - PreSaveFile = new java.io.File(((pathPrefix + java.lang.Integer.toString(counter)) + .png)): null

2018-11-27 17:13:05 - [TEST_STEP][PASSED] - Statement - counter = counter + 1: null

2018-11-27 17:13:05 - [TEST_STEP][PASSED] - Statement - PreSaveFile = new java.io.File(((pathPrefix + java.lang.Integer.toString(counter)) + .png)): null

2018-11-27 17:13:05 - [TEST_STEP][PASSED] - Statement - counter = counter + 1: null

2018-11-27 17:13:05 - [TEST_STEP][PASSED] - Statement - PreSaveFile = new java.io.File(((pathPrefix + java.lang.Integer.toString(counter)) + .png)): null

2018-11-27 17:13:05 - [TEST_STEP][PASSED] - Statement - counter = counter + 1: null

2018-11-27 17:13:05 - [TEST_STEP][PASSED] - Statement - PreSaveFile = new java.io.File(((pathPrefix + java.lang.Integer.toString(counter)) + .png)): null

2018-11-27 17:13:05 - [TEST_STEP][PASSED] - Statement - counter = counter + 1: null

2018-11-27 17:13:05 - [TEST_STEP][PASSED] - Statement - PreSaveFile = new java.io.File(((pathPrefix + java.lang.Integer.toString(counter)) + .png)): null

2018-11-27 17:13:05 - [TEST_STEP][PASSED] - Statement - counter = counter + 1: null

2018-11-27 17:13:05 - [TEST_STEP][PASSED] - Statement - PreSaveFile = new java.io.File(((pathPrefix + java.lang.Integer.toString(counter)) + .png)): null

2018-11-27 17:13:05 - [TEST_STEP][PASSED] - Statement - counter = counter + 1: null

2018-11-27 17:13:05 - [TEST_STEP][PASSED] - Statement - PreSaveFile = new java.io.File(((pathPrefix + java.lang.Integer.toString(counter)) + .png)): null

2018-11-27 17:13:05 - [TEST_STEP][PASSED] - Statement - counter = counter + 1: null

2018-11-27 17:13:05 - [TEST_STEP][PASSED] - Statement - PreSaveFile = new java.io.File(((pathPrefix + java.lang.Integer.toString(counter)) + .png)): null

2018-11-27 17:13:05 - [TEST_STEP][PASSED] - Statement - counter = counter + 1: null

2018-11-27 17:13:05 - [TEST_STEP][PASSED] - Statement - PreSaveFile = new java.io.File(((pathPrefix + java.lang.Integer.toString(counter)) + .png)): null

2018-11-27 17:13:05 - [TEST_STEP][PASSED] - Statement - counter = counter + 1: null

2018-11-27 17:13:05 - [TEST_STEP][PASSED] - Statement - PreSaveFile = new java.io.File(((pathPrefix + java.lang.Integer.toString(counter)) + .png)): null

2018-11-27 17:13:05 - [TEST_STEP][PASSED] - Statement - counter = counter + 1: null

2018-11-27 17:13:05 - [TEST_STEP][PASSED] - Statement - PreSaveFile = new java.io.File(((pathPrefix + java.lang.Integer.toString(counter)) + .png)): null

2018-11-27 17:13:05 - [TEST_STEP][PASSED] - Statement - counter = counter + 1: null

2018-11-27 17:13:05 - [TEST_STEP][PASSED] - Statement - PreSaveFile = new java.io.File(((pathPrefix + java.lang.Integer.toString(counter)) + .png)): null

2018-11-27 17:13:05 - [TEST_STEP][PASSED] - Statement - counter = counter + 1: null

2018-11-27 17:13:05 - [TEST_STEP][PASSED] - Statement - PreSaveFile = new java.io.File(((pathPrefix + java.lang.Integer.toString(counter)) + .png)): null

2018-11-27 17:13:05 - [TEST_STEP][PASSED] - Statement - counter = counter + 1: null

2018-11-27 17:13:05 - [TEST_STEP][PASSED] - Statement - PreSaveFile = new java.io.File(((pathPrefix + java.lang.Integer.toString(counter)) + .png)): null

2018-11-27 17:13:05 - [TEST_STEP][PASSED] - Statement - counter = counter + 1: null

2018-11-27 17:13:05 - [TEST_STEP][PASSED] - Statement - PreSaveFile = new java.io.File(((pathPrefix + java.lang.Integer.toString(counter)) + .png)): null

2018-11-27 17:13:05 - [TEST_STEP][PASSED] - Statement - counter = counter + 1: null

2018-11-27 17:13:05 - [TEST_STEP][PASSED] - Statement - PreSaveFile = new java.io.File(((pathPrefix + java.lang.Integer.toString(counter)) + .png)): null

2018-11-27 17:13:05 - [TEST_STEP][PASSED] - Statement - counter = counter + 1: null

2018-11-27 17:13:05 - [TEST_STEP][PASSED] - Statement - PreSaveFile = new java.io.File(((pathPrefix + java.lang.Integer.toString(counter)) + .png)): null

2018-11-27 17:13:05 - [TEST_STEP][PASSED] - Statement - counter = counter + 1: null

2018-11-27 17:13:05 - [TEST_STEP][PASSED] - Statement - PreSaveFile = new java.io.File(((pathPrefix + java.lang.Integer.toString(counter)) + .png)): null

2018-11-27 17:13:05 - [TEST_STEP][PASSED] - Statement - counter = counter + 1: null

2018-11-27 17:13:05 - [TEST_STEP][PASSED] - Statement - PreSaveFile = new java.io.File(((pathPrefix + java.lang.Integer.toString(counter)) + .png)): null

2018-11-27 17:13:05 - [TEST_STEP][PASSED] - Statement - counter = counter + 1: null

2018-11-27 17:13:05 - [TEST_STEP][PASSED] - Statement - PreSaveFile = new java.io.File(((pathPrefix + java.lang.Integer.toString(counter)) + .png)): null

2018-11-27 17:13:05 - [TEST_STEP][PASSED] - Statement - counter = counter + 1: null

2018-11-27 17:13:05 - [TEST_STEP][PASSED] - Statement - PreSaveFile = new java.io.File(((pathPrefix + java.lang.Integer.toString(counter)) + .png)): null

2018-11-27 17:13:05 - [TEST_STEP][PASSED] - Statement - counter = counter + 1: null

2018-11-27 17:13:05 - [TEST_STEP][PASSED] - Statement - PreSaveFile = new java.io.File(((pathPrefix + java.lang.Integer.toString(counter)) + .png)): null

2018-11-27 17:13:05 - [TEST_STEP][PASSED] - Statement - counter = counter + 1: null

2018-11-27 17:13:05 - [TEST_STEP][PASSED] - Statement - PreSaveFile = new java.io.File(((pathPrefix + java.lang.Integer.toString(counter)) + .png)): null

2018-11-27 17:13:05 - [TEST_STEP][PASSED] - Statement - counter = counter + 1: null

2018-11-27 17:13:05 - [TEST_STEP][PASSED] - Statement - PreSaveFile = new java.io.File(((pathPrefix + java.lang.Integer.toString(counter)) + .png)): null

2018-11-27 17:13:05 - [TEST_STEP][PASSED] - Statement - counter = counter + 1: null

2018-11-27 17:13:05 - [TEST_STEP][PASSED] - Statement - PreSaveFile = new java.io.File(((pathPrefix + java.lang.Integer.toString(counter)) + .png)): null

2018-11-27 17:13:05 - [TEST_STEP][PASSED] - Statement - counter = counter + 1: null

2018-11-27 17:13:05 - [TEST_STEP][PASSED] - Statement - PreSaveFile = new java.io.File(((pathPrefix + java.lang.Integer.toString(counter)) + .png)): null

2018-11-27 17:13:05 - [TEST_STEP][PASSED] - Statement - counter = counter + 1: null

2018-11-27 17:13:06 - [TEST_STEP][PASSED] - Statement - PreSaveFile = new java.io.File(((pathPrefix + java.lang.Integer.toString(counter)) + .png)): null

2018-11-27 17:13:06 - [TEST_STEP][PASSED] - Statement - counter = counter + 1: null

2018-11-27 17:13:06 - [TEST_STEP][PASSED] - Statement - PreSaveFile = new java.io.File(((pathPrefix + java.lang.Integer.toString(counter)) + .png)): null

2018-11-27 17:13:06 - [TEST_STEP][PASSED] - Statement - counter = counter + 1: null

2018-11-27 17:13:06 - [TEST_STEP][PASSED] - Statement - PreSaveFile = new java.io.File(((pathPrefix + java.lang.Integer.toString(counter)) + .png)): null

2018-11-27 17:13:06 - [TEST_STEP][PASSED] - Statement - counter = counter + 1: null

2018-11-27 17:13:06 - [TEST_STEP][PASSED] - Statement - PreSaveFile = new java.io.File(((pathPrefix + java.lang.Integer.toString(counter)) + .png)): null

2018-11-27 17:13:06 - [TEST_STEP][PASSED] - Statement - counter = counter + 1: null

2018-11-27 17:13:06 - [TEST_STEP][PASSED] - Statement - PreSaveFile = new java.io.File(((pathPrefix + java.lang.Integer.toString(counter)) + .png)): null

2018-11-27 17:13:06 - [TEST_STEP][PASSED] - Statement - counter = counter + 1: null

2018-11-27 17:13:06 - [TEST_STEP][PASSED] - Statement - PreSaveFile = new java.io.File(((pathPrefix + java.lang.Integer.toString(counter)) + .png)): null

2018-11-27 17:13:06 - [TEST_STEP][PASSED] - Statement - counter = counter + 1: null

2018-11-27 17:13:06 - [TEST_STEP][PASSED] - Statement - PreSaveFile = new java.io.File(((pathPrefix + java.lang.Integer.toString(counter)) + .png)): null

2018-11-27 17:13:06 - [TEST_STEP][PASSED] - Statement - counter = counter + 1: null

2018-11-27 17:13:06 - [TEST_STEP][PASSED] - Statement - PreSaveFile = new java.io.File(((pathPrefix + java.lang.Integer.toString(counter)) + .png)): null

2018-11-27 17:13:06 - [TEST_STEP][PASSED] - Statement - counter = counter + 1: null

2018-11-27 17:13:06 - [TEST_STEP][PASSED] - Statement - PreSaveFile = new java.io.File(((pathPrefix + java.lang.Integer.toString(counter)) + .png)): null

2018-11-27 17:13:06 - [TEST_STEP][PASSED] - Statement - counter = counter + 1: null

2018-11-27 17:13:06 - [TEST_STEP][PASSED] - Statement - PreSaveFile = new java.io.File(((pathPrefix + java.lang.Integer.toString(counter)) + .png)): null

2018-11-27 17:13:06 - [TEST_STEP][PASSED] - Statement - counter = counter + 1: null

2018-11-27 17:13:06 - [TEST_STEP][PASSED] - Statement - PreSaveFile = new java.io.File(((pathPrefix + java.lang.Integer.toString(counter)) + .png)): null

2018-11-27 17:13:06 - [TEST_STEP][PASSED] - Statement - counter = counter + 1: null

2018-11-27 17:13:06 - [TEST_STEP][PASSED] - Statement - PreSaveFile = new java.io.File(((pathPrefix + java.lang.Integer.toString(counter)) + .png)): null

2018-11-27 17:13:06 - [TEST_STEP][PASSED] - Statement - counter = counter + 1: null

2018-11-27 17:13:06 - [TEST_STEP][PASSED] - Statement - PreSaveFile = new java.io.File(((pathPrefix + java.lang.Integer.toString(counter)) + .png)): null

2018-11-27 17:13:06 - [TEST_STEP][PASSED] - Statement - counter = counter + 1: null

2018-11-27 17:13:06 - [TEST_STEP][PASSED] - Statement - PreSaveFile = new java.io.File(((pathPrefix + java.lang.Integer.toString(counter)) + .png)): null

2018-11-27 17:13:06 - [TEST_STEP][PASSED] - Statement - counter = counter + 1: null

2018-11-27 17:13:06 - [TEST_STEP][PASSED] - Statement - PreSaveFile = new java.io.File(((pathPrefix + java.lang.Integer.toString(counter)) + .png)): null

2018-11-27 17:13:06 - [TEST_STEP][PASSED] - Statement - counter = counter + 1: null

2018-11-27 17:13:06 - [TEST_STEP][PASSED] - Statement - PreSaveFile = new java.io.File(((pathPrefix + java.lang.Integer.toString(counter)) + .png)): null

2018-11-27 17:13:06 - [TEST_STEP][PASSED] - Statement - counter = counter + 1: null

2018-11-27 17:13:06 - [TEST_STEP][PASSED] - Statement - PreSaveFile = new java.io.File(((pathPrefix + java.lang.Integer.toString(counter)) + .png)): null

2018-11-27 17:13:06 - [TEST_STEP][PASSED] - Statement - counter = counter + 1: null

2018-11-27 17:13:06 - [TEST_STEP][PASSED] - Statement - PreSaveFile = new java.io.File(((pathPrefix + java.lang.Integer.toString(counter)) + .png)): null

2018-11-27 17:13:06 - [TEST_STEP][PASSED] - Statement - counter = counter + 1: null

2018-11-27 17:13:06 - [TEST_STEP][PASSED] - Statement - PreSaveFile = new java.io.File(((pathPrefix + java.lang.Integer.toString(counter)) + .png)): null

2018-11-27 17:13:06 - [TEST_STEP][PASSED] - Statement - counter = counter + 1: null

2018-11-27 17:13:06 - [TEST_STEP][PASSED] - Statement - PreSaveFile = new java.io.File(((pathPrefix + java.lang.Integer.toString(counter)) + .png)): null

2018-11-27 17:13:06 - [TEST_STEP][PASSED] - Statement - counter = counter + 1: null

2018-11-27 17:13:06 - [TEST_STEP][PASSED] - Statement - PreSaveFile = new java.io.File(((pathPrefix + java.lang.Integer.toString(counter)) + .png)): null

2018-11-27 17:13:06 - [TEST_STEP][PASSED] - Statement - counter = counter + 1: null

2018-11-27 17:13:06 - [TEST_STEP][PASSED] - Statement - PreSaveFile = new java.io.File(((pathPrefix + java.lang.Integer.toString(counter)) + .png)): null

2018-11-27 17:13:06 - [TEST_STEP][PASSED] - Statement - counter = counter + 1: null

2018-11-27 17:13:06 - [TEST_STEP][PASSED] - Statement - PreSaveFile = new java.io.File(((pathPrefix + java.lang.Integer.toString(counter)) + .png)): null

2018-11-27 17:13:06 - [TEST_STEP][PASSED] - Statement - counter = counter + 1: null

2018-11-27 17:13:06 - [TEST_STEP][PASSED] - Statement - PreSaveFile = new java.io.File(((pathPrefix + java.lang.Integer.toString(counter)) + .png)): null

2018-11-27 17:13:06 - [TEST_STEP][PASSED] - Statement - counter = counter + 1: null

2018-11-27 17:13:06 - [TEST_STEP][PASSED] - Statement - PreSaveFile = new java.io.File(((pathPrefix + java.lang.Integer.toString(counter)) + .png)): null

2018-11-27 17:13:06 - [TEST_STEP][PASSED] - Statement - counter = counter + 1: null

2018-11-27 17:13:06 - [TEST_STEP][PASSED] - Statement - PreSaveFile = new java.io.File(((pathPrefix + java.lang.Integer.toString(counter)) + .png)): null

2018-11-27 17:13:06 - [TEST_STEP][PASSED] - Statement - counter = counter + 1: null

2018-11-27 17:13:06 - [TEST_STEP][PASSED] - Statement - PreSaveFile = new java.io.File(((pathPrefix + java.lang.Integer.toString(counter)) + .png)): null

2018-11-27 17:13:06 - [TEST_STEP][PASSED] - Statement - counter = counter + 1: null

2018-11-27 17:13:06 - [TEST_STEP][PASSED] - Statement - PreSaveFile = new java.io.File(((pathPrefix + java.lang.Integer.toString(counter)) + .png)): null

2018-11-27 17:13:06 - [TEST_STEP][PASSED] - Statement - counter = counter + 1: null

2018-11-27 17:13:06 - [TEST_STEP][PASSED] - Statement - PreSaveFile = new java.io.File(((pathPrefix + java.lang.Integer.toString(counter)) + .png)): null

2018-11-27 17:13:06 - [TEST_STEP][PASSED] - Statement - counter = counter + 1: null

2018-11-27 17:13:06 - [TEST_STEP][PASSED] - Statement - PreSaveFile = new java.io.File(((pathPrefix + java.lang.Integer.toString(counter)) + .png)): null

2018-11-27 17:13:06 - [TEST_STEP][PASSED] - Statement - counter = counter + 1: null

2018-11-27 17:13:06 - [TEST_STEP][PASSED] - Statement - PreSaveFile = new java.io.File(((pathPrefix + java.lang.Integer.toString(counter)) + .png)): null

2018-11-27 17:13:06 - [TEST_STEP][PASSED] - Statement - counter = counter + 1: null

2018-11-27 17:13:06 - [TEST_STEP][PASSED] - Statement - PreSaveFile = new java.io.File(((pathPrefix + java.lang.Integer.toString(counter)) + .png)): null

2018-11-27 17:13:06 - [TEST_STEP][PASSED] - Statement - counter = counter + 1: null

2018-11-27 17:13:06 - [TEST_STEP][PASSED] - Statement - PreSaveFile = new java.io.File(((pathPrefix + java.lang.Integer.toString(counter)) + .png)): null

2018-11-27 17:13:06 - [TEST_STEP][PASSED] - Statement - counter = counter + 1: null

2018-11-27 17:13:06 - [TEST_STEP][PASSED] - Statement - PreSaveFile = new java.io.File(((pathPrefix + java.lang.Integer.toString(counter)) + .png)): null

2018-11-27 17:13:06 - [TEST_STEP][PASSED] - Statement - counter = counter + 1: null

2018-11-27 17:13:06 - [TEST_STEP][PASSED] - Statement - PreSaveFile = new java.io.File(((pathPrefix + java.lang.Integer.toString(counter)) + .png)): null

2018-11-27 17:13:06 - [TEST_STEP][PASSED] - Statement - counter = counter + 1: null

2018-11-27 17:13:06 - [TEST_STEP][PASSED] - Statement - PreSaveFile = new java.io.File(((pathPrefix + java.lang.Integer.toString(counter)) + .png)): null

2018-11-27 17:13:06 - [TEST_STEP][PASSED] - Statement - counter = counter + 1: null

2018-11-27 17:13:06 - [TEST_STEP][PASSED] - Statement - PreSaveFile = new java.io.File(((pathPrefix + java.lang.Integer.toString(counter)) + .png)): null

2018-11-27 17:13:06 - [TEST_STEP][PASSED] - Statement - counter = counter + 1: null

2018-11-27 17:13:06 - [TEST_STEP][PASSED] - Statement - PreSaveFile = new java.io.File(((pathPrefix + java.lang.Integer.toString(counter)) + .png)): null

2018-11-27 17:13:06 - [TEST_STEP][PASSED] - Statement - counter = counter + 1: null

2018-11-27 17:13:06 - [TEST_STEP][PASSED] - Statement - PreSaveFile = new java.io.File(((pathPrefix + java.lang.Integer.toString(counter)) + .png)): null

2018-11-27 17:13:06 - [TEST_STEP][PASSED] - Statement - counter = counter + 1: null

2018-11-27 17:13:06 - [TEST_STEP][PASSED] - Statement - PreSaveFile = new java.io.File(((pathPrefix + java.lang.Integer.toString(counter)) + .png)): null

2018-11-27 17:13:06 - [TEST_STEP][PASSED] - Statement - counter = counter + 1: null

2018-11-27 17:13:06 - [TEST_STEP][PASSED] - Statement - PreSaveFile = new java.io.File(((pathPrefix + java.lang.Integer.toString(counter)) + .png)): null

2018-11-27 17:13:06 - [TEST_STEP][PASSED] - Statement - counter = counter + 1: null

2018-11-27 17:13:06 - [TEST_STEP][PASSED] - Statement - PreSaveFile = new java.io.File(((pathPrefix + java.lang.Integer.toString(counter)) + .png)): null

2018-11-27 17:13:06 - [TEST_STEP][PASSED] - Statement - counter = counter + 1: null

2018-11-27 17:13:06 - [TEST_STEP][PASSED] - Statement - PreSaveFile = new java.io.File(((pathPrefix + java.lang.Integer.toString(counter)) + .png)): null

2018-11-27 17:13:06 - [TEST_STEP][PASSED] - Statement - counter = counter + 1: null

2018-11-27 17:13:06 - [TEST_STEP][PASSED] - Statement - PreSaveFile = new java.io.File(((pathPrefix + java.lang.Integer.toString(counter)) + .png)): null

2018-11-27 17:13:06 - [TEST_STEP][PASSED] - Statement - counter = counter + 1: null

2018-11-27 17:13:06 - [TEST_STEP][PASSED] - Statement - PreSaveFile = new java.io.File(((pathPrefix + java.lang.Integer.toString(counter)) + .png)): null

2018-11-27 17:13:06 - [TEST_STEP][PASSED] - Statement - counter = counter + 1: null

2018-11-27 17:13:06 - [TEST_STEP][PASSED] - Statement - PreSaveFile = new java.io.File(((pathPrefix + java.lang.Integer.toString(counter)) + .png)): null

2018-11-27 17:13:06 - [TEST_STEP][PASSED] - Statement - counter = counter + 1: null

2018-11-27 17:13:06 - [TEST_STEP][PASSED] - Statement - PreSaveFile = new java.io.File(((pathPrefix + java.lang.Integer.toString(counter)) + .png)): null

2018-11-27 17:13:06 - [TEST_STEP][PASSED] - Statement - counter = counter + 1: null

2018-11-27 17:13:06 - [TEST_STEP][PASSED] - Statement - PreSaveFile = new java.io.File(((pathPrefix + java.lang.Integer.toString(counter)) + .png)): null

2018-11-27 17:13:06 - [TEST_STEP][PASSED] - Statement - counter = counter + 1: null

2018-11-27 17:13:06 - [TEST_STEP][PASSED] - Statement - PreSaveFile = new java.io.File(((pathPrefix + java.lang.Integer.toString(counter)) + .png)): null

2018-11-27 17:13:06 - [TEST_STEP][PASSED] - Statement - counter = counter + 1: null

2018-11-27 17:13:06 - [TEST_STEP][PASSED] - Statement - PreSaveFile = new java.io.File(((pathPrefix + java.lang.Integer.toString(counter)) + .png)): null

2018-11-27 17:13:06 - [TEST_STEP][PASSED] - Statement - counter = counter + 1: null

2018-11-27 17:13:06 - [TEST_STEP][PASSED] - Statement - PreSaveFile = new java.io.File(((pathPrefix + java.lang.Integer.toString(counter)) + .png)): null

2018-11-27 17:13:06 - [TEST_STEP][PASSED] - Statement - counter = counter + 1: null

2018-11-27 17:13:06 - [TEST_STEP][PASSED] - Statement - PreSaveFile = new java.io.File(((pathPrefix + java.lang.Integer.toString(counter)) + .png)): null

2018-11-27 17:13:06 - [TEST_STEP][PASSED] - Statement - counter = counter + 1: null

2018-11-27 17:13:06 - [TEST_STEP][PASSED] - Statement - PreSaveFile = new java.io.File(((pathPrefix + java.lang.Integer.toString(counter)) + .png)): null

2018-11-27 17:13:06 - [TEST_STEP][PASSED] - Statement - counter = counter + 1: null

2018-11-27 17:13:06 - [TEST_STEP][PASSED] - Statement - PreSaveFile = new java.io.File(((pathPrefix + java.lang.Integer.toString(counter)) + .png)): null

2018-11-27 17:13:06 - [TEST_STEP][PASSED] - Statement - counter = counter + 1: null

2018-11-27 17:13:06 - [TEST_STEP][PASSED] - Statement - PreSaveFile = new java.io.File(((pathPrefix + java.lang.Integer.toString(counter)) + .png)): null

2018-11-27 17:13:06 - [TEST_STEP][PASSED] - Statement - counter = counter + 1: null

2018-11-27 17:13:06 - [TEST_STEP][PASSED] - Statement - PreSaveFile = new java.io.File(((pathPrefix + java.lang.Integer.toString(counter)) + .png)): null

2018-11-27 17:13:06 - [TEST_STEP][PASSED] - Statement - counter = counter + 1: null

2018-11-27 17:13:06 - [TEST_STEP][PASSED] - Statement - PreSaveFile = new java.io.File(((pathPrefix + java.lang.Integer.toString(counter)) + .png)): null

2018-11-27 17:13:06 - [TEST_STEP][PASSED] - Statement - counter = counter + 1: null

2018-11-27 17:13:06 - [TEST_STEP][PASSED] - Statement - PreSaveFile = new java.io.File(((pathPrefix + java.lang.Integer.toString(counter)) + .png)): null

2018-11-27 17:13:06 - [TEST_STEP][PASSED] - Statement - counter = counter + 1: null

2018-11-27 17:13:06 - [TEST_STEP][PASSED] - Statement - PreSaveFile = new java.io.File(((pathPrefix + java.lang.Integer.toString(counter)) + .png)): null

2018-11-27 17:13:06 - [TEST_STEP][PASSED] - Statement - counter = counter + 1: null

2018-11-27 17:13:06 - [TEST_STEP][PASSED] - Statement - PreSaveFile = new java.io.File(((pathPrefix + java.lang.Integer.toString(counter)) + .png)): null

2018-11-27 17:13:06 - [TEST_STEP][PASSED] - Statement - counter = counter + 1: null

2018-11-27 17:13:06 - [TEST_STEP][PASSED] - Statement - PreSaveFile = new java.io.File(((pathPrefix + java.lang.Integer.toString(counter)) + .png)): null

2018-11-27 17:13:06 - [TEST_STEP][PASSED] - Statement - counter = counter + 1: null

2018-11-27 17:13:06 - [TEST_STEP][PASSED] - Statement - PreSaveFile = new java.io.File(((pathPrefix + java.lang.Integer.toString(counter)) + .png)): null

2018-11-27 17:13:06 - [TEST_STEP][PASSED] - Statement - counter = counter + 1: null

2018-11-27 17:13:06 - [TEST_STEP][PASSED] - Statement - PreSaveFile = new java.io.File(((pathPrefix + java.lang.Integer.toString(counter)) + .png)): null

2018-11-27 17:13:06 - [TEST_STEP][PASSED] - Statement - counter = counter + 1: null

2018-11-27 17:13:06 - [TEST_STEP][PASSED] - Statement - PreSaveFile = new java.io.File(((pathPrefix + java.lang.Integer.toString(counter)) + .png)): null

2018-11-27 17:13:06 - [TEST_STEP][PASSED] - Statement - counter = counter + 1: null

2018-11-27 17:13:06 - [TEST_STEP][PASSED] - Statement - PreSaveFile = new java.io.File(((pathPrefix + java.lang.Integer.toString(counter)) + .png)): null

2018-11-27 17:13:06 - [TEST_STEP][PASSED] - Statement - counter = counter + 1: null

2018-11-27 17:13:06 - [TEST_STEP][PASSED] - Statement - PreSaveFile = new java.io.File(((pathPrefix + java.lang.Integer.toString(counter)) + .png)): null

2018-11-27 17:13:06 - [TEST_STEP][PASSED] - Statement - counter = counter + 1: null

2018-11-27 17:13:06 - [TEST_STEP][PASSED] - Statement - PreSaveFile = new java.io.File(((pathPrefix + java.lang.Integer.toString(counter)) + .png)): null

2018-11-27 17:13:06 - [TEST_STEP][PASSED] - Statement - counter = counter + 1: null

2018-11-27 17:13:06 - [TEST_STEP][PASSED] - Statement - PreSaveFile = new java.io.File(((pathPrefix + java.lang.Integer.toString(counter)) + .png)): null

2018-11-27 17:13:06 - [TEST_STEP][PASSED] - Statement - counter = counter + 1: null

2018-11-27 17:13:06 - [TEST_STEP][PASSED] - Statement - PreSaveFile = new java.io.File(((pathPrefix + java.lang.Integer.toString(counter)) + .png)): null

2018-11-27 17:13:06 - [TEST_STEP][PASSED] - Statement - counter = counter + 1: null

2018-11-27 17:13:06 - [TEST_STEP][PASSED] - Statement - PreSaveFile = new java.io.File(((pathPrefix + java.lang.Integer.toString(counter)) + .png)): null

2018-11-27 17:13:06 - [TEST_STEP][PASSED] - Statement - counter = counter + 1: null

2018-11-27 17:13:06 - [TEST_STEP][PASSED] - Statement - PreSaveFile = new java.io.File(((pathPrefix + java.lang.Integer.toString(counter)) + .png)): null

2018-11-27 17:13:06 - [TEST_STEP][PASSED] - Statement - counter = counter + 1: null

2018-11-27 17:13:06 - [TEST_STEP][PASSED] - Statement - PreSaveFile = new java.io.File(((pathPrefix + java.lang.Integer.toString(counter)) + .png)): null

2018-11-27 17:13:06 - [TEST_STEP][PASSED] - Statement - counter = counter + 1: null

2018-11-27 17:13:06 - [TEST_STEP][PASSED] - Statement - PreSaveFile = new java.io.File(((pathPrefix + java.lang.Integer.toString(counter)) + .png)): null

2018-11-27 17:13:06 - [TEST_STEP][PASSED] - Statement - counter = counter + 1: null

2018-11-27 17:13:06 - [TEST_STEP][PASSED] - Statement - PreSaveFile = new java.io.File(((pathPrefix + java.lang.Integer.toString(counter)) + .png)): null

2018-11-27 17:13:06 - [TEST_STEP][PASSED] - Statement - counter = counter + 1: null

2018-11-27 17:13:06 - [TEST_STEP][PASSED] - Statement - PreSaveFile = new java.io.File(((pathPrefix + java.lang.Integer.toString(counter)) + .png)): null

2018-11-27 17:13:06 - [TEST_STEP][PASSED] - Statement - counter = counter + 1: null

2018-11-27 17:13:06 - [TEST_STEP][PASSED] - Statement - PreSaveFile = new java.io.File(((pathPrefix + java.lang.Integer.toString(counter)) + .png)): null

2018-11-27 17:13:06 - [TEST_STEP][PASSED] - Statement - counter = counter + 1: null

2018-11-27 17:13:06 - [TEST_STEP][PASSED] - Statement - PreSaveFile = new java.io.File(((pathPrefix + java.lang.Integer.toString(counter)) + .png)): null

2018-11-27 17:13:06 - [TEST_STEP][PASSED] - Statement - counter = counter + 1: null

2018-11-27 17:13:06 - [TEST_STEP][PASSED] - Statement - PreSaveFile = new java.io.File(((pathPrefix + java.lang.Integer.toString(counter)) + .png)): null

2018-11-27 17:13:06 - [TEST_STEP][PASSED] - Statement - counter = counter + 1: null

2018-11-27 17:13:06 - [TEST_STEP][PASSED] - Statement - PreSaveFile = new java.io.File(((pathPrefix + java.lang.Integer.toString(counter)) + .png)): null

2018-11-27 17:13:06 - [TEST_STEP][PASSED] - Statement - counter = counter + 1: null

2018-11-27 17:13:06 - [TEST_STEP][PASSED] - Statement - PreSaveFile = new java.io.File(((pathPrefix + java.lang.Integer.toString(counter)) + .png)): null

2018-11-27 17:13:06 - [TEST_STEP][PASSED] - Statement - counter = counter + 1: null

2018-11-27 17:13:06 - [TEST_STEP][PASSED] - Statement - PreSaveFile = new java.io.File(((pathPrefix + java.lang.Integer.toString(counter)) + .png)): null

2018-11-27 17:13:06 - [TEST_STEP][PASSED] - Statement - counter = counter + 1: null

2018-11-27 17:13:06 - [TEST_STEP][PASSED] - Statement - PreSaveFile = new java.io.File(((pathPrefix + java.lang.Integer.toString(counter)) + .png)): null

2018-11-27 17:13:06 - [TEST_STEP][PASSED] - Statement - counter = counter + 1: null

2018-11-27 17:13:06 - [TEST_STEP][PASSED] - Statement - PreSaveFile = new java.io.File(((pathPrefix + java.lang.Integer.toString(counter)) + .png)): null

2018-11-27 17:13:06 - [TEST_STEP][PASSED] - Statement - counter = counter + 1: null

2018-11-27 17:13:06 - [TEST_STEP][PASSED] - Statement - PreSaveFile = new java.io.File(((pathPrefix + java.lang.Integer.toString(counter)) + .png)): null

2018-11-27 17:13:06 - [TEST_STEP][PASSED] - Statement - counter = counter + 1: null

2018-11-27 17:13:06 - [TEST_STEP][PASSED] - Statement - PreSaveFile = new java.io.File(((pathPrefix + java.lang.Integer.toString(counter)) + .png)): null

2018-11-27 17:13:06 - [TEST_STEP][PASSED] - Statement - counter = counter + 1: null

2018-11-27 17:13:06 - [TEST_STEP][PASSED] - Statement - PreSaveFile = new java.io.File(((pathPrefix + java.lang.Integer.toString(counter)) + .png)): null

2018-11-27 17:13:06 - [TEST_STEP][PASSED] - Statement - counter = counter + 1: null

2018-11-27 17:13:06 - [TEST_STEP][PASSED] - Statement - PreSaveFile = new java.io.File(((pathPrefix + java.lang.Integer.toString(counter)) + .png)): null

2018-11-27 17:13:06 - [TEST_STEP][PASSED] - Statement - counter = counter + 1: null

2018-11-27 17:13:06 - [TEST_STEP][PASSED] - Statement - PreSaveFile = new java.io.File(((pathPrefix + java.lang.Integer.toString(counter)) + .png)): null

2018-11-27 17:13:06 - [TEST_STEP][PASSED] - Statement - counter = counter + 1: null

2018-11-27 17:13:06 - [TEST_STEP][PASSED] - Statement - PreSaveFile = new java.io.File(((pathPrefix + java.lang.Integer.toString(counter)) + .png)): null

2018-11-27 17:13:06 - [TEST_STEP][PASSED] - Statement - counter = counter + 1: null

2018-11-27 17:13:06 - [TEST_STEP][PASSED] - Statement - PreSaveFile = new java.io.File(((pathPrefix + java.lang.Integer.toString(counter)) + .png)): null

2018-11-27 17:13:06 - [TEST_STEP][PASSED] - Statement - counter = counter + 1: null

2018-11-27 17:13:06 - [TEST_STEP][PASSED] - Statement - PreSaveFile = new java.io.File(((pathPrefix + java.lang.Integer.toString(counter)) + .png)): null

2018-11-27 17:13:06 - [TEST_STEP][PASSED] - Statement - counter = counter + 1: null

2018-11-27 17:13:06 - [TEST_STEP][PASSED] - Statement - PreSaveFile = new java.io.File(((pathPrefix + java.lang.Integer.toString(counter)) + .png)): null

2018-11-27 17:13:06 - [TEST_STEP][PASSED] - Statement - counter = counter + 1: null

2018-11-27 17:13:06 - [TEST_STEP][PASSED] - Statement - PreSaveFile = new java.io.File(((pathPrefix + java.lang.Integer.toString(counter)) + .png)): null

2018-11-27 17:13:06 - [TEST_STEP][PASSED] - Statement - counter = counter + 1: null

2018-11-27 17:13:06 - [TEST_STEP][PASSED] - Statement - PreSaveFile = new java.io.File(((pathPrefix + java.lang.Integer.toString(counter)) + .png)): null

2018-11-27 17:13:06 - [TEST_STEP][PASSED] - Statement - counter = counter + 1: null

2018-11-27 17:13:06 - [TEST_STEP][PASSED] - Statement - PreSaveFile = new java.io.File(((pathPrefix + java.lang.Integer.toString(counter)) + .png)): null

2018-11-27 17:13:06 - [TEST_STEP][PASSED] - Statement - counter = counter + 1: null

2018-11-27 17:13:06 - [TEST_STEP][PASSED] - Statement - PreSaveFile = new java.io.File(((pathPrefix + java.lang.Integer.toString(counter)) + .png)): null

2018-11-27 17:13:06 - [TEST_STEP][PASSED] - Statement - counter = counter + 1: null

2018-11-27 17:13:06 - [TEST_STEP][PASSED] - Statement - PreSaveFile = new java.io.File(((pathPrefix + java.lang.Integer.toString(counter)) + .png)): null

2018-11-27 17:13:06 - [TEST_STEP][PASSED] - Statement - counter = counter + 1: null

2018-11-27 17:13:06 - [TEST_STEP][PASSED] - Statement - PreSaveFile = new java.io.File(((pathPrefix + java.lang.Integer.toString(counter)) + .png)): null

2018-11-27 17:13:06 - [TEST_STEP][PASSED] - Statement - counter = counter + 1: null

2018-11-27 17:13:06 - [TEST_STEP][PASSED] - Statement - PreSaveFile = new java.io.File(((pathPrefix + java.lang.Integer.toString(counter)) + .png)): null

2018-11-27 17:13:06 - [TEST_STEP][PASSED] - Statement - counter = counter + 1: null

2018-11-27 17:13:06 - [TEST_STEP][PASSED] - Statement - PreSaveFile = new java.io.File(((pathPrefix + java.lang.Integer.toString(counter)) + .png)): null

2018-11-27 17:13:06 - [TEST_STEP][PASSED] - Statement - counter = counter + 1: null

2018-11-27 17:13:06 - [TEST_STEP][PASSED] - Statement - PreSaveFile = new java.io.File(((pathPrefix + java.lang.Integer.toString(counter)) + .png)): null

2018-11-27 17:13:06 - [TEST_STEP][PASSED] - Statement - counter = counter + 1: null

2018-11-27 17:13:06 - [TEST_STEP][PASSED] - Statement - PreSaveFile = new java.io.File(((pathPrefix + java.lang.Integer.toString(counter)) + .png)): null

2018-11-27 17:13:06 - [TEST_STEP][PASSED] - Statement - counter = counter + 1: null

2018-11-27 17:13:06 - [TEST_STEP][PASSED] - Statement - PreSaveFile = new java.io.File(((pathPrefix + java.lang.Integer.toString(counter)) + .png)): null

2018-11-27 17:13:06 - [TEST_STEP][PASSED] - Statement - counter = counter + 1: null

2018-11-27 17:13:06 - [TEST_STEP][PASSED] - Statement - PreSaveFile = new java.io.File(((pathPrefix + java.lang.Integer.toString(counter)) + .png)): null

2018-11-27 17:13:06 - [TEST_STEP][PASSED] - Statement - counter = counter + 1: null

2018-11-27 17:13:06 - [TEST_STEP][PASSED] - Statement - PreSaveFile = new java.io.File(((pathPrefix + java.lang.Integer.toString(counter)) + .png)): null

2018-11-27 17:13:06 - [TEST_STEP][PASSED] - Statement - counter = counter + 1: null

2018-11-27 17:13:06 - [TEST_STEP][PASSED] - Statement - PreSaveFile = new java.io.File(((pathPrefix + java.lang.Integer.toString(counter)) + .png)): null

2018-11-27 17:13:06 - [TEST_STEP][PASSED] - Statement - counter = counter + 1: null

2018-11-27 17:13:06 - [TEST_STEP][PASSED] - Statement - PreSaveFile = new java.io.File(((pathPrefix + java.lang.Integer.toString(counter)) + .png)): null

2018-11-27 17:13:06 - [TEST_STEP][PASSED] - Statement - counter = counter + 1: null

2018-11-27 17:13:06 - [TEST_STEP][PASSED] - Statement - PreSaveFile = new java.io.File(((pathPrefix + java.lang.Integer.toString(counter)) + .png)): null

2018-11-27 17:13:06 - [TEST_STEP][PASSED] - Statement - counter = counter + 1: null

2018-11-27 17:13:06 - [TEST_STEP][PASSED] - Statement - PreSaveFile = new java.io.File(((pathPrefix + java.lang.Integer.toString(counter)) + .png)): null

2018-11-27 17:13:06 - [TEST_STEP][PASSED] - Statement - counter = counter + 1: null

2018-11-27 17:13:06 - [TEST_STEP][PASSED] - Statement - PreSaveFile = new java.io.File(((pathPrefix + java.lang.Integer.toString(counter)) + .png)): null

2018-11-27 17:13:06 - [TEST_STEP][PASSED] - Statement - counter = counter + 1: null

2018-11-27 17:13:06 - [TEST_STEP][PASSED] - Statement - PreSaveFile = new java.io.File(((pathPrefix + java.lang.Integer.toString(counter)) + .png)): null

2018-11-27 17:13:06 - [TEST_STEP][PASSED] - Statement - counter = counter + 1: null

2018-11-27 17:13:06 - [TEST_STEP][PASSED] - Statement - PreSaveFile = new java.io.File(((pathPrefix + java.lang.Integer.toString(counter)) + .png)): null

2018-11-27 17:13:06 - [TEST_STEP][PASSED] - Statement - counter = counter + 1: null

2018-11-27 17:13:06 - [TEST_STEP][PASSED] - Statement - PreSaveFile = new java.io.File(((pathPrefix + java.lang.Integer.toString(counter)) + .png)): null

2018-11-27 17:13:06 - [TEST_STEP][PASSED] - Statement - counter = counter + 1: null

2018-11-27 17:13:06 - [TEST_STEP][PASSED] - Statement - PreSaveFile = new java.io.File(((pathPrefix + java.lang.Integer.toString(counter)) + .png)): null

2018-11-27 17:13:06 - [TEST_STEP][PASSED] - Statement - counter = counter + 1: null

2018-11-27 17:13:06 - [TEST_STEP][PASSED] - Statement - PreSaveFile = new java.io.File(((pathPrefix + java.lang.Integer.toString(counter)) + .png)): null

2018-11-27 17:13:06 - [TEST_STEP][PASSED] - Statement - counter = counter + 1: null

2018-11-27 17:13:06 - [TEST_STEP][PASSED] - Statement - PreSaveFile = new java.io.File(((pathPrefix + java.lang.Integer.toString(counter)) + .png)): null

2018-11-27 17:13:06 - [TEST_STEP][PASSED] - Statement - counter = counter + 1: null

2018-11-27 17:13:06 - [TEST_STEP][PASSED] - Statement - PreSaveFile = new java.io.File(((pathPrefix + java.lang.Integer.toString(counter)) + .png)): null

2018-11-27 17:13:06 - [TEST_STEP][PASSED] - Statement - counter = counter + 1: null

2018-11-27 17:13:06 - [TEST_STEP][PASSED] - Statement - PreSaveFile = new java.io.File(((pathPrefix + java.lang.Integer.toString(counter)) + .png)): null

2018-11-27 17:13:06 - [TEST_STEP][PASSED] - Statement - counter = counter + 1: null

2018-11-27 17:13:06 - [TEST_STEP][PASSED] - Statement - PreSaveFile = new java.io.File(((pathPrefix + java.lang.Integer.toString(counter)) + .png)): null

2018-11-27 17:13:06 - [TEST_STEP][PASSED] - Statement - counter = counter + 1: null

2018-11-27 17:13:06 - [TEST_STEP][PASSED] - Statement - PreSaveFile = new java.io.File(((pathPrefix + java.lang.Integer.toString(counter)) + .png)): null

2018-11-27 17:13:06 - [TEST_STEP][PASSED] - Statement - counter = counter + 1: null

2018-11-27 17:13:06 - [TEST_STEP][PASSED] - Statement - PreSaveFile = new java.io.File(((pathPrefix + java.lang.Integer.toString(counter)) + .png)): null

2018-11-27 17:13:06 - [TEST_STEP][PASSED] - Statement - counter = counter + 1: null

2018-11-27 17:13:06 - [TEST_STEP][PASSED] - Statement - PreSaveFile = new java.io.File(((pathPrefix + java.lang.Integer.toString(counter)) + .png)): null

2018-11-27 17:13:06 - [TEST_STEP][PASSED] - Statement - counter = counter + 1: null

2018-11-27 17:13:06 - [TEST_STEP][PASSED] - Statement - PreSaveFile = new java.io.File(((pathPrefix + java.lang.Integer.toString(counter)) + .png)): null

2018-11-27 17:13:06 - [TEST_STEP][PASSED] - Statement - counter = counter + 1: null

2018-11-27 17:13:06 - [TEST_STEP][PASSED] - Statement - PreSaveFile = new java.io.File(((pathPrefix + java.lang.Integer.toString(counter)) + .png)): null

2018-11-27 17:13:06 - [TEST_STEP][PASSED] - Statement - counter = counter + 1: null

2018-11-27 17:13:06 - [TEST_STEP][PASSED] - Statement - PreSaveFile = new java.io.File(((pathPrefix + java.lang.Integer.toString(counter)) + .png)): null

2018-11-27 17:13:06 - [TEST_STEP][PASSED] - Statement - counter = counter + 1: null

2018-11-27 17:13:06 - [TEST_STEP][PASSED] - Statement - PreSaveFile = new java.io.File(((pathPrefix + java.lang.Integer.toString(counter)) + .png)): null

2018-11-27 17:13:06 - [TEST_STEP][PASSED] - Statement - counter = counter + 1: null

2018-11-27 17:13:06 - [TEST_STEP][PASSED] - Statement - PreSaveFile = new java.io.File(((pathPrefix + java.lang.Integer.toString(counter)) + .png)): null

2018-11-27 17:13:06 - [TEST_STEP][PASSED] - Statement - counter = counter + 1: null

2018-11-27 17:13:06 - [TEST_STEP][PASSED] - Statement - PreSaveFile = new java.io.File(((pathPrefix + java.lang.Integer.toString(counter)) + .png)): null

2018-11-27 17:13:06 - [TEST_STEP][PASSED] - Statement - counter = counter + 1: null

2018-11-27 17:13:06 - [TEST_STEP][PASSED] - Statement - PreSaveFile = new java.io.File(((pathPrefix + java.lang.Integer.toString(counter)) + .png)): null

2018-11-27 17:13:06 - [TEST_STEP][PASSED] - Statement - counter = counter + 1: null

2018-11-27 17:13:06 - [TEST_STEP][PASSED] - Statement - PreSaveFile = new java.io.File(((pathPrefix + java.lang.Integer.toString(counter)) + .png)): null

2018-11-27 17:13:06 - [TEST_STEP][PASSED] - Statement - counter = counter + 1: null

2018-11-27 17:13:06 - [TEST_STEP][PASSED] - Statement - PreSaveFile = new java.io.File(((pathPrefix + java.lang.Integer.toString(counter)) + .png)): null

2018-11-27 17:13:06 - [TEST_STEP][PASSED] - Statement - counter = counter + 1: null

2018-11-27 17:13:06 - [TEST_STEP][PASSED] - Statement - PreSaveFile = new java.io.File(((pathPrefix + java.lang.Integer.toString(counter)) + .png)): null

2018-11-27 17:13:06 - [TEST_STEP][PASSED] - Statement - counter = counter + 1: null

2018-11-27 17:13:06 - [TEST_STEP][PASSED] - Statement - PreSaveFile = new java.io.File(((pathPrefix + java.lang.Integer.toString(counter)) + .png)): null

2018-11-27 17:13:06 - [TEST_STEP][PASSED] - Statement - counter = counter + 1: null

2018-11-27 17:13:06 - [TEST_STEP][PASSED] - Statement - PreSaveFile = new java.io.File(((pathPrefix + java.lang.Integer.toString(counter)) + .png)): null

2018-11-27 17:13:06 - [TEST_STEP][PASSED] - Statement - counter = counter + 1: null

2018-11-27 17:13:06 - [TEST_STEP][PASSED] - Statement - PreSaveFile = new java.io.File(((pathPrefix + java.lang.Integer.toString(counter)) + .png)): null

2018-11-27 17:13:06 - [TEST_STEP][PASSED] - Statement - counter = counter + 1: null

2018-11-27 17:13:06 - [TEST_STEP][PASSED] - Statement - PreSaveFile = new java.io.File(((pathPrefix + java.lang.Integer.toString(counter)) + .png)): null

2018-11-27 17:13:06 - [TEST_STEP][PASSED] - Statement - counter = counter + 1: null

2018-11-27 17:13:06 - [TEST_STEP][PASSED] - Statement - PreSaveFile = new java.io.File(((pathPrefix + java.lang.Integer.toString(counter)) + .png)): null

2018-11-27 17:13:06 - [TEST_STEP][PASSED] - Statement - counter = counter + 1: null

2018-11-27 17:13:06 - [TEST_STEP][PASSED] - Statement - PreSaveFile = new java.io.File(((pathPrefix + java.lang.Integer.toString(counter)) + .png)): null

2018-11-27 17:13:06 - [TEST_STEP][PASSED] - Statement - counter = counter + 1: null

2018-11-27 17:13:06 - [TEST_STEP][PASSED] - Statement - PreSaveFile = new java.io.File(((pathPrefix + java.lang.Integer.toString(counter)) + .png)): null

2018-11-27 17:13:06 - [TEST_STEP][PASSED] - Statement - counter = counter + 1: null

2018-11-27 17:13:06 - [TEST_STEP][PASSED] - Statement - PreSaveFile = new java.io.File(((pathPrefix + java.lang.Integer.toString(counter)) + .png)): null

2018-11-27 17:13:06 - [TEST_STEP][PASSED] - Statement - counter = counter + 1: null

2018-11-27 17:13:06 - [TEST_STEP][PASSED] - Statement - PreSaveFile = new java.io.File(((pathPrefix + java.lang.Integer.toString(counter)) + .png)): null

2018-11-27 17:13:06 - [TEST_STEP][PASSED] - Statement - counter = counter + 1: null

2018-11-27 17:13:06 - [TEST_STEP][PASSED] - Statement - PreSaveFile = new java.io.File(((pathPrefix + java.lang.Integer.toString(counter)) + .png)): null

2018-11-27 17:13:06 - [TEST_STEP][PASSED] - Statement - counter = counter + 1: null

2018-11-27 17:13:06 - [TEST_STEP][PASSED] - Statement - PreSaveFile = new java.io.File(((pathPrefix + java.lang.Integer.toString(counter)) + .png)): null

2018-11-27 17:13:06 - [TEST_STEP][PASSED] - Statement - counter = counter + 1: null

2018-11-27 17:13:06 - [TEST_STEP][PASSED] - Statement - PreSaveFile = new java.io.File(((pathPrefix + java.lang.Integer.toString(counter)) + .png)): null

2018-11-27 17:13:06 - [TEST_STEP][PASSED] - Statement - counter = counter + 1: null

2018-11-27 17:13:06 - [TEST_STEP][PASSED] - Statement - PreSaveFile = new java.io.File(((pathPrefix + java.lang.Integer.toString(counter)) + .png)): null

2018-11-27 17:13:06 - [TEST_STEP][PASSED] - Statement - counter = counter + 1: null

2018-11-27 17:13:06 - [TEST_STEP][PASSED] - Statement - PreSaveFile = new java.io.File(((pathPrefix + java.lang.Integer.toString(counter)) + .png)): null

2018-11-27 17:13:06 - [TEST_STEP][PASSED] - Statement - counter = counter + 1: null

2018-11-27 17:13:06 - [TEST_STEP][PASSED] - Statement - PreSaveFile = new java.io.File(((pathPrefix + java.lang.Integer.toString(counter)) + .png)): null

2018-11-27 17:13:06 - [TEST_STEP][PASSED] - Statement - counter = counter + 1: null

2018-11-27 17:13:06 - [TEST_STEP][PASSED] - Statement - PreSaveFile = new java.io.File(((pathPrefix + java.lang.Integer.toString(counter)) + .png)): null

2018-11-27 17:13:06 - [TEST_STEP][PASSED] - Statement - counter = counter + 1: null

2018-11-27 17:13:06 - [TEST_STEP][PASSED] - Statement - PreSaveFile = new java.io.File(((pathPrefix + java.lang.Integer.toString(counter)) + .png)): null

2018-11-27 17:13:06 - [TEST_STEP][PASSED] - Statement - counter = counter + 1: null

2018-11-27 17:13:06 - [TEST_STEP][PASSED] - Statement - PreSaveFile = new java.io.File(((pathPrefix + java.lang.Integer.toString(counter)) + .png)): null

2018-11-27 17:13:06 - [TEST_STEP][PASSED] - Statement - counter = counter + 1: null

2018-11-27 17:13:06 - [TEST_STEP][PASSED] - Statement - PreSaveFile = new java.io.File(((pathPrefix + java.lang.Integer.toString(counter)) + .png)): null

2018-11-27 17:13:06 - [TEST_STEP][PASSED] - Statement - counter = counter + 1: null

2018-11-27 17:13:06 - [TEST_STEP][PASSED] - Statement - PreSaveFile = new java.io.File(((pathPrefix + java.lang.Integer.toString(counter)) + .png)): null

2018-11-27 17:13:06 - [TEST_STEP][PASSED] - Statement - counter = counter + 1: null

2018-11-27 17:13:06 - [TEST_STEP][PASSED] - Statement - PreSaveFile = new java.io.File(((pathPrefix + java.lang.Integer.toString(counter)) + .png)): null

2018-11-27 17:13:06 - [TEST_STEP][PASSED] - Statement - counter = counter + 1: null

2018-11-27 17:13:06 - [TEST_STEP][PASSED] - Statement - PreSaveFile = new java.io.File(((pathPrefix + java.lang.Integer.toString(counter)) + .png)): null

2018-11-27 17:13:06 - [TEST_STEP][PASSED] - Statement - counter = counter + 1: null

2018-11-27 17:13:06 - [TEST_STEP][PASSED] - Statement - PreSaveFile = new java.io.File(((pathPrefix + java.lang.Integer.toString(counter)) + .png)): null

2018-11-27 17:13:06 - [TEST_STEP][PASSED] - Statement - counter = counter + 1: null

2018-11-27 17:13:06 - [TEST_STEP][PASSED] - Statement - PreSaveFile = new java.io.File(((pathPrefix + java.lang.Integer.toString(counter)) + .png)): null

2018-11-27 17:13:06 - [TEST_STEP][PASSED] - Statement - counter = counter + 1: null

2018-11-27 17:13:06 - [TEST_STEP][PASSED] - Statement - PreSaveFile = new java.io.File(((pathPrefix + java.lang.Integer.toString(counter)) + .png)): null

2018-11-27 17:13:06 - [TEST_STEP][PASSED] - Statement - counter = counter + 1: null

2018-11-27 17:13:06 - [TEST_STEP][PASSED] - Statement - PreSaveFile = new java.io.File(((pathPrefix + java.lang.Integer.toString(counter)) + .png)): null

2018-11-27 17:13:06 - [TEST_STEP][PASSED] - Statement - counter = counter + 1: null

2018-11-27 17:13:06 - [TEST_STEP][PASSED] - Statement - PreSaveFile = new java.io.File(((pathPrefix + java.lang.Integer.toString(counter)) + .png)): null

2018-11-27 17:13:06 - [TEST_STEP][PASSED] - Statement - counter = counter + 1: null

2018-11-27 17:13:06 - [TEST_STEP][PASSED] - Statement - PreSaveFile = new java.io.File(((pathPrefix + java.lang.Integer.toString(counter)) + .png)): null

2018-11-27 17:13:06 - [TEST_STEP][PASSED] - Statement - counter = counter + 1: null

2018-11-27 17:13:06 - [TEST_STEP][PASSED] - Statement - PreSaveFile = new java.io.File(((pathPrefix + java.lang.Integer.toString(counter)) + .png)): null

2018-11-27 17:13:06 - [TEST_STEP][PASSED] - Statement - counter = counter + 1: null

2018-11-27 17:13:06 - [TEST_STEP][PASSED] - Statement - PreSaveFile = new java.io.File(((pathPrefix + java.lang.Integer.toString(counter)) + .png)): null

2018-11-27 17:13:06 - [TEST_STEP][PASSED] - Statement - counter = counter + 1: null

2018-11-27 17:13:06 - [TEST_STEP][PASSED] - Statement - PreSaveFile = new java.io.File(((pathPrefix + java.lang.Integer.toString(counter)) + .png)): null

2018-11-27 17:13:06 - [TEST_STEP][PASSED] - Statement - counter = counter + 1: null

2018-11-27 17:13:06 - [TEST_STEP][PASSED] - Statement - PreSaveFile = new java.io.File(((pathPrefix + java.lang.Integer.toString(counter)) + .png)): null

2018-11-27 17:13:06 - [TEST_STEP][PASSED] - Statement - counter = counter + 1: null

2018-11-27 17:13:06 - [TEST_STEP][PASSED] - Statement - PreSaveFile = new java.io.File(((pathPrefix + java.lang.Integer.toString(counter)) + .png)): null

2018-11-27 17:13:06 - [TEST_STEP][PASSED] - Statement - counter = counter + 1: null

2018-11-27 17:13:06 - [TEST_STEP][PASSED] - Statement - PreSaveFile = new java.io.File(((pathPrefix + java.lang.Integer.toString(counter)) + .png)): null

2018-11-27 17:13:06 - [TEST_STEP][PASSED] - Statement - counter = counter + 1: null

2018-11-27 17:13:06 - [TEST_STEP][PASSED] - Statement - PreSaveFile = new java.io.File(((pathPrefix + java.lang.Integer.toString(counter)) + .png)): null

2018-11-27 17:13:06 - [TEST_STEP][PASSED] - Statement - counter = counter + 1: null

2018-11-27 17:13:06 - [TEST_STEP][PASSED] - Statement - PreSaveFile = new java.io.File(((pathPrefix + java.lang.Integer.toString(counter)) + .png)): null

2018-11-27 17:13:06 - [TEST_STEP][PASSED] - Statement - counter = counter + 1: null

2018-11-27 17:13:06 - [TEST_STEP][PASSED] - Statement - PreSaveFile = new java.io.File(((pathPrefix + java.lang.Integer.toString(counter)) + .png)): null

2018-11-27 17:13:06 - [TEST_STEP][PASSED] - Statement - counter = counter + 1: null

2018-11-27 17:13:06 - [TEST_STEP][PASSED] - Statement - PreSaveFile = new java.io.File(((pathPrefix + java.lang.Integer.toString(counter)) + .png)): null

2018-11-27 17:13:06 - [TEST_STEP][PASSED] - Statement - counter = counter + 1: null

2018-11-27 17:13:06 - [TEST_STEP][PASSED] - Statement - PreSaveFile = new java.io.File(((pathPrefix + java.lang.Integer.toString(counter)) + .png)): null

2018-11-27 17:13:06 - [TEST_STEP][PASSED] - Statement - counter = counter + 1: null

2018-11-27 17:13:06 - [TEST_STEP][PASSED] - Statement - PreSaveFile = new java.io.File(((pathPrefix + java.lang.Integer.toString(counter)) + .png)): null

2018-11-27 17:13:06 - [TEST_STEP][PASSED] - Statement - finalPath = pathPrefix + java.lang.Integer.toString(counter) + ".png": null

2018-11-27 17:13:06 - [TEST_STEP][PASSED] - Statement - SaveFile = new java.io.File(finalPath): null

2018-11-27 17:13:06 - [TEST_STEP][PASSED] - Statement - Try: null

2018-11-27 17:13:06 - [TEST_STEP][PASSED] - Statement - org.apache.commons.io.FileUtils.copyFile(scrFile, SaveFile): null

2018-11-27 17:13:06 - [TEST_STEP][PASSED] - Statement - out.println("file kept"): null

2018-11-27 17:13:06 - [TEST_STEP][PASSED] - delay: Delayed 10 second(s)

2018-11-27 17:13:16 - [MESSAGE][PASSED] - Delayed 10 second(s)

2018-11-27 17:13:16 - [MESSAGE][PASSED] - Call Test Case 'Test Cases/Final Aug 2018 - PKS Automation/Registration Module/New Registration/Submit and Screenshot/Submit Registration and Screenshot - Copy' successfully

2018-11-27 17:13:16 - [TEST_STEP][PASSED] - Statement - UpdateAddNewECode = com.kms.katalon.core.webui.keyword.WebUiBuiltInKeywords.getText(com.kms.katalon.core.testobject.ObjectRepository.findTestObject(Object Repository/Final Object Repo/Page_Update Add New Employee - ASSIST/getEmpCode)): Text of object 'Object Repository/Final Object Repo/Page_Update Add New Employee - ASSIST/getEmpCode' is: 'E1102070510X'

2018-11-27 17:13:16 - [MESSAGE][PASSED] - Text of object 'Object Repository/Final Object Repo/Page_Update Add New Employee - ASSIST/getEmpCode' is: 'E1102070510X'

2018-11-27 17:13:16 - [TEST_STEP][PASSED] - callTestCase: Call Test Case 'Test Cases/Final Aug 2018 - PKS Automation/Common/Emp Code Setter' successfully

2018-11-27 17:13:16 - [TEST_CASE][PASSED] - Test Cases/Final Aug 2018 - PKS Automation/Common/Emp Code Setter: Test Cases/Final Aug 2018 - PKS Automation/Common/Emp Code Setter

2018-11-27 17:13:16 - [TEST_STEP][PASSED] - Statement - EmpCodeOld = new java.io.File(C://Users//Admin//Desktop//PKS//Automation Reference Point//EmpCode.txt): null

2018-11-27 17:13:16 - [TEST_STEP][PASSED] - Statement - EmpCodeOld.delete(): null

2018-11-27 17:13:16 - [TEST_STEP][PASSED] - Statement - EmpCode = new java.io.File(C://Users//Admin//Desktop//PKS//Automation Reference Point//EmpCode.txt): null

2018-11-27 17:13:16 - [TEST_STEP][PASSED] - Statement - EmpCode.append(UpdateAddNewECode): null

2018-11-27 17:13:16 - [TEST_STEP][PASSED] - Statement - out.println("


" + UpdateAddNewECode + "


"): null

2018-11-27 17:13:16 - [MESSAGE][PASSED] - Call Test Case 'Test Cases/Final Aug 2018 - PKS Automation/Common/Emp Code Setter' successfully

2018-11-27 17:13:16 - [MESSAGE][PASSED] - Call Test Case 'Test Cases/Final Aug 2018 - PKS Automation/Registration Module/Workflow/Update Add New Employee/Template/New Company for Update Add New' successfully

2018-11-27 17:13:16 - [TEST_STEP][PASSED] - callTestCase: Call Test Case 'Test Cases/Final Aug 2018 - PKS Automation/Registration Module/Log Out/log out avoiding katalon tagging' successfully

2018-11-27 17:13:16 - [TEST_CASE][PASSED] - Test Cases/Final Aug 2018 - PKS Automation/Registration Module/Log Out/log out avoiding katalon tagging: Test Cases/Final Aug 2018 - PKS Automation/Registration Module/Log Out/log out avoiding katalon tagging

2018-11-27 17:13:16 - [TEST_STEP][PASSED] - navigateToUrl: Navigate to 'https://assist2-uat.perkeso.gov.my/c/portal/logout' successfully

2018-11-27 17:13:17 - [MESSAGE][PASSED] - Navigate to 'https://assist2-uat.perkeso.gov.my/c/portal/logout' successfully

2018-11-27 17:13:17 - [MESSAGE][PASSED] - Call Test Case 'Test Cases/Final Aug 2018 - PKS Automation/Registration Module/Log Out/log out avoiding katalon tagging' successfully

2018-11-27 17:13:17 - [TEST_STEP][PASSED] - callTestCase: Call Test Case 'Test Cases/Final Aug 2018 - PKS Automation/Registration Module/New Registration/Form 2/Date Updater' successfully

2018-11-27 17:13:17 - [TEST_CASE][PASSED] - Test Cases/Final Aug 2018 - PKS Automation/Registration Module/New Registration/Form 2/Date Updater: Test Cases/Final Aug 2018 - PKS Automation/Registration Module/New Registration/Form 2/Date Updater

2018-11-27 17:13:17 - [TEST_STEP][PASSED] - Statement - TodayDate = new java.util.Date(): null

2018-11-27 17:13:17 - [TEST_STEP][PASSED] - Statement - CurrentDateNoFilter = new java.text.SimpleDateFormat(): null

2018-11-27 17:13:17 - [TEST_STEP][PASSED] - Statement - CurrentDateNoFilter.applyPattern("dd"): null

2018-11-27 17:13:17 - [TEST_STEP][PASSED] - Statement - CurrentDate = CurrentDateNoFilter.format(TodayDate): null

2018-11-27 17:13:17 - [TEST_STEP][PASSED] - Statement - CurrentDate = java.lang.Integer.parseInt(CurrentDate): null

2018-11-27 17:13:17 - [TEST_STEP][PASSED] - Statement - CurrentDate = CurrentDate: null

2018-11-27 17:13:17 - [TEST_STEP][PASSED] - Statement - CurrentDay = java.lang.Integer.parseInt(CurrentDate): null

2018-11-27 17:13:17 - [TEST_STEP][PASSED] - Statement - aDayBefore = CurrentDay + 1: null

2018-11-27 17:13:17 - [TEST_STEP][PASSED] - Statement - DayBefore = aDayBefore.toString(): null

2018-11-27 17:13:17 - [TEST_STEP][PASSED] - Statement - OneDayBefore = DayBefore: null

2018-11-27 17:13:17 - [TEST_STEP][PASSED] - Statement - CurrentDateNoFilter.applyPattern("MM"): null

2018-11-27 17:13:17 - [TEST_STEP][PASSED] - Statement - monthContainerMatcher = java.lang.Integer.parseInt(CurrentDateNoFilter.format(TodayDate)): null

2018-11-27 17:13:17 - [TEST_STEP][PASSED] - Statement - monthContainerMatcher = monthContainerMatcher - 1: null

2018-11-27 17:13:17 - [TEST_STEP][PASSED] - Statement - CurrentMonth = monthContainerMatcher.toString(): null

2018-11-27 17:13:17 - [TEST_STEP][PASSED] - Statement - CurrentMonth = CurrentMonth: null

2018-11-27 17:13:17 - [TEST_STEP][PASSED] - Statement - CurrentDateNoFilter.applyPattern("yyyy"): null

2018-11-27 17:13:17 - [TEST_STEP][PASSED] - Statement - CurrentYear = CurrentDateNoFilter.format(TodayDate): null

2018-11-27 17:13:17 - [TEST_STEP][PASSED] - Statement - CurrentYear = CurrentYear: null

2018-11-27 17:13:17 - [TEST_STEP][PASSED] - Statement - intCurrentYear = java.lang.Integer.parseInt(CurrentDateNoFilter.format(TodayDate)): null

2018-11-27 17:13:17 - [TEST_STEP][PASSED] - Statement - eighteenYrsAgo = intCurrentYear - 18: null

2018-11-27 17:13:17 - [TEST_STEP][PASSED] - Statement - eighteenYrsBeforeThisYr = eighteenYrsAgo.toString(): null

2018-11-27 17:13:17 - [TEST_STEP][PASSED] - Statement - EighteenYrsBefore = eighteenYrsBeforeThisYr: null

2018-11-27 17:13:17 - [TEST_STEP][PASSED] - Statement - fiftysevenYrsAgo = intCurrentYear - 57: null

2018-11-27 17:13:17 - [TEST_STEP][PASSED] - Statement - fiftysevenYrsBeforeThisYr = fiftysevenYrsAgo.toString(): null

2018-11-27 17:13:17 - [TEST_STEP][PASSED] - Statement - FiftysevenYrsBefore = fiftysevenYrsBeforeThisYr: null

2018-11-27 17:13:17 - [MESSAGE][PASSED] - Call Test Case 'Test Cases/Final Aug 2018 - PKS Automation/Registration Module/New Registration/Form 2/Date Updater' successfully

2018-11-27 17:13:17 - [TEST_STEP][PASSED] - delay: Delayed 2 second(s)

2018-11-27 17:13:19 - [MESSAGE][PASSED] - Delayed 2 second(s)

2018-11-27 17:13:19 - [TEST_STEP][PASSED] - setText: Text 'klotc2@gmail.com' is set on object 'Object Repository/Final Object Repo/Page_Update Add New Employee - ASSIST/Email TextBox'

2018-11-27 17:13:20 - [MESSAGE][PASSED] - Text 'klotc2@gmail.com' is set on object 'Object Repository/Final Object Repo/Page_Update Add New Employee - ASSIST/Email TextBox'

2018-11-27 17:13:20 - [TEST_STEP][PASSED] - click: Object: 'Object Repository/Final Object Repo/Page_Update Add New Employee - ASSIST/Next Button' is clicked on

2018-11-27 17:13:20 - [MESSAGE][PASSED] - Object: 'Object Repository/Final Object Repo/Page_Update Add New Employee - ASSIST/Next Button' is clicked on

2018-11-27 17:13:20 - [TEST_STEP][PASSED] - delay: Delayed 2 second(s)

2018-11-27 17:13:22 - [MESSAGE][PASSED] - Delayed 2 second(s)

2018-11-27 17:13:22 - [TEST_STEP][PASSED] - setText: Text 'Test1@3456789' is set on object 'Object Repository/Final Object Repo/Page_Update Add New Employee - ASSIST/Password TextBox'

2018-11-27 17:13:22 - [MESSAGE][PASSED] - Text 'Test1@3456789' is set on object 'Object Repository/Final Object Repo/Page_Update Add New Employee - ASSIST/Password TextBox'

2018-11-27 17:13:22 - [TEST_STEP][PASSED] - delay: Delayed 2 second(s)

2018-11-27 17:13:24 - [MESSAGE][PASSED] - Delayed 2 second(s)

2018-11-27 17:13:24 - [TEST_STEP][PASSED] - click: Object: 'Object Repository/Final Object Repo/Page_Update Add New Employee - ASSIST/Login Button' is clicked on

2018-11-27 17:13:24 - [MESSAGE][PASSED] - Object: 'Object Repository/Final Object Repo/Page_Update Add New Employee - ASSIST/Login Button' is clicked on

2018-11-27 17:13:24 - [TEST_STEP][PASSED] - delay: Delayed 4 second(s)

2018-11-27 17:13:28 - [MESSAGE][PASSED] - Delayed 4 second(s)

2018-11-27 17:13:28 - [TEST_STEP][PASSED] - Statement - Try: Delayed 2 second(s)

2018-11-27 17:13:28 - [TEST_STEP][PASSED] - Statement - Checker = false: null

2018-11-27 17:13:28 - [TEST_STEP][PASSED] - Statement - Checker = com.kms.katalon.core.webui.keyword.WebUiBuiltInKeywords.verifyElementHasAttribute(com.kms.katalon.core.testobject.ObjectRepository.findTestObject(Final Object Repo/Landing Page/BM Detecting), "href", 20, OPTIONAL): Object 'Object Repository/Final Object Repo/Landing Page/BM Detecting' has attribute 'href'

2018-11-27 17:13:28 - [MESSAGE][PASSED] - Object 'Object Repository/Final Object Repo/Landing Page/BM Detecting' has attribute 'href'

2018-11-27 17:13:28 - [TEST_STEP][PASSED] - Statement - out.println(Checker): null

2018-11-27 17:13:28 - [TEST_STEP][PASSED] - Statement - If (Checker == false): null

2018-11-27 17:13:28 - [TEST_STEP][PASSED] - Statement - Else: null

2018-11-27 17:13:28 - [TEST_STEP][PASSED] - delay: Delayed 2 second(s)

2018-11-27 17:13:30 - [MESSAGE][PASSED] - Delayed 2 second(s)

2018-11-27 17:13:30 - [TEST_STEP][PASSED] - delay: Delayed 4 second(s)

2018-11-27 17:13:34 - [MESSAGE][PASSED] - Delayed 4 second(s)

2018-11-27 17:13:34 - [TEST_STEP][PASSED] - click: Object: 'Object Repository/Final Object Repo/Page_Update Add New Employee - ASSIST/My Sites Drop Down' is clicked on

2018-11-27 17:13:35 - [MESSAGE][PASSED] - Object: 'Object Repository/Final Object Repo/Page_Update Add New Employee - ASSIST/My Sites Drop Down' is clicked on

2018-11-27 17:13:35 - [TEST_STEP][PASSED] - click: Object: 'Object Repository/Final Object Repo/Page_Update Add New Employee - ASSIST/Select to Registration Module' is clicked on

2018-11-27 17:13:35 - [MESSAGE][PASSED] - Object: 'Object Repository/Final Object Repo/Page_Update Add New Employee - ASSIST/Select to Registration Module' is clicked on

2018-11-27 17:13:35 - [TEST_STEP][PASSED] - navigateToUrl: Navigate to 'https://assist2-uat.perkeso.gov.my/web/registration/myassist' successfully

2018-11-27 17:13:36 - [MESSAGE][PASSED] - Navigate to 'https://assist2-uat.perkeso.gov.my/web/registration/myassist' successfully

2018-11-27 17:13:36 - [TEST_STEP][PASSED] - mouseOver: Object: 'Object Repository/Final Object Repo/Page_Update Add New Employee - ASSIST/Select to Update Akta 4 Tab' is hovered

2018-11-27 17:13:36 - [MESSAGE][PASSED] - Object: 'Object Repository/Final Object Repo/Page_Update Add New Employee - ASSIST/Select to Update Akta 4 Tab' is hovered

2018-11-27 17:13:36 - [TEST_STEP][PASSED] - delay: Delayed 2 second(s)

2018-11-27 17:13:38 - [MESSAGE][PASSED] - Delayed 2 second(s)

2018-11-27 17:13:38 - [TEST_STEP][PASSED] - click: Object: 'Object Repository/Final Object Repo/Page_Update Add New Employee - ASSIST/Select to Update Add New Employee' is clicked on

2018-11-27 17:13:39 - [MESSAGE][PASSED] - Object: 'Object Repository/Final Object Repo/Page_Update Add New Employee - ASSIST/Select to Update Add New Employee' is clicked on

2018-11-27 17:13:39 - [TEST_STEP][PASSED] - delay: Delayed 2 second(s)

2018-11-27 17:13:41 - [MESSAGE][PASSED] - Delayed 2 second(s)

2018-11-27 17:13:41 - [TEST_STEP][PASSED] - setText: Text 'E1102070510X' is set on object 'Object Repository/Final Object Repo/Page_Update Add New Employee - ASSIST/Employer Code input textbox'

2018-11-27 17:13:41 - [MESSAGE][PASSED] - Text 'E1102070510X' is set on object 'Object Repository/Final Object Repo/Page_Update Add New Employee - ASSIST/Employer Code input textbox'

2018-11-27 17:13:41 - [TEST_STEP][PASSED] - delay: Delayed 2 second(s)

2018-11-27 17:13:43 - [MESSAGE][PASSED] - Delayed 2 second(s)

2018-11-27 17:13:43 - [TEST_STEP][PASSED] - click: Object: 'Object Repository/Final Object Repo/Page_Update Add New Employee - ASSIST/Search Button for Employer Code' is clicked on

2018-11-27 17:13:43 - [MESSAGE][PASSED] - Object: 'Object Repository/Final Object Repo/Page_Update Add New Employee - ASSIST/Search Button for Employer Code' is clicked on

2018-11-27 17:13:43 - [TEST_STEP][PASSED] - delay: Delayed 4 second(s)

2018-11-27 17:13:47 - [MESSAGE][PASSED] - Delayed 4 second(s)

2018-11-27 17:13:47 - [TEST_STEP][PASSED] - click: Object: 'Object Repository/Final Object Repo/Page_Update Add New Employee - ASSIST/Click to Edit Case' is clicked on

2018-11-27 17:13:50 - [MESSAGE][PASSED] - Object: 'Object Repository/Final Object Repo/Page_Update Add New Employee - ASSIST/Click to Edit Case' is clicked on

2018-11-27 17:13:50 - [TEST_STEP][PASSED] - callTestCase: Call Test Case 'Test Cases/Final Aug 2018 - PKS Automation/Registration Module/Workflow/Update Add New Employee/Template/Employee Adding/Employee Set Decider' successfully

2018-11-27 17:13:50 - [TEST_CASE][PASSED] - Test Cases/Final Aug 2018 - PKS Automation/Registration Module/Workflow/Update Add New Employee/Template/Employee Adding/Employee Set Decider: Test Cases/Final Aug 2018 - PKS Automation/Registration Module/Workflow/Update Add New Employee/Template/Employee Adding/Employee Set Decider

2018-11-27 17:13:50 - [TEST_STEP][PASSED] - delay: Delayed 4 second(s)

2018-11-27 17:13:54 - [MESSAGE][PASSED] - Delayed 4 second(s)

2018-11-27 17:13:54 - [TEST_STEP][PASSED] - click: Object: 'Object Repository/Final Object Repo/Page_Update Add New Employee - ASSIST/Add Employee Button' is clicked on

2018-11-27 17:13:54 - [MESSAGE][PASSED] - Object: 'Object Repository/Final Object Repo/Page_Update Add New Employee - ASSIST/Add Employee Button' is clicked on

2018-11-27 17:13:54 - [TEST_STEP][PASSED] - delay: Delayed 3 second(s)

2018-11-27 17:13:57 - [MESSAGE][PASSED] - Delayed 3 second(s)

2018-11-27 17:13:57 - [TEST_STEP][PASSED] - setText: Text '010903091920' is set on object 'Object Repository/Final Object Repo/Page_Update Add New Employee - ASSIST/NRIC Input'

2018-11-27 17:13:57 - [MESSAGE][PASSED] - Text '010903091920' is set on object 'Object Repository/Final Object Repo/Page_Update Add New Employee - ASSIST/NRIC Input'

2018-11-27 17:13:57 - [TEST_STEP][PASSED] - click: Object: 'Object Repository/Final Object Repo/Page_Update Add New Employee - ASSIST/button for search for IC' is clicked on

2018-11-27 17:13:57 - [MESSAGE][PASSED] - Object: 'Object Repository/Final Object Repo/Page_Update Add New Employee - ASSIST/button for search for IC' is clicked on

2018-11-27 17:13:57 - [TEST_STEP][PASSED] - delay: Delayed 2 second(s)

2018-11-27 17:13:59 - [MESSAGE][PASSED] - Delayed 2 second(s)

2018-11-27 17:13:59 - [TEST_STEP][PASSED] - sendKeys: Keys 'CONTROL + a' sent to object: 'Object Repository/Final Object Repo/Page_Update Add New Employee - ASSIST/Employee Name Input'

2018-11-27 17:14:00 - [MESSAGE][PASSED] - Keys 'CONTROL + a' sent to object: 'Object Repository/Final Object Repo/Page_Update Add New Employee - ASSIST/Employee Name Input'

2018-11-27 17:14:00 - [TEST_STEP][PASSED] - sendKeys: Keys 'CONTROL + c' sent to object: 'Object Repository/Final Object Repo/Page_Update Add New Employee - ASSIST/Employee Name Input'

2018-11-27 17:14:00 - [MESSAGE][PASSED] - Keys 'CONTROL + c' sent to object: 'Object Repository/Final Object Repo/Page_Update Add New Employee - ASSIST/Employee Name Input'

2018-11-27 17:14:00 - [TEST_STEP][PASSED] - Statement - toolkit = java.awt.Toolkit.getDefaultToolkit(): null

2018-11-27 17:14:00 - [TEST_STEP][PASSED] - Statement - clipboard = toolkit.getSystemClipboard(): null

2018-11-27 17:14:00 - [TEST_STEP][PASSED] - Statement - CurrentName = clipboard.getData(stringFlavor): null

2018-11-27 17:14:00 - [TEST_STEP][PASSED] - Statement - out.println("String from Clipboard:" + CurrentName): null

2018-11-27 17:14:00 - [TEST_STEP][PASSED] - Statement - If (CurrentName == "AUTOMATE002 ELIGIBLE 1"): null

2018-11-27 17:14:00 - [TEST_STEP][PASSED] - Statement - Else If (CurrentName == "AUTOMATE003 ELIGIBLE 1"): Call Test Case 'Test Cases/Final Aug 2018 - PKS Automation/Registration Module/Workflow/Update Add New Employee/Template/Employee Adding/Employee Adding Action Repeat IC - set 2' successfully

2018-11-27 17:14:00 - [TEST_STEP][PASSED] - callTestCase: Call Test Case 'Test Cases/Final Aug 2018 - PKS Automation/Registration Module/Workflow/Update Add New Employee/Template/Employee Adding/Employee Adding Action Repeat IC - set 2' successfully

2018-11-27 17:14:00 - [TEST_CASE][PASSED] - Test Cases/Final Aug 2018 - PKS Automation/Registration Module/Workflow/Update Add New Employee/Template/Employee Adding/Employee Adding Action Repeat IC - set 2: Test Cases/Final Aug 2018 - PKS Automation/Registration Module/Workflow/Update Add New Employee/Template/Employee Adding/Employee Adding Action Repeat IC - set 2

2018-11-27 17:14:00 - [TEST_STEP][PASSED] - setText: Text 'Automate002 eligible 1' is set on object 'Object Repository/Final Object Repo/Page_Update Add New Employee - ASSIST/Employee Name Input'

2018-11-27 17:14:00 - [MESSAGE][PASSED] - Text 'Automate002 eligible 1' is set on object 'Object Repository/Final Object Repo/Page_Update Add New Employee - ASSIST/Employee Name Input'

2018-11-27 17:14:00 - [TEST_STEP][PASSED] - delay: Delayed 2 second(s)

2018-11-27 17:14:02 - [MESSAGE][PASSED] - Delayed 2 second(s)

2018-11-27 17:14:02 - [TEST_STEP][PASSED] - click: Object: 'Object Repository/Final Object Repo/Page_Update Add New Employee - ASSIST/DatePicker Pop Up' is clicked on

2018-11-27 17:14:03 - [MESSAGE][PASSED] - Object: 'Object Repository/Final Object Repo/Page_Update Add New Employee - ASSIST/DatePicker Pop Up' is clicked on

2018-11-27 17:14:03 - [TEST_STEP][PASSED] - click: Object: 'Object Repository/Final Object Repo/Page_Update Add New Employee - ASSIST/DOB Month' is clicked on

2018-11-27 17:14:03 - [MESSAGE][PASSED] - Object: 'Object Repository/Final Object Repo/Page_Update Add New Employee - ASSIST/DOB Month' is clicked on

2018-11-27 17:14:03 - [TEST_STEP][PASSED] - Statement - CurrentMonth = CurrentMonth: null

2018-11-27 17:14:03 - [TEST_STEP][PASSED] - Statement - selectMonth = new com.kms.katalon.core.testobject.TestObject(): null

2018-11-27 17:14:03 - [TEST_STEP][PASSED] - Statement - selectMonth.addProperty("xpath", EQUALS, "//body/div/div/div/select/option[@value='" + CurrentMonth + "']", true): null

2018-11-27 17:14:03 - [TEST_STEP][PASSED] - click: Object: '' is clicked on

2018-11-27 17:14:03 - [MESSAGE][PASSED] - Object: '' is clicked on

2018-11-27 17:14:03 - [TEST_STEP][PASSED] - click: Object: 'Object Repository/Final Object Repo/Page_Update Add New Employee - ASSIST/DOB Year' is clicked on

2018-11-27 17:14:03 - [MESSAGE][PASSED] - Object: 'Object Repository/Final Object Repo/Page_Update Add New Employee - ASSIST/DOB Year' is clicked on

2018-11-27 17:14:03 - [TEST_STEP][PASSED] - Statement - Eyearsbf = EighteenYrsBefore: null

2018-11-27 17:14:03 - [TEST_STEP][PASSED] - Statement - selectYear = new com.kms.katalon.core.testobject.TestObject(): null

2018-11-27 17:14:03 - [TEST_STEP][PASSED] - Statement - selectYear.addProperty("xpath", EQUALS, "//div/div/div/select/option[@value='" + Eyearsbf + "']", true): null

2018-11-27 17:14:03 - [TEST_STEP][PASSED] - click: Object: '' is clicked on

2018-11-27 17:14:03 - [MESSAGE][PASSED] - Object: '' is clicked on

2018-11-27 17:14:03 - [TEST_STEP][PASSED] - Statement - UpdatedSelectDate = com.kms.katalon.core.webui.keyword.WebUiBuiltInKeywords.modifyObjectProperty(com.kms.katalon.core.testobject.ObjectRepository.findTestObject(Final Object Repo/Page_Update Add New Employee - ASSIST/DOB Date), "xpath", "equals", "//body/div/table/tbody/tr/td/a[text()="" + CurrentDate + ""]", true): Modify property of object successfully

2018-11-27 17:14:03 - [MESSAGE][PASSED] - Modify property of object successfully

2018-11-27 17:14:03 - [TEST_STEP][PASSED] - delay: Delayed 3 second(s)

2018-11-27 17:14:06 - [MESSAGE][PASSED] - Delayed 3 second(s)

2018-11-27 17:14:06 - [TEST_STEP][PASSED] - click: Object: 'Object Repository/Final Object Repo/Page_Update Add New Employee - ASSIST/DOB Date' is clicked on

2018-11-27 17:14:06 - [MESSAGE][PASSED] - Object: 'Object Repository/Final Object Repo/Page_Update Add New Employee - ASSIST/DOB Date' is clicked on

2018-11-27 17:14:06 - [TEST_STEP][PASSED] - delay: Delayed 2 second(s)

2018-11-27 17:14:08 - [MESSAGE][PASSED] - Delayed 2 second(s)

2018-11-27 17:14:08 - [TEST_STEP][PASSED] - click: Object: 'Object Repository/Final Object Repo/Page_Update Add New Employee - ASSIST/EmploymentStartDate Pop Up' is clicked on

2018-11-27 17:14:09 - [MESSAGE][PASSED] - Object: 'Object Repository/Final Object Repo/Page_Update Add New Employee - ASSIST/EmploymentStartDate Pop Up' is clicked on

2018-11-27 17:14:09 - [TEST_STEP][PASSED] - delay: Delayed 2 second(s)

2018-11-27 17:14:11 - [MESSAGE][PASSED] - Delayed 2 second(s)

2018-11-27 17:14:11 - [TEST_STEP][PASSED] - click: Object: 'Object Repository/Final Object Repo/Page_Update Add New Employee - ASSIST/Socso Employment StartDate Month' is clicked on

2018-11-27 17:14:11 - [MESSAGE][PASSED] - Object: 'Object Repository/Final Object Repo/Page_Update Add New Employee - ASSIST/Socso Employment StartDate Month' is clicked on

2018-11-27 17:14:11 - [TEST_STEP][PASSED] - delay: Delayed 1 second(s)

2018-11-27 17:14:12 - [MESSAGE][PASSED] - Delayed 1 second(s)

2018-11-27 17:14:12 - [TEST_STEP][PASSED] - click: Object: 'Object Repository/Final Object Repo/Page_Update Add New Employee - ASSIST/Select Socso Employement Startdate Month' is clicked on

2018-11-27 17:14:12 - [MESSAGE][PASSED] - Object: 'Object Repository/Final Object Repo/Page_Update Add New Employee - ASSIST/Select Socso Employement Startdate Month' is clicked on

2018-11-27 17:14:12 - [TEST_STEP][PASSED] - delay: Delayed 2 second(s)

2018-11-27 17:14:14 - [MESSAGE][PASSED] - Delayed 2 second(s)

2018-11-27 17:14:14 - [TEST_STEP][PASSED] - click: Object: 'Object Repository/Final Object Repo/Page_Update Add New Employee - ASSIST/Socso Employment StartDate Year' is clicked on

2018-11-27 17:14:14 - [MESSAGE][PASSED] - Object: 'Object Repository/Final Object Repo/Page_Update Add New Employee - ASSIST/Socso Employment StartDate Year' is clicked on

2018-11-27 17:14:14 - [TEST_STEP][PASSED] - delay: Delayed 1 second(s)

2018-11-27 17:14:15 - [MESSAGE][PASSED] - Delayed 1 second(s)

2018-11-27 17:14:15 - [TEST_STEP][PASSED] - click: Object: 'Object Repository/Final Object Repo/Page_Update Add New Employee - ASSIST/Select Socso Employment Startdate Year' is clicked on

2018-11-27 17:14:15 - [MESSAGE][PASSED] - Object: 'Object Repository/Final Object Repo/Page_Update Add New Employee - ASSIST/Select Socso Employment Startdate Year' is clicked on

2018-11-27 17:14:15 - [TEST_STEP][PASSED] - delay: Delayed 2 second(s)

2018-11-27 17:14:17 - [MESSAGE][PASSED] - Delayed 2 second(s)

2018-11-27 17:14:17 - [TEST_STEP][PASSED] - click: Object: 'Object Repository/Final Object Repo/Page_Update Add New Employee - ASSIST/Socso Employment Start Date Day' is clicked on

2018-11-27 17:14:18 - [MESSAGE][PASSED] - Object: 'Object Repository/Final Object Repo/Page_Update Add New Employee - ASSIST/Socso Employment Start Date Day' is clicked on

2018-11-27 17:14:18 - [TEST_STEP][PASSED] - delay: Delayed 2 second(s)

2018-11-27 17:14:20 - [MESSAGE][PASSED] - Delayed 2 second(s)

2018-11-27 17:14:20 - [TEST_STEP][PASSED] - click: Object: 'Object Repository/Final Object Repo/Page_Update Add New Employee - ASSIST/Save Button for Add Employee' is clicked on

2018-11-27 17:14:20 - [MESSAGE][PASSED] - Object: 'Object Repository/Final Object Repo/Page_Update Add New Employee - ASSIST/Save Button for Add Employee' is clicked on

2018-11-27 17:14:20 - [TEST_STEP][PASSED] - delay: Delayed 10 second(s)

2018-11-27 17:14:30 - [MESSAGE][PASSED] - Delayed 10 second(s)

2018-11-27 17:14:30 - [TEST_STEP][PASSED] - click: Object: 'Object Repository/Final Object Repo/Page_Update Add New Employee - ASSIST/Add Employee Button' is clicked on

2018-11-27 17:14:30 - [MESSAGE][PASSED] - Object: 'Object Repository/Final Object Repo/Page_Update Add New Employee - ASSIST/Add Employee Button' is clicked on

2018-11-27 17:14:30 - [TEST_STEP][PASSED] - delay: Delayed 6 second(s)

2018-11-27 17:14:36 - [MESSAGE][PASSED] - Delayed 6 second(s)

2018-11-27 17:14:36 - [TEST_STEP][PASSED] - setText: Text '620904059600' is set on object 'Object Repository/Final Object Repo/Page_Update Add New Employee - ASSIST/NRIC Input'

2018-11-27 17:14:36 - [MESSAGE][PASSED] - Text '620904059600' is set on object 'Object Repository/Final Object Repo/Page_Update Add New Employee - ASSIST/NRIC Input'

2018-11-27 17:14:36 - [TEST_STEP][PASSED] - click: Object: 'Object Repository/Final Object Repo/Page_Update Add New Employee - ASSIST/button for search for IC' is clicked on

2018-11-27 17:14:37 - [MESSAGE][PASSED] - Object: 'Object Repository/Final Object Repo/Page_Update Add New Employee - ASSIST/button for search for IC' is clicked on

2018-11-27 17:14:37 - [TEST_STEP][PASSED] - delay: Delayed 2 second(s)

2018-11-27 17:14:39 - [MESSAGE][PASSED] - Delayed 2 second(s)

2018-11-27 17:14:39 - [TEST_STEP][PASSED] - setText: Text 'Automate002 eligible 2' is set on object 'Object Repository/Final Object Repo/Page_Update Add New Employee - ASSIST/Employee Name Input'

2018-11-27 17:14:39 - [MESSAGE][PASSED] - Text 'Automate002 eligible 2' is set on object 'Object Repository/Final Object Repo/Page_Update Add New Employee - ASSIST/Employee Name Input'

2018-11-27 17:14:39 - [TEST_STEP][PASSED] - delay: Delayed 2 second(s)

2018-11-27 17:14:41 - [MESSAGE][PASSED] - Delayed 2 second(s)

2018-11-27 17:14:41 - [TEST_STEP][PASSED] - click: Object: 'Object Repository/Final Object Repo/Page_Update Add New Employee - ASSIST/DatePicker Pop Up' is clicked on

2018-11-27 17:14:41 - [MESSAGE][PASSED] - Object: 'Object Repository/Final Object Repo/Page_Update Add New Employee - ASSIST/DatePicker Pop Up' is clicked on

2018-11-27 17:14:41 - [TEST_STEP][PASSED] - delay: Delayed 2 second(s)

2018-11-27 17:14:43 - [MESSAGE][PASSED] - Delayed 2 second(s)

2018-11-27 17:14:43 - [TEST_STEP][PASSED] - click: Object: 'Object Repository/Final Object Repo/Page_Update Add New Employee - ASSIST/DOB Month' is clicked on

2018-11-27 17:14:43 - [MESSAGE][PASSED] - Object: 'Object Repository/Final Object Repo/Page_Update Add New Employee - ASSIST/DOB Month' is clicked on

2018-11-27 17:14:43 - [TEST_STEP][PASSED] - Statement - selectMonth = com.kms.katalon.core.webui.keyword.WebUiBuiltInKeywords.modifyObjectProperty(selectMonth, "xpath", "equals", "//body/div/div/div/select/option[@value="" + CurrentMonth + ""]", true): Modify property of object successfully

2018-11-27 17:14:43 - [MESSAGE][PASSED] - Modify property of object successfully

2018-11-27 17:14:43 - [TEST_STEP][PASSED] - click: Object: '' is clicked on

2018-11-27 17:14:44 - [MESSAGE][PASSED] - Object: '' is clicked on

2018-11-27 17:14:44 - [TEST_STEP][PASSED] - click: Object: 'Object Repository/Final Object Repo/Page_Update Add New Employee - ASSIST/DOB Year' is clicked on

2018-11-27 17:14:44 - [MESSAGE][PASSED] - Object: 'Object Repository/Final Object Repo/Page_Update Add New Employee - ASSIST/DOB Year' is clicked on

2018-11-27 17:14:44 - [TEST_STEP][PASSED] - Statement - selectYear = com.kms.katalon.core.webui.keyword.WebUiBuiltInKeywords.modifyObjectProperty(selectYear, "xpath", "equals", "//div/div/div/select/option[@value="" + FiftysevenYrsBefore + ""]", true): Modify property of object successfully

2018-11-27 17:14:44 - [MESSAGE][PASSED] - Modify property of object successfully

2018-11-27 17:14:44 - [TEST_STEP][PASSED] - click: Object: '' is clicked on

2018-11-27 17:14:44 - [MESSAGE][PASSED] - Object: '' is clicked on

2018-11-27 17:14:44 - [TEST_STEP][PASSED] - Statement - UpdatedSelectDate = com.kms.katalon.core.webui.keyword.WebUiBuiltInKeywords.modifyObjectProperty(com.kms.katalon.core.testobject.ObjectRepository.findTestObject(Final Object Repo/Page_Update Add New Employee - ASSIST/DOB Date), "xpath", "equals", "//body/div/table/tbody/tr/td/a[text()="" + OneDayBefore + ""]", true): Modify property of object successfully

2018-11-27 17:14:44 - [MESSAGE][PASSED] - Modify property of object successfully

2018-11-27 17:14:44 - [TEST_STEP][PASSED] - click: Object: 'Object Repository/Final Object Repo/Page_Update Add New Employee - ASSIST/DOB Date' is clicked on

2018-11-27 17:14:44 - [MESSAGE][PASSED] - Object: 'Object Repository/Final Object Repo/Page_Update Add New Employee - ASSIST/DOB Date' is clicked on

2018-11-27 17:14:44 - [TEST_STEP][PASSED] - delay: Delayed 2 second(s)

2018-11-27 17:14:46 - [MESSAGE][PASSED] - Delayed 2 second(s)

2018-11-27 17:14:46 - [TEST_STEP][PASSED] - click: Object: 'Object Repository/Final Object Repo/Page_Update Add New Employee - ASSIST/EmploymentStartDate Pop Up' is clicked on

2018-11-27 17:14:46 - [MESSAGE][PASSED] - Object: 'Object Repository/Final Object Repo/Page_Update Add New Employee - ASSIST/EmploymentStartDate Pop Up' is clicked on

2018-11-27 17:14:46 - [TEST_STEP][PASSED] - delay: Delayed 2 second(s)

2018-11-27 17:14:48 - [MESSAGE][PASSED] - Delayed 2 second(s)

2018-11-27 17:14:48 - [TEST_STEP][PASSED] - click: Object: 'Object Repository/Final Object Repo/Page_Update Add New Employee - ASSIST/Socso Employment StartDate Month' is clicked on

2018-11-27 17:14:49 - [MESSAGE][PASSED] - Object: 'Object Repository/Final Object Repo/Page_Update Add New Employee - ASSIST/Socso Employment StartDate Month' is clicked on

2018-11-27 17:14:49 - [TEST_STEP][PASSED] - delay: Delayed 1 second(s)

2018-11-27 17:14:50 - [MESSAGE][PASSED] - Delayed 1 second(s)

2018-11-27 17:14:50 - [TEST_STEP][PASSED] - click: Object: 'Object Repository/Final Object Repo/Page_Update Add New Employee - ASSIST/Select Socso Employement Startdate Month' is clicked on

2018-11-27 17:14:50 - [MESSAGE][PASSED] - Object: 'Object Repository/Final Object Repo/Page_Update Add New Employee - ASSIST/Select Socso Employement Startdate Month' is clicked on

2018-11-27 17:14:50 - [TEST_STEP][PASSED] - delay: Delayed 2 second(s)

2018-11-27 17:14:52 - [MESSAGE][PASSED] - Delayed 2 second(s)

2018-11-27 17:14:52 - [TEST_STEP][PASSED] - click: Object: 'Object Repository/Final Object Repo/Page_Update Add New Employee - ASSIST/Socso Employment StartDate Year' is clicked on

2018-11-27 17:14:52 - [MESSAGE][PASSED] - Object: 'Object Repository/Final Object Repo/Page_Update Add New Employee - ASSIST/Socso Employment StartDate Year' is clicked on

2018-11-27 17:14:52 - [TEST_STEP][PASSED] - delay: Delayed 1 second(s)

2018-11-27 17:14:53 - [MESSAGE][PASSED] - Delayed 1 second(s)

2018-11-27 17:14:53 - [TEST_STEP][PASSED] - click: Object: 'Object Repository/Final Object Repo/Page_Update Add New Employee - ASSIST/Select Socso Employment Startdate Year' is clicked on

2018-11-27 17:14:53 - [MESSAGE][PASSED] - Object: 'Object Repository/Final Object Repo/Page_Update Add New Employee - ASSIST/Select Socso Employment Startdate Year' is clicked on

2018-11-27 17:14:53 - [TEST_STEP][PASSED] - delay: Delayed 2 second(s)

2018-11-27 17:14:55 - [MESSAGE][PASSED] - Delayed 2 second(s)

2018-11-27 17:14:55 - [TEST_STEP][PASSED] - click: Object: 'Object Repository/Final Object Repo/Page_Update Add New Employee - ASSIST/Socso Employment Start Date Day' is clicked on

2018-11-27 17:14:55 - [MESSAGE][PASSED] - Object: 'Object Repository/Final Object Repo/Page_Update Add New Employee - ASSIST/Socso Employment Start Date Day' is clicked on

2018-11-27 17:14:55 - [TEST_STEP][PASSED] - delay: Delayed 2 second(s)

2018-11-27 17:14:57 - [MESSAGE][PASSED] - Delayed 2 second(s)

2018-11-27 17:14:57 - [TEST_STEP][PASSED] - click: Object: 'Object Repository/Final Object Repo/Page_Update Add New Employee - ASSIST/Save Button for Add Employee' is clicked on

2018-11-27 17:14:57 - [MESSAGE][PASSED] - Object: 'Object Repository/Final Object Repo/Page_Update Add New Employee - ASSIST/Save Button for Add Employee' is clicked on

2018-11-27 17:14:57 - [TEST_STEP][PASSED] - delay: Delayed 5 second(s)

2018-11-27 17:15:02 - [MESSAGE][PASSED] - Delayed 5 second(s)

2018-11-27 17:15:02 - [TEST_STEP][PASSED] - waitForElementClickable: Object 'Object Repository/Final Object Repo/Page_Update Add New Employee - ASSIST/Add Employee Button' is clickable

2018-11-27 17:15:02 - [MESSAGE][PASSED] - Object 'Object Repository/Final Object Repo/Page_Update Add New Employee - ASSIST/Add Employee Button' is clickable

2018-11-27 17:15:02 - [TEST_STEP][PASSED] - click: Object: 'Object Repository/Final Object Repo/Page_Update Add New Employee - ASSIST/Add Employee Button' is clicked on

2018-11-27 17:15:03 - [MESSAGE][PASSED] - Object: 'Object Repository/Final Object Repo/Page_Update Add New Employee - ASSIST/Add Employee Button' is clicked on

2018-11-27 17:15:03 - [TEST_STEP][PASSED] - delay: Delayed 4 second(s)

2018-11-27 17:15:07 - [MESSAGE][PASSED] - Delayed 4 second(s)

2018-11-27 17:15:07 - [TEST_STEP][PASSED] - setText: Text '000209039100' is set on object 'Object Repository/Final Object Repo/Page_Update Add New Employee - ASSIST/NRIC Input'

2018-11-27 17:15:07 - [MESSAGE][PASSED] - Text '000209039100' is set on object 'Object Repository/Final Object Repo/Page_Update Add New Employee - ASSIST/NRIC Input'

2018-11-27 17:15:07 - [TEST_STEP][PASSED] - click: Object: 'Object Repository/Final Object Repo/Page_Update Add New Employee - ASSIST/button for search for IC' is clicked on

2018-11-27 17:15:07 - [MESSAGE][PASSED] - Object: 'Object Repository/Final Object Repo/Page_Update Add New Employee - ASSIST/button for search for IC' is clicked on

2018-11-27 17:15:07 - [TEST_STEP][PASSED] - delay: Delayed 2 second(s)

2018-11-27 17:15:09 - [MESSAGE][PASSED] - Delayed 2 second(s)

2018-11-27 17:15:09 - [TEST_STEP][PASSED] - setText: Text 'Automate002 not eligible 1' is set on object 'Object Repository/Final Object Repo/Page_Update Add New Employee - ASSIST/Employee Name Input'

2018-11-27 17:15:10 - [MESSAGE][PASSED] - Text 'Automate002 not eligible 1' is set on object 'Object Repository/Final Object Repo/Page_Update Add New Employee - ASSIST/Employee Name Input'

2018-11-27 17:15:10 - [TEST_STEP][PASSED] - delay: Delayed 2 second(s)

2018-11-27 17:15:12 - [MESSAGE][PASSED] - Delayed 2 second(s)

2018-11-27 17:15:12 - [TEST_STEP][PASSED] - click: Object: 'Object Repository/Final Object Repo/Page_Update Add New Employee - ASSIST/DatePicker Pop Up' is clicked on

2018-11-27 17:15:12 - [MESSAGE][PASSED] - Object: 'Object Repository/Final Object Repo/Page_Update Add New Employee - ASSIST/DatePicker Pop Up' is clicked on

2018-11-27 17:15:12 - [TEST_STEP][PASSED] - delay: Delayed 2 second(s)

2018-11-27 17:15:14 - [MESSAGE][PASSED] - Delayed 2 second(s)

2018-11-27 17:15:14 - [TEST_STEP][PASSED] - click: Object: 'Object Repository/Final Object Repo/Page_Update Add New Employee - ASSIST/DOB Month' is clicked on

2018-11-27 17:15:14 - [MESSAGE][PASSED] - Object: 'Object Repository/Final Object Repo/Page_Update Add New Employee - ASSIST/DOB Month' is clicked on

2018-11-27 17:15:14 - [TEST_STEP][PASSED] - Statement - selectMonth = com.kms.katalon.core.webui.keyword.WebUiBuiltInKeywords.modifyObjectProperty(selectMonth, "xpath", "equals", "//body/div/div/div/select/option[@value="" + CurrentMonth + ""]", true): Modify property of object successfully

2018-11-27 17:15:14 - [MESSAGE][PASSED] - Modify property of object successfully

2018-11-27 17:15:14 - [TEST_STEP][PASSED] - click: Object: '' is clicked on

2018-11-27 17:15:14 - [MESSAGE][PASSED] - Object: '' is clicked on

2018-11-27 17:15:14 - [TEST_STEP][PASSED] - click: Object: 'Object Repository/Final Object Repo/Page_Update Add New Employee - ASSIST/DOB Year' is clicked on

2018-11-27 17:15:15 - [MESSAGE][PASSED] - Object: 'Object Repository/Final Object Repo/Page_Update Add New Employee - ASSIST/DOB Year' is clicked on

2018-11-27 17:15:15 - [TEST_STEP][PASSED] - Statement - selectYear = com.kms.katalon.core.webui.keyword.WebUiBuiltInKeywords.modifyObjectProperty(selectYear, "xpath", "equals", "//div/div/div/select/option[@value="" + EighteenYrsBefore + ""]", true): Modify property of object successfully

2018-11-27 17:15:15 - [MESSAGE][PASSED] - Modify property of object successfully

2018-11-27 17:15:15 - [TEST_STEP][PASSED] - click: Object: '' is clicked on

2018-11-27 17:15:15 - [MESSAGE][PASSED] - Object: '' is clicked on

2018-11-27 17:15:15 - [TEST_STEP][PASSED] - Statement - UpdatedSelectDate = com.kms.katalon.core.webui.keyword.WebUiBuiltInKeywords.modifyObjectProperty(com.kms.katalon.core.testobject.ObjectRepository.findTestObject(Final Object Repo/Page_Update Add New Employee - ASSIST/DOB Date), "xpath", "equals", "//body/div/table/tbody/tr/td/a[text()="" + OneDayBefore + ""]", true): Modify property of object successfully

2018-11-27 17:15:15 - [MESSAGE][PASSED] - Modify property of object successfully

2018-11-27 17:15:15 - [TEST_STEP][PASSED] - click: Object: 'Object Repository/Final Object Repo/Page_Update Add New Employee - ASSIST/DOB Date' is clicked on

2018-11-27 17:15:15 - [MESSAGE][PASSED] - Object: 'Object Repository/Final Object Repo/Page_Update Add New Employee - ASSIST/DOB Date' is clicked on

2018-11-27 17:15:15 - [TEST_STEP][PASSED] - delay: Delayed 2 second(s)

2018-11-27 17:15:17 - [MESSAGE][PASSED] - Delayed 2 second(s)

2018-11-27 17:15:17 - [TEST_STEP][PASSED] - click: Object: 'Object Repository/Final Object Repo/Page_Update Add New Employee - ASSIST/EmploymentStartDate Pop Up' is clicked on

2018-11-27 17:15:17 - [MESSAGE][PASSED] - Object: 'Object Repository/Final Object Repo/Page_Update Add New Employee - ASSIST/EmploymentStartDate Pop Up' is clicked on

2018-11-27 17:15:17 - [TEST_STEP][PASSED] - delay: Delayed 2 second(s)

2018-11-27 17:15:19 - [MESSAGE][PASSED] - Delayed 2 second(s)

2018-11-27 17:15:19 - [TEST_STEP][PASSED] - click: Object: 'Object Repository/Final Object Repo/Page_Update Add New Employee - ASSIST/Socso Employment StartDate Month' is clicked on

2018-11-27 17:15:19 - [MESSAGE][PASSED] - Object: 'Object Repository/Final Object Repo/Page_Update Add New Employee - ASSIST/Socso Employment StartDate Month' is clicked on

2018-11-27 17:15:19 - [TEST_STEP][PASSED] - delay: Delayed 1 second(s)

2018-11-27 17:15:20 - [MESSAGE][PASSED] - Delayed 1 second(s)

2018-11-27 17:15:20 - [TEST_STEP][PASSED] - click: Object: 'Object Repository/Final Object Repo/Page_Update Add New Employee - ASSIST/Select Socso Employement Startdate Month' is clicked on

2018-11-27 17:15:20 - [MESSAGE][PASSED] - Object: 'Object Repository/Final Object Repo/Page_Update Add New Employee - ASSIST/Select Socso Employement Startdate Month' is clicked on

2018-11-27 17:15:20 - [TEST_STEP][PASSED] - delay: Delayed 2 second(s)

2018-11-27 17:15:22 - [MESSAGE][PASSED] - Delayed 2 second(s)

2018-11-27 17:15:22 - [TEST_STEP][PASSED] - click: Object: 'Object Repository/Final Object Repo/Page_Update Add New Employee - ASSIST/Socso Employment StartDate Year' is clicked on

2018-11-27 17:15:23 - [MESSAGE][PASSED] - Object: 'Object Repository/Final Object Repo/Page_Update Add New Employee - ASSIST/Socso Employment StartDate Year' is clicked on

2018-11-27 17:15:23 - [TEST_STEP][PASSED] - delay: Delayed 1 second(s)

2018-11-27 17:15:24 - [MESSAGE][PASSED] - Delayed 1 second(s)

2018-11-27 17:15:24 - [TEST_STEP][PASSED] - click: Object: 'Object Repository/Final Object Repo/Page_Update Add New Employee - ASSIST/Select Socso Employment Startdate Year' is clicked on

2018-11-27 17:15:24 - [MESSAGE][PASSED] - Object: 'Object Repository/Final Object Repo/Page_Update Add New Employee - ASSIST/Select Socso Employment Startdate Year' is clicked on

2018-11-27 17:15:24 - [TEST_STEP][PASSED] - delay: Delayed 2 second(s)

2018-11-27 17:15:26 - [MESSAGE][PASSED] - Delayed 2 second(s)

2018-11-27 17:15:26 - [TEST_STEP][PASSED] - click: Object: 'Object Repository/Final Object Repo/Page_Update Add New Employee - ASSIST/Socso Employment Start Date Day' is clicked on

2018-11-27 17:15:26 - [MESSAGE][PASSED] - Object: 'Object Repository/Final Object Repo/Page_Update Add New Employee - ASSIST/Socso Employment Start Date Day' is clicked on

2018-11-27 17:15:26 - [TEST_STEP][PASSED] - delay: Delayed 2 second(s)

2018-11-27 17:15:28 - [MESSAGE][PASSED] - Delayed 2 second(s)

2018-11-27 17:15:28 - [TEST_STEP][PASSED] - click: Object: 'Object Repository/Final Object Repo/Page_Update Add New Employee - ASSIST/Save Button for Add Employee' is clicked on

2018-11-27 17:15:28 - [MESSAGE][PASSED] - Object: 'Object Repository/Final Object Repo/Page_Update Add New Employee - ASSIST/Save Button for Add Employee' is clicked on

2018-11-27 17:15:28 - [TEST_STEP][PASSED] - delay: Delayed 20 second(s)

2018-11-27 17:15:48 - [MESSAGE][PASSED] - Delayed 20 second(s)

2018-11-27 17:15:48 - [TEST_STEP][PASSED] - click: Object: 'Object Repository/Final Object Repo/Page_Update Add New Employee - ASSIST/Add Employee Button' is clicked on

2018-11-27 17:15:48 - [MESSAGE][PASSED] - Object: 'Object Repository/Final Object Repo/Page_Update Add New Employee - ASSIST/Add Employee Button' is clicked on

2018-11-27 17:15:48 - [TEST_STEP][PASSED] - delay: Delayed 4 second(s)

2018-11-27 17:15:52 - [MESSAGE][PASSED] - Delayed 4 second(s)

2018-11-27 17:15:52 - [TEST_STEP][PASSED] - setText: Text '600203039104' is set on object 'Object Repository/Final Object Repo/Page_Update Add New Employee - ASSIST/NRIC Input'

2018-11-27 17:15:53 - [MESSAGE][PASSED] - Text '600203039104' is set on object 'Object Repository/Final Object Repo/Page_Update Add New Employee - ASSIST/NRIC Input'

2018-11-27 17:15:53 - [TEST_STEP][PASSED] - click: Object: 'Object Repository/Final Object Repo/Page_Update Add New Employee - ASSIST/button for search for IC' is clicked on

2018-11-27 17:15:53 - [MESSAGE][PASSED] - Object: 'Object Repository/Final Object Repo/Page_Update Add New Employee - ASSIST/button for search for IC' is clicked on

2018-11-27 17:15:53 - [TEST_STEP][PASSED] - delay: Delayed 2 second(s)

2018-11-27 17:15:55 - [MESSAGE][PASSED] - Delayed 2 second(s)

2018-11-27 17:15:55 - [TEST_STEP][PASSED] - setText: Text 'Automate002 not eligible 2' is set on object 'Object Repository/Final Object Repo/Page_Update Add New Employee - ASSIST/Employee Name Input'

2018-11-27 17:15:55 - [MESSAGE][PASSED] - Text 'Automate002 not eligible 2' is set on object 'Object Repository/Final Object Repo/Page_Update Add New Employee - ASSIST/Employee Name Input'

2018-11-27 17:15:55 - [TEST_STEP][PASSED] - delay: Delayed 2 second(s)

2018-11-27 17:15:57 - [MESSAGE][PASSED] - Delayed 2 second(s)

2018-11-27 17:15:57 - [TEST_STEP][PASSED] - click: Object: 'Object Repository/Final Object Repo/Page_Update Add New Employee - ASSIST/DatePicker Pop Up' is clicked on

2018-11-27 17:15:58 - [MESSAGE][PASSED] - Object: 'Object Repository/Final Object Repo/Page_Update Add New Employee - ASSIST/DatePicker Pop Up' is clicked on

2018-11-27 17:15:58 - [TEST_STEP][PASSED] - delay: Delayed 2 second(s)

2018-11-27 17:16:00 - [MESSAGE][PASSED] - Delayed 2 second(s)

2018-11-27 17:16:00 - [TEST_STEP][PASSED] - click: Object: 'Object Repository/Final Object Repo/Page_Update Add New Employee - ASSIST/DOB Month' is clicked on

2018-11-27 17:16:00 - [MESSAGE][PASSED] - Object: 'Object Repository/Final Object Repo/Page_Update Add New Employee - ASSIST/DOB Month' is clicked on

2018-11-27 17:16:00 - [TEST_STEP][PASSED] - Statement - selectMonth = com.kms.katalon.core.webui.keyword.WebUiBuiltInKeywords.modifyObjectProperty(selectMonth, "xpath", "equals", "//body/div/div/div/select/option[@value="" + CurrentMonth + ""]", true): Modify property of object successfully

2018-11-27 17:16:00 - [MESSAGE][PASSED] - Modify property of object successfully

2018-11-27 17:16:00 - [TEST_STEP][PASSED] - click: Object: '' is clicked on

2018-11-27 17:16:00 - [MESSAGE][PASSED] - Object: '' is clicked on

2018-11-27 17:16:00 - [TEST_STEP][PASSED] - click: Object: 'Object Repository/Final Object Repo/Page_Update Add New Employee - ASSIST/DOB Year' is clicked on

2018-11-27 17:16:00 - [MESSAGE][PASSED] - Object: 'Object Repository/Final Object Repo/Page_Update Add New Employee - ASSIST/DOB Year' is clicked on

2018-11-27 17:16:00 - [TEST_STEP][PASSED] - Statement - selectYear = com.kms.katalon.core.webui.keyword.WebUiBuiltInKeywords.modifyObjectProperty(selectYear, "xpath", "equals", "//div/div/div/select/option[@value="" + FiftysevenYrsBefore + ""]", true): Modify property of object successfully

2018-11-27 17:16:00 - [MESSAGE][PASSED] - Modify property of object successfully

2018-11-27 17:16:00 - [TEST_STEP][PASSED] - click: Object: '' is clicked on

2018-11-27 17:16:00 - [MESSAGE][PASSED] - Object: '' is clicked on

2018-11-27 17:16:00 - [TEST_STEP][PASSED] - Statement - UpdatedSelectDate = com.kms.katalon.core.webui.keyword.WebUiBuiltInKeywords.modifyObjectProperty(com.kms.katalon.core.testobject.ObjectRepository.findTestObject(Final Object Repo/Page_Update Add New Employee - ASSIST/DOB Date), "xpath", "equals", "//body/div/table/tbody/tr/td/a[text()="" + CurrentDate + ""]", true): Modify property of object successfully

2018-11-27 17:16:00 - [MESSAGE][PASSED] - Modify property of object successfully

2018-11-27 17:16:00 - [TEST_STEP][PASSED] - click: Object: 'Object Repository/Final Object Repo/Page_Update Add New Employee - ASSIST/DOB Date' is clicked on

2018-11-27 17:16:01 - [MESSAGE][PASSED] - Object: 'Object Repository/Final Object Repo/Page_Update Add New Employee - ASSIST/DOB Date' is clicked on

2018-11-27 17:16:01 - [TEST_STEP][PASSED] - click: Object: 'Object Repository/Final Object Repo/Page_Update Add New Employee - ASSIST/EmploymentStartDate Pop Up' is clicked on

2018-11-27 17:16:01 - [MESSAGE][PASSED] - Object: 'Object Repository/Final Object Repo/Page_Update Add New Employee - ASSIST/EmploymentStartDate Pop Up' is clicked on

2018-11-27 17:16:01 - [TEST_STEP][PASSED] - delay: Delayed 2 second(s)

2018-11-27 17:16:03 - [MESSAGE][PASSED] - Delayed 2 second(s)

2018-11-27 17:16:03 - [TEST_STEP][PASSED] - click: Object: 'Object Repository/Final Object Repo/Page_Update Add New Employee - ASSIST/Socso Employment StartDate Month' is clicked on

2018-11-27 17:16:03 - [MESSAGE][PASSED] - Object: 'Object Repository/Final Object Repo/Page_Update Add New Employee - ASSIST/Socso Employment StartDate Month' is clicked on

2018-11-27 17:16:03 - [TEST_STEP][PASSED] - delay: Delayed 1 second(s)

2018-11-27 17:16:04 - [MESSAGE][PASSED] - Delayed 1 second(s)

2018-11-27 17:16:04 - [TEST_STEP][PASSED] - click: Object: 'Object Repository/Final Object Repo/Page_Update Add New Employee - ASSIST/Select Socso Employement Startdate Month' is clicked on

2018-11-27 17:16:04 - [MESSAGE][PASSED] - Object: 'Object Repository/Final Object Repo/Page_Update Add New Employee - ASSIST/Select Socso Employement Startdate Month' is clicked on

2018-11-27 17:16:04 - [TEST_STEP][PASSED] - delay: Delayed 2 second(s)

2018-11-27 17:16:06 - [MESSAGE][PASSED] - Delayed 2 second(s)

2018-11-27 17:16:06 - [TEST_STEP][PASSED] - click: Object: 'Object Repository/Final Object Repo/Page_Update Add New Employee - ASSIST/Socso Employment StartDate Year' is clicked on

2018-11-27 17:16:06 - [MESSAGE][PASSED] - Object: 'Object Repository/Final Object Repo/Page_Update Add New Employee - ASSIST/Socso Employment StartDate Year' is clicked on

2018-11-27 17:16:06 - [TEST_STEP][PASSED] - delay: Delayed 1 second(s)

2018-11-27 17:16:07 - [MESSAGE][PASSED] - Delayed 1 second(s)

2018-11-27 17:16:07 - [TEST_STEP][PASSED] - click: Object: 'Object Repository/Final Object Repo/Page_Update Add New Employee - ASSIST/Select Socso Employment Startdate Year' is clicked on

2018-11-27 17:16:07 - [MESSAGE][PASSED] - Object: 'Object Repository/Final Object Repo/Page_Update Add New Employee - ASSIST/Select Socso Employment Startdate Year' is clicked on

2018-11-27 17:16:07 - [TEST_STEP][PASSED] - delay: Delayed 2 second(s)

2018-11-27 17:16:09 - [MESSAGE][PASSED] - Delayed 2 second(s)

2018-11-27 17:16:09 - [TEST_STEP][PASSED] - click: Object: 'Object Repository/Final Object Repo/Page_Update Add New Employee - ASSIST/Socso Employment Start Date Day' is clicked on

2018-11-27 17:16:10 - [MESSAGE][PASSED] - Object: 'Object Repository/Final Object Repo/Page_Update Add New Employee - ASSIST/Socso Employment Start Date Day' is clicked on

2018-11-27 17:16:10 - [TEST_STEP][PASSED] - delay: Delayed 2 second(s)

2018-11-27 17:16:12 - [MESSAGE][PASSED] - Delayed 2 second(s)

2018-11-27 17:16:12 - [TEST_STEP][PASSED] - click: Object: 'Object Repository/Final Object Repo/Page_Update Add New Employee - ASSIST/Save Button for Add Employee' is clicked on

2018-11-27 17:16:12 - [MESSAGE][PASSED] - Object: 'Object Repository/Final Object Repo/Page_Update Add New Employee - ASSIST/Save Button for Add Employee' is clicked on

2018-11-27 17:16:12 - [MESSAGE][PASSED] - Call Test Case 'Test Cases/Final Aug 2018 - PKS Automation/Registration Module/Workflow/Update Add New Employee/Template/Employee Adding/Employee Adding Action Repeat IC - set 2' successfully

2018-11-27 17:16:12 - [MESSAGE][PASSED] - Call Test Case 'Test Cases/Final Aug 2018 - PKS Automation/Registration Module/Workflow/Update Add New Employee/Template/Employee Adding/Employee Set Decider' successfully

2018-11-27 17:16:12 - [TEST_STEP][PASSED] - delay: Delayed 4 second(s)

2018-11-27 17:16:16 - [MESSAGE][PASSED] - Delayed 4 second(s)

2018-11-27 17:16:16 - [TEST_STEP][PASSED] - Statement - CaseReferenceNo = com.kms.katalon.core.webui.keyword.WebUiBuiltInKeywords.getText(com.kms.katalon.core.testobject.ObjectRepository.findTestObject(Final Object Repo/Page_Update Add New Employee - ASSIST/RefNo)): Text of object 'Object Repository/Final Object Repo/Page_Update Add New Employee - ASSIST/RefNo' is: 'CAN11201800002206'

2018-11-27 17:16:16 - [MESSAGE][PASSED] - Text of object 'Object Repository/Final Object Repo/Page_Update Add New Employee - ASSIST/RefNo' is: 'CAN11201800002206'

2018-11-27 17:16:16 - [TEST_STEP][PASSED] - callTestCase: Call Test Case 'Test Cases/Final Aug 2018 - PKS Automation/Common/Reference Number Setter' successfully

2018-11-27 17:16:16 - [TEST_CASE][PASSED] - Test Cases/Final Aug 2018 - PKS Automation/Common/Reference Number Setter: Test Cases/Final Aug 2018 - PKS Automation/Common/Reference Number Setter

2018-11-27 17:16:16 - [TEST_STEP][PASSED] - Statement - RefNoOldFile = new java.io.File(C://Users//Admin//Desktop//PKS//Automation Reference Point//KatalonReference.txt): null

2018-11-27 17:16:16 - [TEST_STEP][PASSED] - Statement - RefNoOldFile.delete(): null

2018-11-27 17:16:16 - [TEST_STEP][PASSED] - delay: Delayed 5 second(s)

2018-11-27 17:16:21 - [MESSAGE][PASSED] - Delayed 5 second(s)

2018-11-27 17:16:21 - [TEST_STEP][PASSED] - Statement - RefNo = new java.io.File(C://Users//Admin//Desktop//PKS//Automation Reference Point//KatalonReference.txt): null

2018-11-27 17:16:21 - [TEST_STEP][PASSED] - Statement - f2 = new java.io.FileWriter(RefNo, false): null

2018-11-27 17:16:21 - [TEST_STEP][PASSED] - Statement - f2.write(CaseReferenceNo): null

2018-11-27 17:16:21 - [TEST_STEP][PASSED] - Statement - f2.close(): null

2018-11-27 17:16:21 - [TEST_STEP][PASSED] - Statement - out.println("


" + CaseReferenceNo + "


"): null

2018-11-27 17:16:21 - [MESSAGE][PASSED] - Call Test Case 'Test Cases/Final Aug 2018 - PKS Automation/Common/Reference Number Setter' successfully

2018-11-27 17:16:21 - [TEST_STEP][PASSED] - delay: Delayed 5 second(s)

2018-11-27 17:16:26 - [MESSAGE][PASSED] - Delayed 5 second(s)

2018-11-27 17:16:26 - [TEST_STEP][PASSED] - click: Object: 'Object Repository/Final Object Repo/Page_Update Add New Employee - ASSIST/Save  Continue Button' is clicked on

2018-11-27 17:16:26 - [MESSAGE][PASSED] - Object: 'Object Repository/Final Object Repo/Page_Update Add New Employee - ASSIST/Save  Continue Button' is clicked on

2018-11-27 17:16:26 - [TEST_STEP][PASSED] - delay: Delayed 5 second(s)

2018-11-27 17:16:31 - [MESSAGE][PASSED] - Delayed 5 second(s)

2018-11-27 17:16:31 - [TEST_STEP][PASSED] - click: Object: 'Object Repository/Final Object Repo/Page_Update Add New Employee - ASSIST/Save  Continue Third Screen' is clicked on

2018-11-27 17:16:34 - [MESSAGE][PASSED] - Object: 'Object Repository/Final Object Repo/Page_Update Add New Employee - ASSIST/Save  Continue Third Screen' is clicked on

2018-11-27 17:16:34 - [TEST_STEP][PASSED] - delay: Delayed 4 second(s)

2018-11-27 17:16:38 - [MESSAGE][PASSED] - Delayed 4 second(s)

2018-11-27 17:16:38 - [TEST_STEP][PASSED] - click: Object: 'Object Repository/Final Object Repo/Page_Update Add New Employee - ASSIST/Save   Continue Supporting Doc Page' is clicked on

2018-11-27 17:16:38 - [MESSAGE][PASSED] - Object: 'Object Repository/Final Object Repo/Page_Update Add New Employee - ASSIST/Save   Continue Supporting Doc Page' is clicked on

2018-11-27 17:16:38 - [TEST_STEP][PASSED] - delay: Delayed 4 second(s)

2018-11-27 17:16:42 - [MESSAGE][PASSED] - Delayed 4 second(s)

2018-11-27 17:16:42 - [TEST_STEP][PASSED] - click: Object: 'Object Repository/Final Object Repo/Page_Update Add New Employee - ASSIST/Submit Button' is clicked on

2018-11-27 17:16:43 - [MESSAGE][PASSED] - Object: 'Object Repository/Final Object Repo/Page_Update Add New Employee - ASSIST/Submit Button' is clicked on

2018-11-27 17:16:43 - [TEST_STEP][PASSED] - delay: Delayed 4 second(s)

2018-11-27 17:16:47 - [MESSAGE][PASSED] - Delayed 4 second(s)

2018-11-27 17:16:47 - [TEST_STEP][PASSED] - click: Object: 'Object Repository/Final Object Repo/Page_Update Add New Employee - ASSIST/Confirm Submit Button' is clicked on

2018-11-27 17:16:47 - [MESSAGE][PASSED] - Object: 'Object Repository/Final Object Repo/Page_Update Add New Employee - ASSIST/Confirm Submit Button' is clicked on

2018-11-27 17:16:47 - [TEST_STEP][PASSED] - delay: Delayed 30 second(s)

2018-11-27 17:17:17 - [MESSAGE][PASSED] - Delayed 30 second(s)

2018-11-27 17:17:17 - [TEST_STEP][PASSED] - callTestCase: Call Test Case 'Test Cases/Final Aug 2018 - PKS Automation/Common/Screenshoting tool' successfully

2018-11-27 17:17:17 - [TEST_CASE][PASSED] - Test Cases/Final Aug 2018 - PKS Automation/Common/Screenshoting tool: Test Cases/Final Aug 2018 - PKS Automation/Common/Screenshoting tool

2018-11-27 17:17:17 - [TEST_STEP][PASSED] - delay: Delayed 15 second(s)

2018-11-27 17:17:32 - [MESSAGE][PASSED] - Delayed 15 second(s)

2018-11-27 17:17:32 - [TEST_STEP][PASSED] - Statement - driver = com.kms.katalon.core.webui.driver.DriverFactory.getWebDriver(): null

2018-11-27 17:17:32 - [TEST_STEP][PASSED] - Statement - driver.manage().timeouts().implicitlyWait(10, SECONDS): null

2018-11-27 17:17:32 - [TEST_STEP][PASSED] - Statement - PresavePath = KatalonScreenshots: null

2018-11-27 17:17:32 - [TEST_STEP][PASSED] - Statement - pathPrefix = "C:\Users\Public\Pictures\Sample Pictures\Katalon Screenshots\Automate Ending Screen": null

2018-11-27 17:17:32 - [TEST_STEP][PASSED] - Statement - finalPath = <not implemented yet for class: org.codehaus.groovy.ast.expr.EmptyExpression>: null

2018-11-27 17:17:32 - [TEST_STEP][PASSED] - Statement - scrFile = driver.getScreenshotAs(FILE): null

2018-11-27 17:17:32 - [TEST_STEP][PASSED] - Statement - PreSaveFile = new java.io.File(PresavePath): null

2018-11-27 17:17:32 - [TEST_STEP][PASSED] - Statement - counter = 0: null

2018-11-27 17:17:32 - [TEST_STEP][PASSED] - Statement - If (PreSaveFile.exists()): null

2018-11-27 17:17:32 - [TEST_STEP][PASSED] - Statement - While (PreSaveFile.exists()): null

2018-11-27 17:17:32 - [TEST_STEP][PASSED] - Statement - counter = counter + 1: null

2018-11-27 17:17:32 - [TEST_STEP][PASSED] - Statement - PreSaveFile = new java.io.File(((pathPrefix + java.lang.Integer.toString(counter)) + .png)): null

2018-11-27 17:17:32 - [TEST_STEP][PASSED] - Statement - counter = counter + 1: null

2018-11-27 17:17:32 - [TEST_STEP][PASSED] - Statement - PreSaveFile = new java.io.File(((pathPrefix + java.lang.Integer.toString(counter)) + .png)): null

2018-11-27 17:17:32 - [TEST_STEP][PASSED] - Statement - counter = counter + 1: null

2018-11-27 17:17:32 - [TEST_STEP][PASSED] - Statement - PreSaveFile = new java.io.File(((pathPrefix + java.lang.Integer.toString(counter)) + .png)): null

2018-11-27 17:17:32 - [TEST_STEP][PASSED] - Statement - counter = counter + 1: null

2018-11-27 17:17:32 - [TEST_STEP][PASSED] - Statement - PreSaveFile = new java.io.File(((pathPrefix + java.lang.Integer.toString(counter)) + .png)): null

2018-11-27 17:17:32 - [TEST_STEP][PASSED] - Statement - counter = counter + 1: null

2018-11-27 17:17:32 - [TEST_STEP][PASSED] - Statement - PreSaveFile = new java.io.File(((pathPrefix + java.lang.Integer.toString(counter)) + .png)): null

2018-11-27 17:17:32 - [TEST_STEP][PASSED] - Statement - counter = counter + 1: null

2018-11-27 17:17:32 - [TEST_STEP][PASSED] - Statement - PreSaveFile = new java.io.File(((pathPrefix + java.lang.Integer.toString(counter)) + .png)): null

2018-11-27 17:17:32 - [TEST_STEP][PASSED] - Statement - counter = counter + 1: null

2018-11-27 17:17:32 - [TEST_STEP][PASSED] - Statement - PreSaveFile = new java.io.File(((pathPrefix + java.lang.Integer.toString(counter)) + .png)): null

2018-11-27 17:17:32 - [TEST_STEP][PASSED] - Statement - counter = counter + 1: null

2018-11-27 17:17:32 - [TEST_STEP][PASSED] - Statement - PreSaveFile = new java.io.File(((pathPrefix + java.lang.Integer.toString(counter)) + .png)): null

2018-11-27 17:17:32 - [TEST_STEP][PASSED] - Statement - counter = counter + 1: null

2018-11-27 17:17:32 - [TEST_STEP][PASSED] - Statement - PreSaveFile = new java.io.File(((pathPrefix + java.lang.Integer.toString(counter)) + .png)): null

2018-11-27 17:17:32 - [TEST_STEP][PASSED] - Statement - counter = counter + 1: null

2018-11-27 17:17:32 - [TEST_STEP][PASSED] - Statement - PreSaveFile = new java.io.File(((pathPrefix + java.lang.Integer.toString(counter)) + .png)): null

2018-11-27 17:17:32 - [TEST_STEP][PASSED] - Statement - counter = counter + 1: null

2018-11-27 17:17:32 - [TEST_STEP][PASSED] - Statement - PreSaveFile = new java.io.File(((pathPrefix + java.lang.Integer.toString(counter)) + .png)): null

2018-11-27 17:17:32 - [TEST_STEP][PASSED] - Statement - counter = counter + 1: null

2018-11-27 17:17:32 - [TEST_STEP][PASSED] - Statement - PreSaveFile = new java.io.File(((pathPrefix + java.lang.Integer.toString(counter)) + .png)): null

2018-11-27 17:17:32 - [TEST_STEP][PASSED] - Statement - counter = counter + 1: null

2018-11-27 17:17:32 - [TEST_STEP][PASSED] - Statement - PreSaveFile = new java.io.File(((pathPrefix + java.lang.Integer.toString(counter)) + .png)): null

2018-11-27 17:17:32 - [TEST_STEP][PASSED] - Statement - counter = counter + 1: null

2018-11-27 17:17:32 - [TEST_STEP][PASSED] - Statement - PreSaveFile = new java.io.File(((pathPrefix + java.lang.Integer.toString(counter)) + .png)): null

2018-11-27 17:17:32 - [TEST_STEP][PASSED] - Statement - counter = counter + 1: null

2018-11-27 17:17:32 - [TEST_STEP][PASSED] - Statement - PreSaveFile = new java.io.File(((pathPrefix + java.lang.Integer.toString(counter)) + .png)): null

2018-11-27 17:17:32 - [TEST_STEP][PASSED] - Statement - counter = counter + 1: null

2018-11-27 17:17:32 - [TEST_STEP][PASSED] - Statement - PreSaveFile = new java.io.File(((pathPrefix + java.lang.Integer.toString(counter)) + .png)): null

2018-11-27 17:17:32 - [TEST_STEP][PASSED] - Statement - counter = counter + 1: null

2018-11-27 17:17:32 - [TEST_STEP][PASSED] - Statement - PreSaveFile = new java.io.File(((pathPrefix + java.lang.Integer.toString(counter)) + .png)): null

2018-11-27 17:17:32 - [TEST_STEP][PASSED] - Statement - counter = counter + 1: null

2018-11-27 17:17:32 - [TEST_STEP][PASSED] - Statement - PreSaveFile = new java.io.File(((pathPrefix + java.lang.Integer.toString(counter)) + .png)): null

2018-11-27 17:17:32 - [TEST_STEP][PASSED] - Statement - counter = counter + 1: null

2018-11-27 17:17:32 - [TEST_STEP][PASSED] - Statement - PreSaveFile = new java.io.File(((pathPrefix + java.lang.Integer.toString(counter)) + .png)): null

2018-11-27 17:17:32 - [TEST_STEP][PASSED] - Statement - counter = counter + 1: null

2018-11-27 17:17:32 - [TEST_STEP][PASSED] - Statement - PreSaveFile = new java.io.File(((pathPrefix + java.lang.Integer.toString(counter)) + .png)): null

2018-11-27 17:17:32 - [TEST_STEP][PASSED] - Statement - counter = counter + 1: null

2018-11-27 17:17:32 - [TEST_STEP][PASSED] - Statement - PreSaveFile = new java.io.File(((pathPrefix + java.lang.Integer.toString(counter)) + .png)): null

2018-11-27 17:17:32 - [TEST_STEP][PASSED] - Statement - counter = counter + 1: null

2018-11-27 17:17:32 - [TEST_STEP][PASSED] - Statement - PreSaveFile = new java.io.File(((pathPrefix + java.lang.Integer.toString(counter)) + .png)): null

2018-11-27 17:17:32 - [TEST_STEP][PASSED] - Statement - counter = counter + 1: null

2018-11-27 17:17:32 - [TEST_STEP][PASSED] - Statement - PreSaveFile = new java.io.File(((pathPrefix + java.lang.Integer.toString(counter)) + .png)): null

2018-11-27 17:17:32 - [TEST_STEP][PASSED] - Statement - counter = counter + 1: null

2018-11-27 17:17:32 - [TEST_STEP][PASSED] - Statement - PreSaveFile = new java.io.File(((pathPrefix + java.lang.Integer.toString(counter)) + .png)): null

2018-11-27 17:17:32 - [TEST_STEP][PASSED] - Statement - counter = counter + 1: null

2018-11-27 17:17:32 - [TEST_STEP][PASSED] - Statement - PreSaveFile = new java.io.File(((pathPrefix + java.lang.Integer.toString(counter)) + .png)): null

2018-11-27 17:17:32 - [TEST_STEP][PASSED] - Statement - counter = counter + 1: null

2018-11-27 17:17:32 - [TEST_STEP][PASSED] - Statement - PreSaveFile = new java.io.File(((pathPrefix + java.lang.Integer.toString(counter)) + .png)): null

2018-11-27 17:17:32 - [TEST_STEP][PASSED] - Statement - counter = counter + 1: null

2018-11-27 17:17:32 - [TEST_STEP][PASSED] - Statement - PreSaveFile = new java.io.File(((pathPrefix + java.lang.Integer.toString(counter)) + .png)): null

2018-11-27 17:17:32 - [TEST_STEP][PASSED] - Statement - counter = counter + 1: null

2018-11-27 17:17:32 - [TEST_STEP][PASSED] - Statement - PreSaveFile = new java.io.File(((pathPrefix + java.lang.Integer.toString(counter)) + .png)): null

2018-11-27 17:17:32 - [TEST_STEP][PASSED] - Statement - counter = counter + 1: null

2018-11-27 17:17:32 - [TEST_STEP][PASSED] - Statement - PreSaveFile = new java.io.File(((pathPrefix + java.lang.Integer.toString(counter)) + .png)): null

2018-11-27 17:17:32 - [TEST_STEP][PASSED] - Statement - counter = counter + 1: null

2018-11-27 17:17:32 - [TEST_STEP][PASSED] - Statement - PreSaveFile = new java.io.File(((pathPrefix + java.lang.Integer.toString(counter)) + .png)): null

2018-11-27 17:17:32 - [TEST_STEP][PASSED] - Statement - counter = counter + 1: null

2018-11-27 17:17:32 - [TEST_STEP][PASSED] - Statement - PreSaveFile = new java.io.File(((pathPrefix + java.lang.Integer.toString(counter)) + .png)): null

2018-11-27 17:17:32 - [TEST_STEP][PASSED] - Statement - counter = counter + 1: null

2018-11-27 17:17:32 - [TEST_STEP][PASSED] - Statement - PreSaveFile = new java.io.File(((pathPrefix + java.lang.Integer.toString(counter)) + .png)): null

2018-11-27 17:17:32 - [TEST_STEP][PASSED] - Statement - counter = counter + 1: null

2018-11-27 17:17:32 - [TEST_STEP][PASSED] - Statement - PreSaveFile = new java.io.File(((pathPrefix + java.lang.Integer.toString(counter)) + .png)): null

2018-11-27 17:17:32 - [TEST_STEP][PASSED] - Statement - counter = counter + 1: null

2018-11-27 17:17:32 - [TEST_STEP][PASSED] - Statement - PreSaveFile = new java.io.File(((pathPrefix + java.lang.Integer.toString(counter)) + .png)): null

2018-11-27 17:17:32 - [TEST_STEP][PASSED] - Statement - counter = counter + 1: null

2018-11-27 17:17:32 - [TEST_STEP][PASSED] - Statement - PreSaveFile = new java.io.File(((pathPrefix + java.lang.Integer.toString(counter)) + .png)): null

2018-11-27 17:17:32 - [TEST_STEP][PASSED] - Statement - counter = counter + 1: null

2018-11-27 17:17:32 - [TEST_STEP][PASSED] - Statement - PreSaveFile = new java.io.File(((pathPrefix + java.lang.Integer.toString(counter)) + .png)): null

2018-11-27 17:17:32 - [TEST_STEP][PASSED] - Statement - counter = counter + 1: null

2018-11-27 17:17:32 - [TEST_STEP][PASSED] - Statement - PreSaveFile = new java.io.File(((pathPrefix + java.lang.Integer.toString(counter)) + .png)): null

2018-11-27 17:17:32 - [TEST_STEP][PASSED] - Statement - counter = counter + 1: null

2018-11-27 17:17:32 - [TEST_STEP][PASSED] - Statement - PreSaveFile = new java.io.File(((pathPrefix + java.lang.Integer.toString(counter)) + .png)): null

2018-11-27 17:17:32 - [TEST_STEP][PASSED] - Statement - counter = counter + 1: null

2018-11-27 17:17:32 - [TEST_STEP][PASSED] - Statement - PreSaveFile = new java.io.File(((pathPrefix + java.lang.Integer.toString(counter)) + .png)): null

2018-11-27 17:17:32 - [TEST_STEP][PASSED] - Statement - counter = counter + 1: null

2018-11-27 17:17:32 - [TEST_STEP][PASSED] - Statement - PreSaveFile = new java.io.File(((pathPrefix + java.lang.Integer.toString(counter)) + .png)): null

2018-11-27 17:17:32 - [TEST_STEP][PASSED] - Statement - counter = counter + 1: null

2018-11-27 17:17:32 - [TEST_STEP][PASSED] - Statement - PreSaveFile = new java.io.File(((pathPrefix + java.lang.Integer.toString(counter)) + .png)): null

2018-11-27 17:17:32 - [TEST_STEP][PASSED] - Statement - counter = counter + 1: null

2018-11-27 17:17:32 - [TEST_STEP][PASSED] - Statement - PreSaveFile = new java.io.File(((pathPrefix + java.lang.Integer.toString(counter)) + .png)): null

2018-11-27 17:17:32 - [TEST_STEP][PASSED] - Statement - counter = counter + 1: null

2018-11-27 17:17:32 - [TEST_STEP][PASSED] - Statement - PreSaveFile = new java.io.File(((pathPrefix + java.lang.Integer.toString(counter)) + .png)): null

2018-11-27 17:17:32 - [TEST_STEP][PASSED] - Statement - counter = counter + 1: null

2018-11-27 17:17:32 - [TEST_STEP][PASSED] - Statement - PreSaveFile = new java.io.File(((pathPrefix + java.lang.Integer.toString(counter)) + .png)): null

2018-11-27 17:17:32 - [TEST_STEP][PASSED] - Statement - counter = counter + 1: null

2018-11-27 17:17:32 - [TEST_STEP][PASSED] - Statement - PreSaveFile = new java.io.File(((pathPrefix + java.lang.Integer.toString(counter)) + .png)): null

2018-11-27 17:17:32 - [TEST_STEP][PASSED] - Statement - counter = counter + 1: null

2018-11-27 17:17:32 - [TEST_STEP][PASSED] - Statement - PreSaveFile = new java.io.File(((pathPrefix + java.lang.Integer.toString(counter)) + .png)): null

2018-11-27 17:17:32 - [TEST_STEP][PASSED] - Statement - counter = counter + 1: null

2018-11-27 17:17:32 - [TEST_STEP][PASSED] - Statement - PreSaveFile = new java.io.File(((pathPrefix + java.lang.Integer.toString(counter)) + .png)): null

2018-11-27 17:17:32 - [TEST_STEP][PASSED] - Statement - counter = counter + 1: null

2018-11-27 17:17:32 - [TEST_STEP][PASSED] - Statement - PreSaveFile = new java.io.File(((pathPrefix + java.lang.Integer.toString(counter)) + .png)): null

2018-11-27 17:17:32 - [TEST_STEP][PASSED] - Statement - counter = counter + 1: null

2018-11-27 17:17:32 - [TEST_STEP][PASSED] - Statement - PreSaveFile = new java.io.File(((pathPrefix + java.lang.Integer.toString(counter)) + .png)): null

2018-11-27 17:17:32 - [TEST_STEP][PASSED] - Statement - counter = counter + 1: null

2018-11-27 17:17:32 - [TEST_STEP][PASSED] - Statement - PreSaveFile = new java.io.File(((pathPrefix + java.lang.Integer.toString(counter)) + .png)): null

2018-11-27 17:17:32 - [TEST_STEP][PASSED] - Statement - counter = counter + 1: null

2018-11-27 17:17:32 - [TEST_STEP][PASSED] - Statement - PreSaveFile = new java.io.File(((pathPrefix + java.lang.Integer.toString(counter)) + .png)): null

2018-11-27 17:17:32 - [TEST_STEP][PASSED] - Statement - counter = counter + 1: null

2018-11-27 17:17:32 - [TEST_STEP][PASSED] - Statement - PreSaveFile = new java.io.File(((pathPrefix + java.lang.Integer.toString(counter)) + .png)): null

2018-11-27 17:17:32 - [TEST_STEP][PASSED] - Statement - counter = counter + 1: null

2018-11-27 17:17:32 - [TEST_STEP][PASSED] - Statement - PreSaveFile = new java.io.File(((pathPrefix + java.lang.Integer.toString(counter)) + .png)): null

2018-11-27 17:17:32 - [TEST_STEP][PASSED] - Statement - counter = counter + 1: null

2018-11-27 17:17:32 - [TEST_STEP][PASSED] - Statement - PreSaveFile = new java.io.File(((pathPrefix + java.lang.Integer.toString(counter)) + .png)): null

2018-11-27 17:17:32 - [TEST_STEP][PASSED] - Statement - counter = counter + 1: null

2018-11-27 17:17:32 - [TEST_STEP][PASSED] - Statement - PreSaveFile = new java.io.File(((pathPrefix + java.lang.Integer.toString(counter)) + .png)): null

2018-11-27 17:17:32 - [TEST_STEP][PASSED] - Statement - counter = counter + 1: null

2018-11-27 17:17:32 - [TEST_STEP][PASSED] - Statement - PreSaveFile = new java.io.File(((pathPrefix + java.lang.Integer.toString(counter)) + .png)): null

2018-11-27 17:17:32 - [TEST_STEP][PASSED] - Statement - counter = counter + 1: null

2018-11-27 17:17:32 - [TEST_STEP][PASSED] - Statement - PreSaveFile = new java.io.File(((pathPrefix + java.lang.Integer.toString(counter)) + .png)): null

2018-11-27 17:17:32 - [TEST_STEP][PASSED] - Statement - counter = counter + 1: null

2018-11-27 17:17:32 - [TEST_STEP][PASSED] - Statement - PreSaveFile = new java.io.File(((pathPrefix + java.lang.Integer.toString(counter)) + .png)): null

2018-11-27 17:17:32 - [TEST_STEP][PASSED] - Statement - counter = counter + 1: null

2018-11-27 17:17:32 - [TEST_STEP][PASSED] - Statement - PreSaveFile = new java.io.File(((pathPrefix + java.lang.Integer.toString(counter)) + .png)): null

2018-11-27 17:17:32 - [TEST_STEP][PASSED] - Statement - counter = counter + 1: null

2018-11-27 17:17:32 - [TEST_STEP][PASSED] - Statement - PreSaveFile = new java.io.File(((pathPrefix + java.lang.Integer.toString(counter)) + .png)): null

2018-11-27 17:17:32 - [TEST_STEP][PASSED] - Statement - counter = counter + 1: null

2018-11-27 17:17:32 - [TEST_STEP][PASSED] - Statement - PreSaveFile = new java.io.File(((pathPrefix + java.lang.Integer.toString(counter)) + .png)): null

2018-11-27 17:17:32 - [TEST_STEP][PASSED] - Statement - counter = counter + 1: null

2018-11-27 17:17:32 - [TEST_STEP][PASSED] - Statement - PreSaveFile = new java.io.File(((pathPrefix + java.lang.Integer.toString(counter)) + .png)): null

2018-11-27 17:17:32 - [TEST_STEP][PASSED] - Statement - counter = counter + 1: null

2018-11-27 17:17:32 - [TEST_STEP][PASSED] - Statement - PreSaveFile = new java.io.File(((pathPrefix + java.lang.Integer.toString(counter)) + .png)): null

2018-11-27 17:17:32 - [TEST_STEP][PASSED] - Statement - counter = counter + 1: null

2018-11-27 17:17:32 - [TEST_STEP][PASSED] - Statement - PreSaveFile = new java.io.File(((pathPrefix + java.lang.Integer.toString(counter)) + .png)): null

2018-11-27 17:17:32 - [TEST_STEP][PASSED] - Statement - counter = counter + 1: null

2018-11-27 17:17:32 - [TEST_STEP][PASSED] - Statement - PreSaveFile = new java.io.File(((pathPrefix + java.lang.Integer.toString(counter)) + .png)): null

2018-11-27 17:17:32 - [TEST_STEP][PASSED] - Statement - counter = counter + 1: null

2018-11-27 17:17:32 - [TEST_STEP][PASSED] - Statement - PreSaveFile = new java.io.File(((pathPrefix + java.lang.Integer.toString(counter)) + .png)): null

2018-11-27 17:17:32 - [TEST_STEP][PASSED] - Statement - counter = counter + 1: null

2018-11-27 17:17:32 - [TEST_STEP][PASSED] - Statement - PreSaveFile = new java.io.File(((pathPrefix + java.lang.Integer.toString(counter)) + .png)): null

2018-11-27 17:17:32 - [TEST_STEP][PASSED] - Statement - counter = counter + 1: null

2018-11-27 17:17:32 - [TEST_STEP][PASSED] - Statement - PreSaveFile = new java.io.File(((pathPrefix + java.lang.Integer.toString(counter)) + .png)): null

2018-11-27 17:17:32 - [TEST_STEP][PASSED] - Statement - counter = counter + 1: null

2018-11-27 17:17:32 - [TEST_STEP][PASSED] - Statement - PreSaveFile = new java.io.File(((pathPrefix + java.lang.Integer.toString(counter)) + .png)): null

2018-11-27 17:17:32 - [TEST_STEP][PASSED] - Statement - counter = counter + 1: null

2018-11-27 17:17:32 - [TEST_STEP][PASSED] - Statement - PreSaveFile = new java.io.File(((pathPrefix + java.lang.Integer.toString(counter)) + .png)): null

2018-11-27 17:17:32 - [TEST_STEP][PASSED] - Statement - counter = counter + 1: null

2018-11-27 17:17:32 - [TEST_STEP][PASSED] - Statement - PreSaveFile = new java.io.File(((pathPrefix + java.lang.Integer.toString(counter)) + .png)): null

2018-11-27 17:17:32 - [TEST_STEP][PASSED] - Statement - counter = counter + 1: null

2018-11-27 17:17:32 - [TEST_STEP][PASSED] - Statement - PreSaveFile = new java.io.File(((pathPrefix + java.lang.Integer.toString(counter)) + .png)): null

2018-11-27 17:17:32 - [TEST_STEP][PASSED] - Statement - counter = counter + 1: null

2018-11-27 17:17:32 - [TEST_STEP][PASSED] - Statement - PreSaveFile = new java.io.File(((pathPrefix + java.lang.Integer.toString(counter)) + .png)): null

2018-11-27 17:17:32 - [TEST_STEP][PASSED] - Statement - counter = counter + 1: null

2018-11-27 17:17:32 - [TEST_STEP][PASSED] - Statement - PreSaveFile = new java.io.File(((pathPrefix + java.lang.Integer.toString(counter)) + .png)): null

2018-11-27 17:17:32 - [TEST_STEP][PASSED] - Statement - counter = counter + 1: null

2018-11-27 17:17:32 - [TEST_STEP][PASSED] - Statement - PreSaveFile = new java.io.File(((pathPrefix + java.lang.Integer.toString(counter)) + .png)): null

2018-11-27 17:17:32 - [TEST_STEP][PASSED] - Statement - counter = counter + 1: null

2018-11-27 17:17:32 - [TEST_STEP][PASSED] - Statement - PreSaveFile = new java.io.File(((pathPrefix + java.lang.Integer.toString(counter)) + .png)): null

2018-11-27 17:17:32 - [TEST_STEP][PASSED] - Statement - counter = counter + 1: null

2018-11-27 17:17:32 - [TEST_STEP][PASSED] - Statement - PreSaveFile = new java.io.File(((pathPrefix + java.lang.Integer.toString(counter)) + .png)): null

2018-11-27 17:17:32 - [TEST_STEP][PASSED] - Statement - counter = counter + 1: null

2018-11-27 17:17:32 - [TEST_STEP][PASSED] - Statement - PreSaveFile = new java.io.File(((pathPrefix + java.lang.Integer.toString(counter)) + .png)): null

2018-11-27 17:17:32 - [TEST_STEP][PASSED] - Statement - counter = counter + 1: null

2018-11-27 17:17:32 - [TEST_STEP][PASSED] - Statement - PreSaveFile = new java.io.File(((pathPrefix + java.lang.Integer.toString(counter)) + .png)): null

2018-11-27 17:17:32 - [TEST_STEP][PASSED] - Statement - counter = counter + 1: null

2018-11-27 17:17:32 - [TEST_STEP][PASSED] - Statement - PreSaveFile = new java.io.File(((pathPrefix + java.lang.Integer.toString(counter)) + .png)): null

2018-11-27 17:17:32 - [TEST_STEP][PASSED] - Statement - counter = counter + 1: null

2018-11-27 17:17:32 - [TEST_STEP][PASSED] - Statement - PreSaveFile = new java.io.File(((pathPrefix + java.lang.Integer.toString(counter)) + .png)): null

2018-11-27 17:17:32 - [TEST_STEP][PASSED] - Statement - counter = counter + 1: null

2018-11-27 17:17:32 - [TEST_STEP][PASSED] - Statement - PreSaveFile = new java.io.File(((pathPrefix + java.lang.Integer.toString(counter)) + .png)): null

2018-11-27 17:17:32 - [TEST_STEP][PASSED] - Statement - counter = counter + 1: null

2018-11-27 17:17:32 - [TEST_STEP][PASSED] - Statement - PreSaveFile = new java.io.File(((pathPrefix + java.lang.Integer.toString(counter)) + .png)): null

2018-11-27 17:17:32 - [TEST_STEP][PASSED] - Statement - counter = counter + 1: null

2018-11-27 17:17:32 - [TEST_STEP][PASSED] - Statement - PreSaveFile = new java.io.File(((pathPrefix + java.lang.Integer.toString(counter)) + .png)): null

2018-11-27 17:17:32 - [TEST_STEP][PASSED] - Statement - counter = counter + 1: null

2018-11-27 17:17:32 - [TEST_STEP][PASSED] - Statement - PreSaveFile = new java.io.File(((pathPrefix + java.lang.Integer.toString(counter)) + .png)): null

2018-11-27 17:17:33 - [TEST_STEP][PASSED] - Statement - counter = counter + 1: null

2018-11-27 17:17:33 - [TEST_STEP][PASSED] - Statement - PreSaveFile = new java.io.File(((pathPrefix + java.lang.Integer.toString(counter)) + .png)): null

2018-11-27 17:17:33 - [TEST_STEP][PASSED] - Statement - counter = counter + 1: null

2018-11-27 17:17:33 - [TEST_STEP][PASSED] - Statement - PreSaveFile = new java.io.File(((pathPrefix + java.lang.Integer.toString(counter)) + .png)): null

2018-11-27 17:17:33 - [TEST_STEP][PASSED] - Statement - counter = counter + 1: null

2018-11-27 17:17:33 - [TEST_STEP][PASSED] - Statement - PreSaveFile = new java.io.File(((pathPrefix + java.lang.Integer.toString(counter)) + .png)): null

2018-11-27 17:17:33 - [TEST_STEP][PASSED] - Statement - counter = counter + 1: null

2018-11-27 17:17:33 - [TEST_STEP][PASSED] - Statement - PreSaveFile = new java.io.File(((pathPrefix + java.lang.Integer.toString(counter)) + .png)): null

2018-11-27 17:17:33 - [TEST_STEP][PASSED] - Statement - counter = counter + 1: null

2018-11-27 17:17:33 - [TEST_STEP][PASSED] - Statement - PreSaveFile = new java.io.File(((pathPrefix + java.lang.Integer.toString(counter)) + .png)): null

2018-11-27 17:17:33 - [TEST_STEP][PASSED] - Statement - counter = counter + 1: null

2018-11-27 17:17:33 - [TEST_STEP][PASSED] - Statement - PreSaveFile = new java.io.File(((pathPrefix + java.lang.Integer.toString(counter)) + .png)): null

2018-11-27 17:17:33 - [TEST_STEP][PASSED] - Statement - counter = counter + 1: null

2018-11-27 17:17:33 - [TEST_STEP][PASSED] - Statement - PreSaveFile = new java.io.File(((pathPrefix + java.lang.Integer.toString(counter)) + .png)): null

2018-11-27 17:17:33 - [TEST_STEP][PASSED] - Statement - counter = counter + 1: null

2018-11-27 17:17:33 - [TEST_STEP][PASSED] - Statement - PreSaveFile = new java.io.File(((pathPrefix + java.lang.Integer.toString(counter)) + .png)): null

2018-11-27 17:17:33 - [TEST_STEP][PASSED] - Statement - counter = counter + 1: null

2018-11-27 17:17:33 - [TEST_STEP][PASSED] - Statement - PreSaveFile = new java.io.File(((pathPrefix + java.lang.Integer.toString(counter)) + .png)): null

2018-11-27 17:17:33 - [TEST_STEP][PASSED] - Statement - counter = counter + 1: null

2018-11-27 17:17:33 - [TEST_STEP][PASSED] - Statement - PreSaveFile = new java.io.File(((pathPrefix + java.lang.Integer.toString(counter)) + .png)): null

2018-11-27 17:17:33 - [TEST_STEP][PASSED] - Statement - counter = counter + 1: null

2018-11-27 17:17:33 - [TEST_STEP][PASSED] - Statement - PreSaveFile = new java.io.File(((pathPrefix + java.lang.Integer.toString(counter)) + .png)): null

2018-11-27 17:17:33 - [TEST_STEP][PASSED] - Statement - counter = counter + 1: null

2018-11-27 17:17:33 - [TEST_STEP][PASSED] - Statement - PreSaveFile = new java.io.File(((pathPrefix + java.lang.Integer.toString(counter)) + .png)): null

2018-11-27 17:17:33 - [TEST_STEP][PASSED] - Statement - counter = counter + 1: null

2018-11-27 17:17:33 - [TEST_STEP][PASSED] - Statement - PreSaveFile = new java.io.File(((pathPrefix + java.lang.Integer.toString(counter)) + .png)): null

2018-11-27 17:17:33 - [TEST_STEP][PASSED] - Statement - counter = counter + 1: null

2018-11-27 17:17:33 - [TEST_STEP][PASSED] - Statement - PreSaveFile = new java.io.File(((pathPrefix + java.lang.Integer.toString(counter)) + .png)): null

2018-11-27 17:17:33 - [TEST_STEP][PASSED] - Statement - counter = counter + 1: null

2018-11-27 17:17:33 - [TEST_STEP][PASSED] - Statement - PreSaveFile = new java.io.File(((pathPrefix + java.lang.Integer.toString(counter)) + .png)): null

2018-11-27 17:17:33 - [TEST_STEP][PASSED] - Statement - counter = counter + 1: null

2018-11-27 17:17:33 - [TEST_STEP][PASSED] - Statement - PreSaveFile = new java.io.File(((pathPrefix + java.lang.Integer.toString(counter)) + .png)): null

2018-11-27 17:17:33 - [TEST_STEP][PASSED] - Statement - counter = counter + 1: null

2018-11-27 17:17:33 - [TEST_STEP][PASSED] - Statement - PreSaveFile = new java.io.File(((pathPrefix + java.lang.Integer.toString(counter)) + .png)): null

2018-11-27 17:17:33 - [TEST_STEP][PASSED] - Statement - counter = counter + 1: null

2018-11-27 17:17:33 - [TEST_STEP][PASSED] - Statement - PreSaveFile = new java.io.File(((pathPrefix + java.lang.Integer.toString(counter)) + .png)): null

2018-11-27 17:17:33 - [TEST_STEP][PASSED] - Statement - counter = counter + 1: null

2018-11-27 17:17:33 - [TEST_STEP][PASSED] - Statement - PreSaveFile = new java.io.File(((pathPrefix + java.lang.Integer.toString(counter)) + .png)): null

2018-11-27 17:17:33 - [TEST_STEP][PASSED] - Statement - counter = counter + 1: null

2018-11-27 17:17:33 - [TEST_STEP][PASSED] - Statement - PreSaveFile = new java.io.File(((pathPrefix + java.lang.Integer.toString(counter)) + .png)): null

2018-11-27 17:17:33 - [TEST_STEP][PASSED] - Statement - counter = counter + 1: null

2018-11-27 17:17:33 - [TEST_STEP][PASSED] - Statement - PreSaveFile = new java.io.File(((pathPrefix + java.lang.Integer.toString(counter)) + .png)): null

2018-11-27 17:17:33 - [TEST_STEP][PASSED] - Statement - counter = counter + 1: null

2018-11-27 17:17:33 - [TEST_STEP][PASSED] - Statement - PreSaveFile = new java.io.File(((pathPrefix + java.lang.Integer.toString(counter)) + .png)): null

2018-11-27 17:17:33 - [TEST_STEP][PASSED] - Statement - counter = counter + 1: null

2018-11-27 17:17:33 - [TEST_STEP][PASSED] - Statement - PreSaveFile = new java.io.File(((pathPrefix + java.lang.Integer.toString(counter)) + .png)): null

2018-11-27 17:17:33 - [TEST_STEP][PASSED] - Statement - counter = counter + 1: null

2018-11-27 17:17:33 - [TEST_STEP][PASSED] - Statement - PreSaveFile = new java.io.File(((pathPrefix + java.lang.Integer.toString(counter)) + .png)): null

2018-11-27 17:17:33 - [TEST_STEP][PASSED] - Statement - counter = counter + 1: null

2018-11-27 17:17:33 - [TEST_STEP][PASSED] - Statement - PreSaveFile = new java.io.File(((pathPrefix + java.lang.Integer.toString(counter)) + .png)): null

2018-11-27 17:17:33 - [TEST_STEP][PASSED] - Statement - counter = counter + 1: null

2018-11-27 17:17:33 - [TEST_STEP][PASSED] - Statement - PreSaveFile = new java.io.File(((pathPrefix + java.lang.Integer.toString(counter)) + .png)): null

2018-11-27 17:17:33 - [TEST_STEP][PASSED] - Statement - counter = counter + 1: null

2018-11-27 17:17:33 - [TEST_STEP][PASSED] - Statement - PreSaveFile = new java.io.File(((pathPrefix + java.lang.Integer.toString(counter)) + .png)): null

2018-11-27 17:17:33 - [TEST_STEP][PASSED] - Statement - counter = counter + 1: null

2018-11-27 17:17:33 - [TEST_STEP][PASSED] - Statement - PreSaveFile = new java.io.File(((pathPrefix + java.lang.Integer.toString(counter)) + .png)): null

2018-11-27 17:17:33 - [TEST_STEP][PASSED] - Statement - counter = counter + 1: null

2018-11-27 17:17:33 - [TEST_STEP][PASSED] - Statement - PreSaveFile = new java.io.File(((pathPrefix + java.lang.Integer.toString(counter)) + .png)): null

2018-11-27 17:17:33 - [TEST_STEP][PASSED] - Statement - counter = counter + 1: null

2018-11-27 17:17:33 - [TEST_STEP][PASSED] - Statement - PreSaveFile = new java.io.File(((pathPrefix + java.lang.Integer.toString(counter)) + .png)): null

2018-11-27 17:17:33 - [TEST_STEP][PASSED] - Statement - counter = counter + 1: null

2018-11-27 17:17:33 - [TEST_STEP][PASSED] - Statement - PreSaveFile = new java.io.File(((pathPrefix + java.lang.Integer.toString(counter)) + .png)): null

2018-11-27 17:17:33 - [TEST_STEP][PASSED] - Statement - counter = counter + 1: null

2018-11-27 17:17:33 - [TEST_STEP][PASSED] - Statement - PreSaveFile = new java.io.File(((pathPrefix + java.lang.Integer.toString(counter)) + .png)): null

2018-11-27 17:17:33 - [TEST_STEP][PASSED] - Statement - counter = counter + 1: null

2018-11-27 17:17:33 - [TEST_STEP][PASSED] - Statement - PreSaveFile = new java.io.File(((pathPrefix + java.lang.Integer.toString(counter)) + .png)): null

2018-11-27 17:17:33 - [TEST_STEP][PASSED] - Statement - counter = counter + 1: null

2018-11-27 17:17:33 - [TEST_STEP][PASSED] - Statement - PreSaveFile = new java.io.File(((pathPrefix + java.lang.Integer.toString(counter)) + .png)): null

2018-11-27 17:17:33 - [TEST_STEP][PASSED] - Statement - counter = counter + 1: null

2018-11-27 17:17:33 - [TEST_STEP][PASSED] - Statement - PreSaveFile = new java.io.File(((pathPrefix + java.lang.Integer.toString(counter)) + .png)): null

2018-11-27 17:17:33 - [TEST_STEP][PASSED] - Statement - counter = counter + 1: null

2018-11-27 17:17:33 - [TEST_STEP][PASSED] - Statement - PreSaveFile = new java.io.File(((pathPrefix + java.lang.Integer.toString(counter)) + .png)): null

2018-11-27 17:17:33 - [TEST_STEP][PASSED] - Statement - counter = counter + 1: null

2018-11-27 17:17:33 - [TEST_STEP][PASSED] - Statement - PreSaveFile = new java.io.File(((pathPrefix + java.lang.Integer.toString(counter)) + .png)): null

2018-11-27 17:17:33 - [TEST_STEP][PASSED] - Statement - counter = counter + 1: null

2018-11-27 17:17:33 - [TEST_STEP][PASSED] - Statement - PreSaveFile = new java.io.File(((pathPrefix + java.lang.Integer.toString(counter)) + .png)): null

2018-11-27 17:17:33 - [TEST_STEP][PASSED] - Statement - counter = counter + 1: null

2018-11-27 17:17:33 - [TEST_STEP][PASSED] - Statement - PreSaveFile = new java.io.File(((pathPrefix + java.lang.Integer.toString(counter)) + .png)): null

2018-11-27 17:17:33 - [TEST_STEP][PASSED] - Statement - counter = counter + 1: null

2018-11-27 17:17:33 - [TEST_STEP][PASSED] - Statement - PreSaveFile = new java.io.File(((pathPrefix + java.lang.Integer.toString(counter)) + .png)): null

2018-11-27 17:17:33 - [TEST_STEP][PASSED] - Statement - counter = counter + 1: null

2018-11-27 17:17:33 - [TEST_STEP][PASSED] - Statement - PreSaveFile = new java.io.File(((pathPrefix + java.lang.Integer.toString(counter)) + .png)): null

2018-11-27 17:17:33 - [TEST_STEP][PASSED] - Statement - counter = counter + 1: null

2018-11-27 17:17:33 - [TEST_STEP][PASSED] - Statement - PreSaveFile = new java.io.File(((pathPrefix + java.lang.Integer.toString(counter)) + .png)): null

2018-11-27 17:17:33 - [TEST_STEP][PASSED] - Statement - counter = counter + 1: null

2018-11-27 17:17:33 - [TEST_STEP][PASSED] - Statement - PreSaveFile = new java.io.File(((pathPrefix + java.lang.Integer.toString(counter)) + .png)): null

2018-11-27 17:17:33 - [TEST_STEP][PASSED] - Statement - counter = counter + 1: null

2018-11-27 17:17:33 - [TEST_STEP][PASSED] - Statement - PreSaveFile = new java.io.File(((pathPrefix + java.lang.Integer.toString(counter)) + .png)): null

2018-11-27 17:17:33 - [TEST_STEP][PASSED] - Statement - counter = counter + 1: null

2018-11-27 17:17:33 - [TEST_STEP][PASSED] - Statement - PreSaveFile = new java.io.File(((pathPrefix + java.lang.Integer.toString(counter)) + .png)): null

2018-11-27 17:17:33 - [TEST_STEP][PASSED] - Statement - counter = counter + 1: null

2018-11-27 17:17:33 - [TEST_STEP][PASSED] - Statement - PreSaveFile = new java.io.File(((pathPrefix + java.lang.Integer.toString(counter)) + .png)): null

2018-11-27 17:17:33 - [TEST_STEP][PASSED] - Statement - counter = counter + 1: null

2018-11-27 17:17:33 - [TEST_STEP][PASSED] - Statement - PreSaveFile = new java.io.File(((pathPrefix + java.lang.Integer.toString(counter)) + .png)): null

2018-11-27 17:17:33 - [TEST_STEP][PASSED] - Statement - counter = counter + 1: null

2018-11-27 17:17:33 - [TEST_STEP][PASSED] - Statement - PreSaveFile = new java.io.File(((pathPrefix + java.lang.Integer.toString(counter)) + .png)): null

2018-11-27 17:17:33 - [TEST_STEP][PASSED] - Statement - counter = counter + 1: null

2018-11-27 17:17:33 - [TEST_STEP][PASSED] - Statement - PreSaveFile = new java.io.File(((pathPrefix + java.lang.Integer.toString(counter)) + .png)): null

2018-11-27 17:17:33 - [TEST_STEP][PASSED] - Statement - counter = counter + 1: null

2018-11-27 17:17:33 - [TEST_STEP][PASSED] - Statement - PreSaveFile = new java.io.File(((pathPrefix + java.lang.Integer.toString(counter)) + .png)): null

2018-11-27 17:17:33 - [TEST_STEP][PASSED] - Statement - counter = counter + 1: null

2018-11-27 17:17:33 - [TEST_STEP][PASSED] - Statement - PreSaveFile = new java.io.File(((pathPrefix + java.lang.Integer.toString(counter)) + .png)): null

2018-11-27 17:17:33 - [TEST_STEP][PASSED] - Statement - counter = counter + 1: null

2018-11-27 17:17:33 - [TEST_STEP][PASSED] - Statement - PreSaveFile = new java.io.File(((pathPrefix + java.lang.Integer.toString(counter)) + .png)): null

2018-11-27 17:17:33 - [TEST_STEP][PASSED] - Statement - counter = counter + 1: null

2018-11-27 17:17:33 - [TEST_STEP][PASSED] - Statement - PreSaveFile = new java.io.File(((pathPrefix + java.lang.Integer.toString(counter)) + .png)): null

2018-11-27 17:17:33 - [TEST_STEP][PASSED] - Statement - counter = counter + 1: null

2018-11-27 17:17:33 - [TEST_STEP][PASSED] - Statement - PreSaveFile = new java.io.File(((pathPrefix + java.lang.Integer.toString(counter)) + .png)): null

2018-11-27 17:17:33 - [TEST_STEP][PASSED] - Statement - counter = counter + 1: null

2018-11-27 17:17:33 - [TEST_STEP][PASSED] - Statement - PreSaveFile = new java.io.File(((pathPrefix + java.lang.Integer.toString(counter)) + .png)): null

2018-11-27 17:17:33 - [TEST_STEP][PASSED] - Statement - counter = counter + 1: null

2018-11-27 17:17:33 - [TEST_STEP][PASSED] - Statement - PreSaveFile = new java.io.File(((pathPrefix + java.lang.Integer.toString(counter)) + .png)): null

2018-11-27 17:17:33 - [TEST_STEP][PASSED] - Statement - counter = counter + 1: null

2018-11-27 17:17:33 - [TEST_STEP][PASSED] - Statement - PreSaveFile = new java.io.File(((pathPrefix + java.lang.Integer.toString(counter)) + .png)): null

2018-11-27 17:17:33 - [TEST_STEP][PASSED] - Statement - counter = counter + 1: null

2018-11-27 17:17:33 - [TEST_STEP][PASSED] - Statement - PreSaveFile = new java.io.File(((pathPrefix + java.lang.Integer.toString(counter)) + .png)): null

2018-11-27 17:17:33 - [TEST_STEP][PASSED] - Statement - counter = counter + 1: null

2018-11-27 17:17:33 - [TEST_STEP][PASSED] - Statement - PreSaveFile = new java.io.File(((pathPrefix + java.lang.Integer.toString(counter)) + .png)): null

2018-11-27 17:17:33 - [TEST_STEP][PASSED] - Statement - counter = counter + 1: null

2018-11-27 17:17:33 - [TEST_STEP][PASSED] - Statement - PreSaveFile = new java.io.File(((pathPrefix + java.lang.Integer.toString(counter)) + .png)): null

2018-11-27 17:17:33 - [TEST_STEP][PASSED] - Statement - counter = counter + 1: null

2018-11-27 17:17:33 - [TEST_STEP][PASSED] - Statement - PreSaveFile = new java.io.File(((pathPrefix + java.lang.Integer.toString(counter)) + .png)): null

2018-11-27 17:17:33 - [TEST_STEP][PASSED] - Statement - counter = counter + 1: null

2018-11-27 17:17:33 - [TEST_STEP][PASSED] - Statement - PreSaveFile = new java.io.File(((pathPrefix + java.lang.Integer.toString(counter)) + .png)): null

2018-11-27 17:17:33 - [TEST_STEP][PASSED] - Statement - counter = counter + 1: null

2018-11-27 17:17:33 - [TEST_STEP][PASSED] - Statement - PreSaveFile = new java.io.File(((pathPrefix + java.lang.Integer.toString(counter)) + .png)): null

2018-11-27 17:17:33 - [TEST_STEP][PASSED] - Statement - counter = counter + 1: null

2018-11-27 17:17:33 - [TEST_STEP][PASSED] - Statement - PreSaveFile = new java.io.File(((pathPrefix + java.lang.Integer.toString(counter)) + .png)): null

2018-11-27 17:17:33 - [TEST_STEP][PASSED] - Statement - counter = counter + 1: null

2018-11-27 17:17:33 - [TEST_STEP][PASSED] - Statement - PreSaveFile = new java.io.File(((pathPrefix + java.lang.Integer.toString(counter)) + .png)): null

2018-11-27 17:17:33 - [TEST_STEP][PASSED] - Statement - counter = counter + 1: null

2018-11-27 17:17:33 - [TEST_STEP][PASSED] - Statement - PreSaveFile = new java.io.File(((pathPrefix + java.lang.Integer.toString(counter)) + .png)): null

2018-11-27 17:17:33 - [TEST_STEP][PASSED] - Statement - counter = counter + 1: null

2018-11-27 17:17:33 - [TEST_STEP][PASSED] - Statement - PreSaveFile = new java.io.File(((pathPrefix + java.lang.Integer.toString(counter)) + .png)): null

2018-11-27 17:17:33 - [TEST_STEP][PASSED] - Statement - counter = counter + 1: null

2018-11-27 17:17:33 - [TEST_STEP][PASSED] - Statement - PreSaveFile = new java.io.File(((pathPrefix + java.lang.Integer.toString(counter)) + .png)): null

2018-11-27 17:17:33 - [TEST_STEP][PASSED] - Statement - counter = counter + 1: null

2018-11-27 17:17:33 - [TEST_STEP][PASSED] - Statement - PreSaveFile = new java.io.File(((pathPrefix + java.lang.Integer.toString(counter)) + .png)): null

2018-11-27 17:17:33 - [TEST_STEP][PASSED] - Statement - counter = counter + 1: null

2018-11-27 17:17:33 - [TEST_STEP][PASSED] - Statement - PreSaveFile = new java.io.File(((pathPrefix + java.lang.Integer.toString(counter)) + .png)): null

2018-11-27 17:17:33 - [TEST_STEP][PASSED] - Statement - counter = counter + 1: null

2018-11-27 17:17:33 - [TEST_STEP][PASSED] - Statement - PreSaveFile = new java.io.File(((pathPrefix + java.lang.Integer.toString(counter)) + .png)): null

2018-11-27 17:17:33 - [TEST_STEP][PASSED] - Statement - counter = counter + 1: null

2018-11-27 17:17:33 - [TEST_STEP][PASSED] - Statement - PreSaveFile = new java.io.File(((pathPrefix + java.lang.Integer.toString(counter)) + .png)): null

2018-11-27 17:17:33 - [TEST_STEP][PASSED] - Statement - counter = counter + 1: null

2018-11-27 17:17:33 - [TEST_STEP][PASSED] - Statement - PreSaveFile = new java.io.File(((pathPrefix + java.lang.Integer.toString(counter)) + .png)): null

2018-11-27 17:17:33 - [TEST_STEP][PASSED] - Statement - counter = counter + 1: null

2018-11-27 17:17:33 - [TEST_STEP][PASSED] - Statement - PreSaveFile = new java.io.File(((pathPrefix + java.lang.Integer.toString(counter)) + .png)): null

2018-11-27 17:17:33 - [TEST_STEP][PASSED] - Statement - counter = counter + 1: null

2018-11-27 17:17:33 - [TEST_STEP][PASSED] - Statement - PreSaveFile = new java.io.File(((pathPrefix + java.lang.Integer.toString(counter)) + .png)): null

2018-11-27 17:17:33 - [TEST_STEP][PASSED] - Statement - counter = counter + 1: null

2018-11-27 17:17:33 - [TEST_STEP][PASSED] - Statement - PreSaveFile = new java.io.File(((pathPrefix + java.lang.Integer.toString(counter)) + .png)): null

2018-11-27 17:17:33 - [TEST_STEP][PASSED] - Statement - counter = counter + 1: null

2018-11-27 17:17:33 - [TEST_STEP][PASSED] - Statement - PreSaveFile = new java.io.File(((pathPrefix + java.lang.Integer.toString(counter)) + .png)): null

2018-11-27 17:17:33 - [TEST_STEP][PASSED] - Statement - counter = counter + 1: null

2018-11-27 17:17:33 - [TEST_STEP][PASSED] - Statement - PreSaveFile = new java.io.File(((pathPrefix + java.lang.Integer.toString(counter)) + .png)): null

2018-11-27 17:17:33 - [TEST_STEP][PASSED] - Statement - counter = counter + 1: null

2018-11-27 17:17:33 - [TEST_STEP][PASSED] - Statement - PreSaveFile = new java.io.File(((pathPrefix + java.lang.Integer.toString(counter)) + .png)): null

2018-11-27 17:17:33 - [TEST_STEP][PASSED] - Statement - counter = counter + 1: null

2018-11-27 17:17:33 - [TEST_STEP][PASSED] - Statement - PreSaveFile = new java.io.File(((pathPrefix + java.lang.Integer.toString(counter)) + .png)): null

2018-11-27 17:17:33 - [TEST_STEP][PASSED] - Statement - counter = counter + 1: null

2018-11-27 17:17:33 - [TEST_STEP][PASSED] - Statement - PreSaveFile = new java.io.File(((pathPrefix + java.lang.Integer.toString(counter)) + .png)): null

2018-11-27 17:17:33 - [TEST_STEP][PASSED] - Statement - counter = counter + 1: null

2018-11-27 17:17:33 - [TEST_STEP][PASSED] - Statement - PreSaveFile = new java.io.File(((pathPrefix + java.lang.Integer.toString(counter)) + .png)): null

2018-11-27 17:17:33 - [TEST_STEP][PASSED] - Statement - counter = counter + 1: null

2018-11-27 17:17:33 - [TEST_STEP][PASSED] - Statement - PreSaveFile = new java.io.File(((pathPrefix + java.lang.Integer.toString(counter)) + .png)): null

2018-11-27 17:17:33 - [TEST_STEP][PASSED] - Statement - counter = counter + 1: null

2018-11-27 17:17:33 - [TEST_STEP][PASSED] - Statement - PreSaveFile = new java.io.File(((pathPrefix + java.lang.Integer.toString(counter)) + .png)): null

2018-11-27 17:17:33 - [TEST_STEP][PASSED] - Statement - counter = counter + 1: null

2018-11-27 17:17:33 - [TEST_STEP][PASSED] - Statement - PreSaveFile = new java.io.File(((pathPrefix + java.lang.Integer.toString(counter)) + .png)): null

2018-11-27 17:17:33 - [TEST_STEP][PASSED] - Statement - counter = counter + 1: null

2018-11-27 17:17:33 - [TEST_STEP][PASSED] - Statement - PreSaveFile = new java.io.File(((pathPrefix + java.lang.Integer.toString(counter)) + .png)): null

2018-11-27 17:17:33 - [TEST_STEP][PASSED] - Statement - counter = counter + 1: null

2018-11-27 17:17:33 - [TEST_STEP][PASSED] - Statement - PreSaveFile = new java.io.File(((pathPrefix + java.lang.Integer.toString(counter)) + .png)): null

2018-11-27 17:17:33 - [TEST_STEP][PASSED] - Statement - counter = counter + 1: null

2018-11-27 17:17:33 - [TEST_STEP][PASSED] - Statement - PreSaveFile = new java.io.File(((pathPrefix + java.lang.Integer.toString(counter)) + .png)): null

2018-11-27 17:17:33 - [TEST_STEP][PASSED] - Statement - counter = counter + 1: null

2018-11-27 17:17:33 - [TEST_STEP][PASSED] - Statement - PreSaveFile = new java.io.File(((pathPrefix + java.lang.Integer.toString(counter)) + .png)): null

2018-11-27 17:17:33 - [TEST_STEP][PASSED] - Statement - counter = counter + 1: null

2018-11-27 17:17:33 - [TEST_STEP][PASSED] - Statement - PreSaveFile = new java.io.File(((pathPrefix + java.lang.Integer.toString(counter)) + .png)): null

2018-11-27 17:17:33 - [TEST_STEP][PASSED] - Statement - counter = counter + 1: null

2018-11-27 17:17:33 - [TEST_STEP][PASSED] - Statement - PreSaveFile = new java.io.File(((pathPrefix + java.lang.Integer.toString(counter)) + .png)): null

2018-11-27 17:17:33 - [TEST_STEP][PASSED] - Statement - counter = counter + 1: null

2018-11-27 17:17:33 - [TEST_STEP][PASSED] - Statement - PreSaveFile = new java.io.File(((pathPrefix + java.lang.Integer.toString(counter)) + .png)): null

2018-11-27 17:17:33 - [TEST_STEP][PASSED] - Statement - counter = counter + 1: null

2018-11-27 17:17:33 - [TEST_STEP][PASSED] - Statement - PreSaveFile = new java.io.File(((pathPrefix + java.lang.Integer.toString(counter)) + .png)): null

2018-11-27 17:17:33 - [TEST_STEP][PASSED] - Statement - counter = counter + 1: null

2018-11-27 17:17:33 - [TEST_STEP][PASSED] - Statement - PreSaveFile = new java.io.File(((pathPrefix + java.lang.Integer.toString(counter)) + .png)): null

2018-11-27 17:17:33 - [TEST_STEP][PASSED] - Statement - counter = counter + 1: null

2018-11-27 17:17:33 - [TEST_STEP][PASSED] - Statement - PreSaveFile = new java.io.File(((pathPrefix + java.lang.Integer.toString(counter)) + .png)): null

2018-11-27 17:17:33 - [TEST_STEP][PASSED] - Statement - counter = counter + 1: null

2018-11-27 17:17:33 - [TEST_STEP][PASSED] - Statement - PreSaveFile = new java.io.File(((pathPrefix + java.lang.Integer.toString(counter)) + .png)): null

2018-11-27 17:17:33 - [TEST_STEP][PASSED] - Statement - counter = counter + 1: null

2018-11-27 17:17:33 - [TEST_STEP][PASSED] - Statement - PreSaveFile = new java.io.File(((pathPrefix + java.lang.Integer.toString(counter)) + .png)): null

2018-11-27 17:17:33 - [TEST_STEP][PASSED] - Statement - counter = counter + 1: null

2018-11-27 17:17:33 - [TEST_STEP][PASSED] - Statement - PreSaveFile = new java.io.File(((pathPrefix + java.lang.Integer.toString(counter)) + .png)): null

2018-11-27 17:17:33 - [TEST_STEP][PASSED] - Statement - counter = counter + 1: null

2018-11-27 17:17:33 - [TEST_STEP][PASSED] - Statement - PreSaveFile = new java.io.File(((pathPrefix + java.lang.Integer.toString(counter)) + .png)): null

2018-11-27 17:17:33 - [TEST_STEP][PASSED] - Statement - counter = counter + 1: null

2018-11-27 17:17:33 - [TEST_STEP][PASSED] - Statement - PreSaveFile = new java.io.File(((pathPrefix + java.lang.Integer.toString(counter)) + .png)): null

2018-11-27 17:17:33 - [TEST_STEP][PASSED] - Statement - counter = counter + 1: null

2018-11-27 17:17:33 - [TEST_STEP][PASSED] - Statement - PreSaveFile = new java.io.File(((pathPrefix + java.lang.Integer.toString(counter)) + .png)): null

2018-11-27 17:17:33 - [TEST_STEP][PASSED] - Statement - counter = counter + 1: null

2018-11-27 17:17:33 - [TEST_STEP][PASSED] - Statement - PreSaveFile = new java.io.File(((pathPrefix + java.lang.Integer.toString(counter)) + .png)): null

2018-11-27 17:17:33 - [TEST_STEP][PASSED] - Statement - counter = counter + 1: null

2018-11-27 17:17:33 - [TEST_STEP][PASSED] - Statement - PreSaveFile = new java.io.File(((pathPrefix + java.lang.Integer.toString(counter)) + .png)): null

2018-11-27 17:17:33 - [TEST_STEP][PASSED] - Statement - counter = counter + 1: null

2018-11-27 17:17:33 - [TEST_STEP][PASSED] - Statement - PreSaveFile = new java.io.File(((pathPrefix + java.lang.Integer.toString(counter)) + .png)): null

2018-11-27 17:17:33 - [TEST_STEP][PASSED] - Statement - counter = counter + 1: null

2018-11-27 17:17:33 - [TEST_STEP][PASSED] - Statement - PreSaveFile = new java.io.File(((pathPrefix + java.lang.Integer.toString(counter)) + .png)): null

2018-11-27 17:17:33 - [TEST_STEP][PASSED] - Statement - counter = counter + 1: null

2018-11-27 17:17:33 - [TEST_STEP][PASSED] - Statement - PreSaveFile = new java.io.File(((pathPrefix + java.lang.Integer.toString(counter)) + .png)): null

2018-11-27 17:17:33 - [TEST_STEP][PASSED] - Statement - counter = counter + 1: null

2018-11-27 17:17:33 - [TEST_STEP][PASSED] - Statement - PreSaveFile = new java.io.File(((pathPrefix + java.lang.Integer.toString(counter)) + .png)): null

2018-11-27 17:17:33 - [TEST_STEP][PASSED] - Statement - counter = counter + 1: null

2018-11-27 17:17:33 - [TEST_STEP][PASSED] - Statement - PreSaveFile = new java.io.File(((pathPrefix + java.lang.Integer.toString(counter)) + .png)): null

2018-11-27 17:17:33 - [TEST_STEP][PASSED] - Statement - counter = counter + 1: null

2018-11-27 17:17:33 - [TEST_STEP][PASSED] - Statement - PreSaveFile = new java.io.File(((pathPrefix + java.lang.Integer.toString(counter)) + .png)): null

2018-11-27 17:17:33 - [TEST_STEP][PASSED] - Statement - counter = counter + 1: null

2018-11-27 17:17:33 - [TEST_STEP][PASSED] - Statement - PreSaveFile = new java.io.File(((pathPrefix + java.lang.Integer.toString(counter)) + .png)): null

2018-11-27 17:17:33 - [TEST_STEP][PASSED] - Statement - counter = counter + 1: null

2018-11-27 17:17:33 - [TEST_STEP][PASSED] - Statement - PreSaveFile = new java.io.File(((pathPrefix + java.lang.Integer.toString(counter)) + .png)): null

2018-11-27 17:17:33 - [TEST_STEP][PASSED] - Statement - counter = counter + 1: null

2018-11-27 17:17:33 - [TEST_STEP][PASSED] - Statement - PreSaveFile = new java.io.File(((pathPrefix + java.lang.Integer.toString(counter)) + .png)): null

2018-11-27 17:17:33 - [TEST_STEP][PASSED] - Statement - counter = counter + 1: null

2018-11-27 17:17:33 - [TEST_STEP][PASSED] - Statement - PreSaveFile = new java.io.File(((pathPrefix + java.lang.Integer.toString(counter)) + .png)): null

2018-11-27 17:17:33 - [TEST_STEP][PASSED] - Statement - counter = counter + 1: null

2018-11-27 17:17:33 - [TEST_STEP][PASSED] - Statement - PreSaveFile = new java.io.File(((pathPrefix + java.lang.Integer.toString(counter)) + .png)): null

2018-11-27 17:17:33 - [TEST_STEP][PASSED] - Statement - counter = counter + 1: null

2018-11-27 17:17:33 - [TEST_STEP][PASSED] - Statement - PreSaveFile = new java.io.File(((pathPrefix + java.lang.Integer.toString(counter)) + .png)): null

2018-11-27 17:17:33 - [TEST_STEP][PASSED] - Statement - counter = counter + 1: null

2018-11-27 17:17:33 - [TEST_STEP][PASSED] - Statement - PreSaveFile = new java.io.File(((pathPrefix + java.lang.Integer.toString(counter)) + .png)): null

2018-11-27 17:17:33 - [TEST_STEP][PASSED] - Statement - counter = counter + 1: null

2018-11-27 17:17:33 - [TEST_STEP][PASSED] - Statement - PreSaveFile = new java.io.File(((pathPrefix + java.lang.Integer.toString(counter)) + .png)): null

2018-11-27 17:17:33 - [TEST_STEP][PASSED] - Statement - counter = counter + 1: null

2018-11-27 17:17:33 - [TEST_STEP][PASSED] - Statement - PreSaveFile = new java.io.File(((pathPrefix + java.lang.Integer.toString(counter)) + .png)): null

2018-11-27 17:17:33 - [TEST_STEP][PASSED] - Statement - counter = counter + 1: null

2018-11-27 17:17:33 - [TEST_STEP][PASSED] - Statement - PreSaveFile = new java.io.File(((pathPrefix + java.lang.Integer.toString(counter)) + .png)): null

2018-11-27 17:17:33 - [TEST_STEP][PASSED] - Statement - counter = counter + 1: null

2018-11-27 17:17:33 - [TEST_STEP][PASSED] - Statement - PreSaveFile = new java.io.File(((pathPrefix + java.lang.Integer.toString(counter)) + .png)): null

2018-11-27 17:17:33 - [TEST_STEP][PASSED] - Statement - counter = counter + 1: null

2018-11-27 17:17:33 - [TEST_STEP][PASSED] - Statement - PreSaveFile = new java.io.File(((pathPrefix + java.lang.Integer.toString(counter)) + .png)): null

2018-11-27 17:17:33 - [TEST_STEP][PASSED] - Statement - counter = counter + 1: null

2018-11-27 17:17:33 - [TEST_STEP][PASSED] - Statement - PreSaveFile = new java.io.File(((pathPrefix + java.lang.Integer.toString(counter)) + .png)): null

2018-11-27 17:17:33 - [TEST_STEP][PASSED] - Statement - counter = counter + 1: null

2018-11-27 17:17:33 - [TEST_STEP][PASSED] - Statement - PreSaveFile = new java.io.File(((pathPrefix + java.lang.Integer.toString(counter)) + .png)): null

2018-11-27 17:17:33 - [TEST_STEP][PASSED] - Statement - counter = counter + 1: null

2018-11-27 17:17:33 - [TEST_STEP][PASSED] - Statement - PreSaveFile = new java.io.File(((pathPrefix + java.lang.Integer.toString(counter)) + .png)): null

2018-11-27 17:17:33 - [TEST_STEP][PASSED] - Statement - counter = counter + 1: null

2018-11-27 17:17:33 - [TEST_STEP][PASSED] - Statement - PreSaveFile = new java.io.File(((pathPrefix + java.lang.Integer.toString(counter)) + .png)): null

2018-11-27 17:17:33 - [TEST_STEP][PASSED] - Statement - counter = counter + 1: null

2018-11-27 17:17:33 - [TEST_STEP][PASSED] - Statement - PreSaveFile = new java.io.File(((pathPrefix + java.lang.Integer.toString(counter)) + .png)): null

2018-11-27 17:17:33 - [TEST_STEP][PASSED] - Statement - counter = counter + 1: null

2018-11-27 17:17:33 - [TEST_STEP][PASSED] - Statement - PreSaveFile = new java.io.File(((pathPrefix + java.lang.Integer.toString(counter)) + .png)): null

2018-11-27 17:17:33 - [TEST_STEP][PASSED] - Statement - counter = counter + 1: null

2018-11-27 17:17:33 - [TEST_STEP][PASSED] - Statement - PreSaveFile = new java.io.File(((pathPrefix + java.lang.Integer.toString(counter)) + .png)): null

2018-11-27 17:17:33 - [TEST_STEP][PASSED] - Statement - counter = counter + 1: null

2018-11-27 17:17:33 - [TEST_STEP][PASSED] - Statement - PreSaveFile = new java.io.File(((pathPrefix + java.lang.Integer.toString(counter)) + .png)): null

2018-11-27 17:17:33 - [TEST_STEP][PASSED] - Statement - counter = counter + 1: null

2018-11-27 17:17:33 - [TEST_STEP][PASSED] - Statement - PreSaveFile = new java.io.File(((pathPrefix + java.lang.Integer.toString(counter)) + .png)): null

2018-11-27 17:17:33 - [TEST_STEP][PASSED] - Statement - counter = counter + 1: null

2018-11-27 17:17:33 - [TEST_STEP][PASSED] - Statement - PreSaveFile = new java.io.File(((pathPrefix + java.lang.Integer.toString(counter)) + .png)): null

2018-11-27 17:17:33 - [TEST_STEP][PASSED] - Statement - counter = counter + 1: null

2018-11-27 17:17:33 - [TEST_STEP][PASSED] - Statement - PreSaveFile = new java.io.File(((pathPrefix + java.lang.Integer.toString(counter)) + .png)): null

2018-11-27 17:17:33 - [TEST_STEP][PASSED] - Statement - counter = counter + 1: null

2018-11-27 17:17:33 - [TEST_STEP][PASSED] - Statement - PreSaveFile = new java.io.File(((pathPrefix + java.lang.Integer.toString(counter)) + .png)): null

2018-11-27 17:17:33 - [TEST_STEP][PASSED] - Statement - counter = counter + 1: null

2018-11-27 17:17:33 - [TEST_STEP][PASSED] - Statement - PreSaveFile = new java.io.File(((pathPrefix + java.lang.Integer.toString(counter)) + .png)): null

2018-11-27 17:17:33 - [TEST_STEP][PASSED] - Statement - counter = counter + 1: null

2018-11-27 17:17:33 - [TEST_STEP][PASSED] - Statement - PreSaveFile = new java.io.File(((pathPrefix + java.lang.Integer.toString(counter)) + .png)): null

2018-11-27 17:17:33 - [TEST_STEP][PASSED] - Statement - counter = counter + 1: null

2018-11-27 17:17:33 - [TEST_STEP][PASSED] - Statement - PreSaveFile = new java.io.File(((pathPrefix + java.lang.Integer.toString(counter)) + .png)): null

2018-11-27 17:17:33 - [TEST_STEP][PASSED] - Statement - counter = counter + 1: null

2018-11-27 17:17:33 - [TEST_STEP][PASSED] - Statement - PreSaveFile = new java.io.File(((pathPrefix + java.lang.Integer.toString(counter)) + .png)): null

2018-11-27 17:17:33 - [TEST_STEP][PASSED] - Statement - counter = counter + 1: null

2018-11-27 17:17:33 - [TEST_STEP][PASSED] - Statement - PreSaveFile = new java.io.File(((pathPrefix + java.lang.Integer.toString(counter)) + .png)): null

2018-11-27 17:17:33 - [TEST_STEP][PASSED] - Statement - counter = counter + 1: null

2018-11-27 17:17:33 - [TEST_STEP][PASSED] - Statement - PreSaveFile = new java.io.File(((pathPrefix + java.lang.Integer.toString(counter)) + .png)): null

2018-11-27 17:17:33 - [TEST_STEP][PASSED] - Statement - counter = counter + 1: null

2018-11-27 17:17:33 - [TEST_STEP][PASSED] - Statement - PreSaveFile = new java.io.File(((pathPrefix + java.lang.Integer.toString(counter)) + .png)): null

2018-11-27 17:17:33 - [TEST_STEP][PASSED] - Statement - counter = counter + 1: null

2018-11-27 17:17:33 - [TEST_STEP][PASSED] - Statement - PreSaveFile = new java.io.File(((pathPrefix + java.lang.Integer.toString(counter)) + .png)): null

2018-11-27 17:17:33 - [TEST_STEP][PASSED] - Statement - counter = counter + 1: null

2018-11-27 17:17:33 - [TEST_STEP][PASSED] - Statement - PreSaveFile = new java.io.File(((pathPrefix + java.lang.Integer.toString(counter)) + .png)): null

2018-11-27 17:17:33 - [TEST_STEP][PASSED] - Statement - counter = counter + 1: null

2018-11-27 17:17:33 - [TEST_STEP][PASSED] - Statement - PreSaveFile = new java.io.File(((pathPrefix + java.lang.Integer.toString(counter)) + .png)): null

2018-11-27 17:17:33 - [TEST_STEP][PASSED] - Statement - counter = counter + 1: null

2018-11-27 17:17:33 - [TEST_STEP][PASSED] - Statement - PreSaveFile = new java.io.File(((pathPrefix + java.lang.Integer.toString(counter)) + .png)): null

2018-11-27 17:17:33 - [TEST_STEP][PASSED] - Statement - counter = counter + 1: null

2018-11-27 17:17:33 - [TEST_STEP][PASSED] - Statement - PreSaveFile = new java.io.File(((pathPrefix + java.lang.Integer.toString(counter)) + .png)): null

2018-11-27 17:17:33 - [TEST_STEP][PASSED] - Statement - counter = counter + 1: null

2018-11-27 17:17:33 - [TEST_STEP][PASSED] - Statement - PreSaveFile = new java.io.File(((pathPrefix + java.lang.Integer.toString(counter)) + .png)): null

2018-11-27 17:17:33 - [TEST_STEP][PASSED] - Statement - counter = counter + 1: null

2018-11-27 17:17:33 - [TEST_STEP][PASSED] - Statement - PreSaveFile = new java.io.File(((pathPrefix + java.lang.Integer.toString(counter)) + .png)): null

2018-11-27 17:17:33 - [TEST_STEP][PASSED] - Statement - counter = counter + 1: null

2018-11-27 17:17:33 - [TEST_STEP][PASSED] - Statement - PreSaveFile = new java.io.File(((pathPrefix + java.lang.Integer.toString(counter)) + .png)): null

2018-11-27 17:17:33 - [TEST_STEP][PASSED] - Statement - counter = counter + 1: null

2018-11-27 17:17:33 - [TEST_STEP][PASSED] - Statement - PreSaveFile = new java.io.File(((pathPrefix + java.lang.Integer.toString(counter)) + .png)): null

2018-11-27 17:17:33 - [TEST_STEP][PASSED] - Statement - counter = counter + 1: null

2018-11-27 17:17:33 - [TEST_STEP][PASSED] - Statement - PreSaveFile = new java.io.File(((pathPrefix + java.lang.Integer.toString(counter)) + .png)): null

2018-11-27 17:17:33 - [TEST_STEP][PASSED] - Statement - counter = counter + 1: null

2018-11-27 17:17:33 - [TEST_STEP][PASSED] - Statement - PreSaveFile = new java.io.File(((pathPrefix + java.lang.Integer.toString(counter)) + .png)): null

2018-11-27 17:17:33 - [TEST_STEP][PASSED] - Statement - counter = counter + 1: null

2018-11-27 17:17:33 - [TEST_STEP][PASSED] - Statement - PreSaveFile = new java.io.File(((pathPrefix + java.lang.Integer.toString(counter)) + .png)): null

2018-11-27 17:17:33 - [TEST_STEP][PASSED] - Statement - counter = counter + 1: null

2018-11-27 17:17:33 - [TEST_STEP][PASSED] - Statement - PreSaveFile = new java.io.File(((pathPrefix + java.lang.Integer.toString(counter)) + .png)): null

2018-11-27 17:17:33 - [TEST_STEP][PASSED] - Statement - counter = counter + 1: null

2018-11-27 17:17:33 - [TEST_STEP][PASSED] - Statement - PreSaveFile = new java.io.File(((pathPrefix + java.lang.Integer.toString(counter)) + .png)): null

2018-11-27 17:17:33 - [TEST_STEP][PASSED] - Statement - counter = counter + 1: null

2018-11-27 17:17:33 - [TEST_STEP][PASSED] - Statement - PreSaveFile = new java.io.File(((pathPrefix + java.lang.Integer.toString(counter)) + .png)): null

2018-11-27 17:17:33 - [TEST_STEP][PASSED] - Statement - counter = counter + 1: null

2018-11-27 17:17:33 - [TEST_STEP][PASSED] - Statement - PreSaveFile = new java.io.File(((pathPrefix + java.lang.Integer.toString(counter)) + .png)): null

2018-11-27 17:17:33 - [TEST_STEP][PASSED] - Statement - counter = counter + 1: null

2018-11-27 17:17:33 - [TEST_STEP][PASSED] - Statement - PreSaveFile = new java.io.File(((pathPrefix + java.lang.Integer.toString(counter)) + .png)): null

2018-11-27 17:17:33 - [TEST_STEP][PASSED] - Statement - counter = counter + 1: null

2018-11-27 17:17:33 - [TEST_STEP][PASSED] - Statement - PreSaveFile = new java.io.File(((pathPrefix + java.lang.Integer.toString(counter)) + .png)): null

2018-11-27 17:17:33 - [TEST_STEP][PASSED] - Statement - counter = counter + 1: null

2018-11-27 17:17:33 - [TEST_STEP][PASSED] - Statement - PreSaveFile = new java.io.File(((pathPrefix + java.lang.Integer.toString(counter)) + .png)): null

2018-11-27 17:17:33 - [TEST_STEP][PASSED] - Statement - counter = counter + 1: null

2018-11-27 17:17:33 - [TEST_STEP][PASSED] - Statement - PreSaveFile = new java.io.File(((pathPrefix + java.lang.Integer.toString(counter)) + .png)): null

2018-11-27 17:17:33 - [TEST_STEP][PASSED] - Statement - counter = counter + 1: null

2018-11-27 17:17:33 - [TEST_STEP][PASSED] - Statement - PreSaveFile = new java.io.File(((pathPrefix + java.lang.Integer.toString(counter)) + .png)): null

2018-11-27 17:17:33 - [TEST_STEP][PASSED] - Statement - counter = counter + 1: null

2018-11-27 17:17:33 - [TEST_STEP][PASSED] - Statement - PreSaveFile = new java.io.File(((pathPrefix + java.lang.Integer.toString(counter)) + .png)): null

2018-11-27 17:17:33 - [TEST_STEP][PASSED] - Statement - counter = counter + 1: null

2018-11-27 17:17:33 - [TEST_STEP][PASSED] - Statement - PreSaveFile = new java.io.File(((pathPrefix + java.lang.Integer.toString(counter)) + .png)): null

2018-11-27 17:17:33 - [TEST_STEP][PASSED] - Statement - finalPath = pathPrefix + java.lang.Integer.toString(counter) + ".png": null

2018-11-27 17:17:33 - [TEST_STEP][PASSED] - Statement - SaveFile = new java.io.File(finalPath): null

2018-11-27 17:17:33 - [TEST_STEP][PASSED] - Statement - Try: null

2018-11-27 17:17:33 - [TEST_STEP][PASSED] - Statement - org.apache.commons.io.FileUtils.copyFile(scrFile, SaveFile): null

2018-11-27 17:17:33 - [TEST_STEP][PASSED] - Statement - out.println("file kept"): null

2018-11-27 17:17:33 - [TEST_STEP][PASSED] - delay: Delayed 10 second(s)

2018-11-27 17:17:43 - [MESSAGE][PASSED] - Delayed 10 second(s)

2018-11-27 17:17:43 - [MESSAGE][PASSED] - Call Test Case 'Test Cases/Final Aug 2018 - PKS Automation/Common/Screenshoting tool' successfully

2018-11-27 17:17:43 - [TEST_STEP][PASSED] - callTestCase: Call Test Case 'Test Cases/Final Aug 2018 - PKS Automation/Registration Module/Log Out/log out avoiding katalon tagging' successfully

2018-11-27 17:17:43 - [TEST_CASE][PASSED] - Test Cases/Final Aug 2018 - PKS Automation/Registration Module/Log Out/log out avoiding katalon tagging: Test Cases/Final Aug 2018 - PKS Automation/Registration Module/Log Out/log out avoiding katalon tagging

2018-11-27 17:17:43 - [TEST_STEP][PASSED] - navigateToUrl: Navigate to 'https://assist2-uat.perkeso.gov.my/c/portal/logout' successfully

2018-11-27 17:17:46 - [MESSAGE][PASSED] - Navigate to 'https://assist2-uat.perkeso.gov.my/c/portal/logout' successfully

2018-11-27 17:17:46 - [MESSAGE][PASSED] - Call Test Case 'Test Cases/Final Aug 2018 - PKS Automation/Registration Module/Log Out/log out avoiding katalon tagging' successfully

2018-11-27 17:17:46 - [TEST_STEP][FAILED] - callTestCase: Unable to call Test Case with id 'Test Cases/Final Aug 2018 - PKS Automation/Common/Workflow Owner Finder' (Root cause: Call Test Case 'Test Cases/Final Aug 2018 - PKS Automation/Common/Workflow Owner Finder' failed)

2018-11-27 17:17:46 - [TEST_CASE][FAILED] - Test Cases/Final Aug 2018 - PKS Automation/Common/Workflow Owner Finder: Test Cases/Final Aug 2018 - PKS Automation/Common/Workflow Owner Finder FAILED because (of) (Stack trace: com.kms.katalon.core.exception.StepFailedException: Unable to click on object 'Object Repository/Final Object Repo/Landing Page/Select to English' (Root cause: com.kms.katalon.core.webui.exception.WebElementNotFoundException: Web element with id: 'Object Repository/Final Object Repo/Landing Page/Select to English' located by 'By.xpath: //a[@class = 'taglib-language-list-text' and @lang = 'en-US' and (contains(text(), 'EN') or contains(., 'EN'))]' not found)
	at com.kms.katalon.core.keyword.internal.KeywordMain.stepFailed(KeywordMain.groovy:32)
	at com.kms.katalon.core.webui.keyword.internal.WebUIKeywordMain.stepFailed(WebUIKeywordMain.groovy:65)
	at com.kms.katalon.core.webui.keyword.internal.WebUIKeywordMain.runKeyword(WebUIKeywordMain.groovy:27)
	at com.kms.katalon.core.webui.keyword.builtin.ClickKeyword.click(ClickKeyword.groovy:86)
	at com.kms.katalon.core.webui.keyword.builtin.ClickKeyword.execute(ClickKeyword.groovy:67)
	at com.kms.katalon.core.keyword.internal.KeywordExecutor.executeKeywordForPlatform(KeywordExecutor.groovy:53)
	at com.kms.katalon.core.webui.keyword.WebUiBuiltInKeywords.click(WebUiBuiltInKeywords.groovy:604)
	at com.kms.katalon.core.webui.keyword.WebUiBuiltInKeywords$click$6.call(Unknown Source)
	at Script1534407542420.run(Script1534407542420.groovy:57)
	at com.kms.katalon.core.main.ScriptEngine.run(ScriptEngine.java:183)
	at com.kms.katalon.core.main.ScriptEngine.runScriptAsRawText(ScriptEngine.java:108)
	at com.kms.katalon.core.main.TestCaseExecutor.runScript(TestCaseExecutor.java:294)
	at com.kms.katalon.core.main.TestCaseExecutor.doExecute(TestCaseExecutor.java:285)
	at com.kms.katalon.core.main.TestCaseExecutor.processExecutionPhase(TestCaseExecutor.java:264)
	at com.kms.katalon.core.main.TestCaseExecutor.accessMainPhase(TestCaseExecutor.java:256)
	at com.kms.katalon.core.main.TestCaseExecutor.execute(TestCaseExecutor.java:200)
	at com.kms.katalon.core.main.TestCaseMain.runTestCase(TestCaseMain.java:99)
	at com.kms.katalon.core.keyword.builtin.CallTestCaseKeyword$_callTestCase_closure1.doCall(CallTestCaseKeyword.groovy:60)
	at com.kms.katalon.core.keyword.builtin.CallTestCaseKeyword$_callTestCase_closure1.call(CallTestCaseKeyword.groovy)
	at com.kms.katalon.core.keyword.internal.KeywordMain.runKeyword(KeywordMain.groovy:54)
	at com.kms.katalon.core.keyword.builtin.CallTestCaseKeyword.callTestCase(CallTestCaseKeyword.groovy:81)
	at com.kms.katalon.core.keyword.builtin.CallTestCaseKeyword.execute(CallTestCaseKeyword.groovy:45)
	at com.kms.katalon.core.keyword.internal.KeywordExecutor.executeKeywordForPlatform(KeywordExecutor.groovy:53)
	at com.kms.katalon.core.keyword.BuiltinKeywords.callTestCase(BuiltinKeywords.groovy:334)
	at sun.reflect.GeneratedMethodAccessor13.invoke(Unknown Source)
	at sun.reflect.DelegatingMethodAccessorImpl.invoke(DelegatingMethodAccessorImpl.java:43)
	at java.lang.reflect.Method.invoke(Method.java:498)
	at org.codehaus.groovy.reflection.CachedMethod.invoke(CachedMethod.java:93)
	at groovy.lang.MetaMethod.doMethodInvoke(MetaMethod.java:325)
	at groovy.lang.MetaClassImpl.invokeStaticMethod(MetaClassImpl.java:1469)
	at org.codehaus.groovy.runtime.callsite.StaticMetaClassSite.call(StaticMetaClassSite.java:53)
	at org.codehaus.groovy.runtime.callsite.CallSiteArray.defaultCall(CallSiteArray.java:48)
	at org.codehaus.groovy.runtime.callsite.AbstractCallSite.call(AbstractCallSite.java:113)
	at org.codehaus.groovy.runtime.callsite.AbstractCallSite.call(AbstractCallSite.java:141)
	at Script1536200585960.run(Script1536200585960.groovy:121)
	at com.kms.katalon.core.main.ScriptEngine.run(ScriptEngine.java:183)
	at com.kms.katalon.core.main.ScriptEngine.runScriptAsRawText(ScriptEngine.java:108)
	at com.kms.katalon.core.main.TestCaseExecutor.runScript(TestCaseExecutor.java:294)
	at com.kms.katalon.core.main.TestCaseExecutor.doExecute(TestCaseExecutor.java:285)
	at com.kms.katalon.core.main.TestCaseExecutor.processExecutionPhase(TestCaseExecutor.java:264)
	at com.kms.katalon.core.main.TestCaseExecutor.accessMainPhase(TestCaseExecutor.java:256)
	at com.kms.katalon.core.main.TestCaseExecutor.execute(TestCaseExecutor.java:200)
	at com.kms.katalon.core.main.TestSuiteExecutor.accessTestCaseMainPhase(TestSuiteExecutor.java:129)
	at com.kms.katalon.core.main.TestSuiteExecutor.accessTestSuiteMainPhase(TestSuiteExecutor.java:112)
	at com.kms.katalon.core.main.TestSuiteExecutor.execute(TestSuiteExecutor.java:81)
	at com.kms.katalon.core.main.TestCaseMain.startTestSuite(TestCaseMain.java:142)
	at com.kms.katalon.core.main.TestCaseMain$startTestSuite$0.call(Unknown Source)
	at org.codehaus.groovy.runtime.callsite.CallSiteArray.defaultCall(CallSiteArray.java:48)
	at org.codehaus.groovy.runtime.callsite.AbstractCallSite.call(AbstractCallSite.java:113)
	at org.codehaus.groovy.runtime.callsite.AbstractCallSite.call(AbstractCallSite.java:141)
	at TempTestSuite1543287057153.run(TempTestSuite1543287057153.groovy:36)
	at groovy.lang.GroovyShell.runScriptOrMainOrTestOrRunnable(GroovyShell.java:263)
	at groovy.lang.GroovyShell.run(GroovyShell.java:518)
	at groovy.lang.GroovyShell.run(GroovyShell.java:507)
	at groovy.ui.GroovyMain.processOnce(GroovyMain.java:653)
	at groovy.ui.GroovyMain.run(GroovyMain.java:384)
	at groovy.ui.GroovyMain.process(GroovyMain.java:370)
	at groovy.ui.GroovyMain.processArgs(GroovyMain.java:129)
	at groovy.ui.GroovyMain.main(GroovyMain.java:109)
	at sun.reflect.NativeMethodAccessorImpl.invoke0(Native Method)
	at sun.reflect.NativeMethodAccessorImpl.invoke(NativeMethodAccessorImpl.java:62)
	at sun.reflect.DelegatingMethodAccessorImpl.invoke(DelegatingMethodAccessorImpl.java:43)
	at java.lang.reflect.Method.invoke(Method.java:498)
	at org.codehaus.groovy.tools.GroovyStarter.rootLoader(GroovyStarter.java:109)
	at org.codehaus.groovy.tools.GroovyStarter.main(GroovyStarter.java:131)
)

2018-11-27 17:17:46 - [TEST_STEP][PASSED] - openBrowser: Browser is opened with url: ''

2018-11-27 17:17:46 - [MESSAGE][WARNING] - A browser is already opened. Closing browser and opening a new one

2018-11-27 17:17:53 - [MESSAGE][PASSED] - Browser is opened with url: ''

2018-11-27 17:17:53 - [TEST_STEP][PASSED] - navigateToUrl: Navigate to 'https://assist2-uat.perkeso.gov.my/login' successfully

2018-11-27 17:17:55 - [MESSAGE][PASSED] - Navigate to 'https://assist2-uat.perkeso.gov.my/login' successfully

2018-11-27 17:17:55 - [TEST_STEP][PASSED] - delay: Delayed 5 second(s)

2018-11-27 17:18:00 - [MESSAGE][PASSED] - Delayed 5 second(s)

2018-11-27 17:18:00 - [TEST_STEP][PASSED] - setText: Text 'test@liferay.com' is set on object 'Object Repository/Final Object Repo/Login Page/Internal User/Email Address'

2018-11-27 17:18:00 - [MESSAGE][PASSED] - Text 'test@liferay.com' is set on object 'Object Repository/Final Object Repo/Login Page/Internal User/Email Address'

2018-11-27 17:18:00 - [TEST_STEP][PASSED] - click: Object: 'Object Repository/Final Object Repo/Login Page/Internal User/Next Button' is clicked on

2018-11-27 17:18:00 - [MESSAGE][PASSED] - Object: 'Object Repository/Final Object Repo/Login Page/Internal User/Next Button' is clicked on

2018-11-27 17:18:00 - [TEST_STEP][PASSED] - delay: Delayed 2 second(s)

2018-11-27 17:18:02 - [MESSAGE][PASSED] - Delayed 2 second(s)

2018-11-27 17:18:02 - [TEST_STEP][PASSED] - setText: Text 'test' is set on object 'Object Repository/Final Object Repo/Login Page/Internal User/Password'

2018-11-27 17:18:02 - [MESSAGE][PASSED] - Text 'test' is set on object 'Object Repository/Final Object Repo/Login Page/Internal User/Password'

2018-11-27 17:18:02 - [TEST_STEP][PASSED] - delay: Delayed 2 second(s)

2018-11-27 17:18:04 - [MESSAGE][PASSED] - Delayed 2 second(s)

2018-11-27 17:18:04 - [TEST_STEP][PASSED] - click: Object: 'Object Repository/Final Object Repo/Login Page/Internal User/Login Button' is clicked on

2018-11-27 17:18:05 - [MESSAGE][PASSED] - Object: 'Object Repository/Final Object Repo/Login Page/Internal User/Login Button' is clicked on

2018-11-27 17:18:05 - [TEST_STEP][FAILED] - Statement - Try: Delayed 2 second(s)

2018-11-27 17:18:05 - [TEST_STEP][PASSED] - Statement - Checker = false: null

2018-11-27 17:18:05 - [TEST_STEP][PASSED] - Statement - Checker = com.kms.katalon.core.webui.keyword.WebUiBuiltInKeywords.verifyElementHasAttribute(com.kms.katalon.core.testobject.ObjectRepository.findTestObject(Final Object Repo/Landing Page/BM Detecting), "href", 20, OPTIONAL): Unable to verify if object 'Object Repository/Final Object Repo/Landing Page/BM Detecting' has attribute 'href' (Root cause: org.openqa.selenium.StaleElementReferenceException: stale element reference: element is not attached to the page document
  (Session info: chrome=70.0.3538.102)
  (Driver info: chromedriver=2.43.600210 (68dcf5eebde37173d4027fa8635e332711d2874a),platform=Windows NT 6.1.7601 SP1 x86_64) (WARNING: The server did not provide any stacktrace information)
Command duration or timeout: 0 milliseconds
For documentation on this error, please visit: http://seleniumhq.org/exceptions/stale_element_reference.html
Build info: version: '3.7.1', revision: '8a0099a', time: '2017-11-06T21:07:36.161Z'
System info: host: 'WIN7TEST02', ip: '10.20.3.72', os.name: 'Windows 7', os.arch: 'amd64', os.version: '6.1', java.version: '1.8.0_181'
Driver info: com.kms.katalon.selenium.driver.CChromeDriver
Capabilities {acceptInsecureCerts: false, acceptSslCerts: false, applicationCacheEnabled: false, browserConnectionEnabled: false, browserName: chrome, chrome: {chromedriverVersion: 2.43.600210 (68dcf5eebde371..., userDataDir: C:\Users\Admin\AppData\Loca...}, cssSelectorsEnabled: true, databaseEnabled: false, goog:chromeOptions: {debuggerAddress: localhost:64641}, handlesAlerts: true, hasTouchScreen: false, javascriptEnabled: true, locationContextEnabled: true, mobileEmulationEnabled: false, nativeEvents: true, networkConnectionEnabled: false, pageLoadStrategy: normal, platform: XP, platformName: XP, rotatable: false, setWindowRect: true, takesHeapSnapshot: true, takesScreenshot: true, unexpectedAlertBehaviour: , unhandledPromptBehavior: , version: 70.0.3538.102, webStorageEnabled: true}
Session ID: b67cfe8f1ee9c3a00c3183f686d6602d)

2018-11-27 17:18:09 - [MESSAGE][WARNING] - Unable to verify if object 'Object Repository/Final Object Repo/Landing Page/BM Detecting' has attribute 'href' (Root cause: org.openqa.selenium.StaleElementReferenceException: stale element reference: element is not attached to the page document
  (Session info: chrome=70.0.3538.102)
  (Driver info: chromedriver=2.43.600210 (68dcf5eebde37173d4027fa8635e332711d2874a),platform=Windows NT 6.1.7601 SP1 x86_64) (WARNING: The server did not provide any stacktrace information)
Command duration or timeout: 0 milliseconds
For documentation on this error, please visit: http://seleniumhq.org/exceptions/stale_element_reference.html
Build info: version: '3.7.1', revision: '8a0099a', time: '2017-11-06T21:07:36.161Z'
System info: host: 'WIN7TEST02', ip: '10.20.3.72', os.name: 'Windows 7', os.arch: 'amd64', os.version: '6.1', java.version: '1.8.0_181'
Driver info: com.kms.katalon.selenium.driver.CChromeDriver
Capabilities {acceptInsecureCerts: false, acceptSslCerts: false, applicationCacheEnabled: false, browserConnectionEnabled: false, browserName: chrome, chrome: {chromedriverVersion: 2.43.600210 (68dcf5eebde371..., userDataDir: C:\Users\Admin\AppData\Loca...}, cssSelectorsEnabled: true, databaseEnabled: false, goog:chromeOptions: {debuggerAddress: localhost:64641}, handlesAlerts: true, hasTouchScreen: false, javascriptEnabled: true, locationContextEnabled: true, mobileEmulationEnabled: false, nativeEvents: true, networkConnectionEnabled: false, pageLoadStrategy: normal, platform: XP, platformName: XP, rotatable: false, setWindowRect: true, takesHeapSnapshot: true, takesScreenshot: true, unexpectedAlertBehaviour: , unhandledPromptBehavior: , version: 70.0.3538.102, webStorageEnabled: true}
Session ID: b67cfe8f1ee9c3a00c3183f686d6602d)
[[ATTACHMENT|C:\\Users\\Admin\\Desktop\\PKS\\Perkeso Phase A\\Reports\\Workflow\\Update Add New Employee\\20181127_105057\\1543310289583.png]]

2018-11-27 17:18:09 - [TEST_STEP][PASSED] - Statement - out.println(Checker): null

2018-11-27 17:18:09 - [TEST_STEP][FAILED] - Statement - If (Checker == false): Unable to click on object 'Object Repository/Final Object Repo/Landing Page/Select to English' (Root cause: com.kms.katalon.core.webui.exception.WebElementNotFoundException: Web element with id: 'Object Repository/Final Object Repo/Landing Page/Select to English' located by 'By.xpath: //a[@class = 'taglib-language-list-text' and @lang = 'en-US' and (contains(text(), 'EN') or contains(., 'EN'))]' not found)

2018-11-27 17:18:09 - [TEST_STEP][FAILED] - click: Unable to click on object 'Object Repository/Final Object Repo/Landing Page/Select to English' (Root cause: com.kms.katalon.core.webui.exception.WebElementNotFoundException: Web element with id: 'Object Repository/Final Object Repo/Landing Page/Select to English' located by 'By.xpath: //a[@class = 'taglib-language-list-text' and @lang = 'en-US' and (contains(text(), 'EN') or contains(., 'EN'))]' not found)

2018-11-27 17:18:47 - [MESSAGE][FAILED] - Unable to click on object 'Object Repository/Final Object Repo/Landing Page/Select to English' (Root cause: com.kms.katalon.core.webui.exception.WebElementNotFoundException: Web element with id: 'Object Repository/Final Object Repo/Landing Page/Select to English' located by 'By.xpath: //a[@class = 'taglib-language-list-text' and @lang = 'en-US' and (contains(text(), 'EN') or contains(., 'EN'))]' not found)
[[ATTACHMENT|C:\\Users\\Admin\\Desktop\\PKS\\Perkeso Phase A\\Reports\\Workflow\\Update Add New Employee\\20181127_105057\\1543310327033.png]]

2018-11-27 17:18:47 - [TEST_STEP][PASSED] - delay: Delayed 2 second(s)

2018-11-27 17:18:49 - [MESSAGE][PASSED] - Delayed 2 second(s)

2018-11-27 17:18:49 - [TEST_STEP][PASSED] - delay: Delayed 3 second(s)

2018-11-27 17:18:52 - [MESSAGE][PASSED] - Delayed 3 second(s)

2018-11-27 17:18:52 - [TEST_STEP][PASSED] - mouseOver: Object: 'Object Repository/Final Object Repo/Landing Page/WorkFlow Menu' is hovered

2018-11-27 17:18:52 - [MESSAGE][PASSED] - Object: 'Object Repository/Final Object Repo/Landing Page/WorkFlow Menu' is hovered

2018-11-27 17:18:52 - [TEST_STEP][PASSED] - delay: Delayed 2 second(s)

2018-11-27 17:18:54 - [MESSAGE][PASSED] - Delayed 2 second(s)

2018-11-27 17:18:54 - [TEST_STEP][PASSED] - click: Object: 'Object Repository/Final Object Repo/Landing Page/Select to Workflow Listing' is clicked on

2018-11-27 17:18:55 - [MESSAGE][PASSED] - Object: 'Object Repository/Final Object Repo/Landing Page/Select to Workflow Listing' is clicked on

2018-11-27 17:18:55 - [TEST_STEP][PASSED] - delay: Delayed 2 second(s)

2018-11-27 17:18:57 - [MESSAGE][PASSED] - Delayed 2 second(s)

2018-11-27 17:18:57 - [TEST_STEP][PASSED] - click: Object: 'Object Repository/Final Object Repo/WorkFlow Listing Page/Search Information - To Put Ref No' is clicked on

2018-11-27 17:18:57 - [MESSAGE][PASSED] - Object: 'Object Repository/Final Object Repo/WorkFlow Listing Page/Search Information - To Put Ref No' is clicked on

2018-11-27 17:18:57 - [TEST_STEP][PASSED] - delay: Delayed 2 second(s)

2018-11-27 17:18:59 - [MESSAGE][PASSED] - Delayed 2 second(s)

2018-11-27 17:18:59 - [TEST_STEP][PASSED] - callTestCase: Call Test Case 'Test Cases/Final Aug 2018 - PKS Automation/Common/Reference Number Getter' successfully

2018-11-27 17:18:59 - [TEST_CASE][PASSED] - Test Cases/Final Aug 2018 - PKS Automation/Common/Reference Number Getter: Test Cases/Final Aug 2018 - PKS Automation/Common/Reference Number Getter

2018-11-27 17:18:59 - [TEST_STEP][PASSED] - Statement - Try: null

2018-11-27 17:18:59 - [TEST_STEP][PASSED] - Statement - RefNo = new java.io.File(C://Users//Admin//Desktop//PKS//Automation Reference Point//KatalonReference.txt): null

2018-11-27 17:18:59 - [TEST_STEP][PASSED] - Statement - bufferread = new java.io.BufferedReader(new java.io.FileReader(RefNo)): null

2018-11-27 17:18:59 - [TEST_STEP][PASSED] - Statement - readedVal = bufferread.readLine(): null

2018-11-27 17:18:59 - [TEST_STEP][PASSED] - Statement - out.println(CaseReferenceNo): null

2018-11-27 17:18:59 - [TEST_STEP][PASSED] - Statement - out.println(readedVal): null

2018-11-27 17:18:59 - [TEST_STEP][PASSED] - Statement - CaseReferenceNo = "": null

2018-11-27 17:18:59 - [TEST_STEP][PASSED] - Statement - CaseReferenceNo = readedVal: null

2018-11-27 17:18:59 - [MESSAGE][PASSED] - Call Test Case 'Test Cases/Final Aug 2018 - PKS Automation/Common/Reference Number Getter' successfully

2018-11-27 17:18:59 - [TEST_STEP][PASSED] - setText: Text 'CAN11201800002206' is set on object 'Object Repository/Final Object Repo/WorkFlow Listing Page/Ref No Set Text'

2018-11-27 17:19:01 - [MESSAGE][PASSED] - Text 'CAN11201800002206' is set on object 'Object Repository/Final Object Repo/WorkFlow Listing Page/Ref No Set Text'

2018-11-27 17:19:01 - [TEST_STEP][PASSED] - delay: Delayed 2 second(s)

2018-11-27 17:19:03 - [MESSAGE][PASSED] - Delayed 2 second(s)

2018-11-27 17:19:03 - [TEST_STEP][PASSED] - click: Object: 'Object Repository/Final Object Repo/WorkFlow Listing Page/Search Ref No Search Button' is clicked on

2018-11-27 17:19:03 - [MESSAGE][PASSED] - Object: 'Object Repository/Final Object Repo/WorkFlow Listing Page/Search Ref No Search Button' is clicked on

2018-11-27 17:19:03 - [TEST_STEP][PASSED] - delay: Delayed 4 second(s)

2018-11-27 17:19:07 - [MESSAGE][PASSED] - Delayed 4 second(s)

2018-11-27 17:19:07 - [TEST_STEP][PASSED] - click: Object: 'Object Repository/Final Object Repo/WorkFlow Listing Page/Click Continue Tooltip' is clicked on

2018-11-27 17:19:11 - [MESSAGE][PASSED] - Object: 'Object Repository/Final Object Repo/WorkFlow Listing Page/Click Continue Tooltip' is clicked on

2018-11-27 17:19:11 - [TEST_STEP][PASSED] - delay: Delayed 5 second(s)

2018-11-27 17:19:16 - [MESSAGE][PASSED] - Delayed 5 second(s)

2018-11-27 17:19:16 - [TEST_STEP][PASSED] - doubleClick: Object: 'Object Repository/Final Object Repo/WorkFlow Listing Page/Workflow Found - Listing 1' is double clicked on

2018-11-27 17:19:16 - [MESSAGE][PASSED] - Object: 'Object Repository/Final Object Repo/WorkFlow Listing Page/Workflow Found - Listing 1' is double clicked on

2018-11-27 17:19:16 - [TEST_STEP][PASSED] - Statement - println(OwnerID): null

2018-11-27 17:19:16 - [TEST_STEP][PASSED] - Statement - OwnerID = com.kms.katalon.core.webui.keyword.WebUiBuiltInKeywords.getText(com.kms.katalon.core.testobject.ObjectRepository.findTestObject(Final Object Repo/WorkFlow Listing Page/Workflow Found - Listing 1), STOP_ON_FAILURE): Text of object 'Object Repository/Final Object Repo/WorkFlow Listing Page/Workflow Found - Listing 1' is: 'JOHORro2'

2018-11-27 17:19:16 - [MESSAGE][PASSED] - Text of object 'Object Repository/Final Object Repo/WorkFlow Listing Page/Workflow Found - Listing 1' is: 'JOHORro2'

2018-11-27 17:19:16 - [TEST_STEP][PASSED] - Statement - OwnerID = OwnerID.toLowerCase() + "@gmail.com": null

2018-11-27 17:19:16 - [TEST_STEP][PASSED] - Statement - println(OwnerID): null

2018-11-27 17:19:16 - [TEST_STEP][PASSED] - delay: Delayed 2 second(s)

2018-11-27 17:19:18 - [MESSAGE][PASSED] - Delayed 2 second(s)

2018-11-27 17:19:18 - [MESSAGE][FAILED] - Unable to call Test Case with id 'Test Cases/Final Aug 2018 - PKS Automation/Common/Workflow Owner Finder' (Root cause: Call Test Case 'Test Cases/Final Aug 2018 - PKS Automation/Common/Workflow Owner Finder' failed)]]></system-out>
         <system-err><![CDATA[2018-11-27 17:07:56 - [TEST_CASE][FAILED] - Test Cases/Final Aug 2018 - PKS Automation/Registration Module/Workflow/Update Add New Employee/Special Case (OTC - RO Under Enforcement): Test Cases/Final Aug 2018 - PKS Automation/Registration Module/Workflow/Update Add New Employee/Special Case (OTC - RO Under Enforcement) FAILED because (of) (Stack trace: com.kms.katalon.core.exception.StepFailedException: Unable to click on object 'Object Repository/Final Object Repo/Landing Page/Select to English' (Root cause: com.kms.katalon.core.webui.exception.WebElementNotFoundException: Web element with id: 'Object Repository/Final Object Repo/Landing Page/Select to English' located by 'By.xpath: //a[@class = 'taglib-language-list-text' and @lang = 'en-US' and (contains(text(), 'EN') or contains(., 'EN'))]' not found)
	at com.kms.katalon.core.keyword.internal.KeywordMain.stepFailed(KeywordMain.groovy:32)
	at com.kms.katalon.core.webui.keyword.internal.WebUIKeywordMain.stepFailed(WebUIKeywordMain.groovy:65)
	at com.kms.katalon.core.webui.keyword.internal.WebUIKeywordMain.runKeyword(WebUIKeywordMain.groovy:27)
	at com.kms.katalon.core.webui.keyword.builtin.ClickKeyword.click(ClickKeyword.groovy:86)
	at com.kms.katalon.core.webui.keyword.builtin.ClickKeyword.execute(ClickKeyword.groovy:67)
	at com.kms.katalon.core.keyword.internal.KeywordExecutor.executeKeywordForPlatform(KeywordExecutor.groovy:53)
	at com.kms.katalon.core.webui.keyword.WebUiBuiltInKeywords.click(WebUiBuiltInKeywords.groovy:604)
	at com.kms.katalon.core.webui.keyword.WebUiBuiltInKeywords$click$6.call(Unknown Source)
	at Script1534407542420.run(Script1534407542420.groovy:57)
	at com.kms.katalon.core.main.ScriptEngine.run(ScriptEngine.java:183)
	at com.kms.katalon.core.main.ScriptEngine.runScriptAsRawText(ScriptEngine.java:108)
	at com.kms.katalon.core.main.TestCaseExecutor.runScript(TestCaseExecutor.java:294)
	at com.kms.katalon.core.main.TestCaseExecutor.doExecute(TestCaseExecutor.java:285)
	at com.kms.katalon.core.main.TestCaseExecutor.processExecutionPhase(TestCaseExecutor.java:264)
	at com.kms.katalon.core.main.TestCaseExecutor.accessMainPhase(TestCaseExecutor.java:256)
	at com.kms.katalon.core.main.TestCaseExecutor.execute(TestCaseExecutor.java:200)
	at com.kms.katalon.core.main.TestCaseMain.runTestCase(TestCaseMain.java:99)
	at com.kms.katalon.core.keyword.builtin.CallTestCaseKeyword$_callTestCase_closure1.doCall(CallTestCaseKeyword.groovy:60)
	at com.kms.katalon.core.keyword.builtin.CallTestCaseKeyword$_callTestCase_closure1.call(CallTestCaseKeyword.groovy)
	at com.kms.katalon.core.keyword.internal.KeywordMain.runKeyword(KeywordMain.groovy:54)
	at com.kms.katalon.core.keyword.builtin.CallTestCaseKeyword.callTestCase(CallTestCaseKeyword.groovy:81)
	at com.kms.katalon.core.keyword.builtin.CallTestCaseKeyword.execute(CallTestCaseKeyword.groovy:45)
	at com.kms.katalon.core.keyword.internal.KeywordExecutor.executeKeywordForPlatform(KeywordExecutor.groovy:53)
	at com.kms.katalon.core.keyword.BuiltinKeywords.callTestCase(BuiltinKeywords.groovy:334)
	at sun.reflect.GeneratedMethodAccessor13.invoke(Unknown Source)
	at sun.reflect.DelegatingMethodAccessorImpl.invoke(DelegatingMethodAccessorImpl.java:43)
	at java.lang.reflect.Method.invoke(Method.java:498)
	at org.codehaus.groovy.reflection.CachedMethod.invoke(CachedMethod.java:93)
	at groovy.lang.MetaMethod.doMethodInvoke(MetaMethod.java:325)
	at groovy.lang.MetaClassImpl.invokeStaticMethod(MetaClassImpl.java:1469)
	at org.codehaus.groovy.runtime.callsite.StaticMetaClassSite.call(StaticMetaClassSite.java:53)
	at org.codehaus.groovy.runtime.callsite.CallSiteArray.defaultCall(CallSiteArray.java:48)
	at org.codehaus.groovy.runtime.callsite.AbstractCallSite.call(AbstractCallSite.java:113)
	at org.codehaus.groovy.runtime.callsite.AbstractCallSite.call(AbstractCallSite.java:141)
	at Script1536200585960.run(Script1536200585960.groovy:121)
	at com.kms.katalon.core.main.ScriptEngine.run(ScriptEngine.java:183)
	at com.kms.katalon.core.main.ScriptEngine.runScriptAsRawText(ScriptEngine.java:108)
	at com.kms.katalon.core.main.TestCaseExecutor.runScript(TestCaseExecutor.java:294)
	at com.kms.katalon.core.main.TestCaseExecutor.doExecute(TestCaseExecutor.java:285)
	at com.kms.katalon.core.main.TestCaseExecutor.processExecutionPhase(TestCaseExecutor.java:264)
	at com.kms.katalon.core.main.TestCaseExecutor.accessMainPhase(TestCaseExecutor.java:256)
	at com.kms.katalon.core.main.TestCaseExecutor.execute(TestCaseExecutor.java:200)
	at com.kms.katalon.core.main.TestSuiteExecutor.accessTestCaseMainPhase(TestSuiteExecutor.java:129)
	at com.kms.katalon.core.main.TestSuiteExecutor.accessTestSuiteMainPhase(TestSuiteExecutor.java:112)
	at com.kms.katalon.core.main.TestSuiteExecutor.execute(TestSuiteExecutor.java:81)
	at com.kms.katalon.core.main.TestCaseMain.startTestSuite(TestCaseMain.java:142)
	at com.kms.katalon.core.main.TestCaseMain$startTestSuite$0.call(Unknown Source)
	at org.codehaus.groovy.runtime.callsite.CallSiteArray.defaultCall(CallSiteArray.java:48)
	at org.codehaus.groovy.runtime.callsite.AbstractCallSite.call(AbstractCallSite.java:113)
	at org.codehaus.groovy.runtime.callsite.AbstractCallSite.call(AbstractCallSite.java:141)
	at TempTestSuite1543287057153.run(TempTestSuite1543287057153.groovy:36)
	at groovy.lang.GroovyShell.runScriptOrMainOrTestOrRunnable(GroovyShell.java:263)
	at groovy.lang.GroovyShell.run(GroovyShell.java:518)
	at groovy.lang.GroovyShell.run(GroovyShell.java:507)
	at groovy.ui.GroovyMain.processOnce(GroovyMain.java:653)
	at groovy.ui.GroovyMain.run(GroovyMain.java:384)
	at groovy.ui.GroovyMain.process(GroovyMain.java:370)
	at groovy.ui.GroovyMain.processArgs(GroovyMain.java:129)
	at groovy.ui.GroovyMain.main(GroovyMain.java:109)
	at sun.reflect.NativeMethodAccessorImpl.invoke0(Native Method)
	at sun.reflect.NativeMethodAccessorImpl.invoke(NativeMethodAccessorImpl.java:62)
	at sun.reflect.DelegatingMethodAccessorImpl.invoke(DelegatingMethodAccessorImpl.java:43)
	at java.lang.reflect.Method.invoke(Method.java:498)
	at org.codehaus.groovy.tools.GroovyStarter.rootLoader(GroovyStarter.java:109)
	at org.codehaus.groovy.tools.GroovyStarter.main(GroovyStarter.java:131)
)]]></system-err>
      </testcase>
      <testcase name="Test Cases/Final Aug 2018 - PKS Automation/Registration Module/Workflow/Update Add New Employee/Special Case (PKR BO - RO Approve)" classname="Test Cases/Final Aug 2018 - PKS Automation/Registration Module/Workflow/Update Add New Employee/Special Case (PKR BO - RO Approve)" status="FAILED">
         <failure type="FAILED" message="(Stack trace: com.kms.katalon.core.exception.StepFailedException: Unable to click on object 'Object Repository/Final Object Repo/Landing Page/Select to English' (Root cause: com.kms.katalon.core.webui.exception.WebElementNotFoundException: Web element with id: 'Object Repository/Final Object Repo/Landing Page/Select to English' located by 'By.xpath: //a[@class = 'taglib-language-list-text' and @lang = 'en-US' and (contains(text(), 'EN') or contains(., 'EN'))]' not found)
	at com.kms.katalon.core.keyword.internal.KeywordMain.stepFailed(KeywordMain.groovy:32)
	at com.kms.katalon.core.webui.keyword.internal.WebUIKeywordMain.stepFailed(WebUIKeywordMain.groovy:65)
	at com.kms.katalon.core.webui.keyword.internal.WebUIKeywordMain.runKeyword(WebUIKeywordMain.groovy:27)
	at com.kms.katalon.core.webui.keyword.builtin.ClickKeyword.click(ClickKeyword.groovy:86)
	at com.kms.katalon.core.webui.keyword.builtin.ClickKeyword.execute(ClickKeyword.groovy:67)
	at com.kms.katalon.core.keyword.internal.KeywordExecutor.executeKeywordForPlatform(KeywordExecutor.groovy:53)
	at com.kms.katalon.core.webui.keyword.WebUiBuiltInKeywords.click(WebUiBuiltInKeywords.groovy:604)
	at com.kms.katalon.core.webui.keyword.WebUiBuiltInKeywords$click$6.call(Unknown Source)
	at Script1534407542420.run(Script1534407542420.groovy:57)
	at com.kms.katalon.core.main.ScriptEngine.run(ScriptEngine.java:183)
	at com.kms.katalon.core.main.ScriptEngine.runScriptAsRawText(ScriptEngine.java:108)
	at com.kms.katalon.core.main.TestCaseExecutor.runScript(TestCaseExecutor.java:294)
	at com.kms.katalon.core.main.TestCaseExecutor.doExecute(TestCaseExecutor.java:285)
	at com.kms.katalon.core.main.TestCaseExecutor.processExecutionPhase(TestCaseExecutor.java:264)
	at com.kms.katalon.core.main.TestCaseExecutor.accessMainPhase(TestCaseExecutor.java:256)
	at com.kms.katalon.core.main.TestCaseExecutor.execute(TestCaseExecutor.java:200)
	at com.kms.katalon.core.main.TestCaseMain.runTestCase(TestCaseMain.java:99)
	at com.kms.katalon.core.keyword.builtin.CallTestCaseKeyword$_callTestCase_closure1.doCall(CallTestCaseKeyword.groovy:60)
	at com.kms.katalon.core.keyword.builtin.CallTestCaseKeyword$_callTestCase_closure1.call(CallTestCaseKeyword.groovy)
	at com.kms.katalon.core.keyword.internal.KeywordMain.runKeyword(KeywordMain.groovy:54)
	at com.kms.katalon.core.keyword.builtin.CallTestCaseKeyword.callTestCase(CallTestCaseKeyword.groovy:81)
	at com.kms.katalon.core.keyword.builtin.CallTestCaseKeyword.execute(CallTestCaseKeyword.groovy:45)
	at com.kms.katalon.core.keyword.internal.KeywordExecutor.executeKeywordForPlatform(KeywordExecutor.groovy:53)
	at com.kms.katalon.core.keyword.BuiltinKeywords.callTestCase(BuiltinKeywords.groovy:334)
	at sun.reflect.GeneratedMethodAccessor13.invoke(Unknown Source)
	at sun.reflect.DelegatingMethodAccessorImpl.invoke(DelegatingMethodAccessorImpl.java:43)
	at java.lang.reflect.Method.invoke(Method.java:498)
	at org.codehaus.groovy.reflection.CachedMethod.invoke(CachedMethod.java:93)
	at groovy.lang.MetaMethod.doMethodInvoke(MetaMethod.java:325)
	at groovy.lang.MetaClassImpl.invokeStaticMethod(MetaClassImpl.java:1469)
	at org.codehaus.groovy.runtime.callsite.StaticMetaClassSite.call(StaticMetaClassSite.java:53)
	at org.codehaus.groovy.runtime.callsite.CallSiteArray.defaultCall(CallSiteArray.java:48)
	at org.codehaus.groovy.runtime.callsite.AbstractCallSite.call(AbstractCallSite.java:113)
	at org.codehaus.groovy.runtime.callsite.AbstractCallSite.call(AbstractCallSite.java:141)
	at Script1536116130372.run(Script1536116130372.groovy:121)
	at com.kms.katalon.core.main.ScriptEngine.run(ScriptEngine.java:183)
	at com.kms.katalon.core.main.ScriptEngine.runScriptAsRawText(ScriptEngine.java:108)
	at com.kms.katalon.core.main.TestCaseExecutor.runScript(TestCaseExecutor.java:294)
	at com.kms.katalon.core.main.TestCaseExecutor.doExecute(TestCaseExecutor.java:285)
	at com.kms.katalon.core.main.TestCaseExecutor.processExecutionPhase(TestCaseExecutor.java:264)
	at com.kms.katalon.core.main.TestCaseExecutor.accessMainPhase(TestCaseExecutor.java:256)
	at com.kms.katalon.core.main.TestCaseExecutor.execute(TestCaseExecutor.java:200)
	at com.kms.katalon.core.main.TestSuiteExecutor.accessTestCaseMainPhase(TestSuiteExecutor.java:129)
	at com.kms.katalon.core.main.TestSuiteExecutor.accessTestSuiteMainPhase(TestSuiteExecutor.java:112)
	at com.kms.katalon.core.main.TestSuiteExecutor.execute(TestSuiteExecutor.java:81)
	at com.kms.katalon.core.main.TestCaseMain.startTestSuite(TestCaseMain.java:142)
	at com.kms.katalon.core.main.TestCaseMain$startTestSuite$0.call(Unknown Source)
	at org.codehaus.groovy.runtime.callsite.CallSiteArray.defaultCall(CallSiteArray.java:48)
	at org.codehaus.groovy.runtime.callsite.AbstractCallSite.call(AbstractCallSite.java:113)
	at org.codehaus.groovy.runtime.callsite.AbstractCallSite.call(AbstractCallSite.java:141)
	at TempTestSuite1543287057153.run(TempTestSuite1543287057153.groovy:36)
	at groovy.lang.GroovyShell.runScriptOrMainOrTestOrRunnable(GroovyShell.java:263)
	at groovy.lang.GroovyShell.run(GroovyShell.java:518)
	at groovy.lang.GroovyShell.run(GroovyShell.java:507)
	at groovy.ui.GroovyMain.processOnce(GroovyMain.java:653)
	at groovy.ui.GroovyMain.run(GroovyMain.java:384)
	at groovy.ui.GroovyMain.process(GroovyMain.java:370)
	at groovy.ui.GroovyMain.processArgs(GroovyMain.java:129)
	at groovy.ui.GroovyMain.main(GroovyMain.java:109)
	at sun.reflect.NativeMethodAccessorImpl.invoke0(Native Method)
	at sun.reflect.NativeMethodAccessorImpl.invoke(NativeMethodAccessorImpl.java:62)
	at sun.reflect.DelegatingMethodAccessorImpl.invoke(DelegatingMethodAccessorImpl.java:43)
	at java.lang.reflect.Method.invoke(Method.java:498)
	at org.codehaus.groovy.tools.GroovyStarter.rootLoader(GroovyStarter.java:109)
	at org.codehaus.groovy.tools.GroovyStarter.main(GroovyStarter.java:131)
)"/>
         <system-out><![CDATA[2018-11-27 17:19:18 - [TEST_CASE][FAILED] - Test Cases/Final Aug 2018 - PKS Automation/Registration Module/Workflow/Update Add New Employee/Special Case (PKR BO - RO Approve): Test Cases/Final Aug 2018 - PKS Automation/Registration Module/Workflow/Update Add New Employee/Special Case (PKR BO - RO Approve) FAILED because (of) (Stack trace: com.kms.katalon.core.exception.StepFailedException: Unable to click on object 'Object Repository/Final Object Repo/Landing Page/Select to English' (Root cause: com.kms.katalon.core.webui.exception.WebElementNotFoundException: Web element with id: 'Object Repository/Final Object Repo/Landing Page/Select to English' located by 'By.xpath: //a[@class = 'taglib-language-list-text' and @lang = 'en-US' and (contains(text(), 'EN') or contains(., 'EN'))]' not found)
	at com.kms.katalon.core.keyword.internal.KeywordMain.stepFailed(KeywordMain.groovy:32)
	at com.kms.katalon.core.webui.keyword.internal.WebUIKeywordMain.stepFailed(WebUIKeywordMain.groovy:65)
	at com.kms.katalon.core.webui.keyword.internal.WebUIKeywordMain.runKeyword(WebUIKeywordMain.groovy:27)
	at com.kms.katalon.core.webui.keyword.builtin.ClickKeyword.click(ClickKeyword.groovy:86)
	at com.kms.katalon.core.webui.keyword.builtin.ClickKeyword.execute(ClickKeyword.groovy:67)
	at com.kms.katalon.core.keyword.internal.KeywordExecutor.executeKeywordForPlatform(KeywordExecutor.groovy:53)
	at com.kms.katalon.core.webui.keyword.WebUiBuiltInKeywords.click(WebUiBuiltInKeywords.groovy:604)
	at com.kms.katalon.core.webui.keyword.WebUiBuiltInKeywords$click$6.call(Unknown Source)
	at Script1534407542420.run(Script1534407542420.groovy:57)
	at com.kms.katalon.core.main.ScriptEngine.run(ScriptEngine.java:183)
	at com.kms.katalon.core.main.ScriptEngine.runScriptAsRawText(ScriptEngine.java:108)
	at com.kms.katalon.core.main.TestCaseExecutor.runScript(TestCaseExecutor.java:294)
	at com.kms.katalon.core.main.TestCaseExecutor.doExecute(TestCaseExecutor.java:285)
	at com.kms.katalon.core.main.TestCaseExecutor.processExecutionPhase(TestCaseExecutor.java:264)
	at com.kms.katalon.core.main.TestCaseExecutor.accessMainPhase(TestCaseExecutor.java:256)
	at com.kms.katalon.core.main.TestCaseExecutor.execute(TestCaseExecutor.java:200)
	at com.kms.katalon.core.main.TestCaseMain.runTestCase(TestCaseMain.java:99)
	at com.kms.katalon.core.keyword.builtin.CallTestCaseKeyword$_callTestCase_closure1.doCall(CallTestCaseKeyword.groovy:60)
	at com.kms.katalon.core.keyword.builtin.CallTestCaseKeyword$_callTestCase_closure1.call(CallTestCaseKeyword.groovy)
	at com.kms.katalon.core.keyword.internal.KeywordMain.runKeyword(KeywordMain.groovy:54)
	at com.kms.katalon.core.keyword.builtin.CallTestCaseKeyword.callTestCase(CallTestCaseKeyword.groovy:81)
	at com.kms.katalon.core.keyword.builtin.CallTestCaseKeyword.execute(CallTestCaseKeyword.groovy:45)
	at com.kms.katalon.core.keyword.internal.KeywordExecutor.executeKeywordForPlatform(KeywordExecutor.groovy:53)
	at com.kms.katalon.core.keyword.BuiltinKeywords.callTestCase(BuiltinKeywords.groovy:334)
	at sun.reflect.GeneratedMethodAccessor13.invoke(Unknown Source)
	at sun.reflect.DelegatingMethodAccessorImpl.invoke(DelegatingMethodAccessorImpl.java:43)
	at java.lang.reflect.Method.invoke(Method.java:498)
	at org.codehaus.groovy.reflection.CachedMethod.invoke(CachedMethod.java:93)
	at groovy.lang.MetaMethod.doMethodInvoke(MetaMethod.java:325)
	at groovy.lang.MetaClassImpl.invokeStaticMethod(MetaClassImpl.java:1469)
	at org.codehaus.groovy.runtime.callsite.StaticMetaClassSite.call(StaticMetaClassSite.java:53)
	at org.codehaus.groovy.runtime.callsite.CallSiteArray.defaultCall(CallSiteArray.java:48)
	at org.codehaus.groovy.runtime.callsite.AbstractCallSite.call(AbstractCallSite.java:113)
	at org.codehaus.groovy.runtime.callsite.AbstractCallSite.call(AbstractCallSite.java:141)
	at Script1536116130372.run(Script1536116130372.groovy:121)
	at com.kms.katalon.core.main.ScriptEngine.run(ScriptEngine.java:183)
	at com.kms.katalon.core.main.ScriptEngine.runScriptAsRawText(ScriptEngine.java:108)
	at com.kms.katalon.core.main.TestCaseExecutor.runScript(TestCaseExecutor.java:294)
	at com.kms.katalon.core.main.TestCaseExecutor.doExecute(TestCaseExecutor.java:285)
	at com.kms.katalon.core.main.TestCaseExecutor.processExecutionPhase(TestCaseExecutor.java:264)
	at com.kms.katalon.core.main.TestCaseExecutor.accessMainPhase(TestCaseExecutor.java:256)
	at com.kms.katalon.core.main.TestCaseExecutor.execute(TestCaseExecutor.java:200)
	at com.kms.katalon.core.main.TestSuiteExecutor.accessTestCaseMainPhase(TestSuiteExecutor.java:129)
	at com.kms.katalon.core.main.TestSuiteExecutor.accessTestSuiteMainPhase(TestSuiteExecutor.java:112)
	at com.kms.katalon.core.main.TestSuiteExecutor.execute(TestSuiteExecutor.java:81)
	at com.kms.katalon.core.main.TestCaseMain.startTestSuite(TestCaseMain.java:142)
	at com.kms.katalon.core.main.TestCaseMain$startTestSuite$0.call(Unknown Source)
	at org.codehaus.groovy.runtime.callsite.CallSiteArray.defaultCall(CallSiteArray.java:48)
	at org.codehaus.groovy.runtime.callsite.AbstractCallSite.call(AbstractCallSite.java:113)
	at org.codehaus.groovy.runtime.callsite.AbstractCallSite.call(AbstractCallSite.java:141)
	at TempTestSuite1543287057153.run(TempTestSuite1543287057153.groovy:36)
	at groovy.lang.GroovyShell.runScriptOrMainOrTestOrRunnable(GroovyShell.java:263)
	at groovy.lang.GroovyShell.run(GroovyShell.java:518)
	at groovy.lang.GroovyShell.run(GroovyShell.java:507)
	at groovy.ui.GroovyMain.processOnce(GroovyMain.java:653)
	at groovy.ui.GroovyMain.run(GroovyMain.java:384)
	at groovy.ui.GroovyMain.process(GroovyMain.java:370)
	at groovy.ui.GroovyMain.processArgs(GroovyMain.java:129)
	at groovy.ui.GroovyMain.main(GroovyMain.java:109)
	at sun.reflect.NativeMethodAccessorImpl.invoke0(Native Method)
	at sun.reflect.NativeMethodAccessorImpl.invoke(NativeMethodAccessorImpl.java:62)
	at sun.reflect.DelegatingMethodAccessorImpl.invoke(DelegatingMethodAccessorImpl.java:43)
	at java.lang.reflect.Method.invoke(Method.java:498)
	at org.codehaus.groovy.tools.GroovyStarter.rootLoader(GroovyStarter.java:109)
	at org.codehaus.groovy.tools.GroovyStarter.main(GroovyStarter.java:131)
)

2018-11-27 17:19:18 - [TEST_STEP][PASSED] - callTestCase: Call Test Case 'Test Cases/Final Aug 2018 - PKS Automation/Registration Module/Workflow/Update Add New Employee/Template/New Company for Update Add New' successfully

2018-11-27 17:19:18 - [TEST_CASE][PASSED] - Test Cases/Final Aug 2018 - PKS Automation/Registration Module/Workflow/Update Add New Employee/Template/New Company for Update Add New: Test Cases/Final Aug 2018 - PKS Automation/Registration Module/Workflow/Update Add New Employee/Template/New Company for Update Add New

2018-11-27 17:19:18 - [TEST_STEP][PASSED] - callTestCase: Call Test Case 'Test Cases/Final Aug 2018 - PKS Automation/Registration Module/New Registration/Form 1/Form 1 - Corporation - BHD' successfully

2018-11-27 17:19:18 - [TEST_CASE][PASSED] - Test Cases/Final Aug 2018 - PKS Automation/Registration Module/New Registration/Form 1/Form 1 - Corporation - BHD: Test Cases/Final Aug 2018 - PKS Automation/Registration Module/New Registration/Form 1/Form 1 - Corporation - BHD

2018-11-27 17:19:18 - [TEST_STEP][PASSED] - openBrowser: Browser is opened with url: ''

2018-11-27 17:19:18 - [MESSAGE][WARNING] - A browser is already opened. Closing browser and opening a new one

2018-11-27 17:19:24 - [MESSAGE][PASSED] - Browser is opened with url: ''

2018-11-27 17:19:24 - [TEST_STEP][PASSED] - navigateToUrl: Navigate to 'https://assist2-uat.perkeso.gov.my/login' successfully

2018-11-27 17:19:25 - [MESSAGE][PASSED] - Navigate to 'https://assist2-uat.perkeso.gov.my/login' successfully

2018-11-27 17:19:25 - [TEST_STEP][PASSED] - setText: Text 'johorotc1@gmail.com' is set on object 'Object Repository/Final Object Repo/Login Page/Internal User/Email Address'

2018-11-27 17:19:26 - [MESSAGE][PASSED] - Text 'johorotc1@gmail.com' is set on object 'Object Repository/Final Object Repo/Login Page/Internal User/Email Address'

2018-11-27 17:19:26 - [TEST_STEP][PASSED] - click: Object: 'Object Repository/Final Object Repo/Login Page/Internal User/Next Button' is clicked on

2018-11-27 17:19:26 - [MESSAGE][PASSED] - Object: 'Object Repository/Final Object Repo/Login Page/Internal User/Next Button' is clicked on

2018-11-27 17:19:26 - [TEST_STEP][PASSED] - delay: Delayed 1 second(s)

2018-11-27 17:19:27 - [MESSAGE][PASSED] - Delayed 1 second(s)

2018-11-27 17:19:27 - [TEST_STEP][PASSED] - setEncryptedText: Text ****** has been set on object 'Object Repository/Final Object Repo/Login Page/Internal User/Password'

2018-11-27 17:19:27 - [MESSAGE][PASSED] - Text ****** has been set on object 'Object Repository/Final Object Repo/Login Page/Internal User/Password'

2018-11-27 17:19:27 - [TEST_STEP][PASSED] - click: Object: 'Object Repository/Final Object Repo/Login Page/Internal User/Login Button' is clicked on

2018-11-27 17:19:27 - [MESSAGE][PASSED] - Object: 'Object Repository/Final Object Repo/Login Page/Internal User/Login Button' is clicked on

2018-11-27 17:19:27 - [TEST_STEP][PASSED] - delay: Delayed 1 second(s)

2018-11-27 17:19:28 - [MESSAGE][PASSED] - Delayed 1 second(s)

2018-11-27 17:19:28 - [TEST_STEP][PASSED] - Statement - Try: Delayed 2 second(s)

2018-11-27 17:19:28 - [TEST_STEP][PASSED] - Statement - Checker = false: null

2018-11-27 17:19:28 - [TEST_STEP][PASSED] - Statement - Checker = com.kms.katalon.core.webui.keyword.WebUiBuiltInKeywords.verifyElementHasAttribute(com.kms.katalon.core.testobject.ObjectRepository.findTestObject(Final Object Repo/Landing Page/BM Detecting), "href", 20, OPTIONAL): Object 'Object Repository/Final Object Repo/Landing Page/BM Detecting' has attribute 'href'

2018-11-27 17:19:30 - [MESSAGE][PASSED] - Object 'Object Repository/Final Object Repo/Landing Page/BM Detecting' has attribute 'href'

2018-11-27 17:19:30 - [TEST_STEP][PASSED] - Statement - out.println(Checker): null

2018-11-27 17:19:30 - [TEST_STEP][PASSED] - Statement - If (Checker == false): null

2018-11-27 17:19:30 - [TEST_STEP][PASSED] - Statement - Else: null

2018-11-27 17:19:30 - [TEST_STEP][PASSED] - delay: Delayed 2 second(s)

2018-11-27 17:19:32 - [MESSAGE][PASSED] - Delayed 2 second(s)

2018-11-27 17:19:32 - [TEST_STEP][PASSED] - navigateToUrl: Navigate to 'https://assist2-uat.perkeso.gov.my/web/registration/registration' successfully

2018-11-27 17:19:34 - [MESSAGE][PASSED] - Navigate to 'https://assist2-uat.perkeso.gov.my/web/registration/registration' successfully

2018-11-27 17:19:34 - [TEST_STEP][PASSED] - click: Object: 'Object Repository/Final Object Repo/New Registration - Registration Module Pages/Form 1/AEC - No' is clicked on

2018-11-27 17:19:34 - [MESSAGE][PASSED] - Object: 'Object Repository/Final Object Repo/New Registration - Registration Module Pages/Form 1/AEC - No' is clicked on

2018-11-27 17:19:34 - [TEST_STEP][PASSED] - click: Object: 'Object Repository/Final Object Repo/New Registration - Registration Module Pages/Form 1/Business Entity' is clicked on

2018-11-27 17:19:34 - [MESSAGE][PASSED] - Object: 'Object Repository/Final Object Repo/New Registration - Registration Module Pages/Form 1/Business Entity' is clicked on

2018-11-27 17:19:34 - [TEST_STEP][PASSED] - click: Object: 'Object Repository/Final Object Repo/New Registration - Registration Module Pages/Form 1/Businees Entity - Corporation' is clicked on

2018-11-27 17:19:34 - [MESSAGE][PASSED] - Object: 'Object Repository/Final Object Repo/New Registration - Registration Module Pages/Form 1/Businees Entity - Corporation' is clicked on

2018-11-27 17:19:34 - [TEST_STEP][PASSED] - delay: Delayed 1 second(s)

2018-11-27 17:19:35 - [MESSAGE][PASSED] - Delayed 1 second(s)

2018-11-27 17:19:35 - [TEST_STEP][PASSED] - click: Object: 'Object Repository/Final Object Repo/New Registration - Registration Module Pages/Form 1/Sub Business Entity' is clicked on

2018-11-27 17:19:36 - [MESSAGE][PASSED] - Object: 'Object Repository/Final Object Repo/New Registration - Registration Module Pages/Form 1/Sub Business Entity' is clicked on

2018-11-27 17:19:36 - [TEST_STEP][PASSED] - click: Object: 'Object Repository/Final Object Repo/New Registration - Registration Module Pages/Form 1/Sub Business Entity - Berhad' is clicked on

2018-11-27 17:19:36 - [MESSAGE][PASSED] - Object: 'Object Repository/Final Object Repo/New Registration - Registration Module Pages/Form 1/Sub Business Entity - Berhad' is clicked on

2018-11-27 17:19:36 - [TEST_STEP][PASSED] - delay: Delayed 1 second(s)

2018-11-27 17:19:37 - [MESSAGE][PASSED] - Delayed 1 second(s)

2018-11-27 17:19:37 - [TEST_STEP][PASSED] - setText: Text '123' is set on object 'Object Repository/Final Object Repo/New Registration - Registration Module Pages/Form 1/Registration Number'

2018-11-27 17:19:37 - [MESSAGE][PASSED] - Text '123' is set on object 'Object Repository/Final Object Repo/New Registration - Registration Module Pages/Form 1/Registration Number'

2018-11-27 17:19:37 - [TEST_STEP][PASSED] - click: Object: 'Object Repository/Final Object Repo/New Registration - Registration Module Pages/Form 1/Registred with SSM - Before Feb' is clicked on

2018-11-27 17:19:37 - [MESSAGE][PASSED] - Object: 'Object Repository/Final Object Repo/New Registration - Registration Module Pages/Form 1/Registred with SSM - Before Feb' is clicked on

2018-11-27 17:19:37 - [TEST_STEP][PASSED] - click: Object: 'Object Repository/Final Object Repo/New Registration - Registration Module Pages/Form 1/Registered As a Branch - Yes' is clicked on

2018-11-27 17:19:38 - [MESSAGE][PASSED] - Object: 'Object Repository/Final Object Repo/New Registration - Registration Module Pages/Form 1/Registered As a Branch - Yes' is clicked on

2018-11-27 17:19:38 - [TEST_STEP][PASSED] - click: Object: 'Object Repository/Final Object Repo/New Registration - Registration Module Pages/Form 1/Acknowledgement' is clicked on

2018-11-27 17:19:38 - [MESSAGE][PASSED] - Object: 'Object Repository/Final Object Repo/New Registration - Registration Module Pages/Form 1/Acknowledgement' is clicked on

2018-11-27 17:19:38 - [TEST_STEP][PASSED] - setText: Text 'perkeso' is set on object 'Object Repository/Final Object Repo/New Registration - Registration Module Pages/Form 1/Industry name'

2018-11-27 17:19:38 - [MESSAGE][PASSED] - Text 'perkeso' is set on object 'Object Repository/Final Object Repo/New Registration - Registration Module Pages/Form 1/Industry name'

2018-11-27 17:19:38 - [TEST_STEP][PASSED] - setText: Text 'perkeso1' is set on object 'Object Repository/Final Object Repo/New Registration - Registration Module Pages/Form 1/Postal Address1'

2018-11-27 17:19:38 - [MESSAGE][PASSED] - Text 'perkeso1' is set on object 'Object Repository/Final Object Repo/New Registration - Registration Module Pages/Form 1/Postal Address1'

2018-11-27 17:19:38 - [TEST_STEP][PASSED] - setText: Text 'perkeso2' is set on object 'Object Repository/Final Object Repo/New Registration - Registration Module Pages/Form 1/Postal Address2'

2018-11-27 17:19:39 - [MESSAGE][PASSED] - Text 'perkeso2' is set on object 'Object Repository/Final Object Repo/New Registration - Registration Module Pages/Form 1/Postal Address2'

2018-11-27 17:19:39 - [TEST_STEP][PASSED] - setText: Text 'perkeso3' is set on object 'Object Repository/Final Object Repo/New Registration - Registration Module Pages/Form 1/Postal Address3'

2018-11-27 17:19:39 - [MESSAGE][PASSED] - Text 'perkeso3' is set on object 'Object Repository/Final Object Repo/New Registration - Registration Module Pages/Form 1/Postal Address3'

2018-11-27 17:19:39 - [TEST_STEP][PASSED] - click: Object: 'Object Repository/Final Object Repo/New Registration - Registration Module Pages/Form 1/State' is clicked on

2018-11-27 17:19:39 - [MESSAGE][PASSED] - Object: 'Object Repository/Final Object Repo/New Registration - Registration Module Pages/Form 1/State' is clicked on

2018-11-27 17:19:39 - [TEST_STEP][PASSED] - click: Object: 'Object Repository/Final Object Repo/New Registration - Registration Module Pages/Form 1/State - Johor' is clicked on

2018-11-27 17:19:40 - [MESSAGE][PASSED] - Object: 'Object Repository/Final Object Repo/New Registration - Registration Module Pages/Form 1/State - Johor' is clicked on

2018-11-27 17:19:40 - [TEST_STEP][PASSED] - delay: Delayed 1 second(s)

2018-11-27 17:19:41 - [MESSAGE][PASSED] - Delayed 1 second(s)

2018-11-27 17:19:41 - [TEST_STEP][PASSED] - click: Object: 'Object Repository/Final Object Repo/New Registration - Registration Module Pages/Form 1/City' is clicked on

2018-11-27 17:19:41 - [MESSAGE][PASSED] - Object: 'Object Repository/Final Object Repo/New Registration - Registration Module Pages/Form 1/City' is clicked on

2018-11-27 17:19:41 - [TEST_STEP][PASSED] - setText: Text 'joh' is set on object 'Object Repository/Final Object Repo/New Registration - Registration Module Pages/Form 1/Postcode - 810'

2018-11-27 17:19:41 - [MESSAGE][PASSED] - Text 'joh' is set on object 'Object Repository/Final Object Repo/New Registration - Registration Module Pages/Form 1/Postcode - 810'

2018-11-27 17:19:41 - [TEST_STEP][PASSED] - delay: Delayed 1 second(s)

2018-11-27 17:19:42 - [MESSAGE][PASSED] - Delayed 1 second(s)

2018-11-27 17:19:42 - [TEST_STEP][PASSED] - click: Object: 'Object Repository/Final Object Repo/New Registration - Registration Module Pages/Form 1/City - Johor Bharu' is clicked on

2018-11-27 17:19:43 - [MESSAGE][PASSED] - Object: 'Object Repository/Final Object Repo/New Registration - Registration Module Pages/Form 1/City - Johor Bharu' is clicked on

2018-11-27 17:19:43 - [TEST_STEP][PASSED] - delay: Delayed 1 second(s)

2018-11-27 17:19:44 - [MESSAGE][PASSED] - Delayed 1 second(s)

2018-11-27 17:19:44 - [TEST_STEP][PASSED] - click: Object: 'Object Repository/Final Object Repo/New Registration - Registration Module Pages/Form 1/Postcode' is clicked on

2018-11-27 17:19:44 - [MESSAGE][PASSED] - Object: 'Object Repository/Final Object Repo/New Registration - Registration Module Pages/Form 1/Postcode' is clicked on

2018-11-27 17:19:44 - [TEST_STEP][PASSED] - delay: Delayed 1 second(s)

2018-11-27 17:19:45 - [MESSAGE][PASSED] - Delayed 1 second(s)

2018-11-27 17:19:45 - [TEST_STEP][PASSED] - setText: Text '810' is set on object 'Object Repository/Final Object Repo/New Registration - Registration Module Pages/Form 1/Postcode - 810'

2018-11-27 17:19:45 - [MESSAGE][PASSED] - Text '810' is set on object 'Object Repository/Final Object Repo/New Registration - Registration Module Pages/Form 1/Postcode - 810'

2018-11-27 17:19:45 - [TEST_STEP][PASSED] - delay: Delayed 3 second(s)

2018-11-27 17:19:48 - [MESSAGE][PASSED] - Delayed 3 second(s)

2018-11-27 17:19:48 - [TEST_STEP][PASSED] - click: Object: 'Object Repository/Final Object Repo/New Registration - Registration Module Pages/Form 1/Postcode - 81000' is clicked on

2018-11-27 17:19:48 - [MESSAGE][PASSED] - Object: 'Object Repository/Final Object Repo/New Registration - Registration Module Pages/Form 1/Postcode - 81000' is clicked on

2018-11-27 17:19:48 - [TEST_STEP][PASSED] - delay: Delayed 1 second(s)

2018-11-27 17:19:49 - [MESSAGE][PASSED] - Delayed 1 second(s)

2018-11-27 17:19:49 - [TEST_STEP][PASSED] - setText: Text '100' is set on object 'Object Repository/Final Object Repo/New Registration - Registration Module Pages/Form 1/P.O.BOX'

2018-11-27 17:19:49 - [MESSAGE][PASSED] - Text '100' is set on object 'Object Repository/Final Object Repo/New Registration - Registration Module Pages/Form 1/P.O.BOX'

2018-11-27 17:19:49 - [TEST_STEP][PASSED] - setText: Text '100' is set on object 'Object Repository/Final Object Repo/New Registration - Registration Module Pages/Form 1/Locked Bag No'

2018-11-27 17:19:50 - [MESSAGE][PASSED] - Text '100' is set on object 'Object Repository/Final Object Repo/New Registration - Registration Module Pages/Form 1/Locked Bag No'

2018-11-27 17:19:50 - [TEST_STEP][PASSED] - click: Object: 'Object Repository/Final Object Repo/New Registration - Registration Module Pages/Form 1/SOCSO Office Location' is clicked on

2018-11-27 17:19:50 - [MESSAGE][PASSED] - Object: 'Object Repository/Final Object Repo/New Registration - Registration Module Pages/Form 1/SOCSO Office Location' is clicked on

2018-11-27 17:19:50 - [TEST_STEP][PASSED] - click: Object: 'Object Repository/Final Object Repo/New Registration - Registration Module Pages/Form 1/SOCSO Office Location - Pejabat PERKESO Negeri Johor' is clicked on

2018-11-27 17:19:50 - [MESSAGE][PASSED] - Object: 'Object Repository/Final Object Repo/New Registration - Registration Module Pages/Form 1/SOCSO Office Location - Pejabat PERKESO Negeri Johor' is clicked on

2018-11-27 17:19:50 - [TEST_STEP][PASSED] - delay: Delayed 1 second(s)

2018-11-27 17:19:51 - [MESSAGE][PASSED] - Delayed 1 second(s)

2018-11-27 17:19:51 - [TEST_STEP][PASSED] - check: Object 'Object Repository/Final Object Repo/New Registration - Registration Module Pages/Form 1/Indusrty Address Same As Postal Address' is checked

2018-11-27 17:19:51 - [MESSAGE][PASSED] - Object 'Object Repository/Final Object Repo/New Registration - Registration Module Pages/Form 1/Indusrty Address Same As Postal Address' is checked

2018-11-27 17:19:51 - [TEST_STEP][PASSED] - delay: Delayed 3 second(s)

2018-11-27 17:19:54 - [MESSAGE][PASSED] - Delayed 3 second(s)

2018-11-27 17:19:54 - [TEST_STEP][PASSED] - click: Object: 'Object Repository/Final Object Repo/New Registration - Registration Module Pages/Form 1/Indusry Address Same As Postal Address False' is clicked on

2018-11-27 17:19:55 - [MESSAGE][PASSED] - Object: 'Object Repository/Final Object Repo/New Registration - Registration Module Pages/Form 1/Indusry Address Same As Postal Address False' is clicked on

2018-11-27 17:19:55 - [TEST_STEP][PASSED] - delay: Delayed 1 second(s)

2018-11-27 17:19:56 - [MESSAGE][PASSED] - Delayed 1 second(s)

2018-11-27 17:19:56 - [TEST_STEP][PASSED] - setText: Text 'perkeso1' is set on object 'Object Repository/Final Object Repo/New Registration - Registration Module Pages/Form 1/Industry Address1'

2018-11-27 17:19:56 - [MESSAGE][PASSED] - Text 'perkeso1' is set on object 'Object Repository/Final Object Repo/New Registration - Registration Module Pages/Form 1/Industry Address1'

2018-11-27 17:19:56 - [TEST_STEP][PASSED] - setText: Text 'perkeso2' is set on object 'Object Repository/Final Object Repo/New Registration - Registration Module Pages/Form 1/Industry Address2'

2018-11-27 17:19:56 - [MESSAGE][PASSED] - Text 'perkeso2' is set on object 'Object Repository/Final Object Repo/New Registration - Registration Module Pages/Form 1/Industry Address2'

2018-11-27 17:19:56 - [TEST_STEP][PASSED] - setText: Text 'perkeso3' is set on object 'Object Repository/Final Object Repo/New Registration - Registration Module Pages/Form 1/Industry Address3'

2018-11-27 17:19:57 - [MESSAGE][PASSED] - Text 'perkeso3' is set on object 'Object Repository/Final Object Repo/New Registration - Registration Module Pages/Form 1/Industry Address3'

2018-11-27 17:19:57 - [TEST_STEP][PASSED] - click: Object: 'Object Repository/Final Object Repo/New Registration - Registration Module Pages/Form 1/Industry State' is clicked on

2018-11-27 17:19:57 - [MESSAGE][PASSED] - Object: 'Object Repository/Final Object Repo/New Registration - Registration Module Pages/Form 1/Industry State' is clicked on

2018-11-27 17:19:57 - [TEST_STEP][PASSED] - delay: Delayed 2 second(s)

2018-11-27 17:19:59 - [MESSAGE][PASSED] - Delayed 2 second(s)

2018-11-27 17:19:59 - [TEST_STEP][PASSED] - click: Object: 'Object Repository/Final Object Repo/New Registration - Registration Module Pages/Form 1/Industry State - Johor' is clicked on

2018-11-27 17:19:59 - [MESSAGE][PASSED] - Object: 'Object Repository/Final Object Repo/New Registration - Registration Module Pages/Form 1/Industry State - Johor' is clicked on

2018-11-27 17:19:59 - [TEST_STEP][PASSED] - delay: Delayed 2 second(s)

2018-11-27 17:20:01 - [MESSAGE][PASSED] - Delayed 2 second(s)

2018-11-27 17:20:01 - [TEST_STEP][PASSED] - click: Object: 'Object Repository/Final Object Repo/New Registration - Registration Module Pages/Form 1/Industry Ciry' is clicked on

2018-11-27 17:20:01 - [MESSAGE][PASSED] - Object: 'Object Repository/Final Object Repo/New Registration - Registration Module Pages/Form 1/Industry Ciry' is clicked on

2018-11-27 17:20:01 - [TEST_STEP][PASSED] - setText: Text 'joh' is set on object 'Object Repository/Final Object Repo/New Registration - Registration Module Pages/Form 1/Industry Ciry - joh'

2018-11-27 17:20:02 - [MESSAGE][PASSED] - Text 'joh' is set on object 'Object Repository/Final Object Repo/New Registration - Registration Module Pages/Form 1/Industry Ciry - joh'

2018-11-27 17:20:02 - [TEST_STEP][PASSED] - delay: Delayed 2 second(s)

2018-11-27 17:20:04 - [MESSAGE][PASSED] - Delayed 2 second(s)

2018-11-27 17:20:04 - [TEST_STEP][PASSED] - click: Object: 'Object Repository/Final Object Repo/New Registration - Registration Module Pages/Form 1/Industy State - Johor Bharu' is clicked on

2018-11-27 17:20:04 - [MESSAGE][PASSED] - Object: 'Object Repository/Final Object Repo/New Registration - Registration Module Pages/Form 1/Industy State - Johor Bharu' is clicked on

2018-11-27 17:20:04 - [TEST_STEP][PASSED] - delay: Delayed 1 second(s)

2018-11-27 17:20:05 - [MESSAGE][PASSED] - Delayed 1 second(s)

2018-11-27 17:20:05 - [TEST_STEP][PASSED] - click: Object: 'Object Repository/Final Object Repo/New Registration - Registration Module Pages/Form 1/Indusry PostCode' is clicked on

2018-11-27 17:20:05 - [MESSAGE][PASSED] - Object: 'Object Repository/Final Object Repo/New Registration - Registration Module Pages/Form 1/Indusry PostCode' is clicked on

2018-11-27 17:20:05 - [TEST_STEP][PASSED] - delay: Delayed 1 second(s)

2018-11-27 17:20:06 - [MESSAGE][PASSED] - Delayed 1 second(s)

2018-11-27 17:20:06 - [TEST_STEP][PASSED] - setText: Text '810' is set on object 'Object Repository/Final Object Repo/New Registration - Registration Module Pages/Form 1/Insutry Post Code - 810'

2018-11-27 17:20:06 - [MESSAGE][PASSED] - Text '810' is set on object 'Object Repository/Final Object Repo/New Registration - Registration Module Pages/Form 1/Insutry Post Code - 810'

2018-11-27 17:20:06 - [TEST_STEP][PASSED] - delay: Delayed 1 second(s)

2018-11-27 17:20:07 - [MESSAGE][PASSED] - Delayed 1 second(s)

2018-11-27 17:20:07 - [TEST_STEP][PASSED] - click: Object: 'Object Repository/Final Object Repo/New Registration - Registration Module Pages/Form 1/Insutry Post Code - 81000' is clicked on

2018-11-27 17:20:08 - [MESSAGE][PASSED] - Object: 'Object Repository/Final Object Repo/New Registration - Registration Module Pages/Form 1/Insutry Post Code - 81000' is clicked on

2018-11-27 17:20:08 - [TEST_STEP][PASSED] - delay: Delayed 1 second(s)

2018-11-27 17:20:09 - [MESSAGE][PASSED] - Delayed 1 second(s)

2018-11-27 17:20:09 - [TEST_STEP][PASSED] - setText: Text '100' is set on object 'Object Repository/Final Object Repo/New Registration - Registration Module Pages/Form 1/Industry P.O.BOX'

2018-11-27 17:20:09 - [MESSAGE][PASSED] - Text '100' is set on object 'Object Repository/Final Object Repo/New Registration - Registration Module Pages/Form 1/Industry P.O.BOX'

2018-11-27 17:20:09 - [TEST_STEP][PASSED] - setText: Text '100' is set on object 'Object Repository/Final Object Repo/New Registration - Registration Module Pages/Form 1/Industry Locked Bag No'

2018-11-27 17:20:09 - [MESSAGE][PASSED] - Text '100' is set on object 'Object Repository/Final Object Repo/New Registration - Registration Module Pages/Form 1/Industry Locked Bag No'

2018-11-27 17:20:09 - [TEST_STEP][PASSED] - setText: Text '123456789' is set on object 'Object Repository/Final Object Repo/New Registration - Registration Module Pages/Form 1/Telephone No'

2018-11-27 17:20:10 - [MESSAGE][PASSED] - Text '123456789' is set on object 'Object Repository/Final Object Repo/New Registration - Registration Module Pages/Form 1/Telephone No'

2018-11-27 17:20:10 - [TEST_STEP][PASSED] - setText: Text '123456789' is set on object 'Object Repository/Final Object Repo/New Registration - Registration Module Pages/Form 1/Mobile No'

2018-11-27 17:20:10 - [MESSAGE][PASSED] - Text '123456789' is set on object 'Object Repository/Final Object Repo/New Registration - Registration Module Pages/Form 1/Mobile No'

2018-11-27 17:20:10 - [TEST_STEP][PASSED] - setText: Text '123456789' is set on object 'Object Repository/Final Object Repo/New Registration - Registration Module Pages/Form 1/Fax No'

2018-11-27 17:20:10 - [MESSAGE][PASSED] - Text '123456789' is set on object 'Object Repository/Final Object Repo/New Registration - Registration Module Pages/Form 1/Fax No'

2018-11-27 17:20:10 - [TEST_STEP][PASSED] - click: Object: 'Object Repository/Final Object Repo/New Registration - Registration Module Pages/Form 1/Industry Code' is clicked on

2018-11-27 17:20:11 - [MESSAGE][PASSED] - Object: 'Object Repository/Final Object Repo/New Registration - Registration Module Pages/Form 1/Industry Code' is clicked on

2018-11-27 17:20:11 - [TEST_STEP][PASSED] - click: Object: 'Object Repository/Final Object Repo/New Registration - Registration Module Pages/Form 1/Indudustry Code - Crops and Animal' is clicked on

2018-11-27 17:20:11 - [MESSAGE][PASSED] - Object: 'Object Repository/Final Object Repo/New Registration - Registration Module Pages/Form 1/Indudustry Code - Crops and Animal' is clicked on

2018-11-27 17:20:11 - [TEST_STEP][PASSED] - delay: Delayed 1 second(s)

2018-11-27 17:20:12 - [MESSAGE][PASSED] - Delayed 1 second(s)

2018-11-27 17:20:12 - [TEST_STEP][PASSED] - click: Object: 'Object Repository/Final Object Repo/New Registration - Registration Module Pages/Form 1/Sub Industry Code List' is clicked on

2018-11-27 17:20:12 - [MESSAGE][PASSED] - Object: 'Object Repository/Final Object Repo/New Registration - Registration Module Pages/Form 1/Sub Industry Code List' is clicked on

2018-11-27 17:20:12 - [TEST_STEP][PASSED] - click: Object: 'Object Repository/Final Object Repo/New Registration - Registration Module Pages/Form 1/Sub Industry Code List - Growing of Maize' is clicked on

2018-11-27 17:20:12 - [MESSAGE][PASSED] - Object: 'Object Repository/Final Object Repo/New Registration - Registration Module Pages/Form 1/Sub Industry Code List - Growing of Maize' is clicked on

2018-11-27 17:20:12 - [TEST_STEP][PASSED] - setText: Text 'perkeso123@gmail.com' is set on object 'Object Repository/Final Object Repo/New Registration - Registration Module Pages/Form 1/Email'

2018-11-27 17:20:13 - [MESSAGE][PASSED] - Text 'perkeso123@gmail.com' is set on object 'Object Repository/Final Object Repo/New Registration - Registration Module Pages/Form 1/Email'

2018-11-27 17:20:13 - [TEST_STEP][PASSED] - click: Object: 'Object Repository/Final Object Repo/New Registration - Registration Module Pages/Form 1/Method of Contribution Payment' is clicked on

2018-11-27 17:20:13 - [MESSAGE][PASSED] - Object: 'Object Repository/Final Object Repo/New Registration - Registration Module Pages/Form 1/Method of Contribution Payment' is clicked on

2018-11-27 17:20:13 - [TEST_STEP][PASSED] - click: Object: 'Object Repository/Final Object Repo/New Registration - Registration Module Pages/Form 1/Method of Contribution Payment - Portal' is clicked on

2018-11-27 17:20:14 - [MESSAGE][PASSED] - Object: 'Object Repository/Final Object Repo/New Registration - Registration Module Pages/Form 1/Method of Contribution Payment - Portal' is clicked on

2018-11-27 17:20:14 - [TEST_STEP][PASSED] - click: Object: 'Object Repository/Final Object Repo/New Registration - Registration Module Pages/Form 1/Servide Type' is clicked on

2018-11-27 17:20:14 - [MESSAGE][PASSED] - Object: 'Object Repository/Final Object Repo/New Registration - Registration Module Pages/Form 1/Servide Type' is clicked on

2018-11-27 17:20:14 - [TEST_STEP][PASSED] - click: Object: 'Object Repository/Final Object Repo/New Registration - Registration Module Pages/Form 1/Servide Type - Professional Bodies' is clicked on

2018-11-27 17:20:15 - [MESSAGE][PASSED] - Object: 'Object Repository/Final Object Repo/New Registration - Registration Module Pages/Form 1/Servide Type - Professional Bodies' is clicked on

2018-11-27 17:20:15 - [TEST_STEP][PASSED] - click: Object: 'Object Repository/Final Object Repo/New Registration - Registration Module Pages/Form 1/Industry Venue' is clicked on

2018-11-27 17:20:15 - [MESSAGE][PASSED] - Object: 'Object Repository/Final Object Repo/New Registration - Registration Module Pages/Form 1/Industry Venue' is clicked on

2018-11-27 17:20:15 - [TEST_STEP][PASSED] - click: Object: 'Object Repository/Final Object Repo/New Registration - Registration Module Pages/Form 1/Industry Venue -  PPN JOHOR' is clicked on

2018-11-27 17:20:15 - [MESSAGE][PASSED] - Object: 'Object Repository/Final Object Repo/New Registration - Registration Module Pages/Form 1/Industry Venue -  PPN JOHOR' is clicked on

2018-11-27 17:20:15 - [TEST_STEP][PASSED] - click: Object: 'Object Repository/Final Object Repo/New Registration - Registration Module Pages/Form 1/Save  Continue' is clicked on

2018-11-27 17:20:15 - [MESSAGE][PASSED] - Object: 'Object Repository/Final Object Repo/New Registration - Registration Module Pages/Form 1/Save  Continue' is clicked on

2018-11-27 17:20:15 - [MESSAGE][PASSED] - Call Test Case 'Test Cases/Final Aug 2018 - PKS Automation/Registration Module/New Registration/Form 1/Form 1 - Corporation - BHD' successfully

2018-11-27 17:20:15 - [TEST_STEP][PASSED] - callTestCase: Call Test Case 'Test Cases/Final Aug 2018 - PKS Automation/Registration Module/New Registration/Form 2/Add 1 Eligible' successfully

2018-11-27 17:20:15 - [TEST_CASE][PASSED] - Test Cases/Final Aug 2018 - PKS Automation/Registration Module/New Registration/Form 2/Add 1 Eligible: Test Cases/Final Aug 2018 - PKS Automation/Registration Module/New Registration/Form 2/Add 1 Eligible

2018-11-27 17:20:15 - [TEST_STEP][PASSED] - delay: Delayed 2 second(s)

2018-11-27 17:20:17 - [MESSAGE][PASSED] - Delayed 2 second(s)

2018-11-27 17:20:17 - [TEST_STEP][PASSED] - callTestCase: Call Test Case 'Test Cases/Final Aug 2018 - PKS Automation/Registration Module/New Registration/Form 2/Date Updater' successfully

2018-11-27 17:20:17 - [TEST_CASE][PASSED] - Test Cases/Final Aug 2018 - PKS Automation/Registration Module/New Registration/Form 2/Date Updater: Test Cases/Final Aug 2018 - PKS Automation/Registration Module/New Registration/Form 2/Date Updater

2018-11-27 17:20:17 - [TEST_STEP][PASSED] - Statement - TodayDate = new java.util.Date(): null

2018-11-27 17:20:17 - [TEST_STEP][PASSED] - Statement - CurrentDateNoFilter = new java.text.SimpleDateFormat(): null

2018-11-27 17:20:17 - [TEST_STEP][PASSED] - Statement - CurrentDateNoFilter.applyPattern("dd"): null

2018-11-27 17:20:17 - [TEST_STEP][PASSED] - Statement - CurrentDate = CurrentDateNoFilter.format(TodayDate): null

2018-11-27 17:20:17 - [TEST_STEP][PASSED] - Statement - CurrentDate = java.lang.Integer.parseInt(CurrentDate): null

2018-11-27 17:20:17 - [TEST_STEP][PASSED] - Statement - CurrentDate = CurrentDate: null

2018-11-27 17:20:17 - [TEST_STEP][PASSED] - Statement - CurrentDay = java.lang.Integer.parseInt(CurrentDate): null

2018-11-27 17:20:17 - [TEST_STEP][PASSED] - Statement - aDayBefore = CurrentDay + 1: null

2018-11-27 17:20:17 - [TEST_STEP][PASSED] - Statement - DayBefore = aDayBefore.toString(): null

2018-11-27 17:20:17 - [TEST_STEP][PASSED] - Statement - OneDayBefore = DayBefore: null

2018-11-27 17:20:17 - [TEST_STEP][PASSED] - Statement - CurrentDateNoFilter.applyPattern("MM"): null

2018-11-27 17:20:18 - [TEST_STEP][PASSED] - Statement - monthContainerMatcher = java.lang.Integer.parseInt(CurrentDateNoFilter.format(TodayDate)): null

2018-11-27 17:20:18 - [TEST_STEP][PASSED] - Statement - monthContainerMatcher = monthContainerMatcher - 1: null

2018-11-27 17:20:18 - [TEST_STEP][PASSED] - Statement - CurrentMonth = monthContainerMatcher.toString(): null

2018-11-27 17:20:18 - [TEST_STEP][PASSED] - Statement - CurrentMonth = CurrentMonth: null

2018-11-27 17:20:18 - [TEST_STEP][PASSED] - Statement - CurrentDateNoFilter.applyPattern("yyyy"): null

2018-11-27 17:20:18 - [TEST_STEP][PASSED] - Statement - CurrentYear = CurrentDateNoFilter.format(TodayDate): null

2018-11-27 17:20:18 - [TEST_STEP][PASSED] - Statement - CurrentYear = CurrentYear: null

2018-11-27 17:20:18 - [TEST_STEP][PASSED] - Statement - intCurrentYear = java.lang.Integer.parseInt(CurrentDateNoFilter.format(TodayDate)): null

2018-11-27 17:20:18 - [TEST_STEP][PASSED] - Statement - eighteenYrsAgo = intCurrentYear - 18: null

2018-11-27 17:20:18 - [TEST_STEP][PASSED] - Statement - eighteenYrsBeforeThisYr = eighteenYrsAgo.toString(): null

2018-11-27 17:20:18 - [TEST_STEP][PASSED] - Statement - EighteenYrsBefore = eighteenYrsBeforeThisYr: null

2018-11-27 17:20:18 - [TEST_STEP][PASSED] - Statement - fiftysevenYrsAgo = intCurrentYear - 57: null

2018-11-27 17:20:18 - [TEST_STEP][PASSED] - Statement - fiftysevenYrsBeforeThisYr = fiftysevenYrsAgo.toString(): null

2018-11-27 17:20:18 - [TEST_STEP][PASSED] - Statement - FiftysevenYrsBefore = fiftysevenYrsBeforeThisYr: null

2018-11-27 17:20:18 - [MESSAGE][PASSED] - Call Test Case 'Test Cases/Final Aug 2018 - PKS Automation/Registration Module/New Registration/Form 2/Date Updater' successfully

2018-11-27 17:20:18 - [TEST_STEP][PASSED] - delay: Delayed 1 second(s)

2018-11-27 17:20:19 - [MESSAGE][PASSED] - Delayed 1 second(s)

2018-11-27 17:20:19 - [TEST_STEP][PASSED] - Statement - CaseReferenceNo = com.kms.katalon.core.webui.keyword.WebUiBuiltInKeywords.getText(com.kms.katalon.core.testobject.ObjectRepository.findTestObject(Final Object Repo/New Registration - Registration Module Pages/Form 2/RefNo Acquiring)): Text of object 'Object Repository/Final Object Repo/New Registration - Registration Module Pages/Form 2/RefNo Acquiring' is: 'CRN11201800122877'

2018-11-27 17:20:20 - [MESSAGE][PASSED] - Text of object 'Object Repository/Final Object Repo/New Registration - Registration Module Pages/Form 2/RefNo Acquiring' is: 'CRN11201800122877'

2018-11-27 17:20:20 - [TEST_STEP][PASSED] - delay: Delayed 1 second(s)

2018-11-27 17:20:21 - [MESSAGE][PASSED] - Delayed 1 second(s)

2018-11-27 17:20:21 - [TEST_STEP][PASSED] - click: Object: 'Object Repository/Final Object Repo/New Registration - Registration Module Pages/Form 2/Add Employee Button' is clicked on

2018-11-27 17:20:21 - [MESSAGE][PASSED] - Object: 'Object Repository/Final Object Repo/New Registration - Registration Module Pages/Form 2/Add Employee Button' is clicked on

2018-11-27 17:20:21 - [TEST_STEP][PASSED] - delay: Delayed 1 second(s)

2018-11-27 17:20:22 - [MESSAGE][PASSED] - Delayed 1 second(s)

2018-11-27 17:20:22 - [TEST_STEP][PASSED] - setText: Text '010903091963' is set on object 'Object Repository/Final Object Repo/New Registration - Registration Module Pages/Form 2/NRIC Input'

2018-11-27 17:20:27 - [MESSAGE][PASSED] - Text '010903091963' is set on object 'Object Repository/Final Object Repo/New Registration - Registration Module Pages/Form 2/NRIC Input'

2018-11-27 17:20:27 - [TEST_STEP][PASSED] - click: Object: 'Object Repository/Final Object Repo/New Registration - Registration Module Pages/Form 2/button for search for IC' is clicked on

2018-11-27 17:20:27 - [MESSAGE][PASSED] - Object: 'Object Repository/Final Object Repo/New Registration - Registration Module Pages/Form 2/button for search for IC' is clicked on

2018-11-27 17:20:27 - [TEST_STEP][PASSED] - delay: Delayed 2 second(s)

2018-11-27 17:20:29 - [MESSAGE][PASSED] - Delayed 2 second(s)

2018-11-27 17:20:29 - [TEST_STEP][PASSED] - setText: Text 'Automate001 eligible 1' is set on object 'Object Repository/Final Object Repo/New Registration - Registration Module Pages/Form 2/Employee Name Input'

2018-11-27 17:20:30 - [MESSAGE][PASSED] - Text 'Automate001 eligible 1' is set on object 'Object Repository/Final Object Repo/New Registration - Registration Module Pages/Form 2/Employee Name Input'

2018-11-27 17:20:30 - [TEST_STEP][PASSED] - delay: Delayed 2 second(s)

2018-11-27 17:20:32 - [MESSAGE][PASSED] - Delayed 2 second(s)

2018-11-27 17:20:32 - [TEST_STEP][PASSED] - click: Object: 'Object Repository/Final Object Repo/New Registration - Registration Module Pages/Form 2/DatePicker Pop Up' is clicked on

2018-11-27 17:20:32 - [MESSAGE][PASSED] - Object: 'Object Repository/Final Object Repo/New Registration - Registration Module Pages/Form 2/DatePicker Pop Up' is clicked on

2018-11-27 17:20:32 - [TEST_STEP][PASSED] - click: Object: 'Object Repository/Final Object Repo/New Registration - Registration Module Pages/Form 2/DOB Month' is clicked on

2018-11-27 17:20:33 - [MESSAGE][PASSED] - Object: 'Object Repository/Final Object Repo/New Registration - Registration Module Pages/Form 2/DOB Month' is clicked on

2018-11-27 17:20:33 - [TEST_STEP][PASSED] - Statement - CurrentMonth = CurrentMonth: null

2018-11-27 17:20:33 - [TEST_STEP][PASSED] - Statement - selectMonth = new com.kms.katalon.core.testobject.TestObject(): null

2018-11-27 17:20:33 - [TEST_STEP][PASSED] - Statement - selectMonth.addProperty("xpath", EQUALS, "//body/div/div/div/select/option[@value='" + CurrentMonth + "']", true): null

2018-11-27 17:20:33 - [TEST_STEP][PASSED] - click: Object: '' is clicked on

2018-11-27 17:20:33 - [MESSAGE][PASSED] - Object: '' is clicked on

2018-11-27 17:20:33 - [TEST_STEP][PASSED] - click: Object: 'Object Repository/Final Object Repo/New Registration - Registration Module Pages/Form 2/DOB Year' is clicked on

2018-11-27 17:20:35 - [MESSAGE][PASSED] - Object: 'Object Repository/Final Object Repo/New Registration - Registration Module Pages/Form 2/DOB Year' is clicked on

2018-11-27 17:20:35 - [TEST_STEP][PASSED] - Statement - Eyearsbf = EighteenYrsBefore: null

2018-11-27 17:20:35 - [TEST_STEP][PASSED] - Statement - selectYear = new com.kms.katalon.core.testobject.TestObject(): null

2018-11-27 17:20:35 - [TEST_STEP][PASSED] - Statement - selectYear.addProperty("xpath", EQUALS, "//div/div/div/select/option[@value='" + Eyearsbf + "']", true): null

2018-11-27 17:20:35 - [TEST_STEP][PASSED] - click: Object: '' is clicked on

2018-11-27 17:20:35 - [MESSAGE][PASSED] - Object: '' is clicked on

2018-11-27 17:20:35 - [TEST_STEP][PASSED] - Statement - UpdatedSelectDate = com.kms.katalon.core.webui.keyword.WebUiBuiltInKeywords.modifyObjectProperty(com.kms.katalon.core.testobject.ObjectRepository.findTestObject(Final Object Repo/New Registration - Registration Module Pages/Form 2/DOB Date), "xpath", "equals", "//body/div/table/tbody/tr/td/a[text()="" + CurrentDate + ""]", true): Modify property of object successfully

2018-11-27 17:20:35 - [MESSAGE][PASSED] - Modify property of object successfully

2018-11-27 17:20:35 - [TEST_STEP][PASSED] - delay: Delayed 3 second(s)

2018-11-27 17:20:38 - [MESSAGE][PASSED] - Delayed 3 second(s)

2018-11-27 17:20:38 - [TEST_STEP][PASSED] - click: Object: 'Object Repository/Final Object Repo/New Registration - Registration Module Pages/Form 2/DOB Date' is clicked on

2018-11-27 17:20:38 - [MESSAGE][PASSED] - Object: 'Object Repository/Final Object Repo/New Registration - Registration Module Pages/Form 2/DOB Date' is clicked on

2018-11-27 17:20:38 - [TEST_STEP][PASSED] - delay: Delayed 2 second(s)

2018-11-27 17:20:40 - [MESSAGE][PASSED] - Delayed 2 second(s)

2018-11-27 17:20:40 - [TEST_STEP][PASSED] - click: Object: 'Object Repository/Final Object Repo/New Registration - Registration Module Pages/Form 2/EmploymentStartDate Pop Up' is clicked on

2018-11-27 17:20:40 - [MESSAGE][PASSED] - Object: 'Object Repository/Final Object Repo/New Registration - Registration Module Pages/Form 2/EmploymentStartDate Pop Up' is clicked on

2018-11-27 17:20:40 - [TEST_STEP][PASSED] - delay: Delayed 2 second(s)

2018-11-27 17:20:42 - [MESSAGE][PASSED] - Delayed 2 second(s)

2018-11-27 17:20:42 - [TEST_STEP][PASSED] - click: Object: 'Object Repository/Final Object Repo/New Registration - Registration Module Pages/Form 2/Socso Employment StartDate Month' is clicked on

2018-11-27 17:20:42 - [MESSAGE][PASSED] - Object: 'Object Repository/Final Object Repo/New Registration - Registration Module Pages/Form 2/Socso Employment StartDate Month' is clicked on

2018-11-27 17:20:42 - [TEST_STEP][PASSED] - delay: Delayed 1 second(s)

2018-11-27 17:20:43 - [MESSAGE][PASSED] - Delayed 1 second(s)

2018-11-27 17:20:43 - [TEST_STEP][PASSED] - click: Object: 'Object Repository/Final Object Repo/New Registration - Registration Module Pages/Form 2/Select Socso Employement Startdate Month' is clicked on

2018-11-27 17:20:43 - [MESSAGE][PASSED] - Object: 'Object Repository/Final Object Repo/New Registration - Registration Module Pages/Form 2/Select Socso Employement Startdate Month' is clicked on

2018-11-27 17:20:43 - [TEST_STEP][PASSED] - delay: Delayed 2 second(s)

2018-11-27 17:20:45 - [MESSAGE][PASSED] - Delayed 2 second(s)

2018-11-27 17:20:45 - [TEST_STEP][PASSED] - click: Object: 'Object Repository/Final Object Repo/New Registration - Registration Module Pages/Form 2/Socso Employment StartDate Year' is clicked on

2018-11-27 17:20:46 - [MESSAGE][PASSED] - Object: 'Object Repository/Final Object Repo/New Registration - Registration Module Pages/Form 2/Socso Employment StartDate Year' is clicked on

2018-11-27 17:20:46 - [TEST_STEP][PASSED] - delay: Delayed 1 second(s)

2018-11-27 17:20:47 - [MESSAGE][PASSED] - Delayed 1 second(s)

2018-11-27 17:20:47 - [TEST_STEP][PASSED] - click: Object: 'Object Repository/Final Object Repo/New Registration - Registration Module Pages/Form 2/Select Socso Employment Startdate Year' is clicked on

2018-11-27 17:20:47 - [MESSAGE][PASSED] - Object: 'Object Repository/Final Object Repo/New Registration - Registration Module Pages/Form 2/Select Socso Employment Startdate Year' is clicked on

2018-11-27 17:20:47 - [TEST_STEP][PASSED] - delay: Delayed 2 second(s)

2018-11-27 17:20:49 - [MESSAGE][PASSED] - Delayed 2 second(s)

2018-11-27 17:20:49 - [TEST_STEP][PASSED] - click: Object: 'Object Repository/Final Object Repo/New Registration - Registration Module Pages/Form 2/Socso Employment Start Date Day' is clicked on

2018-11-27 17:20:49 - [MESSAGE][PASSED] - Object: 'Object Repository/Final Object Repo/New Registration - Registration Module Pages/Form 2/Socso Employment Start Date Day' is clicked on

2018-11-27 17:20:49 - [TEST_STEP][PASSED] - delay: Delayed 2 second(s)

2018-11-27 17:20:51 - [MESSAGE][PASSED] - Delayed 2 second(s)

2018-11-27 17:20:51 - [TEST_STEP][PASSED] - click: Object: 'Object Repository/Final Object Repo/New Registration - Registration Module Pages/Form 2/Save Button for Add Employee' is clicked on

2018-11-27 17:20:51 - [MESSAGE][PASSED] - Object: 'Object Repository/Final Object Repo/New Registration - Registration Module Pages/Form 2/Save Button for Add Employee' is clicked on

2018-11-27 17:20:51 - [TEST_STEP][PASSED] - delay: Delayed 6 second(s)

2018-11-27 17:20:57 - [MESSAGE][PASSED] - Delayed 6 second(s)

2018-11-27 17:20:57 - [TEST_STEP][PASSED] - click: Object: 'Object Repository/Final Object Repo/New Registration - Registration Module Pages/Form 2/Save and Continue Form 2' is clicked on

2018-11-27 17:20:57 - [MESSAGE][PASSED] - Object: 'Object Repository/Final Object Repo/New Registration - Registration Module Pages/Form 2/Save and Continue Form 2' is clicked on

2018-11-27 17:20:57 - [MESSAGE][PASSED] - Call Test Case 'Test Cases/Final Aug 2018 - PKS Automation/Registration Module/New Registration/Form 2/Add 1 Eligible' successfully

2018-11-27 17:20:57 - [TEST_STEP][PASSED] - callTestCase: Call Test Case 'Test Cases/Final Aug 2018 - PKS Automation/Registration Module/New Registration/Flow of New Registration/Third Screen - Upload Supporting Doc - Preview' successfully

2018-11-27 17:20:57 - [TEST_CASE][PASSED] - Test Cases/Final Aug 2018 - PKS Automation/Registration Module/New Registration/Flow of New Registration/Third Screen - Upload Supporting Doc - Preview: Test Cases/Final Aug 2018 - PKS Automation/Registration Module/New Registration/Flow of New Registration/Third Screen - Upload Supporting Doc - Preview

2018-11-27 17:20:57 - [TEST_STEP][PASSED] - waitForPageLoad: Wait for page load successfully

2018-11-27 17:20:59 - [MESSAGE][PASSED] - Wait for page load successfully

2018-11-27 17:20:59 - [TEST_STEP][PASSED] - Statement - CaseReferenceNo = com.kms.katalon.core.webui.keyword.WebUiBuiltInKeywords.getText(com.kms.katalon.core.testobject.ObjectRepository.findTestObject(Final Object Repo/New Registration - Registration Module Pages/Third Screen - Upload Supporting Doc- Preview/RefNo Acquiring)): Text of object 'Object Repository/Final Object Repo/New Registration - Registration Module Pages/Third Screen - Upload Supporting Doc- Preview/RefNo Acquiring' is: 'CRN11201800122877'

2018-11-27 17:20:59 - [MESSAGE][PASSED] - Text of object 'Object Repository/Final Object Repo/New Registration - Registration Module Pages/Third Screen - Upload Supporting Doc- Preview/RefNo Acquiring' is: 'CRN11201800122877'

2018-11-27 17:20:59 - [TEST_STEP][PASSED] - delay: Delayed 2 second(s)

2018-11-27 17:21:01 - [MESSAGE][PASSED] - Delayed 2 second(s)

2018-11-27 17:21:01 - [TEST_STEP][PASSED] - callTestCase: Call Test Case 'Test Cases/Final Aug 2018 - PKS Automation/Common/Reference Number Setter' successfully

2018-11-27 17:21:02 - [TEST_CASE][PASSED] - Test Cases/Final Aug 2018 - PKS Automation/Common/Reference Number Setter: Test Cases/Final Aug 2018 - PKS Automation/Common/Reference Number Setter

2018-11-27 17:21:02 - [TEST_STEP][PASSED] - Statement - RefNoOldFile = new java.io.File(C://Users//Admin//Desktop//PKS//Automation Reference Point//KatalonReference.txt): null

2018-11-27 17:21:02 - [TEST_STEP][PASSED] - Statement - RefNoOldFile.delete(): null

2018-11-27 17:21:02 - [TEST_STEP][PASSED] - delay: Delayed 5 second(s)

2018-11-27 17:21:07 - [MESSAGE][PASSED] - Delayed 5 second(s)

2018-11-27 17:21:07 - [TEST_STEP][PASSED] - Statement - RefNo = new java.io.File(C://Users//Admin//Desktop//PKS//Automation Reference Point//KatalonReference.txt): null

2018-11-27 17:21:07 - [TEST_STEP][PASSED] - Statement - f2 = new java.io.FileWriter(RefNo, false): null

2018-11-27 17:21:07 - [TEST_STEP][PASSED] - Statement - f2.write(CaseReferenceNo): null

2018-11-27 17:21:07 - [TEST_STEP][PASSED] - Statement - f2.close(): null

2018-11-27 17:21:07 - [TEST_STEP][PASSED] - Statement - out.println("


" + CaseReferenceNo + "


"): null

2018-11-27 17:21:07 - [MESSAGE][PASSED] - Call Test Case 'Test Cases/Final Aug 2018 - PKS Automation/Common/Reference Number Setter' successfully

2018-11-27 17:21:07 - [TEST_STEP][PASSED] - waitForElementClickable: Object 'Object Repository/Final Object Repo/New Registration - Registration Module Pages/Third Screen - Upload Supporting Doc- Preview/Save n Continue in SIP Employee Listing Page' is clickable

2018-11-27 17:21:07 - [MESSAGE][PASSED] - Object 'Object Repository/Final Object Repo/New Registration - Registration Module Pages/Third Screen - Upload Supporting Doc- Preview/Save n Continue in SIP Employee Listing Page' is clickable

2018-11-27 17:21:07 - [TEST_STEP][PASSED] - click: Object: 'Object Repository/Final Object Repo/New Registration - Registration Module Pages/Third Screen - Upload Supporting Doc- Preview/Save n Continue in SIP Employee Listing Page' is clicked on

2018-11-27 17:21:12 - [MESSAGE][PASSED] - Object: 'Object Repository/Final Object Repo/New Registration - Registration Module Pages/Third Screen - Upload Supporting Doc- Preview/Save n Continue in SIP Employee Listing Page' is clicked on

2018-11-27 17:21:12 - [TEST_STEP][PASSED] - delay: Delayed 7 second(s)

2018-11-27 17:21:19 - [MESSAGE][PASSED] - Delayed 7 second(s)

2018-11-27 17:21:19 - [TEST_STEP][PASSED] - click: Object: 'Object Repository/Final Object Repo/New Registration - Registration Module Pages/Third Screen - Upload Supporting Doc- Preview/Add Document Button' is clicked on

2018-11-27 17:21:19 - [MESSAGE][PASSED] - Object: 'Object Repository/Final Object Repo/New Registration - Registration Module Pages/Third Screen - Upload Supporting Doc- Preview/Add Document Button' is clicked on

2018-11-27 17:21:19 - [TEST_STEP][PASSED] - delay: Delayed 30 second(s)

2018-11-27 17:21:49 - [MESSAGE][PASSED] - Delayed 30 second(s)

2018-11-27 17:21:49 - [TEST_STEP][PASSED] - click: Object: 'Object Repository/Final Object Repo/New Registration - Registration Module Pages/Third Screen - Upload Supporting Doc- Preview/Supporting Doc Please Select Drop Down' is clicked on

2018-11-27 17:21:50 - [MESSAGE][PASSED] - Object: 'Object Repository/Final Object Repo/New Registration - Registration Module Pages/Third Screen - Upload Supporting Doc- Preview/Supporting Doc Please Select Drop Down' is clicked on

2018-11-27 17:21:50 - [TEST_STEP][PASSED] - delay: Delayed 2 second(s)

2018-11-27 17:21:52 - [MESSAGE][PASSED] - Delayed 2 second(s)

2018-11-27 17:21:52 - [TEST_STEP][PASSED] - click: Object: 'Object Repository/Final Object Repo/New Registration - Registration Module Pages/Third Screen - Upload Supporting Doc- Preview/Select to Upload Form 1' is clicked on

2018-11-27 17:21:52 - [MESSAGE][PASSED] - Object: 'Object Repository/Final Object Repo/New Registration - Registration Module Pages/Third Screen - Upload Supporting Doc- Preview/Select to Upload Form 1' is clicked on

2018-11-27 17:21:52 - [TEST_STEP][PASSED] - delay: Delayed 2 second(s)

2018-11-27 17:21:54 - [MESSAGE][PASSED] - Delayed 2 second(s)

2018-11-27 17:21:54 - [TEST_STEP][PASSED] - uploadFile: File 'C:\Users\Public\Pictures\Sample Pictures\Koala.jpg' sent to object: 'Object Repository/Final Object Repo/New Registration - Registration Module Pages/Third Screen - Upload Supporting Doc- Preview/Upload File Adding'

2018-11-27 17:21:54 - [MESSAGE][PASSED] - File 'C:\Users\Public\Pictures\Sample Pictures\Koala.jpg' sent to object: 'Object Repository/Final Object Repo/New Registration - Registration Module Pages/Third Screen - Upload Supporting Doc- Preview/Upload File Adding'

2018-11-27 17:21:54 - [TEST_STEP][PASSED] - delay: Delayed 5 second(s)

2018-11-27 17:21:59 - [MESSAGE][PASSED] - Delayed 5 second(s)

2018-11-27 17:21:59 - [TEST_STEP][PASSED] - click: Object: 'Object Repository/Final Object Repo/New Registration - Registration Module Pages/Third Screen - Upload Supporting Doc- Preview/Inner Form Add Document Button' is clicked on

2018-11-27 17:21:59 - [MESSAGE][PASSED] - Object: 'Object Repository/Final Object Repo/New Registration - Registration Module Pages/Third Screen - Upload Supporting Doc- Preview/Inner Form Add Document Button' is clicked on

2018-11-27 17:21:59 - [TEST_STEP][PASSED] - delay: Delayed 3 second(s)

2018-11-27 17:22:02 - [MESSAGE][PASSED] - Delayed 3 second(s)

2018-11-27 17:22:02 - [TEST_STEP][PASSED] - click: Object: 'Object Repository/Final Object Repo/New Registration - Registration Module Pages/Third Screen - Upload Supporting Doc- Preview/Add Document Button' is clicked on

2018-11-27 17:22:05 - [MESSAGE][PASSED] - Object: 'Object Repository/Final Object Repo/New Registration - Registration Module Pages/Third Screen - Upload Supporting Doc- Preview/Add Document Button' is clicked on

2018-11-27 17:22:05 - [TEST_STEP][PASSED] - delay: Delayed 30 second(s)

2018-11-27 17:22:35 - [MESSAGE][PASSED] - Delayed 30 second(s)

2018-11-27 17:22:35 - [TEST_STEP][PASSED] - click: Object: 'Object Repository/Final Object Repo/New Registration - Registration Module Pages/Third Screen - Upload Supporting Doc- Preview/Supporting Doc Please Select Drop Down' is clicked on

2018-11-27 17:22:35 - [MESSAGE][PASSED] - Object: 'Object Repository/Final Object Repo/New Registration - Registration Module Pages/Third Screen - Upload Supporting Doc- Preview/Supporting Doc Please Select Drop Down' is clicked on

2018-11-27 17:22:35 - [TEST_STEP][PASSED] - delay: Delayed 2 second(s)

2018-11-27 17:22:37 - [MESSAGE][PASSED] - Delayed 2 second(s)

2018-11-27 17:22:37 - [TEST_STEP][PASSED] - click: Object: 'Object Repository/Final Object Repo/New Registration - Registration Module Pages/Third Screen - Upload Supporting Doc- Preview/Select to Upload Form 2' is clicked on

2018-11-27 17:22:37 - [MESSAGE][PASSED] - Object: 'Object Repository/Final Object Repo/New Registration - Registration Module Pages/Third Screen - Upload Supporting Doc- Preview/Select to Upload Form 2' is clicked on

2018-11-27 17:22:37 - [TEST_STEP][PASSED] - delay: Delayed 2 second(s)

2018-11-27 17:22:39 - [MESSAGE][PASSED] - Delayed 2 second(s)

2018-11-27 17:22:39 - [TEST_STEP][PASSED] - uploadFile: File 'C:\Users\Public\Pictures\Sample Pictures\Koala.jpg' sent to object: 'Object Repository/Final Object Repo/New Registration - Registration Module Pages/Third Screen - Upload Supporting Doc- Preview/Upload File Adding'

2018-11-27 17:22:39 - [MESSAGE][PASSED] - File 'C:\Users\Public\Pictures\Sample Pictures\Koala.jpg' sent to object: 'Object Repository/Final Object Repo/New Registration - Registration Module Pages/Third Screen - Upload Supporting Doc- Preview/Upload File Adding'

2018-11-27 17:22:39 - [TEST_STEP][PASSED] - click: Object: 'Object Repository/Final Object Repo/New Registration - Registration Module Pages/Third Screen - Upload Supporting Doc- Preview/Inner Form Add Document Button' is clicked on

2018-11-27 17:22:39 - [MESSAGE][PASSED] - Object: 'Object Repository/Final Object Repo/New Registration - Registration Module Pages/Third Screen - Upload Supporting Doc- Preview/Inner Form Add Document Button' is clicked on

2018-11-27 17:22:39 - [TEST_STEP][PASSED] - delay: Delayed 5 second(s)

2018-11-27 17:22:44 - [MESSAGE][PASSED] - Delayed 5 second(s)

2018-11-27 17:22:44 - [TEST_STEP][PASSED] - click: Object: 'Object Repository/Final Object Repo/New Registration - Registration Module Pages/Third Screen - Upload Supporting Doc- Preview/Add Document Button' is clicked on

2018-11-27 17:22:45 - [MESSAGE][PASSED] - Object: 'Object Repository/Final Object Repo/New Registration - Registration Module Pages/Third Screen - Upload Supporting Doc- Preview/Add Document Button' is clicked on

2018-11-27 17:22:45 - [TEST_STEP][PASSED] - delay: Delayed 30 second(s)

2018-11-27 17:23:15 - [MESSAGE][PASSED] - Delayed 30 second(s)

2018-11-27 17:23:15 - [TEST_STEP][PASSED] - click: Object: 'Object Repository/Final Object Repo/New Registration - Registration Module Pages/Third Screen - Upload Supporting Doc- Preview/Supporting Doc Please Select Drop Down' is clicked on

2018-11-27 17:23:15 - [MESSAGE][PASSED] - Object: 'Object Repository/Final Object Repo/New Registration - Registration Module Pages/Third Screen - Upload Supporting Doc- Preview/Supporting Doc Please Select Drop Down' is clicked on

2018-11-27 17:23:15 - [TEST_STEP][PASSED] - click: Object: 'Object Repository/Final Object Repo/New Registration - Registration Module Pages/Third Screen - Upload Supporting Doc- Preview/Select to Upload Borang SIP 1' is clicked on

2018-11-27 17:23:15 - [MESSAGE][PASSED] - Object: 'Object Repository/Final Object Repo/New Registration - Registration Module Pages/Third Screen - Upload Supporting Doc- Preview/Select to Upload Borang SIP 1' is clicked on

2018-11-27 17:23:15 - [TEST_STEP][PASSED] - delay: Delayed 2 second(s)

2018-11-27 17:23:17 - [MESSAGE][PASSED] - Delayed 2 second(s)

2018-11-27 17:23:17 - [TEST_STEP][PASSED] - uploadFile: File 'C:\Users\Public\Pictures\Sample Pictures\Koala.jpg' sent to object: 'Object Repository/Final Object Repo/New Registration - Registration Module Pages/Third Screen - Upload Supporting Doc- Preview/Upload File Adding'

2018-11-27 17:23:17 - [MESSAGE][PASSED] - File 'C:\Users\Public\Pictures\Sample Pictures\Koala.jpg' sent to object: 'Object Repository/Final Object Repo/New Registration - Registration Module Pages/Third Screen - Upload Supporting Doc- Preview/Upload File Adding'

2018-11-27 17:23:17 - [TEST_STEP][PASSED] - click: Object: 'Object Repository/Final Object Repo/New Registration - Registration Module Pages/Third Screen - Upload Supporting Doc- Preview/Inner Form Add Document Button' is clicked on

2018-11-27 17:23:17 - [MESSAGE][PASSED] - Object: 'Object Repository/Final Object Repo/New Registration - Registration Module Pages/Third Screen - Upload Supporting Doc- Preview/Inner Form Add Document Button' is clicked on

2018-11-27 17:23:17 - [TEST_STEP][PASSED] - delay: Delayed 5 second(s)

2018-11-27 17:23:22 - [MESSAGE][PASSED] - Delayed 5 second(s)

2018-11-27 17:23:22 - [TEST_STEP][PASSED] - click: Object: 'Object Repository/Final Object Repo/New Registration - Registration Module Pages/Third Screen - Upload Supporting Doc- Preview/Add Document Button' is clicked on

2018-11-27 17:23:22 - [MESSAGE][PASSED] - Object: 'Object Repository/Final Object Repo/New Registration - Registration Module Pages/Third Screen - Upload Supporting Doc- Preview/Add Document Button' is clicked on

2018-11-27 17:23:22 - [TEST_STEP][PASSED] - delay: Delayed 30 second(s)

2018-11-27 17:23:52 - [MESSAGE][PASSED] - Delayed 30 second(s)

2018-11-27 17:23:52 - [TEST_STEP][PASSED] - click: Object: 'Object Repository/Final Object Repo/New Registration - Registration Module Pages/Third Screen - Upload Supporting Doc- Preview/Supporting Doc Please Select Drop Down' is clicked on

2018-11-27 17:23:53 - [MESSAGE][PASSED] - Object: 'Object Repository/Final Object Repo/New Registration - Registration Module Pages/Third Screen - Upload Supporting Doc- Preview/Supporting Doc Please Select Drop Down' is clicked on

2018-11-27 17:23:53 - [TEST_STEP][PASSED] - delay: Delayed 3 second(s)

2018-11-27 17:23:56 - [MESSAGE][PASSED] - Delayed 3 second(s)

2018-11-27 17:23:56 - [TEST_STEP][PASSED] - click: Object: 'Object Repository/Final Object Repo/New Registration - Registration Module Pages/Third Screen - Upload Supporting Doc- Preview/Select to Upload Borang SIP 2' is clicked on

2018-11-27 17:23:56 - [MESSAGE][PASSED] - Object: 'Object Repository/Final Object Repo/New Registration - Registration Module Pages/Third Screen - Upload Supporting Doc- Preview/Select to Upload Borang SIP 2' is clicked on

2018-11-27 17:23:56 - [TEST_STEP][PASSED] - delay: Delayed 2 second(s)

2018-11-27 17:23:58 - [MESSAGE][PASSED] - Delayed 2 second(s)

2018-11-27 17:23:58 - [TEST_STEP][PASSED] - uploadFile: File 'C:\Users\Public\Pictures\Sample Pictures\Koala.jpg' sent to object: 'Object Repository/Final Object Repo/New Registration - Registration Module Pages/Third Screen - Upload Supporting Doc- Preview/Upload File Adding'

2018-11-27 17:23:58 - [MESSAGE][PASSED] - File 'C:\Users\Public\Pictures\Sample Pictures\Koala.jpg' sent to object: 'Object Repository/Final Object Repo/New Registration - Registration Module Pages/Third Screen - Upload Supporting Doc- Preview/Upload File Adding'

2018-11-27 17:23:58 - [TEST_STEP][PASSED] - delay: Delayed 5 second(s)

2018-11-27 17:24:03 - [MESSAGE][PASSED] - Delayed 5 second(s)

2018-11-27 17:24:03 - [TEST_STEP][PASSED] - click: Object: 'Object Repository/Final Object Repo/New Registration - Registration Module Pages/Third Screen - Upload Supporting Doc- Preview/Inner Form Add Document Button' is clicked on

2018-11-27 17:24:03 - [MESSAGE][PASSED] - Object: 'Object Repository/Final Object Repo/New Registration - Registration Module Pages/Third Screen - Upload Supporting Doc- Preview/Inner Form Add Document Button' is clicked on

2018-11-27 17:24:03 - [TEST_STEP][PASSED] - delay: Delayed 3 second(s)

2018-11-27 17:24:06 - [MESSAGE][PASSED] - Delayed 3 second(s)

2018-11-27 17:24:06 - [TEST_STEP][PASSED] - waitForElementClickable: Object 'Object Repository/Final Object Repo/New Registration - Registration Module Pages/Third Screen - Upload Supporting Doc- Preview/Save n Continue in Uploading Supporting Doc Page' is clickable

2018-11-27 17:24:07 - [MESSAGE][PASSED] - Object 'Object Repository/Final Object Repo/New Registration - Registration Module Pages/Third Screen - Upload Supporting Doc- Preview/Save n Continue in Uploading Supporting Doc Page' is clickable

2018-11-27 17:24:07 - [TEST_STEP][PASSED] - click: Object: 'Object Repository/Final Object Repo/New Registration - Registration Module Pages/Third Screen - Upload Supporting Doc- Preview/Save n Continue in Uploading Supporting Doc Page' is clicked on

2018-11-27 17:24:07 - [MESSAGE][PASSED] - Object: 'Object Repository/Final Object Repo/New Registration - Registration Module Pages/Third Screen - Upload Supporting Doc- Preview/Save n Continue in Uploading Supporting Doc Page' is clicked on

2018-11-27 17:24:07 - [MESSAGE][PASSED] - Call Test Case 'Test Cases/Final Aug 2018 - PKS Automation/Registration Module/New Registration/Flow of New Registration/Third Screen - Upload Supporting Doc - Preview' successfully

2018-11-27 17:24:07 - [TEST_STEP][PASSED] - callTestCase: Call Test Case 'Test Cases/Final Aug 2018 - PKS Automation/Registration Module/New Registration/Submit and Screenshot/Submit Registration and Screenshot - Copy' successfully

2018-11-27 17:24:07 - [TEST_CASE][PASSED] - Test Cases/Final Aug 2018 - PKS Automation/Registration Module/New Registration/Submit and Screenshot/Submit Registration and Screenshot - Copy: Test Cases/Final Aug 2018 - PKS Automation/Registration Module/New Registration/Submit and Screenshot/Submit Registration and Screenshot - Copy

2018-11-27 17:24:07 - [TEST_STEP][PASSED] - delay: Delayed 6 second(s)

2018-11-27 17:24:13 - [MESSAGE][PASSED] - Delayed 6 second(s)

2018-11-27 17:24:13 - [TEST_STEP][PASSED] - click: Object: 'Object Repository/Final Object Repo/New Registration - Registration Module Pages/Third Screen - Upload Supporting Doc- Preview/Preview Submit Button' is clicked on

2018-11-27 17:24:14 - [MESSAGE][PASSED] - Object: 'Object Repository/Final Object Repo/New Registration - Registration Module Pages/Third Screen - Upload Supporting Doc- Preview/Preview Submit Button' is clicked on

2018-11-27 17:24:14 - [TEST_STEP][PASSED] - delay: Delayed 2 second(s)

2018-11-27 17:24:16 - [MESSAGE][PASSED] - Delayed 2 second(s)

2018-11-27 17:24:16 - [TEST_STEP][PASSED] - click: Object: 'Object Repository/Final Object Repo/New Registration - Registration Module Pages/Third Screen - Upload Supporting Doc- Preview/Preview Submit - Confirm' is clicked on

2018-11-27 17:24:16 - [MESSAGE][PASSED] - Object: 'Object Repository/Final Object Repo/New Registration - Registration Module Pages/Third Screen - Upload Supporting Doc- Preview/Preview Submit - Confirm' is clicked on

2018-11-27 17:24:16 - [TEST_STEP][PASSED] - delay: Delayed 15 second(s)

2018-11-27 17:24:31 - [MESSAGE][PASSED] - Delayed 15 second(s)

2018-11-27 17:24:31 - [TEST_STEP][PASSED] - Statement - driver = com.kms.katalon.core.webui.driver.DriverFactory.getWebDriver(): null

2018-11-27 17:24:31 - [TEST_STEP][PASSED] - Statement - driver.manage().timeouts().implicitlyWait(10, SECONDS): null

2018-11-27 17:24:31 - [TEST_STEP][PASSED] - Statement - PresavePath = KatalonScreenshots: null

2018-11-27 17:24:31 - [TEST_STEP][PASSED] - Statement - pathPrefix = "C:\Users\Public\Pictures\Sample Pictures\Katalon Screenshots\Automate Ending Screen": null

2018-11-27 17:24:31 - [TEST_STEP][PASSED] - Statement - finalPath = <not implemented yet for class: org.codehaus.groovy.ast.expr.EmptyExpression>: null

2018-11-27 17:24:31 - [TEST_STEP][PASSED] - Statement - scrFile = driver.getScreenshotAs(FILE): null

2018-11-27 17:24:31 - [TEST_STEP][PASSED] - Statement - PreSaveFile = new java.io.File(PresavePath): null

2018-11-27 17:24:31 - [TEST_STEP][PASSED] - Statement - counter = 0: null

2018-11-27 17:24:31 - [TEST_STEP][PASSED] - Statement - If (PreSaveFile.exists()): null

2018-11-27 17:24:31 - [TEST_STEP][PASSED] - Statement - While (PreSaveFile.exists()): null

2018-11-27 17:24:31 - [TEST_STEP][PASSED] - Statement - counter = counter + 1: null

2018-11-27 17:24:31 - [TEST_STEP][PASSED] - Statement - PreSaveFile = new java.io.File(((pathPrefix + java.lang.Integer.toString(counter)) + .png)): null

2018-11-27 17:24:31 - [TEST_STEP][PASSED] - Statement - counter = counter + 1: null

2018-11-27 17:24:31 - [TEST_STEP][PASSED] - Statement - PreSaveFile = new java.io.File(((pathPrefix + java.lang.Integer.toString(counter)) + .png)): null

2018-11-27 17:24:31 - [TEST_STEP][PASSED] - Statement - counter = counter + 1: null

2018-11-27 17:24:31 - [TEST_STEP][PASSED] - Statement - PreSaveFile = new java.io.File(((pathPrefix + java.lang.Integer.toString(counter)) + .png)): null

2018-11-27 17:24:31 - [TEST_STEP][PASSED] - Statement - counter = counter + 1: null

2018-11-27 17:24:31 - [TEST_STEP][PASSED] - Statement - PreSaveFile = new java.io.File(((pathPrefix + java.lang.Integer.toString(counter)) + .png)): null

2018-11-27 17:24:31 - [TEST_STEP][PASSED] - Statement - counter = counter + 1: null

2018-11-27 17:24:31 - [TEST_STEP][PASSED] - Statement - PreSaveFile = new java.io.File(((pathPrefix + java.lang.Integer.toString(counter)) + .png)): null

2018-11-27 17:24:31 - [TEST_STEP][PASSED] - Statement - counter = counter + 1: null

2018-11-27 17:24:31 - [TEST_STEP][PASSED] - Statement - PreSaveFile = new java.io.File(((pathPrefix + java.lang.Integer.toString(counter)) + .png)): null

2018-11-27 17:24:31 - [TEST_STEP][PASSED] - Statement - counter = counter + 1: null

2018-11-27 17:24:31 - [TEST_STEP][PASSED] - Statement - PreSaveFile = new java.io.File(((pathPrefix + java.lang.Integer.toString(counter)) + .png)): null

2018-11-27 17:24:31 - [TEST_STEP][PASSED] - Statement - counter = counter + 1: null

2018-11-27 17:24:31 - [TEST_STEP][PASSED] - Statement - PreSaveFile = new java.io.File(((pathPrefix + java.lang.Integer.toString(counter)) + .png)): null

2018-11-27 17:24:31 - [TEST_STEP][PASSED] - Statement - counter = counter + 1: null

2018-11-27 17:24:31 - [TEST_STEP][PASSED] - Statement - PreSaveFile = new java.io.File(((pathPrefix + java.lang.Integer.toString(counter)) + .png)): null

2018-11-27 17:24:31 - [TEST_STEP][PASSED] - Statement - counter = counter + 1: null

2018-11-27 17:24:31 - [TEST_STEP][PASSED] - Statement - PreSaveFile = new java.io.File(((pathPrefix + java.lang.Integer.toString(counter)) + .png)): null

2018-11-27 17:24:31 - [TEST_STEP][PASSED] - Statement - counter = counter + 1: null

2018-11-27 17:24:31 - [TEST_STEP][PASSED] - Statement - PreSaveFile = new java.io.File(((pathPrefix + java.lang.Integer.toString(counter)) + .png)): null

2018-11-27 17:24:31 - [TEST_STEP][PASSED] - Statement - counter = counter + 1: null

2018-11-27 17:24:31 - [TEST_STEP][PASSED] - Statement - PreSaveFile = new java.io.File(((pathPrefix + java.lang.Integer.toString(counter)) + .png)): null

2018-11-27 17:24:31 - [TEST_STEP][PASSED] - Statement - counter = counter + 1: null

2018-11-27 17:24:31 - [TEST_STEP][PASSED] - Statement - PreSaveFile = new java.io.File(((pathPrefix + java.lang.Integer.toString(counter)) + .png)): null

2018-11-27 17:24:31 - [TEST_STEP][PASSED] - Statement - counter = counter + 1: null

2018-11-27 17:24:31 - [TEST_STEP][PASSED] - Statement - PreSaveFile = new java.io.File(((pathPrefix + java.lang.Integer.toString(counter)) + .png)): null

2018-11-27 17:24:31 - [TEST_STEP][PASSED] - Statement - counter = counter + 1: null

2018-11-27 17:24:31 - [TEST_STEP][PASSED] - Statement - PreSaveFile = new java.io.File(((pathPrefix + java.lang.Integer.toString(counter)) + .png)): null

2018-11-27 17:24:31 - [TEST_STEP][PASSED] - Statement - counter = counter + 1: null

2018-11-27 17:24:31 - [TEST_STEP][PASSED] - Statement - PreSaveFile = new java.io.File(((pathPrefix + java.lang.Integer.toString(counter)) + .png)): null

2018-11-27 17:24:31 - [TEST_STEP][PASSED] - Statement - counter = counter + 1: null

2018-11-27 17:24:31 - [TEST_STEP][PASSED] - Statement - PreSaveFile = new java.io.File(((pathPrefix + java.lang.Integer.toString(counter)) + .png)): null

2018-11-27 17:24:31 - [TEST_STEP][PASSED] - Statement - counter = counter + 1: null

2018-11-27 17:24:31 - [TEST_STEP][PASSED] - Statement - PreSaveFile = new java.io.File(((pathPrefix + java.lang.Integer.toString(counter)) + .png)): null

2018-11-27 17:24:31 - [TEST_STEP][PASSED] - Statement - counter = counter + 1: null

2018-11-27 17:24:31 - [TEST_STEP][PASSED] - Statement - PreSaveFile = new java.io.File(((pathPrefix + java.lang.Integer.toString(counter)) + .png)): null

2018-11-27 17:24:31 - [TEST_STEP][PASSED] - Statement - counter = counter + 1: null

2018-11-27 17:24:31 - [TEST_STEP][PASSED] - Statement - PreSaveFile = new java.io.File(((pathPrefix + java.lang.Integer.toString(counter)) + .png)): null

2018-11-27 17:24:31 - [TEST_STEP][PASSED] - Statement - counter = counter + 1: null

2018-11-27 17:24:31 - [TEST_STEP][PASSED] - Statement - PreSaveFile = new java.io.File(((pathPrefix + java.lang.Integer.toString(counter)) + .png)): null

2018-11-27 17:24:31 - [TEST_STEP][PASSED] - Statement - counter = counter + 1: null

2018-11-27 17:24:31 - [TEST_STEP][PASSED] - Statement - PreSaveFile = new java.io.File(((pathPrefix + java.lang.Integer.toString(counter)) + .png)): null

2018-11-27 17:24:31 - [TEST_STEP][PASSED] - Statement - counter = counter + 1: null

2018-11-27 17:24:31 - [TEST_STEP][PASSED] - Statement - PreSaveFile = new java.io.File(((pathPrefix + java.lang.Integer.toString(counter)) + .png)): null

2018-11-27 17:24:31 - [TEST_STEP][PASSED] - Statement - counter = counter + 1: null

2018-11-27 17:24:31 - [TEST_STEP][PASSED] - Statement - PreSaveFile = new java.io.File(((pathPrefix + java.lang.Integer.toString(counter)) + .png)): null

2018-11-27 17:24:31 - [TEST_STEP][PASSED] - Statement - counter = counter + 1: null

2018-11-27 17:24:31 - [TEST_STEP][PASSED] - Statement - PreSaveFile = new java.io.File(((pathPrefix + java.lang.Integer.toString(counter)) + .png)): null

2018-11-27 17:24:31 - [TEST_STEP][PASSED] - Statement - counter = counter + 1: null

2018-11-27 17:24:31 - [TEST_STEP][PASSED] - Statement - PreSaveFile = new java.io.File(((pathPrefix + java.lang.Integer.toString(counter)) + .png)): null

2018-11-27 17:24:31 - [TEST_STEP][PASSED] - Statement - counter = counter + 1: null

2018-11-27 17:24:31 - [TEST_STEP][PASSED] - Statement - PreSaveFile = new java.io.File(((pathPrefix + java.lang.Integer.toString(counter)) + .png)): null

2018-11-27 17:24:31 - [TEST_STEP][PASSED] - Statement - counter = counter + 1: null

2018-11-27 17:24:31 - [TEST_STEP][PASSED] - Statement - PreSaveFile = new java.io.File(((pathPrefix + java.lang.Integer.toString(counter)) + .png)): null

2018-11-27 17:24:31 - [TEST_STEP][PASSED] - Statement - counter = counter + 1: null

2018-11-27 17:24:31 - [TEST_STEP][PASSED] - Statement - PreSaveFile = new java.io.File(((pathPrefix + java.lang.Integer.toString(counter)) + .png)): null

2018-11-27 17:24:31 - [TEST_STEP][PASSED] - Statement - counter = counter + 1: null

2018-11-27 17:24:31 - [TEST_STEP][PASSED] - Statement - PreSaveFile = new java.io.File(((pathPrefix + java.lang.Integer.toString(counter)) + .png)): null

2018-11-27 17:24:31 - [TEST_STEP][PASSED] - Statement - counter = counter + 1: null

2018-11-27 17:24:31 - [TEST_STEP][PASSED] - Statement - PreSaveFile = new java.io.File(((pathPrefix + java.lang.Integer.toString(counter)) + .png)): null

2018-11-27 17:24:31 - [TEST_STEP][PASSED] - Statement - counter = counter + 1: null

2018-11-27 17:24:31 - [TEST_STEP][PASSED] - Statement - PreSaveFile = new java.io.File(((pathPrefix + java.lang.Integer.toString(counter)) + .png)): null

2018-11-27 17:24:31 - [TEST_STEP][PASSED] - Statement - counter = counter + 1: null

2018-11-27 17:24:31 - [TEST_STEP][PASSED] - Statement - PreSaveFile = new java.io.File(((pathPrefix + java.lang.Integer.toString(counter)) + .png)): null

2018-11-27 17:24:31 - [TEST_STEP][PASSED] - Statement - counter = counter + 1: null

2018-11-27 17:24:31 - [TEST_STEP][PASSED] - Statement - PreSaveFile = new java.io.File(((pathPrefix + java.lang.Integer.toString(counter)) + .png)): null

2018-11-27 17:24:31 - [TEST_STEP][PASSED] - Statement - counter = counter + 1: null

2018-11-27 17:24:31 - [TEST_STEP][PASSED] - Statement - PreSaveFile = new java.io.File(((pathPrefix + java.lang.Integer.toString(counter)) + .png)): null

2018-11-27 17:24:31 - [TEST_STEP][PASSED] - Statement - counter = counter + 1: null

2018-11-27 17:24:31 - [TEST_STEP][PASSED] - Statement - PreSaveFile = new java.io.File(((pathPrefix + java.lang.Integer.toString(counter)) + .png)): null

2018-11-27 17:24:31 - [TEST_STEP][PASSED] - Statement - counter = counter + 1: null

2018-11-27 17:24:31 - [TEST_STEP][PASSED] - Statement - PreSaveFile = new java.io.File(((pathPrefix + java.lang.Integer.toString(counter)) + .png)): null

2018-11-27 17:24:31 - [TEST_STEP][PASSED] - Statement - counter = counter + 1: null

2018-11-27 17:24:31 - [TEST_STEP][PASSED] - Statement - PreSaveFile = new java.io.File(((pathPrefix + java.lang.Integer.toString(counter)) + .png)): null

2018-11-27 17:24:31 - [TEST_STEP][PASSED] - Statement - counter = counter + 1: null

2018-11-27 17:24:31 - [TEST_STEP][PASSED] - Statement - PreSaveFile = new java.io.File(((pathPrefix + java.lang.Integer.toString(counter)) + .png)): null

2018-11-27 17:24:31 - [TEST_STEP][PASSED] - Statement - counter = counter + 1: null

2018-11-27 17:24:31 - [TEST_STEP][PASSED] - Statement - PreSaveFile = new java.io.File(((pathPrefix + java.lang.Integer.toString(counter)) + .png)): null

2018-11-27 17:24:31 - [TEST_STEP][PASSED] - Statement - counter = counter + 1: null

2018-11-27 17:24:31 - [TEST_STEP][PASSED] - Statement - PreSaveFile = new java.io.File(((pathPrefix + java.lang.Integer.toString(counter)) + .png)): null

2018-11-27 17:24:31 - [TEST_STEP][PASSED] - Statement - counter = counter + 1: null

2018-11-27 17:24:31 - [TEST_STEP][PASSED] - Statement - PreSaveFile = new java.io.File(((pathPrefix + java.lang.Integer.toString(counter)) + .png)): null

2018-11-27 17:24:31 - [TEST_STEP][PASSED] - Statement - counter = counter + 1: null

2018-11-27 17:24:31 - [TEST_STEP][PASSED] - Statement - PreSaveFile = new java.io.File(((pathPrefix + java.lang.Integer.toString(counter)) + .png)): null

2018-11-27 17:24:31 - [TEST_STEP][PASSED] - Statement - counter = counter + 1: null

2018-11-27 17:24:31 - [TEST_STEP][PASSED] - Statement - PreSaveFile = new java.io.File(((pathPrefix + java.lang.Integer.toString(counter)) + .png)): null

2018-11-27 17:24:31 - [TEST_STEP][PASSED] - Statement - counter = counter + 1: null

2018-11-27 17:24:31 - [TEST_STEP][PASSED] - Statement - PreSaveFile = new java.io.File(((pathPrefix + java.lang.Integer.toString(counter)) + .png)): null

2018-11-27 17:24:31 - [TEST_STEP][PASSED] - Statement - counter = counter + 1: null

2018-11-27 17:24:31 - [TEST_STEP][PASSED] - Statement - PreSaveFile = new java.io.File(((pathPrefix + java.lang.Integer.toString(counter)) + .png)): null

2018-11-27 17:24:31 - [TEST_STEP][PASSED] - Statement - counter = counter + 1: null

2018-11-27 17:24:31 - [TEST_STEP][PASSED] - Statement - PreSaveFile = new java.io.File(((pathPrefix + java.lang.Integer.toString(counter)) + .png)): null

2018-11-27 17:24:31 - [TEST_STEP][PASSED] - Statement - counter = counter + 1: null

2018-11-27 17:24:31 - [TEST_STEP][PASSED] - Statement - PreSaveFile = new java.io.File(((pathPrefix + java.lang.Integer.toString(counter)) + .png)): null

2018-11-27 17:24:31 - [TEST_STEP][PASSED] - Statement - counter = counter + 1: null

2018-11-27 17:24:31 - [TEST_STEP][PASSED] - Statement - PreSaveFile = new java.io.File(((pathPrefix + java.lang.Integer.toString(counter)) + .png)): null

2018-11-27 17:24:31 - [TEST_STEP][PASSED] - Statement - counter = counter + 1: null

2018-11-27 17:24:31 - [TEST_STEP][PASSED] - Statement - PreSaveFile = new java.io.File(((pathPrefix + java.lang.Integer.toString(counter)) + .png)): null

2018-11-27 17:24:31 - [TEST_STEP][PASSED] - Statement - counter = counter + 1: null

2018-11-27 17:24:31 - [TEST_STEP][PASSED] - Statement - PreSaveFile = new java.io.File(((pathPrefix + java.lang.Integer.toString(counter)) + .png)): null

2018-11-27 17:24:31 - [TEST_STEP][PASSED] - Statement - counter = counter + 1: null

2018-11-27 17:24:31 - [TEST_STEP][PASSED] - Statement - PreSaveFile = new java.io.File(((pathPrefix + java.lang.Integer.toString(counter)) + .png)): null

2018-11-27 17:24:31 - [TEST_STEP][PASSED] - Statement - counter = counter + 1: null

2018-11-27 17:24:31 - [TEST_STEP][PASSED] - Statement - PreSaveFile = new java.io.File(((pathPrefix + java.lang.Integer.toString(counter)) + .png)): null

2018-11-27 17:24:31 - [TEST_STEP][PASSED] - Statement - counter = counter + 1: null

2018-11-27 17:24:31 - [TEST_STEP][PASSED] - Statement - PreSaveFile = new java.io.File(((pathPrefix + java.lang.Integer.toString(counter)) + .png)): null

2018-11-27 17:24:31 - [TEST_STEP][PASSED] - Statement - counter = counter + 1: null

2018-11-27 17:24:31 - [TEST_STEP][PASSED] - Statement - PreSaveFile = new java.io.File(((pathPrefix + java.lang.Integer.toString(counter)) + .png)): null

2018-11-27 17:24:31 - [TEST_STEP][PASSED] - Statement - counter = counter + 1: null

2018-11-27 17:24:31 - [TEST_STEP][PASSED] - Statement - PreSaveFile = new java.io.File(((pathPrefix + java.lang.Integer.toString(counter)) + .png)): null

2018-11-27 17:24:31 - [TEST_STEP][PASSED] - Statement - counter = counter + 1: null

2018-11-27 17:24:32 - [TEST_STEP][PASSED] - Statement - PreSaveFile = new java.io.File(((pathPrefix + java.lang.Integer.toString(counter)) + .png)): null

2018-11-27 17:24:32 - [TEST_STEP][PASSED] - Statement - counter = counter + 1: null

2018-11-27 17:24:32 - [TEST_STEP][PASSED] - Statement - PreSaveFile = new java.io.File(((pathPrefix + java.lang.Integer.toString(counter)) + .png)): null

2018-11-27 17:24:32 - [TEST_STEP][PASSED] - Statement - counter = counter + 1: null

2018-11-27 17:24:32 - [TEST_STEP][PASSED] - Statement - PreSaveFile = new java.io.File(((pathPrefix + java.lang.Integer.toString(counter)) + .png)): null

2018-11-27 17:24:32 - [TEST_STEP][PASSED] - Statement - counter = counter + 1: null

2018-11-27 17:24:32 - [TEST_STEP][PASSED] - Statement - PreSaveFile = new java.io.File(((pathPrefix + java.lang.Integer.toString(counter)) + .png)): null

2018-11-27 17:24:32 - [TEST_STEP][PASSED] - Statement - counter = counter + 1: null

2018-11-27 17:24:32 - [TEST_STEP][PASSED] - Statement - PreSaveFile = new java.io.File(((pathPrefix + java.lang.Integer.toString(counter)) + .png)): null

2018-11-27 17:24:32 - [TEST_STEP][PASSED] - Statement - counter = counter + 1: null

2018-11-27 17:24:32 - [TEST_STEP][PASSED] - Statement - PreSaveFile = new java.io.File(((pathPrefix + java.lang.Integer.toString(counter)) + .png)): null

2018-11-27 17:24:32 - [TEST_STEP][PASSED] - Statement - counter = counter + 1: null

2018-11-27 17:24:32 - [TEST_STEP][PASSED] - Statement - PreSaveFile = new java.io.File(((pathPrefix + java.lang.Integer.toString(counter)) + .png)): null

2018-11-27 17:24:32 - [TEST_STEP][PASSED] - Statement - counter = counter + 1: null

2018-11-27 17:24:32 - [TEST_STEP][PASSED] - Statement - PreSaveFile = new java.io.File(((pathPrefix + java.lang.Integer.toString(counter)) + .png)): null

2018-11-27 17:24:32 - [TEST_STEP][PASSED] - Statement - counter = counter + 1: null

2018-11-27 17:24:32 - [TEST_STEP][PASSED] - Statement - PreSaveFile = new java.io.File(((pathPrefix + java.lang.Integer.toString(counter)) + .png)): null

2018-11-27 17:24:32 - [TEST_STEP][PASSED] - Statement - counter = counter + 1: null

2018-11-27 17:24:32 - [TEST_STEP][PASSED] - Statement - PreSaveFile = new java.io.File(((pathPrefix + java.lang.Integer.toString(counter)) + .png)): null

2018-11-27 17:24:32 - [TEST_STEP][PASSED] - Statement - counter = counter + 1: null

2018-11-27 17:24:32 - [TEST_STEP][PASSED] - Statement - PreSaveFile = new java.io.File(((pathPrefix + java.lang.Integer.toString(counter)) + .png)): null

2018-11-27 17:24:32 - [TEST_STEP][PASSED] - Statement - counter = counter + 1: null

2018-11-27 17:24:32 - [TEST_STEP][PASSED] - Statement - PreSaveFile = new java.io.File(((pathPrefix + java.lang.Integer.toString(counter)) + .png)): null

2018-11-27 17:24:32 - [TEST_STEP][PASSED] - Statement - counter = counter + 1: null

2018-11-27 17:24:32 - [TEST_STEP][PASSED] - Statement - PreSaveFile = new java.io.File(((pathPrefix + java.lang.Integer.toString(counter)) + .png)): null

2018-11-27 17:24:32 - [TEST_STEP][PASSED] - Statement - counter = counter + 1: null

2018-11-27 17:24:32 - [TEST_STEP][PASSED] - Statement - PreSaveFile = new java.io.File(((pathPrefix + java.lang.Integer.toString(counter)) + .png)): null

2018-11-27 17:24:32 - [TEST_STEP][PASSED] - Statement - counter = counter + 1: null

2018-11-27 17:24:32 - [TEST_STEP][PASSED] - Statement - PreSaveFile = new java.io.File(((pathPrefix + java.lang.Integer.toString(counter)) + .png)): null

2018-11-27 17:24:32 - [TEST_STEP][PASSED] - Statement - counter = counter + 1: null

2018-11-27 17:24:32 - [TEST_STEP][PASSED] - Statement - PreSaveFile = new java.io.File(((pathPrefix + java.lang.Integer.toString(counter)) + .png)): null

2018-11-27 17:24:32 - [TEST_STEP][PASSED] - Statement - counter = counter + 1: null

2018-11-27 17:24:32 - [TEST_STEP][PASSED] - Statement - PreSaveFile = new java.io.File(((pathPrefix + java.lang.Integer.toString(counter)) + .png)): null

2018-11-27 17:24:32 - [TEST_STEP][PASSED] - Statement - counter = counter + 1: null

2018-11-27 17:24:32 - [TEST_STEP][PASSED] - Statement - PreSaveFile = new java.io.File(((pathPrefix + java.lang.Integer.toString(counter)) + .png)): null

2018-11-27 17:24:32 - [TEST_STEP][PASSED] - Statement - counter = counter + 1: null

2018-11-27 17:24:32 - [TEST_STEP][PASSED] - Statement - PreSaveFile = new java.io.File(((pathPrefix + java.lang.Integer.toString(counter)) + .png)): null

2018-11-27 17:24:32 - [TEST_STEP][PASSED] - Statement - counter = counter + 1: null

2018-11-27 17:24:32 - [TEST_STEP][PASSED] - Statement - PreSaveFile = new java.io.File(((pathPrefix + java.lang.Integer.toString(counter)) + .png)): null

2018-11-27 17:24:32 - [TEST_STEP][PASSED] - Statement - counter = counter + 1: null

2018-11-27 17:24:32 - [TEST_STEP][PASSED] - Statement - PreSaveFile = new java.io.File(((pathPrefix + java.lang.Integer.toString(counter)) + .png)): null

2018-11-27 17:24:32 - [TEST_STEP][PASSED] - Statement - counter = counter + 1: null

2018-11-27 17:24:32 - [TEST_STEP][PASSED] - Statement - PreSaveFile = new java.io.File(((pathPrefix + java.lang.Integer.toString(counter)) + .png)): null

2018-11-27 17:24:32 - [TEST_STEP][PASSED] - Statement - counter = counter + 1: null

2018-11-27 17:24:32 - [TEST_STEP][PASSED] - Statement - PreSaveFile = new java.io.File(((pathPrefix + java.lang.Integer.toString(counter)) + .png)): null

2018-11-27 17:24:32 - [TEST_STEP][PASSED] - Statement - counter = counter + 1: null

2018-11-27 17:24:32 - [TEST_STEP][PASSED] - Statement - PreSaveFile = new java.io.File(((pathPrefix + java.lang.Integer.toString(counter)) + .png)): null

2018-11-27 17:24:32 - [TEST_STEP][PASSED] - Statement - counter = counter + 1: null

2018-11-27 17:24:32 - [TEST_STEP][PASSED] - Statement - PreSaveFile = new java.io.File(((pathPrefix + java.lang.Integer.toString(counter)) + .png)): null

2018-11-27 17:24:32 - [TEST_STEP][PASSED] - Statement - counter = counter + 1: null

2018-11-27 17:24:32 - [TEST_STEP][PASSED] - Statement - PreSaveFile = new java.io.File(((pathPrefix + java.lang.Integer.toString(counter)) + .png)): null

2018-11-27 17:24:32 - [TEST_STEP][PASSED] - Statement - counter = counter + 1: null

2018-11-27 17:24:32 - [TEST_STEP][PASSED] - Statement - PreSaveFile = new java.io.File(((pathPrefix + java.lang.Integer.toString(counter)) + .png)): null

2018-11-27 17:24:32 - [TEST_STEP][PASSED] - Statement - counter = counter + 1: null

2018-11-27 17:24:32 - [TEST_STEP][PASSED] - Statement - PreSaveFile = new java.io.File(((pathPrefix + java.lang.Integer.toString(counter)) + .png)): null

2018-11-27 17:24:32 - [TEST_STEP][PASSED] - Statement - counter = counter + 1: null

2018-11-27 17:24:32 - [TEST_STEP][PASSED] - Statement - PreSaveFile = new java.io.File(((pathPrefix + java.lang.Integer.toString(counter)) + .png)): null

2018-11-27 17:24:32 - [TEST_STEP][PASSED] - Statement - counter = counter + 1: null

2018-11-27 17:24:32 - [TEST_STEP][PASSED] - Statement - PreSaveFile = new java.io.File(((pathPrefix + java.lang.Integer.toString(counter)) + .png)): null

2018-11-27 17:24:32 - [TEST_STEP][PASSED] - Statement - counter = counter + 1: null

2018-11-27 17:24:32 - [TEST_STEP][PASSED] - Statement - PreSaveFile = new java.io.File(((pathPrefix + java.lang.Integer.toString(counter)) + .png)): null

2018-11-27 17:24:32 - [TEST_STEP][PASSED] - Statement - counter = counter + 1: null

2018-11-27 17:24:32 - [TEST_STEP][PASSED] - Statement - PreSaveFile = new java.io.File(((pathPrefix + java.lang.Integer.toString(counter)) + .png)): null

2018-11-27 17:24:32 - [TEST_STEP][PASSED] - Statement - counter = counter + 1: null

2018-11-27 17:24:32 - [TEST_STEP][PASSED] - Statement - PreSaveFile = new java.io.File(((pathPrefix + java.lang.Integer.toString(counter)) + .png)): null

2018-11-27 17:24:32 - [TEST_STEP][PASSED] - Statement - counter = counter + 1: null

2018-11-27 17:24:32 - [TEST_STEP][PASSED] - Statement - PreSaveFile = new java.io.File(((pathPrefix + java.lang.Integer.toString(counter)) + .png)): null

2018-11-27 17:24:32 - [TEST_STEP][PASSED] - Statement - counter = counter + 1: null

2018-11-27 17:24:32 - [TEST_STEP][PASSED] - Statement - PreSaveFile = new java.io.File(((pathPrefix + java.lang.Integer.toString(counter)) + .png)): null

2018-11-27 17:24:32 - [TEST_STEP][PASSED] - Statement - counter = counter + 1: null

2018-11-27 17:24:32 - [TEST_STEP][PASSED] - Statement - PreSaveFile = new java.io.File(((pathPrefix + java.lang.Integer.toString(counter)) + .png)): null

2018-11-27 17:24:32 - [TEST_STEP][PASSED] - Statement - counter = counter + 1: null

2018-11-27 17:24:32 - [TEST_STEP][PASSED] - Statement - PreSaveFile = new java.io.File(((pathPrefix + java.lang.Integer.toString(counter)) + .png)): null

2018-11-27 17:24:32 - [TEST_STEP][PASSED] - Statement - counter = counter + 1: null

2018-11-27 17:24:32 - [TEST_STEP][PASSED] - Statement - PreSaveFile = new java.io.File(((pathPrefix + java.lang.Integer.toString(counter)) + .png)): null

2018-11-27 17:24:32 - [TEST_STEP][PASSED] - Statement - counter = counter + 1: null

2018-11-27 17:24:32 - [TEST_STEP][PASSED] - Statement - PreSaveFile = new java.io.File(((pathPrefix + java.lang.Integer.toString(counter)) + .png)): null

2018-11-27 17:24:32 - [TEST_STEP][PASSED] - Statement - counter = counter + 1: null

2018-11-27 17:24:32 - [TEST_STEP][PASSED] - Statement - PreSaveFile = new java.io.File(((pathPrefix + java.lang.Integer.toString(counter)) + .png)): null

2018-11-27 17:24:32 - [TEST_STEP][PASSED] - Statement - counter = counter + 1: null

2018-11-27 17:24:32 - [TEST_STEP][PASSED] - Statement - PreSaveFile = new java.io.File(((pathPrefix + java.lang.Integer.toString(counter)) + .png)): null

2018-11-27 17:24:32 - [TEST_STEP][PASSED] - Statement - counter = counter + 1: null

2018-11-27 17:24:32 - [TEST_STEP][PASSED] - Statement - PreSaveFile = new java.io.File(((pathPrefix + java.lang.Integer.toString(counter)) + .png)): null

2018-11-27 17:24:32 - [TEST_STEP][PASSED] - Statement - counter = counter + 1: null

2018-11-27 17:24:32 - [TEST_STEP][PASSED] - Statement - PreSaveFile = new java.io.File(((pathPrefix + java.lang.Integer.toString(counter)) + .png)): null

2018-11-27 17:24:32 - [TEST_STEP][PASSED] - Statement - counter = counter + 1: null

2018-11-27 17:24:32 - [TEST_STEP][PASSED] - Statement - PreSaveFile = new java.io.File(((pathPrefix + java.lang.Integer.toString(counter)) + .png)): null

2018-11-27 17:24:32 - [TEST_STEP][PASSED] - Statement - counter = counter + 1: null

2018-11-27 17:24:32 - [TEST_STEP][PASSED] - Statement - PreSaveFile = new java.io.File(((pathPrefix + java.lang.Integer.toString(counter)) + .png)): null

2018-11-27 17:24:32 - [TEST_STEP][PASSED] - Statement - counter = counter + 1: null

2018-11-27 17:24:32 - [TEST_STEP][PASSED] - Statement - PreSaveFile = new java.io.File(((pathPrefix + java.lang.Integer.toString(counter)) + .png)): null

2018-11-27 17:24:32 - [TEST_STEP][PASSED] - Statement - counter = counter + 1: null

2018-11-27 17:24:32 - [TEST_STEP][PASSED] - Statement - PreSaveFile = new java.io.File(((pathPrefix + java.lang.Integer.toString(counter)) + .png)): null

2018-11-27 17:24:32 - [TEST_STEP][PASSED] - Statement - counter = counter + 1: null

2018-11-27 17:24:32 - [TEST_STEP][PASSED] - Statement - PreSaveFile = new java.io.File(((pathPrefix + java.lang.Integer.toString(counter)) + .png)): null

2018-11-27 17:24:32 - [TEST_STEP][PASSED] - Statement - counter = counter + 1: null

2018-11-27 17:24:32 - [TEST_STEP][PASSED] - Statement - PreSaveFile = new java.io.File(((pathPrefix + java.lang.Integer.toString(counter)) + .png)): null

2018-11-27 17:24:32 - [TEST_STEP][PASSED] - Statement - counter = counter + 1: null

2018-11-27 17:24:32 - [TEST_STEP][PASSED] - Statement - PreSaveFile = new java.io.File(((pathPrefix + java.lang.Integer.toString(counter)) + .png)): null

2018-11-27 17:24:32 - [TEST_STEP][PASSED] - Statement - counter = counter + 1: null

2018-11-27 17:24:32 - [TEST_STEP][PASSED] - Statement - PreSaveFile = new java.io.File(((pathPrefix + java.lang.Integer.toString(counter)) + .png)): null

2018-11-27 17:24:32 - [TEST_STEP][PASSED] - Statement - counter = counter + 1: null

2018-11-27 17:24:32 - [TEST_STEP][PASSED] - Statement - PreSaveFile = new java.io.File(((pathPrefix + java.lang.Integer.toString(counter)) + .png)): null

2018-11-27 17:24:32 - [TEST_STEP][PASSED] - Statement - counter = counter + 1: null

2018-11-27 17:24:32 - [TEST_STEP][PASSED] - Statement - PreSaveFile = new java.io.File(((pathPrefix + java.lang.Integer.toString(counter)) + .png)): null

2018-11-27 17:24:32 - [TEST_STEP][PASSED] - Statement - counter = counter + 1: null

2018-11-27 17:24:32 - [TEST_STEP][PASSED] - Statement - PreSaveFile = new java.io.File(((pathPrefix + java.lang.Integer.toString(counter)) + .png)): null

2018-11-27 17:24:32 - [TEST_STEP][PASSED] - Statement - counter = counter + 1: null

2018-11-27 17:24:32 - [TEST_STEP][PASSED] - Statement - PreSaveFile = new java.io.File(((pathPrefix + java.lang.Integer.toString(counter)) + .png)): null

2018-11-27 17:24:32 - [TEST_STEP][PASSED] - Statement - counter = counter + 1: null

2018-11-27 17:24:32 - [TEST_STEP][PASSED] - Statement - PreSaveFile = new java.io.File(((pathPrefix + java.lang.Integer.toString(counter)) + .png)): null

2018-11-27 17:24:32 - [TEST_STEP][PASSED] - Statement - counter = counter + 1: null

2018-11-27 17:24:32 - [TEST_STEP][PASSED] - Statement - PreSaveFile = new java.io.File(((pathPrefix + java.lang.Integer.toString(counter)) + .png)): null

2018-11-27 17:24:32 - [TEST_STEP][PASSED] - Statement - counter = counter + 1: null

2018-11-27 17:24:32 - [TEST_STEP][PASSED] - Statement - PreSaveFile = new java.io.File(((pathPrefix + java.lang.Integer.toString(counter)) + .png)): null

2018-11-27 17:24:32 - [TEST_STEP][PASSED] - Statement - counter = counter + 1: null

2018-11-27 17:24:32 - [TEST_STEP][PASSED] - Statement - PreSaveFile = new java.io.File(((pathPrefix + java.lang.Integer.toString(counter)) + .png)): null

2018-11-27 17:24:32 - [TEST_STEP][PASSED] - Statement - counter = counter + 1: null

2018-11-27 17:24:32 - [TEST_STEP][PASSED] - Statement - PreSaveFile = new java.io.File(((pathPrefix + java.lang.Integer.toString(counter)) + .png)): null

2018-11-27 17:24:32 - [TEST_STEP][PASSED] - Statement - counter = counter + 1: null

2018-11-27 17:24:32 - [TEST_STEP][PASSED] - Statement - PreSaveFile = new java.io.File(((pathPrefix + java.lang.Integer.toString(counter)) + .png)): null

2018-11-27 17:24:32 - [TEST_STEP][PASSED] - Statement - counter = counter + 1: null

2018-11-27 17:24:32 - [TEST_STEP][PASSED] - Statement - PreSaveFile = new java.io.File(((pathPrefix + java.lang.Integer.toString(counter)) + .png)): null

2018-11-27 17:24:32 - [TEST_STEP][PASSED] - Statement - counter = counter + 1: null

2018-11-27 17:24:32 - [TEST_STEP][PASSED] - Statement - PreSaveFile = new java.io.File(((pathPrefix + java.lang.Integer.toString(counter)) + .png)): null

2018-11-27 17:24:32 - [TEST_STEP][PASSED] - Statement - counter = counter + 1: null

2018-11-27 17:24:32 - [TEST_STEP][PASSED] - Statement - PreSaveFile = new java.io.File(((pathPrefix + java.lang.Integer.toString(counter)) + .png)): null

2018-11-27 17:24:32 - [TEST_STEP][PASSED] - Statement - counter = counter + 1: null

2018-11-27 17:24:32 - [TEST_STEP][PASSED] - Statement - PreSaveFile = new java.io.File(((pathPrefix + java.lang.Integer.toString(counter)) + .png)): null

2018-11-27 17:24:32 - [TEST_STEP][PASSED] - Statement - counter = counter + 1: null

2018-11-27 17:24:32 - [TEST_STEP][PASSED] - Statement - PreSaveFile = new java.io.File(((pathPrefix + java.lang.Integer.toString(counter)) + .png)): null

2018-11-27 17:24:32 - [TEST_STEP][PASSED] - Statement - counter = counter + 1: null

2018-11-27 17:24:32 - [TEST_STEP][PASSED] - Statement - PreSaveFile = new java.io.File(((pathPrefix + java.lang.Integer.toString(counter)) + .png)): null

2018-11-27 17:24:32 - [TEST_STEP][PASSED] - Statement - counter = counter + 1: null

2018-11-27 17:24:32 - [TEST_STEP][PASSED] - Statement - PreSaveFile = new java.io.File(((pathPrefix + java.lang.Integer.toString(counter)) + .png)): null

2018-11-27 17:24:32 - [TEST_STEP][PASSED] - Statement - counter = counter + 1: null

2018-11-27 17:24:32 - [TEST_STEP][PASSED] - Statement - PreSaveFile = new java.io.File(((pathPrefix + java.lang.Integer.toString(counter)) + .png)): null

2018-11-27 17:24:32 - [TEST_STEP][PASSED] - Statement - counter = counter + 1: null

2018-11-27 17:24:32 - [TEST_STEP][PASSED] - Statement - PreSaveFile = new java.io.File(((pathPrefix + java.lang.Integer.toString(counter)) + .png)): null

2018-11-27 17:24:32 - [TEST_STEP][PASSED] - Statement - counter = counter + 1: null

2018-11-27 17:24:32 - [TEST_STEP][PASSED] - Statement - PreSaveFile = new java.io.File(((pathPrefix + java.lang.Integer.toString(counter)) + .png)): null

2018-11-27 17:24:32 - [TEST_STEP][PASSED] - Statement - counter = counter + 1: null

2018-11-27 17:24:32 - [TEST_STEP][PASSED] - Statement - PreSaveFile = new java.io.File(((pathPrefix + java.lang.Integer.toString(counter)) + .png)): null

2018-11-27 17:24:32 - [TEST_STEP][PASSED] - Statement - counter = counter + 1: null

2018-11-27 17:24:32 - [TEST_STEP][PASSED] - Statement - PreSaveFile = new java.io.File(((pathPrefix + java.lang.Integer.toString(counter)) + .png)): null

2018-11-27 17:24:32 - [TEST_STEP][PASSED] - Statement - counter = counter + 1: null

2018-11-27 17:24:32 - [TEST_STEP][PASSED] - Statement - PreSaveFile = new java.io.File(((pathPrefix + java.lang.Integer.toString(counter)) + .png)): null

2018-11-27 17:24:32 - [TEST_STEP][PASSED] - Statement - counter = counter + 1: null

2018-11-27 17:24:32 - [TEST_STEP][PASSED] - Statement - PreSaveFile = new java.io.File(((pathPrefix + java.lang.Integer.toString(counter)) + .png)): null

2018-11-27 17:24:32 - [TEST_STEP][PASSED] - Statement - counter = counter + 1: null

2018-11-27 17:24:32 - [TEST_STEP][PASSED] - Statement - PreSaveFile = new java.io.File(((pathPrefix + java.lang.Integer.toString(counter)) + .png)): null

2018-11-27 17:24:32 - [TEST_STEP][PASSED] - Statement - counter = counter + 1: null

2018-11-27 17:24:32 - [TEST_STEP][PASSED] - Statement - PreSaveFile = new java.io.File(((pathPrefix + java.lang.Integer.toString(counter)) + .png)): null

2018-11-27 17:24:32 - [TEST_STEP][PASSED] - Statement - counter = counter + 1: null

2018-11-27 17:24:32 - [TEST_STEP][PASSED] - Statement - PreSaveFile = new java.io.File(((pathPrefix + java.lang.Integer.toString(counter)) + .png)): null

2018-11-27 17:24:32 - [TEST_STEP][PASSED] - Statement - counter = counter + 1: null

2018-11-27 17:24:32 - [TEST_STEP][PASSED] - Statement - PreSaveFile = new java.io.File(((pathPrefix + java.lang.Integer.toString(counter)) + .png)): null

2018-11-27 17:24:32 - [TEST_STEP][PASSED] - Statement - counter = counter + 1: null

2018-11-27 17:24:32 - [TEST_STEP][PASSED] - Statement - PreSaveFile = new java.io.File(((pathPrefix + java.lang.Integer.toString(counter)) + .png)): null

2018-11-27 17:24:32 - [TEST_STEP][PASSED] - Statement - counter = counter + 1: null

2018-11-27 17:24:32 - [TEST_STEP][PASSED] - Statement - PreSaveFile = new java.io.File(((pathPrefix + java.lang.Integer.toString(counter)) + .png)): null

2018-11-27 17:24:32 - [TEST_STEP][PASSED] - Statement - counter = counter + 1: null

2018-11-27 17:24:32 - [TEST_STEP][PASSED] - Statement - PreSaveFile = new java.io.File(((pathPrefix + java.lang.Integer.toString(counter)) + .png)): null

2018-11-27 17:24:32 - [TEST_STEP][PASSED] - Statement - counter = counter + 1: null

2018-11-27 17:24:32 - [TEST_STEP][PASSED] - Statement - PreSaveFile = new java.io.File(((pathPrefix + java.lang.Integer.toString(counter)) + .png)): null

2018-11-27 17:24:32 - [TEST_STEP][PASSED] - Statement - counter = counter + 1: null

2018-11-27 17:24:32 - [TEST_STEP][PASSED] - Statement - PreSaveFile = new java.io.File(((pathPrefix + java.lang.Integer.toString(counter)) + .png)): null

2018-11-27 17:24:32 - [TEST_STEP][PASSED] - Statement - counter = counter + 1: null

2018-11-27 17:24:32 - [TEST_STEP][PASSED] - Statement - PreSaveFile = new java.io.File(((pathPrefix + java.lang.Integer.toString(counter)) + .png)): null

2018-11-27 17:24:32 - [TEST_STEP][PASSED] - Statement - counter = counter + 1: null

2018-11-27 17:24:32 - [TEST_STEP][PASSED] - Statement - PreSaveFile = new java.io.File(((pathPrefix + java.lang.Integer.toString(counter)) + .png)): null

2018-11-27 17:24:32 - [TEST_STEP][PASSED] - Statement - counter = counter + 1: null

2018-11-27 17:24:32 - [TEST_STEP][PASSED] - Statement - PreSaveFile = new java.io.File(((pathPrefix + java.lang.Integer.toString(counter)) + .png)): null

2018-11-27 17:24:32 - [TEST_STEP][PASSED] - Statement - counter = counter + 1: null

2018-11-27 17:24:32 - [TEST_STEP][PASSED] - Statement - PreSaveFile = new java.io.File(((pathPrefix + java.lang.Integer.toString(counter)) + .png)): null

2018-11-27 17:24:32 - [TEST_STEP][PASSED] - Statement - counter = counter + 1: null

2018-11-27 17:24:32 - [TEST_STEP][PASSED] - Statement - PreSaveFile = new java.io.File(((pathPrefix + java.lang.Integer.toString(counter)) + .png)): null

2018-11-27 17:24:32 - [TEST_STEP][PASSED] - Statement - counter = counter + 1: null

2018-11-27 17:24:32 - [TEST_STEP][PASSED] - Statement - PreSaveFile = new java.io.File(((pathPrefix + java.lang.Integer.toString(counter)) + .png)): null

2018-11-27 17:24:32 - [TEST_STEP][PASSED] - Statement - counter = counter + 1: null

2018-11-27 17:24:32 - [TEST_STEP][PASSED] - Statement - PreSaveFile = new java.io.File(((pathPrefix + java.lang.Integer.toString(counter)) + .png)): null

2018-11-27 17:24:32 - [TEST_STEP][PASSED] - Statement - counter = counter + 1: null

2018-11-27 17:24:32 - [TEST_STEP][PASSED] - Statement - PreSaveFile = new java.io.File(((pathPrefix + java.lang.Integer.toString(counter)) + .png)): null

2018-11-27 17:24:32 - [TEST_STEP][PASSED] - Statement - counter = counter + 1: null

2018-11-27 17:24:32 - [TEST_STEP][PASSED] - Statement - PreSaveFile = new java.io.File(((pathPrefix + java.lang.Integer.toString(counter)) + .png)): null

2018-11-27 17:24:32 - [TEST_STEP][PASSED] - Statement - counter = counter + 1: null

2018-11-27 17:24:32 - [TEST_STEP][PASSED] - Statement - PreSaveFile = new java.io.File(((pathPrefix + java.lang.Integer.toString(counter)) + .png)): null

2018-11-27 17:24:32 - [TEST_STEP][PASSED] - Statement - counter = counter + 1: null

2018-11-27 17:24:32 - [TEST_STEP][PASSED] - Statement - PreSaveFile = new java.io.File(((pathPrefix + java.lang.Integer.toString(counter)) + .png)): null

2018-11-27 17:24:32 - [TEST_STEP][PASSED] - Statement - counter = counter + 1: null

2018-11-27 17:24:32 - [TEST_STEP][PASSED] - Statement - PreSaveFile = new java.io.File(((pathPrefix + java.lang.Integer.toString(counter)) + .png)): null

2018-11-27 17:24:32 - [TEST_STEP][PASSED] - Statement - counter = counter + 1: null

2018-11-27 17:24:32 - [TEST_STEP][PASSED] - Statement - PreSaveFile = new java.io.File(((pathPrefix + java.lang.Integer.toString(counter)) + .png)): null

2018-11-27 17:24:32 - [TEST_STEP][PASSED] - Statement - counter = counter + 1: null

2018-11-27 17:24:32 - [TEST_STEP][PASSED] - Statement - PreSaveFile = new java.io.File(((pathPrefix + java.lang.Integer.toString(counter)) + .png)): null

2018-11-27 17:24:32 - [TEST_STEP][PASSED] - Statement - counter = counter + 1: null

2018-11-27 17:24:32 - [TEST_STEP][PASSED] - Statement - PreSaveFile = new java.io.File(((pathPrefix + java.lang.Integer.toString(counter)) + .png)): null

2018-11-27 17:24:32 - [TEST_STEP][PASSED] - Statement - counter = counter + 1: null

2018-11-27 17:24:32 - [TEST_STEP][PASSED] - Statement - PreSaveFile = new java.io.File(((pathPrefix + java.lang.Integer.toString(counter)) + .png)): null

2018-11-27 17:24:32 - [TEST_STEP][PASSED] - Statement - counter = counter + 1: null

2018-11-27 17:24:32 - [TEST_STEP][PASSED] - Statement - PreSaveFile = new java.io.File(((pathPrefix + java.lang.Integer.toString(counter)) + .png)): null

2018-11-27 17:24:32 - [TEST_STEP][PASSED] - Statement - counter = counter + 1: null

2018-11-27 17:24:32 - [TEST_STEP][PASSED] - Statement - PreSaveFile = new java.io.File(((pathPrefix + java.lang.Integer.toString(counter)) + .png)): null

2018-11-27 17:24:32 - [TEST_STEP][PASSED] - Statement - counter = counter + 1: null

2018-11-27 17:24:32 - [TEST_STEP][PASSED] - Statement - PreSaveFile = new java.io.File(((pathPrefix + java.lang.Integer.toString(counter)) + .png)): null

2018-11-27 17:24:32 - [TEST_STEP][PASSED] - Statement - counter = counter + 1: null

2018-11-27 17:24:32 - [TEST_STEP][PASSED] - Statement - PreSaveFile = new java.io.File(((pathPrefix + java.lang.Integer.toString(counter)) + .png)): null

2018-11-27 17:24:32 - [TEST_STEP][PASSED] - Statement - counter = counter + 1: null

2018-11-27 17:24:32 - [TEST_STEP][PASSED] - Statement - PreSaveFile = new java.io.File(((pathPrefix + java.lang.Integer.toString(counter)) + .png)): null

2018-11-27 17:24:32 - [TEST_STEP][PASSED] - Statement - counter = counter + 1: null

2018-11-27 17:24:32 - [TEST_STEP][PASSED] - Statement - PreSaveFile = new java.io.File(((pathPrefix + java.lang.Integer.toString(counter)) + .png)): null

2018-11-27 17:24:32 - [TEST_STEP][PASSED] - Statement - counter = counter + 1: null

2018-11-27 17:24:32 - [TEST_STEP][PASSED] - Statement - PreSaveFile = new java.io.File(((pathPrefix + java.lang.Integer.toString(counter)) + .png)): null

2018-11-27 17:24:32 - [TEST_STEP][PASSED] - Statement - counter = counter + 1: null

2018-11-27 17:24:32 - [TEST_STEP][PASSED] - Statement - PreSaveFile = new java.io.File(((pathPrefix + java.lang.Integer.toString(counter)) + .png)): null

2018-11-27 17:24:32 - [TEST_STEP][PASSED] - Statement - counter = counter + 1: null

2018-11-27 17:24:32 - [TEST_STEP][PASSED] - Statement - PreSaveFile = new java.io.File(((pathPrefix + java.lang.Integer.toString(counter)) + .png)): null

2018-11-27 17:24:32 - [TEST_STEP][PASSED] - Statement - counter = counter + 1: null

2018-11-27 17:24:32 - [TEST_STEP][PASSED] - Statement - PreSaveFile = new java.io.File(((pathPrefix + java.lang.Integer.toString(counter)) + .png)): null

2018-11-27 17:24:32 - [TEST_STEP][PASSED] - Statement - counter = counter + 1: null

2018-11-27 17:24:32 - [TEST_STEP][PASSED] - Statement - PreSaveFile = new java.io.File(((pathPrefix + java.lang.Integer.toString(counter)) + .png)): null

2018-11-27 17:24:32 - [TEST_STEP][PASSED] - Statement - counter = counter + 1: null

2018-11-27 17:24:32 - [TEST_STEP][PASSED] - Statement - PreSaveFile = new java.io.File(((pathPrefix + java.lang.Integer.toString(counter)) + .png)): null

2018-11-27 17:24:32 - [TEST_STEP][PASSED] - Statement - counter = counter + 1: null

2018-11-27 17:24:32 - [TEST_STEP][PASSED] - Statement - PreSaveFile = new java.io.File(((pathPrefix + java.lang.Integer.toString(counter)) + .png)): null

2018-11-27 17:24:32 - [TEST_STEP][PASSED] - Statement - counter = counter + 1: null

2018-11-27 17:24:32 - [TEST_STEP][PASSED] - Statement - PreSaveFile = new java.io.File(((pathPrefix + java.lang.Integer.toString(counter)) + .png)): null

2018-11-27 17:24:32 - [TEST_STEP][PASSED] - Statement - counter = counter + 1: null

2018-11-27 17:24:32 - [TEST_STEP][PASSED] - Statement - PreSaveFile = new java.io.File(((pathPrefix + java.lang.Integer.toString(counter)) + .png)): null

2018-11-27 17:24:32 - [TEST_STEP][PASSED] - Statement - counter = counter + 1: null

2018-11-27 17:24:32 - [TEST_STEP][PASSED] - Statement - PreSaveFile = new java.io.File(((pathPrefix + java.lang.Integer.toString(counter)) + .png)): null

2018-11-27 17:24:32 - [TEST_STEP][PASSED] - Statement - counter = counter + 1: null

2018-11-27 17:24:32 - [TEST_STEP][PASSED] - Statement - PreSaveFile = new java.io.File(((pathPrefix + java.lang.Integer.toString(counter)) + .png)): null

2018-11-27 17:24:32 - [TEST_STEP][PASSED] - Statement - counter = counter + 1: null

2018-11-27 17:24:32 - [TEST_STEP][PASSED] - Statement - PreSaveFile = new java.io.File(((pathPrefix + java.lang.Integer.toString(counter)) + .png)): null

2018-11-27 17:24:32 - [TEST_STEP][PASSED] - Statement - counter = counter + 1: null

2018-11-27 17:24:32 - [TEST_STEP][PASSED] - Statement - PreSaveFile = new java.io.File(((pathPrefix + java.lang.Integer.toString(counter)) + .png)): null

2018-11-27 17:24:32 - [TEST_STEP][PASSED] - Statement - counter = counter + 1: null

2018-11-27 17:24:32 - [TEST_STEP][PASSED] - Statement - PreSaveFile = new java.io.File(((pathPrefix + java.lang.Integer.toString(counter)) + .png)): null

2018-11-27 17:24:32 - [TEST_STEP][PASSED] - Statement - counter = counter + 1: null

2018-11-27 17:24:32 - [TEST_STEP][PASSED] - Statement - PreSaveFile = new java.io.File(((pathPrefix + java.lang.Integer.toString(counter)) + .png)): null

2018-11-27 17:24:32 - [TEST_STEP][PASSED] - Statement - counter = counter + 1: null

2018-11-27 17:24:32 - [TEST_STEP][PASSED] - Statement - PreSaveFile = new java.io.File(((pathPrefix + java.lang.Integer.toString(counter)) + .png)): null

2018-11-27 17:24:32 - [TEST_STEP][PASSED] - Statement - counter = counter + 1: null

2018-11-27 17:24:32 - [TEST_STEP][PASSED] - Statement - PreSaveFile = new java.io.File(((pathPrefix + java.lang.Integer.toString(counter)) + .png)): null

2018-11-27 17:24:32 - [TEST_STEP][PASSED] - Statement - counter = counter + 1: null

2018-11-27 17:24:32 - [TEST_STEP][PASSED] - Statement - PreSaveFile = new java.io.File(((pathPrefix + java.lang.Integer.toString(counter)) + .png)): null

2018-11-27 17:24:32 - [TEST_STEP][PASSED] - Statement - counter = counter + 1: null

2018-11-27 17:24:32 - [TEST_STEP][PASSED] - Statement - PreSaveFile = new java.io.File(((pathPrefix + java.lang.Integer.toString(counter)) + .png)): null

2018-11-27 17:24:32 - [TEST_STEP][PASSED] - Statement - counter = counter + 1: null

2018-11-27 17:24:32 - [TEST_STEP][PASSED] - Statement - PreSaveFile = new java.io.File(((pathPrefix + java.lang.Integer.toString(counter)) + .png)): null

2018-11-27 17:24:32 - [TEST_STEP][PASSED] - Statement - counter = counter + 1: null

2018-11-27 17:24:32 - [TEST_STEP][PASSED] - Statement - PreSaveFile = new java.io.File(((pathPrefix + java.lang.Integer.toString(counter)) + .png)): null

2018-11-27 17:24:32 - [TEST_STEP][PASSED] - Statement - counter = counter + 1: null

2018-11-27 17:24:32 - [TEST_STEP][PASSED] - Statement - PreSaveFile = new java.io.File(((pathPrefix + java.lang.Integer.toString(counter)) + .png)): null

2018-11-27 17:24:32 - [TEST_STEP][PASSED] - Statement - counter = counter + 1: null

2018-11-27 17:24:32 - [TEST_STEP][PASSED] - Statement - PreSaveFile = new java.io.File(((pathPrefix + java.lang.Integer.toString(counter)) + .png)): null

2018-11-27 17:24:32 - [TEST_STEP][PASSED] - Statement - counter = counter + 1: null

2018-11-27 17:24:32 - [TEST_STEP][PASSED] - Statement - PreSaveFile = new java.io.File(((pathPrefix + java.lang.Integer.toString(counter)) + .png)): null

2018-11-27 17:24:32 - [TEST_STEP][PASSED] - Statement - counter = counter + 1: null

2018-11-27 17:24:32 - [TEST_STEP][PASSED] - Statement - PreSaveFile = new java.io.File(((pathPrefix + java.lang.Integer.toString(counter)) + .png)): null

2018-11-27 17:24:32 - [TEST_STEP][PASSED] - Statement - counter = counter + 1: null

2018-11-27 17:24:32 - [TEST_STEP][PASSED] - Statement - PreSaveFile = new java.io.File(((pathPrefix + java.lang.Integer.toString(counter)) + .png)): null

2018-11-27 17:24:32 - [TEST_STEP][PASSED] - Statement - counter = counter + 1: null

2018-11-27 17:24:32 - [TEST_STEP][PASSED] - Statement - PreSaveFile = new java.io.File(((pathPrefix + java.lang.Integer.toString(counter)) + .png)): null

2018-11-27 17:24:32 - [TEST_STEP][PASSED] - Statement - counter = counter + 1: null

2018-11-27 17:24:32 - [TEST_STEP][PASSED] - Statement - PreSaveFile = new java.io.File(((pathPrefix + java.lang.Integer.toString(counter)) + .png)): null

2018-11-27 17:24:32 - [TEST_STEP][PASSED] - Statement - counter = counter + 1: null

2018-11-27 17:24:32 - [TEST_STEP][PASSED] - Statement - PreSaveFile = new java.io.File(((pathPrefix + java.lang.Integer.toString(counter)) + .png)): null

2018-11-27 17:24:32 - [TEST_STEP][PASSED] - Statement - counter = counter + 1: null

2018-11-27 17:24:32 - [TEST_STEP][PASSED] - Statement - PreSaveFile = new java.io.File(((pathPrefix + java.lang.Integer.toString(counter)) + .png)): null

2018-11-27 17:24:32 - [TEST_STEP][PASSED] - Statement - counter = counter + 1: null

2018-11-27 17:24:32 - [TEST_STEP][PASSED] - Statement - PreSaveFile = new java.io.File(((pathPrefix + java.lang.Integer.toString(counter)) + .png)): null

2018-11-27 17:24:32 - [TEST_STEP][PASSED] - Statement - counter = counter + 1: null

2018-11-27 17:24:32 - [TEST_STEP][PASSED] - Statement - PreSaveFile = new java.io.File(((pathPrefix + java.lang.Integer.toString(counter)) + .png)): null

2018-11-27 17:24:32 - [TEST_STEP][PASSED] - Statement - counter = counter + 1: null

2018-11-27 17:24:32 - [TEST_STEP][PASSED] - Statement - PreSaveFile = new java.io.File(((pathPrefix + java.lang.Integer.toString(counter)) + .png)): null

2018-11-27 17:24:32 - [TEST_STEP][PASSED] - Statement - counter = counter + 1: null

2018-11-27 17:24:32 - [TEST_STEP][PASSED] - Statement - PreSaveFile = new java.io.File(((pathPrefix + java.lang.Integer.toString(counter)) + .png)): null

2018-11-27 17:24:32 - [TEST_STEP][PASSED] - Statement - counter = counter + 1: null

2018-11-27 17:24:32 - [TEST_STEP][PASSED] - Statement - PreSaveFile = new java.io.File(((pathPrefix + java.lang.Integer.toString(counter)) + .png)): null

2018-11-27 17:24:32 - [TEST_STEP][PASSED] - Statement - counter = counter + 1: null

2018-11-27 17:24:32 - [TEST_STEP][PASSED] - Statement - PreSaveFile = new java.io.File(((pathPrefix + java.lang.Integer.toString(counter)) + .png)): null

2018-11-27 17:24:32 - [TEST_STEP][PASSED] - Statement - counter = counter + 1: null

2018-11-27 17:24:32 - [TEST_STEP][PASSED] - Statement - PreSaveFile = new java.io.File(((pathPrefix + java.lang.Integer.toString(counter)) + .png)): null

2018-11-27 17:24:32 - [TEST_STEP][PASSED] - Statement - counter = counter + 1: null

2018-11-27 17:24:32 - [TEST_STEP][PASSED] - Statement - PreSaveFile = new java.io.File(((pathPrefix + java.lang.Integer.toString(counter)) + .png)): null

2018-11-27 17:24:32 - [TEST_STEP][PASSED] - Statement - counter = counter + 1: null

2018-11-27 17:24:32 - [TEST_STEP][PASSED] - Statement - PreSaveFile = new java.io.File(((pathPrefix + java.lang.Integer.toString(counter)) + .png)): null

2018-11-27 17:24:32 - [TEST_STEP][PASSED] - Statement - counter = counter + 1: null

2018-11-27 17:24:32 - [TEST_STEP][PASSED] - Statement - PreSaveFile = new java.io.File(((pathPrefix + java.lang.Integer.toString(counter)) + .png)): null

2018-11-27 17:24:32 - [TEST_STEP][PASSED] - Statement - counter = counter + 1: null

2018-11-27 17:24:32 - [TEST_STEP][PASSED] - Statement - PreSaveFile = new java.io.File(((pathPrefix + java.lang.Integer.toString(counter)) + .png)): null

2018-11-27 17:24:32 - [TEST_STEP][PASSED] - Statement - counter = counter + 1: null

2018-11-27 17:24:32 - [TEST_STEP][PASSED] - Statement - PreSaveFile = new java.io.File(((pathPrefix + java.lang.Integer.toString(counter)) + .png)): null

2018-11-27 17:24:32 - [TEST_STEP][PASSED] - Statement - counter = counter + 1: null

2018-11-27 17:24:32 - [TEST_STEP][PASSED] - Statement - PreSaveFile = new java.io.File(((pathPrefix + java.lang.Integer.toString(counter)) + .png)): null

2018-11-27 17:24:32 - [TEST_STEP][PASSED] - Statement - counter = counter + 1: null

2018-11-27 17:24:32 - [TEST_STEP][PASSED] - Statement - PreSaveFile = new java.io.File(((pathPrefix + java.lang.Integer.toString(counter)) + .png)): null

2018-11-27 17:24:32 - [TEST_STEP][PASSED] - Statement - counter = counter + 1: null

2018-11-27 17:24:32 - [TEST_STEP][PASSED] - Statement - PreSaveFile = new java.io.File(((pathPrefix + java.lang.Integer.toString(counter)) + .png)): null

2018-11-27 17:24:32 - [TEST_STEP][PASSED] - Statement - counter = counter + 1: null

2018-11-27 17:24:32 - [TEST_STEP][PASSED] - Statement - PreSaveFile = new java.io.File(((pathPrefix + java.lang.Integer.toString(counter)) + .png)): null

2018-11-27 17:24:32 - [TEST_STEP][PASSED] - Statement - counter = counter + 1: null

2018-11-27 17:24:32 - [TEST_STEP][PASSED] - Statement - PreSaveFile = new java.io.File(((pathPrefix + java.lang.Integer.toString(counter)) + .png)): null

2018-11-27 17:24:32 - [TEST_STEP][PASSED] - Statement - counter = counter + 1: null

2018-11-27 17:24:32 - [TEST_STEP][PASSED] - Statement - PreSaveFile = new java.io.File(((pathPrefix + java.lang.Integer.toString(counter)) + .png)): null

2018-11-27 17:24:32 - [TEST_STEP][PASSED] - Statement - counter = counter + 1: null

2018-11-27 17:24:32 - [TEST_STEP][PASSED] - Statement - PreSaveFile = new java.io.File(((pathPrefix + java.lang.Integer.toString(counter)) + .png)): null

2018-11-27 17:24:32 - [TEST_STEP][PASSED] - Statement - counter = counter + 1: null

2018-11-27 17:24:32 - [TEST_STEP][PASSED] - Statement - PreSaveFile = new java.io.File(((pathPrefix + java.lang.Integer.toString(counter)) + .png)): null

2018-11-27 17:24:32 - [TEST_STEP][PASSED] - Statement - counter = counter + 1: null

2018-11-27 17:24:32 - [TEST_STEP][PASSED] - Statement - PreSaveFile = new java.io.File(((pathPrefix + java.lang.Integer.toString(counter)) + .png)): null

2018-11-27 17:24:32 - [TEST_STEP][PASSED] - Statement - counter = counter + 1: null

2018-11-27 17:24:32 - [TEST_STEP][PASSED] - Statement - PreSaveFile = new java.io.File(((pathPrefix + java.lang.Integer.toString(counter)) + .png)): null

2018-11-27 17:24:32 - [TEST_STEP][PASSED] - Statement - counter = counter + 1: null

2018-11-27 17:24:32 - [TEST_STEP][PASSED] - Statement - PreSaveFile = new java.io.File(((pathPrefix + java.lang.Integer.toString(counter)) + .png)): null

2018-11-27 17:24:32 - [TEST_STEP][PASSED] - Statement - counter = counter + 1: null

2018-11-27 17:24:32 - [TEST_STEP][PASSED] - Statement - PreSaveFile = new java.io.File(((pathPrefix + java.lang.Integer.toString(counter)) + .png)): null

2018-11-27 17:24:32 - [TEST_STEP][PASSED] - Statement - counter = counter + 1: null

2018-11-27 17:24:32 - [TEST_STEP][PASSED] - Statement - PreSaveFile = new java.io.File(((pathPrefix + java.lang.Integer.toString(counter)) + .png)): null

2018-11-27 17:24:32 - [TEST_STEP][PASSED] - Statement - counter = counter + 1: null

2018-11-27 17:24:32 - [TEST_STEP][PASSED] - Statement - PreSaveFile = new java.io.File(((pathPrefix + java.lang.Integer.toString(counter)) + .png)): null

2018-11-27 17:24:32 - [TEST_STEP][PASSED] - Statement - counter = counter + 1: null

2018-11-27 17:24:32 - [TEST_STEP][PASSED] - Statement - PreSaveFile = new java.io.File(((pathPrefix + java.lang.Integer.toString(counter)) + .png)): null

2018-11-27 17:24:32 - [TEST_STEP][PASSED] - Statement - counter = counter + 1: null

2018-11-27 17:24:32 - [TEST_STEP][PASSED] - Statement - PreSaveFile = new java.io.File(((pathPrefix + java.lang.Integer.toString(counter)) + .png)): null

2018-11-27 17:24:32 - [TEST_STEP][PASSED] - Statement - counter = counter + 1: null

2018-11-27 17:24:32 - [TEST_STEP][PASSED] - Statement - PreSaveFile = new java.io.File(((pathPrefix + java.lang.Integer.toString(counter)) + .png)): null

2018-11-27 17:24:32 - [TEST_STEP][PASSED] - Statement - counter = counter + 1: null

2018-11-27 17:24:32 - [TEST_STEP][PASSED] - Statement - PreSaveFile = new java.io.File(((pathPrefix + java.lang.Integer.toString(counter)) + .png)): null

2018-11-27 17:24:32 - [TEST_STEP][PASSED] - Statement - counter = counter + 1: null

2018-11-27 17:24:32 - [TEST_STEP][PASSED] - Statement - PreSaveFile = new java.io.File(((pathPrefix + java.lang.Integer.toString(counter)) + .png)): null

2018-11-27 17:24:32 - [TEST_STEP][PASSED] - Statement - counter = counter + 1: null

2018-11-27 17:24:32 - [TEST_STEP][PASSED] - Statement - PreSaveFile = new java.io.File(((pathPrefix + java.lang.Integer.toString(counter)) + .png)): null

2018-11-27 17:24:32 - [TEST_STEP][PASSED] - Statement - counter = counter + 1: null

2018-11-27 17:24:32 - [TEST_STEP][PASSED] - Statement - PreSaveFile = new java.io.File(((pathPrefix + java.lang.Integer.toString(counter)) + .png)): null

2018-11-27 17:24:32 - [TEST_STEP][PASSED] - Statement - counter = counter + 1: null

2018-11-27 17:24:32 - [TEST_STEP][PASSED] - Statement - PreSaveFile = new java.io.File(((pathPrefix + java.lang.Integer.toString(counter)) + .png)): null

2018-11-27 17:24:32 - [TEST_STEP][PASSED] - Statement - counter = counter + 1: null

2018-11-27 17:24:32 - [TEST_STEP][PASSED] - Statement - PreSaveFile = new java.io.File(((pathPrefix + java.lang.Integer.toString(counter)) + .png)): null

2018-11-27 17:24:32 - [TEST_STEP][PASSED] - Statement - counter = counter + 1: null

2018-11-27 17:24:32 - [TEST_STEP][PASSED] - Statement - PreSaveFile = new java.io.File(((pathPrefix + java.lang.Integer.toString(counter)) + .png)): null

2018-11-27 17:24:32 - [TEST_STEP][PASSED] - Statement - counter = counter + 1: null

2018-11-27 17:24:32 - [TEST_STEP][PASSED] - Statement - PreSaveFile = new java.io.File(((pathPrefix + java.lang.Integer.toString(counter)) + .png)): null

2018-11-27 17:24:32 - [TEST_STEP][PASSED] - Statement - counter = counter + 1: null

2018-11-27 17:24:32 - [TEST_STEP][PASSED] - Statement - PreSaveFile = new java.io.File(((pathPrefix + java.lang.Integer.toString(counter)) + .png)): null

2018-11-27 17:24:32 - [TEST_STEP][PASSED] - Statement - counter = counter + 1: null

2018-11-27 17:24:32 - [TEST_STEP][PASSED] - Statement - PreSaveFile = new java.io.File(((pathPrefix + java.lang.Integer.toString(counter)) + .png)): null

2018-11-27 17:24:32 - [TEST_STEP][PASSED] - Statement - counter = counter + 1: null

2018-11-27 17:24:32 - [TEST_STEP][PASSED] - Statement - PreSaveFile = new java.io.File(((pathPrefix + java.lang.Integer.toString(counter)) + .png)): null

2018-11-27 17:24:32 - [TEST_STEP][PASSED] - Statement - counter = counter + 1: null

2018-11-27 17:24:32 - [TEST_STEP][PASSED] - Statement - PreSaveFile = new java.io.File(((pathPrefix + java.lang.Integer.toString(counter)) + .png)): null

2018-11-27 17:24:32 - [TEST_STEP][PASSED] - Statement - counter = counter + 1: null

2018-11-27 17:24:32 - [TEST_STEP][PASSED] - Statement - PreSaveFile = new java.io.File(((pathPrefix + java.lang.Integer.toString(counter)) + .png)): null

2018-11-27 17:24:32 - [TEST_STEP][PASSED] - Statement - counter = counter + 1: null

2018-11-27 17:24:32 - [TEST_STEP][PASSED] - Statement - PreSaveFile = new java.io.File(((pathPrefix + java.lang.Integer.toString(counter)) + .png)): null

2018-11-27 17:24:32 - [TEST_STEP][PASSED] - Statement - counter = counter + 1: null

2018-11-27 17:24:32 - [TEST_STEP][PASSED] - Statement - PreSaveFile = new java.io.File(((pathPrefix + java.lang.Integer.toString(counter)) + .png)): null

2018-11-27 17:24:32 - [TEST_STEP][PASSED] - Statement - counter = counter + 1: null

2018-11-27 17:24:32 - [TEST_STEP][PASSED] - Statement - PreSaveFile = new java.io.File(((pathPrefix + java.lang.Integer.toString(counter)) + .png)): null

2018-11-27 17:24:32 - [TEST_STEP][PASSED] - Statement - counter = counter + 1: null

2018-11-27 17:24:32 - [TEST_STEP][PASSED] - Statement - PreSaveFile = new java.io.File(((pathPrefix + java.lang.Integer.toString(counter)) + .png)): null

2018-11-27 17:24:32 - [TEST_STEP][PASSED] - Statement - counter = counter + 1: null

2018-11-27 17:24:32 - [TEST_STEP][PASSED] - Statement - PreSaveFile = new java.io.File(((pathPrefix + java.lang.Integer.toString(counter)) + .png)): null

2018-11-27 17:24:32 - [TEST_STEP][PASSED] - Statement - counter = counter + 1: null

2018-11-27 17:24:32 - [TEST_STEP][PASSED] - Statement - PreSaveFile = new java.io.File(((pathPrefix + java.lang.Integer.toString(counter)) + .png)): null

2018-11-27 17:24:32 - [TEST_STEP][PASSED] - Statement - counter = counter + 1: null

2018-11-27 17:24:32 - [TEST_STEP][PASSED] - Statement - PreSaveFile = new java.io.File(((pathPrefix + java.lang.Integer.toString(counter)) + .png)): null

2018-11-27 17:24:32 - [TEST_STEP][PASSED] - Statement - counter = counter + 1: null

2018-11-27 17:24:32 - [TEST_STEP][PASSED] - Statement - PreSaveFile = new java.io.File(((pathPrefix + java.lang.Integer.toString(counter)) + .png)): null

2018-11-27 17:24:32 - [TEST_STEP][PASSED] - Statement - counter = counter + 1: null

2018-11-27 17:24:32 - [TEST_STEP][PASSED] - Statement - PreSaveFile = new java.io.File(((pathPrefix + java.lang.Integer.toString(counter)) + .png)): null

2018-11-27 17:24:32 - [TEST_STEP][PASSED] - Statement - counter = counter + 1: null

2018-11-27 17:24:32 - [TEST_STEP][PASSED] - Statement - PreSaveFile = new java.io.File(((pathPrefix + java.lang.Integer.toString(counter)) + .png)): null

2018-11-27 17:24:32 - [TEST_STEP][PASSED] - Statement - counter = counter + 1: null

2018-11-27 17:24:32 - [TEST_STEP][PASSED] - Statement - PreSaveFile = new java.io.File(((pathPrefix + java.lang.Integer.toString(counter)) + .png)): null

2018-11-27 17:24:32 - [TEST_STEP][PASSED] - Statement - counter = counter + 1: null

2018-11-27 17:24:32 - [TEST_STEP][PASSED] - Statement - PreSaveFile = new java.io.File(((pathPrefix + java.lang.Integer.toString(counter)) + .png)): null

2018-11-27 17:24:32 - [TEST_STEP][PASSED] - Statement - counter = counter + 1: null

2018-11-27 17:24:32 - [TEST_STEP][PASSED] - Statement - PreSaveFile = new java.io.File(((pathPrefix + java.lang.Integer.toString(counter)) + .png)): null

2018-11-27 17:24:32 - [TEST_STEP][PASSED] - Statement - counter = counter + 1: null

2018-11-27 17:24:32 - [TEST_STEP][PASSED] - Statement - PreSaveFile = new java.io.File(((pathPrefix + java.lang.Integer.toString(counter)) + .png)): null

2018-11-27 17:24:32 - [TEST_STEP][PASSED] - Statement - counter = counter + 1: null

2018-11-27 17:24:32 - [TEST_STEP][PASSED] - Statement - PreSaveFile = new java.io.File(((pathPrefix + java.lang.Integer.toString(counter)) + .png)): null

2018-11-27 17:24:32 - [TEST_STEP][PASSED] - Statement - finalPath = pathPrefix + java.lang.Integer.toString(counter) + ".png": null

2018-11-27 17:24:32 - [TEST_STEP][PASSED] - Statement - SaveFile = new java.io.File(finalPath): null

2018-11-27 17:24:32 - [TEST_STEP][PASSED] - Statement - Try: null

2018-11-27 17:24:32 - [TEST_STEP][PASSED] - Statement - org.apache.commons.io.FileUtils.copyFile(scrFile, SaveFile): null

2018-11-27 17:24:32 - [TEST_STEP][PASSED] - Statement - out.println("file kept"): null

2018-11-27 17:24:32 - [TEST_STEP][PASSED] - delay: Delayed 10 second(s)

2018-11-27 17:24:42 - [MESSAGE][PASSED] - Delayed 10 second(s)

2018-11-27 17:24:42 - [MESSAGE][PASSED] - Call Test Case 'Test Cases/Final Aug 2018 - PKS Automation/Registration Module/New Registration/Submit and Screenshot/Submit Registration and Screenshot - Copy' successfully

2018-11-27 17:24:42 - [TEST_STEP][PASSED] - Statement - UpdateAddNewECode = com.kms.katalon.core.webui.keyword.WebUiBuiltInKeywords.getText(com.kms.katalon.core.testobject.ObjectRepository.findTestObject(Object Repository/Final Object Repo/Page_Update Add New Employee - ASSIST/getEmpCode)): Text of object 'Object Repository/Final Object Repo/Page_Update Add New Employee - ASSIST/getEmpCode' is: 'E1102070511V'

2018-11-27 17:24:42 - [MESSAGE][PASSED] - Text of object 'Object Repository/Final Object Repo/Page_Update Add New Employee - ASSIST/getEmpCode' is: 'E1102070511V'

2018-11-27 17:24:42 - [TEST_STEP][PASSED] - callTestCase: Call Test Case 'Test Cases/Final Aug 2018 - PKS Automation/Common/Emp Code Setter' successfully

2018-11-27 17:24:42 - [TEST_CASE][PASSED] - Test Cases/Final Aug 2018 - PKS Automation/Common/Emp Code Setter: Test Cases/Final Aug 2018 - PKS Automation/Common/Emp Code Setter

2018-11-27 17:24:42 - [TEST_STEP][PASSED] - Statement - EmpCodeOld = new java.io.File(C://Users//Admin//Desktop//PKS//Automation Reference Point//EmpCode.txt): null

2018-11-27 17:24:42 - [TEST_STEP][PASSED] - Statement - EmpCodeOld.delete(): null

2018-11-27 17:24:42 - [TEST_STEP][PASSED] - Statement - EmpCode = new java.io.File(C://Users//Admin//Desktop//PKS//Automation Reference Point//EmpCode.txt): null

2018-11-27 17:24:42 - [TEST_STEP][PASSED] - Statement - EmpCode.append(UpdateAddNewECode): null

2018-11-27 17:24:42 - [TEST_STEP][PASSED] - Statement - out.println("


" + UpdateAddNewECode + "


"): null

2018-11-27 17:24:42 - [MESSAGE][PASSED] - Call Test Case 'Test Cases/Final Aug 2018 - PKS Automation/Common/Emp Code Setter' successfully

2018-11-27 17:24:42 - [MESSAGE][PASSED] - Call Test Case 'Test Cases/Final Aug 2018 - PKS Automation/Registration Module/Workflow/Update Add New Employee/Template/New Company for Update Add New' successfully

2018-11-27 17:24:42 - [TEST_STEP][PASSED] - callTestCase: Call Test Case 'Test Cases/Final Aug 2018 - PKS Automation/Registration Module/Log Out/log out avoiding katalon tagging' successfully

2018-11-27 17:24:42 - [TEST_CASE][PASSED] - Test Cases/Final Aug 2018 - PKS Automation/Registration Module/Log Out/log out avoiding katalon tagging: Test Cases/Final Aug 2018 - PKS Automation/Registration Module/Log Out/log out avoiding katalon tagging

2018-11-27 17:24:43 - [TEST_STEP][PASSED] - navigateToUrl: Navigate to 'https://assist2-uat.perkeso.gov.my/c/portal/logout' successfully

2018-11-27 17:24:43 - [MESSAGE][PASSED] - Navigate to 'https://assist2-uat.perkeso.gov.my/c/portal/logout' successfully

2018-11-27 17:24:43 - [MESSAGE][PASSED] - Call Test Case 'Test Cases/Final Aug 2018 - PKS Automation/Registration Module/Log Out/log out avoiding katalon tagging' successfully

2018-11-27 17:24:43 - [TEST_STEP][PASSED] - callTestCase: Call Test Case 'Test Cases/Final Aug 2018 - PKS Automation/Registration Module/New Registration/Form 2/Date Updater' successfully

2018-11-27 17:24:43 - [TEST_CASE][PASSED] - Test Cases/Final Aug 2018 - PKS Automation/Registration Module/New Registration/Form 2/Date Updater: Test Cases/Final Aug 2018 - PKS Automation/Registration Module/New Registration/Form 2/Date Updater

2018-11-27 17:24:43 - [TEST_STEP][PASSED] - Statement - TodayDate = new java.util.Date(): null

2018-11-27 17:24:43 - [TEST_STEP][PASSED] - Statement - CurrentDateNoFilter = new java.text.SimpleDateFormat(): null

2018-11-27 17:24:43 - [TEST_STEP][PASSED] - Statement - CurrentDateNoFilter.applyPattern("dd"): null

2018-11-27 17:24:43 - [TEST_STEP][PASSED] - Statement - CurrentDate = CurrentDateNoFilter.format(TodayDate): null

2018-11-27 17:24:43 - [TEST_STEP][PASSED] - Statement - CurrentDate = java.lang.Integer.parseInt(CurrentDate): null

2018-11-27 17:24:43 - [TEST_STEP][PASSED] - Statement - CurrentDate = CurrentDate: null

2018-11-27 17:24:43 - [TEST_STEP][PASSED] - Statement - CurrentDay = java.lang.Integer.parseInt(CurrentDate): null

2018-11-27 17:24:43 - [TEST_STEP][PASSED] - Statement - aDayBefore = CurrentDay + 1: null

2018-11-27 17:24:43 - [TEST_STEP][PASSED] - Statement - DayBefore = aDayBefore.toString(): null

2018-11-27 17:24:43 - [TEST_STEP][PASSED] - Statement - OneDayBefore = DayBefore: null

2018-11-27 17:24:43 - [TEST_STEP][PASSED] - Statement - CurrentDateNoFilter.applyPattern("MM"): null

2018-11-27 17:24:43 - [TEST_STEP][PASSED] - Statement - monthContainerMatcher = java.lang.Integer.parseInt(CurrentDateNoFilter.format(TodayDate)): null

2018-11-27 17:24:43 - [TEST_STEP][PASSED] - Statement - monthContainerMatcher = monthContainerMatcher - 1: null

2018-11-27 17:24:43 - [TEST_STEP][PASSED] - Statement - CurrentMonth = monthContainerMatcher.toString(): null

2018-11-27 17:24:43 - [TEST_STEP][PASSED] - Statement - CurrentMonth = CurrentMonth: null

2018-11-27 17:24:43 - [TEST_STEP][PASSED] - Statement - CurrentDateNoFilter.applyPattern("yyyy"): null

2018-11-27 17:24:43 - [TEST_STEP][PASSED] - Statement - CurrentYear = CurrentDateNoFilter.format(TodayDate): null

2018-11-27 17:24:43 - [TEST_STEP][PASSED] - Statement - CurrentYear = CurrentYear: null

2018-11-27 17:24:43 - [TEST_STEP][PASSED] - Statement - intCurrentYear = java.lang.Integer.parseInt(CurrentDateNoFilter.format(TodayDate)): null

2018-11-27 17:24:43 - [TEST_STEP][PASSED] - Statement - eighteenYrsAgo = intCurrentYear - 18: null

2018-11-27 17:24:43 - [TEST_STEP][PASSED] - Statement - eighteenYrsBeforeThisYr = eighteenYrsAgo.toString(): null

2018-11-27 17:24:43 - [TEST_STEP][PASSED] - Statement - EighteenYrsBefore = eighteenYrsBeforeThisYr: null

2018-11-27 17:24:43 - [TEST_STEP][PASSED] - Statement - fiftysevenYrsAgo = intCurrentYear - 57: null

2018-11-27 17:24:43 - [TEST_STEP][PASSED] - Statement - fiftysevenYrsBeforeThisYr = fiftysevenYrsAgo.toString(): null

2018-11-27 17:24:43 - [TEST_STEP][PASSED] - Statement - FiftysevenYrsBefore = fiftysevenYrsBeforeThisYr: null

2018-11-27 17:24:43 - [MESSAGE][PASSED] - Call Test Case 'Test Cases/Final Aug 2018 - PKS Automation/Registration Module/New Registration/Form 2/Date Updater' successfully

2018-11-27 17:24:43 - [TEST_STEP][PASSED] - delay: Delayed 2 second(s)

2018-11-27 17:24:45 - [MESSAGE][PASSED] - Delayed 2 second(s)

2018-11-27 17:24:45 - [TEST_STEP][PASSED] - setText: Text 'klpkrbo2@gmail.com' is set on object 'Object Repository/Final Object Repo/Page_Update Add New Employee - ASSIST/Email TextBox'

2018-11-27 17:24:46 - [MESSAGE][PASSED] - Text 'klpkrbo2@gmail.com' is set on object 'Object Repository/Final Object Repo/Page_Update Add New Employee - ASSIST/Email TextBox'

2018-11-27 17:24:46 - [TEST_STEP][PASSED] - click: Object: 'Object Repository/Final Object Repo/Page_Update Add New Employee - ASSIST/Next Button' is clicked on

2018-11-27 17:24:46 - [MESSAGE][PASSED] - Object: 'Object Repository/Final Object Repo/Page_Update Add New Employee - ASSIST/Next Button' is clicked on

2018-11-27 17:24:46 - [TEST_STEP][PASSED] - delay: Delayed 2 second(s)

2018-11-27 17:24:48 - [MESSAGE][PASSED] - Delayed 2 second(s)

2018-11-27 17:24:48 - [TEST_STEP][PASSED] - setText: Text 'Test1@3456789' is set on object 'Object Repository/Final Object Repo/Page_Update Add New Employee - ASSIST/Password TextBox'

2018-11-27 17:24:48 - [MESSAGE][PASSED] - Text 'Test1@3456789' is set on object 'Object Repository/Final Object Repo/Page_Update Add New Employee - ASSIST/Password TextBox'

2018-11-27 17:24:48 - [TEST_STEP][PASSED] - delay: Delayed 2 second(s)

2018-11-27 17:24:50 - [MESSAGE][PASSED] - Delayed 2 second(s)

2018-11-27 17:24:50 - [TEST_STEP][PASSED] - click: Object: 'Object Repository/Final Object Repo/Page_Update Add New Employee - ASSIST/Login Button' is clicked on

2018-11-27 17:24:50 - [MESSAGE][PASSED] - Object: 'Object Repository/Final Object Repo/Page_Update Add New Employee - ASSIST/Login Button' is clicked on

2018-11-27 17:24:50 - [TEST_STEP][PASSED] - delay: Delayed 4 second(s)

2018-11-27 17:24:54 - [MESSAGE][PASSED] - Delayed 4 second(s)

2018-11-27 17:24:54 - [TEST_STEP][PASSED] - Statement - Try: Delayed 2 second(s)

2018-11-27 17:24:54 - [TEST_STEP][PASSED] - Statement - Checker = false: null

2018-11-27 17:24:54 - [TEST_STEP][PASSED] - Statement - Checker = com.kms.katalon.core.webui.keyword.WebUiBuiltInKeywords.verifyElementHasAttribute(com.kms.katalon.core.testobject.ObjectRepository.findTestObject(Final Object Repo/Landing Page/BM Detecting), "href", 20, OPTIONAL): Object 'Object Repository/Final Object Repo/Landing Page/BM Detecting' has attribute 'href'

2018-11-27 17:24:54 - [MESSAGE][PASSED] - Object 'Object Repository/Final Object Repo/Landing Page/BM Detecting' has attribute 'href'

2018-11-27 17:24:54 - [TEST_STEP][PASSED] - Statement - out.println(Checker): null

2018-11-27 17:24:54 - [TEST_STEP][PASSED] - Statement - If (Checker == false): null

2018-11-27 17:24:54 - [TEST_STEP][PASSED] - Statement - Else: null

2018-11-27 17:24:54 - [TEST_STEP][PASSED] - delay: Delayed 2 second(s)

2018-11-27 17:24:56 - [MESSAGE][PASSED] - Delayed 2 second(s)

2018-11-27 17:24:56 - [TEST_STEP][PASSED] - delay: Delayed 4 second(s)

2018-11-27 17:25:00 - [MESSAGE][PASSED] - Delayed 4 second(s)

2018-11-27 17:25:00 - [TEST_STEP][PASSED] - click: Object: 'Object Repository/Final Object Repo/Page_Update Add New Employee - ASSIST/My Sites Drop Down' is clicked on

2018-11-27 17:25:01 - [MESSAGE][PASSED] - Object: 'Object Repository/Final Object Repo/Page_Update Add New Employee - ASSIST/My Sites Drop Down' is clicked on

2018-11-27 17:25:01 - [TEST_STEP][PASSED] - click: Object: 'Object Repository/Final Object Repo/Page_Update Add New Employee - ASSIST/Select to Registration Module' is clicked on

2018-11-27 17:25:02 - [MESSAGE][PASSED] - Object: 'Object Repository/Final Object Repo/Page_Update Add New Employee - ASSIST/Select to Registration Module' is clicked on

2018-11-27 17:25:02 - [TEST_STEP][PASSED] - navigateToUrl: Navigate to 'https://assist2-uat.perkeso.gov.my/web/registration/myassist' successfully

2018-11-27 17:25:02 - [MESSAGE][PASSED] - Navigate to 'https://assist2-uat.perkeso.gov.my/web/registration/myassist' successfully

2018-11-27 17:25:02 - [TEST_STEP][PASSED] - mouseOver: Object: 'Object Repository/Final Object Repo/Page_Update Add New Employee - ASSIST/Select to Update Akta 4 Tab' is hovered

2018-11-27 17:25:02 - [MESSAGE][PASSED] - Object: 'Object Repository/Final Object Repo/Page_Update Add New Employee - ASSIST/Select to Update Akta 4 Tab' is hovered

2018-11-27 17:25:02 - [TEST_STEP][PASSED] - delay: Delayed 2 second(s)

2018-11-27 17:25:04 - [MESSAGE][PASSED] - Delayed 2 second(s)

2018-11-27 17:25:04 - [TEST_STEP][PASSED] - click: Object: 'Object Repository/Final Object Repo/Page_Update Add New Employee - ASSIST/Select to Update Add New Employee' is clicked on

2018-11-27 17:25:05 - [MESSAGE][PASSED] - Object: 'Object Repository/Final Object Repo/Page_Update Add New Employee - ASSIST/Select to Update Add New Employee' is clicked on

2018-11-27 17:25:05 - [TEST_STEP][PASSED] - delay: Delayed 2 second(s)

2018-11-27 17:25:07 - [MESSAGE][PASSED] - Delayed 2 second(s)

2018-11-27 17:25:07 - [TEST_STEP][PASSED] - setText: Text 'E1102070511V' is set on object 'Object Repository/Final Object Repo/Page_Update Add New Employee - ASSIST/Employer Code input textbox'

2018-11-27 17:25:08 - [MESSAGE][PASSED] - Text 'E1102070511V' is set on object 'Object Repository/Final Object Repo/Page_Update Add New Employee - ASSIST/Employer Code input textbox'

2018-11-27 17:25:08 - [TEST_STEP][PASSED] - delay: Delayed 2 second(s)

2018-11-27 17:25:10 - [MESSAGE][PASSED] - Delayed 2 second(s)

2018-11-27 17:25:10 - [TEST_STEP][PASSED] - click: Object: 'Object Repository/Final Object Repo/Page_Update Add New Employee - ASSIST/Search Button for Employer Code' is clicked on

2018-11-27 17:25:10 - [MESSAGE][PASSED] - Object: 'Object Repository/Final Object Repo/Page_Update Add New Employee - ASSIST/Search Button for Employer Code' is clicked on

2018-11-27 17:25:10 - [TEST_STEP][PASSED] - delay: Delayed 4 second(s)

2018-11-27 17:25:14 - [MESSAGE][PASSED] - Delayed 4 second(s)

2018-11-27 17:25:14 - [TEST_STEP][PASSED] - click: Object: 'Object Repository/Final Object Repo/Page_Update Add New Employee - ASSIST/Click to Edit Case' is clicked on

2018-11-27 17:25:16 - [MESSAGE][PASSED] - Object: 'Object Repository/Final Object Repo/Page_Update Add New Employee - ASSIST/Click to Edit Case' is clicked on

2018-11-27 17:25:16 - [TEST_STEP][PASSED] - callTestCase: Call Test Case 'Test Cases/Final Aug 2018 - PKS Automation/Registration Module/Workflow/Update Add New Employee/Template/Employee Adding/Employee Set Decider' successfully

2018-11-27 17:25:16 - [TEST_CASE][PASSED] - Test Cases/Final Aug 2018 - PKS Automation/Registration Module/Workflow/Update Add New Employee/Template/Employee Adding/Employee Set Decider: Test Cases/Final Aug 2018 - PKS Automation/Registration Module/Workflow/Update Add New Employee/Template/Employee Adding/Employee Set Decider

2018-11-27 17:25:16 - [TEST_STEP][PASSED] - delay: Delayed 4 second(s)

2018-11-27 17:25:20 - [MESSAGE][PASSED] - Delayed 4 second(s)

2018-11-27 17:25:20 - [TEST_STEP][PASSED] - click: Object: 'Object Repository/Final Object Repo/Page_Update Add New Employee - ASSIST/Add Employee Button' is clicked on

2018-11-27 17:25:20 - [MESSAGE][PASSED] - Object: 'Object Repository/Final Object Repo/Page_Update Add New Employee - ASSIST/Add Employee Button' is clicked on

2018-11-27 17:25:20 - [TEST_STEP][PASSED] - delay: Delayed 3 second(s)

2018-11-27 17:25:23 - [MESSAGE][PASSED] - Delayed 3 second(s)

2018-11-27 17:25:23 - [TEST_STEP][PASSED] - setText: Text '010903091920' is set on object 'Object Repository/Final Object Repo/Page_Update Add New Employee - ASSIST/NRIC Input'

2018-11-27 17:25:24 - [MESSAGE][PASSED] - Text '010903091920' is set on object 'Object Repository/Final Object Repo/Page_Update Add New Employee - ASSIST/NRIC Input'

2018-11-27 17:25:24 - [TEST_STEP][PASSED] - click: Object: 'Object Repository/Final Object Repo/Page_Update Add New Employee - ASSIST/button for search for IC' is clicked on

2018-11-27 17:25:24 - [MESSAGE][PASSED] - Object: 'Object Repository/Final Object Repo/Page_Update Add New Employee - ASSIST/button for search for IC' is clicked on

2018-11-27 17:25:24 - [TEST_STEP][PASSED] - delay: Delayed 2 second(s)

2018-11-27 17:25:26 - [MESSAGE][PASSED] - Delayed 2 second(s)

2018-11-27 17:25:26 - [TEST_STEP][PASSED] - sendKeys: Keys 'CONTROL + a' sent to object: 'Object Repository/Final Object Repo/Page_Update Add New Employee - ASSIST/Employee Name Input'

2018-11-27 17:25:26 - [MESSAGE][PASSED] - Keys 'CONTROL + a' sent to object: 'Object Repository/Final Object Repo/Page_Update Add New Employee - ASSIST/Employee Name Input'

2018-11-27 17:25:26 - [TEST_STEP][PASSED] - sendKeys: Keys 'CONTROL + c' sent to object: 'Object Repository/Final Object Repo/Page_Update Add New Employee - ASSIST/Employee Name Input'

2018-11-27 17:25:26 - [MESSAGE][PASSED] - Keys 'CONTROL + c' sent to object: 'Object Repository/Final Object Repo/Page_Update Add New Employee - ASSIST/Employee Name Input'

2018-11-27 17:25:26 - [TEST_STEP][PASSED] - Statement - toolkit = java.awt.Toolkit.getDefaultToolkit(): null

2018-11-27 17:25:26 - [TEST_STEP][PASSED] - Statement - clipboard = toolkit.getSystemClipboard(): null

2018-11-27 17:25:26 - [TEST_STEP][PASSED] - Statement - CurrentName = clipboard.getData(stringFlavor): null

2018-11-27 17:25:26 - [TEST_STEP][PASSED] - Statement - out.println("String from Clipboard:" + CurrentName): null

2018-11-27 17:25:26 - [TEST_STEP][PASSED] - Statement - If (CurrentName == "AUTOMATE002 ELIGIBLE 1"): null

2018-11-27 17:25:26 - [TEST_STEP][PASSED] - Statement - Else If (CurrentName == "AUTOMATE003 ELIGIBLE 1"): Call Test Case 'Test Cases/Final Aug 2018 - PKS Automation/Registration Module/Workflow/Update Add New Employee/Template/Employee Adding/Employee Adding Action Repeat IC - set 2' successfully

2018-11-27 17:25:26 - [TEST_STEP][PASSED] - callTestCase: Call Test Case 'Test Cases/Final Aug 2018 - PKS Automation/Registration Module/Workflow/Update Add New Employee/Template/Employee Adding/Employee Adding Action Repeat IC - set 2' successfully

2018-11-27 17:25:26 - [TEST_CASE][PASSED] - Test Cases/Final Aug 2018 - PKS Automation/Registration Module/Workflow/Update Add New Employee/Template/Employee Adding/Employee Adding Action Repeat IC - set 2: Test Cases/Final Aug 2018 - PKS Automation/Registration Module/Workflow/Update Add New Employee/Template/Employee Adding/Employee Adding Action Repeat IC - set 2

2018-11-27 17:25:26 - [TEST_STEP][PASSED] - setText: Text 'Automate002 eligible 1' is set on object 'Object Repository/Final Object Repo/Page_Update Add New Employee - ASSIST/Employee Name Input'

2018-11-27 17:25:27 - [MESSAGE][PASSED] - Text 'Automate002 eligible 1' is set on object 'Object Repository/Final Object Repo/Page_Update Add New Employee - ASSIST/Employee Name Input'

2018-11-27 17:25:27 - [TEST_STEP][PASSED] - delay: Delayed 2 second(s)

2018-11-27 17:25:29 - [MESSAGE][PASSED] - Delayed 2 second(s)

2018-11-27 17:25:29 - [TEST_STEP][PASSED] - click: Object: 'Object Repository/Final Object Repo/Page_Update Add New Employee - ASSIST/DatePicker Pop Up' is clicked on

2018-11-27 17:25:29 - [MESSAGE][PASSED] - Object: 'Object Repository/Final Object Repo/Page_Update Add New Employee - ASSIST/DatePicker Pop Up' is clicked on

2018-11-27 17:25:29 - [TEST_STEP][PASSED] - click: Object: 'Object Repository/Final Object Repo/Page_Update Add New Employee - ASSIST/DOB Month' is clicked on

2018-11-27 17:25:29 - [MESSAGE][PASSED] - Object: 'Object Repository/Final Object Repo/Page_Update Add New Employee - ASSIST/DOB Month' is clicked on

2018-11-27 17:25:29 - [TEST_STEP][PASSED] - Statement - CurrentMonth = CurrentMonth: null

2018-11-27 17:25:29 - [TEST_STEP][PASSED] - Statement - selectMonth = new com.kms.katalon.core.testobject.TestObject(): null

2018-11-27 17:25:29 - [TEST_STEP][PASSED] - Statement - selectMonth.addProperty("xpath", EQUALS, "//body/div/div/div/select/option[@value='" + CurrentMonth + "']", true): null

2018-11-27 17:25:29 - [TEST_STEP][PASSED] - click: Object: '' is clicked on

2018-11-27 17:25:29 - [MESSAGE][PASSED] - Object: '' is clicked on

2018-11-27 17:25:29 - [TEST_STEP][PASSED] - click: Object: 'Object Repository/Final Object Repo/Page_Update Add New Employee - ASSIST/DOB Year' is clicked on

2018-11-27 17:25:29 - [MESSAGE][PASSED] - Object: 'Object Repository/Final Object Repo/Page_Update Add New Employee - ASSIST/DOB Year' is clicked on

2018-11-27 17:25:29 - [TEST_STEP][PASSED] - Statement - Eyearsbf = EighteenYrsBefore: null

2018-11-27 17:25:29 - [TEST_STEP][PASSED] - Statement - selectYear = new com.kms.katalon.core.testobject.TestObject(): null

2018-11-27 17:25:29 - [TEST_STEP][PASSED] - Statement - selectYear.addProperty("xpath", EQUALS, "//div/div/div/select/option[@value='" + Eyearsbf + "']", true): null

2018-11-27 17:25:29 - [TEST_STEP][PASSED] - click: Object: '' is clicked on

2018-11-27 17:25:29 - [MESSAGE][PASSED] - Object: '' is clicked on

2018-11-27 17:25:29 - [TEST_STEP][PASSED] - Statement - UpdatedSelectDate = com.kms.katalon.core.webui.keyword.WebUiBuiltInKeywords.modifyObjectProperty(com.kms.katalon.core.testobject.ObjectRepository.findTestObject(Final Object Repo/Page_Update Add New Employee - ASSIST/DOB Date), "xpath", "equals", "//body/div/table/tbody/tr/td/a[text()="" + CurrentDate + ""]", true): Modify property of object successfully

2018-11-27 17:25:29 - [MESSAGE][PASSED] - Modify property of object successfully

2018-11-27 17:25:29 - [TEST_STEP][PASSED] - delay: Delayed 3 second(s)

2018-11-27 17:25:32 - [MESSAGE][PASSED] - Delayed 3 second(s)

2018-11-27 17:25:32 - [TEST_STEP][PASSED] - click: Object: 'Object Repository/Final Object Repo/Page_Update Add New Employee - ASSIST/DOB Date' is clicked on

2018-11-27 17:25:33 - [MESSAGE][PASSED] - Object: 'Object Repository/Final Object Repo/Page_Update Add New Employee - ASSIST/DOB Date' is clicked on

2018-11-27 17:25:33 - [TEST_STEP][PASSED] - delay: Delayed 2 second(s)

2018-11-27 17:25:35 - [MESSAGE][PASSED] - Delayed 2 second(s)

2018-11-27 17:25:35 - [TEST_STEP][PASSED] - click: Object: 'Object Repository/Final Object Repo/Page_Update Add New Employee - ASSIST/EmploymentStartDate Pop Up' is clicked on

2018-11-27 17:25:35 - [MESSAGE][PASSED] - Object: 'Object Repository/Final Object Repo/Page_Update Add New Employee - ASSIST/EmploymentStartDate Pop Up' is clicked on

2018-11-27 17:25:35 - [TEST_STEP][PASSED] - delay: Delayed 2 second(s)

2018-11-27 17:25:37 - [MESSAGE][PASSED] - Delayed 2 second(s)

2018-11-27 17:25:37 - [TEST_STEP][PASSED] - click: Object: 'Object Repository/Final Object Repo/Page_Update Add New Employee - ASSIST/Socso Employment StartDate Month' is clicked on

2018-11-27 17:25:37 - [MESSAGE][PASSED] - Object: 'Object Repository/Final Object Repo/Page_Update Add New Employee - ASSIST/Socso Employment StartDate Month' is clicked on

2018-11-27 17:25:37 - [TEST_STEP][PASSED] - delay: Delayed 1 second(s)

2018-11-27 17:25:38 - [MESSAGE][PASSED] - Delayed 1 second(s)

2018-11-27 17:25:38 - [TEST_STEP][PASSED] - click: Object: 'Object Repository/Final Object Repo/Page_Update Add New Employee - ASSIST/Select Socso Employement Startdate Month' is clicked on

2018-11-27 17:25:38 - [MESSAGE][PASSED] - Object: 'Object Repository/Final Object Repo/Page_Update Add New Employee - ASSIST/Select Socso Employement Startdate Month' is clicked on

2018-11-27 17:25:38 - [TEST_STEP][PASSED] - delay: Delayed 2 second(s)

2018-11-27 17:25:40 - [MESSAGE][PASSED] - Delayed 2 second(s)

2018-11-27 17:25:40 - [TEST_STEP][PASSED] - click: Object: 'Object Repository/Final Object Repo/Page_Update Add New Employee - ASSIST/Socso Employment StartDate Year' is clicked on

2018-11-27 17:25:40 - [MESSAGE][PASSED] - Object: 'Object Repository/Final Object Repo/Page_Update Add New Employee - ASSIST/Socso Employment StartDate Year' is clicked on

2018-11-27 17:25:40 - [TEST_STEP][PASSED] - delay: Delayed 1 second(s)

2018-11-27 17:25:41 - [MESSAGE][PASSED] - Delayed 1 second(s)

2018-11-27 17:25:41 - [TEST_STEP][PASSED] - click: Object: 'Object Repository/Final Object Repo/Page_Update Add New Employee - ASSIST/Select Socso Employment Startdate Year' is clicked on

2018-11-27 17:25:41 - [MESSAGE][PASSED] - Object: 'Object Repository/Final Object Repo/Page_Update Add New Employee - ASSIST/Select Socso Employment Startdate Year' is clicked on

2018-11-27 17:25:41 - [TEST_STEP][PASSED] - delay: Delayed 2 second(s)

2018-11-27 17:25:43 - [MESSAGE][PASSED] - Delayed 2 second(s)

2018-11-27 17:25:43 - [TEST_STEP][PASSED] - click: Object: 'Object Repository/Final Object Repo/Page_Update Add New Employee - ASSIST/Socso Employment Start Date Day' is clicked on

2018-11-27 17:25:44 - [MESSAGE][PASSED] - Object: 'Object Repository/Final Object Repo/Page_Update Add New Employee - ASSIST/Socso Employment Start Date Day' is clicked on

2018-11-27 17:25:44 - [TEST_STEP][PASSED] - delay: Delayed 2 second(s)

2018-11-27 17:25:46 - [MESSAGE][PASSED] - Delayed 2 second(s)

2018-11-27 17:25:46 - [TEST_STEP][PASSED] - click: Object: 'Object Repository/Final Object Repo/Page_Update Add New Employee - ASSIST/Save Button for Add Employee' is clicked on

2018-11-27 17:25:46 - [MESSAGE][PASSED] - Object: 'Object Repository/Final Object Repo/Page_Update Add New Employee - ASSIST/Save Button for Add Employee' is clicked on

2018-11-27 17:25:46 - [TEST_STEP][PASSED] - delay: Delayed 10 second(s)

2018-11-27 17:25:56 - [MESSAGE][PASSED] - Delayed 10 second(s)

2018-11-27 17:25:56 - [TEST_STEP][PASSED] - click: Object: 'Object Repository/Final Object Repo/Page_Update Add New Employee - ASSIST/Add Employee Button' is clicked on

2018-11-27 17:25:56 - [MESSAGE][PASSED] - Object: 'Object Repository/Final Object Repo/Page_Update Add New Employee - ASSIST/Add Employee Button' is clicked on

2018-11-27 17:25:56 - [TEST_STEP][PASSED] - delay: Delayed 6 second(s)

2018-11-27 17:26:02 - [MESSAGE][PASSED] - Delayed 6 second(s)

2018-11-27 17:26:02 - [TEST_STEP][PASSED] - setText: Text '620904059600' is set on object 'Object Repository/Final Object Repo/Page_Update Add New Employee - ASSIST/NRIC Input'

2018-11-27 17:26:02 - [MESSAGE][PASSED] - Text '620904059600' is set on object 'Object Repository/Final Object Repo/Page_Update Add New Employee - ASSIST/NRIC Input'

2018-11-27 17:26:02 - [TEST_STEP][PASSED] - click: Object: 'Object Repository/Final Object Repo/Page_Update Add New Employee - ASSIST/button for search for IC' is clicked on

2018-11-27 17:26:03 - [MESSAGE][PASSED] - Object: 'Object Repository/Final Object Repo/Page_Update Add New Employee - ASSIST/button for search for IC' is clicked on

2018-11-27 17:26:03 - [TEST_STEP][PASSED] - delay: Delayed 2 second(s)

2018-11-27 17:26:05 - [MESSAGE][PASSED] - Delayed 2 second(s)

2018-11-27 17:26:05 - [TEST_STEP][PASSED] - setText: Text 'Automate002 eligible 2' is set on object 'Object Repository/Final Object Repo/Page_Update Add New Employee - ASSIST/Employee Name Input'

2018-11-27 17:26:05 - [MESSAGE][PASSED] - Text 'Automate002 eligible 2' is set on object 'Object Repository/Final Object Repo/Page_Update Add New Employee - ASSIST/Employee Name Input'

2018-11-27 17:26:05 - [TEST_STEP][PASSED] - delay: Delayed 2 second(s)

2018-11-27 17:26:07 - [MESSAGE][PASSED] - Delayed 2 second(s)

2018-11-27 17:26:07 - [TEST_STEP][PASSED] - click: Object: 'Object Repository/Final Object Repo/Page_Update Add New Employee - ASSIST/DatePicker Pop Up' is clicked on

2018-11-27 17:26:07 - [MESSAGE][PASSED] - Object: 'Object Repository/Final Object Repo/Page_Update Add New Employee - ASSIST/DatePicker Pop Up' is clicked on

2018-11-27 17:26:07 - [TEST_STEP][PASSED] - delay: Delayed 2 second(s)

2018-11-27 17:26:09 - [MESSAGE][PASSED] - Delayed 2 second(s)

2018-11-27 17:26:09 - [TEST_STEP][PASSED] - click: Object: 'Object Repository/Final Object Repo/Page_Update Add New Employee - ASSIST/DOB Month' is clicked on

2018-11-27 17:26:09 - [MESSAGE][PASSED] - Object: 'Object Repository/Final Object Repo/Page_Update Add New Employee - ASSIST/DOB Month' is clicked on

2018-11-27 17:26:09 - [TEST_STEP][PASSED] - Statement - selectMonth = com.kms.katalon.core.webui.keyword.WebUiBuiltInKeywords.modifyObjectProperty(selectMonth, "xpath", "equals", "//body/div/div/div/select/option[@value="" + CurrentMonth + ""]", true): Modify property of object successfully

2018-11-27 17:26:09 - [MESSAGE][PASSED] - Modify property of object successfully

2018-11-27 17:26:09 - [TEST_STEP][PASSED] - click: Object: '' is clicked on

2018-11-27 17:26:10 - [MESSAGE][PASSED] - Object: '' is clicked on

2018-11-27 17:26:10 - [TEST_STEP][PASSED] - click: Object: 'Object Repository/Final Object Repo/Page_Update Add New Employee - ASSIST/DOB Year' is clicked on

2018-11-27 17:26:10 - [MESSAGE][PASSED] - Object: 'Object Repository/Final Object Repo/Page_Update Add New Employee - ASSIST/DOB Year' is clicked on

2018-11-27 17:26:10 - [TEST_STEP][PASSED] - Statement - selectYear = com.kms.katalon.core.webui.keyword.WebUiBuiltInKeywords.modifyObjectProperty(selectYear, "xpath", "equals", "//div/div/div/select/option[@value="" + FiftysevenYrsBefore + ""]", true): Modify property of object successfully

2018-11-27 17:26:10 - [MESSAGE][PASSED] - Modify property of object successfully

2018-11-27 17:26:10 - [TEST_STEP][PASSED] - click: Object: '' is clicked on

2018-11-27 17:26:10 - [MESSAGE][PASSED] - Object: '' is clicked on

2018-11-27 17:26:10 - [TEST_STEP][PASSED] - Statement - UpdatedSelectDate = com.kms.katalon.core.webui.keyword.WebUiBuiltInKeywords.modifyObjectProperty(com.kms.katalon.core.testobject.ObjectRepository.findTestObject(Final Object Repo/Page_Update Add New Employee - ASSIST/DOB Date), "xpath", "equals", "//body/div/table/tbody/tr/td/a[text()="" + OneDayBefore + ""]", true): Modify property of object successfully

2018-11-27 17:26:10 - [MESSAGE][PASSED] - Modify property of object successfully

2018-11-27 17:26:10 - [TEST_STEP][PASSED] - click: Object: 'Object Repository/Final Object Repo/Page_Update Add New Employee - ASSIST/DOB Date' is clicked on

2018-11-27 17:26:10 - [MESSAGE][PASSED] - Object: 'Object Repository/Final Object Repo/Page_Update Add New Employee - ASSIST/DOB Date' is clicked on

2018-11-27 17:26:10 - [TEST_STEP][PASSED] - delay: Delayed 2 second(s)

2018-11-27 17:26:12 - [MESSAGE][PASSED] - Delayed 2 second(s)

2018-11-27 17:26:12 - [TEST_STEP][PASSED] - click: Object: 'Object Repository/Final Object Repo/Page_Update Add New Employee - ASSIST/EmploymentStartDate Pop Up' is clicked on

2018-11-27 17:26:12 - [MESSAGE][PASSED] - Object: 'Object Repository/Final Object Repo/Page_Update Add New Employee - ASSIST/EmploymentStartDate Pop Up' is clicked on

2018-11-27 17:26:12 - [TEST_STEP][PASSED] - delay: Delayed 2 second(s)

2018-11-27 17:26:14 - [MESSAGE][PASSED] - Delayed 2 second(s)

2018-11-27 17:26:14 - [TEST_STEP][PASSED] - click: Object: 'Object Repository/Final Object Repo/Page_Update Add New Employee - ASSIST/Socso Employment StartDate Month' is clicked on

2018-11-27 17:26:14 - [MESSAGE][PASSED] - Object: 'Object Repository/Final Object Repo/Page_Update Add New Employee - ASSIST/Socso Employment StartDate Month' is clicked on

2018-11-27 17:26:14 - [TEST_STEP][PASSED] - delay: Delayed 1 second(s)

2018-11-27 17:26:15 - [MESSAGE][PASSED] - Delayed 1 second(s)

2018-11-27 17:26:15 - [TEST_STEP][PASSED] - click: Object: 'Object Repository/Final Object Repo/Page_Update Add New Employee - ASSIST/Select Socso Employement Startdate Month' is clicked on

2018-11-27 17:26:16 - [MESSAGE][PASSED] - Object: 'Object Repository/Final Object Repo/Page_Update Add New Employee - ASSIST/Select Socso Employement Startdate Month' is clicked on

2018-11-27 17:26:16 - [TEST_STEP][PASSED] - delay: Delayed 2 second(s)

2018-11-27 17:26:18 - [MESSAGE][PASSED] - Delayed 2 second(s)

2018-11-27 17:26:18 - [TEST_STEP][PASSED] - click: Object: 'Object Repository/Final Object Repo/Page_Update Add New Employee - ASSIST/Socso Employment StartDate Year' is clicked on

2018-11-27 17:26:18 - [MESSAGE][PASSED] - Object: 'Object Repository/Final Object Repo/Page_Update Add New Employee - ASSIST/Socso Employment StartDate Year' is clicked on

2018-11-27 17:26:18 - [TEST_STEP][PASSED] - delay: Delayed 1 second(s)

2018-11-27 17:26:19 - [MESSAGE][PASSED] - Delayed 1 second(s)

2018-11-27 17:26:19 - [TEST_STEP][PASSED] - click: Object: 'Object Repository/Final Object Repo/Page_Update Add New Employee - ASSIST/Select Socso Employment Startdate Year' is clicked on

2018-11-27 17:26:19 - [MESSAGE][PASSED] - Object: 'Object Repository/Final Object Repo/Page_Update Add New Employee - ASSIST/Select Socso Employment Startdate Year' is clicked on

2018-11-27 17:26:19 - [TEST_STEP][PASSED] - delay: Delayed 2 second(s)

2018-11-27 17:26:21 - [MESSAGE][PASSED] - Delayed 2 second(s)

2018-11-27 17:26:21 - [TEST_STEP][PASSED] - click: Object: 'Object Repository/Final Object Repo/Page_Update Add New Employee - ASSIST/Socso Employment Start Date Day' is clicked on

2018-11-27 17:26:21 - [MESSAGE][PASSED] - Object: 'Object Repository/Final Object Repo/Page_Update Add New Employee - ASSIST/Socso Employment Start Date Day' is clicked on

2018-11-27 17:26:21 - [TEST_STEP][PASSED] - delay: Delayed 2 second(s)

2018-11-27 17:26:23 - [MESSAGE][PASSED] - Delayed 2 second(s)

2018-11-27 17:26:23 - [TEST_STEP][PASSED] - click: Object: 'Object Repository/Final Object Repo/Page_Update Add New Employee - ASSIST/Save Button for Add Employee' is clicked on

2018-11-27 17:26:23 - [MESSAGE][PASSED] - Object: 'Object Repository/Final Object Repo/Page_Update Add New Employee - ASSIST/Save Button for Add Employee' is clicked on

2018-11-27 17:26:23 - [TEST_STEP][PASSED] - delay: Delayed 5 second(s)

2018-11-27 17:26:28 - [MESSAGE][PASSED] - Delayed 5 second(s)

2018-11-27 17:26:28 - [TEST_STEP][PASSED] - waitForElementClickable: Object 'Object Repository/Final Object Repo/Page_Update Add New Employee - ASSIST/Add Employee Button' is clickable

2018-11-27 17:26:28 - [MESSAGE][PASSED] - Object 'Object Repository/Final Object Repo/Page_Update Add New Employee - ASSIST/Add Employee Button' is clickable

2018-11-27 17:26:28 - [TEST_STEP][PASSED] - click: Object: 'Object Repository/Final Object Repo/Page_Update Add New Employee - ASSIST/Add Employee Button' is clicked on

2018-11-27 17:26:29 - [MESSAGE][PASSED] - Object: 'Object Repository/Final Object Repo/Page_Update Add New Employee - ASSIST/Add Employee Button' is clicked on

2018-11-27 17:26:29 - [TEST_STEP][PASSED] - delay: Delayed 4 second(s)

2018-11-27 17:26:33 - [MESSAGE][PASSED] - Delayed 4 second(s)

2018-11-27 17:26:33 - [TEST_STEP][PASSED] - setText: Text '000209039100' is set on object 'Object Repository/Final Object Repo/Page_Update Add New Employee - ASSIST/NRIC Input'

2018-11-27 17:26:33 - [MESSAGE][PASSED] - Text '000209039100' is set on object 'Object Repository/Final Object Repo/Page_Update Add New Employee - ASSIST/NRIC Input'

2018-11-27 17:26:33 - [TEST_STEP][PASSED] - click: Object: 'Object Repository/Final Object Repo/Page_Update Add New Employee - ASSIST/button for search for IC' is clicked on

2018-11-27 17:26:33 - [MESSAGE][PASSED] - Object: 'Object Repository/Final Object Repo/Page_Update Add New Employee - ASSIST/button for search for IC' is clicked on

2018-11-27 17:26:33 - [TEST_STEP][PASSED] - delay: Delayed 2 second(s)

2018-11-27 17:26:35 - [MESSAGE][PASSED] - Delayed 2 second(s)

2018-11-27 17:26:35 - [TEST_STEP][PASSED] - setText: Text 'Automate002 not eligible 1' is set on object 'Object Repository/Final Object Repo/Page_Update Add New Employee - ASSIST/Employee Name Input'

2018-11-27 17:26:36 - [MESSAGE][PASSED] - Text 'Automate002 not eligible 1' is set on object 'Object Repository/Final Object Repo/Page_Update Add New Employee - ASSIST/Employee Name Input'

2018-11-27 17:26:36 - [TEST_STEP][PASSED] - delay: Delayed 2 second(s)

2018-11-27 17:26:38 - [MESSAGE][PASSED] - Delayed 2 second(s)

2018-11-27 17:26:38 - [TEST_STEP][PASSED] - click: Object: 'Object Repository/Final Object Repo/Page_Update Add New Employee - ASSIST/DatePicker Pop Up' is clicked on

2018-11-27 17:26:38 - [MESSAGE][PASSED] - Object: 'Object Repository/Final Object Repo/Page_Update Add New Employee - ASSIST/DatePicker Pop Up' is clicked on

2018-11-27 17:26:38 - [TEST_STEP][PASSED] - delay: Delayed 2 second(s)

2018-11-27 17:26:40 - [MESSAGE][PASSED] - Delayed 2 second(s)

2018-11-27 17:26:40 - [TEST_STEP][PASSED] - click: Object: 'Object Repository/Final Object Repo/Page_Update Add New Employee - ASSIST/DOB Month' is clicked on

2018-11-27 17:26:40 - [MESSAGE][PASSED] - Object: 'Object Repository/Final Object Repo/Page_Update Add New Employee - ASSIST/DOB Month' is clicked on

2018-11-27 17:26:40 - [TEST_STEP][PASSED] - Statement - selectMonth = com.kms.katalon.core.webui.keyword.WebUiBuiltInKeywords.modifyObjectProperty(selectMonth, "xpath", "equals", "//body/div/div/div/select/option[@value="" + CurrentMonth + ""]", true): Modify property of object successfully

2018-11-27 17:26:40 - [MESSAGE][PASSED] - Modify property of object successfully

2018-11-27 17:26:40 - [TEST_STEP][PASSED] - click: Object: '' is clicked on

2018-11-27 17:26:40 - [MESSAGE][PASSED] - Object: '' is clicked on

2018-11-27 17:26:40 - [TEST_STEP][PASSED] - click: Object: 'Object Repository/Final Object Repo/Page_Update Add New Employee - ASSIST/DOB Year' is clicked on

2018-11-27 17:26:40 - [MESSAGE][PASSED] - Object: 'Object Repository/Final Object Repo/Page_Update Add New Employee - ASSIST/DOB Year' is clicked on

2018-11-27 17:26:40 - [TEST_STEP][PASSED] - Statement - selectYear = com.kms.katalon.core.webui.keyword.WebUiBuiltInKeywords.modifyObjectProperty(selectYear, "xpath", "equals", "//div/div/div/select/option[@value="" + EighteenYrsBefore + ""]", true): Modify property of object successfully

2018-11-27 17:26:40 - [MESSAGE][PASSED] - Modify property of object successfully

2018-11-27 17:26:40 - [TEST_STEP][PASSED] - click: Object: '' is clicked on

2018-11-27 17:26:41 - [MESSAGE][PASSED] - Object: '' is clicked on

2018-11-27 17:26:41 - [TEST_STEP][PASSED] - Statement - UpdatedSelectDate = com.kms.katalon.core.webui.keyword.WebUiBuiltInKeywords.modifyObjectProperty(com.kms.katalon.core.testobject.ObjectRepository.findTestObject(Final Object Repo/Page_Update Add New Employee - ASSIST/DOB Date), "xpath", "equals", "//body/div/table/tbody/tr/td/a[text()="" + OneDayBefore + ""]", true): Modify property of object successfully

2018-11-27 17:26:41 - [MESSAGE][PASSED] - Modify property of object successfully

2018-11-27 17:26:41 - [TEST_STEP][PASSED] - click: Object: 'Object Repository/Final Object Repo/Page_Update Add New Employee - ASSIST/DOB Date' is clicked on

2018-11-27 17:26:41 - [MESSAGE][PASSED] - Object: 'Object Repository/Final Object Repo/Page_Update Add New Employee - ASSIST/DOB Date' is clicked on

2018-11-27 17:26:41 - [TEST_STEP][PASSED] - delay: Delayed 2 second(s)

2018-11-27 17:26:43 - [MESSAGE][PASSED] - Delayed 2 second(s)

2018-11-27 17:26:43 - [TEST_STEP][PASSED] - click: Object: 'Object Repository/Final Object Repo/Page_Update Add New Employee - ASSIST/EmploymentStartDate Pop Up' is clicked on

2018-11-27 17:26:43 - [MESSAGE][PASSED] - Object: 'Object Repository/Final Object Repo/Page_Update Add New Employee - ASSIST/EmploymentStartDate Pop Up' is clicked on

2018-11-27 17:26:43 - [TEST_STEP][PASSED] - delay: Delayed 2 second(s)

2018-11-27 17:26:45 - [MESSAGE][PASSED] - Delayed 2 second(s)

2018-11-27 17:26:45 - [TEST_STEP][PASSED] - click: Object: 'Object Repository/Final Object Repo/Page_Update Add New Employee - ASSIST/Socso Employment StartDate Month' is clicked on

2018-11-27 17:26:45 - [MESSAGE][PASSED] - Object: 'Object Repository/Final Object Repo/Page_Update Add New Employee - ASSIST/Socso Employment StartDate Month' is clicked on

2018-11-27 17:26:45 - [TEST_STEP][PASSED] - delay: Delayed 1 second(s)

2018-11-27 17:26:46 - [MESSAGE][PASSED] - Delayed 1 second(s)

2018-11-27 17:26:46 - [TEST_STEP][PASSED] - click: Object: 'Object Repository/Final Object Repo/Page_Update Add New Employee - ASSIST/Select Socso Employement Startdate Month' is clicked on

2018-11-27 17:26:46 - [MESSAGE][PASSED] - Object: 'Object Repository/Final Object Repo/Page_Update Add New Employee - ASSIST/Select Socso Employement Startdate Month' is clicked on

2018-11-27 17:26:46 - [TEST_STEP][PASSED] - delay: Delayed 2 second(s)

2018-11-27 17:26:48 - [MESSAGE][PASSED] - Delayed 2 second(s)

2018-11-27 17:26:48 - [TEST_STEP][PASSED] - click: Object: 'Object Repository/Final Object Repo/Page_Update Add New Employee - ASSIST/Socso Employment StartDate Year' is clicked on

2018-11-27 17:26:48 - [MESSAGE][PASSED] - Object: 'Object Repository/Final Object Repo/Page_Update Add New Employee - ASSIST/Socso Employment StartDate Year' is clicked on

2018-11-27 17:26:48 - [TEST_STEP][PASSED] - delay: Delayed 1 second(s)

2018-11-27 17:26:49 - [MESSAGE][PASSED] - Delayed 1 second(s)

2018-11-27 17:26:49 - [TEST_STEP][PASSED] - click: Object: 'Object Repository/Final Object Repo/Page_Update Add New Employee - ASSIST/Select Socso Employment Startdate Year' is clicked on

2018-11-27 17:26:49 - [MESSAGE][PASSED] - Object: 'Object Repository/Final Object Repo/Page_Update Add New Employee - ASSIST/Select Socso Employment Startdate Year' is clicked on

2018-11-27 17:26:49 - [TEST_STEP][PASSED] - delay: Delayed 2 second(s)

2018-11-27 17:26:51 - [MESSAGE][PASSED] - Delayed 2 second(s)

2018-11-27 17:26:51 - [TEST_STEP][PASSED] - click: Object: 'Object Repository/Final Object Repo/Page_Update Add New Employee - ASSIST/Socso Employment Start Date Day' is clicked on

2018-11-27 17:26:52 - [MESSAGE][PASSED] - Object: 'Object Repository/Final Object Repo/Page_Update Add New Employee - ASSIST/Socso Employment Start Date Day' is clicked on

2018-11-27 17:26:52 - [TEST_STEP][PASSED] - delay: Delayed 2 second(s)

2018-11-27 17:26:54 - [MESSAGE][PASSED] - Delayed 2 second(s)

2018-11-27 17:26:54 - [TEST_STEP][PASSED] - click: Object: 'Object Repository/Final Object Repo/Page_Update Add New Employee - ASSIST/Save Button for Add Employee' is clicked on

2018-11-27 17:26:54 - [MESSAGE][PASSED] - Object: 'Object Repository/Final Object Repo/Page_Update Add New Employee - ASSIST/Save Button for Add Employee' is clicked on

2018-11-27 17:26:54 - [TEST_STEP][PASSED] - delay: Delayed 20 second(s)

2018-11-27 17:27:14 - [MESSAGE][PASSED] - Delayed 20 second(s)

2018-11-27 17:27:14 - [TEST_STEP][PASSED] - click: Object: 'Object Repository/Final Object Repo/Page_Update Add New Employee - ASSIST/Add Employee Button' is clicked on

2018-11-27 17:27:14 - [MESSAGE][PASSED] - Object: 'Object Repository/Final Object Repo/Page_Update Add New Employee - ASSIST/Add Employee Button' is clicked on

2018-11-27 17:27:14 - [TEST_STEP][PASSED] - delay: Delayed 4 second(s)

2018-11-27 17:27:18 - [MESSAGE][PASSED] - Delayed 4 second(s)

2018-11-27 17:27:18 - [TEST_STEP][PASSED] - setText: Text '600203039104' is set on object 'Object Repository/Final Object Repo/Page_Update Add New Employee - ASSIST/NRIC Input'

2018-11-27 17:27:18 - [MESSAGE][PASSED] - Text '600203039104' is set on object 'Object Repository/Final Object Repo/Page_Update Add New Employee - ASSIST/NRIC Input'

2018-11-27 17:27:18 - [TEST_STEP][PASSED] - click: Object: 'Object Repository/Final Object Repo/Page_Update Add New Employee - ASSIST/button for search for IC' is clicked on

2018-11-27 17:27:19 - [MESSAGE][PASSED] - Object: 'Object Repository/Final Object Repo/Page_Update Add New Employee - ASSIST/button for search for IC' is clicked on

2018-11-27 17:27:19 - [TEST_STEP][PASSED] - delay: Delayed 2 second(s)

2018-11-27 17:27:21 - [MESSAGE][PASSED] - Delayed 2 second(s)

2018-11-27 17:27:21 - [TEST_STEP][PASSED] - setText: Text 'Automate002 not eligible 2' is set on object 'Object Repository/Final Object Repo/Page_Update Add New Employee - ASSIST/Employee Name Input'

2018-11-27 17:27:21 - [MESSAGE][PASSED] - Text 'Automate002 not eligible 2' is set on object 'Object Repository/Final Object Repo/Page_Update Add New Employee - ASSIST/Employee Name Input'

2018-11-27 17:27:21 - [TEST_STEP][PASSED] - delay: Delayed 2 second(s)

2018-11-27 17:27:23 - [MESSAGE][PASSED] - Delayed 2 second(s)

2018-11-27 17:27:23 - [TEST_STEP][PASSED] - click: Object: 'Object Repository/Final Object Repo/Page_Update Add New Employee - ASSIST/DatePicker Pop Up' is clicked on

2018-11-27 17:27:23 - [MESSAGE][PASSED] - Object: 'Object Repository/Final Object Repo/Page_Update Add New Employee - ASSIST/DatePicker Pop Up' is clicked on

2018-11-27 17:27:23 - [TEST_STEP][PASSED] - delay: Delayed 2 second(s)

2018-11-27 17:27:25 - [MESSAGE][PASSED] - Delayed 2 second(s)

2018-11-27 17:27:25 - [TEST_STEP][PASSED] - click: Object: 'Object Repository/Final Object Repo/Page_Update Add New Employee - ASSIST/DOB Month' is clicked on

2018-11-27 17:27:26 - [MESSAGE][PASSED] - Object: 'Object Repository/Final Object Repo/Page_Update Add New Employee - ASSIST/DOB Month' is clicked on

2018-11-27 17:27:26 - [TEST_STEP][PASSED] - Statement - selectMonth = com.kms.katalon.core.webui.keyword.WebUiBuiltInKeywords.modifyObjectProperty(selectMonth, "xpath", "equals", "//body/div/div/div/select/option[@value="" + CurrentMonth + ""]", true): Modify property of object successfully

2018-11-27 17:27:26 - [MESSAGE][PASSED] - Modify property of object successfully

2018-11-27 17:27:26 - [TEST_STEP][PASSED] - click: Object: '' is clicked on

2018-11-27 17:27:26 - [MESSAGE][PASSED] - Object: '' is clicked on

2018-11-27 17:27:26 - [TEST_STEP][PASSED] - click: Object: 'Object Repository/Final Object Repo/Page_Update Add New Employee - ASSIST/DOB Year' is clicked on

2018-11-27 17:27:26 - [MESSAGE][PASSED] - Object: 'Object Repository/Final Object Repo/Page_Update Add New Employee - ASSIST/DOB Year' is clicked on

2018-11-27 17:27:26 - [TEST_STEP][PASSED] - Statement - selectYear = com.kms.katalon.core.webui.keyword.WebUiBuiltInKeywords.modifyObjectProperty(selectYear, "xpath", "equals", "//div/div/div/select/option[@value="" + FiftysevenYrsBefore + ""]", true): Modify property of object successfully

2018-11-27 17:27:26 - [MESSAGE][PASSED] - Modify property of object successfully

2018-11-27 17:27:26 - [TEST_STEP][PASSED] - click: Object: '' is clicked on

2018-11-27 17:27:26 - [MESSAGE][PASSED] - Object: '' is clicked on

2018-11-27 17:27:26 - [TEST_STEP][PASSED] - Statement - UpdatedSelectDate = com.kms.katalon.core.webui.keyword.WebUiBuiltInKeywords.modifyObjectProperty(com.kms.katalon.core.testobject.ObjectRepository.findTestObject(Final Object Repo/Page_Update Add New Employee - ASSIST/DOB Date), "xpath", "equals", "//body/div/table/tbody/tr/td/a[text()="" + CurrentDate + ""]", true): Modify property of object successfully

2018-11-27 17:27:26 - [MESSAGE][PASSED] - Modify property of object successfully

2018-11-27 17:27:26 - [TEST_STEP][PASSED] - click: Object: 'Object Repository/Final Object Repo/Page_Update Add New Employee - ASSIST/DOB Date' is clicked on

2018-11-27 17:27:26 - [MESSAGE][PASSED] - Object: 'Object Repository/Final Object Repo/Page_Update Add New Employee - ASSIST/DOB Date' is clicked on

2018-11-27 17:27:26 - [TEST_STEP][PASSED] - click: Object: 'Object Repository/Final Object Repo/Page_Update Add New Employee - ASSIST/EmploymentStartDate Pop Up' is clicked on

2018-11-27 17:27:26 - [MESSAGE][PASSED] - Object: 'Object Repository/Final Object Repo/Page_Update Add New Employee - ASSIST/EmploymentStartDate Pop Up' is clicked on

2018-11-27 17:27:26 - [TEST_STEP][PASSED] - delay: Delayed 2 second(s)

2018-11-27 17:27:28 - [MESSAGE][PASSED] - Delayed 2 second(s)

2018-11-27 17:27:28 - [TEST_STEP][PASSED] - click: Object: 'Object Repository/Final Object Repo/Page_Update Add New Employee - ASSIST/Socso Employment StartDate Month' is clicked on

2018-11-27 17:27:29 - [MESSAGE][PASSED] - Object: 'Object Repository/Final Object Repo/Page_Update Add New Employee - ASSIST/Socso Employment StartDate Month' is clicked on

2018-11-27 17:27:29 - [TEST_STEP][PASSED] - delay: Delayed 1 second(s)

2018-11-27 17:27:30 - [MESSAGE][PASSED] - Delayed 1 second(s)

2018-11-27 17:27:30 - [TEST_STEP][PASSED] - click: Object: 'Object Repository/Final Object Repo/Page_Update Add New Employee - ASSIST/Select Socso Employement Startdate Month' is clicked on

2018-11-27 17:27:30 - [MESSAGE][PASSED] - Object: 'Object Repository/Final Object Repo/Page_Update Add New Employee - ASSIST/Select Socso Employement Startdate Month' is clicked on

2018-11-27 17:27:30 - [TEST_STEP][PASSED] - delay: Delayed 2 second(s)

2018-11-27 17:27:32 - [MESSAGE][PASSED] - Delayed 2 second(s)

2018-11-27 17:27:32 - [TEST_STEP][PASSED] - click: Object: 'Object Repository/Final Object Repo/Page_Update Add New Employee - ASSIST/Socso Employment StartDate Year' is clicked on

2018-11-27 17:27:32 - [MESSAGE][PASSED] - Object: 'Object Repository/Final Object Repo/Page_Update Add New Employee - ASSIST/Socso Employment StartDate Year' is clicked on

2018-11-27 17:27:32 - [TEST_STEP][PASSED] - delay: Delayed 1 second(s)

2018-11-27 17:27:33 - [MESSAGE][PASSED] - Delayed 1 second(s)

2018-11-27 17:27:33 - [TEST_STEP][PASSED] - click: Object: 'Object Repository/Final Object Repo/Page_Update Add New Employee - ASSIST/Select Socso Employment Startdate Year' is clicked on

2018-11-27 17:27:33 - [MESSAGE][PASSED] - Object: 'Object Repository/Final Object Repo/Page_Update Add New Employee - ASSIST/Select Socso Employment Startdate Year' is clicked on

2018-11-27 17:27:33 - [TEST_STEP][PASSED] - delay: Delayed 2 second(s)

2018-11-27 17:27:35 - [MESSAGE][PASSED] - Delayed 2 second(s)

2018-11-27 17:27:35 - [TEST_STEP][PASSED] - click: Object: 'Object Repository/Final Object Repo/Page_Update Add New Employee - ASSIST/Socso Employment Start Date Day' is clicked on

2018-11-27 17:27:35 - [MESSAGE][PASSED] - Object: 'Object Repository/Final Object Repo/Page_Update Add New Employee - ASSIST/Socso Employment Start Date Day' is clicked on

2018-11-27 17:27:35 - [TEST_STEP][PASSED] - delay: Delayed 2 second(s)

2018-11-27 17:27:37 - [MESSAGE][PASSED] - Delayed 2 second(s)

2018-11-27 17:27:37 - [TEST_STEP][PASSED] - click: Object: 'Object Repository/Final Object Repo/Page_Update Add New Employee - ASSIST/Save Button for Add Employee' is clicked on

2018-11-27 17:27:37 - [MESSAGE][PASSED] - Object: 'Object Repository/Final Object Repo/Page_Update Add New Employee - ASSIST/Save Button for Add Employee' is clicked on

2018-11-27 17:27:37 - [MESSAGE][PASSED] - Call Test Case 'Test Cases/Final Aug 2018 - PKS Automation/Registration Module/Workflow/Update Add New Employee/Template/Employee Adding/Employee Adding Action Repeat IC - set 2' successfully

2018-11-27 17:27:37 - [MESSAGE][PASSED] - Call Test Case 'Test Cases/Final Aug 2018 - PKS Automation/Registration Module/Workflow/Update Add New Employee/Template/Employee Adding/Employee Set Decider' successfully

2018-11-27 17:27:37 - [TEST_STEP][PASSED] - delay: Delayed 4 second(s)

2018-11-27 17:27:41 - [MESSAGE][PASSED] - Delayed 4 second(s)

2018-11-27 17:27:41 - [TEST_STEP][PASSED] - Statement - CaseReferenceNo = com.kms.katalon.core.webui.keyword.WebUiBuiltInKeywords.getText(com.kms.katalon.core.testobject.ObjectRepository.findTestObject(Final Object Repo/Page_Update Add New Employee - ASSIST/RefNo)): Text of object 'Object Repository/Final Object Repo/Page_Update Add New Employee - ASSIST/RefNo' is: 'CAN11201800002207'

2018-11-27 17:27:41 - [MESSAGE][PASSED] - Text of object 'Object Repository/Final Object Repo/Page_Update Add New Employee - ASSIST/RefNo' is: 'CAN11201800002207'

2018-11-27 17:27:41 - [TEST_STEP][PASSED] - callTestCase: Call Test Case 'Test Cases/Final Aug 2018 - PKS Automation/Common/Reference Number Setter' successfully

2018-11-27 17:27:42 - [TEST_CASE][PASSED] - Test Cases/Final Aug 2018 - PKS Automation/Common/Reference Number Setter: Test Cases/Final Aug 2018 - PKS Automation/Common/Reference Number Setter

2018-11-27 17:27:42 - [TEST_STEP][PASSED] - Statement - RefNoOldFile = new java.io.File(C://Users//Admin//Desktop//PKS//Automation Reference Point//KatalonReference.txt): null

2018-11-27 17:27:42 - [TEST_STEP][PASSED] - Statement - RefNoOldFile.delete(): null

2018-11-27 17:27:42 - [TEST_STEP][PASSED] - delay: Delayed 5 second(s)

2018-11-27 17:27:47 - [MESSAGE][PASSED] - Delayed 5 second(s)

2018-11-27 17:27:47 - [TEST_STEP][PASSED] - Statement - RefNo = new java.io.File(C://Users//Admin//Desktop//PKS//Automation Reference Point//KatalonReference.txt): null

2018-11-27 17:27:47 - [TEST_STEP][PASSED] - Statement - f2 = new java.io.FileWriter(RefNo, false): null

2018-11-27 17:27:47 - [TEST_STEP][PASSED] - Statement - f2.write(CaseReferenceNo): null

2018-11-27 17:27:47 - [TEST_STEP][PASSED] - Statement - f2.close(): null

2018-11-27 17:27:47 - [TEST_STEP][PASSED] - Statement - out.println("


" + CaseReferenceNo + "


"): null

2018-11-27 17:27:47 - [MESSAGE][PASSED] - Call Test Case 'Test Cases/Final Aug 2018 - PKS Automation/Common/Reference Number Setter' successfully

2018-11-27 17:27:47 - [TEST_STEP][PASSED] - delay: Delayed 5 second(s)

2018-11-27 17:27:52 - [MESSAGE][PASSED] - Delayed 5 second(s)

2018-11-27 17:27:52 - [TEST_STEP][PASSED] - click: Object: 'Object Repository/Final Object Repo/Page_Update Add New Employee - ASSIST/Save  Continue Button' is clicked on

2018-11-27 17:27:52 - [MESSAGE][PASSED] - Object: 'Object Repository/Final Object Repo/Page_Update Add New Employee - ASSIST/Save  Continue Button' is clicked on

2018-11-27 17:27:52 - [TEST_STEP][PASSED] - delay: Delayed 4 second(s)

2018-11-27 17:27:56 - [MESSAGE][PASSED] - Delayed 4 second(s)

2018-11-27 17:27:56 - [TEST_STEP][PASSED] - click: Object: 'Object Repository/Final Object Repo/Page_Update Add New Employee - ASSIST/Save  Continue Third Screen' is clicked on

2018-11-27 17:27:59 - [MESSAGE][PASSED] - Object: 'Object Repository/Final Object Repo/Page_Update Add New Employee - ASSIST/Save  Continue Third Screen' is clicked on

2018-11-27 17:27:59 - [TEST_STEP][PASSED] - delay: Delayed 4 second(s)

2018-11-27 17:28:03 - [MESSAGE][PASSED] - Delayed 4 second(s)

2018-11-27 17:28:03 - [TEST_STEP][PASSED] - click: Object: 'Object Repository/Final Object Repo/Page_Update Add New Employee - ASSIST/Save   Continue Supporting Doc Page' is clicked on

2018-11-27 17:28:03 - [MESSAGE][PASSED] - Object: 'Object Repository/Final Object Repo/Page_Update Add New Employee - ASSIST/Save   Continue Supporting Doc Page' is clicked on

2018-11-27 17:28:03 - [TEST_STEP][PASSED] - delay: Delayed 4 second(s)

2018-11-27 17:28:07 - [MESSAGE][PASSED] - Delayed 4 second(s)

2018-11-27 17:28:07 - [TEST_STEP][PASSED] - click: Object: 'Object Repository/Final Object Repo/Page_Update Add New Employee - ASSIST/Submit Button' is clicked on

2018-11-27 17:28:07 - [MESSAGE][PASSED] - Object: 'Object Repository/Final Object Repo/Page_Update Add New Employee - ASSIST/Submit Button' is clicked on

2018-11-27 17:28:07 - [TEST_STEP][PASSED] - delay: Delayed 4 second(s)

2018-11-27 17:28:11 - [MESSAGE][PASSED] - Delayed 4 second(s)

2018-11-27 17:28:11 - [TEST_STEP][PASSED] - click: Object: 'Object Repository/Final Object Repo/Page_Update Add New Employee - ASSIST/Confirm Submit Button' is clicked on

2018-11-27 17:28:11 - [MESSAGE][PASSED] - Object: 'Object Repository/Final Object Repo/Page_Update Add New Employee - ASSIST/Confirm Submit Button' is clicked on

2018-11-27 17:28:11 - [TEST_STEP][PASSED] - delay: Delayed 30 second(s)

2018-11-27 17:28:41 - [MESSAGE][PASSED] - Delayed 30 second(s)

2018-11-27 17:28:41 - [TEST_STEP][PASSED] - callTestCase: Call Test Case 'Test Cases/Final Aug 2018 - PKS Automation/Common/Screenshoting tool' successfully

2018-11-27 17:28:41 - [TEST_CASE][PASSED] - Test Cases/Final Aug 2018 - PKS Automation/Common/Screenshoting tool: Test Cases/Final Aug 2018 - PKS Automation/Common/Screenshoting tool

2018-11-27 17:28:41 - [TEST_STEP][PASSED] - delay: Delayed 15 second(s)

2018-11-27 17:28:56 - [MESSAGE][PASSED] - Delayed 15 second(s)

2018-11-27 17:28:56 - [TEST_STEP][PASSED] - Statement - driver = com.kms.katalon.core.webui.driver.DriverFactory.getWebDriver(): null

2018-11-27 17:28:56 - [TEST_STEP][PASSED] - Statement - driver.manage().timeouts().implicitlyWait(10, SECONDS): null

2018-11-27 17:28:56 - [TEST_STEP][PASSED] - Statement - PresavePath = KatalonScreenshots: null

2018-11-27 17:28:56 - [TEST_STEP][PASSED] - Statement - pathPrefix = "C:\Users\Public\Pictures\Sample Pictures\Katalon Screenshots\Automate Ending Screen": null

2018-11-27 17:28:56 - [TEST_STEP][PASSED] - Statement - finalPath = <not implemented yet for class: org.codehaus.groovy.ast.expr.EmptyExpression>: null

2018-11-27 17:28:56 - [TEST_STEP][PASSED] - Statement - scrFile = driver.getScreenshotAs(FILE): null

2018-11-27 17:28:57 - [TEST_STEP][PASSED] - Statement - PreSaveFile = new java.io.File(PresavePath): null

2018-11-27 17:28:57 - [TEST_STEP][PASSED] - Statement - counter = 0: null

2018-11-27 17:28:57 - [TEST_STEP][PASSED] - Statement - If (PreSaveFile.exists()): null

2018-11-27 17:28:57 - [TEST_STEP][PASSED] - Statement - While (PreSaveFile.exists()): null

2018-11-27 17:28:57 - [TEST_STEP][PASSED] - Statement - counter = counter + 1: null

2018-11-27 17:28:57 - [TEST_STEP][PASSED] - Statement - PreSaveFile = new java.io.File(((pathPrefix + java.lang.Integer.toString(counter)) + .png)): null

2018-11-27 17:28:57 - [TEST_STEP][PASSED] - Statement - counter = counter + 1: null

2018-11-27 17:28:57 - [TEST_STEP][PASSED] - Statement - PreSaveFile = new java.io.File(((pathPrefix + java.lang.Integer.toString(counter)) + .png)): null

2018-11-27 17:28:57 - [TEST_STEP][PASSED] - Statement - counter = counter + 1: null

2018-11-27 17:28:57 - [TEST_STEP][PASSED] - Statement - PreSaveFile = new java.io.File(((pathPrefix + java.lang.Integer.toString(counter)) + .png)): null

2018-11-27 17:28:57 - [TEST_STEP][PASSED] - Statement - counter = counter + 1: null

2018-11-27 17:28:57 - [TEST_STEP][PASSED] - Statement - PreSaveFile = new java.io.File(((pathPrefix + java.lang.Integer.toString(counter)) + .png)): null

2018-11-27 17:28:57 - [TEST_STEP][PASSED] - Statement - counter = counter + 1: null

2018-11-27 17:28:57 - [TEST_STEP][PASSED] - Statement - PreSaveFile = new java.io.File(((pathPrefix + java.lang.Integer.toString(counter)) + .png)): null

2018-11-27 17:28:57 - [TEST_STEP][PASSED] - Statement - counter = counter + 1: null

2018-11-27 17:28:57 - [TEST_STEP][PASSED] - Statement - PreSaveFile = new java.io.File(((pathPrefix + java.lang.Integer.toString(counter)) + .png)): null

2018-11-27 17:28:57 - [TEST_STEP][PASSED] - Statement - counter = counter + 1: null

2018-11-27 17:28:57 - [TEST_STEP][PASSED] - Statement - PreSaveFile = new java.io.File(((pathPrefix + java.lang.Integer.toString(counter)) + .png)): null

2018-11-27 17:28:57 - [TEST_STEP][PASSED] - Statement - counter = counter + 1: null

2018-11-27 17:28:57 - [TEST_STEP][PASSED] - Statement - PreSaveFile = new java.io.File(((pathPrefix + java.lang.Integer.toString(counter)) + .png)): null

2018-11-27 17:28:57 - [TEST_STEP][PASSED] - Statement - counter = counter + 1: null

2018-11-27 17:28:57 - [TEST_STEP][PASSED] - Statement - PreSaveFile = new java.io.File(((pathPrefix + java.lang.Integer.toString(counter)) + .png)): null

2018-11-27 17:28:57 - [TEST_STEP][PASSED] - Statement - counter = counter + 1: null

2018-11-27 17:28:57 - [TEST_STEP][PASSED] - Statement - PreSaveFile = new java.io.File(((pathPrefix + java.lang.Integer.toString(counter)) + .png)): null

2018-11-27 17:28:57 - [TEST_STEP][PASSED] - Statement - counter = counter + 1: null

2018-11-27 17:28:57 - [TEST_STEP][PASSED] - Statement - PreSaveFile = new java.io.File(((pathPrefix + java.lang.Integer.toString(counter)) + .png)): null

2018-11-27 17:28:57 - [TEST_STEP][PASSED] - Statement - counter = counter + 1: null

2018-11-27 17:28:57 - [TEST_STEP][PASSED] - Statement - PreSaveFile = new java.io.File(((pathPrefix + java.lang.Integer.toString(counter)) + .png)): null

2018-11-27 17:28:57 - [TEST_STEP][PASSED] - Statement - counter = counter + 1: null

2018-11-27 17:28:57 - [TEST_STEP][PASSED] - Statement - PreSaveFile = new java.io.File(((pathPrefix + java.lang.Integer.toString(counter)) + .png)): null

2018-11-27 17:28:57 - [TEST_STEP][PASSED] - Statement - counter = counter + 1: null

2018-11-27 17:28:57 - [TEST_STEP][PASSED] - Statement - PreSaveFile = new java.io.File(((pathPrefix + java.lang.Integer.toString(counter)) + .png)): null

2018-11-27 17:28:57 - [TEST_STEP][PASSED] - Statement - counter = counter + 1: null

2018-11-27 17:28:57 - [TEST_STEP][PASSED] - Statement - PreSaveFile = new java.io.File(((pathPrefix + java.lang.Integer.toString(counter)) + .png)): null

2018-11-27 17:28:57 - [TEST_STEP][PASSED] - Statement - counter = counter + 1: null

2018-11-27 17:28:57 - [TEST_STEP][PASSED] - Statement - PreSaveFile = new java.io.File(((pathPrefix + java.lang.Integer.toString(counter)) + .png)): null

2018-11-27 17:28:57 - [TEST_STEP][PASSED] - Statement - counter = counter + 1: null

2018-11-27 17:28:57 - [TEST_STEP][PASSED] - Statement - PreSaveFile = new java.io.File(((pathPrefix + java.lang.Integer.toString(counter)) + .png)): null

2018-11-27 17:28:57 - [TEST_STEP][PASSED] - Statement - counter = counter + 1: null

2018-11-27 17:28:57 - [TEST_STEP][PASSED] - Statement - PreSaveFile = new java.io.File(((pathPrefix + java.lang.Integer.toString(counter)) + .png)): null

2018-11-27 17:28:57 - [TEST_STEP][PASSED] - Statement - counter = counter + 1: null

2018-11-27 17:28:57 - [TEST_STEP][PASSED] - Statement - PreSaveFile = new java.io.File(((pathPrefix + java.lang.Integer.toString(counter)) + .png)): null

2018-11-27 17:28:57 - [TEST_STEP][PASSED] - Statement - counter = counter + 1: null

2018-11-27 17:28:57 - [TEST_STEP][PASSED] - Statement - PreSaveFile = new java.io.File(((pathPrefix + java.lang.Integer.toString(counter)) + .png)): null

2018-11-27 17:28:57 - [TEST_STEP][PASSED] - Statement - counter = counter + 1: null

2018-11-27 17:28:57 - [TEST_STEP][PASSED] - Statement - PreSaveFile = new java.io.File(((pathPrefix + java.lang.Integer.toString(counter)) + .png)): null

2018-11-27 17:28:57 - [TEST_STEP][PASSED] - Statement - counter = counter + 1: null

2018-11-27 17:28:57 - [TEST_STEP][PASSED] - Statement - PreSaveFile = new java.io.File(((pathPrefix + java.lang.Integer.toString(counter)) + .png)): null

2018-11-27 17:28:57 - [TEST_STEP][PASSED] - Statement - counter = counter + 1: null

2018-11-27 17:28:57 - [TEST_STEP][PASSED] - Statement - PreSaveFile = new java.io.File(((pathPrefix + java.lang.Integer.toString(counter)) + .png)): null

2018-11-27 17:28:57 - [TEST_STEP][PASSED] - Statement - counter = counter + 1: null

2018-11-27 17:28:57 - [TEST_STEP][PASSED] - Statement - PreSaveFile = new java.io.File(((pathPrefix + java.lang.Integer.toString(counter)) + .png)): null

2018-11-27 17:28:57 - [TEST_STEP][PASSED] - Statement - counter = counter + 1: null

2018-11-27 17:28:57 - [TEST_STEP][PASSED] - Statement - PreSaveFile = new java.io.File(((pathPrefix + java.lang.Integer.toString(counter)) + .png)): null

2018-11-27 17:28:57 - [TEST_STEP][PASSED] - Statement - counter = counter + 1: null

2018-11-27 17:28:57 - [TEST_STEP][PASSED] - Statement - PreSaveFile = new java.io.File(((pathPrefix + java.lang.Integer.toString(counter)) + .png)): null

2018-11-27 17:28:57 - [TEST_STEP][PASSED] - Statement - counter = counter + 1: null

2018-11-27 17:28:57 - [TEST_STEP][PASSED] - Statement - PreSaveFile = new java.io.File(((pathPrefix + java.lang.Integer.toString(counter)) + .png)): null

2018-11-27 17:28:57 - [TEST_STEP][PASSED] - Statement - counter = counter + 1: null

2018-11-27 17:28:57 - [TEST_STEP][PASSED] - Statement - PreSaveFile = new java.io.File(((pathPrefix + java.lang.Integer.toString(counter)) + .png)): null

2018-11-27 17:28:57 - [TEST_STEP][PASSED] - Statement - counter = counter + 1: null

2018-11-27 17:28:57 - [TEST_STEP][PASSED] - Statement - PreSaveFile = new java.io.File(((pathPrefix + java.lang.Integer.toString(counter)) + .png)): null

2018-11-27 17:28:57 - [TEST_STEP][PASSED] - Statement - counter = counter + 1: null

2018-11-27 17:28:57 - [TEST_STEP][PASSED] - Statement - PreSaveFile = new java.io.File(((pathPrefix + java.lang.Integer.toString(counter)) + .png)): null

2018-11-27 17:28:57 - [TEST_STEP][PASSED] - Statement - counter = counter + 1: null

2018-11-27 17:28:57 - [TEST_STEP][PASSED] - Statement - PreSaveFile = new java.io.File(((pathPrefix + java.lang.Integer.toString(counter)) + .png)): null

2018-11-27 17:28:57 - [TEST_STEP][PASSED] - Statement - counter = counter + 1: null

2018-11-27 17:28:57 - [TEST_STEP][PASSED] - Statement - PreSaveFile = new java.io.File(((pathPrefix + java.lang.Integer.toString(counter)) + .png)): null

2018-11-27 17:28:57 - [TEST_STEP][PASSED] - Statement - counter = counter + 1: null

2018-11-27 17:28:57 - [TEST_STEP][PASSED] - Statement - PreSaveFile = new java.io.File(((pathPrefix + java.lang.Integer.toString(counter)) + .png)): null

2018-11-27 17:28:57 - [TEST_STEP][PASSED] - Statement - counter = counter + 1: null

2018-11-27 17:28:57 - [TEST_STEP][PASSED] - Statement - PreSaveFile = new java.io.File(((pathPrefix + java.lang.Integer.toString(counter)) + .png)): null

2018-11-27 17:28:57 - [TEST_STEP][PASSED] - Statement - counter = counter + 1: null

2018-11-27 17:28:57 - [TEST_STEP][PASSED] - Statement - PreSaveFile = new java.io.File(((pathPrefix + java.lang.Integer.toString(counter)) + .png)): null

2018-11-27 17:28:57 - [TEST_STEP][PASSED] - Statement - counter = counter + 1: null

2018-11-27 17:28:57 - [TEST_STEP][PASSED] - Statement - PreSaveFile = new java.io.File(((pathPrefix + java.lang.Integer.toString(counter)) + .png)): null

2018-11-27 17:28:57 - [TEST_STEP][PASSED] - Statement - counter = counter + 1: null

2018-11-27 17:28:57 - [TEST_STEP][PASSED] - Statement - PreSaveFile = new java.io.File(((pathPrefix + java.lang.Integer.toString(counter)) + .png)): null

2018-11-27 17:28:57 - [TEST_STEP][PASSED] - Statement - counter = counter + 1: null

2018-11-27 17:28:57 - [TEST_STEP][PASSED] - Statement - PreSaveFile = new java.io.File(((pathPrefix + java.lang.Integer.toString(counter)) + .png)): null

2018-11-27 17:28:57 - [TEST_STEP][PASSED] - Statement - counter = counter + 1: null

2018-11-27 17:28:57 - [TEST_STEP][PASSED] - Statement - PreSaveFile = new java.io.File(((pathPrefix + java.lang.Integer.toString(counter)) + .png)): null

2018-11-27 17:28:57 - [TEST_STEP][PASSED] - Statement - counter = counter + 1: null

2018-11-27 17:28:57 - [TEST_STEP][PASSED] - Statement - PreSaveFile = new java.io.File(((pathPrefix + java.lang.Integer.toString(counter)) + .png)): null

2018-11-27 17:28:57 - [TEST_STEP][PASSED] - Statement - counter = counter + 1: null

2018-11-27 17:28:57 - [TEST_STEP][PASSED] - Statement - PreSaveFile = new java.io.File(((pathPrefix + java.lang.Integer.toString(counter)) + .png)): null

2018-11-27 17:28:57 - [TEST_STEP][PASSED] - Statement - counter = counter + 1: null

2018-11-27 17:28:57 - [TEST_STEP][PASSED] - Statement - PreSaveFile = new java.io.File(((pathPrefix + java.lang.Integer.toString(counter)) + .png)): null

2018-11-27 17:28:57 - [TEST_STEP][PASSED] - Statement - counter = counter + 1: null

2018-11-27 17:28:57 - [TEST_STEP][PASSED] - Statement - PreSaveFile = new java.io.File(((pathPrefix + java.lang.Integer.toString(counter)) + .png)): null

2018-11-27 17:28:57 - [TEST_STEP][PASSED] - Statement - counter = counter + 1: null

2018-11-27 17:28:57 - [TEST_STEP][PASSED] - Statement - PreSaveFile = new java.io.File(((pathPrefix + java.lang.Integer.toString(counter)) + .png)): null

2018-11-27 17:28:57 - [TEST_STEP][PASSED] - Statement - counter = counter + 1: null

2018-11-27 17:28:57 - [TEST_STEP][PASSED] - Statement - PreSaveFile = new java.io.File(((pathPrefix + java.lang.Integer.toString(counter)) + .png)): null

2018-11-27 17:28:57 - [TEST_STEP][PASSED] - Statement - counter = counter + 1: null

2018-11-27 17:28:57 - [TEST_STEP][PASSED] - Statement - PreSaveFile = new java.io.File(((pathPrefix + java.lang.Integer.toString(counter)) + .png)): null

2018-11-27 17:28:57 - [TEST_STEP][PASSED] - Statement - counter = counter + 1: null

2018-11-27 17:28:57 - [TEST_STEP][PASSED] - Statement - PreSaveFile = new java.io.File(((pathPrefix + java.lang.Integer.toString(counter)) + .png)): null

2018-11-27 17:28:57 - [TEST_STEP][PASSED] - Statement - counter = counter + 1: null

2018-11-27 17:28:57 - [TEST_STEP][PASSED] - Statement - PreSaveFile = new java.io.File(((pathPrefix + java.lang.Integer.toString(counter)) + .png)): null

2018-11-27 17:28:57 - [TEST_STEP][PASSED] - Statement - counter = counter + 1: null

2018-11-27 17:28:57 - [TEST_STEP][PASSED] - Statement - PreSaveFile = new java.io.File(((pathPrefix + java.lang.Integer.toString(counter)) + .png)): null

2018-11-27 17:28:57 - [TEST_STEP][PASSED] - Statement - counter = counter + 1: null

2018-11-27 17:28:57 - [TEST_STEP][PASSED] - Statement - PreSaveFile = new java.io.File(((pathPrefix + java.lang.Integer.toString(counter)) + .png)): null

2018-11-27 17:28:57 - [TEST_STEP][PASSED] - Statement - counter = counter + 1: null

2018-11-27 17:28:57 - [TEST_STEP][PASSED] - Statement - PreSaveFile = new java.io.File(((pathPrefix + java.lang.Integer.toString(counter)) + .png)): null

2018-11-27 17:28:57 - [TEST_STEP][PASSED] - Statement - counter = counter + 1: null

2018-11-27 17:28:57 - [TEST_STEP][PASSED] - Statement - PreSaveFile = new java.io.File(((pathPrefix + java.lang.Integer.toString(counter)) + .png)): null

2018-11-27 17:28:57 - [TEST_STEP][PASSED] - Statement - counter = counter + 1: null

2018-11-27 17:28:57 - [TEST_STEP][PASSED] - Statement - PreSaveFile = new java.io.File(((pathPrefix + java.lang.Integer.toString(counter)) + .png)): null

2018-11-27 17:28:57 - [TEST_STEP][PASSED] - Statement - counter = counter + 1: null

2018-11-27 17:28:57 - [TEST_STEP][PASSED] - Statement - PreSaveFile = new java.io.File(((pathPrefix + java.lang.Integer.toString(counter)) + .png)): null

2018-11-27 17:28:57 - [TEST_STEP][PASSED] - Statement - counter = counter + 1: null

2018-11-27 17:28:57 - [TEST_STEP][PASSED] - Statement - PreSaveFile = new java.io.File(((pathPrefix + java.lang.Integer.toString(counter)) + .png)): null

2018-11-27 17:28:57 - [TEST_STEP][PASSED] - Statement - counter = counter + 1: null

2018-11-27 17:28:57 - [TEST_STEP][PASSED] - Statement - PreSaveFile = new java.io.File(((pathPrefix + java.lang.Integer.toString(counter)) + .png)): null

2018-11-27 17:28:57 - [TEST_STEP][PASSED] - Statement - counter = counter + 1: null

2018-11-27 17:28:57 - [TEST_STEP][PASSED] - Statement - PreSaveFile = new java.io.File(((pathPrefix + java.lang.Integer.toString(counter)) + .png)): null

2018-11-27 17:28:57 - [TEST_STEP][PASSED] - Statement - counter = counter + 1: null

2018-11-27 17:28:57 - [TEST_STEP][PASSED] - Statement - PreSaveFile = new java.io.File(((pathPrefix + java.lang.Integer.toString(counter)) + .png)): null

2018-11-27 17:28:57 - [TEST_STEP][PASSED] - Statement - counter = counter + 1: null

2018-11-27 17:28:57 - [TEST_STEP][PASSED] - Statement - PreSaveFile = new java.io.File(((pathPrefix + java.lang.Integer.toString(counter)) + .png)): null

2018-11-27 17:28:57 - [TEST_STEP][PASSED] - Statement - counter = counter + 1: null

2018-11-27 17:28:57 - [TEST_STEP][PASSED] - Statement - PreSaveFile = new java.io.File(((pathPrefix + java.lang.Integer.toString(counter)) + .png)): null

2018-11-27 17:28:57 - [TEST_STEP][PASSED] - Statement - counter = counter + 1: null

2018-11-27 17:28:57 - [TEST_STEP][PASSED] - Statement - PreSaveFile = new java.io.File(((pathPrefix + java.lang.Integer.toString(counter)) + .png)): null

2018-11-27 17:28:57 - [TEST_STEP][PASSED] - Statement - counter = counter + 1: null

2018-11-27 17:28:57 - [TEST_STEP][PASSED] - Statement - PreSaveFile = new java.io.File(((pathPrefix + java.lang.Integer.toString(counter)) + .png)): null

2018-11-27 17:28:57 - [TEST_STEP][PASSED] - Statement - counter = counter + 1: null

2018-11-27 17:28:57 - [TEST_STEP][PASSED] - Statement - PreSaveFile = new java.io.File(((pathPrefix + java.lang.Integer.toString(counter)) + .png)): null

2018-11-27 17:28:57 - [TEST_STEP][PASSED] - Statement - counter = counter + 1: null

2018-11-27 17:28:57 - [TEST_STEP][PASSED] - Statement - PreSaveFile = new java.io.File(((pathPrefix + java.lang.Integer.toString(counter)) + .png)): null

2018-11-27 17:28:57 - [TEST_STEP][PASSED] - Statement - counter = counter + 1: null

2018-11-27 17:28:57 - [TEST_STEP][PASSED] - Statement - PreSaveFile = new java.io.File(((pathPrefix + java.lang.Integer.toString(counter)) + .png)): null

2018-11-27 17:28:57 - [TEST_STEP][PASSED] - Statement - counter = counter + 1: null

2018-11-27 17:28:57 - [TEST_STEP][PASSED] - Statement - PreSaveFile = new java.io.File(((pathPrefix + java.lang.Integer.toString(counter)) + .png)): null

2018-11-27 17:28:57 - [TEST_STEP][PASSED] - Statement - counter = counter + 1: null

2018-11-27 17:28:57 - [TEST_STEP][PASSED] - Statement - PreSaveFile = new java.io.File(((pathPrefix + java.lang.Integer.toString(counter)) + .png)): null

2018-11-27 17:28:57 - [TEST_STEP][PASSED] - Statement - counter = counter + 1: null

2018-11-27 17:28:57 - [TEST_STEP][PASSED] - Statement - PreSaveFile = new java.io.File(((pathPrefix + java.lang.Integer.toString(counter)) + .png)): null

2018-11-27 17:28:57 - [TEST_STEP][PASSED] - Statement - counter = counter + 1: null

2018-11-27 17:28:57 - [TEST_STEP][PASSED] - Statement - PreSaveFile = new java.io.File(((pathPrefix + java.lang.Integer.toString(counter)) + .png)): null

2018-11-27 17:28:57 - [TEST_STEP][PASSED] - Statement - counter = counter + 1: null

2018-11-27 17:28:57 - [TEST_STEP][PASSED] - Statement - PreSaveFile = new java.io.File(((pathPrefix + java.lang.Integer.toString(counter)) + .png)): null

2018-11-27 17:28:57 - [TEST_STEP][PASSED] - Statement - counter = counter + 1: null

2018-11-27 17:28:57 - [TEST_STEP][PASSED] - Statement - PreSaveFile = new java.io.File(((pathPrefix + java.lang.Integer.toString(counter)) + .png)): null

2018-11-27 17:28:57 - [TEST_STEP][PASSED] - Statement - counter = counter + 1: null

2018-11-27 17:28:57 - [TEST_STEP][PASSED] - Statement - PreSaveFile = new java.io.File(((pathPrefix + java.lang.Integer.toString(counter)) + .png)): null

2018-11-27 17:28:57 - [TEST_STEP][PASSED] - Statement - counter = counter + 1: null

2018-11-27 17:28:57 - [TEST_STEP][PASSED] - Statement - PreSaveFile = new java.io.File(((pathPrefix + java.lang.Integer.toString(counter)) + .png)): null

2018-11-27 17:28:57 - [TEST_STEP][PASSED] - Statement - counter = counter + 1: null

2018-11-27 17:28:57 - [TEST_STEP][PASSED] - Statement - PreSaveFile = new java.io.File(((pathPrefix + java.lang.Integer.toString(counter)) + .png)): null

2018-11-27 17:28:57 - [TEST_STEP][PASSED] - Statement - counter = counter + 1: null

2018-11-27 17:28:57 - [TEST_STEP][PASSED] - Statement - PreSaveFile = new java.io.File(((pathPrefix + java.lang.Integer.toString(counter)) + .png)): null

2018-11-27 17:28:57 - [TEST_STEP][PASSED] - Statement - counter = counter + 1: null

2018-11-27 17:28:57 - [TEST_STEP][PASSED] - Statement - PreSaveFile = new java.io.File(((pathPrefix + java.lang.Integer.toString(counter)) + .png)): null

2018-11-27 17:28:57 - [TEST_STEP][PASSED] - Statement - counter = counter + 1: null

2018-11-27 17:28:57 - [TEST_STEP][PASSED] - Statement - PreSaveFile = new java.io.File(((pathPrefix + java.lang.Integer.toString(counter)) + .png)): null

2018-11-27 17:28:57 - [TEST_STEP][PASSED] - Statement - counter = counter + 1: null

2018-11-27 17:28:57 - [TEST_STEP][PASSED] - Statement - PreSaveFile = new java.io.File(((pathPrefix + java.lang.Integer.toString(counter)) + .png)): null

2018-11-27 17:28:57 - [TEST_STEP][PASSED] - Statement - counter = counter + 1: null

2018-11-27 17:28:57 - [TEST_STEP][PASSED] - Statement - PreSaveFile = new java.io.File(((pathPrefix + java.lang.Integer.toString(counter)) + .png)): null

2018-11-27 17:28:57 - [TEST_STEP][PASSED] - Statement - counter = counter + 1: null

2018-11-27 17:28:57 - [TEST_STEP][PASSED] - Statement - PreSaveFile = new java.io.File(((pathPrefix + java.lang.Integer.toString(counter)) + .png)): null

2018-11-27 17:28:57 - [TEST_STEP][PASSED] - Statement - counter = counter + 1: null

2018-11-27 17:28:57 - [TEST_STEP][PASSED] - Statement - PreSaveFile = new java.io.File(((pathPrefix + java.lang.Integer.toString(counter)) + .png)): null

2018-11-27 17:28:57 - [TEST_STEP][PASSED] - Statement - counter = counter + 1: null

2018-11-27 17:28:57 - [TEST_STEP][PASSED] - Statement - PreSaveFile = new java.io.File(((pathPrefix + java.lang.Integer.toString(counter)) + .png)): null

2018-11-27 17:28:57 - [TEST_STEP][PASSED] - Statement - counter = counter + 1: null

2018-11-27 17:28:57 - [TEST_STEP][PASSED] - Statement - PreSaveFile = new java.io.File(((pathPrefix + java.lang.Integer.toString(counter)) + .png)): null

2018-11-27 17:28:57 - [TEST_STEP][PASSED] - Statement - counter = counter + 1: null

2018-11-27 17:28:57 - [TEST_STEP][PASSED] - Statement - PreSaveFile = new java.io.File(((pathPrefix + java.lang.Integer.toString(counter)) + .png)): null

2018-11-27 17:28:57 - [TEST_STEP][PASSED] - Statement - counter = counter + 1: null

2018-11-27 17:28:57 - [TEST_STEP][PASSED] - Statement - PreSaveFile = new java.io.File(((pathPrefix + java.lang.Integer.toString(counter)) + .png)): null

2018-11-27 17:28:57 - [TEST_STEP][PASSED] - Statement - counter = counter + 1: null

2018-11-27 17:28:57 - [TEST_STEP][PASSED] - Statement - PreSaveFile = new java.io.File(((pathPrefix + java.lang.Integer.toString(counter)) + .png)): null

2018-11-27 17:28:57 - [TEST_STEP][PASSED] - Statement - counter = counter + 1: null

2018-11-27 17:28:57 - [TEST_STEP][PASSED] - Statement - PreSaveFile = new java.io.File(((pathPrefix + java.lang.Integer.toString(counter)) + .png)): null

2018-11-27 17:28:57 - [TEST_STEP][PASSED] - Statement - counter = counter + 1: null

2018-11-27 17:28:57 - [TEST_STEP][PASSED] - Statement - PreSaveFile = new java.io.File(((pathPrefix + java.lang.Integer.toString(counter)) + .png)): null

2018-11-27 17:28:57 - [TEST_STEP][PASSED] - Statement - counter = counter + 1: null

2018-11-27 17:28:57 - [TEST_STEP][PASSED] - Statement - PreSaveFile = new java.io.File(((pathPrefix + java.lang.Integer.toString(counter)) + .png)): null

2018-11-27 17:28:57 - [TEST_STEP][PASSED] - Statement - counter = counter + 1: null

2018-11-27 17:28:57 - [TEST_STEP][PASSED] - Statement - PreSaveFile = new java.io.File(((pathPrefix + java.lang.Integer.toString(counter)) + .png)): null

2018-11-27 17:28:57 - [TEST_STEP][PASSED] - Statement - counter = counter + 1: null

2018-11-27 17:28:57 - [TEST_STEP][PASSED] - Statement - PreSaveFile = new java.io.File(((pathPrefix + java.lang.Integer.toString(counter)) + .png)): null

2018-11-27 17:28:57 - [TEST_STEP][PASSED] - Statement - counter = counter + 1: null

2018-11-27 17:28:57 - [TEST_STEP][PASSED] - Statement - PreSaveFile = new java.io.File(((pathPrefix + java.lang.Integer.toString(counter)) + .png)): null

2018-11-27 17:28:57 - [TEST_STEP][PASSED] - Statement - counter = counter + 1: null

2018-11-27 17:28:57 - [TEST_STEP][PASSED] - Statement - PreSaveFile = new java.io.File(((pathPrefix + java.lang.Integer.toString(counter)) + .png)): null

2018-11-27 17:28:57 - [TEST_STEP][PASSED] - Statement - counter = counter + 1: null

2018-11-27 17:28:57 - [TEST_STEP][PASSED] - Statement - PreSaveFile = new java.io.File(((pathPrefix + java.lang.Integer.toString(counter)) + .png)): null

2018-11-27 17:28:57 - [TEST_STEP][PASSED] - Statement - counter = counter + 1: null

2018-11-27 17:28:57 - [TEST_STEP][PASSED] - Statement - PreSaveFile = new java.io.File(((pathPrefix + java.lang.Integer.toString(counter)) + .png)): null

2018-11-27 17:28:57 - [TEST_STEP][PASSED] - Statement - counter = counter + 1: null

2018-11-27 17:28:57 - [TEST_STEP][PASSED] - Statement - PreSaveFile = new java.io.File(((pathPrefix + java.lang.Integer.toString(counter)) + .png)): null

2018-11-27 17:28:57 - [TEST_STEP][PASSED] - Statement - counter = counter + 1: null

2018-11-27 17:28:57 - [TEST_STEP][PASSED] - Statement - PreSaveFile = new java.io.File(((pathPrefix + java.lang.Integer.toString(counter)) + .png)): null

2018-11-27 17:28:57 - [TEST_STEP][PASSED] - Statement - counter = counter + 1: null

2018-11-27 17:28:57 - [TEST_STEP][PASSED] - Statement - PreSaveFile = new java.io.File(((pathPrefix + java.lang.Integer.toString(counter)) + .png)): null

2018-11-27 17:28:57 - [TEST_STEP][PASSED] - Statement - counter = counter + 1: null

2018-11-27 17:28:57 - [TEST_STEP][PASSED] - Statement - PreSaveFile = new java.io.File(((pathPrefix + java.lang.Integer.toString(counter)) + .png)): null

2018-11-27 17:28:57 - [TEST_STEP][PASSED] - Statement - counter = counter + 1: null

2018-11-27 17:28:57 - [TEST_STEP][PASSED] - Statement - PreSaveFile = new java.io.File(((pathPrefix + java.lang.Integer.toString(counter)) + .png)): null

2018-11-27 17:28:57 - [TEST_STEP][PASSED] - Statement - counter = counter + 1: null

2018-11-27 17:28:57 - [TEST_STEP][PASSED] - Statement - PreSaveFile = new java.io.File(((pathPrefix + java.lang.Integer.toString(counter)) + .png)): null

2018-11-27 17:28:57 - [TEST_STEP][PASSED] - Statement - counter = counter + 1: null

2018-11-27 17:28:57 - [TEST_STEP][PASSED] - Statement - PreSaveFile = new java.io.File(((pathPrefix + java.lang.Integer.toString(counter)) + .png)): null

2018-11-27 17:28:57 - [TEST_STEP][PASSED] - Statement - counter = counter + 1: null

2018-11-27 17:28:57 - [TEST_STEP][PASSED] - Statement - PreSaveFile = new java.io.File(((pathPrefix + java.lang.Integer.toString(counter)) + .png)): null

2018-11-27 17:28:57 - [TEST_STEP][PASSED] - Statement - counter = counter + 1: null

2018-11-27 17:28:57 - [TEST_STEP][PASSED] - Statement - PreSaveFile = new java.io.File(((pathPrefix + java.lang.Integer.toString(counter)) + .png)): null

2018-11-27 17:28:57 - [TEST_STEP][PASSED] - Statement - counter = counter + 1: null

2018-11-27 17:28:57 - [TEST_STEP][PASSED] - Statement - PreSaveFile = new java.io.File(((pathPrefix + java.lang.Integer.toString(counter)) + .png)): null

2018-11-27 17:28:57 - [TEST_STEP][PASSED] - Statement - counter = counter + 1: null

2018-11-27 17:28:57 - [TEST_STEP][PASSED] - Statement - PreSaveFile = new java.io.File(((pathPrefix + java.lang.Integer.toString(counter)) + .png)): null

2018-11-27 17:28:57 - [TEST_STEP][PASSED] - Statement - counter = counter + 1: null

2018-11-27 17:28:57 - [TEST_STEP][PASSED] - Statement - PreSaveFile = new java.io.File(((pathPrefix + java.lang.Integer.toString(counter)) + .png)): null

2018-11-27 17:28:57 - [TEST_STEP][PASSED] - Statement - counter = counter + 1: null

2018-11-27 17:28:57 - [TEST_STEP][PASSED] - Statement - PreSaveFile = new java.io.File(((pathPrefix + java.lang.Integer.toString(counter)) + .png)): null

2018-11-27 17:28:57 - [TEST_STEP][PASSED] - Statement - counter = counter + 1: null

2018-11-27 17:28:57 - [TEST_STEP][PASSED] - Statement - PreSaveFile = new java.io.File(((pathPrefix + java.lang.Integer.toString(counter)) + .png)): null

2018-11-27 17:28:57 - [TEST_STEP][PASSED] - Statement - counter = counter + 1: null

2018-11-27 17:28:57 - [TEST_STEP][PASSED] - Statement - PreSaveFile = new java.io.File(((pathPrefix + java.lang.Integer.toString(counter)) + .png)): null

2018-11-27 17:28:57 - [TEST_STEP][PASSED] - Statement - counter = counter + 1: null

2018-11-27 17:28:57 - [TEST_STEP][PASSED] - Statement - PreSaveFile = new java.io.File(((pathPrefix + java.lang.Integer.toString(counter)) + .png)): null

2018-11-27 17:28:57 - [TEST_STEP][PASSED] - Statement - counter = counter + 1: null

2018-11-27 17:28:57 - [TEST_STEP][PASSED] - Statement - PreSaveFile = new java.io.File(((pathPrefix + java.lang.Integer.toString(counter)) + .png)): null

2018-11-27 17:28:57 - [TEST_STEP][PASSED] - Statement - counter = counter + 1: null

2018-11-27 17:28:57 - [TEST_STEP][PASSED] - Statement - PreSaveFile = new java.io.File(((pathPrefix + java.lang.Integer.toString(counter)) + .png)): null

2018-11-27 17:28:57 - [TEST_STEP][PASSED] - Statement - counter = counter + 1: null

2018-11-27 17:28:57 - [TEST_STEP][PASSED] - Statement - PreSaveFile = new java.io.File(((pathPrefix + java.lang.Integer.toString(counter)) + .png)): null

2018-11-27 17:28:57 - [TEST_STEP][PASSED] - Statement - counter = counter + 1: null

2018-11-27 17:28:57 - [TEST_STEP][PASSED] - Statement - PreSaveFile = new java.io.File(((pathPrefix + java.lang.Integer.toString(counter)) + .png)): null

2018-11-27 17:28:57 - [TEST_STEP][PASSED] - Statement - counter = counter + 1: null

2018-11-27 17:28:57 - [TEST_STEP][PASSED] - Statement - PreSaveFile = new java.io.File(((pathPrefix + java.lang.Integer.toString(counter)) + .png)): null

2018-11-27 17:28:57 - [TEST_STEP][PASSED] - Statement - counter = counter + 1: null

2018-11-27 17:28:57 - [TEST_STEP][PASSED] - Statement - PreSaveFile = new java.io.File(((pathPrefix + java.lang.Integer.toString(counter)) + .png)): null

2018-11-27 17:28:57 - [TEST_STEP][PASSED] - Statement - counter = counter + 1: null

2018-11-27 17:28:57 - [TEST_STEP][PASSED] - Statement - PreSaveFile = new java.io.File(((pathPrefix + java.lang.Integer.toString(counter)) + .png)): null

2018-11-27 17:28:57 - [TEST_STEP][PASSED] - Statement - counter = counter + 1: null

2018-11-27 17:28:57 - [TEST_STEP][PASSED] - Statement - PreSaveFile = new java.io.File(((pathPrefix + java.lang.Integer.toString(counter)) + .png)): null

2018-11-27 17:28:57 - [TEST_STEP][PASSED] - Statement - counter = counter + 1: null

2018-11-27 17:28:57 - [TEST_STEP][PASSED] - Statement - PreSaveFile = new java.io.File(((pathPrefix + java.lang.Integer.toString(counter)) + .png)): null

2018-11-27 17:28:57 - [TEST_STEP][PASSED] - Statement - counter = counter + 1: null

2018-11-27 17:28:57 - [TEST_STEP][PASSED] - Statement - PreSaveFile = new java.io.File(((pathPrefix + java.lang.Integer.toString(counter)) + .png)): null

2018-11-27 17:28:57 - [TEST_STEP][PASSED] - Statement - counter = counter + 1: null

2018-11-27 17:28:57 - [TEST_STEP][PASSED] - Statement - PreSaveFile = new java.io.File(((pathPrefix + java.lang.Integer.toString(counter)) + .png)): null

2018-11-27 17:28:57 - [TEST_STEP][PASSED] - Statement - counter = counter + 1: null

2018-11-27 17:28:57 - [TEST_STEP][PASSED] - Statement - PreSaveFile = new java.io.File(((pathPrefix + java.lang.Integer.toString(counter)) + .png)): null

2018-11-27 17:28:57 - [TEST_STEP][PASSED] - Statement - counter = counter + 1: null

2018-11-27 17:28:57 - [TEST_STEP][PASSED] - Statement - PreSaveFile = new java.io.File(((pathPrefix + java.lang.Integer.toString(counter)) + .png)): null

2018-11-27 17:28:57 - [TEST_STEP][PASSED] - Statement - counter = counter + 1: null

2018-11-27 17:28:57 - [TEST_STEP][PASSED] - Statement - PreSaveFile = new java.io.File(((pathPrefix + java.lang.Integer.toString(counter)) + .png)): null

2018-11-27 17:28:57 - [TEST_STEP][PASSED] - Statement - counter = counter + 1: null

2018-11-27 17:28:57 - [TEST_STEP][PASSED] - Statement - PreSaveFile = new java.io.File(((pathPrefix + java.lang.Integer.toString(counter)) + .png)): null

2018-11-27 17:28:57 - [TEST_STEP][PASSED] - Statement - counter = counter + 1: null

2018-11-27 17:28:57 - [TEST_STEP][PASSED] - Statement - PreSaveFile = new java.io.File(((pathPrefix + java.lang.Integer.toString(counter)) + .png)): null

2018-11-27 17:28:57 - [TEST_STEP][PASSED] - Statement - counter = counter + 1: null

2018-11-27 17:28:57 - [TEST_STEP][PASSED] - Statement - PreSaveFile = new java.io.File(((pathPrefix + java.lang.Integer.toString(counter)) + .png)): null

2018-11-27 17:28:57 - [TEST_STEP][PASSED] - Statement - counter = counter + 1: null

2018-11-27 17:28:57 - [TEST_STEP][PASSED] - Statement - PreSaveFile = new java.io.File(((pathPrefix + java.lang.Integer.toString(counter)) + .png)): null

2018-11-27 17:28:57 - [TEST_STEP][PASSED] - Statement - counter = counter + 1: null

2018-11-27 17:28:57 - [TEST_STEP][PASSED] - Statement - PreSaveFile = new java.io.File(((pathPrefix + java.lang.Integer.toString(counter)) + .png)): null

2018-11-27 17:28:57 - [TEST_STEP][PASSED] - Statement - counter = counter + 1: null

2018-11-27 17:28:57 - [TEST_STEP][PASSED] - Statement - PreSaveFile = new java.io.File(((pathPrefix + java.lang.Integer.toString(counter)) + .png)): null

2018-11-27 17:28:57 - [TEST_STEP][PASSED] - Statement - counter = counter + 1: null

2018-11-27 17:28:57 - [TEST_STEP][PASSED] - Statement - PreSaveFile = new java.io.File(((pathPrefix + java.lang.Integer.toString(counter)) + .png)): null

2018-11-27 17:28:57 - [TEST_STEP][PASSED] - Statement - counter = counter + 1: null

2018-11-27 17:28:57 - [TEST_STEP][PASSED] - Statement - PreSaveFile = new java.io.File(((pathPrefix + java.lang.Integer.toString(counter)) + .png)): null

2018-11-27 17:28:57 - [TEST_STEP][PASSED] - Statement - counter = counter + 1: null

2018-11-27 17:28:57 - [TEST_STEP][PASSED] - Statement - PreSaveFile = new java.io.File(((pathPrefix + java.lang.Integer.toString(counter)) + .png)): null

2018-11-27 17:28:57 - [TEST_STEP][PASSED] - Statement - counter = counter + 1: null

2018-11-27 17:28:57 - [TEST_STEP][PASSED] - Statement - PreSaveFile = new java.io.File(((pathPrefix + java.lang.Integer.toString(counter)) + .png)): null

2018-11-27 17:28:57 - [TEST_STEP][PASSED] - Statement - counter = counter + 1: null

2018-11-27 17:28:57 - [TEST_STEP][PASSED] - Statement - PreSaveFile = new java.io.File(((pathPrefix + java.lang.Integer.toString(counter)) + .png)): null

2018-11-27 17:28:57 - [TEST_STEP][PASSED] - Statement - counter = counter + 1: null

2018-11-27 17:28:57 - [TEST_STEP][PASSED] - Statement - PreSaveFile = new java.io.File(((pathPrefix + java.lang.Integer.toString(counter)) + .png)): null

2018-11-27 17:28:57 - [TEST_STEP][PASSED] - Statement - counter = counter + 1: null

2018-11-27 17:28:57 - [TEST_STEP][PASSED] - Statement - PreSaveFile = new java.io.File(((pathPrefix + java.lang.Integer.toString(counter)) + .png)): null

2018-11-27 17:28:57 - [TEST_STEP][PASSED] - Statement - counter = counter + 1: null

2018-11-27 17:28:57 - [TEST_STEP][PASSED] - Statement - PreSaveFile = new java.io.File(((pathPrefix + java.lang.Integer.toString(counter)) + .png)): null

2018-11-27 17:28:57 - [TEST_STEP][PASSED] - Statement - counter = counter + 1: null

2018-11-27 17:28:57 - [TEST_STEP][PASSED] - Statement - PreSaveFile = new java.io.File(((pathPrefix + java.lang.Integer.toString(counter)) + .png)): null

2018-11-27 17:28:57 - [TEST_STEP][PASSED] - Statement - counter = counter + 1: null

2018-11-27 17:28:57 - [TEST_STEP][PASSED] - Statement - PreSaveFile = new java.io.File(((pathPrefix + java.lang.Integer.toString(counter)) + .png)): null

2018-11-27 17:28:57 - [TEST_STEP][PASSED] - Statement - counter = counter + 1: null

2018-11-27 17:28:57 - [TEST_STEP][PASSED] - Statement - PreSaveFile = new java.io.File(((pathPrefix + java.lang.Integer.toString(counter)) + .png)): null

2018-11-27 17:28:57 - [TEST_STEP][PASSED] - Statement - counter = counter + 1: null

2018-11-27 17:28:57 - [TEST_STEP][PASSED] - Statement - PreSaveFile = new java.io.File(((pathPrefix + java.lang.Integer.toString(counter)) + .png)): null

2018-11-27 17:28:57 - [TEST_STEP][PASSED] - Statement - counter = counter + 1: null

2018-11-27 17:28:57 - [TEST_STEP][PASSED] - Statement - PreSaveFile = new java.io.File(((pathPrefix + java.lang.Integer.toString(counter)) + .png)): null

2018-11-27 17:28:57 - [TEST_STEP][PASSED] - Statement - counter = counter + 1: null

2018-11-27 17:28:57 - [TEST_STEP][PASSED] - Statement - PreSaveFile = new java.io.File(((pathPrefix + java.lang.Integer.toString(counter)) + .png)): null

2018-11-27 17:28:57 - [TEST_STEP][PASSED] - Statement - counter = counter + 1: null

2018-11-27 17:28:57 - [TEST_STEP][PASSED] - Statement - PreSaveFile = new java.io.File(((pathPrefix + java.lang.Integer.toString(counter)) + .png)): null

2018-11-27 17:28:57 - [TEST_STEP][PASSED] - Statement - counter = counter + 1: null

2018-11-27 17:28:57 - [TEST_STEP][PASSED] - Statement - PreSaveFile = new java.io.File(((pathPrefix + java.lang.Integer.toString(counter)) + .png)): null

2018-11-27 17:28:57 - [TEST_STEP][PASSED] - Statement - counter = counter + 1: null

2018-11-27 17:28:57 - [TEST_STEP][PASSED] - Statement - PreSaveFile = new java.io.File(((pathPrefix + java.lang.Integer.toString(counter)) + .png)): null

2018-11-27 17:28:57 - [TEST_STEP][PASSED] - Statement - counter = counter + 1: null

2018-11-27 17:28:57 - [TEST_STEP][PASSED] - Statement - PreSaveFile = new java.io.File(((pathPrefix + java.lang.Integer.toString(counter)) + .png)): null

2018-11-27 17:28:57 - [TEST_STEP][PASSED] - Statement - counter = counter + 1: null

2018-11-27 17:28:57 - [TEST_STEP][PASSED] - Statement - PreSaveFile = new java.io.File(((pathPrefix + java.lang.Integer.toString(counter)) + .png)): null

2018-11-27 17:28:57 - [TEST_STEP][PASSED] - Statement - counter = counter + 1: null

2018-11-27 17:28:57 - [TEST_STEP][PASSED] - Statement - PreSaveFile = new java.io.File(((pathPrefix + java.lang.Integer.toString(counter)) + .png)): null

2018-11-27 17:28:57 - [TEST_STEP][PASSED] - Statement - counter = counter + 1: null

2018-11-27 17:28:57 - [TEST_STEP][PASSED] - Statement - PreSaveFile = new java.io.File(((pathPrefix + java.lang.Integer.toString(counter)) + .png)): null

2018-11-27 17:28:57 - [TEST_STEP][PASSED] - Statement - counter = counter + 1: null

2018-11-27 17:28:57 - [TEST_STEP][PASSED] - Statement - PreSaveFile = new java.io.File(((pathPrefix + java.lang.Integer.toString(counter)) + .png)): null

2018-11-27 17:28:57 - [TEST_STEP][PASSED] - Statement - counter = counter + 1: null

2018-11-27 17:28:57 - [TEST_STEP][PASSED] - Statement - PreSaveFile = new java.io.File(((pathPrefix + java.lang.Integer.toString(counter)) + .png)): null

2018-11-27 17:28:57 - [TEST_STEP][PASSED] - Statement - counter = counter + 1: null

2018-11-27 17:28:57 - [TEST_STEP][PASSED] - Statement - PreSaveFile = new java.io.File(((pathPrefix + java.lang.Integer.toString(counter)) + .png)): null

2018-11-27 17:28:57 - [TEST_STEP][PASSED] - Statement - counter = counter + 1: null

2018-11-27 17:28:57 - [TEST_STEP][PASSED] - Statement - PreSaveFile = new java.io.File(((pathPrefix + java.lang.Integer.toString(counter)) + .png)): null

2018-11-27 17:28:57 - [TEST_STEP][PASSED] - Statement - counter = counter + 1: null

2018-11-27 17:28:57 - [TEST_STEP][PASSED] - Statement - PreSaveFile = new java.io.File(((pathPrefix + java.lang.Integer.toString(counter)) + .png)): null

2018-11-27 17:28:57 - [TEST_STEP][PASSED] - Statement - counter = counter + 1: null

2018-11-27 17:28:57 - [TEST_STEP][PASSED] - Statement - PreSaveFile = new java.io.File(((pathPrefix + java.lang.Integer.toString(counter)) + .png)): null

2018-11-27 17:28:57 - [TEST_STEP][PASSED] - Statement - counter = counter + 1: null

2018-11-27 17:28:57 - [TEST_STEP][PASSED] - Statement - PreSaveFile = new java.io.File(((pathPrefix + java.lang.Integer.toString(counter)) + .png)): null

2018-11-27 17:28:57 - [TEST_STEP][PASSED] - Statement - counter = counter + 1: null

2018-11-27 17:28:57 - [TEST_STEP][PASSED] - Statement - PreSaveFile = new java.io.File(((pathPrefix + java.lang.Integer.toString(counter)) + .png)): null

2018-11-27 17:28:57 - [TEST_STEP][PASSED] - Statement - counter = counter + 1: null

2018-11-27 17:28:57 - [TEST_STEP][PASSED] - Statement - PreSaveFile = new java.io.File(((pathPrefix + java.lang.Integer.toString(counter)) + .png)): null

2018-11-27 17:28:57 - [TEST_STEP][PASSED] - Statement - counter = counter + 1: null

2018-11-27 17:28:57 - [TEST_STEP][PASSED] - Statement - PreSaveFile = new java.io.File(((pathPrefix + java.lang.Integer.toString(counter)) + .png)): null

2018-11-27 17:28:57 - [TEST_STEP][PASSED] - Statement - counter = counter + 1: null

2018-11-27 17:28:57 - [TEST_STEP][PASSED] - Statement - PreSaveFile = new java.io.File(((pathPrefix + java.lang.Integer.toString(counter)) + .png)): null

2018-11-27 17:28:57 - [TEST_STEP][PASSED] - Statement - counter = counter + 1: null

2018-11-27 17:28:57 - [TEST_STEP][PASSED] - Statement - PreSaveFile = new java.io.File(((pathPrefix + java.lang.Integer.toString(counter)) + .png)): null

2018-11-27 17:28:57 - [TEST_STEP][PASSED] - Statement - counter = counter + 1: null

2018-11-27 17:28:57 - [TEST_STEP][PASSED] - Statement - PreSaveFile = new java.io.File(((pathPrefix + java.lang.Integer.toString(counter)) + .png)): null

2018-11-27 17:28:57 - [TEST_STEP][PASSED] - Statement - counter = counter + 1: null

2018-11-27 17:28:57 - [TEST_STEP][PASSED] - Statement - PreSaveFile = new java.io.File(((pathPrefix + java.lang.Integer.toString(counter)) + .png)): null

2018-11-27 17:28:57 - [TEST_STEP][PASSED] - Statement - counter = counter + 1: null

2018-11-27 17:28:57 - [TEST_STEP][PASSED] - Statement - PreSaveFile = new java.io.File(((pathPrefix + java.lang.Integer.toString(counter)) + .png)): null

2018-11-27 17:28:57 - [TEST_STEP][PASSED] - Statement - counter = counter + 1: null

2018-11-27 17:28:57 - [TEST_STEP][PASSED] - Statement - PreSaveFile = new java.io.File(((pathPrefix + java.lang.Integer.toString(counter)) + .png)): null

2018-11-27 17:28:57 - [TEST_STEP][PASSED] - Statement - counter = counter + 1: null

2018-11-27 17:28:57 - [TEST_STEP][PASSED] - Statement - PreSaveFile = new java.io.File(((pathPrefix + java.lang.Integer.toString(counter)) + .png)): null

2018-11-27 17:28:57 - [TEST_STEP][PASSED] - Statement - counter = counter + 1: null

2018-11-27 17:28:57 - [TEST_STEP][PASSED] - Statement - PreSaveFile = new java.io.File(((pathPrefix + java.lang.Integer.toString(counter)) + .png)): null

2018-11-27 17:28:57 - [TEST_STEP][PASSED] - Statement - counter = counter + 1: null

2018-11-27 17:28:57 - [TEST_STEP][PASSED] - Statement - PreSaveFile = new java.io.File(((pathPrefix + java.lang.Integer.toString(counter)) + .png)): null

2018-11-27 17:28:57 - [TEST_STEP][PASSED] - Statement - counter = counter + 1: null

2018-11-27 17:28:57 - [TEST_STEP][PASSED] - Statement - PreSaveFile = new java.io.File(((pathPrefix + java.lang.Integer.toString(counter)) + .png)): null

2018-11-27 17:28:57 - [TEST_STEP][PASSED] - Statement - counter = counter + 1: null

2018-11-27 17:28:57 - [TEST_STEP][PASSED] - Statement - PreSaveFile = new java.io.File(((pathPrefix + java.lang.Integer.toString(counter)) + .png)): null

2018-11-27 17:28:57 - [TEST_STEP][PASSED] - Statement - counter = counter + 1: null

2018-11-27 17:28:57 - [TEST_STEP][PASSED] - Statement - PreSaveFile = new java.io.File(((pathPrefix + java.lang.Integer.toString(counter)) + .png)): null

2018-11-27 17:28:57 - [TEST_STEP][PASSED] - Statement - counter = counter + 1: null

2018-11-27 17:28:57 - [TEST_STEP][PASSED] - Statement - PreSaveFile = new java.io.File(((pathPrefix + java.lang.Integer.toString(counter)) + .png)): null

2018-11-27 17:28:57 - [TEST_STEP][PASSED] - Statement - counter = counter + 1: null

2018-11-27 17:28:57 - [TEST_STEP][PASSED] - Statement - PreSaveFile = new java.io.File(((pathPrefix + java.lang.Integer.toString(counter)) + .png)): null

2018-11-27 17:28:57 - [TEST_STEP][PASSED] - Statement - counter = counter + 1: null

2018-11-27 17:28:57 - [TEST_STEP][PASSED] - Statement - PreSaveFile = new java.io.File(((pathPrefix + java.lang.Integer.toString(counter)) + .png)): null

2018-11-27 17:28:57 - [TEST_STEP][PASSED] - Statement - counter = counter + 1: null

2018-11-27 17:28:57 - [TEST_STEP][PASSED] - Statement - PreSaveFile = new java.io.File(((pathPrefix + java.lang.Integer.toString(counter)) + .png)): null

2018-11-27 17:28:57 - [TEST_STEP][PASSED] - Statement - counter = counter + 1: null

2018-11-27 17:28:57 - [TEST_STEP][PASSED] - Statement - PreSaveFile = new java.io.File(((pathPrefix + java.lang.Integer.toString(counter)) + .png)): null

2018-11-27 17:28:57 - [TEST_STEP][PASSED] - Statement - counter = counter + 1: null

2018-11-27 17:28:57 - [TEST_STEP][PASSED] - Statement - PreSaveFile = new java.io.File(((pathPrefix + java.lang.Integer.toString(counter)) + .png)): null

2018-11-27 17:28:57 - [TEST_STEP][PASSED] - Statement - counter = counter + 1: null

2018-11-27 17:28:57 - [TEST_STEP][PASSED] - Statement - PreSaveFile = new java.io.File(((pathPrefix + java.lang.Integer.toString(counter)) + .png)): null

2018-11-27 17:28:57 - [TEST_STEP][PASSED] - Statement - counter = counter + 1: null

2018-11-27 17:28:57 - [TEST_STEP][PASSED] - Statement - PreSaveFile = new java.io.File(((pathPrefix + java.lang.Integer.toString(counter)) + .png)): null

2018-11-27 17:28:57 - [TEST_STEP][PASSED] - Statement - counter = counter + 1: null

2018-11-27 17:28:57 - [TEST_STEP][PASSED] - Statement - PreSaveFile = new java.io.File(((pathPrefix + java.lang.Integer.toString(counter)) + .png)): null

2018-11-27 17:28:57 - [TEST_STEP][PASSED] - Statement - counter = counter + 1: null

2018-11-27 17:28:57 - [TEST_STEP][PASSED] - Statement - PreSaveFile = new java.io.File(((pathPrefix + java.lang.Integer.toString(counter)) + .png)): null

2018-11-27 17:28:57 - [TEST_STEP][PASSED] - Statement - counter = counter + 1: null

2018-11-27 17:28:57 - [TEST_STEP][PASSED] - Statement - PreSaveFile = new java.io.File(((pathPrefix + java.lang.Integer.toString(counter)) + .png)): null

2018-11-27 17:28:57 - [TEST_STEP][PASSED] - Statement - counter = counter + 1: null

2018-11-27 17:28:57 - [TEST_STEP][PASSED] - Statement - PreSaveFile = new java.io.File(((pathPrefix + java.lang.Integer.toString(counter)) + .png)): null

2018-11-27 17:28:57 - [TEST_STEP][PASSED] - Statement - counter = counter + 1: null

2018-11-27 17:28:57 - [TEST_STEP][PASSED] - Statement - PreSaveFile = new java.io.File(((pathPrefix + java.lang.Integer.toString(counter)) + .png)): null

2018-11-27 17:28:57 - [TEST_STEP][PASSED] - Statement - counter = counter + 1: null

2018-11-27 17:28:57 - [TEST_STEP][PASSED] - Statement - PreSaveFile = new java.io.File(((pathPrefix + java.lang.Integer.toString(counter)) + .png)): null

2018-11-27 17:28:57 - [TEST_STEP][PASSED] - Statement - counter = counter + 1: null

2018-11-27 17:28:57 - [TEST_STEP][PASSED] - Statement - PreSaveFile = new java.io.File(((pathPrefix + java.lang.Integer.toString(counter)) + .png)): null

2018-11-27 17:28:57 - [TEST_STEP][PASSED] - Statement - counter = counter + 1: null

2018-11-27 17:28:57 - [TEST_STEP][PASSED] - Statement - PreSaveFile = new java.io.File(((pathPrefix + java.lang.Integer.toString(counter)) + .png)): null

2018-11-27 17:28:57 - [TEST_STEP][PASSED] - Statement - counter = counter + 1: null

2018-11-27 17:28:57 - [TEST_STEP][PASSED] - Statement - PreSaveFile = new java.io.File(((pathPrefix + java.lang.Integer.toString(counter)) + .png)): null

2018-11-27 17:28:57 - [TEST_STEP][PASSED] - Statement - counter = counter + 1: null

2018-11-27 17:28:57 - [TEST_STEP][PASSED] - Statement - PreSaveFile = new java.io.File(((pathPrefix + java.lang.Integer.toString(counter)) + .png)): null

2018-11-27 17:28:57 - [TEST_STEP][PASSED] - Statement - counter = counter + 1: null

2018-11-27 17:28:57 - [TEST_STEP][PASSED] - Statement - PreSaveFile = new java.io.File(((pathPrefix + java.lang.Integer.toString(counter)) + .png)): null

2018-11-27 17:28:57 - [TEST_STEP][PASSED] - Statement - counter = counter + 1: null

2018-11-27 17:28:57 - [TEST_STEP][PASSED] - Statement - PreSaveFile = new java.io.File(((pathPrefix + java.lang.Integer.toString(counter)) + .png)): null

2018-11-27 17:28:57 - [TEST_STEP][PASSED] - Statement - counter = counter + 1: null

2018-11-27 17:28:57 - [TEST_STEP][PASSED] - Statement - PreSaveFile = new java.io.File(((pathPrefix + java.lang.Integer.toString(counter)) + .png)): null

2018-11-27 17:28:57 - [TEST_STEP][PASSED] - Statement - counter = counter + 1: null

2018-11-27 17:28:57 - [TEST_STEP][PASSED] - Statement - PreSaveFile = new java.io.File(((pathPrefix + java.lang.Integer.toString(counter)) + .png)): null

2018-11-27 17:28:57 - [TEST_STEP][PASSED] - Statement - counter = counter + 1: null

2018-11-27 17:28:57 - [TEST_STEP][PASSED] - Statement - PreSaveFile = new java.io.File(((pathPrefix + java.lang.Integer.toString(counter)) + .png)): null

2018-11-27 17:28:57 - [TEST_STEP][PASSED] - Statement - counter = counter + 1: null

2018-11-27 17:28:57 - [TEST_STEP][PASSED] - Statement - PreSaveFile = new java.io.File(((pathPrefix + java.lang.Integer.toString(counter)) + .png)): null

2018-11-27 17:28:57 - [TEST_STEP][PASSED] - Statement - counter = counter + 1: null

2018-11-27 17:28:57 - [TEST_STEP][PASSED] - Statement - PreSaveFile = new java.io.File(((pathPrefix + java.lang.Integer.toString(counter)) + .png)): null

2018-11-27 17:28:57 - [TEST_STEP][PASSED] - Statement - counter = counter + 1: null

2018-11-27 17:28:57 - [TEST_STEP][PASSED] - Statement - PreSaveFile = new java.io.File(((pathPrefix + java.lang.Integer.toString(counter)) + .png)): null

2018-11-27 17:28:57 - [TEST_STEP][PASSED] - Statement - counter = counter + 1: null

2018-11-27 17:28:57 - [TEST_STEP][PASSED] - Statement - PreSaveFile = new java.io.File(((pathPrefix + java.lang.Integer.toString(counter)) + .png)): null

2018-11-27 17:28:57 - [TEST_STEP][PASSED] - Statement - counter = counter + 1: null

2018-11-27 17:28:57 - [TEST_STEP][PASSED] - Statement - PreSaveFile = new java.io.File(((pathPrefix + java.lang.Integer.toString(counter)) + .png)): null

2018-11-27 17:28:57 - [TEST_STEP][PASSED] - Statement - counter = counter + 1: null

2018-11-27 17:28:57 - [TEST_STEP][PASSED] - Statement - PreSaveFile = new java.io.File(((pathPrefix + java.lang.Integer.toString(counter)) + .png)): null

2018-11-27 17:28:57 - [TEST_STEP][PASSED] - Statement - counter = counter + 1: null

2018-11-27 17:28:57 - [TEST_STEP][PASSED] - Statement - PreSaveFile = new java.io.File(((pathPrefix + java.lang.Integer.toString(counter)) + .png)): null

2018-11-27 17:28:57 - [TEST_STEP][PASSED] - Statement - counter = counter + 1: null

2018-11-27 17:28:57 - [TEST_STEP][PASSED] - Statement - PreSaveFile = new java.io.File(((pathPrefix + java.lang.Integer.toString(counter)) + .png)): null

2018-11-27 17:28:57 - [TEST_STEP][PASSED] - Statement - counter = counter + 1: null

2018-11-27 17:28:57 - [TEST_STEP][PASSED] - Statement - PreSaveFile = new java.io.File(((pathPrefix + java.lang.Integer.toString(counter)) + .png)): null

2018-11-27 17:28:57 - [TEST_STEP][PASSED] - Statement - counter = counter + 1: null

2018-11-27 17:28:57 - [TEST_STEP][PASSED] - Statement - PreSaveFile = new java.io.File(((pathPrefix + java.lang.Integer.toString(counter)) + .png)): null

2018-11-27 17:28:57 - [TEST_STEP][PASSED] - Statement - counter = counter + 1: null

2018-11-27 17:28:57 - [TEST_STEP][PASSED] - Statement - PreSaveFile = new java.io.File(((pathPrefix + java.lang.Integer.toString(counter)) + .png)): null

2018-11-27 17:28:57 - [TEST_STEP][PASSED] - Statement - counter = counter + 1: null

2018-11-27 17:28:57 - [TEST_STEP][PASSED] - Statement - PreSaveFile = new java.io.File(((pathPrefix + java.lang.Integer.toString(counter)) + .png)): null

2018-11-27 17:28:57 - [TEST_STEP][PASSED] - Statement - counter = counter + 1: null

2018-11-27 17:28:57 - [TEST_STEP][PASSED] - Statement - PreSaveFile = new java.io.File(((pathPrefix + java.lang.Integer.toString(counter)) + .png)): null

2018-11-27 17:28:57 - [TEST_STEP][PASSED] - Statement - counter = counter + 1: null

2018-11-27 17:28:57 - [TEST_STEP][PASSED] - Statement - PreSaveFile = new java.io.File(((pathPrefix + java.lang.Integer.toString(counter)) + .png)): null

2018-11-27 17:28:57 - [TEST_STEP][PASSED] - Statement - counter = counter + 1: null

2018-11-27 17:28:57 - [TEST_STEP][PASSED] - Statement - PreSaveFile = new java.io.File(((pathPrefix + java.lang.Integer.toString(counter)) + .png)): null

2018-11-27 17:28:57 - [TEST_STEP][PASSED] - Statement - counter = counter + 1: null

2018-11-27 17:28:57 - [TEST_STEP][PASSED] - Statement - PreSaveFile = new java.io.File(((pathPrefix + java.lang.Integer.toString(counter)) + .png)): null

2018-11-27 17:28:57 - [TEST_STEP][PASSED] - Statement - counter = counter + 1: null

2018-11-27 17:28:57 - [TEST_STEP][PASSED] - Statement - PreSaveFile = new java.io.File(((pathPrefix + java.lang.Integer.toString(counter)) + .png)): null

2018-11-27 17:28:57 - [TEST_STEP][PASSED] - Statement - counter = counter + 1: null

2018-11-27 17:28:57 - [TEST_STEP][PASSED] - Statement - PreSaveFile = new java.io.File(((pathPrefix + java.lang.Integer.toString(counter)) + .png)): null

2018-11-27 17:28:57 - [TEST_STEP][PASSED] - Statement - counter = counter + 1: null

2018-11-27 17:28:57 - [TEST_STEP][PASSED] - Statement - PreSaveFile = new java.io.File(((pathPrefix + java.lang.Integer.toString(counter)) + .png)): null

2018-11-27 17:28:57 - [TEST_STEP][PASSED] - Statement - counter = counter + 1: null

2018-11-27 17:28:57 - [TEST_STEP][PASSED] - Statement - PreSaveFile = new java.io.File(((pathPrefix + java.lang.Integer.toString(counter)) + .png)): null

2018-11-27 17:28:57 - [TEST_STEP][PASSED] - Statement - counter = counter + 1: null

2018-11-27 17:28:57 - [TEST_STEP][PASSED] - Statement - PreSaveFile = new java.io.File(((pathPrefix + java.lang.Integer.toString(counter)) + .png)): null

2018-11-27 17:28:57 - [TEST_STEP][PASSED] - Statement - counter = counter + 1: null

2018-11-27 17:28:57 - [TEST_STEP][PASSED] - Statement - PreSaveFile = new java.io.File(((pathPrefix + java.lang.Integer.toString(counter)) + .png)): null

2018-11-27 17:28:57 - [TEST_STEP][PASSED] - Statement - counter = counter + 1: null

2018-11-27 17:28:57 - [TEST_STEP][PASSED] - Statement - PreSaveFile = new java.io.File(((pathPrefix + java.lang.Integer.toString(counter)) + .png)): null

2018-11-27 17:28:57 - [TEST_STEP][PASSED] - Statement - counter = counter + 1: null

2018-11-27 17:28:57 - [TEST_STEP][PASSED] - Statement - PreSaveFile = new java.io.File(((pathPrefix + java.lang.Integer.toString(counter)) + .png)): null

2018-11-27 17:28:57 - [TEST_STEP][PASSED] - Statement - counter = counter + 1: null

2018-11-27 17:28:57 - [TEST_STEP][PASSED] - Statement - PreSaveFile = new java.io.File(((pathPrefix + java.lang.Integer.toString(counter)) + .png)): null

2018-11-27 17:28:57 - [TEST_STEP][PASSED] - Statement - counter = counter + 1: null

2018-11-27 17:28:57 - [TEST_STEP][PASSED] - Statement - PreSaveFile = new java.io.File(((pathPrefix + java.lang.Integer.toString(counter)) + .png)): null

2018-11-27 17:28:57 - [TEST_STEP][PASSED] - Statement - counter = counter + 1: null

2018-11-27 17:28:58 - [TEST_STEP][PASSED] - Statement - PreSaveFile = new java.io.File(((pathPrefix + java.lang.Integer.toString(counter)) + .png)): null

2018-11-27 17:28:58 - [TEST_STEP][PASSED] - Statement - counter = counter + 1: null

2018-11-27 17:28:58 - [TEST_STEP][PASSED] - Statement - PreSaveFile = new java.io.File(((pathPrefix + java.lang.Integer.toString(counter)) + .png)): null

2018-11-27 17:28:58 - [TEST_STEP][PASSED] - Statement - counter = counter + 1: null

2018-11-27 17:28:58 - [TEST_STEP][PASSED] - Statement - PreSaveFile = new java.io.File(((pathPrefix + java.lang.Integer.toString(counter)) + .png)): null

2018-11-27 17:28:58 - [TEST_STEP][PASSED] - Statement - counter = counter + 1: null

2018-11-27 17:28:58 - [TEST_STEP][PASSED] - Statement - PreSaveFile = new java.io.File(((pathPrefix + java.lang.Integer.toString(counter)) + .png)): null

2018-11-27 17:28:58 - [TEST_STEP][PASSED] - Statement - counter = counter + 1: null

2018-11-27 17:28:58 - [TEST_STEP][PASSED] - Statement - PreSaveFile = new java.io.File(((pathPrefix + java.lang.Integer.toString(counter)) + .png)): null

2018-11-27 17:28:58 - [TEST_STEP][PASSED] - Statement - counter = counter + 1: null

2018-11-27 17:28:58 - [TEST_STEP][PASSED] - Statement - PreSaveFile = new java.io.File(((pathPrefix + java.lang.Integer.toString(counter)) + .png)): null

2018-11-27 17:28:58 - [TEST_STEP][PASSED] - Statement - counter = counter + 1: null

2018-11-27 17:28:58 - [TEST_STEP][PASSED] - Statement - PreSaveFile = new java.io.File(((pathPrefix + java.lang.Integer.toString(counter)) + .png)): null

2018-11-27 17:28:58 - [TEST_STEP][PASSED] - Statement - counter = counter + 1: null

2018-11-27 17:28:58 - [TEST_STEP][PASSED] - Statement - PreSaveFile = new java.io.File(((pathPrefix + java.lang.Integer.toString(counter)) + .png)): null

2018-11-27 17:28:58 - [TEST_STEP][PASSED] - Statement - counter = counter + 1: null

2018-11-27 17:28:58 - [TEST_STEP][PASSED] - Statement - PreSaveFile = new java.io.File(((pathPrefix + java.lang.Integer.toString(counter)) + .png)): null

2018-11-27 17:28:58 - [TEST_STEP][PASSED] - Statement - counter = counter + 1: null

2018-11-27 17:28:58 - [TEST_STEP][PASSED] - Statement - PreSaveFile = new java.io.File(((pathPrefix + java.lang.Integer.toString(counter)) + .png)): null

2018-11-27 17:28:58 - [TEST_STEP][PASSED] - Statement - counter = counter + 1: null

2018-11-27 17:28:58 - [TEST_STEP][PASSED] - Statement - PreSaveFile = new java.io.File(((pathPrefix + java.lang.Integer.toString(counter)) + .png)): null

2018-11-27 17:28:58 - [TEST_STEP][PASSED] - Statement - counter = counter + 1: null

2018-11-27 17:28:58 - [TEST_STEP][PASSED] - Statement - PreSaveFile = new java.io.File(((pathPrefix + java.lang.Integer.toString(counter)) + .png)): null

2018-11-27 17:28:58 - [TEST_STEP][PASSED] - Statement - counter = counter + 1: null

2018-11-27 17:28:58 - [TEST_STEP][PASSED] - Statement - PreSaveFile = new java.io.File(((pathPrefix + java.lang.Integer.toString(counter)) + .png)): null

2018-11-27 17:28:58 - [TEST_STEP][PASSED] - Statement - counter = counter + 1: null

2018-11-27 17:28:58 - [TEST_STEP][PASSED] - Statement - PreSaveFile = new java.io.File(((pathPrefix + java.lang.Integer.toString(counter)) + .png)): null

2018-11-27 17:28:58 - [TEST_STEP][PASSED] - Statement - counter = counter + 1: null

2018-11-27 17:28:58 - [TEST_STEP][PASSED] - Statement - PreSaveFile = new java.io.File(((pathPrefix + java.lang.Integer.toString(counter)) + .png)): null

2018-11-27 17:28:58 - [TEST_STEP][PASSED] - Statement - counter = counter + 1: null

2018-11-27 17:28:58 - [TEST_STEP][PASSED] - Statement - PreSaveFile = new java.io.File(((pathPrefix + java.lang.Integer.toString(counter)) + .png)): null

2018-11-27 17:28:58 - [TEST_STEP][PASSED] - Statement - counter = counter + 1: null

2018-11-27 17:28:58 - [TEST_STEP][PASSED] - Statement - PreSaveFile = new java.io.File(((pathPrefix + java.lang.Integer.toString(counter)) + .png)): null

2018-11-27 17:28:58 - [TEST_STEP][PASSED] - Statement - counter = counter + 1: null

2018-11-27 17:28:58 - [TEST_STEP][PASSED] - Statement - PreSaveFile = new java.io.File(((pathPrefix + java.lang.Integer.toString(counter)) + .png)): null

2018-11-27 17:28:58 - [TEST_STEP][PASSED] - Statement - counter = counter + 1: null

2018-11-27 17:28:58 - [TEST_STEP][PASSED] - Statement - PreSaveFile = new java.io.File(((pathPrefix + java.lang.Integer.toString(counter)) + .png)): null

2018-11-27 17:28:58 - [TEST_STEP][PASSED] - Statement - counter = counter + 1: null

2018-11-27 17:28:58 - [TEST_STEP][PASSED] - Statement - PreSaveFile = new java.io.File(((pathPrefix + java.lang.Integer.toString(counter)) + .png)): null

2018-11-27 17:28:58 - [TEST_STEP][PASSED] - Statement - counter = counter + 1: null

2018-11-27 17:28:58 - [TEST_STEP][PASSED] - Statement - PreSaveFile = new java.io.File(((pathPrefix + java.lang.Integer.toString(counter)) + .png)): null

2018-11-27 17:28:58 - [TEST_STEP][PASSED] - Statement - counter = counter + 1: null

2018-11-27 17:28:58 - [TEST_STEP][PASSED] - Statement - PreSaveFile = new java.io.File(((pathPrefix + java.lang.Integer.toString(counter)) + .png)): null

2018-11-27 17:28:58 - [TEST_STEP][PASSED] - Statement - counter = counter + 1: null

2018-11-27 17:28:58 - [TEST_STEP][PASSED] - Statement - PreSaveFile = new java.io.File(((pathPrefix + java.lang.Integer.toString(counter)) + .png)): null

2018-11-27 17:28:58 - [TEST_STEP][PASSED] - Statement - counter = counter + 1: null

2018-11-27 17:28:58 - [TEST_STEP][PASSED] - Statement - PreSaveFile = new java.io.File(((pathPrefix + java.lang.Integer.toString(counter)) + .png)): null

2018-11-27 17:28:58 - [TEST_STEP][PASSED] - Statement - counter = counter + 1: null

2018-11-27 17:28:58 - [TEST_STEP][PASSED] - Statement - PreSaveFile = new java.io.File(((pathPrefix + java.lang.Integer.toString(counter)) + .png)): null

2018-11-27 17:28:58 - [TEST_STEP][PASSED] - Statement - counter = counter + 1: null

2018-11-27 17:28:58 - [TEST_STEP][PASSED] - Statement - PreSaveFile = new java.io.File(((pathPrefix + java.lang.Integer.toString(counter)) + .png)): null

2018-11-27 17:28:58 - [TEST_STEP][PASSED] - Statement - counter = counter + 1: null

2018-11-27 17:28:58 - [TEST_STEP][PASSED] - Statement - PreSaveFile = new java.io.File(((pathPrefix + java.lang.Integer.toString(counter)) + .png)): null

2018-11-27 17:28:58 - [TEST_STEP][PASSED] - Statement - finalPath = pathPrefix + java.lang.Integer.toString(counter) + ".png": null

2018-11-27 17:28:58 - [TEST_STEP][PASSED] - Statement - SaveFile = new java.io.File(finalPath): null

2018-11-27 17:28:58 - [TEST_STEP][PASSED] - Statement - Try: null

2018-11-27 17:28:58 - [TEST_STEP][PASSED] - Statement - org.apache.commons.io.FileUtils.copyFile(scrFile, SaveFile): null

2018-11-27 17:28:58 - [TEST_STEP][PASSED] - Statement - out.println("file kept"): null

2018-11-27 17:28:58 - [TEST_STEP][PASSED] - delay: Delayed 10 second(s)

2018-11-27 17:29:08 - [MESSAGE][PASSED] - Delayed 10 second(s)

2018-11-27 17:29:08 - [MESSAGE][PASSED] - Call Test Case 'Test Cases/Final Aug 2018 - PKS Automation/Common/Screenshoting tool' successfully

2018-11-27 17:29:08 - [TEST_STEP][PASSED] - callTestCase: Call Test Case 'Test Cases/Final Aug 2018 - PKS Automation/Registration Module/Log Out/log out avoiding katalon tagging' successfully

2018-11-27 17:29:08 - [TEST_CASE][PASSED] - Test Cases/Final Aug 2018 - PKS Automation/Registration Module/Log Out/log out avoiding katalon tagging: Test Cases/Final Aug 2018 - PKS Automation/Registration Module/Log Out/log out avoiding katalon tagging

2018-11-27 17:29:08 - [TEST_STEP][PASSED] - navigateToUrl: Navigate to 'https://assist2-uat.perkeso.gov.my/c/portal/logout' successfully

2018-11-27 17:29:09 - [MESSAGE][PASSED] - Navigate to 'https://assist2-uat.perkeso.gov.my/c/portal/logout' successfully

2018-11-27 17:29:09 - [MESSAGE][PASSED] - Call Test Case 'Test Cases/Final Aug 2018 - PKS Automation/Registration Module/Log Out/log out avoiding katalon tagging' successfully

2018-11-27 17:29:09 - [TEST_STEP][FAILED] - callTestCase: Unable to call Test Case with id 'Test Cases/Final Aug 2018 - PKS Automation/Common/Workflow Owner Finder' (Root cause: Call Test Case 'Test Cases/Final Aug 2018 - PKS Automation/Common/Workflow Owner Finder' failed)

2018-11-27 17:29:09 - [TEST_CASE][FAILED] - Test Cases/Final Aug 2018 - PKS Automation/Common/Workflow Owner Finder: Test Cases/Final Aug 2018 - PKS Automation/Common/Workflow Owner Finder FAILED because (of) (Stack trace: com.kms.katalon.core.exception.StepFailedException: Unable to click on object 'Object Repository/Final Object Repo/Landing Page/Select to English' (Root cause: com.kms.katalon.core.webui.exception.WebElementNotFoundException: Web element with id: 'Object Repository/Final Object Repo/Landing Page/Select to English' located by 'By.xpath: //a[@class = 'taglib-language-list-text' and @lang = 'en-US' and (contains(text(), 'EN') or contains(., 'EN'))]' not found)
	at com.kms.katalon.core.keyword.internal.KeywordMain.stepFailed(KeywordMain.groovy:32)
	at com.kms.katalon.core.webui.keyword.internal.WebUIKeywordMain.stepFailed(WebUIKeywordMain.groovy:65)
	at com.kms.katalon.core.webui.keyword.internal.WebUIKeywordMain.runKeyword(WebUIKeywordMain.groovy:27)
	at com.kms.katalon.core.webui.keyword.builtin.ClickKeyword.click(ClickKeyword.groovy:86)
	at com.kms.katalon.core.webui.keyword.builtin.ClickKeyword.execute(ClickKeyword.groovy:67)
	at com.kms.katalon.core.keyword.internal.KeywordExecutor.executeKeywordForPlatform(KeywordExecutor.groovy:53)
	at com.kms.katalon.core.webui.keyword.WebUiBuiltInKeywords.click(WebUiBuiltInKeywords.groovy:604)
	at com.kms.katalon.core.webui.keyword.WebUiBuiltInKeywords$click$6.call(Unknown Source)
	at Script1534407542420.run(Script1534407542420.groovy:57)
	at com.kms.katalon.core.main.ScriptEngine.run(ScriptEngine.java:183)
	at com.kms.katalon.core.main.ScriptEngine.runScriptAsRawText(ScriptEngine.java:108)
	at com.kms.katalon.core.main.TestCaseExecutor.runScript(TestCaseExecutor.java:294)
	at com.kms.katalon.core.main.TestCaseExecutor.doExecute(TestCaseExecutor.java:285)
	at com.kms.katalon.core.main.TestCaseExecutor.processExecutionPhase(TestCaseExecutor.java:264)
	at com.kms.katalon.core.main.TestCaseExecutor.accessMainPhase(TestCaseExecutor.java:256)
	at com.kms.katalon.core.main.TestCaseExecutor.execute(TestCaseExecutor.java:200)
	at com.kms.katalon.core.main.TestCaseMain.runTestCase(TestCaseMain.java:99)
	at com.kms.katalon.core.keyword.builtin.CallTestCaseKeyword$_callTestCase_closure1.doCall(CallTestCaseKeyword.groovy:60)
	at com.kms.katalon.core.keyword.builtin.CallTestCaseKeyword$_callTestCase_closure1.call(CallTestCaseKeyword.groovy)
	at com.kms.katalon.core.keyword.internal.KeywordMain.runKeyword(KeywordMain.groovy:54)
	at com.kms.katalon.core.keyword.builtin.CallTestCaseKeyword.callTestCase(CallTestCaseKeyword.groovy:81)
	at com.kms.katalon.core.keyword.builtin.CallTestCaseKeyword.execute(CallTestCaseKeyword.groovy:45)
	at com.kms.katalon.core.keyword.internal.KeywordExecutor.executeKeywordForPlatform(KeywordExecutor.groovy:53)
	at com.kms.katalon.core.keyword.BuiltinKeywords.callTestCase(BuiltinKeywords.groovy:334)
	at sun.reflect.GeneratedMethodAccessor13.invoke(Unknown Source)
	at sun.reflect.DelegatingMethodAccessorImpl.invoke(DelegatingMethodAccessorImpl.java:43)
	at java.lang.reflect.Method.invoke(Method.java:498)
	at org.codehaus.groovy.reflection.CachedMethod.invoke(CachedMethod.java:93)
	at groovy.lang.MetaMethod.doMethodInvoke(MetaMethod.java:325)
	at groovy.lang.MetaClassImpl.invokeStaticMethod(MetaClassImpl.java:1469)
	at org.codehaus.groovy.runtime.callsite.StaticMetaClassSite.call(StaticMetaClassSite.java:53)
	at org.codehaus.groovy.runtime.callsite.CallSiteArray.defaultCall(CallSiteArray.java:48)
	at org.codehaus.groovy.runtime.callsite.AbstractCallSite.call(AbstractCallSite.java:113)
	at org.codehaus.groovy.runtime.callsite.AbstractCallSite.call(AbstractCallSite.java:141)
	at Script1536116130372.run(Script1536116130372.groovy:121)
	at com.kms.katalon.core.main.ScriptEngine.run(ScriptEngine.java:183)
	at com.kms.katalon.core.main.ScriptEngine.runScriptAsRawText(ScriptEngine.java:108)
	at com.kms.katalon.core.main.TestCaseExecutor.runScript(TestCaseExecutor.java:294)
	at com.kms.katalon.core.main.TestCaseExecutor.doExecute(TestCaseExecutor.java:285)
	at com.kms.katalon.core.main.TestCaseExecutor.processExecutionPhase(TestCaseExecutor.java:264)
	at com.kms.katalon.core.main.TestCaseExecutor.accessMainPhase(TestCaseExecutor.java:256)
	at com.kms.katalon.core.main.TestCaseExecutor.execute(TestCaseExecutor.java:200)
	at com.kms.katalon.core.main.TestSuiteExecutor.accessTestCaseMainPhase(TestSuiteExecutor.java:129)
	at com.kms.katalon.core.main.TestSuiteExecutor.accessTestSuiteMainPhase(TestSuiteExecutor.java:112)
	at com.kms.katalon.core.main.TestSuiteExecutor.execute(TestSuiteExecutor.java:81)
	at com.kms.katalon.core.main.TestCaseMain.startTestSuite(TestCaseMain.java:142)
	at com.kms.katalon.core.main.TestCaseMain$startTestSuite$0.call(Unknown Source)
	at org.codehaus.groovy.runtime.callsite.CallSiteArray.defaultCall(CallSiteArray.java:48)
	at org.codehaus.groovy.runtime.callsite.AbstractCallSite.call(AbstractCallSite.java:113)
	at org.codehaus.groovy.runtime.callsite.AbstractCallSite.call(AbstractCallSite.java:141)
	at TempTestSuite1543287057153.run(TempTestSuite1543287057153.groovy:36)
	at groovy.lang.GroovyShell.runScriptOrMainOrTestOrRunnable(GroovyShell.java:263)
	at groovy.lang.GroovyShell.run(GroovyShell.java:518)
	at groovy.lang.GroovyShell.run(GroovyShell.java:507)
	at groovy.ui.GroovyMain.processOnce(GroovyMain.java:653)
	at groovy.ui.GroovyMain.run(GroovyMain.java:384)
	at groovy.ui.GroovyMain.process(GroovyMain.java:370)
	at groovy.ui.GroovyMain.processArgs(GroovyMain.java:129)
	at groovy.ui.GroovyMain.main(GroovyMain.java:109)
	at sun.reflect.NativeMethodAccessorImpl.invoke0(Native Method)
	at sun.reflect.NativeMethodAccessorImpl.invoke(NativeMethodAccessorImpl.java:62)
	at sun.reflect.DelegatingMethodAccessorImpl.invoke(DelegatingMethodAccessorImpl.java:43)
	at java.lang.reflect.Method.invoke(Method.java:498)
	at org.codehaus.groovy.tools.GroovyStarter.rootLoader(GroovyStarter.java:109)
	at org.codehaus.groovy.tools.GroovyStarter.main(GroovyStarter.java:131)
)

2018-11-27 17:29:09 - [TEST_STEP][PASSED] - openBrowser: Browser is opened with url: ''

2018-11-27 17:29:09 - [MESSAGE][WARNING] - A browser is already opened. Closing browser and opening a new one

2018-11-27 17:29:13 - [MESSAGE][PASSED] - Browser is opened with url: ''

2018-11-27 17:29:13 - [TEST_STEP][PASSED] - navigateToUrl: Navigate to 'https://assist2-uat.perkeso.gov.my/login' successfully

2018-11-27 17:29:14 - [MESSAGE][PASSED] - Navigate to 'https://assist2-uat.perkeso.gov.my/login' successfully

2018-11-27 17:29:14 - [TEST_STEP][PASSED] - delay: Delayed 5 second(s)

2018-11-27 17:29:19 - [MESSAGE][PASSED] - Delayed 5 second(s)

2018-11-27 17:29:19 - [TEST_STEP][PASSED] - setText: Text 'test@liferay.com' is set on object 'Object Repository/Final Object Repo/Login Page/Internal User/Email Address'

2018-11-27 17:29:19 - [MESSAGE][PASSED] - Text 'test@liferay.com' is set on object 'Object Repository/Final Object Repo/Login Page/Internal User/Email Address'

2018-11-27 17:29:19 - [TEST_STEP][PASSED] - click: Object: 'Object Repository/Final Object Repo/Login Page/Internal User/Next Button' is clicked on

2018-11-27 17:29:19 - [MESSAGE][PASSED] - Object: 'Object Repository/Final Object Repo/Login Page/Internal User/Next Button' is clicked on

2018-11-27 17:29:19 - [TEST_STEP][PASSED] - delay: Delayed 2 second(s)

2018-11-27 17:29:21 - [MESSAGE][PASSED] - Delayed 2 second(s)

2018-11-27 17:29:21 - [TEST_STEP][PASSED] - setText: Text 'test' is set on object 'Object Repository/Final Object Repo/Login Page/Internal User/Password'

2018-11-27 17:29:22 - [MESSAGE][PASSED] - Text 'test' is set on object 'Object Repository/Final Object Repo/Login Page/Internal User/Password'

2018-11-27 17:29:22 - [TEST_STEP][PASSED] - delay: Delayed 2 second(s)

2018-11-27 17:29:24 - [MESSAGE][PASSED] - Delayed 2 second(s)

2018-11-27 17:29:24 - [TEST_STEP][PASSED] - click: Object: 'Object Repository/Final Object Repo/Login Page/Internal User/Login Button' is clicked on

2018-11-27 17:29:24 - [MESSAGE][PASSED] - Object: 'Object Repository/Final Object Repo/Login Page/Internal User/Login Button' is clicked on

2018-11-27 17:29:24 - [TEST_STEP][FAILED] - Statement - Try: Delayed 2 second(s)

2018-11-27 17:29:24 - [TEST_STEP][PASSED] - Statement - Checker = false: null

2018-11-27 17:29:24 - [TEST_STEP][PASSED] - Statement - Checker = com.kms.katalon.core.webui.keyword.WebUiBuiltInKeywords.verifyElementHasAttribute(com.kms.katalon.core.testobject.ObjectRepository.findTestObject(Final Object Repo/Landing Page/BM Detecting), "href", 20, OPTIONAL): Unable to verify if object 'Object Repository/Final Object Repo/Landing Page/BM Detecting' has attribute 'href' (Root cause: org.openqa.selenium.StaleElementReferenceException: stale element reference: element is not attached to the page document
  (Session info: chrome=70.0.3538.102)
  (Driver info: chromedriver=2.43.600210 (68dcf5eebde37173d4027fa8635e332711d2874a),platform=Windows NT 6.1.7601 SP1 x86_64) (WARNING: The server did not provide any stacktrace information)
Command duration or timeout: 0 milliseconds
For documentation on this error, please visit: http://seleniumhq.org/exceptions/stale_element_reference.html
Build info: version: '3.7.1', revision: '8a0099a', time: '2017-11-06T21:07:36.161Z'
System info: host: 'WIN7TEST02', ip: '10.20.3.72', os.name: 'Windows 7', os.arch: 'amd64', os.version: '6.1', java.version: '1.8.0_181'
Driver info: com.kms.katalon.selenium.driver.CChromeDriver
Capabilities {acceptInsecureCerts: false, acceptSslCerts: false, applicationCacheEnabled: false, browserConnectionEnabled: false, browserName: chrome, chrome: {chromedriverVersion: 2.43.600210 (68dcf5eebde371..., userDataDir: C:\Users\Admin\AppData\Loca...}, cssSelectorsEnabled: true, databaseEnabled: false, goog:chromeOptions: {debuggerAddress: localhost:64759}, handlesAlerts: true, hasTouchScreen: false, javascriptEnabled: true, locationContextEnabled: true, mobileEmulationEnabled: false, nativeEvents: true, networkConnectionEnabled: false, pageLoadStrategy: normal, platform: XP, platformName: XP, rotatable: false, setWindowRect: true, takesHeapSnapshot: true, takesScreenshot: true, unexpectedAlertBehaviour: , unhandledPromptBehavior: , version: 70.0.3538.102, webStorageEnabled: true}
Session ID: 46528b71121fc9c82bedcd1f9a153cb0)

2018-11-27 17:29:26 - [MESSAGE][WARNING] - Unable to verify if object 'Object Repository/Final Object Repo/Landing Page/BM Detecting' has attribute 'href' (Root cause: org.openqa.selenium.StaleElementReferenceException: stale element reference: element is not attached to the page document
  (Session info: chrome=70.0.3538.102)
  (Driver info: chromedriver=2.43.600210 (68dcf5eebde37173d4027fa8635e332711d2874a),platform=Windows NT 6.1.7601 SP1 x86_64) (WARNING: The server did not provide any stacktrace information)
Command duration or timeout: 0 milliseconds
For documentation on this error, please visit: http://seleniumhq.org/exceptions/stale_element_reference.html
Build info: version: '3.7.1', revision: '8a0099a', time: '2017-11-06T21:07:36.161Z'
System info: host: 'WIN7TEST02', ip: '10.20.3.72', os.name: 'Windows 7', os.arch: 'amd64', os.version: '6.1', java.version: '1.8.0_181'
Driver info: com.kms.katalon.selenium.driver.CChromeDriver
Capabilities {acceptInsecureCerts: false, acceptSslCerts: false, applicationCacheEnabled: false, browserConnectionEnabled: false, browserName: chrome, chrome: {chromedriverVersion: 2.43.600210 (68dcf5eebde371..., userDataDir: C:\Users\Admin\AppData\Loca...}, cssSelectorsEnabled: true, databaseEnabled: false, goog:chromeOptions: {debuggerAddress: localhost:64759}, handlesAlerts: true, hasTouchScreen: false, javascriptEnabled: true, locationContextEnabled: true, mobileEmulationEnabled: false, nativeEvents: true, networkConnectionEnabled: false, pageLoadStrategy: normal, platform: XP, platformName: XP, rotatable: false, setWindowRect: true, takesHeapSnapshot: true, takesScreenshot: true, unexpectedAlertBehaviour: , unhandledPromptBehavior: , version: 70.0.3538.102, webStorageEnabled: true}
Session ID: 46528b71121fc9c82bedcd1f9a153cb0)
[[ATTACHMENT|C:\\Users\\Admin\\Desktop\\PKS\\Perkeso Phase A\\Reports\\Workflow\\Update Add New Employee\\20181127_105057\\1543310966582.png]]

2018-11-27 17:29:26 - [TEST_STEP][PASSED] - Statement - out.println(Checker): null

2018-11-27 17:29:26 - [TEST_STEP][FAILED] - Statement - If (Checker == false): Unable to click on object 'Object Repository/Final Object Repo/Landing Page/Select to English' (Root cause: com.kms.katalon.core.webui.exception.WebElementNotFoundException: Web element with id: 'Object Repository/Final Object Repo/Landing Page/Select to English' located by 'By.xpath: //a[@class = 'taglib-language-list-text' and @lang = 'en-US' and (contains(text(), 'EN') or contains(., 'EN'))]' not found)

2018-11-27 17:29:26 - [TEST_STEP][FAILED] - click: Unable to click on object 'Object Repository/Final Object Repo/Landing Page/Select to English' (Root cause: com.kms.katalon.core.webui.exception.WebElementNotFoundException: Web element with id: 'Object Repository/Final Object Repo/Landing Page/Select to English' located by 'By.xpath: //a[@class = 'taglib-language-list-text' and @lang = 'en-US' and (contains(text(), 'EN') or contains(., 'EN'))]' not found)

2018-11-27 17:30:04 - [MESSAGE][FAILED] - Unable to click on object 'Object Repository/Final Object Repo/Landing Page/Select to English' (Root cause: com.kms.katalon.core.webui.exception.WebElementNotFoundException: Web element with id: 'Object Repository/Final Object Repo/Landing Page/Select to English' located by 'By.xpath: //a[@class = 'taglib-language-list-text' and @lang = 'en-US' and (contains(text(), 'EN') or contains(., 'EN'))]' not found)
[[ATTACHMENT|C:\\Users\\Admin\\Desktop\\PKS\\Perkeso Phase A\\Reports\\Workflow\\Update Add New Employee\\20181127_105057\\1543311003832.png]]

2018-11-27 17:30:04 - [TEST_STEP][PASSED] - delay: Delayed 2 second(s)

2018-11-27 17:30:06 - [MESSAGE][PASSED] - Delayed 2 second(s)

2018-11-27 17:30:06 - [TEST_STEP][PASSED] - delay: Delayed 3 second(s)

2018-11-27 17:30:09 - [MESSAGE][PASSED] - Delayed 3 second(s)

2018-11-27 17:30:09 - [TEST_STEP][PASSED] - mouseOver: Object: 'Object Repository/Final Object Repo/Landing Page/WorkFlow Menu' is hovered

2018-11-27 17:30:09 - [MESSAGE][PASSED] - Object: 'Object Repository/Final Object Repo/Landing Page/WorkFlow Menu' is hovered

2018-11-27 17:30:09 - [TEST_STEP][PASSED] - delay: Delayed 2 second(s)

2018-11-27 17:30:11 - [MESSAGE][PASSED] - Delayed 2 second(s)

2018-11-27 17:30:11 - [TEST_STEP][PASSED] - click: Object: 'Object Repository/Final Object Repo/Landing Page/Select to Workflow Listing' is clicked on

2018-11-27 17:30:12 - [MESSAGE][PASSED] - Object: 'Object Repository/Final Object Repo/Landing Page/Select to Workflow Listing' is clicked on

2018-11-27 17:30:12 - [TEST_STEP][PASSED] - delay: Delayed 2 second(s)

2018-11-27 17:30:14 - [MESSAGE][PASSED] - Delayed 2 second(s)

2018-11-27 17:30:14 - [TEST_STEP][PASSED] - click: Object: 'Object Repository/Final Object Repo/WorkFlow Listing Page/Search Information - To Put Ref No' is clicked on

2018-11-27 17:30:14 - [MESSAGE][PASSED] - Object: 'Object Repository/Final Object Repo/WorkFlow Listing Page/Search Information - To Put Ref No' is clicked on

2018-11-27 17:30:14 - [TEST_STEP][PASSED] - delay: Delayed 2 second(s)

2018-11-27 17:30:16 - [MESSAGE][PASSED] - Delayed 2 second(s)

2018-11-27 17:30:16 - [TEST_STEP][PASSED] - callTestCase: Call Test Case 'Test Cases/Final Aug 2018 - PKS Automation/Common/Reference Number Getter' successfully

2018-11-27 17:30:16 - [TEST_CASE][PASSED] - Test Cases/Final Aug 2018 - PKS Automation/Common/Reference Number Getter: Test Cases/Final Aug 2018 - PKS Automation/Common/Reference Number Getter

2018-11-27 17:30:16 - [TEST_STEP][PASSED] - Statement - Try: null

2018-11-27 17:30:16 - [TEST_STEP][PASSED] - Statement - RefNo = new java.io.File(C://Users//Admin//Desktop//PKS//Automation Reference Point//KatalonReference.txt): null

2018-11-27 17:30:16 - [TEST_STEP][PASSED] - Statement - bufferread = new java.io.BufferedReader(new java.io.FileReader(RefNo)): null

2018-11-27 17:30:16 - [TEST_STEP][PASSED] - Statement - readedVal = bufferread.readLine(): null

2018-11-27 17:30:16 - [TEST_STEP][PASSED] - Statement - out.println(CaseReferenceNo): null

2018-11-27 17:30:16 - [TEST_STEP][PASSED] - Statement - out.println(readedVal): null

2018-11-27 17:30:16 - [TEST_STEP][PASSED] - Statement - CaseReferenceNo = "": null

2018-11-27 17:30:16 - [TEST_STEP][PASSED] - Statement - CaseReferenceNo = readedVal: null

2018-11-27 17:30:16 - [MESSAGE][PASSED] - Call Test Case 'Test Cases/Final Aug 2018 - PKS Automation/Common/Reference Number Getter' successfully

2018-11-27 17:30:16 - [TEST_STEP][PASSED] - setText: Text 'CAN11201800002207' is set on object 'Object Repository/Final Object Repo/WorkFlow Listing Page/Ref No Set Text'

2018-11-27 17:30:17 - [MESSAGE][PASSED] - Text 'CAN11201800002207' is set on object 'Object Repository/Final Object Repo/WorkFlow Listing Page/Ref No Set Text'

2018-11-27 17:30:17 - [TEST_STEP][PASSED] - delay: Delayed 2 second(s)

2018-11-27 17:30:19 - [MESSAGE][PASSED] - Delayed 2 second(s)

2018-11-27 17:30:19 - [TEST_STEP][PASSED] - click: Object: 'Object Repository/Final Object Repo/WorkFlow Listing Page/Search Ref No Search Button' is clicked on

2018-11-27 17:30:19 - [MESSAGE][PASSED] - Object: 'Object Repository/Final Object Repo/WorkFlow Listing Page/Search Ref No Search Button' is clicked on

2018-11-27 17:30:19 - [TEST_STEP][PASSED] - delay: Delayed 4 second(s)

2018-11-27 17:30:23 - [MESSAGE][PASSED] - Delayed 4 second(s)

2018-11-27 17:30:23 - [TEST_STEP][PASSED] - click: Object: 'Object Repository/Final Object Repo/WorkFlow Listing Page/Click Continue Tooltip' is clicked on

2018-11-27 17:30:24 - [MESSAGE][PASSED] - Object: 'Object Repository/Final Object Repo/WorkFlow Listing Page/Click Continue Tooltip' is clicked on

2018-11-27 17:30:24 - [TEST_STEP][PASSED] - delay: Delayed 5 second(s)

2018-11-27 17:30:29 - [MESSAGE][PASSED] - Delayed 5 second(s)

2018-11-27 17:30:29 - [TEST_STEP][PASSED] - doubleClick: Object: 'Object Repository/Final Object Repo/WorkFlow Listing Page/Workflow Found - Listing 1' is double clicked on

2018-11-27 17:30:29 - [MESSAGE][PASSED] - Object: 'Object Repository/Final Object Repo/WorkFlow Listing Page/Workflow Found - Listing 1' is double clicked on

2018-11-27 17:30:29 - [TEST_STEP][PASSED] - Statement - println(OwnerID): null

2018-11-27 17:30:29 - [TEST_STEP][PASSED] - Statement - OwnerID = com.kms.katalon.core.webui.keyword.WebUiBuiltInKeywords.getText(com.kms.katalon.core.testobject.ObjectRepository.findTestObject(Final Object Repo/WorkFlow Listing Page/Workflow Found - Listing 1), STOP_ON_FAILURE): Text of object 'Object Repository/Final Object Repo/WorkFlow Listing Page/Workflow Found - Listing 1' is: 'JOHORro3'

2018-11-27 17:30:29 - [MESSAGE][PASSED] - Text of object 'Object Repository/Final Object Repo/WorkFlow Listing Page/Workflow Found - Listing 1' is: 'JOHORro3'

2018-11-27 17:30:29 - [TEST_STEP][PASSED] - Statement - OwnerID = OwnerID.toLowerCase() + "@gmail.com": null

2018-11-27 17:30:29 - [TEST_STEP][PASSED] - Statement - println(OwnerID): null

2018-11-27 17:30:29 - [TEST_STEP][PASSED] - delay: Delayed 2 second(s)

2018-11-27 17:30:31 - [MESSAGE][PASSED] - Delayed 2 second(s)

2018-11-27 17:30:31 - [MESSAGE][FAILED] - Unable to call Test Case with id 'Test Cases/Final Aug 2018 - PKS Automation/Common/Workflow Owner Finder' (Root cause: Call Test Case 'Test Cases/Final Aug 2018 - PKS Automation/Common/Workflow Owner Finder' failed)]]></system-out>
         <system-err><![CDATA[2018-11-27 17:19:18 - [TEST_CASE][FAILED] - Test Cases/Final Aug 2018 - PKS Automation/Registration Module/Workflow/Update Add New Employee/Special Case (PKR BO - RO Approve): Test Cases/Final Aug 2018 - PKS Automation/Registration Module/Workflow/Update Add New Employee/Special Case (PKR BO - RO Approve) FAILED because (of) (Stack trace: com.kms.katalon.core.exception.StepFailedException: Unable to click on object 'Object Repository/Final Object Repo/Landing Page/Select to English' (Root cause: com.kms.katalon.core.webui.exception.WebElementNotFoundException: Web element with id: 'Object Repository/Final Object Repo/Landing Page/Select to English' located by 'By.xpath: //a[@class = 'taglib-language-list-text' and @lang = 'en-US' and (contains(text(), 'EN') or contains(., 'EN'))]' not found)
	at com.kms.katalon.core.keyword.internal.KeywordMain.stepFailed(KeywordMain.groovy:32)
	at com.kms.katalon.core.webui.keyword.internal.WebUIKeywordMain.stepFailed(WebUIKeywordMain.groovy:65)
	at com.kms.katalon.core.webui.keyword.internal.WebUIKeywordMain.runKeyword(WebUIKeywordMain.groovy:27)
	at com.kms.katalon.core.webui.keyword.builtin.ClickKeyword.click(ClickKeyword.groovy:86)
	at com.kms.katalon.core.webui.keyword.builtin.ClickKeyword.execute(ClickKeyword.groovy:67)
	at com.kms.katalon.core.keyword.internal.KeywordExecutor.executeKeywordForPlatform(KeywordExecutor.groovy:53)
	at com.kms.katalon.core.webui.keyword.WebUiBuiltInKeywords.click(WebUiBuiltInKeywords.groovy:604)
	at com.kms.katalon.core.webui.keyword.WebUiBuiltInKeywords$click$6.call(Unknown Source)
	at Script1534407542420.run(Script1534407542420.groovy:57)
	at com.kms.katalon.core.main.ScriptEngine.run(ScriptEngine.java:183)
	at com.kms.katalon.core.main.ScriptEngine.runScriptAsRawText(ScriptEngine.java:108)
	at com.kms.katalon.core.main.TestCaseExecutor.runScript(TestCaseExecutor.java:294)
	at com.kms.katalon.core.main.TestCaseExecutor.doExecute(TestCaseExecutor.java:285)
	at com.kms.katalon.core.main.TestCaseExecutor.processExecutionPhase(TestCaseExecutor.java:264)
	at com.kms.katalon.core.main.TestCaseExecutor.accessMainPhase(TestCaseExecutor.java:256)
	at com.kms.katalon.core.main.TestCaseExecutor.execute(TestCaseExecutor.java:200)
	at com.kms.katalon.core.main.TestCaseMain.runTestCase(TestCaseMain.java:99)
	at com.kms.katalon.core.keyword.builtin.CallTestCaseKeyword$_callTestCase_closure1.doCall(CallTestCaseKeyword.groovy:60)
	at com.kms.katalon.core.keyword.builtin.CallTestCaseKeyword$_callTestCase_closure1.call(CallTestCaseKeyword.groovy)
	at com.kms.katalon.core.keyword.internal.KeywordMain.runKeyword(KeywordMain.groovy:54)
	at com.kms.katalon.core.keyword.builtin.CallTestCaseKeyword.callTestCase(CallTestCaseKeyword.groovy:81)
	at com.kms.katalon.core.keyword.builtin.CallTestCaseKeyword.execute(CallTestCaseKeyword.groovy:45)
	at com.kms.katalon.core.keyword.internal.KeywordExecutor.executeKeywordForPlatform(KeywordExecutor.groovy:53)
	at com.kms.katalon.core.keyword.BuiltinKeywords.callTestCase(BuiltinKeywords.groovy:334)
	at sun.reflect.GeneratedMethodAccessor13.invoke(Unknown Source)
	at sun.reflect.DelegatingMethodAccessorImpl.invoke(DelegatingMethodAccessorImpl.java:43)
	at java.lang.reflect.Method.invoke(Method.java:498)
	at org.codehaus.groovy.reflection.CachedMethod.invoke(CachedMethod.java:93)
	at groovy.lang.MetaMethod.doMethodInvoke(MetaMethod.java:325)
	at groovy.lang.MetaClassImpl.invokeStaticMethod(MetaClassImpl.java:1469)
	at org.codehaus.groovy.runtime.callsite.StaticMetaClassSite.call(StaticMetaClassSite.java:53)
	at org.codehaus.groovy.runtime.callsite.CallSiteArray.defaultCall(CallSiteArray.java:48)
	at org.codehaus.groovy.runtime.callsite.AbstractCallSite.call(AbstractCallSite.java:113)
	at org.codehaus.groovy.runtime.callsite.AbstractCallSite.call(AbstractCallSite.java:141)
	at Script1536116130372.run(Script1536116130372.groovy:121)
	at com.kms.katalon.core.main.ScriptEngine.run(ScriptEngine.java:183)
	at com.kms.katalon.core.main.ScriptEngine.runScriptAsRawText(ScriptEngine.java:108)
	at com.kms.katalon.core.main.TestCaseExecutor.runScript(TestCaseExecutor.java:294)
	at com.kms.katalon.core.main.TestCaseExecutor.doExecute(TestCaseExecutor.java:285)
	at com.kms.katalon.core.main.TestCaseExecutor.processExecutionPhase(TestCaseExecutor.java:264)
	at com.kms.katalon.core.main.TestCaseExecutor.accessMainPhase(TestCaseExecutor.java:256)
	at com.kms.katalon.core.main.TestCaseExecutor.execute(TestCaseExecutor.java:200)
	at com.kms.katalon.core.main.TestSuiteExecutor.accessTestCaseMainPhase(TestSuiteExecutor.java:129)
	at com.kms.katalon.core.main.TestSuiteExecutor.accessTestSuiteMainPhase(TestSuiteExecutor.java:112)
	at com.kms.katalon.core.main.TestSuiteExecutor.execute(TestSuiteExecutor.java:81)
	at com.kms.katalon.core.main.TestCaseMain.startTestSuite(TestCaseMain.java:142)
	at com.kms.katalon.core.main.TestCaseMain$startTestSuite$0.call(Unknown Source)
	at org.codehaus.groovy.runtime.callsite.CallSiteArray.defaultCall(CallSiteArray.java:48)
	at org.codehaus.groovy.runtime.callsite.AbstractCallSite.call(AbstractCallSite.java:113)
	at org.codehaus.groovy.runtime.callsite.AbstractCallSite.call(AbstractCallSite.java:141)
	at TempTestSuite1543287057153.run(TempTestSuite1543287057153.groovy:36)
	at groovy.lang.GroovyShell.runScriptOrMainOrTestOrRunnable(GroovyShell.java:263)
	at groovy.lang.GroovyShell.run(GroovyShell.java:518)
	at groovy.lang.GroovyShell.run(GroovyShell.java:507)
	at groovy.ui.GroovyMain.processOnce(GroovyMain.java:653)
	at groovy.ui.GroovyMain.run(GroovyMain.java:384)
	at groovy.ui.GroovyMain.process(GroovyMain.java:370)
	at groovy.ui.GroovyMain.processArgs(GroovyMain.java:129)
	at groovy.ui.GroovyMain.main(GroovyMain.java:109)
	at sun.reflect.NativeMethodAccessorImpl.invoke0(Native Method)
	at sun.reflect.NativeMethodAccessorImpl.invoke(NativeMethodAccessorImpl.java:62)
	at sun.reflect.DelegatingMethodAccessorImpl.invoke(DelegatingMethodAccessorImpl.java:43)
	at java.lang.reflect.Method.invoke(Method.java:498)
	at org.codehaus.groovy.tools.GroovyStarter.rootLoader(GroovyStarter.java:109)
	at org.codehaus.groovy.tools.GroovyStarter.main(GroovyStarter.java:131)
)]]></system-err>
      </testcase>
      <testcase name="Test Cases/Final Aug 2018 - PKS Automation/Registration Module/Workflow/Update Add New Employee/Special Case (PKR BO - RO Query - OTC Upload Pending Case - RO Approve)" classname="Test Cases/Final Aug 2018 - PKS Automation/Registration Module/Workflow/Update Add New Employee/Special Case (PKR BO - RO Query - OTC Upload Pending Case - RO Approve)" status="FAILED">
         <failure type="FAILED" message="(Stack trace: com.kms.katalon.core.exception.StepFailedException: Unable to click on object 'Object Repository/Final Object Repo/Landing Page/Select to English' (Root cause: com.kms.katalon.core.webui.exception.WebElementNotFoundException: Web element with id: 'Object Repository/Final Object Repo/Landing Page/Select to English' located by 'By.xpath: //a[@class = 'taglib-language-list-text' and @lang = 'en-US' and (contains(text(), 'EN') or contains(., 'EN'))]' not found)
	at com.kms.katalon.core.keyword.internal.KeywordMain.stepFailed(KeywordMain.groovy:32)
	at com.kms.katalon.core.webui.keyword.internal.WebUIKeywordMain.stepFailed(WebUIKeywordMain.groovy:65)
	at com.kms.katalon.core.webui.keyword.internal.WebUIKeywordMain.runKeyword(WebUIKeywordMain.groovy:27)
	at com.kms.katalon.core.webui.keyword.builtin.ClickKeyword.click(ClickKeyword.groovy:86)
	at com.kms.katalon.core.webui.keyword.builtin.ClickKeyword.execute(ClickKeyword.groovy:67)
	at com.kms.katalon.core.keyword.internal.KeywordExecutor.executeKeywordForPlatform(KeywordExecutor.groovy:53)
	at com.kms.katalon.core.webui.keyword.WebUiBuiltInKeywords.click(WebUiBuiltInKeywords.groovy:604)
	at com.kms.katalon.core.webui.keyword.WebUiBuiltInKeywords$click$6.call(Unknown Source)
	at Script1534407542420.run(Script1534407542420.groovy:57)
	at com.kms.katalon.core.main.ScriptEngine.run(ScriptEngine.java:183)
	at com.kms.katalon.core.main.ScriptEngine.runScriptAsRawText(ScriptEngine.java:108)
	at com.kms.katalon.core.main.TestCaseExecutor.runScript(TestCaseExecutor.java:294)
	at com.kms.katalon.core.main.TestCaseExecutor.doExecute(TestCaseExecutor.java:285)
	at com.kms.katalon.core.main.TestCaseExecutor.processExecutionPhase(TestCaseExecutor.java:264)
	at com.kms.katalon.core.main.TestCaseExecutor.accessMainPhase(TestCaseExecutor.java:256)
	at com.kms.katalon.core.main.TestCaseExecutor.execute(TestCaseExecutor.java:200)
	at com.kms.katalon.core.main.TestCaseMain.runTestCase(TestCaseMain.java:99)
	at com.kms.katalon.core.keyword.builtin.CallTestCaseKeyword$_callTestCase_closure1.doCall(CallTestCaseKeyword.groovy:60)
	at com.kms.katalon.core.keyword.builtin.CallTestCaseKeyword$_callTestCase_closure1.call(CallTestCaseKeyword.groovy)
	at com.kms.katalon.core.keyword.internal.KeywordMain.runKeyword(KeywordMain.groovy:54)
	at com.kms.katalon.core.keyword.builtin.CallTestCaseKeyword.callTestCase(CallTestCaseKeyword.groovy:81)
	at com.kms.katalon.core.keyword.builtin.CallTestCaseKeyword.execute(CallTestCaseKeyword.groovy:45)
	at com.kms.katalon.core.keyword.internal.KeywordExecutor.executeKeywordForPlatform(KeywordExecutor.groovy:53)
	at com.kms.katalon.core.keyword.BuiltinKeywords.callTestCase(BuiltinKeywords.groovy:334)
	at sun.reflect.GeneratedMethodAccessor13.invoke(Unknown Source)
	at sun.reflect.DelegatingMethodAccessorImpl.invoke(DelegatingMethodAccessorImpl.java:43)
	at java.lang.reflect.Method.invoke(Method.java:498)
	at org.codehaus.groovy.reflection.CachedMethod.invoke(CachedMethod.java:93)
	at groovy.lang.MetaMethod.doMethodInvoke(MetaMethod.java:325)
	at groovy.lang.MetaClassImpl.invokeStaticMethod(MetaClassImpl.java:1469)
	at org.codehaus.groovy.runtime.callsite.StaticMetaClassSite.call(StaticMetaClassSite.java:53)
	at org.codehaus.groovy.runtime.callsite.CallSiteArray.defaultCall(CallSiteArray.java:48)
	at org.codehaus.groovy.runtime.callsite.AbstractCallSite.call(AbstractCallSite.java:113)
	at org.codehaus.groovy.runtime.callsite.AbstractCallSite.call(AbstractCallSite.java:141)
	at Script1536220866356.run(Script1536220866356.groovy:125)
	at com.kms.katalon.core.main.ScriptEngine.run(ScriptEngine.java:183)
	at com.kms.katalon.core.main.ScriptEngine.runScriptAsRawText(ScriptEngine.java:108)
	at com.kms.katalon.core.main.TestCaseExecutor.runScript(TestCaseExecutor.java:294)
	at com.kms.katalon.core.main.TestCaseExecutor.doExecute(TestCaseExecutor.java:285)
	at com.kms.katalon.core.main.TestCaseExecutor.processExecutionPhase(TestCaseExecutor.java:264)
	at com.kms.katalon.core.main.TestCaseExecutor.accessMainPhase(TestCaseExecutor.java:256)
	at com.kms.katalon.core.main.TestCaseExecutor.execute(TestCaseExecutor.java:200)
	at com.kms.katalon.core.main.TestSuiteExecutor.accessTestCaseMainPhase(TestSuiteExecutor.java:129)
	at com.kms.katalon.core.main.TestSuiteExecutor.accessTestSuiteMainPhase(TestSuiteExecutor.java:112)
	at com.kms.katalon.core.main.TestSuiteExecutor.execute(TestSuiteExecutor.java:81)
	at com.kms.katalon.core.main.TestCaseMain.startTestSuite(TestCaseMain.java:142)
	at com.kms.katalon.core.main.TestCaseMain$startTestSuite$0.call(Unknown Source)
	at org.codehaus.groovy.runtime.callsite.CallSiteArray.defaultCall(CallSiteArray.java:48)
	at org.codehaus.groovy.runtime.callsite.AbstractCallSite.call(AbstractCallSite.java:113)
	at org.codehaus.groovy.runtime.callsite.AbstractCallSite.call(AbstractCallSite.java:141)
	at TempTestSuite1543287057153.run(TempTestSuite1543287057153.groovy:36)
	at groovy.lang.GroovyShell.runScriptOrMainOrTestOrRunnable(GroovyShell.java:263)
	at groovy.lang.GroovyShell.run(GroovyShell.java:518)
	at groovy.lang.GroovyShell.run(GroovyShell.java:507)
	at groovy.ui.GroovyMain.processOnce(GroovyMain.java:653)
	at groovy.ui.GroovyMain.run(GroovyMain.java:384)
	at groovy.ui.GroovyMain.process(GroovyMain.java:370)
	at groovy.ui.GroovyMain.processArgs(GroovyMain.java:129)
	at groovy.ui.GroovyMain.main(GroovyMain.java:109)
	at sun.reflect.NativeMethodAccessorImpl.invoke0(Native Method)
	at sun.reflect.NativeMethodAccessorImpl.invoke(NativeMethodAccessorImpl.java:62)
	at sun.reflect.DelegatingMethodAccessorImpl.invoke(DelegatingMethodAccessorImpl.java:43)
	at java.lang.reflect.Method.invoke(Method.java:498)
	at org.codehaus.groovy.tools.GroovyStarter.rootLoader(GroovyStarter.java:109)
	at org.codehaus.groovy.tools.GroovyStarter.main(GroovyStarter.java:131)
)"/>
         <system-out><![CDATA[2018-11-27 17:30:31 - [TEST_CASE][FAILED] - Test Cases/Final Aug 2018 - PKS Automation/Registration Module/Workflow/Update Add New Employee/Special Case (PKR BO - RO Query - OTC Upload Pending Case - RO Approve): Test Cases/Final Aug 2018 - PKS Automation/Registration Module/Workflow/Update Add New Employee/Special Case (PKR BO - RO Query - OTC Upload Pending Case - RO Approve) FAILED because (of) (Stack trace: com.kms.katalon.core.exception.StepFailedException: Unable to click on object 'Object Repository/Final Object Repo/Landing Page/Select to English' (Root cause: com.kms.katalon.core.webui.exception.WebElementNotFoundException: Web element with id: 'Object Repository/Final Object Repo/Landing Page/Select to English' located by 'By.xpath: //a[@class = 'taglib-language-list-text' and @lang = 'en-US' and (contains(text(), 'EN') or contains(., 'EN'))]' not found)
	at com.kms.katalon.core.keyword.internal.KeywordMain.stepFailed(KeywordMain.groovy:32)
	at com.kms.katalon.core.webui.keyword.internal.WebUIKeywordMain.stepFailed(WebUIKeywordMain.groovy:65)
	at com.kms.katalon.core.webui.keyword.internal.WebUIKeywordMain.runKeyword(WebUIKeywordMain.groovy:27)
	at com.kms.katalon.core.webui.keyword.builtin.ClickKeyword.click(ClickKeyword.groovy:86)
	at com.kms.katalon.core.webui.keyword.builtin.ClickKeyword.execute(ClickKeyword.groovy:67)
	at com.kms.katalon.core.keyword.internal.KeywordExecutor.executeKeywordForPlatform(KeywordExecutor.groovy:53)
	at com.kms.katalon.core.webui.keyword.WebUiBuiltInKeywords.click(WebUiBuiltInKeywords.groovy:604)
	at com.kms.katalon.core.webui.keyword.WebUiBuiltInKeywords$click$6.call(Unknown Source)
	at Script1534407542420.run(Script1534407542420.groovy:57)
	at com.kms.katalon.core.main.ScriptEngine.run(ScriptEngine.java:183)
	at com.kms.katalon.core.main.ScriptEngine.runScriptAsRawText(ScriptEngine.java:108)
	at com.kms.katalon.core.main.TestCaseExecutor.runScript(TestCaseExecutor.java:294)
	at com.kms.katalon.core.main.TestCaseExecutor.doExecute(TestCaseExecutor.java:285)
	at com.kms.katalon.core.main.TestCaseExecutor.processExecutionPhase(TestCaseExecutor.java:264)
	at com.kms.katalon.core.main.TestCaseExecutor.accessMainPhase(TestCaseExecutor.java:256)
	at com.kms.katalon.core.main.TestCaseExecutor.execute(TestCaseExecutor.java:200)
	at com.kms.katalon.core.main.TestCaseMain.runTestCase(TestCaseMain.java:99)
	at com.kms.katalon.core.keyword.builtin.CallTestCaseKeyword$_callTestCase_closure1.doCall(CallTestCaseKeyword.groovy:60)
	at com.kms.katalon.core.keyword.builtin.CallTestCaseKeyword$_callTestCase_closure1.call(CallTestCaseKeyword.groovy)
	at com.kms.katalon.core.keyword.internal.KeywordMain.runKeyword(KeywordMain.groovy:54)
	at com.kms.katalon.core.keyword.builtin.CallTestCaseKeyword.callTestCase(CallTestCaseKeyword.groovy:81)
	at com.kms.katalon.core.keyword.builtin.CallTestCaseKeyword.execute(CallTestCaseKeyword.groovy:45)
	at com.kms.katalon.core.keyword.internal.KeywordExecutor.executeKeywordForPlatform(KeywordExecutor.groovy:53)
	at com.kms.katalon.core.keyword.BuiltinKeywords.callTestCase(BuiltinKeywords.groovy:334)
	at sun.reflect.GeneratedMethodAccessor13.invoke(Unknown Source)
	at sun.reflect.DelegatingMethodAccessorImpl.invoke(DelegatingMethodAccessorImpl.java:43)
	at java.lang.reflect.Method.invoke(Method.java:498)
	at org.codehaus.groovy.reflection.CachedMethod.invoke(CachedMethod.java:93)
	at groovy.lang.MetaMethod.doMethodInvoke(MetaMethod.java:325)
	at groovy.lang.MetaClassImpl.invokeStaticMethod(MetaClassImpl.java:1469)
	at org.codehaus.groovy.runtime.callsite.StaticMetaClassSite.call(StaticMetaClassSite.java:53)
	at org.codehaus.groovy.runtime.callsite.CallSiteArray.defaultCall(CallSiteArray.java:48)
	at org.codehaus.groovy.runtime.callsite.AbstractCallSite.call(AbstractCallSite.java:113)
	at org.codehaus.groovy.runtime.callsite.AbstractCallSite.call(AbstractCallSite.java:141)
	at Script1536220866356.run(Script1536220866356.groovy:125)
	at com.kms.katalon.core.main.ScriptEngine.run(ScriptEngine.java:183)
	at com.kms.katalon.core.main.ScriptEngine.runScriptAsRawText(ScriptEngine.java:108)
	at com.kms.katalon.core.main.TestCaseExecutor.runScript(TestCaseExecutor.java:294)
	at com.kms.katalon.core.main.TestCaseExecutor.doExecute(TestCaseExecutor.java:285)
	at com.kms.katalon.core.main.TestCaseExecutor.processExecutionPhase(TestCaseExecutor.java:264)
	at com.kms.katalon.core.main.TestCaseExecutor.accessMainPhase(TestCaseExecutor.java:256)
	at com.kms.katalon.core.main.TestCaseExecutor.execute(TestCaseExecutor.java:200)
	at com.kms.katalon.core.main.TestSuiteExecutor.accessTestCaseMainPhase(TestSuiteExecutor.java:129)
	at com.kms.katalon.core.main.TestSuiteExecutor.accessTestSuiteMainPhase(TestSuiteExecutor.java:112)
	at com.kms.katalon.core.main.TestSuiteExecutor.execute(TestSuiteExecutor.java:81)
	at com.kms.katalon.core.main.TestCaseMain.startTestSuite(TestCaseMain.java:142)
	at com.kms.katalon.core.main.TestCaseMain$startTestSuite$0.call(Unknown Source)
	at org.codehaus.groovy.runtime.callsite.CallSiteArray.defaultCall(CallSiteArray.java:48)
	at org.codehaus.groovy.runtime.callsite.AbstractCallSite.call(AbstractCallSite.java:113)
	at org.codehaus.groovy.runtime.callsite.AbstractCallSite.call(AbstractCallSite.java:141)
	at TempTestSuite1543287057153.run(TempTestSuite1543287057153.groovy:36)
	at groovy.lang.GroovyShell.runScriptOrMainOrTestOrRunnable(GroovyShell.java:263)
	at groovy.lang.GroovyShell.run(GroovyShell.java:518)
	at groovy.lang.GroovyShell.run(GroovyShell.java:507)
	at groovy.ui.GroovyMain.processOnce(GroovyMain.java:653)
	at groovy.ui.GroovyMain.run(GroovyMain.java:384)
	at groovy.ui.GroovyMain.process(GroovyMain.java:370)
	at groovy.ui.GroovyMain.processArgs(GroovyMain.java:129)
	at groovy.ui.GroovyMain.main(GroovyMain.java:109)
	at sun.reflect.NativeMethodAccessorImpl.invoke0(Native Method)
	at sun.reflect.NativeMethodAccessorImpl.invoke(NativeMethodAccessorImpl.java:62)
	at sun.reflect.DelegatingMethodAccessorImpl.invoke(DelegatingMethodAccessorImpl.java:43)
	at java.lang.reflect.Method.invoke(Method.java:498)
	at org.codehaus.groovy.tools.GroovyStarter.rootLoader(GroovyStarter.java:109)
	at org.codehaus.groovy.tools.GroovyStarter.main(GroovyStarter.java:131)
)

2018-11-27 17:30:31 - [TEST_STEP][PASSED] - callTestCase: Call Test Case 'Test Cases/Final Aug 2018 - PKS Automation/Registration Module/Workflow/Update Add New Employee/Template/New Company for Update Add New' successfully

2018-11-27 17:30:31 - [TEST_CASE][PASSED] - Test Cases/Final Aug 2018 - PKS Automation/Registration Module/Workflow/Update Add New Employee/Template/New Company for Update Add New: Test Cases/Final Aug 2018 - PKS Automation/Registration Module/Workflow/Update Add New Employee/Template/New Company for Update Add New

2018-11-27 17:30:31 - [TEST_STEP][PASSED] - callTestCase: Call Test Case 'Test Cases/Final Aug 2018 - PKS Automation/Registration Module/New Registration/Form 1/Form 1 - Corporation - BHD' successfully

2018-11-27 17:30:31 - [TEST_CASE][PASSED] - Test Cases/Final Aug 2018 - PKS Automation/Registration Module/New Registration/Form 1/Form 1 - Corporation - BHD: Test Cases/Final Aug 2018 - PKS Automation/Registration Module/New Registration/Form 1/Form 1 - Corporation - BHD

2018-11-27 17:30:31 - [TEST_STEP][PASSED] - openBrowser: Browser is opened with url: ''

2018-11-27 17:30:31 - [MESSAGE][WARNING] - A browser is already opened. Closing browser and opening a new one

2018-11-27 17:30:35 - [MESSAGE][PASSED] - Browser is opened with url: ''

2018-11-27 17:30:35 - [TEST_STEP][PASSED] - navigateToUrl: Navigate to 'https://assist2-uat.perkeso.gov.my/login' successfully

2018-11-27 17:30:36 - [MESSAGE][PASSED] - Navigate to 'https://assist2-uat.perkeso.gov.my/login' successfully

2018-11-27 17:30:36 - [TEST_STEP][PASSED] - setText: Text 'johorotc1@gmail.com' is set on object 'Object Repository/Final Object Repo/Login Page/Internal User/Email Address'

2018-11-27 17:30:37 - [MESSAGE][PASSED] - Text 'johorotc1@gmail.com' is set on object 'Object Repository/Final Object Repo/Login Page/Internal User/Email Address'

2018-11-27 17:30:37 - [TEST_STEP][PASSED] - click: Object: 'Object Repository/Final Object Repo/Login Page/Internal User/Next Button' is clicked on

2018-11-27 17:30:37 - [MESSAGE][PASSED] - Object: 'Object Repository/Final Object Repo/Login Page/Internal User/Next Button' is clicked on

2018-11-27 17:30:37 - [TEST_STEP][PASSED] - delay: Delayed 1 second(s)

2018-11-27 17:30:38 - [MESSAGE][PASSED] - Delayed 1 second(s)

2018-11-27 17:30:38 - [TEST_STEP][PASSED] - setEncryptedText: Text ****** has been set on object 'Object Repository/Final Object Repo/Login Page/Internal User/Password'

2018-11-27 17:30:38 - [MESSAGE][PASSED] - Text ****** has been set on object 'Object Repository/Final Object Repo/Login Page/Internal User/Password'

2018-11-27 17:30:38 - [TEST_STEP][PASSED] - click: Object: 'Object Repository/Final Object Repo/Login Page/Internal User/Login Button' is clicked on

2018-11-27 17:30:38 - [MESSAGE][PASSED] - Object: 'Object Repository/Final Object Repo/Login Page/Internal User/Login Button' is clicked on

2018-11-27 17:30:38 - [TEST_STEP][PASSED] - delay: Delayed 1 second(s)

2018-11-27 17:30:39 - [MESSAGE][PASSED] - Delayed 1 second(s)

2018-11-27 17:30:39 - [TEST_STEP][PASSED] - Statement - Try: Delayed 2 second(s)

2018-11-27 17:30:39 - [TEST_STEP][PASSED] - Statement - Checker = false: null

2018-11-27 17:30:39 - [TEST_STEP][PASSED] - Statement - Checker = com.kms.katalon.core.webui.keyword.WebUiBuiltInKeywords.verifyElementHasAttribute(com.kms.katalon.core.testobject.ObjectRepository.findTestObject(Final Object Repo/Landing Page/BM Detecting), "href", 20, OPTIONAL): Object 'Object Repository/Final Object Repo/Landing Page/BM Detecting' has attribute 'href'

2018-11-27 17:30:40 - [MESSAGE][PASSED] - Object 'Object Repository/Final Object Repo/Landing Page/BM Detecting' has attribute 'href'

2018-11-27 17:30:40 - [TEST_STEP][PASSED] - Statement - out.println(Checker): null

2018-11-27 17:30:40 - [TEST_STEP][PASSED] - Statement - If (Checker == false): null

2018-11-27 17:30:40 - [TEST_STEP][PASSED] - Statement - Else: null

2018-11-27 17:30:40 - [TEST_STEP][PASSED] - delay: Delayed 2 second(s)

2018-11-27 17:30:42 - [MESSAGE][PASSED] - Delayed 2 second(s)

2018-11-27 17:30:42 - [TEST_STEP][PASSED] - navigateToUrl: Navigate to 'https://assist2-uat.perkeso.gov.my/web/registration/registration' successfully

2018-11-27 17:30:44 - [MESSAGE][PASSED] - Navigate to 'https://assist2-uat.perkeso.gov.my/web/registration/registration' successfully

2018-11-27 17:30:44 - [TEST_STEP][PASSED] - click: Object: 'Object Repository/Final Object Repo/New Registration - Registration Module Pages/Form 1/AEC - No' is clicked on

2018-11-27 17:30:44 - [MESSAGE][PASSED] - Object: 'Object Repository/Final Object Repo/New Registration - Registration Module Pages/Form 1/AEC - No' is clicked on

2018-11-27 17:30:44 - [TEST_STEP][PASSED] - click: Object: 'Object Repository/Final Object Repo/New Registration - Registration Module Pages/Form 1/Business Entity' is clicked on

2018-11-27 17:30:44 - [MESSAGE][PASSED] - Object: 'Object Repository/Final Object Repo/New Registration - Registration Module Pages/Form 1/Business Entity' is clicked on

2018-11-27 17:30:44 - [TEST_STEP][PASSED] - click: Object: 'Object Repository/Final Object Repo/New Registration - Registration Module Pages/Form 1/Businees Entity - Corporation' is clicked on

2018-11-27 17:30:44 - [MESSAGE][PASSED] - Object: 'Object Repository/Final Object Repo/New Registration - Registration Module Pages/Form 1/Businees Entity - Corporation' is clicked on

2018-11-27 17:30:44 - [TEST_STEP][PASSED] - delay: Delayed 1 second(s)

2018-11-27 17:30:45 - [MESSAGE][PASSED] - Delayed 1 second(s)

2018-11-27 17:30:45 - [TEST_STEP][PASSED] - click: Object: 'Object Repository/Final Object Repo/New Registration - Registration Module Pages/Form 1/Sub Business Entity' is clicked on

2018-11-27 17:30:45 - [MESSAGE][PASSED] - Object: 'Object Repository/Final Object Repo/New Registration - Registration Module Pages/Form 1/Sub Business Entity' is clicked on

2018-11-27 17:30:45 - [TEST_STEP][PASSED] - click: Object: 'Object Repository/Final Object Repo/New Registration - Registration Module Pages/Form 1/Sub Business Entity - Berhad' is clicked on

2018-11-27 17:30:46 - [MESSAGE][PASSED] - Object: 'Object Repository/Final Object Repo/New Registration - Registration Module Pages/Form 1/Sub Business Entity - Berhad' is clicked on

2018-11-27 17:30:46 - [TEST_STEP][PASSED] - delay: Delayed 1 second(s)

2018-11-27 17:30:47 - [MESSAGE][PASSED] - Delayed 1 second(s)

2018-11-27 17:30:47 - [TEST_STEP][PASSED] - setText: Text '123' is set on object 'Object Repository/Final Object Repo/New Registration - Registration Module Pages/Form 1/Registration Number'

2018-11-27 17:30:47 - [MESSAGE][PASSED] - Text '123' is set on object 'Object Repository/Final Object Repo/New Registration - Registration Module Pages/Form 1/Registration Number'

2018-11-27 17:30:47 - [TEST_STEP][PASSED] - click: Object: 'Object Repository/Final Object Repo/New Registration - Registration Module Pages/Form 1/Registred with SSM - Before Feb' is clicked on

2018-11-27 17:30:47 - [MESSAGE][PASSED] - Object: 'Object Repository/Final Object Repo/New Registration - Registration Module Pages/Form 1/Registred with SSM - Before Feb' is clicked on

2018-11-27 17:30:47 - [TEST_STEP][PASSED] - click: Object: 'Object Repository/Final Object Repo/New Registration - Registration Module Pages/Form 1/Registered As a Branch - Yes' is clicked on

2018-11-27 17:30:47 - [MESSAGE][PASSED] - Object: 'Object Repository/Final Object Repo/New Registration - Registration Module Pages/Form 1/Registered As a Branch - Yes' is clicked on

2018-11-27 17:30:47 - [TEST_STEP][PASSED] - click: Object: 'Object Repository/Final Object Repo/New Registration - Registration Module Pages/Form 1/Acknowledgement' is clicked on

2018-11-27 17:30:47 - [MESSAGE][PASSED] - Object: 'Object Repository/Final Object Repo/New Registration - Registration Module Pages/Form 1/Acknowledgement' is clicked on

2018-11-27 17:30:47 - [TEST_STEP][PASSED] - setText: Text 'perkeso' is set on object 'Object Repository/Final Object Repo/New Registration - Registration Module Pages/Form 1/Industry name'

2018-11-27 17:30:48 - [MESSAGE][PASSED] - Text 'perkeso' is set on object 'Object Repository/Final Object Repo/New Registration - Registration Module Pages/Form 1/Industry name'

2018-11-27 17:30:48 - [TEST_STEP][PASSED] - setText: Text 'perkeso1' is set on object 'Object Repository/Final Object Repo/New Registration - Registration Module Pages/Form 1/Postal Address1'

2018-11-27 17:30:48 - [MESSAGE][PASSED] - Text 'perkeso1' is set on object 'Object Repository/Final Object Repo/New Registration - Registration Module Pages/Form 1/Postal Address1'

2018-11-27 17:30:48 - [TEST_STEP][PASSED] - setText: Text 'perkeso2' is set on object 'Object Repository/Final Object Repo/New Registration - Registration Module Pages/Form 1/Postal Address2'

2018-11-27 17:30:48 - [MESSAGE][PASSED] - Text 'perkeso2' is set on object 'Object Repository/Final Object Repo/New Registration - Registration Module Pages/Form 1/Postal Address2'

2018-11-27 17:30:48 - [TEST_STEP][PASSED] - setText: Text 'perkeso3' is set on object 'Object Repository/Final Object Repo/New Registration - Registration Module Pages/Form 1/Postal Address3'

2018-11-27 17:30:49 - [MESSAGE][PASSED] - Text 'perkeso3' is set on object 'Object Repository/Final Object Repo/New Registration - Registration Module Pages/Form 1/Postal Address3'

2018-11-27 17:30:49 - [TEST_STEP][PASSED] - click: Object: 'Object Repository/Final Object Repo/New Registration - Registration Module Pages/Form 1/State' is clicked on

2018-11-27 17:30:49 - [MESSAGE][PASSED] - Object: 'Object Repository/Final Object Repo/New Registration - Registration Module Pages/Form 1/State' is clicked on

2018-11-27 17:30:49 - [TEST_STEP][PASSED] - click: Object: 'Object Repository/Final Object Repo/New Registration - Registration Module Pages/Form 1/State - Johor' is clicked on

2018-11-27 17:30:49 - [MESSAGE][PASSED] - Object: 'Object Repository/Final Object Repo/New Registration - Registration Module Pages/Form 1/State - Johor' is clicked on

2018-11-27 17:30:49 - [TEST_STEP][PASSED] - delay: Delayed 1 second(s)

2018-11-27 17:30:50 - [MESSAGE][PASSED] - Delayed 1 second(s)

2018-11-27 17:30:50 - [TEST_STEP][PASSED] - click: Object: 'Object Repository/Final Object Repo/New Registration - Registration Module Pages/Form 1/City' is clicked on

2018-11-27 17:30:50 - [MESSAGE][PASSED] - Object: 'Object Repository/Final Object Repo/New Registration - Registration Module Pages/Form 1/City' is clicked on

2018-11-27 17:30:50 - [TEST_STEP][PASSED] - setText: Text 'joh' is set on object 'Object Repository/Final Object Repo/New Registration - Registration Module Pages/Form 1/Postcode - 810'

2018-11-27 17:30:51 - [MESSAGE][PASSED] - Text 'joh' is set on object 'Object Repository/Final Object Repo/New Registration - Registration Module Pages/Form 1/Postcode - 810'

2018-11-27 17:30:51 - [TEST_STEP][PASSED] - delay: Delayed 1 second(s)

2018-11-27 17:30:52 - [MESSAGE][PASSED] - Delayed 1 second(s)

2018-11-27 17:30:52 - [TEST_STEP][PASSED] - click: Object: 'Object Repository/Final Object Repo/New Registration - Registration Module Pages/Form 1/City - Johor Bharu' is clicked on

2018-11-27 17:30:52 - [MESSAGE][PASSED] - Object: 'Object Repository/Final Object Repo/New Registration - Registration Module Pages/Form 1/City - Johor Bharu' is clicked on

2018-11-27 17:30:52 - [TEST_STEP][PASSED] - delay: Delayed 1 second(s)

2018-11-27 17:30:53 - [MESSAGE][PASSED] - Delayed 1 second(s)

2018-11-27 17:30:53 - [TEST_STEP][PASSED] - click: Object: 'Object Repository/Final Object Repo/New Registration - Registration Module Pages/Form 1/Postcode' is clicked on

2018-11-27 17:30:53 - [MESSAGE][PASSED] - Object: 'Object Repository/Final Object Repo/New Registration - Registration Module Pages/Form 1/Postcode' is clicked on

2018-11-27 17:30:53 - [TEST_STEP][PASSED] - delay: Delayed 1 second(s)

2018-11-27 17:30:54 - [MESSAGE][PASSED] - Delayed 1 second(s)

2018-11-27 17:30:54 - [TEST_STEP][PASSED] - setText: Text '810' is set on object 'Object Repository/Final Object Repo/New Registration - Registration Module Pages/Form 1/Postcode - 810'

2018-11-27 17:30:54 - [MESSAGE][PASSED] - Text '810' is set on object 'Object Repository/Final Object Repo/New Registration - Registration Module Pages/Form 1/Postcode - 810'

2018-11-27 17:30:54 - [TEST_STEP][PASSED] - delay: Delayed 3 second(s)

2018-11-27 17:30:57 - [MESSAGE][PASSED] - Delayed 3 second(s)

2018-11-27 17:30:57 - [TEST_STEP][PASSED] - click: Object: 'Object Repository/Final Object Repo/New Registration - Registration Module Pages/Form 1/Postcode - 81000' is clicked on

2018-11-27 17:30:57 - [MESSAGE][PASSED] - Object: 'Object Repository/Final Object Repo/New Registration - Registration Module Pages/Form 1/Postcode - 81000' is clicked on

2018-11-27 17:30:57 - [TEST_STEP][PASSED] - delay: Delayed 1 second(s)

2018-11-27 17:30:58 - [MESSAGE][PASSED] - Delayed 1 second(s)

2018-11-27 17:30:58 - [TEST_STEP][PASSED] - setText: Text '100' is set on object 'Object Repository/Final Object Repo/New Registration - Registration Module Pages/Form 1/P.O.BOX'

2018-11-27 17:30:59 - [MESSAGE][PASSED] - Text '100' is set on object 'Object Repository/Final Object Repo/New Registration - Registration Module Pages/Form 1/P.O.BOX'

2018-11-27 17:30:59 - [TEST_STEP][PASSED] - setText: Text '100' is set on object 'Object Repository/Final Object Repo/New Registration - Registration Module Pages/Form 1/Locked Bag No'

2018-11-27 17:30:59 - [MESSAGE][PASSED] - Text '100' is set on object 'Object Repository/Final Object Repo/New Registration - Registration Module Pages/Form 1/Locked Bag No'

2018-11-27 17:30:59 - [TEST_STEP][PASSED] - click: Object: 'Object Repository/Final Object Repo/New Registration - Registration Module Pages/Form 1/SOCSO Office Location' is clicked on

2018-11-27 17:30:59 - [MESSAGE][PASSED] - Object: 'Object Repository/Final Object Repo/New Registration - Registration Module Pages/Form 1/SOCSO Office Location' is clicked on

2018-11-27 17:30:59 - [TEST_STEP][PASSED] - click: Object: 'Object Repository/Final Object Repo/New Registration - Registration Module Pages/Form 1/SOCSO Office Location - Pejabat PERKESO Negeri Johor' is clicked on

2018-11-27 17:30:59 - [MESSAGE][PASSED] - Object: 'Object Repository/Final Object Repo/New Registration - Registration Module Pages/Form 1/SOCSO Office Location - Pejabat PERKESO Negeri Johor' is clicked on

2018-11-27 17:30:59 - [TEST_STEP][PASSED] - delay: Delayed 1 second(s)

2018-11-27 17:31:00 - [MESSAGE][PASSED] - Delayed 1 second(s)

2018-11-27 17:31:00 - [TEST_STEP][PASSED] - check: Object 'Object Repository/Final Object Repo/New Registration - Registration Module Pages/Form 1/Indusrty Address Same As Postal Address' is checked

2018-11-27 17:31:00 - [MESSAGE][PASSED] - Object 'Object Repository/Final Object Repo/New Registration - Registration Module Pages/Form 1/Indusrty Address Same As Postal Address' is checked

2018-11-27 17:31:00 - [TEST_STEP][PASSED] - delay: Delayed 3 second(s)

2018-11-27 17:31:03 - [MESSAGE][PASSED] - Delayed 3 second(s)

2018-11-27 17:31:03 - [TEST_STEP][PASSED] - click: Object: 'Object Repository/Final Object Repo/New Registration - Registration Module Pages/Form 1/Indusry Address Same As Postal Address False' is clicked on

2018-11-27 17:31:04 - [MESSAGE][PASSED] - Object: 'Object Repository/Final Object Repo/New Registration - Registration Module Pages/Form 1/Indusry Address Same As Postal Address False' is clicked on

2018-11-27 17:31:04 - [TEST_STEP][PASSED] - delay: Delayed 1 second(s)

2018-11-27 17:31:05 - [MESSAGE][PASSED] - Delayed 1 second(s)

2018-11-27 17:31:05 - [TEST_STEP][PASSED] - setText: Text 'perkeso1' is set on object 'Object Repository/Final Object Repo/New Registration - Registration Module Pages/Form 1/Industry Address1'

2018-11-27 17:31:05 - [MESSAGE][PASSED] - Text 'perkeso1' is set on object 'Object Repository/Final Object Repo/New Registration - Registration Module Pages/Form 1/Industry Address1'

2018-11-27 17:31:05 - [TEST_STEP][PASSED] - setText: Text 'perkeso2' is set on object 'Object Repository/Final Object Repo/New Registration - Registration Module Pages/Form 1/Industry Address2'

2018-11-27 17:31:05 - [MESSAGE][PASSED] - Text 'perkeso2' is set on object 'Object Repository/Final Object Repo/New Registration - Registration Module Pages/Form 1/Industry Address2'

2018-11-27 17:31:05 - [TEST_STEP][PASSED] - setText: Text 'perkeso3' is set on object 'Object Repository/Final Object Repo/New Registration - Registration Module Pages/Form 1/Industry Address3'

2018-11-27 17:31:06 - [MESSAGE][PASSED] - Text 'perkeso3' is set on object 'Object Repository/Final Object Repo/New Registration - Registration Module Pages/Form 1/Industry Address3'

2018-11-27 17:31:06 - [TEST_STEP][PASSED] - click: Object: 'Object Repository/Final Object Repo/New Registration - Registration Module Pages/Form 1/Industry State' is clicked on

2018-11-27 17:31:06 - [MESSAGE][PASSED] - Object: 'Object Repository/Final Object Repo/New Registration - Registration Module Pages/Form 1/Industry State' is clicked on

2018-11-27 17:31:06 - [TEST_STEP][PASSED] - delay: Delayed 2 second(s)

2018-11-27 17:31:08 - [MESSAGE][PASSED] - Delayed 2 second(s)

2018-11-27 17:31:08 - [TEST_STEP][PASSED] - click: Object: 'Object Repository/Final Object Repo/New Registration - Registration Module Pages/Form 1/Industry State - Johor' is clicked on

2018-11-27 17:31:08 - [MESSAGE][PASSED] - Object: 'Object Repository/Final Object Repo/New Registration - Registration Module Pages/Form 1/Industry State - Johor' is clicked on

2018-11-27 17:31:08 - [TEST_STEP][PASSED] - delay: Delayed 2 second(s)

2018-11-27 17:31:10 - [MESSAGE][PASSED] - Delayed 2 second(s)

2018-11-27 17:31:10 - [TEST_STEP][PASSED] - click: Object: 'Object Repository/Final Object Repo/New Registration - Registration Module Pages/Form 1/Industry Ciry' is clicked on

2018-11-27 17:31:10 - [MESSAGE][PASSED] - Object: 'Object Repository/Final Object Repo/New Registration - Registration Module Pages/Form 1/Industry Ciry' is clicked on

2018-11-27 17:31:10 - [TEST_STEP][PASSED] - setText: Text 'joh' is set on object 'Object Repository/Final Object Repo/New Registration - Registration Module Pages/Form 1/Industry Ciry - joh'

2018-11-27 17:31:10 - [MESSAGE][PASSED] - Text 'joh' is set on object 'Object Repository/Final Object Repo/New Registration - Registration Module Pages/Form 1/Industry Ciry - joh'

2018-11-27 17:31:10 - [TEST_STEP][PASSED] - delay: Delayed 2 second(s)

2018-11-27 17:31:12 - [MESSAGE][PASSED] - Delayed 2 second(s)

2018-11-27 17:31:12 - [TEST_STEP][PASSED] - click: Object: 'Object Repository/Final Object Repo/New Registration - Registration Module Pages/Form 1/Industy State - Johor Bharu' is clicked on

2018-11-27 17:31:13 - [MESSAGE][PASSED] - Object: 'Object Repository/Final Object Repo/New Registration - Registration Module Pages/Form 1/Industy State - Johor Bharu' is clicked on

2018-11-27 17:31:13 - [TEST_STEP][PASSED] - delay: Delayed 1 second(s)

2018-11-27 17:31:14 - [MESSAGE][PASSED] - Delayed 1 second(s)

2018-11-27 17:31:14 - [TEST_STEP][PASSED] - click: Object: 'Object Repository/Final Object Repo/New Registration - Registration Module Pages/Form 1/Indusry PostCode' is clicked on

2018-11-27 17:31:14 - [MESSAGE][PASSED] - Object: 'Object Repository/Final Object Repo/New Registration - Registration Module Pages/Form 1/Indusry PostCode' is clicked on

2018-11-27 17:31:14 - [TEST_STEP][PASSED] - delay: Delayed 1 second(s)

2018-11-27 17:31:15 - [MESSAGE][PASSED] - Delayed 1 second(s)

2018-11-27 17:31:15 - [TEST_STEP][PASSED] - setText: Text '810' is set on object 'Object Repository/Final Object Repo/New Registration - Registration Module Pages/Form 1/Insutry Post Code - 810'

2018-11-27 17:31:15 - [MESSAGE][PASSED] - Text '810' is set on object 'Object Repository/Final Object Repo/New Registration - Registration Module Pages/Form 1/Insutry Post Code - 810'

2018-11-27 17:31:15 - [TEST_STEP][PASSED] - delay: Delayed 1 second(s)

2018-11-27 17:31:16 - [MESSAGE][PASSED] - Delayed 1 second(s)

2018-11-27 17:31:16 - [TEST_STEP][PASSED] - click: Object: 'Object Repository/Final Object Repo/New Registration - Registration Module Pages/Form 1/Insutry Post Code - 81000' is clicked on

2018-11-27 17:31:16 - [MESSAGE][PASSED] - Object: 'Object Repository/Final Object Repo/New Registration - Registration Module Pages/Form 1/Insutry Post Code - 81000' is clicked on

2018-11-27 17:31:16 - [TEST_STEP][PASSED] - delay: Delayed 1 second(s)

2018-11-27 17:31:17 - [MESSAGE][PASSED] - Delayed 1 second(s)

2018-11-27 17:31:17 - [TEST_STEP][PASSED] - setText: Text '100' is set on object 'Object Repository/Final Object Repo/New Registration - Registration Module Pages/Form 1/Industry P.O.BOX'

2018-11-27 17:31:17 - [MESSAGE][PASSED] - Text '100' is set on object 'Object Repository/Final Object Repo/New Registration - Registration Module Pages/Form 1/Industry P.O.BOX'

2018-11-27 17:31:17 - [TEST_STEP][PASSED] - setText: Text '100' is set on object 'Object Repository/Final Object Repo/New Registration - Registration Module Pages/Form 1/Industry Locked Bag No'

2018-11-27 17:31:18 - [MESSAGE][PASSED] - Text '100' is set on object 'Object Repository/Final Object Repo/New Registration - Registration Module Pages/Form 1/Industry Locked Bag No'

2018-11-27 17:31:18 - [TEST_STEP][PASSED] - setText: Text '123456789' is set on object 'Object Repository/Final Object Repo/New Registration - Registration Module Pages/Form 1/Telephone No'

2018-11-27 17:31:18 - [MESSAGE][PASSED] - Text '123456789' is set on object 'Object Repository/Final Object Repo/New Registration - Registration Module Pages/Form 1/Telephone No'

2018-11-27 17:31:18 - [TEST_STEP][PASSED] - setText: Text '123456789' is set on object 'Object Repository/Final Object Repo/New Registration - Registration Module Pages/Form 1/Mobile No'

2018-11-27 17:31:18 - [MESSAGE][PASSED] - Text '123456789' is set on object 'Object Repository/Final Object Repo/New Registration - Registration Module Pages/Form 1/Mobile No'

2018-11-27 17:31:18 - [TEST_STEP][PASSED] - setText: Text '123456789' is set on object 'Object Repository/Final Object Repo/New Registration - Registration Module Pages/Form 1/Fax No'

2018-11-27 17:31:19 - [MESSAGE][PASSED] - Text '123456789' is set on object 'Object Repository/Final Object Repo/New Registration - Registration Module Pages/Form 1/Fax No'

2018-11-27 17:31:19 - [TEST_STEP][PASSED] - click: Object: 'Object Repository/Final Object Repo/New Registration - Registration Module Pages/Form 1/Industry Code' is clicked on

2018-11-27 17:31:19 - [MESSAGE][PASSED] - Object: 'Object Repository/Final Object Repo/New Registration - Registration Module Pages/Form 1/Industry Code' is clicked on

2018-11-27 17:31:19 - [TEST_STEP][PASSED] - click: Object: 'Object Repository/Final Object Repo/New Registration - Registration Module Pages/Form 1/Indudustry Code - Crops and Animal' is clicked on

2018-11-27 17:31:19 - [MESSAGE][PASSED] - Object: 'Object Repository/Final Object Repo/New Registration - Registration Module Pages/Form 1/Indudustry Code - Crops and Animal' is clicked on

2018-11-27 17:31:19 - [TEST_STEP][PASSED] - delay: Delayed 1 second(s)

2018-11-27 17:31:20 - [MESSAGE][PASSED] - Delayed 1 second(s)

2018-11-27 17:31:20 - [TEST_STEP][PASSED] - click: Object: 'Object Repository/Final Object Repo/New Registration - Registration Module Pages/Form 1/Sub Industry Code List' is clicked on

2018-11-27 17:31:21 - [MESSAGE][PASSED] - Object: 'Object Repository/Final Object Repo/New Registration - Registration Module Pages/Form 1/Sub Industry Code List' is clicked on

2018-11-27 17:31:21 - [TEST_STEP][PASSED] - click: Object: 'Object Repository/Final Object Repo/New Registration - Registration Module Pages/Form 1/Sub Industry Code List - Growing of Maize' is clicked on

2018-11-27 17:31:21 - [MESSAGE][PASSED] - Object: 'Object Repository/Final Object Repo/New Registration - Registration Module Pages/Form 1/Sub Industry Code List - Growing of Maize' is clicked on

2018-11-27 17:31:21 - [TEST_STEP][PASSED] - setText: Text 'perkeso123@gmail.com' is set on object 'Object Repository/Final Object Repo/New Registration - Registration Module Pages/Form 1/Email'

2018-11-27 17:31:21 - [MESSAGE][PASSED] - Text 'perkeso123@gmail.com' is set on object 'Object Repository/Final Object Repo/New Registration - Registration Module Pages/Form 1/Email'

2018-11-27 17:31:21 - [TEST_STEP][PASSED] - click: Object: 'Object Repository/Final Object Repo/New Registration - Registration Module Pages/Form 1/Method of Contribution Payment' is clicked on

2018-11-27 17:31:22 - [MESSAGE][PASSED] - Object: 'Object Repository/Final Object Repo/New Registration - Registration Module Pages/Form 1/Method of Contribution Payment' is clicked on

2018-11-27 17:31:22 - [TEST_STEP][PASSED] - click: Object: 'Object Repository/Final Object Repo/New Registration - Registration Module Pages/Form 1/Method of Contribution Payment - Portal' is clicked on

2018-11-27 17:31:22 - [MESSAGE][PASSED] - Object: 'Object Repository/Final Object Repo/New Registration - Registration Module Pages/Form 1/Method of Contribution Payment - Portal' is clicked on

2018-11-27 17:31:22 - [TEST_STEP][PASSED] - click: Object: 'Object Repository/Final Object Repo/New Registration - Registration Module Pages/Form 1/Servide Type' is clicked on

2018-11-27 17:31:22 - [MESSAGE][PASSED] - Object: 'Object Repository/Final Object Repo/New Registration - Registration Module Pages/Form 1/Servide Type' is clicked on

2018-11-27 17:31:22 - [TEST_STEP][PASSED] - click: Object: 'Object Repository/Final Object Repo/New Registration - Registration Module Pages/Form 1/Servide Type - Professional Bodies' is clicked on

2018-11-27 17:31:22 - [MESSAGE][PASSED] - Object: 'Object Repository/Final Object Repo/New Registration - Registration Module Pages/Form 1/Servide Type - Professional Bodies' is clicked on

2018-11-27 17:31:22 - [TEST_STEP][PASSED] - click: Object: 'Object Repository/Final Object Repo/New Registration - Registration Module Pages/Form 1/Industry Venue' is clicked on

2018-11-27 17:31:22 - [MESSAGE][PASSED] - Object: 'Object Repository/Final Object Repo/New Registration - Registration Module Pages/Form 1/Industry Venue' is clicked on

2018-11-27 17:31:22 - [TEST_STEP][PASSED] - click: Object: 'Object Repository/Final Object Repo/New Registration - Registration Module Pages/Form 1/Industry Venue -  PPN JOHOR' is clicked on

2018-11-27 17:31:23 - [MESSAGE][PASSED] - Object: 'Object Repository/Final Object Repo/New Registration - Registration Module Pages/Form 1/Industry Venue -  PPN JOHOR' is clicked on

2018-11-27 17:31:23 - [TEST_STEP][PASSED] - click: Object: 'Object Repository/Final Object Repo/New Registration - Registration Module Pages/Form 1/Save  Continue' is clicked on

2018-11-27 17:31:23 - [MESSAGE][PASSED] - Object: 'Object Repository/Final Object Repo/New Registration - Registration Module Pages/Form 1/Save  Continue' is clicked on

2018-11-27 17:31:23 - [MESSAGE][PASSED] - Call Test Case 'Test Cases/Final Aug 2018 - PKS Automation/Registration Module/New Registration/Form 1/Form 1 - Corporation - BHD' successfully

2018-11-27 17:31:23 - [TEST_STEP][PASSED] - callTestCase: Call Test Case 'Test Cases/Final Aug 2018 - PKS Automation/Registration Module/New Registration/Form 2/Add 1 Eligible' successfully

2018-11-27 17:31:23 - [TEST_CASE][PASSED] - Test Cases/Final Aug 2018 - PKS Automation/Registration Module/New Registration/Form 2/Add 1 Eligible: Test Cases/Final Aug 2018 - PKS Automation/Registration Module/New Registration/Form 2/Add 1 Eligible

2018-11-27 17:31:23 - [TEST_STEP][PASSED] - delay: Delayed 2 second(s)

2018-11-27 17:31:25 - [MESSAGE][PASSED] - Delayed 2 second(s)

2018-11-27 17:31:25 - [TEST_STEP][PASSED] - callTestCase: Call Test Case 'Test Cases/Final Aug 2018 - PKS Automation/Registration Module/New Registration/Form 2/Date Updater' successfully

2018-11-27 17:31:25 - [TEST_CASE][PASSED] - Test Cases/Final Aug 2018 - PKS Automation/Registration Module/New Registration/Form 2/Date Updater: Test Cases/Final Aug 2018 - PKS Automation/Registration Module/New Registration/Form 2/Date Updater

2018-11-27 17:31:25 - [TEST_STEP][PASSED] - Statement - TodayDate = new java.util.Date(): null

2018-11-27 17:31:25 - [TEST_STEP][PASSED] - Statement - CurrentDateNoFilter = new java.text.SimpleDateFormat(): null

2018-11-27 17:31:25 - [TEST_STEP][PASSED] - Statement - CurrentDateNoFilter.applyPattern("dd"): null

2018-11-27 17:31:25 - [TEST_STEP][PASSED] - Statement - CurrentDate = CurrentDateNoFilter.format(TodayDate): null

2018-11-27 17:31:25 - [TEST_STEP][PASSED] - Statement - CurrentDate = java.lang.Integer.parseInt(CurrentDate): null

2018-11-27 17:31:25 - [TEST_STEP][PASSED] - Statement - CurrentDate = CurrentDate: null

2018-11-27 17:31:25 - [TEST_STEP][PASSED] - Statement - CurrentDay = java.lang.Integer.parseInt(CurrentDate): null

2018-11-27 17:31:25 - [TEST_STEP][PASSED] - Statement - aDayBefore = CurrentDay + 1: null

2018-11-27 17:31:25 - [TEST_STEP][PASSED] - Statement - DayBefore = aDayBefore.toString(): null

2018-11-27 17:31:25 - [TEST_STEP][PASSED] - Statement - OneDayBefore = DayBefore: null

2018-11-27 17:31:25 - [TEST_STEP][PASSED] - Statement - CurrentDateNoFilter.applyPattern("MM"): null

2018-11-27 17:31:25 - [TEST_STEP][PASSED] - Statement - monthContainerMatcher = java.lang.Integer.parseInt(CurrentDateNoFilter.format(TodayDate)): null

2018-11-27 17:31:25 - [TEST_STEP][PASSED] - Statement - monthContainerMatcher = monthContainerMatcher - 1: null

2018-11-27 17:31:25 - [TEST_STEP][PASSED] - Statement - CurrentMonth = monthContainerMatcher.toString(): null

2018-11-27 17:31:25 - [TEST_STEP][PASSED] - Statement - CurrentMonth = CurrentMonth: null

2018-11-27 17:31:25 - [TEST_STEP][PASSED] - Statement - CurrentDateNoFilter.applyPattern("yyyy"): null

2018-11-27 17:31:25 - [TEST_STEP][PASSED] - Statement - CurrentYear = CurrentDateNoFilter.format(TodayDate): null

2018-11-27 17:31:25 - [TEST_STEP][PASSED] - Statement - CurrentYear = CurrentYear: null

2018-11-27 17:31:25 - [TEST_STEP][PASSED] - Statement - intCurrentYear = java.lang.Integer.parseInt(CurrentDateNoFilter.format(TodayDate)): null

2018-11-27 17:31:25 - [TEST_STEP][PASSED] - Statement - eighteenYrsAgo = intCurrentYear - 18: null

2018-11-27 17:31:25 - [TEST_STEP][PASSED] - Statement - eighteenYrsBeforeThisYr = eighteenYrsAgo.toString(): null

2018-11-27 17:31:25 - [TEST_STEP][PASSED] - Statement - EighteenYrsBefore = eighteenYrsBeforeThisYr: null

2018-11-27 17:31:25 - [TEST_STEP][PASSED] - Statement - fiftysevenYrsAgo = intCurrentYear - 57: null

2018-11-27 17:31:25 - [TEST_STEP][PASSED] - Statement - fiftysevenYrsBeforeThisYr = fiftysevenYrsAgo.toString(): null

2018-11-27 17:31:25 - [TEST_STEP][PASSED] - Statement - FiftysevenYrsBefore = fiftysevenYrsBeforeThisYr: null

2018-11-27 17:31:25 - [MESSAGE][PASSED] - Call Test Case 'Test Cases/Final Aug 2018 - PKS Automation/Registration Module/New Registration/Form 2/Date Updater' successfully

2018-11-27 17:31:25 - [TEST_STEP][PASSED] - delay: Delayed 1 second(s)

2018-11-27 17:31:26 - [MESSAGE][PASSED] - Delayed 1 second(s)

2018-11-27 17:31:26 - [TEST_STEP][PASSED] - Statement - CaseReferenceNo = com.kms.katalon.core.webui.keyword.WebUiBuiltInKeywords.getText(com.kms.katalon.core.testobject.ObjectRepository.findTestObject(Final Object Repo/New Registration - Registration Module Pages/Form 2/RefNo Acquiring)): Text of object 'Object Repository/Final Object Repo/New Registration - Registration Module Pages/Form 2/RefNo Acquiring' is: 'CRN11201800122878'

2018-11-27 17:31:26 - [MESSAGE][PASSED] - Text of object 'Object Repository/Final Object Repo/New Registration - Registration Module Pages/Form 2/RefNo Acquiring' is: 'CRN11201800122878'

2018-11-27 17:31:26 - [TEST_STEP][PASSED] - delay: Delayed 1 second(s)

2018-11-27 17:31:27 - [MESSAGE][PASSED] - Delayed 1 second(s)

2018-11-27 17:31:27 - [TEST_STEP][PASSED] - click: Object: 'Object Repository/Final Object Repo/New Registration - Registration Module Pages/Form 2/Add Employee Button' is clicked on

2018-11-27 17:31:27 - [MESSAGE][PASSED] - Object: 'Object Repository/Final Object Repo/New Registration - Registration Module Pages/Form 2/Add Employee Button' is clicked on

2018-11-27 17:31:27 - [TEST_STEP][PASSED] - delay: Delayed 1 second(s)

2018-11-27 17:31:28 - [MESSAGE][PASSED] - Delayed 1 second(s)

2018-11-27 17:31:28 - [TEST_STEP][PASSED] - setText: Text '010903091963' is set on object 'Object Repository/Final Object Repo/New Registration - Registration Module Pages/Form 2/NRIC Input'

2018-11-27 17:31:28 - [MESSAGE][PASSED] - Text '010903091963' is set on object 'Object Repository/Final Object Repo/New Registration - Registration Module Pages/Form 2/NRIC Input'

2018-11-27 17:31:28 - [TEST_STEP][PASSED] - click: Object: 'Object Repository/Final Object Repo/New Registration - Registration Module Pages/Form 2/button for search for IC' is clicked on

2018-11-27 17:31:29 - [MESSAGE][PASSED] - Object: 'Object Repository/Final Object Repo/New Registration - Registration Module Pages/Form 2/button for search for IC' is clicked on

2018-11-27 17:31:29 - [TEST_STEP][PASSED] - delay: Delayed 2 second(s)

2018-11-27 17:31:31 - [MESSAGE][PASSED] - Delayed 2 second(s)

2018-11-27 17:31:31 - [TEST_STEP][PASSED] - setText: Text 'Automate001 eligible 1' is set on object 'Object Repository/Final Object Repo/New Registration - Registration Module Pages/Form 2/Employee Name Input'

2018-11-27 17:31:31 - [MESSAGE][PASSED] - Text 'Automate001 eligible 1' is set on object 'Object Repository/Final Object Repo/New Registration - Registration Module Pages/Form 2/Employee Name Input'

2018-11-27 17:31:31 - [TEST_STEP][PASSED] - delay: Delayed 2 second(s)

2018-11-27 17:31:33 - [MESSAGE][PASSED] - Delayed 2 second(s)

2018-11-27 17:31:33 - [TEST_STEP][PASSED] - click: Object: 'Object Repository/Final Object Repo/New Registration - Registration Module Pages/Form 2/DatePicker Pop Up' is clicked on

2018-11-27 17:31:33 - [MESSAGE][PASSED] - Object: 'Object Repository/Final Object Repo/New Registration - Registration Module Pages/Form 2/DatePicker Pop Up' is clicked on

2018-11-27 17:31:33 - [TEST_STEP][PASSED] - click: Object: 'Object Repository/Final Object Repo/New Registration - Registration Module Pages/Form 2/DOB Month' is clicked on

2018-11-27 17:31:33 - [MESSAGE][PASSED] - Object: 'Object Repository/Final Object Repo/New Registration - Registration Module Pages/Form 2/DOB Month' is clicked on

2018-11-27 17:31:33 - [TEST_STEP][PASSED] - Statement - CurrentMonth = CurrentMonth: null

2018-11-27 17:31:33 - [TEST_STEP][PASSED] - Statement - selectMonth = new com.kms.katalon.core.testobject.TestObject(): null

2018-11-27 17:31:33 - [TEST_STEP][PASSED] - Statement - selectMonth.addProperty("xpath", EQUALS, "//body/div/div/div/select/option[@value='" + CurrentMonth + "']", true): null

2018-11-27 17:31:33 - [TEST_STEP][PASSED] - click: Object: '' is clicked on

2018-11-27 17:31:34 - [MESSAGE][PASSED] - Object: '' is clicked on

2018-11-27 17:31:34 - [TEST_STEP][PASSED] - click: Object: 'Object Repository/Final Object Repo/New Registration - Registration Module Pages/Form 2/DOB Year' is clicked on

2018-11-27 17:31:34 - [MESSAGE][PASSED] - Object: 'Object Repository/Final Object Repo/New Registration - Registration Module Pages/Form 2/DOB Year' is clicked on

2018-11-27 17:31:34 - [TEST_STEP][PASSED] - Statement - Eyearsbf = EighteenYrsBefore: null

2018-11-27 17:31:34 - [TEST_STEP][PASSED] - Statement - selectYear = new com.kms.katalon.core.testobject.TestObject(): null

2018-11-27 17:31:34 - [TEST_STEP][PASSED] - Statement - selectYear.addProperty("xpath", EQUALS, "//div/div/div/select/option[@value='" + Eyearsbf + "']", true): null

2018-11-27 17:31:34 - [TEST_STEP][PASSED] - click: Object: '' is clicked on

2018-11-27 17:31:34 - [MESSAGE][PASSED] - Object: '' is clicked on

2018-11-27 17:31:34 - [TEST_STEP][PASSED] - Statement - UpdatedSelectDate = com.kms.katalon.core.webui.keyword.WebUiBuiltInKeywords.modifyObjectProperty(com.kms.katalon.core.testobject.ObjectRepository.findTestObject(Final Object Repo/New Registration - Registration Module Pages/Form 2/DOB Date), "xpath", "equals", "//body/div/table/tbody/tr/td/a[text()="" + CurrentDate + ""]", true): Modify property of object successfully

2018-11-27 17:31:34 - [MESSAGE][PASSED] - Modify property of object successfully

2018-11-27 17:31:34 - [TEST_STEP][PASSED] - delay: Delayed 3 second(s)

2018-11-27 17:31:37 - [MESSAGE][PASSED] - Delayed 3 second(s)

2018-11-27 17:31:37 - [TEST_STEP][PASSED] - click: Object: 'Object Repository/Final Object Repo/New Registration - Registration Module Pages/Form 2/DOB Date' is clicked on

2018-11-27 17:31:37 - [MESSAGE][PASSED] - Object: 'Object Repository/Final Object Repo/New Registration - Registration Module Pages/Form 2/DOB Date' is clicked on

2018-11-27 17:31:37 - [TEST_STEP][PASSED] - delay: Delayed 2 second(s)

2018-11-27 17:31:39 - [MESSAGE][PASSED] - Delayed 2 second(s)

2018-11-27 17:31:39 - [TEST_STEP][PASSED] - click: Object: 'Object Repository/Final Object Repo/New Registration - Registration Module Pages/Form 2/EmploymentStartDate Pop Up' is clicked on

2018-11-27 17:31:39 - [MESSAGE][PASSED] - Object: 'Object Repository/Final Object Repo/New Registration - Registration Module Pages/Form 2/EmploymentStartDate Pop Up' is clicked on

2018-11-27 17:31:39 - [TEST_STEP][PASSED] - delay: Delayed 2 second(s)

2018-11-27 17:31:41 - [MESSAGE][PASSED] - Delayed 2 second(s)

2018-11-27 17:31:41 - [TEST_STEP][PASSED] - click: Object: 'Object Repository/Final Object Repo/New Registration - Registration Module Pages/Form 2/Socso Employment StartDate Month' is clicked on

2018-11-27 17:31:41 - [MESSAGE][PASSED] - Object: 'Object Repository/Final Object Repo/New Registration - Registration Module Pages/Form 2/Socso Employment StartDate Month' is clicked on

2018-11-27 17:31:41 - [TEST_STEP][PASSED] - delay: Delayed 1 second(s)

2018-11-27 17:31:42 - [MESSAGE][PASSED] - Delayed 1 second(s)

2018-11-27 17:31:42 - [TEST_STEP][PASSED] - click: Object: 'Object Repository/Final Object Repo/New Registration - Registration Module Pages/Form 2/Select Socso Employement Startdate Month' is clicked on

2018-11-27 17:31:42 - [MESSAGE][PASSED] - Object: 'Object Repository/Final Object Repo/New Registration - Registration Module Pages/Form 2/Select Socso Employement Startdate Month' is clicked on

2018-11-27 17:31:42 - [TEST_STEP][PASSED] - delay: Delayed 2 second(s)

2018-11-27 17:31:44 - [MESSAGE][PASSED] - Delayed 2 second(s)

2018-11-27 17:31:44 - [TEST_STEP][PASSED] - click: Object: 'Object Repository/Final Object Repo/New Registration - Registration Module Pages/Form 2/Socso Employment StartDate Year' is clicked on

2018-11-27 17:31:45 - [MESSAGE][PASSED] - Object: 'Object Repository/Final Object Repo/New Registration - Registration Module Pages/Form 2/Socso Employment StartDate Year' is clicked on

2018-11-27 17:31:45 - [TEST_STEP][PASSED] - delay: Delayed 1 second(s)

2018-11-27 17:31:46 - [MESSAGE][PASSED] - Delayed 1 second(s)

2018-11-27 17:31:46 - [TEST_STEP][PASSED] - click: Object: 'Object Repository/Final Object Repo/New Registration - Registration Module Pages/Form 2/Select Socso Employment Startdate Year' is clicked on

2018-11-27 17:31:46 - [MESSAGE][PASSED] - Object: 'Object Repository/Final Object Repo/New Registration - Registration Module Pages/Form 2/Select Socso Employment Startdate Year' is clicked on

2018-11-27 17:31:46 - [TEST_STEP][PASSED] - delay: Delayed 2 second(s)

2018-11-27 17:31:48 - [MESSAGE][PASSED] - Delayed 2 second(s)

2018-11-27 17:31:48 - [TEST_STEP][PASSED] - click: Object: 'Object Repository/Final Object Repo/New Registration - Registration Module Pages/Form 2/Socso Employment Start Date Day' is clicked on

2018-11-27 17:31:48 - [MESSAGE][PASSED] - Object: 'Object Repository/Final Object Repo/New Registration - Registration Module Pages/Form 2/Socso Employment Start Date Day' is clicked on

2018-11-27 17:31:48 - [TEST_STEP][PASSED] - delay: Delayed 2 second(s)

2018-11-27 17:31:50 - [MESSAGE][PASSED] - Delayed 2 second(s)

2018-11-27 17:31:50 - [TEST_STEP][PASSED] - click: Object: 'Object Repository/Final Object Repo/New Registration - Registration Module Pages/Form 2/Save Button for Add Employee' is clicked on

2018-11-27 17:31:50 - [MESSAGE][PASSED] - Object: 'Object Repository/Final Object Repo/New Registration - Registration Module Pages/Form 2/Save Button for Add Employee' is clicked on

2018-11-27 17:31:50 - [TEST_STEP][PASSED] - delay: Delayed 6 second(s)

2018-11-27 17:31:56 - [MESSAGE][PASSED] - Delayed 6 second(s)

2018-11-27 17:31:56 - [TEST_STEP][PASSED] - click: Object: 'Object Repository/Final Object Repo/New Registration - Registration Module Pages/Form 2/Save and Continue Form 2' is clicked on

2018-11-27 17:31:56 - [MESSAGE][PASSED] - Object: 'Object Repository/Final Object Repo/New Registration - Registration Module Pages/Form 2/Save and Continue Form 2' is clicked on

2018-11-27 17:31:56 - [MESSAGE][PASSED] - Call Test Case 'Test Cases/Final Aug 2018 - PKS Automation/Registration Module/New Registration/Form 2/Add 1 Eligible' successfully

2018-11-27 17:31:56 - [TEST_STEP][PASSED] - callTestCase: Call Test Case 'Test Cases/Final Aug 2018 - PKS Automation/Registration Module/New Registration/Flow of New Registration/Third Screen - Upload Supporting Doc - Preview' successfully

2018-11-27 17:31:56 - [TEST_CASE][PASSED] - Test Cases/Final Aug 2018 - PKS Automation/Registration Module/New Registration/Flow of New Registration/Third Screen - Upload Supporting Doc - Preview: Test Cases/Final Aug 2018 - PKS Automation/Registration Module/New Registration/Flow of New Registration/Third Screen - Upload Supporting Doc - Preview

2018-11-27 17:31:56 - [TEST_STEP][PASSED] - waitForPageLoad: Wait for page load successfully

2018-11-27 17:31:57 - [MESSAGE][PASSED] - Wait for page load successfully

2018-11-27 17:31:57 - [TEST_STEP][PASSED] - Statement - CaseReferenceNo = com.kms.katalon.core.webui.keyword.WebUiBuiltInKeywords.getText(com.kms.katalon.core.testobject.ObjectRepository.findTestObject(Final Object Repo/New Registration - Registration Module Pages/Third Screen - Upload Supporting Doc- Preview/RefNo Acquiring)): Text of object 'Object Repository/Final Object Repo/New Registration - Registration Module Pages/Third Screen - Upload Supporting Doc- Preview/RefNo Acquiring' is: 'CRN11201800122878'

2018-11-27 17:31:57 - [MESSAGE][PASSED] - Text of object 'Object Repository/Final Object Repo/New Registration - Registration Module Pages/Third Screen - Upload Supporting Doc- Preview/RefNo Acquiring' is: 'CRN11201800122878'

2018-11-27 17:31:57 - [TEST_STEP][PASSED] - delay: Delayed 2 second(s)

2018-11-27 17:31:59 - [MESSAGE][PASSED] - Delayed 2 second(s)

2018-11-27 17:31:59 - [TEST_STEP][PASSED] - callTestCase: Call Test Case 'Test Cases/Final Aug 2018 - PKS Automation/Common/Reference Number Setter' successfully

2018-11-27 17:31:59 - [TEST_CASE][PASSED] - Test Cases/Final Aug 2018 - PKS Automation/Common/Reference Number Setter: Test Cases/Final Aug 2018 - PKS Automation/Common/Reference Number Setter

2018-11-27 17:31:59 - [TEST_STEP][PASSED] - Statement - RefNoOldFile = new java.io.File(C://Users//Admin//Desktop//PKS//Automation Reference Point//KatalonReference.txt): null

2018-11-27 17:31:59 - [TEST_STEP][PASSED] - Statement - RefNoOldFile.delete(): null

2018-11-27 17:31:59 - [TEST_STEP][PASSED] - delay: Delayed 5 second(s)

2018-11-27 17:32:04 - [MESSAGE][PASSED] - Delayed 5 second(s)

2018-11-27 17:32:04 - [TEST_STEP][PASSED] - Statement - RefNo = new java.io.File(C://Users//Admin//Desktop//PKS//Automation Reference Point//KatalonReference.txt): null

2018-11-27 17:32:04 - [TEST_STEP][PASSED] - Statement - f2 = new java.io.FileWriter(RefNo, false): null

2018-11-27 17:32:04 - [TEST_STEP][PASSED] - Statement - f2.write(CaseReferenceNo): null

2018-11-27 17:32:04 - [TEST_STEP][PASSED] - Statement - f2.close(): null

2018-11-27 17:32:04 - [TEST_STEP][PASSED] - Statement - out.println("


" + CaseReferenceNo + "


"): null

2018-11-27 17:32:04 - [MESSAGE][PASSED] - Call Test Case 'Test Cases/Final Aug 2018 - PKS Automation/Common/Reference Number Setter' successfully

2018-11-27 17:32:04 - [TEST_STEP][PASSED] - waitForElementClickable: Object 'Object Repository/Final Object Repo/New Registration - Registration Module Pages/Third Screen - Upload Supporting Doc- Preview/Save n Continue in SIP Employee Listing Page' is clickable

2018-11-27 17:32:04 - [MESSAGE][PASSED] - Object 'Object Repository/Final Object Repo/New Registration - Registration Module Pages/Third Screen - Upload Supporting Doc- Preview/Save n Continue in SIP Employee Listing Page' is clickable

2018-11-27 17:32:04 - [TEST_STEP][PASSED] - click: Object: 'Object Repository/Final Object Repo/New Registration - Registration Module Pages/Third Screen - Upload Supporting Doc- Preview/Save n Continue in SIP Employee Listing Page' is clicked on

2018-11-27 17:32:10 - [MESSAGE][PASSED] - Object: 'Object Repository/Final Object Repo/New Registration - Registration Module Pages/Third Screen - Upload Supporting Doc- Preview/Save n Continue in SIP Employee Listing Page' is clicked on

2018-11-27 17:32:10 - [TEST_STEP][PASSED] - delay: Delayed 7 second(s)

2018-11-27 17:32:17 - [MESSAGE][PASSED] - Delayed 7 second(s)

2018-11-27 17:32:17 - [TEST_STEP][PASSED] - click: Object: 'Object Repository/Final Object Repo/New Registration - Registration Module Pages/Third Screen - Upload Supporting Doc- Preview/Add Document Button' is clicked on

2018-11-27 17:32:17 - [MESSAGE][PASSED] - Object: 'Object Repository/Final Object Repo/New Registration - Registration Module Pages/Third Screen - Upload Supporting Doc- Preview/Add Document Button' is clicked on

2018-11-27 17:32:17 - [TEST_STEP][PASSED] - delay: Delayed 30 second(s)

2018-11-27 17:32:47 - [MESSAGE][PASSED] - Delayed 30 second(s)

2018-11-27 17:32:47 - [TEST_STEP][PASSED] - click: Object: 'Object Repository/Final Object Repo/New Registration - Registration Module Pages/Third Screen - Upload Supporting Doc- Preview/Supporting Doc Please Select Drop Down' is clicked on

2018-11-27 17:32:47 - [MESSAGE][PASSED] - Object: 'Object Repository/Final Object Repo/New Registration - Registration Module Pages/Third Screen - Upload Supporting Doc- Preview/Supporting Doc Please Select Drop Down' is clicked on

2018-11-27 17:32:47 - [TEST_STEP][PASSED] - delay: Delayed 2 second(s)

2018-11-27 17:32:49 - [MESSAGE][PASSED] - Delayed 2 second(s)

2018-11-27 17:32:49 - [TEST_STEP][PASSED] - click: Object: 'Object Repository/Final Object Repo/New Registration - Registration Module Pages/Third Screen - Upload Supporting Doc- Preview/Select to Upload Form 1' is clicked on

2018-11-27 17:32:49 - [MESSAGE][PASSED] - Object: 'Object Repository/Final Object Repo/New Registration - Registration Module Pages/Third Screen - Upload Supporting Doc- Preview/Select to Upload Form 1' is clicked on

2018-11-27 17:32:49 - [TEST_STEP][PASSED] - delay: Delayed 2 second(s)

2018-11-27 17:32:51 - [MESSAGE][PASSED] - Delayed 2 second(s)

2018-11-27 17:32:51 - [TEST_STEP][PASSED] - uploadFile: File 'C:\Users\Public\Pictures\Sample Pictures\Koala.jpg' sent to object: 'Object Repository/Final Object Repo/New Registration - Registration Module Pages/Third Screen - Upload Supporting Doc- Preview/Upload File Adding'

2018-11-27 17:32:51 - [MESSAGE][PASSED] - File 'C:\Users\Public\Pictures\Sample Pictures\Koala.jpg' sent to object: 'Object Repository/Final Object Repo/New Registration - Registration Module Pages/Third Screen - Upload Supporting Doc- Preview/Upload File Adding'

2018-11-27 17:32:51 - [TEST_STEP][PASSED] - delay: Delayed 5 second(s)

2018-11-27 17:32:56 - [MESSAGE][PASSED] - Delayed 5 second(s)

2018-11-27 17:32:56 - [TEST_STEP][PASSED] - click: Object: 'Object Repository/Final Object Repo/New Registration - Registration Module Pages/Third Screen - Upload Supporting Doc- Preview/Inner Form Add Document Button' is clicked on

2018-11-27 17:32:57 - [MESSAGE][PASSED] - Object: 'Object Repository/Final Object Repo/New Registration - Registration Module Pages/Third Screen - Upload Supporting Doc- Preview/Inner Form Add Document Button' is clicked on

2018-11-27 17:32:57 - [TEST_STEP][PASSED] - delay: Delayed 3 second(s)

2018-11-27 17:33:00 - [MESSAGE][PASSED] - Delayed 3 second(s)

2018-11-27 17:33:00 - [TEST_STEP][PASSED] - click: Object: 'Object Repository/Final Object Repo/New Registration - Registration Module Pages/Third Screen - Upload Supporting Doc- Preview/Add Document Button' is clicked on

2018-11-27 17:33:01 - [MESSAGE][PASSED] - Object: 'Object Repository/Final Object Repo/New Registration - Registration Module Pages/Third Screen - Upload Supporting Doc- Preview/Add Document Button' is clicked on

2018-11-27 17:33:01 - [TEST_STEP][PASSED] - delay: Delayed 30 second(s)

2018-11-27 17:33:31 - [MESSAGE][PASSED] - Delayed 30 second(s)

2018-11-27 17:33:31 - [TEST_STEP][PASSED] - click: Object: 'Object Repository/Final Object Repo/New Registration - Registration Module Pages/Third Screen - Upload Supporting Doc- Preview/Supporting Doc Please Select Drop Down' is clicked on

2018-11-27 17:33:31 - [MESSAGE][PASSED] - Object: 'Object Repository/Final Object Repo/New Registration - Registration Module Pages/Third Screen - Upload Supporting Doc- Preview/Supporting Doc Please Select Drop Down' is clicked on

2018-11-27 17:33:31 - [TEST_STEP][PASSED] - delay: Delayed 2 second(s)

2018-11-27 17:33:33 - [MESSAGE][PASSED] - Delayed 2 second(s)

2018-11-27 17:33:33 - [TEST_STEP][PASSED] - click: Object: 'Object Repository/Final Object Repo/New Registration - Registration Module Pages/Third Screen - Upload Supporting Doc- Preview/Select to Upload Form 2' is clicked on

2018-11-27 17:33:33 - [MESSAGE][PASSED] - Object: 'Object Repository/Final Object Repo/New Registration - Registration Module Pages/Third Screen - Upload Supporting Doc- Preview/Select to Upload Form 2' is clicked on

2018-11-27 17:33:33 - [TEST_STEP][PASSED] - delay: Delayed 2 second(s)

2018-11-27 17:33:35 - [MESSAGE][PASSED] - Delayed 2 second(s)

2018-11-27 17:33:35 - [TEST_STEP][PASSED] - uploadFile: File 'C:\Users\Public\Pictures\Sample Pictures\Koala.jpg' sent to object: 'Object Repository/Final Object Repo/New Registration - Registration Module Pages/Third Screen - Upload Supporting Doc- Preview/Upload File Adding'

2018-11-27 17:33:35 - [MESSAGE][PASSED] - File 'C:\Users\Public\Pictures\Sample Pictures\Koala.jpg' sent to object: 'Object Repository/Final Object Repo/New Registration - Registration Module Pages/Third Screen - Upload Supporting Doc- Preview/Upload File Adding'

2018-11-27 17:33:35 - [TEST_STEP][PASSED] - click: Object: 'Object Repository/Final Object Repo/New Registration - Registration Module Pages/Third Screen - Upload Supporting Doc- Preview/Inner Form Add Document Button' is clicked on

2018-11-27 17:33:35 - [MESSAGE][PASSED] - Object: 'Object Repository/Final Object Repo/New Registration - Registration Module Pages/Third Screen - Upload Supporting Doc- Preview/Inner Form Add Document Button' is clicked on

2018-11-27 17:33:35 - [TEST_STEP][PASSED] - delay: Delayed 5 second(s)

2018-11-27 17:33:40 - [MESSAGE][PASSED] - Delayed 5 second(s)

2018-11-27 17:33:40 - [TEST_STEP][PASSED] - click: Object: 'Object Repository/Final Object Repo/New Registration - Registration Module Pages/Third Screen - Upload Supporting Doc- Preview/Add Document Button' is clicked on

2018-11-27 17:33:41 - [MESSAGE][PASSED] - Object: 'Object Repository/Final Object Repo/New Registration - Registration Module Pages/Third Screen - Upload Supporting Doc- Preview/Add Document Button' is clicked on

2018-11-27 17:33:41 - [TEST_STEP][PASSED] - delay: Delayed 30 second(s)

2018-11-27 17:34:11 - [MESSAGE][PASSED] - Delayed 30 second(s)

2018-11-27 17:34:11 - [TEST_STEP][PASSED] - click: Object: 'Object Repository/Final Object Repo/New Registration - Registration Module Pages/Third Screen - Upload Supporting Doc- Preview/Supporting Doc Please Select Drop Down' is clicked on

2018-11-27 17:34:11 - [MESSAGE][PASSED] - Object: 'Object Repository/Final Object Repo/New Registration - Registration Module Pages/Third Screen - Upload Supporting Doc- Preview/Supporting Doc Please Select Drop Down' is clicked on

2018-11-27 17:34:11 - [TEST_STEP][PASSED] - click: Object: 'Object Repository/Final Object Repo/New Registration - Registration Module Pages/Third Screen - Upload Supporting Doc- Preview/Select to Upload Borang SIP 1' is clicked on

2018-11-27 17:34:11 - [MESSAGE][PASSED] - Object: 'Object Repository/Final Object Repo/New Registration - Registration Module Pages/Third Screen - Upload Supporting Doc- Preview/Select to Upload Borang SIP 1' is clicked on

2018-11-27 17:34:11 - [TEST_STEP][PASSED] - delay: Delayed 2 second(s)

2018-11-27 17:34:13 - [MESSAGE][PASSED] - Delayed 2 second(s)

2018-11-27 17:34:13 - [TEST_STEP][PASSED] - uploadFile: File 'C:\Users\Public\Pictures\Sample Pictures\Koala.jpg' sent to object: 'Object Repository/Final Object Repo/New Registration - Registration Module Pages/Third Screen - Upload Supporting Doc- Preview/Upload File Adding'

2018-11-27 17:34:13 - [MESSAGE][PASSED] - File 'C:\Users\Public\Pictures\Sample Pictures\Koala.jpg' sent to object: 'Object Repository/Final Object Repo/New Registration - Registration Module Pages/Third Screen - Upload Supporting Doc- Preview/Upload File Adding'

2018-11-27 17:34:13 - [TEST_STEP][PASSED] - click: Object: 'Object Repository/Final Object Repo/New Registration - Registration Module Pages/Third Screen - Upload Supporting Doc- Preview/Inner Form Add Document Button' is clicked on

2018-11-27 17:34:13 - [MESSAGE][PASSED] - Object: 'Object Repository/Final Object Repo/New Registration - Registration Module Pages/Third Screen - Upload Supporting Doc- Preview/Inner Form Add Document Button' is clicked on

2018-11-27 17:34:13 - [TEST_STEP][PASSED] - delay: Delayed 5 second(s)

2018-11-27 17:34:18 - [MESSAGE][PASSED] - Delayed 5 second(s)

2018-11-27 17:34:18 - [TEST_STEP][PASSED] - click: Object: 'Object Repository/Final Object Repo/New Registration - Registration Module Pages/Third Screen - Upload Supporting Doc- Preview/Add Document Button' is clicked on

2018-11-27 17:34:18 - [MESSAGE][PASSED] - Object: 'Object Repository/Final Object Repo/New Registration - Registration Module Pages/Third Screen - Upload Supporting Doc- Preview/Add Document Button' is clicked on

2018-11-27 17:34:18 - [TEST_STEP][PASSED] - delay: Delayed 30 second(s)

2018-11-27 17:34:48 - [MESSAGE][PASSED] - Delayed 30 second(s)

2018-11-27 17:34:48 - [TEST_STEP][PASSED] - click: Object: 'Object Repository/Final Object Repo/New Registration - Registration Module Pages/Third Screen - Upload Supporting Doc- Preview/Supporting Doc Please Select Drop Down' is clicked on

2018-11-27 17:34:49 - [MESSAGE][PASSED] - Object: 'Object Repository/Final Object Repo/New Registration - Registration Module Pages/Third Screen - Upload Supporting Doc- Preview/Supporting Doc Please Select Drop Down' is clicked on

2018-11-27 17:34:49 - [TEST_STEP][PASSED] - delay: Delayed 3 second(s)

2018-11-27 17:34:52 - [MESSAGE][PASSED] - Delayed 3 second(s)

2018-11-27 17:34:52 - [TEST_STEP][PASSED] - click: Object: 'Object Repository/Final Object Repo/New Registration - Registration Module Pages/Third Screen - Upload Supporting Doc- Preview/Select to Upload Borang SIP 2' is clicked on

2018-11-27 17:34:52 - [MESSAGE][PASSED] - Object: 'Object Repository/Final Object Repo/New Registration - Registration Module Pages/Third Screen - Upload Supporting Doc- Preview/Select to Upload Borang SIP 2' is clicked on

2018-11-27 17:34:52 - [TEST_STEP][PASSED] - delay: Delayed 2 second(s)

2018-11-27 17:34:54 - [MESSAGE][PASSED] - Delayed 2 second(s)

2018-11-27 17:34:54 - [TEST_STEP][PASSED] - uploadFile: File 'C:\Users\Public\Pictures\Sample Pictures\Koala.jpg' sent to object: 'Object Repository/Final Object Repo/New Registration - Registration Module Pages/Third Screen - Upload Supporting Doc- Preview/Upload File Adding'

2018-11-27 17:34:54 - [MESSAGE][PASSED] - File 'C:\Users\Public\Pictures\Sample Pictures\Koala.jpg' sent to object: 'Object Repository/Final Object Repo/New Registration - Registration Module Pages/Third Screen - Upload Supporting Doc- Preview/Upload File Adding'

2018-11-27 17:34:54 - [TEST_STEP][PASSED] - delay: Delayed 5 second(s)

2018-11-27 17:34:59 - [MESSAGE][PASSED] - Delayed 5 second(s)

2018-11-27 17:34:59 - [TEST_STEP][PASSED] - click: Object: 'Object Repository/Final Object Repo/New Registration - Registration Module Pages/Third Screen - Upload Supporting Doc- Preview/Inner Form Add Document Button' is clicked on

2018-11-27 17:34:59 - [MESSAGE][PASSED] - Object: 'Object Repository/Final Object Repo/New Registration - Registration Module Pages/Third Screen - Upload Supporting Doc- Preview/Inner Form Add Document Button' is clicked on

2018-11-27 17:34:59 - [TEST_STEP][PASSED] - delay: Delayed 3 second(s)

2018-11-27 17:35:02 - [MESSAGE][PASSED] - Delayed 3 second(s)

2018-11-27 17:35:02 - [TEST_STEP][PASSED] - waitForElementClickable: Object 'Object Repository/Final Object Repo/New Registration - Registration Module Pages/Third Screen - Upload Supporting Doc- Preview/Save n Continue in Uploading Supporting Doc Page' is clickable

2018-11-27 17:35:03 - [MESSAGE][PASSED] - Object 'Object Repository/Final Object Repo/New Registration - Registration Module Pages/Third Screen - Upload Supporting Doc- Preview/Save n Continue in Uploading Supporting Doc Page' is clickable

2018-11-27 17:35:03 - [TEST_STEP][PASSED] - click: Object: 'Object Repository/Final Object Repo/New Registration - Registration Module Pages/Third Screen - Upload Supporting Doc- Preview/Save n Continue in Uploading Supporting Doc Page' is clicked on

2018-11-27 17:35:03 - [MESSAGE][PASSED] - Object: 'Object Repository/Final Object Repo/New Registration - Registration Module Pages/Third Screen - Upload Supporting Doc- Preview/Save n Continue in Uploading Supporting Doc Page' is clicked on

2018-11-27 17:35:03 - [MESSAGE][PASSED] - Call Test Case 'Test Cases/Final Aug 2018 - PKS Automation/Registration Module/New Registration/Flow of New Registration/Third Screen - Upload Supporting Doc - Preview' successfully

2018-11-27 17:35:03 - [TEST_STEP][PASSED] - callTestCase: Call Test Case 'Test Cases/Final Aug 2018 - PKS Automation/Registration Module/New Registration/Submit and Screenshot/Submit Registration and Screenshot - Copy' successfully

2018-11-27 17:35:03 - [TEST_CASE][PASSED] - Test Cases/Final Aug 2018 - PKS Automation/Registration Module/New Registration/Submit and Screenshot/Submit Registration and Screenshot - Copy: Test Cases/Final Aug 2018 - PKS Automation/Registration Module/New Registration/Submit and Screenshot/Submit Registration and Screenshot - Copy

2018-11-27 17:35:03 - [TEST_STEP][PASSED] - delay: Delayed 6 second(s)

2018-11-27 17:35:09 - [MESSAGE][PASSED] - Delayed 6 second(s)

2018-11-27 17:35:09 - [TEST_STEP][PASSED] - click: Object: 'Object Repository/Final Object Repo/New Registration - Registration Module Pages/Third Screen - Upload Supporting Doc- Preview/Preview Submit Button' is clicked on

2018-11-27 17:35:10 - [MESSAGE][PASSED] - Object: 'Object Repository/Final Object Repo/New Registration - Registration Module Pages/Third Screen - Upload Supporting Doc- Preview/Preview Submit Button' is clicked on

2018-11-27 17:35:10 - [TEST_STEP][PASSED] - delay: Delayed 2 second(s)

2018-11-27 17:35:12 - [MESSAGE][PASSED] - Delayed 2 second(s)

2018-11-27 17:35:12 - [TEST_STEP][PASSED] - click: Object: 'Object Repository/Final Object Repo/New Registration - Registration Module Pages/Third Screen - Upload Supporting Doc- Preview/Preview Submit - Confirm' is clicked on

2018-11-27 17:35:12 - [MESSAGE][PASSED] - Object: 'Object Repository/Final Object Repo/New Registration - Registration Module Pages/Third Screen - Upload Supporting Doc- Preview/Preview Submit - Confirm' is clicked on

2018-11-27 17:35:12 - [TEST_STEP][PASSED] - delay: Delayed 15 second(s)

2018-11-27 17:35:27 - [MESSAGE][PASSED] - Delayed 15 second(s)

2018-11-27 17:35:27 - [TEST_STEP][PASSED] - Statement - driver = com.kms.katalon.core.webui.driver.DriverFactory.getWebDriver(): null

2018-11-27 17:35:27 - [TEST_STEP][PASSED] - Statement - driver.manage().timeouts().implicitlyWait(10, SECONDS): null

2018-11-27 17:35:27 - [TEST_STEP][PASSED] - Statement - PresavePath = KatalonScreenshots: null

2018-11-27 17:35:27 - [TEST_STEP][PASSED] - Statement - pathPrefix = "C:\Users\Public\Pictures\Sample Pictures\Katalon Screenshots\Automate Ending Screen": null

2018-11-27 17:35:27 - [TEST_STEP][PASSED] - Statement - finalPath = <not implemented yet for class: org.codehaus.groovy.ast.expr.EmptyExpression>: null

2018-11-27 17:35:27 - [TEST_STEP][PASSED] - Statement - scrFile = driver.getScreenshotAs(FILE): null

2018-11-27 17:35:27 - [TEST_STEP][PASSED] - Statement - PreSaveFile = new java.io.File(PresavePath): null

2018-11-27 17:35:27 - [TEST_STEP][PASSED] - Statement - counter = 0: null

2018-11-27 17:35:27 - [TEST_STEP][PASSED] - Statement - If (PreSaveFile.exists()): null

2018-11-27 17:35:27 - [TEST_STEP][PASSED] - Statement - While (PreSaveFile.exists()): null

2018-11-27 17:35:27 - [TEST_STEP][PASSED] - Statement - counter = counter + 1: null

2018-11-27 17:35:27 - [TEST_STEP][PASSED] - Statement - PreSaveFile = new java.io.File(((pathPrefix + java.lang.Integer.toString(counter)) + .png)): null

2018-11-27 17:35:27 - [TEST_STEP][PASSED] - Statement - counter = counter + 1: null

2018-11-27 17:35:27 - [TEST_STEP][PASSED] - Statement - PreSaveFile = new java.io.File(((pathPrefix + java.lang.Integer.toString(counter)) + .png)): null

2018-11-27 17:35:27 - [TEST_STEP][PASSED] - Statement - counter = counter + 1: null

2018-11-27 17:35:27 - [TEST_STEP][PASSED] - Statement - PreSaveFile = new java.io.File(((pathPrefix + java.lang.Integer.toString(counter)) + .png)): null

2018-11-27 17:35:27 - [TEST_STEP][PASSED] - Statement - counter = counter + 1: null

2018-11-27 17:35:27 - [TEST_STEP][PASSED] - Statement - PreSaveFile = new java.io.File(((pathPrefix + java.lang.Integer.toString(counter)) + .png)): null

2018-11-27 17:35:27 - [TEST_STEP][PASSED] - Statement - counter = counter + 1: null

2018-11-27 17:35:27 - [TEST_STEP][PASSED] - Statement - PreSaveFile = new java.io.File(((pathPrefix + java.lang.Integer.toString(counter)) + .png)): null

2018-11-27 17:35:27 - [TEST_STEP][PASSED] - Statement - counter = counter + 1: null

2018-11-27 17:35:27 - [TEST_STEP][PASSED] - Statement - PreSaveFile = new java.io.File(((pathPrefix + java.lang.Integer.toString(counter)) + .png)): null

2018-11-27 17:35:27 - [TEST_STEP][PASSED] - Statement - counter = counter + 1: null

2018-11-27 17:35:27 - [TEST_STEP][PASSED] - Statement - PreSaveFile = new java.io.File(((pathPrefix + java.lang.Integer.toString(counter)) + .png)): null

2018-11-27 17:35:27 - [TEST_STEP][PASSED] - Statement - counter = counter + 1: null

2018-11-27 17:35:27 - [TEST_STEP][PASSED] - Statement - PreSaveFile = new java.io.File(((pathPrefix + java.lang.Integer.toString(counter)) + .png)): null

2018-11-27 17:35:27 - [TEST_STEP][PASSED] - Statement - counter = counter + 1: null

2018-11-27 17:35:27 - [TEST_STEP][PASSED] - Statement - PreSaveFile = new java.io.File(((pathPrefix + java.lang.Integer.toString(counter)) + .png)): null

2018-11-27 17:35:27 - [TEST_STEP][PASSED] - Statement - counter = counter + 1: null

2018-11-27 17:35:27 - [TEST_STEP][PASSED] - Statement - PreSaveFile = new java.io.File(((pathPrefix + java.lang.Integer.toString(counter)) + .png)): null

2018-11-27 17:35:27 - [TEST_STEP][PASSED] - Statement - counter = counter + 1: null

2018-11-27 17:35:27 - [TEST_STEP][PASSED] - Statement - PreSaveFile = new java.io.File(((pathPrefix + java.lang.Integer.toString(counter)) + .png)): null

2018-11-27 17:35:27 - [TEST_STEP][PASSED] - Statement - counter = counter + 1: null

2018-11-27 17:35:27 - [TEST_STEP][PASSED] - Statement - PreSaveFile = new java.io.File(((pathPrefix + java.lang.Integer.toString(counter)) + .png)): null

2018-11-27 17:35:27 - [TEST_STEP][PASSED] - Statement - counter = counter + 1: null

2018-11-27 17:35:27 - [TEST_STEP][PASSED] - Statement - PreSaveFile = new java.io.File(((pathPrefix + java.lang.Integer.toString(counter)) + .png)): null

2018-11-27 17:35:27 - [TEST_STEP][PASSED] - Statement - counter = counter + 1: null

2018-11-27 17:35:27 - [TEST_STEP][PASSED] - Statement - PreSaveFile = new java.io.File(((pathPrefix + java.lang.Integer.toString(counter)) + .png)): null

2018-11-27 17:35:27 - [TEST_STEP][PASSED] - Statement - counter = counter + 1: null

2018-11-27 17:35:27 - [TEST_STEP][PASSED] - Statement - PreSaveFile = new java.io.File(((pathPrefix + java.lang.Integer.toString(counter)) + .png)): null

2018-11-27 17:35:27 - [TEST_STEP][PASSED] - Statement - counter = counter + 1: null

2018-11-27 17:35:27 - [TEST_STEP][PASSED] - Statement - PreSaveFile = new java.io.File(((pathPrefix + java.lang.Integer.toString(counter)) + .png)): null

2018-11-27 17:35:27 - [TEST_STEP][PASSED] - Statement - counter = counter + 1: null

2018-11-27 17:35:27 - [TEST_STEP][PASSED] - Statement - PreSaveFile = new java.io.File(((pathPrefix + java.lang.Integer.toString(counter)) + .png)): null

2018-11-27 17:35:27 - [TEST_STEP][PASSED] - Statement - counter = counter + 1: null

2018-11-27 17:35:27 - [TEST_STEP][PASSED] - Statement - PreSaveFile = new java.io.File(((pathPrefix + java.lang.Integer.toString(counter)) + .png)): null

2018-11-27 17:35:27 - [TEST_STEP][PASSED] - Statement - counter = counter + 1: null

2018-11-27 17:35:27 - [TEST_STEP][PASSED] - Statement - PreSaveFile = new java.io.File(((pathPrefix + java.lang.Integer.toString(counter)) + .png)): null

2018-11-27 17:35:27 - [TEST_STEP][PASSED] - Statement - counter = counter + 1: null

2018-11-27 17:35:27 - [TEST_STEP][PASSED] - Statement - PreSaveFile = new java.io.File(((pathPrefix + java.lang.Integer.toString(counter)) + .png)): null

2018-11-27 17:35:27 - [TEST_STEP][PASSED] - Statement - counter = counter + 1: null

2018-11-27 17:35:27 - [TEST_STEP][PASSED] - Statement - PreSaveFile = new java.io.File(((pathPrefix + java.lang.Integer.toString(counter)) + .png)): null

2018-11-27 17:35:27 - [TEST_STEP][PASSED] - Statement - counter = counter + 1: null

2018-11-27 17:35:27 - [TEST_STEP][PASSED] - Statement - PreSaveFile = new java.io.File(((pathPrefix + java.lang.Integer.toString(counter)) + .png)): null

2018-11-27 17:35:27 - [TEST_STEP][PASSED] - Statement - counter = counter + 1: null

2018-11-27 17:35:27 - [TEST_STEP][PASSED] - Statement - PreSaveFile = new java.io.File(((pathPrefix + java.lang.Integer.toString(counter)) + .png)): null

2018-11-27 17:35:27 - [TEST_STEP][PASSED] - Statement - counter = counter + 1: null

2018-11-27 17:35:27 - [TEST_STEP][PASSED] - Statement - PreSaveFile = new java.io.File(((pathPrefix + java.lang.Integer.toString(counter)) + .png)): null

2018-11-27 17:35:27 - [TEST_STEP][PASSED] - Statement - counter = counter + 1: null

2018-11-27 17:35:27 - [TEST_STEP][PASSED] - Statement - PreSaveFile = new java.io.File(((pathPrefix + java.lang.Integer.toString(counter)) + .png)): null

2018-11-27 17:35:27 - [TEST_STEP][PASSED] - Statement - counter = counter + 1: null

2018-11-27 17:35:27 - [TEST_STEP][PASSED] - Statement - PreSaveFile = new java.io.File(((pathPrefix + java.lang.Integer.toString(counter)) + .png)): null

2018-11-27 17:35:27 - [TEST_STEP][PASSED] - Statement - counter = counter + 1: null

2018-11-27 17:35:27 - [TEST_STEP][PASSED] - Statement - PreSaveFile = new java.io.File(((pathPrefix + java.lang.Integer.toString(counter)) + .png)): null

2018-11-27 17:35:27 - [TEST_STEP][PASSED] - Statement - counter = counter + 1: null

2018-11-27 17:35:27 - [TEST_STEP][PASSED] - Statement - PreSaveFile = new java.io.File(((pathPrefix + java.lang.Integer.toString(counter)) + .png)): null

2018-11-27 17:35:27 - [TEST_STEP][PASSED] - Statement - counter = counter + 1: null

2018-11-27 17:35:27 - [TEST_STEP][PASSED] - Statement - PreSaveFile = new java.io.File(((pathPrefix + java.lang.Integer.toString(counter)) + .png)): null

2018-11-27 17:35:27 - [TEST_STEP][PASSED] - Statement - counter = counter + 1: null

2018-11-27 17:35:27 - [TEST_STEP][PASSED] - Statement - PreSaveFile = new java.io.File(((pathPrefix + java.lang.Integer.toString(counter)) + .png)): null

2018-11-27 17:35:27 - [TEST_STEP][PASSED] - Statement - counter = counter + 1: null

2018-11-27 17:35:27 - [TEST_STEP][PASSED] - Statement - PreSaveFile = new java.io.File(((pathPrefix + java.lang.Integer.toString(counter)) + .png)): null

2018-11-27 17:35:27 - [TEST_STEP][PASSED] - Statement - counter = counter + 1: null

2018-11-27 17:35:27 - [TEST_STEP][PASSED] - Statement - PreSaveFile = new java.io.File(((pathPrefix + java.lang.Integer.toString(counter)) + .png)): null

2018-11-27 17:35:27 - [TEST_STEP][PASSED] - Statement - counter = counter + 1: null

2018-11-27 17:35:27 - [TEST_STEP][PASSED] - Statement - PreSaveFile = new java.io.File(((pathPrefix + java.lang.Integer.toString(counter)) + .png)): null

2018-11-27 17:35:27 - [TEST_STEP][PASSED] - Statement - counter = counter + 1: null

2018-11-27 17:35:27 - [TEST_STEP][PASSED] - Statement - PreSaveFile = new java.io.File(((pathPrefix + java.lang.Integer.toString(counter)) + .png)): null

2018-11-27 17:35:27 - [TEST_STEP][PASSED] - Statement - counter = counter + 1: null

2018-11-27 17:35:27 - [TEST_STEP][PASSED] - Statement - PreSaveFile = new java.io.File(((pathPrefix + java.lang.Integer.toString(counter)) + .png)): null

2018-11-27 17:35:27 - [TEST_STEP][PASSED] - Statement - counter = counter + 1: null

2018-11-27 17:35:27 - [TEST_STEP][PASSED] - Statement - PreSaveFile = new java.io.File(((pathPrefix + java.lang.Integer.toString(counter)) + .png)): null

2018-11-27 17:35:27 - [TEST_STEP][PASSED] - Statement - counter = counter + 1: null

2018-11-27 17:35:27 - [TEST_STEP][PASSED] - Statement - PreSaveFile = new java.io.File(((pathPrefix + java.lang.Integer.toString(counter)) + .png)): null

2018-11-27 17:35:27 - [TEST_STEP][PASSED] - Statement - counter = counter + 1: null

2018-11-27 17:35:27 - [TEST_STEP][PASSED] - Statement - PreSaveFile = new java.io.File(((pathPrefix + java.lang.Integer.toString(counter)) + .png)): null

2018-11-27 17:35:27 - [TEST_STEP][PASSED] - Statement - counter = counter + 1: null

2018-11-27 17:35:27 - [TEST_STEP][PASSED] - Statement - PreSaveFile = new java.io.File(((pathPrefix + java.lang.Integer.toString(counter)) + .png)): null

2018-11-27 17:35:27 - [TEST_STEP][PASSED] - Statement - counter = counter + 1: null

2018-11-27 17:35:27 - [TEST_STEP][PASSED] - Statement - PreSaveFile = new java.io.File(((pathPrefix + java.lang.Integer.toString(counter)) + .png)): null

2018-11-27 17:35:27 - [TEST_STEP][PASSED] - Statement - counter = counter + 1: null

2018-11-27 17:35:27 - [TEST_STEP][PASSED] - Statement - PreSaveFile = new java.io.File(((pathPrefix + java.lang.Integer.toString(counter)) + .png)): null

2018-11-27 17:35:27 - [TEST_STEP][PASSED] - Statement - counter = counter + 1: null

2018-11-27 17:35:27 - [TEST_STEP][PASSED] - Statement - PreSaveFile = new java.io.File(((pathPrefix + java.lang.Integer.toString(counter)) + .png)): null

2018-11-27 17:35:27 - [TEST_STEP][PASSED] - Statement - counter = counter + 1: null

2018-11-27 17:35:27 - [TEST_STEP][PASSED] - Statement - PreSaveFile = new java.io.File(((pathPrefix + java.lang.Integer.toString(counter)) + .png)): null

2018-11-27 17:35:27 - [TEST_STEP][PASSED] - Statement - counter = counter + 1: null

2018-11-27 17:35:27 - [TEST_STEP][PASSED] - Statement - PreSaveFile = new java.io.File(((pathPrefix + java.lang.Integer.toString(counter)) + .png)): null

2018-11-27 17:35:27 - [TEST_STEP][PASSED] - Statement - counter = counter + 1: null

2018-11-27 17:35:27 - [TEST_STEP][PASSED] - Statement - PreSaveFile = new java.io.File(((pathPrefix + java.lang.Integer.toString(counter)) + .png)): null

2018-11-27 17:35:27 - [TEST_STEP][PASSED] - Statement - counter = counter + 1: null

2018-11-27 17:35:27 - [TEST_STEP][PASSED] - Statement - PreSaveFile = new java.io.File(((pathPrefix + java.lang.Integer.toString(counter)) + .png)): null

2018-11-27 17:35:27 - [TEST_STEP][PASSED] - Statement - counter = counter + 1: null

2018-11-27 17:35:27 - [TEST_STEP][PASSED] - Statement - PreSaveFile = new java.io.File(((pathPrefix + java.lang.Integer.toString(counter)) + .png)): null

2018-11-27 17:35:27 - [TEST_STEP][PASSED] - Statement - counter = counter + 1: null

2018-11-27 17:35:27 - [TEST_STEP][PASSED] - Statement - PreSaveFile = new java.io.File(((pathPrefix + java.lang.Integer.toString(counter)) + .png)): null

2018-11-27 17:35:27 - [TEST_STEP][PASSED] - Statement - counter = counter + 1: null

2018-11-27 17:35:27 - [TEST_STEP][PASSED] - Statement - PreSaveFile = new java.io.File(((pathPrefix + java.lang.Integer.toString(counter)) + .png)): null

2018-11-27 17:35:27 - [TEST_STEP][PASSED] - Statement - counter = counter + 1: null

2018-11-27 17:35:27 - [TEST_STEP][PASSED] - Statement - PreSaveFile = new java.io.File(((pathPrefix + java.lang.Integer.toString(counter)) + .png)): null

2018-11-27 17:35:27 - [TEST_STEP][PASSED] - Statement - counter = counter + 1: null

2018-11-27 17:35:27 - [TEST_STEP][PASSED] - Statement - PreSaveFile = new java.io.File(((pathPrefix + java.lang.Integer.toString(counter)) + .png)): null

2018-11-27 17:35:27 - [TEST_STEP][PASSED] - Statement - counter = counter + 1: null

2018-11-27 17:35:27 - [TEST_STEP][PASSED] - Statement - PreSaveFile = new java.io.File(((pathPrefix + java.lang.Integer.toString(counter)) + .png)): null

2018-11-27 17:35:27 - [TEST_STEP][PASSED] - Statement - counter = counter + 1: null

2018-11-27 17:35:27 - [TEST_STEP][PASSED] - Statement - PreSaveFile = new java.io.File(((pathPrefix + java.lang.Integer.toString(counter)) + .png)): null

2018-11-27 17:35:27 - [TEST_STEP][PASSED] - Statement - counter = counter + 1: null

2018-11-27 17:35:27 - [TEST_STEP][PASSED] - Statement - PreSaveFile = new java.io.File(((pathPrefix + java.lang.Integer.toString(counter)) + .png)): null

2018-11-27 17:35:27 - [TEST_STEP][PASSED] - Statement - counter = counter + 1: null

2018-11-27 17:35:27 - [TEST_STEP][PASSED] - Statement - PreSaveFile = new java.io.File(((pathPrefix + java.lang.Integer.toString(counter)) + .png)): null

2018-11-27 17:35:27 - [TEST_STEP][PASSED] - Statement - counter = counter + 1: null

2018-11-27 17:35:27 - [TEST_STEP][PASSED] - Statement - PreSaveFile = new java.io.File(((pathPrefix + java.lang.Integer.toString(counter)) + .png)): null

2018-11-27 17:35:27 - [TEST_STEP][PASSED] - Statement - counter = counter + 1: null

2018-11-27 17:35:27 - [TEST_STEP][PASSED] - Statement - PreSaveFile = new java.io.File(((pathPrefix + java.lang.Integer.toString(counter)) + .png)): null

2018-11-27 17:35:27 - [TEST_STEP][PASSED] - Statement - counter = counter + 1: null

2018-11-27 17:35:27 - [TEST_STEP][PASSED] - Statement - PreSaveFile = new java.io.File(((pathPrefix + java.lang.Integer.toString(counter)) + .png)): null

2018-11-27 17:35:27 - [TEST_STEP][PASSED] - Statement - counter = counter + 1: null

2018-11-27 17:35:27 - [TEST_STEP][PASSED] - Statement - PreSaveFile = new java.io.File(((pathPrefix + java.lang.Integer.toString(counter)) + .png)): null

2018-11-27 17:35:27 - [TEST_STEP][PASSED] - Statement - counter = counter + 1: null

2018-11-27 17:35:27 - [TEST_STEP][PASSED] - Statement - PreSaveFile = new java.io.File(((pathPrefix + java.lang.Integer.toString(counter)) + .png)): null

2018-11-27 17:35:27 - [TEST_STEP][PASSED] - Statement - counter = counter + 1: null

2018-11-27 17:35:27 - [TEST_STEP][PASSED] - Statement - PreSaveFile = new java.io.File(((pathPrefix + java.lang.Integer.toString(counter)) + .png)): null

2018-11-27 17:35:27 - [TEST_STEP][PASSED] - Statement - counter = counter + 1: null

2018-11-27 17:35:27 - [TEST_STEP][PASSED] - Statement - PreSaveFile = new java.io.File(((pathPrefix + java.lang.Integer.toString(counter)) + .png)): null

2018-11-27 17:35:27 - [TEST_STEP][PASSED] - Statement - counter = counter + 1: null

2018-11-27 17:35:27 - [TEST_STEP][PASSED] - Statement - PreSaveFile = new java.io.File(((pathPrefix + java.lang.Integer.toString(counter)) + .png)): null

2018-11-27 17:35:27 - [TEST_STEP][PASSED] - Statement - counter = counter + 1: null

2018-11-27 17:35:27 - [TEST_STEP][PASSED] - Statement - PreSaveFile = new java.io.File(((pathPrefix + java.lang.Integer.toString(counter)) + .png)): null

2018-11-27 17:35:27 - [TEST_STEP][PASSED] - Statement - counter = counter + 1: null

2018-11-27 17:35:27 - [TEST_STEP][PASSED] - Statement - PreSaveFile = new java.io.File(((pathPrefix + java.lang.Integer.toString(counter)) + .png)): null

2018-11-27 17:35:27 - [TEST_STEP][PASSED] - Statement - counter = counter + 1: null

2018-11-27 17:35:27 - [TEST_STEP][PASSED] - Statement - PreSaveFile = new java.io.File(((pathPrefix + java.lang.Integer.toString(counter)) + .png)): null

2018-11-27 17:35:27 - [TEST_STEP][PASSED] - Statement - counter = counter + 1: null

2018-11-27 17:35:27 - [TEST_STEP][PASSED] - Statement - PreSaveFile = new java.io.File(((pathPrefix + java.lang.Integer.toString(counter)) + .png)): null

2018-11-27 17:35:27 - [TEST_STEP][PASSED] - Statement - counter = counter + 1: null

2018-11-27 17:35:27 - [TEST_STEP][PASSED] - Statement - PreSaveFile = new java.io.File(((pathPrefix + java.lang.Integer.toString(counter)) + .png)): null

2018-11-27 17:35:27 - [TEST_STEP][PASSED] - Statement - counter = counter + 1: null

2018-11-27 17:35:27 - [TEST_STEP][PASSED] - Statement - PreSaveFile = new java.io.File(((pathPrefix + java.lang.Integer.toString(counter)) + .png)): null

2018-11-27 17:35:27 - [TEST_STEP][PASSED] - Statement - counter = counter + 1: null

2018-11-27 17:35:27 - [TEST_STEP][PASSED] - Statement - PreSaveFile = new java.io.File(((pathPrefix + java.lang.Integer.toString(counter)) + .png)): null

2018-11-27 17:35:27 - [TEST_STEP][PASSED] - Statement - counter = counter + 1: null

2018-11-27 17:35:27 - [TEST_STEP][PASSED] - Statement - PreSaveFile = new java.io.File(((pathPrefix + java.lang.Integer.toString(counter)) + .png)): null

2018-11-27 17:35:27 - [TEST_STEP][PASSED] - Statement - counter = counter + 1: null

2018-11-27 17:35:27 - [TEST_STEP][PASSED] - Statement - PreSaveFile = new java.io.File(((pathPrefix + java.lang.Integer.toString(counter)) + .png)): null

2018-11-27 17:35:27 - [TEST_STEP][PASSED] - Statement - counter = counter + 1: null

2018-11-27 17:35:27 - [TEST_STEP][PASSED] - Statement - PreSaveFile = new java.io.File(((pathPrefix + java.lang.Integer.toString(counter)) + .png)): null

2018-11-27 17:35:27 - [TEST_STEP][PASSED] - Statement - counter = counter + 1: null

2018-11-27 17:35:27 - [TEST_STEP][PASSED] - Statement - PreSaveFile = new java.io.File(((pathPrefix + java.lang.Integer.toString(counter)) + .png)): null

2018-11-27 17:35:27 - [TEST_STEP][PASSED] - Statement - counter = counter + 1: null

2018-11-27 17:35:27 - [TEST_STEP][PASSED] - Statement - PreSaveFile = new java.io.File(((pathPrefix + java.lang.Integer.toString(counter)) + .png)): null

2018-11-27 17:35:27 - [TEST_STEP][PASSED] - Statement - counter = counter + 1: null

2018-11-27 17:35:27 - [TEST_STEP][PASSED] - Statement - PreSaveFile = new java.io.File(((pathPrefix + java.lang.Integer.toString(counter)) + .png)): null

2018-11-27 17:35:27 - [TEST_STEP][PASSED] - Statement - counter = counter + 1: null

2018-11-27 17:35:27 - [TEST_STEP][PASSED] - Statement - PreSaveFile = new java.io.File(((pathPrefix + java.lang.Integer.toString(counter)) + .png)): null

2018-11-27 17:35:27 - [TEST_STEP][PASSED] - Statement - counter = counter + 1: null

2018-11-27 17:35:27 - [TEST_STEP][PASSED] - Statement - PreSaveFile = new java.io.File(((pathPrefix + java.lang.Integer.toString(counter)) + .png)): null

2018-11-27 17:35:27 - [TEST_STEP][PASSED] - Statement - counter = counter + 1: null

2018-11-27 17:35:27 - [TEST_STEP][PASSED] - Statement - PreSaveFile = new java.io.File(((pathPrefix + java.lang.Integer.toString(counter)) + .png)): null

2018-11-27 17:35:27 - [TEST_STEP][PASSED] - Statement - counter = counter + 1: null

2018-11-27 17:35:27 - [TEST_STEP][PASSED] - Statement - PreSaveFile = new java.io.File(((pathPrefix + java.lang.Integer.toString(counter)) + .png)): null

2018-11-27 17:35:27 - [TEST_STEP][PASSED] - Statement - counter = counter + 1: null

2018-11-27 17:35:27 - [TEST_STEP][PASSED] - Statement - PreSaveFile = new java.io.File(((pathPrefix + java.lang.Integer.toString(counter)) + .png)): null

2018-11-27 17:35:27 - [TEST_STEP][PASSED] - Statement - counter = counter + 1: null

2018-11-27 17:35:27 - [TEST_STEP][PASSED] - Statement - PreSaveFile = new java.io.File(((pathPrefix + java.lang.Integer.toString(counter)) + .png)): null

2018-11-27 17:35:27 - [TEST_STEP][PASSED] - Statement - counter = counter + 1: null

2018-11-27 17:35:27 - [TEST_STEP][PASSED] - Statement - PreSaveFile = new java.io.File(((pathPrefix + java.lang.Integer.toString(counter)) + .png)): null

2018-11-27 17:35:27 - [TEST_STEP][PASSED] - Statement - counter = counter + 1: null

2018-11-27 17:35:27 - [TEST_STEP][PASSED] - Statement - PreSaveFile = new java.io.File(((pathPrefix + java.lang.Integer.toString(counter)) + .png)): null

2018-11-27 17:35:27 - [TEST_STEP][PASSED] - Statement - counter = counter + 1: null

2018-11-27 17:35:27 - [TEST_STEP][PASSED] - Statement - PreSaveFile = new java.io.File(((pathPrefix + java.lang.Integer.toString(counter)) + .png)): null

2018-11-27 17:35:27 - [TEST_STEP][PASSED] - Statement - counter = counter + 1: null

2018-11-27 17:35:27 - [TEST_STEP][PASSED] - Statement - PreSaveFile = new java.io.File(((pathPrefix + java.lang.Integer.toString(counter)) + .png)): null

2018-11-27 17:35:27 - [TEST_STEP][PASSED] - Statement - counter = counter + 1: null

2018-11-27 17:35:27 - [TEST_STEP][PASSED] - Statement - PreSaveFile = new java.io.File(((pathPrefix + java.lang.Integer.toString(counter)) + .png)): null

2018-11-27 17:35:27 - [TEST_STEP][PASSED] - Statement - counter = counter + 1: null

2018-11-27 17:35:27 - [TEST_STEP][PASSED] - Statement - PreSaveFile = new java.io.File(((pathPrefix + java.lang.Integer.toString(counter)) + .png)): null

2018-11-27 17:35:27 - [TEST_STEP][PASSED] - Statement - counter = counter + 1: null

2018-11-27 17:35:27 - [TEST_STEP][PASSED] - Statement - PreSaveFile = new java.io.File(((pathPrefix + java.lang.Integer.toString(counter)) + .png)): null

2018-11-27 17:35:27 - [TEST_STEP][PASSED] - Statement - counter = counter + 1: null

2018-11-27 17:35:27 - [TEST_STEP][PASSED] - Statement - PreSaveFile = new java.io.File(((pathPrefix + java.lang.Integer.toString(counter)) + .png)): null

2018-11-27 17:35:27 - [TEST_STEP][PASSED] - Statement - counter = counter + 1: null

2018-11-27 17:35:27 - [TEST_STEP][PASSED] - Statement - PreSaveFile = new java.io.File(((pathPrefix + java.lang.Integer.toString(counter)) + .png)): null

2018-11-27 17:35:27 - [TEST_STEP][PASSED] - Statement - counter = counter + 1: null

2018-11-27 17:35:27 - [TEST_STEP][PASSED] - Statement - PreSaveFile = new java.io.File(((pathPrefix + java.lang.Integer.toString(counter)) + .png)): null

2018-11-27 17:35:27 - [TEST_STEP][PASSED] - Statement - counter = counter + 1: null

2018-11-27 17:35:27 - [TEST_STEP][PASSED] - Statement - PreSaveFile = new java.io.File(((pathPrefix + java.lang.Integer.toString(counter)) + .png)): null

2018-11-27 17:35:27 - [TEST_STEP][PASSED] - Statement - counter = counter + 1: null

2018-11-27 17:35:27 - [TEST_STEP][PASSED] - Statement - PreSaveFile = new java.io.File(((pathPrefix + java.lang.Integer.toString(counter)) + .png)): null

2018-11-27 17:35:27 - [TEST_STEP][PASSED] - Statement - counter = counter + 1: null

2018-11-27 17:35:27 - [TEST_STEP][PASSED] - Statement - PreSaveFile = new java.io.File(((pathPrefix + java.lang.Integer.toString(counter)) + .png)): null

2018-11-27 17:35:27 - [TEST_STEP][PASSED] - Statement - counter = counter + 1: null

2018-11-27 17:35:27 - [TEST_STEP][PASSED] - Statement - PreSaveFile = new java.io.File(((pathPrefix + java.lang.Integer.toString(counter)) + .png)): null

2018-11-27 17:35:27 - [TEST_STEP][PASSED] - Statement - counter = counter + 1: null

2018-11-27 17:35:27 - [TEST_STEP][PASSED] - Statement - PreSaveFile = new java.io.File(((pathPrefix + java.lang.Integer.toString(counter)) + .png)): null

2018-11-27 17:35:27 - [TEST_STEP][PASSED] - Statement - counter = counter + 1: null

2018-11-27 17:35:27 - [TEST_STEP][PASSED] - Statement - PreSaveFile = new java.io.File(((pathPrefix + java.lang.Integer.toString(counter)) + .png)): null

2018-11-27 17:35:27 - [TEST_STEP][PASSED] - Statement - counter = counter + 1: null

2018-11-27 17:35:27 - [TEST_STEP][PASSED] - Statement - PreSaveFile = new java.io.File(((pathPrefix + java.lang.Integer.toString(counter)) + .png)): null

2018-11-27 17:35:27 - [TEST_STEP][PASSED] - Statement - counter = counter + 1: null

2018-11-27 17:35:27 - [TEST_STEP][PASSED] - Statement - PreSaveFile = new java.io.File(((pathPrefix + java.lang.Integer.toString(counter)) + .png)): null

2018-11-27 17:35:27 - [TEST_STEP][PASSED] - Statement - counter = counter + 1: null

2018-11-27 17:35:27 - [TEST_STEP][PASSED] - Statement - PreSaveFile = new java.io.File(((pathPrefix + java.lang.Integer.toString(counter)) + .png)): null

2018-11-27 17:35:27 - [TEST_STEP][PASSED] - Statement - counter = counter + 1: null

2018-11-27 17:35:27 - [TEST_STEP][PASSED] - Statement - PreSaveFile = new java.io.File(((pathPrefix + java.lang.Integer.toString(counter)) + .png)): null

2018-11-27 17:35:27 - [TEST_STEP][PASSED] - Statement - counter = counter + 1: null

2018-11-27 17:35:27 - [TEST_STEP][PASSED] - Statement - PreSaveFile = new java.io.File(((pathPrefix + java.lang.Integer.toString(counter)) + .png)): null

2018-11-27 17:35:27 - [TEST_STEP][PASSED] - Statement - counter = counter + 1: null

2018-11-27 17:35:27 - [TEST_STEP][PASSED] - Statement - PreSaveFile = new java.io.File(((pathPrefix + java.lang.Integer.toString(counter)) + .png)): null

2018-11-27 17:35:27 - [TEST_STEP][PASSED] - Statement - counter = counter + 1: null

2018-11-27 17:35:28 - [TEST_STEP][PASSED] - Statement - PreSaveFile = new java.io.File(((pathPrefix + java.lang.Integer.toString(counter)) + .png)): null

2018-11-27 17:35:28 - [TEST_STEP][PASSED] - Statement - counter = counter + 1: null

2018-11-27 17:35:28 - [TEST_STEP][PASSED] - Statement - PreSaveFile = new java.io.File(((pathPrefix + java.lang.Integer.toString(counter)) + .png)): null

2018-11-27 17:35:28 - [TEST_STEP][PASSED] - Statement - counter = counter + 1: null

2018-11-27 17:35:28 - [TEST_STEP][PASSED] - Statement - PreSaveFile = new java.io.File(((pathPrefix + java.lang.Integer.toString(counter)) + .png)): null

2018-11-27 17:35:28 - [TEST_STEP][PASSED] - Statement - counter = counter + 1: null

2018-11-27 17:35:28 - [TEST_STEP][PASSED] - Statement - PreSaveFile = new java.io.File(((pathPrefix + java.lang.Integer.toString(counter)) + .png)): null

2018-11-27 17:35:28 - [TEST_STEP][PASSED] - Statement - counter = counter + 1: null

2018-11-27 17:35:28 - [TEST_STEP][PASSED] - Statement - PreSaveFile = new java.io.File(((pathPrefix + java.lang.Integer.toString(counter)) + .png)): null

2018-11-27 17:35:28 - [TEST_STEP][PASSED] - Statement - counter = counter + 1: null

2018-11-27 17:35:28 - [TEST_STEP][PASSED] - Statement - PreSaveFile = new java.io.File(((pathPrefix + java.lang.Integer.toString(counter)) + .png)): null

2018-11-27 17:35:28 - [TEST_STEP][PASSED] - Statement - counter = counter + 1: null

2018-11-27 17:35:28 - [TEST_STEP][PASSED] - Statement - PreSaveFile = new java.io.File(((pathPrefix + java.lang.Integer.toString(counter)) + .png)): null

2018-11-27 17:35:28 - [TEST_STEP][PASSED] - Statement - counter = counter + 1: null

2018-11-27 17:35:28 - [TEST_STEP][PASSED] - Statement - PreSaveFile = new java.io.File(((pathPrefix + java.lang.Integer.toString(counter)) + .png)): null

2018-11-27 17:35:28 - [TEST_STEP][PASSED] - Statement - counter = counter + 1: null

2018-11-27 17:35:28 - [TEST_STEP][PASSED] - Statement - PreSaveFile = new java.io.File(((pathPrefix + java.lang.Integer.toString(counter)) + .png)): null

2018-11-27 17:35:28 - [TEST_STEP][PASSED] - Statement - counter = counter + 1: null

2018-11-27 17:35:28 - [TEST_STEP][PASSED] - Statement - PreSaveFile = new java.io.File(((pathPrefix + java.lang.Integer.toString(counter)) + .png)): null

2018-11-27 17:35:28 - [TEST_STEP][PASSED] - Statement - counter = counter + 1: null

2018-11-27 17:35:28 - [TEST_STEP][PASSED] - Statement - PreSaveFile = new java.io.File(((pathPrefix + java.lang.Integer.toString(counter)) + .png)): null

2018-11-27 17:35:28 - [TEST_STEP][PASSED] - Statement - counter = counter + 1: null

2018-11-27 17:35:28 - [TEST_STEP][PASSED] - Statement - PreSaveFile = new java.io.File(((pathPrefix + java.lang.Integer.toString(counter)) + .png)): null

2018-11-27 17:35:28 - [TEST_STEP][PASSED] - Statement - counter = counter + 1: null

2018-11-27 17:35:28 - [TEST_STEP][PASSED] - Statement - PreSaveFile = new java.io.File(((pathPrefix + java.lang.Integer.toString(counter)) + .png)): null

2018-11-27 17:35:28 - [TEST_STEP][PASSED] - Statement - counter = counter + 1: null

2018-11-27 17:35:28 - [TEST_STEP][PASSED] - Statement - PreSaveFile = new java.io.File(((pathPrefix + java.lang.Integer.toString(counter)) + .png)): null

2018-11-27 17:35:28 - [TEST_STEP][PASSED] - Statement - counter = counter + 1: null

2018-11-27 17:35:28 - [TEST_STEP][PASSED] - Statement - PreSaveFile = new java.io.File(((pathPrefix + java.lang.Integer.toString(counter)) + .png)): null

2018-11-27 17:35:28 - [TEST_STEP][PASSED] - Statement - counter = counter + 1: null

2018-11-27 17:35:28 - [TEST_STEP][PASSED] - Statement - PreSaveFile = new java.io.File(((pathPrefix + java.lang.Integer.toString(counter)) + .png)): null

2018-11-27 17:35:28 - [TEST_STEP][PASSED] - Statement - counter = counter + 1: null

2018-11-27 17:35:28 - [TEST_STEP][PASSED] - Statement - PreSaveFile = new java.io.File(((pathPrefix + java.lang.Integer.toString(counter)) + .png)): null

2018-11-27 17:35:28 - [TEST_STEP][PASSED] - Statement - counter = counter + 1: null

2018-11-27 17:35:28 - [TEST_STEP][PASSED] - Statement - PreSaveFile = new java.io.File(((pathPrefix + java.lang.Integer.toString(counter)) + .png)): null

2018-11-27 17:35:28 - [TEST_STEP][PASSED] - Statement - counter = counter + 1: null

2018-11-27 17:35:28 - [TEST_STEP][PASSED] - Statement - PreSaveFile = new java.io.File(((pathPrefix + java.lang.Integer.toString(counter)) + .png)): null

2018-11-27 17:35:28 - [TEST_STEP][PASSED] - Statement - counter = counter + 1: null

2018-11-27 17:35:28 - [TEST_STEP][PASSED] - Statement - PreSaveFile = new java.io.File(((pathPrefix + java.lang.Integer.toString(counter)) + .png)): null

2018-11-27 17:35:28 - [TEST_STEP][PASSED] - Statement - counter = counter + 1: null

2018-11-27 17:35:28 - [TEST_STEP][PASSED] - Statement - PreSaveFile = new java.io.File(((pathPrefix + java.lang.Integer.toString(counter)) + .png)): null

2018-11-27 17:35:28 - [TEST_STEP][PASSED] - Statement - counter = counter + 1: null

2018-11-27 17:35:28 - [TEST_STEP][PASSED] - Statement - PreSaveFile = new java.io.File(((pathPrefix + java.lang.Integer.toString(counter)) + .png)): null

2018-11-27 17:35:28 - [TEST_STEP][PASSED] - Statement - counter = counter + 1: null

2018-11-27 17:35:28 - [TEST_STEP][PASSED] - Statement - PreSaveFile = new java.io.File(((pathPrefix + java.lang.Integer.toString(counter)) + .png)): null

2018-11-27 17:35:28 - [TEST_STEP][PASSED] - Statement - counter = counter + 1: null

2018-11-27 17:35:28 - [TEST_STEP][PASSED] - Statement - PreSaveFile = new java.io.File(((pathPrefix + java.lang.Integer.toString(counter)) + .png)): null

2018-11-27 17:35:28 - [TEST_STEP][PASSED] - Statement - counter = counter + 1: null

2018-11-27 17:35:28 - [TEST_STEP][PASSED] - Statement - PreSaveFile = new java.io.File(((pathPrefix + java.lang.Integer.toString(counter)) + .png)): null

2018-11-27 17:35:28 - [TEST_STEP][PASSED] - Statement - counter = counter + 1: null

2018-11-27 17:35:28 - [TEST_STEP][PASSED] - Statement - PreSaveFile = new java.io.File(((pathPrefix + java.lang.Integer.toString(counter)) + .png)): null

2018-11-27 17:35:28 - [TEST_STEP][PASSED] - Statement - counter = counter + 1: null

2018-11-27 17:35:28 - [TEST_STEP][PASSED] - Statement - PreSaveFile = new java.io.File(((pathPrefix + java.lang.Integer.toString(counter)) + .png)): null

2018-11-27 17:35:28 - [TEST_STEP][PASSED] - Statement - counter = counter + 1: null

2018-11-27 17:35:28 - [TEST_STEP][PASSED] - Statement - PreSaveFile = new java.io.File(((pathPrefix + java.lang.Integer.toString(counter)) + .png)): null

2018-11-27 17:35:28 - [TEST_STEP][PASSED] - Statement - counter = counter + 1: null

2018-11-27 17:35:28 - [TEST_STEP][PASSED] - Statement - PreSaveFile = new java.io.File(((pathPrefix + java.lang.Integer.toString(counter)) + .png)): null

2018-11-27 17:35:28 - [TEST_STEP][PASSED] - Statement - counter = counter + 1: null

2018-11-27 17:35:28 - [TEST_STEP][PASSED] - Statement - PreSaveFile = new java.io.File(((pathPrefix + java.lang.Integer.toString(counter)) + .png)): null

2018-11-27 17:35:28 - [TEST_STEP][PASSED] - Statement - counter = counter + 1: null

2018-11-27 17:35:28 - [TEST_STEP][PASSED] - Statement - PreSaveFile = new java.io.File(((pathPrefix + java.lang.Integer.toString(counter)) + .png)): null

2018-11-27 17:35:28 - [TEST_STEP][PASSED] - Statement - counter = counter + 1: null

2018-11-27 17:35:28 - [TEST_STEP][PASSED] - Statement - PreSaveFile = new java.io.File(((pathPrefix + java.lang.Integer.toString(counter)) + .png)): null

2018-11-27 17:35:28 - [TEST_STEP][PASSED] - Statement - counter = counter + 1: null

2018-11-27 17:35:28 - [TEST_STEP][PASSED] - Statement - PreSaveFile = new java.io.File(((pathPrefix + java.lang.Integer.toString(counter)) + .png)): null

2018-11-27 17:35:28 - [TEST_STEP][PASSED] - Statement - counter = counter + 1: null

2018-11-27 17:35:28 - [TEST_STEP][PASSED] - Statement - PreSaveFile = new java.io.File(((pathPrefix + java.lang.Integer.toString(counter)) + .png)): null

2018-11-27 17:35:28 - [TEST_STEP][PASSED] - Statement - counter = counter + 1: null

2018-11-27 17:35:28 - [TEST_STEP][PASSED] - Statement - PreSaveFile = new java.io.File(((pathPrefix + java.lang.Integer.toString(counter)) + .png)): null

2018-11-27 17:35:28 - [TEST_STEP][PASSED] - Statement - counter = counter + 1: null

2018-11-27 17:35:28 - [TEST_STEP][PASSED] - Statement - PreSaveFile = new java.io.File(((pathPrefix + java.lang.Integer.toString(counter)) + .png)): null

2018-11-27 17:35:28 - [TEST_STEP][PASSED] - Statement - counter = counter + 1: null

2018-11-27 17:35:28 - [TEST_STEP][PASSED] - Statement - PreSaveFile = new java.io.File(((pathPrefix + java.lang.Integer.toString(counter)) + .png)): null

2018-11-27 17:35:28 - [TEST_STEP][PASSED] - Statement - counter = counter + 1: null

2018-11-27 17:35:28 - [TEST_STEP][PASSED] - Statement - PreSaveFile = new java.io.File(((pathPrefix + java.lang.Integer.toString(counter)) + .png)): null

2018-11-27 17:35:28 - [TEST_STEP][PASSED] - Statement - counter = counter + 1: null

2018-11-27 17:35:28 - [TEST_STEP][PASSED] - Statement - PreSaveFile = new java.io.File(((pathPrefix + java.lang.Integer.toString(counter)) + .png)): null

2018-11-27 17:35:28 - [TEST_STEP][PASSED] - Statement - counter = counter + 1: null

2018-11-27 17:35:28 - [TEST_STEP][PASSED] - Statement - PreSaveFile = new java.io.File(((pathPrefix + java.lang.Integer.toString(counter)) + .png)): null

2018-11-27 17:35:28 - [TEST_STEP][PASSED] - Statement - counter = counter + 1: null

2018-11-27 17:35:28 - [TEST_STEP][PASSED] - Statement - PreSaveFile = new java.io.File(((pathPrefix + java.lang.Integer.toString(counter)) + .png)): null

2018-11-27 17:35:28 - [TEST_STEP][PASSED] - Statement - counter = counter + 1: null

2018-11-27 17:35:28 - [TEST_STEP][PASSED] - Statement - PreSaveFile = new java.io.File(((pathPrefix + java.lang.Integer.toString(counter)) + .png)): null

2018-11-27 17:35:28 - [TEST_STEP][PASSED] - Statement - counter = counter + 1: null

2018-11-27 17:35:28 - [TEST_STEP][PASSED] - Statement - PreSaveFile = new java.io.File(((pathPrefix + java.lang.Integer.toString(counter)) + .png)): null

2018-11-27 17:35:28 - [TEST_STEP][PASSED] - Statement - counter = counter + 1: null

2018-11-27 17:35:28 - [TEST_STEP][PASSED] - Statement - PreSaveFile = new java.io.File(((pathPrefix + java.lang.Integer.toString(counter)) + .png)): null

2018-11-27 17:35:28 - [TEST_STEP][PASSED] - Statement - counter = counter + 1: null

2018-11-27 17:35:28 - [TEST_STEP][PASSED] - Statement - PreSaveFile = new java.io.File(((pathPrefix + java.lang.Integer.toString(counter)) + .png)): null

2018-11-27 17:35:28 - [TEST_STEP][PASSED] - Statement - counter = counter + 1: null

2018-11-27 17:35:28 - [TEST_STEP][PASSED] - Statement - PreSaveFile = new java.io.File(((pathPrefix + java.lang.Integer.toString(counter)) + .png)): null

2018-11-27 17:35:28 - [TEST_STEP][PASSED] - Statement - counter = counter + 1: null

2018-11-27 17:35:28 - [TEST_STEP][PASSED] - Statement - PreSaveFile = new java.io.File(((pathPrefix + java.lang.Integer.toString(counter)) + .png)): null

2018-11-27 17:35:28 - [TEST_STEP][PASSED] - Statement - counter = counter + 1: null

2018-11-27 17:35:28 - [TEST_STEP][PASSED] - Statement - PreSaveFile = new java.io.File(((pathPrefix + java.lang.Integer.toString(counter)) + .png)): null

2018-11-27 17:35:28 - [TEST_STEP][PASSED] - Statement - counter = counter + 1: null

2018-11-27 17:35:28 - [TEST_STEP][PASSED] - Statement - PreSaveFile = new java.io.File(((pathPrefix + java.lang.Integer.toString(counter)) + .png)): null

2018-11-27 17:35:28 - [TEST_STEP][PASSED] - Statement - counter = counter + 1: null

2018-11-27 17:35:28 - [TEST_STEP][PASSED] - Statement - PreSaveFile = new java.io.File(((pathPrefix + java.lang.Integer.toString(counter)) + .png)): null

2018-11-27 17:35:28 - [TEST_STEP][PASSED] - Statement - counter = counter + 1: null

2018-11-27 17:35:28 - [TEST_STEP][PASSED] - Statement - PreSaveFile = new java.io.File(((pathPrefix + java.lang.Integer.toString(counter)) + .png)): null

2018-11-27 17:35:28 - [TEST_STEP][PASSED] - Statement - counter = counter + 1: null

2018-11-27 17:35:28 - [TEST_STEP][PASSED] - Statement - PreSaveFile = new java.io.File(((pathPrefix + java.lang.Integer.toString(counter)) + .png)): null

2018-11-27 17:35:28 - [TEST_STEP][PASSED] - Statement - counter = counter + 1: null

2018-11-27 17:35:28 - [TEST_STEP][PASSED] - Statement - PreSaveFile = new java.io.File(((pathPrefix + java.lang.Integer.toString(counter)) + .png)): null

2018-11-27 17:35:28 - [TEST_STEP][PASSED] - Statement - counter = counter + 1: null

2018-11-27 17:35:28 - [TEST_STEP][PASSED] - Statement - PreSaveFile = new java.io.File(((pathPrefix + java.lang.Integer.toString(counter)) + .png)): null

2018-11-27 17:35:28 - [TEST_STEP][PASSED] - Statement - counter = counter + 1: null

2018-11-27 17:35:28 - [TEST_STEP][PASSED] - Statement - PreSaveFile = new java.io.File(((pathPrefix + java.lang.Integer.toString(counter)) + .png)): null

2018-11-27 17:35:28 - [TEST_STEP][PASSED] - Statement - counter = counter + 1: null

2018-11-27 17:35:28 - [TEST_STEP][PASSED] - Statement - PreSaveFile = new java.io.File(((pathPrefix + java.lang.Integer.toString(counter)) + .png)): null

2018-11-27 17:35:28 - [TEST_STEP][PASSED] - Statement - counter = counter + 1: null

2018-11-27 17:35:28 - [TEST_STEP][PASSED] - Statement - PreSaveFile = new java.io.File(((pathPrefix + java.lang.Integer.toString(counter)) + .png)): null

2018-11-27 17:35:28 - [TEST_STEP][PASSED] - Statement - counter = counter + 1: null

2018-11-27 17:35:28 - [TEST_STEP][PASSED] - Statement - PreSaveFile = new java.io.File(((pathPrefix + java.lang.Integer.toString(counter)) + .png)): null

2018-11-27 17:35:28 - [TEST_STEP][PASSED] - Statement - counter = counter + 1: null

2018-11-27 17:35:28 - [TEST_STEP][PASSED] - Statement - PreSaveFile = new java.io.File(((pathPrefix + java.lang.Integer.toString(counter)) + .png)): null

2018-11-27 17:35:28 - [TEST_STEP][PASSED] - Statement - counter = counter + 1: null

2018-11-27 17:35:28 - [TEST_STEP][PASSED] - Statement - PreSaveFile = new java.io.File(((pathPrefix + java.lang.Integer.toString(counter)) + .png)): null

2018-11-27 17:35:28 - [TEST_STEP][PASSED] - Statement - counter = counter + 1: null

2018-11-27 17:35:28 - [TEST_STEP][PASSED] - Statement - PreSaveFile = new java.io.File(((pathPrefix + java.lang.Integer.toString(counter)) + .png)): null

2018-11-27 17:35:28 - [TEST_STEP][PASSED] - Statement - counter = counter + 1: null

2018-11-27 17:35:28 - [TEST_STEP][PASSED] - Statement - PreSaveFile = new java.io.File(((pathPrefix + java.lang.Integer.toString(counter)) + .png)): null

2018-11-27 17:35:28 - [TEST_STEP][PASSED] - Statement - counter = counter + 1: null

2018-11-27 17:35:28 - [TEST_STEP][PASSED] - Statement - PreSaveFile = new java.io.File(((pathPrefix + java.lang.Integer.toString(counter)) + .png)): null

2018-11-27 17:35:28 - [TEST_STEP][PASSED] - Statement - counter = counter + 1: null

2018-11-27 17:35:28 - [TEST_STEP][PASSED] - Statement - PreSaveFile = new java.io.File(((pathPrefix + java.lang.Integer.toString(counter)) + .png)): null

2018-11-27 17:35:28 - [TEST_STEP][PASSED] - Statement - counter = counter + 1: null

2018-11-27 17:35:28 - [TEST_STEP][PASSED] - Statement - PreSaveFile = new java.io.File(((pathPrefix + java.lang.Integer.toString(counter)) + .png)): null

2018-11-27 17:35:28 - [TEST_STEP][PASSED] - Statement - counter = counter + 1: null

2018-11-27 17:35:28 - [TEST_STEP][PASSED] - Statement - PreSaveFile = new java.io.File(((pathPrefix + java.lang.Integer.toString(counter)) + .png)): null

2018-11-27 17:35:28 - [TEST_STEP][PASSED] - Statement - counter = counter + 1: null

2018-11-27 17:35:28 - [TEST_STEP][PASSED] - Statement - PreSaveFile = new java.io.File(((pathPrefix + java.lang.Integer.toString(counter)) + .png)): null

2018-11-27 17:35:28 - [TEST_STEP][PASSED] - Statement - counter = counter + 1: null

2018-11-27 17:35:28 - [TEST_STEP][PASSED] - Statement - PreSaveFile = new java.io.File(((pathPrefix + java.lang.Integer.toString(counter)) + .png)): null

2018-11-27 17:35:28 - [TEST_STEP][PASSED] - Statement - counter = counter + 1: null

2018-11-27 17:35:28 - [TEST_STEP][PASSED] - Statement - PreSaveFile = new java.io.File(((pathPrefix + java.lang.Integer.toString(counter)) + .png)): null

2018-11-27 17:35:28 - [TEST_STEP][PASSED] - Statement - counter = counter + 1: null

2018-11-27 17:35:28 - [TEST_STEP][PASSED] - Statement - PreSaveFile = new java.io.File(((pathPrefix + java.lang.Integer.toString(counter)) + .png)): null

2018-11-27 17:35:28 - [TEST_STEP][PASSED] - Statement - counter = counter + 1: null

2018-11-27 17:35:28 - [TEST_STEP][PASSED] - Statement - PreSaveFile = new java.io.File(((pathPrefix + java.lang.Integer.toString(counter)) + .png)): null

2018-11-27 17:35:28 - [TEST_STEP][PASSED] - Statement - counter = counter + 1: null

2018-11-27 17:35:28 - [TEST_STEP][PASSED] - Statement - PreSaveFile = new java.io.File(((pathPrefix + java.lang.Integer.toString(counter)) + .png)): null

2018-11-27 17:35:28 - [TEST_STEP][PASSED] - Statement - counter = counter + 1: null

2018-11-27 17:35:28 - [TEST_STEP][PASSED] - Statement - PreSaveFile = new java.io.File(((pathPrefix + java.lang.Integer.toString(counter)) + .png)): null

2018-11-27 17:35:28 - [TEST_STEP][PASSED] - Statement - counter = counter + 1: null

2018-11-27 17:35:28 - [TEST_STEP][PASSED] - Statement - PreSaveFile = new java.io.File(((pathPrefix + java.lang.Integer.toString(counter)) + .png)): null

2018-11-27 17:35:28 - [TEST_STEP][PASSED] - Statement - counter = counter + 1: null

2018-11-27 17:35:28 - [TEST_STEP][PASSED] - Statement - PreSaveFile = new java.io.File(((pathPrefix + java.lang.Integer.toString(counter)) + .png)): null

2018-11-27 17:35:28 - [TEST_STEP][PASSED] - Statement - counter = counter + 1: null

2018-11-27 17:35:28 - [TEST_STEP][PASSED] - Statement - PreSaveFile = new java.io.File(((pathPrefix + java.lang.Integer.toString(counter)) + .png)): null

2018-11-27 17:35:28 - [TEST_STEP][PASSED] - Statement - counter = counter + 1: null

2018-11-27 17:35:28 - [TEST_STEP][PASSED] - Statement - PreSaveFile = new java.io.File(((pathPrefix + java.lang.Integer.toString(counter)) + .png)): null

2018-11-27 17:35:28 - [TEST_STEP][PASSED] - Statement - counter = counter + 1: null

2018-11-27 17:35:28 - [TEST_STEP][PASSED] - Statement - PreSaveFile = new java.io.File(((pathPrefix + java.lang.Integer.toString(counter)) + .png)): null

2018-11-27 17:35:28 - [TEST_STEP][PASSED] - Statement - counter = counter + 1: null

2018-11-27 17:35:28 - [TEST_STEP][PASSED] - Statement - PreSaveFile = new java.io.File(((pathPrefix + java.lang.Integer.toString(counter)) + .png)): null

2018-11-27 17:35:28 - [TEST_STEP][PASSED] - Statement - counter = counter + 1: null

2018-11-27 17:35:28 - [TEST_STEP][PASSED] - Statement - PreSaveFile = new java.io.File(((pathPrefix + java.lang.Integer.toString(counter)) + .png)): null

2018-11-27 17:35:28 - [TEST_STEP][PASSED] - Statement - counter = counter + 1: null

2018-11-27 17:35:28 - [TEST_STEP][PASSED] - Statement - PreSaveFile = new java.io.File(((pathPrefix + java.lang.Integer.toString(counter)) + .png)): null

2018-11-27 17:35:28 - [TEST_STEP][PASSED] - Statement - counter = counter + 1: null

2018-11-27 17:35:28 - [TEST_STEP][PASSED] - Statement - PreSaveFile = new java.io.File(((pathPrefix + java.lang.Integer.toString(counter)) + .png)): null

2018-11-27 17:35:28 - [TEST_STEP][PASSED] - Statement - counter = counter + 1: null

2018-11-27 17:35:28 - [TEST_STEP][PASSED] - Statement - PreSaveFile = new java.io.File(((pathPrefix + java.lang.Integer.toString(counter)) + .png)): null

2018-11-27 17:35:28 - [TEST_STEP][PASSED] - Statement - counter = counter + 1: null

2018-11-27 17:35:28 - [TEST_STEP][PASSED] - Statement - PreSaveFile = new java.io.File(((pathPrefix + java.lang.Integer.toString(counter)) + .png)): null

2018-11-27 17:35:28 - [TEST_STEP][PASSED] - Statement - counter = counter + 1: null

2018-11-27 17:35:28 - [TEST_STEP][PASSED] - Statement - PreSaveFile = new java.io.File(((pathPrefix + java.lang.Integer.toString(counter)) + .png)): null

2018-11-27 17:35:28 - [TEST_STEP][PASSED] - Statement - counter = counter + 1: null

2018-11-27 17:35:28 - [TEST_STEP][PASSED] - Statement - PreSaveFile = new java.io.File(((pathPrefix + java.lang.Integer.toString(counter)) + .png)): null

2018-11-27 17:35:28 - [TEST_STEP][PASSED] - Statement - counter = counter + 1: null

2018-11-27 17:35:28 - [TEST_STEP][PASSED] - Statement - PreSaveFile = new java.io.File(((pathPrefix + java.lang.Integer.toString(counter)) + .png)): null

2018-11-27 17:35:28 - [TEST_STEP][PASSED] - Statement - counter = counter + 1: null

2018-11-27 17:35:28 - [TEST_STEP][PASSED] - Statement - PreSaveFile = new java.io.File(((pathPrefix + java.lang.Integer.toString(counter)) + .png)): null

2018-11-27 17:35:28 - [TEST_STEP][PASSED] - Statement - counter = counter + 1: null

2018-11-27 17:35:28 - [TEST_STEP][PASSED] - Statement - PreSaveFile = new java.io.File(((pathPrefix + java.lang.Integer.toString(counter)) + .png)): null

2018-11-27 17:35:28 - [TEST_STEP][PASSED] - Statement - counter = counter + 1: null

2018-11-27 17:35:28 - [TEST_STEP][PASSED] - Statement - PreSaveFile = new java.io.File(((pathPrefix + java.lang.Integer.toString(counter)) + .png)): null

2018-11-27 17:35:28 - [TEST_STEP][PASSED] - Statement - counter = counter + 1: null

2018-11-27 17:35:28 - [TEST_STEP][PASSED] - Statement - PreSaveFile = new java.io.File(((pathPrefix + java.lang.Integer.toString(counter)) + .png)): null

2018-11-27 17:35:28 - [TEST_STEP][PASSED] - Statement - counter = counter + 1: null

2018-11-27 17:35:28 - [TEST_STEP][PASSED] - Statement - PreSaveFile = new java.io.File(((pathPrefix + java.lang.Integer.toString(counter)) + .png)): null

2018-11-27 17:35:28 - [TEST_STEP][PASSED] - Statement - counter = counter + 1: null

2018-11-27 17:35:28 - [TEST_STEP][PASSED] - Statement - PreSaveFile = new java.io.File(((pathPrefix + java.lang.Integer.toString(counter)) + .png)): null

2018-11-27 17:35:28 - [TEST_STEP][PASSED] - Statement - counter = counter + 1: null

2018-11-27 17:35:28 - [TEST_STEP][PASSED] - Statement - PreSaveFile = new java.io.File(((pathPrefix + java.lang.Integer.toString(counter)) + .png)): null

2018-11-27 17:35:28 - [TEST_STEP][PASSED] - Statement - counter = counter + 1: null

2018-11-27 17:35:28 - [TEST_STEP][PASSED] - Statement - PreSaveFile = new java.io.File(((pathPrefix + java.lang.Integer.toString(counter)) + .png)): null

2018-11-27 17:35:28 - [TEST_STEP][PASSED] - Statement - counter = counter + 1: null

2018-11-27 17:35:28 - [TEST_STEP][PASSED] - Statement - PreSaveFile = new java.io.File(((pathPrefix + java.lang.Integer.toString(counter)) + .png)): null

2018-11-27 17:35:28 - [TEST_STEP][PASSED] - Statement - counter = counter + 1: null

2018-11-27 17:35:28 - [TEST_STEP][PASSED] - Statement - PreSaveFile = new java.io.File(((pathPrefix + java.lang.Integer.toString(counter)) + .png)): null

2018-11-27 17:35:28 - [TEST_STEP][PASSED] - Statement - counter = counter + 1: null

2018-11-27 17:35:28 - [TEST_STEP][PASSED] - Statement - PreSaveFile = new java.io.File(((pathPrefix + java.lang.Integer.toString(counter)) + .png)): null

2018-11-27 17:35:28 - [TEST_STEP][PASSED] - Statement - counter = counter + 1: null

2018-11-27 17:35:28 - [TEST_STEP][PASSED] - Statement - PreSaveFile = new java.io.File(((pathPrefix + java.lang.Integer.toString(counter)) + .png)): null

2018-11-27 17:35:28 - [TEST_STEP][PASSED] - Statement - counter = counter + 1: null

2018-11-27 17:35:28 - [TEST_STEP][PASSED] - Statement - PreSaveFile = new java.io.File(((pathPrefix + java.lang.Integer.toString(counter)) + .png)): null

2018-11-27 17:35:28 - [TEST_STEP][PASSED] - Statement - counter = counter + 1: null

2018-11-27 17:35:28 - [TEST_STEP][PASSED] - Statement - PreSaveFile = new java.io.File(((pathPrefix + java.lang.Integer.toString(counter)) + .png)): null

2018-11-27 17:35:28 - [TEST_STEP][PASSED] - Statement - counter = counter + 1: null

2018-11-27 17:35:28 - [TEST_STEP][PASSED] - Statement - PreSaveFile = new java.io.File(((pathPrefix + java.lang.Integer.toString(counter)) + .png)): null

2018-11-27 17:35:28 - [TEST_STEP][PASSED] - Statement - counter = counter + 1: null

2018-11-27 17:35:28 - [TEST_STEP][PASSED] - Statement - PreSaveFile = new java.io.File(((pathPrefix + java.lang.Integer.toString(counter)) + .png)): null

2018-11-27 17:35:28 - [TEST_STEP][PASSED] - Statement - counter = counter + 1: null

2018-11-27 17:35:28 - [TEST_STEP][PASSED] - Statement - PreSaveFile = new java.io.File(((pathPrefix + java.lang.Integer.toString(counter)) + .png)): null

2018-11-27 17:35:28 - [TEST_STEP][PASSED] - Statement - counter = counter + 1: null

2018-11-27 17:35:28 - [TEST_STEP][PASSED] - Statement - PreSaveFile = new java.io.File(((pathPrefix + java.lang.Integer.toString(counter)) + .png)): null

2018-11-27 17:35:28 - [TEST_STEP][PASSED] - Statement - counter = counter + 1: null

2018-11-27 17:35:28 - [TEST_STEP][PASSED] - Statement - PreSaveFile = new java.io.File(((pathPrefix + java.lang.Integer.toString(counter)) + .png)): null

2018-11-27 17:35:28 - [TEST_STEP][PASSED] - Statement - counter = counter + 1: null

2018-11-27 17:35:28 - [TEST_STEP][PASSED] - Statement - PreSaveFile = new java.io.File(((pathPrefix + java.lang.Integer.toString(counter)) + .png)): null

2018-11-27 17:35:28 - [TEST_STEP][PASSED] - Statement - counter = counter + 1: null

2018-11-27 17:35:28 - [TEST_STEP][PASSED] - Statement - PreSaveFile = new java.io.File(((pathPrefix + java.lang.Integer.toString(counter)) + .png)): null

2018-11-27 17:35:28 - [TEST_STEP][PASSED] - Statement - counter = counter + 1: null

2018-11-27 17:35:28 - [TEST_STEP][PASSED] - Statement - PreSaveFile = new java.io.File(((pathPrefix + java.lang.Integer.toString(counter)) + .png)): null

2018-11-27 17:35:28 - [TEST_STEP][PASSED] - Statement - counter = counter + 1: null

2018-11-27 17:35:28 - [TEST_STEP][PASSED] - Statement - PreSaveFile = new java.io.File(((pathPrefix + java.lang.Integer.toString(counter)) + .png)): null

2018-11-27 17:35:28 - [TEST_STEP][PASSED] - Statement - counter = counter + 1: null

2018-11-27 17:35:28 - [TEST_STEP][PASSED] - Statement - PreSaveFile = new java.io.File(((pathPrefix + java.lang.Integer.toString(counter)) + .png)): null

2018-11-27 17:35:28 - [TEST_STEP][PASSED] - Statement - counter = counter + 1: null

2018-11-27 17:35:28 - [TEST_STEP][PASSED] - Statement - PreSaveFile = new java.io.File(((pathPrefix + java.lang.Integer.toString(counter)) + .png)): null

2018-11-27 17:35:28 - [TEST_STEP][PASSED] - Statement - counter = counter + 1: null

2018-11-27 17:35:28 - [TEST_STEP][PASSED] - Statement - PreSaveFile = new java.io.File(((pathPrefix + java.lang.Integer.toString(counter)) + .png)): null

2018-11-27 17:35:28 - [TEST_STEP][PASSED] - Statement - counter = counter + 1: null

2018-11-27 17:35:28 - [TEST_STEP][PASSED] - Statement - PreSaveFile = new java.io.File(((pathPrefix + java.lang.Integer.toString(counter)) + .png)): null

2018-11-27 17:35:28 - [TEST_STEP][PASSED] - Statement - counter = counter + 1: null

2018-11-27 17:35:28 - [TEST_STEP][PASSED] - Statement - PreSaveFile = new java.io.File(((pathPrefix + java.lang.Integer.toString(counter)) + .png)): null

2018-11-27 17:35:28 - [TEST_STEP][PASSED] - Statement - counter = counter + 1: null

2018-11-27 17:35:28 - [TEST_STEP][PASSED] - Statement - PreSaveFile = new java.io.File(((pathPrefix + java.lang.Integer.toString(counter)) + .png)): null

2018-11-27 17:35:28 - [TEST_STEP][PASSED] - Statement - counter = counter + 1: null

2018-11-27 17:35:28 - [TEST_STEP][PASSED] - Statement - PreSaveFile = new java.io.File(((pathPrefix + java.lang.Integer.toString(counter)) + .png)): null

2018-11-27 17:35:28 - [TEST_STEP][PASSED] - Statement - counter = counter + 1: null

2018-11-27 17:35:28 - [TEST_STEP][PASSED] - Statement - PreSaveFile = new java.io.File(((pathPrefix + java.lang.Integer.toString(counter)) + .png)): null

2018-11-27 17:35:28 - [TEST_STEP][PASSED] - Statement - counter = counter + 1: null

2018-11-27 17:35:28 - [TEST_STEP][PASSED] - Statement - PreSaveFile = new java.io.File(((pathPrefix + java.lang.Integer.toString(counter)) + .png)): null

2018-11-27 17:35:28 - [TEST_STEP][PASSED] - Statement - counter = counter + 1: null

2018-11-27 17:35:28 - [TEST_STEP][PASSED] - Statement - PreSaveFile = new java.io.File(((pathPrefix + java.lang.Integer.toString(counter)) + .png)): null

2018-11-27 17:35:28 - [TEST_STEP][PASSED] - Statement - counter = counter + 1: null

2018-11-27 17:35:28 - [TEST_STEP][PASSED] - Statement - PreSaveFile = new java.io.File(((pathPrefix + java.lang.Integer.toString(counter)) + .png)): null

2018-11-27 17:35:28 - [TEST_STEP][PASSED] - Statement - counter = counter + 1: null

2018-11-27 17:35:28 - [TEST_STEP][PASSED] - Statement - PreSaveFile = new java.io.File(((pathPrefix + java.lang.Integer.toString(counter)) + .png)): null

2018-11-27 17:35:28 - [TEST_STEP][PASSED] - Statement - counter = counter + 1: null

2018-11-27 17:35:28 - [TEST_STEP][PASSED] - Statement - PreSaveFile = new java.io.File(((pathPrefix + java.lang.Integer.toString(counter)) + .png)): null

2018-11-27 17:35:28 - [TEST_STEP][PASSED] - Statement - counter = counter + 1: null

2018-11-27 17:35:28 - [TEST_STEP][PASSED] - Statement - PreSaveFile = new java.io.File(((pathPrefix + java.lang.Integer.toString(counter)) + .png)): null

2018-11-27 17:35:28 - [TEST_STEP][PASSED] - Statement - counter = counter + 1: null

2018-11-27 17:35:28 - [TEST_STEP][PASSED] - Statement - PreSaveFile = new java.io.File(((pathPrefix + java.lang.Integer.toString(counter)) + .png)): null

2018-11-27 17:35:28 - [TEST_STEP][PASSED] - Statement - counter = counter + 1: null

2018-11-27 17:35:28 - [TEST_STEP][PASSED] - Statement - PreSaveFile = new java.io.File(((pathPrefix + java.lang.Integer.toString(counter)) + .png)): null

2018-11-27 17:35:28 - [TEST_STEP][PASSED] - Statement - counter = counter + 1: null

2018-11-27 17:35:28 - [TEST_STEP][PASSED] - Statement - PreSaveFile = new java.io.File(((pathPrefix + java.lang.Integer.toString(counter)) + .png)): null

2018-11-27 17:35:28 - [TEST_STEP][PASSED] - Statement - counter = counter + 1: null

2018-11-27 17:35:28 - [TEST_STEP][PASSED] - Statement - PreSaveFile = new java.io.File(((pathPrefix + java.lang.Integer.toString(counter)) + .png)): null

2018-11-27 17:35:28 - [TEST_STEP][PASSED] - Statement - counter = counter + 1: null

2018-11-27 17:35:28 - [TEST_STEP][PASSED] - Statement - PreSaveFile = new java.io.File(((pathPrefix + java.lang.Integer.toString(counter)) + .png)): null

2018-11-27 17:35:28 - [TEST_STEP][PASSED] - Statement - counter = counter + 1: null

2018-11-27 17:35:28 - [TEST_STEP][PASSED] - Statement - PreSaveFile = new java.io.File(((pathPrefix + java.lang.Integer.toString(counter)) + .png)): null

2018-11-27 17:35:28 - [TEST_STEP][PASSED] - Statement - counter = counter + 1: null

2018-11-27 17:35:28 - [TEST_STEP][PASSED] - Statement - PreSaveFile = new java.io.File(((pathPrefix + java.lang.Integer.toString(counter)) + .png)): null

2018-11-27 17:35:28 - [TEST_STEP][PASSED] - Statement - counter = counter + 1: null

2018-11-27 17:35:28 - [TEST_STEP][PASSED] - Statement - PreSaveFile = new java.io.File(((pathPrefix + java.lang.Integer.toString(counter)) + .png)): null

2018-11-27 17:35:28 - [TEST_STEP][PASSED] - Statement - counter = counter + 1: null

2018-11-27 17:35:28 - [TEST_STEP][PASSED] - Statement - PreSaveFile = new java.io.File(((pathPrefix + java.lang.Integer.toString(counter)) + .png)): null

2018-11-27 17:35:28 - [TEST_STEP][PASSED] - Statement - counter = counter + 1: null

2018-11-27 17:35:28 - [TEST_STEP][PASSED] - Statement - PreSaveFile = new java.io.File(((pathPrefix + java.lang.Integer.toString(counter)) + .png)): null

2018-11-27 17:35:28 - [TEST_STEP][PASSED] - Statement - counter = counter + 1: null

2018-11-27 17:35:28 - [TEST_STEP][PASSED] - Statement - PreSaveFile = new java.io.File(((pathPrefix + java.lang.Integer.toString(counter)) + .png)): null

2018-11-27 17:35:28 - [TEST_STEP][PASSED] - Statement - counter = counter + 1: null

2018-11-27 17:35:28 - [TEST_STEP][PASSED] - Statement - PreSaveFile = new java.io.File(((pathPrefix + java.lang.Integer.toString(counter)) + .png)): null

2018-11-27 17:35:28 - [TEST_STEP][PASSED] - Statement - counter = counter + 1: null

2018-11-27 17:35:28 - [TEST_STEP][PASSED] - Statement - PreSaveFile = new java.io.File(((pathPrefix + java.lang.Integer.toString(counter)) + .png)): null

2018-11-27 17:35:28 - [TEST_STEP][PASSED] - Statement - counter = counter + 1: null

2018-11-27 17:35:28 - [TEST_STEP][PASSED] - Statement - PreSaveFile = new java.io.File(((pathPrefix + java.lang.Integer.toString(counter)) + .png)): null

2018-11-27 17:35:28 - [TEST_STEP][PASSED] - Statement - counter = counter + 1: null

2018-11-27 17:35:28 - [TEST_STEP][PASSED] - Statement - PreSaveFile = new java.io.File(((pathPrefix + java.lang.Integer.toString(counter)) + .png)): null

2018-11-27 17:35:28 - [TEST_STEP][PASSED] - Statement - counter = counter + 1: null

2018-11-27 17:35:28 - [TEST_STEP][PASSED] - Statement - PreSaveFile = new java.io.File(((pathPrefix + java.lang.Integer.toString(counter)) + .png)): null

2018-11-27 17:35:28 - [TEST_STEP][PASSED] - Statement - counter = counter + 1: null

2018-11-27 17:35:28 - [TEST_STEP][PASSED] - Statement - PreSaveFile = new java.io.File(((pathPrefix + java.lang.Integer.toString(counter)) + .png)): null

2018-11-27 17:35:28 - [TEST_STEP][PASSED] - Statement - counter = counter + 1: null

2018-11-27 17:35:28 - [TEST_STEP][PASSED] - Statement - PreSaveFile = new java.io.File(((pathPrefix + java.lang.Integer.toString(counter)) + .png)): null

2018-11-27 17:35:28 - [TEST_STEP][PASSED] - Statement - counter = counter + 1: null

2018-11-27 17:35:28 - [TEST_STEP][PASSED] - Statement - PreSaveFile = new java.io.File(((pathPrefix + java.lang.Integer.toString(counter)) + .png)): null

2018-11-27 17:35:28 - [TEST_STEP][PASSED] - Statement - counter = counter + 1: null

2018-11-27 17:35:28 - [TEST_STEP][PASSED] - Statement - PreSaveFile = new java.io.File(((pathPrefix + java.lang.Integer.toString(counter)) + .png)): null

2018-11-27 17:35:28 - [TEST_STEP][PASSED] - Statement - counter = counter + 1: null

2018-11-27 17:35:28 - [TEST_STEP][PASSED] - Statement - PreSaveFile = new java.io.File(((pathPrefix + java.lang.Integer.toString(counter)) + .png)): null

2018-11-27 17:35:28 - [TEST_STEP][PASSED] - Statement - counter = counter + 1: null

2018-11-27 17:35:28 - [TEST_STEP][PASSED] - Statement - PreSaveFile = new java.io.File(((pathPrefix + java.lang.Integer.toString(counter)) + .png)): null

2018-11-27 17:35:28 - [TEST_STEP][PASSED] - Statement - counter = counter + 1: null

2018-11-27 17:35:28 - [TEST_STEP][PASSED] - Statement - PreSaveFile = new java.io.File(((pathPrefix + java.lang.Integer.toString(counter)) + .png)): null

2018-11-27 17:35:28 - [TEST_STEP][PASSED] - Statement - finalPath = pathPrefix + java.lang.Integer.toString(counter) + ".png": null

2018-11-27 17:35:28 - [TEST_STEP][PASSED] - Statement - SaveFile = new java.io.File(finalPath): null

2018-11-27 17:35:28 - [TEST_STEP][PASSED] - Statement - Try: null

2018-11-27 17:35:28 - [TEST_STEP][PASSED] - Statement - org.apache.commons.io.FileUtils.copyFile(scrFile, SaveFile): null

2018-11-27 17:35:28 - [TEST_STEP][PASSED] - Statement - out.println("file kept"): null

2018-11-27 17:35:28 - [TEST_STEP][PASSED] - delay: Delayed 10 second(s)

2018-11-27 17:35:38 - [MESSAGE][PASSED] - Delayed 10 second(s)

2018-11-27 17:35:38 - [MESSAGE][PASSED] - Call Test Case 'Test Cases/Final Aug 2018 - PKS Automation/Registration Module/New Registration/Submit and Screenshot/Submit Registration and Screenshot - Copy' successfully

2018-11-27 17:35:38 - [TEST_STEP][PASSED] - Statement - UpdateAddNewECode = com.kms.katalon.core.webui.keyword.WebUiBuiltInKeywords.getText(com.kms.katalon.core.testobject.ObjectRepository.findTestObject(Object Repository/Final Object Repo/Page_Update Add New Employee - ASSIST/getEmpCode)): Text of object 'Object Repository/Final Object Repo/Page_Update Add New Employee - ASSIST/getEmpCode' is: 'E1102070512M'

2018-11-27 17:35:38 - [MESSAGE][PASSED] - Text of object 'Object Repository/Final Object Repo/Page_Update Add New Employee - ASSIST/getEmpCode' is: 'E1102070512M'

2018-11-27 17:35:38 - [TEST_STEP][PASSED] - callTestCase: Call Test Case 'Test Cases/Final Aug 2018 - PKS Automation/Common/Emp Code Setter' successfully

2018-11-27 17:35:38 - [TEST_CASE][PASSED] - Test Cases/Final Aug 2018 - PKS Automation/Common/Emp Code Setter: Test Cases/Final Aug 2018 - PKS Automation/Common/Emp Code Setter

2018-11-27 17:35:38 - [TEST_STEP][PASSED] - Statement - EmpCodeOld = new java.io.File(C://Users//Admin//Desktop//PKS//Automation Reference Point//EmpCode.txt): null

2018-11-27 17:35:38 - [TEST_STEP][PASSED] - Statement - EmpCodeOld.delete(): null

2018-11-27 17:35:38 - [TEST_STEP][PASSED] - Statement - EmpCode = new java.io.File(C://Users//Admin//Desktop//PKS//Automation Reference Point//EmpCode.txt): null

2018-11-27 17:35:38 - [TEST_STEP][PASSED] - Statement - EmpCode.append(UpdateAddNewECode): null

2018-11-27 17:35:38 - [TEST_STEP][PASSED] - Statement - out.println("


" + UpdateAddNewECode + "


"): null

2018-11-27 17:35:38 - [MESSAGE][PASSED] - Call Test Case 'Test Cases/Final Aug 2018 - PKS Automation/Common/Emp Code Setter' successfully

2018-11-27 17:35:38 - [MESSAGE][PASSED] - Call Test Case 'Test Cases/Final Aug 2018 - PKS Automation/Registration Module/Workflow/Update Add New Employee/Template/New Company for Update Add New' successfully

2018-11-27 17:35:38 - [TEST_STEP][PASSED] - callTestCase: Call Test Case 'Test Cases/Final Aug 2018 - PKS Automation/Registration Module/Log Out/log out avoiding katalon tagging' successfully

2018-11-27 17:35:38 - [TEST_CASE][PASSED] - Test Cases/Final Aug 2018 - PKS Automation/Registration Module/Log Out/log out avoiding katalon tagging: Test Cases/Final Aug 2018 - PKS Automation/Registration Module/Log Out/log out avoiding katalon tagging

2018-11-27 17:35:38 - [TEST_STEP][PASSED] - navigateToUrl: Navigate to 'https://assist2-uat.perkeso.gov.my/c/portal/logout' successfully

2018-11-27 17:35:39 - [MESSAGE][PASSED] - Navigate to 'https://assist2-uat.perkeso.gov.my/c/portal/logout' successfully

2018-11-27 17:35:39 - [MESSAGE][PASSED] - Call Test Case 'Test Cases/Final Aug 2018 - PKS Automation/Registration Module/Log Out/log out avoiding katalon tagging' successfully

2018-11-27 17:35:39 - [TEST_STEP][PASSED] - callTestCase: Call Test Case 'Test Cases/Final Aug 2018 - PKS Automation/Registration Module/New Registration/Form 2/Date Updater' successfully

2018-11-27 17:35:39 - [TEST_CASE][PASSED] - Test Cases/Final Aug 2018 - PKS Automation/Registration Module/New Registration/Form 2/Date Updater: Test Cases/Final Aug 2018 - PKS Automation/Registration Module/New Registration/Form 2/Date Updater

2018-11-27 17:35:39 - [TEST_STEP][PASSED] - Statement - TodayDate = new java.util.Date(): null

2018-11-27 17:35:39 - [TEST_STEP][PASSED] - Statement - CurrentDateNoFilter = new java.text.SimpleDateFormat(): null

2018-11-27 17:35:39 - [TEST_STEP][PASSED] - Statement - CurrentDateNoFilter.applyPattern("dd"): null

2018-11-27 17:35:39 - [TEST_STEP][PASSED] - Statement - CurrentDate = CurrentDateNoFilter.format(TodayDate): null

2018-11-27 17:35:39 - [TEST_STEP][PASSED] - Statement - CurrentDate = java.lang.Integer.parseInt(CurrentDate): null

2018-11-27 17:35:39 - [TEST_STEP][PASSED] - Statement - CurrentDate = CurrentDate: null

2018-11-27 17:35:39 - [TEST_STEP][PASSED] - Statement - CurrentDay = java.lang.Integer.parseInt(CurrentDate): null

2018-11-27 17:35:39 - [TEST_STEP][PASSED] - Statement - aDayBefore = CurrentDay + 1: null

2018-11-27 17:35:39 - [TEST_STEP][PASSED] - Statement - DayBefore = aDayBefore.toString(): null

2018-11-27 17:35:39 - [TEST_STEP][PASSED] - Statement - OneDayBefore = DayBefore: null

2018-11-27 17:35:39 - [TEST_STEP][PASSED] - Statement - CurrentDateNoFilter.applyPattern("MM"): null

2018-11-27 17:35:39 - [TEST_STEP][PASSED] - Statement - monthContainerMatcher = java.lang.Integer.parseInt(CurrentDateNoFilter.format(TodayDate)): null

2018-11-27 17:35:39 - [TEST_STEP][PASSED] - Statement - monthContainerMatcher = monthContainerMatcher - 1: null

2018-11-27 17:35:39 - [TEST_STEP][PASSED] - Statement - CurrentMonth = monthContainerMatcher.toString(): null

2018-11-27 17:35:39 - [TEST_STEP][PASSED] - Statement - CurrentMonth = CurrentMonth: null

2018-11-27 17:35:39 - [TEST_STEP][PASSED] - Statement - CurrentDateNoFilter.applyPattern("yyyy"): null

2018-11-27 17:35:39 - [TEST_STEP][PASSED] - Statement - CurrentYear = CurrentDateNoFilter.format(TodayDate): null

2018-11-27 17:35:39 - [TEST_STEP][PASSED] - Statement - CurrentYear = CurrentYear: null

2018-11-27 17:35:39 - [TEST_STEP][PASSED] - Statement - intCurrentYear = java.lang.Integer.parseInt(CurrentDateNoFilter.format(TodayDate)): null

2018-11-27 17:35:39 - [TEST_STEP][PASSED] - Statement - eighteenYrsAgo = intCurrentYear - 18: null

2018-11-27 17:35:39 - [TEST_STEP][PASSED] - Statement - eighteenYrsBeforeThisYr = eighteenYrsAgo.toString(): null

2018-11-27 17:35:39 - [TEST_STEP][PASSED] - Statement - EighteenYrsBefore = eighteenYrsBeforeThisYr: null

2018-11-27 17:35:39 - [TEST_STEP][PASSED] - Statement - fiftysevenYrsAgo = intCurrentYear - 57: null

2018-11-27 17:35:39 - [TEST_STEP][PASSED] - Statement - fiftysevenYrsBeforeThisYr = fiftysevenYrsAgo.toString(): null

2018-11-27 17:35:39 - [TEST_STEP][PASSED] - Statement - FiftysevenYrsBefore = fiftysevenYrsBeforeThisYr: null

2018-11-27 17:35:39 - [MESSAGE][PASSED] - Call Test Case 'Test Cases/Final Aug 2018 - PKS Automation/Registration Module/New Registration/Form 2/Date Updater' successfully

2018-11-27 17:35:39 - [TEST_STEP][PASSED] - delay: Delayed 2 second(s)

2018-11-27 17:35:41 - [MESSAGE][PASSED] - Delayed 2 second(s)

2018-11-27 17:35:41 - [TEST_STEP][PASSED] - setText: Text 'klotc2@gmail.com' is set on object 'Object Repository/Final Object Repo/Page_Update Add New Employee - ASSIST/Email TextBox'

2018-11-27 17:35:42 - [MESSAGE][PASSED] - Text 'klotc2@gmail.com' is set on object 'Object Repository/Final Object Repo/Page_Update Add New Employee - ASSIST/Email TextBox'

2018-11-27 17:35:42 - [TEST_STEP][PASSED] - click: Object: 'Object Repository/Final Object Repo/Page_Update Add New Employee - ASSIST/Next Button' is clicked on

2018-11-27 17:35:42 - [MESSAGE][PASSED] - Object: 'Object Repository/Final Object Repo/Page_Update Add New Employee - ASSIST/Next Button' is clicked on

2018-11-27 17:35:42 - [TEST_STEP][PASSED] - delay: Delayed 2 second(s)

2018-11-27 17:35:44 - [MESSAGE][PASSED] - Delayed 2 second(s)

2018-11-27 17:35:44 - [TEST_STEP][PASSED] - setText: Text 'Test1@3456789' is set on object 'Object Repository/Final Object Repo/Page_Update Add New Employee - ASSIST/Password TextBox'

2018-11-27 17:35:44 - [MESSAGE][PASSED] - Text 'Test1@3456789' is set on object 'Object Repository/Final Object Repo/Page_Update Add New Employee - ASSIST/Password TextBox'

2018-11-27 17:35:44 - [TEST_STEP][PASSED] - delay: Delayed 2 second(s)

2018-11-27 17:35:46 - [MESSAGE][PASSED] - Delayed 2 second(s)

2018-11-27 17:35:46 - [TEST_STEP][PASSED] - click: Object: 'Object Repository/Final Object Repo/Page_Update Add New Employee - ASSIST/Login Button' is clicked on

2018-11-27 17:35:46 - [MESSAGE][PASSED] - Object: 'Object Repository/Final Object Repo/Page_Update Add New Employee - ASSIST/Login Button' is clicked on

2018-11-27 17:35:46 - [TEST_STEP][PASSED] - delay: Delayed 4 second(s)

2018-11-27 17:35:50 - [MESSAGE][PASSED] - Delayed 4 second(s)

2018-11-27 17:35:50 - [TEST_STEP][PASSED] - Statement - Try: Delayed 2 second(s)

2018-11-27 17:35:50 - [TEST_STEP][PASSED] - Statement - Checker = false: null

2018-11-27 17:35:50 - [TEST_STEP][PASSED] - Statement - Checker = com.kms.katalon.core.webui.keyword.WebUiBuiltInKeywords.verifyElementHasAttribute(com.kms.katalon.core.testobject.ObjectRepository.findTestObject(Final Object Repo/Landing Page/BM Detecting), "href", 20, OPTIONAL): Object 'Object Repository/Final Object Repo/Landing Page/BM Detecting' has attribute 'href'

2018-11-27 17:35:50 - [MESSAGE][PASSED] - Object 'Object Repository/Final Object Repo/Landing Page/BM Detecting' has attribute 'href'

2018-11-27 17:35:50 - [TEST_STEP][PASSED] - Statement - out.println(Checker): null

2018-11-27 17:35:50 - [TEST_STEP][PASSED] - Statement - If (Checker == false): null

2018-11-27 17:35:50 - [TEST_STEP][PASSED] - Statement - Else: null

2018-11-27 17:35:50 - [TEST_STEP][PASSED] - delay: Delayed 2 second(s)

2018-11-27 17:35:52 - [MESSAGE][PASSED] - Delayed 2 second(s)

2018-11-27 17:35:52 - [TEST_STEP][PASSED] - delay: Delayed 4 second(s)

2018-11-27 17:35:56 - [MESSAGE][PASSED] - Delayed 4 second(s)

2018-11-27 17:35:56 - [TEST_STEP][PASSED] - click: Object: 'Object Repository/Final Object Repo/Page_Update Add New Employee - ASSIST/My Sites Drop Down' is clicked on

2018-11-27 17:35:56 - [MESSAGE][PASSED] - Object: 'Object Repository/Final Object Repo/Page_Update Add New Employee - ASSIST/My Sites Drop Down' is clicked on

2018-11-27 17:35:56 - [TEST_STEP][PASSED] - click: Object: 'Object Repository/Final Object Repo/Page_Update Add New Employee - ASSIST/Select to Registration Module' is clicked on

2018-11-27 17:35:57 - [MESSAGE][PASSED] - Object: 'Object Repository/Final Object Repo/Page_Update Add New Employee - ASSIST/Select to Registration Module' is clicked on

2018-11-27 17:35:57 - [TEST_STEP][PASSED] - navigateToUrl: Navigate to 'https://assist2-uat.perkeso.gov.my/web/registration/myassist' successfully

2018-11-27 17:35:58 - [MESSAGE][PASSED] - Navigate to 'https://assist2-uat.perkeso.gov.my/web/registration/myassist' successfully

2018-11-27 17:35:58 - [TEST_STEP][PASSED] - mouseOver: Object: 'Object Repository/Final Object Repo/Page_Update Add New Employee - ASSIST/Select to Update Akta 4 Tab' is hovered

2018-11-27 17:35:58 - [MESSAGE][PASSED] - Object: 'Object Repository/Final Object Repo/Page_Update Add New Employee - ASSIST/Select to Update Akta 4 Tab' is hovered

2018-11-27 17:35:58 - [TEST_STEP][PASSED] - delay: Delayed 2 second(s)

2018-11-27 17:36:00 - [MESSAGE][PASSED] - Delayed 2 second(s)

2018-11-27 17:36:00 - [TEST_STEP][PASSED] - click: Object: 'Object Repository/Final Object Repo/Page_Update Add New Employee - ASSIST/Select to Update Add New Employee' is clicked on

2018-11-27 17:36:01 - [MESSAGE][PASSED] - Object: 'Object Repository/Final Object Repo/Page_Update Add New Employee - ASSIST/Select to Update Add New Employee' is clicked on

2018-11-27 17:36:01 - [TEST_STEP][PASSED] - delay: Delayed 2 second(s)

2018-11-27 17:36:03 - [MESSAGE][PASSED] - Delayed 2 second(s)

2018-11-27 17:36:03 - [TEST_STEP][PASSED] - setText: Text 'E1102070512M' is set on object 'Object Repository/Final Object Repo/Page_Update Add New Employee - ASSIST/Employer Code input textbox'

2018-11-27 17:36:03 - [MESSAGE][PASSED] - Text 'E1102070512M' is set on object 'Object Repository/Final Object Repo/Page_Update Add New Employee - ASSIST/Employer Code input textbox'

2018-11-27 17:36:03 - [TEST_STEP][PASSED] - delay: Delayed 2 second(s)

2018-11-27 17:36:05 - [MESSAGE][PASSED] - Delayed 2 second(s)

2018-11-27 17:36:05 - [TEST_STEP][PASSED] - click: Object: 'Object Repository/Final Object Repo/Page_Update Add New Employee - ASSIST/Search Button for Employer Code' is clicked on

2018-11-27 17:36:05 - [MESSAGE][PASSED] - Object: 'Object Repository/Final Object Repo/Page_Update Add New Employee - ASSIST/Search Button for Employer Code' is clicked on

2018-11-27 17:36:05 - [TEST_STEP][PASSED] - delay: Delayed 4 second(s)

2018-11-27 17:36:09 - [MESSAGE][PASSED] - Delayed 4 second(s)

2018-11-27 17:36:09 - [TEST_STEP][PASSED] - click: Object: 'Object Repository/Final Object Repo/Page_Update Add New Employee - ASSIST/Click to Edit Case' is clicked on

2018-11-27 17:36:11 - [MESSAGE][PASSED] - Object: 'Object Repository/Final Object Repo/Page_Update Add New Employee - ASSIST/Click to Edit Case' is clicked on

2018-11-27 17:36:11 - [TEST_STEP][PASSED] - delay: Delayed 2 second(s)

2018-11-27 17:36:13 - [MESSAGE][PASSED] - Delayed 2 second(s)

2018-11-27 17:36:13 - [TEST_STEP][PASSED] - callTestCase: Call Test Case 'Test Cases/Final Aug 2018 - PKS Automation/Registration Module/Workflow/Update Add New Employee/Template/Employee Adding/Employee Set Decider' successfully

2018-11-27 17:36:13 - [TEST_CASE][PASSED] - Test Cases/Final Aug 2018 - PKS Automation/Registration Module/Workflow/Update Add New Employee/Template/Employee Adding/Employee Set Decider: Test Cases/Final Aug 2018 - PKS Automation/Registration Module/Workflow/Update Add New Employee/Template/Employee Adding/Employee Set Decider

2018-11-27 17:36:13 - [TEST_STEP][PASSED] - delay: Delayed 4 second(s)

2018-11-27 17:36:17 - [MESSAGE][PASSED] - Delayed 4 second(s)

2018-11-27 17:36:17 - [TEST_STEP][PASSED] - click: Object: 'Object Repository/Final Object Repo/Page_Update Add New Employee - ASSIST/Add Employee Button' is clicked on

2018-11-27 17:36:18 - [MESSAGE][PASSED] - Object: 'Object Repository/Final Object Repo/Page_Update Add New Employee - ASSIST/Add Employee Button' is clicked on

2018-11-27 17:36:18 - [TEST_STEP][PASSED] - delay: Delayed 3 second(s)

2018-11-27 17:36:21 - [MESSAGE][PASSED] - Delayed 3 second(s)

2018-11-27 17:36:21 - [TEST_STEP][PASSED] - setText: Text '010903091920' is set on object 'Object Repository/Final Object Repo/Page_Update Add New Employee - ASSIST/NRIC Input'

2018-11-27 17:36:21 - [MESSAGE][PASSED] - Text '010903091920' is set on object 'Object Repository/Final Object Repo/Page_Update Add New Employee - ASSIST/NRIC Input'

2018-11-27 17:36:21 - [TEST_STEP][PASSED] - click: Object: 'Object Repository/Final Object Repo/Page_Update Add New Employee - ASSIST/button for search for IC' is clicked on

2018-11-27 17:36:21 - [MESSAGE][PASSED] - Object: 'Object Repository/Final Object Repo/Page_Update Add New Employee - ASSIST/button for search for IC' is clicked on

2018-11-27 17:36:21 - [TEST_STEP][PASSED] - delay: Delayed 2 second(s)

2018-11-27 17:36:23 - [MESSAGE][PASSED] - Delayed 2 second(s)

2018-11-27 17:36:23 - [TEST_STEP][PASSED] - sendKeys: Keys 'CONTROL + a' sent to object: 'Object Repository/Final Object Repo/Page_Update Add New Employee - ASSIST/Employee Name Input'

2018-11-27 17:36:23 - [MESSAGE][PASSED] - Keys 'CONTROL + a' sent to object: 'Object Repository/Final Object Repo/Page_Update Add New Employee - ASSIST/Employee Name Input'

2018-11-27 17:36:23 - [TEST_STEP][PASSED] - sendKeys: Keys 'CONTROL + c' sent to object: 'Object Repository/Final Object Repo/Page_Update Add New Employee - ASSIST/Employee Name Input'

2018-11-27 17:36:23 - [MESSAGE][PASSED] - Keys 'CONTROL + c' sent to object: 'Object Repository/Final Object Repo/Page_Update Add New Employee - ASSIST/Employee Name Input'

2018-11-27 17:36:23 - [TEST_STEP][PASSED] - Statement - toolkit = java.awt.Toolkit.getDefaultToolkit(): null

2018-11-27 17:36:23 - [TEST_STEP][PASSED] - Statement - clipboard = toolkit.getSystemClipboard(): null

2018-11-27 17:36:23 - [TEST_STEP][PASSED] - Statement - CurrentName = clipboard.getData(stringFlavor): null

2018-11-27 17:36:23 - [TEST_STEP][PASSED] - Statement - out.println("String from Clipboard:" + CurrentName): null

2018-11-27 17:36:23 - [TEST_STEP][PASSED] - Statement - If (CurrentName == "AUTOMATE002 ELIGIBLE 1"): null

2018-11-27 17:36:23 - [TEST_STEP][PASSED] - Statement - Else If (CurrentName == "AUTOMATE003 ELIGIBLE 1"): Call Test Case 'Test Cases/Final Aug 2018 - PKS Automation/Registration Module/Workflow/Update Add New Employee/Template/Employee Adding/Employee Adding Action Repeat IC - set 2' successfully

2018-11-27 17:36:23 - [TEST_STEP][PASSED] - callTestCase: Call Test Case 'Test Cases/Final Aug 2018 - PKS Automation/Registration Module/Workflow/Update Add New Employee/Template/Employee Adding/Employee Adding Action Repeat IC - set 2' successfully

2018-11-27 17:36:23 - [TEST_CASE][PASSED] - Test Cases/Final Aug 2018 - PKS Automation/Registration Module/Workflow/Update Add New Employee/Template/Employee Adding/Employee Adding Action Repeat IC - set 2: Test Cases/Final Aug 2018 - PKS Automation/Registration Module/Workflow/Update Add New Employee/Template/Employee Adding/Employee Adding Action Repeat IC - set 2

2018-11-27 17:36:23 - [TEST_STEP][PASSED] - setText: Text 'Automate002 eligible 1' is set on object 'Object Repository/Final Object Repo/Page_Update Add New Employee - ASSIST/Employee Name Input'

2018-11-27 17:36:24 - [MESSAGE][PASSED] - Text 'Automate002 eligible 1' is set on object 'Object Repository/Final Object Repo/Page_Update Add New Employee - ASSIST/Employee Name Input'

2018-11-27 17:36:24 - [TEST_STEP][PASSED] - delay: Delayed 2 second(s)

2018-11-27 17:36:26 - [MESSAGE][PASSED] - Delayed 2 second(s)

2018-11-27 17:36:26 - [TEST_STEP][PASSED] - click: Object: 'Object Repository/Final Object Repo/Page_Update Add New Employee - ASSIST/DatePicker Pop Up' is clicked on

2018-11-27 17:36:26 - [MESSAGE][PASSED] - Object: 'Object Repository/Final Object Repo/Page_Update Add New Employee - ASSIST/DatePicker Pop Up' is clicked on

2018-11-27 17:36:26 - [TEST_STEP][PASSED] - click: Object: 'Object Repository/Final Object Repo/Page_Update Add New Employee - ASSIST/DOB Month' is clicked on

2018-11-27 17:36:26 - [MESSAGE][PASSED] - Object: 'Object Repository/Final Object Repo/Page_Update Add New Employee - ASSIST/DOB Month' is clicked on

2018-11-27 17:36:26 - [TEST_STEP][PASSED] - Statement - CurrentMonth = CurrentMonth: null

2018-11-27 17:36:26 - [TEST_STEP][PASSED] - Statement - selectMonth = new com.kms.katalon.core.testobject.TestObject(): null

2018-11-27 17:36:26 - [TEST_STEP][PASSED] - Statement - selectMonth.addProperty("xpath", EQUALS, "//body/div/div/div/select/option[@value='" + CurrentMonth + "']", true): null

2018-11-27 17:36:26 - [TEST_STEP][PASSED] - click: Object: '' is clicked on

2018-11-27 17:36:26 - [MESSAGE][PASSED] - Object: '' is clicked on

2018-11-27 17:36:26 - [TEST_STEP][PASSED] - click: Object: 'Object Repository/Final Object Repo/Page_Update Add New Employee - ASSIST/DOB Year' is clicked on

2018-11-27 17:36:27 - [MESSAGE][PASSED] - Object: 'Object Repository/Final Object Repo/Page_Update Add New Employee - ASSIST/DOB Year' is clicked on

2018-11-27 17:36:27 - [TEST_STEP][PASSED] - Statement - Eyearsbf = EighteenYrsBefore: null

2018-11-27 17:36:27 - [TEST_STEP][PASSED] - Statement - selectYear = new com.kms.katalon.core.testobject.TestObject(): null

2018-11-27 17:36:27 - [TEST_STEP][PASSED] - Statement - selectYear.addProperty("xpath", EQUALS, "//div/div/div/select/option[@value='" + Eyearsbf + "']", true): null

2018-11-27 17:36:27 - [TEST_STEP][PASSED] - click: Object: '' is clicked on

2018-11-27 17:36:27 - [MESSAGE][PASSED] - Object: '' is clicked on

2018-11-27 17:36:27 - [TEST_STEP][PASSED] - Statement - UpdatedSelectDate = com.kms.katalon.core.webui.keyword.WebUiBuiltInKeywords.modifyObjectProperty(com.kms.katalon.core.testobject.ObjectRepository.findTestObject(Final Object Repo/Page_Update Add New Employee - ASSIST/DOB Date), "xpath", "equals", "//body/div/table/tbody/tr/td/a[text()="" + CurrentDate + ""]", true): Modify property of object successfully

2018-11-27 17:36:27 - [MESSAGE][PASSED] - Modify property of object successfully

2018-11-27 17:36:27 - [TEST_STEP][PASSED] - delay: Delayed 3 second(s)

2018-11-27 17:36:30 - [MESSAGE][PASSED] - Delayed 3 second(s)

2018-11-27 17:36:30 - [TEST_STEP][PASSED] - click: Object: 'Object Repository/Final Object Repo/Page_Update Add New Employee - ASSIST/DOB Date' is clicked on

2018-11-27 17:36:30 - [MESSAGE][PASSED] - Object: 'Object Repository/Final Object Repo/Page_Update Add New Employee - ASSIST/DOB Date' is clicked on

2018-11-27 17:36:30 - [TEST_STEP][PASSED] - delay: Delayed 2 second(s)

2018-11-27 17:36:32 - [MESSAGE][PASSED] - Delayed 2 second(s)

2018-11-27 17:36:32 - [TEST_STEP][PASSED] - click: Object: 'Object Repository/Final Object Repo/Page_Update Add New Employee - ASSIST/EmploymentStartDate Pop Up' is clicked on

2018-11-27 17:36:32 - [MESSAGE][PASSED] - Object: 'Object Repository/Final Object Repo/Page_Update Add New Employee - ASSIST/EmploymentStartDate Pop Up' is clicked on

2018-11-27 17:36:32 - [TEST_STEP][PASSED] - delay: Delayed 2 second(s)

2018-11-27 17:36:34 - [MESSAGE][PASSED] - Delayed 2 second(s)

2018-11-27 17:36:34 - [TEST_STEP][PASSED] - click: Object: 'Object Repository/Final Object Repo/Page_Update Add New Employee - ASSIST/Socso Employment StartDate Month' is clicked on

2018-11-27 17:36:34 - [MESSAGE][PASSED] - Object: 'Object Repository/Final Object Repo/Page_Update Add New Employee - ASSIST/Socso Employment StartDate Month' is clicked on

2018-11-27 17:36:34 - [TEST_STEP][PASSED] - delay: Delayed 1 second(s)

2018-11-27 17:36:35 - [MESSAGE][PASSED] - Delayed 1 second(s)

2018-11-27 17:36:35 - [TEST_STEP][PASSED] - click: Object: 'Object Repository/Final Object Repo/Page_Update Add New Employee - ASSIST/Select Socso Employement Startdate Month' is clicked on

2018-11-27 17:36:35 - [MESSAGE][PASSED] - Object: 'Object Repository/Final Object Repo/Page_Update Add New Employee - ASSIST/Select Socso Employement Startdate Month' is clicked on

2018-11-27 17:36:35 - [TEST_STEP][PASSED] - delay: Delayed 2 second(s)

2018-11-27 17:36:37 - [MESSAGE][PASSED] - Delayed 2 second(s)

2018-11-27 17:36:37 - [TEST_STEP][PASSED] - click: Object: 'Object Repository/Final Object Repo/Page_Update Add New Employee - ASSIST/Socso Employment StartDate Year' is clicked on

2018-11-27 17:36:38 - [MESSAGE][PASSED] - Object: 'Object Repository/Final Object Repo/Page_Update Add New Employee - ASSIST/Socso Employment StartDate Year' is clicked on

2018-11-27 17:36:38 - [TEST_STEP][PASSED] - delay: Delayed 1 second(s)

2018-11-27 17:36:39 - [MESSAGE][PASSED] - Delayed 1 second(s)

2018-11-27 17:36:39 - [TEST_STEP][PASSED] - click: Object: 'Object Repository/Final Object Repo/Page_Update Add New Employee - ASSIST/Select Socso Employment Startdate Year' is clicked on

2018-11-27 17:36:39 - [MESSAGE][PASSED] - Object: 'Object Repository/Final Object Repo/Page_Update Add New Employee - ASSIST/Select Socso Employment Startdate Year' is clicked on

2018-11-27 17:36:39 - [TEST_STEP][PASSED] - delay: Delayed 2 second(s)

2018-11-27 17:36:41 - [MESSAGE][PASSED] - Delayed 2 second(s)

2018-11-27 17:36:41 - [TEST_STEP][PASSED] - click: Object: 'Object Repository/Final Object Repo/Page_Update Add New Employee - ASSIST/Socso Employment Start Date Day' is clicked on

2018-11-27 17:36:41 - [MESSAGE][PASSED] - Object: 'Object Repository/Final Object Repo/Page_Update Add New Employee - ASSIST/Socso Employment Start Date Day' is clicked on

2018-11-27 17:36:41 - [TEST_STEP][PASSED] - delay: Delayed 2 second(s)

2018-11-27 17:36:43 - [MESSAGE][PASSED] - Delayed 2 second(s)

2018-11-27 17:36:43 - [TEST_STEP][PASSED] - click: Object: 'Object Repository/Final Object Repo/Page_Update Add New Employee - ASSIST/Save Button for Add Employee' is clicked on

2018-11-27 17:36:43 - [MESSAGE][PASSED] - Object: 'Object Repository/Final Object Repo/Page_Update Add New Employee - ASSIST/Save Button for Add Employee' is clicked on

2018-11-27 17:36:43 - [TEST_STEP][PASSED] - delay: Delayed 10 second(s)

2018-11-27 17:36:53 - [MESSAGE][PASSED] - Delayed 10 second(s)

2018-11-27 17:36:53 - [TEST_STEP][PASSED] - click: Object: 'Object Repository/Final Object Repo/Page_Update Add New Employee - ASSIST/Add Employee Button' is clicked on

2018-11-27 17:36:53 - [MESSAGE][PASSED] - Object: 'Object Repository/Final Object Repo/Page_Update Add New Employee - ASSIST/Add Employee Button' is clicked on

2018-11-27 17:36:53 - [TEST_STEP][PASSED] - delay: Delayed 6 second(s)

2018-11-27 17:36:59 - [MESSAGE][PASSED] - Delayed 6 second(s)

2018-11-27 17:36:59 - [TEST_STEP][PASSED] - setText: Text '620904059600' is set on object 'Object Repository/Final Object Repo/Page_Update Add New Employee - ASSIST/NRIC Input'

2018-11-27 17:37:00 - [MESSAGE][PASSED] - Text '620904059600' is set on object 'Object Repository/Final Object Repo/Page_Update Add New Employee - ASSIST/NRIC Input'

2018-11-27 17:37:00 - [TEST_STEP][PASSED] - click: Object: 'Object Repository/Final Object Repo/Page_Update Add New Employee - ASSIST/button for search for IC' is clicked on

2018-11-27 17:37:00 - [MESSAGE][PASSED] - Object: 'Object Repository/Final Object Repo/Page_Update Add New Employee - ASSIST/button for search for IC' is clicked on

2018-11-27 17:37:00 - [TEST_STEP][PASSED] - delay: Delayed 2 second(s)

2018-11-27 17:37:02 - [MESSAGE][PASSED] - Delayed 2 second(s)

2018-11-27 17:37:02 - [TEST_STEP][PASSED] - setText: Text 'Automate002 eligible 2' is set on object 'Object Repository/Final Object Repo/Page_Update Add New Employee - ASSIST/Employee Name Input'

2018-11-27 17:37:02 - [MESSAGE][PASSED] - Text 'Automate002 eligible 2' is set on object 'Object Repository/Final Object Repo/Page_Update Add New Employee - ASSIST/Employee Name Input'

2018-11-27 17:37:02 - [TEST_STEP][PASSED] - delay: Delayed 2 second(s)

2018-11-27 17:37:04 - [MESSAGE][PASSED] - Delayed 2 second(s)

2018-11-27 17:37:04 - [TEST_STEP][PASSED] - click: Object: 'Object Repository/Final Object Repo/Page_Update Add New Employee - ASSIST/DatePicker Pop Up' is clicked on

2018-11-27 17:37:05 - [MESSAGE][PASSED] - Object: 'Object Repository/Final Object Repo/Page_Update Add New Employee - ASSIST/DatePicker Pop Up' is clicked on

2018-11-27 17:37:05 - [TEST_STEP][PASSED] - delay: Delayed 2 second(s)

2018-11-27 17:37:07 - [MESSAGE][PASSED] - Delayed 2 second(s)

2018-11-27 17:37:07 - [TEST_STEP][PASSED] - click: Object: 'Object Repository/Final Object Repo/Page_Update Add New Employee - ASSIST/DOB Month' is clicked on

2018-11-27 17:37:07 - [MESSAGE][PASSED] - Object: 'Object Repository/Final Object Repo/Page_Update Add New Employee - ASSIST/DOB Month' is clicked on

2018-11-27 17:37:07 - [TEST_STEP][PASSED] - Statement - selectMonth = com.kms.katalon.core.webui.keyword.WebUiBuiltInKeywords.modifyObjectProperty(selectMonth, "xpath", "equals", "//body/div/div/div/select/option[@value="" + CurrentMonth + ""]", true): Modify property of object successfully

2018-11-27 17:37:07 - [MESSAGE][PASSED] - Modify property of object successfully

2018-11-27 17:37:07 - [TEST_STEP][PASSED] - click: Object: '' is clicked on

2018-11-27 17:37:07 - [MESSAGE][PASSED] - Object: '' is clicked on

2018-11-27 17:37:07 - [TEST_STEP][PASSED] - click: Object: 'Object Repository/Final Object Repo/Page_Update Add New Employee - ASSIST/DOB Year' is clicked on

2018-11-27 17:37:07 - [MESSAGE][PASSED] - Object: 'Object Repository/Final Object Repo/Page_Update Add New Employee - ASSIST/DOB Year' is clicked on

2018-11-27 17:37:07 - [TEST_STEP][PASSED] - Statement - selectYear = com.kms.katalon.core.webui.keyword.WebUiBuiltInKeywords.modifyObjectProperty(selectYear, "xpath", "equals", "//div/div/div/select/option[@value="" + FiftysevenYrsBefore + ""]", true): Modify property of object successfully

2018-11-27 17:37:07 - [MESSAGE][PASSED] - Modify property of object successfully

2018-11-27 17:37:07 - [TEST_STEP][PASSED] - click: Object: '' is clicked on

2018-11-27 17:37:07 - [MESSAGE][PASSED] - Object: '' is clicked on

2018-11-27 17:37:07 - [TEST_STEP][PASSED] - Statement - UpdatedSelectDate = com.kms.katalon.core.webui.keyword.WebUiBuiltInKeywords.modifyObjectProperty(com.kms.katalon.core.testobject.ObjectRepository.findTestObject(Final Object Repo/Page_Update Add New Employee - ASSIST/DOB Date), "xpath", "equals", "//body/div/table/tbody/tr/td/a[text()="" + OneDayBefore + ""]", true): Modify property of object successfully

2018-11-27 17:37:07 - [MESSAGE][PASSED] - Modify property of object successfully

2018-11-27 17:37:07 - [TEST_STEP][PASSED] - click: Object: 'Object Repository/Final Object Repo/Page_Update Add New Employee - ASSIST/DOB Date' is clicked on

2018-11-27 17:37:07 - [MESSAGE][PASSED] - Object: 'Object Repository/Final Object Repo/Page_Update Add New Employee - ASSIST/DOB Date' is clicked on

2018-11-27 17:37:07 - [TEST_STEP][PASSED] - delay: Delayed 2 second(s)

2018-11-27 17:37:09 - [MESSAGE][PASSED] - Delayed 2 second(s)

2018-11-27 17:37:09 - [TEST_STEP][PASSED] - click: Object: 'Object Repository/Final Object Repo/Page_Update Add New Employee - ASSIST/EmploymentStartDate Pop Up' is clicked on

2018-11-27 17:37:10 - [MESSAGE][PASSED] - Object: 'Object Repository/Final Object Repo/Page_Update Add New Employee - ASSIST/EmploymentStartDate Pop Up' is clicked on

2018-11-27 17:37:10 - [TEST_STEP][PASSED] - delay: Delayed 2 second(s)

2018-11-27 17:37:12 - [MESSAGE][PASSED] - Delayed 2 second(s)

2018-11-27 17:37:12 - [TEST_STEP][PASSED] - click: Object: 'Object Repository/Final Object Repo/Page_Update Add New Employee - ASSIST/Socso Employment StartDate Month' is clicked on

2018-11-27 17:37:12 - [MESSAGE][PASSED] - Object: 'Object Repository/Final Object Repo/Page_Update Add New Employee - ASSIST/Socso Employment StartDate Month' is clicked on

2018-11-27 17:37:12 - [TEST_STEP][PASSED] - delay: Delayed 1 second(s)

2018-11-27 17:37:13 - [MESSAGE][PASSED] - Delayed 1 second(s)

2018-11-27 17:37:13 - [TEST_STEP][PASSED] - click: Object: 'Object Repository/Final Object Repo/Page_Update Add New Employee - ASSIST/Select Socso Employement Startdate Month' is clicked on

2018-11-27 17:37:13 - [MESSAGE][PASSED] - Object: 'Object Repository/Final Object Repo/Page_Update Add New Employee - ASSIST/Select Socso Employement Startdate Month' is clicked on

2018-11-27 17:37:13 - [TEST_STEP][PASSED] - delay: Delayed 2 second(s)

2018-11-27 17:37:15 - [MESSAGE][PASSED] - Delayed 2 second(s)

2018-11-27 17:37:15 - [TEST_STEP][PASSED] - click: Object: 'Object Repository/Final Object Repo/Page_Update Add New Employee - ASSIST/Socso Employment StartDate Year' is clicked on

2018-11-27 17:37:15 - [MESSAGE][PASSED] - Object: 'Object Repository/Final Object Repo/Page_Update Add New Employee - ASSIST/Socso Employment StartDate Year' is clicked on

2018-11-27 17:37:15 - [TEST_STEP][PASSED] - delay: Delayed 1 second(s)

2018-11-27 17:37:16 - [MESSAGE][PASSED] - Delayed 1 second(s)

2018-11-27 17:37:16 - [TEST_STEP][PASSED] - click: Object: 'Object Repository/Final Object Repo/Page_Update Add New Employee - ASSIST/Select Socso Employment Startdate Year' is clicked on

2018-11-27 17:37:16 - [MESSAGE][PASSED] - Object: 'Object Repository/Final Object Repo/Page_Update Add New Employee - ASSIST/Select Socso Employment Startdate Year' is clicked on

2018-11-27 17:37:16 - [TEST_STEP][PASSED] - delay: Delayed 2 second(s)

2018-11-27 17:37:18 - [MESSAGE][PASSED] - Delayed 2 second(s)

2018-11-27 17:37:18 - [TEST_STEP][PASSED] - click: Object: 'Object Repository/Final Object Repo/Page_Update Add New Employee - ASSIST/Socso Employment Start Date Day' is clicked on

2018-11-27 17:37:18 - [MESSAGE][PASSED] - Object: 'Object Repository/Final Object Repo/Page_Update Add New Employee - ASSIST/Socso Employment Start Date Day' is clicked on

2018-11-27 17:37:18 - [TEST_STEP][PASSED] - delay: Delayed 2 second(s)

2018-11-27 17:37:20 - [MESSAGE][PASSED] - Delayed 2 second(s)

2018-11-27 17:37:20 - [TEST_STEP][PASSED] - click: Object: 'Object Repository/Final Object Repo/Page_Update Add New Employee - ASSIST/Save Button for Add Employee' is clicked on

2018-11-27 17:37:21 - [MESSAGE][PASSED] - Object: 'Object Repository/Final Object Repo/Page_Update Add New Employee - ASSIST/Save Button for Add Employee' is clicked on

2018-11-27 17:37:21 - [TEST_STEP][PASSED] - delay: Delayed 5 second(s)

2018-11-27 17:37:26 - [MESSAGE][PASSED] - Delayed 5 second(s)

2018-11-27 17:37:26 - [TEST_STEP][PASSED] - waitForElementClickable: Object 'Object Repository/Final Object Repo/Page_Update Add New Employee - ASSIST/Add Employee Button' is clickable

2018-11-27 17:37:26 - [MESSAGE][PASSED] - Object 'Object Repository/Final Object Repo/Page_Update Add New Employee - ASSIST/Add Employee Button' is clickable

2018-11-27 17:37:26 - [TEST_STEP][PASSED] - click: Object: 'Object Repository/Final Object Repo/Page_Update Add New Employee - ASSIST/Add Employee Button' is clicked on

2018-11-27 17:37:26 - [MESSAGE][PASSED] - Object: 'Object Repository/Final Object Repo/Page_Update Add New Employee - ASSIST/Add Employee Button' is clicked on

2018-11-27 17:37:26 - [TEST_STEP][PASSED] - delay: Delayed 4 second(s)

2018-11-27 17:37:30 - [MESSAGE][PASSED] - Delayed 4 second(s)

2018-11-27 17:37:30 - [TEST_STEP][PASSED] - setText: Text '000209039100' is set on object 'Object Repository/Final Object Repo/Page_Update Add New Employee - ASSIST/NRIC Input'

2018-11-27 17:37:30 - [MESSAGE][PASSED] - Text '000209039100' is set on object 'Object Repository/Final Object Repo/Page_Update Add New Employee - ASSIST/NRIC Input'

2018-11-27 17:37:30 - [TEST_STEP][PASSED] - click: Object: 'Object Repository/Final Object Repo/Page_Update Add New Employee - ASSIST/button for search for IC' is clicked on

2018-11-27 17:37:30 - [MESSAGE][PASSED] - Object: 'Object Repository/Final Object Repo/Page_Update Add New Employee - ASSIST/button for search for IC' is clicked on

2018-11-27 17:37:30 - [TEST_STEP][PASSED] - delay: Delayed 2 second(s)

2018-11-27 17:37:32 - [MESSAGE][PASSED] - Delayed 2 second(s)

2018-11-27 17:37:32 - [TEST_STEP][PASSED] - setText: Text 'Automate002 not eligible 1' is set on object 'Object Repository/Final Object Repo/Page_Update Add New Employee - ASSIST/Employee Name Input'

2018-11-27 17:37:33 - [MESSAGE][PASSED] - Text 'Automate002 not eligible 1' is set on object 'Object Repository/Final Object Repo/Page_Update Add New Employee - ASSIST/Employee Name Input'

2018-11-27 17:37:33 - [TEST_STEP][PASSED] - delay: Delayed 2 second(s)

2018-11-27 17:37:35 - [MESSAGE][PASSED] - Delayed 2 second(s)

2018-11-27 17:37:35 - [TEST_STEP][PASSED] - click: Object: 'Object Repository/Final Object Repo/Page_Update Add New Employee - ASSIST/DatePicker Pop Up' is clicked on

2018-11-27 17:37:35 - [MESSAGE][PASSED] - Object: 'Object Repository/Final Object Repo/Page_Update Add New Employee - ASSIST/DatePicker Pop Up' is clicked on

2018-11-27 17:37:35 - [TEST_STEP][PASSED] - delay: Delayed 2 second(s)

2018-11-27 17:37:37 - [MESSAGE][PASSED] - Delayed 2 second(s)

2018-11-27 17:37:37 - [TEST_STEP][PASSED] - click: Object: 'Object Repository/Final Object Repo/Page_Update Add New Employee - ASSIST/DOB Month' is clicked on

2018-11-27 17:37:37 - [MESSAGE][PASSED] - Object: 'Object Repository/Final Object Repo/Page_Update Add New Employee - ASSIST/DOB Month' is clicked on

2018-11-27 17:37:37 - [TEST_STEP][PASSED] - Statement - selectMonth = com.kms.katalon.core.webui.keyword.WebUiBuiltInKeywords.modifyObjectProperty(selectMonth, "xpath", "equals", "//body/div/div/div/select/option[@value="" + CurrentMonth + ""]", true): Modify property of object successfully

2018-11-27 17:37:37 - [MESSAGE][PASSED] - Modify property of object successfully

2018-11-27 17:37:37 - [TEST_STEP][PASSED] - click: Object: '' is clicked on

2018-11-27 17:37:38 - [MESSAGE][PASSED] - Object: '' is clicked on

2018-11-27 17:37:38 - [TEST_STEP][PASSED] - click: Object: 'Object Repository/Final Object Repo/Page_Update Add New Employee - ASSIST/DOB Year' is clicked on

2018-11-27 17:37:38 - [MESSAGE][PASSED] - Object: 'Object Repository/Final Object Repo/Page_Update Add New Employee - ASSIST/DOB Year' is clicked on

2018-11-27 17:37:38 - [TEST_STEP][PASSED] - Statement - selectYear = com.kms.katalon.core.webui.keyword.WebUiBuiltInKeywords.modifyObjectProperty(selectYear, "xpath", "equals", "//div/div/div/select/option[@value="" + EighteenYrsBefore + ""]", true): Modify property of object successfully

2018-11-27 17:37:38 - [MESSAGE][PASSED] - Modify property of object successfully

2018-11-27 17:37:38 - [TEST_STEP][PASSED] - click: Object: '' is clicked on

2018-11-27 17:37:38 - [MESSAGE][PASSED] - Object: '' is clicked on

2018-11-27 17:37:38 - [TEST_STEP][PASSED] - Statement - UpdatedSelectDate = com.kms.katalon.core.webui.keyword.WebUiBuiltInKeywords.modifyObjectProperty(com.kms.katalon.core.testobject.ObjectRepository.findTestObject(Final Object Repo/Page_Update Add New Employee - ASSIST/DOB Date), "xpath", "equals", "//body/div/table/tbody/tr/td/a[text()="" + OneDayBefore + ""]", true): Modify property of object successfully

2018-11-27 17:37:38 - [MESSAGE][PASSED] - Modify property of object successfully

2018-11-27 17:37:38 - [TEST_STEP][PASSED] - click: Object: 'Object Repository/Final Object Repo/Page_Update Add New Employee - ASSIST/DOB Date' is clicked on

2018-11-27 17:37:38 - [MESSAGE][PASSED] - Object: 'Object Repository/Final Object Repo/Page_Update Add New Employee - ASSIST/DOB Date' is clicked on

2018-11-27 17:37:38 - [TEST_STEP][PASSED] - delay: Delayed 2 second(s)

2018-11-27 17:37:40 - [MESSAGE][PASSED] - Delayed 2 second(s)

2018-11-27 17:37:40 - [TEST_STEP][PASSED] - click: Object: 'Object Repository/Final Object Repo/Page_Update Add New Employee - ASSIST/EmploymentStartDate Pop Up' is clicked on

2018-11-27 17:37:40 - [MESSAGE][PASSED] - Object: 'Object Repository/Final Object Repo/Page_Update Add New Employee - ASSIST/EmploymentStartDate Pop Up' is clicked on

2018-11-27 17:37:40 - [TEST_STEP][PASSED] - delay: Delayed 2 second(s)

2018-11-27 17:37:42 - [MESSAGE][PASSED] - Delayed 2 second(s)

2018-11-27 17:37:42 - [TEST_STEP][PASSED] - click: Object: 'Object Repository/Final Object Repo/Page_Update Add New Employee - ASSIST/Socso Employment StartDate Month' is clicked on

2018-11-27 17:37:42 - [MESSAGE][PASSED] - Object: 'Object Repository/Final Object Repo/Page_Update Add New Employee - ASSIST/Socso Employment StartDate Month' is clicked on

2018-11-27 17:37:42 - [TEST_STEP][PASSED] - delay: Delayed 1 second(s)

2018-11-27 17:37:43 - [MESSAGE][PASSED] - Delayed 1 second(s)

2018-11-27 17:37:43 - [TEST_STEP][PASSED] - click: Object: 'Object Repository/Final Object Repo/Page_Update Add New Employee - ASSIST/Select Socso Employement Startdate Month' is clicked on

2018-11-27 17:37:44 - [MESSAGE][PASSED] - Object: 'Object Repository/Final Object Repo/Page_Update Add New Employee - ASSIST/Select Socso Employement Startdate Month' is clicked on

2018-11-27 17:37:44 - [TEST_STEP][PASSED] - delay: Delayed 2 second(s)

2018-11-27 17:37:46 - [MESSAGE][PASSED] - Delayed 2 second(s)

2018-11-27 17:37:46 - [TEST_STEP][PASSED] - click: Object: 'Object Repository/Final Object Repo/Page_Update Add New Employee - ASSIST/Socso Employment StartDate Year' is clicked on

2018-11-27 17:37:46 - [MESSAGE][PASSED] - Object: 'Object Repository/Final Object Repo/Page_Update Add New Employee - ASSIST/Socso Employment StartDate Year' is clicked on

2018-11-27 17:37:46 - [TEST_STEP][PASSED] - delay: Delayed 1 second(s)

2018-11-27 17:37:47 - [MESSAGE][PASSED] - Delayed 1 second(s)

2018-11-27 17:37:47 - [TEST_STEP][PASSED] - click: Object: 'Object Repository/Final Object Repo/Page_Update Add New Employee - ASSIST/Select Socso Employment Startdate Year' is clicked on

2018-11-27 17:37:47 - [MESSAGE][PASSED] - Object: 'Object Repository/Final Object Repo/Page_Update Add New Employee - ASSIST/Select Socso Employment Startdate Year' is clicked on

2018-11-27 17:37:47 - [TEST_STEP][PASSED] - delay: Delayed 2 second(s)

2018-11-27 17:37:49 - [MESSAGE][PASSED] - Delayed 2 second(s)

2018-11-27 17:37:49 - [TEST_STEP][PASSED] - click: Object: 'Object Repository/Final Object Repo/Page_Update Add New Employee - ASSIST/Socso Employment Start Date Day' is clicked on

2018-11-27 17:37:49 - [MESSAGE][PASSED] - Object: 'Object Repository/Final Object Repo/Page_Update Add New Employee - ASSIST/Socso Employment Start Date Day' is clicked on

2018-11-27 17:37:49 - [TEST_STEP][PASSED] - delay: Delayed 2 second(s)

2018-11-27 17:37:51 - [MESSAGE][PASSED] - Delayed 2 second(s)

2018-11-27 17:37:51 - [TEST_STEP][PASSED] - click: Object: 'Object Repository/Final Object Repo/Page_Update Add New Employee - ASSIST/Save Button for Add Employee' is clicked on

2018-11-27 17:37:51 - [MESSAGE][PASSED] - Object: 'Object Repository/Final Object Repo/Page_Update Add New Employee - ASSIST/Save Button for Add Employee' is clicked on

2018-11-27 17:37:51 - [TEST_STEP][PASSED] - delay: Delayed 20 second(s)

2018-11-27 17:38:11 - [MESSAGE][PASSED] - Delayed 20 second(s)

2018-11-27 17:38:11 - [TEST_STEP][PASSED] - click: Object: 'Object Repository/Final Object Repo/Page_Update Add New Employee - ASSIST/Add Employee Button' is clicked on

2018-11-27 17:38:11 - [MESSAGE][PASSED] - Object: 'Object Repository/Final Object Repo/Page_Update Add New Employee - ASSIST/Add Employee Button' is clicked on

2018-11-27 17:38:11 - [TEST_STEP][PASSED] - delay: Delayed 4 second(s)

2018-11-27 17:38:15 - [MESSAGE][PASSED] - Delayed 4 second(s)

2018-11-27 17:38:15 - [TEST_STEP][PASSED] - setText: Text '600203039104' is set on object 'Object Repository/Final Object Repo/Page_Update Add New Employee - ASSIST/NRIC Input'

2018-11-27 17:38:16 - [MESSAGE][PASSED] - Text '600203039104' is set on object 'Object Repository/Final Object Repo/Page_Update Add New Employee - ASSIST/NRIC Input'

2018-11-27 17:38:16 - [TEST_STEP][PASSED] - click: Object: 'Object Repository/Final Object Repo/Page_Update Add New Employee - ASSIST/button for search for IC' is clicked on

2018-11-27 17:38:16 - [MESSAGE][PASSED] - Object: 'Object Repository/Final Object Repo/Page_Update Add New Employee - ASSIST/button for search for IC' is clicked on

2018-11-27 17:38:16 - [TEST_STEP][PASSED] - delay: Delayed 2 second(s)

2018-11-27 17:38:18 - [MESSAGE][PASSED] - Delayed 2 second(s)

2018-11-27 17:38:18 - [TEST_STEP][PASSED] - setText: Text 'Automate002 not eligible 2' is set on object 'Object Repository/Final Object Repo/Page_Update Add New Employee - ASSIST/Employee Name Input'

2018-11-27 17:38:19 - [MESSAGE][PASSED] - Text 'Automate002 not eligible 2' is set on object 'Object Repository/Final Object Repo/Page_Update Add New Employee - ASSIST/Employee Name Input'

2018-11-27 17:38:19 - [TEST_STEP][PASSED] - delay: Delayed 2 second(s)

2018-11-27 17:38:21 - [MESSAGE][PASSED] - Delayed 2 second(s)

2018-11-27 17:38:21 - [TEST_STEP][PASSED] - click: Object: 'Object Repository/Final Object Repo/Page_Update Add New Employee - ASSIST/DatePicker Pop Up' is clicked on

2018-11-27 17:38:21 - [MESSAGE][PASSED] - Object: 'Object Repository/Final Object Repo/Page_Update Add New Employee - ASSIST/DatePicker Pop Up' is clicked on

2018-11-27 17:38:21 - [TEST_STEP][PASSED] - delay: Delayed 2 second(s)

2018-11-27 17:38:23 - [MESSAGE][PASSED] - Delayed 2 second(s)

2018-11-27 17:38:23 - [TEST_STEP][PASSED] - click: Object: 'Object Repository/Final Object Repo/Page_Update Add New Employee - ASSIST/DOB Month' is clicked on

2018-11-27 17:38:23 - [MESSAGE][PASSED] - Object: 'Object Repository/Final Object Repo/Page_Update Add New Employee - ASSIST/DOB Month' is clicked on

2018-11-27 17:38:23 - [TEST_STEP][PASSED] - Statement - selectMonth = com.kms.katalon.core.webui.keyword.WebUiBuiltInKeywords.modifyObjectProperty(selectMonth, "xpath", "equals", "//body/div/div/div/select/option[@value="" + CurrentMonth + ""]", true): Modify property of object successfully

2018-11-27 17:38:23 - [MESSAGE][PASSED] - Modify property of object successfully

2018-11-27 17:38:23 - [TEST_STEP][PASSED] - click: Object: '' is clicked on

2018-11-27 17:38:23 - [MESSAGE][PASSED] - Object: '' is clicked on

2018-11-27 17:38:23 - [TEST_STEP][PASSED] - click: Object: 'Object Repository/Final Object Repo/Page_Update Add New Employee - ASSIST/DOB Year' is clicked on

2018-11-27 17:38:23 - [MESSAGE][PASSED] - Object: 'Object Repository/Final Object Repo/Page_Update Add New Employee - ASSIST/DOB Year' is clicked on

2018-11-27 17:38:23 - [TEST_STEP][PASSED] - Statement - selectYear = com.kms.katalon.core.webui.keyword.WebUiBuiltInKeywords.modifyObjectProperty(selectYear, "xpath", "equals", "//div/div/div/select/option[@value="" + FiftysevenYrsBefore + ""]", true): Modify property of object successfully

2018-11-27 17:38:23 - [MESSAGE][PASSED] - Modify property of object successfully

2018-11-27 17:38:23 - [TEST_STEP][PASSED] - click: Object: '' is clicked on

2018-11-27 17:38:23 - [MESSAGE][PASSED] - Object: '' is clicked on

2018-11-27 17:38:23 - [TEST_STEP][PASSED] - Statement - UpdatedSelectDate = com.kms.katalon.core.webui.keyword.WebUiBuiltInKeywords.modifyObjectProperty(com.kms.katalon.core.testobject.ObjectRepository.findTestObject(Final Object Repo/Page_Update Add New Employee - ASSIST/DOB Date), "xpath", "equals", "//body/div/table/tbody/tr/td/a[text()="" + CurrentDate + ""]", true): Modify property of object successfully

2018-11-27 17:38:23 - [MESSAGE][PASSED] - Modify property of object successfully

2018-11-27 17:38:23 - [TEST_STEP][PASSED] - click: Object: 'Object Repository/Final Object Repo/Page_Update Add New Employee - ASSIST/DOB Date' is clicked on

2018-11-27 17:38:24 - [MESSAGE][PASSED] - Object: 'Object Repository/Final Object Repo/Page_Update Add New Employee - ASSIST/DOB Date' is clicked on

2018-11-27 17:38:24 - [TEST_STEP][PASSED] - click: Object: 'Object Repository/Final Object Repo/Page_Update Add New Employee - ASSIST/EmploymentStartDate Pop Up' is clicked on

2018-11-27 17:38:24 - [MESSAGE][PASSED] - Object: 'Object Repository/Final Object Repo/Page_Update Add New Employee - ASSIST/EmploymentStartDate Pop Up' is clicked on

2018-11-27 17:38:24 - [TEST_STEP][PASSED] - delay: Delayed 2 second(s)

2018-11-27 17:38:26 - [MESSAGE][PASSED] - Delayed 2 second(s)

2018-11-27 17:38:26 - [TEST_STEP][PASSED] - click: Object: 'Object Repository/Final Object Repo/Page_Update Add New Employee - ASSIST/Socso Employment StartDate Month' is clicked on

2018-11-27 17:38:26 - [MESSAGE][PASSED] - Object: 'Object Repository/Final Object Repo/Page_Update Add New Employee - ASSIST/Socso Employment StartDate Month' is clicked on

2018-11-27 17:38:26 - [TEST_STEP][PASSED] - delay: Delayed 1 second(s)

2018-11-27 17:38:27 - [MESSAGE][PASSED] - Delayed 1 second(s)

2018-11-27 17:38:27 - [TEST_STEP][PASSED] - click: Object: 'Object Repository/Final Object Repo/Page_Update Add New Employee - ASSIST/Select Socso Employement Startdate Month' is clicked on

2018-11-27 17:38:27 - [MESSAGE][PASSED] - Object: 'Object Repository/Final Object Repo/Page_Update Add New Employee - ASSIST/Select Socso Employement Startdate Month' is clicked on

2018-11-27 17:38:27 - [TEST_STEP][PASSED] - delay: Delayed 2 second(s)

2018-11-27 17:38:29 - [MESSAGE][PASSED] - Delayed 2 second(s)

2018-11-27 17:38:29 - [TEST_STEP][PASSED] - click: Object: 'Object Repository/Final Object Repo/Page_Update Add New Employee - ASSIST/Socso Employment StartDate Year' is clicked on

2018-11-27 17:38:29 - [MESSAGE][PASSED] - Object: 'Object Repository/Final Object Repo/Page_Update Add New Employee - ASSIST/Socso Employment StartDate Year' is clicked on

2018-11-27 17:38:29 - [TEST_STEP][PASSED] - delay: Delayed 1 second(s)

2018-11-27 17:38:30 - [MESSAGE][PASSED] - Delayed 1 second(s)

2018-11-27 17:38:30 - [TEST_STEP][PASSED] - click: Object: 'Object Repository/Final Object Repo/Page_Update Add New Employee - ASSIST/Select Socso Employment Startdate Year' is clicked on

2018-11-27 17:38:30 - [MESSAGE][PASSED] - Object: 'Object Repository/Final Object Repo/Page_Update Add New Employee - ASSIST/Select Socso Employment Startdate Year' is clicked on

2018-11-27 17:38:30 - [TEST_STEP][PASSED] - delay: Delayed 2 second(s)

2018-11-27 17:38:32 - [MESSAGE][PASSED] - Delayed 2 second(s)

2018-11-27 17:38:32 - [TEST_STEP][PASSED] - click: Object: 'Object Repository/Final Object Repo/Page_Update Add New Employee - ASSIST/Socso Employment Start Date Day' is clicked on

2018-11-27 17:38:33 - [MESSAGE][PASSED] - Object: 'Object Repository/Final Object Repo/Page_Update Add New Employee - ASSIST/Socso Employment Start Date Day' is clicked on

2018-11-27 17:38:33 - [TEST_STEP][PASSED] - delay: Delayed 2 second(s)

2018-11-27 17:38:35 - [MESSAGE][PASSED] - Delayed 2 second(s)

2018-11-27 17:38:35 - [TEST_STEP][PASSED] - click: Object: 'Object Repository/Final Object Repo/Page_Update Add New Employee - ASSIST/Save Button for Add Employee' is clicked on

2018-11-27 17:38:35 - [MESSAGE][PASSED] - Object: 'Object Repository/Final Object Repo/Page_Update Add New Employee - ASSIST/Save Button for Add Employee' is clicked on

2018-11-27 17:38:35 - [MESSAGE][PASSED] - Call Test Case 'Test Cases/Final Aug 2018 - PKS Automation/Registration Module/Workflow/Update Add New Employee/Template/Employee Adding/Employee Adding Action Repeat IC - set 2' successfully

2018-11-27 17:38:35 - [MESSAGE][PASSED] - Call Test Case 'Test Cases/Final Aug 2018 - PKS Automation/Registration Module/Workflow/Update Add New Employee/Template/Employee Adding/Employee Set Decider' successfully

2018-11-27 17:38:35 - [TEST_STEP][PASSED] - delay: Delayed 4 second(s)

2018-11-27 17:38:39 - [MESSAGE][PASSED] - Delayed 4 second(s)

2018-11-27 17:38:39 - [TEST_STEP][PASSED] - Statement - CaseReferenceNo = com.kms.katalon.core.webui.keyword.WebUiBuiltInKeywords.getText(com.kms.katalon.core.testobject.ObjectRepository.findTestObject(Final Object Repo/Page_Update Add New Employee - ASSIST/RefNo)): Text of object 'Object Repository/Final Object Repo/Page_Update Add New Employee - ASSIST/RefNo' is: 'CAN11201800002208'

2018-11-27 17:38:39 - [MESSAGE][PASSED] - Text of object 'Object Repository/Final Object Repo/Page_Update Add New Employee - ASSIST/RefNo' is: 'CAN11201800002208'

2018-11-27 17:38:39 - [TEST_STEP][PASSED] - callTestCase: Call Test Case 'Test Cases/Final Aug 2018 - PKS Automation/Common/Reference Number Setter' successfully

2018-11-27 17:38:39 - [TEST_CASE][PASSED] - Test Cases/Final Aug 2018 - PKS Automation/Common/Reference Number Setter: Test Cases/Final Aug 2018 - PKS Automation/Common/Reference Number Setter

2018-11-27 17:38:39 - [TEST_STEP][PASSED] - Statement - RefNoOldFile = new java.io.File(C://Users//Admin//Desktop//PKS//Automation Reference Point//KatalonReference.txt): null

2018-11-27 17:38:39 - [TEST_STEP][PASSED] - Statement - RefNoOldFile.delete(): null

2018-11-27 17:38:39 - [TEST_STEP][PASSED] - delay: Delayed 5 second(s)

2018-11-27 17:38:44 - [MESSAGE][PASSED] - Delayed 5 second(s)

2018-11-27 17:38:44 - [TEST_STEP][PASSED] - Statement - RefNo = new java.io.File(C://Users//Admin//Desktop//PKS//Automation Reference Point//KatalonReference.txt): null

2018-11-27 17:38:44 - [TEST_STEP][PASSED] - Statement - f2 = new java.io.FileWriter(RefNo, false): null

2018-11-27 17:38:44 - [TEST_STEP][PASSED] - Statement - f2.write(CaseReferenceNo): null

2018-11-27 17:38:44 - [TEST_STEP][PASSED] - Statement - f2.close(): null

2018-11-27 17:38:44 - [TEST_STEP][PASSED] - Statement - out.println("


" + CaseReferenceNo + "


"): null

2018-11-27 17:38:44 - [MESSAGE][PASSED] - Call Test Case 'Test Cases/Final Aug 2018 - PKS Automation/Common/Reference Number Setter' successfully

2018-11-27 17:38:44 - [TEST_STEP][PASSED] - delay: Delayed 5 second(s)

2018-11-27 17:38:49 - [MESSAGE][PASSED] - Delayed 5 second(s)

2018-11-27 17:38:49 - [TEST_STEP][PASSED] - click: Object: 'Object Repository/Final Object Repo/Page_Update Add New Employee - ASSIST/Save  Continue Button' is clicked on

2018-11-27 17:38:49 - [MESSAGE][PASSED] - Object: 'Object Repository/Final Object Repo/Page_Update Add New Employee - ASSIST/Save  Continue Button' is clicked on

2018-11-27 17:38:49 - [TEST_STEP][PASSED] - delay: Delayed 4 second(s)

2018-11-27 17:38:53 - [MESSAGE][PASSED] - Delayed 4 second(s)

2018-11-27 17:38:53 - [TEST_STEP][PASSED] - callTestCase: Call Test Case 'Test Cases/Final Aug 2018 - PKS Automation/Common/Reference Number Getter' successfully

2018-11-27 17:38:53 - [TEST_CASE][PASSED] - Test Cases/Final Aug 2018 - PKS Automation/Common/Reference Number Getter: Test Cases/Final Aug 2018 - PKS Automation/Common/Reference Number Getter

2018-11-27 17:38:53 - [TEST_STEP][PASSED] - Statement - Try: null

2018-11-27 17:38:53 - [TEST_STEP][PASSED] - Statement - RefNo = new java.io.File(C://Users//Admin//Desktop//PKS//Automation Reference Point//KatalonReference.txt): null

2018-11-27 17:38:53 - [TEST_STEP][PASSED] - Statement - bufferread = new java.io.BufferedReader(new java.io.FileReader(RefNo)): null

2018-11-27 17:38:53 - [TEST_STEP][PASSED] - Statement - readedVal = bufferread.readLine(): null

2018-11-27 17:38:53 - [TEST_STEP][PASSED] - Statement - out.println(CaseReferenceNo): null

2018-11-27 17:38:53 - [TEST_STEP][PASSED] - Statement - out.println(readedVal): null

2018-11-27 17:38:53 - [TEST_STEP][PASSED] - Statement - CaseReferenceNo = "": null

2018-11-27 17:38:53 - [TEST_STEP][PASSED] - Statement - CaseReferenceNo = readedVal: null

2018-11-27 17:38:53 - [MESSAGE][PASSED] - Call Test Case 'Test Cases/Final Aug 2018 - PKS Automation/Common/Reference Number Getter' successfully

2018-11-27 17:38:53 - [TEST_STEP][PASSED] - click: Object: 'Object Repository/Final Object Repo/Page_Update Add New Employee - ASSIST/Save  Continue Third Screen' is clicked on

2018-11-27 17:38:56 - [MESSAGE][PASSED] - Object: 'Object Repository/Final Object Repo/Page_Update Add New Employee - ASSIST/Save  Continue Third Screen' is clicked on

2018-11-27 17:38:56 - [TEST_STEP][PASSED] - delay: Delayed 4 second(s)

2018-11-27 17:39:00 - [MESSAGE][PASSED] - Delayed 4 second(s)

2018-11-27 17:39:00 - [TEST_STEP][PASSED] - click: Object: 'Object Repository/Final Object Repo/Page_Update Add New Employee - ASSIST/Save   Continue Supporting Doc Page' is clicked on

2018-11-27 17:39:01 - [MESSAGE][PASSED] - Object: 'Object Repository/Final Object Repo/Page_Update Add New Employee - ASSIST/Save   Continue Supporting Doc Page' is clicked on

2018-11-27 17:39:01 - [TEST_STEP][PASSED] - delay: Delayed 4 second(s)

2018-11-27 17:39:05 - [MESSAGE][PASSED] - Delayed 4 second(s)

2018-11-27 17:39:05 - [TEST_STEP][PASSED] - click: Object: 'Object Repository/Final Object Repo/Page_Update Add New Employee - ASSIST/Submit Button' is clicked on

2018-11-27 17:39:05 - [MESSAGE][PASSED] - Object: 'Object Repository/Final Object Repo/Page_Update Add New Employee - ASSIST/Submit Button' is clicked on

2018-11-27 17:39:05 - [TEST_STEP][PASSED] - delay: Delayed 4 second(s)

2018-11-27 17:39:09 - [MESSAGE][PASSED] - Delayed 4 second(s)

2018-11-27 17:39:09 - [TEST_STEP][PASSED] - click: Object: 'Object Repository/Final Object Repo/Page_Update Add New Employee - ASSIST/Confirm Submit Button' is clicked on

2018-11-27 17:39:09 - [MESSAGE][PASSED] - Object: 'Object Repository/Final Object Repo/Page_Update Add New Employee - ASSIST/Confirm Submit Button' is clicked on

2018-11-27 17:39:09 - [TEST_STEP][PASSED] - delay: Delayed 20 second(s)

2018-11-27 17:39:29 - [MESSAGE][PASSED] - Delayed 20 second(s)

2018-11-27 17:39:29 - [TEST_STEP][PASSED] - callTestCase: Call Test Case 'Test Cases/Final Aug 2018 - PKS Automation/Common/Screenshoting tool' successfully

2018-11-27 17:39:29 - [TEST_CASE][PASSED] - Test Cases/Final Aug 2018 - PKS Automation/Common/Screenshoting tool: Test Cases/Final Aug 2018 - PKS Automation/Common/Screenshoting tool

2018-11-27 17:39:29 - [TEST_STEP][PASSED] - delay: Delayed 15 second(s)

2018-11-27 17:39:44 - [MESSAGE][PASSED] - Delayed 15 second(s)

2018-11-27 17:39:44 - [TEST_STEP][PASSED] - Statement - driver = com.kms.katalon.core.webui.driver.DriverFactory.getWebDriver(): null

2018-11-27 17:39:44 - [TEST_STEP][PASSED] - Statement - driver.manage().timeouts().implicitlyWait(10, SECONDS): null

2018-11-27 17:39:44 - [TEST_STEP][PASSED] - Statement - PresavePath = KatalonScreenshots: null

2018-11-27 17:39:44 - [TEST_STEP][PASSED] - Statement - pathPrefix = "C:\Users\Public\Pictures\Sample Pictures\Katalon Screenshots\Automate Ending Screen": null

2018-11-27 17:39:44 - [TEST_STEP][PASSED] - Statement - finalPath = <not implemented yet for class: org.codehaus.groovy.ast.expr.EmptyExpression>: null

2018-11-27 17:39:44 - [TEST_STEP][PASSED] - Statement - scrFile = driver.getScreenshotAs(FILE): null

2018-11-27 17:39:44 - [TEST_STEP][PASSED] - Statement - PreSaveFile = new java.io.File(PresavePath): null

2018-11-27 17:39:44 - [TEST_STEP][PASSED] - Statement - counter = 0: null

2018-11-27 17:39:44 - [TEST_STEP][PASSED] - Statement - If (PreSaveFile.exists()): null

2018-11-27 17:39:44 - [TEST_STEP][PASSED] - Statement - While (PreSaveFile.exists()): null

2018-11-27 17:39:44 - [TEST_STEP][PASSED] - Statement - counter = counter + 1: null

2018-11-27 17:39:44 - [TEST_STEP][PASSED] - Statement - PreSaveFile = new java.io.File(((pathPrefix + java.lang.Integer.toString(counter)) + .png)): null

2018-11-27 17:39:44 - [TEST_STEP][PASSED] - Statement - counter = counter + 1: null

2018-11-27 17:39:44 - [TEST_STEP][PASSED] - Statement - PreSaveFile = new java.io.File(((pathPrefix + java.lang.Integer.toString(counter)) + .png)): null

2018-11-27 17:39:44 - [TEST_STEP][PASSED] - Statement - counter = counter + 1: null

2018-11-27 17:39:44 - [TEST_STEP][PASSED] - Statement - PreSaveFile = new java.io.File(((pathPrefix + java.lang.Integer.toString(counter)) + .png)): null

2018-11-27 17:39:44 - [TEST_STEP][PASSED] - Statement - counter = counter + 1: null

2018-11-27 17:39:44 - [TEST_STEP][PASSED] - Statement - PreSaveFile = new java.io.File(((pathPrefix + java.lang.Integer.toString(counter)) + .png)): null

2018-11-27 17:39:44 - [TEST_STEP][PASSED] - Statement - counter = counter + 1: null

2018-11-27 17:39:44 - [TEST_STEP][PASSED] - Statement - PreSaveFile = new java.io.File(((pathPrefix + java.lang.Integer.toString(counter)) + .png)): null

2018-11-27 17:39:44 - [TEST_STEP][PASSED] - Statement - counter = counter + 1: null

2018-11-27 17:39:44 - [TEST_STEP][PASSED] - Statement - PreSaveFile = new java.io.File(((pathPrefix + java.lang.Integer.toString(counter)) + .png)): null

2018-11-27 17:39:44 - [TEST_STEP][PASSED] - Statement - counter = counter + 1: null

2018-11-27 17:39:44 - [TEST_STEP][PASSED] - Statement - PreSaveFile = new java.io.File(((pathPrefix + java.lang.Integer.toString(counter)) + .png)): null

2018-11-27 17:39:44 - [TEST_STEP][PASSED] - Statement - counter = counter + 1: null

2018-11-27 17:39:44 - [TEST_STEP][PASSED] - Statement - PreSaveFile = new java.io.File(((pathPrefix + java.lang.Integer.toString(counter)) + .png)): null

2018-11-27 17:39:44 - [TEST_STEP][PASSED] - Statement - counter = counter + 1: null

2018-11-27 17:39:44 - [TEST_STEP][PASSED] - Statement - PreSaveFile = new java.io.File(((pathPrefix + java.lang.Integer.toString(counter)) + .png)): null

2018-11-27 17:39:44 - [TEST_STEP][PASSED] - Statement - counter = counter + 1: null

2018-11-27 17:39:44 - [TEST_STEP][PASSED] - Statement - PreSaveFile = new java.io.File(((pathPrefix + java.lang.Integer.toString(counter)) + .png)): null

2018-11-27 17:39:44 - [TEST_STEP][PASSED] - Statement - counter = counter + 1: null

2018-11-27 17:39:44 - [TEST_STEP][PASSED] - Statement - PreSaveFile = new java.io.File(((pathPrefix + java.lang.Integer.toString(counter)) + .png)): null

2018-11-27 17:39:44 - [TEST_STEP][PASSED] - Statement - counter = counter + 1: null

2018-11-27 17:39:44 - [TEST_STEP][PASSED] - Statement - PreSaveFile = new java.io.File(((pathPrefix + java.lang.Integer.toString(counter)) + .png)): null

2018-11-27 17:39:44 - [TEST_STEP][PASSED] - Statement - counter = counter + 1: null

2018-11-27 17:39:44 - [TEST_STEP][PASSED] - Statement - PreSaveFile = new java.io.File(((pathPrefix + java.lang.Integer.toString(counter)) + .png)): null

2018-11-27 17:39:44 - [TEST_STEP][PASSED] - Statement - counter = counter + 1: null

2018-11-27 17:39:44 - [TEST_STEP][PASSED] - Statement - PreSaveFile = new java.io.File(((pathPrefix + java.lang.Integer.toString(counter)) + .png)): null

2018-11-27 17:39:44 - [TEST_STEP][PASSED] - Statement - counter = counter + 1: null

2018-11-27 17:39:44 - [TEST_STEP][PASSED] - Statement - PreSaveFile = new java.io.File(((pathPrefix + java.lang.Integer.toString(counter)) + .png)): null

2018-11-27 17:39:44 - [TEST_STEP][PASSED] - Statement - counter = counter + 1: null

2018-11-27 17:39:44 - [TEST_STEP][PASSED] - Statement - PreSaveFile = new java.io.File(((pathPrefix + java.lang.Integer.toString(counter)) + .png)): null

2018-11-27 17:39:44 - [TEST_STEP][PASSED] - Statement - counter = counter + 1: null

2018-11-27 17:39:44 - [TEST_STEP][PASSED] - Statement - PreSaveFile = new java.io.File(((pathPrefix + java.lang.Integer.toString(counter)) + .png)): null

2018-11-27 17:39:44 - [TEST_STEP][PASSED] - Statement - counter = counter + 1: null

2018-11-27 17:39:44 - [TEST_STEP][PASSED] - Statement - PreSaveFile = new java.io.File(((pathPrefix + java.lang.Integer.toString(counter)) + .png)): null

2018-11-27 17:39:44 - [TEST_STEP][PASSED] - Statement - counter = counter + 1: null

2018-11-27 17:39:44 - [TEST_STEP][PASSED] - Statement - PreSaveFile = new java.io.File(((pathPrefix + java.lang.Integer.toString(counter)) + .png)): null

2018-11-27 17:39:44 - [TEST_STEP][PASSED] - Statement - counter = counter + 1: null

2018-11-27 17:39:44 - [TEST_STEP][PASSED] - Statement - PreSaveFile = new java.io.File(((pathPrefix + java.lang.Integer.toString(counter)) + .png)): null

2018-11-27 17:39:44 - [TEST_STEP][PASSED] - Statement - counter = counter + 1: null

2018-11-27 17:39:44 - [TEST_STEP][PASSED] - Statement - PreSaveFile = new java.io.File(((pathPrefix + java.lang.Integer.toString(counter)) + .png)): null

2018-11-27 17:39:44 - [TEST_STEP][PASSED] - Statement - counter = counter + 1: null

2018-11-27 17:39:44 - [TEST_STEP][PASSED] - Statement - PreSaveFile = new java.io.File(((pathPrefix + java.lang.Integer.toString(counter)) + .png)): null

2018-11-27 17:39:44 - [TEST_STEP][PASSED] - Statement - counter = counter + 1: null

2018-11-27 17:39:44 - [TEST_STEP][PASSED] - Statement - PreSaveFile = new java.io.File(((pathPrefix + java.lang.Integer.toString(counter)) + .png)): null

2018-11-27 17:39:44 - [TEST_STEP][PASSED] - Statement - counter = counter + 1: null

2018-11-27 17:39:44 - [TEST_STEP][PASSED] - Statement - PreSaveFile = new java.io.File(((pathPrefix + java.lang.Integer.toString(counter)) + .png)): null

2018-11-27 17:39:44 - [TEST_STEP][PASSED] - Statement - counter = counter + 1: null

2018-11-27 17:39:44 - [TEST_STEP][PASSED] - Statement - PreSaveFile = new java.io.File(((pathPrefix + java.lang.Integer.toString(counter)) + .png)): null

2018-11-27 17:39:44 - [TEST_STEP][PASSED] - Statement - counter = counter + 1: null

2018-11-27 17:39:44 - [TEST_STEP][PASSED] - Statement - PreSaveFile = new java.io.File(((pathPrefix + java.lang.Integer.toString(counter)) + .png)): null

2018-11-27 17:39:44 - [TEST_STEP][PASSED] - Statement - counter = counter + 1: null

2018-11-27 17:39:44 - [TEST_STEP][PASSED] - Statement - PreSaveFile = new java.io.File(((pathPrefix + java.lang.Integer.toString(counter)) + .png)): null

2018-11-27 17:39:44 - [TEST_STEP][PASSED] - Statement - counter = counter + 1: null

2018-11-27 17:39:44 - [TEST_STEP][PASSED] - Statement - PreSaveFile = new java.io.File(((pathPrefix + java.lang.Integer.toString(counter)) + .png)): null

2018-11-27 17:39:44 - [TEST_STEP][PASSED] - Statement - counter = counter + 1: null

2018-11-27 17:39:44 - [TEST_STEP][PASSED] - Statement - PreSaveFile = new java.io.File(((pathPrefix + java.lang.Integer.toString(counter)) + .png)): null

2018-11-27 17:39:44 - [TEST_STEP][PASSED] - Statement - counter = counter + 1: null

2018-11-27 17:39:44 - [TEST_STEP][PASSED] - Statement - PreSaveFile = new java.io.File(((pathPrefix + java.lang.Integer.toString(counter)) + .png)): null

2018-11-27 17:39:44 - [TEST_STEP][PASSED] - Statement - counter = counter + 1: null

2018-11-27 17:39:44 - [TEST_STEP][PASSED] - Statement - PreSaveFile = new java.io.File(((pathPrefix + java.lang.Integer.toString(counter)) + .png)): null

2018-11-27 17:39:44 - [TEST_STEP][PASSED] - Statement - counter = counter + 1: null

2018-11-27 17:39:44 - [TEST_STEP][PASSED] - Statement - PreSaveFile = new java.io.File(((pathPrefix + java.lang.Integer.toString(counter)) + .png)): null

2018-11-27 17:39:44 - [TEST_STEP][PASSED] - Statement - counter = counter + 1: null

2018-11-27 17:39:44 - [TEST_STEP][PASSED] - Statement - PreSaveFile = new java.io.File(((pathPrefix + java.lang.Integer.toString(counter)) + .png)): null

2018-11-27 17:39:44 - [TEST_STEP][PASSED] - Statement - counter = counter + 1: null

2018-11-27 17:39:44 - [TEST_STEP][PASSED] - Statement - PreSaveFile = new java.io.File(((pathPrefix + java.lang.Integer.toString(counter)) + .png)): null

2018-11-27 17:39:44 - [TEST_STEP][PASSED] - Statement - counter = counter + 1: null

2018-11-27 17:39:44 - [TEST_STEP][PASSED] - Statement - PreSaveFile = new java.io.File(((pathPrefix + java.lang.Integer.toString(counter)) + .png)): null

2018-11-27 17:39:44 - [TEST_STEP][PASSED] - Statement - counter = counter + 1: null

2018-11-27 17:39:44 - [TEST_STEP][PASSED] - Statement - PreSaveFile = new java.io.File(((pathPrefix + java.lang.Integer.toString(counter)) + .png)): null

2018-11-27 17:39:44 - [TEST_STEP][PASSED] - Statement - counter = counter + 1: null

2018-11-27 17:39:44 - [TEST_STEP][PASSED] - Statement - PreSaveFile = new java.io.File(((pathPrefix + java.lang.Integer.toString(counter)) + .png)): null

2018-11-27 17:39:44 - [TEST_STEP][PASSED] - Statement - counter = counter + 1: null

2018-11-27 17:39:44 - [TEST_STEP][PASSED] - Statement - PreSaveFile = new java.io.File(((pathPrefix + java.lang.Integer.toString(counter)) + .png)): null

2018-11-27 17:39:44 - [TEST_STEP][PASSED] - Statement - counter = counter + 1: null

2018-11-27 17:39:44 - [TEST_STEP][PASSED] - Statement - PreSaveFile = new java.io.File(((pathPrefix + java.lang.Integer.toString(counter)) + .png)): null

2018-11-27 17:39:44 - [TEST_STEP][PASSED] - Statement - counter = counter + 1: null

2018-11-27 17:39:44 - [TEST_STEP][PASSED] - Statement - PreSaveFile = new java.io.File(((pathPrefix + java.lang.Integer.toString(counter)) + .png)): null

2018-11-27 17:39:44 - [TEST_STEP][PASSED] - Statement - counter = counter + 1: null

2018-11-27 17:39:44 - [TEST_STEP][PASSED] - Statement - PreSaveFile = new java.io.File(((pathPrefix + java.lang.Integer.toString(counter)) + .png)): null

2018-11-27 17:39:44 - [TEST_STEP][PASSED] - Statement - counter = counter + 1: null

2018-11-27 17:39:44 - [TEST_STEP][PASSED] - Statement - PreSaveFile = new java.io.File(((pathPrefix + java.lang.Integer.toString(counter)) + .png)): null

2018-11-27 17:39:44 - [TEST_STEP][PASSED] - Statement - counter = counter + 1: null

2018-11-27 17:39:44 - [TEST_STEP][PASSED] - Statement - PreSaveFile = new java.io.File(((pathPrefix + java.lang.Integer.toString(counter)) + .png)): null

2018-11-27 17:39:44 - [TEST_STEP][PASSED] - Statement - counter = counter + 1: null

2018-11-27 17:39:44 - [TEST_STEP][PASSED] - Statement - PreSaveFile = new java.io.File(((pathPrefix + java.lang.Integer.toString(counter)) + .png)): null

2018-11-27 17:39:44 - [TEST_STEP][PASSED] - Statement - counter = counter + 1: null

2018-11-27 17:39:44 - [TEST_STEP][PASSED] - Statement - PreSaveFile = new java.io.File(((pathPrefix + java.lang.Integer.toString(counter)) + .png)): null

2018-11-27 17:39:44 - [TEST_STEP][PASSED] - Statement - counter = counter + 1: null

2018-11-27 17:39:44 - [TEST_STEP][PASSED] - Statement - PreSaveFile = new java.io.File(((pathPrefix + java.lang.Integer.toString(counter)) + .png)): null

2018-11-27 17:39:44 - [TEST_STEP][PASSED] - Statement - counter = counter + 1: null

2018-11-27 17:39:45 - [TEST_STEP][PASSED] - Statement - PreSaveFile = new java.io.File(((pathPrefix + java.lang.Integer.toString(counter)) + .png)): null

2018-11-27 17:39:45 - [TEST_STEP][PASSED] - Statement - counter = counter + 1: null

2018-11-27 17:39:45 - [TEST_STEP][PASSED] - Statement - PreSaveFile = new java.io.File(((pathPrefix + java.lang.Integer.toString(counter)) + .png)): null

2018-11-27 17:39:45 - [TEST_STEP][PASSED] - Statement - counter = counter + 1: null

2018-11-27 17:39:45 - [TEST_STEP][PASSED] - Statement - PreSaveFile = new java.io.File(((pathPrefix + java.lang.Integer.toString(counter)) + .png)): null

2018-11-27 17:39:45 - [TEST_STEP][PASSED] - Statement - counter = counter + 1: null

2018-11-27 17:39:45 - [TEST_STEP][PASSED] - Statement - PreSaveFile = new java.io.File(((pathPrefix + java.lang.Integer.toString(counter)) + .png)): null

2018-11-27 17:39:45 - [TEST_STEP][PASSED] - Statement - counter = counter + 1: null

2018-11-27 17:39:45 - [TEST_STEP][PASSED] - Statement - PreSaveFile = new java.io.File(((pathPrefix + java.lang.Integer.toString(counter)) + .png)): null

2018-11-27 17:39:45 - [TEST_STEP][PASSED] - Statement - counter = counter + 1: null

2018-11-27 17:39:45 - [TEST_STEP][PASSED] - Statement - PreSaveFile = new java.io.File(((pathPrefix + java.lang.Integer.toString(counter)) + .png)): null

2018-11-27 17:39:45 - [TEST_STEP][PASSED] - Statement - counter = counter + 1: null

2018-11-27 17:39:45 - [TEST_STEP][PASSED] - Statement - PreSaveFile = new java.io.File(((pathPrefix + java.lang.Integer.toString(counter)) + .png)): null

2018-11-27 17:39:45 - [TEST_STEP][PASSED] - Statement - counter = counter + 1: null

2018-11-27 17:39:45 - [TEST_STEP][PASSED] - Statement - PreSaveFile = new java.io.File(((pathPrefix + java.lang.Integer.toString(counter)) + .png)): null

2018-11-27 17:39:45 - [TEST_STEP][PASSED] - Statement - counter = counter + 1: null

2018-11-27 17:39:45 - [TEST_STEP][PASSED] - Statement - PreSaveFile = new java.io.File(((pathPrefix + java.lang.Integer.toString(counter)) + .png)): null

2018-11-27 17:39:45 - [TEST_STEP][PASSED] - Statement - counter = counter + 1: null

2018-11-27 17:39:45 - [TEST_STEP][PASSED] - Statement - PreSaveFile = new java.io.File(((pathPrefix + java.lang.Integer.toString(counter)) + .png)): null

2018-11-27 17:39:45 - [TEST_STEP][PASSED] - Statement - counter = counter + 1: null

2018-11-27 17:39:45 - [TEST_STEP][PASSED] - Statement - PreSaveFile = new java.io.File(((pathPrefix + java.lang.Integer.toString(counter)) + .png)): null

2018-11-27 17:39:45 - [TEST_STEP][PASSED] - Statement - counter = counter + 1: null

2018-11-27 17:39:45 - [TEST_STEP][PASSED] - Statement - PreSaveFile = new java.io.File(((pathPrefix + java.lang.Integer.toString(counter)) + .png)): null

2018-11-27 17:39:45 - [TEST_STEP][PASSED] - Statement - counter = counter + 1: null

2018-11-27 17:39:45 - [TEST_STEP][PASSED] - Statement - PreSaveFile = new java.io.File(((pathPrefix + java.lang.Integer.toString(counter)) + .png)): null

2018-11-27 17:39:45 - [TEST_STEP][PASSED] - Statement - counter = counter + 1: null

2018-11-27 17:39:45 - [TEST_STEP][PASSED] - Statement - PreSaveFile = new java.io.File(((pathPrefix + java.lang.Integer.toString(counter)) + .png)): null

2018-11-27 17:39:45 - [TEST_STEP][PASSED] - Statement - counter = counter + 1: null

2018-11-27 17:39:45 - [TEST_STEP][PASSED] - Statement - PreSaveFile = new java.io.File(((pathPrefix + java.lang.Integer.toString(counter)) + .png)): null

2018-11-27 17:39:45 - [TEST_STEP][PASSED] - Statement - counter = counter + 1: null

2018-11-27 17:39:45 - [TEST_STEP][PASSED] - Statement - PreSaveFile = new java.io.File(((pathPrefix + java.lang.Integer.toString(counter)) + .png)): null

2018-11-27 17:39:45 - [TEST_STEP][PASSED] - Statement - counter = counter + 1: null

2018-11-27 17:39:45 - [TEST_STEP][PASSED] - Statement - PreSaveFile = new java.io.File(((pathPrefix + java.lang.Integer.toString(counter)) + .png)): null

2018-11-27 17:39:45 - [TEST_STEP][PASSED] - Statement - counter = counter + 1: null

2018-11-27 17:39:45 - [TEST_STEP][PASSED] - Statement - PreSaveFile = new java.io.File(((pathPrefix + java.lang.Integer.toString(counter)) + .png)): null

2018-11-27 17:39:45 - [TEST_STEP][PASSED] - Statement - counter = counter + 1: null

2018-11-27 17:39:45 - [TEST_STEP][PASSED] - Statement - PreSaveFile = new java.io.File(((pathPrefix + java.lang.Integer.toString(counter)) + .png)): null

2018-11-27 17:39:45 - [TEST_STEP][PASSED] - Statement - counter = counter + 1: null

2018-11-27 17:39:45 - [TEST_STEP][PASSED] - Statement - PreSaveFile = new java.io.File(((pathPrefix + java.lang.Integer.toString(counter)) + .png)): null

2018-11-27 17:39:45 - [TEST_STEP][PASSED] - Statement - counter = counter + 1: null

2018-11-27 17:39:45 - [TEST_STEP][PASSED] - Statement - PreSaveFile = new java.io.File(((pathPrefix + java.lang.Integer.toString(counter)) + .png)): null

2018-11-27 17:39:45 - [TEST_STEP][PASSED] - Statement - counter = counter + 1: null

2018-11-27 17:39:45 - [TEST_STEP][PASSED] - Statement - PreSaveFile = new java.io.File(((pathPrefix + java.lang.Integer.toString(counter)) + .png)): null

2018-11-27 17:39:45 - [TEST_STEP][PASSED] - Statement - counter = counter + 1: null

2018-11-27 17:39:45 - [TEST_STEP][PASSED] - Statement - PreSaveFile = new java.io.File(((pathPrefix + java.lang.Integer.toString(counter)) + .png)): null

2018-11-27 17:39:45 - [TEST_STEP][PASSED] - Statement - counter = counter + 1: null

2018-11-27 17:39:45 - [TEST_STEP][PASSED] - Statement - PreSaveFile = new java.io.File(((pathPrefix + java.lang.Integer.toString(counter)) + .png)): null

2018-11-27 17:39:45 - [TEST_STEP][PASSED] - Statement - counter = counter + 1: null

2018-11-27 17:39:45 - [TEST_STEP][PASSED] - Statement - PreSaveFile = new java.io.File(((pathPrefix + java.lang.Integer.toString(counter)) + .png)): null

2018-11-27 17:39:45 - [TEST_STEP][PASSED] - Statement - counter = counter + 1: null

2018-11-27 17:39:45 - [TEST_STEP][PASSED] - Statement - PreSaveFile = new java.io.File(((pathPrefix + java.lang.Integer.toString(counter)) + .png)): null

2018-11-27 17:39:45 - [TEST_STEP][PASSED] - Statement - counter = counter + 1: null

2018-11-27 17:39:45 - [TEST_STEP][PASSED] - Statement - PreSaveFile = new java.io.File(((pathPrefix + java.lang.Integer.toString(counter)) + .png)): null

2018-11-27 17:39:45 - [TEST_STEP][PASSED] - Statement - counter = counter + 1: null

2018-11-27 17:39:45 - [TEST_STEP][PASSED] - Statement - PreSaveFile = new java.io.File(((pathPrefix + java.lang.Integer.toString(counter)) + .png)): null

2018-11-27 17:39:45 - [TEST_STEP][PASSED] - Statement - counter = counter + 1: null

2018-11-27 17:39:45 - [TEST_STEP][PASSED] - Statement - PreSaveFile = new java.io.File(((pathPrefix + java.lang.Integer.toString(counter)) + .png)): null

2018-11-27 17:39:45 - [TEST_STEP][PASSED] - Statement - counter = counter + 1: null

2018-11-27 17:39:45 - [TEST_STEP][PASSED] - Statement - PreSaveFile = new java.io.File(((pathPrefix + java.lang.Integer.toString(counter)) + .png)): null

2018-11-27 17:39:45 - [TEST_STEP][PASSED] - Statement - counter = counter + 1: null

2018-11-27 17:39:45 - [TEST_STEP][PASSED] - Statement - PreSaveFile = new java.io.File(((pathPrefix + java.lang.Integer.toString(counter)) + .png)): null

2018-11-27 17:39:45 - [TEST_STEP][PASSED] - Statement - counter = counter + 1: null

2018-11-27 17:39:45 - [TEST_STEP][PASSED] - Statement - PreSaveFile = new java.io.File(((pathPrefix + java.lang.Integer.toString(counter)) + .png)): null

2018-11-27 17:39:45 - [TEST_STEP][PASSED] - Statement - counter = counter + 1: null

2018-11-27 17:39:45 - [TEST_STEP][PASSED] - Statement - PreSaveFile = new java.io.File(((pathPrefix + java.lang.Integer.toString(counter)) + .png)): null

2018-11-27 17:39:45 - [TEST_STEP][PASSED] - Statement - counter = counter + 1: null

2018-11-27 17:39:45 - [TEST_STEP][PASSED] - Statement - PreSaveFile = new java.io.File(((pathPrefix + java.lang.Integer.toString(counter)) + .png)): null

2018-11-27 17:39:45 - [TEST_STEP][PASSED] - Statement - counter = counter + 1: null

2018-11-27 17:39:45 - [TEST_STEP][PASSED] - Statement - PreSaveFile = new java.io.File(((pathPrefix + java.lang.Integer.toString(counter)) + .png)): null

2018-11-27 17:39:45 - [TEST_STEP][PASSED] - Statement - counter = counter + 1: null

2018-11-27 17:39:45 - [TEST_STEP][PASSED] - Statement - PreSaveFile = new java.io.File(((pathPrefix + java.lang.Integer.toString(counter)) + .png)): null

2018-11-27 17:39:45 - [TEST_STEP][PASSED] - Statement - counter = counter + 1: null

2018-11-27 17:39:45 - [TEST_STEP][PASSED] - Statement - PreSaveFile = new java.io.File(((pathPrefix + java.lang.Integer.toString(counter)) + .png)): null

2018-11-27 17:39:45 - [TEST_STEP][PASSED] - Statement - counter = counter + 1: null

2018-11-27 17:39:45 - [TEST_STEP][PASSED] - Statement - PreSaveFile = new java.io.File(((pathPrefix + java.lang.Integer.toString(counter)) + .png)): null

2018-11-27 17:39:45 - [TEST_STEP][PASSED] - Statement - counter = counter + 1: null

2018-11-27 17:39:45 - [TEST_STEP][PASSED] - Statement - PreSaveFile = new java.io.File(((pathPrefix + java.lang.Integer.toString(counter)) + .png)): null

2018-11-27 17:39:45 - [TEST_STEP][PASSED] - Statement - counter = counter + 1: null

2018-11-27 17:39:45 - [TEST_STEP][PASSED] - Statement - PreSaveFile = new java.io.File(((pathPrefix + java.lang.Integer.toString(counter)) + .png)): null

2018-11-27 17:39:45 - [TEST_STEP][PASSED] - Statement - counter = counter + 1: null

2018-11-27 17:39:45 - [TEST_STEP][PASSED] - Statement - PreSaveFile = new java.io.File(((pathPrefix + java.lang.Integer.toString(counter)) + .png)): null

2018-11-27 17:39:45 - [TEST_STEP][PASSED] - Statement - counter = counter + 1: null

2018-11-27 17:39:45 - [TEST_STEP][PASSED] - Statement - PreSaveFile = new java.io.File(((pathPrefix + java.lang.Integer.toString(counter)) + .png)): null

2018-11-27 17:39:45 - [TEST_STEP][PASSED] - Statement - counter = counter + 1: null

2018-11-27 17:39:45 - [TEST_STEP][PASSED] - Statement - PreSaveFile = new java.io.File(((pathPrefix + java.lang.Integer.toString(counter)) + .png)): null

2018-11-27 17:39:45 - [TEST_STEP][PASSED] - Statement - counter = counter + 1: null

2018-11-27 17:39:45 - [TEST_STEP][PASSED] - Statement - PreSaveFile = new java.io.File(((pathPrefix + java.lang.Integer.toString(counter)) + .png)): null

2018-11-27 17:39:45 - [TEST_STEP][PASSED] - Statement - counter = counter + 1: null

2018-11-27 17:39:45 - [TEST_STEP][PASSED] - Statement - PreSaveFile = new java.io.File(((pathPrefix + java.lang.Integer.toString(counter)) + .png)): null

2018-11-27 17:39:45 - [TEST_STEP][PASSED] - Statement - counter = counter + 1: null

2018-11-27 17:39:45 - [TEST_STEP][PASSED] - Statement - PreSaveFile = new java.io.File(((pathPrefix + java.lang.Integer.toString(counter)) + .png)): null

2018-11-27 17:39:45 - [TEST_STEP][PASSED] - Statement - counter = counter + 1: null

2018-11-27 17:39:45 - [TEST_STEP][PASSED] - Statement - PreSaveFile = new java.io.File(((pathPrefix + java.lang.Integer.toString(counter)) + .png)): null

2018-11-27 17:39:45 - [TEST_STEP][PASSED] - Statement - counter = counter + 1: null

2018-11-27 17:39:45 - [TEST_STEP][PASSED] - Statement - PreSaveFile = new java.io.File(((pathPrefix + java.lang.Integer.toString(counter)) + .png)): null

2018-11-27 17:39:45 - [TEST_STEP][PASSED] - Statement - counter = counter + 1: null

2018-11-27 17:39:45 - [TEST_STEP][PASSED] - Statement - PreSaveFile = new java.io.File(((pathPrefix + java.lang.Integer.toString(counter)) + .png)): null

2018-11-27 17:39:45 - [TEST_STEP][PASSED] - Statement - counter = counter + 1: null

2018-11-27 17:39:45 - [TEST_STEP][PASSED] - Statement - PreSaveFile = new java.io.File(((pathPrefix + java.lang.Integer.toString(counter)) + .png)): null

2018-11-27 17:39:45 - [TEST_STEP][PASSED] - Statement - counter = counter + 1: null

2018-11-27 17:39:45 - [TEST_STEP][PASSED] - Statement - PreSaveFile = new java.io.File(((pathPrefix + java.lang.Integer.toString(counter)) + .png)): null

2018-11-27 17:39:45 - [TEST_STEP][PASSED] - Statement - counter = counter + 1: null

2018-11-27 17:39:45 - [TEST_STEP][PASSED] - Statement - PreSaveFile = new java.io.File(((pathPrefix + java.lang.Integer.toString(counter)) + .png)): null

2018-11-27 17:39:45 - [TEST_STEP][PASSED] - Statement - counter = counter + 1: null

2018-11-27 17:39:45 - [TEST_STEP][PASSED] - Statement - PreSaveFile = new java.io.File(((pathPrefix + java.lang.Integer.toString(counter)) + .png)): null

2018-11-27 17:39:45 - [TEST_STEP][PASSED] - Statement - counter = counter + 1: null

2018-11-27 17:39:45 - [TEST_STEP][PASSED] - Statement - PreSaveFile = new java.io.File(((pathPrefix + java.lang.Integer.toString(counter)) + .png)): null

2018-11-27 17:39:45 - [TEST_STEP][PASSED] - Statement - counter = counter + 1: null

2018-11-27 17:39:45 - [TEST_STEP][PASSED] - Statement - PreSaveFile = new java.io.File(((pathPrefix + java.lang.Integer.toString(counter)) + .png)): null

2018-11-27 17:39:45 - [TEST_STEP][PASSED] - Statement - counter = counter + 1: null

2018-11-27 17:39:45 - [TEST_STEP][PASSED] - Statement - PreSaveFile = new java.io.File(((pathPrefix + java.lang.Integer.toString(counter)) + .png)): null

2018-11-27 17:39:45 - [TEST_STEP][PASSED] - Statement - counter = counter + 1: null

2018-11-27 17:39:45 - [TEST_STEP][PASSED] - Statement - PreSaveFile = new java.io.File(((pathPrefix + java.lang.Integer.toString(counter)) + .png)): null

2018-11-27 17:39:45 - [TEST_STEP][PASSED] - Statement - counter = counter + 1: null

2018-11-27 17:39:45 - [TEST_STEP][PASSED] - Statement - PreSaveFile = new java.io.File(((pathPrefix + java.lang.Integer.toString(counter)) + .png)): null

2018-11-27 17:39:45 - [TEST_STEP][PASSED] - Statement - counter = counter + 1: null

2018-11-27 17:39:45 - [TEST_STEP][PASSED] - Statement - PreSaveFile = new java.io.File(((pathPrefix + java.lang.Integer.toString(counter)) + .png)): null

2018-11-27 17:39:45 - [TEST_STEP][PASSED] - Statement - counter = counter + 1: null

2018-11-27 17:39:45 - [TEST_STEP][PASSED] - Statement - PreSaveFile = new java.io.File(((pathPrefix + java.lang.Integer.toString(counter)) + .png)): null

2018-11-27 17:39:45 - [TEST_STEP][PASSED] - Statement - counter = counter + 1: null

2018-11-27 17:39:45 - [TEST_STEP][PASSED] - Statement - PreSaveFile = new java.io.File(((pathPrefix + java.lang.Integer.toString(counter)) + .png)): null

2018-11-27 17:39:45 - [TEST_STEP][PASSED] - Statement - counter = counter + 1: null

2018-11-27 17:39:45 - [TEST_STEP][PASSED] - Statement - PreSaveFile = new java.io.File(((pathPrefix + java.lang.Integer.toString(counter)) + .png)): null

2018-11-27 17:39:45 - [TEST_STEP][PASSED] - Statement - counter = counter + 1: null

2018-11-27 17:39:45 - [TEST_STEP][PASSED] - Statement - PreSaveFile = new java.io.File(((pathPrefix + java.lang.Integer.toString(counter)) + .png)): null

2018-11-27 17:39:45 - [TEST_STEP][PASSED] - Statement - counter = counter + 1: null

2018-11-27 17:39:45 - [TEST_STEP][PASSED] - Statement - PreSaveFile = new java.io.File(((pathPrefix + java.lang.Integer.toString(counter)) + .png)): null

2018-11-27 17:39:45 - [TEST_STEP][PASSED] - Statement - counter = counter + 1: null

2018-11-27 17:39:45 - [TEST_STEP][PASSED] - Statement - PreSaveFile = new java.io.File(((pathPrefix + java.lang.Integer.toString(counter)) + .png)): null

2018-11-27 17:39:45 - [TEST_STEP][PASSED] - Statement - counter = counter + 1: null

2018-11-27 17:39:45 - [TEST_STEP][PASSED] - Statement - PreSaveFile = new java.io.File(((pathPrefix + java.lang.Integer.toString(counter)) + .png)): null

2018-11-27 17:39:45 - [TEST_STEP][PASSED] - Statement - counter = counter + 1: null

2018-11-27 17:39:45 - [TEST_STEP][PASSED] - Statement - PreSaveFile = new java.io.File(((pathPrefix + java.lang.Integer.toString(counter)) + .png)): null

2018-11-27 17:39:45 - [TEST_STEP][PASSED] - Statement - counter = counter + 1: null

2018-11-27 17:39:45 - [TEST_STEP][PASSED] - Statement - PreSaveFile = new java.io.File(((pathPrefix + java.lang.Integer.toString(counter)) + .png)): null

2018-11-27 17:39:45 - [TEST_STEP][PASSED] - Statement - counter = counter + 1: null

2018-11-27 17:39:45 - [TEST_STEP][PASSED] - Statement - PreSaveFile = new java.io.File(((pathPrefix + java.lang.Integer.toString(counter)) + .png)): null

2018-11-27 17:39:45 - [TEST_STEP][PASSED] - Statement - counter = counter + 1: null

2018-11-27 17:39:45 - [TEST_STEP][PASSED] - Statement - PreSaveFile = new java.io.File(((pathPrefix + java.lang.Integer.toString(counter)) + .png)): null

2018-11-27 17:39:45 - [TEST_STEP][PASSED] - Statement - counter = counter + 1: null

2018-11-27 17:39:45 - [TEST_STEP][PASSED] - Statement - PreSaveFile = new java.io.File(((pathPrefix + java.lang.Integer.toString(counter)) + .png)): null

2018-11-27 17:39:45 - [TEST_STEP][PASSED] - Statement - counter = counter + 1: null

2018-11-27 17:39:45 - [TEST_STEP][PASSED] - Statement - PreSaveFile = new java.io.File(((pathPrefix + java.lang.Integer.toString(counter)) + .png)): null

2018-11-27 17:39:45 - [TEST_STEP][PASSED] - Statement - counter = counter + 1: null

2018-11-27 17:39:45 - [TEST_STEP][PASSED] - Statement - PreSaveFile = new java.io.File(((pathPrefix + java.lang.Integer.toString(counter)) + .png)): null

2018-11-27 17:39:45 - [TEST_STEP][PASSED] - Statement - counter = counter + 1: null

2018-11-27 17:39:45 - [TEST_STEP][PASSED] - Statement - PreSaveFile = new java.io.File(((pathPrefix + java.lang.Integer.toString(counter)) + .png)): null

2018-11-27 17:39:45 - [TEST_STEP][PASSED] - Statement - counter = counter + 1: null

2018-11-27 17:39:45 - [TEST_STEP][PASSED] - Statement - PreSaveFile = new java.io.File(((pathPrefix + java.lang.Integer.toString(counter)) + .png)): null

2018-11-27 17:39:45 - [TEST_STEP][PASSED] - Statement - counter = counter + 1: null

2018-11-27 17:39:45 - [TEST_STEP][PASSED] - Statement - PreSaveFile = new java.io.File(((pathPrefix + java.lang.Integer.toString(counter)) + .png)): null

2018-11-27 17:39:45 - [TEST_STEP][PASSED] - Statement - counter = counter + 1: null

2018-11-27 17:39:45 - [TEST_STEP][PASSED] - Statement - PreSaveFile = new java.io.File(((pathPrefix + java.lang.Integer.toString(counter)) + .png)): null

2018-11-27 17:39:45 - [TEST_STEP][PASSED] - Statement - counter = counter + 1: null

2018-11-27 17:39:45 - [TEST_STEP][PASSED] - Statement - PreSaveFile = new java.io.File(((pathPrefix + java.lang.Integer.toString(counter)) + .png)): null

2018-11-27 17:39:45 - [TEST_STEP][PASSED] - Statement - counter = counter + 1: null

2018-11-27 17:39:45 - [TEST_STEP][PASSED] - Statement - PreSaveFile = new java.io.File(((pathPrefix + java.lang.Integer.toString(counter)) + .png)): null

2018-11-27 17:39:45 - [TEST_STEP][PASSED] - Statement - counter = counter + 1: null

2018-11-27 17:39:45 - [TEST_STEP][PASSED] - Statement - PreSaveFile = new java.io.File(((pathPrefix + java.lang.Integer.toString(counter)) + .png)): null

2018-11-27 17:39:45 - [TEST_STEP][PASSED] - Statement - counter = counter + 1: null

2018-11-27 17:39:45 - [TEST_STEP][PASSED] - Statement - PreSaveFile = new java.io.File(((pathPrefix + java.lang.Integer.toString(counter)) + .png)): null

2018-11-27 17:39:45 - [TEST_STEP][PASSED] - Statement - counter = counter + 1: null

2018-11-27 17:39:45 - [TEST_STEP][PASSED] - Statement - PreSaveFile = new java.io.File(((pathPrefix + java.lang.Integer.toString(counter)) + .png)): null

2018-11-27 17:39:45 - [TEST_STEP][PASSED] - Statement - counter = counter + 1: null

2018-11-27 17:39:45 - [TEST_STEP][PASSED] - Statement - PreSaveFile = new java.io.File(((pathPrefix + java.lang.Integer.toString(counter)) + .png)): null

2018-11-27 17:39:45 - [TEST_STEP][PASSED] - Statement - counter = counter + 1: null

2018-11-27 17:39:45 - [TEST_STEP][PASSED] - Statement - PreSaveFile = new java.io.File(((pathPrefix + java.lang.Integer.toString(counter)) + .png)): null

2018-11-27 17:39:45 - [TEST_STEP][PASSED] - Statement - counter = counter + 1: null

2018-11-27 17:39:45 - [TEST_STEP][PASSED] - Statement - PreSaveFile = new java.io.File(((pathPrefix + java.lang.Integer.toString(counter)) + .png)): null

2018-11-27 17:39:45 - [TEST_STEP][PASSED] - Statement - counter = counter + 1: null

2018-11-27 17:39:45 - [TEST_STEP][PASSED] - Statement - PreSaveFile = new java.io.File(((pathPrefix + java.lang.Integer.toString(counter)) + .png)): null

2018-11-27 17:39:45 - [TEST_STEP][PASSED] - Statement - counter = counter + 1: null

2018-11-27 17:39:45 - [TEST_STEP][PASSED] - Statement - PreSaveFile = new java.io.File(((pathPrefix + java.lang.Integer.toString(counter)) + .png)): null

2018-11-27 17:39:45 - [TEST_STEP][PASSED] - Statement - counter = counter + 1: null

2018-11-27 17:39:45 - [TEST_STEP][PASSED] - Statement - PreSaveFile = new java.io.File(((pathPrefix + java.lang.Integer.toString(counter)) + .png)): null

2018-11-27 17:39:45 - [TEST_STEP][PASSED] - Statement - counter = counter + 1: null

2018-11-27 17:39:45 - [TEST_STEP][PASSED] - Statement - PreSaveFile = new java.io.File(((pathPrefix + java.lang.Integer.toString(counter)) + .png)): null

2018-11-27 17:39:45 - [TEST_STEP][PASSED] - Statement - counter = counter + 1: null

2018-11-27 17:39:45 - [TEST_STEP][PASSED] - Statement - PreSaveFile = new java.io.File(((pathPrefix + java.lang.Integer.toString(counter)) + .png)): null

2018-11-27 17:39:45 - [TEST_STEP][PASSED] - Statement - counter = counter + 1: null

2018-11-27 17:39:45 - [TEST_STEP][PASSED] - Statement - PreSaveFile = new java.io.File(((pathPrefix + java.lang.Integer.toString(counter)) + .png)): null

2018-11-27 17:39:45 - [TEST_STEP][PASSED] - Statement - counter = counter + 1: null

2018-11-27 17:39:45 - [TEST_STEP][PASSED] - Statement - PreSaveFile = new java.io.File(((pathPrefix + java.lang.Integer.toString(counter)) + .png)): null

2018-11-27 17:39:45 - [TEST_STEP][PASSED] - Statement - counter = counter + 1: null

2018-11-27 17:39:45 - [TEST_STEP][PASSED] - Statement - PreSaveFile = new java.io.File(((pathPrefix + java.lang.Integer.toString(counter)) + .png)): null

2018-11-27 17:39:45 - [TEST_STEP][PASSED] - Statement - counter = counter + 1: null

2018-11-27 17:39:45 - [TEST_STEP][PASSED] - Statement - PreSaveFile = new java.io.File(((pathPrefix + java.lang.Integer.toString(counter)) + .png)): null

2018-11-27 17:39:45 - [TEST_STEP][PASSED] - Statement - counter = counter + 1: null

2018-11-27 17:39:45 - [TEST_STEP][PASSED] - Statement - PreSaveFile = new java.io.File(((pathPrefix + java.lang.Integer.toString(counter)) + .png)): null

2018-11-27 17:39:45 - [TEST_STEP][PASSED] - Statement - counter = counter + 1: null

2018-11-27 17:39:45 - [TEST_STEP][PASSED] - Statement - PreSaveFile = new java.io.File(((pathPrefix + java.lang.Integer.toString(counter)) + .png)): null

2018-11-27 17:39:45 - [TEST_STEP][PASSED] - Statement - counter = counter + 1: null

2018-11-27 17:39:45 - [TEST_STEP][PASSED] - Statement - PreSaveFile = new java.io.File(((pathPrefix + java.lang.Integer.toString(counter)) + .png)): null

2018-11-27 17:39:45 - [TEST_STEP][PASSED] - Statement - counter = counter + 1: null

2018-11-27 17:39:45 - [TEST_STEP][PASSED] - Statement - PreSaveFile = new java.io.File(((pathPrefix + java.lang.Integer.toString(counter)) + .png)): null

2018-11-27 17:39:45 - [TEST_STEP][PASSED] - Statement - counter = counter + 1: null

2018-11-27 17:39:45 - [TEST_STEP][PASSED] - Statement - PreSaveFile = new java.io.File(((pathPrefix + java.lang.Integer.toString(counter)) + .png)): null

2018-11-27 17:39:45 - [TEST_STEP][PASSED] - Statement - counter = counter + 1: null

2018-11-27 17:39:45 - [TEST_STEP][PASSED] - Statement - PreSaveFile = new java.io.File(((pathPrefix + java.lang.Integer.toString(counter)) + .png)): null

2018-11-27 17:39:45 - [TEST_STEP][PASSED] - Statement - counter = counter + 1: null

2018-11-27 17:39:45 - [TEST_STEP][PASSED] - Statement - PreSaveFile = new java.io.File(((pathPrefix + java.lang.Integer.toString(counter)) + .png)): null

2018-11-27 17:39:45 - [TEST_STEP][PASSED] - Statement - counter = counter + 1: null

2018-11-27 17:39:45 - [TEST_STEP][PASSED] - Statement - PreSaveFile = new java.io.File(((pathPrefix + java.lang.Integer.toString(counter)) + .png)): null

2018-11-27 17:39:45 - [TEST_STEP][PASSED] - Statement - counter = counter + 1: null

2018-11-27 17:39:45 - [TEST_STEP][PASSED] - Statement - PreSaveFile = new java.io.File(((pathPrefix + java.lang.Integer.toString(counter)) + .png)): null

2018-11-27 17:39:45 - [TEST_STEP][PASSED] - Statement - counter = counter + 1: null

2018-11-27 17:39:45 - [TEST_STEP][PASSED] - Statement - PreSaveFile = new java.io.File(((pathPrefix + java.lang.Integer.toString(counter)) + .png)): null

2018-11-27 17:39:45 - [TEST_STEP][PASSED] - Statement - counter = counter + 1: null

2018-11-27 17:39:45 - [TEST_STEP][PASSED] - Statement - PreSaveFile = new java.io.File(((pathPrefix + java.lang.Integer.toString(counter)) + .png)): null

2018-11-27 17:39:45 - [TEST_STEP][PASSED] - Statement - counter = counter + 1: null

2018-11-27 17:39:45 - [TEST_STEP][PASSED] - Statement - PreSaveFile = new java.io.File(((pathPrefix + java.lang.Integer.toString(counter)) + .png)): null

2018-11-27 17:39:45 - [TEST_STEP][PASSED] - Statement - counter = counter + 1: null

2018-11-27 17:39:45 - [TEST_STEP][PASSED] - Statement - PreSaveFile = new java.io.File(((pathPrefix + java.lang.Integer.toString(counter)) + .png)): null

2018-11-27 17:39:45 - [TEST_STEP][PASSED] - Statement - counter = counter + 1: null

2018-11-27 17:39:45 - [TEST_STEP][PASSED] - Statement - PreSaveFile = new java.io.File(((pathPrefix + java.lang.Integer.toString(counter)) + .png)): null

2018-11-27 17:39:45 - [TEST_STEP][PASSED] - Statement - counter = counter + 1: null

2018-11-27 17:39:45 - [TEST_STEP][PASSED] - Statement - PreSaveFile = new java.io.File(((pathPrefix + java.lang.Integer.toString(counter)) + .png)): null

2018-11-27 17:39:45 - [TEST_STEP][PASSED] - Statement - counter = counter + 1: null

2018-11-27 17:39:45 - [TEST_STEP][PASSED] - Statement - PreSaveFile = new java.io.File(((pathPrefix + java.lang.Integer.toString(counter)) + .png)): null

2018-11-27 17:39:45 - [TEST_STEP][PASSED] - Statement - counter = counter + 1: null

2018-11-27 17:39:45 - [TEST_STEP][PASSED] - Statement - PreSaveFile = new java.io.File(((pathPrefix + java.lang.Integer.toString(counter)) + .png)): null

2018-11-27 17:39:45 - [TEST_STEP][PASSED] - Statement - counter = counter + 1: null

2018-11-27 17:39:45 - [TEST_STEP][PASSED] - Statement - PreSaveFile = new java.io.File(((pathPrefix + java.lang.Integer.toString(counter)) + .png)): null

2018-11-27 17:39:45 - [TEST_STEP][PASSED] - Statement - counter = counter + 1: null

2018-11-27 17:39:45 - [TEST_STEP][PASSED] - Statement - PreSaveFile = new java.io.File(((pathPrefix + java.lang.Integer.toString(counter)) + .png)): null

2018-11-27 17:39:45 - [TEST_STEP][PASSED] - Statement - counter = counter + 1: null

2018-11-27 17:39:45 - [TEST_STEP][PASSED] - Statement - PreSaveFile = new java.io.File(((pathPrefix + java.lang.Integer.toString(counter)) + .png)): null

2018-11-27 17:39:45 - [TEST_STEP][PASSED] - Statement - counter = counter + 1: null

2018-11-27 17:39:45 - [TEST_STEP][PASSED] - Statement - PreSaveFile = new java.io.File(((pathPrefix + java.lang.Integer.toString(counter)) + .png)): null

2018-11-27 17:39:45 - [TEST_STEP][PASSED] - Statement - counter = counter + 1: null

2018-11-27 17:39:45 - [TEST_STEP][PASSED] - Statement - PreSaveFile = new java.io.File(((pathPrefix + java.lang.Integer.toString(counter)) + .png)): null

2018-11-27 17:39:45 - [TEST_STEP][PASSED] - Statement - counter = counter + 1: null

2018-11-27 17:39:45 - [TEST_STEP][PASSED] - Statement - PreSaveFile = new java.io.File(((pathPrefix + java.lang.Integer.toString(counter)) + .png)): null

2018-11-27 17:39:45 - [TEST_STEP][PASSED] - Statement - counter = counter + 1: null

2018-11-27 17:39:45 - [TEST_STEP][PASSED] - Statement - PreSaveFile = new java.io.File(((pathPrefix + java.lang.Integer.toString(counter)) + .png)): null

2018-11-27 17:39:45 - [TEST_STEP][PASSED] - Statement - counter = counter + 1: null

2018-11-27 17:39:45 - [TEST_STEP][PASSED] - Statement - PreSaveFile = new java.io.File(((pathPrefix + java.lang.Integer.toString(counter)) + .png)): null

2018-11-27 17:39:45 - [TEST_STEP][PASSED] - Statement - counter = counter + 1: null

2018-11-27 17:39:45 - [TEST_STEP][PASSED] - Statement - PreSaveFile = new java.io.File(((pathPrefix + java.lang.Integer.toString(counter)) + .png)): null

2018-11-27 17:39:45 - [TEST_STEP][PASSED] - Statement - counter = counter + 1: null

2018-11-27 17:39:45 - [TEST_STEP][PASSED] - Statement - PreSaveFile = new java.io.File(((pathPrefix + java.lang.Integer.toString(counter)) + .png)): null

2018-11-27 17:39:45 - [TEST_STEP][PASSED] - Statement - counter = counter + 1: null

2018-11-27 17:39:45 - [TEST_STEP][PASSED] - Statement - PreSaveFile = new java.io.File(((pathPrefix + java.lang.Integer.toString(counter)) + .png)): null

2018-11-27 17:39:45 - [TEST_STEP][PASSED] - Statement - counter = counter + 1: null

2018-11-27 17:39:45 - [TEST_STEP][PASSED] - Statement - PreSaveFile = new java.io.File(((pathPrefix + java.lang.Integer.toString(counter)) + .png)): null

2018-11-27 17:39:45 - [TEST_STEP][PASSED] - Statement - counter = counter + 1: null

2018-11-27 17:39:45 - [TEST_STEP][PASSED] - Statement - PreSaveFile = new java.io.File(((pathPrefix + java.lang.Integer.toString(counter)) + .png)): null

2018-11-27 17:39:45 - [TEST_STEP][PASSED] - Statement - counter = counter + 1: null

2018-11-27 17:39:45 - [TEST_STEP][PASSED] - Statement - PreSaveFile = new java.io.File(((pathPrefix + java.lang.Integer.toString(counter)) + .png)): null

2018-11-27 17:39:45 - [TEST_STEP][PASSED] - Statement - counter = counter + 1: null

2018-11-27 17:39:45 - [TEST_STEP][PASSED] - Statement - PreSaveFile = new java.io.File(((pathPrefix + java.lang.Integer.toString(counter)) + .png)): null

2018-11-27 17:39:45 - [TEST_STEP][PASSED] - Statement - counter = counter + 1: null

2018-11-27 17:39:45 - [TEST_STEP][PASSED] - Statement - PreSaveFile = new java.io.File(((pathPrefix + java.lang.Integer.toString(counter)) + .png)): null

2018-11-27 17:39:45 - [TEST_STEP][PASSED] - Statement - counter = counter + 1: null

2018-11-27 17:39:45 - [TEST_STEP][PASSED] - Statement - PreSaveFile = new java.io.File(((pathPrefix + java.lang.Integer.toString(counter)) + .png)): null

2018-11-27 17:39:45 - [TEST_STEP][PASSED] - Statement - counter = counter + 1: null

2018-11-27 17:39:45 - [TEST_STEP][PASSED] - Statement - PreSaveFile = new java.io.File(((pathPrefix + java.lang.Integer.toString(counter)) + .png)): null

2018-11-27 17:39:45 - [TEST_STEP][PASSED] - Statement - counter = counter + 1: null

2018-11-27 17:39:45 - [TEST_STEP][PASSED] - Statement - PreSaveFile = new java.io.File(((pathPrefix + java.lang.Integer.toString(counter)) + .png)): null

2018-11-27 17:39:45 - [TEST_STEP][PASSED] - Statement - counter = counter + 1: null

2018-11-27 17:39:45 - [TEST_STEP][PASSED] - Statement - PreSaveFile = new java.io.File(((pathPrefix + java.lang.Integer.toString(counter)) + .png)): null

2018-11-27 17:39:45 - [TEST_STEP][PASSED] - Statement - counter = counter + 1: null

2018-11-27 17:39:45 - [TEST_STEP][PASSED] - Statement - PreSaveFile = new java.io.File(((pathPrefix + java.lang.Integer.toString(counter)) + .png)): null

2018-11-27 17:39:45 - [TEST_STEP][PASSED] - Statement - counter = counter + 1: null

2018-11-27 17:39:45 - [TEST_STEP][PASSED] - Statement - PreSaveFile = new java.io.File(((pathPrefix + java.lang.Integer.toString(counter)) + .png)): null

2018-11-27 17:39:45 - [TEST_STEP][PASSED] - Statement - counter = counter + 1: null

2018-11-27 17:39:45 - [TEST_STEP][PASSED] - Statement - PreSaveFile = new java.io.File(((pathPrefix + java.lang.Integer.toString(counter)) + .png)): null

2018-11-27 17:39:45 - [TEST_STEP][PASSED] - Statement - counter = counter + 1: null

2018-11-27 17:39:45 - [TEST_STEP][PASSED] - Statement - PreSaveFile = new java.io.File(((pathPrefix + java.lang.Integer.toString(counter)) + .png)): null

2018-11-27 17:39:45 - [TEST_STEP][PASSED] - Statement - counter = counter + 1: null

2018-11-27 17:39:45 - [TEST_STEP][PASSED] - Statement - PreSaveFile = new java.io.File(((pathPrefix + java.lang.Integer.toString(counter)) + .png)): null

2018-11-27 17:39:45 - [TEST_STEP][PASSED] - Statement - counter = counter + 1: null

2018-11-27 17:39:45 - [TEST_STEP][PASSED] - Statement - PreSaveFile = new java.io.File(((pathPrefix + java.lang.Integer.toString(counter)) + .png)): null

2018-11-27 17:39:45 - [TEST_STEP][PASSED] - Statement - counter = counter + 1: null

2018-11-27 17:39:45 - [TEST_STEP][PASSED] - Statement - PreSaveFile = new java.io.File(((pathPrefix + java.lang.Integer.toString(counter)) + .png)): null

2018-11-27 17:39:45 - [TEST_STEP][PASSED] - Statement - counter = counter + 1: null

2018-11-27 17:39:45 - [TEST_STEP][PASSED] - Statement - PreSaveFile = new java.io.File(((pathPrefix + java.lang.Integer.toString(counter)) + .png)): null

2018-11-27 17:39:45 - [TEST_STEP][PASSED] - Statement - counter = counter + 1: null

2018-11-27 17:39:45 - [TEST_STEP][PASSED] - Statement - PreSaveFile = new java.io.File(((pathPrefix + java.lang.Integer.toString(counter)) + .png)): null

2018-11-27 17:39:45 - [TEST_STEP][PASSED] - Statement - counter = counter + 1: null

2018-11-27 17:39:45 - [TEST_STEP][PASSED] - Statement - PreSaveFile = new java.io.File(((pathPrefix + java.lang.Integer.toString(counter)) + .png)): null

2018-11-27 17:39:45 - [TEST_STEP][PASSED] - Statement - counter = counter + 1: null

2018-11-27 17:39:45 - [TEST_STEP][PASSED] - Statement - PreSaveFile = new java.io.File(((pathPrefix + java.lang.Integer.toString(counter)) + .png)): null

2018-11-27 17:39:45 - [TEST_STEP][PASSED] - Statement - counter = counter + 1: null

2018-11-27 17:39:45 - [TEST_STEP][PASSED] - Statement - PreSaveFile = new java.io.File(((pathPrefix + java.lang.Integer.toString(counter)) + .png)): null

2018-11-27 17:39:45 - [TEST_STEP][PASSED] - Statement - counter = counter + 1: null

2018-11-27 17:39:45 - [TEST_STEP][PASSED] - Statement - PreSaveFile = new java.io.File(((pathPrefix + java.lang.Integer.toString(counter)) + .png)): null

2018-11-27 17:39:45 - [TEST_STEP][PASSED] - Statement - counter = counter + 1: null

2018-11-27 17:39:45 - [TEST_STEP][PASSED] - Statement - PreSaveFile = new java.io.File(((pathPrefix + java.lang.Integer.toString(counter)) + .png)): null

2018-11-27 17:39:45 - [TEST_STEP][PASSED] - Statement - counter = counter + 1: null

2018-11-27 17:39:45 - [TEST_STEP][PASSED] - Statement - PreSaveFile = new java.io.File(((pathPrefix + java.lang.Integer.toString(counter)) + .png)): null

2018-11-27 17:39:45 - [TEST_STEP][PASSED] - Statement - counter = counter + 1: null

2018-11-27 17:39:45 - [TEST_STEP][PASSED] - Statement - PreSaveFile = new java.io.File(((pathPrefix + java.lang.Integer.toString(counter)) + .png)): null

2018-11-27 17:39:45 - [TEST_STEP][PASSED] - Statement - counter = counter + 1: null

2018-11-27 17:39:45 - [TEST_STEP][PASSED] - Statement - PreSaveFile = new java.io.File(((pathPrefix + java.lang.Integer.toString(counter)) + .png)): null

2018-11-27 17:39:45 - [TEST_STEP][PASSED] - Statement - counter = counter + 1: null

2018-11-27 17:39:45 - [TEST_STEP][PASSED] - Statement - PreSaveFile = new java.io.File(((pathPrefix + java.lang.Integer.toString(counter)) + .png)): null

2018-11-27 17:39:45 - [TEST_STEP][PASSED] - Statement - counter = counter + 1: null

2018-11-27 17:39:45 - [TEST_STEP][PASSED] - Statement - PreSaveFile = new java.io.File(((pathPrefix + java.lang.Integer.toString(counter)) + .png)): null

2018-11-27 17:39:45 - [TEST_STEP][PASSED] - Statement - counter = counter + 1: null

2018-11-27 17:39:45 - [TEST_STEP][PASSED] - Statement - PreSaveFile = new java.io.File(((pathPrefix + java.lang.Integer.toString(counter)) + .png)): null

2018-11-27 17:39:45 - [TEST_STEP][PASSED] - Statement - counter = counter + 1: null

2018-11-27 17:39:45 - [TEST_STEP][PASSED] - Statement - PreSaveFile = new java.io.File(((pathPrefix + java.lang.Integer.toString(counter)) + .png)): null

2018-11-27 17:39:45 - [TEST_STEP][PASSED] - Statement - counter = counter + 1: null

2018-11-27 17:39:45 - [TEST_STEP][PASSED] - Statement - PreSaveFile = new java.io.File(((pathPrefix + java.lang.Integer.toString(counter)) + .png)): null

2018-11-27 17:39:45 - [TEST_STEP][PASSED] - Statement - counter = counter + 1: null

2018-11-27 17:39:45 - [TEST_STEP][PASSED] - Statement - PreSaveFile = new java.io.File(((pathPrefix + java.lang.Integer.toString(counter)) + .png)): null

2018-11-27 17:39:45 - [TEST_STEP][PASSED] - Statement - counter = counter + 1: null

2018-11-27 17:39:45 - [TEST_STEP][PASSED] - Statement - PreSaveFile = new java.io.File(((pathPrefix + java.lang.Integer.toString(counter)) + .png)): null

2018-11-27 17:39:45 - [TEST_STEP][PASSED] - Statement - counter = counter + 1: null

2018-11-27 17:39:45 - [TEST_STEP][PASSED] - Statement - PreSaveFile = new java.io.File(((pathPrefix + java.lang.Integer.toString(counter)) + .png)): null

2018-11-27 17:39:45 - [TEST_STEP][PASSED] - Statement - counter = counter + 1: null

2018-11-27 17:39:45 - [TEST_STEP][PASSED] - Statement - PreSaveFile = new java.io.File(((pathPrefix + java.lang.Integer.toString(counter)) + .png)): null

2018-11-27 17:39:45 - [TEST_STEP][PASSED] - Statement - counter = counter + 1: null

2018-11-27 17:39:45 - [TEST_STEP][PASSED] - Statement - PreSaveFile = new java.io.File(((pathPrefix + java.lang.Integer.toString(counter)) + .png)): null

2018-11-27 17:39:45 - [TEST_STEP][PASSED] - Statement - counter = counter + 1: null

2018-11-27 17:39:45 - [TEST_STEP][PASSED] - Statement - PreSaveFile = new java.io.File(((pathPrefix + java.lang.Integer.toString(counter)) + .png)): null

2018-11-27 17:39:45 - [TEST_STEP][PASSED] - Statement - counter = counter + 1: null

2018-11-27 17:39:45 - [TEST_STEP][PASSED] - Statement - PreSaveFile = new java.io.File(((pathPrefix + java.lang.Integer.toString(counter)) + .png)): null

2018-11-27 17:39:45 - [TEST_STEP][PASSED] - Statement - counter = counter + 1: null

2018-11-27 17:39:45 - [TEST_STEP][PASSED] - Statement - PreSaveFile = new java.io.File(((pathPrefix + java.lang.Integer.toString(counter)) + .png)): null

2018-11-27 17:39:45 - [TEST_STEP][PASSED] - Statement - counter = counter + 1: null

2018-11-27 17:39:45 - [TEST_STEP][PASSED] - Statement - PreSaveFile = new java.io.File(((pathPrefix + java.lang.Integer.toString(counter)) + .png)): null

2018-11-27 17:39:45 - [TEST_STEP][PASSED] - Statement - counter = counter + 1: null

2018-11-27 17:39:45 - [TEST_STEP][PASSED] - Statement - PreSaveFile = new java.io.File(((pathPrefix + java.lang.Integer.toString(counter)) + .png)): null

2018-11-27 17:39:45 - [TEST_STEP][PASSED] - Statement - counter = counter + 1: null

2018-11-27 17:39:45 - [TEST_STEP][PASSED] - Statement - PreSaveFile = new java.io.File(((pathPrefix + java.lang.Integer.toString(counter)) + .png)): null

2018-11-27 17:39:45 - [TEST_STEP][PASSED] - Statement - counter = counter + 1: null

2018-11-27 17:39:45 - [TEST_STEP][PASSED] - Statement - PreSaveFile = new java.io.File(((pathPrefix + java.lang.Integer.toString(counter)) + .png)): null

2018-11-27 17:39:45 - [TEST_STEP][PASSED] - Statement - counter = counter + 1: null

2018-11-27 17:39:45 - [TEST_STEP][PASSED] - Statement - PreSaveFile = new java.io.File(((pathPrefix + java.lang.Integer.toString(counter)) + .png)): null

2018-11-27 17:39:45 - [TEST_STEP][PASSED] - Statement - counter = counter + 1: null

2018-11-27 17:39:45 - [TEST_STEP][PASSED] - Statement - PreSaveFile = new java.io.File(((pathPrefix + java.lang.Integer.toString(counter)) + .png)): null

2018-11-27 17:39:45 - [TEST_STEP][PASSED] - Statement - counter = counter + 1: null

2018-11-27 17:39:45 - [TEST_STEP][PASSED] - Statement - PreSaveFile = new java.io.File(((pathPrefix + java.lang.Integer.toString(counter)) + .png)): null

2018-11-27 17:39:45 - [TEST_STEP][PASSED] - Statement - counter = counter + 1: null

2018-11-27 17:39:45 - [TEST_STEP][PASSED] - Statement - PreSaveFile = new java.io.File(((pathPrefix + java.lang.Integer.toString(counter)) + .png)): null

2018-11-27 17:39:45 - [TEST_STEP][PASSED] - Statement - counter = counter + 1: null

2018-11-27 17:39:45 - [TEST_STEP][PASSED] - Statement - PreSaveFile = new java.io.File(((pathPrefix + java.lang.Integer.toString(counter)) + .png)): null

2018-11-27 17:39:45 - [TEST_STEP][PASSED] - Statement - counter = counter + 1: null

2018-11-27 17:39:45 - [TEST_STEP][PASSED] - Statement - PreSaveFile = new java.io.File(((pathPrefix + java.lang.Integer.toString(counter)) + .png)): null

2018-11-27 17:39:45 - [TEST_STEP][PASSED] - Statement - counter = counter + 1: null

2018-11-27 17:39:45 - [TEST_STEP][PASSED] - Statement - PreSaveFile = new java.io.File(((pathPrefix + java.lang.Integer.toString(counter)) + .png)): null

2018-11-27 17:39:45 - [TEST_STEP][PASSED] - Statement - counter = counter + 1: null

2018-11-27 17:39:45 - [TEST_STEP][PASSED] - Statement - PreSaveFile = new java.io.File(((pathPrefix + java.lang.Integer.toString(counter)) + .png)): null

2018-11-27 17:39:45 - [TEST_STEP][PASSED] - Statement - counter = counter + 1: null

2018-11-27 17:39:45 - [TEST_STEP][PASSED] - Statement - PreSaveFile = new java.io.File(((pathPrefix + java.lang.Integer.toString(counter)) + .png)): null

2018-11-27 17:39:45 - [TEST_STEP][PASSED] - Statement - counter = counter + 1: null

2018-11-27 17:39:45 - [TEST_STEP][PASSED] - Statement - PreSaveFile = new java.io.File(((pathPrefix + java.lang.Integer.toString(counter)) + .png)): null

2018-11-27 17:39:45 - [TEST_STEP][PASSED] - Statement - counter = counter + 1: null

2018-11-27 17:39:45 - [TEST_STEP][PASSED] - Statement - PreSaveFile = new java.io.File(((pathPrefix + java.lang.Integer.toString(counter)) + .png)): null

2018-11-27 17:39:45 - [TEST_STEP][PASSED] - Statement - counter = counter + 1: null

2018-11-27 17:39:45 - [TEST_STEP][PASSED] - Statement - PreSaveFile = new java.io.File(((pathPrefix + java.lang.Integer.toString(counter)) + .png)): null

2018-11-27 17:39:45 - [TEST_STEP][PASSED] - Statement - counter = counter + 1: null

2018-11-27 17:39:45 - [TEST_STEP][PASSED] - Statement - PreSaveFile = new java.io.File(((pathPrefix + java.lang.Integer.toString(counter)) + .png)): null

2018-11-27 17:39:45 - [TEST_STEP][PASSED] - Statement - counter = counter + 1: null

2018-11-27 17:39:45 - [TEST_STEP][PASSED] - Statement - PreSaveFile = new java.io.File(((pathPrefix + java.lang.Integer.toString(counter)) + .png)): null

2018-11-27 17:39:45 - [TEST_STEP][PASSED] - Statement - counter = counter + 1: null

2018-11-27 17:39:45 - [TEST_STEP][PASSED] - Statement - PreSaveFile = new java.io.File(((pathPrefix + java.lang.Integer.toString(counter)) + .png)): null

2018-11-27 17:39:45 - [TEST_STEP][PASSED] - Statement - counter = counter + 1: null

2018-11-27 17:39:45 - [TEST_STEP][PASSED] - Statement - PreSaveFile = new java.io.File(((pathPrefix + java.lang.Integer.toString(counter)) + .png)): null

2018-11-27 17:39:45 - [TEST_STEP][PASSED] - Statement - counter = counter + 1: null

2018-11-27 17:39:45 - [TEST_STEP][PASSED] - Statement - PreSaveFile = new java.io.File(((pathPrefix + java.lang.Integer.toString(counter)) + .png)): null

2018-11-27 17:39:45 - [TEST_STEP][PASSED] - Statement - counter = counter + 1: null

2018-11-27 17:39:45 - [TEST_STEP][PASSED] - Statement - PreSaveFile = new java.io.File(((pathPrefix + java.lang.Integer.toString(counter)) + .png)): null

2018-11-27 17:39:45 - [TEST_STEP][PASSED] - Statement - counter = counter + 1: null

2018-11-27 17:39:45 - [TEST_STEP][PASSED] - Statement - PreSaveFile = new java.io.File(((pathPrefix + java.lang.Integer.toString(counter)) + .png)): null

2018-11-27 17:39:45 - [TEST_STEP][PASSED] - Statement - counter = counter + 1: null

2018-11-27 17:39:45 - [TEST_STEP][PASSED] - Statement - PreSaveFile = new java.io.File(((pathPrefix + java.lang.Integer.toString(counter)) + .png)): null

2018-11-27 17:39:45 - [TEST_STEP][PASSED] - Statement - counter = counter + 1: null

2018-11-27 17:39:45 - [TEST_STEP][PASSED] - Statement - PreSaveFile = new java.io.File(((pathPrefix + java.lang.Integer.toString(counter)) + .png)): null

2018-11-27 17:39:45 - [TEST_STEP][PASSED] - Statement - counter = counter + 1: null

2018-11-27 17:39:45 - [TEST_STEP][PASSED] - Statement - PreSaveFile = new java.io.File(((pathPrefix + java.lang.Integer.toString(counter)) + .png)): null

2018-11-27 17:39:45 - [TEST_STEP][PASSED] - Statement - counter = counter + 1: null

2018-11-27 17:39:45 - [TEST_STEP][PASSED] - Statement - PreSaveFile = new java.io.File(((pathPrefix + java.lang.Integer.toString(counter)) + .png)): null

2018-11-27 17:39:45 - [TEST_STEP][PASSED] - Statement - counter = counter + 1: null

2018-11-27 17:39:45 - [TEST_STEP][PASSED] - Statement - PreSaveFile = new java.io.File(((pathPrefix + java.lang.Integer.toString(counter)) + .png)): null

2018-11-27 17:39:45 - [TEST_STEP][PASSED] - Statement - counter = counter + 1: null

2018-11-27 17:39:45 - [TEST_STEP][PASSED] - Statement - PreSaveFile = new java.io.File(((pathPrefix + java.lang.Integer.toString(counter)) + .png)): null

2018-11-27 17:39:45 - [TEST_STEP][PASSED] - Statement - counter = counter + 1: null

2018-11-27 17:39:45 - [TEST_STEP][PASSED] - Statement - PreSaveFile = new java.io.File(((pathPrefix + java.lang.Integer.toString(counter)) + .png)): null

2018-11-27 17:39:45 - [TEST_STEP][PASSED] - Statement - counter = counter + 1: null

2018-11-27 17:39:45 - [TEST_STEP][PASSED] - Statement - PreSaveFile = new java.io.File(((pathPrefix + java.lang.Integer.toString(counter)) + .png)): null

2018-11-27 17:39:45 - [TEST_STEP][PASSED] - Statement - counter = counter + 1: null

2018-11-27 17:39:45 - [TEST_STEP][PASSED] - Statement - PreSaveFile = new java.io.File(((pathPrefix + java.lang.Integer.toString(counter)) + .png)): null

2018-11-27 17:39:45 - [TEST_STEP][PASSED] - Statement - counter = counter + 1: null

2018-11-27 17:39:45 - [TEST_STEP][PASSED] - Statement - PreSaveFile = new java.io.File(((pathPrefix + java.lang.Integer.toString(counter)) + .png)): null

2018-11-27 17:39:45 - [TEST_STEP][PASSED] - Statement - counter = counter + 1: null

2018-11-27 17:39:45 - [TEST_STEP][PASSED] - Statement - PreSaveFile = new java.io.File(((pathPrefix + java.lang.Integer.toString(counter)) + .png)): null

2018-11-27 17:39:45 - [TEST_STEP][PASSED] - Statement - counter = counter + 1: null

2018-11-27 17:39:45 - [TEST_STEP][PASSED] - Statement - PreSaveFile = new java.io.File(((pathPrefix + java.lang.Integer.toString(counter)) + .png)): null

2018-11-27 17:39:45 - [TEST_STEP][PASSED] - Statement - counter = counter + 1: null

2018-11-27 17:39:45 - [TEST_STEP][PASSED] - Statement - PreSaveFile = new java.io.File(((pathPrefix + java.lang.Integer.toString(counter)) + .png)): null

2018-11-27 17:39:45 - [TEST_STEP][PASSED] - Statement - counter = counter + 1: null

2018-11-27 17:39:45 - [TEST_STEP][PASSED] - Statement - PreSaveFile = new java.io.File(((pathPrefix + java.lang.Integer.toString(counter)) + .png)): null

2018-11-27 17:39:45 - [TEST_STEP][PASSED] - Statement - counter = counter + 1: null

2018-11-27 17:39:45 - [TEST_STEP][PASSED] - Statement - PreSaveFile = new java.io.File(((pathPrefix + java.lang.Integer.toString(counter)) + .png)): null

2018-11-27 17:39:45 - [TEST_STEP][PASSED] - Statement - counter = counter + 1: null

2018-11-27 17:39:45 - [TEST_STEP][PASSED] - Statement - PreSaveFile = new java.io.File(((pathPrefix + java.lang.Integer.toString(counter)) + .png)): null

2018-11-27 17:39:45 - [TEST_STEP][PASSED] - Statement - counter = counter + 1: null

2018-11-27 17:39:45 - [TEST_STEP][PASSED] - Statement - PreSaveFile = new java.io.File(((pathPrefix + java.lang.Integer.toString(counter)) + .png)): null

2018-11-27 17:39:45 - [TEST_STEP][PASSED] - Statement - counter = counter + 1: null

2018-11-27 17:39:45 - [TEST_STEP][PASSED] - Statement - PreSaveFile = new java.io.File(((pathPrefix + java.lang.Integer.toString(counter)) + .png)): null

2018-11-27 17:39:45 - [TEST_STEP][PASSED] - Statement - counter = counter + 1: null

2018-11-27 17:39:45 - [TEST_STEP][PASSED] - Statement - PreSaveFile = new java.io.File(((pathPrefix + java.lang.Integer.toString(counter)) + .png)): null

2018-11-27 17:39:45 - [TEST_STEP][PASSED] - Statement - counter = counter + 1: null

2018-11-27 17:39:45 - [TEST_STEP][PASSED] - Statement - PreSaveFile = new java.io.File(((pathPrefix + java.lang.Integer.toString(counter)) + .png)): null

2018-11-27 17:39:45 - [TEST_STEP][PASSED] - Statement - counter = counter + 1: null

2018-11-27 17:39:45 - [TEST_STEP][PASSED] - Statement - PreSaveFile = new java.io.File(((pathPrefix + java.lang.Integer.toString(counter)) + .png)): null

2018-11-27 17:39:45 - [TEST_STEP][PASSED] - Statement - counter = counter + 1: null

2018-11-27 17:39:45 - [TEST_STEP][PASSED] - Statement - PreSaveFile = new java.io.File(((pathPrefix + java.lang.Integer.toString(counter)) + .png)): null

2018-11-27 17:39:45 - [TEST_STEP][PASSED] - Statement - finalPath = pathPrefix + java.lang.Integer.toString(counter) + ".png": null

2018-11-27 17:39:45 - [TEST_STEP][PASSED] - Statement - SaveFile = new java.io.File(finalPath): null

2018-11-27 17:39:45 - [TEST_STEP][PASSED] - Statement - Try: null

2018-11-27 17:39:45 - [TEST_STEP][PASSED] - Statement - org.apache.commons.io.FileUtils.copyFile(scrFile, SaveFile): null

2018-11-27 17:39:45 - [TEST_STEP][PASSED] - Statement - out.println("file kept"): null

2018-11-27 17:39:45 - [TEST_STEP][PASSED] - delay: Delayed 10 second(s)

2018-11-27 17:39:55 - [MESSAGE][PASSED] - Delayed 10 second(s)

2018-11-27 17:39:55 - [MESSAGE][PASSED] - Call Test Case 'Test Cases/Final Aug 2018 - PKS Automation/Common/Screenshoting tool' successfully

2018-11-27 17:39:55 - [TEST_STEP][PASSED] - callTestCase: Call Test Case 'Test Cases/Final Aug 2018 - PKS Automation/Registration Module/Log Out/log out avoiding katalon tagging' successfully

2018-11-27 17:39:55 - [TEST_CASE][PASSED] - Test Cases/Final Aug 2018 - PKS Automation/Registration Module/Log Out/log out avoiding katalon tagging: Test Cases/Final Aug 2018 - PKS Automation/Registration Module/Log Out/log out avoiding katalon tagging

2018-11-27 17:39:55 - [TEST_STEP][PASSED] - navigateToUrl: Navigate to 'https://assist2-uat.perkeso.gov.my/c/portal/logout' successfully

2018-11-27 17:39:56 - [MESSAGE][PASSED] - Navigate to 'https://assist2-uat.perkeso.gov.my/c/portal/logout' successfully

2018-11-27 17:39:56 - [MESSAGE][PASSED] - Call Test Case 'Test Cases/Final Aug 2018 - PKS Automation/Registration Module/Log Out/log out avoiding katalon tagging' successfully

2018-11-27 17:39:56 - [TEST_STEP][FAILED] - callTestCase: Unable to call Test Case with id 'Test Cases/Final Aug 2018 - PKS Automation/Common/Workflow Owner Finder' (Root cause: Call Test Case 'Test Cases/Final Aug 2018 - PKS Automation/Common/Workflow Owner Finder' failed)

2018-11-27 17:39:56 - [TEST_CASE][FAILED] - Test Cases/Final Aug 2018 - PKS Automation/Common/Workflow Owner Finder: Test Cases/Final Aug 2018 - PKS Automation/Common/Workflow Owner Finder FAILED because (of) (Stack trace: com.kms.katalon.core.exception.StepFailedException: Unable to click on object 'Object Repository/Final Object Repo/Landing Page/Select to English' (Root cause: com.kms.katalon.core.webui.exception.WebElementNotFoundException: Web element with id: 'Object Repository/Final Object Repo/Landing Page/Select to English' located by 'By.xpath: //a[@class = 'taglib-language-list-text' and @lang = 'en-US' and (contains(text(), 'EN') or contains(., 'EN'))]' not found)
	at com.kms.katalon.core.keyword.internal.KeywordMain.stepFailed(KeywordMain.groovy:32)
	at com.kms.katalon.core.webui.keyword.internal.WebUIKeywordMain.stepFailed(WebUIKeywordMain.groovy:65)
	at com.kms.katalon.core.webui.keyword.internal.WebUIKeywordMain.runKeyword(WebUIKeywordMain.groovy:27)
	at com.kms.katalon.core.webui.keyword.builtin.ClickKeyword.click(ClickKeyword.groovy:86)
	at com.kms.katalon.core.webui.keyword.builtin.ClickKeyword.execute(ClickKeyword.groovy:67)
	at com.kms.katalon.core.keyword.internal.KeywordExecutor.executeKeywordForPlatform(KeywordExecutor.groovy:53)
	at com.kms.katalon.core.webui.keyword.WebUiBuiltInKeywords.click(WebUiBuiltInKeywords.groovy:604)
	at com.kms.katalon.core.webui.keyword.WebUiBuiltInKeywords$click$6.call(Unknown Source)
	at Script1534407542420.run(Script1534407542420.groovy:57)
	at com.kms.katalon.core.main.ScriptEngine.run(ScriptEngine.java:183)
	at com.kms.katalon.core.main.ScriptEngine.runScriptAsRawText(ScriptEngine.java:108)
	at com.kms.katalon.core.main.TestCaseExecutor.runScript(TestCaseExecutor.java:294)
	at com.kms.katalon.core.main.TestCaseExecutor.doExecute(TestCaseExecutor.java:285)
	at com.kms.katalon.core.main.TestCaseExecutor.processExecutionPhase(TestCaseExecutor.java:264)
	at com.kms.katalon.core.main.TestCaseExecutor.accessMainPhase(TestCaseExecutor.java:256)
	at com.kms.katalon.core.main.TestCaseExecutor.execute(TestCaseExecutor.java:200)
	at com.kms.katalon.core.main.TestCaseMain.runTestCase(TestCaseMain.java:99)
	at com.kms.katalon.core.keyword.builtin.CallTestCaseKeyword$_callTestCase_closure1.doCall(CallTestCaseKeyword.groovy:60)
	at com.kms.katalon.core.keyword.builtin.CallTestCaseKeyword$_callTestCase_closure1.call(CallTestCaseKeyword.groovy)
	at com.kms.katalon.core.keyword.internal.KeywordMain.runKeyword(KeywordMain.groovy:54)
	at com.kms.katalon.core.keyword.builtin.CallTestCaseKeyword.callTestCase(CallTestCaseKeyword.groovy:81)
	at com.kms.katalon.core.keyword.builtin.CallTestCaseKeyword.execute(CallTestCaseKeyword.groovy:45)
	at com.kms.katalon.core.keyword.internal.KeywordExecutor.executeKeywordForPlatform(KeywordExecutor.groovy:53)
	at com.kms.katalon.core.keyword.BuiltinKeywords.callTestCase(BuiltinKeywords.groovy:334)
	at sun.reflect.GeneratedMethodAccessor13.invoke(Unknown Source)
	at sun.reflect.DelegatingMethodAccessorImpl.invoke(DelegatingMethodAccessorImpl.java:43)
	at java.lang.reflect.Method.invoke(Method.java:498)
	at org.codehaus.groovy.reflection.CachedMethod.invoke(CachedMethod.java:93)
	at groovy.lang.MetaMethod.doMethodInvoke(MetaMethod.java:325)
	at groovy.lang.MetaClassImpl.invokeStaticMethod(MetaClassImpl.java:1469)
	at org.codehaus.groovy.runtime.callsite.StaticMetaClassSite.call(StaticMetaClassSite.java:53)
	at org.codehaus.groovy.runtime.callsite.CallSiteArray.defaultCall(CallSiteArray.java:48)
	at org.codehaus.groovy.runtime.callsite.AbstractCallSite.call(AbstractCallSite.java:113)
	at org.codehaus.groovy.runtime.callsite.AbstractCallSite.call(AbstractCallSite.java:141)
	at Script1536220866356.run(Script1536220866356.groovy:125)
	at com.kms.katalon.core.main.ScriptEngine.run(ScriptEngine.java:183)
	at com.kms.katalon.core.main.ScriptEngine.runScriptAsRawText(ScriptEngine.java:108)
	at com.kms.katalon.core.main.TestCaseExecutor.runScript(TestCaseExecutor.java:294)
	at com.kms.katalon.core.main.TestCaseExecutor.doExecute(TestCaseExecutor.java:285)
	at com.kms.katalon.core.main.TestCaseExecutor.processExecutionPhase(TestCaseExecutor.java:264)
	at com.kms.katalon.core.main.TestCaseExecutor.accessMainPhase(TestCaseExecutor.java:256)
	at com.kms.katalon.core.main.TestCaseExecutor.execute(TestCaseExecutor.java:200)
	at com.kms.katalon.core.main.TestSuiteExecutor.accessTestCaseMainPhase(TestSuiteExecutor.java:129)
	at com.kms.katalon.core.main.TestSuiteExecutor.accessTestSuiteMainPhase(TestSuiteExecutor.java:112)
	at com.kms.katalon.core.main.TestSuiteExecutor.execute(TestSuiteExecutor.java:81)
	at com.kms.katalon.core.main.TestCaseMain.startTestSuite(TestCaseMain.java:142)
	at com.kms.katalon.core.main.TestCaseMain$startTestSuite$0.call(Unknown Source)
	at org.codehaus.groovy.runtime.callsite.CallSiteArray.defaultCall(CallSiteArray.java:48)
	at org.codehaus.groovy.runtime.callsite.AbstractCallSite.call(AbstractCallSite.java:113)
	at org.codehaus.groovy.runtime.callsite.AbstractCallSite.call(AbstractCallSite.java:141)
	at TempTestSuite1543287057153.run(TempTestSuite1543287057153.groovy:36)
	at groovy.lang.GroovyShell.runScriptOrMainOrTestOrRunnable(GroovyShell.java:263)
	at groovy.lang.GroovyShell.run(GroovyShell.java:518)
	at groovy.lang.GroovyShell.run(GroovyShell.java:507)
	at groovy.ui.GroovyMain.processOnce(GroovyMain.java:653)
	at groovy.ui.GroovyMain.run(GroovyMain.java:384)
	at groovy.ui.GroovyMain.process(GroovyMain.java:370)
	at groovy.ui.GroovyMain.processArgs(GroovyMain.java:129)
	at groovy.ui.GroovyMain.main(GroovyMain.java:109)
	at sun.reflect.NativeMethodAccessorImpl.invoke0(Native Method)
	at sun.reflect.NativeMethodAccessorImpl.invoke(NativeMethodAccessorImpl.java:62)
	at sun.reflect.DelegatingMethodAccessorImpl.invoke(DelegatingMethodAccessorImpl.java:43)
	at java.lang.reflect.Method.invoke(Method.java:498)
	at org.codehaus.groovy.tools.GroovyStarter.rootLoader(GroovyStarter.java:109)
	at org.codehaus.groovy.tools.GroovyStarter.main(GroovyStarter.java:131)
)

2018-11-27 17:39:56 - [TEST_STEP][PASSED] - openBrowser: Browser is opened with url: ''

2018-11-27 17:39:56 - [MESSAGE][WARNING] - A browser is already opened. Closing browser and opening a new one

2018-11-27 17:40:00 - [MESSAGE][PASSED] - Browser is opened with url: ''

2018-11-27 17:40:00 - [TEST_STEP][PASSED] - navigateToUrl: Navigate to 'https://assist2-uat.perkeso.gov.my/login' successfully

2018-11-27 17:40:01 - [MESSAGE][PASSED] - Navigate to 'https://assist2-uat.perkeso.gov.my/login' successfully

2018-11-27 17:40:01 - [TEST_STEP][PASSED] - delay: Delayed 5 second(s)

2018-11-27 17:40:06 - [MESSAGE][PASSED] - Delayed 5 second(s)

2018-11-27 17:40:06 - [TEST_STEP][PASSED] - setText: Text 'test@liferay.com' is set on object 'Object Repository/Final Object Repo/Login Page/Internal User/Email Address'

2018-11-27 17:40:07 - [MESSAGE][PASSED] - Text 'test@liferay.com' is set on object 'Object Repository/Final Object Repo/Login Page/Internal User/Email Address'

2018-11-27 17:40:07 - [TEST_STEP][PASSED] - click: Object: 'Object Repository/Final Object Repo/Login Page/Internal User/Next Button' is clicked on

2018-11-27 17:40:07 - [MESSAGE][PASSED] - Object: 'Object Repository/Final Object Repo/Login Page/Internal User/Next Button' is clicked on

2018-11-27 17:40:07 - [TEST_STEP][PASSED] - delay: Delayed 2 second(s)

2018-11-27 17:40:09 - [MESSAGE][PASSED] - Delayed 2 second(s)

2018-11-27 17:40:09 - [TEST_STEP][PASSED] - setText: Text 'test' is set on object 'Object Repository/Final Object Repo/Login Page/Internal User/Password'

2018-11-27 17:40:09 - [MESSAGE][PASSED] - Text 'test' is set on object 'Object Repository/Final Object Repo/Login Page/Internal User/Password'

2018-11-27 17:40:09 - [TEST_STEP][PASSED] - delay: Delayed 2 second(s)

2018-11-27 17:40:11 - [MESSAGE][PASSED] - Delayed 2 second(s)

2018-11-27 17:40:11 - [TEST_STEP][PASSED] - click: Object: 'Object Repository/Final Object Repo/Login Page/Internal User/Login Button' is clicked on

2018-11-27 17:40:11 - [MESSAGE][PASSED] - Object: 'Object Repository/Final Object Repo/Login Page/Internal User/Login Button' is clicked on

2018-11-27 17:40:11 - [TEST_STEP][FAILED] - Statement - Try: Delayed 2 second(s)

2018-11-27 17:40:11 - [TEST_STEP][PASSED] - Statement - Checker = false: null

2018-11-27 17:40:11 - [TEST_STEP][PASSED] - Statement - Checker = com.kms.katalon.core.webui.keyword.WebUiBuiltInKeywords.verifyElementHasAttribute(com.kms.katalon.core.testobject.ObjectRepository.findTestObject(Final Object Repo/Landing Page/BM Detecting), "href", 20, OPTIONAL): Unable to verify if object 'Object Repository/Final Object Repo/Landing Page/BM Detecting' has attribute 'href' (Root cause: org.openqa.selenium.StaleElementReferenceException: stale element reference: element is not attached to the page document
  (Session info: chrome=70.0.3538.102)
  (Driver info: chromedriver=2.43.600210 (68dcf5eebde37173d4027fa8635e332711d2874a),platform=Windows NT 6.1.7601 SP1 x86_64) (WARNING: The server did not provide any stacktrace information)
Command duration or timeout: 0 milliseconds
For documentation on this error, please visit: http://seleniumhq.org/exceptions/stale_element_reference.html
Build info: version: '3.7.1', revision: '8a0099a', time: '2017-11-06T21:07:36.161Z'
System info: host: 'WIN7TEST02', ip: '10.20.3.72', os.name: 'Windows 7', os.arch: 'amd64', os.version: '6.1', java.version: '1.8.0_181'
Driver info: com.kms.katalon.selenium.driver.CChromeDriver
Capabilities {acceptInsecureCerts: false, acceptSslCerts: false, applicationCacheEnabled: false, browserConnectionEnabled: false, browserName: chrome, chrome: {chromedriverVersion: 2.43.600210 (68dcf5eebde371..., userDataDir: C:\Users\Admin\AppData\Loca...}, cssSelectorsEnabled: true, databaseEnabled: false, goog:chromeOptions: {debuggerAddress: localhost:64869}, handlesAlerts: true, hasTouchScreen: false, javascriptEnabled: true, locationContextEnabled: true, mobileEmulationEnabled: false, nativeEvents: true, networkConnectionEnabled: false, pageLoadStrategy: normal, platform: XP, platformName: XP, rotatable: false, setWindowRect: true, takesHeapSnapshot: true, takesScreenshot: true, unexpectedAlertBehaviour: , unhandledPromptBehavior: , version: 70.0.3538.102, webStorageEnabled: true}
Session ID: 1aa473ae5bbbdd315165efe2f154231a)

2018-11-27 17:40:14 - [MESSAGE][WARNING] - Unable to verify if object 'Object Repository/Final Object Repo/Landing Page/BM Detecting' has attribute 'href' (Root cause: org.openqa.selenium.StaleElementReferenceException: stale element reference: element is not attached to the page document
  (Session info: chrome=70.0.3538.102)
  (Driver info: chromedriver=2.43.600210 (68dcf5eebde37173d4027fa8635e332711d2874a),platform=Windows NT 6.1.7601 SP1 x86_64) (WARNING: The server did not provide any stacktrace information)
Command duration or timeout: 0 milliseconds
For documentation on this error, please visit: http://seleniumhq.org/exceptions/stale_element_reference.html
Build info: version: '3.7.1', revision: '8a0099a', time: '2017-11-06T21:07:36.161Z'
System info: host: 'WIN7TEST02', ip: '10.20.3.72', os.name: 'Windows 7', os.arch: 'amd64', os.version: '6.1', java.version: '1.8.0_181'
Driver info: com.kms.katalon.selenium.driver.CChromeDriver
Capabilities {acceptInsecureCerts: false, acceptSslCerts: false, applicationCacheEnabled: false, browserConnectionEnabled: false, browserName: chrome, chrome: {chromedriverVersion: 2.43.600210 (68dcf5eebde371..., userDataDir: C:\Users\Admin\AppData\Loca...}, cssSelectorsEnabled: true, databaseEnabled: false, goog:chromeOptions: {debuggerAddress: localhost:64869}, handlesAlerts: true, hasTouchScreen: false, javascriptEnabled: true, locationContextEnabled: true, mobileEmulationEnabled: false, nativeEvents: true, networkConnectionEnabled: false, pageLoadStrategy: normal, platform: XP, platformName: XP, rotatable: false, setWindowRect: true, takesHeapSnapshot: true, takesScreenshot: true, unexpectedAlertBehaviour: , unhandledPromptBehavior: , version: 70.0.3538.102, webStorageEnabled: true}
Session ID: 1aa473ae5bbbdd315165efe2f154231a)
[[ATTACHMENT|C:\\Users\\Admin\\Desktop\\PKS\\Perkeso Phase A\\Reports\\Workflow\\Update Add New Employee\\20181127_105057\\1543311613773.png]]

2018-11-27 17:40:14 - [TEST_STEP][PASSED] - Statement - out.println(Checker): null

2018-11-27 17:40:14 - [TEST_STEP][FAILED] - Statement - If (Checker == false): Unable to click on object 'Object Repository/Final Object Repo/Landing Page/Select to English' (Root cause: com.kms.katalon.core.webui.exception.WebElementNotFoundException: Web element with id: 'Object Repository/Final Object Repo/Landing Page/Select to English' located by 'By.xpath: //a[@class = 'taglib-language-list-text' and @lang = 'en-US' and (contains(text(), 'EN') or contains(., 'EN'))]' not found)

2018-11-27 17:40:14 - [TEST_STEP][FAILED] - click: Unable to click on object 'Object Repository/Final Object Repo/Landing Page/Select to English' (Root cause: com.kms.katalon.core.webui.exception.WebElementNotFoundException: Web element with id: 'Object Repository/Final Object Repo/Landing Page/Select to English' located by 'By.xpath: //a[@class = 'taglib-language-list-text' and @lang = 'en-US' and (contains(text(), 'EN') or contains(., 'EN'))]' not found)

2018-11-27 17:40:51 - [MESSAGE][FAILED] - Unable to click on object 'Object Repository/Final Object Repo/Landing Page/Select to English' (Root cause: com.kms.katalon.core.webui.exception.WebElementNotFoundException: Web element with id: 'Object Repository/Final Object Repo/Landing Page/Select to English' located by 'By.xpath: //a[@class = 'taglib-language-list-text' and @lang = 'en-US' and (contains(text(), 'EN') or contains(., 'EN'))]' not found)
[[ATTACHMENT|C:\\Users\\Admin\\Desktop\\PKS\\Perkeso Phase A\\Reports\\Workflow\\Update Add New Employee\\20181127_105057\\1543311650983.png]]

2018-11-27 17:40:51 - [TEST_STEP][PASSED] - delay: Delayed 2 second(s)

2018-11-27 17:40:53 - [MESSAGE][PASSED] - Delayed 2 second(s)

2018-11-27 17:40:53 - [TEST_STEP][PASSED] - delay: Delayed 3 second(s)

2018-11-27 17:40:56 - [MESSAGE][PASSED] - Delayed 3 second(s)

2018-11-27 17:40:56 - [TEST_STEP][PASSED] - mouseOver: Object: 'Object Repository/Final Object Repo/Landing Page/WorkFlow Menu' is hovered

2018-11-27 17:40:56 - [MESSAGE][PASSED] - Object: 'Object Repository/Final Object Repo/Landing Page/WorkFlow Menu' is hovered

2018-11-27 17:40:56 - [TEST_STEP][PASSED] - delay: Delayed 2 second(s)

2018-11-27 17:40:58 - [MESSAGE][PASSED] - Delayed 2 second(s)

2018-11-27 17:40:58 - [TEST_STEP][PASSED] - click: Object: 'Object Repository/Final Object Repo/Landing Page/Select to Workflow Listing' is clicked on

2018-11-27 17:40:59 - [MESSAGE][PASSED] - Object: 'Object Repository/Final Object Repo/Landing Page/Select to Workflow Listing' is clicked on

2018-11-27 17:40:59 - [TEST_STEP][PASSED] - delay: Delayed 2 second(s)

2018-11-27 17:41:01 - [MESSAGE][PASSED] - Delayed 2 second(s)

2018-11-27 17:41:01 - [TEST_STEP][PASSED] - click: Object: 'Object Repository/Final Object Repo/WorkFlow Listing Page/Search Information - To Put Ref No' is clicked on

2018-11-27 17:41:01 - [MESSAGE][PASSED] - Object: 'Object Repository/Final Object Repo/WorkFlow Listing Page/Search Information - To Put Ref No' is clicked on

2018-11-27 17:41:01 - [TEST_STEP][PASSED] - delay: Delayed 2 second(s)

2018-11-27 17:41:03 - [MESSAGE][PASSED] - Delayed 2 second(s)

2018-11-27 17:41:03 - [TEST_STEP][PASSED] - callTestCase: Call Test Case 'Test Cases/Final Aug 2018 - PKS Automation/Common/Reference Number Getter' successfully

2018-11-27 17:41:03 - [TEST_CASE][PASSED] - Test Cases/Final Aug 2018 - PKS Automation/Common/Reference Number Getter: Test Cases/Final Aug 2018 - PKS Automation/Common/Reference Number Getter

2018-11-27 17:41:03 - [TEST_STEP][PASSED] - Statement - Try: null

2018-11-27 17:41:03 - [TEST_STEP][PASSED] - Statement - RefNo = new java.io.File(C://Users//Admin//Desktop//PKS//Automation Reference Point//KatalonReference.txt): null

2018-11-27 17:41:03 - [TEST_STEP][PASSED] - Statement - bufferread = new java.io.BufferedReader(new java.io.FileReader(RefNo)): null

2018-11-27 17:41:03 - [TEST_STEP][PASSED] - Statement - readedVal = bufferread.readLine(): null

2018-11-27 17:41:03 - [TEST_STEP][PASSED] - Statement - out.println(CaseReferenceNo): null

2018-11-27 17:41:03 - [TEST_STEP][PASSED] - Statement - out.println(readedVal): null

2018-11-27 17:41:03 - [TEST_STEP][PASSED] - Statement - CaseReferenceNo = "": null

2018-11-27 17:41:03 - [TEST_STEP][PASSED] - Statement - CaseReferenceNo = readedVal: null

2018-11-27 17:41:03 - [MESSAGE][PASSED] - Call Test Case 'Test Cases/Final Aug 2018 - PKS Automation/Common/Reference Number Getter' successfully

2018-11-27 17:41:03 - [TEST_STEP][PASSED] - setText: Text 'CAN11201800002208' is set on object 'Object Repository/Final Object Repo/WorkFlow Listing Page/Ref No Set Text'

2018-11-27 17:41:04 - [MESSAGE][PASSED] - Text 'CAN11201800002208' is set on object 'Object Repository/Final Object Repo/WorkFlow Listing Page/Ref No Set Text'

2018-11-27 17:41:04 - [TEST_STEP][PASSED] - delay: Delayed 2 second(s)

2018-11-27 17:41:06 - [MESSAGE][PASSED] - Delayed 2 second(s)

2018-11-27 17:41:06 - [TEST_STEP][PASSED] - click: Object: 'Object Repository/Final Object Repo/WorkFlow Listing Page/Search Ref No Search Button' is clicked on

2018-11-27 17:41:06 - [MESSAGE][PASSED] - Object: 'Object Repository/Final Object Repo/WorkFlow Listing Page/Search Ref No Search Button' is clicked on

2018-11-27 17:41:06 - [TEST_STEP][PASSED] - delay: Delayed 4 second(s)

2018-11-27 17:41:10 - [MESSAGE][PASSED] - Delayed 4 second(s)

2018-11-27 17:41:10 - [TEST_STEP][PASSED] - click: Object: 'Object Repository/Final Object Repo/WorkFlow Listing Page/Click Continue Tooltip' is clicked on

2018-11-27 17:41:11 - [MESSAGE][PASSED] - Object: 'Object Repository/Final Object Repo/WorkFlow Listing Page/Click Continue Tooltip' is clicked on

2018-11-27 17:41:11 - [TEST_STEP][PASSED] - delay: Delayed 5 second(s)

2018-11-27 17:41:16 - [MESSAGE][PASSED] - Delayed 5 second(s)

2018-11-27 17:41:16 - [TEST_STEP][PASSED] - doubleClick: Object: 'Object Repository/Final Object Repo/WorkFlow Listing Page/Workflow Found - Listing 1' is double clicked on

2018-11-27 17:41:16 - [MESSAGE][PASSED] - Object: 'Object Repository/Final Object Repo/WorkFlow Listing Page/Workflow Found - Listing 1' is double clicked on

2018-11-27 17:41:16 - [TEST_STEP][PASSED] - Statement - println(OwnerID): null

2018-11-27 17:41:16 - [TEST_STEP][PASSED] - Statement - OwnerID = com.kms.katalon.core.webui.keyword.WebUiBuiltInKeywords.getText(com.kms.katalon.core.testobject.ObjectRepository.findTestObject(Final Object Repo/WorkFlow Listing Page/Workflow Found - Listing 1), STOP_ON_FAILURE): Text of object 'Object Repository/Final Object Repo/WorkFlow Listing Page/Workflow Found - Listing 1' is: 'JOHORro1'

2018-11-27 17:41:16 - [MESSAGE][PASSED] - Text of object 'Object Repository/Final Object Repo/WorkFlow Listing Page/Workflow Found - Listing 1' is: 'JOHORro1'

2018-11-27 17:41:16 - [TEST_STEP][PASSED] - Statement - OwnerID = OwnerID.toLowerCase() + "@gmail.com": null

2018-11-27 17:41:16 - [TEST_STEP][PASSED] - Statement - println(OwnerID): null

2018-11-27 17:41:16 - [TEST_STEP][PASSED] - delay: Delayed 2 second(s)

2018-11-27 17:41:18 - [MESSAGE][PASSED] - Delayed 2 second(s)

2018-11-27 17:41:18 - [MESSAGE][FAILED] - Unable to call Test Case with id 'Test Cases/Final Aug 2018 - PKS Automation/Common/Workflow Owner Finder' (Root cause: Call Test Case 'Test Cases/Final Aug 2018 - PKS Automation/Common/Workflow Owner Finder' failed)]]></system-out>
         <system-err><![CDATA[2018-11-27 17:30:31 - [TEST_CASE][FAILED] - Test Cases/Final Aug 2018 - PKS Automation/Registration Module/Workflow/Update Add New Employee/Special Case (PKR BO - RO Query - OTC Upload Pending Case - RO Approve): Test Cases/Final Aug 2018 - PKS Automation/Registration Module/Workflow/Update Add New Employee/Special Case (PKR BO - RO Query - OTC Upload Pending Case - RO Approve) FAILED because (of) (Stack trace: com.kms.katalon.core.exception.StepFailedException: Unable to click on object 'Object Repository/Final Object Repo/Landing Page/Select to English' (Root cause: com.kms.katalon.core.webui.exception.WebElementNotFoundException: Web element with id: 'Object Repository/Final Object Repo/Landing Page/Select to English' located by 'By.xpath: //a[@class = 'taglib-language-list-text' and @lang = 'en-US' and (contains(text(), 'EN') or contains(., 'EN'))]' not found)
	at com.kms.katalon.core.keyword.internal.KeywordMain.stepFailed(KeywordMain.groovy:32)
	at com.kms.katalon.core.webui.keyword.internal.WebUIKeywordMain.stepFailed(WebUIKeywordMain.groovy:65)
	at com.kms.katalon.core.webui.keyword.internal.WebUIKeywordMain.runKeyword(WebUIKeywordMain.groovy:27)
	at com.kms.katalon.core.webui.keyword.builtin.ClickKeyword.click(ClickKeyword.groovy:86)
	at com.kms.katalon.core.webui.keyword.builtin.ClickKeyword.execute(ClickKeyword.groovy:67)
	at com.kms.katalon.core.keyword.internal.KeywordExecutor.executeKeywordForPlatform(KeywordExecutor.groovy:53)
	at com.kms.katalon.core.webui.keyword.WebUiBuiltInKeywords.click(WebUiBuiltInKeywords.groovy:604)
	at com.kms.katalon.core.webui.keyword.WebUiBuiltInKeywords$click$6.call(Unknown Source)
	at Script1534407542420.run(Script1534407542420.groovy:57)
	at com.kms.katalon.core.main.ScriptEngine.run(ScriptEngine.java:183)
	at com.kms.katalon.core.main.ScriptEngine.runScriptAsRawText(ScriptEngine.java:108)
	at com.kms.katalon.core.main.TestCaseExecutor.runScript(TestCaseExecutor.java:294)
	at com.kms.katalon.core.main.TestCaseExecutor.doExecute(TestCaseExecutor.java:285)
	at com.kms.katalon.core.main.TestCaseExecutor.processExecutionPhase(TestCaseExecutor.java:264)
	at com.kms.katalon.core.main.TestCaseExecutor.accessMainPhase(TestCaseExecutor.java:256)
	at com.kms.katalon.core.main.TestCaseExecutor.execute(TestCaseExecutor.java:200)
	at com.kms.katalon.core.main.TestCaseMain.runTestCase(TestCaseMain.java:99)
	at com.kms.katalon.core.keyword.builtin.CallTestCaseKeyword$_callTestCase_closure1.doCall(CallTestCaseKeyword.groovy:60)
	at com.kms.katalon.core.keyword.builtin.CallTestCaseKeyword$_callTestCase_closure1.call(CallTestCaseKeyword.groovy)
	at com.kms.katalon.core.keyword.internal.KeywordMain.runKeyword(KeywordMain.groovy:54)
	at com.kms.katalon.core.keyword.builtin.CallTestCaseKeyword.callTestCase(CallTestCaseKeyword.groovy:81)
	at com.kms.katalon.core.keyword.builtin.CallTestCaseKeyword.execute(CallTestCaseKeyword.groovy:45)
	at com.kms.katalon.core.keyword.internal.KeywordExecutor.executeKeywordForPlatform(KeywordExecutor.groovy:53)
	at com.kms.katalon.core.keyword.BuiltinKeywords.callTestCase(BuiltinKeywords.groovy:334)
	at sun.reflect.GeneratedMethodAccessor13.invoke(Unknown Source)
	at sun.reflect.DelegatingMethodAccessorImpl.invoke(DelegatingMethodAccessorImpl.java:43)
	at java.lang.reflect.Method.invoke(Method.java:498)
	at org.codehaus.groovy.reflection.CachedMethod.invoke(CachedMethod.java:93)
	at groovy.lang.MetaMethod.doMethodInvoke(MetaMethod.java:325)
	at groovy.lang.MetaClassImpl.invokeStaticMethod(MetaClassImpl.java:1469)
	at org.codehaus.groovy.runtime.callsite.StaticMetaClassSite.call(StaticMetaClassSite.java:53)
	at org.codehaus.groovy.runtime.callsite.CallSiteArray.defaultCall(CallSiteArray.java:48)
	at org.codehaus.groovy.runtime.callsite.AbstractCallSite.call(AbstractCallSite.java:113)
	at org.codehaus.groovy.runtime.callsite.AbstractCallSite.call(AbstractCallSite.java:141)
	at Script1536220866356.run(Script1536220866356.groovy:125)
	at com.kms.katalon.core.main.ScriptEngine.run(ScriptEngine.java:183)
	at com.kms.katalon.core.main.ScriptEngine.runScriptAsRawText(ScriptEngine.java:108)
	at com.kms.katalon.core.main.TestCaseExecutor.runScript(TestCaseExecutor.java:294)
	at com.kms.katalon.core.main.TestCaseExecutor.doExecute(TestCaseExecutor.java:285)
	at com.kms.katalon.core.main.TestCaseExecutor.processExecutionPhase(TestCaseExecutor.java:264)
	at com.kms.katalon.core.main.TestCaseExecutor.accessMainPhase(TestCaseExecutor.java:256)
	at com.kms.katalon.core.main.TestCaseExecutor.execute(TestCaseExecutor.java:200)
	at com.kms.katalon.core.main.TestSuiteExecutor.accessTestCaseMainPhase(TestSuiteExecutor.java:129)
	at com.kms.katalon.core.main.TestSuiteExecutor.accessTestSuiteMainPhase(TestSuiteExecutor.java:112)
	at com.kms.katalon.core.main.TestSuiteExecutor.execute(TestSuiteExecutor.java:81)
	at com.kms.katalon.core.main.TestCaseMain.startTestSuite(TestCaseMain.java:142)
	at com.kms.katalon.core.main.TestCaseMain$startTestSuite$0.call(Unknown Source)
	at org.codehaus.groovy.runtime.callsite.CallSiteArray.defaultCall(CallSiteArray.java:48)
	at org.codehaus.groovy.runtime.callsite.AbstractCallSite.call(AbstractCallSite.java:113)
	at org.codehaus.groovy.runtime.callsite.AbstractCallSite.call(AbstractCallSite.java:141)
	at TempTestSuite1543287057153.run(TempTestSuite1543287057153.groovy:36)
	at groovy.lang.GroovyShell.runScriptOrMainOrTestOrRunnable(GroovyShell.java:263)
	at groovy.lang.GroovyShell.run(GroovyShell.java:518)
	at groovy.lang.GroovyShell.run(GroovyShell.java:507)
	at groovy.ui.GroovyMain.processOnce(GroovyMain.java:653)
	at groovy.ui.GroovyMain.run(GroovyMain.java:384)
	at groovy.ui.GroovyMain.process(GroovyMain.java:370)
	at groovy.ui.GroovyMain.processArgs(GroovyMain.java:129)
	at groovy.ui.GroovyMain.main(GroovyMain.java:109)
	at sun.reflect.NativeMethodAccessorImpl.invoke0(Native Method)
	at sun.reflect.NativeMethodAccessorImpl.invoke(NativeMethodAccessorImpl.java:62)
	at sun.reflect.DelegatingMethodAccessorImpl.invoke(DelegatingMethodAccessorImpl.java:43)
	at java.lang.reflect.Method.invoke(Method.java:498)
	at org.codehaus.groovy.tools.GroovyStarter.rootLoader(GroovyStarter.java:109)
	at org.codehaus.groovy.tools.GroovyStarter.main(GroovyStarter.java:131)
)]]></system-err>
      </testcase>
      <testcase name="Test Cases/Final Aug 2018 - PKS Automation/Registration Module/Workflow/Update Add New Employee/Special Case (PKR BO - RO Under Enforcement)" classname="Test Cases/Final Aug 2018 - PKS Automation/Registration Module/Workflow/Update Add New Employee/Special Case (PKR BO - RO Under Enforcement)" status="FAILED">
         <failure type="FAILED" message="(Stack trace: com.kms.katalon.core.exception.StepFailedException: Unable to click on object 'Object Repository/Final Object Repo/Landing Page/Select to English' (Root cause: com.kms.katalon.core.webui.exception.WebElementNotFoundException: Web element with id: 'Object Repository/Final Object Repo/Landing Page/Select to English' located by 'By.xpath: //a[@class = 'taglib-language-list-text' and @lang = 'en-US' and (contains(text(), 'EN') or contains(., 'EN'))]' not found)
	at com.kms.katalon.core.keyword.internal.KeywordMain.stepFailed(KeywordMain.groovy:32)
	at com.kms.katalon.core.webui.keyword.internal.WebUIKeywordMain.stepFailed(WebUIKeywordMain.groovy:65)
	at com.kms.katalon.core.webui.keyword.internal.WebUIKeywordMain.runKeyword(WebUIKeywordMain.groovy:27)
	at com.kms.katalon.core.webui.keyword.builtin.ClickKeyword.click(ClickKeyword.groovy:86)
	at com.kms.katalon.core.webui.keyword.builtin.ClickKeyword.execute(ClickKeyword.groovy:67)
	at com.kms.katalon.core.keyword.internal.KeywordExecutor.executeKeywordForPlatform(KeywordExecutor.groovy:53)
	at com.kms.katalon.core.webui.keyword.WebUiBuiltInKeywords.click(WebUiBuiltInKeywords.groovy:604)
	at com.kms.katalon.core.webui.keyword.WebUiBuiltInKeywords$click$6.call(Unknown Source)
	at Script1534407542420.run(Script1534407542420.groovy:57)
	at com.kms.katalon.core.main.ScriptEngine.run(ScriptEngine.java:183)
	at com.kms.katalon.core.main.ScriptEngine.runScriptAsRawText(ScriptEngine.java:108)
	at com.kms.katalon.core.main.TestCaseExecutor.runScript(TestCaseExecutor.java:294)
	at com.kms.katalon.core.main.TestCaseExecutor.doExecute(TestCaseExecutor.java:285)
	at com.kms.katalon.core.main.TestCaseExecutor.processExecutionPhase(TestCaseExecutor.java:264)
	at com.kms.katalon.core.main.TestCaseExecutor.accessMainPhase(TestCaseExecutor.java:256)
	at com.kms.katalon.core.main.TestCaseExecutor.execute(TestCaseExecutor.java:200)
	at com.kms.katalon.core.main.TestCaseMain.runTestCase(TestCaseMain.java:99)
	at com.kms.katalon.core.keyword.builtin.CallTestCaseKeyword$_callTestCase_closure1.doCall(CallTestCaseKeyword.groovy:60)
	at com.kms.katalon.core.keyword.builtin.CallTestCaseKeyword$_callTestCase_closure1.call(CallTestCaseKeyword.groovy)
	at com.kms.katalon.core.keyword.internal.KeywordMain.runKeyword(KeywordMain.groovy:54)
	at com.kms.katalon.core.keyword.builtin.CallTestCaseKeyword.callTestCase(CallTestCaseKeyword.groovy:81)
	at com.kms.katalon.core.keyword.builtin.CallTestCaseKeyword.execute(CallTestCaseKeyword.groovy:45)
	at com.kms.katalon.core.keyword.internal.KeywordExecutor.executeKeywordForPlatform(KeywordExecutor.groovy:53)
	at com.kms.katalon.core.keyword.BuiltinKeywords.callTestCase(BuiltinKeywords.groovy:334)
	at sun.reflect.GeneratedMethodAccessor13.invoke(Unknown Source)
	at sun.reflect.DelegatingMethodAccessorImpl.invoke(DelegatingMethodAccessorImpl.java:43)
	at java.lang.reflect.Method.invoke(Method.java:498)
	at org.codehaus.groovy.reflection.CachedMethod.invoke(CachedMethod.java:93)
	at groovy.lang.MetaMethod.doMethodInvoke(MetaMethod.java:325)
	at groovy.lang.MetaClassImpl.invokeStaticMethod(MetaClassImpl.java:1469)
	at org.codehaus.groovy.runtime.callsite.StaticMetaClassSite.call(StaticMetaClassSite.java:53)
	at org.codehaus.groovy.runtime.callsite.CallSiteArray.defaultCall(CallSiteArray.java:48)
	at org.codehaus.groovy.runtime.callsite.AbstractCallSite.call(AbstractCallSite.java:113)
	at org.codehaus.groovy.runtime.callsite.AbstractCallSite.call(AbstractCallSite.java:141)
	at Script1536116240292.run(Script1536116240292.groovy:121)
	at com.kms.katalon.core.main.ScriptEngine.run(ScriptEngine.java:183)
	at com.kms.katalon.core.main.ScriptEngine.runScriptAsRawText(ScriptEngine.java:108)
	at com.kms.katalon.core.main.TestCaseExecutor.runScript(TestCaseExecutor.java:294)
	at com.kms.katalon.core.main.TestCaseExecutor.doExecute(TestCaseExecutor.java:285)
	at com.kms.katalon.core.main.TestCaseExecutor.processExecutionPhase(TestCaseExecutor.java:264)
	at com.kms.katalon.core.main.TestCaseExecutor.accessMainPhase(TestCaseExecutor.java:256)
	at com.kms.katalon.core.main.TestCaseExecutor.execute(TestCaseExecutor.java:200)
	at com.kms.katalon.core.main.TestSuiteExecutor.accessTestCaseMainPhase(TestSuiteExecutor.java:129)
	at com.kms.katalon.core.main.TestSuiteExecutor.accessTestSuiteMainPhase(TestSuiteExecutor.java:112)
	at com.kms.katalon.core.main.TestSuiteExecutor.execute(TestSuiteExecutor.java:81)
	at com.kms.katalon.core.main.TestCaseMain.startTestSuite(TestCaseMain.java:142)
	at com.kms.katalon.core.main.TestCaseMain$startTestSuite$0.call(Unknown Source)
	at org.codehaus.groovy.runtime.callsite.CallSiteArray.defaultCall(CallSiteArray.java:48)
	at org.codehaus.groovy.runtime.callsite.AbstractCallSite.call(AbstractCallSite.java:113)
	at org.codehaus.groovy.runtime.callsite.AbstractCallSite.call(AbstractCallSite.java:141)
	at TempTestSuite1543287057153.run(TempTestSuite1543287057153.groovy:36)
	at groovy.lang.GroovyShell.runScriptOrMainOrTestOrRunnable(GroovyShell.java:263)
	at groovy.lang.GroovyShell.run(GroovyShell.java:518)
	at groovy.lang.GroovyShell.run(GroovyShell.java:507)
	at groovy.ui.GroovyMain.processOnce(GroovyMain.java:653)
	at groovy.ui.GroovyMain.run(GroovyMain.java:384)
	at groovy.ui.GroovyMain.process(GroovyMain.java:370)
	at groovy.ui.GroovyMain.processArgs(GroovyMain.java:129)
	at groovy.ui.GroovyMain.main(GroovyMain.java:109)
	at sun.reflect.NativeMethodAccessorImpl.invoke0(Native Method)
	at sun.reflect.NativeMethodAccessorImpl.invoke(NativeMethodAccessorImpl.java:62)
	at sun.reflect.DelegatingMethodAccessorImpl.invoke(DelegatingMethodAccessorImpl.java:43)
	at java.lang.reflect.Method.invoke(Method.java:498)
	at org.codehaus.groovy.tools.GroovyStarter.rootLoader(GroovyStarter.java:109)
	at org.codehaus.groovy.tools.GroovyStarter.main(GroovyStarter.java:131)
)"/>
         <system-out><![CDATA[2018-11-27 17:41:18 - [TEST_CASE][FAILED] - Test Cases/Final Aug 2018 - PKS Automation/Registration Module/Workflow/Update Add New Employee/Special Case (PKR BO - RO Under Enforcement): Test Cases/Final Aug 2018 - PKS Automation/Registration Module/Workflow/Update Add New Employee/Special Case (PKR BO - RO Under Enforcement) FAILED because (of) (Stack trace: com.kms.katalon.core.exception.StepFailedException: Unable to click on object 'Object Repository/Final Object Repo/Landing Page/Select to English' (Root cause: com.kms.katalon.core.webui.exception.WebElementNotFoundException: Web element with id: 'Object Repository/Final Object Repo/Landing Page/Select to English' located by 'By.xpath: //a[@class = 'taglib-language-list-text' and @lang = 'en-US' and (contains(text(), 'EN') or contains(., 'EN'))]' not found)
	at com.kms.katalon.core.keyword.internal.KeywordMain.stepFailed(KeywordMain.groovy:32)
	at com.kms.katalon.core.webui.keyword.internal.WebUIKeywordMain.stepFailed(WebUIKeywordMain.groovy:65)
	at com.kms.katalon.core.webui.keyword.internal.WebUIKeywordMain.runKeyword(WebUIKeywordMain.groovy:27)
	at com.kms.katalon.core.webui.keyword.builtin.ClickKeyword.click(ClickKeyword.groovy:86)
	at com.kms.katalon.core.webui.keyword.builtin.ClickKeyword.execute(ClickKeyword.groovy:67)
	at com.kms.katalon.core.keyword.internal.KeywordExecutor.executeKeywordForPlatform(KeywordExecutor.groovy:53)
	at com.kms.katalon.core.webui.keyword.WebUiBuiltInKeywords.click(WebUiBuiltInKeywords.groovy:604)
	at com.kms.katalon.core.webui.keyword.WebUiBuiltInKeywords$click$6.call(Unknown Source)
	at Script1534407542420.run(Script1534407542420.groovy:57)
	at com.kms.katalon.core.main.ScriptEngine.run(ScriptEngine.java:183)
	at com.kms.katalon.core.main.ScriptEngine.runScriptAsRawText(ScriptEngine.java:108)
	at com.kms.katalon.core.main.TestCaseExecutor.runScript(TestCaseExecutor.java:294)
	at com.kms.katalon.core.main.TestCaseExecutor.doExecute(TestCaseExecutor.java:285)
	at com.kms.katalon.core.main.TestCaseExecutor.processExecutionPhase(TestCaseExecutor.java:264)
	at com.kms.katalon.core.main.TestCaseExecutor.accessMainPhase(TestCaseExecutor.java:256)
	at com.kms.katalon.core.main.TestCaseExecutor.execute(TestCaseExecutor.java:200)
	at com.kms.katalon.core.main.TestCaseMain.runTestCase(TestCaseMain.java:99)
	at com.kms.katalon.core.keyword.builtin.CallTestCaseKeyword$_callTestCase_closure1.doCall(CallTestCaseKeyword.groovy:60)
	at com.kms.katalon.core.keyword.builtin.CallTestCaseKeyword$_callTestCase_closure1.call(CallTestCaseKeyword.groovy)
	at com.kms.katalon.core.keyword.internal.KeywordMain.runKeyword(KeywordMain.groovy:54)
	at com.kms.katalon.core.keyword.builtin.CallTestCaseKeyword.callTestCase(CallTestCaseKeyword.groovy:81)
	at com.kms.katalon.core.keyword.builtin.CallTestCaseKeyword.execute(CallTestCaseKeyword.groovy:45)
	at com.kms.katalon.core.keyword.internal.KeywordExecutor.executeKeywordForPlatform(KeywordExecutor.groovy:53)
	at com.kms.katalon.core.keyword.BuiltinKeywords.callTestCase(BuiltinKeywords.groovy:334)
	at sun.reflect.GeneratedMethodAccessor13.invoke(Unknown Source)
	at sun.reflect.DelegatingMethodAccessorImpl.invoke(DelegatingMethodAccessorImpl.java:43)
	at java.lang.reflect.Method.invoke(Method.java:498)
	at org.codehaus.groovy.reflection.CachedMethod.invoke(CachedMethod.java:93)
	at groovy.lang.MetaMethod.doMethodInvoke(MetaMethod.java:325)
	at groovy.lang.MetaClassImpl.invokeStaticMethod(MetaClassImpl.java:1469)
	at org.codehaus.groovy.runtime.callsite.StaticMetaClassSite.call(StaticMetaClassSite.java:53)
	at org.codehaus.groovy.runtime.callsite.CallSiteArray.defaultCall(CallSiteArray.java:48)
	at org.codehaus.groovy.runtime.callsite.AbstractCallSite.call(AbstractCallSite.java:113)
	at org.codehaus.groovy.runtime.callsite.AbstractCallSite.call(AbstractCallSite.java:141)
	at Script1536116240292.run(Script1536116240292.groovy:121)
	at com.kms.katalon.core.main.ScriptEngine.run(ScriptEngine.java:183)
	at com.kms.katalon.core.main.ScriptEngine.runScriptAsRawText(ScriptEngine.java:108)
	at com.kms.katalon.core.main.TestCaseExecutor.runScript(TestCaseExecutor.java:294)
	at com.kms.katalon.core.main.TestCaseExecutor.doExecute(TestCaseExecutor.java:285)
	at com.kms.katalon.core.main.TestCaseExecutor.processExecutionPhase(TestCaseExecutor.java:264)
	at com.kms.katalon.core.main.TestCaseExecutor.accessMainPhase(TestCaseExecutor.java:256)
	at com.kms.katalon.core.main.TestCaseExecutor.execute(TestCaseExecutor.java:200)
	at com.kms.katalon.core.main.TestSuiteExecutor.accessTestCaseMainPhase(TestSuiteExecutor.java:129)
	at com.kms.katalon.core.main.TestSuiteExecutor.accessTestSuiteMainPhase(TestSuiteExecutor.java:112)
	at com.kms.katalon.core.main.TestSuiteExecutor.execute(TestSuiteExecutor.java:81)
	at com.kms.katalon.core.main.TestCaseMain.startTestSuite(TestCaseMain.java:142)
	at com.kms.katalon.core.main.TestCaseMain$startTestSuite$0.call(Unknown Source)
	at org.codehaus.groovy.runtime.callsite.CallSiteArray.defaultCall(CallSiteArray.java:48)
	at org.codehaus.groovy.runtime.callsite.AbstractCallSite.call(AbstractCallSite.java:113)
	at org.codehaus.groovy.runtime.callsite.AbstractCallSite.call(AbstractCallSite.java:141)
	at TempTestSuite1543287057153.run(TempTestSuite1543287057153.groovy:36)
	at groovy.lang.GroovyShell.runScriptOrMainOrTestOrRunnable(GroovyShell.java:263)
	at groovy.lang.GroovyShell.run(GroovyShell.java:518)
	at groovy.lang.GroovyShell.run(GroovyShell.java:507)
	at groovy.ui.GroovyMain.processOnce(GroovyMain.java:653)
	at groovy.ui.GroovyMain.run(GroovyMain.java:384)
	at groovy.ui.GroovyMain.process(GroovyMain.java:370)
	at groovy.ui.GroovyMain.processArgs(GroovyMain.java:129)
	at groovy.ui.GroovyMain.main(GroovyMain.java:109)
	at sun.reflect.NativeMethodAccessorImpl.invoke0(Native Method)
	at sun.reflect.NativeMethodAccessorImpl.invoke(NativeMethodAccessorImpl.java:62)
	at sun.reflect.DelegatingMethodAccessorImpl.invoke(DelegatingMethodAccessorImpl.java:43)
	at java.lang.reflect.Method.invoke(Method.java:498)
	at org.codehaus.groovy.tools.GroovyStarter.rootLoader(GroovyStarter.java:109)
	at org.codehaus.groovy.tools.GroovyStarter.main(GroovyStarter.java:131)
)

2018-11-27 17:41:18 - [TEST_STEP][PASSED] - callTestCase: Call Test Case 'Test Cases/Final Aug 2018 - PKS Automation/Registration Module/Workflow/Update Add New Employee/Template/New Company for Update Add New' successfully

2018-11-27 17:41:18 - [TEST_CASE][PASSED] - Test Cases/Final Aug 2018 - PKS Automation/Registration Module/Workflow/Update Add New Employee/Template/New Company for Update Add New: Test Cases/Final Aug 2018 - PKS Automation/Registration Module/Workflow/Update Add New Employee/Template/New Company for Update Add New

2018-11-27 17:41:18 - [TEST_STEP][PASSED] - callTestCase: Call Test Case 'Test Cases/Final Aug 2018 - PKS Automation/Registration Module/New Registration/Form 1/Form 1 - Corporation - BHD' successfully

2018-11-27 17:41:19 - [TEST_CASE][PASSED] - Test Cases/Final Aug 2018 - PKS Automation/Registration Module/New Registration/Form 1/Form 1 - Corporation - BHD: Test Cases/Final Aug 2018 - PKS Automation/Registration Module/New Registration/Form 1/Form 1 - Corporation - BHD

2018-11-27 17:41:19 - [TEST_STEP][PASSED] - openBrowser: Browser is opened with url: ''

2018-11-27 17:41:19 - [MESSAGE][WARNING] - A browser is already opened. Closing browser and opening a new one

2018-11-27 17:41:22 - [MESSAGE][PASSED] - Browser is opened with url: ''

2018-11-27 17:41:22 - [TEST_STEP][PASSED] - navigateToUrl: Navigate to 'https://assist2-uat.perkeso.gov.my/login' successfully

2018-11-27 17:41:23 - [MESSAGE][PASSED] - Navigate to 'https://assist2-uat.perkeso.gov.my/login' successfully

2018-11-27 17:41:23 - [TEST_STEP][PASSED] - setText: Text 'johorotc1@gmail.com' is set on object 'Object Repository/Final Object Repo/Login Page/Internal User/Email Address'

2018-11-27 17:41:24 - [MESSAGE][PASSED] - Text 'johorotc1@gmail.com' is set on object 'Object Repository/Final Object Repo/Login Page/Internal User/Email Address'

2018-11-27 17:41:24 - [TEST_STEP][PASSED] - click: Object: 'Object Repository/Final Object Repo/Login Page/Internal User/Next Button' is clicked on

2018-11-27 17:41:24 - [MESSAGE][PASSED] - Object: 'Object Repository/Final Object Repo/Login Page/Internal User/Next Button' is clicked on

2018-11-27 17:41:24 - [TEST_STEP][PASSED] - delay: Delayed 1 second(s)

2018-11-27 17:41:25 - [MESSAGE][PASSED] - Delayed 1 second(s)

2018-11-27 17:41:25 - [TEST_STEP][PASSED] - setEncryptedText: Text ****** has been set on object 'Object Repository/Final Object Repo/Login Page/Internal User/Password'

2018-11-27 17:41:25 - [MESSAGE][PASSED] - Text ****** has been set on object 'Object Repository/Final Object Repo/Login Page/Internal User/Password'

2018-11-27 17:41:25 - [TEST_STEP][PASSED] - click: Object: 'Object Repository/Final Object Repo/Login Page/Internal User/Login Button' is clicked on

2018-11-27 17:41:25 - [MESSAGE][PASSED] - Object: 'Object Repository/Final Object Repo/Login Page/Internal User/Login Button' is clicked on

2018-11-27 17:41:25 - [TEST_STEP][PASSED] - delay: Delayed 1 second(s)

2018-11-27 17:41:26 - [MESSAGE][PASSED] - Delayed 1 second(s)

2018-11-27 17:41:26 - [TEST_STEP][PASSED] - Statement - Try: Delayed 2 second(s)

2018-11-27 17:41:26 - [TEST_STEP][PASSED] - Statement - Checker = false: null

2018-11-27 17:41:26 - [TEST_STEP][PASSED] - Statement - Checker = com.kms.katalon.core.webui.keyword.WebUiBuiltInKeywords.verifyElementHasAttribute(com.kms.katalon.core.testobject.ObjectRepository.findTestObject(Final Object Repo/Landing Page/BM Detecting), "href", 20, OPTIONAL): Object 'Object Repository/Final Object Repo/Landing Page/BM Detecting' has attribute 'href'

2018-11-27 17:41:27 - [MESSAGE][PASSED] - Object 'Object Repository/Final Object Repo/Landing Page/BM Detecting' has attribute 'href'

2018-11-27 17:41:27 - [TEST_STEP][PASSED] - Statement - out.println(Checker): null

2018-11-27 17:41:27 - [TEST_STEP][PASSED] - Statement - If (Checker == false): null

2018-11-27 17:41:27 - [TEST_STEP][PASSED] - Statement - Else: null

2018-11-27 17:41:27 - [TEST_STEP][PASSED] - delay: Delayed 2 second(s)

2018-11-27 17:41:29 - [MESSAGE][PASSED] - Delayed 2 second(s)

2018-11-27 17:41:29 - [TEST_STEP][PASSED] - navigateToUrl: Navigate to 'https://assist2-uat.perkeso.gov.my/web/registration/registration' successfully

2018-11-27 17:41:31 - [MESSAGE][PASSED] - Navigate to 'https://assist2-uat.perkeso.gov.my/web/registration/registration' successfully

2018-11-27 17:41:31 - [TEST_STEP][PASSED] - click: Object: 'Object Repository/Final Object Repo/New Registration - Registration Module Pages/Form 1/AEC - No' is clicked on

2018-11-27 17:41:31 - [MESSAGE][PASSED] - Object: 'Object Repository/Final Object Repo/New Registration - Registration Module Pages/Form 1/AEC - No' is clicked on

2018-11-27 17:41:31 - [TEST_STEP][PASSED] - click: Object: 'Object Repository/Final Object Repo/New Registration - Registration Module Pages/Form 1/Business Entity' is clicked on

2018-11-27 17:41:31 - [MESSAGE][PASSED] - Object: 'Object Repository/Final Object Repo/New Registration - Registration Module Pages/Form 1/Business Entity' is clicked on

2018-11-27 17:41:31 - [TEST_STEP][PASSED] - click: Object: 'Object Repository/Final Object Repo/New Registration - Registration Module Pages/Form 1/Businees Entity - Corporation' is clicked on

2018-11-27 17:41:31 - [MESSAGE][PASSED] - Object: 'Object Repository/Final Object Repo/New Registration - Registration Module Pages/Form 1/Businees Entity - Corporation' is clicked on

2018-11-27 17:41:31 - [TEST_STEP][PASSED] - delay: Delayed 1 second(s)

2018-11-27 17:41:32 - [MESSAGE][PASSED] - Delayed 1 second(s)

2018-11-27 17:41:32 - [TEST_STEP][PASSED] - click: Object: 'Object Repository/Final Object Repo/New Registration - Registration Module Pages/Form 1/Sub Business Entity' is clicked on

2018-11-27 17:41:32 - [MESSAGE][PASSED] - Object: 'Object Repository/Final Object Repo/New Registration - Registration Module Pages/Form 1/Sub Business Entity' is clicked on

2018-11-27 17:41:32 - [TEST_STEP][PASSED] - click: Object: 'Object Repository/Final Object Repo/New Registration - Registration Module Pages/Form 1/Sub Business Entity - Berhad' is clicked on

2018-11-27 17:41:33 - [MESSAGE][PASSED] - Object: 'Object Repository/Final Object Repo/New Registration - Registration Module Pages/Form 1/Sub Business Entity - Berhad' is clicked on

2018-11-27 17:41:33 - [TEST_STEP][PASSED] - delay: Delayed 1 second(s)

2018-11-27 17:41:34 - [MESSAGE][PASSED] - Delayed 1 second(s)

2018-11-27 17:41:34 - [TEST_STEP][PASSED] - setText: Text '123' is set on object 'Object Repository/Final Object Repo/New Registration - Registration Module Pages/Form 1/Registration Number'

2018-11-27 17:41:34 - [MESSAGE][PASSED] - Text '123' is set on object 'Object Repository/Final Object Repo/New Registration - Registration Module Pages/Form 1/Registration Number'

2018-11-27 17:41:34 - [TEST_STEP][PASSED] - click: Object: 'Object Repository/Final Object Repo/New Registration - Registration Module Pages/Form 1/Registred with SSM - Before Feb' is clicked on

2018-11-27 17:41:34 - [MESSAGE][PASSED] - Object: 'Object Repository/Final Object Repo/New Registration - Registration Module Pages/Form 1/Registred with SSM - Before Feb' is clicked on

2018-11-27 17:41:34 - [TEST_STEP][PASSED] - click: Object: 'Object Repository/Final Object Repo/New Registration - Registration Module Pages/Form 1/Registered As a Branch - Yes' is clicked on

2018-11-27 17:41:34 - [MESSAGE][PASSED] - Object: 'Object Repository/Final Object Repo/New Registration - Registration Module Pages/Form 1/Registered As a Branch - Yes' is clicked on

2018-11-27 17:41:34 - [TEST_STEP][PASSED] - click: Object: 'Object Repository/Final Object Repo/New Registration - Registration Module Pages/Form 1/Acknowledgement' is clicked on

2018-11-27 17:41:34 - [MESSAGE][PASSED] - Object: 'Object Repository/Final Object Repo/New Registration - Registration Module Pages/Form 1/Acknowledgement' is clicked on

2018-11-27 17:41:34 - [TEST_STEP][PASSED] - setText: Text 'perkeso' is set on object 'Object Repository/Final Object Repo/New Registration - Registration Module Pages/Form 1/Industry name'

2018-11-27 17:41:35 - [MESSAGE][PASSED] - Text 'perkeso' is set on object 'Object Repository/Final Object Repo/New Registration - Registration Module Pages/Form 1/Industry name'

2018-11-27 17:41:35 - [TEST_STEP][PASSED] - setText: Text 'perkeso1' is set on object 'Object Repository/Final Object Repo/New Registration - Registration Module Pages/Form 1/Postal Address1'

2018-11-27 17:41:35 - [MESSAGE][PASSED] - Text 'perkeso1' is set on object 'Object Repository/Final Object Repo/New Registration - Registration Module Pages/Form 1/Postal Address1'

2018-11-27 17:41:35 - [TEST_STEP][PASSED] - setText: Text 'perkeso2' is set on object 'Object Repository/Final Object Repo/New Registration - Registration Module Pages/Form 1/Postal Address2'

2018-11-27 17:41:35 - [MESSAGE][PASSED] - Text 'perkeso2' is set on object 'Object Repository/Final Object Repo/New Registration - Registration Module Pages/Form 1/Postal Address2'

2018-11-27 17:41:35 - [TEST_STEP][PASSED] - setText: Text 'perkeso3' is set on object 'Object Repository/Final Object Repo/New Registration - Registration Module Pages/Form 1/Postal Address3'

2018-11-27 17:41:36 - [MESSAGE][PASSED] - Text 'perkeso3' is set on object 'Object Repository/Final Object Repo/New Registration - Registration Module Pages/Form 1/Postal Address3'

2018-11-27 17:41:36 - [TEST_STEP][PASSED] - click: Object: 'Object Repository/Final Object Repo/New Registration - Registration Module Pages/Form 1/State' is clicked on

2018-11-27 17:41:36 - [MESSAGE][PASSED] - Object: 'Object Repository/Final Object Repo/New Registration - Registration Module Pages/Form 1/State' is clicked on

2018-11-27 17:41:36 - [TEST_STEP][PASSED] - click: Object: 'Object Repository/Final Object Repo/New Registration - Registration Module Pages/Form 1/State - Johor' is clicked on

2018-11-27 17:41:36 - [MESSAGE][PASSED] - Object: 'Object Repository/Final Object Repo/New Registration - Registration Module Pages/Form 1/State - Johor' is clicked on

2018-11-27 17:41:36 - [TEST_STEP][PASSED] - delay: Delayed 1 second(s)

2018-11-27 17:41:37 - [MESSAGE][PASSED] - Delayed 1 second(s)

2018-11-27 17:41:37 - [TEST_STEP][PASSED] - click: Object: 'Object Repository/Final Object Repo/New Registration - Registration Module Pages/Form 1/City' is clicked on

2018-11-27 17:41:37 - [MESSAGE][PASSED] - Object: 'Object Repository/Final Object Repo/New Registration - Registration Module Pages/Form 1/City' is clicked on

2018-11-27 17:41:37 - [TEST_STEP][PASSED] - setText: Text 'joh' is set on object 'Object Repository/Final Object Repo/New Registration - Registration Module Pages/Form 1/Postcode - 810'

2018-11-27 17:41:37 - [MESSAGE][PASSED] - Text 'joh' is set on object 'Object Repository/Final Object Repo/New Registration - Registration Module Pages/Form 1/Postcode - 810'

2018-11-27 17:41:37 - [TEST_STEP][PASSED] - delay: Delayed 1 second(s)

2018-11-27 17:41:38 - [MESSAGE][PASSED] - Delayed 1 second(s)

2018-11-27 17:41:38 - [TEST_STEP][PASSED] - click: Object: 'Object Repository/Final Object Repo/New Registration - Registration Module Pages/Form 1/City - Johor Bharu' is clicked on

2018-11-27 17:41:39 - [MESSAGE][PASSED] - Object: 'Object Repository/Final Object Repo/New Registration - Registration Module Pages/Form 1/City - Johor Bharu' is clicked on

2018-11-27 17:41:39 - [TEST_STEP][PASSED] - delay: Delayed 1 second(s)

2018-11-27 17:41:40 - [MESSAGE][PASSED] - Delayed 1 second(s)

2018-11-27 17:41:40 - [TEST_STEP][PASSED] - click: Object: 'Object Repository/Final Object Repo/New Registration - Registration Module Pages/Form 1/Postcode' is clicked on

2018-11-27 17:41:40 - [MESSAGE][PASSED] - Object: 'Object Repository/Final Object Repo/New Registration - Registration Module Pages/Form 1/Postcode' is clicked on

2018-11-27 17:41:40 - [TEST_STEP][PASSED] - delay: Delayed 1 second(s)

2018-11-27 17:41:41 - [MESSAGE][PASSED] - Delayed 1 second(s)

2018-11-27 17:41:41 - [TEST_STEP][PASSED] - setText: Text '810' is set on object 'Object Repository/Final Object Repo/New Registration - Registration Module Pages/Form 1/Postcode - 810'

2018-11-27 17:41:41 - [MESSAGE][PASSED] - Text '810' is set on object 'Object Repository/Final Object Repo/New Registration - Registration Module Pages/Form 1/Postcode - 810'

2018-11-27 17:41:41 - [TEST_STEP][PASSED] - delay: Delayed 3 second(s)

2018-11-27 17:41:44 - [MESSAGE][PASSED] - Delayed 3 second(s)

2018-11-27 17:41:44 - [TEST_STEP][PASSED] - click: Object: 'Object Repository/Final Object Repo/New Registration - Registration Module Pages/Form 1/Postcode - 81000' is clicked on

2018-11-27 17:41:44 - [MESSAGE][PASSED] - Object: 'Object Repository/Final Object Repo/New Registration - Registration Module Pages/Form 1/Postcode - 81000' is clicked on

2018-11-27 17:41:44 - [TEST_STEP][PASSED] - delay: Delayed 1 second(s)

2018-11-27 17:41:45 - [MESSAGE][PASSED] - Delayed 1 second(s)

2018-11-27 17:41:45 - [TEST_STEP][PASSED] - setText: Text '100' is set on object 'Object Repository/Final Object Repo/New Registration - Registration Module Pages/Form 1/P.O.BOX'

2018-11-27 17:41:46 - [MESSAGE][PASSED] - Text '100' is set on object 'Object Repository/Final Object Repo/New Registration - Registration Module Pages/Form 1/P.O.BOX'

2018-11-27 17:41:46 - [TEST_STEP][PASSED] - setText: Text '100' is set on object 'Object Repository/Final Object Repo/New Registration - Registration Module Pages/Form 1/Locked Bag No'

2018-11-27 17:41:46 - [MESSAGE][PASSED] - Text '100' is set on object 'Object Repository/Final Object Repo/New Registration - Registration Module Pages/Form 1/Locked Bag No'

2018-11-27 17:41:46 - [TEST_STEP][PASSED] - click: Object: 'Object Repository/Final Object Repo/New Registration - Registration Module Pages/Form 1/SOCSO Office Location' is clicked on

2018-11-27 17:41:46 - [MESSAGE][PASSED] - Object: 'Object Repository/Final Object Repo/New Registration - Registration Module Pages/Form 1/SOCSO Office Location' is clicked on

2018-11-27 17:41:46 - [TEST_STEP][PASSED] - click: Object: 'Object Repository/Final Object Repo/New Registration - Registration Module Pages/Form 1/SOCSO Office Location - Pejabat PERKESO Negeri Johor' is clicked on

2018-11-27 17:41:46 - [MESSAGE][PASSED] - Object: 'Object Repository/Final Object Repo/New Registration - Registration Module Pages/Form 1/SOCSO Office Location - Pejabat PERKESO Negeri Johor' is clicked on

2018-11-27 17:41:46 - [TEST_STEP][PASSED] - delay: Delayed 1 second(s)

2018-11-27 17:41:47 - [MESSAGE][PASSED] - Delayed 1 second(s)

2018-11-27 17:41:47 - [TEST_STEP][PASSED] - check: Object 'Object Repository/Final Object Repo/New Registration - Registration Module Pages/Form 1/Indusrty Address Same As Postal Address' is checked

2018-11-27 17:41:47 - [MESSAGE][PASSED] - Object 'Object Repository/Final Object Repo/New Registration - Registration Module Pages/Form 1/Indusrty Address Same As Postal Address' is checked

2018-11-27 17:41:47 - [TEST_STEP][PASSED] - delay: Delayed 3 second(s)

2018-11-27 17:41:50 - [MESSAGE][PASSED] - Delayed 3 second(s)

2018-11-27 17:41:50 - [TEST_STEP][PASSED] - click: Object: 'Object Repository/Final Object Repo/New Registration - Registration Module Pages/Form 1/Indusry Address Same As Postal Address False' is clicked on

2018-11-27 17:41:51 - [MESSAGE][PASSED] - Object: 'Object Repository/Final Object Repo/New Registration - Registration Module Pages/Form 1/Indusry Address Same As Postal Address False' is clicked on

2018-11-27 17:41:51 - [TEST_STEP][PASSED] - delay: Delayed 1 second(s)

2018-11-27 17:41:52 - [MESSAGE][PASSED] - Delayed 1 second(s)

2018-11-27 17:41:52 - [TEST_STEP][PASSED] - setText: Text 'perkeso1' is set on object 'Object Repository/Final Object Repo/New Registration - Registration Module Pages/Form 1/Industry Address1'

2018-11-27 17:41:52 - [MESSAGE][PASSED] - Text 'perkeso1' is set on object 'Object Repository/Final Object Repo/New Registration - Registration Module Pages/Form 1/Industry Address1'

2018-11-27 17:41:52 - [TEST_STEP][PASSED] - setText: Text 'perkeso2' is set on object 'Object Repository/Final Object Repo/New Registration - Registration Module Pages/Form 1/Industry Address2'

2018-11-27 17:41:52 - [MESSAGE][PASSED] - Text 'perkeso2' is set on object 'Object Repository/Final Object Repo/New Registration - Registration Module Pages/Form 1/Industry Address2'

2018-11-27 17:41:52 - [TEST_STEP][PASSED] - setText: Text 'perkeso3' is set on object 'Object Repository/Final Object Repo/New Registration - Registration Module Pages/Form 1/Industry Address3'

2018-11-27 17:41:53 - [MESSAGE][PASSED] - Text 'perkeso3' is set on object 'Object Repository/Final Object Repo/New Registration - Registration Module Pages/Form 1/Industry Address3'

2018-11-27 17:41:53 - [TEST_STEP][PASSED] - click: Object: 'Object Repository/Final Object Repo/New Registration - Registration Module Pages/Form 1/Industry State' is clicked on

2018-11-27 17:41:53 - [MESSAGE][PASSED] - Object: 'Object Repository/Final Object Repo/New Registration - Registration Module Pages/Form 1/Industry State' is clicked on

2018-11-27 17:41:53 - [TEST_STEP][PASSED] - delay: Delayed 2 second(s)

2018-11-27 17:41:55 - [MESSAGE][PASSED] - Delayed 2 second(s)

2018-11-27 17:41:55 - [TEST_STEP][PASSED] - click: Object: 'Object Repository/Final Object Repo/New Registration - Registration Module Pages/Form 1/Industry State - Johor' is clicked on

2018-11-27 17:41:55 - [MESSAGE][PASSED] - Object: 'Object Repository/Final Object Repo/New Registration - Registration Module Pages/Form 1/Industry State - Johor' is clicked on

2018-11-27 17:41:55 - [TEST_STEP][PASSED] - delay: Delayed 2 second(s)

2018-11-27 17:41:57 - [MESSAGE][PASSED] - Delayed 2 second(s)

2018-11-27 17:41:57 - [TEST_STEP][PASSED] - click: Object: 'Object Repository/Final Object Repo/New Registration - Registration Module Pages/Form 1/Industry Ciry' is clicked on

2018-11-27 17:41:57 - [MESSAGE][PASSED] - Object: 'Object Repository/Final Object Repo/New Registration - Registration Module Pages/Form 1/Industry Ciry' is clicked on

2018-11-27 17:41:57 - [TEST_STEP][PASSED] - setText: Text 'joh' is set on object 'Object Repository/Final Object Repo/New Registration - Registration Module Pages/Form 1/Industry Ciry - joh'

2018-11-27 17:41:57 - [MESSAGE][PASSED] - Text 'joh' is set on object 'Object Repository/Final Object Repo/New Registration - Registration Module Pages/Form 1/Industry Ciry - joh'

2018-11-27 17:41:57 - [TEST_STEP][PASSED] - delay: Delayed 2 second(s)

2018-11-27 17:41:59 - [MESSAGE][PASSED] - Delayed 2 second(s)

2018-11-27 17:41:59 - [TEST_STEP][PASSED] - click: Object: 'Object Repository/Final Object Repo/New Registration - Registration Module Pages/Form 1/Industy State - Johor Bharu' is clicked on

2018-11-27 17:42:00 - [MESSAGE][PASSED] - Object: 'Object Repository/Final Object Repo/New Registration - Registration Module Pages/Form 1/Industy State - Johor Bharu' is clicked on

2018-11-27 17:42:00 - [TEST_STEP][PASSED] - delay: Delayed 1 second(s)

2018-11-27 17:42:01 - [MESSAGE][PASSED] - Delayed 1 second(s)

2018-11-27 17:42:01 - [TEST_STEP][PASSED] - click: Object: 'Object Repository/Final Object Repo/New Registration - Registration Module Pages/Form 1/Indusry PostCode' is clicked on

2018-11-27 17:42:01 - [MESSAGE][PASSED] - Object: 'Object Repository/Final Object Repo/New Registration - Registration Module Pages/Form 1/Indusry PostCode' is clicked on

2018-11-27 17:42:01 - [TEST_STEP][PASSED] - delay: Delayed 1 second(s)

2018-11-27 17:42:02 - [MESSAGE][PASSED] - Delayed 1 second(s)

2018-11-27 17:42:02 - [TEST_STEP][PASSED] - setText: Text '810' is set on object 'Object Repository/Final Object Repo/New Registration - Registration Module Pages/Form 1/Insutry Post Code - 810'

2018-11-27 17:42:02 - [MESSAGE][PASSED] - Text '810' is set on object 'Object Repository/Final Object Repo/New Registration - Registration Module Pages/Form 1/Insutry Post Code - 810'

2018-11-27 17:42:02 - [TEST_STEP][PASSED] - delay: Delayed 1 second(s)

2018-11-27 17:42:03 - [MESSAGE][PASSED] - Delayed 1 second(s)

2018-11-27 17:42:03 - [TEST_STEP][PASSED] - click: Object: 'Object Repository/Final Object Repo/New Registration - Registration Module Pages/Form 1/Insutry Post Code - 81000' is clicked on

2018-11-27 17:42:03 - [MESSAGE][PASSED] - Object: 'Object Repository/Final Object Repo/New Registration - Registration Module Pages/Form 1/Insutry Post Code - 81000' is clicked on

2018-11-27 17:42:03 - [TEST_STEP][PASSED] - delay: Delayed 1 second(s)

2018-11-27 17:42:04 - [MESSAGE][PASSED] - Delayed 1 second(s)

2018-11-27 17:42:04 - [TEST_STEP][PASSED] - setText: Text '100' is set on object 'Object Repository/Final Object Repo/New Registration - Registration Module Pages/Form 1/Industry P.O.BOX'

2018-11-27 17:42:04 - [MESSAGE][PASSED] - Text '100' is set on object 'Object Repository/Final Object Repo/New Registration - Registration Module Pages/Form 1/Industry P.O.BOX'

2018-11-27 17:42:04 - [TEST_STEP][PASSED] - setText: Text '100' is set on object 'Object Repository/Final Object Repo/New Registration - Registration Module Pages/Form 1/Industry Locked Bag No'

2018-11-27 17:42:05 - [MESSAGE][PASSED] - Text '100' is set on object 'Object Repository/Final Object Repo/New Registration - Registration Module Pages/Form 1/Industry Locked Bag No'

2018-11-27 17:42:05 - [TEST_STEP][PASSED] - setText: Text '123456789' is set on object 'Object Repository/Final Object Repo/New Registration - Registration Module Pages/Form 1/Telephone No'

2018-11-27 17:42:05 - [MESSAGE][PASSED] - Text '123456789' is set on object 'Object Repository/Final Object Repo/New Registration - Registration Module Pages/Form 1/Telephone No'

2018-11-27 17:42:05 - [TEST_STEP][PASSED] - setText: Text '123456789' is set on object 'Object Repository/Final Object Repo/New Registration - Registration Module Pages/Form 1/Mobile No'

2018-11-27 17:42:05 - [MESSAGE][PASSED] - Text '123456789' is set on object 'Object Repository/Final Object Repo/New Registration - Registration Module Pages/Form 1/Mobile No'

2018-11-27 17:42:05 - [TEST_STEP][PASSED] - setText: Text '123456789' is set on object 'Object Repository/Final Object Repo/New Registration - Registration Module Pages/Form 1/Fax No'

2018-11-27 17:42:06 - [MESSAGE][PASSED] - Text '123456789' is set on object 'Object Repository/Final Object Repo/New Registration - Registration Module Pages/Form 1/Fax No'

2018-11-27 17:42:06 - [TEST_STEP][PASSED] - click: Object: 'Object Repository/Final Object Repo/New Registration - Registration Module Pages/Form 1/Industry Code' is clicked on

2018-11-27 17:42:06 - [MESSAGE][PASSED] - Object: 'Object Repository/Final Object Repo/New Registration - Registration Module Pages/Form 1/Industry Code' is clicked on

2018-11-27 17:42:06 - [TEST_STEP][PASSED] - click: Object: 'Object Repository/Final Object Repo/New Registration - Registration Module Pages/Form 1/Indudustry Code - Crops and Animal' is clicked on

2018-11-27 17:42:06 - [MESSAGE][PASSED] - Object: 'Object Repository/Final Object Repo/New Registration - Registration Module Pages/Form 1/Indudustry Code - Crops and Animal' is clicked on

2018-11-27 17:42:06 - [TEST_STEP][PASSED] - delay: Delayed 1 second(s)

2018-11-27 17:42:07 - [MESSAGE][PASSED] - Delayed 1 second(s)

2018-11-27 17:42:07 - [TEST_STEP][PASSED] - click: Object: 'Object Repository/Final Object Repo/New Registration - Registration Module Pages/Form 1/Sub Industry Code List' is clicked on

2018-11-27 17:42:08 - [MESSAGE][PASSED] - Object: 'Object Repository/Final Object Repo/New Registration - Registration Module Pages/Form 1/Sub Industry Code List' is clicked on

2018-11-27 17:42:08 - [TEST_STEP][PASSED] - click: Object: 'Object Repository/Final Object Repo/New Registration - Registration Module Pages/Form 1/Sub Industry Code List - Growing of Maize' is clicked on

2018-11-27 17:42:08 - [MESSAGE][PASSED] - Object: 'Object Repository/Final Object Repo/New Registration - Registration Module Pages/Form 1/Sub Industry Code List - Growing of Maize' is clicked on

2018-11-27 17:42:08 - [TEST_STEP][PASSED] - setText: Text 'perkeso123@gmail.com' is set on object 'Object Repository/Final Object Repo/New Registration - Registration Module Pages/Form 1/Email'

2018-11-27 17:42:08 - [MESSAGE][PASSED] - Text 'perkeso123@gmail.com' is set on object 'Object Repository/Final Object Repo/New Registration - Registration Module Pages/Form 1/Email'

2018-11-27 17:42:08 - [TEST_STEP][PASSED] - click: Object: 'Object Repository/Final Object Repo/New Registration - Registration Module Pages/Form 1/Method of Contribution Payment' is clicked on

2018-11-27 17:42:09 - [MESSAGE][PASSED] - Object: 'Object Repository/Final Object Repo/New Registration - Registration Module Pages/Form 1/Method of Contribution Payment' is clicked on

2018-11-27 17:42:09 - [TEST_STEP][PASSED] - click: Object: 'Object Repository/Final Object Repo/New Registration - Registration Module Pages/Form 1/Method of Contribution Payment - Portal' is clicked on

2018-11-27 17:42:09 - [MESSAGE][PASSED] - Object: 'Object Repository/Final Object Repo/New Registration - Registration Module Pages/Form 1/Method of Contribution Payment - Portal' is clicked on

2018-11-27 17:42:09 - [TEST_STEP][PASSED] - click: Object: 'Object Repository/Final Object Repo/New Registration - Registration Module Pages/Form 1/Servide Type' is clicked on

2018-11-27 17:42:09 - [MESSAGE][PASSED] - Object: 'Object Repository/Final Object Repo/New Registration - Registration Module Pages/Form 1/Servide Type' is clicked on

2018-11-27 17:42:09 - [TEST_STEP][PASSED] - click: Object: 'Object Repository/Final Object Repo/New Registration - Registration Module Pages/Form 1/Servide Type - Professional Bodies' is clicked on

2018-11-27 17:42:09 - [MESSAGE][PASSED] - Object: 'Object Repository/Final Object Repo/New Registration - Registration Module Pages/Form 1/Servide Type - Professional Bodies' is clicked on

2018-11-27 17:42:09 - [TEST_STEP][PASSED] - click: Object: 'Object Repository/Final Object Repo/New Registration - Registration Module Pages/Form 1/Industry Venue' is clicked on

2018-11-27 17:42:09 - [MESSAGE][PASSED] - Object: 'Object Repository/Final Object Repo/New Registration - Registration Module Pages/Form 1/Industry Venue' is clicked on

2018-11-27 17:42:09 - [TEST_STEP][PASSED] - click: Object: 'Object Repository/Final Object Repo/New Registration - Registration Module Pages/Form 1/Industry Venue -  PPN JOHOR' is clicked on

2018-11-27 17:42:10 - [MESSAGE][PASSED] - Object: 'Object Repository/Final Object Repo/New Registration - Registration Module Pages/Form 1/Industry Venue -  PPN JOHOR' is clicked on

2018-11-27 17:42:10 - [TEST_STEP][PASSED] - click: Object: 'Object Repository/Final Object Repo/New Registration - Registration Module Pages/Form 1/Save  Continue' is clicked on

2018-11-27 17:42:10 - [MESSAGE][PASSED] - Object: 'Object Repository/Final Object Repo/New Registration - Registration Module Pages/Form 1/Save  Continue' is clicked on

2018-11-27 17:42:10 - [MESSAGE][PASSED] - Call Test Case 'Test Cases/Final Aug 2018 - PKS Automation/Registration Module/New Registration/Form 1/Form 1 - Corporation - BHD' successfully

2018-11-27 17:42:10 - [TEST_STEP][PASSED] - callTestCase: Call Test Case 'Test Cases/Final Aug 2018 - PKS Automation/Registration Module/New Registration/Form 2/Add 1 Eligible' successfully

2018-11-27 17:42:10 - [TEST_CASE][PASSED] - Test Cases/Final Aug 2018 - PKS Automation/Registration Module/New Registration/Form 2/Add 1 Eligible: Test Cases/Final Aug 2018 - PKS Automation/Registration Module/New Registration/Form 2/Add 1 Eligible

2018-11-27 17:42:10 - [TEST_STEP][PASSED] - delay: Delayed 2 second(s)

2018-11-27 17:42:12 - [MESSAGE][PASSED] - Delayed 2 second(s)

2018-11-27 17:42:12 - [TEST_STEP][PASSED] - callTestCase: Call Test Case 'Test Cases/Final Aug 2018 - PKS Automation/Registration Module/New Registration/Form 2/Date Updater' successfully

2018-11-27 17:42:12 - [TEST_CASE][PASSED] - Test Cases/Final Aug 2018 - PKS Automation/Registration Module/New Registration/Form 2/Date Updater: Test Cases/Final Aug 2018 - PKS Automation/Registration Module/New Registration/Form 2/Date Updater

2018-11-27 17:42:12 - [TEST_STEP][PASSED] - Statement - TodayDate = new java.util.Date(): null

2018-11-27 17:42:12 - [TEST_STEP][PASSED] - Statement - CurrentDateNoFilter = new java.text.SimpleDateFormat(): null

2018-11-27 17:42:12 - [TEST_STEP][PASSED] - Statement - CurrentDateNoFilter.applyPattern("dd"): null

2018-11-27 17:42:12 - [TEST_STEP][PASSED] - Statement - CurrentDate = CurrentDateNoFilter.format(TodayDate): null

2018-11-27 17:42:12 - [TEST_STEP][PASSED] - Statement - CurrentDate = java.lang.Integer.parseInt(CurrentDate): null

2018-11-27 17:42:12 - [TEST_STEP][PASSED] - Statement - CurrentDate = CurrentDate: null

2018-11-27 17:42:12 - [TEST_STEP][PASSED] - Statement - CurrentDay = java.lang.Integer.parseInt(CurrentDate): null

2018-11-27 17:42:12 - [TEST_STEP][PASSED] - Statement - aDayBefore = CurrentDay + 1: null

2018-11-27 17:42:12 - [TEST_STEP][PASSED] - Statement - DayBefore = aDayBefore.toString(): null

2018-11-27 17:42:12 - [TEST_STEP][PASSED] - Statement - OneDayBefore = DayBefore: null

2018-11-27 17:42:12 - [TEST_STEP][PASSED] - Statement - CurrentDateNoFilter.applyPattern("MM"): null

2018-11-27 17:42:12 - [TEST_STEP][PASSED] - Statement - monthContainerMatcher = java.lang.Integer.parseInt(CurrentDateNoFilter.format(TodayDate)): null

2018-11-27 17:42:12 - [TEST_STEP][PASSED] - Statement - monthContainerMatcher = monthContainerMatcher - 1: null

2018-11-27 17:42:12 - [TEST_STEP][PASSED] - Statement - CurrentMonth = monthContainerMatcher.toString(): null

2018-11-27 17:42:12 - [TEST_STEP][PASSED] - Statement - CurrentMonth = CurrentMonth: null

2018-11-27 17:42:12 - [TEST_STEP][PASSED] - Statement - CurrentDateNoFilter.applyPattern("yyyy"): null

2018-11-27 17:42:12 - [TEST_STEP][PASSED] - Statement - CurrentYear = CurrentDateNoFilter.format(TodayDate): null

2018-11-27 17:42:12 - [TEST_STEP][PASSED] - Statement - CurrentYear = CurrentYear: null

2018-11-27 17:42:12 - [TEST_STEP][PASSED] - Statement - intCurrentYear = java.lang.Integer.parseInt(CurrentDateNoFilter.format(TodayDate)): null

2018-11-27 17:42:12 - [TEST_STEP][PASSED] - Statement - eighteenYrsAgo = intCurrentYear - 18: null

2018-11-27 17:42:12 - [TEST_STEP][PASSED] - Statement - eighteenYrsBeforeThisYr = eighteenYrsAgo.toString(): null

2018-11-27 17:42:12 - [TEST_STEP][PASSED] - Statement - EighteenYrsBefore = eighteenYrsBeforeThisYr: null

2018-11-27 17:42:12 - [TEST_STEP][PASSED] - Statement - fiftysevenYrsAgo = intCurrentYear - 57: null

2018-11-27 17:42:12 - [TEST_STEP][PASSED] - Statement - fiftysevenYrsBeforeThisYr = fiftysevenYrsAgo.toString(): null

2018-11-27 17:42:12 - [TEST_STEP][PASSED] - Statement - FiftysevenYrsBefore = fiftysevenYrsBeforeThisYr: null

2018-11-27 17:42:12 - [MESSAGE][PASSED] - Call Test Case 'Test Cases/Final Aug 2018 - PKS Automation/Registration Module/New Registration/Form 2/Date Updater' successfully

2018-11-27 17:42:12 - [TEST_STEP][PASSED] - delay: Delayed 1 second(s)

2018-11-27 17:42:13 - [MESSAGE][PASSED] - Delayed 1 second(s)

2018-11-27 17:42:13 - [TEST_STEP][PASSED] - Statement - CaseReferenceNo = com.kms.katalon.core.webui.keyword.WebUiBuiltInKeywords.getText(com.kms.katalon.core.testobject.ObjectRepository.findTestObject(Final Object Repo/New Registration - Registration Module Pages/Form 2/RefNo Acquiring)): Text of object 'Object Repository/Final Object Repo/New Registration - Registration Module Pages/Form 2/RefNo Acquiring' is: 'CRN11201800122879'

2018-11-27 17:42:13 - [MESSAGE][PASSED] - Text of object 'Object Repository/Final Object Repo/New Registration - Registration Module Pages/Form 2/RefNo Acquiring' is: 'CRN11201800122879'

2018-11-27 17:42:13 - [TEST_STEP][PASSED] - delay: Delayed 1 second(s)

2018-11-27 17:42:14 - [MESSAGE][PASSED] - Delayed 1 second(s)

2018-11-27 17:42:14 - [TEST_STEP][PASSED] - click: Object: 'Object Repository/Final Object Repo/New Registration - Registration Module Pages/Form 2/Add Employee Button' is clicked on

2018-11-27 17:42:14 - [MESSAGE][PASSED] - Object: 'Object Repository/Final Object Repo/New Registration - Registration Module Pages/Form 2/Add Employee Button' is clicked on

2018-11-27 17:42:14 - [TEST_STEP][PASSED] - delay: Delayed 1 second(s)

2018-11-27 17:42:15 - [MESSAGE][PASSED] - Delayed 1 second(s)

2018-11-27 17:42:15 - [TEST_STEP][PASSED] - setText: Text '010903091963' is set on object 'Object Repository/Final Object Repo/New Registration - Registration Module Pages/Form 2/NRIC Input'

2018-11-27 17:42:15 - [MESSAGE][PASSED] - Text '010903091963' is set on object 'Object Repository/Final Object Repo/New Registration - Registration Module Pages/Form 2/NRIC Input'

2018-11-27 17:42:15 - [TEST_STEP][PASSED] - click: Object: 'Object Repository/Final Object Repo/New Registration - Registration Module Pages/Form 2/button for search for IC' is clicked on

2018-11-27 17:42:16 - [MESSAGE][PASSED] - Object: 'Object Repository/Final Object Repo/New Registration - Registration Module Pages/Form 2/button for search for IC' is clicked on

2018-11-27 17:42:16 - [TEST_STEP][PASSED] - delay: Delayed 2 second(s)

2018-11-27 17:42:18 - [MESSAGE][PASSED] - Delayed 2 second(s)

2018-11-27 17:42:18 - [TEST_STEP][PASSED] - setText: Text 'Automate001 eligible 1' is set on object 'Object Repository/Final Object Repo/New Registration - Registration Module Pages/Form 2/Employee Name Input'

2018-11-27 17:42:18 - [MESSAGE][PASSED] - Text 'Automate001 eligible 1' is set on object 'Object Repository/Final Object Repo/New Registration - Registration Module Pages/Form 2/Employee Name Input'

2018-11-27 17:42:18 - [TEST_STEP][PASSED] - delay: Delayed 2 second(s)

2018-11-27 17:42:20 - [MESSAGE][PASSED] - Delayed 2 second(s)

2018-11-27 17:42:20 - [TEST_STEP][PASSED] - click: Object: 'Object Repository/Final Object Repo/New Registration - Registration Module Pages/Form 2/DatePicker Pop Up' is clicked on

2018-11-27 17:42:20 - [MESSAGE][PASSED] - Object: 'Object Repository/Final Object Repo/New Registration - Registration Module Pages/Form 2/DatePicker Pop Up' is clicked on

2018-11-27 17:42:20 - [TEST_STEP][PASSED] - click: Object: 'Object Repository/Final Object Repo/New Registration - Registration Module Pages/Form 2/DOB Month' is clicked on

2018-11-27 17:42:21 - [MESSAGE][PASSED] - Object: 'Object Repository/Final Object Repo/New Registration - Registration Module Pages/Form 2/DOB Month' is clicked on

2018-11-27 17:42:21 - [TEST_STEP][PASSED] - Statement - CurrentMonth = CurrentMonth: null

2018-11-27 17:42:21 - [TEST_STEP][PASSED] - Statement - selectMonth = new com.kms.katalon.core.testobject.TestObject(): null

2018-11-27 17:42:21 - [TEST_STEP][PASSED] - Statement - selectMonth.addProperty("xpath", EQUALS, "//body/div/div/div/select/option[@value='" + CurrentMonth + "']", true): null

2018-11-27 17:42:21 - [TEST_STEP][PASSED] - click: Object: '' is clicked on

2018-11-27 17:42:21 - [MESSAGE][PASSED] - Object: '' is clicked on

2018-11-27 17:42:21 - [TEST_STEP][PASSED] - click: Object: 'Object Repository/Final Object Repo/New Registration - Registration Module Pages/Form 2/DOB Year' is clicked on

2018-11-27 17:42:21 - [MESSAGE][PASSED] - Object: 'Object Repository/Final Object Repo/New Registration - Registration Module Pages/Form 2/DOB Year' is clicked on

2018-11-27 17:42:21 - [TEST_STEP][PASSED] - Statement - Eyearsbf = EighteenYrsBefore: null

2018-11-27 17:42:21 - [TEST_STEP][PASSED] - Statement - selectYear = new com.kms.katalon.core.testobject.TestObject(): null

2018-11-27 17:42:21 - [TEST_STEP][PASSED] - Statement - selectYear.addProperty("xpath", EQUALS, "//div/div/div/select/option[@value='" + Eyearsbf + "']", true): null

2018-11-27 17:42:21 - [TEST_STEP][PASSED] - click: Object: '' is clicked on

2018-11-27 17:42:21 - [MESSAGE][PASSED] - Object: '' is clicked on

2018-11-27 17:42:21 - [TEST_STEP][PASSED] - Statement - UpdatedSelectDate = com.kms.katalon.core.webui.keyword.WebUiBuiltInKeywords.modifyObjectProperty(com.kms.katalon.core.testobject.ObjectRepository.findTestObject(Final Object Repo/New Registration - Registration Module Pages/Form 2/DOB Date), "xpath", "equals", "//body/div/table/tbody/tr/td/a[text()="" + CurrentDate + ""]", true): Modify property of object successfully

2018-11-27 17:42:21 - [MESSAGE][PASSED] - Modify property of object successfully

2018-11-27 17:42:21 - [TEST_STEP][PASSED] - delay: Delayed 3 second(s)

2018-11-27 17:42:24 - [MESSAGE][PASSED] - Delayed 3 second(s)

2018-11-27 17:42:24 - [TEST_STEP][PASSED] - click: Object: 'Object Repository/Final Object Repo/New Registration - Registration Module Pages/Form 2/DOB Date' is clicked on

2018-11-27 17:42:24 - [MESSAGE][PASSED] - Object: 'Object Repository/Final Object Repo/New Registration - Registration Module Pages/Form 2/DOB Date' is clicked on

2018-11-27 17:42:24 - [TEST_STEP][PASSED] - delay: Delayed 2 second(s)

2018-11-27 17:42:26 - [MESSAGE][PASSED] - Delayed 2 second(s)

2018-11-27 17:42:26 - [TEST_STEP][PASSED] - click: Object: 'Object Repository/Final Object Repo/New Registration - Registration Module Pages/Form 2/EmploymentStartDate Pop Up' is clicked on

2018-11-27 17:42:26 - [MESSAGE][PASSED] - Object: 'Object Repository/Final Object Repo/New Registration - Registration Module Pages/Form 2/EmploymentStartDate Pop Up' is clicked on

2018-11-27 17:42:26 - [TEST_STEP][PASSED] - delay: Delayed 2 second(s)

2018-11-27 17:42:28 - [MESSAGE][PASSED] - Delayed 2 second(s)

2018-11-27 17:42:28 - [TEST_STEP][PASSED] - click: Object: 'Object Repository/Final Object Repo/New Registration - Registration Module Pages/Form 2/Socso Employment StartDate Month' is clicked on

2018-11-27 17:42:28 - [MESSAGE][PASSED] - Object: 'Object Repository/Final Object Repo/New Registration - Registration Module Pages/Form 2/Socso Employment StartDate Month' is clicked on

2018-11-27 17:42:28 - [TEST_STEP][PASSED] - delay: Delayed 1 second(s)

2018-11-27 17:42:29 - [MESSAGE][PASSED] - Delayed 1 second(s)

2018-11-27 17:42:29 - [TEST_STEP][PASSED] - click: Object: 'Object Repository/Final Object Repo/New Registration - Registration Module Pages/Form 2/Select Socso Employement Startdate Month' is clicked on

2018-11-27 17:42:30 - [MESSAGE][PASSED] - Object: 'Object Repository/Final Object Repo/New Registration - Registration Module Pages/Form 2/Select Socso Employement Startdate Month' is clicked on

2018-11-27 17:42:30 - [TEST_STEP][PASSED] - delay: Delayed 2 second(s)

2018-11-27 17:42:32 - [MESSAGE][PASSED] - Delayed 2 second(s)

2018-11-27 17:42:32 - [TEST_STEP][PASSED] - click: Object: 'Object Repository/Final Object Repo/New Registration - Registration Module Pages/Form 2/Socso Employment StartDate Year' is clicked on

2018-11-27 17:42:32 - [MESSAGE][PASSED] - Object: 'Object Repository/Final Object Repo/New Registration - Registration Module Pages/Form 2/Socso Employment StartDate Year' is clicked on

2018-11-27 17:42:32 - [TEST_STEP][PASSED] - delay: Delayed 1 second(s)

2018-11-27 17:42:33 - [MESSAGE][PASSED] - Delayed 1 second(s)

2018-11-27 17:42:33 - [TEST_STEP][PASSED] - click: Object: 'Object Repository/Final Object Repo/New Registration - Registration Module Pages/Form 2/Select Socso Employment Startdate Year' is clicked on

2018-11-27 17:42:33 - [MESSAGE][PASSED] - Object: 'Object Repository/Final Object Repo/New Registration - Registration Module Pages/Form 2/Select Socso Employment Startdate Year' is clicked on

2018-11-27 17:42:33 - [TEST_STEP][PASSED] - delay: Delayed 2 second(s)

2018-11-27 17:42:35 - [MESSAGE][PASSED] - Delayed 2 second(s)

2018-11-27 17:42:35 - [TEST_STEP][PASSED] - click: Object: 'Object Repository/Final Object Repo/New Registration - Registration Module Pages/Form 2/Socso Employment Start Date Day' is clicked on

2018-11-27 17:42:35 - [MESSAGE][PASSED] - Object: 'Object Repository/Final Object Repo/New Registration - Registration Module Pages/Form 2/Socso Employment Start Date Day' is clicked on

2018-11-27 17:42:35 - [TEST_STEP][PASSED] - delay: Delayed 2 second(s)

2018-11-27 17:42:37 - [MESSAGE][PASSED] - Delayed 2 second(s)

2018-11-27 17:42:37 - [TEST_STEP][PASSED] - click: Object: 'Object Repository/Final Object Repo/New Registration - Registration Module Pages/Form 2/Save Button for Add Employee' is clicked on

2018-11-27 17:42:37 - [MESSAGE][PASSED] - Object: 'Object Repository/Final Object Repo/New Registration - Registration Module Pages/Form 2/Save Button for Add Employee' is clicked on

2018-11-27 17:42:37 - [TEST_STEP][PASSED] - delay: Delayed 6 second(s)

2018-11-27 17:42:43 - [MESSAGE][PASSED] - Delayed 6 second(s)

2018-11-27 17:42:43 - [TEST_STEP][PASSED] - click: Object: 'Object Repository/Final Object Repo/New Registration - Registration Module Pages/Form 2/Save and Continue Form 2' is clicked on

2018-11-27 17:42:43 - [MESSAGE][PASSED] - Object: 'Object Repository/Final Object Repo/New Registration - Registration Module Pages/Form 2/Save and Continue Form 2' is clicked on

2018-11-27 17:42:43 - [MESSAGE][PASSED] - Call Test Case 'Test Cases/Final Aug 2018 - PKS Automation/Registration Module/New Registration/Form 2/Add 1 Eligible' successfully

2018-11-27 17:42:43 - [TEST_STEP][PASSED] - callTestCase: Call Test Case 'Test Cases/Final Aug 2018 - PKS Automation/Registration Module/New Registration/Flow of New Registration/Third Screen - Upload Supporting Doc - Preview' successfully

2018-11-27 17:42:44 - [TEST_CASE][PASSED] - Test Cases/Final Aug 2018 - PKS Automation/Registration Module/New Registration/Flow of New Registration/Third Screen - Upload Supporting Doc - Preview: Test Cases/Final Aug 2018 - PKS Automation/Registration Module/New Registration/Flow of New Registration/Third Screen - Upload Supporting Doc - Preview

2018-11-27 17:42:44 - [TEST_STEP][PASSED] - waitForPageLoad: Wait for page load successfully

2018-11-27 17:42:44 - [MESSAGE][PASSED] - Wait for page load successfully

2018-11-27 17:42:44 - [TEST_STEP][PASSED] - Statement - CaseReferenceNo = com.kms.katalon.core.webui.keyword.WebUiBuiltInKeywords.getText(com.kms.katalon.core.testobject.ObjectRepository.findTestObject(Final Object Repo/New Registration - Registration Module Pages/Third Screen - Upload Supporting Doc- Preview/RefNo Acquiring)): Text of object 'Object Repository/Final Object Repo/New Registration - Registration Module Pages/Third Screen - Upload Supporting Doc- Preview/RefNo Acquiring' is: 'CRN11201800122879'

2018-11-27 17:42:44 - [MESSAGE][PASSED] - Text of object 'Object Repository/Final Object Repo/New Registration - Registration Module Pages/Third Screen - Upload Supporting Doc- Preview/RefNo Acquiring' is: 'CRN11201800122879'

2018-11-27 17:42:44 - [TEST_STEP][PASSED] - delay: Delayed 2 second(s)

2018-11-27 17:42:46 - [MESSAGE][PASSED] - Delayed 2 second(s)

2018-11-27 17:42:46 - [TEST_STEP][PASSED] - callTestCase: Call Test Case 'Test Cases/Final Aug 2018 - PKS Automation/Common/Reference Number Setter' successfully

2018-11-27 17:42:46 - [TEST_CASE][PASSED] - Test Cases/Final Aug 2018 - PKS Automation/Common/Reference Number Setter: Test Cases/Final Aug 2018 - PKS Automation/Common/Reference Number Setter

2018-11-27 17:42:46 - [TEST_STEP][PASSED] - Statement - RefNoOldFile = new java.io.File(C://Users//Admin//Desktop//PKS//Automation Reference Point//KatalonReference.txt): null

2018-11-27 17:42:46 - [TEST_STEP][PASSED] - Statement - RefNoOldFile.delete(): null

2018-11-27 17:42:46 - [TEST_STEP][PASSED] - delay: Delayed 5 second(s)

2018-11-27 17:42:51 - [MESSAGE][PASSED] - Delayed 5 second(s)

2018-11-27 17:42:51 - [TEST_STEP][PASSED] - Statement - RefNo = new java.io.File(C://Users//Admin//Desktop//PKS//Automation Reference Point//KatalonReference.txt): null

2018-11-27 17:42:51 - [TEST_STEP][PASSED] - Statement - f2 = new java.io.FileWriter(RefNo, false): null

2018-11-27 17:42:51 - [TEST_STEP][PASSED] - Statement - f2.write(CaseReferenceNo): null

2018-11-27 17:42:51 - [TEST_STEP][PASSED] - Statement - f2.close(): null

2018-11-27 17:42:51 - [TEST_STEP][PASSED] - Statement - out.println("


" + CaseReferenceNo + "


"): null

2018-11-27 17:42:51 - [MESSAGE][PASSED] - Call Test Case 'Test Cases/Final Aug 2018 - PKS Automation/Common/Reference Number Setter' successfully

2018-11-27 17:42:51 - [TEST_STEP][PASSED] - waitForElementClickable: Object 'Object Repository/Final Object Repo/New Registration - Registration Module Pages/Third Screen - Upload Supporting Doc- Preview/Save n Continue in SIP Employee Listing Page' is clickable

2018-11-27 17:42:51 - [MESSAGE][PASSED] - Object 'Object Repository/Final Object Repo/New Registration - Registration Module Pages/Third Screen - Upload Supporting Doc- Preview/Save n Continue in SIP Employee Listing Page' is clickable

2018-11-27 17:42:51 - [TEST_STEP][PASSED] - click: Object: 'Object Repository/Final Object Repo/New Registration - Registration Module Pages/Third Screen - Upload Supporting Doc- Preview/Save n Continue in SIP Employee Listing Page' is clicked on

2018-11-27 17:42:56 - [MESSAGE][PASSED] - Object: 'Object Repository/Final Object Repo/New Registration - Registration Module Pages/Third Screen - Upload Supporting Doc- Preview/Save n Continue in SIP Employee Listing Page' is clicked on

2018-11-27 17:42:56 - [TEST_STEP][PASSED] - delay: Delayed 7 second(s)

2018-11-27 17:43:03 - [MESSAGE][PASSED] - Delayed 7 second(s)

2018-11-27 17:43:03 - [TEST_STEP][PASSED] - click: Object: 'Object Repository/Final Object Repo/New Registration - Registration Module Pages/Third Screen - Upload Supporting Doc- Preview/Add Document Button' is clicked on

2018-11-27 17:43:04 - [MESSAGE][PASSED] - Object: 'Object Repository/Final Object Repo/New Registration - Registration Module Pages/Third Screen - Upload Supporting Doc- Preview/Add Document Button' is clicked on

2018-11-27 17:43:04 - [TEST_STEP][PASSED] - delay: Delayed 30 second(s)

2018-11-27 17:43:34 - [MESSAGE][PASSED] - Delayed 30 second(s)

2018-11-27 17:43:34 - [TEST_STEP][PASSED] - click: Object: 'Object Repository/Final Object Repo/New Registration - Registration Module Pages/Third Screen - Upload Supporting Doc- Preview/Supporting Doc Please Select Drop Down' is clicked on

2018-11-27 17:43:34 - [MESSAGE][PASSED] - Object: 'Object Repository/Final Object Repo/New Registration - Registration Module Pages/Third Screen - Upload Supporting Doc- Preview/Supporting Doc Please Select Drop Down' is clicked on

2018-11-27 17:43:34 - [TEST_STEP][PASSED] - delay: Delayed 2 second(s)

2018-11-27 17:43:36 - [MESSAGE][PASSED] - Delayed 2 second(s)

2018-11-27 17:43:36 - [TEST_STEP][PASSED] - click: Object: 'Object Repository/Final Object Repo/New Registration - Registration Module Pages/Third Screen - Upload Supporting Doc- Preview/Select to Upload Form 1' is clicked on

2018-11-27 17:43:36 - [MESSAGE][PASSED] - Object: 'Object Repository/Final Object Repo/New Registration - Registration Module Pages/Third Screen - Upload Supporting Doc- Preview/Select to Upload Form 1' is clicked on

2018-11-27 17:43:36 - [TEST_STEP][PASSED] - delay: Delayed 2 second(s)

2018-11-27 17:43:38 - [MESSAGE][PASSED] - Delayed 2 second(s)

2018-11-27 17:43:38 - [TEST_STEP][PASSED] - uploadFile: File 'C:\Users\Public\Pictures\Sample Pictures\Koala.jpg' sent to object: 'Object Repository/Final Object Repo/New Registration - Registration Module Pages/Third Screen - Upload Supporting Doc- Preview/Upload File Adding'

2018-11-27 17:43:38 - [MESSAGE][PASSED] - File 'C:\Users\Public\Pictures\Sample Pictures\Koala.jpg' sent to object: 'Object Repository/Final Object Repo/New Registration - Registration Module Pages/Third Screen - Upload Supporting Doc- Preview/Upload File Adding'

2018-11-27 17:43:38 - [TEST_STEP][PASSED] - delay: Delayed 5 second(s)

2018-11-27 17:43:43 - [MESSAGE][PASSED] - Delayed 5 second(s)

2018-11-27 17:43:43 - [TEST_STEP][PASSED] - click: Object: 'Object Repository/Final Object Repo/New Registration - Registration Module Pages/Third Screen - Upload Supporting Doc- Preview/Inner Form Add Document Button' is clicked on

2018-11-27 17:43:43 - [MESSAGE][PASSED] - Object: 'Object Repository/Final Object Repo/New Registration - Registration Module Pages/Third Screen - Upload Supporting Doc- Preview/Inner Form Add Document Button' is clicked on

2018-11-27 17:43:43 - [TEST_STEP][PASSED] - delay: Delayed 3 second(s)

2018-11-27 17:43:46 - [MESSAGE][PASSED] - Delayed 3 second(s)

2018-11-27 17:43:46 - [TEST_STEP][PASSED] - click: Object: 'Object Repository/Final Object Repo/New Registration - Registration Module Pages/Third Screen - Upload Supporting Doc- Preview/Add Document Button' is clicked on

2018-11-27 17:43:47 - [MESSAGE][PASSED] - Object: 'Object Repository/Final Object Repo/New Registration - Registration Module Pages/Third Screen - Upload Supporting Doc- Preview/Add Document Button' is clicked on

2018-11-27 17:43:47 - [TEST_STEP][PASSED] - delay: Delayed 30 second(s)

2018-11-27 17:44:17 - [MESSAGE][PASSED] - Delayed 30 second(s)

2018-11-27 17:44:17 - [TEST_STEP][PASSED] - click: Object: 'Object Repository/Final Object Repo/New Registration - Registration Module Pages/Third Screen - Upload Supporting Doc- Preview/Supporting Doc Please Select Drop Down' is clicked on

2018-11-27 17:44:18 - [MESSAGE][PASSED] - Object: 'Object Repository/Final Object Repo/New Registration - Registration Module Pages/Third Screen - Upload Supporting Doc- Preview/Supporting Doc Please Select Drop Down' is clicked on

2018-11-27 17:44:18 - [TEST_STEP][PASSED] - delay: Delayed 2 second(s)

2018-11-27 17:44:20 - [MESSAGE][PASSED] - Delayed 2 second(s)

2018-11-27 17:44:20 - [TEST_STEP][PASSED] - click: Object: 'Object Repository/Final Object Repo/New Registration - Registration Module Pages/Third Screen - Upload Supporting Doc- Preview/Select to Upload Form 2' is clicked on

2018-11-27 17:44:20 - [MESSAGE][PASSED] - Object: 'Object Repository/Final Object Repo/New Registration - Registration Module Pages/Third Screen - Upload Supporting Doc- Preview/Select to Upload Form 2' is clicked on

2018-11-27 17:44:20 - [TEST_STEP][PASSED] - delay: Delayed 2 second(s)

2018-11-27 17:44:22 - [MESSAGE][PASSED] - Delayed 2 second(s)

2018-11-27 17:44:22 - [TEST_STEP][PASSED] - uploadFile: File 'C:\Users\Public\Pictures\Sample Pictures\Koala.jpg' sent to object: 'Object Repository/Final Object Repo/New Registration - Registration Module Pages/Third Screen - Upload Supporting Doc- Preview/Upload File Adding'

2018-11-27 17:44:22 - [MESSAGE][PASSED] - File 'C:\Users\Public\Pictures\Sample Pictures\Koala.jpg' sent to object: 'Object Repository/Final Object Repo/New Registration - Registration Module Pages/Third Screen - Upload Supporting Doc- Preview/Upload File Adding'

2018-11-27 17:44:22 - [TEST_STEP][PASSED] - click: Object: 'Object Repository/Final Object Repo/New Registration - Registration Module Pages/Third Screen - Upload Supporting Doc- Preview/Inner Form Add Document Button' is clicked on

2018-11-27 17:44:22 - [MESSAGE][PASSED] - Object: 'Object Repository/Final Object Repo/New Registration - Registration Module Pages/Third Screen - Upload Supporting Doc- Preview/Inner Form Add Document Button' is clicked on

2018-11-27 17:44:22 - [TEST_STEP][PASSED] - delay: Delayed 5 second(s)

2018-11-27 17:44:27 - [MESSAGE][PASSED] - Delayed 5 second(s)

2018-11-27 17:44:27 - [TEST_STEP][PASSED] - click: Object: 'Object Repository/Final Object Repo/New Registration - Registration Module Pages/Third Screen - Upload Supporting Doc- Preview/Add Document Button' is clicked on

2018-11-27 17:44:27 - [MESSAGE][PASSED] - Object: 'Object Repository/Final Object Repo/New Registration - Registration Module Pages/Third Screen - Upload Supporting Doc- Preview/Add Document Button' is clicked on

2018-11-27 17:44:27 - [TEST_STEP][PASSED] - delay: Delayed 30 second(s)

2018-11-27 17:44:57 - [MESSAGE][PASSED] - Delayed 30 second(s)

2018-11-27 17:44:57 - [TEST_STEP][PASSED] - click: Object: 'Object Repository/Final Object Repo/New Registration - Registration Module Pages/Third Screen - Upload Supporting Doc- Preview/Supporting Doc Please Select Drop Down' is clicked on

2018-11-27 17:44:57 - [MESSAGE][PASSED] - Object: 'Object Repository/Final Object Repo/New Registration - Registration Module Pages/Third Screen - Upload Supporting Doc- Preview/Supporting Doc Please Select Drop Down' is clicked on

2018-11-27 17:44:57 - [TEST_STEP][PASSED] - click: Object: 'Object Repository/Final Object Repo/New Registration - Registration Module Pages/Third Screen - Upload Supporting Doc- Preview/Select to Upload Borang SIP 1' is clicked on

2018-11-27 17:44:58 - [MESSAGE][PASSED] - Object: 'Object Repository/Final Object Repo/New Registration - Registration Module Pages/Third Screen - Upload Supporting Doc- Preview/Select to Upload Borang SIP 1' is clicked on

2018-11-27 17:44:58 - [TEST_STEP][PASSED] - delay: Delayed 2 second(s)

2018-11-27 17:45:00 - [MESSAGE][PASSED] - Delayed 2 second(s)

2018-11-27 17:45:00 - [TEST_STEP][PASSED] - uploadFile: File 'C:\Users\Public\Pictures\Sample Pictures\Koala.jpg' sent to object: 'Object Repository/Final Object Repo/New Registration - Registration Module Pages/Third Screen - Upload Supporting Doc- Preview/Upload File Adding'

2018-11-27 17:45:00 - [MESSAGE][PASSED] - File 'C:\Users\Public\Pictures\Sample Pictures\Koala.jpg' sent to object: 'Object Repository/Final Object Repo/New Registration - Registration Module Pages/Third Screen - Upload Supporting Doc- Preview/Upload File Adding'

2018-11-27 17:45:00 - [TEST_STEP][PASSED] - click: Object: 'Object Repository/Final Object Repo/New Registration - Registration Module Pages/Third Screen - Upload Supporting Doc- Preview/Inner Form Add Document Button' is clicked on

2018-11-27 17:45:00 - [MESSAGE][PASSED] - Object: 'Object Repository/Final Object Repo/New Registration - Registration Module Pages/Third Screen - Upload Supporting Doc- Preview/Inner Form Add Document Button' is clicked on

2018-11-27 17:45:00 - [TEST_STEP][PASSED] - delay: Delayed 5 second(s)

2018-11-27 17:45:05 - [MESSAGE][PASSED] - Delayed 5 second(s)

2018-11-27 17:45:05 - [TEST_STEP][PASSED] - click: Object: 'Object Repository/Final Object Repo/New Registration - Registration Module Pages/Third Screen - Upload Supporting Doc- Preview/Add Document Button' is clicked on

2018-11-27 17:45:05 - [MESSAGE][PASSED] - Object: 'Object Repository/Final Object Repo/New Registration - Registration Module Pages/Third Screen - Upload Supporting Doc- Preview/Add Document Button' is clicked on

2018-11-27 17:45:05 - [TEST_STEP][PASSED] - delay: Delayed 30 second(s)

2018-11-27 17:45:35 - [MESSAGE][PASSED] - Delayed 30 second(s)

2018-11-27 17:45:35 - [TEST_STEP][PASSED] - click: Object: 'Object Repository/Final Object Repo/New Registration - Registration Module Pages/Third Screen - Upload Supporting Doc- Preview/Supporting Doc Please Select Drop Down' is clicked on

2018-11-27 17:45:35 - [MESSAGE][PASSED] - Object: 'Object Repository/Final Object Repo/New Registration - Registration Module Pages/Third Screen - Upload Supporting Doc- Preview/Supporting Doc Please Select Drop Down' is clicked on

2018-11-27 17:45:35 - [TEST_STEP][PASSED] - delay: Delayed 3 second(s)

2018-11-27 17:45:38 - [MESSAGE][PASSED] - Delayed 3 second(s)

2018-11-27 17:45:38 - [TEST_STEP][PASSED] - click: Object: 'Object Repository/Final Object Repo/New Registration - Registration Module Pages/Third Screen - Upload Supporting Doc- Preview/Select to Upload Borang SIP 2' is clicked on

2018-11-27 17:45:38 - [MESSAGE][PASSED] - Object: 'Object Repository/Final Object Repo/New Registration - Registration Module Pages/Third Screen - Upload Supporting Doc- Preview/Select to Upload Borang SIP 2' is clicked on

2018-11-27 17:45:38 - [TEST_STEP][PASSED] - delay: Delayed 2 second(s)

2018-11-27 17:45:40 - [MESSAGE][PASSED] - Delayed 2 second(s)

2018-11-27 17:45:40 - [TEST_STEP][PASSED] - uploadFile: File 'C:\Users\Public\Pictures\Sample Pictures\Koala.jpg' sent to object: 'Object Repository/Final Object Repo/New Registration - Registration Module Pages/Third Screen - Upload Supporting Doc- Preview/Upload File Adding'

2018-11-27 17:45:40 - [MESSAGE][PASSED] - File 'C:\Users\Public\Pictures\Sample Pictures\Koala.jpg' sent to object: 'Object Repository/Final Object Repo/New Registration - Registration Module Pages/Third Screen - Upload Supporting Doc- Preview/Upload File Adding'

2018-11-27 17:45:40 - [TEST_STEP][PASSED] - delay: Delayed 5 second(s)

2018-11-27 17:45:45 - [MESSAGE][PASSED] - Delayed 5 second(s)

2018-11-27 17:45:45 - [TEST_STEP][PASSED] - click: Object: 'Object Repository/Final Object Repo/New Registration - Registration Module Pages/Third Screen - Upload Supporting Doc- Preview/Inner Form Add Document Button' is clicked on

2018-11-27 17:45:46 - [MESSAGE][PASSED] - Object: 'Object Repository/Final Object Repo/New Registration - Registration Module Pages/Third Screen - Upload Supporting Doc- Preview/Inner Form Add Document Button' is clicked on

2018-11-27 17:45:46 - [TEST_STEP][PASSED] - delay: Delayed 3 second(s)

2018-11-27 17:45:49 - [MESSAGE][PASSED] - Delayed 3 second(s)

2018-11-27 17:45:49 - [TEST_STEP][PASSED] - waitForElementClickable: Object 'Object Repository/Final Object Repo/New Registration - Registration Module Pages/Third Screen - Upload Supporting Doc- Preview/Save n Continue in Uploading Supporting Doc Page' is clickable

2018-11-27 17:45:50 - [MESSAGE][PASSED] - Object 'Object Repository/Final Object Repo/New Registration - Registration Module Pages/Third Screen - Upload Supporting Doc- Preview/Save n Continue in Uploading Supporting Doc Page' is clickable

2018-11-27 17:45:50 - [TEST_STEP][PASSED] - click: Object: 'Object Repository/Final Object Repo/New Registration - Registration Module Pages/Third Screen - Upload Supporting Doc- Preview/Save n Continue in Uploading Supporting Doc Page' is clicked on

2018-11-27 17:45:50 - [MESSAGE][PASSED] - Object: 'Object Repository/Final Object Repo/New Registration - Registration Module Pages/Third Screen - Upload Supporting Doc- Preview/Save n Continue in Uploading Supporting Doc Page' is clicked on

2018-11-27 17:45:50 - [MESSAGE][PASSED] - Call Test Case 'Test Cases/Final Aug 2018 - PKS Automation/Registration Module/New Registration/Flow of New Registration/Third Screen - Upload Supporting Doc - Preview' successfully

2018-11-27 17:45:50 - [TEST_STEP][PASSED] - callTestCase: Call Test Case 'Test Cases/Final Aug 2018 - PKS Automation/Registration Module/New Registration/Submit and Screenshot/Submit Registration and Screenshot - Copy' successfully

2018-11-27 17:45:50 - [TEST_CASE][PASSED] - Test Cases/Final Aug 2018 - PKS Automation/Registration Module/New Registration/Submit and Screenshot/Submit Registration and Screenshot - Copy: Test Cases/Final Aug 2018 - PKS Automation/Registration Module/New Registration/Submit and Screenshot/Submit Registration and Screenshot - Copy

2018-11-27 17:45:50 - [TEST_STEP][PASSED] - delay: Delayed 6 second(s)

2018-11-27 17:45:56 - [MESSAGE][PASSED] - Delayed 6 second(s)

2018-11-27 17:45:56 - [TEST_STEP][PASSED] - click: Object: 'Object Repository/Final Object Repo/New Registration - Registration Module Pages/Third Screen - Upload Supporting Doc- Preview/Preview Submit Button' is clicked on

2018-11-27 17:45:56 - [MESSAGE][PASSED] - Object: 'Object Repository/Final Object Repo/New Registration - Registration Module Pages/Third Screen - Upload Supporting Doc- Preview/Preview Submit Button' is clicked on

2018-11-27 17:45:56 - [TEST_STEP][PASSED] - delay: Delayed 2 second(s)

2018-11-27 17:45:58 - [MESSAGE][PASSED] - Delayed 2 second(s)

2018-11-27 17:45:58 - [TEST_STEP][PASSED] - click: Object: 'Object Repository/Final Object Repo/New Registration - Registration Module Pages/Third Screen - Upload Supporting Doc- Preview/Preview Submit - Confirm' is clicked on

2018-11-27 17:45:58 - [MESSAGE][PASSED] - Object: 'Object Repository/Final Object Repo/New Registration - Registration Module Pages/Third Screen - Upload Supporting Doc- Preview/Preview Submit - Confirm' is clicked on

2018-11-27 17:45:58 - [TEST_STEP][PASSED] - delay: Delayed 15 second(s)

2018-11-27 17:46:13 - [MESSAGE][PASSED] - Delayed 15 second(s)

2018-11-27 17:46:13 - [TEST_STEP][PASSED] - Statement - driver = com.kms.katalon.core.webui.driver.DriverFactory.getWebDriver(): null

2018-11-27 17:46:13 - [TEST_STEP][PASSED] - Statement - driver.manage().timeouts().implicitlyWait(10, SECONDS): null

2018-11-27 17:46:13 - [TEST_STEP][PASSED] - Statement - PresavePath = KatalonScreenshots: null

2018-11-27 17:46:13 - [TEST_STEP][PASSED] - Statement - pathPrefix = "C:\Users\Public\Pictures\Sample Pictures\Katalon Screenshots\Automate Ending Screen": null

2018-11-27 17:46:13 - [TEST_STEP][PASSED] - Statement - finalPath = <not implemented yet for class: org.codehaus.groovy.ast.expr.EmptyExpression>: null

2018-11-27 17:46:13 - [TEST_STEP][PASSED] - Statement - scrFile = driver.getScreenshotAs(FILE): null

2018-11-27 17:46:14 - [TEST_STEP][PASSED] - Statement - PreSaveFile = new java.io.File(PresavePath): null

2018-11-27 17:46:14 - [TEST_STEP][PASSED] - Statement - counter = 0: null

2018-11-27 17:46:14 - [TEST_STEP][PASSED] - Statement - If (PreSaveFile.exists()): null

2018-11-27 17:46:14 - [TEST_STEP][PASSED] - Statement - While (PreSaveFile.exists()): null

2018-11-27 17:46:14 - [TEST_STEP][PASSED] - Statement - counter = counter + 1: null

2018-11-27 17:46:14 - [TEST_STEP][PASSED] - Statement - PreSaveFile = new java.io.File(((pathPrefix + java.lang.Integer.toString(counter)) + .png)): null

2018-11-27 17:46:14 - [TEST_STEP][PASSED] - Statement - counter = counter + 1: null

2018-11-27 17:46:14 - [TEST_STEP][PASSED] - Statement - PreSaveFile = new java.io.File(((pathPrefix + java.lang.Integer.toString(counter)) + .png)): null

2018-11-27 17:46:14 - [TEST_STEP][PASSED] - Statement - counter = counter + 1: null

2018-11-27 17:46:14 - [TEST_STEP][PASSED] - Statement - PreSaveFile = new java.io.File(((pathPrefix + java.lang.Integer.toString(counter)) + .png)): null

2018-11-27 17:46:14 - [TEST_STEP][PASSED] - Statement - counter = counter + 1: null

2018-11-27 17:46:14 - [TEST_STEP][PASSED] - Statement - PreSaveFile = new java.io.File(((pathPrefix + java.lang.Integer.toString(counter)) + .png)): null

2018-11-27 17:46:14 - [TEST_STEP][PASSED] - Statement - counter = counter + 1: null

2018-11-27 17:46:14 - [TEST_STEP][PASSED] - Statement - PreSaveFile = new java.io.File(((pathPrefix + java.lang.Integer.toString(counter)) + .png)): null

2018-11-27 17:46:14 - [TEST_STEP][PASSED] - Statement - counter = counter + 1: null

2018-11-27 17:46:14 - [TEST_STEP][PASSED] - Statement - PreSaveFile = new java.io.File(((pathPrefix + java.lang.Integer.toString(counter)) + .png)): null

2018-11-27 17:46:14 - [TEST_STEP][PASSED] - Statement - counter = counter + 1: null

2018-11-27 17:46:14 - [TEST_STEP][PASSED] - Statement - PreSaveFile = new java.io.File(((pathPrefix + java.lang.Integer.toString(counter)) + .png)): null

2018-11-27 17:46:14 - [TEST_STEP][PASSED] - Statement - counter = counter + 1: null

2018-11-27 17:46:14 - [TEST_STEP][PASSED] - Statement - PreSaveFile = new java.io.File(((pathPrefix + java.lang.Integer.toString(counter)) + .png)): null

2018-11-27 17:46:14 - [TEST_STEP][PASSED] - Statement - counter = counter + 1: null

2018-11-27 17:46:14 - [TEST_STEP][PASSED] - Statement - PreSaveFile = new java.io.File(((pathPrefix + java.lang.Integer.toString(counter)) + .png)): null

2018-11-27 17:46:14 - [TEST_STEP][PASSED] - Statement - counter = counter + 1: null

2018-11-27 17:46:14 - [TEST_STEP][PASSED] - Statement - PreSaveFile = new java.io.File(((pathPrefix + java.lang.Integer.toString(counter)) + .png)): null

2018-11-27 17:46:14 - [TEST_STEP][PASSED] - Statement - counter = counter + 1: null

2018-11-27 17:46:14 - [TEST_STEP][PASSED] - Statement - PreSaveFile = new java.io.File(((pathPrefix + java.lang.Integer.toString(counter)) + .png)): null

2018-11-27 17:46:14 - [TEST_STEP][PASSED] - Statement - counter = counter + 1: null

2018-11-27 17:46:14 - [TEST_STEP][PASSED] - Statement - PreSaveFile = new java.io.File(((pathPrefix + java.lang.Integer.toString(counter)) + .png)): null

2018-11-27 17:46:14 - [TEST_STEP][PASSED] - Statement - counter = counter + 1: null

2018-11-27 17:46:14 - [TEST_STEP][PASSED] - Statement - PreSaveFile = new java.io.File(((pathPrefix + java.lang.Integer.toString(counter)) + .png)): null

2018-11-27 17:46:14 - [TEST_STEP][PASSED] - Statement - counter = counter + 1: null

2018-11-27 17:46:14 - [TEST_STEP][PASSED] - Statement - PreSaveFile = new java.io.File(((pathPrefix + java.lang.Integer.toString(counter)) + .png)): null

2018-11-27 17:46:14 - [TEST_STEP][PASSED] - Statement - counter = counter + 1: null

2018-11-27 17:46:14 - [TEST_STEP][PASSED] - Statement - PreSaveFile = new java.io.File(((pathPrefix + java.lang.Integer.toString(counter)) + .png)): null

2018-11-27 17:46:14 - [TEST_STEP][PASSED] - Statement - counter = counter + 1: null

2018-11-27 17:46:14 - [TEST_STEP][PASSED] - Statement - PreSaveFile = new java.io.File(((pathPrefix + java.lang.Integer.toString(counter)) + .png)): null

2018-11-27 17:46:14 - [TEST_STEP][PASSED] - Statement - counter = counter + 1: null

2018-11-27 17:46:14 - [TEST_STEP][PASSED] - Statement - PreSaveFile = new java.io.File(((pathPrefix + java.lang.Integer.toString(counter)) + .png)): null

2018-11-27 17:46:14 - [TEST_STEP][PASSED] - Statement - counter = counter + 1: null

2018-11-27 17:46:14 - [TEST_STEP][PASSED] - Statement - PreSaveFile = new java.io.File(((pathPrefix + java.lang.Integer.toString(counter)) + .png)): null

2018-11-27 17:46:14 - [TEST_STEP][PASSED] - Statement - counter = counter + 1: null

2018-11-27 17:46:14 - [TEST_STEP][PASSED] - Statement - PreSaveFile = new java.io.File(((pathPrefix + java.lang.Integer.toString(counter)) + .png)): null

2018-11-27 17:46:14 - [TEST_STEP][PASSED] - Statement - counter = counter + 1: null

2018-11-27 17:46:14 - [TEST_STEP][PASSED] - Statement - PreSaveFile = new java.io.File(((pathPrefix + java.lang.Integer.toString(counter)) + .png)): null

2018-11-27 17:46:14 - [TEST_STEP][PASSED] - Statement - counter = counter + 1: null

2018-11-27 17:46:14 - [TEST_STEP][PASSED] - Statement - PreSaveFile = new java.io.File(((pathPrefix + java.lang.Integer.toString(counter)) + .png)): null

2018-11-27 17:46:14 - [TEST_STEP][PASSED] - Statement - counter = counter + 1: null

2018-11-27 17:46:14 - [TEST_STEP][PASSED] - Statement - PreSaveFile = new java.io.File(((pathPrefix + java.lang.Integer.toString(counter)) + .png)): null

2018-11-27 17:46:14 - [TEST_STEP][PASSED] - Statement - counter = counter + 1: null

2018-11-27 17:46:14 - [TEST_STEP][PASSED] - Statement - PreSaveFile = new java.io.File(((pathPrefix + java.lang.Integer.toString(counter)) + .png)): null

2018-11-27 17:46:14 - [TEST_STEP][PASSED] - Statement - counter = counter + 1: null

2018-11-27 17:46:14 - [TEST_STEP][PASSED] - Statement - PreSaveFile = new java.io.File(((pathPrefix + java.lang.Integer.toString(counter)) + .png)): null

2018-11-27 17:46:14 - [TEST_STEP][PASSED] - Statement - counter = counter + 1: null

2018-11-27 17:46:14 - [TEST_STEP][PASSED] - Statement - PreSaveFile = new java.io.File(((pathPrefix + java.lang.Integer.toString(counter)) + .png)): null

2018-11-27 17:46:14 - [TEST_STEP][PASSED] - Statement - counter = counter + 1: null

2018-11-27 17:46:14 - [TEST_STEP][PASSED] - Statement - PreSaveFile = new java.io.File(((pathPrefix + java.lang.Integer.toString(counter)) + .png)): null

2018-11-27 17:46:14 - [TEST_STEP][PASSED] - Statement - counter = counter + 1: null

2018-11-27 17:46:14 - [TEST_STEP][PASSED] - Statement - PreSaveFile = new java.io.File(((pathPrefix + java.lang.Integer.toString(counter)) + .png)): null

2018-11-27 17:46:14 - [TEST_STEP][PASSED] - Statement - counter = counter + 1: null

2018-11-27 17:46:14 - [TEST_STEP][PASSED] - Statement - PreSaveFile = new java.io.File(((pathPrefix + java.lang.Integer.toString(counter)) + .png)): null

2018-11-27 17:46:14 - [TEST_STEP][PASSED] - Statement - counter = counter + 1: null

2018-11-27 17:46:14 - [TEST_STEP][PASSED] - Statement - PreSaveFile = new java.io.File(((pathPrefix + java.lang.Integer.toString(counter)) + .png)): null

2018-11-27 17:46:14 - [TEST_STEP][PASSED] - Statement - counter = counter + 1: null

2018-11-27 17:46:14 - [TEST_STEP][PASSED] - Statement - PreSaveFile = new java.io.File(((pathPrefix + java.lang.Integer.toString(counter)) + .png)): null

2018-11-27 17:46:14 - [TEST_STEP][PASSED] - Statement - counter = counter + 1: null

2018-11-27 17:46:14 - [TEST_STEP][PASSED] - Statement - PreSaveFile = new java.io.File(((pathPrefix + java.lang.Integer.toString(counter)) + .png)): null

2018-11-27 17:46:14 - [TEST_STEP][PASSED] - Statement - counter = counter + 1: null

2018-11-27 17:46:14 - [TEST_STEP][PASSED] - Statement - PreSaveFile = new java.io.File(((pathPrefix + java.lang.Integer.toString(counter)) + .png)): null

2018-11-27 17:46:14 - [TEST_STEP][PASSED] - Statement - counter = counter + 1: null

2018-11-27 17:46:14 - [TEST_STEP][PASSED] - Statement - PreSaveFile = new java.io.File(((pathPrefix + java.lang.Integer.toString(counter)) + .png)): null

2018-11-27 17:46:14 - [TEST_STEP][PASSED] - Statement - counter = counter + 1: null

2018-11-27 17:46:14 - [TEST_STEP][PASSED] - Statement - PreSaveFile = new java.io.File(((pathPrefix + java.lang.Integer.toString(counter)) + .png)): null

2018-11-27 17:46:14 - [TEST_STEP][PASSED] - Statement - counter = counter + 1: null

2018-11-27 17:46:14 - [TEST_STEP][PASSED] - Statement - PreSaveFile = new java.io.File(((pathPrefix + java.lang.Integer.toString(counter)) + .png)): null

2018-11-27 17:46:14 - [TEST_STEP][PASSED] - Statement - counter = counter + 1: null

2018-11-27 17:46:14 - [TEST_STEP][PASSED] - Statement - PreSaveFile = new java.io.File(((pathPrefix + java.lang.Integer.toString(counter)) + .png)): null

2018-11-27 17:46:14 - [TEST_STEP][PASSED] - Statement - counter = counter + 1: null

2018-11-27 17:46:14 - [TEST_STEP][PASSED] - Statement - PreSaveFile = new java.io.File(((pathPrefix + java.lang.Integer.toString(counter)) + .png)): null

2018-11-27 17:46:14 - [TEST_STEP][PASSED] - Statement - counter = counter + 1: null

2018-11-27 17:46:14 - [TEST_STEP][PASSED] - Statement - PreSaveFile = new java.io.File(((pathPrefix + java.lang.Integer.toString(counter)) + .png)): null

2018-11-27 17:46:14 - [TEST_STEP][PASSED] - Statement - counter = counter + 1: null

2018-11-27 17:46:14 - [TEST_STEP][PASSED] - Statement - PreSaveFile = new java.io.File(((pathPrefix + java.lang.Integer.toString(counter)) + .png)): null

2018-11-27 17:46:14 - [TEST_STEP][PASSED] - Statement - counter = counter + 1: null

2018-11-27 17:46:14 - [TEST_STEP][PASSED] - Statement - PreSaveFile = new java.io.File(((pathPrefix + java.lang.Integer.toString(counter)) + .png)): null

2018-11-27 17:46:14 - [TEST_STEP][PASSED] - Statement - counter = counter + 1: null

2018-11-27 17:46:14 - [TEST_STEP][PASSED] - Statement - PreSaveFile = new java.io.File(((pathPrefix + java.lang.Integer.toString(counter)) + .png)): null

2018-11-27 17:46:14 - [TEST_STEP][PASSED] - Statement - counter = counter + 1: null

2018-11-27 17:46:14 - [TEST_STEP][PASSED] - Statement - PreSaveFile = new java.io.File(((pathPrefix + java.lang.Integer.toString(counter)) + .png)): null

2018-11-27 17:46:14 - [TEST_STEP][PASSED] - Statement - counter = counter + 1: null

2018-11-27 17:46:14 - [TEST_STEP][PASSED] - Statement - PreSaveFile = new java.io.File(((pathPrefix + java.lang.Integer.toString(counter)) + .png)): null

2018-11-27 17:46:14 - [TEST_STEP][PASSED] - Statement - counter = counter + 1: null

2018-11-27 17:46:14 - [TEST_STEP][PASSED] - Statement - PreSaveFile = new java.io.File(((pathPrefix + java.lang.Integer.toString(counter)) + .png)): null

2018-11-27 17:46:14 - [TEST_STEP][PASSED] - Statement - counter = counter + 1: null

2018-11-27 17:46:14 - [TEST_STEP][PASSED] - Statement - PreSaveFile = new java.io.File(((pathPrefix + java.lang.Integer.toString(counter)) + .png)): null

2018-11-27 17:46:14 - [TEST_STEP][PASSED] - Statement - counter = counter + 1: null

2018-11-27 17:46:14 - [TEST_STEP][PASSED] - Statement - PreSaveFile = new java.io.File(((pathPrefix + java.lang.Integer.toString(counter)) + .png)): null

2018-11-27 17:46:14 - [TEST_STEP][PASSED] - Statement - counter = counter + 1: null

2018-11-27 17:46:14 - [TEST_STEP][PASSED] - Statement - PreSaveFile = new java.io.File(((pathPrefix + java.lang.Integer.toString(counter)) + .png)): null

2018-11-27 17:46:14 - [TEST_STEP][PASSED] - Statement - counter = counter + 1: null

2018-11-27 17:46:14 - [TEST_STEP][PASSED] - Statement - PreSaveFile = new java.io.File(((pathPrefix + java.lang.Integer.toString(counter)) + .png)): null

2018-11-27 17:46:14 - [TEST_STEP][PASSED] - Statement - counter = counter + 1: null

2018-11-27 17:46:14 - [TEST_STEP][PASSED] - Statement - PreSaveFile = new java.io.File(((pathPrefix + java.lang.Integer.toString(counter)) + .png)): null

2018-11-27 17:46:14 - [TEST_STEP][PASSED] - Statement - counter = counter + 1: null

2018-11-27 17:46:14 - [TEST_STEP][PASSED] - Statement - PreSaveFile = new java.io.File(((pathPrefix + java.lang.Integer.toString(counter)) + .png)): null

2018-11-27 17:46:14 - [TEST_STEP][PASSED] - Statement - counter = counter + 1: null

2018-11-27 17:46:14 - [TEST_STEP][PASSED] - Statement - PreSaveFile = new java.io.File(((pathPrefix + java.lang.Integer.toString(counter)) + .png)): null

2018-11-27 17:46:14 - [TEST_STEP][PASSED] - Statement - counter = counter + 1: null

2018-11-27 17:46:14 - [TEST_STEP][PASSED] - Statement - PreSaveFile = new java.io.File(((pathPrefix + java.lang.Integer.toString(counter)) + .png)): null

2018-11-27 17:46:14 - [TEST_STEP][PASSED] - Statement - counter = counter + 1: null

2018-11-27 17:46:14 - [TEST_STEP][PASSED] - Statement - PreSaveFile = new java.io.File(((pathPrefix + java.lang.Integer.toString(counter)) + .png)): null

2018-11-27 17:46:14 - [TEST_STEP][PASSED] - Statement - counter = counter + 1: null

2018-11-27 17:46:14 - [TEST_STEP][PASSED] - Statement - PreSaveFile = new java.io.File(((pathPrefix + java.lang.Integer.toString(counter)) + .png)): null

2018-11-27 17:46:14 - [TEST_STEP][PASSED] - Statement - counter = counter + 1: null

2018-11-27 17:46:14 - [TEST_STEP][PASSED] - Statement - PreSaveFile = new java.io.File(((pathPrefix + java.lang.Integer.toString(counter)) + .png)): null

2018-11-27 17:46:14 - [TEST_STEP][PASSED] - Statement - counter = counter + 1: null

2018-11-27 17:46:14 - [TEST_STEP][PASSED] - Statement - PreSaveFile = new java.io.File(((pathPrefix + java.lang.Integer.toString(counter)) + .png)): null

2018-11-27 17:46:14 - [TEST_STEP][PASSED] - Statement - counter = counter + 1: null

2018-11-27 17:46:14 - [TEST_STEP][PASSED] - Statement - PreSaveFile = new java.io.File(((pathPrefix + java.lang.Integer.toString(counter)) + .png)): null

2018-11-27 17:46:14 - [TEST_STEP][PASSED] - Statement - counter = counter + 1: null

2018-11-27 17:46:14 - [TEST_STEP][PASSED] - Statement - PreSaveFile = new java.io.File(((pathPrefix + java.lang.Integer.toString(counter)) + .png)): null

2018-11-27 17:46:14 - [TEST_STEP][PASSED] - Statement - counter = counter + 1: null

2018-11-27 17:46:14 - [TEST_STEP][PASSED] - Statement - PreSaveFile = new java.io.File(((pathPrefix + java.lang.Integer.toString(counter)) + .png)): null

2018-11-27 17:46:14 - [TEST_STEP][PASSED] - Statement - counter = counter + 1: null

2018-11-27 17:46:14 - [TEST_STEP][PASSED] - Statement - PreSaveFile = new java.io.File(((pathPrefix + java.lang.Integer.toString(counter)) + .png)): null

2018-11-27 17:46:14 - [TEST_STEP][PASSED] - Statement - counter = counter + 1: null

2018-11-27 17:46:14 - [TEST_STEP][PASSED] - Statement - PreSaveFile = new java.io.File(((pathPrefix + java.lang.Integer.toString(counter)) + .png)): null

2018-11-27 17:46:14 - [TEST_STEP][PASSED] - Statement - counter = counter + 1: null

2018-11-27 17:46:14 - [TEST_STEP][PASSED] - Statement - PreSaveFile = new java.io.File(((pathPrefix + java.lang.Integer.toString(counter)) + .png)): null

2018-11-27 17:46:14 - [TEST_STEP][PASSED] - Statement - counter = counter + 1: null

2018-11-27 17:46:14 - [TEST_STEP][PASSED] - Statement - PreSaveFile = new java.io.File(((pathPrefix + java.lang.Integer.toString(counter)) + .png)): null

2018-11-27 17:46:14 - [TEST_STEP][PASSED] - Statement - counter = counter + 1: null

2018-11-27 17:46:14 - [TEST_STEP][PASSED] - Statement - PreSaveFile = new java.io.File(((pathPrefix + java.lang.Integer.toString(counter)) + .png)): null

2018-11-27 17:46:14 - [TEST_STEP][PASSED] - Statement - counter = counter + 1: null

2018-11-27 17:46:14 - [TEST_STEP][PASSED] - Statement - PreSaveFile = new java.io.File(((pathPrefix + java.lang.Integer.toString(counter)) + .png)): null

2018-11-27 17:46:14 - [TEST_STEP][PASSED] - Statement - counter = counter + 1: null

2018-11-27 17:46:14 - [TEST_STEP][PASSED] - Statement - PreSaveFile = new java.io.File(((pathPrefix + java.lang.Integer.toString(counter)) + .png)): null

2018-11-27 17:46:14 - [TEST_STEP][PASSED] - Statement - counter = counter + 1: null

2018-11-27 17:46:14 - [TEST_STEP][PASSED] - Statement - PreSaveFile = new java.io.File(((pathPrefix + java.lang.Integer.toString(counter)) + .png)): null

2018-11-27 17:46:14 - [TEST_STEP][PASSED] - Statement - counter = counter + 1: null

2018-11-27 17:46:14 - [TEST_STEP][PASSED] - Statement - PreSaveFile = new java.io.File(((pathPrefix + java.lang.Integer.toString(counter)) + .png)): null

2018-11-27 17:46:14 - [TEST_STEP][PASSED] - Statement - counter = counter + 1: null

2018-11-27 17:46:14 - [TEST_STEP][PASSED] - Statement - PreSaveFile = new java.io.File(((pathPrefix + java.lang.Integer.toString(counter)) + .png)): null

2018-11-27 17:46:14 - [TEST_STEP][PASSED] - Statement - counter = counter + 1: null

2018-11-27 17:46:14 - [TEST_STEP][PASSED] - Statement - PreSaveFile = new java.io.File(((pathPrefix + java.lang.Integer.toString(counter)) + .png)): null

2018-11-27 17:46:14 - [TEST_STEP][PASSED] - Statement - counter = counter + 1: null

2018-11-27 17:46:14 - [TEST_STEP][PASSED] - Statement - PreSaveFile = new java.io.File(((pathPrefix + java.lang.Integer.toString(counter)) + .png)): null

2018-11-27 17:46:14 - [TEST_STEP][PASSED] - Statement - counter = counter + 1: null

2018-11-27 17:46:14 - [TEST_STEP][PASSED] - Statement - PreSaveFile = new java.io.File(((pathPrefix + java.lang.Integer.toString(counter)) + .png)): null

2018-11-27 17:46:14 - [TEST_STEP][PASSED] - Statement - counter = counter + 1: null

2018-11-27 17:46:14 - [TEST_STEP][PASSED] - Statement - PreSaveFile = new java.io.File(((pathPrefix + java.lang.Integer.toString(counter)) + .png)): null

2018-11-27 17:46:14 - [TEST_STEP][PASSED] - Statement - counter = counter + 1: null

2018-11-27 17:46:14 - [TEST_STEP][PASSED] - Statement - PreSaveFile = new java.io.File(((pathPrefix + java.lang.Integer.toString(counter)) + .png)): null

2018-11-27 17:46:14 - [TEST_STEP][PASSED] - Statement - counter = counter + 1: null

2018-11-27 17:46:14 - [TEST_STEP][PASSED] - Statement - PreSaveFile = new java.io.File(((pathPrefix + java.lang.Integer.toString(counter)) + .png)): null

2018-11-27 17:46:14 - [TEST_STEP][PASSED] - Statement - counter = counter + 1: null

2018-11-27 17:46:14 - [TEST_STEP][PASSED] - Statement - PreSaveFile = new java.io.File(((pathPrefix + java.lang.Integer.toString(counter)) + .png)): null

2018-11-27 17:46:14 - [TEST_STEP][PASSED] - Statement - counter = counter + 1: null

2018-11-27 17:46:14 - [TEST_STEP][PASSED] - Statement - PreSaveFile = new java.io.File(((pathPrefix + java.lang.Integer.toString(counter)) + .png)): null

2018-11-27 17:46:14 - [TEST_STEP][PASSED] - Statement - counter = counter + 1: null

2018-11-27 17:46:14 - [TEST_STEP][PASSED] - Statement - PreSaveFile = new java.io.File(((pathPrefix + java.lang.Integer.toString(counter)) + .png)): null

2018-11-27 17:46:14 - [TEST_STEP][PASSED] - Statement - counter = counter + 1: null

2018-11-27 17:46:14 - [TEST_STEP][PASSED] - Statement - PreSaveFile = new java.io.File(((pathPrefix + java.lang.Integer.toString(counter)) + .png)): null

2018-11-27 17:46:14 - [TEST_STEP][PASSED] - Statement - counter = counter + 1: null

2018-11-27 17:46:14 - [TEST_STEP][PASSED] - Statement - PreSaveFile = new java.io.File(((pathPrefix + java.lang.Integer.toString(counter)) + .png)): null

2018-11-27 17:46:14 - [TEST_STEP][PASSED] - Statement - counter = counter + 1: null

2018-11-27 17:46:14 - [TEST_STEP][PASSED] - Statement - PreSaveFile = new java.io.File(((pathPrefix + java.lang.Integer.toString(counter)) + .png)): null

2018-11-27 17:46:14 - [TEST_STEP][PASSED] - Statement - counter = counter + 1: null

2018-11-27 17:46:14 - [TEST_STEP][PASSED] - Statement - PreSaveFile = new java.io.File(((pathPrefix + java.lang.Integer.toString(counter)) + .png)): null

2018-11-27 17:46:14 - [TEST_STEP][PASSED] - Statement - counter = counter + 1: null

2018-11-27 17:46:14 - [TEST_STEP][PASSED] - Statement - PreSaveFile = new java.io.File(((pathPrefix + java.lang.Integer.toString(counter)) + .png)): null

2018-11-27 17:46:14 - [TEST_STEP][PASSED] - Statement - counter = counter + 1: null

2018-11-27 17:46:14 - [TEST_STEP][PASSED] - Statement - PreSaveFile = new java.io.File(((pathPrefix + java.lang.Integer.toString(counter)) + .png)): null

2018-11-27 17:46:14 - [TEST_STEP][PASSED] - Statement - counter = counter + 1: null

2018-11-27 17:46:14 - [TEST_STEP][PASSED] - Statement - PreSaveFile = new java.io.File(((pathPrefix + java.lang.Integer.toString(counter)) + .png)): null

2018-11-27 17:46:14 - [TEST_STEP][PASSED] - Statement - counter = counter + 1: null

2018-11-27 17:46:14 - [TEST_STEP][PASSED] - Statement - PreSaveFile = new java.io.File(((pathPrefix + java.lang.Integer.toString(counter)) + .png)): null

2018-11-27 17:46:14 - [TEST_STEP][PASSED] - Statement - counter = counter + 1: null

2018-11-27 17:46:14 - [TEST_STEP][PASSED] - Statement - PreSaveFile = new java.io.File(((pathPrefix + java.lang.Integer.toString(counter)) + .png)): null

2018-11-27 17:46:14 - [TEST_STEP][PASSED] - Statement - counter = counter + 1: null

2018-11-27 17:46:14 - [TEST_STEP][PASSED] - Statement - PreSaveFile = new java.io.File(((pathPrefix + java.lang.Integer.toString(counter)) + .png)): null

2018-11-27 17:46:14 - [TEST_STEP][PASSED] - Statement - counter = counter + 1: null

2018-11-27 17:46:14 - [TEST_STEP][PASSED] - Statement - PreSaveFile = new java.io.File(((pathPrefix + java.lang.Integer.toString(counter)) + .png)): null

2018-11-27 17:46:14 - [TEST_STEP][PASSED] - Statement - counter = counter + 1: null

2018-11-27 17:46:14 - [TEST_STEP][PASSED] - Statement - PreSaveFile = new java.io.File(((pathPrefix + java.lang.Integer.toString(counter)) + .png)): null

2018-11-27 17:46:14 - [TEST_STEP][PASSED] - Statement - counter = counter + 1: null

2018-11-27 17:46:14 - [TEST_STEP][PASSED] - Statement - PreSaveFile = new java.io.File(((pathPrefix + java.lang.Integer.toString(counter)) + .png)): null

2018-11-27 17:46:14 - [TEST_STEP][PASSED] - Statement - counter = counter + 1: null

2018-11-27 17:46:14 - [TEST_STEP][PASSED] - Statement - PreSaveFile = new java.io.File(((pathPrefix + java.lang.Integer.toString(counter)) + .png)): null

2018-11-27 17:46:14 - [TEST_STEP][PASSED] - Statement - counter = counter + 1: null

2018-11-27 17:46:14 - [TEST_STEP][PASSED] - Statement - PreSaveFile = new java.io.File(((pathPrefix + java.lang.Integer.toString(counter)) + .png)): null

2018-11-27 17:46:14 - [TEST_STEP][PASSED] - Statement - counter = counter + 1: null

2018-11-27 17:46:14 - [TEST_STEP][PASSED] - Statement - PreSaveFile = new java.io.File(((pathPrefix + java.lang.Integer.toString(counter)) + .png)): null

2018-11-27 17:46:14 - [TEST_STEP][PASSED] - Statement - counter = counter + 1: null

2018-11-27 17:46:14 - [TEST_STEP][PASSED] - Statement - PreSaveFile = new java.io.File(((pathPrefix + java.lang.Integer.toString(counter)) + .png)): null

2018-11-27 17:46:14 - [TEST_STEP][PASSED] - Statement - counter = counter + 1: null

2018-11-27 17:46:14 - [TEST_STEP][PASSED] - Statement - PreSaveFile = new java.io.File(((pathPrefix + java.lang.Integer.toString(counter)) + .png)): null

2018-11-27 17:46:14 - [TEST_STEP][PASSED] - Statement - counter = counter + 1: null

2018-11-27 17:46:14 - [TEST_STEP][PASSED] - Statement - PreSaveFile = new java.io.File(((pathPrefix + java.lang.Integer.toString(counter)) + .png)): null

2018-11-27 17:46:14 - [TEST_STEP][PASSED] - Statement - counter = counter + 1: null

2018-11-27 17:46:14 - [TEST_STEP][PASSED] - Statement - PreSaveFile = new java.io.File(((pathPrefix + java.lang.Integer.toString(counter)) + .png)): null

2018-11-27 17:46:14 - [TEST_STEP][PASSED] - Statement - counter = counter + 1: null

2018-11-27 17:46:14 - [TEST_STEP][PASSED] - Statement - PreSaveFile = new java.io.File(((pathPrefix + java.lang.Integer.toString(counter)) + .png)): null

2018-11-27 17:46:14 - [TEST_STEP][PASSED] - Statement - counter = counter + 1: null

2018-11-27 17:46:14 - [TEST_STEP][PASSED] - Statement - PreSaveFile = new java.io.File(((pathPrefix + java.lang.Integer.toString(counter)) + .png)): null

2018-11-27 17:46:14 - [TEST_STEP][PASSED] - Statement - counter = counter + 1: null

2018-11-27 17:46:14 - [TEST_STEP][PASSED] - Statement - PreSaveFile = new java.io.File(((pathPrefix + java.lang.Integer.toString(counter)) + .png)): null

2018-11-27 17:46:14 - [TEST_STEP][PASSED] - Statement - counter = counter + 1: null

2018-11-27 17:46:14 - [TEST_STEP][PASSED] - Statement - PreSaveFile = new java.io.File(((pathPrefix + java.lang.Integer.toString(counter)) + .png)): null

2018-11-27 17:46:14 - [TEST_STEP][PASSED] - Statement - counter = counter + 1: null

2018-11-27 17:46:14 - [TEST_STEP][PASSED] - Statement - PreSaveFile = new java.io.File(((pathPrefix + java.lang.Integer.toString(counter)) + .png)): null

2018-11-27 17:46:14 - [TEST_STEP][PASSED] - Statement - counter = counter + 1: null

2018-11-27 17:46:14 - [TEST_STEP][PASSED] - Statement - PreSaveFile = new java.io.File(((pathPrefix + java.lang.Integer.toString(counter)) + .png)): null

2018-11-27 17:46:14 - [TEST_STEP][PASSED] - Statement - counter = counter + 1: null

2018-11-27 17:46:14 - [TEST_STEP][PASSED] - Statement - PreSaveFile = new java.io.File(((pathPrefix + java.lang.Integer.toString(counter)) + .png)): null

2018-11-27 17:46:14 - [TEST_STEP][PASSED] - Statement - counter = counter + 1: null

2018-11-27 17:46:14 - [TEST_STEP][PASSED] - Statement - PreSaveFile = new java.io.File(((pathPrefix + java.lang.Integer.toString(counter)) + .png)): null

2018-11-27 17:46:14 - [TEST_STEP][PASSED] - Statement - counter = counter + 1: null

2018-11-27 17:46:14 - [TEST_STEP][PASSED] - Statement - PreSaveFile = new java.io.File(((pathPrefix + java.lang.Integer.toString(counter)) + .png)): null

2018-11-27 17:46:14 - [TEST_STEP][PASSED] - Statement - counter = counter + 1: null

2018-11-27 17:46:14 - [TEST_STEP][PASSED] - Statement - PreSaveFile = new java.io.File(((pathPrefix + java.lang.Integer.toString(counter)) + .png)): null

2018-11-27 17:46:14 - [TEST_STEP][PASSED] - Statement - counter = counter + 1: null

2018-11-27 17:46:14 - [TEST_STEP][PASSED] - Statement - PreSaveFile = new java.io.File(((pathPrefix + java.lang.Integer.toString(counter)) + .png)): null

2018-11-27 17:46:14 - [TEST_STEP][PASSED] - Statement - counter = counter + 1: null

2018-11-27 17:46:14 - [TEST_STEP][PASSED] - Statement - PreSaveFile = new java.io.File(((pathPrefix + java.lang.Integer.toString(counter)) + .png)): null

2018-11-27 17:46:14 - [TEST_STEP][PASSED] - Statement - counter = counter + 1: null

2018-11-27 17:46:14 - [TEST_STEP][PASSED] - Statement - PreSaveFile = new java.io.File(((pathPrefix + java.lang.Integer.toString(counter)) + .png)): null

2018-11-27 17:46:14 - [TEST_STEP][PASSED] - Statement - counter = counter + 1: null

2018-11-27 17:46:14 - [TEST_STEP][PASSED] - Statement - PreSaveFile = new java.io.File(((pathPrefix + java.lang.Integer.toString(counter)) + .png)): null

2018-11-27 17:46:14 - [TEST_STEP][PASSED] - Statement - counter = counter + 1: null

2018-11-27 17:46:14 - [TEST_STEP][PASSED] - Statement - PreSaveFile = new java.io.File(((pathPrefix + java.lang.Integer.toString(counter)) + .png)): null

2018-11-27 17:46:14 - [TEST_STEP][PASSED] - Statement - counter = counter + 1: null

2018-11-27 17:46:14 - [TEST_STEP][PASSED] - Statement - PreSaveFile = new java.io.File(((pathPrefix + java.lang.Integer.toString(counter)) + .png)): null

2018-11-27 17:46:14 - [TEST_STEP][PASSED] - Statement - counter = counter + 1: null

2018-11-27 17:46:14 - [TEST_STEP][PASSED] - Statement - PreSaveFile = new java.io.File(((pathPrefix + java.lang.Integer.toString(counter)) + .png)): null

2018-11-27 17:46:14 - [TEST_STEP][PASSED] - Statement - counter = counter + 1: null

2018-11-27 17:46:14 - [TEST_STEP][PASSED] - Statement - PreSaveFile = new java.io.File(((pathPrefix + java.lang.Integer.toString(counter)) + .png)): null

2018-11-27 17:46:14 - [TEST_STEP][PASSED] - Statement - counter = counter + 1: null

2018-11-27 17:46:14 - [TEST_STEP][PASSED] - Statement - PreSaveFile = new java.io.File(((pathPrefix + java.lang.Integer.toString(counter)) + .png)): null

2018-11-27 17:46:14 - [TEST_STEP][PASSED] - Statement - counter = counter + 1: null

2018-11-27 17:46:14 - [TEST_STEP][PASSED] - Statement - PreSaveFile = new java.io.File(((pathPrefix + java.lang.Integer.toString(counter)) + .png)): null

2018-11-27 17:46:14 - [TEST_STEP][PASSED] - Statement - counter = counter + 1: null

2018-11-27 17:46:14 - [TEST_STEP][PASSED] - Statement - PreSaveFile = new java.io.File(((pathPrefix + java.lang.Integer.toString(counter)) + .png)): null

2018-11-27 17:46:14 - [TEST_STEP][PASSED] - Statement - counter = counter + 1: null

2018-11-27 17:46:14 - [TEST_STEP][PASSED] - Statement - PreSaveFile = new java.io.File(((pathPrefix + java.lang.Integer.toString(counter)) + .png)): null

2018-11-27 17:46:14 - [TEST_STEP][PASSED] - Statement - counter = counter + 1: null

2018-11-27 17:46:14 - [TEST_STEP][PASSED] - Statement - PreSaveFile = new java.io.File(((pathPrefix + java.lang.Integer.toString(counter)) + .png)): null

2018-11-27 17:46:14 - [TEST_STEP][PASSED] - Statement - counter = counter + 1: null

2018-11-27 17:46:14 - [TEST_STEP][PASSED] - Statement - PreSaveFile = new java.io.File(((pathPrefix + java.lang.Integer.toString(counter)) + .png)): null

2018-11-27 17:46:14 - [TEST_STEP][PASSED] - Statement - counter = counter + 1: null

2018-11-27 17:46:14 - [TEST_STEP][PASSED] - Statement - PreSaveFile = new java.io.File(((pathPrefix + java.lang.Integer.toString(counter)) + .png)): null

2018-11-27 17:46:14 - [TEST_STEP][PASSED] - Statement - counter = counter + 1: null

2018-11-27 17:46:14 - [TEST_STEP][PASSED] - Statement - PreSaveFile = new java.io.File(((pathPrefix + java.lang.Integer.toString(counter)) + .png)): null

2018-11-27 17:46:14 - [TEST_STEP][PASSED] - Statement - counter = counter + 1: null

2018-11-27 17:46:14 - [TEST_STEP][PASSED] - Statement - PreSaveFile = new java.io.File(((pathPrefix + java.lang.Integer.toString(counter)) + .png)): null

2018-11-27 17:46:14 - [TEST_STEP][PASSED] - Statement - counter = counter + 1: null

2018-11-27 17:46:14 - [TEST_STEP][PASSED] - Statement - PreSaveFile = new java.io.File(((pathPrefix + java.lang.Integer.toString(counter)) + .png)): null

2018-11-27 17:46:14 - [TEST_STEP][PASSED] - Statement - counter = counter + 1: null

2018-11-27 17:46:14 - [TEST_STEP][PASSED] - Statement - PreSaveFile = new java.io.File(((pathPrefix + java.lang.Integer.toString(counter)) + .png)): null

2018-11-27 17:46:14 - [TEST_STEP][PASSED] - Statement - counter = counter + 1: null

2018-11-27 17:46:14 - [TEST_STEP][PASSED] - Statement - PreSaveFile = new java.io.File(((pathPrefix + java.lang.Integer.toString(counter)) + .png)): null

2018-11-27 17:46:14 - [TEST_STEP][PASSED] - Statement - counter = counter + 1: null

2018-11-27 17:46:14 - [TEST_STEP][PASSED] - Statement - PreSaveFile = new java.io.File(((pathPrefix + java.lang.Integer.toString(counter)) + .png)): null

2018-11-27 17:46:14 - [TEST_STEP][PASSED] - Statement - counter = counter + 1: null

2018-11-27 17:46:14 - [TEST_STEP][PASSED] - Statement - PreSaveFile = new java.io.File(((pathPrefix + java.lang.Integer.toString(counter)) + .png)): null

2018-11-27 17:46:14 - [TEST_STEP][PASSED] - Statement - counter = counter + 1: null

2018-11-27 17:46:14 - [TEST_STEP][PASSED] - Statement - PreSaveFile = new java.io.File(((pathPrefix + java.lang.Integer.toString(counter)) + .png)): null

2018-11-27 17:46:14 - [TEST_STEP][PASSED] - Statement - counter = counter + 1: null

2018-11-27 17:46:14 - [TEST_STEP][PASSED] - Statement - PreSaveFile = new java.io.File(((pathPrefix + java.lang.Integer.toString(counter)) + .png)): null

2018-11-27 17:46:14 - [TEST_STEP][PASSED] - Statement - counter = counter + 1: null

2018-11-27 17:46:14 - [TEST_STEP][PASSED] - Statement - PreSaveFile = new java.io.File(((pathPrefix + java.lang.Integer.toString(counter)) + .png)): null

2018-11-27 17:46:14 - [TEST_STEP][PASSED] - Statement - counter = counter + 1: null

2018-11-27 17:46:14 - [TEST_STEP][PASSED] - Statement - PreSaveFile = new java.io.File(((pathPrefix + java.lang.Integer.toString(counter)) + .png)): null

2018-11-27 17:46:14 - [TEST_STEP][PASSED] - Statement - counter = counter + 1: null

2018-11-27 17:46:14 - [TEST_STEP][PASSED] - Statement - PreSaveFile = new java.io.File(((pathPrefix + java.lang.Integer.toString(counter)) + .png)): null

2018-11-27 17:46:14 - [TEST_STEP][PASSED] - Statement - counter = counter + 1: null

2018-11-27 17:46:14 - [TEST_STEP][PASSED] - Statement - PreSaveFile = new java.io.File(((pathPrefix + java.lang.Integer.toString(counter)) + .png)): null

2018-11-27 17:46:14 - [TEST_STEP][PASSED] - Statement - counter = counter + 1: null

2018-11-27 17:46:14 - [TEST_STEP][PASSED] - Statement - PreSaveFile = new java.io.File(((pathPrefix + java.lang.Integer.toString(counter)) + .png)): null

2018-11-27 17:46:14 - [TEST_STEP][PASSED] - Statement - counter = counter + 1: null

2018-11-27 17:46:14 - [TEST_STEP][PASSED] - Statement - PreSaveFile = new java.io.File(((pathPrefix + java.lang.Integer.toString(counter)) + .png)): null

2018-11-27 17:46:14 - [TEST_STEP][PASSED] - Statement - counter = counter + 1: null

2018-11-27 17:46:14 - [TEST_STEP][PASSED] - Statement - PreSaveFile = new java.io.File(((pathPrefix + java.lang.Integer.toString(counter)) + .png)): null

2018-11-27 17:46:14 - [TEST_STEP][PASSED] - Statement - counter = counter + 1: null

2018-11-27 17:46:14 - [TEST_STEP][PASSED] - Statement - PreSaveFile = new java.io.File(((pathPrefix + java.lang.Integer.toString(counter)) + .png)): null

2018-11-27 17:46:14 - [TEST_STEP][PASSED] - Statement - counter = counter + 1: null

2018-11-27 17:46:14 - [TEST_STEP][PASSED] - Statement - PreSaveFile = new java.io.File(((pathPrefix + java.lang.Integer.toString(counter)) + .png)): null

2018-11-27 17:46:14 - [TEST_STEP][PASSED] - Statement - counter = counter + 1: null

2018-11-27 17:46:14 - [TEST_STEP][PASSED] - Statement - PreSaveFile = new java.io.File(((pathPrefix + java.lang.Integer.toString(counter)) + .png)): null

2018-11-27 17:46:14 - [TEST_STEP][PASSED] - Statement - counter = counter + 1: null

2018-11-27 17:46:14 - [TEST_STEP][PASSED] - Statement - PreSaveFile = new java.io.File(((pathPrefix + java.lang.Integer.toString(counter)) + .png)): null

2018-11-27 17:46:14 - [TEST_STEP][PASSED] - Statement - counter = counter + 1: null

2018-11-27 17:46:14 - [TEST_STEP][PASSED] - Statement - PreSaveFile = new java.io.File(((pathPrefix + java.lang.Integer.toString(counter)) + .png)): null

2018-11-27 17:46:14 - [TEST_STEP][PASSED] - Statement - counter = counter + 1: null

2018-11-27 17:46:14 - [TEST_STEP][PASSED] - Statement - PreSaveFile = new java.io.File(((pathPrefix + java.lang.Integer.toString(counter)) + .png)): null

2018-11-27 17:46:14 - [TEST_STEP][PASSED] - Statement - counter = counter + 1: null

2018-11-27 17:46:14 - [TEST_STEP][PASSED] - Statement - PreSaveFile = new java.io.File(((pathPrefix + java.lang.Integer.toString(counter)) + .png)): null

2018-11-27 17:46:14 - [TEST_STEP][PASSED] - Statement - counter = counter + 1: null

2018-11-27 17:46:14 - [TEST_STEP][PASSED] - Statement - PreSaveFile = new java.io.File(((pathPrefix + java.lang.Integer.toString(counter)) + .png)): null

2018-11-27 17:46:14 - [TEST_STEP][PASSED] - Statement - counter = counter + 1: null

2018-11-27 17:46:14 - [TEST_STEP][PASSED] - Statement - PreSaveFile = new java.io.File(((pathPrefix + java.lang.Integer.toString(counter)) + .png)): null

2018-11-27 17:46:14 - [TEST_STEP][PASSED] - Statement - counter = counter + 1: null

2018-11-27 17:46:14 - [TEST_STEP][PASSED] - Statement - PreSaveFile = new java.io.File(((pathPrefix + java.lang.Integer.toString(counter)) + .png)): null

2018-11-27 17:46:14 - [TEST_STEP][PASSED] - Statement - counter = counter + 1: null

2018-11-27 17:46:14 - [TEST_STEP][PASSED] - Statement - PreSaveFile = new java.io.File(((pathPrefix + java.lang.Integer.toString(counter)) + .png)): null

2018-11-27 17:46:14 - [TEST_STEP][PASSED] - Statement - counter = counter + 1: null

2018-11-27 17:46:14 - [TEST_STEP][PASSED] - Statement - PreSaveFile = new java.io.File(((pathPrefix + java.lang.Integer.toString(counter)) + .png)): null

2018-11-27 17:46:14 - [TEST_STEP][PASSED] - Statement - counter = counter + 1: null

2018-11-27 17:46:14 - [TEST_STEP][PASSED] - Statement - PreSaveFile = new java.io.File(((pathPrefix + java.lang.Integer.toString(counter)) + .png)): null

2018-11-27 17:46:14 - [TEST_STEP][PASSED] - Statement - counter = counter + 1: null

2018-11-27 17:46:14 - [TEST_STEP][PASSED] - Statement - PreSaveFile = new java.io.File(((pathPrefix + java.lang.Integer.toString(counter)) + .png)): null

2018-11-27 17:46:14 - [TEST_STEP][PASSED] - Statement - counter = counter + 1: null

2018-11-27 17:46:14 - [TEST_STEP][PASSED] - Statement - PreSaveFile = new java.io.File(((pathPrefix + java.lang.Integer.toString(counter)) + .png)): null

2018-11-27 17:46:14 - [TEST_STEP][PASSED] - Statement - counter = counter + 1: null

2018-11-27 17:46:14 - [TEST_STEP][PASSED] - Statement - PreSaveFile = new java.io.File(((pathPrefix + java.lang.Integer.toString(counter)) + .png)): null

2018-11-27 17:46:14 - [TEST_STEP][PASSED] - Statement - counter = counter + 1: null

2018-11-27 17:46:14 - [TEST_STEP][PASSED] - Statement - PreSaveFile = new java.io.File(((pathPrefix + java.lang.Integer.toString(counter)) + .png)): null

2018-11-27 17:46:14 - [TEST_STEP][PASSED] - Statement - counter = counter + 1: null

2018-11-27 17:46:14 - [TEST_STEP][PASSED] - Statement - PreSaveFile = new java.io.File(((pathPrefix + java.lang.Integer.toString(counter)) + .png)): null

2018-11-27 17:46:14 - [TEST_STEP][PASSED] - Statement - counter = counter + 1: null

2018-11-27 17:46:14 - [TEST_STEP][PASSED] - Statement - PreSaveFile = new java.io.File(((pathPrefix + java.lang.Integer.toString(counter)) + .png)): null

2018-11-27 17:46:14 - [TEST_STEP][PASSED] - Statement - counter = counter + 1: null

2018-11-27 17:46:14 - [TEST_STEP][PASSED] - Statement - PreSaveFile = new java.io.File(((pathPrefix + java.lang.Integer.toString(counter)) + .png)): null

2018-11-27 17:46:14 - [TEST_STEP][PASSED] - Statement - counter = counter + 1: null

2018-11-27 17:46:14 - [TEST_STEP][PASSED] - Statement - PreSaveFile = new java.io.File(((pathPrefix + java.lang.Integer.toString(counter)) + .png)): null

2018-11-27 17:46:14 - [TEST_STEP][PASSED] - Statement - counter = counter + 1: null

2018-11-27 17:46:14 - [TEST_STEP][PASSED] - Statement - PreSaveFile = new java.io.File(((pathPrefix + java.lang.Integer.toString(counter)) + .png)): null

2018-11-27 17:46:14 - [TEST_STEP][PASSED] - Statement - counter = counter + 1: null

2018-11-27 17:46:14 - [TEST_STEP][PASSED] - Statement - PreSaveFile = new java.io.File(((pathPrefix + java.lang.Integer.toString(counter)) + .png)): null

2018-11-27 17:46:14 - [TEST_STEP][PASSED] - Statement - counter = counter + 1: null

2018-11-27 17:46:14 - [TEST_STEP][PASSED] - Statement - PreSaveFile = new java.io.File(((pathPrefix + java.lang.Integer.toString(counter)) + .png)): null

2018-11-27 17:46:14 - [TEST_STEP][PASSED] - Statement - counter = counter + 1: null

2018-11-27 17:46:14 - [TEST_STEP][PASSED] - Statement - PreSaveFile = new java.io.File(((pathPrefix + java.lang.Integer.toString(counter)) + .png)): null

2018-11-27 17:46:14 - [TEST_STEP][PASSED] - Statement - counter = counter + 1: null

2018-11-27 17:46:14 - [TEST_STEP][PASSED] - Statement - PreSaveFile = new java.io.File(((pathPrefix + java.lang.Integer.toString(counter)) + .png)): null

2018-11-27 17:46:14 - [TEST_STEP][PASSED] - Statement - counter = counter + 1: null

2018-11-27 17:46:14 - [TEST_STEP][PASSED] - Statement - PreSaveFile = new java.io.File(((pathPrefix + java.lang.Integer.toString(counter)) + .png)): null

2018-11-27 17:46:14 - [TEST_STEP][PASSED] - Statement - counter = counter + 1: null

2018-11-27 17:46:14 - [TEST_STEP][PASSED] - Statement - PreSaveFile = new java.io.File(((pathPrefix + java.lang.Integer.toString(counter)) + .png)): null

2018-11-27 17:46:14 - [TEST_STEP][PASSED] - Statement - counter = counter + 1: null

2018-11-27 17:46:14 - [TEST_STEP][PASSED] - Statement - PreSaveFile = new java.io.File(((pathPrefix + java.lang.Integer.toString(counter)) + .png)): null

2018-11-27 17:46:14 - [TEST_STEP][PASSED] - Statement - counter = counter + 1: null

2018-11-27 17:46:14 - [TEST_STEP][PASSED] - Statement - PreSaveFile = new java.io.File(((pathPrefix + java.lang.Integer.toString(counter)) + .png)): null

2018-11-27 17:46:14 - [TEST_STEP][PASSED] - Statement - counter = counter + 1: null

2018-11-27 17:46:14 - [TEST_STEP][PASSED] - Statement - PreSaveFile = new java.io.File(((pathPrefix + java.lang.Integer.toString(counter)) + .png)): null

2018-11-27 17:46:14 - [TEST_STEP][PASSED] - Statement - counter = counter + 1: null

2018-11-27 17:46:14 - [TEST_STEP][PASSED] - Statement - PreSaveFile = new java.io.File(((pathPrefix + java.lang.Integer.toString(counter)) + .png)): null

2018-11-27 17:46:14 - [TEST_STEP][PASSED] - Statement - counter = counter + 1: null

2018-11-27 17:46:14 - [TEST_STEP][PASSED] - Statement - PreSaveFile = new java.io.File(((pathPrefix + java.lang.Integer.toString(counter)) + .png)): null

2018-11-27 17:46:14 - [TEST_STEP][PASSED] - Statement - counter = counter + 1: null

2018-11-27 17:46:14 - [TEST_STEP][PASSED] - Statement - PreSaveFile = new java.io.File(((pathPrefix + java.lang.Integer.toString(counter)) + .png)): null

2018-11-27 17:46:14 - [TEST_STEP][PASSED] - Statement - counter = counter + 1: null

2018-11-27 17:46:14 - [TEST_STEP][PASSED] - Statement - PreSaveFile = new java.io.File(((pathPrefix + java.lang.Integer.toString(counter)) + .png)): null

2018-11-27 17:46:14 - [TEST_STEP][PASSED] - Statement - counter = counter + 1: null

2018-11-27 17:46:14 - [TEST_STEP][PASSED] - Statement - PreSaveFile = new java.io.File(((pathPrefix + java.lang.Integer.toString(counter)) + .png)): null

2018-11-27 17:46:14 - [TEST_STEP][PASSED] - Statement - counter = counter + 1: null

2018-11-27 17:46:14 - [TEST_STEP][PASSED] - Statement - PreSaveFile = new java.io.File(((pathPrefix + java.lang.Integer.toString(counter)) + .png)): null

2018-11-27 17:46:14 - [TEST_STEP][PASSED] - Statement - counter = counter + 1: null

2018-11-27 17:46:14 - [TEST_STEP][PASSED] - Statement - PreSaveFile = new java.io.File(((pathPrefix + java.lang.Integer.toString(counter)) + .png)): null

2018-11-27 17:46:14 - [TEST_STEP][PASSED] - Statement - counter = counter + 1: null

2018-11-27 17:46:14 - [TEST_STEP][PASSED] - Statement - PreSaveFile = new java.io.File(((pathPrefix + java.lang.Integer.toString(counter)) + .png)): null

2018-11-27 17:46:14 - [TEST_STEP][PASSED] - Statement - counter = counter + 1: null

2018-11-27 17:46:14 - [TEST_STEP][PASSED] - Statement - PreSaveFile = new java.io.File(((pathPrefix + java.lang.Integer.toString(counter)) + .png)): null

2018-11-27 17:46:14 - [TEST_STEP][PASSED] - Statement - counter = counter + 1: null

2018-11-27 17:46:14 - [TEST_STEP][PASSED] - Statement - PreSaveFile = new java.io.File(((pathPrefix + java.lang.Integer.toString(counter)) + .png)): null

2018-11-27 17:46:14 - [TEST_STEP][PASSED] - Statement - counter = counter + 1: null

2018-11-27 17:46:15 - [TEST_STEP][PASSED] - Statement - PreSaveFile = new java.io.File(((pathPrefix + java.lang.Integer.toString(counter)) + .png)): null

2018-11-27 17:46:15 - [TEST_STEP][PASSED] - Statement - counter = counter + 1: null

2018-11-27 17:46:15 - [TEST_STEP][PASSED] - Statement - PreSaveFile = new java.io.File(((pathPrefix + java.lang.Integer.toString(counter)) + .png)): null

2018-11-27 17:46:15 - [TEST_STEP][PASSED] - Statement - counter = counter + 1: null

2018-11-27 17:46:15 - [TEST_STEP][PASSED] - Statement - PreSaveFile = new java.io.File(((pathPrefix + java.lang.Integer.toString(counter)) + .png)): null

2018-11-27 17:46:15 - [TEST_STEP][PASSED] - Statement - counter = counter + 1: null

2018-11-27 17:46:15 - [TEST_STEP][PASSED] - Statement - PreSaveFile = new java.io.File(((pathPrefix + java.lang.Integer.toString(counter)) + .png)): null

2018-11-27 17:46:15 - [TEST_STEP][PASSED] - Statement - counter = counter + 1: null

2018-11-27 17:46:15 - [TEST_STEP][PASSED] - Statement - PreSaveFile = new java.io.File(((pathPrefix + java.lang.Integer.toString(counter)) + .png)): null

2018-11-27 17:46:15 - [TEST_STEP][PASSED] - Statement - counter = counter + 1: null

2018-11-27 17:46:15 - [TEST_STEP][PASSED] - Statement - PreSaveFile = new java.io.File(((pathPrefix + java.lang.Integer.toString(counter)) + .png)): null

2018-11-27 17:46:15 - [TEST_STEP][PASSED] - Statement - counter = counter + 1: null

2018-11-27 17:46:15 - [TEST_STEP][PASSED] - Statement - PreSaveFile = new java.io.File(((pathPrefix + java.lang.Integer.toString(counter)) + .png)): null

2018-11-27 17:46:15 - [TEST_STEP][PASSED] - Statement - counter = counter + 1: null

2018-11-27 17:46:15 - [TEST_STEP][PASSED] - Statement - PreSaveFile = new java.io.File(((pathPrefix + java.lang.Integer.toString(counter)) + .png)): null

2018-11-27 17:46:15 - [TEST_STEP][PASSED] - Statement - counter = counter + 1: null

2018-11-27 17:46:15 - [TEST_STEP][PASSED] - Statement - PreSaveFile = new java.io.File(((pathPrefix + java.lang.Integer.toString(counter)) + .png)): null

2018-11-27 17:46:15 - [TEST_STEP][PASSED] - Statement - counter = counter + 1: null

2018-11-27 17:46:15 - [TEST_STEP][PASSED] - Statement - PreSaveFile = new java.io.File(((pathPrefix + java.lang.Integer.toString(counter)) + .png)): null

2018-11-27 17:46:15 - [TEST_STEP][PASSED] - Statement - counter = counter + 1: null

2018-11-27 17:46:15 - [TEST_STEP][PASSED] - Statement - PreSaveFile = new java.io.File(((pathPrefix + java.lang.Integer.toString(counter)) + .png)): null

2018-11-27 17:46:15 - [TEST_STEP][PASSED] - Statement - counter = counter + 1: null

2018-11-27 17:46:15 - [TEST_STEP][PASSED] - Statement - PreSaveFile = new java.io.File(((pathPrefix + java.lang.Integer.toString(counter)) + .png)): null

2018-11-27 17:46:15 - [TEST_STEP][PASSED] - Statement - counter = counter + 1: null

2018-11-27 17:46:15 - [TEST_STEP][PASSED] - Statement - PreSaveFile = new java.io.File(((pathPrefix + java.lang.Integer.toString(counter)) + .png)): null

2018-11-27 17:46:15 - [TEST_STEP][PASSED] - Statement - counter = counter + 1: null

2018-11-27 17:46:15 - [TEST_STEP][PASSED] - Statement - PreSaveFile = new java.io.File(((pathPrefix + java.lang.Integer.toString(counter)) + .png)): null

2018-11-27 17:46:15 - [TEST_STEP][PASSED] - Statement - counter = counter + 1: null

2018-11-27 17:46:15 - [TEST_STEP][PASSED] - Statement - PreSaveFile = new java.io.File(((pathPrefix + java.lang.Integer.toString(counter)) + .png)): null

2018-11-27 17:46:15 - [TEST_STEP][PASSED] - Statement - counter = counter + 1: null

2018-11-27 17:46:15 - [TEST_STEP][PASSED] - Statement - PreSaveFile = new java.io.File(((pathPrefix + java.lang.Integer.toString(counter)) + .png)): null

2018-11-27 17:46:15 - [TEST_STEP][PASSED] - Statement - counter = counter + 1: null

2018-11-27 17:46:15 - [TEST_STEP][PASSED] - Statement - PreSaveFile = new java.io.File(((pathPrefix + java.lang.Integer.toString(counter)) + .png)): null

2018-11-27 17:46:15 - [TEST_STEP][PASSED] - Statement - counter = counter + 1: null

2018-11-27 17:46:15 - [TEST_STEP][PASSED] - Statement - PreSaveFile = new java.io.File(((pathPrefix + java.lang.Integer.toString(counter)) + .png)): null

2018-11-27 17:46:15 - [TEST_STEP][PASSED] - Statement - counter = counter + 1: null

2018-11-27 17:46:15 - [TEST_STEP][PASSED] - Statement - PreSaveFile = new java.io.File(((pathPrefix + java.lang.Integer.toString(counter)) + .png)): null

2018-11-27 17:46:15 - [TEST_STEP][PASSED] - Statement - counter = counter + 1: null

2018-11-27 17:46:15 - [TEST_STEP][PASSED] - Statement - PreSaveFile = new java.io.File(((pathPrefix + java.lang.Integer.toString(counter)) + .png)): null

2018-11-27 17:46:15 - [TEST_STEP][PASSED] - Statement - counter = counter + 1: null

2018-11-27 17:46:15 - [TEST_STEP][PASSED] - Statement - PreSaveFile = new java.io.File(((pathPrefix + java.lang.Integer.toString(counter)) + .png)): null

2018-11-27 17:46:15 - [TEST_STEP][PASSED] - Statement - counter = counter + 1: null

2018-11-27 17:46:15 - [TEST_STEP][PASSED] - Statement - PreSaveFile = new java.io.File(((pathPrefix + java.lang.Integer.toString(counter)) + .png)): null

2018-11-27 17:46:15 - [TEST_STEP][PASSED] - Statement - counter = counter + 1: null

2018-11-27 17:46:15 - [TEST_STEP][PASSED] - Statement - PreSaveFile = new java.io.File(((pathPrefix + java.lang.Integer.toString(counter)) + .png)): null

2018-11-27 17:46:15 - [TEST_STEP][PASSED] - Statement - counter = counter + 1: null

2018-11-27 17:46:15 - [TEST_STEP][PASSED] - Statement - PreSaveFile = new java.io.File(((pathPrefix + java.lang.Integer.toString(counter)) + .png)): null

2018-11-27 17:46:15 - [TEST_STEP][PASSED] - Statement - counter = counter + 1: null

2018-11-27 17:46:15 - [TEST_STEP][PASSED] - Statement - PreSaveFile = new java.io.File(((pathPrefix + java.lang.Integer.toString(counter)) + .png)): null

2018-11-27 17:46:15 - [TEST_STEP][PASSED] - Statement - counter = counter + 1: null

2018-11-27 17:46:15 - [TEST_STEP][PASSED] - Statement - PreSaveFile = new java.io.File(((pathPrefix + java.lang.Integer.toString(counter)) + .png)): null

2018-11-27 17:46:15 - [TEST_STEP][PASSED] - Statement - counter = counter + 1: null

2018-11-27 17:46:15 - [TEST_STEP][PASSED] - Statement - PreSaveFile = new java.io.File(((pathPrefix + java.lang.Integer.toString(counter)) + .png)): null

2018-11-27 17:46:15 - [TEST_STEP][PASSED] - Statement - counter = counter + 1: null

2018-11-27 17:46:15 - [TEST_STEP][PASSED] - Statement - PreSaveFile = new java.io.File(((pathPrefix + java.lang.Integer.toString(counter)) + .png)): null

2018-11-27 17:46:15 - [TEST_STEP][PASSED] - Statement - counter = counter + 1: null

2018-11-27 17:46:15 - [TEST_STEP][PASSED] - Statement - PreSaveFile = new java.io.File(((pathPrefix + java.lang.Integer.toString(counter)) + .png)): null

2018-11-27 17:46:15 - [TEST_STEP][PASSED] - Statement - counter = counter + 1: null

2018-11-27 17:46:15 - [TEST_STEP][PASSED] - Statement - PreSaveFile = new java.io.File(((pathPrefix + java.lang.Integer.toString(counter)) + .png)): null

2018-11-27 17:46:15 - [TEST_STEP][PASSED] - Statement - counter = counter + 1: null

2018-11-27 17:46:15 - [TEST_STEP][PASSED] - Statement - PreSaveFile = new java.io.File(((pathPrefix + java.lang.Integer.toString(counter)) + .png)): null

2018-11-27 17:46:15 - [TEST_STEP][PASSED] - Statement - counter = counter + 1: null

2018-11-27 17:46:15 - [TEST_STEP][PASSED] - Statement - PreSaveFile = new java.io.File(((pathPrefix + java.lang.Integer.toString(counter)) + .png)): null

2018-11-27 17:46:15 - [TEST_STEP][PASSED] - Statement - counter = counter + 1: null

2018-11-27 17:46:15 - [TEST_STEP][PASSED] - Statement - PreSaveFile = new java.io.File(((pathPrefix + java.lang.Integer.toString(counter)) + .png)): null

2018-11-27 17:46:15 - [TEST_STEP][PASSED] - Statement - counter = counter + 1: null

2018-11-27 17:46:15 - [TEST_STEP][PASSED] - Statement - PreSaveFile = new java.io.File(((pathPrefix + java.lang.Integer.toString(counter)) + .png)): null

2018-11-27 17:46:15 - [TEST_STEP][PASSED] - Statement - counter = counter + 1: null

2018-11-27 17:46:15 - [TEST_STEP][PASSED] - Statement - PreSaveFile = new java.io.File(((pathPrefix + java.lang.Integer.toString(counter)) + .png)): null

2018-11-27 17:46:15 - [TEST_STEP][PASSED] - Statement - counter = counter + 1: null

2018-11-27 17:46:15 - [TEST_STEP][PASSED] - Statement - PreSaveFile = new java.io.File(((pathPrefix + java.lang.Integer.toString(counter)) + .png)): null

2018-11-27 17:46:15 - [TEST_STEP][PASSED] - Statement - counter = counter + 1: null

2018-11-27 17:46:15 - [TEST_STEP][PASSED] - Statement - PreSaveFile = new java.io.File(((pathPrefix + java.lang.Integer.toString(counter)) + .png)): null

2018-11-27 17:46:15 - [TEST_STEP][PASSED] - Statement - counter = counter + 1: null

2018-11-27 17:46:15 - [TEST_STEP][PASSED] - Statement - PreSaveFile = new java.io.File(((pathPrefix + java.lang.Integer.toString(counter)) + .png)): null

2018-11-27 17:46:15 - [TEST_STEP][PASSED] - Statement - counter = counter + 1: null

2018-11-27 17:46:15 - [TEST_STEP][PASSED] - Statement - PreSaveFile = new java.io.File(((pathPrefix + java.lang.Integer.toString(counter)) + .png)): null

2018-11-27 17:46:15 - [TEST_STEP][PASSED] - Statement - counter = counter + 1: null

2018-11-27 17:46:15 - [TEST_STEP][PASSED] - Statement - PreSaveFile = new java.io.File(((pathPrefix + java.lang.Integer.toString(counter)) + .png)): null

2018-11-27 17:46:15 - [TEST_STEP][PASSED] - Statement - counter = counter + 1: null

2018-11-27 17:46:15 - [TEST_STEP][PASSED] - Statement - PreSaveFile = new java.io.File(((pathPrefix + java.lang.Integer.toString(counter)) + .png)): null

2018-11-27 17:46:15 - [TEST_STEP][PASSED] - Statement - counter = counter + 1: null

2018-11-27 17:46:15 - [TEST_STEP][PASSED] - Statement - PreSaveFile = new java.io.File(((pathPrefix + java.lang.Integer.toString(counter)) + .png)): null

2018-11-27 17:46:15 - [TEST_STEP][PASSED] - Statement - counter = counter + 1: null

2018-11-27 17:46:15 - [TEST_STEP][PASSED] - Statement - PreSaveFile = new java.io.File(((pathPrefix + java.lang.Integer.toString(counter)) + .png)): null

2018-11-27 17:46:15 - [TEST_STEP][PASSED] - Statement - counter = counter + 1: null

2018-11-27 17:46:15 - [TEST_STEP][PASSED] - Statement - PreSaveFile = new java.io.File(((pathPrefix + java.lang.Integer.toString(counter)) + .png)): null

2018-11-27 17:46:15 - [TEST_STEP][PASSED] - Statement - counter = counter + 1: null

2018-11-27 17:46:15 - [TEST_STEP][PASSED] - Statement - PreSaveFile = new java.io.File(((pathPrefix + java.lang.Integer.toString(counter)) + .png)): null

2018-11-27 17:46:15 - [TEST_STEP][PASSED] - Statement - counter = counter + 1: null

2018-11-27 17:46:15 - [TEST_STEP][PASSED] - Statement - PreSaveFile = new java.io.File(((pathPrefix + java.lang.Integer.toString(counter)) + .png)): null

2018-11-27 17:46:15 - [TEST_STEP][PASSED] - Statement - counter = counter + 1: null

2018-11-27 17:46:15 - [TEST_STEP][PASSED] - Statement - PreSaveFile = new java.io.File(((pathPrefix + java.lang.Integer.toString(counter)) + .png)): null

2018-11-27 17:46:15 - [TEST_STEP][PASSED] - Statement - counter = counter + 1: null

2018-11-27 17:46:15 - [TEST_STEP][PASSED] - Statement - PreSaveFile = new java.io.File(((pathPrefix + java.lang.Integer.toString(counter)) + .png)): null

2018-11-27 17:46:15 - [TEST_STEP][PASSED] - Statement - counter = counter + 1: null

2018-11-27 17:46:15 - [TEST_STEP][PASSED] - Statement - PreSaveFile = new java.io.File(((pathPrefix + java.lang.Integer.toString(counter)) + .png)): null

2018-11-27 17:46:15 - [TEST_STEP][PASSED] - Statement - counter = counter + 1: null

2018-11-27 17:46:15 - [TEST_STEP][PASSED] - Statement - PreSaveFile = new java.io.File(((pathPrefix + java.lang.Integer.toString(counter)) + .png)): null

2018-11-27 17:46:15 - [TEST_STEP][PASSED] - Statement - counter = counter + 1: null

2018-11-27 17:46:15 - [TEST_STEP][PASSED] - Statement - PreSaveFile = new java.io.File(((pathPrefix + java.lang.Integer.toString(counter)) + .png)): null

2018-11-27 17:46:15 - [TEST_STEP][PASSED] - Statement - counter = counter + 1: null

2018-11-27 17:46:15 - [TEST_STEP][PASSED] - Statement - PreSaveFile = new java.io.File(((pathPrefix + java.lang.Integer.toString(counter)) + .png)): null

2018-11-27 17:46:15 - [TEST_STEP][PASSED] - Statement - counter = counter + 1: null

2018-11-27 17:46:15 - [TEST_STEP][PASSED] - Statement - PreSaveFile = new java.io.File(((pathPrefix + java.lang.Integer.toString(counter)) + .png)): null

2018-11-27 17:46:15 - [TEST_STEP][PASSED] - Statement - counter = counter + 1: null

2018-11-27 17:46:15 - [TEST_STEP][PASSED] - Statement - PreSaveFile = new java.io.File(((pathPrefix + java.lang.Integer.toString(counter)) + .png)): null

2018-11-27 17:46:15 - [TEST_STEP][PASSED] - Statement - counter = counter + 1: null

2018-11-27 17:46:15 - [TEST_STEP][PASSED] - Statement - PreSaveFile = new java.io.File(((pathPrefix + java.lang.Integer.toString(counter)) + .png)): null

2018-11-27 17:46:15 - [TEST_STEP][PASSED] - Statement - counter = counter + 1: null

2018-11-27 17:46:15 - [TEST_STEP][PASSED] - Statement - PreSaveFile = new java.io.File(((pathPrefix + java.lang.Integer.toString(counter)) + .png)): null

2018-11-27 17:46:15 - [TEST_STEP][PASSED] - Statement - counter = counter + 1: null

2018-11-27 17:46:15 - [TEST_STEP][PASSED] - Statement - PreSaveFile = new java.io.File(((pathPrefix + java.lang.Integer.toString(counter)) + .png)): null

2018-11-27 17:46:15 - [TEST_STEP][PASSED] - Statement - counter = counter + 1: null

2018-11-27 17:46:15 - [TEST_STEP][PASSED] - Statement - PreSaveFile = new java.io.File(((pathPrefix + java.lang.Integer.toString(counter)) + .png)): null

2018-11-27 17:46:15 - [TEST_STEP][PASSED] - Statement - counter = counter + 1: null

2018-11-27 17:46:15 - [TEST_STEP][PASSED] - Statement - PreSaveFile = new java.io.File(((pathPrefix + java.lang.Integer.toString(counter)) + .png)): null

2018-11-27 17:46:15 - [TEST_STEP][PASSED] - Statement - counter = counter + 1: null

2018-11-27 17:46:15 - [TEST_STEP][PASSED] - Statement - PreSaveFile = new java.io.File(((pathPrefix + java.lang.Integer.toString(counter)) + .png)): null

2018-11-27 17:46:15 - [TEST_STEP][PASSED] - Statement - counter = counter + 1: null

2018-11-27 17:46:15 - [TEST_STEP][PASSED] - Statement - PreSaveFile = new java.io.File(((pathPrefix + java.lang.Integer.toString(counter)) + .png)): null

2018-11-27 17:46:15 - [TEST_STEP][PASSED] - Statement - counter = counter + 1: null

2018-11-27 17:46:15 - [TEST_STEP][PASSED] - Statement - PreSaveFile = new java.io.File(((pathPrefix + java.lang.Integer.toString(counter)) + .png)): null

2018-11-27 17:46:15 - [TEST_STEP][PASSED] - Statement - counter = counter + 1: null

2018-11-27 17:46:15 - [TEST_STEP][PASSED] - Statement - PreSaveFile = new java.io.File(((pathPrefix + java.lang.Integer.toString(counter)) + .png)): null

2018-11-27 17:46:15 - [TEST_STEP][PASSED] - Statement - counter = counter + 1: null

2018-11-27 17:46:15 - [TEST_STEP][PASSED] - Statement - PreSaveFile = new java.io.File(((pathPrefix + java.lang.Integer.toString(counter)) + .png)): null

2018-11-27 17:46:15 - [TEST_STEP][PASSED] - Statement - counter = counter + 1: null

2018-11-27 17:46:15 - [TEST_STEP][PASSED] - Statement - PreSaveFile = new java.io.File(((pathPrefix + java.lang.Integer.toString(counter)) + .png)): null

2018-11-27 17:46:15 - [TEST_STEP][PASSED] - Statement - counter = counter + 1: null

2018-11-27 17:46:15 - [TEST_STEP][PASSED] - Statement - PreSaveFile = new java.io.File(((pathPrefix + java.lang.Integer.toString(counter)) + .png)): null

2018-11-27 17:46:15 - [TEST_STEP][PASSED] - Statement - counter = counter + 1: null

2018-11-27 17:46:15 - [TEST_STEP][PASSED] - Statement - PreSaveFile = new java.io.File(((pathPrefix + java.lang.Integer.toString(counter)) + .png)): null

2018-11-27 17:46:15 - [TEST_STEP][PASSED] - Statement - counter = counter + 1: null

2018-11-27 17:46:15 - [TEST_STEP][PASSED] - Statement - PreSaveFile = new java.io.File(((pathPrefix + java.lang.Integer.toString(counter)) + .png)): null

2018-11-27 17:46:15 - [TEST_STEP][PASSED] - Statement - counter = counter + 1: null

2018-11-27 17:46:15 - [TEST_STEP][PASSED] - Statement - PreSaveFile = new java.io.File(((pathPrefix + java.lang.Integer.toString(counter)) + .png)): null

2018-11-27 17:46:15 - [TEST_STEP][PASSED] - Statement - counter = counter + 1: null

2018-11-27 17:46:15 - [TEST_STEP][PASSED] - Statement - PreSaveFile = new java.io.File(((pathPrefix + java.lang.Integer.toString(counter)) + .png)): null

2018-11-27 17:46:15 - [TEST_STEP][PASSED] - Statement - counter = counter + 1: null

2018-11-27 17:46:15 - [TEST_STEP][PASSED] - Statement - PreSaveFile = new java.io.File(((pathPrefix + java.lang.Integer.toString(counter)) + .png)): null

2018-11-27 17:46:15 - [TEST_STEP][PASSED] - Statement - counter = counter + 1: null

2018-11-27 17:46:15 - [TEST_STEP][PASSED] - Statement - PreSaveFile = new java.io.File(((pathPrefix + java.lang.Integer.toString(counter)) + .png)): null

2018-11-27 17:46:15 - [TEST_STEP][PASSED] - Statement - counter = counter + 1: null

2018-11-27 17:46:15 - [TEST_STEP][PASSED] - Statement - PreSaveFile = new java.io.File(((pathPrefix + java.lang.Integer.toString(counter)) + .png)): null

2018-11-27 17:46:15 - [TEST_STEP][PASSED] - Statement - finalPath = pathPrefix + java.lang.Integer.toString(counter) + ".png": null

2018-11-27 17:46:15 - [TEST_STEP][PASSED] - Statement - SaveFile = new java.io.File(finalPath): null

2018-11-27 17:46:15 - [TEST_STEP][PASSED] - Statement - Try: null

2018-11-27 17:46:15 - [TEST_STEP][PASSED] - Statement - org.apache.commons.io.FileUtils.copyFile(scrFile, SaveFile): null

2018-11-27 17:46:15 - [TEST_STEP][PASSED] - Statement - out.println("file kept"): null

2018-11-27 17:46:15 - [TEST_STEP][PASSED] - delay: Delayed 10 second(s)

2018-11-27 17:46:25 - [MESSAGE][PASSED] - Delayed 10 second(s)

2018-11-27 17:46:25 - [MESSAGE][PASSED] - Call Test Case 'Test Cases/Final Aug 2018 - PKS Automation/Registration Module/New Registration/Submit and Screenshot/Submit Registration and Screenshot - Copy' successfully

2018-11-27 17:46:25 - [TEST_STEP][PASSED] - Statement - UpdateAddNewECode = com.kms.katalon.core.webui.keyword.WebUiBuiltInKeywords.getText(com.kms.katalon.core.testobject.ObjectRepository.findTestObject(Object Repository/Final Object Repo/Page_Update Add New Employee - ASSIST/getEmpCode)): Text of object 'Object Repository/Final Object Repo/Page_Update Add New Employee - ASSIST/getEmpCode' is: 'E1102070513F'

2018-11-27 17:46:25 - [MESSAGE][PASSED] - Text of object 'Object Repository/Final Object Repo/Page_Update Add New Employee - ASSIST/getEmpCode' is: 'E1102070513F'

2018-11-27 17:46:25 - [TEST_STEP][PASSED] - callTestCase: Call Test Case 'Test Cases/Final Aug 2018 - PKS Automation/Common/Emp Code Setter' successfully

2018-11-27 17:46:25 - [TEST_CASE][PASSED] - Test Cases/Final Aug 2018 - PKS Automation/Common/Emp Code Setter: Test Cases/Final Aug 2018 - PKS Automation/Common/Emp Code Setter

2018-11-27 17:46:25 - [TEST_STEP][PASSED] - Statement - EmpCodeOld = new java.io.File(C://Users//Admin//Desktop//PKS//Automation Reference Point//EmpCode.txt): null

2018-11-27 17:46:25 - [TEST_STEP][PASSED] - Statement - EmpCodeOld.delete(): null

2018-11-27 17:46:25 - [TEST_STEP][PASSED] - Statement - EmpCode = new java.io.File(C://Users//Admin//Desktop//PKS//Automation Reference Point//EmpCode.txt): null

2018-11-27 17:46:25 - [TEST_STEP][PASSED] - Statement - EmpCode.append(UpdateAddNewECode): null

2018-11-27 17:46:25 - [TEST_STEP][PASSED] - Statement - out.println("


" + UpdateAddNewECode + "


"): null

2018-11-27 17:46:25 - [MESSAGE][PASSED] - Call Test Case 'Test Cases/Final Aug 2018 - PKS Automation/Common/Emp Code Setter' successfully

2018-11-27 17:46:25 - [MESSAGE][PASSED] - Call Test Case 'Test Cases/Final Aug 2018 - PKS Automation/Registration Module/Workflow/Update Add New Employee/Template/New Company for Update Add New' successfully

2018-11-27 17:46:25 - [TEST_STEP][PASSED] - callTestCase: Call Test Case 'Test Cases/Final Aug 2018 - PKS Automation/Registration Module/Log Out/log out avoiding katalon tagging' successfully

2018-11-27 17:46:25 - [TEST_CASE][PASSED] - Test Cases/Final Aug 2018 - PKS Automation/Registration Module/Log Out/log out avoiding katalon tagging: Test Cases/Final Aug 2018 - PKS Automation/Registration Module/Log Out/log out avoiding katalon tagging

2018-11-27 17:46:25 - [TEST_STEP][PASSED] - navigateToUrl: Navigate to 'https://assist2-uat.perkeso.gov.my/c/portal/logout' successfully

2018-11-27 17:46:26 - [MESSAGE][PASSED] - Navigate to 'https://assist2-uat.perkeso.gov.my/c/portal/logout' successfully

2018-11-27 17:46:26 - [MESSAGE][PASSED] - Call Test Case 'Test Cases/Final Aug 2018 - PKS Automation/Registration Module/Log Out/log out avoiding katalon tagging' successfully

2018-11-27 17:46:26 - [TEST_STEP][PASSED] - callTestCase: Call Test Case 'Test Cases/Final Aug 2018 - PKS Automation/Registration Module/New Registration/Form 2/Date Updater' successfully

2018-11-27 17:46:26 - [TEST_CASE][PASSED] - Test Cases/Final Aug 2018 - PKS Automation/Registration Module/New Registration/Form 2/Date Updater: Test Cases/Final Aug 2018 - PKS Automation/Registration Module/New Registration/Form 2/Date Updater

2018-11-27 17:46:26 - [TEST_STEP][PASSED] - Statement - TodayDate = new java.util.Date(): null

2018-11-27 17:46:26 - [TEST_STEP][PASSED] - Statement - CurrentDateNoFilter = new java.text.SimpleDateFormat(): null

2018-11-27 17:46:26 - [TEST_STEP][PASSED] - Statement - CurrentDateNoFilter.applyPattern("dd"): null

2018-11-27 17:46:26 - [TEST_STEP][PASSED] - Statement - CurrentDate = CurrentDateNoFilter.format(TodayDate): null

2018-11-27 17:46:26 - [TEST_STEP][PASSED] - Statement - CurrentDate = java.lang.Integer.parseInt(CurrentDate): null

2018-11-27 17:46:26 - [TEST_STEP][PASSED] - Statement - CurrentDate = CurrentDate: null

2018-11-27 17:46:26 - [TEST_STEP][PASSED] - Statement - CurrentDay = java.lang.Integer.parseInt(CurrentDate): null

2018-11-27 17:46:26 - [TEST_STEP][PASSED] - Statement - aDayBefore = CurrentDay + 1: null

2018-11-27 17:46:26 - [TEST_STEP][PASSED] - Statement - DayBefore = aDayBefore.toString(): null

2018-11-27 17:46:26 - [TEST_STEP][PASSED] - Statement - OneDayBefore = DayBefore: null

2018-11-27 17:46:26 - [TEST_STEP][PASSED] - Statement - CurrentDateNoFilter.applyPattern("MM"): null

2018-11-27 17:46:26 - [TEST_STEP][PASSED] - Statement - monthContainerMatcher = java.lang.Integer.parseInt(CurrentDateNoFilter.format(TodayDate)): null

2018-11-27 17:46:26 - [TEST_STEP][PASSED] - Statement - monthContainerMatcher = monthContainerMatcher - 1: null

2018-11-27 17:46:26 - [TEST_STEP][PASSED] - Statement - CurrentMonth = monthContainerMatcher.toString(): null

2018-11-27 17:46:26 - [TEST_STEP][PASSED] - Statement - CurrentMonth = CurrentMonth: null

2018-11-27 17:46:26 - [TEST_STEP][PASSED] - Statement - CurrentDateNoFilter.applyPattern("yyyy"): null

2018-11-27 17:46:26 - [TEST_STEP][PASSED] - Statement - CurrentYear = CurrentDateNoFilter.format(TodayDate): null

2018-11-27 17:46:26 - [TEST_STEP][PASSED] - Statement - CurrentYear = CurrentYear: null

2018-11-27 17:46:26 - [TEST_STEP][PASSED] - Statement - intCurrentYear = java.lang.Integer.parseInt(CurrentDateNoFilter.format(TodayDate)): null

2018-11-27 17:46:26 - [TEST_STEP][PASSED] - Statement - eighteenYrsAgo = intCurrentYear - 18: null

2018-11-27 17:46:26 - [TEST_STEP][PASSED] - Statement - eighteenYrsBeforeThisYr = eighteenYrsAgo.toString(): null

2018-11-27 17:46:26 - [TEST_STEP][PASSED] - Statement - EighteenYrsBefore = eighteenYrsBeforeThisYr: null

2018-11-27 17:46:26 - [TEST_STEP][PASSED] - Statement - fiftysevenYrsAgo = intCurrentYear - 57: null

2018-11-27 17:46:26 - [TEST_STEP][PASSED] - Statement - fiftysevenYrsBeforeThisYr = fiftysevenYrsAgo.toString(): null

2018-11-27 17:46:26 - [TEST_STEP][PASSED] - Statement - FiftysevenYrsBefore = fiftysevenYrsBeforeThisYr: null

2018-11-27 17:46:26 - [MESSAGE][PASSED] - Call Test Case 'Test Cases/Final Aug 2018 - PKS Automation/Registration Module/New Registration/Form 2/Date Updater' successfully

2018-11-27 17:46:26 - [TEST_STEP][PASSED] - delay: Delayed 2 second(s)

2018-11-27 17:46:28 - [MESSAGE][PASSED] - Delayed 2 second(s)

2018-11-27 17:46:28 - [TEST_STEP][PASSED] - setText: Text 'klpkrbo2@gmail.com' is set on object 'Object Repository/Final Object Repo/Page_Update Add New Employee - ASSIST/Email TextBox'

2018-11-27 17:46:28 - [MESSAGE][PASSED] - Text 'klpkrbo2@gmail.com' is set on object 'Object Repository/Final Object Repo/Page_Update Add New Employee - ASSIST/Email TextBox'

2018-11-27 17:46:28 - [TEST_STEP][PASSED] - click: Object: 'Object Repository/Final Object Repo/Page_Update Add New Employee - ASSIST/Next Button' is clicked on

2018-11-27 17:46:28 - [MESSAGE][PASSED] - Object: 'Object Repository/Final Object Repo/Page_Update Add New Employee - ASSIST/Next Button' is clicked on

2018-11-27 17:46:28 - [TEST_STEP][PASSED] - delay: Delayed 2 second(s)

2018-11-27 17:46:30 - [MESSAGE][PASSED] - Delayed 2 second(s)

2018-11-27 17:46:30 - [TEST_STEP][PASSED] - setText: Text 'Test1@3456789' is set on object 'Object Repository/Final Object Repo/Page_Update Add New Employee - ASSIST/Password TextBox'

2018-11-27 17:46:31 - [MESSAGE][PASSED] - Text 'Test1@3456789' is set on object 'Object Repository/Final Object Repo/Page_Update Add New Employee - ASSIST/Password TextBox'

2018-11-27 17:46:31 - [TEST_STEP][PASSED] - delay: Delayed 2 second(s)

2018-11-27 17:46:33 - [MESSAGE][PASSED] - Delayed 2 second(s)

2018-11-27 17:46:33 - [TEST_STEP][PASSED] - click: Object: 'Object Repository/Final Object Repo/Page_Update Add New Employee - ASSIST/Login Button' is clicked on

2018-11-27 17:46:33 - [MESSAGE][PASSED] - Object: 'Object Repository/Final Object Repo/Page_Update Add New Employee - ASSIST/Login Button' is clicked on

2018-11-27 17:46:33 - [TEST_STEP][PASSED] - delay: Delayed 4 second(s)

2018-11-27 17:46:37 - [MESSAGE][PASSED] - Delayed 4 second(s)

2018-11-27 17:46:37 - [TEST_STEP][PASSED] - Statement - Try: Delayed 2 second(s)

2018-11-27 17:46:37 - [TEST_STEP][PASSED] - Statement - Checker = false: null

2018-11-27 17:46:37 - [TEST_STEP][PASSED] - Statement - Checker = com.kms.katalon.core.webui.keyword.WebUiBuiltInKeywords.verifyElementHasAttribute(com.kms.katalon.core.testobject.ObjectRepository.findTestObject(Final Object Repo/Landing Page/BM Detecting), "href", 20, OPTIONAL): Object 'Object Repository/Final Object Repo/Landing Page/BM Detecting' has attribute 'href'

2018-11-27 17:46:37 - [MESSAGE][PASSED] - Object 'Object Repository/Final Object Repo/Landing Page/BM Detecting' has attribute 'href'

2018-11-27 17:46:37 - [TEST_STEP][PASSED] - Statement - out.println(Checker): null

2018-11-27 17:46:37 - [TEST_STEP][PASSED] - Statement - If (Checker == false): null

2018-11-27 17:46:37 - [TEST_STEP][PASSED] - Statement - Else: null

2018-11-27 17:46:37 - [TEST_STEP][PASSED] - delay: Delayed 2 second(s)

2018-11-27 17:46:39 - [MESSAGE][PASSED] - Delayed 2 second(s)

2018-11-27 17:46:39 - [TEST_STEP][PASSED] - delay: Delayed 4 second(s)

2018-11-27 17:46:43 - [MESSAGE][PASSED] - Delayed 4 second(s)

2018-11-27 17:46:43 - [TEST_STEP][PASSED] - click: Object: 'Object Repository/Final Object Repo/Page_Update Add New Employee - ASSIST/My Sites Drop Down' is clicked on

2018-11-27 17:46:43 - [MESSAGE][PASSED] - Object: 'Object Repository/Final Object Repo/Page_Update Add New Employee - ASSIST/My Sites Drop Down' is clicked on

2018-11-27 17:46:43 - [TEST_STEP][PASSED] - click: Object: 'Object Repository/Final Object Repo/Page_Update Add New Employee - ASSIST/Select to Registration Module' is clicked on

2018-11-27 17:46:44 - [MESSAGE][PASSED] - Object: 'Object Repository/Final Object Repo/Page_Update Add New Employee - ASSIST/Select to Registration Module' is clicked on

2018-11-27 17:46:44 - [TEST_STEP][PASSED] - navigateToUrl: Navigate to 'https://assist2-uat.perkeso.gov.my/web/registration/myassist' successfully

2018-11-27 17:46:45 - [MESSAGE][PASSED] - Navigate to 'https://assist2-uat.perkeso.gov.my/web/registration/myassist' successfully

2018-11-27 17:46:45 - [TEST_STEP][PASSED] - mouseOver: Object: 'Object Repository/Final Object Repo/Page_Update Add New Employee - ASSIST/Select to Update Akta 4 Tab' is hovered

2018-11-27 17:46:45 - [MESSAGE][PASSED] - Object: 'Object Repository/Final Object Repo/Page_Update Add New Employee - ASSIST/Select to Update Akta 4 Tab' is hovered

2018-11-27 17:46:45 - [TEST_STEP][PASSED] - delay: Delayed 2 second(s)

2018-11-27 17:46:47 - [MESSAGE][PASSED] - Delayed 2 second(s)

2018-11-27 17:46:47 - [TEST_STEP][PASSED] - click: Object: 'Object Repository/Final Object Repo/Page_Update Add New Employee - ASSIST/Select to Update Add New Employee' is clicked on

2018-11-27 17:46:48 - [MESSAGE][PASSED] - Object: 'Object Repository/Final Object Repo/Page_Update Add New Employee - ASSIST/Select to Update Add New Employee' is clicked on

2018-11-27 17:46:48 - [TEST_STEP][PASSED] - delay: Delayed 2 second(s)

2018-11-27 17:46:50 - [MESSAGE][PASSED] - Delayed 2 second(s)

2018-11-27 17:46:50 - [TEST_STEP][PASSED] - setText: Text 'E1102070513F' is set on object 'Object Repository/Final Object Repo/Page_Update Add New Employee - ASSIST/Employer Code input textbox'

2018-11-27 17:46:50 - [MESSAGE][PASSED] - Text 'E1102070513F' is set on object 'Object Repository/Final Object Repo/Page_Update Add New Employee - ASSIST/Employer Code input textbox'

2018-11-27 17:46:50 - [TEST_STEP][PASSED] - delay: Delayed 2 second(s)

2018-11-27 17:46:52 - [MESSAGE][PASSED] - Delayed 2 second(s)

2018-11-27 17:46:52 - [TEST_STEP][PASSED] - click: Object: 'Object Repository/Final Object Repo/Page_Update Add New Employee - ASSIST/Search Button for Employer Code' is clicked on

2018-11-27 17:46:52 - [MESSAGE][PASSED] - Object: 'Object Repository/Final Object Repo/Page_Update Add New Employee - ASSIST/Search Button for Employer Code' is clicked on

2018-11-27 17:46:52 - [TEST_STEP][PASSED] - delay: Delayed 4 second(s)

2018-11-27 17:46:56 - [MESSAGE][PASSED] - Delayed 4 second(s)

2018-11-27 17:46:56 - [TEST_STEP][PASSED] - click: Object: 'Object Repository/Final Object Repo/Page_Update Add New Employee - ASSIST/Click to Edit Case' is clicked on

2018-11-27 17:46:58 - [MESSAGE][PASSED] - Object: 'Object Repository/Final Object Repo/Page_Update Add New Employee - ASSIST/Click to Edit Case' is clicked on

2018-11-27 17:46:58 - [TEST_STEP][PASSED] - callTestCase: Call Test Case 'Test Cases/Final Aug 2018 - PKS Automation/Registration Module/Workflow/Update Add New Employee/Template/Employee Adding/Employee Set Decider' successfully

2018-11-27 17:46:58 - [TEST_CASE][PASSED] - Test Cases/Final Aug 2018 - PKS Automation/Registration Module/Workflow/Update Add New Employee/Template/Employee Adding/Employee Set Decider: Test Cases/Final Aug 2018 - PKS Automation/Registration Module/Workflow/Update Add New Employee/Template/Employee Adding/Employee Set Decider

2018-11-27 17:46:58 - [TEST_STEP][PASSED] - delay: Delayed 4 second(s)

2018-11-27 17:47:02 - [MESSAGE][PASSED] - Delayed 4 second(s)

2018-11-27 17:47:02 - [TEST_STEP][PASSED] - click: Object: 'Object Repository/Final Object Repo/Page_Update Add New Employee - ASSIST/Add Employee Button' is clicked on

2018-11-27 17:47:02 - [MESSAGE][PASSED] - Object: 'Object Repository/Final Object Repo/Page_Update Add New Employee - ASSIST/Add Employee Button' is clicked on

2018-11-27 17:47:02 - [TEST_STEP][PASSED] - delay: Delayed 3 second(s)

2018-11-27 17:47:05 - [MESSAGE][PASSED] - Delayed 3 second(s)

2018-11-27 17:47:05 - [TEST_STEP][PASSED] - setText: Text '010903091920' is set on object 'Object Repository/Final Object Repo/Page_Update Add New Employee - ASSIST/NRIC Input'

2018-11-27 17:47:06 - [MESSAGE][PASSED] - Text '010903091920' is set on object 'Object Repository/Final Object Repo/Page_Update Add New Employee - ASSIST/NRIC Input'

2018-11-27 17:47:06 - [TEST_STEP][PASSED] - click: Object: 'Object Repository/Final Object Repo/Page_Update Add New Employee - ASSIST/button for search for IC' is clicked on

2018-11-27 17:47:06 - [MESSAGE][PASSED] - Object: 'Object Repository/Final Object Repo/Page_Update Add New Employee - ASSIST/button for search for IC' is clicked on

2018-11-27 17:47:06 - [TEST_STEP][PASSED] - delay: Delayed 2 second(s)

2018-11-27 17:47:08 - [MESSAGE][PASSED] - Delayed 2 second(s)

2018-11-27 17:47:08 - [TEST_STEP][PASSED] - sendKeys: Keys 'CONTROL + a' sent to object: 'Object Repository/Final Object Repo/Page_Update Add New Employee - ASSIST/Employee Name Input'

2018-11-27 17:47:08 - [MESSAGE][PASSED] - Keys 'CONTROL + a' sent to object: 'Object Repository/Final Object Repo/Page_Update Add New Employee - ASSIST/Employee Name Input'

2018-11-27 17:47:08 - [TEST_STEP][PASSED] - sendKeys: Keys 'CONTROL + c' sent to object: 'Object Repository/Final Object Repo/Page_Update Add New Employee - ASSIST/Employee Name Input'

2018-11-27 17:47:08 - [MESSAGE][PASSED] - Keys 'CONTROL + c' sent to object: 'Object Repository/Final Object Repo/Page_Update Add New Employee - ASSIST/Employee Name Input'

2018-11-27 17:47:08 - [TEST_STEP][PASSED] - Statement - toolkit = java.awt.Toolkit.getDefaultToolkit(): null

2018-11-27 17:47:08 - [TEST_STEP][PASSED] - Statement - clipboard = toolkit.getSystemClipboard(): null

2018-11-27 17:47:08 - [TEST_STEP][PASSED] - Statement - CurrentName = clipboard.getData(stringFlavor): null

2018-11-27 17:47:08 - [TEST_STEP][PASSED] - Statement - out.println("String from Clipboard:" + CurrentName): null

2018-11-27 17:47:08 - [TEST_STEP][PASSED] - Statement - If (CurrentName == "AUTOMATE002 ELIGIBLE 1"): null

2018-11-27 17:47:08 - [TEST_STEP][PASSED] - Statement - Else If (CurrentName == "AUTOMATE003 ELIGIBLE 1"): Call Test Case 'Test Cases/Final Aug 2018 - PKS Automation/Registration Module/Workflow/Update Add New Employee/Template/Employee Adding/Employee Adding Action Repeat IC - set 2' successfully

2018-11-27 17:47:08 - [TEST_STEP][PASSED] - callTestCase: Call Test Case 'Test Cases/Final Aug 2018 - PKS Automation/Registration Module/Workflow/Update Add New Employee/Template/Employee Adding/Employee Adding Action Repeat IC - set 2' successfully

2018-11-27 17:47:08 - [TEST_CASE][PASSED] - Test Cases/Final Aug 2018 - PKS Automation/Registration Module/Workflow/Update Add New Employee/Template/Employee Adding/Employee Adding Action Repeat IC - set 2: Test Cases/Final Aug 2018 - PKS Automation/Registration Module/Workflow/Update Add New Employee/Template/Employee Adding/Employee Adding Action Repeat IC - set 2

2018-11-27 17:47:08 - [TEST_STEP][PASSED] - setText: Text 'Automate002 eligible 1' is set on object 'Object Repository/Final Object Repo/Page_Update Add New Employee - ASSIST/Employee Name Input'

2018-11-27 17:47:09 - [MESSAGE][PASSED] - Text 'Automate002 eligible 1' is set on object 'Object Repository/Final Object Repo/Page_Update Add New Employee - ASSIST/Employee Name Input'

2018-11-27 17:47:09 - [TEST_STEP][PASSED] - delay: Delayed 2 second(s)

2018-11-27 17:47:11 - [MESSAGE][PASSED] - Delayed 2 second(s)

2018-11-27 17:47:11 - [TEST_STEP][PASSED] - click: Object: 'Object Repository/Final Object Repo/Page_Update Add New Employee - ASSIST/DatePicker Pop Up' is clicked on

2018-11-27 17:47:11 - [MESSAGE][PASSED] - Object: 'Object Repository/Final Object Repo/Page_Update Add New Employee - ASSIST/DatePicker Pop Up' is clicked on

2018-11-27 17:47:11 - [TEST_STEP][PASSED] - click: Object: 'Object Repository/Final Object Repo/Page_Update Add New Employee - ASSIST/DOB Month' is clicked on

2018-11-27 17:47:11 - [MESSAGE][PASSED] - Object: 'Object Repository/Final Object Repo/Page_Update Add New Employee - ASSIST/DOB Month' is clicked on

2018-11-27 17:47:11 - [TEST_STEP][PASSED] - Statement - CurrentMonth = CurrentMonth: null

2018-11-27 17:47:11 - [TEST_STEP][PASSED] - Statement - selectMonth = new com.kms.katalon.core.testobject.TestObject(): null

2018-11-27 17:47:11 - [TEST_STEP][PASSED] - Statement - selectMonth.addProperty("xpath", EQUALS, "//body/div/div/div/select/option[@value='" + CurrentMonth + "']", true): null

2018-11-27 17:47:11 - [TEST_STEP][PASSED] - click: Object: '' is clicked on

2018-11-27 17:47:11 - [MESSAGE][PASSED] - Object: '' is clicked on

2018-11-27 17:47:11 - [TEST_STEP][PASSED] - click: Object: 'Object Repository/Final Object Repo/Page_Update Add New Employee - ASSIST/DOB Year' is clicked on

2018-11-27 17:47:11 - [MESSAGE][PASSED] - Object: 'Object Repository/Final Object Repo/Page_Update Add New Employee - ASSIST/DOB Year' is clicked on

2018-11-27 17:47:11 - [TEST_STEP][PASSED] - Statement - Eyearsbf = EighteenYrsBefore: null

2018-11-27 17:47:11 - [TEST_STEP][PASSED] - Statement - selectYear = new com.kms.katalon.core.testobject.TestObject(): null

2018-11-27 17:47:11 - [TEST_STEP][PASSED] - Statement - selectYear.addProperty("xpath", EQUALS, "//div/div/div/select/option[@value='" + Eyearsbf + "']", true): null

2018-11-27 17:47:11 - [TEST_STEP][PASSED] - click: Object: '' is clicked on

2018-11-27 17:47:12 - [MESSAGE][PASSED] - Object: '' is clicked on

2018-11-27 17:47:12 - [TEST_STEP][PASSED] - Statement - UpdatedSelectDate = com.kms.katalon.core.webui.keyword.WebUiBuiltInKeywords.modifyObjectProperty(com.kms.katalon.core.testobject.ObjectRepository.findTestObject(Final Object Repo/Page_Update Add New Employee - ASSIST/DOB Date), "xpath", "equals", "//body/div/table/tbody/tr/td/a[text()="" + CurrentDate + ""]", true): Modify property of object successfully

2018-11-27 17:47:12 - [MESSAGE][PASSED] - Modify property of object successfully

2018-11-27 17:47:12 - [TEST_STEP][PASSED] - delay: Delayed 3 second(s)

2018-11-27 17:47:15 - [MESSAGE][PASSED] - Delayed 3 second(s)

2018-11-27 17:47:15 - [TEST_STEP][PASSED] - click: Object: 'Object Repository/Final Object Repo/Page_Update Add New Employee - ASSIST/DOB Date' is clicked on

2018-11-27 17:47:15 - [MESSAGE][PASSED] - Object: 'Object Repository/Final Object Repo/Page_Update Add New Employee - ASSIST/DOB Date' is clicked on

2018-11-27 17:47:15 - [TEST_STEP][PASSED] - delay: Delayed 2 second(s)

2018-11-27 17:47:17 - [MESSAGE][PASSED] - Delayed 2 second(s)

2018-11-27 17:47:17 - [TEST_STEP][PASSED] - click: Object: 'Object Repository/Final Object Repo/Page_Update Add New Employee - ASSIST/EmploymentStartDate Pop Up' is clicked on

2018-11-27 17:47:17 - [MESSAGE][PASSED] - Object: 'Object Repository/Final Object Repo/Page_Update Add New Employee - ASSIST/EmploymentStartDate Pop Up' is clicked on

2018-11-27 17:47:17 - [TEST_STEP][PASSED] - delay: Delayed 2 second(s)

2018-11-27 17:47:19 - [MESSAGE][PASSED] - Delayed 2 second(s)

2018-11-27 17:47:19 - [TEST_STEP][PASSED] - click: Object: 'Object Repository/Final Object Repo/Page_Update Add New Employee - ASSIST/Socso Employment StartDate Month' is clicked on

2018-11-27 17:47:19 - [MESSAGE][PASSED] - Object: 'Object Repository/Final Object Repo/Page_Update Add New Employee - ASSIST/Socso Employment StartDate Month' is clicked on

2018-11-27 17:47:19 - [TEST_STEP][PASSED] - delay: Delayed 1 second(s)

2018-11-27 17:47:20 - [MESSAGE][PASSED] - Delayed 1 second(s)

2018-11-27 17:47:20 - [TEST_STEP][PASSED] - click: Object: 'Object Repository/Final Object Repo/Page_Update Add New Employee - ASSIST/Select Socso Employement Startdate Month' is clicked on

2018-11-27 17:47:20 - [MESSAGE][PASSED] - Object: 'Object Repository/Final Object Repo/Page_Update Add New Employee - ASSIST/Select Socso Employement Startdate Month' is clicked on

2018-11-27 17:47:20 - [TEST_STEP][PASSED] - delay: Delayed 2 second(s)

2018-11-27 17:47:22 - [MESSAGE][PASSED] - Delayed 2 second(s)

2018-11-27 17:47:22 - [TEST_STEP][PASSED] - click: Object: 'Object Repository/Final Object Repo/Page_Update Add New Employee - ASSIST/Socso Employment StartDate Year' is clicked on

2018-11-27 17:47:22 - [MESSAGE][PASSED] - Object: 'Object Repository/Final Object Repo/Page_Update Add New Employee - ASSIST/Socso Employment StartDate Year' is clicked on

2018-11-27 17:47:22 - [TEST_STEP][PASSED] - delay: Delayed 1 second(s)

2018-11-27 17:47:23 - [MESSAGE][PASSED] - Delayed 1 second(s)

2018-11-27 17:47:23 - [TEST_STEP][PASSED] - click: Object: 'Object Repository/Final Object Repo/Page_Update Add New Employee - ASSIST/Select Socso Employment Startdate Year' is clicked on

2018-11-27 17:47:24 - [MESSAGE][PASSED] - Object: 'Object Repository/Final Object Repo/Page_Update Add New Employee - ASSIST/Select Socso Employment Startdate Year' is clicked on

2018-11-27 17:47:24 - [TEST_STEP][PASSED] - delay: Delayed 2 second(s)

2018-11-27 17:47:26 - [MESSAGE][PASSED] - Delayed 2 second(s)

2018-11-27 17:47:26 - [TEST_STEP][PASSED] - click: Object: 'Object Repository/Final Object Repo/Page_Update Add New Employee - ASSIST/Socso Employment Start Date Day' is clicked on

2018-11-27 17:47:26 - [MESSAGE][PASSED] - Object: 'Object Repository/Final Object Repo/Page_Update Add New Employee - ASSIST/Socso Employment Start Date Day' is clicked on

2018-11-27 17:47:26 - [TEST_STEP][PASSED] - delay: Delayed 2 second(s)

2018-11-27 17:47:28 - [MESSAGE][PASSED] - Delayed 2 second(s)

2018-11-27 17:47:28 - [TEST_STEP][PASSED] - click: Object: 'Object Repository/Final Object Repo/Page_Update Add New Employee - ASSIST/Save Button for Add Employee' is clicked on

2018-11-27 17:47:28 - [MESSAGE][PASSED] - Object: 'Object Repository/Final Object Repo/Page_Update Add New Employee - ASSIST/Save Button for Add Employee' is clicked on

2018-11-27 17:47:28 - [TEST_STEP][PASSED] - delay: Delayed 10 second(s)

2018-11-27 17:47:38 - [MESSAGE][PASSED] - Delayed 10 second(s)

2018-11-27 17:47:38 - [TEST_STEP][PASSED] - click: Object: 'Object Repository/Final Object Repo/Page_Update Add New Employee - ASSIST/Add Employee Button' is clicked on

2018-11-27 17:47:38 - [MESSAGE][PASSED] - Object: 'Object Repository/Final Object Repo/Page_Update Add New Employee - ASSIST/Add Employee Button' is clicked on

2018-11-27 17:47:38 - [TEST_STEP][PASSED] - delay: Delayed 6 second(s)

2018-11-27 17:47:44 - [MESSAGE][PASSED] - Delayed 6 second(s)

2018-11-27 17:47:44 - [TEST_STEP][PASSED] - setText: Text '620904059600' is set on object 'Object Repository/Final Object Repo/Page_Update Add New Employee - ASSIST/NRIC Input'

2018-11-27 17:47:45 - [MESSAGE][PASSED] - Text '620904059600' is set on object 'Object Repository/Final Object Repo/Page_Update Add New Employee - ASSIST/NRIC Input'

2018-11-27 17:47:45 - [TEST_STEP][PASSED] - click: Object: 'Object Repository/Final Object Repo/Page_Update Add New Employee - ASSIST/button for search for IC' is clicked on

2018-11-27 17:47:45 - [MESSAGE][PASSED] - Object: 'Object Repository/Final Object Repo/Page_Update Add New Employee - ASSIST/button for search for IC' is clicked on

2018-11-27 17:47:45 - [TEST_STEP][PASSED] - delay: Delayed 2 second(s)

2018-11-27 17:47:47 - [MESSAGE][PASSED] - Delayed 2 second(s)

2018-11-27 17:47:47 - [TEST_STEP][PASSED] - setText: Text 'Automate002 eligible 2' is set on object 'Object Repository/Final Object Repo/Page_Update Add New Employee - ASSIST/Employee Name Input'

2018-11-27 17:47:47 - [MESSAGE][PASSED] - Text 'Automate002 eligible 2' is set on object 'Object Repository/Final Object Repo/Page_Update Add New Employee - ASSIST/Employee Name Input'

2018-11-27 17:47:47 - [TEST_STEP][PASSED] - delay: Delayed 2 second(s)

2018-11-27 17:47:49 - [MESSAGE][PASSED] - Delayed 2 second(s)

2018-11-27 17:47:49 - [TEST_STEP][PASSED] - click: Object: 'Object Repository/Final Object Repo/Page_Update Add New Employee - ASSIST/DatePicker Pop Up' is clicked on

2018-11-27 17:47:50 - [MESSAGE][PASSED] - Object: 'Object Repository/Final Object Repo/Page_Update Add New Employee - ASSIST/DatePicker Pop Up' is clicked on

2018-11-27 17:47:50 - [TEST_STEP][PASSED] - delay: Delayed 2 second(s)

2018-11-27 17:47:52 - [MESSAGE][PASSED] - Delayed 2 second(s)

2018-11-27 17:47:52 - [TEST_STEP][PASSED] - click: Object: 'Object Repository/Final Object Repo/Page_Update Add New Employee - ASSIST/DOB Month' is clicked on

2018-11-27 17:47:52 - [MESSAGE][PASSED] - Object: 'Object Repository/Final Object Repo/Page_Update Add New Employee - ASSIST/DOB Month' is clicked on

2018-11-27 17:47:52 - [TEST_STEP][PASSED] - Statement - selectMonth = com.kms.katalon.core.webui.keyword.WebUiBuiltInKeywords.modifyObjectProperty(selectMonth, "xpath", "equals", "//body/div/div/div/select/option[@value="" + CurrentMonth + ""]", true): Modify property of object successfully

2018-11-27 17:47:52 - [MESSAGE][PASSED] - Modify property of object successfully

2018-11-27 17:47:52 - [TEST_STEP][PASSED] - click: Object: '' is clicked on

2018-11-27 17:47:52 - [MESSAGE][PASSED] - Object: '' is clicked on

2018-11-27 17:47:52 - [TEST_STEP][PASSED] - click: Object: 'Object Repository/Final Object Repo/Page_Update Add New Employee - ASSIST/DOB Year' is clicked on

2018-11-27 17:47:52 - [MESSAGE][PASSED] - Object: 'Object Repository/Final Object Repo/Page_Update Add New Employee - ASSIST/DOB Year' is clicked on

2018-11-27 17:47:52 - [TEST_STEP][PASSED] - Statement - selectYear = com.kms.katalon.core.webui.keyword.WebUiBuiltInKeywords.modifyObjectProperty(selectYear, "xpath", "equals", "//div/div/div/select/option[@value="" + FiftysevenYrsBefore + ""]", true): Modify property of object successfully

2018-11-27 17:47:52 - [MESSAGE][PASSED] - Modify property of object successfully

2018-11-27 17:47:52 - [TEST_STEP][PASSED] - click: Object: '' is clicked on

2018-11-27 17:47:52 - [MESSAGE][PASSED] - Object: '' is clicked on

2018-11-27 17:47:52 - [TEST_STEP][PASSED] - Statement - UpdatedSelectDate = com.kms.katalon.core.webui.keyword.WebUiBuiltInKeywords.modifyObjectProperty(com.kms.katalon.core.testobject.ObjectRepository.findTestObject(Final Object Repo/Page_Update Add New Employee - ASSIST/DOB Date), "xpath", "equals", "//body/div/table/tbody/tr/td/a[text()="" + OneDayBefore + ""]", true): Modify property of object successfully

2018-11-27 17:47:52 - [MESSAGE][PASSED] - Modify property of object successfully

2018-11-27 17:47:52 - [TEST_STEP][PASSED] - click: Object: 'Object Repository/Final Object Repo/Page_Update Add New Employee - ASSIST/DOB Date' is clicked on

2018-11-27 17:47:52 - [MESSAGE][PASSED] - Object: 'Object Repository/Final Object Repo/Page_Update Add New Employee - ASSIST/DOB Date' is clicked on

2018-11-27 17:47:52 - [TEST_STEP][PASSED] - delay: Delayed 2 second(s)

2018-11-27 17:47:54 - [MESSAGE][PASSED] - Delayed 2 second(s)

2018-11-27 17:47:54 - [TEST_STEP][PASSED] - click: Object: 'Object Repository/Final Object Repo/Page_Update Add New Employee - ASSIST/EmploymentStartDate Pop Up' is clicked on

2018-11-27 17:47:54 - [MESSAGE][PASSED] - Object: 'Object Repository/Final Object Repo/Page_Update Add New Employee - ASSIST/EmploymentStartDate Pop Up' is clicked on

2018-11-27 17:47:54 - [TEST_STEP][PASSED] - delay: Delayed 2 second(s)

2018-11-27 17:47:56 - [MESSAGE][PASSED] - Delayed 2 second(s)

2018-11-27 17:47:56 - [TEST_STEP][PASSED] - click: Object: 'Object Repository/Final Object Repo/Page_Update Add New Employee - ASSIST/Socso Employment StartDate Month' is clicked on

2018-11-27 17:47:57 - [MESSAGE][PASSED] - Object: 'Object Repository/Final Object Repo/Page_Update Add New Employee - ASSIST/Socso Employment StartDate Month' is clicked on

2018-11-27 17:47:57 - [TEST_STEP][PASSED] - delay: Delayed 1 second(s)

2018-11-27 17:47:58 - [MESSAGE][PASSED] - Delayed 1 second(s)

2018-11-27 17:47:58 - [TEST_STEP][PASSED] - click: Object: 'Object Repository/Final Object Repo/Page_Update Add New Employee - ASSIST/Select Socso Employement Startdate Month' is clicked on

2018-11-27 17:47:58 - [MESSAGE][PASSED] - Object: 'Object Repository/Final Object Repo/Page_Update Add New Employee - ASSIST/Select Socso Employement Startdate Month' is clicked on

2018-11-27 17:47:58 - [TEST_STEP][PASSED] - delay: Delayed 2 second(s)

2018-11-27 17:48:00 - [MESSAGE][PASSED] - Delayed 2 second(s)

2018-11-27 17:48:00 - [TEST_STEP][PASSED] - click: Object: 'Object Repository/Final Object Repo/Page_Update Add New Employee - ASSIST/Socso Employment StartDate Year' is clicked on

2018-11-27 17:48:00 - [MESSAGE][PASSED] - Object: 'Object Repository/Final Object Repo/Page_Update Add New Employee - ASSIST/Socso Employment StartDate Year' is clicked on

2018-11-27 17:48:00 - [TEST_STEP][PASSED] - delay: Delayed 1 second(s)

2018-11-27 17:48:01 - [MESSAGE][PASSED] - Delayed 1 second(s)

2018-11-27 17:48:01 - [TEST_STEP][PASSED] - click: Object: 'Object Repository/Final Object Repo/Page_Update Add New Employee - ASSIST/Select Socso Employment Startdate Year' is clicked on

2018-11-27 17:48:01 - [MESSAGE][PASSED] - Object: 'Object Repository/Final Object Repo/Page_Update Add New Employee - ASSIST/Select Socso Employment Startdate Year' is clicked on

2018-11-27 17:48:01 - [TEST_STEP][PASSED] - delay: Delayed 2 second(s)

2018-11-27 17:48:03 - [MESSAGE][PASSED] - Delayed 2 second(s)

2018-11-27 17:48:03 - [TEST_STEP][PASSED] - click: Object: 'Object Repository/Final Object Repo/Page_Update Add New Employee - ASSIST/Socso Employment Start Date Day' is clicked on

2018-11-27 17:48:03 - [MESSAGE][PASSED] - Object: 'Object Repository/Final Object Repo/Page_Update Add New Employee - ASSIST/Socso Employment Start Date Day' is clicked on

2018-11-27 17:48:03 - [TEST_STEP][PASSED] - delay: Delayed 2 second(s)

2018-11-27 17:48:05 - [MESSAGE][PASSED] - Delayed 2 second(s)

2018-11-27 17:48:05 - [TEST_STEP][PASSED] - click: Object: 'Object Repository/Final Object Repo/Page_Update Add New Employee - ASSIST/Save Button for Add Employee' is clicked on

2018-11-27 17:48:05 - [MESSAGE][PASSED] - Object: 'Object Repository/Final Object Repo/Page_Update Add New Employee - ASSIST/Save Button for Add Employee' is clicked on

2018-11-27 17:48:05 - [TEST_STEP][PASSED] - delay: Delayed 5 second(s)

2018-11-27 17:48:10 - [MESSAGE][PASSED] - Delayed 5 second(s)

2018-11-27 17:48:10 - [TEST_STEP][PASSED] - waitForElementClickable: Object 'Object Repository/Final Object Repo/Page_Update Add New Employee - ASSIST/Add Employee Button' is clickable

2018-11-27 17:48:10 - [MESSAGE][PASSED] - Object 'Object Repository/Final Object Repo/Page_Update Add New Employee - ASSIST/Add Employee Button' is clickable

2018-11-27 17:48:10 - [TEST_STEP][PASSED] - click: Object: 'Object Repository/Final Object Repo/Page_Update Add New Employee - ASSIST/Add Employee Button' is clicked on

2018-11-27 17:48:11 - [MESSAGE][PASSED] - Object: 'Object Repository/Final Object Repo/Page_Update Add New Employee - ASSIST/Add Employee Button' is clicked on

2018-11-27 17:48:11 - [TEST_STEP][PASSED] - delay: Delayed 4 second(s)

2018-11-27 17:48:15 - [MESSAGE][PASSED] - Delayed 4 second(s)

2018-11-27 17:48:15 - [TEST_STEP][PASSED] - setText: Text '000209039100' is set on object 'Object Repository/Final Object Repo/Page_Update Add New Employee - ASSIST/NRIC Input'

2018-11-27 17:48:15 - [MESSAGE][PASSED] - Text '000209039100' is set on object 'Object Repository/Final Object Repo/Page_Update Add New Employee - ASSIST/NRIC Input'

2018-11-27 17:48:15 - [TEST_STEP][PASSED] - click: Object: 'Object Repository/Final Object Repo/Page_Update Add New Employee - ASSIST/button for search for IC' is clicked on

2018-11-27 17:48:15 - [MESSAGE][PASSED] - Object: 'Object Repository/Final Object Repo/Page_Update Add New Employee - ASSIST/button for search for IC' is clicked on

2018-11-27 17:48:15 - [TEST_STEP][PASSED] - delay: Delayed 2 second(s)

2018-11-27 17:48:17 - [MESSAGE][PASSED] - Delayed 2 second(s)

2018-11-27 17:48:17 - [TEST_STEP][PASSED] - setText: Text 'Automate002 not eligible 1' is set on object 'Object Repository/Final Object Repo/Page_Update Add New Employee - ASSIST/Employee Name Input'

2018-11-27 17:48:18 - [MESSAGE][PASSED] - Text 'Automate002 not eligible 1' is set on object 'Object Repository/Final Object Repo/Page_Update Add New Employee - ASSIST/Employee Name Input'

2018-11-27 17:48:18 - [TEST_STEP][PASSED] - delay: Delayed 2 second(s)

2018-11-27 17:48:20 - [MESSAGE][PASSED] - Delayed 2 second(s)

2018-11-27 17:48:20 - [TEST_STEP][PASSED] - click: Object: 'Object Repository/Final Object Repo/Page_Update Add New Employee - ASSIST/DatePicker Pop Up' is clicked on

2018-11-27 17:48:20 - [MESSAGE][PASSED] - Object: 'Object Repository/Final Object Repo/Page_Update Add New Employee - ASSIST/DatePicker Pop Up' is clicked on

2018-11-27 17:48:20 - [TEST_STEP][PASSED] - delay: Delayed 2 second(s)

2018-11-27 17:48:22 - [MESSAGE][PASSED] - Delayed 2 second(s)

2018-11-27 17:48:22 - [TEST_STEP][PASSED] - click: Object: 'Object Repository/Final Object Repo/Page_Update Add New Employee - ASSIST/DOB Month' is clicked on

2018-11-27 17:48:22 - [MESSAGE][PASSED] - Object: 'Object Repository/Final Object Repo/Page_Update Add New Employee - ASSIST/DOB Month' is clicked on

2018-11-27 17:48:22 - [TEST_STEP][PASSED] - Statement - selectMonth = com.kms.katalon.core.webui.keyword.WebUiBuiltInKeywords.modifyObjectProperty(selectMonth, "xpath", "equals", "//body/div/div/div/select/option[@value="" + CurrentMonth + ""]", true): Modify property of object successfully

2018-11-27 17:48:22 - [MESSAGE][PASSED] - Modify property of object successfully

2018-11-27 17:48:22 - [TEST_STEP][PASSED] - click: Object: '' is clicked on

2018-11-27 17:48:22 - [MESSAGE][PASSED] - Object: '' is clicked on

2018-11-27 17:48:22 - [TEST_STEP][PASSED] - click: Object: 'Object Repository/Final Object Repo/Page_Update Add New Employee - ASSIST/DOB Year' is clicked on

2018-11-27 17:48:22 - [MESSAGE][PASSED] - Object: 'Object Repository/Final Object Repo/Page_Update Add New Employee - ASSIST/DOB Year' is clicked on

2018-11-27 17:48:22 - [TEST_STEP][PASSED] - Statement - selectYear = com.kms.katalon.core.webui.keyword.WebUiBuiltInKeywords.modifyObjectProperty(selectYear, "xpath", "equals", "//div/div/div/select/option[@value="" + EighteenYrsBefore + ""]", true): Modify property of object successfully

2018-11-27 17:48:22 - [MESSAGE][PASSED] - Modify property of object successfully

2018-11-27 17:48:22 - [TEST_STEP][PASSED] - click: Object: '' is clicked on

2018-11-27 17:48:23 - [MESSAGE][PASSED] - Object: '' is clicked on

2018-11-27 17:48:23 - [TEST_STEP][PASSED] - Statement - UpdatedSelectDate = com.kms.katalon.core.webui.keyword.WebUiBuiltInKeywords.modifyObjectProperty(com.kms.katalon.core.testobject.ObjectRepository.findTestObject(Final Object Repo/Page_Update Add New Employee - ASSIST/DOB Date), "xpath", "equals", "//body/div/table/tbody/tr/td/a[text()="" + OneDayBefore + ""]", true): Modify property of object successfully

2018-11-27 17:48:23 - [MESSAGE][PASSED] - Modify property of object successfully

2018-11-27 17:48:23 - [TEST_STEP][PASSED] - click: Object: 'Object Repository/Final Object Repo/Page_Update Add New Employee - ASSIST/DOB Date' is clicked on

2018-11-27 17:48:23 - [MESSAGE][PASSED] - Object: 'Object Repository/Final Object Repo/Page_Update Add New Employee - ASSIST/DOB Date' is clicked on

2018-11-27 17:48:23 - [TEST_STEP][PASSED] - delay: Delayed 2 second(s)

2018-11-27 17:48:25 - [MESSAGE][PASSED] - Delayed 2 second(s)

2018-11-27 17:48:25 - [TEST_STEP][PASSED] - click: Object: 'Object Repository/Final Object Repo/Page_Update Add New Employee - ASSIST/EmploymentStartDate Pop Up' is clicked on

2018-11-27 17:48:25 - [MESSAGE][PASSED] - Object: 'Object Repository/Final Object Repo/Page_Update Add New Employee - ASSIST/EmploymentStartDate Pop Up' is clicked on

2018-11-27 17:48:25 - [TEST_STEP][PASSED] - delay: Delayed 2 second(s)

2018-11-27 17:48:27 - [MESSAGE][PASSED] - Delayed 2 second(s)

2018-11-27 17:48:27 - [TEST_STEP][PASSED] - click: Object: 'Object Repository/Final Object Repo/Page_Update Add New Employee - ASSIST/Socso Employment StartDate Month' is clicked on

2018-11-27 17:48:27 - [MESSAGE][PASSED] - Object: 'Object Repository/Final Object Repo/Page_Update Add New Employee - ASSIST/Socso Employment StartDate Month' is clicked on

2018-11-27 17:48:27 - [TEST_STEP][PASSED] - delay: Delayed 1 second(s)

2018-11-27 17:48:28 - [MESSAGE][PASSED] - Delayed 1 second(s)

2018-11-27 17:48:28 - [TEST_STEP][PASSED] - click: Object: 'Object Repository/Final Object Repo/Page_Update Add New Employee - ASSIST/Select Socso Employement Startdate Month' is clicked on

2018-11-27 17:48:28 - [MESSAGE][PASSED] - Object: 'Object Repository/Final Object Repo/Page_Update Add New Employee - ASSIST/Select Socso Employement Startdate Month' is clicked on

2018-11-27 17:48:28 - [TEST_STEP][PASSED] - delay: Delayed 2 second(s)

2018-11-27 17:48:30 - [MESSAGE][PASSED] - Delayed 2 second(s)

2018-11-27 17:48:30 - [TEST_STEP][PASSED] - click: Object: 'Object Repository/Final Object Repo/Page_Update Add New Employee - ASSIST/Socso Employment StartDate Year' is clicked on

2018-11-27 17:48:30 - [MESSAGE][PASSED] - Object: 'Object Repository/Final Object Repo/Page_Update Add New Employee - ASSIST/Socso Employment StartDate Year' is clicked on

2018-11-27 17:48:30 - [TEST_STEP][PASSED] - delay: Delayed 1 second(s)

2018-11-27 17:48:31 - [MESSAGE][PASSED] - Delayed 1 second(s)

2018-11-27 17:48:31 - [TEST_STEP][PASSED] - click: Object: 'Object Repository/Final Object Repo/Page_Update Add New Employee - ASSIST/Select Socso Employment Startdate Year' is clicked on

2018-11-27 17:48:32 - [MESSAGE][PASSED] - Object: 'Object Repository/Final Object Repo/Page_Update Add New Employee - ASSIST/Select Socso Employment Startdate Year' is clicked on

2018-11-27 17:48:32 - [TEST_STEP][PASSED] - delay: Delayed 2 second(s)

2018-11-27 17:48:34 - [MESSAGE][PASSED] - Delayed 2 second(s)

2018-11-27 17:48:34 - [TEST_STEP][PASSED] - click: Object: 'Object Repository/Final Object Repo/Page_Update Add New Employee - ASSIST/Socso Employment Start Date Day' is clicked on

2018-11-27 17:48:34 - [MESSAGE][PASSED] - Object: 'Object Repository/Final Object Repo/Page_Update Add New Employee - ASSIST/Socso Employment Start Date Day' is clicked on

2018-11-27 17:48:34 - [TEST_STEP][PASSED] - delay: Delayed 2 second(s)

2018-11-27 17:48:36 - [MESSAGE][PASSED] - Delayed 2 second(s)

2018-11-27 17:48:36 - [TEST_STEP][PASSED] - click: Object: 'Object Repository/Final Object Repo/Page_Update Add New Employee - ASSIST/Save Button for Add Employee' is clicked on

2018-11-27 17:48:36 - [MESSAGE][PASSED] - Object: 'Object Repository/Final Object Repo/Page_Update Add New Employee - ASSIST/Save Button for Add Employee' is clicked on

2018-11-27 17:48:36 - [TEST_STEP][PASSED] - delay: Delayed 20 second(s)

2018-11-27 17:48:56 - [MESSAGE][PASSED] - Delayed 20 second(s)

2018-11-27 17:48:56 - [TEST_STEP][PASSED] - click: Object: 'Object Repository/Final Object Repo/Page_Update Add New Employee - ASSIST/Add Employee Button' is clicked on

2018-11-27 17:48:56 - [MESSAGE][PASSED] - Object: 'Object Repository/Final Object Repo/Page_Update Add New Employee - ASSIST/Add Employee Button' is clicked on

2018-11-27 17:48:56 - [TEST_STEP][PASSED] - delay: Delayed 4 second(s)

2018-11-27 17:49:00 - [MESSAGE][PASSED] - Delayed 4 second(s)

2018-11-27 17:49:00 - [TEST_STEP][PASSED] - setText: Text '600203039104' is set on object 'Object Repository/Final Object Repo/Page_Update Add New Employee - ASSIST/NRIC Input'

2018-11-27 17:49:00 - [MESSAGE][PASSED] - Text '600203039104' is set on object 'Object Repository/Final Object Repo/Page_Update Add New Employee - ASSIST/NRIC Input'

2018-11-27 17:49:00 - [TEST_STEP][PASSED] - click: Object: 'Object Repository/Final Object Repo/Page_Update Add New Employee - ASSIST/button for search for IC' is clicked on

2018-11-27 17:49:01 - [MESSAGE][PASSED] - Object: 'Object Repository/Final Object Repo/Page_Update Add New Employee - ASSIST/button for search for IC' is clicked on

2018-11-27 17:49:01 - [TEST_STEP][PASSED] - delay: Delayed 2 second(s)

2018-11-27 17:49:03 - [MESSAGE][PASSED] - Delayed 2 second(s)

2018-11-27 17:49:03 - [TEST_STEP][PASSED] - setText: Text 'Automate002 not eligible 2' is set on object 'Object Repository/Final Object Repo/Page_Update Add New Employee - ASSIST/Employee Name Input'

2018-11-27 17:49:03 - [MESSAGE][PASSED] - Text 'Automate002 not eligible 2' is set on object 'Object Repository/Final Object Repo/Page_Update Add New Employee - ASSIST/Employee Name Input'

2018-11-27 17:49:03 - [TEST_STEP][PASSED] - delay: Delayed 2 second(s)

2018-11-27 17:49:05 - [MESSAGE][PASSED] - Delayed 2 second(s)

2018-11-27 17:49:05 - [TEST_STEP][PASSED] - click: Object: 'Object Repository/Final Object Repo/Page_Update Add New Employee - ASSIST/DatePicker Pop Up' is clicked on

2018-11-27 17:49:05 - [MESSAGE][PASSED] - Object: 'Object Repository/Final Object Repo/Page_Update Add New Employee - ASSIST/DatePicker Pop Up' is clicked on

2018-11-27 17:49:05 - [TEST_STEP][PASSED] - delay: Delayed 2 second(s)

2018-11-27 17:49:07 - [MESSAGE][PASSED] - Delayed 2 second(s)

2018-11-27 17:49:07 - [TEST_STEP][PASSED] - click: Object: 'Object Repository/Final Object Repo/Page_Update Add New Employee - ASSIST/DOB Month' is clicked on

2018-11-27 17:49:08 - [MESSAGE][PASSED] - Object: 'Object Repository/Final Object Repo/Page_Update Add New Employee - ASSIST/DOB Month' is clicked on

2018-11-27 17:49:08 - [TEST_STEP][PASSED] - Statement - selectMonth = com.kms.katalon.core.webui.keyword.WebUiBuiltInKeywords.modifyObjectProperty(selectMonth, "xpath", "equals", "//body/div/div/div/select/option[@value="" + CurrentMonth + ""]", true): Modify property of object successfully

2018-11-27 17:49:08 - [MESSAGE][PASSED] - Modify property of object successfully

2018-11-27 17:49:08 - [TEST_STEP][PASSED] - click: Object: '' is clicked on

2018-11-27 17:49:08 - [MESSAGE][PASSED] - Object: '' is clicked on

2018-11-27 17:49:08 - [TEST_STEP][PASSED] - click: Object: 'Object Repository/Final Object Repo/Page_Update Add New Employee - ASSIST/DOB Year' is clicked on

2018-11-27 17:49:08 - [MESSAGE][PASSED] - Object: 'Object Repository/Final Object Repo/Page_Update Add New Employee - ASSIST/DOB Year' is clicked on

2018-11-27 17:49:08 - [TEST_STEP][PASSED] - Statement - selectYear = com.kms.katalon.core.webui.keyword.WebUiBuiltInKeywords.modifyObjectProperty(selectYear, "xpath", "equals", "//div/div/div/select/option[@value="" + FiftysevenYrsBefore + ""]", true): Modify property of object successfully

2018-11-27 17:49:08 - [MESSAGE][PASSED] - Modify property of object successfully

2018-11-27 17:49:08 - [TEST_STEP][PASSED] - click: Object: '' is clicked on

2018-11-27 17:49:08 - [MESSAGE][PASSED] - Object: '' is clicked on

2018-11-27 17:49:08 - [TEST_STEP][PASSED] - Statement - UpdatedSelectDate = com.kms.katalon.core.webui.keyword.WebUiBuiltInKeywords.modifyObjectProperty(com.kms.katalon.core.testobject.ObjectRepository.findTestObject(Final Object Repo/Page_Update Add New Employee - ASSIST/DOB Date), "xpath", "equals", "//body/div/table/tbody/tr/td/a[text()="" + CurrentDate + ""]", true): Modify property of object successfully

2018-11-27 17:49:08 - [MESSAGE][PASSED] - Modify property of object successfully

2018-11-27 17:49:08 - [TEST_STEP][PASSED] - click: Object: 'Object Repository/Final Object Repo/Page_Update Add New Employee - ASSIST/DOB Date' is clicked on

2018-11-27 17:49:08 - [MESSAGE][PASSED] - Object: 'Object Repository/Final Object Repo/Page_Update Add New Employee - ASSIST/DOB Date' is clicked on

2018-11-27 17:49:08 - [TEST_STEP][PASSED] - click: Object: 'Object Repository/Final Object Repo/Page_Update Add New Employee - ASSIST/EmploymentStartDate Pop Up' is clicked on

2018-11-27 17:49:08 - [MESSAGE][PASSED] - Object: 'Object Repository/Final Object Repo/Page_Update Add New Employee - ASSIST/EmploymentStartDate Pop Up' is clicked on

2018-11-27 17:49:08 - [TEST_STEP][PASSED] - delay: Delayed 2 second(s)

2018-11-27 17:49:10 - [MESSAGE][PASSED] - Delayed 2 second(s)

2018-11-27 17:49:10 - [TEST_STEP][PASSED] - click: Object: 'Object Repository/Final Object Repo/Page_Update Add New Employee - ASSIST/Socso Employment StartDate Month' is clicked on

2018-11-27 17:49:11 - [MESSAGE][PASSED] - Object: 'Object Repository/Final Object Repo/Page_Update Add New Employee - ASSIST/Socso Employment StartDate Month' is clicked on

2018-11-27 17:49:11 - [TEST_STEP][PASSED] - delay: Delayed 1 second(s)

2018-11-27 17:49:12 - [MESSAGE][PASSED] - Delayed 1 second(s)

2018-11-27 17:49:12 - [TEST_STEP][PASSED] - click: Object: 'Object Repository/Final Object Repo/Page_Update Add New Employee - ASSIST/Select Socso Employement Startdate Month' is clicked on

2018-11-27 17:49:12 - [MESSAGE][PASSED] - Object: 'Object Repository/Final Object Repo/Page_Update Add New Employee - ASSIST/Select Socso Employement Startdate Month' is clicked on

2018-11-27 17:49:12 - [TEST_STEP][PASSED] - delay: Delayed 2 second(s)

2018-11-27 17:49:14 - [MESSAGE][PASSED] - Delayed 2 second(s)

2018-11-27 17:49:14 - [TEST_STEP][PASSED] - click: Object: 'Object Repository/Final Object Repo/Page_Update Add New Employee - ASSIST/Socso Employment StartDate Year' is clicked on

2018-11-27 17:49:14 - [MESSAGE][PASSED] - Object: 'Object Repository/Final Object Repo/Page_Update Add New Employee - ASSIST/Socso Employment StartDate Year' is clicked on

2018-11-27 17:49:14 - [TEST_STEP][PASSED] - delay: Delayed 1 second(s)

2018-11-27 17:49:15 - [MESSAGE][PASSED] - Delayed 1 second(s)

2018-11-27 17:49:15 - [TEST_STEP][PASSED] - click: Object: 'Object Repository/Final Object Repo/Page_Update Add New Employee - ASSIST/Select Socso Employment Startdate Year' is clicked on

2018-11-27 17:49:15 - [MESSAGE][PASSED] - Object: 'Object Repository/Final Object Repo/Page_Update Add New Employee - ASSIST/Select Socso Employment Startdate Year' is clicked on

2018-11-27 17:49:15 - [TEST_STEP][PASSED] - delay: Delayed 2 second(s)

2018-11-27 17:49:17 - [MESSAGE][PASSED] - Delayed 2 second(s)

2018-11-27 17:49:17 - [TEST_STEP][PASSED] - click: Object: 'Object Repository/Final Object Repo/Page_Update Add New Employee - ASSIST/Socso Employment Start Date Day' is clicked on

2018-11-27 17:49:17 - [MESSAGE][PASSED] - Object: 'Object Repository/Final Object Repo/Page_Update Add New Employee - ASSIST/Socso Employment Start Date Day' is clicked on

2018-11-27 17:49:17 - [TEST_STEP][PASSED] - delay: Delayed 2 second(s)

2018-11-27 17:49:19 - [MESSAGE][PASSED] - Delayed 2 second(s)

2018-11-27 17:49:19 - [TEST_STEP][PASSED] - click: Object: 'Object Repository/Final Object Repo/Page_Update Add New Employee - ASSIST/Save Button for Add Employee' is clicked on

2018-11-27 17:49:19 - [MESSAGE][PASSED] - Object: 'Object Repository/Final Object Repo/Page_Update Add New Employee - ASSIST/Save Button for Add Employee' is clicked on

2018-11-27 17:49:19 - [MESSAGE][PASSED] - Call Test Case 'Test Cases/Final Aug 2018 - PKS Automation/Registration Module/Workflow/Update Add New Employee/Template/Employee Adding/Employee Adding Action Repeat IC - set 2' successfully

2018-11-27 17:49:19 - [MESSAGE][PASSED] - Call Test Case 'Test Cases/Final Aug 2018 - PKS Automation/Registration Module/Workflow/Update Add New Employee/Template/Employee Adding/Employee Set Decider' successfully

2018-11-27 17:49:19 - [TEST_STEP][PASSED] - delay: Delayed 4 second(s)

2018-11-27 17:49:23 - [MESSAGE][PASSED] - Delayed 4 second(s)

2018-11-27 17:49:23 - [TEST_STEP][PASSED] - Statement - CaseReferenceNo = com.kms.katalon.core.webui.keyword.WebUiBuiltInKeywords.getText(com.kms.katalon.core.testobject.ObjectRepository.findTestObject(Final Object Repo/Page_Update Add New Employee - ASSIST/RefNo)): Text of object 'Object Repository/Final Object Repo/Page_Update Add New Employee - ASSIST/RefNo' is: 'CAN11201800002209'

2018-11-27 17:49:24 - [MESSAGE][PASSED] - Text of object 'Object Repository/Final Object Repo/Page_Update Add New Employee - ASSIST/RefNo' is: 'CAN11201800002209'

2018-11-27 17:49:24 - [TEST_STEP][PASSED] - callTestCase: Call Test Case 'Test Cases/Final Aug 2018 - PKS Automation/Common/Reference Number Setter' successfully

2018-11-27 17:49:24 - [TEST_CASE][PASSED] - Test Cases/Final Aug 2018 - PKS Automation/Common/Reference Number Setter: Test Cases/Final Aug 2018 - PKS Automation/Common/Reference Number Setter

2018-11-27 17:49:24 - [TEST_STEP][PASSED] - Statement - RefNoOldFile = new java.io.File(C://Users//Admin//Desktop//PKS//Automation Reference Point//KatalonReference.txt): null

2018-11-27 17:49:24 - [TEST_STEP][PASSED] - Statement - RefNoOldFile.delete(): null

2018-11-27 17:49:24 - [TEST_STEP][PASSED] - delay: Delayed 5 second(s)

2018-11-27 17:49:29 - [MESSAGE][PASSED] - Delayed 5 second(s)

2018-11-27 17:49:29 - [TEST_STEP][PASSED] - Statement - RefNo = new java.io.File(C://Users//Admin//Desktop//PKS//Automation Reference Point//KatalonReference.txt): null

2018-11-27 17:49:29 - [TEST_STEP][PASSED] - Statement - f2 = new java.io.FileWriter(RefNo, false): null

2018-11-27 17:49:29 - [TEST_STEP][PASSED] - Statement - f2.write(CaseReferenceNo): null

2018-11-27 17:49:29 - [TEST_STEP][PASSED] - Statement - f2.close(): null

2018-11-27 17:49:29 - [TEST_STEP][PASSED] - Statement - out.println("


" + CaseReferenceNo + "


"): null

2018-11-27 17:49:29 - [MESSAGE][PASSED] - Call Test Case 'Test Cases/Final Aug 2018 - PKS Automation/Common/Reference Number Setter' successfully

2018-11-27 17:49:29 - [TEST_STEP][PASSED] - delay: Delayed 5 second(s)

2018-11-27 17:49:34 - [MESSAGE][PASSED] - Delayed 5 second(s)

2018-11-27 17:49:34 - [TEST_STEP][PASSED] - click: Object: 'Object Repository/Final Object Repo/Page_Update Add New Employee - ASSIST/Save  Continue Button' is clicked on

2018-11-27 17:49:34 - [MESSAGE][PASSED] - Object: 'Object Repository/Final Object Repo/Page_Update Add New Employee - ASSIST/Save  Continue Button' is clicked on

2018-11-27 17:49:34 - [TEST_STEP][PASSED] - delay: Delayed 5 second(s)

2018-11-27 17:49:39 - [MESSAGE][PASSED] - Delayed 5 second(s)

2018-11-27 17:49:39 - [TEST_STEP][PASSED] - click: Object: 'Object Repository/Final Object Repo/Page_Update Add New Employee - ASSIST/Save  Continue Third Screen' is clicked on

2018-11-27 17:49:42 - [MESSAGE][PASSED] - Object: 'Object Repository/Final Object Repo/Page_Update Add New Employee - ASSIST/Save  Continue Third Screen' is clicked on

2018-11-27 17:49:42 - [TEST_STEP][PASSED] - delay: Delayed 4 second(s)

2018-11-27 17:49:46 - [MESSAGE][PASSED] - Delayed 4 second(s)

2018-11-27 17:49:46 - [TEST_STEP][PASSED] - click: Object: 'Object Repository/Final Object Repo/Page_Update Add New Employee - ASSIST/Save   Continue Supporting Doc Page' is clicked on

2018-11-27 17:49:46 - [MESSAGE][PASSED] - Object: 'Object Repository/Final Object Repo/Page_Update Add New Employee - ASSIST/Save   Continue Supporting Doc Page' is clicked on

2018-11-27 17:49:46 - [TEST_STEP][PASSED] - delay: Delayed 4 second(s)

2018-11-27 17:49:50 - [MESSAGE][PASSED] - Delayed 4 second(s)

2018-11-27 17:49:50 - [TEST_STEP][PASSED] - click: Object: 'Object Repository/Final Object Repo/Page_Update Add New Employee - ASSIST/Submit Button' is clicked on

2018-11-27 17:49:50 - [MESSAGE][PASSED] - Object: 'Object Repository/Final Object Repo/Page_Update Add New Employee - ASSIST/Submit Button' is clicked on

2018-11-27 17:49:50 - [TEST_STEP][PASSED] - delay: Delayed 4 second(s)

2018-11-27 17:49:54 - [MESSAGE][PASSED] - Delayed 4 second(s)

2018-11-27 17:49:54 - [TEST_STEP][PASSED] - click: Object: 'Object Repository/Final Object Repo/Page_Update Add New Employee - ASSIST/Confirm Submit Button' is clicked on

2018-11-27 17:49:54 - [MESSAGE][PASSED] - Object: 'Object Repository/Final Object Repo/Page_Update Add New Employee - ASSIST/Confirm Submit Button' is clicked on

2018-11-27 17:49:54 - [TEST_STEP][PASSED] - delay: Delayed 30 second(s)

2018-11-27 17:50:24 - [MESSAGE][PASSED] - Delayed 30 second(s)

2018-11-27 17:50:24 - [TEST_STEP][PASSED] - callTestCase: Call Test Case 'Test Cases/Final Aug 2018 - PKS Automation/Common/Screenshoting tool' successfully

2018-11-27 17:50:25 - [TEST_CASE][PASSED] - Test Cases/Final Aug 2018 - PKS Automation/Common/Screenshoting tool: Test Cases/Final Aug 2018 - PKS Automation/Common/Screenshoting tool

2018-11-27 17:50:25 - [TEST_STEP][PASSED] - delay: Delayed 15 second(s)

2018-11-27 17:50:40 - [MESSAGE][PASSED] - Delayed 15 second(s)

2018-11-27 17:50:40 - [TEST_STEP][PASSED] - Statement - driver = com.kms.katalon.core.webui.driver.DriverFactory.getWebDriver(): null

2018-11-27 17:50:40 - [TEST_STEP][PASSED] - Statement - driver.manage().timeouts().implicitlyWait(10, SECONDS): null

2018-11-27 17:50:40 - [TEST_STEP][PASSED] - Statement - PresavePath = KatalonScreenshots: null

2018-11-27 17:50:40 - [TEST_STEP][PASSED] - Statement - pathPrefix = "C:\Users\Public\Pictures\Sample Pictures\Katalon Screenshots\Automate Ending Screen": null

2018-11-27 17:50:40 - [TEST_STEP][PASSED] - Statement - finalPath = <not implemented yet for class: org.codehaus.groovy.ast.expr.EmptyExpression>: null

2018-11-27 17:50:40 - [TEST_STEP][PASSED] - Statement - scrFile = driver.getScreenshotAs(FILE): null

2018-11-27 17:50:40 - [TEST_STEP][PASSED] - Statement - PreSaveFile = new java.io.File(PresavePath): null

2018-11-27 17:50:40 - [TEST_STEP][PASSED] - Statement - counter = 0: null

2018-11-27 17:50:40 - [TEST_STEP][PASSED] - Statement - If (PreSaveFile.exists()): null

2018-11-27 17:50:40 - [TEST_STEP][PASSED] - Statement - While (PreSaveFile.exists()): null

2018-11-27 17:50:40 - [TEST_STEP][PASSED] - Statement - counter = counter + 1: null

2018-11-27 17:50:40 - [TEST_STEP][PASSED] - Statement - PreSaveFile = new java.io.File(((pathPrefix + java.lang.Integer.toString(counter)) + .png)): null

2018-11-27 17:50:40 - [TEST_STEP][PASSED] - Statement - counter = counter + 1: null

2018-11-27 17:50:40 - [TEST_STEP][PASSED] - Statement - PreSaveFile = new java.io.File(((pathPrefix + java.lang.Integer.toString(counter)) + .png)): null

2018-11-27 17:50:40 - [TEST_STEP][PASSED] - Statement - counter = counter + 1: null

2018-11-27 17:50:40 - [TEST_STEP][PASSED] - Statement - PreSaveFile = new java.io.File(((pathPrefix + java.lang.Integer.toString(counter)) + .png)): null

2018-11-27 17:50:40 - [TEST_STEP][PASSED] - Statement - counter = counter + 1: null

2018-11-27 17:50:40 - [TEST_STEP][PASSED] - Statement - PreSaveFile = new java.io.File(((pathPrefix + java.lang.Integer.toString(counter)) + .png)): null

2018-11-27 17:50:40 - [TEST_STEP][PASSED] - Statement - counter = counter + 1: null

2018-11-27 17:50:40 - [TEST_STEP][PASSED] - Statement - PreSaveFile = new java.io.File(((pathPrefix + java.lang.Integer.toString(counter)) + .png)): null

2018-11-27 17:50:40 - [TEST_STEP][PASSED] - Statement - counter = counter + 1: null

2018-11-27 17:50:40 - [TEST_STEP][PASSED] - Statement - PreSaveFile = new java.io.File(((pathPrefix + java.lang.Integer.toString(counter)) + .png)): null

2018-11-27 17:50:40 - [TEST_STEP][PASSED] - Statement - counter = counter + 1: null

2018-11-27 17:50:40 - [TEST_STEP][PASSED] - Statement - PreSaveFile = new java.io.File(((pathPrefix + java.lang.Integer.toString(counter)) + .png)): null

2018-11-27 17:50:40 - [TEST_STEP][PASSED] - Statement - counter = counter + 1: null

2018-11-27 17:50:40 - [TEST_STEP][PASSED] - Statement - PreSaveFile = new java.io.File(((pathPrefix + java.lang.Integer.toString(counter)) + .png)): null

2018-11-27 17:50:40 - [TEST_STEP][PASSED] - Statement - counter = counter + 1: null

2018-11-27 17:50:40 - [TEST_STEP][PASSED] - Statement - PreSaveFile = new java.io.File(((pathPrefix + java.lang.Integer.toString(counter)) + .png)): null

2018-11-27 17:50:40 - [TEST_STEP][PASSED] - Statement - counter = counter + 1: null

2018-11-27 17:50:40 - [TEST_STEP][PASSED] - Statement - PreSaveFile = new java.io.File(((pathPrefix + java.lang.Integer.toString(counter)) + .png)): null

2018-11-27 17:50:40 - [TEST_STEP][PASSED] - Statement - counter = counter + 1: null

2018-11-27 17:50:40 - [TEST_STEP][PASSED] - Statement - PreSaveFile = new java.io.File(((pathPrefix + java.lang.Integer.toString(counter)) + .png)): null

2018-11-27 17:50:40 - [TEST_STEP][PASSED] - Statement - counter = counter + 1: null

2018-11-27 17:50:40 - [TEST_STEP][PASSED] - Statement - PreSaveFile = new java.io.File(((pathPrefix + java.lang.Integer.toString(counter)) + .png)): null

2018-11-27 17:50:40 - [TEST_STEP][PASSED] - Statement - counter = counter + 1: null

2018-11-27 17:50:40 - [TEST_STEP][PASSED] - Statement - PreSaveFile = new java.io.File(((pathPrefix + java.lang.Integer.toString(counter)) + .png)): null

2018-11-27 17:50:40 - [TEST_STEP][PASSED] - Statement - counter = counter + 1: null

2018-11-27 17:50:40 - [TEST_STEP][PASSED] - Statement - PreSaveFile = new java.io.File(((pathPrefix + java.lang.Integer.toString(counter)) + .png)): null

2018-11-27 17:50:40 - [TEST_STEP][PASSED] - Statement - counter = counter + 1: null

2018-11-27 17:50:40 - [TEST_STEP][PASSED] - Statement - PreSaveFile = new java.io.File(((pathPrefix + java.lang.Integer.toString(counter)) + .png)): null

2018-11-27 17:50:40 - [TEST_STEP][PASSED] - Statement - counter = counter + 1: null

2018-11-27 17:50:40 - [TEST_STEP][PASSED] - Statement - PreSaveFile = new java.io.File(((pathPrefix + java.lang.Integer.toString(counter)) + .png)): null

2018-11-27 17:50:40 - [TEST_STEP][PASSED] - Statement - counter = counter + 1: null

2018-11-27 17:50:40 - [TEST_STEP][PASSED] - Statement - PreSaveFile = new java.io.File(((pathPrefix + java.lang.Integer.toString(counter)) + .png)): null

2018-11-27 17:50:40 - [TEST_STEP][PASSED] - Statement - counter = counter + 1: null

2018-11-27 17:50:40 - [TEST_STEP][PASSED] - Statement - PreSaveFile = new java.io.File(((pathPrefix + java.lang.Integer.toString(counter)) + .png)): null

2018-11-27 17:50:40 - [TEST_STEP][PASSED] - Statement - counter = counter + 1: null

2018-11-27 17:50:40 - [TEST_STEP][PASSED] - Statement - PreSaveFile = new java.io.File(((pathPrefix + java.lang.Integer.toString(counter)) + .png)): null

2018-11-27 17:50:40 - [TEST_STEP][PASSED] - Statement - counter = counter + 1: null

2018-11-27 17:50:40 - [TEST_STEP][PASSED] - Statement - PreSaveFile = new java.io.File(((pathPrefix + java.lang.Integer.toString(counter)) + .png)): null

2018-11-27 17:50:40 - [TEST_STEP][PASSED] - Statement - counter = counter + 1: null

2018-11-27 17:50:40 - [TEST_STEP][PASSED] - Statement - PreSaveFile = new java.io.File(((pathPrefix + java.lang.Integer.toString(counter)) + .png)): null

2018-11-27 17:50:40 - [TEST_STEP][PASSED] - Statement - counter = counter + 1: null

2018-11-27 17:50:40 - [TEST_STEP][PASSED] - Statement - PreSaveFile = new java.io.File(((pathPrefix + java.lang.Integer.toString(counter)) + .png)): null

2018-11-27 17:50:40 - [TEST_STEP][PASSED] - Statement - counter = counter + 1: null

2018-11-27 17:50:40 - [TEST_STEP][PASSED] - Statement - PreSaveFile = new java.io.File(((pathPrefix + java.lang.Integer.toString(counter)) + .png)): null

2018-11-27 17:50:40 - [TEST_STEP][PASSED] - Statement - counter = counter + 1: null

2018-11-27 17:50:40 - [TEST_STEP][PASSED] - Statement - PreSaveFile = new java.io.File(((pathPrefix + java.lang.Integer.toString(counter)) + .png)): null

2018-11-27 17:50:40 - [TEST_STEP][PASSED] - Statement - counter = counter + 1: null

2018-11-27 17:50:40 - [TEST_STEP][PASSED] - Statement - PreSaveFile = new java.io.File(((pathPrefix + java.lang.Integer.toString(counter)) + .png)): null

2018-11-27 17:50:40 - [TEST_STEP][PASSED] - Statement - counter = counter + 1: null

2018-11-27 17:50:40 - [TEST_STEP][PASSED] - Statement - PreSaveFile = new java.io.File(((pathPrefix + java.lang.Integer.toString(counter)) + .png)): null

2018-11-27 17:50:40 - [TEST_STEP][PASSED] - Statement - counter = counter + 1: null

2018-11-27 17:50:40 - [TEST_STEP][PASSED] - Statement - PreSaveFile = new java.io.File(((pathPrefix + java.lang.Integer.toString(counter)) + .png)): null

2018-11-27 17:50:40 - [TEST_STEP][PASSED] - Statement - counter = counter + 1: null

2018-11-27 17:50:40 - [TEST_STEP][PASSED] - Statement - PreSaveFile = new java.io.File(((pathPrefix + java.lang.Integer.toString(counter)) + .png)): null

2018-11-27 17:50:40 - [TEST_STEP][PASSED] - Statement - counter = counter + 1: null

2018-11-27 17:50:40 - [TEST_STEP][PASSED] - Statement - PreSaveFile = new java.io.File(((pathPrefix + java.lang.Integer.toString(counter)) + .png)): null

2018-11-27 17:50:40 - [TEST_STEP][PASSED] - Statement - counter = counter + 1: null

2018-11-27 17:50:40 - [TEST_STEP][PASSED] - Statement - PreSaveFile = new java.io.File(((pathPrefix + java.lang.Integer.toString(counter)) + .png)): null

2018-11-27 17:50:40 - [TEST_STEP][PASSED] - Statement - counter = counter + 1: null

2018-11-27 17:50:40 - [TEST_STEP][PASSED] - Statement - PreSaveFile = new java.io.File(((pathPrefix + java.lang.Integer.toString(counter)) + .png)): null

2018-11-27 17:50:40 - [TEST_STEP][PASSED] - Statement - counter = counter + 1: null

2018-11-27 17:50:40 - [TEST_STEP][PASSED] - Statement - PreSaveFile = new java.io.File(((pathPrefix + java.lang.Integer.toString(counter)) + .png)): null

2018-11-27 17:50:40 - [TEST_STEP][PASSED] - Statement - counter = counter + 1: null

2018-11-27 17:50:40 - [TEST_STEP][PASSED] - Statement - PreSaveFile = new java.io.File(((pathPrefix + java.lang.Integer.toString(counter)) + .png)): null

2018-11-27 17:50:40 - [TEST_STEP][PASSED] - Statement - counter = counter + 1: null

2018-11-27 17:50:40 - [TEST_STEP][PASSED] - Statement - PreSaveFile = new java.io.File(((pathPrefix + java.lang.Integer.toString(counter)) + .png)): null

2018-11-27 17:50:40 - [TEST_STEP][PASSED] - Statement - counter = counter + 1: null

2018-11-27 17:50:40 - [TEST_STEP][PASSED] - Statement - PreSaveFile = new java.io.File(((pathPrefix + java.lang.Integer.toString(counter)) + .png)): null

2018-11-27 17:50:40 - [TEST_STEP][PASSED] - Statement - counter = counter + 1: null

2018-11-27 17:50:40 - [TEST_STEP][PASSED] - Statement - PreSaveFile = new java.io.File(((pathPrefix + java.lang.Integer.toString(counter)) + .png)): null

2018-11-27 17:50:40 - [TEST_STEP][PASSED] - Statement - counter = counter + 1: null

2018-11-27 17:50:40 - [TEST_STEP][PASSED] - Statement - PreSaveFile = new java.io.File(((pathPrefix + java.lang.Integer.toString(counter)) + .png)): null

2018-11-27 17:50:40 - [TEST_STEP][PASSED] - Statement - counter = counter + 1: null

2018-11-27 17:50:40 - [TEST_STEP][PASSED] - Statement - PreSaveFile = new java.io.File(((pathPrefix + java.lang.Integer.toString(counter)) + .png)): null

2018-11-27 17:50:40 - [TEST_STEP][PASSED] - Statement - counter = counter + 1: null

2018-11-27 17:50:40 - [TEST_STEP][PASSED] - Statement - PreSaveFile = new java.io.File(((pathPrefix + java.lang.Integer.toString(counter)) + .png)): null

2018-11-27 17:50:40 - [TEST_STEP][PASSED] - Statement - counter = counter + 1: null

2018-11-27 17:50:40 - [TEST_STEP][PASSED] - Statement - PreSaveFile = new java.io.File(((pathPrefix + java.lang.Integer.toString(counter)) + .png)): null

2018-11-27 17:50:40 - [TEST_STEP][PASSED] - Statement - counter = counter + 1: null

2018-11-27 17:50:40 - [TEST_STEP][PASSED] - Statement - PreSaveFile = new java.io.File(((pathPrefix + java.lang.Integer.toString(counter)) + .png)): null

2018-11-27 17:50:40 - [TEST_STEP][PASSED] - Statement - counter = counter + 1: null

2018-11-27 17:50:40 - [TEST_STEP][PASSED] - Statement - PreSaveFile = new java.io.File(((pathPrefix + java.lang.Integer.toString(counter)) + .png)): null

2018-11-27 17:50:40 - [TEST_STEP][PASSED] - Statement - counter = counter + 1: null

2018-11-27 17:50:40 - [TEST_STEP][PASSED] - Statement - PreSaveFile = new java.io.File(((pathPrefix + java.lang.Integer.toString(counter)) + .png)): null

2018-11-27 17:50:40 - [TEST_STEP][PASSED] - Statement - counter = counter + 1: null

2018-11-27 17:50:40 - [TEST_STEP][PASSED] - Statement - PreSaveFile = new java.io.File(((pathPrefix + java.lang.Integer.toString(counter)) + .png)): null

2018-11-27 17:50:40 - [TEST_STEP][PASSED] - Statement - counter = counter + 1: null

2018-11-27 17:50:40 - [TEST_STEP][PASSED] - Statement - PreSaveFile = new java.io.File(((pathPrefix + java.lang.Integer.toString(counter)) + .png)): null

2018-11-27 17:50:40 - [TEST_STEP][PASSED] - Statement - counter = counter + 1: null

2018-11-27 17:50:40 - [TEST_STEP][PASSED] - Statement - PreSaveFile = new java.io.File(((pathPrefix + java.lang.Integer.toString(counter)) + .png)): null

2018-11-27 17:50:40 - [TEST_STEP][PASSED] - Statement - counter = counter + 1: null

2018-11-27 17:50:40 - [TEST_STEP][PASSED] - Statement - PreSaveFile = new java.io.File(((pathPrefix + java.lang.Integer.toString(counter)) + .png)): null

2018-11-27 17:50:40 - [TEST_STEP][PASSED] - Statement - counter = counter + 1: null

2018-11-27 17:50:40 - [TEST_STEP][PASSED] - Statement - PreSaveFile = new java.io.File(((pathPrefix + java.lang.Integer.toString(counter)) + .png)): null

2018-11-27 17:50:40 - [TEST_STEP][PASSED] - Statement - counter = counter + 1: null

2018-11-27 17:50:40 - [TEST_STEP][PASSED] - Statement - PreSaveFile = new java.io.File(((pathPrefix + java.lang.Integer.toString(counter)) + .png)): null

2018-11-27 17:50:40 - [TEST_STEP][PASSED] - Statement - counter = counter + 1: null

2018-11-27 17:50:40 - [TEST_STEP][PASSED] - Statement - PreSaveFile = new java.io.File(((pathPrefix + java.lang.Integer.toString(counter)) + .png)): null

2018-11-27 17:50:40 - [TEST_STEP][PASSED] - Statement - counter = counter + 1: null

2018-11-27 17:50:40 - [TEST_STEP][PASSED] - Statement - PreSaveFile = new java.io.File(((pathPrefix + java.lang.Integer.toString(counter)) + .png)): null

2018-11-27 17:50:40 - [TEST_STEP][PASSED] - Statement - counter = counter + 1: null

2018-11-27 17:50:40 - [TEST_STEP][PASSED] - Statement - PreSaveFile = new java.io.File(((pathPrefix + java.lang.Integer.toString(counter)) + .png)): null

2018-11-27 17:50:40 - [TEST_STEP][PASSED] - Statement - counter = counter + 1: null

2018-11-27 17:50:40 - [TEST_STEP][PASSED] - Statement - PreSaveFile = new java.io.File(((pathPrefix + java.lang.Integer.toString(counter)) + .png)): null

2018-11-27 17:50:40 - [TEST_STEP][PASSED] - Statement - counter = counter + 1: null

2018-11-27 17:50:40 - [TEST_STEP][PASSED] - Statement - PreSaveFile = new java.io.File(((pathPrefix + java.lang.Integer.toString(counter)) + .png)): null

2018-11-27 17:50:40 - [TEST_STEP][PASSED] - Statement - counter = counter + 1: null

2018-11-27 17:50:40 - [TEST_STEP][PASSED] - Statement - PreSaveFile = new java.io.File(((pathPrefix + java.lang.Integer.toString(counter)) + .png)): null

2018-11-27 17:50:40 - [TEST_STEP][PASSED] - Statement - counter = counter + 1: null

2018-11-27 17:50:40 - [TEST_STEP][PASSED] - Statement - PreSaveFile = new java.io.File(((pathPrefix + java.lang.Integer.toString(counter)) + .png)): null

2018-11-27 17:50:40 - [TEST_STEP][PASSED] - Statement - counter = counter + 1: null

2018-11-27 17:50:40 - [TEST_STEP][PASSED] - Statement - PreSaveFile = new java.io.File(((pathPrefix + java.lang.Integer.toString(counter)) + .png)): null

2018-11-27 17:50:40 - [TEST_STEP][PASSED] - Statement - counter = counter + 1: null

2018-11-27 17:50:40 - [TEST_STEP][PASSED] - Statement - PreSaveFile = new java.io.File(((pathPrefix + java.lang.Integer.toString(counter)) + .png)): null

2018-11-27 17:50:40 - [TEST_STEP][PASSED] - Statement - counter = counter + 1: null

2018-11-27 17:50:40 - [TEST_STEP][PASSED] - Statement - PreSaveFile = new java.io.File(((pathPrefix + java.lang.Integer.toString(counter)) + .png)): null

2018-11-27 17:50:40 - [TEST_STEP][PASSED] - Statement - counter = counter + 1: null

2018-11-27 17:50:40 - [TEST_STEP][PASSED] - Statement - PreSaveFile = new java.io.File(((pathPrefix + java.lang.Integer.toString(counter)) + .png)): null

2018-11-27 17:50:40 - [TEST_STEP][PASSED] - Statement - counter = counter + 1: null

2018-11-27 17:50:40 - [TEST_STEP][PASSED] - Statement - PreSaveFile = new java.io.File(((pathPrefix + java.lang.Integer.toString(counter)) + .png)): null

2018-11-27 17:50:40 - [TEST_STEP][PASSED] - Statement - counter = counter + 1: null

2018-11-27 17:50:40 - [TEST_STEP][PASSED] - Statement - PreSaveFile = new java.io.File(((pathPrefix + java.lang.Integer.toString(counter)) + .png)): null

2018-11-27 17:50:40 - [TEST_STEP][PASSED] - Statement - counter = counter + 1: null

2018-11-27 17:50:40 - [TEST_STEP][PASSED] - Statement - PreSaveFile = new java.io.File(((pathPrefix + java.lang.Integer.toString(counter)) + .png)): null

2018-11-27 17:50:40 - [TEST_STEP][PASSED] - Statement - counter = counter + 1: null

2018-11-27 17:50:40 - [TEST_STEP][PASSED] - Statement - PreSaveFile = new java.io.File(((pathPrefix + java.lang.Integer.toString(counter)) + .png)): null

2018-11-27 17:50:40 - [TEST_STEP][PASSED] - Statement - counter = counter + 1: null

2018-11-27 17:50:40 - [TEST_STEP][PASSED] - Statement - PreSaveFile = new java.io.File(((pathPrefix + java.lang.Integer.toString(counter)) + .png)): null

2018-11-27 17:50:40 - [TEST_STEP][PASSED] - Statement - counter = counter + 1: null

2018-11-27 17:50:40 - [TEST_STEP][PASSED] - Statement - PreSaveFile = new java.io.File(((pathPrefix + java.lang.Integer.toString(counter)) + .png)): null

2018-11-27 17:50:40 - [TEST_STEP][PASSED] - Statement - counter = counter + 1: null

2018-11-27 17:50:40 - [TEST_STEP][PASSED] - Statement - PreSaveFile = new java.io.File(((pathPrefix + java.lang.Integer.toString(counter)) + .png)): null

2018-11-27 17:50:40 - [TEST_STEP][PASSED] - Statement - counter = counter + 1: null

2018-11-27 17:50:40 - [TEST_STEP][PASSED] - Statement - PreSaveFile = new java.io.File(((pathPrefix + java.lang.Integer.toString(counter)) + .png)): null

2018-11-27 17:50:40 - [TEST_STEP][PASSED] - Statement - counter = counter + 1: null

2018-11-27 17:50:40 - [TEST_STEP][PASSED] - Statement - PreSaveFile = new java.io.File(((pathPrefix + java.lang.Integer.toString(counter)) + .png)): null

2018-11-27 17:50:40 - [TEST_STEP][PASSED] - Statement - counter = counter + 1: null

2018-11-27 17:50:40 - [TEST_STEP][PASSED] - Statement - PreSaveFile = new java.io.File(((pathPrefix + java.lang.Integer.toString(counter)) + .png)): null

2018-11-27 17:50:40 - [TEST_STEP][PASSED] - Statement - counter = counter + 1: null

2018-11-27 17:50:40 - [TEST_STEP][PASSED] - Statement - PreSaveFile = new java.io.File(((pathPrefix + java.lang.Integer.toString(counter)) + .png)): null

2018-11-27 17:50:40 - [TEST_STEP][PASSED] - Statement - counter = counter + 1: null

2018-11-27 17:50:40 - [TEST_STEP][PASSED] - Statement - PreSaveFile = new java.io.File(((pathPrefix + java.lang.Integer.toString(counter)) + .png)): null

2018-11-27 17:50:40 - [TEST_STEP][PASSED] - Statement - counter = counter + 1: null

2018-11-27 17:50:40 - [TEST_STEP][PASSED] - Statement - PreSaveFile = new java.io.File(((pathPrefix + java.lang.Integer.toString(counter)) + .png)): null

2018-11-27 17:50:40 - [TEST_STEP][PASSED] - Statement - counter = counter + 1: null

2018-11-27 17:50:40 - [TEST_STEP][PASSED] - Statement - PreSaveFile = new java.io.File(((pathPrefix + java.lang.Integer.toString(counter)) + .png)): null

2018-11-27 17:50:40 - [TEST_STEP][PASSED] - Statement - counter = counter + 1: null

2018-11-27 17:50:40 - [TEST_STEP][PASSED] - Statement - PreSaveFile = new java.io.File(((pathPrefix + java.lang.Integer.toString(counter)) + .png)): null

2018-11-27 17:50:40 - [TEST_STEP][PASSED] - Statement - counter = counter + 1: null

2018-11-27 17:50:40 - [TEST_STEP][PASSED] - Statement - PreSaveFile = new java.io.File(((pathPrefix + java.lang.Integer.toString(counter)) + .png)): null

2018-11-27 17:50:40 - [TEST_STEP][PASSED] - Statement - counter = counter + 1: null

2018-11-27 17:50:40 - [TEST_STEP][PASSED] - Statement - PreSaveFile = new java.io.File(((pathPrefix + java.lang.Integer.toString(counter)) + .png)): null

2018-11-27 17:50:40 - [TEST_STEP][PASSED] - Statement - counter = counter + 1: null

2018-11-27 17:50:40 - [TEST_STEP][PASSED] - Statement - PreSaveFile = new java.io.File(((pathPrefix + java.lang.Integer.toString(counter)) + .png)): null

2018-11-27 17:50:40 - [TEST_STEP][PASSED] - Statement - counter = counter + 1: null

2018-11-27 17:50:40 - [TEST_STEP][PASSED] - Statement - PreSaveFile = new java.io.File(((pathPrefix + java.lang.Integer.toString(counter)) + .png)): null

2018-11-27 17:50:40 - [TEST_STEP][PASSED] - Statement - counter = counter + 1: null

2018-11-27 17:50:40 - [TEST_STEP][PASSED] - Statement - PreSaveFile = new java.io.File(((pathPrefix + java.lang.Integer.toString(counter)) + .png)): null

2018-11-27 17:50:40 - [TEST_STEP][PASSED] - Statement - counter = counter + 1: null

2018-11-27 17:50:40 - [TEST_STEP][PASSED] - Statement - PreSaveFile = new java.io.File(((pathPrefix + java.lang.Integer.toString(counter)) + .png)): null

2018-11-27 17:50:40 - [TEST_STEP][PASSED] - Statement - counter = counter + 1: null

2018-11-27 17:50:40 - [TEST_STEP][PASSED] - Statement - PreSaveFile = new java.io.File(((pathPrefix + java.lang.Integer.toString(counter)) + .png)): null

2018-11-27 17:50:40 - [TEST_STEP][PASSED] - Statement - counter = counter + 1: null

2018-11-27 17:50:40 - [TEST_STEP][PASSED] - Statement - PreSaveFile = new java.io.File(((pathPrefix + java.lang.Integer.toString(counter)) + .png)): null

2018-11-27 17:50:40 - [TEST_STEP][PASSED] - Statement - counter = counter + 1: null

2018-11-27 17:50:40 - [TEST_STEP][PASSED] - Statement - PreSaveFile = new java.io.File(((pathPrefix + java.lang.Integer.toString(counter)) + .png)): null

2018-11-27 17:50:40 - [TEST_STEP][PASSED] - Statement - counter = counter + 1: null

2018-11-27 17:50:40 - [TEST_STEP][PASSED] - Statement - PreSaveFile = new java.io.File(((pathPrefix + java.lang.Integer.toString(counter)) + .png)): null

2018-11-27 17:50:40 - [TEST_STEP][PASSED] - Statement - counter = counter + 1: null

2018-11-27 17:50:40 - [TEST_STEP][PASSED] - Statement - PreSaveFile = new java.io.File(((pathPrefix + java.lang.Integer.toString(counter)) + .png)): null

2018-11-27 17:50:40 - [TEST_STEP][PASSED] - Statement - counter = counter + 1: null

2018-11-27 17:50:40 - [TEST_STEP][PASSED] - Statement - PreSaveFile = new java.io.File(((pathPrefix + java.lang.Integer.toString(counter)) + .png)): null

2018-11-27 17:50:40 - [TEST_STEP][PASSED] - Statement - counter = counter + 1: null

2018-11-27 17:50:40 - [TEST_STEP][PASSED] - Statement - PreSaveFile = new java.io.File(((pathPrefix + java.lang.Integer.toString(counter)) + .png)): null

2018-11-27 17:50:40 - [TEST_STEP][PASSED] - Statement - counter = counter + 1: null

2018-11-27 17:50:40 - [TEST_STEP][PASSED] - Statement - PreSaveFile = new java.io.File(((pathPrefix + java.lang.Integer.toString(counter)) + .png)): null

2018-11-27 17:50:40 - [TEST_STEP][PASSED] - Statement - counter = counter + 1: null

2018-11-27 17:50:40 - [TEST_STEP][PASSED] - Statement - PreSaveFile = new java.io.File(((pathPrefix + java.lang.Integer.toString(counter)) + .png)): null

2018-11-27 17:50:40 - [TEST_STEP][PASSED] - Statement - counter = counter + 1: null

2018-11-27 17:50:40 - [TEST_STEP][PASSED] - Statement - PreSaveFile = new java.io.File(((pathPrefix + java.lang.Integer.toString(counter)) + .png)): null

2018-11-27 17:50:40 - [TEST_STEP][PASSED] - Statement - counter = counter + 1: null

2018-11-27 17:50:40 - [TEST_STEP][PASSED] - Statement - PreSaveFile = new java.io.File(((pathPrefix + java.lang.Integer.toString(counter)) + .png)): null

2018-11-27 17:50:40 - [TEST_STEP][PASSED] - Statement - counter = counter + 1: null

2018-11-27 17:50:40 - [TEST_STEP][PASSED] - Statement - PreSaveFile = new java.io.File(((pathPrefix + java.lang.Integer.toString(counter)) + .png)): null

2018-11-27 17:50:40 - [TEST_STEP][PASSED] - Statement - counter = counter + 1: null

2018-11-27 17:50:40 - [TEST_STEP][PASSED] - Statement - PreSaveFile = new java.io.File(((pathPrefix + java.lang.Integer.toString(counter)) + .png)): null

2018-11-27 17:50:40 - [TEST_STEP][PASSED] - Statement - counter = counter + 1: null

2018-11-27 17:50:40 - [TEST_STEP][PASSED] - Statement - PreSaveFile = new java.io.File(((pathPrefix + java.lang.Integer.toString(counter)) + .png)): null

2018-11-27 17:50:40 - [TEST_STEP][PASSED] - Statement - counter = counter + 1: null

2018-11-27 17:50:40 - [TEST_STEP][PASSED] - Statement - PreSaveFile = new java.io.File(((pathPrefix + java.lang.Integer.toString(counter)) + .png)): null

2018-11-27 17:50:40 - [TEST_STEP][PASSED] - Statement - counter = counter + 1: null

2018-11-27 17:50:40 - [TEST_STEP][PASSED] - Statement - PreSaveFile = new java.io.File(((pathPrefix + java.lang.Integer.toString(counter)) + .png)): null

2018-11-27 17:50:40 - [TEST_STEP][PASSED] - Statement - counter = counter + 1: null

2018-11-27 17:50:40 - [TEST_STEP][PASSED] - Statement - PreSaveFile = new java.io.File(((pathPrefix + java.lang.Integer.toString(counter)) + .png)): null

2018-11-27 17:50:40 - [TEST_STEP][PASSED] - Statement - counter = counter + 1: null

2018-11-27 17:50:40 - [TEST_STEP][PASSED] - Statement - PreSaveFile = new java.io.File(((pathPrefix + java.lang.Integer.toString(counter)) + .png)): null

2018-11-27 17:50:40 - [TEST_STEP][PASSED] - Statement - counter = counter + 1: null

2018-11-27 17:50:40 - [TEST_STEP][PASSED] - Statement - PreSaveFile = new java.io.File(((pathPrefix + java.lang.Integer.toString(counter)) + .png)): null

2018-11-27 17:50:40 - [TEST_STEP][PASSED] - Statement - counter = counter + 1: null

2018-11-27 17:50:40 - [TEST_STEP][PASSED] - Statement - PreSaveFile = new java.io.File(((pathPrefix + java.lang.Integer.toString(counter)) + .png)): null

2018-11-27 17:50:40 - [TEST_STEP][PASSED] - Statement - counter = counter + 1: null

2018-11-27 17:50:40 - [TEST_STEP][PASSED] - Statement - PreSaveFile = new java.io.File(((pathPrefix + java.lang.Integer.toString(counter)) + .png)): null

2018-11-27 17:50:40 - [TEST_STEP][PASSED] - Statement - counter = counter + 1: null

2018-11-27 17:50:40 - [TEST_STEP][PASSED] - Statement - PreSaveFile = new java.io.File(((pathPrefix + java.lang.Integer.toString(counter)) + .png)): null

2018-11-27 17:50:40 - [TEST_STEP][PASSED] - Statement - counter = counter + 1: null

2018-11-27 17:50:40 - [TEST_STEP][PASSED] - Statement - PreSaveFile = new java.io.File(((pathPrefix + java.lang.Integer.toString(counter)) + .png)): null

2018-11-27 17:50:40 - [TEST_STEP][PASSED] - Statement - counter = counter + 1: null

2018-11-27 17:50:40 - [TEST_STEP][PASSED] - Statement - PreSaveFile = new java.io.File(((pathPrefix + java.lang.Integer.toString(counter)) + .png)): null

2018-11-27 17:50:40 - [TEST_STEP][PASSED] - Statement - counter = counter + 1: null

2018-11-27 17:50:40 - [TEST_STEP][PASSED] - Statement - PreSaveFile = new java.io.File(((pathPrefix + java.lang.Integer.toString(counter)) + .png)): null

2018-11-27 17:50:40 - [TEST_STEP][PASSED] - Statement - counter = counter + 1: null

2018-11-27 17:50:40 - [TEST_STEP][PASSED] - Statement - PreSaveFile = new java.io.File(((pathPrefix + java.lang.Integer.toString(counter)) + .png)): null

2018-11-27 17:50:40 - [TEST_STEP][PASSED] - Statement - counter = counter + 1: null

2018-11-27 17:50:40 - [TEST_STEP][PASSED] - Statement - PreSaveFile = new java.io.File(((pathPrefix + java.lang.Integer.toString(counter)) + .png)): null

2018-11-27 17:50:40 - [TEST_STEP][PASSED] - Statement - counter = counter + 1: null

2018-11-27 17:50:40 - [TEST_STEP][PASSED] - Statement - PreSaveFile = new java.io.File(((pathPrefix + java.lang.Integer.toString(counter)) + .png)): null

2018-11-27 17:50:40 - [TEST_STEP][PASSED] - Statement - counter = counter + 1: null

2018-11-27 17:50:40 - [TEST_STEP][PASSED] - Statement - PreSaveFile = new java.io.File(((pathPrefix + java.lang.Integer.toString(counter)) + .png)): null

2018-11-27 17:50:40 - [TEST_STEP][PASSED] - Statement - counter = counter + 1: null

2018-11-27 17:50:40 - [TEST_STEP][PASSED] - Statement - PreSaveFile = new java.io.File(((pathPrefix + java.lang.Integer.toString(counter)) + .png)): null

2018-11-27 17:50:40 - [TEST_STEP][PASSED] - Statement - counter = counter + 1: null

2018-11-27 17:50:40 - [TEST_STEP][PASSED] - Statement - PreSaveFile = new java.io.File(((pathPrefix + java.lang.Integer.toString(counter)) + .png)): null

2018-11-27 17:50:40 - [TEST_STEP][PASSED] - Statement - counter = counter + 1: null

2018-11-27 17:50:40 - [TEST_STEP][PASSED] - Statement - PreSaveFile = new java.io.File(((pathPrefix + java.lang.Integer.toString(counter)) + .png)): null

2018-11-27 17:50:40 - [TEST_STEP][PASSED] - Statement - counter = counter + 1: null

2018-11-27 17:50:40 - [TEST_STEP][PASSED] - Statement - PreSaveFile = new java.io.File(((pathPrefix + java.lang.Integer.toString(counter)) + .png)): null

2018-11-27 17:50:40 - [TEST_STEP][PASSED] - Statement - counter = counter + 1: null

2018-11-27 17:50:40 - [TEST_STEP][PASSED] - Statement - PreSaveFile = new java.io.File(((pathPrefix + java.lang.Integer.toString(counter)) + .png)): null

2018-11-27 17:50:40 - [TEST_STEP][PASSED] - Statement - counter = counter + 1: null

2018-11-27 17:50:40 - [TEST_STEP][PASSED] - Statement - PreSaveFile = new java.io.File(((pathPrefix + java.lang.Integer.toString(counter)) + .png)): null

2018-11-27 17:50:40 - [TEST_STEP][PASSED] - Statement - counter = counter + 1: null

2018-11-27 17:50:40 - [TEST_STEP][PASSED] - Statement - PreSaveFile = new java.io.File(((pathPrefix + java.lang.Integer.toString(counter)) + .png)): null

2018-11-27 17:50:40 - [TEST_STEP][PASSED] - Statement - counter = counter + 1: null

2018-11-27 17:50:40 - [TEST_STEP][PASSED] - Statement - PreSaveFile = new java.io.File(((pathPrefix + java.lang.Integer.toString(counter)) + .png)): null

2018-11-27 17:50:40 - [TEST_STEP][PASSED] - Statement - counter = counter + 1: null

2018-11-27 17:50:40 - [TEST_STEP][PASSED] - Statement - PreSaveFile = new java.io.File(((pathPrefix + java.lang.Integer.toString(counter)) + .png)): null

2018-11-27 17:50:40 - [TEST_STEP][PASSED] - Statement - counter = counter + 1: null

2018-11-27 17:50:40 - [TEST_STEP][PASSED] - Statement - PreSaveFile = new java.io.File(((pathPrefix + java.lang.Integer.toString(counter)) + .png)): null

2018-11-27 17:50:40 - [TEST_STEP][PASSED] - Statement - counter = counter + 1: null

2018-11-27 17:50:40 - [TEST_STEP][PASSED] - Statement - PreSaveFile = new java.io.File(((pathPrefix + java.lang.Integer.toString(counter)) + .png)): null

2018-11-27 17:50:40 - [TEST_STEP][PASSED] - Statement - counter = counter + 1: null

2018-11-27 17:50:40 - [TEST_STEP][PASSED] - Statement - PreSaveFile = new java.io.File(((pathPrefix + java.lang.Integer.toString(counter)) + .png)): null

2018-11-27 17:50:40 - [TEST_STEP][PASSED] - Statement - counter = counter + 1: null

2018-11-27 17:50:40 - [TEST_STEP][PASSED] - Statement - PreSaveFile = new java.io.File(((pathPrefix + java.lang.Integer.toString(counter)) + .png)): null

2018-11-27 17:50:40 - [TEST_STEP][PASSED] - Statement - counter = counter + 1: null

2018-11-27 17:50:40 - [TEST_STEP][PASSED] - Statement - PreSaveFile = new java.io.File(((pathPrefix + java.lang.Integer.toString(counter)) + .png)): null

2018-11-27 17:50:40 - [TEST_STEP][PASSED] - Statement - counter = counter + 1: null

2018-11-27 17:50:40 - [TEST_STEP][PASSED] - Statement - PreSaveFile = new java.io.File(((pathPrefix + java.lang.Integer.toString(counter)) + .png)): null

2018-11-27 17:50:40 - [TEST_STEP][PASSED] - Statement - counter = counter + 1: null

2018-11-27 17:50:40 - [TEST_STEP][PASSED] - Statement - PreSaveFile = new java.io.File(((pathPrefix + java.lang.Integer.toString(counter)) + .png)): null

2018-11-27 17:50:40 - [TEST_STEP][PASSED] - Statement - counter = counter + 1: null

2018-11-27 17:50:40 - [TEST_STEP][PASSED] - Statement - PreSaveFile = new java.io.File(((pathPrefix + java.lang.Integer.toString(counter)) + .png)): null

2018-11-27 17:50:40 - [TEST_STEP][PASSED] - Statement - counter = counter + 1: null

2018-11-27 17:50:40 - [TEST_STEP][PASSED] - Statement - PreSaveFile = new java.io.File(((pathPrefix + java.lang.Integer.toString(counter)) + .png)): null

2018-11-27 17:50:40 - [TEST_STEP][PASSED] - Statement - counter = counter + 1: null

2018-11-27 17:50:40 - [TEST_STEP][PASSED] - Statement - PreSaveFile = new java.io.File(((pathPrefix + java.lang.Integer.toString(counter)) + .png)): null

2018-11-27 17:50:40 - [TEST_STEP][PASSED] - Statement - counter = counter + 1: null

2018-11-27 17:50:40 - [TEST_STEP][PASSED] - Statement - PreSaveFile = new java.io.File(((pathPrefix + java.lang.Integer.toString(counter)) + .png)): null

2018-11-27 17:50:40 - [TEST_STEP][PASSED] - Statement - counter = counter + 1: null

2018-11-27 17:50:40 - [TEST_STEP][PASSED] - Statement - PreSaveFile = new java.io.File(((pathPrefix + java.lang.Integer.toString(counter)) + .png)): null

2018-11-27 17:50:40 - [TEST_STEP][PASSED] - Statement - counter = counter + 1: null

2018-11-27 17:50:40 - [TEST_STEP][PASSED] - Statement - PreSaveFile = new java.io.File(((pathPrefix + java.lang.Integer.toString(counter)) + .png)): null

2018-11-27 17:50:40 - [TEST_STEP][PASSED] - Statement - counter = counter + 1: null

2018-11-27 17:50:40 - [TEST_STEP][PASSED] - Statement - PreSaveFile = new java.io.File(((pathPrefix + java.lang.Integer.toString(counter)) + .png)): null

2018-11-27 17:50:40 - [TEST_STEP][PASSED] - Statement - counter = counter + 1: null

2018-11-27 17:50:40 - [TEST_STEP][PASSED] - Statement - PreSaveFile = new java.io.File(((pathPrefix + java.lang.Integer.toString(counter)) + .png)): null

2018-11-27 17:50:40 - [TEST_STEP][PASSED] - Statement - counter = counter + 1: null

2018-11-27 17:50:40 - [TEST_STEP][PASSED] - Statement - PreSaveFile = new java.io.File(((pathPrefix + java.lang.Integer.toString(counter)) + .png)): null

2018-11-27 17:50:40 - [TEST_STEP][PASSED] - Statement - counter = counter + 1: null

2018-11-27 17:50:40 - [TEST_STEP][PASSED] - Statement - PreSaveFile = new java.io.File(((pathPrefix + java.lang.Integer.toString(counter)) + .png)): null

2018-11-27 17:50:40 - [TEST_STEP][PASSED] - Statement - counter = counter + 1: null

2018-11-27 17:50:40 - [TEST_STEP][PASSED] - Statement - PreSaveFile = new java.io.File(((pathPrefix + java.lang.Integer.toString(counter)) + .png)): null

2018-11-27 17:50:40 - [TEST_STEP][PASSED] - Statement - counter = counter + 1: null

2018-11-27 17:50:40 - [TEST_STEP][PASSED] - Statement - PreSaveFile = new java.io.File(((pathPrefix + java.lang.Integer.toString(counter)) + .png)): null

2018-11-27 17:50:40 - [TEST_STEP][PASSED] - Statement - counter = counter + 1: null

2018-11-27 17:50:40 - [TEST_STEP][PASSED] - Statement - PreSaveFile = new java.io.File(((pathPrefix + java.lang.Integer.toString(counter)) + .png)): null

2018-11-27 17:50:40 - [TEST_STEP][PASSED] - Statement - counter = counter + 1: null

2018-11-27 17:50:40 - [TEST_STEP][PASSED] - Statement - PreSaveFile = new java.io.File(((pathPrefix + java.lang.Integer.toString(counter)) + .png)): null

2018-11-27 17:50:40 - [TEST_STEP][PASSED] - Statement - counter = counter + 1: null

2018-11-27 17:50:40 - [TEST_STEP][PASSED] - Statement - PreSaveFile = new java.io.File(((pathPrefix + java.lang.Integer.toString(counter)) + .png)): null

2018-11-27 17:50:40 - [TEST_STEP][PASSED] - Statement - counter = counter + 1: null

2018-11-27 17:50:40 - [TEST_STEP][PASSED] - Statement - PreSaveFile = new java.io.File(((pathPrefix + java.lang.Integer.toString(counter)) + .png)): null

2018-11-27 17:50:40 - [TEST_STEP][PASSED] - Statement - counter = counter + 1: null

2018-11-27 17:50:40 - [TEST_STEP][PASSED] - Statement - PreSaveFile = new java.io.File(((pathPrefix + java.lang.Integer.toString(counter)) + .png)): null

2018-11-27 17:50:40 - [TEST_STEP][PASSED] - Statement - counter = counter + 1: null

2018-11-27 17:50:40 - [TEST_STEP][PASSED] - Statement - PreSaveFile = new java.io.File(((pathPrefix + java.lang.Integer.toString(counter)) + .png)): null

2018-11-27 17:50:40 - [TEST_STEP][PASSED] - Statement - counter = counter + 1: null

2018-11-27 17:50:40 - [TEST_STEP][PASSED] - Statement - PreSaveFile = new java.io.File(((pathPrefix + java.lang.Integer.toString(counter)) + .png)): null

2018-11-27 17:50:40 - [TEST_STEP][PASSED] - Statement - counter = counter + 1: null

2018-11-27 17:50:40 - [TEST_STEP][PASSED] - Statement - PreSaveFile = new java.io.File(((pathPrefix + java.lang.Integer.toString(counter)) + .png)): null

2018-11-27 17:50:40 - [TEST_STEP][PASSED] - Statement - counter = counter + 1: null

2018-11-27 17:50:40 - [TEST_STEP][PASSED] - Statement - PreSaveFile = new java.io.File(((pathPrefix + java.lang.Integer.toString(counter)) + .png)): null

2018-11-27 17:50:40 - [TEST_STEP][PASSED] - Statement - counter = counter + 1: null

2018-11-27 17:50:40 - [TEST_STEP][PASSED] - Statement - PreSaveFile = new java.io.File(((pathPrefix + java.lang.Integer.toString(counter)) + .png)): null

2018-11-27 17:50:40 - [TEST_STEP][PASSED] - Statement - counter = counter + 1: null

2018-11-27 17:50:40 - [TEST_STEP][PASSED] - Statement - PreSaveFile = new java.io.File(((pathPrefix + java.lang.Integer.toString(counter)) + .png)): null

2018-11-27 17:50:40 - [TEST_STEP][PASSED] - Statement - counter = counter + 1: null

2018-11-27 17:50:40 - [TEST_STEP][PASSED] - Statement - PreSaveFile = new java.io.File(((pathPrefix + java.lang.Integer.toString(counter)) + .png)): null

2018-11-27 17:50:40 - [TEST_STEP][PASSED] - Statement - counter = counter + 1: null

2018-11-27 17:50:40 - [TEST_STEP][PASSED] - Statement - PreSaveFile = new java.io.File(((pathPrefix + java.lang.Integer.toString(counter)) + .png)): null

2018-11-27 17:50:40 - [TEST_STEP][PASSED] - Statement - counter = counter + 1: null

2018-11-27 17:50:40 - [TEST_STEP][PASSED] - Statement - PreSaveFile = new java.io.File(((pathPrefix + java.lang.Integer.toString(counter)) + .png)): null

2018-11-27 17:50:41 - [TEST_STEP][PASSED] - Statement - counter = counter + 1: null

2018-11-27 17:50:41 - [TEST_STEP][PASSED] - Statement - PreSaveFile = new java.io.File(((pathPrefix + java.lang.Integer.toString(counter)) + .png)): null

2018-11-27 17:50:41 - [TEST_STEP][PASSED] - Statement - counter = counter + 1: null

2018-11-27 17:50:41 - [TEST_STEP][PASSED] - Statement - PreSaveFile = new java.io.File(((pathPrefix + java.lang.Integer.toString(counter)) + .png)): null

2018-11-27 17:50:41 - [TEST_STEP][PASSED] - Statement - counter = counter + 1: null

2018-11-27 17:50:41 - [TEST_STEP][PASSED] - Statement - PreSaveFile = new java.io.File(((pathPrefix + java.lang.Integer.toString(counter)) + .png)): null

2018-11-27 17:50:41 - [TEST_STEP][PASSED] - Statement - counter = counter + 1: null

2018-11-27 17:50:41 - [TEST_STEP][PASSED] - Statement - PreSaveFile = new java.io.File(((pathPrefix + java.lang.Integer.toString(counter)) + .png)): null

2018-11-27 17:50:41 - [TEST_STEP][PASSED] - Statement - counter = counter + 1: null

2018-11-27 17:50:41 - [TEST_STEP][PASSED] - Statement - PreSaveFile = new java.io.File(((pathPrefix + java.lang.Integer.toString(counter)) + .png)): null

2018-11-27 17:50:41 - [TEST_STEP][PASSED] - Statement - counter = counter + 1: null

2018-11-27 17:50:41 - [TEST_STEP][PASSED] - Statement - PreSaveFile = new java.io.File(((pathPrefix + java.lang.Integer.toString(counter)) + .png)): null

2018-11-27 17:50:41 - [TEST_STEP][PASSED] - Statement - counter = counter + 1: null

2018-11-27 17:50:41 - [TEST_STEP][PASSED] - Statement - PreSaveFile = new java.io.File(((pathPrefix + java.lang.Integer.toString(counter)) + .png)): null

2018-11-27 17:50:41 - [TEST_STEP][PASSED] - Statement - counter = counter + 1: null

2018-11-27 17:50:41 - [TEST_STEP][PASSED] - Statement - PreSaveFile = new java.io.File(((pathPrefix + java.lang.Integer.toString(counter)) + .png)): null

2018-11-27 17:50:41 - [TEST_STEP][PASSED] - Statement - counter = counter + 1: null

2018-11-27 17:50:41 - [TEST_STEP][PASSED] - Statement - PreSaveFile = new java.io.File(((pathPrefix + java.lang.Integer.toString(counter)) + .png)): null

2018-11-27 17:50:41 - [TEST_STEP][PASSED] - Statement - counter = counter + 1: null

2018-11-27 17:50:41 - [TEST_STEP][PASSED] - Statement - PreSaveFile = new java.io.File(((pathPrefix + java.lang.Integer.toString(counter)) + .png)): null

2018-11-27 17:50:41 - [TEST_STEP][PASSED] - Statement - counter = counter + 1: null

2018-11-27 17:50:41 - [TEST_STEP][PASSED] - Statement - PreSaveFile = new java.io.File(((pathPrefix + java.lang.Integer.toString(counter)) + .png)): null

2018-11-27 17:50:41 - [TEST_STEP][PASSED] - Statement - counter = counter + 1: null

2018-11-27 17:50:41 - [TEST_STEP][PASSED] - Statement - PreSaveFile = new java.io.File(((pathPrefix + java.lang.Integer.toString(counter)) + .png)): null

2018-11-27 17:50:41 - [TEST_STEP][PASSED] - Statement - counter = counter + 1: null

2018-11-27 17:50:41 - [TEST_STEP][PASSED] - Statement - PreSaveFile = new java.io.File(((pathPrefix + java.lang.Integer.toString(counter)) + .png)): null

2018-11-27 17:50:41 - [TEST_STEP][PASSED] - Statement - counter = counter + 1: null

2018-11-27 17:50:41 - [TEST_STEP][PASSED] - Statement - PreSaveFile = new java.io.File(((pathPrefix + java.lang.Integer.toString(counter)) + .png)): null

2018-11-27 17:50:41 - [TEST_STEP][PASSED] - Statement - counter = counter + 1: null

2018-11-27 17:50:41 - [TEST_STEP][PASSED] - Statement - PreSaveFile = new java.io.File(((pathPrefix + java.lang.Integer.toString(counter)) + .png)): null

2018-11-27 17:50:41 - [TEST_STEP][PASSED] - Statement - counter = counter + 1: null

2018-11-27 17:50:41 - [TEST_STEP][PASSED] - Statement - PreSaveFile = new java.io.File(((pathPrefix + java.lang.Integer.toString(counter)) + .png)): null

2018-11-27 17:50:41 - [TEST_STEP][PASSED] - Statement - counter = counter + 1: null

2018-11-27 17:50:41 - [TEST_STEP][PASSED] - Statement - PreSaveFile = new java.io.File(((pathPrefix + java.lang.Integer.toString(counter)) + .png)): null

2018-11-27 17:50:41 - [TEST_STEP][PASSED] - Statement - counter = counter + 1: null

2018-11-27 17:50:41 - [TEST_STEP][PASSED] - Statement - PreSaveFile = new java.io.File(((pathPrefix + java.lang.Integer.toString(counter)) + .png)): null

2018-11-27 17:50:41 - [TEST_STEP][PASSED] - Statement - counter = counter + 1: null

2018-11-27 17:50:41 - [TEST_STEP][PASSED] - Statement - PreSaveFile = new java.io.File(((pathPrefix + java.lang.Integer.toString(counter)) + .png)): null

2018-11-27 17:50:41 - [TEST_STEP][PASSED] - Statement - counter = counter + 1: null

2018-11-27 17:50:41 - [TEST_STEP][PASSED] - Statement - PreSaveFile = new java.io.File(((pathPrefix + java.lang.Integer.toString(counter)) + .png)): null

2018-11-27 17:50:41 - [TEST_STEP][PASSED] - Statement - counter = counter + 1: null

2018-11-27 17:50:41 - [TEST_STEP][PASSED] - Statement - PreSaveFile = new java.io.File(((pathPrefix + java.lang.Integer.toString(counter)) + .png)): null

2018-11-27 17:50:41 - [TEST_STEP][PASSED] - Statement - counter = counter + 1: null

2018-11-27 17:50:41 - [TEST_STEP][PASSED] - Statement - PreSaveFile = new java.io.File(((pathPrefix + java.lang.Integer.toString(counter)) + .png)): null

2018-11-27 17:50:41 - [TEST_STEP][PASSED] - Statement - counter = counter + 1: null

2018-11-27 17:50:41 - [TEST_STEP][PASSED] - Statement - PreSaveFile = new java.io.File(((pathPrefix + java.lang.Integer.toString(counter)) + .png)): null

2018-11-27 17:50:41 - [TEST_STEP][PASSED] - Statement - counter = counter + 1: null

2018-11-27 17:50:41 - [TEST_STEP][PASSED] - Statement - PreSaveFile = new java.io.File(((pathPrefix + java.lang.Integer.toString(counter)) + .png)): null

2018-11-27 17:50:41 - [TEST_STEP][PASSED] - Statement - counter = counter + 1: null

2018-11-27 17:50:41 - [TEST_STEP][PASSED] - Statement - PreSaveFile = new java.io.File(((pathPrefix + java.lang.Integer.toString(counter)) + .png)): null

2018-11-27 17:50:41 - [TEST_STEP][PASSED] - Statement - counter = counter + 1: null

2018-11-27 17:50:41 - [TEST_STEP][PASSED] - Statement - PreSaveFile = new java.io.File(((pathPrefix + java.lang.Integer.toString(counter)) + .png)): null

2018-11-27 17:50:41 - [TEST_STEP][PASSED] - Statement - counter = counter + 1: null

2018-11-27 17:50:41 - [TEST_STEP][PASSED] - Statement - PreSaveFile = new java.io.File(((pathPrefix + java.lang.Integer.toString(counter)) + .png)): null

2018-11-27 17:50:41 - [TEST_STEP][PASSED] - Statement - counter = counter + 1: null

2018-11-27 17:50:41 - [TEST_STEP][PASSED] - Statement - PreSaveFile = new java.io.File(((pathPrefix + java.lang.Integer.toString(counter)) + .png)): null

2018-11-27 17:50:41 - [TEST_STEP][PASSED] - Statement - counter = counter + 1: null

2018-11-27 17:50:41 - [TEST_STEP][PASSED] - Statement - PreSaveFile = new java.io.File(((pathPrefix + java.lang.Integer.toString(counter)) + .png)): null

2018-11-27 17:50:41 - [TEST_STEP][PASSED] - Statement - counter = counter + 1: null

2018-11-27 17:50:41 - [TEST_STEP][PASSED] - Statement - PreSaveFile = new java.io.File(((pathPrefix + java.lang.Integer.toString(counter)) + .png)): null

2018-11-27 17:50:41 - [TEST_STEP][PASSED] - Statement - counter = counter + 1: null

2018-11-27 17:50:41 - [TEST_STEP][PASSED] - Statement - PreSaveFile = new java.io.File(((pathPrefix + java.lang.Integer.toString(counter)) + .png)): null

2018-11-27 17:50:41 - [TEST_STEP][PASSED] - Statement - counter = counter + 1: null

2018-11-27 17:50:41 - [TEST_STEP][PASSED] - Statement - PreSaveFile = new java.io.File(((pathPrefix + java.lang.Integer.toString(counter)) + .png)): null

2018-11-27 17:50:41 - [TEST_STEP][PASSED] - Statement - counter = counter + 1: null

2018-11-27 17:50:41 - [TEST_STEP][PASSED] - Statement - PreSaveFile = new java.io.File(((pathPrefix + java.lang.Integer.toString(counter)) + .png)): null

2018-11-27 17:50:41 - [TEST_STEP][PASSED] - Statement - counter = counter + 1: null

2018-11-27 17:50:41 - [TEST_STEP][PASSED] - Statement - PreSaveFile = new java.io.File(((pathPrefix + java.lang.Integer.toString(counter)) + .png)): null

2018-11-27 17:50:41 - [TEST_STEP][PASSED] - Statement - counter = counter + 1: null

2018-11-27 17:50:41 - [TEST_STEP][PASSED] - Statement - PreSaveFile = new java.io.File(((pathPrefix + java.lang.Integer.toString(counter)) + .png)): null

2018-11-27 17:50:41 - [TEST_STEP][PASSED] - Statement - counter = counter + 1: null

2018-11-27 17:50:41 - [TEST_STEP][PASSED] - Statement - PreSaveFile = new java.io.File(((pathPrefix + java.lang.Integer.toString(counter)) + .png)): null

2018-11-27 17:50:41 - [TEST_STEP][PASSED] - Statement - counter = counter + 1: null

2018-11-27 17:50:41 - [TEST_STEP][PASSED] - Statement - PreSaveFile = new java.io.File(((pathPrefix + java.lang.Integer.toString(counter)) + .png)): null

2018-11-27 17:50:41 - [TEST_STEP][PASSED] - Statement - counter = counter + 1: null

2018-11-27 17:50:41 - [TEST_STEP][PASSED] - Statement - PreSaveFile = new java.io.File(((pathPrefix + java.lang.Integer.toString(counter)) + .png)): null

2018-11-27 17:50:41 - [TEST_STEP][PASSED] - Statement - counter = counter + 1: null

2018-11-27 17:50:41 - [TEST_STEP][PASSED] - Statement - PreSaveFile = new java.io.File(((pathPrefix + java.lang.Integer.toString(counter)) + .png)): null

2018-11-27 17:50:41 - [TEST_STEP][PASSED] - Statement - counter = counter + 1: null

2018-11-27 17:50:41 - [TEST_STEP][PASSED] - Statement - PreSaveFile = new java.io.File(((pathPrefix + java.lang.Integer.toString(counter)) + .png)): null

2018-11-27 17:50:41 - [TEST_STEP][PASSED] - Statement - counter = counter + 1: null

2018-11-27 17:50:41 - [TEST_STEP][PASSED] - Statement - PreSaveFile = new java.io.File(((pathPrefix + java.lang.Integer.toString(counter)) + .png)): null

2018-11-27 17:50:41 - [TEST_STEP][PASSED] - Statement - counter = counter + 1: null

2018-11-27 17:50:41 - [TEST_STEP][PASSED] - Statement - PreSaveFile = new java.io.File(((pathPrefix + java.lang.Integer.toString(counter)) + .png)): null

2018-11-27 17:50:41 - [TEST_STEP][PASSED] - Statement - counter = counter + 1: null

2018-11-27 17:50:41 - [TEST_STEP][PASSED] - Statement - PreSaveFile = new java.io.File(((pathPrefix + java.lang.Integer.toString(counter)) + .png)): null

2018-11-27 17:50:41 - [TEST_STEP][PASSED] - Statement - counter = counter + 1: null

2018-11-27 17:50:41 - [TEST_STEP][PASSED] - Statement - PreSaveFile = new java.io.File(((pathPrefix + java.lang.Integer.toString(counter)) + .png)): null

2018-11-27 17:50:41 - [TEST_STEP][PASSED] - Statement - counter = counter + 1: null

2018-11-27 17:50:41 - [TEST_STEP][PASSED] - Statement - PreSaveFile = new java.io.File(((pathPrefix + java.lang.Integer.toString(counter)) + .png)): null

2018-11-27 17:50:41 - [TEST_STEP][PASSED] - Statement - counter = counter + 1: null

2018-11-27 17:50:41 - [TEST_STEP][PASSED] - Statement - PreSaveFile = new java.io.File(((pathPrefix + java.lang.Integer.toString(counter)) + .png)): null

2018-11-27 17:50:41 - [TEST_STEP][PASSED] - Statement - counter = counter + 1: null

2018-11-27 17:50:41 - [TEST_STEP][PASSED] - Statement - PreSaveFile = new java.io.File(((pathPrefix + java.lang.Integer.toString(counter)) + .png)): null

2018-11-27 17:50:41 - [TEST_STEP][PASSED] - Statement - counter = counter + 1: null

2018-11-27 17:50:41 - [TEST_STEP][PASSED] - Statement - PreSaveFile = new java.io.File(((pathPrefix + java.lang.Integer.toString(counter)) + .png)): null

2018-11-27 17:50:41 - [TEST_STEP][PASSED] - Statement - counter = counter + 1: null

2018-11-27 17:50:41 - [TEST_STEP][PASSED] - Statement - PreSaveFile = new java.io.File(((pathPrefix + java.lang.Integer.toString(counter)) + .png)): null

2018-11-27 17:50:41 - [TEST_STEP][PASSED] - Statement - counter = counter + 1: null

2018-11-27 17:50:41 - [TEST_STEP][PASSED] - Statement - PreSaveFile = new java.io.File(((pathPrefix + java.lang.Integer.toString(counter)) + .png)): null

2018-11-27 17:50:41 - [TEST_STEP][PASSED] - Statement - counter = counter + 1: null

2018-11-27 17:50:41 - [TEST_STEP][PASSED] - Statement - PreSaveFile = new java.io.File(((pathPrefix + java.lang.Integer.toString(counter)) + .png)): null

2018-11-27 17:50:41 - [TEST_STEP][PASSED] - Statement - counter = counter + 1: null

2018-11-27 17:50:41 - [TEST_STEP][PASSED] - Statement - PreSaveFile = new java.io.File(((pathPrefix + java.lang.Integer.toString(counter)) + .png)): null

2018-11-27 17:50:41 - [TEST_STEP][PASSED] - Statement - counter = counter + 1: null

2018-11-27 17:50:41 - [TEST_STEP][PASSED] - Statement - PreSaveFile = new java.io.File(((pathPrefix + java.lang.Integer.toString(counter)) + .png)): null

2018-11-27 17:50:41 - [TEST_STEP][PASSED] - Statement - counter = counter + 1: null

2018-11-27 17:50:41 - [TEST_STEP][PASSED] - Statement - PreSaveFile = new java.io.File(((pathPrefix + java.lang.Integer.toString(counter)) + .png)): null

2018-11-27 17:50:41 - [TEST_STEP][PASSED] - Statement - counter = counter + 1: null

2018-11-27 17:50:41 - [TEST_STEP][PASSED] - Statement - PreSaveFile = new java.io.File(((pathPrefix + java.lang.Integer.toString(counter)) + .png)): null

2018-11-27 17:50:41 - [TEST_STEP][PASSED] - Statement - counter = counter + 1: null

2018-11-27 17:50:41 - [TEST_STEP][PASSED] - Statement - PreSaveFile = new java.io.File(((pathPrefix + java.lang.Integer.toString(counter)) + .png)): null

2018-11-27 17:50:41 - [TEST_STEP][PASSED] - Statement - counter = counter + 1: null

2018-11-27 17:50:41 - [TEST_STEP][PASSED] - Statement - PreSaveFile = new java.io.File(((pathPrefix + java.lang.Integer.toString(counter)) + .png)): null

2018-11-27 17:50:41 - [TEST_STEP][PASSED] - Statement - counter = counter + 1: null

2018-11-27 17:50:41 - [TEST_STEP][PASSED] - Statement - PreSaveFile = new java.io.File(((pathPrefix + java.lang.Integer.toString(counter)) + .png)): null

2018-11-27 17:50:41 - [TEST_STEP][PASSED] - Statement - counter = counter + 1: null

2018-11-27 17:50:41 - [TEST_STEP][PASSED] - Statement - PreSaveFile = new java.io.File(((pathPrefix + java.lang.Integer.toString(counter)) + .png)): null

2018-11-27 17:50:41 - [TEST_STEP][PASSED] - Statement - counter = counter + 1: null

2018-11-27 17:50:41 - [TEST_STEP][PASSED] - Statement - PreSaveFile = new java.io.File(((pathPrefix + java.lang.Integer.toString(counter)) + .png)): null

2018-11-27 17:50:41 - [TEST_STEP][PASSED] - Statement - counter = counter + 1: null

2018-11-27 17:50:41 - [TEST_STEP][PASSED] - Statement - PreSaveFile = new java.io.File(((pathPrefix + java.lang.Integer.toString(counter)) + .png)): null

2018-11-27 17:50:41 - [TEST_STEP][PASSED] - Statement - counter = counter + 1: null

2018-11-27 17:50:41 - [TEST_STEP][PASSED] - Statement - PreSaveFile = new java.io.File(((pathPrefix + java.lang.Integer.toString(counter)) + .png)): null

2018-11-27 17:50:41 - [TEST_STEP][PASSED] - Statement - counter = counter + 1: null

2018-11-27 17:50:41 - [TEST_STEP][PASSED] - Statement - PreSaveFile = new java.io.File(((pathPrefix + java.lang.Integer.toString(counter)) + .png)): null

2018-11-27 17:50:41 - [TEST_STEP][PASSED] - Statement - counter = counter + 1: null

2018-11-27 17:50:41 - [TEST_STEP][PASSED] - Statement - PreSaveFile = new java.io.File(((pathPrefix + java.lang.Integer.toString(counter)) + .png)): null

2018-11-27 17:50:41 - [TEST_STEP][PASSED] - Statement - counter = counter + 1: null

2018-11-27 17:50:41 - [TEST_STEP][PASSED] - Statement - PreSaveFile = new java.io.File(((pathPrefix + java.lang.Integer.toString(counter)) + .png)): null

2018-11-27 17:50:41 - [TEST_STEP][PASSED] - Statement - counter = counter + 1: null

2018-11-27 17:50:41 - [TEST_STEP][PASSED] - Statement - PreSaveFile = new java.io.File(((pathPrefix + java.lang.Integer.toString(counter)) + .png)): null

2018-11-27 17:50:41 - [TEST_STEP][PASSED] - Statement - counter = counter + 1: null

2018-11-27 17:50:41 - [TEST_STEP][PASSED] - Statement - PreSaveFile = new java.io.File(((pathPrefix + java.lang.Integer.toString(counter)) + .png)): null

2018-11-27 17:50:41 - [TEST_STEP][PASSED] - Statement - counter = counter + 1: null

2018-11-27 17:50:41 - [TEST_STEP][PASSED] - Statement - PreSaveFile = new java.io.File(((pathPrefix + java.lang.Integer.toString(counter)) + .png)): null

2018-11-27 17:50:41 - [TEST_STEP][PASSED] - Statement - counter = counter + 1: null

2018-11-27 17:50:41 - [TEST_STEP][PASSED] - Statement - PreSaveFile = new java.io.File(((pathPrefix + java.lang.Integer.toString(counter)) + .png)): null

2018-11-27 17:50:41 - [TEST_STEP][PASSED] - Statement - counter = counter + 1: null

2018-11-27 17:50:41 - [TEST_STEP][PASSED] - Statement - PreSaveFile = new java.io.File(((pathPrefix + java.lang.Integer.toString(counter)) + .png)): null

2018-11-27 17:50:41 - [TEST_STEP][PASSED] - Statement - counter = counter + 1: null

2018-11-27 17:50:41 - [TEST_STEP][PASSED] - Statement - PreSaveFile = new java.io.File(((pathPrefix + java.lang.Integer.toString(counter)) + .png)): null

2018-11-27 17:50:41 - [TEST_STEP][PASSED] - Statement - counter = counter + 1: null

2018-11-27 17:50:41 - [TEST_STEP][PASSED] - Statement - PreSaveFile = new java.io.File(((pathPrefix + java.lang.Integer.toString(counter)) + .png)): null

2018-11-27 17:50:41 - [TEST_STEP][PASSED] - Statement - counter = counter + 1: null

2018-11-27 17:50:41 - [TEST_STEP][PASSED] - Statement - PreSaveFile = new java.io.File(((pathPrefix + java.lang.Integer.toString(counter)) + .png)): null

2018-11-27 17:50:41 - [TEST_STEP][PASSED] - Statement - counter = counter + 1: null

2018-11-27 17:50:41 - [TEST_STEP][PASSED] - Statement - PreSaveFile = new java.io.File(((pathPrefix + java.lang.Integer.toString(counter)) + .png)): null

2018-11-27 17:50:41 - [TEST_STEP][PASSED] - Statement - counter = counter + 1: null

2018-11-27 17:50:41 - [TEST_STEP][PASSED] - Statement - PreSaveFile = new java.io.File(((pathPrefix + java.lang.Integer.toString(counter)) + .png)): null

2018-11-27 17:50:41 - [TEST_STEP][PASSED] - Statement - counter = counter + 1: null

2018-11-27 17:50:41 - [TEST_STEP][PASSED] - Statement - PreSaveFile = new java.io.File(((pathPrefix + java.lang.Integer.toString(counter)) + .png)): null

2018-11-27 17:50:41 - [TEST_STEP][PASSED] - Statement - counter = counter + 1: null

2018-11-27 17:50:41 - [TEST_STEP][PASSED] - Statement - PreSaveFile = new java.io.File(((pathPrefix + java.lang.Integer.toString(counter)) + .png)): null

2018-11-27 17:50:41 - [TEST_STEP][PASSED] - Statement - counter = counter + 1: null

2018-11-27 17:50:41 - [TEST_STEP][PASSED] - Statement - PreSaveFile = new java.io.File(((pathPrefix + java.lang.Integer.toString(counter)) + .png)): null

2018-11-27 17:50:41 - [TEST_STEP][PASSED] - Statement - counter = counter + 1: null

2018-11-27 17:50:41 - [TEST_STEP][PASSED] - Statement - PreSaveFile = new java.io.File(((pathPrefix + java.lang.Integer.toString(counter)) + .png)): null

2018-11-27 17:50:41 - [TEST_STEP][PASSED] - Statement - counter = counter + 1: null

2018-11-27 17:50:41 - [TEST_STEP][PASSED] - Statement - PreSaveFile = new java.io.File(((pathPrefix + java.lang.Integer.toString(counter)) + .png)): null

2018-11-27 17:50:41 - [TEST_STEP][PASSED] - Statement - counter = counter + 1: null

2018-11-27 17:50:41 - [TEST_STEP][PASSED] - Statement - PreSaveFile = new java.io.File(((pathPrefix + java.lang.Integer.toString(counter)) + .png)): null

2018-11-27 17:50:41 - [TEST_STEP][PASSED] - Statement - counter = counter + 1: null

2018-11-27 17:50:41 - [TEST_STEP][PASSED] - Statement - PreSaveFile = new java.io.File(((pathPrefix + java.lang.Integer.toString(counter)) + .png)): null

2018-11-27 17:50:41 - [TEST_STEP][PASSED] - Statement - counter = counter + 1: null

2018-11-27 17:50:41 - [TEST_STEP][PASSED] - Statement - PreSaveFile = new java.io.File(((pathPrefix + java.lang.Integer.toString(counter)) + .png)): null

2018-11-27 17:50:41 - [TEST_STEP][PASSED] - Statement - counter = counter + 1: null

2018-11-27 17:50:41 - [TEST_STEP][PASSED] - Statement - PreSaveFile = new java.io.File(((pathPrefix + java.lang.Integer.toString(counter)) + .png)): null

2018-11-27 17:50:41 - [TEST_STEP][PASSED] - Statement - counter = counter + 1: null

2018-11-27 17:50:41 - [TEST_STEP][PASSED] - Statement - PreSaveFile = new java.io.File(((pathPrefix + java.lang.Integer.toString(counter)) + .png)): null

2018-11-27 17:50:41 - [TEST_STEP][PASSED] - Statement - counter = counter + 1: null

2018-11-27 17:50:41 - [TEST_STEP][PASSED] - Statement - PreSaveFile = new java.io.File(((pathPrefix + java.lang.Integer.toString(counter)) + .png)): null

2018-11-27 17:50:41 - [TEST_STEP][PASSED] - Statement - counter = counter + 1: null

2018-11-27 17:50:41 - [TEST_STEP][PASSED] - Statement - PreSaveFile = new java.io.File(((pathPrefix + java.lang.Integer.toString(counter)) + .png)): null

2018-11-27 17:50:41 - [TEST_STEP][PASSED] - Statement - counter = counter + 1: null

2018-11-27 17:50:41 - [TEST_STEP][PASSED] - Statement - PreSaveFile = new java.io.File(((pathPrefix + java.lang.Integer.toString(counter)) + .png)): null

2018-11-27 17:50:41 - [TEST_STEP][PASSED] - Statement - counter = counter + 1: null

2018-11-27 17:50:41 - [TEST_STEP][PASSED] - Statement - PreSaveFile = new java.io.File(((pathPrefix + java.lang.Integer.toString(counter)) + .png)): null

2018-11-27 17:50:41 - [TEST_STEP][PASSED] - Statement - counter = counter + 1: null

2018-11-27 17:50:41 - [TEST_STEP][PASSED] - Statement - PreSaveFile = new java.io.File(((pathPrefix + java.lang.Integer.toString(counter)) + .png)): null

2018-11-27 17:50:41 - [TEST_STEP][PASSED] - Statement - counter = counter + 1: null

2018-11-27 17:50:41 - [TEST_STEP][PASSED] - Statement - PreSaveFile = new java.io.File(((pathPrefix + java.lang.Integer.toString(counter)) + .png)): null

2018-11-27 17:50:41 - [TEST_STEP][PASSED] - Statement - counter = counter + 1: null

2018-11-27 17:50:41 - [TEST_STEP][PASSED] - Statement - PreSaveFile = new java.io.File(((pathPrefix + java.lang.Integer.toString(counter)) + .png)): null

2018-11-27 17:50:41 - [TEST_STEP][PASSED] - Statement - counter = counter + 1: null

2018-11-27 17:50:41 - [TEST_STEP][PASSED] - Statement - PreSaveFile = new java.io.File(((pathPrefix + java.lang.Integer.toString(counter)) + .png)): null

2018-11-27 17:50:41 - [TEST_STEP][PASSED] - Statement - counter = counter + 1: null

2018-11-27 17:50:41 - [TEST_STEP][PASSED] - Statement - PreSaveFile = new java.io.File(((pathPrefix + java.lang.Integer.toString(counter)) + .png)): null

2018-11-27 17:50:41 - [TEST_STEP][PASSED] - Statement - counter = counter + 1: null

2018-11-27 17:50:41 - [TEST_STEP][PASSED] - Statement - PreSaveFile = new java.io.File(((pathPrefix + java.lang.Integer.toString(counter)) + .png)): null

2018-11-27 17:50:41 - [TEST_STEP][PASSED] - Statement - counter = counter + 1: null

2018-11-27 17:50:41 - [TEST_STEP][PASSED] - Statement - PreSaveFile = new java.io.File(((pathPrefix + java.lang.Integer.toString(counter)) + .png)): null

2018-11-27 17:50:41 - [TEST_STEP][PASSED] - Statement - counter = counter + 1: null

2018-11-27 17:50:41 - [TEST_STEP][PASSED] - Statement - PreSaveFile = new java.io.File(((pathPrefix + java.lang.Integer.toString(counter)) + .png)): null

2018-11-27 17:50:41 - [TEST_STEP][PASSED] - Statement - counter = counter + 1: null

2018-11-27 17:50:41 - [TEST_STEP][PASSED] - Statement - PreSaveFile = new java.io.File(((pathPrefix + java.lang.Integer.toString(counter)) + .png)): null

2018-11-27 17:50:41 - [TEST_STEP][PASSED] - Statement - counter = counter + 1: null

2018-11-27 17:50:41 - [TEST_STEP][PASSED] - Statement - PreSaveFile = new java.io.File(((pathPrefix + java.lang.Integer.toString(counter)) + .png)): null

2018-11-27 17:50:41 - [TEST_STEP][PASSED] - Statement - counter = counter + 1: null

2018-11-27 17:50:41 - [TEST_STEP][PASSED] - Statement - PreSaveFile = new java.io.File(((pathPrefix + java.lang.Integer.toString(counter)) + .png)): null

2018-11-27 17:50:41 - [TEST_STEP][PASSED] - Statement - counter = counter + 1: null

2018-11-27 17:50:41 - [TEST_STEP][PASSED] - Statement - PreSaveFile = new java.io.File(((pathPrefix + java.lang.Integer.toString(counter)) + .png)): null

2018-11-27 17:50:41 - [TEST_STEP][PASSED] - Statement - counter = counter + 1: null

2018-11-27 17:50:41 - [TEST_STEP][PASSED] - Statement - PreSaveFile = new java.io.File(((pathPrefix + java.lang.Integer.toString(counter)) + .png)): null

2018-11-27 17:50:41 - [TEST_STEP][PASSED] - Statement - finalPath = pathPrefix + java.lang.Integer.toString(counter) + ".png": null

2018-11-27 17:50:41 - [TEST_STEP][PASSED] - Statement - SaveFile = new java.io.File(finalPath): null

2018-11-27 17:50:41 - [TEST_STEP][PASSED] - Statement - Try: null

2018-11-27 17:50:41 - [TEST_STEP][PASSED] - Statement - org.apache.commons.io.FileUtils.copyFile(scrFile, SaveFile): null

2018-11-27 17:50:41 - [TEST_STEP][PASSED] - Statement - out.println("file kept"): null

2018-11-27 17:50:41 - [TEST_STEP][PASSED] - delay: Delayed 10 second(s)

2018-11-27 17:50:51 - [MESSAGE][PASSED] - Delayed 10 second(s)

2018-11-27 17:50:51 - [MESSAGE][PASSED] - Call Test Case 'Test Cases/Final Aug 2018 - PKS Automation/Common/Screenshoting tool' successfully

2018-11-27 17:50:51 - [TEST_STEP][PASSED] - callTestCase: Call Test Case 'Test Cases/Final Aug 2018 - PKS Automation/Registration Module/Log Out/log out avoiding katalon tagging' successfully

2018-11-27 17:50:51 - [TEST_CASE][PASSED] - Test Cases/Final Aug 2018 - PKS Automation/Registration Module/Log Out/log out avoiding katalon tagging: Test Cases/Final Aug 2018 - PKS Automation/Registration Module/Log Out/log out avoiding katalon tagging

2018-11-27 17:50:51 - [TEST_STEP][PASSED] - navigateToUrl: Navigate to 'https://assist2-uat.perkeso.gov.my/c/portal/logout' successfully

2018-11-27 17:50:52 - [MESSAGE][PASSED] - Navigate to 'https://assist2-uat.perkeso.gov.my/c/portal/logout' successfully

2018-11-27 17:50:52 - [MESSAGE][PASSED] - Call Test Case 'Test Cases/Final Aug 2018 - PKS Automation/Registration Module/Log Out/log out avoiding katalon tagging' successfully

2018-11-27 17:50:52 - [TEST_STEP][FAILED] - callTestCase: Unable to call Test Case with id 'Test Cases/Final Aug 2018 - PKS Automation/Common/Workflow Owner Finder' (Root cause: Call Test Case 'Test Cases/Final Aug 2018 - PKS Automation/Common/Workflow Owner Finder' failed)

2018-11-27 17:50:52 - [TEST_CASE][FAILED] - Test Cases/Final Aug 2018 - PKS Automation/Common/Workflow Owner Finder: Test Cases/Final Aug 2018 - PKS Automation/Common/Workflow Owner Finder FAILED because (of) (Stack trace: com.kms.katalon.core.exception.StepFailedException: Unable to click on object 'Object Repository/Final Object Repo/Landing Page/Select to English' (Root cause: com.kms.katalon.core.webui.exception.WebElementNotFoundException: Web element with id: 'Object Repository/Final Object Repo/Landing Page/Select to English' located by 'By.xpath: //a[@class = 'taglib-language-list-text' and @lang = 'en-US' and (contains(text(), 'EN') or contains(., 'EN'))]' not found)
	at com.kms.katalon.core.keyword.internal.KeywordMain.stepFailed(KeywordMain.groovy:32)
	at com.kms.katalon.core.webui.keyword.internal.WebUIKeywordMain.stepFailed(WebUIKeywordMain.groovy:65)
	at com.kms.katalon.core.webui.keyword.internal.WebUIKeywordMain.runKeyword(WebUIKeywordMain.groovy:27)
	at com.kms.katalon.core.webui.keyword.builtin.ClickKeyword.click(ClickKeyword.groovy:86)
	at com.kms.katalon.core.webui.keyword.builtin.ClickKeyword.execute(ClickKeyword.groovy:67)
	at com.kms.katalon.core.keyword.internal.KeywordExecutor.executeKeywordForPlatform(KeywordExecutor.groovy:53)
	at com.kms.katalon.core.webui.keyword.WebUiBuiltInKeywords.click(WebUiBuiltInKeywords.groovy:604)
	at com.kms.katalon.core.webui.keyword.WebUiBuiltInKeywords$click$6.call(Unknown Source)
	at Script1534407542420.run(Script1534407542420.groovy:57)
	at com.kms.katalon.core.main.ScriptEngine.run(ScriptEngine.java:183)
	at com.kms.katalon.core.main.ScriptEngine.runScriptAsRawText(ScriptEngine.java:108)
	at com.kms.katalon.core.main.TestCaseExecutor.runScript(TestCaseExecutor.java:294)
	at com.kms.katalon.core.main.TestCaseExecutor.doExecute(TestCaseExecutor.java:285)
	at com.kms.katalon.core.main.TestCaseExecutor.processExecutionPhase(TestCaseExecutor.java:264)
	at com.kms.katalon.core.main.TestCaseExecutor.accessMainPhase(TestCaseExecutor.java:256)
	at com.kms.katalon.core.main.TestCaseExecutor.execute(TestCaseExecutor.java:200)
	at com.kms.katalon.core.main.TestCaseMain.runTestCase(TestCaseMain.java:99)
	at com.kms.katalon.core.keyword.builtin.CallTestCaseKeyword$_callTestCase_closure1.doCall(CallTestCaseKeyword.groovy:60)
	at com.kms.katalon.core.keyword.builtin.CallTestCaseKeyword$_callTestCase_closure1.call(CallTestCaseKeyword.groovy)
	at com.kms.katalon.core.keyword.internal.KeywordMain.runKeyword(KeywordMain.groovy:54)
	at com.kms.katalon.core.keyword.builtin.CallTestCaseKeyword.callTestCase(CallTestCaseKeyword.groovy:81)
	at com.kms.katalon.core.keyword.builtin.CallTestCaseKeyword.execute(CallTestCaseKeyword.groovy:45)
	at com.kms.katalon.core.keyword.internal.KeywordExecutor.executeKeywordForPlatform(KeywordExecutor.groovy:53)
	at com.kms.katalon.core.keyword.BuiltinKeywords.callTestCase(BuiltinKeywords.groovy:334)
	at sun.reflect.GeneratedMethodAccessor13.invoke(Unknown Source)
	at sun.reflect.DelegatingMethodAccessorImpl.invoke(DelegatingMethodAccessorImpl.java:43)
	at java.lang.reflect.Method.invoke(Method.java:498)
	at org.codehaus.groovy.reflection.CachedMethod.invoke(CachedMethod.java:93)
	at groovy.lang.MetaMethod.doMethodInvoke(MetaMethod.java:325)
	at groovy.lang.MetaClassImpl.invokeStaticMethod(MetaClassImpl.java:1469)
	at org.codehaus.groovy.runtime.callsite.StaticMetaClassSite.call(StaticMetaClassSite.java:53)
	at org.codehaus.groovy.runtime.callsite.CallSiteArray.defaultCall(CallSiteArray.java:48)
	at org.codehaus.groovy.runtime.callsite.AbstractCallSite.call(AbstractCallSite.java:113)
	at org.codehaus.groovy.runtime.callsite.AbstractCallSite.call(AbstractCallSite.java:141)
	at Script1536116240292.run(Script1536116240292.groovy:121)
	at com.kms.katalon.core.main.ScriptEngine.run(ScriptEngine.java:183)
	at com.kms.katalon.core.main.ScriptEngine.runScriptAsRawText(ScriptEngine.java:108)
	at com.kms.katalon.core.main.TestCaseExecutor.runScript(TestCaseExecutor.java:294)
	at com.kms.katalon.core.main.TestCaseExecutor.doExecute(TestCaseExecutor.java:285)
	at com.kms.katalon.core.main.TestCaseExecutor.processExecutionPhase(TestCaseExecutor.java:264)
	at com.kms.katalon.core.main.TestCaseExecutor.accessMainPhase(TestCaseExecutor.java:256)
	at com.kms.katalon.core.main.TestCaseExecutor.execute(TestCaseExecutor.java:200)
	at com.kms.katalon.core.main.TestSuiteExecutor.accessTestCaseMainPhase(TestSuiteExecutor.java:129)
	at com.kms.katalon.core.main.TestSuiteExecutor.accessTestSuiteMainPhase(TestSuiteExecutor.java:112)
	at com.kms.katalon.core.main.TestSuiteExecutor.execute(TestSuiteExecutor.java:81)
	at com.kms.katalon.core.main.TestCaseMain.startTestSuite(TestCaseMain.java:142)
	at com.kms.katalon.core.main.TestCaseMain$startTestSuite$0.call(Unknown Source)
	at org.codehaus.groovy.runtime.callsite.CallSiteArray.defaultCall(CallSiteArray.java:48)
	at org.codehaus.groovy.runtime.callsite.AbstractCallSite.call(AbstractCallSite.java:113)
	at org.codehaus.groovy.runtime.callsite.AbstractCallSite.call(AbstractCallSite.java:141)
	at TempTestSuite1543287057153.run(TempTestSuite1543287057153.groovy:36)
	at groovy.lang.GroovyShell.runScriptOrMainOrTestOrRunnable(GroovyShell.java:263)
	at groovy.lang.GroovyShell.run(GroovyShell.java:518)
	at groovy.lang.GroovyShell.run(GroovyShell.java:507)
	at groovy.ui.GroovyMain.processOnce(GroovyMain.java:653)
	at groovy.ui.GroovyMain.run(GroovyMain.java:384)
	at groovy.ui.GroovyMain.process(GroovyMain.java:370)
	at groovy.ui.GroovyMain.processArgs(GroovyMain.java:129)
	at groovy.ui.GroovyMain.main(GroovyMain.java:109)
	at sun.reflect.NativeMethodAccessorImpl.invoke0(Native Method)
	at sun.reflect.NativeMethodAccessorImpl.invoke(NativeMethodAccessorImpl.java:62)
	at sun.reflect.DelegatingMethodAccessorImpl.invoke(DelegatingMethodAccessorImpl.java:43)
	at java.lang.reflect.Method.invoke(Method.java:498)
	at org.codehaus.groovy.tools.GroovyStarter.rootLoader(GroovyStarter.java:109)
	at org.codehaus.groovy.tools.GroovyStarter.main(GroovyStarter.java:131)
)

2018-11-27 17:50:52 - [TEST_STEP][PASSED] - openBrowser: Browser is opened with url: ''

2018-11-27 17:50:52 - [MESSAGE][WARNING] - A browser is already opened. Closing browser and opening a new one

2018-11-27 17:50:56 - [MESSAGE][PASSED] - Browser is opened with url: ''

2018-11-27 17:50:56 - [TEST_STEP][PASSED] - navigateToUrl: Navigate to 'https://assist2-uat.perkeso.gov.my/login' successfully

2018-11-27 17:50:57 - [MESSAGE][PASSED] - Navigate to 'https://assist2-uat.perkeso.gov.my/login' successfully

2018-11-27 17:50:57 - [TEST_STEP][PASSED] - delay: Delayed 5 second(s)

2018-11-27 17:51:02 - [MESSAGE][PASSED] - Delayed 5 second(s)

2018-11-27 17:51:02 - [TEST_STEP][PASSED] - setText: Text 'test@liferay.com' is set on object 'Object Repository/Final Object Repo/Login Page/Internal User/Email Address'

2018-11-27 17:51:02 - [MESSAGE][PASSED] - Text 'test@liferay.com' is set on object 'Object Repository/Final Object Repo/Login Page/Internal User/Email Address'

2018-11-27 17:51:02 - [TEST_STEP][PASSED] - click: Object: 'Object Repository/Final Object Repo/Login Page/Internal User/Next Button' is clicked on

2018-11-27 17:51:02 - [MESSAGE][PASSED] - Object: 'Object Repository/Final Object Repo/Login Page/Internal User/Next Button' is clicked on

2018-11-27 17:51:02 - [TEST_STEP][PASSED] - delay: Delayed 2 second(s)

2018-11-27 17:51:04 - [MESSAGE][PASSED] - Delayed 2 second(s)

2018-11-27 17:51:04 - [TEST_STEP][PASSED] - setText: Text 'test' is set on object 'Object Repository/Final Object Repo/Login Page/Internal User/Password'

2018-11-27 17:51:04 - [MESSAGE][PASSED] - Text 'test' is set on object 'Object Repository/Final Object Repo/Login Page/Internal User/Password'

2018-11-27 17:51:04 - [TEST_STEP][PASSED] - delay: Delayed 2 second(s)

2018-11-27 17:51:06 - [MESSAGE][PASSED] - Delayed 2 second(s)

2018-11-27 17:51:06 - [TEST_STEP][PASSED] - click: Object: 'Object Repository/Final Object Repo/Login Page/Internal User/Login Button' is clicked on

2018-11-27 17:51:07 - [MESSAGE][PASSED] - Object: 'Object Repository/Final Object Repo/Login Page/Internal User/Login Button' is clicked on

2018-11-27 17:51:07 - [TEST_STEP][FAILED] - Statement - Try: Delayed 2 second(s)

2018-11-27 17:51:07 - [TEST_STEP][PASSED] - Statement - Checker = false: null

2018-11-27 17:51:07 - [TEST_STEP][PASSED] - Statement - Checker = com.kms.katalon.core.webui.keyword.WebUiBuiltInKeywords.verifyElementHasAttribute(com.kms.katalon.core.testobject.ObjectRepository.findTestObject(Final Object Repo/Landing Page/BM Detecting), "href", 20, OPTIONAL): Unable to verify if object 'Object Repository/Final Object Repo/Landing Page/BM Detecting' has attribute 'href' (Root cause: org.openqa.selenium.StaleElementReferenceException: stale element reference: element is not attached to the page document
  (Session info: chrome=70.0.3538.102)
  (Driver info: chromedriver=2.43.600210 (68dcf5eebde37173d4027fa8635e332711d2874a),platform=Windows NT 6.1.7601 SP1 x86_64) (WARNING: The server did not provide any stacktrace information)
Command duration or timeout: 0 milliseconds
For documentation on this error, please visit: http://seleniumhq.org/exceptions/stale_element_reference.html
Build info: version: '3.7.1', revision: '8a0099a', time: '2017-11-06T21:07:36.161Z'
System info: host: 'WIN7TEST02', ip: '10.20.3.72', os.name: 'Windows 7', os.arch: 'amd64', os.version: '6.1', java.version: '1.8.0_181'
Driver info: com.kms.katalon.selenium.driver.CChromeDriver
Capabilities {acceptInsecureCerts: false, acceptSslCerts: false, applicationCacheEnabled: false, browserConnectionEnabled: false, browserName: chrome, chrome: {chromedriverVersion: 2.43.600210 (68dcf5eebde371..., userDataDir: C:\Users\Admin\AppData\Loca...}, cssSelectorsEnabled: true, databaseEnabled: false, goog:chromeOptions: {debuggerAddress: localhost:64983}, handlesAlerts: true, hasTouchScreen: false, javascriptEnabled: true, locationContextEnabled: true, mobileEmulationEnabled: false, nativeEvents: true, networkConnectionEnabled: false, pageLoadStrategy: normal, platform: XP, platformName: XP, rotatable: false, setWindowRect: true, takesHeapSnapshot: true, takesScreenshot: true, unexpectedAlertBehaviour: , unhandledPromptBehavior: , version: 70.0.3538.102, webStorageEnabled: true}
Session ID: 9957ce05bdd61724f9fd9986fa52a455)

2018-11-27 17:51:09 - [MESSAGE][WARNING] - Unable to verify if object 'Object Repository/Final Object Repo/Landing Page/BM Detecting' has attribute 'href' (Root cause: org.openqa.selenium.StaleElementReferenceException: stale element reference: element is not attached to the page document
  (Session info: chrome=70.0.3538.102)
  (Driver info: chromedriver=2.43.600210 (68dcf5eebde37173d4027fa8635e332711d2874a),platform=Windows NT 6.1.7601 SP1 x86_64) (WARNING: The server did not provide any stacktrace information)
Command duration or timeout: 0 milliseconds
For documentation on this error, please visit: http://seleniumhq.org/exceptions/stale_element_reference.html
Build info: version: '3.7.1', revision: '8a0099a', time: '2017-11-06T21:07:36.161Z'
System info: host: 'WIN7TEST02', ip: '10.20.3.72', os.name: 'Windows 7', os.arch: 'amd64', os.version: '6.1', java.version: '1.8.0_181'
Driver info: com.kms.katalon.selenium.driver.CChromeDriver
Capabilities {acceptInsecureCerts: false, acceptSslCerts: false, applicationCacheEnabled: false, browserConnectionEnabled: false, browserName: chrome, chrome: {chromedriverVersion: 2.43.600210 (68dcf5eebde371..., userDataDir: C:\Users\Admin\AppData\Loca...}, cssSelectorsEnabled: true, databaseEnabled: false, goog:chromeOptions: {debuggerAddress: localhost:64983}, handlesAlerts: true, hasTouchScreen: false, javascriptEnabled: true, locationContextEnabled: true, mobileEmulationEnabled: false, nativeEvents: true, networkConnectionEnabled: false, pageLoadStrategy: normal, platform: XP, platformName: XP, rotatable: false, setWindowRect: true, takesHeapSnapshot: true, takesScreenshot: true, unexpectedAlertBehaviour: , unhandledPromptBehavior: , version: 70.0.3538.102, webStorageEnabled: true}
Session ID: 9957ce05bdd61724f9fd9986fa52a455)
[[ATTACHMENT|C:\\Users\\Admin\\Desktop\\PKS\\Perkeso Phase A\\Reports\\Workflow\\Update Add New Employee\\20181127_105057\\1543312269149.png]]

2018-11-27 17:51:09 - [TEST_STEP][PASSED] - Statement - out.println(Checker): null

2018-11-27 17:51:09 - [TEST_STEP][FAILED] - Statement - If (Checker == false): Unable to click on object 'Object Repository/Final Object Repo/Landing Page/Select to English' (Root cause: com.kms.katalon.core.webui.exception.WebElementNotFoundException: Web element with id: 'Object Repository/Final Object Repo/Landing Page/Select to English' located by 'By.xpath: //a[@class = 'taglib-language-list-text' and @lang = 'en-US' and (contains(text(), 'EN') or contains(., 'EN'))]' not found)

2018-11-27 17:51:09 - [TEST_STEP][FAILED] - click: Unable to click on object 'Object Repository/Final Object Repo/Landing Page/Select to English' (Root cause: com.kms.katalon.core.webui.exception.WebElementNotFoundException: Web element with id: 'Object Repository/Final Object Repo/Landing Page/Select to English' located by 'By.xpath: //a[@class = 'taglib-language-list-text' and @lang = 'en-US' and (contains(text(), 'EN') or contains(., 'EN'))]' not found)

2018-11-27 17:51:46 - [MESSAGE][FAILED] - Unable to click on object 'Object Repository/Final Object Repo/Landing Page/Select to English' (Root cause: com.kms.katalon.core.webui.exception.WebElementNotFoundException: Web element with id: 'Object Repository/Final Object Repo/Landing Page/Select to English' located by 'By.xpath: //a[@class = 'taglib-language-list-text' and @lang = 'en-US' and (contains(text(), 'EN') or contains(., 'EN'))]' not found)
[[ATTACHMENT|C:\\Users\\Admin\\Desktop\\PKS\\Perkeso Phase A\\Reports\\Workflow\\Update Add New Employee\\20181127_105057\\1543312306331.png]]

2018-11-27 17:51:46 - [TEST_STEP][PASSED] - delay: Delayed 2 second(s)

2018-11-27 17:51:48 - [MESSAGE][PASSED] - Delayed 2 second(s)

2018-11-27 17:51:48 - [TEST_STEP][PASSED] - delay: Delayed 3 second(s)

2018-11-27 17:51:51 - [MESSAGE][PASSED] - Delayed 3 second(s)

2018-11-27 17:51:51 - [TEST_STEP][PASSED] - mouseOver: Object: 'Object Repository/Final Object Repo/Landing Page/WorkFlow Menu' is hovered

2018-11-27 17:51:51 - [MESSAGE][PASSED] - Object: 'Object Repository/Final Object Repo/Landing Page/WorkFlow Menu' is hovered

2018-11-27 17:51:51 - [TEST_STEP][PASSED] - delay: Delayed 2 second(s)

2018-11-27 17:51:53 - [MESSAGE][PASSED] - Delayed 2 second(s)

2018-11-27 17:51:53 - [TEST_STEP][PASSED] - click: Object: 'Object Repository/Final Object Repo/Landing Page/Select to Workflow Listing' is clicked on

2018-11-27 17:51:55 - [MESSAGE][PASSED] - Object: 'Object Repository/Final Object Repo/Landing Page/Select to Workflow Listing' is clicked on

2018-11-27 17:51:55 - [TEST_STEP][PASSED] - delay: Delayed 2 second(s)

2018-11-27 17:51:57 - [MESSAGE][PASSED] - Delayed 2 second(s)

2018-11-27 17:51:57 - [TEST_STEP][PASSED] - click: Object: 'Object Repository/Final Object Repo/WorkFlow Listing Page/Search Information - To Put Ref No' is clicked on

2018-11-27 17:51:57 - [MESSAGE][PASSED] - Object: 'Object Repository/Final Object Repo/WorkFlow Listing Page/Search Information - To Put Ref No' is clicked on

2018-11-27 17:51:57 - [TEST_STEP][PASSED] - delay: Delayed 2 second(s)

2018-11-27 17:51:59 - [MESSAGE][PASSED] - Delayed 2 second(s)

2018-11-27 17:51:59 - [TEST_STEP][PASSED] - callTestCase: Call Test Case 'Test Cases/Final Aug 2018 - PKS Automation/Common/Reference Number Getter' successfully

2018-11-27 17:51:59 - [TEST_CASE][PASSED] - Test Cases/Final Aug 2018 - PKS Automation/Common/Reference Number Getter: Test Cases/Final Aug 2018 - PKS Automation/Common/Reference Number Getter

2018-11-27 17:51:59 - [TEST_STEP][PASSED] - Statement - Try: null

2018-11-27 17:51:59 - [TEST_STEP][PASSED] - Statement - RefNo = new java.io.File(C://Users//Admin//Desktop//PKS//Automation Reference Point//KatalonReference.txt): null

2018-11-27 17:51:59 - [TEST_STEP][PASSED] - Statement - bufferread = new java.io.BufferedReader(new java.io.FileReader(RefNo)): null

2018-11-27 17:51:59 - [TEST_STEP][PASSED] - Statement - readedVal = bufferread.readLine(): null

2018-11-27 17:51:59 - [TEST_STEP][PASSED] - Statement - out.println(CaseReferenceNo): null

2018-11-27 17:51:59 - [TEST_STEP][PASSED] - Statement - out.println(readedVal): null

2018-11-27 17:51:59 - [TEST_STEP][PASSED] - Statement - CaseReferenceNo = "": null

2018-11-27 17:51:59 - [TEST_STEP][PASSED] - Statement - CaseReferenceNo = readedVal: null

2018-11-27 17:51:59 - [MESSAGE][PASSED] - Call Test Case 'Test Cases/Final Aug 2018 - PKS Automation/Common/Reference Number Getter' successfully

2018-11-27 17:51:59 - [TEST_STEP][PASSED] - setText: Text 'CAN11201800002209' is set on object 'Object Repository/Final Object Repo/WorkFlow Listing Page/Ref No Set Text'

2018-11-27 17:51:59 - [MESSAGE][PASSED] - Text 'CAN11201800002209' is set on object 'Object Repository/Final Object Repo/WorkFlow Listing Page/Ref No Set Text'

2018-11-27 17:51:59 - [TEST_STEP][PASSED] - delay: Delayed 2 second(s)

2018-11-27 17:52:01 - [MESSAGE][PASSED] - Delayed 2 second(s)

2018-11-27 17:52:01 - [TEST_STEP][PASSED] - click: Object: 'Object Repository/Final Object Repo/WorkFlow Listing Page/Search Ref No Search Button' is clicked on

2018-11-27 17:52:01 - [MESSAGE][PASSED] - Object: 'Object Repository/Final Object Repo/WorkFlow Listing Page/Search Ref No Search Button' is clicked on

2018-11-27 17:52:01 - [TEST_STEP][PASSED] - delay: Delayed 4 second(s)

2018-11-27 17:52:05 - [MESSAGE][PASSED] - Delayed 4 second(s)

2018-11-27 17:52:05 - [TEST_STEP][PASSED] - click: Object: 'Object Repository/Final Object Repo/WorkFlow Listing Page/Click Continue Tooltip' is clicked on

2018-11-27 17:52:06 - [MESSAGE][PASSED] - Object: 'Object Repository/Final Object Repo/WorkFlow Listing Page/Click Continue Tooltip' is clicked on

2018-11-27 17:52:06 - [TEST_STEP][PASSED] - delay: Delayed 5 second(s)

2018-11-27 17:52:11 - [MESSAGE][PASSED] - Delayed 5 second(s)

2018-11-27 17:52:11 - [TEST_STEP][PASSED] - doubleClick: Object: 'Object Repository/Final Object Repo/WorkFlow Listing Page/Workflow Found - Listing 1' is double clicked on

2018-11-27 17:52:11 - [MESSAGE][PASSED] - Object: 'Object Repository/Final Object Repo/WorkFlow Listing Page/Workflow Found - Listing 1' is double clicked on

2018-11-27 17:52:11 - [TEST_STEP][PASSED] - Statement - println(OwnerID): null

2018-11-27 17:52:11 - [TEST_STEP][PASSED] - Statement - OwnerID = com.kms.katalon.core.webui.keyword.WebUiBuiltInKeywords.getText(com.kms.katalon.core.testobject.ObjectRepository.findTestObject(Final Object Repo/WorkFlow Listing Page/Workflow Found - Listing 1), STOP_ON_FAILURE): Text of object 'Object Repository/Final Object Repo/WorkFlow Listing Page/Workflow Found - Listing 1' is: 'JOHORro2'

2018-11-27 17:52:11 - [MESSAGE][PASSED] - Text of object 'Object Repository/Final Object Repo/WorkFlow Listing Page/Workflow Found - Listing 1' is: 'JOHORro2'

2018-11-27 17:52:11 - [TEST_STEP][PASSED] - Statement - OwnerID = OwnerID.toLowerCase() + "@gmail.com": null

2018-11-27 17:52:11 - [TEST_STEP][PASSED] - Statement - println(OwnerID): null

2018-11-27 17:52:11 - [TEST_STEP][PASSED] - delay: Delayed 2 second(s)

2018-11-27 17:52:13 - [MESSAGE][PASSED] - Delayed 2 second(s)

2018-11-27 17:52:13 - [MESSAGE][FAILED] - Unable to call Test Case with id 'Test Cases/Final Aug 2018 - PKS Automation/Common/Workflow Owner Finder' (Root cause: Call Test Case 'Test Cases/Final Aug 2018 - PKS Automation/Common/Workflow Owner Finder' failed)]]></system-out>
         <system-err><![CDATA[2018-11-27 17:41:18 - [TEST_CASE][FAILED] - Test Cases/Final Aug 2018 - PKS Automation/Registration Module/Workflow/Update Add New Employee/Special Case (PKR BO - RO Under Enforcement): Test Cases/Final Aug 2018 - PKS Automation/Registration Module/Workflow/Update Add New Employee/Special Case (PKR BO - RO Under Enforcement) FAILED because (of) (Stack trace: com.kms.katalon.core.exception.StepFailedException: Unable to click on object 'Object Repository/Final Object Repo/Landing Page/Select to English' (Root cause: com.kms.katalon.core.webui.exception.WebElementNotFoundException: Web element with id: 'Object Repository/Final Object Repo/Landing Page/Select to English' located by 'By.xpath: //a[@class = 'taglib-language-list-text' and @lang = 'en-US' and (contains(text(), 'EN') or contains(., 'EN'))]' not found)
	at com.kms.katalon.core.keyword.internal.KeywordMain.stepFailed(KeywordMain.groovy:32)
	at com.kms.katalon.core.webui.keyword.internal.WebUIKeywordMain.stepFailed(WebUIKeywordMain.groovy:65)
	at com.kms.katalon.core.webui.keyword.internal.WebUIKeywordMain.runKeyword(WebUIKeywordMain.groovy:27)
	at com.kms.katalon.core.webui.keyword.builtin.ClickKeyword.click(ClickKeyword.groovy:86)
	at com.kms.katalon.core.webui.keyword.builtin.ClickKeyword.execute(ClickKeyword.groovy:67)
	at com.kms.katalon.core.keyword.internal.KeywordExecutor.executeKeywordForPlatform(KeywordExecutor.groovy:53)
	at com.kms.katalon.core.webui.keyword.WebUiBuiltInKeywords.click(WebUiBuiltInKeywords.groovy:604)
	at com.kms.katalon.core.webui.keyword.WebUiBuiltInKeywords$click$6.call(Unknown Source)
	at Script1534407542420.run(Script1534407542420.groovy:57)
	at com.kms.katalon.core.main.ScriptEngine.run(ScriptEngine.java:183)
	at com.kms.katalon.core.main.ScriptEngine.runScriptAsRawText(ScriptEngine.java:108)
	at com.kms.katalon.core.main.TestCaseExecutor.runScript(TestCaseExecutor.java:294)
	at com.kms.katalon.core.main.TestCaseExecutor.doExecute(TestCaseExecutor.java:285)
	at com.kms.katalon.core.main.TestCaseExecutor.processExecutionPhase(TestCaseExecutor.java:264)
	at com.kms.katalon.core.main.TestCaseExecutor.accessMainPhase(TestCaseExecutor.java:256)
	at com.kms.katalon.core.main.TestCaseExecutor.execute(TestCaseExecutor.java:200)
	at com.kms.katalon.core.main.TestCaseMain.runTestCase(TestCaseMain.java:99)
	at com.kms.katalon.core.keyword.builtin.CallTestCaseKeyword$_callTestCase_closure1.doCall(CallTestCaseKeyword.groovy:60)
	at com.kms.katalon.core.keyword.builtin.CallTestCaseKeyword$_callTestCase_closure1.call(CallTestCaseKeyword.groovy)
	at com.kms.katalon.core.keyword.internal.KeywordMain.runKeyword(KeywordMain.groovy:54)
	at com.kms.katalon.core.keyword.builtin.CallTestCaseKeyword.callTestCase(CallTestCaseKeyword.groovy:81)
	at com.kms.katalon.core.keyword.builtin.CallTestCaseKeyword.execute(CallTestCaseKeyword.groovy:45)
	at com.kms.katalon.core.keyword.internal.KeywordExecutor.executeKeywordForPlatform(KeywordExecutor.groovy:53)
	at com.kms.katalon.core.keyword.BuiltinKeywords.callTestCase(BuiltinKeywords.groovy:334)
	at sun.reflect.GeneratedMethodAccessor13.invoke(Unknown Source)
	at sun.reflect.DelegatingMethodAccessorImpl.invoke(DelegatingMethodAccessorImpl.java:43)
	at java.lang.reflect.Method.invoke(Method.java:498)
	at org.codehaus.groovy.reflection.CachedMethod.invoke(CachedMethod.java:93)
	at groovy.lang.MetaMethod.doMethodInvoke(MetaMethod.java:325)
	at groovy.lang.MetaClassImpl.invokeStaticMethod(MetaClassImpl.java:1469)
	at org.codehaus.groovy.runtime.callsite.StaticMetaClassSite.call(StaticMetaClassSite.java:53)
	at org.codehaus.groovy.runtime.callsite.CallSiteArray.defaultCall(CallSiteArray.java:48)
	at org.codehaus.groovy.runtime.callsite.AbstractCallSite.call(AbstractCallSite.java:113)
	at org.codehaus.groovy.runtime.callsite.AbstractCallSite.call(AbstractCallSite.java:141)
	at Script1536116240292.run(Script1536116240292.groovy:121)
	at com.kms.katalon.core.main.ScriptEngine.run(ScriptEngine.java:183)
	at com.kms.katalon.core.main.ScriptEngine.runScriptAsRawText(ScriptEngine.java:108)
	at com.kms.katalon.core.main.TestCaseExecutor.runScript(TestCaseExecutor.java:294)
	at com.kms.katalon.core.main.TestCaseExecutor.doExecute(TestCaseExecutor.java:285)
	at com.kms.katalon.core.main.TestCaseExecutor.processExecutionPhase(TestCaseExecutor.java:264)
	at com.kms.katalon.core.main.TestCaseExecutor.accessMainPhase(TestCaseExecutor.java:256)
	at com.kms.katalon.core.main.TestCaseExecutor.execute(TestCaseExecutor.java:200)
	at com.kms.katalon.core.main.TestSuiteExecutor.accessTestCaseMainPhase(TestSuiteExecutor.java:129)
	at com.kms.katalon.core.main.TestSuiteExecutor.accessTestSuiteMainPhase(TestSuiteExecutor.java:112)
	at com.kms.katalon.core.main.TestSuiteExecutor.execute(TestSuiteExecutor.java:81)
	at com.kms.katalon.core.main.TestCaseMain.startTestSuite(TestCaseMain.java:142)
	at com.kms.katalon.core.main.TestCaseMain$startTestSuite$0.call(Unknown Source)
	at org.codehaus.groovy.runtime.callsite.CallSiteArray.defaultCall(CallSiteArray.java:48)
	at org.codehaus.groovy.runtime.callsite.AbstractCallSite.call(AbstractCallSite.java:113)
	at org.codehaus.groovy.runtime.callsite.AbstractCallSite.call(AbstractCallSite.java:141)
	at TempTestSuite1543287057153.run(TempTestSuite1543287057153.groovy:36)
	at groovy.lang.GroovyShell.runScriptOrMainOrTestOrRunnable(GroovyShell.java:263)
	at groovy.lang.GroovyShell.run(GroovyShell.java:518)
	at groovy.lang.GroovyShell.run(GroovyShell.java:507)
	at groovy.ui.GroovyMain.processOnce(GroovyMain.java:653)
	at groovy.ui.GroovyMain.run(GroovyMain.java:384)
	at groovy.ui.GroovyMain.process(GroovyMain.java:370)
	at groovy.ui.GroovyMain.processArgs(GroovyMain.java:129)
	at groovy.ui.GroovyMain.main(GroovyMain.java:109)
	at sun.reflect.NativeMethodAccessorImpl.invoke0(Native Method)
	at sun.reflect.NativeMethodAccessorImpl.invoke(NativeMethodAccessorImpl.java:62)
	at sun.reflect.DelegatingMethodAccessorImpl.invoke(DelegatingMethodAccessorImpl.java:43)
	at java.lang.reflect.Method.invoke(Method.java:498)
	at org.codehaus.groovy.tools.GroovyStarter.rootLoader(GroovyStarter.java:109)
	at org.codehaus.groovy.tools.GroovyStarter.main(GroovyStarter.java:131)
)]]></system-err>
      </testcase>
      <system-out><![CDATA[2018-11-27 15:30:11 - [TEST_SUITE][FAILED] - Update Add New Employee: Test Cases/Final Aug 2018 - PKS Automation/Registration Module/Workflow/Update Add New Employee/Add Employee and Set Incomplete ( OTC - PKRBO) FAILED because (of) (Stack trace: com.kms.katalon.core.exception.StepFailedException: Unable to click on object 'Object Repository/Final Object Repo/Landing Page/Select to English' (Root cause: com.kms.katalon.core.webui.exception.WebElementNotFoundException: Web element with id: 'Object Repository/Final Object Repo/Landing Page/Select to English' located by 'By.xpath: //a[@class = 'taglib-language-list-text' and @lang = 'en-US' and (contains(text(), 'EN') or contains(., 'EN'))]' not found)
	at com.kms.katalon.core.keyword.internal.KeywordMain.stepFailed(KeywordMain.groovy:32)
	at com.kms.katalon.core.webui.keyword.internal.WebUIKeywordMain.stepFailed(WebUIKeywordMain.groovy:65)
	at com.kms.katalon.core.webui.keyword.internal.WebUIKeywordMain.runKeyword(WebUIKeywordMain.groovy:27)
	at com.kms.katalon.core.webui.keyword.builtin.ClickKeyword.click(ClickKeyword.groovy:86)
	at com.kms.katalon.core.webui.keyword.builtin.ClickKeyword.execute(ClickKeyword.groovy:67)
	at com.kms.katalon.core.keyword.internal.KeywordExecutor.executeKeywordForPlatform(KeywordExecutor.groovy:53)
	at com.kms.katalon.core.webui.keyword.WebUiBuiltInKeywords.click(WebUiBuiltInKeywords.groovy:604)
	at com.kms.katalon.core.webui.keyword.WebUiBuiltInKeywords$click$6.call(Unknown Source)
	at org.codehaus.groovy.runtime.callsite.CallSiteArray.defaultCall(CallSiteArray.java:48)
	at org.codehaus.groovy.runtime.callsite.AbstractCallSite.call(AbstractCallSite.java:113)
	at org.codehaus.groovy.runtime.callsite.AbstractCallSite.call(AbstractCallSite.java:133)
	at Script1534407542420.run(Script1534407542420.groovy:57)
	at com.kms.katalon.core.main.ScriptEngine.run(ScriptEngine.java:183)
	at com.kms.katalon.core.main.ScriptEngine.runScriptAsRawText(ScriptEngine.java:108)
	at com.kms.katalon.core.main.TestCaseExecutor.runScript(TestCaseExecutor.java:294)
	at com.kms.katalon.core.main.TestCaseExecutor.doExecute(TestCaseExecutor.java:285)
	at com.kms.katalon.core.main.TestCaseExecutor.processExecutionPhase(TestCaseExecutor.java:264)
	at com.kms.katalon.core.main.TestCaseExecutor.accessMainPhase(TestCaseExecutor.java:256)
	at com.kms.katalon.core.main.TestCaseExecutor.execute(TestCaseExecutor.java:200)
	at com.kms.katalon.core.main.TestCaseMain.runTestCase(TestCaseMain.java:99)
	at com.kms.katalon.core.keyword.builtin.CallTestCaseKeyword$_callTestCase_closure1.doCall(CallTestCaseKeyword.groovy:60)
	at com.kms.katalon.core.keyword.builtin.CallTestCaseKeyword$_callTestCase_closure1.call(CallTestCaseKeyword.groovy)
	at com.kms.katalon.core.keyword.internal.KeywordMain.runKeyword(KeywordMain.groovy:54)
	at com.kms.katalon.core.keyword.builtin.CallTestCaseKeyword.callTestCase(CallTestCaseKeyword.groovy:81)
	at com.kms.katalon.core.keyword.builtin.CallTestCaseKeyword.execute(CallTestCaseKeyword.groovy:45)
	at com.kms.katalon.core.keyword.internal.KeywordExecutor.executeKeywordForPlatform(KeywordExecutor.groovy:53)
	at com.kms.katalon.core.keyword.BuiltinKeywords.callTestCase(BuiltinKeywords.groovy:334)
	at sun.reflect.NativeMethodAccessorImpl.invoke0(Native Method)
	at sun.reflect.NativeMethodAccessorImpl.invoke(NativeMethodAccessorImpl.java:62)
	at sun.reflect.DelegatingMethodAccessorImpl.invoke(DelegatingMethodAccessorImpl.java:43)
	at java.lang.reflect.Method.invoke(Method.java:498)
	at org.codehaus.groovy.reflection.CachedMethod.invoke(CachedMethod.java:93)
	at groovy.lang.MetaMethod.doMethodInvoke(MetaMethod.java:325)
	at groovy.lang.MetaClassImpl.invokeStaticMethod(MetaClassImpl.java:1469)
	at org.codehaus.groovy.runtime.callsite.StaticMetaClassSite.call(StaticMetaClassSite.java:53)
	at org.codehaus.groovy.runtime.callsite.CallSiteArray.defaultCall(CallSiteArray.java:48)
	at org.codehaus.groovy.runtime.callsite.AbstractCallSite.call(AbstractCallSite.java:113)
	at org.codehaus.groovy.runtime.callsite.AbstractCallSite.call(AbstractCallSite.java:141)
	at Script1535947244917.run(Script1535947244917.groovy:131)
	at com.kms.katalon.core.main.ScriptEngine.run(ScriptEngine.java:183)
	at com.kms.katalon.core.main.ScriptEngine.runScriptAsRawText(ScriptEngine.java:108)
	at com.kms.katalon.core.main.TestCaseExecutor.runScript(TestCaseExecutor.java:294)
	at com.kms.katalon.core.main.TestCaseExecutor.doExecute(TestCaseExecutor.java:285)
	at com.kms.katalon.core.main.TestCaseExecutor.processExecutionPhase(TestCaseExecutor.java:264)
	at com.kms.katalon.core.main.TestCaseExecutor.accessMainPhase(TestCaseExecutor.java:256)
	at com.kms.katalon.core.main.TestCaseExecutor.execute(TestCaseExecutor.java:200)
	at com.kms.katalon.core.main.TestSuiteExecutor.accessTestCaseMainPhase(TestSuiteExecutor.java:129)
	at com.kms.katalon.core.main.TestSuiteExecutor.accessTestSuiteMainPhase(TestSuiteExecutor.java:112)
	at com.kms.katalon.core.main.TestSuiteExecutor.execute(TestSuiteExecutor.java:81)
	at com.kms.katalon.core.main.TestCaseMain.startTestSuite(TestCaseMain.java:142)
	at com.kms.katalon.core.main.TestCaseMain$startTestSuite$0.call(Unknown Source)
	at org.codehaus.groovy.runtime.callsite.CallSiteArray.defaultCall(CallSiteArray.java:48)
	at org.codehaus.groovy.runtime.callsite.AbstractCallSite.call(AbstractCallSite.java:113)
	at org.codehaus.groovy.runtime.callsite.AbstractCallSite.call(AbstractCallSite.java:141)
	at TempTestSuite1543287057153.run(TempTestSuite1543287057153.groovy:36)
	at groovy.lang.GroovyShell.runScriptOrMainOrTestOrRunnable(GroovyShell.java:263)
	at groovy.lang.GroovyShell.run(GroovyShell.java:518)
	at groovy.lang.GroovyShell.run(GroovyShell.java:507)
	at groovy.ui.GroovyMain.processOnce(GroovyMain.java:653)
	at groovy.ui.GroovyMain.run(GroovyMain.java:384)
	at groovy.ui.GroovyMain.process(GroovyMain.java:370)
	at groovy.ui.GroovyMain.processArgs(GroovyMain.java:129)
	at groovy.ui.GroovyMain.main(GroovyMain.java:109)
	at sun.reflect.NativeMethodAccessorImpl.invoke0(Native Method)
	at sun.reflect.NativeMethodAccessorImpl.invoke(NativeMethodAccessorImpl.java:62)
	at sun.reflect.DelegatingMethodAccessorImpl.invoke(DelegatingMethodAccessorImpl.java:43)
	at java.lang.reflect.Method.invoke(Method.java:498)
	at org.codehaus.groovy.tools.GroovyStarter.rootLoader(GroovyStarter.java:109)
	at org.codehaus.groovy.tools.GroovyStarter.main(GroovyStarter.java:131)
)]]></system-out>
      <system-err><![CDATA[2018-11-27 15:30:11 - [TEST_SUITE][FAILED] - Update Add New Employee: Test Cases/Final Aug 2018 - PKS Automation/Registration Module/Workflow/Update Add New Employee/Add Employee and Set Incomplete ( OTC - PKRBO) FAILED because (of) (Stack trace: com.kms.katalon.core.exception.StepFailedException: Unable to click on object 'Object Repository/Final Object Repo/Landing Page/Select to English' (Root cause: com.kms.katalon.core.webui.exception.WebElementNotFoundException: Web element with id: 'Object Repository/Final Object Repo/Landing Page/Select to English' located by 'By.xpath: //a[@class = 'taglib-language-list-text' and @lang = 'en-US' and (contains(text(), 'EN') or contains(., 'EN'))]' not found)
	at com.kms.katalon.core.keyword.internal.KeywordMain.stepFailed(KeywordMain.groovy:32)
	at com.kms.katalon.core.webui.keyword.internal.WebUIKeywordMain.stepFailed(WebUIKeywordMain.groovy:65)
	at com.kms.katalon.core.webui.keyword.internal.WebUIKeywordMain.runKeyword(WebUIKeywordMain.groovy:27)
	at com.kms.katalon.core.webui.keyword.builtin.ClickKeyword.click(ClickKeyword.groovy:86)
	at com.kms.katalon.core.webui.keyword.builtin.ClickKeyword.execute(ClickKeyword.groovy:67)
	at com.kms.katalon.core.keyword.internal.KeywordExecutor.executeKeywordForPlatform(KeywordExecutor.groovy:53)
	at com.kms.katalon.core.webui.keyword.WebUiBuiltInKeywords.click(WebUiBuiltInKeywords.groovy:604)
	at com.kms.katalon.core.webui.keyword.WebUiBuiltInKeywords$click$6.call(Unknown Source)
	at org.codehaus.groovy.runtime.callsite.CallSiteArray.defaultCall(CallSiteArray.java:48)
	at org.codehaus.groovy.runtime.callsite.AbstractCallSite.call(AbstractCallSite.java:113)
	at org.codehaus.groovy.runtime.callsite.AbstractCallSite.call(AbstractCallSite.java:133)
	at Script1534407542420.run(Script1534407542420.groovy:57)
	at com.kms.katalon.core.main.ScriptEngine.run(ScriptEngine.java:183)
	at com.kms.katalon.core.main.ScriptEngine.runScriptAsRawText(ScriptEngine.java:108)
	at com.kms.katalon.core.main.TestCaseExecutor.runScript(TestCaseExecutor.java:294)
	at com.kms.katalon.core.main.TestCaseExecutor.doExecute(TestCaseExecutor.java:285)
	at com.kms.katalon.core.main.TestCaseExecutor.processExecutionPhase(TestCaseExecutor.java:264)
	at com.kms.katalon.core.main.TestCaseExecutor.accessMainPhase(TestCaseExecutor.java:256)
	at com.kms.katalon.core.main.TestCaseExecutor.execute(TestCaseExecutor.java:200)
	at com.kms.katalon.core.main.TestCaseMain.runTestCase(TestCaseMain.java:99)
	at com.kms.katalon.core.keyword.builtin.CallTestCaseKeyword$_callTestCase_closure1.doCall(CallTestCaseKeyword.groovy:60)
	at com.kms.katalon.core.keyword.builtin.CallTestCaseKeyword$_callTestCase_closure1.call(CallTestCaseKeyword.groovy)
	at com.kms.katalon.core.keyword.internal.KeywordMain.runKeyword(KeywordMain.groovy:54)
	at com.kms.katalon.core.keyword.builtin.CallTestCaseKeyword.callTestCase(CallTestCaseKeyword.groovy:81)
	at com.kms.katalon.core.keyword.builtin.CallTestCaseKeyword.execute(CallTestCaseKeyword.groovy:45)
	at com.kms.katalon.core.keyword.internal.KeywordExecutor.executeKeywordForPlatform(KeywordExecutor.groovy:53)
	at com.kms.katalon.core.keyword.BuiltinKeywords.callTestCase(BuiltinKeywords.groovy:334)
	at sun.reflect.NativeMethodAccessorImpl.invoke0(Native Method)
	at sun.reflect.NativeMethodAccessorImpl.invoke(NativeMethodAccessorImpl.java:62)
	at sun.reflect.DelegatingMethodAccessorImpl.invoke(DelegatingMethodAccessorImpl.java:43)
	at java.lang.reflect.Method.invoke(Method.java:498)
	at org.codehaus.groovy.reflection.CachedMethod.invoke(CachedMethod.java:93)
	at groovy.lang.MetaMethod.doMethodInvoke(MetaMethod.java:325)
	at groovy.lang.MetaClassImpl.invokeStaticMethod(MetaClassImpl.java:1469)
	at org.codehaus.groovy.runtime.callsite.StaticMetaClassSite.call(StaticMetaClassSite.java:53)
	at org.codehaus.groovy.runtime.callsite.CallSiteArray.defaultCall(CallSiteArray.java:48)
	at org.codehaus.groovy.runtime.callsite.AbstractCallSite.call(AbstractCallSite.java:113)
	at org.codehaus.groovy.runtime.callsite.AbstractCallSite.call(AbstractCallSite.java:141)
	at Script1535947244917.run(Script1535947244917.groovy:131)
	at com.kms.katalon.core.main.ScriptEngine.run(ScriptEngine.java:183)
	at com.kms.katalon.core.main.ScriptEngine.runScriptAsRawText(ScriptEngine.java:108)
	at com.kms.katalon.core.main.TestCaseExecutor.runScript(TestCaseExecutor.java:294)
	at com.kms.katalon.core.main.TestCaseExecutor.doExecute(TestCaseExecutor.java:285)
	at com.kms.katalon.core.main.TestCaseExecutor.processExecutionPhase(TestCaseExecutor.java:264)
	at com.kms.katalon.core.main.TestCaseExecutor.accessMainPhase(TestCaseExecutor.java:256)
	at com.kms.katalon.core.main.TestCaseExecutor.execute(TestCaseExecutor.java:200)
	at com.kms.katalon.core.main.TestSuiteExecutor.accessTestCaseMainPhase(TestSuiteExecutor.java:129)
	at com.kms.katalon.core.main.TestSuiteExecutor.accessTestSuiteMainPhase(TestSuiteExecutor.java:112)
	at com.kms.katalon.core.main.TestSuiteExecutor.execute(TestSuiteExecutor.java:81)
	at com.kms.katalon.core.main.TestCaseMain.startTestSuite(TestCaseMain.java:142)
	at com.kms.katalon.core.main.TestCaseMain$startTestSuite$0.call(Unknown Source)
	at org.codehaus.groovy.runtime.callsite.CallSiteArray.defaultCall(CallSiteArray.java:48)
	at org.codehaus.groovy.runtime.callsite.AbstractCallSite.call(AbstractCallSite.java:113)
	at org.codehaus.groovy.runtime.callsite.AbstractCallSite.call(AbstractCallSite.java:141)
	at TempTestSuite1543287057153.run(TempTestSuite1543287057153.groovy:36)
	at groovy.lang.GroovyShell.runScriptOrMainOrTestOrRunnable(GroovyShell.java:263)
	at groovy.lang.GroovyShell.run(GroovyShell.java:518)
	at groovy.lang.GroovyShell.run(GroovyShell.java:507)
	at groovy.ui.GroovyMain.processOnce(GroovyMain.java:653)
	at groovy.ui.GroovyMain.run(GroovyMain.java:384)
	at groovy.ui.GroovyMain.process(GroovyMain.java:370)
	at groovy.ui.GroovyMain.processArgs(GroovyMain.java:129)
	at groovy.ui.GroovyMain.main(GroovyMain.java:109)
	at sun.reflect.NativeMethodAccessorImpl.invoke0(Native Method)
	at sun.reflect.NativeMethodAccessorImpl.invoke(NativeMethodAccessorImpl.java:62)
	at sun.reflect.DelegatingMethodAccessorImpl.invoke(DelegatingMethodAccessorImpl.java:43)
	at java.lang.reflect.Method.invoke(Method.java:498)
	at org.codehaus.groovy.tools.GroovyStarter.rootLoader(GroovyStarter.java:109)
	at org.codehaus.groovy.tools.GroovyStarter.main(GroovyStarter.java:131)
)]]></system-err>
   </testsuite>
</testsuites>
