<?xml version="1.0" encoding="UTF-8"?>
<testsuites name="Form 1A - Cessation as Employer" time="4177" tests="12" failures="0" errors="0">
   <testsuite name="Form 1A - Cessation as Employer" tests="12" failures="0" errors="0" time="4177" timestamp="2018-12-06 19:30:43" hostname="Admin - Win7Test02" id="Test Suites/Workflow/Form 1A - Cessation as Employer">
      <properties>
         <property name="deviceName" value=""/>
         <property name="devicePlatform" value=""/>
         <property name="logFolder" value="C:\\Users\\Admin\\Desktop\\PKS\\Perkeso Phase A\\Reports\\Workflow\\Form 1A - Cessation as Employer\\20181206_171414"/>
         <property name="logFiles" value="C:\\Users\\Admin\\Desktop\\PKS\\Perkeso Phase A\\Reports\\Workflow\\Form 1A - Cessation as Employer\\20181206_171414\\execution0.log"/>
         <property name="attachments" value=""/>
         <property name="hostName" value="Admin - Win7Test02"/>
         <property name="os" value="Windows 7 64bit"/>
         <property name="katalonVersion" value="5.8.6.1"/>
         <property name="browser" value="Chrome 70.0.3538.110"/>
         <property name="hostAddress" value="10.20.3.72"/>
         <property name="sessionId" value="72e689057390cd91dd4b1053fac5a397"/>
         <property name="seleniumVersion" value="3.7.1"/>
         <property name="proxyInformation" value="ProxyInformation{proxyOption=NO_PROXY, proxyServerType=HTTP, password=, proxyServerAddress=, proxyServerPort=0}"/>
         <property name="platform" value="Windows 7"/>
      </properties>
      <testcase name="Test Cases/Final Aug 2018 - PKS Automation/Registration Module/Workflow/Form 1A - Cessation As Employer/Employer to UO (Approve)" classname="Test Cases/Final Aug 2018 - PKS Automation/Registration Module/Workflow/Form 1A - Cessation As Employer/Employer to UO (Approve)" status="PASSED">
         <system-out><![CDATA[2018-12-06 19:30:44 - [TEST_CASE][PASSED] - Test Cases/Final Aug 2018 - PKS Automation/Registration Module/Workflow/Form 1A - Cessation As Employer/Employer to UO (Approve): Test Cases/Final Aug 2018 - PKS Automation/Registration Module/Workflow/Form 1A - Cessation As Employer/Employer to UO (Approve)

2018-12-06 19:30:44 - [TEST_STEP][PASSED] - callTestCase: Call Test Case 'Test Cases/Final Aug 2018 - PKS Automation/Registration Module/Workflow/Form 1A - Cessation As Employer/Template/Form 1 A - Cessation As Employer (Employer)' successfully

2018-12-06 19:30:44 - [TEST_CASE][PASSED] - Test Cases/Final Aug 2018 - PKS Automation/Registration Module/Workflow/Form 1A - Cessation As Employer/Template/Form 1 A - Cessation As Employer (Employer): Test Cases/Final Aug 2018 - PKS Automation/Registration Module/Workflow/Form 1A - Cessation As Employer/Template/Form 1 A - Cessation As Employer (Employer)

2018-12-06 19:30:45 - [TEST_STEP][PASSED] - callTestCase: Call Test Case 'Test Cases/Final Aug 2018 - PKS Automation/Registration Module/Workflow/Update Add New Employee/Template/New Company for Update Add New - Employer' successfully

2018-12-06 19:30:45 - [TEST_CASE][PASSED] - Test Cases/Final Aug 2018 - PKS Automation/Registration Module/Workflow/Update Add New Employee/Template/New Company for Update Add New - Employer: Test Cases/Final Aug 2018 - PKS Automation/Registration Module/Workflow/Update Add New Employee/Template/New Company for Update Add New - Employer

2018-12-06 19:30:45 - [TEST_STEP][PASSED] - callTestCase: Call Test Case 'Test Cases/Final Aug 2018 - PKS Automation/Create Employer Acc/Create Employer Account' successfully

2018-12-06 19:30:45 - [TEST_CASE][PASSED] - Test Cases/Final Aug 2018 - PKS Automation/Create Employer Acc/Create Employer Account: Test Cases/Final Aug 2018 - PKS Automation/Create Employer Acc/Create Employer Account

2018-12-06 19:30:45 - [TEST_STEP][PASSED] - callTestCase: Call Test Case 'Test Cases/Final Aug 2018 - PKS Automation/Create Employer Acc/Template/Register Employer' successfully

2018-12-06 19:30:45 - [TEST_CASE][PASSED] - Test Cases/Final Aug 2018 - PKS Automation/Create Employer Acc/Template/Register Employer: Test Cases/Final Aug 2018 - PKS Automation/Create Employer Acc/Template/Register Employer

2018-12-06 19:30:46 - [TEST_STEP][PASSED] - openBrowser: Browser is opened with url: ''

2018-12-06 19:30:50 - [MESSAGE][PASSED] - Browser is opened with url: ''

2018-12-06 19:30:50 - [TEST_STEP][PASSED] - navigateToUrl: Navigate to 'https://assist2-uat.perkeso.gov.my/login' successfully

2018-12-06 19:30:51 - [MESSAGE][PASSED] - Navigate to 'https://assist2-uat.perkeso.gov.my/login' successfully

2018-12-06 19:30:51 - [TEST_STEP][PASSED] - setText: Text 'johorotc1@gmail.com' is set on object 'Object Repository/Final Object Repo/Login Page/Internal User/Email Address'

2018-12-06 19:30:51 - [MESSAGE][PASSED] - Text 'johorotc1@gmail.com' is set on object 'Object Repository/Final Object Repo/Login Page/Internal User/Email Address'

2018-12-06 19:30:51 - [TEST_STEP][PASSED] - click: Object: 'Object Repository/Final Object Repo/Login Page/Internal User/Next Button' is clicked on

2018-12-06 19:30:51 - [MESSAGE][PASSED] - Object: 'Object Repository/Final Object Repo/Login Page/Internal User/Next Button' is clicked on

2018-12-06 19:30:51 - [TEST_STEP][PASSED] - delay: Delayed 1 second(s)

2018-12-06 19:30:52 - [MESSAGE][PASSED] - Delayed 1 second(s)

2018-12-06 19:30:52 - [TEST_STEP][PASSED] - setEncryptedText: Text ****** has been set on object 'Object Repository/Final Object Repo/Login Page/Internal User/Password'

2018-12-06 19:30:53 - [MESSAGE][PASSED] - Text ****** has been set on object 'Object Repository/Final Object Repo/Login Page/Internal User/Password'

2018-12-06 19:30:53 - [TEST_STEP][PASSED] - click: Object: 'Object Repository/Final Object Repo/Login Page/Internal User/Login Button' is clicked on

2018-12-06 19:30:53 - [MESSAGE][PASSED] - Object: 'Object Repository/Final Object Repo/Login Page/Internal User/Login Button' is clicked on

2018-12-06 19:30:53 - [TEST_STEP][PASSED] - delay: Delayed 1 second(s)

2018-12-06 19:30:54 - [MESSAGE][PASSED] - Delayed 1 second(s)

2018-12-06 19:30:54 - [TEST_STEP][PASSED] - navigateToUrl: Navigate to 'https://assist2-uat.perkeso.gov.my/web/base/portal-id/registration' successfully

2018-12-06 19:30:56 - [MESSAGE][PASSED] - Navigate to 'https://assist2-uat.perkeso.gov.my/web/base/portal-id/registration' successfully

2018-12-06 19:30:56 - [TEST_STEP][PASSED] - setText: Text 'AUTOMATION EMPLOYER' is set on object 'Object Repository/Final Object Repo/Creating Employer Account/Page_Registration - ASSIST (Base)/Employer Name'

2018-12-06 19:30:56 - [MESSAGE][PASSED] - Text 'AUTOMATION EMPLOYER' is set on object 'Object Repository/Final Object Repo/Creating Employer Account/Page_Registration - ASSIST (Base)/Employer Name'

2018-12-06 19:30:56 - [TEST_STEP][PASSED] - delay: Delayed 2 second(s)

2018-12-06 19:30:58 - [MESSAGE][PASSED] - Delayed 2 second(s)

2018-12-06 19:30:58 - [TEST_STEP][PASSED] - click: Object: 'Object Repository/Final Object Repo/Creating Employer Account/Page_Registration - ASSIST (Base)/Registration Type' is clicked on

2018-12-06 19:30:59 - [MESSAGE][PASSED] - Object: 'Object Repository/Final Object Repo/Creating Employer Account/Page_Registration - ASSIST (Base)/Registration Type' is clicked on

2018-12-06 19:30:59 - [TEST_STEP][PASSED] - delay: Delayed 2 second(s)

2018-12-06 19:31:01 - [MESSAGE][PASSED] - Delayed 2 second(s)

2018-12-06 19:31:01 - [TEST_STEP][PASSED] - click: Object: 'Object Repository/Final Object Repo/Creating Employer Account/Page_Registration - ASSIST (Base)/Registration Type - Registration No' is clicked on

2018-12-06 19:31:01 - [MESSAGE][PASSED] - Object: 'Object Repository/Final Object Repo/Creating Employer Account/Page_Registration - ASSIST (Base)/Registration Type - Registration No' is clicked on

2018-12-06 19:31:01 - [TEST_STEP][PASSED] - delay: Delayed 2 second(s)

2018-12-06 19:31:03 - [MESSAGE][PASSED] - Delayed 2 second(s)

2018-12-06 19:31:03 - [TEST_STEP][PASSED] - setText: Text '1234567890' is set on object 'Object Repository/Final Object Repo/Creating Employer Account/Page_Registration - ASSIST (Base)/Registration Number'

2018-12-06 19:31:03 - [MESSAGE][PASSED] - Text '1234567890' is set on object 'Object Repository/Final Object Repo/Creating Employer Account/Page_Registration - ASSIST (Base)/Registration Number'

2018-12-06 19:31:03 - [TEST_STEP][PASSED] - delay: Delayed 2 second(s)

2018-12-06 19:31:05 - [MESSAGE][PASSED] - Delayed 2 second(s)

2018-12-06 19:31:05 - [TEST_STEP][PASSED] - setText: Text 'ADDRESS 1' is set on object 'Object Repository/Final Object Repo/Creating Employer Account/Page_Registration - ASSIST (Base)/Postal Address 1'

2018-12-06 19:31:05 - [MESSAGE][PASSED] - Text 'ADDRESS 1' is set on object 'Object Repository/Final Object Repo/Creating Employer Account/Page_Registration - ASSIST (Base)/Postal Address 1'

2018-12-06 19:31:05 - [TEST_STEP][PASSED] - setText: Text 'ADDRESS 2' is set on object 'Object Repository/Final Object Repo/Creating Employer Account/Page_Registration - ASSIST (Base)/Postal Address 2'

2018-12-06 19:31:06 - [MESSAGE][PASSED] - Text 'ADDRESS 2' is set on object 'Object Repository/Final Object Repo/Creating Employer Account/Page_Registration - ASSIST (Base)/Postal Address 2'

2018-12-06 19:31:06 - [TEST_STEP][PASSED] - click: Object: 'Object Repository/Final Object Repo/Creating Employer Account/Page_Registration - ASSIST (Base)/State' is clicked on

2018-12-06 19:31:06 - [MESSAGE][PASSED] - Object: 'Object Repository/Final Object Repo/Creating Employer Account/Page_Registration - ASSIST (Base)/State' is clicked on

2018-12-06 19:31:06 - [TEST_STEP][PASSED] - delay: Delayed 2 second(s)

2018-12-06 19:31:08 - [MESSAGE][PASSED] - Delayed 2 second(s)

2018-12-06 19:31:08 - [TEST_STEP][PASSED] - click: Object: 'Object Repository/Final Object Repo/Creating Employer Account/Page_Registration - ASSIST (Base)/State - Johor' is clicked on

2018-12-06 19:31:08 - [MESSAGE][PASSED] - Object: 'Object Repository/Final Object Repo/Creating Employer Account/Page_Registration - ASSIST (Base)/State - Johor' is clicked on

2018-12-06 19:31:08 - [TEST_STEP][PASSED] - delay: Delayed 2 second(s)

2018-12-06 19:31:10 - [MESSAGE][PASSED] - Delayed 2 second(s)

2018-12-06 19:31:10 - [TEST_STEP][PASSED] - click: Object: 'Object Repository/Final Object Repo/Creating Employer Account/Page_Registration - ASSIST (Base)/City' is clicked on

2018-12-06 19:31:10 - [MESSAGE][PASSED] - Object: 'Object Repository/Final Object Repo/Creating Employer Account/Page_Registration - ASSIST (Base)/City' is clicked on

2018-12-06 19:31:10 - [TEST_STEP][PASSED] - delay: Delayed 2 second(s)

2018-12-06 19:31:12 - [MESSAGE][PASSED] - Delayed 2 second(s)

2018-12-06 19:31:12 - [TEST_STEP][PASSED] - setText: Text 'joh' is set on object 'Object Repository/Final Object Repo/Creating Employer Account/Page_Registration - ASSIST (Base)/City - joh'

2018-12-06 19:31:12 - [MESSAGE][PASSED] - Text 'joh' is set on object 'Object Repository/Final Object Repo/Creating Employer Account/Page_Registration - ASSIST (Base)/City - joh'

2018-12-06 19:31:12 - [TEST_STEP][PASSED] - delay: Delayed 2 second(s)

2018-12-06 19:31:14 - [MESSAGE][PASSED] - Delayed 2 second(s)

2018-12-06 19:31:14 - [TEST_STEP][PASSED] - click: Object: 'Object Repository/Final Object Repo/Creating Employer Account/Page_Registration - ASSIST (Base)/City - Johor Bharu' is clicked on

2018-12-06 19:31:15 - [MESSAGE][PASSED] - Object: 'Object Repository/Final Object Repo/Creating Employer Account/Page_Registration - ASSIST (Base)/City - Johor Bharu' is clicked on

2018-12-06 19:31:15 - [TEST_STEP][PASSED] - delay: Delayed 2 second(s)

2018-12-06 19:31:17 - [MESSAGE][PASSED] - Delayed 2 second(s)

2018-12-06 19:31:17 - [TEST_STEP][PASSED] - click: Object: 'Object Repository/Final Object Repo/Creating Employer Account/Page_Registration - ASSIST (Base)/Post Code' is clicked on

2018-12-06 19:31:17 - [MESSAGE][PASSED] - Object: 'Object Repository/Final Object Repo/Creating Employer Account/Page_Registration - ASSIST (Base)/Post Code' is clicked on

2018-12-06 19:31:17 - [TEST_STEP][PASSED] - delay: Delayed 2 second(s)

2018-12-06 19:31:19 - [MESSAGE][PASSED] - Delayed 2 second(s)

2018-12-06 19:31:19 - [TEST_STEP][PASSED] - setText: Text '810' is set on object 'Object Repository/Final Object Repo/Creating Employer Account/Page_Registration - ASSIST (Base)/Post Code - 810'

2018-12-06 19:31:19 - [MESSAGE][PASSED] - Text '810' is set on object 'Object Repository/Final Object Repo/Creating Employer Account/Page_Registration - ASSIST (Base)/Post Code - 810'

2018-12-06 19:31:19 - [TEST_STEP][PASSED] - delay: Delayed 2 second(s)

2018-12-06 19:31:21 - [MESSAGE][PASSED] - Delayed 2 second(s)

2018-12-06 19:31:21 - [TEST_STEP][PASSED] - click: Object: 'Object Repository/Final Object Repo/Creating Employer Account/Page_Registration - ASSIST (Base)/Post Code - 81000' is clicked on

2018-12-06 19:31:21 - [MESSAGE][PASSED] - Object: 'Object Repository/Final Object Repo/Creating Employer Account/Page_Registration - ASSIST (Base)/Post Code - 81000' is clicked on

2018-12-06 19:31:21 - [TEST_STEP][PASSED] - delay: Delayed 2 second(s)

2018-12-06 19:31:23 - [MESSAGE][PASSED] - Delayed 2 second(s)

2018-12-06 19:31:23 - [TEST_STEP][PASSED] - setText: Text 'PERKESO' is set on object 'Object Repository/Final Object Repo/Creating Employer Account/Page_Registration - ASSIST (Base)/Full Name'

2018-12-06 19:31:24 - [MESSAGE][PASSED] - Text 'PERKESO' is set on object 'Object Repository/Final Object Repo/Creating Employer Account/Page_Registration - ASSIST (Base)/Full Name'

2018-12-06 19:31:24 - [TEST_STEP][PASSED] - Statement - rnd = new java.util.Random(): null

2018-12-06 19:31:24 - [TEST_STEP][PASSED] - Statement - snum = rnd.nextInt(899999 + 1) + 100000: null

2018-12-06 19:31:24 - [TEST_STEP][PASSED] - Statement - tnum = rnd.nextInt(899999 + 1) + 100000: null

2018-12-06 19:31:24 - [TEST_STEP][PASSED] - Statement - IC = java.lang.Integer.toString(snum) + java.lang.Integer.toString(tnum): null

2018-12-06 19:31:24 - [TEST_STEP][PASSED] - Statement - out.println(IC): null

2018-12-06 19:31:24 - [TEST_STEP][PASSED] - setText: Text '702740910432' is set on object 'Object Repository/Final Object Repo/Creating Employer Account/Page_Registration - ASSIST (Base)/Identification Number'

2018-12-06 19:31:24 - [MESSAGE][PASSED] - Text '702740910432' is set on object 'Object Repository/Final Object Repo/Creating Employer Account/Page_Registration - ASSIST (Base)/Identification Number'

2018-12-06 19:31:24 - [TEST_STEP][PASSED] - delay: Delayed 2 second(s)

2018-12-06 19:31:26 - [MESSAGE][PASSED] - Delayed 2 second(s)

2018-12-06 19:31:26 - [TEST_STEP][PASSED] - setText: Text '123456789012' is set on object 'Object Repository/Final Object Repo/Creating Employer Account/Page_Registration - ASSIST (Base)/Contact Number'

2018-12-06 19:31:26 - [MESSAGE][PASSED] - Text '123456789012' is set on object 'Object Repository/Final Object Repo/Creating Employer Account/Page_Registration - ASSIST (Base)/Contact Number'

2018-12-06 19:31:26 - [TEST_STEP][PASSED] - Statement - Email = "perkeso" + IC + "@gmail.com": null

2018-12-06 19:31:26 - [TEST_STEP][PASSED] - delay: Delayed 2 second(s)

2018-12-06 19:31:28 - [MESSAGE][PASSED] - Delayed 2 second(s)

2018-12-06 19:31:28 - [TEST_STEP][PASSED] - callTestCase: Call Test Case 'Test Cases/Final Aug 2018 - PKS Automation/Create Employer Acc/Template/Employer Email Settler' successfully

2018-12-06 19:31:28 - [TEST_CASE][PASSED] - Test Cases/Final Aug 2018 - PKS Automation/Create Employer Acc/Template/Employer Email Settler: Test Cases/Final Aug 2018 - PKS Automation/Create Employer Acc/Template/Employer Email Settler

2018-12-06 19:31:29 - [TEST_STEP][PASSED] - Statement - EmpEmailOld = new java.io.File(C://Users//Admin//Desktop//PKS//Automation Reference Point//EmpEmail.txt): null

2018-12-06 19:31:29 - [TEST_STEP][PASSED] - Statement - EmpEmailOld.delete(): null

2018-12-06 19:31:29 - [TEST_STEP][PASSED] - delay: Delayed 5 second(s)

2018-12-06 19:31:34 - [MESSAGE][PASSED] - Delayed 5 second(s)

2018-12-06 19:31:34 - [TEST_STEP][PASSED] - Statement - EmpEmail = new java.io.File(C://Users//Admin//Desktop//PKS//Automation Reference Point//EmpEmail.txt): null

2018-12-06 19:31:34 - [TEST_STEP][PASSED] - Statement - f2 = new java.io.FileWriter(EmpEmail, false): null

2018-12-06 19:31:34 - [TEST_STEP][PASSED] - Statement - f2.write(Email): null

2018-12-06 19:31:34 - [TEST_STEP][PASSED] - Statement - f2.close(): null

2018-12-06 19:31:34 - [TEST_STEP][PASSED] - Statement - out.println(Email): null

2018-12-06 19:31:34 - [MESSAGE][PASSED] - Call Test Case 'Test Cases/Final Aug 2018 - PKS Automation/Create Employer Acc/Template/Employer Email Settler' successfully

2018-12-06 19:31:34 - [TEST_STEP][PASSED] - delay: Delayed 2 second(s)

2018-12-06 19:31:36 - [MESSAGE][PASSED] - Delayed 2 second(s)

2018-12-06 19:31:36 - [TEST_STEP][PASSED] - setText: Text 'perkeso702740910432@gmail.com' is set on object 'Object Repository/Final Object Repo/Creating Employer Account/Page_Registration - ASSIST (Base)/Email'

2018-12-06 19:31:36 - [MESSAGE][PASSED] - Text 'perkeso702740910432@gmail.com' is set on object 'Object Repository/Final Object Repo/Creating Employer Account/Page_Registration - ASSIST (Base)/Email'

2018-12-06 19:31:36 - [TEST_STEP][PASSED] - setText: Text '123' is set on object 'Object Repository/Final Object Repo/Creating Employer Account/Page_Registration - ASSIST (Base)/Security Phase'

2018-12-06 19:31:37 - [MESSAGE][PASSED] - Text '123' is set on object 'Object Repository/Final Object Repo/Creating Employer Account/Page_Registration - ASSIST (Base)/Security Phase'

2018-12-06 19:31:37 - [TEST_STEP][PASSED] - click: Object: 'Object Repository/Final Object Repo/Creating Employer Account/Page_Registration - ASSIST (Base)/Save  Continue' is clicked on

2018-12-06 19:31:37 - [MESSAGE][PASSED] - Object: 'Object Repository/Final Object Repo/Creating Employer Account/Page_Registration - ASSIST (Base)/Save  Continue' is clicked on

2018-12-06 19:31:37 - [TEST_STEP][PASSED] - delay: Delayed 2 second(s)

2018-12-06 19:31:39 - [MESSAGE][PASSED] - Delayed 2 second(s)

2018-12-06 19:31:39 - [TEST_STEP][PASSED] - click: Object: 'Object Repository/Final Object Repo/Creating Employer Account/Page_Registration - ASSIST (Base)/Add Document' is clicked on

2018-12-06 19:31:39 - [MESSAGE][PASSED] - Object: 'Object Repository/Final Object Repo/Creating Employer Account/Page_Registration - ASSIST (Base)/Add Document' is clicked on

2018-12-06 19:31:39 - [TEST_STEP][PASSED] - delay: Delayed 2 second(s)

2018-12-06 19:31:41 - [MESSAGE][PASSED] - Delayed 2 second(s)

2018-12-06 19:31:41 - [TEST_STEP][PASSED] - click: Object: 'Object Repository/Final Object Repo/Creating Employer Account/Page_Registration - ASSIST (Base)/Document Type' is clicked on

2018-12-06 19:31:41 - [MESSAGE][PASSED] - Object: 'Object Repository/Final Object Repo/Creating Employer Account/Page_Registration - ASSIST (Base)/Document Type' is clicked on

2018-12-06 19:31:41 - [TEST_STEP][PASSED] - delay: Delayed 2 second(s)

2018-12-06 19:31:43 - [MESSAGE][PASSED] - Delayed 2 second(s)

2018-12-06 19:31:43 - [TEST_STEP][PASSED] - click: Object: 'Object Repository/Final Object Repo/Creating Employer Account/Page_Registration - ASSIST (Base)/Document Type - Letter of Authorization' is clicked on

2018-12-06 19:31:43 - [MESSAGE][PASSED] - Object: 'Object Repository/Final Object Repo/Creating Employer Account/Page_Registration - ASSIST (Base)/Document Type - Letter of Authorization' is clicked on

2018-12-06 19:31:43 - [TEST_STEP][PASSED] - delay: Delayed 2 second(s)

2018-12-06 19:31:45 - [MESSAGE][PASSED] - Delayed 2 second(s)

2018-12-06 19:31:45 - [TEST_STEP][PASSED] - sendKeys: Keys 'C:\Users\Public\Pictures\Sample Pictures\Koala.jpg' sent to object: 'Object Repository/Final Object Repo/Creating Employer Account/Page_Registration - ASSIST (Base)/Uploading File'

2018-12-06 19:31:45 - [MESSAGE][PASSED] - Keys 'C:\Users\Public\Pictures\Sample Pictures\Koala.jpg' sent to object: 'Object Repository/Final Object Repo/Creating Employer Account/Page_Registration - ASSIST (Base)/Uploading File'

2018-12-06 19:31:45 - [TEST_STEP][PASSED] - delay: Delayed 2 second(s)

2018-12-06 19:31:47 - [MESSAGE][PASSED] - Delayed 2 second(s)

2018-12-06 19:31:47 - [TEST_STEP][PASSED] - click: Object: 'Object Repository/Final Object Repo/Creating Employer Account/Page_Registration - ASSIST (Base)/Add Document in Uploading File' is clicked on

2018-12-06 19:31:48 - [MESSAGE][PASSED] - Object: 'Object Repository/Final Object Repo/Creating Employer Account/Page_Registration - ASSIST (Base)/Add Document in Uploading File' is clicked on

2018-12-06 19:31:48 - [TEST_STEP][PASSED] - delay: Delayed 2 second(s)

2018-12-06 19:31:50 - [MESSAGE][PASSED] - Delayed 2 second(s)

2018-12-06 19:31:50 - [TEST_STEP][PASSED] - click: Object: 'Object Repository/Final Object Repo/Creating Employer Account/Page_Registration - ASSIST (Base)/Save' is clicked on

2018-12-06 19:31:50 - [MESSAGE][PASSED] - Object: 'Object Repository/Final Object Repo/Creating Employer Account/Page_Registration - ASSIST (Base)/Save' is clicked on

2018-12-06 19:31:50 - [TEST_STEP][PASSED] - delay: Delayed 2 second(s)

2018-12-06 19:31:52 - [MESSAGE][PASSED] - Delayed 2 second(s)

2018-12-06 19:31:52 - [TEST_STEP][PASSED] - click: Object: 'Object Repository/Final Object Repo/Creating Employer Account/Page_Registration - ASSIST (Base)/Submit' is clicked on

2018-12-06 19:31:52 - [MESSAGE][PASSED] - Object: 'Object Repository/Final Object Repo/Creating Employer Account/Page_Registration - ASSIST (Base)/Submit' is clicked on

2018-12-06 19:31:52 - [TEST_STEP][PASSED] - delay: Delayed 2 second(s)

2018-12-06 19:31:54 - [MESSAGE][PASSED] - Delayed 2 second(s)

2018-12-06 19:31:54 - [TEST_STEP][PASSED] - click: Object: 'Object Repository/Final Object Repo/Creating Employer Account/Page_Registration - ASSIST (Base)/Confirm' is clicked on

2018-12-06 19:31:54 - [MESSAGE][PASSED] - Object: 'Object Repository/Final Object Repo/Creating Employer Account/Page_Registration - ASSIST (Base)/Confirm' is clicked on

2018-12-06 19:31:54 - [MESSAGE][PASSED] - Call Test Case 'Test Cases/Final Aug 2018 - PKS Automation/Create Employer Acc/Template/Register Employer' successfully

2018-12-06 19:31:54 - [TEST_STEP][PASSED] - delay: Delayed 1 second(s)

2018-12-06 19:31:55 - [MESSAGE][PASSED] - Delayed 1 second(s)

2018-12-06 19:31:55 - [TEST_STEP][PASSED] - navigateToUrl: Navigate to 'https://assist2-uat.perkeso.gov.my/c/portal/logout' successfully

2018-12-06 19:32:00 - [MESSAGE][PASSED] - Navigate to 'https://assist2-uat.perkeso.gov.my/c/portal/logout' successfully

2018-12-06 19:32:00 - [TEST_STEP][PASSED] - delay: Delayed 1 second(s)

2018-12-06 19:32:01 - [MESSAGE][PASSED] - Delayed 1 second(s)

2018-12-06 19:32:01 - [TEST_STEP][PASSED] - callTestCase: Call Test Case 'Test Cases/Final Aug 2018 - PKS Automation/Create Employer Acc/Template/Change Password of Employer' successfully

2018-12-06 19:32:01 - [TEST_CASE][PASSED] - Test Cases/Final Aug 2018 - PKS Automation/Create Employer Acc/Template/Change Password of Employer: Test Cases/Final Aug 2018 - PKS Automation/Create Employer Acc/Template/Change Password of Employer

2018-12-06 19:32:01 - [TEST_STEP][PASSED] - openBrowser: Browser is opened with url: ''

2018-12-06 19:32:01 - [MESSAGE][WARNING] - A browser is already opened. Closing browser and opening a new one

2018-12-06 19:32:05 - [MESSAGE][PASSED] - Browser is opened with url: ''

2018-12-06 19:32:05 - [TEST_STEP][PASSED] - navigateToUrl: Navigate to 'https://assist2-uat.perkeso.gov.my/login' successfully

2018-12-06 19:32:06 - [MESSAGE][PASSED] - Navigate to 'https://assist2-uat.perkeso.gov.my/login' successfully

2018-12-06 19:32:06 - [TEST_STEP][PASSED] - delay: Delayed 5 second(s)

2018-12-06 19:32:11 - [MESSAGE][PASSED] - Delayed 5 second(s)

2018-12-06 19:32:11 - [TEST_STEP][PASSED] - setText: Text 'test@liferay.com' is set on object 'Object Repository/Final Object Repo/Login Page/Internal User/Email Address'

2018-12-06 19:32:11 - [MESSAGE][PASSED] - Text 'test@liferay.com' is set on object 'Object Repository/Final Object Repo/Login Page/Internal User/Email Address'

2018-12-06 19:32:11 - [TEST_STEP][PASSED] - click: Object: 'Object Repository/Final Object Repo/Login Page/Internal User/Next Button' is clicked on

2018-12-06 19:32:11 - [MESSAGE][PASSED] - Object: 'Object Repository/Final Object Repo/Login Page/Internal User/Next Button' is clicked on

2018-12-06 19:32:11 - [TEST_STEP][PASSED] - delay: Delayed 2 second(s)

2018-12-06 19:32:13 - [MESSAGE][PASSED] - Delayed 2 second(s)

2018-12-06 19:32:13 - [TEST_STEP][PASSED] - setText: Text 'test' is set on object 'Object Repository/Final Object Repo/Login Page/Internal User/Password'

2018-12-06 19:32:14 - [MESSAGE][PASSED] - Text 'test' is set on object 'Object Repository/Final Object Repo/Login Page/Internal User/Password'

2018-12-06 19:32:14 - [TEST_STEP][PASSED] - delay: Delayed 2 second(s)

2018-12-06 19:32:16 - [MESSAGE][PASSED] - Delayed 2 second(s)

2018-12-06 19:32:16 - [TEST_STEP][PASSED] - click: Object: 'Object Repository/Final Object Repo/Login Page/Internal User/Login Button' is clicked on

2018-12-06 19:32:16 - [MESSAGE][PASSED] - Object: 'Object Repository/Final Object Repo/Login Page/Internal User/Login Button' is clicked on

2018-12-06 19:32:16 - [TEST_STEP][PASSED] - delay: Delayed 3 second(s)

2018-12-06 19:32:19 - [MESSAGE][PASSED] - Delayed 3 second(s)

2018-12-06 19:32:19 - [TEST_STEP][PASSED] - navigateToUrl: Navigate to 'https://assist2-uat.perkeso.gov.my/group/control_panel/manage?p_p_id=125&p_p_lifecycle=0&p_p_state=maximized&p_p_mode=view&refererPlid=20455&_125_usersListView=flat-users&_125_toolbarItem=view-all-users&_125_saveUsersListView=true&_125_struts_action=%2Fusers_admin%2Fview' successfully

2018-12-06 19:32:20 - [MESSAGE][PASSED] - Navigate to 'https://assist2-uat.perkeso.gov.my/group/control_panel/manage?p_p_id=125&p_p_lifecycle=0&p_p_state=maximized&p_p_mode=view&refererPlid=20455&_125_usersListView=flat-users&_125_toolbarItem=view-all-users&_125_saveUsersListView=true&_125_struts_action=%2Fusers_admin%2Fview' successfully

2018-12-06 19:32:20 - [TEST_STEP][PASSED] - delay: Delayed 3 second(s)

2018-12-06 19:32:23 - [MESSAGE][PASSED] - Delayed 3 second(s)

2018-12-06 19:32:23 - [TEST_STEP][PASSED] - setText: Text 'perkeso702740910432@gmail.com' is set on object 'Object Repository/Final Object Repo/Creating Employer Account/Page_Users and Organizations - ASSIST/Employer name'

2018-12-06 19:32:24 - [MESSAGE][PASSED] - Text 'perkeso702740910432@gmail.com' is set on object 'Object Repository/Final Object Repo/Creating Employer Account/Page_Users and Organizations - ASSIST/Employer name'

2018-12-06 19:32:24 - [TEST_STEP][PASSED] - delay: Delayed 3 second(s)

2018-12-06 19:32:27 - [MESSAGE][PASSED] - Delayed 3 second(s)

2018-12-06 19:32:27 - [TEST_STEP][PASSED] - click: Object: 'Object Repository/Final Object Repo/Creating Employer Account/Page_Users and Organizations - ASSIST/Search' is clicked on

2018-12-06 19:32:27 - [MESSAGE][PASSED] - Object: 'Object Repository/Final Object Repo/Creating Employer Account/Page_Users and Organizations - ASSIST/Search' is clicked on

2018-12-06 19:32:27 - [TEST_STEP][PASSED] - delay: Delayed 3 second(s)

2018-12-06 19:32:30 - [MESSAGE][PASSED] - Delayed 3 second(s)

2018-12-06 19:32:30 - [TEST_STEP][PASSED] - click: Object: 'Object Repository/Final Object Repo/Creating Employer Account/Page_Users and Organizations - ASSIST/Action' is clicked on

2018-12-06 19:32:30 - [MESSAGE][PASSED] - Object: 'Object Repository/Final Object Repo/Creating Employer Account/Page_Users and Organizations - ASSIST/Action' is clicked on

2018-12-06 19:32:30 - [TEST_STEP][PASSED] - delay: Delayed 3 second(s)

2018-12-06 19:32:33 - [MESSAGE][PASSED] - Delayed 3 second(s)

2018-12-06 19:32:33 - [TEST_STEP][PASSED] - click: Object: 'Object Repository/Final Object Repo/Creating Employer Account/Page_Users and Organizations - ASSIST/Edit' is clicked on

2018-12-06 19:32:34 - [MESSAGE][PASSED] - Object: 'Object Repository/Final Object Repo/Creating Employer Account/Page_Users and Organizations - ASSIST/Edit' is clicked on

2018-12-06 19:32:34 - [TEST_STEP][PASSED] - delay: Delayed 3 second(s)

2018-12-06 19:32:37 - [MESSAGE][PASSED] - Delayed 3 second(s)

2018-12-06 19:32:37 - [TEST_STEP][PASSED] - click: Object: 'Object Repository/Final Object Repo/Creating Employer Account/Page_PERKESO - Users and Organizati/a_Password (Modified)' is clicked on

2018-12-06 19:32:37 - [MESSAGE][PASSED] - Object: 'Object Repository/Final Object Repo/Creating Employer Account/Page_PERKESO - Users and Organizati/a_Password (Modified)' is clicked on

2018-12-06 19:32:37 - [TEST_STEP][PASSED] - delay: Delayed 3 second(s)

2018-12-06 19:32:40 - [MESSAGE][PASSED] - Delayed 3 second(s)

2018-12-06 19:32:40 - [TEST_STEP][PASSED] - setEncryptedText: Text ****** has been set on object 'Object Repository/Final Object Repo/Creating Employer Account/Page_PERKESO - Users and Organizati/input__125_password1'

2018-12-06 19:32:41 - [MESSAGE][PASSED] - Text ****** has been set on object 'Object Repository/Final Object Repo/Creating Employer Account/Page_PERKESO - Users and Organizati/input__125_password1'

2018-12-06 19:32:41 - [TEST_STEP][PASSED] - delay: Delayed 3 second(s)

2018-12-06 19:32:44 - [MESSAGE][PASSED] - Delayed 3 second(s)

2018-12-06 19:32:44 - [TEST_STEP][PASSED] - setEncryptedText: Text ****** has been set on object 'Object Repository/Final Object Repo/Creating Employer Account/Page_PERKESO - Users and Organizati/input__125_password2'

2018-12-06 19:32:44 - [MESSAGE][PASSED] - Text ****** has been set on object 'Object Repository/Final Object Repo/Creating Employer Account/Page_PERKESO - Users and Organizati/input__125_password2'

2018-12-06 19:32:44 - [TEST_STEP][PASSED] - delay: Delayed 3 second(s)

2018-12-06 19:32:47 - [MESSAGE][PASSED] - Delayed 3 second(s)

2018-12-06 19:32:47 - [TEST_STEP][PASSED] - click: Object: 'Object Repository/Final Object Repo/Creating Employer Account/Page_PERKESO - Users and Organizati/Save' is clicked on

2018-12-06 19:32:49 - [MESSAGE][PASSED] - Object: 'Object Repository/Final Object Repo/Creating Employer Account/Page_PERKESO - Users and Organizati/Save' is clicked on

2018-12-06 19:32:49 - [MESSAGE][PASSED] - Call Test Case 'Test Cases/Final Aug 2018 - PKS Automation/Create Employer Acc/Template/Change Password of Employer' successfully

2018-12-06 19:32:49 - [TEST_STEP][PASSED] - delay: Delayed 1 second(s)

2018-12-06 19:32:50 - [MESSAGE][PASSED] - Delayed 1 second(s)

2018-12-06 19:32:50 - [TEST_STEP][PASSED] - navigateToUrl: Navigate to 'https://assist2-uat.perkeso.gov.my/c/portal/logout' successfully

2018-12-06 19:32:51 - [MESSAGE][PASSED] - Navigate to 'https://assist2-uat.perkeso.gov.my/c/portal/logout' successfully

2018-12-06 19:32:51 - [TEST_STEP][PASSED] - delay: Delayed 1 second(s)

2018-12-06 19:32:52 - [MESSAGE][PASSED] - Delayed 1 second(s)

2018-12-06 19:32:52 - [TEST_STEP][PASSED] - callTestCase: Call Test Case 'Test Cases/Final Aug 2018 - PKS Automation/Create Employer Acc/Template/Login to Employer Account (First Time)' successfully

2018-12-06 19:32:52 - [TEST_CASE][PASSED] - Test Cases/Final Aug 2018 - PKS Automation/Create Employer Acc/Template/Login to Employer Account (First Time): Test Cases/Final Aug 2018 - PKS Automation/Create Employer Acc/Template/Login to Employer Account (First Time)

2018-12-06 19:32:52 - [TEST_STEP][PASSED] - openBrowser: Browser is opened with url: ''

2018-12-06 19:32:52 - [MESSAGE][WARNING] - A browser is already opened. Closing browser and opening a new one

2018-12-06 19:32:55 - [MESSAGE][PASSED] - Browser is opened with url: ''

2018-12-06 19:32:55 - [TEST_STEP][PASSED] - navigateToUrl: Navigate to 'https://assist2-uat.perkeso.gov.my/employer/login' successfully

2018-12-06 19:32:56 - [MESSAGE][PASSED] - Navigate to 'https://assist2-uat.perkeso.gov.my/employer/login' successfully

2018-12-06 19:32:56 - [TEST_STEP][PASSED] - delay: Delayed 3 second(s)

2018-12-06 19:32:59 - [MESSAGE][PASSED] - Delayed 3 second(s)

2018-12-06 19:32:59 - [TEST_STEP][PASSED] - callTestCase: Call Test Case 'Test Cases/Final Aug 2018 - PKS Automation/Create Employer Acc/Template/Employer Email Getter' successfully

2018-12-06 19:32:59 - [TEST_CASE][PASSED] - Test Cases/Final Aug 2018 - PKS Automation/Create Employer Acc/Template/Employer Email Getter: Test Cases/Final Aug 2018 - PKS Automation/Create Employer Acc/Template/Employer Email Getter

2018-12-06 19:32:59 - [TEST_STEP][PASSED] - Statement - Try: null

2018-12-06 19:32:59 - [TEST_STEP][PASSED] - Statement - EmpEmail = new java.io.File(C://Users//Admin//Desktop//PKS//Automation Reference Point//EmpEmail.txt): null

2018-12-06 19:32:59 - [TEST_STEP][PASSED] - Statement - bufferread = new java.io.BufferedReader(new java.io.FileReader(EmpEmail)): null

2018-12-06 19:32:59 - [TEST_STEP][PASSED] - Statement - readedVal = bufferread.readLine(): null

2018-12-06 19:32:59 - [TEST_STEP][PASSED] - Statement - out.println(readedVal): null

2018-12-06 19:32:59 - [TEST_STEP][PASSED] - Statement - Email = readedVal: null

2018-12-06 19:32:59 - [MESSAGE][PASSED] - Call Test Case 'Test Cases/Final Aug 2018 - PKS Automation/Create Employer Acc/Template/Employer Email Getter' successfully

2018-12-06 19:32:59 - [TEST_STEP][PASSED] - setText: Text 'perkeso702740910432@gmail.com' is set on object 'Object Repository/Final Object Repo/Login Page/External Login Page/Email'

2018-12-06 19:33:00 - [MESSAGE][PASSED] - Text 'perkeso702740910432@gmail.com' is set on object 'Object Repository/Final Object Repo/Login Page/External Login Page/Email'

2018-12-06 19:33:00 - [TEST_STEP][PASSED] - click: Object: 'Object Repository/Final Object Repo/Login Page/External Login Page/Next' is clicked on

2018-12-06 19:33:00 - [MESSAGE][PASSED] - Object: 'Object Repository/Final Object Repo/Login Page/External Login Page/Next' is clicked on

2018-12-06 19:33:00 - [TEST_STEP][PASSED] - delay: Delayed 3 second(s)

2018-12-06 19:33:03 - [MESSAGE][PASSED] - Delayed 3 second(s)

2018-12-06 19:33:03 - [TEST_STEP][PASSED] - setEncryptedText: Text ****** has been set on object 'Object Repository/Final Object Repo/Login Page/External Login Page/Password'

2018-12-06 19:33:03 - [MESSAGE][PASSED] - Text ****** has been set on object 'Object Repository/Final Object Repo/Login Page/External Login Page/Password'

2018-12-06 19:33:03 - [TEST_STEP][PASSED] - click: Object: 'Object Repository/Final Object Repo/Login Page/External Login Page/Login' is clicked on

2018-12-06 19:33:03 - [MESSAGE][PASSED] - Object: 'Object Repository/Final Object Repo/Login Page/External Login Page/Login' is clicked on

2018-12-06 19:33:03 - [TEST_STEP][PASSED] - delay: Delayed 3 second(s)

2018-12-06 19:33:06 - [MESSAGE][PASSED] - Delayed 3 second(s)

2018-12-06 19:33:06 - [TEST_STEP][PASSED] - click: Object: 'Object Repository/Final Object Repo/Creating Employer Account/Page_Terms of Use - ASSIST/button_I Agree' is clicked on

2018-12-06 19:33:06 - [MESSAGE][PASSED] - Object: 'Object Repository/Final Object Repo/Creating Employer Account/Page_Terms of Use - ASSIST/button_I Agree' is clicked on

2018-12-06 19:33:06 - [TEST_STEP][PASSED] - delay: Delayed 2 second(s)

2018-12-06 19:33:08 - [MESSAGE][PASSED] - Delayed 2 second(s)

2018-12-06 19:33:08 - [TEST_STEP][PASSED] - setEncryptedText: Text ****** has been set on object 'Object Repository/Final Object Repo/Creating Employer Account/Page_New Password - ASSIST/input_password1'

2018-12-06 19:33:09 - [MESSAGE][PASSED] - Text ****** has been set on object 'Object Repository/Final Object Repo/Creating Employer Account/Page_New Password - ASSIST/input_password1'

2018-12-06 19:33:09 - [TEST_STEP][PASSED] - setEncryptedText: Text ****** has been set on object 'Object Repository/Final Object Repo/Creating Employer Account/Page_New Password - ASSIST/input_password2'

2018-12-06 19:33:09 - [MESSAGE][PASSED] - Text ****** has been set on object 'Object Repository/Final Object Repo/Creating Employer Account/Page_New Password - ASSIST/input_password2'

2018-12-06 19:33:09 - [TEST_STEP][PASSED] - delay: Delayed 2 second(s)

2018-12-06 19:33:11 - [MESSAGE][PASSED] - Delayed 2 second(s)

2018-12-06 19:33:11 - [TEST_STEP][PASSED] - click: Object: 'Object Repository/Final Object Repo/Creating Employer Account/Page_New Password - ASSIST/Save' is clicked on

2018-12-06 19:33:11 - [MESSAGE][PASSED] - Object: 'Object Repository/Final Object Repo/Creating Employer Account/Page_New Password - ASSIST/Save' is clicked on

2018-12-06 19:33:11 - [TEST_STEP][PASSED] - delay: Delayed 2 second(s)

2018-12-06 19:33:13 - [MESSAGE][PASSED] - Delayed 2 second(s)

2018-12-06 19:33:13 - [TEST_STEP][PASSED] - setText: Text 'test' is set on object 'Object Repository/Final Object Repo/Creating Employer Account/Page_Password Reminder - ASSIST/Reminder Query Answer'

2018-12-06 19:33:13 - [MESSAGE][PASSED] - Text 'test' is set on object 'Object Repository/Final Object Repo/Creating Employer Account/Page_Password Reminder - ASSIST/Reminder Query Answer'

2018-12-06 19:33:13 - [TEST_STEP][PASSED] - delay: Delayed 2 second(s)

2018-12-06 19:33:15 - [MESSAGE][PASSED] - Delayed 2 second(s)

2018-12-06 19:33:15 - [TEST_STEP][PASSED] - doubleClick: Object: 'Object Repository/Final Object Repo/Creating Employer Account/Page_Password Reminder - ASSIST/Save' is double clicked on

2018-12-06 19:33:16 - [MESSAGE][PASSED] - Object: 'Object Repository/Final Object Repo/Creating Employer Account/Page_Password Reminder - ASSIST/Save' is double clicked on

2018-12-06 19:33:16 - [MESSAGE][PASSED] - Call Test Case 'Test Cases/Final Aug 2018 - PKS Automation/Create Employer Acc/Template/Login to Employer Account (First Time)' successfully

2018-12-06 19:33:16 - [MESSAGE][PASSED] - Call Test Case 'Test Cases/Final Aug 2018 - PKS Automation/Create Employer Acc/Create Employer Account' successfully

2018-12-06 19:33:16 - [TEST_STEP][PASSED] - callTestCase: Call Test Case 'Test Cases/Final Aug 2018 - PKS Automation/Registration Module/Log Out/log out avoiding katalon tagging' successfully

2018-12-06 19:33:16 - [TEST_CASE][PASSED] - Test Cases/Final Aug 2018 - PKS Automation/Registration Module/Log Out/log out avoiding katalon tagging: Test Cases/Final Aug 2018 - PKS Automation/Registration Module/Log Out/log out avoiding katalon tagging

2018-12-06 19:33:16 - [TEST_STEP][PASSED] - navigateToUrl: Navigate to 'https://assist2-uat.perkeso.gov.my/c/portal/logout' successfully

2018-12-06 19:33:19 - [MESSAGE][PASSED] - Navigate to 'https://assist2-uat.perkeso.gov.my/c/portal/logout' successfully

2018-12-06 19:33:19 - [MESSAGE][PASSED] - Call Test Case 'Test Cases/Final Aug 2018 - PKS Automation/Registration Module/Log Out/log out avoiding katalon tagging' successfully

2018-12-06 19:33:19 - [TEST_STEP][PASSED] - callTestCase: Call Test Case 'Test Cases/Final Aug 2018 - PKS Automation/Create Employer Acc/Login to Employer Account (Second time)' successfully

2018-12-06 19:33:19 - [TEST_CASE][PASSED] - Test Cases/Final Aug 2018 - PKS Automation/Create Employer Acc/Login to Employer Account (Second time): Test Cases/Final Aug 2018 - PKS Automation/Create Employer Acc/Login to Employer Account (Second time)

2018-12-06 19:33:19 - [TEST_STEP][PASSED] - openBrowser: Browser is opened with url: ''

2018-12-06 19:33:19 - [MESSAGE][WARNING] - A browser is already opened. Closing browser and opening a new one

2018-12-06 19:33:22 - [MESSAGE][PASSED] - Browser is opened with url: ''

2018-12-06 19:33:22 - [TEST_STEP][PASSED] - navigateToUrl: Navigate to 'https://assist2-uat.perkeso.gov.my/employer/login' successfully

2018-12-06 19:33:23 - [MESSAGE][PASSED] - Navigate to 'https://assist2-uat.perkeso.gov.my/employer/login' successfully

2018-12-06 19:33:23 - [TEST_STEP][PASSED] - delay: Delayed 3 second(s)

2018-12-06 19:33:26 - [MESSAGE][PASSED] - Delayed 3 second(s)

2018-12-06 19:33:26 - [TEST_STEP][PASSED] - callTestCase: Call Test Case 'Test Cases/Final Aug 2018 - PKS Automation/Create Employer Acc/Template/Employer Email Getter' successfully

2018-12-06 19:33:26 - [TEST_CASE][PASSED] - Test Cases/Final Aug 2018 - PKS Automation/Create Employer Acc/Template/Employer Email Getter: Test Cases/Final Aug 2018 - PKS Automation/Create Employer Acc/Template/Employer Email Getter

2018-12-06 19:33:26 - [TEST_STEP][PASSED] - Statement - Try: null

2018-12-06 19:33:26 - [TEST_STEP][PASSED] - Statement - EmpEmail = new java.io.File(C://Users//Admin//Desktop//PKS//Automation Reference Point//EmpEmail.txt): null

2018-12-06 19:33:26 - [TEST_STEP][PASSED] - Statement - bufferread = new java.io.BufferedReader(new java.io.FileReader(EmpEmail)): null

2018-12-06 19:33:26 - [TEST_STEP][PASSED] - Statement - readedVal = bufferread.readLine(): null

2018-12-06 19:33:26 - [TEST_STEP][PASSED] - Statement - out.println(readedVal): null

2018-12-06 19:33:26 - [TEST_STEP][PASSED] - Statement - Email = readedVal: null

2018-12-06 19:33:26 - [MESSAGE][PASSED] - Call Test Case 'Test Cases/Final Aug 2018 - PKS Automation/Create Employer Acc/Template/Employer Email Getter' successfully

2018-12-06 19:33:26 - [TEST_STEP][PASSED] - setText: Text 'perkeso702740910432@gmail.com' is set on object 'Object Repository/Final Object Repo/Login Page/External Login Page/Email'

2018-12-06 19:33:27 - [MESSAGE][PASSED] - Text 'perkeso702740910432@gmail.com' is set on object 'Object Repository/Final Object Repo/Login Page/External Login Page/Email'

2018-12-06 19:33:27 - [TEST_STEP][PASSED] - click: Object: 'Object Repository/Final Object Repo/Login Page/External Login Page/Next' is clicked on

2018-12-06 19:33:27 - [MESSAGE][PASSED] - Object: 'Object Repository/Final Object Repo/Login Page/External Login Page/Next' is clicked on

2018-12-06 19:33:27 - [TEST_STEP][PASSED] - delay: Delayed 3 second(s)

2018-12-06 19:33:30 - [MESSAGE][PASSED] - Delayed 3 second(s)

2018-12-06 19:33:30 - [TEST_STEP][PASSED] - setEncryptedText: Text ****** has been set on object 'Object Repository/Final Object Repo/Login Page/External Login Page/Password'

2018-12-06 19:33:30 - [MESSAGE][PASSED] - Text ****** has been set on object 'Object Repository/Final Object Repo/Login Page/External Login Page/Password'

2018-12-06 19:33:30 - [TEST_STEP][PASSED] - click: Object: 'Object Repository/Final Object Repo/Login Page/External Login Page/Login' is clicked on

2018-12-06 19:33:30 - [MESSAGE][PASSED] - Object: 'Object Repository/Final Object Repo/Login Page/External Login Page/Login' is clicked on

2018-12-06 19:33:30 - [TEST_STEP][PASSED] - delay: Delayed 5 second(s)

2018-12-06 19:33:35 - [MESSAGE][PASSED] - Delayed 5 second(s)

2018-12-06 19:33:35 - [MESSAGE][PASSED] - Call Test Case 'Test Cases/Final Aug 2018 - PKS Automation/Create Employer Acc/Login to Employer Account (Second time)' successfully

2018-12-06 19:33:35 - [TEST_STEP][PASSED] - delay: Delayed 4 second(s)

2018-12-06 19:33:39 - [MESSAGE][PASSED] - Delayed 4 second(s)

2018-12-06 19:33:39 - [TEST_STEP][PASSED] - Statement - Try: Delayed 2 second(s)

2018-12-06 19:33:39 - [TEST_STEP][PASSED] - Statement - Checker = false: null

2018-12-06 19:33:39 - [TEST_STEP][PASSED] - Statement - Checker = com.kms.katalon.core.webui.keyword.WebUiBuiltInKeywords.verifyElementHasAttribute(com.kms.katalon.core.testobject.ObjectRepository.findTestObject(Final Object Repo/Landing Page/BM Detecting), "href", 20, OPTIONAL): Object 'Object Repository/Final Object Repo/Landing Page/BM Detecting' has attribute 'href'

2018-12-06 19:33:39 - [MESSAGE][PASSED] - Object 'Object Repository/Final Object Repo/Landing Page/BM Detecting' has attribute 'href'

2018-12-06 19:33:39 - [TEST_STEP][PASSED] - Statement - out.println(Checker): null

2018-12-06 19:33:39 - [TEST_STEP][PASSED] - Statement - If (Checker == false): null

2018-12-06 19:33:39 - [TEST_STEP][PASSED] - Statement - Else: null

2018-12-06 19:33:39 - [TEST_STEP][PASSED] - delay: Delayed 2 second(s)

2018-12-06 19:33:41 - [MESSAGE][PASSED] - Delayed 2 second(s)

2018-12-06 19:33:41 - [TEST_STEP][PASSED] - delay: Delayed 4 second(s)

2018-12-06 19:33:45 - [MESSAGE][PASSED] - Delayed 4 second(s)

2018-12-06 19:33:45 - [TEST_STEP][PASSED] - click: Object: 'Object Repository/Final Object Repo/Landing Page/My Sites Drop Down' is clicked on

2018-12-06 19:33:46 - [MESSAGE][PASSED] - Object: 'Object Repository/Final Object Repo/Landing Page/My Sites Drop Down' is clicked on

2018-12-06 19:33:46 - [TEST_STEP][PASSED] - click: Object: 'Object Repository/Final Object Repo/Landing Page/Select to Registration Module' is clicked on

2018-12-06 19:33:48 - [MESSAGE][PASSED] - Object: 'Object Repository/Final Object Repo/Landing Page/Select to Registration Module' is clicked on

2018-12-06 19:33:48 - [TEST_STEP][PASSED] - click: Object: 'Object Repository/Final Object Repo/Landing Page/Registration Button' is clicked on

2018-12-06 19:33:49 - [MESSAGE][PASSED] - Object: 'Object Repository/Final Object Repo/Landing Page/Registration Button' is clicked on

2018-12-06 19:33:49 - [TEST_STEP][PASSED] - delay: Delayed 2 second(s)

2018-12-06 19:33:51 - [MESSAGE][PASSED] - Delayed 2 second(s)

2018-12-06 19:33:51 - [TEST_STEP][PASSED] - click: Object: 'Object Repository/Final Object Repo/New Registration - Registration Module Pages/New Reg - OTC to RO/Special Case - OTC - Form 1/AEC NO' is clicked on

2018-12-06 19:33:51 - [MESSAGE][PASSED] - Object: 'Object Repository/Final Object Repo/New Registration - Registration Module Pages/New Reg - OTC to RO/Special Case - OTC - Form 1/AEC NO' is clicked on

2018-12-06 19:33:51 - [TEST_STEP][PASSED] - click: Object: 'Object Repository/Final Object Repo/New Registration - Registration Module Pages/New Reg - OTC to RO/Special Case - OTC - Form 1/Business Entity - Please Select' is clicked on

2018-12-06 19:33:52 - [MESSAGE][PASSED] - Object: 'Object Repository/Final Object Repo/New Registration - Registration Module Pages/New Reg - OTC to RO/Special Case - OTC - Form 1/Business Entity - Please Select' is clicked on

2018-12-06 19:33:52 - [TEST_STEP][PASSED] - click: Object: 'Object Repository/Final Object Repo/New Registration - Registration Module Pages/New Reg - OTC to RO/Special Case - OTC - Form 1/Selected - Corporation' is clicked on

2018-12-06 19:33:52 - [MESSAGE][PASSED] - Object: 'Object Repository/Final Object Repo/New Registration - Registration Module Pages/New Reg - OTC to RO/Special Case - OTC - Form 1/Selected - Corporation' is clicked on

2018-12-06 19:33:52 - [TEST_STEP][PASSED] - delay: Delayed 2 second(s)

2018-12-06 19:33:54 - [MESSAGE][PASSED] - Delayed 2 second(s)

2018-12-06 19:33:54 - [TEST_STEP][PASSED] - click: Object: 'Object Repository/Final Object Repo/New Registration - Registration Module Pages/New Reg - OTC to RO/Special Case - OTC - Form 1/Sub Business Entity - Please Select' is clicked on

2018-12-06 19:33:54 - [MESSAGE][PASSED] - Object: 'Object Repository/Final Object Repo/New Registration - Registration Module Pages/New Reg - OTC to RO/Special Case - OTC - Form 1/Sub Business Entity - Please Select' is clicked on

2018-12-06 19:33:54 - [TEST_STEP][PASSED] - delay: Delayed 2 second(s)

2018-12-06 19:33:56 - [MESSAGE][PASSED] - Delayed 2 second(s)

2018-12-06 19:33:56 - [TEST_STEP][PASSED] - click: Object: 'Object Repository/Final Object Repo/New Registration - Registration Module Pages/New Reg - OTC to RO/Special Case - OTC - Form 1/Selected - Sendirian Berhad' is clicked on

2018-12-06 19:33:56 - [MESSAGE][PASSED] - Object: 'Object Repository/Final Object Repo/New Registration - Registration Module Pages/New Reg - OTC to RO/Special Case - OTC - Form 1/Selected - Sendirian Berhad' is clicked on

2018-12-06 19:33:56 - [TEST_STEP][PASSED] - setText: Text 'AUTOMATE001' is set on object 'Object Repository/Final Object Repo/New Registration - Registration Module Pages/New Reg - OTC to RO/Special Case - OTC - Form 1/Input BRN Number'

2018-12-06 19:33:57 - [MESSAGE][PASSED] - Text 'AUTOMATE001' is set on object 'Object Repository/Final Object Repo/New Registration - Registration Module Pages/New Reg - OTC to RO/Special Case - OTC - Form 1/Input BRN Number'

2018-12-06 19:33:57 - [TEST_STEP][PASSED] - delay: Delayed 2 second(s)

2018-12-06 19:33:59 - [MESSAGE][PASSED] - Delayed 2 second(s)

2018-12-06 19:33:59 - [TEST_STEP][PASSED] - click: Object: 'Object Repository/Final Object Repo/New Registration - Registration Module Pages/New Reg - OTC to RO/Special Case - OTC - Form 1/BRN Search' is clicked on

2018-12-06 19:33:59 - [MESSAGE][PASSED] - Object: 'Object Repository/Final Object Repo/New Registration - Registration Module Pages/New Reg - OTC to RO/Special Case - OTC - Form 1/BRN Search' is clicked on

2018-12-06 19:33:59 - [TEST_STEP][PASSED] - delay: Delayed 4 second(s)

2018-12-06 19:34:03 - [MESSAGE][PASSED] - Delayed 4 second(s)

2018-12-06 19:34:03 - [TEST_STEP][PASSED] - click: Object: 'Object Repository/Final Object Repo/New Registration - Registration Module Pages/New Reg - OTC to RO/Special Case - OTC - Form 1/Registered with SSM - After Feb 2017' is clicked on

2018-12-06 19:34:03 - [MESSAGE][PASSED] - Object: 'Object Repository/Final Object Repo/New Registration - Registration Module Pages/New Reg - OTC to RO/Special Case - OTC - Form 1/Registered with SSM - After Feb 2017' is clicked on

2018-12-06 19:34:03 - [TEST_STEP][PASSED] - delay: Delayed 2 second(s)

2018-12-06 19:34:05 - [MESSAGE][PASSED] - Delayed 2 second(s)

2018-12-06 19:34:05 - [TEST_STEP][PASSED] - click: Object: 'Object Repository/Final Object Repo/New Registration - Registration Module Pages/Form 1/Registered As a Branch - Yes' is clicked on

2018-12-06 19:34:05 - [MESSAGE][PASSED] - Object: 'Object Repository/Final Object Repo/New Registration - Registration Module Pages/Form 1/Registered As a Branch - Yes' is clicked on

2018-12-06 19:34:05 - [TEST_STEP][PASSED] - click: Object: 'Object Repository/Final Object Repo/New Registration - Registration Module Pages/New Reg - OTC to RO/Special Case - OTC - Form 1/Acknowledgement Ticked' is clicked on

2018-12-06 19:34:05 - [MESSAGE][PASSED] - Object: 'Object Repository/Final Object Repo/New Registration - Registration Module Pages/New Reg - OTC to RO/Special Case - OTC - Form 1/Acknowledgement Ticked' is clicked on

2018-12-06 19:34:05 - [TEST_STEP][PASSED] - setText: Text 'perkeso702740910432@gmail.com' is set on object 'Object Repository/Final Object Repo/New Registration - Registration Module Pages/Form 1/Email'

2018-12-06 19:34:06 - [MESSAGE][PASSED] - Text 'perkeso702740910432@gmail.com' is set on object 'Object Repository/Final Object Repo/New Registration - Registration Module Pages/Form 1/Email'

2018-12-06 19:34:06 - [TEST_STEP][PASSED] - click: Object: 'Object Repository/Final Object Repo/New Registration - Registration Module Pages/New Reg - OTC to RO/Special Case - OTC - Form 1/Submit Button' is clicked on

2018-12-06 19:34:06 - [MESSAGE][PASSED] - Object: 'Object Repository/Final Object Repo/New Registration - Registration Module Pages/New Reg - OTC to RO/Special Case - OTC - Form 1/Submit Button' is clicked on

2018-12-06 19:34:06 - [TEST_STEP][PASSED] - callTestCase: Call Test Case 'Test Cases/Final Aug 2018 - PKS Automation/Registration Module/New Registration/Form 2/Add 1 Eligible - Employer Account Use' successfully

2018-12-06 19:34:06 - [TEST_CASE][PASSED] - Test Cases/Final Aug 2018 - PKS Automation/Registration Module/New Registration/Form 2/Add 1 Eligible - Employer Account Use: Test Cases/Final Aug 2018 - PKS Automation/Registration Module/New Registration/Form 2/Add 1 Eligible - Employer Account Use

2018-12-06 19:34:07 - [TEST_STEP][PASSED] - delay: Delayed 2 second(s)

2018-12-06 19:34:09 - [MESSAGE][PASSED] - Delayed 2 second(s)

2018-12-06 19:34:09 - [TEST_STEP][PASSED] - callTestCase: Call Test Case 'Test Cases/Final Aug 2018 - PKS Automation/Registration Module/New Registration/Form 2/Date Updater' successfully

2018-12-06 19:34:09 - [TEST_CASE][PASSED] - Test Cases/Final Aug 2018 - PKS Automation/Registration Module/New Registration/Form 2/Date Updater: Test Cases/Final Aug 2018 - PKS Automation/Registration Module/New Registration/Form 2/Date Updater

2018-12-06 19:34:09 - [TEST_STEP][PASSED] - Statement - TodayDate = new java.util.Date(): null

2018-12-06 19:34:09 - [TEST_STEP][PASSED] - Statement - CurrentDateNoFilter = new java.text.SimpleDateFormat(): null

2018-12-06 19:34:09 - [TEST_STEP][PASSED] - Statement - CurrentDateNoFilter.applyPattern("MM"): null

2018-12-06 19:34:09 - [TEST_STEP][PASSED] - Statement - monthContainerMatcher = java.lang.Integer.parseInt(CurrentDateNoFilter.format(TodayDate)): null

2018-12-06 19:34:09 - [TEST_STEP][PASSED] - Statement - monthContainerMatcher = monthContainerMatcher - 1: null

2018-12-06 19:34:09 - [TEST_STEP][PASSED] - Statement - CurrentMonth = monthContainerMatcher.toString(): null

2018-12-06 19:34:09 - [TEST_STEP][PASSED] - Statement - CurrentMonth = CurrentMonth: null

2018-12-06 19:34:09 - [TEST_STEP][PASSED] - Statement - CurrentDateNoFilter.applyPattern("yyyy"): null

2018-12-06 19:34:09 - [TEST_STEP][PASSED] - Statement - CurrentYear = CurrentDateNoFilter.format(TodayDate): null

2018-12-06 19:34:09 - [TEST_STEP][PASSED] - Statement - CurrentYear = CurrentYear: null

2018-12-06 19:34:09 - [TEST_STEP][PASSED] - Statement - intCurrentYear = java.lang.Integer.parseInt(CurrentDateNoFilter.format(TodayDate)): null

2018-12-06 19:34:09 - [TEST_STEP][PASSED] - Statement - eighteenYrsAgo = intCurrentYear - 18: null

2018-12-06 19:34:09 - [TEST_STEP][PASSED] - Statement - eighteenYrsBeforeThisYr = eighteenYrsAgo.toString(): null

2018-12-06 19:34:09 - [TEST_STEP][PASSED] - Statement - EighteenYrsBefore = eighteenYrsBeforeThisYr: null

2018-12-06 19:34:09 - [TEST_STEP][PASSED] - Statement - fiftysevenYrsAgo = intCurrentYear - 57: null

2018-12-06 19:34:09 - [TEST_STEP][PASSED] - Statement - fiftysevenYrsBeforeThisYr = fiftysevenYrsAgo.toString(): null

2018-12-06 19:34:09 - [TEST_STEP][PASSED] - Statement - FiftysevenYrsBefore = fiftysevenYrsBeforeThisYr: null

2018-12-06 19:34:09 - [TEST_STEP][PASSED] - Statement - leapYear = false: null

2018-12-06 19:34:09 - [TEST_STEP][PASSED] - Statement - leapYear = intCurrentYear % 4 == 0: null

2018-12-06 19:34:09 - [TEST_STEP][PASSED] - Statement - CurrentDateNoFilter.applyPattern("dd"): null

2018-12-06 19:34:09 - [TEST_STEP][PASSED] - Statement - CurrentDate = CurrentDateNoFilter.format(TodayDate): null

2018-12-06 19:34:09 - [TEST_STEP][PASSED] - Statement - CurrentDate = java.lang.Integer.parseInt(CurrentDate): null

2018-12-06 19:34:09 - [TEST_STEP][PASSED] - Statement - CurrentDate = CurrentDate: null

2018-12-06 19:34:09 - [TEST_STEP][PASSED] - Statement - CurrentDay = java.lang.Integer.parseInt(CurrentDate): null

2018-12-06 19:34:09 - [TEST_STEP][PASSED] - Statement - ConfAdder = <not implemented yet for class: org.codehaus.groovy.ast.expr.EmptyExpression>: null

2018-12-06 19:34:09 - [TEST_STEP][PASSED] - Statement - out.println(CurrentMonth): null

2018-12-06 19:34:09 - [TEST_STEP][PASSED] - Statement - out.println(CurrentDate): null

2018-12-06 19:34:09 - [TEST_STEP][PASSED] - Statement - switch (CurrentDate): null

2018-12-06 19:34:09 - [TEST_STEP][PASSED] - Statement - Default: null

2018-12-06 19:34:09 - [TEST_STEP][PASSED] - Statement - ConfAdder = true: null

2018-12-06 19:34:09 - [TEST_STEP][PASSED] - Statement - Break: null

2018-12-06 19:34:09 - [TEST_STEP][PASSED] - Statement - aDayBefore = <not implemented yet for class: org.codehaus.groovy.ast.expr.EmptyExpression>: null

2018-12-06 19:34:09 - [TEST_STEP][PASSED] - Statement - out.println(ConfAdder): null

2018-12-06 19:34:09 - [TEST_STEP][PASSED] - Statement - If (ConfAdder == true): null

2018-12-06 19:34:09 - [TEST_STEP][PASSED] - Statement - aDayBefore = CurrentDay + 1: null

2018-12-06 19:34:09 - [TEST_STEP][PASSED] - Statement - out.println(aDayBefore): null

2018-12-06 19:34:09 - [TEST_STEP][PASSED] - Statement - If (aDayBefore == 1 && CurrentMonth == 11): null

2018-12-06 19:34:09 - [TEST_STEP][PASSED] - Statement - DayBefore = aDayBefore.toString(): null

2018-12-06 19:34:09 - [TEST_STEP][PASSED] - Statement - OneDayBefore = DayBefore: null

2018-12-06 19:34:09 - [MESSAGE][PASSED] - Call Test Case 'Test Cases/Final Aug 2018 - PKS Automation/Registration Module/New Registration/Form 2/Date Updater' successfully

2018-12-06 19:34:09 - [TEST_STEP][PASSED] - delay: Delayed 1 second(s)

2018-12-06 19:34:10 - [MESSAGE][PASSED] - Delayed 1 second(s)

2018-12-06 19:34:10 - [TEST_STEP][PASSED] - Statement - CaseReferenceNo = com.kms.katalon.core.webui.keyword.WebUiBuiltInKeywords.getText(com.kms.katalon.core.testobject.ObjectRepository.findTestObject(Final Object Repo/New Registration - Registration Module Pages/Form 2/RefNo Acquiring)): Text of object 'Object Repository/Final Object Repo/New Registration - Registration Module Pages/Form 2/RefNo Acquiring' is: 'CRN12201800123057'

2018-12-06 19:34:10 - [MESSAGE][PASSED] - Text of object 'Object Repository/Final Object Repo/New Registration - Registration Module Pages/Form 2/RefNo Acquiring' is: 'CRN12201800123057'

2018-12-06 19:34:10 - [TEST_STEP][PASSED] - delay: Delayed 1 second(s)

2018-12-06 19:34:11 - [MESSAGE][PASSED] - Delayed 1 second(s)

2018-12-06 19:34:11 - [TEST_STEP][PASSED] - click: Object: 'Object Repository/Final Object Repo/New Registration - Registration Module Pages/Form 2/Add Employee Button' is clicked on

2018-12-06 19:34:11 - [MESSAGE][PASSED] - Object: 'Object Repository/Final Object Repo/New Registration - Registration Module Pages/Form 2/Add Employee Button' is clicked on

2018-12-06 19:34:11 - [TEST_STEP][PASSED] - delay: Delayed 1 second(s)

2018-12-06 19:34:13 - [MESSAGE][PASSED] - Delayed 1 second(s)

2018-12-06 19:34:13 - [TEST_STEP][PASSED] - setText: Text '010903091948' is set on object 'Object Repository/Final Object Repo/New Registration - Registration Module Pages/Form 2/NRIC Input'

2018-12-06 19:34:13 - [MESSAGE][PASSED] - Text '010903091948' is set on object 'Object Repository/Final Object Repo/New Registration - Registration Module Pages/Form 2/NRIC Input'

2018-12-06 19:34:13 - [TEST_STEP][PASSED] - delay: Delayed 2 second(s)

2018-12-06 19:34:15 - [MESSAGE][PASSED] - Delayed 2 second(s)

2018-12-06 19:34:15 - [TEST_STEP][PASSED] - setText: Text 'Automate001 eligible 1' is set on object 'Object Repository/Final Object Repo/New Registration - Registration Module Pages/Form 2/Employee Name Input'

2018-12-06 19:34:15 - [MESSAGE][PASSED] - Text 'Automate001 eligible 1' is set on object 'Object Repository/Final Object Repo/New Registration - Registration Module Pages/Form 2/Employee Name Input'

2018-12-06 19:34:15 - [TEST_STEP][PASSED] - delay: Delayed 2 second(s)

2018-12-06 19:34:17 - [MESSAGE][PASSED] - Delayed 2 second(s)

2018-12-06 19:34:17 - [TEST_STEP][PASSED] - click: Object: 'Object Repository/Final Object Repo/New Registration - Registration Module Pages/Form 2/DatePicker Pop Up' is clicked on

2018-12-06 19:34:18 - [MESSAGE][PASSED] - Object: 'Object Repository/Final Object Repo/New Registration - Registration Module Pages/Form 2/DatePicker Pop Up' is clicked on

2018-12-06 19:34:18 - [TEST_STEP][PASSED] - click: Object: 'Object Repository/Final Object Repo/New Registration - Registration Module Pages/Form 2/DOB Month' is clicked on

2018-12-06 19:34:18 - [MESSAGE][PASSED] - Object: 'Object Repository/Final Object Repo/New Registration - Registration Module Pages/Form 2/DOB Month' is clicked on

2018-12-06 19:34:18 - [TEST_STEP][PASSED] - Statement - CurrentMonth = CurrentMonth: null

2018-12-06 19:34:18 - [TEST_STEP][PASSED] - Statement - selectMonth = new com.kms.katalon.core.testobject.TestObject(): null

2018-12-06 19:34:18 - [TEST_STEP][PASSED] - Statement - selectMonth.addProperty("xpath", EQUALS, "//body/div/div/div/select/option[@value='" + CurrentMonth + "']", true): null

2018-12-06 19:34:18 - [TEST_STEP][PASSED] - click: Object: '' is clicked on

2018-12-06 19:34:18 - [MESSAGE][PASSED] - Object: '' is clicked on

2018-12-06 19:34:18 - [TEST_STEP][PASSED] - click: Object: 'Object Repository/Final Object Repo/New Registration - Registration Module Pages/Form 2/DOB Year' is clicked on

2018-12-06 19:34:18 - [MESSAGE][PASSED] - Object: 'Object Repository/Final Object Repo/New Registration - Registration Module Pages/Form 2/DOB Year' is clicked on

2018-12-06 19:34:18 - [TEST_STEP][PASSED] - Statement - Eyearsbf = EighteenYrsBefore: null

2018-12-06 19:34:18 - [TEST_STEP][PASSED] - Statement - selectYear = new com.kms.katalon.core.testobject.TestObject(): null

2018-12-06 19:34:18 - [TEST_STEP][PASSED] - Statement - selectYear.addProperty("xpath", EQUALS, "//div/div/div/select/option[@value='" + Eyearsbf + "']", true): null

2018-12-06 19:34:18 - [TEST_STEP][PASSED] - click: Object: '' is clicked on

2018-12-06 19:34:18 - [MESSAGE][PASSED] - Object: '' is clicked on

2018-12-06 19:34:18 - [TEST_STEP][PASSED] - Statement - UpdatedSelectDate = com.kms.katalon.core.webui.keyword.WebUiBuiltInKeywords.modifyObjectProperty(com.kms.katalon.core.testobject.ObjectRepository.findTestObject(Final Object Repo/New Registration - Registration Module Pages/Form 2/DOB Date), "xpath", "equals", "//body/div/table/tbody/tr/td/a[text()="" + CurrentDate + ""]", true): Modify property of object successfully

2018-12-06 19:34:18 - [MESSAGE][PASSED] - Modify property of object successfully

2018-12-06 19:34:18 - [TEST_STEP][PASSED] - delay: Delayed 3 second(s)

2018-12-06 19:34:21 - [MESSAGE][PASSED] - Delayed 3 second(s)

2018-12-06 19:34:21 - [TEST_STEP][PASSED] - click: Object: 'Object Repository/Final Object Repo/New Registration - Registration Module Pages/Form 2/DOB Date' is clicked on

2018-12-06 19:34:21 - [MESSAGE][PASSED] - Object: 'Object Repository/Final Object Repo/New Registration - Registration Module Pages/Form 2/DOB Date' is clicked on

2018-12-06 19:34:21 - [TEST_STEP][PASSED] - delay: Delayed 2 second(s)

2018-12-06 19:34:23 - [MESSAGE][PASSED] - Delayed 2 second(s)

2018-12-06 19:34:23 - [TEST_STEP][PASSED] - click: Object: 'Object Repository/Final Object Repo/New Registration - Registration Module Pages/Form 2/EmploymentStartDate Pop Up' is clicked on

2018-12-06 19:34:24 - [MESSAGE][PASSED] - Object: 'Object Repository/Final Object Repo/New Registration - Registration Module Pages/Form 2/EmploymentStartDate Pop Up' is clicked on

2018-12-06 19:34:24 - [TEST_STEP][PASSED] - delay: Delayed 2 second(s)

2018-12-06 19:34:26 - [MESSAGE][PASSED] - Delayed 2 second(s)

2018-12-06 19:34:26 - [TEST_STEP][PASSED] - click: Object: 'Object Repository/Final Object Repo/New Registration - Registration Module Pages/Form 2/Socso Employment StartDate Month' is clicked on

2018-12-06 19:34:26 - [MESSAGE][PASSED] - Object: 'Object Repository/Final Object Repo/New Registration - Registration Module Pages/Form 2/Socso Employment StartDate Month' is clicked on

2018-12-06 19:34:26 - [TEST_STEP][PASSED] - delay: Delayed 1 second(s)

2018-12-06 19:34:27 - [MESSAGE][PASSED] - Delayed 1 second(s)

2018-12-06 19:34:27 - [TEST_STEP][PASSED] - click: Object: 'Object Repository/Final Object Repo/New Registration - Registration Module Pages/Form 2/Select Socso Employement Startdate Month' is clicked on

2018-12-06 19:34:27 - [MESSAGE][PASSED] - Object: 'Object Repository/Final Object Repo/New Registration - Registration Module Pages/Form 2/Select Socso Employement Startdate Month' is clicked on

2018-12-06 19:34:27 - [TEST_STEP][PASSED] - delay: Delayed 2 second(s)

2018-12-06 19:34:29 - [MESSAGE][PASSED] - Delayed 2 second(s)

2018-12-06 19:34:29 - [TEST_STEP][PASSED] - click: Object: 'Object Repository/Final Object Repo/New Registration - Registration Module Pages/Form 2/Socso Employment StartDate Year' is clicked on

2018-12-06 19:34:29 - [MESSAGE][PASSED] - Object: 'Object Repository/Final Object Repo/New Registration - Registration Module Pages/Form 2/Socso Employment StartDate Year' is clicked on

2018-12-06 19:34:29 - [TEST_STEP][PASSED] - delay: Delayed 1 second(s)

2018-12-06 19:34:30 - [MESSAGE][PASSED] - Delayed 1 second(s)

2018-12-06 19:34:30 - [TEST_STEP][PASSED] - click: Object: 'Object Repository/Final Object Repo/New Registration - Registration Module Pages/Form 2/Select Socso Employment Startdate Year' is clicked on

2018-12-06 19:34:30 - [MESSAGE][PASSED] - Object: 'Object Repository/Final Object Repo/New Registration - Registration Module Pages/Form 2/Select Socso Employment Startdate Year' is clicked on

2018-12-06 19:34:30 - [TEST_STEP][PASSED] - delay: Delayed 2 second(s)

2018-12-06 19:34:32 - [MESSAGE][PASSED] - Delayed 2 second(s)

2018-12-06 19:34:32 - [TEST_STEP][PASSED] - click: Object: 'Object Repository/Final Object Repo/New Registration - Registration Module Pages/Form 2/Socso Employment Start Date Day' is clicked on

2018-12-06 19:34:32 - [MESSAGE][PASSED] - Object: 'Object Repository/Final Object Repo/New Registration - Registration Module Pages/Form 2/Socso Employment Start Date Day' is clicked on

2018-12-06 19:34:32 - [TEST_STEP][PASSED] - delay: Delayed 2 second(s)

2018-12-06 19:34:34 - [MESSAGE][PASSED] - Delayed 2 second(s)

2018-12-06 19:34:34 - [TEST_STEP][PASSED] - click: Object: 'Object Repository/Final Object Repo/New Registration - Registration Module Pages/Form 2/Save Button for Add Employee' is clicked on

2018-12-06 19:34:35 - [MESSAGE][PASSED] - Object: 'Object Repository/Final Object Repo/New Registration - Registration Module Pages/Form 2/Save Button for Add Employee' is clicked on

2018-12-06 19:34:35 - [TEST_STEP][PASSED] - delay: Delayed 6 second(s)

2018-12-06 19:34:41 - [MESSAGE][PASSED] - Delayed 6 second(s)

2018-12-06 19:34:41 - [TEST_STEP][PASSED] - click: Object: 'Object Repository/Final Object Repo/New Registration - Registration Module Pages/Form 2/Save and Continue Form 2' is clicked on

2018-12-06 19:34:41 - [MESSAGE][PASSED] - Object: 'Object Repository/Final Object Repo/New Registration - Registration Module Pages/Form 2/Save and Continue Form 2' is clicked on

2018-12-06 19:34:41 - [MESSAGE][PASSED] - Call Test Case 'Test Cases/Final Aug 2018 - PKS Automation/Registration Module/New Registration/Form 2/Add 1 Eligible - Employer Account Use' successfully

2018-12-06 19:34:41 - [TEST_STEP][PASSED] - callTestCase: Call Test Case 'Test Cases/Final Aug 2018 - PKS Automation/Registration Module/New Registration/Flow of New Registration/Third Screen - Upload Supporting Doc - Preview' successfully

2018-12-06 19:34:41 - [TEST_CASE][PASSED] - Test Cases/Final Aug 2018 - PKS Automation/Registration Module/New Registration/Flow of New Registration/Third Screen - Upload Supporting Doc - Preview: Test Cases/Final Aug 2018 - PKS Automation/Registration Module/New Registration/Flow of New Registration/Third Screen - Upload Supporting Doc - Preview

2018-12-06 19:34:41 - [TEST_STEP][PASSED] - waitForPageLoad: Wait for page load successfully

2018-12-06 19:34:42 - [MESSAGE][PASSED] - Wait for page load successfully

2018-12-06 19:34:42 - [TEST_STEP][PASSED] - Statement - CaseReferenceNo = com.kms.katalon.core.webui.keyword.WebUiBuiltInKeywords.getText(com.kms.katalon.core.testobject.ObjectRepository.findTestObject(Final Object Repo/New Registration - Registration Module Pages/Third Screen - Upload Supporting Doc- Preview/RefNo Acquiring)): Text of object 'Object Repository/Final Object Repo/New Registration - Registration Module Pages/Third Screen - Upload Supporting Doc- Preview/RefNo Acquiring' is: 'CRN12201800123057'

2018-12-06 19:34:42 - [MESSAGE][PASSED] - Text of object 'Object Repository/Final Object Repo/New Registration - Registration Module Pages/Third Screen - Upload Supporting Doc- Preview/RefNo Acquiring' is: 'CRN12201800123057'

2018-12-06 19:34:42 - [TEST_STEP][PASSED] - delay: Delayed 2 second(s)

2018-12-06 19:34:44 - [MESSAGE][PASSED] - Delayed 2 second(s)

2018-12-06 19:34:44 - [TEST_STEP][PASSED] - callTestCase: Call Test Case 'Test Cases/Final Aug 2018 - PKS Automation/Common/Reference Number Setter' successfully

2018-12-06 19:34:44 - [TEST_CASE][PASSED] - Test Cases/Final Aug 2018 - PKS Automation/Common/Reference Number Setter: Test Cases/Final Aug 2018 - PKS Automation/Common/Reference Number Setter

2018-12-06 19:34:44 - [TEST_STEP][PASSED] - Statement - RefNoOldFile = new java.io.File(C://Users//Admin//Desktop//PKS//Automation Reference Point//KatalonReference.txt): null

2018-12-06 19:34:44 - [TEST_STEP][PASSED] - Statement - RefNoOldFile.delete(): null

2018-12-06 19:34:44 - [TEST_STEP][PASSED] - delay: Delayed 5 second(s)

2018-12-06 19:34:49 - [MESSAGE][PASSED] - Delayed 5 second(s)

2018-12-06 19:34:49 - [TEST_STEP][PASSED] - Statement - RefNo = new java.io.File(C://Users//Admin//Desktop//PKS//Automation Reference Point//KatalonReference.txt): null

2018-12-06 19:34:49 - [TEST_STEP][PASSED] - Statement - f2 = new java.io.FileWriter(RefNo, false): null

2018-12-06 19:34:49 - [TEST_STEP][PASSED] - Statement - f2.write(CaseReferenceNo): null

2018-12-06 19:34:49 - [TEST_STEP][PASSED] - Statement - f2.close(): null

2018-12-06 19:34:49 - [TEST_STEP][PASSED] - Statement - out.println("


" + CaseReferenceNo + "


"): null

2018-12-06 19:34:49 - [MESSAGE][PASSED] - Call Test Case 'Test Cases/Final Aug 2018 - PKS Automation/Common/Reference Number Setter' successfully

2018-12-06 19:34:49 - [TEST_STEP][PASSED] - waitForElementClickable: Object 'Object Repository/Final Object Repo/New Registration - Registration Module Pages/Third Screen - Upload Supporting Doc- Preview/Save n Continue in SIP Employee Listing Page' is clickable

2018-12-06 19:34:49 - [MESSAGE][PASSED] - Object 'Object Repository/Final Object Repo/New Registration - Registration Module Pages/Third Screen - Upload Supporting Doc- Preview/Save n Continue in SIP Employee Listing Page' is clickable

2018-12-06 19:34:49 - [TEST_STEP][PASSED] - click: Object: 'Object Repository/Final Object Repo/New Registration - Registration Module Pages/Third Screen - Upload Supporting Doc- Preview/Save n Continue in SIP Employee Listing Page' is clicked on

2018-12-06 19:34:55 - [MESSAGE][PASSED] - Object: 'Object Repository/Final Object Repo/New Registration - Registration Module Pages/Third Screen - Upload Supporting Doc- Preview/Save n Continue in SIP Employee Listing Page' is clicked on

2018-12-06 19:34:55 - [TEST_STEP][PASSED] - delay: Delayed 7 second(s)

2018-12-06 19:35:02 - [MESSAGE][PASSED] - Delayed 7 second(s)

2018-12-06 19:35:02 - [TEST_STEP][PASSED] - click: Object: 'Object Repository/Final Object Repo/New Registration - Registration Module Pages/Third Screen - Upload Supporting Doc- Preview/Add Document Button' is clicked on

2018-12-06 19:35:02 - [MESSAGE][PASSED] - Object: 'Object Repository/Final Object Repo/New Registration - Registration Module Pages/Third Screen - Upload Supporting Doc- Preview/Add Document Button' is clicked on

2018-12-06 19:35:02 - [TEST_STEP][PASSED] - delay: Delayed 30 second(s)

2018-12-06 19:35:32 - [MESSAGE][PASSED] - Delayed 30 second(s)

2018-12-06 19:35:32 - [TEST_STEP][PASSED] - click: Object: 'Object Repository/Final Object Repo/New Registration - Registration Module Pages/Third Screen - Upload Supporting Doc- Preview/Supporting Doc Please Select Drop Down' is clicked on

2018-12-06 19:35:32 - [MESSAGE][PASSED] - Object: 'Object Repository/Final Object Repo/New Registration - Registration Module Pages/Third Screen - Upload Supporting Doc- Preview/Supporting Doc Please Select Drop Down' is clicked on

2018-12-06 19:35:32 - [TEST_STEP][PASSED] - delay: Delayed 2 second(s)

2018-12-06 19:35:34 - [MESSAGE][PASSED] - Delayed 2 second(s)

2018-12-06 19:35:34 - [TEST_STEP][PASSED] - click: Object: 'Object Repository/Final Object Repo/New Registration - Registration Module Pages/Third Screen - Upload Supporting Doc- Preview/Select to Upload Form 1' is clicked on

2018-12-06 19:35:34 - [MESSAGE][PASSED] - Object: 'Object Repository/Final Object Repo/New Registration - Registration Module Pages/Third Screen - Upload Supporting Doc- Preview/Select to Upload Form 1' is clicked on

2018-12-06 19:35:34 - [TEST_STEP][PASSED] - delay: Delayed 2 second(s)

2018-12-06 19:35:36 - [MESSAGE][PASSED] - Delayed 2 second(s)

2018-12-06 19:35:36 - [TEST_STEP][PASSED] - uploadFile: File 'C:\Users\Public\Pictures\Sample Pictures\Koala.jpg' sent to object: 'Object Repository/Final Object Repo/New Registration - Registration Module Pages/Third Screen - Upload Supporting Doc- Preview/Upload File Adding'

2018-12-06 19:35:36 - [MESSAGE][PASSED] - File 'C:\Users\Public\Pictures\Sample Pictures\Koala.jpg' sent to object: 'Object Repository/Final Object Repo/New Registration - Registration Module Pages/Third Screen - Upload Supporting Doc- Preview/Upload File Adding'

2018-12-06 19:35:36 - [TEST_STEP][PASSED] - delay: Delayed 5 second(s)

2018-12-06 19:35:41 - [MESSAGE][PASSED] - Delayed 5 second(s)

2018-12-06 19:35:41 - [TEST_STEP][PASSED] - click: Object: 'Object Repository/Final Object Repo/New Registration - Registration Module Pages/Third Screen - Upload Supporting Doc- Preview/Inner Form Add Document Button' is clicked on

2018-12-06 19:35:41 - [MESSAGE][PASSED] - Object: 'Object Repository/Final Object Repo/New Registration - Registration Module Pages/Third Screen - Upload Supporting Doc- Preview/Inner Form Add Document Button' is clicked on

2018-12-06 19:35:41 - [TEST_STEP][PASSED] - delay: Delayed 3 second(s)

2018-12-06 19:35:44 - [MESSAGE][PASSED] - Delayed 3 second(s)

2018-12-06 19:35:44 - [TEST_STEP][PASSED] - click: Object: 'Object Repository/Final Object Repo/New Registration - Registration Module Pages/Third Screen - Upload Supporting Doc- Preview/Add Document Button' is clicked on

2018-12-06 19:35:46 - [MESSAGE][PASSED] - Object: 'Object Repository/Final Object Repo/New Registration - Registration Module Pages/Third Screen - Upload Supporting Doc- Preview/Add Document Button' is clicked on

2018-12-06 19:35:46 - [TEST_STEP][PASSED] - delay: Delayed 30 second(s)

2018-12-06 19:36:16 - [MESSAGE][PASSED] - Delayed 30 second(s)

2018-12-06 19:36:16 - [TEST_STEP][PASSED] - click: Object: 'Object Repository/Final Object Repo/New Registration - Registration Module Pages/Third Screen - Upload Supporting Doc- Preview/Supporting Doc Please Select Drop Down' is clicked on

2018-12-06 19:36:16 - [MESSAGE][PASSED] - Object: 'Object Repository/Final Object Repo/New Registration - Registration Module Pages/Third Screen - Upload Supporting Doc- Preview/Supporting Doc Please Select Drop Down' is clicked on

2018-12-06 19:36:16 - [TEST_STEP][PASSED] - delay: Delayed 2 second(s)

2018-12-06 19:36:18 - [MESSAGE][PASSED] - Delayed 2 second(s)

2018-12-06 19:36:18 - [TEST_STEP][PASSED] - click: Object: 'Object Repository/Final Object Repo/New Registration - Registration Module Pages/Third Screen - Upload Supporting Doc- Preview/Select to Upload Form 2' is clicked on

2018-12-06 19:36:18 - [MESSAGE][PASSED] - Object: 'Object Repository/Final Object Repo/New Registration - Registration Module Pages/Third Screen - Upload Supporting Doc- Preview/Select to Upload Form 2' is clicked on

2018-12-06 19:36:18 - [TEST_STEP][PASSED] - delay: Delayed 2 second(s)

2018-12-06 19:36:20 - [MESSAGE][PASSED] - Delayed 2 second(s)

2018-12-06 19:36:20 - [TEST_STEP][PASSED] - uploadFile: File 'C:\Users\Public\Pictures\Sample Pictures\Koala.jpg' sent to object: 'Object Repository/Final Object Repo/New Registration - Registration Module Pages/Third Screen - Upload Supporting Doc- Preview/Upload File Adding'

2018-12-06 19:36:20 - [MESSAGE][PASSED] - File 'C:\Users\Public\Pictures\Sample Pictures\Koala.jpg' sent to object: 'Object Repository/Final Object Repo/New Registration - Registration Module Pages/Third Screen - Upload Supporting Doc- Preview/Upload File Adding'

2018-12-06 19:36:20 - [TEST_STEP][PASSED] - click: Object: 'Object Repository/Final Object Repo/New Registration - Registration Module Pages/Third Screen - Upload Supporting Doc- Preview/Inner Form Add Document Button' is clicked on

2018-12-06 19:36:20 - [MESSAGE][PASSED] - Object: 'Object Repository/Final Object Repo/New Registration - Registration Module Pages/Third Screen - Upload Supporting Doc- Preview/Inner Form Add Document Button' is clicked on

2018-12-06 19:36:20 - [TEST_STEP][PASSED] - delay: Delayed 5 second(s)

2018-12-06 19:36:25 - [MESSAGE][PASSED] - Delayed 5 second(s)

2018-12-06 19:36:25 - [TEST_STEP][PASSED] - click: Object: 'Object Repository/Final Object Repo/New Registration - Registration Module Pages/Third Screen - Upload Supporting Doc- Preview/Add Document Button' is clicked on

2018-12-06 19:36:25 - [MESSAGE][PASSED] - Object: 'Object Repository/Final Object Repo/New Registration - Registration Module Pages/Third Screen - Upload Supporting Doc- Preview/Add Document Button' is clicked on

2018-12-06 19:36:25 - [TEST_STEP][PASSED] - delay: Delayed 30 second(s)

2018-12-06 19:36:55 - [MESSAGE][PASSED] - Delayed 30 second(s)

2018-12-06 19:36:55 - [TEST_STEP][PASSED] - click: Object: 'Object Repository/Final Object Repo/New Registration - Registration Module Pages/Third Screen - Upload Supporting Doc- Preview/Supporting Doc Please Select Drop Down' is clicked on

2018-12-06 19:36:56 - [MESSAGE][PASSED] - Object: 'Object Repository/Final Object Repo/New Registration - Registration Module Pages/Third Screen - Upload Supporting Doc- Preview/Supporting Doc Please Select Drop Down' is clicked on

2018-12-06 19:36:56 - [TEST_STEP][PASSED] - click: Object: 'Object Repository/Final Object Repo/New Registration - Registration Module Pages/Third Screen - Upload Supporting Doc- Preview/Select to Upload Borang SIP 1' is clicked on

2018-12-06 19:36:56 - [MESSAGE][PASSED] - Object: 'Object Repository/Final Object Repo/New Registration - Registration Module Pages/Third Screen - Upload Supporting Doc- Preview/Select to Upload Borang SIP 1' is clicked on

2018-12-06 19:36:56 - [TEST_STEP][PASSED] - delay: Delayed 2 second(s)

2018-12-06 19:36:58 - [MESSAGE][PASSED] - Delayed 2 second(s)

2018-12-06 19:36:58 - [TEST_STEP][PASSED] - uploadFile: File 'C:\Users\Public\Pictures\Sample Pictures\Koala.jpg' sent to object: 'Object Repository/Final Object Repo/New Registration - Registration Module Pages/Third Screen - Upload Supporting Doc- Preview/Upload File Adding'

2018-12-06 19:36:58 - [MESSAGE][PASSED] - File 'C:\Users\Public\Pictures\Sample Pictures\Koala.jpg' sent to object: 'Object Repository/Final Object Repo/New Registration - Registration Module Pages/Third Screen - Upload Supporting Doc- Preview/Upload File Adding'

2018-12-06 19:36:58 - [TEST_STEP][PASSED] - click: Object: 'Object Repository/Final Object Repo/New Registration - Registration Module Pages/Third Screen - Upload Supporting Doc- Preview/Inner Form Add Document Button' is clicked on

2018-12-06 19:36:58 - [MESSAGE][PASSED] - Object: 'Object Repository/Final Object Repo/New Registration - Registration Module Pages/Third Screen - Upload Supporting Doc- Preview/Inner Form Add Document Button' is clicked on

2018-12-06 19:36:58 - [TEST_STEP][PASSED] - delay: Delayed 5 second(s)

2018-12-06 19:37:03 - [MESSAGE][PASSED] - Delayed 5 second(s)

2018-12-06 19:37:03 - [TEST_STEP][PASSED] - click: Object: 'Object Repository/Final Object Repo/New Registration - Registration Module Pages/Third Screen - Upload Supporting Doc- Preview/Add Document Button' is clicked on

2018-12-06 19:37:03 - [MESSAGE][PASSED] - Object: 'Object Repository/Final Object Repo/New Registration - Registration Module Pages/Third Screen - Upload Supporting Doc- Preview/Add Document Button' is clicked on

2018-12-06 19:37:03 - [TEST_STEP][PASSED] - delay: Delayed 30 second(s)

2018-12-06 19:37:33 - [MESSAGE][PASSED] - Delayed 30 second(s)

2018-12-06 19:37:33 - [TEST_STEP][PASSED] - click: Object: 'Object Repository/Final Object Repo/New Registration - Registration Module Pages/Third Screen - Upload Supporting Doc- Preview/Supporting Doc Please Select Drop Down' is clicked on

2018-12-06 19:37:33 - [MESSAGE][PASSED] - Object: 'Object Repository/Final Object Repo/New Registration - Registration Module Pages/Third Screen - Upload Supporting Doc- Preview/Supporting Doc Please Select Drop Down' is clicked on

2018-12-06 19:37:33 - [TEST_STEP][PASSED] - delay: Delayed 3 second(s)

2018-12-06 19:37:36 - [MESSAGE][PASSED] - Delayed 3 second(s)

2018-12-06 19:37:36 - [TEST_STEP][PASSED] - click: Object: 'Object Repository/Final Object Repo/New Registration - Registration Module Pages/Third Screen - Upload Supporting Doc- Preview/Select to Upload Borang SIP 2' is clicked on

2018-12-06 19:37:37 - [MESSAGE][PASSED] - Object: 'Object Repository/Final Object Repo/New Registration - Registration Module Pages/Third Screen - Upload Supporting Doc- Preview/Select to Upload Borang SIP 2' is clicked on

2018-12-06 19:37:37 - [TEST_STEP][PASSED] - delay: Delayed 2 second(s)

2018-12-06 19:37:39 - [MESSAGE][PASSED] - Delayed 2 second(s)

2018-12-06 19:37:39 - [TEST_STEP][PASSED] - uploadFile: File 'C:\Users\Public\Pictures\Sample Pictures\Koala.jpg' sent to object: 'Object Repository/Final Object Repo/New Registration - Registration Module Pages/Third Screen - Upload Supporting Doc- Preview/Upload File Adding'

2018-12-06 19:37:39 - [MESSAGE][PASSED] - File 'C:\Users\Public\Pictures\Sample Pictures\Koala.jpg' sent to object: 'Object Repository/Final Object Repo/New Registration - Registration Module Pages/Third Screen - Upload Supporting Doc- Preview/Upload File Adding'

2018-12-06 19:37:39 - [TEST_STEP][PASSED] - delay: Delayed 5 second(s)

2018-12-06 19:37:44 - [MESSAGE][PASSED] - Delayed 5 second(s)

2018-12-06 19:37:44 - [TEST_STEP][PASSED] - click: Object: 'Object Repository/Final Object Repo/New Registration - Registration Module Pages/Third Screen - Upload Supporting Doc- Preview/Inner Form Add Document Button' is clicked on

2018-12-06 19:37:44 - [MESSAGE][PASSED] - Object: 'Object Repository/Final Object Repo/New Registration - Registration Module Pages/Third Screen - Upload Supporting Doc- Preview/Inner Form Add Document Button' is clicked on

2018-12-06 19:37:44 - [TEST_STEP][PASSED] - delay: Delayed 3 second(s)

2018-12-06 19:37:47 - [MESSAGE][PASSED] - Delayed 3 second(s)

2018-12-06 19:37:47 - [TEST_STEP][PASSED] - waitForElementClickable: Object 'Object Repository/Final Object Repo/New Registration - Registration Module Pages/Third Screen - Upload Supporting Doc- Preview/Save n Continue in Uploading Supporting Doc Page' is clickable

2018-12-06 19:37:48 - [MESSAGE][PASSED] - Object 'Object Repository/Final Object Repo/New Registration - Registration Module Pages/Third Screen - Upload Supporting Doc- Preview/Save n Continue in Uploading Supporting Doc Page' is clickable

2018-12-06 19:37:48 - [TEST_STEP][PASSED] - click: Object: 'Object Repository/Final Object Repo/New Registration - Registration Module Pages/Third Screen - Upload Supporting Doc- Preview/Save n Continue in Uploading Supporting Doc Page' is clicked on

2018-12-06 19:37:48 - [MESSAGE][PASSED] - Object: 'Object Repository/Final Object Repo/New Registration - Registration Module Pages/Third Screen - Upload Supporting Doc- Preview/Save n Continue in Uploading Supporting Doc Page' is clicked on

2018-12-06 19:37:48 - [MESSAGE][PASSED] - Call Test Case 'Test Cases/Final Aug 2018 - PKS Automation/Registration Module/New Registration/Flow of New Registration/Third Screen - Upload Supporting Doc - Preview' successfully

2018-12-06 19:37:48 - [TEST_STEP][PASSED] - setText: Text 'Tester' is set on object 'Object Repository/Final Object Repo/New Registration - Registration Module Pages/New Reg - OTC to RO/Special Case - All Related Objects/Employer Preview Name'

2018-12-06 19:37:53 - [MESSAGE][PASSED] - Text 'Tester' is set on object 'Object Repository/Final Object Repo/New Registration - Registration Module Pages/New Reg - OTC to RO/Special Case - All Related Objects/Employer Preview Name'

2018-12-06 19:37:53 - [TEST_STEP][PASSED] - click: Object: 'Object Repository/Final Object Repo/New Registration - Registration Module Pages/New Reg - OTC to RO/Special Case - All Related Objects/IC Type Drop Down' is clicked on

2018-12-06 19:37:53 - [MESSAGE][PASSED] - Object: 'Object Repository/Final Object Repo/New Registration - Registration Module Pages/New Reg - OTC to RO/Special Case - All Related Objects/IC Type Drop Down' is clicked on

2018-12-06 19:37:53 - [TEST_STEP][PASSED] - click: Object: 'Object Repository/Final Object Repo/New Registration - Registration Module Pages/New Reg - OTC to RO/Special Case - All Related Objects/Select to NRIC' is clicked on

2018-12-06 19:37:53 - [MESSAGE][PASSED] - Object: 'Object Repository/Final Object Repo/New Registration - Registration Module Pages/New Reg - OTC to RO/Special Case - All Related Objects/Select to NRIC' is clicked on

2018-12-06 19:37:53 - [TEST_STEP][PASSED] - setText: Text '133245561223' is set on object 'Object Repository/Final Object Repo/New Registration - Registration Module Pages/New Reg - OTC to RO/Special Case - All Related Objects/IC Value'

2018-12-06 19:37:54 - [MESSAGE][PASSED] - Text '133245561223' is set on object 'Object Repository/Final Object Repo/New Registration - Registration Module Pages/New Reg - OTC to RO/Special Case - All Related Objects/IC Value'

2018-12-06 19:37:54 - [TEST_STEP][PASSED] - setText: Text 'Auto' is set on object 'Object Repository/Final Object Repo/New Registration - Registration Module Pages/New Reg - OTC to RO/Special Case - All Related Objects/Designation'

2018-12-06 19:37:54 - [MESSAGE][PASSED] - Text 'Auto' is set on object 'Object Repository/Final Object Repo/New Registration - Registration Module Pages/New Reg - OTC to RO/Special Case - All Related Objects/Designation'

2018-12-06 19:37:54 - [TEST_STEP][PASSED] - callTestCase: Call Test Case 'Test Cases/Final Aug 2018 - PKS Automation/Registration Module/New Registration/Submit and Screenshot/Submit Registration and Screenshot - Copy' successfully

2018-12-06 19:37:54 - [TEST_CASE][PASSED] - Test Cases/Final Aug 2018 - PKS Automation/Registration Module/New Registration/Submit and Screenshot/Submit Registration and Screenshot - Copy: Test Cases/Final Aug 2018 - PKS Automation/Registration Module/New Registration/Submit and Screenshot/Submit Registration and Screenshot - Copy

2018-12-06 19:37:54 - [TEST_STEP][PASSED] - delay: Delayed 6 second(s)

2018-12-06 19:38:00 - [MESSAGE][PASSED] - Delayed 6 second(s)

2018-12-06 19:38:00 - [TEST_STEP][PASSED] - click: Object: 'Object Repository/Final Object Repo/New Registration - Registration Module Pages/Third Screen - Upload Supporting Doc- Preview/Preview Submit Button' is clicked on

2018-12-06 19:38:00 - [MESSAGE][PASSED] - Object: 'Object Repository/Final Object Repo/New Registration - Registration Module Pages/Third Screen - Upload Supporting Doc- Preview/Preview Submit Button' is clicked on

2018-12-06 19:38:00 - [TEST_STEP][PASSED] - delay: Delayed 2 second(s)

2018-12-06 19:38:02 - [MESSAGE][PASSED] - Delayed 2 second(s)

2018-12-06 19:38:02 - [TEST_STEP][PASSED] - click: Object: 'Object Repository/Final Object Repo/New Registration - Registration Module Pages/Third Screen - Upload Supporting Doc- Preview/Preview Submit - Confirm' is clicked on

2018-12-06 19:38:03 - [MESSAGE][PASSED] - Object: 'Object Repository/Final Object Repo/New Registration - Registration Module Pages/Third Screen - Upload Supporting Doc- Preview/Preview Submit - Confirm' is clicked on

2018-12-06 19:38:03 - [TEST_STEP][PASSED] - delay: Delayed 15 second(s)

2018-12-06 19:38:18 - [MESSAGE][PASSED] - Delayed 15 second(s)

2018-12-06 19:38:18 - [TEST_STEP][PASSED] - Statement - driver = com.kms.katalon.core.webui.driver.DriverFactory.getWebDriver(): null

2018-12-06 19:38:18 - [TEST_STEP][PASSED] - Statement - driver.manage().timeouts().implicitlyWait(10, SECONDS): null

2018-12-06 19:38:18 - [TEST_STEP][PASSED] - Statement - PresavePath = KatalonScreenshots: null

2018-12-06 19:38:18 - [TEST_STEP][PASSED] - Statement - pathPrefix = "C:\Users\Public\Pictures\Sample Pictures\Katalon Screenshots\Automate Ending Screen": null

2018-12-06 19:38:18 - [TEST_STEP][PASSED] - Statement - finalPath = <not implemented yet for class: org.codehaus.groovy.ast.expr.EmptyExpression>: null

2018-12-06 19:38:18 - [TEST_STEP][PASSED] - Statement - scrFile = driver.getScreenshotAs(FILE): null

2018-12-06 19:38:18 - [TEST_STEP][PASSED] - Statement - PreSaveFile = new java.io.File(PresavePath): null

2018-12-06 19:38:18 - [TEST_STEP][PASSED] - Statement - counter = 0: null

2018-12-06 19:38:18 - [TEST_STEP][PASSED] - Statement - If (PreSaveFile.exists()): null

2018-12-06 19:38:18 - [TEST_STEP][PASSED] - Statement - While (PreSaveFile.exists()): null

2018-12-06 19:38:18 - [TEST_STEP][PASSED] - Statement - counter = counter + 1: null

2018-12-06 19:38:18 - [TEST_STEP][PASSED] - Statement - PreSaveFile = new java.io.File(((pathPrefix + java.lang.Integer.toString(counter)) + .png)): null

2018-12-06 19:38:18 - [TEST_STEP][PASSED] - Statement - counter = counter + 1: null

2018-12-06 19:38:18 - [TEST_STEP][PASSED] - Statement - PreSaveFile = new java.io.File(((pathPrefix + java.lang.Integer.toString(counter)) + .png)): null

2018-12-06 19:38:18 - [TEST_STEP][PASSED] - Statement - counter = counter + 1: null

2018-12-06 19:38:18 - [TEST_STEP][PASSED] - Statement - PreSaveFile = new java.io.File(((pathPrefix + java.lang.Integer.toString(counter)) + .png)): null

2018-12-06 19:38:18 - [TEST_STEP][PASSED] - Statement - counter = counter + 1: null

2018-12-06 19:38:18 - [TEST_STEP][PASSED] - Statement - PreSaveFile = new java.io.File(((pathPrefix + java.lang.Integer.toString(counter)) + .png)): null

2018-12-06 19:38:18 - [TEST_STEP][PASSED] - Statement - counter = counter + 1: null

2018-12-06 19:38:18 - [TEST_STEP][PASSED] - Statement - PreSaveFile = new java.io.File(((pathPrefix + java.lang.Integer.toString(counter)) + .png)): null

2018-12-06 19:38:18 - [TEST_STEP][PASSED] - Statement - counter = counter + 1: null

2018-12-06 19:38:18 - [TEST_STEP][PASSED] - Statement - PreSaveFile = new java.io.File(((pathPrefix + java.lang.Integer.toString(counter)) + .png)): null

2018-12-06 19:38:18 - [TEST_STEP][PASSED] - Statement - counter = counter + 1: null

2018-12-06 19:38:18 - [TEST_STEP][PASSED] - Statement - PreSaveFile = new java.io.File(((pathPrefix + java.lang.Integer.toString(counter)) + .png)): null

2018-12-06 19:38:18 - [TEST_STEP][PASSED] - Statement - counter = counter + 1: null

2018-12-06 19:38:18 - [TEST_STEP][PASSED] - Statement - PreSaveFile = new java.io.File(((pathPrefix + java.lang.Integer.toString(counter)) + .png)): null

2018-12-06 19:38:18 - [TEST_STEP][PASSED] - Statement - counter = counter + 1: null

2018-12-06 19:38:18 - [TEST_STEP][PASSED] - Statement - PreSaveFile = new java.io.File(((pathPrefix + java.lang.Integer.toString(counter)) + .png)): null

2018-12-06 19:38:18 - [TEST_STEP][PASSED] - Statement - counter = counter + 1: null

2018-12-06 19:38:18 - [TEST_STEP][PASSED] - Statement - PreSaveFile = new java.io.File(((pathPrefix + java.lang.Integer.toString(counter)) + .png)): null

2018-12-06 19:38:18 - [TEST_STEP][PASSED] - Statement - counter = counter + 1: null

2018-12-06 19:38:18 - [TEST_STEP][PASSED] - Statement - PreSaveFile = new java.io.File(((pathPrefix + java.lang.Integer.toString(counter)) + .png)): null

2018-12-06 19:38:18 - [TEST_STEP][PASSED] - Statement - counter = counter + 1: null

2018-12-06 19:38:18 - [TEST_STEP][PASSED] - Statement - PreSaveFile = new java.io.File(((pathPrefix + java.lang.Integer.toString(counter)) + .png)): null

2018-12-06 19:38:18 - [TEST_STEP][PASSED] - Statement - counter = counter + 1: null

2018-12-06 19:38:18 - [TEST_STEP][PASSED] - Statement - PreSaveFile = new java.io.File(((pathPrefix + java.lang.Integer.toString(counter)) + .png)): null

2018-12-06 19:38:18 - [TEST_STEP][PASSED] - Statement - counter = counter + 1: null

2018-12-06 19:38:18 - [TEST_STEP][PASSED] - Statement - PreSaveFile = new java.io.File(((pathPrefix + java.lang.Integer.toString(counter)) + .png)): null

2018-12-06 19:38:18 - [TEST_STEP][PASSED] - Statement - counter = counter + 1: null

2018-12-06 19:38:18 - [TEST_STEP][PASSED] - Statement - PreSaveFile = new java.io.File(((pathPrefix + java.lang.Integer.toString(counter)) + .png)): null

2018-12-06 19:38:18 - [TEST_STEP][PASSED] - Statement - counter = counter + 1: null

2018-12-06 19:38:18 - [TEST_STEP][PASSED] - Statement - PreSaveFile = new java.io.File(((pathPrefix + java.lang.Integer.toString(counter)) + .png)): null

2018-12-06 19:38:18 - [TEST_STEP][PASSED] - Statement - counter = counter + 1: null

2018-12-06 19:38:18 - [TEST_STEP][PASSED] - Statement - PreSaveFile = new java.io.File(((pathPrefix + java.lang.Integer.toString(counter)) + .png)): null

2018-12-06 19:38:18 - [TEST_STEP][PASSED] - Statement - counter = counter + 1: null

2018-12-06 19:38:18 - [TEST_STEP][PASSED] - Statement - PreSaveFile = new java.io.File(((pathPrefix + java.lang.Integer.toString(counter)) + .png)): null

2018-12-06 19:38:18 - [TEST_STEP][PASSED] - Statement - counter = counter + 1: null

2018-12-06 19:38:18 - [TEST_STEP][PASSED] - Statement - PreSaveFile = new java.io.File(((pathPrefix + java.lang.Integer.toString(counter)) + .png)): null

2018-12-06 19:38:18 - [TEST_STEP][PASSED] - Statement - counter = counter + 1: null

2018-12-06 19:38:18 - [TEST_STEP][PASSED] - Statement - PreSaveFile = new java.io.File(((pathPrefix + java.lang.Integer.toString(counter)) + .png)): null

2018-12-06 19:38:18 - [TEST_STEP][PASSED] - Statement - counter = counter + 1: null

2018-12-06 19:38:18 - [TEST_STEP][PASSED] - Statement - PreSaveFile = new java.io.File(((pathPrefix + java.lang.Integer.toString(counter)) + .png)): null

2018-12-06 19:38:18 - [TEST_STEP][PASSED] - Statement - counter = counter + 1: null

2018-12-06 19:38:18 - [TEST_STEP][PASSED] - Statement - PreSaveFile = new java.io.File(((pathPrefix + java.lang.Integer.toString(counter)) + .png)): null

2018-12-06 19:38:18 - [TEST_STEP][PASSED] - Statement - finalPath = pathPrefix + java.lang.Integer.toString(counter) + ".png": null

2018-12-06 19:38:18 - [TEST_STEP][PASSED] - Statement - SaveFile = new java.io.File(finalPath): null

2018-12-06 19:38:18 - [TEST_STEP][PASSED] - Statement - Try: null

2018-12-06 19:38:18 - [TEST_STEP][PASSED] - Statement - org.apache.commons.io.FileUtils.copyFile(scrFile, SaveFile): null

2018-12-06 19:38:18 - [TEST_STEP][PASSED] - Statement - out.println("file kept"): null

2018-12-06 19:38:18 - [TEST_STEP][PASSED] - delay: Delayed 10 second(s)

2018-12-06 19:38:28 - [MESSAGE][PASSED] - Delayed 10 second(s)

2018-12-06 19:38:28 - [MESSAGE][PASSED] - Call Test Case 'Test Cases/Final Aug 2018 - PKS Automation/Registration Module/New Registration/Submit and Screenshot/Submit Registration and Screenshot - Copy' successfully

2018-12-06 19:38:28 - [TEST_STEP][PASSED] - Statement - UpdateAddNewECode = com.kms.katalon.core.webui.keyword.WebUiBuiltInKeywords.getText(com.kms.katalon.core.testobject.ObjectRepository.findTestObject(Object Repository/Final Object Repo/Page_Update Add New Employee - ASSIST/getEmpCode)): Text of object 'Object Repository/Final Object Repo/Page_Update Add New Employee - ASSIST/getEmpCode' is: 'E1102070641X'

2018-12-06 19:38:28 - [MESSAGE][PASSED] - Text of object 'Object Repository/Final Object Repo/Page_Update Add New Employee - ASSIST/getEmpCode' is: 'E1102070641X'

2018-12-06 19:38:28 - [TEST_STEP][PASSED] - callTestCase: Call Test Case 'Test Cases/Final Aug 2018 - PKS Automation/Common/Emp Code Setter' successfully

2018-12-06 19:38:28 - [TEST_CASE][PASSED] - Test Cases/Final Aug 2018 - PKS Automation/Common/Emp Code Setter: Test Cases/Final Aug 2018 - PKS Automation/Common/Emp Code Setter

2018-12-06 19:38:29 - [TEST_STEP][PASSED] - Statement - EmpCodeOld = new java.io.File(C://Users//Admin//Desktop//PKS//Automation Reference Point//EmpCode.txt): null

2018-12-06 19:38:29 - [TEST_STEP][PASSED] - Statement - EmpCodeOld.delete(): null

2018-12-06 19:38:29 - [TEST_STEP][PASSED] - Statement - EmpCode = new java.io.File(C://Users//Admin//Desktop//PKS//Automation Reference Point//EmpCode.txt): null

2018-12-06 19:38:29 - [TEST_STEP][PASSED] - Statement - f2 = new java.io.FileWriter(EmpCode, false): null

2018-12-06 19:38:29 - [TEST_STEP][PASSED] - Statement - f2.write(UpdateAddNewECode): null

2018-12-06 19:38:29 - [TEST_STEP][PASSED] - Statement - f2.close(): null

2018-12-06 19:38:29 - [TEST_STEP][PASSED] - Statement - out.println("


" + UpdateAddNewECode + "


"): null

2018-12-06 19:38:29 - [MESSAGE][PASSED] - Call Test Case 'Test Cases/Final Aug 2018 - PKS Automation/Common/Emp Code Setter' successfully

2018-12-06 19:38:29 - [MESSAGE][PASSED] - Call Test Case 'Test Cases/Final Aug 2018 - PKS Automation/Registration Module/Workflow/Update Add New Employee/Template/New Company for Update Add New - Employer' successfully

2018-12-06 19:38:29 - [TEST_STEP][PASSED] - callTestCase: Call Test Case 'Test Cases/Final Aug 2018 - PKS Automation/Create Employer Acc/Login to Employer Account (Second time)' successfully

2018-12-06 19:38:29 - [TEST_CASE][PASSED] - Test Cases/Final Aug 2018 - PKS Automation/Create Employer Acc/Login to Employer Account (Second time): Test Cases/Final Aug 2018 - PKS Automation/Create Employer Acc/Login to Employer Account (Second time)

2018-12-06 19:38:29 - [TEST_STEP][PASSED] - openBrowser: Browser is opened with url: ''

2018-12-06 19:38:29 - [MESSAGE][WARNING] - A browser is already opened. Closing browser and opening a new one

2018-12-06 19:38:31 - [MESSAGE][PASSED] - Browser is opened with url: ''

2018-12-06 19:38:31 - [TEST_STEP][PASSED] - navigateToUrl: Navigate to 'https://assist2-uat.perkeso.gov.my/employer/login' successfully

2018-12-06 19:38:32 - [MESSAGE][PASSED] - Navigate to 'https://assist2-uat.perkeso.gov.my/employer/login' successfully

2018-12-06 19:38:32 - [TEST_STEP][PASSED] - delay: Delayed 3 second(s)

2018-12-06 19:38:35 - [MESSAGE][PASSED] - Delayed 3 second(s)

2018-12-06 19:38:35 - [TEST_STEP][PASSED] - callTestCase: Call Test Case 'Test Cases/Final Aug 2018 - PKS Automation/Create Employer Acc/Template/Employer Email Getter' successfully

2018-12-06 19:38:36 - [TEST_CASE][PASSED] - Test Cases/Final Aug 2018 - PKS Automation/Create Employer Acc/Template/Employer Email Getter: Test Cases/Final Aug 2018 - PKS Automation/Create Employer Acc/Template/Employer Email Getter

2018-12-06 19:38:36 - [TEST_STEP][PASSED] - Statement - Try: null

2018-12-06 19:38:36 - [TEST_STEP][PASSED] - Statement - EmpEmail = new java.io.File(C://Users//Admin//Desktop//PKS//Automation Reference Point//EmpEmail.txt): null

2018-12-06 19:38:36 - [TEST_STEP][PASSED] - Statement - bufferread = new java.io.BufferedReader(new java.io.FileReader(EmpEmail)): null

2018-12-06 19:38:36 - [TEST_STEP][PASSED] - Statement - readedVal = bufferread.readLine(): null

2018-12-06 19:38:36 - [TEST_STEP][PASSED] - Statement - out.println(readedVal): null

2018-12-06 19:38:36 - [TEST_STEP][PASSED] - Statement - Email = readedVal: null

2018-12-06 19:38:36 - [MESSAGE][PASSED] - Call Test Case 'Test Cases/Final Aug 2018 - PKS Automation/Create Employer Acc/Template/Employer Email Getter' successfully

2018-12-06 19:38:36 - [TEST_STEP][PASSED] - setText: Text 'perkeso702740910432@gmail.com' is set on object 'Object Repository/Final Object Repo/Login Page/External Login Page/Email'

2018-12-06 19:38:36 - [MESSAGE][PASSED] - Text 'perkeso702740910432@gmail.com' is set on object 'Object Repository/Final Object Repo/Login Page/External Login Page/Email'

2018-12-06 19:38:36 - [TEST_STEP][PASSED] - click: Object: 'Object Repository/Final Object Repo/Login Page/External Login Page/Next' is clicked on

2018-12-06 19:38:36 - [MESSAGE][PASSED] - Object: 'Object Repository/Final Object Repo/Login Page/External Login Page/Next' is clicked on

2018-12-06 19:38:36 - [TEST_STEP][PASSED] - delay: Delayed 3 second(s)

2018-12-06 19:38:39 - [MESSAGE][PASSED] - Delayed 3 second(s)

2018-12-06 19:38:39 - [TEST_STEP][PASSED] - setEncryptedText: Text ****** has been set on object 'Object Repository/Final Object Repo/Login Page/External Login Page/Password'

2018-12-06 19:38:39 - [MESSAGE][PASSED] - Text ****** has been set on object 'Object Repository/Final Object Repo/Login Page/External Login Page/Password'

2018-12-06 19:38:39 - [TEST_STEP][PASSED] - click: Object: 'Object Repository/Final Object Repo/Login Page/External Login Page/Login' is clicked on

2018-12-06 19:38:40 - [MESSAGE][PASSED] - Object: 'Object Repository/Final Object Repo/Login Page/External Login Page/Login' is clicked on

2018-12-06 19:38:40 - [TEST_STEP][PASSED] - delay: Delayed 5 second(s)

2018-12-06 19:38:45 - [MESSAGE][PASSED] - Delayed 5 second(s)

2018-12-06 19:38:45 - [MESSAGE][PASSED] - Call Test Case 'Test Cases/Final Aug 2018 - PKS Automation/Create Employer Acc/Login to Employer Account (Second time)' successfully

2018-12-06 19:38:45 - [TEST_STEP][PASSED] - navigateToUrl: Navigate to 'https://assist2-uat.perkeso.gov.my/web/registration/update/form-1a-cessation-as-employer-discontinue-business-' successfully

2018-12-06 19:38:45 - [MESSAGE][PASSED] - Navigate to 'https://assist2-uat.perkeso.gov.my/web/registration/update/form-1a-cessation-as-employer-discontinue-business-' successfully

2018-12-06 19:38:45 - [TEST_STEP][PASSED] - callTestCase: Call Test Case 'Test Cases/Final Aug 2018 - PKS Automation/Common/Emp Code Getter' successfully

2018-12-06 19:38:45 - [TEST_CASE][PASSED] - Test Cases/Final Aug 2018 - PKS Automation/Common/Emp Code Getter: Test Cases/Final Aug 2018 - PKS Automation/Common/Emp Code Getter

2018-12-06 19:38:46 - [TEST_STEP][PASSED] - Statement - Try: null

2018-12-06 19:38:46 - [TEST_STEP][PASSED] - Statement - EmpCode = new java.io.File(C://Users//Admin//Desktop//PKS//Automation Reference Point//EmpCode.txt): null

2018-12-06 19:38:46 - [TEST_STEP][PASSED] - Statement - bufferread = new java.io.BufferedReader(new java.io.FileReader(EmpCode)): null

2018-12-06 19:38:46 - [TEST_STEP][PASSED] - Statement - readedVal = bufferread.readLine(): null

2018-12-06 19:38:46 - [TEST_STEP][PASSED] - Statement - out.println(readedVal): null

2018-12-06 19:38:46 - [TEST_STEP][PASSED] - Statement - UpdateAddNewECode = readedVal: null

2018-12-06 19:38:46 - [MESSAGE][PASSED] - Call Test Case 'Test Cases/Final Aug 2018 - PKS Automation/Common/Emp Code Getter' successfully

2018-12-06 19:38:46 - [TEST_STEP][PASSED] - setText: Text 'E1102070641X' is set on object 'Object Repository/Final Object Repo/Page_Update Employer Information/Employer Code'

2018-12-06 19:38:46 - [MESSAGE][PASSED] - Text 'E1102070641X' is set on object 'Object Repository/Final Object Repo/Page_Update Employer Information/Employer Code'

2018-12-06 19:38:46 - [TEST_STEP][PASSED] - click: Object: 'Object Repository/Final Object Repo/Page_Update Employer Information/Search Button' is clicked on

2018-12-06 19:38:46 - [MESSAGE][PASSED] - Object: 'Object Repository/Final Object Repo/Page_Update Employer Information/Search Button' is clicked on

2018-12-06 19:38:46 - [TEST_STEP][PASSED] - delay: Delayed 2 second(s)

2018-12-06 19:38:48 - [MESSAGE][PASSED] - Delayed 2 second(s)

2018-12-06 19:38:48 - [TEST_STEP][PASSED] - click: Object: 'Object Repository/Final Object Repo/Page_Update Employer Information/Edit Button' is clicked on

2018-12-06 19:38:49 - [MESSAGE][PASSED] - Object: 'Object Repository/Final Object Repo/Page_Update Employer Information/Edit Button' is clicked on

2018-12-06 19:38:49 - [TEST_STEP][PASSED] - Statement - abc = com.kms.katalon.core.webui.keyword.WebUiBuiltInKeywords.getAttribute(com.kms.katalon.core.testobject.ObjectRepository.findTestObject(Final Object Repo/Page_Form 1A - Cessation As Employer/Employer Status), "value"): Attribute 'value' of object 'Object Repository/Final Object Repo/Page_Form 1A - Cessation As Employer/Employer Status' is: 'Active'

2018-12-06 19:38:49 - [MESSAGE][PASSED] - Attribute 'value' of object 'Object Repository/Final Object Repo/Page_Form 1A - Cessation As Employer/Employer Status' is: 'Active'

2018-12-06 19:38:49 - [TEST_STEP][PASSED] - Statement - out.println(abc): null

2018-12-06 19:38:49 - [TEST_STEP][PASSED] - Statement - If (abc == "Active"): Object: 'Object Repository/Final Object Repo/Page_Form 1A - Cessation As Employer/Change Employer Status to - Dormant' is clicked on

2018-12-06 19:38:49 - [TEST_STEP][PASSED] - click: Object: 'Object Repository/Final Object Repo/Page_Form 1A - Cessation As Employer/Change Employer Status to' is clicked on

2018-12-06 19:38:49 - [MESSAGE][PASSED] - Object: 'Object Repository/Final Object Repo/Page_Form 1A - Cessation As Employer/Change Employer Status to' is clicked on

2018-12-06 19:38:49 - [TEST_STEP][PASSED] - click: Object: 'Object Repository/Final Object Repo/Page_Form 1A - Cessation As Employer/Change Employer Status to - Dormant' is clicked on

2018-12-06 19:38:50 - [MESSAGE][PASSED] - Object: 'Object Repository/Final Object Repo/Page_Form 1A - Cessation As Employer/Change Employer Status to - Dormant' is clicked on

2018-12-06 19:38:50 - [TEST_STEP][PASSED] - click: Object: 'Object Repository/Final Object Repo/Page_Form 1A - Cessation As Employer/Calender' is clicked on

2018-12-06 19:38:50 - [MESSAGE][PASSED] - Object: 'Object Repository/Final Object Repo/Page_Form 1A - Cessation As Employer/Calender' is clicked on

2018-12-06 19:38:50 - [TEST_STEP][PASSED] - click: Object: 'Object Repository/Final Object Repo/Page_Form 1A - Cessation As Employer/Calender - Date' is clicked on

2018-12-06 19:38:50 - [MESSAGE][PASSED] - Object: 'Object Repository/Final Object Repo/Page_Form 1A - Cessation As Employer/Calender - Date' is clicked on

2018-12-06 19:38:50 - [TEST_STEP][PASSED] - delay: Delayed 2 second(s)

2018-12-06 19:38:52 - [MESSAGE][PASSED] - Delayed 2 second(s)

2018-12-06 19:38:52 - [TEST_STEP][PASSED] - click: Object: 'Object Repository/Final Object Repo/Page_Form 1A - Cessation As Employer/Save  Continue in Form 1A Page' is clicked on

2018-12-06 19:38:52 - [MESSAGE][PASSED] - Object: 'Object Repository/Final Object Repo/Page_Form 1A - Cessation As Employer/Save  Continue in Form 1A Page' is clicked on

2018-12-06 19:38:52 - [TEST_STEP][PASSED] - delay: Delayed 2 second(s)

2018-12-06 19:38:54 - [MESSAGE][PASSED] - Delayed 2 second(s)

2018-12-06 19:38:54 - [TEST_STEP][PASSED] - click: Object: 'Object Repository/Final Object Repo/Page_Form 1A - Cessation As Employer/Employment Resign Date' is clicked on

2018-12-06 19:38:54 - [MESSAGE][PASSED] - Object: 'Object Repository/Final Object Repo/Page_Form 1A - Cessation As Employer/Employment Resign Date' is clicked on

2018-12-06 19:38:54 - [TEST_STEP][PASSED] - delay: Delayed 1 second(s)

2018-12-06 19:38:55 - [MESSAGE][PASSED] - Delayed 1 second(s)

2018-12-06 19:38:55 - [TEST_STEP][PASSED] - Statement - CaseReferenceNo = com.kms.katalon.core.webui.keyword.WebUiBuiltInKeywords.getText(com.kms.katalon.core.testobject.ObjectRepository.findTestObject(Final Object Repo/Page_Update Employer Information/Reference Number in Update Employee Information Page)): Text of object 'Object Repository/Final Object Repo/Page_Update Employer Information/Reference Number in Update Employee Information Page' is: 'CUN122018C200001693'

2018-12-06 19:38:55 - [MESSAGE][PASSED] - Text of object 'Object Repository/Final Object Repo/Page_Update Employer Information/Reference Number in Update Employee Information Page' is: 'CUN122018C200001693'

2018-12-06 19:38:55 - [TEST_STEP][PASSED] - callTestCase: Call Test Case 'Test Cases/Final Aug 2018 - PKS Automation/Common/Reference Number Setter' successfully

2018-12-06 19:38:56 - [TEST_CASE][PASSED] - Test Cases/Final Aug 2018 - PKS Automation/Common/Reference Number Setter: Test Cases/Final Aug 2018 - PKS Automation/Common/Reference Number Setter

2018-12-06 19:38:56 - [TEST_STEP][PASSED] - Statement - RefNoOldFile = new java.io.File(C://Users//Admin//Desktop//PKS//Automation Reference Point//KatalonReference.txt): null

2018-12-06 19:38:56 - [TEST_STEP][PASSED] - Statement - RefNoOldFile.delete(): null

2018-12-06 19:38:56 - [TEST_STEP][PASSED] - delay: Delayed 5 second(s)

2018-12-06 19:39:01 - [MESSAGE][PASSED] - Delayed 5 second(s)

2018-12-06 19:39:01 - [TEST_STEP][PASSED] - Statement - RefNo = new java.io.File(C://Users//Admin//Desktop//PKS//Automation Reference Point//KatalonReference.txt): null

2018-12-06 19:39:01 - [TEST_STEP][PASSED] - Statement - f2 = new java.io.FileWriter(RefNo, false): null

2018-12-06 19:39:01 - [TEST_STEP][PASSED] - Statement - f2.write(CaseReferenceNo): null

2018-12-06 19:39:01 - [TEST_STEP][PASSED] - Statement - f2.close(): null

2018-12-06 19:39:01 - [TEST_STEP][PASSED] - Statement - out.println("


" + CaseReferenceNo + "


"): null

2018-12-06 19:39:01 - [MESSAGE][PASSED] - Call Test Case 'Test Cases/Final Aug 2018 - PKS Automation/Common/Reference Number Setter' successfully

2018-12-06 19:39:01 - [TEST_STEP][PASSED] - selectOptionByValue: All options with value '2030' are selected in object 'Object Repository/Final Object Repo/Page_Form 1A - Cessation As Employer/Employment Resign Date - Year' 

2018-12-06 19:39:01 - [MESSAGE][PASSED] - All options with value '2030' are selected in object 'Object Repository/Final Object Repo/Page_Form 1A - Cessation As Employer/Employment Resign Date - Year' 

2018-12-06 19:39:01 - [TEST_STEP][PASSED] - delay: Delayed 1 second(s)

2018-12-06 19:39:02 - [MESSAGE][PASSED] - Delayed 1 second(s)

2018-12-06 19:39:02 - [TEST_STEP][PASSED] - click: Object: 'Object Repository/Final Object Repo/Page_Form 1A - Cessation As Employer/Employment Resign Date - Year - Date' is clicked on

2018-12-06 19:39:02 - [MESSAGE][PASSED] - Object: 'Object Repository/Final Object Repo/Page_Form 1A - Cessation As Employer/Employment Resign Date - Year - Date' is clicked on

2018-12-06 19:39:02 - [TEST_STEP][PASSED] - delay: Delayed 2 second(s)

2018-12-06 19:39:04 - [MESSAGE][PASSED] - Delayed 2 second(s)

2018-12-06 19:39:04 - [TEST_STEP][PASSED] - click: Object: 'Object Repository/Final Object Repo/Page_Form 1A - Cessation As Employer/Save  Continue in Update Add Employee Resigned Date Page' is clicked on

2018-12-06 19:39:04 - [MESSAGE][PASSED] - Object: 'Object Repository/Final Object Repo/Page_Form 1A - Cessation As Employer/Save  Continue in Update Add Employee Resigned Date Page' is clicked on

2018-12-06 19:39:04 - [TEST_STEP][PASSED] - delay: Delayed 2 second(s)

2018-12-06 19:39:06 - [MESSAGE][PASSED] - Delayed 2 second(s)

2018-12-06 19:39:06 - [TEST_STEP][PASSED] - click: Object: 'Object Repository/Final Object Repo/Page_Form 1A - Cessation As Employer/Set Latest - Yes' is clicked on

2018-12-06 19:39:06 - [MESSAGE][PASSED] - Object: 'Object Repository/Final Object Repo/Page_Form 1A - Cessation As Employer/Set Latest - Yes' is clicked on

2018-12-06 19:39:06 - [TEST_STEP][PASSED] - delay: Delayed 2 second(s)

2018-12-06 19:39:08 - [MESSAGE][PASSED] - Delayed 2 second(s)

2018-12-06 19:39:08 - [TEST_STEP][PASSED] - click: Object: 'Object Repository/Final Object Repo/Page_Form 1A - Cessation As Employer/Add Document' is clicked on

2018-12-06 19:39:09 - [MESSAGE][PASSED] - Object: 'Object Repository/Final Object Repo/Page_Form 1A - Cessation As Employer/Add Document' is clicked on

2018-12-06 19:39:09 - [TEST_STEP][PASSED] - delay: Delayed 3 second(s)

2018-12-06 19:39:12 - [MESSAGE][PASSED] - Delayed 3 second(s)

2018-12-06 19:39:12 - [TEST_STEP][PASSED] - click: Object: 'Object Repository/Final Object Repo/Page_Form 1A - Cessation As Employer/Document Type' is clicked on

2018-12-06 19:39:12 - [MESSAGE][PASSED] - Object: 'Object Repository/Final Object Repo/Page_Form 1A - Cessation As Employer/Document Type' is clicked on

2018-12-06 19:39:12 - [TEST_STEP][PASSED] - delay: Delayed 2 second(s)

2018-12-06 19:39:14 - [MESSAGE][PASSED] - Delayed 2 second(s)

2018-12-06 19:39:14 - [TEST_STEP][PASSED] - click: Object: 'Object Repository/Final Object Repo/Page_Form 1A - Cessation As Employer/Document Type - Supporting Document For Cessation' is clicked on

2018-12-06 19:39:14 - [MESSAGE][PASSED] - Object: 'Object Repository/Final Object Repo/Page_Form 1A - Cessation As Employer/Document Type - Supporting Document For Cessation' is clicked on

2018-12-06 19:39:14 - [TEST_STEP][PASSED] - delay: Delayed 2 second(s)

2018-12-06 19:39:16 - [MESSAGE][PASSED] - Delayed 2 second(s)

2018-12-06 19:39:16 - [TEST_STEP][PASSED] - sendKeys: Keys 'C:\Users\Public\Pictures\Sample Pictures\Koala.jpg' sent to object: 'Object Repository/Final Object Repo/Page_Form 1A - Cessation As Employer/Uploading File'

2018-12-06 19:39:17 - [MESSAGE][PASSED] - Keys 'C:\Users\Public\Pictures\Sample Pictures\Koala.jpg' sent to object: 'Object Repository/Final Object Repo/Page_Form 1A - Cessation As Employer/Uploading File'

2018-12-06 19:39:17 - [TEST_STEP][PASSED] - delay: Delayed 2 second(s)

2018-12-06 19:39:19 - [MESSAGE][PASSED] - Delayed 2 second(s)

2018-12-06 19:39:19 - [TEST_STEP][PASSED] - click: Object: 'Object Repository/Final Object Repo/Page_Form 1A - Cessation As Employer/Add Document in Uploading Page' is clicked on

2018-12-06 19:39:19 - [MESSAGE][PASSED] - Object: 'Object Repository/Final Object Repo/Page_Form 1A - Cessation As Employer/Add Document in Uploading Page' is clicked on

2018-12-06 19:39:19 - [TEST_STEP][PASSED] - delay: Delayed 2 second(s)

2018-12-06 19:39:21 - [MESSAGE][PASSED] - Delayed 2 second(s)

2018-12-06 19:39:21 - [TEST_STEP][PASSED] - click: Object: 'Object Repository/Final Object Repo/Page_Form 1A - Cessation As Employer/Save  Continue in Uploading Page' is clicked on

2018-12-06 19:39:23 - [MESSAGE][PASSED] - Object: 'Object Repository/Final Object Repo/Page_Form 1A - Cessation As Employer/Save  Continue in Uploading Page' is clicked on

2018-12-06 19:39:23 - [TEST_STEP][PASSED] - delay: Delayed 2 second(s)

2018-12-06 19:39:25 - [MESSAGE][PASSED] - Delayed 2 second(s)

2018-12-06 19:39:25 - [TEST_STEP][PASSED] - click: Object: 'Object Repository/Final Object Repo/Page_Form 1A - Cessation As Employer/Submit2' is clicked on

2018-12-06 19:39:28 - [MESSAGE][PASSED] - Object: 'Object Repository/Final Object Repo/Page_Form 1A - Cessation As Employer/Submit2' is clicked on

2018-12-06 19:39:28 - [TEST_STEP][PASSED] - delay: Delayed 2 second(s)

2018-12-06 19:39:30 - [MESSAGE][PASSED] - Delayed 2 second(s)

2018-12-06 19:39:30 - [TEST_STEP][PASSED] - click: Object: 'Object Repository/Final Object Repo/Page_Form 1A - Cessation As Employer/Confirm' is clicked on

2018-12-06 19:39:30 - [MESSAGE][PASSED] - Object: 'Object Repository/Final Object Repo/Page_Form 1A - Cessation As Employer/Confirm' is clicked on

2018-12-06 19:39:30 - [TEST_STEP][PASSED] - delay: Delayed 2 second(s)

2018-12-06 19:39:32 - [MESSAGE][PASSED] - Delayed 2 second(s)

2018-12-06 19:39:32 - [TEST_STEP][PASSED] - verifyElementVisible: Object 'Object Repository/Final Object Repo/Page_Form 1A - Cessation As Employer/Message Your Request will be routed to UO' is visible

2018-12-06 19:39:36 - [MESSAGE][PASSED] - Object 'Object Repository/Final Object Repo/Page_Form 1A - Cessation As Employer/Message Your Request will be routed to UO' is visible

2018-12-06 19:39:36 - [TEST_STEP][PASSED] - delay: Delayed 1 second(s)

2018-12-06 19:39:37 - [MESSAGE][PASSED] - Delayed 1 second(s)

2018-12-06 19:39:37 - [TEST_STEP][PASSED] - verifyElementVisible: Object 'Object Repository/Final Object Repo/Page_Form 1A - Cessation As Employer/Letter of acknowledgement' is visible

2018-12-06 19:39:37 - [MESSAGE][PASSED] - Object 'Object Repository/Final Object Repo/Page_Form 1A - Cessation As Employer/Letter of acknowledgement' is visible

2018-12-06 19:39:37 - [MESSAGE][PASSED] - Call Test Case 'Test Cases/Final Aug 2018 - PKS Automation/Registration Module/Workflow/Form 1A - Cessation As Employer/Template/Form 1 A - Cessation As Employer (Employer)' successfully

2018-12-06 19:39:37 - [TEST_STEP][PASSED] - callTestCase: Call Test Case 'Test Cases/Final Aug 2018 - PKS Automation/Registration Module/Workflow/Form 1A - Cessation As Employer/Template/Form 1 A - Cessation As Employer (Approve)' successfully

2018-12-06 19:39:37 - [TEST_CASE][PASSED] - Test Cases/Final Aug 2018 - PKS Automation/Registration Module/Workflow/Form 1A - Cessation As Employer/Template/Form 1 A - Cessation As Employer (Approve): Test Cases/Final Aug 2018 - PKS Automation/Registration Module/Workflow/Form 1A - Cessation As Employer/Template/Form 1 A - Cessation As Employer (Approve)

2018-12-06 19:39:37 - [TEST_STEP][NOT_RUN] - callTestCase: NOT_RUN: callTestCase

2018-12-06 19:39:37 - [MESSAGE][NOT_RUN] - NOT_RUN: callTestCase

2018-12-06 19:39:37 - [TEST_STEP][PASSED] - delay: Delayed 1 second(s)

2018-12-06 19:39:38 - [MESSAGE][PASSED] - Delayed 1 second(s)

2018-12-06 19:39:38 - [TEST_STEP][PASSED] - navigateToUrl: Navigate to 'https://assist2-uat.perkeso.gov.my/c/portal/logout' successfully

2018-12-06 19:39:39 - [MESSAGE][PASSED] - Navigate to 'https://assist2-uat.perkeso.gov.my/c/portal/logout' successfully

2018-12-06 19:39:39 - [TEST_STEP][PASSED] - delay: Delayed 1 second(s)

2018-12-06 19:39:40 - [MESSAGE][PASSED] - Delayed 1 second(s)

2018-12-06 19:39:40 - [TEST_STEP][PASSED] - callTestCase: Call Test Case 'Test Cases/Final Aug 2018 - PKS Automation/Common/Reference Number Getter' successfully

2018-12-06 19:39:40 - [TEST_CASE][PASSED] - Test Cases/Final Aug 2018 - PKS Automation/Common/Reference Number Getter: Test Cases/Final Aug 2018 - PKS Automation/Common/Reference Number Getter

2018-12-06 19:39:41 - [TEST_STEP][PASSED] - Statement - Try: null

2018-12-06 19:39:41 - [TEST_STEP][PASSED] - Statement - RefNo = new java.io.File(C://Users//Admin//Desktop//PKS//Automation Reference Point//KatalonReference.txt): null

2018-12-06 19:39:41 - [TEST_STEP][PASSED] - Statement - bufferread = new java.io.BufferedReader(new java.io.FileReader(RefNo)): null

2018-12-06 19:39:41 - [TEST_STEP][PASSED] - Statement - readedVal = bufferread.readLine(): null

2018-12-06 19:39:41 - [TEST_STEP][PASSED] - Statement - out.println(CaseReferenceNo): null

2018-12-06 19:39:41 - [TEST_STEP][PASSED] - Statement - out.println(readedVal): null

2018-12-06 19:39:41 - [TEST_STEP][PASSED] - Statement - CaseReferenceNo = "": null

2018-12-06 19:39:41 - [TEST_STEP][PASSED] - Statement - CaseReferenceNo = readedVal: null

2018-12-06 19:39:41 - [MESSAGE][PASSED] - Call Test Case 'Test Cases/Final Aug 2018 - PKS Automation/Common/Reference Number Getter' successfully

2018-12-06 19:39:41 - [TEST_STEP][PASSED] - callTestCase: Call Test Case 'Test Cases/Final Aug 2018 - PKS Automation/Common/Workflow Owner Finder' successfully

2018-12-06 19:39:41 - [TEST_CASE][PASSED] - Test Cases/Final Aug 2018 - PKS Automation/Common/Workflow Owner Finder: Test Cases/Final Aug 2018 - PKS Automation/Common/Workflow Owner Finder

2018-12-06 19:39:41 - [TEST_STEP][PASSED] - openBrowser: Browser is opened with url: ''

2018-12-06 19:39:41 - [MESSAGE][WARNING] - A browser is already opened. Closing browser and opening a new one

2018-12-06 19:39:44 - [MESSAGE][PASSED] - Browser is opened with url: ''

2018-12-06 19:39:44 - [TEST_STEP][PASSED] - navigateToUrl: Navigate to 'https://assist2-uat.perkeso.gov.my/login' successfully

2018-12-06 19:39:45 - [MESSAGE][PASSED] - Navigate to 'https://assist2-uat.perkeso.gov.my/login' successfully

2018-12-06 19:39:45 - [TEST_STEP][PASSED] - delay: Delayed 5 second(s)

2018-12-06 19:39:50 - [MESSAGE][PASSED] - Delayed 5 second(s)

2018-12-06 19:39:50 - [TEST_STEP][PASSED] - setText: Text 'test@liferay.com' is set on object 'Object Repository/Final Object Repo/Login Page/Internal User/Email Address'

2018-12-06 19:39:50 - [MESSAGE][PASSED] - Text 'test@liferay.com' is set on object 'Object Repository/Final Object Repo/Login Page/Internal User/Email Address'

2018-12-06 19:39:50 - [TEST_STEP][PASSED] - click: Object: 'Object Repository/Final Object Repo/Login Page/Internal User/Next Button' is clicked on

2018-12-06 19:39:51 - [MESSAGE][PASSED] - Object: 'Object Repository/Final Object Repo/Login Page/Internal User/Next Button' is clicked on

2018-12-06 19:39:51 - [TEST_STEP][PASSED] - delay: Delayed 2 second(s)

2018-12-06 19:39:53 - [MESSAGE][PASSED] - Delayed 2 second(s)

2018-12-06 19:39:53 - [TEST_STEP][PASSED] - setText: Text 'test' is set on object 'Object Repository/Final Object Repo/Login Page/Internal User/Password'

2018-12-06 19:39:53 - [MESSAGE][PASSED] - Text 'test' is set on object 'Object Repository/Final Object Repo/Login Page/Internal User/Password'

2018-12-06 19:39:53 - [TEST_STEP][PASSED] - delay: Delayed 2 second(s)

2018-12-06 19:39:55 - [MESSAGE][PASSED] - Delayed 2 second(s)

2018-12-06 19:39:55 - [TEST_STEP][PASSED] - click: Object: 'Object Repository/Final Object Repo/Login Page/Internal User/Login Button' is clicked on

2018-12-06 19:39:55 - [MESSAGE][PASSED] - Object: 'Object Repository/Final Object Repo/Login Page/Internal User/Login Button' is clicked on

2018-12-06 19:39:55 - [TEST_STEP][PASSED] - Statement - tester = com.kms.katalon.core.testobject.ObjectRepository.findTestObject(Final Object Repo/Landing Page/Select to English): Finding Test Object with id 'Object Repository/Final Object Repo/Landing Page/Select to English'

2018-12-06 19:39:55 - [TEST_STEP][PASSED] - Statement - Try: Delayed 2 second(s)

2018-12-06 19:39:55 - [TEST_STEP][PASSED] - Statement - Checker = com.kms.katalon.core.webui.keyword.WebUiBuiltInKeywords.verifyElementNotPresent(tester, 3): Web element with id: 'Object Repository/Final Object Repo/Landing Page/Select to English' located by 'By.xpath: //a[@class = 'taglib-language-list-text' and @lang = 'en-US' and (contains(text(), 'EN') or contains(., 'EN'))]' is not present after '3' second(s)

2018-12-06 19:39:57 - [MESSAGE][PASSED] - Web element with id: 'Object Repository/Final Object Repo/Landing Page/Select to English' located by 'By.xpath: //a[@class = 'taglib-language-list-text' and @lang = 'en-US' and (contains(text(), 'EN') or contains(., 'EN'))]' is not present after '3' second(s)

2018-12-06 19:39:57 - [TEST_STEP][PASSED] - Statement - If (Checker == false): null

2018-12-06 19:39:57 - [TEST_STEP][PASSED] - delay: Delayed 2 second(s)

2018-12-06 19:39:59 - [MESSAGE][PASSED] - Delayed 2 second(s)

2018-12-06 19:39:59 - [TEST_STEP][PASSED] - delay: Delayed 5 second(s)

2018-12-06 19:40:04 - [MESSAGE][PASSED] - Delayed 5 second(s)

2018-12-06 19:40:04 - [TEST_STEP][PASSED] - mouseOver: Object: 'Object Repository/Final Object Repo/Landing Page/WorkFlow Menu' is hovered

2018-12-06 19:40:04 - [MESSAGE][PASSED] - Object: 'Object Repository/Final Object Repo/Landing Page/WorkFlow Menu' is hovered

2018-12-06 19:40:04 - [TEST_STEP][PASSED] - delay: Delayed 2 second(s)

2018-12-06 19:40:06 - [MESSAGE][PASSED] - Delayed 2 second(s)

2018-12-06 19:40:06 - [TEST_STEP][PASSED] - click: Object: 'Object Repository/Final Object Repo/Landing Page/Select to Workflow Listing' is clicked on

2018-12-06 19:40:07 - [MESSAGE][PASSED] - Object: 'Object Repository/Final Object Repo/Landing Page/Select to Workflow Listing' is clicked on

2018-12-06 19:40:07 - [TEST_STEP][PASSED] - delay: Delayed 2 second(s)

2018-12-06 19:40:09 - [MESSAGE][PASSED] - Delayed 2 second(s)

2018-12-06 19:40:09 - [TEST_STEP][PASSED] - click: Object: 'Object Repository/Final Object Repo/WorkFlow Listing Page/Search Information - To Put Ref No' is clicked on

2018-12-06 19:40:09 - [MESSAGE][PASSED] - Object: 'Object Repository/Final Object Repo/WorkFlow Listing Page/Search Information - To Put Ref No' is clicked on

2018-12-06 19:40:09 - [TEST_STEP][PASSED] - delay: Delayed 2 second(s)

2018-12-06 19:40:11 - [MESSAGE][PASSED] - Delayed 2 second(s)

2018-12-06 19:40:11 - [TEST_STEP][PASSED] - callTestCase: Call Test Case 'Test Cases/Final Aug 2018 - PKS Automation/Common/Reference Number Getter' successfully

2018-12-06 19:40:11 - [TEST_CASE][PASSED] - Test Cases/Final Aug 2018 - PKS Automation/Common/Reference Number Getter: Test Cases/Final Aug 2018 - PKS Automation/Common/Reference Number Getter

2018-12-06 19:40:11 - [TEST_STEP][PASSED] - Statement - Try: null

2018-12-06 19:40:11 - [TEST_STEP][PASSED] - Statement - RefNo = new java.io.File(C://Users//Admin//Desktop//PKS//Automation Reference Point//KatalonReference.txt): null

2018-12-06 19:40:11 - [TEST_STEP][PASSED] - Statement - bufferread = new java.io.BufferedReader(new java.io.FileReader(RefNo)): null

2018-12-06 19:40:11 - [TEST_STEP][PASSED] - Statement - readedVal = bufferread.readLine(): null

2018-12-06 19:40:11 - [TEST_STEP][PASSED] - Statement - out.println(CaseReferenceNo): null

2018-12-06 19:40:11 - [TEST_STEP][PASSED] - Statement - out.println(readedVal): null

2018-12-06 19:40:11 - [TEST_STEP][PASSED] - Statement - CaseReferenceNo = "": null

2018-12-06 19:40:11 - [TEST_STEP][PASSED] - Statement - CaseReferenceNo = readedVal: null

2018-12-06 19:40:11 - [MESSAGE][PASSED] - Call Test Case 'Test Cases/Final Aug 2018 - PKS Automation/Common/Reference Number Getter' successfully

2018-12-06 19:40:11 - [TEST_STEP][PASSED] - setText: Text 'CUN122018C200001693' is set on object 'Object Repository/Final Object Repo/WorkFlow Listing Page/Ref No Set Text'

2018-12-06 19:40:12 - [MESSAGE][PASSED] - Text 'CUN122018C200001693' is set on object 'Object Repository/Final Object Repo/WorkFlow Listing Page/Ref No Set Text'

2018-12-06 19:40:12 - [TEST_STEP][PASSED] - delay: Delayed 2 second(s)

2018-12-06 19:40:14 - [MESSAGE][PASSED] - Delayed 2 second(s)

2018-12-06 19:40:14 - [TEST_STEP][PASSED] - click: Object: 'Object Repository/Final Object Repo/WorkFlow Listing Page/Search Ref No Search Button' is clicked on

2018-12-06 19:40:14 - [MESSAGE][PASSED] - Object: 'Object Repository/Final Object Repo/WorkFlow Listing Page/Search Ref No Search Button' is clicked on

2018-12-06 19:40:14 - [TEST_STEP][PASSED] - delay: Delayed 6 second(s)

2018-12-06 19:40:20 - [MESSAGE][PASSED] - Delayed 6 second(s)

2018-12-06 19:40:20 - [TEST_STEP][PASSED] - click: Object: 'Object Repository/Final Object Repo/WorkFlow Listing Page/Click Continue Tooltip' is clicked on

2018-12-06 19:40:21 - [MESSAGE][PASSED] - Object: 'Object Repository/Final Object Repo/WorkFlow Listing Page/Click Continue Tooltip' is clicked on

2018-12-06 19:40:21 - [TEST_STEP][PASSED] - delay: Delayed 5 second(s)

2018-12-06 19:40:26 - [MESSAGE][PASSED] - Delayed 5 second(s)

2018-12-06 19:40:26 - [TEST_STEP][PASSED] - doubleClick: Object: 'Object Repository/Final Object Repo/WorkFlow Listing Page/Workflow Found - Listing 1' is double clicked on

2018-12-06 19:40:26 - [MESSAGE][PASSED] - Object: 'Object Repository/Final Object Repo/WorkFlow Listing Page/Workflow Found - Listing 1' is double clicked on

2018-12-06 19:40:26 - [TEST_STEP][PASSED] - Statement - println(OwnerID): null

2018-12-06 19:40:26 - [TEST_STEP][PASSED] - Statement - OwnerID = com.kms.katalon.core.webui.keyword.WebUiBuiltInKeywords.getText(com.kms.katalon.core.testobject.ObjectRepository.findTestObject(Final Object Repo/WorkFlow Listing Page/Workflow Found - Listing 1), STOP_ON_FAILURE): Text of object 'Object Repository/Final Object Repo/WorkFlow Listing Page/Workflow Found - Listing 1' is: 'JOHORuo2'

2018-12-06 19:40:26 - [MESSAGE][PASSED] - Text of object 'Object Repository/Final Object Repo/WorkFlow Listing Page/Workflow Found - Listing 1' is: 'JOHORuo2'

2018-12-06 19:40:26 - [TEST_STEP][PASSED] - Statement - OwnerID = OwnerID.toLowerCase() + "@gmail.com": null

2018-12-06 19:40:26 - [TEST_STEP][PASSED] - Statement - println(OwnerID): null

2018-12-06 19:40:26 - [TEST_STEP][PASSED] - delay: Delayed 2 second(s)

2018-12-06 19:40:28 - [MESSAGE][PASSED] - Delayed 2 second(s)

2018-12-06 19:40:28 - [MESSAGE][PASSED] - Call Test Case 'Test Cases/Final Aug 2018 - PKS Automation/Common/Workflow Owner Finder' successfully

2018-12-06 19:40:28 - [TEST_STEP][PASSED] - delay: Delayed 1 second(s)

2018-12-06 19:40:29 - [MESSAGE][PASSED] - Delayed 1 second(s)

2018-12-06 19:40:29 - [TEST_STEP][PASSED] - navigateToUrl: Navigate to 'https://assist2-uat.perkeso.gov.my/c/portal/logout' successfully

2018-12-06 19:40:30 - [MESSAGE][PASSED] - Navigate to 'https://assist2-uat.perkeso.gov.my/c/portal/logout' successfully

2018-12-06 19:40:30 - [TEST_STEP][PASSED] - delay: Delayed 1 second(s)

2018-12-06 19:40:31 - [MESSAGE][PASSED] - Delayed 1 second(s)

2018-12-06 19:40:31 - [TEST_STEP][PASSED] - callTestCase: Call Test Case 'Test Cases/Final Aug 2018 - PKS Automation/Registration Module/Workflow/Login and Search Case For Workflow' successfully

2018-12-06 19:40:31 - [TEST_CASE][PASSED] - Test Cases/Final Aug 2018 - PKS Automation/Registration Module/Workflow/Login and Search Case For Workflow: Test Cases/Final Aug 2018 - PKS Automation/Registration Module/Workflow/Login and Search Case For Workflow

2018-12-06 19:40:32 - [TEST_STEP][PASSED] - navigateToUrl: Navigate to 'https://assist2-uat.perkeso.gov.my/login' successfully

2018-12-06 19:40:32 - [MESSAGE][PASSED] - Navigate to 'https://assist2-uat.perkeso.gov.my/login' successfully

2018-12-06 19:40:32 - [TEST_STEP][PASSED] - setText: Text 'johoruo2@gmail.com' is set on object 'Object Repository/Final Object Repo/Login Page/Internal User/Email Address'

2018-12-06 19:40:32 - [MESSAGE][PASSED] - Text 'johoruo2@gmail.com' is set on object 'Object Repository/Final Object Repo/Login Page/Internal User/Email Address'

2018-12-06 19:40:32 - [TEST_STEP][PASSED] - click: Object: 'Object Repository/Final Object Repo/Login Page/Internal User/Next Button' is clicked on

2018-12-06 19:40:32 - [MESSAGE][PASSED] - Object: 'Object Repository/Final Object Repo/Login Page/Internal User/Next Button' is clicked on

2018-12-06 19:40:32 - [TEST_STEP][PASSED] - delay: Delayed 1 second(s)

2018-12-06 19:40:33 - [MESSAGE][PASSED] - Delayed 1 second(s)

2018-12-06 19:40:33 - [TEST_STEP][PASSED] - setEncryptedText: Text ****** has been set on object 'Object Repository/Final Object Repo/Login Page/Internal User/Password'

2018-12-06 19:40:34 - [MESSAGE][PASSED] - Text ****** has been set on object 'Object Repository/Final Object Repo/Login Page/Internal User/Password'

2018-12-06 19:40:34 - [TEST_STEP][PASSED] - click: Object: 'Object Repository/Final Object Repo/Login Page/Internal User/Login Button' is clicked on

2018-12-06 19:40:34 - [MESSAGE][PASSED] - Object: 'Object Repository/Final Object Repo/Login Page/Internal User/Login Button' is clicked on

2018-12-06 19:40:34 - [TEST_STEP][PASSED] - delay: Delayed 2 second(s)

2018-12-06 19:40:36 - [MESSAGE][PASSED] - Delayed 2 second(s)

2018-12-06 19:40:36 - [TEST_STEP][PASSED] - Statement - Try: Delayed 2 second(s)

2018-12-06 19:40:36 - [TEST_STEP][PASSED] - Statement - Checker = false: null

2018-12-06 19:40:36 - [TEST_STEP][PASSED] - Statement - Checker = com.kms.katalon.core.webui.keyword.WebUiBuiltInKeywords.verifyElementHasAttribute(com.kms.katalon.core.testobject.ObjectRepository.findTestObject(Final Object Repo/Landing Page/BM Detecting), "href", 20, OPTIONAL): Object 'Object Repository/Final Object Repo/Landing Page/BM Detecting' has attribute 'href'

2018-12-06 19:40:36 - [MESSAGE][PASSED] - Object 'Object Repository/Final Object Repo/Landing Page/BM Detecting' has attribute 'href'

2018-12-06 19:40:36 - [TEST_STEP][PASSED] - Statement - out.println(Checker): null

2018-12-06 19:40:36 - [TEST_STEP][PASSED] - Statement - If (Checker == false): null

2018-12-06 19:40:36 - [TEST_STEP][PASSED] - Statement - Else: null

2018-12-06 19:40:36 - [TEST_STEP][PASSED] - delay: Delayed 2 second(s)

2018-12-06 19:40:38 - [MESSAGE][PASSED] - Delayed 2 second(s)

2018-12-06 19:40:38 - [TEST_STEP][PASSED] - click: Object: 'Object Repository/Final Object Repo/Page_MyASSIST - ASSIST - Search Pending Case For Add Supporting Document/Search Information' is clicked on

2018-12-06 19:40:38 - [MESSAGE][PASSED] - Object: 'Object Repository/Final Object Repo/Page_MyASSIST - ASSIST - Search Pending Case For Add Supporting Document/Search Information' is clicked on

2018-12-06 19:40:38 - [TEST_STEP][PASSED] - delay: Delayed 3 second(s)

2018-12-06 19:40:41 - [MESSAGE][PASSED] - Delayed 3 second(s)

2018-12-06 19:40:41 - [TEST_STEP][PASSED] - sendKeys: Keys 'CUN122018C200001693' sent to object: 'Object Repository/Final Object Repo/Page_MyASSIST - ASSIST - Search Pending Case For Add Supporting Document/Reference No'

2018-12-06 19:40:41 - [MESSAGE][PASSED] - Keys 'CUN122018C200001693' sent to object: 'Object Repository/Final Object Repo/Page_MyASSIST - ASSIST - Search Pending Case For Add Supporting Document/Reference No'

2018-12-06 19:40:41 - [TEST_STEP][PASSED] - click: Object: 'Object Repository/Final Object Repo/Page_MyASSIST - ASSIST - Search Pending Case For Add Supporting Document/Search Reference No' is clicked on

2018-12-06 19:40:42 - [MESSAGE][PASSED] - Object: 'Object Repository/Final Object Repo/Page_MyASSIST - ASSIST - Search Pending Case For Add Supporting Document/Search Reference No' is clicked on

2018-12-06 19:40:42 - [TEST_STEP][PASSED] - delay: Delayed 2 second(s)

2018-12-06 19:40:44 - [MESSAGE][PASSED] - Delayed 2 second(s)

2018-12-06 19:40:44 - [TEST_STEP][PASSED] - click: Object: 'Object Repository/Final Object Repo/Page_MyASSIST - ASSIST - Search Pending Case For Add Supporting Document/Continue' is clicked on

2018-12-06 19:40:47 - [MESSAGE][PASSED] - Object: 'Object Repository/Final Object Repo/Page_MyASSIST - ASSIST - Search Pending Case For Add Supporting Document/Continue' is clicked on

2018-12-06 19:40:47 - [TEST_STEP][PASSED] - delay: Delayed 20 second(s)

2018-12-06 19:41:07 - [MESSAGE][PASSED] - Delayed 20 second(s)

2018-12-06 19:41:07 - [MESSAGE][PASSED] - Call Test Case 'Test Cases/Final Aug 2018 - PKS Automation/Registration Module/Workflow/Login and Search Case For Workflow' successfully

2018-12-06 19:41:07 - [TEST_STEP][PASSED] - click: Object: 'Object Repository/Final Object Repo/Page_Form 1A - Cessation As Employer/Page_Form 1A - Cessation As Employer (Approve)/Save  Continue in Form 1A Page' is clicked on

2018-12-06 19:41:07 - [MESSAGE][PASSED] - Object: 'Object Repository/Final Object Repo/Page_Form 1A - Cessation As Employer/Page_Form 1A - Cessation As Employer (Approve)/Save  Continue in Form 1A Page' is clicked on

2018-12-06 19:41:07 - [TEST_STEP][PASSED] - delay: Delayed 2 second(s)

2018-12-06 19:41:09 - [MESSAGE][PASSED] - Delayed 2 second(s)

2018-12-06 19:41:09 - [TEST_STEP][PASSED] - click: Object: 'Object Repository/Final Object Repo/Page_Form 1A - Cessation As Employer/Employment Resign Date' is clicked on

2018-12-06 19:41:10 - [MESSAGE][PASSED] - Object: 'Object Repository/Final Object Repo/Page_Form 1A - Cessation As Employer/Employment Resign Date' is clicked on

2018-12-06 19:41:10 - [TEST_STEP][PASSED] - delay: Delayed 1 second(s)

2018-12-06 19:41:11 - [MESSAGE][PASSED] - Delayed 1 second(s)

2018-12-06 19:41:11 - [TEST_STEP][PASSED] - selectOptionByValue: All options with value '2030' are selected in object 'Object Repository/Final Object Repo/Page_Form 1A - Cessation As Employer/Employment Resign Date - Year' 

2018-12-06 19:41:11 - [MESSAGE][PASSED] - All options with value '2030' are selected in object 'Object Repository/Final Object Repo/Page_Form 1A - Cessation As Employer/Employment Resign Date - Year' 

2018-12-06 19:41:11 - [TEST_STEP][PASSED] - delay: Delayed 1 second(s)

2018-12-06 19:41:12 - [MESSAGE][PASSED] - Delayed 1 second(s)

2018-12-06 19:41:12 - [TEST_STEP][PASSED] - click: Object: 'Object Repository/Final Object Repo/Page_Form 1A - Cessation As Employer/Employment Resign Date - Year - Date' is clicked on

2018-12-06 19:41:12 - [MESSAGE][PASSED] - Object: 'Object Repository/Final Object Repo/Page_Form 1A - Cessation As Employer/Employment Resign Date - Year - Date' is clicked on

2018-12-06 19:41:12 - [TEST_STEP][PASSED] - delay: Delayed 2 second(s)

2018-12-06 19:41:14 - [MESSAGE][PASSED] - Delayed 2 second(s)

2018-12-06 19:41:14 - [TEST_STEP][PASSED] - click: Object: 'Object Repository/Final Object Repo/Page_Form 1A - Cessation As Employer/Page_Form 1A - Cessation As Employer (Approve)/Save  Continue in Update Add Employee Resigned Date Page' is clicked on

2018-12-06 19:41:14 - [MESSAGE][PASSED] - Object: 'Object Repository/Final Object Repo/Page_Form 1A - Cessation As Employer/Page_Form 1A - Cessation As Employer (Approve)/Save  Continue in Update Add Employee Resigned Date Page' is clicked on

2018-12-06 19:41:14 - [TEST_STEP][PASSED] - delay: Delayed 2 second(s)

2018-12-06 19:41:16 - [MESSAGE][PASSED] - Delayed 2 second(s)

2018-12-06 19:41:16 - [TEST_STEP][PASSED] - click: Object: 'Object Repository/Final Object Repo/Page_Form 1A - Cessation As Employer/Set Latest - Yes' is clicked on

2018-12-06 19:41:16 - [MESSAGE][PASSED] - Object: 'Object Repository/Final Object Repo/Page_Form 1A - Cessation As Employer/Set Latest - Yes' is clicked on

2018-12-06 19:41:16 - [TEST_STEP][PASSED] - delay: Delayed 2 second(s)

2018-12-06 19:41:18 - [MESSAGE][PASSED] - Delayed 2 second(s)

2018-12-06 19:41:18 - [TEST_STEP][PASSED] - click: Object: 'Object Repository/Final Object Repo/Page_Form 1A - Cessation As Employer/Page_Form 1A - Cessation As Employer (Approve)/Save  Contine in Uploading Document Page' is clicked on

2018-12-06 19:41:19 - [MESSAGE][PASSED] - Object: 'Object Repository/Final Object Repo/Page_Form 1A - Cessation As Employer/Page_Form 1A - Cessation As Employer (Approve)/Save  Contine in Uploading Document Page' is clicked on

2018-12-06 19:41:19 - [TEST_STEP][PASSED] - delay: Delayed 2 second(s)

2018-12-06 19:41:21 - [MESSAGE][PASSED] - Delayed 2 second(s)

2018-12-06 19:41:21 - [TEST_STEP][PASSED] - click: Object: 'Object Repository/Final Object Repo/Page_Form 1A - Cessation As Employer/Page_Form 1A - Cessation As Employer (Approve)/Approve' is clicked on

2018-12-06 19:41:24 - [MESSAGE][PASSED] - Object: 'Object Repository/Final Object Repo/Page_Form 1A - Cessation As Employer/Page_Form 1A - Cessation As Employer (Approve)/Approve' is clicked on

2018-12-06 19:41:24 - [TEST_STEP][PASSED] - delay: Delayed 2 second(s)

2018-12-06 19:41:26 - [MESSAGE][PASSED] - Delayed 2 second(s)

2018-12-06 19:41:26 - [TEST_STEP][PASSED] - click: Object: 'Object Repository/Final Object Repo/Page_Form 1A - Cessation As Employer/Confirm' is clicked on

2018-12-06 19:41:26 - [MESSAGE][PASSED] - Object: 'Object Repository/Final Object Repo/Page_Form 1A - Cessation As Employer/Confirm' is clicked on

2018-12-06 19:41:26 - [TEST_STEP][PASSED] - delay: Delayed 2 second(s)

2018-12-06 19:41:28 - [MESSAGE][PASSED] - Delayed 2 second(s)

2018-12-06 19:41:28 - [TEST_STEP][PASSED] - click: Object: 'Object Repository/Final Object Repo/Page_Form 1A - Cessation As Employer/Page_Form 1A - Cessation As Employer (Approve)/Message Your Request    Form 1A ' is clicked on

2018-12-06 19:41:37 - [MESSAGE][PASSED] - Object: 'Object Repository/Final Object Repo/Page_Form 1A - Cessation As Employer/Page_Form 1A - Cessation As Employer (Approve)/Message Your Request    Form 1A ' is clicked on

2018-12-06 19:41:37 - [TEST_STEP][PASSED] - delay: Delayed 2 second(s)

2018-12-06 19:41:39 - [MESSAGE][PASSED] - Delayed 2 second(s)

2018-12-06 19:41:39 - [TEST_STEP][PASSED] - click: Object: 'Object Repository/Final Object Repo/Page_Form 1A - Cessation As Employer/Page_Form 1A - Cessation As Employer (Approve)/Letter of successful update' is clicked on

2018-12-06 19:41:39 - [MESSAGE][PASSED] - Object: 'Object Repository/Final Object Repo/Page_Form 1A - Cessation As Employer/Page_Form 1A - Cessation As Employer (Approve)/Letter of successful update' is clicked on

2018-12-06 19:41:39 - [MESSAGE][PASSED] - Call Test Case 'Test Cases/Final Aug 2018 - PKS Automation/Registration Module/Workflow/Form 1A - Cessation As Employer/Template/Form 1 A - Cessation As Employer (Approve)' successfully]]></system-out>
         <system-err><![CDATA[]]></system-err>
      </testcase>
      <testcase name="Test Cases/Final Aug 2018 - PKS Automation/Registration Module/Workflow/Form 1A - Cessation As Employer/Employer to UO (Query)" classname="Test Cases/Final Aug 2018 - PKS Automation/Registration Module/Workflow/Form 1A - Cessation As Employer/Employer to UO (Query)" status="PASSED">
         <system-out><![CDATA[2018-12-06 19:41:39 - [TEST_CASE][PASSED] - Test Cases/Final Aug 2018 - PKS Automation/Registration Module/Workflow/Form 1A - Cessation As Employer/Employer to UO (Query): Test Cases/Final Aug 2018 - PKS Automation/Registration Module/Workflow/Form 1A - Cessation As Employer/Employer to UO (Query)

2018-12-06 19:41:41 - [TEST_STEP][PASSED] - callTestCase: Call Test Case 'Test Cases/Final Aug 2018 - PKS Automation/Registration Module/Workflow/Form 1A - Cessation As Employer/Template/Form 1 A - Cessation As Employer (Employer)' successfully

2018-12-06 19:41:41 - [TEST_CASE][PASSED] - Test Cases/Final Aug 2018 - PKS Automation/Registration Module/Workflow/Form 1A - Cessation As Employer/Template/Form 1 A - Cessation As Employer (Employer): Test Cases/Final Aug 2018 - PKS Automation/Registration Module/Workflow/Form 1A - Cessation As Employer/Template/Form 1 A - Cessation As Employer (Employer)

2018-12-06 19:41:41 - [TEST_STEP][PASSED] - callTestCase: Call Test Case 'Test Cases/Final Aug 2018 - PKS Automation/Registration Module/Workflow/Update Add New Employee/Template/New Company for Update Add New - Employer' successfully

2018-12-06 19:41:41 - [TEST_CASE][PASSED] - Test Cases/Final Aug 2018 - PKS Automation/Registration Module/Workflow/Update Add New Employee/Template/New Company for Update Add New - Employer: Test Cases/Final Aug 2018 - PKS Automation/Registration Module/Workflow/Update Add New Employee/Template/New Company for Update Add New - Employer

2018-12-06 19:41:41 - [TEST_STEP][PASSED] - callTestCase: Call Test Case 'Test Cases/Final Aug 2018 - PKS Automation/Create Employer Acc/Create Employer Account' successfully

2018-12-06 19:41:41 - [TEST_CASE][PASSED] - Test Cases/Final Aug 2018 - PKS Automation/Create Employer Acc/Create Employer Account: Test Cases/Final Aug 2018 - PKS Automation/Create Employer Acc/Create Employer Account

2018-12-06 19:41:41 - [TEST_STEP][PASSED] - callTestCase: Call Test Case 'Test Cases/Final Aug 2018 - PKS Automation/Create Employer Acc/Template/Register Employer' successfully

2018-12-06 19:41:41 - [TEST_CASE][PASSED] - Test Cases/Final Aug 2018 - PKS Automation/Create Employer Acc/Template/Register Employer: Test Cases/Final Aug 2018 - PKS Automation/Create Employer Acc/Template/Register Employer

2018-12-06 19:41:41 - [TEST_STEP][PASSED] - openBrowser: Browser is opened with url: ''

2018-12-06 19:41:41 - [MESSAGE][WARNING] - A browser is already opened. Closing browser and opening a new one

2018-12-06 19:41:44 - [MESSAGE][PASSED] - Browser is opened with url: ''

2018-12-06 19:41:44 - [TEST_STEP][PASSED] - navigateToUrl: Navigate to 'https://assist2-uat.perkeso.gov.my/login' successfully

2018-12-06 19:41:45 - [MESSAGE][PASSED] - Navigate to 'https://assist2-uat.perkeso.gov.my/login' successfully

2018-12-06 19:41:45 - [TEST_STEP][PASSED] - setText: Text 'johorotc1@gmail.com' is set on object 'Object Repository/Final Object Repo/Login Page/Internal User/Email Address'

2018-12-06 19:41:45 - [MESSAGE][PASSED] - Text 'johorotc1@gmail.com' is set on object 'Object Repository/Final Object Repo/Login Page/Internal User/Email Address'

2018-12-06 19:41:45 - [TEST_STEP][PASSED] - click: Object: 'Object Repository/Final Object Repo/Login Page/Internal User/Next Button' is clicked on

2018-12-06 19:41:46 - [MESSAGE][PASSED] - Object: 'Object Repository/Final Object Repo/Login Page/Internal User/Next Button' is clicked on

2018-12-06 19:41:46 - [TEST_STEP][PASSED] - delay: Delayed 1 second(s)

2018-12-06 19:41:47 - [MESSAGE][PASSED] - Delayed 1 second(s)

2018-12-06 19:41:47 - [TEST_STEP][PASSED] - setEncryptedText: Text ****** has been set on object 'Object Repository/Final Object Repo/Login Page/Internal User/Password'

2018-12-06 19:41:47 - [MESSAGE][PASSED] - Text ****** has been set on object 'Object Repository/Final Object Repo/Login Page/Internal User/Password'

2018-12-06 19:41:47 - [TEST_STEP][PASSED] - click: Object: 'Object Repository/Final Object Repo/Login Page/Internal User/Login Button' is clicked on

2018-12-06 19:41:47 - [MESSAGE][PASSED] - Object: 'Object Repository/Final Object Repo/Login Page/Internal User/Login Button' is clicked on

2018-12-06 19:41:47 - [TEST_STEP][PASSED] - delay: Delayed 1 second(s)

2018-12-06 19:41:48 - [MESSAGE][PASSED] - Delayed 1 second(s)

2018-12-06 19:41:48 - [TEST_STEP][PASSED] - navigateToUrl: Navigate to 'https://assist2-uat.perkeso.gov.my/web/base/portal-id/registration' successfully

2018-12-06 19:41:50 - [MESSAGE][PASSED] - Navigate to 'https://assist2-uat.perkeso.gov.my/web/base/portal-id/registration' successfully

2018-12-06 19:41:50 - [TEST_STEP][PASSED] - setText: Text 'AUTOMATION EMPLOYER' is set on object 'Object Repository/Final Object Repo/Creating Employer Account/Page_Registration - ASSIST (Base)/Employer Name'

2018-12-06 19:41:50 - [MESSAGE][PASSED] - Text 'AUTOMATION EMPLOYER' is set on object 'Object Repository/Final Object Repo/Creating Employer Account/Page_Registration - ASSIST (Base)/Employer Name'

2018-12-06 19:41:50 - [TEST_STEP][PASSED] - delay: Delayed 2 second(s)

2018-12-06 19:41:52 - [MESSAGE][PASSED] - Delayed 2 second(s)

2018-12-06 19:41:52 - [TEST_STEP][PASSED] - click: Object: 'Object Repository/Final Object Repo/Creating Employer Account/Page_Registration - ASSIST (Base)/Registration Type' is clicked on

2018-12-06 19:41:53 - [MESSAGE][PASSED] - Object: 'Object Repository/Final Object Repo/Creating Employer Account/Page_Registration - ASSIST (Base)/Registration Type' is clicked on

2018-12-06 19:41:53 - [TEST_STEP][PASSED] - delay: Delayed 2 second(s)

2018-12-06 19:41:55 - [MESSAGE][PASSED] - Delayed 2 second(s)

2018-12-06 19:41:55 - [TEST_STEP][PASSED] - click: Object: 'Object Repository/Final Object Repo/Creating Employer Account/Page_Registration - ASSIST (Base)/Registration Type - Registration No' is clicked on

2018-12-06 19:41:55 - [MESSAGE][PASSED] - Object: 'Object Repository/Final Object Repo/Creating Employer Account/Page_Registration - ASSIST (Base)/Registration Type - Registration No' is clicked on

2018-12-06 19:41:55 - [TEST_STEP][PASSED] - delay: Delayed 2 second(s)

2018-12-06 19:41:57 - [MESSAGE][PASSED] - Delayed 2 second(s)

2018-12-06 19:41:57 - [TEST_STEP][PASSED] - setText: Text '1234567890' is set on object 'Object Repository/Final Object Repo/Creating Employer Account/Page_Registration - ASSIST (Base)/Registration Number'

2018-12-06 19:41:57 - [MESSAGE][PASSED] - Text '1234567890' is set on object 'Object Repository/Final Object Repo/Creating Employer Account/Page_Registration - ASSIST (Base)/Registration Number'

2018-12-06 19:41:57 - [TEST_STEP][PASSED] - delay: Delayed 2 second(s)

2018-12-06 19:41:59 - [MESSAGE][PASSED] - Delayed 2 second(s)

2018-12-06 19:41:59 - [TEST_STEP][PASSED] - setText: Text 'ADDRESS 1' is set on object 'Object Repository/Final Object Repo/Creating Employer Account/Page_Registration - ASSIST (Base)/Postal Address 1'

2018-12-06 19:41:59 - [MESSAGE][PASSED] - Text 'ADDRESS 1' is set on object 'Object Repository/Final Object Repo/Creating Employer Account/Page_Registration - ASSIST (Base)/Postal Address 1'

2018-12-06 19:41:59 - [TEST_STEP][PASSED] - setText: Text 'ADDRESS 2' is set on object 'Object Repository/Final Object Repo/Creating Employer Account/Page_Registration - ASSIST (Base)/Postal Address 2'

2018-12-06 19:42:00 - [MESSAGE][PASSED] - Text 'ADDRESS 2' is set on object 'Object Repository/Final Object Repo/Creating Employer Account/Page_Registration - ASSIST (Base)/Postal Address 2'

2018-12-06 19:42:00 - [TEST_STEP][PASSED] - click: Object: 'Object Repository/Final Object Repo/Creating Employer Account/Page_Registration - ASSIST (Base)/State' is clicked on

2018-12-06 19:42:00 - [MESSAGE][PASSED] - Object: 'Object Repository/Final Object Repo/Creating Employer Account/Page_Registration - ASSIST (Base)/State' is clicked on

2018-12-06 19:42:00 - [TEST_STEP][PASSED] - delay: Delayed 2 second(s)

2018-12-06 19:42:02 - [MESSAGE][PASSED] - Delayed 2 second(s)

2018-12-06 19:42:02 - [TEST_STEP][PASSED] - click: Object: 'Object Repository/Final Object Repo/Creating Employer Account/Page_Registration - ASSIST (Base)/State - Johor' is clicked on

2018-12-06 19:42:02 - [MESSAGE][PASSED] - Object: 'Object Repository/Final Object Repo/Creating Employer Account/Page_Registration - ASSIST (Base)/State - Johor' is clicked on

2018-12-06 19:42:02 - [TEST_STEP][PASSED] - delay: Delayed 2 second(s)

2018-12-06 19:42:04 - [MESSAGE][PASSED] - Delayed 2 second(s)

2018-12-06 19:42:04 - [TEST_STEP][PASSED] - click: Object: 'Object Repository/Final Object Repo/Creating Employer Account/Page_Registration - ASSIST (Base)/City' is clicked on

2018-12-06 19:42:04 - [MESSAGE][PASSED] - Object: 'Object Repository/Final Object Repo/Creating Employer Account/Page_Registration - ASSIST (Base)/City' is clicked on

2018-12-06 19:42:04 - [TEST_STEP][PASSED] - delay: Delayed 2 second(s)

2018-12-06 19:42:06 - [MESSAGE][PASSED] - Delayed 2 second(s)

2018-12-06 19:42:06 - [TEST_STEP][PASSED] - setText: Text 'joh' is set on object 'Object Repository/Final Object Repo/Creating Employer Account/Page_Registration - ASSIST (Base)/City - joh'

2018-12-06 19:42:07 - [MESSAGE][PASSED] - Text 'joh' is set on object 'Object Repository/Final Object Repo/Creating Employer Account/Page_Registration - ASSIST (Base)/City - joh'

2018-12-06 19:42:07 - [TEST_STEP][PASSED] - delay: Delayed 2 second(s)

2018-12-06 19:42:09 - [MESSAGE][PASSED] - Delayed 2 second(s)

2018-12-06 19:42:09 - [TEST_STEP][PASSED] - click: Object: 'Object Repository/Final Object Repo/Creating Employer Account/Page_Registration - ASSIST (Base)/City - Johor Bharu' is clicked on

2018-12-06 19:42:09 - [MESSAGE][PASSED] - Object: 'Object Repository/Final Object Repo/Creating Employer Account/Page_Registration - ASSIST (Base)/City - Johor Bharu' is clicked on

2018-12-06 19:42:09 - [TEST_STEP][PASSED] - delay: Delayed 2 second(s)

2018-12-06 19:42:11 - [MESSAGE][PASSED] - Delayed 2 second(s)

2018-12-06 19:42:11 - [TEST_STEP][PASSED] - click: Object: 'Object Repository/Final Object Repo/Creating Employer Account/Page_Registration - ASSIST (Base)/Post Code' is clicked on

2018-12-06 19:42:11 - [MESSAGE][PASSED] - Object: 'Object Repository/Final Object Repo/Creating Employer Account/Page_Registration - ASSIST (Base)/Post Code' is clicked on

2018-12-06 19:42:11 - [TEST_STEP][PASSED] - delay: Delayed 2 second(s)

2018-12-06 19:42:13 - [MESSAGE][PASSED] - Delayed 2 second(s)

2018-12-06 19:42:13 - [TEST_STEP][PASSED] - setText: Text '810' is set on object 'Object Repository/Final Object Repo/Creating Employer Account/Page_Registration - ASSIST (Base)/Post Code - 810'

2018-12-06 19:42:13 - [MESSAGE][PASSED] - Text '810' is set on object 'Object Repository/Final Object Repo/Creating Employer Account/Page_Registration - ASSIST (Base)/Post Code - 810'

2018-12-06 19:42:13 - [TEST_STEP][PASSED] - delay: Delayed 2 second(s)

2018-12-06 19:42:15 - [MESSAGE][PASSED] - Delayed 2 second(s)

2018-12-06 19:42:15 - [TEST_STEP][PASSED] - click: Object: 'Object Repository/Final Object Repo/Creating Employer Account/Page_Registration - ASSIST (Base)/Post Code - 81000' is clicked on

2018-12-06 19:42:15 - [MESSAGE][PASSED] - Object: 'Object Repository/Final Object Repo/Creating Employer Account/Page_Registration - ASSIST (Base)/Post Code - 81000' is clicked on

2018-12-06 19:42:15 - [TEST_STEP][PASSED] - delay: Delayed 2 second(s)

2018-12-06 19:42:17 - [MESSAGE][PASSED] - Delayed 2 second(s)

2018-12-06 19:42:17 - [TEST_STEP][PASSED] - setText: Text 'PERKESO' is set on object 'Object Repository/Final Object Repo/Creating Employer Account/Page_Registration - ASSIST (Base)/Full Name'

2018-12-06 19:42:18 - [MESSAGE][PASSED] - Text 'PERKESO' is set on object 'Object Repository/Final Object Repo/Creating Employer Account/Page_Registration - ASSIST (Base)/Full Name'

2018-12-06 19:42:18 - [TEST_STEP][PASSED] - Statement - rnd = new java.util.Random(): null

2018-12-06 19:42:18 - [TEST_STEP][PASSED] - Statement - snum = rnd.nextInt(899999 + 1) + 100000: null

2018-12-06 19:42:18 - [TEST_STEP][PASSED] - Statement - tnum = rnd.nextInt(899999 + 1) + 100000: null

2018-12-06 19:42:18 - [TEST_STEP][PASSED] - Statement - IC = java.lang.Integer.toString(snum) + java.lang.Integer.toString(tnum): null

2018-12-06 19:42:18 - [TEST_STEP][PASSED] - Statement - out.println(IC): null

2018-12-06 19:42:18 - [TEST_STEP][PASSED] - setText: Text '190585633389' is set on object 'Object Repository/Final Object Repo/Creating Employer Account/Page_Registration - ASSIST (Base)/Identification Number'

2018-12-06 19:42:18 - [MESSAGE][PASSED] - Text '190585633389' is set on object 'Object Repository/Final Object Repo/Creating Employer Account/Page_Registration - ASSIST (Base)/Identification Number'

2018-12-06 19:42:18 - [TEST_STEP][PASSED] - delay: Delayed 2 second(s)

2018-12-06 19:42:20 - [MESSAGE][PASSED] - Delayed 2 second(s)

2018-12-06 19:42:20 - [TEST_STEP][PASSED] - setText: Text '123456789012' is set on object 'Object Repository/Final Object Repo/Creating Employer Account/Page_Registration - ASSIST (Base)/Contact Number'

2018-12-06 19:42:20 - [MESSAGE][PASSED] - Text '123456789012' is set on object 'Object Repository/Final Object Repo/Creating Employer Account/Page_Registration - ASSIST (Base)/Contact Number'

2018-12-06 19:42:20 - [TEST_STEP][PASSED] - Statement - Email = "perkeso" + IC + "@gmail.com": null

2018-12-06 19:42:20 - [TEST_STEP][PASSED] - delay: Delayed 2 second(s)

2018-12-06 19:42:22 - [MESSAGE][PASSED] - Delayed 2 second(s)

2018-12-06 19:42:22 - [TEST_STEP][PASSED] - callTestCase: Call Test Case 'Test Cases/Final Aug 2018 - PKS Automation/Create Employer Acc/Template/Employer Email Settler' successfully

2018-12-06 19:42:22 - [TEST_CASE][PASSED] - Test Cases/Final Aug 2018 - PKS Automation/Create Employer Acc/Template/Employer Email Settler: Test Cases/Final Aug 2018 - PKS Automation/Create Employer Acc/Template/Employer Email Settler

2018-12-06 19:42:22 - [TEST_STEP][PASSED] - Statement - EmpEmailOld = new java.io.File(C://Users//Admin//Desktop//PKS//Automation Reference Point//EmpEmail.txt): null

2018-12-06 19:42:22 - [TEST_STEP][PASSED] - Statement - EmpEmailOld.delete(): null

2018-12-06 19:42:22 - [TEST_STEP][PASSED] - delay: Delayed 5 second(s)

2018-12-06 19:42:27 - [MESSAGE][PASSED] - Delayed 5 second(s)

2018-12-06 19:42:27 - [TEST_STEP][PASSED] - Statement - EmpEmail = new java.io.File(C://Users//Admin//Desktop//PKS//Automation Reference Point//EmpEmail.txt): null

2018-12-06 19:42:27 - [TEST_STEP][PASSED] - Statement - f2 = new java.io.FileWriter(EmpEmail, false): null

2018-12-06 19:42:27 - [TEST_STEP][PASSED] - Statement - f2.write(Email): null

2018-12-06 19:42:27 - [TEST_STEP][PASSED] - Statement - f2.close(): null

2018-12-06 19:42:27 - [TEST_STEP][PASSED] - Statement - out.println(Email): null

2018-12-06 19:42:27 - [MESSAGE][PASSED] - Call Test Case 'Test Cases/Final Aug 2018 - PKS Automation/Create Employer Acc/Template/Employer Email Settler' successfully

2018-12-06 19:42:27 - [TEST_STEP][PASSED] - delay: Delayed 2 second(s)

2018-12-06 19:42:29 - [MESSAGE][PASSED] - Delayed 2 second(s)

2018-12-06 19:42:29 - [TEST_STEP][PASSED] - setText: Text 'perkeso190585633389@gmail.com' is set on object 'Object Repository/Final Object Repo/Creating Employer Account/Page_Registration - ASSIST (Base)/Email'

2018-12-06 19:42:30 - [MESSAGE][PASSED] - Text 'perkeso190585633389@gmail.com' is set on object 'Object Repository/Final Object Repo/Creating Employer Account/Page_Registration - ASSIST (Base)/Email'

2018-12-06 19:42:30 - [TEST_STEP][PASSED] - setText: Text '123' is set on object 'Object Repository/Final Object Repo/Creating Employer Account/Page_Registration - ASSIST (Base)/Security Phase'

2018-12-06 19:42:30 - [MESSAGE][PASSED] - Text '123' is set on object 'Object Repository/Final Object Repo/Creating Employer Account/Page_Registration - ASSIST (Base)/Security Phase'

2018-12-06 19:42:30 - [TEST_STEP][PASSED] - click: Object: 'Object Repository/Final Object Repo/Creating Employer Account/Page_Registration - ASSIST (Base)/Save  Continue' is clicked on

2018-12-06 19:42:30 - [MESSAGE][PASSED] - Object: 'Object Repository/Final Object Repo/Creating Employer Account/Page_Registration - ASSIST (Base)/Save  Continue' is clicked on

2018-12-06 19:42:30 - [TEST_STEP][PASSED] - delay: Delayed 2 second(s)

2018-12-06 19:42:32 - [MESSAGE][PASSED] - Delayed 2 second(s)

2018-12-06 19:42:32 - [TEST_STEP][PASSED] - click: Object: 'Object Repository/Final Object Repo/Creating Employer Account/Page_Registration - ASSIST (Base)/Add Document' is clicked on

2018-12-06 19:42:32 - [MESSAGE][PASSED] - Object: 'Object Repository/Final Object Repo/Creating Employer Account/Page_Registration - ASSIST (Base)/Add Document' is clicked on

2018-12-06 19:42:32 - [TEST_STEP][PASSED] - delay: Delayed 2 second(s)

2018-12-06 19:42:34 - [MESSAGE][PASSED] - Delayed 2 second(s)

2018-12-06 19:42:34 - [TEST_STEP][PASSED] - click: Object: 'Object Repository/Final Object Repo/Creating Employer Account/Page_Registration - ASSIST (Base)/Document Type' is clicked on

2018-12-06 19:42:35 - [MESSAGE][PASSED] - Object: 'Object Repository/Final Object Repo/Creating Employer Account/Page_Registration - ASSIST (Base)/Document Type' is clicked on

2018-12-06 19:42:35 - [TEST_STEP][PASSED] - delay: Delayed 2 second(s)

2018-12-06 19:42:37 - [MESSAGE][PASSED] - Delayed 2 second(s)

2018-12-06 19:42:37 - [TEST_STEP][PASSED] - click: Object: 'Object Repository/Final Object Repo/Creating Employer Account/Page_Registration - ASSIST (Base)/Document Type - Letter of Authorization' is clicked on

2018-12-06 19:42:37 - [MESSAGE][PASSED] - Object: 'Object Repository/Final Object Repo/Creating Employer Account/Page_Registration - ASSIST (Base)/Document Type - Letter of Authorization' is clicked on

2018-12-06 19:42:37 - [TEST_STEP][PASSED] - delay: Delayed 2 second(s)

2018-12-06 19:42:39 - [MESSAGE][PASSED] - Delayed 2 second(s)

2018-12-06 19:42:39 - [TEST_STEP][PASSED] - sendKeys: Keys 'C:\Users\Public\Pictures\Sample Pictures\Koala.jpg' sent to object: 'Object Repository/Final Object Repo/Creating Employer Account/Page_Registration - ASSIST (Base)/Uploading File'

2018-12-06 19:42:39 - [MESSAGE][PASSED] - Keys 'C:\Users\Public\Pictures\Sample Pictures\Koala.jpg' sent to object: 'Object Repository/Final Object Repo/Creating Employer Account/Page_Registration - ASSIST (Base)/Uploading File'

2018-12-06 19:42:39 - [TEST_STEP][PASSED] - delay: Delayed 2 second(s)

2018-12-06 19:42:41 - [MESSAGE][PASSED] - Delayed 2 second(s)

2018-12-06 19:42:41 - [TEST_STEP][PASSED] - click: Object: 'Object Repository/Final Object Repo/Creating Employer Account/Page_Registration - ASSIST (Base)/Add Document in Uploading File' is clicked on

2018-12-06 19:42:41 - [MESSAGE][PASSED] - Object: 'Object Repository/Final Object Repo/Creating Employer Account/Page_Registration - ASSIST (Base)/Add Document in Uploading File' is clicked on

2018-12-06 19:42:41 - [TEST_STEP][PASSED] - delay: Delayed 2 second(s)

2018-12-06 19:42:43 - [MESSAGE][PASSED] - Delayed 2 second(s)

2018-12-06 19:42:43 - [TEST_STEP][PASSED] - click: Object: 'Object Repository/Final Object Repo/Creating Employer Account/Page_Registration - ASSIST (Base)/Save' is clicked on

2018-12-06 19:42:43 - [MESSAGE][PASSED] - Object: 'Object Repository/Final Object Repo/Creating Employer Account/Page_Registration - ASSIST (Base)/Save' is clicked on

2018-12-06 19:42:43 - [TEST_STEP][PASSED] - delay: Delayed 2 second(s)

2018-12-06 19:42:45 - [MESSAGE][PASSED] - Delayed 2 second(s)

2018-12-06 19:42:45 - [TEST_STEP][PASSED] - click: Object: 'Object Repository/Final Object Repo/Creating Employer Account/Page_Registration - ASSIST (Base)/Submit' is clicked on

2018-12-06 19:42:45 - [MESSAGE][PASSED] - Object: 'Object Repository/Final Object Repo/Creating Employer Account/Page_Registration - ASSIST (Base)/Submit' is clicked on

2018-12-06 19:42:45 - [TEST_STEP][PASSED] - delay: Delayed 2 second(s)

2018-12-06 19:42:47 - [MESSAGE][PASSED] - Delayed 2 second(s)

2018-12-06 19:42:47 - [TEST_STEP][PASSED] - click: Object: 'Object Repository/Final Object Repo/Creating Employer Account/Page_Registration - ASSIST (Base)/Confirm' is clicked on

2018-12-06 19:42:48 - [MESSAGE][PASSED] - Object: 'Object Repository/Final Object Repo/Creating Employer Account/Page_Registration - ASSIST (Base)/Confirm' is clicked on

2018-12-06 19:42:48 - [MESSAGE][PASSED] - Call Test Case 'Test Cases/Final Aug 2018 - PKS Automation/Create Employer Acc/Template/Register Employer' successfully

2018-12-06 19:42:48 - [TEST_STEP][PASSED] - delay: Delayed 1 second(s)

2018-12-06 19:42:49 - [MESSAGE][PASSED] - Delayed 1 second(s)

2018-12-06 19:42:49 - [TEST_STEP][PASSED] - navigateToUrl: Navigate to 'https://assist2-uat.perkeso.gov.my/c/portal/logout' successfully

2018-12-06 19:42:50 - [MESSAGE][PASSED] - Navigate to 'https://assist2-uat.perkeso.gov.my/c/portal/logout' successfully

2018-12-06 19:42:50 - [TEST_STEP][PASSED] - delay: Delayed 1 second(s)

2018-12-06 19:42:51 - [MESSAGE][PASSED] - Delayed 1 second(s)

2018-12-06 19:42:51 - [TEST_STEP][PASSED] - callTestCase: Call Test Case 'Test Cases/Final Aug 2018 - PKS Automation/Create Employer Acc/Template/Change Password of Employer' successfully

2018-12-06 19:42:51 - [TEST_CASE][PASSED] - Test Cases/Final Aug 2018 - PKS Automation/Create Employer Acc/Template/Change Password of Employer: Test Cases/Final Aug 2018 - PKS Automation/Create Employer Acc/Template/Change Password of Employer

2018-12-06 19:42:51 - [TEST_STEP][PASSED] - openBrowser: Browser is opened with url: ''

2018-12-06 19:42:51 - [MESSAGE][WARNING] - A browser is already opened. Closing browser and opening a new one

2018-12-06 19:42:54 - [MESSAGE][PASSED] - Browser is opened with url: ''

2018-12-06 19:42:54 - [TEST_STEP][PASSED] - navigateToUrl: Navigate to 'https://assist2-uat.perkeso.gov.my/login' successfully

2018-12-06 19:42:55 - [MESSAGE][PASSED] - Navigate to 'https://assist2-uat.perkeso.gov.my/login' successfully

2018-12-06 19:42:55 - [TEST_STEP][PASSED] - delay: Delayed 5 second(s)

2018-12-06 19:43:00 - [MESSAGE][PASSED] - Delayed 5 second(s)

2018-12-06 19:43:00 - [TEST_STEP][PASSED] - setText: Text 'test@liferay.com' is set on object 'Object Repository/Final Object Repo/Login Page/Internal User/Email Address'

2018-12-06 19:43:00 - [MESSAGE][PASSED] - Text 'test@liferay.com' is set on object 'Object Repository/Final Object Repo/Login Page/Internal User/Email Address'

2018-12-06 19:43:00 - [TEST_STEP][PASSED] - click: Object: 'Object Repository/Final Object Repo/Login Page/Internal User/Next Button' is clicked on

2018-12-06 19:43:01 - [MESSAGE][PASSED] - Object: 'Object Repository/Final Object Repo/Login Page/Internal User/Next Button' is clicked on

2018-12-06 19:43:01 - [TEST_STEP][PASSED] - delay: Delayed 2 second(s)

2018-12-06 19:43:03 - [MESSAGE][PASSED] - Delayed 2 second(s)

2018-12-06 19:43:03 - [TEST_STEP][PASSED] - setText: Text 'test' is set on object 'Object Repository/Final Object Repo/Login Page/Internal User/Password'

2018-12-06 19:43:03 - [MESSAGE][PASSED] - Text 'test' is set on object 'Object Repository/Final Object Repo/Login Page/Internal User/Password'

2018-12-06 19:43:03 - [TEST_STEP][PASSED] - delay: Delayed 2 second(s)

2018-12-06 19:43:05 - [MESSAGE][PASSED] - Delayed 2 second(s)

2018-12-06 19:43:05 - [TEST_STEP][PASSED] - click: Object: 'Object Repository/Final Object Repo/Login Page/Internal User/Login Button' is clicked on

2018-12-06 19:43:05 - [MESSAGE][PASSED] - Object: 'Object Repository/Final Object Repo/Login Page/Internal User/Login Button' is clicked on

2018-12-06 19:43:05 - [TEST_STEP][PASSED] - delay: Delayed 3 second(s)

2018-12-06 19:43:08 - [MESSAGE][PASSED] - Delayed 3 second(s)

2018-12-06 19:43:08 - [TEST_STEP][PASSED] - navigateToUrl: Navigate to 'https://assist2-uat.perkeso.gov.my/group/control_panel/manage?p_p_id=125&p_p_lifecycle=0&p_p_state=maximized&p_p_mode=view&refererPlid=20455&_125_usersListView=flat-users&_125_toolbarItem=view-all-users&_125_saveUsersListView=true&_125_struts_action=%2Fusers_admin%2Fview' successfully

2018-12-06 19:43:09 - [MESSAGE][PASSED] - Navigate to 'https://assist2-uat.perkeso.gov.my/group/control_panel/manage?p_p_id=125&p_p_lifecycle=0&p_p_state=maximized&p_p_mode=view&refererPlid=20455&_125_usersListView=flat-users&_125_toolbarItem=view-all-users&_125_saveUsersListView=true&_125_struts_action=%2Fusers_admin%2Fview' successfully

2018-12-06 19:43:09 - [TEST_STEP][PASSED] - delay: Delayed 3 second(s)

2018-12-06 19:43:12 - [MESSAGE][PASSED] - Delayed 3 second(s)

2018-12-06 19:43:12 - [TEST_STEP][PASSED] - setText: Text 'perkeso190585633389@gmail.com' is set on object 'Object Repository/Final Object Repo/Creating Employer Account/Page_Users and Organizations - ASSIST/Employer name'

2018-12-06 19:43:13 - [MESSAGE][PASSED] - Text 'perkeso190585633389@gmail.com' is set on object 'Object Repository/Final Object Repo/Creating Employer Account/Page_Users and Organizations - ASSIST/Employer name'

2018-12-06 19:43:13 - [TEST_STEP][PASSED] - delay: Delayed 3 second(s)

2018-12-06 19:43:16 - [MESSAGE][PASSED] - Delayed 3 second(s)

2018-12-06 19:43:16 - [TEST_STEP][PASSED] - click: Object: 'Object Repository/Final Object Repo/Creating Employer Account/Page_Users and Organizations - ASSIST/Search' is clicked on

2018-12-06 19:43:16 - [MESSAGE][PASSED] - Object: 'Object Repository/Final Object Repo/Creating Employer Account/Page_Users and Organizations - ASSIST/Search' is clicked on

2018-12-06 19:43:16 - [TEST_STEP][PASSED] - delay: Delayed 3 second(s)

2018-12-06 19:43:19 - [MESSAGE][PASSED] - Delayed 3 second(s)

2018-12-06 19:43:19 - [TEST_STEP][PASSED] - click: Object: 'Object Repository/Final Object Repo/Creating Employer Account/Page_Users and Organizations - ASSIST/Action' is clicked on

2018-12-06 19:43:20 - [MESSAGE][PASSED] - Object: 'Object Repository/Final Object Repo/Creating Employer Account/Page_Users and Organizations - ASSIST/Action' is clicked on

2018-12-06 19:43:20 - [TEST_STEP][PASSED] - delay: Delayed 3 second(s)

2018-12-06 19:43:23 - [MESSAGE][PASSED] - Delayed 3 second(s)

2018-12-06 19:43:23 - [TEST_STEP][PASSED] - click: Object: 'Object Repository/Final Object Repo/Creating Employer Account/Page_Users and Organizations - ASSIST/Edit' is clicked on

2018-12-06 19:43:24 - [MESSAGE][PASSED] - Object: 'Object Repository/Final Object Repo/Creating Employer Account/Page_Users and Organizations - ASSIST/Edit' is clicked on

2018-12-06 19:43:24 - [TEST_STEP][PASSED] - delay: Delayed 3 second(s)

2018-12-06 19:43:27 - [MESSAGE][PASSED] - Delayed 3 second(s)

2018-12-06 19:43:27 - [TEST_STEP][PASSED] - click: Object: 'Object Repository/Final Object Repo/Creating Employer Account/Page_PERKESO - Users and Organizati/a_Password (Modified)' is clicked on

2018-12-06 19:43:27 - [MESSAGE][PASSED] - Object: 'Object Repository/Final Object Repo/Creating Employer Account/Page_PERKESO - Users and Organizati/a_Password (Modified)' is clicked on

2018-12-06 19:43:27 - [TEST_STEP][PASSED] - delay: Delayed 3 second(s)

2018-12-06 19:43:30 - [MESSAGE][PASSED] - Delayed 3 second(s)

2018-12-06 19:43:30 - [TEST_STEP][PASSED] - setEncryptedText: Text ****** has been set on object 'Object Repository/Final Object Repo/Creating Employer Account/Page_PERKESO - Users and Organizati/input__125_password1'

2018-12-06 19:43:30 - [MESSAGE][PASSED] - Text ****** has been set on object 'Object Repository/Final Object Repo/Creating Employer Account/Page_PERKESO - Users and Organizati/input__125_password1'

2018-12-06 19:43:30 - [TEST_STEP][PASSED] - delay: Delayed 3 second(s)

2018-12-06 19:43:33 - [MESSAGE][PASSED] - Delayed 3 second(s)

2018-12-06 19:43:33 - [TEST_STEP][PASSED] - setEncryptedText: Text ****** has been set on object 'Object Repository/Final Object Repo/Creating Employer Account/Page_PERKESO - Users and Organizati/input__125_password2'

2018-12-06 19:43:33 - [MESSAGE][PASSED] - Text ****** has been set on object 'Object Repository/Final Object Repo/Creating Employer Account/Page_PERKESO - Users and Organizati/input__125_password2'

2018-12-06 19:43:33 - [TEST_STEP][PASSED] - delay: Delayed 3 second(s)

2018-12-06 19:43:36 - [MESSAGE][PASSED] - Delayed 3 second(s)

2018-12-06 19:43:36 - [TEST_STEP][PASSED] - click: Object: 'Object Repository/Final Object Repo/Creating Employer Account/Page_PERKESO - Users and Organizati/Save' is clicked on

2018-12-06 19:43:38 - [MESSAGE][PASSED] - Object: 'Object Repository/Final Object Repo/Creating Employer Account/Page_PERKESO - Users and Organizati/Save' is clicked on

2018-12-06 19:43:38 - [MESSAGE][PASSED] - Call Test Case 'Test Cases/Final Aug 2018 - PKS Automation/Create Employer Acc/Template/Change Password of Employer' successfully

2018-12-06 19:43:38 - [TEST_STEP][PASSED] - delay: Delayed 1 second(s)

2018-12-06 19:43:39 - [MESSAGE][PASSED] - Delayed 1 second(s)

2018-12-06 19:43:39 - [TEST_STEP][PASSED] - navigateToUrl: Navigate to 'https://assist2-uat.perkeso.gov.my/c/portal/logout' successfully

2018-12-06 19:43:40 - [MESSAGE][PASSED] - Navigate to 'https://assist2-uat.perkeso.gov.my/c/portal/logout' successfully

2018-12-06 19:43:40 - [TEST_STEP][PASSED] - delay: Delayed 1 second(s)

2018-12-06 19:43:41 - [MESSAGE][PASSED] - Delayed 1 second(s)

2018-12-06 19:43:41 - [TEST_STEP][PASSED] - callTestCase: Call Test Case 'Test Cases/Final Aug 2018 - PKS Automation/Create Employer Acc/Template/Login to Employer Account (First Time)' successfully

2018-12-06 19:43:41 - [TEST_CASE][PASSED] - Test Cases/Final Aug 2018 - PKS Automation/Create Employer Acc/Template/Login to Employer Account (First Time): Test Cases/Final Aug 2018 - PKS Automation/Create Employer Acc/Template/Login to Employer Account (First Time)

2018-12-06 19:43:41 - [TEST_STEP][PASSED] - openBrowser: Browser is opened with url: ''

2018-12-06 19:43:41 - [MESSAGE][WARNING] - A browser is already opened. Closing browser and opening a new one

2018-12-06 19:43:44 - [MESSAGE][PASSED] - Browser is opened with url: ''

2018-12-06 19:43:44 - [TEST_STEP][PASSED] - navigateToUrl: Navigate to 'https://assist2-uat.perkeso.gov.my/employer/login' successfully

2018-12-06 19:43:45 - [MESSAGE][PASSED] - Navigate to 'https://assist2-uat.perkeso.gov.my/employer/login' successfully

2018-12-06 19:43:45 - [TEST_STEP][PASSED] - delay: Delayed 3 second(s)

2018-12-06 19:43:48 - [MESSAGE][PASSED] - Delayed 3 second(s)

2018-12-06 19:43:48 - [TEST_STEP][PASSED] - callTestCase: Call Test Case 'Test Cases/Final Aug 2018 - PKS Automation/Create Employer Acc/Template/Employer Email Getter' successfully

2018-12-06 19:43:48 - [TEST_CASE][PASSED] - Test Cases/Final Aug 2018 - PKS Automation/Create Employer Acc/Template/Employer Email Getter: Test Cases/Final Aug 2018 - PKS Automation/Create Employer Acc/Template/Employer Email Getter

2018-12-06 19:43:48 - [TEST_STEP][PASSED] - Statement - Try: null

2018-12-06 19:43:48 - [TEST_STEP][PASSED] - Statement - EmpEmail = new java.io.File(C://Users//Admin//Desktop//PKS//Automation Reference Point//EmpEmail.txt): null

2018-12-06 19:43:48 - [TEST_STEP][PASSED] - Statement - bufferread = new java.io.BufferedReader(new java.io.FileReader(EmpEmail)): null

2018-12-06 19:43:48 - [TEST_STEP][PASSED] - Statement - readedVal = bufferread.readLine(): null

2018-12-06 19:43:48 - [TEST_STEP][PASSED] - Statement - out.println(readedVal): null

2018-12-06 19:43:48 - [TEST_STEP][PASSED] - Statement - Email = readedVal: null

2018-12-06 19:43:48 - [MESSAGE][PASSED] - Call Test Case 'Test Cases/Final Aug 2018 - PKS Automation/Create Employer Acc/Template/Employer Email Getter' successfully

2018-12-06 19:43:48 - [TEST_STEP][PASSED] - setText: Text 'perkeso190585633389@gmail.com' is set on object 'Object Repository/Final Object Repo/Login Page/External Login Page/Email'

2018-12-06 19:43:48 - [MESSAGE][PASSED] - Text 'perkeso190585633389@gmail.com' is set on object 'Object Repository/Final Object Repo/Login Page/External Login Page/Email'

2018-12-06 19:43:48 - [TEST_STEP][PASSED] - click: Object: 'Object Repository/Final Object Repo/Login Page/External Login Page/Next' is clicked on

2018-12-06 19:43:49 - [MESSAGE][PASSED] - Object: 'Object Repository/Final Object Repo/Login Page/External Login Page/Next' is clicked on

2018-12-06 19:43:49 - [TEST_STEP][PASSED] - delay: Delayed 3 second(s)

2018-12-06 19:43:52 - [MESSAGE][PASSED] - Delayed 3 second(s)

2018-12-06 19:43:52 - [TEST_STEP][PASSED] - setEncryptedText: Text ****** has been set on object 'Object Repository/Final Object Repo/Login Page/External Login Page/Password'

2018-12-06 19:43:52 - [MESSAGE][PASSED] - Text ****** has been set on object 'Object Repository/Final Object Repo/Login Page/External Login Page/Password'

2018-12-06 19:43:52 - [TEST_STEP][PASSED] - click: Object: 'Object Repository/Final Object Repo/Login Page/External Login Page/Login' is clicked on

2018-12-06 19:43:52 - [MESSAGE][PASSED] - Object: 'Object Repository/Final Object Repo/Login Page/External Login Page/Login' is clicked on

2018-12-06 19:43:52 - [TEST_STEP][PASSED] - delay: Delayed 3 second(s)

2018-12-06 19:43:55 - [MESSAGE][PASSED] - Delayed 3 second(s)

2018-12-06 19:43:55 - [TEST_STEP][PASSED] - click: Object: 'Object Repository/Final Object Repo/Creating Employer Account/Page_Terms of Use - ASSIST/button_I Agree' is clicked on

2018-12-06 19:43:56 - [MESSAGE][PASSED] - Object: 'Object Repository/Final Object Repo/Creating Employer Account/Page_Terms of Use - ASSIST/button_I Agree' is clicked on

2018-12-06 19:43:56 - [TEST_STEP][PASSED] - delay: Delayed 2 second(s)

2018-12-06 19:43:58 - [MESSAGE][PASSED] - Delayed 2 second(s)

2018-12-06 19:43:58 - [TEST_STEP][PASSED] - setEncryptedText: Text ****** has been set on object 'Object Repository/Final Object Repo/Creating Employer Account/Page_New Password - ASSIST/input_password1'

2018-12-06 19:43:58 - [MESSAGE][PASSED] - Text ****** has been set on object 'Object Repository/Final Object Repo/Creating Employer Account/Page_New Password - ASSIST/input_password1'

2018-12-06 19:43:58 - [TEST_STEP][PASSED] - setEncryptedText: Text ****** has been set on object 'Object Repository/Final Object Repo/Creating Employer Account/Page_New Password - ASSIST/input_password2'

2018-12-06 19:43:59 - [MESSAGE][PASSED] - Text ****** has been set on object 'Object Repository/Final Object Repo/Creating Employer Account/Page_New Password - ASSIST/input_password2'

2018-12-06 19:43:59 - [TEST_STEP][PASSED] - delay: Delayed 2 second(s)

2018-12-06 19:44:01 - [MESSAGE][PASSED] - Delayed 2 second(s)

2018-12-06 19:44:01 - [TEST_STEP][PASSED] - click: Object: 'Object Repository/Final Object Repo/Creating Employer Account/Page_New Password - ASSIST/Save' is clicked on

2018-12-06 19:44:01 - [MESSAGE][PASSED] - Object: 'Object Repository/Final Object Repo/Creating Employer Account/Page_New Password - ASSIST/Save' is clicked on

2018-12-06 19:44:01 - [TEST_STEP][PASSED] - delay: Delayed 2 second(s)

2018-12-06 19:44:03 - [MESSAGE][PASSED] - Delayed 2 second(s)

2018-12-06 19:44:03 - [TEST_STEP][PASSED] - setText: Text 'test' is set on object 'Object Repository/Final Object Repo/Creating Employer Account/Page_Password Reminder - ASSIST/Reminder Query Answer'

2018-12-06 19:44:03 - [MESSAGE][PASSED] - Text 'test' is set on object 'Object Repository/Final Object Repo/Creating Employer Account/Page_Password Reminder - ASSIST/Reminder Query Answer'

2018-12-06 19:44:03 - [TEST_STEP][PASSED] - delay: Delayed 2 second(s)

2018-12-06 19:44:05 - [MESSAGE][PASSED] - Delayed 2 second(s)

2018-12-06 19:44:05 - [TEST_STEP][PASSED] - doubleClick: Object: 'Object Repository/Final Object Repo/Creating Employer Account/Page_Password Reminder - ASSIST/Save' is double clicked on

2018-12-06 19:44:07 - [MESSAGE][PASSED] - Object: 'Object Repository/Final Object Repo/Creating Employer Account/Page_Password Reminder - ASSIST/Save' is double clicked on

2018-12-06 19:44:07 - [MESSAGE][PASSED] - Call Test Case 'Test Cases/Final Aug 2018 - PKS Automation/Create Employer Acc/Template/Login to Employer Account (First Time)' successfully

2018-12-06 19:44:07 - [MESSAGE][PASSED] - Call Test Case 'Test Cases/Final Aug 2018 - PKS Automation/Create Employer Acc/Create Employer Account' successfully

2018-12-06 19:44:07 - [TEST_STEP][PASSED] - callTestCase: Call Test Case 'Test Cases/Final Aug 2018 - PKS Automation/Registration Module/Log Out/log out avoiding katalon tagging' successfully

2018-12-06 19:44:08 - [TEST_CASE][PASSED] - Test Cases/Final Aug 2018 - PKS Automation/Registration Module/Log Out/log out avoiding katalon tagging: Test Cases/Final Aug 2018 - PKS Automation/Registration Module/Log Out/log out avoiding katalon tagging

2018-12-06 19:44:08 - [TEST_STEP][PASSED] - navigateToUrl: Navigate to 'https://assist2-uat.perkeso.gov.my/c/portal/logout' successfully

2018-12-06 19:44:08 - [MESSAGE][PASSED] - Navigate to 'https://assist2-uat.perkeso.gov.my/c/portal/logout' successfully

2018-12-06 19:44:08 - [MESSAGE][PASSED] - Call Test Case 'Test Cases/Final Aug 2018 - PKS Automation/Registration Module/Log Out/log out avoiding katalon tagging' successfully

2018-12-06 19:44:08 - [TEST_STEP][PASSED] - callTestCase: Call Test Case 'Test Cases/Final Aug 2018 - PKS Automation/Create Employer Acc/Login to Employer Account (Second time)' successfully

2018-12-06 19:44:08 - [TEST_CASE][PASSED] - Test Cases/Final Aug 2018 - PKS Automation/Create Employer Acc/Login to Employer Account (Second time): Test Cases/Final Aug 2018 - PKS Automation/Create Employer Acc/Login to Employer Account (Second time)

2018-12-06 19:44:08 - [TEST_STEP][PASSED] - openBrowser: Browser is opened with url: ''

2018-12-06 19:44:08 - [MESSAGE][WARNING] - A browser is already opened. Closing browser and opening a new one

2018-12-06 19:44:11 - [MESSAGE][PASSED] - Browser is opened with url: ''

2018-12-06 19:44:11 - [TEST_STEP][PASSED] - navigateToUrl: Navigate to 'https://assist2-uat.perkeso.gov.my/employer/login' successfully

2018-12-06 19:44:12 - [MESSAGE][PASSED] - Navigate to 'https://assist2-uat.perkeso.gov.my/employer/login' successfully

2018-12-06 19:44:12 - [TEST_STEP][PASSED] - delay: Delayed 3 second(s)

2018-12-06 19:44:15 - [MESSAGE][PASSED] - Delayed 3 second(s)

2018-12-06 19:44:15 - [TEST_STEP][PASSED] - callTestCase: Call Test Case 'Test Cases/Final Aug 2018 - PKS Automation/Create Employer Acc/Template/Employer Email Getter' successfully

2018-12-06 19:44:15 - [TEST_CASE][PASSED] - Test Cases/Final Aug 2018 - PKS Automation/Create Employer Acc/Template/Employer Email Getter: Test Cases/Final Aug 2018 - PKS Automation/Create Employer Acc/Template/Employer Email Getter

2018-12-06 19:44:15 - [TEST_STEP][PASSED] - Statement - Try: null

2018-12-06 19:44:15 - [TEST_STEP][PASSED] - Statement - EmpEmail = new java.io.File(C://Users//Admin//Desktop//PKS//Automation Reference Point//EmpEmail.txt): null

2018-12-06 19:44:15 - [TEST_STEP][PASSED] - Statement - bufferread = new java.io.BufferedReader(new java.io.FileReader(EmpEmail)): null

2018-12-06 19:44:15 - [TEST_STEP][PASSED] - Statement - readedVal = bufferread.readLine(): null

2018-12-06 19:44:15 - [TEST_STEP][PASSED] - Statement - out.println(readedVal): null

2018-12-06 19:44:15 - [TEST_STEP][PASSED] - Statement - Email = readedVal: null

2018-12-06 19:44:15 - [MESSAGE][PASSED] - Call Test Case 'Test Cases/Final Aug 2018 - PKS Automation/Create Employer Acc/Template/Employer Email Getter' successfully

2018-12-06 19:44:15 - [TEST_STEP][PASSED] - setText: Text 'perkeso190585633389@gmail.com' is set on object 'Object Repository/Final Object Repo/Login Page/External Login Page/Email'

2018-12-06 19:44:16 - [MESSAGE][PASSED] - Text 'perkeso190585633389@gmail.com' is set on object 'Object Repository/Final Object Repo/Login Page/External Login Page/Email'

2018-12-06 19:44:16 - [TEST_STEP][PASSED] - click: Object: 'Object Repository/Final Object Repo/Login Page/External Login Page/Next' is clicked on

2018-12-06 19:44:16 - [MESSAGE][PASSED] - Object: 'Object Repository/Final Object Repo/Login Page/External Login Page/Next' is clicked on

2018-12-06 19:44:16 - [TEST_STEP][PASSED] - delay: Delayed 3 second(s)

2018-12-06 19:44:19 - [MESSAGE][PASSED] - Delayed 3 second(s)

2018-12-06 19:44:19 - [TEST_STEP][PASSED] - setEncryptedText: Text ****** has been set on object 'Object Repository/Final Object Repo/Login Page/External Login Page/Password'

2018-12-06 19:44:19 - [MESSAGE][PASSED] - Text ****** has been set on object 'Object Repository/Final Object Repo/Login Page/External Login Page/Password'

2018-12-06 19:44:19 - [TEST_STEP][PASSED] - click: Object: 'Object Repository/Final Object Repo/Login Page/External Login Page/Login' is clicked on

2018-12-06 19:44:19 - [MESSAGE][PASSED] - Object: 'Object Repository/Final Object Repo/Login Page/External Login Page/Login' is clicked on

2018-12-06 19:44:19 - [TEST_STEP][PASSED] - delay: Delayed 5 second(s)

2018-12-06 19:44:24 - [MESSAGE][PASSED] - Delayed 5 second(s)

2018-12-06 19:44:24 - [MESSAGE][PASSED] - Call Test Case 'Test Cases/Final Aug 2018 - PKS Automation/Create Employer Acc/Login to Employer Account (Second time)' successfully

2018-12-06 19:44:24 - [TEST_STEP][PASSED] - delay: Delayed 4 second(s)

2018-12-06 19:44:28 - [MESSAGE][PASSED] - Delayed 4 second(s)

2018-12-06 19:44:28 - [TEST_STEP][PASSED] - Statement - Try: Delayed 2 second(s)

2018-12-06 19:44:28 - [TEST_STEP][PASSED] - Statement - Checker = false: null

2018-12-06 19:44:28 - [TEST_STEP][PASSED] - Statement - Checker = com.kms.katalon.core.webui.keyword.WebUiBuiltInKeywords.verifyElementHasAttribute(com.kms.katalon.core.testobject.ObjectRepository.findTestObject(Final Object Repo/Landing Page/BM Detecting), "href", 20, OPTIONAL): Object 'Object Repository/Final Object Repo/Landing Page/BM Detecting' has attribute 'href'

2018-12-06 19:44:28 - [MESSAGE][PASSED] - Object 'Object Repository/Final Object Repo/Landing Page/BM Detecting' has attribute 'href'

2018-12-06 19:44:28 - [TEST_STEP][PASSED] - Statement - out.println(Checker): null

2018-12-06 19:44:28 - [TEST_STEP][PASSED] - Statement - If (Checker == false): null

2018-12-06 19:44:28 - [TEST_STEP][PASSED] - Statement - Else: null

2018-12-06 19:44:28 - [TEST_STEP][PASSED] - delay: Delayed 2 second(s)

2018-12-06 19:44:30 - [MESSAGE][PASSED] - Delayed 2 second(s)

2018-12-06 19:44:30 - [TEST_STEP][PASSED] - delay: Delayed 4 second(s)

2018-12-06 19:44:34 - [MESSAGE][PASSED] - Delayed 4 second(s)

2018-12-06 19:44:34 - [TEST_STEP][PASSED] - click: Object: 'Object Repository/Final Object Repo/Landing Page/My Sites Drop Down' is clicked on

2018-12-06 19:44:34 - [MESSAGE][PASSED] - Object: 'Object Repository/Final Object Repo/Landing Page/My Sites Drop Down' is clicked on

2018-12-06 19:44:34 - [TEST_STEP][PASSED] - click: Object: 'Object Repository/Final Object Repo/Landing Page/Select to Registration Module' is clicked on

2018-12-06 19:44:37 - [MESSAGE][PASSED] - Object: 'Object Repository/Final Object Repo/Landing Page/Select to Registration Module' is clicked on

2018-12-06 19:44:37 - [TEST_STEP][PASSED] - click: Object: 'Object Repository/Final Object Repo/Landing Page/Registration Button' is clicked on

2018-12-06 19:44:39 - [MESSAGE][PASSED] - Object: 'Object Repository/Final Object Repo/Landing Page/Registration Button' is clicked on

2018-12-06 19:44:39 - [TEST_STEP][PASSED] - delay: Delayed 2 second(s)

2018-12-06 19:44:41 - [MESSAGE][PASSED] - Delayed 2 second(s)

2018-12-06 19:44:41 - [TEST_STEP][PASSED] - click: Object: 'Object Repository/Final Object Repo/New Registration - Registration Module Pages/New Reg - OTC to RO/Special Case - OTC - Form 1/AEC NO' is clicked on

2018-12-06 19:44:41 - [MESSAGE][PASSED] - Object: 'Object Repository/Final Object Repo/New Registration - Registration Module Pages/New Reg - OTC to RO/Special Case - OTC - Form 1/AEC NO' is clicked on

2018-12-06 19:44:41 - [TEST_STEP][PASSED] - click: Object: 'Object Repository/Final Object Repo/New Registration - Registration Module Pages/New Reg - OTC to RO/Special Case - OTC - Form 1/Business Entity - Please Select' is clicked on

2018-12-06 19:44:41 - [MESSAGE][PASSED] - Object: 'Object Repository/Final Object Repo/New Registration - Registration Module Pages/New Reg - OTC to RO/Special Case - OTC - Form 1/Business Entity - Please Select' is clicked on

2018-12-06 19:44:41 - [TEST_STEP][PASSED] - click: Object: 'Object Repository/Final Object Repo/New Registration - Registration Module Pages/New Reg - OTC to RO/Special Case - OTC - Form 1/Selected - Corporation' is clicked on

2018-12-06 19:44:41 - [MESSAGE][PASSED] - Object: 'Object Repository/Final Object Repo/New Registration - Registration Module Pages/New Reg - OTC to RO/Special Case - OTC - Form 1/Selected - Corporation' is clicked on

2018-12-06 19:44:41 - [TEST_STEP][PASSED] - delay: Delayed 2 second(s)

2018-12-06 19:44:43 - [MESSAGE][PASSED] - Delayed 2 second(s)

2018-12-06 19:44:43 - [TEST_STEP][PASSED] - click: Object: 'Object Repository/Final Object Repo/New Registration - Registration Module Pages/New Reg - OTC to RO/Special Case - OTC - Form 1/Sub Business Entity - Please Select' is clicked on

2018-12-06 19:44:44 - [MESSAGE][PASSED] - Object: 'Object Repository/Final Object Repo/New Registration - Registration Module Pages/New Reg - OTC to RO/Special Case - OTC - Form 1/Sub Business Entity - Please Select' is clicked on

2018-12-06 19:44:44 - [TEST_STEP][PASSED] - delay: Delayed 2 second(s)

2018-12-06 19:44:46 - [MESSAGE][PASSED] - Delayed 2 second(s)

2018-12-06 19:44:46 - [TEST_STEP][PASSED] - click: Object: 'Object Repository/Final Object Repo/New Registration - Registration Module Pages/New Reg - OTC to RO/Special Case - OTC - Form 1/Selected - Sendirian Berhad' is clicked on

2018-12-06 19:44:46 - [MESSAGE][PASSED] - Object: 'Object Repository/Final Object Repo/New Registration - Registration Module Pages/New Reg - OTC to RO/Special Case - OTC - Form 1/Selected - Sendirian Berhad' is clicked on

2018-12-06 19:44:46 - [TEST_STEP][PASSED] - setText: Text 'AUTOMATE001' is set on object 'Object Repository/Final Object Repo/New Registration - Registration Module Pages/New Reg - OTC to RO/Special Case - OTC - Form 1/Input BRN Number'

2018-12-06 19:44:46 - [MESSAGE][PASSED] - Text 'AUTOMATE001' is set on object 'Object Repository/Final Object Repo/New Registration - Registration Module Pages/New Reg - OTC to RO/Special Case - OTC - Form 1/Input BRN Number'

2018-12-06 19:44:46 - [TEST_STEP][PASSED] - delay: Delayed 2 second(s)

2018-12-06 19:44:48 - [MESSAGE][PASSED] - Delayed 2 second(s)

2018-12-06 19:44:48 - [TEST_STEP][PASSED] - click: Object: 'Object Repository/Final Object Repo/New Registration - Registration Module Pages/New Reg - OTC to RO/Special Case - OTC - Form 1/BRN Search' is clicked on

2018-12-06 19:44:48 - [MESSAGE][PASSED] - Object: 'Object Repository/Final Object Repo/New Registration - Registration Module Pages/New Reg - OTC to RO/Special Case - OTC - Form 1/BRN Search' is clicked on

2018-12-06 19:44:48 - [TEST_STEP][PASSED] - delay: Delayed 4 second(s)

2018-12-06 19:44:52 - [MESSAGE][PASSED] - Delayed 4 second(s)

2018-12-06 19:44:52 - [TEST_STEP][PASSED] - click: Object: 'Object Repository/Final Object Repo/New Registration - Registration Module Pages/New Reg - OTC to RO/Special Case - OTC - Form 1/Registered with SSM - After Feb 2017' is clicked on

2018-12-06 19:44:53 - [MESSAGE][PASSED] - Object: 'Object Repository/Final Object Repo/New Registration - Registration Module Pages/New Reg - OTC to RO/Special Case - OTC - Form 1/Registered with SSM - After Feb 2017' is clicked on

2018-12-06 19:44:53 - [TEST_STEP][PASSED] - delay: Delayed 2 second(s)

2018-12-06 19:44:55 - [MESSAGE][PASSED] - Delayed 2 second(s)

2018-12-06 19:44:55 - [TEST_STEP][PASSED] - click: Object: 'Object Repository/Final Object Repo/New Registration - Registration Module Pages/Form 1/Registered As a Branch - Yes' is clicked on

2018-12-06 19:44:55 - [MESSAGE][PASSED] - Object: 'Object Repository/Final Object Repo/New Registration - Registration Module Pages/Form 1/Registered As a Branch - Yes' is clicked on

2018-12-06 19:44:55 - [TEST_STEP][PASSED] - click: Object: 'Object Repository/Final Object Repo/New Registration - Registration Module Pages/New Reg - OTC to RO/Special Case - OTC - Form 1/Acknowledgement Ticked' is clicked on

2018-12-06 19:44:55 - [MESSAGE][PASSED] - Object: 'Object Repository/Final Object Repo/New Registration - Registration Module Pages/New Reg - OTC to RO/Special Case - OTC - Form 1/Acknowledgement Ticked' is clicked on

2018-12-06 19:44:55 - [TEST_STEP][PASSED] - setText: Text 'perkeso190585633389@gmail.com' is set on object 'Object Repository/Final Object Repo/New Registration - Registration Module Pages/Form 1/Email'

2018-12-06 19:44:56 - [MESSAGE][PASSED] - Text 'perkeso190585633389@gmail.com' is set on object 'Object Repository/Final Object Repo/New Registration - Registration Module Pages/Form 1/Email'

2018-12-06 19:44:56 - [TEST_STEP][PASSED] - click: Object: 'Object Repository/Final Object Repo/New Registration - Registration Module Pages/New Reg - OTC to RO/Special Case - OTC - Form 1/Submit Button' is clicked on

2018-12-06 19:44:56 - [MESSAGE][PASSED] - Object: 'Object Repository/Final Object Repo/New Registration - Registration Module Pages/New Reg - OTC to RO/Special Case - OTC - Form 1/Submit Button' is clicked on

2018-12-06 19:44:56 - [TEST_STEP][PASSED] - callTestCase: Call Test Case 'Test Cases/Final Aug 2018 - PKS Automation/Registration Module/New Registration/Form 2/Add 1 Eligible - Employer Account Use' successfully

2018-12-06 19:44:56 - [TEST_CASE][PASSED] - Test Cases/Final Aug 2018 - PKS Automation/Registration Module/New Registration/Form 2/Add 1 Eligible - Employer Account Use: Test Cases/Final Aug 2018 - PKS Automation/Registration Module/New Registration/Form 2/Add 1 Eligible - Employer Account Use

2018-12-06 19:44:56 - [TEST_STEP][PASSED] - delay: Delayed 2 second(s)

2018-12-06 19:44:58 - [MESSAGE][PASSED] - Delayed 2 second(s)

2018-12-06 19:44:58 - [TEST_STEP][PASSED] - callTestCase: Call Test Case 'Test Cases/Final Aug 2018 - PKS Automation/Registration Module/New Registration/Form 2/Date Updater' successfully

2018-12-06 19:44:58 - [TEST_CASE][PASSED] - Test Cases/Final Aug 2018 - PKS Automation/Registration Module/New Registration/Form 2/Date Updater: Test Cases/Final Aug 2018 - PKS Automation/Registration Module/New Registration/Form 2/Date Updater

2018-12-06 19:44:58 - [TEST_STEP][PASSED] - Statement - TodayDate = new java.util.Date(): null

2018-12-06 19:44:58 - [TEST_STEP][PASSED] - Statement - CurrentDateNoFilter = new java.text.SimpleDateFormat(): null

2018-12-06 19:44:58 - [TEST_STEP][PASSED] - Statement - CurrentDateNoFilter.applyPattern("MM"): null

2018-12-06 19:44:58 - [TEST_STEP][PASSED] - Statement - monthContainerMatcher = java.lang.Integer.parseInt(CurrentDateNoFilter.format(TodayDate)): null

2018-12-06 19:44:58 - [TEST_STEP][PASSED] - Statement - monthContainerMatcher = monthContainerMatcher - 1: null

2018-12-06 19:44:58 - [TEST_STEP][PASSED] - Statement - CurrentMonth = monthContainerMatcher.toString(): null

2018-12-06 19:44:58 - [TEST_STEP][PASSED] - Statement - CurrentMonth = CurrentMonth: null

2018-12-06 19:44:58 - [TEST_STEP][PASSED] - Statement - CurrentDateNoFilter.applyPattern("yyyy"): null

2018-12-06 19:44:58 - [TEST_STEP][PASSED] - Statement - CurrentYear = CurrentDateNoFilter.format(TodayDate): null

2018-12-06 19:44:58 - [TEST_STEP][PASSED] - Statement - CurrentYear = CurrentYear: null

2018-12-06 19:44:58 - [TEST_STEP][PASSED] - Statement - intCurrentYear = java.lang.Integer.parseInt(CurrentDateNoFilter.format(TodayDate)): null

2018-12-06 19:44:58 - [TEST_STEP][PASSED] - Statement - eighteenYrsAgo = intCurrentYear - 18: null

2018-12-06 19:44:58 - [TEST_STEP][PASSED] - Statement - eighteenYrsBeforeThisYr = eighteenYrsAgo.toString(): null

2018-12-06 19:44:58 - [TEST_STEP][PASSED] - Statement - EighteenYrsBefore = eighteenYrsBeforeThisYr: null

2018-12-06 19:44:58 - [TEST_STEP][PASSED] - Statement - fiftysevenYrsAgo = intCurrentYear - 57: null

2018-12-06 19:44:58 - [TEST_STEP][PASSED] - Statement - fiftysevenYrsBeforeThisYr = fiftysevenYrsAgo.toString(): null

2018-12-06 19:44:58 - [TEST_STEP][PASSED] - Statement - FiftysevenYrsBefore = fiftysevenYrsBeforeThisYr: null

2018-12-06 19:44:58 - [TEST_STEP][PASSED] - Statement - leapYear = false: null

2018-12-06 19:44:58 - [TEST_STEP][PASSED] - Statement - leapYear = intCurrentYear % 4 == 0: null

2018-12-06 19:44:58 - [TEST_STEP][PASSED] - Statement - CurrentDateNoFilter.applyPattern("dd"): null

2018-12-06 19:44:58 - [TEST_STEP][PASSED] - Statement - CurrentDate = CurrentDateNoFilter.format(TodayDate): null

2018-12-06 19:44:58 - [TEST_STEP][PASSED] - Statement - CurrentDate = java.lang.Integer.parseInt(CurrentDate): null

2018-12-06 19:44:58 - [TEST_STEP][PASSED] - Statement - CurrentDate = CurrentDate: null

2018-12-06 19:44:58 - [TEST_STEP][PASSED] - Statement - CurrentDay = java.lang.Integer.parseInt(CurrentDate): null

2018-12-06 19:44:58 - [TEST_STEP][PASSED] - Statement - ConfAdder = <not implemented yet for class: org.codehaus.groovy.ast.expr.EmptyExpression>: null

2018-12-06 19:44:58 - [TEST_STEP][PASSED] - Statement - out.println(CurrentMonth): null

2018-12-06 19:44:58 - [TEST_STEP][PASSED] - Statement - out.println(CurrentDate): null

2018-12-06 19:44:58 - [TEST_STEP][PASSED] - Statement - switch (CurrentDate): null

2018-12-06 19:44:58 - [TEST_STEP][PASSED] - Statement - Default: null

2018-12-06 19:44:58 - [TEST_STEP][PASSED] - Statement - ConfAdder = true: null

2018-12-06 19:44:58 - [TEST_STEP][PASSED] - Statement - Break: null

2018-12-06 19:44:58 - [TEST_STEP][PASSED] - Statement - aDayBefore = <not implemented yet for class: org.codehaus.groovy.ast.expr.EmptyExpression>: null

2018-12-06 19:44:58 - [TEST_STEP][PASSED] - Statement - out.println(ConfAdder): null

2018-12-06 19:44:58 - [TEST_STEP][PASSED] - Statement - If (ConfAdder == true): null

2018-12-06 19:44:58 - [TEST_STEP][PASSED] - Statement - aDayBefore = CurrentDay + 1: null

2018-12-06 19:44:58 - [TEST_STEP][PASSED] - Statement - out.println(aDayBefore): null

2018-12-06 19:44:58 - [TEST_STEP][PASSED] - Statement - If (aDayBefore == 1 && CurrentMonth == 11): null

2018-12-06 19:44:58 - [TEST_STEP][PASSED] - Statement - DayBefore = aDayBefore.toString(): null

2018-12-06 19:44:58 - [TEST_STEP][PASSED] - Statement - OneDayBefore = DayBefore: null

2018-12-06 19:44:58 - [MESSAGE][PASSED] - Call Test Case 'Test Cases/Final Aug 2018 - PKS Automation/Registration Module/New Registration/Form 2/Date Updater' successfully

2018-12-06 19:44:58 - [TEST_STEP][PASSED] - delay: Delayed 1 second(s)

2018-12-06 19:44:59 - [MESSAGE][PASSED] - Delayed 1 second(s)

2018-12-06 19:44:59 - [TEST_STEP][PASSED] - Statement - CaseReferenceNo = com.kms.katalon.core.webui.keyword.WebUiBuiltInKeywords.getText(com.kms.katalon.core.testobject.ObjectRepository.findTestObject(Final Object Repo/New Registration - Registration Module Pages/Form 2/RefNo Acquiring)): Text of object 'Object Repository/Final Object Repo/New Registration - Registration Module Pages/Form 2/RefNo Acquiring' is: 'CRN12201800123058'

2018-12-06 19:44:59 - [MESSAGE][PASSED] - Text of object 'Object Repository/Final Object Repo/New Registration - Registration Module Pages/Form 2/RefNo Acquiring' is: 'CRN12201800123058'

2018-12-06 19:44:59 - [TEST_STEP][PASSED] - delay: Delayed 1 second(s)

2018-12-06 19:45:00 - [MESSAGE][PASSED] - Delayed 1 second(s)

2018-12-06 19:45:00 - [TEST_STEP][PASSED] - click: Object: 'Object Repository/Final Object Repo/New Registration - Registration Module Pages/Form 2/Add Employee Button' is clicked on

2018-12-06 19:45:00 - [MESSAGE][PASSED] - Object: 'Object Repository/Final Object Repo/New Registration - Registration Module Pages/Form 2/Add Employee Button' is clicked on

2018-12-06 19:45:00 - [TEST_STEP][PASSED] - delay: Delayed 1 second(s)

2018-12-06 19:45:01 - [MESSAGE][PASSED] - Delayed 1 second(s)

2018-12-06 19:45:01 - [TEST_STEP][PASSED] - setText: Text '010903091948' is set on object 'Object Repository/Final Object Repo/New Registration - Registration Module Pages/Form 2/NRIC Input'

2018-12-06 19:45:02 - [MESSAGE][PASSED] - Text '010903091948' is set on object 'Object Repository/Final Object Repo/New Registration - Registration Module Pages/Form 2/NRIC Input'

2018-12-06 19:45:02 - [TEST_STEP][PASSED] - delay: Delayed 2 second(s)

2018-12-06 19:45:04 - [MESSAGE][PASSED] - Delayed 2 second(s)

2018-12-06 19:45:04 - [TEST_STEP][PASSED] - setText: Text 'Automate001 eligible 1' is set on object 'Object Repository/Final Object Repo/New Registration - Registration Module Pages/Form 2/Employee Name Input'

2018-12-06 19:45:04 - [MESSAGE][PASSED] - Text 'Automate001 eligible 1' is set on object 'Object Repository/Final Object Repo/New Registration - Registration Module Pages/Form 2/Employee Name Input'

2018-12-06 19:45:04 - [TEST_STEP][PASSED] - delay: Delayed 2 second(s)

2018-12-06 19:45:06 - [MESSAGE][PASSED] - Delayed 2 second(s)

2018-12-06 19:45:06 - [TEST_STEP][PASSED] - click: Object: 'Object Repository/Final Object Repo/New Registration - Registration Module Pages/Form 2/DatePicker Pop Up' is clicked on

2018-12-06 19:45:06 - [MESSAGE][PASSED] - Object: 'Object Repository/Final Object Repo/New Registration - Registration Module Pages/Form 2/DatePicker Pop Up' is clicked on

2018-12-06 19:45:06 - [TEST_STEP][PASSED] - click: Object: 'Object Repository/Final Object Repo/New Registration - Registration Module Pages/Form 2/DOB Month' is clicked on

2018-12-06 19:45:06 - [MESSAGE][PASSED] - Object: 'Object Repository/Final Object Repo/New Registration - Registration Module Pages/Form 2/DOB Month' is clicked on

2018-12-06 19:45:06 - [TEST_STEP][PASSED] - Statement - CurrentMonth = CurrentMonth: null

2018-12-06 19:45:06 - [TEST_STEP][PASSED] - Statement - selectMonth = new com.kms.katalon.core.testobject.TestObject(): null

2018-12-06 19:45:06 - [TEST_STEP][PASSED] - Statement - selectMonth.addProperty("xpath", EQUALS, "//body/div/div/div/select/option[@value='" + CurrentMonth + "']", true): null

2018-12-06 19:45:06 - [TEST_STEP][PASSED] - click: Object: '' is clicked on

2018-12-06 19:45:06 - [MESSAGE][PASSED] - Object: '' is clicked on

2018-12-06 19:45:06 - [TEST_STEP][PASSED] - click: Object: 'Object Repository/Final Object Repo/New Registration - Registration Module Pages/Form 2/DOB Year' is clicked on

2018-12-06 19:45:07 - [MESSAGE][PASSED] - Object: 'Object Repository/Final Object Repo/New Registration - Registration Module Pages/Form 2/DOB Year' is clicked on

2018-12-06 19:45:07 - [TEST_STEP][PASSED] - Statement - Eyearsbf = EighteenYrsBefore: null

2018-12-06 19:45:07 - [TEST_STEP][PASSED] - Statement - selectYear = new com.kms.katalon.core.testobject.TestObject(): null

2018-12-06 19:45:07 - [TEST_STEP][PASSED] - Statement - selectYear.addProperty("xpath", EQUALS, "//div/div/div/select/option[@value='" + Eyearsbf + "']", true): null

2018-12-06 19:45:07 - [TEST_STEP][PASSED] - click: Object: '' is clicked on

2018-12-06 19:45:07 - [MESSAGE][PASSED] - Object: '' is clicked on

2018-12-06 19:45:07 - [TEST_STEP][PASSED] - Statement - UpdatedSelectDate = com.kms.katalon.core.webui.keyword.WebUiBuiltInKeywords.modifyObjectProperty(com.kms.katalon.core.testobject.ObjectRepository.findTestObject(Final Object Repo/New Registration - Registration Module Pages/Form 2/DOB Date), "xpath", "equals", "//body/div/table/tbody/tr/td/a[text()="" + CurrentDate + ""]", true): Modify property of object successfully

2018-12-06 19:45:07 - [MESSAGE][PASSED] - Modify property of object successfully

2018-12-06 19:45:07 - [TEST_STEP][PASSED] - delay: Delayed 3 second(s)

2018-12-06 19:45:10 - [MESSAGE][PASSED] - Delayed 3 second(s)

2018-12-06 19:45:10 - [TEST_STEP][PASSED] - click: Object: 'Object Repository/Final Object Repo/New Registration - Registration Module Pages/Form 2/DOB Date' is clicked on

2018-12-06 19:45:10 - [MESSAGE][PASSED] - Object: 'Object Repository/Final Object Repo/New Registration - Registration Module Pages/Form 2/DOB Date' is clicked on

2018-12-06 19:45:10 - [TEST_STEP][PASSED] - delay: Delayed 2 second(s)

2018-12-06 19:45:12 - [MESSAGE][PASSED] - Delayed 2 second(s)

2018-12-06 19:45:12 - [TEST_STEP][PASSED] - click: Object: 'Object Repository/Final Object Repo/New Registration - Registration Module Pages/Form 2/EmploymentStartDate Pop Up' is clicked on

2018-12-06 19:45:12 - [MESSAGE][PASSED] - Object: 'Object Repository/Final Object Repo/New Registration - Registration Module Pages/Form 2/EmploymentStartDate Pop Up' is clicked on

2018-12-06 19:45:12 - [TEST_STEP][PASSED] - delay: Delayed 2 second(s)

2018-12-06 19:45:14 - [MESSAGE][PASSED] - Delayed 2 second(s)

2018-12-06 19:45:14 - [TEST_STEP][PASSED] - click: Object: 'Object Repository/Final Object Repo/New Registration - Registration Module Pages/Form 2/Socso Employment StartDate Month' is clicked on

2018-12-06 19:45:14 - [MESSAGE][PASSED] - Object: 'Object Repository/Final Object Repo/New Registration - Registration Module Pages/Form 2/Socso Employment StartDate Month' is clicked on

2018-12-06 19:45:14 - [TEST_STEP][PASSED] - delay: Delayed 1 second(s)

2018-12-06 19:45:15 - [MESSAGE][PASSED] - Delayed 1 second(s)

2018-12-06 19:45:15 - [TEST_STEP][PASSED] - click: Object: 'Object Repository/Final Object Repo/New Registration - Registration Module Pages/Form 2/Select Socso Employement Startdate Month' is clicked on

2018-12-06 19:45:15 - [MESSAGE][PASSED] - Object: 'Object Repository/Final Object Repo/New Registration - Registration Module Pages/Form 2/Select Socso Employement Startdate Month' is clicked on

2018-12-06 19:45:15 - [TEST_STEP][PASSED] - delay: Delayed 2 second(s)

2018-12-06 19:45:17 - [MESSAGE][PASSED] - Delayed 2 second(s)

2018-12-06 19:45:17 - [TEST_STEP][PASSED] - click: Object: 'Object Repository/Final Object Repo/New Registration - Registration Module Pages/Form 2/Socso Employment StartDate Year' is clicked on

2018-12-06 19:45:18 - [MESSAGE][PASSED] - Object: 'Object Repository/Final Object Repo/New Registration - Registration Module Pages/Form 2/Socso Employment StartDate Year' is clicked on

2018-12-06 19:45:18 - [TEST_STEP][PASSED] - delay: Delayed 1 second(s)

2018-12-06 19:45:19 - [MESSAGE][PASSED] - Delayed 1 second(s)

2018-12-06 19:45:19 - [TEST_STEP][PASSED] - click: Object: 'Object Repository/Final Object Repo/New Registration - Registration Module Pages/Form 2/Select Socso Employment Startdate Year' is clicked on

2018-12-06 19:45:19 - [MESSAGE][PASSED] - Object: 'Object Repository/Final Object Repo/New Registration - Registration Module Pages/Form 2/Select Socso Employment Startdate Year' is clicked on

2018-12-06 19:45:19 - [TEST_STEP][PASSED] - delay: Delayed 2 second(s)

2018-12-06 19:45:21 - [MESSAGE][PASSED] - Delayed 2 second(s)

2018-12-06 19:45:21 - [TEST_STEP][PASSED] - click: Object: 'Object Repository/Final Object Repo/New Registration - Registration Module Pages/Form 2/Socso Employment Start Date Day' is clicked on

2018-12-06 19:45:21 - [MESSAGE][PASSED] - Object: 'Object Repository/Final Object Repo/New Registration - Registration Module Pages/Form 2/Socso Employment Start Date Day' is clicked on

2018-12-06 19:45:21 - [TEST_STEP][PASSED] - delay: Delayed 2 second(s)

2018-12-06 19:45:23 - [MESSAGE][PASSED] - Delayed 2 second(s)

2018-12-06 19:45:23 - [TEST_STEP][PASSED] - click: Object: 'Object Repository/Final Object Repo/New Registration - Registration Module Pages/Form 2/Save Button for Add Employee' is clicked on

2018-12-06 19:45:23 - [MESSAGE][PASSED] - Object: 'Object Repository/Final Object Repo/New Registration - Registration Module Pages/Form 2/Save Button for Add Employee' is clicked on

2018-12-06 19:45:23 - [TEST_STEP][PASSED] - delay: Delayed 6 second(s)

2018-12-06 19:45:29 - [MESSAGE][PASSED] - Delayed 6 second(s)

2018-12-06 19:45:29 - [TEST_STEP][PASSED] - click: Object: 'Object Repository/Final Object Repo/New Registration - Registration Module Pages/Form 2/Save and Continue Form 2' is clicked on

2018-12-06 19:45:29 - [MESSAGE][PASSED] - Object: 'Object Repository/Final Object Repo/New Registration - Registration Module Pages/Form 2/Save and Continue Form 2' is clicked on

2018-12-06 19:45:29 - [MESSAGE][PASSED] - Call Test Case 'Test Cases/Final Aug 2018 - PKS Automation/Registration Module/New Registration/Form 2/Add 1 Eligible - Employer Account Use' successfully

2018-12-06 19:45:29 - [TEST_STEP][PASSED] - callTestCase: Call Test Case 'Test Cases/Final Aug 2018 - PKS Automation/Registration Module/New Registration/Flow of New Registration/Third Screen - Upload Supporting Doc - Preview' successfully

2018-12-06 19:45:29 - [TEST_CASE][PASSED] - Test Cases/Final Aug 2018 - PKS Automation/Registration Module/New Registration/Flow of New Registration/Third Screen - Upload Supporting Doc - Preview: Test Cases/Final Aug 2018 - PKS Automation/Registration Module/New Registration/Flow of New Registration/Third Screen - Upload Supporting Doc - Preview

2018-12-06 19:45:29 - [TEST_STEP][PASSED] - waitForPageLoad: Wait for page load successfully

2018-12-06 19:45:30 - [MESSAGE][PASSED] - Wait for page load successfully

2018-12-06 19:45:30 - [TEST_STEP][PASSED] - Statement - CaseReferenceNo = com.kms.katalon.core.webui.keyword.WebUiBuiltInKeywords.getText(com.kms.katalon.core.testobject.ObjectRepository.findTestObject(Final Object Repo/New Registration - Registration Module Pages/Third Screen - Upload Supporting Doc- Preview/RefNo Acquiring)): Text of object 'Object Repository/Final Object Repo/New Registration - Registration Module Pages/Third Screen - Upload Supporting Doc- Preview/RefNo Acquiring' is: 'CRN12201800123058'

2018-12-06 19:45:30 - [MESSAGE][PASSED] - Text of object 'Object Repository/Final Object Repo/New Registration - Registration Module Pages/Third Screen - Upload Supporting Doc- Preview/RefNo Acquiring' is: 'CRN12201800123058'

2018-12-06 19:45:30 - [TEST_STEP][PASSED] - delay: Delayed 2 second(s)

2018-12-06 19:45:32 - [MESSAGE][PASSED] - Delayed 2 second(s)

2018-12-06 19:45:32 - [TEST_STEP][PASSED] - callTestCase: Call Test Case 'Test Cases/Final Aug 2018 - PKS Automation/Common/Reference Number Setter' successfully

2018-12-06 19:45:32 - [TEST_CASE][PASSED] - Test Cases/Final Aug 2018 - PKS Automation/Common/Reference Number Setter: Test Cases/Final Aug 2018 - PKS Automation/Common/Reference Number Setter

2018-12-06 19:45:32 - [TEST_STEP][PASSED] - Statement - RefNoOldFile = new java.io.File(C://Users//Admin//Desktop//PKS//Automation Reference Point//KatalonReference.txt): null

2018-12-06 19:45:32 - [TEST_STEP][PASSED] - Statement - RefNoOldFile.delete(): null

2018-12-06 19:45:32 - [TEST_STEP][PASSED] - delay: Delayed 5 second(s)

2018-12-06 19:45:37 - [MESSAGE][PASSED] - Delayed 5 second(s)

2018-12-06 19:45:37 - [TEST_STEP][PASSED] - Statement - RefNo = new java.io.File(C://Users//Admin//Desktop//PKS//Automation Reference Point//KatalonReference.txt): null

2018-12-06 19:45:37 - [TEST_STEP][PASSED] - Statement - f2 = new java.io.FileWriter(RefNo, false): null

2018-12-06 19:45:37 - [TEST_STEP][PASSED] - Statement - f2.write(CaseReferenceNo): null

2018-12-06 19:45:37 - [TEST_STEP][PASSED] - Statement - f2.close(): null

2018-12-06 19:45:37 - [TEST_STEP][PASSED] - Statement - out.println("


" + CaseReferenceNo + "


"): null

2018-12-06 19:45:37 - [MESSAGE][PASSED] - Call Test Case 'Test Cases/Final Aug 2018 - PKS Automation/Common/Reference Number Setter' successfully

2018-12-06 19:45:37 - [TEST_STEP][PASSED] - waitForElementClickable: Object 'Object Repository/Final Object Repo/New Registration - Registration Module Pages/Third Screen - Upload Supporting Doc- Preview/Save n Continue in SIP Employee Listing Page' is clickable

2018-12-06 19:45:37 - [MESSAGE][PASSED] - Object 'Object Repository/Final Object Repo/New Registration - Registration Module Pages/Third Screen - Upload Supporting Doc- Preview/Save n Continue in SIP Employee Listing Page' is clickable

2018-12-06 19:45:37 - [TEST_STEP][PASSED] - click: Object: 'Object Repository/Final Object Repo/New Registration - Registration Module Pages/Third Screen - Upload Supporting Doc- Preview/Save n Continue in SIP Employee Listing Page' is clicked on

2018-12-06 19:45:43 - [MESSAGE][PASSED] - Object: 'Object Repository/Final Object Repo/New Registration - Registration Module Pages/Third Screen - Upload Supporting Doc- Preview/Save n Continue in SIP Employee Listing Page' is clicked on

2018-12-06 19:45:43 - [TEST_STEP][PASSED] - delay: Delayed 7 second(s)

2018-12-06 19:45:50 - [MESSAGE][PASSED] - Delayed 7 second(s)

2018-12-06 19:45:50 - [TEST_STEP][PASSED] - click: Object: 'Object Repository/Final Object Repo/New Registration - Registration Module Pages/Third Screen - Upload Supporting Doc- Preview/Add Document Button' is clicked on

2018-12-06 19:45:50 - [MESSAGE][PASSED] - Object: 'Object Repository/Final Object Repo/New Registration - Registration Module Pages/Third Screen - Upload Supporting Doc- Preview/Add Document Button' is clicked on

2018-12-06 19:45:50 - [TEST_STEP][PASSED] - delay: Delayed 30 second(s)

2018-12-06 19:46:20 - [MESSAGE][PASSED] - Delayed 30 second(s)

2018-12-06 19:46:20 - [TEST_STEP][PASSED] - click: Object: 'Object Repository/Final Object Repo/New Registration - Registration Module Pages/Third Screen - Upload Supporting Doc- Preview/Supporting Doc Please Select Drop Down' is clicked on

2018-12-06 19:46:20 - [MESSAGE][PASSED] - Object: 'Object Repository/Final Object Repo/New Registration - Registration Module Pages/Third Screen - Upload Supporting Doc- Preview/Supporting Doc Please Select Drop Down' is clicked on

2018-12-06 19:46:20 - [TEST_STEP][PASSED] - delay: Delayed 2 second(s)

2018-12-06 19:46:22 - [MESSAGE][PASSED] - Delayed 2 second(s)

2018-12-06 19:46:22 - [TEST_STEP][PASSED] - click: Object: 'Object Repository/Final Object Repo/New Registration - Registration Module Pages/Third Screen - Upload Supporting Doc- Preview/Select to Upload Form 1' is clicked on

2018-12-06 19:46:23 - [MESSAGE][PASSED] - Object: 'Object Repository/Final Object Repo/New Registration - Registration Module Pages/Third Screen - Upload Supporting Doc- Preview/Select to Upload Form 1' is clicked on

2018-12-06 19:46:23 - [TEST_STEP][PASSED] - delay: Delayed 2 second(s)

2018-12-06 19:46:25 - [MESSAGE][PASSED] - Delayed 2 second(s)

2018-12-06 19:46:25 - [TEST_STEP][PASSED] - uploadFile: File 'C:\Users\Public\Pictures\Sample Pictures\Koala.jpg' sent to object: 'Object Repository/Final Object Repo/New Registration - Registration Module Pages/Third Screen - Upload Supporting Doc- Preview/Upload File Adding'

2018-12-06 19:46:25 - [MESSAGE][PASSED] - File 'C:\Users\Public\Pictures\Sample Pictures\Koala.jpg' sent to object: 'Object Repository/Final Object Repo/New Registration - Registration Module Pages/Third Screen - Upload Supporting Doc- Preview/Upload File Adding'

2018-12-06 19:46:25 - [TEST_STEP][PASSED] - delay: Delayed 5 second(s)

2018-12-06 19:46:30 - [MESSAGE][PASSED] - Delayed 5 second(s)

2018-12-06 19:46:30 - [TEST_STEP][PASSED] - click: Object: 'Object Repository/Final Object Repo/New Registration - Registration Module Pages/Third Screen - Upload Supporting Doc- Preview/Inner Form Add Document Button' is clicked on

2018-12-06 19:46:30 - [MESSAGE][PASSED] - Object: 'Object Repository/Final Object Repo/New Registration - Registration Module Pages/Third Screen - Upload Supporting Doc- Preview/Inner Form Add Document Button' is clicked on

2018-12-06 19:46:30 - [TEST_STEP][PASSED] - delay: Delayed 3 second(s)

2018-12-06 19:46:33 - [MESSAGE][PASSED] - Delayed 3 second(s)

2018-12-06 19:46:33 - [TEST_STEP][PASSED] - click: Object: 'Object Repository/Final Object Repo/New Registration - Registration Module Pages/Third Screen - Upload Supporting Doc- Preview/Add Document Button' is clicked on

2018-12-06 19:46:34 - [MESSAGE][PASSED] - Object: 'Object Repository/Final Object Repo/New Registration - Registration Module Pages/Third Screen - Upload Supporting Doc- Preview/Add Document Button' is clicked on

2018-12-06 19:46:34 - [TEST_STEP][PASSED] - delay: Delayed 30 second(s)

2018-12-06 19:47:04 - [MESSAGE][PASSED] - Delayed 30 second(s)

2018-12-06 19:47:04 - [TEST_STEP][PASSED] - click: Object: 'Object Repository/Final Object Repo/New Registration - Registration Module Pages/Third Screen - Upload Supporting Doc- Preview/Supporting Doc Please Select Drop Down' is clicked on

2018-12-06 19:47:04 - [MESSAGE][PASSED] - Object: 'Object Repository/Final Object Repo/New Registration - Registration Module Pages/Third Screen - Upload Supporting Doc- Preview/Supporting Doc Please Select Drop Down' is clicked on

2018-12-06 19:47:04 - [TEST_STEP][PASSED] - delay: Delayed 2 second(s)

2018-12-06 19:47:06 - [MESSAGE][PASSED] - Delayed 2 second(s)

2018-12-06 19:47:06 - [TEST_STEP][PASSED] - click: Object: 'Object Repository/Final Object Repo/New Registration - Registration Module Pages/Third Screen - Upload Supporting Doc- Preview/Select to Upload Form 2' is clicked on

2018-12-06 19:47:07 - [MESSAGE][PASSED] - Object: 'Object Repository/Final Object Repo/New Registration - Registration Module Pages/Third Screen - Upload Supporting Doc- Preview/Select to Upload Form 2' is clicked on

2018-12-06 19:47:07 - [TEST_STEP][PASSED] - delay: Delayed 2 second(s)

2018-12-06 19:47:09 - [MESSAGE][PASSED] - Delayed 2 second(s)

2018-12-06 19:47:09 - [TEST_STEP][PASSED] - uploadFile: File 'C:\Users\Public\Pictures\Sample Pictures\Koala.jpg' sent to object: 'Object Repository/Final Object Repo/New Registration - Registration Module Pages/Third Screen - Upload Supporting Doc- Preview/Upload File Adding'

2018-12-06 19:47:09 - [MESSAGE][PASSED] - File 'C:\Users\Public\Pictures\Sample Pictures\Koala.jpg' sent to object: 'Object Repository/Final Object Repo/New Registration - Registration Module Pages/Third Screen - Upload Supporting Doc- Preview/Upload File Adding'

2018-12-06 19:47:09 - [TEST_STEP][PASSED] - click: Object: 'Object Repository/Final Object Repo/New Registration - Registration Module Pages/Third Screen - Upload Supporting Doc- Preview/Inner Form Add Document Button' is clicked on

2018-12-06 19:47:09 - [MESSAGE][PASSED] - Object: 'Object Repository/Final Object Repo/New Registration - Registration Module Pages/Third Screen - Upload Supporting Doc- Preview/Inner Form Add Document Button' is clicked on

2018-12-06 19:47:09 - [TEST_STEP][PASSED] - delay: Delayed 5 second(s)

2018-12-06 19:47:14 - [MESSAGE][PASSED] - Delayed 5 second(s)

2018-12-06 19:47:14 - [TEST_STEP][PASSED] - click: Object: 'Object Repository/Final Object Repo/New Registration - Registration Module Pages/Third Screen - Upload Supporting Doc- Preview/Add Document Button' is clicked on

2018-12-06 19:47:14 - [MESSAGE][PASSED] - Object: 'Object Repository/Final Object Repo/New Registration - Registration Module Pages/Third Screen - Upload Supporting Doc- Preview/Add Document Button' is clicked on

2018-12-06 19:47:14 - [TEST_STEP][PASSED] - delay: Delayed 30 second(s)

2018-12-06 19:47:44 - [MESSAGE][PASSED] - Delayed 30 second(s)

2018-12-06 19:47:44 - [TEST_STEP][PASSED] - click: Object: 'Object Repository/Final Object Repo/New Registration - Registration Module Pages/Third Screen - Upload Supporting Doc- Preview/Supporting Doc Please Select Drop Down' is clicked on

2018-12-06 19:47:44 - [MESSAGE][PASSED] - Object: 'Object Repository/Final Object Repo/New Registration - Registration Module Pages/Third Screen - Upload Supporting Doc- Preview/Supporting Doc Please Select Drop Down' is clicked on

2018-12-06 19:47:44 - [TEST_STEP][PASSED] - click: Object: 'Object Repository/Final Object Repo/New Registration - Registration Module Pages/Third Screen - Upload Supporting Doc- Preview/Select to Upload Borang SIP 1' is clicked on

2018-12-06 19:47:44 - [MESSAGE][PASSED] - Object: 'Object Repository/Final Object Repo/New Registration - Registration Module Pages/Third Screen - Upload Supporting Doc- Preview/Select to Upload Borang SIP 1' is clicked on

2018-12-06 19:47:44 - [TEST_STEP][PASSED] - delay: Delayed 2 second(s)

2018-12-06 19:47:46 - [MESSAGE][PASSED] - Delayed 2 second(s)

2018-12-06 19:47:46 - [TEST_STEP][PASSED] - uploadFile: File 'C:\Users\Public\Pictures\Sample Pictures\Koala.jpg' sent to object: 'Object Repository/Final Object Repo/New Registration - Registration Module Pages/Third Screen - Upload Supporting Doc- Preview/Upload File Adding'

2018-12-06 19:47:46 - [MESSAGE][PASSED] - File 'C:\Users\Public\Pictures\Sample Pictures\Koala.jpg' sent to object: 'Object Repository/Final Object Repo/New Registration - Registration Module Pages/Third Screen - Upload Supporting Doc- Preview/Upload File Adding'

2018-12-06 19:47:46 - [TEST_STEP][PASSED] - click: Object: 'Object Repository/Final Object Repo/New Registration - Registration Module Pages/Third Screen - Upload Supporting Doc- Preview/Inner Form Add Document Button' is clicked on

2018-12-06 19:47:47 - [MESSAGE][PASSED] - Object: 'Object Repository/Final Object Repo/New Registration - Registration Module Pages/Third Screen - Upload Supporting Doc- Preview/Inner Form Add Document Button' is clicked on

2018-12-06 19:47:47 - [TEST_STEP][PASSED] - delay: Delayed 5 second(s)

2018-12-06 19:47:52 - [MESSAGE][PASSED] - Delayed 5 second(s)

2018-12-06 19:47:52 - [TEST_STEP][PASSED] - click: Object: 'Object Repository/Final Object Repo/New Registration - Registration Module Pages/Third Screen - Upload Supporting Doc- Preview/Add Document Button' is clicked on

2018-12-06 19:47:52 - [MESSAGE][PASSED] - Object: 'Object Repository/Final Object Repo/New Registration - Registration Module Pages/Third Screen - Upload Supporting Doc- Preview/Add Document Button' is clicked on

2018-12-06 19:47:52 - [TEST_STEP][PASSED] - delay: Delayed 30 second(s)

2018-12-06 19:48:22 - [MESSAGE][PASSED] - Delayed 30 second(s)

2018-12-06 19:48:22 - [TEST_STEP][PASSED] - click: Object: 'Object Repository/Final Object Repo/New Registration - Registration Module Pages/Third Screen - Upload Supporting Doc- Preview/Supporting Doc Please Select Drop Down' is clicked on

2018-12-06 19:48:22 - [MESSAGE][PASSED] - Object: 'Object Repository/Final Object Repo/New Registration - Registration Module Pages/Third Screen - Upload Supporting Doc- Preview/Supporting Doc Please Select Drop Down' is clicked on

2018-12-06 19:48:22 - [TEST_STEP][PASSED] - delay: Delayed 3 second(s)

2018-12-06 19:48:25 - [MESSAGE][PASSED] - Delayed 3 second(s)

2018-12-06 19:48:25 - [TEST_STEP][PASSED] - click: Object: 'Object Repository/Final Object Repo/New Registration - Registration Module Pages/Third Screen - Upload Supporting Doc- Preview/Select to Upload Borang SIP 2' is clicked on

2018-12-06 19:48:25 - [MESSAGE][PASSED] - Object: 'Object Repository/Final Object Repo/New Registration - Registration Module Pages/Third Screen - Upload Supporting Doc- Preview/Select to Upload Borang SIP 2' is clicked on

2018-12-06 19:48:25 - [TEST_STEP][PASSED] - delay: Delayed 2 second(s)

2018-12-06 19:48:27 - [MESSAGE][PASSED] - Delayed 2 second(s)

2018-12-06 19:48:27 - [TEST_STEP][PASSED] - uploadFile: File 'C:\Users\Public\Pictures\Sample Pictures\Koala.jpg' sent to object: 'Object Repository/Final Object Repo/New Registration - Registration Module Pages/Third Screen - Upload Supporting Doc- Preview/Upload File Adding'

2018-12-06 19:48:27 - [MESSAGE][PASSED] - File 'C:\Users\Public\Pictures\Sample Pictures\Koala.jpg' sent to object: 'Object Repository/Final Object Repo/New Registration - Registration Module Pages/Third Screen - Upload Supporting Doc- Preview/Upload File Adding'

2018-12-06 19:48:27 - [TEST_STEP][PASSED] - delay: Delayed 5 second(s)

2018-12-06 19:48:32 - [MESSAGE][PASSED] - Delayed 5 second(s)

2018-12-06 19:48:32 - [TEST_STEP][PASSED] - click: Object: 'Object Repository/Final Object Repo/New Registration - Registration Module Pages/Third Screen - Upload Supporting Doc- Preview/Inner Form Add Document Button' is clicked on

2018-12-06 19:48:33 - [MESSAGE][PASSED] - Object: 'Object Repository/Final Object Repo/New Registration - Registration Module Pages/Third Screen - Upload Supporting Doc- Preview/Inner Form Add Document Button' is clicked on

2018-12-06 19:48:33 - [TEST_STEP][PASSED] - delay: Delayed 3 second(s)

2018-12-06 19:48:36 - [MESSAGE][PASSED] - Delayed 3 second(s)

2018-12-06 19:48:36 - [TEST_STEP][PASSED] - waitForElementClickable: Object 'Object Repository/Final Object Repo/New Registration - Registration Module Pages/Third Screen - Upload Supporting Doc- Preview/Save n Continue in Uploading Supporting Doc Page' is clickable

2018-12-06 19:48:37 - [MESSAGE][PASSED] - Object 'Object Repository/Final Object Repo/New Registration - Registration Module Pages/Third Screen - Upload Supporting Doc- Preview/Save n Continue in Uploading Supporting Doc Page' is clickable

2018-12-06 19:48:37 - [TEST_STEP][PASSED] - click: Object: 'Object Repository/Final Object Repo/New Registration - Registration Module Pages/Third Screen - Upload Supporting Doc- Preview/Save n Continue in Uploading Supporting Doc Page' is clicked on

2018-12-06 19:48:37 - [MESSAGE][PASSED] - Object: 'Object Repository/Final Object Repo/New Registration - Registration Module Pages/Third Screen - Upload Supporting Doc- Preview/Save n Continue in Uploading Supporting Doc Page' is clicked on

2018-12-06 19:48:37 - [MESSAGE][PASSED] - Call Test Case 'Test Cases/Final Aug 2018 - PKS Automation/Registration Module/New Registration/Flow of New Registration/Third Screen - Upload Supporting Doc - Preview' successfully

2018-12-06 19:48:37 - [TEST_STEP][PASSED] - setText: Text 'Tester' is set on object 'Object Repository/Final Object Repo/New Registration - Registration Module Pages/New Reg - OTC to RO/Special Case - All Related Objects/Employer Preview Name'

2018-12-06 19:48:41 - [MESSAGE][PASSED] - Text 'Tester' is set on object 'Object Repository/Final Object Repo/New Registration - Registration Module Pages/New Reg - OTC to RO/Special Case - All Related Objects/Employer Preview Name'

2018-12-06 19:48:41 - [TEST_STEP][PASSED] - click: Object: 'Object Repository/Final Object Repo/New Registration - Registration Module Pages/New Reg - OTC to RO/Special Case - All Related Objects/IC Type Drop Down' is clicked on

2018-12-06 19:48:41 - [MESSAGE][PASSED] - Object: 'Object Repository/Final Object Repo/New Registration - Registration Module Pages/New Reg - OTC to RO/Special Case - All Related Objects/IC Type Drop Down' is clicked on

2018-12-06 19:48:41 - [TEST_STEP][PASSED] - click: Object: 'Object Repository/Final Object Repo/New Registration - Registration Module Pages/New Reg - OTC to RO/Special Case - All Related Objects/Select to NRIC' is clicked on

2018-12-06 19:48:42 - [MESSAGE][PASSED] - Object: 'Object Repository/Final Object Repo/New Registration - Registration Module Pages/New Reg - OTC to RO/Special Case - All Related Objects/Select to NRIC' is clicked on

2018-12-06 19:48:42 - [TEST_STEP][PASSED] - setText: Text '133245561223' is set on object 'Object Repository/Final Object Repo/New Registration - Registration Module Pages/New Reg - OTC to RO/Special Case - All Related Objects/IC Value'

2018-12-06 19:48:42 - [MESSAGE][PASSED] - Text '133245561223' is set on object 'Object Repository/Final Object Repo/New Registration - Registration Module Pages/New Reg - OTC to RO/Special Case - All Related Objects/IC Value'

2018-12-06 19:48:42 - [TEST_STEP][PASSED] - setText: Text 'Auto' is set on object 'Object Repository/Final Object Repo/New Registration - Registration Module Pages/New Reg - OTC to RO/Special Case - All Related Objects/Designation'

2018-12-06 19:48:42 - [MESSAGE][PASSED] - Text 'Auto' is set on object 'Object Repository/Final Object Repo/New Registration - Registration Module Pages/New Reg - OTC to RO/Special Case - All Related Objects/Designation'

2018-12-06 19:48:42 - [TEST_STEP][PASSED] - callTestCase: Call Test Case 'Test Cases/Final Aug 2018 - PKS Automation/Registration Module/New Registration/Submit and Screenshot/Submit Registration and Screenshot - Copy' successfully

2018-12-06 19:48:42 - [TEST_CASE][PASSED] - Test Cases/Final Aug 2018 - PKS Automation/Registration Module/New Registration/Submit and Screenshot/Submit Registration and Screenshot - Copy: Test Cases/Final Aug 2018 - PKS Automation/Registration Module/New Registration/Submit and Screenshot/Submit Registration and Screenshot - Copy

2018-12-06 19:48:42 - [TEST_STEP][PASSED] - delay: Delayed 6 second(s)

2018-12-06 19:48:48 - [MESSAGE][PASSED] - Delayed 6 second(s)

2018-12-06 19:48:48 - [TEST_STEP][PASSED] - click: Object: 'Object Repository/Final Object Repo/New Registration - Registration Module Pages/Third Screen - Upload Supporting Doc- Preview/Preview Submit Button' is clicked on

2018-12-06 19:48:48 - [MESSAGE][PASSED] - Object: 'Object Repository/Final Object Repo/New Registration - Registration Module Pages/Third Screen - Upload Supporting Doc- Preview/Preview Submit Button' is clicked on

2018-12-06 19:48:48 - [TEST_STEP][PASSED] - delay: Delayed 2 second(s)

2018-12-06 19:48:50 - [MESSAGE][PASSED] - Delayed 2 second(s)

2018-12-06 19:48:50 - [TEST_STEP][PASSED] - click: Object: 'Object Repository/Final Object Repo/New Registration - Registration Module Pages/Third Screen - Upload Supporting Doc- Preview/Preview Submit - Confirm' is clicked on

2018-12-06 19:48:50 - [MESSAGE][PASSED] - Object: 'Object Repository/Final Object Repo/New Registration - Registration Module Pages/Third Screen - Upload Supporting Doc- Preview/Preview Submit - Confirm' is clicked on

2018-12-06 19:48:50 - [TEST_STEP][PASSED] - delay: Delayed 15 second(s)

2018-12-06 19:49:05 - [MESSAGE][PASSED] - Delayed 15 second(s)

2018-12-06 19:49:05 - [TEST_STEP][PASSED] - Statement - driver = com.kms.katalon.core.webui.driver.DriverFactory.getWebDriver(): null

2018-12-06 19:49:05 - [TEST_STEP][PASSED] - Statement - driver.manage().timeouts().implicitlyWait(10, SECONDS): null

2018-12-06 19:49:05 - [TEST_STEP][PASSED] - Statement - PresavePath = KatalonScreenshots: null

2018-12-06 19:49:05 - [TEST_STEP][PASSED] - Statement - pathPrefix = "C:\Users\Public\Pictures\Sample Pictures\Katalon Screenshots\Automate Ending Screen": null

2018-12-06 19:49:05 - [TEST_STEP][PASSED] - Statement - finalPath = <not implemented yet for class: org.codehaus.groovy.ast.expr.EmptyExpression>: null

2018-12-06 19:49:05 - [TEST_STEP][PASSED] - Statement - scrFile = driver.getScreenshotAs(FILE): null

2018-12-06 19:49:06 - [TEST_STEP][PASSED] - Statement - PreSaveFile = new java.io.File(PresavePath): null

2018-12-06 19:49:06 - [TEST_STEP][PASSED] - Statement - counter = 0: null

2018-12-06 19:49:06 - [TEST_STEP][PASSED] - Statement - If (PreSaveFile.exists()): null

2018-12-06 19:49:06 - [TEST_STEP][PASSED] - Statement - While (PreSaveFile.exists()): null

2018-12-06 19:49:06 - [TEST_STEP][PASSED] - Statement - counter = counter + 1: null

2018-12-06 19:49:06 - [TEST_STEP][PASSED] - Statement - PreSaveFile = new java.io.File(((pathPrefix + java.lang.Integer.toString(counter)) + .png)): null

2018-12-06 19:49:06 - [TEST_STEP][PASSED] - Statement - counter = counter + 1: null

2018-12-06 19:49:06 - [TEST_STEP][PASSED] - Statement - PreSaveFile = new java.io.File(((pathPrefix + java.lang.Integer.toString(counter)) + .png)): null

2018-12-06 19:49:06 - [TEST_STEP][PASSED] - Statement - counter = counter + 1: null

2018-12-06 19:49:06 - [TEST_STEP][PASSED] - Statement - PreSaveFile = new java.io.File(((pathPrefix + java.lang.Integer.toString(counter)) + .png)): null

2018-12-06 19:49:06 - [TEST_STEP][PASSED] - Statement - counter = counter + 1: null

2018-12-06 19:49:06 - [TEST_STEP][PASSED] - Statement - PreSaveFile = new java.io.File(((pathPrefix + java.lang.Integer.toString(counter)) + .png)): null

2018-12-06 19:49:06 - [TEST_STEP][PASSED] - Statement - counter = counter + 1: null

2018-12-06 19:49:06 - [TEST_STEP][PASSED] - Statement - PreSaveFile = new java.io.File(((pathPrefix + java.lang.Integer.toString(counter)) + .png)): null

2018-12-06 19:49:06 - [TEST_STEP][PASSED] - Statement - counter = counter + 1: null

2018-12-06 19:49:06 - [TEST_STEP][PASSED] - Statement - PreSaveFile = new java.io.File(((pathPrefix + java.lang.Integer.toString(counter)) + .png)): null

2018-12-06 19:49:06 - [TEST_STEP][PASSED] - Statement - counter = counter + 1: null

2018-12-06 19:49:06 - [TEST_STEP][PASSED] - Statement - PreSaveFile = new java.io.File(((pathPrefix + java.lang.Integer.toString(counter)) + .png)): null

2018-12-06 19:49:06 - [TEST_STEP][PASSED] - Statement - counter = counter + 1: null

2018-12-06 19:49:06 - [TEST_STEP][PASSED] - Statement - PreSaveFile = new java.io.File(((pathPrefix + java.lang.Integer.toString(counter)) + .png)): null

2018-12-06 19:49:06 - [TEST_STEP][PASSED] - Statement - counter = counter + 1: null

2018-12-06 19:49:06 - [TEST_STEP][PASSED] - Statement - PreSaveFile = new java.io.File(((pathPrefix + java.lang.Integer.toString(counter)) + .png)): null

2018-12-06 19:49:06 - [TEST_STEP][PASSED] - Statement - counter = counter + 1: null

2018-12-06 19:49:06 - [TEST_STEP][PASSED] - Statement - PreSaveFile = new java.io.File(((pathPrefix + java.lang.Integer.toString(counter)) + .png)): null

2018-12-06 19:49:06 - [TEST_STEP][PASSED] - Statement - counter = counter + 1: null

2018-12-06 19:49:06 - [TEST_STEP][PASSED] - Statement - PreSaveFile = new java.io.File(((pathPrefix + java.lang.Integer.toString(counter)) + .png)): null

2018-12-06 19:49:06 - [TEST_STEP][PASSED] - Statement - counter = counter + 1: null

2018-12-06 19:49:06 - [TEST_STEP][PASSED] - Statement - PreSaveFile = new java.io.File(((pathPrefix + java.lang.Integer.toString(counter)) + .png)): null

2018-12-06 19:49:06 - [TEST_STEP][PASSED] - Statement - counter = counter + 1: null

2018-12-06 19:49:06 - [TEST_STEP][PASSED] - Statement - PreSaveFile = new java.io.File(((pathPrefix + java.lang.Integer.toString(counter)) + .png)): null

2018-12-06 19:49:06 - [TEST_STEP][PASSED] - Statement - counter = counter + 1: null

2018-12-06 19:49:06 - [TEST_STEP][PASSED] - Statement - PreSaveFile = new java.io.File(((pathPrefix + java.lang.Integer.toString(counter)) + .png)): null

2018-12-06 19:49:06 - [TEST_STEP][PASSED] - Statement - counter = counter + 1: null

2018-12-06 19:49:06 - [TEST_STEP][PASSED] - Statement - PreSaveFile = new java.io.File(((pathPrefix + java.lang.Integer.toString(counter)) + .png)): null

2018-12-06 19:49:06 - [TEST_STEP][PASSED] - Statement - counter = counter + 1: null

2018-12-06 19:49:06 - [TEST_STEP][PASSED] - Statement - PreSaveFile = new java.io.File(((pathPrefix + java.lang.Integer.toString(counter)) + .png)): null

2018-12-06 19:49:06 - [TEST_STEP][PASSED] - Statement - counter = counter + 1: null

2018-12-06 19:49:06 - [TEST_STEP][PASSED] - Statement - PreSaveFile = new java.io.File(((pathPrefix + java.lang.Integer.toString(counter)) + .png)): null

2018-12-06 19:49:06 - [TEST_STEP][PASSED] - Statement - counter = counter + 1: null

2018-12-06 19:49:06 - [TEST_STEP][PASSED] - Statement - PreSaveFile = new java.io.File(((pathPrefix + java.lang.Integer.toString(counter)) + .png)): null

2018-12-06 19:49:06 - [TEST_STEP][PASSED] - Statement - counter = counter + 1: null

2018-12-06 19:49:06 - [TEST_STEP][PASSED] - Statement - PreSaveFile = new java.io.File(((pathPrefix + java.lang.Integer.toString(counter)) + .png)): null

2018-12-06 19:49:06 - [TEST_STEP][PASSED] - Statement - counter = counter + 1: null

2018-12-06 19:49:06 - [TEST_STEP][PASSED] - Statement - PreSaveFile = new java.io.File(((pathPrefix + java.lang.Integer.toString(counter)) + .png)): null

2018-12-06 19:49:06 - [TEST_STEP][PASSED] - Statement - counter = counter + 1: null

2018-12-06 19:49:06 - [TEST_STEP][PASSED] - Statement - PreSaveFile = new java.io.File(((pathPrefix + java.lang.Integer.toString(counter)) + .png)): null

2018-12-06 19:49:06 - [TEST_STEP][PASSED] - Statement - counter = counter + 1: null

2018-12-06 19:49:06 - [TEST_STEP][PASSED] - Statement - PreSaveFile = new java.io.File(((pathPrefix + java.lang.Integer.toString(counter)) + .png)): null

2018-12-06 19:49:06 - [TEST_STEP][PASSED] - Statement - counter = counter + 1: null

2018-12-06 19:49:06 - [TEST_STEP][PASSED] - Statement - PreSaveFile = new java.io.File(((pathPrefix + java.lang.Integer.toString(counter)) + .png)): null

2018-12-06 19:49:06 - [TEST_STEP][PASSED] - Statement - finalPath = pathPrefix + java.lang.Integer.toString(counter) + ".png": null

2018-12-06 19:49:06 - [TEST_STEP][PASSED] - Statement - SaveFile = new java.io.File(finalPath): null

2018-12-06 19:49:06 - [TEST_STEP][PASSED] - Statement - Try: null

2018-12-06 19:49:06 - [TEST_STEP][PASSED] - Statement - org.apache.commons.io.FileUtils.copyFile(scrFile, SaveFile): null

2018-12-06 19:49:06 - [TEST_STEP][PASSED] - Statement - out.println("file kept"): null

2018-12-06 19:49:06 - [TEST_STEP][PASSED] - delay: Delayed 10 second(s)

2018-12-06 19:49:16 - [MESSAGE][PASSED] - Delayed 10 second(s)

2018-12-06 19:49:16 - [MESSAGE][PASSED] - Call Test Case 'Test Cases/Final Aug 2018 - PKS Automation/Registration Module/New Registration/Submit and Screenshot/Submit Registration and Screenshot - Copy' successfully

2018-12-06 19:49:16 - [TEST_STEP][PASSED] - Statement - UpdateAddNewECode = com.kms.katalon.core.webui.keyword.WebUiBuiltInKeywords.getText(com.kms.katalon.core.testobject.ObjectRepository.findTestObject(Object Repository/Final Object Repo/Page_Update Add New Employee - ASSIST/getEmpCode)): Text of object 'Object Repository/Final Object Repo/Page_Update Add New Employee - ASSIST/getEmpCode' is: 'E1102070642V'

2018-12-06 19:49:16 - [MESSAGE][PASSED] - Text of object 'Object Repository/Final Object Repo/Page_Update Add New Employee - ASSIST/getEmpCode' is: 'E1102070642V'

2018-12-06 19:49:16 - [TEST_STEP][PASSED] - callTestCase: Call Test Case 'Test Cases/Final Aug 2018 - PKS Automation/Common/Emp Code Setter' successfully

2018-12-06 19:49:16 - [TEST_CASE][PASSED] - Test Cases/Final Aug 2018 - PKS Automation/Common/Emp Code Setter: Test Cases/Final Aug 2018 - PKS Automation/Common/Emp Code Setter

2018-12-06 19:49:16 - [TEST_STEP][PASSED] - Statement - EmpCodeOld = new java.io.File(C://Users//Admin//Desktop//PKS//Automation Reference Point//EmpCode.txt): null

2018-12-06 19:49:16 - [TEST_STEP][PASSED] - Statement - EmpCodeOld.delete(): null

2018-12-06 19:49:16 - [TEST_STEP][PASSED] - Statement - EmpCode = new java.io.File(C://Users//Admin//Desktop//PKS//Automation Reference Point//EmpCode.txt): null

2018-12-06 19:49:16 - [TEST_STEP][PASSED] - Statement - f2 = new java.io.FileWriter(EmpCode, false): null

2018-12-06 19:49:16 - [TEST_STEP][PASSED] - Statement - f2.write(UpdateAddNewECode): null

2018-12-06 19:49:16 - [TEST_STEP][PASSED] - Statement - f2.close(): null

2018-12-06 19:49:16 - [TEST_STEP][PASSED] - Statement - out.println("


" + UpdateAddNewECode + "


"): null

2018-12-06 19:49:16 - [MESSAGE][PASSED] - Call Test Case 'Test Cases/Final Aug 2018 - PKS Automation/Common/Emp Code Setter' successfully

2018-12-06 19:49:16 - [MESSAGE][PASSED] - Call Test Case 'Test Cases/Final Aug 2018 - PKS Automation/Registration Module/Workflow/Update Add New Employee/Template/New Company for Update Add New - Employer' successfully

2018-12-06 19:49:16 - [TEST_STEP][PASSED] - callTestCase: Call Test Case 'Test Cases/Final Aug 2018 - PKS Automation/Create Employer Acc/Login to Employer Account (Second time)' successfully

2018-12-06 19:49:16 - [TEST_CASE][PASSED] - Test Cases/Final Aug 2018 - PKS Automation/Create Employer Acc/Login to Employer Account (Second time): Test Cases/Final Aug 2018 - PKS Automation/Create Employer Acc/Login to Employer Account (Second time)

2018-12-06 19:49:16 - [TEST_STEP][PASSED] - openBrowser: Browser is opened with url: ''

2018-12-06 19:49:16 - [MESSAGE][WARNING] - A browser is already opened. Closing browser and opening a new one

2018-12-06 19:49:19 - [MESSAGE][PASSED] - Browser is opened with url: ''

2018-12-06 19:49:19 - [TEST_STEP][PASSED] - navigateToUrl: Navigate to 'https://assist2-uat.perkeso.gov.my/employer/login' successfully

2018-12-06 19:49:20 - [MESSAGE][PASSED] - Navigate to 'https://assist2-uat.perkeso.gov.my/employer/login' successfully

2018-12-06 19:49:20 - [TEST_STEP][PASSED] - delay: Delayed 3 second(s)

2018-12-06 19:49:23 - [MESSAGE][PASSED] - Delayed 3 second(s)

2018-12-06 19:49:23 - [TEST_STEP][PASSED] - callTestCase: Call Test Case 'Test Cases/Final Aug 2018 - PKS Automation/Create Employer Acc/Template/Employer Email Getter' successfully

2018-12-06 19:49:23 - [TEST_CASE][PASSED] - Test Cases/Final Aug 2018 - PKS Automation/Create Employer Acc/Template/Employer Email Getter: Test Cases/Final Aug 2018 - PKS Automation/Create Employer Acc/Template/Employer Email Getter

2018-12-06 19:49:23 - [TEST_STEP][PASSED] - Statement - Try: null

2018-12-06 19:49:23 - [TEST_STEP][PASSED] - Statement - EmpEmail = new java.io.File(C://Users//Admin//Desktop//PKS//Automation Reference Point//EmpEmail.txt): null

2018-12-06 19:49:23 - [TEST_STEP][PASSED] - Statement - bufferread = new java.io.BufferedReader(new java.io.FileReader(EmpEmail)): null

2018-12-06 19:49:23 - [TEST_STEP][PASSED] - Statement - readedVal = bufferread.readLine(): null

2018-12-06 19:49:23 - [TEST_STEP][PASSED] - Statement - out.println(readedVal): null

2018-12-06 19:49:23 - [TEST_STEP][PASSED] - Statement - Email = readedVal: null

2018-12-06 19:49:23 - [MESSAGE][PASSED] - Call Test Case 'Test Cases/Final Aug 2018 - PKS Automation/Create Employer Acc/Template/Employer Email Getter' successfully

2018-12-06 19:49:23 - [TEST_STEP][PASSED] - setText: Text 'perkeso190585633389@gmail.com' is set on object 'Object Repository/Final Object Repo/Login Page/External Login Page/Email'

2018-12-06 19:49:24 - [MESSAGE][PASSED] - Text 'perkeso190585633389@gmail.com' is set on object 'Object Repository/Final Object Repo/Login Page/External Login Page/Email'

2018-12-06 19:49:24 - [TEST_STEP][PASSED] - click: Object: 'Object Repository/Final Object Repo/Login Page/External Login Page/Next' is clicked on

2018-12-06 19:49:24 - [MESSAGE][PASSED] - Object: 'Object Repository/Final Object Repo/Login Page/External Login Page/Next' is clicked on

2018-12-06 19:49:24 - [TEST_STEP][PASSED] - delay: Delayed 3 second(s)

2018-12-06 19:49:27 - [MESSAGE][PASSED] - Delayed 3 second(s)

2018-12-06 19:49:27 - [TEST_STEP][PASSED] - setEncryptedText: Text ****** has been set on object 'Object Repository/Final Object Repo/Login Page/External Login Page/Password'

2018-12-06 19:49:27 - [MESSAGE][PASSED] - Text ****** has been set on object 'Object Repository/Final Object Repo/Login Page/External Login Page/Password'

2018-12-06 19:49:27 - [TEST_STEP][PASSED] - click: Object: 'Object Repository/Final Object Repo/Login Page/External Login Page/Login' is clicked on

2018-12-06 19:49:27 - [MESSAGE][PASSED] - Object: 'Object Repository/Final Object Repo/Login Page/External Login Page/Login' is clicked on

2018-12-06 19:49:27 - [TEST_STEP][PASSED] - delay: Delayed 5 second(s)

2018-12-06 19:49:32 - [MESSAGE][PASSED] - Delayed 5 second(s)

2018-12-06 19:49:32 - [MESSAGE][PASSED] - Call Test Case 'Test Cases/Final Aug 2018 - PKS Automation/Create Employer Acc/Login to Employer Account (Second time)' successfully

2018-12-06 19:49:32 - [TEST_STEP][PASSED] - navigateToUrl: Navigate to 'https://assist2-uat.perkeso.gov.my/web/registration/update/form-1a-cessation-as-employer-discontinue-business-' successfully

2018-12-06 19:49:33 - [MESSAGE][PASSED] - Navigate to 'https://assist2-uat.perkeso.gov.my/web/registration/update/form-1a-cessation-as-employer-discontinue-business-' successfully

2018-12-06 19:49:33 - [TEST_STEP][PASSED] - callTestCase: Call Test Case 'Test Cases/Final Aug 2018 - PKS Automation/Common/Emp Code Getter' successfully

2018-12-06 19:49:33 - [TEST_CASE][PASSED] - Test Cases/Final Aug 2018 - PKS Automation/Common/Emp Code Getter: Test Cases/Final Aug 2018 - PKS Automation/Common/Emp Code Getter

2018-12-06 19:49:33 - [TEST_STEP][PASSED] - Statement - Try: null

2018-12-06 19:49:34 - [TEST_STEP][PASSED] - Statement - EmpCode = new java.io.File(C://Users//Admin//Desktop//PKS//Automation Reference Point//EmpCode.txt): null

2018-12-06 19:49:34 - [TEST_STEP][PASSED] - Statement - bufferread = new java.io.BufferedReader(new java.io.FileReader(EmpCode)): null

2018-12-06 19:49:34 - [TEST_STEP][PASSED] - Statement - readedVal = bufferread.readLine(): null

2018-12-06 19:49:34 - [TEST_STEP][PASSED] - Statement - out.println(readedVal): null

2018-12-06 19:49:34 - [TEST_STEP][PASSED] - Statement - UpdateAddNewECode = readedVal: null

2018-12-06 19:49:34 - [MESSAGE][PASSED] - Call Test Case 'Test Cases/Final Aug 2018 - PKS Automation/Common/Emp Code Getter' successfully

2018-12-06 19:49:34 - [TEST_STEP][PASSED] - setText: Text 'E1102070642V' is set on object 'Object Repository/Final Object Repo/Page_Update Employer Information/Employer Code'

2018-12-06 19:49:34 - [MESSAGE][PASSED] - Text 'E1102070642V' is set on object 'Object Repository/Final Object Repo/Page_Update Employer Information/Employer Code'

2018-12-06 19:49:34 - [TEST_STEP][PASSED] - click: Object: 'Object Repository/Final Object Repo/Page_Update Employer Information/Search Button' is clicked on

2018-12-06 19:49:34 - [MESSAGE][PASSED] - Object: 'Object Repository/Final Object Repo/Page_Update Employer Information/Search Button' is clicked on

2018-12-06 19:49:34 - [TEST_STEP][PASSED] - delay: Delayed 2 second(s)

2018-12-06 19:49:36 - [MESSAGE][PASSED] - Delayed 2 second(s)

2018-12-06 19:49:36 - [TEST_STEP][PASSED] - click: Object: 'Object Repository/Final Object Repo/Page_Update Employer Information/Edit Button' is clicked on

2018-12-06 19:49:37 - [MESSAGE][PASSED] - Object: 'Object Repository/Final Object Repo/Page_Update Employer Information/Edit Button' is clicked on

2018-12-06 19:49:37 - [TEST_STEP][PASSED] - Statement - abc = com.kms.katalon.core.webui.keyword.WebUiBuiltInKeywords.getAttribute(com.kms.katalon.core.testobject.ObjectRepository.findTestObject(Final Object Repo/Page_Form 1A - Cessation As Employer/Employer Status), "value"): Attribute 'value' of object 'Object Repository/Final Object Repo/Page_Form 1A - Cessation As Employer/Employer Status' is: 'Active'

2018-12-06 19:49:37 - [MESSAGE][PASSED] - Attribute 'value' of object 'Object Repository/Final Object Repo/Page_Form 1A - Cessation As Employer/Employer Status' is: 'Active'

2018-12-06 19:49:37 - [TEST_STEP][PASSED] - Statement - out.println(abc): null

2018-12-06 19:49:37 - [TEST_STEP][PASSED] - Statement - If (abc == "Active"): Object: 'Object Repository/Final Object Repo/Page_Form 1A - Cessation As Employer/Change Employer Status to - Dormant' is clicked on

2018-12-06 19:49:37 - [TEST_STEP][PASSED] - click: Object: 'Object Repository/Final Object Repo/Page_Form 1A - Cessation As Employer/Change Employer Status to' is clicked on

2018-12-06 19:49:37 - [MESSAGE][PASSED] - Object: 'Object Repository/Final Object Repo/Page_Form 1A - Cessation As Employer/Change Employer Status to' is clicked on

2018-12-06 19:49:37 - [TEST_STEP][PASSED] - click: Object: 'Object Repository/Final Object Repo/Page_Form 1A - Cessation As Employer/Change Employer Status to - Dormant' is clicked on

2018-12-06 19:49:38 - [MESSAGE][PASSED] - Object: 'Object Repository/Final Object Repo/Page_Form 1A - Cessation As Employer/Change Employer Status to - Dormant' is clicked on

2018-12-06 19:49:38 - [TEST_STEP][PASSED] - click: Object: 'Object Repository/Final Object Repo/Page_Form 1A - Cessation As Employer/Calender' is clicked on

2018-12-06 19:49:38 - [MESSAGE][PASSED] - Object: 'Object Repository/Final Object Repo/Page_Form 1A - Cessation As Employer/Calender' is clicked on

2018-12-06 19:49:38 - [TEST_STEP][PASSED] - click: Object: 'Object Repository/Final Object Repo/Page_Form 1A - Cessation As Employer/Calender - Date' is clicked on

2018-12-06 19:49:38 - [MESSAGE][PASSED] - Object: 'Object Repository/Final Object Repo/Page_Form 1A - Cessation As Employer/Calender - Date' is clicked on

2018-12-06 19:49:38 - [TEST_STEP][PASSED] - delay: Delayed 2 second(s)

2018-12-06 19:49:40 - [MESSAGE][PASSED] - Delayed 2 second(s)

2018-12-06 19:49:40 - [TEST_STEP][PASSED] - click: Object: 'Object Repository/Final Object Repo/Page_Form 1A - Cessation As Employer/Save  Continue in Form 1A Page' is clicked on

2018-12-06 19:49:40 - [MESSAGE][PASSED] - Object: 'Object Repository/Final Object Repo/Page_Form 1A - Cessation As Employer/Save  Continue in Form 1A Page' is clicked on

2018-12-06 19:49:40 - [TEST_STEP][PASSED] - delay: Delayed 2 second(s)

2018-12-06 19:49:42 - [MESSAGE][PASSED] - Delayed 2 second(s)

2018-12-06 19:49:42 - [TEST_STEP][PASSED] - click: Object: 'Object Repository/Final Object Repo/Page_Form 1A - Cessation As Employer/Employment Resign Date' is clicked on

2018-12-06 19:49:42 - [MESSAGE][PASSED] - Object: 'Object Repository/Final Object Repo/Page_Form 1A - Cessation As Employer/Employment Resign Date' is clicked on

2018-12-06 19:49:42 - [TEST_STEP][PASSED] - delay: Delayed 1 second(s)

2018-12-06 19:49:43 - [MESSAGE][PASSED] - Delayed 1 second(s)

2018-12-06 19:49:43 - [TEST_STEP][PASSED] - Statement - CaseReferenceNo = com.kms.katalon.core.webui.keyword.WebUiBuiltInKeywords.getText(com.kms.katalon.core.testobject.ObjectRepository.findTestObject(Final Object Repo/Page_Update Employer Information/Reference Number in Update Employee Information Page)): Text of object 'Object Repository/Final Object Repo/Page_Update Employer Information/Reference Number in Update Employee Information Page' is: 'CUN122018C200001694'

2018-12-06 19:49:44 - [MESSAGE][PASSED] - Text of object 'Object Repository/Final Object Repo/Page_Update Employer Information/Reference Number in Update Employee Information Page' is: 'CUN122018C200001694'

2018-12-06 19:49:44 - [TEST_STEP][PASSED] - callTestCase: Call Test Case 'Test Cases/Final Aug 2018 - PKS Automation/Common/Reference Number Setter' successfully

2018-12-06 19:49:44 - [TEST_CASE][PASSED] - Test Cases/Final Aug 2018 - PKS Automation/Common/Reference Number Setter: Test Cases/Final Aug 2018 - PKS Automation/Common/Reference Number Setter

2018-12-06 19:49:44 - [TEST_STEP][PASSED] - Statement - RefNoOldFile = new java.io.File(C://Users//Admin//Desktop//PKS//Automation Reference Point//KatalonReference.txt): null

2018-12-06 19:49:44 - [TEST_STEP][PASSED] - Statement - RefNoOldFile.delete(): null

2018-12-06 19:49:44 - [TEST_STEP][PASSED] - delay: Delayed 5 second(s)

2018-12-06 19:49:49 - [MESSAGE][PASSED] - Delayed 5 second(s)

2018-12-06 19:49:49 - [TEST_STEP][PASSED] - Statement - RefNo = new java.io.File(C://Users//Admin//Desktop//PKS//Automation Reference Point//KatalonReference.txt): null

2018-12-06 19:49:49 - [TEST_STEP][PASSED] - Statement - f2 = new java.io.FileWriter(RefNo, false): null

2018-12-06 19:49:49 - [TEST_STEP][PASSED] - Statement - f2.write(CaseReferenceNo): null

2018-12-06 19:49:49 - [TEST_STEP][PASSED] - Statement - f2.close(): null

2018-12-06 19:49:49 - [TEST_STEP][PASSED] - Statement - out.println("


" + CaseReferenceNo + "


"): null

2018-12-06 19:49:49 - [MESSAGE][PASSED] - Call Test Case 'Test Cases/Final Aug 2018 - PKS Automation/Common/Reference Number Setter' successfully

2018-12-06 19:49:49 - [TEST_STEP][PASSED] - selectOptionByValue: All options with value '2030' are selected in object 'Object Repository/Final Object Repo/Page_Form 1A - Cessation As Employer/Employment Resign Date - Year' 

2018-12-06 19:49:49 - [MESSAGE][PASSED] - All options with value '2030' are selected in object 'Object Repository/Final Object Repo/Page_Form 1A - Cessation As Employer/Employment Resign Date - Year' 

2018-12-06 19:49:49 - [TEST_STEP][PASSED] - delay: Delayed 1 second(s)

2018-12-06 19:49:50 - [MESSAGE][PASSED] - Delayed 1 second(s)

2018-12-06 19:49:50 - [TEST_STEP][PASSED] - click: Object: 'Object Repository/Final Object Repo/Page_Form 1A - Cessation As Employer/Employment Resign Date - Year - Date' is clicked on

2018-12-06 19:49:50 - [MESSAGE][PASSED] - Object: 'Object Repository/Final Object Repo/Page_Form 1A - Cessation As Employer/Employment Resign Date - Year - Date' is clicked on

2018-12-06 19:49:50 - [TEST_STEP][PASSED] - delay: Delayed 2 second(s)

2018-12-06 19:49:52 - [MESSAGE][PASSED] - Delayed 2 second(s)

2018-12-06 19:49:52 - [TEST_STEP][PASSED] - click: Object: 'Object Repository/Final Object Repo/Page_Form 1A - Cessation As Employer/Save  Continue in Update Add Employee Resigned Date Page' is clicked on

2018-12-06 19:49:52 - [MESSAGE][PASSED] - Object: 'Object Repository/Final Object Repo/Page_Form 1A - Cessation As Employer/Save  Continue in Update Add Employee Resigned Date Page' is clicked on

2018-12-06 19:49:52 - [TEST_STEP][PASSED] - delay: Delayed 2 second(s)

2018-12-06 19:49:54 - [MESSAGE][PASSED] - Delayed 2 second(s)

2018-12-06 19:49:54 - [TEST_STEP][PASSED] - click: Object: 'Object Repository/Final Object Repo/Page_Form 1A - Cessation As Employer/Set Latest - Yes' is clicked on

2018-12-06 19:49:54 - [MESSAGE][PASSED] - Object: 'Object Repository/Final Object Repo/Page_Form 1A - Cessation As Employer/Set Latest - Yes' is clicked on

2018-12-06 19:49:54 - [TEST_STEP][PASSED] - delay: Delayed 2 second(s)

2018-12-06 19:49:56 - [MESSAGE][PASSED] - Delayed 2 second(s)

2018-12-06 19:49:56 - [TEST_STEP][PASSED] - click: Object: 'Object Repository/Final Object Repo/Page_Form 1A - Cessation As Employer/Add Document' is clicked on

2018-12-06 19:49:58 - [MESSAGE][PASSED] - Object: 'Object Repository/Final Object Repo/Page_Form 1A - Cessation As Employer/Add Document' is clicked on

2018-12-06 19:49:58 - [TEST_STEP][PASSED] - delay: Delayed 3 second(s)

2018-12-06 19:50:01 - [MESSAGE][PASSED] - Delayed 3 second(s)

2018-12-06 19:50:01 - [TEST_STEP][PASSED] - click: Object: 'Object Repository/Final Object Repo/Page_Form 1A - Cessation As Employer/Document Type' is clicked on

2018-12-06 19:50:01 - [MESSAGE][PASSED] - Object: 'Object Repository/Final Object Repo/Page_Form 1A - Cessation As Employer/Document Type' is clicked on

2018-12-06 19:50:01 - [TEST_STEP][PASSED] - delay: Delayed 2 second(s)

2018-12-06 19:50:03 - [MESSAGE][PASSED] - Delayed 2 second(s)

2018-12-06 19:50:03 - [TEST_STEP][PASSED] - click: Object: 'Object Repository/Final Object Repo/Page_Form 1A - Cessation As Employer/Document Type - Supporting Document For Cessation' is clicked on

2018-12-06 19:50:03 - [MESSAGE][PASSED] - Object: 'Object Repository/Final Object Repo/Page_Form 1A - Cessation As Employer/Document Type - Supporting Document For Cessation' is clicked on

2018-12-06 19:50:03 - [TEST_STEP][PASSED] - delay: Delayed 2 second(s)

2018-12-06 19:50:05 - [MESSAGE][PASSED] - Delayed 2 second(s)

2018-12-06 19:50:05 - [TEST_STEP][PASSED] - sendKeys: Keys 'C:\Users\Public\Pictures\Sample Pictures\Koala.jpg' sent to object: 'Object Repository/Final Object Repo/Page_Form 1A - Cessation As Employer/Uploading File'

2018-12-06 19:50:05 - [MESSAGE][PASSED] - Keys 'C:\Users\Public\Pictures\Sample Pictures\Koala.jpg' sent to object: 'Object Repository/Final Object Repo/Page_Form 1A - Cessation As Employer/Uploading File'

2018-12-06 19:50:05 - [TEST_STEP][PASSED] - delay: Delayed 2 second(s)

2018-12-06 19:50:07 - [MESSAGE][PASSED] - Delayed 2 second(s)

2018-12-06 19:50:07 - [TEST_STEP][PASSED] - click: Object: 'Object Repository/Final Object Repo/Page_Form 1A - Cessation As Employer/Add Document in Uploading Page' is clicked on

2018-12-06 19:50:07 - [MESSAGE][PASSED] - Object: 'Object Repository/Final Object Repo/Page_Form 1A - Cessation As Employer/Add Document in Uploading Page' is clicked on

2018-12-06 19:50:07 - [TEST_STEP][PASSED] - delay: Delayed 2 second(s)

2018-12-06 19:50:09 - [MESSAGE][PASSED] - Delayed 2 second(s)

2018-12-06 19:50:09 - [TEST_STEP][PASSED] - click: Object: 'Object Repository/Final Object Repo/Page_Form 1A - Cessation As Employer/Save  Continue in Uploading Page' is clicked on

2018-12-06 19:50:11 - [MESSAGE][PASSED] - Object: 'Object Repository/Final Object Repo/Page_Form 1A - Cessation As Employer/Save  Continue in Uploading Page' is clicked on

2018-12-06 19:50:11 - [TEST_STEP][PASSED] - delay: Delayed 2 second(s)

2018-12-06 19:50:13 - [MESSAGE][PASSED] - Delayed 2 second(s)

2018-12-06 19:50:13 - [TEST_STEP][PASSED] - click: Object: 'Object Repository/Final Object Repo/Page_Form 1A - Cessation As Employer/Submit2' is clicked on

2018-12-06 19:50:16 - [MESSAGE][PASSED] - Object: 'Object Repository/Final Object Repo/Page_Form 1A - Cessation As Employer/Submit2' is clicked on

2018-12-06 19:50:16 - [TEST_STEP][PASSED] - delay: Delayed 2 second(s)

2018-12-06 19:50:18 - [MESSAGE][PASSED] - Delayed 2 second(s)

2018-12-06 19:50:18 - [TEST_STEP][PASSED] - click: Object: 'Object Repository/Final Object Repo/Page_Form 1A - Cessation As Employer/Confirm' is clicked on

2018-12-06 19:50:18 - [MESSAGE][PASSED] - Object: 'Object Repository/Final Object Repo/Page_Form 1A - Cessation As Employer/Confirm' is clicked on

2018-12-06 19:50:18 - [TEST_STEP][PASSED] - delay: Delayed 2 second(s)

2018-12-06 19:50:20 - [MESSAGE][PASSED] - Delayed 2 second(s)

2018-12-06 19:50:20 - [TEST_STEP][PASSED] - verifyElementVisible: Object 'Object Repository/Final Object Repo/Page_Form 1A - Cessation As Employer/Message Your Request will be routed to UO' is visible

2018-12-06 19:50:24 - [MESSAGE][PASSED] - Object 'Object Repository/Final Object Repo/Page_Form 1A - Cessation As Employer/Message Your Request will be routed to UO' is visible

2018-12-06 19:50:24 - [TEST_STEP][PASSED] - delay: Delayed 1 second(s)

2018-12-06 19:50:25 - [MESSAGE][PASSED] - Delayed 1 second(s)

2018-12-06 19:50:25 - [TEST_STEP][PASSED] - verifyElementVisible: Object 'Object Repository/Final Object Repo/Page_Form 1A - Cessation As Employer/Letter of acknowledgement' is visible

2018-12-06 19:50:25 - [MESSAGE][PASSED] - Object 'Object Repository/Final Object Repo/Page_Form 1A - Cessation As Employer/Letter of acknowledgement' is visible

2018-12-06 19:50:25 - [MESSAGE][PASSED] - Call Test Case 'Test Cases/Final Aug 2018 - PKS Automation/Registration Module/Workflow/Form 1A - Cessation As Employer/Template/Form 1 A - Cessation As Employer (Employer)' successfully

2018-12-06 19:50:25 - [TEST_STEP][PASSED] - callTestCase: Call Test Case 'Test Cases/Final Aug 2018 - PKS Automation/Registration Module/Workflow/Form 1A - Cessation As Employer/Template/Form 1 A - Cessation As Employer (Query)' successfully

2018-12-06 19:50:26 - [TEST_CASE][PASSED] - Test Cases/Final Aug 2018 - PKS Automation/Registration Module/Workflow/Form 1A - Cessation As Employer/Template/Form 1 A - Cessation As Employer (Query): Test Cases/Final Aug 2018 - PKS Automation/Registration Module/Workflow/Form 1A - Cessation As Employer/Template/Form 1 A - Cessation As Employer (Query)

2018-12-06 19:50:26 - [TEST_STEP][NOT_RUN] - callTestCase: NOT_RUN: callTestCase

2018-12-06 19:50:26 - [MESSAGE][NOT_RUN] - NOT_RUN: callTestCase

2018-12-06 19:50:26 - [TEST_STEP][PASSED] - delay: Delayed 1 second(s)

2018-12-06 19:50:27 - [MESSAGE][PASSED] - Delayed 1 second(s)

2018-12-06 19:50:27 - [TEST_STEP][PASSED] - navigateToUrl: Navigate to 'https://assist2-uat.perkeso.gov.my/c/portal/logout' successfully

2018-12-06 19:50:28 - [MESSAGE][PASSED] - Navigate to 'https://assist2-uat.perkeso.gov.my/c/portal/logout' successfully

2018-12-06 19:50:28 - [TEST_STEP][PASSED] - delay: Delayed 1 second(s)

2018-12-06 19:50:29 - [MESSAGE][PASSED] - Delayed 1 second(s)

2018-12-06 19:50:29 - [TEST_STEP][PASSED] - callTestCase: Call Test Case 'Test Cases/Final Aug 2018 - PKS Automation/Common/Reference Number Getter' successfully

2018-12-06 19:50:29 - [TEST_CASE][PASSED] - Test Cases/Final Aug 2018 - PKS Automation/Common/Reference Number Getter: Test Cases/Final Aug 2018 - PKS Automation/Common/Reference Number Getter

2018-12-06 19:50:29 - [TEST_STEP][PASSED] - Statement - Try: null

2018-12-06 19:50:29 - [TEST_STEP][PASSED] - Statement - RefNo = new java.io.File(C://Users//Admin//Desktop//PKS//Automation Reference Point//KatalonReference.txt): null

2018-12-06 19:50:29 - [TEST_STEP][PASSED] - Statement - bufferread = new java.io.BufferedReader(new java.io.FileReader(RefNo)): null

2018-12-06 19:50:29 - [TEST_STEP][PASSED] - Statement - readedVal = bufferread.readLine(): null

2018-12-06 19:50:29 - [TEST_STEP][PASSED] - Statement - out.println(CaseReferenceNo): null

2018-12-06 19:50:29 - [TEST_STEP][PASSED] - Statement - out.println(readedVal): null

2018-12-06 19:50:29 - [TEST_STEP][PASSED] - Statement - CaseReferenceNo = "": null

2018-12-06 19:50:29 - [TEST_STEP][PASSED] - Statement - CaseReferenceNo = readedVal: null

2018-12-06 19:50:29 - [MESSAGE][PASSED] - Call Test Case 'Test Cases/Final Aug 2018 - PKS Automation/Common/Reference Number Getter' successfully

2018-12-06 19:50:29 - [TEST_STEP][PASSED] - callTestCase: Call Test Case 'Test Cases/Final Aug 2018 - PKS Automation/Common/Workflow Owner Finder' successfully

2018-12-06 19:50:29 - [TEST_CASE][PASSED] - Test Cases/Final Aug 2018 - PKS Automation/Common/Workflow Owner Finder: Test Cases/Final Aug 2018 - PKS Automation/Common/Workflow Owner Finder

2018-12-06 19:50:29 - [TEST_STEP][PASSED] - openBrowser: Browser is opened with url: ''

2018-12-06 19:50:29 - [MESSAGE][WARNING] - A browser is already opened. Closing browser and opening a new one

2018-12-06 19:50:32 - [MESSAGE][PASSED] - Browser is opened with url: ''

2018-12-06 19:50:32 - [TEST_STEP][PASSED] - navigateToUrl: Navigate to 'https://assist2-uat.perkeso.gov.my/login' successfully

2018-12-06 19:50:33 - [MESSAGE][PASSED] - Navigate to 'https://assist2-uat.perkeso.gov.my/login' successfully

2018-12-06 19:50:33 - [TEST_STEP][PASSED] - delay: Delayed 5 second(s)

2018-12-06 19:50:38 - [MESSAGE][PASSED] - Delayed 5 second(s)

2018-12-06 19:50:38 - [TEST_STEP][PASSED] - setText: Text 'test@liferay.com' is set on object 'Object Repository/Final Object Repo/Login Page/Internal User/Email Address'

2018-12-06 19:50:38 - [MESSAGE][PASSED] - Text 'test@liferay.com' is set on object 'Object Repository/Final Object Repo/Login Page/Internal User/Email Address'

2018-12-06 19:50:38 - [TEST_STEP][PASSED] - click: Object: 'Object Repository/Final Object Repo/Login Page/Internal User/Next Button' is clicked on

2018-12-06 19:50:38 - [MESSAGE][PASSED] - Object: 'Object Repository/Final Object Repo/Login Page/Internal User/Next Button' is clicked on

2018-12-06 19:50:38 - [TEST_STEP][PASSED] - delay: Delayed 2 second(s)

2018-12-06 19:50:40 - [MESSAGE][PASSED] - Delayed 2 second(s)

2018-12-06 19:50:40 - [TEST_STEP][PASSED] - setText: Text 'test' is set on object 'Object Repository/Final Object Repo/Login Page/Internal User/Password'

2018-12-06 19:50:40 - [MESSAGE][PASSED] - Text 'test' is set on object 'Object Repository/Final Object Repo/Login Page/Internal User/Password'

2018-12-06 19:50:40 - [TEST_STEP][PASSED] - delay: Delayed 2 second(s)

2018-12-06 19:50:42 - [MESSAGE][PASSED] - Delayed 2 second(s)

2018-12-06 19:50:42 - [TEST_STEP][PASSED] - click: Object: 'Object Repository/Final Object Repo/Login Page/Internal User/Login Button' is clicked on

2018-12-06 19:50:43 - [MESSAGE][PASSED] - Object: 'Object Repository/Final Object Repo/Login Page/Internal User/Login Button' is clicked on

2018-12-06 19:50:43 - [TEST_STEP][PASSED] - Statement - tester = com.kms.katalon.core.testobject.ObjectRepository.findTestObject(Final Object Repo/Landing Page/Select to English): Finding Test Object with id 'Object Repository/Final Object Repo/Landing Page/Select to English'

2018-12-06 19:50:43 - [TEST_STEP][PASSED] - Statement - Try: Delayed 2 second(s)

2018-12-06 19:50:43 - [TEST_STEP][PASSED] - Statement - Checker = com.kms.katalon.core.webui.keyword.WebUiBuiltInKeywords.verifyElementNotPresent(tester, 3): Web element with id: 'Object Repository/Final Object Repo/Landing Page/Select to English' located by 'By.xpath: //a[@class = 'taglib-language-list-text' and @lang = 'en-US' and (contains(text(), 'EN') or contains(., 'EN'))]' is not present after '3' second(s)

2018-12-06 19:50:45 - [MESSAGE][PASSED] - Web element with id: 'Object Repository/Final Object Repo/Landing Page/Select to English' located by 'By.xpath: //a[@class = 'taglib-language-list-text' and @lang = 'en-US' and (contains(text(), 'EN') or contains(., 'EN'))]' is not present after '3' second(s)

2018-12-06 19:50:45 - [TEST_STEP][PASSED] - Statement - If (Checker == false): null

2018-12-06 19:50:45 - [TEST_STEP][PASSED] - delay: Delayed 2 second(s)

2018-12-06 19:50:47 - [MESSAGE][PASSED] - Delayed 2 second(s)

2018-12-06 19:50:47 - [TEST_STEP][PASSED] - delay: Delayed 5 second(s)

2018-12-06 19:50:52 - [MESSAGE][PASSED] - Delayed 5 second(s)

2018-12-06 19:50:52 - [TEST_STEP][PASSED] - mouseOver: Object: 'Object Repository/Final Object Repo/Landing Page/WorkFlow Menu' is hovered

2018-12-06 19:50:52 - [MESSAGE][PASSED] - Object: 'Object Repository/Final Object Repo/Landing Page/WorkFlow Menu' is hovered

2018-12-06 19:50:52 - [TEST_STEP][PASSED] - delay: Delayed 2 second(s)

2018-12-06 19:50:54 - [MESSAGE][PASSED] - Delayed 2 second(s)

2018-12-06 19:50:54 - [TEST_STEP][PASSED] - click: Object: 'Object Repository/Final Object Repo/Landing Page/Select to Workflow Listing' is clicked on

2018-12-06 19:50:55 - [MESSAGE][PASSED] - Object: 'Object Repository/Final Object Repo/Landing Page/Select to Workflow Listing' is clicked on

2018-12-06 19:50:55 - [TEST_STEP][PASSED] - delay: Delayed 2 second(s)

2018-12-06 19:50:57 - [MESSAGE][PASSED] - Delayed 2 second(s)

2018-12-06 19:50:57 - [TEST_STEP][PASSED] - click: Object: 'Object Repository/Final Object Repo/WorkFlow Listing Page/Search Information - To Put Ref No' is clicked on

2018-12-06 19:50:57 - [MESSAGE][PASSED] - Object: 'Object Repository/Final Object Repo/WorkFlow Listing Page/Search Information - To Put Ref No' is clicked on

2018-12-06 19:50:57 - [TEST_STEP][PASSED] - delay: Delayed 2 second(s)

2018-12-06 19:50:59 - [MESSAGE][PASSED] - Delayed 2 second(s)

2018-12-06 19:50:59 - [TEST_STEP][PASSED] - callTestCase: Call Test Case 'Test Cases/Final Aug 2018 - PKS Automation/Common/Reference Number Getter' successfully

2018-12-06 19:50:59 - [TEST_CASE][PASSED] - Test Cases/Final Aug 2018 - PKS Automation/Common/Reference Number Getter: Test Cases/Final Aug 2018 - PKS Automation/Common/Reference Number Getter

2018-12-06 19:50:59 - [TEST_STEP][PASSED] - Statement - Try: null

2018-12-06 19:50:59 - [TEST_STEP][PASSED] - Statement - RefNo = new java.io.File(C://Users//Admin//Desktop//PKS//Automation Reference Point//KatalonReference.txt): null

2018-12-06 19:50:59 - [TEST_STEP][PASSED] - Statement - bufferread = new java.io.BufferedReader(new java.io.FileReader(RefNo)): null

2018-12-06 19:50:59 - [TEST_STEP][PASSED] - Statement - readedVal = bufferread.readLine(): null

2018-12-06 19:50:59 - [TEST_STEP][PASSED] - Statement - out.println(CaseReferenceNo): null

2018-12-06 19:50:59 - [TEST_STEP][PASSED] - Statement - out.println(readedVal): null

2018-12-06 19:50:59 - [TEST_STEP][PASSED] - Statement - CaseReferenceNo = "": null

2018-12-06 19:50:59 - [TEST_STEP][PASSED] - Statement - CaseReferenceNo = readedVal: null

2018-12-06 19:50:59 - [MESSAGE][PASSED] - Call Test Case 'Test Cases/Final Aug 2018 - PKS Automation/Common/Reference Number Getter' successfully

2018-12-06 19:50:59 - [TEST_STEP][PASSED] - setText: Text 'CUN122018C200001694' is set on object 'Object Repository/Final Object Repo/WorkFlow Listing Page/Ref No Set Text'

2018-12-06 19:51:00 - [MESSAGE][PASSED] - Text 'CUN122018C200001694' is set on object 'Object Repository/Final Object Repo/WorkFlow Listing Page/Ref No Set Text'

2018-12-06 19:51:00 - [TEST_STEP][PASSED] - delay: Delayed 2 second(s)

2018-12-06 19:51:02 - [MESSAGE][PASSED] - Delayed 2 second(s)

2018-12-06 19:51:02 - [TEST_STEP][PASSED] - click: Object: 'Object Repository/Final Object Repo/WorkFlow Listing Page/Search Ref No Search Button' is clicked on

2018-12-06 19:51:02 - [MESSAGE][PASSED] - Object: 'Object Repository/Final Object Repo/WorkFlow Listing Page/Search Ref No Search Button' is clicked on

2018-12-06 19:51:02 - [TEST_STEP][PASSED] - delay: Delayed 6 second(s)

2018-12-06 19:51:08 - [MESSAGE][PASSED] - Delayed 6 second(s)

2018-12-06 19:51:08 - [TEST_STEP][PASSED] - click: Object: 'Object Repository/Final Object Repo/WorkFlow Listing Page/Click Continue Tooltip' is clicked on

2018-12-06 19:51:09 - [MESSAGE][PASSED] - Object: 'Object Repository/Final Object Repo/WorkFlow Listing Page/Click Continue Tooltip' is clicked on

2018-12-06 19:51:09 - [TEST_STEP][PASSED] - delay: Delayed 5 second(s)

2018-12-06 19:51:14 - [MESSAGE][PASSED] - Delayed 5 second(s)

2018-12-06 19:51:14 - [TEST_STEP][PASSED] - doubleClick: Object: 'Object Repository/Final Object Repo/WorkFlow Listing Page/Workflow Found - Listing 1' is double clicked on

2018-12-06 19:51:14 - [MESSAGE][PASSED] - Object: 'Object Repository/Final Object Repo/WorkFlow Listing Page/Workflow Found - Listing 1' is double clicked on

2018-12-06 19:51:14 - [TEST_STEP][PASSED] - Statement - println(OwnerID): null

2018-12-06 19:51:14 - [TEST_STEP][PASSED] - Statement - OwnerID = com.kms.katalon.core.webui.keyword.WebUiBuiltInKeywords.getText(com.kms.katalon.core.testobject.ObjectRepository.findTestObject(Final Object Repo/WorkFlow Listing Page/Workflow Found - Listing 1), STOP_ON_FAILURE): Text of object 'Object Repository/Final Object Repo/WorkFlow Listing Page/Workflow Found - Listing 1' is: 'JOHORuo3'

2018-12-06 19:51:14 - [MESSAGE][PASSED] - Text of object 'Object Repository/Final Object Repo/WorkFlow Listing Page/Workflow Found - Listing 1' is: 'JOHORuo3'

2018-12-06 19:51:14 - [TEST_STEP][PASSED] - Statement - OwnerID = OwnerID.toLowerCase() + "@gmail.com": null

2018-12-06 19:51:14 - [TEST_STEP][PASSED] - Statement - println(OwnerID): null

2018-12-06 19:51:14 - [TEST_STEP][PASSED] - delay: Delayed 2 second(s)

2018-12-06 19:51:16 - [MESSAGE][PASSED] - Delayed 2 second(s)

2018-12-06 19:51:16 - [MESSAGE][PASSED] - Call Test Case 'Test Cases/Final Aug 2018 - PKS Automation/Common/Workflow Owner Finder' successfully

2018-12-06 19:51:16 - [TEST_STEP][PASSED] - delay: Delayed 1 second(s)

2018-12-06 19:51:17 - [MESSAGE][PASSED] - Delayed 1 second(s)

2018-12-06 19:51:17 - [TEST_STEP][PASSED] - navigateToUrl: Navigate to 'https://assist2-uat.perkeso.gov.my/c/portal/logout' successfully

2018-12-06 19:51:18 - [MESSAGE][PASSED] - Navigate to 'https://assist2-uat.perkeso.gov.my/c/portal/logout' successfully

2018-12-06 19:51:18 - [TEST_STEP][PASSED] - delay: Delayed 1 second(s)

2018-12-06 19:51:19 - [MESSAGE][PASSED] - Delayed 1 second(s)

2018-12-06 19:51:19 - [TEST_STEP][PASSED] - callTestCase: Call Test Case 'Test Cases/Final Aug 2018 - PKS Automation/Registration Module/Workflow/Login and Search Case For Workflow' successfully

2018-12-06 19:51:19 - [TEST_CASE][PASSED] - Test Cases/Final Aug 2018 - PKS Automation/Registration Module/Workflow/Login and Search Case For Workflow: Test Cases/Final Aug 2018 - PKS Automation/Registration Module/Workflow/Login and Search Case For Workflow

2018-12-06 19:51:19 - [TEST_STEP][PASSED] - navigateToUrl: Navigate to 'https://assist2-uat.perkeso.gov.my/login' successfully

2018-12-06 19:51:19 - [MESSAGE][PASSED] - Navigate to 'https://assist2-uat.perkeso.gov.my/login' successfully

2018-12-06 19:51:19 - [TEST_STEP][PASSED] - setText: Text 'johoruo3@gmail.com' is set on object 'Object Repository/Final Object Repo/Login Page/Internal User/Email Address'

2018-12-06 19:51:20 - [MESSAGE][PASSED] - Text 'johoruo3@gmail.com' is set on object 'Object Repository/Final Object Repo/Login Page/Internal User/Email Address'

2018-12-06 19:51:20 - [TEST_STEP][PASSED] - click: Object: 'Object Repository/Final Object Repo/Login Page/Internal User/Next Button' is clicked on

2018-12-06 19:51:20 - [MESSAGE][PASSED] - Object: 'Object Repository/Final Object Repo/Login Page/Internal User/Next Button' is clicked on

2018-12-06 19:51:20 - [TEST_STEP][PASSED] - delay: Delayed 1 second(s)

2018-12-06 19:51:21 - [MESSAGE][PASSED] - Delayed 1 second(s)

2018-12-06 19:51:21 - [TEST_STEP][PASSED] - setEncryptedText: Text ****** has been set on object 'Object Repository/Final Object Repo/Login Page/Internal User/Password'

2018-12-06 19:51:21 - [MESSAGE][PASSED] - Text ****** has been set on object 'Object Repository/Final Object Repo/Login Page/Internal User/Password'

2018-12-06 19:51:21 - [TEST_STEP][PASSED] - click: Object: 'Object Repository/Final Object Repo/Login Page/Internal User/Login Button' is clicked on

2018-12-06 19:51:21 - [MESSAGE][PASSED] - Object: 'Object Repository/Final Object Repo/Login Page/Internal User/Login Button' is clicked on

2018-12-06 19:51:21 - [TEST_STEP][PASSED] - delay: Delayed 2 second(s)

2018-12-06 19:51:23 - [MESSAGE][PASSED] - Delayed 2 second(s)

2018-12-06 19:51:23 - [TEST_STEP][PASSED] - Statement - Try: Delayed 2 second(s)

2018-12-06 19:51:23 - [TEST_STEP][PASSED] - Statement - Checker = false: null

2018-12-06 19:51:23 - [TEST_STEP][PASSED] - Statement - Checker = com.kms.katalon.core.webui.keyword.WebUiBuiltInKeywords.verifyElementHasAttribute(com.kms.katalon.core.testobject.ObjectRepository.findTestObject(Final Object Repo/Landing Page/BM Detecting), "href", 20, OPTIONAL): Object 'Object Repository/Final Object Repo/Landing Page/BM Detecting' has attribute 'href'

2018-12-06 19:51:23 - [MESSAGE][PASSED] - Object 'Object Repository/Final Object Repo/Landing Page/BM Detecting' has attribute 'href'

2018-12-06 19:51:23 - [TEST_STEP][PASSED] - Statement - out.println(Checker): null

2018-12-06 19:51:23 - [TEST_STEP][PASSED] - Statement - If (Checker == false): null

2018-12-06 19:51:23 - [TEST_STEP][PASSED] - Statement - Else: null

2018-12-06 19:51:23 - [TEST_STEP][PASSED] - delay: Delayed 2 second(s)

2018-12-06 19:51:25 - [MESSAGE][PASSED] - Delayed 2 second(s)

2018-12-06 19:51:25 - [TEST_STEP][PASSED] - click: Object: 'Object Repository/Final Object Repo/Page_MyASSIST - ASSIST - Search Pending Case For Add Supporting Document/Search Information' is clicked on

2018-12-06 19:51:25 - [MESSAGE][PASSED] - Object: 'Object Repository/Final Object Repo/Page_MyASSIST - ASSIST - Search Pending Case For Add Supporting Document/Search Information' is clicked on

2018-12-06 19:51:25 - [TEST_STEP][PASSED] - delay: Delayed 3 second(s)

2018-12-06 19:51:28 - [MESSAGE][PASSED] - Delayed 3 second(s)

2018-12-06 19:51:28 - [TEST_STEP][PASSED] - sendKeys: Keys 'CUN122018C200001694' sent to object: 'Object Repository/Final Object Repo/Page_MyASSIST - ASSIST - Search Pending Case For Add Supporting Document/Reference No'

2018-12-06 19:51:29 - [MESSAGE][PASSED] - Keys 'CUN122018C200001694' sent to object: 'Object Repository/Final Object Repo/Page_MyASSIST - ASSIST - Search Pending Case For Add Supporting Document/Reference No'

2018-12-06 19:51:29 - [TEST_STEP][PASSED] - click: Object: 'Object Repository/Final Object Repo/Page_MyASSIST - ASSIST - Search Pending Case For Add Supporting Document/Search Reference No' is clicked on

2018-12-06 19:51:29 - [MESSAGE][PASSED] - Object: 'Object Repository/Final Object Repo/Page_MyASSIST - ASSIST - Search Pending Case For Add Supporting Document/Search Reference No' is clicked on

2018-12-06 19:51:29 - [TEST_STEP][PASSED] - delay: Delayed 2 second(s)

2018-12-06 19:51:31 - [MESSAGE][PASSED] - Delayed 2 second(s)

2018-12-06 19:51:31 - [TEST_STEP][PASSED] - click: Object: 'Object Repository/Final Object Repo/Page_MyASSIST - ASSIST - Search Pending Case For Add Supporting Document/Continue' is clicked on

2018-12-06 19:51:34 - [MESSAGE][PASSED] - Object: 'Object Repository/Final Object Repo/Page_MyASSIST - ASSIST - Search Pending Case For Add Supporting Document/Continue' is clicked on

2018-12-06 19:51:34 - [TEST_STEP][PASSED] - delay: Delayed 20 second(s)

2018-12-06 19:51:54 - [MESSAGE][PASSED] - Delayed 20 second(s)

2018-12-06 19:51:54 - [MESSAGE][PASSED] - Call Test Case 'Test Cases/Final Aug 2018 - PKS Automation/Registration Module/Workflow/Login and Search Case For Workflow' successfully

2018-12-06 19:51:54 - [TEST_STEP][PASSED] - click: Object: 'Object Repository/Final Object Repo/Page_Form 1A - Cessation As Employer/Page_Form 1A - Cessation As Employer (Approve)/Save  Continue in Form 1A Page' is clicked on

2018-12-06 19:51:54 - [MESSAGE][PASSED] - Object: 'Object Repository/Final Object Repo/Page_Form 1A - Cessation As Employer/Page_Form 1A - Cessation As Employer (Approve)/Save  Continue in Form 1A Page' is clicked on

2018-12-06 19:51:54 - [TEST_STEP][PASSED] - delay: Delayed 2 second(s)

2018-12-06 19:51:56 - [MESSAGE][PASSED] - Delayed 2 second(s)

2018-12-06 19:51:56 - [TEST_STEP][PASSED] - click: Object: 'Object Repository/Final Object Repo/Page_Form 1A - Cessation As Employer/Employment Resign Date' is clicked on

2018-12-06 19:51:56 - [MESSAGE][PASSED] - Object: 'Object Repository/Final Object Repo/Page_Form 1A - Cessation As Employer/Employment Resign Date' is clicked on

2018-12-06 19:51:56 - [TEST_STEP][PASSED] - delay: Delayed 1 second(s)

2018-12-06 19:51:57 - [MESSAGE][PASSED] - Delayed 1 second(s)

2018-12-06 19:51:57 - [TEST_STEP][PASSED] - selectOptionByValue: All options with value '2030' are selected in object 'Object Repository/Final Object Repo/Page_Form 1A - Cessation As Employer/Employment Resign Date - Year' 

2018-12-06 19:51:58 - [MESSAGE][PASSED] - All options with value '2030' are selected in object 'Object Repository/Final Object Repo/Page_Form 1A - Cessation As Employer/Employment Resign Date - Year' 

2018-12-06 19:51:58 - [TEST_STEP][PASSED] - delay: Delayed 1 second(s)

2018-12-06 19:51:59 - [MESSAGE][PASSED] - Delayed 1 second(s)

2018-12-06 19:51:59 - [TEST_STEP][PASSED] - click: Object: 'Object Repository/Final Object Repo/Page_Form 1A - Cessation As Employer/Employment Resign Date - Year - Date' is clicked on

2018-12-06 19:51:59 - [MESSAGE][PASSED] - Object: 'Object Repository/Final Object Repo/Page_Form 1A - Cessation As Employer/Employment Resign Date - Year - Date' is clicked on

2018-12-06 19:51:59 - [TEST_STEP][PASSED] - delay: Delayed 2 second(s)

2018-12-06 19:52:01 - [MESSAGE][PASSED] - Delayed 2 second(s)

2018-12-06 19:52:01 - [TEST_STEP][PASSED] - click: Object: 'Object Repository/Final Object Repo/Page_Form 1A - Cessation As Employer/Page_Form 1A - Cessation As Employer (Approve)/Save  Continue in Update Add Employee Resigned Date Page' is clicked on

2018-12-06 19:52:01 - [MESSAGE][PASSED] - Object: 'Object Repository/Final Object Repo/Page_Form 1A - Cessation As Employer/Page_Form 1A - Cessation As Employer (Approve)/Save  Continue in Update Add Employee Resigned Date Page' is clicked on

2018-12-06 19:52:01 - [TEST_STEP][PASSED] - delay: Delayed 2 second(s)

2018-12-06 19:52:03 - [MESSAGE][PASSED] - Delayed 2 second(s)

2018-12-06 19:52:03 - [TEST_STEP][PASSED] - click: Object: 'Object Repository/Final Object Repo/Page_Form 1A - Cessation As Employer/Set Latest - Yes' is clicked on

2018-12-06 19:52:03 - [MESSAGE][PASSED] - Object: 'Object Repository/Final Object Repo/Page_Form 1A - Cessation As Employer/Set Latest - Yes' is clicked on

2018-12-06 19:52:03 - [TEST_STEP][PASSED] - delay: Delayed 2 second(s)

2018-12-06 19:52:05 - [MESSAGE][PASSED] - Delayed 2 second(s)

2018-12-06 19:52:05 - [TEST_STEP][PASSED] - setText: Text 'remark' is set on object 'Object Repository/Final Object Repo/Page_Form 1A - Cessation As Employer/Page_Form 1A - Cessation As Employer (Query)/Query - remark'

2018-12-06 19:52:07 - [MESSAGE][PASSED] - Text 'remark' is set on object 'Object Repository/Final Object Repo/Page_Form 1A - Cessation As Employer/Page_Form 1A - Cessation As Employer (Query)/Query - remark'

2018-12-06 19:52:07 - [TEST_STEP][PASSED] - delay: Delayed 2 second(s)

2018-12-06 19:52:09 - [MESSAGE][PASSED] - Delayed 2 second(s)

2018-12-06 19:52:09 - [TEST_STEP][PASSED] - click: Object: 'Object Repository/Final Object Repo/Page_Form 1A - Cessation As Employer/Page_Form 1A - Cessation As Employer (Approve)/Save  Contine in Uploading Document Page' is clicked on

2018-12-06 19:52:09 - [MESSAGE][PASSED] - Object: 'Object Repository/Final Object Repo/Page_Form 1A - Cessation As Employer/Page_Form 1A - Cessation As Employer (Approve)/Save  Contine in Uploading Document Page' is clicked on

2018-12-06 19:52:09 - [TEST_STEP][PASSED] - delay: Delayed 2 second(s)

2018-12-06 19:52:11 - [MESSAGE][PASSED] - Delayed 2 second(s)

2018-12-06 19:52:11 - [TEST_STEP][PASSED] - click: Object: 'Object Repository/Final Object Repo/Page_Form 1A - Cessation As Employer/Page_Form 1A - Cessation As Employer (Query)/Query' is clicked on

2018-12-06 19:52:14 - [MESSAGE][PASSED] - Object: 'Object Repository/Final Object Repo/Page_Form 1A - Cessation As Employer/Page_Form 1A - Cessation As Employer (Query)/Query' is clicked on

2018-12-06 19:52:14 - [TEST_STEP][PASSED] - delay: Delayed 2 second(s)

2018-12-06 19:52:16 - [MESSAGE][PASSED] - Delayed 2 second(s)

2018-12-06 19:52:16 - [TEST_STEP][PASSED] - click: Object: 'Object Repository/Final Object Repo/Page_Form 1A - Cessation As Employer/Page_Form 1A - Cessation As Employer (Query)/Confirm' is clicked on

2018-12-06 19:52:23 - [MESSAGE][PASSED] - Object: 'Object Repository/Final Object Repo/Page_Form 1A - Cessation As Employer/Page_Form 1A - Cessation As Employer (Query)/Confirm' is clicked on

2018-12-06 19:52:23 - [TEST_STEP][PASSED] - delay: Delayed 2 second(s)

2018-12-06 19:52:25 - [MESSAGE][PASSED] - Delayed 2 second(s)

2018-12-06 19:52:25 - [TEST_STEP][PASSED] - verifyElementVisible: Object 'Object Repository/Final Object Repo/Page_Form 1A - Cessation As Employer/Page_Form 1A - Cessation As Employer (Query)/MessageThe Case Is Under Query' is visible

2018-12-06 19:52:25 - [MESSAGE][PASSED] - Object 'Object Repository/Final Object Repo/Page_Form 1A - Cessation As Employer/Page_Form 1A - Cessation As Employer (Query)/MessageThe Case Is Under Query' is visible

2018-12-06 19:52:25 - [TEST_STEP][PASSED] - delay: Delayed 1 second(s)

2018-12-06 19:52:26 - [MESSAGE][PASSED] - Delayed 1 second(s)

2018-12-06 19:52:26 - [TEST_STEP][PASSED] - verifyElementVisible: Object 'Object Repository/Final Object Repo/Page_Form 1A - Cessation As Employer/Page_Form 1A - Cessation As Employer (Query)/Letter of inquiry' is visible

2018-12-06 19:52:26 - [MESSAGE][PASSED] - Object 'Object Repository/Final Object Repo/Page_Form 1A - Cessation As Employer/Page_Form 1A - Cessation As Employer (Query)/Letter of inquiry' is visible

2018-12-06 19:52:26 - [TEST_STEP][PASSED] - delay: Delayed 1 second(s)

2018-12-06 19:52:27 - [MESSAGE][PASSED] - Delayed 1 second(s)

2018-12-06 19:52:27 - [TEST_STEP][PASSED] - navigateToUrl: Navigate to 'https://assist2-uat.perkeso.gov.my/c/portal/logout' successfully

2018-12-06 19:52:27 - [MESSAGE][PASSED] - Navigate to 'https://assist2-uat.perkeso.gov.my/c/portal/logout' successfully

2018-12-06 19:52:27 - [TEST_STEP][PASSED] - delay: Delayed 1 second(s)

2018-12-06 19:52:28 - [MESSAGE][PASSED] - Delayed 1 second(s)

2018-12-06 19:52:28 - [TEST_STEP][PASSED] - callTestCase: Call Test Case 'Test Cases/Final Aug 2018 - PKS Automation/Registration Module/Workflow/Search Pending Case For Add Supporting Document (OTC)' successfully

2018-12-06 19:52:29 - [TEST_CASE][PASSED] - Test Cases/Final Aug 2018 - PKS Automation/Registration Module/Workflow/Search Pending Case For Add Supporting Document (OTC): Test Cases/Final Aug 2018 - PKS Automation/Registration Module/Workflow/Search Pending Case For Add Supporting Document (OTC)

2018-12-06 19:52:29 - [TEST_STEP][PASSED] - openBrowser: Browser is opened with url: ''

2018-12-06 19:52:29 - [MESSAGE][WARNING] - A browser is already opened. Closing browser and opening a new one

2018-12-06 19:52:32 - [MESSAGE][PASSED] - Browser is opened with url: ''

2018-12-06 19:52:32 - [TEST_STEP][PASSED] - navigateToUrl: Navigate to 'https://assist2-uat.perkeso.gov.my/login' successfully

2018-12-06 19:52:33 - [MESSAGE][PASSED] - Navigate to 'https://assist2-uat.perkeso.gov.my/login' successfully

2018-12-06 19:52:33 - [TEST_STEP][PASSED] - setText: Text 'johorotc1@gmail.com' is set on object 'Object Repository/Final Object Repo/Login Page/Internal User/Email Address'

2018-12-06 19:52:33 - [MESSAGE][PASSED] - Text 'johorotc1@gmail.com' is set on object 'Object Repository/Final Object Repo/Login Page/Internal User/Email Address'

2018-12-06 19:52:33 - [TEST_STEP][PASSED] - click: Object: 'Object Repository/Final Object Repo/Login Page/Internal User/Next Button' is clicked on

2018-12-06 19:52:33 - [MESSAGE][PASSED] - Object: 'Object Repository/Final Object Repo/Login Page/Internal User/Next Button' is clicked on

2018-12-06 19:52:33 - [TEST_STEP][PASSED] - delay: Delayed 1 second(s)

2018-12-06 19:52:34 - [MESSAGE][PASSED] - Delayed 1 second(s)

2018-12-06 19:52:34 - [TEST_STEP][PASSED] - setEncryptedText: Text ****** has been set on object 'Object Repository/Final Object Repo/Login Page/Internal User/Password'

2018-12-06 19:52:34 - [MESSAGE][PASSED] - Text ****** has been set on object 'Object Repository/Final Object Repo/Login Page/Internal User/Password'

2018-12-06 19:52:34 - [TEST_STEP][PASSED] - click: Object: 'Object Repository/Final Object Repo/Login Page/Internal User/Login Button' is clicked on

2018-12-06 19:52:35 - [MESSAGE][PASSED] - Object: 'Object Repository/Final Object Repo/Login Page/Internal User/Login Button' is clicked on

2018-12-06 19:52:35 - [TEST_STEP][PASSED] - delay: Delayed 1 second(s)

2018-12-06 19:52:36 - [MESSAGE][PASSED] - Delayed 1 second(s)

2018-12-06 19:52:36 - [TEST_STEP][PASSED] - Statement - Try: Delayed 2 second(s)

2018-12-06 19:52:36 - [TEST_STEP][PASSED] - Statement - Checker = false: null

2018-12-06 19:52:36 - [TEST_STEP][PASSED] - Statement - Checker = com.kms.katalon.core.webui.keyword.WebUiBuiltInKeywords.verifyElementHasAttribute(com.kms.katalon.core.testobject.ObjectRepository.findTestObject(Final Object Repo/Landing Page/BM Detecting), "href", 20, OPTIONAL): Object 'Object Repository/Final Object Repo/Landing Page/BM Detecting' has attribute 'href'

2018-12-06 19:52:36 - [MESSAGE][PASSED] - Object 'Object Repository/Final Object Repo/Landing Page/BM Detecting' has attribute 'href'

2018-12-06 19:52:36 - [TEST_STEP][PASSED] - Statement - out.println(Checker): null

2018-12-06 19:52:36 - [TEST_STEP][PASSED] - Statement - If (Checker == false): null

2018-12-06 19:52:36 - [TEST_STEP][PASSED] - Statement - Else: null

2018-12-06 19:52:36 - [TEST_STEP][PASSED] - delay: Delayed 2 second(s)

2018-12-06 19:52:38 - [MESSAGE][PASSED] - Delayed 2 second(s)

2018-12-06 19:52:38 - [TEST_STEP][PASSED] - navigateToUrl: Navigate to 'https://assist2-uat.perkeso.gov.my/web/registration/search/search-pending-case-for-add-supporting-document' successfully

2018-12-06 19:52:39 - [MESSAGE][PASSED] - Navigate to 'https://assist2-uat.perkeso.gov.my/web/registration/search/search-pending-case-for-add-supporting-document' successfully

2018-12-06 19:52:39 - [TEST_STEP][PASSED] - click: Object: 'Object Repository/Final Object Repo/Page_Search Pending Case For Add Suporting Document/Search By' is clicked on

2018-12-06 19:52:40 - [MESSAGE][PASSED] - Object: 'Object Repository/Final Object Repo/Page_Search Pending Case For Add Suporting Document/Search By' is clicked on

2018-12-06 19:52:40 - [TEST_STEP][PASSED] - click: Object: 'Object Repository/Final Object Repo/Page_Search Pending Case For Add Suporting Document/Search By - Reference ID' is clicked on

2018-12-06 19:52:40 - [MESSAGE][PASSED] - Object: 'Object Repository/Final Object Repo/Page_Search Pending Case For Add Suporting Document/Search By - Reference ID' is clicked on

2018-12-06 19:52:40 - [TEST_STEP][PASSED] - delay: Delayed 2 second(s)

2018-12-06 19:52:42 - [MESSAGE][PASSED] - Delayed 2 second(s)

2018-12-06 19:52:42 - [TEST_STEP][PASSED] - setText: Text 'CUN122018C200001694' is set on object 'Object Repository/Final Object Repo/Page_Search Pending Case For Add Suporting Document/Reference ID'

2018-12-06 19:52:42 - [MESSAGE][PASSED] - Text 'CUN122018C200001694' is set on object 'Object Repository/Final Object Repo/Page_Search Pending Case For Add Suporting Document/Reference ID'

2018-12-06 19:52:42 - [TEST_STEP][PASSED] - click: Object: 'Object Repository/Final Object Repo/Page_Search Pending Case For Add Suporting Document/Search' is clicked on

2018-12-06 19:52:42 - [MESSAGE][PASSED] - Object: 'Object Repository/Final Object Repo/Page_Search Pending Case For Add Suporting Document/Search' is clicked on

2018-12-06 19:52:42 - [TEST_STEP][PASSED] - delay: Delayed 2 second(s)

2018-12-06 19:52:44 - [MESSAGE][PASSED] - Delayed 2 second(s)

2018-12-06 19:52:44 - [TEST_STEP][PASSED] - click: Object: 'Object Repository/Final Object Repo/Page_Search Pending Case For Add Suporting Document/Edit' is clicked on

2018-12-06 19:52:47 - [MESSAGE][PASSED] - Object: 'Object Repository/Final Object Repo/Page_Search Pending Case For Add Suporting Document/Edit' is clicked on

2018-12-06 19:52:47 - [MESSAGE][PASSED] - Call Test Case 'Test Cases/Final Aug 2018 - PKS Automation/Registration Module/Workflow/Search Pending Case For Add Supporting Document (OTC)' successfully

2018-12-06 19:52:47 - [TEST_STEP][PASSED] - click: Object: 'Object Repository/Final Object Repo/Page_Form 1A - Cessation As Employer/Page_Form 1A - Cessation As Employer (Query -OTC -UO)/Next in Form 1A Page' is clicked on

2018-12-06 19:52:48 - [MESSAGE][PASSED] - Object: 'Object Repository/Final Object Repo/Page_Form 1A - Cessation As Employer/Page_Form 1A - Cessation As Employer (Query -OTC -UO)/Next in Form 1A Page' is clicked on

2018-12-06 19:52:48 - [TEST_STEP][PASSED] - delay: Delayed 2 second(s)

2018-12-06 19:52:50 - [MESSAGE][PASSED] - Delayed 2 second(s)

2018-12-06 19:52:50 - [TEST_STEP][PASSED] - click: Object: 'Object Repository/Final Object Repo/Page_Form 1A - Cessation As Employer/Page_Form 1A - Cessation As Employer (Query -OTC -UO)/Next in Resigned Date Page' is clicked on

2018-12-06 19:52:53 - [MESSAGE][PASSED] - Object: 'Object Repository/Final Object Repo/Page_Form 1A - Cessation As Employer/Page_Form 1A - Cessation As Employer (Query -OTC -UO)/Next in Resigned Date Page' is clicked on

2018-12-06 19:52:53 - [TEST_STEP][PASSED] - delay: Delayed 2 second(s)

2018-12-06 19:52:55 - [MESSAGE][PASSED] - Delayed 2 second(s)

2018-12-06 19:52:55 - [TEST_STEP][PASSED] - click: Object: 'Object Repository/Final Object Repo/Page_Form 1A - Cessation As Employer/Page_Form 1A - Cessation As Employer (Query -OTC -UO)/Add Document' is clicked on

2018-12-06 19:52:56 - [MESSAGE][PASSED] - Object: 'Object Repository/Final Object Repo/Page_Form 1A - Cessation As Employer/Page_Form 1A - Cessation As Employer (Query -OTC -UO)/Add Document' is clicked on

2018-12-06 19:52:56 - [TEST_STEP][PASSED] - delay: Delayed 2 second(s)

2018-12-06 19:52:58 - [MESSAGE][PASSED] - Delayed 2 second(s)

2018-12-06 19:52:58 - [TEST_STEP][PASSED] - click: Object: 'Object Repository/Final Object Repo/Page_Form 1A - Cessation As Employer/Page_Form 1A - Cessation As Employer (Query -OTC -UO)/Document Type' is clicked on

2018-12-06 19:52:58 - [MESSAGE][PASSED] - Object: 'Object Repository/Final Object Repo/Page_Form 1A - Cessation As Employer/Page_Form 1A - Cessation As Employer (Query -OTC -UO)/Document Type' is clicked on

2018-12-06 19:52:58 - [TEST_STEP][PASSED] - click: Object: 'Object Repository/Final Object Repo/Page_Form 1A - Cessation As Employer/Page_Form 1A - Cessation As Employer (Query -OTC -UO)/Document Type - Others' is clicked on

2018-12-06 19:52:58 - [MESSAGE][PASSED] - Object: 'Object Repository/Final Object Repo/Page_Form 1A - Cessation As Employer/Page_Form 1A - Cessation As Employer (Query -OTC -UO)/Document Type - Others' is clicked on

2018-12-06 19:52:58 - [TEST_STEP][PASSED] - delay: Delayed 2 second(s)

2018-12-06 19:53:00 - [MESSAGE][PASSED] - Delayed 2 second(s)

2018-12-06 19:53:00 - [TEST_STEP][PASSED] - sendKeys: Keys 'C:\Users\Public\Pictures\Sample Pictures\Koala.jpg' sent to object: 'Object Repository/Final Object Repo/Page_Form 1A - Cessation As Employer/Uploading File'

2018-12-06 19:53:01 - [MESSAGE][PASSED] - Keys 'C:\Users\Public\Pictures\Sample Pictures\Koala.jpg' sent to object: 'Object Repository/Final Object Repo/Page_Form 1A - Cessation As Employer/Uploading File'

2018-12-06 19:53:01 - [TEST_STEP][PASSED] - delay: Delayed 2 second(s)

2018-12-06 19:53:03 - [MESSAGE][PASSED] - Delayed 2 second(s)

2018-12-06 19:53:03 - [TEST_STEP][PASSED] - click: Object: 'Object Repository/Final Object Repo/Page_Form 1A - Cessation As Employer/Page_Form 1A - Cessation As Employer (Query -OTC -UO)/Add Document in Uploading Page' is clicked on

2018-12-06 19:53:03 - [MESSAGE][PASSED] - Object: 'Object Repository/Final Object Repo/Page_Form 1A - Cessation As Employer/Page_Form 1A - Cessation As Employer (Query -OTC -UO)/Add Document in Uploading Page' is clicked on

2018-12-06 19:53:03 - [TEST_STEP][PASSED] - delay: Delayed 4 second(s)

2018-12-06 19:53:07 - [MESSAGE][PASSED] - Delayed 4 second(s)

2018-12-06 19:53:07 - [TEST_STEP][PASSED] - click: Object: 'Object Repository/Final Object Repo/Page_Form 1A - Cessation As Employer/Page_Form 1A - Cessation As Employer (Query -OTC -UO)/Exit' is clicked on

2018-12-06 19:53:08 - [MESSAGE][PASSED] - Object: 'Object Repository/Final Object Repo/Page_Form 1A - Cessation As Employer/Page_Form 1A - Cessation As Employer (Query -OTC -UO)/Exit' is clicked on

2018-12-06 19:53:08 - [TEST_STEP][PASSED] - delay: Delayed 1 second(s)

2018-12-06 19:53:09 - [MESSAGE][PASSED] - Delayed 1 second(s)

2018-12-06 19:53:09 - [TEST_STEP][PASSED] - navigateToUrl: Navigate to 'https://assist2-uat.perkeso.gov.my/c/portal/logout' successfully

2018-12-06 19:53:09 - [MESSAGE][PASSED] - Navigate to 'https://assist2-uat.perkeso.gov.my/c/portal/logout' successfully

2018-12-06 19:53:09 - [TEST_STEP][PASSED] - delay: Delayed 1 second(s)

2018-12-06 19:53:10 - [MESSAGE][PASSED] - Delayed 1 second(s)

2018-12-06 19:53:10 - [TEST_STEP][PASSED] - callTestCase: Call Test Case 'Test Cases/Final Aug 2018 - PKS Automation/Registration Module/Workflow/Login and Search Case For Workflow' successfully

2018-12-06 19:53:10 - [TEST_CASE][PASSED] - Test Cases/Final Aug 2018 - PKS Automation/Registration Module/Workflow/Login and Search Case For Workflow: Test Cases/Final Aug 2018 - PKS Automation/Registration Module/Workflow/Login and Search Case For Workflow

2018-12-06 19:53:10 - [TEST_STEP][PASSED] - navigateToUrl: Navigate to 'https://assist2-uat.perkeso.gov.my/login' successfully

2018-12-06 19:53:11 - [MESSAGE][PASSED] - Navigate to 'https://assist2-uat.perkeso.gov.my/login' successfully

2018-12-06 19:53:11 - [TEST_STEP][PASSED] - setText: Text 'johoruo3@gmail.com' is set on object 'Object Repository/Final Object Repo/Login Page/Internal User/Email Address'

2018-12-06 19:53:11 - [MESSAGE][PASSED] - Text 'johoruo3@gmail.com' is set on object 'Object Repository/Final Object Repo/Login Page/Internal User/Email Address'

2018-12-06 19:53:11 - [TEST_STEP][PASSED] - click: Object: 'Object Repository/Final Object Repo/Login Page/Internal User/Next Button' is clicked on

2018-12-06 19:53:11 - [MESSAGE][PASSED] - Object: 'Object Repository/Final Object Repo/Login Page/Internal User/Next Button' is clicked on

2018-12-06 19:53:11 - [TEST_STEP][PASSED] - delay: Delayed 1 second(s)

2018-12-06 19:53:12 - [MESSAGE][PASSED] - Delayed 1 second(s)

2018-12-06 19:53:12 - [TEST_STEP][PASSED] - setEncryptedText: Text ****** has been set on object 'Object Repository/Final Object Repo/Login Page/Internal User/Password'

2018-12-06 19:53:13 - [MESSAGE][PASSED] - Text ****** has been set on object 'Object Repository/Final Object Repo/Login Page/Internal User/Password'

2018-12-06 19:53:13 - [TEST_STEP][PASSED] - click: Object: 'Object Repository/Final Object Repo/Login Page/Internal User/Login Button' is clicked on

2018-12-06 19:53:13 - [MESSAGE][PASSED] - Object: 'Object Repository/Final Object Repo/Login Page/Internal User/Login Button' is clicked on

2018-12-06 19:53:13 - [TEST_STEP][PASSED] - delay: Delayed 2 second(s)

2018-12-06 19:53:15 - [MESSAGE][PASSED] - Delayed 2 second(s)

2018-12-06 19:53:15 - [TEST_STEP][PASSED] - Statement - Try: Delayed 2 second(s)

2018-12-06 19:53:15 - [TEST_STEP][PASSED] - Statement - Checker = false: null

2018-12-06 19:53:15 - [TEST_STEP][PASSED] - Statement - Checker = com.kms.katalon.core.webui.keyword.WebUiBuiltInKeywords.verifyElementHasAttribute(com.kms.katalon.core.testobject.ObjectRepository.findTestObject(Final Object Repo/Landing Page/BM Detecting), "href", 20, OPTIONAL): Object 'Object Repository/Final Object Repo/Landing Page/BM Detecting' has attribute 'href'

2018-12-06 19:53:15 - [MESSAGE][PASSED] - Object 'Object Repository/Final Object Repo/Landing Page/BM Detecting' has attribute 'href'

2018-12-06 19:53:15 - [TEST_STEP][PASSED] - Statement - out.println(Checker): null

2018-12-06 19:53:15 - [TEST_STEP][PASSED] - Statement - If (Checker == false): null

2018-12-06 19:53:15 - [TEST_STEP][PASSED] - Statement - Else: null

2018-12-06 19:53:15 - [TEST_STEP][PASSED] - delay: Delayed 2 second(s)

2018-12-06 19:53:17 - [MESSAGE][PASSED] - Delayed 2 second(s)

2018-12-06 19:53:17 - [TEST_STEP][PASSED] - click: Object: 'Object Repository/Final Object Repo/Page_MyASSIST - ASSIST - Search Pending Case For Add Supporting Document/Search Information' is clicked on

2018-12-06 19:53:17 - [MESSAGE][PASSED] - Object: 'Object Repository/Final Object Repo/Page_MyASSIST - ASSIST - Search Pending Case For Add Supporting Document/Search Information' is clicked on

2018-12-06 19:53:17 - [TEST_STEP][PASSED] - delay: Delayed 3 second(s)

2018-12-06 19:53:20 - [MESSAGE][PASSED] - Delayed 3 second(s)

2018-12-06 19:53:20 - [TEST_STEP][PASSED] - sendKeys: Keys 'CUN122018C200001694' sent to object: 'Object Repository/Final Object Repo/Page_MyASSIST - ASSIST - Search Pending Case For Add Supporting Document/Reference No'

2018-12-06 19:53:20 - [MESSAGE][PASSED] - Keys 'CUN122018C200001694' sent to object: 'Object Repository/Final Object Repo/Page_MyASSIST - ASSIST - Search Pending Case For Add Supporting Document/Reference No'

2018-12-06 19:53:20 - [TEST_STEP][PASSED] - click: Object: 'Object Repository/Final Object Repo/Page_MyASSIST - ASSIST - Search Pending Case For Add Supporting Document/Search Reference No' is clicked on

2018-12-06 19:53:20 - [MESSAGE][PASSED] - Object: 'Object Repository/Final Object Repo/Page_MyASSIST - ASSIST - Search Pending Case For Add Supporting Document/Search Reference No' is clicked on

2018-12-06 19:53:20 - [TEST_STEP][PASSED] - delay: Delayed 2 second(s)

2018-12-06 19:53:22 - [MESSAGE][PASSED] - Delayed 2 second(s)

2018-12-06 19:53:22 - [TEST_STEP][PASSED] - click: Object: 'Object Repository/Final Object Repo/Page_MyASSIST - ASSIST - Search Pending Case For Add Supporting Document/Continue' is clicked on

2018-12-06 19:53:26 - [MESSAGE][PASSED] - Object: 'Object Repository/Final Object Repo/Page_MyASSIST - ASSIST - Search Pending Case For Add Supporting Document/Continue' is clicked on

2018-12-06 19:53:26 - [TEST_STEP][PASSED] - delay: Delayed 20 second(s)

2018-12-06 19:53:46 - [MESSAGE][PASSED] - Delayed 20 second(s)

2018-12-06 19:53:46 - [MESSAGE][PASSED] - Call Test Case 'Test Cases/Final Aug 2018 - PKS Automation/Registration Module/Workflow/Login and Search Case For Workflow' successfully

2018-12-06 19:53:46 - [TEST_STEP][PASSED] - click: Object: 'Object Repository/Final Object Repo/Page_Form 1A - Cessation As Employer/Page_Form 1A - Cessation As Employer (Approve)/Save  Continue in Form 1A Page' is clicked on

2018-12-06 19:53:46 - [MESSAGE][PASSED] - Object: 'Object Repository/Final Object Repo/Page_Form 1A - Cessation As Employer/Page_Form 1A - Cessation As Employer (Approve)/Save  Continue in Form 1A Page' is clicked on

2018-12-06 19:53:46 - [TEST_STEP][PASSED] - delay: Delayed 3 second(s)

2018-12-06 19:53:49 - [MESSAGE][PASSED] - Delayed 3 second(s)

2018-12-06 19:53:49 - [TEST_STEP][PASSED] - click: Object: 'Object Repository/Final Object Repo/Page_Form 1A - Cessation As Employer/Page_Form 1A - Cessation As Employer (Approve)/Save  Continue in Update Add Employee Resigned Date Page' is clicked on

2018-12-06 19:53:49 - [MESSAGE][PASSED] - Object: 'Object Repository/Final Object Repo/Page_Form 1A - Cessation As Employer/Page_Form 1A - Cessation As Employer (Approve)/Save  Continue in Update Add Employee Resigned Date Page' is clicked on

2018-12-06 19:53:49 - [TEST_STEP][PASSED] - delay: Delayed 3 second(s)

2018-12-06 19:53:52 - [MESSAGE][PASSED] - Delayed 3 second(s)

2018-12-06 19:53:52 - [TEST_STEP][PASSED] - click: Object: 'Object Repository/Final Object Repo/Page_Form 1A - Cessation As Employer/Page_Form 1A - Cessation As Employer (Approve)/Save  Contine in Uploading Document Page' is clicked on

2018-12-06 19:53:52 - [MESSAGE][PASSED] - Object: 'Object Repository/Final Object Repo/Page_Form 1A - Cessation As Employer/Page_Form 1A - Cessation As Employer (Approve)/Save  Contine in Uploading Document Page' is clicked on

2018-12-06 19:53:52 - [TEST_STEP][PASSED] - delay: Delayed 3 second(s)

2018-12-06 19:53:55 - [MESSAGE][PASSED] - Delayed 3 second(s)

2018-12-06 19:53:55 - [TEST_STEP][PASSED] - click: Object: 'Object Repository/Final Object Repo/Page_Form 1A - Cessation As Employer/Page_Form 1A - Cessation As Employer (Approve)/Approve' is clicked on

2018-12-06 19:53:57 - [MESSAGE][PASSED] - Object: 'Object Repository/Final Object Repo/Page_Form 1A - Cessation As Employer/Page_Form 1A - Cessation As Employer (Approve)/Approve' is clicked on

2018-12-06 19:53:57 - [TEST_STEP][PASSED] - delay: Delayed 2 second(s)

2018-12-06 19:53:59 - [MESSAGE][PASSED] - Delayed 2 second(s)

2018-12-06 19:53:59 - [TEST_STEP][PASSED] - click: Object: 'Object Repository/Final Object Repo/Page_Form 1A - Cessation As Employer/Confirm' is clicked on

2018-12-06 19:53:59 - [MESSAGE][PASSED] - Object: 'Object Repository/Final Object Repo/Page_Form 1A - Cessation As Employer/Confirm' is clicked on

2018-12-06 19:53:59 - [TEST_STEP][PASSED] - delay: Delayed 2 second(s)

2018-12-06 19:54:01 - [MESSAGE][PASSED] - Delayed 2 second(s)

2018-12-06 19:54:01 - [TEST_STEP][PASSED] - click: Object: 'Object Repository/Final Object Repo/Page_Form 1A - Cessation As Employer/Page_Form 1A - Cessation As Employer (Approve)/Message Your Request    Form 1A ' is clicked on

2018-12-06 19:54:09 - [MESSAGE][PASSED] - Object: 'Object Repository/Final Object Repo/Page_Form 1A - Cessation As Employer/Page_Form 1A - Cessation As Employer (Approve)/Message Your Request    Form 1A ' is clicked on

2018-12-06 19:54:09 - [TEST_STEP][PASSED] - delay: Delayed 2 second(s)

2018-12-06 19:54:11 - [MESSAGE][PASSED] - Delayed 2 second(s)

2018-12-06 19:54:11 - [TEST_STEP][PASSED] - click: Object: 'Object Repository/Final Object Repo/Page_Form 1A - Cessation As Employer/Page_Form 1A - Cessation As Employer (Approve)/Letter of successful update' is clicked on

2018-12-06 19:54:12 - [MESSAGE][PASSED] - Object: 'Object Repository/Final Object Repo/Page_Form 1A - Cessation As Employer/Page_Form 1A - Cessation As Employer (Approve)/Letter of successful update' is clicked on

2018-12-06 19:54:12 - [MESSAGE][PASSED] - Call Test Case 'Test Cases/Final Aug 2018 - PKS Automation/Registration Module/Workflow/Form 1A - Cessation As Employer/Template/Form 1 A - Cessation As Employer (Query)' successfully]]></system-out>
         <system-err><![CDATA[]]></system-err>
      </testcase>
      <testcase name="Test Cases/Final Aug 2018 - PKS Automation/Registration Module/Workflow/Form 1A - Cessation As Employer/Employer to UO (Reject)" classname="Test Cases/Final Aug 2018 - PKS Automation/Registration Module/Workflow/Form 1A - Cessation As Employer/Employer to UO (Reject)" status="PASSED">
         <system-out><![CDATA[2018-12-06 19:54:12 - [TEST_CASE][PASSED] - Test Cases/Final Aug 2018 - PKS Automation/Registration Module/Workflow/Form 1A - Cessation As Employer/Employer to UO (Reject): Test Cases/Final Aug 2018 - PKS Automation/Registration Module/Workflow/Form 1A - Cessation As Employer/Employer to UO (Reject)

2018-12-06 19:54:13 - [TEST_STEP][PASSED] - callTestCase: Call Test Case 'Test Cases/Final Aug 2018 - PKS Automation/Registration Module/Workflow/Form 1A - Cessation As Employer/Template/Form 1 A - Cessation As Employer (Employer)' successfully

2018-12-06 19:54:13 - [TEST_CASE][PASSED] - Test Cases/Final Aug 2018 - PKS Automation/Registration Module/Workflow/Form 1A - Cessation As Employer/Template/Form 1 A - Cessation As Employer (Employer): Test Cases/Final Aug 2018 - PKS Automation/Registration Module/Workflow/Form 1A - Cessation As Employer/Template/Form 1 A - Cessation As Employer (Employer)

2018-12-06 19:54:13 - [TEST_STEP][PASSED] - callTestCase: Call Test Case 'Test Cases/Final Aug 2018 - PKS Automation/Registration Module/Workflow/Update Add New Employee/Template/New Company for Update Add New - Employer' successfully

2018-12-06 19:54:13 - [TEST_CASE][PASSED] - Test Cases/Final Aug 2018 - PKS Automation/Registration Module/Workflow/Update Add New Employee/Template/New Company for Update Add New - Employer: Test Cases/Final Aug 2018 - PKS Automation/Registration Module/Workflow/Update Add New Employee/Template/New Company for Update Add New - Employer

2018-12-06 19:54:13 - [TEST_STEP][PASSED] - callTestCase: Call Test Case 'Test Cases/Final Aug 2018 - PKS Automation/Create Employer Acc/Create Employer Account' successfully

2018-12-06 19:54:13 - [TEST_CASE][PASSED] - Test Cases/Final Aug 2018 - PKS Automation/Create Employer Acc/Create Employer Account: Test Cases/Final Aug 2018 - PKS Automation/Create Employer Acc/Create Employer Account

2018-12-06 19:54:13 - [TEST_STEP][PASSED] - callTestCase: Call Test Case 'Test Cases/Final Aug 2018 - PKS Automation/Create Employer Acc/Template/Register Employer' successfully

2018-12-06 19:54:13 - [TEST_CASE][PASSED] - Test Cases/Final Aug 2018 - PKS Automation/Create Employer Acc/Template/Register Employer: Test Cases/Final Aug 2018 - PKS Automation/Create Employer Acc/Template/Register Employer

2018-12-06 19:54:14 - [TEST_STEP][PASSED] - openBrowser: Browser is opened with url: ''

2018-12-06 19:54:14 - [MESSAGE][WARNING] - A browser is already opened. Closing browser and opening a new one

2018-12-06 19:54:16 - [MESSAGE][PASSED] - Browser is opened with url: ''

2018-12-06 19:54:16 - [TEST_STEP][PASSED] - navigateToUrl: Navigate to 'https://assist2-uat.perkeso.gov.my/login' successfully

2018-12-06 19:54:17 - [MESSAGE][PASSED] - Navigate to 'https://assist2-uat.perkeso.gov.my/login' successfully

2018-12-06 19:54:17 - [TEST_STEP][PASSED] - setText: Text 'johorotc1@gmail.com' is set on object 'Object Repository/Final Object Repo/Login Page/Internal User/Email Address'

2018-12-06 19:54:18 - [MESSAGE][PASSED] - Text 'johorotc1@gmail.com' is set on object 'Object Repository/Final Object Repo/Login Page/Internal User/Email Address'

2018-12-06 19:54:18 - [TEST_STEP][PASSED] - click: Object: 'Object Repository/Final Object Repo/Login Page/Internal User/Next Button' is clicked on

2018-12-06 19:54:18 - [MESSAGE][PASSED] - Object: 'Object Repository/Final Object Repo/Login Page/Internal User/Next Button' is clicked on

2018-12-06 19:54:18 - [TEST_STEP][PASSED] - delay: Delayed 1 second(s)

2018-12-06 19:54:19 - [MESSAGE][PASSED] - Delayed 1 second(s)

2018-12-06 19:54:19 - [TEST_STEP][PASSED] - setEncryptedText: Text ****** has been set on object 'Object Repository/Final Object Repo/Login Page/Internal User/Password'

2018-12-06 19:54:19 - [MESSAGE][PASSED] - Text ****** has been set on object 'Object Repository/Final Object Repo/Login Page/Internal User/Password'

2018-12-06 19:54:19 - [TEST_STEP][PASSED] - click: Object: 'Object Repository/Final Object Repo/Login Page/Internal User/Login Button' is clicked on

2018-12-06 19:54:19 - [MESSAGE][PASSED] - Object: 'Object Repository/Final Object Repo/Login Page/Internal User/Login Button' is clicked on

2018-12-06 19:54:19 - [TEST_STEP][PASSED] - delay: Delayed 1 second(s)

2018-12-06 19:54:20 - [MESSAGE][PASSED] - Delayed 1 second(s)

2018-12-06 19:54:20 - [TEST_STEP][PASSED] - navigateToUrl: Navigate to 'https://assist2-uat.perkeso.gov.my/web/base/portal-id/registration' successfully

2018-12-06 19:54:22 - [MESSAGE][PASSED] - Navigate to 'https://assist2-uat.perkeso.gov.my/web/base/portal-id/registration' successfully

2018-12-06 19:54:22 - [TEST_STEP][PASSED] - setText: Text 'AUTOMATION EMPLOYER' is set on object 'Object Repository/Final Object Repo/Creating Employer Account/Page_Registration - ASSIST (Base)/Employer Name'

2018-12-06 19:54:23 - [MESSAGE][PASSED] - Text 'AUTOMATION EMPLOYER' is set on object 'Object Repository/Final Object Repo/Creating Employer Account/Page_Registration - ASSIST (Base)/Employer Name'

2018-12-06 19:54:23 - [TEST_STEP][PASSED] - delay: Delayed 2 second(s)

2018-12-06 19:54:25 - [MESSAGE][PASSED] - Delayed 2 second(s)

2018-12-06 19:54:25 - [TEST_STEP][PASSED] - click: Object: 'Object Repository/Final Object Repo/Creating Employer Account/Page_Registration - ASSIST (Base)/Registration Type' is clicked on

2018-12-06 19:54:25 - [MESSAGE][PASSED] - Object: 'Object Repository/Final Object Repo/Creating Employer Account/Page_Registration - ASSIST (Base)/Registration Type' is clicked on

2018-12-06 19:54:25 - [TEST_STEP][PASSED] - delay: Delayed 2 second(s)

2018-12-06 19:54:27 - [MESSAGE][PASSED] - Delayed 2 second(s)

2018-12-06 19:54:27 - [TEST_STEP][PASSED] - click: Object: 'Object Repository/Final Object Repo/Creating Employer Account/Page_Registration - ASSIST (Base)/Registration Type - Registration No' is clicked on

2018-12-06 19:54:27 - [MESSAGE][PASSED] - Object: 'Object Repository/Final Object Repo/Creating Employer Account/Page_Registration - ASSIST (Base)/Registration Type - Registration No' is clicked on

2018-12-06 19:54:27 - [TEST_STEP][PASSED] - delay: Delayed 2 second(s)

2018-12-06 19:54:29 - [MESSAGE][PASSED] - Delayed 2 second(s)

2018-12-06 19:54:29 - [TEST_STEP][PASSED] - setText: Text '1234567890' is set on object 'Object Repository/Final Object Repo/Creating Employer Account/Page_Registration - ASSIST (Base)/Registration Number'

2018-12-06 19:54:29 - [MESSAGE][PASSED] - Text '1234567890' is set on object 'Object Repository/Final Object Repo/Creating Employer Account/Page_Registration - ASSIST (Base)/Registration Number'

2018-12-06 19:54:29 - [TEST_STEP][PASSED] - delay: Delayed 2 second(s)

2018-12-06 19:54:31 - [MESSAGE][PASSED] - Delayed 2 second(s)

2018-12-06 19:54:31 - [TEST_STEP][PASSED] - setText: Text 'ADDRESS 1' is set on object 'Object Repository/Final Object Repo/Creating Employer Account/Page_Registration - ASSIST (Base)/Postal Address 1'

2018-12-06 19:54:32 - [MESSAGE][PASSED] - Text 'ADDRESS 1' is set on object 'Object Repository/Final Object Repo/Creating Employer Account/Page_Registration - ASSIST (Base)/Postal Address 1'

2018-12-06 19:54:32 - [TEST_STEP][PASSED] - setText: Text 'ADDRESS 2' is set on object 'Object Repository/Final Object Repo/Creating Employer Account/Page_Registration - ASSIST (Base)/Postal Address 2'

2018-12-06 19:54:32 - [MESSAGE][PASSED] - Text 'ADDRESS 2' is set on object 'Object Repository/Final Object Repo/Creating Employer Account/Page_Registration - ASSIST (Base)/Postal Address 2'

2018-12-06 19:54:32 - [TEST_STEP][PASSED] - click: Object: 'Object Repository/Final Object Repo/Creating Employer Account/Page_Registration - ASSIST (Base)/State' is clicked on

2018-12-06 19:54:32 - [MESSAGE][PASSED] - Object: 'Object Repository/Final Object Repo/Creating Employer Account/Page_Registration - ASSIST (Base)/State' is clicked on

2018-12-06 19:54:32 - [TEST_STEP][PASSED] - delay: Delayed 2 second(s)

2018-12-06 19:54:34 - [MESSAGE][PASSED] - Delayed 2 second(s)

2018-12-06 19:54:34 - [TEST_STEP][PASSED] - click: Object: 'Object Repository/Final Object Repo/Creating Employer Account/Page_Registration - ASSIST (Base)/State - Johor' is clicked on

2018-12-06 19:54:34 - [MESSAGE][PASSED] - Object: 'Object Repository/Final Object Repo/Creating Employer Account/Page_Registration - ASSIST (Base)/State - Johor' is clicked on

2018-12-06 19:54:34 - [TEST_STEP][PASSED] - delay: Delayed 2 second(s)

2018-12-06 19:54:36 - [MESSAGE][PASSED] - Delayed 2 second(s)

2018-12-06 19:54:36 - [TEST_STEP][PASSED] - click: Object: 'Object Repository/Final Object Repo/Creating Employer Account/Page_Registration - ASSIST (Base)/City' is clicked on

2018-12-06 19:54:37 - [MESSAGE][PASSED] - Object: 'Object Repository/Final Object Repo/Creating Employer Account/Page_Registration - ASSIST (Base)/City' is clicked on

2018-12-06 19:54:37 - [TEST_STEP][PASSED] - delay: Delayed 2 second(s)

2018-12-06 19:54:39 - [MESSAGE][PASSED] - Delayed 2 second(s)

2018-12-06 19:54:39 - [TEST_STEP][PASSED] - setText: Text 'joh' is set on object 'Object Repository/Final Object Repo/Creating Employer Account/Page_Registration - ASSIST (Base)/City - joh'

2018-12-06 19:54:39 - [MESSAGE][PASSED] - Text 'joh' is set on object 'Object Repository/Final Object Repo/Creating Employer Account/Page_Registration - ASSIST (Base)/City - joh'

2018-12-06 19:54:39 - [TEST_STEP][PASSED] - delay: Delayed 2 second(s)

2018-12-06 19:54:41 - [MESSAGE][PASSED] - Delayed 2 second(s)

2018-12-06 19:54:41 - [TEST_STEP][PASSED] - click: Object: 'Object Repository/Final Object Repo/Creating Employer Account/Page_Registration - ASSIST (Base)/City - Johor Bharu' is clicked on

2018-12-06 19:54:41 - [MESSAGE][PASSED] - Object: 'Object Repository/Final Object Repo/Creating Employer Account/Page_Registration - ASSIST (Base)/City - Johor Bharu' is clicked on

2018-12-06 19:54:41 - [TEST_STEP][PASSED] - delay: Delayed 2 second(s)

2018-12-06 19:54:43 - [MESSAGE][PASSED] - Delayed 2 second(s)

2018-12-06 19:54:43 - [TEST_STEP][PASSED] - click: Object: 'Object Repository/Final Object Repo/Creating Employer Account/Page_Registration - ASSIST (Base)/Post Code' is clicked on

2018-12-06 19:54:43 - [MESSAGE][PASSED] - Object: 'Object Repository/Final Object Repo/Creating Employer Account/Page_Registration - ASSIST (Base)/Post Code' is clicked on

2018-12-06 19:54:43 - [TEST_STEP][PASSED] - delay: Delayed 2 second(s)

2018-12-06 19:54:45 - [MESSAGE][PASSED] - Delayed 2 second(s)

2018-12-06 19:54:45 - [TEST_STEP][PASSED] - setText: Text '810' is set on object 'Object Repository/Final Object Repo/Creating Employer Account/Page_Registration - ASSIST (Base)/Post Code - 810'

2018-12-06 19:54:45 - [MESSAGE][PASSED] - Text '810' is set on object 'Object Repository/Final Object Repo/Creating Employer Account/Page_Registration - ASSIST (Base)/Post Code - 810'

2018-12-06 19:54:45 - [TEST_STEP][PASSED] - delay: Delayed 2 second(s)

2018-12-06 19:54:47 - [MESSAGE][PASSED] - Delayed 2 second(s)

2018-12-06 19:54:47 - [TEST_STEP][PASSED] - click: Object: 'Object Repository/Final Object Repo/Creating Employer Account/Page_Registration - ASSIST (Base)/Post Code - 81000' is clicked on

2018-12-06 19:54:48 - [MESSAGE][PASSED] - Object: 'Object Repository/Final Object Repo/Creating Employer Account/Page_Registration - ASSIST (Base)/Post Code - 81000' is clicked on

2018-12-06 19:54:48 - [TEST_STEP][PASSED] - delay: Delayed 2 second(s)

2018-12-06 19:54:50 - [MESSAGE][PASSED] - Delayed 2 second(s)

2018-12-06 19:54:50 - [TEST_STEP][PASSED] - setText: Text 'PERKESO' is set on object 'Object Repository/Final Object Repo/Creating Employer Account/Page_Registration - ASSIST (Base)/Full Name'

2018-12-06 19:54:50 - [MESSAGE][PASSED] - Text 'PERKESO' is set on object 'Object Repository/Final Object Repo/Creating Employer Account/Page_Registration - ASSIST (Base)/Full Name'

2018-12-06 19:54:50 - [TEST_STEP][PASSED] - Statement - rnd = new java.util.Random(): null

2018-12-06 19:54:50 - [TEST_STEP][PASSED] - Statement - snum = rnd.nextInt(899999 + 1) + 100000: null

2018-12-06 19:54:50 - [TEST_STEP][PASSED] - Statement - tnum = rnd.nextInt(899999 + 1) + 100000: null

2018-12-06 19:54:50 - [TEST_STEP][PASSED] - Statement - IC = java.lang.Integer.toString(snum) + java.lang.Integer.toString(tnum): null

2018-12-06 19:54:50 - [TEST_STEP][PASSED] - Statement - out.println(IC): null

2018-12-06 19:54:50 - [TEST_STEP][PASSED] - setText: Text '871643134549' is set on object 'Object Repository/Final Object Repo/Creating Employer Account/Page_Registration - ASSIST (Base)/Identification Number'

2018-12-06 19:54:50 - [MESSAGE][PASSED] - Text '871643134549' is set on object 'Object Repository/Final Object Repo/Creating Employer Account/Page_Registration - ASSIST (Base)/Identification Number'

2018-12-06 19:54:50 - [TEST_STEP][PASSED] - delay: Delayed 2 second(s)

2018-12-06 19:54:52 - [MESSAGE][PASSED] - Delayed 2 second(s)

2018-12-06 19:54:52 - [TEST_STEP][PASSED] - setText: Text '123456789012' is set on object 'Object Repository/Final Object Repo/Creating Employer Account/Page_Registration - ASSIST (Base)/Contact Number'

2018-12-06 19:54:52 - [MESSAGE][PASSED] - Text '123456789012' is set on object 'Object Repository/Final Object Repo/Creating Employer Account/Page_Registration - ASSIST (Base)/Contact Number'

2018-12-06 19:54:52 - [TEST_STEP][PASSED] - Statement - Email = "perkeso" + IC + "@gmail.com": null

2018-12-06 19:54:52 - [TEST_STEP][PASSED] - delay: Delayed 2 second(s)

2018-12-06 19:54:54 - [MESSAGE][PASSED] - Delayed 2 second(s)

2018-12-06 19:54:54 - [TEST_STEP][PASSED] - callTestCase: Call Test Case 'Test Cases/Final Aug 2018 - PKS Automation/Create Employer Acc/Template/Employer Email Settler' successfully

2018-12-06 19:54:55 - [TEST_CASE][PASSED] - Test Cases/Final Aug 2018 - PKS Automation/Create Employer Acc/Template/Employer Email Settler: Test Cases/Final Aug 2018 - PKS Automation/Create Employer Acc/Template/Employer Email Settler

2018-12-06 19:54:55 - [TEST_STEP][PASSED] - Statement - EmpEmailOld = new java.io.File(C://Users//Admin//Desktop//PKS//Automation Reference Point//EmpEmail.txt): null

2018-12-06 19:54:55 - [TEST_STEP][PASSED] - Statement - EmpEmailOld.delete(): null

2018-12-06 19:54:55 - [TEST_STEP][PASSED] - delay: Delayed 5 second(s)

2018-12-06 19:55:00 - [MESSAGE][PASSED] - Delayed 5 second(s)

2018-12-06 19:55:00 - [TEST_STEP][PASSED] - Statement - EmpEmail = new java.io.File(C://Users//Admin//Desktop//PKS//Automation Reference Point//EmpEmail.txt): null

2018-12-06 19:55:00 - [TEST_STEP][PASSED] - Statement - f2 = new java.io.FileWriter(EmpEmail, false): null

2018-12-06 19:55:00 - [TEST_STEP][PASSED] - Statement - f2.write(Email): null

2018-12-06 19:55:00 - [TEST_STEP][PASSED] - Statement - f2.close(): null

2018-12-06 19:55:00 - [TEST_STEP][PASSED] - Statement - out.println(Email): null

2018-12-06 19:55:00 - [MESSAGE][PASSED] - Call Test Case 'Test Cases/Final Aug 2018 - PKS Automation/Create Employer Acc/Template/Employer Email Settler' successfully

2018-12-06 19:55:00 - [TEST_STEP][PASSED] - delay: Delayed 2 second(s)

2018-12-06 19:55:02 - [MESSAGE][PASSED] - Delayed 2 second(s)

2018-12-06 19:55:02 - [TEST_STEP][PASSED] - setText: Text 'perkeso871643134549@gmail.com' is set on object 'Object Repository/Final Object Repo/Creating Employer Account/Page_Registration - ASSIST (Base)/Email'

2018-12-06 19:55:02 - [MESSAGE][PASSED] - Text 'perkeso871643134549@gmail.com' is set on object 'Object Repository/Final Object Repo/Creating Employer Account/Page_Registration - ASSIST (Base)/Email'

2018-12-06 19:55:02 - [TEST_STEP][PASSED] - setText: Text '123' is set on object 'Object Repository/Final Object Repo/Creating Employer Account/Page_Registration - ASSIST (Base)/Security Phase'

2018-12-06 19:55:02 - [MESSAGE][PASSED] - Text '123' is set on object 'Object Repository/Final Object Repo/Creating Employer Account/Page_Registration - ASSIST (Base)/Security Phase'

2018-12-06 19:55:02 - [TEST_STEP][PASSED] - click: Object: 'Object Repository/Final Object Repo/Creating Employer Account/Page_Registration - ASSIST (Base)/Save  Continue' is clicked on

2018-12-06 19:55:02 - [MESSAGE][PASSED] - Object: 'Object Repository/Final Object Repo/Creating Employer Account/Page_Registration - ASSIST (Base)/Save  Continue' is clicked on

2018-12-06 19:55:02 - [TEST_STEP][PASSED] - delay: Delayed 2 second(s)

2018-12-06 19:55:04 - [MESSAGE][PASSED] - Delayed 2 second(s)

2018-12-06 19:55:04 - [TEST_STEP][PASSED] - click: Object: 'Object Repository/Final Object Repo/Creating Employer Account/Page_Registration - ASSIST (Base)/Add Document' is clicked on

2018-12-06 19:55:05 - [MESSAGE][PASSED] - Object: 'Object Repository/Final Object Repo/Creating Employer Account/Page_Registration - ASSIST (Base)/Add Document' is clicked on

2018-12-06 19:55:05 - [TEST_STEP][PASSED] - delay: Delayed 2 second(s)

2018-12-06 19:55:07 - [MESSAGE][PASSED] - Delayed 2 second(s)

2018-12-06 19:55:07 - [TEST_STEP][PASSED] - click: Object: 'Object Repository/Final Object Repo/Creating Employer Account/Page_Registration - ASSIST (Base)/Document Type' is clicked on

2018-12-06 19:55:07 - [MESSAGE][PASSED] - Object: 'Object Repository/Final Object Repo/Creating Employer Account/Page_Registration - ASSIST (Base)/Document Type' is clicked on

2018-12-06 19:55:07 - [TEST_STEP][PASSED] - delay: Delayed 2 second(s)

2018-12-06 19:55:09 - [MESSAGE][PASSED] - Delayed 2 second(s)

2018-12-06 19:55:09 - [TEST_STEP][PASSED] - click: Object: 'Object Repository/Final Object Repo/Creating Employer Account/Page_Registration - ASSIST (Base)/Document Type - Letter of Authorization' is clicked on

2018-12-06 19:55:09 - [MESSAGE][PASSED] - Object: 'Object Repository/Final Object Repo/Creating Employer Account/Page_Registration - ASSIST (Base)/Document Type - Letter of Authorization' is clicked on

2018-12-06 19:55:09 - [TEST_STEP][PASSED] - delay: Delayed 2 second(s)

2018-12-06 19:55:11 - [MESSAGE][PASSED] - Delayed 2 second(s)

2018-12-06 19:55:11 - [TEST_STEP][PASSED] - sendKeys: Keys 'C:\Users\Public\Pictures\Sample Pictures\Koala.jpg' sent to object: 'Object Repository/Final Object Repo/Creating Employer Account/Page_Registration - ASSIST (Base)/Uploading File'

2018-12-06 19:55:11 - [MESSAGE][PASSED] - Keys 'C:\Users\Public\Pictures\Sample Pictures\Koala.jpg' sent to object: 'Object Repository/Final Object Repo/Creating Employer Account/Page_Registration - ASSIST (Base)/Uploading File'

2018-12-06 19:55:11 - [TEST_STEP][PASSED] - delay: Delayed 2 second(s)

2018-12-06 19:55:13 - [MESSAGE][PASSED] - Delayed 2 second(s)

2018-12-06 19:55:13 - [TEST_STEP][PASSED] - click: Object: 'Object Repository/Final Object Repo/Creating Employer Account/Page_Registration - ASSIST (Base)/Add Document in Uploading File' is clicked on

2018-12-06 19:55:13 - [MESSAGE][PASSED] - Object: 'Object Repository/Final Object Repo/Creating Employer Account/Page_Registration - ASSIST (Base)/Add Document in Uploading File' is clicked on

2018-12-06 19:55:13 - [TEST_STEP][PASSED] - delay: Delayed 2 second(s)

2018-12-06 19:55:15 - [MESSAGE][PASSED] - Delayed 2 second(s)

2018-12-06 19:55:15 - [TEST_STEP][PASSED] - click: Object: 'Object Repository/Final Object Repo/Creating Employer Account/Page_Registration - ASSIST (Base)/Save' is clicked on

2018-12-06 19:55:15 - [MESSAGE][PASSED] - Object: 'Object Repository/Final Object Repo/Creating Employer Account/Page_Registration - ASSIST (Base)/Save' is clicked on

2018-12-06 19:55:15 - [TEST_STEP][PASSED] - delay: Delayed 2 second(s)

2018-12-06 19:55:17 - [MESSAGE][PASSED] - Delayed 2 second(s)

2018-12-06 19:55:17 - [TEST_STEP][PASSED] - click: Object: 'Object Repository/Final Object Repo/Creating Employer Account/Page_Registration - ASSIST (Base)/Submit' is clicked on

2018-12-06 19:55:18 - [MESSAGE][PASSED] - Object: 'Object Repository/Final Object Repo/Creating Employer Account/Page_Registration - ASSIST (Base)/Submit' is clicked on

2018-12-06 19:55:18 - [TEST_STEP][PASSED] - delay: Delayed 2 second(s)

2018-12-06 19:55:20 - [MESSAGE][PASSED] - Delayed 2 second(s)

2018-12-06 19:55:20 - [TEST_STEP][PASSED] - click: Object: 'Object Repository/Final Object Repo/Creating Employer Account/Page_Registration - ASSIST (Base)/Confirm' is clicked on

2018-12-06 19:55:20 - [MESSAGE][PASSED] - Object: 'Object Repository/Final Object Repo/Creating Employer Account/Page_Registration - ASSIST (Base)/Confirm' is clicked on

2018-12-06 19:55:20 - [MESSAGE][PASSED] - Call Test Case 'Test Cases/Final Aug 2018 - PKS Automation/Create Employer Acc/Template/Register Employer' successfully

2018-12-06 19:55:20 - [TEST_STEP][PASSED] - delay: Delayed 1 second(s)

2018-12-06 19:55:21 - [MESSAGE][PASSED] - Delayed 1 second(s)

2018-12-06 19:55:21 - [TEST_STEP][PASSED] - navigateToUrl: Navigate to 'https://assist2-uat.perkeso.gov.my/c/portal/logout' successfully

2018-12-06 19:55:23 - [MESSAGE][PASSED] - Navigate to 'https://assist2-uat.perkeso.gov.my/c/portal/logout' successfully

2018-12-06 19:55:23 - [TEST_STEP][PASSED] - delay: Delayed 1 second(s)

2018-12-06 19:55:24 - [MESSAGE][PASSED] - Delayed 1 second(s)

2018-12-06 19:55:24 - [TEST_STEP][PASSED] - callTestCase: Call Test Case 'Test Cases/Final Aug 2018 - PKS Automation/Create Employer Acc/Template/Change Password of Employer' successfully

2018-12-06 19:55:24 - [TEST_CASE][PASSED] - Test Cases/Final Aug 2018 - PKS Automation/Create Employer Acc/Template/Change Password of Employer: Test Cases/Final Aug 2018 - PKS Automation/Create Employer Acc/Template/Change Password of Employer

2018-12-06 19:55:24 - [TEST_STEP][PASSED] - openBrowser: Browser is opened with url: ''

2018-12-06 19:55:24 - [MESSAGE][WARNING] - A browser is already opened. Closing browser and opening a new one

2018-12-06 19:55:26 - [MESSAGE][PASSED] - Browser is opened with url: ''

2018-12-06 19:55:26 - [TEST_STEP][PASSED] - navigateToUrl: Navigate to 'https://assist2-uat.perkeso.gov.my/login' successfully

2018-12-06 19:55:27 - [MESSAGE][PASSED] - Navigate to 'https://assist2-uat.perkeso.gov.my/login' successfully

2018-12-06 19:55:27 - [TEST_STEP][PASSED] - delay: Delayed 5 second(s)

2018-12-06 19:55:32 - [MESSAGE][PASSED] - Delayed 5 second(s)

2018-12-06 19:55:32 - [TEST_STEP][PASSED] - setText: Text 'test@liferay.com' is set on object 'Object Repository/Final Object Repo/Login Page/Internal User/Email Address'

2018-12-06 19:55:33 - [MESSAGE][PASSED] - Text 'test@liferay.com' is set on object 'Object Repository/Final Object Repo/Login Page/Internal User/Email Address'

2018-12-06 19:55:33 - [TEST_STEP][PASSED] - click: Object: 'Object Repository/Final Object Repo/Login Page/Internal User/Next Button' is clicked on

2018-12-06 19:55:33 - [MESSAGE][PASSED] - Object: 'Object Repository/Final Object Repo/Login Page/Internal User/Next Button' is clicked on

2018-12-06 19:55:33 - [TEST_STEP][PASSED] - delay: Delayed 2 second(s)

2018-12-06 19:55:35 - [MESSAGE][PASSED] - Delayed 2 second(s)

2018-12-06 19:55:35 - [TEST_STEP][PASSED] - setText: Text 'test' is set on object 'Object Repository/Final Object Repo/Login Page/Internal User/Password'

2018-12-06 19:55:35 - [MESSAGE][PASSED] - Text 'test' is set on object 'Object Repository/Final Object Repo/Login Page/Internal User/Password'

2018-12-06 19:55:35 - [TEST_STEP][PASSED] - delay: Delayed 2 second(s)

2018-12-06 19:55:37 - [MESSAGE][PASSED] - Delayed 2 second(s)

2018-12-06 19:55:37 - [TEST_STEP][PASSED] - click: Object: 'Object Repository/Final Object Repo/Login Page/Internal User/Login Button' is clicked on

2018-12-06 19:55:37 - [MESSAGE][PASSED] - Object: 'Object Repository/Final Object Repo/Login Page/Internal User/Login Button' is clicked on

2018-12-06 19:55:37 - [TEST_STEP][PASSED] - delay: Delayed 3 second(s)

2018-12-06 19:55:40 - [MESSAGE][PASSED] - Delayed 3 second(s)

2018-12-06 19:55:40 - [TEST_STEP][PASSED] - navigateToUrl: Navigate to 'https://assist2-uat.perkeso.gov.my/group/control_panel/manage?p_p_id=125&p_p_lifecycle=0&p_p_state=maximized&p_p_mode=view&refererPlid=20455&_125_usersListView=flat-users&_125_toolbarItem=view-all-users&_125_saveUsersListView=true&_125_struts_action=%2Fusers_admin%2Fview' successfully

2018-12-06 19:55:42 - [MESSAGE][PASSED] - Navigate to 'https://assist2-uat.perkeso.gov.my/group/control_panel/manage?p_p_id=125&p_p_lifecycle=0&p_p_state=maximized&p_p_mode=view&refererPlid=20455&_125_usersListView=flat-users&_125_toolbarItem=view-all-users&_125_saveUsersListView=true&_125_struts_action=%2Fusers_admin%2Fview' successfully

2018-12-06 19:55:42 - [TEST_STEP][PASSED] - delay: Delayed 3 second(s)

2018-12-06 19:55:45 - [MESSAGE][PASSED] - Delayed 3 second(s)

2018-12-06 19:55:45 - [TEST_STEP][PASSED] - setText: Text 'perkeso871643134549@gmail.com' is set on object 'Object Repository/Final Object Repo/Creating Employer Account/Page_Users and Organizations - ASSIST/Employer name'

2018-12-06 19:55:46 - [MESSAGE][PASSED] - Text 'perkeso871643134549@gmail.com' is set on object 'Object Repository/Final Object Repo/Creating Employer Account/Page_Users and Organizations - ASSIST/Employer name'

2018-12-06 19:55:46 - [TEST_STEP][PASSED] - delay: Delayed 3 second(s)

2018-12-06 19:55:49 - [MESSAGE][PASSED] - Delayed 3 second(s)

2018-12-06 19:55:49 - [TEST_STEP][PASSED] - click: Object: 'Object Repository/Final Object Repo/Creating Employer Account/Page_Users and Organizations - ASSIST/Search' is clicked on

2018-12-06 19:55:49 - [MESSAGE][PASSED] - Object: 'Object Repository/Final Object Repo/Creating Employer Account/Page_Users and Organizations - ASSIST/Search' is clicked on

2018-12-06 19:55:49 - [TEST_STEP][PASSED] - delay: Delayed 3 second(s)

2018-12-06 19:55:52 - [MESSAGE][PASSED] - Delayed 3 second(s)

2018-12-06 19:55:52 - [TEST_STEP][PASSED] - click: Object: 'Object Repository/Final Object Repo/Creating Employer Account/Page_Users and Organizations - ASSIST/Action' is clicked on

2018-12-06 19:55:52 - [MESSAGE][PASSED] - Object: 'Object Repository/Final Object Repo/Creating Employer Account/Page_Users and Organizations - ASSIST/Action' is clicked on

2018-12-06 19:55:52 - [TEST_STEP][PASSED] - delay: Delayed 3 second(s)

2018-12-06 19:55:55 - [MESSAGE][PASSED] - Delayed 3 second(s)

2018-12-06 19:55:55 - [TEST_STEP][PASSED] - click: Object: 'Object Repository/Final Object Repo/Creating Employer Account/Page_Users and Organizations - ASSIST/Edit' is clicked on

2018-12-06 19:55:56 - [MESSAGE][PASSED] - Object: 'Object Repository/Final Object Repo/Creating Employer Account/Page_Users and Organizations - ASSIST/Edit' is clicked on

2018-12-06 19:55:56 - [TEST_STEP][PASSED] - delay: Delayed 3 second(s)

2018-12-06 19:55:59 - [MESSAGE][PASSED] - Delayed 3 second(s)

2018-12-06 19:55:59 - [TEST_STEP][PASSED] - click: Object: 'Object Repository/Final Object Repo/Creating Employer Account/Page_PERKESO - Users and Organizati/a_Password (Modified)' is clicked on

2018-12-06 19:55:59 - [MESSAGE][PASSED] - Object: 'Object Repository/Final Object Repo/Creating Employer Account/Page_PERKESO - Users and Organizati/a_Password (Modified)' is clicked on

2018-12-06 19:55:59 - [TEST_STEP][PASSED] - delay: Delayed 3 second(s)

2018-12-06 19:56:02 - [MESSAGE][PASSED] - Delayed 3 second(s)

2018-12-06 19:56:02 - [TEST_STEP][PASSED] - setEncryptedText: Text ****** has been set on object 'Object Repository/Final Object Repo/Creating Employer Account/Page_PERKESO - Users and Organizati/input__125_password1'

2018-12-06 19:56:03 - [MESSAGE][PASSED] - Text ****** has been set on object 'Object Repository/Final Object Repo/Creating Employer Account/Page_PERKESO - Users and Organizati/input__125_password1'

2018-12-06 19:56:03 - [TEST_STEP][PASSED] - delay: Delayed 3 second(s)

2018-12-06 19:56:06 - [MESSAGE][PASSED] - Delayed 3 second(s)

2018-12-06 19:56:06 - [TEST_STEP][PASSED] - setEncryptedText: Text ****** has been set on object 'Object Repository/Final Object Repo/Creating Employer Account/Page_PERKESO - Users and Organizati/input__125_password2'

2018-12-06 19:56:06 - [MESSAGE][PASSED] - Text ****** has been set on object 'Object Repository/Final Object Repo/Creating Employer Account/Page_PERKESO - Users and Organizati/input__125_password2'

2018-12-06 19:56:06 - [TEST_STEP][PASSED] - delay: Delayed 3 second(s)

2018-12-06 19:56:09 - [MESSAGE][PASSED] - Delayed 3 second(s)

2018-12-06 19:56:09 - [TEST_STEP][PASSED] - click: Object: 'Object Repository/Final Object Repo/Creating Employer Account/Page_PERKESO - Users and Organizati/Save' is clicked on

2018-12-06 19:56:09 - [MESSAGE][PASSED] - Object: 'Object Repository/Final Object Repo/Creating Employer Account/Page_PERKESO - Users and Organizati/Save' is clicked on

2018-12-06 19:56:09 - [MESSAGE][PASSED] - Call Test Case 'Test Cases/Final Aug 2018 - PKS Automation/Create Employer Acc/Template/Change Password of Employer' successfully

2018-12-06 19:56:09 - [TEST_STEP][PASSED] - delay: Delayed 1 second(s)

2018-12-06 19:56:10 - [MESSAGE][PASSED] - Delayed 1 second(s)

2018-12-06 19:56:10 - [TEST_STEP][PASSED] - navigateToUrl: Navigate to 'https://assist2-uat.perkeso.gov.my/c/portal/logout' successfully

2018-12-06 19:56:11 - [MESSAGE][PASSED] - Navigate to 'https://assist2-uat.perkeso.gov.my/c/portal/logout' successfully

2018-12-06 19:56:11 - [TEST_STEP][PASSED] - delay: Delayed 1 second(s)

2018-12-06 19:56:12 - [MESSAGE][PASSED] - Delayed 1 second(s)

2018-12-06 19:56:12 - [TEST_STEP][PASSED] - callTestCase: Call Test Case 'Test Cases/Final Aug 2018 - PKS Automation/Create Employer Acc/Template/Login to Employer Account (First Time)' successfully

2018-12-06 19:56:13 - [TEST_CASE][PASSED] - Test Cases/Final Aug 2018 - PKS Automation/Create Employer Acc/Template/Login to Employer Account (First Time): Test Cases/Final Aug 2018 - PKS Automation/Create Employer Acc/Template/Login to Employer Account (First Time)

2018-12-06 19:56:13 - [TEST_STEP][PASSED] - openBrowser: Browser is opened with url: ''

2018-12-06 19:56:13 - [MESSAGE][WARNING] - A browser is already opened. Closing browser and opening a new one

2018-12-06 19:56:15 - [MESSAGE][PASSED] - Browser is opened with url: ''

2018-12-06 19:56:15 - [TEST_STEP][PASSED] - navigateToUrl: Navigate to 'https://assist2-uat.perkeso.gov.my/employer/login' successfully

2018-12-06 19:56:16 - [MESSAGE][PASSED] - Navigate to 'https://assist2-uat.perkeso.gov.my/employer/login' successfully

2018-12-06 19:56:16 - [TEST_STEP][PASSED] - delay: Delayed 3 second(s)

2018-12-06 19:56:19 - [MESSAGE][PASSED] - Delayed 3 second(s)

2018-12-06 19:56:19 - [TEST_STEP][PASSED] - callTestCase: Call Test Case 'Test Cases/Final Aug 2018 - PKS Automation/Create Employer Acc/Template/Employer Email Getter' successfully

2018-12-06 19:56:19 - [TEST_CASE][PASSED] - Test Cases/Final Aug 2018 - PKS Automation/Create Employer Acc/Template/Employer Email Getter: Test Cases/Final Aug 2018 - PKS Automation/Create Employer Acc/Template/Employer Email Getter

2018-12-06 19:56:19 - [TEST_STEP][PASSED] - Statement - Try: null

2018-12-06 19:56:19 - [TEST_STEP][PASSED] - Statement - EmpEmail = new java.io.File(C://Users//Admin//Desktop//PKS//Automation Reference Point//EmpEmail.txt): null

2018-12-06 19:56:19 - [TEST_STEP][PASSED] - Statement - bufferread = new java.io.BufferedReader(new java.io.FileReader(EmpEmail)): null

2018-12-06 19:56:19 - [TEST_STEP][PASSED] - Statement - readedVal = bufferread.readLine(): null

2018-12-06 19:56:19 - [TEST_STEP][PASSED] - Statement - out.println(readedVal): null

2018-12-06 19:56:19 - [TEST_STEP][PASSED] - Statement - Email = readedVal: null

2018-12-06 19:56:19 - [MESSAGE][PASSED] - Call Test Case 'Test Cases/Final Aug 2018 - PKS Automation/Create Employer Acc/Template/Employer Email Getter' successfully

2018-12-06 19:56:19 - [TEST_STEP][PASSED] - setText: Text 'perkeso871643134549@gmail.com' is set on object 'Object Repository/Final Object Repo/Login Page/External Login Page/Email'

2018-12-06 19:56:20 - [MESSAGE][PASSED] - Text 'perkeso871643134549@gmail.com' is set on object 'Object Repository/Final Object Repo/Login Page/External Login Page/Email'

2018-12-06 19:56:20 - [TEST_STEP][PASSED] - click: Object: 'Object Repository/Final Object Repo/Login Page/External Login Page/Next' is clicked on

2018-12-06 19:56:20 - [MESSAGE][PASSED] - Object: 'Object Repository/Final Object Repo/Login Page/External Login Page/Next' is clicked on

2018-12-06 19:56:20 - [TEST_STEP][PASSED] - delay: Delayed 3 second(s)

2018-12-06 19:56:23 - [MESSAGE][PASSED] - Delayed 3 second(s)

2018-12-06 19:56:23 - [TEST_STEP][PASSED] - setEncryptedText: Text ****** has been set on object 'Object Repository/Final Object Repo/Login Page/External Login Page/Password'

2018-12-06 19:56:23 - [MESSAGE][PASSED] - Text ****** has been set on object 'Object Repository/Final Object Repo/Login Page/External Login Page/Password'

2018-12-06 19:56:23 - [TEST_STEP][PASSED] - click: Object: 'Object Repository/Final Object Repo/Login Page/External Login Page/Login' is clicked on

2018-12-06 19:56:23 - [MESSAGE][PASSED] - Object: 'Object Repository/Final Object Repo/Login Page/External Login Page/Login' is clicked on

2018-12-06 19:56:23 - [TEST_STEP][PASSED] - delay: Delayed 3 second(s)

2018-12-06 19:56:26 - [MESSAGE][PASSED] - Delayed 3 second(s)

2018-12-06 19:56:26 - [TEST_STEP][PASSED] - click: Object: 'Object Repository/Final Object Repo/Creating Employer Account/Page_Terms of Use - ASSIST/button_I Agree' is clicked on

2018-12-06 19:56:27 - [MESSAGE][PASSED] - Object: 'Object Repository/Final Object Repo/Creating Employer Account/Page_Terms of Use - ASSIST/button_I Agree' is clicked on

2018-12-06 19:56:27 - [TEST_STEP][PASSED] - delay: Delayed 2 second(s)

2018-12-06 19:56:29 - [MESSAGE][PASSED] - Delayed 2 second(s)

2018-12-06 19:56:29 - [TEST_STEP][PASSED] - setEncryptedText: Text ****** has been set on object 'Object Repository/Final Object Repo/Creating Employer Account/Page_New Password - ASSIST/input_password1'

2018-12-06 19:56:30 - [MESSAGE][PASSED] - Text ****** has been set on object 'Object Repository/Final Object Repo/Creating Employer Account/Page_New Password - ASSIST/input_password1'

2018-12-06 19:56:30 - [TEST_STEP][PASSED] - setEncryptedText: Text ****** has been set on object 'Object Repository/Final Object Repo/Creating Employer Account/Page_New Password - ASSIST/input_password2'

2018-12-06 19:56:30 - [MESSAGE][PASSED] - Text ****** has been set on object 'Object Repository/Final Object Repo/Creating Employer Account/Page_New Password - ASSIST/input_password2'

2018-12-06 19:56:30 - [TEST_STEP][PASSED] - delay: Delayed 2 second(s)

2018-12-06 19:56:32 - [MESSAGE][PASSED] - Delayed 2 second(s)

2018-12-06 19:56:32 - [TEST_STEP][PASSED] - click: Object: 'Object Repository/Final Object Repo/Creating Employer Account/Page_New Password - ASSIST/Save' is clicked on

2018-12-06 19:56:32 - [MESSAGE][PASSED] - Object: 'Object Repository/Final Object Repo/Creating Employer Account/Page_New Password - ASSIST/Save' is clicked on

2018-12-06 19:56:32 - [TEST_STEP][PASSED] - delay: Delayed 2 second(s)

2018-12-06 19:56:34 - [MESSAGE][PASSED] - Delayed 2 second(s)

2018-12-06 19:56:34 - [TEST_STEP][PASSED] - setText: Text 'test' is set on object 'Object Repository/Final Object Repo/Creating Employer Account/Page_Password Reminder - ASSIST/Reminder Query Answer'

2018-12-06 19:56:34 - [MESSAGE][PASSED] - Text 'test' is set on object 'Object Repository/Final Object Repo/Creating Employer Account/Page_Password Reminder - ASSIST/Reminder Query Answer'

2018-12-06 19:56:34 - [TEST_STEP][PASSED] - delay: Delayed 2 second(s)

2018-12-06 19:56:36 - [MESSAGE][PASSED] - Delayed 2 second(s)

2018-12-06 19:56:36 - [TEST_STEP][PASSED] - doubleClick: Object: 'Object Repository/Final Object Repo/Creating Employer Account/Page_Password Reminder - ASSIST/Save' is double clicked on

2018-12-06 19:56:36 - [MESSAGE][PASSED] - Object: 'Object Repository/Final Object Repo/Creating Employer Account/Page_Password Reminder - ASSIST/Save' is double clicked on

2018-12-06 19:56:36 - [MESSAGE][PASSED] - Call Test Case 'Test Cases/Final Aug 2018 - PKS Automation/Create Employer Acc/Template/Login to Employer Account (First Time)' successfully

2018-12-06 19:56:36 - [MESSAGE][PASSED] - Call Test Case 'Test Cases/Final Aug 2018 - PKS Automation/Create Employer Acc/Create Employer Account' successfully

2018-12-06 19:56:36 - [TEST_STEP][PASSED] - callTestCase: Call Test Case 'Test Cases/Final Aug 2018 - PKS Automation/Registration Module/Log Out/log out avoiding katalon tagging' successfully

2018-12-06 19:56:36 - [TEST_CASE][PASSED] - Test Cases/Final Aug 2018 - PKS Automation/Registration Module/Log Out/log out avoiding katalon tagging: Test Cases/Final Aug 2018 - PKS Automation/Registration Module/Log Out/log out avoiding katalon tagging

2018-12-06 19:56:36 - [TEST_STEP][PASSED] - navigateToUrl: Navigate to 'https://assist2-uat.perkeso.gov.my/c/portal/logout' successfully

2018-12-06 19:56:39 - [MESSAGE][PASSED] - Navigate to 'https://assist2-uat.perkeso.gov.my/c/portal/logout' successfully

2018-12-06 19:56:39 - [MESSAGE][PASSED] - Call Test Case 'Test Cases/Final Aug 2018 - PKS Automation/Registration Module/Log Out/log out avoiding katalon tagging' successfully

2018-12-06 19:56:39 - [TEST_STEP][PASSED] - callTestCase: Call Test Case 'Test Cases/Final Aug 2018 - PKS Automation/Create Employer Acc/Login to Employer Account (Second time)' successfully

2018-12-06 19:56:39 - [TEST_CASE][PASSED] - Test Cases/Final Aug 2018 - PKS Automation/Create Employer Acc/Login to Employer Account (Second time): Test Cases/Final Aug 2018 - PKS Automation/Create Employer Acc/Login to Employer Account (Second time)

2018-12-06 19:56:39 - [TEST_STEP][PASSED] - openBrowser: Browser is opened with url: ''

2018-12-06 19:56:39 - [MESSAGE][WARNING] - A browser is already opened. Closing browser and opening a new one

2018-12-06 19:56:43 - [MESSAGE][PASSED] - Browser is opened with url: ''

2018-12-06 19:56:43 - [TEST_STEP][PASSED] - navigateToUrl: Navigate to 'https://assist2-uat.perkeso.gov.my/employer/login' successfully

2018-12-06 19:56:43 - [MESSAGE][PASSED] - Navigate to 'https://assist2-uat.perkeso.gov.my/employer/login' successfully

2018-12-06 19:56:43 - [TEST_STEP][PASSED] - delay: Delayed 3 second(s)

2018-12-06 19:56:46 - [MESSAGE][PASSED] - Delayed 3 second(s)

2018-12-06 19:56:46 - [TEST_STEP][PASSED] - callTestCase: Call Test Case 'Test Cases/Final Aug 2018 - PKS Automation/Create Employer Acc/Template/Employer Email Getter' successfully

2018-12-06 19:56:47 - [TEST_CASE][PASSED] - Test Cases/Final Aug 2018 - PKS Automation/Create Employer Acc/Template/Employer Email Getter: Test Cases/Final Aug 2018 - PKS Automation/Create Employer Acc/Template/Employer Email Getter

2018-12-06 19:56:47 - [TEST_STEP][PASSED] - Statement - Try: null

2018-12-06 19:56:47 - [TEST_STEP][PASSED] - Statement - EmpEmail = new java.io.File(C://Users//Admin//Desktop//PKS//Automation Reference Point//EmpEmail.txt): null

2018-12-06 19:56:47 - [TEST_STEP][PASSED] - Statement - bufferread = new java.io.BufferedReader(new java.io.FileReader(EmpEmail)): null

2018-12-06 19:56:47 - [TEST_STEP][PASSED] - Statement - readedVal = bufferread.readLine(): null

2018-12-06 19:56:47 - [TEST_STEP][PASSED] - Statement - out.println(readedVal): null

2018-12-06 19:56:47 - [TEST_STEP][PASSED] - Statement - Email = readedVal: null

2018-12-06 19:56:47 - [MESSAGE][PASSED] - Call Test Case 'Test Cases/Final Aug 2018 - PKS Automation/Create Employer Acc/Template/Employer Email Getter' successfully

2018-12-06 19:56:47 - [TEST_STEP][PASSED] - setText: Text 'perkeso871643134549@gmail.com' is set on object 'Object Repository/Final Object Repo/Login Page/External Login Page/Email'

2018-12-06 19:56:47 - [MESSAGE][PASSED] - Text 'perkeso871643134549@gmail.com' is set on object 'Object Repository/Final Object Repo/Login Page/External Login Page/Email'

2018-12-06 19:56:47 - [TEST_STEP][PASSED] - click: Object: 'Object Repository/Final Object Repo/Login Page/External Login Page/Next' is clicked on

2018-12-06 19:56:47 - [MESSAGE][PASSED] - Object: 'Object Repository/Final Object Repo/Login Page/External Login Page/Next' is clicked on

2018-12-06 19:56:47 - [TEST_STEP][PASSED] - delay: Delayed 3 second(s)

2018-12-06 19:56:50 - [MESSAGE][PASSED] - Delayed 3 second(s)

2018-12-06 19:56:50 - [TEST_STEP][PASSED] - setEncryptedText: Text ****** has been set on object 'Object Repository/Final Object Repo/Login Page/External Login Page/Password'

2018-12-06 19:56:50 - [MESSAGE][PASSED] - Text ****** has been set on object 'Object Repository/Final Object Repo/Login Page/External Login Page/Password'

2018-12-06 19:56:50 - [TEST_STEP][PASSED] - click: Object: 'Object Repository/Final Object Repo/Login Page/External Login Page/Login' is clicked on

2018-12-06 19:56:51 - [MESSAGE][PASSED] - Object: 'Object Repository/Final Object Repo/Login Page/External Login Page/Login' is clicked on

2018-12-06 19:56:51 - [TEST_STEP][PASSED] - delay: Delayed 5 second(s)

2018-12-06 19:56:56 - [MESSAGE][PASSED] - Delayed 5 second(s)

2018-12-06 19:56:56 - [MESSAGE][PASSED] - Call Test Case 'Test Cases/Final Aug 2018 - PKS Automation/Create Employer Acc/Login to Employer Account (Second time)' successfully

2018-12-06 19:56:56 - [TEST_STEP][PASSED] - delay: Delayed 4 second(s)

2018-12-06 19:57:00 - [MESSAGE][PASSED] - Delayed 4 second(s)

2018-12-06 19:57:00 - [TEST_STEP][PASSED] - Statement - Try: Delayed 2 second(s)

2018-12-06 19:57:00 - [TEST_STEP][PASSED] - Statement - Checker = false: null

2018-12-06 19:57:00 - [TEST_STEP][PASSED] - Statement - Checker = com.kms.katalon.core.webui.keyword.WebUiBuiltInKeywords.verifyElementHasAttribute(com.kms.katalon.core.testobject.ObjectRepository.findTestObject(Final Object Repo/Landing Page/BM Detecting), "href", 20, OPTIONAL): Object 'Object Repository/Final Object Repo/Landing Page/BM Detecting' has attribute 'href'

2018-12-06 19:57:00 - [MESSAGE][PASSED] - Object 'Object Repository/Final Object Repo/Landing Page/BM Detecting' has attribute 'href'

2018-12-06 19:57:00 - [TEST_STEP][PASSED] - Statement - out.println(Checker): null

2018-12-06 19:57:00 - [TEST_STEP][PASSED] - Statement - If (Checker == false): null

2018-12-06 19:57:00 - [TEST_STEP][PASSED] - Statement - Else: null

2018-12-06 19:57:00 - [TEST_STEP][PASSED] - delay: Delayed 2 second(s)

2018-12-06 19:57:02 - [MESSAGE][PASSED] - Delayed 2 second(s)

2018-12-06 19:57:02 - [TEST_STEP][PASSED] - delay: Delayed 4 second(s)

2018-12-06 19:57:06 - [MESSAGE][PASSED] - Delayed 4 second(s)

2018-12-06 19:57:06 - [TEST_STEP][PASSED] - click: Object: 'Object Repository/Final Object Repo/Landing Page/My Sites Drop Down' is clicked on

2018-12-06 19:57:06 - [MESSAGE][PASSED] - Object: 'Object Repository/Final Object Repo/Landing Page/My Sites Drop Down' is clicked on

2018-12-06 19:57:06 - [TEST_STEP][PASSED] - click: Object: 'Object Repository/Final Object Repo/Landing Page/Select to Registration Module' is clicked on

2018-12-06 19:57:09 - [MESSAGE][PASSED] - Object: 'Object Repository/Final Object Repo/Landing Page/Select to Registration Module' is clicked on

2018-12-06 19:57:09 - [TEST_STEP][PASSED] - click: Object: 'Object Repository/Final Object Repo/Landing Page/Registration Button' is clicked on

2018-12-06 19:57:10 - [MESSAGE][PASSED] - Object: 'Object Repository/Final Object Repo/Landing Page/Registration Button' is clicked on

2018-12-06 19:57:10 - [TEST_STEP][PASSED] - delay: Delayed 2 second(s)

2018-12-06 19:57:12 - [MESSAGE][PASSED] - Delayed 2 second(s)

2018-12-06 19:57:12 - [TEST_STEP][PASSED] - click: Object: 'Object Repository/Final Object Repo/New Registration - Registration Module Pages/New Reg - OTC to RO/Special Case - OTC - Form 1/AEC NO' is clicked on

2018-12-06 19:57:12 - [MESSAGE][PASSED] - Object: 'Object Repository/Final Object Repo/New Registration - Registration Module Pages/New Reg - OTC to RO/Special Case - OTC - Form 1/AEC NO' is clicked on

2018-12-06 19:57:12 - [TEST_STEP][PASSED] - click: Object: 'Object Repository/Final Object Repo/New Registration - Registration Module Pages/New Reg - OTC to RO/Special Case - OTC - Form 1/Business Entity - Please Select' is clicked on

2018-12-06 19:57:12 - [MESSAGE][PASSED] - Object: 'Object Repository/Final Object Repo/New Registration - Registration Module Pages/New Reg - OTC to RO/Special Case - OTC - Form 1/Business Entity - Please Select' is clicked on

2018-12-06 19:57:12 - [TEST_STEP][PASSED] - click: Object: 'Object Repository/Final Object Repo/New Registration - Registration Module Pages/New Reg - OTC to RO/Special Case - OTC - Form 1/Selected - Corporation' is clicked on

2018-12-06 19:57:13 - [MESSAGE][PASSED] - Object: 'Object Repository/Final Object Repo/New Registration - Registration Module Pages/New Reg - OTC to RO/Special Case - OTC - Form 1/Selected - Corporation' is clicked on

2018-12-06 19:57:13 - [TEST_STEP][PASSED] - delay: Delayed 2 second(s)

2018-12-06 19:57:15 - [MESSAGE][PASSED] - Delayed 2 second(s)

2018-12-06 19:57:15 - [TEST_STEP][PASSED] - click: Object: 'Object Repository/Final Object Repo/New Registration - Registration Module Pages/New Reg - OTC to RO/Special Case - OTC - Form 1/Sub Business Entity - Please Select' is clicked on

2018-12-06 19:57:15 - [MESSAGE][PASSED] - Object: 'Object Repository/Final Object Repo/New Registration - Registration Module Pages/New Reg - OTC to RO/Special Case - OTC - Form 1/Sub Business Entity - Please Select' is clicked on

2018-12-06 19:57:15 - [TEST_STEP][PASSED] - delay: Delayed 2 second(s)

2018-12-06 19:57:17 - [MESSAGE][PASSED] - Delayed 2 second(s)

2018-12-06 19:57:17 - [TEST_STEP][PASSED] - click: Object: 'Object Repository/Final Object Repo/New Registration - Registration Module Pages/New Reg - OTC to RO/Special Case - OTC - Form 1/Selected - Sendirian Berhad' is clicked on

2018-12-06 19:57:17 - [MESSAGE][PASSED] - Object: 'Object Repository/Final Object Repo/New Registration - Registration Module Pages/New Reg - OTC to RO/Special Case - OTC - Form 1/Selected - Sendirian Berhad' is clicked on

2018-12-06 19:57:17 - [TEST_STEP][PASSED] - setText: Text 'AUTOMATE001' is set on object 'Object Repository/Final Object Repo/New Registration - Registration Module Pages/New Reg - OTC to RO/Special Case - OTC - Form 1/Input BRN Number'

2018-12-06 19:57:18 - [MESSAGE][PASSED] - Text 'AUTOMATE001' is set on object 'Object Repository/Final Object Repo/New Registration - Registration Module Pages/New Reg - OTC to RO/Special Case - OTC - Form 1/Input BRN Number'

2018-12-06 19:57:18 - [TEST_STEP][PASSED] - delay: Delayed 2 second(s)

2018-12-06 19:57:20 - [MESSAGE][PASSED] - Delayed 2 second(s)

2018-12-06 19:57:20 - [TEST_STEP][PASSED] - click: Object: 'Object Repository/Final Object Repo/New Registration - Registration Module Pages/New Reg - OTC to RO/Special Case - OTC - Form 1/BRN Search' is clicked on

2018-12-06 19:57:20 - [MESSAGE][PASSED] - Object: 'Object Repository/Final Object Repo/New Registration - Registration Module Pages/New Reg - OTC to RO/Special Case - OTC - Form 1/BRN Search' is clicked on

2018-12-06 19:57:20 - [TEST_STEP][PASSED] - delay: Delayed 4 second(s)

2018-12-06 19:57:24 - [MESSAGE][PASSED] - Delayed 4 second(s)

2018-12-06 19:57:24 - [TEST_STEP][PASSED] - click: Object: 'Object Repository/Final Object Repo/New Registration - Registration Module Pages/New Reg - OTC to RO/Special Case - OTC - Form 1/Registered with SSM - After Feb 2017' is clicked on

2018-12-06 19:57:24 - [MESSAGE][PASSED] - Object: 'Object Repository/Final Object Repo/New Registration - Registration Module Pages/New Reg - OTC to RO/Special Case - OTC - Form 1/Registered with SSM - After Feb 2017' is clicked on

2018-12-06 19:57:24 - [TEST_STEP][PASSED] - delay: Delayed 2 second(s)

2018-12-06 19:57:26 - [MESSAGE][PASSED] - Delayed 2 second(s)

2018-12-06 19:57:26 - [TEST_STEP][PASSED] - click: Object: 'Object Repository/Final Object Repo/New Registration - Registration Module Pages/Form 1/Registered As a Branch - Yes' is clicked on

2018-12-06 19:57:26 - [MESSAGE][PASSED] - Object: 'Object Repository/Final Object Repo/New Registration - Registration Module Pages/Form 1/Registered As a Branch - Yes' is clicked on

2018-12-06 19:57:26 - [TEST_STEP][PASSED] - click: Object: 'Object Repository/Final Object Repo/New Registration - Registration Module Pages/New Reg - OTC to RO/Special Case - OTC - Form 1/Acknowledgement Ticked' is clicked on

2018-12-06 19:57:26 - [MESSAGE][PASSED] - Object: 'Object Repository/Final Object Repo/New Registration - Registration Module Pages/New Reg - OTC to RO/Special Case - OTC - Form 1/Acknowledgement Ticked' is clicked on

2018-12-06 19:57:26 - [TEST_STEP][PASSED] - setText: Text 'perkeso871643134549@gmail.com' is set on object 'Object Repository/Final Object Repo/New Registration - Registration Module Pages/Form 1/Email'

2018-12-06 19:57:27 - [MESSAGE][PASSED] - Text 'perkeso871643134549@gmail.com' is set on object 'Object Repository/Final Object Repo/New Registration - Registration Module Pages/Form 1/Email'

2018-12-06 19:57:27 - [TEST_STEP][PASSED] - click: Object: 'Object Repository/Final Object Repo/New Registration - Registration Module Pages/New Reg - OTC to RO/Special Case - OTC - Form 1/Submit Button' is clicked on

2018-12-06 19:57:27 - [MESSAGE][PASSED] - Object: 'Object Repository/Final Object Repo/New Registration - Registration Module Pages/New Reg - OTC to RO/Special Case - OTC - Form 1/Submit Button' is clicked on

2018-12-06 19:57:27 - [TEST_STEP][PASSED] - callTestCase: Call Test Case 'Test Cases/Final Aug 2018 - PKS Automation/Registration Module/New Registration/Form 2/Add 1 Eligible - Employer Account Use' successfully

2018-12-06 19:57:27 - [TEST_CASE][PASSED] - Test Cases/Final Aug 2018 - PKS Automation/Registration Module/New Registration/Form 2/Add 1 Eligible - Employer Account Use: Test Cases/Final Aug 2018 - PKS Automation/Registration Module/New Registration/Form 2/Add 1 Eligible - Employer Account Use

2018-12-06 19:57:27 - [TEST_STEP][PASSED] - delay: Delayed 2 second(s)

2018-12-06 19:57:29 - [MESSAGE][PASSED] - Delayed 2 second(s)

2018-12-06 19:57:29 - [TEST_STEP][PASSED] - callTestCase: Call Test Case 'Test Cases/Final Aug 2018 - PKS Automation/Registration Module/New Registration/Form 2/Date Updater' successfully

2018-12-06 19:57:29 - [TEST_CASE][PASSED] - Test Cases/Final Aug 2018 - PKS Automation/Registration Module/New Registration/Form 2/Date Updater: Test Cases/Final Aug 2018 - PKS Automation/Registration Module/New Registration/Form 2/Date Updater

2018-12-06 19:57:29 - [TEST_STEP][PASSED] - Statement - TodayDate = new java.util.Date(): null

2018-12-06 19:57:29 - [TEST_STEP][PASSED] - Statement - CurrentDateNoFilter = new java.text.SimpleDateFormat(): null

2018-12-06 19:57:29 - [TEST_STEP][PASSED] - Statement - CurrentDateNoFilter.applyPattern("MM"): null

2018-12-06 19:57:29 - [TEST_STEP][PASSED] - Statement - monthContainerMatcher = java.lang.Integer.parseInt(CurrentDateNoFilter.format(TodayDate)): null

2018-12-06 19:57:29 - [TEST_STEP][PASSED] - Statement - monthContainerMatcher = monthContainerMatcher - 1: null

2018-12-06 19:57:29 - [TEST_STEP][PASSED] - Statement - CurrentMonth = monthContainerMatcher.toString(): null

2018-12-06 19:57:29 - [TEST_STEP][PASSED] - Statement - CurrentMonth = CurrentMonth: null

2018-12-06 19:57:29 - [TEST_STEP][PASSED] - Statement - CurrentDateNoFilter.applyPattern("yyyy"): null

2018-12-06 19:57:29 - [TEST_STEP][PASSED] - Statement - CurrentYear = CurrentDateNoFilter.format(TodayDate): null

2018-12-06 19:57:29 - [TEST_STEP][PASSED] - Statement - CurrentYear = CurrentYear: null

2018-12-06 19:57:29 - [TEST_STEP][PASSED] - Statement - intCurrentYear = java.lang.Integer.parseInt(CurrentDateNoFilter.format(TodayDate)): null

2018-12-06 19:57:29 - [TEST_STEP][PASSED] - Statement - eighteenYrsAgo = intCurrentYear - 18: null

2018-12-06 19:57:29 - [TEST_STEP][PASSED] - Statement - eighteenYrsBeforeThisYr = eighteenYrsAgo.toString(): null

2018-12-06 19:57:29 - [TEST_STEP][PASSED] - Statement - EighteenYrsBefore = eighteenYrsBeforeThisYr: null

2018-12-06 19:57:29 - [TEST_STEP][PASSED] - Statement - fiftysevenYrsAgo = intCurrentYear - 57: null

2018-12-06 19:57:29 - [TEST_STEP][PASSED] - Statement - fiftysevenYrsBeforeThisYr = fiftysevenYrsAgo.toString(): null

2018-12-06 19:57:29 - [TEST_STEP][PASSED] - Statement - FiftysevenYrsBefore = fiftysevenYrsBeforeThisYr: null

2018-12-06 19:57:29 - [TEST_STEP][PASSED] - Statement - leapYear = false: null

2018-12-06 19:57:29 - [TEST_STEP][PASSED] - Statement - leapYear = intCurrentYear % 4 == 0: null

2018-12-06 19:57:29 - [TEST_STEP][PASSED] - Statement - CurrentDateNoFilter.applyPattern("dd"): null

2018-12-06 19:57:29 - [TEST_STEP][PASSED] - Statement - CurrentDate = CurrentDateNoFilter.format(TodayDate): null

2018-12-06 19:57:29 - [TEST_STEP][PASSED] - Statement - CurrentDate = java.lang.Integer.parseInt(CurrentDate): null

2018-12-06 19:57:29 - [TEST_STEP][PASSED] - Statement - CurrentDate = CurrentDate: null

2018-12-06 19:57:29 - [TEST_STEP][PASSED] - Statement - CurrentDay = java.lang.Integer.parseInt(CurrentDate): null

2018-12-06 19:57:29 - [TEST_STEP][PASSED] - Statement - ConfAdder = <not implemented yet for class: org.codehaus.groovy.ast.expr.EmptyExpression>: null

2018-12-06 19:57:29 - [TEST_STEP][PASSED] - Statement - out.println(CurrentMonth): null

2018-12-06 19:57:29 - [TEST_STEP][PASSED] - Statement - out.println(CurrentDate): null

2018-12-06 19:57:29 - [TEST_STEP][PASSED] - Statement - switch (CurrentDate): null

2018-12-06 19:57:29 - [TEST_STEP][PASSED] - Statement - Default: null

2018-12-06 19:57:29 - [TEST_STEP][PASSED] - Statement - ConfAdder = true: null

2018-12-06 19:57:29 - [TEST_STEP][PASSED] - Statement - Break: null

2018-12-06 19:57:29 - [TEST_STEP][PASSED] - Statement - aDayBefore = <not implemented yet for class: org.codehaus.groovy.ast.expr.EmptyExpression>: null

2018-12-06 19:57:29 - [TEST_STEP][PASSED] - Statement - out.println(ConfAdder): null

2018-12-06 19:57:29 - [TEST_STEP][PASSED] - Statement - If (ConfAdder == true): null

2018-12-06 19:57:29 - [TEST_STEP][PASSED] - Statement - aDayBefore = CurrentDay + 1: null

2018-12-06 19:57:29 - [TEST_STEP][PASSED] - Statement - out.println(aDayBefore): null

2018-12-06 19:57:29 - [TEST_STEP][PASSED] - Statement - If (aDayBefore == 1 && CurrentMonth == 11): null

2018-12-06 19:57:29 - [TEST_STEP][PASSED] - Statement - DayBefore = aDayBefore.toString(): null

2018-12-06 19:57:29 - [TEST_STEP][PASSED] - Statement - OneDayBefore = DayBefore: null

2018-12-06 19:57:29 - [MESSAGE][PASSED] - Call Test Case 'Test Cases/Final Aug 2018 - PKS Automation/Registration Module/New Registration/Form 2/Date Updater' successfully

2018-12-06 19:57:29 - [TEST_STEP][PASSED] - delay: Delayed 1 second(s)

2018-12-06 19:57:30 - [MESSAGE][PASSED] - Delayed 1 second(s)

2018-12-06 19:57:30 - [TEST_STEP][PASSED] - Statement - CaseReferenceNo = com.kms.katalon.core.webui.keyword.WebUiBuiltInKeywords.getText(com.kms.katalon.core.testobject.ObjectRepository.findTestObject(Final Object Repo/New Registration - Registration Module Pages/Form 2/RefNo Acquiring)): Text of object 'Object Repository/Final Object Repo/New Registration - Registration Module Pages/Form 2/RefNo Acquiring' is: 'CRN12201800123059'

2018-12-06 19:57:30 - [MESSAGE][PASSED] - Text of object 'Object Repository/Final Object Repo/New Registration - Registration Module Pages/Form 2/RefNo Acquiring' is: 'CRN12201800123059'

2018-12-06 19:57:30 - [TEST_STEP][PASSED] - delay: Delayed 1 second(s)

2018-12-06 19:57:31 - [MESSAGE][PASSED] - Delayed 1 second(s)

2018-12-06 19:57:31 - [TEST_STEP][PASSED] - click: Object: 'Object Repository/Final Object Repo/New Registration - Registration Module Pages/Form 2/Add Employee Button' is clicked on

2018-12-06 19:57:32 - [MESSAGE][PASSED] - Object: 'Object Repository/Final Object Repo/New Registration - Registration Module Pages/Form 2/Add Employee Button' is clicked on

2018-12-06 19:57:32 - [TEST_STEP][PASSED] - delay: Delayed 1 second(s)

2018-12-06 19:57:33 - [MESSAGE][PASSED] - Delayed 1 second(s)

2018-12-06 19:57:33 - [TEST_STEP][PASSED] - setText: Text '010903091948' is set on object 'Object Repository/Final Object Repo/New Registration - Registration Module Pages/Form 2/NRIC Input'

2018-12-06 19:57:33 - [MESSAGE][PASSED] - Text '010903091948' is set on object 'Object Repository/Final Object Repo/New Registration - Registration Module Pages/Form 2/NRIC Input'

2018-12-06 19:57:33 - [TEST_STEP][PASSED] - delay: Delayed 2 second(s)

2018-12-06 19:57:35 - [MESSAGE][PASSED] - Delayed 2 second(s)

2018-12-06 19:57:35 - [TEST_STEP][PASSED] - setText: Text 'Automate001 eligible 1' is set on object 'Object Repository/Final Object Repo/New Registration - Registration Module Pages/Form 2/Employee Name Input'

2018-12-06 19:57:35 - [MESSAGE][PASSED] - Text 'Automate001 eligible 1' is set on object 'Object Repository/Final Object Repo/New Registration - Registration Module Pages/Form 2/Employee Name Input'

2018-12-06 19:57:35 - [TEST_STEP][PASSED] - delay: Delayed 2 second(s)

2018-12-06 19:57:37 - [MESSAGE][PASSED] - Delayed 2 second(s)

2018-12-06 19:57:37 - [TEST_STEP][PASSED] - click: Object: 'Object Repository/Final Object Repo/New Registration - Registration Module Pages/Form 2/DatePicker Pop Up' is clicked on

2018-12-06 19:57:38 - [MESSAGE][PASSED] - Object: 'Object Repository/Final Object Repo/New Registration - Registration Module Pages/Form 2/DatePicker Pop Up' is clicked on

2018-12-06 19:57:38 - [TEST_STEP][PASSED] - click: Object: 'Object Repository/Final Object Repo/New Registration - Registration Module Pages/Form 2/DOB Month' is clicked on

2018-12-06 19:57:38 - [MESSAGE][PASSED] - Object: 'Object Repository/Final Object Repo/New Registration - Registration Module Pages/Form 2/DOB Month' is clicked on

2018-12-06 19:57:38 - [TEST_STEP][PASSED] - Statement - CurrentMonth = CurrentMonth: null

2018-12-06 19:57:38 - [TEST_STEP][PASSED] - Statement - selectMonth = new com.kms.katalon.core.testobject.TestObject(): null

2018-12-06 19:57:38 - [TEST_STEP][PASSED] - Statement - selectMonth.addProperty("xpath", EQUALS, "//body/div/div/div/select/option[@value='" + CurrentMonth + "']", true): null

2018-12-06 19:57:38 - [TEST_STEP][PASSED] - click: Object: '' is clicked on

2018-12-06 19:57:38 - [MESSAGE][PASSED] - Object: '' is clicked on

2018-12-06 19:57:38 - [TEST_STEP][PASSED] - click: Object: 'Object Repository/Final Object Repo/New Registration - Registration Module Pages/Form 2/DOB Year' is clicked on

2018-12-06 19:57:38 - [MESSAGE][PASSED] - Object: 'Object Repository/Final Object Repo/New Registration - Registration Module Pages/Form 2/DOB Year' is clicked on

2018-12-06 19:57:38 - [TEST_STEP][PASSED] - Statement - Eyearsbf = EighteenYrsBefore: null

2018-12-06 19:57:38 - [TEST_STEP][PASSED] - Statement - selectYear = new com.kms.katalon.core.testobject.TestObject(): null

2018-12-06 19:57:38 - [TEST_STEP][PASSED] - Statement - selectYear.addProperty("xpath", EQUALS, "//div/div/div/select/option[@value='" + Eyearsbf + "']", true): null

2018-12-06 19:57:38 - [TEST_STEP][PASSED] - click: Object: '' is clicked on

2018-12-06 19:57:38 - [MESSAGE][PASSED] - Object: '' is clicked on

2018-12-06 19:57:38 - [TEST_STEP][PASSED] - Statement - UpdatedSelectDate = com.kms.katalon.core.webui.keyword.WebUiBuiltInKeywords.modifyObjectProperty(com.kms.katalon.core.testobject.ObjectRepository.findTestObject(Final Object Repo/New Registration - Registration Module Pages/Form 2/DOB Date), "xpath", "equals", "//body/div/table/tbody/tr/td/a[text()="" + CurrentDate + ""]", true): Modify property of object successfully

2018-12-06 19:57:38 - [MESSAGE][PASSED] - Modify property of object successfully

2018-12-06 19:57:38 - [TEST_STEP][PASSED] - delay: Delayed 3 second(s)

2018-12-06 19:57:41 - [MESSAGE][PASSED] - Delayed 3 second(s)

2018-12-06 19:57:41 - [TEST_STEP][PASSED] - click: Object: 'Object Repository/Final Object Repo/New Registration - Registration Module Pages/Form 2/DOB Date' is clicked on

2018-12-06 19:57:41 - [MESSAGE][PASSED] - Object: 'Object Repository/Final Object Repo/New Registration - Registration Module Pages/Form 2/DOB Date' is clicked on

2018-12-06 19:57:41 - [TEST_STEP][PASSED] - delay: Delayed 2 second(s)

2018-12-06 19:57:43 - [MESSAGE][PASSED] - Delayed 2 second(s)

2018-12-06 19:57:43 - [TEST_STEP][PASSED] - click: Object: 'Object Repository/Final Object Repo/New Registration - Registration Module Pages/Form 2/EmploymentStartDate Pop Up' is clicked on

2018-12-06 19:57:44 - [MESSAGE][PASSED] - Object: 'Object Repository/Final Object Repo/New Registration - Registration Module Pages/Form 2/EmploymentStartDate Pop Up' is clicked on

2018-12-06 19:57:44 - [TEST_STEP][PASSED] - delay: Delayed 2 second(s)

2018-12-06 19:57:46 - [MESSAGE][PASSED] - Delayed 2 second(s)

2018-12-06 19:57:46 - [TEST_STEP][PASSED] - click: Object: 'Object Repository/Final Object Repo/New Registration - Registration Module Pages/Form 2/Socso Employment StartDate Month' is clicked on

2018-12-06 19:57:46 - [MESSAGE][PASSED] - Object: 'Object Repository/Final Object Repo/New Registration - Registration Module Pages/Form 2/Socso Employment StartDate Month' is clicked on

2018-12-06 19:57:46 - [TEST_STEP][PASSED] - delay: Delayed 1 second(s)

2018-12-06 19:57:47 - [MESSAGE][PASSED] - Delayed 1 second(s)

2018-12-06 19:57:47 - [TEST_STEP][PASSED] - click: Object: 'Object Repository/Final Object Repo/New Registration - Registration Module Pages/Form 2/Select Socso Employement Startdate Month' is clicked on

2018-12-06 19:57:47 - [MESSAGE][PASSED] - Object: 'Object Repository/Final Object Repo/New Registration - Registration Module Pages/Form 2/Select Socso Employement Startdate Month' is clicked on

2018-12-06 19:57:47 - [TEST_STEP][PASSED] - delay: Delayed 2 second(s)

2018-12-06 19:57:49 - [MESSAGE][PASSED] - Delayed 2 second(s)

2018-12-06 19:57:49 - [TEST_STEP][PASSED] - click: Object: 'Object Repository/Final Object Repo/New Registration - Registration Module Pages/Form 2/Socso Employment StartDate Year' is clicked on

2018-12-06 19:57:49 - [MESSAGE][PASSED] - Object: 'Object Repository/Final Object Repo/New Registration - Registration Module Pages/Form 2/Socso Employment StartDate Year' is clicked on

2018-12-06 19:57:49 - [TEST_STEP][PASSED] - delay: Delayed 1 second(s)

2018-12-06 19:57:50 - [MESSAGE][PASSED] - Delayed 1 second(s)

2018-12-06 19:57:50 - [TEST_STEP][PASSED] - click: Object: 'Object Repository/Final Object Repo/New Registration - Registration Module Pages/Form 2/Select Socso Employment Startdate Year' is clicked on

2018-12-06 19:57:50 - [MESSAGE][PASSED] - Object: 'Object Repository/Final Object Repo/New Registration - Registration Module Pages/Form 2/Select Socso Employment Startdate Year' is clicked on

2018-12-06 19:57:50 - [TEST_STEP][PASSED] - delay: Delayed 2 second(s)

2018-12-06 19:57:52 - [MESSAGE][PASSED] - Delayed 2 second(s)

2018-12-06 19:57:52 - [TEST_STEP][PASSED] - click: Object: 'Object Repository/Final Object Repo/New Registration - Registration Module Pages/Form 2/Socso Employment Start Date Day' is clicked on

2018-12-06 19:57:52 - [MESSAGE][PASSED] - Object: 'Object Repository/Final Object Repo/New Registration - Registration Module Pages/Form 2/Socso Employment Start Date Day' is clicked on

2018-12-06 19:57:52 - [TEST_STEP][PASSED] - delay: Delayed 2 second(s)

2018-12-06 19:57:54 - [MESSAGE][PASSED] - Delayed 2 second(s)

2018-12-06 19:57:54 - [TEST_STEP][PASSED] - click: Object: 'Object Repository/Final Object Repo/New Registration - Registration Module Pages/Form 2/Save Button for Add Employee' is clicked on

2018-12-06 19:57:55 - [MESSAGE][PASSED] - Object: 'Object Repository/Final Object Repo/New Registration - Registration Module Pages/Form 2/Save Button for Add Employee' is clicked on

2018-12-06 19:57:55 - [TEST_STEP][PASSED] - delay: Delayed 6 second(s)

2018-12-06 19:58:01 - [MESSAGE][PASSED] - Delayed 6 second(s)

2018-12-06 19:58:01 - [TEST_STEP][PASSED] - click: Object: 'Object Repository/Final Object Repo/New Registration - Registration Module Pages/Form 2/Save and Continue Form 2' is clicked on

2018-12-06 19:58:01 - [MESSAGE][PASSED] - Object: 'Object Repository/Final Object Repo/New Registration - Registration Module Pages/Form 2/Save and Continue Form 2' is clicked on

2018-12-06 19:58:01 - [MESSAGE][PASSED] - Call Test Case 'Test Cases/Final Aug 2018 - PKS Automation/Registration Module/New Registration/Form 2/Add 1 Eligible - Employer Account Use' successfully

2018-12-06 19:58:01 - [TEST_STEP][PASSED] - callTestCase: Call Test Case 'Test Cases/Final Aug 2018 - PKS Automation/Registration Module/New Registration/Flow of New Registration/Third Screen - Upload Supporting Doc - Preview' successfully

2018-12-06 19:58:01 - [TEST_CASE][PASSED] - Test Cases/Final Aug 2018 - PKS Automation/Registration Module/New Registration/Flow of New Registration/Third Screen - Upload Supporting Doc - Preview: Test Cases/Final Aug 2018 - PKS Automation/Registration Module/New Registration/Flow of New Registration/Third Screen - Upload Supporting Doc - Preview

2018-12-06 19:58:01 - [TEST_STEP][PASSED] - waitForPageLoad: Wait for page load successfully

2018-12-06 19:58:02 - [MESSAGE][PASSED] - Wait for page load successfully

2018-12-06 19:58:02 - [TEST_STEP][PASSED] - Statement - CaseReferenceNo = com.kms.katalon.core.webui.keyword.WebUiBuiltInKeywords.getText(com.kms.katalon.core.testobject.ObjectRepository.findTestObject(Final Object Repo/New Registration - Registration Module Pages/Third Screen - Upload Supporting Doc- Preview/RefNo Acquiring)): Text of object 'Object Repository/Final Object Repo/New Registration - Registration Module Pages/Third Screen - Upload Supporting Doc- Preview/RefNo Acquiring' is: 'CRN12201800123059'

2018-12-06 19:58:02 - [MESSAGE][PASSED] - Text of object 'Object Repository/Final Object Repo/New Registration - Registration Module Pages/Third Screen - Upload Supporting Doc- Preview/RefNo Acquiring' is: 'CRN12201800123059'

2018-12-06 19:58:02 - [TEST_STEP][PASSED] - delay: Delayed 2 second(s)

2018-12-06 19:58:04 - [MESSAGE][PASSED] - Delayed 2 second(s)

2018-12-06 19:58:04 - [TEST_STEP][PASSED] - callTestCase: Call Test Case 'Test Cases/Final Aug 2018 - PKS Automation/Common/Reference Number Setter' successfully

2018-12-06 19:58:04 - [TEST_CASE][PASSED] - Test Cases/Final Aug 2018 - PKS Automation/Common/Reference Number Setter: Test Cases/Final Aug 2018 - PKS Automation/Common/Reference Number Setter

2018-12-06 19:58:04 - [TEST_STEP][PASSED] - Statement - RefNoOldFile = new java.io.File(C://Users//Admin//Desktop//PKS//Automation Reference Point//KatalonReference.txt): null

2018-12-06 19:58:04 - [TEST_STEP][PASSED] - Statement - RefNoOldFile.delete(): null

2018-12-06 19:58:04 - [TEST_STEP][PASSED] - delay: Delayed 5 second(s)

2018-12-06 19:58:09 - [MESSAGE][PASSED] - Delayed 5 second(s)

2018-12-06 19:58:09 - [TEST_STEP][PASSED] - Statement - RefNo = new java.io.File(C://Users//Admin//Desktop//PKS//Automation Reference Point//KatalonReference.txt): null

2018-12-06 19:58:09 - [TEST_STEP][PASSED] - Statement - f2 = new java.io.FileWriter(RefNo, false): null

2018-12-06 19:58:09 - [TEST_STEP][PASSED] - Statement - f2.write(CaseReferenceNo): null

2018-12-06 19:58:09 - [TEST_STEP][PASSED] - Statement - f2.close(): null

2018-12-06 19:58:09 - [TEST_STEP][PASSED] - Statement - out.println("


" + CaseReferenceNo + "


"): null

2018-12-06 19:58:09 - [MESSAGE][PASSED] - Call Test Case 'Test Cases/Final Aug 2018 - PKS Automation/Common/Reference Number Setter' successfully

2018-12-06 19:58:09 - [TEST_STEP][PASSED] - waitForElementClickable: Object 'Object Repository/Final Object Repo/New Registration - Registration Module Pages/Third Screen - Upload Supporting Doc- Preview/Save n Continue in SIP Employee Listing Page' is clickable

2018-12-06 19:58:09 - [MESSAGE][PASSED] - Object 'Object Repository/Final Object Repo/New Registration - Registration Module Pages/Third Screen - Upload Supporting Doc- Preview/Save n Continue in SIP Employee Listing Page' is clickable

2018-12-06 19:58:09 - [TEST_STEP][PASSED] - click: Object: 'Object Repository/Final Object Repo/New Registration - Registration Module Pages/Third Screen - Upload Supporting Doc- Preview/Save n Continue in SIP Employee Listing Page' is clicked on

2018-12-06 19:58:14 - [MESSAGE][PASSED] - Object: 'Object Repository/Final Object Repo/New Registration - Registration Module Pages/Third Screen - Upload Supporting Doc- Preview/Save n Continue in SIP Employee Listing Page' is clicked on

2018-12-06 19:58:14 - [TEST_STEP][PASSED] - delay: Delayed 7 second(s)

2018-12-06 19:58:21 - [MESSAGE][PASSED] - Delayed 7 second(s)

2018-12-06 19:58:21 - [TEST_STEP][PASSED] - click: Object: 'Object Repository/Final Object Repo/New Registration - Registration Module Pages/Third Screen - Upload Supporting Doc- Preview/Add Document Button' is clicked on

2018-12-06 19:58:21 - [MESSAGE][PASSED] - Object: 'Object Repository/Final Object Repo/New Registration - Registration Module Pages/Third Screen - Upload Supporting Doc- Preview/Add Document Button' is clicked on

2018-12-06 19:58:21 - [TEST_STEP][PASSED] - delay: Delayed 30 second(s)

2018-12-06 19:58:51 - [MESSAGE][PASSED] - Delayed 30 second(s)

2018-12-06 19:58:51 - [TEST_STEP][PASSED] - click: Object: 'Object Repository/Final Object Repo/New Registration - Registration Module Pages/Third Screen - Upload Supporting Doc- Preview/Supporting Doc Please Select Drop Down' is clicked on

2018-12-06 19:58:51 - [MESSAGE][PASSED] - Object: 'Object Repository/Final Object Repo/New Registration - Registration Module Pages/Third Screen - Upload Supporting Doc- Preview/Supporting Doc Please Select Drop Down' is clicked on

2018-12-06 19:58:51 - [TEST_STEP][PASSED] - delay: Delayed 2 second(s)

2018-12-06 19:58:53 - [MESSAGE][PASSED] - Delayed 2 second(s)

2018-12-06 19:58:53 - [TEST_STEP][PASSED] - click: Object: 'Object Repository/Final Object Repo/New Registration - Registration Module Pages/Third Screen - Upload Supporting Doc- Preview/Select to Upload Form 1' is clicked on

2018-12-06 19:58:54 - [MESSAGE][PASSED] - Object: 'Object Repository/Final Object Repo/New Registration - Registration Module Pages/Third Screen - Upload Supporting Doc- Preview/Select to Upload Form 1' is clicked on

2018-12-06 19:58:54 - [TEST_STEP][PASSED] - delay: Delayed 2 second(s)

2018-12-06 19:58:56 - [MESSAGE][PASSED] - Delayed 2 second(s)

2018-12-06 19:58:56 - [TEST_STEP][PASSED] - uploadFile: File 'C:\Users\Public\Pictures\Sample Pictures\Koala.jpg' sent to object: 'Object Repository/Final Object Repo/New Registration - Registration Module Pages/Third Screen - Upload Supporting Doc- Preview/Upload File Adding'

2018-12-06 19:58:56 - [MESSAGE][PASSED] - File 'C:\Users\Public\Pictures\Sample Pictures\Koala.jpg' sent to object: 'Object Repository/Final Object Repo/New Registration - Registration Module Pages/Third Screen - Upload Supporting Doc- Preview/Upload File Adding'

2018-12-06 19:58:56 - [TEST_STEP][PASSED] - delay: Delayed 5 second(s)

2018-12-06 19:59:01 - [MESSAGE][PASSED] - Delayed 5 second(s)

2018-12-06 19:59:01 - [TEST_STEP][PASSED] - click: Object: 'Object Repository/Final Object Repo/New Registration - Registration Module Pages/Third Screen - Upload Supporting Doc- Preview/Inner Form Add Document Button' is clicked on

2018-12-06 19:59:01 - [MESSAGE][PASSED] - Object: 'Object Repository/Final Object Repo/New Registration - Registration Module Pages/Third Screen - Upload Supporting Doc- Preview/Inner Form Add Document Button' is clicked on

2018-12-06 19:59:01 - [TEST_STEP][PASSED] - delay: Delayed 3 second(s)

2018-12-06 19:59:04 - [MESSAGE][PASSED] - Delayed 3 second(s)

2018-12-06 19:59:04 - [TEST_STEP][PASSED] - click: Object: 'Object Repository/Final Object Repo/New Registration - Registration Module Pages/Third Screen - Upload Supporting Doc- Preview/Add Document Button' is clicked on

2018-12-06 19:59:05 - [MESSAGE][PASSED] - Object: 'Object Repository/Final Object Repo/New Registration - Registration Module Pages/Third Screen - Upload Supporting Doc- Preview/Add Document Button' is clicked on

2018-12-06 19:59:05 - [TEST_STEP][PASSED] - delay: Delayed 30 second(s)

2018-12-06 19:59:35 - [MESSAGE][PASSED] - Delayed 30 second(s)

2018-12-06 19:59:35 - [TEST_STEP][PASSED] - click: Object: 'Object Repository/Final Object Repo/New Registration - Registration Module Pages/Third Screen - Upload Supporting Doc- Preview/Supporting Doc Please Select Drop Down' is clicked on

2018-12-06 19:59:36 - [MESSAGE][PASSED] - Object: 'Object Repository/Final Object Repo/New Registration - Registration Module Pages/Third Screen - Upload Supporting Doc- Preview/Supporting Doc Please Select Drop Down' is clicked on

2018-12-06 19:59:36 - [TEST_STEP][PASSED] - delay: Delayed 2 second(s)

2018-12-06 19:59:38 - [MESSAGE][PASSED] - Delayed 2 second(s)

2018-12-06 19:59:38 - [TEST_STEP][PASSED] - click: Object: 'Object Repository/Final Object Repo/New Registration - Registration Module Pages/Third Screen - Upload Supporting Doc- Preview/Select to Upload Form 2' is clicked on

2018-12-06 19:59:38 - [MESSAGE][PASSED] - Object: 'Object Repository/Final Object Repo/New Registration - Registration Module Pages/Third Screen - Upload Supporting Doc- Preview/Select to Upload Form 2' is clicked on

2018-12-06 19:59:38 - [TEST_STEP][PASSED] - delay: Delayed 2 second(s)

2018-12-06 19:59:40 - [MESSAGE][PASSED] - Delayed 2 second(s)

2018-12-06 19:59:40 - [TEST_STEP][PASSED] - uploadFile: File 'C:\Users\Public\Pictures\Sample Pictures\Koala.jpg' sent to object: 'Object Repository/Final Object Repo/New Registration - Registration Module Pages/Third Screen - Upload Supporting Doc- Preview/Upload File Adding'

2018-12-06 19:59:40 - [MESSAGE][PASSED] - File 'C:\Users\Public\Pictures\Sample Pictures\Koala.jpg' sent to object: 'Object Repository/Final Object Repo/New Registration - Registration Module Pages/Third Screen - Upload Supporting Doc- Preview/Upload File Adding'

2018-12-06 19:59:40 - [TEST_STEP][PASSED] - click: Object: 'Object Repository/Final Object Repo/New Registration - Registration Module Pages/Third Screen - Upload Supporting Doc- Preview/Inner Form Add Document Button' is clicked on

2018-12-06 19:59:40 - [MESSAGE][PASSED] - Object: 'Object Repository/Final Object Repo/New Registration - Registration Module Pages/Third Screen - Upload Supporting Doc- Preview/Inner Form Add Document Button' is clicked on

2018-12-06 19:59:40 - [TEST_STEP][PASSED] - delay: Delayed 5 second(s)

2018-12-06 19:59:45 - [MESSAGE][PASSED] - Delayed 5 second(s)

2018-12-06 19:59:45 - [TEST_STEP][PASSED] - click: Object: 'Object Repository/Final Object Repo/New Registration - Registration Module Pages/Third Screen - Upload Supporting Doc- Preview/Add Document Button' is clicked on

2018-12-06 19:59:45 - [MESSAGE][PASSED] - Object: 'Object Repository/Final Object Repo/New Registration - Registration Module Pages/Third Screen - Upload Supporting Doc- Preview/Add Document Button' is clicked on

2018-12-06 19:59:45 - [TEST_STEP][PASSED] - delay: Delayed 30 second(s)

2018-12-06 20:00:15 - [MESSAGE][PASSED] - Delayed 30 second(s)

2018-12-06 20:00:15 - [TEST_STEP][PASSED] - click: Object: 'Object Repository/Final Object Repo/New Registration - Registration Module Pages/Third Screen - Upload Supporting Doc- Preview/Supporting Doc Please Select Drop Down' is clicked on

2018-12-06 20:00:15 - [MESSAGE][PASSED] - Object: 'Object Repository/Final Object Repo/New Registration - Registration Module Pages/Third Screen - Upload Supporting Doc- Preview/Supporting Doc Please Select Drop Down' is clicked on

2018-12-06 20:00:15 - [TEST_STEP][PASSED] - click: Object: 'Object Repository/Final Object Repo/New Registration - Registration Module Pages/Third Screen - Upload Supporting Doc- Preview/Select to Upload Borang SIP 1' is clicked on

2018-12-06 20:00:16 - [MESSAGE][PASSED] - Object: 'Object Repository/Final Object Repo/New Registration - Registration Module Pages/Third Screen - Upload Supporting Doc- Preview/Select to Upload Borang SIP 1' is clicked on

2018-12-06 20:00:16 - [TEST_STEP][PASSED] - delay: Delayed 2 second(s)

2018-12-06 20:00:18 - [MESSAGE][PASSED] - Delayed 2 second(s)

2018-12-06 20:00:18 - [TEST_STEP][PASSED] - uploadFile: File 'C:\Users\Public\Pictures\Sample Pictures\Koala.jpg' sent to object: 'Object Repository/Final Object Repo/New Registration - Registration Module Pages/Third Screen - Upload Supporting Doc- Preview/Upload File Adding'

2018-12-06 20:00:18 - [MESSAGE][PASSED] - File 'C:\Users\Public\Pictures\Sample Pictures\Koala.jpg' sent to object: 'Object Repository/Final Object Repo/New Registration - Registration Module Pages/Third Screen - Upload Supporting Doc- Preview/Upload File Adding'

2018-12-06 20:00:18 - [TEST_STEP][PASSED] - click: Object: 'Object Repository/Final Object Repo/New Registration - Registration Module Pages/Third Screen - Upload Supporting Doc- Preview/Inner Form Add Document Button' is clicked on

2018-12-06 20:00:18 - [MESSAGE][PASSED] - Object: 'Object Repository/Final Object Repo/New Registration - Registration Module Pages/Third Screen - Upload Supporting Doc- Preview/Inner Form Add Document Button' is clicked on

2018-12-06 20:00:18 - [TEST_STEP][PASSED] - delay: Delayed 5 second(s)

2018-12-06 20:00:23 - [MESSAGE][PASSED] - Delayed 5 second(s)

2018-12-06 20:00:23 - [TEST_STEP][PASSED] - click: Object: 'Object Repository/Final Object Repo/New Registration - Registration Module Pages/Third Screen - Upload Supporting Doc- Preview/Add Document Button' is clicked on

2018-12-06 20:00:23 - [MESSAGE][PASSED] - Object: 'Object Repository/Final Object Repo/New Registration - Registration Module Pages/Third Screen - Upload Supporting Doc- Preview/Add Document Button' is clicked on

2018-12-06 20:00:23 - [TEST_STEP][PASSED] - delay: Delayed 30 second(s)

2018-12-06 20:00:53 - [MESSAGE][PASSED] - Delayed 30 second(s)

2018-12-06 20:00:53 - [TEST_STEP][PASSED] - click: Object: 'Object Repository/Final Object Repo/New Registration - Registration Module Pages/Third Screen - Upload Supporting Doc- Preview/Supporting Doc Please Select Drop Down' is clicked on

2018-12-06 20:00:53 - [MESSAGE][PASSED] - Object: 'Object Repository/Final Object Repo/New Registration - Registration Module Pages/Third Screen - Upload Supporting Doc- Preview/Supporting Doc Please Select Drop Down' is clicked on

2018-12-06 20:00:53 - [TEST_STEP][PASSED] - delay: Delayed 3 second(s)

2018-12-06 20:00:56 - [MESSAGE][PASSED] - Delayed 3 second(s)

2018-12-06 20:00:56 - [TEST_STEP][PASSED] - click: Object: 'Object Repository/Final Object Repo/New Registration - Registration Module Pages/Third Screen - Upload Supporting Doc- Preview/Select to Upload Borang SIP 2' is clicked on

2018-12-06 20:00:56 - [MESSAGE][PASSED] - Object: 'Object Repository/Final Object Repo/New Registration - Registration Module Pages/Third Screen - Upload Supporting Doc- Preview/Select to Upload Borang SIP 2' is clicked on

2018-12-06 20:00:56 - [TEST_STEP][PASSED] - delay: Delayed 2 second(s)

2018-12-06 20:00:58 - [MESSAGE][PASSED] - Delayed 2 second(s)

2018-12-06 20:00:58 - [TEST_STEP][PASSED] - uploadFile: File 'C:\Users\Public\Pictures\Sample Pictures\Koala.jpg' sent to object: 'Object Repository/Final Object Repo/New Registration - Registration Module Pages/Third Screen - Upload Supporting Doc- Preview/Upload File Adding'

2018-12-06 20:00:59 - [MESSAGE][PASSED] - File 'C:\Users\Public\Pictures\Sample Pictures\Koala.jpg' sent to object: 'Object Repository/Final Object Repo/New Registration - Registration Module Pages/Third Screen - Upload Supporting Doc- Preview/Upload File Adding'

2018-12-06 20:00:59 - [TEST_STEP][PASSED] - delay: Delayed 5 second(s)

2018-12-06 20:01:04 - [MESSAGE][PASSED] - Delayed 5 second(s)

2018-12-06 20:01:04 - [TEST_STEP][PASSED] - click: Object: 'Object Repository/Final Object Repo/New Registration - Registration Module Pages/Third Screen - Upload Supporting Doc- Preview/Inner Form Add Document Button' is clicked on

2018-12-06 20:01:04 - [MESSAGE][PASSED] - Object: 'Object Repository/Final Object Repo/New Registration - Registration Module Pages/Third Screen - Upload Supporting Doc- Preview/Inner Form Add Document Button' is clicked on

2018-12-06 20:01:04 - [TEST_STEP][PASSED] - delay: Delayed 3 second(s)

2018-12-06 20:01:07 - [MESSAGE][PASSED] - Delayed 3 second(s)

2018-12-06 20:01:07 - [TEST_STEP][PASSED] - waitForElementClickable: Object 'Object Repository/Final Object Repo/New Registration - Registration Module Pages/Third Screen - Upload Supporting Doc- Preview/Save n Continue in Uploading Supporting Doc Page' is clickable

2018-12-06 20:01:08 - [MESSAGE][PASSED] - Object 'Object Repository/Final Object Repo/New Registration - Registration Module Pages/Third Screen - Upload Supporting Doc- Preview/Save n Continue in Uploading Supporting Doc Page' is clickable

2018-12-06 20:01:08 - [TEST_STEP][PASSED] - click: Object: 'Object Repository/Final Object Repo/New Registration - Registration Module Pages/Third Screen - Upload Supporting Doc- Preview/Save n Continue in Uploading Supporting Doc Page' is clicked on

2018-12-06 20:01:08 - [MESSAGE][PASSED] - Object: 'Object Repository/Final Object Repo/New Registration - Registration Module Pages/Third Screen - Upload Supporting Doc- Preview/Save n Continue in Uploading Supporting Doc Page' is clicked on

2018-12-06 20:01:08 - [MESSAGE][PASSED] - Call Test Case 'Test Cases/Final Aug 2018 - PKS Automation/Registration Module/New Registration/Flow of New Registration/Third Screen - Upload Supporting Doc - Preview' successfully

2018-12-06 20:01:08 - [TEST_STEP][PASSED] - setText: Text 'Tester' is set on object 'Object Repository/Final Object Repo/New Registration - Registration Module Pages/New Reg - OTC to RO/Special Case - All Related Objects/Employer Preview Name'

2018-12-06 20:01:13 - [MESSAGE][PASSED] - Text 'Tester' is set on object 'Object Repository/Final Object Repo/New Registration - Registration Module Pages/New Reg - OTC to RO/Special Case - All Related Objects/Employer Preview Name'

2018-12-06 20:01:13 - [TEST_STEP][PASSED] - click: Object: 'Object Repository/Final Object Repo/New Registration - Registration Module Pages/New Reg - OTC to RO/Special Case - All Related Objects/IC Type Drop Down' is clicked on

2018-12-06 20:01:13 - [MESSAGE][PASSED] - Object: 'Object Repository/Final Object Repo/New Registration - Registration Module Pages/New Reg - OTC to RO/Special Case - All Related Objects/IC Type Drop Down' is clicked on

2018-12-06 20:01:13 - [TEST_STEP][PASSED] - click: Object: 'Object Repository/Final Object Repo/New Registration - Registration Module Pages/New Reg - OTC to RO/Special Case - All Related Objects/Select to NRIC' is clicked on

2018-12-06 20:01:13 - [MESSAGE][PASSED] - Object: 'Object Repository/Final Object Repo/New Registration - Registration Module Pages/New Reg - OTC to RO/Special Case - All Related Objects/Select to NRIC' is clicked on

2018-12-06 20:01:13 - [TEST_STEP][PASSED] - setText: Text '133245561223' is set on object 'Object Repository/Final Object Repo/New Registration - Registration Module Pages/New Reg - OTC to RO/Special Case - All Related Objects/IC Value'

2018-12-06 20:01:13 - [MESSAGE][PASSED] - Text '133245561223' is set on object 'Object Repository/Final Object Repo/New Registration - Registration Module Pages/New Reg - OTC to RO/Special Case - All Related Objects/IC Value'

2018-12-06 20:01:13 - [TEST_STEP][PASSED] - setText: Text 'Auto' is set on object 'Object Repository/Final Object Repo/New Registration - Registration Module Pages/New Reg - OTC to RO/Special Case - All Related Objects/Designation'

2018-12-06 20:01:14 - [MESSAGE][PASSED] - Text 'Auto' is set on object 'Object Repository/Final Object Repo/New Registration - Registration Module Pages/New Reg - OTC to RO/Special Case - All Related Objects/Designation'

2018-12-06 20:01:14 - [TEST_STEP][PASSED] - callTestCase: Call Test Case 'Test Cases/Final Aug 2018 - PKS Automation/Registration Module/New Registration/Submit and Screenshot/Submit Registration and Screenshot - Copy' successfully

2018-12-06 20:01:14 - [TEST_CASE][PASSED] - Test Cases/Final Aug 2018 - PKS Automation/Registration Module/New Registration/Submit and Screenshot/Submit Registration and Screenshot - Copy: Test Cases/Final Aug 2018 - PKS Automation/Registration Module/New Registration/Submit and Screenshot/Submit Registration and Screenshot - Copy

2018-12-06 20:01:14 - [TEST_STEP][PASSED] - delay: Delayed 6 second(s)

2018-12-06 20:01:20 - [MESSAGE][PASSED] - Delayed 6 second(s)

2018-12-06 20:01:20 - [TEST_STEP][PASSED] - click: Object: 'Object Repository/Final Object Repo/New Registration - Registration Module Pages/Third Screen - Upload Supporting Doc- Preview/Preview Submit Button' is clicked on

2018-12-06 20:01:20 - [MESSAGE][PASSED] - Object: 'Object Repository/Final Object Repo/New Registration - Registration Module Pages/Third Screen - Upload Supporting Doc- Preview/Preview Submit Button' is clicked on

2018-12-06 20:01:20 - [TEST_STEP][PASSED] - delay: Delayed 2 second(s)

2018-12-06 20:01:22 - [MESSAGE][PASSED] - Delayed 2 second(s)

2018-12-06 20:01:22 - [TEST_STEP][PASSED] - click: Object: 'Object Repository/Final Object Repo/New Registration - Registration Module Pages/Third Screen - Upload Supporting Doc- Preview/Preview Submit - Confirm' is clicked on

2018-12-06 20:01:22 - [MESSAGE][PASSED] - Object: 'Object Repository/Final Object Repo/New Registration - Registration Module Pages/Third Screen - Upload Supporting Doc- Preview/Preview Submit - Confirm' is clicked on

2018-12-06 20:01:22 - [TEST_STEP][PASSED] - delay: Delayed 15 second(s)

2018-12-06 20:01:37 - [MESSAGE][PASSED] - Delayed 15 second(s)

2018-12-06 20:01:37 - [TEST_STEP][PASSED] - Statement - driver = com.kms.katalon.core.webui.driver.DriverFactory.getWebDriver(): null

2018-12-06 20:01:37 - [TEST_STEP][PASSED] - Statement - driver.manage().timeouts().implicitlyWait(10, SECONDS): null

2018-12-06 20:01:37 - [TEST_STEP][PASSED] - Statement - PresavePath = KatalonScreenshots: null

2018-12-06 20:01:37 - [TEST_STEP][PASSED] - Statement - pathPrefix = "C:\Users\Public\Pictures\Sample Pictures\Katalon Screenshots\Automate Ending Screen": null

2018-12-06 20:01:37 - [TEST_STEP][PASSED] - Statement - finalPath = <not implemented yet for class: org.codehaus.groovy.ast.expr.EmptyExpression>: null

2018-12-06 20:01:37 - [TEST_STEP][PASSED] - Statement - scrFile = driver.getScreenshotAs(FILE): null

2018-12-06 20:01:46 - [TEST_STEP][PASSED] - Statement - PreSaveFile = new java.io.File(PresavePath): null

2018-12-06 20:01:46 - [TEST_STEP][PASSED] - Statement - counter = 0: null

2018-12-06 20:01:46 - [TEST_STEP][PASSED] - Statement - If (PreSaveFile.exists()): null

2018-12-06 20:01:46 - [TEST_STEP][PASSED] - Statement - While (PreSaveFile.exists()): null

2018-12-06 20:01:46 - [TEST_STEP][PASSED] - Statement - counter = counter + 1: null

2018-12-06 20:01:46 - [TEST_STEP][PASSED] - Statement - PreSaveFile = new java.io.File(((pathPrefix + java.lang.Integer.toString(counter)) + .png)): null

2018-12-06 20:01:46 - [TEST_STEP][PASSED] - Statement - counter = counter + 1: null

2018-12-06 20:01:46 - [TEST_STEP][PASSED] - Statement - PreSaveFile = new java.io.File(((pathPrefix + java.lang.Integer.toString(counter)) + .png)): null

2018-12-06 20:01:46 - [TEST_STEP][PASSED] - Statement - counter = counter + 1: null

2018-12-06 20:01:46 - [TEST_STEP][PASSED] - Statement - PreSaveFile = new java.io.File(((pathPrefix + java.lang.Integer.toString(counter)) + .png)): null

2018-12-06 20:01:46 - [TEST_STEP][PASSED] - Statement - counter = counter + 1: null

2018-12-06 20:01:46 - [TEST_STEP][PASSED] - Statement - PreSaveFile = new java.io.File(((pathPrefix + java.lang.Integer.toString(counter)) + .png)): null

2018-12-06 20:01:46 - [TEST_STEP][PASSED] - Statement - counter = counter + 1: null

2018-12-06 20:01:46 - [TEST_STEP][PASSED] - Statement - PreSaveFile = new java.io.File(((pathPrefix + java.lang.Integer.toString(counter)) + .png)): null

2018-12-06 20:01:46 - [TEST_STEP][PASSED] - Statement - counter = counter + 1: null

2018-12-06 20:01:46 - [TEST_STEP][PASSED] - Statement - PreSaveFile = new java.io.File(((pathPrefix + java.lang.Integer.toString(counter)) + .png)): null

2018-12-06 20:01:46 - [TEST_STEP][PASSED] - Statement - counter = counter + 1: null

2018-12-06 20:01:46 - [TEST_STEP][PASSED] - Statement - PreSaveFile = new java.io.File(((pathPrefix + java.lang.Integer.toString(counter)) + .png)): null

2018-12-06 20:01:46 - [TEST_STEP][PASSED] - Statement - counter = counter + 1: null

2018-12-06 20:01:46 - [TEST_STEP][PASSED] - Statement - PreSaveFile = new java.io.File(((pathPrefix + java.lang.Integer.toString(counter)) + .png)): null

2018-12-06 20:01:46 - [TEST_STEP][PASSED] - Statement - counter = counter + 1: null

2018-12-06 20:01:46 - [TEST_STEP][PASSED] - Statement - PreSaveFile = new java.io.File(((pathPrefix + java.lang.Integer.toString(counter)) + .png)): null

2018-12-06 20:01:46 - [TEST_STEP][PASSED] - Statement - counter = counter + 1: null

2018-12-06 20:01:46 - [TEST_STEP][PASSED] - Statement - PreSaveFile = new java.io.File(((pathPrefix + java.lang.Integer.toString(counter)) + .png)): null

2018-12-06 20:01:46 - [TEST_STEP][PASSED] - Statement - counter = counter + 1: null

2018-12-06 20:01:46 - [TEST_STEP][PASSED] - Statement - PreSaveFile = new java.io.File(((pathPrefix + java.lang.Integer.toString(counter)) + .png)): null

2018-12-06 20:01:46 - [TEST_STEP][PASSED] - Statement - counter = counter + 1: null

2018-12-06 20:01:46 - [TEST_STEP][PASSED] - Statement - PreSaveFile = new java.io.File(((pathPrefix + java.lang.Integer.toString(counter)) + .png)): null

2018-12-06 20:01:46 - [TEST_STEP][PASSED] - Statement - counter = counter + 1: null

2018-12-06 20:01:46 - [TEST_STEP][PASSED] - Statement - PreSaveFile = new java.io.File(((pathPrefix + java.lang.Integer.toString(counter)) + .png)): null

2018-12-06 20:01:46 - [TEST_STEP][PASSED] - Statement - counter = counter + 1: null

2018-12-06 20:01:46 - [TEST_STEP][PASSED] - Statement - PreSaveFile = new java.io.File(((pathPrefix + java.lang.Integer.toString(counter)) + .png)): null

2018-12-06 20:01:46 - [TEST_STEP][PASSED] - Statement - counter = counter + 1: null

2018-12-06 20:01:46 - [TEST_STEP][PASSED] - Statement - PreSaveFile = new java.io.File(((pathPrefix + java.lang.Integer.toString(counter)) + .png)): null

2018-12-06 20:01:46 - [TEST_STEP][PASSED] - Statement - counter = counter + 1: null

2018-12-06 20:01:46 - [TEST_STEP][PASSED] - Statement - PreSaveFile = new java.io.File(((pathPrefix + java.lang.Integer.toString(counter)) + .png)): null

2018-12-06 20:01:46 - [TEST_STEP][PASSED] - Statement - counter = counter + 1: null

2018-12-06 20:01:46 - [TEST_STEP][PASSED] - Statement - PreSaveFile = new java.io.File(((pathPrefix + java.lang.Integer.toString(counter)) + .png)): null

2018-12-06 20:01:46 - [TEST_STEP][PASSED] - Statement - counter = counter + 1: null

2018-12-06 20:01:46 - [TEST_STEP][PASSED] - Statement - PreSaveFile = new java.io.File(((pathPrefix + java.lang.Integer.toString(counter)) + .png)): null

2018-12-06 20:01:46 - [TEST_STEP][PASSED] - Statement - counter = counter + 1: null

2018-12-06 20:01:46 - [TEST_STEP][PASSED] - Statement - PreSaveFile = new java.io.File(((pathPrefix + java.lang.Integer.toString(counter)) + .png)): null

2018-12-06 20:01:46 - [TEST_STEP][PASSED] - Statement - counter = counter + 1: null

2018-12-06 20:01:46 - [TEST_STEP][PASSED] - Statement - PreSaveFile = new java.io.File(((pathPrefix + java.lang.Integer.toString(counter)) + .png)): null

2018-12-06 20:01:46 - [TEST_STEP][PASSED] - Statement - counter = counter + 1: null

2018-12-06 20:01:46 - [TEST_STEP][PASSED] - Statement - PreSaveFile = new java.io.File(((pathPrefix + java.lang.Integer.toString(counter)) + .png)): null

2018-12-06 20:01:46 - [TEST_STEP][PASSED] - Statement - counter = counter + 1: null

2018-12-06 20:01:46 - [TEST_STEP][PASSED] - Statement - PreSaveFile = new java.io.File(((pathPrefix + java.lang.Integer.toString(counter)) + .png)): null

2018-12-06 20:01:46 - [TEST_STEP][PASSED] - Statement - counter = counter + 1: null

2018-12-06 20:01:46 - [TEST_STEP][PASSED] - Statement - PreSaveFile = new java.io.File(((pathPrefix + java.lang.Integer.toString(counter)) + .png)): null

2018-12-06 20:01:46 - [TEST_STEP][PASSED] - Statement - counter = counter + 1: null

2018-12-06 20:01:46 - [TEST_STEP][PASSED] - Statement - PreSaveFile = new java.io.File(((pathPrefix + java.lang.Integer.toString(counter)) + .png)): null

2018-12-06 20:01:46 - [TEST_STEP][PASSED] - Statement - finalPath = pathPrefix + java.lang.Integer.toString(counter) + ".png": null

2018-12-06 20:01:46 - [TEST_STEP][PASSED] - Statement - SaveFile = new java.io.File(finalPath): null

2018-12-06 20:01:46 - [TEST_STEP][PASSED] - Statement - Try: null

2018-12-06 20:01:46 - [TEST_STEP][PASSED] - Statement - org.apache.commons.io.FileUtils.copyFile(scrFile, SaveFile): null

2018-12-06 20:01:46 - [TEST_STEP][PASSED] - Statement - out.println("file kept"): null

2018-12-06 20:01:46 - [TEST_STEP][PASSED] - delay: Delayed 10 second(s)

2018-12-06 20:01:56 - [MESSAGE][PASSED] - Delayed 10 second(s)

2018-12-06 20:01:56 - [MESSAGE][PASSED] - Call Test Case 'Test Cases/Final Aug 2018 - PKS Automation/Registration Module/New Registration/Submit and Screenshot/Submit Registration and Screenshot - Copy' successfully

2018-12-06 20:01:56 - [TEST_STEP][PASSED] - Statement - UpdateAddNewECode = com.kms.katalon.core.webui.keyword.WebUiBuiltInKeywords.getText(com.kms.katalon.core.testobject.ObjectRepository.findTestObject(Object Repository/Final Object Repo/Page_Update Add New Employee - ASSIST/getEmpCode)): Text of object 'Object Repository/Final Object Repo/Page_Update Add New Employee - ASSIST/getEmpCode' is: 'E1102070643M'

2018-12-06 20:01:56 - [MESSAGE][PASSED] - Text of object 'Object Repository/Final Object Repo/Page_Update Add New Employee - ASSIST/getEmpCode' is: 'E1102070643M'

2018-12-06 20:01:56 - [TEST_STEP][PASSED] - callTestCase: Call Test Case 'Test Cases/Final Aug 2018 - PKS Automation/Common/Emp Code Setter' successfully

2018-12-06 20:01:56 - [TEST_CASE][PASSED] - Test Cases/Final Aug 2018 - PKS Automation/Common/Emp Code Setter: Test Cases/Final Aug 2018 - PKS Automation/Common/Emp Code Setter

2018-12-06 20:01:56 - [TEST_STEP][PASSED] - Statement - EmpCodeOld = new java.io.File(C://Users//Admin//Desktop//PKS//Automation Reference Point//EmpCode.txt): null

2018-12-06 20:01:56 - [TEST_STEP][PASSED] - Statement - EmpCodeOld.delete(): null

2018-12-06 20:01:56 - [TEST_STEP][PASSED] - Statement - EmpCode = new java.io.File(C://Users//Admin//Desktop//PKS//Automation Reference Point//EmpCode.txt): null

2018-12-06 20:01:56 - [TEST_STEP][PASSED] - Statement - f2 = new java.io.FileWriter(EmpCode, false): null

2018-12-06 20:01:56 - [TEST_STEP][PASSED] - Statement - f2.write(UpdateAddNewECode): null

2018-12-06 20:01:56 - [TEST_STEP][PASSED] - Statement - f2.close(): null

2018-12-06 20:01:56 - [TEST_STEP][PASSED] - Statement - out.println("


" + UpdateAddNewECode + "


"): null

2018-12-06 20:01:56 - [MESSAGE][PASSED] - Call Test Case 'Test Cases/Final Aug 2018 - PKS Automation/Common/Emp Code Setter' successfully

2018-12-06 20:01:56 - [MESSAGE][PASSED] - Call Test Case 'Test Cases/Final Aug 2018 - PKS Automation/Registration Module/Workflow/Update Add New Employee/Template/New Company for Update Add New - Employer' successfully

2018-12-06 20:01:56 - [TEST_STEP][PASSED] - callTestCase: Call Test Case 'Test Cases/Final Aug 2018 - PKS Automation/Create Employer Acc/Login to Employer Account (Second time)' successfully

2018-12-06 20:01:56 - [TEST_CASE][PASSED] - Test Cases/Final Aug 2018 - PKS Automation/Create Employer Acc/Login to Employer Account (Second time): Test Cases/Final Aug 2018 - PKS Automation/Create Employer Acc/Login to Employer Account (Second time)

2018-12-06 20:01:56 - [TEST_STEP][PASSED] - openBrowser: Browser is opened with url: ''

2018-12-06 20:01:56 - [MESSAGE][WARNING] - A browser is already opened. Closing browser and opening a new one

2018-12-06 20:01:59 - [MESSAGE][PASSED] - Browser is opened with url: ''

2018-12-06 20:01:59 - [TEST_STEP][PASSED] - navigateToUrl: Navigate to 'https://assist2-uat.perkeso.gov.my/employer/login' successfully

2018-12-06 20:02:00 - [MESSAGE][PASSED] - Navigate to 'https://assist2-uat.perkeso.gov.my/employer/login' successfully

2018-12-06 20:02:00 - [TEST_STEP][PASSED] - delay: Delayed 3 second(s)

2018-12-06 20:02:03 - [MESSAGE][PASSED] - Delayed 3 second(s)

2018-12-06 20:02:03 - [TEST_STEP][PASSED] - callTestCase: Call Test Case 'Test Cases/Final Aug 2018 - PKS Automation/Create Employer Acc/Template/Employer Email Getter' successfully

2018-12-06 20:02:03 - [TEST_CASE][PASSED] - Test Cases/Final Aug 2018 - PKS Automation/Create Employer Acc/Template/Employer Email Getter: Test Cases/Final Aug 2018 - PKS Automation/Create Employer Acc/Template/Employer Email Getter

2018-12-06 20:02:03 - [TEST_STEP][PASSED] - Statement - Try: null

2018-12-06 20:02:03 - [TEST_STEP][PASSED] - Statement - EmpEmail = new java.io.File(C://Users//Admin//Desktop//PKS//Automation Reference Point//EmpEmail.txt): null

2018-12-06 20:02:03 - [TEST_STEP][PASSED] - Statement - bufferread = new java.io.BufferedReader(new java.io.FileReader(EmpEmail)): null

2018-12-06 20:02:03 - [TEST_STEP][PASSED] - Statement - readedVal = bufferread.readLine(): null

2018-12-06 20:02:03 - [TEST_STEP][PASSED] - Statement - out.println(readedVal): null

2018-12-06 20:02:03 - [TEST_STEP][PASSED] - Statement - Email = readedVal: null

2018-12-06 20:02:03 - [MESSAGE][PASSED] - Call Test Case 'Test Cases/Final Aug 2018 - PKS Automation/Create Employer Acc/Template/Employer Email Getter' successfully

2018-12-06 20:02:03 - [TEST_STEP][PASSED] - setText: Text 'perkeso871643134549@gmail.com' is set on object 'Object Repository/Final Object Repo/Login Page/External Login Page/Email'

2018-12-06 20:02:04 - [MESSAGE][PASSED] - Text 'perkeso871643134549@gmail.com' is set on object 'Object Repository/Final Object Repo/Login Page/External Login Page/Email'

2018-12-06 20:02:04 - [TEST_STEP][PASSED] - click: Object: 'Object Repository/Final Object Repo/Login Page/External Login Page/Next' is clicked on

2018-12-06 20:02:04 - [MESSAGE][PASSED] - Object: 'Object Repository/Final Object Repo/Login Page/External Login Page/Next' is clicked on

2018-12-06 20:02:04 - [TEST_STEP][PASSED] - delay: Delayed 3 second(s)

2018-12-06 20:02:07 - [MESSAGE][PASSED] - Delayed 3 second(s)

2018-12-06 20:02:07 - [TEST_STEP][PASSED] - setEncryptedText: Text ****** has been set on object 'Object Repository/Final Object Repo/Login Page/External Login Page/Password'

2018-12-06 20:02:07 - [MESSAGE][PASSED] - Text ****** has been set on object 'Object Repository/Final Object Repo/Login Page/External Login Page/Password'

2018-12-06 20:02:07 - [TEST_STEP][PASSED] - click: Object: 'Object Repository/Final Object Repo/Login Page/External Login Page/Login' is clicked on

2018-12-06 20:02:07 - [MESSAGE][PASSED] - Object: 'Object Repository/Final Object Repo/Login Page/External Login Page/Login' is clicked on

2018-12-06 20:02:07 - [TEST_STEP][PASSED] - delay: Delayed 5 second(s)

2018-12-06 20:02:12 - [MESSAGE][PASSED] - Delayed 5 second(s)

2018-12-06 20:02:12 - [MESSAGE][PASSED] - Call Test Case 'Test Cases/Final Aug 2018 - PKS Automation/Create Employer Acc/Login to Employer Account (Second time)' successfully

2018-12-06 20:02:12 - [TEST_STEP][PASSED] - navigateToUrl: Navigate to 'https://assist2-uat.perkeso.gov.my/web/registration/update/form-1a-cessation-as-employer-discontinue-business-' successfully

2018-12-06 20:02:13 - [MESSAGE][PASSED] - Navigate to 'https://assist2-uat.perkeso.gov.my/web/registration/update/form-1a-cessation-as-employer-discontinue-business-' successfully

2018-12-06 20:02:13 - [TEST_STEP][PASSED] - callTestCase: Call Test Case 'Test Cases/Final Aug 2018 - PKS Automation/Common/Emp Code Getter' successfully

2018-12-06 20:02:13 - [TEST_CASE][PASSED] - Test Cases/Final Aug 2018 - PKS Automation/Common/Emp Code Getter: Test Cases/Final Aug 2018 - PKS Automation/Common/Emp Code Getter

2018-12-06 20:02:13 - [TEST_STEP][PASSED] - Statement - Try: null

2018-12-06 20:02:13 - [TEST_STEP][PASSED] - Statement - EmpCode = new java.io.File(C://Users//Admin//Desktop//PKS//Automation Reference Point//EmpCode.txt): null

2018-12-06 20:02:13 - [TEST_STEP][PASSED] - Statement - bufferread = new java.io.BufferedReader(new java.io.FileReader(EmpCode)): null

2018-12-06 20:02:13 - [TEST_STEP][PASSED] - Statement - readedVal = bufferread.readLine(): null

2018-12-06 20:02:13 - [TEST_STEP][PASSED] - Statement - out.println(readedVal): null

2018-12-06 20:02:13 - [TEST_STEP][PASSED] - Statement - UpdateAddNewECode = readedVal: null

2018-12-06 20:02:13 - [MESSAGE][PASSED] - Call Test Case 'Test Cases/Final Aug 2018 - PKS Automation/Common/Emp Code Getter' successfully

2018-12-06 20:02:13 - [TEST_STEP][PASSED] - setText: Text 'E1102070643M' is set on object 'Object Repository/Final Object Repo/Page_Update Employer Information/Employer Code'

2018-12-06 20:02:14 - [MESSAGE][PASSED] - Text 'E1102070643M' is set on object 'Object Repository/Final Object Repo/Page_Update Employer Information/Employer Code'

2018-12-06 20:02:14 - [TEST_STEP][PASSED] - click: Object: 'Object Repository/Final Object Repo/Page_Update Employer Information/Search Button' is clicked on

2018-12-06 20:02:14 - [MESSAGE][PASSED] - Object: 'Object Repository/Final Object Repo/Page_Update Employer Information/Search Button' is clicked on

2018-12-06 20:02:14 - [TEST_STEP][PASSED] - delay: Delayed 2 second(s)

2018-12-06 20:02:16 - [MESSAGE][PASSED] - Delayed 2 second(s)

2018-12-06 20:02:16 - [TEST_STEP][PASSED] - click: Object: 'Object Repository/Final Object Repo/Page_Update Employer Information/Edit Button' is clicked on

2018-12-06 20:02:17 - [MESSAGE][PASSED] - Object: 'Object Repository/Final Object Repo/Page_Update Employer Information/Edit Button' is clicked on

2018-12-06 20:02:17 - [TEST_STEP][PASSED] - Statement - abc = com.kms.katalon.core.webui.keyword.WebUiBuiltInKeywords.getAttribute(com.kms.katalon.core.testobject.ObjectRepository.findTestObject(Final Object Repo/Page_Form 1A - Cessation As Employer/Employer Status), "value"): Attribute 'value' of object 'Object Repository/Final Object Repo/Page_Form 1A - Cessation As Employer/Employer Status' is: 'Active'

2018-12-06 20:02:17 - [MESSAGE][PASSED] - Attribute 'value' of object 'Object Repository/Final Object Repo/Page_Form 1A - Cessation As Employer/Employer Status' is: 'Active'

2018-12-06 20:02:17 - [TEST_STEP][PASSED] - Statement - out.println(abc): null

2018-12-06 20:02:17 - [TEST_STEP][PASSED] - Statement - If (abc == "Active"): Object: 'Object Repository/Final Object Repo/Page_Form 1A - Cessation As Employer/Change Employer Status to - Dormant' is clicked on

2018-12-06 20:02:17 - [TEST_STEP][PASSED] - click: Object: 'Object Repository/Final Object Repo/Page_Form 1A - Cessation As Employer/Change Employer Status to' is clicked on

2018-12-06 20:02:17 - [MESSAGE][PASSED] - Object: 'Object Repository/Final Object Repo/Page_Form 1A - Cessation As Employer/Change Employer Status to' is clicked on

2018-12-06 20:02:17 - [TEST_STEP][PASSED] - click: Object: 'Object Repository/Final Object Repo/Page_Form 1A - Cessation As Employer/Change Employer Status to - Dormant' is clicked on

2018-12-06 20:02:17 - [MESSAGE][PASSED] - Object: 'Object Repository/Final Object Repo/Page_Form 1A - Cessation As Employer/Change Employer Status to - Dormant' is clicked on

2018-12-06 20:02:17 - [TEST_STEP][PASSED] - click: Object: 'Object Repository/Final Object Repo/Page_Form 1A - Cessation As Employer/Calender' is clicked on

2018-12-06 20:02:18 - [MESSAGE][PASSED] - Object: 'Object Repository/Final Object Repo/Page_Form 1A - Cessation As Employer/Calender' is clicked on

2018-12-06 20:02:18 - [TEST_STEP][PASSED] - click: Object: 'Object Repository/Final Object Repo/Page_Form 1A - Cessation As Employer/Calender - Date' is clicked on

2018-12-06 20:02:18 - [MESSAGE][PASSED] - Object: 'Object Repository/Final Object Repo/Page_Form 1A - Cessation As Employer/Calender - Date' is clicked on

2018-12-06 20:02:18 - [TEST_STEP][PASSED] - delay: Delayed 2 second(s)

2018-12-06 20:02:20 - [MESSAGE][PASSED] - Delayed 2 second(s)

2018-12-06 20:02:20 - [TEST_STEP][PASSED] - click: Object: 'Object Repository/Final Object Repo/Page_Form 1A - Cessation As Employer/Save  Continue in Form 1A Page' is clicked on

2018-12-06 20:02:20 - [MESSAGE][PASSED] - Object: 'Object Repository/Final Object Repo/Page_Form 1A - Cessation As Employer/Save  Continue in Form 1A Page' is clicked on

2018-12-06 20:02:20 - [TEST_STEP][PASSED] - delay: Delayed 2 second(s)

2018-12-06 20:02:22 - [MESSAGE][PASSED] - Delayed 2 second(s)

2018-12-06 20:02:22 - [TEST_STEP][PASSED] - click: Object: 'Object Repository/Final Object Repo/Page_Form 1A - Cessation As Employer/Employment Resign Date' is clicked on

2018-12-06 20:02:22 - [MESSAGE][PASSED] - Object: 'Object Repository/Final Object Repo/Page_Form 1A - Cessation As Employer/Employment Resign Date' is clicked on

2018-12-06 20:02:22 - [TEST_STEP][PASSED] - delay: Delayed 1 second(s)

2018-12-06 20:02:23 - [MESSAGE][PASSED] - Delayed 1 second(s)

2018-12-06 20:02:23 - [TEST_STEP][PASSED] - Statement - CaseReferenceNo = com.kms.katalon.core.webui.keyword.WebUiBuiltInKeywords.getText(com.kms.katalon.core.testobject.ObjectRepository.findTestObject(Final Object Repo/Page_Update Employer Information/Reference Number in Update Employee Information Page)): Text of object 'Object Repository/Final Object Repo/Page_Update Employer Information/Reference Number in Update Employee Information Page' is: 'CUN122018C200001695'

2018-12-06 20:02:23 - [MESSAGE][PASSED] - Text of object 'Object Repository/Final Object Repo/Page_Update Employer Information/Reference Number in Update Employee Information Page' is: 'CUN122018C200001695'

2018-12-06 20:02:23 - [TEST_STEP][PASSED] - callTestCase: Call Test Case 'Test Cases/Final Aug 2018 - PKS Automation/Common/Reference Number Setter' successfully

2018-12-06 20:02:23 - [TEST_CASE][PASSED] - Test Cases/Final Aug 2018 - PKS Automation/Common/Reference Number Setter: Test Cases/Final Aug 2018 - PKS Automation/Common/Reference Number Setter

2018-12-06 20:02:23 - [TEST_STEP][PASSED] - Statement - RefNoOldFile = new java.io.File(C://Users//Admin//Desktop//PKS//Automation Reference Point//KatalonReference.txt): null

2018-12-06 20:02:23 - [TEST_STEP][PASSED] - Statement - RefNoOldFile.delete(): null

2018-12-06 20:02:23 - [TEST_STEP][PASSED] - delay: Delayed 5 second(s)

2018-12-06 20:02:28 - [MESSAGE][PASSED] - Delayed 5 second(s)

2018-12-06 20:02:28 - [TEST_STEP][PASSED] - Statement - RefNo = new java.io.File(C://Users//Admin//Desktop//PKS//Automation Reference Point//KatalonReference.txt): null

2018-12-06 20:02:28 - [TEST_STEP][PASSED] - Statement - f2 = new java.io.FileWriter(RefNo, false): null

2018-12-06 20:02:28 - [TEST_STEP][PASSED] - Statement - f2.write(CaseReferenceNo): null

2018-12-06 20:02:28 - [TEST_STEP][PASSED] - Statement - f2.close(): null

2018-12-06 20:02:28 - [TEST_STEP][PASSED] - Statement - out.println("


" + CaseReferenceNo + "


"): null

2018-12-06 20:02:28 - [MESSAGE][PASSED] - Call Test Case 'Test Cases/Final Aug 2018 - PKS Automation/Common/Reference Number Setter' successfully

2018-12-06 20:02:28 - [TEST_STEP][PASSED] - selectOptionByValue: All options with value '2030' are selected in object 'Object Repository/Final Object Repo/Page_Form 1A - Cessation As Employer/Employment Resign Date - Year' 

2018-12-06 20:02:28 - [MESSAGE][PASSED] - All options with value '2030' are selected in object 'Object Repository/Final Object Repo/Page_Form 1A - Cessation As Employer/Employment Resign Date - Year' 

2018-12-06 20:02:28 - [TEST_STEP][PASSED] - delay: Delayed 1 second(s)

2018-12-06 20:02:29 - [MESSAGE][PASSED] - Delayed 1 second(s)

2018-12-06 20:02:29 - [TEST_STEP][PASSED] - click: Object: 'Object Repository/Final Object Repo/Page_Form 1A - Cessation As Employer/Employment Resign Date - Year - Date' is clicked on

2018-12-06 20:02:30 - [MESSAGE][PASSED] - Object: 'Object Repository/Final Object Repo/Page_Form 1A - Cessation As Employer/Employment Resign Date - Year - Date' is clicked on

2018-12-06 20:02:30 - [TEST_STEP][PASSED] - delay: Delayed 2 second(s)

2018-12-06 20:02:32 - [MESSAGE][PASSED] - Delayed 2 second(s)

2018-12-06 20:02:32 - [TEST_STEP][PASSED] - click: Object: 'Object Repository/Final Object Repo/Page_Form 1A - Cessation As Employer/Save  Continue in Update Add Employee Resigned Date Page' is clicked on

2018-12-06 20:02:32 - [MESSAGE][PASSED] - Object: 'Object Repository/Final Object Repo/Page_Form 1A - Cessation As Employer/Save  Continue in Update Add Employee Resigned Date Page' is clicked on

2018-12-06 20:02:32 - [TEST_STEP][PASSED] - delay: Delayed 2 second(s)

2018-12-06 20:02:34 - [MESSAGE][PASSED] - Delayed 2 second(s)

2018-12-06 20:02:34 - [TEST_STEP][PASSED] - click: Object: 'Object Repository/Final Object Repo/Page_Form 1A - Cessation As Employer/Set Latest - Yes' is clicked on

2018-12-06 20:02:34 - [MESSAGE][PASSED] - Object: 'Object Repository/Final Object Repo/Page_Form 1A - Cessation As Employer/Set Latest - Yes' is clicked on

2018-12-06 20:02:34 - [TEST_STEP][PASSED] - delay: Delayed 2 second(s)

2018-12-06 20:02:36 - [MESSAGE][PASSED] - Delayed 2 second(s)

2018-12-06 20:02:36 - [TEST_STEP][PASSED] - click: Object: 'Object Repository/Final Object Repo/Page_Form 1A - Cessation As Employer/Add Document' is clicked on

2018-12-06 20:02:37 - [MESSAGE][PASSED] - Object: 'Object Repository/Final Object Repo/Page_Form 1A - Cessation As Employer/Add Document' is clicked on

2018-12-06 20:02:37 - [TEST_STEP][PASSED] - delay: Delayed 3 second(s)

2018-12-06 20:02:40 - [MESSAGE][PASSED] - Delayed 3 second(s)

2018-12-06 20:02:40 - [TEST_STEP][PASSED] - click: Object: 'Object Repository/Final Object Repo/Page_Form 1A - Cessation As Employer/Document Type' is clicked on

2018-12-06 20:02:40 - [MESSAGE][PASSED] - Object: 'Object Repository/Final Object Repo/Page_Form 1A - Cessation As Employer/Document Type' is clicked on

2018-12-06 20:02:40 - [TEST_STEP][PASSED] - delay: Delayed 2 second(s)

2018-12-06 20:02:42 - [MESSAGE][PASSED] - Delayed 2 second(s)

2018-12-06 20:02:42 - [TEST_STEP][PASSED] - click: Object: 'Object Repository/Final Object Repo/Page_Form 1A - Cessation As Employer/Document Type - Supporting Document For Cessation' is clicked on

2018-12-06 20:02:42 - [MESSAGE][PASSED] - Object: 'Object Repository/Final Object Repo/Page_Form 1A - Cessation As Employer/Document Type - Supporting Document For Cessation' is clicked on

2018-12-06 20:02:42 - [TEST_STEP][PASSED] - delay: Delayed 2 second(s)

2018-12-06 20:02:44 - [MESSAGE][PASSED] - Delayed 2 second(s)

2018-12-06 20:02:44 - [TEST_STEP][PASSED] - sendKeys: Keys 'C:\Users\Public\Pictures\Sample Pictures\Koala.jpg' sent to object: 'Object Repository/Final Object Repo/Page_Form 1A - Cessation As Employer/Uploading File'

2018-12-06 20:02:44 - [MESSAGE][PASSED] - Keys 'C:\Users\Public\Pictures\Sample Pictures\Koala.jpg' sent to object: 'Object Repository/Final Object Repo/Page_Form 1A - Cessation As Employer/Uploading File'

2018-12-06 20:02:44 - [TEST_STEP][PASSED] - delay: Delayed 2 second(s)

2018-12-06 20:02:46 - [MESSAGE][PASSED] - Delayed 2 second(s)

2018-12-06 20:02:46 - [TEST_STEP][PASSED] - click: Object: 'Object Repository/Final Object Repo/Page_Form 1A - Cessation As Employer/Add Document in Uploading Page' is clicked on

2018-12-06 20:02:47 - [MESSAGE][PASSED] - Object: 'Object Repository/Final Object Repo/Page_Form 1A - Cessation As Employer/Add Document in Uploading Page' is clicked on

2018-12-06 20:02:47 - [TEST_STEP][PASSED] - delay: Delayed 2 second(s)

2018-12-06 20:02:49 - [MESSAGE][PASSED] - Delayed 2 second(s)

2018-12-06 20:02:49 - [TEST_STEP][PASSED] - click: Object: 'Object Repository/Final Object Repo/Page_Form 1A - Cessation As Employer/Save  Continue in Uploading Page' is clicked on

2018-12-06 20:02:51 - [MESSAGE][PASSED] - Object: 'Object Repository/Final Object Repo/Page_Form 1A - Cessation As Employer/Save  Continue in Uploading Page' is clicked on

2018-12-06 20:02:51 - [TEST_STEP][PASSED] - delay: Delayed 2 second(s)

2018-12-06 20:02:53 - [MESSAGE][PASSED] - Delayed 2 second(s)

2018-12-06 20:02:53 - [TEST_STEP][PASSED] - click: Object: 'Object Repository/Final Object Repo/Page_Form 1A - Cessation As Employer/Submit2' is clicked on

2018-12-06 20:02:56 - [MESSAGE][PASSED] - Object: 'Object Repository/Final Object Repo/Page_Form 1A - Cessation As Employer/Submit2' is clicked on

2018-12-06 20:02:56 - [TEST_STEP][PASSED] - delay: Delayed 2 second(s)

2018-12-06 20:02:58 - [MESSAGE][PASSED] - Delayed 2 second(s)

2018-12-06 20:02:58 - [TEST_STEP][PASSED] - click: Object: 'Object Repository/Final Object Repo/Page_Form 1A - Cessation As Employer/Confirm' is clicked on

2018-12-06 20:02:58 - [MESSAGE][PASSED] - Object: 'Object Repository/Final Object Repo/Page_Form 1A - Cessation As Employer/Confirm' is clicked on

2018-12-06 20:02:58 - [TEST_STEP][PASSED] - delay: Delayed 2 second(s)

2018-12-06 20:03:00 - [MESSAGE][PASSED] - Delayed 2 second(s)

2018-12-06 20:03:00 - [TEST_STEP][PASSED] - verifyElementVisible: Object 'Object Repository/Final Object Repo/Page_Form 1A - Cessation As Employer/Message Your Request will be routed to UO' is visible

2018-12-06 20:03:04 - [MESSAGE][PASSED] - Object 'Object Repository/Final Object Repo/Page_Form 1A - Cessation As Employer/Message Your Request will be routed to UO' is visible

2018-12-06 20:03:04 - [TEST_STEP][PASSED] - delay: Delayed 1 second(s)

2018-12-06 20:03:05 - [MESSAGE][PASSED] - Delayed 1 second(s)

2018-12-06 20:03:05 - [TEST_STEP][PASSED] - verifyElementVisible: Object 'Object Repository/Final Object Repo/Page_Form 1A - Cessation As Employer/Letter of acknowledgement' is visible

2018-12-06 20:03:05 - [MESSAGE][PASSED] - Object 'Object Repository/Final Object Repo/Page_Form 1A - Cessation As Employer/Letter of acknowledgement' is visible

2018-12-06 20:03:05 - [MESSAGE][PASSED] - Call Test Case 'Test Cases/Final Aug 2018 - PKS Automation/Registration Module/Workflow/Form 1A - Cessation As Employer/Template/Form 1 A - Cessation As Employer (Employer)' successfully

2018-12-06 20:03:05 - [TEST_STEP][PASSED] - callTestCase: Call Test Case 'Test Cases/Final Aug 2018 - PKS Automation/Registration Module/Workflow/Form 1A - Cessation As Employer/Template/Form 1 A - Cessation As Employer (Reject)' successfully

2018-12-06 20:03:05 - [TEST_CASE][PASSED] - Test Cases/Final Aug 2018 - PKS Automation/Registration Module/Workflow/Form 1A - Cessation As Employer/Template/Form 1 A - Cessation As Employer (Reject): Test Cases/Final Aug 2018 - PKS Automation/Registration Module/Workflow/Form 1A - Cessation As Employer/Template/Form 1 A - Cessation As Employer (Reject)

2018-12-06 20:03:05 - [TEST_STEP][PASSED] - callTestCase: Call Test Case 'Test Cases/Final Aug 2018 - PKS Automation/Registration Module/Workflow/Form 1A - Cessation As Employer/Template/Form 1 A - Cessation As Employer (OTC)' successfully

2018-12-06 20:03:05 - [TEST_CASE][PASSED] - Test Cases/Final Aug 2018 - PKS Automation/Registration Module/Workflow/Form 1A - Cessation As Employer/Template/Form 1 A - Cessation As Employer (OTC): Test Cases/Final Aug 2018 - PKS Automation/Registration Module/Workflow/Form 1A - Cessation As Employer/Template/Form 1 A - Cessation As Employer (OTC)

2018-12-06 20:03:05 - [TEST_STEP][PASSED] - openBrowser: Browser is opened with url: ''

2018-12-06 20:03:05 - [MESSAGE][WARNING] - A browser is already opened. Closing browser and opening a new one

2018-12-06 20:03:08 - [MESSAGE][PASSED] - Browser is opened with url: ''

2018-12-06 20:03:08 - [TEST_STEP][PASSED] - navigateToUrl: Navigate to 'https://assist2-uat.perkeso.gov.my/login' successfully

2018-12-06 20:03:09 - [MESSAGE][PASSED] - Navigate to 'https://assist2-uat.perkeso.gov.my/login' successfully

2018-12-06 20:03:09 - [TEST_STEP][PASSED] - setText: Text 'johorotc1@gmail.com' is set on object 'Object Repository/Final Object Repo/Login Page/Internal User/Email Address'

2018-12-06 20:03:10 - [MESSAGE][PASSED] - Text 'johorotc1@gmail.com' is set on object 'Object Repository/Final Object Repo/Login Page/Internal User/Email Address'

2018-12-06 20:03:10 - [TEST_STEP][PASSED] - click: Object: 'Object Repository/Final Object Repo/Login Page/Internal User/Next Button' is clicked on

2018-12-06 20:03:10 - [MESSAGE][PASSED] - Object: 'Object Repository/Final Object Repo/Login Page/Internal User/Next Button' is clicked on

2018-12-06 20:03:10 - [TEST_STEP][PASSED] - delay: Delayed 1 second(s)

2018-12-06 20:03:11 - [MESSAGE][PASSED] - Delayed 1 second(s)

2018-12-06 20:03:11 - [TEST_STEP][PASSED] - setEncryptedText: Text ****** has been set on object 'Object Repository/Final Object Repo/Login Page/Internal User/Password'

2018-12-06 20:03:11 - [MESSAGE][PASSED] - Text ****** has been set on object 'Object Repository/Final Object Repo/Login Page/Internal User/Password'

2018-12-06 20:03:11 - [TEST_STEP][PASSED] - click: Object: 'Object Repository/Final Object Repo/Login Page/Internal User/Login Button' is clicked on

2018-12-06 20:03:11 - [MESSAGE][PASSED] - Object: 'Object Repository/Final Object Repo/Login Page/Internal User/Login Button' is clicked on

2018-12-06 20:03:11 - [TEST_STEP][PASSED] - delay: Delayed 1 second(s)

2018-12-06 20:03:12 - [MESSAGE][PASSED] - Delayed 1 second(s)

2018-12-06 20:03:12 - [TEST_STEP][PASSED] - Statement - Try: Delayed 2 second(s)

2018-12-06 20:03:12 - [TEST_STEP][PASSED] - Statement - Checker = false: null

2018-12-06 20:03:12 - [TEST_STEP][PASSED] - Statement - Checker = com.kms.katalon.core.webui.keyword.WebUiBuiltInKeywords.verifyElementHasAttribute(com.kms.katalon.core.testobject.ObjectRepository.findTestObject(Final Object Repo/Landing Page/BM Detecting), "href", 20, OPTIONAL): Object 'Object Repository/Final Object Repo/Landing Page/BM Detecting' has attribute 'href'

2018-12-06 20:03:13 - [MESSAGE][PASSED] - Object 'Object Repository/Final Object Repo/Landing Page/BM Detecting' has attribute 'href'

2018-12-06 20:03:13 - [TEST_STEP][PASSED] - Statement - out.println(Checker): null

2018-12-06 20:03:13 - [TEST_STEP][PASSED] - Statement - If (Checker == false): null

2018-12-06 20:03:13 - [TEST_STEP][PASSED] - Statement - Else: null

2018-12-06 20:03:13 - [TEST_STEP][PASSED] - delay: Delayed 2 second(s)

2018-12-06 20:03:15 - [MESSAGE][PASSED] - Delayed 2 second(s)

2018-12-06 20:03:15 - [TEST_STEP][PASSED] - navigateToUrl: Navigate to 'https://assist2-uat.perkeso.gov.my/web/registration/update/form-1a-cessation-as-employer-discontinue-business-' successfully

2018-12-06 20:03:16 - [MESSAGE][PASSED] - Navigate to 'https://assist2-uat.perkeso.gov.my/web/registration/update/form-1a-cessation-as-employer-discontinue-business-' successfully

2018-12-06 20:03:16 - [TEST_STEP][PASSED] - setText: Text 'E1102069770Z' is set on object 'Object Repository/Final Object Repo/Page_Update Employer Information/Employer Code'

2018-12-06 20:03:16 - [MESSAGE][PASSED] - Text 'E1102069770Z' is set on object 'Object Repository/Final Object Repo/Page_Update Employer Information/Employer Code'

2018-12-06 20:03:16 - [TEST_STEP][PASSED] - click: Object: 'Object Repository/Final Object Repo/Page_Update Employer Information/Search Button' is clicked on

2018-12-06 20:03:17 - [MESSAGE][PASSED] - Object: 'Object Repository/Final Object Repo/Page_Update Employer Information/Search Button' is clicked on

2018-12-06 20:03:17 - [TEST_STEP][PASSED] - click: Object: 'Object Repository/Final Object Repo/Page_Update Employer Information/Edit Button' is clicked on

2018-12-06 20:03:19 - [MESSAGE][PASSED] - Object: 'Object Repository/Final Object Repo/Page_Update Employer Information/Edit Button' is clicked on

2018-12-06 20:03:19 - [TEST_STEP][PASSED] - Statement - abc = com.kms.katalon.core.webui.keyword.WebUiBuiltInKeywords.getAttribute(com.kms.katalon.core.testobject.ObjectRepository.findTestObject(Final Object Repo/Page_Form 1A - Cessation As Employer/Employer Status), "value"): Attribute 'value' of object 'Object Repository/Final Object Repo/Page_Form 1A - Cessation As Employer/Employer Status' is: 'Dormant'

2018-12-06 20:03:19 - [MESSAGE][PASSED] - Attribute 'value' of object 'Object Repository/Final Object Repo/Page_Form 1A - Cessation As Employer/Employer Status' is: 'Dormant'

2018-12-06 20:03:19 - [TEST_STEP][PASSED] - Statement - out.println(abc): null

2018-12-06 20:03:19 - [TEST_STEP][PASSED] - Statement - If (abc == "Active"): null

2018-12-06 20:03:19 - [TEST_STEP][PASSED] - Statement - Else If (abc == "Cancel"): null

2018-12-06 20:03:19 - [TEST_STEP][PASSED] - Statement - Else If (abc == "Dormant"): Object: 'Object Repository/Final Object Repo/Page_Form 1A - Cessation As Employer/Change Employer Status to - Dormant' is clicked on

2018-12-06 20:03:19 - [TEST_STEP][PASSED] - click: Object: 'Object Repository/Final Object Repo/Page_Form 1A - Cessation As Employer/Change Employer Status to' is clicked on

2018-12-06 20:03:19 - [MESSAGE][PASSED] - Object: 'Object Repository/Final Object Repo/Page_Form 1A - Cessation As Employer/Change Employer Status to' is clicked on

2018-12-06 20:03:19 - [TEST_STEP][PASSED] - click: Object: 'Object Repository/Final Object Repo/Page_Form 1A - Cessation As Employer/Change Employer Status to - Dormant' is clicked on

2018-12-06 20:03:19 - [MESSAGE][PASSED] - Object: 'Object Repository/Final Object Repo/Page_Form 1A - Cessation As Employer/Change Employer Status to - Dormant' is clicked on

2018-12-06 20:03:19 - [TEST_STEP][PASSED] - click: Object: 'Object Repository/Final Object Repo/Page_Form 1A - Cessation As Employer/Calender' is clicked on

2018-12-06 20:03:20 - [MESSAGE][PASSED] - Object: 'Object Repository/Final Object Repo/Page_Form 1A - Cessation As Employer/Calender' is clicked on

2018-12-06 20:03:20 - [TEST_STEP][PASSED] - click: Object: 'Object Repository/Final Object Repo/Page_Form 1A - Cessation As Employer/Calender - Date' is clicked on

2018-12-06 20:03:20 - [MESSAGE][PASSED] - Object: 'Object Repository/Final Object Repo/Page_Form 1A - Cessation As Employer/Calender - Date' is clicked on

2018-12-06 20:03:20 - [TEST_STEP][PASSED] - delay: Delayed 2 second(s)

2018-12-06 20:03:22 - [MESSAGE][PASSED] - Delayed 2 second(s)

2018-12-06 20:03:22 - [TEST_STEP][PASSED] - click: Object: 'Object Repository/Final Object Repo/Page_Form 1A - Cessation As Employer/Save  Continue in Form 1A Page' is clicked on

2018-12-06 20:03:22 - [MESSAGE][PASSED] - Object: 'Object Repository/Final Object Repo/Page_Form 1A - Cessation As Employer/Save  Continue in Form 1A Page' is clicked on

2018-12-06 20:03:22 - [TEST_STEP][PASSED] - delay: Delayed 2 second(s)

2018-12-06 20:03:24 - [MESSAGE][PASSED] - Delayed 2 second(s)

2018-12-06 20:03:24 - [TEST_STEP][PASSED] - click: Object: 'Object Repository/Final Object Repo/Page_Form 1A - Cessation As Employer/Employment Resign Date' is clicked on

2018-12-06 20:03:24 - [MESSAGE][PASSED] - Object: 'Object Repository/Final Object Repo/Page_Form 1A - Cessation As Employer/Employment Resign Date' is clicked on

2018-12-06 20:03:24 - [TEST_STEP][PASSED] - delay: Delayed 1 second(s)

2018-12-06 20:03:25 - [MESSAGE][PASSED] - Delayed 1 second(s)

2018-12-06 20:03:25 - [TEST_STEP][PASSED] - Statement - CaseReferenceNo = com.kms.katalon.core.webui.keyword.WebUiBuiltInKeywords.getText(com.kms.katalon.core.testobject.ObjectRepository.findTestObject(Final Object Repo/Page_Update Employer Information/Reference Number in Update Employee Information Page)): Text of object 'Object Repository/Final Object Repo/Page_Update Employer Information/Reference Number in Update Employee Information Page' is: 'CUN122018C200001696'

2018-12-06 20:03:25 - [MESSAGE][PASSED] - Text of object 'Object Repository/Final Object Repo/Page_Update Employer Information/Reference Number in Update Employee Information Page' is: 'CUN122018C200001696'

2018-12-06 20:03:25 - [TEST_STEP][PASSED] - callTestCase: Call Test Case 'Test Cases/Final Aug 2018 - PKS Automation/Common/Reference Number Setter' successfully

2018-12-06 20:03:25 - [TEST_CASE][PASSED] - Test Cases/Final Aug 2018 - PKS Automation/Common/Reference Number Setter: Test Cases/Final Aug 2018 - PKS Automation/Common/Reference Number Setter

2018-12-06 20:03:25 - [TEST_STEP][PASSED] - Statement - RefNoOldFile = new java.io.File(C://Users//Admin//Desktop//PKS//Automation Reference Point//KatalonReference.txt): null

2018-12-06 20:03:25 - [TEST_STEP][PASSED] - Statement - RefNoOldFile.delete(): null

2018-12-06 20:03:25 - [TEST_STEP][PASSED] - delay: Delayed 5 second(s)

2018-12-06 20:03:30 - [MESSAGE][PASSED] - Delayed 5 second(s)

2018-12-06 20:03:30 - [TEST_STEP][PASSED] - Statement - RefNo = new java.io.File(C://Users//Admin//Desktop//PKS//Automation Reference Point//KatalonReference.txt): null

2018-12-06 20:03:30 - [TEST_STEP][PASSED] - Statement - f2 = new java.io.FileWriter(RefNo, false): null

2018-12-06 20:03:30 - [TEST_STEP][PASSED] - Statement - f2.write(CaseReferenceNo): null

2018-12-06 20:03:30 - [TEST_STEP][PASSED] - Statement - f2.close(): null

2018-12-06 20:03:30 - [TEST_STEP][PASSED] - Statement - out.println("


" + CaseReferenceNo + "


"): null

2018-12-06 20:03:30 - [MESSAGE][PASSED] - Call Test Case 'Test Cases/Final Aug 2018 - PKS Automation/Common/Reference Number Setter' successfully

2018-12-06 20:03:30 - [TEST_STEP][PASSED] - selectOptionByValue: All options with value '2030' are selected in object 'Object Repository/Final Object Repo/Page_Form 1A - Cessation As Employer/Employment Resign Date - Year' 

2018-12-06 20:03:31 - [MESSAGE][PASSED] - All options with value '2030' are selected in object 'Object Repository/Final Object Repo/Page_Form 1A - Cessation As Employer/Employment Resign Date - Year' 

2018-12-06 20:03:31 - [TEST_STEP][PASSED] - delay: Delayed 1 second(s)

2018-12-06 20:03:32 - [MESSAGE][PASSED] - Delayed 1 second(s)

2018-12-06 20:03:32 - [TEST_STEP][PASSED] - click: Object: 'Object Repository/Final Object Repo/Page_Form 1A - Cessation As Employer/Employment Resign Date - Year - Date' is clicked on

2018-12-06 20:03:32 - [MESSAGE][PASSED] - Object: 'Object Repository/Final Object Repo/Page_Form 1A - Cessation As Employer/Employment Resign Date - Year - Date' is clicked on

2018-12-06 20:03:32 - [TEST_STEP][PASSED] - delay: Delayed 2 second(s)

2018-12-06 20:03:34 - [MESSAGE][PASSED] - Delayed 2 second(s)

2018-12-06 20:03:34 - [TEST_STEP][PASSED] - click: Object: 'Object Repository/Final Object Repo/Page_Form 1A - Cessation As Employer/Save  Continue in Update Add Employee Resigned Date Page' is clicked on

2018-12-06 20:03:34 - [MESSAGE][PASSED] - Object: 'Object Repository/Final Object Repo/Page_Form 1A - Cessation As Employer/Save  Continue in Update Add Employee Resigned Date Page' is clicked on

2018-12-06 20:03:34 - [TEST_STEP][PASSED] - delay: Delayed 2 second(s)

2018-12-06 20:03:36 - [MESSAGE][PASSED] - Delayed 2 second(s)

2018-12-06 20:03:36 - [TEST_STEP][PASSED] - click: Object: 'Object Repository/Final Object Repo/Page_Form 1A - Cessation As Employer/Set Latest - Yes' is clicked on

2018-12-06 20:03:36 - [MESSAGE][PASSED] - Object: 'Object Repository/Final Object Repo/Page_Form 1A - Cessation As Employer/Set Latest - Yes' is clicked on

2018-12-06 20:03:36 - [TEST_STEP][PASSED] - delay: Delayed 2 second(s)

2018-12-06 20:03:38 - [MESSAGE][PASSED] - Delayed 2 second(s)

2018-12-06 20:03:38 - [TEST_STEP][PASSED] - click: Object: 'Object Repository/Final Object Repo/Page_Form 1A - Cessation As Employer/Add Document' is clicked on

2018-12-06 20:03:39 - [MESSAGE][PASSED] - Object: 'Object Repository/Final Object Repo/Page_Form 1A - Cessation As Employer/Add Document' is clicked on

2018-12-06 20:03:39 - [TEST_STEP][PASSED] - delay: Delayed 2 second(s)

2018-12-06 20:03:41 - [MESSAGE][PASSED] - Delayed 2 second(s)

2018-12-06 20:03:41 - [TEST_STEP][PASSED] - click: Object: 'Object Repository/Final Object Repo/Page_Form 1A - Cessation As Employer/Document Type' is clicked on

2018-12-06 20:03:42 - [MESSAGE][PASSED] - Object: 'Object Repository/Final Object Repo/Page_Form 1A - Cessation As Employer/Document Type' is clicked on

2018-12-06 20:03:42 - [TEST_STEP][PASSED] - delay: Delayed 2 second(s)

2018-12-06 20:03:44 - [MESSAGE][PASSED] - Delayed 2 second(s)

2018-12-06 20:03:44 - [TEST_STEP][PASSED] - click: Object: 'Object Repository/Final Object Repo/Page_Form 1A - Cessation As Employer/Document Type - Supporting Document For Cessation' is clicked on

2018-12-06 20:03:44 - [MESSAGE][PASSED] - Object: 'Object Repository/Final Object Repo/Page_Form 1A - Cessation As Employer/Document Type - Supporting Document For Cessation' is clicked on

2018-12-06 20:03:44 - [TEST_STEP][PASSED] - delay: Delayed 2 second(s)

2018-12-06 20:03:46 - [MESSAGE][PASSED] - Delayed 2 second(s)

2018-12-06 20:03:46 - [TEST_STEP][PASSED] - sendKeys: Keys 'C:\Users\Public\Pictures\Sample Pictures\Koala.jpg' sent to object: 'Object Repository/Final Object Repo/Page_Form 1A - Cessation As Employer/Uploading File'

2018-12-06 20:03:46 - [MESSAGE][PASSED] - Keys 'C:\Users\Public\Pictures\Sample Pictures\Koala.jpg' sent to object: 'Object Repository/Final Object Repo/Page_Form 1A - Cessation As Employer/Uploading File'

2018-12-06 20:03:46 - [TEST_STEP][PASSED] - delay: Delayed 2 second(s)

2018-12-06 20:03:48 - [MESSAGE][PASSED] - Delayed 2 second(s)

2018-12-06 20:03:48 - [TEST_STEP][PASSED] - click: Object: 'Object Repository/Final Object Repo/Page_Form 1A - Cessation As Employer/Add Document in Uploading Page' is clicked on

2018-12-06 20:03:49 - [MESSAGE][PASSED] - Object: 'Object Repository/Final Object Repo/Page_Form 1A - Cessation As Employer/Add Document in Uploading Page' is clicked on

2018-12-06 20:03:49 - [TEST_STEP][PASSED] - delay: Delayed 20 second(s)

2018-12-06 20:04:09 - [MESSAGE][PASSED] - Delayed 20 second(s)

2018-12-06 20:04:09 - [TEST_STEP][PASSED] - click: Object: 'Object Repository/Final Object Repo/Page_Form 1A - Cessation As Employer/Save  Continue in Uploading Page' is clicked on

2018-12-06 20:04:09 - [MESSAGE][PASSED] - Object: 'Object Repository/Final Object Repo/Page_Form 1A - Cessation As Employer/Save  Continue in Uploading Page' is clicked on

2018-12-06 20:04:09 - [TEST_STEP][PASSED] - delay: Delayed 2 second(s)

2018-12-06 20:04:11 - [MESSAGE][PASSED] - Delayed 2 second(s)

2018-12-06 20:04:11 - [TEST_STEP][PASSED] - click: Object: 'Object Repository/Final Object Repo/Page_Form 1A - Cessation As Employer/Submit2' is clicked on

2018-12-06 20:04:14 - [MESSAGE][PASSED] - Object: 'Object Repository/Final Object Repo/Page_Form 1A - Cessation As Employer/Submit2' is clicked on

2018-12-06 20:04:14 - [TEST_STEP][PASSED] - delay: Delayed 2 second(s)

2018-12-06 20:04:16 - [MESSAGE][PASSED] - Delayed 2 second(s)

2018-12-06 20:04:16 - [TEST_STEP][PASSED] - click: Object: 'Object Repository/Final Object Repo/Page_Form 1A - Cessation As Employer/Confirm' is clicked on

2018-12-06 20:04:16 - [MESSAGE][PASSED] - Object: 'Object Repository/Final Object Repo/Page_Form 1A - Cessation As Employer/Confirm' is clicked on

2018-12-06 20:04:16 - [TEST_STEP][PASSED] - delay: Delayed 2 second(s)

2018-12-06 20:04:18 - [MESSAGE][PASSED] - Delayed 2 second(s)

2018-12-06 20:04:18 - [TEST_STEP][PASSED] - verifyElementVisible: Object 'Object Repository/Final Object Repo/Page_Form 1A - Cessation As Employer/Message Your Request will be routed to UO' is visible

2018-12-06 20:04:21 - [MESSAGE][PASSED] - Object 'Object Repository/Final Object Repo/Page_Form 1A - Cessation As Employer/Message Your Request will be routed to UO' is visible

2018-12-06 20:04:21 - [TEST_STEP][PASSED] - delay: Delayed 1 second(s)

2018-12-06 20:04:22 - [MESSAGE][PASSED] - Delayed 1 second(s)

2018-12-06 20:04:22 - [TEST_STEP][PASSED] - verifyElementVisible: Object 'Object Repository/Final Object Repo/Page_Form 1A - Cessation As Employer/Letter of acknowledgement' is visible

2018-12-06 20:04:22 - [MESSAGE][PASSED] - Object 'Object Repository/Final Object Repo/Page_Form 1A - Cessation As Employer/Letter of acknowledgement' is visible

2018-12-06 20:04:22 - [MESSAGE][PASSED] - Call Test Case 'Test Cases/Final Aug 2018 - PKS Automation/Registration Module/Workflow/Form 1A - Cessation As Employer/Template/Form 1 A - Cessation As Employer (OTC)' successfully

2018-12-06 20:04:22 - [TEST_STEP][PASSED] - delay: Delayed 1 second(s)

2018-12-06 20:04:23 - [MESSAGE][PASSED] - Delayed 1 second(s)

2018-12-06 20:04:23 - [TEST_STEP][PASSED] - navigateToUrl: Navigate to 'https://assist2-uat.perkeso.gov.my/c/portal/logout' successfully

2018-12-06 20:04:24 - [MESSAGE][PASSED] - Navigate to 'https://assist2-uat.perkeso.gov.my/c/portal/logout' successfully

2018-12-06 20:04:24 - [TEST_STEP][PASSED] - delay: Delayed 1 second(s)

2018-12-06 20:04:25 - [MESSAGE][PASSED] - Delayed 1 second(s)

2018-12-06 20:04:25 - [TEST_STEP][PASSED] - callTestCase: Call Test Case 'Test Cases/Final Aug 2018 - PKS Automation/Common/Reference Number Getter' successfully

2018-12-06 20:04:25 - [TEST_CASE][PASSED] - Test Cases/Final Aug 2018 - PKS Automation/Common/Reference Number Getter: Test Cases/Final Aug 2018 - PKS Automation/Common/Reference Number Getter

2018-12-06 20:04:25 - [TEST_STEP][PASSED] - Statement - Try: null

2018-12-06 20:04:25 - [TEST_STEP][PASSED] - Statement - RefNo = new java.io.File(C://Users//Admin//Desktop//PKS//Automation Reference Point//KatalonReference.txt): null

2018-12-06 20:04:25 - [TEST_STEP][PASSED] - Statement - bufferread = new java.io.BufferedReader(new java.io.FileReader(RefNo)): null

2018-12-06 20:04:25 - [TEST_STEP][PASSED] - Statement - readedVal = bufferread.readLine(): null

2018-12-06 20:04:25 - [TEST_STEP][PASSED] - Statement - out.println(CaseReferenceNo): null

2018-12-06 20:04:25 - [TEST_STEP][PASSED] - Statement - out.println(readedVal): null

2018-12-06 20:04:25 - [TEST_STEP][PASSED] - Statement - CaseReferenceNo = "": null

2018-12-06 20:04:25 - [TEST_STEP][PASSED] - Statement - CaseReferenceNo = readedVal: null

2018-12-06 20:04:25 - [MESSAGE][PASSED] - Call Test Case 'Test Cases/Final Aug 2018 - PKS Automation/Common/Reference Number Getter' successfully

2018-12-06 20:04:25 - [TEST_STEP][PASSED] - callTestCase: Call Test Case 'Test Cases/Final Aug 2018 - PKS Automation/Common/Workflow Owner Finder' successfully

2018-12-06 20:04:25 - [TEST_CASE][PASSED] - Test Cases/Final Aug 2018 - PKS Automation/Common/Workflow Owner Finder: Test Cases/Final Aug 2018 - PKS Automation/Common/Workflow Owner Finder

2018-12-06 20:04:25 - [TEST_STEP][PASSED] - openBrowser: Browser is opened with url: ''

2018-12-06 20:04:25 - [MESSAGE][WARNING] - A browser is already opened. Closing browser and opening a new one

2018-12-06 20:04:28 - [MESSAGE][PASSED] - Browser is opened with url: ''

2018-12-06 20:04:28 - [TEST_STEP][PASSED] - navigateToUrl: Navigate to 'https://assist2-uat.perkeso.gov.my/login' successfully

2018-12-06 20:04:29 - [MESSAGE][PASSED] - Navigate to 'https://assist2-uat.perkeso.gov.my/login' successfully

2018-12-06 20:04:29 - [TEST_STEP][PASSED] - delay: Delayed 5 second(s)

2018-12-06 20:04:34 - [MESSAGE][PASSED] - Delayed 5 second(s)

2018-12-06 20:04:34 - [TEST_STEP][PASSED] - setText: Text 'test@liferay.com' is set on object 'Object Repository/Final Object Repo/Login Page/Internal User/Email Address'

2018-12-06 20:04:34 - [MESSAGE][PASSED] - Text 'test@liferay.com' is set on object 'Object Repository/Final Object Repo/Login Page/Internal User/Email Address'

2018-12-06 20:04:34 - [TEST_STEP][PASSED] - click: Object: 'Object Repository/Final Object Repo/Login Page/Internal User/Next Button' is clicked on

2018-12-06 20:04:34 - [MESSAGE][PASSED] - Object: 'Object Repository/Final Object Repo/Login Page/Internal User/Next Button' is clicked on

2018-12-06 20:04:34 - [TEST_STEP][PASSED] - delay: Delayed 2 second(s)

2018-12-06 20:04:36 - [MESSAGE][PASSED] - Delayed 2 second(s)

2018-12-06 20:04:36 - [TEST_STEP][PASSED] - setText: Text 'test' is set on object 'Object Repository/Final Object Repo/Login Page/Internal User/Password'

2018-12-06 20:04:37 - [MESSAGE][PASSED] - Text 'test' is set on object 'Object Repository/Final Object Repo/Login Page/Internal User/Password'

2018-12-06 20:04:37 - [TEST_STEP][PASSED] - delay: Delayed 2 second(s)

2018-12-06 20:04:39 - [MESSAGE][PASSED] - Delayed 2 second(s)

2018-12-06 20:04:39 - [TEST_STEP][PASSED] - click: Object: 'Object Repository/Final Object Repo/Login Page/Internal User/Login Button' is clicked on

2018-12-06 20:04:39 - [MESSAGE][PASSED] - Object: 'Object Repository/Final Object Repo/Login Page/Internal User/Login Button' is clicked on

2018-12-06 20:04:39 - [TEST_STEP][PASSED] - Statement - tester = com.kms.katalon.core.testobject.ObjectRepository.findTestObject(Final Object Repo/Landing Page/Select to English): Finding Test Object with id 'Object Repository/Final Object Repo/Landing Page/Select to English'

2018-12-06 20:04:39 - [TEST_STEP][PASSED] - Statement - Try: Delayed 2 second(s)

2018-12-06 20:04:39 - [TEST_STEP][PASSED] - Statement - Checker = com.kms.katalon.core.webui.keyword.WebUiBuiltInKeywords.verifyElementNotPresent(tester, 3): Web element with id: 'Object Repository/Final Object Repo/Landing Page/Select to English' located by 'By.xpath: //a[@class = 'taglib-language-list-text' and @lang = 'en-US' and (contains(text(), 'EN') or contains(., 'EN'))]' is not present after '3' second(s)

2018-12-06 20:04:41 - [MESSAGE][PASSED] - Web element with id: 'Object Repository/Final Object Repo/Landing Page/Select to English' located by 'By.xpath: //a[@class = 'taglib-language-list-text' and @lang = 'en-US' and (contains(text(), 'EN') or contains(., 'EN'))]' is not present after '3' second(s)

2018-12-06 20:04:41 - [TEST_STEP][PASSED] - Statement - If (Checker == false): null

2018-12-06 20:04:41 - [TEST_STEP][PASSED] - delay: Delayed 2 second(s)

2018-12-06 20:04:43 - [MESSAGE][PASSED] - Delayed 2 second(s)

2018-12-06 20:04:43 - [TEST_STEP][PASSED] - delay: Delayed 5 second(s)

2018-12-06 20:04:48 - [MESSAGE][PASSED] - Delayed 5 second(s)

2018-12-06 20:04:48 - [TEST_STEP][PASSED] - mouseOver: Object: 'Object Repository/Final Object Repo/Landing Page/WorkFlow Menu' is hovered

2018-12-06 20:04:48 - [MESSAGE][PASSED] - Object: 'Object Repository/Final Object Repo/Landing Page/WorkFlow Menu' is hovered

2018-12-06 20:04:48 - [TEST_STEP][PASSED] - delay: Delayed 2 second(s)

2018-12-06 20:04:50 - [MESSAGE][PASSED] - Delayed 2 second(s)

2018-12-06 20:04:50 - [TEST_STEP][PASSED] - click: Object: 'Object Repository/Final Object Repo/Landing Page/Select to Workflow Listing' is clicked on

2018-12-06 20:04:51 - [MESSAGE][PASSED] - Object: 'Object Repository/Final Object Repo/Landing Page/Select to Workflow Listing' is clicked on

2018-12-06 20:04:51 - [TEST_STEP][PASSED] - delay: Delayed 2 second(s)

2018-12-06 20:04:53 - [MESSAGE][PASSED] - Delayed 2 second(s)

2018-12-06 20:04:53 - [TEST_STEP][PASSED] - click: Object: 'Object Repository/Final Object Repo/WorkFlow Listing Page/Search Information - To Put Ref No' is clicked on

2018-12-06 20:04:53 - [MESSAGE][PASSED] - Object: 'Object Repository/Final Object Repo/WorkFlow Listing Page/Search Information - To Put Ref No' is clicked on

2018-12-06 20:04:53 - [TEST_STEP][PASSED] - delay: Delayed 2 second(s)

2018-12-06 20:04:55 - [MESSAGE][PASSED] - Delayed 2 second(s)

2018-12-06 20:04:55 - [TEST_STEP][PASSED] - callTestCase: Call Test Case 'Test Cases/Final Aug 2018 - PKS Automation/Common/Reference Number Getter' successfully

2018-12-06 20:04:55 - [TEST_CASE][PASSED] - Test Cases/Final Aug 2018 - PKS Automation/Common/Reference Number Getter: Test Cases/Final Aug 2018 - PKS Automation/Common/Reference Number Getter

2018-12-06 20:04:55 - [TEST_STEP][PASSED] - Statement - Try: null

2018-12-06 20:04:55 - [TEST_STEP][PASSED] - Statement - RefNo = new java.io.File(C://Users//Admin//Desktop//PKS//Automation Reference Point//KatalonReference.txt): null

2018-12-06 20:04:55 - [TEST_STEP][PASSED] - Statement - bufferread = new java.io.BufferedReader(new java.io.FileReader(RefNo)): null

2018-12-06 20:04:55 - [TEST_STEP][PASSED] - Statement - readedVal = bufferread.readLine(): null

2018-12-06 20:04:55 - [TEST_STEP][PASSED] - Statement - out.println(CaseReferenceNo): null

2018-12-06 20:04:55 - [TEST_STEP][PASSED] - Statement - out.println(readedVal): null

2018-12-06 20:04:55 - [TEST_STEP][PASSED] - Statement - CaseReferenceNo = "": null

2018-12-06 20:04:55 - [TEST_STEP][PASSED] - Statement - CaseReferenceNo = readedVal: null

2018-12-06 20:04:55 - [MESSAGE][PASSED] - Call Test Case 'Test Cases/Final Aug 2018 - PKS Automation/Common/Reference Number Getter' successfully

2018-12-06 20:04:55 - [TEST_STEP][PASSED] - setText: Text 'CUN122018C200001696' is set on object 'Object Repository/Final Object Repo/WorkFlow Listing Page/Ref No Set Text'

2018-12-06 20:04:55 - [MESSAGE][PASSED] - Text 'CUN122018C200001696' is set on object 'Object Repository/Final Object Repo/WorkFlow Listing Page/Ref No Set Text'

2018-12-06 20:04:55 - [TEST_STEP][PASSED] - delay: Delayed 2 second(s)

2018-12-06 20:04:57 - [MESSAGE][PASSED] - Delayed 2 second(s)

2018-12-06 20:04:57 - [TEST_STEP][PASSED] - click: Object: 'Object Repository/Final Object Repo/WorkFlow Listing Page/Search Ref No Search Button' is clicked on

2018-12-06 20:04:58 - [MESSAGE][PASSED] - Object: 'Object Repository/Final Object Repo/WorkFlow Listing Page/Search Ref No Search Button' is clicked on

2018-12-06 20:04:58 - [TEST_STEP][PASSED] - delay: Delayed 6 second(s)

2018-12-06 20:05:04 - [MESSAGE][PASSED] - Delayed 6 second(s)

2018-12-06 20:05:04 - [TEST_STEP][PASSED] - click: Object: 'Object Repository/Final Object Repo/WorkFlow Listing Page/Click Continue Tooltip' is clicked on

2018-12-06 20:05:04 - [MESSAGE][PASSED] - Object: 'Object Repository/Final Object Repo/WorkFlow Listing Page/Click Continue Tooltip' is clicked on

2018-12-06 20:05:04 - [TEST_STEP][PASSED] - delay: Delayed 5 second(s)

2018-12-06 20:05:09 - [MESSAGE][PASSED] - Delayed 5 second(s)

2018-12-06 20:05:09 - [TEST_STEP][PASSED] - doubleClick: Object: 'Object Repository/Final Object Repo/WorkFlow Listing Page/Workflow Found - Listing 1' is double clicked on

2018-12-06 20:05:10 - [MESSAGE][PASSED] - Object: 'Object Repository/Final Object Repo/WorkFlow Listing Page/Workflow Found - Listing 1' is double clicked on

2018-12-06 20:05:10 - [TEST_STEP][PASSED] - Statement - println(OwnerID): null

2018-12-06 20:05:10 - [TEST_STEP][PASSED] - Statement - OwnerID = com.kms.katalon.core.webui.keyword.WebUiBuiltInKeywords.getText(com.kms.katalon.core.testobject.ObjectRepository.findTestObject(Final Object Repo/WorkFlow Listing Page/Workflow Found - Listing 1), STOP_ON_FAILURE): Text of object 'Object Repository/Final Object Repo/WorkFlow Listing Page/Workflow Found - Listing 1' is: 'JOHORuo2'

2018-12-06 20:05:10 - [MESSAGE][PASSED] - Text of object 'Object Repository/Final Object Repo/WorkFlow Listing Page/Workflow Found - Listing 1' is: 'JOHORuo2'

2018-12-06 20:05:10 - [TEST_STEP][PASSED] - Statement - OwnerID = OwnerID.toLowerCase() + "@gmail.com": null

2018-12-06 20:05:10 - [TEST_STEP][PASSED] - Statement - println(OwnerID): null

2018-12-06 20:05:10 - [TEST_STEP][PASSED] - delay: Delayed 2 second(s)

2018-12-06 20:05:12 - [MESSAGE][PASSED] - Delayed 2 second(s)

2018-12-06 20:05:12 - [MESSAGE][PASSED] - Call Test Case 'Test Cases/Final Aug 2018 - PKS Automation/Common/Workflow Owner Finder' successfully

2018-12-06 20:05:12 - [TEST_STEP][PASSED] - delay: Delayed 1 second(s)

2018-12-06 20:05:13 - [MESSAGE][PASSED] - Delayed 1 second(s)

2018-12-06 20:05:13 - [TEST_STEP][PASSED] - navigateToUrl: Navigate to 'https://assist2-uat.perkeso.gov.my/c/portal/logout' successfully

2018-12-06 20:05:14 - [MESSAGE][PASSED] - Navigate to 'https://assist2-uat.perkeso.gov.my/c/portal/logout' successfully

2018-12-06 20:05:14 - [TEST_STEP][PASSED] - delay: Delayed 1 second(s)

2018-12-06 20:05:15 - [MESSAGE][PASSED] - Delayed 1 second(s)

2018-12-06 20:05:15 - [TEST_STEP][PASSED] - callTestCase: Call Test Case 'Test Cases/Final Aug 2018 - PKS Automation/Registration Module/Workflow/Login and Search Case For Workflow' successfully

2018-12-06 20:05:15 - [TEST_CASE][PASSED] - Test Cases/Final Aug 2018 - PKS Automation/Registration Module/Workflow/Login and Search Case For Workflow: Test Cases/Final Aug 2018 - PKS Automation/Registration Module/Workflow/Login and Search Case For Workflow

2018-12-06 20:05:15 - [TEST_STEP][PASSED] - navigateToUrl: Navigate to 'https://assist2-uat.perkeso.gov.my/login' successfully

2018-12-06 20:05:15 - [MESSAGE][PASSED] - Navigate to 'https://assist2-uat.perkeso.gov.my/login' successfully

2018-12-06 20:05:15 - [TEST_STEP][PASSED] - setText: Text 'johoruo2@gmail.com' is set on object 'Object Repository/Final Object Repo/Login Page/Internal User/Email Address'

2018-12-06 20:05:15 - [MESSAGE][PASSED] - Text 'johoruo2@gmail.com' is set on object 'Object Repository/Final Object Repo/Login Page/Internal User/Email Address'

2018-12-06 20:05:15 - [TEST_STEP][PASSED] - click: Object: 'Object Repository/Final Object Repo/Login Page/Internal User/Next Button' is clicked on

2018-12-06 20:05:16 - [MESSAGE][PASSED] - Object: 'Object Repository/Final Object Repo/Login Page/Internal User/Next Button' is clicked on

2018-12-06 20:05:16 - [TEST_STEP][PASSED] - delay: Delayed 1 second(s)

2018-12-06 20:05:17 - [MESSAGE][PASSED] - Delayed 1 second(s)

2018-12-06 20:05:17 - [TEST_STEP][PASSED] - setEncryptedText: Text ****** has been set on object 'Object Repository/Final Object Repo/Login Page/Internal User/Password'

2018-12-06 20:05:17 - [MESSAGE][PASSED] - Text ****** has been set on object 'Object Repository/Final Object Repo/Login Page/Internal User/Password'

2018-12-06 20:05:17 - [TEST_STEP][PASSED] - click: Object: 'Object Repository/Final Object Repo/Login Page/Internal User/Login Button' is clicked on

2018-12-06 20:05:17 - [MESSAGE][PASSED] - Object: 'Object Repository/Final Object Repo/Login Page/Internal User/Login Button' is clicked on

2018-12-06 20:05:17 - [TEST_STEP][PASSED] - delay: Delayed 2 second(s)

2018-12-06 20:05:19 - [MESSAGE][PASSED] - Delayed 2 second(s)

2018-12-06 20:05:19 - [TEST_STEP][PASSED] - Statement - Try: Delayed 2 second(s)

2018-12-06 20:05:19 - [TEST_STEP][PASSED] - Statement - Checker = false: null

2018-12-06 20:05:19 - [TEST_STEP][PASSED] - Statement - Checker = com.kms.katalon.core.webui.keyword.WebUiBuiltInKeywords.verifyElementHasAttribute(com.kms.katalon.core.testobject.ObjectRepository.findTestObject(Final Object Repo/Landing Page/BM Detecting), "href", 20, OPTIONAL): Object 'Object Repository/Final Object Repo/Landing Page/BM Detecting' has attribute 'href'

2018-12-06 20:05:19 - [MESSAGE][PASSED] - Object 'Object Repository/Final Object Repo/Landing Page/BM Detecting' has attribute 'href'

2018-12-06 20:05:19 - [TEST_STEP][PASSED] - Statement - out.println(Checker): null

2018-12-06 20:05:19 - [TEST_STEP][PASSED] - Statement - If (Checker == false): null

2018-12-06 20:05:19 - [TEST_STEP][PASSED] - Statement - Else: null

2018-12-06 20:05:19 - [TEST_STEP][PASSED] - delay: Delayed 2 second(s)

2018-12-06 20:05:21 - [MESSAGE][PASSED] - Delayed 2 second(s)

2018-12-06 20:05:21 - [TEST_STEP][PASSED] - click: Object: 'Object Repository/Final Object Repo/Page_MyASSIST - ASSIST - Search Pending Case For Add Supporting Document/Search Information' is clicked on

2018-12-06 20:05:21 - [MESSAGE][PASSED] - Object: 'Object Repository/Final Object Repo/Page_MyASSIST - ASSIST - Search Pending Case For Add Supporting Document/Search Information' is clicked on

2018-12-06 20:05:21 - [TEST_STEP][PASSED] - delay: Delayed 3 second(s)

2018-12-06 20:05:24 - [MESSAGE][PASSED] - Delayed 3 second(s)

2018-12-06 20:05:24 - [TEST_STEP][PASSED] - sendKeys: Keys 'CUN122018C200001696' sent to object: 'Object Repository/Final Object Repo/Page_MyASSIST - ASSIST - Search Pending Case For Add Supporting Document/Reference No'

2018-12-06 20:05:24 - [MESSAGE][PASSED] - Keys 'CUN122018C200001696' sent to object: 'Object Repository/Final Object Repo/Page_MyASSIST - ASSIST - Search Pending Case For Add Supporting Document/Reference No'

2018-12-06 20:05:24 - [TEST_STEP][PASSED] - click: Object: 'Object Repository/Final Object Repo/Page_MyASSIST - ASSIST - Search Pending Case For Add Supporting Document/Search Reference No' is clicked on

2018-12-06 20:05:25 - [MESSAGE][PASSED] - Object: 'Object Repository/Final Object Repo/Page_MyASSIST - ASSIST - Search Pending Case For Add Supporting Document/Search Reference No' is clicked on

2018-12-06 20:05:25 - [TEST_STEP][PASSED] - delay: Delayed 2 second(s)

2018-12-06 20:05:27 - [MESSAGE][PASSED] - Delayed 2 second(s)

2018-12-06 20:05:27 - [TEST_STEP][PASSED] - click: Object: 'Object Repository/Final Object Repo/Page_MyASSIST - ASSIST - Search Pending Case For Add Supporting Document/Continue' is clicked on

2018-12-06 20:05:30 - [MESSAGE][PASSED] - Object: 'Object Repository/Final Object Repo/Page_MyASSIST - ASSIST - Search Pending Case For Add Supporting Document/Continue' is clicked on

2018-12-06 20:05:30 - [TEST_STEP][PASSED] - delay: Delayed 20 second(s)

2018-12-06 20:05:50 - [MESSAGE][PASSED] - Delayed 20 second(s)

2018-12-06 20:05:50 - [MESSAGE][PASSED] - Call Test Case 'Test Cases/Final Aug 2018 - PKS Automation/Registration Module/Workflow/Login and Search Case For Workflow' successfully

2018-12-06 20:05:50 - [TEST_STEP][PASSED] - click: Object: 'Object Repository/Final Object Repo/Page_Form 1A - Cessation As Employer/Page_Form 1A - Cessation As Employer (Approve)/Save  Continue in Form 1A Page' is clicked on

2018-12-06 20:05:50 - [MESSAGE][PASSED] - Object: 'Object Repository/Final Object Repo/Page_Form 1A - Cessation As Employer/Page_Form 1A - Cessation As Employer (Approve)/Save  Continue in Form 1A Page' is clicked on

2018-12-06 20:05:50 - [TEST_STEP][PASSED] - delay: Delayed 2 second(s)

2018-12-06 20:05:52 - [MESSAGE][PASSED] - Delayed 2 second(s)

2018-12-06 20:05:52 - [TEST_STEP][PASSED] - click: Object: 'Object Repository/Final Object Repo/Page_Form 1A - Cessation As Employer/Employment Resign Date' is clicked on

2018-12-06 20:05:52 - [MESSAGE][PASSED] - Object: 'Object Repository/Final Object Repo/Page_Form 1A - Cessation As Employer/Employment Resign Date' is clicked on

2018-12-06 20:05:52 - [TEST_STEP][PASSED] - delay: Delayed 1 second(s)

2018-12-06 20:05:53 - [MESSAGE][PASSED] - Delayed 1 second(s)

2018-12-06 20:05:53 - [TEST_STEP][PASSED] - selectOptionByValue: All options with value '2030' are selected in object 'Object Repository/Final Object Repo/Page_Form 1A - Cessation As Employer/Employment Resign Date - Year' 

2018-12-06 20:05:54 - [MESSAGE][PASSED] - All options with value '2030' are selected in object 'Object Repository/Final Object Repo/Page_Form 1A - Cessation As Employer/Employment Resign Date - Year' 

2018-12-06 20:05:54 - [TEST_STEP][PASSED] - delay: Delayed 1 second(s)

2018-12-06 20:05:55 - [MESSAGE][PASSED] - Delayed 1 second(s)

2018-12-06 20:05:55 - [TEST_STEP][PASSED] - click: Object: 'Object Repository/Final Object Repo/Page_Form 1A - Cessation As Employer/Employment Resign Date - Year - Date' is clicked on

2018-12-06 20:05:55 - [MESSAGE][PASSED] - Object: 'Object Repository/Final Object Repo/Page_Form 1A - Cessation As Employer/Employment Resign Date - Year - Date' is clicked on

2018-12-06 20:05:55 - [TEST_STEP][PASSED] - delay: Delayed 2 second(s)

2018-12-06 20:05:57 - [MESSAGE][PASSED] - Delayed 2 second(s)

2018-12-06 20:05:57 - [TEST_STEP][PASSED] - click: Object: 'Object Repository/Final Object Repo/Page_Form 1A - Cessation As Employer/Page_Form 1A - Cessation As Employer (Approve)/Save  Continue in Update Add Employee Resigned Date Page' is clicked on

2018-12-06 20:05:57 - [MESSAGE][PASSED] - Object: 'Object Repository/Final Object Repo/Page_Form 1A - Cessation As Employer/Page_Form 1A - Cessation As Employer (Approve)/Save  Continue in Update Add Employee Resigned Date Page' is clicked on

2018-12-06 20:05:57 - [TEST_STEP][PASSED] - delay: Delayed 2 second(s)

2018-12-06 20:05:59 - [MESSAGE][PASSED] - Delayed 2 second(s)

2018-12-06 20:05:59 - [TEST_STEP][PASSED] - click: Object: 'Object Repository/Final Object Repo/Page_Form 1A - Cessation As Employer/Set Latest - Yes' is clicked on

2018-12-06 20:05:59 - [MESSAGE][PASSED] - Object: 'Object Repository/Final Object Repo/Page_Form 1A - Cessation As Employer/Set Latest - Yes' is clicked on

2018-12-06 20:05:59 - [TEST_STEP][PASSED] - delay: Delayed 2 second(s)

2018-12-06 20:06:01 - [MESSAGE][PASSED] - Delayed 2 second(s)

2018-12-06 20:06:01 - [TEST_STEP][PASSED] - click: Object: 'Object Repository/Final Object Repo/Page_Form 1A - Cessation As Employer/Page_Form 1A - Cessation As Employer (Approve)/Save  Contine in Uploading Document Page' is clicked on

2018-12-06 20:06:02 - [MESSAGE][PASSED] - Object: 'Object Repository/Final Object Repo/Page_Form 1A - Cessation As Employer/Page_Form 1A - Cessation As Employer (Approve)/Save  Contine in Uploading Document Page' is clicked on

2018-12-06 20:06:02 - [TEST_STEP][PASSED] - delay: Delayed 2 second(s)

2018-12-06 20:06:04 - [MESSAGE][PASSED] - Delayed 2 second(s)

2018-12-06 20:06:04 - [TEST_STEP][PASSED] - click: Object: 'Object Repository/Final Object Repo/Page_Form 1A - Cessation As Employer/Page_Form 1A - Cessation As Employer (Reject)/Reject' is clicked on

2018-12-06 20:06:07 - [MESSAGE][PASSED] - Object: 'Object Repository/Final Object Repo/Page_Form 1A - Cessation As Employer/Page_Form 1A - Cessation As Employer (Reject)/Reject' is clicked on

2018-12-06 20:06:07 - [TEST_STEP][PASSED] - delay: Delayed 2 second(s)

2018-12-06 20:06:09 - [MESSAGE][PASSED] - Delayed 2 second(s)

2018-12-06 20:06:09 - [TEST_STEP][PASSED] - click: Object: 'Object Repository/Final Object Repo/Page_Form 1A - Cessation As Employer/Page_Form 1A - Cessation As Employer (Reject)/Confirm' is clicked on

2018-12-06 20:06:09 - [MESSAGE][PASSED] - Object: 'Object Repository/Final Object Repo/Page_Form 1A - Cessation As Employer/Page_Form 1A - Cessation As Employer (Reject)/Confirm' is clicked on

2018-12-06 20:06:09 - [TEST_STEP][PASSED] - delay: Delayed 2 second(s)

2018-12-06 20:06:11 - [MESSAGE][PASSED] - Delayed 2 second(s)

2018-12-06 20:06:11 - [TEST_STEP][PASSED] - verifyElementVisible: Object 'Object Repository/Final Object Repo/Page_Form 1A - Cessation As Employer/Page_Form 1A - Cessation As Employer (Reject)/Message This Case has been Rejected' is visible

2018-12-06 20:06:15 - [MESSAGE][PASSED] - Object 'Object Repository/Final Object Repo/Page_Form 1A - Cessation As Employer/Page_Form 1A - Cessation As Employer (Reject)/Message This Case has been Rejected' is visible

2018-12-06 20:06:15 - [TEST_STEP][PASSED] - delay: Delayed 1 second(s)

2018-12-06 20:06:16 - [MESSAGE][PASSED] - Delayed 1 second(s)

2018-12-06 20:06:16 - [TEST_STEP][PASSED] - verifyElementVisible: Object 'Object Repository/Final Object Repo/Page_Form 1A - Cessation As Employer/Page_Form 1A - Cessation As Employer (Reject)/Letter of update rejection' is visible

2018-12-06 20:06:16 - [MESSAGE][PASSED] - Object 'Object Repository/Final Object Repo/Page_Form 1A - Cessation As Employer/Page_Form 1A - Cessation As Employer (Reject)/Letter of update rejection' is visible

2018-12-06 20:06:16 - [MESSAGE][PASSED] - Call Test Case 'Test Cases/Final Aug 2018 - PKS Automation/Registration Module/Workflow/Form 1A - Cessation As Employer/Template/Form 1 A - Cessation As Employer (Reject)' successfully]]></system-out>
         <system-err><![CDATA[]]></system-err>
      </testcase>
      <testcase name="Test Cases/Final Aug 2018 - PKS Automation/Registration Module/Workflow/Form 1A - Cessation As Employer/Employer to UO (Under enforcement)" classname="Test Cases/Final Aug 2018 - PKS Automation/Registration Module/Workflow/Form 1A - Cessation As Employer/Employer to UO (Under enforcement)" status="PASSED">
         <system-out><![CDATA[2018-12-06 20:06:16 - [TEST_CASE][PASSED] - Test Cases/Final Aug 2018 - PKS Automation/Registration Module/Workflow/Form 1A - Cessation As Employer/Employer to UO (Under enforcement): Test Cases/Final Aug 2018 - PKS Automation/Registration Module/Workflow/Form 1A - Cessation As Employer/Employer to UO (Under enforcement)

2018-12-06 20:06:16 - [TEST_STEP][PASSED] - callTestCase: Call Test Case 'Test Cases/Final Aug 2018 - PKS Automation/Registration Module/Workflow/Form 1A - Cessation As Employer/Template/Form 1 A - Cessation As Employer (OTC)' successfully

2018-12-06 20:06:16 - [TEST_CASE][PASSED] - Test Cases/Final Aug 2018 - PKS Automation/Registration Module/Workflow/Form 1A - Cessation As Employer/Template/Form 1 A - Cessation As Employer (OTC): Test Cases/Final Aug 2018 - PKS Automation/Registration Module/Workflow/Form 1A - Cessation As Employer/Template/Form 1 A - Cessation As Employer (OTC)

2018-12-06 20:06:16 - [TEST_STEP][PASSED] - openBrowser: Browser is opened with url: ''

2018-12-06 20:06:16 - [MESSAGE][WARNING] - A browser is already opened. Closing browser and opening a new one

2018-12-06 20:06:19 - [MESSAGE][PASSED] - Browser is opened with url: ''

2018-12-06 20:06:19 - [TEST_STEP][PASSED] - navigateToUrl: Navigate to 'https://assist2-uat.perkeso.gov.my/login' successfully

2018-12-06 20:06:20 - [MESSAGE][PASSED] - Navigate to 'https://assist2-uat.perkeso.gov.my/login' successfully

2018-12-06 20:06:20 - [TEST_STEP][PASSED] - setText: Text 'johorotc1@gmail.com' is set on object 'Object Repository/Final Object Repo/Login Page/Internal User/Email Address'

2018-12-06 20:06:20 - [MESSAGE][PASSED] - Text 'johorotc1@gmail.com' is set on object 'Object Repository/Final Object Repo/Login Page/Internal User/Email Address'

2018-12-06 20:06:20 - [TEST_STEP][PASSED] - click: Object: 'Object Repository/Final Object Repo/Login Page/Internal User/Next Button' is clicked on

2018-12-06 20:06:20 - [MESSAGE][PASSED] - Object: 'Object Repository/Final Object Repo/Login Page/Internal User/Next Button' is clicked on

2018-12-06 20:06:20 - [TEST_STEP][PASSED] - delay: Delayed 1 second(s)

2018-12-06 20:06:21 - [MESSAGE][PASSED] - Delayed 1 second(s)

2018-12-06 20:06:21 - [TEST_STEP][PASSED] - setEncryptedText: Text ****** has been set on object 'Object Repository/Final Object Repo/Login Page/Internal User/Password'

2018-12-06 20:06:22 - [MESSAGE][PASSED] - Text ****** has been set on object 'Object Repository/Final Object Repo/Login Page/Internal User/Password'

2018-12-06 20:06:22 - [TEST_STEP][PASSED] - click: Object: 'Object Repository/Final Object Repo/Login Page/Internal User/Login Button' is clicked on

2018-12-06 20:06:22 - [MESSAGE][PASSED] - Object: 'Object Repository/Final Object Repo/Login Page/Internal User/Login Button' is clicked on

2018-12-06 20:06:22 - [TEST_STEP][PASSED] - delay: Delayed 1 second(s)

2018-12-06 20:06:23 - [MESSAGE][PASSED] - Delayed 1 second(s)

2018-12-06 20:06:23 - [TEST_STEP][PASSED] - Statement - Try: Delayed 2 second(s)

2018-12-06 20:06:23 - [TEST_STEP][PASSED] - Statement - Checker = false: null

2018-12-06 20:06:23 - [TEST_STEP][PASSED] - Statement - Checker = com.kms.katalon.core.webui.keyword.WebUiBuiltInKeywords.verifyElementHasAttribute(com.kms.katalon.core.testobject.ObjectRepository.findTestObject(Final Object Repo/Landing Page/BM Detecting), "href", 20, OPTIONAL): Object 'Object Repository/Final Object Repo/Landing Page/BM Detecting' has attribute 'href'

2018-12-06 20:06:24 - [MESSAGE][PASSED] - Object 'Object Repository/Final Object Repo/Landing Page/BM Detecting' has attribute 'href'

2018-12-06 20:06:24 - [TEST_STEP][PASSED] - Statement - out.println(Checker): null

2018-12-06 20:06:24 - [TEST_STEP][PASSED] - Statement - If (Checker == false): null

2018-12-06 20:06:24 - [TEST_STEP][PASSED] - Statement - Else: null

2018-12-06 20:06:24 - [TEST_STEP][PASSED] - delay: Delayed 2 second(s)

2018-12-06 20:06:26 - [MESSAGE][PASSED] - Delayed 2 second(s)

2018-12-06 20:06:26 - [TEST_STEP][PASSED] - navigateToUrl: Navigate to 'https://assist2-uat.perkeso.gov.my/web/registration/update/form-1a-cessation-as-employer-discontinue-business-' successfully

2018-12-06 20:06:26 - [MESSAGE][PASSED] - Navigate to 'https://assist2-uat.perkeso.gov.my/web/registration/update/form-1a-cessation-as-employer-discontinue-business-' successfully

2018-12-06 20:06:26 - [TEST_STEP][PASSED] - setText: Text 'E1102069770Z' is set on object 'Object Repository/Final Object Repo/Page_Update Employer Information/Employer Code'

2018-12-06 20:06:27 - [MESSAGE][PASSED] - Text 'E1102069770Z' is set on object 'Object Repository/Final Object Repo/Page_Update Employer Information/Employer Code'

2018-12-06 20:06:27 - [TEST_STEP][PASSED] - click: Object: 'Object Repository/Final Object Repo/Page_Update Employer Information/Search Button' is clicked on

2018-12-06 20:06:27 - [MESSAGE][PASSED] - Object: 'Object Repository/Final Object Repo/Page_Update Employer Information/Search Button' is clicked on

2018-12-06 20:06:27 - [TEST_STEP][PASSED] - click: Object: 'Object Repository/Final Object Repo/Page_Update Employer Information/Edit Button' is clicked on

2018-12-06 20:06:29 - [MESSAGE][PASSED] - Object: 'Object Repository/Final Object Repo/Page_Update Employer Information/Edit Button' is clicked on

2018-12-06 20:06:29 - [TEST_STEP][PASSED] - Statement - abc = com.kms.katalon.core.webui.keyword.WebUiBuiltInKeywords.getAttribute(com.kms.katalon.core.testobject.ObjectRepository.findTestObject(Final Object Repo/Page_Form 1A - Cessation As Employer/Employer Status), "value"): Attribute 'value' of object 'Object Repository/Final Object Repo/Page_Form 1A - Cessation As Employer/Employer Status' is: 'Dormant'

2018-12-06 20:06:29 - [MESSAGE][PASSED] - Attribute 'value' of object 'Object Repository/Final Object Repo/Page_Form 1A - Cessation As Employer/Employer Status' is: 'Dormant'

2018-12-06 20:06:29 - [TEST_STEP][PASSED] - Statement - out.println(abc): null

2018-12-06 20:06:29 - [TEST_STEP][PASSED] - Statement - If (abc == "Active"): null

2018-12-06 20:06:29 - [TEST_STEP][PASSED] - Statement - Else If (abc == "Cancel"): null

2018-12-06 20:06:29 - [TEST_STEP][PASSED] - Statement - Else If (abc == "Dormant"): Object: 'Object Repository/Final Object Repo/Page_Form 1A - Cessation As Employer/Change Employer Status to - Dormant' is clicked on

2018-12-06 20:06:29 - [TEST_STEP][PASSED] - click: Object: 'Object Repository/Final Object Repo/Page_Form 1A - Cessation As Employer/Change Employer Status to' is clicked on

2018-12-06 20:06:30 - [MESSAGE][PASSED] - Object: 'Object Repository/Final Object Repo/Page_Form 1A - Cessation As Employer/Change Employer Status to' is clicked on

2018-12-06 20:06:30 - [TEST_STEP][PASSED] - click: Object: 'Object Repository/Final Object Repo/Page_Form 1A - Cessation As Employer/Change Employer Status to - Dormant' is clicked on

2018-12-06 20:06:30 - [MESSAGE][PASSED] - Object: 'Object Repository/Final Object Repo/Page_Form 1A - Cessation As Employer/Change Employer Status to - Dormant' is clicked on

2018-12-06 20:06:30 - [TEST_STEP][PASSED] - click: Object: 'Object Repository/Final Object Repo/Page_Form 1A - Cessation As Employer/Calender' is clicked on

2018-12-06 20:06:30 - [MESSAGE][PASSED] - Object: 'Object Repository/Final Object Repo/Page_Form 1A - Cessation As Employer/Calender' is clicked on

2018-12-06 20:06:30 - [TEST_STEP][PASSED] - click: Object: 'Object Repository/Final Object Repo/Page_Form 1A - Cessation As Employer/Calender - Date' is clicked on

2018-12-06 20:06:30 - [MESSAGE][PASSED] - Object: 'Object Repository/Final Object Repo/Page_Form 1A - Cessation As Employer/Calender - Date' is clicked on

2018-12-06 20:06:30 - [TEST_STEP][PASSED] - delay: Delayed 2 second(s)

2018-12-06 20:06:32 - [MESSAGE][PASSED] - Delayed 2 second(s)

2018-12-06 20:06:32 - [TEST_STEP][PASSED] - click: Object: 'Object Repository/Final Object Repo/Page_Form 1A - Cessation As Employer/Save  Continue in Form 1A Page' is clicked on

2018-12-06 20:06:32 - [MESSAGE][PASSED] - Object: 'Object Repository/Final Object Repo/Page_Form 1A - Cessation As Employer/Save  Continue in Form 1A Page' is clicked on

2018-12-06 20:06:32 - [TEST_STEP][PASSED] - delay: Delayed 2 second(s)

2018-12-06 20:06:34 - [MESSAGE][PASSED] - Delayed 2 second(s)

2018-12-06 20:06:34 - [TEST_STEP][PASSED] - click: Object: 'Object Repository/Final Object Repo/Page_Form 1A - Cessation As Employer/Employment Resign Date' is clicked on

2018-12-06 20:06:35 - [MESSAGE][PASSED] - Object: 'Object Repository/Final Object Repo/Page_Form 1A - Cessation As Employer/Employment Resign Date' is clicked on

2018-12-06 20:06:35 - [TEST_STEP][PASSED] - delay: Delayed 1 second(s)

2018-12-06 20:06:36 - [MESSAGE][PASSED] - Delayed 1 second(s)

2018-12-06 20:06:36 - [TEST_STEP][PASSED] - Statement - CaseReferenceNo = com.kms.katalon.core.webui.keyword.WebUiBuiltInKeywords.getText(com.kms.katalon.core.testobject.ObjectRepository.findTestObject(Final Object Repo/Page_Update Employer Information/Reference Number in Update Employee Information Page)): Text of object 'Object Repository/Final Object Repo/Page_Update Employer Information/Reference Number in Update Employee Information Page' is: 'CUN122018C200001697'

2018-12-06 20:06:36 - [MESSAGE][PASSED] - Text of object 'Object Repository/Final Object Repo/Page_Update Employer Information/Reference Number in Update Employee Information Page' is: 'CUN122018C200001697'

2018-12-06 20:06:36 - [TEST_STEP][PASSED] - callTestCase: Call Test Case 'Test Cases/Final Aug 2018 - PKS Automation/Common/Reference Number Setter' successfully

2018-12-06 20:06:36 - [TEST_CASE][PASSED] - Test Cases/Final Aug 2018 - PKS Automation/Common/Reference Number Setter: Test Cases/Final Aug 2018 - PKS Automation/Common/Reference Number Setter

2018-12-06 20:06:36 - [TEST_STEP][PASSED] - Statement - RefNoOldFile = new java.io.File(C://Users//Admin//Desktop//PKS//Automation Reference Point//KatalonReference.txt): null

2018-12-06 20:06:36 - [TEST_STEP][PASSED] - Statement - RefNoOldFile.delete(): null

2018-12-06 20:06:36 - [TEST_STEP][PASSED] - delay: Delayed 5 second(s)

2018-12-06 20:06:41 - [MESSAGE][PASSED] - Delayed 5 second(s)

2018-12-06 20:06:41 - [TEST_STEP][PASSED] - Statement - RefNo = new java.io.File(C://Users//Admin//Desktop//PKS//Automation Reference Point//KatalonReference.txt): null

2018-12-06 20:06:41 - [TEST_STEP][PASSED] - Statement - f2 = new java.io.FileWriter(RefNo, false): null

2018-12-06 20:06:41 - [TEST_STEP][PASSED] - Statement - f2.write(CaseReferenceNo): null

2018-12-06 20:06:41 - [TEST_STEP][PASSED] - Statement - f2.close(): null

2018-12-06 20:06:41 - [TEST_STEP][PASSED] - Statement - out.println("


" + CaseReferenceNo + "


"): null

2018-12-06 20:06:41 - [MESSAGE][PASSED] - Call Test Case 'Test Cases/Final Aug 2018 - PKS Automation/Common/Reference Number Setter' successfully

2018-12-06 20:06:41 - [TEST_STEP][PASSED] - selectOptionByValue: All options with value '2030' are selected in object 'Object Repository/Final Object Repo/Page_Form 1A - Cessation As Employer/Employment Resign Date - Year' 

2018-12-06 20:06:41 - [MESSAGE][PASSED] - All options with value '2030' are selected in object 'Object Repository/Final Object Repo/Page_Form 1A - Cessation As Employer/Employment Resign Date - Year' 

2018-12-06 20:06:41 - [TEST_STEP][PASSED] - delay: Delayed 1 second(s)

2018-12-06 20:06:42 - [MESSAGE][PASSED] - Delayed 1 second(s)

2018-12-06 20:06:42 - [TEST_STEP][PASSED] - click: Object: 'Object Repository/Final Object Repo/Page_Form 1A - Cessation As Employer/Employment Resign Date - Year - Date' is clicked on

2018-12-06 20:06:42 - [MESSAGE][PASSED] - Object: 'Object Repository/Final Object Repo/Page_Form 1A - Cessation As Employer/Employment Resign Date - Year - Date' is clicked on

2018-12-06 20:06:42 - [TEST_STEP][PASSED] - delay: Delayed 2 second(s)

2018-12-06 20:06:44 - [MESSAGE][PASSED] - Delayed 2 second(s)

2018-12-06 20:06:44 - [TEST_STEP][PASSED] - click: Object: 'Object Repository/Final Object Repo/Page_Form 1A - Cessation As Employer/Save  Continue in Update Add Employee Resigned Date Page' is clicked on

2018-12-06 20:06:44 - [MESSAGE][PASSED] - Object: 'Object Repository/Final Object Repo/Page_Form 1A - Cessation As Employer/Save  Continue in Update Add Employee Resigned Date Page' is clicked on

2018-12-06 20:06:44 - [TEST_STEP][PASSED] - delay: Delayed 2 second(s)

2018-12-06 20:06:46 - [MESSAGE][PASSED] - Delayed 2 second(s)

2018-12-06 20:06:46 - [TEST_STEP][PASSED] - click: Object: 'Object Repository/Final Object Repo/Page_Form 1A - Cessation As Employer/Set Latest - Yes' is clicked on

2018-12-06 20:06:46 - [MESSAGE][PASSED] - Object: 'Object Repository/Final Object Repo/Page_Form 1A - Cessation As Employer/Set Latest - Yes' is clicked on

2018-12-06 20:06:46 - [TEST_STEP][PASSED] - delay: Delayed 2 second(s)

2018-12-06 20:06:48 - [MESSAGE][PASSED] - Delayed 2 second(s)

2018-12-06 20:06:48 - [TEST_STEP][PASSED] - click: Object: 'Object Repository/Final Object Repo/Page_Form 1A - Cessation As Employer/Add Document' is clicked on

2018-12-06 20:06:49 - [MESSAGE][PASSED] - Object: 'Object Repository/Final Object Repo/Page_Form 1A - Cessation As Employer/Add Document' is clicked on

2018-12-06 20:06:49 - [TEST_STEP][PASSED] - delay: Delayed 2 second(s)

2018-12-06 20:06:51 - [MESSAGE][PASSED] - Delayed 2 second(s)

2018-12-06 20:06:51 - [TEST_STEP][PASSED] - click: Object: 'Object Repository/Final Object Repo/Page_Form 1A - Cessation As Employer/Document Type' is clicked on

2018-12-06 20:06:52 - [MESSAGE][PASSED] - Object: 'Object Repository/Final Object Repo/Page_Form 1A - Cessation As Employer/Document Type' is clicked on

2018-12-06 20:06:52 - [TEST_STEP][PASSED] - delay: Delayed 2 second(s)

2018-12-06 20:06:54 - [MESSAGE][PASSED] - Delayed 2 second(s)

2018-12-06 20:06:54 - [TEST_STEP][PASSED] - click: Object: 'Object Repository/Final Object Repo/Page_Form 1A - Cessation As Employer/Document Type - Supporting Document For Cessation' is clicked on

2018-12-06 20:06:54 - [MESSAGE][PASSED] - Object: 'Object Repository/Final Object Repo/Page_Form 1A - Cessation As Employer/Document Type - Supporting Document For Cessation' is clicked on

2018-12-06 20:06:54 - [TEST_STEP][PASSED] - delay: Delayed 2 second(s)

2018-12-06 20:06:56 - [MESSAGE][PASSED] - Delayed 2 second(s)

2018-12-06 20:06:56 - [TEST_STEP][PASSED] - sendKeys: Keys 'C:\Users\Public\Pictures\Sample Pictures\Koala.jpg' sent to object: 'Object Repository/Final Object Repo/Page_Form 1A - Cessation As Employer/Uploading File'

2018-12-06 20:06:57 - [MESSAGE][PASSED] - Keys 'C:\Users\Public\Pictures\Sample Pictures\Koala.jpg' sent to object: 'Object Repository/Final Object Repo/Page_Form 1A - Cessation As Employer/Uploading File'

2018-12-06 20:06:57 - [TEST_STEP][PASSED] - delay: Delayed 2 second(s)

2018-12-06 20:06:59 - [MESSAGE][PASSED] - Delayed 2 second(s)

2018-12-06 20:06:59 - [TEST_STEP][PASSED] - click: Object: 'Object Repository/Final Object Repo/Page_Form 1A - Cessation As Employer/Add Document in Uploading Page' is clicked on

2018-12-06 20:06:59 - [MESSAGE][PASSED] - Object: 'Object Repository/Final Object Repo/Page_Form 1A - Cessation As Employer/Add Document in Uploading Page' is clicked on

2018-12-06 20:06:59 - [TEST_STEP][PASSED] - delay: Delayed 20 second(s)

2018-12-06 20:07:19 - [MESSAGE][PASSED] - Delayed 20 second(s)

2018-12-06 20:07:19 - [TEST_STEP][PASSED] - click: Object: 'Object Repository/Final Object Repo/Page_Form 1A - Cessation As Employer/Save  Continue in Uploading Page' is clicked on

2018-12-06 20:07:19 - [MESSAGE][PASSED] - Object: 'Object Repository/Final Object Repo/Page_Form 1A - Cessation As Employer/Save  Continue in Uploading Page' is clicked on

2018-12-06 20:07:19 - [TEST_STEP][PASSED] - delay: Delayed 2 second(s)

2018-12-06 20:07:21 - [MESSAGE][PASSED] - Delayed 2 second(s)

2018-12-06 20:07:21 - [TEST_STEP][PASSED] - click: Object: 'Object Repository/Final Object Repo/Page_Form 1A - Cessation As Employer/Submit2' is clicked on

2018-12-06 20:07:24 - [MESSAGE][PASSED] - Object: 'Object Repository/Final Object Repo/Page_Form 1A - Cessation As Employer/Submit2' is clicked on

2018-12-06 20:07:24 - [TEST_STEP][PASSED] - delay: Delayed 2 second(s)

2018-12-06 20:07:26 - [MESSAGE][PASSED] - Delayed 2 second(s)

2018-12-06 20:07:26 - [TEST_STEP][PASSED] - click: Object: 'Object Repository/Final Object Repo/Page_Form 1A - Cessation As Employer/Confirm' is clicked on

2018-12-06 20:07:26 - [MESSAGE][PASSED] - Object: 'Object Repository/Final Object Repo/Page_Form 1A - Cessation As Employer/Confirm' is clicked on

2018-12-06 20:07:26 - [TEST_STEP][PASSED] - delay: Delayed 2 second(s)

2018-12-06 20:07:28 - [MESSAGE][PASSED] - Delayed 2 second(s)

2018-12-06 20:07:28 - [TEST_STEP][PASSED] - verifyElementVisible: Object 'Object Repository/Final Object Repo/Page_Form 1A - Cessation As Employer/Message Your Request will be routed to UO' is visible

2018-12-06 20:07:32 - [MESSAGE][PASSED] - Object 'Object Repository/Final Object Repo/Page_Form 1A - Cessation As Employer/Message Your Request will be routed to UO' is visible

2018-12-06 20:07:32 - [TEST_STEP][PASSED] - delay: Delayed 1 second(s)

2018-12-06 20:07:33 - [MESSAGE][PASSED] - Delayed 1 second(s)

2018-12-06 20:07:33 - [TEST_STEP][PASSED] - verifyElementVisible: Object 'Object Repository/Final Object Repo/Page_Form 1A - Cessation As Employer/Letter of acknowledgement' is visible

2018-12-06 20:07:33 - [MESSAGE][PASSED] - Object 'Object Repository/Final Object Repo/Page_Form 1A - Cessation As Employer/Letter of acknowledgement' is visible

2018-12-06 20:07:33 - [MESSAGE][PASSED] - Call Test Case 'Test Cases/Final Aug 2018 - PKS Automation/Registration Module/Workflow/Form 1A - Cessation As Employer/Template/Form 1 A - Cessation As Employer (OTC)' successfully

2018-12-06 20:07:33 - [TEST_STEP][PASSED] - callTestCase: Call Test Case 'Test Cases/Final Aug 2018 - PKS Automation/Registration Module/Workflow/Form 1A - Cessation As Employer/Template/Form 1 A - Cessation As Employer (Under enforcement)' successfully

2018-12-06 20:07:33 - [TEST_CASE][PASSED] - Test Cases/Final Aug 2018 - PKS Automation/Registration Module/Workflow/Form 1A - Cessation As Employer/Template/Form 1 A - Cessation As Employer (Under enforcement): Test Cases/Final Aug 2018 - PKS Automation/Registration Module/Workflow/Form 1A - Cessation As Employer/Template/Form 1 A - Cessation As Employer (Under enforcement)

2018-12-06 20:07:33 - [TEST_STEP][NOT_RUN] - callTestCase: NOT_RUN: callTestCase

2018-12-06 20:07:33 - [MESSAGE][NOT_RUN] - NOT_RUN: callTestCase

2018-12-06 20:07:33 - [TEST_STEP][PASSED] - delay: Delayed 1 second(s)

2018-12-06 20:07:34 - [MESSAGE][PASSED] - Delayed 1 second(s)

2018-12-06 20:07:34 - [TEST_STEP][PASSED] - navigateToUrl: Navigate to 'https://assist2-uat.perkeso.gov.my/c/portal/logout' successfully

2018-12-06 20:07:35 - [MESSAGE][PASSED] - Navigate to 'https://assist2-uat.perkeso.gov.my/c/portal/logout' successfully

2018-12-06 20:07:35 - [TEST_STEP][PASSED] - delay: Delayed 1 second(s)

2018-12-06 20:07:36 - [MESSAGE][PASSED] - Delayed 1 second(s)

2018-12-06 20:07:36 - [TEST_STEP][PASSED] - callTestCase: Call Test Case 'Test Cases/Final Aug 2018 - PKS Automation/Common/Reference Number Getter' successfully

2018-12-06 20:07:36 - [TEST_CASE][PASSED] - Test Cases/Final Aug 2018 - PKS Automation/Common/Reference Number Getter: Test Cases/Final Aug 2018 - PKS Automation/Common/Reference Number Getter

2018-12-06 20:07:36 - [TEST_STEP][PASSED] - Statement - Try: null

2018-12-06 20:07:36 - [TEST_STEP][PASSED] - Statement - RefNo = new java.io.File(C://Users//Admin//Desktop//PKS//Automation Reference Point//KatalonReference.txt): null

2018-12-06 20:07:36 - [TEST_STEP][PASSED] - Statement - bufferread = new java.io.BufferedReader(new java.io.FileReader(RefNo)): null

2018-12-06 20:07:36 - [TEST_STEP][PASSED] - Statement - readedVal = bufferread.readLine(): null

2018-12-06 20:07:36 - [TEST_STEP][PASSED] - Statement - out.println(CaseReferenceNo): null

2018-12-06 20:07:36 - [TEST_STEP][PASSED] - Statement - out.println(readedVal): null

2018-12-06 20:07:36 - [TEST_STEP][PASSED] - Statement - CaseReferenceNo = "": null

2018-12-06 20:07:36 - [TEST_STEP][PASSED] - Statement - CaseReferenceNo = readedVal: null

2018-12-06 20:07:36 - [MESSAGE][PASSED] - Call Test Case 'Test Cases/Final Aug 2018 - PKS Automation/Common/Reference Number Getter' successfully

2018-12-06 20:07:36 - [TEST_STEP][PASSED] - callTestCase: Call Test Case 'Test Cases/Final Aug 2018 - PKS Automation/Common/Workflow Owner Finder' successfully

2018-12-06 20:07:36 - [TEST_CASE][PASSED] - Test Cases/Final Aug 2018 - PKS Automation/Common/Workflow Owner Finder: Test Cases/Final Aug 2018 - PKS Automation/Common/Workflow Owner Finder

2018-12-06 20:07:36 - [TEST_STEP][PASSED] - openBrowser: Browser is opened with url: ''

2018-12-06 20:07:36 - [MESSAGE][WARNING] - A browser is already opened. Closing browser and opening a new one

2018-12-06 20:07:40 - [MESSAGE][PASSED] - Browser is opened with url: ''

2018-12-06 20:07:40 - [TEST_STEP][PASSED] - navigateToUrl: Navigate to 'https://assist2-uat.perkeso.gov.my/login' successfully

2018-12-06 20:07:41 - [MESSAGE][PASSED] - Navigate to 'https://assist2-uat.perkeso.gov.my/login' successfully

2018-12-06 20:07:41 - [TEST_STEP][PASSED] - delay: Delayed 5 second(s)

2018-12-06 20:07:46 - [MESSAGE][PASSED] - Delayed 5 second(s)

2018-12-06 20:07:46 - [TEST_STEP][PASSED] - setText: Text 'test@liferay.com' is set on object 'Object Repository/Final Object Repo/Login Page/Internal User/Email Address'

2018-12-06 20:07:46 - [MESSAGE][PASSED] - Text 'test@liferay.com' is set on object 'Object Repository/Final Object Repo/Login Page/Internal User/Email Address'

2018-12-06 20:07:46 - [TEST_STEP][PASSED] - click: Object: 'Object Repository/Final Object Repo/Login Page/Internal User/Next Button' is clicked on

2018-12-06 20:07:46 - [MESSAGE][PASSED] - Object: 'Object Repository/Final Object Repo/Login Page/Internal User/Next Button' is clicked on

2018-12-06 20:07:46 - [TEST_STEP][PASSED] - delay: Delayed 2 second(s)

2018-12-06 20:07:48 - [MESSAGE][PASSED] - Delayed 2 second(s)

2018-12-06 20:07:48 - [TEST_STEP][PASSED] - setText: Text 'test' is set on object 'Object Repository/Final Object Repo/Login Page/Internal User/Password'

2018-12-06 20:07:48 - [MESSAGE][PASSED] - Text 'test' is set on object 'Object Repository/Final Object Repo/Login Page/Internal User/Password'

2018-12-06 20:07:48 - [TEST_STEP][PASSED] - delay: Delayed 2 second(s)

2018-12-06 20:07:50 - [MESSAGE][PASSED] - Delayed 2 second(s)

2018-12-06 20:07:50 - [TEST_STEP][PASSED] - click: Object: 'Object Repository/Final Object Repo/Login Page/Internal User/Login Button' is clicked on

2018-12-06 20:07:51 - [MESSAGE][PASSED] - Object: 'Object Repository/Final Object Repo/Login Page/Internal User/Login Button' is clicked on

2018-12-06 20:07:51 - [TEST_STEP][PASSED] - Statement - tester = com.kms.katalon.core.testobject.ObjectRepository.findTestObject(Final Object Repo/Landing Page/Select to English): Finding Test Object with id 'Object Repository/Final Object Repo/Landing Page/Select to English'

2018-12-06 20:07:51 - [TEST_STEP][PASSED] - Statement - Try: Delayed 2 second(s)

2018-12-06 20:07:51 - [TEST_STEP][PASSED] - Statement - Checker = com.kms.katalon.core.webui.keyword.WebUiBuiltInKeywords.verifyElementNotPresent(tester, 3): Web element with id: 'Object Repository/Final Object Repo/Landing Page/Select to English' located by 'By.xpath: //a[@class = 'taglib-language-list-text' and @lang = 'en-US' and (contains(text(), 'EN') or contains(., 'EN'))]' is not present after '3' second(s)

2018-12-06 20:07:53 - [MESSAGE][PASSED] - Web element with id: 'Object Repository/Final Object Repo/Landing Page/Select to English' located by 'By.xpath: //a[@class = 'taglib-language-list-text' and @lang = 'en-US' and (contains(text(), 'EN') or contains(., 'EN'))]' is not present after '3' second(s)

2018-12-06 20:07:53 - [TEST_STEP][PASSED] - Statement - If (Checker == false): null

2018-12-06 20:07:53 - [TEST_STEP][PASSED] - delay: Delayed 2 second(s)

2018-12-06 20:07:55 - [MESSAGE][PASSED] - Delayed 2 second(s)

2018-12-06 20:07:55 - [TEST_STEP][PASSED] - delay: Delayed 5 second(s)

2018-12-06 20:08:00 - [MESSAGE][PASSED] - Delayed 5 second(s)

2018-12-06 20:08:00 - [TEST_STEP][PASSED] - mouseOver: Object: 'Object Repository/Final Object Repo/Landing Page/WorkFlow Menu' is hovered

2018-12-06 20:08:00 - [MESSAGE][PASSED] - Object: 'Object Repository/Final Object Repo/Landing Page/WorkFlow Menu' is hovered

2018-12-06 20:08:00 - [TEST_STEP][PASSED] - delay: Delayed 2 second(s)

2018-12-06 20:08:02 - [MESSAGE][PASSED] - Delayed 2 second(s)

2018-12-06 20:08:02 - [TEST_STEP][PASSED] - click: Object: 'Object Repository/Final Object Repo/Landing Page/Select to Workflow Listing' is clicked on

2018-12-06 20:08:03 - [MESSAGE][PASSED] - Object: 'Object Repository/Final Object Repo/Landing Page/Select to Workflow Listing' is clicked on

2018-12-06 20:08:03 - [TEST_STEP][PASSED] - delay: Delayed 2 second(s)

2018-12-06 20:08:05 - [MESSAGE][PASSED] - Delayed 2 second(s)

2018-12-06 20:08:05 - [TEST_STEP][PASSED] - click: Object: 'Object Repository/Final Object Repo/WorkFlow Listing Page/Search Information - To Put Ref No' is clicked on

2018-12-06 20:08:05 - [MESSAGE][PASSED] - Object: 'Object Repository/Final Object Repo/WorkFlow Listing Page/Search Information - To Put Ref No' is clicked on

2018-12-06 20:08:05 - [TEST_STEP][PASSED] - delay: Delayed 2 second(s)

2018-12-06 20:08:07 - [MESSAGE][PASSED] - Delayed 2 second(s)

2018-12-06 20:08:07 - [TEST_STEP][PASSED] - callTestCase: Call Test Case 'Test Cases/Final Aug 2018 - PKS Automation/Common/Reference Number Getter' successfully

2018-12-06 20:08:07 - [TEST_CASE][PASSED] - Test Cases/Final Aug 2018 - PKS Automation/Common/Reference Number Getter: Test Cases/Final Aug 2018 - PKS Automation/Common/Reference Number Getter

2018-12-06 20:08:07 - [TEST_STEP][PASSED] - Statement - Try: null

2018-12-06 20:08:07 - [TEST_STEP][PASSED] - Statement - RefNo = new java.io.File(C://Users//Admin//Desktop//PKS//Automation Reference Point//KatalonReference.txt): null

2018-12-06 20:08:07 - [TEST_STEP][PASSED] - Statement - bufferread = new java.io.BufferedReader(new java.io.FileReader(RefNo)): null

2018-12-06 20:08:07 - [TEST_STEP][PASSED] - Statement - readedVal = bufferread.readLine(): null

2018-12-06 20:08:07 - [TEST_STEP][PASSED] - Statement - out.println(CaseReferenceNo): null

2018-12-06 20:08:07 - [TEST_STEP][PASSED] - Statement - out.println(readedVal): null

2018-12-06 20:08:07 - [TEST_STEP][PASSED] - Statement - CaseReferenceNo = "": null

2018-12-06 20:08:07 - [TEST_STEP][PASSED] - Statement - CaseReferenceNo = readedVal: null

2018-12-06 20:08:07 - [MESSAGE][PASSED] - Call Test Case 'Test Cases/Final Aug 2018 - PKS Automation/Common/Reference Number Getter' successfully

2018-12-06 20:08:07 - [TEST_STEP][PASSED] - setText: Text 'CUN122018C200001697' is set on object 'Object Repository/Final Object Repo/WorkFlow Listing Page/Ref No Set Text'

2018-12-06 20:08:07 - [MESSAGE][PASSED] - Text 'CUN122018C200001697' is set on object 'Object Repository/Final Object Repo/WorkFlow Listing Page/Ref No Set Text'

2018-12-06 20:08:07 - [TEST_STEP][PASSED] - delay: Delayed 2 second(s)

2018-12-06 20:08:09 - [MESSAGE][PASSED] - Delayed 2 second(s)

2018-12-06 20:08:09 - [TEST_STEP][PASSED] - click: Object: 'Object Repository/Final Object Repo/WorkFlow Listing Page/Search Ref No Search Button' is clicked on

2018-12-06 20:08:09 - [MESSAGE][PASSED] - Object: 'Object Repository/Final Object Repo/WorkFlow Listing Page/Search Ref No Search Button' is clicked on

2018-12-06 20:08:09 - [TEST_STEP][PASSED] - delay: Delayed 6 second(s)

2018-12-06 20:08:15 - [MESSAGE][PASSED] - Delayed 6 second(s)

2018-12-06 20:08:15 - [TEST_STEP][PASSED] - click: Object: 'Object Repository/Final Object Repo/WorkFlow Listing Page/Click Continue Tooltip' is clicked on

2018-12-06 20:08:16 - [MESSAGE][PASSED] - Object: 'Object Repository/Final Object Repo/WorkFlow Listing Page/Click Continue Tooltip' is clicked on

2018-12-06 20:08:16 - [TEST_STEP][PASSED] - delay: Delayed 5 second(s)

2018-12-06 20:08:21 - [MESSAGE][PASSED] - Delayed 5 second(s)

2018-12-06 20:08:21 - [TEST_STEP][PASSED] - doubleClick: Object: 'Object Repository/Final Object Repo/WorkFlow Listing Page/Workflow Found - Listing 1' is double clicked on

2018-12-06 20:08:22 - [MESSAGE][PASSED] - Object: 'Object Repository/Final Object Repo/WorkFlow Listing Page/Workflow Found - Listing 1' is double clicked on

2018-12-06 20:08:22 - [TEST_STEP][PASSED] - Statement - println(OwnerID): null

2018-12-06 20:08:22 - [TEST_STEP][PASSED] - Statement - OwnerID = com.kms.katalon.core.webui.keyword.WebUiBuiltInKeywords.getText(com.kms.katalon.core.testobject.ObjectRepository.findTestObject(Final Object Repo/WorkFlow Listing Page/Workflow Found - Listing 1), STOP_ON_FAILURE): Text of object 'Object Repository/Final Object Repo/WorkFlow Listing Page/Workflow Found - Listing 1' is: 'JOHORuo3'

2018-12-06 20:08:22 - [MESSAGE][PASSED] - Text of object 'Object Repository/Final Object Repo/WorkFlow Listing Page/Workflow Found - Listing 1' is: 'JOHORuo3'

2018-12-06 20:08:22 - [TEST_STEP][PASSED] - Statement - OwnerID = OwnerID.toLowerCase() + "@gmail.com": null

2018-12-06 20:08:22 - [TEST_STEP][PASSED] - Statement - println(OwnerID): null

2018-12-06 20:08:22 - [TEST_STEP][PASSED] - delay: Delayed 2 second(s)

2018-12-06 20:08:24 - [MESSAGE][PASSED] - Delayed 2 second(s)

2018-12-06 20:08:24 - [MESSAGE][PASSED] - Call Test Case 'Test Cases/Final Aug 2018 - PKS Automation/Common/Workflow Owner Finder' successfully

2018-12-06 20:08:24 - [TEST_STEP][PASSED] - delay: Delayed 1 second(s)

2018-12-06 20:08:25 - [MESSAGE][PASSED] - Delayed 1 second(s)

2018-12-06 20:08:25 - [TEST_STEP][PASSED] - navigateToUrl: Navigate to 'https://assist2-uat.perkeso.gov.my/c/portal/logout' successfully

2018-12-06 20:08:25 - [MESSAGE][PASSED] - Navigate to 'https://assist2-uat.perkeso.gov.my/c/portal/logout' successfully

2018-12-06 20:08:25 - [TEST_STEP][PASSED] - delay: Delayed 1 second(s)

2018-12-06 20:08:26 - [MESSAGE][PASSED] - Delayed 1 second(s)

2018-12-06 20:08:26 - [TEST_STEP][PASSED] - callTestCase: Call Test Case 'Test Cases/Final Aug 2018 - PKS Automation/Registration Module/Workflow/Login and Search Case For Workflow' successfully

2018-12-06 20:08:26 - [TEST_CASE][PASSED] - Test Cases/Final Aug 2018 - PKS Automation/Registration Module/Workflow/Login and Search Case For Workflow: Test Cases/Final Aug 2018 - PKS Automation/Registration Module/Workflow/Login and Search Case For Workflow

2018-12-06 20:08:26 - [TEST_STEP][PASSED] - navigateToUrl: Navigate to 'https://assist2-uat.perkeso.gov.my/login' successfully

2018-12-06 20:08:27 - [MESSAGE][PASSED] - Navigate to 'https://assist2-uat.perkeso.gov.my/login' successfully

2018-12-06 20:08:27 - [TEST_STEP][PASSED] - setText: Text 'johoruo3@gmail.com' is set on object 'Object Repository/Final Object Repo/Login Page/Internal User/Email Address'

2018-12-06 20:08:27 - [MESSAGE][PASSED] - Text 'johoruo3@gmail.com' is set on object 'Object Repository/Final Object Repo/Login Page/Internal User/Email Address'

2018-12-06 20:08:27 - [TEST_STEP][PASSED] - click: Object: 'Object Repository/Final Object Repo/Login Page/Internal User/Next Button' is clicked on

2018-12-06 20:08:28 - [MESSAGE][PASSED] - Object: 'Object Repository/Final Object Repo/Login Page/Internal User/Next Button' is clicked on

2018-12-06 20:08:28 - [TEST_STEP][PASSED] - delay: Delayed 1 second(s)

2018-12-06 20:08:29 - [MESSAGE][PASSED] - Delayed 1 second(s)

2018-12-06 20:08:29 - [TEST_STEP][PASSED] - setEncryptedText: Text ****** has been set on object 'Object Repository/Final Object Repo/Login Page/Internal User/Password'

2018-12-06 20:08:29 - [MESSAGE][PASSED] - Text ****** has been set on object 'Object Repository/Final Object Repo/Login Page/Internal User/Password'

2018-12-06 20:08:29 - [TEST_STEP][PASSED] - click: Object: 'Object Repository/Final Object Repo/Login Page/Internal User/Login Button' is clicked on

2018-12-06 20:08:29 - [MESSAGE][PASSED] - Object: 'Object Repository/Final Object Repo/Login Page/Internal User/Login Button' is clicked on

2018-12-06 20:08:29 - [TEST_STEP][PASSED] - delay: Delayed 2 second(s)

2018-12-06 20:08:31 - [MESSAGE][PASSED] - Delayed 2 second(s)

2018-12-06 20:08:31 - [TEST_STEP][PASSED] - Statement - Try: Delayed 2 second(s)

2018-12-06 20:08:31 - [TEST_STEP][PASSED] - Statement - Checker = false: null

2018-12-06 20:08:31 - [TEST_STEP][PASSED] - Statement - Checker = com.kms.katalon.core.webui.keyword.WebUiBuiltInKeywords.verifyElementHasAttribute(com.kms.katalon.core.testobject.ObjectRepository.findTestObject(Final Object Repo/Landing Page/BM Detecting), "href", 20, OPTIONAL): Object 'Object Repository/Final Object Repo/Landing Page/BM Detecting' has attribute 'href'

2018-12-06 20:08:31 - [MESSAGE][PASSED] - Object 'Object Repository/Final Object Repo/Landing Page/BM Detecting' has attribute 'href'

2018-12-06 20:08:31 - [TEST_STEP][PASSED] - Statement - out.println(Checker): null

2018-12-06 20:08:31 - [TEST_STEP][PASSED] - Statement - If (Checker == false): null

2018-12-06 20:08:31 - [TEST_STEP][PASSED] - Statement - Else: null

2018-12-06 20:08:31 - [TEST_STEP][PASSED] - delay: Delayed 2 second(s)

2018-12-06 20:08:33 - [MESSAGE][PASSED] - Delayed 2 second(s)

2018-12-06 20:08:33 - [TEST_STEP][PASSED] - click: Object: 'Object Repository/Final Object Repo/Page_MyASSIST - ASSIST - Search Pending Case For Add Supporting Document/Search Information' is clicked on

2018-12-06 20:08:33 - [MESSAGE][PASSED] - Object: 'Object Repository/Final Object Repo/Page_MyASSIST - ASSIST - Search Pending Case For Add Supporting Document/Search Information' is clicked on

2018-12-06 20:08:33 - [TEST_STEP][PASSED] - delay: Delayed 3 second(s)

2018-12-06 20:08:36 - [MESSAGE][PASSED] - Delayed 3 second(s)

2018-12-06 20:08:36 - [TEST_STEP][PASSED] - sendKeys: Keys 'CUN122018C200001697' sent to object: 'Object Repository/Final Object Repo/Page_MyASSIST - ASSIST - Search Pending Case For Add Supporting Document/Reference No'

2018-12-06 20:08:36 - [MESSAGE][PASSED] - Keys 'CUN122018C200001697' sent to object: 'Object Repository/Final Object Repo/Page_MyASSIST - ASSIST - Search Pending Case For Add Supporting Document/Reference No'

2018-12-06 20:08:36 - [TEST_STEP][PASSED] - click: Object: 'Object Repository/Final Object Repo/Page_MyASSIST - ASSIST - Search Pending Case For Add Supporting Document/Search Reference No' is clicked on

2018-12-06 20:08:37 - [MESSAGE][PASSED] - Object: 'Object Repository/Final Object Repo/Page_MyASSIST - ASSIST - Search Pending Case For Add Supporting Document/Search Reference No' is clicked on

2018-12-06 20:08:37 - [TEST_STEP][PASSED] - delay: Delayed 2 second(s)

2018-12-06 20:08:39 - [MESSAGE][PASSED] - Delayed 2 second(s)

2018-12-06 20:08:39 - [TEST_STEP][PASSED] - click: Object: 'Object Repository/Final Object Repo/Page_MyASSIST - ASSIST - Search Pending Case For Add Supporting Document/Continue' is clicked on

2018-12-06 20:08:42 - [MESSAGE][PASSED] - Object: 'Object Repository/Final Object Repo/Page_MyASSIST - ASSIST - Search Pending Case For Add Supporting Document/Continue' is clicked on

2018-12-06 20:08:42 - [TEST_STEP][PASSED] - delay: Delayed 20 second(s)

2018-12-06 20:09:02 - [MESSAGE][PASSED] - Delayed 20 second(s)

2018-12-06 20:09:02 - [MESSAGE][PASSED] - Call Test Case 'Test Cases/Final Aug 2018 - PKS Automation/Registration Module/Workflow/Login and Search Case For Workflow' successfully

2018-12-06 20:09:02 - [TEST_STEP][PASSED] - click: Object: 'Object Repository/Final Object Repo/Page_Form 1A - Cessation As Employer/Page_Form 1A - Cessation As Employer (Approve)/Save  Continue in Form 1A Page' is clicked on

2018-12-06 20:09:02 - [MESSAGE][PASSED] - Object: 'Object Repository/Final Object Repo/Page_Form 1A - Cessation As Employer/Page_Form 1A - Cessation As Employer (Approve)/Save  Continue in Form 1A Page' is clicked on

2018-12-06 20:09:02 - [TEST_STEP][PASSED] - delay: Delayed 2 second(s)

2018-12-06 20:09:04 - [MESSAGE][PASSED] - Delayed 2 second(s)

2018-12-06 20:09:04 - [TEST_STEP][PASSED] - click: Object: 'Object Repository/Final Object Repo/Page_Form 1A - Cessation As Employer/Employment Resign Date' is clicked on

2018-12-06 20:09:04 - [MESSAGE][PASSED] - Object: 'Object Repository/Final Object Repo/Page_Form 1A - Cessation As Employer/Employment Resign Date' is clicked on

2018-12-06 20:09:04 - [TEST_STEP][PASSED] - delay: Delayed 1 second(s)

2018-12-06 20:09:05 - [MESSAGE][PASSED] - Delayed 1 second(s)

2018-12-06 20:09:05 - [TEST_STEP][PASSED] - selectOptionByValue: All options with value '2030' are selected in object 'Object Repository/Final Object Repo/Page_Form 1A - Cessation As Employer/Employment Resign Date - Year' 

2018-12-06 20:09:06 - [MESSAGE][PASSED] - All options with value '2030' are selected in object 'Object Repository/Final Object Repo/Page_Form 1A - Cessation As Employer/Employment Resign Date - Year' 

2018-12-06 20:09:06 - [TEST_STEP][PASSED] - delay: Delayed 1 second(s)

2018-12-06 20:09:07 - [MESSAGE][PASSED] - Delayed 1 second(s)

2018-12-06 20:09:07 - [TEST_STEP][PASSED] - click: Object: 'Object Repository/Final Object Repo/Page_Form 1A - Cessation As Employer/Employment Resign Date - Year - Date' is clicked on

2018-12-06 20:09:07 - [MESSAGE][PASSED] - Object: 'Object Repository/Final Object Repo/Page_Form 1A - Cessation As Employer/Employment Resign Date - Year - Date' is clicked on

2018-12-06 20:09:07 - [TEST_STEP][PASSED] - delay: Delayed 2 second(s)

2018-12-06 20:09:09 - [MESSAGE][PASSED] - Delayed 2 second(s)

2018-12-06 20:09:09 - [TEST_STEP][PASSED] - click: Object: 'Object Repository/Final Object Repo/Page_Form 1A - Cessation As Employer/Page_Form 1A - Cessation As Employer (Approve)/Save  Continue in Update Add Employee Resigned Date Page' is clicked on

2018-12-06 20:09:09 - [MESSAGE][PASSED] - Object: 'Object Repository/Final Object Repo/Page_Form 1A - Cessation As Employer/Page_Form 1A - Cessation As Employer (Approve)/Save  Continue in Update Add Employee Resigned Date Page' is clicked on

2018-12-06 20:09:09 - [TEST_STEP][PASSED] - delay: Delayed 2 second(s)

2018-12-06 20:09:11 - [MESSAGE][PASSED] - Delayed 2 second(s)

2018-12-06 20:09:11 - [TEST_STEP][PASSED] - click: Object: 'Object Repository/Final Object Repo/Page_Form 1A - Cessation As Employer/Set Latest - Yes' is clicked on

2018-12-06 20:09:11 - [MESSAGE][PASSED] - Object: 'Object Repository/Final Object Repo/Page_Form 1A - Cessation As Employer/Set Latest - Yes' is clicked on

2018-12-06 20:09:11 - [TEST_STEP][PASSED] - delay: Delayed 2 second(s)

2018-12-06 20:09:13 - [MESSAGE][PASSED] - Delayed 2 second(s)

2018-12-06 20:09:13 - [TEST_STEP][PASSED] - click: Object: 'Object Repository/Final Object Repo/Page_Form 1A - Cessation As Employer/Page_Form 1A - Cessation As Employer (Approve)/Save  Contine in Uploading Document Page' is clicked on

2018-12-06 20:09:14 - [MESSAGE][PASSED] - Object: 'Object Repository/Final Object Repo/Page_Form 1A - Cessation As Employer/Page_Form 1A - Cessation As Employer (Approve)/Save  Contine in Uploading Document Page' is clicked on

2018-12-06 20:09:14 - [TEST_STEP][PASSED] - delay: Delayed 2 second(s)

2018-12-06 20:09:16 - [MESSAGE][PASSED] - Delayed 2 second(s)

2018-12-06 20:09:16 - [TEST_STEP][PASSED] - click: Object: 'Object Repository/Final Object Repo/Page_Form 1A - Cessation As Employer/Page_Form 1A - Cessation As Employer (Under enforcement)/Under enforcement' is clicked on

2018-12-06 20:09:19 - [MESSAGE][PASSED] - Object: 'Object Repository/Final Object Repo/Page_Form 1A - Cessation As Employer/Page_Form 1A - Cessation As Employer (Under enforcement)/Under enforcement' is clicked on

2018-12-06 20:09:19 - [TEST_STEP][PASSED] - delay: Delayed 2 second(s)

2018-12-06 20:09:21 - [MESSAGE][PASSED] - Delayed 2 second(s)

2018-12-06 20:09:21 - [TEST_STEP][PASSED] - setText: Text 'remark' is set on object 'Object Repository/Final Object Repo/Page_Form 1A - Cessation As Employer/Page_Form 1A - Cessation As Employer (Under enforcement)/Under enforcement - remark'

2018-12-06 20:09:21 - [MESSAGE][PASSED] - Text 'remark' is set on object 'Object Repository/Final Object Repo/Page_Form 1A - Cessation As Employer/Page_Form 1A - Cessation As Employer (Under enforcement)/Under enforcement - remark'

2018-12-06 20:09:21 - [TEST_STEP][PASSED] - delay: Delayed 2 second(s)

2018-12-06 20:09:23 - [MESSAGE][PASSED] - Delayed 2 second(s)

2018-12-06 20:09:23 - [TEST_STEP][PASSED] - click: Object: 'Object Repository/Final Object Repo/Page_Form 1A - Cessation As Employer/Page_Form 1A - Cessation As Employer (Under enforcement)/Save  Continue in Under enforcement Page' is clicked on

2018-12-06 20:09:23 - [MESSAGE][PASSED] - Object: 'Object Repository/Final Object Repo/Page_Form 1A - Cessation As Employer/Page_Form 1A - Cessation As Employer (Under enforcement)/Save  Continue in Under enforcement Page' is clicked on

2018-12-06 20:09:23 - [TEST_STEP][PASSED] - delay: Delayed 2 second(s)

2018-12-06 20:09:25 - [MESSAGE][PASSED] - Delayed 2 second(s)

2018-12-06 20:09:25 - [TEST_STEP][PASSED] - click: Object: 'Object Repository/Final Object Repo/Page_Form 1A - Cessation As Employer/Page_Form 1A - Cessation As Employer (Under enforcement)/Message The case is under enforcement' is clicked on

2018-12-06 20:09:27 - [MESSAGE][PASSED] - Object: 'Object Repository/Final Object Repo/Page_Form 1A - Cessation As Employer/Page_Form 1A - Cessation As Employer (Under enforcement)/Message The case is under enforcement' is clicked on

2018-12-06 20:09:27 - [MESSAGE][PASSED] - Call Test Case 'Test Cases/Final Aug 2018 - PKS Automation/Registration Module/Workflow/Form 1A - Cessation As Employer/Template/Form 1 A - Cessation As Employer (Under enforcement)' successfully]]></system-out>
         <system-err><![CDATA[]]></system-err>
      </testcase>
      <testcase name="Test Cases/Final Aug 2018 - PKS Automation/Registration Module/Workflow/Form 1A - Cessation As Employer/OTC to UO (Approve)" classname="Test Cases/Final Aug 2018 - PKS Automation/Registration Module/Workflow/Form 1A - Cessation As Employer/OTC to UO (Approve)" status="PASSED">
         <system-out><![CDATA[2018-12-06 20:09:27 - [TEST_CASE][PASSED] - Test Cases/Final Aug 2018 - PKS Automation/Registration Module/Workflow/Form 1A - Cessation As Employer/OTC to UO (Approve): Test Cases/Final Aug 2018 - PKS Automation/Registration Module/Workflow/Form 1A - Cessation As Employer/OTC to UO (Approve)

2018-12-06 20:09:27 - [TEST_STEP][PASSED] - callTestCase: Call Test Case 'Test Cases/Final Aug 2018 - PKS Automation/Registration Module/Workflow/Form 1A - Cessation As Employer/Template/Form 1 A - Cessation As Employer (OTC)' successfully

2018-12-06 20:09:27 - [TEST_CASE][PASSED] - Test Cases/Final Aug 2018 - PKS Automation/Registration Module/Workflow/Form 1A - Cessation As Employer/Template/Form 1 A - Cessation As Employer (OTC): Test Cases/Final Aug 2018 - PKS Automation/Registration Module/Workflow/Form 1A - Cessation As Employer/Template/Form 1 A - Cessation As Employer (OTC)

2018-12-06 20:09:27 - [TEST_STEP][PASSED] - openBrowser: Browser is opened with url: ''

2018-12-06 20:09:27 - [MESSAGE][WARNING] - A browser is already opened. Closing browser and opening a new one

2018-12-06 20:09:31 - [MESSAGE][PASSED] - Browser is opened with url: ''

2018-12-06 20:09:31 - [TEST_STEP][PASSED] - navigateToUrl: Navigate to 'https://assist2-uat.perkeso.gov.my/login' successfully

2018-12-06 20:09:32 - [MESSAGE][PASSED] - Navigate to 'https://assist2-uat.perkeso.gov.my/login' successfully

2018-12-06 20:09:32 - [TEST_STEP][PASSED] - setText: Text 'johorotc1@gmail.com' is set on object 'Object Repository/Final Object Repo/Login Page/Internal User/Email Address'

2018-12-06 20:09:33 - [MESSAGE][PASSED] - Text 'johorotc1@gmail.com' is set on object 'Object Repository/Final Object Repo/Login Page/Internal User/Email Address'

2018-12-06 20:09:33 - [TEST_STEP][PASSED] - click: Object: 'Object Repository/Final Object Repo/Login Page/Internal User/Next Button' is clicked on

2018-12-06 20:09:33 - [MESSAGE][PASSED] - Object: 'Object Repository/Final Object Repo/Login Page/Internal User/Next Button' is clicked on

2018-12-06 20:09:33 - [TEST_STEP][PASSED] - delay: Delayed 1 second(s)

2018-12-06 20:09:34 - [MESSAGE][PASSED] - Delayed 1 second(s)

2018-12-06 20:09:34 - [TEST_STEP][PASSED] - setEncryptedText: Text ****** has been set on object 'Object Repository/Final Object Repo/Login Page/Internal User/Password'

2018-12-06 20:09:34 - [MESSAGE][PASSED] - Text ****** has been set on object 'Object Repository/Final Object Repo/Login Page/Internal User/Password'

2018-12-06 20:09:34 - [TEST_STEP][PASSED] - click: Object: 'Object Repository/Final Object Repo/Login Page/Internal User/Login Button' is clicked on

2018-12-06 20:09:34 - [MESSAGE][PASSED] - Object: 'Object Repository/Final Object Repo/Login Page/Internal User/Login Button' is clicked on

2018-12-06 20:09:34 - [TEST_STEP][PASSED] - delay: Delayed 1 second(s)

2018-12-06 20:09:35 - [MESSAGE][PASSED] - Delayed 1 second(s)

2018-12-06 20:09:35 - [TEST_STEP][PASSED] - Statement - Try: Delayed 2 second(s)

2018-12-06 20:09:35 - [TEST_STEP][PASSED] - Statement - Checker = false: null

2018-12-06 20:09:35 - [TEST_STEP][PASSED] - Statement - Checker = com.kms.katalon.core.webui.keyword.WebUiBuiltInKeywords.verifyElementHasAttribute(com.kms.katalon.core.testobject.ObjectRepository.findTestObject(Final Object Repo/Landing Page/BM Detecting), "href", 20, OPTIONAL): Object 'Object Repository/Final Object Repo/Landing Page/BM Detecting' has attribute 'href'

2018-12-06 20:09:36 - [MESSAGE][PASSED] - Object 'Object Repository/Final Object Repo/Landing Page/BM Detecting' has attribute 'href'

2018-12-06 20:09:36 - [TEST_STEP][PASSED] - Statement - out.println(Checker): null

2018-12-06 20:09:36 - [TEST_STEP][PASSED] - Statement - If (Checker == false): null

2018-12-06 20:09:36 - [TEST_STEP][PASSED] - Statement - Else: null

2018-12-06 20:09:36 - [TEST_STEP][PASSED] - delay: Delayed 2 second(s)

2018-12-06 20:09:38 - [MESSAGE][PASSED] - Delayed 2 second(s)

2018-12-06 20:09:38 - [TEST_STEP][PASSED] - navigateToUrl: Navigate to 'https://assist2-uat.perkeso.gov.my/web/registration/update/form-1a-cessation-as-employer-discontinue-business-' successfully

2018-12-06 20:09:39 - [MESSAGE][PASSED] - Navigate to 'https://assist2-uat.perkeso.gov.my/web/registration/update/form-1a-cessation-as-employer-discontinue-business-' successfully

2018-12-06 20:09:39 - [TEST_STEP][PASSED] - setText: Text 'E1102069770Z' is set on object 'Object Repository/Final Object Repo/Page_Update Employer Information/Employer Code'

2018-12-06 20:09:39 - [MESSAGE][PASSED] - Text 'E1102069770Z' is set on object 'Object Repository/Final Object Repo/Page_Update Employer Information/Employer Code'

2018-12-06 20:09:39 - [TEST_STEP][PASSED] - click: Object: 'Object Repository/Final Object Repo/Page_Update Employer Information/Search Button' is clicked on

2018-12-06 20:09:40 - [MESSAGE][PASSED] - Object: 'Object Repository/Final Object Repo/Page_Update Employer Information/Search Button' is clicked on

2018-12-06 20:09:40 - [TEST_STEP][PASSED] - click: Object: 'Object Repository/Final Object Repo/Page_Update Employer Information/Edit Button' is clicked on

2018-12-06 20:09:42 - [MESSAGE][PASSED] - Object: 'Object Repository/Final Object Repo/Page_Update Employer Information/Edit Button' is clicked on

2018-12-06 20:09:42 - [TEST_STEP][PASSED] - Statement - abc = com.kms.katalon.core.webui.keyword.WebUiBuiltInKeywords.getAttribute(com.kms.katalon.core.testobject.ObjectRepository.findTestObject(Final Object Repo/Page_Form 1A - Cessation As Employer/Employer Status), "value"): Attribute 'value' of object 'Object Repository/Final Object Repo/Page_Form 1A - Cessation As Employer/Employer Status' is: 'Dormant'

2018-12-06 20:09:42 - [MESSAGE][PASSED] - Attribute 'value' of object 'Object Repository/Final Object Repo/Page_Form 1A - Cessation As Employer/Employer Status' is: 'Dormant'

2018-12-06 20:09:42 - [TEST_STEP][PASSED] - Statement - out.println(abc): null

2018-12-06 20:09:42 - [TEST_STEP][PASSED] - Statement - If (abc == "Active"): null

2018-12-06 20:09:42 - [TEST_STEP][PASSED] - Statement - Else If (abc == "Cancel"): null

2018-12-06 20:09:42 - [TEST_STEP][PASSED] - Statement - Else If (abc == "Dormant"): Object: 'Object Repository/Final Object Repo/Page_Form 1A - Cessation As Employer/Change Employer Status to - Dormant' is clicked on

2018-12-06 20:09:42 - [TEST_STEP][PASSED] - click: Object: 'Object Repository/Final Object Repo/Page_Form 1A - Cessation As Employer/Change Employer Status to' is clicked on

2018-12-06 20:09:42 - [MESSAGE][PASSED] - Object: 'Object Repository/Final Object Repo/Page_Form 1A - Cessation As Employer/Change Employer Status to' is clicked on

2018-12-06 20:09:42 - [TEST_STEP][PASSED] - click: Object: 'Object Repository/Final Object Repo/Page_Form 1A - Cessation As Employer/Change Employer Status to - Dormant' is clicked on

2018-12-06 20:09:42 - [MESSAGE][PASSED] - Object: 'Object Repository/Final Object Repo/Page_Form 1A - Cessation As Employer/Change Employer Status to - Dormant' is clicked on

2018-12-06 20:09:42 - [TEST_STEP][PASSED] - click: Object: 'Object Repository/Final Object Repo/Page_Form 1A - Cessation As Employer/Calender' is clicked on

2018-12-06 20:09:43 - [MESSAGE][PASSED] - Object: 'Object Repository/Final Object Repo/Page_Form 1A - Cessation As Employer/Calender' is clicked on

2018-12-06 20:09:43 - [TEST_STEP][PASSED] - click: Object: 'Object Repository/Final Object Repo/Page_Form 1A - Cessation As Employer/Calender - Date' is clicked on

2018-12-06 20:09:43 - [MESSAGE][PASSED] - Object: 'Object Repository/Final Object Repo/Page_Form 1A - Cessation As Employer/Calender - Date' is clicked on

2018-12-06 20:09:43 - [TEST_STEP][PASSED] - delay: Delayed 2 second(s)

2018-12-06 20:09:45 - [MESSAGE][PASSED] - Delayed 2 second(s)

2018-12-06 20:09:45 - [TEST_STEP][PASSED] - click: Object: 'Object Repository/Final Object Repo/Page_Form 1A - Cessation As Employer/Save  Continue in Form 1A Page' is clicked on

2018-12-06 20:09:45 - [MESSAGE][PASSED] - Object: 'Object Repository/Final Object Repo/Page_Form 1A - Cessation As Employer/Save  Continue in Form 1A Page' is clicked on

2018-12-06 20:09:45 - [TEST_STEP][PASSED] - delay: Delayed 2 second(s)

2018-12-06 20:09:47 - [MESSAGE][PASSED] - Delayed 2 second(s)

2018-12-06 20:09:47 - [TEST_STEP][PASSED] - click: Object: 'Object Repository/Final Object Repo/Page_Form 1A - Cessation As Employer/Employment Resign Date' is clicked on

2018-12-06 20:09:47 - [MESSAGE][PASSED] - Object: 'Object Repository/Final Object Repo/Page_Form 1A - Cessation As Employer/Employment Resign Date' is clicked on

2018-12-06 20:09:47 - [TEST_STEP][PASSED] - delay: Delayed 1 second(s)

2018-12-06 20:09:48 - [MESSAGE][PASSED] - Delayed 1 second(s)

2018-12-06 20:09:48 - [TEST_STEP][PASSED] - Statement - CaseReferenceNo = com.kms.katalon.core.webui.keyword.WebUiBuiltInKeywords.getText(com.kms.katalon.core.testobject.ObjectRepository.findTestObject(Final Object Repo/Page_Update Employer Information/Reference Number in Update Employee Information Page)): Text of object 'Object Repository/Final Object Repo/Page_Update Employer Information/Reference Number in Update Employee Information Page' is: 'CUN122018C200001698'

2018-12-06 20:09:48 - [MESSAGE][PASSED] - Text of object 'Object Repository/Final Object Repo/Page_Update Employer Information/Reference Number in Update Employee Information Page' is: 'CUN122018C200001698'

2018-12-06 20:09:48 - [TEST_STEP][PASSED] - callTestCase: Call Test Case 'Test Cases/Final Aug 2018 - PKS Automation/Common/Reference Number Setter' successfully

2018-12-06 20:09:48 - [TEST_CASE][PASSED] - Test Cases/Final Aug 2018 - PKS Automation/Common/Reference Number Setter: Test Cases/Final Aug 2018 - PKS Automation/Common/Reference Number Setter

2018-12-06 20:09:48 - [TEST_STEP][PASSED] - Statement - RefNoOldFile = new java.io.File(C://Users//Admin//Desktop//PKS//Automation Reference Point//KatalonReference.txt): null

2018-12-06 20:09:48 - [TEST_STEP][PASSED] - Statement - RefNoOldFile.delete(): null

2018-12-06 20:09:48 - [TEST_STEP][PASSED] - delay: Delayed 5 second(s)

2018-12-06 20:09:53 - [MESSAGE][PASSED] - Delayed 5 second(s)

2018-12-06 20:09:53 - [TEST_STEP][PASSED] - Statement - RefNo = new java.io.File(C://Users//Admin//Desktop//PKS//Automation Reference Point//KatalonReference.txt): null

2018-12-06 20:09:53 - [TEST_STEP][PASSED] - Statement - f2 = new java.io.FileWriter(RefNo, false): null

2018-12-06 20:09:53 - [TEST_STEP][PASSED] - Statement - f2.write(CaseReferenceNo): null

2018-12-06 20:09:53 - [TEST_STEP][PASSED] - Statement - f2.close(): null

2018-12-06 20:09:53 - [TEST_STEP][PASSED] - Statement - out.println("


" + CaseReferenceNo + "


"): null

2018-12-06 20:09:53 - [MESSAGE][PASSED] - Call Test Case 'Test Cases/Final Aug 2018 - PKS Automation/Common/Reference Number Setter' successfully

2018-12-06 20:09:53 - [TEST_STEP][PASSED] - selectOptionByValue: All options with value '2030' are selected in object 'Object Repository/Final Object Repo/Page_Form 1A - Cessation As Employer/Employment Resign Date - Year' 

2018-12-06 20:09:54 - [MESSAGE][PASSED] - All options with value '2030' are selected in object 'Object Repository/Final Object Repo/Page_Form 1A - Cessation As Employer/Employment Resign Date - Year' 

2018-12-06 20:09:54 - [TEST_STEP][PASSED] - delay: Delayed 1 second(s)

2018-12-06 20:09:55 - [MESSAGE][PASSED] - Delayed 1 second(s)

2018-12-06 20:09:55 - [TEST_STEP][PASSED] - click: Object: 'Object Repository/Final Object Repo/Page_Form 1A - Cessation As Employer/Employment Resign Date - Year - Date' is clicked on

2018-12-06 20:09:55 - [MESSAGE][PASSED] - Object: 'Object Repository/Final Object Repo/Page_Form 1A - Cessation As Employer/Employment Resign Date - Year - Date' is clicked on

2018-12-06 20:09:55 - [TEST_STEP][PASSED] - delay: Delayed 2 second(s)

2018-12-06 20:09:57 - [MESSAGE][PASSED] - Delayed 2 second(s)

2018-12-06 20:09:57 - [TEST_STEP][PASSED] - click: Object: 'Object Repository/Final Object Repo/Page_Form 1A - Cessation As Employer/Save  Continue in Update Add Employee Resigned Date Page' is clicked on

2018-12-06 20:09:57 - [MESSAGE][PASSED] - Object: 'Object Repository/Final Object Repo/Page_Form 1A - Cessation As Employer/Save  Continue in Update Add Employee Resigned Date Page' is clicked on

2018-12-06 20:09:57 - [TEST_STEP][PASSED] - delay: Delayed 2 second(s)

2018-12-06 20:09:59 - [MESSAGE][PASSED] - Delayed 2 second(s)

2018-12-06 20:09:59 - [TEST_STEP][PASSED] - click: Object: 'Object Repository/Final Object Repo/Page_Form 1A - Cessation As Employer/Set Latest - Yes' is clicked on

2018-12-06 20:09:59 - [MESSAGE][PASSED] - Object: 'Object Repository/Final Object Repo/Page_Form 1A - Cessation As Employer/Set Latest - Yes' is clicked on

2018-12-06 20:09:59 - [TEST_STEP][PASSED] - delay: Delayed 2 second(s)

2018-12-06 20:10:01 - [MESSAGE][PASSED] - Delayed 2 second(s)

2018-12-06 20:10:01 - [TEST_STEP][PASSED] - click: Object: 'Object Repository/Final Object Repo/Page_Form 1A - Cessation As Employer/Add Document' is clicked on

2018-12-06 20:10:02 - [MESSAGE][PASSED] - Object: 'Object Repository/Final Object Repo/Page_Form 1A - Cessation As Employer/Add Document' is clicked on

2018-12-06 20:10:02 - [TEST_STEP][PASSED] - delay: Delayed 2 second(s)

2018-12-06 20:10:04 - [MESSAGE][PASSED] - Delayed 2 second(s)

2018-12-06 20:10:04 - [TEST_STEP][PASSED] - click: Object: 'Object Repository/Final Object Repo/Page_Form 1A - Cessation As Employer/Document Type' is clicked on

2018-12-06 20:10:05 - [MESSAGE][PASSED] - Object: 'Object Repository/Final Object Repo/Page_Form 1A - Cessation As Employer/Document Type' is clicked on

2018-12-06 20:10:05 - [TEST_STEP][PASSED] - delay: Delayed 2 second(s)

2018-12-06 20:10:07 - [MESSAGE][PASSED] - Delayed 2 second(s)

2018-12-06 20:10:07 - [TEST_STEP][PASSED] - click: Object: 'Object Repository/Final Object Repo/Page_Form 1A - Cessation As Employer/Document Type - Supporting Document For Cessation' is clicked on

2018-12-06 20:10:07 - [MESSAGE][PASSED] - Object: 'Object Repository/Final Object Repo/Page_Form 1A - Cessation As Employer/Document Type - Supporting Document For Cessation' is clicked on

2018-12-06 20:10:07 - [TEST_STEP][PASSED] - delay: Delayed 2 second(s)

2018-12-06 20:10:09 - [MESSAGE][PASSED] - Delayed 2 second(s)

2018-12-06 20:10:09 - [TEST_STEP][PASSED] - sendKeys: Keys 'C:\Users\Public\Pictures\Sample Pictures\Koala.jpg' sent to object: 'Object Repository/Final Object Repo/Page_Form 1A - Cessation As Employer/Uploading File'

2018-12-06 20:10:09 - [MESSAGE][PASSED] - Keys 'C:\Users\Public\Pictures\Sample Pictures\Koala.jpg' sent to object: 'Object Repository/Final Object Repo/Page_Form 1A - Cessation As Employer/Uploading File'

2018-12-06 20:10:09 - [TEST_STEP][PASSED] - delay: Delayed 2 second(s)

2018-12-06 20:10:11 - [MESSAGE][PASSED] - Delayed 2 second(s)

2018-12-06 20:10:11 - [TEST_STEP][PASSED] - click: Object: 'Object Repository/Final Object Repo/Page_Form 1A - Cessation As Employer/Add Document in Uploading Page' is clicked on

2018-12-06 20:10:12 - [MESSAGE][PASSED] - Object: 'Object Repository/Final Object Repo/Page_Form 1A - Cessation As Employer/Add Document in Uploading Page' is clicked on

2018-12-06 20:10:12 - [TEST_STEP][PASSED] - delay: Delayed 20 second(s)

2018-12-06 20:10:32 - [MESSAGE][PASSED] - Delayed 20 second(s)

2018-12-06 20:10:32 - [TEST_STEP][PASSED] - click: Object: 'Object Repository/Final Object Repo/Page_Form 1A - Cessation As Employer/Save  Continue in Uploading Page' is clicked on

2018-12-06 20:10:32 - [MESSAGE][PASSED] - Object: 'Object Repository/Final Object Repo/Page_Form 1A - Cessation As Employer/Save  Continue in Uploading Page' is clicked on

2018-12-06 20:10:32 - [TEST_STEP][PASSED] - delay: Delayed 2 second(s)

2018-12-06 20:10:34 - [MESSAGE][PASSED] - Delayed 2 second(s)

2018-12-06 20:10:34 - [TEST_STEP][PASSED] - click: Object: 'Object Repository/Final Object Repo/Page_Form 1A - Cessation As Employer/Submit2' is clicked on

2018-12-06 20:10:37 - [MESSAGE][PASSED] - Object: 'Object Repository/Final Object Repo/Page_Form 1A - Cessation As Employer/Submit2' is clicked on

2018-12-06 20:10:37 - [TEST_STEP][PASSED] - delay: Delayed 2 second(s)

2018-12-06 20:10:39 - [MESSAGE][PASSED] - Delayed 2 second(s)

2018-12-06 20:10:39 - [TEST_STEP][PASSED] - click: Object: 'Object Repository/Final Object Repo/Page_Form 1A - Cessation As Employer/Confirm' is clicked on

2018-12-06 20:10:39 - [MESSAGE][PASSED] - Object: 'Object Repository/Final Object Repo/Page_Form 1A - Cessation As Employer/Confirm' is clicked on

2018-12-06 20:10:39 - [TEST_STEP][PASSED] - delay: Delayed 2 second(s)

2018-12-06 20:10:41 - [MESSAGE][PASSED] - Delayed 2 second(s)

2018-12-06 20:10:41 - [TEST_STEP][PASSED] - verifyElementVisible: Object 'Object Repository/Final Object Repo/Page_Form 1A - Cessation As Employer/Message Your Request will be routed to UO' is visible

2018-12-06 20:10:45 - [MESSAGE][PASSED] - Object 'Object Repository/Final Object Repo/Page_Form 1A - Cessation As Employer/Message Your Request will be routed to UO' is visible

2018-12-06 20:10:45 - [TEST_STEP][PASSED] - delay: Delayed 1 second(s)

2018-12-06 20:10:46 - [MESSAGE][PASSED] - Delayed 1 second(s)

2018-12-06 20:10:46 - [TEST_STEP][PASSED] - verifyElementVisible: Object 'Object Repository/Final Object Repo/Page_Form 1A - Cessation As Employer/Letter of acknowledgement' is visible

2018-12-06 20:10:46 - [MESSAGE][PASSED] - Object 'Object Repository/Final Object Repo/Page_Form 1A - Cessation As Employer/Letter of acknowledgement' is visible

2018-12-06 20:10:46 - [MESSAGE][PASSED] - Call Test Case 'Test Cases/Final Aug 2018 - PKS Automation/Registration Module/Workflow/Form 1A - Cessation As Employer/Template/Form 1 A - Cessation As Employer (OTC)' successfully

2018-12-06 20:10:46 - [TEST_STEP][PASSED] - callTestCase: Call Test Case 'Test Cases/Final Aug 2018 - PKS Automation/Registration Module/Workflow/Form 1A - Cessation As Employer/Template/Form 1 A - Cessation As Employer (Approve)' successfully

2018-12-06 20:10:46 - [TEST_CASE][PASSED] - Test Cases/Final Aug 2018 - PKS Automation/Registration Module/Workflow/Form 1A - Cessation As Employer/Template/Form 1 A - Cessation As Employer (Approve): Test Cases/Final Aug 2018 - PKS Automation/Registration Module/Workflow/Form 1A - Cessation As Employer/Template/Form 1 A - Cessation As Employer (Approve)

2018-12-06 20:10:46 - [TEST_STEP][NOT_RUN] - callTestCase: NOT_RUN: callTestCase

2018-12-06 20:10:46 - [MESSAGE][NOT_RUN] - NOT_RUN: callTestCase

2018-12-06 20:10:46 - [TEST_STEP][PASSED] - delay: Delayed 1 second(s)

2018-12-06 20:10:47 - [MESSAGE][PASSED] - Delayed 1 second(s)

2018-12-06 20:10:47 - [TEST_STEP][PASSED] - navigateToUrl: Navigate to 'https://assist2-uat.perkeso.gov.my/c/portal/logout' successfully

2018-12-06 20:10:48 - [MESSAGE][PASSED] - Navigate to 'https://assist2-uat.perkeso.gov.my/c/portal/logout' successfully

2018-12-06 20:10:48 - [TEST_STEP][PASSED] - delay: Delayed 1 second(s)

2018-12-06 20:10:49 - [MESSAGE][PASSED] - Delayed 1 second(s)

2018-12-06 20:10:49 - [TEST_STEP][PASSED] - callTestCase: Call Test Case 'Test Cases/Final Aug 2018 - PKS Automation/Common/Reference Number Getter' successfully

2018-12-06 20:10:49 - [TEST_CASE][PASSED] - Test Cases/Final Aug 2018 - PKS Automation/Common/Reference Number Getter: Test Cases/Final Aug 2018 - PKS Automation/Common/Reference Number Getter

2018-12-06 20:10:49 - [TEST_STEP][PASSED] - Statement - Try: null

2018-12-06 20:10:49 - [TEST_STEP][PASSED] - Statement - RefNo = new java.io.File(C://Users//Admin//Desktop//PKS//Automation Reference Point//KatalonReference.txt): null

2018-12-06 20:10:49 - [TEST_STEP][PASSED] - Statement - bufferread = new java.io.BufferedReader(new java.io.FileReader(RefNo)): null

2018-12-06 20:10:49 - [TEST_STEP][PASSED] - Statement - readedVal = bufferread.readLine(): null

2018-12-06 20:10:49 - [TEST_STEP][PASSED] - Statement - out.println(CaseReferenceNo): null

2018-12-06 20:10:49 - [TEST_STEP][PASSED] - Statement - out.println(readedVal): null

2018-12-06 20:10:49 - [TEST_STEP][PASSED] - Statement - CaseReferenceNo = "": null

2018-12-06 20:10:49 - [TEST_STEP][PASSED] - Statement - CaseReferenceNo = readedVal: null

2018-12-06 20:10:49 - [MESSAGE][PASSED] - Call Test Case 'Test Cases/Final Aug 2018 - PKS Automation/Common/Reference Number Getter' successfully

2018-12-06 20:10:49 - [TEST_STEP][PASSED] - callTestCase: Call Test Case 'Test Cases/Final Aug 2018 - PKS Automation/Common/Workflow Owner Finder' successfully

2018-12-06 20:10:49 - [TEST_CASE][PASSED] - Test Cases/Final Aug 2018 - PKS Automation/Common/Workflow Owner Finder: Test Cases/Final Aug 2018 - PKS Automation/Common/Workflow Owner Finder

2018-12-06 20:10:49 - [TEST_STEP][PASSED] - openBrowser: Browser is opened with url: ''

2018-12-06 20:10:49 - [MESSAGE][WARNING] - A browser is already opened. Closing browser and opening a new one

2018-12-06 20:10:53 - [MESSAGE][PASSED] - Browser is opened with url: ''

2018-12-06 20:10:53 - [TEST_STEP][PASSED] - navigateToUrl: Navigate to 'https://assist2-uat.perkeso.gov.my/login' successfully

2018-12-06 20:10:54 - [MESSAGE][PASSED] - Navigate to 'https://assist2-uat.perkeso.gov.my/login' successfully

2018-12-06 20:10:54 - [TEST_STEP][PASSED] - delay: Delayed 5 second(s)

2018-12-06 20:10:59 - [MESSAGE][PASSED] - Delayed 5 second(s)

2018-12-06 20:10:59 - [TEST_STEP][PASSED] - setText: Text 'test@liferay.com' is set on object 'Object Repository/Final Object Repo/Login Page/Internal User/Email Address'

2018-12-06 20:10:59 - [MESSAGE][PASSED] - Text 'test@liferay.com' is set on object 'Object Repository/Final Object Repo/Login Page/Internal User/Email Address'

2018-12-06 20:10:59 - [TEST_STEP][PASSED] - click: Object: 'Object Repository/Final Object Repo/Login Page/Internal User/Next Button' is clicked on

2018-12-06 20:10:59 - [MESSAGE][PASSED] - Object: 'Object Repository/Final Object Repo/Login Page/Internal User/Next Button' is clicked on

2018-12-06 20:10:59 - [TEST_STEP][PASSED] - delay: Delayed 2 second(s)

2018-12-06 20:11:01 - [MESSAGE][PASSED] - Delayed 2 second(s)

2018-12-06 20:11:01 - [TEST_STEP][PASSED] - setText: Text 'test' is set on object 'Object Repository/Final Object Repo/Login Page/Internal User/Password'

2018-12-06 20:11:01 - [MESSAGE][PASSED] - Text 'test' is set on object 'Object Repository/Final Object Repo/Login Page/Internal User/Password'

2018-12-06 20:11:01 - [TEST_STEP][PASSED] - delay: Delayed 2 second(s)

2018-12-06 20:11:03 - [MESSAGE][PASSED] - Delayed 2 second(s)

2018-12-06 20:11:03 - [TEST_STEP][PASSED] - click: Object: 'Object Repository/Final Object Repo/Login Page/Internal User/Login Button' is clicked on

2018-12-06 20:11:04 - [MESSAGE][PASSED] - Object: 'Object Repository/Final Object Repo/Login Page/Internal User/Login Button' is clicked on

2018-12-06 20:11:04 - [TEST_STEP][PASSED] - Statement - tester = com.kms.katalon.core.testobject.ObjectRepository.findTestObject(Final Object Repo/Landing Page/Select to English): Finding Test Object with id 'Object Repository/Final Object Repo/Landing Page/Select to English'

2018-12-06 20:11:04 - [TEST_STEP][PASSED] - Statement - Try: Delayed 2 second(s)

2018-12-06 20:11:04 - [TEST_STEP][PASSED] - Statement - Checker = com.kms.katalon.core.webui.keyword.WebUiBuiltInKeywords.verifyElementNotPresent(tester, 3): Web element with id: 'Object Repository/Final Object Repo/Landing Page/Select to English' located by 'By.xpath: //a[@class = 'taglib-language-list-text' and @lang = 'en-US' and (contains(text(), 'EN') or contains(., 'EN'))]' is not present after '3' second(s)

2018-12-06 20:11:05 - [MESSAGE][PASSED] - Web element with id: 'Object Repository/Final Object Repo/Landing Page/Select to English' located by 'By.xpath: //a[@class = 'taglib-language-list-text' and @lang = 'en-US' and (contains(text(), 'EN') or contains(., 'EN'))]' is not present after '3' second(s)

2018-12-06 20:11:05 - [TEST_STEP][PASSED] - Statement - If (Checker == false): null

2018-12-06 20:11:05 - [TEST_STEP][PASSED] - delay: Delayed 2 second(s)

2018-12-06 20:11:07 - [MESSAGE][PASSED] - Delayed 2 second(s)

2018-12-06 20:11:07 - [TEST_STEP][PASSED] - delay: Delayed 5 second(s)

2018-12-06 20:11:12 - [MESSAGE][PASSED] - Delayed 5 second(s)

2018-12-06 20:11:12 - [TEST_STEP][PASSED] - mouseOver: Object: 'Object Repository/Final Object Repo/Landing Page/WorkFlow Menu' is hovered

2018-12-06 20:11:13 - [MESSAGE][PASSED] - Object: 'Object Repository/Final Object Repo/Landing Page/WorkFlow Menu' is hovered

2018-12-06 20:11:13 - [TEST_STEP][PASSED] - delay: Delayed 2 second(s)

2018-12-06 20:11:15 - [MESSAGE][PASSED] - Delayed 2 second(s)

2018-12-06 20:11:15 - [TEST_STEP][PASSED] - click: Object: 'Object Repository/Final Object Repo/Landing Page/Select to Workflow Listing' is clicked on

2018-12-06 20:11:16 - [MESSAGE][PASSED] - Object: 'Object Repository/Final Object Repo/Landing Page/Select to Workflow Listing' is clicked on

2018-12-06 20:11:16 - [TEST_STEP][PASSED] - delay: Delayed 2 second(s)

2018-12-06 20:11:18 - [MESSAGE][PASSED] - Delayed 2 second(s)

2018-12-06 20:11:18 - [TEST_STEP][PASSED] - click: Object: 'Object Repository/Final Object Repo/WorkFlow Listing Page/Search Information - To Put Ref No' is clicked on

2018-12-06 20:11:18 - [MESSAGE][PASSED] - Object: 'Object Repository/Final Object Repo/WorkFlow Listing Page/Search Information - To Put Ref No' is clicked on

2018-12-06 20:11:18 - [TEST_STEP][PASSED] - delay: Delayed 2 second(s)

2018-12-06 20:11:20 - [MESSAGE][PASSED] - Delayed 2 second(s)

2018-12-06 20:11:20 - [TEST_STEP][PASSED] - callTestCase: Call Test Case 'Test Cases/Final Aug 2018 - PKS Automation/Common/Reference Number Getter' successfully

2018-12-06 20:11:20 - [TEST_CASE][PASSED] - Test Cases/Final Aug 2018 - PKS Automation/Common/Reference Number Getter: Test Cases/Final Aug 2018 - PKS Automation/Common/Reference Number Getter

2018-12-06 20:11:20 - [TEST_STEP][PASSED] - Statement - Try: null

2018-12-06 20:11:20 - [TEST_STEP][PASSED] - Statement - RefNo = new java.io.File(C://Users//Admin//Desktop//PKS//Automation Reference Point//KatalonReference.txt): null

2018-12-06 20:11:20 - [TEST_STEP][PASSED] - Statement - bufferread = new java.io.BufferedReader(new java.io.FileReader(RefNo)): null

2018-12-06 20:11:20 - [TEST_STEP][PASSED] - Statement - readedVal = bufferread.readLine(): null

2018-12-06 20:11:20 - [TEST_STEP][PASSED] - Statement - out.println(CaseReferenceNo): null

2018-12-06 20:11:20 - [TEST_STEP][PASSED] - Statement - out.println(readedVal): null

2018-12-06 20:11:20 - [TEST_STEP][PASSED] - Statement - CaseReferenceNo = "": null

2018-12-06 20:11:20 - [TEST_STEP][PASSED] - Statement - CaseReferenceNo = readedVal: null

2018-12-06 20:11:20 - [MESSAGE][PASSED] - Call Test Case 'Test Cases/Final Aug 2018 - PKS Automation/Common/Reference Number Getter' successfully

2018-12-06 20:11:20 - [TEST_STEP][PASSED] - setText: Text 'CUN122018C200001698' is set on object 'Object Repository/Final Object Repo/WorkFlow Listing Page/Ref No Set Text'

2018-12-06 20:11:20 - [MESSAGE][PASSED] - Text 'CUN122018C200001698' is set on object 'Object Repository/Final Object Repo/WorkFlow Listing Page/Ref No Set Text'

2018-12-06 20:11:20 - [TEST_STEP][PASSED] - delay: Delayed 2 second(s)

2018-12-06 20:11:22 - [MESSAGE][PASSED] - Delayed 2 second(s)

2018-12-06 20:11:22 - [TEST_STEP][PASSED] - click: Object: 'Object Repository/Final Object Repo/WorkFlow Listing Page/Search Ref No Search Button' is clicked on

2018-12-06 20:11:22 - [MESSAGE][PASSED] - Object: 'Object Repository/Final Object Repo/WorkFlow Listing Page/Search Ref No Search Button' is clicked on

2018-12-06 20:11:22 - [TEST_STEP][PASSED] - delay: Delayed 6 second(s)

2018-12-06 20:11:28 - [MESSAGE][PASSED] - Delayed 6 second(s)

2018-12-06 20:11:28 - [TEST_STEP][PASSED] - click: Object: 'Object Repository/Final Object Repo/WorkFlow Listing Page/Click Continue Tooltip' is clicked on

2018-12-06 20:11:29 - [MESSAGE][PASSED] - Object: 'Object Repository/Final Object Repo/WorkFlow Listing Page/Click Continue Tooltip' is clicked on

2018-12-06 20:11:29 - [TEST_STEP][PASSED] - delay: Delayed 5 second(s)

2018-12-06 20:11:34 - [MESSAGE][PASSED] - Delayed 5 second(s)

2018-12-06 20:11:34 - [TEST_STEP][PASSED] - doubleClick: Object: 'Object Repository/Final Object Repo/WorkFlow Listing Page/Workflow Found - Listing 1' is double clicked on

2018-12-06 20:11:34 - [MESSAGE][PASSED] - Object: 'Object Repository/Final Object Repo/WorkFlow Listing Page/Workflow Found - Listing 1' is double clicked on

2018-12-06 20:11:34 - [TEST_STEP][PASSED] - Statement - println(OwnerID): null

2018-12-06 20:11:34 - [TEST_STEP][PASSED] - Statement - OwnerID = com.kms.katalon.core.webui.keyword.WebUiBuiltInKeywords.getText(com.kms.katalon.core.testobject.ObjectRepository.findTestObject(Final Object Repo/WorkFlow Listing Page/Workflow Found - Listing 1), STOP_ON_FAILURE): Text of object 'Object Repository/Final Object Repo/WorkFlow Listing Page/Workflow Found - Listing 1' is: 'JOHORuo1'

2018-12-06 20:11:34 - [MESSAGE][PASSED] - Text of object 'Object Repository/Final Object Repo/WorkFlow Listing Page/Workflow Found - Listing 1' is: 'JOHORuo1'

2018-12-06 20:11:34 - [TEST_STEP][PASSED] - Statement - OwnerID = OwnerID.toLowerCase() + "@gmail.com": null

2018-12-06 20:11:34 - [TEST_STEP][PASSED] - Statement - println(OwnerID): null

2018-12-06 20:11:34 - [TEST_STEP][PASSED] - delay: Delayed 2 second(s)

2018-12-06 20:11:36 - [MESSAGE][PASSED] - Delayed 2 second(s)

2018-12-06 20:11:36 - [MESSAGE][PASSED] - Call Test Case 'Test Cases/Final Aug 2018 - PKS Automation/Common/Workflow Owner Finder' successfully

2018-12-06 20:11:36 - [TEST_STEP][PASSED] - delay: Delayed 1 second(s)

2018-12-06 20:11:37 - [MESSAGE][PASSED] - Delayed 1 second(s)

2018-12-06 20:11:37 - [TEST_STEP][PASSED] - navigateToUrl: Navigate to 'https://assist2-uat.perkeso.gov.my/c/portal/logout' successfully

2018-12-06 20:11:38 - [MESSAGE][PASSED] - Navigate to 'https://assist2-uat.perkeso.gov.my/c/portal/logout' successfully

2018-12-06 20:11:38 - [TEST_STEP][PASSED] - delay: Delayed 1 second(s)

2018-12-06 20:11:39 - [MESSAGE][PASSED] - Delayed 1 second(s)

2018-12-06 20:11:39 - [TEST_STEP][PASSED] - callTestCase: Call Test Case 'Test Cases/Final Aug 2018 - PKS Automation/Registration Module/Workflow/Login and Search Case For Workflow' successfully

2018-12-06 20:11:39 - [TEST_CASE][PASSED] - Test Cases/Final Aug 2018 - PKS Automation/Registration Module/Workflow/Login and Search Case For Workflow: Test Cases/Final Aug 2018 - PKS Automation/Registration Module/Workflow/Login and Search Case For Workflow

2018-12-06 20:11:39 - [TEST_STEP][PASSED] - navigateToUrl: Navigate to 'https://assist2-uat.perkeso.gov.my/login' successfully

2018-12-06 20:11:40 - [MESSAGE][PASSED] - Navigate to 'https://assist2-uat.perkeso.gov.my/login' successfully

2018-12-06 20:11:40 - [TEST_STEP][PASSED] - setText: Text 'johoruo1@gmail.com' is set on object 'Object Repository/Final Object Repo/Login Page/Internal User/Email Address'

2018-12-06 20:11:40 - [MESSAGE][PASSED] - Text 'johoruo1@gmail.com' is set on object 'Object Repository/Final Object Repo/Login Page/Internal User/Email Address'

2018-12-06 20:11:40 - [TEST_STEP][PASSED] - click: Object: 'Object Repository/Final Object Repo/Login Page/Internal User/Next Button' is clicked on

2018-12-06 20:11:40 - [MESSAGE][PASSED] - Object: 'Object Repository/Final Object Repo/Login Page/Internal User/Next Button' is clicked on

2018-12-06 20:11:40 - [TEST_STEP][PASSED] - delay: Delayed 1 second(s)

2018-12-06 20:11:41 - [MESSAGE][PASSED] - Delayed 1 second(s)

2018-12-06 20:11:41 - [TEST_STEP][PASSED] - setEncryptedText: Text ****** has been set on object 'Object Repository/Final Object Repo/Login Page/Internal User/Password'

2018-12-06 20:11:42 - [MESSAGE][PASSED] - Text ****** has been set on object 'Object Repository/Final Object Repo/Login Page/Internal User/Password'

2018-12-06 20:11:42 - [TEST_STEP][PASSED] - click: Object: 'Object Repository/Final Object Repo/Login Page/Internal User/Login Button' is clicked on

2018-12-06 20:11:42 - [MESSAGE][PASSED] - Object: 'Object Repository/Final Object Repo/Login Page/Internal User/Login Button' is clicked on

2018-12-06 20:11:42 - [TEST_STEP][PASSED] - delay: Delayed 2 second(s)

2018-12-06 20:11:44 - [MESSAGE][PASSED] - Delayed 2 second(s)

2018-12-06 20:11:44 - [TEST_STEP][PASSED] - Statement - Try: Delayed 2 second(s)

2018-12-06 20:11:44 - [TEST_STEP][PASSED] - Statement - Checker = false: null

2018-12-06 20:11:44 - [TEST_STEP][PASSED] - Statement - Checker = com.kms.katalon.core.webui.keyword.WebUiBuiltInKeywords.verifyElementHasAttribute(com.kms.katalon.core.testobject.ObjectRepository.findTestObject(Final Object Repo/Landing Page/BM Detecting), "href", 20, OPTIONAL): Object 'Object Repository/Final Object Repo/Landing Page/BM Detecting' has attribute 'href'

2018-12-06 20:11:44 - [MESSAGE][PASSED] - Object 'Object Repository/Final Object Repo/Landing Page/BM Detecting' has attribute 'href'

2018-12-06 20:11:44 - [TEST_STEP][PASSED] - Statement - out.println(Checker): null

2018-12-06 20:11:44 - [TEST_STEP][PASSED] - Statement - If (Checker == false): null

2018-12-06 20:11:44 - [TEST_STEP][PASSED] - Statement - Else: null

2018-12-06 20:11:44 - [TEST_STEP][PASSED] - delay: Delayed 2 second(s)

2018-12-06 20:11:46 - [MESSAGE][PASSED] - Delayed 2 second(s)

2018-12-06 20:11:46 - [TEST_STEP][PASSED] - click: Object: 'Object Repository/Final Object Repo/Page_MyASSIST - ASSIST - Search Pending Case For Add Supporting Document/Search Information' is clicked on

2018-12-06 20:11:46 - [MESSAGE][PASSED] - Object: 'Object Repository/Final Object Repo/Page_MyASSIST - ASSIST - Search Pending Case For Add Supporting Document/Search Information' is clicked on

2018-12-06 20:11:46 - [TEST_STEP][PASSED] - delay: Delayed 3 second(s)

2018-12-06 20:11:49 - [MESSAGE][PASSED] - Delayed 3 second(s)

2018-12-06 20:11:49 - [TEST_STEP][PASSED] - sendKeys: Keys 'CUN122018C200001698' sent to object: 'Object Repository/Final Object Repo/Page_MyASSIST - ASSIST - Search Pending Case For Add Supporting Document/Reference No'

2018-12-06 20:11:49 - [MESSAGE][PASSED] - Keys 'CUN122018C200001698' sent to object: 'Object Repository/Final Object Repo/Page_MyASSIST - ASSIST - Search Pending Case For Add Supporting Document/Reference No'

2018-12-06 20:11:49 - [TEST_STEP][PASSED] - click: Object: 'Object Repository/Final Object Repo/Page_MyASSIST - ASSIST - Search Pending Case For Add Supporting Document/Search Reference No' is clicked on

2018-12-06 20:11:49 - [MESSAGE][PASSED] - Object: 'Object Repository/Final Object Repo/Page_MyASSIST - ASSIST - Search Pending Case For Add Supporting Document/Search Reference No' is clicked on

2018-12-06 20:11:49 - [TEST_STEP][PASSED] - delay: Delayed 2 second(s)

2018-12-06 20:11:51 - [MESSAGE][PASSED] - Delayed 2 second(s)

2018-12-06 20:11:51 - [TEST_STEP][PASSED] - click: Object: 'Object Repository/Final Object Repo/Page_MyASSIST - ASSIST - Search Pending Case For Add Supporting Document/Continue' is clicked on

2018-12-06 20:11:55 - [MESSAGE][PASSED] - Object: 'Object Repository/Final Object Repo/Page_MyASSIST - ASSIST - Search Pending Case For Add Supporting Document/Continue' is clicked on

2018-12-06 20:11:55 - [TEST_STEP][PASSED] - delay: Delayed 20 second(s)

2018-12-06 20:12:15 - [MESSAGE][PASSED] - Delayed 20 second(s)

2018-12-06 20:12:15 - [MESSAGE][PASSED] - Call Test Case 'Test Cases/Final Aug 2018 - PKS Automation/Registration Module/Workflow/Login and Search Case For Workflow' successfully

2018-12-06 20:12:15 - [TEST_STEP][PASSED] - click: Object: 'Object Repository/Final Object Repo/Page_Form 1A - Cessation As Employer/Page_Form 1A - Cessation As Employer (Approve)/Save  Continue in Form 1A Page' is clicked on

2018-12-06 20:12:15 - [MESSAGE][PASSED] - Object: 'Object Repository/Final Object Repo/Page_Form 1A - Cessation As Employer/Page_Form 1A - Cessation As Employer (Approve)/Save  Continue in Form 1A Page' is clicked on

2018-12-06 20:12:15 - [TEST_STEP][PASSED] - delay: Delayed 2 second(s)

2018-12-06 20:12:17 - [MESSAGE][PASSED] - Delayed 2 second(s)

2018-12-06 20:12:17 - [TEST_STEP][PASSED] - click: Object: 'Object Repository/Final Object Repo/Page_Form 1A - Cessation As Employer/Employment Resign Date' is clicked on

2018-12-06 20:12:17 - [MESSAGE][PASSED] - Object: 'Object Repository/Final Object Repo/Page_Form 1A - Cessation As Employer/Employment Resign Date' is clicked on

2018-12-06 20:12:17 - [TEST_STEP][PASSED] - delay: Delayed 1 second(s)

2018-12-06 20:12:18 - [MESSAGE][PASSED] - Delayed 1 second(s)

2018-12-06 20:12:18 - [TEST_STEP][PASSED] - selectOptionByValue: All options with value '2030' are selected in object 'Object Repository/Final Object Repo/Page_Form 1A - Cessation As Employer/Employment Resign Date - Year' 

2018-12-06 20:12:18 - [MESSAGE][PASSED] - All options with value '2030' are selected in object 'Object Repository/Final Object Repo/Page_Form 1A - Cessation As Employer/Employment Resign Date - Year' 

2018-12-06 20:12:18 - [TEST_STEP][PASSED] - delay: Delayed 1 second(s)

2018-12-06 20:12:19 - [MESSAGE][PASSED] - Delayed 1 second(s)

2018-12-06 20:12:19 - [TEST_STEP][PASSED] - click: Object: 'Object Repository/Final Object Repo/Page_Form 1A - Cessation As Employer/Employment Resign Date - Year - Date' is clicked on

2018-12-06 20:12:19 - [MESSAGE][PASSED] - Object: 'Object Repository/Final Object Repo/Page_Form 1A - Cessation As Employer/Employment Resign Date - Year - Date' is clicked on

2018-12-06 20:12:19 - [TEST_STEP][PASSED] - delay: Delayed 2 second(s)

2018-12-06 20:12:21 - [MESSAGE][PASSED] - Delayed 2 second(s)

2018-12-06 20:12:21 - [TEST_STEP][PASSED] - click: Object: 'Object Repository/Final Object Repo/Page_Form 1A - Cessation As Employer/Page_Form 1A - Cessation As Employer (Approve)/Save  Continue in Update Add Employee Resigned Date Page' is clicked on

2018-12-06 20:12:22 - [MESSAGE][PASSED] - Object: 'Object Repository/Final Object Repo/Page_Form 1A - Cessation As Employer/Page_Form 1A - Cessation As Employer (Approve)/Save  Continue in Update Add Employee Resigned Date Page' is clicked on

2018-12-06 20:12:22 - [TEST_STEP][PASSED] - delay: Delayed 2 second(s)

2018-12-06 20:12:24 - [MESSAGE][PASSED] - Delayed 2 second(s)

2018-12-06 20:12:24 - [TEST_STEP][PASSED] - click: Object: 'Object Repository/Final Object Repo/Page_Form 1A - Cessation As Employer/Set Latest - Yes' is clicked on

2018-12-06 20:12:24 - [MESSAGE][PASSED] - Object: 'Object Repository/Final Object Repo/Page_Form 1A - Cessation As Employer/Set Latest - Yes' is clicked on

2018-12-06 20:12:24 - [TEST_STEP][PASSED] - delay: Delayed 2 second(s)

2018-12-06 20:12:26 - [MESSAGE][PASSED] - Delayed 2 second(s)

2018-12-06 20:12:26 - [TEST_STEP][PASSED] - click: Object: 'Object Repository/Final Object Repo/Page_Form 1A - Cessation As Employer/Page_Form 1A - Cessation As Employer (Approve)/Save  Contine in Uploading Document Page' is clicked on

2018-12-06 20:12:27 - [MESSAGE][PASSED] - Object: 'Object Repository/Final Object Repo/Page_Form 1A - Cessation As Employer/Page_Form 1A - Cessation As Employer (Approve)/Save  Contine in Uploading Document Page' is clicked on

2018-12-06 20:12:27 - [TEST_STEP][PASSED] - delay: Delayed 2 second(s)

2018-12-06 20:12:29 - [MESSAGE][PASSED] - Delayed 2 second(s)

2018-12-06 20:12:29 - [TEST_STEP][PASSED] - click: Object: 'Object Repository/Final Object Repo/Page_Form 1A - Cessation As Employer/Page_Form 1A - Cessation As Employer (Approve)/Approve' is clicked on

2018-12-06 20:12:31 - [MESSAGE][PASSED] - Object: 'Object Repository/Final Object Repo/Page_Form 1A - Cessation As Employer/Page_Form 1A - Cessation As Employer (Approve)/Approve' is clicked on

2018-12-06 20:12:31 - [TEST_STEP][PASSED] - delay: Delayed 2 second(s)

2018-12-06 20:12:33 - [MESSAGE][PASSED] - Delayed 2 second(s)

2018-12-06 20:12:33 - [TEST_STEP][PASSED] - click: Object: 'Object Repository/Final Object Repo/Page_Form 1A - Cessation As Employer/Confirm' is clicked on

2018-12-06 20:12:34 - [MESSAGE][PASSED] - Object: 'Object Repository/Final Object Repo/Page_Form 1A - Cessation As Employer/Confirm' is clicked on

2018-12-06 20:12:34 - [TEST_STEP][PASSED] - delay: Delayed 2 second(s)

2018-12-06 20:12:36 - [MESSAGE][PASSED] - Delayed 2 second(s)

2018-12-06 20:12:36 - [TEST_STEP][PASSED] - click: Object: 'Object Repository/Final Object Repo/Page_Form 1A - Cessation As Employer/Page_Form 1A - Cessation As Employer (Approve)/Message Your Request    Form 1A ' is clicked on

2018-12-06 20:12:44 - [MESSAGE][PASSED] - Object: 'Object Repository/Final Object Repo/Page_Form 1A - Cessation As Employer/Page_Form 1A - Cessation As Employer (Approve)/Message Your Request    Form 1A ' is clicked on

2018-12-06 20:12:44 - [TEST_STEP][PASSED] - delay: Delayed 2 second(s)

2018-12-06 20:12:46 - [MESSAGE][PASSED] - Delayed 2 second(s)

2018-12-06 20:12:46 - [TEST_STEP][PASSED] - click: Object: 'Object Repository/Final Object Repo/Page_Form 1A - Cessation As Employer/Page_Form 1A - Cessation As Employer (Approve)/Letter of successful update' is clicked on

2018-12-06 20:12:47 - [MESSAGE][PASSED] - Object: 'Object Repository/Final Object Repo/Page_Form 1A - Cessation As Employer/Page_Form 1A - Cessation As Employer (Approve)/Letter of successful update' is clicked on

2018-12-06 20:12:47 - [MESSAGE][PASSED] - Call Test Case 'Test Cases/Final Aug 2018 - PKS Automation/Registration Module/Workflow/Form 1A - Cessation As Employer/Template/Form 1 A - Cessation As Employer (Approve)' successfully]]></system-out>
         <system-err><![CDATA[]]></system-err>
      </testcase>
      <testcase name="Test Cases/Final Aug 2018 - PKS Automation/Registration Module/Workflow/Form 1A - Cessation As Employer/OTC to UO (Query)" classname="Test Cases/Final Aug 2018 - PKS Automation/Registration Module/Workflow/Form 1A - Cessation As Employer/OTC to UO (Query)" status="PASSED">
         <system-out><![CDATA[2018-12-06 20:12:47 - [TEST_CASE][PASSED] - Test Cases/Final Aug 2018 - PKS Automation/Registration Module/Workflow/Form 1A - Cessation As Employer/OTC to UO (Query): Test Cases/Final Aug 2018 - PKS Automation/Registration Module/Workflow/Form 1A - Cessation As Employer/OTC to UO (Query)

2018-12-06 20:12:48 - [TEST_STEP][PASSED] - callTestCase: Call Test Case 'Test Cases/Final Aug 2018 - PKS Automation/Registration Module/Workflow/Form 1A - Cessation As Employer/Template/Form 1 A - Cessation As Employer (OTC)' successfully

2018-12-06 20:12:48 - [TEST_CASE][PASSED] - Test Cases/Final Aug 2018 - PKS Automation/Registration Module/Workflow/Form 1A - Cessation As Employer/Template/Form 1 A - Cessation As Employer (OTC): Test Cases/Final Aug 2018 - PKS Automation/Registration Module/Workflow/Form 1A - Cessation As Employer/Template/Form 1 A - Cessation As Employer (OTC)

2018-12-06 20:12:48 - [TEST_STEP][PASSED] - openBrowser: Browser is opened with url: ''

2018-12-06 20:12:48 - [MESSAGE][WARNING] - A browser is already opened. Closing browser and opening a new one

2018-12-06 20:12:52 - [MESSAGE][PASSED] - Browser is opened with url: ''

2018-12-06 20:12:52 - [TEST_STEP][PASSED] - navigateToUrl: Navigate to 'https://assist2-uat.perkeso.gov.my/login' successfully

2018-12-06 20:12:53 - [MESSAGE][PASSED] - Navigate to 'https://assist2-uat.perkeso.gov.my/login' successfully

2018-12-06 20:12:53 - [TEST_STEP][PASSED] - setText: Text 'johorotc1@gmail.com' is set on object 'Object Repository/Final Object Repo/Login Page/Internal User/Email Address'

2018-12-06 20:12:54 - [MESSAGE][PASSED] - Text 'johorotc1@gmail.com' is set on object 'Object Repository/Final Object Repo/Login Page/Internal User/Email Address'

2018-12-06 20:12:54 - [TEST_STEP][PASSED] - click: Object: 'Object Repository/Final Object Repo/Login Page/Internal User/Next Button' is clicked on

2018-12-06 20:12:54 - [MESSAGE][PASSED] - Object: 'Object Repository/Final Object Repo/Login Page/Internal User/Next Button' is clicked on

2018-12-06 20:12:54 - [TEST_STEP][PASSED] - delay: Delayed 1 second(s)

2018-12-06 20:12:55 - [MESSAGE][PASSED] - Delayed 1 second(s)

2018-12-06 20:12:55 - [TEST_STEP][PASSED] - setEncryptedText: Text ****** has been set on object 'Object Repository/Final Object Repo/Login Page/Internal User/Password'

2018-12-06 20:12:55 - [MESSAGE][PASSED] - Text ****** has been set on object 'Object Repository/Final Object Repo/Login Page/Internal User/Password'

2018-12-06 20:12:55 - [TEST_STEP][PASSED] - click: Object: 'Object Repository/Final Object Repo/Login Page/Internal User/Login Button' is clicked on

2018-12-06 20:12:55 - [MESSAGE][PASSED] - Object: 'Object Repository/Final Object Repo/Login Page/Internal User/Login Button' is clicked on

2018-12-06 20:12:55 - [TEST_STEP][PASSED] - delay: Delayed 1 second(s)

2018-12-06 20:12:56 - [MESSAGE][PASSED] - Delayed 1 second(s)

2018-12-06 20:12:56 - [TEST_STEP][PASSED] - Statement - Try: Delayed 2 second(s)

2018-12-06 20:12:56 - [TEST_STEP][PASSED] - Statement - Checker = false: null

2018-12-06 20:12:56 - [TEST_STEP][PASSED] - Statement - Checker = com.kms.katalon.core.webui.keyword.WebUiBuiltInKeywords.verifyElementHasAttribute(com.kms.katalon.core.testobject.ObjectRepository.findTestObject(Final Object Repo/Landing Page/BM Detecting), "href", 20, OPTIONAL): Object 'Object Repository/Final Object Repo/Landing Page/BM Detecting' has attribute 'href'

2018-12-06 20:12:57 - [MESSAGE][PASSED] - Object 'Object Repository/Final Object Repo/Landing Page/BM Detecting' has attribute 'href'

2018-12-06 20:12:57 - [TEST_STEP][PASSED] - Statement - out.println(Checker): null

2018-12-06 20:12:57 - [TEST_STEP][PASSED] - Statement - If (Checker == false): null

2018-12-06 20:12:57 - [TEST_STEP][PASSED] - Statement - Else: null

2018-12-06 20:12:57 - [TEST_STEP][PASSED] - delay: Delayed 2 second(s)

2018-12-06 20:12:59 - [MESSAGE][PASSED] - Delayed 2 second(s)

2018-12-06 20:12:59 - [TEST_STEP][PASSED] - navigateToUrl: Navigate to 'https://assist2-uat.perkeso.gov.my/web/registration/update/form-1a-cessation-as-employer-discontinue-business-' successfully

2018-12-06 20:13:00 - [MESSAGE][PASSED] - Navigate to 'https://assist2-uat.perkeso.gov.my/web/registration/update/form-1a-cessation-as-employer-discontinue-business-' successfully

2018-12-06 20:13:00 - [TEST_STEP][PASSED] - setText: Text 'E1102069770Z' is set on object 'Object Repository/Final Object Repo/Page_Update Employer Information/Employer Code'

2018-12-06 20:13:00 - [MESSAGE][PASSED] - Text 'E1102069770Z' is set on object 'Object Repository/Final Object Repo/Page_Update Employer Information/Employer Code'

2018-12-06 20:13:00 - [TEST_STEP][PASSED] - click: Object: 'Object Repository/Final Object Repo/Page_Update Employer Information/Search Button' is clicked on

2018-12-06 20:13:00 - [MESSAGE][PASSED] - Object: 'Object Repository/Final Object Repo/Page_Update Employer Information/Search Button' is clicked on

2018-12-06 20:13:00 - [TEST_STEP][PASSED] - click: Object: 'Object Repository/Final Object Repo/Page_Update Employer Information/Edit Button' is clicked on

2018-12-06 20:13:02 - [MESSAGE][PASSED] - Object: 'Object Repository/Final Object Repo/Page_Update Employer Information/Edit Button' is clicked on

2018-12-06 20:13:02 - [TEST_STEP][PASSED] - Statement - abc = com.kms.katalon.core.webui.keyword.WebUiBuiltInKeywords.getAttribute(com.kms.katalon.core.testobject.ObjectRepository.findTestObject(Final Object Repo/Page_Form 1A - Cessation As Employer/Employer Status), "value"): Attribute 'value' of object 'Object Repository/Final Object Repo/Page_Form 1A - Cessation As Employer/Employer Status' is: 'Dormant'

2018-12-06 20:13:03 - [MESSAGE][PASSED] - Attribute 'value' of object 'Object Repository/Final Object Repo/Page_Form 1A - Cessation As Employer/Employer Status' is: 'Dormant'

2018-12-06 20:13:03 - [TEST_STEP][PASSED] - Statement - out.println(abc): null

2018-12-06 20:13:03 - [TEST_STEP][PASSED] - Statement - If (abc == "Active"): null

2018-12-06 20:13:03 - [TEST_STEP][PASSED] - Statement - Else If (abc == "Cancel"): null

2018-12-06 20:13:03 - [TEST_STEP][PASSED] - Statement - Else If (abc == "Dormant"): Object: 'Object Repository/Final Object Repo/Page_Form 1A - Cessation As Employer/Change Employer Status to - Dormant' is clicked on

2018-12-06 20:13:03 - [TEST_STEP][PASSED] - click: Object: 'Object Repository/Final Object Repo/Page_Form 1A - Cessation As Employer/Change Employer Status to' is clicked on

2018-12-06 20:13:03 - [MESSAGE][PASSED] - Object: 'Object Repository/Final Object Repo/Page_Form 1A - Cessation As Employer/Change Employer Status to' is clicked on

2018-12-06 20:13:03 - [TEST_STEP][PASSED] - click: Object: 'Object Repository/Final Object Repo/Page_Form 1A - Cessation As Employer/Change Employer Status to - Dormant' is clicked on

2018-12-06 20:13:03 - [MESSAGE][PASSED] - Object: 'Object Repository/Final Object Repo/Page_Form 1A - Cessation As Employer/Change Employer Status to - Dormant' is clicked on

2018-12-06 20:13:03 - [TEST_STEP][PASSED] - click: Object: 'Object Repository/Final Object Repo/Page_Form 1A - Cessation As Employer/Calender' is clicked on

2018-12-06 20:13:03 - [MESSAGE][PASSED] - Object: 'Object Repository/Final Object Repo/Page_Form 1A - Cessation As Employer/Calender' is clicked on

2018-12-06 20:13:03 - [TEST_STEP][PASSED] - click: Object: 'Object Repository/Final Object Repo/Page_Form 1A - Cessation As Employer/Calender - Date' is clicked on

2018-12-06 20:13:03 - [MESSAGE][PASSED] - Object: 'Object Repository/Final Object Repo/Page_Form 1A - Cessation As Employer/Calender - Date' is clicked on

2018-12-06 20:13:03 - [TEST_STEP][PASSED] - delay: Delayed 2 second(s)

2018-12-06 20:13:05 - [MESSAGE][PASSED] - Delayed 2 second(s)

2018-12-06 20:13:05 - [TEST_STEP][PASSED] - click: Object: 'Object Repository/Final Object Repo/Page_Form 1A - Cessation As Employer/Save  Continue in Form 1A Page' is clicked on

2018-12-06 20:13:05 - [MESSAGE][PASSED] - Object: 'Object Repository/Final Object Repo/Page_Form 1A - Cessation As Employer/Save  Continue in Form 1A Page' is clicked on

2018-12-06 20:13:05 - [TEST_STEP][PASSED] - delay: Delayed 2 second(s)

2018-12-06 20:13:07 - [MESSAGE][PASSED] - Delayed 2 second(s)

2018-12-06 20:13:07 - [TEST_STEP][PASSED] - click: Object: 'Object Repository/Final Object Repo/Page_Form 1A - Cessation As Employer/Employment Resign Date' is clicked on

2018-12-06 20:13:08 - [MESSAGE][PASSED] - Object: 'Object Repository/Final Object Repo/Page_Form 1A - Cessation As Employer/Employment Resign Date' is clicked on

2018-12-06 20:13:08 - [TEST_STEP][PASSED] - delay: Delayed 1 second(s)

2018-12-06 20:13:09 - [MESSAGE][PASSED] - Delayed 1 second(s)

2018-12-06 20:13:09 - [TEST_STEP][PASSED] - Statement - CaseReferenceNo = com.kms.katalon.core.webui.keyword.WebUiBuiltInKeywords.getText(com.kms.katalon.core.testobject.ObjectRepository.findTestObject(Final Object Repo/Page_Update Employer Information/Reference Number in Update Employee Information Page)): Text of object 'Object Repository/Final Object Repo/Page_Update Employer Information/Reference Number in Update Employee Information Page' is: 'CUN122018C200001699'

2018-12-06 20:13:09 - [MESSAGE][PASSED] - Text of object 'Object Repository/Final Object Repo/Page_Update Employer Information/Reference Number in Update Employee Information Page' is: 'CUN122018C200001699'

2018-12-06 20:13:09 - [TEST_STEP][PASSED] - callTestCase: Call Test Case 'Test Cases/Final Aug 2018 - PKS Automation/Common/Reference Number Setter' successfully

2018-12-06 20:13:09 - [TEST_CASE][PASSED] - Test Cases/Final Aug 2018 - PKS Automation/Common/Reference Number Setter: Test Cases/Final Aug 2018 - PKS Automation/Common/Reference Number Setter

2018-12-06 20:13:09 - [TEST_STEP][PASSED] - Statement - RefNoOldFile = new java.io.File(C://Users//Admin//Desktop//PKS//Automation Reference Point//KatalonReference.txt): null

2018-12-06 20:13:09 - [TEST_STEP][PASSED] - Statement - RefNoOldFile.delete(): null

2018-12-06 20:13:09 - [TEST_STEP][PASSED] - delay: Delayed 5 second(s)

2018-12-06 20:13:14 - [MESSAGE][PASSED] - Delayed 5 second(s)

2018-12-06 20:13:14 - [TEST_STEP][PASSED] - Statement - RefNo = new java.io.File(C://Users//Admin//Desktop//PKS//Automation Reference Point//KatalonReference.txt): null

2018-12-06 20:13:14 - [TEST_STEP][PASSED] - Statement - f2 = new java.io.FileWriter(RefNo, false): null

2018-12-06 20:13:14 - [TEST_STEP][PASSED] - Statement - f2.write(CaseReferenceNo): null

2018-12-06 20:13:14 - [TEST_STEP][PASSED] - Statement - f2.close(): null

2018-12-06 20:13:14 - [TEST_STEP][PASSED] - Statement - out.println("


" + CaseReferenceNo + "


"): null

2018-12-06 20:13:14 - [MESSAGE][PASSED] - Call Test Case 'Test Cases/Final Aug 2018 - PKS Automation/Common/Reference Number Setter' successfully

2018-12-06 20:13:14 - [TEST_STEP][PASSED] - selectOptionByValue: All options with value '2030' are selected in object 'Object Repository/Final Object Repo/Page_Form 1A - Cessation As Employer/Employment Resign Date - Year' 

2018-12-06 20:13:14 - [MESSAGE][PASSED] - All options with value '2030' are selected in object 'Object Repository/Final Object Repo/Page_Form 1A - Cessation As Employer/Employment Resign Date - Year' 

2018-12-06 20:13:14 - [TEST_STEP][PASSED] - delay: Delayed 1 second(s)

2018-12-06 20:13:15 - [MESSAGE][PASSED] - Delayed 1 second(s)

2018-12-06 20:13:15 - [TEST_STEP][PASSED] - click: Object: 'Object Repository/Final Object Repo/Page_Form 1A - Cessation As Employer/Employment Resign Date - Year - Date' is clicked on

2018-12-06 20:13:15 - [MESSAGE][PASSED] - Object: 'Object Repository/Final Object Repo/Page_Form 1A - Cessation As Employer/Employment Resign Date - Year - Date' is clicked on

2018-12-06 20:13:15 - [TEST_STEP][PASSED] - delay: Delayed 2 second(s)

2018-12-06 20:13:17 - [MESSAGE][PASSED] - Delayed 2 second(s)

2018-12-06 20:13:17 - [TEST_STEP][PASSED] - click: Object: 'Object Repository/Final Object Repo/Page_Form 1A - Cessation As Employer/Save  Continue in Update Add Employee Resigned Date Page' is clicked on

2018-12-06 20:13:17 - [MESSAGE][PASSED] - Object: 'Object Repository/Final Object Repo/Page_Form 1A - Cessation As Employer/Save  Continue in Update Add Employee Resigned Date Page' is clicked on

2018-12-06 20:13:17 - [TEST_STEP][PASSED] - delay: Delayed 2 second(s)

2018-12-06 20:13:19 - [MESSAGE][PASSED] - Delayed 2 second(s)

2018-12-06 20:13:19 - [TEST_STEP][PASSED] - click: Object: 'Object Repository/Final Object Repo/Page_Form 1A - Cessation As Employer/Set Latest - Yes' is clicked on

2018-12-06 20:13:20 - [MESSAGE][PASSED] - Object: 'Object Repository/Final Object Repo/Page_Form 1A - Cessation As Employer/Set Latest - Yes' is clicked on

2018-12-06 20:13:20 - [TEST_STEP][PASSED] - delay: Delayed 2 second(s)

2018-12-06 20:13:22 - [MESSAGE][PASSED] - Delayed 2 second(s)

2018-12-06 20:13:22 - [TEST_STEP][PASSED] - click: Object: 'Object Repository/Final Object Repo/Page_Form 1A - Cessation As Employer/Add Document' is clicked on

2018-12-06 20:13:22 - [MESSAGE][PASSED] - Object: 'Object Repository/Final Object Repo/Page_Form 1A - Cessation As Employer/Add Document' is clicked on

2018-12-06 20:13:22 - [TEST_STEP][PASSED] - delay: Delayed 2 second(s)

2018-12-06 20:13:24 - [MESSAGE][PASSED] - Delayed 2 second(s)

2018-12-06 20:13:24 - [TEST_STEP][PASSED] - click: Object: 'Object Repository/Final Object Repo/Page_Form 1A - Cessation As Employer/Document Type' is clicked on

2018-12-06 20:13:25 - [MESSAGE][PASSED] - Object: 'Object Repository/Final Object Repo/Page_Form 1A - Cessation As Employer/Document Type' is clicked on

2018-12-06 20:13:25 - [TEST_STEP][PASSED] - delay: Delayed 2 second(s)

2018-12-06 20:13:27 - [MESSAGE][PASSED] - Delayed 2 second(s)

2018-12-06 20:13:27 - [TEST_STEP][PASSED] - click: Object: 'Object Repository/Final Object Repo/Page_Form 1A - Cessation As Employer/Document Type - Supporting Document For Cessation' is clicked on

2018-12-06 20:13:28 - [MESSAGE][PASSED] - Object: 'Object Repository/Final Object Repo/Page_Form 1A - Cessation As Employer/Document Type - Supporting Document For Cessation' is clicked on

2018-12-06 20:13:28 - [TEST_STEP][PASSED] - delay: Delayed 2 second(s)

2018-12-06 20:13:30 - [MESSAGE][PASSED] - Delayed 2 second(s)

2018-12-06 20:13:30 - [TEST_STEP][PASSED] - sendKeys: Keys 'C:\Users\Public\Pictures\Sample Pictures\Koala.jpg' sent to object: 'Object Repository/Final Object Repo/Page_Form 1A - Cessation As Employer/Uploading File'

2018-12-06 20:13:30 - [MESSAGE][PASSED] - Keys 'C:\Users\Public\Pictures\Sample Pictures\Koala.jpg' sent to object: 'Object Repository/Final Object Repo/Page_Form 1A - Cessation As Employer/Uploading File'

2018-12-06 20:13:30 - [TEST_STEP][PASSED] - delay: Delayed 2 second(s)

2018-12-06 20:13:32 - [MESSAGE][PASSED] - Delayed 2 second(s)

2018-12-06 20:13:32 - [TEST_STEP][PASSED] - click: Object: 'Object Repository/Final Object Repo/Page_Form 1A - Cessation As Employer/Add Document in Uploading Page' is clicked on

2018-12-06 20:13:32 - [MESSAGE][PASSED] - Object: 'Object Repository/Final Object Repo/Page_Form 1A - Cessation As Employer/Add Document in Uploading Page' is clicked on

2018-12-06 20:13:32 - [TEST_STEP][PASSED] - delay: Delayed 20 second(s)

2018-12-06 20:13:52 - [MESSAGE][PASSED] - Delayed 20 second(s)

2018-12-06 20:13:52 - [TEST_STEP][PASSED] - click: Object: 'Object Repository/Final Object Repo/Page_Form 1A - Cessation As Employer/Save  Continue in Uploading Page' is clicked on

2018-12-06 20:13:52 - [MESSAGE][PASSED] - Object: 'Object Repository/Final Object Repo/Page_Form 1A - Cessation As Employer/Save  Continue in Uploading Page' is clicked on

2018-12-06 20:13:52 - [TEST_STEP][PASSED] - delay: Delayed 2 second(s)

2018-12-06 20:13:54 - [MESSAGE][PASSED] - Delayed 2 second(s)

2018-12-06 20:13:54 - [TEST_STEP][PASSED] - click: Object: 'Object Repository/Final Object Repo/Page_Form 1A - Cessation As Employer/Submit2' is clicked on

2018-12-06 20:13:57 - [MESSAGE][PASSED] - Object: 'Object Repository/Final Object Repo/Page_Form 1A - Cessation As Employer/Submit2' is clicked on

2018-12-06 20:13:57 - [TEST_STEP][PASSED] - delay: Delayed 2 second(s)

2018-12-06 20:13:59 - [MESSAGE][PASSED] - Delayed 2 second(s)

2018-12-06 20:13:59 - [TEST_STEP][PASSED] - click: Object: 'Object Repository/Final Object Repo/Page_Form 1A - Cessation As Employer/Confirm' is clicked on

2018-12-06 20:13:59 - [MESSAGE][PASSED] - Object: 'Object Repository/Final Object Repo/Page_Form 1A - Cessation As Employer/Confirm' is clicked on

2018-12-06 20:13:59 - [TEST_STEP][PASSED] - delay: Delayed 2 second(s)

2018-12-06 20:14:01 - [MESSAGE][PASSED] - Delayed 2 second(s)

2018-12-06 20:14:01 - [TEST_STEP][PASSED] - verifyElementVisible: Object 'Object Repository/Final Object Repo/Page_Form 1A - Cessation As Employer/Message Your Request will be routed to UO' is visible

2018-12-06 20:14:04 - [MESSAGE][PASSED] - Object 'Object Repository/Final Object Repo/Page_Form 1A - Cessation As Employer/Message Your Request will be routed to UO' is visible

2018-12-06 20:14:04 - [TEST_STEP][PASSED] - delay: Delayed 1 second(s)

2018-12-06 20:14:05 - [MESSAGE][PASSED] - Delayed 1 second(s)

2018-12-06 20:14:05 - [TEST_STEP][PASSED] - verifyElementVisible: Object 'Object Repository/Final Object Repo/Page_Form 1A - Cessation As Employer/Letter of acknowledgement' is visible

2018-12-06 20:14:05 - [MESSAGE][PASSED] - Object 'Object Repository/Final Object Repo/Page_Form 1A - Cessation As Employer/Letter of acknowledgement' is visible

2018-12-06 20:14:05 - [MESSAGE][PASSED] - Call Test Case 'Test Cases/Final Aug 2018 - PKS Automation/Registration Module/Workflow/Form 1A - Cessation As Employer/Template/Form 1 A - Cessation As Employer (OTC)' successfully

2018-12-06 20:14:05 - [TEST_STEP][PASSED] - callTestCase: Call Test Case 'Test Cases/Final Aug 2018 - PKS Automation/Registration Module/Workflow/Form 1A - Cessation As Employer/Template/Form 1 A - Cessation As Employer (Query)' successfully

2018-12-06 20:14:05 - [TEST_CASE][PASSED] - Test Cases/Final Aug 2018 - PKS Automation/Registration Module/Workflow/Form 1A - Cessation As Employer/Template/Form 1 A - Cessation As Employer (Query): Test Cases/Final Aug 2018 - PKS Automation/Registration Module/Workflow/Form 1A - Cessation As Employer/Template/Form 1 A - Cessation As Employer (Query)

2018-12-06 20:14:05 - [TEST_STEP][NOT_RUN] - callTestCase: NOT_RUN: callTestCase

2018-12-06 20:14:05 - [MESSAGE][NOT_RUN] - NOT_RUN: callTestCase

2018-12-06 20:14:05 - [TEST_STEP][PASSED] - delay: Delayed 1 second(s)

2018-12-06 20:14:06 - [MESSAGE][PASSED] - Delayed 1 second(s)

2018-12-06 20:14:06 - [TEST_STEP][PASSED] - navigateToUrl: Navigate to 'https://assist2-uat.perkeso.gov.my/c/portal/logout' successfully

2018-12-06 20:14:07 - [MESSAGE][PASSED] - Navigate to 'https://assist2-uat.perkeso.gov.my/c/portal/logout' successfully

2018-12-06 20:14:07 - [TEST_STEP][PASSED] - delay: Delayed 1 second(s)

2018-12-06 20:14:08 - [MESSAGE][PASSED] - Delayed 1 second(s)

2018-12-06 20:14:08 - [TEST_STEP][PASSED] - callTestCase: Call Test Case 'Test Cases/Final Aug 2018 - PKS Automation/Common/Reference Number Getter' successfully

2018-12-06 20:14:08 - [TEST_CASE][PASSED] - Test Cases/Final Aug 2018 - PKS Automation/Common/Reference Number Getter: Test Cases/Final Aug 2018 - PKS Automation/Common/Reference Number Getter

2018-12-06 20:14:08 - [TEST_STEP][PASSED] - Statement - Try: null

2018-12-06 20:14:08 - [TEST_STEP][PASSED] - Statement - RefNo = new java.io.File(C://Users//Admin//Desktop//PKS//Automation Reference Point//KatalonReference.txt): null

2018-12-06 20:14:08 - [TEST_STEP][PASSED] - Statement - bufferread = new java.io.BufferedReader(new java.io.FileReader(RefNo)): null

2018-12-06 20:14:08 - [TEST_STEP][PASSED] - Statement - readedVal = bufferread.readLine(): null

2018-12-06 20:14:08 - [TEST_STEP][PASSED] - Statement - out.println(CaseReferenceNo): null

2018-12-06 20:14:08 - [TEST_STEP][PASSED] - Statement - out.println(readedVal): null

2018-12-06 20:14:08 - [TEST_STEP][PASSED] - Statement - CaseReferenceNo = "": null

2018-12-06 20:14:08 - [TEST_STEP][PASSED] - Statement - CaseReferenceNo = readedVal: null

2018-12-06 20:14:08 - [MESSAGE][PASSED] - Call Test Case 'Test Cases/Final Aug 2018 - PKS Automation/Common/Reference Number Getter' successfully

2018-12-06 20:14:08 - [TEST_STEP][PASSED] - callTestCase: Call Test Case 'Test Cases/Final Aug 2018 - PKS Automation/Common/Workflow Owner Finder' successfully

2018-12-06 20:14:08 - [TEST_CASE][PASSED] - Test Cases/Final Aug 2018 - PKS Automation/Common/Workflow Owner Finder: Test Cases/Final Aug 2018 - PKS Automation/Common/Workflow Owner Finder

2018-12-06 20:14:08 - [TEST_STEP][PASSED] - openBrowser: Browser is opened with url: ''

2018-12-06 20:14:08 - [MESSAGE][WARNING] - A browser is already opened. Closing browser and opening a new one

2018-12-06 20:14:12 - [MESSAGE][PASSED] - Browser is opened with url: ''

2018-12-06 20:14:12 - [TEST_STEP][PASSED] - navigateToUrl: Navigate to 'https://assist2-uat.perkeso.gov.my/login' successfully

2018-12-06 20:14:13 - [MESSAGE][PASSED] - Navigate to 'https://assist2-uat.perkeso.gov.my/login' successfully

2018-12-06 20:14:13 - [TEST_STEP][PASSED] - delay: Delayed 5 second(s)

2018-12-06 20:14:18 - [MESSAGE][PASSED] - Delayed 5 second(s)

2018-12-06 20:14:18 - [TEST_STEP][PASSED] - setText: Text 'test@liferay.com' is set on object 'Object Repository/Final Object Repo/Login Page/Internal User/Email Address'

2018-12-06 20:14:19 - [MESSAGE][PASSED] - Text 'test@liferay.com' is set on object 'Object Repository/Final Object Repo/Login Page/Internal User/Email Address'

2018-12-06 20:14:19 - [TEST_STEP][PASSED] - click: Object: 'Object Repository/Final Object Repo/Login Page/Internal User/Next Button' is clicked on

2018-12-06 20:14:19 - [MESSAGE][PASSED] - Object: 'Object Repository/Final Object Repo/Login Page/Internal User/Next Button' is clicked on

2018-12-06 20:14:19 - [TEST_STEP][PASSED] - delay: Delayed 2 second(s)

2018-12-06 20:14:21 - [MESSAGE][PASSED] - Delayed 2 second(s)

2018-12-06 20:14:21 - [TEST_STEP][PASSED] - setText: Text 'test' is set on object 'Object Repository/Final Object Repo/Login Page/Internal User/Password'

2018-12-06 20:14:21 - [MESSAGE][PASSED] - Text 'test' is set on object 'Object Repository/Final Object Repo/Login Page/Internal User/Password'

2018-12-06 20:14:21 - [TEST_STEP][PASSED] - delay: Delayed 2 second(s)

2018-12-06 20:14:23 - [MESSAGE][PASSED] - Delayed 2 second(s)

2018-12-06 20:14:23 - [TEST_STEP][PASSED] - click: Object: 'Object Repository/Final Object Repo/Login Page/Internal User/Login Button' is clicked on

2018-12-06 20:14:23 - [MESSAGE][PASSED] - Object: 'Object Repository/Final Object Repo/Login Page/Internal User/Login Button' is clicked on

2018-12-06 20:14:23 - [TEST_STEP][PASSED] - Statement - tester = com.kms.katalon.core.testobject.ObjectRepository.findTestObject(Final Object Repo/Landing Page/Select to English): Finding Test Object with id 'Object Repository/Final Object Repo/Landing Page/Select to English'

2018-12-06 20:14:23 - [TEST_STEP][PASSED] - Statement - Try: Delayed 2 second(s)

2018-12-06 20:14:23 - [TEST_STEP][PASSED] - Statement - Checker = com.kms.katalon.core.webui.keyword.WebUiBuiltInKeywords.verifyElementNotPresent(tester, 3): Web element with id: 'Object Repository/Final Object Repo/Landing Page/Select to English' located by 'By.xpath: //a[@class = 'taglib-language-list-text' and @lang = 'en-US' and (contains(text(), 'EN') or contains(., 'EN'))]' is not present after '3' second(s)

2018-12-06 20:14:25 - [MESSAGE][PASSED] - Web element with id: 'Object Repository/Final Object Repo/Landing Page/Select to English' located by 'By.xpath: //a[@class = 'taglib-language-list-text' and @lang = 'en-US' and (contains(text(), 'EN') or contains(., 'EN'))]' is not present after '3' second(s)

2018-12-06 20:14:25 - [TEST_STEP][PASSED] - Statement - If (Checker == false): null

2018-12-06 20:14:25 - [TEST_STEP][PASSED] - delay: Delayed 2 second(s)

2018-12-06 20:14:27 - [MESSAGE][PASSED] - Delayed 2 second(s)

2018-12-06 20:14:27 - [TEST_STEP][PASSED] - delay: Delayed 5 second(s)

2018-12-06 20:14:32 - [MESSAGE][PASSED] - Delayed 5 second(s)

2018-12-06 20:14:32 - [TEST_STEP][PASSED] - mouseOver: Object: 'Object Repository/Final Object Repo/Landing Page/WorkFlow Menu' is hovered

2018-12-06 20:14:32 - [MESSAGE][PASSED] - Object: 'Object Repository/Final Object Repo/Landing Page/WorkFlow Menu' is hovered

2018-12-06 20:14:32 - [TEST_STEP][PASSED] - delay: Delayed 2 second(s)

2018-12-06 20:14:34 - [MESSAGE][PASSED] - Delayed 2 second(s)

2018-12-06 20:14:34 - [TEST_STEP][PASSED] - click: Object: 'Object Repository/Final Object Repo/Landing Page/Select to Workflow Listing' is clicked on

2018-12-06 20:14:35 - [MESSAGE][PASSED] - Object: 'Object Repository/Final Object Repo/Landing Page/Select to Workflow Listing' is clicked on

2018-12-06 20:14:35 - [TEST_STEP][PASSED] - delay: Delayed 2 second(s)

2018-12-06 20:14:37 - [MESSAGE][PASSED] - Delayed 2 second(s)

2018-12-06 20:14:37 - [TEST_STEP][PASSED] - click: Object: 'Object Repository/Final Object Repo/WorkFlow Listing Page/Search Information - To Put Ref No' is clicked on

2018-12-06 20:14:37 - [MESSAGE][PASSED] - Object: 'Object Repository/Final Object Repo/WorkFlow Listing Page/Search Information - To Put Ref No' is clicked on

2018-12-06 20:14:37 - [TEST_STEP][PASSED] - delay: Delayed 2 second(s)

2018-12-06 20:14:39 - [MESSAGE][PASSED] - Delayed 2 second(s)

2018-12-06 20:14:39 - [TEST_STEP][PASSED] - callTestCase: Call Test Case 'Test Cases/Final Aug 2018 - PKS Automation/Common/Reference Number Getter' successfully

2018-12-06 20:14:40 - [TEST_CASE][PASSED] - Test Cases/Final Aug 2018 - PKS Automation/Common/Reference Number Getter: Test Cases/Final Aug 2018 - PKS Automation/Common/Reference Number Getter

2018-12-06 20:14:40 - [TEST_STEP][PASSED] - Statement - Try: null

2018-12-06 20:14:40 - [TEST_STEP][PASSED] - Statement - RefNo = new java.io.File(C://Users//Admin//Desktop//PKS//Automation Reference Point//KatalonReference.txt): null

2018-12-06 20:14:40 - [TEST_STEP][PASSED] - Statement - bufferread = new java.io.BufferedReader(new java.io.FileReader(RefNo)): null

2018-12-06 20:14:40 - [TEST_STEP][PASSED] - Statement - readedVal = bufferread.readLine(): null

2018-12-06 20:14:40 - [TEST_STEP][PASSED] - Statement - out.println(CaseReferenceNo): null

2018-12-06 20:14:40 - [TEST_STEP][PASSED] - Statement - out.println(readedVal): null

2018-12-06 20:14:40 - [TEST_STEP][PASSED] - Statement - CaseReferenceNo = "": null

2018-12-06 20:14:40 - [TEST_STEP][PASSED] - Statement - CaseReferenceNo = readedVal: null

2018-12-06 20:14:40 - [MESSAGE][PASSED] - Call Test Case 'Test Cases/Final Aug 2018 - PKS Automation/Common/Reference Number Getter' successfully

2018-12-06 20:14:40 - [TEST_STEP][PASSED] - setText: Text 'CUN122018C200001699' is set on object 'Object Repository/Final Object Repo/WorkFlow Listing Page/Ref No Set Text'

2018-12-06 20:14:40 - [MESSAGE][PASSED] - Text 'CUN122018C200001699' is set on object 'Object Repository/Final Object Repo/WorkFlow Listing Page/Ref No Set Text'

2018-12-06 20:14:40 - [TEST_STEP][PASSED] - delay: Delayed 2 second(s)

2018-12-06 20:14:42 - [MESSAGE][PASSED] - Delayed 2 second(s)

2018-12-06 20:14:42 - [TEST_STEP][PASSED] - click: Object: 'Object Repository/Final Object Repo/WorkFlow Listing Page/Search Ref No Search Button' is clicked on

2018-12-06 20:14:42 - [MESSAGE][PASSED] - Object: 'Object Repository/Final Object Repo/WorkFlow Listing Page/Search Ref No Search Button' is clicked on

2018-12-06 20:14:42 - [TEST_STEP][PASSED] - delay: Delayed 6 second(s)

2018-12-06 20:14:48 - [MESSAGE][PASSED] - Delayed 6 second(s)

2018-12-06 20:14:48 - [TEST_STEP][PASSED] - click: Object: 'Object Repository/Final Object Repo/WorkFlow Listing Page/Click Continue Tooltip' is clicked on

2018-12-06 20:14:49 - [MESSAGE][PASSED] - Object: 'Object Repository/Final Object Repo/WorkFlow Listing Page/Click Continue Tooltip' is clicked on

2018-12-06 20:14:49 - [TEST_STEP][PASSED] - delay: Delayed 5 second(s)

2018-12-06 20:14:54 - [MESSAGE][PASSED] - Delayed 5 second(s)

2018-12-06 20:14:54 - [TEST_STEP][PASSED] - doubleClick: Object: 'Object Repository/Final Object Repo/WorkFlow Listing Page/Workflow Found - Listing 1' is double clicked on

2018-12-06 20:14:54 - [MESSAGE][PASSED] - Object: 'Object Repository/Final Object Repo/WorkFlow Listing Page/Workflow Found - Listing 1' is double clicked on

2018-12-06 20:14:54 - [TEST_STEP][PASSED] - Statement - println(OwnerID): null

2018-12-06 20:14:54 - [TEST_STEP][PASSED] - Statement - OwnerID = com.kms.katalon.core.webui.keyword.WebUiBuiltInKeywords.getText(com.kms.katalon.core.testobject.ObjectRepository.findTestObject(Final Object Repo/WorkFlow Listing Page/Workflow Found - Listing 1), STOP_ON_FAILURE): Text of object 'Object Repository/Final Object Repo/WorkFlow Listing Page/Workflow Found - Listing 1' is: 'JOHORuo2'

2018-12-06 20:14:54 - [MESSAGE][PASSED] - Text of object 'Object Repository/Final Object Repo/WorkFlow Listing Page/Workflow Found - Listing 1' is: 'JOHORuo2'

2018-12-06 20:14:54 - [TEST_STEP][PASSED] - Statement - OwnerID = OwnerID.toLowerCase() + "@gmail.com": null

2018-12-06 20:14:54 - [TEST_STEP][PASSED] - Statement - println(OwnerID): null

2018-12-06 20:14:54 - [TEST_STEP][PASSED] - delay: Delayed 2 second(s)

2018-12-06 20:14:56 - [MESSAGE][PASSED] - Delayed 2 second(s)

2018-12-06 20:14:56 - [MESSAGE][PASSED] - Call Test Case 'Test Cases/Final Aug 2018 - PKS Automation/Common/Workflow Owner Finder' successfully

2018-12-06 20:14:56 - [TEST_STEP][PASSED] - delay: Delayed 1 second(s)

2018-12-06 20:14:57 - [MESSAGE][PASSED] - Delayed 1 second(s)

2018-12-06 20:14:57 - [TEST_STEP][PASSED] - navigateToUrl: Navigate to 'https://assist2-uat.perkeso.gov.my/c/portal/logout' successfully

2018-12-06 20:14:58 - [MESSAGE][PASSED] - Navigate to 'https://assist2-uat.perkeso.gov.my/c/portal/logout' successfully

2018-12-06 20:14:58 - [TEST_STEP][PASSED] - delay: Delayed 1 second(s)

2018-12-06 20:14:59 - [MESSAGE][PASSED] - Delayed 1 second(s)

2018-12-06 20:14:59 - [TEST_STEP][PASSED] - callTestCase: Call Test Case 'Test Cases/Final Aug 2018 - PKS Automation/Registration Module/Workflow/Login and Search Case For Workflow' successfully

2018-12-06 20:14:59 - [TEST_CASE][PASSED] - Test Cases/Final Aug 2018 - PKS Automation/Registration Module/Workflow/Login and Search Case For Workflow: Test Cases/Final Aug 2018 - PKS Automation/Registration Module/Workflow/Login and Search Case For Workflow

2018-12-06 20:14:59 - [TEST_STEP][PASSED] - navigateToUrl: Navigate to 'https://assist2-uat.perkeso.gov.my/login' successfully

2018-12-06 20:15:00 - [MESSAGE][PASSED] - Navigate to 'https://assist2-uat.perkeso.gov.my/login' successfully

2018-12-06 20:15:00 - [TEST_STEP][PASSED] - setText: Text 'johoruo2@gmail.com' is set on object 'Object Repository/Final Object Repo/Login Page/Internal User/Email Address'

2018-12-06 20:15:00 - [MESSAGE][PASSED] - Text 'johoruo2@gmail.com' is set on object 'Object Repository/Final Object Repo/Login Page/Internal User/Email Address'

2018-12-06 20:15:00 - [TEST_STEP][PASSED] - click: Object: 'Object Repository/Final Object Repo/Login Page/Internal User/Next Button' is clicked on

2018-12-06 20:15:00 - [MESSAGE][PASSED] - Object: 'Object Repository/Final Object Repo/Login Page/Internal User/Next Button' is clicked on

2018-12-06 20:15:00 - [TEST_STEP][PASSED] - delay: Delayed 1 second(s)

2018-12-06 20:15:01 - [MESSAGE][PASSED] - Delayed 1 second(s)

2018-12-06 20:15:01 - [TEST_STEP][PASSED] - setEncryptedText: Text ****** has been set on object 'Object Repository/Final Object Repo/Login Page/Internal User/Password'

2018-12-06 20:15:02 - [MESSAGE][PASSED] - Text ****** has been set on object 'Object Repository/Final Object Repo/Login Page/Internal User/Password'

2018-12-06 20:15:02 - [TEST_STEP][PASSED] - click: Object: 'Object Repository/Final Object Repo/Login Page/Internal User/Login Button' is clicked on

2018-12-06 20:15:02 - [MESSAGE][PASSED] - Object: 'Object Repository/Final Object Repo/Login Page/Internal User/Login Button' is clicked on

2018-12-06 20:15:02 - [TEST_STEP][PASSED] - delay: Delayed 2 second(s)

2018-12-06 20:15:04 - [MESSAGE][PASSED] - Delayed 2 second(s)

2018-12-06 20:15:04 - [TEST_STEP][PASSED] - Statement - Try: Delayed 2 second(s)

2018-12-06 20:15:04 - [TEST_STEP][PASSED] - Statement - Checker = false: null

2018-12-06 20:15:04 - [TEST_STEP][PASSED] - Statement - Checker = com.kms.katalon.core.webui.keyword.WebUiBuiltInKeywords.verifyElementHasAttribute(com.kms.katalon.core.testobject.ObjectRepository.findTestObject(Final Object Repo/Landing Page/BM Detecting), "href", 20, OPTIONAL): Object 'Object Repository/Final Object Repo/Landing Page/BM Detecting' has attribute 'href'

2018-12-06 20:15:04 - [MESSAGE][PASSED] - Object 'Object Repository/Final Object Repo/Landing Page/BM Detecting' has attribute 'href'

2018-12-06 20:15:04 - [TEST_STEP][PASSED] - Statement - out.println(Checker): null

2018-12-06 20:15:04 - [TEST_STEP][PASSED] - Statement - If (Checker == false): null

2018-12-06 20:15:04 - [TEST_STEP][PASSED] - Statement - Else: null

2018-12-06 20:15:04 - [TEST_STEP][PASSED] - delay: Delayed 2 second(s)

2018-12-06 20:15:06 - [MESSAGE][PASSED] - Delayed 2 second(s)

2018-12-06 20:15:06 - [TEST_STEP][PASSED] - click: Object: 'Object Repository/Final Object Repo/Page_MyASSIST - ASSIST - Search Pending Case For Add Supporting Document/Search Information' is clicked on

2018-12-06 20:15:06 - [MESSAGE][PASSED] - Object: 'Object Repository/Final Object Repo/Page_MyASSIST - ASSIST - Search Pending Case For Add Supporting Document/Search Information' is clicked on

2018-12-06 20:15:06 - [TEST_STEP][PASSED] - delay: Delayed 3 second(s)

2018-12-06 20:15:09 - [MESSAGE][PASSED] - Delayed 3 second(s)

2018-12-06 20:15:09 - [TEST_STEP][PASSED] - sendKeys: Keys 'CUN122018C200001699' sent to object: 'Object Repository/Final Object Repo/Page_MyASSIST - ASSIST - Search Pending Case For Add Supporting Document/Reference No'

2018-12-06 20:15:09 - [MESSAGE][PASSED] - Keys 'CUN122018C200001699' sent to object: 'Object Repository/Final Object Repo/Page_MyASSIST - ASSIST - Search Pending Case For Add Supporting Document/Reference No'

2018-12-06 20:15:09 - [TEST_STEP][PASSED] - click: Object: 'Object Repository/Final Object Repo/Page_MyASSIST - ASSIST - Search Pending Case For Add Supporting Document/Search Reference No' is clicked on

2018-12-06 20:15:09 - [MESSAGE][PASSED] - Object: 'Object Repository/Final Object Repo/Page_MyASSIST - ASSIST - Search Pending Case For Add Supporting Document/Search Reference No' is clicked on

2018-12-06 20:15:09 - [TEST_STEP][PASSED] - delay: Delayed 2 second(s)

2018-12-06 20:15:11 - [MESSAGE][PASSED] - Delayed 2 second(s)

2018-12-06 20:15:11 - [TEST_STEP][PASSED] - click: Object: 'Object Repository/Final Object Repo/Page_MyASSIST - ASSIST - Search Pending Case For Add Supporting Document/Continue' is clicked on

2018-12-06 20:15:15 - [MESSAGE][PASSED] - Object: 'Object Repository/Final Object Repo/Page_MyASSIST - ASSIST - Search Pending Case For Add Supporting Document/Continue' is clicked on

2018-12-06 20:15:15 - [TEST_STEP][PASSED] - delay: Delayed 20 second(s)

2018-12-06 20:15:35 - [MESSAGE][PASSED] - Delayed 20 second(s)

2018-12-06 20:15:35 - [MESSAGE][PASSED] - Call Test Case 'Test Cases/Final Aug 2018 - PKS Automation/Registration Module/Workflow/Login and Search Case For Workflow' successfully

2018-12-06 20:15:35 - [TEST_STEP][PASSED] - click: Object: 'Object Repository/Final Object Repo/Page_Form 1A - Cessation As Employer/Page_Form 1A - Cessation As Employer (Approve)/Save  Continue in Form 1A Page' is clicked on

2018-12-06 20:15:35 - [MESSAGE][PASSED] - Object: 'Object Repository/Final Object Repo/Page_Form 1A - Cessation As Employer/Page_Form 1A - Cessation As Employer (Approve)/Save  Continue in Form 1A Page' is clicked on

2018-12-06 20:15:35 - [TEST_STEP][PASSED] - delay: Delayed 2 second(s)

2018-12-06 20:15:37 - [MESSAGE][PASSED] - Delayed 2 second(s)

2018-12-06 20:15:37 - [TEST_STEP][PASSED] - click: Object: 'Object Repository/Final Object Repo/Page_Form 1A - Cessation As Employer/Employment Resign Date' is clicked on

2018-12-06 20:15:37 - [MESSAGE][PASSED] - Object: 'Object Repository/Final Object Repo/Page_Form 1A - Cessation As Employer/Employment Resign Date' is clicked on

2018-12-06 20:15:37 - [TEST_STEP][PASSED] - delay: Delayed 1 second(s)

2018-12-06 20:15:38 - [MESSAGE][PASSED] - Delayed 1 second(s)

2018-12-06 20:15:38 - [TEST_STEP][PASSED] - selectOptionByValue: All options with value '2030' are selected in object 'Object Repository/Final Object Repo/Page_Form 1A - Cessation As Employer/Employment Resign Date - Year' 

2018-12-06 20:15:38 - [MESSAGE][PASSED] - All options with value '2030' are selected in object 'Object Repository/Final Object Repo/Page_Form 1A - Cessation As Employer/Employment Resign Date - Year' 

2018-12-06 20:15:38 - [TEST_STEP][PASSED] - delay: Delayed 1 second(s)

2018-12-06 20:15:39 - [MESSAGE][PASSED] - Delayed 1 second(s)

2018-12-06 20:15:39 - [TEST_STEP][PASSED] - click: Object: 'Object Repository/Final Object Repo/Page_Form 1A - Cessation As Employer/Employment Resign Date - Year - Date' is clicked on

2018-12-06 20:15:39 - [MESSAGE][PASSED] - Object: 'Object Repository/Final Object Repo/Page_Form 1A - Cessation As Employer/Employment Resign Date - Year - Date' is clicked on

2018-12-06 20:15:39 - [TEST_STEP][PASSED] - delay: Delayed 2 second(s)

2018-12-06 20:15:41 - [MESSAGE][PASSED] - Delayed 2 second(s)

2018-12-06 20:15:41 - [TEST_STEP][PASSED] - click: Object: 'Object Repository/Final Object Repo/Page_Form 1A - Cessation As Employer/Page_Form 1A - Cessation As Employer (Approve)/Save  Continue in Update Add Employee Resigned Date Page' is clicked on

2018-12-06 20:15:42 - [MESSAGE][PASSED] - Object: 'Object Repository/Final Object Repo/Page_Form 1A - Cessation As Employer/Page_Form 1A - Cessation As Employer (Approve)/Save  Continue in Update Add Employee Resigned Date Page' is clicked on

2018-12-06 20:15:42 - [TEST_STEP][PASSED] - delay: Delayed 2 second(s)

2018-12-06 20:15:44 - [MESSAGE][PASSED] - Delayed 2 second(s)

2018-12-06 20:15:44 - [TEST_STEP][PASSED] - click: Object: 'Object Repository/Final Object Repo/Page_Form 1A - Cessation As Employer/Set Latest - Yes' is clicked on

2018-12-06 20:15:44 - [MESSAGE][PASSED] - Object: 'Object Repository/Final Object Repo/Page_Form 1A - Cessation As Employer/Set Latest - Yes' is clicked on

2018-12-06 20:15:44 - [TEST_STEP][PASSED] - delay: Delayed 2 second(s)

2018-12-06 20:15:46 - [MESSAGE][PASSED] - Delayed 2 second(s)

2018-12-06 20:15:46 - [TEST_STEP][PASSED] - setText: Text 'remark' is set on object 'Object Repository/Final Object Repo/Page_Form 1A - Cessation As Employer/Page_Form 1A - Cessation As Employer (Query)/Query - remark'

2018-12-06 20:15:47 - [MESSAGE][PASSED] - Text 'remark' is set on object 'Object Repository/Final Object Repo/Page_Form 1A - Cessation As Employer/Page_Form 1A - Cessation As Employer (Query)/Query - remark'

2018-12-06 20:15:47 - [TEST_STEP][PASSED] - delay: Delayed 2 second(s)

2018-12-06 20:15:49 - [MESSAGE][PASSED] - Delayed 2 second(s)

2018-12-06 20:15:49 - [TEST_STEP][PASSED] - click: Object: 'Object Repository/Final Object Repo/Page_Form 1A - Cessation As Employer/Page_Form 1A - Cessation As Employer (Approve)/Save  Contine in Uploading Document Page' is clicked on

2018-12-06 20:15:49 - [MESSAGE][PASSED] - Object: 'Object Repository/Final Object Repo/Page_Form 1A - Cessation As Employer/Page_Form 1A - Cessation As Employer (Approve)/Save  Contine in Uploading Document Page' is clicked on

2018-12-06 20:15:49 - [TEST_STEP][PASSED] - delay: Delayed 2 second(s)

2018-12-06 20:15:51 - [MESSAGE][PASSED] - Delayed 2 second(s)

2018-12-06 20:15:51 - [TEST_STEP][PASSED] - click: Object: 'Object Repository/Final Object Repo/Page_Form 1A - Cessation As Employer/Page_Form 1A - Cessation As Employer (Query)/Query' is clicked on

2018-12-06 20:15:54 - [MESSAGE][PASSED] - Object: 'Object Repository/Final Object Repo/Page_Form 1A - Cessation As Employer/Page_Form 1A - Cessation As Employer (Query)/Query' is clicked on

2018-12-06 20:15:54 - [TEST_STEP][PASSED] - delay: Delayed 2 second(s)

2018-12-06 20:15:56 - [MESSAGE][PASSED] - Delayed 2 second(s)

2018-12-06 20:15:56 - [TEST_STEP][PASSED] - click: Object: 'Object Repository/Final Object Repo/Page_Form 1A - Cessation As Employer/Page_Form 1A - Cessation As Employer (Query)/Confirm' is clicked on

2018-12-06 20:16:02 - [MESSAGE][PASSED] - Object: 'Object Repository/Final Object Repo/Page_Form 1A - Cessation As Employer/Page_Form 1A - Cessation As Employer (Query)/Confirm' is clicked on

2018-12-06 20:16:02 - [TEST_STEP][PASSED] - delay: Delayed 2 second(s)

2018-12-06 20:16:04 - [MESSAGE][PASSED] - Delayed 2 second(s)

2018-12-06 20:16:04 - [TEST_STEP][PASSED] - verifyElementVisible: Object 'Object Repository/Final Object Repo/Page_Form 1A - Cessation As Employer/Page_Form 1A - Cessation As Employer (Query)/MessageThe Case Is Under Query' is visible

2018-12-06 20:16:04 - [MESSAGE][PASSED] - Object 'Object Repository/Final Object Repo/Page_Form 1A - Cessation As Employer/Page_Form 1A - Cessation As Employer (Query)/MessageThe Case Is Under Query' is visible

2018-12-06 20:16:04 - [TEST_STEP][PASSED] - delay: Delayed 1 second(s)

2018-12-06 20:16:05 - [MESSAGE][PASSED] - Delayed 1 second(s)

2018-12-06 20:16:05 - [TEST_STEP][PASSED] - verifyElementVisible: Object 'Object Repository/Final Object Repo/Page_Form 1A - Cessation As Employer/Page_Form 1A - Cessation As Employer (Query)/Letter of inquiry' is visible

2018-12-06 20:16:05 - [MESSAGE][PASSED] - Object 'Object Repository/Final Object Repo/Page_Form 1A - Cessation As Employer/Page_Form 1A - Cessation As Employer (Query)/Letter of inquiry' is visible

2018-12-06 20:16:05 - [TEST_STEP][PASSED] - delay: Delayed 1 second(s)

2018-12-06 20:16:06 - [MESSAGE][PASSED] - Delayed 1 second(s)

2018-12-06 20:16:06 - [TEST_STEP][PASSED] - navigateToUrl: Navigate to 'https://assist2-uat.perkeso.gov.my/c/portal/logout' successfully

2018-12-06 20:16:07 - [MESSAGE][PASSED] - Navigate to 'https://assist2-uat.perkeso.gov.my/c/portal/logout' successfully

2018-12-06 20:16:07 - [TEST_STEP][PASSED] - delay: Delayed 1 second(s)

2018-12-06 20:16:08 - [MESSAGE][PASSED] - Delayed 1 second(s)

2018-12-06 20:16:08 - [TEST_STEP][PASSED] - callTestCase: Call Test Case 'Test Cases/Final Aug 2018 - PKS Automation/Registration Module/Workflow/Search Pending Case For Add Supporting Document (OTC)' successfully

2018-12-06 20:16:08 - [TEST_CASE][PASSED] - Test Cases/Final Aug 2018 - PKS Automation/Registration Module/Workflow/Search Pending Case For Add Supporting Document (OTC): Test Cases/Final Aug 2018 - PKS Automation/Registration Module/Workflow/Search Pending Case For Add Supporting Document (OTC)

2018-12-06 20:16:08 - [TEST_STEP][PASSED] - openBrowser: Browser is opened with url: ''

2018-12-06 20:16:08 - [MESSAGE][WARNING] - A browser is already opened. Closing browser and opening a new one

2018-12-06 20:16:12 - [MESSAGE][PASSED] - Browser is opened with url: ''

2018-12-06 20:16:12 - [TEST_STEP][PASSED] - navigateToUrl: Navigate to 'https://assist2-uat.perkeso.gov.my/login' successfully

2018-12-06 20:16:13 - [MESSAGE][PASSED] - Navigate to 'https://assist2-uat.perkeso.gov.my/login' successfully

2018-12-06 20:16:13 - [TEST_STEP][PASSED] - setText: Text 'johorotc1@gmail.com' is set on object 'Object Repository/Final Object Repo/Login Page/Internal User/Email Address'

2018-12-06 20:16:13 - [MESSAGE][PASSED] - Text 'johorotc1@gmail.com' is set on object 'Object Repository/Final Object Repo/Login Page/Internal User/Email Address'

2018-12-06 20:16:13 - [TEST_STEP][PASSED] - click: Object: 'Object Repository/Final Object Repo/Login Page/Internal User/Next Button' is clicked on

2018-12-06 20:16:13 - [MESSAGE][PASSED] - Object: 'Object Repository/Final Object Repo/Login Page/Internal User/Next Button' is clicked on

2018-12-06 20:16:13 - [TEST_STEP][PASSED] - delay: Delayed 1 second(s)

2018-12-06 20:16:14 - [MESSAGE][PASSED] - Delayed 1 second(s)

2018-12-06 20:16:14 - [TEST_STEP][PASSED] - setEncryptedText: Text ****** has been set on object 'Object Repository/Final Object Repo/Login Page/Internal User/Password'

2018-12-06 20:16:15 - [MESSAGE][PASSED] - Text ****** has been set on object 'Object Repository/Final Object Repo/Login Page/Internal User/Password'

2018-12-06 20:16:15 - [TEST_STEP][PASSED] - click: Object: 'Object Repository/Final Object Repo/Login Page/Internal User/Login Button' is clicked on

2018-12-06 20:16:15 - [MESSAGE][PASSED] - Object: 'Object Repository/Final Object Repo/Login Page/Internal User/Login Button' is clicked on

2018-12-06 20:16:15 - [TEST_STEP][PASSED] - delay: Delayed 1 second(s)

2018-12-06 20:16:16 - [MESSAGE][PASSED] - Delayed 1 second(s)

2018-12-06 20:16:16 - [TEST_STEP][PASSED] - Statement - Try: Delayed 2 second(s)

2018-12-06 20:16:16 - [TEST_STEP][PASSED] - Statement - Checker = false: null

2018-12-06 20:16:16 - [TEST_STEP][PASSED] - Statement - Checker = com.kms.katalon.core.webui.keyword.WebUiBuiltInKeywords.verifyElementHasAttribute(com.kms.katalon.core.testobject.ObjectRepository.findTestObject(Final Object Repo/Landing Page/BM Detecting), "href", 20, OPTIONAL): Object 'Object Repository/Final Object Repo/Landing Page/BM Detecting' has attribute 'href'

2018-12-06 20:16:17 - [MESSAGE][PASSED] - Object 'Object Repository/Final Object Repo/Landing Page/BM Detecting' has attribute 'href'

2018-12-06 20:16:17 - [TEST_STEP][PASSED] - Statement - out.println(Checker): null

2018-12-06 20:16:17 - [TEST_STEP][PASSED] - Statement - If (Checker == false): null

2018-12-06 20:16:17 - [TEST_STEP][PASSED] - Statement - Else: null

2018-12-06 20:16:17 - [TEST_STEP][PASSED] - delay: Delayed 2 second(s)

2018-12-06 20:16:19 - [MESSAGE][PASSED] - Delayed 2 second(s)

2018-12-06 20:16:19 - [TEST_STEP][PASSED] - navigateToUrl: Navigate to 'https://assist2-uat.perkeso.gov.my/web/registration/search/search-pending-case-for-add-supporting-document' successfully

2018-12-06 20:16:19 - [MESSAGE][PASSED] - Navigate to 'https://assist2-uat.perkeso.gov.my/web/registration/search/search-pending-case-for-add-supporting-document' successfully

2018-12-06 20:16:19 - [TEST_STEP][PASSED] - click: Object: 'Object Repository/Final Object Repo/Page_Search Pending Case For Add Suporting Document/Search By' is clicked on

2018-12-06 20:16:20 - [MESSAGE][PASSED] - Object: 'Object Repository/Final Object Repo/Page_Search Pending Case For Add Suporting Document/Search By' is clicked on

2018-12-06 20:16:20 - [TEST_STEP][PASSED] - click: Object: 'Object Repository/Final Object Repo/Page_Search Pending Case For Add Suporting Document/Search By - Reference ID' is clicked on

2018-12-06 20:16:20 - [MESSAGE][PASSED] - Object: 'Object Repository/Final Object Repo/Page_Search Pending Case For Add Suporting Document/Search By - Reference ID' is clicked on

2018-12-06 20:16:20 - [TEST_STEP][PASSED] - delay: Delayed 2 second(s)

2018-12-06 20:16:22 - [MESSAGE][PASSED] - Delayed 2 second(s)

2018-12-06 20:16:22 - [TEST_STEP][PASSED] - setText: Text 'CUN122018C200001699' is set on object 'Object Repository/Final Object Repo/Page_Search Pending Case For Add Suporting Document/Reference ID'

2018-12-06 20:16:22 - [MESSAGE][PASSED] - Text 'CUN122018C200001699' is set on object 'Object Repository/Final Object Repo/Page_Search Pending Case For Add Suporting Document/Reference ID'

2018-12-06 20:16:22 - [TEST_STEP][PASSED] - click: Object: 'Object Repository/Final Object Repo/Page_Search Pending Case For Add Suporting Document/Search' is clicked on

2018-12-06 20:16:22 - [MESSAGE][PASSED] - Object: 'Object Repository/Final Object Repo/Page_Search Pending Case For Add Suporting Document/Search' is clicked on

2018-12-06 20:16:22 - [TEST_STEP][PASSED] - delay: Delayed 2 second(s)

2018-12-06 20:16:24 - [MESSAGE][PASSED] - Delayed 2 second(s)

2018-12-06 20:16:24 - [TEST_STEP][PASSED] - click: Object: 'Object Repository/Final Object Repo/Page_Search Pending Case For Add Suporting Document/Edit' is clicked on

2018-12-06 20:16:27 - [MESSAGE][PASSED] - Object: 'Object Repository/Final Object Repo/Page_Search Pending Case For Add Suporting Document/Edit' is clicked on

2018-12-06 20:16:27 - [MESSAGE][PASSED] - Call Test Case 'Test Cases/Final Aug 2018 - PKS Automation/Registration Module/Workflow/Search Pending Case For Add Supporting Document (OTC)' successfully

2018-12-06 20:16:27 - [TEST_STEP][PASSED] - click: Object: 'Object Repository/Final Object Repo/Page_Form 1A - Cessation As Employer/Page_Form 1A - Cessation As Employer (Query -OTC -UO)/Next in Form 1A Page' is clicked on

2018-12-06 20:16:29 - [MESSAGE][PASSED] - Object: 'Object Repository/Final Object Repo/Page_Form 1A - Cessation As Employer/Page_Form 1A - Cessation As Employer (Query -OTC -UO)/Next in Form 1A Page' is clicked on

2018-12-06 20:16:29 - [TEST_STEP][PASSED] - delay: Delayed 2 second(s)

2018-12-06 20:16:31 - [MESSAGE][PASSED] - Delayed 2 second(s)

2018-12-06 20:16:31 - [TEST_STEP][PASSED] - click: Object: 'Object Repository/Final Object Repo/Page_Form 1A - Cessation As Employer/Page_Form 1A - Cessation As Employer (Query -OTC -UO)/Next in Resigned Date Page' is clicked on

2018-12-06 20:16:33 - [MESSAGE][PASSED] - Object: 'Object Repository/Final Object Repo/Page_Form 1A - Cessation As Employer/Page_Form 1A - Cessation As Employer (Query -OTC -UO)/Next in Resigned Date Page' is clicked on

2018-12-06 20:16:33 - [TEST_STEP][PASSED] - delay: Delayed 2 second(s)

2018-12-06 20:16:35 - [MESSAGE][PASSED] - Delayed 2 second(s)

2018-12-06 20:16:35 - [TEST_STEP][PASSED] - click: Object: 'Object Repository/Final Object Repo/Page_Form 1A - Cessation As Employer/Page_Form 1A - Cessation As Employer (Query -OTC -UO)/Add Document' is clicked on

2018-12-06 20:16:36 - [MESSAGE][PASSED] - Object: 'Object Repository/Final Object Repo/Page_Form 1A - Cessation As Employer/Page_Form 1A - Cessation As Employer (Query -OTC -UO)/Add Document' is clicked on

2018-12-06 20:16:36 - [TEST_STEP][PASSED] - delay: Delayed 2 second(s)

2018-12-06 20:16:38 - [MESSAGE][PASSED] - Delayed 2 second(s)

2018-12-06 20:16:38 - [TEST_STEP][PASSED] - click: Object: 'Object Repository/Final Object Repo/Page_Form 1A - Cessation As Employer/Page_Form 1A - Cessation As Employer (Query -OTC -UO)/Document Type' is clicked on

2018-12-06 20:16:39 - [MESSAGE][PASSED] - Object: 'Object Repository/Final Object Repo/Page_Form 1A - Cessation As Employer/Page_Form 1A - Cessation As Employer (Query -OTC -UO)/Document Type' is clicked on

2018-12-06 20:16:39 - [TEST_STEP][PASSED] - click: Object: 'Object Repository/Final Object Repo/Page_Form 1A - Cessation As Employer/Page_Form 1A - Cessation As Employer (Query -OTC -UO)/Document Type - Others' is clicked on

2018-12-06 20:16:39 - [MESSAGE][PASSED] - Object: 'Object Repository/Final Object Repo/Page_Form 1A - Cessation As Employer/Page_Form 1A - Cessation As Employer (Query -OTC -UO)/Document Type - Others' is clicked on

2018-12-06 20:16:39 - [TEST_STEP][PASSED] - delay: Delayed 2 second(s)

2018-12-06 20:16:41 - [MESSAGE][PASSED] - Delayed 2 second(s)

2018-12-06 20:16:41 - [TEST_STEP][PASSED] - sendKeys: Keys 'C:\Users\Public\Pictures\Sample Pictures\Koala.jpg' sent to object: 'Object Repository/Final Object Repo/Page_Form 1A - Cessation As Employer/Uploading File'

2018-12-06 20:16:41 - [MESSAGE][PASSED] - Keys 'C:\Users\Public\Pictures\Sample Pictures\Koala.jpg' sent to object: 'Object Repository/Final Object Repo/Page_Form 1A - Cessation As Employer/Uploading File'

2018-12-06 20:16:41 - [TEST_STEP][PASSED] - delay: Delayed 2 second(s)

2018-12-06 20:16:43 - [MESSAGE][PASSED] - Delayed 2 second(s)

2018-12-06 20:16:43 - [TEST_STEP][PASSED] - click: Object: 'Object Repository/Final Object Repo/Page_Form 1A - Cessation As Employer/Page_Form 1A - Cessation As Employer (Query -OTC -UO)/Add Document in Uploading Page' is clicked on

2018-12-06 20:16:43 - [MESSAGE][PASSED] - Object: 'Object Repository/Final Object Repo/Page_Form 1A - Cessation As Employer/Page_Form 1A - Cessation As Employer (Query -OTC -UO)/Add Document in Uploading Page' is clicked on

2018-12-06 20:16:43 - [TEST_STEP][PASSED] - delay: Delayed 4 second(s)

2018-12-06 20:16:47 - [MESSAGE][PASSED] - Delayed 4 second(s)

2018-12-06 20:16:47 - [TEST_STEP][PASSED] - click: Object: 'Object Repository/Final Object Repo/Page_Form 1A - Cessation As Employer/Page_Form 1A - Cessation As Employer (Query -OTC -UO)/Exit' is clicked on

2018-12-06 20:16:48 - [MESSAGE][PASSED] - Object: 'Object Repository/Final Object Repo/Page_Form 1A - Cessation As Employer/Page_Form 1A - Cessation As Employer (Query -OTC -UO)/Exit' is clicked on

2018-12-06 20:16:48 - [TEST_STEP][PASSED] - delay: Delayed 1 second(s)

2018-12-06 20:16:49 - [MESSAGE][PASSED] - Delayed 1 second(s)

2018-12-06 20:16:49 - [TEST_STEP][PASSED] - navigateToUrl: Navigate to 'https://assist2-uat.perkeso.gov.my/c/portal/logout' successfully

2018-12-06 20:16:50 - [MESSAGE][PASSED] - Navigate to 'https://assist2-uat.perkeso.gov.my/c/portal/logout' successfully

2018-12-06 20:16:50 - [TEST_STEP][PASSED] - delay: Delayed 1 second(s)

2018-12-06 20:16:51 - [MESSAGE][PASSED] - Delayed 1 second(s)

2018-12-06 20:16:51 - [TEST_STEP][PASSED] - callTestCase: Call Test Case 'Test Cases/Final Aug 2018 - PKS Automation/Registration Module/Workflow/Login and Search Case For Workflow' successfully

2018-12-06 20:16:51 - [TEST_CASE][PASSED] - Test Cases/Final Aug 2018 - PKS Automation/Registration Module/Workflow/Login and Search Case For Workflow: Test Cases/Final Aug 2018 - PKS Automation/Registration Module/Workflow/Login and Search Case For Workflow

2018-12-06 20:16:51 - [TEST_STEP][PASSED] - navigateToUrl: Navigate to 'https://assist2-uat.perkeso.gov.my/login' successfully

2018-12-06 20:16:52 - [MESSAGE][PASSED] - Navigate to 'https://assist2-uat.perkeso.gov.my/login' successfully

2018-12-06 20:16:52 - [TEST_STEP][PASSED] - setText: Text 'johoruo2@gmail.com' is set on object 'Object Repository/Final Object Repo/Login Page/Internal User/Email Address'

2018-12-06 20:16:52 - [MESSAGE][PASSED] - Text 'johoruo2@gmail.com' is set on object 'Object Repository/Final Object Repo/Login Page/Internal User/Email Address'

2018-12-06 20:16:52 - [TEST_STEP][PASSED] - click: Object: 'Object Repository/Final Object Repo/Login Page/Internal User/Next Button' is clicked on

2018-12-06 20:16:52 - [MESSAGE][PASSED] - Object: 'Object Repository/Final Object Repo/Login Page/Internal User/Next Button' is clicked on

2018-12-06 20:16:52 - [TEST_STEP][PASSED] - delay: Delayed 1 second(s)

2018-12-06 20:16:53 - [MESSAGE][PASSED] - Delayed 1 second(s)

2018-12-06 20:16:53 - [TEST_STEP][PASSED] - setEncryptedText: Text ****** has been set on object 'Object Repository/Final Object Repo/Login Page/Internal User/Password'

2018-12-06 20:16:53 - [MESSAGE][PASSED] - Text ****** has been set on object 'Object Repository/Final Object Repo/Login Page/Internal User/Password'

2018-12-06 20:16:53 - [TEST_STEP][PASSED] - click: Object: 'Object Repository/Final Object Repo/Login Page/Internal User/Login Button' is clicked on

2018-12-06 20:16:53 - [MESSAGE][PASSED] - Object: 'Object Repository/Final Object Repo/Login Page/Internal User/Login Button' is clicked on

2018-12-06 20:16:53 - [TEST_STEP][PASSED] - delay: Delayed 2 second(s)

2018-12-06 20:16:55 - [MESSAGE][PASSED] - Delayed 2 second(s)

2018-12-06 20:16:55 - [TEST_STEP][PASSED] - Statement - Try: Delayed 2 second(s)

2018-12-06 20:16:55 - [TEST_STEP][PASSED] - Statement - Checker = false: null

2018-12-06 20:16:55 - [TEST_STEP][PASSED] - Statement - Checker = com.kms.katalon.core.webui.keyword.WebUiBuiltInKeywords.verifyElementHasAttribute(com.kms.katalon.core.testobject.ObjectRepository.findTestObject(Final Object Repo/Landing Page/BM Detecting), "href", 20, OPTIONAL): Object 'Object Repository/Final Object Repo/Landing Page/BM Detecting' has attribute 'href'

2018-12-06 20:16:55 - [MESSAGE][PASSED] - Object 'Object Repository/Final Object Repo/Landing Page/BM Detecting' has attribute 'href'

2018-12-06 20:16:55 - [TEST_STEP][PASSED] - Statement - out.println(Checker): null

2018-12-06 20:16:55 - [TEST_STEP][PASSED] - Statement - If (Checker == false): null

2018-12-06 20:16:55 - [TEST_STEP][PASSED] - Statement - Else: null

2018-12-06 20:16:55 - [TEST_STEP][PASSED] - delay: Delayed 2 second(s)

2018-12-06 20:16:57 - [MESSAGE][PASSED] - Delayed 2 second(s)

2018-12-06 20:16:57 - [TEST_STEP][PASSED] - click: Object: 'Object Repository/Final Object Repo/Page_MyASSIST - ASSIST - Search Pending Case For Add Supporting Document/Search Information' is clicked on

2018-12-06 20:16:58 - [MESSAGE][PASSED] - Object: 'Object Repository/Final Object Repo/Page_MyASSIST - ASSIST - Search Pending Case For Add Supporting Document/Search Information' is clicked on

2018-12-06 20:16:58 - [TEST_STEP][PASSED] - delay: Delayed 3 second(s)

2018-12-06 20:17:01 - [MESSAGE][PASSED] - Delayed 3 second(s)

2018-12-06 20:17:01 - [TEST_STEP][PASSED] - sendKeys: Keys 'CUN122018C200001699' sent to object: 'Object Repository/Final Object Repo/Page_MyASSIST - ASSIST - Search Pending Case For Add Supporting Document/Reference No'

2018-12-06 20:17:01 - [MESSAGE][PASSED] - Keys 'CUN122018C200001699' sent to object: 'Object Repository/Final Object Repo/Page_MyASSIST - ASSIST - Search Pending Case For Add Supporting Document/Reference No'

2018-12-06 20:17:01 - [TEST_STEP][PASSED] - click: Object: 'Object Repository/Final Object Repo/Page_MyASSIST - ASSIST - Search Pending Case For Add Supporting Document/Search Reference No' is clicked on

2018-12-06 20:17:01 - [MESSAGE][PASSED] - Object: 'Object Repository/Final Object Repo/Page_MyASSIST - ASSIST - Search Pending Case For Add Supporting Document/Search Reference No' is clicked on

2018-12-06 20:17:01 - [TEST_STEP][PASSED] - delay: Delayed 2 second(s)

2018-12-06 20:17:03 - [MESSAGE][PASSED] - Delayed 2 second(s)

2018-12-06 20:17:03 - [TEST_STEP][PASSED] - click: Object: 'Object Repository/Final Object Repo/Page_MyASSIST - ASSIST - Search Pending Case For Add Supporting Document/Continue' is clicked on

2018-12-06 20:17:06 - [MESSAGE][PASSED] - Object: 'Object Repository/Final Object Repo/Page_MyASSIST - ASSIST - Search Pending Case For Add Supporting Document/Continue' is clicked on

2018-12-06 20:17:06 - [TEST_STEP][PASSED] - delay: Delayed 20 second(s)

2018-12-06 20:17:26 - [MESSAGE][PASSED] - Delayed 20 second(s)

2018-12-06 20:17:26 - [MESSAGE][PASSED] - Call Test Case 'Test Cases/Final Aug 2018 - PKS Automation/Registration Module/Workflow/Login and Search Case For Workflow' successfully

2018-12-06 20:17:26 - [TEST_STEP][PASSED] - click: Object: 'Object Repository/Final Object Repo/Page_Form 1A - Cessation As Employer/Page_Form 1A - Cessation As Employer (Approve)/Save  Continue in Form 1A Page' is clicked on

2018-12-06 20:17:26 - [MESSAGE][PASSED] - Object: 'Object Repository/Final Object Repo/Page_Form 1A - Cessation As Employer/Page_Form 1A - Cessation As Employer (Approve)/Save  Continue in Form 1A Page' is clicked on

2018-12-06 20:17:26 - [TEST_STEP][PASSED] - delay: Delayed 3 second(s)

2018-12-06 20:17:29 - [MESSAGE][PASSED] - Delayed 3 second(s)

2018-12-06 20:17:29 - [TEST_STEP][PASSED] - click: Object: 'Object Repository/Final Object Repo/Page_Form 1A - Cessation As Employer/Page_Form 1A - Cessation As Employer (Approve)/Save  Continue in Update Add Employee Resigned Date Page' is clicked on

2018-12-06 20:17:30 - [MESSAGE][PASSED] - Object: 'Object Repository/Final Object Repo/Page_Form 1A - Cessation As Employer/Page_Form 1A - Cessation As Employer (Approve)/Save  Continue in Update Add Employee Resigned Date Page' is clicked on

2018-12-06 20:17:30 - [TEST_STEP][PASSED] - delay: Delayed 3 second(s)

2018-12-06 20:17:33 - [MESSAGE][PASSED] - Delayed 3 second(s)

2018-12-06 20:17:33 - [TEST_STEP][PASSED] - click: Object: 'Object Repository/Final Object Repo/Page_Form 1A - Cessation As Employer/Page_Form 1A - Cessation As Employer (Approve)/Save  Contine in Uploading Document Page' is clicked on

2018-12-06 20:17:33 - [MESSAGE][PASSED] - Object: 'Object Repository/Final Object Repo/Page_Form 1A - Cessation As Employer/Page_Form 1A - Cessation As Employer (Approve)/Save  Contine in Uploading Document Page' is clicked on

2018-12-06 20:17:33 - [TEST_STEP][PASSED] - delay: Delayed 3 second(s)

2018-12-06 20:17:36 - [MESSAGE][PASSED] - Delayed 3 second(s)

2018-12-06 20:17:36 - [TEST_STEP][PASSED] - click: Object: 'Object Repository/Final Object Repo/Page_Form 1A - Cessation As Employer/Page_Form 1A - Cessation As Employer (Approve)/Approve' is clicked on

2018-12-06 20:17:38 - [MESSAGE][PASSED] - Object: 'Object Repository/Final Object Repo/Page_Form 1A - Cessation As Employer/Page_Form 1A - Cessation As Employer (Approve)/Approve' is clicked on

2018-12-06 20:17:38 - [TEST_STEP][PASSED] - delay: Delayed 2 second(s)

2018-12-06 20:17:40 - [MESSAGE][PASSED] - Delayed 2 second(s)

2018-12-06 20:17:40 - [TEST_STEP][PASSED] - click: Object: 'Object Repository/Final Object Repo/Page_Form 1A - Cessation As Employer/Confirm' is clicked on

2018-12-06 20:17:40 - [MESSAGE][PASSED] - Object: 'Object Repository/Final Object Repo/Page_Form 1A - Cessation As Employer/Confirm' is clicked on

2018-12-06 20:17:40 - [TEST_STEP][PASSED] - delay: Delayed 2 second(s)

2018-12-06 20:17:42 - [MESSAGE][PASSED] - Delayed 2 second(s)

2018-12-06 20:17:42 - [TEST_STEP][PASSED] - click: Object: 'Object Repository/Final Object Repo/Page_Form 1A - Cessation As Employer/Page_Form 1A - Cessation As Employer (Approve)/Message Your Request    Form 1A ' is clicked on

2018-12-06 20:17:50 - [MESSAGE][PASSED] - Object: 'Object Repository/Final Object Repo/Page_Form 1A - Cessation As Employer/Page_Form 1A - Cessation As Employer (Approve)/Message Your Request    Form 1A ' is clicked on

2018-12-06 20:17:50 - [TEST_STEP][PASSED] - delay: Delayed 2 second(s)

2018-12-06 20:17:52 - [MESSAGE][PASSED] - Delayed 2 second(s)

2018-12-06 20:17:52 - [TEST_STEP][PASSED] - click: Object: 'Object Repository/Final Object Repo/Page_Form 1A - Cessation As Employer/Page_Form 1A - Cessation As Employer (Approve)/Letter of successful update' is clicked on

2018-12-06 20:17:53 - [MESSAGE][PASSED] - Object: 'Object Repository/Final Object Repo/Page_Form 1A - Cessation As Employer/Page_Form 1A - Cessation As Employer (Approve)/Letter of successful update' is clicked on

2018-12-06 20:17:53 - [MESSAGE][PASSED] - Call Test Case 'Test Cases/Final Aug 2018 - PKS Automation/Registration Module/Workflow/Form 1A - Cessation As Employer/Template/Form 1 A - Cessation As Employer (Query)' successfully]]></system-out>
         <system-err><![CDATA[]]></system-err>
      </testcase>
      <testcase name="Test Cases/Final Aug 2018 - PKS Automation/Registration Module/Workflow/Form 1A - Cessation As Employer/OTC to UO (Reject)" classname="Test Cases/Final Aug 2018 - PKS Automation/Registration Module/Workflow/Form 1A - Cessation As Employer/OTC to UO (Reject)" status="PASSED">
         <system-out><![CDATA[2018-12-06 20:17:53 - [TEST_CASE][PASSED] - Test Cases/Final Aug 2018 - PKS Automation/Registration Module/Workflow/Form 1A - Cessation As Employer/OTC to UO (Reject): Test Cases/Final Aug 2018 - PKS Automation/Registration Module/Workflow/Form 1A - Cessation As Employer/OTC to UO (Reject)

2018-12-06 20:17:54 - [TEST_STEP][PASSED] - callTestCase: Call Test Case 'Test Cases/Final Aug 2018 - PKS Automation/Registration Module/Workflow/Form 1A - Cessation As Employer/Template/Form 1 A - Cessation As Employer (OTC)' successfully

2018-12-06 20:17:54 - [TEST_CASE][PASSED] - Test Cases/Final Aug 2018 - PKS Automation/Registration Module/Workflow/Form 1A - Cessation As Employer/Template/Form 1 A - Cessation As Employer (OTC): Test Cases/Final Aug 2018 - PKS Automation/Registration Module/Workflow/Form 1A - Cessation As Employer/Template/Form 1 A - Cessation As Employer (OTC)

2018-12-06 20:17:54 - [TEST_STEP][PASSED] - openBrowser: Browser is opened with url: ''

2018-12-06 20:17:54 - [MESSAGE][WARNING] - A browser is already opened. Closing browser and opening a new one

2018-12-06 20:17:58 - [MESSAGE][PASSED] - Browser is opened with url: ''

2018-12-06 20:17:58 - [TEST_STEP][PASSED] - navigateToUrl: Navigate to 'https://assist2-uat.perkeso.gov.my/login' successfully

2018-12-06 20:17:59 - [MESSAGE][PASSED] - Navigate to 'https://assist2-uat.perkeso.gov.my/login' successfully

2018-12-06 20:17:59 - [TEST_STEP][PASSED] - setText: Text 'johorotc1@gmail.com' is set on object 'Object Repository/Final Object Repo/Login Page/Internal User/Email Address'

2018-12-06 20:18:00 - [MESSAGE][PASSED] - Text 'johorotc1@gmail.com' is set on object 'Object Repository/Final Object Repo/Login Page/Internal User/Email Address'

2018-12-06 20:18:00 - [TEST_STEP][PASSED] - click: Object: 'Object Repository/Final Object Repo/Login Page/Internal User/Next Button' is clicked on

2018-12-06 20:18:00 - [MESSAGE][PASSED] - Object: 'Object Repository/Final Object Repo/Login Page/Internal User/Next Button' is clicked on

2018-12-06 20:18:00 - [TEST_STEP][PASSED] - delay: Delayed 1 second(s)

2018-12-06 20:18:01 - [MESSAGE][PASSED] - Delayed 1 second(s)

2018-12-06 20:18:01 - [TEST_STEP][PASSED] - setEncryptedText: Text ****** has been set on object 'Object Repository/Final Object Repo/Login Page/Internal User/Password'

2018-12-06 20:18:01 - [MESSAGE][PASSED] - Text ****** has been set on object 'Object Repository/Final Object Repo/Login Page/Internal User/Password'

2018-12-06 20:18:01 - [TEST_STEP][PASSED] - click: Object: 'Object Repository/Final Object Repo/Login Page/Internal User/Login Button' is clicked on

2018-12-06 20:18:01 - [MESSAGE][PASSED] - Object: 'Object Repository/Final Object Repo/Login Page/Internal User/Login Button' is clicked on

2018-12-06 20:18:01 - [TEST_STEP][PASSED] - delay: Delayed 1 second(s)

2018-12-06 20:18:02 - [MESSAGE][PASSED] - Delayed 1 second(s)

2018-12-06 20:18:02 - [TEST_STEP][PASSED] - Statement - Try: Delayed 2 second(s)

2018-12-06 20:18:02 - [TEST_STEP][PASSED] - Statement - Checker = false: null

2018-12-06 20:18:02 - [TEST_STEP][PASSED] - Statement - Checker = com.kms.katalon.core.webui.keyword.WebUiBuiltInKeywords.verifyElementHasAttribute(com.kms.katalon.core.testobject.ObjectRepository.findTestObject(Final Object Repo/Landing Page/BM Detecting), "href", 20, OPTIONAL): Object 'Object Repository/Final Object Repo/Landing Page/BM Detecting' has attribute 'href'

2018-12-06 20:18:03 - [MESSAGE][PASSED] - Object 'Object Repository/Final Object Repo/Landing Page/BM Detecting' has attribute 'href'

2018-12-06 20:18:03 - [TEST_STEP][PASSED] - Statement - out.println(Checker): null

2018-12-06 20:18:03 - [TEST_STEP][PASSED] - Statement - If (Checker == false): null

2018-12-06 20:18:03 - [TEST_STEP][PASSED] - Statement - Else: null

2018-12-06 20:18:03 - [TEST_STEP][PASSED] - delay: Delayed 2 second(s)

2018-12-06 20:18:05 - [MESSAGE][PASSED] - Delayed 2 second(s)

2018-12-06 20:18:05 - [TEST_STEP][PASSED] - navigateToUrl: Navigate to 'https://assist2-uat.perkeso.gov.my/web/registration/update/form-1a-cessation-as-employer-discontinue-business-' successfully

2018-12-06 20:18:06 - [MESSAGE][PASSED] - Navigate to 'https://assist2-uat.perkeso.gov.my/web/registration/update/form-1a-cessation-as-employer-discontinue-business-' successfully

2018-12-06 20:18:06 - [TEST_STEP][PASSED] - setText: Text 'E1102069770Z' is set on object 'Object Repository/Final Object Repo/Page_Update Employer Information/Employer Code'

2018-12-06 20:18:06 - [MESSAGE][PASSED] - Text 'E1102069770Z' is set on object 'Object Repository/Final Object Repo/Page_Update Employer Information/Employer Code'

2018-12-06 20:18:06 - [TEST_STEP][PASSED] - click: Object: 'Object Repository/Final Object Repo/Page_Update Employer Information/Search Button' is clicked on

2018-12-06 20:18:06 - [MESSAGE][PASSED] - Object: 'Object Repository/Final Object Repo/Page_Update Employer Information/Search Button' is clicked on

2018-12-06 20:18:06 - [TEST_STEP][PASSED] - click: Object: 'Object Repository/Final Object Repo/Page_Update Employer Information/Edit Button' is clicked on

2018-12-06 20:18:09 - [MESSAGE][PASSED] - Object: 'Object Repository/Final Object Repo/Page_Update Employer Information/Edit Button' is clicked on

2018-12-06 20:18:09 - [TEST_STEP][PASSED] - Statement - abc = com.kms.katalon.core.webui.keyword.WebUiBuiltInKeywords.getAttribute(com.kms.katalon.core.testobject.ObjectRepository.findTestObject(Final Object Repo/Page_Form 1A - Cessation As Employer/Employer Status), "value"): Attribute 'value' of object 'Object Repository/Final Object Repo/Page_Form 1A - Cessation As Employer/Employer Status' is: 'Dormant'

2018-12-06 20:18:09 - [MESSAGE][PASSED] - Attribute 'value' of object 'Object Repository/Final Object Repo/Page_Form 1A - Cessation As Employer/Employer Status' is: 'Dormant'

2018-12-06 20:18:09 - [TEST_STEP][PASSED] - Statement - out.println(abc): null

2018-12-06 20:18:09 - [TEST_STEP][PASSED] - Statement - If (abc == "Active"): null

2018-12-06 20:18:09 - [TEST_STEP][PASSED] - Statement - Else If (abc == "Cancel"): null

2018-12-06 20:18:09 - [TEST_STEP][PASSED] - Statement - Else If (abc == "Dormant"): Object: 'Object Repository/Final Object Repo/Page_Form 1A - Cessation As Employer/Change Employer Status to - Dormant' is clicked on

2018-12-06 20:18:09 - [TEST_STEP][PASSED] - click: Object: 'Object Repository/Final Object Repo/Page_Form 1A - Cessation As Employer/Change Employer Status to' is clicked on

2018-12-06 20:18:09 - [MESSAGE][PASSED] - Object: 'Object Repository/Final Object Repo/Page_Form 1A - Cessation As Employer/Change Employer Status to' is clicked on

2018-12-06 20:18:09 - [TEST_STEP][PASSED] - click: Object: 'Object Repository/Final Object Repo/Page_Form 1A - Cessation As Employer/Change Employer Status to - Dormant' is clicked on

2018-12-06 20:18:09 - [MESSAGE][PASSED] - Object: 'Object Repository/Final Object Repo/Page_Form 1A - Cessation As Employer/Change Employer Status to - Dormant' is clicked on

2018-12-06 20:18:09 - [TEST_STEP][PASSED] - click: Object: 'Object Repository/Final Object Repo/Page_Form 1A - Cessation As Employer/Calender' is clicked on

2018-12-06 20:18:09 - [MESSAGE][PASSED] - Object: 'Object Repository/Final Object Repo/Page_Form 1A - Cessation As Employer/Calender' is clicked on

2018-12-06 20:18:09 - [TEST_STEP][PASSED] - click: Object: 'Object Repository/Final Object Repo/Page_Form 1A - Cessation As Employer/Calender - Date' is clicked on

2018-12-06 20:18:09 - [MESSAGE][PASSED] - Object: 'Object Repository/Final Object Repo/Page_Form 1A - Cessation As Employer/Calender - Date' is clicked on

2018-12-06 20:18:09 - [TEST_STEP][PASSED] - delay: Delayed 2 second(s)

2018-12-06 20:18:11 - [MESSAGE][PASSED] - Delayed 2 second(s)

2018-12-06 20:18:11 - [TEST_STEP][PASSED] - click: Object: 'Object Repository/Final Object Repo/Page_Form 1A - Cessation As Employer/Save  Continue in Form 1A Page' is clicked on

2018-12-06 20:18:12 - [MESSAGE][PASSED] - Object: 'Object Repository/Final Object Repo/Page_Form 1A - Cessation As Employer/Save  Continue in Form 1A Page' is clicked on

2018-12-06 20:18:12 - [TEST_STEP][PASSED] - delay: Delayed 2 second(s)

2018-12-06 20:18:14 - [MESSAGE][PASSED] - Delayed 2 second(s)

2018-12-06 20:18:14 - [TEST_STEP][PASSED] - click: Object: 'Object Repository/Final Object Repo/Page_Form 1A - Cessation As Employer/Employment Resign Date' is clicked on

2018-12-06 20:18:14 - [MESSAGE][PASSED] - Object: 'Object Repository/Final Object Repo/Page_Form 1A - Cessation As Employer/Employment Resign Date' is clicked on

2018-12-06 20:18:14 - [TEST_STEP][PASSED] - delay: Delayed 1 second(s)

2018-12-06 20:18:15 - [MESSAGE][PASSED] - Delayed 1 second(s)

2018-12-06 20:18:15 - [TEST_STEP][PASSED] - Statement - CaseReferenceNo = com.kms.katalon.core.webui.keyword.WebUiBuiltInKeywords.getText(com.kms.katalon.core.testobject.ObjectRepository.findTestObject(Final Object Repo/Page_Update Employer Information/Reference Number in Update Employee Information Page)): Text of object 'Object Repository/Final Object Repo/Page_Update Employer Information/Reference Number in Update Employee Information Page' is: 'CUN122018C200001700'

2018-12-06 20:18:15 - [MESSAGE][PASSED] - Text of object 'Object Repository/Final Object Repo/Page_Update Employer Information/Reference Number in Update Employee Information Page' is: 'CUN122018C200001700'

2018-12-06 20:18:15 - [TEST_STEP][PASSED] - callTestCase: Call Test Case 'Test Cases/Final Aug 2018 - PKS Automation/Common/Reference Number Setter' successfully

2018-12-06 20:18:15 - [TEST_CASE][PASSED] - Test Cases/Final Aug 2018 - PKS Automation/Common/Reference Number Setter: Test Cases/Final Aug 2018 - PKS Automation/Common/Reference Number Setter

2018-12-06 20:18:15 - [TEST_STEP][PASSED] - Statement - RefNoOldFile = new java.io.File(C://Users//Admin//Desktop//PKS//Automation Reference Point//KatalonReference.txt): null

2018-12-06 20:18:15 - [TEST_STEP][PASSED] - Statement - RefNoOldFile.delete(): null

2018-12-06 20:18:15 - [TEST_STEP][PASSED] - delay: Delayed 5 second(s)

2018-12-06 20:18:20 - [MESSAGE][PASSED] - Delayed 5 second(s)

2018-12-06 20:18:20 - [TEST_STEP][PASSED] - Statement - RefNo = new java.io.File(C://Users//Admin//Desktop//PKS//Automation Reference Point//KatalonReference.txt): null

2018-12-06 20:18:20 - [TEST_STEP][PASSED] - Statement - f2 = new java.io.FileWriter(RefNo, false): null

2018-12-06 20:18:20 - [TEST_STEP][PASSED] - Statement - f2.write(CaseReferenceNo): null

2018-12-06 20:18:20 - [TEST_STEP][PASSED] - Statement - f2.close(): null

2018-12-06 20:18:20 - [TEST_STEP][PASSED] - Statement - out.println("


" + CaseReferenceNo + "


"): null

2018-12-06 20:18:20 - [MESSAGE][PASSED] - Call Test Case 'Test Cases/Final Aug 2018 - PKS Automation/Common/Reference Number Setter' successfully

2018-12-06 20:18:20 - [TEST_STEP][PASSED] - selectOptionByValue: All options with value '2030' are selected in object 'Object Repository/Final Object Repo/Page_Form 1A - Cessation As Employer/Employment Resign Date - Year' 

2018-12-06 20:18:20 - [MESSAGE][PASSED] - All options with value '2030' are selected in object 'Object Repository/Final Object Repo/Page_Form 1A - Cessation As Employer/Employment Resign Date - Year' 

2018-12-06 20:18:20 - [TEST_STEP][PASSED] - delay: Delayed 1 second(s)

2018-12-06 20:18:21 - [MESSAGE][PASSED] - Delayed 1 second(s)

2018-12-06 20:18:21 - [TEST_STEP][PASSED] - click: Object: 'Object Repository/Final Object Repo/Page_Form 1A - Cessation As Employer/Employment Resign Date - Year - Date' is clicked on

2018-12-06 20:18:21 - [MESSAGE][PASSED] - Object: 'Object Repository/Final Object Repo/Page_Form 1A - Cessation As Employer/Employment Resign Date - Year - Date' is clicked on

2018-12-06 20:18:21 - [TEST_STEP][PASSED] - delay: Delayed 2 second(s)

2018-12-06 20:18:23 - [MESSAGE][PASSED] - Delayed 2 second(s)

2018-12-06 20:18:23 - [TEST_STEP][PASSED] - click: Object: 'Object Repository/Final Object Repo/Page_Form 1A - Cessation As Employer/Save  Continue in Update Add Employee Resigned Date Page' is clicked on

2018-12-06 20:18:24 - [MESSAGE][PASSED] - Object: 'Object Repository/Final Object Repo/Page_Form 1A - Cessation As Employer/Save  Continue in Update Add Employee Resigned Date Page' is clicked on

2018-12-06 20:18:24 - [TEST_STEP][PASSED] - delay: Delayed 2 second(s)

2018-12-06 20:18:26 - [MESSAGE][PASSED] - Delayed 2 second(s)

2018-12-06 20:18:26 - [TEST_STEP][PASSED] - click: Object: 'Object Repository/Final Object Repo/Page_Form 1A - Cessation As Employer/Set Latest - Yes' is clicked on

2018-12-06 20:18:26 - [MESSAGE][PASSED] - Object: 'Object Repository/Final Object Repo/Page_Form 1A - Cessation As Employer/Set Latest - Yes' is clicked on

2018-12-06 20:18:26 - [TEST_STEP][PASSED] - delay: Delayed 2 second(s)

2018-12-06 20:18:28 - [MESSAGE][PASSED] - Delayed 2 second(s)

2018-12-06 20:18:28 - [TEST_STEP][PASSED] - click: Object: 'Object Repository/Final Object Repo/Page_Form 1A - Cessation As Employer/Add Document' is clicked on

2018-12-06 20:18:29 - [MESSAGE][PASSED] - Object: 'Object Repository/Final Object Repo/Page_Form 1A - Cessation As Employer/Add Document' is clicked on

2018-12-06 20:18:29 - [TEST_STEP][PASSED] - delay: Delayed 2 second(s)

2018-12-06 20:18:31 - [MESSAGE][PASSED] - Delayed 2 second(s)

2018-12-06 20:18:31 - [TEST_STEP][PASSED] - click: Object: 'Object Repository/Final Object Repo/Page_Form 1A - Cessation As Employer/Document Type' is clicked on

2018-12-06 20:18:32 - [MESSAGE][PASSED] - Object: 'Object Repository/Final Object Repo/Page_Form 1A - Cessation As Employer/Document Type' is clicked on

2018-12-06 20:18:32 - [TEST_STEP][PASSED] - delay: Delayed 2 second(s)

2018-12-06 20:18:34 - [MESSAGE][PASSED] - Delayed 2 second(s)

2018-12-06 20:18:34 - [TEST_STEP][PASSED] - click: Object: 'Object Repository/Final Object Repo/Page_Form 1A - Cessation As Employer/Document Type - Supporting Document For Cessation' is clicked on

2018-12-06 20:18:34 - [MESSAGE][PASSED] - Object: 'Object Repository/Final Object Repo/Page_Form 1A - Cessation As Employer/Document Type - Supporting Document For Cessation' is clicked on

2018-12-06 20:18:34 - [TEST_STEP][PASSED] - delay: Delayed 2 second(s)

2018-12-06 20:18:36 - [MESSAGE][PASSED] - Delayed 2 second(s)

2018-12-06 20:18:36 - [TEST_STEP][PASSED] - sendKeys: Keys 'C:\Users\Public\Pictures\Sample Pictures\Koala.jpg' sent to object: 'Object Repository/Final Object Repo/Page_Form 1A - Cessation As Employer/Uploading File'

2018-12-06 20:18:37 - [MESSAGE][PASSED] - Keys 'C:\Users\Public\Pictures\Sample Pictures\Koala.jpg' sent to object: 'Object Repository/Final Object Repo/Page_Form 1A - Cessation As Employer/Uploading File'

2018-12-06 20:18:37 - [TEST_STEP][PASSED] - delay: Delayed 2 second(s)

2018-12-06 20:18:39 - [MESSAGE][PASSED] - Delayed 2 second(s)

2018-12-06 20:18:39 - [TEST_STEP][PASSED] - click: Object: 'Object Repository/Final Object Repo/Page_Form 1A - Cessation As Employer/Add Document in Uploading Page' is clicked on

2018-12-06 20:18:39 - [MESSAGE][PASSED] - Object: 'Object Repository/Final Object Repo/Page_Form 1A - Cessation As Employer/Add Document in Uploading Page' is clicked on

2018-12-06 20:18:39 - [TEST_STEP][PASSED] - delay: Delayed 20 second(s)

2018-12-06 20:18:59 - [MESSAGE][PASSED] - Delayed 20 second(s)

2018-12-06 20:18:59 - [TEST_STEP][PASSED] - click: Object: 'Object Repository/Final Object Repo/Page_Form 1A - Cessation As Employer/Save  Continue in Uploading Page' is clicked on

2018-12-06 20:18:59 - [MESSAGE][PASSED] - Object: 'Object Repository/Final Object Repo/Page_Form 1A - Cessation As Employer/Save  Continue in Uploading Page' is clicked on

2018-12-06 20:18:59 - [TEST_STEP][PASSED] - delay: Delayed 2 second(s)

2018-12-06 20:19:01 - [MESSAGE][PASSED] - Delayed 2 second(s)

2018-12-06 20:19:01 - [TEST_STEP][PASSED] - click: Object: 'Object Repository/Final Object Repo/Page_Form 1A - Cessation As Employer/Submit2' is clicked on

2018-12-06 20:19:04 - [MESSAGE][PASSED] - Object: 'Object Repository/Final Object Repo/Page_Form 1A - Cessation As Employer/Submit2' is clicked on

2018-12-06 20:19:04 - [TEST_STEP][PASSED] - delay: Delayed 2 second(s)

2018-12-06 20:19:06 - [MESSAGE][PASSED] - Delayed 2 second(s)

2018-12-06 20:19:06 - [TEST_STEP][PASSED] - click: Object: 'Object Repository/Final Object Repo/Page_Form 1A - Cessation As Employer/Confirm' is clicked on

2018-12-06 20:19:06 - [MESSAGE][PASSED] - Object: 'Object Repository/Final Object Repo/Page_Form 1A - Cessation As Employer/Confirm' is clicked on

2018-12-06 20:19:06 - [TEST_STEP][PASSED] - delay: Delayed 2 second(s)

2018-12-06 20:19:08 - [MESSAGE][PASSED] - Delayed 2 second(s)

2018-12-06 20:19:08 - [TEST_STEP][PASSED] - verifyElementVisible: Object 'Object Repository/Final Object Repo/Page_Form 1A - Cessation As Employer/Message Your Request will be routed to UO' is visible

2018-12-06 20:19:12 - [MESSAGE][PASSED] - Object 'Object Repository/Final Object Repo/Page_Form 1A - Cessation As Employer/Message Your Request will be routed to UO' is visible

2018-12-06 20:19:12 - [TEST_STEP][PASSED] - delay: Delayed 1 second(s)

2018-12-06 20:19:13 - [MESSAGE][PASSED] - Delayed 1 second(s)

2018-12-06 20:19:13 - [TEST_STEP][PASSED] - verifyElementVisible: Object 'Object Repository/Final Object Repo/Page_Form 1A - Cessation As Employer/Letter of acknowledgement' is visible

2018-12-06 20:19:13 - [MESSAGE][PASSED] - Object 'Object Repository/Final Object Repo/Page_Form 1A - Cessation As Employer/Letter of acknowledgement' is visible

2018-12-06 20:19:13 - [MESSAGE][PASSED] - Call Test Case 'Test Cases/Final Aug 2018 - PKS Automation/Registration Module/Workflow/Form 1A - Cessation As Employer/Template/Form 1 A - Cessation As Employer (OTC)' successfully

2018-12-06 20:19:13 - [TEST_STEP][PASSED] - callTestCase: Call Test Case 'Test Cases/Final Aug 2018 - PKS Automation/Registration Module/Workflow/Form 1A - Cessation As Employer/Template/Form 1 A - Cessation As Employer (Reject)' successfully

2018-12-06 20:19:13 - [TEST_CASE][PASSED] - Test Cases/Final Aug 2018 - PKS Automation/Registration Module/Workflow/Form 1A - Cessation As Employer/Template/Form 1 A - Cessation As Employer (Reject): Test Cases/Final Aug 2018 - PKS Automation/Registration Module/Workflow/Form 1A - Cessation As Employer/Template/Form 1 A - Cessation As Employer (Reject)

2018-12-06 20:19:13 - [TEST_STEP][PASSED] - callTestCase: Call Test Case 'Test Cases/Final Aug 2018 - PKS Automation/Registration Module/Workflow/Form 1A - Cessation As Employer/Template/Form 1 A - Cessation As Employer (OTC)' successfully

2018-12-06 20:19:13 - [TEST_CASE][PASSED] - Test Cases/Final Aug 2018 - PKS Automation/Registration Module/Workflow/Form 1A - Cessation As Employer/Template/Form 1 A - Cessation As Employer (OTC): Test Cases/Final Aug 2018 - PKS Automation/Registration Module/Workflow/Form 1A - Cessation As Employer/Template/Form 1 A - Cessation As Employer (OTC)

2018-12-06 20:19:13 - [TEST_STEP][PASSED] - openBrowser: Browser is opened with url: ''

2018-12-06 20:19:13 - [MESSAGE][WARNING] - A browser is already opened. Closing browser and opening a new one

2018-12-06 20:19:17 - [MESSAGE][PASSED] - Browser is opened with url: ''

2018-12-06 20:19:17 - [TEST_STEP][PASSED] - navigateToUrl: Navigate to 'https://assist2-uat.perkeso.gov.my/login' successfully

2018-12-06 20:19:18 - [MESSAGE][PASSED] - Navigate to 'https://assist2-uat.perkeso.gov.my/login' successfully

2018-12-06 20:19:18 - [TEST_STEP][PASSED] - setText: Text 'johorotc1@gmail.com' is set on object 'Object Repository/Final Object Repo/Login Page/Internal User/Email Address'

2018-12-06 20:19:18 - [MESSAGE][PASSED] - Text 'johorotc1@gmail.com' is set on object 'Object Repository/Final Object Repo/Login Page/Internal User/Email Address'

2018-12-06 20:19:18 - [TEST_STEP][PASSED] - click: Object: 'Object Repository/Final Object Repo/Login Page/Internal User/Next Button' is clicked on

2018-12-06 20:19:18 - [MESSAGE][PASSED] - Object: 'Object Repository/Final Object Repo/Login Page/Internal User/Next Button' is clicked on

2018-12-06 20:19:18 - [TEST_STEP][PASSED] - delay: Delayed 1 second(s)

2018-12-06 20:19:19 - [MESSAGE][PASSED] - Delayed 1 second(s)

2018-12-06 20:19:19 - [TEST_STEP][PASSED] - setEncryptedText: Text ****** has been set on object 'Object Repository/Final Object Repo/Login Page/Internal User/Password'

2018-12-06 20:19:20 - [MESSAGE][PASSED] - Text ****** has been set on object 'Object Repository/Final Object Repo/Login Page/Internal User/Password'

2018-12-06 20:19:20 - [TEST_STEP][PASSED] - click: Object: 'Object Repository/Final Object Repo/Login Page/Internal User/Login Button' is clicked on

2018-12-06 20:19:20 - [MESSAGE][PASSED] - Object: 'Object Repository/Final Object Repo/Login Page/Internal User/Login Button' is clicked on

2018-12-06 20:19:20 - [TEST_STEP][PASSED] - delay: Delayed 1 second(s)

2018-12-06 20:19:21 - [MESSAGE][PASSED] - Delayed 1 second(s)

2018-12-06 20:19:21 - [TEST_STEP][PASSED] - Statement - Try: Delayed 2 second(s)

2018-12-06 20:19:21 - [TEST_STEP][PASSED] - Statement - Checker = false: null

2018-12-06 20:19:21 - [TEST_STEP][PASSED] - Statement - Checker = com.kms.katalon.core.webui.keyword.WebUiBuiltInKeywords.verifyElementHasAttribute(com.kms.katalon.core.testobject.ObjectRepository.findTestObject(Final Object Repo/Landing Page/BM Detecting), "href", 20, OPTIONAL): Object 'Object Repository/Final Object Repo/Landing Page/BM Detecting' has attribute 'href'

2018-12-06 20:19:22 - [MESSAGE][PASSED] - Object 'Object Repository/Final Object Repo/Landing Page/BM Detecting' has attribute 'href'

2018-12-06 20:19:22 - [TEST_STEP][PASSED] - Statement - out.println(Checker): null

2018-12-06 20:19:22 - [TEST_STEP][PASSED] - Statement - If (Checker == false): null

2018-12-06 20:19:22 - [TEST_STEP][PASSED] - Statement - Else: null

2018-12-06 20:19:22 - [TEST_STEP][PASSED] - delay: Delayed 2 second(s)

2018-12-06 20:19:24 - [MESSAGE][PASSED] - Delayed 2 second(s)

2018-12-06 20:19:24 - [TEST_STEP][PASSED] - navigateToUrl: Navigate to 'https://assist2-uat.perkeso.gov.my/web/registration/update/form-1a-cessation-as-employer-discontinue-business-' successfully

2018-12-06 20:19:24 - [MESSAGE][PASSED] - Navigate to 'https://assist2-uat.perkeso.gov.my/web/registration/update/form-1a-cessation-as-employer-discontinue-business-' successfully

2018-12-06 20:19:24 - [TEST_STEP][PASSED] - setText: Text 'E1102069770Z' is set on object 'Object Repository/Final Object Repo/Page_Update Employer Information/Employer Code'

2018-12-06 20:19:25 - [MESSAGE][PASSED] - Text 'E1102069770Z' is set on object 'Object Repository/Final Object Repo/Page_Update Employer Information/Employer Code'

2018-12-06 20:19:25 - [TEST_STEP][PASSED] - click: Object: 'Object Repository/Final Object Repo/Page_Update Employer Information/Search Button' is clicked on

2018-12-06 20:19:25 - [MESSAGE][PASSED] - Object: 'Object Repository/Final Object Repo/Page_Update Employer Information/Search Button' is clicked on

2018-12-06 20:19:25 - [TEST_STEP][PASSED] - click: Object: 'Object Repository/Final Object Repo/Page_Update Employer Information/Edit Button' is clicked on

2018-12-06 20:19:27 - [MESSAGE][PASSED] - Object: 'Object Repository/Final Object Repo/Page_Update Employer Information/Edit Button' is clicked on

2018-12-06 20:19:27 - [TEST_STEP][PASSED] - Statement - abc = com.kms.katalon.core.webui.keyword.WebUiBuiltInKeywords.getAttribute(com.kms.katalon.core.testobject.ObjectRepository.findTestObject(Final Object Repo/Page_Form 1A - Cessation As Employer/Employer Status), "value"): Attribute 'value' of object 'Object Repository/Final Object Repo/Page_Form 1A - Cessation As Employer/Employer Status' is: 'Dormant'

2018-12-06 20:19:27 - [MESSAGE][PASSED] - Attribute 'value' of object 'Object Repository/Final Object Repo/Page_Form 1A - Cessation As Employer/Employer Status' is: 'Dormant'

2018-12-06 20:19:27 - [TEST_STEP][PASSED] - Statement - out.println(abc): null

2018-12-06 20:19:27 - [TEST_STEP][PASSED] - Statement - If (abc == "Active"): null

2018-12-06 20:19:27 - [TEST_STEP][PASSED] - Statement - Else If (abc == "Cancel"): null

2018-12-06 20:19:27 - [TEST_STEP][PASSED] - Statement - Else If (abc == "Dormant"): Object: 'Object Repository/Final Object Repo/Page_Form 1A - Cessation As Employer/Change Employer Status to - Dormant' is clicked on

2018-12-06 20:19:27 - [TEST_STEP][PASSED] - click: Object: 'Object Repository/Final Object Repo/Page_Form 1A - Cessation As Employer/Change Employer Status to' is clicked on

2018-12-06 20:19:28 - [MESSAGE][PASSED] - Object: 'Object Repository/Final Object Repo/Page_Form 1A - Cessation As Employer/Change Employer Status to' is clicked on

2018-12-06 20:19:28 - [TEST_STEP][PASSED] - click: Object: 'Object Repository/Final Object Repo/Page_Form 1A - Cessation As Employer/Change Employer Status to - Dormant' is clicked on

2018-12-06 20:19:28 - [MESSAGE][PASSED] - Object: 'Object Repository/Final Object Repo/Page_Form 1A - Cessation As Employer/Change Employer Status to - Dormant' is clicked on

2018-12-06 20:19:28 - [TEST_STEP][PASSED] - click: Object: 'Object Repository/Final Object Repo/Page_Form 1A - Cessation As Employer/Calender' is clicked on

2018-12-06 20:19:28 - [MESSAGE][PASSED] - Object: 'Object Repository/Final Object Repo/Page_Form 1A - Cessation As Employer/Calender' is clicked on

2018-12-06 20:19:28 - [TEST_STEP][PASSED] - click: Object: 'Object Repository/Final Object Repo/Page_Form 1A - Cessation As Employer/Calender - Date' is clicked on

2018-12-06 20:19:28 - [MESSAGE][PASSED] - Object: 'Object Repository/Final Object Repo/Page_Form 1A - Cessation As Employer/Calender - Date' is clicked on

2018-12-06 20:19:28 - [TEST_STEP][PASSED] - delay: Delayed 2 second(s)

2018-12-06 20:19:30 - [MESSAGE][PASSED] - Delayed 2 second(s)

2018-12-06 20:19:30 - [TEST_STEP][PASSED] - click: Object: 'Object Repository/Final Object Repo/Page_Form 1A - Cessation As Employer/Save  Continue in Form 1A Page' is clicked on

2018-12-06 20:19:30 - [MESSAGE][PASSED] - Object: 'Object Repository/Final Object Repo/Page_Form 1A - Cessation As Employer/Save  Continue in Form 1A Page' is clicked on

2018-12-06 20:19:30 - [TEST_STEP][PASSED] - delay: Delayed 2 second(s)

2018-12-06 20:19:32 - [MESSAGE][PASSED] - Delayed 2 second(s)

2018-12-06 20:19:32 - [TEST_STEP][PASSED] - click: Object: 'Object Repository/Final Object Repo/Page_Form 1A - Cessation As Employer/Employment Resign Date' is clicked on

2018-12-06 20:19:33 - [MESSAGE][PASSED] - Object: 'Object Repository/Final Object Repo/Page_Form 1A - Cessation As Employer/Employment Resign Date' is clicked on

2018-12-06 20:19:33 - [TEST_STEP][PASSED] - delay: Delayed 1 second(s)

2018-12-06 20:19:34 - [MESSAGE][PASSED] - Delayed 1 second(s)

2018-12-06 20:19:34 - [TEST_STEP][PASSED] - Statement - CaseReferenceNo = com.kms.katalon.core.webui.keyword.WebUiBuiltInKeywords.getText(com.kms.katalon.core.testobject.ObjectRepository.findTestObject(Final Object Repo/Page_Update Employer Information/Reference Number in Update Employee Information Page)): Text of object 'Object Repository/Final Object Repo/Page_Update Employer Information/Reference Number in Update Employee Information Page' is: 'CUN122018C200001701'

2018-12-06 20:19:34 - [MESSAGE][PASSED] - Text of object 'Object Repository/Final Object Repo/Page_Update Employer Information/Reference Number in Update Employee Information Page' is: 'CUN122018C200001701'

2018-12-06 20:19:34 - [TEST_STEP][PASSED] - callTestCase: Call Test Case 'Test Cases/Final Aug 2018 - PKS Automation/Common/Reference Number Setter' successfully

2018-12-06 20:19:34 - [TEST_CASE][PASSED] - Test Cases/Final Aug 2018 - PKS Automation/Common/Reference Number Setter: Test Cases/Final Aug 2018 - PKS Automation/Common/Reference Number Setter

2018-12-06 20:19:34 - [TEST_STEP][PASSED] - Statement - RefNoOldFile = new java.io.File(C://Users//Admin//Desktop//PKS//Automation Reference Point//KatalonReference.txt): null

2018-12-06 20:19:34 - [TEST_STEP][PASSED] - Statement - RefNoOldFile.delete(): null

2018-12-06 20:19:34 - [TEST_STEP][PASSED] - delay: Delayed 5 second(s)

2018-12-06 20:19:39 - [MESSAGE][PASSED] - Delayed 5 second(s)

2018-12-06 20:19:39 - [TEST_STEP][PASSED] - Statement - RefNo = new java.io.File(C://Users//Admin//Desktop//PKS//Automation Reference Point//KatalonReference.txt): null

2018-12-06 20:19:39 - [TEST_STEP][PASSED] - Statement - f2 = new java.io.FileWriter(RefNo, false): null

2018-12-06 20:19:39 - [TEST_STEP][PASSED] - Statement - f2.write(CaseReferenceNo): null

2018-12-06 20:19:39 - [TEST_STEP][PASSED] - Statement - f2.close(): null

2018-12-06 20:19:39 - [TEST_STEP][PASSED] - Statement - out.println("


" + CaseReferenceNo + "


"): null

2018-12-06 20:19:39 - [MESSAGE][PASSED] - Call Test Case 'Test Cases/Final Aug 2018 - PKS Automation/Common/Reference Number Setter' successfully

2018-12-06 20:19:39 - [TEST_STEP][PASSED] - selectOptionByValue: All options with value '2030' are selected in object 'Object Repository/Final Object Repo/Page_Form 1A - Cessation As Employer/Employment Resign Date - Year' 

2018-12-06 20:19:39 - [MESSAGE][PASSED] - All options with value '2030' are selected in object 'Object Repository/Final Object Repo/Page_Form 1A - Cessation As Employer/Employment Resign Date - Year' 

2018-12-06 20:19:39 - [TEST_STEP][PASSED] - delay: Delayed 1 second(s)

2018-12-06 20:19:40 - [MESSAGE][PASSED] - Delayed 1 second(s)

2018-12-06 20:19:40 - [TEST_STEP][PASSED] - click: Object: 'Object Repository/Final Object Repo/Page_Form 1A - Cessation As Employer/Employment Resign Date - Year - Date' is clicked on

2018-12-06 20:19:40 - [MESSAGE][PASSED] - Object: 'Object Repository/Final Object Repo/Page_Form 1A - Cessation As Employer/Employment Resign Date - Year - Date' is clicked on

2018-12-06 20:19:40 - [TEST_STEP][PASSED] - delay: Delayed 2 second(s)

2018-12-06 20:19:42 - [MESSAGE][PASSED] - Delayed 2 second(s)

2018-12-06 20:19:42 - [TEST_STEP][PASSED] - click: Object: 'Object Repository/Final Object Repo/Page_Form 1A - Cessation As Employer/Save  Continue in Update Add Employee Resigned Date Page' is clicked on

2018-12-06 20:19:42 - [MESSAGE][PASSED] - Object: 'Object Repository/Final Object Repo/Page_Form 1A - Cessation As Employer/Save  Continue in Update Add Employee Resigned Date Page' is clicked on

2018-12-06 20:19:42 - [TEST_STEP][PASSED] - delay: Delayed 2 second(s)

2018-12-06 20:19:44 - [MESSAGE][PASSED] - Delayed 2 second(s)

2018-12-06 20:19:44 - [TEST_STEP][PASSED] - click: Object: 'Object Repository/Final Object Repo/Page_Form 1A - Cessation As Employer/Set Latest - Yes' is clicked on

2018-12-06 20:19:44 - [MESSAGE][PASSED] - Object: 'Object Repository/Final Object Repo/Page_Form 1A - Cessation As Employer/Set Latest - Yes' is clicked on

2018-12-06 20:19:44 - [TEST_STEP][PASSED] - delay: Delayed 2 second(s)

2018-12-06 20:19:46 - [MESSAGE][PASSED] - Delayed 2 second(s)

2018-12-06 20:19:46 - [TEST_STEP][PASSED] - click: Object: 'Object Repository/Final Object Repo/Page_Form 1A - Cessation As Employer/Add Document' is clicked on

2018-12-06 20:19:48 - [MESSAGE][PASSED] - Object: 'Object Repository/Final Object Repo/Page_Form 1A - Cessation As Employer/Add Document' is clicked on

2018-12-06 20:19:48 - [TEST_STEP][PASSED] - delay: Delayed 2 second(s)

2018-12-06 20:19:50 - [MESSAGE][PASSED] - Delayed 2 second(s)

2018-12-06 20:19:50 - [TEST_STEP][PASSED] - click: Object: 'Object Repository/Final Object Repo/Page_Form 1A - Cessation As Employer/Document Type' is clicked on

2018-12-06 20:19:51 - [MESSAGE][PASSED] - Object: 'Object Repository/Final Object Repo/Page_Form 1A - Cessation As Employer/Document Type' is clicked on

2018-12-06 20:19:51 - [TEST_STEP][PASSED] - delay: Delayed 2 second(s)

2018-12-06 20:19:53 - [MESSAGE][PASSED] - Delayed 2 second(s)

2018-12-06 20:19:53 - [TEST_STEP][PASSED] - click: Object: 'Object Repository/Final Object Repo/Page_Form 1A - Cessation As Employer/Document Type - Supporting Document For Cessation' is clicked on

2018-12-06 20:19:53 - [MESSAGE][PASSED] - Object: 'Object Repository/Final Object Repo/Page_Form 1A - Cessation As Employer/Document Type - Supporting Document For Cessation' is clicked on

2018-12-06 20:19:53 - [TEST_STEP][PASSED] - delay: Delayed 2 second(s)

2018-12-06 20:19:55 - [MESSAGE][PASSED] - Delayed 2 second(s)

2018-12-06 20:19:55 - [TEST_STEP][PASSED] - sendKeys: Keys 'C:\Users\Public\Pictures\Sample Pictures\Koala.jpg' sent to object: 'Object Repository/Final Object Repo/Page_Form 1A - Cessation As Employer/Uploading File'

2018-12-06 20:19:55 - [MESSAGE][PASSED] - Keys 'C:\Users\Public\Pictures\Sample Pictures\Koala.jpg' sent to object: 'Object Repository/Final Object Repo/Page_Form 1A - Cessation As Employer/Uploading File'

2018-12-06 20:19:55 - [TEST_STEP][PASSED] - delay: Delayed 2 second(s)

2018-12-06 20:19:57 - [MESSAGE][PASSED] - Delayed 2 second(s)

2018-12-06 20:19:57 - [TEST_STEP][PASSED] - click: Object: 'Object Repository/Final Object Repo/Page_Form 1A - Cessation As Employer/Add Document in Uploading Page' is clicked on

2018-12-06 20:19:57 - [MESSAGE][PASSED] - Object: 'Object Repository/Final Object Repo/Page_Form 1A - Cessation As Employer/Add Document in Uploading Page' is clicked on

2018-12-06 20:19:57 - [TEST_STEP][PASSED] - delay: Delayed 20 second(s)

2018-12-06 20:20:17 - [MESSAGE][PASSED] - Delayed 20 second(s)

2018-12-06 20:20:17 - [TEST_STEP][PASSED] - click: Object: 'Object Repository/Final Object Repo/Page_Form 1A - Cessation As Employer/Save  Continue in Uploading Page' is clicked on

2018-12-06 20:20:18 - [MESSAGE][PASSED] - Object: 'Object Repository/Final Object Repo/Page_Form 1A - Cessation As Employer/Save  Continue in Uploading Page' is clicked on

2018-12-06 20:20:18 - [TEST_STEP][PASSED] - delay: Delayed 2 second(s)

2018-12-06 20:20:20 - [MESSAGE][PASSED] - Delayed 2 second(s)

2018-12-06 20:20:20 - [TEST_STEP][PASSED] - click: Object: 'Object Repository/Final Object Repo/Page_Form 1A - Cessation As Employer/Submit2' is clicked on

2018-12-06 20:20:22 - [MESSAGE][PASSED] - Object: 'Object Repository/Final Object Repo/Page_Form 1A - Cessation As Employer/Submit2' is clicked on

2018-12-06 20:20:22 - [TEST_STEP][PASSED] - delay: Delayed 2 second(s)

2018-12-06 20:20:24 - [MESSAGE][PASSED] - Delayed 2 second(s)

2018-12-06 20:20:24 - [TEST_STEP][PASSED] - click: Object: 'Object Repository/Final Object Repo/Page_Form 1A - Cessation As Employer/Confirm' is clicked on

2018-12-06 20:20:25 - [MESSAGE][PASSED] - Object: 'Object Repository/Final Object Repo/Page_Form 1A - Cessation As Employer/Confirm' is clicked on

2018-12-06 20:20:25 - [TEST_STEP][PASSED] - delay: Delayed 2 second(s)

2018-12-06 20:20:27 - [MESSAGE][PASSED] - Delayed 2 second(s)

2018-12-06 20:20:27 - [TEST_STEP][PASSED] - verifyElementVisible: Object 'Object Repository/Final Object Repo/Page_Form 1A - Cessation As Employer/Message Your Request will be routed to UO' is visible

2018-12-06 20:20:30 - [MESSAGE][PASSED] - Object 'Object Repository/Final Object Repo/Page_Form 1A - Cessation As Employer/Message Your Request will be routed to UO' is visible

2018-12-06 20:20:30 - [TEST_STEP][PASSED] - delay: Delayed 1 second(s)

2018-12-06 20:20:31 - [MESSAGE][PASSED] - Delayed 1 second(s)

2018-12-06 20:20:31 - [TEST_STEP][PASSED] - verifyElementVisible: Object 'Object Repository/Final Object Repo/Page_Form 1A - Cessation As Employer/Letter of acknowledgement' is visible

2018-12-06 20:20:31 - [MESSAGE][PASSED] - Object 'Object Repository/Final Object Repo/Page_Form 1A - Cessation As Employer/Letter of acknowledgement' is visible

2018-12-06 20:20:31 - [MESSAGE][PASSED] - Call Test Case 'Test Cases/Final Aug 2018 - PKS Automation/Registration Module/Workflow/Form 1A - Cessation As Employer/Template/Form 1 A - Cessation As Employer (OTC)' successfully

2018-12-06 20:20:31 - [TEST_STEP][PASSED] - delay: Delayed 1 second(s)

2018-12-06 20:20:32 - [MESSAGE][PASSED] - Delayed 1 second(s)

2018-12-06 20:20:32 - [TEST_STEP][PASSED] - navigateToUrl: Navigate to 'https://assist2-uat.perkeso.gov.my/c/portal/logout' successfully

2018-12-06 20:20:33 - [MESSAGE][PASSED] - Navigate to 'https://assist2-uat.perkeso.gov.my/c/portal/logout' successfully

2018-12-06 20:20:33 - [TEST_STEP][PASSED] - delay: Delayed 1 second(s)

2018-12-06 20:20:34 - [MESSAGE][PASSED] - Delayed 1 second(s)

2018-12-06 20:20:34 - [TEST_STEP][PASSED] - callTestCase: Call Test Case 'Test Cases/Final Aug 2018 - PKS Automation/Common/Reference Number Getter' successfully

2018-12-06 20:20:34 - [TEST_CASE][PASSED] - Test Cases/Final Aug 2018 - PKS Automation/Common/Reference Number Getter: Test Cases/Final Aug 2018 - PKS Automation/Common/Reference Number Getter

2018-12-06 20:20:34 - [TEST_STEP][PASSED] - Statement - Try: null

2018-12-06 20:20:34 - [TEST_STEP][PASSED] - Statement - RefNo = new java.io.File(C://Users//Admin//Desktop//PKS//Automation Reference Point//KatalonReference.txt): null

2018-12-06 20:20:34 - [TEST_STEP][PASSED] - Statement - bufferread = new java.io.BufferedReader(new java.io.FileReader(RefNo)): null

2018-12-06 20:20:34 - [TEST_STEP][PASSED] - Statement - readedVal = bufferread.readLine(): null

2018-12-06 20:20:34 - [TEST_STEP][PASSED] - Statement - out.println(CaseReferenceNo): null

2018-12-06 20:20:34 - [TEST_STEP][PASSED] - Statement - out.println(readedVal): null

2018-12-06 20:20:34 - [TEST_STEP][PASSED] - Statement - CaseReferenceNo = "": null

2018-12-06 20:20:34 - [TEST_STEP][PASSED] - Statement - CaseReferenceNo = readedVal: null

2018-12-06 20:20:34 - [MESSAGE][PASSED] - Call Test Case 'Test Cases/Final Aug 2018 - PKS Automation/Common/Reference Number Getter' successfully

2018-12-06 20:20:34 - [TEST_STEP][PASSED] - callTestCase: Call Test Case 'Test Cases/Final Aug 2018 - PKS Automation/Common/Workflow Owner Finder' successfully

2018-12-06 20:20:34 - [TEST_CASE][PASSED] - Test Cases/Final Aug 2018 - PKS Automation/Common/Workflow Owner Finder: Test Cases/Final Aug 2018 - PKS Automation/Common/Workflow Owner Finder

2018-12-06 20:20:34 - [TEST_STEP][PASSED] - openBrowser: Browser is opened with url: ''

2018-12-06 20:20:34 - [MESSAGE][WARNING] - A browser is already opened. Closing browser and opening a new one

2018-12-06 20:20:38 - [MESSAGE][PASSED] - Browser is opened with url: ''

2018-12-06 20:20:38 - [TEST_STEP][PASSED] - navigateToUrl: Navigate to 'https://assist2-uat.perkeso.gov.my/login' successfully

2018-12-06 20:20:39 - [MESSAGE][PASSED] - Navigate to 'https://assist2-uat.perkeso.gov.my/login' successfully

2018-12-06 20:20:39 - [TEST_STEP][PASSED] - delay: Delayed 5 second(s)

2018-12-06 20:20:44 - [MESSAGE][PASSED] - Delayed 5 second(s)

2018-12-06 20:20:44 - [TEST_STEP][PASSED] - setText: Text 'test@liferay.com' is set on object 'Object Repository/Final Object Repo/Login Page/Internal User/Email Address'

2018-12-06 20:20:44 - [MESSAGE][PASSED] - Text 'test@liferay.com' is set on object 'Object Repository/Final Object Repo/Login Page/Internal User/Email Address'

2018-12-06 20:20:44 - [TEST_STEP][PASSED] - click: Object: 'Object Repository/Final Object Repo/Login Page/Internal User/Next Button' is clicked on

2018-12-06 20:20:44 - [MESSAGE][PASSED] - Object: 'Object Repository/Final Object Repo/Login Page/Internal User/Next Button' is clicked on

2018-12-06 20:20:44 - [TEST_STEP][PASSED] - delay: Delayed 2 second(s)

2018-12-06 20:20:46 - [MESSAGE][PASSED] - Delayed 2 second(s)

2018-12-06 20:20:46 - [TEST_STEP][PASSED] - setText: Text 'test' is set on object 'Object Repository/Final Object Repo/Login Page/Internal User/Password'

2018-12-06 20:20:47 - [MESSAGE][PASSED] - Text 'test' is set on object 'Object Repository/Final Object Repo/Login Page/Internal User/Password'

2018-12-06 20:20:47 - [TEST_STEP][PASSED] - delay: Delayed 2 second(s)

2018-12-06 20:20:49 - [MESSAGE][PASSED] - Delayed 2 second(s)

2018-12-06 20:20:49 - [TEST_STEP][PASSED] - click: Object: 'Object Repository/Final Object Repo/Login Page/Internal User/Login Button' is clicked on

2018-12-06 20:20:49 - [MESSAGE][PASSED] - Object: 'Object Repository/Final Object Repo/Login Page/Internal User/Login Button' is clicked on

2018-12-06 20:20:49 - [TEST_STEP][PASSED] - Statement - tester = com.kms.katalon.core.testobject.ObjectRepository.findTestObject(Final Object Repo/Landing Page/Select to English): Finding Test Object with id 'Object Repository/Final Object Repo/Landing Page/Select to English'

2018-12-06 20:20:49 - [TEST_STEP][PASSED] - Statement - Try: Delayed 2 second(s)

2018-12-06 20:20:49 - [TEST_STEP][PASSED] - Statement - Checker = com.kms.katalon.core.webui.keyword.WebUiBuiltInKeywords.verifyElementNotPresent(tester, 3): Web element with id: 'Object Repository/Final Object Repo/Landing Page/Select to English' located by 'By.xpath: //a[@class = 'taglib-language-list-text' and @lang = 'en-US' and (contains(text(), 'EN') or contains(., 'EN'))]' is not present after '3' second(s)

2018-12-06 20:20:51 - [MESSAGE][PASSED] - Web element with id: 'Object Repository/Final Object Repo/Landing Page/Select to English' located by 'By.xpath: //a[@class = 'taglib-language-list-text' and @lang = 'en-US' and (contains(text(), 'EN') or contains(., 'EN'))]' is not present after '3' second(s)

2018-12-06 20:20:51 - [TEST_STEP][PASSED] - Statement - If (Checker == false): null

2018-12-06 20:20:51 - [TEST_STEP][PASSED] - delay: Delayed 2 second(s)

2018-12-06 20:20:53 - [MESSAGE][PASSED] - Delayed 2 second(s)

2018-12-06 20:20:53 - [TEST_STEP][PASSED] - delay: Delayed 5 second(s)

2018-12-06 20:20:58 - [MESSAGE][PASSED] - Delayed 5 second(s)

2018-12-06 20:20:58 - [TEST_STEP][PASSED] - mouseOver: Object: 'Object Repository/Final Object Repo/Landing Page/WorkFlow Menu' is hovered

2018-12-06 20:20:58 - [MESSAGE][PASSED] - Object: 'Object Repository/Final Object Repo/Landing Page/WorkFlow Menu' is hovered

2018-12-06 20:20:58 - [TEST_STEP][PASSED] - delay: Delayed 2 second(s)

2018-12-06 20:21:00 - [MESSAGE][PASSED] - Delayed 2 second(s)

2018-12-06 20:21:00 - [TEST_STEP][PASSED] - click: Object: 'Object Repository/Final Object Repo/Landing Page/Select to Workflow Listing' is clicked on

2018-12-06 20:21:01 - [MESSAGE][PASSED] - Object: 'Object Repository/Final Object Repo/Landing Page/Select to Workflow Listing' is clicked on

2018-12-06 20:21:01 - [TEST_STEP][PASSED] - delay: Delayed 2 second(s)

2018-12-06 20:21:03 - [MESSAGE][PASSED] - Delayed 2 second(s)

2018-12-06 20:21:03 - [TEST_STEP][PASSED] - click: Object: 'Object Repository/Final Object Repo/WorkFlow Listing Page/Search Information - To Put Ref No' is clicked on

2018-12-06 20:21:03 - [MESSAGE][PASSED] - Object: 'Object Repository/Final Object Repo/WorkFlow Listing Page/Search Information - To Put Ref No' is clicked on

2018-12-06 20:21:03 - [TEST_STEP][PASSED] - delay: Delayed 2 second(s)

2018-12-06 20:21:05 - [MESSAGE][PASSED] - Delayed 2 second(s)

2018-12-06 20:21:05 - [TEST_STEP][PASSED] - callTestCase: Call Test Case 'Test Cases/Final Aug 2018 - PKS Automation/Common/Reference Number Getter' successfully

2018-12-06 20:21:05 - [TEST_CASE][PASSED] - Test Cases/Final Aug 2018 - PKS Automation/Common/Reference Number Getter: Test Cases/Final Aug 2018 - PKS Automation/Common/Reference Number Getter

2018-12-06 20:21:05 - [TEST_STEP][PASSED] - Statement - Try: null

2018-12-06 20:21:05 - [TEST_STEP][PASSED] - Statement - RefNo = new java.io.File(C://Users//Admin//Desktop//PKS//Automation Reference Point//KatalonReference.txt): null

2018-12-06 20:21:05 - [TEST_STEP][PASSED] - Statement - bufferread = new java.io.BufferedReader(new java.io.FileReader(RefNo)): null

2018-12-06 20:21:05 - [TEST_STEP][PASSED] - Statement - readedVal = bufferread.readLine(): null

2018-12-06 20:21:05 - [TEST_STEP][PASSED] - Statement - out.println(CaseReferenceNo): null

2018-12-06 20:21:05 - [TEST_STEP][PASSED] - Statement - out.println(readedVal): null

2018-12-06 20:21:05 - [TEST_STEP][PASSED] - Statement - CaseReferenceNo = "": null

2018-12-06 20:21:05 - [TEST_STEP][PASSED] - Statement - CaseReferenceNo = readedVal: null

2018-12-06 20:21:05 - [MESSAGE][PASSED] - Call Test Case 'Test Cases/Final Aug 2018 - PKS Automation/Common/Reference Number Getter' successfully

2018-12-06 20:21:05 - [TEST_STEP][PASSED] - setText: Text 'CUN122018C200001701' is set on object 'Object Repository/Final Object Repo/WorkFlow Listing Page/Ref No Set Text'

2018-12-06 20:21:06 - [MESSAGE][PASSED] - Text 'CUN122018C200001701' is set on object 'Object Repository/Final Object Repo/WorkFlow Listing Page/Ref No Set Text'

2018-12-06 20:21:06 - [TEST_STEP][PASSED] - delay: Delayed 2 second(s)

2018-12-06 20:21:08 - [MESSAGE][PASSED] - Delayed 2 second(s)

2018-12-06 20:21:08 - [TEST_STEP][PASSED] - click: Object: 'Object Repository/Final Object Repo/WorkFlow Listing Page/Search Ref No Search Button' is clicked on

2018-12-06 20:21:08 - [MESSAGE][PASSED] - Object: 'Object Repository/Final Object Repo/WorkFlow Listing Page/Search Ref No Search Button' is clicked on

2018-12-06 20:21:08 - [TEST_STEP][PASSED] - delay: Delayed 6 second(s)

2018-12-06 20:21:14 - [MESSAGE][PASSED] - Delayed 6 second(s)

2018-12-06 20:21:14 - [TEST_STEP][PASSED] - click: Object: 'Object Repository/Final Object Repo/WorkFlow Listing Page/Click Continue Tooltip' is clicked on

2018-12-06 20:21:15 - [MESSAGE][PASSED] - Object: 'Object Repository/Final Object Repo/WorkFlow Listing Page/Click Continue Tooltip' is clicked on

2018-12-06 20:21:15 - [TEST_STEP][PASSED] - delay: Delayed 5 second(s)

2018-12-06 20:21:20 - [MESSAGE][PASSED] - Delayed 5 second(s)

2018-12-06 20:21:20 - [TEST_STEP][PASSED] - doubleClick: Object: 'Object Repository/Final Object Repo/WorkFlow Listing Page/Workflow Found - Listing 1' is double clicked on

2018-12-06 20:21:20 - [MESSAGE][PASSED] - Object: 'Object Repository/Final Object Repo/WorkFlow Listing Page/Workflow Found - Listing 1' is double clicked on

2018-12-06 20:21:20 - [TEST_STEP][PASSED] - Statement - println(OwnerID): null

2018-12-06 20:21:20 - [TEST_STEP][PASSED] - Statement - OwnerID = com.kms.katalon.core.webui.keyword.WebUiBuiltInKeywords.getText(com.kms.katalon.core.testobject.ObjectRepository.findTestObject(Final Object Repo/WorkFlow Listing Page/Workflow Found - Listing 1), STOP_ON_FAILURE): Text of object 'Object Repository/Final Object Repo/WorkFlow Listing Page/Workflow Found - Listing 1' is: 'JOHORuo1'

2018-12-06 20:21:20 - [MESSAGE][PASSED] - Text of object 'Object Repository/Final Object Repo/WorkFlow Listing Page/Workflow Found - Listing 1' is: 'JOHORuo1'

2018-12-06 20:21:20 - [TEST_STEP][PASSED] - Statement - OwnerID = OwnerID.toLowerCase() + "@gmail.com": null

2018-12-06 20:21:20 - [TEST_STEP][PASSED] - Statement - println(OwnerID): null

2018-12-06 20:21:20 - [TEST_STEP][PASSED] - delay: Delayed 2 second(s)

2018-12-06 20:21:22 - [MESSAGE][PASSED] - Delayed 2 second(s)

2018-12-06 20:21:22 - [MESSAGE][PASSED] - Call Test Case 'Test Cases/Final Aug 2018 - PKS Automation/Common/Workflow Owner Finder' successfully

2018-12-06 20:21:22 - [TEST_STEP][PASSED] - delay: Delayed 1 second(s)

2018-12-06 20:21:23 - [MESSAGE][PASSED] - Delayed 1 second(s)

2018-12-06 20:21:23 - [TEST_STEP][PASSED] - navigateToUrl: Navigate to 'https://assist2-uat.perkeso.gov.my/c/portal/logout' successfully

2018-12-06 20:21:24 - [MESSAGE][PASSED] - Navigate to 'https://assist2-uat.perkeso.gov.my/c/portal/logout' successfully

2018-12-06 20:21:24 - [TEST_STEP][PASSED] - delay: Delayed 1 second(s)

2018-12-06 20:21:25 - [MESSAGE][PASSED] - Delayed 1 second(s)

2018-12-06 20:21:25 - [TEST_STEP][PASSED] - callTestCase: Call Test Case 'Test Cases/Final Aug 2018 - PKS Automation/Registration Module/Workflow/Login and Search Case For Workflow' successfully

2018-12-06 20:21:25 - [TEST_CASE][PASSED] - Test Cases/Final Aug 2018 - PKS Automation/Registration Module/Workflow/Login and Search Case For Workflow: Test Cases/Final Aug 2018 - PKS Automation/Registration Module/Workflow/Login and Search Case For Workflow

2018-12-06 20:21:25 - [TEST_STEP][PASSED] - navigateToUrl: Navigate to 'https://assist2-uat.perkeso.gov.my/login' successfully

2018-12-06 20:21:25 - [MESSAGE][PASSED] - Navigate to 'https://assist2-uat.perkeso.gov.my/login' successfully

2018-12-06 20:21:25 - [TEST_STEP][PASSED] - setText: Text 'johoruo1@gmail.com' is set on object 'Object Repository/Final Object Repo/Login Page/Internal User/Email Address'

2018-12-06 20:21:26 - [MESSAGE][PASSED] - Text 'johoruo1@gmail.com' is set on object 'Object Repository/Final Object Repo/Login Page/Internal User/Email Address'

2018-12-06 20:21:26 - [TEST_STEP][PASSED] - click: Object: 'Object Repository/Final Object Repo/Login Page/Internal User/Next Button' is clicked on

2018-12-06 20:21:26 - [MESSAGE][PASSED] - Object: 'Object Repository/Final Object Repo/Login Page/Internal User/Next Button' is clicked on

2018-12-06 20:21:26 - [TEST_STEP][PASSED] - delay: Delayed 1 second(s)

2018-12-06 20:21:27 - [MESSAGE][PASSED] - Delayed 1 second(s)

2018-12-06 20:21:27 - [TEST_STEP][PASSED] - setEncryptedText: Text ****** has been set on object 'Object Repository/Final Object Repo/Login Page/Internal User/Password'

2018-12-06 20:21:27 - [MESSAGE][PASSED] - Text ****** has been set on object 'Object Repository/Final Object Repo/Login Page/Internal User/Password'

2018-12-06 20:21:27 - [TEST_STEP][PASSED] - click: Object: 'Object Repository/Final Object Repo/Login Page/Internal User/Login Button' is clicked on

2018-12-06 20:21:27 - [MESSAGE][PASSED] - Object: 'Object Repository/Final Object Repo/Login Page/Internal User/Login Button' is clicked on

2018-12-06 20:21:27 - [TEST_STEP][PASSED] - delay: Delayed 2 second(s)

2018-12-06 20:21:29 - [MESSAGE][PASSED] - Delayed 2 second(s)

2018-12-06 20:21:29 - [TEST_STEP][PASSED] - Statement - Try: Delayed 2 second(s)

2018-12-06 20:21:29 - [TEST_STEP][PASSED] - Statement - Checker = false: null

2018-12-06 20:21:29 - [TEST_STEP][PASSED] - Statement - Checker = com.kms.katalon.core.webui.keyword.WebUiBuiltInKeywords.verifyElementHasAttribute(com.kms.katalon.core.testobject.ObjectRepository.findTestObject(Final Object Repo/Landing Page/BM Detecting), "href", 20, OPTIONAL): Object 'Object Repository/Final Object Repo/Landing Page/BM Detecting' has attribute 'href'

2018-12-06 20:21:29 - [MESSAGE][PASSED] - Object 'Object Repository/Final Object Repo/Landing Page/BM Detecting' has attribute 'href'

2018-12-06 20:21:29 - [TEST_STEP][PASSED] - Statement - out.println(Checker): null

2018-12-06 20:21:29 - [TEST_STEP][PASSED] - Statement - If (Checker == false): null

2018-12-06 20:21:29 - [TEST_STEP][PASSED] - Statement - Else: null

2018-12-06 20:21:29 - [TEST_STEP][PASSED] - delay: Delayed 2 second(s)

2018-12-06 20:21:31 - [MESSAGE][PASSED] - Delayed 2 second(s)

2018-12-06 20:21:31 - [TEST_STEP][PASSED] - click: Object: 'Object Repository/Final Object Repo/Page_MyASSIST - ASSIST - Search Pending Case For Add Supporting Document/Search Information' is clicked on

2018-12-06 20:21:31 - [MESSAGE][PASSED] - Object: 'Object Repository/Final Object Repo/Page_MyASSIST - ASSIST - Search Pending Case For Add Supporting Document/Search Information' is clicked on

2018-12-06 20:21:31 - [TEST_STEP][PASSED] - delay: Delayed 3 second(s)

2018-12-06 20:21:34 - [MESSAGE][PASSED] - Delayed 3 second(s)

2018-12-06 20:21:34 - [TEST_STEP][PASSED] - sendKeys: Keys 'CUN122018C200001701' sent to object: 'Object Repository/Final Object Repo/Page_MyASSIST - ASSIST - Search Pending Case For Add Supporting Document/Reference No'

2018-12-06 20:21:35 - [MESSAGE][PASSED] - Keys 'CUN122018C200001701' sent to object: 'Object Repository/Final Object Repo/Page_MyASSIST - ASSIST - Search Pending Case For Add Supporting Document/Reference No'

2018-12-06 20:21:35 - [TEST_STEP][PASSED] - click: Object: 'Object Repository/Final Object Repo/Page_MyASSIST - ASSIST - Search Pending Case For Add Supporting Document/Search Reference No' is clicked on

2018-12-06 20:21:35 - [MESSAGE][PASSED] - Object: 'Object Repository/Final Object Repo/Page_MyASSIST - ASSIST - Search Pending Case For Add Supporting Document/Search Reference No' is clicked on

2018-12-06 20:21:35 - [TEST_STEP][PASSED] - delay: Delayed 2 second(s)

2018-12-06 20:21:37 - [MESSAGE][PASSED] - Delayed 2 second(s)

2018-12-06 20:21:37 - [TEST_STEP][PASSED] - click: Object: 'Object Repository/Final Object Repo/Page_MyASSIST - ASSIST - Search Pending Case For Add Supporting Document/Continue' is clicked on

2018-12-06 20:21:40 - [MESSAGE][PASSED] - Object: 'Object Repository/Final Object Repo/Page_MyASSIST - ASSIST - Search Pending Case For Add Supporting Document/Continue' is clicked on

2018-12-06 20:21:40 - [TEST_STEP][PASSED] - delay: Delayed 20 second(s)

2018-12-06 20:22:00 - [MESSAGE][PASSED] - Delayed 20 second(s)

2018-12-06 20:22:00 - [MESSAGE][PASSED] - Call Test Case 'Test Cases/Final Aug 2018 - PKS Automation/Registration Module/Workflow/Login and Search Case For Workflow' successfully

2018-12-06 20:22:00 - [TEST_STEP][PASSED] - click: Object: 'Object Repository/Final Object Repo/Page_Form 1A - Cessation As Employer/Page_Form 1A - Cessation As Employer (Approve)/Save  Continue in Form 1A Page' is clicked on

2018-12-06 20:22:00 - [MESSAGE][PASSED] - Object: 'Object Repository/Final Object Repo/Page_Form 1A - Cessation As Employer/Page_Form 1A - Cessation As Employer (Approve)/Save  Continue in Form 1A Page' is clicked on

2018-12-06 20:22:00 - [TEST_STEP][PASSED] - delay: Delayed 2 second(s)

2018-12-06 20:22:02 - [MESSAGE][PASSED] - Delayed 2 second(s)

2018-12-06 20:22:02 - [TEST_STEP][PASSED] - click: Object: 'Object Repository/Final Object Repo/Page_Form 1A - Cessation As Employer/Employment Resign Date' is clicked on

2018-12-06 20:22:03 - [MESSAGE][PASSED] - Object: 'Object Repository/Final Object Repo/Page_Form 1A - Cessation As Employer/Employment Resign Date' is clicked on

2018-12-06 20:22:03 - [TEST_STEP][PASSED] - delay: Delayed 1 second(s)

2018-12-06 20:22:04 - [MESSAGE][PASSED] - Delayed 1 second(s)

2018-12-06 20:22:04 - [TEST_STEP][PASSED] - selectOptionByValue: All options with value '2030' are selected in object 'Object Repository/Final Object Repo/Page_Form 1A - Cessation As Employer/Employment Resign Date - Year' 

2018-12-06 20:22:04 - [MESSAGE][PASSED] - All options with value '2030' are selected in object 'Object Repository/Final Object Repo/Page_Form 1A - Cessation As Employer/Employment Resign Date - Year' 

2018-12-06 20:22:04 - [TEST_STEP][PASSED] - delay: Delayed 1 second(s)

2018-12-06 20:22:05 - [MESSAGE][PASSED] - Delayed 1 second(s)

2018-12-06 20:22:05 - [TEST_STEP][PASSED] - click: Object: 'Object Repository/Final Object Repo/Page_Form 1A - Cessation As Employer/Employment Resign Date - Year - Date' is clicked on

2018-12-06 20:22:05 - [MESSAGE][PASSED] - Object: 'Object Repository/Final Object Repo/Page_Form 1A - Cessation As Employer/Employment Resign Date - Year - Date' is clicked on

2018-12-06 20:22:05 - [TEST_STEP][PASSED] - delay: Delayed 2 second(s)

2018-12-06 20:22:07 - [MESSAGE][PASSED] - Delayed 2 second(s)

2018-12-06 20:22:07 - [TEST_STEP][PASSED] - click: Object: 'Object Repository/Final Object Repo/Page_Form 1A - Cessation As Employer/Page_Form 1A - Cessation As Employer (Approve)/Save  Continue in Update Add Employee Resigned Date Page' is clicked on

2018-12-06 20:22:07 - [MESSAGE][PASSED] - Object: 'Object Repository/Final Object Repo/Page_Form 1A - Cessation As Employer/Page_Form 1A - Cessation As Employer (Approve)/Save  Continue in Update Add Employee Resigned Date Page' is clicked on

2018-12-06 20:22:07 - [TEST_STEP][PASSED] - delay: Delayed 2 second(s)

2018-12-06 20:22:09 - [MESSAGE][PASSED] - Delayed 2 second(s)

2018-12-06 20:22:09 - [TEST_STEP][PASSED] - click: Object: 'Object Repository/Final Object Repo/Page_Form 1A - Cessation As Employer/Set Latest - Yes' is clicked on

2018-12-06 20:22:09 - [MESSAGE][PASSED] - Object: 'Object Repository/Final Object Repo/Page_Form 1A - Cessation As Employer/Set Latest - Yes' is clicked on

2018-12-06 20:22:09 - [TEST_STEP][PASSED] - delay: Delayed 2 second(s)

2018-12-06 20:22:11 - [MESSAGE][PASSED] - Delayed 2 second(s)

2018-12-06 20:22:11 - [TEST_STEP][PASSED] - click: Object: 'Object Repository/Final Object Repo/Page_Form 1A - Cessation As Employer/Page_Form 1A - Cessation As Employer (Approve)/Save  Contine in Uploading Document Page' is clicked on

2018-12-06 20:22:12 - [MESSAGE][PASSED] - Object: 'Object Repository/Final Object Repo/Page_Form 1A - Cessation As Employer/Page_Form 1A - Cessation As Employer (Approve)/Save  Contine in Uploading Document Page' is clicked on

2018-12-06 20:22:12 - [TEST_STEP][PASSED] - delay: Delayed 2 second(s)

2018-12-06 20:22:14 - [MESSAGE][PASSED] - Delayed 2 second(s)

2018-12-06 20:22:14 - [TEST_STEP][PASSED] - click: Object: 'Object Repository/Final Object Repo/Page_Form 1A - Cessation As Employer/Page_Form 1A - Cessation As Employer (Reject)/Reject' is clicked on

2018-12-06 20:22:17 - [MESSAGE][PASSED] - Object: 'Object Repository/Final Object Repo/Page_Form 1A - Cessation As Employer/Page_Form 1A - Cessation As Employer (Reject)/Reject' is clicked on

2018-12-06 20:22:17 - [TEST_STEP][PASSED] - delay: Delayed 2 second(s)

2018-12-06 20:22:19 - [MESSAGE][PASSED] - Delayed 2 second(s)

2018-12-06 20:22:19 - [TEST_STEP][PASSED] - click: Object: 'Object Repository/Final Object Repo/Page_Form 1A - Cessation As Employer/Page_Form 1A - Cessation As Employer (Reject)/Confirm' is clicked on

2018-12-06 20:22:19 - [MESSAGE][PASSED] - Object: 'Object Repository/Final Object Repo/Page_Form 1A - Cessation As Employer/Page_Form 1A - Cessation As Employer (Reject)/Confirm' is clicked on

2018-12-06 20:22:19 - [TEST_STEP][PASSED] - delay: Delayed 2 second(s)

2018-12-06 20:22:21 - [MESSAGE][PASSED] - Delayed 2 second(s)

2018-12-06 20:22:21 - [TEST_STEP][PASSED] - verifyElementVisible: Object 'Object Repository/Final Object Repo/Page_Form 1A - Cessation As Employer/Page_Form 1A - Cessation As Employer (Reject)/Message This Case has been Rejected' is visible

2018-12-06 20:22:25 - [MESSAGE][PASSED] - Object 'Object Repository/Final Object Repo/Page_Form 1A - Cessation As Employer/Page_Form 1A - Cessation As Employer (Reject)/Message This Case has been Rejected' is visible

2018-12-06 20:22:25 - [TEST_STEP][PASSED] - delay: Delayed 1 second(s)

2018-12-06 20:22:26 - [MESSAGE][PASSED] - Delayed 1 second(s)

2018-12-06 20:22:26 - [TEST_STEP][PASSED] - verifyElementVisible: Object 'Object Repository/Final Object Repo/Page_Form 1A - Cessation As Employer/Page_Form 1A - Cessation As Employer (Reject)/Letter of update rejection' is visible

2018-12-06 20:22:27 - [MESSAGE][PASSED] - Object 'Object Repository/Final Object Repo/Page_Form 1A - Cessation As Employer/Page_Form 1A - Cessation As Employer (Reject)/Letter of update rejection' is visible

2018-12-06 20:22:27 - [MESSAGE][PASSED] - Call Test Case 'Test Cases/Final Aug 2018 - PKS Automation/Registration Module/Workflow/Form 1A - Cessation As Employer/Template/Form 1 A - Cessation As Employer (Reject)' successfully]]></system-out>
         <system-err><![CDATA[]]></system-err>
      </testcase>
      <testcase name="Test Cases/Final Aug 2018 - PKS Automation/Registration Module/Workflow/Form 1A - Cessation As Employer/OTC to UO (Under enforcement)" classname="Test Cases/Final Aug 2018 - PKS Automation/Registration Module/Workflow/Form 1A - Cessation As Employer/OTC to UO (Under enforcement)" status="PASSED">
         <system-out><![CDATA[2018-12-06 20:22:27 - [TEST_CASE][PASSED] - Test Cases/Final Aug 2018 - PKS Automation/Registration Module/Workflow/Form 1A - Cessation As Employer/OTC to UO (Under enforcement): Test Cases/Final Aug 2018 - PKS Automation/Registration Module/Workflow/Form 1A - Cessation As Employer/OTC to UO (Under enforcement)

2018-12-06 20:22:27 - [TEST_STEP][PASSED] - callTestCase: Call Test Case 'Test Cases/Final Aug 2018 - PKS Automation/Registration Module/Workflow/Form 1A - Cessation As Employer/Template/Form 1 A - Cessation As Employer (OTC)' successfully

2018-12-06 20:22:27 - [TEST_CASE][PASSED] - Test Cases/Final Aug 2018 - PKS Automation/Registration Module/Workflow/Form 1A - Cessation As Employer/Template/Form 1 A - Cessation As Employer (OTC): Test Cases/Final Aug 2018 - PKS Automation/Registration Module/Workflow/Form 1A - Cessation As Employer/Template/Form 1 A - Cessation As Employer (OTC)

2018-12-06 20:22:27 - [TEST_STEP][PASSED] - openBrowser: Browser is opened with url: ''

2018-12-06 20:22:27 - [MESSAGE][WARNING] - A browser is already opened. Closing browser and opening a new one

2018-12-06 20:22:31 - [MESSAGE][PASSED] - Browser is opened with url: ''

2018-12-06 20:22:31 - [TEST_STEP][PASSED] - navigateToUrl: Navigate to 'https://assist2-uat.perkeso.gov.my/login' successfully

2018-12-06 20:22:32 - [MESSAGE][PASSED] - Navigate to 'https://assist2-uat.perkeso.gov.my/login' successfully

2018-12-06 20:22:32 - [TEST_STEP][PASSED] - setText: Text 'johorotc1@gmail.com' is set on object 'Object Repository/Final Object Repo/Login Page/Internal User/Email Address'

2018-12-06 20:22:32 - [MESSAGE][PASSED] - Text 'johorotc1@gmail.com' is set on object 'Object Repository/Final Object Repo/Login Page/Internal User/Email Address'

2018-12-06 20:22:32 - [TEST_STEP][PASSED] - click: Object: 'Object Repository/Final Object Repo/Login Page/Internal User/Next Button' is clicked on

2018-12-06 20:22:32 - [MESSAGE][PASSED] - Object: 'Object Repository/Final Object Repo/Login Page/Internal User/Next Button' is clicked on

2018-12-06 20:22:32 - [TEST_STEP][PASSED] - delay: Delayed 1 second(s)

2018-12-06 20:22:33 - [MESSAGE][PASSED] - Delayed 1 second(s)

2018-12-06 20:22:33 - [TEST_STEP][PASSED] - setEncryptedText: Text ****** has been set on object 'Object Repository/Final Object Repo/Login Page/Internal User/Password'

2018-12-06 20:22:34 - [MESSAGE][PASSED] - Text ****** has been set on object 'Object Repository/Final Object Repo/Login Page/Internal User/Password'

2018-12-06 20:22:34 - [TEST_STEP][PASSED] - click: Object: 'Object Repository/Final Object Repo/Login Page/Internal User/Login Button' is clicked on

2018-12-06 20:22:34 - [MESSAGE][PASSED] - Object: 'Object Repository/Final Object Repo/Login Page/Internal User/Login Button' is clicked on

2018-12-06 20:22:34 - [TEST_STEP][PASSED] - delay: Delayed 1 second(s)

2018-12-06 20:22:35 - [MESSAGE][PASSED] - Delayed 1 second(s)

2018-12-06 20:22:35 - [TEST_STEP][PASSED] - Statement - Try: Delayed 2 second(s)

2018-12-06 20:22:35 - [TEST_STEP][PASSED] - Statement - Checker = false: null

2018-12-06 20:22:35 - [TEST_STEP][PASSED] - Statement - Checker = com.kms.katalon.core.webui.keyword.WebUiBuiltInKeywords.verifyElementHasAttribute(com.kms.katalon.core.testobject.ObjectRepository.findTestObject(Final Object Repo/Landing Page/BM Detecting), "href", 20, OPTIONAL): Object 'Object Repository/Final Object Repo/Landing Page/BM Detecting' has attribute 'href'

2018-12-06 20:22:36 - [MESSAGE][PASSED] - Object 'Object Repository/Final Object Repo/Landing Page/BM Detecting' has attribute 'href'

2018-12-06 20:22:36 - [TEST_STEP][PASSED] - Statement - out.println(Checker): null

2018-12-06 20:22:36 - [TEST_STEP][PASSED] - Statement - If (Checker == false): null

2018-12-06 20:22:36 - [TEST_STEP][PASSED] - Statement - Else: null

2018-12-06 20:22:36 - [TEST_STEP][PASSED] - delay: Delayed 2 second(s)

2018-12-06 20:22:38 - [MESSAGE][PASSED] - Delayed 2 second(s)

2018-12-06 20:22:38 - [TEST_STEP][PASSED] - navigateToUrl: Navigate to 'https://assist2-uat.perkeso.gov.my/web/registration/update/form-1a-cessation-as-employer-discontinue-business-' successfully

2018-12-06 20:22:39 - [MESSAGE][PASSED] - Navigate to 'https://assist2-uat.perkeso.gov.my/web/registration/update/form-1a-cessation-as-employer-discontinue-business-' successfully

2018-12-06 20:22:39 - [TEST_STEP][PASSED] - setText: Text 'E1102069770Z' is set on object 'Object Repository/Final Object Repo/Page_Update Employer Information/Employer Code'

2018-12-06 20:22:39 - [MESSAGE][PASSED] - Text 'E1102069770Z' is set on object 'Object Repository/Final Object Repo/Page_Update Employer Information/Employer Code'

2018-12-06 20:22:39 - [TEST_STEP][PASSED] - click: Object: 'Object Repository/Final Object Repo/Page_Update Employer Information/Search Button' is clicked on

2018-12-06 20:22:39 - [MESSAGE][PASSED] - Object: 'Object Repository/Final Object Repo/Page_Update Employer Information/Search Button' is clicked on

2018-12-06 20:22:39 - [TEST_STEP][PASSED] - click: Object: 'Object Repository/Final Object Repo/Page_Update Employer Information/Edit Button' is clicked on

2018-12-06 20:22:41 - [MESSAGE][PASSED] - Object: 'Object Repository/Final Object Repo/Page_Update Employer Information/Edit Button' is clicked on

2018-12-06 20:22:41 - [TEST_STEP][PASSED] - Statement - abc = com.kms.katalon.core.webui.keyword.WebUiBuiltInKeywords.getAttribute(com.kms.katalon.core.testobject.ObjectRepository.findTestObject(Final Object Repo/Page_Form 1A - Cessation As Employer/Employer Status), "value"): Attribute 'value' of object 'Object Repository/Final Object Repo/Page_Form 1A - Cessation As Employer/Employer Status' is: 'Dormant'

2018-12-06 20:22:41 - [MESSAGE][PASSED] - Attribute 'value' of object 'Object Repository/Final Object Repo/Page_Form 1A - Cessation As Employer/Employer Status' is: 'Dormant'

2018-12-06 20:22:41 - [TEST_STEP][PASSED] - Statement - out.println(abc): null

2018-12-06 20:22:41 - [TEST_STEP][PASSED] - Statement - If (abc == "Active"): null

2018-12-06 20:22:41 - [TEST_STEP][PASSED] - Statement - Else If (abc == "Cancel"): null

2018-12-06 20:22:41 - [TEST_STEP][PASSED] - Statement - Else If (abc == "Dormant"): Object: 'Object Repository/Final Object Repo/Page_Form 1A - Cessation As Employer/Change Employer Status to - Dormant' is clicked on

2018-12-06 20:22:41 - [TEST_STEP][PASSED] - click: Object: 'Object Repository/Final Object Repo/Page_Form 1A - Cessation As Employer/Change Employer Status to' is clicked on

2018-12-06 20:22:42 - [MESSAGE][PASSED] - Object: 'Object Repository/Final Object Repo/Page_Form 1A - Cessation As Employer/Change Employer Status to' is clicked on

2018-12-06 20:22:42 - [TEST_STEP][PASSED] - click: Object: 'Object Repository/Final Object Repo/Page_Form 1A - Cessation As Employer/Change Employer Status to - Dormant' is clicked on

2018-12-06 20:22:42 - [MESSAGE][PASSED] - Object: 'Object Repository/Final Object Repo/Page_Form 1A - Cessation As Employer/Change Employer Status to - Dormant' is clicked on

2018-12-06 20:22:42 - [TEST_STEP][PASSED] - click: Object: 'Object Repository/Final Object Repo/Page_Form 1A - Cessation As Employer/Calender' is clicked on

2018-12-06 20:22:42 - [MESSAGE][PASSED] - Object: 'Object Repository/Final Object Repo/Page_Form 1A - Cessation As Employer/Calender' is clicked on

2018-12-06 20:22:42 - [TEST_STEP][PASSED] - click: Object: 'Object Repository/Final Object Repo/Page_Form 1A - Cessation As Employer/Calender - Date' is clicked on

2018-12-06 20:22:42 - [MESSAGE][PASSED] - Object: 'Object Repository/Final Object Repo/Page_Form 1A - Cessation As Employer/Calender - Date' is clicked on

2018-12-06 20:22:42 - [TEST_STEP][PASSED] - delay: Delayed 2 second(s)

2018-12-06 20:22:44 - [MESSAGE][PASSED] - Delayed 2 second(s)

2018-12-06 20:22:44 - [TEST_STEP][PASSED] - click: Object: 'Object Repository/Final Object Repo/Page_Form 1A - Cessation As Employer/Save  Continue in Form 1A Page' is clicked on

2018-12-06 20:22:44 - [MESSAGE][PASSED] - Object: 'Object Repository/Final Object Repo/Page_Form 1A - Cessation As Employer/Save  Continue in Form 1A Page' is clicked on

2018-12-06 20:22:44 - [TEST_STEP][PASSED] - delay: Delayed 2 second(s)

2018-12-06 20:22:46 - [MESSAGE][PASSED] - Delayed 2 second(s)

2018-12-06 20:22:46 - [TEST_STEP][PASSED] - click: Object: 'Object Repository/Final Object Repo/Page_Form 1A - Cessation As Employer/Employment Resign Date' is clicked on

2018-12-06 20:22:47 - [MESSAGE][PASSED] - Object: 'Object Repository/Final Object Repo/Page_Form 1A - Cessation As Employer/Employment Resign Date' is clicked on

2018-12-06 20:22:47 - [TEST_STEP][PASSED] - delay: Delayed 1 second(s)

2018-12-06 20:22:48 - [MESSAGE][PASSED] - Delayed 1 second(s)

2018-12-06 20:22:48 - [TEST_STEP][PASSED] - Statement - CaseReferenceNo = com.kms.katalon.core.webui.keyword.WebUiBuiltInKeywords.getText(com.kms.katalon.core.testobject.ObjectRepository.findTestObject(Final Object Repo/Page_Update Employer Information/Reference Number in Update Employee Information Page)): Text of object 'Object Repository/Final Object Repo/Page_Update Employer Information/Reference Number in Update Employee Information Page' is: 'CUN122018C200001702'

2018-12-06 20:22:48 - [MESSAGE][PASSED] - Text of object 'Object Repository/Final Object Repo/Page_Update Employer Information/Reference Number in Update Employee Information Page' is: 'CUN122018C200001702'

2018-12-06 20:22:48 - [TEST_STEP][PASSED] - callTestCase: Call Test Case 'Test Cases/Final Aug 2018 - PKS Automation/Common/Reference Number Setter' successfully

2018-12-06 20:22:48 - [TEST_CASE][PASSED] - Test Cases/Final Aug 2018 - PKS Automation/Common/Reference Number Setter: Test Cases/Final Aug 2018 - PKS Automation/Common/Reference Number Setter

2018-12-06 20:22:48 - [TEST_STEP][PASSED] - Statement - RefNoOldFile = new java.io.File(C://Users//Admin//Desktop//PKS//Automation Reference Point//KatalonReference.txt): null

2018-12-06 20:22:48 - [TEST_STEP][PASSED] - Statement - RefNoOldFile.delete(): null

2018-12-06 20:22:48 - [TEST_STEP][PASSED] - delay: Delayed 5 second(s)

2018-12-06 20:22:53 - [MESSAGE][PASSED] - Delayed 5 second(s)

2018-12-06 20:22:53 - [TEST_STEP][PASSED] - Statement - RefNo = new java.io.File(C://Users//Admin//Desktop//PKS//Automation Reference Point//KatalonReference.txt): null

2018-12-06 20:22:53 - [TEST_STEP][PASSED] - Statement - f2 = new java.io.FileWriter(RefNo, false): null

2018-12-06 20:22:53 - [TEST_STEP][PASSED] - Statement - f2.write(CaseReferenceNo): null

2018-12-06 20:22:53 - [TEST_STEP][PASSED] - Statement - f2.close(): null

2018-12-06 20:22:53 - [TEST_STEP][PASSED] - Statement - out.println("


" + CaseReferenceNo + "


"): null

2018-12-06 20:22:53 - [MESSAGE][PASSED] - Call Test Case 'Test Cases/Final Aug 2018 - PKS Automation/Common/Reference Number Setter' successfully

2018-12-06 20:22:53 - [TEST_STEP][PASSED] - selectOptionByValue: All options with value '2030' are selected in object 'Object Repository/Final Object Repo/Page_Form 1A - Cessation As Employer/Employment Resign Date - Year' 

2018-12-06 20:22:53 - [MESSAGE][PASSED] - All options with value '2030' are selected in object 'Object Repository/Final Object Repo/Page_Form 1A - Cessation As Employer/Employment Resign Date - Year' 

2018-12-06 20:22:53 - [TEST_STEP][PASSED] - delay: Delayed 1 second(s)

2018-12-06 20:22:54 - [MESSAGE][PASSED] - Delayed 1 second(s)

2018-12-06 20:22:54 - [TEST_STEP][PASSED] - click: Object: 'Object Repository/Final Object Repo/Page_Form 1A - Cessation As Employer/Employment Resign Date - Year - Date' is clicked on

2018-12-06 20:22:54 - [MESSAGE][PASSED] - Object: 'Object Repository/Final Object Repo/Page_Form 1A - Cessation As Employer/Employment Resign Date - Year - Date' is clicked on

2018-12-06 20:22:54 - [TEST_STEP][PASSED] - delay: Delayed 2 second(s)

2018-12-06 20:22:56 - [MESSAGE][PASSED] - Delayed 2 second(s)

2018-12-06 20:22:56 - [TEST_STEP][PASSED] - click: Object: 'Object Repository/Final Object Repo/Page_Form 1A - Cessation As Employer/Save  Continue in Update Add Employee Resigned Date Page' is clicked on

2018-12-06 20:22:56 - [MESSAGE][PASSED] - Object: 'Object Repository/Final Object Repo/Page_Form 1A - Cessation As Employer/Save  Continue in Update Add Employee Resigned Date Page' is clicked on

2018-12-06 20:22:56 - [TEST_STEP][PASSED] - delay: Delayed 2 second(s)

2018-12-06 20:22:58 - [MESSAGE][PASSED] - Delayed 2 second(s)

2018-12-06 20:22:58 - [TEST_STEP][PASSED] - click: Object: 'Object Repository/Final Object Repo/Page_Form 1A - Cessation As Employer/Set Latest - Yes' is clicked on

2018-12-06 20:22:58 - [MESSAGE][PASSED] - Object: 'Object Repository/Final Object Repo/Page_Form 1A - Cessation As Employer/Set Latest - Yes' is clicked on

2018-12-06 20:22:58 - [TEST_STEP][PASSED] - delay: Delayed 2 second(s)

2018-12-06 20:23:00 - [MESSAGE][PASSED] - Delayed 2 second(s)

2018-12-06 20:23:00 - [TEST_STEP][PASSED] - click: Object: 'Object Repository/Final Object Repo/Page_Form 1A - Cessation As Employer/Add Document' is clicked on

2018-12-06 20:23:01 - [MESSAGE][PASSED] - Object: 'Object Repository/Final Object Repo/Page_Form 1A - Cessation As Employer/Add Document' is clicked on

2018-12-06 20:23:01 - [TEST_STEP][PASSED] - delay: Delayed 2 second(s)

2018-12-06 20:23:03 - [MESSAGE][PASSED] - Delayed 2 second(s)

2018-12-06 20:23:03 - [TEST_STEP][PASSED] - click: Object: 'Object Repository/Final Object Repo/Page_Form 1A - Cessation As Employer/Document Type' is clicked on

2018-12-06 20:23:04 - [MESSAGE][PASSED] - Object: 'Object Repository/Final Object Repo/Page_Form 1A - Cessation As Employer/Document Type' is clicked on

2018-12-06 20:23:04 - [TEST_STEP][PASSED] - delay: Delayed 2 second(s)

2018-12-06 20:23:06 - [MESSAGE][PASSED] - Delayed 2 second(s)

2018-12-06 20:23:06 - [TEST_STEP][PASSED] - click: Object: 'Object Repository/Final Object Repo/Page_Form 1A - Cessation As Employer/Document Type - Supporting Document For Cessation' is clicked on

2018-12-06 20:23:06 - [MESSAGE][PASSED] - Object: 'Object Repository/Final Object Repo/Page_Form 1A - Cessation As Employer/Document Type - Supporting Document For Cessation' is clicked on

2018-12-06 20:23:06 - [TEST_STEP][PASSED] - delay: Delayed 2 second(s)

2018-12-06 20:23:08 - [MESSAGE][PASSED] - Delayed 2 second(s)

2018-12-06 20:23:08 - [TEST_STEP][PASSED] - sendKeys: Keys 'C:\Users\Public\Pictures\Sample Pictures\Koala.jpg' sent to object: 'Object Repository/Final Object Repo/Page_Form 1A - Cessation As Employer/Uploading File'

2018-12-06 20:23:08 - [MESSAGE][PASSED] - Keys 'C:\Users\Public\Pictures\Sample Pictures\Koala.jpg' sent to object: 'Object Repository/Final Object Repo/Page_Form 1A - Cessation As Employer/Uploading File'

2018-12-06 20:23:08 - [TEST_STEP][PASSED] - delay: Delayed 2 second(s)

2018-12-06 20:23:10 - [MESSAGE][PASSED] - Delayed 2 second(s)

2018-12-06 20:23:10 - [TEST_STEP][PASSED] - click: Object: 'Object Repository/Final Object Repo/Page_Form 1A - Cessation As Employer/Add Document in Uploading Page' is clicked on

2018-12-06 20:23:11 - [MESSAGE][PASSED] - Object: 'Object Repository/Final Object Repo/Page_Form 1A - Cessation As Employer/Add Document in Uploading Page' is clicked on

2018-12-06 20:23:11 - [TEST_STEP][PASSED] - delay: Delayed 20 second(s)

2018-12-06 20:23:31 - [MESSAGE][PASSED] - Delayed 20 second(s)

2018-12-06 20:23:31 - [TEST_STEP][PASSED] - click: Object: 'Object Repository/Final Object Repo/Page_Form 1A - Cessation As Employer/Save  Continue in Uploading Page' is clicked on

2018-12-06 20:23:31 - [MESSAGE][PASSED] - Object: 'Object Repository/Final Object Repo/Page_Form 1A - Cessation As Employer/Save  Continue in Uploading Page' is clicked on

2018-12-06 20:23:31 - [TEST_STEP][PASSED] - delay: Delayed 2 second(s)

2018-12-06 20:23:33 - [MESSAGE][PASSED] - Delayed 2 second(s)

2018-12-06 20:23:33 - [TEST_STEP][PASSED] - click: Object: 'Object Repository/Final Object Repo/Page_Form 1A - Cessation As Employer/Submit2' is clicked on

2018-12-06 20:23:36 - [MESSAGE][PASSED] - Object: 'Object Repository/Final Object Repo/Page_Form 1A - Cessation As Employer/Submit2' is clicked on

2018-12-06 20:23:36 - [TEST_STEP][PASSED] - delay: Delayed 2 second(s)

2018-12-06 20:23:38 - [MESSAGE][PASSED] - Delayed 2 second(s)

2018-12-06 20:23:38 - [TEST_STEP][PASSED] - click: Object: 'Object Repository/Final Object Repo/Page_Form 1A - Cessation As Employer/Confirm' is clicked on

2018-12-06 20:23:38 - [MESSAGE][PASSED] - Object: 'Object Repository/Final Object Repo/Page_Form 1A - Cessation As Employer/Confirm' is clicked on

2018-12-06 20:23:38 - [TEST_STEP][PASSED] - delay: Delayed 2 second(s)

2018-12-06 20:23:40 - [MESSAGE][PASSED] - Delayed 2 second(s)

2018-12-06 20:23:40 - [TEST_STEP][PASSED] - verifyElementVisible: Object 'Object Repository/Final Object Repo/Page_Form 1A - Cessation As Employer/Message Your Request will be routed to UO' is visible

2018-12-06 20:23:44 - [MESSAGE][PASSED] - Object 'Object Repository/Final Object Repo/Page_Form 1A - Cessation As Employer/Message Your Request will be routed to UO' is visible

2018-12-06 20:23:44 - [TEST_STEP][PASSED] - delay: Delayed 1 second(s)

2018-12-06 20:23:45 - [MESSAGE][PASSED] - Delayed 1 second(s)

2018-12-06 20:23:45 - [TEST_STEP][PASSED] - verifyElementVisible: Object 'Object Repository/Final Object Repo/Page_Form 1A - Cessation As Employer/Letter of acknowledgement' is visible

2018-12-06 20:23:45 - [MESSAGE][PASSED] - Object 'Object Repository/Final Object Repo/Page_Form 1A - Cessation As Employer/Letter of acknowledgement' is visible

2018-12-06 20:23:45 - [MESSAGE][PASSED] - Call Test Case 'Test Cases/Final Aug 2018 - PKS Automation/Registration Module/Workflow/Form 1A - Cessation As Employer/Template/Form 1 A - Cessation As Employer (OTC)' successfully

2018-12-06 20:23:45 - [TEST_STEP][PASSED] - callTestCase: Call Test Case 'Test Cases/Final Aug 2018 - PKS Automation/Registration Module/Workflow/Form 1A - Cessation As Employer/Template/Form 1 A - Cessation As Employer (Under enforcement)' successfully

2018-12-06 20:23:45 - [TEST_CASE][PASSED] - Test Cases/Final Aug 2018 - PKS Automation/Registration Module/Workflow/Form 1A - Cessation As Employer/Template/Form 1 A - Cessation As Employer (Under enforcement): Test Cases/Final Aug 2018 - PKS Automation/Registration Module/Workflow/Form 1A - Cessation As Employer/Template/Form 1 A - Cessation As Employer (Under enforcement)

2018-12-06 20:23:45 - [TEST_STEP][NOT_RUN] - callTestCase: NOT_RUN: callTestCase

2018-12-06 20:23:45 - [MESSAGE][NOT_RUN] - NOT_RUN: callTestCase

2018-12-06 20:23:45 - [TEST_STEP][PASSED] - delay: Delayed 1 second(s)

2018-12-06 20:23:46 - [MESSAGE][PASSED] - Delayed 1 second(s)

2018-12-06 20:23:46 - [TEST_STEP][PASSED] - navigateToUrl: Navigate to 'https://assist2-uat.perkeso.gov.my/c/portal/logout' successfully

2018-12-06 20:23:47 - [MESSAGE][PASSED] - Navigate to 'https://assist2-uat.perkeso.gov.my/c/portal/logout' successfully

2018-12-06 20:23:47 - [TEST_STEP][PASSED] - delay: Delayed 1 second(s)

2018-12-06 20:23:48 - [MESSAGE][PASSED] - Delayed 1 second(s)

2018-12-06 20:23:48 - [TEST_STEP][PASSED] - callTestCase: Call Test Case 'Test Cases/Final Aug 2018 - PKS Automation/Common/Reference Number Getter' successfully

2018-12-06 20:23:48 - [TEST_CASE][PASSED] - Test Cases/Final Aug 2018 - PKS Automation/Common/Reference Number Getter: Test Cases/Final Aug 2018 - PKS Automation/Common/Reference Number Getter

2018-12-06 20:23:48 - [TEST_STEP][PASSED] - Statement - Try: null

2018-12-06 20:23:48 - [TEST_STEP][PASSED] - Statement - RefNo = new java.io.File(C://Users//Admin//Desktop//PKS//Automation Reference Point//KatalonReference.txt): null

2018-12-06 20:23:48 - [TEST_STEP][PASSED] - Statement - bufferread = new java.io.BufferedReader(new java.io.FileReader(RefNo)): null

2018-12-06 20:23:48 - [TEST_STEP][PASSED] - Statement - readedVal = bufferread.readLine(): null

2018-12-06 20:23:48 - [TEST_STEP][PASSED] - Statement - out.println(CaseReferenceNo): null

2018-12-06 20:23:48 - [TEST_STEP][PASSED] - Statement - out.println(readedVal): null

2018-12-06 20:23:48 - [TEST_STEP][PASSED] - Statement - CaseReferenceNo = "": null

2018-12-06 20:23:48 - [TEST_STEP][PASSED] - Statement - CaseReferenceNo = readedVal: null

2018-12-06 20:23:48 - [MESSAGE][PASSED] - Call Test Case 'Test Cases/Final Aug 2018 - PKS Automation/Common/Reference Number Getter' successfully

2018-12-06 20:23:48 - [TEST_STEP][PASSED] - callTestCase: Call Test Case 'Test Cases/Final Aug 2018 - PKS Automation/Common/Workflow Owner Finder' successfully

2018-12-06 20:23:48 - [TEST_CASE][PASSED] - Test Cases/Final Aug 2018 - PKS Automation/Common/Workflow Owner Finder: Test Cases/Final Aug 2018 - PKS Automation/Common/Workflow Owner Finder

2018-12-06 20:23:48 - [TEST_STEP][PASSED] - openBrowser: Browser is opened with url: ''

2018-12-06 20:23:48 - [MESSAGE][WARNING] - A browser is already opened. Closing browser and opening a new one

2018-12-06 20:23:52 - [MESSAGE][PASSED] - Browser is opened with url: ''

2018-12-06 20:23:52 - [TEST_STEP][PASSED] - navigateToUrl: Navigate to 'https://assist2-uat.perkeso.gov.my/login' successfully

2018-12-06 20:23:53 - [MESSAGE][PASSED] - Navigate to 'https://assist2-uat.perkeso.gov.my/login' successfully

2018-12-06 20:23:53 - [TEST_STEP][PASSED] - delay: Delayed 5 second(s)

2018-12-06 20:23:58 - [MESSAGE][PASSED] - Delayed 5 second(s)

2018-12-06 20:23:58 - [TEST_STEP][PASSED] - setText: Text 'test@liferay.com' is set on object 'Object Repository/Final Object Repo/Login Page/Internal User/Email Address'

2018-12-06 20:23:58 - [MESSAGE][PASSED] - Text 'test@liferay.com' is set on object 'Object Repository/Final Object Repo/Login Page/Internal User/Email Address'

2018-12-06 20:23:58 - [TEST_STEP][PASSED] - click: Object: 'Object Repository/Final Object Repo/Login Page/Internal User/Next Button' is clicked on

2018-12-06 20:23:58 - [MESSAGE][PASSED] - Object: 'Object Repository/Final Object Repo/Login Page/Internal User/Next Button' is clicked on

2018-12-06 20:23:58 - [TEST_STEP][PASSED] - delay: Delayed 2 second(s)

2018-12-06 20:24:00 - [MESSAGE][PASSED] - Delayed 2 second(s)

2018-12-06 20:24:00 - [TEST_STEP][PASSED] - setText: Text 'test' is set on object 'Object Repository/Final Object Repo/Login Page/Internal User/Password'

2018-12-06 20:24:01 - [MESSAGE][PASSED] - Text 'test' is set on object 'Object Repository/Final Object Repo/Login Page/Internal User/Password'

2018-12-06 20:24:01 - [TEST_STEP][PASSED] - delay: Delayed 2 second(s)

2018-12-06 20:24:03 - [MESSAGE][PASSED] - Delayed 2 second(s)

2018-12-06 20:24:03 - [TEST_STEP][PASSED] - click: Object: 'Object Repository/Final Object Repo/Login Page/Internal User/Login Button' is clicked on

2018-12-06 20:24:03 - [MESSAGE][PASSED] - Object: 'Object Repository/Final Object Repo/Login Page/Internal User/Login Button' is clicked on

2018-12-06 20:24:03 - [TEST_STEP][PASSED] - Statement - tester = com.kms.katalon.core.testobject.ObjectRepository.findTestObject(Final Object Repo/Landing Page/Select to English): Finding Test Object with id 'Object Repository/Final Object Repo/Landing Page/Select to English'

2018-12-06 20:24:03 - [TEST_STEP][PASSED] - Statement - Try: Delayed 2 second(s)

2018-12-06 20:24:03 - [TEST_STEP][PASSED] - Statement - Checker = com.kms.katalon.core.webui.keyword.WebUiBuiltInKeywords.verifyElementNotPresent(tester, 3): Web element with id: 'Object Repository/Final Object Repo/Landing Page/Select to English' located by 'By.xpath: //a[@class = 'taglib-language-list-text' and @lang = 'en-US' and (contains(text(), 'EN') or contains(., 'EN'))]' is not present after '3' second(s)

2018-12-06 20:24:05 - [MESSAGE][PASSED] - Web element with id: 'Object Repository/Final Object Repo/Landing Page/Select to English' located by 'By.xpath: //a[@class = 'taglib-language-list-text' and @lang = 'en-US' and (contains(text(), 'EN') or contains(., 'EN'))]' is not present after '3' second(s)

2018-12-06 20:24:05 - [TEST_STEP][PASSED] - Statement - If (Checker == false): null

2018-12-06 20:24:05 - [TEST_STEP][PASSED] - delay: Delayed 2 second(s)

2018-12-06 20:24:07 - [MESSAGE][PASSED] - Delayed 2 second(s)

2018-12-06 20:24:07 - [TEST_STEP][PASSED] - delay: Delayed 5 second(s)

2018-12-06 20:24:12 - [MESSAGE][PASSED] - Delayed 5 second(s)

2018-12-06 20:24:12 - [TEST_STEP][PASSED] - mouseOver: Object: 'Object Repository/Final Object Repo/Landing Page/WorkFlow Menu' is hovered

2018-12-06 20:24:12 - [MESSAGE][PASSED] - Object: 'Object Repository/Final Object Repo/Landing Page/WorkFlow Menu' is hovered

2018-12-06 20:24:12 - [TEST_STEP][PASSED] - delay: Delayed 2 second(s)

2018-12-06 20:24:14 - [MESSAGE][PASSED] - Delayed 2 second(s)

2018-12-06 20:24:14 - [TEST_STEP][PASSED] - click: Object: 'Object Repository/Final Object Repo/Landing Page/Select to Workflow Listing' is clicked on

2018-12-06 20:24:15 - [MESSAGE][PASSED] - Object: 'Object Repository/Final Object Repo/Landing Page/Select to Workflow Listing' is clicked on

2018-12-06 20:24:15 - [TEST_STEP][PASSED] - delay: Delayed 2 second(s)

2018-12-06 20:24:17 - [MESSAGE][PASSED] - Delayed 2 second(s)

2018-12-06 20:24:17 - [TEST_STEP][PASSED] - click: Object: 'Object Repository/Final Object Repo/WorkFlow Listing Page/Search Information - To Put Ref No' is clicked on

2018-12-06 20:24:17 - [MESSAGE][PASSED] - Object: 'Object Repository/Final Object Repo/WorkFlow Listing Page/Search Information - To Put Ref No' is clicked on

2018-12-06 20:24:17 - [TEST_STEP][PASSED] - delay: Delayed 2 second(s)

2018-12-06 20:24:19 - [MESSAGE][PASSED] - Delayed 2 second(s)

2018-12-06 20:24:19 - [TEST_STEP][PASSED] - callTestCase: Call Test Case 'Test Cases/Final Aug 2018 - PKS Automation/Common/Reference Number Getter' successfully

2018-12-06 20:24:19 - [TEST_CASE][PASSED] - Test Cases/Final Aug 2018 - PKS Automation/Common/Reference Number Getter: Test Cases/Final Aug 2018 - PKS Automation/Common/Reference Number Getter

2018-12-06 20:24:19 - [TEST_STEP][PASSED] - Statement - Try: null

2018-12-06 20:24:19 - [TEST_STEP][PASSED] - Statement - RefNo = new java.io.File(C://Users//Admin//Desktop//PKS//Automation Reference Point//KatalonReference.txt): null

2018-12-06 20:24:19 - [TEST_STEP][PASSED] - Statement - bufferread = new java.io.BufferedReader(new java.io.FileReader(RefNo)): null

2018-12-06 20:24:19 - [TEST_STEP][PASSED] - Statement - readedVal = bufferread.readLine(): null

2018-12-06 20:24:19 - [TEST_STEP][PASSED] - Statement - out.println(CaseReferenceNo): null

2018-12-06 20:24:19 - [TEST_STEP][PASSED] - Statement - out.println(readedVal): null

2018-12-06 20:24:19 - [TEST_STEP][PASSED] - Statement - CaseReferenceNo = "": null

2018-12-06 20:24:19 - [TEST_STEP][PASSED] - Statement - CaseReferenceNo = readedVal: null

2018-12-06 20:24:19 - [MESSAGE][PASSED] - Call Test Case 'Test Cases/Final Aug 2018 - PKS Automation/Common/Reference Number Getter' successfully

2018-12-06 20:24:19 - [TEST_STEP][PASSED] - setText: Text 'CUN122018C200001702' is set on object 'Object Repository/Final Object Repo/WorkFlow Listing Page/Ref No Set Text'

2018-12-06 20:24:19 - [MESSAGE][PASSED] - Text 'CUN122018C200001702' is set on object 'Object Repository/Final Object Repo/WorkFlow Listing Page/Ref No Set Text'

2018-12-06 20:24:19 - [TEST_STEP][PASSED] - delay: Delayed 2 second(s)

2018-12-06 20:24:21 - [MESSAGE][PASSED] - Delayed 2 second(s)

2018-12-06 20:24:21 - [TEST_STEP][PASSED] - click: Object: 'Object Repository/Final Object Repo/WorkFlow Listing Page/Search Ref No Search Button' is clicked on

2018-12-06 20:24:22 - [MESSAGE][PASSED] - Object: 'Object Repository/Final Object Repo/WorkFlow Listing Page/Search Ref No Search Button' is clicked on

2018-12-06 20:24:22 - [TEST_STEP][PASSED] - delay: Delayed 6 second(s)

2018-12-06 20:24:28 - [MESSAGE][PASSED] - Delayed 6 second(s)

2018-12-06 20:24:28 - [TEST_STEP][PASSED] - click: Object: 'Object Repository/Final Object Repo/WorkFlow Listing Page/Click Continue Tooltip' is clicked on

2018-12-06 20:24:28 - [MESSAGE][PASSED] - Object: 'Object Repository/Final Object Repo/WorkFlow Listing Page/Click Continue Tooltip' is clicked on

2018-12-06 20:24:28 - [TEST_STEP][PASSED] - delay: Delayed 5 second(s)

2018-12-06 20:24:33 - [MESSAGE][PASSED] - Delayed 5 second(s)

2018-12-06 20:24:33 - [TEST_STEP][PASSED] - doubleClick: Object: 'Object Repository/Final Object Repo/WorkFlow Listing Page/Workflow Found - Listing 1' is double clicked on

2018-12-06 20:24:34 - [MESSAGE][PASSED] - Object: 'Object Repository/Final Object Repo/WorkFlow Listing Page/Workflow Found - Listing 1' is double clicked on

2018-12-06 20:24:34 - [TEST_STEP][PASSED] - Statement - println(OwnerID): null

2018-12-06 20:24:34 - [TEST_STEP][PASSED] - Statement - OwnerID = com.kms.katalon.core.webui.keyword.WebUiBuiltInKeywords.getText(com.kms.katalon.core.testobject.ObjectRepository.findTestObject(Final Object Repo/WorkFlow Listing Page/Workflow Found - Listing 1), STOP_ON_FAILURE): Text of object 'Object Repository/Final Object Repo/WorkFlow Listing Page/Workflow Found - Listing 1' is: 'JOHORuo2'

2018-12-06 20:24:34 - [MESSAGE][PASSED] - Text of object 'Object Repository/Final Object Repo/WorkFlow Listing Page/Workflow Found - Listing 1' is: 'JOHORuo2'

2018-12-06 20:24:34 - [TEST_STEP][PASSED] - Statement - OwnerID = OwnerID.toLowerCase() + "@gmail.com": null

2018-12-06 20:24:34 - [TEST_STEP][PASSED] - Statement - println(OwnerID): null

2018-12-06 20:24:34 - [TEST_STEP][PASSED] - delay: Delayed 2 second(s)

2018-12-06 20:24:36 - [MESSAGE][PASSED] - Delayed 2 second(s)

2018-12-06 20:24:36 - [MESSAGE][PASSED] - Call Test Case 'Test Cases/Final Aug 2018 - PKS Automation/Common/Workflow Owner Finder' successfully

2018-12-06 20:24:36 - [TEST_STEP][PASSED] - delay: Delayed 1 second(s)

2018-12-06 20:24:37 - [MESSAGE][PASSED] - Delayed 1 second(s)

2018-12-06 20:24:37 - [TEST_STEP][PASSED] - navigateToUrl: Navigate to 'https://assist2-uat.perkeso.gov.my/c/portal/logout' successfully

2018-12-06 20:24:38 - [MESSAGE][PASSED] - Navigate to 'https://assist2-uat.perkeso.gov.my/c/portal/logout' successfully

2018-12-06 20:24:38 - [TEST_STEP][PASSED] - delay: Delayed 1 second(s)

2018-12-06 20:24:39 - [MESSAGE][PASSED] - Delayed 1 second(s)

2018-12-06 20:24:39 - [TEST_STEP][PASSED] - callTestCase: Call Test Case 'Test Cases/Final Aug 2018 - PKS Automation/Registration Module/Workflow/Login and Search Case For Workflow' successfully

2018-12-06 20:24:39 - [TEST_CASE][PASSED] - Test Cases/Final Aug 2018 - PKS Automation/Registration Module/Workflow/Login and Search Case For Workflow: Test Cases/Final Aug 2018 - PKS Automation/Registration Module/Workflow/Login and Search Case For Workflow

2018-12-06 20:24:39 - [TEST_STEP][PASSED] - navigateToUrl: Navigate to 'https://assist2-uat.perkeso.gov.my/login' successfully

2018-12-06 20:24:39 - [MESSAGE][PASSED] - Navigate to 'https://assist2-uat.perkeso.gov.my/login' successfully

2018-12-06 20:24:39 - [TEST_STEP][PASSED] - setText: Text 'johoruo2@gmail.com' is set on object 'Object Repository/Final Object Repo/Login Page/Internal User/Email Address'

2018-12-06 20:24:39 - [MESSAGE][PASSED] - Text 'johoruo2@gmail.com' is set on object 'Object Repository/Final Object Repo/Login Page/Internal User/Email Address'

2018-12-06 20:24:39 - [TEST_STEP][PASSED] - click: Object: 'Object Repository/Final Object Repo/Login Page/Internal User/Next Button' is clicked on

2018-12-06 20:24:40 - [MESSAGE][PASSED] - Object: 'Object Repository/Final Object Repo/Login Page/Internal User/Next Button' is clicked on

2018-12-06 20:24:40 - [TEST_STEP][PASSED] - delay: Delayed 1 second(s)

2018-12-06 20:24:41 - [MESSAGE][PASSED] - Delayed 1 second(s)

2018-12-06 20:24:41 - [TEST_STEP][PASSED] - setEncryptedText: Text ****** has been set on object 'Object Repository/Final Object Repo/Login Page/Internal User/Password'

2018-12-06 20:24:41 - [MESSAGE][PASSED] - Text ****** has been set on object 'Object Repository/Final Object Repo/Login Page/Internal User/Password'

2018-12-06 20:24:41 - [TEST_STEP][PASSED] - click: Object: 'Object Repository/Final Object Repo/Login Page/Internal User/Login Button' is clicked on

2018-12-06 20:24:41 - [MESSAGE][PASSED] - Object: 'Object Repository/Final Object Repo/Login Page/Internal User/Login Button' is clicked on

2018-12-06 20:24:41 - [TEST_STEP][PASSED] - delay: Delayed 2 second(s)

2018-12-06 20:24:43 - [MESSAGE][PASSED] - Delayed 2 second(s)

2018-12-06 20:24:43 - [TEST_STEP][PASSED] - Statement - Try: Delayed 2 second(s)

2018-12-06 20:24:43 - [TEST_STEP][PASSED] - Statement - Checker = false: null

2018-12-06 20:24:43 - [TEST_STEP][PASSED] - Statement - Checker = com.kms.katalon.core.webui.keyword.WebUiBuiltInKeywords.verifyElementHasAttribute(com.kms.katalon.core.testobject.ObjectRepository.findTestObject(Final Object Repo/Landing Page/BM Detecting), "href", 20, OPTIONAL): Object 'Object Repository/Final Object Repo/Landing Page/BM Detecting' has attribute 'href'

2018-12-06 20:24:43 - [MESSAGE][PASSED] - Object 'Object Repository/Final Object Repo/Landing Page/BM Detecting' has attribute 'href'

2018-12-06 20:24:43 - [TEST_STEP][PASSED] - Statement - out.println(Checker): null

2018-12-06 20:24:43 - [TEST_STEP][PASSED] - Statement - If (Checker == false): null

2018-12-06 20:24:43 - [TEST_STEP][PASSED] - Statement - Else: null

2018-12-06 20:24:43 - [TEST_STEP][PASSED] - delay: Delayed 2 second(s)

2018-12-06 20:24:45 - [MESSAGE][PASSED] - Delayed 2 second(s)

2018-12-06 20:24:45 - [TEST_STEP][PASSED] - click: Object: 'Object Repository/Final Object Repo/Page_MyASSIST - ASSIST - Search Pending Case For Add Supporting Document/Search Information' is clicked on

2018-12-06 20:24:45 - [MESSAGE][PASSED] - Object: 'Object Repository/Final Object Repo/Page_MyASSIST - ASSIST - Search Pending Case For Add Supporting Document/Search Information' is clicked on

2018-12-06 20:24:45 - [TEST_STEP][PASSED] - delay: Delayed 3 second(s)

2018-12-06 20:24:48 - [MESSAGE][PASSED] - Delayed 3 second(s)

2018-12-06 20:24:48 - [TEST_STEP][PASSED] - sendKeys: Keys 'CUN122018C200001702' sent to object: 'Object Repository/Final Object Repo/Page_MyASSIST - ASSIST - Search Pending Case For Add Supporting Document/Reference No'

2018-12-06 20:24:48 - [MESSAGE][PASSED] - Keys 'CUN122018C200001702' sent to object: 'Object Repository/Final Object Repo/Page_MyASSIST - ASSIST - Search Pending Case For Add Supporting Document/Reference No'

2018-12-06 20:24:48 - [TEST_STEP][PASSED] - click: Object: 'Object Repository/Final Object Repo/Page_MyASSIST - ASSIST - Search Pending Case For Add Supporting Document/Search Reference No' is clicked on

2018-12-06 20:24:49 - [MESSAGE][PASSED] - Object: 'Object Repository/Final Object Repo/Page_MyASSIST - ASSIST - Search Pending Case For Add Supporting Document/Search Reference No' is clicked on

2018-12-06 20:24:49 - [TEST_STEP][PASSED] - delay: Delayed 2 second(s)

2018-12-06 20:24:51 - [MESSAGE][PASSED] - Delayed 2 second(s)

2018-12-06 20:24:51 - [TEST_STEP][PASSED] - click: Object: 'Object Repository/Final Object Repo/Page_MyASSIST - ASSIST - Search Pending Case For Add Supporting Document/Continue' is clicked on

2018-12-06 20:24:54 - [MESSAGE][PASSED] - Object: 'Object Repository/Final Object Repo/Page_MyASSIST - ASSIST - Search Pending Case For Add Supporting Document/Continue' is clicked on

2018-12-06 20:24:54 - [TEST_STEP][PASSED] - delay: Delayed 20 second(s)

2018-12-06 20:25:14 - [MESSAGE][PASSED] - Delayed 20 second(s)

2018-12-06 20:25:14 - [MESSAGE][PASSED] - Call Test Case 'Test Cases/Final Aug 2018 - PKS Automation/Registration Module/Workflow/Login and Search Case For Workflow' successfully

2018-12-06 20:25:14 - [TEST_STEP][PASSED] - click: Object: 'Object Repository/Final Object Repo/Page_Form 1A - Cessation As Employer/Page_Form 1A - Cessation As Employer (Approve)/Save  Continue in Form 1A Page' is clicked on

2018-12-06 20:25:14 - [MESSAGE][PASSED] - Object: 'Object Repository/Final Object Repo/Page_Form 1A - Cessation As Employer/Page_Form 1A - Cessation As Employer (Approve)/Save  Continue in Form 1A Page' is clicked on

2018-12-06 20:25:14 - [TEST_STEP][PASSED] - delay: Delayed 2 second(s)

2018-12-06 20:25:16 - [MESSAGE][PASSED] - Delayed 2 second(s)

2018-12-06 20:25:16 - [TEST_STEP][PASSED] - click: Object: 'Object Repository/Final Object Repo/Page_Form 1A - Cessation As Employer/Employment Resign Date' is clicked on

2018-12-06 20:25:16 - [MESSAGE][PASSED] - Object: 'Object Repository/Final Object Repo/Page_Form 1A - Cessation As Employer/Employment Resign Date' is clicked on

2018-12-06 20:25:16 - [TEST_STEP][PASSED] - delay: Delayed 1 second(s)

2018-12-06 20:25:17 - [MESSAGE][PASSED] - Delayed 1 second(s)

2018-12-06 20:25:17 - [TEST_STEP][PASSED] - selectOptionByValue: All options with value '2030' are selected in object 'Object Repository/Final Object Repo/Page_Form 1A - Cessation As Employer/Employment Resign Date - Year' 

2018-12-06 20:25:18 - [MESSAGE][PASSED] - All options with value '2030' are selected in object 'Object Repository/Final Object Repo/Page_Form 1A - Cessation As Employer/Employment Resign Date - Year' 

2018-12-06 20:25:18 - [TEST_STEP][PASSED] - delay: Delayed 1 second(s)

2018-12-06 20:25:19 - [MESSAGE][PASSED] - Delayed 1 second(s)

2018-12-06 20:25:19 - [TEST_STEP][PASSED] - click: Object: 'Object Repository/Final Object Repo/Page_Form 1A - Cessation As Employer/Employment Resign Date - Year - Date' is clicked on

2018-12-06 20:25:19 - [MESSAGE][PASSED] - Object: 'Object Repository/Final Object Repo/Page_Form 1A - Cessation As Employer/Employment Resign Date - Year - Date' is clicked on

2018-12-06 20:25:19 - [TEST_STEP][PASSED] - delay: Delayed 2 second(s)

2018-12-06 20:25:21 - [MESSAGE][PASSED] - Delayed 2 second(s)

2018-12-06 20:25:21 - [TEST_STEP][PASSED] - click: Object: 'Object Repository/Final Object Repo/Page_Form 1A - Cessation As Employer/Page_Form 1A - Cessation As Employer (Approve)/Save  Continue in Update Add Employee Resigned Date Page' is clicked on

2018-12-06 20:25:21 - [MESSAGE][PASSED] - Object: 'Object Repository/Final Object Repo/Page_Form 1A - Cessation As Employer/Page_Form 1A - Cessation As Employer (Approve)/Save  Continue in Update Add Employee Resigned Date Page' is clicked on

2018-12-06 20:25:21 - [TEST_STEP][PASSED] - delay: Delayed 2 second(s)

2018-12-06 20:25:23 - [MESSAGE][PASSED] - Delayed 2 second(s)

2018-12-06 20:25:23 - [TEST_STEP][PASSED] - click: Object: 'Object Repository/Final Object Repo/Page_Form 1A - Cessation As Employer/Set Latest - Yes' is clicked on

2018-12-06 20:25:23 - [MESSAGE][PASSED] - Object: 'Object Repository/Final Object Repo/Page_Form 1A - Cessation As Employer/Set Latest - Yes' is clicked on

2018-12-06 20:25:23 - [TEST_STEP][PASSED] - delay: Delayed 2 second(s)

2018-12-06 20:25:25 - [MESSAGE][PASSED] - Delayed 2 second(s)

2018-12-06 20:25:25 - [TEST_STEP][PASSED] - click: Object: 'Object Repository/Final Object Repo/Page_Form 1A - Cessation As Employer/Page_Form 1A - Cessation As Employer (Approve)/Save  Contine in Uploading Document Page' is clicked on

2018-12-06 20:25:26 - [MESSAGE][PASSED] - Object: 'Object Repository/Final Object Repo/Page_Form 1A - Cessation As Employer/Page_Form 1A - Cessation As Employer (Approve)/Save  Contine in Uploading Document Page' is clicked on

2018-12-06 20:25:26 - [TEST_STEP][PASSED] - delay: Delayed 2 second(s)

2018-12-06 20:25:28 - [MESSAGE][PASSED] - Delayed 2 second(s)

2018-12-06 20:25:28 - [TEST_STEP][PASSED] - click: Object: 'Object Repository/Final Object Repo/Page_Form 1A - Cessation As Employer/Page_Form 1A - Cessation As Employer (Under enforcement)/Under enforcement' is clicked on

2018-12-06 20:25:31 - [MESSAGE][PASSED] - Object: 'Object Repository/Final Object Repo/Page_Form 1A - Cessation As Employer/Page_Form 1A - Cessation As Employer (Under enforcement)/Under enforcement' is clicked on

2018-12-06 20:25:31 - [TEST_STEP][PASSED] - delay: Delayed 2 second(s)

2018-12-06 20:25:33 - [MESSAGE][PASSED] - Delayed 2 second(s)

2018-12-06 20:25:33 - [TEST_STEP][PASSED] - setText: Text 'remark' is set on object 'Object Repository/Final Object Repo/Page_Form 1A - Cessation As Employer/Page_Form 1A - Cessation As Employer (Under enforcement)/Under enforcement - remark'

2018-12-06 20:25:33 - [MESSAGE][PASSED] - Text 'remark' is set on object 'Object Repository/Final Object Repo/Page_Form 1A - Cessation As Employer/Page_Form 1A - Cessation As Employer (Under enforcement)/Under enforcement - remark'

2018-12-06 20:25:33 - [TEST_STEP][PASSED] - delay: Delayed 2 second(s)

2018-12-06 20:25:35 - [MESSAGE][PASSED] - Delayed 2 second(s)

2018-12-06 20:25:35 - [TEST_STEP][PASSED] - click: Object: 'Object Repository/Final Object Repo/Page_Form 1A - Cessation As Employer/Page_Form 1A - Cessation As Employer (Under enforcement)/Save  Continue in Under enforcement Page' is clicked on

2018-12-06 20:25:35 - [MESSAGE][PASSED] - Object: 'Object Repository/Final Object Repo/Page_Form 1A - Cessation As Employer/Page_Form 1A - Cessation As Employer (Under enforcement)/Save  Continue in Under enforcement Page' is clicked on

2018-12-06 20:25:35 - [TEST_STEP][PASSED] - delay: Delayed 2 second(s)

2018-12-06 20:25:37 - [MESSAGE][PASSED] - Delayed 2 second(s)

2018-12-06 20:25:37 - [TEST_STEP][PASSED] - click: Object: 'Object Repository/Final Object Repo/Page_Form 1A - Cessation As Employer/Page_Form 1A - Cessation As Employer (Under enforcement)/Message The case is under enforcement' is clicked on

2018-12-06 20:25:39 - [MESSAGE][PASSED] - Object: 'Object Repository/Final Object Repo/Page_Form 1A - Cessation As Employer/Page_Form 1A - Cessation As Employer (Under enforcement)/Message The case is under enforcement' is clicked on

2018-12-06 20:25:39 - [MESSAGE][PASSED] - Call Test Case 'Test Cases/Final Aug 2018 - PKS Automation/Registration Module/Workflow/Form 1A - Cessation As Employer/Template/Form 1 A - Cessation As Employer (Under enforcement)' successfully]]></system-out>
         <system-err><![CDATA[]]></system-err>
      </testcase>
      <testcase name="Test Cases/Final Aug 2018 - PKS Automation/Registration Module/Workflow/Form 1A - Cessation As Employer/PKRBO to UO (Approve)" classname="Test Cases/Final Aug 2018 - PKS Automation/Registration Module/Workflow/Form 1A - Cessation As Employer/PKRBO to UO (Approve)" status="PASSED">
         <system-out><![CDATA[2018-12-06 20:25:39 - [TEST_CASE][PASSED] - Test Cases/Final Aug 2018 - PKS Automation/Registration Module/Workflow/Form 1A - Cessation As Employer/PKRBO to UO (Approve): Test Cases/Final Aug 2018 - PKS Automation/Registration Module/Workflow/Form 1A - Cessation As Employer/PKRBO to UO (Approve)

2018-12-06 20:25:39 - [TEST_STEP][PASSED] - callTestCase: Call Test Case 'Test Cases/Final Aug 2018 - PKS Automation/Registration Module/Workflow/Form 1A - Cessation As Employer/Template/Form 1 A - Cessation As Employer (PKRBO)' successfully

2018-12-06 20:25:39 - [TEST_CASE][PASSED] - Test Cases/Final Aug 2018 - PKS Automation/Registration Module/Workflow/Form 1A - Cessation As Employer/Template/Form 1 A - Cessation As Employer (PKRBO): Test Cases/Final Aug 2018 - PKS Automation/Registration Module/Workflow/Form 1A - Cessation As Employer/Template/Form 1 A - Cessation As Employer (PKRBO)

2018-12-06 20:25:40 - [TEST_STEP][PASSED] - openBrowser: Browser is opened with url: ''

2018-12-06 20:25:40 - [MESSAGE][WARNING] - A browser is already opened. Closing browser and opening a new one

2018-12-06 20:25:43 - [MESSAGE][PASSED] - Browser is opened with url: ''

2018-12-06 20:25:43 - [TEST_STEP][PASSED] - navigateToUrl: Navigate to 'https://assist2-uat.perkeso.gov.my/login' successfully

2018-12-06 20:25:44 - [MESSAGE][PASSED] - Navigate to 'https://assist2-uat.perkeso.gov.my/login' successfully

2018-12-06 20:25:44 - [TEST_STEP][PASSED] - setText: Text 'johorpkrbo1@gmail.com' is set on object 'Object Repository/Final Object Repo/Login Page/Internal User/Email Address'

2018-12-06 20:25:45 - [MESSAGE][PASSED] - Text 'johorpkrbo1@gmail.com' is set on object 'Object Repository/Final Object Repo/Login Page/Internal User/Email Address'

2018-12-06 20:25:45 - [TEST_STEP][PASSED] - click: Object: 'Object Repository/Final Object Repo/Login Page/Internal User/Next Button' is clicked on

2018-12-06 20:25:45 - [MESSAGE][PASSED] - Object: 'Object Repository/Final Object Repo/Login Page/Internal User/Next Button' is clicked on

2018-12-06 20:25:45 - [TEST_STEP][PASSED] - delay: Delayed 1 second(s)

2018-12-06 20:25:46 - [MESSAGE][PASSED] - Delayed 1 second(s)

2018-12-06 20:25:46 - [TEST_STEP][PASSED] - setEncryptedText: Text ****** has been set on object 'Object Repository/Final Object Repo/Login Page/Internal User/Password'

2018-12-06 20:25:46 - [MESSAGE][PASSED] - Text ****** has been set on object 'Object Repository/Final Object Repo/Login Page/Internal User/Password'

2018-12-06 20:25:46 - [TEST_STEP][PASSED] - click: Object: 'Object Repository/Final Object Repo/Login Page/Internal User/Login Button' is clicked on

2018-12-06 20:25:46 - [MESSAGE][PASSED] - Object: 'Object Repository/Final Object Repo/Login Page/Internal User/Login Button' is clicked on

2018-12-06 20:25:46 - [TEST_STEP][PASSED] - delay: Delayed 1 second(s)

2018-12-06 20:25:47 - [MESSAGE][PASSED] - Delayed 1 second(s)

2018-12-06 20:25:47 - [TEST_STEP][PASSED] - Statement - Try: Delayed 2 second(s)

2018-12-06 20:25:47 - [TEST_STEP][PASSED] - Statement - Checker = false: null

2018-12-06 20:25:47 - [TEST_STEP][PASSED] - Statement - Checker = com.kms.katalon.core.webui.keyword.WebUiBuiltInKeywords.verifyElementHasAttribute(com.kms.katalon.core.testobject.ObjectRepository.findTestObject(Final Object Repo/Landing Page/BM Detecting), "href", 20, OPTIONAL): Object 'Object Repository/Final Object Repo/Landing Page/BM Detecting' has attribute 'href'

2018-12-06 20:25:49 - [MESSAGE][PASSED] - Object 'Object Repository/Final Object Repo/Landing Page/BM Detecting' has attribute 'href'

2018-12-06 20:25:49 - [TEST_STEP][PASSED] - Statement - out.println(Checker): null

2018-12-06 20:25:49 - [TEST_STEP][PASSED] - Statement - If (Checker == false): null

2018-12-06 20:25:49 - [TEST_STEP][PASSED] - Statement - Else: null

2018-12-06 20:25:49 - [TEST_STEP][PASSED] - delay: Delayed 2 second(s)

2018-12-06 20:25:51 - [MESSAGE][PASSED] - Delayed 2 second(s)

2018-12-06 20:25:51 - [TEST_STEP][PASSED] - navigateToUrl: Navigate to 'https://assist2-uat.perkeso.gov.my/web/registration/update/form-1a-cessation-as-employer-discontinue-business-' successfully

2018-12-06 20:25:52 - [MESSAGE][PASSED] - Navigate to 'https://assist2-uat.perkeso.gov.my/web/registration/update/form-1a-cessation-as-employer-discontinue-business-' successfully

2018-12-06 20:25:52 - [TEST_STEP][PASSED] - setText: Text 'E1102069770Z' is set on object 'Object Repository/Final Object Repo/Page_Update Employer Information/Employer Code'

2018-12-06 20:25:52 - [MESSAGE][PASSED] - Text 'E1102069770Z' is set on object 'Object Repository/Final Object Repo/Page_Update Employer Information/Employer Code'

2018-12-06 20:25:52 - [TEST_STEP][PASSED] - click: Object: 'Object Repository/Final Object Repo/Page_Update Employer Information/Search Button' is clicked on

2018-12-06 20:25:52 - [MESSAGE][PASSED] - Object: 'Object Repository/Final Object Repo/Page_Update Employer Information/Search Button' is clicked on

2018-12-06 20:25:52 - [TEST_STEP][PASSED] - click: Object: 'Object Repository/Final Object Repo/Page_Update Employer Information/Edit Button' is clicked on

2018-12-06 20:25:55 - [MESSAGE][PASSED] - Object: 'Object Repository/Final Object Repo/Page_Update Employer Information/Edit Button' is clicked on

2018-12-06 20:25:55 - [TEST_STEP][PASSED] - Statement - abc = com.kms.katalon.core.webui.keyword.WebUiBuiltInKeywords.getAttribute(com.kms.katalon.core.testobject.ObjectRepository.findTestObject(Final Object Repo/Page_Form 1A - Cessation As Employer/Employer Status), "value"): Attribute 'value' of object 'Object Repository/Final Object Repo/Page_Form 1A - Cessation As Employer/Employer Status' is: 'Dormant'

2018-12-06 20:25:55 - [MESSAGE][PASSED] - Attribute 'value' of object 'Object Repository/Final Object Repo/Page_Form 1A - Cessation As Employer/Employer Status' is: 'Dormant'

2018-12-06 20:25:55 - [TEST_STEP][PASSED] - Statement - out.println(abc): null

2018-12-06 20:25:55 - [TEST_STEP][PASSED] - Statement - If (abc == "Active"): null

2018-12-06 20:25:55 - [TEST_STEP][PASSED] - Statement - Else If (abc == "Cancel"): null

2018-12-06 20:25:55 - [TEST_STEP][PASSED] - Statement - Else If (abc == "Dormant"): Object: 'Object Repository/Final Object Repo/Page_Form 1A - Cessation As Employer/Change Employer Status to - Dormant' is clicked on

2018-12-06 20:25:55 - [TEST_STEP][PASSED] - click: Object: 'Object Repository/Final Object Repo/Page_Form 1A - Cessation As Employer/Change Employer Status to' is clicked on

2018-12-06 20:25:55 - [MESSAGE][PASSED] - Object: 'Object Repository/Final Object Repo/Page_Form 1A - Cessation As Employer/Change Employer Status to' is clicked on

2018-12-06 20:25:55 - [TEST_STEP][PASSED] - click: Object: 'Object Repository/Final Object Repo/Page_Form 1A - Cessation As Employer/Change Employer Status to - Dormant' is clicked on

2018-12-06 20:25:55 - [MESSAGE][PASSED] - Object: 'Object Repository/Final Object Repo/Page_Form 1A - Cessation As Employer/Change Employer Status to - Dormant' is clicked on

2018-12-06 20:25:55 - [TEST_STEP][PASSED] - click: Object: 'Object Repository/Final Object Repo/Page_Form 1A - Cessation As Employer/Calender' is clicked on

2018-12-06 20:25:55 - [MESSAGE][PASSED] - Object: 'Object Repository/Final Object Repo/Page_Form 1A - Cessation As Employer/Calender' is clicked on

2018-12-06 20:25:55 - [TEST_STEP][PASSED] - click: Object: 'Object Repository/Final Object Repo/Page_Form 1A - Cessation As Employer/Calender - Date' is clicked on

2018-12-06 20:25:55 - [MESSAGE][PASSED] - Object: 'Object Repository/Final Object Repo/Page_Form 1A - Cessation As Employer/Calender - Date' is clicked on

2018-12-06 20:25:55 - [TEST_STEP][PASSED] - delay: Delayed 2 second(s)

2018-12-06 20:25:57 - [MESSAGE][PASSED] - Delayed 2 second(s)

2018-12-06 20:25:57 - [TEST_STEP][PASSED] - click: Object: 'Object Repository/Final Object Repo/Page_Form 1A - Cessation As Employer/Save  Continue in Form 1A Page' is clicked on

2018-12-06 20:25:58 - [MESSAGE][PASSED] - Object: 'Object Repository/Final Object Repo/Page_Form 1A - Cessation As Employer/Save  Continue in Form 1A Page' is clicked on

2018-12-06 20:25:58 - [TEST_STEP][PASSED] - delay: Delayed 2 second(s)

2018-12-06 20:26:00 - [MESSAGE][PASSED] - Delayed 2 second(s)

2018-12-06 20:26:00 - [TEST_STEP][PASSED] - click: Object: 'Object Repository/Final Object Repo/Page_Form 1A - Cessation As Employer/Employment Resign Date' is clicked on

2018-12-06 20:26:00 - [MESSAGE][PASSED] - Object: 'Object Repository/Final Object Repo/Page_Form 1A - Cessation As Employer/Employment Resign Date' is clicked on

2018-12-06 20:26:00 - [TEST_STEP][PASSED] - delay: Delayed 1 second(s)

2018-12-06 20:26:01 - [MESSAGE][PASSED] - Delayed 1 second(s)

2018-12-06 20:26:01 - [TEST_STEP][PASSED] - Statement - CaseReferenceNo = com.kms.katalon.core.webui.keyword.WebUiBuiltInKeywords.getText(com.kms.katalon.core.testobject.ObjectRepository.findTestObject(Final Object Repo/Page_Update Employer Information/Reference Number in Update Employee Information Page)): Text of object 'Object Repository/Final Object Repo/Page_Update Employer Information/Reference Number in Update Employee Information Page' is: 'CUN122018C200001703'

2018-12-06 20:26:01 - [MESSAGE][PASSED] - Text of object 'Object Repository/Final Object Repo/Page_Update Employer Information/Reference Number in Update Employee Information Page' is: 'CUN122018C200001703'

2018-12-06 20:26:01 - [TEST_STEP][PASSED] - Statement - out.println(CaseReferenceNo): null

2018-12-06 20:26:01 - [TEST_STEP][PASSED] - callTestCase: Call Test Case 'Test Cases/Final Aug 2018 - PKS Automation/Common/Reference Number Setter' successfully

2018-12-06 20:26:01 - [TEST_CASE][PASSED] - Test Cases/Final Aug 2018 - PKS Automation/Common/Reference Number Setter: Test Cases/Final Aug 2018 - PKS Automation/Common/Reference Number Setter

2018-12-06 20:26:01 - [TEST_STEP][PASSED] - Statement - RefNoOldFile = new java.io.File(C://Users//Admin//Desktop//PKS//Automation Reference Point//KatalonReference.txt): null

2018-12-06 20:26:01 - [TEST_STEP][PASSED] - Statement - RefNoOldFile.delete(): null

2018-12-06 20:26:01 - [TEST_STEP][PASSED] - delay: Delayed 5 second(s)

2018-12-06 20:26:06 - [MESSAGE][PASSED] - Delayed 5 second(s)

2018-12-06 20:26:06 - [TEST_STEP][PASSED] - Statement - RefNo = new java.io.File(C://Users//Admin//Desktop//PKS//Automation Reference Point//KatalonReference.txt): null

2018-12-06 20:26:06 - [TEST_STEP][PASSED] - Statement - f2 = new java.io.FileWriter(RefNo, false): null

2018-12-06 20:26:06 - [TEST_STEP][PASSED] - Statement - f2.write(CaseReferenceNo): null

2018-12-06 20:26:06 - [TEST_STEP][PASSED] - Statement - f2.close(): null

2018-12-06 20:26:06 - [TEST_STEP][PASSED] - Statement - out.println("


" + CaseReferenceNo + "


"): null

2018-12-06 20:26:06 - [MESSAGE][PASSED] - Call Test Case 'Test Cases/Final Aug 2018 - PKS Automation/Common/Reference Number Setter' successfully

2018-12-06 20:26:06 - [TEST_STEP][PASSED] - selectOptionByValue: All options with value '2030' are selected in object 'Object Repository/Final Object Repo/Page_Form 1A - Cessation As Employer/Employment Resign Date - Year' 

2018-12-06 20:26:06 - [MESSAGE][PASSED] - All options with value '2030' are selected in object 'Object Repository/Final Object Repo/Page_Form 1A - Cessation As Employer/Employment Resign Date - Year' 

2018-12-06 20:26:06 - [TEST_STEP][PASSED] - delay: Delayed 1 second(s)

2018-12-06 20:26:07 - [MESSAGE][PASSED] - Delayed 1 second(s)

2018-12-06 20:26:07 - [TEST_STEP][PASSED] - click: Object: 'Object Repository/Final Object Repo/Page_Form 1A - Cessation As Employer/Employment Resign Date - Year - Date' is clicked on

2018-12-06 20:26:07 - [MESSAGE][PASSED] - Object: 'Object Repository/Final Object Repo/Page_Form 1A - Cessation As Employer/Employment Resign Date - Year - Date' is clicked on

2018-12-06 20:26:07 - [TEST_STEP][PASSED] - delay: Delayed 2 second(s)

2018-12-06 20:26:09 - [MESSAGE][PASSED] - Delayed 2 second(s)

2018-12-06 20:26:09 - [TEST_STEP][PASSED] - click: Object: 'Object Repository/Final Object Repo/Page_Form 1A - Cessation As Employer/Save  Continue in Update Add Employee Resigned Date Page' is clicked on

2018-12-06 20:26:10 - [MESSAGE][PASSED] - Object: 'Object Repository/Final Object Repo/Page_Form 1A - Cessation As Employer/Save  Continue in Update Add Employee Resigned Date Page' is clicked on

2018-12-06 20:26:10 - [TEST_STEP][PASSED] - delay: Delayed 2 second(s)

2018-12-06 20:26:12 - [MESSAGE][PASSED] - Delayed 2 second(s)

2018-12-06 20:26:12 - [TEST_STEP][PASSED] - click: Object: 'Object Repository/Final Object Repo/Page_Form 1A - Cessation As Employer/Set Latest - Yes' is clicked on

2018-12-06 20:26:12 - [MESSAGE][PASSED] - Object: 'Object Repository/Final Object Repo/Page_Form 1A - Cessation As Employer/Set Latest - Yes' is clicked on

2018-12-06 20:26:12 - [TEST_STEP][PASSED] - delay: Delayed 2 second(s)

2018-12-06 20:26:14 - [MESSAGE][PASSED] - Delayed 2 second(s)

2018-12-06 20:26:14 - [TEST_STEP][PASSED] - click: Object: 'Object Repository/Final Object Repo/Page_Form 1A - Cessation As Employer/Add Document' is clicked on

2018-12-06 20:26:15 - [MESSAGE][PASSED] - Object: 'Object Repository/Final Object Repo/Page_Form 1A - Cessation As Employer/Add Document' is clicked on

2018-12-06 20:26:15 - [TEST_STEP][PASSED] - delay: Delayed 2 second(s)

2018-12-06 20:26:17 - [MESSAGE][PASSED] - Delayed 2 second(s)

2018-12-06 20:26:17 - [TEST_STEP][PASSED] - click: Object: 'Object Repository/Final Object Repo/Page_Form 1A - Cessation As Employer/Document Type' is clicked on

2018-12-06 20:26:18 - [MESSAGE][PASSED] - Object: 'Object Repository/Final Object Repo/Page_Form 1A - Cessation As Employer/Document Type' is clicked on

2018-12-06 20:26:18 - [TEST_STEP][PASSED] - delay: Delayed 2 second(s)

2018-12-06 20:26:20 - [MESSAGE][PASSED] - Delayed 2 second(s)

2018-12-06 20:26:20 - [TEST_STEP][PASSED] - click: Object: 'Object Repository/Final Object Repo/Page_Form 1A - Cessation As Employer/Document Type - Supporting Document For Cessation' is clicked on

2018-12-06 20:26:20 - [MESSAGE][PASSED] - Object: 'Object Repository/Final Object Repo/Page_Form 1A - Cessation As Employer/Document Type - Supporting Document For Cessation' is clicked on

2018-12-06 20:26:20 - [TEST_STEP][PASSED] - delay: Delayed 2 second(s)

2018-12-06 20:26:22 - [MESSAGE][PASSED] - Delayed 2 second(s)

2018-12-06 20:26:22 - [TEST_STEP][PASSED] - sendKeys: Keys 'C:\Users\Public\Pictures\Sample Pictures\Koala.jpg' sent to object: 'Object Repository/Final Object Repo/Page_Form 1A - Cessation As Employer/Uploading File'

2018-12-06 20:26:22 - [MESSAGE][PASSED] - Keys 'C:\Users\Public\Pictures\Sample Pictures\Koala.jpg' sent to object: 'Object Repository/Final Object Repo/Page_Form 1A - Cessation As Employer/Uploading File'

2018-12-06 20:26:22 - [TEST_STEP][PASSED] - delay: Delayed 2 second(s)

2018-12-06 20:26:24 - [MESSAGE][PASSED] - Delayed 2 second(s)

2018-12-06 20:26:24 - [TEST_STEP][PASSED] - click: Object: 'Object Repository/Final Object Repo/Page_Form 1A - Cessation As Employer/Add Document in Uploading Page' is clicked on

2018-12-06 20:26:24 - [MESSAGE][PASSED] - Object: 'Object Repository/Final Object Repo/Page_Form 1A - Cessation As Employer/Add Document in Uploading Page' is clicked on

2018-12-06 20:26:24 - [TEST_STEP][PASSED] - delay: Delayed 15 second(s)

2018-12-06 20:26:39 - [MESSAGE][PASSED] - Delayed 15 second(s)

2018-12-06 20:26:39 - [TEST_STEP][PASSED] - click: Object: 'Object Repository/Final Object Repo/Page_Form 1A - Cessation As Employer/Save  Continue in Uploading Page' is clicked on

2018-12-06 20:26:39 - [MESSAGE][PASSED] - Object: 'Object Repository/Final Object Repo/Page_Form 1A - Cessation As Employer/Save  Continue in Uploading Page' is clicked on

2018-12-06 20:26:39 - [TEST_STEP][PASSED] - delay: Delayed 2 second(s)

2018-12-06 20:26:41 - [MESSAGE][PASSED] - Delayed 2 second(s)

2018-12-06 20:26:41 - [TEST_STEP][PASSED] - click: Object: 'Object Repository/Final Object Repo/Page_Form 1A - Cessation As Employer/Submit2' is clicked on

2018-12-06 20:26:44 - [MESSAGE][PASSED] - Object: 'Object Repository/Final Object Repo/Page_Form 1A - Cessation As Employer/Submit2' is clicked on

2018-12-06 20:26:44 - [TEST_STEP][PASSED] - delay: Delayed 2 second(s)

2018-12-06 20:26:46 - [MESSAGE][PASSED] - Delayed 2 second(s)

2018-12-06 20:26:46 - [TEST_STEP][PASSED] - click: Object: 'Object Repository/Final Object Repo/Page_Form 1A - Cessation As Employer/Confirm' is clicked on

2018-12-06 20:26:47 - [MESSAGE][PASSED] - Object: 'Object Repository/Final Object Repo/Page_Form 1A - Cessation As Employer/Confirm' is clicked on

2018-12-06 20:26:47 - [TEST_STEP][PASSED] - delay: Delayed 2 second(s)

2018-12-06 20:26:49 - [MESSAGE][PASSED] - Delayed 2 second(s)

2018-12-06 20:26:49 - [TEST_STEP][PASSED] - verifyElementVisible: Object 'Object Repository/Final Object Repo/Page_Form 1A - Cessation As Employer/Message Your Request will be routed to UO' is visible

2018-12-06 20:26:52 - [MESSAGE][PASSED] - Object 'Object Repository/Final Object Repo/Page_Form 1A - Cessation As Employer/Message Your Request will be routed to UO' is visible

2018-12-06 20:26:52 - [TEST_STEP][PASSED] - delay: Delayed 1 second(s)

2018-12-06 20:26:53 - [MESSAGE][PASSED] - Delayed 1 second(s)

2018-12-06 20:26:53 - [TEST_STEP][PASSED] - verifyElementVisible: Object 'Object Repository/Final Object Repo/Page_Form 1A - Cessation As Employer/Letter of acknowledgement' is visible

2018-12-06 20:26:53 - [MESSAGE][PASSED] - Object 'Object Repository/Final Object Repo/Page_Form 1A - Cessation As Employer/Letter of acknowledgement' is visible

2018-12-06 20:26:53 - [MESSAGE][PASSED] - Call Test Case 'Test Cases/Final Aug 2018 - PKS Automation/Registration Module/Workflow/Form 1A - Cessation As Employer/Template/Form 1 A - Cessation As Employer (PKRBO)' successfully

2018-12-06 20:26:53 - [TEST_STEP][PASSED] - callTestCase: Call Test Case 'Test Cases/Final Aug 2018 - PKS Automation/Registration Module/Workflow/Form 1A - Cessation As Employer/Template/Form 1 A - Cessation As Employer (Approve)' successfully

2018-12-06 20:26:53 - [TEST_CASE][PASSED] - Test Cases/Final Aug 2018 - PKS Automation/Registration Module/Workflow/Form 1A - Cessation As Employer/Template/Form 1 A - Cessation As Employer (Approve): Test Cases/Final Aug 2018 - PKS Automation/Registration Module/Workflow/Form 1A - Cessation As Employer/Template/Form 1 A - Cessation As Employer (Approve)

2018-12-06 20:26:53 - [TEST_STEP][NOT_RUN] - callTestCase: NOT_RUN: callTestCase

2018-12-06 20:26:53 - [MESSAGE][NOT_RUN] - NOT_RUN: callTestCase

2018-12-06 20:26:53 - [TEST_STEP][PASSED] - delay: Delayed 1 second(s)

2018-12-06 20:26:54 - [MESSAGE][PASSED] - Delayed 1 second(s)

2018-12-06 20:26:54 - [TEST_STEP][PASSED] - navigateToUrl: Navigate to 'https://assist2-uat.perkeso.gov.my/c/portal/logout' successfully

2018-12-06 20:26:55 - [MESSAGE][PASSED] - Navigate to 'https://assist2-uat.perkeso.gov.my/c/portal/logout' successfully

2018-12-06 20:26:55 - [TEST_STEP][PASSED] - delay: Delayed 1 second(s)

2018-12-06 20:26:56 - [MESSAGE][PASSED] - Delayed 1 second(s)

2018-12-06 20:26:56 - [TEST_STEP][PASSED] - callTestCase: Call Test Case 'Test Cases/Final Aug 2018 - PKS Automation/Common/Reference Number Getter' successfully

2018-12-06 20:26:56 - [TEST_CASE][PASSED] - Test Cases/Final Aug 2018 - PKS Automation/Common/Reference Number Getter: Test Cases/Final Aug 2018 - PKS Automation/Common/Reference Number Getter

2018-12-06 20:26:56 - [TEST_STEP][PASSED] - Statement - Try: null

2018-12-06 20:26:56 - [TEST_STEP][PASSED] - Statement - RefNo = new java.io.File(C://Users//Admin//Desktop//PKS//Automation Reference Point//KatalonReference.txt): null

2018-12-06 20:26:56 - [TEST_STEP][PASSED] - Statement - bufferread = new java.io.BufferedReader(new java.io.FileReader(RefNo)): null

2018-12-06 20:26:56 - [TEST_STEP][PASSED] - Statement - readedVal = bufferread.readLine(): null

2018-12-06 20:26:56 - [TEST_STEP][PASSED] - Statement - out.println(CaseReferenceNo): null

2018-12-06 20:26:56 - [TEST_STEP][PASSED] - Statement - out.println(readedVal): null

2018-12-06 20:26:56 - [TEST_STEP][PASSED] - Statement - CaseReferenceNo = "": null

2018-12-06 20:26:56 - [TEST_STEP][PASSED] - Statement - CaseReferenceNo = readedVal: null

2018-12-06 20:26:56 - [MESSAGE][PASSED] - Call Test Case 'Test Cases/Final Aug 2018 - PKS Automation/Common/Reference Number Getter' successfully

2018-12-06 20:26:56 - [TEST_STEP][PASSED] - callTestCase: Call Test Case 'Test Cases/Final Aug 2018 - PKS Automation/Common/Workflow Owner Finder' successfully

2018-12-06 20:26:56 - [TEST_CASE][PASSED] - Test Cases/Final Aug 2018 - PKS Automation/Common/Workflow Owner Finder: Test Cases/Final Aug 2018 - PKS Automation/Common/Workflow Owner Finder

2018-12-06 20:26:56 - [TEST_STEP][PASSED] - openBrowser: Browser is opened with url: ''

2018-12-06 20:26:56 - [MESSAGE][WARNING] - A browser is already opened. Closing browser and opening a new one

2018-12-06 20:27:00 - [MESSAGE][PASSED] - Browser is opened with url: ''

2018-12-06 20:27:00 - [TEST_STEP][PASSED] - navigateToUrl: Navigate to 'https://assist2-uat.perkeso.gov.my/login' successfully

2018-12-06 20:27:01 - [MESSAGE][PASSED] - Navigate to 'https://assist2-uat.perkeso.gov.my/login' successfully

2018-12-06 20:27:01 - [TEST_STEP][PASSED] - delay: Delayed 5 second(s)

2018-12-06 20:27:06 - [MESSAGE][PASSED] - Delayed 5 second(s)

2018-12-06 20:27:06 - [TEST_STEP][PASSED] - setText: Text 'test@liferay.com' is set on object 'Object Repository/Final Object Repo/Login Page/Internal User/Email Address'

2018-12-06 20:27:07 - [MESSAGE][PASSED] - Text 'test@liferay.com' is set on object 'Object Repository/Final Object Repo/Login Page/Internal User/Email Address'

2018-12-06 20:27:07 - [TEST_STEP][PASSED] - click: Object: 'Object Repository/Final Object Repo/Login Page/Internal User/Next Button' is clicked on

2018-12-06 20:27:07 - [MESSAGE][PASSED] - Object: 'Object Repository/Final Object Repo/Login Page/Internal User/Next Button' is clicked on

2018-12-06 20:27:07 - [TEST_STEP][PASSED] - delay: Delayed 2 second(s)

2018-12-06 20:27:09 - [MESSAGE][PASSED] - Delayed 2 second(s)

2018-12-06 20:27:09 - [TEST_STEP][PASSED] - setText: Text 'test' is set on object 'Object Repository/Final Object Repo/Login Page/Internal User/Password'

2018-12-06 20:27:09 - [MESSAGE][PASSED] - Text 'test' is set on object 'Object Repository/Final Object Repo/Login Page/Internal User/Password'

2018-12-06 20:27:09 - [TEST_STEP][PASSED] - delay: Delayed 2 second(s)

2018-12-06 20:27:11 - [MESSAGE][PASSED] - Delayed 2 second(s)

2018-12-06 20:27:11 - [TEST_STEP][PASSED] - click: Object: 'Object Repository/Final Object Repo/Login Page/Internal User/Login Button' is clicked on

2018-12-06 20:27:11 - [MESSAGE][PASSED] - Object: 'Object Repository/Final Object Repo/Login Page/Internal User/Login Button' is clicked on

2018-12-06 20:27:11 - [TEST_STEP][PASSED] - Statement - tester = com.kms.katalon.core.testobject.ObjectRepository.findTestObject(Final Object Repo/Landing Page/Select to English): Finding Test Object with id 'Object Repository/Final Object Repo/Landing Page/Select to English'

2018-12-06 20:27:11 - [TEST_STEP][PASSED] - Statement - Try: Delayed 2 second(s)

2018-12-06 20:27:11 - [TEST_STEP][PASSED] - Statement - Checker = com.kms.katalon.core.webui.keyword.WebUiBuiltInKeywords.verifyElementNotPresent(tester, 3): Web element with id: 'Object Repository/Final Object Repo/Landing Page/Select to English' located by 'By.xpath: //a[@class = 'taglib-language-list-text' and @lang = 'en-US' and (contains(text(), 'EN') or contains(., 'EN'))]' is not present after '3' second(s)

2018-12-06 20:27:13 - [MESSAGE][PASSED] - Web element with id: 'Object Repository/Final Object Repo/Landing Page/Select to English' located by 'By.xpath: //a[@class = 'taglib-language-list-text' and @lang = 'en-US' and (contains(text(), 'EN') or contains(., 'EN'))]' is not present after '3' second(s)

2018-12-06 20:27:13 - [TEST_STEP][PASSED] - Statement - If (Checker == false): null

2018-12-06 20:27:13 - [TEST_STEP][PASSED] - delay: Delayed 2 second(s)

2018-12-06 20:27:15 - [MESSAGE][PASSED] - Delayed 2 second(s)

2018-12-06 20:27:15 - [TEST_STEP][PASSED] - delay: Delayed 5 second(s)

2018-12-06 20:27:20 - [MESSAGE][PASSED] - Delayed 5 second(s)

2018-12-06 20:27:20 - [TEST_STEP][PASSED] - mouseOver: Object: 'Object Repository/Final Object Repo/Landing Page/WorkFlow Menu' is hovered

2018-12-06 20:27:20 - [MESSAGE][PASSED] - Object: 'Object Repository/Final Object Repo/Landing Page/WorkFlow Menu' is hovered

2018-12-06 20:27:20 - [TEST_STEP][PASSED] - delay: Delayed 2 second(s)

2018-12-06 20:27:22 - [MESSAGE][PASSED] - Delayed 2 second(s)

2018-12-06 20:27:22 - [TEST_STEP][PASSED] - click: Object: 'Object Repository/Final Object Repo/Landing Page/Select to Workflow Listing' is clicked on

2018-12-06 20:27:23 - [MESSAGE][PASSED] - Object: 'Object Repository/Final Object Repo/Landing Page/Select to Workflow Listing' is clicked on

2018-12-06 20:27:23 - [TEST_STEP][PASSED] - delay: Delayed 2 second(s)

2018-12-06 20:27:25 - [MESSAGE][PASSED] - Delayed 2 second(s)

2018-12-06 20:27:25 - [TEST_STEP][PASSED] - click: Object: 'Object Repository/Final Object Repo/WorkFlow Listing Page/Search Information - To Put Ref No' is clicked on

2018-12-06 20:27:26 - [MESSAGE][PASSED] - Object: 'Object Repository/Final Object Repo/WorkFlow Listing Page/Search Information - To Put Ref No' is clicked on

2018-12-06 20:27:26 - [TEST_STEP][PASSED] - delay: Delayed 2 second(s)

2018-12-06 20:27:28 - [MESSAGE][PASSED] - Delayed 2 second(s)

2018-12-06 20:27:28 - [TEST_STEP][PASSED] - callTestCase: Call Test Case 'Test Cases/Final Aug 2018 - PKS Automation/Common/Reference Number Getter' successfully

2018-12-06 20:27:28 - [TEST_CASE][PASSED] - Test Cases/Final Aug 2018 - PKS Automation/Common/Reference Number Getter: Test Cases/Final Aug 2018 - PKS Automation/Common/Reference Number Getter

2018-12-06 20:27:28 - [TEST_STEP][PASSED] - Statement - Try: null

2018-12-06 20:27:28 - [TEST_STEP][PASSED] - Statement - RefNo = new java.io.File(C://Users//Admin//Desktop//PKS//Automation Reference Point//KatalonReference.txt): null

2018-12-06 20:27:28 - [TEST_STEP][PASSED] - Statement - bufferread = new java.io.BufferedReader(new java.io.FileReader(RefNo)): null

2018-12-06 20:27:28 - [TEST_STEP][PASSED] - Statement - readedVal = bufferread.readLine(): null

2018-12-06 20:27:28 - [TEST_STEP][PASSED] - Statement - out.println(CaseReferenceNo): null

2018-12-06 20:27:28 - [TEST_STEP][PASSED] - Statement - out.println(readedVal): null

2018-12-06 20:27:28 - [TEST_STEP][PASSED] - Statement - CaseReferenceNo = "": null

2018-12-06 20:27:28 - [TEST_STEP][PASSED] - Statement - CaseReferenceNo = readedVal: null

2018-12-06 20:27:28 - [MESSAGE][PASSED] - Call Test Case 'Test Cases/Final Aug 2018 - PKS Automation/Common/Reference Number Getter' successfully

2018-12-06 20:27:28 - [TEST_STEP][PASSED] - setText: Text 'CUN122018C200001703' is set on object 'Object Repository/Final Object Repo/WorkFlow Listing Page/Ref No Set Text'

2018-12-06 20:27:28 - [MESSAGE][PASSED] - Text 'CUN122018C200001703' is set on object 'Object Repository/Final Object Repo/WorkFlow Listing Page/Ref No Set Text'

2018-12-06 20:27:28 - [TEST_STEP][PASSED] - delay: Delayed 2 second(s)

2018-12-06 20:27:30 - [MESSAGE][PASSED] - Delayed 2 second(s)

2018-12-06 20:27:30 - [TEST_STEP][PASSED] - click: Object: 'Object Repository/Final Object Repo/WorkFlow Listing Page/Search Ref No Search Button' is clicked on

2018-12-06 20:27:30 - [MESSAGE][PASSED] - Object: 'Object Repository/Final Object Repo/WorkFlow Listing Page/Search Ref No Search Button' is clicked on

2018-12-06 20:27:30 - [TEST_STEP][PASSED] - delay: Delayed 6 second(s)

2018-12-06 20:27:36 - [MESSAGE][PASSED] - Delayed 6 second(s)

2018-12-06 20:27:36 - [TEST_STEP][PASSED] - click: Object: 'Object Repository/Final Object Repo/WorkFlow Listing Page/Click Continue Tooltip' is clicked on

2018-12-06 20:27:37 - [MESSAGE][PASSED] - Object: 'Object Repository/Final Object Repo/WorkFlow Listing Page/Click Continue Tooltip' is clicked on

2018-12-06 20:27:37 - [TEST_STEP][PASSED] - delay: Delayed 5 second(s)

2018-12-06 20:27:42 - [MESSAGE][PASSED] - Delayed 5 second(s)

2018-12-06 20:27:42 - [TEST_STEP][PASSED] - doubleClick: Object: 'Object Repository/Final Object Repo/WorkFlow Listing Page/Workflow Found - Listing 1' is double clicked on

2018-12-06 20:27:42 - [MESSAGE][PASSED] - Object: 'Object Repository/Final Object Repo/WorkFlow Listing Page/Workflow Found - Listing 1' is double clicked on

2018-12-06 20:27:42 - [TEST_STEP][PASSED] - Statement - println(OwnerID): null

2018-12-06 20:27:42 - [TEST_STEP][PASSED] - Statement - OwnerID = com.kms.katalon.core.webui.keyword.WebUiBuiltInKeywords.getText(com.kms.katalon.core.testobject.ObjectRepository.findTestObject(Final Object Repo/WorkFlow Listing Page/Workflow Found - Listing 1), STOP_ON_FAILURE): Text of object 'Object Repository/Final Object Repo/WorkFlow Listing Page/Workflow Found - Listing 1' is: 'JOHORuo3'

2018-12-06 20:27:42 - [MESSAGE][PASSED] - Text of object 'Object Repository/Final Object Repo/WorkFlow Listing Page/Workflow Found - Listing 1' is: 'JOHORuo3'

2018-12-06 20:27:42 - [TEST_STEP][PASSED] - Statement - OwnerID = OwnerID.toLowerCase() + "@gmail.com": null

2018-12-06 20:27:42 - [TEST_STEP][PASSED] - Statement - println(OwnerID): null

2018-12-06 20:27:42 - [TEST_STEP][PASSED] - delay: Delayed 2 second(s)

2018-12-06 20:27:44 - [MESSAGE][PASSED] - Delayed 2 second(s)

2018-12-06 20:27:44 - [MESSAGE][PASSED] - Call Test Case 'Test Cases/Final Aug 2018 - PKS Automation/Common/Workflow Owner Finder' successfully

2018-12-06 20:27:44 - [TEST_STEP][PASSED] - delay: Delayed 1 second(s)

2018-12-06 20:27:45 - [MESSAGE][PASSED] - Delayed 1 second(s)

2018-12-06 20:27:45 - [TEST_STEP][PASSED] - navigateToUrl: Navigate to 'https://assist2-uat.perkeso.gov.my/c/portal/logout' successfully

2018-12-06 20:27:46 - [MESSAGE][PASSED] - Navigate to 'https://assist2-uat.perkeso.gov.my/c/portal/logout' successfully

2018-12-06 20:27:46 - [TEST_STEP][PASSED] - delay: Delayed 1 second(s)

2018-12-06 20:27:47 - [MESSAGE][PASSED] - Delayed 1 second(s)

2018-12-06 20:27:47 - [TEST_STEP][PASSED] - callTestCase: Call Test Case 'Test Cases/Final Aug 2018 - PKS Automation/Registration Module/Workflow/Login and Search Case For Workflow' successfully

2018-12-06 20:27:47 - [TEST_CASE][PASSED] - Test Cases/Final Aug 2018 - PKS Automation/Registration Module/Workflow/Login and Search Case For Workflow: Test Cases/Final Aug 2018 - PKS Automation/Registration Module/Workflow/Login and Search Case For Workflow

2018-12-06 20:27:47 - [TEST_STEP][PASSED] - navigateToUrl: Navigate to 'https://assist2-uat.perkeso.gov.my/login' successfully

2018-12-06 20:27:48 - [MESSAGE][PASSED] - Navigate to 'https://assist2-uat.perkeso.gov.my/login' successfully

2018-12-06 20:27:48 - [TEST_STEP][PASSED] - setText: Text 'johoruo3@gmail.com' is set on object 'Object Repository/Final Object Repo/Login Page/Internal User/Email Address'

2018-12-06 20:27:48 - [MESSAGE][PASSED] - Text 'johoruo3@gmail.com' is set on object 'Object Repository/Final Object Repo/Login Page/Internal User/Email Address'

2018-12-06 20:27:48 - [TEST_STEP][PASSED] - click: Object: 'Object Repository/Final Object Repo/Login Page/Internal User/Next Button' is clicked on

2018-12-06 20:27:48 - [MESSAGE][PASSED] - Object: 'Object Repository/Final Object Repo/Login Page/Internal User/Next Button' is clicked on

2018-12-06 20:27:48 - [TEST_STEP][PASSED] - delay: Delayed 1 second(s)

2018-12-06 20:27:49 - [MESSAGE][PASSED] - Delayed 1 second(s)

2018-12-06 20:27:49 - [TEST_STEP][PASSED] - setEncryptedText: Text ****** has been set on object 'Object Repository/Final Object Repo/Login Page/Internal User/Password'

2018-12-06 20:27:50 - [MESSAGE][PASSED] - Text ****** has been set on object 'Object Repository/Final Object Repo/Login Page/Internal User/Password'

2018-12-06 20:27:50 - [TEST_STEP][PASSED] - click: Object: 'Object Repository/Final Object Repo/Login Page/Internal User/Login Button' is clicked on

2018-12-06 20:27:50 - [MESSAGE][PASSED] - Object: 'Object Repository/Final Object Repo/Login Page/Internal User/Login Button' is clicked on

2018-12-06 20:27:50 - [TEST_STEP][PASSED] - delay: Delayed 2 second(s)

2018-12-06 20:27:52 - [MESSAGE][PASSED] - Delayed 2 second(s)

2018-12-06 20:27:52 - [TEST_STEP][PASSED] - Statement - Try: Delayed 2 second(s)

2018-12-06 20:27:52 - [TEST_STEP][PASSED] - Statement - Checker = false: null

2018-12-06 20:27:52 - [TEST_STEP][PASSED] - Statement - Checker = com.kms.katalon.core.webui.keyword.WebUiBuiltInKeywords.verifyElementHasAttribute(com.kms.katalon.core.testobject.ObjectRepository.findTestObject(Final Object Repo/Landing Page/BM Detecting), "href", 20, OPTIONAL): Object 'Object Repository/Final Object Repo/Landing Page/BM Detecting' has attribute 'href'

2018-12-06 20:27:52 - [MESSAGE][PASSED] - Object 'Object Repository/Final Object Repo/Landing Page/BM Detecting' has attribute 'href'

2018-12-06 20:27:52 - [TEST_STEP][PASSED] - Statement - out.println(Checker): null

2018-12-06 20:27:52 - [TEST_STEP][PASSED] - Statement - If (Checker == false): null

2018-12-06 20:27:52 - [TEST_STEP][PASSED] - Statement - Else: null

2018-12-06 20:27:52 - [TEST_STEP][PASSED] - delay: Delayed 2 second(s)

2018-12-06 20:27:54 - [MESSAGE][PASSED] - Delayed 2 second(s)

2018-12-06 20:27:54 - [TEST_STEP][PASSED] - click: Object: 'Object Repository/Final Object Repo/Page_MyASSIST - ASSIST - Search Pending Case For Add Supporting Document/Search Information' is clicked on

2018-12-06 20:27:54 - [MESSAGE][PASSED] - Object: 'Object Repository/Final Object Repo/Page_MyASSIST - ASSIST - Search Pending Case For Add Supporting Document/Search Information' is clicked on

2018-12-06 20:27:54 - [TEST_STEP][PASSED] - delay: Delayed 3 second(s)

2018-12-06 20:27:57 - [MESSAGE][PASSED] - Delayed 3 second(s)

2018-12-06 20:27:57 - [TEST_STEP][PASSED] - sendKeys: Keys 'CUN122018C200001703' sent to object: 'Object Repository/Final Object Repo/Page_MyASSIST - ASSIST - Search Pending Case For Add Supporting Document/Reference No'

2018-12-06 20:27:57 - [MESSAGE][PASSED] - Keys 'CUN122018C200001703' sent to object: 'Object Repository/Final Object Repo/Page_MyASSIST - ASSIST - Search Pending Case For Add Supporting Document/Reference No'

2018-12-06 20:27:57 - [TEST_STEP][PASSED] - click: Object: 'Object Repository/Final Object Repo/Page_MyASSIST - ASSIST - Search Pending Case For Add Supporting Document/Search Reference No' is clicked on

2018-12-06 20:27:57 - [MESSAGE][PASSED] - Object: 'Object Repository/Final Object Repo/Page_MyASSIST - ASSIST - Search Pending Case For Add Supporting Document/Search Reference No' is clicked on

2018-12-06 20:27:57 - [TEST_STEP][PASSED] - delay: Delayed 2 second(s)

2018-12-06 20:27:59 - [MESSAGE][PASSED] - Delayed 2 second(s)

2018-12-06 20:27:59 - [TEST_STEP][PASSED] - click: Object: 'Object Repository/Final Object Repo/Page_MyASSIST - ASSIST - Search Pending Case For Add Supporting Document/Continue' is clicked on

2018-12-06 20:28:03 - [MESSAGE][PASSED] - Object: 'Object Repository/Final Object Repo/Page_MyASSIST - ASSIST - Search Pending Case For Add Supporting Document/Continue' is clicked on

2018-12-06 20:28:03 - [TEST_STEP][PASSED] - delay: Delayed 20 second(s)

2018-12-06 20:28:23 - [MESSAGE][PASSED] - Delayed 20 second(s)

2018-12-06 20:28:23 - [MESSAGE][PASSED] - Call Test Case 'Test Cases/Final Aug 2018 - PKS Automation/Registration Module/Workflow/Login and Search Case For Workflow' successfully

2018-12-06 20:28:23 - [TEST_STEP][PASSED] - click: Object: 'Object Repository/Final Object Repo/Page_Form 1A - Cessation As Employer/Page_Form 1A - Cessation As Employer (Approve)/Save  Continue in Form 1A Page' is clicked on

2018-12-06 20:28:23 - [MESSAGE][PASSED] - Object: 'Object Repository/Final Object Repo/Page_Form 1A - Cessation As Employer/Page_Form 1A - Cessation As Employer (Approve)/Save  Continue in Form 1A Page' is clicked on

2018-12-06 20:28:23 - [TEST_STEP][PASSED] - delay: Delayed 2 second(s)

2018-12-06 20:28:25 - [MESSAGE][PASSED] - Delayed 2 second(s)

2018-12-06 20:28:25 - [TEST_STEP][PASSED] - click: Object: 'Object Repository/Final Object Repo/Page_Form 1A - Cessation As Employer/Employment Resign Date' is clicked on

2018-12-06 20:28:25 - [MESSAGE][PASSED] - Object: 'Object Repository/Final Object Repo/Page_Form 1A - Cessation As Employer/Employment Resign Date' is clicked on

2018-12-06 20:28:25 - [TEST_STEP][PASSED] - delay: Delayed 1 second(s)

2018-12-06 20:28:26 - [MESSAGE][PASSED] - Delayed 1 second(s)

2018-12-06 20:28:26 - [TEST_STEP][PASSED] - selectOptionByValue: All options with value '2030' are selected in object 'Object Repository/Final Object Repo/Page_Form 1A - Cessation As Employer/Employment Resign Date - Year' 

2018-12-06 20:28:26 - [MESSAGE][PASSED] - All options with value '2030' are selected in object 'Object Repository/Final Object Repo/Page_Form 1A - Cessation As Employer/Employment Resign Date - Year' 

2018-12-06 20:28:26 - [TEST_STEP][PASSED] - delay: Delayed 1 second(s)

2018-12-06 20:28:27 - [MESSAGE][PASSED] - Delayed 1 second(s)

2018-12-06 20:28:27 - [TEST_STEP][PASSED] - click: Object: 'Object Repository/Final Object Repo/Page_Form 1A - Cessation As Employer/Employment Resign Date - Year - Date' is clicked on

2018-12-06 20:28:27 - [MESSAGE][PASSED] - Object: 'Object Repository/Final Object Repo/Page_Form 1A - Cessation As Employer/Employment Resign Date - Year - Date' is clicked on

2018-12-06 20:28:27 - [TEST_STEP][PASSED] - delay: Delayed 2 second(s)

2018-12-06 20:28:29 - [MESSAGE][PASSED] - Delayed 2 second(s)

2018-12-06 20:28:29 - [TEST_STEP][PASSED] - click: Object: 'Object Repository/Final Object Repo/Page_Form 1A - Cessation As Employer/Page_Form 1A - Cessation As Employer (Approve)/Save  Continue in Update Add Employee Resigned Date Page' is clicked on

2018-12-06 20:28:30 - [MESSAGE][PASSED] - Object: 'Object Repository/Final Object Repo/Page_Form 1A - Cessation As Employer/Page_Form 1A - Cessation As Employer (Approve)/Save  Continue in Update Add Employee Resigned Date Page' is clicked on

2018-12-06 20:28:30 - [TEST_STEP][PASSED] - delay: Delayed 2 second(s)

2018-12-06 20:28:32 - [MESSAGE][PASSED] - Delayed 2 second(s)

2018-12-06 20:28:32 - [TEST_STEP][PASSED] - click: Object: 'Object Repository/Final Object Repo/Page_Form 1A - Cessation As Employer/Set Latest - Yes' is clicked on

2018-12-06 20:28:32 - [MESSAGE][PASSED] - Object: 'Object Repository/Final Object Repo/Page_Form 1A - Cessation As Employer/Set Latest - Yes' is clicked on

2018-12-06 20:28:32 - [TEST_STEP][PASSED] - delay: Delayed 2 second(s)

2018-12-06 20:28:34 - [MESSAGE][PASSED] - Delayed 2 second(s)

2018-12-06 20:28:34 - [TEST_STEP][PASSED] - click: Object: 'Object Repository/Final Object Repo/Page_Form 1A - Cessation As Employer/Page_Form 1A - Cessation As Employer (Approve)/Save  Contine in Uploading Document Page' is clicked on

2018-12-06 20:28:35 - [MESSAGE][PASSED] - Object: 'Object Repository/Final Object Repo/Page_Form 1A - Cessation As Employer/Page_Form 1A - Cessation As Employer (Approve)/Save  Contine in Uploading Document Page' is clicked on

2018-12-06 20:28:35 - [TEST_STEP][PASSED] - delay: Delayed 2 second(s)

2018-12-06 20:28:37 - [MESSAGE][PASSED] - Delayed 2 second(s)

2018-12-06 20:28:37 - [TEST_STEP][PASSED] - click: Object: 'Object Repository/Final Object Repo/Page_Form 1A - Cessation As Employer/Page_Form 1A - Cessation As Employer (Approve)/Approve' is clicked on

2018-12-06 20:28:39 - [MESSAGE][PASSED] - Object: 'Object Repository/Final Object Repo/Page_Form 1A - Cessation As Employer/Page_Form 1A - Cessation As Employer (Approve)/Approve' is clicked on

2018-12-06 20:28:39 - [TEST_STEP][PASSED] - delay: Delayed 2 second(s)

2018-12-06 20:28:41 - [MESSAGE][PASSED] - Delayed 2 second(s)

2018-12-06 20:28:41 - [TEST_STEP][PASSED] - click: Object: 'Object Repository/Final Object Repo/Page_Form 1A - Cessation As Employer/Confirm' is clicked on

2018-12-06 20:28:41 - [MESSAGE][PASSED] - Object: 'Object Repository/Final Object Repo/Page_Form 1A - Cessation As Employer/Confirm' is clicked on

2018-12-06 20:28:41 - [TEST_STEP][PASSED] - delay: Delayed 2 second(s)

2018-12-06 20:28:43 - [MESSAGE][PASSED] - Delayed 2 second(s)

2018-12-06 20:28:43 - [TEST_STEP][PASSED] - click: Object: 'Object Repository/Final Object Repo/Page_Form 1A - Cessation As Employer/Page_Form 1A - Cessation As Employer (Approve)/Message Your Request    Form 1A ' is clicked on

2018-12-06 20:28:52 - [MESSAGE][PASSED] - Object: 'Object Repository/Final Object Repo/Page_Form 1A - Cessation As Employer/Page_Form 1A - Cessation As Employer (Approve)/Message Your Request    Form 1A ' is clicked on

2018-12-06 20:28:52 - [TEST_STEP][PASSED] - delay: Delayed 2 second(s)

2018-12-06 20:28:54 - [MESSAGE][PASSED] - Delayed 2 second(s)

2018-12-06 20:28:54 - [TEST_STEP][PASSED] - click: Object: 'Object Repository/Final Object Repo/Page_Form 1A - Cessation As Employer/Page_Form 1A - Cessation As Employer (Approve)/Letter of successful update' is clicked on

2018-12-06 20:28:55 - [MESSAGE][PASSED] - Object: 'Object Repository/Final Object Repo/Page_Form 1A - Cessation As Employer/Page_Form 1A - Cessation As Employer (Approve)/Letter of successful update' is clicked on

2018-12-06 20:28:55 - [MESSAGE][PASSED] - Call Test Case 'Test Cases/Final Aug 2018 - PKS Automation/Registration Module/Workflow/Form 1A - Cessation As Employer/Template/Form 1 A - Cessation As Employer (Approve)' successfully]]></system-out>
         <system-err><![CDATA[]]></system-err>
      </testcase>
      <testcase name="Test Cases/Final Aug 2018 - PKS Automation/Registration Module/Workflow/Form 1A - Cessation As Employer/PKRBO to UO (Query)" classname="Test Cases/Final Aug 2018 - PKS Automation/Registration Module/Workflow/Form 1A - Cessation As Employer/PKRBO to UO (Query)" status="PASSED">
         <system-out><![CDATA[2018-12-06 20:28:55 - [TEST_CASE][PASSED] - Test Cases/Final Aug 2018 - PKS Automation/Registration Module/Workflow/Form 1A - Cessation As Employer/PKRBO to UO (Query): Test Cases/Final Aug 2018 - PKS Automation/Registration Module/Workflow/Form 1A - Cessation As Employer/PKRBO to UO (Query)

2018-12-06 20:28:56 - [TEST_STEP][PASSED] - callTestCase: Call Test Case 'Test Cases/Final Aug 2018 - PKS Automation/Registration Module/Workflow/Form 1A - Cessation As Employer/Template/Form 1 A - Cessation As Employer (PKRBO)' successfully

2018-12-06 20:28:56 - [TEST_CASE][PASSED] - Test Cases/Final Aug 2018 - PKS Automation/Registration Module/Workflow/Form 1A - Cessation As Employer/Template/Form 1 A - Cessation As Employer (PKRBO): Test Cases/Final Aug 2018 - PKS Automation/Registration Module/Workflow/Form 1A - Cessation As Employer/Template/Form 1 A - Cessation As Employer (PKRBO)

2018-12-06 20:28:56 - [TEST_STEP][PASSED] - openBrowser: Browser is opened with url: ''

2018-12-06 20:28:56 - [MESSAGE][WARNING] - A browser is already opened. Closing browser and opening a new one

2018-12-06 20:29:00 - [MESSAGE][PASSED] - Browser is opened with url: ''

2018-12-06 20:29:00 - [TEST_STEP][PASSED] - navigateToUrl: Navigate to 'https://assist2-uat.perkeso.gov.my/login' successfully

2018-12-06 20:29:01 - [MESSAGE][PASSED] - Navigate to 'https://assist2-uat.perkeso.gov.my/login' successfully

2018-12-06 20:29:01 - [TEST_STEP][PASSED] - setText: Text 'johorpkrbo1@gmail.com' is set on object 'Object Repository/Final Object Repo/Login Page/Internal User/Email Address'

2018-12-06 20:29:01 - [MESSAGE][PASSED] - Text 'johorpkrbo1@gmail.com' is set on object 'Object Repository/Final Object Repo/Login Page/Internal User/Email Address'

2018-12-06 20:29:01 - [TEST_STEP][PASSED] - click: Object: 'Object Repository/Final Object Repo/Login Page/Internal User/Next Button' is clicked on

2018-12-06 20:29:01 - [MESSAGE][PASSED] - Object: 'Object Repository/Final Object Repo/Login Page/Internal User/Next Button' is clicked on

2018-12-06 20:29:01 - [TEST_STEP][PASSED] - delay: Delayed 1 second(s)

2018-12-06 20:29:02 - [MESSAGE][PASSED] - Delayed 1 second(s)

2018-12-06 20:29:02 - [TEST_STEP][PASSED] - setEncryptedText: Text ****** has been set on object 'Object Repository/Final Object Repo/Login Page/Internal User/Password'

2018-12-06 20:29:03 - [MESSAGE][PASSED] - Text ****** has been set on object 'Object Repository/Final Object Repo/Login Page/Internal User/Password'

2018-12-06 20:29:03 - [TEST_STEP][PASSED] - click: Object: 'Object Repository/Final Object Repo/Login Page/Internal User/Login Button' is clicked on

2018-12-06 20:29:03 - [MESSAGE][PASSED] - Object: 'Object Repository/Final Object Repo/Login Page/Internal User/Login Button' is clicked on

2018-12-06 20:29:03 - [TEST_STEP][PASSED] - delay: Delayed 1 second(s)

2018-12-06 20:29:04 - [MESSAGE][PASSED] - Delayed 1 second(s)

2018-12-06 20:29:04 - [TEST_STEP][PASSED] - Statement - Try: Delayed 2 second(s)

2018-12-06 20:29:04 - [TEST_STEP][PASSED] - Statement - Checker = false: null

2018-12-06 20:29:04 - [TEST_STEP][PASSED] - Statement - Checker = com.kms.katalon.core.webui.keyword.WebUiBuiltInKeywords.verifyElementHasAttribute(com.kms.katalon.core.testobject.ObjectRepository.findTestObject(Final Object Repo/Landing Page/BM Detecting), "href", 20, OPTIONAL): Object 'Object Repository/Final Object Repo/Landing Page/BM Detecting' has attribute 'href'

2018-12-06 20:29:05 - [MESSAGE][PASSED] - Object 'Object Repository/Final Object Repo/Landing Page/BM Detecting' has attribute 'href'

2018-12-06 20:29:05 - [TEST_STEP][PASSED] - Statement - out.println(Checker): null

2018-12-06 20:29:05 - [TEST_STEP][PASSED] - Statement - If (Checker == false): null

2018-12-06 20:29:05 - [TEST_STEP][PASSED] - Statement - Else: null

2018-12-06 20:29:05 - [TEST_STEP][PASSED] - delay: Delayed 2 second(s)

2018-12-06 20:29:07 - [MESSAGE][PASSED] - Delayed 2 second(s)

2018-12-06 20:29:07 - [TEST_STEP][PASSED] - navigateToUrl: Navigate to 'https://assist2-uat.perkeso.gov.my/web/registration/update/form-1a-cessation-as-employer-discontinue-business-' successfully

2018-12-06 20:29:08 - [MESSAGE][PASSED] - Navigate to 'https://assist2-uat.perkeso.gov.my/web/registration/update/form-1a-cessation-as-employer-discontinue-business-' successfully

2018-12-06 20:29:08 - [TEST_STEP][PASSED] - setText: Text 'E1102069770Z' is set on object 'Object Repository/Final Object Repo/Page_Update Employer Information/Employer Code'

2018-12-06 20:29:08 - [MESSAGE][PASSED] - Text 'E1102069770Z' is set on object 'Object Repository/Final Object Repo/Page_Update Employer Information/Employer Code'

2018-12-06 20:29:08 - [TEST_STEP][PASSED] - click: Object: 'Object Repository/Final Object Repo/Page_Update Employer Information/Search Button' is clicked on

2018-12-06 20:29:08 - [MESSAGE][PASSED] - Object: 'Object Repository/Final Object Repo/Page_Update Employer Information/Search Button' is clicked on

2018-12-06 20:29:08 - [TEST_STEP][PASSED] - click: Object: 'Object Repository/Final Object Repo/Page_Update Employer Information/Edit Button' is clicked on

2018-12-06 20:29:11 - [MESSAGE][PASSED] - Object: 'Object Repository/Final Object Repo/Page_Update Employer Information/Edit Button' is clicked on

2018-12-06 20:29:11 - [TEST_STEP][PASSED] - Statement - abc = com.kms.katalon.core.webui.keyword.WebUiBuiltInKeywords.getAttribute(com.kms.katalon.core.testobject.ObjectRepository.findTestObject(Final Object Repo/Page_Form 1A - Cessation As Employer/Employer Status), "value"): Attribute 'value' of object 'Object Repository/Final Object Repo/Page_Form 1A - Cessation As Employer/Employer Status' is: 'Dormant'

2018-12-06 20:29:11 - [MESSAGE][PASSED] - Attribute 'value' of object 'Object Repository/Final Object Repo/Page_Form 1A - Cessation As Employer/Employer Status' is: 'Dormant'

2018-12-06 20:29:11 - [TEST_STEP][PASSED] - Statement - out.println(abc): null

2018-12-06 20:29:11 - [TEST_STEP][PASSED] - Statement - If (abc == "Active"): null

2018-12-06 20:29:11 - [TEST_STEP][PASSED] - Statement - Else If (abc == "Cancel"): null

2018-12-06 20:29:11 - [TEST_STEP][PASSED] - Statement - Else If (abc == "Dormant"): Object: 'Object Repository/Final Object Repo/Page_Form 1A - Cessation As Employer/Change Employer Status to - Dormant' is clicked on

2018-12-06 20:29:11 - [TEST_STEP][PASSED] - click: Object: 'Object Repository/Final Object Repo/Page_Form 1A - Cessation As Employer/Change Employer Status to' is clicked on

2018-12-06 20:29:11 - [MESSAGE][PASSED] - Object: 'Object Repository/Final Object Repo/Page_Form 1A - Cessation As Employer/Change Employer Status to' is clicked on

2018-12-06 20:29:11 - [TEST_STEP][PASSED] - click: Object: 'Object Repository/Final Object Repo/Page_Form 1A - Cessation As Employer/Change Employer Status to - Dormant' is clicked on

2018-12-06 20:29:11 - [MESSAGE][PASSED] - Object: 'Object Repository/Final Object Repo/Page_Form 1A - Cessation As Employer/Change Employer Status to - Dormant' is clicked on

2018-12-06 20:29:11 - [TEST_STEP][PASSED] - click: Object: 'Object Repository/Final Object Repo/Page_Form 1A - Cessation As Employer/Calender' is clicked on

2018-12-06 20:29:11 - [MESSAGE][PASSED] - Object: 'Object Repository/Final Object Repo/Page_Form 1A - Cessation As Employer/Calender' is clicked on

2018-12-06 20:29:11 - [TEST_STEP][PASSED] - click: Object: 'Object Repository/Final Object Repo/Page_Form 1A - Cessation As Employer/Calender - Date' is clicked on

2018-12-06 20:29:12 - [MESSAGE][PASSED] - Object: 'Object Repository/Final Object Repo/Page_Form 1A - Cessation As Employer/Calender - Date' is clicked on

2018-12-06 20:29:12 - [TEST_STEP][PASSED] - delay: Delayed 2 second(s)

2018-12-06 20:29:14 - [MESSAGE][PASSED] - Delayed 2 second(s)

2018-12-06 20:29:14 - [TEST_STEP][PASSED] - click: Object: 'Object Repository/Final Object Repo/Page_Form 1A - Cessation As Employer/Save  Continue in Form 1A Page' is clicked on

2018-12-06 20:29:14 - [MESSAGE][PASSED] - Object: 'Object Repository/Final Object Repo/Page_Form 1A - Cessation As Employer/Save  Continue in Form 1A Page' is clicked on

2018-12-06 20:29:14 - [TEST_STEP][PASSED] - delay: Delayed 2 second(s)

2018-12-06 20:29:16 - [MESSAGE][PASSED] - Delayed 2 second(s)

2018-12-06 20:29:16 - [TEST_STEP][PASSED] - click: Object: 'Object Repository/Final Object Repo/Page_Form 1A - Cessation As Employer/Employment Resign Date' is clicked on

2018-12-06 20:29:16 - [MESSAGE][PASSED] - Object: 'Object Repository/Final Object Repo/Page_Form 1A - Cessation As Employer/Employment Resign Date' is clicked on

2018-12-06 20:29:16 - [TEST_STEP][PASSED] - delay: Delayed 1 second(s)

2018-12-06 20:29:17 - [MESSAGE][PASSED] - Delayed 1 second(s)

2018-12-06 20:29:17 - [TEST_STEP][PASSED] - Statement - CaseReferenceNo = com.kms.katalon.core.webui.keyword.WebUiBuiltInKeywords.getText(com.kms.katalon.core.testobject.ObjectRepository.findTestObject(Final Object Repo/Page_Update Employer Information/Reference Number in Update Employee Information Page)): Text of object 'Object Repository/Final Object Repo/Page_Update Employer Information/Reference Number in Update Employee Information Page' is: 'CUN122018C200001704'

2018-12-06 20:29:17 - [MESSAGE][PASSED] - Text of object 'Object Repository/Final Object Repo/Page_Update Employer Information/Reference Number in Update Employee Information Page' is: 'CUN122018C200001704'

2018-12-06 20:29:17 - [TEST_STEP][PASSED] - Statement - out.println(CaseReferenceNo): null

2018-12-06 20:29:17 - [TEST_STEP][PASSED] - callTestCase: Call Test Case 'Test Cases/Final Aug 2018 - PKS Automation/Common/Reference Number Setter' successfully

2018-12-06 20:29:17 - [TEST_CASE][PASSED] - Test Cases/Final Aug 2018 - PKS Automation/Common/Reference Number Setter: Test Cases/Final Aug 2018 - PKS Automation/Common/Reference Number Setter

2018-12-06 20:29:17 - [TEST_STEP][PASSED] - Statement - RefNoOldFile = new java.io.File(C://Users//Admin//Desktop//PKS//Automation Reference Point//KatalonReference.txt): null

2018-12-06 20:29:17 - [TEST_STEP][PASSED] - Statement - RefNoOldFile.delete(): null

2018-12-06 20:29:17 - [TEST_STEP][PASSED] - delay: Delayed 5 second(s)

2018-12-06 20:29:22 - [MESSAGE][PASSED] - Delayed 5 second(s)

2018-12-06 20:29:22 - [TEST_STEP][PASSED] - Statement - RefNo = new java.io.File(C://Users//Admin//Desktop//PKS//Automation Reference Point//KatalonReference.txt): null

2018-12-06 20:29:22 - [TEST_STEP][PASSED] - Statement - f2 = new java.io.FileWriter(RefNo, false): null

2018-12-06 20:29:22 - [TEST_STEP][PASSED] - Statement - f2.write(CaseReferenceNo): null

2018-12-06 20:29:22 - [TEST_STEP][PASSED] - Statement - f2.close(): null

2018-12-06 20:29:22 - [TEST_STEP][PASSED] - Statement - out.println("


" + CaseReferenceNo + "


"): null

2018-12-06 20:29:22 - [MESSAGE][PASSED] - Call Test Case 'Test Cases/Final Aug 2018 - PKS Automation/Common/Reference Number Setter' successfully

2018-12-06 20:29:22 - [TEST_STEP][PASSED] - selectOptionByValue: All options with value '2030' are selected in object 'Object Repository/Final Object Repo/Page_Form 1A - Cessation As Employer/Employment Resign Date - Year' 

2018-12-06 20:29:22 - [MESSAGE][PASSED] - All options with value '2030' are selected in object 'Object Repository/Final Object Repo/Page_Form 1A - Cessation As Employer/Employment Resign Date - Year' 

2018-12-06 20:29:22 - [TEST_STEP][PASSED] - delay: Delayed 1 second(s)

2018-12-06 20:29:23 - [MESSAGE][PASSED] - Delayed 1 second(s)

2018-12-06 20:29:23 - [TEST_STEP][PASSED] - click: Object: 'Object Repository/Final Object Repo/Page_Form 1A - Cessation As Employer/Employment Resign Date - Year - Date' is clicked on

2018-12-06 20:29:23 - [MESSAGE][PASSED] - Object: 'Object Repository/Final Object Repo/Page_Form 1A - Cessation As Employer/Employment Resign Date - Year - Date' is clicked on

2018-12-06 20:29:23 - [TEST_STEP][PASSED] - delay: Delayed 2 second(s)

2018-12-06 20:29:25 - [MESSAGE][PASSED] - Delayed 2 second(s)

2018-12-06 20:29:25 - [TEST_STEP][PASSED] - click: Object: 'Object Repository/Final Object Repo/Page_Form 1A - Cessation As Employer/Save  Continue in Update Add Employee Resigned Date Page' is clicked on

2018-12-06 20:29:26 - [MESSAGE][PASSED] - Object: 'Object Repository/Final Object Repo/Page_Form 1A - Cessation As Employer/Save  Continue in Update Add Employee Resigned Date Page' is clicked on

2018-12-06 20:29:26 - [TEST_STEP][PASSED] - delay: Delayed 2 second(s)

2018-12-06 20:29:28 - [MESSAGE][PASSED] - Delayed 2 second(s)

2018-12-06 20:29:28 - [TEST_STEP][PASSED] - click: Object: 'Object Repository/Final Object Repo/Page_Form 1A - Cessation As Employer/Set Latest - Yes' is clicked on

2018-12-06 20:29:28 - [MESSAGE][PASSED] - Object: 'Object Repository/Final Object Repo/Page_Form 1A - Cessation As Employer/Set Latest - Yes' is clicked on

2018-12-06 20:29:28 - [TEST_STEP][PASSED] - delay: Delayed 2 second(s)

2018-12-06 20:29:30 - [MESSAGE][PASSED] - Delayed 2 second(s)

2018-12-06 20:29:30 - [TEST_STEP][PASSED] - click: Object: 'Object Repository/Final Object Repo/Page_Form 1A - Cessation As Employer/Add Document' is clicked on

2018-12-06 20:29:31 - [MESSAGE][PASSED] - Object: 'Object Repository/Final Object Repo/Page_Form 1A - Cessation As Employer/Add Document' is clicked on

2018-12-06 20:29:31 - [TEST_STEP][PASSED] - delay: Delayed 2 second(s)

2018-12-06 20:29:33 - [MESSAGE][PASSED] - Delayed 2 second(s)

2018-12-06 20:29:33 - [TEST_STEP][PASSED] - click: Object: 'Object Repository/Final Object Repo/Page_Form 1A - Cessation As Employer/Document Type' is clicked on

2018-12-06 20:29:34 - [MESSAGE][PASSED] - Object: 'Object Repository/Final Object Repo/Page_Form 1A - Cessation As Employer/Document Type' is clicked on

2018-12-06 20:29:34 - [TEST_STEP][PASSED] - delay: Delayed 2 second(s)

2018-12-06 20:29:36 - [MESSAGE][PASSED] - Delayed 2 second(s)

2018-12-06 20:29:36 - [TEST_STEP][PASSED] - click: Object: 'Object Repository/Final Object Repo/Page_Form 1A - Cessation As Employer/Document Type - Supporting Document For Cessation' is clicked on

2018-12-06 20:29:36 - [MESSAGE][PASSED] - Object: 'Object Repository/Final Object Repo/Page_Form 1A - Cessation As Employer/Document Type - Supporting Document For Cessation' is clicked on

2018-12-06 20:29:36 - [TEST_STEP][PASSED] - delay: Delayed 2 second(s)

2018-12-06 20:29:38 - [MESSAGE][PASSED] - Delayed 2 second(s)

2018-12-06 20:29:38 - [TEST_STEP][PASSED] - sendKeys: Keys 'C:\Users\Public\Pictures\Sample Pictures\Koala.jpg' sent to object: 'Object Repository/Final Object Repo/Page_Form 1A - Cessation As Employer/Uploading File'

2018-12-06 20:29:38 - [MESSAGE][PASSED] - Keys 'C:\Users\Public\Pictures\Sample Pictures\Koala.jpg' sent to object: 'Object Repository/Final Object Repo/Page_Form 1A - Cessation As Employer/Uploading File'

2018-12-06 20:29:38 - [TEST_STEP][PASSED] - delay: Delayed 2 second(s)

2018-12-06 20:29:40 - [MESSAGE][PASSED] - Delayed 2 second(s)

2018-12-06 20:29:40 - [TEST_STEP][PASSED] - click: Object: 'Object Repository/Final Object Repo/Page_Form 1A - Cessation As Employer/Add Document in Uploading Page' is clicked on

2018-12-06 20:29:40 - [MESSAGE][PASSED] - Object: 'Object Repository/Final Object Repo/Page_Form 1A - Cessation As Employer/Add Document in Uploading Page' is clicked on

2018-12-06 20:29:40 - [TEST_STEP][PASSED] - delay: Delayed 15 second(s)

2018-12-06 20:29:55 - [MESSAGE][PASSED] - Delayed 15 second(s)

2018-12-06 20:29:55 - [TEST_STEP][PASSED] - click: Object: 'Object Repository/Final Object Repo/Page_Form 1A - Cessation As Employer/Save  Continue in Uploading Page' is clicked on

2018-12-06 20:29:55 - [MESSAGE][PASSED] - Object: 'Object Repository/Final Object Repo/Page_Form 1A - Cessation As Employer/Save  Continue in Uploading Page' is clicked on

2018-12-06 20:29:55 - [TEST_STEP][PASSED] - delay: Delayed 2 second(s)

2018-12-06 20:29:57 - [MESSAGE][PASSED] - Delayed 2 second(s)

2018-12-06 20:29:57 - [TEST_STEP][PASSED] - click: Object: 'Object Repository/Final Object Repo/Page_Form 1A - Cessation As Employer/Submit2' is clicked on

2018-12-06 20:30:00 - [MESSAGE][PASSED] - Object: 'Object Repository/Final Object Repo/Page_Form 1A - Cessation As Employer/Submit2' is clicked on

2018-12-06 20:30:00 - [TEST_STEP][PASSED] - delay: Delayed 2 second(s)

2018-12-06 20:30:02 - [MESSAGE][PASSED] - Delayed 2 second(s)

2018-12-06 20:30:02 - [TEST_STEP][PASSED] - click: Object: 'Object Repository/Final Object Repo/Page_Form 1A - Cessation As Employer/Confirm' is clicked on

2018-12-06 20:30:02 - [MESSAGE][PASSED] - Object: 'Object Repository/Final Object Repo/Page_Form 1A - Cessation As Employer/Confirm' is clicked on

2018-12-06 20:30:02 - [TEST_STEP][PASSED] - delay: Delayed 2 second(s)

2018-12-06 20:30:04 - [MESSAGE][PASSED] - Delayed 2 second(s)

2018-12-06 20:30:04 - [TEST_STEP][PASSED] - verifyElementVisible: Object 'Object Repository/Final Object Repo/Page_Form 1A - Cessation As Employer/Message Your Request will be routed to UO' is visible

2018-12-06 20:30:08 - [MESSAGE][PASSED] - Object 'Object Repository/Final Object Repo/Page_Form 1A - Cessation As Employer/Message Your Request will be routed to UO' is visible

2018-12-06 20:30:08 - [TEST_STEP][PASSED] - delay: Delayed 1 second(s)

2018-12-06 20:30:09 - [MESSAGE][PASSED] - Delayed 1 second(s)

2018-12-06 20:30:09 - [TEST_STEP][PASSED] - verifyElementVisible: Object 'Object Repository/Final Object Repo/Page_Form 1A - Cessation As Employer/Letter of acknowledgement' is visible

2018-12-06 20:30:09 - [MESSAGE][PASSED] - Object 'Object Repository/Final Object Repo/Page_Form 1A - Cessation As Employer/Letter of acknowledgement' is visible

2018-12-06 20:30:09 - [MESSAGE][PASSED] - Call Test Case 'Test Cases/Final Aug 2018 - PKS Automation/Registration Module/Workflow/Form 1A - Cessation As Employer/Template/Form 1 A - Cessation As Employer (PKRBO)' successfully

2018-12-06 20:30:09 - [TEST_STEP][PASSED] - callTestCase: Call Test Case 'Test Cases/Final Aug 2018 - PKS Automation/Registration Module/Workflow/Form 1A - Cessation As Employer/Template/Form 1 A - Cessation As Employer (Query)' successfully

2018-12-06 20:30:09 - [TEST_CASE][PASSED] - Test Cases/Final Aug 2018 - PKS Automation/Registration Module/Workflow/Form 1A - Cessation As Employer/Template/Form 1 A - Cessation As Employer (Query): Test Cases/Final Aug 2018 - PKS Automation/Registration Module/Workflow/Form 1A - Cessation As Employer/Template/Form 1 A - Cessation As Employer (Query)

2018-12-06 20:30:09 - [TEST_STEP][NOT_RUN] - callTestCase: NOT_RUN: callTestCase

2018-12-06 20:30:09 - [MESSAGE][NOT_RUN] - NOT_RUN: callTestCase

2018-12-06 20:30:09 - [TEST_STEP][PASSED] - delay: Delayed 1 second(s)

2018-12-06 20:30:10 - [MESSAGE][PASSED] - Delayed 1 second(s)

2018-12-06 20:30:10 - [TEST_STEP][PASSED] - navigateToUrl: Navigate to 'https://assist2-uat.perkeso.gov.my/c/portal/logout' successfully

2018-12-06 20:30:10 - [MESSAGE][PASSED] - Navigate to 'https://assist2-uat.perkeso.gov.my/c/portal/logout' successfully

2018-12-06 20:30:10 - [TEST_STEP][PASSED] - delay: Delayed 1 second(s)

2018-12-06 20:30:11 - [MESSAGE][PASSED] - Delayed 1 second(s)

2018-12-06 20:30:11 - [TEST_STEP][PASSED] - callTestCase: Call Test Case 'Test Cases/Final Aug 2018 - PKS Automation/Common/Reference Number Getter' successfully

2018-12-06 20:30:12 - [TEST_CASE][PASSED] - Test Cases/Final Aug 2018 - PKS Automation/Common/Reference Number Getter: Test Cases/Final Aug 2018 - PKS Automation/Common/Reference Number Getter

2018-12-06 20:30:12 - [TEST_STEP][PASSED] - Statement - Try: null

2018-12-06 20:30:12 - [TEST_STEP][PASSED] - Statement - RefNo = new java.io.File(C://Users//Admin//Desktop//PKS//Automation Reference Point//KatalonReference.txt): null

2018-12-06 20:30:12 - [TEST_STEP][PASSED] - Statement - bufferread = new java.io.BufferedReader(new java.io.FileReader(RefNo)): null

2018-12-06 20:30:12 - [TEST_STEP][PASSED] - Statement - readedVal = bufferread.readLine(): null

2018-12-06 20:30:12 - [TEST_STEP][PASSED] - Statement - out.println(CaseReferenceNo): null

2018-12-06 20:30:12 - [TEST_STEP][PASSED] - Statement - out.println(readedVal): null

2018-12-06 20:30:12 - [TEST_STEP][PASSED] - Statement - CaseReferenceNo = "": null

2018-12-06 20:30:12 - [TEST_STEP][PASSED] - Statement - CaseReferenceNo = readedVal: null

2018-12-06 20:30:12 - [MESSAGE][PASSED] - Call Test Case 'Test Cases/Final Aug 2018 - PKS Automation/Common/Reference Number Getter' successfully

2018-12-06 20:30:12 - [TEST_STEP][PASSED] - callTestCase: Call Test Case 'Test Cases/Final Aug 2018 - PKS Automation/Common/Workflow Owner Finder' successfully

2018-12-06 20:30:12 - [TEST_CASE][PASSED] - Test Cases/Final Aug 2018 - PKS Automation/Common/Workflow Owner Finder: Test Cases/Final Aug 2018 - PKS Automation/Common/Workflow Owner Finder

2018-12-06 20:30:12 - [TEST_STEP][PASSED] - openBrowser: Browser is opened with url: ''

2018-12-06 20:30:12 - [MESSAGE][WARNING] - A browser is already opened. Closing browser and opening a new one

2018-12-06 20:30:15 - [MESSAGE][PASSED] - Browser is opened with url: ''

2018-12-06 20:30:15 - [TEST_STEP][PASSED] - navigateToUrl: Navigate to 'https://assist2-uat.perkeso.gov.my/login' successfully

2018-12-06 20:30:16 - [MESSAGE][PASSED] - Navigate to 'https://assist2-uat.perkeso.gov.my/login' successfully

2018-12-06 20:30:16 - [TEST_STEP][PASSED] - delay: Delayed 5 second(s)

2018-12-06 20:30:21 - [MESSAGE][PASSED] - Delayed 5 second(s)

2018-12-06 20:30:21 - [TEST_STEP][PASSED] - setText: Text 'test@liferay.com' is set on object 'Object Repository/Final Object Repo/Login Page/Internal User/Email Address'

2018-12-06 20:30:22 - [MESSAGE][PASSED] - Text 'test@liferay.com' is set on object 'Object Repository/Final Object Repo/Login Page/Internal User/Email Address'

2018-12-06 20:30:22 - [TEST_STEP][PASSED] - click: Object: 'Object Repository/Final Object Repo/Login Page/Internal User/Next Button' is clicked on

2018-12-06 20:30:22 - [MESSAGE][PASSED] - Object: 'Object Repository/Final Object Repo/Login Page/Internal User/Next Button' is clicked on

2018-12-06 20:30:22 - [TEST_STEP][PASSED] - delay: Delayed 2 second(s)

2018-12-06 20:30:24 - [MESSAGE][PASSED] - Delayed 2 second(s)

2018-12-06 20:30:24 - [TEST_STEP][PASSED] - setText: Text 'test' is set on object 'Object Repository/Final Object Repo/Login Page/Internal User/Password'

2018-12-06 20:30:24 - [MESSAGE][PASSED] - Text 'test' is set on object 'Object Repository/Final Object Repo/Login Page/Internal User/Password'

2018-12-06 20:30:24 - [TEST_STEP][PASSED] - delay: Delayed 2 second(s)

2018-12-06 20:30:26 - [MESSAGE][PASSED] - Delayed 2 second(s)

2018-12-06 20:30:26 - [TEST_STEP][PASSED] - click: Object: 'Object Repository/Final Object Repo/Login Page/Internal User/Login Button' is clicked on

2018-12-06 20:30:26 - [MESSAGE][PASSED] - Object: 'Object Repository/Final Object Repo/Login Page/Internal User/Login Button' is clicked on

2018-12-06 20:30:26 - [TEST_STEP][PASSED] - Statement - tester = com.kms.katalon.core.testobject.ObjectRepository.findTestObject(Final Object Repo/Landing Page/Select to English): Finding Test Object with id 'Object Repository/Final Object Repo/Landing Page/Select to English'

2018-12-06 20:30:26 - [TEST_STEP][PASSED] - Statement - Try: Delayed 2 second(s)

2018-12-06 20:30:26 - [TEST_STEP][PASSED] - Statement - Checker = com.kms.katalon.core.webui.keyword.WebUiBuiltInKeywords.verifyElementNotPresent(tester, 3): Web element with id: 'Object Repository/Final Object Repo/Landing Page/Select to English' located by 'By.xpath: //a[@class = 'taglib-language-list-text' and @lang = 'en-US' and (contains(text(), 'EN') or contains(., 'EN'))]' is not present after '3' second(s)

2018-12-06 20:30:28 - [MESSAGE][PASSED] - Web element with id: 'Object Repository/Final Object Repo/Landing Page/Select to English' located by 'By.xpath: //a[@class = 'taglib-language-list-text' and @lang = 'en-US' and (contains(text(), 'EN') or contains(., 'EN'))]' is not present after '3' second(s)

2018-12-06 20:30:28 - [TEST_STEP][PASSED] - Statement - If (Checker == false): null

2018-12-06 20:30:28 - [TEST_STEP][PASSED] - delay: Delayed 2 second(s)

2018-12-06 20:30:30 - [MESSAGE][PASSED] - Delayed 2 second(s)

2018-12-06 20:30:30 - [TEST_STEP][PASSED] - delay: Delayed 5 second(s)

2018-12-06 20:30:35 - [MESSAGE][PASSED] - Delayed 5 second(s)

2018-12-06 20:30:35 - [TEST_STEP][PASSED] - mouseOver: Object: 'Object Repository/Final Object Repo/Landing Page/WorkFlow Menu' is hovered

2018-12-06 20:30:35 - [MESSAGE][PASSED] - Object: 'Object Repository/Final Object Repo/Landing Page/WorkFlow Menu' is hovered

2018-12-06 20:30:35 - [TEST_STEP][PASSED] - delay: Delayed 2 second(s)

2018-12-06 20:30:37 - [MESSAGE][PASSED] - Delayed 2 second(s)

2018-12-06 20:30:37 - [TEST_STEP][PASSED] - click: Object: 'Object Repository/Final Object Repo/Landing Page/Select to Workflow Listing' is clicked on

2018-12-06 20:30:38 - [MESSAGE][PASSED] - Object: 'Object Repository/Final Object Repo/Landing Page/Select to Workflow Listing' is clicked on

2018-12-06 20:30:38 - [TEST_STEP][PASSED] - delay: Delayed 2 second(s)

2018-12-06 20:30:40 - [MESSAGE][PASSED] - Delayed 2 second(s)

2018-12-06 20:30:40 - [TEST_STEP][PASSED] - click: Object: 'Object Repository/Final Object Repo/WorkFlow Listing Page/Search Information - To Put Ref No' is clicked on

2018-12-06 20:30:40 - [MESSAGE][PASSED] - Object: 'Object Repository/Final Object Repo/WorkFlow Listing Page/Search Information - To Put Ref No' is clicked on

2018-12-06 20:30:40 - [TEST_STEP][PASSED] - delay: Delayed 2 second(s)

2018-12-06 20:30:42 - [MESSAGE][PASSED] - Delayed 2 second(s)

2018-12-06 20:30:42 - [TEST_STEP][PASSED] - callTestCase: Call Test Case 'Test Cases/Final Aug 2018 - PKS Automation/Common/Reference Number Getter' successfully

2018-12-06 20:30:43 - [TEST_CASE][PASSED] - Test Cases/Final Aug 2018 - PKS Automation/Common/Reference Number Getter: Test Cases/Final Aug 2018 - PKS Automation/Common/Reference Number Getter

2018-12-06 20:30:43 - [TEST_STEP][PASSED] - Statement - Try: null

2018-12-06 20:30:43 - [TEST_STEP][PASSED] - Statement - RefNo = new java.io.File(C://Users//Admin//Desktop//PKS//Automation Reference Point//KatalonReference.txt): null

2018-12-06 20:30:43 - [TEST_STEP][PASSED] - Statement - bufferread = new java.io.BufferedReader(new java.io.FileReader(RefNo)): null

2018-12-06 20:30:43 - [TEST_STEP][PASSED] - Statement - readedVal = bufferread.readLine(): null

2018-12-06 20:30:43 - [TEST_STEP][PASSED] - Statement - out.println(CaseReferenceNo): null

2018-12-06 20:30:43 - [TEST_STEP][PASSED] - Statement - out.println(readedVal): null

2018-12-06 20:30:43 - [TEST_STEP][PASSED] - Statement - CaseReferenceNo = "": null

2018-12-06 20:30:43 - [TEST_STEP][PASSED] - Statement - CaseReferenceNo = readedVal: null

2018-12-06 20:30:43 - [MESSAGE][PASSED] - Call Test Case 'Test Cases/Final Aug 2018 - PKS Automation/Common/Reference Number Getter' successfully

2018-12-06 20:30:43 - [TEST_STEP][PASSED] - setText: Text 'CUN122018C200001704' is set on object 'Object Repository/Final Object Repo/WorkFlow Listing Page/Ref No Set Text'

2018-12-06 20:30:43 - [MESSAGE][PASSED] - Text 'CUN122018C200001704' is set on object 'Object Repository/Final Object Repo/WorkFlow Listing Page/Ref No Set Text'

2018-12-06 20:30:43 - [TEST_STEP][PASSED] - delay: Delayed 2 second(s)

2018-12-06 20:30:45 - [MESSAGE][PASSED] - Delayed 2 second(s)

2018-12-06 20:30:45 - [TEST_STEP][PASSED] - click: Object: 'Object Repository/Final Object Repo/WorkFlow Listing Page/Search Ref No Search Button' is clicked on

2018-12-06 20:30:45 - [MESSAGE][PASSED] - Object: 'Object Repository/Final Object Repo/WorkFlow Listing Page/Search Ref No Search Button' is clicked on

2018-12-06 20:30:45 - [TEST_STEP][PASSED] - delay: Delayed 6 second(s)

2018-12-06 20:30:51 - [MESSAGE][PASSED] - Delayed 6 second(s)

2018-12-06 20:30:51 - [TEST_STEP][PASSED] - click: Object: 'Object Repository/Final Object Repo/WorkFlow Listing Page/Click Continue Tooltip' is clicked on

2018-12-06 20:30:52 - [MESSAGE][PASSED] - Object: 'Object Repository/Final Object Repo/WorkFlow Listing Page/Click Continue Tooltip' is clicked on

2018-12-06 20:30:52 - [TEST_STEP][PASSED] - delay: Delayed 5 second(s)

2018-12-06 20:30:57 - [MESSAGE][PASSED] - Delayed 5 second(s)

2018-12-06 20:30:57 - [TEST_STEP][PASSED] - doubleClick: Object: 'Object Repository/Final Object Repo/WorkFlow Listing Page/Workflow Found - Listing 1' is double clicked on

2018-12-06 20:30:57 - [MESSAGE][PASSED] - Object: 'Object Repository/Final Object Repo/WorkFlow Listing Page/Workflow Found - Listing 1' is double clicked on

2018-12-06 20:30:57 - [TEST_STEP][PASSED] - Statement - println(OwnerID): null

2018-12-06 20:30:57 - [TEST_STEP][PASSED] - Statement - OwnerID = com.kms.katalon.core.webui.keyword.WebUiBuiltInKeywords.getText(com.kms.katalon.core.testobject.ObjectRepository.findTestObject(Final Object Repo/WorkFlow Listing Page/Workflow Found - Listing 1), STOP_ON_FAILURE): Text of object 'Object Repository/Final Object Repo/WorkFlow Listing Page/Workflow Found - Listing 1' is: 'JOHORuo1'

2018-12-06 20:30:57 - [MESSAGE][PASSED] - Text of object 'Object Repository/Final Object Repo/WorkFlow Listing Page/Workflow Found - Listing 1' is: 'JOHORuo1'

2018-12-06 20:30:57 - [TEST_STEP][PASSED] - Statement - OwnerID = OwnerID.toLowerCase() + "@gmail.com": null

2018-12-06 20:30:57 - [TEST_STEP][PASSED] - Statement - println(OwnerID): null

2018-12-06 20:30:57 - [TEST_STEP][PASSED] - delay: Delayed 2 second(s)

2018-12-06 20:30:59 - [MESSAGE][PASSED] - Delayed 2 second(s)

2018-12-06 20:30:59 - [MESSAGE][PASSED] - Call Test Case 'Test Cases/Final Aug 2018 - PKS Automation/Common/Workflow Owner Finder' successfully

2018-12-06 20:30:59 - [TEST_STEP][PASSED] - delay: Delayed 1 second(s)

2018-12-06 20:31:00 - [MESSAGE][PASSED] - Delayed 1 second(s)

2018-12-06 20:31:00 - [TEST_STEP][PASSED] - navigateToUrl: Navigate to 'https://assist2-uat.perkeso.gov.my/c/portal/logout' successfully

2018-12-06 20:31:01 - [MESSAGE][PASSED] - Navigate to 'https://assist2-uat.perkeso.gov.my/c/portal/logout' successfully

2018-12-06 20:31:01 - [TEST_STEP][PASSED] - delay: Delayed 1 second(s)

2018-12-06 20:31:02 - [MESSAGE][PASSED] - Delayed 1 second(s)

2018-12-06 20:31:02 - [TEST_STEP][PASSED] - callTestCase: Call Test Case 'Test Cases/Final Aug 2018 - PKS Automation/Registration Module/Workflow/Login and Search Case For Workflow' successfully

2018-12-06 20:31:02 - [TEST_CASE][PASSED] - Test Cases/Final Aug 2018 - PKS Automation/Registration Module/Workflow/Login and Search Case For Workflow: Test Cases/Final Aug 2018 - PKS Automation/Registration Module/Workflow/Login and Search Case For Workflow

2018-12-06 20:31:02 - [TEST_STEP][PASSED] - navigateToUrl: Navigate to 'https://assist2-uat.perkeso.gov.my/login' successfully

2018-12-06 20:31:03 - [MESSAGE][PASSED] - Navigate to 'https://assist2-uat.perkeso.gov.my/login' successfully

2018-12-06 20:31:03 - [TEST_STEP][PASSED] - setText: Text 'johoruo1@gmail.com' is set on object 'Object Repository/Final Object Repo/Login Page/Internal User/Email Address'

2018-12-06 20:31:03 - [MESSAGE][PASSED] - Text 'johoruo1@gmail.com' is set on object 'Object Repository/Final Object Repo/Login Page/Internal User/Email Address'

2018-12-06 20:31:03 - [TEST_STEP][PASSED] - click: Object: 'Object Repository/Final Object Repo/Login Page/Internal User/Next Button' is clicked on

2018-12-06 20:31:03 - [MESSAGE][PASSED] - Object: 'Object Repository/Final Object Repo/Login Page/Internal User/Next Button' is clicked on

2018-12-06 20:31:03 - [TEST_STEP][PASSED] - delay: Delayed 1 second(s)

2018-12-06 20:31:04 - [MESSAGE][PASSED] - Delayed 1 second(s)

2018-12-06 20:31:04 - [TEST_STEP][PASSED] - setEncryptedText: Text ****** has been set on object 'Object Repository/Final Object Repo/Login Page/Internal User/Password'

2018-12-06 20:31:04 - [MESSAGE][PASSED] - Text ****** has been set on object 'Object Repository/Final Object Repo/Login Page/Internal User/Password'

2018-12-06 20:31:04 - [TEST_STEP][PASSED] - click: Object: 'Object Repository/Final Object Repo/Login Page/Internal User/Login Button' is clicked on

2018-12-06 20:31:05 - [MESSAGE][PASSED] - Object: 'Object Repository/Final Object Repo/Login Page/Internal User/Login Button' is clicked on

2018-12-06 20:31:05 - [TEST_STEP][PASSED] - delay: Delayed 2 second(s)

2018-12-06 20:31:07 - [MESSAGE][PASSED] - Delayed 2 second(s)

2018-12-06 20:31:07 - [TEST_STEP][PASSED] - Statement - Try: Delayed 2 second(s)

2018-12-06 20:31:07 - [TEST_STEP][PASSED] - Statement - Checker = false: null

2018-12-06 20:31:07 - [TEST_STEP][PASSED] - Statement - Checker = com.kms.katalon.core.webui.keyword.WebUiBuiltInKeywords.verifyElementHasAttribute(com.kms.katalon.core.testobject.ObjectRepository.findTestObject(Final Object Repo/Landing Page/BM Detecting), "href", 20, OPTIONAL): Object 'Object Repository/Final Object Repo/Landing Page/BM Detecting' has attribute 'href'

2018-12-06 20:31:07 - [MESSAGE][PASSED] - Object 'Object Repository/Final Object Repo/Landing Page/BM Detecting' has attribute 'href'

2018-12-06 20:31:07 - [TEST_STEP][PASSED] - Statement - out.println(Checker): null

2018-12-06 20:31:07 - [TEST_STEP][PASSED] - Statement - If (Checker == false): null

2018-12-06 20:31:07 - [TEST_STEP][PASSED] - Statement - Else: null

2018-12-06 20:31:07 - [TEST_STEP][PASSED] - delay: Delayed 2 second(s)

2018-12-06 20:31:09 - [MESSAGE][PASSED] - Delayed 2 second(s)

2018-12-06 20:31:09 - [TEST_STEP][PASSED] - click: Object: 'Object Repository/Final Object Repo/Page_MyASSIST - ASSIST - Search Pending Case For Add Supporting Document/Search Information' is clicked on

2018-12-06 20:31:09 - [MESSAGE][PASSED] - Object: 'Object Repository/Final Object Repo/Page_MyASSIST - ASSIST - Search Pending Case For Add Supporting Document/Search Information' is clicked on

2018-12-06 20:31:09 - [TEST_STEP][PASSED] - delay: Delayed 3 second(s)

2018-12-06 20:31:12 - [MESSAGE][PASSED] - Delayed 3 second(s)

2018-12-06 20:31:12 - [TEST_STEP][PASSED] - sendKeys: Keys 'CUN122018C200001704' sent to object: 'Object Repository/Final Object Repo/Page_MyASSIST - ASSIST - Search Pending Case For Add Supporting Document/Reference No'

2018-12-06 20:31:12 - [MESSAGE][PASSED] - Keys 'CUN122018C200001704' sent to object: 'Object Repository/Final Object Repo/Page_MyASSIST - ASSIST - Search Pending Case For Add Supporting Document/Reference No'

2018-12-06 20:31:12 - [TEST_STEP][PASSED] - click: Object: 'Object Repository/Final Object Repo/Page_MyASSIST - ASSIST - Search Pending Case For Add Supporting Document/Search Reference No' is clicked on

2018-12-06 20:31:12 - [MESSAGE][PASSED] - Object: 'Object Repository/Final Object Repo/Page_MyASSIST - ASSIST - Search Pending Case For Add Supporting Document/Search Reference No' is clicked on

2018-12-06 20:31:12 - [TEST_STEP][PASSED] - delay: Delayed 2 second(s)

2018-12-06 20:31:14 - [MESSAGE][PASSED] - Delayed 2 second(s)

2018-12-06 20:31:14 - [TEST_STEP][PASSED] - click: Object: 'Object Repository/Final Object Repo/Page_MyASSIST - ASSIST - Search Pending Case For Add Supporting Document/Continue' is clicked on

2018-12-06 20:31:17 - [MESSAGE][PASSED] - Object: 'Object Repository/Final Object Repo/Page_MyASSIST - ASSIST - Search Pending Case For Add Supporting Document/Continue' is clicked on

2018-12-06 20:31:17 - [TEST_STEP][PASSED] - delay: Delayed 20 second(s)

2018-12-06 20:31:37 - [MESSAGE][PASSED] - Delayed 20 second(s)

2018-12-06 20:31:37 - [MESSAGE][PASSED] - Call Test Case 'Test Cases/Final Aug 2018 - PKS Automation/Registration Module/Workflow/Login and Search Case For Workflow' successfully

2018-12-06 20:31:37 - [TEST_STEP][PASSED] - click: Object: 'Object Repository/Final Object Repo/Page_Form 1A - Cessation As Employer/Page_Form 1A - Cessation As Employer (Approve)/Save  Continue in Form 1A Page' is clicked on

2018-12-06 20:31:38 - [MESSAGE][PASSED] - Object: 'Object Repository/Final Object Repo/Page_Form 1A - Cessation As Employer/Page_Form 1A - Cessation As Employer (Approve)/Save  Continue in Form 1A Page' is clicked on

2018-12-06 20:31:38 - [TEST_STEP][PASSED] - delay: Delayed 2 second(s)

2018-12-06 20:31:40 - [MESSAGE][PASSED] - Delayed 2 second(s)

2018-12-06 20:31:40 - [TEST_STEP][PASSED] - click: Object: 'Object Repository/Final Object Repo/Page_Form 1A - Cessation As Employer/Employment Resign Date' is clicked on

2018-12-06 20:31:40 - [MESSAGE][PASSED] - Object: 'Object Repository/Final Object Repo/Page_Form 1A - Cessation As Employer/Employment Resign Date' is clicked on

2018-12-06 20:31:40 - [TEST_STEP][PASSED] - delay: Delayed 1 second(s)

2018-12-06 20:31:41 - [MESSAGE][PASSED] - Delayed 1 second(s)

2018-12-06 20:31:41 - [TEST_STEP][PASSED] - selectOptionByValue: All options with value '2030' are selected in object 'Object Repository/Final Object Repo/Page_Form 1A - Cessation As Employer/Employment Resign Date - Year' 

2018-12-06 20:31:41 - [MESSAGE][PASSED] - All options with value '2030' are selected in object 'Object Repository/Final Object Repo/Page_Form 1A - Cessation As Employer/Employment Resign Date - Year' 

2018-12-06 20:31:41 - [TEST_STEP][PASSED] - delay: Delayed 1 second(s)

2018-12-06 20:31:42 - [MESSAGE][PASSED] - Delayed 1 second(s)

2018-12-06 20:31:42 - [TEST_STEP][PASSED] - click: Object: 'Object Repository/Final Object Repo/Page_Form 1A - Cessation As Employer/Employment Resign Date - Year - Date' is clicked on

2018-12-06 20:31:42 - [MESSAGE][PASSED] - Object: 'Object Repository/Final Object Repo/Page_Form 1A - Cessation As Employer/Employment Resign Date - Year - Date' is clicked on

2018-12-06 20:31:42 - [TEST_STEP][PASSED] - delay: Delayed 2 second(s)

2018-12-06 20:31:44 - [MESSAGE][PASSED] - Delayed 2 second(s)

2018-12-06 20:31:44 - [TEST_STEP][PASSED] - click: Object: 'Object Repository/Final Object Repo/Page_Form 1A - Cessation As Employer/Page_Form 1A - Cessation As Employer (Approve)/Save  Continue in Update Add Employee Resigned Date Page' is clicked on

2018-12-06 20:31:44 - [MESSAGE][PASSED] - Object: 'Object Repository/Final Object Repo/Page_Form 1A - Cessation As Employer/Page_Form 1A - Cessation As Employer (Approve)/Save  Continue in Update Add Employee Resigned Date Page' is clicked on

2018-12-06 20:31:44 - [TEST_STEP][PASSED] - delay: Delayed 2 second(s)

2018-12-06 20:31:46 - [MESSAGE][PASSED] - Delayed 2 second(s)

2018-12-06 20:31:46 - [TEST_STEP][PASSED] - click: Object: 'Object Repository/Final Object Repo/Page_Form 1A - Cessation As Employer/Set Latest - Yes' is clicked on

2018-12-06 20:31:47 - [MESSAGE][PASSED] - Object: 'Object Repository/Final Object Repo/Page_Form 1A - Cessation As Employer/Set Latest - Yes' is clicked on

2018-12-06 20:31:47 - [TEST_STEP][PASSED] - delay: Delayed 2 second(s)

2018-12-06 20:31:49 - [MESSAGE][PASSED] - Delayed 2 second(s)

2018-12-06 20:31:49 - [TEST_STEP][PASSED] - setText: Text 'remark' is set on object 'Object Repository/Final Object Repo/Page_Form 1A - Cessation As Employer/Page_Form 1A - Cessation As Employer (Query)/Query - remark'

2018-12-06 20:31:50 - [MESSAGE][PASSED] - Text 'remark' is set on object 'Object Repository/Final Object Repo/Page_Form 1A - Cessation As Employer/Page_Form 1A - Cessation As Employer (Query)/Query - remark'

2018-12-06 20:31:50 - [TEST_STEP][PASSED] - delay: Delayed 2 second(s)

2018-12-06 20:31:52 - [MESSAGE][PASSED] - Delayed 2 second(s)

2018-12-06 20:31:52 - [TEST_STEP][PASSED] - click: Object: 'Object Repository/Final Object Repo/Page_Form 1A - Cessation As Employer/Page_Form 1A - Cessation As Employer (Approve)/Save  Contine in Uploading Document Page' is clicked on

2018-12-06 20:31:52 - [MESSAGE][PASSED] - Object: 'Object Repository/Final Object Repo/Page_Form 1A - Cessation As Employer/Page_Form 1A - Cessation As Employer (Approve)/Save  Contine in Uploading Document Page' is clicked on

2018-12-06 20:31:52 - [TEST_STEP][PASSED] - delay: Delayed 2 second(s)

2018-12-06 20:31:54 - [MESSAGE][PASSED] - Delayed 2 second(s)

2018-12-06 20:31:54 - [TEST_STEP][PASSED] - click: Object: 'Object Repository/Final Object Repo/Page_Form 1A - Cessation As Employer/Page_Form 1A - Cessation As Employer (Query)/Query' is clicked on

2018-12-06 20:31:57 - [MESSAGE][PASSED] - Object: 'Object Repository/Final Object Repo/Page_Form 1A - Cessation As Employer/Page_Form 1A - Cessation As Employer (Query)/Query' is clicked on

2018-12-06 20:31:57 - [TEST_STEP][PASSED] - delay: Delayed 2 second(s)

2018-12-06 20:31:59 - [MESSAGE][PASSED] - Delayed 2 second(s)

2018-12-06 20:31:59 - [TEST_STEP][PASSED] - click: Object: 'Object Repository/Final Object Repo/Page_Form 1A - Cessation As Employer/Page_Form 1A - Cessation As Employer (Query)/Confirm' is clicked on

2018-12-06 20:32:06 - [MESSAGE][PASSED] - Object: 'Object Repository/Final Object Repo/Page_Form 1A - Cessation As Employer/Page_Form 1A - Cessation As Employer (Query)/Confirm' is clicked on

2018-12-06 20:32:06 - [TEST_STEP][PASSED] - delay: Delayed 2 second(s)

2018-12-06 20:32:08 - [MESSAGE][PASSED] - Delayed 2 second(s)

2018-12-06 20:32:08 - [TEST_STEP][PASSED] - verifyElementVisible: Object 'Object Repository/Final Object Repo/Page_Form 1A - Cessation As Employer/Page_Form 1A - Cessation As Employer (Query)/MessageThe Case Is Under Query' is visible

2018-12-06 20:32:08 - [MESSAGE][PASSED] - Object 'Object Repository/Final Object Repo/Page_Form 1A - Cessation As Employer/Page_Form 1A - Cessation As Employer (Query)/MessageThe Case Is Under Query' is visible

2018-12-06 20:32:08 - [TEST_STEP][PASSED] - delay: Delayed 1 second(s)

2018-12-06 20:32:09 - [MESSAGE][PASSED] - Delayed 1 second(s)

2018-12-06 20:32:09 - [TEST_STEP][PASSED] - verifyElementVisible: Object 'Object Repository/Final Object Repo/Page_Form 1A - Cessation As Employer/Page_Form 1A - Cessation As Employer (Query)/Letter of inquiry' is visible

2018-12-06 20:32:09 - [MESSAGE][PASSED] - Object 'Object Repository/Final Object Repo/Page_Form 1A - Cessation As Employer/Page_Form 1A - Cessation As Employer (Query)/Letter of inquiry' is visible

2018-12-06 20:32:09 - [TEST_STEP][PASSED] - delay: Delayed 1 second(s)

2018-12-06 20:32:10 - [MESSAGE][PASSED] - Delayed 1 second(s)

2018-12-06 20:32:10 - [TEST_STEP][PASSED] - navigateToUrl: Navigate to 'https://assist2-uat.perkeso.gov.my/c/portal/logout' successfully

2018-12-06 20:32:11 - [MESSAGE][PASSED] - Navigate to 'https://assist2-uat.perkeso.gov.my/c/portal/logout' successfully

2018-12-06 20:32:11 - [TEST_STEP][PASSED] - delay: Delayed 1 second(s)

2018-12-06 20:32:12 - [MESSAGE][PASSED] - Delayed 1 second(s)

2018-12-06 20:32:12 - [TEST_STEP][PASSED] - callTestCase: Call Test Case 'Test Cases/Final Aug 2018 - PKS Automation/Registration Module/Workflow/Search Pending Case For Add Supporting Document (OTC)' successfully

2018-12-06 20:32:12 - [TEST_CASE][PASSED] - Test Cases/Final Aug 2018 - PKS Automation/Registration Module/Workflow/Search Pending Case For Add Supporting Document (OTC): Test Cases/Final Aug 2018 - PKS Automation/Registration Module/Workflow/Search Pending Case For Add Supporting Document (OTC)

2018-12-06 20:32:12 - [TEST_STEP][PASSED] - openBrowser: Browser is opened with url: ''

2018-12-06 20:32:12 - [MESSAGE][WARNING] - A browser is already opened. Closing browser and opening a new one

2018-12-06 20:32:16 - [MESSAGE][PASSED] - Browser is opened with url: ''

2018-12-06 20:32:16 - [TEST_STEP][PASSED] - navigateToUrl: Navigate to 'https://assist2-uat.perkeso.gov.my/login' successfully

2018-12-06 20:32:17 - [MESSAGE][PASSED] - Navigate to 'https://assist2-uat.perkeso.gov.my/login' successfully

2018-12-06 20:32:17 - [TEST_STEP][PASSED] - setText: Text 'johorotc1@gmail.com' is set on object 'Object Repository/Final Object Repo/Login Page/Internal User/Email Address'

2018-12-06 20:32:17 - [MESSAGE][PASSED] - Text 'johorotc1@gmail.com' is set on object 'Object Repository/Final Object Repo/Login Page/Internal User/Email Address'

2018-12-06 20:32:17 - [TEST_STEP][PASSED] - click: Object: 'Object Repository/Final Object Repo/Login Page/Internal User/Next Button' is clicked on

2018-12-06 20:32:17 - [MESSAGE][PASSED] - Object: 'Object Repository/Final Object Repo/Login Page/Internal User/Next Button' is clicked on

2018-12-06 20:32:17 - [TEST_STEP][PASSED] - delay: Delayed 1 second(s)

2018-12-06 20:32:18 - [MESSAGE][PASSED] - Delayed 1 second(s)

2018-12-06 20:32:18 - [TEST_STEP][PASSED] - setEncryptedText: Text ****** has been set on object 'Object Repository/Final Object Repo/Login Page/Internal User/Password'

2018-12-06 20:32:19 - [MESSAGE][PASSED] - Text ****** has been set on object 'Object Repository/Final Object Repo/Login Page/Internal User/Password'

2018-12-06 20:32:19 - [TEST_STEP][PASSED] - click: Object: 'Object Repository/Final Object Repo/Login Page/Internal User/Login Button' is clicked on

2018-12-06 20:32:19 - [MESSAGE][PASSED] - Object: 'Object Repository/Final Object Repo/Login Page/Internal User/Login Button' is clicked on

2018-12-06 20:32:19 - [TEST_STEP][PASSED] - delay: Delayed 1 second(s)

2018-12-06 20:32:20 - [MESSAGE][PASSED] - Delayed 1 second(s)

2018-12-06 20:32:20 - [TEST_STEP][PASSED] - Statement - Try: Delayed 2 second(s)

2018-12-06 20:32:20 - [TEST_STEP][PASSED] - Statement - Checker = false: null

2018-12-06 20:32:20 - [TEST_STEP][PASSED] - Statement - Checker = com.kms.katalon.core.webui.keyword.WebUiBuiltInKeywords.verifyElementHasAttribute(com.kms.katalon.core.testobject.ObjectRepository.findTestObject(Final Object Repo/Landing Page/BM Detecting), "href", 20, OPTIONAL): Object 'Object Repository/Final Object Repo/Landing Page/BM Detecting' has attribute 'href'

2018-12-06 20:32:21 - [MESSAGE][PASSED] - Object 'Object Repository/Final Object Repo/Landing Page/BM Detecting' has attribute 'href'

2018-12-06 20:32:21 - [TEST_STEP][PASSED] - Statement - out.println(Checker): null

2018-12-06 20:32:21 - [TEST_STEP][PASSED] - Statement - If (Checker == false): null

2018-12-06 20:32:21 - [TEST_STEP][PASSED] - Statement - Else: null

2018-12-06 20:32:21 - [TEST_STEP][PASSED] - delay: Delayed 2 second(s)

2018-12-06 20:32:23 - [MESSAGE][PASSED] - Delayed 2 second(s)

2018-12-06 20:32:23 - [TEST_STEP][PASSED] - navigateToUrl: Navigate to 'https://assist2-uat.perkeso.gov.my/web/registration/search/search-pending-case-for-add-supporting-document' successfully

2018-12-06 20:32:23 - [MESSAGE][PASSED] - Navigate to 'https://assist2-uat.perkeso.gov.my/web/registration/search/search-pending-case-for-add-supporting-document' successfully

2018-12-06 20:32:23 - [TEST_STEP][PASSED] - click: Object: 'Object Repository/Final Object Repo/Page_Search Pending Case For Add Suporting Document/Search By' is clicked on

2018-12-06 20:32:23 - [MESSAGE][PASSED] - Object: 'Object Repository/Final Object Repo/Page_Search Pending Case For Add Suporting Document/Search By' is clicked on

2018-12-06 20:32:23 - [TEST_STEP][PASSED] - click: Object: 'Object Repository/Final Object Repo/Page_Search Pending Case For Add Suporting Document/Search By - Reference ID' is clicked on

2018-12-06 20:32:24 - [MESSAGE][PASSED] - Object: 'Object Repository/Final Object Repo/Page_Search Pending Case For Add Suporting Document/Search By - Reference ID' is clicked on

2018-12-06 20:32:24 - [TEST_STEP][PASSED] - delay: Delayed 2 second(s)

2018-12-06 20:32:26 - [MESSAGE][PASSED] - Delayed 2 second(s)

2018-12-06 20:32:26 - [TEST_STEP][PASSED] - setText: Text 'CUN122018C200001704' is set on object 'Object Repository/Final Object Repo/Page_Search Pending Case For Add Suporting Document/Reference ID'

2018-12-06 20:32:26 - [MESSAGE][PASSED] - Text 'CUN122018C200001704' is set on object 'Object Repository/Final Object Repo/Page_Search Pending Case For Add Suporting Document/Reference ID'

2018-12-06 20:32:26 - [TEST_STEP][PASSED] - click: Object: 'Object Repository/Final Object Repo/Page_Search Pending Case For Add Suporting Document/Search' is clicked on

2018-12-06 20:32:26 - [MESSAGE][PASSED] - Object: 'Object Repository/Final Object Repo/Page_Search Pending Case For Add Suporting Document/Search' is clicked on

2018-12-06 20:32:26 - [TEST_STEP][PASSED] - delay: Delayed 2 second(s)

2018-12-06 20:32:28 - [MESSAGE][PASSED] - Delayed 2 second(s)

2018-12-06 20:32:28 - [TEST_STEP][PASSED] - click: Object: 'Object Repository/Final Object Repo/Page_Search Pending Case For Add Suporting Document/Edit' is clicked on

2018-12-06 20:32:31 - [MESSAGE][PASSED] - Object: 'Object Repository/Final Object Repo/Page_Search Pending Case For Add Suporting Document/Edit' is clicked on

2018-12-06 20:32:31 - [MESSAGE][PASSED] - Call Test Case 'Test Cases/Final Aug 2018 - PKS Automation/Registration Module/Workflow/Search Pending Case For Add Supporting Document (OTC)' successfully

2018-12-06 20:32:31 - [TEST_STEP][PASSED] - click: Object: 'Object Repository/Final Object Repo/Page_Form 1A - Cessation As Employer/Page_Form 1A - Cessation As Employer (Query -OTC -UO)/Next in Form 1A Page' is clicked on

2018-12-06 20:32:32 - [MESSAGE][PASSED] - Object: 'Object Repository/Final Object Repo/Page_Form 1A - Cessation As Employer/Page_Form 1A - Cessation As Employer (Query -OTC -UO)/Next in Form 1A Page' is clicked on

2018-12-06 20:32:32 - [TEST_STEP][PASSED] - delay: Delayed 2 second(s)

2018-12-06 20:32:34 - [MESSAGE][PASSED] - Delayed 2 second(s)

2018-12-06 20:32:34 - [TEST_STEP][PASSED] - click: Object: 'Object Repository/Final Object Repo/Page_Form 1A - Cessation As Employer/Page_Form 1A - Cessation As Employer (Query -OTC -UO)/Next in Resigned Date Page' is clicked on

2018-12-06 20:32:37 - [MESSAGE][PASSED] - Object: 'Object Repository/Final Object Repo/Page_Form 1A - Cessation As Employer/Page_Form 1A - Cessation As Employer (Query -OTC -UO)/Next in Resigned Date Page' is clicked on

2018-12-06 20:32:37 - [TEST_STEP][PASSED] - delay: Delayed 2 second(s)

2018-12-06 20:32:39 - [MESSAGE][PASSED] - Delayed 2 second(s)

2018-12-06 20:32:39 - [TEST_STEP][PASSED] - click: Object: 'Object Repository/Final Object Repo/Page_Form 1A - Cessation As Employer/Page_Form 1A - Cessation As Employer (Query -OTC -UO)/Add Document' is clicked on

2018-12-06 20:32:39 - [MESSAGE][PASSED] - Object: 'Object Repository/Final Object Repo/Page_Form 1A - Cessation As Employer/Page_Form 1A - Cessation As Employer (Query -OTC -UO)/Add Document' is clicked on

2018-12-06 20:32:39 - [TEST_STEP][PASSED] - delay: Delayed 2 second(s)

2018-12-06 20:32:41 - [MESSAGE][PASSED] - Delayed 2 second(s)

2018-12-06 20:32:41 - [TEST_STEP][PASSED] - click: Object: 'Object Repository/Final Object Repo/Page_Form 1A - Cessation As Employer/Page_Form 1A - Cessation As Employer (Query -OTC -UO)/Document Type' is clicked on

2018-12-06 20:32:42 - [MESSAGE][PASSED] - Object: 'Object Repository/Final Object Repo/Page_Form 1A - Cessation As Employer/Page_Form 1A - Cessation As Employer (Query -OTC -UO)/Document Type' is clicked on

2018-12-06 20:32:42 - [TEST_STEP][PASSED] - click: Object: 'Object Repository/Final Object Repo/Page_Form 1A - Cessation As Employer/Page_Form 1A - Cessation As Employer (Query -OTC -UO)/Document Type - Others' is clicked on

2018-12-06 20:32:42 - [MESSAGE][PASSED] - Object: 'Object Repository/Final Object Repo/Page_Form 1A - Cessation As Employer/Page_Form 1A - Cessation As Employer (Query -OTC -UO)/Document Type - Others' is clicked on

2018-12-06 20:32:42 - [TEST_STEP][PASSED] - delay: Delayed 2 second(s)

2018-12-06 20:32:44 - [MESSAGE][PASSED] - Delayed 2 second(s)

2018-12-06 20:32:44 - [TEST_STEP][PASSED] - sendKeys: Keys 'C:\Users\Public\Pictures\Sample Pictures\Koala.jpg' sent to object: 'Object Repository/Final Object Repo/Page_Form 1A - Cessation As Employer/Uploading File'

2018-12-06 20:32:44 - [MESSAGE][PASSED] - Keys 'C:\Users\Public\Pictures\Sample Pictures\Koala.jpg' sent to object: 'Object Repository/Final Object Repo/Page_Form 1A - Cessation As Employer/Uploading File'

2018-12-06 20:32:44 - [TEST_STEP][PASSED] - delay: Delayed 2 second(s)

2018-12-06 20:32:46 - [MESSAGE][PASSED] - Delayed 2 second(s)

2018-12-06 20:32:46 - [TEST_STEP][PASSED] - click: Object: 'Object Repository/Final Object Repo/Page_Form 1A - Cessation As Employer/Page_Form 1A - Cessation As Employer (Query -OTC -UO)/Add Document in Uploading Page' is clicked on

2018-12-06 20:32:47 - [MESSAGE][PASSED] - Object: 'Object Repository/Final Object Repo/Page_Form 1A - Cessation As Employer/Page_Form 1A - Cessation As Employer (Query -OTC -UO)/Add Document in Uploading Page' is clicked on

2018-12-06 20:32:47 - [TEST_STEP][PASSED] - delay: Delayed 4 second(s)

2018-12-06 20:32:51 - [MESSAGE][PASSED] - Delayed 4 second(s)

2018-12-06 20:32:51 - [TEST_STEP][PASSED] - click: Object: 'Object Repository/Final Object Repo/Page_Form 1A - Cessation As Employer/Page_Form 1A - Cessation As Employer (Query -OTC -UO)/Exit' is clicked on

2018-12-06 20:32:51 - [MESSAGE][PASSED] - Object: 'Object Repository/Final Object Repo/Page_Form 1A - Cessation As Employer/Page_Form 1A - Cessation As Employer (Query -OTC -UO)/Exit' is clicked on

2018-12-06 20:32:51 - [TEST_STEP][PASSED] - delay: Delayed 1 second(s)

2018-12-06 20:32:52 - [MESSAGE][PASSED] - Delayed 1 second(s)

2018-12-06 20:32:52 - [TEST_STEP][PASSED] - navigateToUrl: Navigate to 'https://assist2-uat.perkeso.gov.my/c/portal/logout' successfully

2018-12-06 20:32:53 - [MESSAGE][PASSED] - Navigate to 'https://assist2-uat.perkeso.gov.my/c/portal/logout' successfully

2018-12-06 20:32:53 - [TEST_STEP][PASSED] - delay: Delayed 1 second(s)

2018-12-06 20:32:54 - [MESSAGE][PASSED] - Delayed 1 second(s)

2018-12-06 20:32:54 - [TEST_STEP][PASSED] - callTestCase: Call Test Case 'Test Cases/Final Aug 2018 - PKS Automation/Registration Module/Workflow/Login and Search Case For Workflow' successfully

2018-12-06 20:32:54 - [TEST_CASE][PASSED] - Test Cases/Final Aug 2018 - PKS Automation/Registration Module/Workflow/Login and Search Case For Workflow: Test Cases/Final Aug 2018 - PKS Automation/Registration Module/Workflow/Login and Search Case For Workflow

2018-12-06 20:32:54 - [TEST_STEP][PASSED] - navigateToUrl: Navigate to 'https://assist2-uat.perkeso.gov.my/login' successfully

2018-12-06 20:32:55 - [MESSAGE][PASSED] - Navigate to 'https://assist2-uat.perkeso.gov.my/login' successfully

2018-12-06 20:32:55 - [TEST_STEP][PASSED] - setText: Text 'johoruo1@gmail.com' is set on object 'Object Repository/Final Object Repo/Login Page/Internal User/Email Address'

2018-12-06 20:32:55 - [MESSAGE][PASSED] - Text 'johoruo1@gmail.com' is set on object 'Object Repository/Final Object Repo/Login Page/Internal User/Email Address'

2018-12-06 20:32:55 - [TEST_STEP][PASSED] - click: Object: 'Object Repository/Final Object Repo/Login Page/Internal User/Next Button' is clicked on

2018-12-06 20:32:55 - [MESSAGE][PASSED] - Object: 'Object Repository/Final Object Repo/Login Page/Internal User/Next Button' is clicked on

2018-12-06 20:32:55 - [TEST_STEP][PASSED] - delay: Delayed 1 second(s)

2018-12-06 20:32:56 - [MESSAGE][PASSED] - Delayed 1 second(s)

2018-12-06 20:32:56 - [TEST_STEP][PASSED] - setEncryptedText: Text ****** has been set on object 'Object Repository/Final Object Repo/Login Page/Internal User/Password'

2018-12-06 20:32:56 - [MESSAGE][PASSED] - Text ****** has been set on object 'Object Repository/Final Object Repo/Login Page/Internal User/Password'

2018-12-06 20:32:56 - [TEST_STEP][PASSED] - click: Object: 'Object Repository/Final Object Repo/Login Page/Internal User/Login Button' is clicked on

2018-12-06 20:32:56 - [MESSAGE][PASSED] - Object: 'Object Repository/Final Object Repo/Login Page/Internal User/Login Button' is clicked on

2018-12-06 20:32:56 - [TEST_STEP][PASSED] - delay: Delayed 2 second(s)

2018-12-06 20:32:58 - [MESSAGE][PASSED] - Delayed 2 second(s)

2018-12-06 20:32:58 - [TEST_STEP][PASSED] - Statement - Try: Delayed 2 second(s)

2018-12-06 20:32:58 - [TEST_STEP][PASSED] - Statement - Checker = false: null

2018-12-06 20:32:58 - [TEST_STEP][PASSED] - Statement - Checker = com.kms.katalon.core.webui.keyword.WebUiBuiltInKeywords.verifyElementHasAttribute(com.kms.katalon.core.testobject.ObjectRepository.findTestObject(Final Object Repo/Landing Page/BM Detecting), "href", 20, OPTIONAL): Object 'Object Repository/Final Object Repo/Landing Page/BM Detecting' has attribute 'href'

2018-12-06 20:32:59 - [MESSAGE][PASSED] - Object 'Object Repository/Final Object Repo/Landing Page/BM Detecting' has attribute 'href'

2018-12-06 20:32:59 - [TEST_STEP][PASSED] - Statement - out.println(Checker): null

2018-12-06 20:32:59 - [TEST_STEP][PASSED] - Statement - If (Checker == false): null

2018-12-06 20:32:59 - [TEST_STEP][PASSED] - Statement - Else: null

2018-12-06 20:32:59 - [TEST_STEP][PASSED] - delay: Delayed 2 second(s)

2018-12-06 20:33:01 - [MESSAGE][PASSED] - Delayed 2 second(s)

2018-12-06 20:33:01 - [TEST_STEP][PASSED] - click: Object: 'Object Repository/Final Object Repo/Page_MyASSIST - ASSIST - Search Pending Case For Add Supporting Document/Search Information' is clicked on

2018-12-06 20:33:01 - [MESSAGE][PASSED] - Object: 'Object Repository/Final Object Repo/Page_MyASSIST - ASSIST - Search Pending Case For Add Supporting Document/Search Information' is clicked on

2018-12-06 20:33:01 - [TEST_STEP][PASSED] - delay: Delayed 3 second(s)

2018-12-06 20:33:04 - [MESSAGE][PASSED] - Delayed 3 second(s)

2018-12-06 20:33:04 - [TEST_STEP][PASSED] - sendKeys: Keys 'CUN122018C200001704' sent to object: 'Object Repository/Final Object Repo/Page_MyASSIST - ASSIST - Search Pending Case For Add Supporting Document/Reference No'

2018-12-06 20:33:04 - [MESSAGE][PASSED] - Keys 'CUN122018C200001704' sent to object: 'Object Repository/Final Object Repo/Page_MyASSIST - ASSIST - Search Pending Case For Add Supporting Document/Reference No'

2018-12-06 20:33:04 - [TEST_STEP][PASSED] - click: Object: 'Object Repository/Final Object Repo/Page_MyASSIST - ASSIST - Search Pending Case For Add Supporting Document/Search Reference No' is clicked on

2018-12-06 20:33:04 - [MESSAGE][PASSED] - Object: 'Object Repository/Final Object Repo/Page_MyASSIST - ASSIST - Search Pending Case For Add Supporting Document/Search Reference No' is clicked on

2018-12-06 20:33:04 - [TEST_STEP][PASSED] - delay: Delayed 2 second(s)

2018-12-06 20:33:06 - [MESSAGE][PASSED] - Delayed 2 second(s)

2018-12-06 20:33:06 - [TEST_STEP][PASSED] - click: Object: 'Object Repository/Final Object Repo/Page_MyASSIST - ASSIST - Search Pending Case For Add Supporting Document/Continue' is clicked on

2018-12-06 20:33:09 - [MESSAGE][PASSED] - Object: 'Object Repository/Final Object Repo/Page_MyASSIST - ASSIST - Search Pending Case For Add Supporting Document/Continue' is clicked on

2018-12-06 20:33:09 - [TEST_STEP][PASSED] - delay: Delayed 20 second(s)

2018-12-06 20:33:29 - [MESSAGE][PASSED] - Delayed 20 second(s)

2018-12-06 20:33:29 - [MESSAGE][PASSED] - Call Test Case 'Test Cases/Final Aug 2018 - PKS Automation/Registration Module/Workflow/Login and Search Case For Workflow' successfully

2018-12-06 20:33:29 - [TEST_STEP][PASSED] - click: Object: 'Object Repository/Final Object Repo/Page_Form 1A - Cessation As Employer/Page_Form 1A - Cessation As Employer (Approve)/Save  Continue in Form 1A Page' is clicked on

2018-12-06 20:33:29 - [MESSAGE][PASSED] - Object: 'Object Repository/Final Object Repo/Page_Form 1A - Cessation As Employer/Page_Form 1A - Cessation As Employer (Approve)/Save  Continue in Form 1A Page' is clicked on

2018-12-06 20:33:29 - [TEST_STEP][PASSED] - delay: Delayed 3 second(s)

2018-12-06 20:33:32 - [MESSAGE][PASSED] - Delayed 3 second(s)

2018-12-06 20:33:32 - [TEST_STEP][PASSED] - click: Object: 'Object Repository/Final Object Repo/Page_Form 1A - Cessation As Employer/Page_Form 1A - Cessation As Employer (Approve)/Save  Continue in Update Add Employee Resigned Date Page' is clicked on

2018-12-06 20:33:32 - [MESSAGE][PASSED] - Object: 'Object Repository/Final Object Repo/Page_Form 1A - Cessation As Employer/Page_Form 1A - Cessation As Employer (Approve)/Save  Continue in Update Add Employee Resigned Date Page' is clicked on

2018-12-06 20:33:32 - [TEST_STEP][PASSED] - delay: Delayed 3 second(s)

2018-12-06 20:33:35 - [MESSAGE][PASSED] - Delayed 3 second(s)

2018-12-06 20:33:35 - [TEST_STEP][PASSED] - click: Object: 'Object Repository/Final Object Repo/Page_Form 1A - Cessation As Employer/Page_Form 1A - Cessation As Employer (Approve)/Save  Contine in Uploading Document Page' is clicked on

2018-12-06 20:33:36 - [MESSAGE][PASSED] - Object: 'Object Repository/Final Object Repo/Page_Form 1A - Cessation As Employer/Page_Form 1A - Cessation As Employer (Approve)/Save  Contine in Uploading Document Page' is clicked on

2018-12-06 20:33:36 - [TEST_STEP][PASSED] - delay: Delayed 3 second(s)

2018-12-06 20:33:39 - [MESSAGE][PASSED] - Delayed 3 second(s)

2018-12-06 20:33:39 - [TEST_STEP][PASSED] - click: Object: 'Object Repository/Final Object Repo/Page_Form 1A - Cessation As Employer/Page_Form 1A - Cessation As Employer (Approve)/Approve' is clicked on

2018-12-06 20:33:40 - [MESSAGE][PASSED] - Object: 'Object Repository/Final Object Repo/Page_Form 1A - Cessation As Employer/Page_Form 1A - Cessation As Employer (Approve)/Approve' is clicked on

2018-12-06 20:33:40 - [TEST_STEP][PASSED] - delay: Delayed 2 second(s)

2018-12-06 20:33:42 - [MESSAGE][PASSED] - Delayed 2 second(s)

2018-12-06 20:33:42 - [TEST_STEP][PASSED] - click: Object: 'Object Repository/Final Object Repo/Page_Form 1A - Cessation As Employer/Confirm' is clicked on

2018-12-06 20:33:42 - [MESSAGE][PASSED] - Object: 'Object Repository/Final Object Repo/Page_Form 1A - Cessation As Employer/Confirm' is clicked on

2018-12-06 20:33:42 - [TEST_STEP][PASSED] - delay: Delayed 2 second(s)

2018-12-06 20:33:44 - [MESSAGE][PASSED] - Delayed 2 second(s)

2018-12-06 20:33:44 - [TEST_STEP][PASSED] - click: Object: 'Object Repository/Final Object Repo/Page_Form 1A - Cessation As Employer/Page_Form 1A - Cessation As Employer (Approve)/Message Your Request    Form 1A ' is clicked on

2018-12-06 20:33:54 - [MESSAGE][PASSED] - Object: 'Object Repository/Final Object Repo/Page_Form 1A - Cessation As Employer/Page_Form 1A - Cessation As Employer (Approve)/Message Your Request    Form 1A ' is clicked on

2018-12-06 20:33:54 - [TEST_STEP][PASSED] - delay: Delayed 2 second(s)

2018-12-06 20:33:56 - [MESSAGE][PASSED] - Delayed 2 second(s)

2018-12-06 20:33:56 - [TEST_STEP][PASSED] - click: Object: 'Object Repository/Final Object Repo/Page_Form 1A - Cessation As Employer/Page_Form 1A - Cessation As Employer (Approve)/Letter of successful update' is clicked on

2018-12-06 20:33:56 - [MESSAGE][PASSED] - Object: 'Object Repository/Final Object Repo/Page_Form 1A - Cessation As Employer/Page_Form 1A - Cessation As Employer (Approve)/Letter of successful update' is clicked on

2018-12-06 20:33:56 - [MESSAGE][PASSED] - Call Test Case 'Test Cases/Final Aug 2018 - PKS Automation/Registration Module/Workflow/Form 1A - Cessation As Employer/Template/Form 1 A - Cessation As Employer (Query)' successfully]]></system-out>
         <system-err><![CDATA[]]></system-err>
      </testcase>
      <testcase name="Test Cases/Final Aug 2018 - PKS Automation/Registration Module/Workflow/Form 1A - Cessation As Employer/PKRBO to UO (Reject)" classname="Test Cases/Final Aug 2018 - PKS Automation/Registration Module/Workflow/Form 1A - Cessation As Employer/PKRBO to UO (Reject)" status="PASSED">
         <system-out><![CDATA[2018-12-06 20:33:56 - [TEST_CASE][PASSED] - Test Cases/Final Aug 2018 - PKS Automation/Registration Module/Workflow/Form 1A - Cessation As Employer/PKRBO to UO (Reject): Test Cases/Final Aug 2018 - PKS Automation/Registration Module/Workflow/Form 1A - Cessation As Employer/PKRBO to UO (Reject)

2018-12-06 20:33:58 - [TEST_STEP][PASSED] - callTestCase: Call Test Case 'Test Cases/Final Aug 2018 - PKS Automation/Registration Module/Workflow/Form 1A - Cessation As Employer/Template/Form 1 A - Cessation As Employer (PKRBO)' successfully

2018-12-06 20:33:58 - [TEST_CASE][PASSED] - Test Cases/Final Aug 2018 - PKS Automation/Registration Module/Workflow/Form 1A - Cessation As Employer/Template/Form 1 A - Cessation As Employer (PKRBO): Test Cases/Final Aug 2018 - PKS Automation/Registration Module/Workflow/Form 1A - Cessation As Employer/Template/Form 1 A - Cessation As Employer (PKRBO)

2018-12-06 20:33:58 - [TEST_STEP][PASSED] - openBrowser: Browser is opened with url: ''

2018-12-06 20:33:58 - [MESSAGE][WARNING] - A browser is already opened. Closing browser and opening a new one

2018-12-06 20:34:02 - [MESSAGE][PASSED] - Browser is opened with url: ''

2018-12-06 20:34:02 - [TEST_STEP][PASSED] - navigateToUrl: Navigate to 'https://assist2-uat.perkeso.gov.my/login' successfully

2018-12-06 20:34:03 - [MESSAGE][PASSED] - Navigate to 'https://assist2-uat.perkeso.gov.my/login' successfully

2018-12-06 20:34:03 - [TEST_STEP][PASSED] - setText: Text 'johorpkrbo1@gmail.com' is set on object 'Object Repository/Final Object Repo/Login Page/Internal User/Email Address'

2018-12-06 20:34:03 - [MESSAGE][PASSED] - Text 'johorpkrbo1@gmail.com' is set on object 'Object Repository/Final Object Repo/Login Page/Internal User/Email Address'

2018-12-06 20:34:03 - [TEST_STEP][PASSED] - click: Object: 'Object Repository/Final Object Repo/Login Page/Internal User/Next Button' is clicked on

2018-12-06 20:34:03 - [MESSAGE][PASSED] - Object: 'Object Repository/Final Object Repo/Login Page/Internal User/Next Button' is clicked on

2018-12-06 20:34:03 - [TEST_STEP][PASSED] - delay: Delayed 1 second(s)

2018-12-06 20:34:04 - [MESSAGE][PASSED] - Delayed 1 second(s)

2018-12-06 20:34:04 - [TEST_STEP][PASSED] - setEncryptedText: Text ****** has been set on object 'Object Repository/Final Object Repo/Login Page/Internal User/Password'

2018-12-06 20:34:04 - [MESSAGE][PASSED] - Text ****** has been set on object 'Object Repository/Final Object Repo/Login Page/Internal User/Password'

2018-12-06 20:34:04 - [TEST_STEP][PASSED] - click: Object: 'Object Repository/Final Object Repo/Login Page/Internal User/Login Button' is clicked on

2018-12-06 20:34:05 - [MESSAGE][PASSED] - Object: 'Object Repository/Final Object Repo/Login Page/Internal User/Login Button' is clicked on

2018-12-06 20:34:05 - [TEST_STEP][PASSED] - delay: Delayed 1 second(s)

2018-12-06 20:34:06 - [MESSAGE][PASSED] - Delayed 1 second(s)

2018-12-06 20:34:06 - [TEST_STEP][PASSED] - Statement - Try: Delayed 2 second(s)

2018-12-06 20:34:06 - [TEST_STEP][PASSED] - Statement - Checker = false: null

2018-12-06 20:34:06 - [TEST_STEP][PASSED] - Statement - Checker = com.kms.katalon.core.webui.keyword.WebUiBuiltInKeywords.verifyElementHasAttribute(com.kms.katalon.core.testobject.ObjectRepository.findTestObject(Final Object Repo/Landing Page/BM Detecting), "href", 20, OPTIONAL): Object 'Object Repository/Final Object Repo/Landing Page/BM Detecting' has attribute 'href'

2018-12-06 20:34:07 - [MESSAGE][PASSED] - Object 'Object Repository/Final Object Repo/Landing Page/BM Detecting' has attribute 'href'

2018-12-06 20:34:07 - [TEST_STEP][PASSED] - Statement - out.println(Checker): null

2018-12-06 20:34:07 - [TEST_STEP][PASSED] - Statement - If (Checker == false): null

2018-12-06 20:34:07 - [TEST_STEP][PASSED] - Statement - Else: null

2018-12-06 20:34:07 - [TEST_STEP][PASSED] - delay: Delayed 2 second(s)

2018-12-06 20:34:09 - [MESSAGE][PASSED] - Delayed 2 second(s)

2018-12-06 20:34:09 - [TEST_STEP][PASSED] - navigateToUrl: Navigate to 'https://assist2-uat.perkeso.gov.my/web/registration/update/form-1a-cessation-as-employer-discontinue-business-' successfully

2018-12-06 20:34:09 - [MESSAGE][PASSED] - Navigate to 'https://assist2-uat.perkeso.gov.my/web/registration/update/form-1a-cessation-as-employer-discontinue-business-' successfully

2018-12-06 20:34:09 - [TEST_STEP][PASSED] - setText: Text 'E1102069770Z' is set on object 'Object Repository/Final Object Repo/Page_Update Employer Information/Employer Code'

2018-12-06 20:34:10 - [MESSAGE][PASSED] - Text 'E1102069770Z' is set on object 'Object Repository/Final Object Repo/Page_Update Employer Information/Employer Code'

2018-12-06 20:34:10 - [TEST_STEP][PASSED] - click: Object: 'Object Repository/Final Object Repo/Page_Update Employer Information/Search Button' is clicked on

2018-12-06 20:34:10 - [MESSAGE][PASSED] - Object: 'Object Repository/Final Object Repo/Page_Update Employer Information/Search Button' is clicked on

2018-12-06 20:34:10 - [TEST_STEP][PASSED] - click: Object: 'Object Repository/Final Object Repo/Page_Update Employer Information/Edit Button' is clicked on

2018-12-06 20:34:12 - [MESSAGE][PASSED] - Object: 'Object Repository/Final Object Repo/Page_Update Employer Information/Edit Button' is clicked on

2018-12-06 20:34:12 - [TEST_STEP][PASSED] - Statement - abc = com.kms.katalon.core.webui.keyword.WebUiBuiltInKeywords.getAttribute(com.kms.katalon.core.testobject.ObjectRepository.findTestObject(Final Object Repo/Page_Form 1A - Cessation As Employer/Employer Status), "value"): Attribute 'value' of object 'Object Repository/Final Object Repo/Page_Form 1A - Cessation As Employer/Employer Status' is: 'Dormant'

2018-12-06 20:34:12 - [MESSAGE][PASSED] - Attribute 'value' of object 'Object Repository/Final Object Repo/Page_Form 1A - Cessation As Employer/Employer Status' is: 'Dormant'

2018-12-06 20:34:12 - [TEST_STEP][PASSED] - Statement - out.println(abc): null

2018-12-06 20:34:12 - [TEST_STEP][PASSED] - Statement - If (abc == "Active"): null

2018-12-06 20:34:12 - [TEST_STEP][PASSED] - Statement - Else If (abc == "Cancel"): null

2018-12-06 20:34:12 - [TEST_STEP][PASSED] - Statement - Else If (abc == "Dormant"): Object: 'Object Repository/Final Object Repo/Page_Form 1A - Cessation As Employer/Change Employer Status to - Dormant' is clicked on

2018-12-06 20:34:12 - [TEST_STEP][PASSED] - click: Object: 'Object Repository/Final Object Repo/Page_Form 1A - Cessation As Employer/Change Employer Status to' is clicked on

2018-12-06 20:34:13 - [MESSAGE][PASSED] - Object: 'Object Repository/Final Object Repo/Page_Form 1A - Cessation As Employer/Change Employer Status to' is clicked on

2018-12-06 20:34:13 - [TEST_STEP][PASSED] - click: Object: 'Object Repository/Final Object Repo/Page_Form 1A - Cessation As Employer/Change Employer Status to - Dormant' is clicked on

2018-12-06 20:34:13 - [MESSAGE][PASSED] - Object: 'Object Repository/Final Object Repo/Page_Form 1A - Cessation As Employer/Change Employer Status to - Dormant' is clicked on

2018-12-06 20:34:13 - [TEST_STEP][PASSED] - click: Object: 'Object Repository/Final Object Repo/Page_Form 1A - Cessation As Employer/Calender' is clicked on

2018-12-06 20:34:13 - [MESSAGE][PASSED] - Object: 'Object Repository/Final Object Repo/Page_Form 1A - Cessation As Employer/Calender' is clicked on

2018-12-06 20:34:13 - [TEST_STEP][PASSED] - click: Object: 'Object Repository/Final Object Repo/Page_Form 1A - Cessation As Employer/Calender - Date' is clicked on

2018-12-06 20:34:13 - [MESSAGE][PASSED] - Object: 'Object Repository/Final Object Repo/Page_Form 1A - Cessation As Employer/Calender - Date' is clicked on

2018-12-06 20:34:13 - [TEST_STEP][PASSED] - delay: Delayed 2 second(s)

2018-12-06 20:34:15 - [MESSAGE][PASSED] - Delayed 2 second(s)

2018-12-06 20:34:15 - [TEST_STEP][PASSED] - click: Object: 'Object Repository/Final Object Repo/Page_Form 1A - Cessation As Employer/Save  Continue in Form 1A Page' is clicked on

2018-12-06 20:34:15 - [MESSAGE][PASSED] - Object: 'Object Repository/Final Object Repo/Page_Form 1A - Cessation As Employer/Save  Continue in Form 1A Page' is clicked on

2018-12-06 20:34:15 - [TEST_STEP][PASSED] - delay: Delayed 2 second(s)

2018-12-06 20:34:17 - [MESSAGE][PASSED] - Delayed 2 second(s)

2018-12-06 20:34:17 - [TEST_STEP][PASSED] - click: Object: 'Object Repository/Final Object Repo/Page_Form 1A - Cessation As Employer/Employment Resign Date' is clicked on

2018-12-06 20:34:18 - [MESSAGE][PASSED] - Object: 'Object Repository/Final Object Repo/Page_Form 1A - Cessation As Employer/Employment Resign Date' is clicked on

2018-12-06 20:34:18 - [TEST_STEP][PASSED] - delay: Delayed 1 second(s)

2018-12-06 20:34:19 - [MESSAGE][PASSED] - Delayed 1 second(s)

2018-12-06 20:34:19 - [TEST_STEP][PASSED] - Statement - CaseReferenceNo = com.kms.katalon.core.webui.keyword.WebUiBuiltInKeywords.getText(com.kms.katalon.core.testobject.ObjectRepository.findTestObject(Final Object Repo/Page_Update Employer Information/Reference Number in Update Employee Information Page)): Text of object 'Object Repository/Final Object Repo/Page_Update Employer Information/Reference Number in Update Employee Information Page' is: 'CUN122018C200001705'

2018-12-06 20:34:19 - [MESSAGE][PASSED] - Text of object 'Object Repository/Final Object Repo/Page_Update Employer Information/Reference Number in Update Employee Information Page' is: 'CUN122018C200001705'

2018-12-06 20:34:19 - [TEST_STEP][PASSED] - Statement - out.println(CaseReferenceNo): null

2018-12-06 20:34:19 - [TEST_STEP][PASSED] - callTestCase: Call Test Case 'Test Cases/Final Aug 2018 - PKS Automation/Common/Reference Number Setter' successfully

2018-12-06 20:34:19 - [TEST_CASE][PASSED] - Test Cases/Final Aug 2018 - PKS Automation/Common/Reference Number Setter: Test Cases/Final Aug 2018 - PKS Automation/Common/Reference Number Setter

2018-12-06 20:34:19 - [TEST_STEP][PASSED] - Statement - RefNoOldFile = new java.io.File(C://Users//Admin//Desktop//PKS//Automation Reference Point//KatalonReference.txt): null

2018-12-06 20:34:19 - [TEST_STEP][PASSED] - Statement - RefNoOldFile.delete(): null

2018-12-06 20:34:19 - [TEST_STEP][PASSED] - delay: Delayed 5 second(s)

2018-12-06 20:34:24 - [MESSAGE][PASSED] - Delayed 5 second(s)

2018-12-06 20:34:24 - [TEST_STEP][PASSED] - Statement - RefNo = new java.io.File(C://Users//Admin//Desktop//PKS//Automation Reference Point//KatalonReference.txt): null

2018-12-06 20:34:24 - [TEST_STEP][PASSED] - Statement - f2 = new java.io.FileWriter(RefNo, false): null

2018-12-06 20:34:24 - [TEST_STEP][PASSED] - Statement - f2.write(CaseReferenceNo): null

2018-12-06 20:34:24 - [TEST_STEP][PASSED] - Statement - f2.close(): null

2018-12-06 20:34:24 - [TEST_STEP][PASSED] - Statement - out.println("


" + CaseReferenceNo + "


"): null

2018-12-06 20:34:24 - [MESSAGE][PASSED] - Call Test Case 'Test Cases/Final Aug 2018 - PKS Automation/Common/Reference Number Setter' successfully

2018-12-06 20:34:24 - [TEST_STEP][PASSED] - selectOptionByValue: All options with value '2030' are selected in object 'Object Repository/Final Object Repo/Page_Form 1A - Cessation As Employer/Employment Resign Date - Year' 

2018-12-06 20:34:24 - [MESSAGE][PASSED] - All options with value '2030' are selected in object 'Object Repository/Final Object Repo/Page_Form 1A - Cessation As Employer/Employment Resign Date - Year' 

2018-12-06 20:34:24 - [TEST_STEP][PASSED] - delay: Delayed 1 second(s)

2018-12-06 20:34:25 - [MESSAGE][PASSED] - Delayed 1 second(s)

2018-12-06 20:34:25 - [TEST_STEP][PASSED] - click: Object: 'Object Repository/Final Object Repo/Page_Form 1A - Cessation As Employer/Employment Resign Date - Year - Date' is clicked on

2018-12-06 20:34:25 - [MESSAGE][PASSED] - Object: 'Object Repository/Final Object Repo/Page_Form 1A - Cessation As Employer/Employment Resign Date - Year - Date' is clicked on

2018-12-06 20:34:25 - [TEST_STEP][PASSED] - delay: Delayed 2 second(s)

2018-12-06 20:34:27 - [MESSAGE][PASSED] - Delayed 2 second(s)

2018-12-06 20:34:27 - [TEST_STEP][PASSED] - click: Object: 'Object Repository/Final Object Repo/Page_Form 1A - Cessation As Employer/Save  Continue in Update Add Employee Resigned Date Page' is clicked on

2018-12-06 20:34:27 - [MESSAGE][PASSED] - Object: 'Object Repository/Final Object Repo/Page_Form 1A - Cessation As Employer/Save  Continue in Update Add Employee Resigned Date Page' is clicked on

2018-12-06 20:34:27 - [TEST_STEP][PASSED] - delay: Delayed 2 second(s)

2018-12-06 20:34:29 - [MESSAGE][PASSED] - Delayed 2 second(s)

2018-12-06 20:34:29 - [TEST_STEP][PASSED] - click: Object: 'Object Repository/Final Object Repo/Page_Form 1A - Cessation As Employer/Set Latest - Yes' is clicked on

2018-12-06 20:34:29 - [MESSAGE][PASSED] - Object: 'Object Repository/Final Object Repo/Page_Form 1A - Cessation As Employer/Set Latest - Yes' is clicked on

2018-12-06 20:34:29 - [TEST_STEP][PASSED] - delay: Delayed 2 second(s)

2018-12-06 20:34:31 - [MESSAGE][PASSED] - Delayed 2 second(s)

2018-12-06 20:34:31 - [TEST_STEP][PASSED] - click: Object: 'Object Repository/Final Object Repo/Page_Form 1A - Cessation As Employer/Add Document' is clicked on

2018-12-06 20:34:33 - [MESSAGE][PASSED] - Object: 'Object Repository/Final Object Repo/Page_Form 1A - Cessation As Employer/Add Document' is clicked on

2018-12-06 20:34:33 - [TEST_STEP][PASSED] - delay: Delayed 2 second(s)

2018-12-06 20:34:35 - [MESSAGE][PASSED] - Delayed 2 second(s)

2018-12-06 20:34:35 - [TEST_STEP][PASSED] - click: Object: 'Object Repository/Final Object Repo/Page_Form 1A - Cessation As Employer/Document Type' is clicked on

2018-12-06 20:34:36 - [MESSAGE][PASSED] - Object: 'Object Repository/Final Object Repo/Page_Form 1A - Cessation As Employer/Document Type' is clicked on

2018-12-06 20:34:36 - [TEST_STEP][PASSED] - delay: Delayed 2 second(s)

2018-12-06 20:34:38 - [MESSAGE][PASSED] - Delayed 2 second(s)

2018-12-06 20:34:38 - [TEST_STEP][PASSED] - click: Object: 'Object Repository/Final Object Repo/Page_Form 1A - Cessation As Employer/Document Type - Supporting Document For Cessation' is clicked on

2018-12-06 20:34:38 - [MESSAGE][PASSED] - Object: 'Object Repository/Final Object Repo/Page_Form 1A - Cessation As Employer/Document Type - Supporting Document For Cessation' is clicked on

2018-12-06 20:34:38 - [TEST_STEP][PASSED] - delay: Delayed 2 second(s)

2018-12-06 20:34:40 - [MESSAGE][PASSED] - Delayed 2 second(s)

2018-12-06 20:34:40 - [TEST_STEP][PASSED] - sendKeys: Keys 'C:\Users\Public\Pictures\Sample Pictures\Koala.jpg' sent to object: 'Object Repository/Final Object Repo/Page_Form 1A - Cessation As Employer/Uploading File'

2018-12-06 20:34:40 - [MESSAGE][PASSED] - Keys 'C:\Users\Public\Pictures\Sample Pictures\Koala.jpg' sent to object: 'Object Repository/Final Object Repo/Page_Form 1A - Cessation As Employer/Uploading File'

2018-12-06 20:34:40 - [TEST_STEP][PASSED] - delay: Delayed 2 second(s)

2018-12-06 20:34:42 - [MESSAGE][PASSED] - Delayed 2 second(s)

2018-12-06 20:34:42 - [TEST_STEP][PASSED] - click: Object: 'Object Repository/Final Object Repo/Page_Form 1A - Cessation As Employer/Add Document in Uploading Page' is clicked on

2018-12-06 20:34:42 - [MESSAGE][PASSED] - Object: 'Object Repository/Final Object Repo/Page_Form 1A - Cessation As Employer/Add Document in Uploading Page' is clicked on

2018-12-06 20:34:42 - [TEST_STEP][PASSED] - delay: Delayed 15 second(s)

2018-12-06 20:34:57 - [MESSAGE][PASSED] - Delayed 15 second(s)

2018-12-06 20:34:57 - [TEST_STEP][PASSED] - click: Object: 'Object Repository/Final Object Repo/Page_Form 1A - Cessation As Employer/Save  Continue in Uploading Page' is clicked on

2018-12-06 20:34:58 - [MESSAGE][PASSED] - Object: 'Object Repository/Final Object Repo/Page_Form 1A - Cessation As Employer/Save  Continue in Uploading Page' is clicked on

2018-12-06 20:34:58 - [TEST_STEP][PASSED] - delay: Delayed 2 second(s)

2018-12-06 20:35:00 - [MESSAGE][PASSED] - Delayed 2 second(s)

2018-12-06 20:35:00 - [TEST_STEP][PASSED] - click: Object: 'Object Repository/Final Object Repo/Page_Form 1A - Cessation As Employer/Submit2' is clicked on

2018-12-06 20:35:03 - [MESSAGE][PASSED] - Object: 'Object Repository/Final Object Repo/Page_Form 1A - Cessation As Employer/Submit2' is clicked on

2018-12-06 20:35:03 - [TEST_STEP][PASSED] - delay: Delayed 2 second(s)

2018-12-06 20:35:05 - [MESSAGE][PASSED] - Delayed 2 second(s)

2018-12-06 20:35:05 - [TEST_STEP][PASSED] - click: Object: 'Object Repository/Final Object Repo/Page_Form 1A - Cessation As Employer/Confirm' is clicked on

2018-12-06 20:35:05 - [MESSAGE][PASSED] - Object: 'Object Repository/Final Object Repo/Page_Form 1A - Cessation As Employer/Confirm' is clicked on

2018-12-06 20:35:05 - [TEST_STEP][PASSED] - delay: Delayed 2 second(s)

2018-12-06 20:35:07 - [MESSAGE][PASSED] - Delayed 2 second(s)

2018-12-06 20:35:07 - [TEST_STEP][PASSED] - verifyElementVisible: Object 'Object Repository/Final Object Repo/Page_Form 1A - Cessation As Employer/Message Your Request will be routed to UO' is visible

2018-12-06 20:35:10 - [MESSAGE][PASSED] - Object 'Object Repository/Final Object Repo/Page_Form 1A - Cessation As Employer/Message Your Request will be routed to UO' is visible

2018-12-06 20:35:10 - [TEST_STEP][PASSED] - delay: Delayed 1 second(s)

2018-12-06 20:35:11 - [MESSAGE][PASSED] - Delayed 1 second(s)

2018-12-06 20:35:11 - [TEST_STEP][PASSED] - verifyElementVisible: Object 'Object Repository/Final Object Repo/Page_Form 1A - Cessation As Employer/Letter of acknowledgement' is visible

2018-12-06 20:35:11 - [MESSAGE][PASSED] - Object 'Object Repository/Final Object Repo/Page_Form 1A - Cessation As Employer/Letter of acknowledgement' is visible

2018-12-06 20:35:11 - [MESSAGE][PASSED] - Call Test Case 'Test Cases/Final Aug 2018 - PKS Automation/Registration Module/Workflow/Form 1A - Cessation As Employer/Template/Form 1 A - Cessation As Employer (PKRBO)' successfully

2018-12-06 20:35:11 - [TEST_STEP][PASSED] - callTestCase: Call Test Case 'Test Cases/Final Aug 2018 - PKS Automation/Registration Module/Workflow/Form 1A - Cessation As Employer/Template/Form 1 A - Cessation As Employer (Approve)' successfully

2018-12-06 20:35:12 - [TEST_CASE][PASSED] - Test Cases/Final Aug 2018 - PKS Automation/Registration Module/Workflow/Form 1A - Cessation As Employer/Template/Form 1 A - Cessation As Employer (Approve): Test Cases/Final Aug 2018 - PKS Automation/Registration Module/Workflow/Form 1A - Cessation As Employer/Template/Form 1 A - Cessation As Employer (Approve)

2018-12-06 20:35:12 - [TEST_STEP][NOT_RUN] - callTestCase: NOT_RUN: callTestCase

2018-12-06 20:35:12 - [MESSAGE][NOT_RUN] - NOT_RUN: callTestCase

2018-12-06 20:35:12 - [TEST_STEP][PASSED] - delay: Delayed 1 second(s)

2018-12-06 20:35:13 - [MESSAGE][PASSED] - Delayed 1 second(s)

2018-12-06 20:35:13 - [TEST_STEP][PASSED] - navigateToUrl: Navigate to 'https://assist2-uat.perkeso.gov.my/c/portal/logout' successfully

2018-12-06 20:35:13 - [MESSAGE][PASSED] - Navigate to 'https://assist2-uat.perkeso.gov.my/c/portal/logout' successfully

2018-12-06 20:35:13 - [TEST_STEP][PASSED] - delay: Delayed 1 second(s)

2018-12-06 20:35:14 - [MESSAGE][PASSED] - Delayed 1 second(s)

2018-12-06 20:35:14 - [TEST_STEP][PASSED] - callTestCase: Call Test Case 'Test Cases/Final Aug 2018 - PKS Automation/Common/Reference Number Getter' successfully

2018-12-06 20:35:14 - [TEST_CASE][PASSED] - Test Cases/Final Aug 2018 - PKS Automation/Common/Reference Number Getter: Test Cases/Final Aug 2018 - PKS Automation/Common/Reference Number Getter

2018-12-06 20:35:14 - [TEST_STEP][PASSED] - Statement - Try: null

2018-12-06 20:35:14 - [TEST_STEP][PASSED] - Statement - RefNo = new java.io.File(C://Users//Admin//Desktop//PKS//Automation Reference Point//KatalonReference.txt): null

2018-12-06 20:35:14 - [TEST_STEP][PASSED] - Statement - bufferread = new java.io.BufferedReader(new java.io.FileReader(RefNo)): null

2018-12-06 20:35:14 - [TEST_STEP][PASSED] - Statement - readedVal = bufferread.readLine(): null

2018-12-06 20:35:14 - [TEST_STEP][PASSED] - Statement - out.println(CaseReferenceNo): null

2018-12-06 20:35:14 - [TEST_STEP][PASSED] - Statement - out.println(readedVal): null

2018-12-06 20:35:14 - [TEST_STEP][PASSED] - Statement - CaseReferenceNo = "": null

2018-12-06 20:35:14 - [TEST_STEP][PASSED] - Statement - CaseReferenceNo = readedVal: null

2018-12-06 20:35:14 - [MESSAGE][PASSED] - Call Test Case 'Test Cases/Final Aug 2018 - PKS Automation/Common/Reference Number Getter' successfully

2018-12-06 20:35:14 - [TEST_STEP][PASSED] - callTestCase: Call Test Case 'Test Cases/Final Aug 2018 - PKS Automation/Common/Workflow Owner Finder' successfully

2018-12-06 20:35:14 - [TEST_CASE][PASSED] - Test Cases/Final Aug 2018 - PKS Automation/Common/Workflow Owner Finder: Test Cases/Final Aug 2018 - PKS Automation/Common/Workflow Owner Finder

2018-12-06 20:35:14 - [TEST_STEP][PASSED] - openBrowser: Browser is opened with url: ''

2018-12-06 20:35:14 - [MESSAGE][WARNING] - A browser is already opened. Closing browser and opening a new one

2018-12-06 20:35:18 - [MESSAGE][PASSED] - Browser is opened with url: ''

2018-12-06 20:35:18 - [TEST_STEP][PASSED] - navigateToUrl: Navigate to 'https://assist2-uat.perkeso.gov.my/login' successfully

2018-12-06 20:35:19 - [MESSAGE][PASSED] - Navigate to 'https://assist2-uat.perkeso.gov.my/login' successfully

2018-12-06 20:35:19 - [TEST_STEP][PASSED] - delay: Delayed 5 second(s)

2018-12-06 20:35:24 - [MESSAGE][PASSED] - Delayed 5 second(s)

2018-12-06 20:35:24 - [TEST_STEP][PASSED] - setText: Text 'test@liferay.com' is set on object 'Object Repository/Final Object Repo/Login Page/Internal User/Email Address'

2018-12-06 20:35:25 - [MESSAGE][PASSED] - Text 'test@liferay.com' is set on object 'Object Repository/Final Object Repo/Login Page/Internal User/Email Address'

2018-12-06 20:35:25 - [TEST_STEP][PASSED] - click: Object: 'Object Repository/Final Object Repo/Login Page/Internal User/Next Button' is clicked on

2018-12-06 20:35:25 - [MESSAGE][PASSED] - Object: 'Object Repository/Final Object Repo/Login Page/Internal User/Next Button' is clicked on

2018-12-06 20:35:25 - [TEST_STEP][PASSED] - delay: Delayed 2 second(s)

2018-12-06 20:35:27 - [MESSAGE][PASSED] - Delayed 2 second(s)

2018-12-06 20:35:27 - [TEST_STEP][PASSED] - setText: Text 'test' is set on object 'Object Repository/Final Object Repo/Login Page/Internal User/Password'

2018-12-06 20:35:27 - [MESSAGE][PASSED] - Text 'test' is set on object 'Object Repository/Final Object Repo/Login Page/Internal User/Password'

2018-12-06 20:35:27 - [TEST_STEP][PASSED] - delay: Delayed 2 second(s)

2018-12-06 20:35:29 - [MESSAGE][PASSED] - Delayed 2 second(s)

2018-12-06 20:35:29 - [TEST_STEP][PASSED] - click: Object: 'Object Repository/Final Object Repo/Login Page/Internal User/Login Button' is clicked on

2018-12-06 20:35:29 - [MESSAGE][PASSED] - Object: 'Object Repository/Final Object Repo/Login Page/Internal User/Login Button' is clicked on

2018-12-06 20:35:29 - [TEST_STEP][PASSED] - Statement - tester = com.kms.katalon.core.testobject.ObjectRepository.findTestObject(Final Object Repo/Landing Page/Select to English): Finding Test Object with id 'Object Repository/Final Object Repo/Landing Page/Select to English'

2018-12-06 20:35:29 - [TEST_STEP][PASSED] - Statement - Try: Delayed 2 second(s)

2018-12-06 20:35:29 - [TEST_STEP][PASSED] - Statement - Checker = com.kms.katalon.core.webui.keyword.WebUiBuiltInKeywords.verifyElementNotPresent(tester, 3): Web element with id: 'Object Repository/Final Object Repo/Landing Page/Select to English' located by 'By.xpath: //a[@class = 'taglib-language-list-text' and @lang = 'en-US' and (contains(text(), 'EN') or contains(., 'EN'))]' is not present after '3' second(s)

2018-12-06 20:35:31 - [MESSAGE][PASSED] - Web element with id: 'Object Repository/Final Object Repo/Landing Page/Select to English' located by 'By.xpath: //a[@class = 'taglib-language-list-text' and @lang = 'en-US' and (contains(text(), 'EN') or contains(., 'EN'))]' is not present after '3' second(s)

2018-12-06 20:35:31 - [TEST_STEP][PASSED] - Statement - If (Checker == false): null

2018-12-06 20:35:31 - [TEST_STEP][PASSED] - delay: Delayed 2 second(s)

2018-12-06 20:35:33 - [MESSAGE][PASSED] - Delayed 2 second(s)

2018-12-06 20:35:33 - [TEST_STEP][PASSED] - delay: Delayed 5 second(s)

2018-12-06 20:35:38 - [MESSAGE][PASSED] - Delayed 5 second(s)

2018-12-06 20:35:38 - [TEST_STEP][PASSED] - mouseOver: Object: 'Object Repository/Final Object Repo/Landing Page/WorkFlow Menu' is hovered

2018-12-06 20:35:38 - [MESSAGE][PASSED] - Object: 'Object Repository/Final Object Repo/Landing Page/WorkFlow Menu' is hovered

2018-12-06 20:35:38 - [TEST_STEP][PASSED] - delay: Delayed 2 second(s)

2018-12-06 20:35:40 - [MESSAGE][PASSED] - Delayed 2 second(s)

2018-12-06 20:35:40 - [TEST_STEP][PASSED] - click: Object: 'Object Repository/Final Object Repo/Landing Page/Select to Workflow Listing' is clicked on

2018-12-06 20:35:41 - [MESSAGE][PASSED] - Object: 'Object Repository/Final Object Repo/Landing Page/Select to Workflow Listing' is clicked on

2018-12-06 20:35:41 - [TEST_STEP][PASSED] - delay: Delayed 2 second(s)

2018-12-06 20:35:43 - [MESSAGE][PASSED] - Delayed 2 second(s)

2018-12-06 20:35:43 - [TEST_STEP][PASSED] - click: Object: 'Object Repository/Final Object Repo/WorkFlow Listing Page/Search Information - To Put Ref No' is clicked on

2018-12-06 20:35:43 - [MESSAGE][PASSED] - Object: 'Object Repository/Final Object Repo/WorkFlow Listing Page/Search Information - To Put Ref No' is clicked on

2018-12-06 20:35:43 - [TEST_STEP][PASSED] - delay: Delayed 2 second(s)

2018-12-06 20:35:45 - [MESSAGE][PASSED] - Delayed 2 second(s)

2018-12-06 20:35:45 - [TEST_STEP][PASSED] - callTestCase: Call Test Case 'Test Cases/Final Aug 2018 - PKS Automation/Common/Reference Number Getter' successfully

2018-12-06 20:35:45 - [TEST_CASE][PASSED] - Test Cases/Final Aug 2018 - PKS Automation/Common/Reference Number Getter: Test Cases/Final Aug 2018 - PKS Automation/Common/Reference Number Getter

2018-12-06 20:35:45 - [TEST_STEP][PASSED] - Statement - Try: null

2018-12-06 20:35:45 - [TEST_STEP][PASSED] - Statement - RefNo = new java.io.File(C://Users//Admin//Desktop//PKS//Automation Reference Point//KatalonReference.txt): null

2018-12-06 20:35:45 - [TEST_STEP][PASSED] - Statement - bufferread = new java.io.BufferedReader(new java.io.FileReader(RefNo)): null

2018-12-06 20:35:45 - [TEST_STEP][PASSED] - Statement - readedVal = bufferread.readLine(): null

2018-12-06 20:35:45 - [TEST_STEP][PASSED] - Statement - out.println(CaseReferenceNo): null

2018-12-06 20:35:45 - [TEST_STEP][PASSED] - Statement - out.println(readedVal): null

2018-12-06 20:35:45 - [TEST_STEP][PASSED] - Statement - CaseReferenceNo = "": null

2018-12-06 20:35:45 - [TEST_STEP][PASSED] - Statement - CaseReferenceNo = readedVal: null

2018-12-06 20:35:45 - [MESSAGE][PASSED] - Call Test Case 'Test Cases/Final Aug 2018 - PKS Automation/Common/Reference Number Getter' successfully

2018-12-06 20:35:45 - [TEST_STEP][PASSED] - setText: Text 'CUN122018C200001705' is set on object 'Object Repository/Final Object Repo/WorkFlow Listing Page/Ref No Set Text'

2018-12-06 20:35:46 - [MESSAGE][PASSED] - Text 'CUN122018C200001705' is set on object 'Object Repository/Final Object Repo/WorkFlow Listing Page/Ref No Set Text'

2018-12-06 20:35:46 - [TEST_STEP][PASSED] - delay: Delayed 2 second(s)

2018-12-06 20:35:48 - [MESSAGE][PASSED] - Delayed 2 second(s)

2018-12-06 20:35:48 - [TEST_STEP][PASSED] - click: Object: 'Object Repository/Final Object Repo/WorkFlow Listing Page/Search Ref No Search Button' is clicked on

2018-12-06 20:35:48 - [MESSAGE][PASSED] - Object: 'Object Repository/Final Object Repo/WorkFlow Listing Page/Search Ref No Search Button' is clicked on

2018-12-06 20:35:48 - [TEST_STEP][PASSED] - delay: Delayed 6 second(s)

2018-12-06 20:35:54 - [MESSAGE][PASSED] - Delayed 6 second(s)

2018-12-06 20:35:54 - [TEST_STEP][PASSED] - click: Object: 'Object Repository/Final Object Repo/WorkFlow Listing Page/Click Continue Tooltip' is clicked on

2018-12-06 20:35:55 - [MESSAGE][PASSED] - Object: 'Object Repository/Final Object Repo/WorkFlow Listing Page/Click Continue Tooltip' is clicked on

2018-12-06 20:35:55 - [TEST_STEP][PASSED] - delay: Delayed 5 second(s)

2018-12-06 20:36:00 - [MESSAGE][PASSED] - Delayed 5 second(s)

2018-12-06 20:36:00 - [TEST_STEP][PASSED] - doubleClick: Object: 'Object Repository/Final Object Repo/WorkFlow Listing Page/Workflow Found - Listing 1' is double clicked on

2018-12-06 20:36:00 - [MESSAGE][PASSED] - Object: 'Object Repository/Final Object Repo/WorkFlow Listing Page/Workflow Found - Listing 1' is double clicked on

2018-12-06 20:36:00 - [TEST_STEP][PASSED] - Statement - println(OwnerID): null

2018-12-06 20:36:00 - [TEST_STEP][PASSED] - Statement - OwnerID = com.kms.katalon.core.webui.keyword.WebUiBuiltInKeywords.getText(com.kms.katalon.core.testobject.ObjectRepository.findTestObject(Final Object Repo/WorkFlow Listing Page/Workflow Found - Listing 1), STOP_ON_FAILURE): Text of object 'Object Repository/Final Object Repo/WorkFlow Listing Page/Workflow Found - Listing 1' is: 'JOHORuo2'

2018-12-06 20:36:00 - [MESSAGE][PASSED] - Text of object 'Object Repository/Final Object Repo/WorkFlow Listing Page/Workflow Found - Listing 1' is: 'JOHORuo2'

2018-12-06 20:36:00 - [TEST_STEP][PASSED] - Statement - OwnerID = OwnerID.toLowerCase() + "@gmail.com": null

2018-12-06 20:36:00 - [TEST_STEP][PASSED] - Statement - println(OwnerID): null

2018-12-06 20:36:00 - [TEST_STEP][PASSED] - delay: Delayed 2 second(s)

2018-12-06 20:36:02 - [MESSAGE][PASSED] - Delayed 2 second(s)

2018-12-06 20:36:02 - [MESSAGE][PASSED] - Call Test Case 'Test Cases/Final Aug 2018 - PKS Automation/Common/Workflow Owner Finder' successfully

2018-12-06 20:36:02 - [TEST_STEP][PASSED] - delay: Delayed 1 second(s)

2018-12-06 20:36:03 - [MESSAGE][PASSED] - Delayed 1 second(s)

2018-12-06 20:36:03 - [TEST_STEP][PASSED] - navigateToUrl: Navigate to 'https://assist2-uat.perkeso.gov.my/c/portal/logout' successfully

2018-12-06 20:36:04 - [MESSAGE][PASSED] - Navigate to 'https://assist2-uat.perkeso.gov.my/c/portal/logout' successfully

2018-12-06 20:36:04 - [TEST_STEP][PASSED] - delay: Delayed 1 second(s)

2018-12-06 20:36:05 - [MESSAGE][PASSED] - Delayed 1 second(s)

2018-12-06 20:36:05 - [TEST_STEP][PASSED] - callTestCase: Call Test Case 'Test Cases/Final Aug 2018 - PKS Automation/Registration Module/Workflow/Login and Search Case For Workflow' successfully

2018-12-06 20:36:05 - [TEST_CASE][PASSED] - Test Cases/Final Aug 2018 - PKS Automation/Registration Module/Workflow/Login and Search Case For Workflow: Test Cases/Final Aug 2018 - PKS Automation/Registration Module/Workflow/Login and Search Case For Workflow

2018-12-06 20:36:05 - [TEST_STEP][PASSED] - navigateToUrl: Navigate to 'https://assist2-uat.perkeso.gov.my/login' successfully

2018-12-06 20:36:05 - [MESSAGE][PASSED] - Navigate to 'https://assist2-uat.perkeso.gov.my/login' successfully

2018-12-06 20:36:05 - [TEST_STEP][PASSED] - setText: Text 'johoruo2@gmail.com' is set on object 'Object Repository/Final Object Repo/Login Page/Internal User/Email Address'

2018-12-06 20:36:06 - [MESSAGE][PASSED] - Text 'johoruo2@gmail.com' is set on object 'Object Repository/Final Object Repo/Login Page/Internal User/Email Address'

2018-12-06 20:36:06 - [TEST_STEP][PASSED] - click: Object: 'Object Repository/Final Object Repo/Login Page/Internal User/Next Button' is clicked on

2018-12-06 20:36:06 - [MESSAGE][PASSED] - Object: 'Object Repository/Final Object Repo/Login Page/Internal User/Next Button' is clicked on

2018-12-06 20:36:06 - [TEST_STEP][PASSED] - delay: Delayed 1 second(s)

2018-12-06 20:36:07 - [MESSAGE][PASSED] - Delayed 1 second(s)

2018-12-06 20:36:07 - [TEST_STEP][PASSED] - setEncryptedText: Text ****** has been set on object 'Object Repository/Final Object Repo/Login Page/Internal User/Password'

2018-12-06 20:36:07 - [MESSAGE][PASSED] - Text ****** has been set on object 'Object Repository/Final Object Repo/Login Page/Internal User/Password'

2018-12-06 20:36:07 - [TEST_STEP][PASSED] - click: Object: 'Object Repository/Final Object Repo/Login Page/Internal User/Login Button' is clicked on

2018-12-06 20:36:07 - [MESSAGE][PASSED] - Object: 'Object Repository/Final Object Repo/Login Page/Internal User/Login Button' is clicked on

2018-12-06 20:36:07 - [TEST_STEP][PASSED] - delay: Delayed 2 second(s)

2018-12-06 20:36:09 - [MESSAGE][PASSED] - Delayed 2 second(s)

2018-12-06 20:36:09 - [TEST_STEP][PASSED] - Statement - Try: Delayed 2 second(s)

2018-12-06 20:36:09 - [TEST_STEP][PASSED] - Statement - Checker = false: null

2018-12-06 20:36:09 - [TEST_STEP][PASSED] - Statement - Checker = com.kms.katalon.core.webui.keyword.WebUiBuiltInKeywords.verifyElementHasAttribute(com.kms.katalon.core.testobject.ObjectRepository.findTestObject(Final Object Repo/Landing Page/BM Detecting), "href", 20, OPTIONAL): Object 'Object Repository/Final Object Repo/Landing Page/BM Detecting' has attribute 'href'

2018-12-06 20:36:09 - [MESSAGE][PASSED] - Object 'Object Repository/Final Object Repo/Landing Page/BM Detecting' has attribute 'href'

2018-12-06 20:36:09 - [TEST_STEP][PASSED] - Statement - out.println(Checker): null

2018-12-06 20:36:09 - [TEST_STEP][PASSED] - Statement - If (Checker == false): null

2018-12-06 20:36:09 - [TEST_STEP][PASSED] - Statement - Else: null

2018-12-06 20:36:09 - [TEST_STEP][PASSED] - delay: Delayed 2 second(s)

2018-12-06 20:36:11 - [MESSAGE][PASSED] - Delayed 2 second(s)

2018-12-06 20:36:11 - [TEST_STEP][PASSED] - click: Object: 'Object Repository/Final Object Repo/Page_MyASSIST - ASSIST - Search Pending Case For Add Supporting Document/Search Information' is clicked on

2018-12-06 20:36:11 - [MESSAGE][PASSED] - Object: 'Object Repository/Final Object Repo/Page_MyASSIST - ASSIST - Search Pending Case For Add Supporting Document/Search Information' is clicked on

2018-12-06 20:36:11 - [TEST_STEP][PASSED] - delay: Delayed 3 second(s)

2018-12-06 20:36:14 - [MESSAGE][PASSED] - Delayed 3 second(s)

2018-12-06 20:36:14 - [TEST_STEP][PASSED] - sendKeys: Keys 'CUN122018C200001705' sent to object: 'Object Repository/Final Object Repo/Page_MyASSIST - ASSIST - Search Pending Case For Add Supporting Document/Reference No'

2018-12-06 20:36:15 - [MESSAGE][PASSED] - Keys 'CUN122018C200001705' sent to object: 'Object Repository/Final Object Repo/Page_MyASSIST - ASSIST - Search Pending Case For Add Supporting Document/Reference No'

2018-12-06 20:36:15 - [TEST_STEP][PASSED] - click: Object: 'Object Repository/Final Object Repo/Page_MyASSIST - ASSIST - Search Pending Case For Add Supporting Document/Search Reference No' is clicked on

2018-12-06 20:36:15 - [MESSAGE][PASSED] - Object: 'Object Repository/Final Object Repo/Page_MyASSIST - ASSIST - Search Pending Case For Add Supporting Document/Search Reference No' is clicked on

2018-12-06 20:36:15 - [TEST_STEP][PASSED] - delay: Delayed 2 second(s)

2018-12-06 20:36:17 - [MESSAGE][PASSED] - Delayed 2 second(s)

2018-12-06 20:36:17 - [TEST_STEP][PASSED] - click: Object: 'Object Repository/Final Object Repo/Page_MyASSIST - ASSIST - Search Pending Case For Add Supporting Document/Continue' is clicked on

2018-12-06 20:36:20 - [MESSAGE][PASSED] - Object: 'Object Repository/Final Object Repo/Page_MyASSIST - ASSIST - Search Pending Case For Add Supporting Document/Continue' is clicked on

2018-12-06 20:36:20 - [TEST_STEP][PASSED] - delay: Delayed 20 second(s)

2018-12-06 20:36:40 - [MESSAGE][PASSED] - Delayed 20 second(s)

2018-12-06 20:36:40 - [MESSAGE][PASSED] - Call Test Case 'Test Cases/Final Aug 2018 - PKS Automation/Registration Module/Workflow/Login and Search Case For Workflow' successfully

2018-12-06 20:36:40 - [TEST_STEP][PASSED] - click: Object: 'Object Repository/Final Object Repo/Page_Form 1A - Cessation As Employer/Page_Form 1A - Cessation As Employer (Approve)/Save  Continue in Form 1A Page' is clicked on

2018-12-06 20:36:40 - [MESSAGE][PASSED] - Object: 'Object Repository/Final Object Repo/Page_Form 1A - Cessation As Employer/Page_Form 1A - Cessation As Employer (Approve)/Save  Continue in Form 1A Page' is clicked on

2018-12-06 20:36:40 - [TEST_STEP][PASSED] - delay: Delayed 2 second(s)

2018-12-06 20:36:42 - [MESSAGE][PASSED] - Delayed 2 second(s)

2018-12-06 20:36:42 - [TEST_STEP][PASSED] - click: Object: 'Object Repository/Final Object Repo/Page_Form 1A - Cessation As Employer/Employment Resign Date' is clicked on

2018-12-06 20:36:42 - [MESSAGE][PASSED] - Object: 'Object Repository/Final Object Repo/Page_Form 1A - Cessation As Employer/Employment Resign Date' is clicked on

2018-12-06 20:36:42 - [TEST_STEP][PASSED] - delay: Delayed 1 second(s)

2018-12-06 20:36:43 - [MESSAGE][PASSED] - Delayed 1 second(s)

2018-12-06 20:36:43 - [TEST_STEP][PASSED] - selectOptionByValue: All options with value '2030' are selected in object 'Object Repository/Final Object Repo/Page_Form 1A - Cessation As Employer/Employment Resign Date - Year' 

2018-12-06 20:36:44 - [MESSAGE][PASSED] - All options with value '2030' are selected in object 'Object Repository/Final Object Repo/Page_Form 1A - Cessation As Employer/Employment Resign Date - Year' 

2018-12-06 20:36:44 - [TEST_STEP][PASSED] - delay: Delayed 1 second(s)

2018-12-06 20:36:45 - [MESSAGE][PASSED] - Delayed 1 second(s)

2018-12-06 20:36:45 - [TEST_STEP][PASSED] - click: Object: 'Object Repository/Final Object Repo/Page_Form 1A - Cessation As Employer/Employment Resign Date - Year - Date' is clicked on

2018-12-06 20:36:45 - [MESSAGE][PASSED] - Object: 'Object Repository/Final Object Repo/Page_Form 1A - Cessation As Employer/Employment Resign Date - Year - Date' is clicked on

2018-12-06 20:36:45 - [TEST_STEP][PASSED] - delay: Delayed 2 second(s)

2018-12-06 20:36:47 - [MESSAGE][PASSED] - Delayed 2 second(s)

2018-12-06 20:36:47 - [TEST_STEP][PASSED] - click: Object: 'Object Repository/Final Object Repo/Page_Form 1A - Cessation As Employer/Page_Form 1A - Cessation As Employer (Approve)/Save  Continue in Update Add Employee Resigned Date Page' is clicked on

2018-12-06 20:36:47 - [MESSAGE][PASSED] - Object: 'Object Repository/Final Object Repo/Page_Form 1A - Cessation As Employer/Page_Form 1A - Cessation As Employer (Approve)/Save  Continue in Update Add Employee Resigned Date Page' is clicked on

2018-12-06 20:36:47 - [TEST_STEP][PASSED] - delay: Delayed 2 second(s)

2018-12-06 20:36:49 - [MESSAGE][PASSED] - Delayed 2 second(s)

2018-12-06 20:36:49 - [TEST_STEP][PASSED] - click: Object: 'Object Repository/Final Object Repo/Page_Form 1A - Cessation As Employer/Set Latest - Yes' is clicked on

2018-12-06 20:36:49 - [MESSAGE][PASSED] - Object: 'Object Repository/Final Object Repo/Page_Form 1A - Cessation As Employer/Set Latest - Yes' is clicked on

2018-12-06 20:36:49 - [TEST_STEP][PASSED] - delay: Delayed 2 second(s)

2018-12-06 20:36:51 - [MESSAGE][PASSED] - Delayed 2 second(s)

2018-12-06 20:36:51 - [TEST_STEP][PASSED] - click: Object: 'Object Repository/Final Object Repo/Page_Form 1A - Cessation As Employer/Page_Form 1A - Cessation As Employer (Approve)/Save  Contine in Uploading Document Page' is clicked on

2018-12-06 20:36:52 - [MESSAGE][PASSED] - Object: 'Object Repository/Final Object Repo/Page_Form 1A - Cessation As Employer/Page_Form 1A - Cessation As Employer (Approve)/Save  Contine in Uploading Document Page' is clicked on

2018-12-06 20:36:52 - [TEST_STEP][PASSED] - delay: Delayed 2 second(s)

2018-12-06 20:36:54 - [MESSAGE][PASSED] - Delayed 2 second(s)

2018-12-06 20:36:54 - [TEST_STEP][PASSED] - click: Object: 'Object Repository/Final Object Repo/Page_Form 1A - Cessation As Employer/Page_Form 1A - Cessation As Employer (Approve)/Approve' is clicked on

2018-12-06 20:36:57 - [MESSAGE][PASSED] - Object: 'Object Repository/Final Object Repo/Page_Form 1A - Cessation As Employer/Page_Form 1A - Cessation As Employer (Approve)/Approve' is clicked on

2018-12-06 20:36:57 - [TEST_STEP][PASSED] - delay: Delayed 2 second(s)

2018-12-06 20:36:59 - [MESSAGE][PASSED] - Delayed 2 second(s)

2018-12-06 20:36:59 - [TEST_STEP][PASSED] - click: Object: 'Object Repository/Final Object Repo/Page_Form 1A - Cessation As Employer/Confirm' is clicked on

2018-12-06 20:36:59 - [MESSAGE][PASSED] - Object: 'Object Repository/Final Object Repo/Page_Form 1A - Cessation As Employer/Confirm' is clicked on

2018-12-06 20:36:59 - [TEST_STEP][PASSED] - delay: Delayed 2 second(s)

2018-12-06 20:37:01 - [MESSAGE][PASSED] - Delayed 2 second(s)

2018-12-06 20:37:01 - [TEST_STEP][PASSED] - click: Object: 'Object Repository/Final Object Repo/Page_Form 1A - Cessation As Employer/Page_Form 1A - Cessation As Employer (Approve)/Message Your Request    Form 1A ' is clicked on

2018-12-06 20:37:10 - [MESSAGE][PASSED] - Object: 'Object Repository/Final Object Repo/Page_Form 1A - Cessation As Employer/Page_Form 1A - Cessation As Employer (Approve)/Message Your Request    Form 1A ' is clicked on

2018-12-06 20:37:10 - [TEST_STEP][PASSED] - delay: Delayed 2 second(s)

2018-12-06 20:37:12 - [MESSAGE][PASSED] - Delayed 2 second(s)

2018-12-06 20:37:12 - [TEST_STEP][PASSED] - click: Object: 'Object Repository/Final Object Repo/Page_Form 1A - Cessation As Employer/Page_Form 1A - Cessation As Employer (Approve)/Letter of successful update' is clicked on

2018-12-06 20:37:13 - [MESSAGE][PASSED] - Object: 'Object Repository/Final Object Repo/Page_Form 1A - Cessation As Employer/Page_Form 1A - Cessation As Employer (Approve)/Letter of successful update' is clicked on

2018-12-06 20:37:13 - [MESSAGE][PASSED] - Call Test Case 'Test Cases/Final Aug 2018 - PKS Automation/Registration Module/Workflow/Form 1A - Cessation As Employer/Template/Form 1 A - Cessation As Employer (Approve)' successfully]]></system-out>
         <system-err><![CDATA[]]></system-err>
      </testcase>
      <testcase name="Test Cases/Final Aug 2018 - PKS Automation/Registration Module/Workflow/Form 1A - Cessation As Employer/PKRBO to UO (Under enforcement)" classname="Test Cases/Final Aug 2018 - PKS Automation/Registration Module/Workflow/Form 1A - Cessation As Employer/PKRBO to UO (Under enforcement)" status="PASSED">
         <system-out><![CDATA[2018-12-06 20:37:13 - [TEST_CASE][PASSED] - Test Cases/Final Aug 2018 - PKS Automation/Registration Module/Workflow/Form 1A - Cessation As Employer/PKRBO to UO (Under enforcement): Test Cases/Final Aug 2018 - PKS Automation/Registration Module/Workflow/Form 1A - Cessation As Employer/PKRBO to UO (Under enforcement)

2018-12-06 20:37:14 - [TEST_STEP][PASSED] - callTestCase: Call Test Case 'Test Cases/Final Aug 2018 - PKS Automation/Registration Module/Workflow/Form 1A - Cessation As Employer/Template/Form 1 A - Cessation As Employer (PKRBO)' successfully

2018-12-06 20:37:14 - [TEST_CASE][PASSED] - Test Cases/Final Aug 2018 - PKS Automation/Registration Module/Workflow/Form 1A - Cessation As Employer/Template/Form 1 A - Cessation As Employer (PKRBO): Test Cases/Final Aug 2018 - PKS Automation/Registration Module/Workflow/Form 1A - Cessation As Employer/Template/Form 1 A - Cessation As Employer (PKRBO)

2018-12-06 20:37:14 - [TEST_STEP][PASSED] - openBrowser: Browser is opened with url: ''

2018-12-06 20:37:14 - [MESSAGE][WARNING] - A browser is already opened. Closing browser and opening a new one

2018-12-06 20:37:18 - [MESSAGE][PASSED] - Browser is opened with url: ''

2018-12-06 20:37:18 - [TEST_STEP][PASSED] - navigateToUrl: Navigate to 'https://assist2-uat.perkeso.gov.my/login' successfully

2018-12-06 20:37:19 - [MESSAGE][PASSED] - Navigate to 'https://assist2-uat.perkeso.gov.my/login' successfully

2018-12-06 20:37:19 - [TEST_STEP][PASSED] - setText: Text 'johorpkrbo1@gmail.com' is set on object 'Object Repository/Final Object Repo/Login Page/Internal User/Email Address'

2018-12-06 20:37:19 - [MESSAGE][PASSED] - Text 'johorpkrbo1@gmail.com' is set on object 'Object Repository/Final Object Repo/Login Page/Internal User/Email Address'

2018-12-06 20:37:19 - [TEST_STEP][PASSED] - click: Object: 'Object Repository/Final Object Repo/Login Page/Internal User/Next Button' is clicked on

2018-12-06 20:37:20 - [MESSAGE][PASSED] - Object: 'Object Repository/Final Object Repo/Login Page/Internal User/Next Button' is clicked on

2018-12-06 20:37:20 - [TEST_STEP][PASSED] - delay: Delayed 1 second(s)

2018-12-06 20:37:21 - [MESSAGE][PASSED] - Delayed 1 second(s)

2018-12-06 20:37:21 - [TEST_STEP][PASSED] - setEncryptedText: Text ****** has been set on object 'Object Repository/Final Object Repo/Login Page/Internal User/Password'

2018-12-06 20:37:21 - [MESSAGE][PASSED] - Text ****** has been set on object 'Object Repository/Final Object Repo/Login Page/Internal User/Password'

2018-12-06 20:37:21 - [TEST_STEP][PASSED] - click: Object: 'Object Repository/Final Object Repo/Login Page/Internal User/Login Button' is clicked on

2018-12-06 20:37:21 - [MESSAGE][PASSED] - Object: 'Object Repository/Final Object Repo/Login Page/Internal User/Login Button' is clicked on

2018-12-06 20:37:21 - [TEST_STEP][PASSED] - delay: Delayed 1 second(s)

2018-12-06 20:37:22 - [MESSAGE][PASSED] - Delayed 1 second(s)

2018-12-06 20:37:22 - [TEST_STEP][PASSED] - Statement - Try: Delayed 2 second(s)

2018-12-06 20:37:22 - [TEST_STEP][PASSED] - Statement - Checker = false: null

2018-12-06 20:37:22 - [TEST_STEP][PASSED] - Statement - Checker = com.kms.katalon.core.webui.keyword.WebUiBuiltInKeywords.verifyElementHasAttribute(com.kms.katalon.core.testobject.ObjectRepository.findTestObject(Final Object Repo/Landing Page/BM Detecting), "href", 20, OPTIONAL): Object 'Object Repository/Final Object Repo/Landing Page/BM Detecting' has attribute 'href'

2018-12-06 20:37:23 - [MESSAGE][PASSED] - Object 'Object Repository/Final Object Repo/Landing Page/BM Detecting' has attribute 'href'

2018-12-06 20:37:23 - [TEST_STEP][PASSED] - Statement - out.println(Checker): null

2018-12-06 20:37:23 - [TEST_STEP][PASSED] - Statement - If (Checker == false): null

2018-12-06 20:37:23 - [TEST_STEP][PASSED] - Statement - Else: null

2018-12-06 20:37:23 - [TEST_STEP][PASSED] - delay: Delayed 2 second(s)

2018-12-06 20:37:25 - [MESSAGE][PASSED] - Delayed 2 second(s)

2018-12-06 20:37:25 - [TEST_STEP][PASSED] - navigateToUrl: Navigate to 'https://assist2-uat.perkeso.gov.my/web/registration/update/form-1a-cessation-as-employer-discontinue-business-' successfully

2018-12-06 20:37:26 - [MESSAGE][PASSED] - Navigate to 'https://assist2-uat.perkeso.gov.my/web/registration/update/form-1a-cessation-as-employer-discontinue-business-' successfully

2018-12-06 20:37:26 - [TEST_STEP][PASSED] - setText: Text 'E1102069770Z' is set on object 'Object Repository/Final Object Repo/Page_Update Employer Information/Employer Code'

2018-12-06 20:37:26 - [MESSAGE][PASSED] - Text 'E1102069770Z' is set on object 'Object Repository/Final Object Repo/Page_Update Employer Information/Employer Code'

2018-12-06 20:37:26 - [TEST_STEP][PASSED] - click: Object: 'Object Repository/Final Object Repo/Page_Update Employer Information/Search Button' is clicked on

2018-12-06 20:37:27 - [MESSAGE][PASSED] - Object: 'Object Repository/Final Object Repo/Page_Update Employer Information/Search Button' is clicked on

2018-12-06 20:37:27 - [TEST_STEP][PASSED] - click: Object: 'Object Repository/Final Object Repo/Page_Update Employer Information/Edit Button' is clicked on

2018-12-06 20:37:29 - [MESSAGE][PASSED] - Object: 'Object Repository/Final Object Repo/Page_Update Employer Information/Edit Button' is clicked on

2018-12-06 20:37:29 - [TEST_STEP][PASSED] - Statement - abc = com.kms.katalon.core.webui.keyword.WebUiBuiltInKeywords.getAttribute(com.kms.katalon.core.testobject.ObjectRepository.findTestObject(Final Object Repo/Page_Form 1A - Cessation As Employer/Employer Status), "value"): Attribute 'value' of object 'Object Repository/Final Object Repo/Page_Form 1A - Cessation As Employer/Employer Status' is: 'Dormant'

2018-12-06 20:37:29 - [MESSAGE][PASSED] - Attribute 'value' of object 'Object Repository/Final Object Repo/Page_Form 1A - Cessation As Employer/Employer Status' is: 'Dormant'

2018-12-06 20:37:29 - [TEST_STEP][PASSED] - Statement - out.println(abc): null

2018-12-06 20:37:29 - [TEST_STEP][PASSED] - Statement - If (abc == "Active"): null

2018-12-06 20:37:29 - [TEST_STEP][PASSED] - Statement - Else If (abc == "Cancel"): null

2018-12-06 20:37:29 - [TEST_STEP][PASSED] - Statement - Else If (abc == "Dormant"): Object: 'Object Repository/Final Object Repo/Page_Form 1A - Cessation As Employer/Change Employer Status to - Dormant' is clicked on

2018-12-06 20:37:29 - [TEST_STEP][PASSED] - click: Object: 'Object Repository/Final Object Repo/Page_Form 1A - Cessation As Employer/Change Employer Status to' is clicked on

2018-12-06 20:37:29 - [MESSAGE][PASSED] - Object: 'Object Repository/Final Object Repo/Page_Form 1A - Cessation As Employer/Change Employer Status to' is clicked on

2018-12-06 20:37:29 - [TEST_STEP][PASSED] - click: Object: 'Object Repository/Final Object Repo/Page_Form 1A - Cessation As Employer/Change Employer Status to - Dormant' is clicked on

2018-12-06 20:37:29 - [MESSAGE][PASSED] - Object: 'Object Repository/Final Object Repo/Page_Form 1A - Cessation As Employer/Change Employer Status to - Dormant' is clicked on

2018-12-06 20:37:29 - [TEST_STEP][PASSED] - click: Object: 'Object Repository/Final Object Repo/Page_Form 1A - Cessation As Employer/Calender' is clicked on

2018-12-06 20:37:30 - [MESSAGE][PASSED] - Object: 'Object Repository/Final Object Repo/Page_Form 1A - Cessation As Employer/Calender' is clicked on

2018-12-06 20:37:30 - [TEST_STEP][PASSED] - click: Object: 'Object Repository/Final Object Repo/Page_Form 1A - Cessation As Employer/Calender - Date' is clicked on

2018-12-06 20:37:30 - [MESSAGE][PASSED] - Object: 'Object Repository/Final Object Repo/Page_Form 1A - Cessation As Employer/Calender - Date' is clicked on

2018-12-06 20:37:30 - [TEST_STEP][PASSED] - delay: Delayed 2 second(s)

2018-12-06 20:37:32 - [MESSAGE][PASSED] - Delayed 2 second(s)

2018-12-06 20:37:32 - [TEST_STEP][PASSED] - click: Object: 'Object Repository/Final Object Repo/Page_Form 1A - Cessation As Employer/Save  Continue in Form 1A Page' is clicked on

2018-12-06 20:37:32 - [MESSAGE][PASSED] - Object: 'Object Repository/Final Object Repo/Page_Form 1A - Cessation As Employer/Save  Continue in Form 1A Page' is clicked on

2018-12-06 20:37:32 - [TEST_STEP][PASSED] - delay: Delayed 2 second(s)

2018-12-06 20:37:34 - [MESSAGE][PASSED] - Delayed 2 second(s)

2018-12-06 20:37:34 - [TEST_STEP][PASSED] - click: Object: 'Object Repository/Final Object Repo/Page_Form 1A - Cessation As Employer/Employment Resign Date' is clicked on

2018-12-06 20:37:34 - [MESSAGE][PASSED] - Object: 'Object Repository/Final Object Repo/Page_Form 1A - Cessation As Employer/Employment Resign Date' is clicked on

2018-12-06 20:37:34 - [TEST_STEP][PASSED] - delay: Delayed 1 second(s)

2018-12-06 20:37:35 - [MESSAGE][PASSED] - Delayed 1 second(s)

2018-12-06 20:37:35 - [TEST_STEP][PASSED] - Statement - CaseReferenceNo = com.kms.katalon.core.webui.keyword.WebUiBuiltInKeywords.getText(com.kms.katalon.core.testobject.ObjectRepository.findTestObject(Final Object Repo/Page_Update Employer Information/Reference Number in Update Employee Information Page)): Text of object 'Object Repository/Final Object Repo/Page_Update Employer Information/Reference Number in Update Employee Information Page' is: 'CUN122018C200001706'

2018-12-06 20:37:35 - [MESSAGE][PASSED] - Text of object 'Object Repository/Final Object Repo/Page_Update Employer Information/Reference Number in Update Employee Information Page' is: 'CUN122018C200001706'

2018-12-06 20:37:35 - [TEST_STEP][PASSED] - Statement - out.println(CaseReferenceNo): null

2018-12-06 20:37:35 - [TEST_STEP][PASSED] - callTestCase: Call Test Case 'Test Cases/Final Aug 2018 - PKS Automation/Common/Reference Number Setter' successfully

2018-12-06 20:37:35 - [TEST_CASE][PASSED] - Test Cases/Final Aug 2018 - PKS Automation/Common/Reference Number Setter: Test Cases/Final Aug 2018 - PKS Automation/Common/Reference Number Setter

2018-12-06 20:37:35 - [TEST_STEP][PASSED] - Statement - RefNoOldFile = new java.io.File(C://Users//Admin//Desktop//PKS//Automation Reference Point//KatalonReference.txt): null

2018-12-06 20:37:35 - [TEST_STEP][PASSED] - Statement - RefNoOldFile.delete(): null

2018-12-06 20:37:35 - [TEST_STEP][PASSED] - delay: Delayed 5 second(s)

2018-12-06 20:37:40 - [MESSAGE][PASSED] - Delayed 5 second(s)

2018-12-06 20:37:40 - [TEST_STEP][PASSED] - Statement - RefNo = new java.io.File(C://Users//Admin//Desktop//PKS//Automation Reference Point//KatalonReference.txt): null

2018-12-06 20:37:40 - [TEST_STEP][PASSED] - Statement - f2 = new java.io.FileWriter(RefNo, false): null

2018-12-06 20:37:40 - [TEST_STEP][PASSED] - Statement - f2.write(CaseReferenceNo): null

2018-12-06 20:37:40 - [TEST_STEP][PASSED] - Statement - f2.close(): null

2018-12-06 20:37:40 - [TEST_STEP][PASSED] - Statement - out.println("


" + CaseReferenceNo + "


"): null

2018-12-06 20:37:40 - [MESSAGE][PASSED] - Call Test Case 'Test Cases/Final Aug 2018 - PKS Automation/Common/Reference Number Setter' successfully

2018-12-06 20:37:40 - [TEST_STEP][PASSED] - selectOptionByValue: All options with value '2030' are selected in object 'Object Repository/Final Object Repo/Page_Form 1A - Cessation As Employer/Employment Resign Date - Year' 

2018-12-06 20:37:40 - [MESSAGE][PASSED] - All options with value '2030' are selected in object 'Object Repository/Final Object Repo/Page_Form 1A - Cessation As Employer/Employment Resign Date - Year' 

2018-12-06 20:37:40 - [TEST_STEP][PASSED] - delay: Delayed 1 second(s)

2018-12-06 20:37:41 - [MESSAGE][PASSED] - Delayed 1 second(s)

2018-12-06 20:37:41 - [TEST_STEP][PASSED] - click: Object: 'Object Repository/Final Object Repo/Page_Form 1A - Cessation As Employer/Employment Resign Date - Year - Date' is clicked on

2018-12-06 20:37:42 - [MESSAGE][PASSED] - Object: 'Object Repository/Final Object Repo/Page_Form 1A - Cessation As Employer/Employment Resign Date - Year - Date' is clicked on

2018-12-06 20:37:42 - [TEST_STEP][PASSED] - delay: Delayed 2 second(s)

2018-12-06 20:37:44 - [MESSAGE][PASSED] - Delayed 2 second(s)

2018-12-06 20:37:44 - [TEST_STEP][PASSED] - click: Object: 'Object Repository/Final Object Repo/Page_Form 1A - Cessation As Employer/Save  Continue in Update Add Employee Resigned Date Page' is clicked on

2018-12-06 20:37:44 - [MESSAGE][PASSED] - Object: 'Object Repository/Final Object Repo/Page_Form 1A - Cessation As Employer/Save  Continue in Update Add Employee Resigned Date Page' is clicked on

2018-12-06 20:37:44 - [TEST_STEP][PASSED] - delay: Delayed 2 second(s)

2018-12-06 20:37:46 - [MESSAGE][PASSED] - Delayed 2 second(s)

2018-12-06 20:37:46 - [TEST_STEP][PASSED] - click: Object: 'Object Repository/Final Object Repo/Page_Form 1A - Cessation As Employer/Set Latest - Yes' is clicked on

2018-12-06 20:37:46 - [MESSAGE][PASSED] - Object: 'Object Repository/Final Object Repo/Page_Form 1A - Cessation As Employer/Set Latest - Yes' is clicked on

2018-12-06 20:37:46 - [TEST_STEP][PASSED] - delay: Delayed 2 second(s)

2018-12-06 20:37:48 - [MESSAGE][PASSED] - Delayed 2 second(s)

2018-12-06 20:37:48 - [TEST_STEP][PASSED] - click: Object: 'Object Repository/Final Object Repo/Page_Form 1A - Cessation As Employer/Add Document' is clicked on

2018-12-06 20:37:49 - [MESSAGE][PASSED] - Object: 'Object Repository/Final Object Repo/Page_Form 1A - Cessation As Employer/Add Document' is clicked on

2018-12-06 20:37:49 - [TEST_STEP][PASSED] - delay: Delayed 2 second(s)

2018-12-06 20:37:51 - [MESSAGE][PASSED] - Delayed 2 second(s)

2018-12-06 20:37:51 - [TEST_STEP][PASSED] - click: Object: 'Object Repository/Final Object Repo/Page_Form 1A - Cessation As Employer/Document Type' is clicked on

2018-12-06 20:37:52 - [MESSAGE][PASSED] - Object: 'Object Repository/Final Object Repo/Page_Form 1A - Cessation As Employer/Document Type' is clicked on

2018-12-06 20:37:52 - [TEST_STEP][PASSED] - delay: Delayed 2 second(s)

2018-12-06 20:37:54 - [MESSAGE][PASSED] - Delayed 2 second(s)

2018-12-06 20:37:54 - [TEST_STEP][PASSED] - click: Object: 'Object Repository/Final Object Repo/Page_Form 1A - Cessation As Employer/Document Type - Supporting Document For Cessation' is clicked on

2018-12-06 20:37:54 - [MESSAGE][PASSED] - Object: 'Object Repository/Final Object Repo/Page_Form 1A - Cessation As Employer/Document Type - Supporting Document For Cessation' is clicked on

2018-12-06 20:37:54 - [TEST_STEP][PASSED] - delay: Delayed 2 second(s)

2018-12-06 20:37:56 - [MESSAGE][PASSED] - Delayed 2 second(s)

2018-12-06 20:37:56 - [TEST_STEP][PASSED] - sendKeys: Keys 'C:\Users\Public\Pictures\Sample Pictures\Koala.jpg' sent to object: 'Object Repository/Final Object Repo/Page_Form 1A - Cessation As Employer/Uploading File'

2018-12-06 20:37:56 - [MESSAGE][PASSED] - Keys 'C:\Users\Public\Pictures\Sample Pictures\Koala.jpg' sent to object: 'Object Repository/Final Object Repo/Page_Form 1A - Cessation As Employer/Uploading File'

2018-12-06 20:37:56 - [TEST_STEP][PASSED] - delay: Delayed 2 second(s)

2018-12-06 20:37:58 - [MESSAGE][PASSED] - Delayed 2 second(s)

2018-12-06 20:37:58 - [TEST_STEP][PASSED] - click: Object: 'Object Repository/Final Object Repo/Page_Form 1A - Cessation As Employer/Add Document in Uploading Page' is clicked on

2018-12-06 20:37:59 - [MESSAGE][PASSED] - Object: 'Object Repository/Final Object Repo/Page_Form 1A - Cessation As Employer/Add Document in Uploading Page' is clicked on

2018-12-06 20:37:59 - [TEST_STEP][PASSED] - delay: Delayed 15 second(s)

2018-12-06 20:38:14 - [MESSAGE][PASSED] - Delayed 15 second(s)

2018-12-06 20:38:14 - [TEST_STEP][PASSED] - click: Object: 'Object Repository/Final Object Repo/Page_Form 1A - Cessation As Employer/Save  Continue in Uploading Page' is clicked on

2018-12-06 20:38:14 - [MESSAGE][PASSED] - Object: 'Object Repository/Final Object Repo/Page_Form 1A - Cessation As Employer/Save  Continue in Uploading Page' is clicked on

2018-12-06 20:38:14 - [TEST_STEP][PASSED] - delay: Delayed 2 second(s)

2018-12-06 20:38:16 - [MESSAGE][PASSED] - Delayed 2 second(s)

2018-12-06 20:38:16 - [TEST_STEP][PASSED] - click: Object: 'Object Repository/Final Object Repo/Page_Form 1A - Cessation As Employer/Submit2' is clicked on

2018-12-06 20:38:19 - [MESSAGE][PASSED] - Object: 'Object Repository/Final Object Repo/Page_Form 1A - Cessation As Employer/Submit2' is clicked on

2018-12-06 20:38:19 - [TEST_STEP][PASSED] - delay: Delayed 2 second(s)

2018-12-06 20:38:21 - [MESSAGE][PASSED] - Delayed 2 second(s)

2018-12-06 20:38:21 - [TEST_STEP][PASSED] - click: Object: 'Object Repository/Final Object Repo/Page_Form 1A - Cessation As Employer/Confirm' is clicked on

2018-12-06 20:38:21 - [MESSAGE][PASSED] - Object: 'Object Repository/Final Object Repo/Page_Form 1A - Cessation As Employer/Confirm' is clicked on

2018-12-06 20:38:21 - [TEST_STEP][PASSED] - delay: Delayed 2 second(s)

2018-12-06 20:38:23 - [MESSAGE][PASSED] - Delayed 2 second(s)

2018-12-06 20:38:23 - [TEST_STEP][PASSED] - verifyElementVisible: Object 'Object Repository/Final Object Repo/Page_Form 1A - Cessation As Employer/Message Your Request will be routed to UO' is visible

2018-12-06 20:38:26 - [MESSAGE][PASSED] - Object 'Object Repository/Final Object Repo/Page_Form 1A - Cessation As Employer/Message Your Request will be routed to UO' is visible

2018-12-06 20:38:26 - [TEST_STEP][PASSED] - delay: Delayed 1 second(s)

2018-12-06 20:38:27 - [MESSAGE][PASSED] - Delayed 1 second(s)

2018-12-06 20:38:27 - [TEST_STEP][PASSED] - verifyElementVisible: Object 'Object Repository/Final Object Repo/Page_Form 1A - Cessation As Employer/Letter of acknowledgement' is visible

2018-12-06 20:38:27 - [MESSAGE][PASSED] - Object 'Object Repository/Final Object Repo/Page_Form 1A - Cessation As Employer/Letter of acknowledgement' is visible

2018-12-06 20:38:27 - [MESSAGE][PASSED] - Call Test Case 'Test Cases/Final Aug 2018 - PKS Automation/Registration Module/Workflow/Form 1A - Cessation As Employer/Template/Form 1 A - Cessation As Employer (PKRBO)' successfully

2018-12-06 20:38:27 - [TEST_STEP][PASSED] - callTestCase: Call Test Case 'Test Cases/Final Aug 2018 - PKS Automation/Registration Module/Workflow/Form 1A - Cessation As Employer/Template/Form 1 A - Cessation As Employer (Under enforcement)' successfully

2018-12-06 20:38:27 - [TEST_CASE][PASSED] - Test Cases/Final Aug 2018 - PKS Automation/Registration Module/Workflow/Form 1A - Cessation As Employer/Template/Form 1 A - Cessation As Employer (Under enforcement): Test Cases/Final Aug 2018 - PKS Automation/Registration Module/Workflow/Form 1A - Cessation As Employer/Template/Form 1 A - Cessation As Employer (Under enforcement)

2018-12-06 20:38:27 - [TEST_STEP][NOT_RUN] - callTestCase: NOT_RUN: callTestCase

2018-12-06 20:38:27 - [MESSAGE][NOT_RUN] - NOT_RUN: callTestCase

2018-12-06 20:38:27 - [TEST_STEP][PASSED] - delay: Delayed 1 second(s)

2018-12-06 20:38:28 - [MESSAGE][PASSED] - Delayed 1 second(s)

2018-12-06 20:38:28 - [TEST_STEP][PASSED] - navigateToUrl: Navigate to 'https://assist2-uat.perkeso.gov.my/c/portal/logout' successfully

2018-12-06 20:38:29 - [MESSAGE][PASSED] - Navigate to 'https://assist2-uat.perkeso.gov.my/c/portal/logout' successfully

2018-12-06 20:38:29 - [TEST_STEP][PASSED] - delay: Delayed 1 second(s)

2018-12-06 20:38:30 - [MESSAGE][PASSED] - Delayed 1 second(s)

2018-12-06 20:38:30 - [TEST_STEP][PASSED] - callTestCase: Call Test Case 'Test Cases/Final Aug 2018 - PKS Automation/Common/Reference Number Getter' successfully

2018-12-06 20:38:30 - [TEST_CASE][PASSED] - Test Cases/Final Aug 2018 - PKS Automation/Common/Reference Number Getter: Test Cases/Final Aug 2018 - PKS Automation/Common/Reference Number Getter

2018-12-06 20:38:30 - [TEST_STEP][PASSED] - Statement - Try: null

2018-12-06 20:38:30 - [TEST_STEP][PASSED] - Statement - RefNo = new java.io.File(C://Users//Admin//Desktop//PKS//Automation Reference Point//KatalonReference.txt): null

2018-12-06 20:38:30 - [TEST_STEP][PASSED] - Statement - bufferread = new java.io.BufferedReader(new java.io.FileReader(RefNo)): null

2018-12-06 20:38:30 - [TEST_STEP][PASSED] - Statement - readedVal = bufferread.readLine(): null

2018-12-06 20:38:30 - [TEST_STEP][PASSED] - Statement - out.println(CaseReferenceNo): null

2018-12-06 20:38:30 - [TEST_STEP][PASSED] - Statement - out.println(readedVal): null

2018-12-06 20:38:30 - [TEST_STEP][PASSED] - Statement - CaseReferenceNo = "": null

2018-12-06 20:38:30 - [TEST_STEP][PASSED] - Statement - CaseReferenceNo = readedVal: null

2018-12-06 20:38:30 - [MESSAGE][PASSED] - Call Test Case 'Test Cases/Final Aug 2018 - PKS Automation/Common/Reference Number Getter' successfully

2018-12-06 20:38:30 - [TEST_STEP][PASSED] - callTestCase: Call Test Case 'Test Cases/Final Aug 2018 - PKS Automation/Common/Workflow Owner Finder' successfully

2018-12-06 20:38:30 - [TEST_CASE][PASSED] - Test Cases/Final Aug 2018 - PKS Automation/Common/Workflow Owner Finder: Test Cases/Final Aug 2018 - PKS Automation/Common/Workflow Owner Finder

2018-12-06 20:38:30 - [TEST_STEP][PASSED] - openBrowser: Browser is opened with url: ''

2018-12-06 20:38:30 - [MESSAGE][WARNING] - A browser is already opened. Closing browser and opening a new one

2018-12-06 20:38:34 - [MESSAGE][PASSED] - Browser is opened with url: ''

2018-12-06 20:38:34 - [TEST_STEP][PASSED] - navigateToUrl: Navigate to 'https://assist2-uat.perkeso.gov.my/login' successfully

2018-12-06 20:38:35 - [MESSAGE][PASSED] - Navigate to 'https://assist2-uat.perkeso.gov.my/login' successfully

2018-12-06 20:38:35 - [TEST_STEP][PASSED] - delay: Delayed 5 second(s)

2018-12-06 20:38:40 - [MESSAGE][PASSED] - Delayed 5 second(s)

2018-12-06 20:38:40 - [TEST_STEP][PASSED] - setText: Text 'test@liferay.com' is set on object 'Object Repository/Final Object Repo/Login Page/Internal User/Email Address'

2018-12-06 20:38:40 - [MESSAGE][PASSED] - Text 'test@liferay.com' is set on object 'Object Repository/Final Object Repo/Login Page/Internal User/Email Address'

2018-12-06 20:38:40 - [TEST_STEP][PASSED] - click: Object: 'Object Repository/Final Object Repo/Login Page/Internal User/Next Button' is clicked on

2018-12-06 20:38:40 - [MESSAGE][PASSED] - Object: 'Object Repository/Final Object Repo/Login Page/Internal User/Next Button' is clicked on

2018-12-06 20:38:40 - [TEST_STEP][PASSED] - delay: Delayed 2 second(s)

2018-12-06 20:38:42 - [MESSAGE][PASSED] - Delayed 2 second(s)

2018-12-06 20:38:42 - [TEST_STEP][PASSED] - setText: Text 'test' is set on object 'Object Repository/Final Object Repo/Login Page/Internal User/Password'

2018-12-06 20:38:43 - [MESSAGE][PASSED] - Text 'test' is set on object 'Object Repository/Final Object Repo/Login Page/Internal User/Password'

2018-12-06 20:38:43 - [TEST_STEP][PASSED] - delay: Delayed 2 second(s)

2018-12-06 20:38:45 - [MESSAGE][PASSED] - Delayed 2 second(s)

2018-12-06 20:38:45 - [TEST_STEP][PASSED] - click: Object: 'Object Repository/Final Object Repo/Login Page/Internal User/Login Button' is clicked on

2018-12-06 20:38:45 - [MESSAGE][PASSED] - Object: 'Object Repository/Final Object Repo/Login Page/Internal User/Login Button' is clicked on

2018-12-06 20:38:45 - [TEST_STEP][PASSED] - Statement - tester = com.kms.katalon.core.testobject.ObjectRepository.findTestObject(Final Object Repo/Landing Page/Select to English): Finding Test Object with id 'Object Repository/Final Object Repo/Landing Page/Select to English'

2018-12-06 20:38:45 - [TEST_STEP][PASSED] - Statement - Try: Delayed 2 second(s)

2018-12-06 20:38:45 - [TEST_STEP][PASSED] - Statement - Checker = com.kms.katalon.core.webui.keyword.WebUiBuiltInKeywords.verifyElementNotPresent(tester, 3): Web element with id: 'Object Repository/Final Object Repo/Landing Page/Select to English' located by 'By.xpath: //a[@class = 'taglib-language-list-text' and @lang = 'en-US' and (contains(text(), 'EN') or contains(., 'EN'))]' is not present after '3' second(s)

2018-12-06 20:38:47 - [MESSAGE][PASSED] - Web element with id: 'Object Repository/Final Object Repo/Landing Page/Select to English' located by 'By.xpath: //a[@class = 'taglib-language-list-text' and @lang = 'en-US' and (contains(text(), 'EN') or contains(., 'EN'))]' is not present after '3' second(s)

2018-12-06 20:38:47 - [TEST_STEP][PASSED] - Statement - If (Checker == false): null

2018-12-06 20:38:47 - [TEST_STEP][PASSED] - delay: Delayed 2 second(s)

2018-12-06 20:38:49 - [MESSAGE][PASSED] - Delayed 2 second(s)

2018-12-06 20:38:49 - [TEST_STEP][PASSED] - delay: Delayed 5 second(s)

2018-12-06 20:38:54 - [MESSAGE][PASSED] - Delayed 5 second(s)

2018-12-06 20:38:54 - [TEST_STEP][PASSED] - mouseOver: Object: 'Object Repository/Final Object Repo/Landing Page/WorkFlow Menu' is hovered

2018-12-06 20:38:54 - [MESSAGE][PASSED] - Object: 'Object Repository/Final Object Repo/Landing Page/WorkFlow Menu' is hovered

2018-12-06 20:38:54 - [TEST_STEP][PASSED] - delay: Delayed 2 second(s)

2018-12-06 20:38:56 - [MESSAGE][PASSED] - Delayed 2 second(s)

2018-12-06 20:38:56 - [TEST_STEP][PASSED] - click: Object: 'Object Repository/Final Object Repo/Landing Page/Select to Workflow Listing' is clicked on

2018-12-06 20:38:57 - [MESSAGE][PASSED] - Object: 'Object Repository/Final Object Repo/Landing Page/Select to Workflow Listing' is clicked on

2018-12-06 20:38:57 - [TEST_STEP][PASSED] - delay: Delayed 2 second(s)

2018-12-06 20:38:59 - [MESSAGE][PASSED] - Delayed 2 second(s)

2018-12-06 20:38:59 - [TEST_STEP][PASSED] - click: Object: 'Object Repository/Final Object Repo/WorkFlow Listing Page/Search Information - To Put Ref No' is clicked on

2018-12-06 20:38:59 - [MESSAGE][PASSED] - Object: 'Object Repository/Final Object Repo/WorkFlow Listing Page/Search Information - To Put Ref No' is clicked on

2018-12-06 20:38:59 - [TEST_STEP][PASSED] - delay: Delayed 2 second(s)

2018-12-06 20:39:01 - [MESSAGE][PASSED] - Delayed 2 second(s)

2018-12-06 20:39:01 - [TEST_STEP][PASSED] - callTestCase: Call Test Case 'Test Cases/Final Aug 2018 - PKS Automation/Common/Reference Number Getter' successfully

2018-12-06 20:39:01 - [TEST_CASE][PASSED] - Test Cases/Final Aug 2018 - PKS Automation/Common/Reference Number Getter: Test Cases/Final Aug 2018 - PKS Automation/Common/Reference Number Getter

2018-12-06 20:39:01 - [TEST_STEP][PASSED] - Statement - Try: null

2018-12-06 20:39:01 - [TEST_STEP][PASSED] - Statement - RefNo = new java.io.File(C://Users//Admin//Desktop//PKS//Automation Reference Point//KatalonReference.txt): null

2018-12-06 20:39:01 - [TEST_STEP][PASSED] - Statement - bufferread = new java.io.BufferedReader(new java.io.FileReader(RefNo)): null

2018-12-06 20:39:01 - [TEST_STEP][PASSED] - Statement - readedVal = bufferread.readLine(): null

2018-12-06 20:39:01 - [TEST_STEP][PASSED] - Statement - out.println(CaseReferenceNo): null

2018-12-06 20:39:01 - [TEST_STEP][PASSED] - Statement - out.println(readedVal): null

2018-12-06 20:39:01 - [TEST_STEP][PASSED] - Statement - CaseReferenceNo = "": null

2018-12-06 20:39:01 - [TEST_STEP][PASSED] - Statement - CaseReferenceNo = readedVal: null

2018-12-06 20:39:01 - [MESSAGE][PASSED] - Call Test Case 'Test Cases/Final Aug 2018 - PKS Automation/Common/Reference Number Getter' successfully

2018-12-06 20:39:01 - [TEST_STEP][PASSED] - setText: Text 'CUN122018C200001706' is set on object 'Object Repository/Final Object Repo/WorkFlow Listing Page/Ref No Set Text'

2018-12-06 20:39:01 - [MESSAGE][PASSED] - Text 'CUN122018C200001706' is set on object 'Object Repository/Final Object Repo/WorkFlow Listing Page/Ref No Set Text'

2018-12-06 20:39:01 - [TEST_STEP][PASSED] - delay: Delayed 2 second(s)

2018-12-06 20:39:03 - [MESSAGE][PASSED] - Delayed 2 second(s)

2018-12-06 20:39:03 - [TEST_STEP][PASSED] - click: Object: 'Object Repository/Final Object Repo/WorkFlow Listing Page/Search Ref No Search Button' is clicked on

2018-12-06 20:39:04 - [MESSAGE][PASSED] - Object: 'Object Repository/Final Object Repo/WorkFlow Listing Page/Search Ref No Search Button' is clicked on

2018-12-06 20:39:04 - [TEST_STEP][PASSED] - delay: Delayed 6 second(s)

2018-12-06 20:39:10 - [MESSAGE][PASSED] - Delayed 6 second(s)

2018-12-06 20:39:10 - [TEST_STEP][PASSED] - click: Object: 'Object Repository/Final Object Repo/WorkFlow Listing Page/Click Continue Tooltip' is clicked on

2018-12-06 20:39:10 - [MESSAGE][PASSED] - Object: 'Object Repository/Final Object Repo/WorkFlow Listing Page/Click Continue Tooltip' is clicked on

2018-12-06 20:39:10 - [TEST_STEP][PASSED] - delay: Delayed 5 second(s)

2018-12-06 20:39:15 - [MESSAGE][PASSED] - Delayed 5 second(s)

2018-12-06 20:39:15 - [TEST_STEP][PASSED] - doubleClick: Object: 'Object Repository/Final Object Repo/WorkFlow Listing Page/Workflow Found - Listing 1' is double clicked on

2018-12-06 20:39:16 - [MESSAGE][PASSED] - Object: 'Object Repository/Final Object Repo/WorkFlow Listing Page/Workflow Found - Listing 1' is double clicked on

2018-12-06 20:39:16 - [TEST_STEP][PASSED] - Statement - println(OwnerID): null

2018-12-06 20:39:16 - [TEST_STEP][PASSED] - Statement - OwnerID = com.kms.katalon.core.webui.keyword.WebUiBuiltInKeywords.getText(com.kms.katalon.core.testobject.ObjectRepository.findTestObject(Final Object Repo/WorkFlow Listing Page/Workflow Found - Listing 1), STOP_ON_FAILURE): Text of object 'Object Repository/Final Object Repo/WorkFlow Listing Page/Workflow Found - Listing 1' is: 'JOHORuo3'

2018-12-06 20:39:16 - [MESSAGE][PASSED] - Text of object 'Object Repository/Final Object Repo/WorkFlow Listing Page/Workflow Found - Listing 1' is: 'JOHORuo3'

2018-12-06 20:39:16 - [TEST_STEP][PASSED] - Statement - OwnerID = OwnerID.toLowerCase() + "@gmail.com": null

2018-12-06 20:39:16 - [TEST_STEP][PASSED] - Statement - println(OwnerID): null

2018-12-06 20:39:16 - [TEST_STEP][PASSED] - delay: Delayed 2 second(s)

2018-12-06 20:39:18 - [MESSAGE][PASSED] - Delayed 2 second(s)

2018-12-06 20:39:18 - [MESSAGE][PASSED] - Call Test Case 'Test Cases/Final Aug 2018 - PKS Automation/Common/Workflow Owner Finder' successfully

2018-12-06 20:39:18 - [TEST_STEP][PASSED] - delay: Delayed 1 second(s)

2018-12-06 20:39:19 - [MESSAGE][PASSED] - Delayed 1 second(s)

2018-12-06 20:39:19 - [TEST_STEP][PASSED] - navigateToUrl: Navigate to 'https://assist2-uat.perkeso.gov.my/c/portal/logout' successfully

2018-12-06 20:39:20 - [MESSAGE][PASSED] - Navigate to 'https://assist2-uat.perkeso.gov.my/c/portal/logout' successfully

2018-12-06 20:39:20 - [TEST_STEP][PASSED] - delay: Delayed 1 second(s)

2018-12-06 20:39:21 - [MESSAGE][PASSED] - Delayed 1 second(s)

2018-12-06 20:39:21 - [TEST_STEP][PASSED] - callTestCase: Call Test Case 'Test Cases/Final Aug 2018 - PKS Automation/Registration Module/Workflow/Login and Search Case For Workflow' successfully

2018-12-06 20:39:21 - [TEST_CASE][PASSED] - Test Cases/Final Aug 2018 - PKS Automation/Registration Module/Workflow/Login and Search Case For Workflow: Test Cases/Final Aug 2018 - PKS Automation/Registration Module/Workflow/Login and Search Case For Workflow

2018-12-06 20:39:21 - [TEST_STEP][PASSED] - navigateToUrl: Navigate to 'https://assist2-uat.perkeso.gov.my/login' successfully

2018-12-06 20:39:21 - [MESSAGE][PASSED] - Navigate to 'https://assist2-uat.perkeso.gov.my/login' successfully

2018-12-06 20:39:21 - [TEST_STEP][PASSED] - setText: Text 'johoruo3@gmail.com' is set on object 'Object Repository/Final Object Repo/Login Page/Internal User/Email Address'

2018-12-06 20:39:21 - [MESSAGE][PASSED] - Text 'johoruo3@gmail.com' is set on object 'Object Repository/Final Object Repo/Login Page/Internal User/Email Address'

2018-12-06 20:39:21 - [TEST_STEP][PASSED] - click: Object: 'Object Repository/Final Object Repo/Login Page/Internal User/Next Button' is clicked on

2018-12-06 20:39:22 - [MESSAGE][PASSED] - Object: 'Object Repository/Final Object Repo/Login Page/Internal User/Next Button' is clicked on

2018-12-06 20:39:22 - [TEST_STEP][PASSED] - delay: Delayed 1 second(s)

2018-12-06 20:39:23 - [MESSAGE][PASSED] - Delayed 1 second(s)

2018-12-06 20:39:23 - [TEST_STEP][PASSED] - setEncryptedText: Text ****** has been set on object 'Object Repository/Final Object Repo/Login Page/Internal User/Password'

2018-12-06 20:39:23 - [MESSAGE][PASSED] - Text ****** has been set on object 'Object Repository/Final Object Repo/Login Page/Internal User/Password'

2018-12-06 20:39:23 - [TEST_STEP][PASSED] - click: Object: 'Object Repository/Final Object Repo/Login Page/Internal User/Login Button' is clicked on

2018-12-06 20:39:23 - [MESSAGE][PASSED] - Object: 'Object Repository/Final Object Repo/Login Page/Internal User/Login Button' is clicked on

2018-12-06 20:39:23 - [TEST_STEP][PASSED] - delay: Delayed 2 second(s)

2018-12-06 20:39:25 - [MESSAGE][PASSED] - Delayed 2 second(s)

2018-12-06 20:39:25 - [TEST_STEP][PASSED] - Statement - Try: Delayed 2 second(s)

2018-12-06 20:39:25 - [TEST_STEP][PASSED] - Statement - Checker = false: null

2018-12-06 20:39:25 - [TEST_STEP][PASSED] - Statement - Checker = com.kms.katalon.core.webui.keyword.WebUiBuiltInKeywords.verifyElementHasAttribute(com.kms.katalon.core.testobject.ObjectRepository.findTestObject(Final Object Repo/Landing Page/BM Detecting), "href", 20, OPTIONAL): Object 'Object Repository/Final Object Repo/Landing Page/BM Detecting' has attribute 'href'

2018-12-06 20:39:25 - [MESSAGE][PASSED] - Object 'Object Repository/Final Object Repo/Landing Page/BM Detecting' has attribute 'href'

2018-12-06 20:39:25 - [TEST_STEP][PASSED] - Statement - out.println(Checker): null

2018-12-06 20:39:25 - [TEST_STEP][PASSED] - Statement - If (Checker == false): null

2018-12-06 20:39:25 - [TEST_STEP][PASSED] - Statement - Else: null

2018-12-06 20:39:25 - [TEST_STEP][PASSED] - delay: Delayed 2 second(s)

2018-12-06 20:39:27 - [MESSAGE][PASSED] - Delayed 2 second(s)

2018-12-06 20:39:27 - [TEST_STEP][PASSED] - click: Object: 'Object Repository/Final Object Repo/Page_MyASSIST - ASSIST - Search Pending Case For Add Supporting Document/Search Information' is clicked on

2018-12-06 20:39:27 - [MESSAGE][PASSED] - Object: 'Object Repository/Final Object Repo/Page_MyASSIST - ASSIST - Search Pending Case For Add Supporting Document/Search Information' is clicked on

2018-12-06 20:39:27 - [TEST_STEP][PASSED] - delay: Delayed 3 second(s)

2018-12-06 20:39:30 - [MESSAGE][PASSED] - Delayed 3 second(s)

2018-12-06 20:39:30 - [TEST_STEP][PASSED] - sendKeys: Keys 'CUN122018C200001706' sent to object: 'Object Repository/Final Object Repo/Page_MyASSIST - ASSIST - Search Pending Case For Add Supporting Document/Reference No'

2018-12-06 20:39:30 - [MESSAGE][PASSED] - Keys 'CUN122018C200001706' sent to object: 'Object Repository/Final Object Repo/Page_MyASSIST - ASSIST - Search Pending Case For Add Supporting Document/Reference No'

2018-12-06 20:39:30 - [TEST_STEP][PASSED] - click: Object: 'Object Repository/Final Object Repo/Page_MyASSIST - ASSIST - Search Pending Case For Add Supporting Document/Search Reference No' is clicked on

2018-12-06 20:39:31 - [MESSAGE][PASSED] - Object: 'Object Repository/Final Object Repo/Page_MyASSIST - ASSIST - Search Pending Case For Add Supporting Document/Search Reference No' is clicked on

2018-12-06 20:39:31 - [TEST_STEP][PASSED] - delay: Delayed 2 second(s)

2018-12-06 20:39:33 - [MESSAGE][PASSED] - Delayed 2 second(s)

2018-12-06 20:39:33 - [TEST_STEP][PASSED] - click: Object: 'Object Repository/Final Object Repo/Page_MyASSIST - ASSIST - Search Pending Case For Add Supporting Document/Continue' is clicked on

2018-12-06 20:39:36 - [MESSAGE][PASSED] - Object: 'Object Repository/Final Object Repo/Page_MyASSIST - ASSIST - Search Pending Case For Add Supporting Document/Continue' is clicked on

2018-12-06 20:39:36 - [TEST_STEP][PASSED] - delay: Delayed 20 second(s)

2018-12-06 20:39:56 - [MESSAGE][PASSED] - Delayed 20 second(s)

2018-12-06 20:39:56 - [MESSAGE][PASSED] - Call Test Case 'Test Cases/Final Aug 2018 - PKS Automation/Registration Module/Workflow/Login and Search Case For Workflow' successfully

2018-12-06 20:39:56 - [TEST_STEP][PASSED] - click: Object: 'Object Repository/Final Object Repo/Page_Form 1A - Cessation As Employer/Page_Form 1A - Cessation As Employer (Approve)/Save  Continue in Form 1A Page' is clicked on

2018-12-06 20:39:56 - [MESSAGE][PASSED] - Object: 'Object Repository/Final Object Repo/Page_Form 1A - Cessation As Employer/Page_Form 1A - Cessation As Employer (Approve)/Save  Continue in Form 1A Page' is clicked on

2018-12-06 20:39:56 - [TEST_STEP][PASSED] - delay: Delayed 2 second(s)

2018-12-06 20:39:58 - [MESSAGE][PASSED] - Delayed 2 second(s)

2018-12-06 20:39:58 - [TEST_STEP][PASSED] - click: Object: 'Object Repository/Final Object Repo/Page_Form 1A - Cessation As Employer/Employment Resign Date' is clicked on

2018-12-06 20:39:58 - [MESSAGE][PASSED] - Object: 'Object Repository/Final Object Repo/Page_Form 1A - Cessation As Employer/Employment Resign Date' is clicked on

2018-12-06 20:39:58 - [TEST_STEP][PASSED] - delay: Delayed 1 second(s)

2018-12-06 20:39:59 - [MESSAGE][PASSED] - Delayed 1 second(s)

2018-12-06 20:39:59 - [TEST_STEP][PASSED] - selectOptionByValue: All options with value '2030' are selected in object 'Object Repository/Final Object Repo/Page_Form 1A - Cessation As Employer/Employment Resign Date - Year' 

2018-12-06 20:40:00 - [MESSAGE][PASSED] - All options with value '2030' are selected in object 'Object Repository/Final Object Repo/Page_Form 1A - Cessation As Employer/Employment Resign Date - Year' 

2018-12-06 20:40:00 - [TEST_STEP][PASSED] - delay: Delayed 1 second(s)

2018-12-06 20:40:01 - [MESSAGE][PASSED] - Delayed 1 second(s)

2018-12-06 20:40:01 - [TEST_STEP][PASSED] - click: Object: 'Object Repository/Final Object Repo/Page_Form 1A - Cessation As Employer/Employment Resign Date - Year - Date' is clicked on

2018-12-06 20:40:01 - [MESSAGE][PASSED] - Object: 'Object Repository/Final Object Repo/Page_Form 1A - Cessation As Employer/Employment Resign Date - Year - Date' is clicked on

2018-12-06 20:40:01 - [TEST_STEP][PASSED] - delay: Delayed 2 second(s)

2018-12-06 20:40:03 - [MESSAGE][PASSED] - Delayed 2 second(s)

2018-12-06 20:40:03 - [TEST_STEP][PASSED] - click: Object: 'Object Repository/Final Object Repo/Page_Form 1A - Cessation As Employer/Page_Form 1A - Cessation As Employer (Approve)/Save  Continue in Update Add Employee Resigned Date Page' is clicked on

2018-12-06 20:40:03 - [MESSAGE][PASSED] - Object: 'Object Repository/Final Object Repo/Page_Form 1A - Cessation As Employer/Page_Form 1A - Cessation As Employer (Approve)/Save  Continue in Update Add Employee Resigned Date Page' is clicked on

2018-12-06 20:40:03 - [TEST_STEP][PASSED] - delay: Delayed 2 second(s)

2018-12-06 20:40:05 - [MESSAGE][PASSED] - Delayed 2 second(s)

2018-12-06 20:40:05 - [TEST_STEP][PASSED] - click: Object: 'Object Repository/Final Object Repo/Page_Form 1A - Cessation As Employer/Set Latest - Yes' is clicked on

2018-12-06 20:40:05 - [MESSAGE][PASSED] - Object: 'Object Repository/Final Object Repo/Page_Form 1A - Cessation As Employer/Set Latest - Yes' is clicked on

2018-12-06 20:40:05 - [TEST_STEP][PASSED] - delay: Delayed 2 second(s)

2018-12-06 20:40:07 - [MESSAGE][PASSED] - Delayed 2 second(s)

2018-12-06 20:40:07 - [TEST_STEP][PASSED] - click: Object: 'Object Repository/Final Object Repo/Page_Form 1A - Cessation As Employer/Page_Form 1A - Cessation As Employer (Approve)/Save  Contine in Uploading Document Page' is clicked on

2018-12-06 20:40:08 - [MESSAGE][PASSED] - Object: 'Object Repository/Final Object Repo/Page_Form 1A - Cessation As Employer/Page_Form 1A - Cessation As Employer (Approve)/Save  Contine in Uploading Document Page' is clicked on

2018-12-06 20:40:08 - [TEST_STEP][PASSED] - delay: Delayed 2 second(s)

2018-12-06 20:40:10 - [MESSAGE][PASSED] - Delayed 2 second(s)

2018-12-06 20:40:10 - [TEST_STEP][PASSED] - click: Object: 'Object Repository/Final Object Repo/Page_Form 1A - Cessation As Employer/Page_Form 1A - Cessation As Employer (Under enforcement)/Under enforcement' is clicked on

2018-12-06 20:40:13 - [MESSAGE][PASSED] - Object: 'Object Repository/Final Object Repo/Page_Form 1A - Cessation As Employer/Page_Form 1A - Cessation As Employer (Under enforcement)/Under enforcement' is clicked on

2018-12-06 20:40:13 - [TEST_STEP][PASSED] - delay: Delayed 2 second(s)

2018-12-06 20:40:15 - [MESSAGE][PASSED] - Delayed 2 second(s)

2018-12-06 20:40:15 - [TEST_STEP][PASSED] - setText: Text 'remark' is set on object 'Object Repository/Final Object Repo/Page_Form 1A - Cessation As Employer/Page_Form 1A - Cessation As Employer (Under enforcement)/Under enforcement - remark'

2018-12-06 20:40:15 - [MESSAGE][PASSED] - Text 'remark' is set on object 'Object Repository/Final Object Repo/Page_Form 1A - Cessation As Employer/Page_Form 1A - Cessation As Employer (Under enforcement)/Under enforcement - remark'

2018-12-06 20:40:15 - [TEST_STEP][PASSED] - delay: Delayed 2 second(s)

2018-12-06 20:40:17 - [MESSAGE][PASSED] - Delayed 2 second(s)

2018-12-06 20:40:17 - [TEST_STEP][PASSED] - click: Object: 'Object Repository/Final Object Repo/Page_Form 1A - Cessation As Employer/Page_Form 1A - Cessation As Employer (Under enforcement)/Save  Continue in Under enforcement Page' is clicked on

2018-12-06 20:40:18 - [MESSAGE][PASSED] - Object: 'Object Repository/Final Object Repo/Page_Form 1A - Cessation As Employer/Page_Form 1A - Cessation As Employer (Under enforcement)/Save  Continue in Under enforcement Page' is clicked on

2018-12-06 20:40:18 - [TEST_STEP][PASSED] - delay: Delayed 2 second(s)

2018-12-06 20:40:20 - [MESSAGE][PASSED] - Delayed 2 second(s)

2018-12-06 20:40:20 - [TEST_STEP][PASSED] - click: Object: 'Object Repository/Final Object Repo/Page_Form 1A - Cessation As Employer/Page_Form 1A - Cessation As Employer (Under enforcement)/Message The case is under enforcement' is clicked on

2018-12-06 20:40:21 - [MESSAGE][PASSED] - Object: 'Object Repository/Final Object Repo/Page_Form 1A - Cessation As Employer/Page_Form 1A - Cessation As Employer (Under enforcement)/Message The case is under enforcement' is clicked on

2018-12-06 20:40:21 - [MESSAGE][PASSED] - Call Test Case 'Test Cases/Final Aug 2018 - PKS Automation/Registration Module/Workflow/Form 1A - Cessation As Employer/Template/Form 1 A - Cessation As Employer (Under enforcement)' successfully]]></system-out>
         <system-err><![CDATA[]]></system-err>
      </testcase>
      <system-out><![CDATA[2018-12-06 19:30:43 - [TEST_SUITE][PASSED] - Form 1A - Cessation as Employer: Test Cases/Final Aug 2018 - PKS Automation/Registration Module/Workflow/Form 1A - Cessation As Employer/PKRBO to UO (Under enforcement)]]></system-out>
      <system-err><![CDATA[]]></system-err>
   </testsuite>
</testsuites>
