<?xml version="1.0" encoding="UTF-8"?>
<testsuites name="Update Employee Information (Employer)" time="5357" tests="16" failures="0" errors="0">
   <testsuite name="Update Employee Information (Employer)" tests="16" failures="0" errors="0" time="5357" timestamp="2018-12-07 15:20:37" hostname="Admin - Win7Test02" id="Test Suites/Workflow/Update Employee Information (Employer)">
      <properties>
         <property name="deviceName" value=""/>
         <property name="devicePlatform" value=""/>
         <property name="logFolder" value="C:\\Users\\Admin\\Desktop\\PKS\\Perkeso Phase A\\Reports\\Workflow\\Update Employee Information (Employer)\\20181207_152035"/>
         <property name="logFiles" value="C:\\Users\\Admin\\Desktop\\PKS\\Perkeso Phase A\\Reports\\Workflow\\Update Employee Information (Employer)\\20181207_152035\\execution0.log, C:\\Users\\Admin\\Desktop\\PKS\\Perkeso Phase A\\Reports\\Workflow\\Update Employee Information (Employer)\\20181207_152035\\execution1.log"/>
         <property name="attachments" value=""/>
         <property name="hostName" value="Admin - Win7Test02"/>
         <property name="os" value="Windows 7 64bit"/>
         <property name="katalonVersion" value="5.8.6.1"/>
         <property name="browser" value="Chrome 70.0.3538.110"/>
         <property name="hostAddress" value="10.20.3.72"/>
         <property name="sessionId" value="072be7e74ddced920450ea73f1bee47e"/>
         <property name="seleniumVersion" value="3.7.1"/>
         <property name="proxyInformation" value="ProxyInformation{proxyOption=NO_PROXY, proxyServerType=HTTP, password=, proxyServerAddress=, proxyServerPort=0}"/>
         <property name="platform" value="Windows 7"/>
      </properties>
      <testcase name="Test Cases/Final Aug 2018 - PKS Automation/Registration Module/Workflow/Update Employee Information (Employer)/Employer - UO (Approve)" classname="Test Cases/Final Aug 2018 - PKS Automation/Registration Module/Workflow/Update Employee Information (Employer)/Employer - UO (Approve)" status="PASSED">
         <system-out><![CDATA[2018-12-07 15:20:38 - [TEST_CASE][PASSED] - Test Cases/Final Aug 2018 - PKS Automation/Registration Module/Workflow/Update Employee Information (Employer)/Employer - UO (Approve): Test Cases/Final Aug 2018 - PKS Automation/Registration Module/Workflow/Update Employee Information (Employer)/Employer - UO (Approve)

2018-12-07 15:20:38 - [TEST_STEP][PASSED] - callTestCase: Call Test Case 'Test Cases/Final Aug 2018 - PKS Automation/Registration Module/Workflow/Update Employee Information (Employer)/Template/Update Employer Information - Special Case (Employer)' successfully

2018-12-07 15:20:39 - [TEST_CASE][PASSED] - Test Cases/Final Aug 2018 - PKS Automation/Registration Module/Workflow/Update Employee Information (Employer)/Template/Update Employer Information - Special Case (Employer): Test Cases/Final Aug 2018 - PKS Automation/Registration Module/Workflow/Update Employee Information (Employer)/Template/Update Employer Information - Special Case (Employer)

2018-12-07 15:20:39 - [TEST_STEP][PASSED] - callTestCase: Call Test Case 'Test Cases/Final Aug 2018 - PKS Automation/Registration Module/Workflow/Update Add New Employee/Template/New Company for Update Add New - Employer' successfully

2018-12-07 15:20:39 - [TEST_CASE][PASSED] - Test Cases/Final Aug 2018 - PKS Automation/Registration Module/Workflow/Update Add New Employee/Template/New Company for Update Add New - Employer: Test Cases/Final Aug 2018 - PKS Automation/Registration Module/Workflow/Update Add New Employee/Template/New Company for Update Add New - Employer

2018-12-07 15:20:39 - [TEST_STEP][PASSED] - callTestCase: Call Test Case 'Test Cases/Final Aug 2018 - PKS Automation/Create Employer Acc/Create Employer Account' successfully

2018-12-07 15:20:39 - [TEST_CASE][PASSED] - Test Cases/Final Aug 2018 - PKS Automation/Create Employer Acc/Create Employer Account: Test Cases/Final Aug 2018 - PKS Automation/Create Employer Acc/Create Employer Account

2018-12-07 15:20:40 - [TEST_STEP][PASSED] - callTestCase: Call Test Case 'Test Cases/Final Aug 2018 - PKS Automation/Create Employer Acc/Template/Register Employer' successfully

2018-12-07 15:20:40 - [TEST_CASE][PASSED] - Test Cases/Final Aug 2018 - PKS Automation/Create Employer Acc/Template/Register Employer: Test Cases/Final Aug 2018 - PKS Automation/Create Employer Acc/Template/Register Employer

2018-12-07 15:20:40 - [TEST_STEP][PASSED] - openBrowser: Browser is opened with url: ''

2018-12-07 15:20:44 - [MESSAGE][PASSED] - Browser is opened with url: ''

2018-12-07 15:20:44 - [TEST_STEP][PASSED] - navigateToUrl: Navigate to 'https://assist2-uat.perkeso.gov.my/login' successfully

2018-12-07 15:20:46 - [MESSAGE][PASSED] - Navigate to 'https://assist2-uat.perkeso.gov.my/login' successfully

2018-12-07 15:20:46 - [TEST_STEP][PASSED] - setText: Text 'johorotc1@gmail.com' is set on object 'Object Repository/Final Object Repo/Login Page/Internal User/Email Address'

2018-12-07 15:20:46 - [MESSAGE][PASSED] - Text 'johorotc1@gmail.com' is set on object 'Object Repository/Final Object Repo/Login Page/Internal User/Email Address'

2018-12-07 15:20:46 - [TEST_STEP][PASSED] - click: Object: 'Object Repository/Final Object Repo/Login Page/Internal User/Next Button' is clicked on

2018-12-07 15:20:46 - [MESSAGE][PASSED] - Object: 'Object Repository/Final Object Repo/Login Page/Internal User/Next Button' is clicked on

2018-12-07 15:20:46 - [TEST_STEP][PASSED] - delay: Delayed 1 second(s)

2018-12-07 15:20:47 - [MESSAGE][PASSED] - Delayed 1 second(s)

2018-12-07 15:20:47 - [TEST_STEP][PASSED] - setEncryptedText: Text ****** has been set on object 'Object Repository/Final Object Repo/Login Page/Internal User/Password'

2018-12-07 15:20:48 - [MESSAGE][PASSED] - Text ****** has been set on object 'Object Repository/Final Object Repo/Login Page/Internal User/Password'

2018-12-07 15:20:48 - [TEST_STEP][PASSED] - click: Object: 'Object Repository/Final Object Repo/Login Page/Internal User/Login Button' is clicked on

2018-12-07 15:20:48 - [MESSAGE][PASSED] - Object: 'Object Repository/Final Object Repo/Login Page/Internal User/Login Button' is clicked on

2018-12-07 15:20:48 - [TEST_STEP][PASSED] - delay: Delayed 1 second(s)

2018-12-07 15:20:49 - [MESSAGE][PASSED] - Delayed 1 second(s)

2018-12-07 15:20:49 - [TEST_STEP][PASSED] - navigateToUrl: Navigate to 'https://assist2-uat.perkeso.gov.my/web/base/portal-id/registration' successfully

2018-12-07 15:20:51 - [MESSAGE][PASSED] - Navigate to 'https://assist2-uat.perkeso.gov.my/web/base/portal-id/registration' successfully

2018-12-07 15:20:51 - [TEST_STEP][PASSED] - setText: Text 'AUTOMATION EMPLOYER' is set on object 'Object Repository/Final Object Repo/Creating Employer Account/Page_Registration - ASSIST (Base)/Employer Name'

2018-12-07 15:20:52 - [MESSAGE][PASSED] - Text 'AUTOMATION EMPLOYER' is set on object 'Object Repository/Final Object Repo/Creating Employer Account/Page_Registration - ASSIST (Base)/Employer Name'

2018-12-07 15:20:52 - [TEST_STEP][PASSED] - delay: Delayed 2 second(s)

2018-12-07 15:20:54 - [MESSAGE][PASSED] - Delayed 2 second(s)

2018-12-07 15:20:54 - [TEST_STEP][PASSED] - click: Object: 'Object Repository/Final Object Repo/Creating Employer Account/Page_Registration - ASSIST (Base)/Registration Type' is clicked on

2018-12-07 15:20:54 - [MESSAGE][PASSED] - Object: 'Object Repository/Final Object Repo/Creating Employer Account/Page_Registration - ASSIST (Base)/Registration Type' is clicked on

2018-12-07 15:20:54 - [TEST_STEP][PASSED] - delay: Delayed 2 second(s)

2018-12-07 15:20:56 - [MESSAGE][PASSED] - Delayed 2 second(s)

2018-12-07 15:20:56 - [TEST_STEP][PASSED] - click: Object: 'Object Repository/Final Object Repo/Creating Employer Account/Page_Registration - ASSIST (Base)/Registration Type - Registration No' is clicked on

2018-12-07 15:20:56 - [MESSAGE][PASSED] - Object: 'Object Repository/Final Object Repo/Creating Employer Account/Page_Registration - ASSIST (Base)/Registration Type - Registration No' is clicked on

2018-12-07 15:20:56 - [TEST_STEP][PASSED] - delay: Delayed 2 second(s)

2018-12-07 15:20:58 - [MESSAGE][PASSED] - Delayed 2 second(s)

2018-12-07 15:20:58 - [TEST_STEP][PASSED] - setText: Text '1234567890' is set on object 'Object Repository/Final Object Repo/Creating Employer Account/Page_Registration - ASSIST (Base)/Registration Number'

2018-12-07 15:20:58 - [MESSAGE][PASSED] - Text '1234567890' is set on object 'Object Repository/Final Object Repo/Creating Employer Account/Page_Registration - ASSIST (Base)/Registration Number'

2018-12-07 15:20:58 - [TEST_STEP][PASSED] - delay: Delayed 2 second(s)

2018-12-07 15:21:00 - [MESSAGE][PASSED] - Delayed 2 second(s)

2018-12-07 15:21:00 - [TEST_STEP][PASSED] - setText: Text 'ADDRESS 1' is set on object 'Object Repository/Final Object Repo/Creating Employer Account/Page_Registration - ASSIST (Base)/Postal Address 1'

2018-12-07 15:21:01 - [MESSAGE][PASSED] - Text 'ADDRESS 1' is set on object 'Object Repository/Final Object Repo/Creating Employer Account/Page_Registration - ASSIST (Base)/Postal Address 1'

2018-12-07 15:21:01 - [TEST_STEP][PASSED] - setText: Text 'ADDRESS 2' is set on object 'Object Repository/Final Object Repo/Creating Employer Account/Page_Registration - ASSIST (Base)/Postal Address 2'

2018-12-07 15:21:01 - [MESSAGE][PASSED] - Text 'ADDRESS 2' is set on object 'Object Repository/Final Object Repo/Creating Employer Account/Page_Registration - ASSIST (Base)/Postal Address 2'

2018-12-07 15:21:01 - [TEST_STEP][PASSED] - click: Object: 'Object Repository/Final Object Repo/Creating Employer Account/Page_Registration - ASSIST (Base)/State' is clicked on

2018-12-07 15:21:01 - [MESSAGE][PASSED] - Object: 'Object Repository/Final Object Repo/Creating Employer Account/Page_Registration - ASSIST (Base)/State' is clicked on

2018-12-07 15:21:01 - [TEST_STEP][PASSED] - delay: Delayed 2 second(s)

2018-12-07 15:21:03 - [MESSAGE][PASSED] - Delayed 2 second(s)

2018-12-07 15:21:03 - [TEST_STEP][PASSED] - click: Object: 'Object Repository/Final Object Repo/Creating Employer Account/Page_Registration - ASSIST (Base)/State - Johor' is clicked on

2018-12-07 15:21:04 - [MESSAGE][PASSED] - Object: 'Object Repository/Final Object Repo/Creating Employer Account/Page_Registration - ASSIST (Base)/State - Johor' is clicked on

2018-12-07 15:21:04 - [TEST_STEP][PASSED] - delay: Delayed 2 second(s)

2018-12-07 15:21:06 - [MESSAGE][PASSED] - Delayed 2 second(s)

2018-12-07 15:21:06 - [TEST_STEP][PASSED] - click: Object: 'Object Repository/Final Object Repo/Creating Employer Account/Page_Registration - ASSIST (Base)/City' is clicked on

2018-12-07 15:21:06 - [MESSAGE][PASSED] - Object: 'Object Repository/Final Object Repo/Creating Employer Account/Page_Registration - ASSIST (Base)/City' is clicked on

2018-12-07 15:21:06 - [TEST_STEP][PASSED] - delay: Delayed 2 second(s)

2018-12-07 15:21:08 - [MESSAGE][PASSED] - Delayed 2 second(s)

2018-12-07 15:21:08 - [TEST_STEP][PASSED] - setText: Text 'joh' is set on object 'Object Repository/Final Object Repo/Creating Employer Account/Page_Registration - ASSIST (Base)/City - joh'

2018-12-07 15:21:08 - [MESSAGE][PASSED] - Text 'joh' is set on object 'Object Repository/Final Object Repo/Creating Employer Account/Page_Registration - ASSIST (Base)/City - joh'

2018-12-07 15:21:08 - [TEST_STEP][PASSED] - delay: Delayed 2 second(s)

2018-12-07 15:21:10 - [MESSAGE][PASSED] - Delayed 2 second(s)

2018-12-07 15:21:10 - [TEST_STEP][PASSED] - click: Object: 'Object Repository/Final Object Repo/Creating Employer Account/Page_Registration - ASSIST (Base)/City - Johor Bharu' is clicked on

2018-12-07 15:21:10 - [MESSAGE][PASSED] - Object: 'Object Repository/Final Object Repo/Creating Employer Account/Page_Registration - ASSIST (Base)/City - Johor Bharu' is clicked on

2018-12-07 15:21:10 - [TEST_STEP][PASSED] - delay: Delayed 2 second(s)

2018-12-07 15:21:12 - [MESSAGE][PASSED] - Delayed 2 second(s)

2018-12-07 15:21:12 - [TEST_STEP][PASSED] - click: Object: 'Object Repository/Final Object Repo/Creating Employer Account/Page_Registration - ASSIST (Base)/Post Code' is clicked on

2018-12-07 15:21:12 - [MESSAGE][PASSED] - Object: 'Object Repository/Final Object Repo/Creating Employer Account/Page_Registration - ASSIST (Base)/Post Code' is clicked on

2018-12-07 15:21:12 - [TEST_STEP][PASSED] - delay: Delayed 2 second(s)

2018-12-07 15:21:14 - [MESSAGE][PASSED] - Delayed 2 second(s)

2018-12-07 15:21:14 - [TEST_STEP][PASSED] - setText: Text '810' is set on object 'Object Repository/Final Object Repo/Creating Employer Account/Page_Registration - ASSIST (Base)/Post Code - 810'

2018-12-07 15:21:15 - [MESSAGE][PASSED] - Text '810' is set on object 'Object Repository/Final Object Repo/Creating Employer Account/Page_Registration - ASSIST (Base)/Post Code - 810'

2018-12-07 15:21:15 - [TEST_STEP][PASSED] - delay: Delayed 2 second(s)

2018-12-07 15:21:17 - [MESSAGE][PASSED] - Delayed 2 second(s)

2018-12-07 15:21:17 - [TEST_STEP][PASSED] - click: Object: 'Object Repository/Final Object Repo/Creating Employer Account/Page_Registration - ASSIST (Base)/Post Code - 81000' is clicked on

2018-12-07 15:21:17 - [MESSAGE][PASSED] - Object: 'Object Repository/Final Object Repo/Creating Employer Account/Page_Registration - ASSIST (Base)/Post Code - 81000' is clicked on

2018-12-07 15:21:17 - [TEST_STEP][PASSED] - delay: Delayed 2 second(s)

2018-12-07 15:21:19 - [MESSAGE][PASSED] - Delayed 2 second(s)

2018-12-07 15:21:19 - [TEST_STEP][PASSED] - setText: Text 'PERKESO' is set on object 'Object Repository/Final Object Repo/Creating Employer Account/Page_Registration - ASSIST (Base)/Full Name'

2018-12-07 15:21:19 - [MESSAGE][PASSED] - Text 'PERKESO' is set on object 'Object Repository/Final Object Repo/Creating Employer Account/Page_Registration - ASSIST (Base)/Full Name'

2018-12-07 15:21:19 - [TEST_STEP][PASSED] - Statement - rnd = new java.util.Random(): null

2018-12-07 15:21:19 - [TEST_STEP][PASSED] - Statement - snum = rnd.nextInt(899999 + 1) + 100000: null

2018-12-07 15:21:19 - [TEST_STEP][PASSED] - Statement - tnum = rnd.nextInt(899999 + 1) + 100000: null

2018-12-07 15:21:19 - [TEST_STEP][PASSED] - Statement - IC = java.lang.Integer.toString(snum) + java.lang.Integer.toString(tnum): null

2018-12-07 15:21:19 - [TEST_STEP][PASSED] - Statement - out.println(IC): null

2018-12-07 15:21:19 - [TEST_STEP][PASSED] - setText: Text '995891272618' is set on object 'Object Repository/Final Object Repo/Creating Employer Account/Page_Registration - ASSIST (Base)/Identification Number'

2018-12-07 15:21:20 - [MESSAGE][PASSED] - Text '995891272618' is set on object 'Object Repository/Final Object Repo/Creating Employer Account/Page_Registration - ASSIST (Base)/Identification Number'

2018-12-07 15:21:20 - [TEST_STEP][PASSED] - delay: Delayed 2 second(s)

2018-12-07 15:21:22 - [MESSAGE][PASSED] - Delayed 2 second(s)

2018-12-07 15:21:22 - [TEST_STEP][PASSED] - setText: Text '123456789012' is set on object 'Object Repository/Final Object Repo/Creating Employer Account/Page_Registration - ASSIST (Base)/Contact Number'

2018-12-07 15:21:22 - [MESSAGE][PASSED] - Text '123456789012' is set on object 'Object Repository/Final Object Repo/Creating Employer Account/Page_Registration - ASSIST (Base)/Contact Number'

2018-12-07 15:21:22 - [TEST_STEP][PASSED] - Statement - Email = "perkeso" + IC + "@gmail.com": null

2018-12-07 15:21:22 - [TEST_STEP][PASSED] - delay: Delayed 2 second(s)

2018-12-07 15:21:24 - [MESSAGE][PASSED] - Delayed 2 second(s)

2018-12-07 15:21:24 - [TEST_STEP][PASSED] - callTestCase: Call Test Case 'Test Cases/Final Aug 2018 - PKS Automation/Create Employer Acc/Template/Employer Email Settler' successfully

2018-12-07 15:21:24 - [TEST_CASE][PASSED] - Test Cases/Final Aug 2018 - PKS Automation/Create Employer Acc/Template/Employer Email Settler: Test Cases/Final Aug 2018 - PKS Automation/Create Employer Acc/Template/Employer Email Settler

2018-12-07 15:21:24 - [TEST_STEP][PASSED] - Statement - EmpEmailOld = new java.io.File(C://Users//Admin//Desktop//PKS//Automation Reference Point//EmpEmail.txt): null

2018-12-07 15:21:24 - [TEST_STEP][PASSED] - Statement - EmpEmailOld.delete(): null

2018-12-07 15:21:24 - [TEST_STEP][PASSED] - delay: Delayed 5 second(s)

2018-12-07 15:21:29 - [MESSAGE][PASSED] - Delayed 5 second(s)

2018-12-07 15:21:29 - [TEST_STEP][PASSED] - Statement - EmpEmail = new java.io.File(C://Users//Admin//Desktop//PKS//Automation Reference Point//EmpEmail.txt): null

2018-12-07 15:21:29 - [TEST_STEP][PASSED] - Statement - f2 = new java.io.FileWriter(EmpEmail, false): null

2018-12-07 15:21:29 - [TEST_STEP][PASSED] - Statement - f2.write(Email): null

2018-12-07 15:21:30 - [TEST_STEP][PASSED] - Statement - f2.close(): null

2018-12-07 15:21:30 - [TEST_STEP][PASSED] - Statement - out.println(Email): null

2018-12-07 15:21:30 - [MESSAGE][PASSED] - Call Test Case 'Test Cases/Final Aug 2018 - PKS Automation/Create Employer Acc/Template/Employer Email Settler' successfully

2018-12-07 15:21:30 - [TEST_STEP][PASSED] - delay: Delayed 2 second(s)

2018-12-07 15:21:32 - [MESSAGE][PASSED] - Delayed 2 second(s)

2018-12-07 15:21:32 - [TEST_STEP][PASSED] - setText: Text 'perkeso995891272618@gmail.com' is set on object 'Object Repository/Final Object Repo/Creating Employer Account/Page_Registration - ASSIST (Base)/Email'

2018-12-07 15:21:32 - [MESSAGE][PASSED] - Text 'perkeso995891272618@gmail.com' is set on object 'Object Repository/Final Object Repo/Creating Employer Account/Page_Registration - ASSIST (Base)/Email'

2018-12-07 15:21:32 - [TEST_STEP][PASSED] - setText: Text '123' is set on object 'Object Repository/Final Object Repo/Creating Employer Account/Page_Registration - ASSIST (Base)/Security Phase'

2018-12-07 15:21:32 - [MESSAGE][PASSED] - Text '123' is set on object 'Object Repository/Final Object Repo/Creating Employer Account/Page_Registration - ASSIST (Base)/Security Phase'

2018-12-07 15:21:32 - [TEST_STEP][PASSED] - click: Object: 'Object Repository/Final Object Repo/Creating Employer Account/Page_Registration - ASSIST (Base)/Save  Continue' is clicked on

2018-12-07 15:21:33 - [MESSAGE][PASSED] - Object: 'Object Repository/Final Object Repo/Creating Employer Account/Page_Registration - ASSIST (Base)/Save  Continue' is clicked on

2018-12-07 15:21:33 - [TEST_STEP][PASSED] - delay: Delayed 2 second(s)

2018-12-07 15:21:35 - [MESSAGE][PASSED] - Delayed 2 second(s)

2018-12-07 15:21:35 - [TEST_STEP][PASSED] - click: Object: 'Object Repository/Final Object Repo/Creating Employer Account/Page_Registration - ASSIST (Base)/Add Document' is clicked on

2018-12-07 15:21:35 - [MESSAGE][PASSED] - Object: 'Object Repository/Final Object Repo/Creating Employer Account/Page_Registration - ASSIST (Base)/Add Document' is clicked on

2018-12-07 15:21:35 - [TEST_STEP][PASSED] - delay: Delayed 2 second(s)

2018-12-07 15:21:37 - [MESSAGE][PASSED] - Delayed 2 second(s)

2018-12-07 15:21:37 - [TEST_STEP][PASSED] - click: Object: 'Object Repository/Final Object Repo/Creating Employer Account/Page_Registration - ASSIST (Base)/Document Type' is clicked on

2018-12-07 15:21:37 - [MESSAGE][PASSED] - Object: 'Object Repository/Final Object Repo/Creating Employer Account/Page_Registration - ASSIST (Base)/Document Type' is clicked on

2018-12-07 15:21:37 - [TEST_STEP][PASSED] - delay: Delayed 2 second(s)

2018-12-07 15:21:39 - [MESSAGE][PASSED] - Delayed 2 second(s)

2018-12-07 15:21:39 - [TEST_STEP][PASSED] - click: Object: 'Object Repository/Final Object Repo/Creating Employer Account/Page_Registration - ASSIST (Base)/Document Type - Letter of Authorization' is clicked on

2018-12-07 15:21:39 - [MESSAGE][PASSED] - Object: 'Object Repository/Final Object Repo/Creating Employer Account/Page_Registration - ASSIST (Base)/Document Type - Letter of Authorization' is clicked on

2018-12-07 15:21:39 - [TEST_STEP][PASSED] - delay: Delayed 2 second(s)

2018-12-07 15:21:41 - [MESSAGE][PASSED] - Delayed 2 second(s)

2018-12-07 15:21:41 - [TEST_STEP][PASSED] - sendKeys: Keys 'C:\Users\Public\Pictures\Sample Pictures\Koala.jpg' sent to object: 'Object Repository/Final Object Repo/Creating Employer Account/Page_Registration - ASSIST (Base)/Uploading File'

2018-12-07 15:21:41 - [MESSAGE][PASSED] - Keys 'C:\Users\Public\Pictures\Sample Pictures\Koala.jpg' sent to object: 'Object Repository/Final Object Repo/Creating Employer Account/Page_Registration - ASSIST (Base)/Uploading File'

2018-12-07 15:21:41 - [TEST_STEP][PASSED] - delay: Delayed 2 second(s)

2018-12-07 15:21:43 - [MESSAGE][PASSED] - Delayed 2 second(s)

2018-12-07 15:21:43 - [TEST_STEP][PASSED] - click: Object: 'Object Repository/Final Object Repo/Creating Employer Account/Page_Registration - ASSIST (Base)/Add Document in Uploading File' is clicked on

2018-12-07 15:21:44 - [MESSAGE][PASSED] - Object: 'Object Repository/Final Object Repo/Creating Employer Account/Page_Registration - ASSIST (Base)/Add Document in Uploading File' is clicked on

2018-12-07 15:21:44 - [TEST_STEP][PASSED] - delay: Delayed 2 second(s)

2018-12-07 15:21:46 - [MESSAGE][PASSED] - Delayed 2 second(s)

2018-12-07 15:21:46 - [TEST_STEP][PASSED] - click: Object: 'Object Repository/Final Object Repo/Creating Employer Account/Page_Registration - ASSIST (Base)/Save' is clicked on

2018-12-07 15:21:46 - [MESSAGE][PASSED] - Object: 'Object Repository/Final Object Repo/Creating Employer Account/Page_Registration - ASSIST (Base)/Save' is clicked on

2018-12-07 15:21:46 - [TEST_STEP][PASSED] - delay: Delayed 2 second(s)

2018-12-07 15:21:48 - [MESSAGE][PASSED] - Delayed 2 second(s)

2018-12-07 15:21:48 - [TEST_STEP][PASSED] - click: Object: 'Object Repository/Final Object Repo/Creating Employer Account/Page_Registration - ASSIST (Base)/Submit' is clicked on

2018-12-07 15:21:48 - [MESSAGE][PASSED] - Object: 'Object Repository/Final Object Repo/Creating Employer Account/Page_Registration - ASSIST (Base)/Submit' is clicked on

2018-12-07 15:21:48 - [TEST_STEP][PASSED] - delay: Delayed 2 second(s)

2018-12-07 15:21:50 - [MESSAGE][PASSED] - Delayed 2 second(s)

2018-12-07 15:21:50 - [TEST_STEP][PASSED] - click: Object: 'Object Repository/Final Object Repo/Creating Employer Account/Page_Registration - ASSIST (Base)/Confirm' is clicked on

2018-12-07 15:21:50 - [MESSAGE][PASSED] - Object: 'Object Repository/Final Object Repo/Creating Employer Account/Page_Registration - ASSIST (Base)/Confirm' is clicked on

2018-12-07 15:21:50 - [MESSAGE][PASSED] - Call Test Case 'Test Cases/Final Aug 2018 - PKS Automation/Create Employer Acc/Template/Register Employer' successfully

2018-12-07 15:21:50 - [TEST_STEP][PASSED] - delay: Delayed 1 second(s)

2018-12-07 15:21:51 - [MESSAGE][PASSED] - Delayed 1 second(s)

2018-12-07 15:21:51 - [TEST_STEP][PASSED] - navigateToUrl: Navigate to 'https://assist2-uat.perkeso.gov.my/c/portal/logout' successfully

2018-12-07 15:21:53 - [MESSAGE][PASSED] - Navigate to 'https://assist2-uat.perkeso.gov.my/c/portal/logout' successfully

2018-12-07 15:21:53 - [TEST_STEP][PASSED] - delay: Delayed 1 second(s)

2018-12-07 15:21:54 - [MESSAGE][PASSED] - Delayed 1 second(s)

2018-12-07 15:21:54 - [TEST_STEP][PASSED] - callTestCase: Call Test Case 'Test Cases/Final Aug 2018 - PKS Automation/Create Employer Acc/Template/Change Password of Employer' successfully

2018-12-07 15:21:54 - [TEST_CASE][PASSED] - Test Cases/Final Aug 2018 - PKS Automation/Create Employer Acc/Template/Change Password of Employer: Test Cases/Final Aug 2018 - PKS Automation/Create Employer Acc/Template/Change Password of Employer

2018-12-07 15:21:54 - [TEST_STEP][PASSED] - openBrowser: Browser is opened with url: ''

2018-12-07 15:21:54 - [MESSAGE][WARNING] - A browser is already opened. Closing browser and opening a new one

2018-12-07 15:21:57 - [MESSAGE][PASSED] - Browser is opened with url: ''

2018-12-07 15:21:57 - [TEST_STEP][PASSED] - navigateToUrl: Navigate to 'https://assist2-uat.perkeso.gov.my/login' successfully

2018-12-07 15:21:58 - [MESSAGE][PASSED] - Navigate to 'https://assist2-uat.perkeso.gov.my/login' successfully

2018-12-07 15:21:58 - [TEST_STEP][PASSED] - delay: Delayed 5 second(s)

2018-12-07 15:22:03 - [MESSAGE][PASSED] - Delayed 5 second(s)

2018-12-07 15:22:03 - [TEST_STEP][PASSED] - setText: Text 'test@liferay.com' is set on object 'Object Repository/Final Object Repo/Login Page/Internal User/Email Address'

2018-12-07 15:22:04 - [MESSAGE][PASSED] - Text 'test@liferay.com' is set on object 'Object Repository/Final Object Repo/Login Page/Internal User/Email Address'

2018-12-07 15:22:04 - [TEST_STEP][PASSED] - click: Object: 'Object Repository/Final Object Repo/Login Page/Internal User/Next Button' is clicked on

2018-12-07 15:22:04 - [MESSAGE][PASSED] - Object: 'Object Repository/Final Object Repo/Login Page/Internal User/Next Button' is clicked on

2018-12-07 15:22:04 - [TEST_STEP][PASSED] - delay: Delayed 2 second(s)

2018-12-07 15:22:06 - [MESSAGE][PASSED] - Delayed 2 second(s)

2018-12-07 15:22:06 - [TEST_STEP][PASSED] - setText: Text 'test' is set on object 'Object Repository/Final Object Repo/Login Page/Internal User/Password'

2018-12-07 15:22:06 - [MESSAGE][PASSED] - Text 'test' is set on object 'Object Repository/Final Object Repo/Login Page/Internal User/Password'

2018-12-07 15:22:06 - [TEST_STEP][PASSED] - delay: Delayed 2 second(s)

2018-12-07 15:22:08 - [MESSAGE][PASSED] - Delayed 2 second(s)

2018-12-07 15:22:08 - [TEST_STEP][PASSED] - click: Object: 'Object Repository/Final Object Repo/Login Page/Internal User/Login Button' is clicked on

2018-12-07 15:22:08 - [MESSAGE][PASSED] - Object: 'Object Repository/Final Object Repo/Login Page/Internal User/Login Button' is clicked on

2018-12-07 15:22:08 - [TEST_STEP][PASSED] - delay: Delayed 3 second(s)

2018-12-07 15:22:11 - [MESSAGE][PASSED] - Delayed 3 second(s)

2018-12-07 15:22:11 - [TEST_STEP][PASSED] - navigateToUrl: Navigate to 'https://assist2-uat.perkeso.gov.my/group/control_panel/manage?p_p_id=125&p_p_lifecycle=0&p_p_state=maximized&p_p_mode=view&refererPlid=20455&_125_usersListView=flat-users&_125_toolbarItem=view-all-users&_125_saveUsersListView=true&_125_struts_action=%2Fusers_admin%2Fview' successfully

2018-12-07 15:22:13 - [MESSAGE][PASSED] - Navigate to 'https://assist2-uat.perkeso.gov.my/group/control_panel/manage?p_p_id=125&p_p_lifecycle=0&p_p_state=maximized&p_p_mode=view&refererPlid=20455&_125_usersListView=flat-users&_125_toolbarItem=view-all-users&_125_saveUsersListView=true&_125_struts_action=%2Fusers_admin%2Fview' successfully

2018-12-07 15:22:13 - [TEST_STEP][PASSED] - delay: Delayed 3 second(s)

2018-12-07 15:22:16 - [MESSAGE][PASSED] - Delayed 3 second(s)

2018-12-07 15:22:16 - [TEST_STEP][PASSED] - setText: Text 'perkeso995891272618@gmail.com' is set on object 'Object Repository/Final Object Repo/Creating Employer Account/Page_Users and Organizations - ASSIST/Employer name'

2018-12-07 15:22:16 - [MESSAGE][PASSED] - Text 'perkeso995891272618@gmail.com' is set on object 'Object Repository/Final Object Repo/Creating Employer Account/Page_Users and Organizations - ASSIST/Employer name'

2018-12-07 15:22:16 - [TEST_STEP][PASSED] - delay: Delayed 3 second(s)

2018-12-07 15:22:19 - [MESSAGE][PASSED] - Delayed 3 second(s)

2018-12-07 15:22:19 - [TEST_STEP][PASSED] - click: Object: 'Object Repository/Final Object Repo/Creating Employer Account/Page_Users and Organizations - ASSIST/Search' is clicked on

2018-12-07 15:22:20 - [MESSAGE][PASSED] - Object: 'Object Repository/Final Object Repo/Creating Employer Account/Page_Users and Organizations - ASSIST/Search' is clicked on

2018-12-07 15:22:20 - [TEST_STEP][PASSED] - delay: Delayed 3 second(s)

2018-12-07 15:22:23 - [MESSAGE][PASSED] - Delayed 3 second(s)

2018-12-07 15:22:23 - [TEST_STEP][PASSED] - click: Object: 'Object Repository/Final Object Repo/Creating Employer Account/Page_Users and Organizations - ASSIST/Action' is clicked on

2018-12-07 15:22:23 - [MESSAGE][PASSED] - Object: 'Object Repository/Final Object Repo/Creating Employer Account/Page_Users and Organizations - ASSIST/Action' is clicked on

2018-12-07 15:22:23 - [TEST_STEP][PASSED] - delay: Delayed 3 second(s)

2018-12-07 15:22:26 - [MESSAGE][PASSED] - Delayed 3 second(s)

2018-12-07 15:22:26 - [TEST_STEP][PASSED] - click: Object: 'Object Repository/Final Object Repo/Creating Employer Account/Page_Users and Organizations - ASSIST/Edit' is clicked on

2018-12-07 15:22:27 - [MESSAGE][PASSED] - Object: 'Object Repository/Final Object Repo/Creating Employer Account/Page_Users and Organizations - ASSIST/Edit' is clicked on

2018-12-07 15:22:27 - [TEST_STEP][PASSED] - delay: Delayed 3 second(s)

2018-12-07 15:22:30 - [MESSAGE][PASSED] - Delayed 3 second(s)

2018-12-07 15:22:30 - [TEST_STEP][PASSED] - click: Object: 'Object Repository/Final Object Repo/Creating Employer Account/Page_PERKESO - Users and Organizati/a_Password (Modified)' is clicked on

2018-12-07 15:22:30 - [MESSAGE][PASSED] - Object: 'Object Repository/Final Object Repo/Creating Employer Account/Page_PERKESO - Users and Organizati/a_Password (Modified)' is clicked on

2018-12-07 15:22:30 - [TEST_STEP][PASSED] - delay: Delayed 3 second(s)

2018-12-07 15:22:33 - [MESSAGE][PASSED] - Delayed 3 second(s)

2018-12-07 15:22:33 - [TEST_STEP][PASSED] - setEncryptedText: Text ****** has been set on object 'Object Repository/Final Object Repo/Creating Employer Account/Page_PERKESO - Users and Organizati/input__125_password1'

2018-12-07 15:22:34 - [MESSAGE][PASSED] - Text ****** has been set on object 'Object Repository/Final Object Repo/Creating Employer Account/Page_PERKESO - Users and Organizati/input__125_password1'

2018-12-07 15:22:34 - [TEST_STEP][PASSED] - delay: Delayed 3 second(s)

2018-12-07 15:22:37 - [MESSAGE][PASSED] - Delayed 3 second(s)

2018-12-07 15:22:37 - [TEST_STEP][PASSED] - setEncryptedText: Text ****** has been set on object 'Object Repository/Final Object Repo/Creating Employer Account/Page_PERKESO - Users and Organizati/input__125_password2'

2018-12-07 15:22:37 - [MESSAGE][PASSED] - Text ****** has been set on object 'Object Repository/Final Object Repo/Creating Employer Account/Page_PERKESO - Users and Organizati/input__125_password2'

2018-12-07 15:22:37 - [TEST_STEP][PASSED] - delay: Delayed 3 second(s)

2018-12-07 15:22:40 - [MESSAGE][PASSED] - Delayed 3 second(s)

2018-12-07 15:22:40 - [TEST_STEP][PASSED] - click: Object: 'Object Repository/Final Object Repo/Creating Employer Account/Page_PERKESO - Users and Organizati/Save' is clicked on

2018-12-07 15:22:42 - [MESSAGE][PASSED] - Object: 'Object Repository/Final Object Repo/Creating Employer Account/Page_PERKESO - Users and Organizati/Save' is clicked on

2018-12-07 15:22:42 - [MESSAGE][PASSED] - Call Test Case 'Test Cases/Final Aug 2018 - PKS Automation/Create Employer Acc/Template/Change Password of Employer' successfully

2018-12-07 15:22:42 - [TEST_STEP][PASSED] - delay: Delayed 1 second(s)

2018-12-07 15:22:43 - [MESSAGE][PASSED] - Delayed 1 second(s)

2018-12-07 15:22:43 - [TEST_STEP][PASSED] - navigateToUrl: Navigate to 'https://assist2-uat.perkeso.gov.my/c/portal/logout' successfully

2018-12-07 15:22:44 - [MESSAGE][PASSED] - Navigate to 'https://assist2-uat.perkeso.gov.my/c/portal/logout' successfully

2018-12-07 15:22:44 - [TEST_STEP][PASSED] - delay: Delayed 1 second(s)

2018-12-07 15:22:45 - [MESSAGE][PASSED] - Delayed 1 second(s)

2018-12-07 15:22:45 - [TEST_STEP][PASSED] - callTestCase: Call Test Case 'Test Cases/Final Aug 2018 - PKS Automation/Create Employer Acc/Template/Login to Employer Account (First Time)' successfully

2018-12-07 15:22:45 - [TEST_CASE][PASSED] - Test Cases/Final Aug 2018 - PKS Automation/Create Employer Acc/Template/Login to Employer Account (First Time): Test Cases/Final Aug 2018 - PKS Automation/Create Employer Acc/Template/Login to Employer Account (First Time)

2018-12-07 15:22:45 - [TEST_STEP][PASSED] - openBrowser: Browser is opened with url: ''

2018-12-07 15:22:45 - [MESSAGE][WARNING] - A browser is already opened. Closing browser and opening a new one

2018-12-07 15:22:48 - [MESSAGE][PASSED] - Browser is opened with url: ''

2018-12-07 15:22:48 - [TEST_STEP][PASSED] - navigateToUrl: Navigate to 'https://assist2-uat.perkeso.gov.my/employer/login' successfully

2018-12-07 15:22:49 - [MESSAGE][PASSED] - Navigate to 'https://assist2-uat.perkeso.gov.my/employer/login' successfully

2018-12-07 15:22:49 - [TEST_STEP][PASSED] - delay: Delayed 3 second(s)

2018-12-07 15:22:52 - [MESSAGE][PASSED] - Delayed 3 second(s)

2018-12-07 15:22:52 - [TEST_STEP][PASSED] - callTestCase: Call Test Case 'Test Cases/Final Aug 2018 - PKS Automation/Create Employer Acc/Template/Employer Email Getter' successfully

2018-12-07 15:22:52 - [TEST_CASE][PASSED] - Test Cases/Final Aug 2018 - PKS Automation/Create Employer Acc/Template/Employer Email Getter: Test Cases/Final Aug 2018 - PKS Automation/Create Employer Acc/Template/Employer Email Getter

2018-12-07 15:22:53 - [TEST_STEP][PASSED] - Statement - Try: null

2018-12-07 15:22:53 - [TEST_STEP][PASSED] - Statement - EmpEmail = new java.io.File(C://Users//Admin//Desktop//PKS//Automation Reference Point//EmpEmail.txt): null

2018-12-07 15:22:53 - [TEST_STEP][PASSED] - Statement - bufferread = new java.io.BufferedReader(new java.io.FileReader(EmpEmail)): null

2018-12-07 15:22:53 - [TEST_STEP][PASSED] - Statement - readedVal = bufferread.readLine(): null

2018-12-07 15:22:53 - [TEST_STEP][PASSED] - Statement - out.println(readedVal): null

2018-12-07 15:22:53 - [TEST_STEP][PASSED] - Statement - Email = readedVal: null

2018-12-07 15:22:53 - [MESSAGE][PASSED] - Call Test Case 'Test Cases/Final Aug 2018 - PKS Automation/Create Employer Acc/Template/Employer Email Getter' successfully

2018-12-07 15:22:53 - [TEST_STEP][PASSED] - setText: Text 'perkeso995891272618@gmail.com' is set on object 'Object Repository/Final Object Repo/Login Page/External Login Page/Email'

2018-12-07 15:22:53 - [MESSAGE][PASSED] - Text 'perkeso995891272618@gmail.com' is set on object 'Object Repository/Final Object Repo/Login Page/External Login Page/Email'

2018-12-07 15:22:53 - [TEST_STEP][PASSED] - click: Object: 'Object Repository/Final Object Repo/Login Page/External Login Page/Next' is clicked on

2018-12-07 15:22:53 - [MESSAGE][PASSED] - Object: 'Object Repository/Final Object Repo/Login Page/External Login Page/Next' is clicked on

2018-12-07 15:22:53 - [TEST_STEP][PASSED] - delay: Delayed 3 second(s)

2018-12-07 15:22:56 - [MESSAGE][PASSED] - Delayed 3 second(s)

2018-12-07 15:22:56 - [TEST_STEP][PASSED] - setEncryptedText: Text ****** has been set on object 'Object Repository/Final Object Repo/Login Page/External Login Page/Password'

2018-12-07 15:22:57 - [MESSAGE][PASSED] - Text ****** has been set on object 'Object Repository/Final Object Repo/Login Page/External Login Page/Password'

2018-12-07 15:22:57 - [TEST_STEP][PASSED] - click: Object: 'Object Repository/Final Object Repo/Login Page/External Login Page/Login' is clicked on

2018-12-07 15:22:57 - [MESSAGE][PASSED] - Object: 'Object Repository/Final Object Repo/Login Page/External Login Page/Login' is clicked on

2018-12-07 15:22:57 - [TEST_STEP][PASSED] - delay: Delayed 3 second(s)

2018-12-07 15:23:00 - [MESSAGE][PASSED] - Delayed 3 second(s)

2018-12-07 15:23:00 - [TEST_STEP][PASSED] - click: Object: 'Object Repository/Final Object Repo/Creating Employer Account/Page_Terms of Use - ASSIST/button_I Agree' is clicked on

2018-12-07 15:23:00 - [MESSAGE][PASSED] - Object: 'Object Repository/Final Object Repo/Creating Employer Account/Page_Terms of Use - ASSIST/button_I Agree' is clicked on

2018-12-07 15:23:00 - [TEST_STEP][PASSED] - delay: Delayed 2 second(s)

2018-12-07 15:23:02 - [MESSAGE][PASSED] - Delayed 2 second(s)

2018-12-07 15:23:02 - [TEST_STEP][PASSED] - setEncryptedText: Text ****** has been set on object 'Object Repository/Final Object Repo/Creating Employer Account/Page_New Password - ASSIST/input_password1'

2018-12-07 15:23:02 - [MESSAGE][PASSED] - Text ****** has been set on object 'Object Repository/Final Object Repo/Creating Employer Account/Page_New Password - ASSIST/input_password1'

2018-12-07 15:23:02 - [TEST_STEP][PASSED] - setEncryptedText: Text ****** has been set on object 'Object Repository/Final Object Repo/Creating Employer Account/Page_New Password - ASSIST/input_password2'

2018-12-07 15:23:03 - [MESSAGE][PASSED] - Text ****** has been set on object 'Object Repository/Final Object Repo/Creating Employer Account/Page_New Password - ASSIST/input_password2'

2018-12-07 15:23:03 - [TEST_STEP][PASSED] - delay: Delayed 2 second(s)

2018-12-07 15:23:05 - [MESSAGE][PASSED] - Delayed 2 second(s)

2018-12-07 15:23:05 - [TEST_STEP][PASSED] - click: Object: 'Object Repository/Final Object Repo/Creating Employer Account/Page_New Password - ASSIST/Save' is clicked on

2018-12-07 15:23:05 - [MESSAGE][PASSED] - Object: 'Object Repository/Final Object Repo/Creating Employer Account/Page_New Password - ASSIST/Save' is clicked on

2018-12-07 15:23:05 - [TEST_STEP][PASSED] - delay: Delayed 2 second(s)

2018-12-07 15:23:07 - [MESSAGE][PASSED] - Delayed 2 second(s)

2018-12-07 15:23:07 - [TEST_STEP][PASSED] - setText: Text 'test' is set on object 'Object Repository/Final Object Repo/Creating Employer Account/Page_Password Reminder - ASSIST/Reminder Query Answer'

2018-12-07 15:23:07 - [MESSAGE][PASSED] - Text 'test' is set on object 'Object Repository/Final Object Repo/Creating Employer Account/Page_Password Reminder - ASSIST/Reminder Query Answer'

2018-12-07 15:23:07 - [TEST_STEP][PASSED] - delay: Delayed 2 second(s)

2018-12-07 15:23:09 - [MESSAGE][PASSED] - Delayed 2 second(s)

2018-12-07 15:23:09 - [TEST_STEP][PASSED] - doubleClick: Object: 'Object Repository/Final Object Repo/Creating Employer Account/Page_Password Reminder - ASSIST/Save' is double clicked on

2018-12-07 15:23:09 - [MESSAGE][PASSED] - Object: 'Object Repository/Final Object Repo/Creating Employer Account/Page_Password Reminder - ASSIST/Save' is double clicked on

2018-12-07 15:23:09 - [MESSAGE][PASSED] - Call Test Case 'Test Cases/Final Aug 2018 - PKS Automation/Create Employer Acc/Template/Login to Employer Account (First Time)' successfully

2018-12-07 15:23:09 - [MESSAGE][PASSED] - Call Test Case 'Test Cases/Final Aug 2018 - PKS Automation/Create Employer Acc/Create Employer Account' successfully

2018-12-07 15:23:09 - [TEST_STEP][PASSED] - callTestCase: Call Test Case 'Test Cases/Final Aug 2018 - PKS Automation/Registration Module/Log Out/log out avoiding katalon tagging' successfully

2018-12-07 15:23:09 - [TEST_CASE][PASSED] - Test Cases/Final Aug 2018 - PKS Automation/Registration Module/Log Out/log out avoiding katalon tagging: Test Cases/Final Aug 2018 - PKS Automation/Registration Module/Log Out/log out avoiding katalon tagging

2018-12-07 15:23:10 - [TEST_STEP][PASSED] - navigateToUrl: Navigate to 'https://assist2-uat.perkeso.gov.my/c/portal/logout' successfully

2018-12-07 15:23:13 - [MESSAGE][PASSED] - Navigate to 'https://assist2-uat.perkeso.gov.my/c/portal/logout' successfully

2018-12-07 15:23:13 - [MESSAGE][PASSED] - Call Test Case 'Test Cases/Final Aug 2018 - PKS Automation/Registration Module/Log Out/log out avoiding katalon tagging' successfully

2018-12-07 15:23:13 - [TEST_STEP][PASSED] - callTestCase: Call Test Case 'Test Cases/Final Aug 2018 - PKS Automation/Create Employer Acc/Login to Employer Account (Second time)' successfully

2018-12-07 15:23:13 - [TEST_CASE][PASSED] - Test Cases/Final Aug 2018 - PKS Automation/Create Employer Acc/Login to Employer Account (Second time): Test Cases/Final Aug 2018 - PKS Automation/Create Employer Acc/Login to Employer Account (Second time)

2018-12-07 15:23:13 - [TEST_STEP][PASSED] - openBrowser: Browser is opened with url: ''

2018-12-07 15:23:13 - [MESSAGE][WARNING] - A browser is already opened. Closing browser and opening a new one

2018-12-07 15:23:16 - [MESSAGE][PASSED] - Browser is opened with url: ''

2018-12-07 15:23:16 - [TEST_STEP][PASSED] - navigateToUrl: Navigate to 'https://assist2-uat.perkeso.gov.my/employer/login' successfully

2018-12-07 15:23:17 - [MESSAGE][PASSED] - Navigate to 'https://assist2-uat.perkeso.gov.my/employer/login' successfully

2018-12-07 15:23:17 - [TEST_STEP][PASSED] - delay: Delayed 3 second(s)

2018-12-07 15:23:20 - [MESSAGE][PASSED] - Delayed 3 second(s)

2018-12-07 15:23:20 - [TEST_STEP][PASSED] - callTestCase: Call Test Case 'Test Cases/Final Aug 2018 - PKS Automation/Create Employer Acc/Template/Employer Email Getter' successfully

2018-12-07 15:23:20 - [TEST_CASE][PASSED] - Test Cases/Final Aug 2018 - PKS Automation/Create Employer Acc/Template/Employer Email Getter: Test Cases/Final Aug 2018 - PKS Automation/Create Employer Acc/Template/Employer Email Getter

2018-12-07 15:23:20 - [TEST_STEP][PASSED] - Statement - Try: null

2018-12-07 15:23:20 - [TEST_STEP][PASSED] - Statement - EmpEmail = new java.io.File(C://Users//Admin//Desktop//PKS//Automation Reference Point//EmpEmail.txt): null

2018-12-07 15:23:20 - [TEST_STEP][PASSED] - Statement - bufferread = new java.io.BufferedReader(new java.io.FileReader(EmpEmail)): null

2018-12-07 15:23:20 - [TEST_STEP][PASSED] - Statement - readedVal = bufferread.readLine(): null

2018-12-07 15:23:20 - [TEST_STEP][PASSED] - Statement - out.println(readedVal): null

2018-12-07 15:23:20 - [TEST_STEP][PASSED] - Statement - Email = readedVal: null

2018-12-07 15:23:20 - [MESSAGE][PASSED] - Call Test Case 'Test Cases/Final Aug 2018 - PKS Automation/Create Employer Acc/Template/Employer Email Getter' successfully

2018-12-07 15:23:20 - [TEST_STEP][PASSED] - setText: Text 'perkeso995891272618@gmail.com' is set on object 'Object Repository/Final Object Repo/Login Page/External Login Page/Email'

2018-12-07 15:23:21 - [MESSAGE][PASSED] - Text 'perkeso995891272618@gmail.com' is set on object 'Object Repository/Final Object Repo/Login Page/External Login Page/Email'

2018-12-07 15:23:21 - [TEST_STEP][PASSED] - click: Object: 'Object Repository/Final Object Repo/Login Page/External Login Page/Next' is clicked on

2018-12-07 15:23:21 - [MESSAGE][PASSED] - Object: 'Object Repository/Final Object Repo/Login Page/External Login Page/Next' is clicked on

2018-12-07 15:23:21 - [TEST_STEP][PASSED] - delay: Delayed 3 second(s)

2018-12-07 15:23:24 - [MESSAGE][PASSED] - Delayed 3 second(s)

2018-12-07 15:23:24 - [TEST_STEP][PASSED] - setEncryptedText: Text ****** has been set on object 'Object Repository/Final Object Repo/Login Page/External Login Page/Password'

2018-12-07 15:23:24 - [MESSAGE][PASSED] - Text ****** has been set on object 'Object Repository/Final Object Repo/Login Page/External Login Page/Password'

2018-12-07 15:23:24 - [TEST_STEP][PASSED] - click: Object: 'Object Repository/Final Object Repo/Login Page/External Login Page/Login' is clicked on

2018-12-07 15:23:24 - [MESSAGE][PASSED] - Object: 'Object Repository/Final Object Repo/Login Page/External Login Page/Login' is clicked on

2018-12-07 15:23:24 - [TEST_STEP][PASSED] - delay: Delayed 5 second(s)

2018-12-07 15:23:29 - [MESSAGE][PASSED] - Delayed 5 second(s)

2018-12-07 15:23:29 - [MESSAGE][PASSED] - Call Test Case 'Test Cases/Final Aug 2018 - PKS Automation/Create Employer Acc/Login to Employer Account (Second time)' successfully

2018-12-07 15:23:29 - [TEST_STEP][PASSED] - delay: Delayed 4 second(s)

2018-12-07 15:23:33 - [MESSAGE][PASSED] - Delayed 4 second(s)

2018-12-07 15:23:33 - [TEST_STEP][PASSED] - Statement - Try: Delayed 2 second(s)

2018-12-07 15:23:33 - [TEST_STEP][PASSED] - Statement - Checker = false: null

2018-12-07 15:23:33 - [TEST_STEP][PASSED] - Statement - Checker = com.kms.katalon.core.webui.keyword.WebUiBuiltInKeywords.verifyElementHasAttribute(com.kms.katalon.core.testobject.ObjectRepository.findTestObject(Final Object Repo/Landing Page/BM Detecting), "href", 20, OPTIONAL): Object 'Object Repository/Final Object Repo/Landing Page/BM Detecting' has attribute 'href'

2018-12-07 15:23:33 - [MESSAGE][PASSED] - Object 'Object Repository/Final Object Repo/Landing Page/BM Detecting' has attribute 'href'

2018-12-07 15:23:33 - [TEST_STEP][PASSED] - Statement - out.println(Checker): null

2018-12-07 15:23:33 - [TEST_STEP][PASSED] - Statement - If (Checker == false): null

2018-12-07 15:23:33 - [TEST_STEP][PASSED] - Statement - Else: null

2018-12-07 15:23:33 - [TEST_STEP][PASSED] - delay: Delayed 2 second(s)

2018-12-07 15:23:35 - [MESSAGE][PASSED] - Delayed 2 second(s)

2018-12-07 15:23:35 - [TEST_STEP][PASSED] - delay: Delayed 4 second(s)

2018-12-07 15:23:39 - [MESSAGE][PASSED] - Delayed 4 second(s)

2018-12-07 15:23:39 - [TEST_STEP][PASSED] - click: Object: 'Object Repository/Final Object Repo/Landing Page/My Sites Drop Down' is clicked on

2018-12-07 15:23:40 - [MESSAGE][PASSED] - Object: 'Object Repository/Final Object Repo/Landing Page/My Sites Drop Down' is clicked on

2018-12-07 15:23:40 - [TEST_STEP][PASSED] - click: Object: 'Object Repository/Final Object Repo/Landing Page/Select to Registration Module' is clicked on

2018-12-07 15:23:42 - [MESSAGE][PASSED] - Object: 'Object Repository/Final Object Repo/Landing Page/Select to Registration Module' is clicked on

2018-12-07 15:23:42 - [TEST_STEP][PASSED] - click: Object: 'Object Repository/Final Object Repo/Landing Page/Registration Button' is clicked on

2018-12-07 15:23:44 - [MESSAGE][PASSED] - Object: 'Object Repository/Final Object Repo/Landing Page/Registration Button' is clicked on

2018-12-07 15:23:44 - [TEST_STEP][PASSED] - delay: Delayed 2 second(s)

2018-12-07 15:23:46 - [MESSAGE][PASSED] - Delayed 2 second(s)

2018-12-07 15:23:46 - [TEST_STEP][PASSED] - click: Object: 'Object Repository/Final Object Repo/New Registration - Registration Module Pages/New Reg - OTC to RO/Special Case - OTC - Form 1/AEC NO' is clicked on

2018-12-07 15:23:46 - [MESSAGE][PASSED] - Object: 'Object Repository/Final Object Repo/New Registration - Registration Module Pages/New Reg - OTC to RO/Special Case - OTC - Form 1/AEC NO' is clicked on

2018-12-07 15:23:46 - [TEST_STEP][PASSED] - click: Object: 'Object Repository/Final Object Repo/New Registration - Registration Module Pages/New Reg - OTC to RO/Special Case - OTC - Form 1/Business Entity - Please Select' is clicked on

2018-12-07 15:23:46 - [MESSAGE][PASSED] - Object: 'Object Repository/Final Object Repo/New Registration - Registration Module Pages/New Reg - OTC to RO/Special Case - OTC - Form 1/Business Entity - Please Select' is clicked on

2018-12-07 15:23:46 - [TEST_STEP][PASSED] - click: Object: 'Object Repository/Final Object Repo/New Registration - Registration Module Pages/New Reg - OTC to RO/Special Case - OTC - Form 1/Selected - Corporation' is clicked on

2018-12-07 15:23:46 - [MESSAGE][PASSED] - Object: 'Object Repository/Final Object Repo/New Registration - Registration Module Pages/New Reg - OTC to RO/Special Case - OTC - Form 1/Selected - Corporation' is clicked on

2018-12-07 15:23:46 - [TEST_STEP][PASSED] - delay: Delayed 2 second(s)

2018-12-07 15:23:48 - [MESSAGE][PASSED] - Delayed 2 second(s)

2018-12-07 15:23:48 - [TEST_STEP][PASSED] - click: Object: 'Object Repository/Final Object Repo/New Registration - Registration Module Pages/New Reg - OTC to RO/Special Case - OTC - Form 1/Sub Business Entity - Please Select' is clicked on

2018-12-07 15:23:49 - [MESSAGE][PASSED] - Object: 'Object Repository/Final Object Repo/New Registration - Registration Module Pages/New Reg - OTC to RO/Special Case - OTC - Form 1/Sub Business Entity - Please Select' is clicked on

2018-12-07 15:23:49 - [TEST_STEP][PASSED] - delay: Delayed 2 second(s)

2018-12-07 15:23:51 - [MESSAGE][PASSED] - Delayed 2 second(s)

2018-12-07 15:23:51 - [TEST_STEP][PASSED] - click: Object: 'Object Repository/Final Object Repo/New Registration - Registration Module Pages/New Reg - OTC to RO/Special Case - OTC - Form 1/Selected - Sendirian Berhad' is clicked on

2018-12-07 15:23:51 - [MESSAGE][PASSED] - Object: 'Object Repository/Final Object Repo/New Registration - Registration Module Pages/New Reg - OTC to RO/Special Case - OTC - Form 1/Selected - Sendirian Berhad' is clicked on

2018-12-07 15:23:51 - [TEST_STEP][PASSED] - setText: Text 'AUTOMATE001' is set on object 'Object Repository/Final Object Repo/New Registration - Registration Module Pages/New Reg - OTC to RO/Special Case - OTC - Form 1/Input BRN Number'

2018-12-07 15:23:51 - [MESSAGE][PASSED] - Text 'AUTOMATE001' is set on object 'Object Repository/Final Object Repo/New Registration - Registration Module Pages/New Reg - OTC to RO/Special Case - OTC - Form 1/Input BRN Number'

2018-12-07 15:23:51 - [TEST_STEP][PASSED] - delay: Delayed 2 second(s)

2018-12-07 15:23:53 - [MESSAGE][PASSED] - Delayed 2 second(s)

2018-12-07 15:23:53 - [TEST_STEP][PASSED] - click: Object: 'Object Repository/Final Object Repo/New Registration - Registration Module Pages/New Reg - OTC to RO/Special Case - OTC - Form 1/BRN Search' is clicked on

2018-12-07 15:23:54 - [MESSAGE][PASSED] - Object: 'Object Repository/Final Object Repo/New Registration - Registration Module Pages/New Reg - OTC to RO/Special Case - OTC - Form 1/BRN Search' is clicked on

2018-12-07 15:23:54 - [TEST_STEP][PASSED] - delay: Delayed 4 second(s)

2018-12-07 15:23:58 - [MESSAGE][PASSED] - Delayed 4 second(s)

2018-12-07 15:23:58 - [TEST_STEP][PASSED] - click: Object: 'Object Repository/Final Object Repo/New Registration - Registration Module Pages/New Reg - OTC to RO/Special Case - OTC - Form 1/Registered with SSM - After Feb 2017' is clicked on

2018-12-07 15:23:58 - [MESSAGE][PASSED] - Object: 'Object Repository/Final Object Repo/New Registration - Registration Module Pages/New Reg - OTC to RO/Special Case - OTC - Form 1/Registered with SSM - After Feb 2017' is clicked on

2018-12-07 15:23:58 - [TEST_STEP][PASSED] - delay: Delayed 2 second(s)

2018-12-07 15:24:00 - [MESSAGE][PASSED] - Delayed 2 second(s)

2018-12-07 15:24:00 - [TEST_STEP][PASSED] - click: Object: 'Object Repository/Final Object Repo/New Registration - Registration Module Pages/Form 1/Registered As a Branch - Yes' is clicked on

2018-12-07 15:24:00 - [MESSAGE][PASSED] - Object: 'Object Repository/Final Object Repo/New Registration - Registration Module Pages/Form 1/Registered As a Branch - Yes' is clicked on

2018-12-07 15:24:00 - [TEST_STEP][PASSED] - click: Object: 'Object Repository/Final Object Repo/New Registration - Registration Module Pages/New Reg - OTC to RO/Special Case - OTC - Form 1/Acknowledgement Ticked' is clicked on

2018-12-07 15:24:00 - [MESSAGE][PASSED] - Object: 'Object Repository/Final Object Repo/New Registration - Registration Module Pages/New Reg - OTC to RO/Special Case - OTC - Form 1/Acknowledgement Ticked' is clicked on

2018-12-07 15:24:00 - [TEST_STEP][PASSED] - setText: Text 'perkeso995891272618@gmail.com' is set on object 'Object Repository/Final Object Repo/New Registration - Registration Module Pages/Form 1/Email'

2018-12-07 15:24:01 - [MESSAGE][PASSED] - Text 'perkeso995891272618@gmail.com' is set on object 'Object Repository/Final Object Repo/New Registration - Registration Module Pages/Form 1/Email'

2018-12-07 15:24:01 - [TEST_STEP][PASSED] - click: Object: 'Object Repository/Final Object Repo/New Registration - Registration Module Pages/New Reg - OTC to RO/Special Case - OTC - Form 1/Submit Button' is clicked on

2018-12-07 15:24:01 - [MESSAGE][PASSED] - Object: 'Object Repository/Final Object Repo/New Registration - Registration Module Pages/New Reg - OTC to RO/Special Case - OTC - Form 1/Submit Button' is clicked on

2018-12-07 15:24:01 - [TEST_STEP][PASSED] - callTestCase: Call Test Case 'Test Cases/Final Aug 2018 - PKS Automation/Registration Module/New Registration/Form 2/Add 1 Eligible - Employer Account Use' successfully

2018-12-07 15:24:01 - [TEST_CASE][PASSED] - Test Cases/Final Aug 2018 - PKS Automation/Registration Module/New Registration/Form 2/Add 1 Eligible - Employer Account Use: Test Cases/Final Aug 2018 - PKS Automation/Registration Module/New Registration/Form 2/Add 1 Eligible - Employer Account Use

2018-12-07 15:24:02 - [TEST_STEP][PASSED] - delay: Delayed 2 second(s)

2018-12-07 15:24:04 - [MESSAGE][PASSED] - Delayed 2 second(s)

2018-12-07 15:24:04 - [TEST_STEP][PASSED] - callTestCase: Call Test Case 'Test Cases/Final Aug 2018 - PKS Automation/Registration Module/New Registration/Form 2/Date Updater' successfully

2018-12-07 15:24:04 - [TEST_CASE][PASSED] - Test Cases/Final Aug 2018 - PKS Automation/Registration Module/New Registration/Form 2/Date Updater: Test Cases/Final Aug 2018 - PKS Automation/Registration Module/New Registration/Form 2/Date Updater

2018-12-07 15:24:04 - [TEST_STEP][PASSED] - Statement - TodayDate = new java.util.Date(): null

2018-12-07 15:24:04 - [TEST_STEP][PASSED] - Statement - CurrentDateNoFilter = new java.text.SimpleDateFormat(): null

2018-12-07 15:24:04 - [TEST_STEP][PASSED] - Statement - CurrentDateNoFilter.applyPattern("MM"): null

2018-12-07 15:24:04 - [TEST_STEP][PASSED] - Statement - monthContainerMatcher = java.lang.Integer.parseInt(CurrentDateNoFilter.format(TodayDate)): null

2018-12-07 15:24:04 - [TEST_STEP][PASSED] - Statement - monthContainerMatcher = monthContainerMatcher - 1: null

2018-12-07 15:24:04 - [TEST_STEP][PASSED] - Statement - CurrentMonth = monthContainerMatcher.toString(): null

2018-12-07 15:24:04 - [TEST_STEP][PASSED] - Statement - CurrentMonth = CurrentMonth: null

2018-12-07 15:24:04 - [TEST_STEP][PASSED] - Statement - CurrentDateNoFilter.applyPattern("yyyy"): null

2018-12-07 15:24:04 - [TEST_STEP][PASSED] - Statement - CurrentYear = CurrentDateNoFilter.format(TodayDate): null

2018-12-07 15:24:04 - [TEST_STEP][PASSED] - Statement - CurrentYear = CurrentYear: null

2018-12-07 15:24:04 - [TEST_STEP][PASSED] - Statement - intCurrentYear = java.lang.Integer.parseInt(CurrentDateNoFilter.format(TodayDate)): null

2018-12-07 15:24:04 - [TEST_STEP][PASSED] - Statement - eighteenYrsAgo = intCurrentYear - 18: null

2018-12-07 15:24:04 - [TEST_STEP][PASSED] - Statement - eighteenYrsBeforeThisYr = eighteenYrsAgo.toString(): null

2018-12-07 15:24:04 - [TEST_STEP][PASSED] - Statement - EighteenYrsBefore = eighteenYrsBeforeThisYr: null

2018-12-07 15:24:04 - [TEST_STEP][PASSED] - Statement - fiftysevenYrsAgo = intCurrentYear - 57: null

2018-12-07 15:24:04 - [TEST_STEP][PASSED] - Statement - fiftysevenYrsBeforeThisYr = fiftysevenYrsAgo.toString(): null

2018-12-07 15:24:04 - [TEST_STEP][PASSED] - Statement - FiftysevenYrsBefore = fiftysevenYrsBeforeThisYr: null

2018-12-07 15:24:04 - [TEST_STEP][PASSED] - Statement - leapYear = false: null

2018-12-07 15:24:04 - [TEST_STEP][PASSED] - Statement - leapYear = intCurrentYear % 4 == 0: null

2018-12-07 15:24:04 - [TEST_STEP][PASSED] - Statement - CurrentDateNoFilter.applyPattern("dd"): null

2018-12-07 15:24:04 - [TEST_STEP][PASSED] - Statement - CurrentDate = CurrentDateNoFilter.format(TodayDate): null

2018-12-07 15:24:04 - [TEST_STEP][PASSED] - Statement - CurrentDate = java.lang.Integer.parseInt(CurrentDate): null

2018-12-07 15:24:04 - [TEST_STEP][PASSED] - Statement - CurrentDate = CurrentDate: null

2018-12-07 15:24:04 - [TEST_STEP][PASSED] - Statement - CurrentDay = java.lang.Integer.parseInt(CurrentDate): null

2018-12-07 15:24:04 - [TEST_STEP][PASSED] - Statement - ConfAdder = <not implemented yet for class: org.codehaus.groovy.ast.expr.EmptyExpression>: null

2018-12-07 15:24:04 - [TEST_STEP][PASSED] - Statement - out.println(CurrentMonth): null

2018-12-07 15:24:04 - [TEST_STEP][PASSED] - Statement - out.println(CurrentDate): null

2018-12-07 15:24:04 - [TEST_STEP][PASSED] - Statement - switch (CurrentDate): null

2018-12-07 15:24:04 - [TEST_STEP][PASSED] - Statement - Default: null

2018-12-07 15:24:04 - [TEST_STEP][PASSED] - Statement - ConfAdder = true: null

2018-12-07 15:24:04 - [TEST_STEP][PASSED] - Statement - Break: null

2018-12-07 15:24:04 - [TEST_STEP][PASSED] - Statement - aDayBefore = <not implemented yet for class: org.codehaus.groovy.ast.expr.EmptyExpression>: null

2018-12-07 15:24:04 - [TEST_STEP][PASSED] - Statement - out.println(ConfAdder): null

2018-12-07 15:24:04 - [TEST_STEP][PASSED] - Statement - If (ConfAdder == true): null

2018-12-07 15:24:04 - [TEST_STEP][PASSED] - Statement - aDayBefore = CurrentDay + 1: null

2018-12-07 15:24:04 - [TEST_STEP][PASSED] - Statement - out.println(aDayBefore): null

2018-12-07 15:24:04 - [TEST_STEP][PASSED] - Statement - If (aDayBefore == 1 && CurrentMonth == 11): null

2018-12-07 15:24:04 - [TEST_STEP][PASSED] - Statement - DayBefore = aDayBefore.toString(): null

2018-12-07 15:24:05 - [TEST_STEP][PASSED] - Statement - OneDayBefore = DayBefore: null

2018-12-07 15:24:05 - [MESSAGE][PASSED] - Call Test Case 'Test Cases/Final Aug 2018 - PKS Automation/Registration Module/New Registration/Form 2/Date Updater' successfully

2018-12-07 15:24:05 - [TEST_STEP][PASSED] - delay: Delayed 1 second(s)

2018-12-07 15:24:06 - [MESSAGE][PASSED] - Delayed 1 second(s)

2018-12-07 15:24:06 - [TEST_STEP][PASSED] - Statement - CaseReferenceNo = com.kms.katalon.core.webui.keyword.WebUiBuiltInKeywords.getText(com.kms.katalon.core.testobject.ObjectRepository.findTestObject(Final Object Repo/New Registration - Registration Module Pages/Form 2/RefNo Acquiring)): Text of object 'Object Repository/Final Object Repo/New Registration - Registration Module Pages/Form 2/RefNo Acquiring' is: 'CRN12201800123096'

2018-12-07 15:24:06 - [MESSAGE][PASSED] - Text of object 'Object Repository/Final Object Repo/New Registration - Registration Module Pages/Form 2/RefNo Acquiring' is: 'CRN12201800123096'

2018-12-07 15:24:06 - [TEST_STEP][PASSED] - delay: Delayed 1 second(s)

2018-12-07 15:24:07 - [MESSAGE][PASSED] - Delayed 1 second(s)

2018-12-07 15:24:07 - [TEST_STEP][PASSED] - click: Object: 'Object Repository/Final Object Repo/New Registration - Registration Module Pages/Form 2/Add Employee Button' is clicked on

2018-12-07 15:24:07 - [MESSAGE][PASSED] - Object: 'Object Repository/Final Object Repo/New Registration - Registration Module Pages/Form 2/Add Employee Button' is clicked on

2018-12-07 15:24:07 - [TEST_STEP][PASSED] - delay: Delayed 1 second(s)

2018-12-07 15:24:08 - [MESSAGE][PASSED] - Delayed 1 second(s)

2018-12-07 15:24:08 - [TEST_STEP][PASSED] - setText: Text '010903091948' is set on object 'Object Repository/Final Object Repo/New Registration - Registration Module Pages/Form 2/NRIC Input'

2018-12-07 15:24:09 - [MESSAGE][PASSED] - Text '010903091948' is set on object 'Object Repository/Final Object Repo/New Registration - Registration Module Pages/Form 2/NRIC Input'

2018-12-07 15:24:09 - [TEST_STEP][PASSED] - delay: Delayed 2 second(s)

2018-12-07 15:24:11 - [MESSAGE][PASSED] - Delayed 2 second(s)

2018-12-07 15:24:11 - [TEST_STEP][PASSED] - setText: Text 'Automate001 eligible 1' is set on object 'Object Repository/Final Object Repo/New Registration - Registration Module Pages/Form 2/Employee Name Input'

2018-12-07 15:24:11 - [MESSAGE][PASSED] - Text 'Automate001 eligible 1' is set on object 'Object Repository/Final Object Repo/New Registration - Registration Module Pages/Form 2/Employee Name Input'

2018-12-07 15:24:11 - [TEST_STEP][PASSED] - delay: Delayed 2 second(s)

2018-12-07 15:24:13 - [MESSAGE][PASSED] - Delayed 2 second(s)

2018-12-07 15:24:13 - [TEST_STEP][PASSED] - click: Object: 'Object Repository/Final Object Repo/New Registration - Registration Module Pages/Form 2/DatePicker Pop Up' is clicked on

2018-12-07 15:24:14 - [MESSAGE][PASSED] - Object: 'Object Repository/Final Object Repo/New Registration - Registration Module Pages/Form 2/DatePicker Pop Up' is clicked on

2018-12-07 15:24:14 - [TEST_STEP][PASSED] - click: Object: 'Object Repository/Final Object Repo/New Registration - Registration Module Pages/Form 2/DOB Month' is clicked on

2018-12-07 15:24:14 - [MESSAGE][PASSED] - Object: 'Object Repository/Final Object Repo/New Registration - Registration Module Pages/Form 2/DOB Month' is clicked on

2018-12-07 15:24:14 - [TEST_STEP][PASSED] - Statement - CurrentMonth = CurrentMonth: null

2018-12-07 15:24:14 - [TEST_STEP][PASSED] - Statement - selectMonth = new com.kms.katalon.core.testobject.TestObject(): null

2018-12-07 15:24:14 - [TEST_STEP][PASSED] - Statement - selectMonth.addProperty("xpath", EQUALS, "//body/div/div/div/select/option[@value='" + CurrentMonth + "']", true): null

2018-12-07 15:24:14 - [TEST_STEP][PASSED] - click: Object: '' is clicked on

2018-12-07 15:24:14 - [MESSAGE][PASSED] - Object: '' is clicked on

2018-12-07 15:24:14 - [TEST_STEP][PASSED] - click: Object: 'Object Repository/Final Object Repo/New Registration - Registration Module Pages/Form 2/DOB Year' is clicked on

2018-12-07 15:24:14 - [MESSAGE][PASSED] - Object: 'Object Repository/Final Object Repo/New Registration - Registration Module Pages/Form 2/DOB Year' is clicked on

2018-12-07 15:24:14 - [TEST_STEP][PASSED] - Statement - Eyearsbf = EighteenYrsBefore: null

2018-12-07 15:24:14 - [TEST_STEP][PASSED] - Statement - selectYear = new com.kms.katalon.core.testobject.TestObject(): null

2018-12-07 15:24:14 - [TEST_STEP][PASSED] - Statement - selectYear.addProperty("xpath", EQUALS, "//div/div/div/select/option[@value='" + Eyearsbf + "']", true): null

2018-12-07 15:24:14 - [TEST_STEP][PASSED] - click: Object: '' is clicked on

2018-12-07 15:24:14 - [MESSAGE][PASSED] - Object: '' is clicked on

2018-12-07 15:24:14 - [TEST_STEP][PASSED] - Statement - UpdatedSelectDate = com.kms.katalon.core.webui.keyword.WebUiBuiltInKeywords.modifyObjectProperty(com.kms.katalon.core.testobject.ObjectRepository.findTestObject(Final Object Repo/New Registration - Registration Module Pages/Form 2/DOB Date), "xpath", "equals", "//body/div/table/tbody/tr/td/a[text()="" + CurrentDate + ""]", true): Modify property of object successfully

2018-12-07 15:24:14 - [MESSAGE][PASSED] - Modify property of object successfully

2018-12-07 15:24:14 - [TEST_STEP][PASSED] - delay: Delayed 3 second(s)

2018-12-07 15:24:17 - [MESSAGE][PASSED] - Delayed 3 second(s)

2018-12-07 15:24:17 - [TEST_STEP][PASSED] - click: Object: 'Object Repository/Final Object Repo/New Registration - Registration Module Pages/Form 2/DOB Date' is clicked on

2018-12-07 15:24:17 - [MESSAGE][PASSED] - Object: 'Object Repository/Final Object Repo/New Registration - Registration Module Pages/Form 2/DOB Date' is clicked on

2018-12-07 15:24:17 - [TEST_STEP][PASSED] - delay: Delayed 2 second(s)

2018-12-07 15:24:19 - [MESSAGE][PASSED] - Delayed 2 second(s)

2018-12-07 15:24:19 - [TEST_STEP][PASSED] - click: Object: 'Object Repository/Final Object Repo/New Registration - Registration Module Pages/Form 2/EmploymentStartDate Pop Up' is clicked on

2018-12-07 15:24:20 - [MESSAGE][PASSED] - Object: 'Object Repository/Final Object Repo/New Registration - Registration Module Pages/Form 2/EmploymentStartDate Pop Up' is clicked on

2018-12-07 15:24:20 - [TEST_STEP][PASSED] - delay: Delayed 2 second(s)

2018-12-07 15:24:22 - [MESSAGE][PASSED] - Delayed 2 second(s)

2018-12-07 15:24:22 - [TEST_STEP][PASSED] - click: Object: 'Object Repository/Final Object Repo/New Registration - Registration Module Pages/Form 2/Socso Employment StartDate Month' is clicked on

2018-12-07 15:24:22 - [MESSAGE][PASSED] - Object: 'Object Repository/Final Object Repo/New Registration - Registration Module Pages/Form 2/Socso Employment StartDate Month' is clicked on

2018-12-07 15:24:22 - [TEST_STEP][PASSED] - delay: Delayed 1 second(s)

2018-12-07 15:24:23 - [MESSAGE][PASSED] - Delayed 1 second(s)

2018-12-07 15:24:23 - [TEST_STEP][PASSED] - click: Object: 'Object Repository/Final Object Repo/New Registration - Registration Module Pages/Form 2/Select Socso Employement Startdate Month' is clicked on

2018-12-07 15:24:23 - [MESSAGE][PASSED] - Object: 'Object Repository/Final Object Repo/New Registration - Registration Module Pages/Form 2/Select Socso Employement Startdate Month' is clicked on

2018-12-07 15:24:23 - [TEST_STEP][PASSED] - delay: Delayed 2 second(s)

2018-12-07 15:24:25 - [MESSAGE][PASSED] - Delayed 2 second(s)

2018-12-07 15:24:25 - [TEST_STEP][PASSED] - click: Object: 'Object Repository/Final Object Repo/New Registration - Registration Module Pages/Form 2/Socso Employment StartDate Year' is clicked on

2018-12-07 15:24:25 - [MESSAGE][PASSED] - Object: 'Object Repository/Final Object Repo/New Registration - Registration Module Pages/Form 2/Socso Employment StartDate Year' is clicked on

2018-12-07 15:24:25 - [TEST_STEP][PASSED] - delay: Delayed 1 second(s)

2018-12-07 15:24:26 - [MESSAGE][PASSED] - Delayed 1 second(s)

2018-12-07 15:24:26 - [TEST_STEP][PASSED] - click: Object: 'Object Repository/Final Object Repo/New Registration - Registration Module Pages/Form 2/Select Socso Employment Startdate Year' is clicked on

2018-12-07 15:24:26 - [MESSAGE][PASSED] - Object: 'Object Repository/Final Object Repo/New Registration - Registration Module Pages/Form 2/Select Socso Employment Startdate Year' is clicked on

2018-12-07 15:24:26 - [TEST_STEP][PASSED] - delay: Delayed 2 second(s)

2018-12-07 15:24:28 - [MESSAGE][PASSED] - Delayed 2 second(s)

2018-12-07 15:24:28 - [TEST_STEP][PASSED] - click: Object: 'Object Repository/Final Object Repo/New Registration - Registration Module Pages/Form 2/Socso Employment Start Date Day' is clicked on

2018-12-07 15:24:29 - [MESSAGE][PASSED] - Object: 'Object Repository/Final Object Repo/New Registration - Registration Module Pages/Form 2/Socso Employment Start Date Day' is clicked on

2018-12-07 15:24:29 - [TEST_STEP][PASSED] - delay: Delayed 2 second(s)

2018-12-07 15:24:31 - [MESSAGE][PASSED] - Delayed 2 second(s)

2018-12-07 15:24:31 - [TEST_STEP][PASSED] - click: Object: 'Object Repository/Final Object Repo/New Registration - Registration Module Pages/Form 2/Save Button for Add Employee' is clicked on

2018-12-07 15:24:31 - [MESSAGE][PASSED] - Object: 'Object Repository/Final Object Repo/New Registration - Registration Module Pages/Form 2/Save Button for Add Employee' is clicked on

2018-12-07 15:24:31 - [TEST_STEP][PASSED] - delay: Delayed 6 second(s)

2018-12-07 15:24:37 - [MESSAGE][PASSED] - Delayed 6 second(s)

2018-12-07 15:24:37 - [TEST_STEP][PASSED] - click: Object: 'Object Repository/Final Object Repo/New Registration - Registration Module Pages/Form 2/Save and Continue Form 2' is clicked on

2018-12-07 15:24:37 - [MESSAGE][PASSED] - Object: 'Object Repository/Final Object Repo/New Registration - Registration Module Pages/Form 2/Save and Continue Form 2' is clicked on

2018-12-07 15:24:37 - [MESSAGE][PASSED] - Call Test Case 'Test Cases/Final Aug 2018 - PKS Automation/Registration Module/New Registration/Form 2/Add 1 Eligible - Employer Account Use' successfully

2018-12-07 15:24:37 - [TEST_STEP][PASSED] - callTestCase: Call Test Case 'Test Cases/Final Aug 2018 - PKS Automation/Registration Module/New Registration/Flow of New Registration/Third Screen - Upload Supporting Doc - Preview' successfully

2018-12-07 15:24:37 - [TEST_CASE][PASSED] - Test Cases/Final Aug 2018 - PKS Automation/Registration Module/New Registration/Flow of New Registration/Third Screen - Upload Supporting Doc - Preview: Test Cases/Final Aug 2018 - PKS Automation/Registration Module/New Registration/Flow of New Registration/Third Screen - Upload Supporting Doc - Preview

2018-12-07 15:24:38 - [TEST_STEP][PASSED] - waitForPageLoad: Wait for page load successfully

2018-12-07 15:24:38 - [MESSAGE][PASSED] - Wait for page load successfully

2018-12-07 15:24:38 - [TEST_STEP][PASSED] - Statement - CaseReferenceNo = com.kms.katalon.core.webui.keyword.WebUiBuiltInKeywords.getText(com.kms.katalon.core.testobject.ObjectRepository.findTestObject(Final Object Repo/New Registration - Registration Module Pages/Third Screen - Upload Supporting Doc- Preview/RefNo Acquiring)): Text of object 'Object Repository/Final Object Repo/New Registration - Registration Module Pages/Third Screen - Upload Supporting Doc- Preview/RefNo Acquiring' is: 'CRN12201800123096'

2018-12-07 15:24:38 - [MESSAGE][PASSED] - Text of object 'Object Repository/Final Object Repo/New Registration - Registration Module Pages/Third Screen - Upload Supporting Doc- Preview/RefNo Acquiring' is: 'CRN12201800123096'

2018-12-07 15:24:38 - [TEST_STEP][PASSED] - delay: Delayed 2 second(s)

2018-12-07 15:24:40 - [MESSAGE][PASSED] - Delayed 2 second(s)

2018-12-07 15:24:40 - [TEST_STEP][PASSED] - callTestCase: Call Test Case 'Test Cases/Final Aug 2018 - PKS Automation/Common/Reference Number Setter' successfully

2018-12-07 15:24:40 - [TEST_CASE][PASSED] - Test Cases/Final Aug 2018 - PKS Automation/Common/Reference Number Setter: Test Cases/Final Aug 2018 - PKS Automation/Common/Reference Number Setter

2018-12-07 15:24:40 - [TEST_STEP][PASSED] - Statement - RefNoOldFile = new java.io.File(C://Users//Admin//Desktop//PKS//Automation Reference Point//KatalonReference.txt): null

2018-12-07 15:24:40 - [TEST_STEP][PASSED] - Statement - RefNoOldFile.delete(): null

2018-12-07 15:24:40 - [TEST_STEP][PASSED] - delay: Delayed 5 second(s)

2018-12-07 15:24:45 - [MESSAGE][PASSED] - Delayed 5 second(s)

2018-12-07 15:24:45 - [TEST_STEP][PASSED] - Statement - RefNo = new java.io.File(C://Users//Admin//Desktop//PKS//Automation Reference Point//KatalonReference.txt): null

2018-12-07 15:24:45 - [TEST_STEP][PASSED] - Statement - f2 = new java.io.FileWriter(RefNo, false): null

2018-12-07 15:24:45 - [TEST_STEP][PASSED] - Statement - f2.write(CaseReferenceNo): null

2018-12-07 15:24:45 - [TEST_STEP][PASSED] - Statement - f2.close(): null

2018-12-07 15:24:45 - [TEST_STEP][PASSED] - Statement - out.println("


" + CaseReferenceNo + "


"): null

2018-12-07 15:24:45 - [MESSAGE][PASSED] - Call Test Case 'Test Cases/Final Aug 2018 - PKS Automation/Common/Reference Number Setter' successfully

2018-12-07 15:24:45 - [TEST_STEP][PASSED] - waitForElementClickable: Object 'Object Repository/Final Object Repo/New Registration - Registration Module Pages/Third Screen - Upload Supporting Doc- Preview/Save n Continue in SIP Employee Listing Page' is clickable

2018-12-07 15:24:46 - [MESSAGE][PASSED] - Object 'Object Repository/Final Object Repo/New Registration - Registration Module Pages/Third Screen - Upload Supporting Doc- Preview/Save n Continue in SIP Employee Listing Page' is clickable

2018-12-07 15:24:46 - [TEST_STEP][PASSED] - click: Object: 'Object Repository/Final Object Repo/New Registration - Registration Module Pages/Third Screen - Upload Supporting Doc- Preview/Save n Continue in SIP Employee Listing Page' is clicked on

2018-12-07 15:24:51 - [MESSAGE][PASSED] - Object: 'Object Repository/Final Object Repo/New Registration - Registration Module Pages/Third Screen - Upload Supporting Doc- Preview/Save n Continue in SIP Employee Listing Page' is clicked on

2018-12-07 15:24:51 - [TEST_STEP][PASSED] - delay: Delayed 7 second(s)

2018-12-07 15:24:58 - [MESSAGE][PASSED] - Delayed 7 second(s)

2018-12-07 15:24:58 - [TEST_STEP][PASSED] - click: Object: 'Object Repository/Final Object Repo/New Registration - Registration Module Pages/Third Screen - Upload Supporting Doc- Preview/Add Document Button' is clicked on

2018-12-07 15:24:58 - [MESSAGE][PASSED] - Object: 'Object Repository/Final Object Repo/New Registration - Registration Module Pages/Third Screen - Upload Supporting Doc- Preview/Add Document Button' is clicked on

2018-12-07 15:24:58 - [TEST_STEP][PASSED] - delay: Delayed 30 second(s)

2018-12-07 15:25:28 - [MESSAGE][PASSED] - Delayed 30 second(s)

2018-12-07 15:25:28 - [TEST_STEP][PASSED] - click: Object: 'Object Repository/Final Object Repo/New Registration - Registration Module Pages/Third Screen - Upload Supporting Doc- Preview/Supporting Doc Please Select Drop Down' is clicked on

2018-12-07 15:25:28 - [MESSAGE][PASSED] - Object: 'Object Repository/Final Object Repo/New Registration - Registration Module Pages/Third Screen - Upload Supporting Doc- Preview/Supporting Doc Please Select Drop Down' is clicked on

2018-12-07 15:25:28 - [TEST_STEP][PASSED] - delay: Delayed 2 second(s)

2018-12-07 15:25:30 - [MESSAGE][PASSED] - Delayed 2 second(s)

2018-12-07 15:25:30 - [TEST_STEP][PASSED] - click: Object: 'Object Repository/Final Object Repo/New Registration - Registration Module Pages/Third Screen - Upload Supporting Doc- Preview/Select to Upload Form 1' is clicked on

2018-12-07 15:25:31 - [MESSAGE][PASSED] - Object: 'Object Repository/Final Object Repo/New Registration - Registration Module Pages/Third Screen - Upload Supporting Doc- Preview/Select to Upload Form 1' is clicked on

2018-12-07 15:25:31 - [TEST_STEP][PASSED] - delay: Delayed 2 second(s)

2018-12-07 15:25:33 - [MESSAGE][PASSED] - Delayed 2 second(s)

2018-12-07 15:25:33 - [TEST_STEP][PASSED] - uploadFile: File 'C:\Users\Public\Pictures\Sample Pictures\Koala.jpg' sent to object: 'Object Repository/Final Object Repo/New Registration - Registration Module Pages/Third Screen - Upload Supporting Doc- Preview/Upload File Adding'

2018-12-07 15:25:33 - [MESSAGE][PASSED] - File 'C:\Users\Public\Pictures\Sample Pictures\Koala.jpg' sent to object: 'Object Repository/Final Object Repo/New Registration - Registration Module Pages/Third Screen - Upload Supporting Doc- Preview/Upload File Adding'

2018-12-07 15:25:33 - [TEST_STEP][PASSED] - delay: Delayed 5 second(s)

2018-12-07 15:25:38 - [MESSAGE][PASSED] - Delayed 5 second(s)

2018-12-07 15:25:38 - [TEST_STEP][PASSED] - click: Object: 'Object Repository/Final Object Repo/New Registration - Registration Module Pages/Third Screen - Upload Supporting Doc- Preview/Inner Form Add Document Button' is clicked on

2018-12-07 15:25:38 - [MESSAGE][PASSED] - Object: 'Object Repository/Final Object Repo/New Registration - Registration Module Pages/Third Screen - Upload Supporting Doc- Preview/Inner Form Add Document Button' is clicked on

2018-12-07 15:25:38 - [TEST_STEP][PASSED] - delay: Delayed 3 second(s)

2018-12-07 15:25:41 - [MESSAGE][PASSED] - Delayed 3 second(s)

2018-12-07 15:25:41 - [TEST_STEP][PASSED] - click: Object: 'Object Repository/Final Object Repo/New Registration - Registration Module Pages/Third Screen - Upload Supporting Doc- Preview/Add Document Button' is clicked on

2018-12-07 15:25:42 - [MESSAGE][PASSED] - Object: 'Object Repository/Final Object Repo/New Registration - Registration Module Pages/Third Screen - Upload Supporting Doc- Preview/Add Document Button' is clicked on

2018-12-07 15:25:42 - [TEST_STEP][PASSED] - delay: Delayed 30 second(s)

2018-12-07 15:26:12 - [MESSAGE][PASSED] - Delayed 30 second(s)

2018-12-07 15:26:12 - [TEST_STEP][PASSED] - click: Object: 'Object Repository/Final Object Repo/New Registration - Registration Module Pages/Third Screen - Upload Supporting Doc- Preview/Supporting Doc Please Select Drop Down' is clicked on

2018-12-07 15:26:13 - [MESSAGE][PASSED] - Object: 'Object Repository/Final Object Repo/New Registration - Registration Module Pages/Third Screen - Upload Supporting Doc- Preview/Supporting Doc Please Select Drop Down' is clicked on

2018-12-07 15:26:13 - [TEST_STEP][PASSED] - delay: Delayed 2 second(s)

2018-12-07 15:26:15 - [MESSAGE][PASSED] - Delayed 2 second(s)

2018-12-07 15:26:15 - [TEST_STEP][PASSED] - click: Object: 'Object Repository/Final Object Repo/New Registration - Registration Module Pages/Third Screen - Upload Supporting Doc- Preview/Select to Upload Form 2' is clicked on

2018-12-07 15:26:15 - [MESSAGE][PASSED] - Object: 'Object Repository/Final Object Repo/New Registration - Registration Module Pages/Third Screen - Upload Supporting Doc- Preview/Select to Upload Form 2' is clicked on

2018-12-07 15:26:15 - [TEST_STEP][PASSED] - delay: Delayed 2 second(s)

2018-12-07 15:26:17 - [MESSAGE][PASSED] - Delayed 2 second(s)

2018-12-07 15:26:17 - [TEST_STEP][PASSED] - uploadFile: File 'C:\Users\Public\Pictures\Sample Pictures\Koala.jpg' sent to object: 'Object Repository/Final Object Repo/New Registration - Registration Module Pages/Third Screen - Upload Supporting Doc- Preview/Upload File Adding'

2018-12-07 15:26:17 - [MESSAGE][PASSED] - File 'C:\Users\Public\Pictures\Sample Pictures\Koala.jpg' sent to object: 'Object Repository/Final Object Repo/New Registration - Registration Module Pages/Third Screen - Upload Supporting Doc- Preview/Upload File Adding'

2018-12-07 15:26:17 - [TEST_STEP][PASSED] - click: Object: 'Object Repository/Final Object Repo/New Registration - Registration Module Pages/Third Screen - Upload Supporting Doc- Preview/Inner Form Add Document Button' is clicked on

2018-12-07 15:26:17 - [MESSAGE][PASSED] - Object: 'Object Repository/Final Object Repo/New Registration - Registration Module Pages/Third Screen - Upload Supporting Doc- Preview/Inner Form Add Document Button' is clicked on

2018-12-07 15:26:17 - [TEST_STEP][PASSED] - delay: Delayed 5 second(s)

2018-12-07 15:26:22 - [MESSAGE][PASSED] - Delayed 5 second(s)

2018-12-07 15:26:22 - [TEST_STEP][PASSED] - click: Object: 'Object Repository/Final Object Repo/New Registration - Registration Module Pages/Third Screen - Upload Supporting Doc- Preview/Add Document Button' is clicked on

2018-12-07 15:26:22 - [MESSAGE][PASSED] - Object: 'Object Repository/Final Object Repo/New Registration - Registration Module Pages/Third Screen - Upload Supporting Doc- Preview/Add Document Button' is clicked on

2018-12-07 15:26:22 - [TEST_STEP][PASSED] - delay: Delayed 30 second(s)

2018-12-07 15:26:52 - [MESSAGE][PASSED] - Delayed 30 second(s)

2018-12-07 15:26:52 - [TEST_STEP][PASSED] - click: Object: 'Object Repository/Final Object Repo/New Registration - Registration Module Pages/Third Screen - Upload Supporting Doc- Preview/Supporting Doc Please Select Drop Down' is clicked on

2018-12-07 15:26:53 - [MESSAGE][PASSED] - Object: 'Object Repository/Final Object Repo/New Registration - Registration Module Pages/Third Screen - Upload Supporting Doc- Preview/Supporting Doc Please Select Drop Down' is clicked on

2018-12-07 15:26:53 - [TEST_STEP][PASSED] - click: Object: 'Object Repository/Final Object Repo/New Registration - Registration Module Pages/Third Screen - Upload Supporting Doc- Preview/Select to Upload Borang SIP 1' is clicked on

2018-12-07 15:26:53 - [MESSAGE][PASSED] - Object: 'Object Repository/Final Object Repo/New Registration - Registration Module Pages/Third Screen - Upload Supporting Doc- Preview/Select to Upload Borang SIP 1' is clicked on

2018-12-07 15:26:53 - [TEST_STEP][PASSED] - delay: Delayed 2 second(s)

2018-12-07 15:26:55 - [MESSAGE][PASSED] - Delayed 2 second(s)

2018-12-07 15:26:55 - [TEST_STEP][PASSED] - uploadFile: File 'C:\Users\Public\Pictures\Sample Pictures\Koala.jpg' sent to object: 'Object Repository/Final Object Repo/New Registration - Registration Module Pages/Third Screen - Upload Supporting Doc- Preview/Upload File Adding'

2018-12-07 15:26:55 - [MESSAGE][PASSED] - File 'C:\Users\Public\Pictures\Sample Pictures\Koala.jpg' sent to object: 'Object Repository/Final Object Repo/New Registration - Registration Module Pages/Third Screen - Upload Supporting Doc- Preview/Upload File Adding'

2018-12-07 15:26:55 - [TEST_STEP][PASSED] - click: Object: 'Object Repository/Final Object Repo/New Registration - Registration Module Pages/Third Screen - Upload Supporting Doc- Preview/Inner Form Add Document Button' is clicked on

2018-12-07 15:26:55 - [MESSAGE][PASSED] - Object: 'Object Repository/Final Object Repo/New Registration - Registration Module Pages/Third Screen - Upload Supporting Doc- Preview/Inner Form Add Document Button' is clicked on

2018-12-07 15:26:55 - [TEST_STEP][PASSED] - delay: Delayed 5 second(s)

2018-12-07 15:27:00 - [MESSAGE][PASSED] - Delayed 5 second(s)

2018-12-07 15:27:00 - [TEST_STEP][PASSED] - click: Object: 'Object Repository/Final Object Repo/New Registration - Registration Module Pages/Third Screen - Upload Supporting Doc- Preview/Add Document Button' is clicked on

2018-12-07 15:27:00 - [MESSAGE][PASSED] - Object: 'Object Repository/Final Object Repo/New Registration - Registration Module Pages/Third Screen - Upload Supporting Doc- Preview/Add Document Button' is clicked on

2018-12-07 15:27:00 - [TEST_STEP][PASSED] - delay: Delayed 30 second(s)

2018-12-07 15:27:30 - [MESSAGE][PASSED] - Delayed 30 second(s)

2018-12-07 15:27:30 - [TEST_STEP][PASSED] - click: Object: 'Object Repository/Final Object Repo/New Registration - Registration Module Pages/Third Screen - Upload Supporting Doc- Preview/Supporting Doc Please Select Drop Down' is clicked on

2018-12-07 15:27:31 - [MESSAGE][PASSED] - Object: 'Object Repository/Final Object Repo/New Registration - Registration Module Pages/Third Screen - Upload Supporting Doc- Preview/Supporting Doc Please Select Drop Down' is clicked on

2018-12-07 15:27:31 - [TEST_STEP][PASSED] - delay: Delayed 3 second(s)

2018-12-07 15:27:34 - [MESSAGE][PASSED] - Delayed 3 second(s)

2018-12-07 15:27:34 - [TEST_STEP][PASSED] - click: Object: 'Object Repository/Final Object Repo/New Registration - Registration Module Pages/Third Screen - Upload Supporting Doc- Preview/Select to Upload Borang SIP 2' is clicked on

2018-12-07 15:27:34 - [MESSAGE][PASSED] - Object: 'Object Repository/Final Object Repo/New Registration - Registration Module Pages/Third Screen - Upload Supporting Doc- Preview/Select to Upload Borang SIP 2' is clicked on

2018-12-07 15:27:34 - [TEST_STEP][PASSED] - delay: Delayed 2 second(s)

2018-12-07 15:27:36 - [MESSAGE][PASSED] - Delayed 2 second(s)

2018-12-07 15:27:36 - [TEST_STEP][PASSED] - uploadFile: File 'C:\Users\Public\Pictures\Sample Pictures\Koala.jpg' sent to object: 'Object Repository/Final Object Repo/New Registration - Registration Module Pages/Third Screen - Upload Supporting Doc- Preview/Upload File Adding'

2018-12-07 15:27:36 - [MESSAGE][PASSED] - File 'C:\Users\Public\Pictures\Sample Pictures\Koala.jpg' sent to object: 'Object Repository/Final Object Repo/New Registration - Registration Module Pages/Third Screen - Upload Supporting Doc- Preview/Upload File Adding'

2018-12-07 15:27:36 - [TEST_STEP][PASSED] - delay: Delayed 5 second(s)

2018-12-07 15:27:41 - [MESSAGE][PASSED] - Delayed 5 second(s)

2018-12-07 15:27:41 - [TEST_STEP][PASSED] - click: Object: 'Object Repository/Final Object Repo/New Registration - Registration Module Pages/Third Screen - Upload Supporting Doc- Preview/Inner Form Add Document Button' is clicked on

2018-12-07 15:27:41 - [MESSAGE][PASSED] - Object: 'Object Repository/Final Object Repo/New Registration - Registration Module Pages/Third Screen - Upload Supporting Doc- Preview/Inner Form Add Document Button' is clicked on

2018-12-07 15:27:41 - [TEST_STEP][PASSED] - delay: Delayed 3 second(s)

2018-12-07 15:27:44 - [MESSAGE][PASSED] - Delayed 3 second(s)

2018-12-07 15:27:44 - [TEST_STEP][PASSED] - waitForElementClickable: Object 'Object Repository/Final Object Repo/New Registration - Registration Module Pages/Third Screen - Upload Supporting Doc- Preview/Save n Continue in Uploading Supporting Doc Page' is clickable

2018-12-07 15:27:46 - [MESSAGE][PASSED] - Object 'Object Repository/Final Object Repo/New Registration - Registration Module Pages/Third Screen - Upload Supporting Doc- Preview/Save n Continue in Uploading Supporting Doc Page' is clickable

2018-12-07 15:27:46 - [TEST_STEP][PASSED] - click: Object: 'Object Repository/Final Object Repo/New Registration - Registration Module Pages/Third Screen - Upload Supporting Doc- Preview/Save n Continue in Uploading Supporting Doc Page' is clicked on

2018-12-07 15:27:46 - [MESSAGE][PASSED] - Object: 'Object Repository/Final Object Repo/New Registration - Registration Module Pages/Third Screen - Upload Supporting Doc- Preview/Save n Continue in Uploading Supporting Doc Page' is clicked on

2018-12-07 15:27:46 - [MESSAGE][PASSED] - Call Test Case 'Test Cases/Final Aug 2018 - PKS Automation/Registration Module/New Registration/Flow of New Registration/Third Screen - Upload Supporting Doc - Preview' successfully

2018-12-07 15:27:46 - [TEST_STEP][PASSED] - setText: Text 'Tester' is set on object 'Object Repository/Final Object Repo/New Registration - Registration Module Pages/New Reg - OTC to RO/Special Case - All Related Objects/Employer Preview Name'

2018-12-07 15:27:51 - [MESSAGE][PASSED] - Text 'Tester' is set on object 'Object Repository/Final Object Repo/New Registration - Registration Module Pages/New Reg - OTC to RO/Special Case - All Related Objects/Employer Preview Name'

2018-12-07 15:27:51 - [TEST_STEP][PASSED] - click: Object: 'Object Repository/Final Object Repo/New Registration - Registration Module Pages/New Reg - OTC to RO/Special Case - All Related Objects/IC Type Drop Down' is clicked on

2018-12-07 15:27:51 - [MESSAGE][PASSED] - Object: 'Object Repository/Final Object Repo/New Registration - Registration Module Pages/New Reg - OTC to RO/Special Case - All Related Objects/IC Type Drop Down' is clicked on

2018-12-07 15:27:51 - [TEST_STEP][PASSED] - click: Object: 'Object Repository/Final Object Repo/New Registration - Registration Module Pages/New Reg - OTC to RO/Special Case - All Related Objects/Select to NRIC' is clicked on

2018-12-07 15:27:51 - [MESSAGE][PASSED] - Object: 'Object Repository/Final Object Repo/New Registration - Registration Module Pages/New Reg - OTC to RO/Special Case - All Related Objects/Select to NRIC' is clicked on

2018-12-07 15:27:51 - [TEST_STEP][PASSED] - setText: Text '133245561223' is set on object 'Object Repository/Final Object Repo/New Registration - Registration Module Pages/New Reg - OTC to RO/Special Case - All Related Objects/IC Value'

2018-12-07 15:27:52 - [MESSAGE][PASSED] - Text '133245561223' is set on object 'Object Repository/Final Object Repo/New Registration - Registration Module Pages/New Reg - OTC to RO/Special Case - All Related Objects/IC Value'

2018-12-07 15:27:52 - [TEST_STEP][PASSED] - setText: Text 'Auto' is set on object 'Object Repository/Final Object Repo/New Registration - Registration Module Pages/New Reg - OTC to RO/Special Case - All Related Objects/Designation'

2018-12-07 15:27:52 - [MESSAGE][PASSED] - Text 'Auto' is set on object 'Object Repository/Final Object Repo/New Registration - Registration Module Pages/New Reg - OTC to RO/Special Case - All Related Objects/Designation'

2018-12-07 15:27:52 - [TEST_STEP][PASSED] - callTestCase: Call Test Case 'Test Cases/Final Aug 2018 - PKS Automation/Registration Module/New Registration/Submit and Screenshot/Submit Registration and Screenshot - Copy' successfully

2018-12-07 15:27:52 - [TEST_CASE][PASSED] - Test Cases/Final Aug 2018 - PKS Automation/Registration Module/New Registration/Submit and Screenshot/Submit Registration and Screenshot - Copy: Test Cases/Final Aug 2018 - PKS Automation/Registration Module/New Registration/Submit and Screenshot/Submit Registration and Screenshot - Copy

2018-12-07 15:27:52 - [TEST_STEP][PASSED] - delay: Delayed 6 second(s)

2018-12-07 15:27:58 - [MESSAGE][PASSED] - Delayed 6 second(s)

2018-12-07 15:27:58 - [TEST_STEP][PASSED] - click: Object: 'Object Repository/Final Object Repo/New Registration - Registration Module Pages/Third Screen - Upload Supporting Doc- Preview/Preview Submit Button' is clicked on

2018-12-07 15:27:59 - [MESSAGE][PASSED] - Object: 'Object Repository/Final Object Repo/New Registration - Registration Module Pages/Third Screen - Upload Supporting Doc- Preview/Preview Submit Button' is clicked on

2018-12-07 15:27:59 - [TEST_STEP][PASSED] - delay: Delayed 2 second(s)

2018-12-07 15:28:01 - [MESSAGE][PASSED] - Delayed 2 second(s)

2018-12-07 15:28:01 - [TEST_STEP][PASSED] - click: Object: 'Object Repository/Final Object Repo/New Registration - Registration Module Pages/Third Screen - Upload Supporting Doc- Preview/Preview Submit - Confirm' is clicked on

2018-12-07 15:28:01 - [MESSAGE][PASSED] - Object: 'Object Repository/Final Object Repo/New Registration - Registration Module Pages/Third Screen - Upload Supporting Doc- Preview/Preview Submit - Confirm' is clicked on

2018-12-07 15:28:01 - [TEST_STEP][PASSED] - delay: Delayed 15 second(s)

2018-12-07 15:28:16 - [MESSAGE][PASSED] - Delayed 15 second(s)

2018-12-07 15:28:16 - [TEST_STEP][PASSED] - Statement - driver = com.kms.katalon.core.webui.driver.DriverFactory.getWebDriver(): null

2018-12-07 15:28:16 - [TEST_STEP][PASSED] - Statement - driver.manage().timeouts().implicitlyWait(10, SECONDS): null

2018-12-07 15:28:16 - [TEST_STEP][PASSED] - Statement - PresavePath = KatalonScreenshots: null

2018-12-07 15:28:16 - [TEST_STEP][PASSED] - Statement - pathPrefix = "C:\Users\Public\Pictures\Sample Pictures\Katalon Screenshots\Automate Ending Screen": null

2018-12-07 15:28:16 - [TEST_STEP][PASSED] - Statement - finalPath = <not implemented yet for class: org.codehaus.groovy.ast.expr.EmptyExpression>: null

2018-12-07 15:28:16 - [TEST_STEP][PASSED] - Statement - scrFile = driver.getScreenshotAs(FILE): null

2018-12-07 15:28:16 - [TEST_STEP][PASSED] - Statement - PreSaveFile = new java.io.File(PresavePath): null

2018-12-07 15:28:16 - [TEST_STEP][PASSED] - Statement - counter = 0: null

2018-12-07 15:28:16 - [TEST_STEP][PASSED] - Statement - If (PreSaveFile.exists()): null

2018-12-07 15:28:16 - [TEST_STEP][PASSED] - Statement - While (PreSaveFile.exists()): null

2018-12-07 15:28:16 - [TEST_STEP][PASSED] - Statement - counter = counter + 1: null

2018-12-07 15:28:16 - [TEST_STEP][PASSED] - Statement - PreSaveFile = new java.io.File(((pathPrefix + java.lang.Integer.toString(counter)) + .png)): null

2018-12-07 15:28:16 - [TEST_STEP][PASSED] - Statement - counter = counter + 1: null

2018-12-07 15:28:16 - [TEST_STEP][PASSED] - Statement - PreSaveFile = new java.io.File(((pathPrefix + java.lang.Integer.toString(counter)) + .png)): null

2018-12-07 15:28:16 - [TEST_STEP][PASSED] - Statement - counter = counter + 1: null

2018-12-07 15:28:16 - [TEST_STEP][PASSED] - Statement - PreSaveFile = new java.io.File(((pathPrefix + java.lang.Integer.toString(counter)) + .png)): null

2018-12-07 15:28:16 - [TEST_STEP][PASSED] - Statement - counter = counter + 1: null

2018-12-07 15:28:16 - [TEST_STEP][PASSED] - Statement - PreSaveFile = new java.io.File(((pathPrefix + java.lang.Integer.toString(counter)) + .png)): null

2018-12-07 15:28:16 - [TEST_STEP][PASSED] - Statement - counter = counter + 1: null

2018-12-07 15:28:16 - [TEST_STEP][PASSED] - Statement - PreSaveFile = new java.io.File(((pathPrefix + java.lang.Integer.toString(counter)) + .png)): null

2018-12-07 15:28:16 - [TEST_STEP][PASSED] - Statement - counter = counter + 1: null

2018-12-07 15:28:16 - [TEST_STEP][PASSED] - Statement - PreSaveFile = new java.io.File(((pathPrefix + java.lang.Integer.toString(counter)) + .png)): null

2018-12-07 15:28:16 - [TEST_STEP][PASSED] - Statement - counter = counter + 1: null

2018-12-07 15:28:16 - [TEST_STEP][PASSED] - Statement - PreSaveFile = new java.io.File(((pathPrefix + java.lang.Integer.toString(counter)) + .png)): null

2018-12-07 15:28:16 - [TEST_STEP][PASSED] - Statement - counter = counter + 1: null

2018-12-07 15:28:16 - [TEST_STEP][PASSED] - Statement - PreSaveFile = new java.io.File(((pathPrefix + java.lang.Integer.toString(counter)) + .png)): null

2018-12-07 15:28:16 - [TEST_STEP][PASSED] - Statement - counter = counter + 1: null

2018-12-07 15:28:16 - [TEST_STEP][PASSED] - Statement - PreSaveFile = new java.io.File(((pathPrefix + java.lang.Integer.toString(counter)) + .png)): null

2018-12-07 15:28:16 - [TEST_STEP][PASSED] - Statement - counter = counter + 1: null

2018-12-07 15:28:16 - [TEST_STEP][PASSED] - Statement - PreSaveFile = new java.io.File(((pathPrefix + java.lang.Integer.toString(counter)) + .png)): null

2018-12-07 15:28:16 - [TEST_STEP][PASSED] - Statement - counter = counter + 1: null

2018-12-07 15:28:16 - [TEST_STEP][PASSED] - Statement - PreSaveFile = new java.io.File(((pathPrefix + java.lang.Integer.toString(counter)) + .png)): null

2018-12-07 15:28:16 - [TEST_STEP][PASSED] - Statement - counter = counter + 1: null

2018-12-07 15:28:16 - [TEST_STEP][PASSED] - Statement - PreSaveFile = new java.io.File(((pathPrefix + java.lang.Integer.toString(counter)) + .png)): null

2018-12-07 15:28:16 - [TEST_STEP][PASSED] - Statement - counter = counter + 1: null

2018-12-07 15:28:16 - [TEST_STEP][PASSED] - Statement - PreSaveFile = new java.io.File(((pathPrefix + java.lang.Integer.toString(counter)) + .png)): null

2018-12-07 15:28:16 - [TEST_STEP][PASSED] - Statement - counter = counter + 1: null

2018-12-07 15:28:16 - [TEST_STEP][PASSED] - Statement - PreSaveFile = new java.io.File(((pathPrefix + java.lang.Integer.toString(counter)) + .png)): null

2018-12-07 15:28:16 - [TEST_STEP][PASSED] - Statement - counter = counter + 1: null

2018-12-07 15:28:16 - [TEST_STEP][PASSED] - Statement - PreSaveFile = new java.io.File(((pathPrefix + java.lang.Integer.toString(counter)) + .png)): null

2018-12-07 15:28:16 - [TEST_STEP][PASSED] - Statement - counter = counter + 1: null

2018-12-07 15:28:16 - [TEST_STEP][PASSED] - Statement - PreSaveFile = new java.io.File(((pathPrefix + java.lang.Integer.toString(counter)) + .png)): null

2018-12-07 15:28:16 - [TEST_STEP][PASSED] - Statement - counter = counter + 1: null

2018-12-07 15:28:17 - [TEST_STEP][PASSED] - Statement - PreSaveFile = new java.io.File(((pathPrefix + java.lang.Integer.toString(counter)) + .png)): null

2018-12-07 15:28:17 - [TEST_STEP][PASSED] - Statement - counter = counter + 1: null

2018-12-07 15:28:17 - [TEST_STEP][PASSED] - Statement - PreSaveFile = new java.io.File(((pathPrefix + java.lang.Integer.toString(counter)) + .png)): null

2018-12-07 15:28:17 - [TEST_STEP][PASSED] - Statement - counter = counter + 1: null

2018-12-07 15:28:17 - [TEST_STEP][PASSED] - Statement - PreSaveFile = new java.io.File(((pathPrefix + java.lang.Integer.toString(counter)) + .png)): null

2018-12-07 15:28:17 - [TEST_STEP][PASSED] - Statement - counter = counter + 1: null

2018-12-07 15:28:17 - [TEST_STEP][PASSED] - Statement - PreSaveFile = new java.io.File(((pathPrefix + java.lang.Integer.toString(counter)) + .png)): null

2018-12-07 15:28:17 - [TEST_STEP][PASSED] - Statement - counter = counter + 1: null

2018-12-07 15:28:17 - [TEST_STEP][PASSED] - Statement - PreSaveFile = new java.io.File(((pathPrefix + java.lang.Integer.toString(counter)) + .png)): null

2018-12-07 15:28:17 - [TEST_STEP][PASSED] - Statement - counter = counter + 1: null

2018-12-07 15:28:17 - [TEST_STEP][PASSED] - Statement - PreSaveFile = new java.io.File(((pathPrefix + java.lang.Integer.toString(counter)) + .png)): null

2018-12-07 15:28:17 - [TEST_STEP][PASSED] - Statement - counter = counter + 1: null

2018-12-07 15:28:17 - [TEST_STEP][PASSED] - Statement - PreSaveFile = new java.io.File(((pathPrefix + java.lang.Integer.toString(counter)) + .png)): null

2018-12-07 15:28:17 - [TEST_STEP][PASSED] - Statement - counter = counter + 1: null

2018-12-07 15:28:17 - [TEST_STEP][PASSED] - Statement - PreSaveFile = new java.io.File(((pathPrefix + java.lang.Integer.toString(counter)) + .png)): null

2018-12-07 15:28:17 - [TEST_STEP][PASSED] - Statement - counter = counter + 1: null

2018-12-07 15:28:17 - [TEST_STEP][PASSED] - Statement - PreSaveFile = new java.io.File(((pathPrefix + java.lang.Integer.toString(counter)) + .png)): null

2018-12-07 15:28:17 - [TEST_STEP][PASSED] - Statement - counter = counter + 1: null

2018-12-07 15:28:17 - [TEST_STEP][PASSED] - Statement - PreSaveFile = new java.io.File(((pathPrefix + java.lang.Integer.toString(counter)) + .png)): null

2018-12-07 15:28:17 - [TEST_STEP][PASSED] - Statement - counter = counter + 1: null

2018-12-07 15:28:17 - [TEST_STEP][PASSED] - Statement - PreSaveFile = new java.io.File(((pathPrefix + java.lang.Integer.toString(counter)) + .png)): null

2018-12-07 15:28:17 - [TEST_STEP][PASSED] - Statement - counter = counter + 1: null

2018-12-07 15:28:17 - [TEST_STEP][PASSED] - Statement - PreSaveFile = new java.io.File(((pathPrefix + java.lang.Integer.toString(counter)) + .png)): null

2018-12-07 15:28:18 - [TEST_STEP][PASSED] - Statement - counter = counter + 1: null

2018-12-07 15:28:18 - [TEST_STEP][PASSED] - Statement - PreSaveFile = new java.io.File(((pathPrefix + java.lang.Integer.toString(counter)) + .png)): null

2018-12-07 15:28:18 - [TEST_STEP][PASSED] - Statement - counter = counter + 1: null

2018-12-07 15:28:18 - [TEST_STEP][PASSED] - Statement - PreSaveFile = new java.io.File(((pathPrefix + java.lang.Integer.toString(counter)) + .png)): null

2018-12-07 15:28:18 - [TEST_STEP][PASSED] - Statement - counter = counter + 1: null

2018-12-07 15:28:18 - [TEST_STEP][PASSED] - Statement - PreSaveFile = new java.io.File(((pathPrefix + java.lang.Integer.toString(counter)) + .png)): null

2018-12-07 15:28:18 - [TEST_STEP][PASSED] - Statement - counter = counter + 1: null

2018-12-07 15:28:18 - [TEST_STEP][PASSED] - Statement - PreSaveFile = new java.io.File(((pathPrefix + java.lang.Integer.toString(counter)) + .png)): null

2018-12-07 15:28:18 - [TEST_STEP][PASSED] - Statement - counter = counter + 1: null

2018-12-07 15:28:18 - [TEST_STEP][PASSED] - Statement - PreSaveFile = new java.io.File(((pathPrefix + java.lang.Integer.toString(counter)) + .png)): null

2018-12-07 15:28:18 - [TEST_STEP][PASSED] - Statement - counter = counter + 1: null

2018-12-07 15:28:18 - [TEST_STEP][PASSED] - Statement - PreSaveFile = new java.io.File(((pathPrefix + java.lang.Integer.toString(counter)) + .png)): null

2018-12-07 15:28:18 - [TEST_STEP][PASSED] - Statement - counter = counter + 1: null

2018-12-07 15:28:18 - [TEST_STEP][PASSED] - Statement - PreSaveFile = new java.io.File(((pathPrefix + java.lang.Integer.toString(counter)) + .png)): null

2018-12-07 15:28:18 - [TEST_STEP][PASSED] - Statement - counter = counter + 1: null

2018-12-07 15:28:18 - [TEST_STEP][PASSED] - Statement - PreSaveFile = new java.io.File(((pathPrefix + java.lang.Integer.toString(counter)) + .png)): null

2018-12-07 15:28:18 - [TEST_STEP][PASSED] - Statement - counter = counter + 1: null

2018-12-07 15:28:18 - [TEST_STEP][PASSED] - Statement - PreSaveFile = new java.io.File(((pathPrefix + java.lang.Integer.toString(counter)) + .png)): null

2018-12-07 15:28:18 - [TEST_STEP][PASSED] - Statement - counter = counter + 1: null

2018-12-07 15:28:18 - [TEST_STEP][PASSED] - Statement - PreSaveFile = new java.io.File(((pathPrefix + java.lang.Integer.toString(counter)) + .png)): null

2018-12-07 15:28:18 - [TEST_STEP][PASSED] - Statement - counter = counter + 1: null

2018-12-07 15:28:18 - [TEST_STEP][PASSED] - Statement - PreSaveFile = new java.io.File(((pathPrefix + java.lang.Integer.toString(counter)) + .png)): null

2018-12-07 15:28:18 - [TEST_STEP][PASSED] - Statement - counter = counter + 1: null

2018-12-07 15:28:18 - [TEST_STEP][PASSED] - Statement - PreSaveFile = new java.io.File(((pathPrefix + java.lang.Integer.toString(counter)) + .png)): null

2018-12-07 15:28:18 - [TEST_STEP][PASSED] - Statement - counter = counter + 1: null

2018-12-07 15:28:18 - [TEST_STEP][PASSED] - Statement - PreSaveFile = new java.io.File(((pathPrefix + java.lang.Integer.toString(counter)) + .png)): null

2018-12-07 15:28:18 - [TEST_STEP][PASSED] - Statement - counter = counter + 1: null

2018-12-07 15:28:18 - [TEST_STEP][PASSED] - Statement - PreSaveFile = new java.io.File(((pathPrefix + java.lang.Integer.toString(counter)) + .png)): null

2018-12-07 15:28:18 - [TEST_STEP][PASSED] - Statement - counter = counter + 1: null

2018-12-07 15:28:18 - [TEST_STEP][PASSED] - Statement - PreSaveFile = new java.io.File(((pathPrefix + java.lang.Integer.toString(counter)) + .png)): null

2018-12-07 15:28:18 - [TEST_STEP][PASSED] - Statement - counter = counter + 1: null

2018-12-07 15:28:18 - [TEST_STEP][PASSED] - Statement - PreSaveFile = new java.io.File(((pathPrefix + java.lang.Integer.toString(counter)) + .png)): null

2018-12-07 15:28:18 - [TEST_STEP][PASSED] - Statement - counter = counter + 1: null

2018-12-07 15:28:18 - [TEST_STEP][PASSED] - Statement - PreSaveFile = new java.io.File(((pathPrefix + java.lang.Integer.toString(counter)) + .png)): null

2018-12-07 15:28:18 - [TEST_STEP][PASSED] - Statement - counter = counter + 1: null

2018-12-07 15:28:18 - [TEST_STEP][PASSED] - Statement - PreSaveFile = new java.io.File(((pathPrefix + java.lang.Integer.toString(counter)) + .png)): null

2018-12-07 15:28:18 - [TEST_STEP][PASSED] - Statement - counter = counter + 1: null

2018-12-07 15:28:18 - [TEST_STEP][PASSED] - Statement - PreSaveFile = new java.io.File(((pathPrefix + java.lang.Integer.toString(counter)) + .png)): null

2018-12-07 15:28:19 - [TEST_STEP][PASSED] - Statement - counter = counter + 1: null

2018-12-07 15:28:19 - [TEST_STEP][PASSED] - Statement - PreSaveFile = new java.io.File(((pathPrefix + java.lang.Integer.toString(counter)) + .png)): null

2018-12-07 15:28:19 - [TEST_STEP][PASSED] - Statement - counter = counter + 1: null

2018-12-07 15:28:19 - [TEST_STEP][PASSED] - Statement - PreSaveFile = new java.io.File(((pathPrefix + java.lang.Integer.toString(counter)) + .png)): null

2018-12-07 15:28:19 - [TEST_STEP][PASSED] - Statement - counter = counter + 1: null

2018-12-07 15:28:19 - [TEST_STEP][PASSED] - Statement - PreSaveFile = new java.io.File(((pathPrefix + java.lang.Integer.toString(counter)) + .png)): null

2018-12-07 15:28:19 - [TEST_STEP][PASSED] - Statement - counter = counter + 1: null

2018-12-07 15:28:19 - [TEST_STEP][PASSED] - Statement - PreSaveFile = new java.io.File(((pathPrefix + java.lang.Integer.toString(counter)) + .png)): null

2018-12-07 15:28:19 - [TEST_STEP][PASSED] - Statement - counter = counter + 1: null

2018-12-07 15:28:19 - [TEST_STEP][PASSED] - Statement - PreSaveFile = new java.io.File(((pathPrefix + java.lang.Integer.toString(counter)) + .png)): null

2018-12-07 15:28:19 - [TEST_STEP][PASSED] - Statement - counter = counter + 1: null

2018-12-07 15:28:19 - [TEST_STEP][PASSED] - Statement - PreSaveFile = new java.io.File(((pathPrefix + java.lang.Integer.toString(counter)) + .png)): null

2018-12-07 15:28:19 - [TEST_STEP][PASSED] - Statement - counter = counter + 1: null

2018-12-07 15:28:19 - [TEST_STEP][PASSED] - Statement - PreSaveFile = new java.io.File(((pathPrefix + java.lang.Integer.toString(counter)) + .png)): null

2018-12-07 15:28:19 - [TEST_STEP][PASSED] - Statement - counter = counter + 1: null

2018-12-07 15:28:19 - [TEST_STEP][PASSED] - Statement - PreSaveFile = new java.io.File(((pathPrefix + java.lang.Integer.toString(counter)) + .png)): null

2018-12-07 15:28:19 - [TEST_STEP][PASSED] - Statement - counter = counter + 1: null

2018-12-07 15:28:19 - [TEST_STEP][PASSED] - Statement - PreSaveFile = new java.io.File(((pathPrefix + java.lang.Integer.toString(counter)) + .png)): null

2018-12-07 15:28:19 - [TEST_STEP][PASSED] - Statement - counter = counter + 1: null

2018-12-07 15:28:19 - [TEST_STEP][PASSED] - Statement - PreSaveFile = new java.io.File(((pathPrefix + java.lang.Integer.toString(counter)) + .png)): null

2018-12-07 15:28:19 - [TEST_STEP][PASSED] - Statement - counter = counter + 1: null

2018-12-07 15:28:19 - [TEST_STEP][PASSED] - Statement - PreSaveFile = new java.io.File(((pathPrefix + java.lang.Integer.toString(counter)) + .png)): null

2018-12-07 15:28:19 - [TEST_STEP][PASSED] - Statement - counter = counter + 1: null

2018-12-07 15:28:19 - [TEST_STEP][PASSED] - Statement - PreSaveFile = new java.io.File(((pathPrefix + java.lang.Integer.toString(counter)) + .png)): null

2018-12-07 15:28:19 - [TEST_STEP][PASSED] - Statement - counter = counter + 1: null

2018-12-07 15:28:19 - [TEST_STEP][PASSED] - Statement - PreSaveFile = new java.io.File(((pathPrefix + java.lang.Integer.toString(counter)) + .png)): null

2018-12-07 15:28:19 - [TEST_STEP][PASSED] - Statement - counter = counter + 1: null

2018-12-07 15:28:19 - [TEST_STEP][PASSED] - Statement - PreSaveFile = new java.io.File(((pathPrefix + java.lang.Integer.toString(counter)) + .png)): null

2018-12-07 15:28:20 - [TEST_STEP][PASSED] - Statement - counter = counter + 1: null

2018-12-07 15:28:20 - [TEST_STEP][PASSED] - Statement - PreSaveFile = new java.io.File(((pathPrefix + java.lang.Integer.toString(counter)) + .png)): null

2018-12-07 15:28:20 - [TEST_STEP][PASSED] - Statement - counter = counter + 1: null

2018-12-07 15:28:20 - [TEST_STEP][PASSED] - Statement - PreSaveFile = new java.io.File(((pathPrefix + java.lang.Integer.toString(counter)) + .png)): null

2018-12-07 15:28:20 - [TEST_STEP][PASSED] - Statement - counter = counter + 1: null

2018-12-07 15:28:20 - [TEST_STEP][PASSED] - Statement - PreSaveFile = new java.io.File(((pathPrefix + java.lang.Integer.toString(counter)) + .png)): null

2018-12-07 15:28:20 - [TEST_STEP][PASSED] - Statement - counter = counter + 1: null

2018-12-07 15:28:20 - [TEST_STEP][PASSED] - Statement - PreSaveFile = new java.io.File(((pathPrefix + java.lang.Integer.toString(counter)) + .png)): null

2018-12-07 15:28:20 - [TEST_STEP][PASSED] - Statement - counter = counter + 1: null

2018-12-07 15:28:20 - [TEST_STEP][PASSED] - Statement - PreSaveFile = new java.io.File(((pathPrefix + java.lang.Integer.toString(counter)) + .png)): null

2018-12-07 15:28:20 - [TEST_STEP][PASSED] - Statement - counter = counter + 1: null

2018-12-07 15:28:20 - [TEST_STEP][PASSED] - Statement - PreSaveFile = new java.io.File(((pathPrefix + java.lang.Integer.toString(counter)) + .png)): null

2018-12-07 15:28:20 - [TEST_STEP][PASSED] - Statement - counter = counter + 1: null

2018-12-07 15:28:20 - [TEST_STEP][PASSED] - Statement - PreSaveFile = new java.io.File(((pathPrefix + java.lang.Integer.toString(counter)) + .png)): null

2018-12-07 15:28:20 - [TEST_STEP][PASSED] - Statement - counter = counter + 1: null

2018-12-07 15:28:20 - [TEST_STEP][PASSED] - Statement - PreSaveFile = new java.io.File(((pathPrefix + java.lang.Integer.toString(counter)) + .png)): null

2018-12-07 15:28:20 - [TEST_STEP][PASSED] - Statement - counter = counter + 1: null

2018-12-07 15:28:20 - [TEST_STEP][PASSED] - Statement - PreSaveFile = new java.io.File(((pathPrefix + java.lang.Integer.toString(counter)) + .png)): null

2018-12-07 15:28:20 - [TEST_STEP][PASSED] - Statement - counter = counter + 1: null

2018-12-07 15:28:20 - [TEST_STEP][PASSED] - Statement - PreSaveFile = new java.io.File(((pathPrefix + java.lang.Integer.toString(counter)) + .png)): null

2018-12-07 15:28:20 - [TEST_STEP][PASSED] - Statement - counter = counter + 1: null

2018-12-07 15:28:20 - [TEST_STEP][PASSED] - Statement - PreSaveFile = new java.io.File(((pathPrefix + java.lang.Integer.toString(counter)) + .png)): null

2018-12-07 15:28:20 - [TEST_STEP][PASSED] - Statement - counter = counter + 1: null

2018-12-07 15:28:20 - [TEST_STEP][PASSED] - Statement - PreSaveFile = new java.io.File(((pathPrefix + java.lang.Integer.toString(counter)) + .png)): null

2018-12-07 15:28:20 - [TEST_STEP][PASSED] - Statement - counter = counter + 1: null

2018-12-07 15:28:20 - [TEST_STEP][PASSED] - Statement - PreSaveFile = new java.io.File(((pathPrefix + java.lang.Integer.toString(counter)) + .png)): null

2018-12-07 15:28:20 - [TEST_STEP][PASSED] - Statement - counter = counter + 1: null

2018-12-07 15:28:20 - [TEST_STEP][PASSED] - Statement - PreSaveFile = new java.io.File(((pathPrefix + java.lang.Integer.toString(counter)) + .png)): null

2018-12-07 15:28:20 - [TEST_STEP][PASSED] - Statement - counter = counter + 1: null

2018-12-07 15:28:21 - [TEST_STEP][PASSED] - Statement - PreSaveFile = new java.io.File(((pathPrefix + java.lang.Integer.toString(counter)) + .png)): null

2018-12-07 15:28:21 - [TEST_STEP][PASSED] - Statement - counter = counter + 1: null

2018-12-07 15:28:21 - [TEST_STEP][PASSED] - Statement - PreSaveFile = new java.io.File(((pathPrefix + java.lang.Integer.toString(counter)) + .png)): null

2018-12-07 15:28:21 - [TEST_STEP][PASSED] - Statement - counter = counter + 1: null

2018-12-07 15:28:21 - [TEST_STEP][PASSED] - Statement - PreSaveFile = new java.io.File(((pathPrefix + java.lang.Integer.toString(counter)) + .png)): null

2018-12-07 15:28:21 - [TEST_STEP][PASSED] - Statement - counter = counter + 1: null

2018-12-07 15:28:21 - [TEST_STEP][PASSED] - Statement - PreSaveFile = new java.io.File(((pathPrefix + java.lang.Integer.toString(counter)) + .png)): null

2018-12-07 15:28:21 - [TEST_STEP][PASSED] - Statement - counter = counter + 1: null

2018-12-07 15:28:21 - [TEST_STEP][PASSED] - Statement - PreSaveFile = new java.io.File(((pathPrefix + java.lang.Integer.toString(counter)) + .png)): null

2018-12-07 15:28:21 - [TEST_STEP][PASSED] - Statement - counter = counter + 1: null

2018-12-07 15:28:21 - [TEST_STEP][PASSED] - Statement - PreSaveFile = new java.io.File(((pathPrefix + java.lang.Integer.toString(counter)) + .png)): null

2018-12-07 15:28:21 - [TEST_STEP][PASSED] - Statement - counter = counter + 1: null

2018-12-07 15:28:21 - [TEST_STEP][PASSED] - Statement - PreSaveFile = new java.io.File(((pathPrefix + java.lang.Integer.toString(counter)) + .png)): null

2018-12-07 15:28:21 - [TEST_STEP][PASSED] - Statement - counter = counter + 1: null

2018-12-07 15:28:21 - [TEST_STEP][PASSED] - Statement - PreSaveFile = new java.io.File(((pathPrefix + java.lang.Integer.toString(counter)) + .png)): null

2018-12-07 15:28:21 - [TEST_STEP][PASSED] - Statement - counter = counter + 1: null

2018-12-07 15:28:21 - [TEST_STEP][PASSED] - Statement - PreSaveFile = new java.io.File(((pathPrefix + java.lang.Integer.toString(counter)) + .png)): null

2018-12-07 15:28:21 - [TEST_STEP][PASSED] - Statement - counter = counter + 1: null

2018-12-07 15:28:21 - [TEST_STEP][PASSED] - Statement - PreSaveFile = new java.io.File(((pathPrefix + java.lang.Integer.toString(counter)) + .png)): null

2018-12-07 15:28:21 - [TEST_STEP][PASSED] - Statement - counter = counter + 1: null

2018-12-07 15:28:21 - [TEST_STEP][PASSED] - Statement - PreSaveFile = new java.io.File(((pathPrefix + java.lang.Integer.toString(counter)) + .png)): null

2018-12-07 15:28:21 - [TEST_STEP][PASSED] - Statement - counter = counter + 1: null

2018-12-07 15:28:21 - [TEST_STEP][PASSED] - Statement - PreSaveFile = new java.io.File(((pathPrefix + java.lang.Integer.toString(counter)) + .png)): null

2018-12-07 15:28:21 - [TEST_STEP][PASSED] - Statement - counter = counter + 1: null

2018-12-07 15:28:21 - [TEST_STEP][PASSED] - Statement - PreSaveFile = new java.io.File(((pathPrefix + java.lang.Integer.toString(counter)) + .png)): null

2018-12-07 15:28:21 - [TEST_STEP][PASSED] - Statement - counter = counter + 1: null

2018-12-07 15:28:21 - [TEST_STEP][PASSED] - Statement - PreSaveFile = new java.io.File(((pathPrefix + java.lang.Integer.toString(counter)) + .png)): null

2018-12-07 15:28:21 - [TEST_STEP][PASSED] - Statement - counter = counter + 1: null

2018-12-07 15:28:21 - [TEST_STEP][PASSED] - Statement - PreSaveFile = new java.io.File(((pathPrefix + java.lang.Integer.toString(counter)) + .png)): null

2018-12-07 15:28:22 - [TEST_STEP][PASSED] - Statement - counter = counter + 1: null

2018-12-07 15:28:22 - [TEST_STEP][PASSED] - Statement - PreSaveFile = new java.io.File(((pathPrefix + java.lang.Integer.toString(counter)) + .png)): null

2018-12-07 15:28:22 - [TEST_STEP][PASSED] - Statement - counter = counter + 1: null

2018-12-07 15:28:22 - [TEST_STEP][PASSED] - Statement - PreSaveFile = new java.io.File(((pathPrefix + java.lang.Integer.toString(counter)) + .png)): null

2018-12-07 15:28:22 - [TEST_STEP][PASSED] - Statement - counter = counter + 1: null

2018-12-07 15:28:22 - [TEST_STEP][PASSED] - Statement - PreSaveFile = new java.io.File(((pathPrefix + java.lang.Integer.toString(counter)) + .png)): null

2018-12-07 15:28:22 - [TEST_STEP][PASSED] - Statement - counter = counter + 1: null

2018-12-07 15:28:22 - [TEST_STEP][PASSED] - Statement - PreSaveFile = new java.io.File(((pathPrefix + java.lang.Integer.toString(counter)) + .png)): null

2018-12-07 15:28:22 - [TEST_STEP][PASSED] - Statement - counter = counter + 1: null

2018-12-07 15:28:22 - [TEST_STEP][PASSED] - Statement - PreSaveFile = new java.io.File(((pathPrefix + java.lang.Integer.toString(counter)) + .png)): null

2018-12-07 15:28:22 - [TEST_STEP][PASSED] - Statement - counter = counter + 1: null

2018-12-07 15:28:22 - [TEST_STEP][PASSED] - Statement - PreSaveFile = new java.io.File(((pathPrefix + java.lang.Integer.toString(counter)) + .png)): null

2018-12-07 15:28:22 - [TEST_STEP][PASSED] - Statement - counter = counter + 1: null

2018-12-07 15:28:22 - [TEST_STEP][PASSED] - Statement - PreSaveFile = new java.io.File(((pathPrefix + java.lang.Integer.toString(counter)) + .png)): null

2018-12-07 15:28:22 - [TEST_STEP][PASSED] - Statement - counter = counter + 1: null

2018-12-07 15:28:22 - [TEST_STEP][PASSED] - Statement - PreSaveFile = new java.io.File(((pathPrefix + java.lang.Integer.toString(counter)) + .png)): null

2018-12-07 15:28:22 - [TEST_STEP][PASSED] - Statement - counter = counter + 1: null

2018-12-07 15:28:22 - [TEST_STEP][PASSED] - Statement - PreSaveFile = new java.io.File(((pathPrefix + java.lang.Integer.toString(counter)) + .png)): null

2018-12-07 15:28:22 - [TEST_STEP][PASSED] - Statement - counter = counter + 1: null

2018-12-07 15:28:22 - [TEST_STEP][PASSED] - Statement - PreSaveFile = new java.io.File(((pathPrefix + java.lang.Integer.toString(counter)) + .png)): null

2018-12-07 15:28:22 - [TEST_STEP][PASSED] - Statement - counter = counter + 1: null

2018-12-07 15:28:22 - [TEST_STEP][PASSED] - Statement - PreSaveFile = new java.io.File(((pathPrefix + java.lang.Integer.toString(counter)) + .png)): null

2018-12-07 15:28:22 - [TEST_STEP][PASSED] - Statement - counter = counter + 1: null

2018-12-07 15:28:22 - [TEST_STEP][PASSED] - Statement - PreSaveFile = new java.io.File(((pathPrefix + java.lang.Integer.toString(counter)) + .png)): null

2018-12-07 15:28:22 - [TEST_STEP][PASSED] - Statement - counter = counter + 1: null

2018-12-07 15:28:22 - [TEST_STEP][PASSED] - Statement - PreSaveFile = new java.io.File(((pathPrefix + java.lang.Integer.toString(counter)) + .png)): null

2018-12-07 15:28:22 - [TEST_STEP][PASSED] - Statement - counter = counter + 1: null

2018-12-07 15:28:22 - [TEST_STEP][PASSED] - Statement - PreSaveFile = new java.io.File(((pathPrefix + java.lang.Integer.toString(counter)) + .png)): null

2018-12-07 15:28:22 - [TEST_STEP][PASSED] - Statement - counter = counter + 1: null

2018-12-07 15:28:22 - [TEST_STEP][PASSED] - Statement - PreSaveFile = new java.io.File(((pathPrefix + java.lang.Integer.toString(counter)) + .png)): null

2018-12-07 15:28:22 - [TEST_STEP][PASSED] - Statement - counter = counter + 1: null

2018-12-07 15:28:22 - [TEST_STEP][PASSED] - Statement - PreSaveFile = new java.io.File(((pathPrefix + java.lang.Integer.toString(counter)) + .png)): null

2018-12-07 15:28:22 - [TEST_STEP][PASSED] - Statement - counter = counter + 1: null

2018-12-07 15:28:22 - [TEST_STEP][PASSED] - Statement - PreSaveFile = new java.io.File(((pathPrefix + java.lang.Integer.toString(counter)) + .png)): null

2018-12-07 15:28:22 - [TEST_STEP][PASSED] - Statement - counter = counter + 1: null

2018-12-07 15:28:22 - [TEST_STEP][PASSED] - Statement - PreSaveFile = new java.io.File(((pathPrefix + java.lang.Integer.toString(counter)) + .png)): null

2018-12-07 15:28:22 - [TEST_STEP][PASSED] - Statement - counter = counter + 1: null

2018-12-07 15:28:22 - [TEST_STEP][PASSED] - Statement - PreSaveFile = new java.io.File(((pathPrefix + java.lang.Integer.toString(counter)) + .png)): null

2018-12-07 15:28:23 - [TEST_STEP][PASSED] - Statement - counter = counter + 1: null

2018-12-07 15:28:23 - [TEST_STEP][PASSED] - Statement - PreSaveFile = new java.io.File(((pathPrefix + java.lang.Integer.toString(counter)) + .png)): null

2018-12-07 15:28:23 - [TEST_STEP][PASSED] - Statement - counter = counter + 1: null

2018-12-07 15:28:23 - [TEST_STEP][PASSED] - Statement - PreSaveFile = new java.io.File(((pathPrefix + java.lang.Integer.toString(counter)) + .png)): null

2018-12-07 15:28:23 - [TEST_STEP][PASSED] - Statement - counter = counter + 1: null

2018-12-07 15:28:23 - [TEST_STEP][PASSED] - Statement - PreSaveFile = new java.io.File(((pathPrefix + java.lang.Integer.toString(counter)) + .png)): null

2018-12-07 15:28:23 - [TEST_STEP][PASSED] - Statement - counter = counter + 1: null

2018-12-07 15:28:23 - [TEST_STEP][PASSED] - Statement - PreSaveFile = new java.io.File(((pathPrefix + java.lang.Integer.toString(counter)) + .png)): null

2018-12-07 15:28:23 - [TEST_STEP][PASSED] - Statement - counter = counter + 1: null

2018-12-07 15:28:23 - [TEST_STEP][PASSED] - Statement - PreSaveFile = new java.io.File(((pathPrefix + java.lang.Integer.toString(counter)) + .png)): null

2018-12-07 15:28:23 - [TEST_STEP][PASSED] - Statement - counter = counter + 1: null

2018-12-07 15:28:23 - [TEST_STEP][PASSED] - Statement - PreSaveFile = new java.io.File(((pathPrefix + java.lang.Integer.toString(counter)) + .png)): null

2018-12-07 15:28:23 - [TEST_STEP][PASSED] - Statement - counter = counter + 1: null

2018-12-07 15:28:23 - [TEST_STEP][PASSED] - Statement - PreSaveFile = new java.io.File(((pathPrefix + java.lang.Integer.toString(counter)) + .png)): null

2018-12-07 15:28:23 - [TEST_STEP][PASSED] - Statement - counter = counter + 1: null

2018-12-07 15:28:23 - [TEST_STEP][PASSED] - Statement - PreSaveFile = new java.io.File(((pathPrefix + java.lang.Integer.toString(counter)) + .png)): null

2018-12-07 15:28:23 - [TEST_STEP][PASSED] - Statement - counter = counter + 1: null

2018-12-07 15:28:23 - [TEST_STEP][PASSED] - Statement - PreSaveFile = new java.io.File(((pathPrefix + java.lang.Integer.toString(counter)) + .png)): null

2018-12-07 15:28:23 - [TEST_STEP][PASSED] - Statement - counter = counter + 1: null

2018-12-07 15:28:23 - [TEST_STEP][PASSED] - Statement - PreSaveFile = new java.io.File(((pathPrefix + java.lang.Integer.toString(counter)) + .png)): null

2018-12-07 15:28:24 - [TEST_STEP][PASSED] - Statement - counter = counter + 1: null

2018-12-07 15:28:24 - [TEST_STEP][PASSED] - Statement - PreSaveFile = new java.io.File(((pathPrefix + java.lang.Integer.toString(counter)) + .png)): null

2018-12-07 15:28:24 - [TEST_STEP][PASSED] - Statement - counter = counter + 1: null

2018-12-07 15:28:24 - [TEST_STEP][PASSED] - Statement - PreSaveFile = new java.io.File(((pathPrefix + java.lang.Integer.toString(counter)) + .png)): null

2018-12-07 15:28:24 - [TEST_STEP][PASSED] - Statement - counter = counter + 1: null

2018-12-07 15:28:24 - [TEST_STEP][PASSED] - Statement - PreSaveFile = new java.io.File(((pathPrefix + java.lang.Integer.toString(counter)) + .png)): null

2018-12-07 15:28:24 - [TEST_STEP][PASSED] - Statement - counter = counter + 1: null

2018-12-07 15:28:24 - [TEST_STEP][PASSED] - Statement - PreSaveFile = new java.io.File(((pathPrefix + java.lang.Integer.toString(counter)) + .png)): null

2018-12-07 15:28:24 - [TEST_STEP][PASSED] - Statement - counter = counter + 1: null

2018-12-07 15:28:24 - [TEST_STEP][PASSED] - Statement - PreSaveFile = new java.io.File(((pathPrefix + java.lang.Integer.toString(counter)) + .png)): null

2018-12-07 15:28:24 - [TEST_STEP][PASSED] - Statement - counter = counter + 1: null

2018-12-07 15:28:24 - [TEST_STEP][PASSED] - Statement - PreSaveFile = new java.io.File(((pathPrefix + java.lang.Integer.toString(counter)) + .png)): null

2018-12-07 15:28:24 - [TEST_STEP][PASSED] - Statement - counter = counter + 1: null

2018-12-07 15:28:24 - [TEST_STEP][PASSED] - Statement - PreSaveFile = new java.io.File(((pathPrefix + java.lang.Integer.toString(counter)) + .png)): null

2018-12-07 15:28:24 - [TEST_STEP][PASSED] - Statement - counter = counter + 1: null

2018-12-07 15:28:24 - [TEST_STEP][PASSED] - Statement - PreSaveFile = new java.io.File(((pathPrefix + java.lang.Integer.toString(counter)) + .png)): null

2018-12-07 15:28:24 - [TEST_STEP][PASSED] - Statement - counter = counter + 1: null

2018-12-07 15:28:24 - [TEST_STEP][PASSED] - Statement - PreSaveFile = new java.io.File(((pathPrefix + java.lang.Integer.toString(counter)) + .png)): null

2018-12-07 15:28:24 - [TEST_STEP][PASSED] - Statement - counter = counter + 1: null

2018-12-07 15:28:24 - [TEST_STEP][PASSED] - Statement - PreSaveFile = new java.io.File(((pathPrefix + java.lang.Integer.toString(counter)) + .png)): null

2018-12-07 15:28:24 - [TEST_STEP][PASSED] - Statement - counter = counter + 1: null

2018-12-07 15:28:24 - [TEST_STEP][PASSED] - Statement - PreSaveFile = new java.io.File(((pathPrefix + java.lang.Integer.toString(counter)) + .png)): null

2018-12-07 15:28:24 - [TEST_STEP][PASSED] - Statement - counter = counter + 1: null

2018-12-07 15:28:24 - [TEST_STEP][PASSED] - Statement - PreSaveFile = new java.io.File(((pathPrefix + java.lang.Integer.toString(counter)) + .png)): null

2018-12-07 15:28:24 - [TEST_STEP][PASSED] - Statement - counter = counter + 1: null

2018-12-07 15:28:24 - [TEST_STEP][PASSED] - Statement - PreSaveFile = new java.io.File(((pathPrefix + java.lang.Integer.toString(counter)) + .png)): null

2018-12-07 15:28:24 - [TEST_STEP][PASSED] - Statement - counter = counter + 1: null

2018-12-07 15:28:24 - [TEST_STEP][PASSED] - Statement - PreSaveFile = new java.io.File(((pathPrefix + java.lang.Integer.toString(counter)) + .png)): null

2018-12-07 15:28:24 - [TEST_STEP][PASSED] - Statement - counter = counter + 1: null

2018-12-07 15:28:24 - [TEST_STEP][PASSED] - Statement - PreSaveFile = new java.io.File(((pathPrefix + java.lang.Integer.toString(counter)) + .png)): null

2018-12-07 15:28:24 - [TEST_STEP][PASSED] - Statement - counter = counter + 1: null

2018-12-07 15:28:24 - [TEST_STEP][PASSED] - Statement - PreSaveFile = new java.io.File(((pathPrefix + java.lang.Integer.toString(counter)) + .png)): null

2018-12-07 15:28:24 - [TEST_STEP][PASSED] - Statement - counter = counter + 1: null

2018-12-07 15:28:24 - [TEST_STEP][PASSED] - Statement - PreSaveFile = new java.io.File(((pathPrefix + java.lang.Integer.toString(counter)) + .png)): null

2018-12-07 15:28:24 - [TEST_STEP][PASSED] - Statement - counter = counter + 1: null

2018-12-07 15:28:24 - [TEST_STEP][PASSED] - Statement - PreSaveFile = new java.io.File(((pathPrefix + java.lang.Integer.toString(counter)) + .png)): null

2018-12-07 15:28:24 - [TEST_STEP][PASSED] - Statement - counter = counter + 1: null

2018-12-07 15:28:24 - [TEST_STEP][PASSED] - Statement - PreSaveFile = new java.io.File(((pathPrefix + java.lang.Integer.toString(counter)) + .png)): null

2018-12-07 15:28:24 - [TEST_STEP][PASSED] - Statement - counter = counter + 1: null

2018-12-07 15:28:25 - [TEST_STEP][PASSED] - Statement - PreSaveFile = new java.io.File(((pathPrefix + java.lang.Integer.toString(counter)) + .png)): null

2018-12-07 15:28:25 - [TEST_STEP][PASSED] - Statement - counter = counter + 1: null

2018-12-07 15:28:25 - [TEST_STEP][PASSED] - Statement - PreSaveFile = new java.io.File(((pathPrefix + java.lang.Integer.toString(counter)) + .png)): null

2018-12-07 15:28:25 - [TEST_STEP][PASSED] - Statement - counter = counter + 1: null

2018-12-07 15:28:25 - [TEST_STEP][PASSED] - Statement - PreSaveFile = new java.io.File(((pathPrefix + java.lang.Integer.toString(counter)) + .png)): null

2018-12-07 15:28:25 - [TEST_STEP][PASSED] - Statement - counter = counter + 1: null

2018-12-07 15:28:25 - [TEST_STEP][PASSED] - Statement - PreSaveFile = new java.io.File(((pathPrefix + java.lang.Integer.toString(counter)) + .png)): null

2018-12-07 15:28:25 - [TEST_STEP][PASSED] - Statement - counter = counter + 1: null

2018-12-07 15:28:25 - [TEST_STEP][PASSED] - Statement - PreSaveFile = new java.io.File(((pathPrefix + java.lang.Integer.toString(counter)) + .png)): null

2018-12-07 15:28:25 - [TEST_STEP][PASSED] - Statement - counter = counter + 1: null

2018-12-07 15:28:25 - [TEST_STEP][PASSED] - Statement - PreSaveFile = new java.io.File(((pathPrefix + java.lang.Integer.toString(counter)) + .png)): null

2018-12-07 15:28:25 - [TEST_STEP][PASSED] - Statement - counter = counter + 1: null

2018-12-07 15:28:25 - [TEST_STEP][PASSED] - Statement - PreSaveFile = new java.io.File(((pathPrefix + java.lang.Integer.toString(counter)) + .png)): null

2018-12-07 15:28:25 - [TEST_STEP][PASSED] - Statement - counter = counter + 1: null

2018-12-07 15:28:25 - [TEST_STEP][PASSED] - Statement - PreSaveFile = new java.io.File(((pathPrefix + java.lang.Integer.toString(counter)) + .png)): null

2018-12-07 15:28:25 - [TEST_STEP][PASSED] - Statement - finalPath = pathPrefix + java.lang.Integer.toString(counter) + ".png": null

2018-12-07 15:28:25 - [TEST_STEP][PASSED] - Statement - SaveFile = new java.io.File(finalPath): null

2018-12-07 15:28:25 - [TEST_STEP][PASSED] - Statement - Try: null

2018-12-07 15:28:25 - [TEST_STEP][PASSED] - Statement - org.apache.commons.io.FileUtils.copyFile(scrFile, SaveFile): null

2018-12-07 15:28:25 - [TEST_STEP][PASSED] - Statement - out.println("file kept"): null

2018-12-07 15:28:25 - [TEST_STEP][PASSED] - delay: Delayed 10 second(s)

2018-12-07 15:28:35 - [MESSAGE][PASSED] - Delayed 10 second(s)

2018-12-07 15:28:35 - [MESSAGE][PASSED] - Call Test Case 'Test Cases/Final Aug 2018 - PKS Automation/Registration Module/New Registration/Submit and Screenshot/Submit Registration and Screenshot - Copy' successfully

2018-12-07 15:28:35 - [TEST_STEP][PASSED] - Statement - UpdateAddNewECode = com.kms.katalon.core.webui.keyword.WebUiBuiltInKeywords.getText(com.kms.katalon.core.testobject.ObjectRepository.findTestObject(Object Repository/Final Object Repo/Page_Update Add New Employee - ASSIST/getEmpCode)): Text of object 'Object Repository/Final Object Repo/Page_Update Add New Employee - ASSIST/getEmpCode' is: 'E1102070678M'

2018-12-07 15:28:35 - [MESSAGE][PASSED] - Text of object 'Object Repository/Final Object Repo/Page_Update Add New Employee - ASSIST/getEmpCode' is: 'E1102070678M'

2018-12-07 15:28:35 - [TEST_STEP][PASSED] - callTestCase: Call Test Case 'Test Cases/Final Aug 2018 - PKS Automation/Common/Emp Code Setter' successfully

2018-12-07 15:28:35 - [TEST_CASE][PASSED] - Test Cases/Final Aug 2018 - PKS Automation/Common/Emp Code Setter: Test Cases/Final Aug 2018 - PKS Automation/Common/Emp Code Setter

2018-12-07 15:28:36 - [TEST_STEP][PASSED] - Statement - EmpCodeOld = new java.io.File(C://Users//Admin//Desktop//PKS//Automation Reference Point//EmpCode.txt): null

2018-12-07 15:28:36 - [TEST_STEP][PASSED] - Statement - EmpCodeOld.delete(): null

2018-12-07 15:28:36 - [TEST_STEP][PASSED] - Statement - EmpCode = new java.io.File(C://Users//Admin//Desktop//PKS//Automation Reference Point//EmpCode.txt): null

2018-12-07 15:28:36 - [TEST_STEP][PASSED] - Statement - f2 = new java.io.FileWriter(EmpCode, false): null

2018-12-07 15:28:36 - [TEST_STEP][PASSED] - Statement - f2.write(UpdateAddNewECode): null

2018-12-07 15:28:36 - [TEST_STEP][PASSED] - Statement - f2.close(): null

2018-12-07 15:28:36 - [TEST_STEP][PASSED] - Statement - out.println("


" + UpdateAddNewECode + "


"): null

2018-12-07 15:28:36 - [MESSAGE][PASSED] - Call Test Case 'Test Cases/Final Aug 2018 - PKS Automation/Common/Emp Code Setter' successfully

2018-12-07 15:28:36 - [MESSAGE][PASSED] - Call Test Case 'Test Cases/Final Aug 2018 - PKS Automation/Registration Module/Workflow/Update Add New Employee/Template/New Company for Update Add New - Employer' successfully

2018-12-07 15:28:36 - [TEST_STEP][PASSED] - callTestCase: Call Test Case 'Test Cases/Final Aug 2018 - PKS Automation/Create Employer Acc/Login to Employer Account (Second time)' successfully

2018-12-07 15:28:36 - [TEST_CASE][PASSED] - Test Cases/Final Aug 2018 - PKS Automation/Create Employer Acc/Login to Employer Account (Second time): Test Cases/Final Aug 2018 - PKS Automation/Create Employer Acc/Login to Employer Account (Second time)

2018-12-07 15:28:36 - [TEST_STEP][PASSED] - openBrowser: Browser is opened with url: ''

2018-12-07 15:28:36 - [MESSAGE][WARNING] - A browser is already opened. Closing browser and opening a new one

2018-12-07 15:28:39 - [MESSAGE][PASSED] - Browser is opened with url: ''

2018-12-07 15:28:39 - [TEST_STEP][PASSED] - navigateToUrl: Navigate to 'https://assist2-uat.perkeso.gov.my/employer/login' successfully

2018-12-07 15:28:40 - [MESSAGE][PASSED] - Navigate to 'https://assist2-uat.perkeso.gov.my/employer/login' successfully

2018-12-07 15:28:40 - [TEST_STEP][PASSED] - delay: Delayed 3 second(s)

2018-12-07 15:28:43 - [MESSAGE][PASSED] - Delayed 3 second(s)

2018-12-07 15:28:43 - [TEST_STEP][PASSED] - callTestCase: Call Test Case 'Test Cases/Final Aug 2018 - PKS Automation/Create Employer Acc/Template/Employer Email Getter' successfully

2018-12-07 15:28:43 - [TEST_CASE][PASSED] - Test Cases/Final Aug 2018 - PKS Automation/Create Employer Acc/Template/Employer Email Getter: Test Cases/Final Aug 2018 - PKS Automation/Create Employer Acc/Template/Employer Email Getter

2018-12-07 15:28:43 - [TEST_STEP][PASSED] - Statement - Try: null

2018-12-07 15:28:43 - [TEST_STEP][PASSED] - Statement - EmpEmail = new java.io.File(C://Users//Admin//Desktop//PKS//Automation Reference Point//EmpEmail.txt): null

2018-12-07 15:28:43 - [TEST_STEP][PASSED] - Statement - bufferread = new java.io.BufferedReader(new java.io.FileReader(EmpEmail)): null

2018-12-07 15:28:43 - [TEST_STEP][PASSED] - Statement - readedVal = bufferread.readLine(): null

2018-12-07 15:28:43 - [TEST_STEP][PASSED] - Statement - out.println(readedVal): null

2018-12-07 15:28:43 - [TEST_STEP][PASSED] - Statement - Email = readedVal: null

2018-12-07 15:28:43 - [MESSAGE][PASSED] - Call Test Case 'Test Cases/Final Aug 2018 - PKS Automation/Create Employer Acc/Template/Employer Email Getter' successfully

2018-12-07 15:28:43 - [TEST_STEP][PASSED] - setText: Text 'perkeso995891272618@gmail.com' is set on object 'Object Repository/Final Object Repo/Login Page/External Login Page/Email'

2018-12-07 15:28:43 - [MESSAGE][PASSED] - Text 'perkeso995891272618@gmail.com' is set on object 'Object Repository/Final Object Repo/Login Page/External Login Page/Email'

2018-12-07 15:28:43 - [TEST_STEP][PASSED] - click: Object: 'Object Repository/Final Object Repo/Login Page/External Login Page/Next' is clicked on

2018-12-07 15:28:44 - [MESSAGE][PASSED] - Object: 'Object Repository/Final Object Repo/Login Page/External Login Page/Next' is clicked on

2018-12-07 15:28:44 - [TEST_STEP][PASSED] - delay: Delayed 3 second(s)

2018-12-07 15:28:47 - [MESSAGE][PASSED] - Delayed 3 second(s)

2018-12-07 15:28:47 - [TEST_STEP][PASSED] - setEncryptedText: Text ****** has been set on object 'Object Repository/Final Object Repo/Login Page/External Login Page/Password'

2018-12-07 15:28:47 - [MESSAGE][PASSED] - Text ****** has been set on object 'Object Repository/Final Object Repo/Login Page/External Login Page/Password'

2018-12-07 15:28:47 - [TEST_STEP][PASSED] - click: Object: 'Object Repository/Final Object Repo/Login Page/External Login Page/Login' is clicked on

2018-12-07 15:28:47 - [MESSAGE][PASSED] - Object: 'Object Repository/Final Object Repo/Login Page/External Login Page/Login' is clicked on

2018-12-07 15:28:47 - [TEST_STEP][PASSED] - delay: Delayed 5 second(s)

2018-12-07 15:28:52 - [MESSAGE][PASSED] - Delayed 5 second(s)

2018-12-07 15:28:52 - [MESSAGE][PASSED] - Call Test Case 'Test Cases/Final Aug 2018 - PKS Automation/Create Employer Acc/Login to Employer Account (Second time)' successfully

2018-12-07 15:28:52 - [TEST_STEP][PASSED] - Statement - Try: Delayed 2 second(s)

2018-12-07 15:28:52 - [TEST_STEP][PASSED] - Statement - Checker = false: null

2018-12-07 15:28:52 - [TEST_STEP][PASSED] - Statement - Checker = com.kms.katalon.core.webui.keyword.WebUiBuiltInKeywords.verifyElementHasAttribute(com.kms.katalon.core.testobject.ObjectRepository.findTestObject(Final Object Repo/Landing Page/BM Detecting), "href", 20, OPTIONAL): Object 'Object Repository/Final Object Repo/Landing Page/BM Detecting' has attribute 'href'

2018-12-07 15:28:52 - [MESSAGE][PASSED] - Object 'Object Repository/Final Object Repo/Landing Page/BM Detecting' has attribute 'href'

2018-12-07 15:28:52 - [TEST_STEP][PASSED] - Statement - out.println(Checker): null

2018-12-07 15:28:52 - [TEST_STEP][PASSED] - Statement - If (Checker == false): null

2018-12-07 15:28:52 - [TEST_STEP][PASSED] - Statement - Else: null

2018-12-07 15:28:52 - [TEST_STEP][PASSED] - delay: Delayed 2 second(s)

2018-12-07 15:28:54 - [MESSAGE][PASSED] - Delayed 2 second(s)

2018-12-07 15:28:54 - [TEST_STEP][PASSED] - navigateToUrl: Navigate to 'https://assist2-uat.perkeso.gov.my/web/registration/update/update-employee-information-employer-' successfully

2018-12-07 15:28:55 - [MESSAGE][PASSED] - Navigate to 'https://assist2-uat.perkeso.gov.my/web/registration/update/update-employee-information-employer-' successfully

2018-12-07 15:28:55 - [TEST_STEP][PASSED] - click: Object: 'Object Repository/Final Object Repo/Page_Update Employee Information By Employer/Edit Button' is clicked on

2018-12-07 15:28:58 - [MESSAGE][PASSED] - Object: 'Object Repository/Final Object Repo/Page_Update Employee Information By Employer/Edit Button' is clicked on

2018-12-07 15:28:58 - [TEST_STEP][PASSED] - click: Object: 'Object Repository/Final Object Repo/Page_Update Employee Information By Employer/Employee Name or New Identification' is clicked on

2018-12-07 15:28:58 - [MESSAGE][PASSED] - Object: 'Object Repository/Final Object Repo/Page_Update Employee Information By Employer/Employee Name or New Identification' is clicked on

2018-12-07 15:28:58 - [TEST_STEP][PASSED] - delay: Delayed 1 second(s)

2018-12-07 15:28:59 - [MESSAGE][PASSED] - Delayed 1 second(s)

2018-12-07 15:28:59 - [TEST_STEP][PASSED] - click: Object: 'Object Repository/Final Object Repo/Page_Update Employee Information By Employer/Selection - Employee Name' is clicked on

2018-12-07 15:28:59 - [MESSAGE][PASSED] - Object: 'Object Repository/Final Object Repo/Page_Update Employee Information By Employer/Selection - Employee Name' is clicked on

2018-12-07 15:28:59 - [TEST_STEP][PASSED] - delay: Delayed 1 second(s)

2018-12-07 15:29:00 - [MESSAGE][PASSED] - Delayed 1 second(s)

2018-12-07 15:29:00 - [TEST_STEP][PASSED] - setText: Text 'AUTOMATE001 ELIGIBLE 1' is set on object 'Object Repository/Final Object Repo/Page_Update Employee Information By Employer/Employee Name'

2018-12-07 15:29:00 - [MESSAGE][PASSED] - Text 'AUTOMATE001 ELIGIBLE 1' is set on object 'Object Repository/Final Object Repo/Page_Update Employee Information By Employer/Employee Name'

2018-12-07 15:29:00 - [TEST_STEP][PASSED] - delay: Delayed 2 second(s)

2018-12-07 15:29:02 - [MESSAGE][PASSED] - Delayed 2 second(s)

2018-12-07 15:29:02 - [TEST_STEP][PASSED] - click: Object: 'Object Repository/Final Object Repo/Page_Update Employee Information By Employer/Search Employee' is clicked on

2018-12-07 15:29:03 - [MESSAGE][PASSED] - Object: 'Object Repository/Final Object Repo/Page_Update Employee Information By Employer/Search Employee' is clicked on

2018-12-07 15:29:03 - [TEST_STEP][PASSED] - delay: Delayed 3 second(s)

2018-12-07 15:29:06 - [MESSAGE][PASSED] - Delayed 3 second(s)

2018-12-07 15:29:06 - [TEST_STEP][PASSED] - click: Object: 'Object Repository/Final Object Repo/Page_Update Employee Information By Employer/Employee Edit Button' is clicked on

2018-12-07 15:29:06 - [MESSAGE][PASSED] - Object: 'Object Repository/Final Object Repo/Page_Update Employee Information By Employer/Employee Edit Button' is clicked on

2018-12-07 15:29:06 - [TEST_STEP][PASSED] - delay: Delayed 3 second(s)

2018-12-07 15:29:09 - [MESSAGE][PASSED] - Delayed 3 second(s)

2018-12-07 15:29:09 - [TEST_STEP][PASSED] - setText: Text '' is set on object 'Object Repository/Final Object Repo/Page_Update Employee Information By Employer/Identification Number'

2018-12-07 15:29:09 - [MESSAGE][PASSED] - Text '' is set on object 'Object Repository/Final Object Repo/Page_Update Employee Information By Employer/Identification Number'

2018-12-07 15:29:09 - [TEST_STEP][PASSED] - Statement - rnd = new java.util.Random(): null

2018-12-07 15:29:09 - [TEST_STEP][PASSED] - Statement - snum = rnd.nextInt(899999 + 1) + 100000: null

2018-12-07 15:29:09 - [TEST_STEP][PASSED] - Statement - tnum = rnd.nextInt(899999 + 1) + 100000: null

2018-12-07 15:29:09 - [TEST_STEP][PASSED] - Statement - IC = java.lang.Integer.toString(snum) + java.lang.Integer.toString(tnum): null

2018-12-07 15:29:09 - [TEST_STEP][PASSED] - Statement - out.println(IC): null

2018-12-07 15:29:09 - [TEST_STEP][PASSED] - setText: Text '888870480111' is set on object 'Object Repository/Final Object Repo/Page_Update Employee Information By Employer/Identification Number'

2018-12-07 15:29:10 - [MESSAGE][PASSED] - Text '888870480111' is set on object 'Object Repository/Final Object Repo/Page_Update Employee Information By Employer/Identification Number'

2018-12-07 15:29:10 - [TEST_STEP][PASSED] - click: Object: 'Object Repository/Final Object Repo/Page_Update Employee Information By Employer/Save' is clicked on

2018-12-07 15:29:10 - [MESSAGE][PASSED] - Object: 'Object Repository/Final Object Repo/Page_Update Employee Information By Employer/Save' is clicked on

2018-12-07 15:29:10 - [TEST_STEP][PASSED] - delay: Delayed 5 second(s)

2018-12-07 15:29:15 - [MESSAGE][PASSED] - Delayed 5 second(s)

2018-12-07 15:29:15 - [TEST_STEP][PASSED] - Statement - CaseReferenceNo = com.kms.katalon.core.webui.keyword.WebUiBuiltInKeywords.getText(com.kms.katalon.core.testobject.ObjectRepository.findTestObject(Final Object Repo/Reference Number/Reference Number in Update Employee Information Page)): Text of object 'Object Repository/Final Object Repo/Reference Number/Reference Number in Update Employee Information Page' is: 'CUN122018C100005899'

2018-12-07 15:29:15 - [MESSAGE][PASSED] - Text of object 'Object Repository/Final Object Repo/Reference Number/Reference Number in Update Employee Information Page' is: 'CUN122018C100005899'

2018-12-07 15:29:15 - [TEST_STEP][PASSED] - callTestCase: Call Test Case 'Test Cases/Final Aug 2018 - PKS Automation/Common/Reference Number Setter' successfully

2018-12-07 15:29:15 - [TEST_CASE][PASSED] - Test Cases/Final Aug 2018 - PKS Automation/Common/Reference Number Setter: Test Cases/Final Aug 2018 - PKS Automation/Common/Reference Number Setter

2018-12-07 15:29:15 - [TEST_STEP][PASSED] - Statement - RefNoOldFile = new java.io.File(C://Users//Admin//Desktop//PKS//Automation Reference Point//KatalonReference.txt): null

2018-12-07 15:29:15 - [TEST_STEP][PASSED] - Statement - RefNoOldFile.delete(): null

2018-12-07 15:29:15 - [TEST_STEP][PASSED] - delay: Delayed 5 second(s)

2018-12-07 15:29:20 - [MESSAGE][PASSED] - Delayed 5 second(s)

2018-12-07 15:29:20 - [TEST_STEP][PASSED] - Statement - RefNo = new java.io.File(C://Users//Admin//Desktop//PKS//Automation Reference Point//KatalonReference.txt): null

2018-12-07 15:29:20 - [TEST_STEP][PASSED] - Statement - f2 = new java.io.FileWriter(RefNo, false): null

2018-12-07 15:29:20 - [TEST_STEP][PASSED] - Statement - f2.write(CaseReferenceNo): null

2018-12-07 15:29:20 - [TEST_STEP][PASSED] - Statement - f2.close(): null

2018-12-07 15:29:20 - [TEST_STEP][PASSED] - Statement - out.println("


" + CaseReferenceNo + "


"): null

2018-12-07 15:29:20 - [MESSAGE][PASSED] - Call Test Case 'Test Cases/Final Aug 2018 - PKS Automation/Common/Reference Number Setter' successfully

2018-12-07 15:29:20 - [TEST_STEP][PASSED] - delay: Delayed 5 second(s)

2018-12-07 15:29:25 - [MESSAGE][PASSED] - Delayed 5 second(s)

2018-12-07 15:29:25 - [TEST_STEP][PASSED] - click: Object: 'Object Repository/Final Object Repo/Page_Update Employee Information By Employer/Save  Continue in  Employee Information Page' is clicked on

2018-12-07 15:29:25 - [MESSAGE][PASSED] - Object: 'Object Repository/Final Object Repo/Page_Update Employee Information By Employer/Save  Continue in  Employee Information Page' is clicked on

2018-12-07 15:29:25 - [TEST_STEP][PASSED] - delay: Delayed 5 second(s)

2018-12-07 15:29:30 - [MESSAGE][PASSED] - Delayed 5 second(s)

2018-12-07 15:29:30 - [TEST_STEP][PASSED] - click: Object: 'Object Repository/Final Object Repo/Page_Update Employee Information By Employer/Save  Continue in Uploading Page 1' is clicked on

2018-12-07 15:29:30 - [MESSAGE][PASSED] - Object: 'Object Repository/Final Object Repo/Page_Update Employee Information By Employer/Save  Continue in Uploading Page 1' is clicked on

2018-12-07 15:29:30 - [TEST_STEP][PASSED] - delay: Delayed 5 second(s)

2018-12-07 15:29:35 - [MESSAGE][PASSED] - Delayed 5 second(s)

2018-12-07 15:29:35 - [TEST_STEP][PASSED] - click: Object: 'Object Repository/Final Object Repo/Page_Update Employee Information By Employer/Submit' is clicked on

2018-12-07 15:29:36 - [MESSAGE][PASSED] - Object: 'Object Repository/Final Object Repo/Page_Update Employee Information By Employer/Submit' is clicked on

2018-12-07 15:29:36 - [TEST_STEP][PASSED] - delay: Delayed 5 second(s)

2018-12-07 15:29:41 - [MESSAGE][PASSED] - Delayed 5 second(s)

2018-12-07 15:29:41 - [TEST_STEP][PASSED] - click: Object: 'Object Repository/Final Object Repo/Page_Update Employee Information By Employer/Confirm' is clicked on

2018-12-07 15:29:41 - [MESSAGE][PASSED] - Object: 'Object Repository/Final Object Repo/Page_Update Employee Information By Employer/Confirm' is clicked on

2018-12-07 15:29:41 - [TEST_STEP][PASSED] - delay: Delayed 5 second(s)

2018-12-07 15:29:46 - [MESSAGE][PASSED] - Delayed 5 second(s)

2018-12-07 15:29:46 - [TEST_STEP][PASSED] - verifyElementVisible: Object 'Object Repository/Final Object Repo/Page_Update Employee Information By Employer/Successfull Message Routed to UO' is visible

2018-12-07 15:29:46 - [MESSAGE][PASSED] - Object 'Object Repository/Final Object Repo/Page_Update Employee Information By Employer/Successfull Message Routed to UO' is visible

2018-12-07 15:29:46 - [MESSAGE][PASSED] - Call Test Case 'Test Cases/Final Aug 2018 - PKS Automation/Registration Module/Workflow/Update Employee Information (Employer)/Template/Update Employer Information - Special Case (Employer)' successfully

2018-12-07 15:29:46 - [TEST_STEP][PASSED] - callTestCase: Call Test Case 'Test Cases/Final Aug 2018 - PKS Automation/Registration Module/Workflow/Update Employee Information (Employer)/Template/Update Employee Information - Special Case - UO (Approve)' successfully

2018-12-07 15:29:46 - [TEST_CASE][PASSED] - Test Cases/Final Aug 2018 - PKS Automation/Registration Module/Workflow/Update Employee Information (Employer)/Template/Update Employee Information - Special Case - UO (Approve): Test Cases/Final Aug 2018 - PKS Automation/Registration Module/Workflow/Update Employee Information (Employer)/Template/Update Employee Information - Special Case - UO (Approve)

2018-12-07 15:29:46 - [TEST_STEP][NOT_RUN] - callTestCase: NOT_RUN: callTestCase

2018-12-07 15:29:46 - [MESSAGE][NOT_RUN] - NOT_RUN: callTestCase

2018-12-07 15:29:46 - [TEST_STEP][PASSED] - delay: Delayed 2 second(s)

2018-12-07 15:29:48 - [MESSAGE][PASSED] - Delayed 2 second(s)

2018-12-07 15:29:48 - [TEST_STEP][PASSED] - navigateToUrl: Navigate to 'https://assist2-uat.perkeso.gov.my/c/portal/logout' successfully

2018-12-07 15:29:49 - [MESSAGE][PASSED] - Navigate to 'https://assist2-uat.perkeso.gov.my/c/portal/logout' successfully

2018-12-07 15:29:49 - [TEST_STEP][PASSED] - delay: Delayed 2 second(s)

2018-12-07 15:29:51 - [MESSAGE][PASSED] - Delayed 2 second(s)

2018-12-07 15:29:51 - [TEST_STEP][PASSED] - callTestCase: Call Test Case 'Test Cases/Final Aug 2018 - PKS Automation/Common/Reference Number Getter' successfully

2018-12-07 15:29:51 - [TEST_CASE][PASSED] - Test Cases/Final Aug 2018 - PKS Automation/Common/Reference Number Getter: Test Cases/Final Aug 2018 - PKS Automation/Common/Reference Number Getter

2018-12-07 15:29:51 - [TEST_STEP][PASSED] - Statement - Try: null

2018-12-07 15:29:51 - [TEST_STEP][PASSED] - Statement - RefNo = new java.io.File(C://Users//Admin//Desktop//PKS//Automation Reference Point//KatalonReference.txt): null

2018-12-07 15:29:51 - [TEST_STEP][PASSED] - Statement - bufferread = new java.io.BufferedReader(new java.io.FileReader(RefNo)): null

2018-12-07 15:29:51 - [TEST_STEP][PASSED] - Statement - readedVal = bufferread.readLine(): null

2018-12-07 15:29:52 - [TEST_STEP][PASSED] - Statement - out.println(CaseReferenceNo): null

2018-12-07 15:29:52 - [TEST_STEP][PASSED] - Statement - out.println(readedVal): null

2018-12-07 15:29:52 - [TEST_STEP][PASSED] - Statement - CaseReferenceNo = "": null

2018-12-07 15:29:52 - [TEST_STEP][PASSED] - Statement - CaseReferenceNo = readedVal: null

2018-12-07 15:29:52 - [MESSAGE][PASSED] - Call Test Case 'Test Cases/Final Aug 2018 - PKS Automation/Common/Reference Number Getter' successfully

2018-12-07 15:29:52 - [TEST_STEP][PASSED] - callTestCase: Call Test Case 'Test Cases/Final Aug 2018 - PKS Automation/Common/Workflow Owner Finder' successfully

2018-12-07 15:29:52 - [TEST_CASE][PASSED] - Test Cases/Final Aug 2018 - PKS Automation/Common/Workflow Owner Finder: Test Cases/Final Aug 2018 - PKS Automation/Common/Workflow Owner Finder

2018-12-07 15:29:52 - [TEST_STEP][PASSED] - openBrowser: Browser is opened with url: ''

2018-12-07 15:29:52 - [MESSAGE][WARNING] - A browser is already opened. Closing browser and opening a new one

2018-12-07 15:29:55 - [MESSAGE][PASSED] - Browser is opened with url: ''

2018-12-07 15:29:55 - [TEST_STEP][PASSED] - navigateToUrl: Navigate to 'https://assist2-uat.perkeso.gov.my/login' successfully

2018-12-07 15:29:56 - [MESSAGE][PASSED] - Navigate to 'https://assist2-uat.perkeso.gov.my/login' successfully

2018-12-07 15:29:56 - [TEST_STEP][PASSED] - delay: Delayed 5 second(s)

2018-12-07 15:30:01 - [MESSAGE][PASSED] - Delayed 5 second(s)

2018-12-07 15:30:01 - [TEST_STEP][PASSED] - setText: Text 'test@liferay.com' is set on object 'Object Repository/Final Object Repo/Login Page/Internal User/Email Address'

2018-12-07 15:30:02 - [MESSAGE][PASSED] - Text 'test@liferay.com' is set on object 'Object Repository/Final Object Repo/Login Page/Internal User/Email Address'

2018-12-07 15:30:02 - [TEST_STEP][PASSED] - click: Object: 'Object Repository/Final Object Repo/Login Page/Internal User/Next Button' is clicked on

2018-12-07 15:30:02 - [MESSAGE][PASSED] - Object: 'Object Repository/Final Object Repo/Login Page/Internal User/Next Button' is clicked on

2018-12-07 15:30:02 - [TEST_STEP][PASSED] - delay: Delayed 2 second(s)

2018-12-07 15:30:04 - [MESSAGE][PASSED] - Delayed 2 second(s)

2018-12-07 15:30:04 - [TEST_STEP][PASSED] - setText: Text 'test' is set on object 'Object Repository/Final Object Repo/Login Page/Internal User/Password'

2018-12-07 15:30:04 - [MESSAGE][PASSED] - Text 'test' is set on object 'Object Repository/Final Object Repo/Login Page/Internal User/Password'

2018-12-07 15:30:04 - [TEST_STEP][PASSED] - delay: Delayed 2 second(s)

2018-12-07 15:30:06 - [MESSAGE][PASSED] - Delayed 2 second(s)

2018-12-07 15:30:06 - [TEST_STEP][PASSED] - click: Object: 'Object Repository/Final Object Repo/Login Page/Internal User/Login Button' is clicked on

2018-12-07 15:30:06 - [MESSAGE][PASSED] - Object: 'Object Repository/Final Object Repo/Login Page/Internal User/Login Button' is clicked on

2018-12-07 15:30:06 - [TEST_STEP][PASSED] - Statement - tester = com.kms.katalon.core.testobject.ObjectRepository.findTestObject(Final Object Repo/Landing Page/Select to English): Finding Test Object with id 'Object Repository/Final Object Repo/Landing Page/Select to English'

2018-12-07 15:30:06 - [TEST_STEP][PASSED] - Statement - Try: Delayed 2 second(s)

2018-12-07 15:30:06 - [TEST_STEP][PASSED] - Statement - Checker = com.kms.katalon.core.webui.keyword.WebUiBuiltInKeywords.verifyElementNotPresent(tester, 3): Web element with id: 'Object Repository/Final Object Repo/Landing Page/Select to English' located by 'By.xpath: //a[@class = 'taglib-language-list-text' and @lang = 'en-US' and (contains(text(), 'EN') or contains(., 'EN'))]' is not present after '3' second(s)

2018-12-07 15:30:08 - [MESSAGE][PASSED] - Web element with id: 'Object Repository/Final Object Repo/Landing Page/Select to English' located by 'By.xpath: //a[@class = 'taglib-language-list-text' and @lang = 'en-US' and (contains(text(), 'EN') or contains(., 'EN'))]' is not present after '3' second(s)

2018-12-07 15:30:08 - [TEST_STEP][PASSED] - Statement - If (Checker == false): null

2018-12-07 15:30:08 - [TEST_STEP][PASSED] - delay: Delayed 2 second(s)

2018-12-07 15:30:10 - [MESSAGE][PASSED] - Delayed 2 second(s)

2018-12-07 15:30:10 - [TEST_STEP][PASSED] - delay: Delayed 5 second(s)

2018-12-07 15:30:15 - [MESSAGE][PASSED] - Delayed 5 second(s)

2018-12-07 15:30:15 - [TEST_STEP][PASSED] - mouseOver: Object: 'Object Repository/Final Object Repo/Landing Page/WorkFlow Menu' is hovered

2018-12-07 15:30:15 - [MESSAGE][PASSED] - Object: 'Object Repository/Final Object Repo/Landing Page/WorkFlow Menu' is hovered

2018-12-07 15:30:15 - [TEST_STEP][PASSED] - delay: Delayed 2 second(s)

2018-12-07 15:30:17 - [MESSAGE][PASSED] - Delayed 2 second(s)

2018-12-07 15:30:17 - [TEST_STEP][PASSED] - click: Object: 'Object Repository/Final Object Repo/Landing Page/Select to Workflow Listing' is clicked on

2018-12-07 15:30:19 - [MESSAGE][PASSED] - Object: 'Object Repository/Final Object Repo/Landing Page/Select to Workflow Listing' is clicked on

2018-12-07 15:30:19 - [TEST_STEP][PASSED] - delay: Delayed 2 second(s)

2018-12-07 15:30:21 - [MESSAGE][PASSED] - Delayed 2 second(s)

2018-12-07 15:30:21 - [TEST_STEP][PASSED] - click: Object: 'Object Repository/Final Object Repo/WorkFlow Listing Page/Search Information - To Put Ref No' is clicked on

2018-12-07 15:30:21 - [MESSAGE][PASSED] - Object: 'Object Repository/Final Object Repo/WorkFlow Listing Page/Search Information - To Put Ref No' is clicked on

2018-12-07 15:30:21 - [TEST_STEP][PASSED] - delay: Delayed 2 second(s)

2018-12-07 15:30:23 - [MESSAGE][PASSED] - Delayed 2 second(s)

2018-12-07 15:30:23 - [TEST_STEP][PASSED] - callTestCase: Call Test Case 'Test Cases/Final Aug 2018 - PKS Automation/Common/Reference Number Getter' successfully

2018-12-07 15:30:23 - [TEST_CASE][PASSED] - Test Cases/Final Aug 2018 - PKS Automation/Common/Reference Number Getter: Test Cases/Final Aug 2018 - PKS Automation/Common/Reference Number Getter

2018-12-07 15:30:23 - [TEST_STEP][PASSED] - Statement - Try: null

2018-12-07 15:30:23 - [TEST_STEP][PASSED] - Statement - RefNo = new java.io.File(C://Users//Admin//Desktop//PKS//Automation Reference Point//KatalonReference.txt): null

2018-12-07 15:30:23 - [TEST_STEP][PASSED] - Statement - bufferread = new java.io.BufferedReader(new java.io.FileReader(RefNo)): null

2018-12-07 15:30:23 - [TEST_STEP][PASSED] - Statement - readedVal = bufferread.readLine(): null

2018-12-07 15:30:23 - [TEST_STEP][PASSED] - Statement - out.println(CaseReferenceNo): null

2018-12-07 15:30:23 - [TEST_STEP][PASSED] - Statement - out.println(readedVal): null

2018-12-07 15:30:23 - [TEST_STEP][PASSED] - Statement - CaseReferenceNo = "": null

2018-12-07 15:30:23 - [TEST_STEP][PASSED] - Statement - CaseReferenceNo = readedVal: null

2018-12-07 15:30:23 - [MESSAGE][PASSED] - Call Test Case 'Test Cases/Final Aug 2018 - PKS Automation/Common/Reference Number Getter' successfully

2018-12-07 15:30:23 - [TEST_STEP][PASSED] - setText: Text 'CUN122018C100005899' is set on object 'Object Repository/Final Object Repo/WorkFlow Listing Page/Ref No Set Text'

2018-12-07 15:30:23 - [MESSAGE][PASSED] - Text 'CUN122018C100005899' is set on object 'Object Repository/Final Object Repo/WorkFlow Listing Page/Ref No Set Text'

2018-12-07 15:30:23 - [TEST_STEP][PASSED] - delay: Delayed 2 second(s)

2018-12-07 15:30:25 - [MESSAGE][PASSED] - Delayed 2 second(s)

2018-12-07 15:30:25 - [TEST_STEP][PASSED] - click: Object: 'Object Repository/Final Object Repo/WorkFlow Listing Page/Search Ref No Search Button' is clicked on

2018-12-07 15:30:26 - [MESSAGE][PASSED] - Object: 'Object Repository/Final Object Repo/WorkFlow Listing Page/Search Ref No Search Button' is clicked on

2018-12-07 15:30:26 - [TEST_STEP][PASSED] - delay: Delayed 6 second(s)

2018-12-07 15:30:32 - [MESSAGE][PASSED] - Delayed 6 second(s)

2018-12-07 15:30:32 - [TEST_STEP][PASSED] - click: Object: 'Object Repository/Final Object Repo/WorkFlow Listing Page/Click Continue Tooltip' is clicked on

2018-12-07 15:30:33 - [MESSAGE][PASSED] - Object: 'Object Repository/Final Object Repo/WorkFlow Listing Page/Click Continue Tooltip' is clicked on

2018-12-07 15:30:33 - [TEST_STEP][PASSED] - delay: Delayed 5 second(s)

2018-12-07 15:30:38 - [MESSAGE][PASSED] - Delayed 5 second(s)

2018-12-07 15:30:38 - [TEST_STEP][PASSED] - doubleClick: Object: 'Object Repository/Final Object Repo/WorkFlow Listing Page/Workflow Found - Listing 1' is double clicked on

2018-12-07 15:30:38 - [MESSAGE][PASSED] - Object: 'Object Repository/Final Object Repo/WorkFlow Listing Page/Workflow Found - Listing 1' is double clicked on

2018-12-07 15:30:38 - [TEST_STEP][PASSED] - Statement - println(OwnerID): null

2018-12-07 15:30:38 - [TEST_STEP][PASSED] - Statement - OwnerID = com.kms.katalon.core.webui.keyword.WebUiBuiltInKeywords.getText(com.kms.katalon.core.testobject.ObjectRepository.findTestObject(Final Object Repo/WorkFlow Listing Page/Workflow Found - Listing 1), STOP_ON_FAILURE): Text of object 'Object Repository/Final Object Repo/WorkFlow Listing Page/Workflow Found - Listing 1' is: 'JOHORuo3'

2018-12-07 15:30:38 - [MESSAGE][PASSED] - Text of object 'Object Repository/Final Object Repo/WorkFlow Listing Page/Workflow Found - Listing 1' is: 'JOHORuo3'

2018-12-07 15:30:38 - [TEST_STEP][PASSED] - Statement - OwnerID = OwnerID.toLowerCase() + "@gmail.com": null

2018-12-07 15:30:38 - [TEST_STEP][PASSED] - Statement - println(OwnerID): null

2018-12-07 15:30:38 - [TEST_STEP][PASSED] - delay: Delayed 2 second(s)

2018-12-07 15:30:40 - [MESSAGE][PASSED] - Delayed 2 second(s)

2018-12-07 15:30:40 - [MESSAGE][PASSED] - Call Test Case 'Test Cases/Final Aug 2018 - PKS Automation/Common/Workflow Owner Finder' successfully

2018-12-07 15:30:40 - [TEST_STEP][PASSED] - delay: Delayed 2 second(s)

2018-12-07 15:30:42 - [MESSAGE][PASSED] - Delayed 2 second(s)

2018-12-07 15:30:42 - [TEST_STEP][PASSED] - navigateToUrl: Navigate to 'https://assist2-uat.perkeso.gov.my/c/portal/logout' successfully

2018-12-07 15:30:43 - [MESSAGE][PASSED] - Navigate to 'https://assist2-uat.perkeso.gov.my/c/portal/logout' successfully

2018-12-07 15:30:43 - [TEST_STEP][PASSED] - delay: Delayed 2 second(s)

2018-12-07 15:30:45 - [MESSAGE][PASSED] - Delayed 2 second(s)

2018-12-07 15:30:45 - [TEST_STEP][PASSED] - callTestCase: Call Test Case 'Test Cases/Final Aug 2018 - PKS Automation/Registration Module/Workflow/Login and Search Case For Workflow' successfully

2018-12-07 15:30:45 - [TEST_CASE][PASSED] - Test Cases/Final Aug 2018 - PKS Automation/Registration Module/Workflow/Login and Search Case For Workflow: Test Cases/Final Aug 2018 - PKS Automation/Registration Module/Workflow/Login and Search Case For Workflow

2018-12-07 15:30:45 - [TEST_STEP][PASSED] - navigateToUrl: Navigate to 'https://assist2-uat.perkeso.gov.my/login' successfully

2018-12-07 15:30:46 - [MESSAGE][PASSED] - Navigate to 'https://assist2-uat.perkeso.gov.my/login' successfully

2018-12-07 15:30:46 - [TEST_STEP][PASSED] - setText: Text 'johoruo3@gmail.com' is set on object 'Object Repository/Final Object Repo/Login Page/Internal User/Email Address'

2018-12-07 15:30:46 - [MESSAGE][PASSED] - Text 'johoruo3@gmail.com' is set on object 'Object Repository/Final Object Repo/Login Page/Internal User/Email Address'

2018-12-07 15:30:46 - [TEST_STEP][PASSED] - click: Object: 'Object Repository/Final Object Repo/Login Page/Internal User/Next Button' is clicked on

2018-12-07 15:30:46 - [MESSAGE][PASSED] - Object: 'Object Repository/Final Object Repo/Login Page/Internal User/Next Button' is clicked on

2018-12-07 15:30:46 - [TEST_STEP][PASSED] - delay: Delayed 1 second(s)

2018-12-07 15:30:47 - [MESSAGE][PASSED] - Delayed 1 second(s)

2018-12-07 15:30:47 - [TEST_STEP][PASSED] - setEncryptedText: Text ****** has been set on object 'Object Repository/Final Object Repo/Login Page/Internal User/Password'

2018-12-07 15:30:48 - [MESSAGE][PASSED] - Text ****** has been set on object 'Object Repository/Final Object Repo/Login Page/Internal User/Password'

2018-12-07 15:30:48 - [TEST_STEP][PASSED] - click: Object: 'Object Repository/Final Object Repo/Login Page/Internal User/Login Button' is clicked on

2018-12-07 15:30:48 - [MESSAGE][PASSED] - Object: 'Object Repository/Final Object Repo/Login Page/Internal User/Login Button' is clicked on

2018-12-07 15:30:48 - [TEST_STEP][PASSED] - delay: Delayed 2 second(s)

2018-12-07 15:30:50 - [MESSAGE][PASSED] - Delayed 2 second(s)

2018-12-07 15:30:50 - [TEST_STEP][PASSED] - Statement - Try: Delayed 2 second(s)

2018-12-07 15:30:50 - [TEST_STEP][PASSED] - Statement - Checker = false: null

2018-12-07 15:30:50 - [TEST_STEP][PASSED] - Statement - Checker = com.kms.katalon.core.webui.keyword.WebUiBuiltInKeywords.verifyElementHasAttribute(com.kms.katalon.core.testobject.ObjectRepository.findTestObject(Final Object Repo/Landing Page/BM Detecting), "href", 20, OPTIONAL): Object 'Object Repository/Final Object Repo/Landing Page/BM Detecting' has attribute 'href'

2018-12-07 15:30:50 - [MESSAGE][PASSED] - Object 'Object Repository/Final Object Repo/Landing Page/BM Detecting' has attribute 'href'

2018-12-07 15:30:50 - [TEST_STEP][PASSED] - Statement - out.println(Checker): null

2018-12-07 15:30:50 - [TEST_STEP][PASSED] - Statement - If (Checker == false): null

2018-12-07 15:30:50 - [TEST_STEP][PASSED] - Statement - Else: null

2018-12-07 15:30:50 - [TEST_STEP][PASSED] - delay: Delayed 2 second(s)

2018-12-07 15:30:52 - [MESSAGE][PASSED] - Delayed 2 second(s)

2018-12-07 15:30:52 - [TEST_STEP][PASSED] - click: Object: 'Object Repository/Final Object Repo/Page_MyASSIST - ASSIST - Search Pending Case For Add Supporting Document/Search Information' is clicked on

2018-12-07 15:30:52 - [MESSAGE][PASSED] - Object: 'Object Repository/Final Object Repo/Page_MyASSIST - ASSIST - Search Pending Case For Add Supporting Document/Search Information' is clicked on

2018-12-07 15:30:52 - [TEST_STEP][PASSED] - delay: Delayed 3 second(s)

2018-12-07 15:30:55 - [MESSAGE][PASSED] - Delayed 3 second(s)

2018-12-07 15:30:55 - [TEST_STEP][PASSED] - sendKeys: Keys 'CUN122018C100005899' sent to object: 'Object Repository/Final Object Repo/Page_MyASSIST - ASSIST - Search Pending Case For Add Supporting Document/Reference No'

2018-12-07 15:30:55 - [MESSAGE][PASSED] - Keys 'CUN122018C100005899' sent to object: 'Object Repository/Final Object Repo/Page_MyASSIST - ASSIST - Search Pending Case For Add Supporting Document/Reference No'

2018-12-07 15:30:55 - [TEST_STEP][PASSED] - click: Object: 'Object Repository/Final Object Repo/Page_MyASSIST - ASSIST - Search Pending Case For Add Supporting Document/Search Reference No' is clicked on

2018-12-07 15:30:55 - [MESSAGE][PASSED] - Object: 'Object Repository/Final Object Repo/Page_MyASSIST - ASSIST - Search Pending Case For Add Supporting Document/Search Reference No' is clicked on

2018-12-07 15:30:55 - [TEST_STEP][PASSED] - delay: Delayed 2 second(s)

2018-12-07 15:30:57 - [MESSAGE][PASSED] - Delayed 2 second(s)

2018-12-07 15:30:57 - [TEST_STEP][PASSED] - click: Object: 'Object Repository/Final Object Repo/Page_MyASSIST - ASSIST - Search Pending Case For Add Supporting Document/Continue' is clicked on

2018-12-07 15:31:02 - [MESSAGE][PASSED] - Object: 'Object Repository/Final Object Repo/Page_MyASSIST - ASSIST - Search Pending Case For Add Supporting Document/Continue' is clicked on

2018-12-07 15:31:02 - [TEST_STEP][PASSED] - delay: Delayed 20 second(s)

2018-12-07 15:31:22 - [MESSAGE][PASSED] - Delayed 20 second(s)

2018-12-07 15:31:22 - [MESSAGE][PASSED] - Call Test Case 'Test Cases/Final Aug 2018 - PKS Automation/Registration Module/Workflow/Login and Search Case For Workflow' successfully

2018-12-07 15:31:22 - [TEST_STEP][PASSED] - delay: Delayed 2 second(s)

2018-12-07 15:31:24 - [MESSAGE][PASSED] - Delayed 2 second(s)

2018-12-07 15:31:24 - [TEST_STEP][PASSED] - click: Object: 'Object Repository/Final Object Repo/Page_Update Employee Information By Employer/Page_Update Employee Information by Employer (Approve)/Continue' is clicked on

2018-12-07 15:31:27 - [MESSAGE][PASSED] - Object: 'Object Repository/Final Object Repo/Page_Update Employee Information By Employer/Page_Update Employee Information by Employer (Approve)/Continue' is clicked on

2018-12-07 15:31:27 - [TEST_STEP][PASSED] - delay: Delayed 2 second(s)

2018-12-07 15:31:29 - [MESSAGE][PASSED] - Delayed 2 second(s)

2018-12-07 15:31:29 - [TEST_STEP][PASSED] - click: Object: 'Object Repository/Final Object Repo/Page_Update Employee Information By Employer/Page_Update Employee Information by Employer (Approve)/Save  Continue in Update Employee Information Page' is clicked on

2018-12-07 15:31:30 - [MESSAGE][PASSED] - Object: 'Object Repository/Final Object Repo/Page_Update Employee Information By Employer/Page_Update Employee Information by Employer (Approve)/Save  Continue in Update Employee Information Page' is clicked on

2018-12-07 15:31:30 - [TEST_STEP][PASSED] - delay: Delayed 4 second(s)

2018-12-07 15:31:34 - [MESSAGE][PASSED] - Delayed 4 second(s)

2018-12-07 15:31:34 - [TEST_STEP][PASSED] - click: Object: 'Object Repository/Final Object Repo/Page_Update Employee Information By Employer/Page_Update Employee Information by Employer (Approve)/Save  Continue in Upload Supporting Doucument Page' is clicked on

2018-12-07 15:31:34 - [MESSAGE][PASSED] - Object: 'Object Repository/Final Object Repo/Page_Update Employee Information By Employer/Page_Update Employee Information by Employer (Approve)/Save  Continue in Upload Supporting Doucument Page' is clicked on

2018-12-07 15:31:34 - [TEST_STEP][PASSED] - delay: Delayed 2 second(s)

2018-12-07 15:31:36 - [MESSAGE][PASSED] - Delayed 2 second(s)

2018-12-07 15:31:36 - [TEST_STEP][PASSED] - click: Object: 'Object Repository/Final Object Repo/Page_Update Employee Information By Employer/Page_Update Employee Information by Employer (Approve)/Approve' is clicked on

2018-12-07 15:31:38 - [MESSAGE][PASSED] - Object: 'Object Repository/Final Object Repo/Page_Update Employee Information By Employer/Page_Update Employee Information by Employer (Approve)/Approve' is clicked on

2018-12-07 15:31:38 - [TEST_STEP][PASSED] - delay: Delayed 2 second(s)

2018-12-07 15:31:40 - [MESSAGE][PASSED] - Delayed 2 second(s)

2018-12-07 15:31:40 - [TEST_STEP][PASSED] - click: Object: 'Object Repository/Final Object Repo/Page_Update Employee Information By Employer/Page_Update Employee Information by Employer (Approve)/Confirm' is clicked on

2018-12-07 15:31:40 - [MESSAGE][PASSED] - Object: 'Object Repository/Final Object Repo/Page_Update Employee Information By Employer/Page_Update Employee Information by Employer (Approve)/Confirm' is clicked on

2018-12-07 15:31:40 - [TEST_STEP][PASSED] - delay: Delayed 2 second(s)

2018-12-07 15:31:42 - [MESSAGE][PASSED] - Delayed 2 second(s)

2018-12-07 15:31:42 - [TEST_STEP][PASSED] - verifyElementVisible: Object 'Object Repository/Final Object Repo/Page_Update Employee Information By Employer/Page_Update Employee Information by Employer (Approve)/Successfull Message Submitted Successfully' is visible

2018-12-07 15:31:46 - [MESSAGE][PASSED] - Object 'Object Repository/Final Object Repo/Page_Update Employee Information By Employer/Page_Update Employee Information by Employer (Approve)/Successfull Message Submitted Successfully' is visible

2018-12-07 15:31:46 - [TEST_STEP][PASSED] - delay: Delayed 2 second(s)

2018-12-07 15:31:48 - [MESSAGE][PASSED] - Delayed 2 second(s)

2018-12-07 15:31:48 - [TEST_STEP][PASSED] - verifyElementVisible: Object 'Object Repository/Final Object Repo/Page_Update Employee Information By Employer/Page_Update Employee Information by Employer (Approve)/Letter of Successful update' is visible

2018-12-07 15:31:48 - [MESSAGE][PASSED] - Object 'Object Repository/Final Object Repo/Page_Update Employee Information By Employer/Page_Update Employee Information by Employer (Approve)/Letter of Successful update' is visible

2018-12-07 15:31:48 - [MESSAGE][PASSED] - Call Test Case 'Test Cases/Final Aug 2018 - PKS Automation/Registration Module/Workflow/Update Employee Information (Employer)/Template/Update Employee Information - Special Case - UO (Approve)' successfully]]></system-out>
         <system-err><![CDATA[]]></system-err>
      </testcase>
      <testcase name="Test Cases/Final Aug 2018 - PKS Automation/Registration Module/Workflow/Update Employee Information (Employer)/Employer - UO (Query)" classname="Test Cases/Final Aug 2018 - PKS Automation/Registration Module/Workflow/Update Employee Information (Employer)/Employer - UO (Query)" status="PASSED">
         <system-out><![CDATA[2018-12-07 15:31:48 - [TEST_CASE][PASSED] - Test Cases/Final Aug 2018 - PKS Automation/Registration Module/Workflow/Update Employee Information (Employer)/Employer - UO (Query): Test Cases/Final Aug 2018 - PKS Automation/Registration Module/Workflow/Update Employee Information (Employer)/Employer - UO (Query)

2018-12-07 15:31:48 - [TEST_STEP][PASSED] - callTestCase: Call Test Case 'Test Cases/Final Aug 2018 - PKS Automation/Registration Module/Workflow/Update Employee Information (Employer)/Template/Update Employer Information - Special Case (Employer)' successfully

2018-12-07 15:31:48 - [TEST_CASE][PASSED] - Test Cases/Final Aug 2018 - PKS Automation/Registration Module/Workflow/Update Employee Information (Employer)/Template/Update Employer Information - Special Case (Employer): Test Cases/Final Aug 2018 - PKS Automation/Registration Module/Workflow/Update Employee Information (Employer)/Template/Update Employer Information - Special Case (Employer)

2018-12-07 15:31:48 - [TEST_STEP][PASSED] - callTestCase: Call Test Case 'Test Cases/Final Aug 2018 - PKS Automation/Registration Module/Workflow/Update Add New Employee/Template/New Company for Update Add New - Employer' successfully

2018-12-07 15:31:48 - [TEST_CASE][PASSED] - Test Cases/Final Aug 2018 - PKS Automation/Registration Module/Workflow/Update Add New Employee/Template/New Company for Update Add New - Employer: Test Cases/Final Aug 2018 - PKS Automation/Registration Module/Workflow/Update Add New Employee/Template/New Company for Update Add New - Employer

2018-12-07 15:31:48 - [TEST_STEP][PASSED] - callTestCase: Call Test Case 'Test Cases/Final Aug 2018 - PKS Automation/Create Employer Acc/Create Employer Account' successfully

2018-12-07 15:31:48 - [TEST_CASE][PASSED] - Test Cases/Final Aug 2018 - PKS Automation/Create Employer Acc/Create Employer Account: Test Cases/Final Aug 2018 - PKS Automation/Create Employer Acc/Create Employer Account

2018-12-07 15:31:48 - [TEST_STEP][PASSED] - callTestCase: Call Test Case 'Test Cases/Final Aug 2018 - PKS Automation/Create Employer Acc/Template/Register Employer' successfully

2018-12-07 15:31:48 - [TEST_CASE][PASSED] - Test Cases/Final Aug 2018 - PKS Automation/Create Employer Acc/Template/Register Employer: Test Cases/Final Aug 2018 - PKS Automation/Create Employer Acc/Template/Register Employer

2018-12-07 15:31:48 - [TEST_STEP][PASSED] - openBrowser: Browser is opened with url: ''

2018-12-07 15:31:48 - [MESSAGE][WARNING] - A browser is already opened. Closing browser and opening a new one

2018-12-07 15:31:52 - [MESSAGE][PASSED] - Browser is opened with url: ''

2018-12-07 15:31:52 - [TEST_STEP][PASSED] - navigateToUrl: Navigate to 'https://assist2-uat.perkeso.gov.my/login' successfully

2018-12-07 15:31:53 - [MESSAGE][PASSED] - Navigate to 'https://assist2-uat.perkeso.gov.my/login' successfully

2018-12-07 15:31:53 - [TEST_STEP][PASSED] - setText: Text 'johorotc1@gmail.com' is set on object 'Object Repository/Final Object Repo/Login Page/Internal User/Email Address'

2018-12-07 15:31:53 - [MESSAGE][PASSED] - Text 'johorotc1@gmail.com' is set on object 'Object Repository/Final Object Repo/Login Page/Internal User/Email Address'

2018-12-07 15:31:53 - [TEST_STEP][PASSED] - click: Object: 'Object Repository/Final Object Repo/Login Page/Internal User/Next Button' is clicked on

2018-12-07 15:31:53 - [MESSAGE][PASSED] - Object: 'Object Repository/Final Object Repo/Login Page/Internal User/Next Button' is clicked on

2018-12-07 15:31:53 - [TEST_STEP][PASSED] - delay: Delayed 1 second(s)

2018-12-07 15:31:54 - [MESSAGE][PASSED] - Delayed 1 second(s)

2018-12-07 15:31:54 - [TEST_STEP][PASSED] - setEncryptedText: Text ****** has been set on object 'Object Repository/Final Object Repo/Login Page/Internal User/Password'

2018-12-07 15:31:55 - [MESSAGE][PASSED] - Text ****** has been set on object 'Object Repository/Final Object Repo/Login Page/Internal User/Password'

2018-12-07 15:31:55 - [TEST_STEP][PASSED] - click: Object: 'Object Repository/Final Object Repo/Login Page/Internal User/Login Button' is clicked on

2018-12-07 15:31:55 - [MESSAGE][PASSED] - Object: 'Object Repository/Final Object Repo/Login Page/Internal User/Login Button' is clicked on

2018-12-07 15:31:55 - [TEST_STEP][PASSED] - delay: Delayed 1 second(s)

2018-12-07 15:31:56 - [MESSAGE][PASSED] - Delayed 1 second(s)

2018-12-07 15:31:56 - [TEST_STEP][PASSED] - navigateToUrl: Navigate to 'https://assist2-uat.perkeso.gov.my/web/base/portal-id/registration' successfully

2018-12-07 15:31:58 - [MESSAGE][PASSED] - Navigate to 'https://assist2-uat.perkeso.gov.my/web/base/portal-id/registration' successfully

2018-12-07 15:31:58 - [TEST_STEP][PASSED] - setText: Text 'AUTOMATION EMPLOYER' is set on object 'Object Repository/Final Object Repo/Creating Employer Account/Page_Registration - ASSIST (Base)/Employer Name'

2018-12-07 15:31:59 - [MESSAGE][PASSED] - Text 'AUTOMATION EMPLOYER' is set on object 'Object Repository/Final Object Repo/Creating Employer Account/Page_Registration - ASSIST (Base)/Employer Name'

2018-12-07 15:31:59 - [TEST_STEP][PASSED] - delay: Delayed 2 second(s)

2018-12-07 15:32:01 - [MESSAGE][PASSED] - Delayed 2 second(s)

2018-12-07 15:32:01 - [TEST_STEP][PASSED] - click: Object: 'Object Repository/Final Object Repo/Creating Employer Account/Page_Registration - ASSIST (Base)/Registration Type' is clicked on

2018-12-07 15:32:01 - [MESSAGE][PASSED] - Object: 'Object Repository/Final Object Repo/Creating Employer Account/Page_Registration - ASSIST (Base)/Registration Type' is clicked on

2018-12-07 15:32:01 - [TEST_STEP][PASSED] - delay: Delayed 2 second(s)

2018-12-07 15:32:03 - [MESSAGE][PASSED] - Delayed 2 second(s)

2018-12-07 15:32:03 - [TEST_STEP][PASSED] - click: Object: 'Object Repository/Final Object Repo/Creating Employer Account/Page_Registration - ASSIST (Base)/Registration Type - Registration No' is clicked on

2018-12-07 15:32:03 - [MESSAGE][PASSED] - Object: 'Object Repository/Final Object Repo/Creating Employer Account/Page_Registration - ASSIST (Base)/Registration Type - Registration No' is clicked on

2018-12-07 15:32:03 - [TEST_STEP][PASSED] - delay: Delayed 2 second(s)

2018-12-07 15:32:05 - [MESSAGE][PASSED] - Delayed 2 second(s)

2018-12-07 15:32:05 - [TEST_STEP][PASSED] - setText: Text '1234567890' is set on object 'Object Repository/Final Object Repo/Creating Employer Account/Page_Registration - ASSIST (Base)/Registration Number'

2018-12-07 15:32:05 - [MESSAGE][PASSED] - Text '1234567890' is set on object 'Object Repository/Final Object Repo/Creating Employer Account/Page_Registration - ASSIST (Base)/Registration Number'

2018-12-07 15:32:05 - [TEST_STEP][PASSED] - delay: Delayed 2 second(s)

2018-12-07 15:32:07 - [MESSAGE][PASSED] - Delayed 2 second(s)

2018-12-07 15:32:07 - [TEST_STEP][PASSED] - setText: Text 'ADDRESS 1' is set on object 'Object Repository/Final Object Repo/Creating Employer Account/Page_Registration - ASSIST (Base)/Postal Address 1'

2018-12-07 15:32:08 - [MESSAGE][PASSED] - Text 'ADDRESS 1' is set on object 'Object Repository/Final Object Repo/Creating Employer Account/Page_Registration - ASSIST (Base)/Postal Address 1'

2018-12-07 15:32:08 - [TEST_STEP][PASSED] - setText: Text 'ADDRESS 2' is set on object 'Object Repository/Final Object Repo/Creating Employer Account/Page_Registration - ASSIST (Base)/Postal Address 2'

2018-12-07 15:32:08 - [MESSAGE][PASSED] - Text 'ADDRESS 2' is set on object 'Object Repository/Final Object Repo/Creating Employer Account/Page_Registration - ASSIST (Base)/Postal Address 2'

2018-12-07 15:32:08 - [TEST_STEP][PASSED] - click: Object: 'Object Repository/Final Object Repo/Creating Employer Account/Page_Registration - ASSIST (Base)/State' is clicked on

2018-12-07 15:32:08 - [MESSAGE][PASSED] - Object: 'Object Repository/Final Object Repo/Creating Employer Account/Page_Registration - ASSIST (Base)/State' is clicked on

2018-12-07 15:32:08 - [TEST_STEP][PASSED] - delay: Delayed 2 second(s)

2018-12-07 15:32:10 - [MESSAGE][PASSED] - Delayed 2 second(s)

2018-12-07 15:32:10 - [TEST_STEP][PASSED] - click: Object: 'Object Repository/Final Object Repo/Creating Employer Account/Page_Registration - ASSIST (Base)/State - Johor' is clicked on

2018-12-07 15:32:11 - [MESSAGE][PASSED] - Object: 'Object Repository/Final Object Repo/Creating Employer Account/Page_Registration - ASSIST (Base)/State - Johor' is clicked on

2018-12-07 15:32:11 - [TEST_STEP][PASSED] - delay: Delayed 2 second(s)

2018-12-07 15:32:13 - [MESSAGE][PASSED] - Delayed 2 second(s)

2018-12-07 15:32:13 - [TEST_STEP][PASSED] - click: Object: 'Object Repository/Final Object Repo/Creating Employer Account/Page_Registration - ASSIST (Base)/City' is clicked on

2018-12-07 15:32:13 - [MESSAGE][PASSED] - Object: 'Object Repository/Final Object Repo/Creating Employer Account/Page_Registration - ASSIST (Base)/City' is clicked on

2018-12-07 15:32:13 - [TEST_STEP][PASSED] - delay: Delayed 2 second(s)

2018-12-07 15:32:15 - [MESSAGE][PASSED] - Delayed 2 second(s)

2018-12-07 15:32:15 - [TEST_STEP][PASSED] - setText: Text 'joh' is set on object 'Object Repository/Final Object Repo/Creating Employer Account/Page_Registration - ASSIST (Base)/City - joh'

2018-12-07 15:32:15 - [MESSAGE][PASSED] - Text 'joh' is set on object 'Object Repository/Final Object Repo/Creating Employer Account/Page_Registration - ASSIST (Base)/City - joh'

2018-12-07 15:32:15 - [TEST_STEP][PASSED] - delay: Delayed 2 second(s)

2018-12-07 15:32:17 - [MESSAGE][PASSED] - Delayed 2 second(s)

2018-12-07 15:32:17 - [TEST_STEP][PASSED] - click: Object: 'Object Repository/Final Object Repo/Creating Employer Account/Page_Registration - ASSIST (Base)/City - Johor Bharu' is clicked on

2018-12-07 15:32:17 - [MESSAGE][PASSED] - Object: 'Object Repository/Final Object Repo/Creating Employer Account/Page_Registration - ASSIST (Base)/City - Johor Bharu' is clicked on

2018-12-07 15:32:17 - [TEST_STEP][PASSED] - delay: Delayed 2 second(s)

2018-12-07 15:32:19 - [MESSAGE][PASSED] - Delayed 2 second(s)

2018-12-07 15:32:19 - [TEST_STEP][PASSED] - click: Object: 'Object Repository/Final Object Repo/Creating Employer Account/Page_Registration - ASSIST (Base)/Post Code' is clicked on

2018-12-07 15:32:19 - [MESSAGE][PASSED] - Object: 'Object Repository/Final Object Repo/Creating Employer Account/Page_Registration - ASSIST (Base)/Post Code' is clicked on

2018-12-07 15:32:19 - [TEST_STEP][PASSED] - delay: Delayed 2 second(s)

2018-12-07 15:32:21 - [MESSAGE][PASSED] - Delayed 2 second(s)

2018-12-07 15:32:21 - [TEST_STEP][PASSED] - setText: Text '810' is set on object 'Object Repository/Final Object Repo/Creating Employer Account/Page_Registration - ASSIST (Base)/Post Code - 810'

2018-12-07 15:32:22 - [MESSAGE][PASSED] - Text '810' is set on object 'Object Repository/Final Object Repo/Creating Employer Account/Page_Registration - ASSIST (Base)/Post Code - 810'

2018-12-07 15:32:22 - [TEST_STEP][PASSED] - delay: Delayed 2 second(s)

2018-12-07 15:32:24 - [MESSAGE][PASSED] - Delayed 2 second(s)

2018-12-07 15:32:24 - [TEST_STEP][PASSED] - click: Object: 'Object Repository/Final Object Repo/Creating Employer Account/Page_Registration - ASSIST (Base)/Post Code - 81000' is clicked on

2018-12-07 15:32:24 - [MESSAGE][PASSED] - Object: 'Object Repository/Final Object Repo/Creating Employer Account/Page_Registration - ASSIST (Base)/Post Code - 81000' is clicked on

2018-12-07 15:32:24 - [TEST_STEP][PASSED] - delay: Delayed 2 second(s)

2018-12-07 15:32:26 - [MESSAGE][PASSED] - Delayed 2 second(s)

2018-12-07 15:32:26 - [TEST_STEP][PASSED] - setText: Text 'PERKESO' is set on object 'Object Repository/Final Object Repo/Creating Employer Account/Page_Registration - ASSIST (Base)/Full Name'

2018-12-07 15:32:26 - [MESSAGE][PASSED] - Text 'PERKESO' is set on object 'Object Repository/Final Object Repo/Creating Employer Account/Page_Registration - ASSIST (Base)/Full Name'

2018-12-07 15:32:26 - [TEST_STEP][PASSED] - Statement - rnd = new java.util.Random(): null

2018-12-07 15:32:26 - [TEST_STEP][PASSED] - Statement - snum = rnd.nextInt(899999 + 1) + 100000: null

2018-12-07 15:32:26 - [TEST_STEP][PASSED] - Statement - tnum = rnd.nextInt(899999 + 1) + 100000: null

2018-12-07 15:32:26 - [TEST_STEP][PASSED] - Statement - IC = java.lang.Integer.toString(snum) + java.lang.Integer.toString(tnum): null

2018-12-07 15:32:26 - [TEST_STEP][PASSED] - Statement - out.println(IC): null

2018-12-07 15:32:26 - [TEST_STEP][PASSED] - setText: Text '559644895855' is set on object 'Object Repository/Final Object Repo/Creating Employer Account/Page_Registration - ASSIST (Base)/Identification Number'

2018-12-07 15:32:27 - [MESSAGE][PASSED] - Text '559644895855' is set on object 'Object Repository/Final Object Repo/Creating Employer Account/Page_Registration - ASSIST (Base)/Identification Number'

2018-12-07 15:32:27 - [TEST_STEP][PASSED] - delay: Delayed 2 second(s)

2018-12-07 15:32:29 - [MESSAGE][PASSED] - Delayed 2 second(s)

2018-12-07 15:32:29 - [TEST_STEP][PASSED] - setText: Text '123456789012' is set on object 'Object Repository/Final Object Repo/Creating Employer Account/Page_Registration - ASSIST (Base)/Contact Number'

2018-12-07 15:32:29 - [MESSAGE][PASSED] - Text '123456789012' is set on object 'Object Repository/Final Object Repo/Creating Employer Account/Page_Registration - ASSIST (Base)/Contact Number'

2018-12-07 15:32:29 - [TEST_STEP][PASSED] - Statement - Email = "perkeso" + IC + "@gmail.com": null

2018-12-07 15:32:29 - [TEST_STEP][PASSED] - delay: Delayed 2 second(s)

2018-12-07 15:32:31 - [MESSAGE][PASSED] - Delayed 2 second(s)

2018-12-07 15:32:31 - [TEST_STEP][PASSED] - callTestCase: Call Test Case 'Test Cases/Final Aug 2018 - PKS Automation/Create Employer Acc/Template/Employer Email Settler' successfully

2018-12-07 15:32:31 - [TEST_CASE][PASSED] - Test Cases/Final Aug 2018 - PKS Automation/Create Employer Acc/Template/Employer Email Settler: Test Cases/Final Aug 2018 - PKS Automation/Create Employer Acc/Template/Employer Email Settler

2018-12-07 15:32:31 - [TEST_STEP][PASSED] - Statement - EmpEmailOld = new java.io.File(C://Users//Admin//Desktop//PKS//Automation Reference Point//EmpEmail.txt): null

2018-12-07 15:32:31 - [TEST_STEP][PASSED] - Statement - EmpEmailOld.delete(): null

2018-12-07 15:32:31 - [TEST_STEP][PASSED] - delay: Delayed 5 second(s)

2018-12-07 15:32:36 - [MESSAGE][PASSED] - Delayed 5 second(s)

2018-12-07 15:32:36 - [TEST_STEP][PASSED] - Statement - EmpEmail = new java.io.File(C://Users//Admin//Desktop//PKS//Automation Reference Point//EmpEmail.txt): null

2018-12-07 15:32:36 - [TEST_STEP][PASSED] - Statement - f2 = new java.io.FileWriter(EmpEmail, false): null

2018-12-07 15:32:36 - [TEST_STEP][PASSED] - Statement - f2.write(Email): null

2018-12-07 15:32:36 - [TEST_STEP][PASSED] - Statement - f2.close(): null

2018-12-07 15:32:36 - [TEST_STEP][PASSED] - Statement - out.println(Email): null

2018-12-07 15:32:36 - [MESSAGE][PASSED] - Call Test Case 'Test Cases/Final Aug 2018 - PKS Automation/Create Employer Acc/Template/Employer Email Settler' successfully

2018-12-07 15:32:36 - [TEST_STEP][PASSED] - delay: Delayed 2 second(s)

2018-12-07 15:32:38 - [MESSAGE][PASSED] - Delayed 2 second(s)

2018-12-07 15:32:38 - [TEST_STEP][PASSED] - setText: Text 'perkeso559644895855@gmail.com' is set on object 'Object Repository/Final Object Repo/Creating Employer Account/Page_Registration - ASSIST (Base)/Email'

2018-12-07 15:32:39 - [MESSAGE][PASSED] - Text 'perkeso559644895855@gmail.com' is set on object 'Object Repository/Final Object Repo/Creating Employer Account/Page_Registration - ASSIST (Base)/Email'

2018-12-07 15:32:39 - [TEST_STEP][PASSED] - setText: Text '123' is set on object 'Object Repository/Final Object Repo/Creating Employer Account/Page_Registration - ASSIST (Base)/Security Phase'

2018-12-07 15:32:39 - [MESSAGE][PASSED] - Text '123' is set on object 'Object Repository/Final Object Repo/Creating Employer Account/Page_Registration - ASSIST (Base)/Security Phase'

2018-12-07 15:32:39 - [TEST_STEP][PASSED] - click: Object: 'Object Repository/Final Object Repo/Creating Employer Account/Page_Registration - ASSIST (Base)/Save  Continue' is clicked on

2018-12-07 15:32:39 - [MESSAGE][PASSED] - Object: 'Object Repository/Final Object Repo/Creating Employer Account/Page_Registration - ASSIST (Base)/Save  Continue' is clicked on

2018-12-07 15:32:39 - [TEST_STEP][PASSED] - delay: Delayed 2 second(s)

2018-12-07 15:32:41 - [MESSAGE][PASSED] - Delayed 2 second(s)

2018-12-07 15:32:41 - [TEST_STEP][PASSED] - click: Object: 'Object Repository/Final Object Repo/Creating Employer Account/Page_Registration - ASSIST (Base)/Add Document' is clicked on

2018-12-07 15:32:41 - [MESSAGE][PASSED] - Object: 'Object Repository/Final Object Repo/Creating Employer Account/Page_Registration - ASSIST (Base)/Add Document' is clicked on

2018-12-07 15:32:41 - [TEST_STEP][PASSED] - delay: Delayed 2 second(s)

2018-12-07 15:32:43 - [MESSAGE][PASSED] - Delayed 2 second(s)

2018-12-07 15:32:43 - [TEST_STEP][PASSED] - click: Object: 'Object Repository/Final Object Repo/Creating Employer Account/Page_Registration - ASSIST (Base)/Document Type' is clicked on

2018-12-07 15:32:44 - [MESSAGE][PASSED] - Object: 'Object Repository/Final Object Repo/Creating Employer Account/Page_Registration - ASSIST (Base)/Document Type' is clicked on

2018-12-07 15:32:44 - [TEST_STEP][PASSED] - delay: Delayed 2 second(s)

2018-12-07 15:32:46 - [MESSAGE][PASSED] - Delayed 2 second(s)

2018-12-07 15:32:46 - [TEST_STEP][PASSED] - click: Object: 'Object Repository/Final Object Repo/Creating Employer Account/Page_Registration - ASSIST (Base)/Document Type - Letter of Authorization' is clicked on

2018-12-07 15:32:46 - [MESSAGE][PASSED] - Object: 'Object Repository/Final Object Repo/Creating Employer Account/Page_Registration - ASSIST (Base)/Document Type - Letter of Authorization' is clicked on

2018-12-07 15:32:46 - [TEST_STEP][PASSED] - delay: Delayed 2 second(s)

2018-12-07 15:32:48 - [MESSAGE][PASSED] - Delayed 2 second(s)

2018-12-07 15:32:48 - [TEST_STEP][PASSED] - sendKeys: Keys 'C:\Users\Public\Pictures\Sample Pictures\Koala.jpg' sent to object: 'Object Repository/Final Object Repo/Creating Employer Account/Page_Registration - ASSIST (Base)/Uploading File'

2018-12-07 15:32:48 - [MESSAGE][PASSED] - Keys 'C:\Users\Public\Pictures\Sample Pictures\Koala.jpg' sent to object: 'Object Repository/Final Object Repo/Creating Employer Account/Page_Registration - ASSIST (Base)/Uploading File'

2018-12-07 15:32:48 - [TEST_STEP][PASSED] - delay: Delayed 2 second(s)

2018-12-07 15:32:50 - [MESSAGE][PASSED] - Delayed 2 second(s)

2018-12-07 15:32:50 - [TEST_STEP][PASSED] - click: Object: 'Object Repository/Final Object Repo/Creating Employer Account/Page_Registration - ASSIST (Base)/Add Document in Uploading File' is clicked on

2018-12-07 15:32:50 - [MESSAGE][PASSED] - Object: 'Object Repository/Final Object Repo/Creating Employer Account/Page_Registration - ASSIST (Base)/Add Document in Uploading File' is clicked on

2018-12-07 15:32:50 - [TEST_STEP][PASSED] - delay: Delayed 2 second(s)

2018-12-07 15:32:52 - [MESSAGE][PASSED] - Delayed 2 second(s)

2018-12-07 15:32:52 - [TEST_STEP][PASSED] - click: Object: 'Object Repository/Final Object Repo/Creating Employer Account/Page_Registration - ASSIST (Base)/Save' is clicked on

2018-12-07 15:32:52 - [MESSAGE][PASSED] - Object: 'Object Repository/Final Object Repo/Creating Employer Account/Page_Registration - ASSIST (Base)/Save' is clicked on

2018-12-07 15:32:52 - [TEST_STEP][PASSED] - delay: Delayed 2 second(s)

2018-12-07 15:32:54 - [MESSAGE][PASSED] - Delayed 2 second(s)

2018-12-07 15:32:54 - [TEST_STEP][PASSED] - click: Object: 'Object Repository/Final Object Repo/Creating Employer Account/Page_Registration - ASSIST (Base)/Submit' is clicked on

2018-12-07 15:32:55 - [MESSAGE][PASSED] - Object: 'Object Repository/Final Object Repo/Creating Employer Account/Page_Registration - ASSIST (Base)/Submit' is clicked on

2018-12-07 15:32:55 - [TEST_STEP][PASSED] - delay: Delayed 2 second(s)

2018-12-07 15:32:57 - [MESSAGE][PASSED] - Delayed 2 second(s)

2018-12-07 15:32:57 - [TEST_STEP][PASSED] - click: Object: 'Object Repository/Final Object Repo/Creating Employer Account/Page_Registration - ASSIST (Base)/Confirm' is clicked on

2018-12-07 15:32:57 - [MESSAGE][PASSED] - Object: 'Object Repository/Final Object Repo/Creating Employer Account/Page_Registration - ASSIST (Base)/Confirm' is clicked on

2018-12-07 15:32:57 - [MESSAGE][PASSED] - Call Test Case 'Test Cases/Final Aug 2018 - PKS Automation/Create Employer Acc/Template/Register Employer' successfully

2018-12-07 15:32:57 - [TEST_STEP][PASSED] - delay: Delayed 1 second(s)

2018-12-07 15:32:58 - [MESSAGE][PASSED] - Delayed 1 second(s)

2018-12-07 15:32:58 - [TEST_STEP][PASSED] - navigateToUrl: Navigate to 'https://assist2-uat.perkeso.gov.my/c/portal/logout' successfully

2018-12-07 15:33:00 - [MESSAGE][PASSED] - Navigate to 'https://assist2-uat.perkeso.gov.my/c/portal/logout' successfully

2018-12-07 15:33:00 - [TEST_STEP][PASSED] - delay: Delayed 1 second(s)

2018-12-07 15:33:01 - [MESSAGE][PASSED] - Delayed 1 second(s)

2018-12-07 15:33:01 - [TEST_STEP][PASSED] - callTestCase: Call Test Case 'Test Cases/Final Aug 2018 - PKS Automation/Create Employer Acc/Template/Change Password of Employer' successfully

2018-12-07 15:33:01 - [TEST_CASE][PASSED] - Test Cases/Final Aug 2018 - PKS Automation/Create Employer Acc/Template/Change Password of Employer: Test Cases/Final Aug 2018 - PKS Automation/Create Employer Acc/Template/Change Password of Employer

2018-12-07 15:33:01 - [TEST_STEP][PASSED] - openBrowser: Browser is opened with url: ''

2018-12-07 15:33:01 - [MESSAGE][WARNING] - A browser is already opened. Closing browser and opening a new one

2018-12-07 15:33:04 - [MESSAGE][PASSED] - Browser is opened with url: ''

2018-12-07 15:33:04 - [TEST_STEP][PASSED] - navigateToUrl: Navigate to 'https://assist2-uat.perkeso.gov.my/login' successfully

2018-12-07 15:33:05 - [MESSAGE][PASSED] - Navigate to 'https://assist2-uat.perkeso.gov.my/login' successfully

2018-12-07 15:33:05 - [TEST_STEP][PASSED] - delay: Delayed 5 second(s)

2018-12-07 15:33:10 - [MESSAGE][PASSED] - Delayed 5 second(s)

2018-12-07 15:33:10 - [TEST_STEP][PASSED] - setText: Text 'test@liferay.com' is set on object 'Object Repository/Final Object Repo/Login Page/Internal User/Email Address'

2018-12-07 15:33:10 - [MESSAGE][PASSED] - Text 'test@liferay.com' is set on object 'Object Repository/Final Object Repo/Login Page/Internal User/Email Address'

2018-12-07 15:33:10 - [TEST_STEP][PASSED] - click: Object: 'Object Repository/Final Object Repo/Login Page/Internal User/Next Button' is clicked on

2018-12-07 15:33:10 - [MESSAGE][PASSED] - Object: 'Object Repository/Final Object Repo/Login Page/Internal User/Next Button' is clicked on

2018-12-07 15:33:10 - [TEST_STEP][PASSED] - delay: Delayed 2 second(s)

2018-12-07 15:33:12 - [MESSAGE][PASSED] - Delayed 2 second(s)

2018-12-07 15:33:12 - [TEST_STEP][PASSED] - setText: Text 'test' is set on object 'Object Repository/Final Object Repo/Login Page/Internal User/Password'

2018-12-07 15:33:12 - [MESSAGE][PASSED] - Text 'test' is set on object 'Object Repository/Final Object Repo/Login Page/Internal User/Password'

2018-12-07 15:33:12 - [TEST_STEP][PASSED] - delay: Delayed 2 second(s)

2018-12-07 15:33:14 - [MESSAGE][PASSED] - Delayed 2 second(s)

2018-12-07 15:33:14 - [TEST_STEP][PASSED] - click: Object: 'Object Repository/Final Object Repo/Login Page/Internal User/Login Button' is clicked on

2018-12-07 15:33:15 - [MESSAGE][PASSED] - Object: 'Object Repository/Final Object Repo/Login Page/Internal User/Login Button' is clicked on

2018-12-07 15:33:15 - [TEST_STEP][PASSED] - delay: Delayed 3 second(s)

2018-12-07 15:33:18 - [MESSAGE][PASSED] - Delayed 3 second(s)

2018-12-07 15:33:18 - [TEST_STEP][PASSED] - navigateToUrl: Navigate to 'https://assist2-uat.perkeso.gov.my/group/control_panel/manage?p_p_id=125&p_p_lifecycle=0&p_p_state=maximized&p_p_mode=view&refererPlid=20455&_125_usersListView=flat-users&_125_toolbarItem=view-all-users&_125_saveUsersListView=true&_125_struts_action=%2Fusers_admin%2Fview' successfully

2018-12-07 15:33:19 - [MESSAGE][PASSED] - Navigate to 'https://assist2-uat.perkeso.gov.my/group/control_panel/manage?p_p_id=125&p_p_lifecycle=0&p_p_state=maximized&p_p_mode=view&refererPlid=20455&_125_usersListView=flat-users&_125_toolbarItem=view-all-users&_125_saveUsersListView=true&_125_struts_action=%2Fusers_admin%2Fview' successfully

2018-12-07 15:33:19 - [TEST_STEP][PASSED] - delay: Delayed 3 second(s)

2018-12-07 15:33:22 - [MESSAGE][PASSED] - Delayed 3 second(s)

2018-12-07 15:33:22 - [TEST_STEP][PASSED] - setText: Text 'perkeso559644895855@gmail.com' is set on object 'Object Repository/Final Object Repo/Creating Employer Account/Page_Users and Organizations - ASSIST/Employer name'

2018-12-07 15:33:23 - [MESSAGE][PASSED] - Text 'perkeso559644895855@gmail.com' is set on object 'Object Repository/Final Object Repo/Creating Employer Account/Page_Users and Organizations - ASSIST/Employer name'

2018-12-07 15:33:23 - [TEST_STEP][PASSED] - delay: Delayed 3 second(s)

2018-12-07 15:33:26 - [MESSAGE][PASSED] - Delayed 3 second(s)

2018-12-07 15:33:26 - [TEST_STEP][PASSED] - click: Object: 'Object Repository/Final Object Repo/Creating Employer Account/Page_Users and Organizations - ASSIST/Search' is clicked on

2018-12-07 15:33:26 - [MESSAGE][PASSED] - Object: 'Object Repository/Final Object Repo/Creating Employer Account/Page_Users and Organizations - ASSIST/Search' is clicked on

2018-12-07 15:33:26 - [TEST_STEP][PASSED] - delay: Delayed 3 second(s)

2018-12-07 15:33:29 - [MESSAGE][PASSED] - Delayed 3 second(s)

2018-12-07 15:33:29 - [TEST_STEP][PASSED] - click: Object: 'Object Repository/Final Object Repo/Creating Employer Account/Page_Users and Organizations - ASSIST/Action' is clicked on

2018-12-07 15:33:29 - [MESSAGE][PASSED] - Object: 'Object Repository/Final Object Repo/Creating Employer Account/Page_Users and Organizations - ASSIST/Action' is clicked on

2018-12-07 15:33:29 - [TEST_STEP][PASSED] - delay: Delayed 3 second(s)

2018-12-07 15:33:32 - [MESSAGE][PASSED] - Delayed 3 second(s)

2018-12-07 15:33:32 - [TEST_STEP][PASSED] - click: Object: 'Object Repository/Final Object Repo/Creating Employer Account/Page_Users and Organizations - ASSIST/Edit' is clicked on

2018-12-07 15:33:33 - [MESSAGE][PASSED] - Object: 'Object Repository/Final Object Repo/Creating Employer Account/Page_Users and Organizations - ASSIST/Edit' is clicked on

2018-12-07 15:33:33 - [TEST_STEP][PASSED] - delay: Delayed 3 second(s)

2018-12-07 15:33:36 - [MESSAGE][PASSED] - Delayed 3 second(s)

2018-12-07 15:33:36 - [TEST_STEP][PASSED] - click: Object: 'Object Repository/Final Object Repo/Creating Employer Account/Page_PERKESO - Users and Organizati/a_Password (Modified)' is clicked on

2018-12-07 15:33:37 - [MESSAGE][PASSED] - Object: 'Object Repository/Final Object Repo/Creating Employer Account/Page_PERKESO - Users and Organizati/a_Password (Modified)' is clicked on

2018-12-07 15:33:37 - [TEST_STEP][PASSED] - delay: Delayed 3 second(s)

2018-12-07 15:33:40 - [MESSAGE][PASSED] - Delayed 3 second(s)

2018-12-07 15:33:40 - [TEST_STEP][PASSED] - setEncryptedText: Text ****** has been set on object 'Object Repository/Final Object Repo/Creating Employer Account/Page_PERKESO - Users and Organizati/input__125_password1'

2018-12-07 15:33:40 - [MESSAGE][PASSED] - Text ****** has been set on object 'Object Repository/Final Object Repo/Creating Employer Account/Page_PERKESO - Users and Organizati/input__125_password1'

2018-12-07 15:33:40 - [TEST_STEP][PASSED] - delay: Delayed 3 second(s)

2018-12-07 15:33:43 - [MESSAGE][PASSED] - Delayed 3 second(s)

2018-12-07 15:33:43 - [TEST_STEP][PASSED] - setEncryptedText: Text ****** has been set on object 'Object Repository/Final Object Repo/Creating Employer Account/Page_PERKESO - Users and Organizati/input__125_password2'

2018-12-07 15:33:43 - [MESSAGE][PASSED] - Text ****** has been set on object 'Object Repository/Final Object Repo/Creating Employer Account/Page_PERKESO - Users and Organizati/input__125_password2'

2018-12-07 15:33:43 - [TEST_STEP][PASSED] - delay: Delayed 3 second(s)

2018-12-07 15:33:46 - [MESSAGE][PASSED] - Delayed 3 second(s)

2018-12-07 15:33:46 - [TEST_STEP][PASSED] - click: Object: 'Object Repository/Final Object Repo/Creating Employer Account/Page_PERKESO - Users and Organizati/Save' is clicked on

2018-12-07 15:33:48 - [MESSAGE][PASSED] - Object: 'Object Repository/Final Object Repo/Creating Employer Account/Page_PERKESO - Users and Organizati/Save' is clicked on

2018-12-07 15:33:48 - [MESSAGE][PASSED] - Call Test Case 'Test Cases/Final Aug 2018 - PKS Automation/Create Employer Acc/Template/Change Password of Employer' successfully

2018-12-07 15:33:48 - [TEST_STEP][PASSED] - delay: Delayed 1 second(s)

2018-12-07 15:33:49 - [MESSAGE][PASSED] - Delayed 1 second(s)

2018-12-07 15:33:49 - [TEST_STEP][PASSED] - navigateToUrl: Navigate to 'https://assist2-uat.perkeso.gov.my/c/portal/logout' successfully

2018-12-07 15:33:50 - [MESSAGE][PASSED] - Navigate to 'https://assist2-uat.perkeso.gov.my/c/portal/logout' successfully

2018-12-07 15:33:50 - [TEST_STEP][PASSED] - delay: Delayed 1 second(s)

2018-12-07 15:33:51 - [MESSAGE][PASSED] - Delayed 1 second(s)

2018-12-07 15:33:51 - [TEST_STEP][PASSED] - callTestCase: Call Test Case 'Test Cases/Final Aug 2018 - PKS Automation/Create Employer Acc/Template/Login to Employer Account (First Time)' successfully

2018-12-07 15:33:51 - [TEST_CASE][PASSED] - Test Cases/Final Aug 2018 - PKS Automation/Create Employer Acc/Template/Login to Employer Account (First Time): Test Cases/Final Aug 2018 - PKS Automation/Create Employer Acc/Template/Login to Employer Account (First Time)

2018-12-07 15:33:51 - [TEST_STEP][PASSED] - openBrowser: Browser is opened with url: ''

2018-12-07 15:33:51 - [MESSAGE][WARNING] - A browser is already opened. Closing browser and opening a new one

2018-12-07 15:33:54 - [MESSAGE][PASSED] - Browser is opened with url: ''

2018-12-07 15:33:54 - [TEST_STEP][PASSED] - navigateToUrl: Navigate to 'https://assist2-uat.perkeso.gov.my/employer/login' successfully

2018-12-07 15:33:55 - [MESSAGE][PASSED] - Navigate to 'https://assist2-uat.perkeso.gov.my/employer/login' successfully

2018-12-07 15:33:55 - [TEST_STEP][PASSED] - delay: Delayed 3 second(s)

2018-12-07 15:33:58 - [MESSAGE][PASSED] - Delayed 3 second(s)

2018-12-07 15:33:58 - [TEST_STEP][PASSED] - callTestCase: Call Test Case 'Test Cases/Final Aug 2018 - PKS Automation/Create Employer Acc/Template/Employer Email Getter' successfully

2018-12-07 15:33:58 - [TEST_CASE][PASSED] - Test Cases/Final Aug 2018 - PKS Automation/Create Employer Acc/Template/Employer Email Getter: Test Cases/Final Aug 2018 - PKS Automation/Create Employer Acc/Template/Employer Email Getter

2018-12-07 15:33:58 - [TEST_STEP][PASSED] - Statement - Try: null

2018-12-07 15:33:58 - [TEST_STEP][PASSED] - Statement - EmpEmail = new java.io.File(C://Users//Admin//Desktop//PKS//Automation Reference Point//EmpEmail.txt): null

2018-12-07 15:33:58 - [TEST_STEP][PASSED] - Statement - bufferread = new java.io.BufferedReader(new java.io.FileReader(EmpEmail)): null

2018-12-07 15:33:58 - [TEST_STEP][PASSED] - Statement - readedVal = bufferread.readLine(): null

2018-12-07 15:33:58 - [TEST_STEP][PASSED] - Statement - out.println(readedVal): null

2018-12-07 15:33:58 - [TEST_STEP][PASSED] - Statement - Email = readedVal: null

2018-12-07 15:33:58 - [MESSAGE][PASSED] - Call Test Case 'Test Cases/Final Aug 2018 - PKS Automation/Create Employer Acc/Template/Employer Email Getter' successfully

2018-12-07 15:33:58 - [TEST_STEP][PASSED] - setText: Text 'perkeso559644895855@gmail.com' is set on object 'Object Repository/Final Object Repo/Login Page/External Login Page/Email'

2018-12-07 15:33:59 - [MESSAGE][PASSED] - Text 'perkeso559644895855@gmail.com' is set on object 'Object Repository/Final Object Repo/Login Page/External Login Page/Email'

2018-12-07 15:33:59 - [TEST_STEP][PASSED] - click: Object: 'Object Repository/Final Object Repo/Login Page/External Login Page/Next' is clicked on

2018-12-07 15:33:59 - [MESSAGE][PASSED] - Object: 'Object Repository/Final Object Repo/Login Page/External Login Page/Next' is clicked on

2018-12-07 15:33:59 - [TEST_STEP][PASSED] - delay: Delayed 3 second(s)

2018-12-07 15:34:02 - [MESSAGE][PASSED] - Delayed 3 second(s)

2018-12-07 15:34:02 - [TEST_STEP][PASSED] - setEncryptedText: Text ****** has been set on object 'Object Repository/Final Object Repo/Login Page/External Login Page/Password'

2018-12-07 15:34:02 - [MESSAGE][PASSED] - Text ****** has been set on object 'Object Repository/Final Object Repo/Login Page/External Login Page/Password'

2018-12-07 15:34:02 - [TEST_STEP][PASSED] - click: Object: 'Object Repository/Final Object Repo/Login Page/External Login Page/Login' is clicked on

2018-12-07 15:34:02 - [MESSAGE][PASSED] - Object: 'Object Repository/Final Object Repo/Login Page/External Login Page/Login' is clicked on

2018-12-07 15:34:02 - [TEST_STEP][PASSED] - delay: Delayed 3 second(s)

2018-12-07 15:34:05 - [MESSAGE][PASSED] - Delayed 3 second(s)

2018-12-07 15:34:05 - [TEST_STEP][PASSED] - click: Object: 'Object Repository/Final Object Repo/Creating Employer Account/Page_Terms of Use - ASSIST/button_I Agree' is clicked on

2018-12-07 15:34:06 - [MESSAGE][PASSED] - Object: 'Object Repository/Final Object Repo/Creating Employer Account/Page_Terms of Use - ASSIST/button_I Agree' is clicked on

2018-12-07 15:34:06 - [TEST_STEP][PASSED] - delay: Delayed 2 second(s)

2018-12-07 15:34:08 - [MESSAGE][PASSED] - Delayed 2 second(s)

2018-12-07 15:34:08 - [TEST_STEP][PASSED] - setEncryptedText: Text ****** has been set on object 'Object Repository/Final Object Repo/Creating Employer Account/Page_New Password - ASSIST/input_password1'

2018-12-07 15:34:08 - [MESSAGE][PASSED] - Text ****** has been set on object 'Object Repository/Final Object Repo/Creating Employer Account/Page_New Password - ASSIST/input_password1'

2018-12-07 15:34:08 - [TEST_STEP][PASSED] - setEncryptedText: Text ****** has been set on object 'Object Repository/Final Object Repo/Creating Employer Account/Page_New Password - ASSIST/input_password2'

2018-12-07 15:34:08 - [MESSAGE][PASSED] - Text ****** has been set on object 'Object Repository/Final Object Repo/Creating Employer Account/Page_New Password - ASSIST/input_password2'

2018-12-07 15:34:08 - [TEST_STEP][PASSED] - delay: Delayed 2 second(s)

2018-12-07 15:34:10 - [MESSAGE][PASSED] - Delayed 2 second(s)

2018-12-07 15:34:10 - [TEST_STEP][PASSED] - click: Object: 'Object Repository/Final Object Repo/Creating Employer Account/Page_New Password - ASSIST/Save' is clicked on

2018-12-07 15:34:10 - [MESSAGE][PASSED] - Object: 'Object Repository/Final Object Repo/Creating Employer Account/Page_New Password - ASSIST/Save' is clicked on

2018-12-07 15:34:10 - [TEST_STEP][PASSED] - delay: Delayed 2 second(s)

2018-12-07 15:34:12 - [MESSAGE][PASSED] - Delayed 2 second(s)

2018-12-07 15:34:12 - [TEST_STEP][PASSED] - setText: Text 'test' is set on object 'Object Repository/Final Object Repo/Creating Employer Account/Page_Password Reminder - ASSIST/Reminder Query Answer'

2018-12-07 15:34:13 - [MESSAGE][PASSED] - Text 'test' is set on object 'Object Repository/Final Object Repo/Creating Employer Account/Page_Password Reminder - ASSIST/Reminder Query Answer'

2018-12-07 15:34:13 - [TEST_STEP][PASSED] - delay: Delayed 2 second(s)

2018-12-07 15:34:15 - [MESSAGE][PASSED] - Delayed 2 second(s)

2018-12-07 15:34:15 - [TEST_STEP][PASSED] - doubleClick: Object: 'Object Repository/Final Object Repo/Creating Employer Account/Page_Password Reminder - ASSIST/Save' is double clicked on

2018-12-07 15:34:15 - [MESSAGE][PASSED] - Object: 'Object Repository/Final Object Repo/Creating Employer Account/Page_Password Reminder - ASSIST/Save' is double clicked on

2018-12-07 15:34:15 - [MESSAGE][PASSED] - Call Test Case 'Test Cases/Final Aug 2018 - PKS Automation/Create Employer Acc/Template/Login to Employer Account (First Time)' successfully

2018-12-07 15:34:15 - [MESSAGE][PASSED] - Call Test Case 'Test Cases/Final Aug 2018 - PKS Automation/Create Employer Acc/Create Employer Account' successfully

2018-12-07 15:34:15 - [TEST_STEP][PASSED] - callTestCase: Call Test Case 'Test Cases/Final Aug 2018 - PKS Automation/Registration Module/Log Out/log out avoiding katalon tagging' successfully

2018-12-07 15:34:15 - [TEST_CASE][PASSED] - Test Cases/Final Aug 2018 - PKS Automation/Registration Module/Log Out/log out avoiding katalon tagging: Test Cases/Final Aug 2018 - PKS Automation/Registration Module/Log Out/log out avoiding katalon tagging

2018-12-07 15:34:15 - [TEST_STEP][PASSED] - navigateToUrl: Navigate to 'https://assist2-uat.perkeso.gov.my/c/portal/logout' successfully

2018-12-07 15:34:18 - [MESSAGE][PASSED] - Navigate to 'https://assist2-uat.perkeso.gov.my/c/portal/logout' successfully

2018-12-07 15:34:18 - [MESSAGE][PASSED] - Call Test Case 'Test Cases/Final Aug 2018 - PKS Automation/Registration Module/Log Out/log out avoiding katalon tagging' successfully

2018-12-07 15:34:18 - [TEST_STEP][PASSED] - callTestCase: Call Test Case 'Test Cases/Final Aug 2018 - PKS Automation/Create Employer Acc/Login to Employer Account (Second time)' successfully

2018-12-07 15:34:18 - [TEST_CASE][PASSED] - Test Cases/Final Aug 2018 - PKS Automation/Create Employer Acc/Login to Employer Account (Second time): Test Cases/Final Aug 2018 - PKS Automation/Create Employer Acc/Login to Employer Account (Second time)

2018-12-07 15:34:18 - [TEST_STEP][PASSED] - openBrowser: Browser is opened with url: ''

2018-12-07 15:34:18 - [MESSAGE][WARNING] - A browser is already opened. Closing browser and opening a new one

2018-12-07 15:34:21 - [MESSAGE][PASSED] - Browser is opened with url: ''

2018-12-07 15:34:21 - [TEST_STEP][PASSED] - navigateToUrl: Navigate to 'https://assist2-uat.perkeso.gov.my/employer/login' successfully

2018-12-07 15:34:22 - [MESSAGE][PASSED] - Navigate to 'https://assist2-uat.perkeso.gov.my/employer/login' successfully

2018-12-07 15:34:22 - [TEST_STEP][PASSED] - delay: Delayed 3 second(s)

2018-12-07 15:34:25 - [MESSAGE][PASSED] - Delayed 3 second(s)

2018-12-07 15:34:25 - [TEST_STEP][PASSED] - callTestCase: Call Test Case 'Test Cases/Final Aug 2018 - PKS Automation/Create Employer Acc/Template/Employer Email Getter' successfully

2018-12-07 15:34:26 - [TEST_CASE][PASSED] - Test Cases/Final Aug 2018 - PKS Automation/Create Employer Acc/Template/Employer Email Getter: Test Cases/Final Aug 2018 - PKS Automation/Create Employer Acc/Template/Employer Email Getter

2018-12-07 15:34:26 - [TEST_STEP][PASSED] - Statement - Try: null

2018-12-07 15:34:26 - [TEST_STEP][PASSED] - Statement - EmpEmail = new java.io.File(C://Users//Admin//Desktop//PKS//Automation Reference Point//EmpEmail.txt): null

2018-12-07 15:34:26 - [TEST_STEP][PASSED] - Statement - bufferread = new java.io.BufferedReader(new java.io.FileReader(EmpEmail)): null

2018-12-07 15:34:26 - [TEST_STEP][PASSED] - Statement - readedVal = bufferread.readLine(): null

2018-12-07 15:34:26 - [TEST_STEP][PASSED] - Statement - out.println(readedVal): null

2018-12-07 15:34:26 - [TEST_STEP][PASSED] - Statement - Email = readedVal: null

2018-12-07 15:34:26 - [MESSAGE][PASSED] - Call Test Case 'Test Cases/Final Aug 2018 - PKS Automation/Create Employer Acc/Template/Employer Email Getter' successfully

2018-12-07 15:34:26 - [TEST_STEP][PASSED] - setText: Text 'perkeso559644895855@gmail.com' is set on object 'Object Repository/Final Object Repo/Login Page/External Login Page/Email'

2018-12-07 15:34:26 - [MESSAGE][PASSED] - Text 'perkeso559644895855@gmail.com' is set on object 'Object Repository/Final Object Repo/Login Page/External Login Page/Email'

2018-12-07 15:34:26 - [TEST_STEP][PASSED] - click: Object: 'Object Repository/Final Object Repo/Login Page/External Login Page/Next' is clicked on

2018-12-07 15:34:26 - [MESSAGE][PASSED] - Object: 'Object Repository/Final Object Repo/Login Page/External Login Page/Next' is clicked on

2018-12-07 15:34:26 - [TEST_STEP][PASSED] - delay: Delayed 3 second(s)

2018-12-07 15:34:29 - [MESSAGE][PASSED] - Delayed 3 second(s)

2018-12-07 15:34:29 - [TEST_STEP][PASSED] - setEncryptedText: Text ****** has been set on object 'Object Repository/Final Object Repo/Login Page/External Login Page/Password'

2018-12-07 15:34:30 - [MESSAGE][PASSED] - Text ****** has been set on object 'Object Repository/Final Object Repo/Login Page/External Login Page/Password'

2018-12-07 15:34:30 - [TEST_STEP][PASSED] - click: Object: 'Object Repository/Final Object Repo/Login Page/External Login Page/Login' is clicked on

2018-12-07 15:34:30 - [MESSAGE][PASSED] - Object: 'Object Repository/Final Object Repo/Login Page/External Login Page/Login' is clicked on

2018-12-07 15:34:30 - [TEST_STEP][PASSED] - delay: Delayed 5 second(s)

2018-12-07 15:34:35 - [MESSAGE][PASSED] - Delayed 5 second(s)

2018-12-07 15:34:35 - [MESSAGE][PASSED] - Call Test Case 'Test Cases/Final Aug 2018 - PKS Automation/Create Employer Acc/Login to Employer Account (Second time)' successfully

2018-12-07 15:34:35 - [TEST_STEP][PASSED] - delay: Delayed 4 second(s)

2018-12-07 15:34:39 - [MESSAGE][PASSED] - Delayed 4 second(s)

2018-12-07 15:34:39 - [TEST_STEP][PASSED] - Statement - Try: Delayed 2 second(s)

2018-12-07 15:34:39 - [TEST_STEP][PASSED] - Statement - Checker = false: null

2018-12-07 15:34:39 - [TEST_STEP][PASSED] - Statement - Checker = com.kms.katalon.core.webui.keyword.WebUiBuiltInKeywords.verifyElementHasAttribute(com.kms.katalon.core.testobject.ObjectRepository.findTestObject(Final Object Repo/Landing Page/BM Detecting), "href", 20, OPTIONAL): Object 'Object Repository/Final Object Repo/Landing Page/BM Detecting' has attribute 'href'

2018-12-07 15:34:39 - [MESSAGE][PASSED] - Object 'Object Repository/Final Object Repo/Landing Page/BM Detecting' has attribute 'href'

2018-12-07 15:34:39 - [TEST_STEP][PASSED] - Statement - out.println(Checker): null

2018-12-07 15:34:39 - [TEST_STEP][PASSED] - Statement - If (Checker == false): null

2018-12-07 15:34:39 - [TEST_STEP][PASSED] - Statement - Else: null

2018-12-07 15:34:39 - [TEST_STEP][PASSED] - delay: Delayed 2 second(s)

2018-12-07 15:34:41 - [MESSAGE][PASSED] - Delayed 2 second(s)

2018-12-07 15:34:41 - [TEST_STEP][PASSED] - delay: Delayed 4 second(s)

2018-12-07 15:34:45 - [MESSAGE][PASSED] - Delayed 4 second(s)

2018-12-07 15:34:45 - [TEST_STEP][PASSED] - click: Object: 'Object Repository/Final Object Repo/Landing Page/My Sites Drop Down' is clicked on

2018-12-07 15:34:45 - [MESSAGE][PASSED] - Object: 'Object Repository/Final Object Repo/Landing Page/My Sites Drop Down' is clicked on

2018-12-07 15:34:45 - [TEST_STEP][PASSED] - click: Object: 'Object Repository/Final Object Repo/Landing Page/Select to Registration Module' is clicked on

2018-12-07 15:34:48 - [MESSAGE][PASSED] - Object: 'Object Repository/Final Object Repo/Landing Page/Select to Registration Module' is clicked on

2018-12-07 15:34:48 - [TEST_STEP][PASSED] - click: Object: 'Object Repository/Final Object Repo/Landing Page/Registration Button' is clicked on

2018-12-07 15:34:50 - [MESSAGE][PASSED] - Object: 'Object Repository/Final Object Repo/Landing Page/Registration Button' is clicked on

2018-12-07 15:34:50 - [TEST_STEP][PASSED] - delay: Delayed 2 second(s)

2018-12-07 15:34:52 - [MESSAGE][PASSED] - Delayed 2 second(s)

2018-12-07 15:34:52 - [TEST_STEP][PASSED] - click: Object: 'Object Repository/Final Object Repo/New Registration - Registration Module Pages/New Reg - OTC to RO/Special Case - OTC - Form 1/AEC NO' is clicked on

2018-12-07 15:34:52 - [MESSAGE][PASSED] - Object: 'Object Repository/Final Object Repo/New Registration - Registration Module Pages/New Reg - OTC to RO/Special Case - OTC - Form 1/AEC NO' is clicked on

2018-12-07 15:34:52 - [TEST_STEP][PASSED] - click: Object: 'Object Repository/Final Object Repo/New Registration - Registration Module Pages/New Reg - OTC to RO/Special Case - OTC - Form 1/Business Entity - Please Select' is clicked on

2018-12-07 15:34:52 - [MESSAGE][PASSED] - Object: 'Object Repository/Final Object Repo/New Registration - Registration Module Pages/New Reg - OTC to RO/Special Case - OTC - Form 1/Business Entity - Please Select' is clicked on

2018-12-07 15:34:52 - [TEST_STEP][PASSED] - click: Object: 'Object Repository/Final Object Repo/New Registration - Registration Module Pages/New Reg - OTC to RO/Special Case - OTC - Form 1/Selected - Corporation' is clicked on

2018-12-07 15:34:52 - [MESSAGE][PASSED] - Object: 'Object Repository/Final Object Repo/New Registration - Registration Module Pages/New Reg - OTC to RO/Special Case - OTC - Form 1/Selected - Corporation' is clicked on

2018-12-07 15:34:52 - [TEST_STEP][PASSED] - delay: Delayed 2 second(s)

2018-12-07 15:34:54 - [MESSAGE][PASSED] - Delayed 2 second(s)

2018-12-07 15:34:54 - [TEST_STEP][PASSED] - click: Object: 'Object Repository/Final Object Repo/New Registration - Registration Module Pages/New Reg - OTC to RO/Special Case - OTC - Form 1/Sub Business Entity - Please Select' is clicked on

2018-12-07 15:34:55 - [MESSAGE][PASSED] - Object: 'Object Repository/Final Object Repo/New Registration - Registration Module Pages/New Reg - OTC to RO/Special Case - OTC - Form 1/Sub Business Entity - Please Select' is clicked on

2018-12-07 15:34:55 - [TEST_STEP][PASSED] - delay: Delayed 2 second(s)

2018-12-07 15:34:57 - [MESSAGE][PASSED] - Delayed 2 second(s)

2018-12-07 15:34:57 - [TEST_STEP][PASSED] - click: Object: 'Object Repository/Final Object Repo/New Registration - Registration Module Pages/New Reg - OTC to RO/Special Case - OTC - Form 1/Selected - Sendirian Berhad' is clicked on

2018-12-07 15:34:57 - [MESSAGE][PASSED] - Object: 'Object Repository/Final Object Repo/New Registration - Registration Module Pages/New Reg - OTC to RO/Special Case - OTC - Form 1/Selected - Sendirian Berhad' is clicked on

2018-12-07 15:34:57 - [TEST_STEP][PASSED] - setText: Text 'AUTOMATE001' is set on object 'Object Repository/Final Object Repo/New Registration - Registration Module Pages/New Reg - OTC to RO/Special Case - OTC - Form 1/Input BRN Number'

2018-12-07 15:34:57 - [MESSAGE][PASSED] - Text 'AUTOMATE001' is set on object 'Object Repository/Final Object Repo/New Registration - Registration Module Pages/New Reg - OTC to RO/Special Case - OTC - Form 1/Input BRN Number'

2018-12-07 15:34:57 - [TEST_STEP][PASSED] - delay: Delayed 2 second(s)

2018-12-07 15:34:59 - [MESSAGE][PASSED] - Delayed 2 second(s)

2018-12-07 15:34:59 - [TEST_STEP][PASSED] - click: Object: 'Object Repository/Final Object Repo/New Registration - Registration Module Pages/New Reg - OTC to RO/Special Case - OTC - Form 1/BRN Search' is clicked on

2018-12-07 15:34:59 - [MESSAGE][PASSED] - Object: 'Object Repository/Final Object Repo/New Registration - Registration Module Pages/New Reg - OTC to RO/Special Case - OTC - Form 1/BRN Search' is clicked on

2018-12-07 15:34:59 - [TEST_STEP][PASSED] - delay: Delayed 4 second(s)

2018-12-07 15:35:03 - [MESSAGE][PASSED] - Delayed 4 second(s)

2018-12-07 15:35:03 - [TEST_STEP][PASSED] - click: Object: 'Object Repository/Final Object Repo/New Registration - Registration Module Pages/New Reg - OTC to RO/Special Case - OTC - Form 1/Registered with SSM - After Feb 2017' is clicked on

2018-12-07 15:35:04 - [MESSAGE][PASSED] - Object: 'Object Repository/Final Object Repo/New Registration - Registration Module Pages/New Reg - OTC to RO/Special Case - OTC - Form 1/Registered with SSM - After Feb 2017' is clicked on

2018-12-07 15:35:04 - [TEST_STEP][PASSED] - delay: Delayed 2 second(s)

2018-12-07 15:35:06 - [MESSAGE][PASSED] - Delayed 2 second(s)

2018-12-07 15:35:06 - [TEST_STEP][PASSED] - click: Object: 'Object Repository/Final Object Repo/New Registration - Registration Module Pages/Form 1/Registered As a Branch - Yes' is clicked on

2018-12-07 15:35:06 - [MESSAGE][PASSED] - Object: 'Object Repository/Final Object Repo/New Registration - Registration Module Pages/Form 1/Registered As a Branch - Yes' is clicked on

2018-12-07 15:35:06 - [TEST_STEP][PASSED] - click: Object: 'Object Repository/Final Object Repo/New Registration - Registration Module Pages/New Reg - OTC to RO/Special Case - OTC - Form 1/Acknowledgement Ticked' is clicked on

2018-12-07 15:35:06 - [MESSAGE][PASSED] - Object: 'Object Repository/Final Object Repo/New Registration - Registration Module Pages/New Reg - OTC to RO/Special Case - OTC - Form 1/Acknowledgement Ticked' is clicked on

2018-12-07 15:35:06 - [TEST_STEP][PASSED] - setText: Text 'perkeso559644895855@gmail.com' is set on object 'Object Repository/Final Object Repo/New Registration - Registration Module Pages/Form 1/Email'

2018-12-07 15:35:07 - [MESSAGE][PASSED] - Text 'perkeso559644895855@gmail.com' is set on object 'Object Repository/Final Object Repo/New Registration - Registration Module Pages/Form 1/Email'

2018-12-07 15:35:07 - [TEST_STEP][PASSED] - click: Object: 'Object Repository/Final Object Repo/New Registration - Registration Module Pages/New Reg - OTC to RO/Special Case - OTC - Form 1/Submit Button' is clicked on

2018-12-07 15:35:07 - [MESSAGE][PASSED] - Object: 'Object Repository/Final Object Repo/New Registration - Registration Module Pages/New Reg - OTC to RO/Special Case - OTC - Form 1/Submit Button' is clicked on

2018-12-07 15:35:07 - [TEST_STEP][PASSED] - callTestCase: Call Test Case 'Test Cases/Final Aug 2018 - PKS Automation/Registration Module/New Registration/Form 2/Add 1 Eligible - Employer Account Use' successfully

2018-12-07 15:35:07 - [TEST_CASE][PASSED] - Test Cases/Final Aug 2018 - PKS Automation/Registration Module/New Registration/Form 2/Add 1 Eligible - Employer Account Use: Test Cases/Final Aug 2018 - PKS Automation/Registration Module/New Registration/Form 2/Add 1 Eligible - Employer Account Use

2018-12-07 15:35:07 - [TEST_STEP][PASSED] - delay: Delayed 2 second(s)

2018-12-07 15:35:09 - [MESSAGE][PASSED] - Delayed 2 second(s)

2018-12-07 15:35:09 - [TEST_STEP][PASSED] - callTestCase: Call Test Case 'Test Cases/Final Aug 2018 - PKS Automation/Registration Module/New Registration/Form 2/Date Updater' successfully

2018-12-07 15:35:09 - [TEST_CASE][PASSED] - Test Cases/Final Aug 2018 - PKS Automation/Registration Module/New Registration/Form 2/Date Updater: Test Cases/Final Aug 2018 - PKS Automation/Registration Module/New Registration/Form 2/Date Updater

2018-12-07 15:35:09 - [TEST_STEP][PASSED] - Statement - TodayDate = new java.util.Date(): null

2018-12-07 15:35:09 - [TEST_STEP][PASSED] - Statement - CurrentDateNoFilter = new java.text.SimpleDateFormat(): null

2018-12-07 15:35:09 - [TEST_STEP][PASSED] - Statement - CurrentDateNoFilter.applyPattern("MM"): null

2018-12-07 15:35:09 - [TEST_STEP][PASSED] - Statement - monthContainerMatcher = java.lang.Integer.parseInt(CurrentDateNoFilter.format(TodayDate)): null

2018-12-07 15:35:09 - [TEST_STEP][PASSED] - Statement - monthContainerMatcher = monthContainerMatcher - 1: null

2018-12-07 15:35:09 - [TEST_STEP][PASSED] - Statement - CurrentMonth = monthContainerMatcher.toString(): null

2018-12-07 15:35:09 - [TEST_STEP][PASSED] - Statement - CurrentMonth = CurrentMonth: null

2018-12-07 15:35:09 - [TEST_STEP][PASSED] - Statement - CurrentDateNoFilter.applyPattern("yyyy"): null

2018-12-07 15:35:09 - [TEST_STEP][PASSED] - Statement - CurrentYear = CurrentDateNoFilter.format(TodayDate): null

2018-12-07 15:35:09 - [TEST_STEP][PASSED] - Statement - CurrentYear = CurrentYear: null

2018-12-07 15:35:09 - [TEST_STEP][PASSED] - Statement - intCurrentYear = java.lang.Integer.parseInt(CurrentDateNoFilter.format(TodayDate)): null

2018-12-07 15:35:09 - [TEST_STEP][PASSED] - Statement - eighteenYrsAgo = intCurrentYear - 18: null

2018-12-07 15:35:09 - [TEST_STEP][PASSED] - Statement - eighteenYrsBeforeThisYr = eighteenYrsAgo.toString(): null

2018-12-07 15:35:09 - [TEST_STEP][PASSED] - Statement - EighteenYrsBefore = eighteenYrsBeforeThisYr: null

2018-12-07 15:35:09 - [TEST_STEP][PASSED] - Statement - fiftysevenYrsAgo = intCurrentYear - 57: null

2018-12-07 15:35:09 - [TEST_STEP][PASSED] - Statement - fiftysevenYrsBeforeThisYr = fiftysevenYrsAgo.toString(): null

2018-12-07 15:35:09 - [TEST_STEP][PASSED] - Statement - FiftysevenYrsBefore = fiftysevenYrsBeforeThisYr: null

2018-12-07 15:35:09 - [TEST_STEP][PASSED] - Statement - leapYear = false: null

2018-12-07 15:35:09 - [TEST_STEP][PASSED] - Statement - leapYear = intCurrentYear % 4 == 0: null

2018-12-07 15:35:09 - [TEST_STEP][PASSED] - Statement - CurrentDateNoFilter.applyPattern("dd"): null

2018-12-07 15:35:09 - [TEST_STEP][PASSED] - Statement - CurrentDate = CurrentDateNoFilter.format(TodayDate): null

2018-12-07 15:35:09 - [TEST_STEP][PASSED] - Statement - CurrentDate = java.lang.Integer.parseInt(CurrentDate): null

2018-12-07 15:35:09 - [TEST_STEP][PASSED] - Statement - CurrentDate = CurrentDate: null

2018-12-07 15:35:09 - [TEST_STEP][PASSED] - Statement - CurrentDay = java.lang.Integer.parseInt(CurrentDate): null

2018-12-07 15:35:09 - [TEST_STEP][PASSED] - Statement - ConfAdder = <not implemented yet for class: org.codehaus.groovy.ast.expr.EmptyExpression>: null

2018-12-07 15:35:09 - [TEST_STEP][PASSED] - Statement - out.println(CurrentMonth): null

2018-12-07 15:35:09 - [TEST_STEP][PASSED] - Statement - out.println(CurrentDate): null

2018-12-07 15:35:09 - [TEST_STEP][PASSED] - Statement - switch (CurrentDate): null

2018-12-07 15:35:09 - [TEST_STEP][PASSED] - Statement - Default: null

2018-12-07 15:35:09 - [TEST_STEP][PASSED] - Statement - ConfAdder = true: null

2018-12-07 15:35:09 - [TEST_STEP][PASSED] - Statement - Break: null

2018-12-07 15:35:09 - [TEST_STEP][PASSED] - Statement - aDayBefore = <not implemented yet for class: org.codehaus.groovy.ast.expr.EmptyExpression>: null

2018-12-07 15:35:09 - [TEST_STEP][PASSED] - Statement - out.println(ConfAdder): null

2018-12-07 15:35:09 - [TEST_STEP][PASSED] - Statement - If (ConfAdder == true): null

2018-12-07 15:35:09 - [TEST_STEP][PASSED] - Statement - aDayBefore = CurrentDay + 1: null

2018-12-07 15:35:10 - [TEST_STEP][PASSED] - Statement - out.println(aDayBefore): null

2018-12-07 15:35:10 - [TEST_STEP][PASSED] - Statement - If (aDayBefore == 1 && CurrentMonth == 11): null

2018-12-07 15:35:10 - [TEST_STEP][PASSED] - Statement - DayBefore = aDayBefore.toString(): null

2018-12-07 15:35:10 - [TEST_STEP][PASSED] - Statement - OneDayBefore = DayBefore: null

2018-12-07 15:35:10 - [MESSAGE][PASSED] - Call Test Case 'Test Cases/Final Aug 2018 - PKS Automation/Registration Module/New Registration/Form 2/Date Updater' successfully

2018-12-07 15:35:10 - [TEST_STEP][PASSED] - delay: Delayed 1 second(s)

2018-12-07 15:35:11 - [MESSAGE][PASSED] - Delayed 1 second(s)

2018-12-07 15:35:11 - [TEST_STEP][PASSED] - Statement - CaseReferenceNo = com.kms.katalon.core.webui.keyword.WebUiBuiltInKeywords.getText(com.kms.katalon.core.testobject.ObjectRepository.findTestObject(Final Object Repo/New Registration - Registration Module Pages/Form 2/RefNo Acquiring)): Text of object 'Object Repository/Final Object Repo/New Registration - Registration Module Pages/Form 2/RefNo Acquiring' is: 'CRN12201800123097'

2018-12-07 15:35:11 - [MESSAGE][PASSED] - Text of object 'Object Repository/Final Object Repo/New Registration - Registration Module Pages/Form 2/RefNo Acquiring' is: 'CRN12201800123097'

2018-12-07 15:35:11 - [TEST_STEP][PASSED] - delay: Delayed 1 second(s)

2018-12-07 15:35:12 - [MESSAGE][PASSED] - Delayed 1 second(s)

2018-12-07 15:35:12 - [TEST_STEP][PASSED] - click: Object: 'Object Repository/Final Object Repo/New Registration - Registration Module Pages/Form 2/Add Employee Button' is clicked on

2018-12-07 15:35:12 - [MESSAGE][PASSED] - Object: 'Object Repository/Final Object Repo/New Registration - Registration Module Pages/Form 2/Add Employee Button' is clicked on

2018-12-07 15:35:12 - [TEST_STEP][PASSED] - delay: Delayed 1 second(s)

2018-12-07 15:35:13 - [MESSAGE][PASSED] - Delayed 1 second(s)

2018-12-07 15:35:13 - [TEST_STEP][PASSED] - setText: Text '010903091948' is set on object 'Object Repository/Final Object Repo/New Registration - Registration Module Pages/Form 2/NRIC Input'

2018-12-07 15:35:13 - [MESSAGE][PASSED] - Text '010903091948' is set on object 'Object Repository/Final Object Repo/New Registration - Registration Module Pages/Form 2/NRIC Input'

2018-12-07 15:35:13 - [TEST_STEP][PASSED] - delay: Delayed 2 second(s)

2018-12-07 15:35:15 - [MESSAGE][PASSED] - Delayed 2 second(s)

2018-12-07 15:35:15 - [TEST_STEP][PASSED] - setText: Text 'Automate001 eligible 1' is set on object 'Object Repository/Final Object Repo/New Registration - Registration Module Pages/Form 2/Employee Name Input'

2018-12-07 15:35:16 - [MESSAGE][PASSED] - Text 'Automate001 eligible 1' is set on object 'Object Repository/Final Object Repo/New Registration - Registration Module Pages/Form 2/Employee Name Input'

2018-12-07 15:35:16 - [TEST_STEP][PASSED] - delay: Delayed 2 second(s)

2018-12-07 15:35:18 - [MESSAGE][PASSED] - Delayed 2 second(s)

2018-12-07 15:35:18 - [TEST_STEP][PASSED] - click: Object: 'Object Repository/Final Object Repo/New Registration - Registration Module Pages/Form 2/DatePicker Pop Up' is clicked on

2018-12-07 15:35:18 - [MESSAGE][PASSED] - Object: 'Object Repository/Final Object Repo/New Registration - Registration Module Pages/Form 2/DatePicker Pop Up' is clicked on

2018-12-07 15:35:18 - [TEST_STEP][PASSED] - click: Object: 'Object Repository/Final Object Repo/New Registration - Registration Module Pages/Form 2/DOB Month' is clicked on

2018-12-07 15:35:18 - [MESSAGE][PASSED] - Object: 'Object Repository/Final Object Repo/New Registration - Registration Module Pages/Form 2/DOB Month' is clicked on

2018-12-07 15:35:18 - [TEST_STEP][PASSED] - Statement - CurrentMonth = CurrentMonth: null

2018-12-07 15:35:18 - [TEST_STEP][PASSED] - Statement - selectMonth = new com.kms.katalon.core.testobject.TestObject(): null

2018-12-07 15:35:18 - [TEST_STEP][PASSED] - Statement - selectMonth.addProperty("xpath", EQUALS, "//body/div/div/div/select/option[@value='" + CurrentMonth + "']", true): null

2018-12-07 15:35:18 - [TEST_STEP][PASSED] - click: Object: '' is clicked on

2018-12-07 15:35:19 - [MESSAGE][PASSED] - Object: '' is clicked on

2018-12-07 15:35:19 - [TEST_STEP][PASSED] - click: Object: 'Object Repository/Final Object Repo/New Registration - Registration Module Pages/Form 2/DOB Year' is clicked on

2018-12-07 15:35:19 - [MESSAGE][PASSED] - Object: 'Object Repository/Final Object Repo/New Registration - Registration Module Pages/Form 2/DOB Year' is clicked on

2018-12-07 15:35:19 - [TEST_STEP][PASSED] - Statement - Eyearsbf = EighteenYrsBefore: null

2018-12-07 15:35:19 - [TEST_STEP][PASSED] - Statement - selectYear = new com.kms.katalon.core.testobject.TestObject(): null

2018-12-07 15:35:19 - [TEST_STEP][PASSED] - Statement - selectYear.addProperty("xpath", EQUALS, "//div/div/div/select/option[@value='" + Eyearsbf + "']", true): null

2018-12-07 15:35:19 - [TEST_STEP][PASSED] - click: Object: '' is clicked on

2018-12-07 15:35:19 - [MESSAGE][PASSED] - Object: '' is clicked on

2018-12-07 15:35:19 - [TEST_STEP][PASSED] - Statement - UpdatedSelectDate = com.kms.katalon.core.webui.keyword.WebUiBuiltInKeywords.modifyObjectProperty(com.kms.katalon.core.testobject.ObjectRepository.findTestObject(Final Object Repo/New Registration - Registration Module Pages/Form 2/DOB Date), "xpath", "equals", "//body/div/table/tbody/tr/td/a[text()="" + CurrentDate + ""]", true): Modify property of object successfully

2018-12-07 15:35:19 - [MESSAGE][PASSED] - Modify property of object successfully

2018-12-07 15:35:19 - [TEST_STEP][PASSED] - delay: Delayed 3 second(s)

2018-12-07 15:35:22 - [MESSAGE][PASSED] - Delayed 3 second(s)

2018-12-07 15:35:22 - [TEST_STEP][PASSED] - click: Object: 'Object Repository/Final Object Repo/New Registration - Registration Module Pages/Form 2/DOB Date' is clicked on

2018-12-07 15:35:22 - [MESSAGE][PASSED] - Object: 'Object Repository/Final Object Repo/New Registration - Registration Module Pages/Form 2/DOB Date' is clicked on

2018-12-07 15:35:22 - [TEST_STEP][PASSED] - delay: Delayed 2 second(s)

2018-12-07 15:35:24 - [MESSAGE][PASSED] - Delayed 2 second(s)

2018-12-07 15:35:24 - [TEST_STEP][PASSED] - click: Object: 'Object Repository/Final Object Repo/New Registration - Registration Module Pages/Form 2/EmploymentStartDate Pop Up' is clicked on

2018-12-07 15:35:24 - [MESSAGE][PASSED] - Object: 'Object Repository/Final Object Repo/New Registration - Registration Module Pages/Form 2/EmploymentStartDate Pop Up' is clicked on

2018-12-07 15:35:24 - [TEST_STEP][PASSED] - delay: Delayed 2 second(s)

2018-12-07 15:35:26 - [MESSAGE][PASSED] - Delayed 2 second(s)

2018-12-07 15:35:26 - [TEST_STEP][PASSED] - click: Object: 'Object Repository/Final Object Repo/New Registration - Registration Module Pages/Form 2/Socso Employment StartDate Month' is clicked on

2018-12-07 15:35:27 - [MESSAGE][PASSED] - Object: 'Object Repository/Final Object Repo/New Registration - Registration Module Pages/Form 2/Socso Employment StartDate Month' is clicked on

2018-12-07 15:35:27 - [TEST_STEP][PASSED] - delay: Delayed 1 second(s)

2018-12-07 15:35:28 - [MESSAGE][PASSED] - Delayed 1 second(s)

2018-12-07 15:35:28 - [TEST_STEP][PASSED] - click: Object: 'Object Repository/Final Object Repo/New Registration - Registration Module Pages/Form 2/Select Socso Employement Startdate Month' is clicked on

2018-12-07 15:35:28 - [MESSAGE][PASSED] - Object: 'Object Repository/Final Object Repo/New Registration - Registration Module Pages/Form 2/Select Socso Employement Startdate Month' is clicked on

2018-12-07 15:35:28 - [TEST_STEP][PASSED] - delay: Delayed 2 second(s)

2018-12-07 15:35:30 - [MESSAGE][PASSED] - Delayed 2 second(s)

2018-12-07 15:35:30 - [TEST_STEP][PASSED] - click: Object: 'Object Repository/Final Object Repo/New Registration - Registration Module Pages/Form 2/Socso Employment StartDate Year' is clicked on

2018-12-07 15:35:30 - [MESSAGE][PASSED] - Object: 'Object Repository/Final Object Repo/New Registration - Registration Module Pages/Form 2/Socso Employment StartDate Year' is clicked on

2018-12-07 15:35:30 - [TEST_STEP][PASSED] - delay: Delayed 1 second(s)

2018-12-07 15:35:31 - [MESSAGE][PASSED] - Delayed 1 second(s)

2018-12-07 15:35:31 - [TEST_STEP][PASSED] - click: Object: 'Object Repository/Final Object Repo/New Registration - Registration Module Pages/Form 2/Select Socso Employment Startdate Year' is clicked on

2018-12-07 15:35:31 - [MESSAGE][PASSED] - Object: 'Object Repository/Final Object Repo/New Registration - Registration Module Pages/Form 2/Select Socso Employment Startdate Year' is clicked on

2018-12-07 15:35:31 - [TEST_STEP][PASSED] - delay: Delayed 2 second(s)

2018-12-07 15:35:33 - [MESSAGE][PASSED] - Delayed 2 second(s)

2018-12-07 15:35:33 - [TEST_STEP][PASSED] - click: Object: 'Object Repository/Final Object Repo/New Registration - Registration Module Pages/Form 2/Socso Employment Start Date Day' is clicked on

2018-12-07 15:35:33 - [MESSAGE][PASSED] - Object: 'Object Repository/Final Object Repo/New Registration - Registration Module Pages/Form 2/Socso Employment Start Date Day' is clicked on

2018-12-07 15:35:33 - [TEST_STEP][PASSED] - delay: Delayed 2 second(s)

2018-12-07 15:35:35 - [MESSAGE][PASSED] - Delayed 2 second(s)

2018-12-07 15:35:35 - [TEST_STEP][PASSED] - click: Object: 'Object Repository/Final Object Repo/New Registration - Registration Module Pages/Form 2/Save Button for Add Employee' is clicked on

2018-12-07 15:35:35 - [MESSAGE][PASSED] - Object: 'Object Repository/Final Object Repo/New Registration - Registration Module Pages/Form 2/Save Button for Add Employee' is clicked on

2018-12-07 15:35:36 - [TEST_STEP][PASSED] - delay: Delayed 6 second(s)

2018-12-07 15:35:42 - [MESSAGE][PASSED] - Delayed 6 second(s)

2018-12-07 15:35:42 - [TEST_STEP][PASSED] - click: Object: 'Object Repository/Final Object Repo/New Registration - Registration Module Pages/Form 2/Save and Continue Form 2' is clicked on

2018-12-07 15:35:42 - [MESSAGE][PASSED] - Object: 'Object Repository/Final Object Repo/New Registration - Registration Module Pages/Form 2/Save and Continue Form 2' is clicked on

2018-12-07 15:35:42 - [MESSAGE][PASSED] - Call Test Case 'Test Cases/Final Aug 2018 - PKS Automation/Registration Module/New Registration/Form 2/Add 1 Eligible - Employer Account Use' successfully

2018-12-07 15:35:42 - [TEST_STEP][PASSED] - callTestCase: Call Test Case 'Test Cases/Final Aug 2018 - PKS Automation/Registration Module/New Registration/Flow of New Registration/Third Screen - Upload Supporting Doc - Preview' successfully

2018-12-07 15:35:42 - [TEST_CASE][PASSED] - Test Cases/Final Aug 2018 - PKS Automation/Registration Module/New Registration/Flow of New Registration/Third Screen - Upload Supporting Doc - Preview: Test Cases/Final Aug 2018 - PKS Automation/Registration Module/New Registration/Flow of New Registration/Third Screen - Upload Supporting Doc - Preview

2018-12-07 15:35:42 - [TEST_STEP][PASSED] - waitForPageLoad: Wait for page load successfully

2018-12-07 15:35:43 - [MESSAGE][PASSED] - Wait for page load successfully

2018-12-07 15:35:43 - [TEST_STEP][PASSED] - Statement - CaseReferenceNo = com.kms.katalon.core.webui.keyword.WebUiBuiltInKeywords.getText(com.kms.katalon.core.testobject.ObjectRepository.findTestObject(Final Object Repo/New Registration - Registration Module Pages/Third Screen - Upload Supporting Doc- Preview/RefNo Acquiring)): Text of object 'Object Repository/Final Object Repo/New Registration - Registration Module Pages/Third Screen - Upload Supporting Doc- Preview/RefNo Acquiring' is: 'CRN12201800123097'

2018-12-07 15:35:43 - [MESSAGE][PASSED] - Text of object 'Object Repository/Final Object Repo/New Registration - Registration Module Pages/Third Screen - Upload Supporting Doc- Preview/RefNo Acquiring' is: 'CRN12201800123097'

2018-12-07 15:35:43 - [TEST_STEP][PASSED] - delay: Delayed 2 second(s)

2018-12-07 15:35:45 - [MESSAGE][PASSED] - Delayed 2 second(s)

2018-12-07 15:35:45 - [TEST_STEP][PASSED] - callTestCase: Call Test Case 'Test Cases/Final Aug 2018 - PKS Automation/Common/Reference Number Setter' successfully

2018-12-07 15:35:45 - [TEST_CASE][PASSED] - Test Cases/Final Aug 2018 - PKS Automation/Common/Reference Number Setter: Test Cases/Final Aug 2018 - PKS Automation/Common/Reference Number Setter

2018-12-07 15:35:45 - [TEST_STEP][PASSED] - Statement - RefNoOldFile = new java.io.File(C://Users//Admin//Desktop//PKS//Automation Reference Point//KatalonReference.txt): null

2018-12-07 15:35:45 - [TEST_STEP][PASSED] - Statement - RefNoOldFile.delete(): null

2018-12-07 15:35:45 - [TEST_STEP][PASSED] - delay: Delayed 5 second(s)

2018-12-07 15:35:50 - [MESSAGE][PASSED] - Delayed 5 second(s)

2018-12-07 15:35:50 - [TEST_STEP][PASSED] - Statement - RefNo = new java.io.File(C://Users//Admin//Desktop//PKS//Automation Reference Point//KatalonReference.txt): null

2018-12-07 15:35:50 - [TEST_STEP][PASSED] - Statement - f2 = new java.io.FileWriter(RefNo, false): null

2018-12-07 15:35:50 - [TEST_STEP][PASSED] - Statement - f2.write(CaseReferenceNo): null

2018-12-07 15:35:50 - [TEST_STEP][PASSED] - Statement - f2.close(): null

2018-12-07 15:35:50 - [TEST_STEP][PASSED] - Statement - out.println("


" + CaseReferenceNo + "


"): null

2018-12-07 15:35:50 - [MESSAGE][PASSED] - Call Test Case 'Test Cases/Final Aug 2018 - PKS Automation/Common/Reference Number Setter' successfully

2018-12-07 15:35:50 - [TEST_STEP][PASSED] - waitForElementClickable: Object 'Object Repository/Final Object Repo/New Registration - Registration Module Pages/Third Screen - Upload Supporting Doc- Preview/Save n Continue in SIP Employee Listing Page' is clickable

2018-12-07 15:35:50 - [MESSAGE][PASSED] - Object 'Object Repository/Final Object Repo/New Registration - Registration Module Pages/Third Screen - Upload Supporting Doc- Preview/Save n Continue in SIP Employee Listing Page' is clickable

2018-12-07 15:35:50 - [TEST_STEP][PASSED] - click: Object: 'Object Repository/Final Object Repo/New Registration - Registration Module Pages/Third Screen - Upload Supporting Doc- Preview/Save n Continue in SIP Employee Listing Page' is clicked on

2018-12-07 15:35:55 - [MESSAGE][PASSED] - Object: 'Object Repository/Final Object Repo/New Registration - Registration Module Pages/Third Screen - Upload Supporting Doc- Preview/Save n Continue in SIP Employee Listing Page' is clicked on

2018-12-07 15:35:55 - [TEST_STEP][PASSED] - delay: Delayed 7 second(s)

2018-12-07 15:36:02 - [MESSAGE][PASSED] - Delayed 7 second(s)

2018-12-07 15:36:02 - [TEST_STEP][PASSED] - click: Object: 'Object Repository/Final Object Repo/New Registration - Registration Module Pages/Third Screen - Upload Supporting Doc- Preview/Add Document Button' is clicked on

2018-12-07 15:36:02 - [MESSAGE][PASSED] - Object: 'Object Repository/Final Object Repo/New Registration - Registration Module Pages/Third Screen - Upload Supporting Doc- Preview/Add Document Button' is clicked on

2018-12-07 15:36:02 - [TEST_STEP][PASSED] - delay: Delayed 30 second(s)

2018-12-07 15:36:32 - [MESSAGE][PASSED] - Delayed 30 second(s)

2018-12-07 15:36:32 - [TEST_STEP][PASSED] - click: Object: 'Object Repository/Final Object Repo/New Registration - Registration Module Pages/Third Screen - Upload Supporting Doc- Preview/Supporting Doc Please Select Drop Down' is clicked on

2018-12-07 15:36:33 - [MESSAGE][PASSED] - Object: 'Object Repository/Final Object Repo/New Registration - Registration Module Pages/Third Screen - Upload Supporting Doc- Preview/Supporting Doc Please Select Drop Down' is clicked on

2018-12-07 15:36:33 - [TEST_STEP][PASSED] - delay: Delayed 2 second(s)

2018-12-07 15:36:35 - [MESSAGE][PASSED] - Delayed 2 second(s)

2018-12-07 15:36:35 - [TEST_STEP][PASSED] - click: Object: 'Object Repository/Final Object Repo/New Registration - Registration Module Pages/Third Screen - Upload Supporting Doc- Preview/Select to Upload Form 1' is clicked on

2018-12-07 15:36:35 - [MESSAGE][PASSED] - Object: 'Object Repository/Final Object Repo/New Registration - Registration Module Pages/Third Screen - Upload Supporting Doc- Preview/Select to Upload Form 1' is clicked on

2018-12-07 15:36:35 - [TEST_STEP][PASSED] - delay: Delayed 2 second(s)

2018-12-07 15:36:37 - [MESSAGE][PASSED] - Delayed 2 second(s)

2018-12-07 15:36:37 - [TEST_STEP][PASSED] - uploadFile: File 'C:\Users\Public\Pictures\Sample Pictures\Koala.jpg' sent to object: 'Object Repository/Final Object Repo/New Registration - Registration Module Pages/Third Screen - Upload Supporting Doc- Preview/Upload File Adding'

2018-12-07 15:36:37 - [MESSAGE][PASSED] - File 'C:\Users\Public\Pictures\Sample Pictures\Koala.jpg' sent to object: 'Object Repository/Final Object Repo/New Registration - Registration Module Pages/Third Screen - Upload Supporting Doc- Preview/Upload File Adding'

2018-12-07 15:36:37 - [TEST_STEP][PASSED] - delay: Delayed 5 second(s)

2018-12-07 15:36:42 - [MESSAGE][PASSED] - Delayed 5 second(s)

2018-12-07 15:36:42 - [TEST_STEP][PASSED] - click: Object: 'Object Repository/Final Object Repo/New Registration - Registration Module Pages/Third Screen - Upload Supporting Doc- Preview/Inner Form Add Document Button' is clicked on

2018-12-07 15:36:42 - [MESSAGE][PASSED] - Object: 'Object Repository/Final Object Repo/New Registration - Registration Module Pages/Third Screen - Upload Supporting Doc- Preview/Inner Form Add Document Button' is clicked on

2018-12-07 15:36:42 - [TEST_STEP][PASSED] - delay: Delayed 3 second(s)

2018-12-07 15:36:45 - [MESSAGE][PASSED] - Delayed 3 second(s)

2018-12-07 15:36:45 - [TEST_STEP][PASSED] - click: Object: 'Object Repository/Final Object Repo/New Registration - Registration Module Pages/Third Screen - Upload Supporting Doc- Preview/Add Document Button' is clicked on

2018-12-07 15:36:47 - [MESSAGE][PASSED] - Object: 'Object Repository/Final Object Repo/New Registration - Registration Module Pages/Third Screen - Upload Supporting Doc- Preview/Add Document Button' is clicked on

2018-12-07 15:36:47 - [TEST_STEP][PASSED] - delay: Delayed 30 second(s)

2018-12-07 15:37:17 - [MESSAGE][PASSED] - Delayed 30 second(s)

2018-12-07 15:37:17 - [TEST_STEP][PASSED] - click: Object: 'Object Repository/Final Object Repo/New Registration - Registration Module Pages/Third Screen - Upload Supporting Doc- Preview/Supporting Doc Please Select Drop Down' is clicked on

2018-12-07 15:37:17 - [MESSAGE][PASSED] - Object: 'Object Repository/Final Object Repo/New Registration - Registration Module Pages/Third Screen - Upload Supporting Doc- Preview/Supporting Doc Please Select Drop Down' is clicked on

2018-12-07 15:37:17 - [TEST_STEP][PASSED] - delay: Delayed 2 second(s)

2018-12-07 15:37:19 - [MESSAGE][PASSED] - Delayed 2 second(s)

2018-12-07 15:37:19 - [TEST_STEP][PASSED] - click: Object: 'Object Repository/Final Object Repo/New Registration - Registration Module Pages/Third Screen - Upload Supporting Doc- Preview/Select to Upload Form 2' is clicked on

2018-12-07 15:37:19 - [MESSAGE][PASSED] - Object: 'Object Repository/Final Object Repo/New Registration - Registration Module Pages/Third Screen - Upload Supporting Doc- Preview/Select to Upload Form 2' is clicked on

2018-12-07 15:37:19 - [TEST_STEP][PASSED] - delay: Delayed 2 second(s)

2018-12-07 15:37:21 - [MESSAGE][PASSED] - Delayed 2 second(s)

2018-12-07 15:37:21 - [TEST_STEP][PASSED] - uploadFile: File 'C:\Users\Public\Pictures\Sample Pictures\Koala.jpg' sent to object: 'Object Repository/Final Object Repo/New Registration - Registration Module Pages/Third Screen - Upload Supporting Doc- Preview/Upload File Adding'

2018-12-07 15:37:21 - [MESSAGE][PASSED] - File 'C:\Users\Public\Pictures\Sample Pictures\Koala.jpg' sent to object: 'Object Repository/Final Object Repo/New Registration - Registration Module Pages/Third Screen - Upload Supporting Doc- Preview/Upload File Adding'

2018-12-07 15:37:21 - [TEST_STEP][PASSED] - click: Object: 'Object Repository/Final Object Repo/New Registration - Registration Module Pages/Third Screen - Upload Supporting Doc- Preview/Inner Form Add Document Button' is clicked on

2018-12-07 15:37:21 - [MESSAGE][PASSED] - Object: 'Object Repository/Final Object Repo/New Registration - Registration Module Pages/Third Screen - Upload Supporting Doc- Preview/Inner Form Add Document Button' is clicked on

2018-12-07 15:37:21 - [TEST_STEP][PASSED] - delay: Delayed 5 second(s)

2018-12-07 15:37:26 - [MESSAGE][PASSED] - Delayed 5 second(s)

2018-12-07 15:37:26 - [TEST_STEP][PASSED] - click: Object: 'Object Repository/Final Object Repo/New Registration - Registration Module Pages/Third Screen - Upload Supporting Doc- Preview/Add Document Button' is clicked on

2018-12-07 15:37:27 - [MESSAGE][PASSED] - Object: 'Object Repository/Final Object Repo/New Registration - Registration Module Pages/Third Screen - Upload Supporting Doc- Preview/Add Document Button' is clicked on

2018-12-07 15:37:27 - [TEST_STEP][PASSED] - delay: Delayed 30 second(s)

2018-12-07 15:37:57 - [MESSAGE][PASSED] - Delayed 30 second(s)

2018-12-07 15:37:57 - [TEST_STEP][PASSED] - click: Object: 'Object Repository/Final Object Repo/New Registration - Registration Module Pages/Third Screen - Upload Supporting Doc- Preview/Supporting Doc Please Select Drop Down' is clicked on

2018-12-07 15:37:57 - [MESSAGE][PASSED] - Object: 'Object Repository/Final Object Repo/New Registration - Registration Module Pages/Third Screen - Upload Supporting Doc- Preview/Supporting Doc Please Select Drop Down' is clicked on

2018-12-07 15:37:57 - [TEST_STEP][PASSED] - click: Object: 'Object Repository/Final Object Repo/New Registration - Registration Module Pages/Third Screen - Upload Supporting Doc- Preview/Select to Upload Borang SIP 1' is clicked on

2018-12-07 15:37:57 - [MESSAGE][PASSED] - Object: 'Object Repository/Final Object Repo/New Registration - Registration Module Pages/Third Screen - Upload Supporting Doc- Preview/Select to Upload Borang SIP 1' is clicked on

2018-12-07 15:37:57 - [TEST_STEP][PASSED] - delay: Delayed 2 second(s)

2018-12-07 15:37:59 - [MESSAGE][PASSED] - Delayed 2 second(s)

2018-12-07 15:37:59 - [TEST_STEP][PASSED] - uploadFile: File 'C:\Users\Public\Pictures\Sample Pictures\Koala.jpg' sent to object: 'Object Repository/Final Object Repo/New Registration - Registration Module Pages/Third Screen - Upload Supporting Doc- Preview/Upload File Adding'

2018-12-07 15:37:59 - [MESSAGE][PASSED] - File 'C:\Users\Public\Pictures\Sample Pictures\Koala.jpg' sent to object: 'Object Repository/Final Object Repo/New Registration - Registration Module Pages/Third Screen - Upload Supporting Doc- Preview/Upload File Adding'

2018-12-07 15:37:59 - [TEST_STEP][PASSED] - click: Object: 'Object Repository/Final Object Repo/New Registration - Registration Module Pages/Third Screen - Upload Supporting Doc- Preview/Inner Form Add Document Button' is clicked on

2018-12-07 15:37:59 - [MESSAGE][PASSED] - Object: 'Object Repository/Final Object Repo/New Registration - Registration Module Pages/Third Screen - Upload Supporting Doc- Preview/Inner Form Add Document Button' is clicked on

2018-12-07 15:37:59 - [TEST_STEP][PASSED] - delay: Delayed 5 second(s)

2018-12-07 15:38:04 - [MESSAGE][PASSED] - Delayed 5 second(s)

2018-12-07 15:38:04 - [TEST_STEP][PASSED] - click: Object: 'Object Repository/Final Object Repo/New Registration - Registration Module Pages/Third Screen - Upload Supporting Doc- Preview/Add Document Button' is clicked on

2018-12-07 15:38:05 - [MESSAGE][PASSED] - Object: 'Object Repository/Final Object Repo/New Registration - Registration Module Pages/Third Screen - Upload Supporting Doc- Preview/Add Document Button' is clicked on

2018-12-07 15:38:05 - [TEST_STEP][PASSED] - delay: Delayed 30 second(s)

2018-12-07 15:38:35 - [MESSAGE][PASSED] - Delayed 30 second(s)

2018-12-07 15:38:35 - [TEST_STEP][PASSED] - click: Object: 'Object Repository/Final Object Repo/New Registration - Registration Module Pages/Third Screen - Upload Supporting Doc- Preview/Supporting Doc Please Select Drop Down' is clicked on

2018-12-07 15:38:35 - [MESSAGE][PASSED] - Object: 'Object Repository/Final Object Repo/New Registration - Registration Module Pages/Third Screen - Upload Supporting Doc- Preview/Supporting Doc Please Select Drop Down' is clicked on

2018-12-07 15:38:35 - [TEST_STEP][PASSED] - delay: Delayed 3 second(s)

2018-12-07 15:38:38 - [MESSAGE][PASSED] - Delayed 3 second(s)

2018-12-07 15:38:38 - [TEST_STEP][PASSED] - click: Object: 'Object Repository/Final Object Repo/New Registration - Registration Module Pages/Third Screen - Upload Supporting Doc- Preview/Select to Upload Borang SIP 2' is clicked on

2018-12-07 15:38:38 - [MESSAGE][PASSED] - Object: 'Object Repository/Final Object Repo/New Registration - Registration Module Pages/Third Screen - Upload Supporting Doc- Preview/Select to Upload Borang SIP 2' is clicked on

2018-12-07 15:38:38 - [TEST_STEP][PASSED] - delay: Delayed 2 second(s)

2018-12-07 15:38:40 - [MESSAGE][PASSED] - Delayed 2 second(s)

2018-12-07 15:38:40 - [TEST_STEP][PASSED] - uploadFile: File 'C:\Users\Public\Pictures\Sample Pictures\Koala.jpg' sent to object: 'Object Repository/Final Object Repo/New Registration - Registration Module Pages/Third Screen - Upload Supporting Doc- Preview/Upload File Adding'

2018-12-07 15:38:40 - [MESSAGE][PASSED] - File 'C:\Users\Public\Pictures\Sample Pictures\Koala.jpg' sent to object: 'Object Repository/Final Object Repo/New Registration - Registration Module Pages/Third Screen - Upload Supporting Doc- Preview/Upload File Adding'

2018-12-07 15:38:40 - [TEST_STEP][PASSED] - delay: Delayed 5 second(s)

2018-12-07 15:38:45 - [MESSAGE][PASSED] - Delayed 5 second(s)

2018-12-07 15:38:45 - [TEST_STEP][PASSED] - click: Object: 'Object Repository/Final Object Repo/New Registration - Registration Module Pages/Third Screen - Upload Supporting Doc- Preview/Inner Form Add Document Button' is clicked on

2018-12-07 15:38:45 - [MESSAGE][PASSED] - Object: 'Object Repository/Final Object Repo/New Registration - Registration Module Pages/Third Screen - Upload Supporting Doc- Preview/Inner Form Add Document Button' is clicked on

2018-12-07 15:38:45 - [TEST_STEP][PASSED] - delay: Delayed 3 second(s)

2018-12-07 15:38:48 - [MESSAGE][PASSED] - Delayed 3 second(s)

2018-12-07 15:38:48 - [TEST_STEP][PASSED] - waitForElementClickable: Object 'Object Repository/Final Object Repo/New Registration - Registration Module Pages/Third Screen - Upload Supporting Doc- Preview/Save n Continue in Uploading Supporting Doc Page' is clickable

2018-12-07 15:38:49 - [MESSAGE][PASSED] - Object 'Object Repository/Final Object Repo/New Registration - Registration Module Pages/Third Screen - Upload Supporting Doc- Preview/Save n Continue in Uploading Supporting Doc Page' is clickable

2018-12-07 15:38:49 - [TEST_STEP][PASSED] - click: Object: 'Object Repository/Final Object Repo/New Registration - Registration Module Pages/Third Screen - Upload Supporting Doc- Preview/Save n Continue in Uploading Supporting Doc Page' is clicked on

2018-12-07 15:38:50 - [MESSAGE][PASSED] - Object: 'Object Repository/Final Object Repo/New Registration - Registration Module Pages/Third Screen - Upload Supporting Doc- Preview/Save n Continue in Uploading Supporting Doc Page' is clicked on

2018-12-07 15:38:50 - [MESSAGE][PASSED] - Call Test Case 'Test Cases/Final Aug 2018 - PKS Automation/Registration Module/New Registration/Flow of New Registration/Third Screen - Upload Supporting Doc - Preview' successfully

2018-12-07 15:38:50 - [TEST_STEP][PASSED] - setText: Text 'Tester' is set on object 'Object Repository/Final Object Repo/New Registration - Registration Module Pages/New Reg - OTC to RO/Special Case - All Related Objects/Employer Preview Name'

2018-12-07 15:38:55 - [MESSAGE][PASSED] - Text 'Tester' is set on object 'Object Repository/Final Object Repo/New Registration - Registration Module Pages/New Reg - OTC to RO/Special Case - All Related Objects/Employer Preview Name'

2018-12-07 15:38:55 - [TEST_STEP][PASSED] - click: Object: 'Object Repository/Final Object Repo/New Registration - Registration Module Pages/New Reg - OTC to RO/Special Case - All Related Objects/IC Type Drop Down' is clicked on

2018-12-07 15:38:55 - [MESSAGE][PASSED] - Object: 'Object Repository/Final Object Repo/New Registration - Registration Module Pages/New Reg - OTC to RO/Special Case - All Related Objects/IC Type Drop Down' is clicked on

2018-12-07 15:38:55 - [TEST_STEP][PASSED] - click: Object: 'Object Repository/Final Object Repo/New Registration - Registration Module Pages/New Reg - OTC to RO/Special Case - All Related Objects/Select to NRIC' is clicked on

2018-12-07 15:38:55 - [MESSAGE][PASSED] - Object: 'Object Repository/Final Object Repo/New Registration - Registration Module Pages/New Reg - OTC to RO/Special Case - All Related Objects/Select to NRIC' is clicked on

2018-12-07 15:38:55 - [TEST_STEP][PASSED] - setText: Text '133245561223' is set on object 'Object Repository/Final Object Repo/New Registration - Registration Module Pages/New Reg - OTC to RO/Special Case - All Related Objects/IC Value'

2018-12-07 15:38:56 - [MESSAGE][PASSED] - Text '133245561223' is set on object 'Object Repository/Final Object Repo/New Registration - Registration Module Pages/New Reg - OTC to RO/Special Case - All Related Objects/IC Value'

2018-12-07 15:38:56 - [TEST_STEP][PASSED] - setText: Text 'Auto' is set on object 'Object Repository/Final Object Repo/New Registration - Registration Module Pages/New Reg - OTC to RO/Special Case - All Related Objects/Designation'

2018-12-07 15:38:56 - [MESSAGE][PASSED] - Text 'Auto' is set on object 'Object Repository/Final Object Repo/New Registration - Registration Module Pages/New Reg - OTC to RO/Special Case - All Related Objects/Designation'

2018-12-07 15:38:56 - [TEST_STEP][PASSED] - callTestCase: Call Test Case 'Test Cases/Final Aug 2018 - PKS Automation/Registration Module/New Registration/Submit and Screenshot/Submit Registration and Screenshot - Copy' successfully

2018-12-07 15:38:56 - [TEST_CASE][PASSED] - Test Cases/Final Aug 2018 - PKS Automation/Registration Module/New Registration/Submit and Screenshot/Submit Registration and Screenshot - Copy: Test Cases/Final Aug 2018 - PKS Automation/Registration Module/New Registration/Submit and Screenshot/Submit Registration and Screenshot - Copy

2018-12-07 15:38:56 - [TEST_STEP][PASSED] - delay: Delayed 6 second(s)

2018-12-07 15:39:02 - [MESSAGE][PASSED] - Delayed 6 second(s)

2018-12-07 15:39:02 - [TEST_STEP][PASSED] - click: Object: 'Object Repository/Final Object Repo/New Registration - Registration Module Pages/Third Screen - Upload Supporting Doc- Preview/Preview Submit Button' is clicked on

2018-12-07 15:39:02 - [MESSAGE][PASSED] - Object: 'Object Repository/Final Object Repo/New Registration - Registration Module Pages/Third Screen - Upload Supporting Doc- Preview/Preview Submit Button' is clicked on

2018-12-07 15:39:02 - [TEST_STEP][PASSED] - delay: Delayed 2 second(s)

2018-12-07 15:39:04 - [MESSAGE][PASSED] - Delayed 2 second(s)

2018-12-07 15:39:04 - [TEST_STEP][PASSED] - click: Object: 'Object Repository/Final Object Repo/New Registration - Registration Module Pages/Third Screen - Upload Supporting Doc- Preview/Preview Submit - Confirm' is clicked on

2018-12-07 15:39:04 - [MESSAGE][PASSED] - Object: 'Object Repository/Final Object Repo/New Registration - Registration Module Pages/Third Screen - Upload Supporting Doc- Preview/Preview Submit - Confirm' is clicked on

2018-12-07 15:39:04 - [TEST_STEP][PASSED] - delay: Delayed 15 second(s)

2018-12-07 15:39:19 - [MESSAGE][PASSED] - Delayed 15 second(s)

2018-12-07 15:39:19 - [TEST_STEP][PASSED] - Statement - driver = com.kms.katalon.core.webui.driver.DriverFactory.getWebDriver(): null

2018-12-07 15:39:19 - [TEST_STEP][PASSED] - Statement - driver.manage().timeouts().implicitlyWait(10, SECONDS): null

2018-12-07 15:39:19 - [TEST_STEP][PASSED] - Statement - PresavePath = KatalonScreenshots: null

2018-12-07 15:39:19 - [TEST_STEP][PASSED] - Statement - pathPrefix = "C:\Users\Public\Pictures\Sample Pictures\Katalon Screenshots\Automate Ending Screen": null

2018-12-07 15:39:19 - [TEST_STEP][PASSED] - Statement - finalPath = <not implemented yet for class: org.codehaus.groovy.ast.expr.EmptyExpression>: null

2018-12-07 15:39:19 - [TEST_STEP][PASSED] - Statement - scrFile = driver.getScreenshotAs(FILE): null

2018-12-07 15:39:23 - [TEST_STEP][PASSED] - Statement - PreSaveFile = new java.io.File(PresavePath): null

2018-12-07 15:39:23 - [TEST_STEP][PASSED] - Statement - counter = 0: null

2018-12-07 15:39:23 - [TEST_STEP][PASSED] - Statement - If (PreSaveFile.exists()): null

2018-12-07 15:39:23 - [TEST_STEP][PASSED] - Statement - While (PreSaveFile.exists()): null

2018-12-07 15:39:23 - [TEST_STEP][PASSED] - Statement - counter = counter + 1: null

2018-12-07 15:39:23 - [TEST_STEP][PASSED] - Statement - PreSaveFile = new java.io.File(((pathPrefix + java.lang.Integer.toString(counter)) + .png)): null

2018-12-07 15:39:23 - [TEST_STEP][PASSED] - Statement - counter = counter + 1: null

2018-12-07 15:39:23 - [TEST_STEP][PASSED] - Statement - PreSaveFile = new java.io.File(((pathPrefix + java.lang.Integer.toString(counter)) + .png)): null

2018-12-07 15:39:23 - [TEST_STEP][PASSED] - Statement - counter = counter + 1: null

2018-12-07 15:39:23 - [TEST_STEP][PASSED] - Statement - PreSaveFile = new java.io.File(((pathPrefix + java.lang.Integer.toString(counter)) + .png)): null

2018-12-07 15:39:23 - [TEST_STEP][PASSED] - Statement - counter = counter + 1: null

2018-12-07 15:39:23 - [TEST_STEP][PASSED] - Statement - PreSaveFile = new java.io.File(((pathPrefix + java.lang.Integer.toString(counter)) + .png)): null

2018-12-07 15:39:23 - [TEST_STEP][PASSED] - Statement - counter = counter + 1: null

2018-12-07 15:39:23 - [TEST_STEP][PASSED] - Statement - PreSaveFile = new java.io.File(((pathPrefix + java.lang.Integer.toString(counter)) + .png)): null

2018-12-07 15:39:23 - [TEST_STEP][PASSED] - Statement - counter = counter + 1: null

2018-12-07 15:39:23 - [TEST_STEP][PASSED] - Statement - PreSaveFile = new java.io.File(((pathPrefix + java.lang.Integer.toString(counter)) + .png)): null

2018-12-07 15:39:23 - [TEST_STEP][PASSED] - Statement - counter = counter + 1: null

2018-12-07 15:39:23 - [TEST_STEP][PASSED] - Statement - PreSaveFile = new java.io.File(((pathPrefix + java.lang.Integer.toString(counter)) + .png)): null

2018-12-07 15:39:23 - [TEST_STEP][PASSED] - Statement - counter = counter + 1: null

2018-12-07 15:39:23 - [TEST_STEP][PASSED] - Statement - PreSaveFile = new java.io.File(((pathPrefix + java.lang.Integer.toString(counter)) + .png)): null

2018-12-07 15:39:23 - [TEST_STEP][PASSED] - Statement - counter = counter + 1: null

2018-12-07 15:39:23 - [TEST_STEP][PASSED] - Statement - PreSaveFile = new java.io.File(((pathPrefix + java.lang.Integer.toString(counter)) + .png)): null

2018-12-07 15:39:23 - [TEST_STEP][PASSED] - Statement - counter = counter + 1: null

2018-12-07 15:39:23 - [TEST_STEP][PASSED] - Statement - PreSaveFile = new java.io.File(((pathPrefix + java.lang.Integer.toString(counter)) + .png)): null

2018-12-07 15:39:23 - [TEST_STEP][PASSED] - Statement - counter = counter + 1: null

2018-12-07 15:39:23 - [TEST_STEP][PASSED] - Statement - PreSaveFile = new java.io.File(((pathPrefix + java.lang.Integer.toString(counter)) + .png)): null

2018-12-07 15:39:23 - [TEST_STEP][PASSED] - Statement - counter = counter + 1: null

2018-12-07 15:39:23 - [TEST_STEP][PASSED] - Statement - PreSaveFile = new java.io.File(((pathPrefix + java.lang.Integer.toString(counter)) + .png)): null

2018-12-07 15:39:23 - [TEST_STEP][PASSED] - Statement - counter = counter + 1: null

2018-12-07 15:39:23 - [TEST_STEP][PASSED] - Statement - PreSaveFile = new java.io.File(((pathPrefix + java.lang.Integer.toString(counter)) + .png)): null

2018-12-07 15:39:23 - [TEST_STEP][PASSED] - Statement - counter = counter + 1: null

2018-12-07 15:39:23 - [TEST_STEP][PASSED] - Statement - PreSaveFile = new java.io.File(((pathPrefix + java.lang.Integer.toString(counter)) + .png)): null

2018-12-07 15:39:23 - [TEST_STEP][PASSED] - Statement - counter = counter + 1: null

2018-12-07 15:39:23 - [TEST_STEP][PASSED] - Statement - PreSaveFile = new java.io.File(((pathPrefix + java.lang.Integer.toString(counter)) + .png)): null

2018-12-07 15:39:23 - [TEST_STEP][PASSED] - Statement - counter = counter + 1: null

2018-12-07 15:39:23 - [TEST_STEP][PASSED] - Statement - PreSaveFile = new java.io.File(((pathPrefix + java.lang.Integer.toString(counter)) + .png)): null

2018-12-07 15:39:23 - [TEST_STEP][PASSED] - Statement - counter = counter + 1: null

2018-12-07 15:39:23 - [TEST_STEP][PASSED] - Statement - PreSaveFile = new java.io.File(((pathPrefix + java.lang.Integer.toString(counter)) + .png)): null

2018-12-07 15:39:23 - [TEST_STEP][PASSED] - Statement - counter = counter + 1: null

2018-12-07 15:39:23 - [TEST_STEP][PASSED] - Statement - PreSaveFile = new java.io.File(((pathPrefix + java.lang.Integer.toString(counter)) + .png)): null

2018-12-07 15:39:24 - [TEST_STEP][PASSED] - Statement - counter = counter + 1: null

2018-12-07 15:39:24 - [TEST_STEP][PASSED] - Statement - PreSaveFile = new java.io.File(((pathPrefix + java.lang.Integer.toString(counter)) + .png)): null

2018-12-07 15:39:24 - [TEST_STEP][PASSED] - Statement - counter = counter + 1: null

2018-12-07 15:39:24 - [TEST_STEP][PASSED] - Statement - PreSaveFile = new java.io.File(((pathPrefix + java.lang.Integer.toString(counter)) + .png)): null

2018-12-07 15:39:24 - [TEST_STEP][PASSED] - Statement - counter = counter + 1: null

2018-12-07 15:39:24 - [TEST_STEP][PASSED] - Statement - PreSaveFile = new java.io.File(((pathPrefix + java.lang.Integer.toString(counter)) + .png)): null

2018-12-07 15:39:24 - [TEST_STEP][PASSED] - Statement - counter = counter + 1: null

2018-12-07 15:39:24 - [TEST_STEP][PASSED] - Statement - PreSaveFile = new java.io.File(((pathPrefix + java.lang.Integer.toString(counter)) + .png)): null

2018-12-07 15:39:24 - [TEST_STEP][PASSED] - Statement - counter = counter + 1: null

2018-12-07 15:39:24 - [TEST_STEP][PASSED] - Statement - PreSaveFile = new java.io.File(((pathPrefix + java.lang.Integer.toString(counter)) + .png)): null

2018-12-07 15:39:24 - [TEST_STEP][PASSED] - Statement - counter = counter + 1: null

2018-12-07 15:39:24 - [TEST_STEP][PASSED] - Statement - PreSaveFile = new java.io.File(((pathPrefix + java.lang.Integer.toString(counter)) + .png)): null

2018-12-07 15:39:24 - [TEST_STEP][PASSED] - Statement - counter = counter + 1: null

2018-12-07 15:39:24 - [TEST_STEP][PASSED] - Statement - PreSaveFile = new java.io.File(((pathPrefix + java.lang.Integer.toString(counter)) + .png)): null

2018-12-07 15:39:24 - [TEST_STEP][PASSED] - Statement - counter = counter + 1: null

2018-12-07 15:39:24 - [TEST_STEP][PASSED] - Statement - PreSaveFile = new java.io.File(((pathPrefix + java.lang.Integer.toString(counter)) + .png)): null

2018-12-07 15:39:24 - [TEST_STEP][PASSED] - Statement - counter = counter + 1: null

2018-12-07 15:39:24 - [TEST_STEP][PASSED] - Statement - PreSaveFile = new java.io.File(((pathPrefix + java.lang.Integer.toString(counter)) + .png)): null

2018-12-07 15:39:24 - [TEST_STEP][PASSED] - Statement - counter = counter + 1: null

2018-12-07 15:39:24 - [TEST_STEP][PASSED] - Statement - PreSaveFile = new java.io.File(((pathPrefix + java.lang.Integer.toString(counter)) + .png)): null

2018-12-07 15:39:24 - [TEST_STEP][PASSED] - Statement - counter = counter + 1: null

2018-12-07 15:39:24 - [TEST_STEP][PASSED] - Statement - PreSaveFile = new java.io.File(((pathPrefix + java.lang.Integer.toString(counter)) + .png)): null

2018-12-07 15:39:24 - [TEST_STEP][PASSED] - Statement - counter = counter + 1: null

2018-12-07 15:39:24 - [TEST_STEP][PASSED] - Statement - PreSaveFile = new java.io.File(((pathPrefix + java.lang.Integer.toString(counter)) + .png)): null

2018-12-07 15:39:24 - [TEST_STEP][PASSED] - Statement - counter = counter + 1: null

2018-12-07 15:39:24 - [TEST_STEP][PASSED] - Statement - PreSaveFile = new java.io.File(((pathPrefix + java.lang.Integer.toString(counter)) + .png)): null

2018-12-07 15:39:24 - [TEST_STEP][PASSED] - Statement - counter = counter + 1: null

2018-12-07 15:39:24 - [TEST_STEP][PASSED] - Statement - PreSaveFile = new java.io.File(((pathPrefix + java.lang.Integer.toString(counter)) + .png)): null

2018-12-07 15:39:24 - [TEST_STEP][PASSED] - Statement - counter = counter + 1: null

2018-12-07 15:39:24 - [TEST_STEP][PASSED] - Statement - PreSaveFile = new java.io.File(((pathPrefix + java.lang.Integer.toString(counter)) + .png)): null

2018-12-07 15:39:24 - [TEST_STEP][PASSED] - Statement - counter = counter + 1: null

2018-12-07 15:39:24 - [TEST_STEP][PASSED] - Statement - PreSaveFile = new java.io.File(((pathPrefix + java.lang.Integer.toString(counter)) + .png)): null

2018-12-07 15:39:24 - [TEST_STEP][PASSED] - Statement - counter = counter + 1: null

2018-12-07 15:39:24 - [TEST_STEP][PASSED] - Statement - PreSaveFile = new java.io.File(((pathPrefix + java.lang.Integer.toString(counter)) + .png)): null

2018-12-07 15:39:24 - [TEST_STEP][PASSED] - Statement - counter = counter + 1: null

2018-12-07 15:39:24 - [TEST_STEP][PASSED] - Statement - PreSaveFile = new java.io.File(((pathPrefix + java.lang.Integer.toString(counter)) + .png)): null

2018-12-07 15:39:24 - [TEST_STEP][PASSED] - Statement - counter = counter + 1: null

2018-12-07 15:39:24 - [TEST_STEP][PASSED] - Statement - PreSaveFile = new java.io.File(((pathPrefix + java.lang.Integer.toString(counter)) + .png)): null

2018-12-07 15:39:24 - [TEST_STEP][PASSED] - Statement - counter = counter + 1: null

2018-12-07 15:39:25 - [TEST_STEP][PASSED] - Statement - PreSaveFile = new java.io.File(((pathPrefix + java.lang.Integer.toString(counter)) + .png)): null

2018-12-07 15:39:25 - [TEST_STEP][PASSED] - Statement - counter = counter + 1: null

2018-12-07 15:39:25 - [TEST_STEP][PASSED] - Statement - PreSaveFile = new java.io.File(((pathPrefix + java.lang.Integer.toString(counter)) + .png)): null

2018-12-07 15:39:25 - [TEST_STEP][PASSED] - Statement - counter = counter + 1: null

2018-12-07 15:39:25 - [TEST_STEP][PASSED] - Statement - PreSaveFile = new java.io.File(((pathPrefix + java.lang.Integer.toString(counter)) + .png)): null

2018-12-07 15:39:25 - [TEST_STEP][PASSED] - Statement - counter = counter + 1: null

2018-12-07 15:39:25 - [TEST_STEP][PASSED] - Statement - PreSaveFile = new java.io.File(((pathPrefix + java.lang.Integer.toString(counter)) + .png)): null

2018-12-07 15:39:25 - [TEST_STEP][PASSED] - Statement - counter = counter + 1: null

2018-12-07 15:39:25 - [TEST_STEP][PASSED] - Statement - PreSaveFile = new java.io.File(((pathPrefix + java.lang.Integer.toString(counter)) + .png)): null

2018-12-07 15:39:25 - [TEST_STEP][PASSED] - Statement - counter = counter + 1: null

2018-12-07 15:39:25 - [TEST_STEP][PASSED] - Statement - PreSaveFile = new java.io.File(((pathPrefix + java.lang.Integer.toString(counter)) + .png)): null

2018-12-07 15:39:25 - [TEST_STEP][PASSED] - Statement - counter = counter + 1: null

2018-12-07 15:39:25 - [TEST_STEP][PASSED] - Statement - PreSaveFile = new java.io.File(((pathPrefix + java.lang.Integer.toString(counter)) + .png)): null

2018-12-07 15:39:25 - [TEST_STEP][PASSED] - Statement - counter = counter + 1: null

2018-12-07 15:39:25 - [TEST_STEP][PASSED] - Statement - PreSaveFile = new java.io.File(((pathPrefix + java.lang.Integer.toString(counter)) + .png)): null

2018-12-07 15:39:25 - [TEST_STEP][PASSED] - Statement - counter = counter + 1: null

2018-12-07 15:39:25 - [TEST_STEP][PASSED] - Statement - PreSaveFile = new java.io.File(((pathPrefix + java.lang.Integer.toString(counter)) + .png)): null

2018-12-07 15:39:25 - [TEST_STEP][PASSED] - Statement - counter = counter + 1: null

2018-12-07 15:39:25 - [TEST_STEP][PASSED] - Statement - PreSaveFile = new java.io.File(((pathPrefix + java.lang.Integer.toString(counter)) + .png)): null

2018-12-07 15:39:25 - [TEST_STEP][PASSED] - Statement - counter = counter + 1: null

2018-12-07 15:39:25 - [TEST_STEP][PASSED] - Statement - PreSaveFile = new java.io.File(((pathPrefix + java.lang.Integer.toString(counter)) + .png)): null

2018-12-07 15:39:25 - [TEST_STEP][PASSED] - Statement - counter = counter + 1: null

2018-12-07 15:39:25 - [TEST_STEP][PASSED] - Statement - PreSaveFile = new java.io.File(((pathPrefix + java.lang.Integer.toString(counter)) + .png)): null

2018-12-07 15:39:25 - [TEST_STEP][PASSED] - Statement - counter = counter + 1: null

2018-12-07 15:39:25 - [TEST_STEP][PASSED] - Statement - PreSaveFile = new java.io.File(((pathPrefix + java.lang.Integer.toString(counter)) + .png)): null

2018-12-07 15:39:25 - [TEST_STEP][PASSED] - Statement - counter = counter + 1: null

2018-12-07 15:39:25 - [TEST_STEP][PASSED] - Statement - PreSaveFile = new java.io.File(((pathPrefix + java.lang.Integer.toString(counter)) + .png)): null

2018-12-07 15:39:25 - [TEST_STEP][PASSED] - Statement - counter = counter + 1: null

2018-12-07 15:39:25 - [TEST_STEP][PASSED] - Statement - PreSaveFile = new java.io.File(((pathPrefix + java.lang.Integer.toString(counter)) + .png)): null

2018-12-07 15:39:25 - [TEST_STEP][PASSED] - Statement - counter = counter + 1: null

2018-12-07 15:39:25 - [TEST_STEP][PASSED] - Statement - PreSaveFile = new java.io.File(((pathPrefix + java.lang.Integer.toString(counter)) + .png)): null

2018-12-07 15:39:25 - [TEST_STEP][PASSED] - Statement - counter = counter + 1: null

2018-12-07 15:39:25 - [TEST_STEP][PASSED] - Statement - PreSaveFile = new java.io.File(((pathPrefix + java.lang.Integer.toString(counter)) + .png)): null

2018-12-07 15:39:25 - [TEST_STEP][PASSED] - Statement - counter = counter + 1: null

2018-12-07 15:39:25 - [TEST_STEP][PASSED] - Statement - PreSaveFile = new java.io.File(((pathPrefix + java.lang.Integer.toString(counter)) + .png)): null

2018-12-07 15:39:25 - [TEST_STEP][PASSED] - Statement - counter = counter + 1: null

2018-12-07 15:39:25 - [TEST_STEP][PASSED] - Statement - PreSaveFile = new java.io.File(((pathPrefix + java.lang.Integer.toString(counter)) + .png)): null

2018-12-07 15:39:25 - [TEST_STEP][PASSED] - Statement - counter = counter + 1: null

2018-12-07 15:39:26 - [TEST_STEP][PASSED] - Statement - PreSaveFile = new java.io.File(((pathPrefix + java.lang.Integer.toString(counter)) + .png)): null

2018-12-07 15:39:26 - [TEST_STEP][PASSED] - Statement - counter = counter + 1: null

2018-12-07 15:39:26 - [TEST_STEP][PASSED] - Statement - PreSaveFile = new java.io.File(((pathPrefix + java.lang.Integer.toString(counter)) + .png)): null

2018-12-07 15:39:26 - [TEST_STEP][PASSED] - Statement - counter = counter + 1: null

2018-12-07 15:39:26 - [TEST_STEP][PASSED] - Statement - PreSaveFile = new java.io.File(((pathPrefix + java.lang.Integer.toString(counter)) + .png)): null

2018-12-07 15:39:26 - [TEST_STEP][PASSED] - Statement - counter = counter + 1: null

2018-12-07 15:39:26 - [TEST_STEP][PASSED] - Statement - PreSaveFile = new java.io.File(((pathPrefix + java.lang.Integer.toString(counter)) + .png)): null

2018-12-07 15:39:26 - [TEST_STEP][PASSED] - Statement - counter = counter + 1: null

2018-12-07 15:39:26 - [TEST_STEP][PASSED] - Statement - PreSaveFile = new java.io.File(((pathPrefix + java.lang.Integer.toString(counter)) + .png)): null

2018-12-07 15:39:26 - [TEST_STEP][PASSED] - Statement - counter = counter + 1: null

2018-12-07 15:39:26 - [TEST_STEP][PASSED] - Statement - PreSaveFile = new java.io.File(((pathPrefix + java.lang.Integer.toString(counter)) + .png)): null

2018-12-07 15:39:26 - [TEST_STEP][PASSED] - Statement - counter = counter + 1: null

2018-12-07 15:39:26 - [TEST_STEP][PASSED] - Statement - PreSaveFile = new java.io.File(((pathPrefix + java.lang.Integer.toString(counter)) + .png)): null

2018-12-07 15:39:26 - [TEST_STEP][PASSED] - Statement - counter = counter + 1: null

2018-12-07 15:39:26 - [TEST_STEP][PASSED] - Statement - PreSaveFile = new java.io.File(((pathPrefix + java.lang.Integer.toString(counter)) + .png)): null

2018-12-07 15:39:26 - [TEST_STEP][PASSED] - Statement - counter = counter + 1: null

2018-12-07 15:39:26 - [TEST_STEP][PASSED] - Statement - PreSaveFile = new java.io.File(((pathPrefix + java.lang.Integer.toString(counter)) + .png)): null

2018-12-07 15:39:26 - [TEST_STEP][PASSED] - Statement - counter = counter + 1: null

2018-12-07 15:39:26 - [TEST_STEP][PASSED] - Statement - PreSaveFile = new java.io.File(((pathPrefix + java.lang.Integer.toString(counter)) + .png)): null

2018-12-07 15:39:26 - [TEST_STEP][PASSED] - Statement - counter = counter + 1: null

2018-12-07 15:39:26 - [TEST_STEP][PASSED] - Statement - PreSaveFile = new java.io.File(((pathPrefix + java.lang.Integer.toString(counter)) + .png)): null

2018-12-07 15:39:26 - [TEST_STEP][PASSED] - Statement - counter = counter + 1: null

2018-12-07 15:39:26 - [TEST_STEP][PASSED] - Statement - PreSaveFile = new java.io.File(((pathPrefix + java.lang.Integer.toString(counter)) + .png)): null

2018-12-07 15:39:26 - [TEST_STEP][PASSED] - Statement - counter = counter + 1: null

2018-12-07 15:39:26 - [TEST_STEP][PASSED] - Statement - PreSaveFile = new java.io.File(((pathPrefix + java.lang.Integer.toString(counter)) + .png)): null

2018-12-07 15:39:26 - [TEST_STEP][PASSED] - Statement - counter = counter + 1: null

2018-12-07 15:39:26 - [TEST_STEP][PASSED] - Statement - PreSaveFile = new java.io.File(((pathPrefix + java.lang.Integer.toString(counter)) + .png)): null

2018-12-07 15:39:26 - [TEST_STEP][PASSED] - Statement - counter = counter + 1: null

2018-12-07 15:39:26 - [TEST_STEP][PASSED] - Statement - PreSaveFile = new java.io.File(((pathPrefix + java.lang.Integer.toString(counter)) + .png)): null

2018-12-07 15:39:27 - [TEST_STEP][PASSED] - Statement - counter = counter + 1: null

2018-12-07 15:39:27 - [TEST_STEP][PASSED] - Statement - PreSaveFile = new java.io.File(((pathPrefix + java.lang.Integer.toString(counter)) + .png)): null

2018-12-07 15:39:27 - [TEST_STEP][PASSED] - Statement - counter = counter + 1: null

2018-12-07 15:39:27 - [TEST_STEP][PASSED] - Statement - PreSaveFile = new java.io.File(((pathPrefix + java.lang.Integer.toString(counter)) + .png)): null

2018-12-07 15:39:27 - [TEST_STEP][PASSED] - Statement - counter = counter + 1: null

2018-12-07 15:39:27 - [TEST_STEP][PASSED] - Statement - PreSaveFile = new java.io.File(((pathPrefix + java.lang.Integer.toString(counter)) + .png)): null

2018-12-07 15:39:27 - [TEST_STEP][PASSED] - Statement - counter = counter + 1: null

2018-12-07 15:39:27 - [TEST_STEP][PASSED] - Statement - PreSaveFile = new java.io.File(((pathPrefix + java.lang.Integer.toString(counter)) + .png)): null

2018-12-07 15:39:27 - [TEST_STEP][PASSED] - Statement - counter = counter + 1: null

2018-12-07 15:39:27 - [TEST_STEP][PASSED] - Statement - PreSaveFile = new java.io.File(((pathPrefix + java.lang.Integer.toString(counter)) + .png)): null

2018-12-07 15:39:27 - [TEST_STEP][PASSED] - Statement - counter = counter + 1: null

2018-12-07 15:39:27 - [TEST_STEP][PASSED] - Statement - PreSaveFile = new java.io.File(((pathPrefix + java.lang.Integer.toString(counter)) + .png)): null

2018-12-07 15:39:27 - [TEST_STEP][PASSED] - Statement - counter = counter + 1: null

2018-12-07 15:39:27 - [TEST_STEP][PASSED] - Statement - PreSaveFile = new java.io.File(((pathPrefix + java.lang.Integer.toString(counter)) + .png)): null

2018-12-07 15:39:27 - [TEST_STEP][PASSED] - Statement - counter = counter + 1: null

2018-12-07 15:39:27 - [TEST_STEP][PASSED] - Statement - PreSaveFile = new java.io.File(((pathPrefix + java.lang.Integer.toString(counter)) + .png)): null

2018-12-07 15:39:27 - [TEST_STEP][PASSED] - Statement - counter = counter + 1: null

2018-12-07 15:39:27 - [TEST_STEP][PASSED] - Statement - PreSaveFile = new java.io.File(((pathPrefix + java.lang.Integer.toString(counter)) + .png)): null

2018-12-07 15:39:27 - [TEST_STEP][PASSED] - Statement - counter = counter + 1: null

2018-12-07 15:39:27 - [TEST_STEP][PASSED] - Statement - PreSaveFile = new java.io.File(((pathPrefix + java.lang.Integer.toString(counter)) + .png)): null

2018-12-07 15:39:27 - [TEST_STEP][PASSED] - Statement - counter = counter + 1: null

2018-12-07 15:39:27 - [TEST_STEP][PASSED] - Statement - PreSaveFile = new java.io.File(((pathPrefix + java.lang.Integer.toString(counter)) + .png)): null

2018-12-07 15:39:27 - [TEST_STEP][PASSED] - Statement - counter = counter + 1: null

2018-12-07 15:39:27 - [TEST_STEP][PASSED] - Statement - PreSaveFile = new java.io.File(((pathPrefix + java.lang.Integer.toString(counter)) + .png)): null

2018-12-07 15:39:27 - [TEST_STEP][PASSED] - Statement - counter = counter + 1: null

2018-12-07 15:39:27 - [TEST_STEP][PASSED] - Statement - PreSaveFile = new java.io.File(((pathPrefix + java.lang.Integer.toString(counter)) + .png)): null

2018-12-07 15:39:27 - [TEST_STEP][PASSED] - Statement - counter = counter + 1: null

2018-12-07 15:39:27 - [TEST_STEP][PASSED] - Statement - PreSaveFile = new java.io.File(((pathPrefix + java.lang.Integer.toString(counter)) + .png)): null

2018-12-07 15:39:27 - [TEST_STEP][PASSED] - Statement - counter = counter + 1: null

2018-12-07 15:39:27 - [TEST_STEP][PASSED] - Statement - PreSaveFile = new java.io.File(((pathPrefix + java.lang.Integer.toString(counter)) + .png)): null

2018-12-07 15:39:27 - [TEST_STEP][PASSED] - Statement - counter = counter + 1: null

2018-12-07 15:39:27 - [TEST_STEP][PASSED] - Statement - PreSaveFile = new java.io.File(((pathPrefix + java.lang.Integer.toString(counter)) + .png)): null

2018-12-07 15:39:27 - [TEST_STEP][PASSED] - Statement - counter = counter + 1: null

2018-12-07 15:39:27 - [TEST_STEP][PASSED] - Statement - PreSaveFile = new java.io.File(((pathPrefix + java.lang.Integer.toString(counter)) + .png)): null

2018-12-07 15:39:27 - [TEST_STEP][PASSED] - Statement - counter = counter + 1: null

2018-12-07 15:39:27 - [TEST_STEP][PASSED] - Statement - PreSaveFile = new java.io.File(((pathPrefix + java.lang.Integer.toString(counter)) + .png)): null

2018-12-07 15:39:27 - [TEST_STEP][PASSED] - Statement - counter = counter + 1: null

2018-12-07 15:39:27 - [TEST_STEP][PASSED] - Statement - PreSaveFile = new java.io.File(((pathPrefix + java.lang.Integer.toString(counter)) + .png)): null

2018-12-07 15:39:28 - [TEST_STEP][PASSED] - Statement - counter = counter + 1: null

2018-12-07 15:39:28 - [TEST_STEP][PASSED] - Statement - PreSaveFile = new java.io.File(((pathPrefix + java.lang.Integer.toString(counter)) + .png)): null

2018-12-07 15:39:28 - [TEST_STEP][PASSED] - Statement - counter = counter + 1: null

2018-12-07 15:39:28 - [TEST_STEP][PASSED] - Statement - PreSaveFile = new java.io.File(((pathPrefix + java.lang.Integer.toString(counter)) + .png)): null

2018-12-07 15:39:28 - [TEST_STEP][PASSED] - Statement - counter = counter + 1: null

2018-12-07 15:39:28 - [TEST_STEP][PASSED] - Statement - PreSaveFile = new java.io.File(((pathPrefix + java.lang.Integer.toString(counter)) + .png)): null

2018-12-07 15:39:28 - [TEST_STEP][PASSED] - Statement - counter = counter + 1: null

2018-12-07 15:39:28 - [TEST_STEP][PASSED] - Statement - PreSaveFile = new java.io.File(((pathPrefix + java.lang.Integer.toString(counter)) + .png)): null

2018-12-07 15:39:28 - [TEST_STEP][PASSED] - Statement - counter = counter + 1: null

2018-12-07 15:39:28 - [TEST_STEP][PASSED] - Statement - PreSaveFile = new java.io.File(((pathPrefix + java.lang.Integer.toString(counter)) + .png)): null

2018-12-07 15:39:28 - [TEST_STEP][PASSED] - Statement - counter = counter + 1: null

2018-12-07 15:39:28 - [TEST_STEP][PASSED] - Statement - PreSaveFile = new java.io.File(((pathPrefix + java.lang.Integer.toString(counter)) + .png)): null

2018-12-07 15:39:28 - [TEST_STEP][PASSED] - Statement - counter = counter + 1: null

2018-12-07 15:39:28 - [TEST_STEP][PASSED] - Statement - PreSaveFile = new java.io.File(((pathPrefix + java.lang.Integer.toString(counter)) + .png)): null

2018-12-07 15:39:28 - [TEST_STEP][PASSED] - Statement - counter = counter + 1: null

2018-12-07 15:39:28 - [TEST_STEP][PASSED] - Statement - PreSaveFile = new java.io.File(((pathPrefix + java.lang.Integer.toString(counter)) + .png)): null

2018-12-07 15:39:28 - [TEST_STEP][PASSED] - Statement - counter = counter + 1: null

2018-12-07 15:39:28 - [TEST_STEP][PASSED] - Statement - PreSaveFile = new java.io.File(((pathPrefix + java.lang.Integer.toString(counter)) + .png)): null

2018-12-07 15:39:28 - [TEST_STEP][PASSED] - Statement - counter = counter + 1: null

2018-12-07 15:39:28 - [TEST_STEP][PASSED] - Statement - PreSaveFile = new java.io.File(((pathPrefix + java.lang.Integer.toString(counter)) + .png)): null

2018-12-07 15:39:28 - [TEST_STEP][PASSED] - Statement - counter = counter + 1: null

2018-12-07 15:39:28 - [TEST_STEP][PASSED] - Statement - PreSaveFile = new java.io.File(((pathPrefix + java.lang.Integer.toString(counter)) + .png)): null

2018-12-07 15:39:28 - [TEST_STEP][PASSED] - Statement - counter = counter + 1: null

2018-12-07 15:39:28 - [TEST_STEP][PASSED] - Statement - PreSaveFile = new java.io.File(((pathPrefix + java.lang.Integer.toString(counter)) + .png)): null

2018-12-07 15:39:28 - [TEST_STEP][PASSED] - Statement - counter = counter + 1: null

2018-12-07 15:39:28 - [TEST_STEP][PASSED] - Statement - PreSaveFile = new java.io.File(((pathPrefix + java.lang.Integer.toString(counter)) + .png)): null

2018-12-07 15:39:28 - [TEST_STEP][PASSED] - Statement - counter = counter + 1: null

2018-12-07 15:39:28 - [TEST_STEP][PASSED] - Statement - PreSaveFile = new java.io.File(((pathPrefix + java.lang.Integer.toString(counter)) + .png)): null

2018-12-07 15:39:28 - [TEST_STEP][PASSED] - Statement - counter = counter + 1: null

2018-12-07 15:39:29 - [TEST_STEP][PASSED] - Statement - PreSaveFile = new java.io.File(((pathPrefix + java.lang.Integer.toString(counter)) + .png)): null

2018-12-07 15:39:29 - [TEST_STEP][PASSED] - Statement - counter = counter + 1: null

2018-12-07 15:39:29 - [TEST_STEP][PASSED] - Statement - PreSaveFile = new java.io.File(((pathPrefix + java.lang.Integer.toString(counter)) + .png)): null

2018-12-07 15:39:29 - [TEST_STEP][PASSED] - Statement - counter = counter + 1: null

2018-12-07 15:39:29 - [TEST_STEP][PASSED] - Statement - PreSaveFile = new java.io.File(((pathPrefix + java.lang.Integer.toString(counter)) + .png)): null

2018-12-07 15:39:29 - [TEST_STEP][PASSED] - Statement - counter = counter + 1: null

2018-12-07 15:39:29 - [TEST_STEP][PASSED] - Statement - PreSaveFile = new java.io.File(((pathPrefix + java.lang.Integer.toString(counter)) + .png)): null

2018-12-07 15:39:29 - [TEST_STEP][PASSED] - Statement - counter = counter + 1: null

2018-12-07 15:39:29 - [TEST_STEP][PASSED] - Statement - PreSaveFile = new java.io.File(((pathPrefix + java.lang.Integer.toString(counter)) + .png)): null

2018-12-07 15:39:29 - [TEST_STEP][PASSED] - Statement - counter = counter + 1: null

2018-12-07 15:39:29 - [TEST_STEP][PASSED] - Statement - PreSaveFile = new java.io.File(((pathPrefix + java.lang.Integer.toString(counter)) + .png)): null

2018-12-07 15:39:29 - [TEST_STEP][PASSED] - Statement - counter = counter + 1: null

2018-12-07 15:39:29 - [TEST_STEP][PASSED] - Statement - PreSaveFile = new java.io.File(((pathPrefix + java.lang.Integer.toString(counter)) + .png)): null

2018-12-07 15:39:29 - [TEST_STEP][PASSED] - Statement - counter = counter + 1: null

2018-12-07 15:39:29 - [TEST_STEP][PASSED] - Statement - PreSaveFile = new java.io.File(((pathPrefix + java.lang.Integer.toString(counter)) + .png)): null

2018-12-07 15:39:29 - [TEST_STEP][PASSED] - Statement - counter = counter + 1: null

2018-12-07 15:39:29 - [TEST_STEP][PASSED] - Statement - PreSaveFile = new java.io.File(((pathPrefix + java.lang.Integer.toString(counter)) + .png)): null

2018-12-07 15:39:29 - [TEST_STEP][PASSED] - Statement - counter = counter + 1: null

2018-12-07 15:39:29 - [TEST_STEP][PASSED] - Statement - PreSaveFile = new java.io.File(((pathPrefix + java.lang.Integer.toString(counter)) + .png)): null

2018-12-07 15:39:29 - [TEST_STEP][PASSED] - Statement - counter = counter + 1: null

2018-12-07 15:39:29 - [TEST_STEP][PASSED] - Statement - PreSaveFile = new java.io.File(((pathPrefix + java.lang.Integer.toString(counter)) + .png)): null

2018-12-07 15:39:29 - [TEST_STEP][PASSED] - Statement - counter = counter + 1: null

2018-12-07 15:39:29 - [TEST_STEP][PASSED] - Statement - PreSaveFile = new java.io.File(((pathPrefix + java.lang.Integer.toString(counter)) + .png)): null

2018-12-07 15:39:29 - [TEST_STEP][PASSED] - Statement - counter = counter + 1: null

2018-12-07 15:39:29 - [TEST_STEP][PASSED] - Statement - PreSaveFile = new java.io.File(((pathPrefix + java.lang.Integer.toString(counter)) + .png)): null

2018-12-07 15:39:29 - [TEST_STEP][PASSED] - Statement - counter = counter + 1: null

2018-12-07 15:39:29 - [TEST_STEP][PASSED] - Statement - PreSaveFile = new java.io.File(((pathPrefix + java.lang.Integer.toString(counter)) + .png)): null

2018-12-07 15:39:29 - [TEST_STEP][PASSED] - Statement - counter = counter + 1: null

2018-12-07 15:39:29 - [TEST_STEP][PASSED] - Statement - PreSaveFile = new java.io.File(((pathPrefix + java.lang.Integer.toString(counter)) + .png)): null

2018-12-07 15:39:30 - [TEST_STEP][PASSED] - Statement - counter = counter + 1: null

2018-12-07 15:39:30 - [TEST_STEP][PASSED] - Statement - PreSaveFile = new java.io.File(((pathPrefix + java.lang.Integer.toString(counter)) + .png)): null

2018-12-07 15:39:30 - [TEST_STEP][PASSED] - Statement - counter = counter + 1: null

2018-12-07 15:39:30 - [TEST_STEP][PASSED] - Statement - PreSaveFile = new java.io.File(((pathPrefix + java.lang.Integer.toString(counter)) + .png)): null

2018-12-07 15:39:30 - [TEST_STEP][PASSED] - Statement - counter = counter + 1: null

2018-12-07 15:39:30 - [TEST_STEP][PASSED] - Statement - PreSaveFile = new java.io.File(((pathPrefix + java.lang.Integer.toString(counter)) + .png)): null

2018-12-07 15:39:30 - [TEST_STEP][PASSED] - Statement - counter = counter + 1: null

2018-12-07 15:39:30 - [TEST_STEP][PASSED] - Statement - PreSaveFile = new java.io.File(((pathPrefix + java.lang.Integer.toString(counter)) + .png)): null

2018-12-07 15:39:30 - [TEST_STEP][PASSED] - Statement - counter = counter + 1: null

2018-12-07 15:39:30 - [TEST_STEP][PASSED] - Statement - PreSaveFile = new java.io.File(((pathPrefix + java.lang.Integer.toString(counter)) + .png)): null

2018-12-07 15:39:30 - [TEST_STEP][PASSED] - Statement - counter = counter + 1: null

2018-12-07 15:39:30 - [TEST_STEP][PASSED] - Statement - PreSaveFile = new java.io.File(((pathPrefix + java.lang.Integer.toString(counter)) + .png)): null

2018-12-07 15:39:30 - [TEST_STEP][PASSED] - Statement - counter = counter + 1: null

2018-12-07 15:39:30 - [TEST_STEP][PASSED] - Statement - PreSaveFile = new java.io.File(((pathPrefix + java.lang.Integer.toString(counter)) + .png)): null

2018-12-07 15:39:30 - [TEST_STEP][PASSED] - Statement - counter = counter + 1: null

2018-12-07 15:39:30 - [TEST_STEP][PASSED] - Statement - PreSaveFile = new java.io.File(((pathPrefix + java.lang.Integer.toString(counter)) + .png)): null

2018-12-07 15:39:30 - [TEST_STEP][PASSED] - Statement - counter = counter + 1: null

2018-12-07 15:39:30 - [TEST_STEP][PASSED] - Statement - PreSaveFile = new java.io.File(((pathPrefix + java.lang.Integer.toString(counter)) + .png)): null

2018-12-07 15:39:30 - [TEST_STEP][PASSED] - Statement - counter = counter + 1: null

2018-12-07 15:39:30 - [TEST_STEP][PASSED] - Statement - PreSaveFile = new java.io.File(((pathPrefix + java.lang.Integer.toString(counter)) + .png)): null

2018-12-07 15:39:30 - [TEST_STEP][PASSED] - Statement - counter = counter + 1: null

2018-12-07 15:39:30 - [TEST_STEP][PASSED] - Statement - PreSaveFile = new java.io.File(((pathPrefix + java.lang.Integer.toString(counter)) + .png)): null

2018-12-07 15:39:30 - [TEST_STEP][PASSED] - Statement - counter = counter + 1: null

2018-12-07 15:39:30 - [TEST_STEP][PASSED] - Statement - PreSaveFile = new java.io.File(((pathPrefix + java.lang.Integer.toString(counter)) + .png)): null

2018-12-07 15:39:30 - [TEST_STEP][PASSED] - Statement - counter = counter + 1: null

2018-12-07 15:39:30 - [TEST_STEP][PASSED] - Statement - PreSaveFile = new java.io.File(((pathPrefix + java.lang.Integer.toString(counter)) + .png)): null

2018-12-07 15:39:30 - [TEST_STEP][PASSED] - Statement - counter = counter + 1: null

2018-12-07 15:39:30 - [TEST_STEP][PASSED] - Statement - PreSaveFile = new java.io.File(((pathPrefix + java.lang.Integer.toString(counter)) + .png)): null

2018-12-07 15:39:30 - [TEST_STEP][PASSED] - Statement - counter = counter + 1: null

2018-12-07 15:39:31 - [TEST_STEP][PASSED] - Statement - PreSaveFile = new java.io.File(((pathPrefix + java.lang.Integer.toString(counter)) + .png)): null

2018-12-07 15:39:31 - [TEST_STEP][PASSED] - Statement - counter = counter + 1: null

2018-12-07 15:39:31 - [TEST_STEP][PASSED] - Statement - PreSaveFile = new java.io.File(((pathPrefix + java.lang.Integer.toString(counter)) + .png)): null

2018-12-07 15:39:31 - [TEST_STEP][PASSED] - Statement - counter = counter + 1: null

2018-12-07 15:39:31 - [TEST_STEP][PASSED] - Statement - PreSaveFile = new java.io.File(((pathPrefix + java.lang.Integer.toString(counter)) + .png)): null

2018-12-07 15:39:31 - [TEST_STEP][PASSED] - Statement - counter = counter + 1: null

2018-12-07 15:39:31 - [TEST_STEP][PASSED] - Statement - PreSaveFile = new java.io.File(((pathPrefix + java.lang.Integer.toString(counter)) + .png)): null

2018-12-07 15:39:31 - [TEST_STEP][PASSED] - Statement - counter = counter + 1: null

2018-12-07 15:39:31 - [TEST_STEP][PASSED] - Statement - PreSaveFile = new java.io.File(((pathPrefix + java.lang.Integer.toString(counter)) + .png)): null

2018-12-07 15:39:31 - [TEST_STEP][PASSED] - Statement - counter = counter + 1: null

2018-12-07 15:39:31 - [TEST_STEP][PASSED] - Statement - PreSaveFile = new java.io.File(((pathPrefix + java.lang.Integer.toString(counter)) + .png)): null

2018-12-07 15:39:31 - [TEST_STEP][PASSED] - Statement - counter = counter + 1: null

2018-12-07 15:39:31 - [TEST_STEP][PASSED] - Statement - PreSaveFile = new java.io.File(((pathPrefix + java.lang.Integer.toString(counter)) + .png)): null

2018-12-07 15:39:31 - [TEST_STEP][PASSED] - Statement - counter = counter + 1: null

2018-12-07 15:39:31 - [TEST_STEP][PASSED] - Statement - PreSaveFile = new java.io.File(((pathPrefix + java.lang.Integer.toString(counter)) + .png)): null

2018-12-07 15:39:31 - [TEST_STEP][PASSED] - Statement - counter = counter + 1: null

2018-12-07 15:39:31 - [TEST_STEP][PASSED] - Statement - PreSaveFile = new java.io.File(((pathPrefix + java.lang.Integer.toString(counter)) + .png)): null

2018-12-07 15:39:31 - [TEST_STEP][PASSED] - Statement - counter = counter + 1: null

2018-12-07 15:39:31 - [TEST_STEP][PASSED] - Statement - PreSaveFile = new java.io.File(((pathPrefix + java.lang.Integer.toString(counter)) + .png)): null

2018-12-07 15:39:31 - [TEST_STEP][PASSED] - Statement - counter = counter + 1: null

2018-12-07 15:39:31 - [TEST_STEP][PASSED] - Statement - PreSaveFile = new java.io.File(((pathPrefix + java.lang.Integer.toString(counter)) + .png)): null

2018-12-07 15:39:31 - [TEST_STEP][PASSED] - Statement - counter = counter + 1: null

2018-12-07 15:39:31 - [TEST_STEP][PASSED] - Statement - PreSaveFile = new java.io.File(((pathPrefix + java.lang.Integer.toString(counter)) + .png)): null

2018-12-07 15:39:31 - [TEST_STEP][PASSED] - Statement - counter = counter + 1: null

2018-12-07 15:39:31 - [TEST_STEP][PASSED] - Statement - PreSaveFile = new java.io.File(((pathPrefix + java.lang.Integer.toString(counter)) + .png)): null

2018-12-07 15:39:31 - [TEST_STEP][PASSED] - Statement - counter = counter + 1: null

2018-12-07 15:39:31 - [TEST_STEP][PASSED] - Statement - PreSaveFile = new java.io.File(((pathPrefix + java.lang.Integer.toString(counter)) + .png)): null

2018-12-07 15:39:31 - [TEST_STEP][PASSED] - Statement - finalPath = pathPrefix + java.lang.Integer.toString(counter) + ".png": null

2018-12-07 15:39:32 - [TEST_STEP][PASSED] - Statement - SaveFile = new java.io.File(finalPath): null

2018-12-07 15:39:32 - [TEST_STEP][PASSED] - Statement - Try: null

2018-12-07 15:39:32 - [TEST_STEP][PASSED] - Statement - org.apache.commons.io.FileUtils.copyFile(scrFile, SaveFile): null

2018-12-07 15:39:32 - [TEST_STEP][PASSED] - Statement - out.println("file kept"): null

2018-12-07 15:39:32 - [TEST_STEP][PASSED] - delay: Delayed 10 second(s)

2018-12-07 15:39:42 - [MESSAGE][PASSED] - Delayed 10 second(s)

2018-12-07 15:39:42 - [MESSAGE][PASSED] - Call Test Case 'Test Cases/Final Aug 2018 - PKS Automation/Registration Module/New Registration/Submit and Screenshot/Submit Registration and Screenshot - Copy' successfully

2018-12-07 15:39:42 - [TEST_STEP][PASSED] - Statement - UpdateAddNewECode = com.kms.katalon.core.webui.keyword.WebUiBuiltInKeywords.getText(com.kms.katalon.core.testobject.ObjectRepository.findTestObject(Object Repository/Final Object Repo/Page_Update Add New Employee - ASSIST/getEmpCode)): Text of object 'Object Repository/Final Object Repo/Page_Update Add New Employee - ASSIST/getEmpCode' is: 'E1102070679F'

2018-12-07 15:39:42 - [MESSAGE][PASSED] - Text of object 'Object Repository/Final Object Repo/Page_Update Add New Employee - ASSIST/getEmpCode' is: 'E1102070679F'

2018-12-07 15:39:42 - [TEST_STEP][PASSED] - callTestCase: Call Test Case 'Test Cases/Final Aug 2018 - PKS Automation/Common/Emp Code Setter' successfully

2018-12-07 15:39:42 - [TEST_CASE][PASSED] - Test Cases/Final Aug 2018 - PKS Automation/Common/Emp Code Setter: Test Cases/Final Aug 2018 - PKS Automation/Common/Emp Code Setter

2018-12-07 15:39:42 - [TEST_STEP][PASSED] - Statement - EmpCodeOld = new java.io.File(C://Users//Admin//Desktop//PKS//Automation Reference Point//EmpCode.txt): null

2018-12-07 15:39:42 - [TEST_STEP][PASSED] - Statement - EmpCodeOld.delete(): null

2018-12-07 15:39:42 - [TEST_STEP][PASSED] - Statement - EmpCode = new java.io.File(C://Users//Admin//Desktop//PKS//Automation Reference Point//EmpCode.txt): null

2018-12-07 15:39:42 - [TEST_STEP][PASSED] - Statement - f2 = new java.io.FileWriter(EmpCode, false): null

2018-12-07 15:39:42 - [TEST_STEP][PASSED] - Statement - f2.write(UpdateAddNewECode): null

2018-12-07 15:39:42 - [TEST_STEP][PASSED] - Statement - f2.close(): null

2018-12-07 15:39:42 - [TEST_STEP][PASSED] - Statement - out.println("


" + UpdateAddNewECode + "


"): null

2018-12-07 15:39:42 - [MESSAGE][PASSED] - Call Test Case 'Test Cases/Final Aug 2018 - PKS Automation/Common/Emp Code Setter' successfully

2018-12-07 15:39:42 - [MESSAGE][PASSED] - Call Test Case 'Test Cases/Final Aug 2018 - PKS Automation/Registration Module/Workflow/Update Add New Employee/Template/New Company for Update Add New - Employer' successfully

2018-12-07 15:39:42 - [TEST_STEP][PASSED] - callTestCase: Call Test Case 'Test Cases/Final Aug 2018 - PKS Automation/Create Employer Acc/Login to Employer Account (Second time)' successfully

2018-12-07 15:39:42 - [TEST_CASE][PASSED] - Test Cases/Final Aug 2018 - PKS Automation/Create Employer Acc/Login to Employer Account (Second time): Test Cases/Final Aug 2018 - PKS Automation/Create Employer Acc/Login to Employer Account (Second time)

2018-12-07 15:39:42 - [TEST_STEP][PASSED] - openBrowser: Browser is opened with url: ''

2018-12-07 15:39:42 - [MESSAGE][WARNING] - A browser is already opened. Closing browser and opening a new one

2018-12-07 15:39:45 - [MESSAGE][PASSED] - Browser is opened with url: ''

2018-12-07 15:39:45 - [TEST_STEP][PASSED] - navigateToUrl: Navigate to 'https://assist2-uat.perkeso.gov.my/employer/login' successfully

2018-12-07 15:39:46 - [MESSAGE][PASSED] - Navigate to 'https://assist2-uat.perkeso.gov.my/employer/login' successfully

2018-12-07 15:39:46 - [TEST_STEP][PASSED] - delay: Delayed 3 second(s)

2018-12-07 15:39:49 - [MESSAGE][PASSED] - Delayed 3 second(s)

2018-12-07 15:39:49 - [TEST_STEP][PASSED] - callTestCase: Call Test Case 'Test Cases/Final Aug 2018 - PKS Automation/Create Employer Acc/Template/Employer Email Getter' successfully

2018-12-07 15:39:49 - [TEST_CASE][PASSED] - Test Cases/Final Aug 2018 - PKS Automation/Create Employer Acc/Template/Employer Email Getter: Test Cases/Final Aug 2018 - PKS Automation/Create Employer Acc/Template/Employer Email Getter

2018-12-07 15:39:49 - [TEST_STEP][PASSED] - Statement - Try: null

2018-12-07 15:39:49 - [TEST_STEP][PASSED] - Statement - EmpEmail = new java.io.File(C://Users//Admin//Desktop//PKS//Automation Reference Point//EmpEmail.txt): null

2018-12-07 15:39:49 - [TEST_STEP][PASSED] - Statement - bufferread = new java.io.BufferedReader(new java.io.FileReader(EmpEmail)): null

2018-12-07 15:39:49 - [TEST_STEP][PASSED] - Statement - readedVal = bufferread.readLine(): null

2018-12-07 15:39:49 - [TEST_STEP][PASSED] - Statement - out.println(readedVal): null

2018-12-07 15:39:49 - [TEST_STEP][PASSED] - Statement - Email = readedVal: null

2018-12-07 15:39:49 - [MESSAGE][PASSED] - Call Test Case 'Test Cases/Final Aug 2018 - PKS Automation/Create Employer Acc/Template/Employer Email Getter' successfully

2018-12-07 15:39:49 - [TEST_STEP][PASSED] - setText: Text 'perkeso559644895855@gmail.com' is set on object 'Object Repository/Final Object Repo/Login Page/External Login Page/Email'

2018-12-07 15:39:50 - [MESSAGE][PASSED] - Text 'perkeso559644895855@gmail.com' is set on object 'Object Repository/Final Object Repo/Login Page/External Login Page/Email'

2018-12-07 15:39:50 - [TEST_STEP][PASSED] - click: Object: 'Object Repository/Final Object Repo/Login Page/External Login Page/Next' is clicked on

2018-12-07 15:39:50 - [MESSAGE][PASSED] - Object: 'Object Repository/Final Object Repo/Login Page/External Login Page/Next' is clicked on

2018-12-07 15:39:50 - [TEST_STEP][PASSED] - delay: Delayed 3 second(s)

2018-12-07 15:39:53 - [MESSAGE][PASSED] - Delayed 3 second(s)

2018-12-07 15:39:53 - [TEST_STEP][PASSED] - setEncryptedText: Text ****** has been set on object 'Object Repository/Final Object Repo/Login Page/External Login Page/Password'

2018-12-07 15:39:53 - [MESSAGE][PASSED] - Text ****** has been set on object 'Object Repository/Final Object Repo/Login Page/External Login Page/Password'

2018-12-07 15:39:53 - [TEST_STEP][PASSED] - click: Object: 'Object Repository/Final Object Repo/Login Page/External Login Page/Login' is clicked on

2018-12-07 15:39:53 - [MESSAGE][PASSED] - Object: 'Object Repository/Final Object Repo/Login Page/External Login Page/Login' is clicked on

2018-12-07 15:39:53 - [TEST_STEP][PASSED] - delay: Delayed 5 second(s)

2018-12-07 15:39:58 - [MESSAGE][PASSED] - Delayed 5 second(s)

2018-12-07 15:39:58 - [MESSAGE][PASSED] - Call Test Case 'Test Cases/Final Aug 2018 - PKS Automation/Create Employer Acc/Login to Employer Account (Second time)' successfully

2018-12-07 15:39:58 - [TEST_STEP][PASSED] - Statement - Try: Delayed 2 second(s)

2018-12-07 15:39:58 - [TEST_STEP][PASSED] - Statement - Checker = false: null

2018-12-07 15:39:58 - [TEST_STEP][PASSED] - Statement - Checker = com.kms.katalon.core.webui.keyword.WebUiBuiltInKeywords.verifyElementHasAttribute(com.kms.katalon.core.testobject.ObjectRepository.findTestObject(Final Object Repo/Landing Page/BM Detecting), "href", 20, OPTIONAL): Object 'Object Repository/Final Object Repo/Landing Page/BM Detecting' has attribute 'href'

2018-12-07 15:39:59 - [MESSAGE][PASSED] - Object 'Object Repository/Final Object Repo/Landing Page/BM Detecting' has attribute 'href'

2018-12-07 15:39:59 - [TEST_STEP][PASSED] - Statement - out.println(Checker): null

2018-12-07 15:39:59 - [TEST_STEP][PASSED] - Statement - If (Checker == false): null

2018-12-07 15:39:59 - [TEST_STEP][PASSED] - Statement - Else: null

2018-12-07 15:39:59 - [TEST_STEP][PASSED] - delay: Delayed 2 second(s)

2018-12-07 15:40:01 - [MESSAGE][PASSED] - Delayed 2 second(s)

2018-12-07 15:40:01 - [TEST_STEP][PASSED] - navigateToUrl: Navigate to 'https://assist2-uat.perkeso.gov.my/web/registration/update/update-employee-information-employer-' successfully

2018-12-07 15:40:01 - [MESSAGE][PASSED] - Navigate to 'https://assist2-uat.perkeso.gov.my/web/registration/update/update-employee-information-employer-' successfully

2018-12-07 15:40:01 - [TEST_STEP][PASSED] - click: Object: 'Object Repository/Final Object Repo/Page_Update Employee Information By Employer/Edit Button' is clicked on

2018-12-07 15:40:04 - [MESSAGE][PASSED] - Object: 'Object Repository/Final Object Repo/Page_Update Employee Information By Employer/Edit Button' is clicked on

2018-12-07 15:40:04 - [TEST_STEP][PASSED] - click: Object: 'Object Repository/Final Object Repo/Page_Update Employee Information By Employer/Employee Name or New Identification' is clicked on

2018-12-07 15:40:04 - [MESSAGE][PASSED] - Object: 'Object Repository/Final Object Repo/Page_Update Employee Information By Employer/Employee Name or New Identification' is clicked on

2018-12-07 15:40:04 - [TEST_STEP][PASSED] - delay: Delayed 1 second(s)

2018-12-07 15:40:05 - [MESSAGE][PASSED] - Delayed 1 second(s)

2018-12-07 15:40:05 - [TEST_STEP][PASSED] - click: Object: 'Object Repository/Final Object Repo/Page_Update Employee Information By Employer/Selection - Employee Name' is clicked on

2018-12-07 15:40:05 - [MESSAGE][PASSED] - Object: 'Object Repository/Final Object Repo/Page_Update Employee Information By Employer/Selection - Employee Name' is clicked on

2018-12-07 15:40:05 - [TEST_STEP][PASSED] - delay: Delayed 1 second(s)

2018-12-07 15:40:06 - [MESSAGE][PASSED] - Delayed 1 second(s)

2018-12-07 15:40:06 - [TEST_STEP][PASSED] - setText: Text 'AUTOMATE001 ELIGIBLE 1' is set on object 'Object Repository/Final Object Repo/Page_Update Employee Information By Employer/Employee Name'

2018-12-07 15:40:07 - [MESSAGE][PASSED] - Text 'AUTOMATE001 ELIGIBLE 1' is set on object 'Object Repository/Final Object Repo/Page_Update Employee Information By Employer/Employee Name'

2018-12-07 15:40:07 - [TEST_STEP][PASSED] - delay: Delayed 2 second(s)

2018-12-07 15:40:09 - [MESSAGE][PASSED] - Delayed 2 second(s)

2018-12-07 15:40:09 - [TEST_STEP][PASSED] - click: Object: 'Object Repository/Final Object Repo/Page_Update Employee Information By Employer/Search Employee' is clicked on

2018-12-07 15:40:09 - [MESSAGE][PASSED] - Object: 'Object Repository/Final Object Repo/Page_Update Employee Information By Employer/Search Employee' is clicked on

2018-12-07 15:40:09 - [TEST_STEP][PASSED] - delay: Delayed 3 second(s)

2018-12-07 15:40:12 - [MESSAGE][PASSED] - Delayed 3 second(s)

2018-12-07 15:40:12 - [TEST_STEP][PASSED] - click: Object: 'Object Repository/Final Object Repo/Page_Update Employee Information By Employer/Employee Edit Button' is clicked on

2018-12-07 15:40:12 - [MESSAGE][PASSED] - Object: 'Object Repository/Final Object Repo/Page_Update Employee Information By Employer/Employee Edit Button' is clicked on

2018-12-07 15:40:12 - [TEST_STEP][PASSED] - delay: Delayed 3 second(s)

2018-12-07 15:40:15 - [MESSAGE][PASSED] - Delayed 3 second(s)

2018-12-07 15:40:15 - [TEST_STEP][PASSED] - setText: Text '' is set on object 'Object Repository/Final Object Repo/Page_Update Employee Information By Employer/Identification Number'

2018-12-07 15:40:16 - [MESSAGE][PASSED] - Text '' is set on object 'Object Repository/Final Object Repo/Page_Update Employee Information By Employer/Identification Number'

2018-12-07 15:40:16 - [TEST_STEP][PASSED] - Statement - rnd = new java.util.Random(): null

2018-12-07 15:40:16 - [TEST_STEP][PASSED] - Statement - snum = rnd.nextInt(899999 + 1) + 100000: null

2018-12-07 15:40:16 - [TEST_STEP][PASSED] - Statement - tnum = rnd.nextInt(899999 + 1) + 100000: null

2018-12-07 15:40:16 - [TEST_STEP][PASSED] - Statement - IC = java.lang.Integer.toString(snum) + java.lang.Integer.toString(tnum): null

2018-12-07 15:40:16 - [TEST_STEP][PASSED] - Statement - out.println(IC): null

2018-12-07 15:40:16 - [TEST_STEP][PASSED] - setText: Text '340383901798' is set on object 'Object Repository/Final Object Repo/Page_Update Employee Information By Employer/Identification Number'

2018-12-07 15:40:16 - [MESSAGE][PASSED] - Text '340383901798' is set on object 'Object Repository/Final Object Repo/Page_Update Employee Information By Employer/Identification Number'

2018-12-07 15:40:16 - [TEST_STEP][PASSED] - click: Object: 'Object Repository/Final Object Repo/Page_Update Employee Information By Employer/Save' is clicked on

2018-12-07 15:40:16 - [MESSAGE][PASSED] - Object: 'Object Repository/Final Object Repo/Page_Update Employee Information By Employer/Save' is clicked on

2018-12-07 15:40:16 - [TEST_STEP][PASSED] - delay: Delayed 5 second(s)

2018-12-07 15:40:21 - [MESSAGE][PASSED] - Delayed 5 second(s)

2018-12-07 15:40:21 - [TEST_STEP][PASSED] - Statement - CaseReferenceNo = com.kms.katalon.core.webui.keyword.WebUiBuiltInKeywords.getText(com.kms.katalon.core.testobject.ObjectRepository.findTestObject(Final Object Repo/Reference Number/Reference Number in Update Employee Information Page)): Text of object 'Object Repository/Final Object Repo/Reference Number/Reference Number in Update Employee Information Page' is: 'CUN122018C100005900'

2018-12-07 15:40:21 - [MESSAGE][PASSED] - Text of object 'Object Repository/Final Object Repo/Reference Number/Reference Number in Update Employee Information Page' is: 'CUN122018C100005900'

2018-12-07 15:40:21 - [TEST_STEP][PASSED] - callTestCase: Call Test Case 'Test Cases/Final Aug 2018 - PKS Automation/Common/Reference Number Setter' successfully

2018-12-07 15:40:21 - [TEST_CASE][PASSED] - Test Cases/Final Aug 2018 - PKS Automation/Common/Reference Number Setter: Test Cases/Final Aug 2018 - PKS Automation/Common/Reference Number Setter

2018-12-07 15:40:21 - [TEST_STEP][PASSED] - Statement - RefNoOldFile = new java.io.File(C://Users//Admin//Desktop//PKS//Automation Reference Point//KatalonReference.txt): null

2018-12-07 15:40:21 - [TEST_STEP][PASSED] - Statement - RefNoOldFile.delete(): null

2018-12-07 15:40:21 - [TEST_STEP][PASSED] - delay: Delayed 5 second(s)

2018-12-07 15:40:26 - [MESSAGE][PASSED] - Delayed 5 second(s)

2018-12-07 15:40:26 - [TEST_STEP][PASSED] - Statement - RefNo = new java.io.File(C://Users//Admin//Desktop//PKS//Automation Reference Point//KatalonReference.txt): null

2018-12-07 15:40:26 - [TEST_STEP][PASSED] - Statement - f2 = new java.io.FileWriter(RefNo, false): null

2018-12-07 15:40:26 - [TEST_STEP][PASSED] - Statement - f2.write(CaseReferenceNo): null

2018-12-07 15:40:26 - [TEST_STEP][PASSED] - Statement - f2.close(): null

2018-12-07 15:40:26 - [TEST_STEP][PASSED] - Statement - out.println("


" + CaseReferenceNo + "


"): null

2018-12-07 15:40:26 - [MESSAGE][PASSED] - Call Test Case 'Test Cases/Final Aug 2018 - PKS Automation/Common/Reference Number Setter' successfully

2018-12-07 15:40:26 - [TEST_STEP][PASSED] - delay: Delayed 5 second(s)

2018-12-07 15:40:31 - [MESSAGE][PASSED] - Delayed 5 second(s)

2018-12-07 15:40:31 - [TEST_STEP][PASSED] - click: Object: 'Object Repository/Final Object Repo/Page_Update Employee Information By Employer/Save  Continue in  Employee Information Page' is clicked on

2018-12-07 15:40:32 - [MESSAGE][PASSED] - Object: 'Object Repository/Final Object Repo/Page_Update Employee Information By Employer/Save  Continue in  Employee Information Page' is clicked on

2018-12-07 15:40:32 - [TEST_STEP][PASSED] - delay: Delayed 5 second(s)

2018-12-07 15:40:37 - [MESSAGE][PASSED] - Delayed 5 second(s)

2018-12-07 15:40:37 - [TEST_STEP][PASSED] - click: Object: 'Object Repository/Final Object Repo/Page_Update Employee Information By Employer/Save  Continue in Uploading Page 1' is clicked on

2018-12-07 15:40:37 - [MESSAGE][PASSED] - Object: 'Object Repository/Final Object Repo/Page_Update Employee Information By Employer/Save  Continue in Uploading Page 1' is clicked on

2018-12-07 15:40:37 - [TEST_STEP][PASSED] - delay: Delayed 5 second(s)

2018-12-07 15:40:42 - [MESSAGE][PASSED] - Delayed 5 second(s)

2018-12-07 15:40:42 - [TEST_STEP][PASSED] - click: Object: 'Object Repository/Final Object Repo/Page_Update Employee Information By Employer/Submit' is clicked on

2018-12-07 15:40:42 - [MESSAGE][PASSED] - Object: 'Object Repository/Final Object Repo/Page_Update Employee Information By Employer/Submit' is clicked on

2018-12-07 15:40:42 - [TEST_STEP][PASSED] - delay: Delayed 5 second(s)

2018-12-07 15:40:47 - [MESSAGE][PASSED] - Delayed 5 second(s)

2018-12-07 15:40:47 - [TEST_STEP][PASSED] - click: Object: 'Object Repository/Final Object Repo/Page_Update Employee Information By Employer/Confirm' is clicked on

2018-12-07 15:40:47 - [MESSAGE][PASSED] - Object: 'Object Repository/Final Object Repo/Page_Update Employee Information By Employer/Confirm' is clicked on

2018-12-07 15:40:47 - [TEST_STEP][PASSED] - delay: Delayed 5 second(s)

2018-12-07 15:40:52 - [MESSAGE][PASSED] - Delayed 5 second(s)

2018-12-07 15:40:52 - [TEST_STEP][PASSED] - verifyElementVisible: Object 'Object Repository/Final Object Repo/Page_Update Employee Information By Employer/Successfull Message Routed to UO' is visible

2018-12-07 15:40:52 - [MESSAGE][PASSED] - Object 'Object Repository/Final Object Repo/Page_Update Employee Information By Employer/Successfull Message Routed to UO' is visible

2018-12-07 15:40:52 - [MESSAGE][PASSED] - Call Test Case 'Test Cases/Final Aug 2018 - PKS Automation/Registration Module/Workflow/Update Employee Information (Employer)/Template/Update Employer Information - Special Case (Employer)' successfully

2018-12-07 15:40:52 - [TEST_STEP][PASSED] - callTestCase: Call Test Case 'Test Cases/Final Aug 2018 - PKS Automation/Registration Module/Workflow/Update Employee Information (Employer)/Template/Update Employee Information - Special Case - UO(Query)' successfully

2018-12-07 15:40:52 - [TEST_CASE][PASSED] - Test Cases/Final Aug 2018 - PKS Automation/Registration Module/Workflow/Update Employee Information (Employer)/Template/Update Employee Information - Special Case - UO(Query): Test Cases/Final Aug 2018 - PKS Automation/Registration Module/Workflow/Update Employee Information (Employer)/Template/Update Employee Information - Special Case - UO(Query)

2018-12-07 15:40:53 - [TEST_STEP][NOT_RUN] - callTestCase: NOT_RUN: callTestCase

2018-12-07 15:40:53 - [MESSAGE][NOT_RUN] - NOT_RUN: callTestCase

2018-12-07 15:40:53 - [TEST_STEP][PASSED] - delay: Delayed 2 second(s)

2018-12-07 15:40:55 - [MESSAGE][PASSED] - Delayed 2 second(s)

2018-12-07 15:40:55 - [TEST_STEP][PASSED] - navigateToUrl: Navigate to 'https://assist2-uat.perkeso.gov.my/c/portal/logout' successfully

2018-12-07 15:40:55 - [MESSAGE][PASSED] - Navigate to 'https://assist2-uat.perkeso.gov.my/c/portal/logout' successfully

2018-12-07 15:40:55 - [TEST_STEP][PASSED] - delay: Delayed 2 second(s)

2018-12-07 15:40:57 - [MESSAGE][PASSED] - Delayed 2 second(s)

2018-12-07 15:40:57 - [TEST_STEP][PASSED] - callTestCase: Call Test Case 'Test Cases/Final Aug 2018 - PKS Automation/Common/Reference Number Getter' successfully

2018-12-07 15:40:57 - [TEST_CASE][PASSED] - Test Cases/Final Aug 2018 - PKS Automation/Common/Reference Number Getter: Test Cases/Final Aug 2018 - PKS Automation/Common/Reference Number Getter

2018-12-07 15:40:57 - [TEST_STEP][PASSED] - Statement - Try: null

2018-12-07 15:40:57 - [TEST_STEP][PASSED] - Statement - RefNo = new java.io.File(C://Users//Admin//Desktop//PKS//Automation Reference Point//KatalonReference.txt): null

2018-12-07 15:40:57 - [TEST_STEP][PASSED] - Statement - bufferread = new java.io.BufferedReader(new java.io.FileReader(RefNo)): null

2018-12-07 15:40:57 - [TEST_STEP][PASSED] - Statement - readedVal = bufferread.readLine(): null

2018-12-07 15:40:57 - [TEST_STEP][PASSED] - Statement - out.println(CaseReferenceNo): null

2018-12-07 15:40:57 - [TEST_STEP][PASSED] - Statement - out.println(readedVal): null

2018-12-07 15:40:57 - [TEST_STEP][PASSED] - Statement - CaseReferenceNo = "": null

2018-12-07 15:40:57 - [TEST_STEP][PASSED] - Statement - CaseReferenceNo = readedVal: null

2018-12-07 15:40:57 - [MESSAGE][PASSED] - Call Test Case 'Test Cases/Final Aug 2018 - PKS Automation/Common/Reference Number Getter' successfully

2018-12-07 15:40:57 - [TEST_STEP][PASSED] - callTestCase: Call Test Case 'Test Cases/Final Aug 2018 - PKS Automation/Common/Workflow Owner Finder' successfully

2018-12-07 15:40:58 - [TEST_CASE][PASSED] - Test Cases/Final Aug 2018 - PKS Automation/Common/Workflow Owner Finder: Test Cases/Final Aug 2018 - PKS Automation/Common/Workflow Owner Finder

2018-12-07 15:40:58 - [TEST_STEP][PASSED] - openBrowser: Browser is opened with url: ''

2018-12-07 15:40:58 - [MESSAGE][WARNING] - A browser is already opened. Closing browser and opening a new one

2018-12-07 15:41:00 - [MESSAGE][PASSED] - Browser is opened with url: ''

2018-12-07 15:41:00 - [TEST_STEP][PASSED] - navigateToUrl: Navigate to 'https://assist2-uat.perkeso.gov.my/login' successfully

2018-12-07 15:41:02 - [MESSAGE][PASSED] - Navigate to 'https://assist2-uat.perkeso.gov.my/login' successfully

2018-12-07 15:41:02 - [TEST_STEP][PASSED] - delay: Delayed 5 second(s)

2018-12-07 15:41:07 - [MESSAGE][PASSED] - Delayed 5 second(s)

2018-12-07 15:41:07 - [TEST_STEP][PASSED] - setText: Text 'test@liferay.com' is set on object 'Object Repository/Final Object Repo/Login Page/Internal User/Email Address'

2018-12-07 15:41:07 - [MESSAGE][PASSED] - Text 'test@liferay.com' is set on object 'Object Repository/Final Object Repo/Login Page/Internal User/Email Address'

2018-12-07 15:41:07 - [TEST_STEP][PASSED] - click: Object: 'Object Repository/Final Object Repo/Login Page/Internal User/Next Button' is clicked on

2018-12-07 15:41:07 - [MESSAGE][PASSED] - Object: 'Object Repository/Final Object Repo/Login Page/Internal User/Next Button' is clicked on

2018-12-07 15:41:07 - [TEST_STEP][PASSED] - delay: Delayed 2 second(s)

2018-12-07 15:41:09 - [MESSAGE][PASSED] - Delayed 2 second(s)

2018-12-07 15:41:09 - [TEST_STEP][PASSED] - setText: Text 'test' is set on object 'Object Repository/Final Object Repo/Login Page/Internal User/Password'

2018-12-07 15:41:09 - [MESSAGE][PASSED] - Text 'test' is set on object 'Object Repository/Final Object Repo/Login Page/Internal User/Password'

2018-12-07 15:41:09 - [TEST_STEP][PASSED] - delay: Delayed 2 second(s)

2018-12-07 15:41:11 - [MESSAGE][PASSED] - Delayed 2 second(s)

2018-12-07 15:41:11 - [TEST_STEP][PASSED] - click: Object: 'Object Repository/Final Object Repo/Login Page/Internal User/Login Button' is clicked on

2018-12-07 15:41:12 - [MESSAGE][PASSED] - Object: 'Object Repository/Final Object Repo/Login Page/Internal User/Login Button' is clicked on

2018-12-07 15:41:12 - [TEST_STEP][PASSED] - Statement - tester = com.kms.katalon.core.testobject.ObjectRepository.findTestObject(Final Object Repo/Landing Page/Select to English): Finding Test Object with id 'Object Repository/Final Object Repo/Landing Page/Select to English'

2018-12-07 15:41:12 - [TEST_STEP][PASSED] - Statement - Try: Delayed 2 second(s)

2018-12-07 15:41:12 - [TEST_STEP][PASSED] - Statement - Checker = com.kms.katalon.core.webui.keyword.WebUiBuiltInKeywords.verifyElementNotPresent(tester, 3): Web element with id: 'Object Repository/Final Object Repo/Landing Page/Select to English' located by 'By.xpath: //a[@class = 'taglib-language-list-text' and @lang = 'en-US' and (contains(text(), 'EN') or contains(., 'EN'))]' is not present after '3' second(s)

2018-12-07 15:41:14 - [MESSAGE][PASSED] - Web element with id: 'Object Repository/Final Object Repo/Landing Page/Select to English' located by 'By.xpath: //a[@class = 'taglib-language-list-text' and @lang = 'en-US' and (contains(text(), 'EN') or contains(., 'EN'))]' is not present after '3' second(s)

2018-12-07 15:41:14 - [TEST_STEP][PASSED] - Statement - If (Checker == false): null

2018-12-07 15:41:14 - [TEST_STEP][PASSED] - delay: Delayed 2 second(s)

2018-12-07 15:41:16 - [MESSAGE][PASSED] - Delayed 2 second(s)

2018-12-07 15:41:16 - [TEST_STEP][PASSED] - delay: Delayed 5 second(s)

2018-12-07 15:41:21 - [MESSAGE][PASSED] - Delayed 5 second(s)

2018-12-07 15:41:21 - [TEST_STEP][PASSED] - mouseOver: Object: 'Object Repository/Final Object Repo/Landing Page/WorkFlow Menu' is hovered

2018-12-07 15:41:21 - [MESSAGE][PASSED] - Object: 'Object Repository/Final Object Repo/Landing Page/WorkFlow Menu' is hovered

2018-12-07 15:41:21 - [TEST_STEP][PASSED] - delay: Delayed 2 second(s)

2018-12-07 15:41:23 - [MESSAGE][PASSED] - Delayed 2 second(s)

2018-12-07 15:41:23 - [TEST_STEP][PASSED] - click: Object: 'Object Repository/Final Object Repo/Landing Page/Select to Workflow Listing' is clicked on

2018-12-07 15:41:24 - [MESSAGE][PASSED] - Object: 'Object Repository/Final Object Repo/Landing Page/Select to Workflow Listing' is clicked on

2018-12-07 15:41:24 - [TEST_STEP][PASSED] - delay: Delayed 2 second(s)

2018-12-07 15:41:26 - [MESSAGE][PASSED] - Delayed 2 second(s)

2018-12-07 15:41:26 - [TEST_STEP][PASSED] - click: Object: 'Object Repository/Final Object Repo/WorkFlow Listing Page/Search Information - To Put Ref No' is clicked on

2018-12-07 15:41:27 - [MESSAGE][PASSED] - Object: 'Object Repository/Final Object Repo/WorkFlow Listing Page/Search Information - To Put Ref No' is clicked on

2018-12-07 15:41:27 - [TEST_STEP][PASSED] - delay: Delayed 2 second(s)

2018-12-07 15:41:29 - [MESSAGE][PASSED] - Delayed 2 second(s)

2018-12-07 15:41:29 - [TEST_STEP][PASSED] - callTestCase: Call Test Case 'Test Cases/Final Aug 2018 - PKS Automation/Common/Reference Number Getter' successfully

2018-12-07 15:41:29 - [TEST_CASE][PASSED] - Test Cases/Final Aug 2018 - PKS Automation/Common/Reference Number Getter: Test Cases/Final Aug 2018 - PKS Automation/Common/Reference Number Getter

2018-12-07 15:41:29 - [TEST_STEP][PASSED] - Statement - Try: null

2018-12-07 15:41:29 - [TEST_STEP][PASSED] - Statement - RefNo = new java.io.File(C://Users//Admin//Desktop//PKS//Automation Reference Point//KatalonReference.txt): null

2018-12-07 15:41:29 - [TEST_STEP][PASSED] - Statement - bufferread = new java.io.BufferedReader(new java.io.FileReader(RefNo)): null

2018-12-07 15:41:29 - [TEST_STEP][PASSED] - Statement - readedVal = bufferread.readLine(): null

2018-12-07 15:41:29 - [TEST_STEP][PASSED] - Statement - out.println(CaseReferenceNo): null

2018-12-07 15:41:29 - [TEST_STEP][PASSED] - Statement - out.println(readedVal): null

2018-12-07 15:41:29 - [TEST_STEP][PASSED] - Statement - CaseReferenceNo = "": null

2018-12-07 15:41:29 - [TEST_STEP][PASSED] - Statement - CaseReferenceNo = readedVal: null

2018-12-07 15:41:29 - [MESSAGE][PASSED] - Call Test Case 'Test Cases/Final Aug 2018 - PKS Automation/Common/Reference Number Getter' successfully

2018-12-07 15:41:29 - [TEST_STEP][PASSED] - setText: Text 'CUN122018C100005900' is set on object 'Object Repository/Final Object Repo/WorkFlow Listing Page/Ref No Set Text'

2018-12-07 15:41:29 - [MESSAGE][PASSED] - Text 'CUN122018C100005900' is set on object 'Object Repository/Final Object Repo/WorkFlow Listing Page/Ref No Set Text'

2018-12-07 15:41:29 - [TEST_STEP][PASSED] - delay: Delayed 2 second(s)

2018-12-07 15:41:31 - [MESSAGE][PASSED] - Delayed 2 second(s)

2018-12-07 15:41:31 - [TEST_STEP][PASSED] - click: Object: 'Object Repository/Final Object Repo/WorkFlow Listing Page/Search Ref No Search Button' is clicked on

2018-12-07 15:41:31 - [MESSAGE][PASSED] - Object: 'Object Repository/Final Object Repo/WorkFlow Listing Page/Search Ref No Search Button' is clicked on

2018-12-07 15:41:31 - [TEST_STEP][PASSED] - delay: Delayed 6 second(s)

2018-12-07 15:41:37 - [MESSAGE][PASSED] - Delayed 6 second(s)

2018-12-07 15:41:37 - [TEST_STEP][PASSED] - click: Object: 'Object Repository/Final Object Repo/WorkFlow Listing Page/Click Continue Tooltip' is clicked on

2018-12-07 15:41:38 - [MESSAGE][PASSED] - Object: 'Object Repository/Final Object Repo/WorkFlow Listing Page/Click Continue Tooltip' is clicked on

2018-12-07 15:41:38 - [TEST_STEP][PASSED] - delay: Delayed 5 second(s)

2018-12-07 15:41:43 - [MESSAGE][PASSED] - Delayed 5 second(s)

2018-12-07 15:41:43 - [TEST_STEP][PASSED] - doubleClick: Object: 'Object Repository/Final Object Repo/WorkFlow Listing Page/Workflow Found - Listing 1' is double clicked on

2018-12-07 15:41:43 - [MESSAGE][PASSED] - Object: 'Object Repository/Final Object Repo/WorkFlow Listing Page/Workflow Found - Listing 1' is double clicked on

2018-12-07 15:41:43 - [TEST_STEP][PASSED] - Statement - println(OwnerID): null

2018-12-07 15:41:43 - [TEST_STEP][PASSED] - Statement - OwnerID = com.kms.katalon.core.webui.keyword.WebUiBuiltInKeywords.getText(com.kms.katalon.core.testobject.ObjectRepository.findTestObject(Final Object Repo/WorkFlow Listing Page/Workflow Found - Listing 1), STOP_ON_FAILURE): Text of object 'Object Repository/Final Object Repo/WorkFlow Listing Page/Workflow Found - Listing 1' is: 'JOHORuo1'

2018-12-07 15:41:44 - [MESSAGE][PASSED] - Text of object 'Object Repository/Final Object Repo/WorkFlow Listing Page/Workflow Found - Listing 1' is: 'JOHORuo1'

2018-12-07 15:41:44 - [TEST_STEP][PASSED] - Statement - OwnerID = OwnerID.toLowerCase() + "@gmail.com": null

2018-12-07 15:41:44 - [TEST_STEP][PASSED] - Statement - println(OwnerID): null

2018-12-07 15:41:44 - [TEST_STEP][PASSED] - delay: Delayed 2 second(s)

2018-12-07 15:41:46 - [MESSAGE][PASSED] - Delayed 2 second(s)

2018-12-07 15:41:46 - [MESSAGE][PASSED] - Call Test Case 'Test Cases/Final Aug 2018 - PKS Automation/Common/Workflow Owner Finder' successfully

2018-12-07 15:41:46 - [TEST_STEP][PASSED] - delay: Delayed 2 second(s)

2018-12-07 15:41:48 - [MESSAGE][PASSED] - Delayed 2 second(s)

2018-12-07 15:41:48 - [TEST_STEP][PASSED] - navigateToUrl: Navigate to 'https://assist2-uat.perkeso.gov.my/c/portal/logout' successfully

2018-12-07 15:41:48 - [MESSAGE][PASSED] - Navigate to 'https://assist2-uat.perkeso.gov.my/c/portal/logout' successfully

2018-12-07 15:41:48 - [TEST_STEP][PASSED] - delay: Delayed 2 second(s)

2018-12-07 15:41:50 - [MESSAGE][PASSED] - Delayed 2 second(s)

2018-12-07 15:41:50 - [TEST_STEP][PASSED] - callTestCase: Call Test Case 'Test Cases/Final Aug 2018 - PKS Automation/Registration Module/Workflow/Login and Search Case For Workflow' successfully

2018-12-07 15:41:51 - [TEST_CASE][PASSED] - Test Cases/Final Aug 2018 - PKS Automation/Registration Module/Workflow/Login and Search Case For Workflow: Test Cases/Final Aug 2018 - PKS Automation/Registration Module/Workflow/Login and Search Case For Workflow

2018-12-07 15:41:51 - [TEST_STEP][PASSED] - navigateToUrl: Navigate to 'https://assist2-uat.perkeso.gov.my/login' successfully

2018-12-07 15:41:51 - [MESSAGE][PASSED] - Navigate to 'https://assist2-uat.perkeso.gov.my/login' successfully

2018-12-07 15:41:51 - [TEST_STEP][PASSED] - setText: Text 'johoruo1@gmail.com' is set on object 'Object Repository/Final Object Repo/Login Page/Internal User/Email Address'

2018-12-07 15:41:51 - [MESSAGE][PASSED] - Text 'johoruo1@gmail.com' is set on object 'Object Repository/Final Object Repo/Login Page/Internal User/Email Address'

2018-12-07 15:41:51 - [TEST_STEP][PASSED] - click: Object: 'Object Repository/Final Object Repo/Login Page/Internal User/Next Button' is clicked on

2018-12-07 15:41:52 - [MESSAGE][PASSED] - Object: 'Object Repository/Final Object Repo/Login Page/Internal User/Next Button' is clicked on

2018-12-07 15:41:52 - [TEST_STEP][PASSED] - delay: Delayed 1 second(s)

2018-12-07 15:41:53 - [MESSAGE][PASSED] - Delayed 1 second(s)

2018-12-07 15:41:53 - [TEST_STEP][PASSED] - setEncryptedText: Text ****** has been set on object 'Object Repository/Final Object Repo/Login Page/Internal User/Password'

2018-12-07 15:41:53 - [MESSAGE][PASSED] - Text ****** has been set on object 'Object Repository/Final Object Repo/Login Page/Internal User/Password'

2018-12-07 15:41:53 - [TEST_STEP][PASSED] - click: Object: 'Object Repository/Final Object Repo/Login Page/Internal User/Login Button' is clicked on

2018-12-07 15:41:53 - [MESSAGE][PASSED] - Object: 'Object Repository/Final Object Repo/Login Page/Internal User/Login Button' is clicked on

2018-12-07 15:41:53 - [TEST_STEP][PASSED] - delay: Delayed 2 second(s)

2018-12-07 15:41:55 - [MESSAGE][PASSED] - Delayed 2 second(s)

2018-12-07 15:41:55 - [TEST_STEP][PASSED] - Statement - Try: Delayed 2 second(s)

2018-12-07 15:41:55 - [TEST_STEP][PASSED] - Statement - Checker = false: null

2018-12-07 15:41:55 - [TEST_STEP][PASSED] - Statement - Checker = com.kms.katalon.core.webui.keyword.WebUiBuiltInKeywords.verifyElementHasAttribute(com.kms.katalon.core.testobject.ObjectRepository.findTestObject(Final Object Repo/Landing Page/BM Detecting), "href", 20, OPTIONAL): Object 'Object Repository/Final Object Repo/Landing Page/BM Detecting' has attribute 'href'

2018-12-07 15:41:55 - [MESSAGE][PASSED] - Object 'Object Repository/Final Object Repo/Landing Page/BM Detecting' has attribute 'href'

2018-12-07 15:41:55 - [TEST_STEP][PASSED] - Statement - out.println(Checker): null

2018-12-07 15:41:55 - [TEST_STEP][PASSED] - Statement - If (Checker == false): null

2018-12-07 15:41:55 - [TEST_STEP][PASSED] - Statement - Else: null

2018-12-07 15:41:55 - [TEST_STEP][PASSED] - delay: Delayed 2 second(s)

2018-12-07 15:41:57 - [MESSAGE][PASSED] - Delayed 2 second(s)

2018-12-07 15:41:57 - [TEST_STEP][PASSED] - click: Object: 'Object Repository/Final Object Repo/Page_MyASSIST - ASSIST - Search Pending Case For Add Supporting Document/Search Information' is clicked on

2018-12-07 15:41:57 - [MESSAGE][PASSED] - Object: 'Object Repository/Final Object Repo/Page_MyASSIST - ASSIST - Search Pending Case For Add Supporting Document/Search Information' is clicked on

2018-12-07 15:41:57 - [TEST_STEP][PASSED] - delay: Delayed 3 second(s)

2018-12-07 15:42:00 - [MESSAGE][PASSED] - Delayed 3 second(s)

2018-12-07 15:42:00 - [TEST_STEP][PASSED] - sendKeys: Keys 'CUN122018C100005900' sent to object: 'Object Repository/Final Object Repo/Page_MyASSIST - ASSIST - Search Pending Case For Add Supporting Document/Reference No'

2018-12-07 15:42:01 - [MESSAGE][PASSED] - Keys 'CUN122018C100005900' sent to object: 'Object Repository/Final Object Repo/Page_MyASSIST - ASSIST - Search Pending Case For Add Supporting Document/Reference No'

2018-12-07 15:42:01 - [TEST_STEP][PASSED] - click: Object: 'Object Repository/Final Object Repo/Page_MyASSIST - ASSIST - Search Pending Case For Add Supporting Document/Search Reference No' is clicked on

2018-12-07 15:42:01 - [MESSAGE][PASSED] - Object: 'Object Repository/Final Object Repo/Page_MyASSIST - ASSIST - Search Pending Case For Add Supporting Document/Search Reference No' is clicked on

2018-12-07 15:42:01 - [TEST_STEP][PASSED] - delay: Delayed 2 second(s)

2018-12-07 15:42:03 - [MESSAGE][PASSED] - Delayed 2 second(s)

2018-12-07 15:42:03 - [TEST_STEP][PASSED] - click: Object: 'Object Repository/Final Object Repo/Page_MyASSIST - ASSIST - Search Pending Case For Add Supporting Document/Continue' is clicked on

2018-12-07 15:42:07 - [MESSAGE][PASSED] - Object: 'Object Repository/Final Object Repo/Page_MyASSIST - ASSIST - Search Pending Case For Add Supporting Document/Continue' is clicked on

2018-12-07 15:42:07 - [TEST_STEP][PASSED] - delay: Delayed 20 second(s)

2018-12-07 15:42:27 - [MESSAGE][PASSED] - Delayed 20 second(s)

2018-12-07 15:42:27 - [MESSAGE][PASSED] - Call Test Case 'Test Cases/Final Aug 2018 - PKS Automation/Registration Module/Workflow/Login and Search Case For Workflow' successfully

2018-12-07 15:42:27 - [TEST_STEP][PASSED] - delay: Delayed 2 second(s)

2018-12-07 15:42:29 - [MESSAGE][PASSED] - Delayed 2 second(s)

2018-12-07 15:42:29 - [TEST_STEP][PASSED] - click: Object: 'Object Repository/Final Object Repo/Page_Update Employee Information By Employer/Page_Update Employee Information by Employer (Approve)/Continue' is clicked on

2018-12-07 15:42:33 - [MESSAGE][PASSED] - Object: 'Object Repository/Final Object Repo/Page_Update Employee Information By Employer/Page_Update Employee Information by Employer (Approve)/Continue' is clicked on

2018-12-07 15:42:33 - [TEST_STEP][PASSED] - delay: Delayed 2 second(s)

2018-12-07 15:42:35 - [MESSAGE][PASSED] - Delayed 2 second(s)

2018-12-07 15:42:35 - [TEST_STEP][PASSED] - click: Object: 'Object Repository/Final Object Repo/Page_Update Employee Information By Employer/Page_Update Employee Information by Employer (Approve)/Save  Continue in Update Employee Information Page' is clicked on

2018-12-07 15:42:35 - [MESSAGE][PASSED] - Object: 'Object Repository/Final Object Repo/Page_Update Employee Information By Employer/Page_Update Employee Information by Employer (Approve)/Save  Continue in Update Employee Information Page' is clicked on

2018-12-07 15:42:35 - [TEST_STEP][PASSED] - delay: Delayed 4 second(s)

2018-12-07 15:42:39 - [MESSAGE][PASSED] - Delayed 4 second(s)

2018-12-07 15:42:39 - [TEST_STEP][PASSED] - setText: Text 'Query' is set on object 'Object Repository/Final Object Repo/Page_Update Employee Information By Employer/Page_Update Employee Information by Employer (Query)/Remark'

2018-12-07 15:42:39 - [MESSAGE][PASSED] - Text 'Query' is set on object 'Object Repository/Final Object Repo/Page_Update Employee Information By Employer/Page_Update Employee Information by Employer (Query)/Remark'

2018-12-07 15:42:39 - [TEST_STEP][PASSED] - delay: Delayed 2 second(s)

2018-12-07 15:42:41 - [MESSAGE][PASSED] - Delayed 2 second(s)

2018-12-07 15:42:41 - [TEST_STEP][PASSED] - click: Object: 'Object Repository/Final Object Repo/Page_Update Employee Information By Employer/Page_Update Employee Information by Employer (Approve)/Save  Continue in Upload Supporting Doucument Page' is clicked on

2018-12-07 15:42:41 - [MESSAGE][PASSED] - Object: 'Object Repository/Final Object Repo/Page_Update Employee Information By Employer/Page_Update Employee Information by Employer (Approve)/Save  Continue in Upload Supporting Doucument Page' is clicked on

2018-12-07 15:42:41 - [TEST_STEP][PASSED] - delay: Delayed 2 second(s)

2018-12-07 15:42:43 - [MESSAGE][PASSED] - Delayed 2 second(s)

2018-12-07 15:42:43 - [TEST_STEP][PASSED] - click: Object: 'Object Repository/Final Object Repo/Page_Update Employee Information By Employer/Page_Update Employee Information by Employer (Query)/Query' is clicked on

2018-12-07 15:42:45 - [MESSAGE][PASSED] - Object: 'Object Repository/Final Object Repo/Page_Update Employee Information By Employer/Page_Update Employee Information by Employer (Query)/Query' is clicked on

2018-12-07 15:42:45 - [TEST_STEP][PASSED] - delay: Delayed 2 second(s)

2018-12-07 15:42:47 - [MESSAGE][PASSED] - Delayed 2 second(s)

2018-12-07 15:42:47 - [TEST_STEP][PASSED] - click: Object: 'Object Repository/Final Object Repo/Page_Update Employee Information By Employer/Page_Update Employee Information by Employer (Approve)/Confirm' is clicked on

2018-12-07 15:42:47 - [MESSAGE][PASSED] - Object: 'Object Repository/Final Object Repo/Page_Update Employee Information By Employer/Page_Update Employee Information by Employer (Approve)/Confirm' is clicked on

2018-12-07 15:42:47 - [TEST_STEP][PASSED] - delay: Delayed 2 second(s)

2018-12-07 15:42:49 - [MESSAGE][PASSED] - Delayed 2 second(s)

2018-12-07 15:42:49 - [TEST_STEP][PASSED] - click: Object: 'Object Repository/Final Object Repo/Page_Update Employee Information By Employer/Page_Update Employee Information by Employer (Query)/Query Message The case is Under Query' is clicked on

2018-12-07 15:42:54 - [MESSAGE][PASSED] - Object: 'Object Repository/Final Object Repo/Page_Update Employee Information By Employer/Page_Update Employee Information by Employer (Query)/Query Message The case is Under Query' is clicked on

2018-12-07 15:42:54 - [TEST_STEP][PASSED] - delay: Delayed 2 second(s)

2018-12-07 15:42:56 - [MESSAGE][PASSED] - Delayed 2 second(s)

2018-12-07 15:42:56 - [TEST_STEP][PASSED] - click: Object: 'Object Repository/Final Object Repo/Page_Update Employee Information By Employer/Page_Update Employee Information by Employer (Query)/Letter of inquiry' is clicked on

2018-12-07 15:42:57 - [MESSAGE][PASSED] - Object: 'Object Repository/Final Object Repo/Page_Update Employee Information By Employer/Page_Update Employee Information by Employer (Query)/Letter of inquiry' is clicked on

2018-12-07 15:42:57 - [TEST_STEP][PASSED] - delay: Delayed 1 second(s)

2018-12-07 15:42:58 - [MESSAGE][PASSED] - Delayed 1 second(s)

2018-12-07 15:42:58 - [TEST_STEP][PASSED] - navigateToUrl: Navigate to 'https://assist2-uat.perkeso.gov.my/c/portal/logout' successfully

2018-12-07 15:42:59 - [MESSAGE][PASSED] - Navigate to 'https://assist2-uat.perkeso.gov.my/c/portal/logout' successfully

2018-12-07 15:42:59 - [TEST_STEP][PASSED] - delay: Delayed 1 second(s)

2018-12-07 15:43:00 - [MESSAGE][PASSED] - Delayed 1 second(s)

2018-12-07 15:43:00 - [TEST_STEP][PASSED] - callTestCase: Call Test Case 'Test Cases/Final Aug 2018 - PKS Automation/Registration Module/Workflow/Search Pending Case For Add Supporting Document (OTC)' successfully

2018-12-07 15:43:00 - [TEST_CASE][PASSED] - Test Cases/Final Aug 2018 - PKS Automation/Registration Module/Workflow/Search Pending Case For Add Supporting Document (OTC): Test Cases/Final Aug 2018 - PKS Automation/Registration Module/Workflow/Search Pending Case For Add Supporting Document (OTC)

2018-12-07 15:43:00 - [TEST_STEP][PASSED] - openBrowser: Browser is opened with url: ''

2018-12-07 15:43:00 - [MESSAGE][WARNING] - A browser is already opened. Closing browser and opening a new one

2018-12-07 15:43:03 - [MESSAGE][PASSED] - Browser is opened with url: ''

2018-12-07 15:43:03 - [TEST_STEP][PASSED] - navigateToUrl: Navigate to 'https://assist2-uat.perkeso.gov.my/login' successfully

2018-12-07 15:43:04 - [MESSAGE][PASSED] - Navigate to 'https://assist2-uat.perkeso.gov.my/login' successfully

2018-12-07 15:43:04 - [TEST_STEP][PASSED] - setText: Text 'johorotc1@gmail.com' is set on object 'Object Repository/Final Object Repo/Login Page/Internal User/Email Address'

2018-12-07 15:43:04 - [MESSAGE][PASSED] - Text 'johorotc1@gmail.com' is set on object 'Object Repository/Final Object Repo/Login Page/Internal User/Email Address'

2018-12-07 15:43:04 - [TEST_STEP][PASSED] - click: Object: 'Object Repository/Final Object Repo/Login Page/Internal User/Next Button' is clicked on

2018-12-07 15:43:05 - [MESSAGE][PASSED] - Object: 'Object Repository/Final Object Repo/Login Page/Internal User/Next Button' is clicked on

2018-12-07 15:43:05 - [TEST_STEP][PASSED] - delay: Delayed 1 second(s)

2018-12-07 15:43:06 - [MESSAGE][PASSED] - Delayed 1 second(s)

2018-12-07 15:43:06 - [TEST_STEP][PASSED] - setEncryptedText: Text ****** has been set on object 'Object Repository/Final Object Repo/Login Page/Internal User/Password'

2018-12-07 15:43:06 - [MESSAGE][PASSED] - Text ****** has been set on object 'Object Repository/Final Object Repo/Login Page/Internal User/Password'

2018-12-07 15:43:06 - [TEST_STEP][PASSED] - click: Object: 'Object Repository/Final Object Repo/Login Page/Internal User/Login Button' is clicked on

2018-12-07 15:43:06 - [MESSAGE][PASSED] - Object: 'Object Repository/Final Object Repo/Login Page/Internal User/Login Button' is clicked on

2018-12-07 15:43:06 - [TEST_STEP][PASSED] - delay: Delayed 1 second(s)

2018-12-07 15:43:07 - [MESSAGE][PASSED] - Delayed 1 second(s)

2018-12-07 15:43:07 - [TEST_STEP][PASSED] - Statement - Try: Delayed 2 second(s)

2018-12-07 15:43:07 - [TEST_STEP][PASSED] - Statement - Checker = false: null

2018-12-07 15:43:07 - [TEST_STEP][PASSED] - Statement - Checker = com.kms.katalon.core.webui.keyword.WebUiBuiltInKeywords.verifyElementHasAttribute(com.kms.katalon.core.testobject.ObjectRepository.findTestObject(Final Object Repo/Landing Page/BM Detecting), "href", 20, OPTIONAL): Object 'Object Repository/Final Object Repo/Landing Page/BM Detecting' has attribute 'href'

2018-12-07 15:43:08 - [MESSAGE][PASSED] - Object 'Object Repository/Final Object Repo/Landing Page/BM Detecting' has attribute 'href'

2018-12-07 15:43:08 - [TEST_STEP][PASSED] - Statement - out.println(Checker): null

2018-12-07 15:43:08 - [TEST_STEP][PASSED] - Statement - If (Checker == false): null

2018-12-07 15:43:08 - [TEST_STEP][PASSED] - Statement - Else: null

2018-12-07 15:43:08 - [TEST_STEP][PASSED] - delay: Delayed 2 second(s)

2018-12-07 15:43:10 - [MESSAGE][PASSED] - Delayed 2 second(s)

2018-12-07 15:43:10 - [TEST_STEP][PASSED] - navigateToUrl: Navigate to 'https://assist2-uat.perkeso.gov.my/web/registration/search/search-pending-case-for-add-supporting-document' successfully

2018-12-07 15:43:11 - [MESSAGE][PASSED] - Navigate to 'https://assist2-uat.perkeso.gov.my/web/registration/search/search-pending-case-for-add-supporting-document' successfully

2018-12-07 15:43:11 - [TEST_STEP][PASSED] - click: Object: 'Object Repository/Final Object Repo/Page_Search Pending Case For Add Suporting Document/Search By' is clicked on

2018-12-07 15:43:11 - [MESSAGE][PASSED] - Object: 'Object Repository/Final Object Repo/Page_Search Pending Case For Add Suporting Document/Search By' is clicked on

2018-12-07 15:43:11 - [TEST_STEP][PASSED] - click: Object: 'Object Repository/Final Object Repo/Page_Search Pending Case For Add Suporting Document/Search By - Reference ID' is clicked on

2018-12-07 15:43:12 - [MESSAGE][PASSED] - Object: 'Object Repository/Final Object Repo/Page_Search Pending Case For Add Suporting Document/Search By - Reference ID' is clicked on

2018-12-07 15:43:12 - [TEST_STEP][PASSED] - delay: Delayed 2 second(s)

2018-12-07 15:43:14 - [MESSAGE][PASSED] - Delayed 2 second(s)

2018-12-07 15:43:14 - [TEST_STEP][PASSED] - setText: Text 'CUN122018C100005900' is set on object 'Object Repository/Final Object Repo/Page_Search Pending Case For Add Suporting Document/Reference ID'

2018-12-07 15:43:14 - [MESSAGE][PASSED] - Text 'CUN122018C100005900' is set on object 'Object Repository/Final Object Repo/Page_Search Pending Case For Add Suporting Document/Reference ID'

2018-12-07 15:43:14 - [TEST_STEP][PASSED] - click: Object: 'Object Repository/Final Object Repo/Page_Search Pending Case For Add Suporting Document/Search' is clicked on

2018-12-07 15:43:14 - [MESSAGE][PASSED] - Object: 'Object Repository/Final Object Repo/Page_Search Pending Case For Add Suporting Document/Search' is clicked on

2018-12-07 15:43:14 - [TEST_STEP][PASSED] - delay: Delayed 2 second(s)

2018-12-07 15:43:16 - [MESSAGE][PASSED] - Delayed 2 second(s)

2018-12-07 15:43:16 - [TEST_STEP][PASSED] - click: Object: 'Object Repository/Final Object Repo/Page_Search Pending Case For Add Suporting Document/Edit' is clicked on

2018-12-07 15:43:19 - [MESSAGE][PASSED] - Object: 'Object Repository/Final Object Repo/Page_Search Pending Case For Add Suporting Document/Edit' is clicked on

2018-12-07 15:43:19 - [MESSAGE][PASSED] - Call Test Case 'Test Cases/Final Aug 2018 - PKS Automation/Registration Module/Workflow/Search Pending Case For Add Supporting Document (OTC)' successfully

2018-12-07 15:43:19 - [TEST_STEP][PASSED] - click: Object: 'Object Repository/Final Object Repo/Page_Update Employee Information By Employer/Page_Update Employee Information by Employer (Query -OTC -UO)/Next' is clicked on

2018-12-07 15:43:23 - [MESSAGE][PASSED] - Object: 'Object Repository/Final Object Repo/Page_Update Employee Information By Employer/Page_Update Employee Information by Employer (Query -OTC -UO)/Next' is clicked on

2018-12-07 15:43:23 - [TEST_STEP][PASSED] - delay: Delayed 2 second(s)

2018-12-07 15:43:25 - [MESSAGE][PASSED] - Delayed 2 second(s)

2018-12-07 15:43:25 - [TEST_STEP][PASSED] - click: Object: 'Object Repository/Final Object Repo/Page_Update Employee Information By Employer/Page_Update Employee Information by Employer (Query -OTC -UO)/Add Document Button' is clicked on

2018-12-07 15:43:25 - [MESSAGE][PASSED] - Object: 'Object Repository/Final Object Repo/Page_Update Employee Information By Employer/Page_Update Employee Information by Employer (Query -OTC -UO)/Add Document Button' is clicked on

2018-12-07 15:43:25 - [TEST_STEP][PASSED] - delay: Delayed 5 second(s)

2018-12-07 15:43:30 - [MESSAGE][PASSED] - Delayed 5 second(s)

2018-12-07 15:43:30 - [TEST_STEP][PASSED] - click: Object: 'Object Repository/Final Object Repo/Page_Update Employee Information By Employer/Page_Update Employee Information by Employer (Query -OTC -UO)/Document Type' is clicked on

2018-12-07 15:43:30 - [MESSAGE][PASSED] - Object: 'Object Repository/Final Object Repo/Page_Update Employee Information By Employer/Page_Update Employee Information by Employer (Query -OTC -UO)/Document Type' is clicked on

2018-12-07 15:43:30 - [TEST_STEP][PASSED] - click: Object: 'Object Repository/Final Object Repo/Page_Update Employee Information By Employer/Page_Update Employee Information by Employer (Query -OTC -UO)/Document Type - Other' is clicked on

2018-12-07 15:43:30 - [MESSAGE][PASSED] - Object: 'Object Repository/Final Object Repo/Page_Update Employee Information By Employer/Page_Update Employee Information by Employer (Query -OTC -UO)/Document Type - Other' is clicked on

2018-12-07 15:43:30 - [TEST_STEP][PASSED] - sendKeys: Keys 'C:\Users\Public\Pictures\Sample Pictures\Koala.jpg' sent to object: 'Object Repository/Final Object Repo/Page_Update Employee Information By Employer/Page_Update Employee Information by Employer (Query -OTC -UO)/Upload File'

2018-12-07 15:43:30 - [MESSAGE][PASSED] - Keys 'C:\Users\Public\Pictures\Sample Pictures\Koala.jpg' sent to object: 'Object Repository/Final Object Repo/Page_Update Employee Information By Employer/Page_Update Employee Information by Employer (Query -OTC -UO)/Upload File'

2018-12-07 15:43:30 - [TEST_STEP][PASSED] - click: Object: 'Object Repository/Final Object Repo/Page_Update Employee Information By Employer/Page_Update Employee Information by Employer (Query -OTC -UO)/Add Document' is clicked on

2018-12-07 15:43:31 - [MESSAGE][PASSED] - Object: 'Object Repository/Final Object Repo/Page_Update Employee Information By Employer/Page_Update Employee Information by Employer (Query -OTC -UO)/Add Document' is clicked on

2018-12-07 15:43:31 - [TEST_STEP][PASSED] - delay: Delayed 2 second(s)

2018-12-07 15:43:33 - [MESSAGE][PASSED] - Delayed 2 second(s)

2018-12-07 15:43:33 - [TEST_STEP][PASSED] - click: Object: 'Object Repository/Final Object Repo/Page_Update Employee Information By Employer/Page_Update Employee Information by Employer (Query -OTC -UO)/Exit' is clicked on

2018-12-07 15:43:35 - [MESSAGE][PASSED] - Object: 'Object Repository/Final Object Repo/Page_Update Employee Information By Employer/Page_Update Employee Information by Employer (Query -OTC -UO)/Exit' is clicked on

2018-12-07 15:43:35 - [TEST_STEP][PASSED] - delay: Delayed 2 second(s)

2018-12-07 15:43:37 - [MESSAGE][PASSED] - Delayed 2 second(s)

2018-12-07 15:43:37 - [TEST_STEP][PASSED] - navigateToUrl: Navigate to 'https://assist2-uat.perkeso.gov.my/c/portal/logout' successfully

2018-12-07 15:43:38 - [MESSAGE][PASSED] - Navigate to 'https://assist2-uat.perkeso.gov.my/c/portal/logout' successfully

2018-12-07 15:43:38 - [TEST_STEP][PASSED] - delay: Delayed 2 second(s)

2018-12-07 15:43:40 - [MESSAGE][PASSED] - Delayed 2 second(s)

2018-12-07 15:43:40 - [TEST_STEP][PASSED] - callTestCase: Call Test Case 'Test Cases/Final Aug 2018 - PKS Automation/Registration Module/Workflow/Login and Search Case For Workflow' successfully

2018-12-07 15:43:40 - [TEST_CASE][PASSED] - Test Cases/Final Aug 2018 - PKS Automation/Registration Module/Workflow/Login and Search Case For Workflow: Test Cases/Final Aug 2018 - PKS Automation/Registration Module/Workflow/Login and Search Case For Workflow

2018-12-07 15:43:40 - [TEST_STEP][PASSED] - navigateToUrl: Navigate to 'https://assist2-uat.perkeso.gov.my/login' successfully

2018-12-07 15:43:41 - [MESSAGE][PASSED] - Navigate to 'https://assist2-uat.perkeso.gov.my/login' successfully

2018-12-07 15:43:41 - [TEST_STEP][PASSED] - setText: Text 'johoruo1@gmail.com' is set on object 'Object Repository/Final Object Repo/Login Page/Internal User/Email Address'

2018-12-07 15:43:41 - [MESSAGE][PASSED] - Text 'johoruo1@gmail.com' is set on object 'Object Repository/Final Object Repo/Login Page/Internal User/Email Address'

2018-12-07 15:43:41 - [TEST_STEP][PASSED] - click: Object: 'Object Repository/Final Object Repo/Login Page/Internal User/Next Button' is clicked on

2018-12-07 15:43:41 - [MESSAGE][PASSED] - Object: 'Object Repository/Final Object Repo/Login Page/Internal User/Next Button' is clicked on

2018-12-07 15:43:41 - [TEST_STEP][PASSED] - delay: Delayed 1 second(s)

2018-12-07 15:43:42 - [MESSAGE][PASSED] - Delayed 1 second(s)

2018-12-07 15:43:42 - [TEST_STEP][PASSED] - setEncryptedText: Text ****** has been set on object 'Object Repository/Final Object Repo/Login Page/Internal User/Password'

2018-12-07 15:43:43 - [MESSAGE][PASSED] - Text ****** has been set on object 'Object Repository/Final Object Repo/Login Page/Internal User/Password'

2018-12-07 15:43:43 - [TEST_STEP][PASSED] - click: Object: 'Object Repository/Final Object Repo/Login Page/Internal User/Login Button' is clicked on

2018-12-07 15:43:43 - [MESSAGE][PASSED] - Object: 'Object Repository/Final Object Repo/Login Page/Internal User/Login Button' is clicked on

2018-12-07 15:43:43 - [TEST_STEP][PASSED] - delay: Delayed 2 second(s)

2018-12-07 15:43:45 - [MESSAGE][PASSED] - Delayed 2 second(s)

2018-12-07 15:43:45 - [TEST_STEP][PASSED] - Statement - Try: Delayed 2 second(s)

2018-12-07 15:43:45 - [TEST_STEP][PASSED] - Statement - Checker = false: null

2018-12-07 15:43:45 - [TEST_STEP][PASSED] - Statement - Checker = com.kms.katalon.core.webui.keyword.WebUiBuiltInKeywords.verifyElementHasAttribute(com.kms.katalon.core.testobject.ObjectRepository.findTestObject(Final Object Repo/Landing Page/BM Detecting), "href", 20, OPTIONAL): Object 'Object Repository/Final Object Repo/Landing Page/BM Detecting' has attribute 'href'

2018-12-07 15:43:45 - [MESSAGE][PASSED] - Object 'Object Repository/Final Object Repo/Landing Page/BM Detecting' has attribute 'href'

2018-12-07 15:43:45 - [TEST_STEP][PASSED] - Statement - out.println(Checker): null

2018-12-07 15:43:45 - [TEST_STEP][PASSED] - Statement - If (Checker == false): null

2018-12-07 15:43:45 - [TEST_STEP][PASSED] - Statement - Else: null

2018-12-07 15:43:45 - [TEST_STEP][PASSED] - delay: Delayed 2 second(s)

2018-12-07 15:43:47 - [MESSAGE][PASSED] - Delayed 2 second(s)

2018-12-07 15:43:47 - [TEST_STEP][PASSED] - click: Object: 'Object Repository/Final Object Repo/Page_MyASSIST - ASSIST - Search Pending Case For Add Supporting Document/Search Information' is clicked on

2018-12-07 15:43:47 - [MESSAGE][PASSED] - Object: 'Object Repository/Final Object Repo/Page_MyASSIST - ASSIST - Search Pending Case For Add Supporting Document/Search Information' is clicked on

2018-12-07 15:43:47 - [TEST_STEP][PASSED] - delay: Delayed 3 second(s)

2018-12-07 15:43:50 - [MESSAGE][PASSED] - Delayed 3 second(s)

2018-12-07 15:43:50 - [TEST_STEP][PASSED] - sendKeys: Keys 'CUN122018C100005900' sent to object: 'Object Repository/Final Object Repo/Page_MyASSIST - ASSIST - Search Pending Case For Add Supporting Document/Reference No'

2018-12-07 15:43:50 - [MESSAGE][PASSED] - Keys 'CUN122018C100005900' sent to object: 'Object Repository/Final Object Repo/Page_MyASSIST - ASSIST - Search Pending Case For Add Supporting Document/Reference No'

2018-12-07 15:43:50 - [TEST_STEP][PASSED] - click: Object: 'Object Repository/Final Object Repo/Page_MyASSIST - ASSIST - Search Pending Case For Add Supporting Document/Search Reference No' is clicked on

2018-12-07 15:43:51 - [MESSAGE][PASSED] - Object: 'Object Repository/Final Object Repo/Page_MyASSIST - ASSIST - Search Pending Case For Add Supporting Document/Search Reference No' is clicked on

2018-12-07 15:43:51 - [TEST_STEP][PASSED] - delay: Delayed 2 second(s)

2018-12-07 15:43:53 - [MESSAGE][PASSED] - Delayed 2 second(s)

2018-12-07 15:43:53 - [TEST_STEP][PASSED] - click: Object: 'Object Repository/Final Object Repo/Page_MyASSIST - ASSIST - Search Pending Case For Add Supporting Document/Continue' is clicked on

2018-12-07 15:43:57 - [MESSAGE][PASSED] - Object: 'Object Repository/Final Object Repo/Page_MyASSIST - ASSIST - Search Pending Case For Add Supporting Document/Continue' is clicked on

2018-12-07 15:43:57 - [TEST_STEP][PASSED] - delay: Delayed 20 second(s)

2018-12-07 15:44:17 - [MESSAGE][PASSED] - Delayed 20 second(s)

2018-12-07 15:44:17 - [MESSAGE][PASSED] - Call Test Case 'Test Cases/Final Aug 2018 - PKS Automation/Registration Module/Workflow/Login and Search Case For Workflow' successfully

2018-12-07 15:44:17 - [TEST_STEP][PASSED] - click: Object: 'Object Repository/Final Object Repo/Page_Update Employee Information By Employer/Page_Update Employee Information by Employer (Approve)/Continue' is clicked on

2018-12-07 15:44:20 - [MESSAGE][PASSED] - Object: 'Object Repository/Final Object Repo/Page_Update Employee Information By Employer/Page_Update Employee Information by Employer (Approve)/Continue' is clicked on

2018-12-07 15:44:20 - [TEST_STEP][PASSED] - delay: Delayed 2 second(s)

2018-12-07 15:44:22 - [MESSAGE][PASSED] - Delayed 2 second(s)

2018-12-07 15:44:22 - [TEST_STEP][PASSED] - click: Object: 'Object Repository/Final Object Repo/Page_Update Employee Information By Employer/Page_Update Employee Information by Employer (Approve)/Save  Continue in Update Employee Information Page' is clicked on

2018-12-07 15:44:22 - [MESSAGE][PASSED] - Object: 'Object Repository/Final Object Repo/Page_Update Employee Information By Employer/Page_Update Employee Information by Employer (Approve)/Save  Continue in Update Employee Information Page' is clicked on

2018-12-07 15:44:22 - [TEST_STEP][PASSED] - delay: Delayed 4 second(s)

2018-12-07 15:44:26 - [MESSAGE][PASSED] - Delayed 4 second(s)

2018-12-07 15:44:26 - [TEST_STEP][PASSED] - click: Object: 'Object Repository/Final Object Repo/Page_Update Employee Information By Employer/Page_Update Employee Information by Employer (Approve)/Save  Continue in Upload Supporting Doucument Page' is clicked on

2018-12-07 15:44:26 - [MESSAGE][PASSED] - Object: 'Object Repository/Final Object Repo/Page_Update Employee Information By Employer/Page_Update Employee Information by Employer (Approve)/Save  Continue in Upload Supporting Doucument Page' is clicked on

2018-12-07 15:44:26 - [TEST_STEP][PASSED] - delay: Delayed 2 second(s)

2018-12-07 15:44:28 - [MESSAGE][PASSED] - Delayed 2 second(s)

2018-12-07 15:44:28 - [TEST_STEP][PASSED] - click: Object: 'Object Repository/Final Object Repo/Page_Update Employee Information By Employer/Page_Update Employee Information by Employer (Approve)/Approve' is clicked on

2018-12-07 15:44:30 - [MESSAGE][PASSED] - Object: 'Object Repository/Final Object Repo/Page_Update Employee Information By Employer/Page_Update Employee Information by Employer (Approve)/Approve' is clicked on

2018-12-07 15:44:30 - [TEST_STEP][PASSED] - delay: Delayed 2 second(s)

2018-12-07 15:44:32 - [MESSAGE][PASSED] - Delayed 2 second(s)

2018-12-07 15:44:32 - [TEST_STEP][PASSED] - click: Object: 'Object Repository/Final Object Repo/Page_Update Employee Information By Employer/Page_Update Employee Information by Employer (Approve)/Confirm' is clicked on

2018-12-07 15:44:32 - [MESSAGE][PASSED] - Object: 'Object Repository/Final Object Repo/Page_Update Employee Information By Employer/Page_Update Employee Information by Employer (Approve)/Confirm' is clicked on

2018-12-07 15:44:32 - [TEST_STEP][PASSED] - delay: Delayed 2 second(s)

2018-12-07 15:44:34 - [MESSAGE][PASSED] - Delayed 2 second(s)

2018-12-07 15:44:34 - [TEST_STEP][PASSED] - verifyElementVisible: Object 'Object Repository/Final Object Repo/Page_Update Employee Information By Employer/Page_Update Employee Information by Employer (Approve)/Successfull Message Submitted Successfully' is visible

2018-12-07 15:44:39 - [MESSAGE][PASSED] - Object 'Object Repository/Final Object Repo/Page_Update Employee Information By Employer/Page_Update Employee Information by Employer (Approve)/Successfull Message Submitted Successfully' is visible

2018-12-07 15:44:39 - [TEST_STEP][PASSED] - delay: Delayed 2 second(s)

2018-12-07 15:44:41 - [MESSAGE][PASSED] - Delayed 2 second(s)

2018-12-07 15:44:41 - [TEST_STEP][PASSED] - verifyElementVisible: Object 'Object Repository/Final Object Repo/Page_Update Employee Information By Employer/Page_Update Employee Information by Employer (Approve)/Letter of Successful update' is visible

2018-12-07 15:44:41 - [MESSAGE][PASSED] - Object 'Object Repository/Final Object Repo/Page_Update Employee Information By Employer/Page_Update Employee Information by Employer (Approve)/Letter of Successful update' is visible

2018-12-07 15:44:41 - [MESSAGE][PASSED] - Call Test Case 'Test Cases/Final Aug 2018 - PKS Automation/Registration Module/Workflow/Update Employee Information (Employer)/Template/Update Employee Information - Special Case - UO(Query)' successfully]]></system-out>
         <system-err><![CDATA[]]></system-err>
      </testcase>
      <testcase name="Test Cases/Final Aug 2018 - PKS Automation/Registration Module/Workflow/Update Employee Information (Employer)/Employer - UO (Reject)" classname="Test Cases/Final Aug 2018 - PKS Automation/Registration Module/Workflow/Update Employee Information (Employer)/Employer - UO (Reject)" status="PASSED">
         <system-out><![CDATA[2018-12-07 15:44:41 - [TEST_CASE][PASSED] - Test Cases/Final Aug 2018 - PKS Automation/Registration Module/Workflow/Update Employee Information (Employer)/Employer - UO (Reject): Test Cases/Final Aug 2018 - PKS Automation/Registration Module/Workflow/Update Employee Information (Employer)/Employer - UO (Reject)

2018-12-07 15:44:41 - [TEST_STEP][PASSED] - callTestCase: Call Test Case 'Test Cases/Final Aug 2018 - PKS Automation/Registration Module/Workflow/Update Employee Information (Employer)/Template/Update Employer Information - Special Case (Employer)' successfully

2018-12-07 15:44:41 - [TEST_CASE][PASSED] - Test Cases/Final Aug 2018 - PKS Automation/Registration Module/Workflow/Update Employee Information (Employer)/Template/Update Employer Information - Special Case (Employer): Test Cases/Final Aug 2018 - PKS Automation/Registration Module/Workflow/Update Employee Information (Employer)/Template/Update Employer Information - Special Case (Employer)

2018-12-07 15:44:41 - [TEST_STEP][PASSED] - callTestCase: Call Test Case 'Test Cases/Final Aug 2018 - PKS Automation/Registration Module/Workflow/Update Add New Employee/Template/New Company for Update Add New - Employer' successfully

2018-12-07 15:44:41 - [TEST_CASE][PASSED] - Test Cases/Final Aug 2018 - PKS Automation/Registration Module/Workflow/Update Add New Employee/Template/New Company for Update Add New - Employer: Test Cases/Final Aug 2018 - PKS Automation/Registration Module/Workflow/Update Add New Employee/Template/New Company for Update Add New - Employer

2018-12-07 15:44:41 - [TEST_STEP][PASSED] - callTestCase: Call Test Case 'Test Cases/Final Aug 2018 - PKS Automation/Create Employer Acc/Create Employer Account' successfully

2018-12-07 15:44:41 - [TEST_CASE][PASSED] - Test Cases/Final Aug 2018 - PKS Automation/Create Employer Acc/Create Employer Account: Test Cases/Final Aug 2018 - PKS Automation/Create Employer Acc/Create Employer Account

2018-12-07 15:44:41 - [TEST_STEP][PASSED] - callTestCase: Call Test Case 'Test Cases/Final Aug 2018 - PKS Automation/Create Employer Acc/Template/Register Employer' successfully

2018-12-07 15:44:41 - [TEST_CASE][PASSED] - Test Cases/Final Aug 2018 - PKS Automation/Create Employer Acc/Template/Register Employer: Test Cases/Final Aug 2018 - PKS Automation/Create Employer Acc/Template/Register Employer

2018-12-07 15:44:41 - [TEST_STEP][PASSED] - openBrowser: Browser is opened with url: ''

2018-12-07 15:44:41 - [MESSAGE][WARNING] - A browser is already opened. Closing browser and opening a new one

2018-12-07 15:44:44 - [MESSAGE][PASSED] - Browser is opened with url: ''

2018-12-07 15:44:44 - [TEST_STEP][PASSED] - navigateToUrl: Navigate to 'https://assist2-uat.perkeso.gov.my/login' successfully

2018-12-07 15:44:45 - [MESSAGE][PASSED] - Navigate to 'https://assist2-uat.perkeso.gov.my/login' successfully

2018-12-07 15:44:45 - [TEST_STEP][PASSED] - setText: Text 'johorotc1@gmail.com' is set on object 'Object Repository/Final Object Repo/Login Page/Internal User/Email Address'

2018-12-07 15:44:46 - [MESSAGE][PASSED] - Text 'johorotc1@gmail.com' is set on object 'Object Repository/Final Object Repo/Login Page/Internal User/Email Address'

2018-12-07 15:44:46 - [TEST_STEP][PASSED] - click: Object: 'Object Repository/Final Object Repo/Login Page/Internal User/Next Button' is clicked on

2018-12-07 15:44:46 - [MESSAGE][PASSED] - Object: 'Object Repository/Final Object Repo/Login Page/Internal User/Next Button' is clicked on

2018-12-07 15:44:46 - [TEST_STEP][PASSED] - delay: Delayed 1 second(s)

2018-12-07 15:44:47 - [MESSAGE][PASSED] - Delayed 1 second(s)

2018-12-07 15:44:47 - [TEST_STEP][PASSED] - setEncryptedText: Text ****** has been set on object 'Object Repository/Final Object Repo/Login Page/Internal User/Password'

2018-12-07 15:44:47 - [MESSAGE][PASSED] - Text ****** has been set on object 'Object Repository/Final Object Repo/Login Page/Internal User/Password'

2018-12-07 15:44:47 - [TEST_STEP][PASSED] - click: Object: 'Object Repository/Final Object Repo/Login Page/Internal User/Login Button' is clicked on

2018-12-07 15:44:47 - [MESSAGE][PASSED] - Object: 'Object Repository/Final Object Repo/Login Page/Internal User/Login Button' is clicked on

2018-12-07 15:44:47 - [TEST_STEP][PASSED] - delay: Delayed 1 second(s)

2018-12-07 15:44:48 - [MESSAGE][PASSED] - Delayed 1 second(s)

2018-12-07 15:44:48 - [TEST_STEP][PASSED] - navigateToUrl: Navigate to 'https://assist2-uat.perkeso.gov.my/web/base/portal-id/registration' successfully

2018-12-07 15:44:50 - [MESSAGE][PASSED] - Navigate to 'https://assist2-uat.perkeso.gov.my/web/base/portal-id/registration' successfully

2018-12-07 15:44:50 - [TEST_STEP][PASSED] - setText: Text 'AUTOMATION EMPLOYER' is set on object 'Object Repository/Final Object Repo/Creating Employer Account/Page_Registration - ASSIST (Base)/Employer Name'

2018-12-07 15:44:50 - [MESSAGE][PASSED] - Text 'AUTOMATION EMPLOYER' is set on object 'Object Repository/Final Object Repo/Creating Employer Account/Page_Registration - ASSIST (Base)/Employer Name'

2018-12-07 15:44:50 - [TEST_STEP][PASSED] - delay: Delayed 2 second(s)

2018-12-07 15:44:52 - [MESSAGE][PASSED] - Delayed 2 second(s)

2018-12-07 15:44:52 - [TEST_STEP][PASSED] - click: Object: 'Object Repository/Final Object Repo/Creating Employer Account/Page_Registration - ASSIST (Base)/Registration Type' is clicked on

2018-12-07 15:44:53 - [MESSAGE][PASSED] - Object: 'Object Repository/Final Object Repo/Creating Employer Account/Page_Registration - ASSIST (Base)/Registration Type' is clicked on

2018-12-07 15:44:53 - [TEST_STEP][PASSED] - delay: Delayed 2 second(s)

2018-12-07 15:44:55 - [MESSAGE][PASSED] - Delayed 2 second(s)

2018-12-07 15:44:55 - [TEST_STEP][PASSED] - click: Object: 'Object Repository/Final Object Repo/Creating Employer Account/Page_Registration - ASSIST (Base)/Registration Type - Registration No' is clicked on

2018-12-07 15:44:55 - [MESSAGE][PASSED] - Object: 'Object Repository/Final Object Repo/Creating Employer Account/Page_Registration - ASSIST (Base)/Registration Type - Registration No' is clicked on

2018-12-07 15:44:55 - [TEST_STEP][PASSED] - delay: Delayed 2 second(s)

2018-12-07 15:44:57 - [MESSAGE][PASSED] - Delayed 2 second(s)

2018-12-07 15:44:57 - [TEST_STEP][PASSED] - setText: Text '1234567890' is set on object 'Object Repository/Final Object Repo/Creating Employer Account/Page_Registration - ASSIST (Base)/Registration Number'

2018-12-07 15:44:57 - [MESSAGE][PASSED] - Text '1234567890' is set on object 'Object Repository/Final Object Repo/Creating Employer Account/Page_Registration - ASSIST (Base)/Registration Number'

2018-12-07 15:44:57 - [TEST_STEP][PASSED] - delay: Delayed 2 second(s)

2018-12-07 15:44:59 - [MESSAGE][PASSED] - Delayed 2 second(s)

2018-12-07 15:44:59 - [TEST_STEP][PASSED] - setText: Text 'ADDRESS 1' is set on object 'Object Repository/Final Object Repo/Creating Employer Account/Page_Registration - ASSIST (Base)/Postal Address 1'

2018-12-07 15:45:00 - [MESSAGE][PASSED] - Text 'ADDRESS 1' is set on object 'Object Repository/Final Object Repo/Creating Employer Account/Page_Registration - ASSIST (Base)/Postal Address 1'

2018-12-07 15:45:00 - [TEST_STEP][PASSED] - setText: Text 'ADDRESS 2' is set on object 'Object Repository/Final Object Repo/Creating Employer Account/Page_Registration - ASSIST (Base)/Postal Address 2'

2018-12-07 15:45:00 - [MESSAGE][PASSED] - Text 'ADDRESS 2' is set on object 'Object Repository/Final Object Repo/Creating Employer Account/Page_Registration - ASSIST (Base)/Postal Address 2'

2018-12-07 15:45:00 - [TEST_STEP][PASSED] - click: Object: 'Object Repository/Final Object Repo/Creating Employer Account/Page_Registration - ASSIST (Base)/State' is clicked on

2018-12-07 15:45:00 - [MESSAGE][PASSED] - Object: 'Object Repository/Final Object Repo/Creating Employer Account/Page_Registration - ASSIST (Base)/State' is clicked on

2018-12-07 15:45:00 - [TEST_STEP][PASSED] - delay: Delayed 2 second(s)

2018-12-07 15:45:02 - [MESSAGE][PASSED] - Delayed 2 second(s)

2018-12-07 15:45:02 - [TEST_STEP][PASSED] - click: Object: 'Object Repository/Final Object Repo/Creating Employer Account/Page_Registration - ASSIST (Base)/State - Johor' is clicked on

2018-12-07 15:45:02 - [MESSAGE][PASSED] - Object: 'Object Repository/Final Object Repo/Creating Employer Account/Page_Registration - ASSIST (Base)/State - Johor' is clicked on

2018-12-07 15:45:02 - [TEST_STEP][PASSED] - delay: Delayed 2 second(s)

2018-12-07 15:45:04 - [MESSAGE][PASSED] - Delayed 2 second(s)

2018-12-07 15:45:04 - [TEST_STEP][PASSED] - click: Object: 'Object Repository/Final Object Repo/Creating Employer Account/Page_Registration - ASSIST (Base)/City' is clicked on

2018-12-07 15:45:04 - [MESSAGE][PASSED] - Object: 'Object Repository/Final Object Repo/Creating Employer Account/Page_Registration - ASSIST (Base)/City' is clicked on

2018-12-07 15:45:04 - [TEST_STEP][PASSED] - delay: Delayed 2 second(s)

2018-12-07 15:45:06 - [MESSAGE][PASSED] - Delayed 2 second(s)

2018-12-07 15:45:06 - [TEST_STEP][PASSED] - setText: Text 'joh' is set on object 'Object Repository/Final Object Repo/Creating Employer Account/Page_Registration - ASSIST (Base)/City - joh'

2018-12-07 15:45:07 - [MESSAGE][PASSED] - Text 'joh' is set on object 'Object Repository/Final Object Repo/Creating Employer Account/Page_Registration - ASSIST (Base)/City - joh'

2018-12-07 15:45:07 - [TEST_STEP][PASSED] - delay: Delayed 2 second(s)

2018-12-07 15:45:09 - [MESSAGE][PASSED] - Delayed 2 second(s)

2018-12-07 15:45:09 - [TEST_STEP][PASSED] - click: Object: 'Object Repository/Final Object Repo/Creating Employer Account/Page_Registration - ASSIST (Base)/City - Johor Bharu' is clicked on

2018-12-07 15:45:09 - [MESSAGE][PASSED] - Object: 'Object Repository/Final Object Repo/Creating Employer Account/Page_Registration - ASSIST (Base)/City - Johor Bharu' is clicked on

2018-12-07 15:45:09 - [TEST_STEP][PASSED] - delay: Delayed 2 second(s)

2018-12-07 15:45:11 - [MESSAGE][PASSED] - Delayed 2 second(s)

2018-12-07 15:45:11 - [TEST_STEP][PASSED] - click: Object: 'Object Repository/Final Object Repo/Creating Employer Account/Page_Registration - ASSIST (Base)/Post Code' is clicked on

2018-12-07 15:45:11 - [MESSAGE][PASSED] - Object: 'Object Repository/Final Object Repo/Creating Employer Account/Page_Registration - ASSIST (Base)/Post Code' is clicked on

2018-12-07 15:45:11 - [TEST_STEP][PASSED] - delay: Delayed 2 second(s)

2018-12-07 15:45:13 - [MESSAGE][PASSED] - Delayed 2 second(s)

2018-12-07 15:45:13 - [TEST_STEP][PASSED] - setText: Text '810' is set on object 'Object Repository/Final Object Repo/Creating Employer Account/Page_Registration - ASSIST (Base)/Post Code - 810'

2018-12-07 15:45:13 - [MESSAGE][PASSED] - Text '810' is set on object 'Object Repository/Final Object Repo/Creating Employer Account/Page_Registration - ASSIST (Base)/Post Code - 810'

2018-12-07 15:45:13 - [TEST_STEP][PASSED] - delay: Delayed 2 second(s)

2018-12-07 15:45:15 - [MESSAGE][PASSED] - Delayed 2 second(s)

2018-12-07 15:45:15 - [TEST_STEP][PASSED] - click: Object: 'Object Repository/Final Object Repo/Creating Employer Account/Page_Registration - ASSIST (Base)/Post Code - 81000' is clicked on

2018-12-07 15:45:16 - [MESSAGE][PASSED] - Object: 'Object Repository/Final Object Repo/Creating Employer Account/Page_Registration - ASSIST (Base)/Post Code - 81000' is clicked on

2018-12-07 15:45:16 - [TEST_STEP][PASSED] - delay: Delayed 2 second(s)

2018-12-07 15:45:18 - [MESSAGE][PASSED] - Delayed 2 second(s)

2018-12-07 15:45:18 - [TEST_STEP][PASSED] - setText: Text 'PERKESO' is set on object 'Object Repository/Final Object Repo/Creating Employer Account/Page_Registration - ASSIST (Base)/Full Name'

2018-12-07 15:45:18 - [MESSAGE][PASSED] - Text 'PERKESO' is set on object 'Object Repository/Final Object Repo/Creating Employer Account/Page_Registration - ASSIST (Base)/Full Name'

2018-12-07 15:45:18 - [TEST_STEP][PASSED] - Statement - rnd = new java.util.Random(): null

2018-12-07 15:45:18 - [TEST_STEP][PASSED] - Statement - snum = rnd.nextInt(899999 + 1) + 100000: null

2018-12-07 15:45:18 - [TEST_STEP][PASSED] - Statement - tnum = rnd.nextInt(899999 + 1) + 100000: null

2018-12-07 15:45:18 - [TEST_STEP][PASSED] - Statement - IC = java.lang.Integer.toString(snum) + java.lang.Integer.toString(tnum): null

2018-12-07 15:45:18 - [TEST_STEP][PASSED] - Statement - out.println(IC): null

2018-12-07 15:45:18 - [TEST_STEP][PASSED] - setText: Text '170679143594' is set on object 'Object Repository/Final Object Repo/Creating Employer Account/Page_Registration - ASSIST (Base)/Identification Number'

2018-12-07 15:45:18 - [MESSAGE][PASSED] - Text '170679143594' is set on object 'Object Repository/Final Object Repo/Creating Employer Account/Page_Registration - ASSIST (Base)/Identification Number'

2018-12-07 15:45:18 - [TEST_STEP][PASSED] - delay: Delayed 2 second(s)

2018-12-07 15:45:20 - [MESSAGE][PASSED] - Delayed 2 second(s)

2018-12-07 15:45:20 - [TEST_STEP][PASSED] - setText: Text '123456789012' is set on object 'Object Repository/Final Object Repo/Creating Employer Account/Page_Registration - ASSIST (Base)/Contact Number'

2018-12-07 15:45:21 - [MESSAGE][PASSED] - Text '123456789012' is set on object 'Object Repository/Final Object Repo/Creating Employer Account/Page_Registration - ASSIST (Base)/Contact Number'

2018-12-07 15:45:21 - [TEST_STEP][PASSED] - Statement - Email = "perkeso" + IC + "@gmail.com": null

2018-12-07 15:45:21 - [TEST_STEP][PASSED] - delay: Delayed 2 second(s)

2018-12-07 15:45:23 - [MESSAGE][PASSED] - Delayed 2 second(s)

2018-12-07 15:45:23 - [TEST_STEP][PASSED] - callTestCase: Call Test Case 'Test Cases/Final Aug 2018 - PKS Automation/Create Employer Acc/Template/Employer Email Settler' successfully

2018-12-07 15:45:23 - [TEST_CASE][PASSED] - Test Cases/Final Aug 2018 - PKS Automation/Create Employer Acc/Template/Employer Email Settler: Test Cases/Final Aug 2018 - PKS Automation/Create Employer Acc/Template/Employer Email Settler

2018-12-07 15:45:23 - [TEST_STEP][PASSED] - Statement - EmpEmailOld = new java.io.File(C://Users//Admin//Desktop//PKS//Automation Reference Point//EmpEmail.txt): null

2018-12-07 15:45:23 - [TEST_STEP][PASSED] - Statement - EmpEmailOld.delete(): null

2018-12-07 15:45:23 - [TEST_STEP][PASSED] - delay: Delayed 5 second(s)

2018-12-07 15:45:28 - [MESSAGE][PASSED] - Delayed 5 second(s)

2018-12-07 15:45:28 - [TEST_STEP][PASSED] - Statement - EmpEmail = new java.io.File(C://Users//Admin//Desktop//PKS//Automation Reference Point//EmpEmail.txt): null

2018-12-07 15:45:28 - [TEST_STEP][PASSED] - Statement - f2 = new java.io.FileWriter(EmpEmail, false): null

2018-12-07 15:45:28 - [TEST_STEP][PASSED] - Statement - f2.write(Email): null

2018-12-07 15:45:28 - [TEST_STEP][PASSED] - Statement - f2.close(): null

2018-12-07 15:45:28 - [TEST_STEP][PASSED] - Statement - out.println(Email): null

2018-12-07 15:45:28 - [MESSAGE][PASSED] - Call Test Case 'Test Cases/Final Aug 2018 - PKS Automation/Create Employer Acc/Template/Employer Email Settler' successfully

2018-12-07 15:45:28 - [TEST_STEP][PASSED] - delay: Delayed 2 second(s)

2018-12-07 15:45:30 - [MESSAGE][PASSED] - Delayed 2 second(s)

2018-12-07 15:45:30 - [TEST_STEP][PASSED] - setText: Text 'perkeso170679143594@gmail.com' is set on object 'Object Repository/Final Object Repo/Creating Employer Account/Page_Registration - ASSIST (Base)/Email'

2018-12-07 15:45:30 - [MESSAGE][PASSED] - Text 'perkeso170679143594@gmail.com' is set on object 'Object Repository/Final Object Repo/Creating Employer Account/Page_Registration - ASSIST (Base)/Email'

2018-12-07 15:45:30 - [TEST_STEP][PASSED] - setText: Text '123' is set on object 'Object Repository/Final Object Repo/Creating Employer Account/Page_Registration - ASSIST (Base)/Security Phase'

2018-12-07 15:45:30 - [MESSAGE][PASSED] - Text '123' is set on object 'Object Repository/Final Object Repo/Creating Employer Account/Page_Registration - ASSIST (Base)/Security Phase'

2018-12-07 15:45:30 - [TEST_STEP][PASSED] - click: Object: 'Object Repository/Final Object Repo/Creating Employer Account/Page_Registration - ASSIST (Base)/Save  Continue' is clicked on

2018-12-07 15:45:31 - [MESSAGE][PASSED] - Object: 'Object Repository/Final Object Repo/Creating Employer Account/Page_Registration - ASSIST (Base)/Save  Continue' is clicked on

2018-12-07 15:45:31 - [TEST_STEP][PASSED] - delay: Delayed 2 second(s)

2018-12-07 15:45:33 - [MESSAGE][PASSED] - Delayed 2 second(s)

2018-12-07 15:45:33 - [TEST_STEP][PASSED] - click: Object: 'Object Repository/Final Object Repo/Creating Employer Account/Page_Registration - ASSIST (Base)/Add Document' is clicked on

2018-12-07 15:45:33 - [MESSAGE][PASSED] - Object: 'Object Repository/Final Object Repo/Creating Employer Account/Page_Registration - ASSIST (Base)/Add Document' is clicked on

2018-12-07 15:45:33 - [TEST_STEP][PASSED] - delay: Delayed 2 second(s)

2018-12-07 15:45:35 - [MESSAGE][PASSED] - Delayed 2 second(s)

2018-12-07 15:45:35 - [TEST_STEP][PASSED] - click: Object: 'Object Repository/Final Object Repo/Creating Employer Account/Page_Registration - ASSIST (Base)/Document Type' is clicked on

2018-12-07 15:45:35 - [MESSAGE][PASSED] - Object: 'Object Repository/Final Object Repo/Creating Employer Account/Page_Registration - ASSIST (Base)/Document Type' is clicked on

2018-12-07 15:45:35 - [TEST_STEP][PASSED] - delay: Delayed 2 second(s)

2018-12-07 15:45:37 - [MESSAGE][PASSED] - Delayed 2 second(s)

2018-12-07 15:45:37 - [TEST_STEP][PASSED] - click: Object: 'Object Repository/Final Object Repo/Creating Employer Account/Page_Registration - ASSIST (Base)/Document Type - Letter of Authorization' is clicked on

2018-12-07 15:45:37 - [MESSAGE][PASSED] - Object: 'Object Repository/Final Object Repo/Creating Employer Account/Page_Registration - ASSIST (Base)/Document Type - Letter of Authorization' is clicked on

2018-12-07 15:45:37 - [TEST_STEP][PASSED] - delay: Delayed 2 second(s)

2018-12-07 15:45:39 - [MESSAGE][PASSED] - Delayed 2 second(s)

2018-12-07 15:45:39 - [TEST_STEP][PASSED] - sendKeys: Keys 'C:\Users\Public\Pictures\Sample Pictures\Koala.jpg' sent to object: 'Object Repository/Final Object Repo/Creating Employer Account/Page_Registration - ASSIST (Base)/Uploading File'

2018-12-07 15:45:39 - [MESSAGE][PASSED] - Keys 'C:\Users\Public\Pictures\Sample Pictures\Koala.jpg' sent to object: 'Object Repository/Final Object Repo/Creating Employer Account/Page_Registration - ASSIST (Base)/Uploading File'

2018-12-07 15:45:39 - [TEST_STEP][PASSED] - delay: Delayed 2 second(s)

2018-12-07 15:45:41 - [MESSAGE][PASSED] - Delayed 2 second(s)

2018-12-07 15:45:41 - [TEST_STEP][PASSED] - click: Object: 'Object Repository/Final Object Repo/Creating Employer Account/Page_Registration - ASSIST (Base)/Add Document in Uploading File' is clicked on

2018-12-07 15:45:42 - [MESSAGE][PASSED] - Object: 'Object Repository/Final Object Repo/Creating Employer Account/Page_Registration - ASSIST (Base)/Add Document in Uploading File' is clicked on

2018-12-07 15:45:42 - [TEST_STEP][PASSED] - delay: Delayed 2 second(s)

2018-12-07 15:45:44 - [MESSAGE][PASSED] - Delayed 2 second(s)

2018-12-07 15:45:44 - [TEST_STEP][PASSED] - click: Object: 'Object Repository/Final Object Repo/Creating Employer Account/Page_Registration - ASSIST (Base)/Save' is clicked on

2018-12-07 15:45:44 - [MESSAGE][PASSED] - Object: 'Object Repository/Final Object Repo/Creating Employer Account/Page_Registration - ASSIST (Base)/Save' is clicked on

2018-12-07 15:45:44 - [TEST_STEP][PASSED] - delay: Delayed 2 second(s)

2018-12-07 15:45:46 - [MESSAGE][PASSED] - Delayed 2 second(s)

2018-12-07 15:45:46 - [TEST_STEP][PASSED] - click: Object: 'Object Repository/Final Object Repo/Creating Employer Account/Page_Registration - ASSIST (Base)/Submit' is clicked on

2018-12-07 15:45:46 - [MESSAGE][PASSED] - Object: 'Object Repository/Final Object Repo/Creating Employer Account/Page_Registration - ASSIST (Base)/Submit' is clicked on

2018-12-07 15:45:46 - [TEST_STEP][PASSED] - delay: Delayed 2 second(s)

2018-12-07 15:45:48 - [MESSAGE][PASSED] - Delayed 2 second(s)

2018-12-07 15:45:48 - [TEST_STEP][PASSED] - click: Object: 'Object Repository/Final Object Repo/Creating Employer Account/Page_Registration - ASSIST (Base)/Confirm' is clicked on

2018-12-07 15:45:48 - [MESSAGE][PASSED] - Object: 'Object Repository/Final Object Repo/Creating Employer Account/Page_Registration - ASSIST (Base)/Confirm' is clicked on

2018-12-07 15:45:48 - [MESSAGE][PASSED] - Call Test Case 'Test Cases/Final Aug 2018 - PKS Automation/Create Employer Acc/Template/Register Employer' successfully

2018-12-07 15:45:48 - [TEST_STEP][PASSED] - delay: Delayed 1 second(s)

2018-12-07 15:45:49 - [MESSAGE][PASSED] - Delayed 1 second(s)

2018-12-07 15:45:49 - [TEST_STEP][PASSED] - navigateToUrl: Navigate to 'https://assist2-uat.perkeso.gov.my/c/portal/logout' successfully

2018-12-07 15:45:51 - [MESSAGE][PASSED] - Navigate to 'https://assist2-uat.perkeso.gov.my/c/portal/logout' successfully

2018-12-07 15:45:51 - [TEST_STEP][PASSED] - delay: Delayed 1 second(s)

2018-12-07 15:45:52 - [MESSAGE][PASSED] - Delayed 1 second(s)

2018-12-07 15:45:52 - [TEST_STEP][PASSED] - callTestCase: Call Test Case 'Test Cases/Final Aug 2018 - PKS Automation/Create Employer Acc/Template/Change Password of Employer' successfully

2018-12-07 15:45:52 - [TEST_CASE][PASSED] - Test Cases/Final Aug 2018 - PKS Automation/Create Employer Acc/Template/Change Password of Employer: Test Cases/Final Aug 2018 - PKS Automation/Create Employer Acc/Template/Change Password of Employer

2018-12-07 15:45:52 - [TEST_STEP][PASSED] - openBrowser: Browser is opened with url: ''

2018-12-07 15:45:52 - [MESSAGE][WARNING] - A browser is already opened. Closing browser and opening a new one

2018-12-07 15:45:55 - [MESSAGE][PASSED] - Browser is opened with url: ''

2018-12-07 15:45:55 - [TEST_STEP][PASSED] - navigateToUrl: Navigate to 'https://assist2-uat.perkeso.gov.my/login' successfully

2018-12-07 15:45:56 - [MESSAGE][PASSED] - Navigate to 'https://assist2-uat.perkeso.gov.my/login' successfully

2018-12-07 15:45:56 - [TEST_STEP][PASSED] - delay: Delayed 5 second(s)

2018-12-07 15:46:01 - [MESSAGE][PASSED] - Delayed 5 second(s)

2018-12-07 15:46:01 - [TEST_STEP][PASSED] - setText: Text 'test@liferay.com' is set on object 'Object Repository/Final Object Repo/Login Page/Internal User/Email Address'

2018-12-07 15:46:01 - [MESSAGE][PASSED] - Text 'test@liferay.com' is set on object 'Object Repository/Final Object Repo/Login Page/Internal User/Email Address'

2018-12-07 15:46:01 - [TEST_STEP][PASSED] - click: Object: 'Object Repository/Final Object Repo/Login Page/Internal User/Next Button' is clicked on

2018-12-07 15:46:01 - [MESSAGE][PASSED] - Object: 'Object Repository/Final Object Repo/Login Page/Internal User/Next Button' is clicked on

2018-12-07 15:46:01 - [TEST_STEP][PASSED] - delay: Delayed 2 second(s)

2018-12-07 15:46:03 - [MESSAGE][PASSED] - Delayed 2 second(s)

2018-12-07 15:46:03 - [TEST_STEP][PASSED] - setText: Text 'test' is set on object 'Object Repository/Final Object Repo/Login Page/Internal User/Password'

2018-12-07 15:46:04 - [MESSAGE][PASSED] - Text 'test' is set on object 'Object Repository/Final Object Repo/Login Page/Internal User/Password'

2018-12-07 15:46:04 - [TEST_STEP][PASSED] - delay: Delayed 2 second(s)

2018-12-07 15:46:06 - [MESSAGE][PASSED] - Delayed 2 second(s)

2018-12-07 15:46:06 - [TEST_STEP][PASSED] - click: Object: 'Object Repository/Final Object Repo/Login Page/Internal User/Login Button' is clicked on

2018-12-07 15:46:06 - [MESSAGE][PASSED] - Object: 'Object Repository/Final Object Repo/Login Page/Internal User/Login Button' is clicked on

2018-12-07 15:46:06 - [TEST_STEP][PASSED] - delay: Delayed 3 second(s)

2018-12-07 15:46:09 - [MESSAGE][PASSED] - Delayed 3 second(s)

2018-12-07 15:46:09 - [TEST_STEP][PASSED] - navigateToUrl: Navigate to 'https://assist2-uat.perkeso.gov.my/group/control_panel/manage?p_p_id=125&p_p_lifecycle=0&p_p_state=maximized&p_p_mode=view&refererPlid=20455&_125_usersListView=flat-users&_125_toolbarItem=view-all-users&_125_saveUsersListView=true&_125_struts_action=%2Fusers_admin%2Fview' successfully

2018-12-07 15:46:10 - [MESSAGE][PASSED] - Navigate to 'https://assist2-uat.perkeso.gov.my/group/control_panel/manage?p_p_id=125&p_p_lifecycle=0&p_p_state=maximized&p_p_mode=view&refererPlid=20455&_125_usersListView=flat-users&_125_toolbarItem=view-all-users&_125_saveUsersListView=true&_125_struts_action=%2Fusers_admin%2Fview' successfully

2018-12-07 15:46:10 - [TEST_STEP][PASSED] - delay: Delayed 3 second(s)

2018-12-07 15:46:13 - [MESSAGE][PASSED] - Delayed 3 second(s)

2018-12-07 15:46:13 - [TEST_STEP][PASSED] - setText: Text 'perkeso170679143594@gmail.com' is set on object 'Object Repository/Final Object Repo/Creating Employer Account/Page_Users and Organizations - ASSIST/Employer name'

2018-12-07 15:46:14 - [MESSAGE][PASSED] - Text 'perkeso170679143594@gmail.com' is set on object 'Object Repository/Final Object Repo/Creating Employer Account/Page_Users and Organizations - ASSIST/Employer name'

2018-12-07 15:46:14 - [TEST_STEP][PASSED] - delay: Delayed 3 second(s)

2018-12-07 15:46:17 - [MESSAGE][PASSED] - Delayed 3 second(s)

2018-12-07 15:46:17 - [TEST_STEP][PASSED] - click: Object: 'Object Repository/Final Object Repo/Creating Employer Account/Page_Users and Organizations - ASSIST/Search' is clicked on

2018-12-07 15:46:17 - [MESSAGE][PASSED] - Object: 'Object Repository/Final Object Repo/Creating Employer Account/Page_Users and Organizations - ASSIST/Search' is clicked on

2018-12-07 15:46:17 - [TEST_STEP][PASSED] - delay: Delayed 3 second(s)

2018-12-07 15:46:20 - [MESSAGE][PASSED] - Delayed 3 second(s)

2018-12-07 15:46:20 - [TEST_STEP][PASSED] - click: Object: 'Object Repository/Final Object Repo/Creating Employer Account/Page_Users and Organizations - ASSIST/Action' is clicked on

2018-12-07 15:46:21 - [MESSAGE][PASSED] - Object: 'Object Repository/Final Object Repo/Creating Employer Account/Page_Users and Organizations - ASSIST/Action' is clicked on

2018-12-07 15:46:21 - [TEST_STEP][PASSED] - delay: Delayed 3 second(s)

2018-12-07 15:46:24 - [MESSAGE][PASSED] - Delayed 3 second(s)

2018-12-07 15:46:24 - [TEST_STEP][PASSED] - click: Object: 'Object Repository/Final Object Repo/Creating Employer Account/Page_Users and Organizations - ASSIST/Edit' is clicked on

2018-12-07 15:46:25 - [MESSAGE][PASSED] - Object: 'Object Repository/Final Object Repo/Creating Employer Account/Page_Users and Organizations - ASSIST/Edit' is clicked on

2018-12-07 15:46:25 - [TEST_STEP][PASSED] - delay: Delayed 3 second(s)

2018-12-07 15:46:28 - [MESSAGE][PASSED] - Delayed 3 second(s)

2018-12-07 15:46:28 - [TEST_STEP][PASSED] - click: Object: 'Object Repository/Final Object Repo/Creating Employer Account/Page_PERKESO - Users and Organizati/a_Password (Modified)' is clicked on

2018-12-07 15:46:28 - [MESSAGE][PASSED] - Object: 'Object Repository/Final Object Repo/Creating Employer Account/Page_PERKESO - Users and Organizati/a_Password (Modified)' is clicked on

2018-12-07 15:46:28 - [TEST_STEP][PASSED] - delay: Delayed 3 second(s)

2018-12-07 15:46:31 - [MESSAGE][PASSED] - Delayed 3 second(s)

2018-12-07 15:46:31 - [TEST_STEP][PASSED] - setEncryptedText: Text ****** has been set on object 'Object Repository/Final Object Repo/Creating Employer Account/Page_PERKESO - Users and Organizati/input__125_password1'

2018-12-07 15:46:31 - [MESSAGE][PASSED] - Text ****** has been set on object 'Object Repository/Final Object Repo/Creating Employer Account/Page_PERKESO - Users and Organizati/input__125_password1'

2018-12-07 15:46:31 - [TEST_STEP][PASSED] - delay: Delayed 3 second(s)

2018-12-07 15:46:34 - [MESSAGE][PASSED] - Delayed 3 second(s)

2018-12-07 15:46:34 - [TEST_STEP][PASSED] - setEncryptedText: Text ****** has been set on object 'Object Repository/Final Object Repo/Creating Employer Account/Page_PERKESO - Users and Organizati/input__125_password2'

2018-12-07 15:46:35 - [MESSAGE][PASSED] - Text ****** has been set on object 'Object Repository/Final Object Repo/Creating Employer Account/Page_PERKESO - Users and Organizati/input__125_password2'

2018-12-07 15:46:35 - [TEST_STEP][PASSED] - delay: Delayed 3 second(s)

2018-12-07 15:46:38 - [MESSAGE][PASSED] - Delayed 3 second(s)

2018-12-07 15:46:38 - [TEST_STEP][PASSED] - click: Object: 'Object Repository/Final Object Repo/Creating Employer Account/Page_PERKESO - Users and Organizati/Save' is clicked on

2018-12-07 15:46:39 - [MESSAGE][PASSED] - Object: 'Object Repository/Final Object Repo/Creating Employer Account/Page_PERKESO - Users and Organizati/Save' is clicked on

2018-12-07 15:46:39 - [MESSAGE][PASSED] - Call Test Case 'Test Cases/Final Aug 2018 - PKS Automation/Create Employer Acc/Template/Change Password of Employer' successfully

2018-12-07 15:46:39 - [TEST_STEP][PASSED] - delay: Delayed 1 second(s)

2018-12-07 15:46:40 - [MESSAGE][PASSED] - Delayed 1 second(s)

2018-12-07 15:46:40 - [TEST_STEP][PASSED] - navigateToUrl: Navigate to 'https://assist2-uat.perkeso.gov.my/c/portal/logout' successfully

2018-12-07 15:46:41 - [MESSAGE][PASSED] - Navigate to 'https://assist2-uat.perkeso.gov.my/c/portal/logout' successfully

2018-12-07 15:46:41 - [TEST_STEP][PASSED] - delay: Delayed 1 second(s)

2018-12-07 15:46:42 - [MESSAGE][PASSED] - Delayed 1 second(s)

2018-12-07 15:46:42 - [TEST_STEP][PASSED] - callTestCase: Call Test Case 'Test Cases/Final Aug 2018 - PKS Automation/Create Employer Acc/Template/Login to Employer Account (First Time)' successfully

2018-12-07 15:46:42 - [TEST_CASE][PASSED] - Test Cases/Final Aug 2018 - PKS Automation/Create Employer Acc/Template/Login to Employer Account (First Time): Test Cases/Final Aug 2018 - PKS Automation/Create Employer Acc/Template/Login to Employer Account (First Time)

2018-12-07 15:46:42 - [TEST_STEP][PASSED] - openBrowser: Browser is opened with url: ''

2018-12-07 15:46:42 - [MESSAGE][WARNING] - A browser is already opened. Closing browser and opening a new one

2018-12-07 15:46:45 - [MESSAGE][PASSED] - Browser is opened with url: ''

2018-12-07 15:46:45 - [TEST_STEP][PASSED] - navigateToUrl: Navigate to 'https://assist2-uat.perkeso.gov.my/employer/login' successfully

2018-12-07 15:46:46 - [MESSAGE][PASSED] - Navigate to 'https://assist2-uat.perkeso.gov.my/employer/login' successfully

2018-12-07 15:46:46 - [TEST_STEP][PASSED] - delay: Delayed 3 second(s)

2018-12-07 15:46:49 - [MESSAGE][PASSED] - Delayed 3 second(s)

2018-12-07 15:46:49 - [TEST_STEP][PASSED] - callTestCase: Call Test Case 'Test Cases/Final Aug 2018 - PKS Automation/Create Employer Acc/Template/Employer Email Getter' successfully

2018-12-07 15:46:49 - [TEST_CASE][PASSED] - Test Cases/Final Aug 2018 - PKS Automation/Create Employer Acc/Template/Employer Email Getter: Test Cases/Final Aug 2018 - PKS Automation/Create Employer Acc/Template/Employer Email Getter

2018-12-07 15:46:49 - [TEST_STEP][PASSED] - Statement - Try: null

2018-12-07 15:46:49 - [TEST_STEP][PASSED] - Statement - EmpEmail = new java.io.File(C://Users//Admin//Desktop//PKS//Automation Reference Point//EmpEmail.txt): null

2018-12-07 15:46:49 - [TEST_STEP][PASSED] - Statement - bufferread = new java.io.BufferedReader(new java.io.FileReader(EmpEmail)): null

2018-12-07 15:46:49 - [TEST_STEP][PASSED] - Statement - readedVal = bufferread.readLine(): null

2018-12-07 15:46:49 - [TEST_STEP][PASSED] - Statement - out.println(readedVal): null

2018-12-07 15:46:49 - [TEST_STEP][PASSED] - Statement - Email = readedVal: null

2018-12-07 15:46:49 - [MESSAGE][PASSED] - Call Test Case 'Test Cases/Final Aug 2018 - PKS Automation/Create Employer Acc/Template/Employer Email Getter' successfully

2018-12-07 15:46:49 - [TEST_STEP][PASSED] - setText: Text 'perkeso170679143594@gmail.com' is set on object 'Object Repository/Final Object Repo/Login Page/External Login Page/Email'

2018-12-07 15:46:50 - [MESSAGE][PASSED] - Text 'perkeso170679143594@gmail.com' is set on object 'Object Repository/Final Object Repo/Login Page/External Login Page/Email'

2018-12-07 15:46:50 - [TEST_STEP][PASSED] - click: Object: 'Object Repository/Final Object Repo/Login Page/External Login Page/Next' is clicked on

2018-12-07 15:46:50 - [MESSAGE][PASSED] - Object: 'Object Repository/Final Object Repo/Login Page/External Login Page/Next' is clicked on

2018-12-07 15:46:50 - [TEST_STEP][PASSED] - delay: Delayed 3 second(s)

2018-12-07 15:46:53 - [MESSAGE][PASSED] - Delayed 3 second(s)

2018-12-07 15:46:53 - [TEST_STEP][PASSED] - setEncryptedText: Text ****** has been set on object 'Object Repository/Final Object Repo/Login Page/External Login Page/Password'

2018-12-07 15:46:53 - [MESSAGE][PASSED] - Text ****** has been set on object 'Object Repository/Final Object Repo/Login Page/External Login Page/Password'

2018-12-07 15:46:53 - [TEST_STEP][PASSED] - click: Object: 'Object Repository/Final Object Repo/Login Page/External Login Page/Login' is clicked on

2018-12-07 15:46:53 - [MESSAGE][PASSED] - Object: 'Object Repository/Final Object Repo/Login Page/External Login Page/Login' is clicked on

2018-12-07 15:46:53 - [TEST_STEP][PASSED] - delay: Delayed 3 second(s)

2018-12-07 15:46:56 - [MESSAGE][PASSED] - Delayed 3 second(s)

2018-12-07 15:46:56 - [TEST_STEP][PASSED] - click: Object: 'Object Repository/Final Object Repo/Creating Employer Account/Page_Terms of Use - ASSIST/button_I Agree' is clicked on

2018-12-07 15:46:57 - [MESSAGE][PASSED] - Object: 'Object Repository/Final Object Repo/Creating Employer Account/Page_Terms of Use - ASSIST/button_I Agree' is clicked on

2018-12-07 15:46:57 - [TEST_STEP][PASSED] - delay: Delayed 2 second(s)

2018-12-07 15:46:59 - [MESSAGE][PASSED] - Delayed 2 second(s)

2018-12-07 15:46:59 - [TEST_STEP][PASSED] - setEncryptedText: Text ****** has been set on object 'Object Repository/Final Object Repo/Creating Employer Account/Page_New Password - ASSIST/input_password1'

2018-12-07 15:47:00 - [MESSAGE][PASSED] - Text ****** has been set on object 'Object Repository/Final Object Repo/Creating Employer Account/Page_New Password - ASSIST/input_password1'

2018-12-07 15:47:00 - [TEST_STEP][PASSED] - setEncryptedText: Text ****** has been set on object 'Object Repository/Final Object Repo/Creating Employer Account/Page_New Password - ASSIST/input_password2'

2018-12-07 15:47:00 - [MESSAGE][PASSED] - Text ****** has been set on object 'Object Repository/Final Object Repo/Creating Employer Account/Page_New Password - ASSIST/input_password2'

2018-12-07 15:47:00 - [TEST_STEP][PASSED] - delay: Delayed 2 second(s)

2018-12-07 15:47:02 - [MESSAGE][PASSED] - Delayed 2 second(s)

2018-12-07 15:47:02 - [TEST_STEP][PASSED] - click: Object: 'Object Repository/Final Object Repo/Creating Employer Account/Page_New Password - ASSIST/Save' is clicked on

2018-12-07 15:47:03 - [MESSAGE][PASSED] - Object: 'Object Repository/Final Object Repo/Creating Employer Account/Page_New Password - ASSIST/Save' is clicked on

2018-12-07 15:47:03 - [TEST_STEP][PASSED] - delay: Delayed 2 second(s)

2018-12-07 15:47:05 - [MESSAGE][PASSED] - Delayed 2 second(s)

2018-12-07 15:47:05 - [TEST_STEP][PASSED] - setText: Text 'test' is set on object 'Object Repository/Final Object Repo/Creating Employer Account/Page_Password Reminder - ASSIST/Reminder Query Answer'

2018-12-07 15:47:05 - [MESSAGE][PASSED] - Text 'test' is set on object 'Object Repository/Final Object Repo/Creating Employer Account/Page_Password Reminder - ASSIST/Reminder Query Answer'

2018-12-07 15:47:05 - [TEST_STEP][PASSED] - delay: Delayed 2 second(s)

2018-12-07 15:47:07 - [MESSAGE][PASSED] - Delayed 2 second(s)

2018-12-07 15:47:07 - [TEST_STEP][PASSED] - doubleClick: Object: 'Object Repository/Final Object Repo/Creating Employer Account/Page_Password Reminder - ASSIST/Save' is double clicked on

2018-12-07 15:47:10 - [MESSAGE][PASSED] - Object: 'Object Repository/Final Object Repo/Creating Employer Account/Page_Password Reminder - ASSIST/Save' is double clicked on

2018-12-07 15:47:10 - [MESSAGE][PASSED] - Call Test Case 'Test Cases/Final Aug 2018 - PKS Automation/Create Employer Acc/Template/Login to Employer Account (First Time)' successfully

2018-12-07 15:47:10 - [MESSAGE][PASSED] - Call Test Case 'Test Cases/Final Aug 2018 - PKS Automation/Create Employer Acc/Create Employer Account' successfully

2018-12-07 15:47:10 - [TEST_STEP][PASSED] - callTestCase: Call Test Case 'Test Cases/Final Aug 2018 - PKS Automation/Registration Module/Log Out/log out avoiding katalon tagging' successfully

2018-12-07 15:47:10 - [TEST_CASE][PASSED] - Test Cases/Final Aug 2018 - PKS Automation/Registration Module/Log Out/log out avoiding katalon tagging: Test Cases/Final Aug 2018 - PKS Automation/Registration Module/Log Out/log out avoiding katalon tagging

2018-12-07 15:47:10 - [TEST_STEP][PASSED] - navigateToUrl: Navigate to 'https://assist2-uat.perkeso.gov.my/c/portal/logout' successfully

2018-12-07 15:47:11 - [MESSAGE][PASSED] - Navigate to 'https://assist2-uat.perkeso.gov.my/c/portal/logout' successfully

2018-12-07 15:47:11 - [MESSAGE][PASSED] - Call Test Case 'Test Cases/Final Aug 2018 - PKS Automation/Registration Module/Log Out/log out avoiding katalon tagging' successfully

2018-12-07 15:47:11 - [TEST_STEP][PASSED] - callTestCase: Call Test Case 'Test Cases/Final Aug 2018 - PKS Automation/Create Employer Acc/Login to Employer Account (Second time)' successfully

2018-12-07 15:47:11 - [TEST_CASE][PASSED] - Test Cases/Final Aug 2018 - PKS Automation/Create Employer Acc/Login to Employer Account (Second time): Test Cases/Final Aug 2018 - PKS Automation/Create Employer Acc/Login to Employer Account (Second time)

2018-12-07 15:47:11 - [TEST_STEP][PASSED] - openBrowser: Browser is opened with url: ''

2018-12-07 15:47:11 - [MESSAGE][WARNING] - A browser is already opened. Closing browser and opening a new one

2018-12-07 15:47:14 - [MESSAGE][PASSED] - Browser is opened with url: ''

2018-12-07 15:47:14 - [TEST_STEP][PASSED] - navigateToUrl: Navigate to 'https://assist2-uat.perkeso.gov.my/employer/login' successfully

2018-12-07 15:47:15 - [MESSAGE][PASSED] - Navigate to 'https://assist2-uat.perkeso.gov.my/employer/login' successfully

2018-12-07 15:47:15 - [TEST_STEP][PASSED] - delay: Delayed 3 second(s)

2018-12-07 15:47:18 - [MESSAGE][PASSED] - Delayed 3 second(s)

2018-12-07 15:47:18 - [TEST_STEP][PASSED] - callTestCase: Call Test Case 'Test Cases/Final Aug 2018 - PKS Automation/Create Employer Acc/Template/Employer Email Getter' successfully

2018-12-07 15:47:18 - [TEST_CASE][PASSED] - Test Cases/Final Aug 2018 - PKS Automation/Create Employer Acc/Template/Employer Email Getter: Test Cases/Final Aug 2018 - PKS Automation/Create Employer Acc/Template/Employer Email Getter

2018-12-07 15:47:18 - [TEST_STEP][PASSED] - Statement - Try: null

2018-12-07 15:47:18 - [TEST_STEP][PASSED] - Statement - EmpEmail = new java.io.File(C://Users//Admin//Desktop//PKS//Automation Reference Point//EmpEmail.txt): null

2018-12-07 15:47:18 - [TEST_STEP][PASSED] - Statement - bufferread = new java.io.BufferedReader(new java.io.FileReader(EmpEmail)): null

2018-12-07 15:47:18 - [TEST_STEP][PASSED] - Statement - readedVal = bufferread.readLine(): null

2018-12-07 15:47:18 - [TEST_STEP][PASSED] - Statement - out.println(readedVal): null

2018-12-07 15:47:18 - [TEST_STEP][PASSED] - Statement - Email = readedVal: null

2018-12-07 15:47:18 - [MESSAGE][PASSED] - Call Test Case 'Test Cases/Final Aug 2018 - PKS Automation/Create Employer Acc/Template/Employer Email Getter' successfully

2018-12-07 15:47:18 - [TEST_STEP][PASSED] - setText: Text 'perkeso170679143594@gmail.com' is set on object 'Object Repository/Final Object Repo/Login Page/External Login Page/Email'

2018-12-07 15:47:19 - [MESSAGE][PASSED] - Text 'perkeso170679143594@gmail.com' is set on object 'Object Repository/Final Object Repo/Login Page/External Login Page/Email'

2018-12-07 15:47:19 - [TEST_STEP][PASSED] - click: Object: 'Object Repository/Final Object Repo/Login Page/External Login Page/Next' is clicked on

2018-12-07 15:47:19 - [MESSAGE][PASSED] - Object: 'Object Repository/Final Object Repo/Login Page/External Login Page/Next' is clicked on

2018-12-07 15:47:19 - [TEST_STEP][PASSED] - delay: Delayed 3 second(s)

2018-12-07 15:47:22 - [MESSAGE][PASSED] - Delayed 3 second(s)

2018-12-07 15:47:22 - [TEST_STEP][PASSED] - setEncryptedText: Text ****** has been set on object 'Object Repository/Final Object Repo/Login Page/External Login Page/Password'

2018-12-07 15:47:22 - [MESSAGE][PASSED] - Text ****** has been set on object 'Object Repository/Final Object Repo/Login Page/External Login Page/Password'

2018-12-07 15:47:22 - [TEST_STEP][PASSED] - click: Object: 'Object Repository/Final Object Repo/Login Page/External Login Page/Login' is clicked on

2018-12-07 15:47:22 - [MESSAGE][PASSED] - Object: 'Object Repository/Final Object Repo/Login Page/External Login Page/Login' is clicked on

2018-12-07 15:47:22 - [TEST_STEP][PASSED] - delay: Delayed 5 second(s)

2018-12-07 15:47:27 - [MESSAGE][PASSED] - Delayed 5 second(s)

2018-12-07 15:47:27 - [MESSAGE][PASSED] - Call Test Case 'Test Cases/Final Aug 2018 - PKS Automation/Create Employer Acc/Login to Employer Account (Second time)' successfully

2018-12-07 15:47:27 - [TEST_STEP][PASSED] - delay: Delayed 4 second(s)

2018-12-07 15:47:31 - [MESSAGE][PASSED] - Delayed 4 second(s)

2018-12-07 15:47:31 - [TEST_STEP][PASSED] - Statement - Try: Delayed 2 second(s)

2018-12-07 15:47:31 - [TEST_STEP][PASSED] - Statement - Checker = false: null

2018-12-07 15:47:31 - [TEST_STEP][PASSED] - Statement - Checker = com.kms.katalon.core.webui.keyword.WebUiBuiltInKeywords.verifyElementHasAttribute(com.kms.katalon.core.testobject.ObjectRepository.findTestObject(Final Object Repo/Landing Page/BM Detecting), "href", 20, OPTIONAL): Object 'Object Repository/Final Object Repo/Landing Page/BM Detecting' has attribute 'href'

2018-12-07 15:47:31 - [MESSAGE][PASSED] - Object 'Object Repository/Final Object Repo/Landing Page/BM Detecting' has attribute 'href'

2018-12-07 15:47:31 - [TEST_STEP][PASSED] - Statement - out.println(Checker): null

2018-12-07 15:47:31 - [TEST_STEP][PASSED] - Statement - If (Checker == false): null

2018-12-07 15:47:31 - [TEST_STEP][PASSED] - Statement - Else: null

2018-12-07 15:47:31 - [TEST_STEP][PASSED] - delay: Delayed 2 second(s)

2018-12-07 15:47:33 - [MESSAGE][PASSED] - Delayed 2 second(s)

2018-12-07 15:47:33 - [TEST_STEP][PASSED] - delay: Delayed 4 second(s)

2018-12-07 15:47:37 - [MESSAGE][PASSED] - Delayed 4 second(s)

2018-12-07 15:47:37 - [TEST_STEP][PASSED] - click: Object: 'Object Repository/Final Object Repo/Landing Page/My Sites Drop Down' is clicked on

2018-12-07 15:47:37 - [MESSAGE][PASSED] - Object: 'Object Repository/Final Object Repo/Landing Page/My Sites Drop Down' is clicked on

2018-12-07 15:47:37 - [TEST_STEP][PASSED] - click: Object: 'Object Repository/Final Object Repo/Landing Page/Select to Registration Module' is clicked on

2018-12-07 15:47:40 - [MESSAGE][PASSED] - Object: 'Object Repository/Final Object Repo/Landing Page/Select to Registration Module' is clicked on

2018-12-07 15:47:40 - [TEST_STEP][PASSED] - click: Object: 'Object Repository/Final Object Repo/Landing Page/Registration Button' is clicked on

2018-12-07 15:47:41 - [MESSAGE][PASSED] - Object: 'Object Repository/Final Object Repo/Landing Page/Registration Button' is clicked on

2018-12-07 15:47:41 - [TEST_STEP][PASSED] - delay: Delayed 2 second(s)

2018-12-07 15:47:43 - [MESSAGE][PASSED] - Delayed 2 second(s)

2018-12-07 15:47:43 - [TEST_STEP][PASSED] - click: Object: 'Object Repository/Final Object Repo/New Registration - Registration Module Pages/New Reg - OTC to RO/Special Case - OTC - Form 1/AEC NO' is clicked on

2018-12-07 15:47:43 - [MESSAGE][PASSED] - Object: 'Object Repository/Final Object Repo/New Registration - Registration Module Pages/New Reg - OTC to RO/Special Case - OTC - Form 1/AEC NO' is clicked on

2018-12-07 15:47:43 - [TEST_STEP][PASSED] - click: Object: 'Object Repository/Final Object Repo/New Registration - Registration Module Pages/New Reg - OTC to RO/Special Case - OTC - Form 1/Business Entity - Please Select' is clicked on

2018-12-07 15:47:44 - [MESSAGE][PASSED] - Object: 'Object Repository/Final Object Repo/New Registration - Registration Module Pages/New Reg - OTC to RO/Special Case - OTC - Form 1/Business Entity - Please Select' is clicked on

2018-12-07 15:47:44 - [TEST_STEP][PASSED] - click: Object: 'Object Repository/Final Object Repo/New Registration - Registration Module Pages/New Reg - OTC to RO/Special Case - OTC - Form 1/Selected - Corporation' is clicked on

2018-12-07 15:47:44 - [MESSAGE][PASSED] - Object: 'Object Repository/Final Object Repo/New Registration - Registration Module Pages/New Reg - OTC to RO/Special Case - OTC - Form 1/Selected - Corporation' is clicked on

2018-12-07 15:47:44 - [TEST_STEP][PASSED] - delay: Delayed 2 second(s)

2018-12-07 15:47:46 - [MESSAGE][PASSED] - Delayed 2 second(s)

2018-12-07 15:47:46 - [TEST_STEP][PASSED] - click: Object: 'Object Repository/Final Object Repo/New Registration - Registration Module Pages/New Reg - OTC to RO/Special Case - OTC - Form 1/Sub Business Entity - Please Select' is clicked on

2018-12-07 15:47:46 - [MESSAGE][PASSED] - Object: 'Object Repository/Final Object Repo/New Registration - Registration Module Pages/New Reg - OTC to RO/Special Case - OTC - Form 1/Sub Business Entity - Please Select' is clicked on

2018-12-07 15:47:46 - [TEST_STEP][PASSED] - delay: Delayed 2 second(s)

2018-12-07 15:47:48 - [MESSAGE][PASSED] - Delayed 2 second(s)

2018-12-07 15:47:48 - [TEST_STEP][PASSED] - click: Object: 'Object Repository/Final Object Repo/New Registration - Registration Module Pages/New Reg - OTC to RO/Special Case - OTC - Form 1/Selected - Sendirian Berhad' is clicked on

2018-12-07 15:47:48 - [MESSAGE][PASSED] - Object: 'Object Repository/Final Object Repo/New Registration - Registration Module Pages/New Reg - OTC to RO/Special Case - OTC - Form 1/Selected - Sendirian Berhad' is clicked on

2018-12-07 15:47:48 - [TEST_STEP][PASSED] - setText: Text 'AUTOMATE001' is set on object 'Object Repository/Final Object Repo/New Registration - Registration Module Pages/New Reg - OTC to RO/Special Case - OTC - Form 1/Input BRN Number'

2018-12-07 15:47:49 - [MESSAGE][PASSED] - Text 'AUTOMATE001' is set on object 'Object Repository/Final Object Repo/New Registration - Registration Module Pages/New Reg - OTC to RO/Special Case - OTC - Form 1/Input BRN Number'

2018-12-07 15:47:49 - [TEST_STEP][PASSED] - delay: Delayed 2 second(s)

2018-12-07 15:47:51 - [MESSAGE][PASSED] - Delayed 2 second(s)

2018-12-07 15:47:51 - [TEST_STEP][PASSED] - click: Object: 'Object Repository/Final Object Repo/New Registration - Registration Module Pages/New Reg - OTC to RO/Special Case - OTC - Form 1/BRN Search' is clicked on

2018-12-07 15:47:51 - [MESSAGE][PASSED] - Object: 'Object Repository/Final Object Repo/New Registration - Registration Module Pages/New Reg - OTC to RO/Special Case - OTC - Form 1/BRN Search' is clicked on

2018-12-07 15:47:51 - [TEST_STEP][PASSED] - delay: Delayed 4 second(s)

2018-12-07 15:47:55 - [MESSAGE][PASSED] - Delayed 4 second(s)

2018-12-07 15:47:55 - [TEST_STEP][PASSED] - click: Object: 'Object Repository/Final Object Repo/New Registration - Registration Module Pages/New Reg - OTC to RO/Special Case - OTC - Form 1/Registered with SSM - After Feb 2017' is clicked on

2018-12-07 15:47:55 - [MESSAGE][PASSED] - Object: 'Object Repository/Final Object Repo/New Registration - Registration Module Pages/New Reg - OTC to RO/Special Case - OTC - Form 1/Registered with SSM - After Feb 2017' is clicked on

2018-12-07 15:47:55 - [TEST_STEP][PASSED] - delay: Delayed 2 second(s)

2018-12-07 15:47:57 - [MESSAGE][PASSED] - Delayed 2 second(s)

2018-12-07 15:47:57 - [TEST_STEP][PASSED] - click: Object: 'Object Repository/Final Object Repo/New Registration - Registration Module Pages/Form 1/Registered As a Branch - Yes' is clicked on

2018-12-07 15:47:57 - [MESSAGE][PASSED] - Object: 'Object Repository/Final Object Repo/New Registration - Registration Module Pages/Form 1/Registered As a Branch - Yes' is clicked on

2018-12-07 15:47:57 - [TEST_STEP][PASSED] - click: Object: 'Object Repository/Final Object Repo/New Registration - Registration Module Pages/New Reg - OTC to RO/Special Case - OTC - Form 1/Acknowledgement Ticked' is clicked on

2018-12-07 15:47:58 - [MESSAGE][PASSED] - Object: 'Object Repository/Final Object Repo/New Registration - Registration Module Pages/New Reg - OTC to RO/Special Case - OTC - Form 1/Acknowledgement Ticked' is clicked on

2018-12-07 15:47:58 - [TEST_STEP][PASSED] - setText: Text 'perkeso170679143594@gmail.com' is set on object 'Object Repository/Final Object Repo/New Registration - Registration Module Pages/Form 1/Email'

2018-12-07 15:47:58 - [MESSAGE][PASSED] - Text 'perkeso170679143594@gmail.com' is set on object 'Object Repository/Final Object Repo/New Registration - Registration Module Pages/Form 1/Email'

2018-12-07 15:47:58 - [TEST_STEP][PASSED] - click: Object: 'Object Repository/Final Object Repo/New Registration - Registration Module Pages/New Reg - OTC to RO/Special Case - OTC - Form 1/Submit Button' is clicked on

2018-12-07 15:47:59 - [MESSAGE][PASSED] - Object: 'Object Repository/Final Object Repo/New Registration - Registration Module Pages/New Reg - OTC to RO/Special Case - OTC - Form 1/Submit Button' is clicked on

2018-12-07 15:47:59 - [TEST_STEP][PASSED] - callTestCase: Call Test Case 'Test Cases/Final Aug 2018 - PKS Automation/Registration Module/New Registration/Form 2/Add 1 Eligible - Employer Account Use' successfully

2018-12-07 15:47:59 - [TEST_CASE][PASSED] - Test Cases/Final Aug 2018 - PKS Automation/Registration Module/New Registration/Form 2/Add 1 Eligible - Employer Account Use: Test Cases/Final Aug 2018 - PKS Automation/Registration Module/New Registration/Form 2/Add 1 Eligible - Employer Account Use

2018-12-07 15:47:59 - [TEST_STEP][PASSED] - delay: Delayed 2 second(s)

2018-12-07 15:48:01 - [MESSAGE][PASSED] - Delayed 2 second(s)

2018-12-07 15:48:01 - [TEST_STEP][PASSED] - callTestCase: Call Test Case 'Test Cases/Final Aug 2018 - PKS Automation/Registration Module/New Registration/Form 2/Date Updater' successfully

2018-12-07 15:48:01 - [TEST_CASE][PASSED] - Test Cases/Final Aug 2018 - PKS Automation/Registration Module/New Registration/Form 2/Date Updater: Test Cases/Final Aug 2018 - PKS Automation/Registration Module/New Registration/Form 2/Date Updater

2018-12-07 15:48:01 - [TEST_STEP][PASSED] - Statement - TodayDate = new java.util.Date(): null

2018-12-07 15:48:01 - [TEST_STEP][PASSED] - Statement - CurrentDateNoFilter = new java.text.SimpleDateFormat(): null

2018-12-07 15:48:01 - [TEST_STEP][PASSED] - Statement - CurrentDateNoFilter.applyPattern("MM"): null

2018-12-07 15:48:01 - [TEST_STEP][PASSED] - Statement - monthContainerMatcher = java.lang.Integer.parseInt(CurrentDateNoFilter.format(TodayDate)): null

2018-12-07 15:48:01 - [TEST_STEP][PASSED] - Statement - monthContainerMatcher = monthContainerMatcher - 1: null

2018-12-07 15:48:01 - [TEST_STEP][PASSED] - Statement - CurrentMonth = monthContainerMatcher.toString(): null

2018-12-07 15:48:01 - [TEST_STEP][PASSED] - Statement - CurrentMonth = CurrentMonth: null

2018-12-07 15:48:01 - [TEST_STEP][PASSED] - Statement - CurrentDateNoFilter.applyPattern("yyyy"): null

2018-12-07 15:48:01 - [TEST_STEP][PASSED] - Statement - CurrentYear = CurrentDateNoFilter.format(TodayDate): null

2018-12-07 15:48:01 - [TEST_STEP][PASSED] - Statement - CurrentYear = CurrentYear: null

2018-12-07 15:48:01 - [TEST_STEP][PASSED] - Statement - intCurrentYear = java.lang.Integer.parseInt(CurrentDateNoFilter.format(TodayDate)): null

2018-12-07 15:48:01 - [TEST_STEP][PASSED] - Statement - eighteenYrsAgo = intCurrentYear - 18: null

2018-12-07 15:48:01 - [TEST_STEP][PASSED] - Statement - eighteenYrsBeforeThisYr = eighteenYrsAgo.toString(): null

2018-12-07 15:48:01 - [TEST_STEP][PASSED] - Statement - EighteenYrsBefore = eighteenYrsBeforeThisYr: null

2018-12-07 15:48:01 - [TEST_STEP][PASSED] - Statement - fiftysevenYrsAgo = intCurrentYear - 57: null

2018-12-07 15:48:01 - [TEST_STEP][PASSED] - Statement - fiftysevenYrsBeforeThisYr = fiftysevenYrsAgo.toString(): null

2018-12-07 15:48:01 - [TEST_STEP][PASSED] - Statement - FiftysevenYrsBefore = fiftysevenYrsBeforeThisYr: null

2018-12-07 15:48:01 - [TEST_STEP][PASSED] - Statement - leapYear = false: null

2018-12-07 15:48:01 - [TEST_STEP][PASSED] - Statement - leapYear = intCurrentYear % 4 == 0: null

2018-12-07 15:48:01 - [TEST_STEP][PASSED] - Statement - CurrentDateNoFilter.applyPattern("dd"): null

2018-12-07 15:48:01 - [TEST_STEP][PASSED] - Statement - CurrentDate = CurrentDateNoFilter.format(TodayDate): null

2018-12-07 15:48:01 - [TEST_STEP][PASSED] - Statement - CurrentDate = java.lang.Integer.parseInt(CurrentDate): null

2018-12-07 15:48:01 - [TEST_STEP][PASSED] - Statement - CurrentDate = CurrentDate: null

2018-12-07 15:48:01 - [TEST_STEP][PASSED] - Statement - CurrentDay = java.lang.Integer.parseInt(CurrentDate): null

2018-12-07 15:48:01 - [TEST_STEP][PASSED] - Statement - ConfAdder = <not implemented yet for class: org.codehaus.groovy.ast.expr.EmptyExpression>: null

2018-12-07 15:48:01 - [TEST_STEP][PASSED] - Statement - out.println(CurrentMonth): null

2018-12-07 15:48:01 - [TEST_STEP][PASSED] - Statement - out.println(CurrentDate): null

2018-12-07 15:48:01 - [TEST_STEP][PASSED] - Statement - switch (CurrentDate): null

2018-12-07 15:48:01 - [TEST_STEP][PASSED] - Statement - Default: null

2018-12-07 15:48:01 - [TEST_STEP][PASSED] - Statement - ConfAdder = true: null

2018-12-07 15:48:01 - [TEST_STEP][PASSED] - Statement - Break: null

2018-12-07 15:48:01 - [TEST_STEP][PASSED] - Statement - aDayBefore = <not implemented yet for class: org.codehaus.groovy.ast.expr.EmptyExpression>: null

2018-12-07 15:48:01 - [TEST_STEP][PASSED] - Statement - out.println(ConfAdder): null

2018-12-07 15:48:01 - [TEST_STEP][PASSED] - Statement - If (ConfAdder == true): null

2018-12-07 15:48:01 - [TEST_STEP][PASSED] - Statement - aDayBefore = CurrentDay + 1: null

2018-12-07 15:48:01 - [TEST_STEP][PASSED] - Statement - out.println(aDayBefore): null

2018-12-07 15:48:01 - [TEST_STEP][PASSED] - Statement - If (aDayBefore == 1 && CurrentMonth == 11): null

2018-12-07 15:48:01 - [TEST_STEP][PASSED] - Statement - DayBefore = aDayBefore.toString(): null

2018-12-07 15:48:01 - [TEST_STEP][PASSED] - Statement - OneDayBefore = DayBefore: null

2018-12-07 15:48:01 - [MESSAGE][PASSED] - Call Test Case 'Test Cases/Final Aug 2018 - PKS Automation/Registration Module/New Registration/Form 2/Date Updater' successfully

2018-12-07 15:48:02 - [TEST_STEP][PASSED] - delay: Delayed 1 second(s)

2018-12-07 15:48:03 - [MESSAGE][PASSED] - Delayed 1 second(s)

2018-12-07 15:48:03 - [TEST_STEP][PASSED] - Statement - CaseReferenceNo = com.kms.katalon.core.webui.keyword.WebUiBuiltInKeywords.getText(com.kms.katalon.core.testobject.ObjectRepository.findTestObject(Final Object Repo/New Registration - Registration Module Pages/Form 2/RefNo Acquiring)): Text of object 'Object Repository/Final Object Repo/New Registration - Registration Module Pages/Form 2/RefNo Acquiring' is: 'CRN12201800123098'

2018-12-07 15:48:03 - [MESSAGE][PASSED] - Text of object 'Object Repository/Final Object Repo/New Registration - Registration Module Pages/Form 2/RefNo Acquiring' is: 'CRN12201800123098'

2018-12-07 15:48:03 - [TEST_STEP][PASSED] - delay: Delayed 1 second(s)

2018-12-07 15:48:04 - [MESSAGE][PASSED] - Delayed 1 second(s)

2018-12-07 15:48:04 - [TEST_STEP][PASSED] - click: Object: 'Object Repository/Final Object Repo/New Registration - Registration Module Pages/Form 2/Add Employee Button' is clicked on

2018-12-07 15:48:04 - [MESSAGE][PASSED] - Object: 'Object Repository/Final Object Repo/New Registration - Registration Module Pages/Form 2/Add Employee Button' is clicked on

2018-12-07 15:48:04 - [TEST_STEP][PASSED] - delay: Delayed 1 second(s)

2018-12-07 15:48:05 - [MESSAGE][PASSED] - Delayed 1 second(s)

2018-12-07 15:48:05 - [TEST_STEP][PASSED] - setText: Text '010903091948' is set on object 'Object Repository/Final Object Repo/New Registration - Registration Module Pages/Form 2/NRIC Input'

2018-12-07 15:48:05 - [MESSAGE][PASSED] - Text '010903091948' is set on object 'Object Repository/Final Object Repo/New Registration - Registration Module Pages/Form 2/NRIC Input'

2018-12-07 15:48:05 - [TEST_STEP][PASSED] - delay: Delayed 2 second(s)

2018-12-07 15:48:07 - [MESSAGE][PASSED] - Delayed 2 second(s)

2018-12-07 15:48:07 - [TEST_STEP][PASSED] - setText: Text 'Automate001 eligible 1' is set on object 'Object Repository/Final Object Repo/New Registration - Registration Module Pages/Form 2/Employee Name Input'

2018-12-07 15:48:08 - [MESSAGE][PASSED] - Text 'Automate001 eligible 1' is set on object 'Object Repository/Final Object Repo/New Registration - Registration Module Pages/Form 2/Employee Name Input'

2018-12-07 15:48:08 - [TEST_STEP][PASSED] - delay: Delayed 2 second(s)

2018-12-07 15:48:10 - [MESSAGE][PASSED] - Delayed 2 second(s)

2018-12-07 15:48:10 - [TEST_STEP][PASSED] - click: Object: 'Object Repository/Final Object Repo/New Registration - Registration Module Pages/Form 2/DatePicker Pop Up' is clicked on

2018-12-07 15:48:10 - [MESSAGE][PASSED] - Object: 'Object Repository/Final Object Repo/New Registration - Registration Module Pages/Form 2/DatePicker Pop Up' is clicked on

2018-12-07 15:48:10 - [TEST_STEP][PASSED] - click: Object: 'Object Repository/Final Object Repo/New Registration - Registration Module Pages/Form 2/DOB Month' is clicked on

2018-12-07 15:48:10 - [MESSAGE][PASSED] - Object: 'Object Repository/Final Object Repo/New Registration - Registration Module Pages/Form 2/DOB Month' is clicked on

2018-12-07 15:48:10 - [TEST_STEP][PASSED] - Statement - CurrentMonth = CurrentMonth: null

2018-12-07 15:48:10 - [TEST_STEP][PASSED] - Statement - selectMonth = new com.kms.katalon.core.testobject.TestObject(): null

2018-12-07 15:48:10 - [TEST_STEP][PASSED] - Statement - selectMonth.addProperty("xpath", EQUALS, "//body/div/div/div/select/option[@value='" + CurrentMonth + "']", true): null

2018-12-07 15:48:10 - [TEST_STEP][PASSED] - click: Object: '' is clicked on

2018-12-07 15:48:11 - [MESSAGE][PASSED] - Object: '' is clicked on

2018-12-07 15:48:11 - [TEST_STEP][PASSED] - click: Object: 'Object Repository/Final Object Repo/New Registration - Registration Module Pages/Form 2/DOB Year' is clicked on

2018-12-07 15:48:11 - [MESSAGE][PASSED] - Object: 'Object Repository/Final Object Repo/New Registration - Registration Module Pages/Form 2/DOB Year' is clicked on

2018-12-07 15:48:11 - [TEST_STEP][PASSED] - Statement - Eyearsbf = EighteenYrsBefore: null

2018-12-07 15:48:11 - [TEST_STEP][PASSED] - Statement - selectYear = new com.kms.katalon.core.testobject.TestObject(): null

2018-12-07 15:48:11 - [TEST_STEP][PASSED] - Statement - selectYear.addProperty("xpath", EQUALS, "//div/div/div/select/option[@value='" + Eyearsbf + "']", true): null

2018-12-07 15:48:11 - [TEST_STEP][PASSED] - click: Object: '' is clicked on

2018-12-07 15:48:11 - [MESSAGE][PASSED] - Object: '' is clicked on

2018-12-07 15:48:11 - [TEST_STEP][PASSED] - Statement - UpdatedSelectDate = com.kms.katalon.core.webui.keyword.WebUiBuiltInKeywords.modifyObjectProperty(com.kms.katalon.core.testobject.ObjectRepository.findTestObject(Final Object Repo/New Registration - Registration Module Pages/Form 2/DOB Date), "xpath", "equals", "//body/div/table/tbody/tr/td/a[text()="" + CurrentDate + ""]", true): Modify property of object successfully

2018-12-07 15:48:11 - [MESSAGE][PASSED] - Modify property of object successfully

2018-12-07 15:48:11 - [TEST_STEP][PASSED] - delay: Delayed 3 second(s)

2018-12-07 15:48:14 - [MESSAGE][PASSED] - Delayed 3 second(s)

2018-12-07 15:48:14 - [TEST_STEP][PASSED] - click: Object: 'Object Repository/Final Object Repo/New Registration - Registration Module Pages/Form 2/DOB Date' is clicked on

2018-12-07 15:48:14 - [MESSAGE][PASSED] - Object: 'Object Repository/Final Object Repo/New Registration - Registration Module Pages/Form 2/DOB Date' is clicked on

2018-12-07 15:48:14 - [TEST_STEP][PASSED] - delay: Delayed 2 second(s)

2018-12-07 15:48:16 - [MESSAGE][PASSED] - Delayed 2 second(s)

2018-12-07 15:48:16 - [TEST_STEP][PASSED] - click: Object: 'Object Repository/Final Object Repo/New Registration - Registration Module Pages/Form 2/EmploymentStartDate Pop Up' is clicked on

2018-12-07 15:48:16 - [MESSAGE][PASSED] - Object: 'Object Repository/Final Object Repo/New Registration - Registration Module Pages/Form 2/EmploymentStartDate Pop Up' is clicked on

2018-12-07 15:48:16 - [TEST_STEP][PASSED] - delay: Delayed 2 second(s)

2018-12-07 15:48:18 - [MESSAGE][PASSED] - Delayed 2 second(s)

2018-12-07 15:48:18 - [TEST_STEP][PASSED] - click: Object: 'Object Repository/Final Object Repo/New Registration - Registration Module Pages/Form 2/Socso Employment StartDate Month' is clicked on

2018-12-07 15:48:18 - [MESSAGE][PASSED] - Object: 'Object Repository/Final Object Repo/New Registration - Registration Module Pages/Form 2/Socso Employment StartDate Month' is clicked on

2018-12-07 15:48:18 - [TEST_STEP][PASSED] - delay: Delayed 1 second(s)

2018-12-07 15:48:19 - [MESSAGE][PASSED] - Delayed 1 second(s)

2018-12-07 15:48:19 - [TEST_STEP][PASSED] - click: Object: 'Object Repository/Final Object Repo/New Registration - Registration Module Pages/Form 2/Select Socso Employement Startdate Month' is clicked on

2018-12-07 15:48:20 - [MESSAGE][PASSED] - Object: 'Object Repository/Final Object Repo/New Registration - Registration Module Pages/Form 2/Select Socso Employement Startdate Month' is clicked on

2018-12-07 15:48:20 - [TEST_STEP][PASSED] - delay: Delayed 2 second(s)

2018-12-07 15:48:22 - [MESSAGE][PASSED] - Delayed 2 second(s)

2018-12-07 15:48:22 - [TEST_STEP][PASSED] - click: Object: 'Object Repository/Final Object Repo/New Registration - Registration Module Pages/Form 2/Socso Employment StartDate Year' is clicked on

2018-12-07 15:48:22 - [MESSAGE][PASSED] - Object: 'Object Repository/Final Object Repo/New Registration - Registration Module Pages/Form 2/Socso Employment StartDate Year' is clicked on

2018-12-07 15:48:22 - [TEST_STEP][PASSED] - delay: Delayed 1 second(s)

2018-12-07 15:48:23 - [MESSAGE][PASSED] - Delayed 1 second(s)

2018-12-07 15:48:23 - [TEST_STEP][PASSED] - click: Object: 'Object Repository/Final Object Repo/New Registration - Registration Module Pages/Form 2/Select Socso Employment Startdate Year' is clicked on

2018-12-07 15:48:23 - [MESSAGE][PASSED] - Object: 'Object Repository/Final Object Repo/New Registration - Registration Module Pages/Form 2/Select Socso Employment Startdate Year' is clicked on

2018-12-07 15:48:23 - [TEST_STEP][PASSED] - delay: Delayed 2 second(s)

2018-12-07 15:48:25 - [MESSAGE][PASSED] - Delayed 2 second(s)

2018-12-07 15:48:25 - [TEST_STEP][PASSED] - click: Object: 'Object Repository/Final Object Repo/New Registration - Registration Module Pages/Form 2/Socso Employment Start Date Day' is clicked on

2018-12-07 15:48:25 - [MESSAGE][PASSED] - Object: 'Object Repository/Final Object Repo/New Registration - Registration Module Pages/Form 2/Socso Employment Start Date Day' is clicked on

2018-12-07 15:48:25 - [TEST_STEP][PASSED] - delay: Delayed 2 second(s)

2018-12-07 15:48:27 - [MESSAGE][PASSED] - Delayed 2 second(s)

2018-12-07 15:48:27 - [TEST_STEP][PASSED] - click: Object: 'Object Repository/Final Object Repo/New Registration - Registration Module Pages/Form 2/Save Button for Add Employee' is clicked on

2018-12-07 15:48:27 - [MESSAGE][PASSED] - Object: 'Object Repository/Final Object Repo/New Registration - Registration Module Pages/Form 2/Save Button for Add Employee' is clicked on

2018-12-07 15:48:27 - [TEST_STEP][PASSED] - delay: Delayed 6 second(s)

2018-12-07 15:48:33 - [MESSAGE][PASSED] - Delayed 6 second(s)

2018-12-07 15:48:33 - [TEST_STEP][PASSED] - click: Object: 'Object Repository/Final Object Repo/New Registration - Registration Module Pages/Form 2/Save and Continue Form 2' is clicked on

2018-12-07 15:48:34 - [MESSAGE][PASSED] - Object: 'Object Repository/Final Object Repo/New Registration - Registration Module Pages/Form 2/Save and Continue Form 2' is clicked on

2018-12-07 15:48:34 - [MESSAGE][PASSED] - Call Test Case 'Test Cases/Final Aug 2018 - PKS Automation/Registration Module/New Registration/Form 2/Add 1 Eligible - Employer Account Use' successfully

2018-12-07 15:48:34 - [TEST_STEP][PASSED] - callTestCase: Call Test Case 'Test Cases/Final Aug 2018 - PKS Automation/Registration Module/New Registration/Flow of New Registration/Third Screen - Upload Supporting Doc - Preview' successfully

2018-12-07 15:48:34 - [TEST_CASE][PASSED] - Test Cases/Final Aug 2018 - PKS Automation/Registration Module/New Registration/Flow of New Registration/Third Screen - Upload Supporting Doc - Preview: Test Cases/Final Aug 2018 - PKS Automation/Registration Module/New Registration/Flow of New Registration/Third Screen - Upload Supporting Doc - Preview

2018-12-07 15:48:34 - [TEST_STEP][PASSED] - waitForPageLoad: Wait for page load successfully

2018-12-07 15:48:35 - [MESSAGE][PASSED] - Wait for page load successfully

2018-12-07 15:48:35 - [TEST_STEP][PASSED] - Statement - CaseReferenceNo = com.kms.katalon.core.webui.keyword.WebUiBuiltInKeywords.getText(com.kms.katalon.core.testobject.ObjectRepository.findTestObject(Final Object Repo/New Registration - Registration Module Pages/Third Screen - Upload Supporting Doc- Preview/RefNo Acquiring)): Text of object 'Object Repository/Final Object Repo/New Registration - Registration Module Pages/Third Screen - Upload Supporting Doc- Preview/RefNo Acquiring' is: 'CRN12201800123098'

2018-12-07 15:48:35 - [MESSAGE][PASSED] - Text of object 'Object Repository/Final Object Repo/New Registration - Registration Module Pages/Third Screen - Upload Supporting Doc- Preview/RefNo Acquiring' is: 'CRN12201800123098'

2018-12-07 15:48:35 - [TEST_STEP][PASSED] - delay: Delayed 2 second(s)

2018-12-07 15:48:37 - [MESSAGE][PASSED] - Delayed 2 second(s)

2018-12-07 15:48:37 - [TEST_STEP][PASSED] - callTestCase: Call Test Case 'Test Cases/Final Aug 2018 - PKS Automation/Common/Reference Number Setter' successfully

2018-12-07 15:48:37 - [TEST_CASE][PASSED] - Test Cases/Final Aug 2018 - PKS Automation/Common/Reference Number Setter: Test Cases/Final Aug 2018 - PKS Automation/Common/Reference Number Setter

2018-12-07 15:48:37 - [TEST_STEP][PASSED] - Statement - RefNoOldFile = new java.io.File(C://Users//Admin//Desktop//PKS//Automation Reference Point//KatalonReference.txt): null

2018-12-07 15:48:37 - [TEST_STEP][PASSED] - Statement - RefNoOldFile.delete(): null

2018-12-07 15:48:37 - [TEST_STEP][PASSED] - delay: Delayed 5 second(s)

2018-12-07 15:48:42 - [MESSAGE][PASSED] - Delayed 5 second(s)

2018-12-07 15:48:42 - [TEST_STEP][PASSED] - Statement - RefNo = new java.io.File(C://Users//Admin//Desktop//PKS//Automation Reference Point//KatalonReference.txt): null

2018-12-07 15:48:42 - [TEST_STEP][PASSED] - Statement - f2 = new java.io.FileWriter(RefNo, false): null

2018-12-07 15:48:42 - [TEST_STEP][PASSED] - Statement - f2.write(CaseReferenceNo): null

2018-12-07 15:48:42 - [TEST_STEP][PASSED] - Statement - f2.close(): null

2018-12-07 15:48:42 - [TEST_STEP][PASSED] - Statement - out.println("


" + CaseReferenceNo + "


"): null

2018-12-07 15:48:42 - [MESSAGE][PASSED] - Call Test Case 'Test Cases/Final Aug 2018 - PKS Automation/Common/Reference Number Setter' successfully

2018-12-07 15:48:42 - [TEST_STEP][PASSED] - waitForElementClickable: Object 'Object Repository/Final Object Repo/New Registration - Registration Module Pages/Third Screen - Upload Supporting Doc- Preview/Save n Continue in SIP Employee Listing Page' is clickable

2018-12-07 15:48:42 - [MESSAGE][PASSED] - Object 'Object Repository/Final Object Repo/New Registration - Registration Module Pages/Third Screen - Upload Supporting Doc- Preview/Save n Continue in SIP Employee Listing Page' is clickable

2018-12-07 15:48:42 - [TEST_STEP][PASSED] - click: Object: 'Object Repository/Final Object Repo/New Registration - Registration Module Pages/Third Screen - Upload Supporting Doc- Preview/Save n Continue in SIP Employee Listing Page' is clicked on

2018-12-07 15:48:47 - [MESSAGE][PASSED] - Object: 'Object Repository/Final Object Repo/New Registration - Registration Module Pages/Third Screen - Upload Supporting Doc- Preview/Save n Continue in SIP Employee Listing Page' is clicked on

2018-12-07 15:48:47 - [TEST_STEP][PASSED] - delay: Delayed 7 second(s)

2018-12-07 15:48:54 - [MESSAGE][PASSED] - Delayed 7 second(s)

2018-12-07 15:48:54 - [TEST_STEP][PASSED] - click: Object: 'Object Repository/Final Object Repo/New Registration - Registration Module Pages/Third Screen - Upload Supporting Doc- Preview/Add Document Button' is clicked on

2018-12-07 15:48:55 - [MESSAGE][PASSED] - Object: 'Object Repository/Final Object Repo/New Registration - Registration Module Pages/Third Screen - Upload Supporting Doc- Preview/Add Document Button' is clicked on

2018-12-07 15:48:55 - [TEST_STEP][PASSED] - delay: Delayed 30 second(s)

2018-12-07 15:49:25 - [MESSAGE][PASSED] - Delayed 30 second(s)

2018-12-07 15:49:25 - [TEST_STEP][PASSED] - click: Object: 'Object Repository/Final Object Repo/New Registration - Registration Module Pages/Third Screen - Upload Supporting Doc- Preview/Supporting Doc Please Select Drop Down' is clicked on

2018-12-07 15:49:25 - [MESSAGE][PASSED] - Object: 'Object Repository/Final Object Repo/New Registration - Registration Module Pages/Third Screen - Upload Supporting Doc- Preview/Supporting Doc Please Select Drop Down' is clicked on

2018-12-07 15:49:25 - [TEST_STEP][PASSED] - delay: Delayed 2 second(s)

2018-12-07 15:49:27 - [MESSAGE][PASSED] - Delayed 2 second(s)

2018-12-07 15:49:27 - [TEST_STEP][PASSED] - click: Object: 'Object Repository/Final Object Repo/New Registration - Registration Module Pages/Third Screen - Upload Supporting Doc- Preview/Select to Upload Form 1' is clicked on

2018-12-07 15:49:27 - [MESSAGE][PASSED] - Object: 'Object Repository/Final Object Repo/New Registration - Registration Module Pages/Third Screen - Upload Supporting Doc- Preview/Select to Upload Form 1' is clicked on

2018-12-07 15:49:27 - [TEST_STEP][PASSED] - delay: Delayed 2 second(s)

2018-12-07 15:49:29 - [MESSAGE][PASSED] - Delayed 2 second(s)

2018-12-07 15:49:29 - [TEST_STEP][PASSED] - uploadFile: File 'C:\Users\Public\Pictures\Sample Pictures\Koala.jpg' sent to object: 'Object Repository/Final Object Repo/New Registration - Registration Module Pages/Third Screen - Upload Supporting Doc- Preview/Upload File Adding'

2018-12-07 15:49:29 - [MESSAGE][PASSED] - File 'C:\Users\Public\Pictures\Sample Pictures\Koala.jpg' sent to object: 'Object Repository/Final Object Repo/New Registration - Registration Module Pages/Third Screen - Upload Supporting Doc- Preview/Upload File Adding'

2018-12-07 15:49:29 - [TEST_STEP][PASSED] - delay: Delayed 5 second(s)

2018-12-07 15:49:34 - [MESSAGE][PASSED] - Delayed 5 second(s)

2018-12-07 15:49:34 - [TEST_STEP][PASSED] - click: Object: 'Object Repository/Final Object Repo/New Registration - Registration Module Pages/Third Screen - Upload Supporting Doc- Preview/Inner Form Add Document Button' is clicked on

2018-12-07 15:49:34 - [MESSAGE][PASSED] - Object: 'Object Repository/Final Object Repo/New Registration - Registration Module Pages/Third Screen - Upload Supporting Doc- Preview/Inner Form Add Document Button' is clicked on

2018-12-07 15:49:34 - [TEST_STEP][PASSED] - delay: Delayed 3 second(s)

2018-12-07 15:49:37 - [MESSAGE][PASSED] - Delayed 3 second(s)

2018-12-07 15:49:37 - [TEST_STEP][PASSED] - click: Object: 'Object Repository/Final Object Repo/New Registration - Registration Module Pages/Third Screen - Upload Supporting Doc- Preview/Add Document Button' is clicked on

2018-12-07 15:49:39 - [MESSAGE][PASSED] - Object: 'Object Repository/Final Object Repo/New Registration - Registration Module Pages/Third Screen - Upload Supporting Doc- Preview/Add Document Button' is clicked on

2018-12-07 15:49:39 - [TEST_STEP][PASSED] - delay: Delayed 30 second(s)

2018-12-07 15:50:09 - [MESSAGE][PASSED] - Delayed 30 second(s)

2018-12-07 15:50:09 - [TEST_STEP][PASSED] - click: Object: 'Object Repository/Final Object Repo/New Registration - Registration Module Pages/Third Screen - Upload Supporting Doc- Preview/Supporting Doc Please Select Drop Down' is clicked on

2018-12-07 15:50:09 - [MESSAGE][PASSED] - Object: 'Object Repository/Final Object Repo/New Registration - Registration Module Pages/Third Screen - Upload Supporting Doc- Preview/Supporting Doc Please Select Drop Down' is clicked on

2018-12-07 15:50:09 - [TEST_STEP][PASSED] - delay: Delayed 2 second(s)

2018-12-07 15:50:11 - [MESSAGE][PASSED] - Delayed 2 second(s)

2018-12-07 15:50:11 - [TEST_STEP][PASSED] - click: Object: 'Object Repository/Final Object Repo/New Registration - Registration Module Pages/Third Screen - Upload Supporting Doc- Preview/Select to Upload Form 2' is clicked on

2018-12-07 15:50:11 - [MESSAGE][PASSED] - Object: 'Object Repository/Final Object Repo/New Registration - Registration Module Pages/Third Screen - Upload Supporting Doc- Preview/Select to Upload Form 2' is clicked on

2018-12-07 15:50:11 - [TEST_STEP][PASSED] - delay: Delayed 2 second(s)

2018-12-07 15:50:13 - [MESSAGE][PASSED] - Delayed 2 second(s)

2018-12-07 15:50:13 - [TEST_STEP][PASSED] - uploadFile: File 'C:\Users\Public\Pictures\Sample Pictures\Koala.jpg' sent to object: 'Object Repository/Final Object Repo/New Registration - Registration Module Pages/Third Screen - Upload Supporting Doc- Preview/Upload File Adding'

2018-12-07 15:50:13 - [MESSAGE][PASSED] - File 'C:\Users\Public\Pictures\Sample Pictures\Koala.jpg' sent to object: 'Object Repository/Final Object Repo/New Registration - Registration Module Pages/Third Screen - Upload Supporting Doc- Preview/Upload File Adding'

2018-12-07 15:50:13 - [TEST_STEP][PASSED] - click: Object: 'Object Repository/Final Object Repo/New Registration - Registration Module Pages/Third Screen - Upload Supporting Doc- Preview/Inner Form Add Document Button' is clicked on

2018-12-07 15:50:13 - [MESSAGE][PASSED] - Object: 'Object Repository/Final Object Repo/New Registration - Registration Module Pages/Third Screen - Upload Supporting Doc- Preview/Inner Form Add Document Button' is clicked on

2018-12-07 15:50:13 - [TEST_STEP][PASSED] - delay: Delayed 5 second(s)

2018-12-07 15:50:18 - [MESSAGE][PASSED] - Delayed 5 second(s)

2018-12-07 15:50:18 - [TEST_STEP][PASSED] - click: Object: 'Object Repository/Final Object Repo/New Registration - Registration Module Pages/Third Screen - Upload Supporting Doc- Preview/Add Document Button' is clicked on

2018-12-07 15:50:19 - [MESSAGE][PASSED] - Object: 'Object Repository/Final Object Repo/New Registration - Registration Module Pages/Third Screen - Upload Supporting Doc- Preview/Add Document Button' is clicked on

2018-12-07 15:50:19 - [TEST_STEP][PASSED] - delay: Delayed 30 second(s)

2018-12-07 15:50:49 - [MESSAGE][PASSED] - Delayed 30 second(s)

2018-12-07 15:50:49 - [TEST_STEP][PASSED] - click: Object: 'Object Repository/Final Object Repo/New Registration - Registration Module Pages/Third Screen - Upload Supporting Doc- Preview/Supporting Doc Please Select Drop Down' is clicked on

2018-12-07 15:50:49 - [MESSAGE][PASSED] - Object: 'Object Repository/Final Object Repo/New Registration - Registration Module Pages/Third Screen - Upload Supporting Doc- Preview/Supporting Doc Please Select Drop Down' is clicked on

2018-12-07 15:50:49 - [TEST_STEP][PASSED] - click: Object: 'Object Repository/Final Object Repo/New Registration - Registration Module Pages/Third Screen - Upload Supporting Doc- Preview/Select to Upload Borang SIP 1' is clicked on

2018-12-07 15:50:49 - [MESSAGE][PASSED] - Object: 'Object Repository/Final Object Repo/New Registration - Registration Module Pages/Third Screen - Upload Supporting Doc- Preview/Select to Upload Borang SIP 1' is clicked on

2018-12-07 15:50:49 - [TEST_STEP][PASSED] - delay: Delayed 2 second(s)

2018-12-07 15:50:51 - [MESSAGE][PASSED] - Delayed 2 second(s)

2018-12-07 15:50:51 - [TEST_STEP][PASSED] - uploadFile: File 'C:\Users\Public\Pictures\Sample Pictures\Koala.jpg' sent to object: 'Object Repository/Final Object Repo/New Registration - Registration Module Pages/Third Screen - Upload Supporting Doc- Preview/Upload File Adding'

2018-12-07 15:50:51 - [MESSAGE][PASSED] - File 'C:\Users\Public\Pictures\Sample Pictures\Koala.jpg' sent to object: 'Object Repository/Final Object Repo/New Registration - Registration Module Pages/Third Screen - Upload Supporting Doc- Preview/Upload File Adding'

2018-12-07 15:50:51 - [TEST_STEP][PASSED] - click: Object: 'Object Repository/Final Object Repo/New Registration - Registration Module Pages/Third Screen - Upload Supporting Doc- Preview/Inner Form Add Document Button' is clicked on

2018-12-07 15:50:51 - [MESSAGE][PASSED] - Object: 'Object Repository/Final Object Repo/New Registration - Registration Module Pages/Third Screen - Upload Supporting Doc- Preview/Inner Form Add Document Button' is clicked on

2018-12-07 15:50:51 - [TEST_STEP][PASSED] - delay: Delayed 5 second(s)

2018-12-07 15:50:56 - [MESSAGE][PASSED] - Delayed 5 second(s)

2018-12-07 15:50:56 - [TEST_STEP][PASSED] - click: Object: 'Object Repository/Final Object Repo/New Registration - Registration Module Pages/Third Screen - Upload Supporting Doc- Preview/Add Document Button' is clicked on

2018-12-07 15:50:57 - [MESSAGE][PASSED] - Object: 'Object Repository/Final Object Repo/New Registration - Registration Module Pages/Third Screen - Upload Supporting Doc- Preview/Add Document Button' is clicked on

2018-12-07 15:50:57 - [TEST_STEP][PASSED] - delay: Delayed 30 second(s)

2018-12-07 15:51:27 - [MESSAGE][PASSED] - Delayed 30 second(s)

2018-12-07 15:51:27 - [TEST_STEP][PASSED] - click: Object: 'Object Repository/Final Object Repo/New Registration - Registration Module Pages/Third Screen - Upload Supporting Doc- Preview/Supporting Doc Please Select Drop Down' is clicked on

2018-12-07 15:51:27 - [MESSAGE][PASSED] - Object: 'Object Repository/Final Object Repo/New Registration - Registration Module Pages/Third Screen - Upload Supporting Doc- Preview/Supporting Doc Please Select Drop Down' is clicked on

2018-12-07 15:51:27 - [TEST_STEP][PASSED] - delay: Delayed 3 second(s)

2018-12-07 15:51:30 - [MESSAGE][PASSED] - Delayed 3 second(s)

2018-12-07 15:51:30 - [TEST_STEP][PASSED] - click: Object: 'Object Repository/Final Object Repo/New Registration - Registration Module Pages/Third Screen - Upload Supporting Doc- Preview/Select to Upload Borang SIP 2' is clicked on

2018-12-07 15:51:30 - [MESSAGE][PASSED] - Object: 'Object Repository/Final Object Repo/New Registration - Registration Module Pages/Third Screen - Upload Supporting Doc- Preview/Select to Upload Borang SIP 2' is clicked on

2018-12-07 15:51:30 - [TEST_STEP][PASSED] - delay: Delayed 2 second(s)

2018-12-07 15:51:32 - [MESSAGE][PASSED] - Delayed 2 second(s)

2018-12-07 15:51:32 - [TEST_STEP][PASSED] - uploadFile: File 'C:\Users\Public\Pictures\Sample Pictures\Koala.jpg' sent to object: 'Object Repository/Final Object Repo/New Registration - Registration Module Pages/Third Screen - Upload Supporting Doc- Preview/Upload File Adding'

2018-12-07 15:51:32 - [MESSAGE][PASSED] - File 'C:\Users\Public\Pictures\Sample Pictures\Koala.jpg' sent to object: 'Object Repository/Final Object Repo/New Registration - Registration Module Pages/Third Screen - Upload Supporting Doc- Preview/Upload File Adding'

2018-12-07 15:51:32 - [TEST_STEP][PASSED] - delay: Delayed 5 second(s)

2018-12-07 15:51:37 - [MESSAGE][PASSED] - Delayed 5 second(s)

2018-12-07 15:51:37 - [TEST_STEP][PASSED] - click: Object: 'Object Repository/Final Object Repo/New Registration - Registration Module Pages/Third Screen - Upload Supporting Doc- Preview/Inner Form Add Document Button' is clicked on

2018-12-07 15:51:37 - [MESSAGE][PASSED] - Object: 'Object Repository/Final Object Repo/New Registration - Registration Module Pages/Third Screen - Upload Supporting Doc- Preview/Inner Form Add Document Button' is clicked on

2018-12-07 15:51:37 - [TEST_STEP][PASSED] - delay: Delayed 3 second(s)

2018-12-07 15:51:40 - [MESSAGE][PASSED] - Delayed 3 second(s)

2018-12-07 15:51:40 - [TEST_STEP][PASSED] - waitForElementClickable: Object 'Object Repository/Final Object Repo/New Registration - Registration Module Pages/Third Screen - Upload Supporting Doc- Preview/Save n Continue in Uploading Supporting Doc Page' is clickable

2018-12-07 15:51:42 - [MESSAGE][PASSED] - Object 'Object Repository/Final Object Repo/New Registration - Registration Module Pages/Third Screen - Upload Supporting Doc- Preview/Save n Continue in Uploading Supporting Doc Page' is clickable

2018-12-07 15:51:42 - [TEST_STEP][PASSED] - click: Object: 'Object Repository/Final Object Repo/New Registration - Registration Module Pages/Third Screen - Upload Supporting Doc- Preview/Save n Continue in Uploading Supporting Doc Page' is clicked on

2018-12-07 15:51:42 - [MESSAGE][PASSED] - Object: 'Object Repository/Final Object Repo/New Registration - Registration Module Pages/Third Screen - Upload Supporting Doc- Preview/Save n Continue in Uploading Supporting Doc Page' is clicked on

2018-12-07 15:51:42 - [MESSAGE][PASSED] - Call Test Case 'Test Cases/Final Aug 2018 - PKS Automation/Registration Module/New Registration/Flow of New Registration/Third Screen - Upload Supporting Doc - Preview' successfully

2018-12-07 15:51:42 - [TEST_STEP][PASSED] - setText: Text 'Tester' is set on object 'Object Repository/Final Object Repo/New Registration - Registration Module Pages/New Reg - OTC to RO/Special Case - All Related Objects/Employer Preview Name'

2018-12-07 15:51:47 - [MESSAGE][PASSED] - Text 'Tester' is set on object 'Object Repository/Final Object Repo/New Registration - Registration Module Pages/New Reg - OTC to RO/Special Case - All Related Objects/Employer Preview Name'

2018-12-07 15:51:47 - [TEST_STEP][PASSED] - click: Object: 'Object Repository/Final Object Repo/New Registration - Registration Module Pages/New Reg - OTC to RO/Special Case - All Related Objects/IC Type Drop Down' is clicked on

2018-12-07 15:51:47 - [MESSAGE][PASSED] - Object: 'Object Repository/Final Object Repo/New Registration - Registration Module Pages/New Reg - OTC to RO/Special Case - All Related Objects/IC Type Drop Down' is clicked on

2018-12-07 15:51:47 - [TEST_STEP][PASSED] - click: Object: 'Object Repository/Final Object Repo/New Registration - Registration Module Pages/New Reg - OTC to RO/Special Case - All Related Objects/Select to NRIC' is clicked on

2018-12-07 15:51:47 - [MESSAGE][PASSED] - Object: 'Object Repository/Final Object Repo/New Registration - Registration Module Pages/New Reg - OTC to RO/Special Case - All Related Objects/Select to NRIC' is clicked on

2018-12-07 15:51:47 - [TEST_STEP][PASSED] - setText: Text '133245561223' is set on object 'Object Repository/Final Object Repo/New Registration - Registration Module Pages/New Reg - OTC to RO/Special Case - All Related Objects/IC Value'

2018-12-07 15:51:48 - [MESSAGE][PASSED] - Text '133245561223' is set on object 'Object Repository/Final Object Repo/New Registration - Registration Module Pages/New Reg - OTC to RO/Special Case - All Related Objects/IC Value'

2018-12-07 15:51:48 - [TEST_STEP][PASSED] - setText: Text 'Auto' is set on object 'Object Repository/Final Object Repo/New Registration - Registration Module Pages/New Reg - OTC to RO/Special Case - All Related Objects/Designation'

2018-12-07 15:51:48 - [MESSAGE][PASSED] - Text 'Auto' is set on object 'Object Repository/Final Object Repo/New Registration - Registration Module Pages/New Reg - OTC to RO/Special Case - All Related Objects/Designation'

2018-12-07 15:51:48 - [TEST_STEP][PASSED] - callTestCase: Call Test Case 'Test Cases/Final Aug 2018 - PKS Automation/Registration Module/New Registration/Submit and Screenshot/Submit Registration and Screenshot - Copy' successfully

2018-12-07 15:51:48 - [TEST_CASE][PASSED] - Test Cases/Final Aug 2018 - PKS Automation/Registration Module/New Registration/Submit and Screenshot/Submit Registration and Screenshot - Copy: Test Cases/Final Aug 2018 - PKS Automation/Registration Module/New Registration/Submit and Screenshot/Submit Registration and Screenshot - Copy

2018-12-07 15:51:48 - [TEST_STEP][PASSED] - delay: Delayed 6 second(s)

2018-12-07 15:51:54 - [MESSAGE][PASSED] - Delayed 6 second(s)

2018-12-07 15:51:54 - [TEST_STEP][PASSED] - click: Object: 'Object Repository/Final Object Repo/New Registration - Registration Module Pages/Third Screen - Upload Supporting Doc- Preview/Preview Submit Button' is clicked on

2018-12-07 15:51:54 - [MESSAGE][PASSED] - Object: 'Object Repository/Final Object Repo/New Registration - Registration Module Pages/Third Screen - Upload Supporting Doc- Preview/Preview Submit Button' is clicked on

2018-12-07 15:51:54 - [TEST_STEP][PASSED] - delay: Delayed 2 second(s)

2018-12-07 15:51:56 - [MESSAGE][PASSED] - Delayed 2 second(s)

2018-12-07 15:51:56 - [TEST_STEP][PASSED] - click: Object: 'Object Repository/Final Object Repo/New Registration - Registration Module Pages/Third Screen - Upload Supporting Doc- Preview/Preview Submit - Confirm' is clicked on

2018-12-07 15:51:56 - [MESSAGE][PASSED] - Object: 'Object Repository/Final Object Repo/New Registration - Registration Module Pages/Third Screen - Upload Supporting Doc- Preview/Preview Submit - Confirm' is clicked on

2018-12-07 15:51:56 - [TEST_STEP][PASSED] - delay: Delayed 15 second(s)

2018-12-07 15:52:11 - [MESSAGE][PASSED] - Delayed 15 second(s)

2018-12-07 15:52:11 - [TEST_STEP][PASSED] - Statement - driver = com.kms.katalon.core.webui.driver.DriverFactory.getWebDriver(): null

2018-12-07 15:52:11 - [TEST_STEP][PASSED] - Statement - driver.manage().timeouts().implicitlyWait(10, SECONDS): null

2018-12-07 15:52:11 - [TEST_STEP][PASSED] - Statement - PresavePath = KatalonScreenshots: null

2018-12-07 15:52:11 - [TEST_STEP][PASSED] - Statement - pathPrefix = "C:\Users\Public\Pictures\Sample Pictures\Katalon Screenshots\Automate Ending Screen": null

2018-12-07 15:52:11 - [TEST_STEP][PASSED] - Statement - finalPath = <not implemented yet for class: org.codehaus.groovy.ast.expr.EmptyExpression>: null

2018-12-07 15:52:11 - [TEST_STEP][PASSED] - Statement - scrFile = driver.getScreenshotAs(FILE): null

2018-12-07 15:52:14 - [TEST_STEP][PASSED] - Statement - PreSaveFile = new java.io.File(PresavePath): null

2018-12-07 15:52:14 - [TEST_STEP][PASSED] - Statement - counter = 0: null

2018-12-07 15:52:14 - [TEST_STEP][PASSED] - Statement - If (PreSaveFile.exists()): null

2018-12-07 15:52:14 - [TEST_STEP][PASSED] - Statement - While (PreSaveFile.exists()): null

2018-12-07 15:52:14 - [TEST_STEP][PASSED] - Statement - counter = counter + 1: null

2018-12-07 15:52:14 - [TEST_STEP][PASSED] - Statement - PreSaveFile = new java.io.File(((pathPrefix + java.lang.Integer.toString(counter)) + .png)): null

2018-12-07 15:52:14 - [TEST_STEP][PASSED] - Statement - counter = counter + 1: null

2018-12-07 15:52:14 - [TEST_STEP][PASSED] - Statement - PreSaveFile = new java.io.File(((pathPrefix + java.lang.Integer.toString(counter)) + .png)): null

2018-12-07 15:52:14 - [TEST_STEP][PASSED] - Statement - counter = counter + 1: null

2018-12-07 15:52:14 - [TEST_STEP][PASSED] - Statement - PreSaveFile = new java.io.File(((pathPrefix + java.lang.Integer.toString(counter)) + .png)): null

2018-12-07 15:52:14 - [TEST_STEP][PASSED] - Statement - counter = counter + 1: null

2018-12-07 15:52:14 - [TEST_STEP][PASSED] - Statement - PreSaveFile = new java.io.File(((pathPrefix + java.lang.Integer.toString(counter)) + .png)): null

2018-12-07 15:52:14 - [TEST_STEP][PASSED] - Statement - counter = counter + 1: null

2018-12-07 15:52:14 - [TEST_STEP][PASSED] - Statement - PreSaveFile = new java.io.File(((pathPrefix + java.lang.Integer.toString(counter)) + .png)): null

2018-12-07 15:52:14 - [TEST_STEP][PASSED] - Statement - counter = counter + 1: null

2018-12-07 15:52:14 - [TEST_STEP][PASSED] - Statement - PreSaveFile = new java.io.File(((pathPrefix + java.lang.Integer.toString(counter)) + .png)): null

2018-12-07 15:52:14 - [TEST_STEP][PASSED] - Statement - counter = counter + 1: null

2018-12-07 15:52:14 - [TEST_STEP][PASSED] - Statement - PreSaveFile = new java.io.File(((pathPrefix + java.lang.Integer.toString(counter)) + .png)): null

2018-12-07 15:52:14 - [TEST_STEP][PASSED] - Statement - counter = counter + 1: null

2018-12-07 15:52:14 - [TEST_STEP][PASSED] - Statement - PreSaveFile = new java.io.File(((pathPrefix + java.lang.Integer.toString(counter)) + .png)): null

2018-12-07 15:52:14 - [TEST_STEP][PASSED] - Statement - counter = counter + 1: null

2018-12-07 15:52:14 - [TEST_STEP][PASSED] - Statement - PreSaveFile = new java.io.File(((pathPrefix + java.lang.Integer.toString(counter)) + .png)): null

2018-12-07 15:52:14 - [TEST_STEP][PASSED] - Statement - counter = counter + 1: null

2018-12-07 15:52:14 - [TEST_STEP][PASSED] - Statement - PreSaveFile = new java.io.File(((pathPrefix + java.lang.Integer.toString(counter)) + .png)): null

2018-12-07 15:52:14 - [TEST_STEP][PASSED] - Statement - counter = counter + 1: null

2018-12-07 15:52:14 - [TEST_STEP][PASSED] - Statement - PreSaveFile = new java.io.File(((pathPrefix + java.lang.Integer.toString(counter)) + .png)): null

2018-12-07 15:52:14 - [TEST_STEP][PASSED] - Statement - counter = counter + 1: null

2018-12-07 15:52:14 - [TEST_STEP][PASSED] - Statement - PreSaveFile = new java.io.File(((pathPrefix + java.lang.Integer.toString(counter)) + .png)): null

2018-12-07 15:52:14 - [TEST_STEP][PASSED] - Statement - counter = counter + 1: null

2018-12-07 15:52:14 - [TEST_STEP][PASSED] - Statement - PreSaveFile = new java.io.File(((pathPrefix + java.lang.Integer.toString(counter)) + .png)): null

2018-12-07 15:52:14 - [TEST_STEP][PASSED] - Statement - counter = counter + 1: null

2018-12-07 15:52:14 - [TEST_STEP][PASSED] - Statement - PreSaveFile = new java.io.File(((pathPrefix + java.lang.Integer.toString(counter)) + .png)): null

2018-12-07 15:52:14 - [TEST_STEP][PASSED] - Statement - counter = counter + 1: null

2018-12-07 15:52:14 - [TEST_STEP][PASSED] - Statement - PreSaveFile = new java.io.File(((pathPrefix + java.lang.Integer.toString(counter)) + .png)): null

2018-12-07 15:52:14 - [TEST_STEP][PASSED] - Statement - counter = counter + 1: null

2018-12-07 15:52:14 - [TEST_STEP][PASSED] - Statement - PreSaveFile = new java.io.File(((pathPrefix + java.lang.Integer.toString(counter)) + .png)): null

2018-12-07 15:52:14 - [TEST_STEP][PASSED] - Statement - counter = counter + 1: null

2018-12-07 15:52:14 - [TEST_STEP][PASSED] - Statement - PreSaveFile = new java.io.File(((pathPrefix + java.lang.Integer.toString(counter)) + .png)): null

2018-12-07 15:52:14 - [TEST_STEP][PASSED] - Statement - counter = counter + 1: null

2018-12-07 15:52:14 - [TEST_STEP][PASSED] - Statement - PreSaveFile = new java.io.File(((pathPrefix + java.lang.Integer.toString(counter)) + .png)): null

2018-12-07 15:52:15 - [TEST_STEP][PASSED] - Statement - counter = counter + 1: null

2018-12-07 15:52:15 - [TEST_STEP][PASSED] - Statement - PreSaveFile = new java.io.File(((pathPrefix + java.lang.Integer.toString(counter)) + .png)): null

2018-12-07 15:52:15 - [TEST_STEP][PASSED] - Statement - counter = counter + 1: null

2018-12-07 15:52:15 - [TEST_STEP][PASSED] - Statement - PreSaveFile = new java.io.File(((pathPrefix + java.lang.Integer.toString(counter)) + .png)): null

2018-12-07 15:52:15 - [TEST_STEP][PASSED] - Statement - counter = counter + 1: null

2018-12-07 15:52:15 - [TEST_STEP][PASSED] - Statement - PreSaveFile = new java.io.File(((pathPrefix + java.lang.Integer.toString(counter)) + .png)): null

2018-12-07 15:52:15 - [TEST_STEP][PASSED] - Statement - counter = counter + 1: null

2018-12-07 15:52:15 - [TEST_STEP][PASSED] - Statement - PreSaveFile = new java.io.File(((pathPrefix + java.lang.Integer.toString(counter)) + .png)): null

2018-12-07 15:52:15 - [TEST_STEP][PASSED] - Statement - counter = counter + 1: null

2018-12-07 15:52:15 - [TEST_STEP][PASSED] - Statement - PreSaveFile = new java.io.File(((pathPrefix + java.lang.Integer.toString(counter)) + .png)): null

2018-12-07 15:52:15 - [TEST_STEP][PASSED] - Statement - counter = counter + 1: null

2018-12-07 15:52:15 - [TEST_STEP][PASSED] - Statement - PreSaveFile = new java.io.File(((pathPrefix + java.lang.Integer.toString(counter)) + .png)): null

2018-12-07 15:52:15 - [TEST_STEP][PASSED] - Statement - counter = counter + 1: null

2018-12-07 15:52:15 - [TEST_STEP][PASSED] - Statement - PreSaveFile = new java.io.File(((pathPrefix + java.lang.Integer.toString(counter)) + .png)): null

2018-12-07 15:52:15 - [TEST_STEP][PASSED] - Statement - counter = counter + 1: null

2018-12-07 15:52:15 - [TEST_STEP][PASSED] - Statement - PreSaveFile = new java.io.File(((pathPrefix + java.lang.Integer.toString(counter)) + .png)): null

2018-12-07 15:52:15 - [TEST_STEP][PASSED] - Statement - counter = counter + 1: null

2018-12-07 15:52:15 - [TEST_STEP][PASSED] - Statement - PreSaveFile = new java.io.File(((pathPrefix + java.lang.Integer.toString(counter)) + .png)): null

2018-12-07 15:52:15 - [TEST_STEP][PASSED] - Statement - counter = counter + 1: null

2018-12-07 15:52:15 - [TEST_STEP][PASSED] - Statement - PreSaveFile = new java.io.File(((pathPrefix + java.lang.Integer.toString(counter)) + .png)): null

2018-12-07 15:52:15 - [TEST_STEP][PASSED] - Statement - counter = counter + 1: null

2018-12-07 15:52:15 - [TEST_STEP][PASSED] - Statement - PreSaveFile = new java.io.File(((pathPrefix + java.lang.Integer.toString(counter)) + .png)): null

2018-12-07 15:52:15 - [TEST_STEP][PASSED] - Statement - counter = counter + 1: null

2018-12-07 15:52:15 - [TEST_STEP][PASSED] - Statement - PreSaveFile = new java.io.File(((pathPrefix + java.lang.Integer.toString(counter)) + .png)): null

2018-12-07 15:52:15 - [TEST_STEP][PASSED] - Statement - counter = counter + 1: null

2018-12-07 15:52:15 - [TEST_STEP][PASSED] - Statement - PreSaveFile = new java.io.File(((pathPrefix + java.lang.Integer.toString(counter)) + .png)): null

2018-12-07 15:52:15 - [TEST_STEP][PASSED] - Statement - counter = counter + 1: null

2018-12-07 15:52:15 - [TEST_STEP][PASSED] - Statement - PreSaveFile = new java.io.File(((pathPrefix + java.lang.Integer.toString(counter)) + .png)): null

2018-12-07 15:52:15 - [TEST_STEP][PASSED] - Statement - counter = counter + 1: null

2018-12-07 15:52:15 - [TEST_STEP][PASSED] - Statement - PreSaveFile = new java.io.File(((pathPrefix + java.lang.Integer.toString(counter)) + .png)): null

2018-12-07 15:52:16 - [TEST_STEP][PASSED] - Statement - counter = counter + 1: null

2018-12-07 15:52:16 - [TEST_STEP][PASSED] - Statement - PreSaveFile = new java.io.File(((pathPrefix + java.lang.Integer.toString(counter)) + .png)): null

2018-12-07 15:52:16 - [TEST_STEP][PASSED] - Statement - counter = counter + 1: null

2018-12-07 15:52:16 - [TEST_STEP][PASSED] - Statement - PreSaveFile = new java.io.File(((pathPrefix + java.lang.Integer.toString(counter)) + .png)): null

2018-12-07 15:52:16 - [TEST_STEP][PASSED] - Statement - counter = counter + 1: null

2018-12-07 15:52:16 - [TEST_STEP][PASSED] - Statement - PreSaveFile = new java.io.File(((pathPrefix + java.lang.Integer.toString(counter)) + .png)): null

2018-12-07 15:52:16 - [TEST_STEP][PASSED] - Statement - counter = counter + 1: null

2018-12-07 15:52:16 - [TEST_STEP][PASSED] - Statement - PreSaveFile = new java.io.File(((pathPrefix + java.lang.Integer.toString(counter)) + .png)): null

2018-12-07 15:52:16 - [TEST_STEP][PASSED] - Statement - counter = counter + 1: null

2018-12-07 15:52:16 - [TEST_STEP][PASSED] - Statement - PreSaveFile = new java.io.File(((pathPrefix + java.lang.Integer.toString(counter)) + .png)): null

2018-12-07 15:52:16 - [TEST_STEP][PASSED] - Statement - counter = counter + 1: null

2018-12-07 15:52:16 - [TEST_STEP][PASSED] - Statement - PreSaveFile = new java.io.File(((pathPrefix + java.lang.Integer.toString(counter)) + .png)): null

2018-12-07 15:52:16 - [TEST_STEP][PASSED] - Statement - counter = counter + 1: null

2018-12-07 15:52:16 - [TEST_STEP][PASSED] - Statement - PreSaveFile = new java.io.File(((pathPrefix + java.lang.Integer.toString(counter)) + .png)): null

2018-12-07 15:52:16 - [TEST_STEP][PASSED] - Statement - counter = counter + 1: null

2018-12-07 15:52:16 - [TEST_STEP][PASSED] - Statement - PreSaveFile = new java.io.File(((pathPrefix + java.lang.Integer.toString(counter)) + .png)): null

2018-12-07 15:52:16 - [TEST_STEP][PASSED] - Statement - counter = counter + 1: null

2018-12-07 15:52:16 - [TEST_STEP][PASSED] - Statement - PreSaveFile = new java.io.File(((pathPrefix + java.lang.Integer.toString(counter)) + .png)): null

2018-12-07 15:52:16 - [TEST_STEP][PASSED] - Statement - counter = counter + 1: null

2018-12-07 15:52:16 - [TEST_STEP][PASSED] - Statement - PreSaveFile = new java.io.File(((pathPrefix + java.lang.Integer.toString(counter)) + .png)): null

2018-12-07 15:52:16 - [TEST_STEP][PASSED] - Statement - counter = counter + 1: null

2018-12-07 15:52:16 - [TEST_STEP][PASSED] - Statement - PreSaveFile = new java.io.File(((pathPrefix + java.lang.Integer.toString(counter)) + .png)): null

2018-12-07 15:52:16 - [TEST_STEP][PASSED] - Statement - counter = counter + 1: null

2018-12-07 15:52:16 - [TEST_STEP][PASSED] - Statement - PreSaveFile = new java.io.File(((pathPrefix + java.lang.Integer.toString(counter)) + .png)): null

2018-12-07 15:52:16 - [TEST_STEP][PASSED] - Statement - counter = counter + 1: null

2018-12-07 15:52:16 - [TEST_STEP][PASSED] - Statement - PreSaveFile = new java.io.File(((pathPrefix + java.lang.Integer.toString(counter)) + .png)): null

2018-12-07 15:52:16 - [TEST_STEP][PASSED] - Statement - counter = counter + 1: null

2018-12-07 15:52:16 - [TEST_STEP][PASSED] - Statement - PreSaveFile = new java.io.File(((pathPrefix + java.lang.Integer.toString(counter)) + .png)): null

2018-12-07 15:52:16 - [TEST_STEP][PASSED] - Statement - counter = counter + 1: null

2018-12-07 15:52:16 - [TEST_STEP][PASSED] - Statement - PreSaveFile = new java.io.File(((pathPrefix + java.lang.Integer.toString(counter)) + .png)): null

2018-12-07 15:52:16 - [TEST_STEP][PASSED] - Statement - counter = counter + 1: null

2018-12-07 15:52:16 - [TEST_STEP][PASSED] - Statement - PreSaveFile = new java.io.File(((pathPrefix + java.lang.Integer.toString(counter)) + .png)): null

2018-12-07 15:52:16 - [TEST_STEP][PASSED] - Statement - counter = counter + 1: null

2018-12-07 15:52:16 - [TEST_STEP][PASSED] - Statement - PreSaveFile = new java.io.File(((pathPrefix + java.lang.Integer.toString(counter)) + .png)): null

2018-12-07 15:52:16 - [TEST_STEP][PASSED] - Statement - counter = counter + 1: null

2018-12-07 15:52:16 - [TEST_STEP][PASSED] - Statement - PreSaveFile = new java.io.File(((pathPrefix + java.lang.Integer.toString(counter)) + .png)): null

2018-12-07 15:52:16 - [TEST_STEP][PASSED] - Statement - counter = counter + 1: null

2018-12-07 15:52:16 - [TEST_STEP][PASSED] - Statement - PreSaveFile = new java.io.File(((pathPrefix + java.lang.Integer.toString(counter)) + .png)): null

2018-12-07 15:52:16 - [TEST_STEP][PASSED] - Statement - counter = counter + 1: null

2018-12-07 15:52:16 - [TEST_STEP][PASSED] - Statement - PreSaveFile = new java.io.File(((pathPrefix + java.lang.Integer.toString(counter)) + .png)): null

2018-12-07 15:52:16 - [TEST_STEP][PASSED] - Statement - counter = counter + 1: null

2018-12-07 15:52:16 - [TEST_STEP][PASSED] - Statement - PreSaveFile = new java.io.File(((pathPrefix + java.lang.Integer.toString(counter)) + .png)): null

2018-12-07 15:52:16 - [TEST_STEP][PASSED] - Statement - counter = counter + 1: null

2018-12-07 15:52:16 - [TEST_STEP][PASSED] - Statement - PreSaveFile = new java.io.File(((pathPrefix + java.lang.Integer.toString(counter)) + .png)): null

2018-12-07 15:52:16 - [TEST_STEP][PASSED] - Statement - counter = counter + 1: null

2018-12-07 15:52:16 - [TEST_STEP][PASSED] - Statement - PreSaveFile = new java.io.File(((pathPrefix + java.lang.Integer.toString(counter)) + .png)): null

2018-12-07 15:52:16 - [TEST_STEP][PASSED] - Statement - counter = counter + 1: null

2018-12-07 15:52:17 - [TEST_STEP][PASSED] - Statement - PreSaveFile = new java.io.File(((pathPrefix + java.lang.Integer.toString(counter)) + .png)): null

2018-12-07 15:52:17 - [TEST_STEP][PASSED] - Statement - counter = counter + 1: null

2018-12-07 15:52:17 - [TEST_STEP][PASSED] - Statement - PreSaveFile = new java.io.File(((pathPrefix + java.lang.Integer.toString(counter)) + .png)): null

2018-12-07 15:52:17 - [TEST_STEP][PASSED] - Statement - counter = counter + 1: null

2018-12-07 15:52:17 - [TEST_STEP][PASSED] - Statement - PreSaveFile = new java.io.File(((pathPrefix + java.lang.Integer.toString(counter)) + .png)): null

2018-12-07 15:52:17 - [TEST_STEP][PASSED] - Statement - counter = counter + 1: null

2018-12-07 15:52:17 - [TEST_STEP][PASSED] - Statement - PreSaveFile = new java.io.File(((pathPrefix + java.lang.Integer.toString(counter)) + .png)): null

2018-12-07 15:52:17 - [TEST_STEP][PASSED] - Statement - counter = counter + 1: null

2018-12-07 15:52:17 - [TEST_STEP][PASSED] - Statement - PreSaveFile = new java.io.File(((pathPrefix + java.lang.Integer.toString(counter)) + .png)): null

2018-12-07 15:52:17 - [TEST_STEP][PASSED] - Statement - counter = counter + 1: null

2018-12-07 15:52:17 - [TEST_STEP][PASSED] - Statement - PreSaveFile = new java.io.File(((pathPrefix + java.lang.Integer.toString(counter)) + .png)): null

2018-12-07 15:52:17 - [TEST_STEP][PASSED] - Statement - counter = counter + 1: null

2018-12-07 15:52:17 - [TEST_STEP][PASSED] - Statement - PreSaveFile = new java.io.File(((pathPrefix + java.lang.Integer.toString(counter)) + .png)): null

2018-12-07 15:52:17 - [TEST_STEP][PASSED] - Statement - counter = counter + 1: null

2018-12-07 15:52:17 - [TEST_STEP][PASSED] - Statement - PreSaveFile = new java.io.File(((pathPrefix + java.lang.Integer.toString(counter)) + .png)): null

2018-12-07 15:52:17 - [TEST_STEP][PASSED] - Statement - counter = counter + 1: null

2018-12-07 15:52:17 - [TEST_STEP][PASSED] - Statement - PreSaveFile = new java.io.File(((pathPrefix + java.lang.Integer.toString(counter)) + .png)): null

2018-12-07 15:52:17 - [TEST_STEP][PASSED] - Statement - counter = counter + 1: null

2018-12-07 15:52:17 - [TEST_STEP][PASSED] - Statement - PreSaveFile = new java.io.File(((pathPrefix + java.lang.Integer.toString(counter)) + .png)): null

2018-12-07 15:52:17 - [TEST_STEP][PASSED] - Statement - counter = counter + 1: null

2018-12-07 15:52:17 - [TEST_STEP][PASSED] - Statement - PreSaveFile = new java.io.File(((pathPrefix + java.lang.Integer.toString(counter)) + .png)): null

2018-12-07 15:52:17 - [TEST_STEP][PASSED] - Statement - counter = counter + 1: null

2018-12-07 15:52:17 - [TEST_STEP][PASSED] - Statement - PreSaveFile = new java.io.File(((pathPrefix + java.lang.Integer.toString(counter)) + .png)): null

2018-12-07 15:52:17 - [TEST_STEP][PASSED] - Statement - counter = counter + 1: null

2018-12-07 15:52:17 - [TEST_STEP][PASSED] - Statement - PreSaveFile = new java.io.File(((pathPrefix + java.lang.Integer.toString(counter)) + .png)): null

2018-12-07 15:52:17 - [TEST_STEP][PASSED] - Statement - counter = counter + 1: null

2018-12-07 15:52:17 - [TEST_STEP][PASSED] - Statement - PreSaveFile = new java.io.File(((pathPrefix + java.lang.Integer.toString(counter)) + .png)): null

2018-12-07 15:52:17 - [TEST_STEP][PASSED] - Statement - counter = counter + 1: null

2018-12-07 15:52:18 - [TEST_STEP][PASSED] - Statement - PreSaveFile = new java.io.File(((pathPrefix + java.lang.Integer.toString(counter)) + .png)): null

2018-12-07 15:52:18 - [TEST_STEP][PASSED] - Statement - counter = counter + 1: null

2018-12-07 15:52:18 - [TEST_STEP][PASSED] - Statement - PreSaveFile = new java.io.File(((pathPrefix + java.lang.Integer.toString(counter)) + .png)): null

2018-12-07 15:52:18 - [TEST_STEP][PASSED] - Statement - counter = counter + 1: null

2018-12-07 15:52:18 - [TEST_STEP][PASSED] - Statement - PreSaveFile = new java.io.File(((pathPrefix + java.lang.Integer.toString(counter)) + .png)): null

2018-12-07 15:52:18 - [TEST_STEP][PASSED] - Statement - counter = counter + 1: null

2018-12-07 15:52:18 - [TEST_STEP][PASSED] - Statement - PreSaveFile = new java.io.File(((pathPrefix + java.lang.Integer.toString(counter)) + .png)): null

2018-12-07 15:52:18 - [TEST_STEP][PASSED] - Statement - counter = counter + 1: null

2018-12-07 15:52:18 - [TEST_STEP][PASSED] - Statement - PreSaveFile = new java.io.File(((pathPrefix + java.lang.Integer.toString(counter)) + .png)): null

2018-12-07 15:52:18 - [TEST_STEP][PASSED] - Statement - counter = counter + 1: null

2018-12-07 15:52:18 - [TEST_STEP][PASSED] - Statement - PreSaveFile = new java.io.File(((pathPrefix + java.lang.Integer.toString(counter)) + .png)): null

2018-12-07 15:52:18 - [TEST_STEP][PASSED] - Statement - counter = counter + 1: null

2018-12-07 15:52:18 - [TEST_STEP][PASSED] - Statement - PreSaveFile = new java.io.File(((pathPrefix + java.lang.Integer.toString(counter)) + .png)): null

2018-12-07 15:52:18 - [TEST_STEP][PASSED] - Statement - counter = counter + 1: null

2018-12-07 15:52:18 - [TEST_STEP][PASSED] - Statement - PreSaveFile = new java.io.File(((pathPrefix + java.lang.Integer.toString(counter)) + .png)): null

2018-12-07 15:52:18 - [TEST_STEP][PASSED] - Statement - counter = counter + 1: null

2018-12-07 15:52:18 - [TEST_STEP][PASSED] - Statement - PreSaveFile = new java.io.File(((pathPrefix + java.lang.Integer.toString(counter)) + .png)): null

2018-12-07 15:52:18 - [TEST_STEP][PASSED] - Statement - counter = counter + 1: null

2018-12-07 15:52:18 - [TEST_STEP][PASSED] - Statement - PreSaveFile = new java.io.File(((pathPrefix + java.lang.Integer.toString(counter)) + .png)): null

2018-12-07 15:52:18 - [TEST_STEP][PASSED] - Statement - counter = counter + 1: null

2018-12-07 15:52:18 - [TEST_STEP][PASSED] - Statement - PreSaveFile = new java.io.File(((pathPrefix + java.lang.Integer.toString(counter)) + .png)): null

2018-12-07 15:52:18 - [TEST_STEP][PASSED] - Statement - counter = counter + 1: null

2018-12-07 15:52:18 - [TEST_STEP][PASSED] - Statement - PreSaveFile = new java.io.File(((pathPrefix + java.lang.Integer.toString(counter)) + .png)): null

2018-12-07 15:52:18 - [TEST_STEP][PASSED] - Statement - counter = counter + 1: null

2018-12-07 15:52:18 - [TEST_STEP][PASSED] - Statement - PreSaveFile = new java.io.File(((pathPrefix + java.lang.Integer.toString(counter)) + .png)): null

2018-12-07 15:52:18 - [TEST_STEP][PASSED] - Statement - counter = counter + 1: null

2018-12-07 15:52:18 - [TEST_STEP][PASSED] - Statement - PreSaveFile = new java.io.File(((pathPrefix + java.lang.Integer.toString(counter)) + .png)): null

2018-12-07 15:52:18 - [TEST_STEP][PASSED] - Statement - counter = counter + 1: null

2018-12-07 15:52:18 - [TEST_STEP][PASSED] - Statement - PreSaveFile = new java.io.File(((pathPrefix + java.lang.Integer.toString(counter)) + .png)): null

2018-12-07 15:52:18 - [TEST_STEP][PASSED] - Statement - counter = counter + 1: null

2018-12-07 15:52:19 - [TEST_STEP][PASSED] - Statement - PreSaveFile = new java.io.File(((pathPrefix + java.lang.Integer.toString(counter)) + .png)): null

2018-12-07 15:52:19 - [TEST_STEP][PASSED] - Statement - counter = counter + 1: null

2018-12-07 15:52:19 - [TEST_STEP][PASSED] - Statement - PreSaveFile = new java.io.File(((pathPrefix + java.lang.Integer.toString(counter)) + .png)): null

2018-12-07 15:52:19 - [TEST_STEP][PASSED] - Statement - counter = counter + 1: null

2018-12-07 15:52:19 - [TEST_STEP][PASSED] - Statement - PreSaveFile = new java.io.File(((pathPrefix + java.lang.Integer.toString(counter)) + .png)): null

2018-12-07 15:52:19 - [TEST_STEP][PASSED] - Statement - counter = counter + 1: null

2018-12-07 15:52:19 - [TEST_STEP][PASSED] - Statement - PreSaveFile = new java.io.File(((pathPrefix + java.lang.Integer.toString(counter)) + .png)): null

2018-12-07 15:52:19 - [TEST_STEP][PASSED] - Statement - counter = counter + 1: null

2018-12-07 15:52:19 - [TEST_STEP][PASSED] - Statement - PreSaveFile = new java.io.File(((pathPrefix + java.lang.Integer.toString(counter)) + .png)): null

2018-12-07 15:52:19 - [TEST_STEP][PASSED] - Statement - counter = counter + 1: null

2018-12-07 15:52:19 - [TEST_STEP][PASSED] - Statement - PreSaveFile = new java.io.File(((pathPrefix + java.lang.Integer.toString(counter)) + .png)): null

2018-12-07 15:52:19 - [TEST_STEP][PASSED] - Statement - counter = counter + 1: null

2018-12-07 15:52:19 - [TEST_STEP][PASSED] - Statement - PreSaveFile = new java.io.File(((pathPrefix + java.lang.Integer.toString(counter)) + .png)): null

2018-12-07 15:52:19 - [TEST_STEP][PASSED] - Statement - counter = counter + 1: null

2018-12-07 15:52:19 - [TEST_STEP][PASSED] - Statement - PreSaveFile = new java.io.File(((pathPrefix + java.lang.Integer.toString(counter)) + .png)): null

2018-12-07 15:52:19 - [TEST_STEP][PASSED] - Statement - counter = counter + 1: null

2018-12-07 15:52:19 - [TEST_STEP][PASSED] - Statement - PreSaveFile = new java.io.File(((pathPrefix + java.lang.Integer.toString(counter)) + .png)): null

2018-12-07 15:52:19 - [TEST_STEP][PASSED] - Statement - counter = counter + 1: null

2018-12-07 15:52:19 - [TEST_STEP][PASSED] - Statement - PreSaveFile = new java.io.File(((pathPrefix + java.lang.Integer.toString(counter)) + .png)): null

2018-12-07 15:52:19 - [TEST_STEP][PASSED] - Statement - counter = counter + 1: null

2018-12-07 15:52:19 - [TEST_STEP][PASSED] - Statement - PreSaveFile = new java.io.File(((pathPrefix + java.lang.Integer.toString(counter)) + .png)): null

2018-12-07 15:52:19 - [TEST_STEP][PASSED] - Statement - counter = counter + 1: null

2018-12-07 15:52:19 - [TEST_STEP][PASSED] - Statement - PreSaveFile = new java.io.File(((pathPrefix + java.lang.Integer.toString(counter)) + .png)): null

2018-12-07 15:52:19 - [TEST_STEP][PASSED] - Statement - counter = counter + 1: null

2018-12-07 15:52:19 - [TEST_STEP][PASSED] - Statement - PreSaveFile = new java.io.File(((pathPrefix + java.lang.Integer.toString(counter)) + .png)): null

2018-12-07 15:52:19 - [TEST_STEP][PASSED] - Statement - counter = counter + 1: null

2018-12-07 15:52:19 - [TEST_STEP][PASSED] - Statement - PreSaveFile = new java.io.File(((pathPrefix + java.lang.Integer.toString(counter)) + .png)): null

2018-12-07 15:52:19 - [TEST_STEP][PASSED] - Statement - counter = counter + 1: null

2018-12-07 15:52:20 - [TEST_STEP][PASSED] - Statement - PreSaveFile = new java.io.File(((pathPrefix + java.lang.Integer.toString(counter)) + .png)): null

2018-12-07 15:52:20 - [TEST_STEP][PASSED] - Statement - counter = counter + 1: null

2018-12-07 15:52:20 - [TEST_STEP][PASSED] - Statement - PreSaveFile = new java.io.File(((pathPrefix + java.lang.Integer.toString(counter)) + .png)): null

2018-12-07 15:52:20 - [TEST_STEP][PASSED] - Statement - counter = counter + 1: null

2018-12-07 15:52:20 - [TEST_STEP][PASSED] - Statement - PreSaveFile = new java.io.File(((pathPrefix + java.lang.Integer.toString(counter)) + .png)): null

2018-12-07 15:52:20 - [TEST_STEP][PASSED] - Statement - counter = counter + 1: null

2018-12-07 15:52:20 - [TEST_STEP][PASSED] - Statement - PreSaveFile = new java.io.File(((pathPrefix + java.lang.Integer.toString(counter)) + .png)): null

2018-12-07 15:52:20 - [TEST_STEP][PASSED] - Statement - counter = counter + 1: null

2018-12-07 15:52:20 - [TEST_STEP][PASSED] - Statement - PreSaveFile = new java.io.File(((pathPrefix + java.lang.Integer.toString(counter)) + .png)): null

2018-12-07 15:52:20 - [TEST_STEP][PASSED] - Statement - counter = counter + 1: null

2018-12-07 15:52:20 - [TEST_STEP][PASSED] - Statement - PreSaveFile = new java.io.File(((pathPrefix + java.lang.Integer.toString(counter)) + .png)): null

2018-12-07 15:52:20 - [TEST_STEP][PASSED] - Statement - counter = counter + 1: null

2018-12-07 15:52:20 - [TEST_STEP][PASSED] - Statement - PreSaveFile = new java.io.File(((pathPrefix + java.lang.Integer.toString(counter)) + .png)): null

2018-12-07 15:52:20 - [TEST_STEP][PASSED] - Statement - counter = counter + 1: null

2018-12-07 15:52:20 - [TEST_STEP][PASSED] - Statement - PreSaveFile = new java.io.File(((pathPrefix + java.lang.Integer.toString(counter)) + .png)): null

2018-12-07 15:52:20 - [TEST_STEP][PASSED] - Statement - counter = counter + 1: null

2018-12-07 15:52:20 - [TEST_STEP][PASSED] - Statement - PreSaveFile = new java.io.File(((pathPrefix + java.lang.Integer.toString(counter)) + .png)): null

2018-12-07 15:52:20 - [TEST_STEP][PASSED] - Statement - counter = counter + 1: null

2018-12-07 15:52:20 - [TEST_STEP][PASSED] - Statement - PreSaveFile = new java.io.File(((pathPrefix + java.lang.Integer.toString(counter)) + .png)): null

2018-12-07 15:52:20 - [TEST_STEP][PASSED] - Statement - counter = counter + 1: null

2018-12-07 15:52:20 - [TEST_STEP][PASSED] - Statement - PreSaveFile = new java.io.File(((pathPrefix + java.lang.Integer.toString(counter)) + .png)): null

2018-12-07 15:52:20 - [TEST_STEP][PASSED] - Statement - counter = counter + 1: null

2018-12-07 15:52:20 - [TEST_STEP][PASSED] - Statement - PreSaveFile = new java.io.File(((pathPrefix + java.lang.Integer.toString(counter)) + .png)): null

2018-12-07 15:52:20 - [TEST_STEP][PASSED] - Statement - counter = counter + 1: null

2018-12-07 15:52:20 - [TEST_STEP][PASSED] - Statement - PreSaveFile = new java.io.File(((pathPrefix + java.lang.Integer.toString(counter)) + .png)): null

2018-12-07 15:52:20 - [TEST_STEP][PASSED] - Statement - counter = counter + 1: null

2018-12-07 15:52:20 - [TEST_STEP][PASSED] - Statement - PreSaveFile = new java.io.File(((pathPrefix + java.lang.Integer.toString(counter)) + .png)): null

2018-12-07 15:52:20 - [TEST_STEP][PASSED] - Statement - counter = counter + 1: null

2018-12-07 15:52:21 - [TEST_STEP][PASSED] - Statement - PreSaveFile = new java.io.File(((pathPrefix + java.lang.Integer.toString(counter)) + .png)): null

2018-12-07 15:52:21 - [TEST_STEP][PASSED] - Statement - counter = counter + 1: null

2018-12-07 15:52:21 - [TEST_STEP][PASSED] - Statement - PreSaveFile = new java.io.File(((pathPrefix + java.lang.Integer.toString(counter)) + .png)): null

2018-12-07 15:52:21 - [TEST_STEP][PASSED] - Statement - counter = counter + 1: null

2018-12-07 15:52:21 - [TEST_STEP][PASSED] - Statement - PreSaveFile = new java.io.File(((pathPrefix + java.lang.Integer.toString(counter)) + .png)): null

2018-12-07 15:52:21 - [TEST_STEP][PASSED] - Statement - counter = counter + 1: null

2018-12-07 15:52:21 - [TEST_STEP][PASSED] - Statement - PreSaveFile = new java.io.File(((pathPrefix + java.lang.Integer.toString(counter)) + .png)): null

2018-12-07 15:52:21 - [TEST_STEP][PASSED] - Statement - counter = counter + 1: null

2018-12-07 15:52:21 - [TEST_STEP][PASSED] - Statement - PreSaveFile = new java.io.File(((pathPrefix + java.lang.Integer.toString(counter)) + .png)): null

2018-12-07 15:52:21 - [TEST_STEP][PASSED] - Statement - counter = counter + 1: null

2018-12-07 15:52:21 - [TEST_STEP][PASSED] - Statement - PreSaveFile = new java.io.File(((pathPrefix + java.lang.Integer.toString(counter)) + .png)): null

2018-12-07 15:52:21 - [TEST_STEP][PASSED] - Statement - counter = counter + 1: null

2018-12-07 15:52:21 - [TEST_STEP][PASSED] - Statement - PreSaveFile = new java.io.File(((pathPrefix + java.lang.Integer.toString(counter)) + .png)): null

2018-12-07 15:52:21 - [TEST_STEP][PASSED] - Statement - counter = counter + 1: null

2018-12-07 15:52:21 - [TEST_STEP][PASSED] - Statement - PreSaveFile = new java.io.File(((pathPrefix + java.lang.Integer.toString(counter)) + .png)): null

2018-12-07 15:52:21 - [TEST_STEP][PASSED] - Statement - counter = counter + 1: null

2018-12-07 15:52:21 - [TEST_STEP][PASSED] - Statement - PreSaveFile = new java.io.File(((pathPrefix + java.lang.Integer.toString(counter)) + .png)): null

2018-12-07 15:52:21 - [TEST_STEP][PASSED] - Statement - counter = counter + 1: null

2018-12-07 15:52:21 - [TEST_STEP][PASSED] - Statement - PreSaveFile = new java.io.File(((pathPrefix + java.lang.Integer.toString(counter)) + .png)): null

2018-12-07 15:52:21 - [TEST_STEP][PASSED] - Statement - counter = counter + 1: null

2018-12-07 15:52:21 - [TEST_STEP][PASSED] - Statement - PreSaveFile = new java.io.File(((pathPrefix + java.lang.Integer.toString(counter)) + .png)): null

2018-12-07 15:52:21 - [TEST_STEP][PASSED] - Statement - counter = counter + 1: null

2018-12-07 15:52:21 - [TEST_STEP][PASSED] - Statement - PreSaveFile = new java.io.File(((pathPrefix + java.lang.Integer.toString(counter)) + .png)): null

2018-12-07 15:52:21 - [TEST_STEP][PASSED] - Statement - counter = counter + 1: null

2018-12-07 15:52:21 - [TEST_STEP][PASSED] - Statement - PreSaveFile = new java.io.File(((pathPrefix + java.lang.Integer.toString(counter)) + .png)): null

2018-12-07 15:52:21 - [TEST_STEP][PASSED] - Statement - counter = counter + 1: null

2018-12-07 15:52:21 - [TEST_STEP][PASSED] - Statement - PreSaveFile = new java.io.File(((pathPrefix + java.lang.Integer.toString(counter)) + .png)): null

2018-12-07 15:52:21 - [TEST_STEP][PASSED] - Statement - counter = counter + 1: null

2018-12-07 15:52:21 - [TEST_STEP][PASSED] - Statement - PreSaveFile = new java.io.File(((pathPrefix + java.lang.Integer.toString(counter)) + .png)): null

2018-12-07 15:52:21 - [TEST_STEP][PASSED] - Statement - counter = counter + 1: null

2018-12-07 15:52:21 - [TEST_STEP][PASSED] - Statement - PreSaveFile = new java.io.File(((pathPrefix + java.lang.Integer.toString(counter)) + .png)): null

2018-12-07 15:52:21 - [TEST_STEP][PASSED] - Statement - counter = counter + 1: null

2018-12-07 15:52:21 - [TEST_STEP][PASSED] - Statement - PreSaveFile = new java.io.File(((pathPrefix + java.lang.Integer.toString(counter)) + .png)): null

2018-12-07 15:52:21 - [TEST_STEP][PASSED] - Statement - counter = counter + 1: null

2018-12-07 15:52:21 - [TEST_STEP][PASSED] - Statement - PreSaveFile = new java.io.File(((pathPrefix + java.lang.Integer.toString(counter)) + .png)): null

2018-12-07 15:52:21 - [TEST_STEP][PASSED] - Statement - counter = counter + 1: null

2018-12-07 15:52:21 - [TEST_STEP][PASSED] - Statement - PreSaveFile = new java.io.File(((pathPrefix + java.lang.Integer.toString(counter)) + .png)): null

2018-12-07 15:52:21 - [TEST_STEP][PASSED] - Statement - counter = counter + 1: null

2018-12-07 15:52:21 - [TEST_STEP][PASSED] - Statement - PreSaveFile = new java.io.File(((pathPrefix + java.lang.Integer.toString(counter)) + .png)): null

2018-12-07 15:52:22 - [TEST_STEP][PASSED] - Statement - counter = counter + 1: null

2018-12-07 15:52:22 - [TEST_STEP][PASSED] - Statement - PreSaveFile = new java.io.File(((pathPrefix + java.lang.Integer.toString(counter)) + .png)): null

2018-12-07 15:52:22 - [TEST_STEP][PASSED] - Statement - counter = counter + 1: null

2018-12-07 15:52:22 - [TEST_STEP][PASSED] - Statement - PreSaveFile = new java.io.File(((pathPrefix + java.lang.Integer.toString(counter)) + .png)): null

2018-12-07 15:52:22 - [TEST_STEP][PASSED] - Statement - counter = counter + 1: null

2018-12-07 15:52:22 - [TEST_STEP][PASSED] - Statement - PreSaveFile = new java.io.File(((pathPrefix + java.lang.Integer.toString(counter)) + .png)): null

2018-12-07 15:52:22 - [TEST_STEP][PASSED] - Statement - counter = counter + 1: null

2018-12-07 15:52:22 - [TEST_STEP][PASSED] - Statement - PreSaveFile = new java.io.File(((pathPrefix + java.lang.Integer.toString(counter)) + .png)): null

2018-12-07 15:52:22 - [TEST_STEP][PASSED] - Statement - counter = counter + 1: null

2018-12-07 15:52:22 - [TEST_STEP][PASSED] - Statement - PreSaveFile = new java.io.File(((pathPrefix + java.lang.Integer.toString(counter)) + .png)): null

2018-12-07 15:52:22 - [TEST_STEP][PASSED] - Statement - counter = counter + 1: null

2018-12-07 15:52:22 - [TEST_STEP][PASSED] - Statement - PreSaveFile = new java.io.File(((pathPrefix + java.lang.Integer.toString(counter)) + .png)): null

2018-12-07 15:52:22 - [TEST_STEP][PASSED] - Statement - counter = counter + 1: null

2018-12-07 15:52:22 - [TEST_STEP][PASSED] - Statement - PreSaveFile = new java.io.File(((pathPrefix + java.lang.Integer.toString(counter)) + .png)): null

2018-12-07 15:52:22 - [TEST_STEP][PASSED] - Statement - counter = counter + 1: null

2018-12-07 15:52:22 - [TEST_STEP][PASSED] - Statement - PreSaveFile = new java.io.File(((pathPrefix + java.lang.Integer.toString(counter)) + .png)): null

2018-12-07 15:52:22 - [TEST_STEP][PASSED] - Statement - counter = counter + 1: null

2018-12-07 15:52:22 - [TEST_STEP][PASSED] - Statement - PreSaveFile = new java.io.File(((pathPrefix + java.lang.Integer.toString(counter)) + .png)): null

2018-12-07 15:52:22 - [TEST_STEP][PASSED] - Statement - counter = counter + 1: null

2018-12-07 15:52:22 - [TEST_STEP][PASSED] - Statement - PreSaveFile = new java.io.File(((pathPrefix + java.lang.Integer.toString(counter)) + .png)): null

2018-12-07 15:52:22 - [TEST_STEP][PASSED] - Statement - counter = counter + 1: null

2018-12-07 15:52:22 - [TEST_STEP][PASSED] - Statement - PreSaveFile = new java.io.File(((pathPrefix + java.lang.Integer.toString(counter)) + .png)): null

2018-12-07 15:52:22 - [TEST_STEP][PASSED] - Statement - counter = counter + 1: null

2018-12-07 15:52:22 - [TEST_STEP][PASSED] - Statement - PreSaveFile = new java.io.File(((pathPrefix + java.lang.Integer.toString(counter)) + .png)): null

2018-12-07 15:52:22 - [TEST_STEP][PASSED] - Statement - counter = counter + 1: null

2018-12-07 15:52:22 - [TEST_STEP][PASSED] - Statement - PreSaveFile = new java.io.File(((pathPrefix + java.lang.Integer.toString(counter)) + .png)): null

2018-12-07 15:52:22 - [TEST_STEP][PASSED] - Statement - counter = counter + 1: null

2018-12-07 15:52:22 - [TEST_STEP][PASSED] - Statement - PreSaveFile = new java.io.File(((pathPrefix + java.lang.Integer.toString(counter)) + .png)): null

2018-12-07 15:52:22 - [TEST_STEP][PASSED] - Statement - counter = counter + 1: null

2018-12-07 15:52:23 - [TEST_STEP][PASSED] - Statement - PreSaveFile = new java.io.File(((pathPrefix + java.lang.Integer.toString(counter)) + .png)): null

2018-12-07 15:52:23 - [TEST_STEP][PASSED] - Statement - finalPath = pathPrefix + java.lang.Integer.toString(counter) + ".png": null

2018-12-07 15:52:23 - [TEST_STEP][PASSED] - Statement - SaveFile = new java.io.File(finalPath): null

2018-12-07 15:52:23 - [TEST_STEP][PASSED] - Statement - Try: null

2018-12-07 15:52:23 - [TEST_STEP][PASSED] - Statement - org.apache.commons.io.FileUtils.copyFile(scrFile, SaveFile): null

2018-12-07 15:52:23 - [TEST_STEP][PASSED] - Statement - out.println("file kept"): null

2018-12-07 15:52:23 - [TEST_STEP][PASSED] - delay: Delayed 10 second(s)

2018-12-07 15:52:33 - [MESSAGE][PASSED] - Delayed 10 second(s)

2018-12-07 15:52:33 - [MESSAGE][PASSED] - Call Test Case 'Test Cases/Final Aug 2018 - PKS Automation/Registration Module/New Registration/Submit and Screenshot/Submit Registration and Screenshot - Copy' successfully

2018-12-07 15:52:33 - [TEST_STEP][PASSED] - Statement - UpdateAddNewECode = com.kms.katalon.core.webui.keyword.WebUiBuiltInKeywords.getText(com.kms.katalon.core.testobject.ObjectRepository.findTestObject(Object Repository/Final Object Repo/Page_Update Add New Employee - ASSIST/getEmpCode)): Text of object 'Object Repository/Final Object Repo/Page_Update Add New Employee - ASSIST/getEmpCode' is: 'E1102070680P'

2018-12-07 15:52:33 - [MESSAGE][PASSED] - Text of object 'Object Repository/Final Object Repo/Page_Update Add New Employee - ASSIST/getEmpCode' is: 'E1102070680P'

2018-12-07 15:52:33 - [TEST_STEP][PASSED] - callTestCase: Call Test Case 'Test Cases/Final Aug 2018 - PKS Automation/Common/Emp Code Setter' successfully

2018-12-07 15:52:33 - [TEST_CASE][PASSED] - Test Cases/Final Aug 2018 - PKS Automation/Common/Emp Code Setter: Test Cases/Final Aug 2018 - PKS Automation/Common/Emp Code Setter

2018-12-07 15:52:33 - [TEST_STEP][PASSED] - Statement - EmpCodeOld = new java.io.File(C://Users//Admin//Desktop//PKS//Automation Reference Point//EmpCode.txt): null

2018-12-07 15:52:33 - [TEST_STEP][PASSED] - Statement - EmpCodeOld.delete(): null

2018-12-07 15:52:33 - [TEST_STEP][PASSED] - Statement - EmpCode = new java.io.File(C://Users//Admin//Desktop//PKS//Automation Reference Point//EmpCode.txt): null

2018-12-07 15:52:33 - [TEST_STEP][PASSED] - Statement - f2 = new java.io.FileWriter(EmpCode, false): null

2018-12-07 15:52:33 - [TEST_STEP][PASSED] - Statement - f2.write(UpdateAddNewECode): null

2018-12-07 15:52:33 - [TEST_STEP][PASSED] - Statement - f2.close(): null

2018-12-07 15:52:33 - [TEST_STEP][PASSED] - Statement - out.println("


" + UpdateAddNewECode + "


"): null

2018-12-07 15:52:33 - [MESSAGE][PASSED] - Call Test Case 'Test Cases/Final Aug 2018 - PKS Automation/Common/Emp Code Setter' successfully

2018-12-07 15:52:33 - [MESSAGE][PASSED] - Call Test Case 'Test Cases/Final Aug 2018 - PKS Automation/Registration Module/Workflow/Update Add New Employee/Template/New Company for Update Add New - Employer' successfully

2018-12-07 15:52:33 - [TEST_STEP][PASSED] - callTestCase: Call Test Case 'Test Cases/Final Aug 2018 - PKS Automation/Create Employer Acc/Login to Employer Account (Second time)' successfully

2018-12-07 15:52:33 - [TEST_CASE][PASSED] - Test Cases/Final Aug 2018 - PKS Automation/Create Employer Acc/Login to Employer Account (Second time): Test Cases/Final Aug 2018 - PKS Automation/Create Employer Acc/Login to Employer Account (Second time)

2018-12-07 15:52:33 - [TEST_STEP][PASSED] - openBrowser: Browser is opened with url: ''

2018-12-07 15:52:33 - [MESSAGE][WARNING] - A browser is already opened. Closing browser and opening a new one

2018-12-07 15:52:36 - [MESSAGE][PASSED] - Browser is opened with url: ''

2018-12-07 15:52:36 - [TEST_STEP][PASSED] - navigateToUrl: Navigate to 'https://assist2-uat.perkeso.gov.my/employer/login' successfully

2018-12-07 15:52:37 - [MESSAGE][PASSED] - Navigate to 'https://assist2-uat.perkeso.gov.my/employer/login' successfully

2018-12-07 15:52:37 - [TEST_STEP][PASSED] - delay: Delayed 3 second(s)

2018-12-07 15:52:40 - [MESSAGE][PASSED] - Delayed 3 second(s)

2018-12-07 15:52:40 - [TEST_STEP][PASSED] - callTestCase: Call Test Case 'Test Cases/Final Aug 2018 - PKS Automation/Create Employer Acc/Template/Employer Email Getter' successfully

2018-12-07 15:52:40 - [TEST_CASE][PASSED] - Test Cases/Final Aug 2018 - PKS Automation/Create Employer Acc/Template/Employer Email Getter: Test Cases/Final Aug 2018 - PKS Automation/Create Employer Acc/Template/Employer Email Getter

2018-12-07 15:52:40 - [TEST_STEP][PASSED] - Statement - Try: null

2018-12-07 15:52:40 - [TEST_STEP][PASSED] - Statement - EmpEmail = new java.io.File(C://Users//Admin//Desktop//PKS//Automation Reference Point//EmpEmail.txt): null

2018-12-07 15:52:40 - [TEST_STEP][PASSED] - Statement - bufferread = new java.io.BufferedReader(new java.io.FileReader(EmpEmail)): null

2018-12-07 15:52:40 - [TEST_STEP][PASSED] - Statement - readedVal = bufferread.readLine(): null

2018-12-07 15:52:40 - [TEST_STEP][PASSED] - Statement - out.println(readedVal): null

2018-12-07 15:52:40 - [TEST_STEP][PASSED] - Statement - Email = readedVal: null

2018-12-07 15:52:40 - [MESSAGE][PASSED] - Call Test Case 'Test Cases/Final Aug 2018 - PKS Automation/Create Employer Acc/Template/Employer Email Getter' successfully

2018-12-07 15:52:40 - [TEST_STEP][PASSED] - setText: Text 'perkeso170679143594@gmail.com' is set on object 'Object Repository/Final Object Repo/Login Page/External Login Page/Email'

2018-12-07 15:52:41 - [MESSAGE][PASSED] - Text 'perkeso170679143594@gmail.com' is set on object 'Object Repository/Final Object Repo/Login Page/External Login Page/Email'

2018-12-07 15:52:41 - [TEST_STEP][PASSED] - click: Object: 'Object Repository/Final Object Repo/Login Page/External Login Page/Next' is clicked on

2018-12-07 15:52:41 - [MESSAGE][PASSED] - Object: 'Object Repository/Final Object Repo/Login Page/External Login Page/Next' is clicked on

2018-12-07 15:52:41 - [TEST_STEP][PASSED] - delay: Delayed 3 second(s)

2018-12-07 15:52:44 - [MESSAGE][PASSED] - Delayed 3 second(s)

2018-12-07 15:52:44 - [TEST_STEP][PASSED] - setEncryptedText: Text ****** has been set on object 'Object Repository/Final Object Repo/Login Page/External Login Page/Password'

2018-12-07 15:52:44 - [MESSAGE][PASSED] - Text ****** has been set on object 'Object Repository/Final Object Repo/Login Page/External Login Page/Password'

2018-12-07 15:52:44 - [TEST_STEP][PASSED] - click: Object: 'Object Repository/Final Object Repo/Login Page/External Login Page/Login' is clicked on

2018-12-07 15:52:44 - [MESSAGE][PASSED] - Object: 'Object Repository/Final Object Repo/Login Page/External Login Page/Login' is clicked on

2018-12-07 15:52:44 - [TEST_STEP][PASSED] - delay: Delayed 5 second(s)

2018-12-07 15:52:49 - [MESSAGE][PASSED] - Delayed 5 second(s)

2018-12-07 15:52:49 - [MESSAGE][PASSED] - Call Test Case 'Test Cases/Final Aug 2018 - PKS Automation/Create Employer Acc/Login to Employer Account (Second time)' successfully

2018-12-07 15:52:49 - [TEST_STEP][PASSED] - Statement - Try: Delayed 2 second(s)

2018-12-07 15:52:49 - [TEST_STEP][PASSED] - Statement - Checker = false: null

2018-12-07 15:52:49 - [TEST_STEP][PASSED] - Statement - Checker = com.kms.katalon.core.webui.keyword.WebUiBuiltInKeywords.verifyElementHasAttribute(com.kms.katalon.core.testobject.ObjectRepository.findTestObject(Final Object Repo/Landing Page/BM Detecting), "href", 20, OPTIONAL): Object 'Object Repository/Final Object Repo/Landing Page/BM Detecting' has attribute 'href'

2018-12-07 15:52:50 - [MESSAGE][PASSED] - Object 'Object Repository/Final Object Repo/Landing Page/BM Detecting' has attribute 'href'

2018-12-07 15:52:50 - [TEST_STEP][PASSED] - Statement - out.println(Checker): null

2018-12-07 15:52:50 - [TEST_STEP][PASSED] - Statement - If (Checker == false): null

2018-12-07 15:52:50 - [TEST_STEP][PASSED] - Statement - Else: null

2018-12-07 15:52:50 - [TEST_STEP][PASSED] - delay: Delayed 2 second(s)

2018-12-07 15:52:52 - [MESSAGE][PASSED] - Delayed 2 second(s)

2018-12-07 15:52:52 - [TEST_STEP][PASSED] - navigateToUrl: Navigate to 'https://assist2-uat.perkeso.gov.my/web/registration/update/update-employee-information-employer-' successfully

2018-12-07 15:52:53 - [MESSAGE][PASSED] - Navigate to 'https://assist2-uat.perkeso.gov.my/web/registration/update/update-employee-information-employer-' successfully

2018-12-07 15:52:53 - [TEST_STEP][PASSED] - click: Object: 'Object Repository/Final Object Repo/Page_Update Employee Information By Employer/Edit Button' is clicked on

2018-12-07 15:52:55 - [MESSAGE][PASSED] - Object: 'Object Repository/Final Object Repo/Page_Update Employee Information By Employer/Edit Button' is clicked on

2018-12-07 15:52:55 - [TEST_STEP][PASSED] - click: Object: 'Object Repository/Final Object Repo/Page_Update Employee Information By Employer/Employee Name or New Identification' is clicked on

2018-12-07 15:52:56 - [MESSAGE][PASSED] - Object: 'Object Repository/Final Object Repo/Page_Update Employee Information By Employer/Employee Name or New Identification' is clicked on

2018-12-07 15:52:56 - [TEST_STEP][PASSED] - delay: Delayed 1 second(s)

2018-12-07 15:52:57 - [MESSAGE][PASSED] - Delayed 1 second(s)

2018-12-07 15:52:57 - [TEST_STEP][PASSED] - click: Object: 'Object Repository/Final Object Repo/Page_Update Employee Information By Employer/Selection - Employee Name' is clicked on

2018-12-07 15:52:57 - [MESSAGE][PASSED] - Object: 'Object Repository/Final Object Repo/Page_Update Employee Information By Employer/Selection - Employee Name' is clicked on

2018-12-07 15:52:57 - [TEST_STEP][PASSED] - delay: Delayed 1 second(s)

2018-12-07 15:52:58 - [MESSAGE][PASSED] - Delayed 1 second(s)

2018-12-07 15:52:58 - [TEST_STEP][PASSED] - setText: Text 'AUTOMATE001 ELIGIBLE 1' is set on object 'Object Repository/Final Object Repo/Page_Update Employee Information By Employer/Employee Name'

2018-12-07 15:52:58 - [MESSAGE][PASSED] - Text 'AUTOMATE001 ELIGIBLE 1' is set on object 'Object Repository/Final Object Repo/Page_Update Employee Information By Employer/Employee Name'

2018-12-07 15:52:58 - [TEST_STEP][PASSED] - delay: Delayed 2 second(s)

2018-12-07 15:53:00 - [MESSAGE][PASSED] - Delayed 2 second(s)

2018-12-07 15:53:00 - [TEST_STEP][PASSED] - click: Object: 'Object Repository/Final Object Repo/Page_Update Employee Information By Employer/Search Employee' is clicked on

2018-12-07 15:53:00 - [MESSAGE][PASSED] - Object: 'Object Repository/Final Object Repo/Page_Update Employee Information By Employer/Search Employee' is clicked on

2018-12-07 15:53:00 - [TEST_STEP][PASSED] - delay: Delayed 3 second(s)

2018-12-07 15:53:03 - [MESSAGE][PASSED] - Delayed 3 second(s)

2018-12-07 15:53:03 - [TEST_STEP][PASSED] - click: Object: 'Object Repository/Final Object Repo/Page_Update Employee Information By Employer/Employee Edit Button' is clicked on

2018-12-07 15:53:04 - [MESSAGE][PASSED] - Object: 'Object Repository/Final Object Repo/Page_Update Employee Information By Employer/Employee Edit Button' is clicked on

2018-12-07 15:53:04 - [TEST_STEP][PASSED] - delay: Delayed 3 second(s)

2018-12-07 15:53:07 - [MESSAGE][PASSED] - Delayed 3 second(s)

2018-12-07 15:53:07 - [TEST_STEP][PASSED] - setText: Text '' is set on object 'Object Repository/Final Object Repo/Page_Update Employee Information By Employer/Identification Number'

2018-12-07 15:53:07 - [MESSAGE][PASSED] - Text '' is set on object 'Object Repository/Final Object Repo/Page_Update Employee Information By Employer/Identification Number'

2018-12-07 15:53:07 - [TEST_STEP][PASSED] - Statement - rnd = new java.util.Random(): null

2018-12-07 15:53:07 - [TEST_STEP][PASSED] - Statement - snum = rnd.nextInt(899999 + 1) + 100000: null

2018-12-07 15:53:07 - [TEST_STEP][PASSED] - Statement - tnum = rnd.nextInt(899999 + 1) + 100000: null

2018-12-07 15:53:07 - [TEST_STEP][PASSED] - Statement - IC = java.lang.Integer.toString(snum) + java.lang.Integer.toString(tnum): null

2018-12-07 15:53:07 - [TEST_STEP][PASSED] - Statement - out.println(IC): null

2018-12-07 15:53:07 - [TEST_STEP][PASSED] - setText: Text '785532598647' is set on object 'Object Repository/Final Object Repo/Page_Update Employee Information By Employer/Identification Number'

2018-12-07 15:53:07 - [MESSAGE][PASSED] - Text '785532598647' is set on object 'Object Repository/Final Object Repo/Page_Update Employee Information By Employer/Identification Number'

2018-12-07 15:53:07 - [TEST_STEP][PASSED] - click: Object: 'Object Repository/Final Object Repo/Page_Update Employee Information By Employer/Save' is clicked on

2018-12-07 15:53:07 - [MESSAGE][PASSED] - Object: 'Object Repository/Final Object Repo/Page_Update Employee Information By Employer/Save' is clicked on

2018-12-07 15:53:07 - [TEST_STEP][PASSED] - delay: Delayed 5 second(s)

2018-12-07 15:53:12 - [MESSAGE][PASSED] - Delayed 5 second(s)

2018-12-07 15:53:12 - [TEST_STEP][PASSED] - Statement - CaseReferenceNo = com.kms.katalon.core.webui.keyword.WebUiBuiltInKeywords.getText(com.kms.katalon.core.testobject.ObjectRepository.findTestObject(Final Object Repo/Reference Number/Reference Number in Update Employee Information Page)): Text of object 'Object Repository/Final Object Repo/Reference Number/Reference Number in Update Employee Information Page' is: 'CUN122018C100005901'

2018-12-07 15:53:12 - [MESSAGE][PASSED] - Text of object 'Object Repository/Final Object Repo/Reference Number/Reference Number in Update Employee Information Page' is: 'CUN122018C100005901'

2018-12-07 15:53:12 - [TEST_STEP][PASSED] - callTestCase: Call Test Case 'Test Cases/Final Aug 2018 - PKS Automation/Common/Reference Number Setter' successfully

2018-12-07 15:53:13 - [TEST_CASE][PASSED] - Test Cases/Final Aug 2018 - PKS Automation/Common/Reference Number Setter: Test Cases/Final Aug 2018 - PKS Automation/Common/Reference Number Setter

2018-12-07 15:53:13 - [TEST_STEP][PASSED] - Statement - RefNoOldFile = new java.io.File(C://Users//Admin//Desktop//PKS//Automation Reference Point//KatalonReference.txt): null

2018-12-07 15:53:13 - [TEST_STEP][PASSED] - Statement - RefNoOldFile.delete(): null

2018-12-07 15:53:13 - [TEST_STEP][PASSED] - delay: Delayed 5 second(s)

2018-12-07 15:53:18 - [MESSAGE][PASSED] - Delayed 5 second(s)

2018-12-07 15:53:18 - [TEST_STEP][PASSED] - Statement - RefNo = new java.io.File(C://Users//Admin//Desktop//PKS//Automation Reference Point//KatalonReference.txt): null

2018-12-07 15:53:18 - [TEST_STEP][PASSED] - Statement - f2 = new java.io.FileWriter(RefNo, false): null

2018-12-07 15:53:18 - [TEST_STEP][PASSED] - Statement - f2.write(CaseReferenceNo): null

2018-12-07 15:53:18 - [TEST_STEP][PASSED] - Statement - f2.close(): null

2018-12-07 15:53:18 - [TEST_STEP][PASSED] - Statement - out.println("


" + CaseReferenceNo + "


"): null

2018-12-07 15:53:18 - [MESSAGE][PASSED] - Call Test Case 'Test Cases/Final Aug 2018 - PKS Automation/Common/Reference Number Setter' successfully

2018-12-07 15:53:18 - [TEST_STEP][PASSED] - delay: Delayed 5 second(s)

2018-12-07 15:53:23 - [MESSAGE][PASSED] - Delayed 5 second(s)

2018-12-07 15:53:23 - [TEST_STEP][PASSED] - click: Object: 'Object Repository/Final Object Repo/Page_Update Employee Information By Employer/Save  Continue in  Employee Information Page' is clicked on

2018-12-07 15:53:23 - [MESSAGE][PASSED] - Object: 'Object Repository/Final Object Repo/Page_Update Employee Information By Employer/Save  Continue in  Employee Information Page' is clicked on

2018-12-07 15:53:23 - [TEST_STEP][PASSED] - delay: Delayed 5 second(s)

2018-12-07 15:53:28 - [MESSAGE][PASSED] - Delayed 5 second(s)

2018-12-07 15:53:28 - [TEST_STEP][PASSED] - click: Object: 'Object Repository/Final Object Repo/Page_Update Employee Information By Employer/Save  Continue in Uploading Page 1' is clicked on

2018-12-07 15:53:28 - [MESSAGE][PASSED] - Object: 'Object Repository/Final Object Repo/Page_Update Employee Information By Employer/Save  Continue in Uploading Page 1' is clicked on

2018-12-07 15:53:28 - [TEST_STEP][PASSED] - delay: Delayed 5 second(s)

2018-12-07 15:53:33 - [MESSAGE][PASSED] - Delayed 5 second(s)

2018-12-07 15:53:33 - [TEST_STEP][PASSED] - click: Object: 'Object Repository/Final Object Repo/Page_Update Employee Information By Employer/Submit' is clicked on

2018-12-07 15:53:33 - [MESSAGE][PASSED] - Object: 'Object Repository/Final Object Repo/Page_Update Employee Information By Employer/Submit' is clicked on

2018-12-07 15:53:33 - [TEST_STEP][PASSED] - delay: Delayed 5 second(s)

2018-12-07 15:53:38 - [MESSAGE][PASSED] - Delayed 5 second(s)

2018-12-07 15:53:38 - [TEST_STEP][PASSED] - click: Object: 'Object Repository/Final Object Repo/Page_Update Employee Information By Employer/Confirm' is clicked on

2018-12-07 15:53:38 - [MESSAGE][PASSED] - Object: 'Object Repository/Final Object Repo/Page_Update Employee Information By Employer/Confirm' is clicked on

2018-12-07 15:53:38 - [TEST_STEP][PASSED] - delay: Delayed 5 second(s)

2018-12-07 15:53:43 - [MESSAGE][PASSED] - Delayed 5 second(s)

2018-12-07 15:53:43 - [TEST_STEP][PASSED] - verifyElementVisible: Object 'Object Repository/Final Object Repo/Page_Update Employee Information By Employer/Successfull Message Routed to UO' is visible

2018-12-07 15:53:43 - [MESSAGE][PASSED] - Object 'Object Repository/Final Object Repo/Page_Update Employee Information By Employer/Successfull Message Routed to UO' is visible

2018-12-07 15:53:43 - [MESSAGE][PASSED] - Call Test Case 'Test Cases/Final Aug 2018 - PKS Automation/Registration Module/Workflow/Update Employee Information (Employer)/Template/Update Employer Information - Special Case (Employer)' successfully

2018-12-07 15:53:43 - [TEST_STEP][PASSED] - callTestCase: Call Test Case 'Test Cases/Final Aug 2018 - PKS Automation/Registration Module/Workflow/Update Employee Information (Employer)/Template/Update Employee Information - Special Case - UO (Reject)' successfully

2018-12-07 15:53:44 - [TEST_CASE][PASSED] - Test Cases/Final Aug 2018 - PKS Automation/Registration Module/Workflow/Update Employee Information (Employer)/Template/Update Employee Information - Special Case - UO (Reject): Test Cases/Final Aug 2018 - PKS Automation/Registration Module/Workflow/Update Employee Information (Employer)/Template/Update Employee Information - Special Case - UO (Reject)

2018-12-07 15:53:44 - [TEST_STEP][NOT_RUN] - callTestCase: NOT_RUN: callTestCase

2018-12-07 15:53:44 - [MESSAGE][NOT_RUN] - NOT_RUN: callTestCase

2018-12-07 15:53:44 - [TEST_STEP][PASSED] - delay: Delayed 2 second(s)

2018-12-07 15:53:46 - [MESSAGE][PASSED] - Delayed 2 second(s)

2018-12-07 15:53:46 - [TEST_STEP][PASSED] - navigateToUrl: Navigate to 'https://assist2-uat.perkeso.gov.my/c/portal/logout' successfully

2018-12-07 15:53:47 - [MESSAGE][PASSED] - Navigate to 'https://assist2-uat.perkeso.gov.my/c/portal/logout' successfully

2018-12-07 15:53:47 - [TEST_STEP][PASSED] - delay: Delayed 2 second(s)

2018-12-07 15:53:49 - [MESSAGE][PASSED] - Delayed 2 second(s)

2018-12-07 15:53:49 - [TEST_STEP][PASSED] - callTestCase: Call Test Case 'Test Cases/Final Aug 2018 - PKS Automation/Common/Reference Number Getter' successfully

2018-12-07 15:53:49 - [TEST_CASE][PASSED] - Test Cases/Final Aug 2018 - PKS Automation/Common/Reference Number Getter: Test Cases/Final Aug 2018 - PKS Automation/Common/Reference Number Getter

2018-12-07 15:53:49 - [TEST_STEP][PASSED] - Statement - Try: null

2018-12-07 15:53:49 - [TEST_STEP][PASSED] - Statement - RefNo = new java.io.File(C://Users//Admin//Desktop//PKS//Automation Reference Point//KatalonReference.txt): null

2018-12-07 15:53:49 - [TEST_STEP][PASSED] - Statement - bufferread = new java.io.BufferedReader(new java.io.FileReader(RefNo)): null

2018-12-07 15:53:49 - [TEST_STEP][PASSED] - Statement - readedVal = bufferread.readLine(): null

2018-12-07 15:53:49 - [TEST_STEP][PASSED] - Statement - out.println(CaseReferenceNo): null

2018-12-07 15:53:49 - [TEST_STEP][PASSED] - Statement - out.println(readedVal): null

2018-12-07 15:53:49 - [TEST_STEP][PASSED] - Statement - CaseReferenceNo = "": null

2018-12-07 15:53:49 - [TEST_STEP][PASSED] - Statement - CaseReferenceNo = readedVal: null

2018-12-07 15:53:49 - [MESSAGE][PASSED] - Call Test Case 'Test Cases/Final Aug 2018 - PKS Automation/Common/Reference Number Getter' successfully

2018-12-07 15:53:49 - [TEST_STEP][PASSED] - callTestCase: Call Test Case 'Test Cases/Final Aug 2018 - PKS Automation/Common/Workflow Owner Finder' successfully

2018-12-07 15:53:49 - [TEST_CASE][PASSED] - Test Cases/Final Aug 2018 - PKS Automation/Common/Workflow Owner Finder: Test Cases/Final Aug 2018 - PKS Automation/Common/Workflow Owner Finder

2018-12-07 15:53:49 - [TEST_STEP][PASSED] - openBrowser: Browser is opened with url: ''

2018-12-07 15:53:49 - [MESSAGE][WARNING] - A browser is already opened. Closing browser and opening a new one

2018-12-07 15:53:52 - [MESSAGE][PASSED] - Browser is opened with url: ''

2018-12-07 15:53:52 - [TEST_STEP][PASSED] - navigateToUrl: Navigate to 'https://assist2-uat.perkeso.gov.my/login' successfully

2018-12-07 15:53:53 - [MESSAGE][PASSED] - Navigate to 'https://assist2-uat.perkeso.gov.my/login' successfully

2018-12-07 15:53:53 - [TEST_STEP][PASSED] - delay: Delayed 5 second(s)

2018-12-07 15:53:58 - [MESSAGE][PASSED] - Delayed 5 second(s)

2018-12-07 15:53:58 - [TEST_STEP][PASSED] - setText: Text 'test@liferay.com' is set on object 'Object Repository/Final Object Repo/Login Page/Internal User/Email Address'

2018-12-07 15:53:58 - [MESSAGE][PASSED] - Text 'test@liferay.com' is set on object 'Object Repository/Final Object Repo/Login Page/Internal User/Email Address'

2018-12-07 15:53:58 - [TEST_STEP][PASSED] - click: Object: 'Object Repository/Final Object Repo/Login Page/Internal User/Next Button' is clicked on

2018-12-07 15:53:58 - [MESSAGE][PASSED] - Object: 'Object Repository/Final Object Repo/Login Page/Internal User/Next Button' is clicked on

2018-12-07 15:53:58 - [TEST_STEP][PASSED] - delay: Delayed 2 second(s)

2018-12-07 15:54:00 - [MESSAGE][PASSED] - Delayed 2 second(s)

2018-12-07 15:54:00 - [TEST_STEP][PASSED] - setText: Text 'test' is set on object 'Object Repository/Final Object Repo/Login Page/Internal User/Password'

2018-12-07 15:54:01 - [MESSAGE][PASSED] - Text 'test' is set on object 'Object Repository/Final Object Repo/Login Page/Internal User/Password'

2018-12-07 15:54:01 - [TEST_STEP][PASSED] - delay: Delayed 2 second(s)

2018-12-07 15:54:03 - [MESSAGE][PASSED] - Delayed 2 second(s)

2018-12-07 15:54:03 - [TEST_STEP][PASSED] - click: Object: 'Object Repository/Final Object Repo/Login Page/Internal User/Login Button' is clicked on

2018-12-07 15:54:03 - [MESSAGE][PASSED] - Object: 'Object Repository/Final Object Repo/Login Page/Internal User/Login Button' is clicked on

2018-12-07 15:54:03 - [TEST_STEP][PASSED] - Statement - tester = com.kms.katalon.core.testobject.ObjectRepository.findTestObject(Final Object Repo/Landing Page/Select to English): Finding Test Object with id 'Object Repository/Final Object Repo/Landing Page/Select to English'

2018-12-07 15:54:03 - [TEST_STEP][PASSED] - Statement - Try: Delayed 2 second(s)

2018-12-07 15:54:03 - [TEST_STEP][PASSED] - Statement - Checker = com.kms.katalon.core.webui.keyword.WebUiBuiltInKeywords.verifyElementNotPresent(tester, 3): Web element with id: 'Object Repository/Final Object Repo/Landing Page/Select to English' located by 'By.xpath: //a[@class = 'taglib-language-list-text' and @lang = 'en-US' and (contains(text(), 'EN') or contains(., 'EN'))]' is not present after '3' second(s)

2018-12-07 15:54:05 - [MESSAGE][PASSED] - Web element with id: 'Object Repository/Final Object Repo/Landing Page/Select to English' located by 'By.xpath: //a[@class = 'taglib-language-list-text' and @lang = 'en-US' and (contains(text(), 'EN') or contains(., 'EN'))]' is not present after '3' second(s)

2018-12-07 15:54:05 - [TEST_STEP][PASSED] - Statement - If (Checker == false): null

2018-12-07 15:54:05 - [TEST_STEP][PASSED] - delay: Delayed 2 second(s)

2018-12-07 15:54:07 - [MESSAGE][PASSED] - Delayed 2 second(s)

2018-12-07 15:54:07 - [TEST_STEP][PASSED] - delay: Delayed 5 second(s)

2018-12-07 15:54:12 - [MESSAGE][PASSED] - Delayed 5 second(s)

2018-12-07 15:54:12 - [TEST_STEP][PASSED] - mouseOver: Object: 'Object Repository/Final Object Repo/Landing Page/WorkFlow Menu' is hovered

2018-12-07 15:54:12 - [MESSAGE][PASSED] - Object: 'Object Repository/Final Object Repo/Landing Page/WorkFlow Menu' is hovered

2018-12-07 15:54:12 - [TEST_STEP][PASSED] - delay: Delayed 2 second(s)

2018-12-07 15:54:14 - [MESSAGE][PASSED] - Delayed 2 second(s)

2018-12-07 15:54:14 - [TEST_STEP][PASSED] - click: Object: 'Object Repository/Final Object Repo/Landing Page/Select to Workflow Listing' is clicked on

2018-12-07 15:54:15 - [MESSAGE][PASSED] - Object: 'Object Repository/Final Object Repo/Landing Page/Select to Workflow Listing' is clicked on

2018-12-07 15:54:15 - [TEST_STEP][PASSED] - delay: Delayed 2 second(s)

2018-12-07 15:54:17 - [MESSAGE][PASSED] - Delayed 2 second(s)

2018-12-07 15:54:17 - [TEST_STEP][PASSED] - click: Object: 'Object Repository/Final Object Repo/WorkFlow Listing Page/Search Information - To Put Ref No' is clicked on

2018-12-07 15:54:17 - [MESSAGE][PASSED] - Object: 'Object Repository/Final Object Repo/WorkFlow Listing Page/Search Information - To Put Ref No' is clicked on

2018-12-07 15:54:17 - [TEST_STEP][PASSED] - delay: Delayed 2 second(s)

2018-12-07 15:54:19 - [MESSAGE][PASSED] - Delayed 2 second(s)

2018-12-07 15:54:19 - [TEST_STEP][PASSED] - callTestCase: Call Test Case 'Test Cases/Final Aug 2018 - PKS Automation/Common/Reference Number Getter' successfully

2018-12-07 15:54:19 - [TEST_CASE][PASSED] - Test Cases/Final Aug 2018 - PKS Automation/Common/Reference Number Getter: Test Cases/Final Aug 2018 - PKS Automation/Common/Reference Number Getter

2018-12-07 15:54:19 - [TEST_STEP][PASSED] - Statement - Try: null

2018-12-07 15:54:19 - [TEST_STEP][PASSED] - Statement - RefNo = new java.io.File(C://Users//Admin//Desktop//PKS//Automation Reference Point//KatalonReference.txt): null

2018-12-07 15:54:19 - [TEST_STEP][PASSED] - Statement - bufferread = new java.io.BufferedReader(new java.io.FileReader(RefNo)): null

2018-12-07 15:54:19 - [TEST_STEP][PASSED] - Statement - readedVal = bufferread.readLine(): null

2018-12-07 15:54:19 - [TEST_STEP][PASSED] - Statement - out.println(CaseReferenceNo): null

2018-12-07 15:54:19 - [TEST_STEP][PASSED] - Statement - out.println(readedVal): null

2018-12-07 15:54:19 - [TEST_STEP][PASSED] - Statement - CaseReferenceNo = "": null

2018-12-07 15:54:19 - [TEST_STEP][PASSED] - Statement - CaseReferenceNo = readedVal: null

2018-12-07 15:54:19 - [MESSAGE][PASSED] - Call Test Case 'Test Cases/Final Aug 2018 - PKS Automation/Common/Reference Number Getter' successfully

2018-12-07 15:54:19 - [TEST_STEP][PASSED] - setText: Text 'CUN122018C100005901' is set on object 'Object Repository/Final Object Repo/WorkFlow Listing Page/Ref No Set Text'

2018-12-07 15:54:20 - [MESSAGE][PASSED] - Text 'CUN122018C100005901' is set on object 'Object Repository/Final Object Repo/WorkFlow Listing Page/Ref No Set Text'

2018-12-07 15:54:20 - [TEST_STEP][PASSED] - delay: Delayed 2 second(s)

2018-12-07 15:54:22 - [MESSAGE][PASSED] - Delayed 2 second(s)

2018-12-07 15:54:22 - [TEST_STEP][PASSED] - click: Object: 'Object Repository/Final Object Repo/WorkFlow Listing Page/Search Ref No Search Button' is clicked on

2018-12-07 15:54:22 - [MESSAGE][PASSED] - Object: 'Object Repository/Final Object Repo/WorkFlow Listing Page/Search Ref No Search Button' is clicked on

2018-12-07 15:54:22 - [TEST_STEP][PASSED] - delay: Delayed 6 second(s)

2018-12-07 15:54:28 - [MESSAGE][PASSED] - Delayed 6 second(s)

2018-12-07 15:54:28 - [TEST_STEP][PASSED] - click: Object: 'Object Repository/Final Object Repo/WorkFlow Listing Page/Click Continue Tooltip' is clicked on

2018-12-07 15:54:29 - [MESSAGE][PASSED] - Object: 'Object Repository/Final Object Repo/WorkFlow Listing Page/Click Continue Tooltip' is clicked on

2018-12-07 15:54:29 - [TEST_STEP][PASSED] - delay: Delayed 5 second(s)

2018-12-07 15:54:34 - [MESSAGE][PASSED] - Delayed 5 second(s)

2018-12-07 15:54:34 - [TEST_STEP][PASSED] - doubleClick: Object: 'Object Repository/Final Object Repo/WorkFlow Listing Page/Workflow Found - Listing 1' is double clicked on

2018-12-07 15:54:34 - [MESSAGE][PASSED] - Object: 'Object Repository/Final Object Repo/WorkFlow Listing Page/Workflow Found - Listing 1' is double clicked on

2018-12-07 15:54:34 - [TEST_STEP][PASSED] - Statement - println(OwnerID): null

2018-12-07 15:54:34 - [TEST_STEP][PASSED] - Statement - OwnerID = com.kms.katalon.core.webui.keyword.WebUiBuiltInKeywords.getText(com.kms.katalon.core.testobject.ObjectRepository.findTestObject(Final Object Repo/WorkFlow Listing Page/Workflow Found - Listing 1), STOP_ON_FAILURE): Text of object 'Object Repository/Final Object Repo/WorkFlow Listing Page/Workflow Found - Listing 1' is: 'JOHORuo2'

2018-12-07 15:54:34 - [MESSAGE][PASSED] - Text of object 'Object Repository/Final Object Repo/WorkFlow Listing Page/Workflow Found - Listing 1' is: 'JOHORuo2'

2018-12-07 15:54:34 - [TEST_STEP][PASSED] - Statement - OwnerID = OwnerID.toLowerCase() + "@gmail.com": null

2018-12-07 15:54:34 - [TEST_STEP][PASSED] - Statement - println(OwnerID): null

2018-12-07 15:54:34 - [TEST_STEP][PASSED] - delay: Delayed 2 second(s)

2018-12-07 15:54:36 - [MESSAGE][PASSED] - Delayed 2 second(s)

2018-12-07 15:54:36 - [MESSAGE][PASSED] - Call Test Case 'Test Cases/Final Aug 2018 - PKS Automation/Common/Workflow Owner Finder' successfully

2018-12-07 15:54:36 - [TEST_STEP][PASSED] - delay: Delayed 2 second(s)

2018-12-07 15:54:38 - [MESSAGE][PASSED] - Delayed 2 second(s)

2018-12-07 15:54:38 - [TEST_STEP][PASSED] - navigateToUrl: Navigate to 'https://assist2-uat.perkeso.gov.my/c/portal/logout' successfully

2018-12-07 15:54:39 - [MESSAGE][PASSED] - Navigate to 'https://assist2-uat.perkeso.gov.my/c/portal/logout' successfully

2018-12-07 15:54:39 - [TEST_STEP][PASSED] - delay: Delayed 2 second(s)

2018-12-07 15:54:41 - [MESSAGE][PASSED] - Delayed 2 second(s)

2018-12-07 15:54:41 - [TEST_STEP][PASSED] - callTestCase: Call Test Case 'Test Cases/Final Aug 2018 - PKS Automation/Registration Module/Workflow/Login and Search Case For Workflow' successfully

2018-12-07 15:54:41 - [TEST_CASE][PASSED] - Test Cases/Final Aug 2018 - PKS Automation/Registration Module/Workflow/Login and Search Case For Workflow: Test Cases/Final Aug 2018 - PKS Automation/Registration Module/Workflow/Login and Search Case For Workflow

2018-12-07 15:54:41 - [TEST_STEP][PASSED] - navigateToUrl: Navigate to 'https://assist2-uat.perkeso.gov.my/login' successfully

2018-12-07 15:54:42 - [MESSAGE][PASSED] - Navigate to 'https://assist2-uat.perkeso.gov.my/login' successfully

2018-12-07 15:54:42 - [TEST_STEP][PASSED] - setText: Text 'johoruo2@gmail.com' is set on object 'Object Repository/Final Object Repo/Login Page/Internal User/Email Address'

2018-12-07 15:54:42 - [MESSAGE][PASSED] - Text 'johoruo2@gmail.com' is set on object 'Object Repository/Final Object Repo/Login Page/Internal User/Email Address'

2018-12-07 15:54:42 - [TEST_STEP][PASSED] - click: Object: 'Object Repository/Final Object Repo/Login Page/Internal User/Next Button' is clicked on

2018-12-07 15:54:42 - [MESSAGE][PASSED] - Object: 'Object Repository/Final Object Repo/Login Page/Internal User/Next Button' is clicked on

2018-12-07 15:54:42 - [TEST_STEP][PASSED] - delay: Delayed 1 second(s)

2018-12-07 15:54:43 - [MESSAGE][PASSED] - Delayed 1 second(s)

2018-12-07 15:54:43 - [TEST_STEP][PASSED] - setEncryptedText: Text ****** has been set on object 'Object Repository/Final Object Repo/Login Page/Internal User/Password'

2018-12-07 15:54:43 - [MESSAGE][PASSED] - Text ****** has been set on object 'Object Repository/Final Object Repo/Login Page/Internal User/Password'

2018-12-07 15:54:43 - [TEST_STEP][PASSED] - click: Object: 'Object Repository/Final Object Repo/Login Page/Internal User/Login Button' is clicked on

2018-12-07 15:54:44 - [MESSAGE][PASSED] - Object: 'Object Repository/Final Object Repo/Login Page/Internal User/Login Button' is clicked on

2018-12-07 15:54:44 - [TEST_STEP][PASSED] - delay: Delayed 2 second(s)

2018-12-07 15:54:46 - [MESSAGE][PASSED] - Delayed 2 second(s)

2018-12-07 15:54:46 - [TEST_STEP][PASSED] - Statement - Try: Delayed 2 second(s)

2018-12-07 15:54:46 - [TEST_STEP][PASSED] - Statement - Checker = false: null

2018-12-07 15:54:46 - [TEST_STEP][PASSED] - Statement - Checker = com.kms.katalon.core.webui.keyword.WebUiBuiltInKeywords.verifyElementHasAttribute(com.kms.katalon.core.testobject.ObjectRepository.findTestObject(Final Object Repo/Landing Page/BM Detecting), "href", 20, OPTIONAL): Object 'Object Repository/Final Object Repo/Landing Page/BM Detecting' has attribute 'href'

2018-12-07 15:54:46 - [MESSAGE][PASSED] - Object 'Object Repository/Final Object Repo/Landing Page/BM Detecting' has attribute 'href'

2018-12-07 15:54:46 - [TEST_STEP][PASSED] - Statement - out.println(Checker): null

2018-12-07 15:54:46 - [TEST_STEP][PASSED] - Statement - If (Checker == false): null

2018-12-07 15:54:46 - [TEST_STEP][PASSED] - Statement - Else: null

2018-12-07 15:54:46 - [TEST_STEP][PASSED] - delay: Delayed 2 second(s)

2018-12-07 15:54:48 - [MESSAGE][PASSED] - Delayed 2 second(s)

2018-12-07 15:54:48 - [TEST_STEP][PASSED] - click: Object: 'Object Repository/Final Object Repo/Page_MyASSIST - ASSIST - Search Pending Case For Add Supporting Document/Search Information' is clicked on

2018-12-07 15:54:48 - [MESSAGE][PASSED] - Object: 'Object Repository/Final Object Repo/Page_MyASSIST - ASSIST - Search Pending Case For Add Supporting Document/Search Information' is clicked on

2018-12-07 15:54:48 - [TEST_STEP][PASSED] - delay: Delayed 3 second(s)

2018-12-07 15:54:51 - [MESSAGE][PASSED] - Delayed 3 second(s)

2018-12-07 15:54:51 - [TEST_STEP][PASSED] - sendKeys: Keys 'CUN122018C100005901' sent to object: 'Object Repository/Final Object Repo/Page_MyASSIST - ASSIST - Search Pending Case For Add Supporting Document/Reference No'

2018-12-07 15:54:51 - [MESSAGE][PASSED] - Keys 'CUN122018C100005901' sent to object: 'Object Repository/Final Object Repo/Page_MyASSIST - ASSIST - Search Pending Case For Add Supporting Document/Reference No'

2018-12-07 15:54:51 - [TEST_STEP][PASSED] - click: Object: 'Object Repository/Final Object Repo/Page_MyASSIST - ASSIST - Search Pending Case For Add Supporting Document/Search Reference No' is clicked on

2018-12-07 15:54:51 - [MESSAGE][PASSED] - Object: 'Object Repository/Final Object Repo/Page_MyASSIST - ASSIST - Search Pending Case For Add Supporting Document/Search Reference No' is clicked on

2018-12-07 15:54:51 - [TEST_STEP][PASSED] - delay: Delayed 2 second(s)

2018-12-07 15:54:53 - [MESSAGE][PASSED] - Delayed 2 second(s)

2018-12-07 15:54:53 - [TEST_STEP][PASSED] - click: Object: 'Object Repository/Final Object Repo/Page_MyASSIST - ASSIST - Search Pending Case For Add Supporting Document/Continue' is clicked on

2018-12-07 15:54:57 - [MESSAGE][PASSED] - Object: 'Object Repository/Final Object Repo/Page_MyASSIST - ASSIST - Search Pending Case For Add Supporting Document/Continue' is clicked on

2018-12-07 15:54:57 - [TEST_STEP][PASSED] - delay: Delayed 20 second(s)

2018-12-07 15:55:17 - [MESSAGE][PASSED] - Delayed 20 second(s)

2018-12-07 15:55:17 - [MESSAGE][PASSED] - Call Test Case 'Test Cases/Final Aug 2018 - PKS Automation/Registration Module/Workflow/Login and Search Case For Workflow' successfully

2018-12-07 15:55:17 - [TEST_STEP][PASSED] - delay: Delayed 2 second(s)

2018-12-07 15:55:19 - [MESSAGE][PASSED] - Delayed 2 second(s)

2018-12-07 15:55:19 - [TEST_STEP][PASSED] - click: Object: 'Object Repository/Final Object Repo/Page_Update Employee Information By Employer/Page_Update Employee Information by Employer (Approve)/Continue' is clicked on

2018-12-07 15:55:23 - [MESSAGE][PASSED] - Object: 'Object Repository/Final Object Repo/Page_Update Employee Information By Employer/Page_Update Employee Information by Employer (Approve)/Continue' is clicked on

2018-12-07 15:55:23 - [TEST_STEP][PASSED] - delay: Delayed 2 second(s)

2018-12-07 15:55:25 - [MESSAGE][PASSED] - Delayed 2 second(s)

2018-12-07 15:55:25 - [TEST_STEP][PASSED] - click: Object: 'Object Repository/Final Object Repo/Page_Update Employee Information By Employer/Page_Update Employee Information by Employer (Approve)/Save  Continue in Update Employee Information Page' is clicked on

2018-12-07 15:55:25 - [MESSAGE][PASSED] - Object: 'Object Repository/Final Object Repo/Page_Update Employee Information By Employer/Page_Update Employee Information by Employer (Approve)/Save  Continue in Update Employee Information Page' is clicked on

2018-12-07 15:55:25 - [TEST_STEP][PASSED] - delay: Delayed 4 second(s)

2018-12-07 15:55:29 - [MESSAGE][PASSED] - Delayed 4 second(s)

2018-12-07 15:55:29 - [TEST_STEP][PASSED] - click: Object: 'Object Repository/Final Object Repo/Page_Update Employee Information By Employer/Page_Update Employee Information by Employer (Approve)/Save  Continue in Upload Supporting Doucument Page' is clicked on

2018-12-07 15:55:29 - [MESSAGE][PASSED] - Object: 'Object Repository/Final Object Repo/Page_Update Employee Information By Employer/Page_Update Employee Information by Employer (Approve)/Save  Continue in Upload Supporting Doucument Page' is clicked on

2018-12-07 15:55:29 - [TEST_STEP][PASSED] - delay: Delayed 2 second(s)

2018-12-07 15:55:31 - [MESSAGE][PASSED] - Delayed 2 second(s)

2018-12-07 15:55:31 - [TEST_STEP][PASSED] - click: Object: 'Object Repository/Final Object Repo/Page_Update Employee Information By Employer/Page_Update Employee Information by Employer (Reject)/Reject' is clicked on

2018-12-07 15:55:33 - [MESSAGE][PASSED] - Object: 'Object Repository/Final Object Repo/Page_Update Employee Information By Employer/Page_Update Employee Information by Employer (Reject)/Reject' is clicked on

2018-12-07 15:55:33 - [TEST_STEP][PASSED] - delay: Delayed 2 second(s)

2018-12-07 15:55:35 - [MESSAGE][PASSED] - Delayed 2 second(s)

2018-12-07 15:55:35 - [TEST_STEP][PASSED] - click: Object: 'Object Repository/Final Object Repo/Page_Update Employee Information By Employer/Page_Update Employee Information by Employer (Approve)/Confirm' is clicked on

2018-12-07 15:55:35 - [MESSAGE][PASSED] - Object: 'Object Repository/Final Object Repo/Page_Update Employee Information By Employer/Page_Update Employee Information by Employer (Approve)/Confirm' is clicked on

2018-12-07 15:55:35 - [TEST_STEP][PASSED] - delay: Delayed 2 second(s)

2018-12-07 15:55:37 - [MESSAGE][PASSED] - Delayed 2 second(s)

2018-12-07 15:55:37 - [TEST_STEP][PASSED] - verifyElementVisible: Object 'Object Repository/Final Object Repo/Page_Update Employee Information By Employer/Page_Update Employee Information by Employer (Reject)/Rejected Messeage This Case has been Rejecte' is visible

2018-12-07 15:55:40 - [MESSAGE][PASSED] - Object 'Object Repository/Final Object Repo/Page_Update Employee Information By Employer/Page_Update Employee Information by Employer (Reject)/Rejected Messeage This Case has been Rejecte' is visible

2018-12-07 15:55:40 - [TEST_STEP][PASSED] - delay: Delayed 2 second(s)

2018-12-07 15:55:42 - [MESSAGE][PASSED] - Delayed 2 second(s)

2018-12-07 15:55:42 - [TEST_STEP][PASSED] - verifyElementVisible: Object 'Object Repository/Final Object Repo/Page_Update Employee Information By Employer/Page_Update Employee Information by Employer (Reject)/Letter of update rejection' is visible

2018-12-07 15:55:42 - [MESSAGE][PASSED] - Object 'Object Repository/Final Object Repo/Page_Update Employee Information By Employer/Page_Update Employee Information by Employer (Reject)/Letter of update rejection' is visible

2018-12-07 15:55:42 - [MESSAGE][PASSED] - Call Test Case 'Test Cases/Final Aug 2018 - PKS Automation/Registration Module/Workflow/Update Employee Information (Employer)/Template/Update Employee Information - Special Case - UO (Reject)' successfully]]></system-out>
         <system-err><![CDATA[]]></system-err>
      </testcase>
      <testcase name="Test Cases/Final Aug 2018 - PKS Automation/Registration Module/Workflow/Update Employee Information (Employer)/Employer - UO (Under enforcement)" classname="Test Cases/Final Aug 2018 - PKS Automation/Registration Module/Workflow/Update Employee Information (Employer)/Employer - UO (Under enforcement)" status="PASSED">
         <system-out><![CDATA[2018-12-07 15:55:42 - [TEST_CASE][PASSED] - Test Cases/Final Aug 2018 - PKS Automation/Registration Module/Workflow/Update Employee Information (Employer)/Employer - UO (Under enforcement): Test Cases/Final Aug 2018 - PKS Automation/Registration Module/Workflow/Update Employee Information (Employer)/Employer - UO (Under enforcement)

2018-12-07 15:55:42 - [TEST_STEP][PASSED] - callTestCase: Call Test Case 'Test Cases/Final Aug 2018 - PKS Automation/Registration Module/Workflow/Update Employee Information (Employer)/Template/Update Employer Information - Special Case (Employer)' successfully

2018-12-07 15:55:42 - [TEST_CASE][PASSED] - Test Cases/Final Aug 2018 - PKS Automation/Registration Module/Workflow/Update Employee Information (Employer)/Template/Update Employer Information - Special Case (Employer): Test Cases/Final Aug 2018 - PKS Automation/Registration Module/Workflow/Update Employee Information (Employer)/Template/Update Employer Information - Special Case (Employer)

2018-12-07 15:55:42 - [TEST_STEP][PASSED] - callTestCase: Call Test Case 'Test Cases/Final Aug 2018 - PKS Automation/Registration Module/Workflow/Update Add New Employee/Template/New Company for Update Add New - Employer' successfully

2018-12-07 15:55:42 - [TEST_CASE][PASSED] - Test Cases/Final Aug 2018 - PKS Automation/Registration Module/Workflow/Update Add New Employee/Template/New Company for Update Add New - Employer: Test Cases/Final Aug 2018 - PKS Automation/Registration Module/Workflow/Update Add New Employee/Template/New Company for Update Add New - Employer

2018-12-07 15:55:42 - [TEST_STEP][PASSED] - callTestCase: Call Test Case 'Test Cases/Final Aug 2018 - PKS Automation/Create Employer Acc/Create Employer Account' successfully

2018-12-07 15:55:42 - [TEST_CASE][PASSED] - Test Cases/Final Aug 2018 - PKS Automation/Create Employer Acc/Create Employer Account: Test Cases/Final Aug 2018 - PKS Automation/Create Employer Acc/Create Employer Account

2018-12-07 15:55:42 - [TEST_STEP][PASSED] - callTestCase: Call Test Case 'Test Cases/Final Aug 2018 - PKS Automation/Create Employer Acc/Template/Register Employer' successfully

2018-12-07 15:55:43 - [TEST_CASE][PASSED] - Test Cases/Final Aug 2018 - PKS Automation/Create Employer Acc/Template/Register Employer: Test Cases/Final Aug 2018 - PKS Automation/Create Employer Acc/Template/Register Employer

2018-12-07 15:55:43 - [TEST_STEP][PASSED] - openBrowser: Browser is opened with url: ''

2018-12-07 15:55:43 - [MESSAGE][WARNING] - A browser is already opened. Closing browser and opening a new one

2018-12-07 15:55:45 - [MESSAGE][PASSED] - Browser is opened with url: ''

2018-12-07 15:55:45 - [TEST_STEP][PASSED] - navigateToUrl: Navigate to 'https://assist2-uat.perkeso.gov.my/login' successfully

2018-12-07 15:55:47 - [MESSAGE][PASSED] - Navigate to 'https://assist2-uat.perkeso.gov.my/login' successfully

2018-12-07 15:55:47 - [TEST_STEP][PASSED] - setText: Text 'johorotc1@gmail.com' is set on object 'Object Repository/Final Object Repo/Login Page/Internal User/Email Address'

2018-12-07 15:55:47 - [MESSAGE][PASSED] - Text 'johorotc1@gmail.com' is set on object 'Object Repository/Final Object Repo/Login Page/Internal User/Email Address'

2018-12-07 15:55:47 - [TEST_STEP][PASSED] - click: Object: 'Object Repository/Final Object Repo/Login Page/Internal User/Next Button' is clicked on

2018-12-07 15:55:47 - [MESSAGE][PASSED] - Object: 'Object Repository/Final Object Repo/Login Page/Internal User/Next Button' is clicked on

2018-12-07 15:55:47 - [TEST_STEP][PASSED] - delay: Delayed 1 second(s)

2018-12-07 15:55:48 - [MESSAGE][PASSED] - Delayed 1 second(s)

2018-12-07 15:55:48 - [TEST_STEP][PASSED] - setEncryptedText: Text ****** has been set on object 'Object Repository/Final Object Repo/Login Page/Internal User/Password'

2018-12-07 15:55:48 - [MESSAGE][PASSED] - Text ****** has been set on object 'Object Repository/Final Object Repo/Login Page/Internal User/Password'

2018-12-07 15:55:48 - [TEST_STEP][PASSED] - click: Object: 'Object Repository/Final Object Repo/Login Page/Internal User/Login Button' is clicked on

2018-12-07 15:55:49 - [MESSAGE][PASSED] - Object: 'Object Repository/Final Object Repo/Login Page/Internal User/Login Button' is clicked on

2018-12-07 15:55:49 - [TEST_STEP][PASSED] - delay: Delayed 1 second(s)

2018-12-07 15:55:50 - [MESSAGE][PASSED] - Delayed 1 second(s)

2018-12-07 15:55:50 - [TEST_STEP][PASSED] - navigateToUrl: Navigate to 'https://assist2-uat.perkeso.gov.my/web/base/portal-id/registration' successfully

2018-12-07 15:55:51 - [MESSAGE][PASSED] - Navigate to 'https://assist2-uat.perkeso.gov.my/web/base/portal-id/registration' successfully

2018-12-07 15:55:51 - [TEST_STEP][PASSED] - setText: Text 'AUTOMATION EMPLOYER' is set on object 'Object Repository/Final Object Repo/Creating Employer Account/Page_Registration - ASSIST (Base)/Employer Name'

2018-12-07 15:55:52 - [MESSAGE][PASSED] - Text 'AUTOMATION EMPLOYER' is set on object 'Object Repository/Final Object Repo/Creating Employer Account/Page_Registration - ASSIST (Base)/Employer Name'

2018-12-07 15:55:52 - [TEST_STEP][PASSED] - delay: Delayed 2 second(s)

2018-12-07 15:55:54 - [MESSAGE][PASSED] - Delayed 2 second(s)

2018-12-07 15:55:54 - [TEST_STEP][PASSED] - click: Object: 'Object Repository/Final Object Repo/Creating Employer Account/Page_Registration - ASSIST (Base)/Registration Type' is clicked on

2018-12-07 15:55:54 - [MESSAGE][PASSED] - Object: 'Object Repository/Final Object Repo/Creating Employer Account/Page_Registration - ASSIST (Base)/Registration Type' is clicked on

2018-12-07 15:55:54 - [TEST_STEP][PASSED] - delay: Delayed 2 second(s)

2018-12-07 15:55:56 - [MESSAGE][PASSED] - Delayed 2 second(s)

2018-12-07 15:55:56 - [TEST_STEP][PASSED] - click: Object: 'Object Repository/Final Object Repo/Creating Employer Account/Page_Registration - ASSIST (Base)/Registration Type - Registration No' is clicked on

2018-12-07 15:55:56 - [MESSAGE][PASSED] - Object: 'Object Repository/Final Object Repo/Creating Employer Account/Page_Registration - ASSIST (Base)/Registration Type - Registration No' is clicked on

2018-12-07 15:55:56 - [TEST_STEP][PASSED] - delay: Delayed 2 second(s)

2018-12-07 15:55:58 - [MESSAGE][PASSED] - Delayed 2 second(s)

2018-12-07 15:55:58 - [TEST_STEP][PASSED] - setText: Text '1234567890' is set on object 'Object Repository/Final Object Repo/Creating Employer Account/Page_Registration - ASSIST (Base)/Registration Number'

2018-12-07 15:55:59 - [MESSAGE][PASSED] - Text '1234567890' is set on object 'Object Repository/Final Object Repo/Creating Employer Account/Page_Registration - ASSIST (Base)/Registration Number'

2018-12-07 15:55:59 - [TEST_STEP][PASSED] - delay: Delayed 2 second(s)

2018-12-07 15:56:01 - [MESSAGE][PASSED] - Delayed 2 second(s)

2018-12-07 15:56:01 - [TEST_STEP][PASSED] - setText: Text 'ADDRESS 1' is set on object 'Object Repository/Final Object Repo/Creating Employer Account/Page_Registration - ASSIST (Base)/Postal Address 1'

2018-12-07 15:56:01 - [MESSAGE][PASSED] - Text 'ADDRESS 1' is set on object 'Object Repository/Final Object Repo/Creating Employer Account/Page_Registration - ASSIST (Base)/Postal Address 1'

2018-12-07 15:56:01 - [TEST_STEP][PASSED] - setText: Text 'ADDRESS 2' is set on object 'Object Repository/Final Object Repo/Creating Employer Account/Page_Registration - ASSIST (Base)/Postal Address 2'

2018-12-07 15:56:01 - [MESSAGE][PASSED] - Text 'ADDRESS 2' is set on object 'Object Repository/Final Object Repo/Creating Employer Account/Page_Registration - ASSIST (Base)/Postal Address 2'

2018-12-07 15:56:01 - [TEST_STEP][PASSED] - click: Object: 'Object Repository/Final Object Repo/Creating Employer Account/Page_Registration - ASSIST (Base)/State' is clicked on

2018-12-07 15:56:01 - [MESSAGE][PASSED] - Object: 'Object Repository/Final Object Repo/Creating Employer Account/Page_Registration - ASSIST (Base)/State' is clicked on

2018-12-07 15:56:01 - [TEST_STEP][PASSED] - delay: Delayed 2 second(s)

2018-12-07 15:56:03 - [MESSAGE][PASSED] - Delayed 2 second(s)

2018-12-07 15:56:03 - [TEST_STEP][PASSED] - click: Object: 'Object Repository/Final Object Repo/Creating Employer Account/Page_Registration - ASSIST (Base)/State - Johor' is clicked on

2018-12-07 15:56:04 - [MESSAGE][PASSED] - Object: 'Object Repository/Final Object Repo/Creating Employer Account/Page_Registration - ASSIST (Base)/State - Johor' is clicked on

2018-12-07 15:56:04 - [TEST_STEP][PASSED] - delay: Delayed 2 second(s)

2018-12-07 15:56:06 - [MESSAGE][PASSED] - Delayed 2 second(s)

2018-12-07 15:56:06 - [TEST_STEP][PASSED] - click: Object: 'Object Repository/Final Object Repo/Creating Employer Account/Page_Registration - ASSIST (Base)/City' is clicked on

2018-12-07 15:56:06 - [MESSAGE][PASSED] - Object: 'Object Repository/Final Object Repo/Creating Employer Account/Page_Registration - ASSIST (Base)/City' is clicked on

2018-12-07 15:56:06 - [TEST_STEP][PASSED] - delay: Delayed 2 second(s)

2018-12-07 15:56:08 - [MESSAGE][PASSED] - Delayed 2 second(s)

2018-12-07 15:56:08 - [TEST_STEP][PASSED] - setText: Text 'joh' is set on object 'Object Repository/Final Object Repo/Creating Employer Account/Page_Registration - ASSIST (Base)/City - joh'

2018-12-07 15:56:08 - [MESSAGE][PASSED] - Text 'joh' is set on object 'Object Repository/Final Object Repo/Creating Employer Account/Page_Registration - ASSIST (Base)/City - joh'

2018-12-07 15:56:08 - [TEST_STEP][PASSED] - delay: Delayed 2 second(s)

2018-12-07 15:56:10 - [MESSAGE][PASSED] - Delayed 2 second(s)

2018-12-07 15:56:10 - [TEST_STEP][PASSED] - click: Object: 'Object Repository/Final Object Repo/Creating Employer Account/Page_Registration - ASSIST (Base)/City - Johor Bharu' is clicked on

2018-12-07 15:56:10 - [MESSAGE][PASSED] - Object: 'Object Repository/Final Object Repo/Creating Employer Account/Page_Registration - ASSIST (Base)/City - Johor Bharu' is clicked on

2018-12-07 15:56:10 - [TEST_STEP][PASSED] - delay: Delayed 2 second(s)

2018-12-07 15:56:12 - [MESSAGE][PASSED] - Delayed 2 second(s)

2018-12-07 15:56:12 - [TEST_STEP][PASSED] - click: Object: 'Object Repository/Final Object Repo/Creating Employer Account/Page_Registration - ASSIST (Base)/Post Code' is clicked on

2018-12-07 15:56:13 - [MESSAGE][PASSED] - Object: 'Object Repository/Final Object Repo/Creating Employer Account/Page_Registration - ASSIST (Base)/Post Code' is clicked on

2018-12-07 15:56:13 - [TEST_STEP][PASSED] - delay: Delayed 2 second(s)

2018-12-07 15:56:15 - [MESSAGE][PASSED] - Delayed 2 second(s)

2018-12-07 15:56:15 - [TEST_STEP][PASSED] - setText: Text '810' is set on object 'Object Repository/Final Object Repo/Creating Employer Account/Page_Registration - ASSIST (Base)/Post Code - 810'

2018-12-07 15:56:15 - [MESSAGE][PASSED] - Text '810' is set on object 'Object Repository/Final Object Repo/Creating Employer Account/Page_Registration - ASSIST (Base)/Post Code - 810'

2018-12-07 15:56:15 - [TEST_STEP][PASSED] - delay: Delayed 2 second(s)

2018-12-07 15:56:17 - [MESSAGE][PASSED] - Delayed 2 second(s)

2018-12-07 15:56:17 - [TEST_STEP][PASSED] - click: Object: 'Object Repository/Final Object Repo/Creating Employer Account/Page_Registration - ASSIST (Base)/Post Code - 81000' is clicked on

2018-12-07 15:56:17 - [MESSAGE][PASSED] - Object: 'Object Repository/Final Object Repo/Creating Employer Account/Page_Registration - ASSIST (Base)/Post Code - 81000' is clicked on

2018-12-07 15:56:17 - [TEST_STEP][PASSED] - delay: Delayed 2 second(s)

2018-12-07 15:56:19 - [MESSAGE][PASSED] - Delayed 2 second(s)

2018-12-07 15:56:19 - [TEST_STEP][PASSED] - setText: Text 'PERKESO' is set on object 'Object Repository/Final Object Repo/Creating Employer Account/Page_Registration - ASSIST (Base)/Full Name'

2018-12-07 15:56:19 - [MESSAGE][PASSED] - Text 'PERKESO' is set on object 'Object Repository/Final Object Repo/Creating Employer Account/Page_Registration - ASSIST (Base)/Full Name'

2018-12-07 15:56:19 - [TEST_STEP][PASSED] - Statement - rnd = new java.util.Random(): null

2018-12-07 15:56:19 - [TEST_STEP][PASSED] - Statement - snum = rnd.nextInt(899999 + 1) + 100000: null

2018-12-07 15:56:19 - [TEST_STEP][PASSED] - Statement - tnum = rnd.nextInt(899999 + 1) + 100000: null

2018-12-07 15:56:19 - [TEST_STEP][PASSED] - Statement - IC = java.lang.Integer.toString(snum) + java.lang.Integer.toString(tnum): null

2018-12-07 15:56:19 - [TEST_STEP][PASSED] - Statement - out.println(IC): null

2018-12-07 15:56:19 - [TEST_STEP][PASSED] - setText: Text '249375654699' is set on object 'Object Repository/Final Object Repo/Creating Employer Account/Page_Registration - ASSIST (Base)/Identification Number'

2018-12-07 15:56:20 - [MESSAGE][PASSED] - Text '249375654699' is set on object 'Object Repository/Final Object Repo/Creating Employer Account/Page_Registration - ASSIST (Base)/Identification Number'

2018-12-07 15:56:20 - [TEST_STEP][PASSED] - delay: Delayed 2 second(s)

2018-12-07 15:56:22 - [MESSAGE][PASSED] - Delayed 2 second(s)

2018-12-07 15:56:22 - [TEST_STEP][PASSED] - setText: Text '123456789012' is set on object 'Object Repository/Final Object Repo/Creating Employer Account/Page_Registration - ASSIST (Base)/Contact Number'

2018-12-07 15:56:22 - [MESSAGE][PASSED] - Text '123456789012' is set on object 'Object Repository/Final Object Repo/Creating Employer Account/Page_Registration - ASSIST (Base)/Contact Number'

2018-12-07 15:56:22 - [TEST_STEP][PASSED] - Statement - Email = "perkeso" + IC + "@gmail.com": null

2018-12-07 15:56:22 - [TEST_STEP][PASSED] - delay: Delayed 2 second(s)

2018-12-07 15:56:24 - [MESSAGE][PASSED] - Delayed 2 second(s)

2018-12-07 15:56:24 - [TEST_STEP][PASSED] - callTestCase: Call Test Case 'Test Cases/Final Aug 2018 - PKS Automation/Create Employer Acc/Template/Employer Email Settler' successfully

2018-12-07 15:56:24 - [TEST_CASE][PASSED] - Test Cases/Final Aug 2018 - PKS Automation/Create Employer Acc/Template/Employer Email Settler: Test Cases/Final Aug 2018 - PKS Automation/Create Employer Acc/Template/Employer Email Settler

2018-12-07 15:56:24 - [TEST_STEP][PASSED] - Statement - EmpEmailOld = new java.io.File(C://Users//Admin//Desktop//PKS//Automation Reference Point//EmpEmail.txt): null

2018-12-07 15:56:24 - [TEST_STEP][PASSED] - Statement - EmpEmailOld.delete(): null

2018-12-07 15:56:24 - [TEST_STEP][PASSED] - delay: Delayed 5 second(s)

2018-12-07 15:56:29 - [MESSAGE][PASSED] - Delayed 5 second(s)

2018-12-07 15:56:29 - [TEST_STEP][PASSED] - Statement - EmpEmail = new java.io.File(C://Users//Admin//Desktop//PKS//Automation Reference Point//EmpEmail.txt): null

2018-12-07 15:56:29 - [TEST_STEP][PASSED] - Statement - f2 = new java.io.FileWriter(EmpEmail, false): null

2018-12-07 15:56:29 - [TEST_STEP][PASSED] - Statement - f2.write(Email): null

2018-12-07 15:56:29 - [TEST_STEP][PASSED] - Statement - f2.close(): null

2018-12-07 15:56:29 - [TEST_STEP][PASSED] - Statement - out.println(Email): null

2018-12-07 15:56:29 - [MESSAGE][PASSED] - Call Test Case 'Test Cases/Final Aug 2018 - PKS Automation/Create Employer Acc/Template/Employer Email Settler' successfully

2018-12-07 15:56:29 - [TEST_STEP][PASSED] - delay: Delayed 2 second(s)

2018-12-07 15:56:31 - [MESSAGE][PASSED] - Delayed 2 second(s)

2018-12-07 15:56:31 - [TEST_STEP][PASSED] - setText: Text 'perkeso249375654699@gmail.com' is set on object 'Object Repository/Final Object Repo/Creating Employer Account/Page_Registration - ASSIST (Base)/Email'

2018-12-07 15:56:32 - [MESSAGE][PASSED] - Text 'perkeso249375654699@gmail.com' is set on object 'Object Repository/Final Object Repo/Creating Employer Account/Page_Registration - ASSIST (Base)/Email'

2018-12-07 15:56:32 - [TEST_STEP][PASSED] - setText: Text '123' is set on object 'Object Repository/Final Object Repo/Creating Employer Account/Page_Registration - ASSIST (Base)/Security Phase'

2018-12-07 15:56:32 - [MESSAGE][PASSED] - Text '123' is set on object 'Object Repository/Final Object Repo/Creating Employer Account/Page_Registration - ASSIST (Base)/Security Phase'

2018-12-07 15:56:32 - [TEST_STEP][PASSED] - click: Object: 'Object Repository/Final Object Repo/Creating Employer Account/Page_Registration - ASSIST (Base)/Save  Continue' is clicked on

2018-12-07 15:56:32 - [MESSAGE][PASSED] - Object: 'Object Repository/Final Object Repo/Creating Employer Account/Page_Registration - ASSIST (Base)/Save  Continue' is clicked on

2018-12-07 15:56:32 - [TEST_STEP][PASSED] - delay: Delayed 2 second(s)

2018-12-07 15:56:34 - [MESSAGE][PASSED] - Delayed 2 second(s)

2018-12-07 15:56:34 - [TEST_STEP][PASSED] - click: Object: 'Object Repository/Final Object Repo/Creating Employer Account/Page_Registration - ASSIST (Base)/Add Document' is clicked on

2018-12-07 15:56:34 - [MESSAGE][PASSED] - Object: 'Object Repository/Final Object Repo/Creating Employer Account/Page_Registration - ASSIST (Base)/Add Document' is clicked on

2018-12-07 15:56:34 - [TEST_STEP][PASSED] - delay: Delayed 2 second(s)

2018-12-07 15:56:36 - [MESSAGE][PASSED] - Delayed 2 second(s)

2018-12-07 15:56:36 - [TEST_STEP][PASSED] - click: Object: 'Object Repository/Final Object Repo/Creating Employer Account/Page_Registration - ASSIST (Base)/Document Type' is clicked on

2018-12-07 15:56:36 - [MESSAGE][PASSED] - Object: 'Object Repository/Final Object Repo/Creating Employer Account/Page_Registration - ASSIST (Base)/Document Type' is clicked on

2018-12-07 15:56:36 - [TEST_STEP][PASSED] - delay: Delayed 2 second(s)

2018-12-07 15:56:38 - [MESSAGE][PASSED] - Delayed 2 second(s)

2018-12-07 15:56:38 - [TEST_STEP][PASSED] - click: Object: 'Object Repository/Final Object Repo/Creating Employer Account/Page_Registration - ASSIST (Base)/Document Type - Letter of Authorization' is clicked on

2018-12-07 15:56:39 - [MESSAGE][PASSED] - Object: 'Object Repository/Final Object Repo/Creating Employer Account/Page_Registration - ASSIST (Base)/Document Type - Letter of Authorization' is clicked on

2018-12-07 15:56:39 - [TEST_STEP][PASSED] - delay: Delayed 2 second(s)

2018-12-07 15:56:41 - [MESSAGE][PASSED] - Delayed 2 second(s)

2018-12-07 15:56:41 - [TEST_STEP][PASSED] - sendKeys: Keys 'C:\Users\Public\Pictures\Sample Pictures\Koala.jpg' sent to object: 'Object Repository/Final Object Repo/Creating Employer Account/Page_Registration - ASSIST (Base)/Uploading File'

2018-12-07 15:56:41 - [MESSAGE][PASSED] - Keys 'C:\Users\Public\Pictures\Sample Pictures\Koala.jpg' sent to object: 'Object Repository/Final Object Repo/Creating Employer Account/Page_Registration - ASSIST (Base)/Uploading File'

2018-12-07 15:56:41 - [TEST_STEP][PASSED] - delay: Delayed 2 second(s)

2018-12-07 15:56:43 - [MESSAGE][PASSED] - Delayed 2 second(s)

2018-12-07 15:56:43 - [TEST_STEP][PASSED] - click: Object: 'Object Repository/Final Object Repo/Creating Employer Account/Page_Registration - ASSIST (Base)/Add Document in Uploading File' is clicked on

2018-12-07 15:56:43 - [MESSAGE][PASSED] - Object: 'Object Repository/Final Object Repo/Creating Employer Account/Page_Registration - ASSIST (Base)/Add Document in Uploading File' is clicked on

2018-12-07 15:56:43 - [TEST_STEP][PASSED] - delay: Delayed 2 second(s)

2018-12-07 15:56:45 - [MESSAGE][PASSED] - Delayed 2 second(s)

2018-12-07 15:56:45 - [TEST_STEP][PASSED] - click: Object: 'Object Repository/Final Object Repo/Creating Employer Account/Page_Registration - ASSIST (Base)/Save' is clicked on

2018-12-07 15:56:45 - [MESSAGE][PASSED] - Object: 'Object Repository/Final Object Repo/Creating Employer Account/Page_Registration - ASSIST (Base)/Save' is clicked on

2018-12-07 15:56:45 - [TEST_STEP][PASSED] - delay: Delayed 2 second(s)

2018-12-07 15:56:47 - [MESSAGE][PASSED] - Delayed 2 second(s)

2018-12-07 15:56:47 - [TEST_STEP][PASSED] - click: Object: 'Object Repository/Final Object Repo/Creating Employer Account/Page_Registration - ASSIST (Base)/Submit' is clicked on

2018-12-07 15:56:47 - [MESSAGE][PASSED] - Object: 'Object Repository/Final Object Repo/Creating Employer Account/Page_Registration - ASSIST (Base)/Submit' is clicked on

2018-12-07 15:56:47 - [TEST_STEP][PASSED] - delay: Delayed 2 second(s)

2018-12-07 15:56:49 - [MESSAGE][PASSED] - Delayed 2 second(s)

2018-12-07 15:56:49 - [TEST_STEP][PASSED] - click: Object: 'Object Repository/Final Object Repo/Creating Employer Account/Page_Registration - ASSIST (Base)/Confirm' is clicked on

2018-12-07 15:56:50 - [MESSAGE][PASSED] - Object: 'Object Repository/Final Object Repo/Creating Employer Account/Page_Registration - ASSIST (Base)/Confirm' is clicked on

2018-12-07 15:56:50 - [MESSAGE][PASSED] - Call Test Case 'Test Cases/Final Aug 2018 - PKS Automation/Create Employer Acc/Template/Register Employer' successfully

2018-12-07 15:56:50 - [TEST_STEP][PASSED] - delay: Delayed 1 second(s)

2018-12-07 15:56:51 - [MESSAGE][PASSED] - Delayed 1 second(s)

2018-12-07 15:56:51 - [TEST_STEP][PASSED] - navigateToUrl: Navigate to 'https://assist2-uat.perkeso.gov.my/c/portal/logout' successfully

2018-12-07 15:56:52 - [MESSAGE][PASSED] - Navigate to 'https://assist2-uat.perkeso.gov.my/c/portal/logout' successfully

2018-12-07 15:56:52 - [TEST_STEP][PASSED] - delay: Delayed 1 second(s)

2018-12-07 15:56:53 - [MESSAGE][PASSED] - Delayed 1 second(s)

2018-12-07 15:56:53 - [TEST_STEP][PASSED] - callTestCase: Call Test Case 'Test Cases/Final Aug 2018 - PKS Automation/Create Employer Acc/Template/Change Password of Employer' successfully

2018-12-07 15:56:54 - [TEST_CASE][PASSED] - Test Cases/Final Aug 2018 - PKS Automation/Create Employer Acc/Template/Change Password of Employer: Test Cases/Final Aug 2018 - PKS Automation/Create Employer Acc/Template/Change Password of Employer

2018-12-07 15:56:54 - [TEST_STEP][PASSED] - openBrowser: Browser is opened with url: ''

2018-12-07 15:56:54 - [MESSAGE][WARNING] - A browser is already opened. Closing browser and opening a new one

2018-12-07 15:56:56 - [MESSAGE][PASSED] - Browser is opened with url: ''

2018-12-07 15:56:56 - [TEST_STEP][PASSED] - navigateToUrl: Navigate to 'https://assist2-uat.perkeso.gov.my/login' successfully

2018-12-07 15:56:58 - [MESSAGE][PASSED] - Navigate to 'https://assist2-uat.perkeso.gov.my/login' successfully

2018-12-07 15:56:58 - [TEST_STEP][PASSED] - delay: Delayed 5 second(s)

2018-12-07 15:57:03 - [MESSAGE][PASSED] - Delayed 5 second(s)

2018-12-07 15:57:03 - [TEST_STEP][PASSED] - setText: Text 'test@liferay.com' is set on object 'Object Repository/Final Object Repo/Login Page/Internal User/Email Address'

2018-12-07 15:57:03 - [MESSAGE][PASSED] - Text 'test@liferay.com' is set on object 'Object Repository/Final Object Repo/Login Page/Internal User/Email Address'

2018-12-07 15:57:03 - [TEST_STEP][PASSED] - click: Object: 'Object Repository/Final Object Repo/Login Page/Internal User/Next Button' is clicked on

2018-12-07 15:57:03 - [MESSAGE][PASSED] - Object: 'Object Repository/Final Object Repo/Login Page/Internal User/Next Button' is clicked on

2018-12-07 15:57:03 - [TEST_STEP][PASSED] - delay: Delayed 2 second(s)

2018-12-07 15:57:05 - [MESSAGE][PASSED] - Delayed 2 second(s)

2018-12-07 15:57:05 - [TEST_STEP][PASSED] - setText: Text 'test' is set on object 'Object Repository/Final Object Repo/Login Page/Internal User/Password'

2018-12-07 15:57:06 - [MESSAGE][PASSED] - Text 'test' is set on object 'Object Repository/Final Object Repo/Login Page/Internal User/Password'

2018-12-07 15:57:06 - [TEST_STEP][PASSED] - delay: Delayed 2 second(s)

2018-12-07 15:57:08 - [MESSAGE][PASSED] - Delayed 2 second(s)

2018-12-07 15:57:08 - [TEST_STEP][PASSED] - click: Object: 'Object Repository/Final Object Repo/Login Page/Internal User/Login Button' is clicked on

2018-12-07 15:57:08 - [MESSAGE][PASSED] - Object: 'Object Repository/Final Object Repo/Login Page/Internal User/Login Button' is clicked on

2018-12-07 15:57:08 - [TEST_STEP][PASSED] - delay: Delayed 3 second(s)

2018-12-07 15:57:11 - [MESSAGE][PASSED] - Delayed 3 second(s)

2018-12-07 15:57:11 - [TEST_STEP][PASSED] - navigateToUrl: Navigate to 'https://assist2-uat.perkeso.gov.my/group/control_panel/manage?p_p_id=125&p_p_lifecycle=0&p_p_state=maximized&p_p_mode=view&refererPlid=20455&_125_usersListView=flat-users&_125_toolbarItem=view-all-users&_125_saveUsersListView=true&_125_struts_action=%2Fusers_admin%2Fview' successfully

2018-12-07 15:57:12 - [MESSAGE][PASSED] - Navigate to 'https://assist2-uat.perkeso.gov.my/group/control_panel/manage?p_p_id=125&p_p_lifecycle=0&p_p_state=maximized&p_p_mode=view&refererPlid=20455&_125_usersListView=flat-users&_125_toolbarItem=view-all-users&_125_saveUsersListView=true&_125_struts_action=%2Fusers_admin%2Fview' successfully

2018-12-07 15:57:12 - [TEST_STEP][PASSED] - delay: Delayed 3 second(s)

2018-12-07 15:57:15 - [MESSAGE][PASSED] - Delayed 3 second(s)

2018-12-07 15:57:15 - [TEST_STEP][PASSED] - setText: Text 'perkeso249375654699@gmail.com' is set on object 'Object Repository/Final Object Repo/Creating Employer Account/Page_Users and Organizations - ASSIST/Employer name'

2018-12-07 15:57:16 - [MESSAGE][PASSED] - Text 'perkeso249375654699@gmail.com' is set on object 'Object Repository/Final Object Repo/Creating Employer Account/Page_Users and Organizations - ASSIST/Employer name'

2018-12-07 15:57:16 - [TEST_STEP][PASSED] - delay: Delayed 3 second(s)

2018-12-07 15:57:19 - [MESSAGE][PASSED] - Delayed 3 second(s)

2018-12-07 15:57:19 - [TEST_STEP][PASSED] - click: Object: 'Object Repository/Final Object Repo/Creating Employer Account/Page_Users and Organizations - ASSIST/Search' is clicked on

2018-12-07 15:57:19 - [MESSAGE][PASSED] - Object: 'Object Repository/Final Object Repo/Creating Employer Account/Page_Users and Organizations - ASSIST/Search' is clicked on

2018-12-07 15:57:19 - [TEST_STEP][PASSED] - delay: Delayed 3 second(s)

2018-12-07 15:57:22 - [MESSAGE][PASSED] - Delayed 3 second(s)

2018-12-07 15:57:22 - [TEST_STEP][PASSED] - click: Object: 'Object Repository/Final Object Repo/Creating Employer Account/Page_Users and Organizations - ASSIST/Action' is clicked on

2018-12-07 15:57:22 - [MESSAGE][PASSED] - Object: 'Object Repository/Final Object Repo/Creating Employer Account/Page_Users and Organizations - ASSIST/Action' is clicked on

2018-12-07 15:57:22 - [TEST_STEP][PASSED] - delay: Delayed 3 second(s)

2018-12-07 15:57:25 - [MESSAGE][PASSED] - Delayed 3 second(s)

2018-12-07 15:57:25 - [TEST_STEP][PASSED] - click: Object: 'Object Repository/Final Object Repo/Creating Employer Account/Page_Users and Organizations - ASSIST/Edit' is clicked on

2018-12-07 15:57:27 - [MESSAGE][PASSED] - Object: 'Object Repository/Final Object Repo/Creating Employer Account/Page_Users and Organizations - ASSIST/Edit' is clicked on

2018-12-07 15:57:27 - [TEST_STEP][PASSED] - delay: Delayed 3 second(s)

2018-12-07 15:57:30 - [MESSAGE][PASSED] - Delayed 3 second(s)

2018-12-07 15:57:30 - [TEST_STEP][PASSED] - click: Object: 'Object Repository/Final Object Repo/Creating Employer Account/Page_PERKESO - Users and Organizati/a_Password (Modified)' is clicked on

2018-12-07 15:57:30 - [MESSAGE][PASSED] - Object: 'Object Repository/Final Object Repo/Creating Employer Account/Page_PERKESO - Users and Organizati/a_Password (Modified)' is clicked on

2018-12-07 15:57:30 - [TEST_STEP][PASSED] - delay: Delayed 3 second(s)

2018-12-07 15:57:33 - [MESSAGE][PASSED] - Delayed 3 second(s)

2018-12-07 15:57:33 - [TEST_STEP][PASSED] - setEncryptedText: Text ****** has been set on object 'Object Repository/Final Object Repo/Creating Employer Account/Page_PERKESO - Users and Organizati/input__125_password1'

2018-12-07 15:57:33 - [MESSAGE][PASSED] - Text ****** has been set on object 'Object Repository/Final Object Repo/Creating Employer Account/Page_PERKESO - Users and Organizati/input__125_password1'

2018-12-07 15:57:33 - [TEST_STEP][PASSED] - delay: Delayed 3 second(s)

2018-12-07 15:57:36 - [MESSAGE][PASSED] - Delayed 3 second(s)

2018-12-07 15:57:36 - [TEST_STEP][PASSED] - setEncryptedText: Text ****** has been set on object 'Object Repository/Final Object Repo/Creating Employer Account/Page_PERKESO - Users and Organizati/input__125_password2'

2018-12-07 15:57:37 - [MESSAGE][PASSED] - Text ****** has been set on object 'Object Repository/Final Object Repo/Creating Employer Account/Page_PERKESO - Users and Organizati/input__125_password2'

2018-12-07 15:57:37 - [TEST_STEP][PASSED] - delay: Delayed 3 second(s)

2018-12-07 15:57:40 - [MESSAGE][PASSED] - Delayed 3 second(s)

2018-12-07 15:57:40 - [TEST_STEP][PASSED] - click: Object: 'Object Repository/Final Object Repo/Creating Employer Account/Page_PERKESO - Users and Organizati/Save' is clicked on

2018-12-07 15:57:41 - [MESSAGE][PASSED] - Object: 'Object Repository/Final Object Repo/Creating Employer Account/Page_PERKESO - Users and Organizati/Save' is clicked on

2018-12-07 15:57:41 - [MESSAGE][PASSED] - Call Test Case 'Test Cases/Final Aug 2018 - PKS Automation/Create Employer Acc/Template/Change Password of Employer' successfully

2018-12-07 15:57:41 - [TEST_STEP][PASSED] - delay: Delayed 1 second(s)

2018-12-07 15:57:42 - [MESSAGE][PASSED] - Delayed 1 second(s)

2018-12-07 15:57:42 - [TEST_STEP][PASSED] - navigateToUrl: Navigate to 'https://assist2-uat.perkeso.gov.my/c/portal/logout' successfully

2018-12-07 15:57:43 - [MESSAGE][PASSED] - Navigate to 'https://assist2-uat.perkeso.gov.my/c/portal/logout' successfully

2018-12-07 15:57:43 - [TEST_STEP][PASSED] - delay: Delayed 1 second(s)

2018-12-07 15:57:44 - [MESSAGE][PASSED] - Delayed 1 second(s)

2018-12-07 15:57:44 - [TEST_STEP][PASSED] - callTestCase: Call Test Case 'Test Cases/Final Aug 2018 - PKS Automation/Create Employer Acc/Template/Login to Employer Account (First Time)' successfully

2018-12-07 15:57:44 - [TEST_CASE][PASSED] - Test Cases/Final Aug 2018 - PKS Automation/Create Employer Acc/Template/Login to Employer Account (First Time): Test Cases/Final Aug 2018 - PKS Automation/Create Employer Acc/Template/Login to Employer Account (First Time)

2018-12-07 15:57:44 - [TEST_STEP][PASSED] - openBrowser: Browser is opened with url: ''

2018-12-07 15:57:44 - [MESSAGE][WARNING] - A browser is already opened. Closing browser and opening a new one

2018-12-07 15:57:47 - [MESSAGE][PASSED] - Browser is opened with url: ''

2018-12-07 15:57:47 - [TEST_STEP][PASSED] - navigateToUrl: Navigate to 'https://assist2-uat.perkeso.gov.my/employer/login' successfully

2018-12-07 15:57:49 - [MESSAGE][PASSED] - Navigate to 'https://assist2-uat.perkeso.gov.my/employer/login' successfully

2018-12-07 15:57:49 - [TEST_STEP][PASSED] - delay: Delayed 3 second(s)

2018-12-07 15:57:52 - [MESSAGE][PASSED] - Delayed 3 second(s)

2018-12-07 15:57:52 - [TEST_STEP][PASSED] - callTestCase: Call Test Case 'Test Cases/Final Aug 2018 - PKS Automation/Create Employer Acc/Template/Employer Email Getter' successfully

2018-12-07 15:57:52 - [TEST_CASE][PASSED] - Test Cases/Final Aug 2018 - PKS Automation/Create Employer Acc/Template/Employer Email Getter: Test Cases/Final Aug 2018 - PKS Automation/Create Employer Acc/Template/Employer Email Getter

2018-12-07 15:57:52 - [TEST_STEP][PASSED] - Statement - Try: null

2018-12-07 15:57:52 - [TEST_STEP][PASSED] - Statement - EmpEmail = new java.io.File(C://Users//Admin//Desktop//PKS//Automation Reference Point//EmpEmail.txt): null

2018-12-07 15:57:52 - [TEST_STEP][PASSED] - Statement - bufferread = new java.io.BufferedReader(new java.io.FileReader(EmpEmail)): null

2018-12-07 15:57:52 - [TEST_STEP][PASSED] - Statement - readedVal = bufferread.readLine(): null

2018-12-07 15:57:52 - [TEST_STEP][PASSED] - Statement - out.println(readedVal): null

2018-12-07 15:57:52 - [TEST_STEP][PASSED] - Statement - Email = readedVal: null

2018-12-07 15:57:52 - [MESSAGE][PASSED] - Call Test Case 'Test Cases/Final Aug 2018 - PKS Automation/Create Employer Acc/Template/Employer Email Getter' successfully

2018-12-07 15:57:52 - [TEST_STEP][PASSED] - setText: Text 'perkeso249375654699@gmail.com' is set on object 'Object Repository/Final Object Repo/Login Page/External Login Page/Email'

2018-12-07 15:57:52 - [MESSAGE][PASSED] - Text 'perkeso249375654699@gmail.com' is set on object 'Object Repository/Final Object Repo/Login Page/External Login Page/Email'

2018-12-07 15:57:52 - [TEST_STEP][PASSED] - click: Object: 'Object Repository/Final Object Repo/Login Page/External Login Page/Next' is clicked on

2018-12-07 15:57:52 - [MESSAGE][PASSED] - Object: 'Object Repository/Final Object Repo/Login Page/External Login Page/Next' is clicked on

2018-12-07 15:57:52 - [TEST_STEP][PASSED] - delay: Delayed 3 second(s)

2018-12-07 15:57:55 - [MESSAGE][PASSED] - Delayed 3 second(s)

2018-12-07 15:57:55 - [TEST_STEP][PASSED] - setEncryptedText: Text ****** has been set on object 'Object Repository/Final Object Repo/Login Page/External Login Page/Password'

2018-12-07 15:57:56 - [MESSAGE][PASSED] - Text ****** has been set on object 'Object Repository/Final Object Repo/Login Page/External Login Page/Password'

2018-12-07 15:57:56 - [TEST_STEP][PASSED] - click: Object: 'Object Repository/Final Object Repo/Login Page/External Login Page/Login' is clicked on

2018-12-07 15:57:56 - [MESSAGE][PASSED] - Object: 'Object Repository/Final Object Repo/Login Page/External Login Page/Login' is clicked on

2018-12-07 15:57:56 - [TEST_STEP][PASSED] - delay: Delayed 3 second(s)

2018-12-07 15:57:59 - [MESSAGE][PASSED] - Delayed 3 second(s)

2018-12-07 15:57:59 - [TEST_STEP][PASSED] - click: Object: 'Object Repository/Final Object Repo/Creating Employer Account/Page_Terms of Use - ASSIST/button_I Agree' is clicked on

2018-12-07 15:58:00 - [MESSAGE][PASSED] - Object: 'Object Repository/Final Object Repo/Creating Employer Account/Page_Terms of Use - ASSIST/button_I Agree' is clicked on

2018-12-07 15:58:00 - [TEST_STEP][PASSED] - delay: Delayed 2 second(s)

2018-12-07 15:58:02 - [MESSAGE][PASSED] - Delayed 2 second(s)

2018-12-07 15:58:02 - [TEST_STEP][PASSED] - setEncryptedText: Text ****** has been set on object 'Object Repository/Final Object Repo/Creating Employer Account/Page_New Password - ASSIST/input_password1'

2018-12-07 15:58:02 - [MESSAGE][PASSED] - Text ****** has been set on object 'Object Repository/Final Object Repo/Creating Employer Account/Page_New Password - ASSIST/input_password1'

2018-12-07 15:58:02 - [TEST_STEP][PASSED] - setEncryptedText: Text ****** has been set on object 'Object Repository/Final Object Repo/Creating Employer Account/Page_New Password - ASSIST/input_password2'

2018-12-07 15:58:02 - [MESSAGE][PASSED] - Text ****** has been set on object 'Object Repository/Final Object Repo/Creating Employer Account/Page_New Password - ASSIST/input_password2'

2018-12-07 15:58:02 - [TEST_STEP][PASSED] - delay: Delayed 2 second(s)

2018-12-07 15:58:04 - [MESSAGE][PASSED] - Delayed 2 second(s)

2018-12-07 15:58:04 - [TEST_STEP][PASSED] - click: Object: 'Object Repository/Final Object Repo/Creating Employer Account/Page_New Password - ASSIST/Save' is clicked on

2018-12-07 15:58:05 - [MESSAGE][PASSED] - Object: 'Object Repository/Final Object Repo/Creating Employer Account/Page_New Password - ASSIST/Save' is clicked on

2018-12-07 15:58:05 - [TEST_STEP][PASSED] - delay: Delayed 2 second(s)

2018-12-07 15:58:07 - [MESSAGE][PASSED] - Delayed 2 second(s)

2018-12-07 15:58:07 - [TEST_STEP][PASSED] - setText: Text 'test' is set on object 'Object Repository/Final Object Repo/Creating Employer Account/Page_Password Reminder - ASSIST/Reminder Query Answer'

2018-12-07 15:58:07 - [MESSAGE][PASSED] - Text 'test' is set on object 'Object Repository/Final Object Repo/Creating Employer Account/Page_Password Reminder - ASSIST/Reminder Query Answer'

2018-12-07 15:58:07 - [TEST_STEP][PASSED] - delay: Delayed 2 second(s)

2018-12-07 15:58:09 - [MESSAGE][PASSED] - Delayed 2 second(s)

2018-12-07 15:58:09 - [TEST_STEP][PASSED] - doubleClick: Object: 'Object Repository/Final Object Repo/Creating Employer Account/Page_Password Reminder - ASSIST/Save' is double clicked on

2018-12-07 15:58:09 - [MESSAGE][PASSED] - Object: 'Object Repository/Final Object Repo/Creating Employer Account/Page_Password Reminder - ASSIST/Save' is double clicked on

2018-12-07 15:58:09 - [MESSAGE][PASSED] - Call Test Case 'Test Cases/Final Aug 2018 - PKS Automation/Create Employer Acc/Template/Login to Employer Account (First Time)' successfully

2018-12-07 15:58:09 - [MESSAGE][PASSED] - Call Test Case 'Test Cases/Final Aug 2018 - PKS Automation/Create Employer Acc/Create Employer Account' successfully

2018-12-07 15:58:09 - [TEST_STEP][PASSED] - callTestCase: Call Test Case 'Test Cases/Final Aug 2018 - PKS Automation/Registration Module/Log Out/log out avoiding katalon tagging' successfully

2018-12-07 15:58:09 - [TEST_CASE][PASSED] - Test Cases/Final Aug 2018 - PKS Automation/Registration Module/Log Out/log out avoiding katalon tagging: Test Cases/Final Aug 2018 - PKS Automation/Registration Module/Log Out/log out avoiding katalon tagging

2018-12-07 15:58:09 - [TEST_STEP][PASSED] - navigateToUrl: Navigate to 'https://assist2-uat.perkeso.gov.my/c/portal/logout' successfully

2018-12-07 15:58:12 - [MESSAGE][PASSED] - Navigate to 'https://assist2-uat.perkeso.gov.my/c/portal/logout' successfully

2018-12-07 15:58:12 - [MESSAGE][PASSED] - Call Test Case 'Test Cases/Final Aug 2018 - PKS Automation/Registration Module/Log Out/log out avoiding katalon tagging' successfully

2018-12-07 15:58:12 - [TEST_STEP][PASSED] - callTestCase: Call Test Case 'Test Cases/Final Aug 2018 - PKS Automation/Create Employer Acc/Login to Employer Account (Second time)' successfully

2018-12-07 15:58:12 - [TEST_CASE][PASSED] - Test Cases/Final Aug 2018 - PKS Automation/Create Employer Acc/Login to Employer Account (Second time): Test Cases/Final Aug 2018 - PKS Automation/Create Employer Acc/Login to Employer Account (Second time)

2018-12-07 15:58:12 - [TEST_STEP][PASSED] - openBrowser: Browser is opened with url: ''

2018-12-07 15:58:12 - [MESSAGE][WARNING] - A browser is already opened. Closing browser and opening a new one

2018-12-07 15:58:15 - [MESSAGE][PASSED] - Browser is opened with url: ''

2018-12-07 15:58:15 - [TEST_STEP][PASSED] - navigateToUrl: Navigate to 'https://assist2-uat.perkeso.gov.my/employer/login' successfully

2018-12-07 15:58:16 - [MESSAGE][PASSED] - Navigate to 'https://assist2-uat.perkeso.gov.my/employer/login' successfully

2018-12-07 15:58:16 - [TEST_STEP][PASSED] - delay: Delayed 3 second(s)

2018-12-07 15:58:19 - [MESSAGE][PASSED] - Delayed 3 second(s)

2018-12-07 15:58:19 - [TEST_STEP][PASSED] - callTestCase: Call Test Case 'Test Cases/Final Aug 2018 - PKS Automation/Create Employer Acc/Template/Employer Email Getter' successfully

2018-12-07 15:58:19 - [TEST_CASE][PASSED] - Test Cases/Final Aug 2018 - PKS Automation/Create Employer Acc/Template/Employer Email Getter: Test Cases/Final Aug 2018 - PKS Automation/Create Employer Acc/Template/Employer Email Getter

2018-12-07 15:58:19 - [TEST_STEP][PASSED] - Statement - Try: null

2018-12-07 15:58:19 - [TEST_STEP][PASSED] - Statement - EmpEmail = new java.io.File(C://Users//Admin//Desktop//PKS//Automation Reference Point//EmpEmail.txt): null

2018-12-07 15:58:19 - [TEST_STEP][PASSED] - Statement - bufferread = new java.io.BufferedReader(new java.io.FileReader(EmpEmail)): null

2018-12-07 15:58:19 - [TEST_STEP][PASSED] - Statement - readedVal = bufferread.readLine(): null

2018-12-07 15:58:19 - [TEST_STEP][PASSED] - Statement - out.println(readedVal): null

2018-12-07 15:58:19 - [TEST_STEP][PASSED] - Statement - Email = readedVal: null

2018-12-07 15:58:19 - [MESSAGE][PASSED] - Call Test Case 'Test Cases/Final Aug 2018 - PKS Automation/Create Employer Acc/Template/Employer Email Getter' successfully

2018-12-07 15:58:19 - [TEST_STEP][PASSED] - setText: Text 'perkeso249375654699@gmail.com' is set on object 'Object Repository/Final Object Repo/Login Page/External Login Page/Email'

2018-12-07 15:58:20 - [MESSAGE][PASSED] - Text 'perkeso249375654699@gmail.com' is set on object 'Object Repository/Final Object Repo/Login Page/External Login Page/Email'

2018-12-07 15:58:20 - [TEST_STEP][PASSED] - click: Object: 'Object Repository/Final Object Repo/Login Page/External Login Page/Next' is clicked on

2018-12-07 15:58:20 - [MESSAGE][PASSED] - Object: 'Object Repository/Final Object Repo/Login Page/External Login Page/Next' is clicked on

2018-12-07 15:58:20 - [TEST_STEP][PASSED] - delay: Delayed 3 second(s)

2018-12-07 15:58:23 - [MESSAGE][PASSED] - Delayed 3 second(s)

2018-12-07 15:58:23 - [TEST_STEP][PASSED] - setEncryptedText: Text ****** has been set on object 'Object Repository/Final Object Repo/Login Page/External Login Page/Password'

2018-12-07 15:58:23 - [MESSAGE][PASSED] - Text ****** has been set on object 'Object Repository/Final Object Repo/Login Page/External Login Page/Password'

2018-12-07 15:58:23 - [TEST_STEP][PASSED] - click: Object: 'Object Repository/Final Object Repo/Login Page/External Login Page/Login' is clicked on

2018-12-07 15:58:23 - [MESSAGE][PASSED] - Object: 'Object Repository/Final Object Repo/Login Page/External Login Page/Login' is clicked on

2018-12-07 15:58:23 - [TEST_STEP][PASSED] - delay: Delayed 5 second(s)

2018-12-07 15:58:28 - [MESSAGE][PASSED] - Delayed 5 second(s)

2018-12-07 15:58:28 - [MESSAGE][PASSED] - Call Test Case 'Test Cases/Final Aug 2018 - PKS Automation/Create Employer Acc/Login to Employer Account (Second time)' successfully

2018-12-07 15:58:28 - [TEST_STEP][PASSED] - delay: Delayed 4 second(s)

2018-12-07 15:58:32 - [MESSAGE][PASSED] - Delayed 4 second(s)

2018-12-07 15:58:32 - [TEST_STEP][PASSED] - Statement - Try: Delayed 2 second(s)

2018-12-07 15:58:32 - [TEST_STEP][PASSED] - Statement - Checker = false: null

2018-12-07 15:58:32 - [TEST_STEP][PASSED] - Statement - Checker = com.kms.katalon.core.webui.keyword.WebUiBuiltInKeywords.verifyElementHasAttribute(com.kms.katalon.core.testobject.ObjectRepository.findTestObject(Final Object Repo/Landing Page/BM Detecting), "href", 20, OPTIONAL): Object 'Object Repository/Final Object Repo/Landing Page/BM Detecting' has attribute 'href'

2018-12-07 15:58:33 - [MESSAGE][PASSED] - Object 'Object Repository/Final Object Repo/Landing Page/BM Detecting' has attribute 'href'

2018-12-07 15:58:33 - [TEST_STEP][PASSED] - Statement - out.println(Checker): null

2018-12-07 15:58:33 - [TEST_STEP][PASSED] - Statement - If (Checker == false): null

2018-12-07 15:58:33 - [TEST_STEP][PASSED] - Statement - Else: null

2018-12-07 15:58:33 - [TEST_STEP][PASSED] - delay: Delayed 2 second(s)

2018-12-07 15:58:35 - [MESSAGE][PASSED] - Delayed 2 second(s)

2018-12-07 15:58:35 - [TEST_STEP][PASSED] - delay: Delayed 4 second(s)

2018-12-07 15:58:39 - [MESSAGE][PASSED] - Delayed 4 second(s)

2018-12-07 15:58:39 - [TEST_STEP][PASSED] - click: Object: 'Object Repository/Final Object Repo/Landing Page/My Sites Drop Down' is clicked on

2018-12-07 15:58:39 - [MESSAGE][PASSED] - Object: 'Object Repository/Final Object Repo/Landing Page/My Sites Drop Down' is clicked on

2018-12-07 15:58:39 - [TEST_STEP][PASSED] - click: Object: 'Object Repository/Final Object Repo/Landing Page/Select to Registration Module' is clicked on

2018-12-07 15:58:41 - [MESSAGE][PASSED] - Object: 'Object Repository/Final Object Repo/Landing Page/Select to Registration Module' is clicked on

2018-12-07 15:58:41 - [TEST_STEP][PASSED] - click: Object: 'Object Repository/Final Object Repo/Landing Page/Registration Button' is clicked on

2018-12-07 15:58:43 - [MESSAGE][PASSED] - Object: 'Object Repository/Final Object Repo/Landing Page/Registration Button' is clicked on

2018-12-07 15:58:43 - [TEST_STEP][PASSED] - delay: Delayed 2 second(s)

2018-12-07 15:58:45 - [MESSAGE][PASSED] - Delayed 2 second(s)

2018-12-07 15:58:45 - [TEST_STEP][PASSED] - click: Object: 'Object Repository/Final Object Repo/New Registration - Registration Module Pages/New Reg - OTC to RO/Special Case - OTC - Form 1/AEC NO' is clicked on

2018-12-07 15:58:45 - [MESSAGE][PASSED] - Object: 'Object Repository/Final Object Repo/New Registration - Registration Module Pages/New Reg - OTC to RO/Special Case - OTC - Form 1/AEC NO' is clicked on

2018-12-07 15:58:45 - [TEST_STEP][PASSED] - click: Object: 'Object Repository/Final Object Repo/New Registration - Registration Module Pages/New Reg - OTC to RO/Special Case - OTC - Form 1/Business Entity - Please Select' is clicked on

2018-12-07 15:58:45 - [MESSAGE][PASSED] - Object: 'Object Repository/Final Object Repo/New Registration - Registration Module Pages/New Reg - OTC to RO/Special Case - OTC - Form 1/Business Entity - Please Select' is clicked on

2018-12-07 15:58:45 - [TEST_STEP][PASSED] - click: Object: 'Object Repository/Final Object Repo/New Registration - Registration Module Pages/New Reg - OTC to RO/Special Case - OTC - Form 1/Selected - Corporation' is clicked on

2018-12-07 15:58:46 - [MESSAGE][PASSED] - Object: 'Object Repository/Final Object Repo/New Registration - Registration Module Pages/New Reg - OTC to RO/Special Case - OTC - Form 1/Selected - Corporation' is clicked on

2018-12-07 15:58:46 - [TEST_STEP][PASSED] - delay: Delayed 2 second(s)

2018-12-07 15:58:48 - [MESSAGE][PASSED] - Delayed 2 second(s)

2018-12-07 15:58:48 - [TEST_STEP][PASSED] - click: Object: 'Object Repository/Final Object Repo/New Registration - Registration Module Pages/New Reg - OTC to RO/Special Case - OTC - Form 1/Sub Business Entity - Please Select' is clicked on

2018-12-07 15:58:48 - [MESSAGE][PASSED] - Object: 'Object Repository/Final Object Repo/New Registration - Registration Module Pages/New Reg - OTC to RO/Special Case - OTC - Form 1/Sub Business Entity - Please Select' is clicked on

2018-12-07 15:58:48 - [TEST_STEP][PASSED] - delay: Delayed 2 second(s)

2018-12-07 15:58:50 - [MESSAGE][PASSED] - Delayed 2 second(s)

2018-12-07 15:58:50 - [TEST_STEP][PASSED] - click: Object: 'Object Repository/Final Object Repo/New Registration - Registration Module Pages/New Reg - OTC to RO/Special Case - OTC - Form 1/Selected - Sendirian Berhad' is clicked on

2018-12-07 15:58:50 - [MESSAGE][PASSED] - Object: 'Object Repository/Final Object Repo/New Registration - Registration Module Pages/New Reg - OTC to RO/Special Case - OTC - Form 1/Selected - Sendirian Berhad' is clicked on

2018-12-07 15:58:50 - [TEST_STEP][PASSED] - setText: Text 'AUTOMATE001' is set on object 'Object Repository/Final Object Repo/New Registration - Registration Module Pages/New Reg - OTC to RO/Special Case - OTC - Form 1/Input BRN Number'

2018-12-07 15:58:51 - [MESSAGE][PASSED] - Text 'AUTOMATE001' is set on object 'Object Repository/Final Object Repo/New Registration - Registration Module Pages/New Reg - OTC to RO/Special Case - OTC - Form 1/Input BRN Number'

2018-12-07 15:58:51 - [TEST_STEP][PASSED] - delay: Delayed 2 second(s)

2018-12-07 15:58:53 - [MESSAGE][PASSED] - Delayed 2 second(s)

2018-12-07 15:58:53 - [TEST_STEP][PASSED] - click: Object: 'Object Repository/Final Object Repo/New Registration - Registration Module Pages/New Reg - OTC to RO/Special Case - OTC - Form 1/BRN Search' is clicked on

2018-12-07 15:58:53 - [MESSAGE][PASSED] - Object: 'Object Repository/Final Object Repo/New Registration - Registration Module Pages/New Reg - OTC to RO/Special Case - OTC - Form 1/BRN Search' is clicked on

2018-12-07 15:58:53 - [TEST_STEP][PASSED] - delay: Delayed 4 second(s)

2018-12-07 15:58:57 - [MESSAGE][PASSED] - Delayed 4 second(s)

2018-12-07 15:58:57 - [TEST_STEP][PASSED] - click: Object: 'Object Repository/Final Object Repo/New Registration - Registration Module Pages/New Reg - OTC to RO/Special Case - OTC - Form 1/Registered with SSM - After Feb 2017' is clicked on

2018-12-07 15:58:57 - [MESSAGE][PASSED] - Object: 'Object Repository/Final Object Repo/New Registration - Registration Module Pages/New Reg - OTC to RO/Special Case - OTC - Form 1/Registered with SSM - After Feb 2017' is clicked on

2018-12-07 15:58:57 - [TEST_STEP][PASSED] - delay: Delayed 2 second(s)

2018-12-07 15:58:59 - [MESSAGE][PASSED] - Delayed 2 second(s)

2018-12-07 15:58:59 - [TEST_STEP][PASSED] - click: Object: 'Object Repository/Final Object Repo/New Registration - Registration Module Pages/Form 1/Registered As a Branch - Yes' is clicked on

2018-12-07 15:58:59 - [MESSAGE][PASSED] - Object: 'Object Repository/Final Object Repo/New Registration - Registration Module Pages/Form 1/Registered As a Branch - Yes' is clicked on

2018-12-07 15:58:59 - [TEST_STEP][PASSED] - click: Object: 'Object Repository/Final Object Repo/New Registration - Registration Module Pages/New Reg - OTC to RO/Special Case - OTC - Form 1/Acknowledgement Ticked' is clicked on

2018-12-07 15:58:59 - [MESSAGE][PASSED] - Object: 'Object Repository/Final Object Repo/New Registration - Registration Module Pages/New Reg - OTC to RO/Special Case - OTC - Form 1/Acknowledgement Ticked' is clicked on

2018-12-07 15:58:59 - [TEST_STEP][PASSED] - setText: Text 'perkeso249375654699@gmail.com' is set on object 'Object Repository/Final Object Repo/New Registration - Registration Module Pages/Form 1/Email'

2018-12-07 15:59:00 - [MESSAGE][PASSED] - Text 'perkeso249375654699@gmail.com' is set on object 'Object Repository/Final Object Repo/New Registration - Registration Module Pages/Form 1/Email'

2018-12-07 15:59:00 - [TEST_STEP][PASSED] - click: Object: 'Object Repository/Final Object Repo/New Registration - Registration Module Pages/New Reg - OTC to RO/Special Case - OTC - Form 1/Submit Button' is clicked on

2018-12-07 15:59:00 - [MESSAGE][PASSED] - Object: 'Object Repository/Final Object Repo/New Registration - Registration Module Pages/New Reg - OTC to RO/Special Case - OTC - Form 1/Submit Button' is clicked on

2018-12-07 15:59:00 - [TEST_STEP][PASSED] - callTestCase: Call Test Case 'Test Cases/Final Aug 2018 - PKS Automation/Registration Module/New Registration/Form 2/Add 1 Eligible - Employer Account Use' successfully

2018-12-07 15:59:00 - [TEST_CASE][PASSED] - Test Cases/Final Aug 2018 - PKS Automation/Registration Module/New Registration/Form 2/Add 1 Eligible - Employer Account Use: Test Cases/Final Aug 2018 - PKS Automation/Registration Module/New Registration/Form 2/Add 1 Eligible - Employer Account Use

2018-12-07 15:59:00 - [TEST_STEP][PASSED] - delay: Delayed 2 second(s)

2018-12-07 15:59:02 - [MESSAGE][PASSED] - Delayed 2 second(s)

2018-12-07 15:59:02 - [TEST_STEP][PASSED] - callTestCase: Call Test Case 'Test Cases/Final Aug 2018 - PKS Automation/Registration Module/New Registration/Form 2/Date Updater' successfully

2018-12-07 15:59:02 - [TEST_CASE][PASSED] - Test Cases/Final Aug 2018 - PKS Automation/Registration Module/New Registration/Form 2/Date Updater: Test Cases/Final Aug 2018 - PKS Automation/Registration Module/New Registration/Form 2/Date Updater

2018-12-07 15:59:02 - [TEST_STEP][PASSED] - Statement - TodayDate = new java.util.Date(): null

2018-12-07 15:59:02 - [TEST_STEP][PASSED] - Statement - CurrentDateNoFilter = new java.text.SimpleDateFormat(): null

2018-12-07 15:59:02 - [TEST_STEP][PASSED] - Statement - CurrentDateNoFilter.applyPattern("MM"): null

2018-12-07 15:59:02 - [TEST_STEP][PASSED] - Statement - monthContainerMatcher = java.lang.Integer.parseInt(CurrentDateNoFilter.format(TodayDate)): null

2018-12-07 15:59:02 - [TEST_STEP][PASSED] - Statement - monthContainerMatcher = monthContainerMatcher - 1: null

2018-12-07 15:59:02 - [TEST_STEP][PASSED] - Statement - CurrentMonth = monthContainerMatcher.toString(): null

2018-12-07 15:59:02 - [TEST_STEP][PASSED] - Statement - CurrentMonth = CurrentMonth: null

2018-12-07 15:59:02 - [TEST_STEP][PASSED] - Statement - CurrentDateNoFilter.applyPattern("yyyy"): null

2018-12-07 15:59:02 - [TEST_STEP][PASSED] - Statement - CurrentYear = CurrentDateNoFilter.format(TodayDate): null

2018-12-07 15:59:02 - [TEST_STEP][PASSED] - Statement - CurrentYear = CurrentYear: null

2018-12-07 15:59:02 - [TEST_STEP][PASSED] - Statement - intCurrentYear = java.lang.Integer.parseInt(CurrentDateNoFilter.format(TodayDate)): null

2018-12-07 15:59:02 - [TEST_STEP][PASSED] - Statement - eighteenYrsAgo = intCurrentYear - 18: null

2018-12-07 15:59:02 - [TEST_STEP][PASSED] - Statement - eighteenYrsBeforeThisYr = eighteenYrsAgo.toString(): null

2018-12-07 15:59:02 - [TEST_STEP][PASSED] - Statement - EighteenYrsBefore = eighteenYrsBeforeThisYr: null

2018-12-07 15:59:02 - [TEST_STEP][PASSED] - Statement - fiftysevenYrsAgo = intCurrentYear - 57: null

2018-12-07 15:59:02 - [TEST_STEP][PASSED] - Statement - fiftysevenYrsBeforeThisYr = fiftysevenYrsAgo.toString(): null

2018-12-07 15:59:02 - [TEST_STEP][PASSED] - Statement - FiftysevenYrsBefore = fiftysevenYrsBeforeThisYr: null

2018-12-07 15:59:02 - [TEST_STEP][PASSED] - Statement - leapYear = false: null

2018-12-07 15:59:02 - [TEST_STEP][PASSED] - Statement - leapYear = intCurrentYear % 4 == 0: null

2018-12-07 15:59:02 - [TEST_STEP][PASSED] - Statement - CurrentDateNoFilter.applyPattern("dd"): null

2018-12-07 15:59:02 - [TEST_STEP][PASSED] - Statement - CurrentDate = CurrentDateNoFilter.format(TodayDate): null

2018-12-07 15:59:02 - [TEST_STEP][PASSED] - Statement - CurrentDate = java.lang.Integer.parseInt(CurrentDate): null

2018-12-07 15:59:02 - [TEST_STEP][PASSED] - Statement - CurrentDate = CurrentDate: null

2018-12-07 15:59:02 - [TEST_STEP][PASSED] - Statement - CurrentDay = java.lang.Integer.parseInt(CurrentDate): null

2018-12-07 15:59:02 - [TEST_STEP][PASSED] - Statement - ConfAdder = <not implemented yet for class: org.codehaus.groovy.ast.expr.EmptyExpression>: null

2018-12-07 15:59:02 - [TEST_STEP][PASSED] - Statement - out.println(CurrentMonth): null

2018-12-07 15:59:02 - [TEST_STEP][PASSED] - Statement - out.println(CurrentDate): null

2018-12-07 15:59:02 - [TEST_STEP][PASSED] - Statement - switch (CurrentDate): null

2018-12-07 15:59:02 - [TEST_STEP][PASSED] - Statement - Default: null

2018-12-07 15:59:02 - [TEST_STEP][PASSED] - Statement - ConfAdder = true: null

2018-12-07 15:59:02 - [TEST_STEP][PASSED] - Statement - Break: null

2018-12-07 15:59:02 - [TEST_STEP][PASSED] - Statement - aDayBefore = <not implemented yet for class: org.codehaus.groovy.ast.expr.EmptyExpression>: null

2018-12-07 15:59:02 - [TEST_STEP][PASSED] - Statement - out.println(ConfAdder): null

2018-12-07 15:59:02 - [TEST_STEP][PASSED] - Statement - If (ConfAdder == true): null

2018-12-07 15:59:02 - [TEST_STEP][PASSED] - Statement - aDayBefore = CurrentDay + 1: null

2018-12-07 15:59:02 - [TEST_STEP][PASSED] - Statement - out.println(aDayBefore): null

2018-12-07 15:59:02 - [TEST_STEP][PASSED] - Statement - If (aDayBefore == 1 && CurrentMonth == 11): null

2018-12-07 15:59:02 - [TEST_STEP][PASSED] - Statement - DayBefore = aDayBefore.toString(): null

2018-12-07 15:59:02 - [TEST_STEP][PASSED] - Statement - OneDayBefore = DayBefore: null

2018-12-07 15:59:03 - [MESSAGE][PASSED] - Call Test Case 'Test Cases/Final Aug 2018 - PKS Automation/Registration Module/New Registration/Form 2/Date Updater' successfully

2018-12-07 15:59:03 - [TEST_STEP][PASSED] - delay: Delayed 1 second(s)

2018-12-07 15:59:04 - [MESSAGE][PASSED] - Delayed 1 second(s)

2018-12-07 15:59:04 - [TEST_STEP][PASSED] - Statement - CaseReferenceNo = com.kms.katalon.core.webui.keyword.WebUiBuiltInKeywords.getText(com.kms.katalon.core.testobject.ObjectRepository.findTestObject(Final Object Repo/New Registration - Registration Module Pages/Form 2/RefNo Acquiring)): Text of object 'Object Repository/Final Object Repo/New Registration - Registration Module Pages/Form 2/RefNo Acquiring' is: 'CRN12201800123099'

2018-12-07 15:59:04 - [MESSAGE][PASSED] - Text of object 'Object Repository/Final Object Repo/New Registration - Registration Module Pages/Form 2/RefNo Acquiring' is: 'CRN12201800123099'

2018-12-07 15:59:04 - [TEST_STEP][PASSED] - delay: Delayed 1 second(s)

2018-12-07 15:59:05 - [MESSAGE][PASSED] - Delayed 1 second(s)

2018-12-07 15:59:05 - [TEST_STEP][PASSED] - click: Object: 'Object Repository/Final Object Repo/New Registration - Registration Module Pages/Form 2/Add Employee Button' is clicked on

2018-12-07 15:59:05 - [MESSAGE][PASSED] - Object: 'Object Repository/Final Object Repo/New Registration - Registration Module Pages/Form 2/Add Employee Button' is clicked on

2018-12-07 15:59:05 - [TEST_STEP][PASSED] - delay: Delayed 1 second(s)

2018-12-07 15:59:06 - [MESSAGE][PASSED] - Delayed 1 second(s)

2018-12-07 15:59:06 - [TEST_STEP][PASSED] - setText: Text '010903091948' is set on object 'Object Repository/Final Object Repo/New Registration - Registration Module Pages/Form 2/NRIC Input'

2018-12-07 15:59:07 - [MESSAGE][PASSED] - Text '010903091948' is set on object 'Object Repository/Final Object Repo/New Registration - Registration Module Pages/Form 2/NRIC Input'

2018-12-07 15:59:07 - [TEST_STEP][PASSED] - delay: Delayed 2 second(s)

2018-12-07 15:59:09 - [MESSAGE][PASSED] - Delayed 2 second(s)

2018-12-07 15:59:09 - [TEST_STEP][PASSED] - setText: Text 'Automate001 eligible 1' is set on object 'Object Repository/Final Object Repo/New Registration - Registration Module Pages/Form 2/Employee Name Input'

2018-12-07 15:59:09 - [MESSAGE][PASSED] - Text 'Automate001 eligible 1' is set on object 'Object Repository/Final Object Repo/New Registration - Registration Module Pages/Form 2/Employee Name Input'

2018-12-07 15:59:09 - [TEST_STEP][PASSED] - delay: Delayed 2 second(s)

2018-12-07 15:59:11 - [MESSAGE][PASSED] - Delayed 2 second(s)

2018-12-07 15:59:11 - [TEST_STEP][PASSED] - click: Object: 'Object Repository/Final Object Repo/New Registration - Registration Module Pages/Form 2/DatePicker Pop Up' is clicked on

2018-12-07 15:59:12 - [MESSAGE][PASSED] - Object: 'Object Repository/Final Object Repo/New Registration - Registration Module Pages/Form 2/DatePicker Pop Up' is clicked on

2018-12-07 15:59:12 - [TEST_STEP][PASSED] - click: Object: 'Object Repository/Final Object Repo/New Registration - Registration Module Pages/Form 2/DOB Month' is clicked on

2018-12-07 15:59:12 - [MESSAGE][PASSED] - Object: 'Object Repository/Final Object Repo/New Registration - Registration Module Pages/Form 2/DOB Month' is clicked on

2018-12-07 15:59:12 - [TEST_STEP][PASSED] - Statement - CurrentMonth = CurrentMonth: null

2018-12-07 15:59:12 - [TEST_STEP][PASSED] - Statement - selectMonth = new com.kms.katalon.core.testobject.TestObject(): null

2018-12-07 15:59:12 - [TEST_STEP][PASSED] - Statement - selectMonth.addProperty("xpath", EQUALS, "//body/div/div/div/select/option[@value='" + CurrentMonth + "']", true): null

2018-12-07 15:59:12 - [TEST_STEP][PASSED] - click: Object: '' is clicked on

2018-12-07 15:59:12 - [MESSAGE][PASSED] - Object: '' is clicked on

2018-12-07 15:59:12 - [TEST_STEP][PASSED] - click: Object: 'Object Repository/Final Object Repo/New Registration - Registration Module Pages/Form 2/DOB Year' is clicked on

2018-12-07 15:59:12 - [MESSAGE][PASSED] - Object: 'Object Repository/Final Object Repo/New Registration - Registration Module Pages/Form 2/DOB Year' is clicked on

2018-12-07 15:59:12 - [TEST_STEP][PASSED] - Statement - Eyearsbf = EighteenYrsBefore: null

2018-12-07 15:59:12 - [TEST_STEP][PASSED] - Statement - selectYear = new com.kms.katalon.core.testobject.TestObject(): null

2018-12-07 15:59:12 - [TEST_STEP][PASSED] - Statement - selectYear.addProperty("xpath", EQUALS, "//div/div/div/select/option[@value='" + Eyearsbf + "']", true): null

2018-12-07 15:59:12 - [TEST_STEP][PASSED] - click: Object: '' is clicked on

2018-12-07 15:59:12 - [MESSAGE][PASSED] - Object: '' is clicked on

2018-12-07 15:59:12 - [TEST_STEP][PASSED] - Statement - UpdatedSelectDate = com.kms.katalon.core.webui.keyword.WebUiBuiltInKeywords.modifyObjectProperty(com.kms.katalon.core.testobject.ObjectRepository.findTestObject(Final Object Repo/New Registration - Registration Module Pages/Form 2/DOB Date), "xpath", "equals", "//body/div/table/tbody/tr/td/a[text()="" + CurrentDate + ""]", true): Modify property of object successfully

2018-12-07 15:59:12 - [MESSAGE][PASSED] - Modify property of object successfully

2018-12-07 15:59:12 - [TEST_STEP][PASSED] - delay: Delayed 3 second(s)

2018-12-07 15:59:15 - [MESSAGE][PASSED] - Delayed 3 second(s)

2018-12-07 15:59:15 - [TEST_STEP][PASSED] - click: Object: 'Object Repository/Final Object Repo/New Registration - Registration Module Pages/Form 2/DOB Date' is clicked on

2018-12-07 15:59:16 - [MESSAGE][PASSED] - Object: 'Object Repository/Final Object Repo/New Registration - Registration Module Pages/Form 2/DOB Date' is clicked on

2018-12-07 15:59:16 - [TEST_STEP][PASSED] - delay: Delayed 2 second(s)

2018-12-07 15:59:18 - [MESSAGE][PASSED] - Delayed 2 second(s)

2018-12-07 15:59:18 - [TEST_STEP][PASSED] - click: Object: 'Object Repository/Final Object Repo/New Registration - Registration Module Pages/Form 2/EmploymentStartDate Pop Up' is clicked on

2018-12-07 15:59:18 - [MESSAGE][PASSED] - Object: 'Object Repository/Final Object Repo/New Registration - Registration Module Pages/Form 2/EmploymentStartDate Pop Up' is clicked on

2018-12-07 15:59:18 - [TEST_STEP][PASSED] - delay: Delayed 2 second(s)

2018-12-07 15:59:20 - [MESSAGE][PASSED] - Delayed 2 second(s)

2018-12-07 15:59:20 - [TEST_STEP][PASSED] - click: Object: 'Object Repository/Final Object Repo/New Registration - Registration Module Pages/Form 2/Socso Employment StartDate Month' is clicked on

2018-12-07 15:59:20 - [MESSAGE][PASSED] - Object: 'Object Repository/Final Object Repo/New Registration - Registration Module Pages/Form 2/Socso Employment StartDate Month' is clicked on

2018-12-07 15:59:20 - [TEST_STEP][PASSED] - delay: Delayed 1 second(s)

2018-12-07 15:59:21 - [MESSAGE][PASSED] - Delayed 1 second(s)

2018-12-07 15:59:21 - [TEST_STEP][PASSED] - click: Object: 'Object Repository/Final Object Repo/New Registration - Registration Module Pages/Form 2/Select Socso Employement Startdate Month' is clicked on

2018-12-07 15:59:21 - [MESSAGE][PASSED] - Object: 'Object Repository/Final Object Repo/New Registration - Registration Module Pages/Form 2/Select Socso Employement Startdate Month' is clicked on

2018-12-07 15:59:21 - [TEST_STEP][PASSED] - delay: Delayed 2 second(s)

2018-12-07 15:59:23 - [MESSAGE][PASSED] - Delayed 2 second(s)

2018-12-07 15:59:23 - [TEST_STEP][PASSED] - click: Object: 'Object Repository/Final Object Repo/New Registration - Registration Module Pages/Form 2/Socso Employment StartDate Year' is clicked on

2018-12-07 15:59:23 - [MESSAGE][PASSED] - Object: 'Object Repository/Final Object Repo/New Registration - Registration Module Pages/Form 2/Socso Employment StartDate Year' is clicked on

2018-12-07 15:59:23 - [TEST_STEP][PASSED] - delay: Delayed 1 second(s)

2018-12-07 15:59:24 - [MESSAGE][PASSED] - Delayed 1 second(s)

2018-12-07 15:59:24 - [TEST_STEP][PASSED] - click: Object: 'Object Repository/Final Object Repo/New Registration - Registration Module Pages/Form 2/Select Socso Employment Startdate Year' is clicked on

2018-12-07 15:59:24 - [MESSAGE][PASSED] - Object: 'Object Repository/Final Object Repo/New Registration - Registration Module Pages/Form 2/Select Socso Employment Startdate Year' is clicked on

2018-12-07 15:59:24 - [TEST_STEP][PASSED] - delay: Delayed 2 second(s)

2018-12-07 15:59:26 - [MESSAGE][PASSED] - Delayed 2 second(s)

2018-12-07 15:59:26 - [TEST_STEP][PASSED] - click: Object: 'Object Repository/Final Object Repo/New Registration - Registration Module Pages/Form 2/Socso Employment Start Date Day' is clicked on

2018-12-07 15:59:27 - [MESSAGE][PASSED] - Object: 'Object Repository/Final Object Repo/New Registration - Registration Module Pages/Form 2/Socso Employment Start Date Day' is clicked on

2018-12-07 15:59:27 - [TEST_STEP][PASSED] - delay: Delayed 2 second(s)

2018-12-07 15:59:29 - [MESSAGE][PASSED] - Delayed 2 second(s)

2018-12-07 15:59:29 - [TEST_STEP][PASSED] - click: Object: 'Object Repository/Final Object Repo/New Registration - Registration Module Pages/Form 2/Save Button for Add Employee' is clicked on

2018-12-07 15:59:29 - [MESSAGE][PASSED] - Object: 'Object Repository/Final Object Repo/New Registration - Registration Module Pages/Form 2/Save Button for Add Employee' is clicked on

2018-12-07 15:59:29 - [TEST_STEP][PASSED] - delay: Delayed 6 second(s)

2018-12-07 15:59:35 - [MESSAGE][PASSED] - Delayed 6 second(s)

2018-12-07 15:59:35 - [TEST_STEP][PASSED] - click: Object: 'Object Repository/Final Object Repo/New Registration - Registration Module Pages/Form 2/Save and Continue Form 2' is clicked on

2018-12-07 15:59:35 - [MESSAGE][PASSED] - Object: 'Object Repository/Final Object Repo/New Registration - Registration Module Pages/Form 2/Save and Continue Form 2' is clicked on

2018-12-07 15:59:35 - [MESSAGE][PASSED] - Call Test Case 'Test Cases/Final Aug 2018 - PKS Automation/Registration Module/New Registration/Form 2/Add 1 Eligible - Employer Account Use' successfully

2018-12-07 15:59:35 - [TEST_STEP][PASSED] - callTestCase: Call Test Case 'Test Cases/Final Aug 2018 - PKS Automation/Registration Module/New Registration/Flow of New Registration/Third Screen - Upload Supporting Doc - Preview' successfully

2018-12-07 15:59:35 - [TEST_CASE][PASSED] - Test Cases/Final Aug 2018 - PKS Automation/Registration Module/New Registration/Flow of New Registration/Third Screen - Upload Supporting Doc - Preview: Test Cases/Final Aug 2018 - PKS Automation/Registration Module/New Registration/Flow of New Registration/Third Screen - Upload Supporting Doc - Preview

2018-12-07 15:59:35 - [TEST_STEP][PASSED] - waitForPageLoad: Wait for page load successfully

2018-12-07 15:59:36 - [MESSAGE][PASSED] - Wait for page load successfully

2018-12-07 15:59:36 - [TEST_STEP][PASSED] - Statement - CaseReferenceNo = com.kms.katalon.core.webui.keyword.WebUiBuiltInKeywords.getText(com.kms.katalon.core.testobject.ObjectRepository.findTestObject(Final Object Repo/New Registration - Registration Module Pages/Third Screen - Upload Supporting Doc- Preview/RefNo Acquiring)): Text of object 'Object Repository/Final Object Repo/New Registration - Registration Module Pages/Third Screen - Upload Supporting Doc- Preview/RefNo Acquiring' is: 'CRN12201800123099'

2018-12-07 15:59:36 - [MESSAGE][PASSED] - Text of object 'Object Repository/Final Object Repo/New Registration - Registration Module Pages/Third Screen - Upload Supporting Doc- Preview/RefNo Acquiring' is: 'CRN12201800123099'

2018-12-07 15:59:36 - [TEST_STEP][PASSED] - delay: Delayed 2 second(s)

2018-12-07 15:59:38 - [MESSAGE][PASSED] - Delayed 2 second(s)

2018-12-07 15:59:38 - [TEST_STEP][PASSED] - callTestCase: Call Test Case 'Test Cases/Final Aug 2018 - PKS Automation/Common/Reference Number Setter' successfully

2018-12-07 15:59:38 - [TEST_CASE][PASSED] - Test Cases/Final Aug 2018 - PKS Automation/Common/Reference Number Setter: Test Cases/Final Aug 2018 - PKS Automation/Common/Reference Number Setter

2018-12-07 15:59:38 - [TEST_STEP][PASSED] - Statement - RefNoOldFile = new java.io.File(C://Users//Admin//Desktop//PKS//Automation Reference Point//KatalonReference.txt): null

2018-12-07 15:59:38 - [TEST_STEP][PASSED] - Statement - RefNoOldFile.delete(): null

2018-12-07 15:59:38 - [TEST_STEP][PASSED] - delay: Delayed 5 second(s)

2018-12-07 15:59:43 - [MESSAGE][PASSED] - Delayed 5 second(s)

2018-12-07 15:59:43 - [TEST_STEP][PASSED] - Statement - RefNo = new java.io.File(C://Users//Admin//Desktop//PKS//Automation Reference Point//KatalonReference.txt): null

2018-12-07 15:59:43 - [TEST_STEP][PASSED] - Statement - f2 = new java.io.FileWriter(RefNo, false): null

2018-12-07 15:59:43 - [TEST_STEP][PASSED] - Statement - f2.write(CaseReferenceNo): null

2018-12-07 15:59:43 - [TEST_STEP][PASSED] - Statement - f2.close(): null

2018-12-07 15:59:43 - [TEST_STEP][PASSED] - Statement - out.println("


" + CaseReferenceNo + "


"): null

2018-12-07 15:59:43 - [MESSAGE][PASSED] - Call Test Case 'Test Cases/Final Aug 2018 - PKS Automation/Common/Reference Number Setter' successfully

2018-12-07 15:59:43 - [TEST_STEP][PASSED] - waitForElementClickable: Object 'Object Repository/Final Object Repo/New Registration - Registration Module Pages/Third Screen - Upload Supporting Doc- Preview/Save n Continue in SIP Employee Listing Page' is clickable

2018-12-07 15:59:43 - [MESSAGE][PASSED] - Object 'Object Repository/Final Object Repo/New Registration - Registration Module Pages/Third Screen - Upload Supporting Doc- Preview/Save n Continue in SIP Employee Listing Page' is clickable

2018-12-07 15:59:43 - [TEST_STEP][PASSED] - click: Object: 'Object Repository/Final Object Repo/New Registration - Registration Module Pages/Third Screen - Upload Supporting Doc- Preview/Save n Continue in SIP Employee Listing Page' is clicked on

2018-12-07 15:59:49 - [MESSAGE][PASSED] - Object: 'Object Repository/Final Object Repo/New Registration - Registration Module Pages/Third Screen - Upload Supporting Doc- Preview/Save n Continue in SIP Employee Listing Page' is clicked on

2018-12-07 15:59:49 - [TEST_STEP][PASSED] - delay: Delayed 7 second(s)

2018-12-07 15:59:56 - [MESSAGE][PASSED] - Delayed 7 second(s)

2018-12-07 15:59:56 - [TEST_STEP][PASSED] - click: Object: 'Object Repository/Final Object Repo/New Registration - Registration Module Pages/Third Screen - Upload Supporting Doc- Preview/Add Document Button' is clicked on

2018-12-07 15:59:56 - [MESSAGE][PASSED] - Object: 'Object Repository/Final Object Repo/New Registration - Registration Module Pages/Third Screen - Upload Supporting Doc- Preview/Add Document Button' is clicked on

2018-12-07 15:59:56 - [TEST_STEP][PASSED] - delay: Delayed 30 second(s)

2018-12-07 16:00:26 - [MESSAGE][PASSED] - Delayed 30 second(s)

2018-12-07 16:00:26 - [TEST_STEP][PASSED] - click: Object: 'Object Repository/Final Object Repo/New Registration - Registration Module Pages/Third Screen - Upload Supporting Doc- Preview/Supporting Doc Please Select Drop Down' is clicked on

2018-12-07 16:00:26 - [MESSAGE][PASSED] - Object: 'Object Repository/Final Object Repo/New Registration - Registration Module Pages/Third Screen - Upload Supporting Doc- Preview/Supporting Doc Please Select Drop Down' is clicked on

2018-12-07 16:00:26 - [TEST_STEP][PASSED] - delay: Delayed 2 second(s)

2018-12-07 16:00:28 - [MESSAGE][PASSED] - Delayed 2 second(s)

2018-12-07 16:00:28 - [TEST_STEP][PASSED] - click: Object: 'Object Repository/Final Object Repo/New Registration - Registration Module Pages/Third Screen - Upload Supporting Doc- Preview/Select to Upload Form 1' is clicked on

2018-12-07 16:00:28 - [MESSAGE][PASSED] - Object: 'Object Repository/Final Object Repo/New Registration - Registration Module Pages/Third Screen - Upload Supporting Doc- Preview/Select to Upload Form 1' is clicked on

2018-12-07 16:00:28 - [TEST_STEP][PASSED] - delay: Delayed 2 second(s)

2018-12-07 16:00:30 - [MESSAGE][PASSED] - Delayed 2 second(s)

2018-12-07 16:00:30 - [TEST_STEP][PASSED] - uploadFile: File 'C:\Users\Public\Pictures\Sample Pictures\Koala.jpg' sent to object: 'Object Repository/Final Object Repo/New Registration - Registration Module Pages/Third Screen - Upload Supporting Doc- Preview/Upload File Adding'

2018-12-07 16:00:31 - [MESSAGE][PASSED] - File 'C:\Users\Public\Pictures\Sample Pictures\Koala.jpg' sent to object: 'Object Repository/Final Object Repo/New Registration - Registration Module Pages/Third Screen - Upload Supporting Doc- Preview/Upload File Adding'

2018-12-07 16:00:31 - [TEST_STEP][PASSED] - delay: Delayed 5 second(s)

2018-12-07 16:00:36 - [MESSAGE][PASSED] - Delayed 5 second(s)

2018-12-07 16:00:36 - [TEST_STEP][PASSED] - click: Object: 'Object Repository/Final Object Repo/New Registration - Registration Module Pages/Third Screen - Upload Supporting Doc- Preview/Inner Form Add Document Button' is clicked on

2018-12-07 16:00:36 - [MESSAGE][PASSED] - Object: 'Object Repository/Final Object Repo/New Registration - Registration Module Pages/Third Screen - Upload Supporting Doc- Preview/Inner Form Add Document Button' is clicked on

2018-12-07 16:00:36 - [TEST_STEP][PASSED] - delay: Delayed 3 second(s)

2018-12-07 16:00:39 - [MESSAGE][PASSED] - Delayed 3 second(s)

2018-12-07 16:00:39 - [TEST_STEP][PASSED] - click: Object: 'Object Repository/Final Object Repo/New Registration - Registration Module Pages/Third Screen - Upload Supporting Doc- Preview/Add Document Button' is clicked on

2018-12-07 16:00:40 - [MESSAGE][PASSED] - Object: 'Object Repository/Final Object Repo/New Registration - Registration Module Pages/Third Screen - Upload Supporting Doc- Preview/Add Document Button' is clicked on

2018-12-07 16:00:40 - [TEST_STEP][PASSED] - delay: Delayed 30 second(s)

2018-12-07 16:01:10 - [MESSAGE][PASSED] - Delayed 30 second(s)

2018-12-07 16:01:10 - [TEST_STEP][PASSED] - click: Object: 'Object Repository/Final Object Repo/New Registration - Registration Module Pages/Third Screen - Upload Supporting Doc- Preview/Supporting Doc Please Select Drop Down' is clicked on

2018-12-07 16:01:10 - [MESSAGE][PASSED] - Object: 'Object Repository/Final Object Repo/New Registration - Registration Module Pages/Third Screen - Upload Supporting Doc- Preview/Supporting Doc Please Select Drop Down' is clicked on

2018-12-07 16:01:10 - [TEST_STEP][PASSED] - delay: Delayed 2 second(s)

2018-12-07 16:01:12 - [MESSAGE][PASSED] - Delayed 2 second(s)

2018-12-07 16:01:12 - [TEST_STEP][PASSED] - click: Object: 'Object Repository/Final Object Repo/New Registration - Registration Module Pages/Third Screen - Upload Supporting Doc- Preview/Select to Upload Form 2' is clicked on

2018-12-07 16:01:13 - [MESSAGE][PASSED] - Object: 'Object Repository/Final Object Repo/New Registration - Registration Module Pages/Third Screen - Upload Supporting Doc- Preview/Select to Upload Form 2' is clicked on

2018-12-07 16:01:13 - [TEST_STEP][PASSED] - delay: Delayed 2 second(s)

2018-12-07 16:01:15 - [MESSAGE][PASSED] - Delayed 2 second(s)

2018-12-07 16:01:15 - [TEST_STEP][PASSED] - uploadFile: File 'C:\Users\Public\Pictures\Sample Pictures\Koala.jpg' sent to object: 'Object Repository/Final Object Repo/New Registration - Registration Module Pages/Third Screen - Upload Supporting Doc- Preview/Upload File Adding'

2018-12-07 16:01:15 - [MESSAGE][PASSED] - File 'C:\Users\Public\Pictures\Sample Pictures\Koala.jpg' sent to object: 'Object Repository/Final Object Repo/New Registration - Registration Module Pages/Third Screen - Upload Supporting Doc- Preview/Upload File Adding'

2018-12-07 16:01:15 - [TEST_STEP][PASSED] - click: Object: 'Object Repository/Final Object Repo/New Registration - Registration Module Pages/Third Screen - Upload Supporting Doc- Preview/Inner Form Add Document Button' is clicked on

2018-12-07 16:01:15 - [MESSAGE][PASSED] - Object: 'Object Repository/Final Object Repo/New Registration - Registration Module Pages/Third Screen - Upload Supporting Doc- Preview/Inner Form Add Document Button' is clicked on

2018-12-07 16:01:15 - [TEST_STEP][PASSED] - delay: Delayed 5 second(s)

2018-12-07 16:01:20 - [MESSAGE][PASSED] - Delayed 5 second(s)

2018-12-07 16:01:20 - [TEST_STEP][PASSED] - click: Object: 'Object Repository/Final Object Repo/New Registration - Registration Module Pages/Third Screen - Upload Supporting Doc- Preview/Add Document Button' is clicked on

2018-12-07 16:01:20 - [MESSAGE][PASSED] - Object: 'Object Repository/Final Object Repo/New Registration - Registration Module Pages/Third Screen - Upload Supporting Doc- Preview/Add Document Button' is clicked on

2018-12-07 16:01:20 - [TEST_STEP][PASSED] - delay: Delayed 30 second(s)

2018-12-07 16:01:50 - [MESSAGE][PASSED] - Delayed 30 second(s)

2018-12-07 16:01:50 - [TEST_STEP][PASSED] - click: Object: 'Object Repository/Final Object Repo/New Registration - Registration Module Pages/Third Screen - Upload Supporting Doc- Preview/Supporting Doc Please Select Drop Down' is clicked on

2018-12-07 16:01:50 - [MESSAGE][PASSED] - Object: 'Object Repository/Final Object Repo/New Registration - Registration Module Pages/Third Screen - Upload Supporting Doc- Preview/Supporting Doc Please Select Drop Down' is clicked on

2018-12-07 16:01:50 - [TEST_STEP][PASSED] - click: Object: 'Object Repository/Final Object Repo/New Registration - Registration Module Pages/Third Screen - Upload Supporting Doc- Preview/Select to Upload Borang SIP 1' is clicked on

2018-12-07 16:01:51 - [MESSAGE][PASSED] - Object: 'Object Repository/Final Object Repo/New Registration - Registration Module Pages/Third Screen - Upload Supporting Doc- Preview/Select to Upload Borang SIP 1' is clicked on

2018-12-07 16:01:51 - [TEST_STEP][PASSED] - delay: Delayed 2 second(s)

2018-12-07 16:01:53 - [MESSAGE][PASSED] - Delayed 2 second(s)

2018-12-07 16:01:53 - [TEST_STEP][PASSED] - uploadFile: File 'C:\Users\Public\Pictures\Sample Pictures\Koala.jpg' sent to object: 'Object Repository/Final Object Repo/New Registration - Registration Module Pages/Third Screen - Upload Supporting Doc- Preview/Upload File Adding'

2018-12-07 16:01:53 - [MESSAGE][PASSED] - File 'C:\Users\Public\Pictures\Sample Pictures\Koala.jpg' sent to object: 'Object Repository/Final Object Repo/New Registration - Registration Module Pages/Third Screen - Upload Supporting Doc- Preview/Upload File Adding'

2018-12-07 16:01:53 - [TEST_STEP][PASSED] - click: Object: 'Object Repository/Final Object Repo/New Registration - Registration Module Pages/Third Screen - Upload Supporting Doc- Preview/Inner Form Add Document Button' is clicked on

2018-12-07 16:01:53 - [MESSAGE][PASSED] - Object: 'Object Repository/Final Object Repo/New Registration - Registration Module Pages/Third Screen - Upload Supporting Doc- Preview/Inner Form Add Document Button' is clicked on

2018-12-07 16:01:53 - [TEST_STEP][PASSED] - delay: Delayed 5 second(s)

2018-12-07 16:01:58 - [MESSAGE][PASSED] - Delayed 5 second(s)

2018-12-07 16:01:58 - [TEST_STEP][PASSED] - click: Object: 'Object Repository/Final Object Repo/New Registration - Registration Module Pages/Third Screen - Upload Supporting Doc- Preview/Add Document Button' is clicked on

2018-12-07 16:01:58 - [MESSAGE][PASSED] - Object: 'Object Repository/Final Object Repo/New Registration - Registration Module Pages/Third Screen - Upload Supporting Doc- Preview/Add Document Button' is clicked on

2018-12-07 16:01:58 - [TEST_STEP][PASSED] - delay: Delayed 30 second(s)

2018-12-07 16:02:28 - [MESSAGE][PASSED] - Delayed 30 second(s)

2018-12-07 16:02:28 - [TEST_STEP][PASSED] - click: Object: 'Object Repository/Final Object Repo/New Registration - Registration Module Pages/Third Screen - Upload Supporting Doc- Preview/Supporting Doc Please Select Drop Down' is clicked on

2018-12-07 16:02:28 - [MESSAGE][PASSED] - Object: 'Object Repository/Final Object Repo/New Registration - Registration Module Pages/Third Screen - Upload Supporting Doc- Preview/Supporting Doc Please Select Drop Down' is clicked on

2018-12-07 16:02:28 - [TEST_STEP][PASSED] - delay: Delayed 3 second(s)

2018-12-07 16:02:31 - [MESSAGE][PASSED] - Delayed 3 second(s)

2018-12-07 16:02:31 - [TEST_STEP][PASSED] - click: Object: 'Object Repository/Final Object Repo/New Registration - Registration Module Pages/Third Screen - Upload Supporting Doc- Preview/Select to Upload Borang SIP 2' is clicked on

2018-12-07 16:02:31 - [MESSAGE][PASSED] - Object: 'Object Repository/Final Object Repo/New Registration - Registration Module Pages/Third Screen - Upload Supporting Doc- Preview/Select to Upload Borang SIP 2' is clicked on

2018-12-07 16:02:31 - [TEST_STEP][PASSED] - delay: Delayed 2 second(s)

2018-12-07 16:02:33 - [MESSAGE][PASSED] - Delayed 2 second(s)

2018-12-07 16:02:33 - [TEST_STEP][PASSED] - uploadFile: File 'C:\Users\Public\Pictures\Sample Pictures\Koala.jpg' sent to object: 'Object Repository/Final Object Repo/New Registration - Registration Module Pages/Third Screen - Upload Supporting Doc- Preview/Upload File Adding'

2018-12-07 16:02:34 - [MESSAGE][PASSED] - File 'C:\Users\Public\Pictures\Sample Pictures\Koala.jpg' sent to object: 'Object Repository/Final Object Repo/New Registration - Registration Module Pages/Third Screen - Upload Supporting Doc- Preview/Upload File Adding'

2018-12-07 16:02:34 - [TEST_STEP][PASSED] - delay: Delayed 5 second(s)

2018-12-07 16:02:39 - [MESSAGE][PASSED] - Delayed 5 second(s)

2018-12-07 16:02:39 - [TEST_STEP][PASSED] - click: Object: 'Object Repository/Final Object Repo/New Registration - Registration Module Pages/Third Screen - Upload Supporting Doc- Preview/Inner Form Add Document Button' is clicked on

2018-12-07 16:02:39 - [MESSAGE][PASSED] - Object: 'Object Repository/Final Object Repo/New Registration - Registration Module Pages/Third Screen - Upload Supporting Doc- Preview/Inner Form Add Document Button' is clicked on

2018-12-07 16:02:39 - [TEST_STEP][PASSED] - delay: Delayed 3 second(s)

2018-12-07 16:02:42 - [MESSAGE][PASSED] - Delayed 3 second(s)

2018-12-07 16:02:42 - [TEST_STEP][PASSED] - waitForElementClickable: Object 'Object Repository/Final Object Repo/New Registration - Registration Module Pages/Third Screen - Upload Supporting Doc- Preview/Save n Continue in Uploading Supporting Doc Page' is clickable

2018-12-07 16:02:43 - [MESSAGE][PASSED] - Object 'Object Repository/Final Object Repo/New Registration - Registration Module Pages/Third Screen - Upload Supporting Doc- Preview/Save n Continue in Uploading Supporting Doc Page' is clickable

2018-12-07 16:02:43 - [TEST_STEP][PASSED] - click: Object: 'Object Repository/Final Object Repo/New Registration - Registration Module Pages/Third Screen - Upload Supporting Doc- Preview/Save n Continue in Uploading Supporting Doc Page' is clicked on

2018-12-07 16:02:43 - [MESSAGE][PASSED] - Object: 'Object Repository/Final Object Repo/New Registration - Registration Module Pages/Third Screen - Upload Supporting Doc- Preview/Save n Continue in Uploading Supporting Doc Page' is clicked on

2018-12-07 16:02:43 - [MESSAGE][PASSED] - Call Test Case 'Test Cases/Final Aug 2018 - PKS Automation/Registration Module/New Registration/Flow of New Registration/Third Screen - Upload Supporting Doc - Preview' successfully

2018-12-07 16:02:43 - [TEST_STEP][PASSED] - setText: Text 'Tester' is set on object 'Object Repository/Final Object Repo/New Registration - Registration Module Pages/New Reg - OTC to RO/Special Case - All Related Objects/Employer Preview Name'

2018-12-07 16:02:48 - [MESSAGE][PASSED] - Text 'Tester' is set on object 'Object Repository/Final Object Repo/New Registration - Registration Module Pages/New Reg - OTC to RO/Special Case - All Related Objects/Employer Preview Name'

2018-12-07 16:02:48 - [TEST_STEP][PASSED] - click: Object: 'Object Repository/Final Object Repo/New Registration - Registration Module Pages/New Reg - OTC to RO/Special Case - All Related Objects/IC Type Drop Down' is clicked on

2018-12-07 16:02:49 - [MESSAGE][PASSED] - Object: 'Object Repository/Final Object Repo/New Registration - Registration Module Pages/New Reg - OTC to RO/Special Case - All Related Objects/IC Type Drop Down' is clicked on

2018-12-07 16:02:49 - [TEST_STEP][PASSED] - click: Object: 'Object Repository/Final Object Repo/New Registration - Registration Module Pages/New Reg - OTC to RO/Special Case - All Related Objects/Select to NRIC' is clicked on

2018-12-07 16:02:49 - [MESSAGE][PASSED] - Object: 'Object Repository/Final Object Repo/New Registration - Registration Module Pages/New Reg - OTC to RO/Special Case - All Related Objects/Select to NRIC' is clicked on

2018-12-07 16:02:49 - [TEST_STEP][PASSED] - setText: Text '133245561223' is set on object 'Object Repository/Final Object Repo/New Registration - Registration Module Pages/New Reg - OTC to RO/Special Case - All Related Objects/IC Value'

2018-12-07 16:02:49 - [MESSAGE][PASSED] - Text '133245561223' is set on object 'Object Repository/Final Object Repo/New Registration - Registration Module Pages/New Reg - OTC to RO/Special Case - All Related Objects/IC Value'

2018-12-07 16:02:49 - [TEST_STEP][PASSED] - setText: Text 'Auto' is set on object 'Object Repository/Final Object Repo/New Registration - Registration Module Pages/New Reg - OTC to RO/Special Case - All Related Objects/Designation'

2018-12-07 16:02:49 - [MESSAGE][PASSED] - Text 'Auto' is set on object 'Object Repository/Final Object Repo/New Registration - Registration Module Pages/New Reg - OTC to RO/Special Case - All Related Objects/Designation'

2018-12-07 16:02:49 - [TEST_STEP][PASSED] - callTestCase: Call Test Case 'Test Cases/Final Aug 2018 - PKS Automation/Registration Module/New Registration/Submit and Screenshot/Submit Registration and Screenshot - Copy' successfully

2018-12-07 16:02:49 - [TEST_CASE][PASSED] - Test Cases/Final Aug 2018 - PKS Automation/Registration Module/New Registration/Submit and Screenshot/Submit Registration and Screenshot - Copy: Test Cases/Final Aug 2018 - PKS Automation/Registration Module/New Registration/Submit and Screenshot/Submit Registration and Screenshot - Copy

2018-12-07 16:02:49 - [TEST_STEP][PASSED] - delay: Delayed 6 second(s)

2018-12-07 16:02:55 - [MESSAGE][PASSED] - Delayed 6 second(s)

2018-12-07 16:02:55 - [TEST_STEP][PASSED] - click: Object: 'Object Repository/Final Object Repo/New Registration - Registration Module Pages/Third Screen - Upload Supporting Doc- Preview/Preview Submit Button' is clicked on

2018-12-07 16:02:56 - [MESSAGE][PASSED] - Object: 'Object Repository/Final Object Repo/New Registration - Registration Module Pages/Third Screen - Upload Supporting Doc- Preview/Preview Submit Button' is clicked on

2018-12-07 16:02:56 - [TEST_STEP][PASSED] - delay: Delayed 2 second(s)

2018-12-07 16:02:58 - [MESSAGE][PASSED] - Delayed 2 second(s)

2018-12-07 16:02:58 - [TEST_STEP][PASSED] - click: Object: 'Object Repository/Final Object Repo/New Registration - Registration Module Pages/Third Screen - Upload Supporting Doc- Preview/Preview Submit - Confirm' is clicked on

2018-12-07 16:02:58 - [MESSAGE][PASSED] - Object: 'Object Repository/Final Object Repo/New Registration - Registration Module Pages/Third Screen - Upload Supporting Doc- Preview/Preview Submit - Confirm' is clicked on

2018-12-07 16:02:58 - [TEST_STEP][PASSED] - delay: Delayed 15 second(s)

2018-12-07 16:03:13 - [MESSAGE][PASSED] - Delayed 15 second(s)

2018-12-07 16:03:13 - [TEST_STEP][PASSED] - Statement - driver = com.kms.katalon.core.webui.driver.DriverFactory.getWebDriver(): null

2018-12-07 16:03:13 - [TEST_STEP][PASSED] - Statement - driver.manage().timeouts().implicitlyWait(10, SECONDS): null

2018-12-07 16:03:13 - [TEST_STEP][PASSED] - Statement - PresavePath = KatalonScreenshots: null

2018-12-07 16:03:13 - [TEST_STEP][PASSED] - Statement - pathPrefix = "C:\Users\Public\Pictures\Sample Pictures\Katalon Screenshots\Automate Ending Screen": null

2018-12-07 16:03:13 - [TEST_STEP][PASSED] - Statement - finalPath = <not implemented yet for class: org.codehaus.groovy.ast.expr.EmptyExpression>: null

2018-12-07 16:03:13 - [TEST_STEP][PASSED] - Statement - scrFile = driver.getScreenshotAs(FILE): null

2018-12-07 16:03:13 - [TEST_STEP][PASSED] - Statement - PreSaveFile = new java.io.File(PresavePath): null

2018-12-07 16:03:13 - [TEST_STEP][PASSED] - Statement - counter = 0: null

2018-12-07 16:03:13 - [TEST_STEP][PASSED] - Statement - If (PreSaveFile.exists()): null

2018-12-07 16:03:13 - [TEST_STEP][PASSED] - Statement - While (PreSaveFile.exists()): null

2018-12-07 16:03:13 - [TEST_STEP][PASSED] - Statement - counter = counter + 1: null

2018-12-07 16:03:13 - [TEST_STEP][PASSED] - Statement - PreSaveFile = new java.io.File(((pathPrefix + java.lang.Integer.toString(counter)) + .png)): null

2018-12-07 16:03:13 - [TEST_STEP][PASSED] - Statement - counter = counter + 1: null

2018-12-07 16:03:13 - [TEST_STEP][PASSED] - Statement - PreSaveFile = new java.io.File(((pathPrefix + java.lang.Integer.toString(counter)) + .png)): null

2018-12-07 16:03:13 - [TEST_STEP][PASSED] - Statement - counter = counter + 1: null

2018-12-07 16:03:13 - [TEST_STEP][PASSED] - Statement - PreSaveFile = new java.io.File(((pathPrefix + java.lang.Integer.toString(counter)) + .png)): null

2018-12-07 16:03:13 - [TEST_STEP][PASSED] - Statement - counter = counter + 1: null

2018-12-07 16:03:13 - [TEST_STEP][PASSED] - Statement - PreSaveFile = new java.io.File(((pathPrefix + java.lang.Integer.toString(counter)) + .png)): null

2018-12-07 16:03:13 - [TEST_STEP][PASSED] - Statement - counter = counter + 1: null

2018-12-07 16:03:13 - [TEST_STEP][PASSED] - Statement - PreSaveFile = new java.io.File(((pathPrefix + java.lang.Integer.toString(counter)) + .png)): null

2018-12-07 16:03:13 - [TEST_STEP][PASSED] - Statement - counter = counter + 1: null

2018-12-07 16:03:13 - [TEST_STEP][PASSED] - Statement - PreSaveFile = new java.io.File(((pathPrefix + java.lang.Integer.toString(counter)) + .png)): null

2018-12-07 16:03:13 - [TEST_STEP][PASSED] - Statement - counter = counter + 1: null

2018-12-07 16:03:13 - [TEST_STEP][PASSED] - Statement - PreSaveFile = new java.io.File(((pathPrefix + java.lang.Integer.toString(counter)) + .png)): null

2018-12-07 16:03:13 - [TEST_STEP][PASSED] - Statement - counter = counter + 1: null

2018-12-07 16:03:13 - [TEST_STEP][PASSED] - Statement - PreSaveFile = new java.io.File(((pathPrefix + java.lang.Integer.toString(counter)) + .png)): null

2018-12-07 16:03:13 - [TEST_STEP][PASSED] - Statement - counter = counter + 1: null

2018-12-07 16:03:13 - [TEST_STEP][PASSED] - Statement - PreSaveFile = new java.io.File(((pathPrefix + java.lang.Integer.toString(counter)) + .png)): null

2018-12-07 16:03:13 - [TEST_STEP][PASSED] - Statement - counter = counter + 1: null

2018-12-07 16:03:13 - [TEST_STEP][PASSED] - Statement - PreSaveFile = new java.io.File(((pathPrefix + java.lang.Integer.toString(counter)) + .png)): null

2018-12-07 16:03:13 - [TEST_STEP][PASSED] - Statement - counter = counter + 1: null

2018-12-07 16:03:13 - [TEST_STEP][PASSED] - Statement - PreSaveFile = new java.io.File(((pathPrefix + java.lang.Integer.toString(counter)) + .png)): null

2018-12-07 16:03:13 - [TEST_STEP][PASSED] - Statement - counter = counter + 1: null

2018-12-07 16:03:13 - [TEST_STEP][PASSED] - Statement - PreSaveFile = new java.io.File(((pathPrefix + java.lang.Integer.toString(counter)) + .png)): null

2018-12-07 16:03:13 - [TEST_STEP][PASSED] - Statement - counter = counter + 1: null

2018-12-07 16:03:13 - [TEST_STEP][PASSED] - Statement - PreSaveFile = new java.io.File(((pathPrefix + java.lang.Integer.toString(counter)) + .png)): null

2018-12-07 16:03:13 - [TEST_STEP][PASSED] - Statement - counter = counter + 1: null

2018-12-07 16:03:13 - [TEST_STEP][PASSED] - Statement - PreSaveFile = new java.io.File(((pathPrefix + java.lang.Integer.toString(counter)) + .png)): null

2018-12-07 16:03:13 - [TEST_STEP][PASSED] - Statement - counter = counter + 1: null

2018-12-07 16:03:13 - [TEST_STEP][PASSED] - Statement - PreSaveFile = new java.io.File(((pathPrefix + java.lang.Integer.toString(counter)) + .png)): null

2018-12-07 16:03:13 - [TEST_STEP][PASSED] - Statement - counter = counter + 1: null

2018-12-07 16:03:13 - [TEST_STEP][PASSED] - Statement - PreSaveFile = new java.io.File(((pathPrefix + java.lang.Integer.toString(counter)) + .png)): null

2018-12-07 16:03:13 - [TEST_STEP][PASSED] - Statement - counter = counter + 1: null

2018-12-07 16:03:13 - [TEST_STEP][PASSED] - Statement - PreSaveFile = new java.io.File(((pathPrefix + java.lang.Integer.toString(counter)) + .png)): null

2018-12-07 16:03:13 - [TEST_STEP][PASSED] - Statement - counter = counter + 1: null

2018-12-07 16:03:13 - [TEST_STEP][PASSED] - Statement - PreSaveFile = new java.io.File(((pathPrefix + java.lang.Integer.toString(counter)) + .png)): null

2018-12-07 16:03:13 - [TEST_STEP][PASSED] - Statement - counter = counter + 1: null

2018-12-07 16:03:13 - [TEST_STEP][PASSED] - Statement - PreSaveFile = new java.io.File(((pathPrefix + java.lang.Integer.toString(counter)) + .png)): null

2018-12-07 16:03:14 - [TEST_STEP][PASSED] - Statement - counter = counter + 1: null

2018-12-07 16:03:14 - [TEST_STEP][PASSED] - Statement - PreSaveFile = new java.io.File(((pathPrefix + java.lang.Integer.toString(counter)) + .png)): null

2018-12-07 16:03:14 - [TEST_STEP][PASSED] - Statement - counter = counter + 1: null

2018-12-07 16:03:14 - [TEST_STEP][PASSED] - Statement - PreSaveFile = new java.io.File(((pathPrefix + java.lang.Integer.toString(counter)) + .png)): null

2018-12-07 16:03:14 - [TEST_STEP][PASSED] - Statement - counter = counter + 1: null

2018-12-07 16:03:14 - [TEST_STEP][PASSED] - Statement - PreSaveFile = new java.io.File(((pathPrefix + java.lang.Integer.toString(counter)) + .png)): null

2018-12-07 16:03:14 - [TEST_STEP][PASSED] - Statement - counter = counter + 1: null

2018-12-07 16:03:14 - [TEST_STEP][PASSED] - Statement - PreSaveFile = new java.io.File(((pathPrefix + java.lang.Integer.toString(counter)) + .png)): null

2018-12-07 16:03:14 - [TEST_STEP][PASSED] - Statement - counter = counter + 1: null

2018-12-07 16:03:14 - [TEST_STEP][PASSED] - Statement - PreSaveFile = new java.io.File(((pathPrefix + java.lang.Integer.toString(counter)) + .png)): null

2018-12-07 16:03:14 - [TEST_STEP][PASSED] - Statement - counter = counter + 1: null

2018-12-07 16:03:14 - [TEST_STEP][PASSED] - Statement - PreSaveFile = new java.io.File(((pathPrefix + java.lang.Integer.toString(counter)) + .png)): null

2018-12-07 16:03:14 - [TEST_STEP][PASSED] - Statement - counter = counter + 1: null

2018-12-07 16:03:14 - [TEST_STEP][PASSED] - Statement - PreSaveFile = new java.io.File(((pathPrefix + java.lang.Integer.toString(counter)) + .png)): null

2018-12-07 16:03:14 - [TEST_STEP][PASSED] - Statement - counter = counter + 1: null

2018-12-07 16:03:14 - [TEST_STEP][PASSED] - Statement - PreSaveFile = new java.io.File(((pathPrefix + java.lang.Integer.toString(counter)) + .png)): null

2018-12-07 16:03:14 - [TEST_STEP][PASSED] - Statement - counter = counter + 1: null

2018-12-07 16:03:14 - [TEST_STEP][PASSED] - Statement - PreSaveFile = new java.io.File(((pathPrefix + java.lang.Integer.toString(counter)) + .png)): null

2018-12-07 16:03:14 - [TEST_STEP][PASSED] - Statement - counter = counter + 1: null

2018-12-07 16:03:14 - [TEST_STEP][PASSED] - Statement - PreSaveFile = new java.io.File(((pathPrefix + java.lang.Integer.toString(counter)) + .png)): null

2018-12-07 16:03:14 - [TEST_STEP][PASSED] - Statement - counter = counter + 1: null

2018-12-07 16:03:14 - [TEST_STEP][PASSED] - Statement - PreSaveFile = new java.io.File(((pathPrefix + java.lang.Integer.toString(counter)) + .png)): null

2018-12-07 16:03:14 - [TEST_STEP][PASSED] - Statement - counter = counter + 1: null

2018-12-07 16:03:14 - [TEST_STEP][PASSED] - Statement - PreSaveFile = new java.io.File(((pathPrefix + java.lang.Integer.toString(counter)) + .png)): null

2018-12-07 16:03:14 - [TEST_STEP][PASSED] - Statement - counter = counter + 1: null

2018-12-07 16:03:14 - [TEST_STEP][PASSED] - Statement - PreSaveFile = new java.io.File(((pathPrefix + java.lang.Integer.toString(counter)) + .png)): null

2018-12-07 16:03:14 - [TEST_STEP][PASSED] - Statement - counter = counter + 1: null

2018-12-07 16:03:14 - [TEST_STEP][PASSED] - Statement - PreSaveFile = new java.io.File(((pathPrefix + java.lang.Integer.toString(counter)) + .png)): null

2018-12-07 16:03:14 - [TEST_STEP][PASSED] - Statement - counter = counter + 1: null

2018-12-07 16:03:14 - [TEST_STEP][PASSED] - Statement - PreSaveFile = new java.io.File(((pathPrefix + java.lang.Integer.toString(counter)) + .png)): null

2018-12-07 16:03:14 - [TEST_STEP][PASSED] - Statement - counter = counter + 1: null

2018-12-07 16:03:14 - [TEST_STEP][PASSED] - Statement - PreSaveFile = new java.io.File(((pathPrefix + java.lang.Integer.toString(counter)) + .png)): null

2018-12-07 16:03:14 - [TEST_STEP][PASSED] - Statement - counter = counter + 1: null

2018-12-07 16:03:14 - [TEST_STEP][PASSED] - Statement - PreSaveFile = new java.io.File(((pathPrefix + java.lang.Integer.toString(counter)) + .png)): null

2018-12-07 16:03:14 - [TEST_STEP][PASSED] - Statement - counter = counter + 1: null

2018-12-07 16:03:14 - [TEST_STEP][PASSED] - Statement - PreSaveFile = new java.io.File(((pathPrefix + java.lang.Integer.toString(counter)) + .png)): null

2018-12-07 16:03:14 - [TEST_STEP][PASSED] - Statement - counter = counter + 1: null

2018-12-07 16:03:15 - [TEST_STEP][PASSED] - Statement - PreSaveFile = new java.io.File(((pathPrefix + java.lang.Integer.toString(counter)) + .png)): null

2018-12-07 16:03:15 - [TEST_STEP][PASSED] - Statement - counter = counter + 1: null

2018-12-07 16:03:15 - [TEST_STEP][PASSED] - Statement - PreSaveFile = new java.io.File(((pathPrefix + java.lang.Integer.toString(counter)) + .png)): null

2018-12-07 16:03:15 - [TEST_STEP][PASSED] - Statement - counter = counter + 1: null

2018-12-07 16:03:15 - [TEST_STEP][PASSED] - Statement - PreSaveFile = new java.io.File(((pathPrefix + java.lang.Integer.toString(counter)) + .png)): null

2018-12-07 16:03:15 - [TEST_STEP][PASSED] - Statement - counter = counter + 1: null

2018-12-07 16:03:15 - [TEST_STEP][PASSED] - Statement - PreSaveFile = new java.io.File(((pathPrefix + java.lang.Integer.toString(counter)) + .png)): null

2018-12-07 16:03:15 - [TEST_STEP][PASSED] - Statement - counter = counter + 1: null

2018-12-07 16:03:15 - [TEST_STEP][PASSED] - Statement - PreSaveFile = new java.io.File(((pathPrefix + java.lang.Integer.toString(counter)) + .png)): null

2018-12-07 16:03:15 - [TEST_STEP][PASSED] - Statement - counter = counter + 1: null

2018-12-07 16:03:15 - [TEST_STEP][PASSED] - Statement - PreSaveFile = new java.io.File(((pathPrefix + java.lang.Integer.toString(counter)) + .png)): null

2018-12-07 16:03:15 - [TEST_STEP][PASSED] - Statement - counter = counter + 1: null

2018-12-07 16:03:15 - [TEST_STEP][PASSED] - Statement - PreSaveFile = new java.io.File(((pathPrefix + java.lang.Integer.toString(counter)) + .png)): null

2018-12-07 16:03:15 - [TEST_STEP][PASSED] - Statement - counter = counter + 1: null

2018-12-07 16:03:15 - [TEST_STEP][PASSED] - Statement - PreSaveFile = new java.io.File(((pathPrefix + java.lang.Integer.toString(counter)) + .png)): null

2018-12-07 16:03:15 - [TEST_STEP][PASSED] - Statement - counter = counter + 1: null

2018-12-07 16:03:15 - [TEST_STEP][PASSED] - Statement - PreSaveFile = new java.io.File(((pathPrefix + java.lang.Integer.toString(counter)) + .png)): null

2018-12-07 16:03:15 - [TEST_STEP][PASSED] - Statement - counter = counter + 1: null

2018-12-07 16:03:15 - [TEST_STEP][PASSED] - Statement - PreSaveFile = new java.io.File(((pathPrefix + java.lang.Integer.toString(counter)) + .png)): null

2018-12-07 16:03:15 - [TEST_STEP][PASSED] - Statement - counter = counter + 1: null

2018-12-07 16:03:15 - [TEST_STEP][PASSED] - Statement - PreSaveFile = new java.io.File(((pathPrefix + java.lang.Integer.toString(counter)) + .png)): null

2018-12-07 16:03:15 - [TEST_STEP][PASSED] - Statement - counter = counter + 1: null

2018-12-07 16:03:15 - [TEST_STEP][PASSED] - Statement - PreSaveFile = new java.io.File(((pathPrefix + java.lang.Integer.toString(counter)) + .png)): null

2018-12-07 16:03:15 - [TEST_STEP][PASSED] - Statement - counter = counter + 1: null

2018-12-07 16:03:15 - [TEST_STEP][PASSED] - Statement - PreSaveFile = new java.io.File(((pathPrefix + java.lang.Integer.toString(counter)) + .png)): null

2018-12-07 16:03:15 - [TEST_STEP][PASSED] - Statement - counter = counter + 1: null

2018-12-07 16:03:15 - [TEST_STEP][PASSED] - Statement - PreSaveFile = new java.io.File(((pathPrefix + java.lang.Integer.toString(counter)) + .png)): null

2018-12-07 16:03:15 - [TEST_STEP][PASSED] - Statement - counter = counter + 1: null

2018-12-07 16:03:16 - [TEST_STEP][PASSED] - Statement - PreSaveFile = new java.io.File(((pathPrefix + java.lang.Integer.toString(counter)) + .png)): null

2018-12-07 16:03:16 - [TEST_STEP][PASSED] - Statement - counter = counter + 1: null

2018-12-07 16:03:16 - [TEST_STEP][PASSED] - Statement - PreSaveFile = new java.io.File(((pathPrefix + java.lang.Integer.toString(counter)) + .png)): null

2018-12-07 16:03:16 - [TEST_STEP][PASSED] - Statement - counter = counter + 1: null

2018-12-07 16:03:16 - [TEST_STEP][PASSED] - Statement - PreSaveFile = new java.io.File(((pathPrefix + java.lang.Integer.toString(counter)) + .png)): null

2018-12-07 16:03:16 - [TEST_STEP][PASSED] - Statement - counter = counter + 1: null

2018-12-07 16:03:16 - [TEST_STEP][PASSED] - Statement - PreSaveFile = new java.io.File(((pathPrefix + java.lang.Integer.toString(counter)) + .png)): null

2018-12-07 16:03:16 - [TEST_STEP][PASSED] - Statement - counter = counter + 1: null

2018-12-07 16:03:16 - [TEST_STEP][PASSED] - Statement - PreSaveFile = new java.io.File(((pathPrefix + java.lang.Integer.toString(counter)) + .png)): null

2018-12-07 16:03:16 - [TEST_STEP][PASSED] - Statement - counter = counter + 1: null

2018-12-07 16:03:16 - [TEST_STEP][PASSED] - Statement - PreSaveFile = new java.io.File(((pathPrefix + java.lang.Integer.toString(counter)) + .png)): null

2018-12-07 16:03:16 - [TEST_STEP][PASSED] - Statement - counter = counter + 1: null

2018-12-07 16:03:16 - [TEST_STEP][PASSED] - Statement - PreSaveFile = new java.io.File(((pathPrefix + java.lang.Integer.toString(counter)) + .png)): null

2018-12-07 16:03:16 - [TEST_STEP][PASSED] - Statement - counter = counter + 1: null

2018-12-07 16:03:16 - [TEST_STEP][PASSED] - Statement - PreSaveFile = new java.io.File(((pathPrefix + java.lang.Integer.toString(counter)) + .png)): null

2018-12-07 16:03:16 - [TEST_STEP][PASSED] - Statement - counter = counter + 1: null

2018-12-07 16:03:16 - [TEST_STEP][PASSED] - Statement - PreSaveFile = new java.io.File(((pathPrefix + java.lang.Integer.toString(counter)) + .png)): null

2018-12-07 16:03:16 - [TEST_STEP][PASSED] - Statement - counter = counter + 1: null

2018-12-07 16:03:16 - [TEST_STEP][PASSED] - Statement - PreSaveFile = new java.io.File(((pathPrefix + java.lang.Integer.toString(counter)) + .png)): null

2018-12-07 16:03:16 - [TEST_STEP][PASSED] - Statement - counter = counter + 1: null

2018-12-07 16:03:16 - [TEST_STEP][PASSED] - Statement - PreSaveFile = new java.io.File(((pathPrefix + java.lang.Integer.toString(counter)) + .png)): null

2018-12-07 16:03:16 - [TEST_STEP][PASSED] - Statement - counter = counter + 1: null

2018-12-07 16:03:16 - [TEST_STEP][PASSED] - Statement - PreSaveFile = new java.io.File(((pathPrefix + java.lang.Integer.toString(counter)) + .png)): null

2018-12-07 16:03:16 - [TEST_STEP][PASSED] - Statement - counter = counter + 1: null

2018-12-07 16:03:16 - [TEST_STEP][PASSED] - Statement - PreSaveFile = new java.io.File(((pathPrefix + java.lang.Integer.toString(counter)) + .png)): null

2018-12-07 16:03:16 - [TEST_STEP][PASSED] - Statement - counter = counter + 1: null

2018-12-07 16:03:16 - [TEST_STEP][PASSED] - Statement - PreSaveFile = new java.io.File(((pathPrefix + java.lang.Integer.toString(counter)) + .png)): null

2018-12-07 16:03:16 - [TEST_STEP][PASSED] - Statement - counter = counter + 1: null

2018-12-07 16:03:16 - [TEST_STEP][PASSED] - Statement - PreSaveFile = new java.io.File(((pathPrefix + java.lang.Integer.toString(counter)) + .png)): null

2018-12-07 16:03:16 - [TEST_STEP][PASSED] - Statement - counter = counter + 1: null

2018-12-07 16:03:16 - [TEST_STEP][PASSED] - Statement - PreSaveFile = new java.io.File(((pathPrefix + java.lang.Integer.toString(counter)) + .png)): null

2018-12-07 16:03:16 - [TEST_STEP][PASSED] - Statement - counter = counter + 1: null

2018-12-07 16:03:16 - [TEST_STEP][PASSED] - Statement - PreSaveFile = new java.io.File(((pathPrefix + java.lang.Integer.toString(counter)) + .png)): null

2018-12-07 16:03:16 - [TEST_STEP][PASSED] - Statement - counter = counter + 1: null

2018-12-07 16:03:16 - [TEST_STEP][PASSED] - Statement - PreSaveFile = new java.io.File(((pathPrefix + java.lang.Integer.toString(counter)) + .png)): null

2018-12-07 16:03:16 - [TEST_STEP][PASSED] - Statement - counter = counter + 1: null

2018-12-07 16:03:16 - [TEST_STEP][PASSED] - Statement - PreSaveFile = new java.io.File(((pathPrefix + java.lang.Integer.toString(counter)) + .png)): null

2018-12-07 16:03:16 - [TEST_STEP][PASSED] - Statement - counter = counter + 1: null

2018-12-07 16:03:17 - [TEST_STEP][PASSED] - Statement - PreSaveFile = new java.io.File(((pathPrefix + java.lang.Integer.toString(counter)) + .png)): null

2018-12-07 16:03:17 - [TEST_STEP][PASSED] - Statement - counter = counter + 1: null

2018-12-07 16:03:17 - [TEST_STEP][PASSED] - Statement - PreSaveFile = new java.io.File(((pathPrefix + java.lang.Integer.toString(counter)) + .png)): null

2018-12-07 16:03:17 - [TEST_STEP][PASSED] - Statement - counter = counter + 1: null

2018-12-07 16:03:17 - [TEST_STEP][PASSED] - Statement - PreSaveFile = new java.io.File(((pathPrefix + java.lang.Integer.toString(counter)) + .png)): null

2018-12-07 16:03:17 - [TEST_STEP][PASSED] - Statement - counter = counter + 1: null

2018-12-07 16:03:17 - [TEST_STEP][PASSED] - Statement - PreSaveFile = new java.io.File(((pathPrefix + java.lang.Integer.toString(counter)) + .png)): null

2018-12-07 16:03:17 - [TEST_STEP][PASSED] - Statement - counter = counter + 1: null

2018-12-07 16:03:17 - [TEST_STEP][PASSED] - Statement - PreSaveFile = new java.io.File(((pathPrefix + java.lang.Integer.toString(counter)) + .png)): null

2018-12-07 16:03:17 - [TEST_STEP][PASSED] - Statement - counter = counter + 1: null

2018-12-07 16:03:17 - [TEST_STEP][PASSED] - Statement - PreSaveFile = new java.io.File(((pathPrefix + java.lang.Integer.toString(counter)) + .png)): null

2018-12-07 16:03:17 - [TEST_STEP][PASSED] - Statement - counter = counter + 1: null

2018-12-07 16:03:17 - [TEST_STEP][PASSED] - Statement - PreSaveFile = new java.io.File(((pathPrefix + java.lang.Integer.toString(counter)) + .png)): null

2018-12-07 16:03:17 - [TEST_STEP][PASSED] - Statement - counter = counter + 1: null

2018-12-07 16:03:17 - [TEST_STEP][PASSED] - Statement - PreSaveFile = new java.io.File(((pathPrefix + java.lang.Integer.toString(counter)) + .png)): null

2018-12-07 16:03:17 - [TEST_STEP][PASSED] - Statement - counter = counter + 1: null

2018-12-07 16:03:17 - [TEST_STEP][PASSED] - Statement - PreSaveFile = new java.io.File(((pathPrefix + java.lang.Integer.toString(counter)) + .png)): null

2018-12-07 16:03:17 - [TEST_STEP][PASSED] - Statement - counter = counter + 1: null

2018-12-07 16:03:17 - [TEST_STEP][PASSED] - Statement - PreSaveFile = new java.io.File(((pathPrefix + java.lang.Integer.toString(counter)) + .png)): null

2018-12-07 16:03:17 - [TEST_STEP][PASSED] - Statement - counter = counter + 1: null

2018-12-07 16:03:17 - [TEST_STEP][PASSED] - Statement - PreSaveFile = new java.io.File(((pathPrefix + java.lang.Integer.toString(counter)) + .png)): null

2018-12-07 16:03:17 - [TEST_STEP][PASSED] - Statement - counter = counter + 1: null

2018-12-07 16:03:17 - [TEST_STEP][PASSED] - Statement - PreSaveFile = new java.io.File(((pathPrefix + java.lang.Integer.toString(counter)) + .png)): null

2018-12-07 16:03:17 - [TEST_STEP][PASSED] - Statement - counter = counter + 1: null

2018-12-07 16:03:17 - [TEST_STEP][PASSED] - Statement - PreSaveFile = new java.io.File(((pathPrefix + java.lang.Integer.toString(counter)) + .png)): null

2018-12-07 16:03:17 - [TEST_STEP][PASSED] - Statement - counter = counter + 1: null

2018-12-07 16:03:17 - [TEST_STEP][PASSED] - Statement - PreSaveFile = new java.io.File(((pathPrefix + java.lang.Integer.toString(counter)) + .png)): null

2018-12-07 16:03:17 - [TEST_STEP][PASSED] - Statement - counter = counter + 1: null

2018-12-07 16:03:17 - [TEST_STEP][PASSED] - Statement - PreSaveFile = new java.io.File(((pathPrefix + java.lang.Integer.toString(counter)) + .png)): null

2018-12-07 16:03:18 - [TEST_STEP][PASSED] - Statement - counter = counter + 1: null

2018-12-07 16:03:18 - [TEST_STEP][PASSED] - Statement - PreSaveFile = new java.io.File(((pathPrefix + java.lang.Integer.toString(counter)) + .png)): null

2018-12-07 16:03:18 - [TEST_STEP][PASSED] - Statement - counter = counter + 1: null

2018-12-07 16:03:18 - [TEST_STEP][PASSED] - Statement - PreSaveFile = new java.io.File(((pathPrefix + java.lang.Integer.toString(counter)) + .png)): null

2018-12-07 16:03:18 - [TEST_STEP][PASSED] - Statement - counter = counter + 1: null

2018-12-07 16:03:18 - [TEST_STEP][PASSED] - Statement - PreSaveFile = new java.io.File(((pathPrefix + java.lang.Integer.toString(counter)) + .png)): null

2018-12-07 16:03:18 - [TEST_STEP][PASSED] - Statement - counter = counter + 1: null

2018-12-07 16:03:18 - [TEST_STEP][PASSED] - Statement - PreSaveFile = new java.io.File(((pathPrefix + java.lang.Integer.toString(counter)) + .png)): null

2018-12-07 16:03:18 - [TEST_STEP][PASSED] - Statement - counter = counter + 1: null

2018-12-07 16:03:18 - [TEST_STEP][PASSED] - Statement - PreSaveFile = new java.io.File(((pathPrefix + java.lang.Integer.toString(counter)) + .png)): null

2018-12-07 16:03:18 - [TEST_STEP][PASSED] - Statement - counter = counter + 1: null

2018-12-07 16:03:18 - [TEST_STEP][PASSED] - Statement - PreSaveFile = new java.io.File(((pathPrefix + java.lang.Integer.toString(counter)) + .png)): null

2018-12-07 16:03:18 - [TEST_STEP][PASSED] - Statement - counter = counter + 1: null

2018-12-07 16:03:18 - [TEST_STEP][PASSED] - Statement - PreSaveFile = new java.io.File(((pathPrefix + java.lang.Integer.toString(counter)) + .png)): null

2018-12-07 16:03:18 - [TEST_STEP][PASSED] - Statement - counter = counter + 1: null

2018-12-07 16:03:18 - [TEST_STEP][PASSED] - Statement - PreSaveFile = new java.io.File(((pathPrefix + java.lang.Integer.toString(counter)) + .png)): null

2018-12-07 16:03:18 - [TEST_STEP][PASSED] - Statement - counter = counter + 1: null

2018-12-07 16:03:18 - [TEST_STEP][PASSED] - Statement - PreSaveFile = new java.io.File(((pathPrefix + java.lang.Integer.toString(counter)) + .png)): null

2018-12-07 16:03:18 - [TEST_STEP][PASSED] - Statement - counter = counter + 1: null

2018-12-07 16:03:18 - [TEST_STEP][PASSED] - Statement - PreSaveFile = new java.io.File(((pathPrefix + java.lang.Integer.toString(counter)) + .png)): null

2018-12-07 16:03:18 - [TEST_STEP][PASSED] - Statement - counter = counter + 1: null

2018-12-07 16:03:18 - [TEST_STEP][PASSED] - Statement - PreSaveFile = new java.io.File(((pathPrefix + java.lang.Integer.toString(counter)) + .png)): null

2018-12-07 16:03:18 - [TEST_STEP][PASSED] - Statement - counter = counter + 1: null

2018-12-07 16:03:18 - [TEST_STEP][PASSED] - Statement - PreSaveFile = new java.io.File(((pathPrefix + java.lang.Integer.toString(counter)) + .png)): null

2018-12-07 16:03:18 - [TEST_STEP][PASSED] - Statement - counter = counter + 1: null

2018-12-07 16:03:18 - [TEST_STEP][PASSED] - Statement - PreSaveFile = new java.io.File(((pathPrefix + java.lang.Integer.toString(counter)) + .png)): null

2018-12-07 16:03:18 - [TEST_STEP][PASSED] - Statement - counter = counter + 1: null

2018-12-07 16:03:18 - [TEST_STEP][PASSED] - Statement - PreSaveFile = new java.io.File(((pathPrefix + java.lang.Integer.toString(counter)) + .png)): null

2018-12-07 16:03:18 - [TEST_STEP][PASSED] - Statement - counter = counter + 1: null

2018-12-07 16:03:19 - [TEST_STEP][PASSED] - Statement - PreSaveFile = new java.io.File(((pathPrefix + java.lang.Integer.toString(counter)) + .png)): null

2018-12-07 16:03:19 - [TEST_STEP][PASSED] - Statement - counter = counter + 1: null

2018-12-07 16:03:19 - [TEST_STEP][PASSED] - Statement - PreSaveFile = new java.io.File(((pathPrefix + java.lang.Integer.toString(counter)) + .png)): null

2018-12-07 16:03:19 - [TEST_STEP][PASSED] - Statement - counter = counter + 1: null

2018-12-07 16:03:19 - [TEST_STEP][PASSED] - Statement - PreSaveFile = new java.io.File(((pathPrefix + java.lang.Integer.toString(counter)) + .png)): null

2018-12-07 16:03:19 - [TEST_STEP][PASSED] - Statement - counter = counter + 1: null

2018-12-07 16:03:19 - [TEST_STEP][PASSED] - Statement - PreSaveFile = new java.io.File(((pathPrefix + java.lang.Integer.toString(counter)) + .png)): null

2018-12-07 16:03:19 - [TEST_STEP][PASSED] - Statement - counter = counter + 1: null

2018-12-07 16:03:19 - [TEST_STEP][PASSED] - Statement - PreSaveFile = new java.io.File(((pathPrefix + java.lang.Integer.toString(counter)) + .png)): null

2018-12-07 16:03:19 - [TEST_STEP][PASSED] - Statement - counter = counter + 1: null

2018-12-07 16:03:19 - [TEST_STEP][PASSED] - Statement - PreSaveFile = new java.io.File(((pathPrefix + java.lang.Integer.toString(counter)) + .png)): null

2018-12-07 16:03:19 - [TEST_STEP][PASSED] - Statement - counter = counter + 1: null

2018-12-07 16:03:19 - [TEST_STEP][PASSED] - Statement - PreSaveFile = new java.io.File(((pathPrefix + java.lang.Integer.toString(counter)) + .png)): null

2018-12-07 16:03:19 - [TEST_STEP][PASSED] - Statement - counter = counter + 1: null

2018-12-07 16:03:19 - [TEST_STEP][PASSED] - Statement - PreSaveFile = new java.io.File(((pathPrefix + java.lang.Integer.toString(counter)) + .png)): null

2018-12-07 16:03:19 - [TEST_STEP][PASSED] - Statement - counter = counter + 1: null

2018-12-07 16:03:19 - [TEST_STEP][PASSED] - Statement - PreSaveFile = new java.io.File(((pathPrefix + java.lang.Integer.toString(counter)) + .png)): null

2018-12-07 16:03:19 - [TEST_STEP][PASSED] - Statement - counter = counter + 1: null

2018-12-07 16:03:19 - [TEST_STEP][PASSED] - Statement - PreSaveFile = new java.io.File(((pathPrefix + java.lang.Integer.toString(counter)) + .png)): null

2018-12-07 16:03:19 - [TEST_STEP][PASSED] - Statement - counter = counter + 1: null

2018-12-07 16:03:19 - [TEST_STEP][PASSED] - Statement - PreSaveFile = new java.io.File(((pathPrefix + java.lang.Integer.toString(counter)) + .png)): null

2018-12-07 16:03:19 - [TEST_STEP][PASSED] - Statement - counter = counter + 1: null

2018-12-07 16:03:19 - [TEST_STEP][PASSED] - Statement - PreSaveFile = new java.io.File(((pathPrefix + java.lang.Integer.toString(counter)) + .png)): null

2018-12-07 16:03:19 - [TEST_STEP][PASSED] - Statement - counter = counter + 1: null

2018-12-07 16:03:19 - [TEST_STEP][PASSED] - Statement - PreSaveFile = new java.io.File(((pathPrefix + java.lang.Integer.toString(counter)) + .png)): null

2018-12-07 16:03:19 - [TEST_STEP][PASSED] - Statement - counter = counter + 1: null

2018-12-07 16:03:19 - [TEST_STEP][PASSED] - Statement - PreSaveFile = new java.io.File(((pathPrefix + java.lang.Integer.toString(counter)) + .png)): null

2018-12-07 16:03:19 - [TEST_STEP][PASSED] - Statement - counter = counter + 1: null

2018-12-07 16:03:20 - [TEST_STEP][PASSED] - Statement - PreSaveFile = new java.io.File(((pathPrefix + java.lang.Integer.toString(counter)) + .png)): null

2018-12-07 16:03:20 - [TEST_STEP][PASSED] - Statement - counter = counter + 1: null

2018-12-07 16:03:20 - [TEST_STEP][PASSED] - Statement - PreSaveFile = new java.io.File(((pathPrefix + java.lang.Integer.toString(counter)) + .png)): null

2018-12-07 16:03:20 - [TEST_STEP][PASSED] - Statement - counter = counter + 1: null

2018-12-07 16:03:20 - [TEST_STEP][PASSED] - Statement - PreSaveFile = new java.io.File(((pathPrefix + java.lang.Integer.toString(counter)) + .png)): null

2018-12-07 16:03:20 - [TEST_STEP][PASSED] - Statement - counter = counter + 1: null

2018-12-07 16:03:20 - [TEST_STEP][PASSED] - Statement - PreSaveFile = new java.io.File(((pathPrefix + java.lang.Integer.toString(counter)) + .png)): null

2018-12-07 16:03:20 - [TEST_STEP][PASSED] - Statement - counter = counter + 1: null

2018-12-07 16:03:20 - [TEST_STEP][PASSED] - Statement - PreSaveFile = new java.io.File(((pathPrefix + java.lang.Integer.toString(counter)) + .png)): null

2018-12-07 16:03:20 - [TEST_STEP][PASSED] - Statement - counter = counter + 1: null

2018-12-07 16:03:20 - [TEST_STEP][PASSED] - Statement - PreSaveFile = new java.io.File(((pathPrefix + java.lang.Integer.toString(counter)) + .png)): null

2018-12-07 16:03:20 - [TEST_STEP][PASSED] - Statement - counter = counter + 1: null

2018-12-07 16:03:20 - [TEST_STEP][PASSED] - Statement - PreSaveFile = new java.io.File(((pathPrefix + java.lang.Integer.toString(counter)) + .png)): null

2018-12-07 16:03:20 - [TEST_STEP][PASSED] - Statement - counter = counter + 1: null

2018-12-07 16:03:20 - [TEST_STEP][PASSED] - Statement - PreSaveFile = new java.io.File(((pathPrefix + java.lang.Integer.toString(counter)) + .png)): null

2018-12-07 16:03:20 - [TEST_STEP][PASSED] - Statement - counter = counter + 1: null

2018-12-07 16:03:20 - [TEST_STEP][PASSED] - Statement - PreSaveFile = new java.io.File(((pathPrefix + java.lang.Integer.toString(counter)) + .png)): null

2018-12-07 16:03:20 - [TEST_STEP][PASSED] - Statement - counter = counter + 1: null

2018-12-07 16:03:20 - [TEST_STEP][PASSED] - Statement - PreSaveFile = new java.io.File(((pathPrefix + java.lang.Integer.toString(counter)) + .png)): null

2018-12-07 16:03:20 - [TEST_STEP][PASSED] - Statement - counter = counter + 1: null

2018-12-07 16:03:20 - [TEST_STEP][PASSED] - Statement - PreSaveFile = new java.io.File(((pathPrefix + java.lang.Integer.toString(counter)) + .png)): null

2018-12-07 16:03:20 - [TEST_STEP][PASSED] - Statement - counter = counter + 1: null

2018-12-07 16:03:20 - [TEST_STEP][PASSED] - Statement - PreSaveFile = new java.io.File(((pathPrefix + java.lang.Integer.toString(counter)) + .png)): null

2018-12-07 16:03:20 - [TEST_STEP][PASSED] - Statement - counter = counter + 1: null

2018-12-07 16:03:20 - [TEST_STEP][PASSED] - Statement - PreSaveFile = new java.io.File(((pathPrefix + java.lang.Integer.toString(counter)) + .png)): null

2018-12-07 16:03:20 - [TEST_STEP][PASSED] - Statement - counter = counter + 1: null

2018-12-07 16:03:20 - [TEST_STEP][PASSED] - Statement - PreSaveFile = new java.io.File(((pathPrefix + java.lang.Integer.toString(counter)) + .png)): null

2018-12-07 16:03:20 - [TEST_STEP][PASSED] - Statement - counter = counter + 1: null

2018-12-07 16:03:20 - [TEST_STEP][PASSED] - Statement - PreSaveFile = new java.io.File(((pathPrefix + java.lang.Integer.toString(counter)) + .png)): null

2018-12-07 16:03:21 - [TEST_STEP][PASSED] - Statement - counter = counter + 1: null

2018-12-07 16:03:21 - [TEST_STEP][PASSED] - Statement - PreSaveFile = new java.io.File(((pathPrefix + java.lang.Integer.toString(counter)) + .png)): null

2018-12-07 16:03:21 - [TEST_STEP][PASSED] - Statement - counter = counter + 1: null

2018-12-07 16:03:21 - [TEST_STEP][PASSED] - Statement - PreSaveFile = new java.io.File(((pathPrefix + java.lang.Integer.toString(counter)) + .png)): null

2018-12-07 16:03:21 - [TEST_STEP][PASSED] - Statement - counter = counter + 1: null

2018-12-07 16:03:21 - [TEST_STEP][PASSED] - Statement - PreSaveFile = new java.io.File(((pathPrefix + java.lang.Integer.toString(counter)) + .png)): null

2018-12-07 16:03:21 - [TEST_STEP][PASSED] - Statement - counter = counter + 1: null

2018-12-07 16:03:21 - [TEST_STEP][PASSED] - Statement - PreSaveFile = new java.io.File(((pathPrefix + java.lang.Integer.toString(counter)) + .png)): null

2018-12-07 16:03:21 - [TEST_STEP][PASSED] - Statement - counter = counter + 1: null

2018-12-07 16:03:21 - [TEST_STEP][PASSED] - Statement - PreSaveFile = new java.io.File(((pathPrefix + java.lang.Integer.toString(counter)) + .png)): null

2018-12-07 16:03:21 - [TEST_STEP][PASSED] - Statement - counter = counter + 1: null

2018-12-07 16:03:21 - [TEST_STEP][PASSED] - Statement - PreSaveFile = new java.io.File(((pathPrefix + java.lang.Integer.toString(counter)) + .png)): null

2018-12-07 16:03:21 - [TEST_STEP][PASSED] - Statement - counter = counter + 1: null

2018-12-07 16:03:21 - [TEST_STEP][PASSED] - Statement - PreSaveFile = new java.io.File(((pathPrefix + java.lang.Integer.toString(counter)) + .png)): null

2018-12-07 16:03:21 - [TEST_STEP][PASSED] - Statement - counter = counter + 1: null

2018-12-07 16:03:21 - [TEST_STEP][PASSED] - Statement - PreSaveFile = new java.io.File(((pathPrefix + java.lang.Integer.toString(counter)) + .png)): null

2018-12-07 16:03:21 - [TEST_STEP][PASSED] - Statement - counter = counter + 1: null

2018-12-07 16:03:21 - [TEST_STEP][PASSED] - Statement - PreSaveFile = new java.io.File(((pathPrefix + java.lang.Integer.toString(counter)) + .png)): null

2018-12-07 16:03:21 - [TEST_STEP][PASSED] - Statement - counter = counter + 1: null

2018-12-07 16:03:21 - [TEST_STEP][PASSED] - Statement - PreSaveFile = new java.io.File(((pathPrefix + java.lang.Integer.toString(counter)) + .png)): null

2018-12-07 16:03:21 - [TEST_STEP][PASSED] - Statement - counter = counter + 1: null

2018-12-07 16:03:21 - [TEST_STEP][PASSED] - Statement - PreSaveFile = new java.io.File(((pathPrefix + java.lang.Integer.toString(counter)) + .png)): null

2018-12-07 16:03:21 - [TEST_STEP][PASSED] - Statement - counter = counter + 1: null

2018-12-07 16:03:21 - [TEST_STEP][PASSED] - Statement - PreSaveFile = new java.io.File(((pathPrefix + java.lang.Integer.toString(counter)) + .png)): null

2018-12-07 16:03:21 - [TEST_STEP][PASSED] - Statement - counter = counter + 1: null

2018-12-07 16:03:21 - [TEST_STEP][PASSED] - Statement - PreSaveFile = new java.io.File(((pathPrefix + java.lang.Integer.toString(counter)) + .png)): null

2018-12-07 16:03:21 - [TEST_STEP][PASSED] - Statement - counter = counter + 1: null

2018-12-07 16:03:21 - [TEST_STEP][PASSED] - Statement - PreSaveFile = new java.io.File(((pathPrefix + java.lang.Integer.toString(counter)) + .png)): null

2018-12-07 16:03:21 - [TEST_STEP][PASSED] - Statement - counter = counter + 1: null

2018-12-07 16:03:21 - [TEST_STEP][PASSED] - Statement - PreSaveFile = new java.io.File(((pathPrefix + java.lang.Integer.toString(counter)) + .png)): null

2018-12-07 16:03:21 - [TEST_STEP][PASSED] - Statement - counter = counter + 1: null

2018-12-07 16:03:21 - [TEST_STEP][PASSED] - Statement - PreSaveFile = new java.io.File(((pathPrefix + java.lang.Integer.toString(counter)) + .png)): null

2018-12-07 16:03:21 - [TEST_STEP][PASSED] - Statement - counter = counter + 1: null

2018-12-07 16:03:21 - [TEST_STEP][PASSED] - Statement - PreSaveFile = new java.io.File(((pathPrefix + java.lang.Integer.toString(counter)) + .png)): null

2018-12-07 16:03:21 - [TEST_STEP][PASSED] - Statement - counter = counter + 1: null

2018-12-07 16:03:21 - [TEST_STEP][PASSED] - Statement - PreSaveFile = new java.io.File(((pathPrefix + java.lang.Integer.toString(counter)) + .png)): null

2018-12-07 16:03:21 - [TEST_STEP][PASSED] - Statement - counter = counter + 1: null

2018-12-07 16:03:21 - [TEST_STEP][PASSED] - Statement - PreSaveFile = new java.io.File(((pathPrefix + java.lang.Integer.toString(counter)) + .png)): null

2018-12-07 16:03:21 - [TEST_STEP][PASSED] - Statement - counter = counter + 1: null

2018-12-07 16:03:22 - [TEST_STEP][PASSED] - Statement - PreSaveFile = new java.io.File(((pathPrefix + java.lang.Integer.toString(counter)) + .png)): null

2018-12-07 16:03:22 - [TEST_STEP][PASSED] - Statement - counter = counter + 1: null

2018-12-07 16:03:22 - [TEST_STEP][PASSED] - Statement - PreSaveFile = new java.io.File(((pathPrefix + java.lang.Integer.toString(counter)) + .png)): null

2018-12-07 16:03:22 - [TEST_STEP][PASSED] - Statement - finalPath = pathPrefix + java.lang.Integer.toString(counter) + ".png": null

2018-12-07 16:03:22 - [TEST_STEP][PASSED] - Statement - SaveFile = new java.io.File(finalPath): null

2018-12-07 16:03:22 - [TEST_STEP][PASSED] - Statement - Try: null

2018-12-07 16:03:22 - [TEST_STEP][PASSED] - Statement - org.apache.commons.io.FileUtils.copyFile(scrFile, SaveFile): null

2018-12-07 16:03:22 - [TEST_STEP][PASSED] - Statement - out.println("file kept"): null

2018-12-07 16:03:22 - [TEST_STEP][PASSED] - delay: Delayed 10 second(s)

2018-12-07 16:03:32 - [MESSAGE][PASSED] - Delayed 10 second(s)

2018-12-07 16:03:32 - [MESSAGE][PASSED] - Call Test Case 'Test Cases/Final Aug 2018 - PKS Automation/Registration Module/New Registration/Submit and Screenshot/Submit Registration and Screenshot - Copy' successfully

2018-12-07 16:03:32 - [TEST_STEP][PASSED] - Statement - UpdateAddNewECode = com.kms.katalon.core.webui.keyword.WebUiBuiltInKeywords.getText(com.kms.katalon.core.testobject.ObjectRepository.findTestObject(Object Repository/Final Object Repo/Page_Update Add New Employee - ASSIST/getEmpCode)): Text of object 'Object Repository/Final Object Repo/Page_Update Add New Employee - ASSIST/getEmpCode' is: 'E1102070681K'

2018-12-07 16:03:32 - [MESSAGE][PASSED] - Text of object 'Object Repository/Final Object Repo/Page_Update Add New Employee - ASSIST/getEmpCode' is: 'E1102070681K'

2018-12-07 16:03:32 - [TEST_STEP][PASSED] - callTestCase: Call Test Case 'Test Cases/Final Aug 2018 - PKS Automation/Common/Emp Code Setter' successfully

2018-12-07 16:03:32 - [TEST_CASE][PASSED] - Test Cases/Final Aug 2018 - PKS Automation/Common/Emp Code Setter: Test Cases/Final Aug 2018 - PKS Automation/Common/Emp Code Setter

2018-12-07 16:03:32 - [TEST_STEP][PASSED] - Statement - EmpCodeOld = new java.io.File(C://Users//Admin//Desktop//PKS//Automation Reference Point//EmpCode.txt): null

2018-12-07 16:03:32 - [TEST_STEP][PASSED] - Statement - EmpCodeOld.delete(): null

2018-12-07 16:03:32 - [TEST_STEP][PASSED] - Statement - EmpCode = new java.io.File(C://Users//Admin//Desktop//PKS//Automation Reference Point//EmpCode.txt): null

2018-12-07 16:03:32 - [TEST_STEP][PASSED] - Statement - f2 = new java.io.FileWriter(EmpCode, false): null

2018-12-07 16:03:32 - [TEST_STEP][PASSED] - Statement - f2.write(UpdateAddNewECode): null

2018-12-07 16:03:32 - [TEST_STEP][PASSED] - Statement - f2.close(): null

2018-12-07 16:03:32 - [TEST_STEP][PASSED] - Statement - out.println("


" + UpdateAddNewECode + "


"): null

2018-12-07 16:03:32 - [MESSAGE][PASSED] - Call Test Case 'Test Cases/Final Aug 2018 - PKS Automation/Common/Emp Code Setter' successfully

2018-12-07 16:03:32 - [MESSAGE][PASSED] - Call Test Case 'Test Cases/Final Aug 2018 - PKS Automation/Registration Module/Workflow/Update Add New Employee/Template/New Company for Update Add New - Employer' successfully

2018-12-07 16:03:32 - [TEST_STEP][PASSED] - callTestCase: Call Test Case 'Test Cases/Final Aug 2018 - PKS Automation/Create Employer Acc/Login to Employer Account (Second time)' successfully

2018-12-07 16:03:32 - [TEST_CASE][PASSED] - Test Cases/Final Aug 2018 - PKS Automation/Create Employer Acc/Login to Employer Account (Second time): Test Cases/Final Aug 2018 - PKS Automation/Create Employer Acc/Login to Employer Account (Second time)

2018-12-07 16:03:32 - [TEST_STEP][PASSED] - openBrowser: Browser is opened with url: ''

2018-12-07 16:03:32 - [MESSAGE][WARNING] - A browser is already opened. Closing browser and opening a new one

2018-12-07 16:03:35 - [MESSAGE][PASSED] - Browser is opened with url: ''

2018-12-07 16:03:35 - [TEST_STEP][PASSED] - navigateToUrl: Navigate to 'https://assist2-uat.perkeso.gov.my/employer/login' successfully

2018-12-07 16:03:36 - [MESSAGE][PASSED] - Navigate to 'https://assist2-uat.perkeso.gov.my/employer/login' successfully

2018-12-07 16:03:36 - [TEST_STEP][PASSED] - delay: Delayed 3 second(s)

2018-12-07 16:03:39 - [MESSAGE][PASSED] - Delayed 3 second(s)

2018-12-07 16:03:39 - [TEST_STEP][PASSED] - callTestCase: Call Test Case 'Test Cases/Final Aug 2018 - PKS Automation/Create Employer Acc/Template/Employer Email Getter' successfully

2018-12-07 16:03:39 - [TEST_CASE][PASSED] - Test Cases/Final Aug 2018 - PKS Automation/Create Employer Acc/Template/Employer Email Getter: Test Cases/Final Aug 2018 - PKS Automation/Create Employer Acc/Template/Employer Email Getter

2018-12-07 16:03:39 - [TEST_STEP][PASSED] - Statement - Try: null

2018-12-07 16:03:39 - [TEST_STEP][PASSED] - Statement - EmpEmail = new java.io.File(C://Users//Admin//Desktop//PKS//Automation Reference Point//EmpEmail.txt): null

2018-12-07 16:03:39 - [TEST_STEP][PASSED] - Statement - bufferread = new java.io.BufferedReader(new java.io.FileReader(EmpEmail)): null

2018-12-07 16:03:39 - [TEST_STEP][PASSED] - Statement - readedVal = bufferread.readLine(): null

2018-12-07 16:03:39 - [TEST_STEP][PASSED] - Statement - out.println(readedVal): null

2018-12-07 16:03:39 - [TEST_STEP][PASSED] - Statement - Email = readedVal: null

2018-12-07 16:03:39 - [MESSAGE][PASSED] - Call Test Case 'Test Cases/Final Aug 2018 - PKS Automation/Create Employer Acc/Template/Employer Email Getter' successfully

2018-12-07 16:03:39 - [TEST_STEP][PASSED] - setText: Text 'perkeso249375654699@gmail.com' is set on object 'Object Repository/Final Object Repo/Login Page/External Login Page/Email'

2018-12-07 16:03:40 - [MESSAGE][PASSED] - Text 'perkeso249375654699@gmail.com' is set on object 'Object Repository/Final Object Repo/Login Page/External Login Page/Email'

2018-12-07 16:03:40 - [TEST_STEP][PASSED] - click: Object: 'Object Repository/Final Object Repo/Login Page/External Login Page/Next' is clicked on

2018-12-07 16:03:40 - [MESSAGE][PASSED] - Object: 'Object Repository/Final Object Repo/Login Page/External Login Page/Next' is clicked on

2018-12-07 16:03:40 - [TEST_STEP][PASSED] - delay: Delayed 3 second(s)

2018-12-07 16:03:43 - [MESSAGE][PASSED] - Delayed 3 second(s)

2018-12-07 16:03:43 - [TEST_STEP][PASSED] - setEncryptedText: Text ****** has been set on object 'Object Repository/Final Object Repo/Login Page/External Login Page/Password'

2018-12-07 16:03:43 - [MESSAGE][PASSED] - Text ****** has been set on object 'Object Repository/Final Object Repo/Login Page/External Login Page/Password'

2018-12-07 16:03:43 - [TEST_STEP][PASSED] - click: Object: 'Object Repository/Final Object Repo/Login Page/External Login Page/Login' is clicked on

2018-12-07 16:03:43 - [MESSAGE][PASSED] - Object: 'Object Repository/Final Object Repo/Login Page/External Login Page/Login' is clicked on

2018-12-07 16:03:43 - [TEST_STEP][PASSED] - delay: Delayed 5 second(s)

2018-12-07 16:03:48 - [MESSAGE][PASSED] - Delayed 5 second(s)

2018-12-07 16:03:48 - [MESSAGE][PASSED] - Call Test Case 'Test Cases/Final Aug 2018 - PKS Automation/Create Employer Acc/Login to Employer Account (Second time)' successfully

2018-12-07 16:03:48 - [TEST_STEP][PASSED] - Statement - Try: Delayed 2 second(s)

2018-12-07 16:03:48 - [TEST_STEP][PASSED] - Statement - Checker = false: null

2018-12-07 16:03:48 - [TEST_STEP][PASSED] - Statement - Checker = com.kms.katalon.core.webui.keyword.WebUiBuiltInKeywords.verifyElementHasAttribute(com.kms.katalon.core.testobject.ObjectRepository.findTestObject(Final Object Repo/Landing Page/BM Detecting), "href", 20, OPTIONAL): Object 'Object Repository/Final Object Repo/Landing Page/BM Detecting' has attribute 'href'

2018-12-07 16:03:49 - [MESSAGE][PASSED] - Object 'Object Repository/Final Object Repo/Landing Page/BM Detecting' has attribute 'href'

2018-12-07 16:03:49 - [TEST_STEP][PASSED] - Statement - out.println(Checker): null

2018-12-07 16:03:49 - [TEST_STEP][PASSED] - Statement - If (Checker == false): null

2018-12-07 16:03:49 - [TEST_STEP][PASSED] - Statement - Else: null

2018-12-07 16:03:49 - [TEST_STEP][PASSED] - delay: Delayed 2 second(s)

2018-12-07 16:03:51 - [MESSAGE][PASSED] - Delayed 2 second(s)

2018-12-07 16:03:51 - [TEST_STEP][PASSED] - navigateToUrl: Navigate to 'https://assist2-uat.perkeso.gov.my/web/registration/update/update-employee-information-employer-' successfully

2018-12-07 16:03:52 - [MESSAGE][PASSED] - Navigate to 'https://assist2-uat.perkeso.gov.my/web/registration/update/update-employee-information-employer-' successfully

2018-12-07 16:03:52 - [TEST_STEP][PASSED] - click: Object: 'Object Repository/Final Object Repo/Page_Update Employee Information By Employer/Edit Button' is clicked on

2018-12-07 16:03:54 - [MESSAGE][PASSED] - Object: 'Object Repository/Final Object Repo/Page_Update Employee Information By Employer/Edit Button' is clicked on

2018-12-07 16:03:54 - [TEST_STEP][PASSED] - click: Object: 'Object Repository/Final Object Repo/Page_Update Employee Information By Employer/Employee Name or New Identification' is clicked on

2018-12-07 16:03:55 - [MESSAGE][PASSED] - Object: 'Object Repository/Final Object Repo/Page_Update Employee Information By Employer/Employee Name or New Identification' is clicked on

2018-12-07 16:03:55 - [TEST_STEP][PASSED] - delay: Delayed 1 second(s)

2018-12-07 16:03:56 - [MESSAGE][PASSED] - Delayed 1 second(s)

2018-12-07 16:03:56 - [TEST_STEP][PASSED] - click: Object: 'Object Repository/Final Object Repo/Page_Update Employee Information By Employer/Selection - Employee Name' is clicked on

2018-12-07 16:03:56 - [MESSAGE][PASSED] - Object: 'Object Repository/Final Object Repo/Page_Update Employee Information By Employer/Selection - Employee Name' is clicked on

2018-12-07 16:03:56 - [TEST_STEP][PASSED] - delay: Delayed 1 second(s)

2018-12-07 16:03:57 - [MESSAGE][PASSED] - Delayed 1 second(s)

2018-12-07 16:03:57 - [TEST_STEP][PASSED] - setText: Text 'AUTOMATE001 ELIGIBLE 1' is set on object 'Object Repository/Final Object Repo/Page_Update Employee Information By Employer/Employee Name'

2018-12-07 16:03:57 - [MESSAGE][PASSED] - Text 'AUTOMATE001 ELIGIBLE 1' is set on object 'Object Repository/Final Object Repo/Page_Update Employee Information By Employer/Employee Name'

2018-12-07 16:03:57 - [TEST_STEP][PASSED] - delay: Delayed 2 second(s)

2018-12-07 16:03:59 - [MESSAGE][PASSED] - Delayed 2 second(s)

2018-12-07 16:03:59 - [TEST_STEP][PASSED] - click: Object: 'Object Repository/Final Object Repo/Page_Update Employee Information By Employer/Search Employee' is clicked on

2018-12-07 16:04:00 - [MESSAGE][PASSED] - Object: 'Object Repository/Final Object Repo/Page_Update Employee Information By Employer/Search Employee' is clicked on

2018-12-07 16:04:00 - [TEST_STEP][PASSED] - delay: Delayed 3 second(s)

2018-12-07 16:04:03 - [MESSAGE][PASSED] - Delayed 3 second(s)

2018-12-07 16:04:03 - [TEST_STEP][PASSED] - click: Object: 'Object Repository/Final Object Repo/Page_Update Employee Information By Employer/Employee Edit Button' is clicked on

2018-12-07 16:04:03 - [MESSAGE][PASSED] - Object: 'Object Repository/Final Object Repo/Page_Update Employee Information By Employer/Employee Edit Button' is clicked on

2018-12-07 16:04:03 - [TEST_STEP][PASSED] - delay: Delayed 3 second(s)

2018-12-07 16:04:06 - [MESSAGE][PASSED] - Delayed 3 second(s)

2018-12-07 16:04:06 - [TEST_STEP][PASSED] - setText: Text '' is set on object 'Object Repository/Final Object Repo/Page_Update Employee Information By Employer/Identification Number'

2018-12-07 16:04:06 - [MESSAGE][PASSED] - Text '' is set on object 'Object Repository/Final Object Repo/Page_Update Employee Information By Employer/Identification Number'

2018-12-07 16:04:06 - [TEST_STEP][PASSED] - Statement - rnd = new java.util.Random(): null

2018-12-07 16:04:06 - [TEST_STEP][PASSED] - Statement - snum = rnd.nextInt(899999 + 1) + 100000: null

2018-12-07 16:04:06 - [TEST_STEP][PASSED] - Statement - tnum = rnd.nextInt(899999 + 1) + 100000: null

2018-12-07 16:04:06 - [TEST_STEP][PASSED] - Statement - IC = java.lang.Integer.toString(snum) + java.lang.Integer.toString(tnum): null

2018-12-07 16:04:06 - [TEST_STEP][PASSED] - Statement - out.println(IC): null

2018-12-07 16:04:06 - [TEST_STEP][PASSED] - setText: Text '732935166426' is set on object 'Object Repository/Final Object Repo/Page_Update Employee Information By Employer/Identification Number'

2018-12-07 16:04:06 - [MESSAGE][PASSED] - Text '732935166426' is set on object 'Object Repository/Final Object Repo/Page_Update Employee Information By Employer/Identification Number'

2018-12-07 16:04:06 - [TEST_STEP][PASSED] - click: Object: 'Object Repository/Final Object Repo/Page_Update Employee Information By Employer/Save' is clicked on

2018-12-07 16:04:07 - [MESSAGE][PASSED] - Object: 'Object Repository/Final Object Repo/Page_Update Employee Information By Employer/Save' is clicked on

2018-12-07 16:04:07 - [TEST_STEP][PASSED] - delay: Delayed 5 second(s)

2018-12-07 16:04:12 - [MESSAGE][PASSED] - Delayed 5 second(s)

2018-12-07 16:04:12 - [TEST_STEP][PASSED] - Statement - CaseReferenceNo = com.kms.katalon.core.webui.keyword.WebUiBuiltInKeywords.getText(com.kms.katalon.core.testobject.ObjectRepository.findTestObject(Final Object Repo/Reference Number/Reference Number in Update Employee Information Page)): Text of object 'Object Repository/Final Object Repo/Reference Number/Reference Number in Update Employee Information Page' is: 'CUN122018C100005902'

2018-12-07 16:04:12 - [MESSAGE][PASSED] - Text of object 'Object Repository/Final Object Repo/Reference Number/Reference Number in Update Employee Information Page' is: 'CUN122018C100005902'

2018-12-07 16:04:12 - [TEST_STEP][PASSED] - callTestCase: Call Test Case 'Test Cases/Final Aug 2018 - PKS Automation/Common/Reference Number Setter' successfully

2018-12-07 16:04:12 - [TEST_CASE][PASSED] - Test Cases/Final Aug 2018 - PKS Automation/Common/Reference Number Setter: Test Cases/Final Aug 2018 - PKS Automation/Common/Reference Number Setter

2018-12-07 16:04:12 - [TEST_STEP][PASSED] - Statement - RefNoOldFile = new java.io.File(C://Users//Admin//Desktop//PKS//Automation Reference Point//KatalonReference.txt): null

2018-12-07 16:04:12 - [TEST_STEP][PASSED] - Statement - RefNoOldFile.delete(): null

2018-12-07 16:04:12 - [TEST_STEP][PASSED] - delay: Delayed 5 second(s)

2018-12-07 16:04:17 - [MESSAGE][PASSED] - Delayed 5 second(s)

2018-12-07 16:04:17 - [TEST_STEP][PASSED] - Statement - RefNo = new java.io.File(C://Users//Admin//Desktop//PKS//Automation Reference Point//KatalonReference.txt): null

2018-12-07 16:04:17 - [TEST_STEP][PASSED] - Statement - f2 = new java.io.FileWriter(RefNo, false): null

2018-12-07 16:04:17 - [TEST_STEP][PASSED] - Statement - f2.write(CaseReferenceNo): null

2018-12-07 16:04:17 - [TEST_STEP][PASSED] - Statement - f2.close(): null

2018-12-07 16:04:17 - [TEST_STEP][PASSED] - Statement - out.println("


" + CaseReferenceNo + "


"): null

2018-12-07 16:04:17 - [MESSAGE][PASSED] - Call Test Case 'Test Cases/Final Aug 2018 - PKS Automation/Common/Reference Number Setter' successfully

2018-12-07 16:04:17 - [TEST_STEP][PASSED] - delay: Delayed 5 second(s)

2018-12-07 16:04:22 - [MESSAGE][PASSED] - Delayed 5 second(s)

2018-12-07 16:04:22 - [TEST_STEP][PASSED] - click: Object: 'Object Repository/Final Object Repo/Page_Update Employee Information By Employer/Save  Continue in  Employee Information Page' is clicked on

2018-12-07 16:04:22 - [MESSAGE][PASSED] - Object: 'Object Repository/Final Object Repo/Page_Update Employee Information By Employer/Save  Continue in  Employee Information Page' is clicked on

2018-12-07 16:04:22 - [TEST_STEP][PASSED] - delay: Delayed 5 second(s)

2018-12-07 16:04:27 - [MESSAGE][PASSED] - Delayed 5 second(s)

2018-12-07 16:04:27 - [TEST_STEP][PASSED] - click: Object: 'Object Repository/Final Object Repo/Page_Update Employee Information By Employer/Save  Continue in Uploading Page 1' is clicked on

2018-12-07 16:04:27 - [MESSAGE][PASSED] - Object: 'Object Repository/Final Object Repo/Page_Update Employee Information By Employer/Save  Continue in Uploading Page 1' is clicked on

2018-12-07 16:04:27 - [TEST_STEP][PASSED] - delay: Delayed 5 second(s)

2018-12-07 16:04:32 - [MESSAGE][PASSED] - Delayed 5 second(s)

2018-12-07 16:04:32 - [TEST_STEP][PASSED] - click: Object: 'Object Repository/Final Object Repo/Page_Update Employee Information By Employer/Submit' is clicked on

2018-12-07 16:04:32 - [MESSAGE][PASSED] - Object: 'Object Repository/Final Object Repo/Page_Update Employee Information By Employer/Submit' is clicked on

2018-12-07 16:04:32 - [TEST_STEP][PASSED] - delay: Delayed 5 second(s)

2018-12-07 16:04:37 - [MESSAGE][PASSED] - Delayed 5 second(s)

2018-12-07 16:04:37 - [TEST_STEP][PASSED] - click: Object: 'Object Repository/Final Object Repo/Page_Update Employee Information By Employer/Confirm' is clicked on

2018-12-07 16:04:38 - [MESSAGE][PASSED] - Object: 'Object Repository/Final Object Repo/Page_Update Employee Information By Employer/Confirm' is clicked on

2018-12-07 16:04:38 - [TEST_STEP][PASSED] - delay: Delayed 5 second(s)

2018-12-07 16:04:43 - [MESSAGE][PASSED] - Delayed 5 second(s)

2018-12-07 16:04:43 - [TEST_STEP][PASSED] - verifyElementVisible: Object 'Object Repository/Final Object Repo/Page_Update Employee Information By Employer/Successfull Message Routed to UO' is visible

2018-12-07 16:04:43 - [MESSAGE][PASSED] - Object 'Object Repository/Final Object Repo/Page_Update Employee Information By Employer/Successfull Message Routed to UO' is visible

2018-12-07 16:04:43 - [MESSAGE][PASSED] - Call Test Case 'Test Cases/Final Aug 2018 - PKS Automation/Registration Module/Workflow/Update Employee Information (Employer)/Template/Update Employer Information - Special Case (Employer)' successfully

2018-12-07 16:04:43 - [TEST_STEP][PASSED] - callTestCase: Call Test Case 'Test Cases/Final Aug 2018 - PKS Automation/Registration Module/Workflow/Update Employee Information (Employer)/Template/Update Employee Information - Special Case - UO (UnderEnforcement)' successfully

2018-12-07 16:04:43 - [TEST_CASE][PASSED] - Test Cases/Final Aug 2018 - PKS Automation/Registration Module/Workflow/Update Employee Information (Employer)/Template/Update Employee Information - Special Case - UO (UnderEnforcement): Test Cases/Final Aug 2018 - PKS Automation/Registration Module/Workflow/Update Employee Information (Employer)/Template/Update Employee Information - Special Case - UO (UnderEnforcement)

2018-12-07 16:04:43 - [TEST_STEP][NOT_RUN] - callTestCase: NOT_RUN: callTestCase

2018-12-07 16:04:43 - [MESSAGE][NOT_RUN] - NOT_RUN: callTestCase

2018-12-07 16:04:43 - [TEST_STEP][PASSED] - delay: Delayed 2 second(s)

2018-12-07 16:04:45 - [MESSAGE][PASSED] - Delayed 2 second(s)

2018-12-07 16:04:45 - [TEST_STEP][PASSED] - navigateToUrl: Navigate to 'https://assist2-uat.perkeso.gov.my/c/portal/logout' successfully

2018-12-07 16:04:46 - [MESSAGE][PASSED] - Navigate to 'https://assist2-uat.perkeso.gov.my/c/portal/logout' successfully

2018-12-07 16:04:46 - [TEST_STEP][PASSED] - delay: Delayed 2 second(s)

2018-12-07 16:04:48 - [MESSAGE][PASSED] - Delayed 2 second(s)

2018-12-07 16:04:48 - [TEST_STEP][PASSED] - callTestCase: Call Test Case 'Test Cases/Final Aug 2018 - PKS Automation/Common/Reference Number Getter' successfully

2018-12-07 16:04:48 - [TEST_CASE][PASSED] - Test Cases/Final Aug 2018 - PKS Automation/Common/Reference Number Getter: Test Cases/Final Aug 2018 - PKS Automation/Common/Reference Number Getter

2018-12-07 16:04:48 - [TEST_STEP][PASSED] - Statement - Try: null

2018-12-07 16:04:48 - [TEST_STEP][PASSED] - Statement - RefNo = new java.io.File(C://Users//Admin//Desktop//PKS//Automation Reference Point//KatalonReference.txt): null

2018-12-07 16:04:48 - [TEST_STEP][PASSED] - Statement - bufferread = new java.io.BufferedReader(new java.io.FileReader(RefNo)): null

2018-12-07 16:04:48 - [TEST_STEP][PASSED] - Statement - readedVal = bufferread.readLine(): null

2018-12-07 16:04:48 - [TEST_STEP][PASSED] - Statement - out.println(CaseReferenceNo): null

2018-12-07 16:04:48 - [TEST_STEP][PASSED] - Statement - out.println(readedVal): null

2018-12-07 16:04:48 - [TEST_STEP][PASSED] - Statement - CaseReferenceNo = "": null

2018-12-07 16:04:48 - [TEST_STEP][PASSED] - Statement - CaseReferenceNo = readedVal: null

2018-12-07 16:04:48 - [MESSAGE][PASSED] - Call Test Case 'Test Cases/Final Aug 2018 - PKS Automation/Common/Reference Number Getter' successfully

2018-12-07 16:04:48 - [TEST_STEP][PASSED] - callTestCase: Call Test Case 'Test Cases/Final Aug 2018 - PKS Automation/Common/Workflow Owner Finder' successfully

2018-12-07 16:04:48 - [TEST_CASE][PASSED] - Test Cases/Final Aug 2018 - PKS Automation/Common/Workflow Owner Finder: Test Cases/Final Aug 2018 - PKS Automation/Common/Workflow Owner Finder

2018-12-07 16:04:48 - [TEST_STEP][PASSED] - openBrowser: Browser is opened with url: ''

2018-12-07 16:04:48 - [MESSAGE][WARNING] - A browser is already opened. Closing browser and opening a new one

2018-12-07 16:04:51 - [MESSAGE][PASSED] - Browser is opened with url: ''

2018-12-07 16:04:51 - [TEST_STEP][PASSED] - navigateToUrl: Navigate to 'https://assist2-uat.perkeso.gov.my/login' successfully

2018-12-07 16:04:52 - [MESSAGE][PASSED] - Navigate to 'https://assist2-uat.perkeso.gov.my/login' successfully

2018-12-07 16:04:52 - [TEST_STEP][PASSED] - delay: Delayed 5 second(s)

2018-12-07 16:04:57 - [MESSAGE][PASSED] - Delayed 5 second(s)

2018-12-07 16:04:57 - [TEST_STEP][PASSED] - setText: Text 'test@liferay.com' is set on object 'Object Repository/Final Object Repo/Login Page/Internal User/Email Address'

2018-12-07 16:04:58 - [MESSAGE][PASSED] - Text 'test@liferay.com' is set on object 'Object Repository/Final Object Repo/Login Page/Internal User/Email Address'

2018-12-07 16:04:58 - [TEST_STEP][PASSED] - click: Object: 'Object Repository/Final Object Repo/Login Page/Internal User/Next Button' is clicked on

2018-12-07 16:04:58 - [MESSAGE][PASSED] - Object: 'Object Repository/Final Object Repo/Login Page/Internal User/Next Button' is clicked on

2018-12-07 16:04:58 - [TEST_STEP][PASSED] - delay: Delayed 2 second(s)

2018-12-07 16:05:00 - [MESSAGE][PASSED] - Delayed 2 second(s)

2018-12-07 16:05:00 - [TEST_STEP][PASSED] - setText: Text 'test' is set on object 'Object Repository/Final Object Repo/Login Page/Internal User/Password'

2018-12-07 16:05:00 - [MESSAGE][PASSED] - Text 'test' is set on object 'Object Repository/Final Object Repo/Login Page/Internal User/Password'

2018-12-07 16:05:00 - [TEST_STEP][PASSED] - delay: Delayed 2 second(s)

2018-12-07 16:05:02 - [MESSAGE][PASSED] - Delayed 2 second(s)

2018-12-07 16:05:02 - [TEST_STEP][PASSED] - click: Object: 'Object Repository/Final Object Repo/Login Page/Internal User/Login Button' is clicked on

2018-12-07 16:05:02 - [MESSAGE][PASSED] - Object: 'Object Repository/Final Object Repo/Login Page/Internal User/Login Button' is clicked on

2018-12-07 16:05:02 - [TEST_STEP][PASSED] - Statement - tester = com.kms.katalon.core.testobject.ObjectRepository.findTestObject(Final Object Repo/Landing Page/Select to English): Finding Test Object with id 'Object Repository/Final Object Repo/Landing Page/Select to English'

2018-12-07 16:05:02 - [TEST_STEP][PASSED] - Statement - Try: Delayed 2 second(s)

2018-12-07 16:05:02 - [TEST_STEP][PASSED] - Statement - Checker = com.kms.katalon.core.webui.keyword.WebUiBuiltInKeywords.verifyElementNotPresent(tester, 3): Web element with id: 'Object Repository/Final Object Repo/Landing Page/Select to English' located by 'By.xpath: //a[@class = 'taglib-language-list-text' and @lang = 'en-US' and (contains(text(), 'EN') or contains(., 'EN'))]' is not present after '3' second(s)

2018-12-07 16:05:04 - [MESSAGE][PASSED] - Web element with id: 'Object Repository/Final Object Repo/Landing Page/Select to English' located by 'By.xpath: //a[@class = 'taglib-language-list-text' and @lang = 'en-US' and (contains(text(), 'EN') or contains(., 'EN'))]' is not present after '3' second(s)

2018-12-07 16:05:04 - [TEST_STEP][PASSED] - Statement - If (Checker == false): null

2018-12-07 16:05:04 - [TEST_STEP][PASSED] - delay: Delayed 2 second(s)

2018-12-07 16:05:06 - [MESSAGE][PASSED] - Delayed 2 second(s)

2018-12-07 16:05:06 - [TEST_STEP][PASSED] - delay: Delayed 5 second(s)

2018-12-07 16:05:11 - [MESSAGE][PASSED] - Delayed 5 second(s)

2018-12-07 16:05:11 - [TEST_STEP][PASSED] - mouseOver: Object: 'Object Repository/Final Object Repo/Landing Page/WorkFlow Menu' is hovered

2018-12-07 16:05:11 - [MESSAGE][PASSED] - Object: 'Object Repository/Final Object Repo/Landing Page/WorkFlow Menu' is hovered

2018-12-07 16:05:11 - [TEST_STEP][PASSED] - delay: Delayed 2 second(s)

2018-12-07 16:05:13 - [MESSAGE][PASSED] - Delayed 2 second(s)

2018-12-07 16:05:13 - [TEST_STEP][PASSED] - click: Object: 'Object Repository/Final Object Repo/Landing Page/Select to Workflow Listing' is clicked on

2018-12-07 16:05:15 - [MESSAGE][PASSED] - Object: 'Object Repository/Final Object Repo/Landing Page/Select to Workflow Listing' is clicked on

2018-12-07 16:05:15 - [TEST_STEP][PASSED] - delay: Delayed 2 second(s)

2018-12-07 16:05:17 - [MESSAGE][PASSED] - Delayed 2 second(s)

2018-12-07 16:05:17 - [TEST_STEP][PASSED] - click: Object: 'Object Repository/Final Object Repo/WorkFlow Listing Page/Search Information - To Put Ref No' is clicked on

2018-12-07 16:05:17 - [MESSAGE][PASSED] - Object: 'Object Repository/Final Object Repo/WorkFlow Listing Page/Search Information - To Put Ref No' is clicked on

2018-12-07 16:05:17 - [TEST_STEP][PASSED] - delay: Delayed 2 second(s)

2018-12-07 16:05:19 - [MESSAGE][PASSED] - Delayed 2 second(s)

2018-12-07 16:05:19 - [TEST_STEP][PASSED] - callTestCase: Call Test Case 'Test Cases/Final Aug 2018 - PKS Automation/Common/Reference Number Getter' successfully

2018-12-07 16:05:19 - [TEST_CASE][PASSED] - Test Cases/Final Aug 2018 - PKS Automation/Common/Reference Number Getter: Test Cases/Final Aug 2018 - PKS Automation/Common/Reference Number Getter

2018-12-07 16:05:19 - [TEST_STEP][PASSED] - Statement - Try: null

2018-12-07 16:05:19 - [TEST_STEP][PASSED] - Statement - RefNo = new java.io.File(C://Users//Admin//Desktop//PKS//Automation Reference Point//KatalonReference.txt): null

2018-12-07 16:05:19 - [TEST_STEP][PASSED] - Statement - bufferread = new java.io.BufferedReader(new java.io.FileReader(RefNo)): null

2018-12-07 16:05:19 - [TEST_STEP][PASSED] - Statement - readedVal = bufferread.readLine(): null

2018-12-07 16:05:19 - [TEST_STEP][PASSED] - Statement - out.println(CaseReferenceNo): null

2018-12-07 16:05:19 - [TEST_STEP][PASSED] - Statement - out.println(readedVal): null

2018-12-07 16:05:19 - [TEST_STEP][PASSED] - Statement - CaseReferenceNo = "": null

2018-12-07 16:05:19 - [TEST_STEP][PASSED] - Statement - CaseReferenceNo = readedVal: null

2018-12-07 16:05:19 - [MESSAGE][PASSED] - Call Test Case 'Test Cases/Final Aug 2018 - PKS Automation/Common/Reference Number Getter' successfully

2018-12-07 16:05:19 - [TEST_STEP][PASSED] - setText: Text 'CUN122018C100005902' is set on object 'Object Repository/Final Object Repo/WorkFlow Listing Page/Ref No Set Text'

2018-12-07 16:05:19 - [MESSAGE][PASSED] - Text 'CUN122018C100005902' is set on object 'Object Repository/Final Object Repo/WorkFlow Listing Page/Ref No Set Text'

2018-12-07 16:05:19 - [TEST_STEP][PASSED] - delay: Delayed 2 second(s)

2018-12-07 16:05:21 - [MESSAGE][PASSED] - Delayed 2 second(s)

2018-12-07 16:05:21 - [TEST_STEP][PASSED] - click: Object: 'Object Repository/Final Object Repo/WorkFlow Listing Page/Search Ref No Search Button' is clicked on

2018-12-07 16:05:22 - [MESSAGE][PASSED] - Object: 'Object Repository/Final Object Repo/WorkFlow Listing Page/Search Ref No Search Button' is clicked on

2018-12-07 16:05:22 - [TEST_STEP][PASSED] - delay: Delayed 6 second(s)

2018-12-07 16:05:28 - [MESSAGE][PASSED] - Delayed 6 second(s)

2018-12-07 16:05:28 - [TEST_STEP][PASSED] - click: Object: 'Object Repository/Final Object Repo/WorkFlow Listing Page/Click Continue Tooltip' is clicked on

2018-12-07 16:05:29 - [MESSAGE][PASSED] - Object: 'Object Repository/Final Object Repo/WorkFlow Listing Page/Click Continue Tooltip' is clicked on

2018-12-07 16:05:29 - [TEST_STEP][PASSED] - delay: Delayed 5 second(s)

2018-12-07 16:05:34 - [MESSAGE][PASSED] - Delayed 5 second(s)

2018-12-07 16:05:34 - [TEST_STEP][PASSED] - doubleClick: Object: 'Object Repository/Final Object Repo/WorkFlow Listing Page/Workflow Found - Listing 1' is double clicked on

2018-12-07 16:05:34 - [MESSAGE][PASSED] - Object: 'Object Repository/Final Object Repo/WorkFlow Listing Page/Workflow Found - Listing 1' is double clicked on

2018-12-07 16:05:34 - [TEST_STEP][PASSED] - Statement - println(OwnerID): null

2018-12-07 16:05:34 - [TEST_STEP][PASSED] - Statement - OwnerID = com.kms.katalon.core.webui.keyword.WebUiBuiltInKeywords.getText(com.kms.katalon.core.testobject.ObjectRepository.findTestObject(Final Object Repo/WorkFlow Listing Page/Workflow Found - Listing 1), STOP_ON_FAILURE): Text of object 'Object Repository/Final Object Repo/WorkFlow Listing Page/Workflow Found - Listing 1' is: 'JOHORuo3'

2018-12-07 16:05:34 - [MESSAGE][PASSED] - Text of object 'Object Repository/Final Object Repo/WorkFlow Listing Page/Workflow Found - Listing 1' is: 'JOHORuo3'

2018-12-07 16:05:34 - [TEST_STEP][PASSED] - Statement - OwnerID = OwnerID.toLowerCase() + "@gmail.com": null

2018-12-07 16:05:34 - [TEST_STEP][PASSED] - Statement - println(OwnerID): null

2018-12-07 16:05:34 - [TEST_STEP][PASSED] - delay: Delayed 2 second(s)

2018-12-07 16:05:36 - [MESSAGE][PASSED] - Delayed 2 second(s)

2018-12-07 16:05:36 - [MESSAGE][PASSED] - Call Test Case 'Test Cases/Final Aug 2018 - PKS Automation/Common/Workflow Owner Finder' successfully

2018-12-07 16:05:36 - [TEST_STEP][PASSED] - delay: Delayed 2 second(s)

2018-12-07 16:05:38 - [MESSAGE][PASSED] - Delayed 2 second(s)

2018-12-07 16:05:38 - [TEST_STEP][PASSED] - navigateToUrl: Navigate to 'https://assist2-uat.perkeso.gov.my/c/portal/logout' successfully

2018-12-07 16:05:39 - [MESSAGE][PASSED] - Navigate to 'https://assist2-uat.perkeso.gov.my/c/portal/logout' successfully

2018-12-07 16:05:39 - [TEST_STEP][PASSED] - delay: Delayed 2 second(s)

2018-12-07 16:05:41 - [MESSAGE][PASSED] - Delayed 2 second(s)

2018-12-07 16:05:41 - [TEST_STEP][PASSED] - callTestCase: Call Test Case 'Test Cases/Final Aug 2018 - PKS Automation/Registration Module/Workflow/Login and Search Case For Workflow' successfully

2018-12-07 16:05:41 - [TEST_CASE][PASSED] - Test Cases/Final Aug 2018 - PKS Automation/Registration Module/Workflow/Login and Search Case For Workflow: Test Cases/Final Aug 2018 - PKS Automation/Registration Module/Workflow/Login and Search Case For Workflow

2018-12-07 16:05:41 - [TEST_STEP][PASSED] - navigateToUrl: Navigate to 'https://assist2-uat.perkeso.gov.my/login' successfully

2018-12-07 16:05:42 - [MESSAGE][PASSED] - Navigate to 'https://assist2-uat.perkeso.gov.my/login' successfully

2018-12-07 16:05:42 - [TEST_STEP][PASSED] - setText: Text 'johoruo3@gmail.com' is set on object 'Object Repository/Final Object Repo/Login Page/Internal User/Email Address'

2018-12-07 16:05:42 - [MESSAGE][PASSED] - Text 'johoruo3@gmail.com' is set on object 'Object Repository/Final Object Repo/Login Page/Internal User/Email Address'

2018-12-07 16:05:42 - [TEST_STEP][PASSED] - click: Object: 'Object Repository/Final Object Repo/Login Page/Internal User/Next Button' is clicked on

2018-12-07 16:05:42 - [MESSAGE][PASSED] - Object: 'Object Repository/Final Object Repo/Login Page/Internal User/Next Button' is clicked on

2018-12-07 16:05:42 - [TEST_STEP][PASSED] - delay: Delayed 1 second(s)

2018-12-07 16:05:43 - [MESSAGE][PASSED] - Delayed 1 second(s)

2018-12-07 16:05:43 - [TEST_STEP][PASSED] - setEncryptedText: Text ****** has been set on object 'Object Repository/Final Object Repo/Login Page/Internal User/Password'

2018-12-07 16:05:43 - [MESSAGE][PASSED] - Text ****** has been set on object 'Object Repository/Final Object Repo/Login Page/Internal User/Password'

2018-12-07 16:05:43 - [TEST_STEP][PASSED] - click: Object: 'Object Repository/Final Object Repo/Login Page/Internal User/Login Button' is clicked on

2018-12-07 16:05:44 - [MESSAGE][PASSED] - Object: 'Object Repository/Final Object Repo/Login Page/Internal User/Login Button' is clicked on

2018-12-07 16:05:44 - [TEST_STEP][PASSED] - delay: Delayed 2 second(s)

2018-12-07 16:05:46 - [MESSAGE][PASSED] - Delayed 2 second(s)

2018-12-07 16:05:46 - [TEST_STEP][PASSED] - Statement - Try: Delayed 2 second(s)

2018-12-07 16:05:46 - [TEST_STEP][PASSED] - Statement - Checker = false: null

2018-12-07 16:05:46 - [TEST_STEP][PASSED] - Statement - Checker = com.kms.katalon.core.webui.keyword.WebUiBuiltInKeywords.verifyElementHasAttribute(com.kms.katalon.core.testobject.ObjectRepository.findTestObject(Final Object Repo/Landing Page/BM Detecting), "href", 20, OPTIONAL): Object 'Object Repository/Final Object Repo/Landing Page/BM Detecting' has attribute 'href'

2018-12-07 16:05:46 - [MESSAGE][PASSED] - Object 'Object Repository/Final Object Repo/Landing Page/BM Detecting' has attribute 'href'

2018-12-07 16:05:46 - [TEST_STEP][PASSED] - Statement - out.println(Checker): null

2018-12-07 16:05:46 - [TEST_STEP][PASSED] - Statement - If (Checker == false): null

2018-12-07 16:05:46 - [TEST_STEP][PASSED] - Statement - Else: null

2018-12-07 16:05:46 - [TEST_STEP][PASSED] - delay: Delayed 2 second(s)

2018-12-07 16:05:48 - [MESSAGE][PASSED] - Delayed 2 second(s)

2018-12-07 16:05:48 - [TEST_STEP][PASSED] - click: Object: 'Object Repository/Final Object Repo/Page_MyASSIST - ASSIST - Search Pending Case For Add Supporting Document/Search Information' is clicked on

2018-12-07 16:05:48 - [MESSAGE][PASSED] - Object: 'Object Repository/Final Object Repo/Page_MyASSIST - ASSIST - Search Pending Case For Add Supporting Document/Search Information' is clicked on

2018-12-07 16:05:48 - [TEST_STEP][PASSED] - delay: Delayed 3 second(s)

2018-12-07 16:05:51 - [MESSAGE][PASSED] - Delayed 3 second(s)

2018-12-07 16:05:51 - [TEST_STEP][PASSED] - sendKeys: Keys 'CUN122018C100005902' sent to object: 'Object Repository/Final Object Repo/Page_MyASSIST - ASSIST - Search Pending Case For Add Supporting Document/Reference No'

2018-12-07 16:05:51 - [MESSAGE][PASSED] - Keys 'CUN122018C100005902' sent to object: 'Object Repository/Final Object Repo/Page_MyASSIST - ASSIST - Search Pending Case For Add Supporting Document/Reference No'

2018-12-07 16:05:51 - [TEST_STEP][PASSED] - click: Object: 'Object Repository/Final Object Repo/Page_MyASSIST - ASSIST - Search Pending Case For Add Supporting Document/Search Reference No' is clicked on

2018-12-07 16:05:51 - [MESSAGE][PASSED] - Object: 'Object Repository/Final Object Repo/Page_MyASSIST - ASSIST - Search Pending Case For Add Supporting Document/Search Reference No' is clicked on

2018-12-07 16:05:51 - [TEST_STEP][PASSED] - delay: Delayed 2 second(s)

2018-12-07 16:05:53 - [MESSAGE][PASSED] - Delayed 2 second(s)

2018-12-07 16:05:53 - [TEST_STEP][PASSED] - click: Object: 'Object Repository/Final Object Repo/Page_MyASSIST - ASSIST - Search Pending Case For Add Supporting Document/Continue' is clicked on

2018-12-07 16:05:57 - [MESSAGE][PASSED] - Object: 'Object Repository/Final Object Repo/Page_MyASSIST - ASSIST - Search Pending Case For Add Supporting Document/Continue' is clicked on

2018-12-07 16:05:57 - [TEST_STEP][PASSED] - delay: Delayed 20 second(s)

2018-12-07 16:06:17 - [MESSAGE][PASSED] - Delayed 20 second(s)

2018-12-07 16:06:17 - [MESSAGE][PASSED] - Call Test Case 'Test Cases/Final Aug 2018 - PKS Automation/Registration Module/Workflow/Login and Search Case For Workflow' successfully

2018-12-07 16:06:17 - [TEST_STEP][PASSED] - delay: Delayed 2 second(s)

2018-12-07 16:06:19 - [MESSAGE][PASSED] - Delayed 2 second(s)

2018-12-07 16:06:19 - [TEST_STEP][PASSED] - click: Object: 'Object Repository/Final Object Repo/Page_Update Employee Information By Employer/Page_Update Employee Information by Employer (Approve)/Continue' is clicked on

2018-12-07 16:06:23 - [MESSAGE][PASSED] - Object: 'Object Repository/Final Object Repo/Page_Update Employee Information By Employer/Page_Update Employee Information by Employer (Approve)/Continue' is clicked on

2018-12-07 16:06:23 - [TEST_STEP][PASSED] - delay: Delayed 2 second(s)

2018-12-07 16:06:25 - [MESSAGE][PASSED] - Delayed 2 second(s)

2018-12-07 16:06:25 - [TEST_STEP][PASSED] - click: Object: 'Object Repository/Final Object Repo/Page_Update Employee Information By Employer/Page_Update Employee Information by Employer (Approve)/Save  Continue in Update Employee Information Page' is clicked on

2018-12-07 16:06:25 - [MESSAGE][PASSED] - Object: 'Object Repository/Final Object Repo/Page_Update Employee Information By Employer/Page_Update Employee Information by Employer (Approve)/Save  Continue in Update Employee Information Page' is clicked on

2018-12-07 16:06:25 - [TEST_STEP][PASSED] - delay: Delayed 4 second(s)

2018-12-07 16:06:29 - [MESSAGE][PASSED] - Delayed 4 second(s)

2018-12-07 16:06:29 - [TEST_STEP][PASSED] - click: Object: 'Object Repository/Final Object Repo/Page_Update Employee Information By Employer/Page_Update Employee Information by Employer (Approve)/Save  Continue in Upload Supporting Doucument Page' is clicked on

2018-12-07 16:06:29 - [MESSAGE][PASSED] - Object: 'Object Repository/Final Object Repo/Page_Update Employee Information By Employer/Page_Update Employee Information by Employer (Approve)/Save  Continue in Upload Supporting Doucument Page' is clicked on

2018-12-07 16:06:29 - [TEST_STEP][PASSED] - delay: Delayed 2 second(s)

2018-12-07 16:06:31 - [MESSAGE][PASSED] - Delayed 2 second(s)

2018-12-07 16:06:31 - [TEST_STEP][PASSED] - click: Object: 'Object Repository/Final Object Repo/Page_Update Employee Information By Employer/Page_Update Employee Information by Employer (Under enforcement)/Under enforcement' is clicked on

2018-12-07 16:06:33 - [MESSAGE][PASSED] - Object: 'Object Repository/Final Object Repo/Page_Update Employee Information By Employer/Page_Update Employee Information by Employer (Under enforcement)/Under enforcement' is clicked on

2018-12-07 16:06:33 - [TEST_STEP][PASSED] - delay: Delayed 2 second(s)

2018-12-07 16:06:35 - [MESSAGE][PASSED] - Delayed 2 second(s)

2018-12-07 16:06:35 - [TEST_STEP][PASSED] - setText: Text 'Remark' is set on object 'Object Repository/Final Object Repo/Page_Update Employee Information By Employer/Page_Update Employee Information by Employer (Under enforcement)/Under enforcement - Remark'

2018-12-07 16:06:35 - [MESSAGE][PASSED] - Text 'Remark' is set on object 'Object Repository/Final Object Repo/Page_Update Employee Information By Employer/Page_Update Employee Information by Employer (Under enforcement)/Under enforcement - Remark'

2018-12-07 16:06:35 - [TEST_STEP][PASSED] - delay: Delayed 2 second(s)

2018-12-07 16:06:37 - [MESSAGE][PASSED] - Delayed 2 second(s)

2018-12-07 16:06:37 - [TEST_STEP][PASSED] - click: Object: 'Object Repository/Final Object Repo/Page_Update Employee Information By Employer/Page_Update Employee Information by Employer (Under enforcement)/Save  Continu in Under enforcement Page' is clicked on

2018-12-07 16:06:37 - [MESSAGE][PASSED] - Object: 'Object Repository/Final Object Repo/Page_Update Employee Information By Employer/Page_Update Employee Information by Employer (Under enforcement)/Save  Continu in Under enforcement Page' is clicked on

2018-12-07 16:06:37 - [TEST_STEP][PASSED] - delay: Delayed 2 second(s)

2018-12-07 16:06:39 - [MESSAGE][PASSED] - Delayed 2 second(s)

2018-12-07 16:06:39 - [TEST_STEP][PASSED] - click: Object: 'Object Repository/Final Object Repo/Page_Update Employee Information By Employer/Page_Update Employee Information by Employer (Under enforcement)/Under enforceme Message The case is under enforcement' is clicked on

2018-12-07 16:06:40 - [MESSAGE][PASSED] - Object: 'Object Repository/Final Object Repo/Page_Update Employee Information By Employer/Page_Update Employee Information by Employer (Under enforcement)/Under enforceme Message The case is under enforcement' is clicked on

2018-12-07 16:06:40 - [TEST_STEP][PASSED] - click: Object: 'Object Repository/Final Object Repo/Page_Update Employee Information By Employer/Page_Update Employee Information by Employer (Under enforcement)/Under enforcement - OK button' is clicked on

2018-12-07 16:06:41 - [MESSAGE][PASSED] - Object: 'Object Repository/Final Object Repo/Page_Update Employee Information By Employer/Page_Update Employee Information by Employer (Under enforcement)/Under enforcement - OK button' is clicked on

2018-12-07 16:06:41 - [MESSAGE][PASSED] - Call Test Case 'Test Cases/Final Aug 2018 - PKS Automation/Registration Module/Workflow/Update Employee Information (Employer)/Template/Update Employee Information - Special Case - UO (UnderEnforcement)' successfully]]></system-out>
         <system-err><![CDATA[]]></system-err>
      </testcase>
      <testcase name="Test Cases/Final Aug 2018 - PKS Automation/Registration Module/Workflow/Update Employee Information (Employer)/OTC - UO (Approve)" classname="Test Cases/Final Aug 2018 - PKS Automation/Registration Module/Workflow/Update Employee Information (Employer)/OTC - UO (Approve)" status="PASSED">
         <system-out><![CDATA[2018-12-07 16:06:41 - [TEST_CASE][PASSED] - Test Cases/Final Aug 2018 - PKS Automation/Registration Module/Workflow/Update Employee Information (Employer)/OTC - UO (Approve): Test Cases/Final Aug 2018 - PKS Automation/Registration Module/Workflow/Update Employee Information (Employer)/OTC - UO (Approve)

2018-12-07 16:06:41 - [TEST_STEP][PASSED] - callTestCase: Call Test Case 'Test Cases/Final Aug 2018 - PKS Automation/Registration Module/Workflow/Update Employee Information (Employer)/Template/Update Employer Information - Special Case (OTC)' successfully

2018-12-07 16:06:41 - [TEST_CASE][PASSED] - Test Cases/Final Aug 2018 - PKS Automation/Registration Module/Workflow/Update Employee Information (Employer)/Template/Update Employer Information - Special Case (OTC): Test Cases/Final Aug 2018 - PKS Automation/Registration Module/Workflow/Update Employee Information (Employer)/Template/Update Employer Information - Special Case (OTC)

2018-12-07 16:06:42 - [TEST_STEP][PASSED] - openBrowser: Browser is opened with url: ''

2018-12-07 16:06:42 - [MESSAGE][WARNING] - A browser is already opened. Closing browser and opening a new one

2018-12-07 16:06:45 - [MESSAGE][PASSED] - Browser is opened with url: ''

2018-12-07 16:06:45 - [TEST_STEP][PASSED] - navigateToUrl: Navigate to 'https://assist2-uat.perkeso.gov.my/login' successfully

2018-12-07 16:06:46 - [MESSAGE][PASSED] - Navigate to 'https://assist2-uat.perkeso.gov.my/login' successfully

2018-12-07 16:06:46 - [TEST_STEP][PASSED] - setText: Text 'johorotc1@gmail.com' is set on object 'Object Repository/Final Object Repo/Login Page/Internal User/Email Address'

2018-12-07 16:06:46 - [MESSAGE][PASSED] - Text 'johorotc1@gmail.com' is set on object 'Object Repository/Final Object Repo/Login Page/Internal User/Email Address'

2018-12-07 16:06:46 - [TEST_STEP][PASSED] - click: Object: 'Object Repository/Final Object Repo/Login Page/Internal User/Next Button' is clicked on

2018-12-07 16:06:46 - [MESSAGE][PASSED] - Object: 'Object Repository/Final Object Repo/Login Page/Internal User/Next Button' is clicked on

2018-12-07 16:06:46 - [TEST_STEP][PASSED] - delay: Delayed 1 second(s)

2018-12-07 16:06:47 - [MESSAGE][PASSED] - Delayed 1 second(s)

2018-12-07 16:06:47 - [TEST_STEP][PASSED] - setEncryptedText: Text ****** has been set on object 'Object Repository/Final Object Repo/Login Page/Internal User/Password'

2018-12-07 16:06:48 - [MESSAGE][PASSED] - Text ****** has been set on object 'Object Repository/Final Object Repo/Login Page/Internal User/Password'

2018-12-07 16:06:48 - [TEST_STEP][PASSED] - click: Object: 'Object Repository/Final Object Repo/Login Page/Internal User/Login Button' is clicked on

2018-12-07 16:06:48 - [MESSAGE][PASSED] - Object: 'Object Repository/Final Object Repo/Login Page/Internal User/Login Button' is clicked on

2018-12-07 16:06:48 - [TEST_STEP][PASSED] - Statement - tester = com.kms.katalon.core.testobject.ObjectRepository.findTestObject(Final Object Repo/Landing Page/Select to English): Finding Test Object with id 'Object Repository/Final Object Repo/Landing Page/Select to English'

2018-12-07 16:06:48 - [TEST_STEP][PASSED] - Statement - Try: Delayed 2 second(s)

2018-12-07 16:06:48 - [TEST_STEP][PASSED] - Statement - Checker = com.kms.katalon.core.webui.keyword.WebUiBuiltInKeywords.verifyElementNotPresent(tester, 3): Web element with id: 'Object Repository/Final Object Repo/Landing Page/Select to English' located by 'By.xpath: //a[@class = 'taglib-language-list-text' and @lang = 'en-US' and (contains(text(), 'EN') or contains(., 'EN'))]' is not present after '3' second(s)

2018-12-07 16:06:50 - [MESSAGE][PASSED] - Web element with id: 'Object Repository/Final Object Repo/Landing Page/Select to English' located by 'By.xpath: //a[@class = 'taglib-language-list-text' and @lang = 'en-US' and (contains(text(), 'EN') or contains(., 'EN'))]' is not present after '3' second(s)

2018-12-07 16:06:50 - [TEST_STEP][PASSED] - Statement - If (Checker == false): null

2018-12-07 16:06:50 - [TEST_STEP][PASSED] - delay: Delayed 2 second(s)

2018-12-07 16:06:52 - [MESSAGE][PASSED] - Delayed 2 second(s)

2018-12-07 16:06:52 - [TEST_STEP][PASSED] - delay: Delayed 5 second(s)

2018-12-07 16:06:57 - [MESSAGE][PASSED] - Delayed 5 second(s)

2018-12-07 16:06:57 - [TEST_STEP][PASSED] - navigateToUrl: Navigate to 'https://assist2-uat.perkeso.gov.my/web/registration/update/update-employee-information-employer-' successfully

2018-12-07 16:06:58 - [MESSAGE][PASSED] - Navigate to 'https://assist2-uat.perkeso.gov.my/web/registration/update/update-employee-information-employer-' successfully

2018-12-07 16:06:58 - [TEST_STEP][PASSED] - setText: Text 'E1102001065V' is set on object 'Object Repository/Final Object Repo/Page_Update Employee Information By Employer/Employer Code'

2018-12-07 16:06:58 - [MESSAGE][PASSED] - Text 'E1102001065V' is set on object 'Object Repository/Final Object Repo/Page_Update Employee Information By Employer/Employer Code'

2018-12-07 16:06:58 - [TEST_STEP][PASSED] - click: Object: 'Object Repository/Final Object Repo/Page_Update Employee Information By Employer/Search Employer Code' is clicked on

2018-12-07 16:06:58 - [MESSAGE][PASSED] - Object: 'Object Repository/Final Object Repo/Page_Update Employee Information By Employer/Search Employer Code' is clicked on

2018-12-07 16:06:58 - [TEST_STEP][PASSED] - click: Object: 'Object Repository/Final Object Repo/Page_Update Employee Information By Employer/Edit Button' is clicked on

2018-12-07 16:07:02 - [MESSAGE][PASSED] - Object: 'Object Repository/Final Object Repo/Page_Update Employee Information By Employer/Edit Button' is clicked on

2018-12-07 16:07:02 - [TEST_STEP][PASSED] - click: Object: 'Object Repository/Final Object Repo/Page_Update Employee Information By Employer/Employee Name or New Identification' is clicked on

2018-12-07 16:07:03 - [MESSAGE][PASSED] - Object: 'Object Repository/Final Object Repo/Page_Update Employee Information By Employer/Employee Name or New Identification' is clicked on

2018-12-07 16:07:03 - [TEST_STEP][PASSED] - delay: Delayed 1 second(s)

2018-12-07 16:07:04 - [MESSAGE][PASSED] - Delayed 1 second(s)

2018-12-07 16:07:04 - [TEST_STEP][PASSED] - click: Object: 'Object Repository/Final Object Repo/Page_Update Employee Information By Employer/Selection - Employee Name' is clicked on

2018-12-07 16:07:04 - [MESSAGE][PASSED] - Object: 'Object Repository/Final Object Repo/Page_Update Employee Information By Employer/Selection - Employee Name' is clicked on

2018-12-07 16:07:04 - [TEST_STEP][PASSED] - delay: Delayed 1 second(s)

2018-12-07 16:07:05 - [MESSAGE][PASSED] - Delayed 1 second(s)

2018-12-07 16:07:05 - [TEST_STEP][PASSED] - setText: Text 'PERKESO' is set on object 'Object Repository/Final Object Repo/Page_Update Employee Information By Employer/Employee Name'

2018-12-07 16:07:05 - [MESSAGE][PASSED] - Text 'PERKESO' is set on object 'Object Repository/Final Object Repo/Page_Update Employee Information By Employer/Employee Name'

2018-12-07 16:07:05 - [TEST_STEP][PASSED] - delay: Delayed 2 second(s)

2018-12-07 16:07:07 - [MESSAGE][PASSED] - Delayed 2 second(s)

2018-12-07 16:07:07 - [TEST_STEP][PASSED] - click: Object: 'Object Repository/Final Object Repo/Page_Update Employee Information By Employer/Search Employee' is clicked on

2018-12-07 16:07:07 - [MESSAGE][PASSED] - Object: 'Object Repository/Final Object Repo/Page_Update Employee Information By Employer/Search Employee' is clicked on

2018-12-07 16:07:07 - [TEST_STEP][PASSED] - delay: Delayed 3 second(s)

2018-12-07 16:07:10 - [MESSAGE][PASSED] - Delayed 3 second(s)

2018-12-07 16:07:10 - [TEST_STEP][PASSED] - click: Object: 'Object Repository/Final Object Repo/Page_Update Employee Information By Employer/Employee Edit Button' is clicked on

2018-12-07 16:07:10 - [MESSAGE][PASSED] - Object: 'Object Repository/Final Object Repo/Page_Update Employee Information By Employer/Employee Edit Button' is clicked on

2018-12-07 16:07:10 - [TEST_STEP][PASSED] - delay: Delayed 3 second(s)

2018-12-07 16:07:13 - [MESSAGE][PASSED] - Delayed 3 second(s)

2018-12-07 16:07:13 - [TEST_STEP][PASSED] - setText: Text '' is set on object 'Object Repository/Final Object Repo/Page_Update Employee Information By Employer/Identification Number'

2018-12-07 16:07:14 - [MESSAGE][PASSED] - Text '' is set on object 'Object Repository/Final Object Repo/Page_Update Employee Information By Employer/Identification Number'

2018-12-07 16:07:14 - [TEST_STEP][PASSED] - Statement - rnd = new java.util.Random(): null

2018-12-07 16:07:14 - [TEST_STEP][PASSED] - Statement - snum = rnd.nextInt(899999 + 1) + 100000: null

2018-12-07 16:07:14 - [TEST_STEP][PASSED] - Statement - tnum = rnd.nextInt(899999 + 1) + 100000: null

2018-12-07 16:07:14 - [TEST_STEP][PASSED] - Statement - IC = java.lang.Integer.toString(snum) + java.lang.Integer.toString(tnum): null

2018-12-07 16:07:14 - [TEST_STEP][PASSED] - Statement - out.println(IC): null

2018-12-07 16:07:14 - [TEST_STEP][PASSED] - setText: Text '508462277075' is set on object 'Object Repository/Final Object Repo/Page_Update Employee Information By Employer/Identification Number'

2018-12-07 16:07:14 - [MESSAGE][PASSED] - Text '508462277075' is set on object 'Object Repository/Final Object Repo/Page_Update Employee Information By Employer/Identification Number'

2018-12-07 16:07:14 - [TEST_STEP][PASSED] - click: Object: 'Object Repository/Final Object Repo/Page_Update Employee Information By Employer/Save' is clicked on

2018-12-07 16:07:14 - [MESSAGE][PASSED] - Object: 'Object Repository/Final Object Repo/Page_Update Employee Information By Employer/Save' is clicked on

2018-12-07 16:07:14 - [TEST_STEP][PASSED] - delay: Delayed 5 second(s)

2018-12-07 16:07:19 - [MESSAGE][PASSED] - Delayed 5 second(s)

2018-12-07 16:07:19 - [TEST_STEP][PASSED] - Statement - CaseReferenceNo = com.kms.katalon.core.webui.keyword.WebUiBuiltInKeywords.getText(com.kms.katalon.core.testobject.ObjectRepository.findTestObject(Final Object Repo/Reference Number/Reference Number in Update Employee Information Page)): Text of object 'Object Repository/Final Object Repo/Reference Number/Reference Number in Update Employee Information Page' is: 'CUN122018C100005903'

2018-12-07 16:07:19 - [MESSAGE][PASSED] - Text of object 'Object Repository/Final Object Repo/Reference Number/Reference Number in Update Employee Information Page' is: 'CUN122018C100005903'

2018-12-07 16:07:19 - [TEST_STEP][PASSED] - callTestCase: Call Test Case 'Test Cases/Final Aug 2018 - PKS Automation/Common/Reference Number Setter' successfully

2018-12-07 16:07:19 - [TEST_CASE][PASSED] - Test Cases/Final Aug 2018 - PKS Automation/Common/Reference Number Setter: Test Cases/Final Aug 2018 - PKS Automation/Common/Reference Number Setter

2018-12-07 16:07:19 - [TEST_STEP][PASSED] - Statement - RefNoOldFile = new java.io.File(C://Users//Admin//Desktop//PKS//Automation Reference Point//KatalonReference.txt): null

2018-12-07 16:07:19 - [TEST_STEP][PASSED] - Statement - RefNoOldFile.delete(): null

2018-12-07 16:07:19 - [TEST_STEP][PASSED] - delay: Delayed 5 second(s)

2018-12-07 16:07:24 - [MESSAGE][PASSED] - Delayed 5 second(s)

2018-12-07 16:07:24 - [TEST_STEP][PASSED] - Statement - RefNo = new java.io.File(C://Users//Admin//Desktop//PKS//Automation Reference Point//KatalonReference.txt): null

2018-12-07 16:07:24 - [TEST_STEP][PASSED] - Statement - f2 = new java.io.FileWriter(RefNo, false): null

2018-12-07 16:07:24 - [TEST_STEP][PASSED] - Statement - f2.write(CaseReferenceNo): null

2018-12-07 16:07:24 - [TEST_STEP][PASSED] - Statement - f2.close(): null

2018-12-07 16:07:24 - [TEST_STEP][PASSED] - Statement - out.println("


" + CaseReferenceNo + "


"): null

2018-12-07 16:07:24 - [MESSAGE][PASSED] - Call Test Case 'Test Cases/Final Aug 2018 - PKS Automation/Common/Reference Number Setter' successfully

2018-12-07 16:07:24 - [TEST_STEP][PASSED] - delay: Delayed 5 second(s)

2018-12-07 16:07:29 - [MESSAGE][PASSED] - Delayed 5 second(s)

2018-12-07 16:07:29 - [TEST_STEP][PASSED] - click: Object: 'Object Repository/Final Object Repo/Page_Update Employee Information By Employer/Save  Continue in  Employee Information Page' is clicked on

2018-12-07 16:07:30 - [MESSAGE][PASSED] - Object: 'Object Repository/Final Object Repo/Page_Update Employee Information By Employer/Save  Continue in  Employee Information Page' is clicked on

2018-12-07 16:07:30 - [TEST_STEP][PASSED] - delay: Delayed 5 second(s)

2018-12-07 16:07:35 - [MESSAGE][PASSED] - Delayed 5 second(s)

2018-12-07 16:07:35 - [TEST_STEP][PASSED] - click: Object: 'Object Repository/Final Object Repo/Page_Update Employee Information By Employer/Save  Continue in Uploading Page 1' is clicked on

2018-12-07 16:07:35 - [MESSAGE][PASSED] - Object: 'Object Repository/Final Object Repo/Page_Update Employee Information By Employer/Save  Continue in Uploading Page 1' is clicked on

2018-12-07 16:07:35 - [TEST_STEP][PASSED] - delay: Delayed 5 second(s)

2018-12-07 16:07:40 - [MESSAGE][PASSED] - Delayed 5 second(s)

2018-12-07 16:07:40 - [TEST_STEP][PASSED] - click: Object: 'Object Repository/Final Object Repo/Page_Update Employee Information By Employer/Submit' is clicked on

2018-12-07 16:07:40 - [MESSAGE][PASSED] - Object: 'Object Repository/Final Object Repo/Page_Update Employee Information By Employer/Submit' is clicked on

2018-12-07 16:07:40 - [TEST_STEP][PASSED] - delay: Delayed 5 second(s)

2018-12-07 16:07:45 - [MESSAGE][PASSED] - Delayed 5 second(s)

2018-12-07 16:07:45 - [TEST_STEP][PASSED] - click: Object: 'Object Repository/Final Object Repo/Page_Update Employee Information By Employer/Confirm' is clicked on

2018-12-07 16:07:45 - [MESSAGE][PASSED] - Object: 'Object Repository/Final Object Repo/Page_Update Employee Information By Employer/Confirm' is clicked on

2018-12-07 16:07:45 - [TEST_STEP][PASSED] - delay: Delayed 5 second(s)

2018-12-07 16:07:50 - [MESSAGE][PASSED] - Delayed 5 second(s)

2018-12-07 16:07:50 - [TEST_STEP][PASSED] - verifyElementVisible: Object 'Object Repository/Final Object Repo/Page_Update Employee Information By Employer/Successfull Message Routed to UO' is visible

2018-12-07 16:07:50 - [MESSAGE][PASSED] - Object 'Object Repository/Final Object Repo/Page_Update Employee Information By Employer/Successfull Message Routed to UO' is visible

2018-12-07 16:07:50 - [MESSAGE][PASSED] - Call Test Case 'Test Cases/Final Aug 2018 - PKS Automation/Registration Module/Workflow/Update Employee Information (Employer)/Template/Update Employer Information - Special Case (OTC)' successfully

2018-12-07 16:07:50 - [TEST_STEP][PASSED] - callTestCase: Call Test Case 'Test Cases/Final Aug 2018 - PKS Automation/Registration Module/Workflow/Update Employer Information/Template/Update Employer Information - Special Case - UO (Approve)' successfully

2018-12-07 16:07:50 - [TEST_CASE][PASSED] - Test Cases/Final Aug 2018 - PKS Automation/Registration Module/Workflow/Update Employer Information/Template/Update Employer Information - Special Case - UO (Approve): Test Cases/Final Aug 2018 - PKS Automation/Registration Module/Workflow/Update Employer Information/Template/Update Employer Information - Special Case - UO (Approve)

2018-12-07 16:07:51 - [TEST_STEP][NOT_RUN] - callTestCase: NOT_RUN: callTestCase

2018-12-07 16:07:51 - [MESSAGE][NOT_RUN] - NOT_RUN: callTestCase

2018-12-07 16:07:51 - [TEST_STEP][NOT_RUN] - delay: NOT_RUN: delay

2018-12-07 16:07:51 - [MESSAGE][NOT_RUN] - NOT_RUN: delay

2018-12-07 16:07:51 - [TEST_STEP][NOT_RUN] - navigateToUrl: NOT_RUN: navigateToUrl

2018-12-07 16:07:51 - [MESSAGE][NOT_RUN] - NOT_RUN: navigateToUrl

2018-12-07 16:07:51 - [TEST_STEP][PASSED] - delay: Delayed 1 second(s)

2018-12-07 16:07:52 - [MESSAGE][PASSED] - Delayed 1 second(s)

2018-12-07 16:07:52 - [TEST_STEP][PASSED] - callTestCase: Call Test Case 'Test Cases/Final Aug 2018 - PKS Automation/Common/Reference Number Getter' successfully

2018-12-07 16:07:52 - [TEST_CASE][PASSED] - Test Cases/Final Aug 2018 - PKS Automation/Common/Reference Number Getter: Test Cases/Final Aug 2018 - PKS Automation/Common/Reference Number Getter

2018-12-07 16:07:52 - [TEST_STEP][PASSED] - Statement - Try: null

2018-12-07 16:07:52 - [TEST_STEP][PASSED] - Statement - RefNo = new java.io.File(C://Users//Admin//Desktop//PKS//Automation Reference Point//KatalonReference.txt): null

2018-12-07 16:07:52 - [TEST_STEP][PASSED] - Statement - bufferread = new java.io.BufferedReader(new java.io.FileReader(RefNo)): null

2018-12-07 16:07:52 - [TEST_STEP][PASSED] - Statement - readedVal = bufferread.readLine(): null

2018-12-07 16:07:52 - [TEST_STEP][PASSED] - Statement - out.println(CaseReferenceNo): null

2018-12-07 16:07:52 - [TEST_STEP][PASSED] - Statement - out.println(readedVal): null

2018-12-07 16:07:52 - [TEST_STEP][PASSED] - Statement - CaseReferenceNo = "": null

2018-12-07 16:07:52 - [TEST_STEP][PASSED] - Statement - CaseReferenceNo = readedVal: null

2018-12-07 16:07:52 - [MESSAGE][PASSED] - Call Test Case 'Test Cases/Final Aug 2018 - PKS Automation/Common/Reference Number Getter' successfully

2018-12-07 16:07:52 - [TEST_STEP][PASSED] - callTestCase: Call Test Case 'Test Cases/Final Aug 2018 - PKS Automation/Common/Workflow Owner Finder' successfully

2018-12-07 16:07:52 - [TEST_CASE][PASSED] - Test Cases/Final Aug 2018 - PKS Automation/Common/Workflow Owner Finder: Test Cases/Final Aug 2018 - PKS Automation/Common/Workflow Owner Finder

2018-12-07 16:07:52 - [TEST_STEP][PASSED] - openBrowser: Browser is opened with url: ''

2018-12-07 16:07:52 - [MESSAGE][WARNING] - A browser is already opened. Closing browser and opening a new one

2018-12-07 16:07:55 - [MESSAGE][PASSED] - Browser is opened with url: ''

2018-12-07 16:07:55 - [TEST_STEP][PASSED] - navigateToUrl: Navigate to 'https://assist2-uat.perkeso.gov.my/login' successfully

2018-12-07 16:07:56 - [MESSAGE][PASSED] - Navigate to 'https://assist2-uat.perkeso.gov.my/login' successfully

2018-12-07 16:07:56 - [TEST_STEP][PASSED] - delay: Delayed 5 second(s)

2018-12-07 16:08:01 - [MESSAGE][PASSED] - Delayed 5 second(s)

2018-12-07 16:08:01 - [TEST_STEP][PASSED] - setText: Text 'test@liferay.com' is set on object 'Object Repository/Final Object Repo/Login Page/Internal User/Email Address'

2018-12-07 16:08:01 - [MESSAGE][PASSED] - Text 'test@liferay.com' is set on object 'Object Repository/Final Object Repo/Login Page/Internal User/Email Address'

2018-12-07 16:08:01 - [TEST_STEP][PASSED] - click: Object: 'Object Repository/Final Object Repo/Login Page/Internal User/Next Button' is clicked on

2018-12-07 16:08:01 - [MESSAGE][PASSED] - Object: 'Object Repository/Final Object Repo/Login Page/Internal User/Next Button' is clicked on

2018-12-07 16:08:01 - [TEST_STEP][PASSED] - delay: Delayed 2 second(s)

2018-12-07 16:08:03 - [MESSAGE][PASSED] - Delayed 2 second(s)

2018-12-07 16:08:03 - [TEST_STEP][PASSED] - setText: Text 'test' is set on object 'Object Repository/Final Object Repo/Login Page/Internal User/Password'

2018-12-07 16:08:03 - [MESSAGE][PASSED] - Text 'test' is set on object 'Object Repository/Final Object Repo/Login Page/Internal User/Password'

2018-12-07 16:08:03 - [TEST_STEP][PASSED] - delay: Delayed 2 second(s)

2018-12-07 16:08:05 - [MESSAGE][PASSED] - Delayed 2 second(s)

2018-12-07 16:08:05 - [TEST_STEP][PASSED] - click: Object: 'Object Repository/Final Object Repo/Login Page/Internal User/Login Button' is clicked on

2018-12-07 16:08:06 - [MESSAGE][PASSED] - Object: 'Object Repository/Final Object Repo/Login Page/Internal User/Login Button' is clicked on

2018-12-07 16:08:06 - [TEST_STEP][PASSED] - Statement - tester = com.kms.katalon.core.testobject.ObjectRepository.findTestObject(Final Object Repo/Landing Page/Select to English): Finding Test Object with id 'Object Repository/Final Object Repo/Landing Page/Select to English'

2018-12-07 16:08:06 - [TEST_STEP][PASSED] - Statement - Try: Delayed 2 second(s)

2018-12-07 16:08:06 - [TEST_STEP][PASSED] - Statement - Checker = com.kms.katalon.core.webui.keyword.WebUiBuiltInKeywords.verifyElementNotPresent(tester, 3): Web element with id: 'Object Repository/Final Object Repo/Landing Page/Select to English' located by 'By.xpath: //a[@class = 'taglib-language-list-text' and @lang = 'en-US' and (contains(text(), 'EN') or contains(., 'EN'))]' is not present after '3' second(s)

2018-12-07 16:08:08 - [MESSAGE][PASSED] - Web element with id: 'Object Repository/Final Object Repo/Landing Page/Select to English' located by 'By.xpath: //a[@class = 'taglib-language-list-text' and @lang = 'en-US' and (contains(text(), 'EN') or contains(., 'EN'))]' is not present after '3' second(s)

2018-12-07 16:08:08 - [TEST_STEP][PASSED] - Statement - If (Checker == false): null

2018-12-07 16:08:08 - [TEST_STEP][PASSED] - delay: Delayed 2 second(s)

2018-12-07 16:08:10 - [MESSAGE][PASSED] - Delayed 2 second(s)

2018-12-07 16:08:10 - [TEST_STEP][PASSED] - delay: Delayed 5 second(s)

2018-12-07 16:08:15 - [MESSAGE][PASSED] - Delayed 5 second(s)

2018-12-07 16:08:15 - [TEST_STEP][PASSED] - mouseOver: Object: 'Object Repository/Final Object Repo/Landing Page/WorkFlow Menu' is hovered

2018-12-07 16:08:15 - [MESSAGE][PASSED] - Object: 'Object Repository/Final Object Repo/Landing Page/WorkFlow Menu' is hovered

2018-12-07 16:08:15 - [TEST_STEP][PASSED] - delay: Delayed 2 second(s)

2018-12-07 16:08:17 - [MESSAGE][PASSED] - Delayed 2 second(s)

2018-12-07 16:08:17 - [TEST_STEP][PASSED] - click: Object: 'Object Repository/Final Object Repo/Landing Page/Select to Workflow Listing' is clicked on

2018-12-07 16:08:18 - [MESSAGE][PASSED] - Object: 'Object Repository/Final Object Repo/Landing Page/Select to Workflow Listing' is clicked on

2018-12-07 16:08:18 - [TEST_STEP][PASSED] - delay: Delayed 2 second(s)

2018-12-07 16:08:20 - [MESSAGE][PASSED] - Delayed 2 second(s)

2018-12-07 16:08:20 - [TEST_STEP][PASSED] - click: Object: 'Object Repository/Final Object Repo/WorkFlow Listing Page/Search Information - To Put Ref No' is clicked on

2018-12-07 16:08:20 - [MESSAGE][PASSED] - Object: 'Object Repository/Final Object Repo/WorkFlow Listing Page/Search Information - To Put Ref No' is clicked on

2018-12-07 16:08:20 - [TEST_STEP][PASSED] - delay: Delayed 2 second(s)

2018-12-07 16:08:22 - [MESSAGE][PASSED] - Delayed 2 second(s)

2018-12-07 16:08:22 - [TEST_STEP][PASSED] - callTestCase: Call Test Case 'Test Cases/Final Aug 2018 - PKS Automation/Common/Reference Number Getter' successfully

2018-12-07 16:08:22 - [TEST_CASE][PASSED] - Test Cases/Final Aug 2018 - PKS Automation/Common/Reference Number Getter: Test Cases/Final Aug 2018 - PKS Automation/Common/Reference Number Getter

2018-12-07 16:08:22 - [TEST_STEP][PASSED] - Statement - Try: null

2018-12-07 16:08:22 - [TEST_STEP][PASSED] - Statement - RefNo = new java.io.File(C://Users//Admin//Desktop//PKS//Automation Reference Point//KatalonReference.txt): null

2018-12-07 16:08:22 - [TEST_STEP][PASSED] - Statement - bufferread = new java.io.BufferedReader(new java.io.FileReader(RefNo)): null

2018-12-07 16:08:22 - [TEST_STEP][PASSED] - Statement - readedVal = bufferread.readLine(): null

2018-12-07 16:08:22 - [TEST_STEP][PASSED] - Statement - out.println(CaseReferenceNo): null

2018-12-07 16:08:22 - [TEST_STEP][PASSED] - Statement - out.println(readedVal): null

2018-12-07 16:08:22 - [TEST_STEP][PASSED] - Statement - CaseReferenceNo = "": null

2018-12-07 16:08:22 - [TEST_STEP][PASSED] - Statement - CaseReferenceNo = readedVal: null

2018-12-07 16:08:22 - [MESSAGE][PASSED] - Call Test Case 'Test Cases/Final Aug 2018 - PKS Automation/Common/Reference Number Getter' successfully

2018-12-07 16:08:22 - [TEST_STEP][PASSED] - setText: Text 'CUN122018C100005903' is set on object 'Object Repository/Final Object Repo/WorkFlow Listing Page/Ref No Set Text'

2018-12-07 16:08:23 - [MESSAGE][PASSED] - Text 'CUN122018C100005903' is set on object 'Object Repository/Final Object Repo/WorkFlow Listing Page/Ref No Set Text'

2018-12-07 16:08:23 - [TEST_STEP][PASSED] - delay: Delayed 2 second(s)

2018-12-07 16:08:25 - [MESSAGE][PASSED] - Delayed 2 second(s)

2018-12-07 16:08:25 - [TEST_STEP][PASSED] - click: Object: 'Object Repository/Final Object Repo/WorkFlow Listing Page/Search Ref No Search Button' is clicked on

2018-12-07 16:08:25 - [MESSAGE][PASSED] - Object: 'Object Repository/Final Object Repo/WorkFlow Listing Page/Search Ref No Search Button' is clicked on

2018-12-07 16:08:25 - [TEST_STEP][PASSED] - delay: Delayed 6 second(s)

2018-12-07 16:08:31 - [MESSAGE][PASSED] - Delayed 6 second(s)

2018-12-07 16:08:31 - [TEST_STEP][PASSED] - click: Object: 'Object Repository/Final Object Repo/WorkFlow Listing Page/Click Continue Tooltip' is clicked on

2018-12-07 16:08:32 - [MESSAGE][PASSED] - Object: 'Object Repository/Final Object Repo/WorkFlow Listing Page/Click Continue Tooltip' is clicked on

2018-12-07 16:08:32 - [TEST_STEP][PASSED] - delay: Delayed 5 second(s)

2018-12-07 16:08:37 - [MESSAGE][PASSED] - Delayed 5 second(s)

2018-12-07 16:08:37 - [TEST_STEP][PASSED] - doubleClick: Object: 'Object Repository/Final Object Repo/WorkFlow Listing Page/Workflow Found - Listing 1' is double clicked on

2018-12-07 16:08:37 - [MESSAGE][PASSED] - Object: 'Object Repository/Final Object Repo/WorkFlow Listing Page/Workflow Found - Listing 1' is double clicked on

2018-12-07 16:08:37 - [TEST_STEP][PASSED] - Statement - println(OwnerID): null

2018-12-07 16:08:37 - [TEST_STEP][PASSED] - Statement - OwnerID = com.kms.katalon.core.webui.keyword.WebUiBuiltInKeywords.getText(com.kms.katalon.core.testobject.ObjectRepository.findTestObject(Final Object Repo/WorkFlow Listing Page/Workflow Found - Listing 1), STOP_ON_FAILURE): Text of object 'Object Repository/Final Object Repo/WorkFlow Listing Page/Workflow Found - Listing 1' is: 'JOHORuo1'

2018-12-07 16:08:37 - [MESSAGE][PASSED] - Text of object 'Object Repository/Final Object Repo/WorkFlow Listing Page/Workflow Found - Listing 1' is: 'JOHORuo1'

2018-12-07 16:08:37 - [TEST_STEP][PASSED] - Statement - OwnerID = OwnerID.toLowerCase() + "@gmail.com": null

2018-12-07 16:08:37 - [TEST_STEP][PASSED] - Statement - println(OwnerID): null

2018-12-07 16:08:37 - [TEST_STEP][PASSED] - delay: Delayed 2 second(s)

2018-12-07 16:08:39 - [MESSAGE][PASSED] - Delayed 2 second(s)

2018-12-07 16:08:39 - [MESSAGE][PASSED] - Call Test Case 'Test Cases/Final Aug 2018 - PKS Automation/Common/Workflow Owner Finder' successfully

2018-12-07 16:08:39 - [TEST_STEP][PASSED] - delay: Delayed 1 second(s)

2018-12-07 16:08:40 - [MESSAGE][PASSED] - Delayed 1 second(s)

2018-12-07 16:08:40 - [TEST_STEP][PASSED] - navigateToUrl: Navigate to 'https://assist2-uat.perkeso.gov.my/c/portal/logout' successfully

2018-12-07 16:08:41 - [MESSAGE][PASSED] - Navigate to 'https://assist2-uat.perkeso.gov.my/c/portal/logout' successfully

2018-12-07 16:08:41 - [TEST_STEP][PASSED] - callTestCase: Call Test Case 'Test Cases/Final Aug 2018 - PKS Automation/Registration Module/Workflow/Login and Search Case For Workflow' successfully

2018-12-07 16:08:41 - [TEST_CASE][PASSED] - Test Cases/Final Aug 2018 - PKS Automation/Registration Module/Workflow/Login and Search Case For Workflow: Test Cases/Final Aug 2018 - PKS Automation/Registration Module/Workflow/Login and Search Case For Workflow

2018-12-07 16:08:41 - [TEST_STEP][PASSED] - navigateToUrl: Navigate to 'https://assist2-uat.perkeso.gov.my/login' successfully

2018-12-07 16:08:42 - [MESSAGE][PASSED] - Navigate to 'https://assist2-uat.perkeso.gov.my/login' successfully

2018-12-07 16:08:42 - [TEST_STEP][PASSED] - setText: Text 'johoruo1@gmail.com' is set on object 'Object Repository/Final Object Repo/Login Page/Internal User/Email Address'

2018-12-07 16:08:42 - [MESSAGE][PASSED] - Text 'johoruo1@gmail.com' is set on object 'Object Repository/Final Object Repo/Login Page/Internal User/Email Address'

2018-12-07 16:08:42 - [TEST_STEP][PASSED] - click: Object: 'Object Repository/Final Object Repo/Login Page/Internal User/Next Button' is clicked on

2018-12-07 16:08:42 - [MESSAGE][PASSED] - Object: 'Object Repository/Final Object Repo/Login Page/Internal User/Next Button' is clicked on

2018-12-07 16:08:42 - [TEST_STEP][PASSED] - delay: Delayed 1 second(s)

2018-12-07 16:08:43 - [MESSAGE][PASSED] - Delayed 1 second(s)

2018-12-07 16:08:43 - [TEST_STEP][PASSED] - setEncryptedText: Text ****** has been set on object 'Object Repository/Final Object Repo/Login Page/Internal User/Password'

2018-12-07 16:08:43 - [MESSAGE][PASSED] - Text ****** has been set on object 'Object Repository/Final Object Repo/Login Page/Internal User/Password'

2018-12-07 16:08:43 - [TEST_STEP][PASSED] - click: Object: 'Object Repository/Final Object Repo/Login Page/Internal User/Login Button' is clicked on

2018-12-07 16:08:44 - [MESSAGE][PASSED] - Object: 'Object Repository/Final Object Repo/Login Page/Internal User/Login Button' is clicked on

2018-12-07 16:08:44 - [TEST_STEP][PASSED] - delay: Delayed 2 second(s)

2018-12-07 16:08:46 - [MESSAGE][PASSED] - Delayed 2 second(s)

2018-12-07 16:08:46 - [TEST_STEP][PASSED] - Statement - Try: Delayed 2 second(s)

2018-12-07 16:08:46 - [TEST_STEP][PASSED] - Statement - Checker = false: null

2018-12-07 16:08:46 - [TEST_STEP][PASSED] - Statement - Checker = com.kms.katalon.core.webui.keyword.WebUiBuiltInKeywords.verifyElementHasAttribute(com.kms.katalon.core.testobject.ObjectRepository.findTestObject(Final Object Repo/Landing Page/BM Detecting), "href", 20, OPTIONAL): Object 'Object Repository/Final Object Repo/Landing Page/BM Detecting' has attribute 'href'

2018-12-07 16:08:46 - [MESSAGE][PASSED] - Object 'Object Repository/Final Object Repo/Landing Page/BM Detecting' has attribute 'href'

2018-12-07 16:08:46 - [TEST_STEP][PASSED] - Statement - out.println(Checker): null

2018-12-07 16:08:46 - [TEST_STEP][PASSED] - Statement - If (Checker == false): null

2018-12-07 16:08:46 - [TEST_STEP][PASSED] - Statement - Else: null

2018-12-07 16:08:46 - [TEST_STEP][PASSED] - delay: Delayed 2 second(s)

2018-12-07 16:08:48 - [MESSAGE][PASSED] - Delayed 2 second(s)

2018-12-07 16:08:48 - [TEST_STEP][PASSED] - click: Object: 'Object Repository/Final Object Repo/Page_MyASSIST - ASSIST - Search Pending Case For Add Supporting Document/Search Information' is clicked on

2018-12-07 16:08:48 - [MESSAGE][PASSED] - Object: 'Object Repository/Final Object Repo/Page_MyASSIST - ASSIST - Search Pending Case For Add Supporting Document/Search Information' is clicked on

2018-12-07 16:08:48 - [TEST_STEP][PASSED] - delay: Delayed 3 second(s)

2018-12-07 16:08:51 - [MESSAGE][PASSED] - Delayed 3 second(s)

2018-12-07 16:08:51 - [TEST_STEP][PASSED] - sendKeys: Keys 'CUN122018C100005903' sent to object: 'Object Repository/Final Object Repo/Page_MyASSIST - ASSIST - Search Pending Case For Add Supporting Document/Reference No'

2018-12-07 16:08:51 - [MESSAGE][PASSED] - Keys 'CUN122018C100005903' sent to object: 'Object Repository/Final Object Repo/Page_MyASSIST - ASSIST - Search Pending Case For Add Supporting Document/Reference No'

2018-12-07 16:08:51 - [TEST_STEP][PASSED] - click: Object: 'Object Repository/Final Object Repo/Page_MyASSIST - ASSIST - Search Pending Case For Add Supporting Document/Search Reference No' is clicked on

2018-12-07 16:08:51 - [MESSAGE][PASSED] - Object: 'Object Repository/Final Object Repo/Page_MyASSIST - ASSIST - Search Pending Case For Add Supporting Document/Search Reference No' is clicked on

2018-12-07 16:08:51 - [TEST_STEP][PASSED] - delay: Delayed 2 second(s)

2018-12-07 16:08:53 - [MESSAGE][PASSED] - Delayed 2 second(s)

2018-12-07 16:08:53 - [TEST_STEP][PASSED] - click: Object: 'Object Repository/Final Object Repo/Page_MyASSIST - ASSIST - Search Pending Case For Add Supporting Document/Continue' is clicked on

2018-12-07 16:08:57 - [MESSAGE][PASSED] - Object: 'Object Repository/Final Object Repo/Page_MyASSIST - ASSIST - Search Pending Case For Add Supporting Document/Continue' is clicked on

2018-12-07 16:08:57 - [TEST_STEP][PASSED] - delay: Delayed 20 second(s)

2018-12-07 16:09:17 - [MESSAGE][PASSED] - Delayed 20 second(s)

2018-12-07 16:09:17 - [MESSAGE][PASSED] - Call Test Case 'Test Cases/Final Aug 2018 - PKS Automation/Registration Module/Workflow/Login and Search Case For Workflow' successfully

2018-12-07 16:09:17 - [TEST_STEP][PASSED] - delay: Delayed 10 second(s)

2018-12-07 16:09:27 - [MESSAGE][PASSED] - Delayed 10 second(s)

2018-12-07 16:09:27 - [TEST_STEP][PASSED] - click: Object: 'Object Repository/Final Object Repo/Page_Update Employer Information/Page_Update Employer Information UO (Approve)/Continue' is clicked on

2018-12-07 16:09:31 - [MESSAGE][PASSED] - Object: 'Object Repository/Final Object Repo/Page_Update Employer Information/Page_Update Employer Information UO (Approve)/Continue' is clicked on

2018-12-07 16:09:31 - [TEST_STEP][PASSED] - delay: Delayed 10 second(s)

2018-12-07 16:09:41 - [MESSAGE][PASSED] - Delayed 10 second(s)

2018-12-07 16:09:41 - [TEST_STEP][PASSED] - click: Object: 'Object Repository/Final Object Repo/Page_Update Employer Information/Page_Update Employer Information UO (Approve)/Save  Continue in Update Employer Information Page' is clicked on

2018-12-07 16:09:41 - [MESSAGE][PASSED] - Object: 'Object Repository/Final Object Repo/Page_Update Employer Information/Page_Update Employer Information UO (Approve)/Save  Continue in Update Employer Information Page' is clicked on

2018-12-07 16:09:41 - [TEST_STEP][PASSED] - delay: Delayed 3 second(s)

2018-12-07 16:09:44 - [MESSAGE][PASSED] - Delayed 3 second(s)

2018-12-07 16:09:44 - [TEST_STEP][PASSED] - click: Object: 'Object Repository/Final Object Repo/Page_Update Employer Information/Page_Update Employer Information UO (Approve)/Save  Continue in Uploading Supporting Document Page' is clicked on

2018-12-07 16:09:44 - [MESSAGE][PASSED] - Object: 'Object Repository/Final Object Repo/Page_Update Employer Information/Page_Update Employer Information UO (Approve)/Save  Continue in Uploading Supporting Document Page' is clicked on

2018-12-07 16:09:44 - [TEST_STEP][PASSED] - delay: Delayed 3 second(s)

2018-12-07 16:09:47 - [MESSAGE][PASSED] - Delayed 3 second(s)

2018-12-07 16:09:47 - [TEST_STEP][PASSED] - click: Object: 'Object Repository/Final Object Repo/Page_Update Employer Information/Page_Update Employer Information UO (Approve)/Approve' is clicked on

2018-12-07 16:09:48 - [MESSAGE][PASSED] - Object: 'Object Repository/Final Object Repo/Page_Update Employer Information/Page_Update Employer Information UO (Approve)/Approve' is clicked on

2018-12-07 16:09:48 - [TEST_STEP][PASSED] - delay: Delayed 2 second(s)

2018-12-07 16:09:50 - [MESSAGE][PASSED] - Delayed 2 second(s)

2018-12-07 16:09:50 - [TEST_STEP][PASSED] - click: Object: 'Object Repository/Final Object Repo/Page_Update Employer Information/Page_Update Employer Information UO (Approve)/Confirm' is clicked on

2018-12-07 16:09:50 - [MESSAGE][PASSED] - Object: 'Object Repository/Final Object Repo/Page_Update Employer Information/Page_Update Employer Information UO (Approve)/Confirm' is clicked on

2018-12-07 16:09:50 - [TEST_STEP][PASSED] - delay: Delayed 2 second(s)

2018-12-07 16:09:52 - [MESSAGE][PASSED] - Delayed 2 second(s)

2018-12-07 16:09:52 - [TEST_STEP][PASSED] - verifyElementVisible: Object 'Object Repository/Final Object Repo/Page_Update Employer Information/Page_Update Employer Information UO (Approve)/Message Your Request' is visible

2018-12-07 16:09:56 - [MESSAGE][PASSED] - Object 'Object Repository/Final Object Repo/Page_Update Employer Information/Page_Update Employer Information UO (Approve)/Message Your Request' is visible

2018-12-07 16:09:56 - [TEST_STEP][PASSED] - verifyElementVisible: Object 'Object Repository/Final Object Repo/Page_Update Employer Information/Page_Update Employer Information UO (Approve)/Letter of successful update' is visible

2018-12-07 16:09:56 - [MESSAGE][PASSED] - Object 'Object Repository/Final Object Repo/Page_Update Employer Information/Page_Update Employer Information UO (Approve)/Letter of successful update' is visible

2018-12-07 16:09:56 - [MESSAGE][PASSED] - Call Test Case 'Test Cases/Final Aug 2018 - PKS Automation/Registration Module/Workflow/Update Employer Information/Template/Update Employer Information - Special Case - UO (Approve)' successfully]]></system-out>
         <system-err><![CDATA[]]></system-err>
      </testcase>
      <testcase name="Test Cases/Final Aug 2018 - PKS Automation/Registration Module/Workflow/Update Employee Information (Employer)/OTC - UO (Query)" classname="Test Cases/Final Aug 2018 - PKS Automation/Registration Module/Workflow/Update Employee Information (Employer)/OTC - UO (Query)" status="PASSED">
         <system-out><![CDATA[2018-12-07 16:09:57 - [TEST_CASE][PASSED] - Test Cases/Final Aug 2018 - PKS Automation/Registration Module/Workflow/Update Employee Information (Employer)/OTC - UO (Query): Test Cases/Final Aug 2018 - PKS Automation/Registration Module/Workflow/Update Employee Information (Employer)/OTC - UO (Query)

2018-12-07 16:09:57 - [TEST_STEP][PASSED] - callTestCase: Call Test Case 'Test Cases/Final Aug 2018 - PKS Automation/Registration Module/Workflow/Update Employee Information (Employer)/Template/Update Employer Information - Special Case (OTC)' successfully

2018-12-07 16:09:57 - [TEST_CASE][PASSED] - Test Cases/Final Aug 2018 - PKS Automation/Registration Module/Workflow/Update Employee Information (Employer)/Template/Update Employer Information - Special Case (OTC): Test Cases/Final Aug 2018 - PKS Automation/Registration Module/Workflow/Update Employee Information (Employer)/Template/Update Employer Information - Special Case (OTC)

2018-12-07 16:09:57 - [TEST_STEP][PASSED] - openBrowser: Browser is opened with url: ''

2018-12-07 16:09:57 - [MESSAGE][WARNING] - A browser is already opened. Closing browser and opening a new one

2018-12-07 16:10:00 - [MESSAGE][PASSED] - Browser is opened with url: ''

2018-12-07 16:10:00 - [TEST_STEP][PASSED] - navigateToUrl: Navigate to 'https://assist2-uat.perkeso.gov.my/login' successfully

2018-12-07 16:10:01 - [MESSAGE][PASSED] - Navigate to 'https://assist2-uat.perkeso.gov.my/login' successfully

2018-12-07 16:10:01 - [TEST_STEP][PASSED] - setText: Text 'johorotc1@gmail.com' is set on object 'Object Repository/Final Object Repo/Login Page/Internal User/Email Address'

2018-12-07 16:10:01 - [MESSAGE][PASSED] - Text 'johorotc1@gmail.com' is set on object 'Object Repository/Final Object Repo/Login Page/Internal User/Email Address'

2018-12-07 16:10:01 - [TEST_STEP][PASSED] - click: Object: 'Object Repository/Final Object Repo/Login Page/Internal User/Next Button' is clicked on

2018-12-07 16:10:02 - [MESSAGE][PASSED] - Object: 'Object Repository/Final Object Repo/Login Page/Internal User/Next Button' is clicked on

2018-12-07 16:10:02 - [TEST_STEP][PASSED] - delay: Delayed 1 second(s)

2018-12-07 16:10:03 - [MESSAGE][PASSED] - Delayed 1 second(s)

2018-12-07 16:10:03 - [TEST_STEP][PASSED] - setEncryptedText: Text ****** has been set on object 'Object Repository/Final Object Repo/Login Page/Internal User/Password'

2018-12-07 16:10:03 - [MESSAGE][PASSED] - Text ****** has been set on object 'Object Repository/Final Object Repo/Login Page/Internal User/Password'

2018-12-07 16:10:03 - [TEST_STEP][PASSED] - click: Object: 'Object Repository/Final Object Repo/Login Page/Internal User/Login Button' is clicked on

2018-12-07 16:10:03 - [MESSAGE][PASSED] - Object: 'Object Repository/Final Object Repo/Login Page/Internal User/Login Button' is clicked on

2018-12-07 16:10:03 - [TEST_STEP][PASSED] - Statement - tester = com.kms.katalon.core.testobject.ObjectRepository.findTestObject(Final Object Repo/Landing Page/Select to English): Finding Test Object with id 'Object Repository/Final Object Repo/Landing Page/Select to English'

2018-12-07 16:10:03 - [TEST_STEP][PASSED] - Statement - Try: Delayed 2 second(s)

2018-12-07 16:10:03 - [TEST_STEP][PASSED] - Statement - Checker = com.kms.katalon.core.webui.keyword.WebUiBuiltInKeywords.verifyElementNotPresent(tester, 3): Web element with id: 'Object Repository/Final Object Repo/Landing Page/Select to English' located by 'By.xpath: //a[@class = 'taglib-language-list-text' and @lang = 'en-US' and (contains(text(), 'EN') or contains(., 'EN'))]' is not present after '3' second(s)

2018-12-07 16:10:05 - [MESSAGE][PASSED] - Web element with id: 'Object Repository/Final Object Repo/Landing Page/Select to English' located by 'By.xpath: //a[@class = 'taglib-language-list-text' and @lang = 'en-US' and (contains(text(), 'EN') or contains(., 'EN'))]' is not present after '3' second(s)

2018-12-07 16:10:05 - [TEST_STEP][PASSED] - Statement - If (Checker == false): null

2018-12-07 16:10:05 - [TEST_STEP][PASSED] - delay: Delayed 2 second(s)

2018-12-07 16:10:07 - [MESSAGE][PASSED] - Delayed 2 second(s)

2018-12-07 16:10:07 - [TEST_STEP][PASSED] - delay: Delayed 5 second(s)

2018-12-07 16:10:12 - [MESSAGE][PASSED] - Delayed 5 second(s)

2018-12-07 16:10:12 - [TEST_STEP][PASSED] - navigateToUrl: Navigate to 'https://assist2-uat.perkeso.gov.my/web/registration/update/update-employee-information-employer-' successfully

2018-12-07 16:10:13 - [MESSAGE][PASSED] - Navigate to 'https://assist2-uat.perkeso.gov.my/web/registration/update/update-employee-information-employer-' successfully

2018-12-07 16:10:13 - [TEST_STEP][PASSED] - setText: Text 'E1102001065V' is set on object 'Object Repository/Final Object Repo/Page_Update Employee Information By Employer/Employer Code'

2018-12-07 16:10:13 - [MESSAGE][PASSED] - Text 'E1102001065V' is set on object 'Object Repository/Final Object Repo/Page_Update Employee Information By Employer/Employer Code'

2018-12-07 16:10:13 - [TEST_STEP][PASSED] - click: Object: 'Object Repository/Final Object Repo/Page_Update Employee Information By Employer/Search Employer Code' is clicked on

2018-12-07 16:10:13 - [MESSAGE][PASSED] - Object: 'Object Repository/Final Object Repo/Page_Update Employee Information By Employer/Search Employer Code' is clicked on

2018-12-07 16:10:13 - [TEST_STEP][PASSED] - click: Object: 'Object Repository/Final Object Repo/Page_Update Employee Information By Employer/Edit Button' is clicked on

2018-12-07 16:10:17 - [MESSAGE][PASSED] - Object: 'Object Repository/Final Object Repo/Page_Update Employee Information By Employer/Edit Button' is clicked on

2018-12-07 16:10:17 - [TEST_STEP][PASSED] - click: Object: 'Object Repository/Final Object Repo/Page_Update Employee Information By Employer/Employee Name or New Identification' is clicked on

2018-12-07 16:10:18 - [MESSAGE][PASSED] - Object: 'Object Repository/Final Object Repo/Page_Update Employee Information By Employer/Employee Name or New Identification' is clicked on

2018-12-07 16:10:18 - [TEST_STEP][PASSED] - delay: Delayed 1 second(s)

2018-12-07 16:10:19 - [MESSAGE][PASSED] - Delayed 1 second(s)

2018-12-07 16:10:19 - [TEST_STEP][PASSED] - click: Object: 'Object Repository/Final Object Repo/Page_Update Employee Information By Employer/Selection - Employee Name' is clicked on

2018-12-07 16:10:19 - [MESSAGE][PASSED] - Object: 'Object Repository/Final Object Repo/Page_Update Employee Information By Employer/Selection - Employee Name' is clicked on

2018-12-07 16:10:19 - [TEST_STEP][PASSED] - delay: Delayed 1 second(s)

2018-12-07 16:10:20 - [MESSAGE][PASSED] - Delayed 1 second(s)

2018-12-07 16:10:20 - [TEST_STEP][PASSED] - setText: Text 'PERKESO' is set on object 'Object Repository/Final Object Repo/Page_Update Employee Information By Employer/Employee Name'

2018-12-07 16:10:20 - [MESSAGE][PASSED] - Text 'PERKESO' is set on object 'Object Repository/Final Object Repo/Page_Update Employee Information By Employer/Employee Name'

2018-12-07 16:10:20 - [TEST_STEP][PASSED] - delay: Delayed 2 second(s)

2018-12-07 16:10:22 - [MESSAGE][PASSED] - Delayed 2 second(s)

2018-12-07 16:10:22 - [TEST_STEP][PASSED] - click: Object: 'Object Repository/Final Object Repo/Page_Update Employee Information By Employer/Search Employee' is clicked on

2018-12-07 16:10:22 - [MESSAGE][PASSED] - Object: 'Object Repository/Final Object Repo/Page_Update Employee Information By Employer/Search Employee' is clicked on

2018-12-07 16:10:22 - [TEST_STEP][PASSED] - delay: Delayed 3 second(s)

2018-12-07 16:10:25 - [MESSAGE][PASSED] - Delayed 3 second(s)

2018-12-07 16:10:25 - [TEST_STEP][PASSED] - click: Object: 'Object Repository/Final Object Repo/Page_Update Employee Information By Employer/Employee Edit Button' is clicked on

2018-12-07 16:10:26 - [MESSAGE][PASSED] - Object: 'Object Repository/Final Object Repo/Page_Update Employee Information By Employer/Employee Edit Button' is clicked on

2018-12-07 16:10:26 - [TEST_STEP][PASSED] - delay: Delayed 3 second(s)

2018-12-07 16:10:29 - [MESSAGE][PASSED] - Delayed 3 second(s)

2018-12-07 16:10:29 - [TEST_STEP][PASSED] - setText: Text '' is set on object 'Object Repository/Final Object Repo/Page_Update Employee Information By Employer/Identification Number'

2018-12-07 16:10:29 - [MESSAGE][PASSED] - Text '' is set on object 'Object Repository/Final Object Repo/Page_Update Employee Information By Employer/Identification Number'

2018-12-07 16:10:29 - [TEST_STEP][PASSED] - Statement - rnd = new java.util.Random(): null

2018-12-07 16:10:29 - [TEST_STEP][PASSED] - Statement - snum = rnd.nextInt(899999 + 1) + 100000: null

2018-12-07 16:10:29 - [TEST_STEP][PASSED] - Statement - tnum = rnd.nextInt(899999 + 1) + 100000: null

2018-12-07 16:10:29 - [TEST_STEP][PASSED] - Statement - IC = java.lang.Integer.toString(snum) + java.lang.Integer.toString(tnum): null

2018-12-07 16:10:29 - [TEST_STEP][PASSED] - Statement - out.println(IC): null

2018-12-07 16:10:29 - [TEST_STEP][PASSED] - setText: Text '729443680874' is set on object 'Object Repository/Final Object Repo/Page_Update Employee Information By Employer/Identification Number'

2018-12-07 16:10:29 - [MESSAGE][PASSED] - Text '729443680874' is set on object 'Object Repository/Final Object Repo/Page_Update Employee Information By Employer/Identification Number'

2018-12-07 16:10:29 - [TEST_STEP][PASSED] - click: Object: 'Object Repository/Final Object Repo/Page_Update Employee Information By Employer/Save' is clicked on

2018-12-07 16:10:29 - [MESSAGE][PASSED] - Object: 'Object Repository/Final Object Repo/Page_Update Employee Information By Employer/Save' is clicked on

2018-12-07 16:10:29 - [TEST_STEP][PASSED] - delay: Delayed 5 second(s)

2018-12-07 16:10:34 - [MESSAGE][PASSED] - Delayed 5 second(s)

2018-12-07 16:10:34 - [TEST_STEP][PASSED] - Statement - CaseReferenceNo = com.kms.katalon.core.webui.keyword.WebUiBuiltInKeywords.getText(com.kms.katalon.core.testobject.ObjectRepository.findTestObject(Final Object Repo/Reference Number/Reference Number in Update Employee Information Page)): Text of object 'Object Repository/Final Object Repo/Reference Number/Reference Number in Update Employee Information Page' is: 'CUN122018C100005904'

2018-12-07 16:10:35 - [MESSAGE][PASSED] - Text of object 'Object Repository/Final Object Repo/Reference Number/Reference Number in Update Employee Information Page' is: 'CUN122018C100005904'

2018-12-07 16:10:35 - [TEST_STEP][PASSED] - callTestCase: Call Test Case 'Test Cases/Final Aug 2018 - PKS Automation/Common/Reference Number Setter' successfully

2018-12-07 16:10:35 - [TEST_CASE][PASSED] - Test Cases/Final Aug 2018 - PKS Automation/Common/Reference Number Setter: Test Cases/Final Aug 2018 - PKS Automation/Common/Reference Number Setter

2018-12-07 16:10:35 - [TEST_STEP][PASSED] - Statement - RefNoOldFile = new java.io.File(C://Users//Admin//Desktop//PKS//Automation Reference Point//KatalonReference.txt): null

2018-12-07 16:10:35 - [TEST_STEP][PASSED] - Statement - RefNoOldFile.delete(): null

2018-12-07 16:10:35 - [TEST_STEP][PASSED] - delay: Delayed 5 second(s)

2018-12-07 16:10:40 - [MESSAGE][PASSED] - Delayed 5 second(s)

2018-12-07 16:10:40 - [TEST_STEP][PASSED] - Statement - RefNo = new java.io.File(C://Users//Admin//Desktop//PKS//Automation Reference Point//KatalonReference.txt): null

2018-12-07 16:10:40 - [TEST_STEP][PASSED] - Statement - f2 = new java.io.FileWriter(RefNo, false): null

2018-12-07 16:10:40 - [TEST_STEP][PASSED] - Statement - f2.write(CaseReferenceNo): null

2018-12-07 16:10:40 - [TEST_STEP][PASSED] - Statement - f2.close(): null

2018-12-07 16:10:40 - [TEST_STEP][PASSED] - Statement - out.println("


" + CaseReferenceNo + "


"): null

2018-12-07 16:10:40 - [MESSAGE][PASSED] - Call Test Case 'Test Cases/Final Aug 2018 - PKS Automation/Common/Reference Number Setter' successfully

2018-12-07 16:10:40 - [TEST_STEP][PASSED] - delay: Delayed 5 second(s)

2018-12-07 16:10:45 - [MESSAGE][PASSED] - Delayed 5 second(s)

2018-12-07 16:10:45 - [TEST_STEP][PASSED] - click: Object: 'Object Repository/Final Object Repo/Page_Update Employee Information By Employer/Save  Continue in  Employee Information Page' is clicked on

2018-12-07 16:10:45 - [MESSAGE][PASSED] - Object: 'Object Repository/Final Object Repo/Page_Update Employee Information By Employer/Save  Continue in  Employee Information Page' is clicked on

2018-12-07 16:10:45 - [TEST_STEP][PASSED] - delay: Delayed 5 second(s)

2018-12-07 16:10:50 - [MESSAGE][PASSED] - Delayed 5 second(s)

2018-12-07 16:10:50 - [TEST_STEP][PASSED] - click: Object: 'Object Repository/Final Object Repo/Page_Update Employee Information By Employer/Save  Continue in Uploading Page 1' is clicked on

2018-12-07 16:10:50 - [MESSAGE][PASSED] - Object: 'Object Repository/Final Object Repo/Page_Update Employee Information By Employer/Save  Continue in Uploading Page 1' is clicked on

2018-12-07 16:10:50 - [TEST_STEP][PASSED] - delay: Delayed 5 second(s)

2018-12-07 16:10:55 - [MESSAGE][PASSED] - Delayed 5 second(s)

2018-12-07 16:10:55 - [TEST_STEP][PASSED] - click: Object: 'Object Repository/Final Object Repo/Page_Update Employee Information By Employer/Submit' is clicked on

2018-12-07 16:10:55 - [MESSAGE][PASSED] - Object: 'Object Repository/Final Object Repo/Page_Update Employee Information By Employer/Submit' is clicked on

2018-12-07 16:10:55 - [TEST_STEP][PASSED] - delay: Delayed 5 second(s)

2018-12-07 16:11:00 - [MESSAGE][PASSED] - Delayed 5 second(s)

2018-12-07 16:11:00 - [TEST_STEP][PASSED] - click: Object: 'Object Repository/Final Object Repo/Page_Update Employee Information By Employer/Confirm' is clicked on

2018-12-07 16:11:01 - [MESSAGE][PASSED] - Object: 'Object Repository/Final Object Repo/Page_Update Employee Information By Employer/Confirm' is clicked on

2018-12-07 16:11:01 - [TEST_STEP][PASSED] - delay: Delayed 5 second(s)

2018-12-07 16:11:06 - [MESSAGE][PASSED] - Delayed 5 second(s)

2018-12-07 16:11:06 - [TEST_STEP][PASSED] - verifyElementVisible: Object 'Object Repository/Final Object Repo/Page_Update Employee Information By Employer/Successfull Message Routed to UO' is visible

2018-12-07 16:11:06 - [MESSAGE][PASSED] - Object 'Object Repository/Final Object Repo/Page_Update Employee Information By Employer/Successfull Message Routed to UO' is visible

2018-12-07 16:11:06 - [MESSAGE][PASSED] - Call Test Case 'Test Cases/Final Aug 2018 - PKS Automation/Registration Module/Workflow/Update Employee Information (Employer)/Template/Update Employer Information - Special Case (OTC)' successfully

2018-12-07 16:11:06 - [TEST_STEP][PASSED] - callTestCase: Call Test Case 'Test Cases/Final Aug 2018 - PKS Automation/Registration Module/Workflow/Update Employee Information (Employer)/Template/Update Employee Information - Special Case - UO(Query)' successfully

2018-12-07 16:11:06 - [TEST_CASE][PASSED] - Test Cases/Final Aug 2018 - PKS Automation/Registration Module/Workflow/Update Employee Information (Employer)/Template/Update Employee Information - Special Case - UO(Query): Test Cases/Final Aug 2018 - PKS Automation/Registration Module/Workflow/Update Employee Information (Employer)/Template/Update Employee Information - Special Case - UO(Query)

2018-12-07 16:11:06 - [TEST_STEP][NOT_RUN] - callTestCase: NOT_RUN: callTestCase

2018-12-07 16:11:06 - [MESSAGE][NOT_RUN] - NOT_RUN: callTestCase

2018-12-07 16:11:06 - [TEST_STEP][PASSED] - delay: Delayed 2 second(s)

2018-12-07 16:11:08 - [MESSAGE][PASSED] - Delayed 2 second(s)

2018-12-07 16:11:08 - [TEST_STEP][PASSED] - navigateToUrl: Navigate to 'https://assist2-uat.perkeso.gov.my/c/portal/logout' successfully

2018-12-07 16:11:09 - [MESSAGE][PASSED] - Navigate to 'https://assist2-uat.perkeso.gov.my/c/portal/logout' successfully

2018-12-07 16:11:09 - [TEST_STEP][PASSED] - delay: Delayed 2 second(s)

2018-12-07 16:11:11 - [MESSAGE][PASSED] - Delayed 2 second(s)

2018-12-07 16:11:11 - [TEST_STEP][PASSED] - callTestCase: Call Test Case 'Test Cases/Final Aug 2018 - PKS Automation/Common/Reference Number Getter' successfully

2018-12-07 16:11:11 - [TEST_CASE][PASSED] - Test Cases/Final Aug 2018 - PKS Automation/Common/Reference Number Getter: Test Cases/Final Aug 2018 - PKS Automation/Common/Reference Number Getter

2018-12-07 16:11:11 - [TEST_STEP][PASSED] - Statement - Try: null

2018-12-07 16:11:11 - [TEST_STEP][PASSED] - Statement - RefNo = new java.io.File(C://Users//Admin//Desktop//PKS//Automation Reference Point//KatalonReference.txt): null

2018-12-07 16:11:11 - [TEST_STEP][PASSED] - Statement - bufferread = new java.io.BufferedReader(new java.io.FileReader(RefNo)): null

2018-12-07 16:11:11 - [TEST_STEP][PASSED] - Statement - readedVal = bufferread.readLine(): null

2018-12-07 16:11:11 - [TEST_STEP][PASSED] - Statement - out.println(CaseReferenceNo): null

2018-12-07 16:11:11 - [TEST_STEP][PASSED] - Statement - out.println(readedVal): null

2018-12-07 16:11:11 - [TEST_STEP][PASSED] - Statement - CaseReferenceNo = "": null

2018-12-07 16:11:11 - [TEST_STEP][PASSED] - Statement - CaseReferenceNo = readedVal: null

2018-12-07 16:11:11 - [MESSAGE][PASSED] - Call Test Case 'Test Cases/Final Aug 2018 - PKS Automation/Common/Reference Number Getter' successfully

2018-12-07 16:11:11 - [TEST_STEP][PASSED] - callTestCase: Call Test Case 'Test Cases/Final Aug 2018 - PKS Automation/Common/Workflow Owner Finder' successfully

2018-12-07 16:11:11 - [TEST_CASE][PASSED] - Test Cases/Final Aug 2018 - PKS Automation/Common/Workflow Owner Finder: Test Cases/Final Aug 2018 - PKS Automation/Common/Workflow Owner Finder

2018-12-07 16:11:11 - [TEST_STEP][PASSED] - openBrowser: Browser is opened with url: ''

2018-12-07 16:11:11 - [MESSAGE][WARNING] - A browser is already opened. Closing browser and opening a new one

2018-12-07 16:11:14 - [MESSAGE][PASSED] - Browser is opened with url: ''

2018-12-07 16:11:14 - [TEST_STEP][PASSED] - navigateToUrl: Navigate to 'https://assist2-uat.perkeso.gov.my/login' successfully

2018-12-07 16:11:15 - [MESSAGE][PASSED] - Navigate to 'https://assist2-uat.perkeso.gov.my/login' successfully

2018-12-07 16:11:15 - [TEST_STEP][PASSED] - delay: Delayed 5 second(s)

2018-12-07 16:11:20 - [MESSAGE][PASSED] - Delayed 5 second(s)

2018-12-07 16:11:20 - [TEST_STEP][PASSED] - setText: Text 'test@liferay.com' is set on object 'Object Repository/Final Object Repo/Login Page/Internal User/Email Address'

2018-12-07 16:11:20 - [MESSAGE][PASSED] - Text 'test@liferay.com' is set on object 'Object Repository/Final Object Repo/Login Page/Internal User/Email Address'

2018-12-07 16:11:20 - [TEST_STEP][PASSED] - click: Object: 'Object Repository/Final Object Repo/Login Page/Internal User/Next Button' is clicked on

2018-12-07 16:11:20 - [MESSAGE][PASSED] - Object: 'Object Repository/Final Object Repo/Login Page/Internal User/Next Button' is clicked on

2018-12-07 16:11:20 - [TEST_STEP][PASSED] - delay: Delayed 2 second(s)

2018-12-07 16:11:22 - [MESSAGE][PASSED] - Delayed 2 second(s)

2018-12-07 16:11:22 - [TEST_STEP][PASSED] - setText: Text 'test' is set on object 'Object Repository/Final Object Repo/Login Page/Internal User/Password'

2018-12-07 16:11:22 - [MESSAGE][PASSED] - Text 'test' is set on object 'Object Repository/Final Object Repo/Login Page/Internal User/Password'

2018-12-07 16:11:22 - [TEST_STEP][PASSED] - delay: Delayed 2 second(s)

2018-12-07 16:11:24 - [MESSAGE][PASSED] - Delayed 2 second(s)

2018-12-07 16:11:24 - [TEST_STEP][PASSED] - click: Object: 'Object Repository/Final Object Repo/Login Page/Internal User/Login Button' is clicked on

2018-12-07 16:11:25 - [MESSAGE][PASSED] - Object: 'Object Repository/Final Object Repo/Login Page/Internal User/Login Button' is clicked on

2018-12-07 16:11:25 - [TEST_STEP][PASSED] - Statement - tester = com.kms.katalon.core.testobject.ObjectRepository.findTestObject(Final Object Repo/Landing Page/Select to English): Finding Test Object with id 'Object Repository/Final Object Repo/Landing Page/Select to English'

2018-12-07 16:11:25 - [TEST_STEP][PASSED] - Statement - Try: Delayed 2 second(s)

2018-12-07 16:11:25 - [TEST_STEP][PASSED] - Statement - Checker = com.kms.katalon.core.webui.keyword.WebUiBuiltInKeywords.verifyElementNotPresent(tester, 3): Web element with id: 'Object Repository/Final Object Repo/Landing Page/Select to English' located by 'By.xpath: //a[@class = 'taglib-language-list-text' and @lang = 'en-US' and (contains(text(), 'EN') or contains(., 'EN'))]' is not present after '3' second(s)

2018-12-07 16:11:27 - [MESSAGE][PASSED] - Web element with id: 'Object Repository/Final Object Repo/Landing Page/Select to English' located by 'By.xpath: //a[@class = 'taglib-language-list-text' and @lang = 'en-US' and (contains(text(), 'EN') or contains(., 'EN'))]' is not present after '3' second(s)

2018-12-07 16:11:27 - [TEST_STEP][PASSED] - Statement - If (Checker == false): null

2018-12-07 16:11:27 - [TEST_STEP][PASSED] - delay: Delayed 2 second(s)

2018-12-07 16:11:29 - [MESSAGE][PASSED] - Delayed 2 second(s)

2018-12-07 16:11:29 - [TEST_STEP][PASSED] - delay: Delayed 5 second(s)

2018-12-07 16:11:34 - [MESSAGE][PASSED] - Delayed 5 second(s)

2018-12-07 16:11:34 - [TEST_STEP][PASSED] - mouseOver: Object: 'Object Repository/Final Object Repo/Landing Page/WorkFlow Menu' is hovered

2018-12-07 16:11:34 - [MESSAGE][PASSED] - Object: 'Object Repository/Final Object Repo/Landing Page/WorkFlow Menu' is hovered

2018-12-07 16:11:34 - [TEST_STEP][PASSED] - delay: Delayed 2 second(s)

2018-12-07 16:11:36 - [MESSAGE][PASSED] - Delayed 2 second(s)

2018-12-07 16:11:36 - [TEST_STEP][PASSED] - click: Object: 'Object Repository/Final Object Repo/Landing Page/Select to Workflow Listing' is clicked on

2018-12-07 16:11:37 - [MESSAGE][PASSED] - Object: 'Object Repository/Final Object Repo/Landing Page/Select to Workflow Listing' is clicked on

2018-12-07 16:11:37 - [TEST_STEP][PASSED] - delay: Delayed 2 second(s)

2018-12-07 16:11:39 - [MESSAGE][PASSED] - Delayed 2 second(s)

2018-12-07 16:11:39 - [TEST_STEP][PASSED] - click: Object: 'Object Repository/Final Object Repo/WorkFlow Listing Page/Search Information - To Put Ref No' is clicked on

2018-12-07 16:11:39 - [MESSAGE][PASSED] - Object: 'Object Repository/Final Object Repo/WorkFlow Listing Page/Search Information - To Put Ref No' is clicked on

2018-12-07 16:11:39 - [TEST_STEP][PASSED] - delay: Delayed 2 second(s)

2018-12-07 16:11:41 - [MESSAGE][PASSED] - Delayed 2 second(s)

2018-12-07 16:11:41 - [TEST_STEP][PASSED] - callTestCase: Call Test Case 'Test Cases/Final Aug 2018 - PKS Automation/Common/Reference Number Getter' successfully

2018-12-07 16:11:41 - [TEST_CASE][PASSED] - Test Cases/Final Aug 2018 - PKS Automation/Common/Reference Number Getter: Test Cases/Final Aug 2018 - PKS Automation/Common/Reference Number Getter

2018-12-07 16:11:41 - [TEST_STEP][PASSED] - Statement - Try: null

2018-12-07 16:11:41 - [TEST_STEP][PASSED] - Statement - RefNo = new java.io.File(C://Users//Admin//Desktop//PKS//Automation Reference Point//KatalonReference.txt): null

2018-12-07 16:11:41 - [TEST_STEP][PASSED] - Statement - bufferread = new java.io.BufferedReader(new java.io.FileReader(RefNo)): null

2018-12-07 16:11:41 - [TEST_STEP][PASSED] - Statement - readedVal = bufferread.readLine(): null

2018-12-07 16:11:41 - [TEST_STEP][PASSED] - Statement - out.println(CaseReferenceNo): null

2018-12-07 16:11:41 - [TEST_STEP][PASSED] - Statement - out.println(readedVal): null

2018-12-07 16:11:41 - [TEST_STEP][PASSED] - Statement - CaseReferenceNo = "": null

2018-12-07 16:11:41 - [TEST_STEP][PASSED] - Statement - CaseReferenceNo = readedVal: null

2018-12-07 16:11:41 - [MESSAGE][PASSED] - Call Test Case 'Test Cases/Final Aug 2018 - PKS Automation/Common/Reference Number Getter' successfully

2018-12-07 16:11:41 - [TEST_STEP][PASSED] - setText: Text 'CUN122018C100005904' is set on object 'Object Repository/Final Object Repo/WorkFlow Listing Page/Ref No Set Text'

2018-12-07 16:11:42 - [MESSAGE][PASSED] - Text 'CUN122018C100005904' is set on object 'Object Repository/Final Object Repo/WorkFlow Listing Page/Ref No Set Text'

2018-12-07 16:11:42 - [TEST_STEP][PASSED] - delay: Delayed 2 second(s)

2018-12-07 16:11:44 - [MESSAGE][PASSED] - Delayed 2 second(s)

2018-12-07 16:11:44 - [TEST_STEP][PASSED] - click: Object: 'Object Repository/Final Object Repo/WorkFlow Listing Page/Search Ref No Search Button' is clicked on

2018-12-07 16:11:44 - [MESSAGE][PASSED] - Object: 'Object Repository/Final Object Repo/WorkFlow Listing Page/Search Ref No Search Button' is clicked on

2018-12-07 16:11:44 - [TEST_STEP][PASSED] - delay: Delayed 6 second(s)

2018-12-07 16:11:50 - [MESSAGE][PASSED] - Delayed 6 second(s)

2018-12-07 16:11:50 - [TEST_STEP][PASSED] - click: Object: 'Object Repository/Final Object Repo/WorkFlow Listing Page/Click Continue Tooltip' is clicked on

2018-12-07 16:11:51 - [MESSAGE][PASSED] - Object: 'Object Repository/Final Object Repo/WorkFlow Listing Page/Click Continue Tooltip' is clicked on

2018-12-07 16:11:51 - [TEST_STEP][PASSED] - delay: Delayed 5 second(s)

2018-12-07 16:11:56 - [MESSAGE][PASSED] - Delayed 5 second(s)

2018-12-07 16:11:56 - [TEST_STEP][PASSED] - doubleClick: Object: 'Object Repository/Final Object Repo/WorkFlow Listing Page/Workflow Found - Listing 1' is double clicked on

2018-12-07 16:11:56 - [MESSAGE][PASSED] - Object: 'Object Repository/Final Object Repo/WorkFlow Listing Page/Workflow Found - Listing 1' is double clicked on

2018-12-07 16:11:56 - [TEST_STEP][PASSED] - Statement - println(OwnerID): null

2018-12-07 16:11:56 - [TEST_STEP][PASSED] - Statement - OwnerID = com.kms.katalon.core.webui.keyword.WebUiBuiltInKeywords.getText(com.kms.katalon.core.testobject.ObjectRepository.findTestObject(Final Object Repo/WorkFlow Listing Page/Workflow Found - Listing 1), STOP_ON_FAILURE): Text of object 'Object Repository/Final Object Repo/WorkFlow Listing Page/Workflow Found - Listing 1' is: 'JOHORuo2'

2018-12-07 16:11:56 - [MESSAGE][PASSED] - Text of object 'Object Repository/Final Object Repo/WorkFlow Listing Page/Workflow Found - Listing 1' is: 'JOHORuo2'

2018-12-07 16:11:56 - [TEST_STEP][PASSED] - Statement - OwnerID = OwnerID.toLowerCase() + "@gmail.com": null

2018-12-07 16:11:56 - [TEST_STEP][PASSED] - Statement - println(OwnerID): null

2018-12-07 16:11:56 - [TEST_STEP][PASSED] - delay: Delayed 2 second(s)

2018-12-07 16:11:58 - [MESSAGE][PASSED] - Delayed 2 second(s)

2018-12-07 16:11:58 - [MESSAGE][PASSED] - Call Test Case 'Test Cases/Final Aug 2018 - PKS Automation/Common/Workflow Owner Finder' successfully

2018-12-07 16:11:58 - [TEST_STEP][PASSED] - delay: Delayed 2 second(s)

2018-12-07 16:12:00 - [MESSAGE][PASSED] - Delayed 2 second(s)

2018-12-07 16:12:00 - [TEST_STEP][PASSED] - navigateToUrl: Navigate to 'https://assist2-uat.perkeso.gov.my/c/portal/logout' successfully

2018-12-07 16:12:01 - [MESSAGE][PASSED] - Navigate to 'https://assist2-uat.perkeso.gov.my/c/portal/logout' successfully

2018-12-07 16:12:01 - [TEST_STEP][PASSED] - delay: Delayed 2 second(s)

2018-12-07 16:12:03 - [MESSAGE][PASSED] - Delayed 2 second(s)

2018-12-07 16:12:03 - [TEST_STEP][PASSED] - callTestCase: Call Test Case 'Test Cases/Final Aug 2018 - PKS Automation/Registration Module/Workflow/Login and Search Case For Workflow' successfully

2018-12-07 16:12:03 - [TEST_CASE][PASSED] - Test Cases/Final Aug 2018 - PKS Automation/Registration Module/Workflow/Login and Search Case For Workflow: Test Cases/Final Aug 2018 - PKS Automation/Registration Module/Workflow/Login and Search Case For Workflow

2018-12-07 16:12:03 - [TEST_STEP][PASSED] - navigateToUrl: Navigate to 'https://assist2-uat.perkeso.gov.my/login' successfully

2018-12-07 16:12:04 - [MESSAGE][PASSED] - Navigate to 'https://assist2-uat.perkeso.gov.my/login' successfully

2018-12-07 16:12:04 - [TEST_STEP][PASSED] - setText: Text 'johoruo2@gmail.com' is set on object 'Object Repository/Final Object Repo/Login Page/Internal User/Email Address'

2018-12-07 16:12:04 - [MESSAGE][PASSED] - Text 'johoruo2@gmail.com' is set on object 'Object Repository/Final Object Repo/Login Page/Internal User/Email Address'

2018-12-07 16:12:04 - [TEST_STEP][PASSED] - click: Object: 'Object Repository/Final Object Repo/Login Page/Internal User/Next Button' is clicked on

2018-12-07 16:12:04 - [MESSAGE][PASSED] - Object: 'Object Repository/Final Object Repo/Login Page/Internal User/Next Button' is clicked on

2018-12-07 16:12:04 - [TEST_STEP][PASSED] - delay: Delayed 1 second(s)

2018-12-07 16:12:05 - [MESSAGE][PASSED] - Delayed 1 second(s)

2018-12-07 16:12:05 - [TEST_STEP][PASSED] - setEncryptedText: Text ****** has been set on object 'Object Repository/Final Object Repo/Login Page/Internal User/Password'

2018-12-07 16:12:06 - [MESSAGE][PASSED] - Text ****** has been set on object 'Object Repository/Final Object Repo/Login Page/Internal User/Password'

2018-12-07 16:12:06 - [TEST_STEP][PASSED] - click: Object: 'Object Repository/Final Object Repo/Login Page/Internal User/Login Button' is clicked on

2018-12-07 16:12:06 - [MESSAGE][PASSED] - Object: 'Object Repository/Final Object Repo/Login Page/Internal User/Login Button' is clicked on

2018-12-07 16:12:06 - [TEST_STEP][PASSED] - delay: Delayed 2 second(s)

2018-12-07 16:12:08 - [MESSAGE][PASSED] - Delayed 2 second(s)

2018-12-07 16:12:08 - [TEST_STEP][PASSED] - Statement - Try: Delayed 2 second(s)

2018-12-07 16:12:08 - [TEST_STEP][PASSED] - Statement - Checker = false: null

2018-12-07 16:12:08 - [TEST_STEP][PASSED] - Statement - Checker = com.kms.katalon.core.webui.keyword.WebUiBuiltInKeywords.verifyElementHasAttribute(com.kms.katalon.core.testobject.ObjectRepository.findTestObject(Final Object Repo/Landing Page/BM Detecting), "href", 20, OPTIONAL): Object 'Object Repository/Final Object Repo/Landing Page/BM Detecting' has attribute 'href'

2018-12-07 16:12:08 - [MESSAGE][PASSED] - Object 'Object Repository/Final Object Repo/Landing Page/BM Detecting' has attribute 'href'

2018-12-07 16:12:08 - [TEST_STEP][PASSED] - Statement - out.println(Checker): null

2018-12-07 16:12:08 - [TEST_STEP][PASSED] - Statement - If (Checker == false): null

2018-12-07 16:12:08 - [TEST_STEP][PASSED] - Statement - Else: null

2018-12-07 16:12:08 - [TEST_STEP][PASSED] - delay: Delayed 2 second(s)

2018-12-07 16:12:10 - [MESSAGE][PASSED] - Delayed 2 second(s)

2018-12-07 16:12:10 - [TEST_STEP][PASSED] - click: Object: 'Object Repository/Final Object Repo/Page_MyASSIST - ASSIST - Search Pending Case For Add Supporting Document/Search Information' is clicked on

2018-12-07 16:12:10 - [MESSAGE][PASSED] - Object: 'Object Repository/Final Object Repo/Page_MyASSIST - ASSIST - Search Pending Case For Add Supporting Document/Search Information' is clicked on

2018-12-07 16:12:10 - [TEST_STEP][PASSED] - delay: Delayed 3 second(s)

2018-12-07 16:12:13 - [MESSAGE][PASSED] - Delayed 3 second(s)

2018-12-07 16:12:13 - [TEST_STEP][PASSED] - sendKeys: Keys 'CUN122018C100005904' sent to object: 'Object Repository/Final Object Repo/Page_MyASSIST - ASSIST - Search Pending Case For Add Supporting Document/Reference No'

2018-12-07 16:12:13 - [MESSAGE][PASSED] - Keys 'CUN122018C100005904' sent to object: 'Object Repository/Final Object Repo/Page_MyASSIST - ASSIST - Search Pending Case For Add Supporting Document/Reference No'

2018-12-07 16:12:13 - [TEST_STEP][PASSED] - click: Object: 'Object Repository/Final Object Repo/Page_MyASSIST - ASSIST - Search Pending Case For Add Supporting Document/Search Reference No' is clicked on

2018-12-07 16:12:14 - [MESSAGE][PASSED] - Object: 'Object Repository/Final Object Repo/Page_MyASSIST - ASSIST - Search Pending Case For Add Supporting Document/Search Reference No' is clicked on

2018-12-07 16:12:14 - [TEST_STEP][PASSED] - delay: Delayed 2 second(s)

2018-12-07 16:12:16 - [MESSAGE][PASSED] - Delayed 2 second(s)

2018-12-07 16:12:16 - [TEST_STEP][PASSED] - click: Object: 'Object Repository/Final Object Repo/Page_MyASSIST - ASSIST - Search Pending Case For Add Supporting Document/Continue' is clicked on

2018-12-07 16:12:19 - [MESSAGE][PASSED] - Object: 'Object Repository/Final Object Repo/Page_MyASSIST - ASSIST - Search Pending Case For Add Supporting Document/Continue' is clicked on

2018-12-07 16:12:19 - [TEST_STEP][PASSED] - delay: Delayed 20 second(s)

2018-12-07 16:12:39 - [MESSAGE][PASSED] - Delayed 20 second(s)

2018-12-07 16:12:39 - [MESSAGE][PASSED] - Call Test Case 'Test Cases/Final Aug 2018 - PKS Automation/Registration Module/Workflow/Login and Search Case For Workflow' successfully

2018-12-07 16:12:39 - [TEST_STEP][PASSED] - delay: Delayed 2 second(s)

2018-12-07 16:12:41 - [MESSAGE][PASSED] - Delayed 2 second(s)

2018-12-07 16:12:41 - [TEST_STEP][PASSED] - click: Object: 'Object Repository/Final Object Repo/Page_Update Employee Information By Employer/Page_Update Employee Information by Employer (Approve)/Continue' is clicked on

2018-12-07 16:12:45 - [MESSAGE][PASSED] - Object: 'Object Repository/Final Object Repo/Page_Update Employee Information By Employer/Page_Update Employee Information by Employer (Approve)/Continue' is clicked on

2018-12-07 16:12:45 - [TEST_STEP][PASSED] - delay: Delayed 2 second(s)

2018-12-07 16:12:47 - [MESSAGE][PASSED] - Delayed 2 second(s)

2018-12-07 16:12:47 - [TEST_STEP][PASSED] - click: Object: 'Object Repository/Final Object Repo/Page_Update Employee Information By Employer/Page_Update Employee Information by Employer (Approve)/Save  Continue in Update Employee Information Page' is clicked on

2018-12-07 16:12:47 - [MESSAGE][PASSED] - Object: 'Object Repository/Final Object Repo/Page_Update Employee Information By Employer/Page_Update Employee Information by Employer (Approve)/Save  Continue in Update Employee Information Page' is clicked on

2018-12-07 16:12:47 - [TEST_STEP][PASSED] - delay: Delayed 4 second(s)

2018-12-07 16:12:51 - [MESSAGE][PASSED] - Delayed 4 second(s)

2018-12-07 16:12:51 - [TEST_STEP][PASSED] - setText: Text 'Query' is set on object 'Object Repository/Final Object Repo/Page_Update Employee Information By Employer/Page_Update Employee Information by Employer (Query)/Remark'

2018-12-07 16:12:51 - [MESSAGE][PASSED] - Text 'Query' is set on object 'Object Repository/Final Object Repo/Page_Update Employee Information By Employer/Page_Update Employee Information by Employer (Query)/Remark'

2018-12-07 16:12:51 - [TEST_STEP][PASSED] - delay: Delayed 2 second(s)

2018-12-07 16:12:53 - [MESSAGE][PASSED] - Delayed 2 second(s)

2018-12-07 16:12:53 - [TEST_STEP][PASSED] - click: Object: 'Object Repository/Final Object Repo/Page_Update Employee Information By Employer/Page_Update Employee Information by Employer (Approve)/Save  Continue in Upload Supporting Doucument Page' is clicked on

2018-12-07 16:12:54 - [MESSAGE][PASSED] - Object: 'Object Repository/Final Object Repo/Page_Update Employee Information By Employer/Page_Update Employee Information by Employer (Approve)/Save  Continue in Upload Supporting Doucument Page' is clicked on

2018-12-07 16:12:54 - [TEST_STEP][PASSED] - delay: Delayed 2 second(s)

2018-12-07 16:12:56 - [MESSAGE][PASSED] - Delayed 2 second(s)

2018-12-07 16:12:56 - [TEST_STEP][PASSED] - click: Object: 'Object Repository/Final Object Repo/Page_Update Employee Information By Employer/Page_Update Employee Information by Employer (Query)/Query' is clicked on

2018-12-07 16:12:57 - [MESSAGE][PASSED] - Object: 'Object Repository/Final Object Repo/Page_Update Employee Information By Employer/Page_Update Employee Information by Employer (Query)/Query' is clicked on

2018-12-07 16:12:57 - [TEST_STEP][PASSED] - delay: Delayed 2 second(s)

2018-12-07 16:12:59 - [MESSAGE][PASSED] - Delayed 2 second(s)

2018-12-07 16:12:59 - [TEST_STEP][PASSED] - click: Object: 'Object Repository/Final Object Repo/Page_Update Employee Information By Employer/Page_Update Employee Information by Employer (Approve)/Confirm' is clicked on

2018-12-07 16:13:00 - [MESSAGE][PASSED] - Object: 'Object Repository/Final Object Repo/Page_Update Employee Information By Employer/Page_Update Employee Information by Employer (Approve)/Confirm' is clicked on

2018-12-07 16:13:00 - [TEST_STEP][PASSED] - delay: Delayed 2 second(s)

2018-12-07 16:13:02 - [MESSAGE][PASSED] - Delayed 2 second(s)

2018-12-07 16:13:02 - [TEST_STEP][PASSED] - click: Object: 'Object Repository/Final Object Repo/Page_Update Employee Information By Employer/Page_Update Employee Information by Employer (Query)/Query Message The case is Under Query' is clicked on

2018-12-07 16:13:05 - [MESSAGE][PASSED] - Object: 'Object Repository/Final Object Repo/Page_Update Employee Information By Employer/Page_Update Employee Information by Employer (Query)/Query Message The case is Under Query' is clicked on

2018-12-07 16:13:05 - [TEST_STEP][PASSED] - delay: Delayed 2 second(s)

2018-12-07 16:13:07 - [MESSAGE][PASSED] - Delayed 2 second(s)

2018-12-07 16:13:07 - [TEST_STEP][PASSED] - click: Object: 'Object Repository/Final Object Repo/Page_Update Employee Information By Employer/Page_Update Employee Information by Employer (Query)/Letter of inquiry' is clicked on

2018-12-07 16:13:08 - [MESSAGE][PASSED] - Object: 'Object Repository/Final Object Repo/Page_Update Employee Information By Employer/Page_Update Employee Information by Employer (Query)/Letter of inquiry' is clicked on

2018-12-07 16:13:08 - [TEST_STEP][PASSED] - delay: Delayed 1 second(s)

2018-12-07 16:13:09 - [MESSAGE][PASSED] - Delayed 1 second(s)

2018-12-07 16:13:09 - [TEST_STEP][PASSED] - navigateToUrl: Navigate to 'https://assist2-uat.perkeso.gov.my/c/portal/logout' successfully

2018-12-07 16:13:10 - [MESSAGE][PASSED] - Navigate to 'https://assist2-uat.perkeso.gov.my/c/portal/logout' successfully

2018-12-07 16:13:10 - [TEST_STEP][PASSED] - delay: Delayed 1 second(s)

2018-12-07 16:13:11 - [MESSAGE][PASSED] - Delayed 1 second(s)

2018-12-07 16:13:11 - [TEST_STEP][PASSED] - callTestCase: Call Test Case 'Test Cases/Final Aug 2018 - PKS Automation/Registration Module/Workflow/Search Pending Case For Add Supporting Document (OTC)' successfully

2018-12-07 16:13:11 - [TEST_CASE][PASSED] - Test Cases/Final Aug 2018 - PKS Automation/Registration Module/Workflow/Search Pending Case For Add Supporting Document (OTC): Test Cases/Final Aug 2018 - PKS Automation/Registration Module/Workflow/Search Pending Case For Add Supporting Document (OTC)

2018-12-07 16:13:11 - [TEST_STEP][PASSED] - openBrowser: Browser is opened with url: ''

2018-12-07 16:13:11 - [MESSAGE][WARNING] - A browser is already opened. Closing browser and opening a new one

2018-12-07 16:13:14 - [MESSAGE][PASSED] - Browser is opened with url: ''

2018-12-07 16:13:14 - [TEST_STEP][PASSED] - navigateToUrl: Navigate to 'https://assist2-uat.perkeso.gov.my/login' successfully

2018-12-07 16:13:15 - [MESSAGE][PASSED] - Navigate to 'https://assist2-uat.perkeso.gov.my/login' successfully

2018-12-07 16:13:15 - [TEST_STEP][PASSED] - setText: Text 'johorotc1@gmail.com' is set on object 'Object Repository/Final Object Repo/Login Page/Internal User/Email Address'

2018-12-07 16:13:15 - [MESSAGE][PASSED] - Text 'johorotc1@gmail.com' is set on object 'Object Repository/Final Object Repo/Login Page/Internal User/Email Address'

2018-12-07 16:13:15 - [TEST_STEP][PASSED] - click: Object: 'Object Repository/Final Object Repo/Login Page/Internal User/Next Button' is clicked on

2018-12-07 16:13:16 - [MESSAGE][PASSED] - Object: 'Object Repository/Final Object Repo/Login Page/Internal User/Next Button' is clicked on

2018-12-07 16:13:16 - [TEST_STEP][PASSED] - delay: Delayed 1 second(s)

2018-12-07 16:13:17 - [MESSAGE][PASSED] - Delayed 1 second(s)

2018-12-07 16:13:17 - [TEST_STEP][PASSED] - setEncryptedText: Text ****** has been set on object 'Object Repository/Final Object Repo/Login Page/Internal User/Password'

2018-12-07 16:13:17 - [MESSAGE][PASSED] - Text ****** has been set on object 'Object Repository/Final Object Repo/Login Page/Internal User/Password'

2018-12-07 16:13:17 - [TEST_STEP][PASSED] - click: Object: 'Object Repository/Final Object Repo/Login Page/Internal User/Login Button' is clicked on

2018-12-07 16:13:17 - [MESSAGE][PASSED] - Object: 'Object Repository/Final Object Repo/Login Page/Internal User/Login Button' is clicked on

2018-12-07 16:13:17 - [TEST_STEP][PASSED] - delay: Delayed 1 second(s)

2018-12-07 16:13:18 - [MESSAGE][PASSED] - Delayed 1 second(s)

2018-12-07 16:13:18 - [TEST_STEP][PASSED] - Statement - Try: Delayed 2 second(s)

2018-12-07 16:13:18 - [TEST_STEP][PASSED] - Statement - Checker = false: null

2018-12-07 16:13:18 - [TEST_STEP][PASSED] - Statement - Checker = com.kms.katalon.core.webui.keyword.WebUiBuiltInKeywords.verifyElementHasAttribute(com.kms.katalon.core.testobject.ObjectRepository.findTestObject(Final Object Repo/Landing Page/BM Detecting), "href", 20, OPTIONAL): Object 'Object Repository/Final Object Repo/Landing Page/BM Detecting' has attribute 'href'

2018-12-07 16:13:19 - [MESSAGE][PASSED] - Object 'Object Repository/Final Object Repo/Landing Page/BM Detecting' has attribute 'href'

2018-12-07 16:13:19 - [TEST_STEP][PASSED] - Statement - out.println(Checker): null

2018-12-07 16:13:19 - [TEST_STEP][PASSED] - Statement - If (Checker == false): null

2018-12-07 16:13:19 - [TEST_STEP][PASSED] - Statement - Else: null

2018-12-07 16:13:19 - [TEST_STEP][PASSED] - delay: Delayed 2 second(s)

2018-12-07 16:13:21 - [MESSAGE][PASSED] - Delayed 2 second(s)

2018-12-07 16:13:21 - [TEST_STEP][PASSED] - navigateToUrl: Navigate to 'https://assist2-uat.perkeso.gov.my/web/registration/search/search-pending-case-for-add-supporting-document' successfully

2018-12-07 16:13:22 - [MESSAGE][PASSED] - Navigate to 'https://assist2-uat.perkeso.gov.my/web/registration/search/search-pending-case-for-add-supporting-document' successfully

2018-12-07 16:13:22 - [TEST_STEP][PASSED] - click: Object: 'Object Repository/Final Object Repo/Page_Search Pending Case For Add Suporting Document/Search By' is clicked on

2018-12-07 16:13:22 - [MESSAGE][PASSED] - Object: 'Object Repository/Final Object Repo/Page_Search Pending Case For Add Suporting Document/Search By' is clicked on

2018-12-07 16:13:22 - [TEST_STEP][PASSED] - click: Object: 'Object Repository/Final Object Repo/Page_Search Pending Case For Add Suporting Document/Search By - Reference ID' is clicked on

2018-12-07 16:13:23 - [MESSAGE][PASSED] - Object: 'Object Repository/Final Object Repo/Page_Search Pending Case For Add Suporting Document/Search By - Reference ID' is clicked on

2018-12-07 16:13:23 - [TEST_STEP][PASSED] - delay: Delayed 2 second(s)

2018-12-07 16:13:25 - [MESSAGE][PASSED] - Delayed 2 second(s)

2018-12-07 16:13:25 - [TEST_STEP][PASSED] - setText: Text 'CUN122018C100005904' is set on object 'Object Repository/Final Object Repo/Page_Search Pending Case For Add Suporting Document/Reference ID'

2018-12-07 16:13:25 - [MESSAGE][PASSED] - Text 'CUN122018C100005904' is set on object 'Object Repository/Final Object Repo/Page_Search Pending Case For Add Suporting Document/Reference ID'

2018-12-07 16:13:25 - [TEST_STEP][PASSED] - click: Object: 'Object Repository/Final Object Repo/Page_Search Pending Case For Add Suporting Document/Search' is clicked on

2018-12-07 16:13:25 - [MESSAGE][PASSED] - Object: 'Object Repository/Final Object Repo/Page_Search Pending Case For Add Suporting Document/Search' is clicked on

2018-12-07 16:13:25 - [TEST_STEP][PASSED] - delay: Delayed 2 second(s)

2018-12-07 16:13:27 - [MESSAGE][PASSED] - Delayed 2 second(s)

2018-12-07 16:13:27 - [TEST_STEP][PASSED] - click: Object: 'Object Repository/Final Object Repo/Page_Search Pending Case For Add Suporting Document/Edit' is clicked on

2018-12-07 16:13:30 - [MESSAGE][PASSED] - Object: 'Object Repository/Final Object Repo/Page_Search Pending Case For Add Suporting Document/Edit' is clicked on

2018-12-07 16:13:30 - [MESSAGE][PASSED] - Call Test Case 'Test Cases/Final Aug 2018 - PKS Automation/Registration Module/Workflow/Search Pending Case For Add Supporting Document (OTC)' successfully

2018-12-07 16:13:30 - [TEST_STEP][PASSED] - click: Object: 'Object Repository/Final Object Repo/Page_Update Employee Information By Employer/Page_Update Employee Information by Employer (Query -OTC -UO)/Next' is clicked on

2018-12-07 16:13:33 - [MESSAGE][PASSED] - Object: 'Object Repository/Final Object Repo/Page_Update Employee Information By Employer/Page_Update Employee Information by Employer (Query -OTC -UO)/Next' is clicked on

2018-12-07 16:13:33 - [TEST_STEP][PASSED] - delay: Delayed 2 second(s)

2018-12-07 16:13:35 - [MESSAGE][PASSED] - Delayed 2 second(s)

2018-12-07 16:13:35 - [TEST_STEP][PASSED] - click: Object: 'Object Repository/Final Object Repo/Page_Update Employee Information By Employer/Page_Update Employee Information by Employer (Query -OTC -UO)/Add Document Button' is clicked on

2018-12-07 16:13:36 - [MESSAGE][PASSED] - Object: 'Object Repository/Final Object Repo/Page_Update Employee Information By Employer/Page_Update Employee Information by Employer (Query -OTC -UO)/Add Document Button' is clicked on

2018-12-07 16:13:36 - [TEST_STEP][PASSED] - delay: Delayed 5 second(s)

2018-12-07 16:13:41 - [MESSAGE][PASSED] - Delayed 5 second(s)

2018-12-07 16:13:41 - [TEST_STEP][PASSED] - click: Object: 'Object Repository/Final Object Repo/Page_Update Employee Information By Employer/Page_Update Employee Information by Employer (Query -OTC -UO)/Document Type' is clicked on

2018-12-07 16:13:41 - [MESSAGE][PASSED] - Object: 'Object Repository/Final Object Repo/Page_Update Employee Information By Employer/Page_Update Employee Information by Employer (Query -OTC -UO)/Document Type' is clicked on

2018-12-07 16:13:41 - [TEST_STEP][PASSED] - click: Object: 'Object Repository/Final Object Repo/Page_Update Employee Information By Employer/Page_Update Employee Information by Employer (Query -OTC -UO)/Document Type - Other' is clicked on

2018-12-07 16:13:41 - [MESSAGE][PASSED] - Object: 'Object Repository/Final Object Repo/Page_Update Employee Information By Employer/Page_Update Employee Information by Employer (Query -OTC -UO)/Document Type - Other' is clicked on

2018-12-07 16:13:41 - [TEST_STEP][PASSED] - sendKeys: Keys 'C:\Users\Public\Pictures\Sample Pictures\Koala.jpg' sent to object: 'Object Repository/Final Object Repo/Page_Update Employee Information By Employer/Page_Update Employee Information by Employer (Query -OTC -UO)/Upload File'

2018-12-07 16:13:41 - [MESSAGE][PASSED] - Keys 'C:\Users\Public\Pictures\Sample Pictures\Koala.jpg' sent to object: 'Object Repository/Final Object Repo/Page_Update Employee Information By Employer/Page_Update Employee Information by Employer (Query -OTC -UO)/Upload File'

2018-12-07 16:13:41 - [TEST_STEP][PASSED] - click: Object: 'Object Repository/Final Object Repo/Page_Update Employee Information By Employer/Page_Update Employee Information by Employer (Query -OTC -UO)/Add Document' is clicked on

2018-12-07 16:13:41 - [MESSAGE][PASSED] - Object: 'Object Repository/Final Object Repo/Page_Update Employee Information By Employer/Page_Update Employee Information by Employer (Query -OTC -UO)/Add Document' is clicked on

2018-12-07 16:13:41 - [TEST_STEP][PASSED] - delay: Delayed 2 second(s)

2018-12-07 16:13:43 - [MESSAGE][PASSED] - Delayed 2 second(s)

2018-12-07 16:13:43 - [TEST_STEP][PASSED] - click: Object: 'Object Repository/Final Object Repo/Page_Update Employee Information By Employer/Page_Update Employee Information by Employer (Query -OTC -UO)/Exit' is clicked on

2018-12-07 16:13:46 - [MESSAGE][PASSED] - Object: 'Object Repository/Final Object Repo/Page_Update Employee Information By Employer/Page_Update Employee Information by Employer (Query -OTC -UO)/Exit' is clicked on

2018-12-07 16:13:46 - [TEST_STEP][PASSED] - delay: Delayed 2 second(s)

2018-12-07 16:13:48 - [MESSAGE][PASSED] - Delayed 2 second(s)

2018-12-07 16:13:48 - [TEST_STEP][PASSED] - navigateToUrl: Navigate to 'https://assist2-uat.perkeso.gov.my/c/portal/logout' successfully

2018-12-07 16:13:49 - [MESSAGE][PASSED] - Navigate to 'https://assist2-uat.perkeso.gov.my/c/portal/logout' successfully

2018-12-07 16:13:49 - [TEST_STEP][PASSED] - delay: Delayed 2 second(s)

2018-12-07 16:13:51 - [MESSAGE][PASSED] - Delayed 2 second(s)

2018-12-07 16:13:51 - [TEST_STEP][PASSED] - callTestCase: Call Test Case 'Test Cases/Final Aug 2018 - PKS Automation/Registration Module/Workflow/Login and Search Case For Workflow' successfully

2018-12-07 16:13:51 - [TEST_CASE][PASSED] - Test Cases/Final Aug 2018 - PKS Automation/Registration Module/Workflow/Login and Search Case For Workflow: Test Cases/Final Aug 2018 - PKS Automation/Registration Module/Workflow/Login and Search Case For Workflow

2018-12-07 16:13:51 - [TEST_STEP][PASSED] - navigateToUrl: Navigate to 'https://assist2-uat.perkeso.gov.my/login' successfully

2018-12-07 16:13:52 - [MESSAGE][PASSED] - Navigate to 'https://assist2-uat.perkeso.gov.my/login' successfully

2018-12-07 16:13:52 - [TEST_STEP][PASSED] - setText: Text 'johoruo2@gmail.com' is set on object 'Object Repository/Final Object Repo/Login Page/Internal User/Email Address'

2018-12-07 16:13:52 - [MESSAGE][PASSED] - Text 'johoruo2@gmail.com' is set on object 'Object Repository/Final Object Repo/Login Page/Internal User/Email Address'

2018-12-07 16:13:52 - [TEST_STEP][PASSED] - click: Object: 'Object Repository/Final Object Repo/Login Page/Internal User/Next Button' is clicked on

2018-12-07 16:13:52 - [MESSAGE][PASSED] - Object: 'Object Repository/Final Object Repo/Login Page/Internal User/Next Button' is clicked on

2018-12-07 16:13:52 - [TEST_STEP][PASSED] - delay: Delayed 1 second(s)

2018-12-07 16:13:53 - [MESSAGE][PASSED] - Delayed 1 second(s)

2018-12-07 16:13:53 - [TEST_STEP][PASSED] - setEncryptedText: Text ****** has been set on object 'Object Repository/Final Object Repo/Login Page/Internal User/Password'

2018-12-07 16:13:53 - [MESSAGE][PASSED] - Text ****** has been set on object 'Object Repository/Final Object Repo/Login Page/Internal User/Password'

2018-12-07 16:13:53 - [TEST_STEP][PASSED] - click: Object: 'Object Repository/Final Object Repo/Login Page/Internal User/Login Button' is clicked on

2018-12-07 16:13:54 - [MESSAGE][PASSED] - Object: 'Object Repository/Final Object Repo/Login Page/Internal User/Login Button' is clicked on

2018-12-07 16:13:54 - [TEST_STEP][PASSED] - delay: Delayed 2 second(s)

2018-12-07 16:13:56 - [MESSAGE][PASSED] - Delayed 2 second(s)

2018-12-07 16:13:56 - [TEST_STEP][PASSED] - Statement - Try: Delayed 2 second(s)

2018-12-07 16:13:56 - [TEST_STEP][PASSED] - Statement - Checker = false: null

2018-12-07 16:13:56 - [TEST_STEP][PASSED] - Statement - Checker = com.kms.katalon.core.webui.keyword.WebUiBuiltInKeywords.verifyElementHasAttribute(com.kms.katalon.core.testobject.ObjectRepository.findTestObject(Final Object Repo/Landing Page/BM Detecting), "href", 20, OPTIONAL): Object 'Object Repository/Final Object Repo/Landing Page/BM Detecting' has attribute 'href'

2018-12-07 16:13:56 - [MESSAGE][PASSED] - Object 'Object Repository/Final Object Repo/Landing Page/BM Detecting' has attribute 'href'

2018-12-07 16:13:56 - [TEST_STEP][PASSED] - Statement - out.println(Checker): null

2018-12-07 16:13:56 - [TEST_STEP][PASSED] - Statement - If (Checker == false): null

2018-12-07 16:13:56 - [TEST_STEP][PASSED] - Statement - Else: null

2018-12-07 16:13:56 - [TEST_STEP][PASSED] - delay: Delayed 2 second(s)

2018-12-07 16:13:58 - [MESSAGE][PASSED] - Delayed 2 second(s)

2018-12-07 16:13:58 - [TEST_STEP][PASSED] - click: Object: 'Object Repository/Final Object Repo/Page_MyASSIST - ASSIST - Search Pending Case For Add Supporting Document/Search Information' is clicked on

2018-12-07 16:13:58 - [MESSAGE][PASSED] - Object: 'Object Repository/Final Object Repo/Page_MyASSIST - ASSIST - Search Pending Case For Add Supporting Document/Search Information' is clicked on

2018-12-07 16:13:58 - [TEST_STEP][PASSED] - delay: Delayed 3 second(s)

2018-12-07 16:14:01 - [MESSAGE][PASSED] - Delayed 3 second(s)

2018-12-07 16:14:01 - [TEST_STEP][PASSED] - sendKeys: Keys 'CUN122018C100005904' sent to object: 'Object Repository/Final Object Repo/Page_MyASSIST - ASSIST - Search Pending Case For Add Supporting Document/Reference No'

2018-12-07 16:14:01 - [MESSAGE][PASSED] - Keys 'CUN122018C100005904' sent to object: 'Object Repository/Final Object Repo/Page_MyASSIST - ASSIST - Search Pending Case For Add Supporting Document/Reference No'

2018-12-07 16:14:01 - [TEST_STEP][PASSED] - click: Object: 'Object Repository/Final Object Repo/Page_MyASSIST - ASSIST - Search Pending Case For Add Supporting Document/Search Reference No' is clicked on

2018-12-07 16:14:01 - [MESSAGE][PASSED] - Object: 'Object Repository/Final Object Repo/Page_MyASSIST - ASSIST - Search Pending Case For Add Supporting Document/Search Reference No' is clicked on

2018-12-07 16:14:01 - [TEST_STEP][PASSED] - delay: Delayed 2 second(s)

2018-12-07 16:14:03 - [MESSAGE][PASSED] - Delayed 2 second(s)

2018-12-07 16:14:03 - [TEST_STEP][PASSED] - click: Object: 'Object Repository/Final Object Repo/Page_MyASSIST - ASSIST - Search Pending Case For Add Supporting Document/Continue' is clicked on

2018-12-07 16:14:07 - [MESSAGE][PASSED] - Object: 'Object Repository/Final Object Repo/Page_MyASSIST - ASSIST - Search Pending Case For Add Supporting Document/Continue' is clicked on

2018-12-07 16:14:07 - [TEST_STEP][PASSED] - delay: Delayed 20 second(s)

2018-12-07 16:14:27 - [MESSAGE][PASSED] - Delayed 20 second(s)

2018-12-07 16:14:27 - [MESSAGE][PASSED] - Call Test Case 'Test Cases/Final Aug 2018 - PKS Automation/Registration Module/Workflow/Login and Search Case For Workflow' successfully

2018-12-07 16:14:27 - [TEST_STEP][PASSED] - click: Object: 'Object Repository/Final Object Repo/Page_Update Employee Information By Employer/Page_Update Employee Information by Employer (Approve)/Continue' is clicked on

2018-12-07 16:14:31 - [MESSAGE][PASSED] - Object: 'Object Repository/Final Object Repo/Page_Update Employee Information By Employer/Page_Update Employee Information by Employer (Approve)/Continue' is clicked on

2018-12-07 16:14:31 - [TEST_STEP][PASSED] - delay: Delayed 2 second(s)

2018-12-07 16:14:33 - [MESSAGE][PASSED] - Delayed 2 second(s)

2018-12-07 16:14:33 - [TEST_STEP][PASSED] - click: Object: 'Object Repository/Final Object Repo/Page_Update Employee Information By Employer/Page_Update Employee Information by Employer (Approve)/Save  Continue in Update Employee Information Page' is clicked on

2018-12-07 16:14:33 - [MESSAGE][PASSED] - Object: 'Object Repository/Final Object Repo/Page_Update Employee Information By Employer/Page_Update Employee Information by Employer (Approve)/Save  Continue in Update Employee Information Page' is clicked on

2018-12-07 16:14:33 - [TEST_STEP][PASSED] - delay: Delayed 4 second(s)

2018-12-07 16:14:37 - [MESSAGE][PASSED] - Delayed 4 second(s)

2018-12-07 16:14:37 - [TEST_STEP][PASSED] - click: Object: 'Object Repository/Final Object Repo/Page_Update Employee Information By Employer/Page_Update Employee Information by Employer (Approve)/Save  Continue in Upload Supporting Doucument Page' is clicked on

2018-12-07 16:14:37 - [MESSAGE][PASSED] - Object: 'Object Repository/Final Object Repo/Page_Update Employee Information By Employer/Page_Update Employee Information by Employer (Approve)/Save  Continue in Upload Supporting Doucument Page' is clicked on

2018-12-07 16:14:37 - [TEST_STEP][PASSED] - delay: Delayed 2 second(s)

2018-12-07 16:14:39 - [MESSAGE][PASSED] - Delayed 2 second(s)

2018-12-07 16:14:39 - [TEST_STEP][PASSED] - click: Object: 'Object Repository/Final Object Repo/Page_Update Employee Information By Employer/Page_Update Employee Information by Employer (Approve)/Approve' is clicked on

2018-12-07 16:14:41 - [MESSAGE][PASSED] - Object: 'Object Repository/Final Object Repo/Page_Update Employee Information By Employer/Page_Update Employee Information by Employer (Approve)/Approve' is clicked on

2018-12-07 16:14:41 - [TEST_STEP][PASSED] - delay: Delayed 2 second(s)

2018-12-07 16:14:43 - [MESSAGE][PASSED] - Delayed 2 second(s)

2018-12-07 16:14:43 - [TEST_STEP][PASSED] - click: Object: 'Object Repository/Final Object Repo/Page_Update Employee Information By Employer/Page_Update Employee Information by Employer (Approve)/Confirm' is clicked on

2018-12-07 16:14:43 - [MESSAGE][PASSED] - Object: 'Object Repository/Final Object Repo/Page_Update Employee Information By Employer/Page_Update Employee Information by Employer (Approve)/Confirm' is clicked on

2018-12-07 16:14:43 - [TEST_STEP][PASSED] - delay: Delayed 2 second(s)

2018-12-07 16:14:45 - [MESSAGE][PASSED] - Delayed 2 second(s)

2018-12-07 16:14:45 - [TEST_STEP][PASSED] - verifyElementVisible: Object 'Object Repository/Final Object Repo/Page_Update Employee Information By Employer/Page_Update Employee Information by Employer (Approve)/Successfull Message Submitted Successfully' is visible

2018-12-07 16:14:49 - [MESSAGE][PASSED] - Object 'Object Repository/Final Object Repo/Page_Update Employee Information By Employer/Page_Update Employee Information by Employer (Approve)/Successfull Message Submitted Successfully' is visible

2018-12-07 16:14:49 - [TEST_STEP][PASSED] - delay: Delayed 2 second(s)

2018-12-07 16:14:51 - [MESSAGE][PASSED] - Delayed 2 second(s)

2018-12-07 16:14:51 - [TEST_STEP][PASSED] - verifyElementVisible: Object 'Object Repository/Final Object Repo/Page_Update Employee Information By Employer/Page_Update Employee Information by Employer (Approve)/Letter of Successful update' is visible

2018-12-07 16:14:51 - [MESSAGE][PASSED] - Object 'Object Repository/Final Object Repo/Page_Update Employee Information By Employer/Page_Update Employee Information by Employer (Approve)/Letter of Successful update' is visible

2018-12-07 16:14:51 - [MESSAGE][PASSED] - Call Test Case 'Test Cases/Final Aug 2018 - PKS Automation/Registration Module/Workflow/Update Employee Information (Employer)/Template/Update Employee Information - Special Case - UO(Query)' successfully]]></system-out>
         <system-err><![CDATA[]]></system-err>
      </testcase>
      <testcase name="Test Cases/Final Aug 2018 - PKS Automation/Registration Module/Workflow/Update Employee Information (Employer)/OTC - UO (Reject)" classname="Test Cases/Final Aug 2018 - PKS Automation/Registration Module/Workflow/Update Employee Information (Employer)/OTC - UO (Reject)" status="PASSED">
         <system-out><![CDATA[2018-12-07 16:14:51 - [TEST_CASE][PASSED] - Test Cases/Final Aug 2018 - PKS Automation/Registration Module/Workflow/Update Employee Information (Employer)/OTC - UO (Reject): Test Cases/Final Aug 2018 - PKS Automation/Registration Module/Workflow/Update Employee Information (Employer)/OTC - UO (Reject)

2018-12-07 16:14:51 - [TEST_STEP][PASSED] - callTestCase: Call Test Case 'Test Cases/Final Aug 2018 - PKS Automation/Registration Module/Workflow/Update Employee Information (Employer)/Template/Update Employer Information - Special Case (OTC)' successfully

2018-12-07 16:14:52 - [TEST_CASE][PASSED] - Test Cases/Final Aug 2018 - PKS Automation/Registration Module/Workflow/Update Employee Information (Employer)/Template/Update Employer Information - Special Case (OTC): Test Cases/Final Aug 2018 - PKS Automation/Registration Module/Workflow/Update Employee Information (Employer)/Template/Update Employer Information - Special Case (OTC)

2018-12-07 16:14:52 - [TEST_STEP][PASSED] - openBrowser: Browser is opened with url: ''

2018-12-07 16:14:52 - [MESSAGE][WARNING] - A browser is already opened. Closing browser and opening a new one

2018-12-07 16:14:54 - [MESSAGE][PASSED] - Browser is opened with url: ''

2018-12-07 16:14:54 - [TEST_STEP][PASSED] - navigateToUrl: Navigate to 'https://assist2-uat.perkeso.gov.my/login' successfully

2018-12-07 16:14:56 - [MESSAGE][PASSED] - Navigate to 'https://assist2-uat.perkeso.gov.my/login' successfully

2018-12-07 16:14:56 - [TEST_STEP][PASSED] - setText: Text 'johorotc1@gmail.com' is set on object 'Object Repository/Final Object Repo/Login Page/Internal User/Email Address'

2018-12-07 16:14:56 - [MESSAGE][PASSED] - Text 'johorotc1@gmail.com' is set on object 'Object Repository/Final Object Repo/Login Page/Internal User/Email Address'

2018-12-07 16:14:56 - [TEST_STEP][PASSED] - click: Object: 'Object Repository/Final Object Repo/Login Page/Internal User/Next Button' is clicked on

2018-12-07 16:14:56 - [MESSAGE][PASSED] - Object: 'Object Repository/Final Object Repo/Login Page/Internal User/Next Button' is clicked on

2018-12-07 16:14:56 - [TEST_STEP][PASSED] - delay: Delayed 1 second(s)

2018-12-07 16:14:57 - [MESSAGE][PASSED] - Delayed 1 second(s)

2018-12-07 16:14:57 - [TEST_STEP][PASSED] - setEncryptedText: Text ****** has been set on object 'Object Repository/Final Object Repo/Login Page/Internal User/Password'

2018-12-07 16:14:58 - [MESSAGE][PASSED] - Text ****** has been set on object 'Object Repository/Final Object Repo/Login Page/Internal User/Password'

2018-12-07 16:14:58 - [TEST_STEP][PASSED] - click: Object: 'Object Repository/Final Object Repo/Login Page/Internal User/Login Button' is clicked on

2018-12-07 16:14:58 - [MESSAGE][PASSED] - Object: 'Object Repository/Final Object Repo/Login Page/Internal User/Login Button' is clicked on

2018-12-07 16:14:58 - [TEST_STEP][PASSED] - Statement - tester = com.kms.katalon.core.testobject.ObjectRepository.findTestObject(Final Object Repo/Landing Page/Select to English): Finding Test Object with id 'Object Repository/Final Object Repo/Landing Page/Select to English'

2018-12-07 16:14:58 - [TEST_STEP][PASSED] - Statement - Try: Delayed 2 second(s)

2018-12-07 16:14:58 - [TEST_STEP][PASSED] - Statement - Checker = com.kms.katalon.core.webui.keyword.WebUiBuiltInKeywords.verifyElementNotPresent(tester, 3): Web element with id: 'Object Repository/Final Object Repo/Landing Page/Select to English' located by 'By.xpath: //a[@class = 'taglib-language-list-text' and @lang = 'en-US' and (contains(text(), 'EN') or contains(., 'EN'))]' is not present after '3' second(s)

2018-12-07 16:15:00 - [MESSAGE][PASSED] - Web element with id: 'Object Repository/Final Object Repo/Landing Page/Select to English' located by 'By.xpath: //a[@class = 'taglib-language-list-text' and @lang = 'en-US' and (contains(text(), 'EN') or contains(., 'EN'))]' is not present after '3' second(s)

2018-12-07 16:15:00 - [TEST_STEP][PASSED] - Statement - If (Checker == false): null

2018-12-07 16:15:00 - [TEST_STEP][PASSED] - delay: Delayed 2 second(s)

2018-12-07 16:15:02 - [MESSAGE][PASSED] - Delayed 2 second(s)

2018-12-07 16:15:02 - [TEST_STEP][PASSED] - delay: Delayed 5 second(s)

2018-12-07 16:15:07 - [MESSAGE][PASSED] - Delayed 5 second(s)

2018-12-07 16:15:07 - [TEST_STEP][PASSED] - navigateToUrl: Navigate to 'https://assist2-uat.perkeso.gov.my/web/registration/update/update-employee-information-employer-' successfully

2018-12-07 16:15:08 - [MESSAGE][PASSED] - Navigate to 'https://assist2-uat.perkeso.gov.my/web/registration/update/update-employee-information-employer-' successfully

2018-12-07 16:15:08 - [TEST_STEP][PASSED] - setText: Text 'E1102001065V' is set on object 'Object Repository/Final Object Repo/Page_Update Employee Information By Employer/Employer Code'

2018-12-07 16:15:08 - [MESSAGE][PASSED] - Text 'E1102001065V' is set on object 'Object Repository/Final Object Repo/Page_Update Employee Information By Employer/Employer Code'

2018-12-07 16:15:08 - [TEST_STEP][PASSED] - click: Object: 'Object Repository/Final Object Repo/Page_Update Employee Information By Employer/Search Employer Code' is clicked on

2018-12-07 16:15:08 - [MESSAGE][PASSED] - Object: 'Object Repository/Final Object Repo/Page_Update Employee Information By Employer/Search Employer Code' is clicked on

2018-12-07 16:15:08 - [TEST_STEP][PASSED] - click: Object: 'Object Repository/Final Object Repo/Page_Update Employee Information By Employer/Edit Button' is clicked on

2018-12-07 16:15:13 - [MESSAGE][PASSED] - Object: 'Object Repository/Final Object Repo/Page_Update Employee Information By Employer/Edit Button' is clicked on

2018-12-07 16:15:13 - [TEST_STEP][PASSED] - click: Object: 'Object Repository/Final Object Repo/Page_Update Employee Information By Employer/Employee Name or New Identification' is clicked on

2018-12-07 16:15:13 - [MESSAGE][PASSED] - Object: 'Object Repository/Final Object Repo/Page_Update Employee Information By Employer/Employee Name or New Identification' is clicked on

2018-12-07 16:15:13 - [TEST_STEP][PASSED] - delay: Delayed 1 second(s)

2018-12-07 16:15:14 - [MESSAGE][PASSED] - Delayed 1 second(s)

2018-12-07 16:15:14 - [TEST_STEP][PASSED] - click: Object: 'Object Repository/Final Object Repo/Page_Update Employee Information By Employer/Selection - Employee Name' is clicked on

2018-12-07 16:15:14 - [MESSAGE][PASSED] - Object: 'Object Repository/Final Object Repo/Page_Update Employee Information By Employer/Selection - Employee Name' is clicked on

2018-12-07 16:15:14 - [TEST_STEP][PASSED] - delay: Delayed 1 second(s)

2018-12-07 16:15:15 - [MESSAGE][PASSED] - Delayed 1 second(s)

2018-12-07 16:15:15 - [TEST_STEP][PASSED] - setText: Text 'PERKESO' is set on object 'Object Repository/Final Object Repo/Page_Update Employee Information By Employer/Employee Name'

2018-12-07 16:15:15 - [MESSAGE][PASSED] - Text 'PERKESO' is set on object 'Object Repository/Final Object Repo/Page_Update Employee Information By Employer/Employee Name'

2018-12-07 16:15:15 - [TEST_STEP][PASSED] - delay: Delayed 2 second(s)

2018-12-07 16:15:17 - [MESSAGE][PASSED] - Delayed 2 second(s)

2018-12-07 16:15:17 - [TEST_STEP][PASSED] - click: Object: 'Object Repository/Final Object Repo/Page_Update Employee Information By Employer/Search Employee' is clicked on

2018-12-07 16:15:18 - [MESSAGE][PASSED] - Object: 'Object Repository/Final Object Repo/Page_Update Employee Information By Employer/Search Employee' is clicked on

2018-12-07 16:15:18 - [TEST_STEP][PASSED] - delay: Delayed 3 second(s)

2018-12-07 16:15:21 - [MESSAGE][PASSED] - Delayed 3 second(s)

2018-12-07 16:15:21 - [TEST_STEP][PASSED] - click: Object: 'Object Repository/Final Object Repo/Page_Update Employee Information By Employer/Employee Edit Button' is clicked on

2018-12-07 16:15:21 - [MESSAGE][PASSED] - Object: 'Object Repository/Final Object Repo/Page_Update Employee Information By Employer/Employee Edit Button' is clicked on

2018-12-07 16:15:21 - [TEST_STEP][PASSED] - delay: Delayed 3 second(s)

2018-12-07 16:15:24 - [MESSAGE][PASSED] - Delayed 3 second(s)

2018-12-07 16:15:24 - [TEST_STEP][PASSED] - setText: Text '' is set on object 'Object Repository/Final Object Repo/Page_Update Employee Information By Employer/Identification Number'

2018-12-07 16:15:24 - [MESSAGE][PASSED] - Text '' is set on object 'Object Repository/Final Object Repo/Page_Update Employee Information By Employer/Identification Number'

2018-12-07 16:15:24 - [TEST_STEP][PASSED] - Statement - rnd = new java.util.Random(): null

2018-12-07 16:15:24 - [TEST_STEP][PASSED] - Statement - snum = rnd.nextInt(899999 + 1) + 100000: null

2018-12-07 16:15:24 - [TEST_STEP][PASSED] - Statement - tnum = rnd.nextInt(899999 + 1) + 100000: null

2018-12-07 16:15:24 - [TEST_STEP][PASSED] - Statement - IC = java.lang.Integer.toString(snum) + java.lang.Integer.toString(tnum): null

2018-12-07 16:15:24 - [TEST_STEP][PASSED] - Statement - out.println(IC): null

2018-12-07 16:15:24 - [TEST_STEP][PASSED] - setText: Text '604545563684' is set on object 'Object Repository/Final Object Repo/Page_Update Employee Information By Employer/Identification Number'

2018-12-07 16:15:24 - [MESSAGE][PASSED] - Text '604545563684' is set on object 'Object Repository/Final Object Repo/Page_Update Employee Information By Employer/Identification Number'

2018-12-07 16:15:24 - [TEST_STEP][PASSED] - click: Object: 'Object Repository/Final Object Repo/Page_Update Employee Information By Employer/Save' is clicked on

2018-12-07 16:15:25 - [MESSAGE][PASSED] - Object: 'Object Repository/Final Object Repo/Page_Update Employee Information By Employer/Save' is clicked on

2018-12-07 16:15:25 - [TEST_STEP][PASSED] - delay: Delayed 5 second(s)

2018-12-07 16:15:30 - [MESSAGE][PASSED] - Delayed 5 second(s)

2018-12-07 16:15:30 - [TEST_STEP][PASSED] - Statement - CaseReferenceNo = com.kms.katalon.core.webui.keyword.WebUiBuiltInKeywords.getText(com.kms.katalon.core.testobject.ObjectRepository.findTestObject(Final Object Repo/Reference Number/Reference Number in Update Employee Information Page)): Text of object 'Object Repository/Final Object Repo/Reference Number/Reference Number in Update Employee Information Page' is: 'CUN122018C100005905'

2018-12-07 16:15:30 - [MESSAGE][PASSED] - Text of object 'Object Repository/Final Object Repo/Reference Number/Reference Number in Update Employee Information Page' is: 'CUN122018C100005905'

2018-12-07 16:15:30 - [TEST_STEP][PASSED] - callTestCase: Call Test Case 'Test Cases/Final Aug 2018 - PKS Automation/Common/Reference Number Setter' successfully

2018-12-07 16:15:30 - [TEST_CASE][PASSED] - Test Cases/Final Aug 2018 - PKS Automation/Common/Reference Number Setter: Test Cases/Final Aug 2018 - PKS Automation/Common/Reference Number Setter

2018-12-07 16:15:30 - [TEST_STEP][PASSED] - Statement - RefNoOldFile = new java.io.File(C://Users//Admin//Desktop//PKS//Automation Reference Point//KatalonReference.txt): null

2018-12-07 16:15:30 - [TEST_STEP][PASSED] - Statement - RefNoOldFile.delete(): null

2018-12-07 16:15:30 - [TEST_STEP][PASSED] - delay: Delayed 5 second(s)

2018-12-07 16:15:35 - [MESSAGE][PASSED] - Delayed 5 second(s)

2018-12-07 16:15:35 - [TEST_STEP][PASSED] - Statement - RefNo = new java.io.File(C://Users//Admin//Desktop//PKS//Automation Reference Point//KatalonReference.txt): null

2018-12-07 16:15:35 - [TEST_STEP][PASSED] - Statement - f2 = new java.io.FileWriter(RefNo, false): null

2018-12-07 16:15:35 - [TEST_STEP][PASSED] - Statement - f2.write(CaseReferenceNo): null

2018-12-07 16:15:35 - [TEST_STEP][PASSED] - Statement - f2.close(): null

2018-12-07 16:15:35 - [TEST_STEP][PASSED] - Statement - out.println("


" + CaseReferenceNo + "


"): null

2018-12-07 16:15:35 - [MESSAGE][PASSED] - Call Test Case 'Test Cases/Final Aug 2018 - PKS Automation/Common/Reference Number Setter' successfully

2018-12-07 16:15:35 - [TEST_STEP][PASSED] - delay: Delayed 5 second(s)

2018-12-07 16:15:40 - [MESSAGE][PASSED] - Delayed 5 second(s)

2018-12-07 16:15:40 - [TEST_STEP][PASSED] - click: Object: 'Object Repository/Final Object Repo/Page_Update Employee Information By Employer/Save  Continue in  Employee Information Page' is clicked on

2018-12-07 16:15:40 - [MESSAGE][PASSED] - Object: 'Object Repository/Final Object Repo/Page_Update Employee Information By Employer/Save  Continue in  Employee Information Page' is clicked on

2018-12-07 16:15:40 - [TEST_STEP][PASSED] - delay: Delayed 5 second(s)

2018-12-07 16:15:45 - [MESSAGE][PASSED] - Delayed 5 second(s)

2018-12-07 16:15:45 - [TEST_STEP][PASSED] - click: Object: 'Object Repository/Final Object Repo/Page_Update Employee Information By Employer/Save  Continue in Uploading Page 1' is clicked on

2018-12-07 16:15:45 - [MESSAGE][PASSED] - Object: 'Object Repository/Final Object Repo/Page_Update Employee Information By Employer/Save  Continue in Uploading Page 1' is clicked on

2018-12-07 16:15:45 - [TEST_STEP][PASSED] - delay: Delayed 5 second(s)

2018-12-07 16:15:50 - [MESSAGE][PASSED] - Delayed 5 second(s)

2018-12-07 16:15:50 - [TEST_STEP][PASSED] - click: Object: 'Object Repository/Final Object Repo/Page_Update Employee Information By Employer/Submit' is clicked on

2018-12-07 16:15:50 - [MESSAGE][PASSED] - Object: 'Object Repository/Final Object Repo/Page_Update Employee Information By Employer/Submit' is clicked on

2018-12-07 16:15:50 - [TEST_STEP][PASSED] - delay: Delayed 5 second(s)

2018-12-07 16:15:55 - [MESSAGE][PASSED] - Delayed 5 second(s)

2018-12-07 16:15:55 - [TEST_STEP][PASSED] - click: Object: 'Object Repository/Final Object Repo/Page_Update Employee Information By Employer/Confirm' is clicked on

2018-12-07 16:15:56 - [MESSAGE][PASSED] - Object: 'Object Repository/Final Object Repo/Page_Update Employee Information By Employer/Confirm' is clicked on

2018-12-07 16:15:56 - [TEST_STEP][PASSED] - delay: Delayed 5 second(s)

2018-12-07 16:16:01 - [MESSAGE][PASSED] - Delayed 5 second(s)

2018-12-07 16:16:01 - [TEST_STEP][PASSED] - verifyElementVisible: Object 'Object Repository/Final Object Repo/Page_Update Employee Information By Employer/Successfull Message Routed to UO' is visible

2018-12-07 16:16:01 - [MESSAGE][PASSED] - Object 'Object Repository/Final Object Repo/Page_Update Employee Information By Employer/Successfull Message Routed to UO' is visible

2018-12-07 16:16:01 - [MESSAGE][PASSED] - Call Test Case 'Test Cases/Final Aug 2018 - PKS Automation/Registration Module/Workflow/Update Employee Information (Employer)/Template/Update Employer Information - Special Case (OTC)' successfully

2018-12-07 16:16:01 - [TEST_STEP][PASSED] - callTestCase: Call Test Case 'Test Cases/Final Aug 2018 - PKS Automation/Registration Module/Workflow/Update Employee Information (Employer)/Template/Update Employee Information - Special Case - UO (Reject)' successfully

2018-12-07 16:16:01 - [TEST_CASE][PASSED] - Test Cases/Final Aug 2018 - PKS Automation/Registration Module/Workflow/Update Employee Information (Employer)/Template/Update Employee Information - Special Case - UO (Reject): Test Cases/Final Aug 2018 - PKS Automation/Registration Module/Workflow/Update Employee Information (Employer)/Template/Update Employee Information - Special Case - UO (Reject)

2018-12-07 16:16:01 - [TEST_STEP][NOT_RUN] - callTestCase: NOT_RUN: callTestCase

2018-12-07 16:16:01 - [MESSAGE][NOT_RUN] - NOT_RUN: callTestCase

2018-12-07 16:16:01 - [TEST_STEP][PASSED] - delay: Delayed 2 second(s)

2018-12-07 16:16:03 - [MESSAGE][PASSED] - Delayed 2 second(s)

2018-12-07 16:16:03 - [TEST_STEP][PASSED] - navigateToUrl: Navigate to 'https://assist2-uat.perkeso.gov.my/c/portal/logout' successfully

2018-12-07 16:16:04 - [MESSAGE][PASSED] - Navigate to 'https://assist2-uat.perkeso.gov.my/c/portal/logout' successfully

2018-12-07 16:16:04 - [TEST_STEP][PASSED] - delay: Delayed 2 second(s)

2018-12-07 16:16:06 - [MESSAGE][PASSED] - Delayed 2 second(s)

2018-12-07 16:16:06 - [TEST_STEP][PASSED] - callTestCase: Call Test Case 'Test Cases/Final Aug 2018 - PKS Automation/Common/Reference Number Getter' successfully

2018-12-07 16:16:06 - [TEST_CASE][PASSED] - Test Cases/Final Aug 2018 - PKS Automation/Common/Reference Number Getter: Test Cases/Final Aug 2018 - PKS Automation/Common/Reference Number Getter

2018-12-07 16:16:06 - [TEST_STEP][PASSED] - Statement - Try: null

2018-12-07 16:16:06 - [TEST_STEP][PASSED] - Statement - RefNo = new java.io.File(C://Users//Admin//Desktop//PKS//Automation Reference Point//KatalonReference.txt): null

2018-12-07 16:16:06 - [TEST_STEP][PASSED] - Statement - bufferread = new java.io.BufferedReader(new java.io.FileReader(RefNo)): null

2018-12-07 16:16:06 - [TEST_STEP][PASSED] - Statement - readedVal = bufferread.readLine(): null

2018-12-07 16:16:06 - [TEST_STEP][PASSED] - Statement - out.println(CaseReferenceNo): null

2018-12-07 16:16:06 - [TEST_STEP][PASSED] - Statement - out.println(readedVal): null

2018-12-07 16:16:06 - [TEST_STEP][PASSED] - Statement - CaseReferenceNo = "": null

2018-12-07 16:16:06 - [TEST_STEP][PASSED] - Statement - CaseReferenceNo = readedVal: null

2018-12-07 16:16:06 - [MESSAGE][PASSED] - Call Test Case 'Test Cases/Final Aug 2018 - PKS Automation/Common/Reference Number Getter' successfully

2018-12-07 16:16:06 - [TEST_STEP][PASSED] - callTestCase: Call Test Case 'Test Cases/Final Aug 2018 - PKS Automation/Common/Workflow Owner Finder' successfully

2018-12-07 16:16:06 - [TEST_CASE][PASSED] - Test Cases/Final Aug 2018 - PKS Automation/Common/Workflow Owner Finder: Test Cases/Final Aug 2018 - PKS Automation/Common/Workflow Owner Finder

2018-12-07 16:16:06 - [TEST_STEP][PASSED] - openBrowser: Browser is opened with url: ''

2018-12-07 16:16:06 - [MESSAGE][WARNING] - A browser is already opened. Closing browser and opening a new one

2018-12-07 16:16:09 - [MESSAGE][PASSED] - Browser is opened with url: ''

2018-12-07 16:16:09 - [TEST_STEP][PASSED] - navigateToUrl: Navigate to 'https://assist2-uat.perkeso.gov.my/login' successfully

2018-12-07 16:16:10 - [MESSAGE][PASSED] - Navigate to 'https://assist2-uat.perkeso.gov.my/login' successfully

2018-12-07 16:16:10 - [TEST_STEP][PASSED] - delay: Delayed 5 second(s)

2018-12-07 16:16:15 - [MESSAGE][PASSED] - Delayed 5 second(s)

2018-12-07 16:16:15 - [TEST_STEP][PASSED] - setText: Text 'test@liferay.com' is set on object 'Object Repository/Final Object Repo/Login Page/Internal User/Email Address'

2018-12-07 16:16:15 - [MESSAGE][PASSED] - Text 'test@liferay.com' is set on object 'Object Repository/Final Object Repo/Login Page/Internal User/Email Address'

2018-12-07 16:16:15 - [TEST_STEP][PASSED] - click: Object: 'Object Repository/Final Object Repo/Login Page/Internal User/Next Button' is clicked on

2018-12-07 16:16:15 - [MESSAGE][PASSED] - Object: 'Object Repository/Final Object Repo/Login Page/Internal User/Next Button' is clicked on

2018-12-07 16:16:15 - [TEST_STEP][PASSED] - delay: Delayed 2 second(s)

2018-12-07 16:16:17 - [MESSAGE][PASSED] - Delayed 2 second(s)

2018-12-07 16:16:17 - [TEST_STEP][PASSED] - setText: Text 'test' is set on object 'Object Repository/Final Object Repo/Login Page/Internal User/Password'

2018-12-07 16:16:18 - [MESSAGE][PASSED] - Text 'test' is set on object 'Object Repository/Final Object Repo/Login Page/Internal User/Password'

2018-12-07 16:16:18 - [TEST_STEP][PASSED] - delay: Delayed 2 second(s)

2018-12-07 16:16:20 - [MESSAGE][PASSED] - Delayed 2 second(s)

2018-12-07 16:16:20 - [TEST_STEP][PASSED] - click: Object: 'Object Repository/Final Object Repo/Login Page/Internal User/Login Button' is clicked on

2018-12-07 16:16:20 - [MESSAGE][PASSED] - Object: 'Object Repository/Final Object Repo/Login Page/Internal User/Login Button' is clicked on

2018-12-07 16:16:20 - [TEST_STEP][PASSED] - Statement - tester = com.kms.katalon.core.testobject.ObjectRepository.findTestObject(Final Object Repo/Landing Page/Select to English): Finding Test Object with id 'Object Repository/Final Object Repo/Landing Page/Select to English'

2018-12-07 16:16:20 - [TEST_STEP][PASSED] - Statement - Try: Delayed 2 second(s)

2018-12-07 16:16:20 - [TEST_STEP][PASSED] - Statement - Checker = com.kms.katalon.core.webui.keyword.WebUiBuiltInKeywords.verifyElementNotPresent(tester, 3): Web element with id: 'Object Repository/Final Object Repo/Landing Page/Select to English' located by 'By.xpath: //a[@class = 'taglib-language-list-text' and @lang = 'en-US' and (contains(text(), 'EN') or contains(., 'EN'))]' is not present after '3' second(s)

2018-12-07 16:16:22 - [MESSAGE][PASSED] - Web element with id: 'Object Repository/Final Object Repo/Landing Page/Select to English' located by 'By.xpath: //a[@class = 'taglib-language-list-text' and @lang = 'en-US' and (contains(text(), 'EN') or contains(., 'EN'))]' is not present after '3' second(s)

2018-12-07 16:16:22 - [TEST_STEP][PASSED] - Statement - If (Checker == false): null

2018-12-07 16:16:22 - [TEST_STEP][PASSED] - delay: Delayed 2 second(s)

2018-12-07 16:16:24 - [MESSAGE][PASSED] - Delayed 2 second(s)

2018-12-07 16:16:24 - [TEST_STEP][PASSED] - delay: Delayed 5 second(s)

2018-12-07 16:16:29 - [MESSAGE][PASSED] - Delayed 5 second(s)

2018-12-07 16:16:29 - [TEST_STEP][PASSED] - mouseOver: Object: 'Object Repository/Final Object Repo/Landing Page/WorkFlow Menu' is hovered

2018-12-07 16:16:29 - [MESSAGE][PASSED] - Object: 'Object Repository/Final Object Repo/Landing Page/WorkFlow Menu' is hovered

2018-12-07 16:16:29 - [TEST_STEP][PASSED] - delay: Delayed 2 second(s)

2018-12-07 16:16:31 - [MESSAGE][PASSED] - Delayed 2 second(s)

2018-12-07 16:16:31 - [TEST_STEP][PASSED] - click: Object: 'Object Repository/Final Object Repo/Landing Page/Select to Workflow Listing' is clicked on

2018-12-07 16:16:32 - [MESSAGE][PASSED] - Object: 'Object Repository/Final Object Repo/Landing Page/Select to Workflow Listing' is clicked on

2018-12-07 16:16:32 - [TEST_STEP][PASSED] - delay: Delayed 2 second(s)

2018-12-07 16:16:34 - [MESSAGE][PASSED] - Delayed 2 second(s)

2018-12-07 16:16:34 - [TEST_STEP][PASSED] - click: Object: 'Object Repository/Final Object Repo/WorkFlow Listing Page/Search Information - To Put Ref No' is clicked on

2018-12-07 16:16:34 - [MESSAGE][PASSED] - Object: 'Object Repository/Final Object Repo/WorkFlow Listing Page/Search Information - To Put Ref No' is clicked on

2018-12-07 16:16:34 - [TEST_STEP][PASSED] - delay: Delayed 2 second(s)

2018-12-07 16:16:36 - [MESSAGE][PASSED] - Delayed 2 second(s)

2018-12-07 16:16:36 - [TEST_STEP][PASSED] - callTestCase: Call Test Case 'Test Cases/Final Aug 2018 - PKS Automation/Common/Reference Number Getter' successfully

2018-12-07 16:16:36 - [TEST_CASE][PASSED] - Test Cases/Final Aug 2018 - PKS Automation/Common/Reference Number Getter: Test Cases/Final Aug 2018 - PKS Automation/Common/Reference Number Getter

2018-12-07 16:16:36 - [TEST_STEP][PASSED] - Statement - Try: null

2018-12-07 16:16:36 - [TEST_STEP][PASSED] - Statement - RefNo = new java.io.File(C://Users//Admin//Desktop//PKS//Automation Reference Point//KatalonReference.txt): null

2018-12-07 16:16:36 - [TEST_STEP][PASSED] - Statement - bufferread = new java.io.BufferedReader(new java.io.FileReader(RefNo)): null

2018-12-07 16:16:36 - [TEST_STEP][PASSED] - Statement - readedVal = bufferread.readLine(): null

2018-12-07 16:16:36 - [TEST_STEP][PASSED] - Statement - out.println(CaseReferenceNo): null

2018-12-07 16:16:36 - [TEST_STEP][PASSED] - Statement - out.println(readedVal): null

2018-12-07 16:16:36 - [TEST_STEP][PASSED] - Statement - CaseReferenceNo = "": null

2018-12-07 16:16:36 - [TEST_STEP][PASSED] - Statement - CaseReferenceNo = readedVal: null

2018-12-07 16:16:36 - [MESSAGE][PASSED] - Call Test Case 'Test Cases/Final Aug 2018 - PKS Automation/Common/Reference Number Getter' successfully

2018-12-07 16:16:36 - [TEST_STEP][PASSED] - setText: Text 'CUN122018C100005905' is set on object 'Object Repository/Final Object Repo/WorkFlow Listing Page/Ref No Set Text'

2018-12-07 16:16:37 - [MESSAGE][PASSED] - Text 'CUN122018C100005905' is set on object 'Object Repository/Final Object Repo/WorkFlow Listing Page/Ref No Set Text'

2018-12-07 16:16:37 - [TEST_STEP][PASSED] - delay: Delayed 2 second(s)

2018-12-07 16:16:39 - [MESSAGE][PASSED] - Delayed 2 second(s)

2018-12-07 16:16:39 - [TEST_STEP][PASSED] - click: Object: 'Object Repository/Final Object Repo/WorkFlow Listing Page/Search Ref No Search Button' is clicked on

2018-12-07 16:16:39 - [MESSAGE][PASSED] - Object: 'Object Repository/Final Object Repo/WorkFlow Listing Page/Search Ref No Search Button' is clicked on

2018-12-07 16:16:39 - [TEST_STEP][PASSED] - delay: Delayed 6 second(s)

2018-12-07 16:16:45 - [MESSAGE][PASSED] - Delayed 6 second(s)

2018-12-07 16:16:45 - [TEST_STEP][PASSED] - click: Object: 'Object Repository/Final Object Repo/WorkFlow Listing Page/Click Continue Tooltip' is clicked on

2018-12-07 16:16:46 - [MESSAGE][PASSED] - Object: 'Object Repository/Final Object Repo/WorkFlow Listing Page/Click Continue Tooltip' is clicked on

2018-12-07 16:16:46 - [TEST_STEP][PASSED] - delay: Delayed 5 second(s)

2018-12-07 16:16:51 - [MESSAGE][PASSED] - Delayed 5 second(s)

2018-12-07 16:16:51 - [TEST_STEP][PASSED] - doubleClick: Object: 'Object Repository/Final Object Repo/WorkFlow Listing Page/Workflow Found - Listing 1' is double clicked on

2018-12-07 16:16:51 - [MESSAGE][PASSED] - Object: 'Object Repository/Final Object Repo/WorkFlow Listing Page/Workflow Found - Listing 1' is double clicked on

2018-12-07 16:16:51 - [TEST_STEP][PASSED] - Statement - println(OwnerID): null

2018-12-07 16:16:51 - [TEST_STEP][PASSED] - Statement - OwnerID = com.kms.katalon.core.webui.keyword.WebUiBuiltInKeywords.getText(com.kms.katalon.core.testobject.ObjectRepository.findTestObject(Final Object Repo/WorkFlow Listing Page/Workflow Found - Listing 1), STOP_ON_FAILURE): Text of object 'Object Repository/Final Object Repo/WorkFlow Listing Page/Workflow Found - Listing 1' is: 'JOHORuo3'

2018-12-07 16:16:51 - [MESSAGE][PASSED] - Text of object 'Object Repository/Final Object Repo/WorkFlow Listing Page/Workflow Found - Listing 1' is: 'JOHORuo3'

2018-12-07 16:16:51 - [TEST_STEP][PASSED] - Statement - OwnerID = OwnerID.toLowerCase() + "@gmail.com": null

2018-12-07 16:16:51 - [TEST_STEP][PASSED] - Statement - println(OwnerID): null

2018-12-07 16:16:51 - [TEST_STEP][PASSED] - delay: Delayed 2 second(s)

2018-12-07 16:16:53 - [MESSAGE][PASSED] - Delayed 2 second(s)

2018-12-07 16:16:53 - [MESSAGE][PASSED] - Call Test Case 'Test Cases/Final Aug 2018 - PKS Automation/Common/Workflow Owner Finder' successfully

2018-12-07 16:16:53 - [TEST_STEP][PASSED] - delay: Delayed 2 second(s)

2018-12-07 16:16:55 - [MESSAGE][PASSED] - Delayed 2 second(s)

2018-12-07 16:16:55 - [TEST_STEP][PASSED] - navigateToUrl: Navigate to 'https://assist2-uat.perkeso.gov.my/c/portal/logout' successfully

2018-12-07 16:16:56 - [MESSAGE][PASSED] - Navigate to 'https://assist2-uat.perkeso.gov.my/c/portal/logout' successfully

2018-12-07 16:16:56 - [TEST_STEP][PASSED] - delay: Delayed 2 second(s)

2018-12-07 16:16:58 - [MESSAGE][PASSED] - Delayed 2 second(s)

2018-12-07 16:16:58 - [TEST_STEP][PASSED] - callTestCase: Call Test Case 'Test Cases/Final Aug 2018 - PKS Automation/Registration Module/Workflow/Login and Search Case For Workflow' successfully

2018-12-07 16:16:58 - [TEST_CASE][PASSED] - Test Cases/Final Aug 2018 - PKS Automation/Registration Module/Workflow/Login and Search Case For Workflow: Test Cases/Final Aug 2018 - PKS Automation/Registration Module/Workflow/Login and Search Case For Workflow

2018-12-07 16:16:58 - [TEST_STEP][PASSED] - navigateToUrl: Navigate to 'https://assist2-uat.perkeso.gov.my/login' successfully

2018-12-07 16:16:59 - [MESSAGE][PASSED] - Navigate to 'https://assist2-uat.perkeso.gov.my/login' successfully

2018-12-07 16:16:59 - [TEST_STEP][PASSED] - setText: Text 'johoruo3@gmail.com' is set on object 'Object Repository/Final Object Repo/Login Page/Internal User/Email Address'

2018-12-07 16:16:59 - [MESSAGE][PASSED] - Text 'johoruo3@gmail.com' is set on object 'Object Repository/Final Object Repo/Login Page/Internal User/Email Address'

2018-12-07 16:16:59 - [TEST_STEP][PASSED] - click: Object: 'Object Repository/Final Object Repo/Login Page/Internal User/Next Button' is clicked on

2018-12-07 16:16:59 - [MESSAGE][PASSED] - Object: 'Object Repository/Final Object Repo/Login Page/Internal User/Next Button' is clicked on

2018-12-07 16:16:59 - [TEST_STEP][PASSED] - delay: Delayed 1 second(s)

2018-12-07 16:17:00 - [MESSAGE][PASSED] - Delayed 1 second(s)

2018-12-07 16:17:00 - [TEST_STEP][PASSED] - setEncryptedText: Text ****** has been set on object 'Object Repository/Final Object Repo/Login Page/Internal User/Password'

2018-12-07 16:17:01 - [MESSAGE][PASSED] - Text ****** has been set on object 'Object Repository/Final Object Repo/Login Page/Internal User/Password'

2018-12-07 16:17:01 - [TEST_STEP][PASSED] - click: Object: 'Object Repository/Final Object Repo/Login Page/Internal User/Login Button' is clicked on

2018-12-07 16:17:01 - [MESSAGE][PASSED] - Object: 'Object Repository/Final Object Repo/Login Page/Internal User/Login Button' is clicked on

2018-12-07 16:17:01 - [TEST_STEP][PASSED] - delay: Delayed 2 second(s)

2018-12-07 16:17:03 - [MESSAGE][PASSED] - Delayed 2 second(s)

2018-12-07 16:17:03 - [TEST_STEP][PASSED] - Statement - Try: Delayed 2 second(s)

2018-12-07 16:17:03 - [TEST_STEP][PASSED] - Statement - Checker = false: null

2018-12-07 16:17:03 - [TEST_STEP][PASSED] - Statement - Checker = com.kms.katalon.core.webui.keyword.WebUiBuiltInKeywords.verifyElementHasAttribute(com.kms.katalon.core.testobject.ObjectRepository.findTestObject(Final Object Repo/Landing Page/BM Detecting), "href", 20, OPTIONAL): Object 'Object Repository/Final Object Repo/Landing Page/BM Detecting' has attribute 'href'

2018-12-07 16:17:03 - [MESSAGE][PASSED] - Object 'Object Repository/Final Object Repo/Landing Page/BM Detecting' has attribute 'href'

2018-12-07 16:17:03 - [TEST_STEP][PASSED] - Statement - out.println(Checker): null

2018-12-07 16:17:03 - [TEST_STEP][PASSED] - Statement - If (Checker == false): null

2018-12-07 16:17:03 - [TEST_STEP][PASSED] - Statement - Else: null

2018-12-07 16:17:03 - [TEST_STEP][PASSED] - delay: Delayed 2 second(s)

2018-12-07 16:17:05 - [MESSAGE][PASSED] - Delayed 2 second(s)

2018-12-07 16:17:05 - [TEST_STEP][PASSED] - click: Object: 'Object Repository/Final Object Repo/Page_MyASSIST - ASSIST - Search Pending Case For Add Supporting Document/Search Information' is clicked on

2018-12-07 16:17:05 - [MESSAGE][PASSED] - Object: 'Object Repository/Final Object Repo/Page_MyASSIST - ASSIST - Search Pending Case For Add Supporting Document/Search Information' is clicked on

2018-12-07 16:17:05 - [TEST_STEP][PASSED] - delay: Delayed 3 second(s)

2018-12-07 16:17:08 - [MESSAGE][PASSED] - Delayed 3 second(s)

2018-12-07 16:17:08 - [TEST_STEP][PASSED] - sendKeys: Keys 'CUN122018C100005905' sent to object: 'Object Repository/Final Object Repo/Page_MyASSIST - ASSIST - Search Pending Case For Add Supporting Document/Reference No'

2018-12-07 16:17:08 - [MESSAGE][PASSED] - Keys 'CUN122018C100005905' sent to object: 'Object Repository/Final Object Repo/Page_MyASSIST - ASSIST - Search Pending Case For Add Supporting Document/Reference No'

2018-12-07 16:17:08 - [TEST_STEP][PASSED] - click: Object: 'Object Repository/Final Object Repo/Page_MyASSIST - ASSIST - Search Pending Case For Add Supporting Document/Search Reference No' is clicked on

2018-12-07 16:17:08 - [MESSAGE][PASSED] - Object: 'Object Repository/Final Object Repo/Page_MyASSIST - ASSIST - Search Pending Case For Add Supporting Document/Search Reference No' is clicked on

2018-12-07 16:17:08 - [TEST_STEP][PASSED] - delay: Delayed 2 second(s)

2018-12-07 16:17:10 - [MESSAGE][PASSED] - Delayed 2 second(s)

2018-12-07 16:17:10 - [TEST_STEP][PASSED] - click: Object: 'Object Repository/Final Object Repo/Page_MyASSIST - ASSIST - Search Pending Case For Add Supporting Document/Continue' is clicked on

2018-12-07 16:17:14 - [MESSAGE][PASSED] - Object: 'Object Repository/Final Object Repo/Page_MyASSIST - ASSIST - Search Pending Case For Add Supporting Document/Continue' is clicked on

2018-12-07 16:17:14 - [TEST_STEP][PASSED] - delay: Delayed 20 second(s)

2018-12-07 16:17:34 - [MESSAGE][PASSED] - Delayed 20 second(s)

2018-12-07 16:17:34 - [MESSAGE][PASSED] - Call Test Case 'Test Cases/Final Aug 2018 - PKS Automation/Registration Module/Workflow/Login and Search Case For Workflow' successfully

2018-12-07 16:17:34 - [TEST_STEP][PASSED] - delay: Delayed 2 second(s)

2018-12-07 16:17:36 - [MESSAGE][PASSED] - Delayed 2 second(s)

2018-12-07 16:17:36 - [TEST_STEP][PASSED] - click: Object: 'Object Repository/Final Object Repo/Page_Update Employee Information By Employer/Page_Update Employee Information by Employer (Approve)/Continue' is clicked on

2018-12-07 16:17:40 - [MESSAGE][PASSED] - Object: 'Object Repository/Final Object Repo/Page_Update Employee Information By Employer/Page_Update Employee Information by Employer (Approve)/Continue' is clicked on

2018-12-07 16:17:40 - [TEST_STEP][PASSED] - delay: Delayed 2 second(s)

2018-12-07 16:17:42 - [MESSAGE][PASSED] - Delayed 2 second(s)

2018-12-07 16:17:42 - [TEST_STEP][PASSED] - click: Object: 'Object Repository/Final Object Repo/Page_Update Employee Information By Employer/Page_Update Employee Information by Employer (Approve)/Save  Continue in Update Employee Information Page' is clicked on

2018-12-07 16:17:42 - [MESSAGE][PASSED] - Object: 'Object Repository/Final Object Repo/Page_Update Employee Information By Employer/Page_Update Employee Information by Employer (Approve)/Save  Continue in Update Employee Information Page' is clicked on

2018-12-07 16:17:42 - [TEST_STEP][PASSED] - delay: Delayed 4 second(s)

2018-12-07 16:17:46 - [MESSAGE][PASSED] - Delayed 4 second(s)

2018-12-07 16:17:46 - [TEST_STEP][PASSED] - click: Object: 'Object Repository/Final Object Repo/Page_Update Employee Information By Employer/Page_Update Employee Information by Employer (Approve)/Save  Continue in Upload Supporting Doucument Page' is clicked on

2018-12-07 16:17:46 - [MESSAGE][PASSED] - Object: 'Object Repository/Final Object Repo/Page_Update Employee Information By Employer/Page_Update Employee Information by Employer (Approve)/Save  Continue in Upload Supporting Doucument Page' is clicked on

2018-12-07 16:17:46 - [TEST_STEP][PASSED] - delay: Delayed 2 second(s)

2018-12-07 16:17:48 - [MESSAGE][PASSED] - Delayed 2 second(s)

2018-12-07 16:17:48 - [TEST_STEP][PASSED] - click: Object: 'Object Repository/Final Object Repo/Page_Update Employee Information By Employer/Page_Update Employee Information by Employer (Reject)/Reject' is clicked on

2018-12-07 16:17:50 - [MESSAGE][PASSED] - Object: 'Object Repository/Final Object Repo/Page_Update Employee Information By Employer/Page_Update Employee Information by Employer (Reject)/Reject' is clicked on

2018-12-07 16:17:50 - [TEST_STEP][PASSED] - delay: Delayed 2 second(s)

2018-12-07 16:17:52 - [MESSAGE][PASSED] - Delayed 2 second(s)

2018-12-07 16:17:52 - [TEST_STEP][PASSED] - click: Object: 'Object Repository/Final Object Repo/Page_Update Employee Information By Employer/Page_Update Employee Information by Employer (Approve)/Confirm' is clicked on

2018-12-07 16:17:52 - [MESSAGE][PASSED] - Object: 'Object Repository/Final Object Repo/Page_Update Employee Information By Employer/Page_Update Employee Information by Employer (Approve)/Confirm' is clicked on

2018-12-07 16:17:52 - [TEST_STEP][PASSED] - delay: Delayed 2 second(s)

2018-12-07 16:17:54 - [MESSAGE][PASSED] - Delayed 2 second(s)

2018-12-07 16:17:54 - [TEST_STEP][PASSED] - verifyElementVisible: Object 'Object Repository/Final Object Repo/Page_Update Employee Information By Employer/Page_Update Employee Information by Employer (Reject)/Rejected Messeage This Case has been Rejecte' is visible

2018-12-07 16:17:57 - [MESSAGE][PASSED] - Object 'Object Repository/Final Object Repo/Page_Update Employee Information By Employer/Page_Update Employee Information by Employer (Reject)/Rejected Messeage This Case has been Rejecte' is visible

2018-12-07 16:17:57 - [TEST_STEP][PASSED] - delay: Delayed 2 second(s)

2018-12-07 16:17:59 - [MESSAGE][PASSED] - Delayed 2 second(s)

2018-12-07 16:17:59 - [TEST_STEP][PASSED] - verifyElementVisible: Object 'Object Repository/Final Object Repo/Page_Update Employee Information By Employer/Page_Update Employee Information by Employer (Reject)/Letter of update rejection' is visible

2018-12-07 16:17:59 - [MESSAGE][PASSED] - Object 'Object Repository/Final Object Repo/Page_Update Employee Information By Employer/Page_Update Employee Information by Employer (Reject)/Letter of update rejection' is visible

2018-12-07 16:17:59 - [MESSAGE][PASSED] - Call Test Case 'Test Cases/Final Aug 2018 - PKS Automation/Registration Module/Workflow/Update Employee Information (Employer)/Template/Update Employee Information - Special Case - UO (Reject)' successfully]]></system-out>
         <system-err><![CDATA[]]></system-err>
      </testcase>
      <testcase name="Test Cases/Final Aug 2018 - PKS Automation/Registration Module/Workflow/Update Employee Information (Employer)/OTC - UO (Under enforcement)" classname="Test Cases/Final Aug 2018 - PKS Automation/Registration Module/Workflow/Update Employee Information (Employer)/OTC - UO (Under enforcement)" status="PASSED">
         <system-out><![CDATA[2018-12-07 16:17:59 - [TEST_CASE][PASSED] - Test Cases/Final Aug 2018 - PKS Automation/Registration Module/Workflow/Update Employee Information (Employer)/OTC - UO (Under enforcement): Test Cases/Final Aug 2018 - PKS Automation/Registration Module/Workflow/Update Employee Information (Employer)/OTC - UO (Under enforcement)

2018-12-07 16:17:59 - [TEST_STEP][PASSED] - callTestCase: Call Test Case 'Test Cases/Final Aug 2018 - PKS Automation/Registration Module/Workflow/Update Employee Information (Employer)/Template/Update Employer Information - Special Case (OTC)' successfully

2018-12-07 16:17:59 - [TEST_CASE][PASSED] - Test Cases/Final Aug 2018 - PKS Automation/Registration Module/Workflow/Update Employee Information (Employer)/Template/Update Employer Information - Special Case (OTC): Test Cases/Final Aug 2018 - PKS Automation/Registration Module/Workflow/Update Employee Information (Employer)/Template/Update Employer Information - Special Case (OTC)

2018-12-07 16:17:59 - [TEST_STEP][PASSED] - openBrowser: Browser is opened with url: ''

2018-12-07 16:17:59 - [MESSAGE][WARNING] - A browser is already opened. Closing browser and opening a new one

2018-12-07 16:18:02 - [MESSAGE][PASSED] - Browser is opened with url: ''

2018-12-07 16:18:02 - [TEST_STEP][PASSED] - navigateToUrl: Navigate to 'https://assist2-uat.perkeso.gov.my/login' successfully

2018-12-07 16:18:04 - [MESSAGE][PASSED] - Navigate to 'https://assist2-uat.perkeso.gov.my/login' successfully

2018-12-07 16:18:04 - [TEST_STEP][PASSED] - setText: Text 'johorotc1@gmail.com' is set on object 'Object Repository/Final Object Repo/Login Page/Internal User/Email Address'

2018-12-07 16:18:04 - [MESSAGE][PASSED] - Text 'johorotc1@gmail.com' is set on object 'Object Repository/Final Object Repo/Login Page/Internal User/Email Address'

2018-12-07 16:18:04 - [TEST_STEP][PASSED] - click: Object: 'Object Repository/Final Object Repo/Login Page/Internal User/Next Button' is clicked on

2018-12-07 16:18:04 - [MESSAGE][PASSED] - Object: 'Object Repository/Final Object Repo/Login Page/Internal User/Next Button' is clicked on

2018-12-07 16:18:04 - [TEST_STEP][PASSED] - delay: Delayed 1 second(s)

2018-12-07 16:18:05 - [MESSAGE][PASSED] - Delayed 1 second(s)

2018-12-07 16:18:05 - [TEST_STEP][PASSED] - setEncryptedText: Text ****** has been set on object 'Object Repository/Final Object Repo/Login Page/Internal User/Password'

2018-12-07 16:18:05 - [MESSAGE][PASSED] - Text ****** has been set on object 'Object Repository/Final Object Repo/Login Page/Internal User/Password'

2018-12-07 16:18:05 - [TEST_STEP][PASSED] - click: Object: 'Object Repository/Final Object Repo/Login Page/Internal User/Login Button' is clicked on

2018-12-07 16:18:06 - [MESSAGE][PASSED] - Object: 'Object Repository/Final Object Repo/Login Page/Internal User/Login Button' is clicked on

2018-12-07 16:18:06 - [TEST_STEP][PASSED] - Statement - tester = com.kms.katalon.core.testobject.ObjectRepository.findTestObject(Final Object Repo/Landing Page/Select to English): Finding Test Object with id 'Object Repository/Final Object Repo/Landing Page/Select to English'

2018-12-07 16:18:06 - [TEST_STEP][PASSED] - Statement - Try: Delayed 2 second(s)

2018-12-07 16:18:06 - [TEST_STEP][PASSED] - Statement - Checker = com.kms.katalon.core.webui.keyword.WebUiBuiltInKeywords.verifyElementNotPresent(tester, 3): Web element with id: 'Object Repository/Final Object Repo/Landing Page/Select to English' located by 'By.xpath: //a[@class = 'taglib-language-list-text' and @lang = 'en-US' and (contains(text(), 'EN') or contains(., 'EN'))]' is not present after '3' second(s)

2018-12-07 16:18:08 - [MESSAGE][PASSED] - Web element with id: 'Object Repository/Final Object Repo/Landing Page/Select to English' located by 'By.xpath: //a[@class = 'taglib-language-list-text' and @lang = 'en-US' and (contains(text(), 'EN') or contains(., 'EN'))]' is not present after '3' second(s)

2018-12-07 16:18:08 - [TEST_STEP][PASSED] - Statement - If (Checker == false): null

2018-12-07 16:18:08 - [TEST_STEP][PASSED] - delay: Delayed 2 second(s)

2018-12-07 16:18:10 - [MESSAGE][PASSED] - Delayed 2 second(s)

2018-12-07 16:18:10 - [TEST_STEP][PASSED] - delay: Delayed 5 second(s)

2018-12-07 16:18:15 - [MESSAGE][PASSED] - Delayed 5 second(s)

2018-12-07 16:18:15 - [TEST_STEP][PASSED] - navigateToUrl: Navigate to 'https://assist2-uat.perkeso.gov.my/web/registration/update/update-employee-information-employer-' successfully

2018-12-07 16:18:16 - [MESSAGE][PASSED] - Navigate to 'https://assist2-uat.perkeso.gov.my/web/registration/update/update-employee-information-employer-' successfully

2018-12-07 16:18:16 - [TEST_STEP][PASSED] - setText: Text 'E1102001065V' is set on object 'Object Repository/Final Object Repo/Page_Update Employee Information By Employer/Employer Code'

2018-12-07 16:18:17 - [MESSAGE][PASSED] - Text 'E1102001065V' is set on object 'Object Repository/Final Object Repo/Page_Update Employee Information By Employer/Employer Code'

2018-12-07 16:18:17 - [TEST_STEP][PASSED] - click: Object: 'Object Repository/Final Object Repo/Page_Update Employee Information By Employer/Search Employer Code' is clicked on

2018-12-07 16:18:17 - [MESSAGE][PASSED] - Object: 'Object Repository/Final Object Repo/Page_Update Employee Information By Employer/Search Employer Code' is clicked on

2018-12-07 16:18:17 - [TEST_STEP][PASSED] - click: Object: 'Object Repository/Final Object Repo/Page_Update Employee Information By Employer/Edit Button' is clicked on

2018-12-07 16:18:21 - [MESSAGE][PASSED] - Object: 'Object Repository/Final Object Repo/Page_Update Employee Information By Employer/Edit Button' is clicked on

2018-12-07 16:18:21 - [TEST_STEP][PASSED] - click: Object: 'Object Repository/Final Object Repo/Page_Update Employee Information By Employer/Employee Name or New Identification' is clicked on

2018-12-07 16:18:21 - [MESSAGE][PASSED] - Object: 'Object Repository/Final Object Repo/Page_Update Employee Information By Employer/Employee Name or New Identification' is clicked on

2018-12-07 16:18:21 - [TEST_STEP][PASSED] - delay: Delayed 1 second(s)

2018-12-07 16:18:22 - [MESSAGE][PASSED] - Delayed 1 second(s)

2018-12-07 16:18:22 - [TEST_STEP][PASSED] - click: Object: 'Object Repository/Final Object Repo/Page_Update Employee Information By Employer/Selection - Employee Name' is clicked on

2018-12-07 16:18:22 - [MESSAGE][PASSED] - Object: 'Object Repository/Final Object Repo/Page_Update Employee Information By Employer/Selection - Employee Name' is clicked on

2018-12-07 16:18:22 - [TEST_STEP][PASSED] - delay: Delayed 1 second(s)

2018-12-07 16:18:23 - [MESSAGE][PASSED] - Delayed 1 second(s)

2018-12-07 16:18:23 - [TEST_STEP][PASSED] - setText: Text 'PERKESO' is set on object 'Object Repository/Final Object Repo/Page_Update Employee Information By Employer/Employee Name'

2018-12-07 16:18:24 - [MESSAGE][PASSED] - Text 'PERKESO' is set on object 'Object Repository/Final Object Repo/Page_Update Employee Information By Employer/Employee Name'

2018-12-07 16:18:24 - [TEST_STEP][PASSED] - delay: Delayed 2 second(s)

2018-12-07 16:18:26 - [MESSAGE][PASSED] - Delayed 2 second(s)

2018-12-07 16:18:26 - [TEST_STEP][PASSED] - click: Object: 'Object Repository/Final Object Repo/Page_Update Employee Information By Employer/Search Employee' is clicked on

2018-12-07 16:18:26 - [MESSAGE][PASSED] - Object: 'Object Repository/Final Object Repo/Page_Update Employee Information By Employer/Search Employee' is clicked on

2018-12-07 16:18:26 - [TEST_STEP][PASSED] - delay: Delayed 3 second(s)

2018-12-07 16:18:29 - [MESSAGE][PASSED] - Delayed 3 second(s)

2018-12-07 16:18:29 - [TEST_STEP][PASSED] - click: Object: 'Object Repository/Final Object Repo/Page_Update Employee Information By Employer/Employee Edit Button' is clicked on

2018-12-07 16:18:29 - [MESSAGE][PASSED] - Object: 'Object Repository/Final Object Repo/Page_Update Employee Information By Employer/Employee Edit Button' is clicked on

2018-12-07 16:18:29 - [TEST_STEP][PASSED] - delay: Delayed 3 second(s)

2018-12-07 16:18:32 - [MESSAGE][PASSED] - Delayed 3 second(s)

2018-12-07 16:18:32 - [TEST_STEP][PASSED] - setText: Text '' is set on object 'Object Repository/Final Object Repo/Page_Update Employee Information By Employer/Identification Number'

2018-12-07 16:18:32 - [MESSAGE][PASSED] - Text '' is set on object 'Object Repository/Final Object Repo/Page_Update Employee Information By Employer/Identification Number'

2018-12-07 16:18:32 - [TEST_STEP][PASSED] - Statement - rnd = new java.util.Random(): null

2018-12-07 16:18:32 - [TEST_STEP][PASSED] - Statement - snum = rnd.nextInt(899999 + 1) + 100000: null

2018-12-07 16:18:32 - [TEST_STEP][PASSED] - Statement - tnum = rnd.nextInt(899999 + 1) + 100000: null

2018-12-07 16:18:32 - [TEST_STEP][PASSED] - Statement - IC = java.lang.Integer.toString(snum) + java.lang.Integer.toString(tnum): null

2018-12-07 16:18:32 - [TEST_STEP][PASSED] - Statement - out.println(IC): null

2018-12-07 16:18:32 - [TEST_STEP][PASSED] - setText: Text '673960309861' is set on object 'Object Repository/Final Object Repo/Page_Update Employee Information By Employer/Identification Number'

2018-12-07 16:18:33 - [MESSAGE][PASSED] - Text '673960309861' is set on object 'Object Repository/Final Object Repo/Page_Update Employee Information By Employer/Identification Number'

2018-12-07 16:18:33 - [TEST_STEP][PASSED] - click: Object: 'Object Repository/Final Object Repo/Page_Update Employee Information By Employer/Save' is clicked on

2018-12-07 16:18:33 - [MESSAGE][PASSED] - Object: 'Object Repository/Final Object Repo/Page_Update Employee Information By Employer/Save' is clicked on

2018-12-07 16:18:33 - [TEST_STEP][PASSED] - delay: Delayed 5 second(s)

2018-12-07 16:18:38 - [MESSAGE][PASSED] - Delayed 5 second(s)

2018-12-07 16:18:38 - [TEST_STEP][PASSED] - Statement - CaseReferenceNo = com.kms.katalon.core.webui.keyword.WebUiBuiltInKeywords.getText(com.kms.katalon.core.testobject.ObjectRepository.findTestObject(Final Object Repo/Reference Number/Reference Number in Update Employee Information Page)): Text of object 'Object Repository/Final Object Repo/Reference Number/Reference Number in Update Employee Information Page' is: 'CUN122018C100005906'

2018-12-07 16:18:38 - [MESSAGE][PASSED] - Text of object 'Object Repository/Final Object Repo/Reference Number/Reference Number in Update Employee Information Page' is: 'CUN122018C100005906'

2018-12-07 16:18:38 - [TEST_STEP][PASSED] - callTestCase: Call Test Case 'Test Cases/Final Aug 2018 - PKS Automation/Common/Reference Number Setter' successfully

2018-12-07 16:18:38 - [TEST_CASE][PASSED] - Test Cases/Final Aug 2018 - PKS Automation/Common/Reference Number Setter: Test Cases/Final Aug 2018 - PKS Automation/Common/Reference Number Setter

2018-12-07 16:18:38 - [TEST_STEP][PASSED] - Statement - RefNoOldFile = new java.io.File(C://Users//Admin//Desktop//PKS//Automation Reference Point//KatalonReference.txt): null

2018-12-07 16:18:38 - [TEST_STEP][PASSED] - Statement - RefNoOldFile.delete(): null

2018-12-07 16:18:38 - [TEST_STEP][PASSED] - delay: Delayed 5 second(s)

2018-12-07 16:18:43 - [MESSAGE][PASSED] - Delayed 5 second(s)

2018-12-07 16:18:43 - [TEST_STEP][PASSED] - Statement - RefNo = new java.io.File(C://Users//Admin//Desktop//PKS//Automation Reference Point//KatalonReference.txt): null

2018-12-07 16:18:43 - [TEST_STEP][PASSED] - Statement - f2 = new java.io.FileWriter(RefNo, false): null

2018-12-07 16:18:43 - [TEST_STEP][PASSED] - Statement - f2.write(CaseReferenceNo): null

2018-12-07 16:18:43 - [TEST_STEP][PASSED] - Statement - f2.close(): null

2018-12-07 16:18:43 - [TEST_STEP][PASSED] - Statement - out.println("


" + CaseReferenceNo + "


"): null

2018-12-07 16:18:43 - [MESSAGE][PASSED] - Call Test Case 'Test Cases/Final Aug 2018 - PKS Automation/Common/Reference Number Setter' successfully

2018-12-07 16:18:43 - [TEST_STEP][PASSED] - delay: Delayed 5 second(s)

2018-12-07 16:18:48 - [MESSAGE][PASSED] - Delayed 5 second(s)

2018-12-07 16:18:48 - [TEST_STEP][PASSED] - click: Object: 'Object Repository/Final Object Repo/Page_Update Employee Information By Employer/Save  Continue in  Employee Information Page' is clicked on

2018-12-07 16:18:48 - [MESSAGE][PASSED] - Object: 'Object Repository/Final Object Repo/Page_Update Employee Information By Employer/Save  Continue in  Employee Information Page' is clicked on

2018-12-07 16:18:48 - [TEST_STEP][PASSED] - delay: Delayed 5 second(s)

2018-12-07 16:18:53 - [MESSAGE][PASSED] - Delayed 5 second(s)

2018-12-07 16:18:53 - [TEST_STEP][PASSED] - click: Object: 'Object Repository/Final Object Repo/Page_Update Employee Information By Employer/Save  Continue in Uploading Page 1' is clicked on

2018-12-07 16:18:54 - [MESSAGE][PASSED] - Object: 'Object Repository/Final Object Repo/Page_Update Employee Information By Employer/Save  Continue in Uploading Page 1' is clicked on

2018-12-07 16:18:54 - [TEST_STEP][PASSED] - delay: Delayed 5 second(s)

2018-12-07 16:18:59 - [MESSAGE][PASSED] - Delayed 5 second(s)

2018-12-07 16:18:59 - [TEST_STEP][PASSED] - click: Object: 'Object Repository/Final Object Repo/Page_Update Employee Information By Employer/Submit' is clicked on

2018-12-07 16:18:59 - [MESSAGE][PASSED] - Object: 'Object Repository/Final Object Repo/Page_Update Employee Information By Employer/Submit' is clicked on

2018-12-07 16:18:59 - [TEST_STEP][PASSED] - delay: Delayed 5 second(s)

2018-12-07 16:19:04 - [MESSAGE][PASSED] - Delayed 5 second(s)

2018-12-07 16:19:04 - [TEST_STEP][PASSED] - click: Object: 'Object Repository/Final Object Repo/Page_Update Employee Information By Employer/Confirm' is clicked on

2018-12-07 16:19:04 - [MESSAGE][PASSED] - Object: 'Object Repository/Final Object Repo/Page_Update Employee Information By Employer/Confirm' is clicked on

2018-12-07 16:19:04 - [TEST_STEP][PASSED] - delay: Delayed 5 second(s)

2018-12-07 16:19:09 - [MESSAGE][PASSED] - Delayed 5 second(s)

2018-12-07 16:19:09 - [TEST_STEP][PASSED] - verifyElementVisible: Object 'Object Repository/Final Object Repo/Page_Update Employee Information By Employer/Successfull Message Routed to UO' is visible

2018-12-07 16:19:09 - [MESSAGE][PASSED] - Object 'Object Repository/Final Object Repo/Page_Update Employee Information By Employer/Successfull Message Routed to UO' is visible

2018-12-07 16:19:09 - [MESSAGE][PASSED] - Call Test Case 'Test Cases/Final Aug 2018 - PKS Automation/Registration Module/Workflow/Update Employee Information (Employer)/Template/Update Employer Information - Special Case (OTC)' successfully

2018-12-07 16:19:09 - [TEST_STEP][PASSED] - callTestCase: Call Test Case 'Test Cases/Final Aug 2018 - PKS Automation/Registration Module/Workflow/Update Employee Information (Employer)/Template/Update Employee Information - Special Case - UO (UnderEnforcement)' successfully

2018-12-07 16:19:09 - [TEST_CASE][PASSED] - Test Cases/Final Aug 2018 - PKS Automation/Registration Module/Workflow/Update Employee Information (Employer)/Template/Update Employee Information - Special Case - UO (UnderEnforcement): Test Cases/Final Aug 2018 - PKS Automation/Registration Module/Workflow/Update Employee Information (Employer)/Template/Update Employee Information - Special Case - UO (UnderEnforcement)

2018-12-07 16:19:09 - [TEST_STEP][NOT_RUN] - callTestCase: NOT_RUN: callTestCase

2018-12-07 16:19:09 - [MESSAGE][NOT_RUN] - NOT_RUN: callTestCase

2018-12-07 16:19:09 - [TEST_STEP][PASSED] - delay: Delayed 2 second(s)

2018-12-07 16:19:11 - [MESSAGE][PASSED] - Delayed 2 second(s)

2018-12-07 16:19:11 - [TEST_STEP][PASSED] - navigateToUrl: Navigate to 'https://assist2-uat.perkeso.gov.my/c/portal/logout' successfully

2018-12-07 16:19:12 - [MESSAGE][PASSED] - Navigate to 'https://assist2-uat.perkeso.gov.my/c/portal/logout' successfully

2018-12-07 16:19:12 - [TEST_STEP][PASSED] - delay: Delayed 2 second(s)

2018-12-07 16:19:14 - [MESSAGE][PASSED] - Delayed 2 second(s)

2018-12-07 16:19:14 - [TEST_STEP][PASSED] - callTestCase: Call Test Case 'Test Cases/Final Aug 2018 - PKS Automation/Common/Reference Number Getter' successfully

2018-12-07 16:19:14 - [TEST_CASE][PASSED] - Test Cases/Final Aug 2018 - PKS Automation/Common/Reference Number Getter: Test Cases/Final Aug 2018 - PKS Automation/Common/Reference Number Getter

2018-12-07 16:19:14 - [TEST_STEP][PASSED] - Statement - Try: null

2018-12-07 16:19:14 - [TEST_STEP][PASSED] - Statement - RefNo = new java.io.File(C://Users//Admin//Desktop//PKS//Automation Reference Point//KatalonReference.txt): null

2018-12-07 16:19:14 - [TEST_STEP][PASSED] - Statement - bufferread = new java.io.BufferedReader(new java.io.FileReader(RefNo)): null

2018-12-07 16:19:14 - [TEST_STEP][PASSED] - Statement - readedVal = bufferread.readLine(): null

2018-12-07 16:19:14 - [TEST_STEP][PASSED] - Statement - out.println(CaseReferenceNo): null

2018-12-07 16:19:14 - [TEST_STEP][PASSED] - Statement - out.println(readedVal): null

2018-12-07 16:19:14 - [TEST_STEP][PASSED] - Statement - CaseReferenceNo = "": null

2018-12-07 16:19:14 - [TEST_STEP][PASSED] - Statement - CaseReferenceNo = readedVal: null

2018-12-07 16:19:14 - [MESSAGE][PASSED] - Call Test Case 'Test Cases/Final Aug 2018 - PKS Automation/Common/Reference Number Getter' successfully

2018-12-07 16:19:14 - [TEST_STEP][PASSED] - callTestCase: Call Test Case 'Test Cases/Final Aug 2018 - PKS Automation/Common/Workflow Owner Finder' successfully

2018-12-07 16:19:14 - [TEST_CASE][PASSED] - Test Cases/Final Aug 2018 - PKS Automation/Common/Workflow Owner Finder: Test Cases/Final Aug 2018 - PKS Automation/Common/Workflow Owner Finder

2018-12-07 16:19:14 - [TEST_STEP][PASSED] - openBrowser: Browser is opened with url: ''

2018-12-07 16:19:14 - [MESSAGE][WARNING] - A browser is already opened. Closing browser and opening a new one

2018-12-07 16:19:17 - [MESSAGE][PASSED] - Browser is opened with url: ''

2018-12-07 16:19:17 - [TEST_STEP][PASSED] - navigateToUrl: Navigate to 'https://assist2-uat.perkeso.gov.my/login' successfully

2018-12-07 16:19:18 - [MESSAGE][PASSED] - Navigate to 'https://assist2-uat.perkeso.gov.my/login' successfully

2018-12-07 16:19:18 - [TEST_STEP][PASSED] - delay: Delayed 5 second(s)

2018-12-07 16:19:23 - [MESSAGE][PASSED] - Delayed 5 second(s)

2018-12-07 16:19:23 - [TEST_STEP][PASSED] - setText: Text 'test@liferay.com' is set on object 'Object Repository/Final Object Repo/Login Page/Internal User/Email Address'

2018-12-07 16:19:23 - [MESSAGE][PASSED] - Text 'test@liferay.com' is set on object 'Object Repository/Final Object Repo/Login Page/Internal User/Email Address'

2018-12-07 16:19:23 - [TEST_STEP][PASSED] - click: Object: 'Object Repository/Final Object Repo/Login Page/Internal User/Next Button' is clicked on

2018-12-07 16:19:24 - [MESSAGE][PASSED] - Object: 'Object Repository/Final Object Repo/Login Page/Internal User/Next Button' is clicked on

2018-12-07 16:19:24 - [TEST_STEP][PASSED] - delay: Delayed 2 second(s)

2018-12-07 16:19:26 - [MESSAGE][PASSED] - Delayed 2 second(s)

2018-12-07 16:19:26 - [TEST_STEP][PASSED] - setText: Text 'test' is set on object 'Object Repository/Final Object Repo/Login Page/Internal User/Password'

2018-12-07 16:19:26 - [MESSAGE][PASSED] - Text 'test' is set on object 'Object Repository/Final Object Repo/Login Page/Internal User/Password'

2018-12-07 16:19:26 - [TEST_STEP][PASSED] - delay: Delayed 2 second(s)

2018-12-07 16:19:28 - [MESSAGE][PASSED] - Delayed 2 second(s)

2018-12-07 16:19:28 - [TEST_STEP][PASSED] - click: Object: 'Object Repository/Final Object Repo/Login Page/Internal User/Login Button' is clicked on

2018-12-07 16:19:28 - [MESSAGE][PASSED] - Object: 'Object Repository/Final Object Repo/Login Page/Internal User/Login Button' is clicked on

2018-12-07 16:19:28 - [TEST_STEP][PASSED] - Statement - tester = com.kms.katalon.core.testobject.ObjectRepository.findTestObject(Final Object Repo/Landing Page/Select to English): Finding Test Object with id 'Object Repository/Final Object Repo/Landing Page/Select to English'

2018-12-07 16:19:28 - [TEST_STEP][PASSED] - Statement - Try: Delayed 2 second(s)

2018-12-07 16:19:28 - [TEST_STEP][PASSED] - Statement - Checker = com.kms.katalon.core.webui.keyword.WebUiBuiltInKeywords.verifyElementNotPresent(tester, 3): Web element with id: 'Object Repository/Final Object Repo/Landing Page/Select to English' located by 'By.xpath: //a[@class = 'taglib-language-list-text' and @lang = 'en-US' and (contains(text(), 'EN') or contains(., 'EN'))]' is not present after '3' second(s)

2018-12-07 16:19:30 - [MESSAGE][PASSED] - Web element with id: 'Object Repository/Final Object Repo/Landing Page/Select to English' located by 'By.xpath: //a[@class = 'taglib-language-list-text' and @lang = 'en-US' and (contains(text(), 'EN') or contains(., 'EN'))]' is not present after '3' second(s)

2018-12-07 16:19:30 - [TEST_STEP][PASSED] - Statement - If (Checker == false): null

2018-12-07 16:19:30 - [TEST_STEP][PASSED] - delay: Delayed 2 second(s)

2018-12-07 16:19:32 - [MESSAGE][PASSED] - Delayed 2 second(s)

2018-12-07 16:19:32 - [TEST_STEP][PASSED] - delay: Delayed 5 second(s)

2018-12-07 16:19:37 - [MESSAGE][PASSED] - Delayed 5 second(s)

2018-12-07 16:19:37 - [TEST_STEP][PASSED] - mouseOver: Object: 'Object Repository/Final Object Repo/Landing Page/WorkFlow Menu' is hovered

2018-12-07 16:19:37 - [MESSAGE][PASSED] - Object: 'Object Repository/Final Object Repo/Landing Page/WorkFlow Menu' is hovered

2018-12-07 16:19:37 - [TEST_STEP][PASSED] - delay: Delayed 2 second(s)

2018-12-07 16:19:39 - [MESSAGE][PASSED] - Delayed 2 second(s)

2018-12-07 16:19:39 - [TEST_STEP][PASSED] - click: Object: 'Object Repository/Final Object Repo/Landing Page/Select to Workflow Listing' is clicked on

2018-12-07 16:19:41 - [MESSAGE][PASSED] - Object: 'Object Repository/Final Object Repo/Landing Page/Select to Workflow Listing' is clicked on

2018-12-07 16:19:41 - [TEST_STEP][PASSED] - delay: Delayed 2 second(s)

2018-12-07 16:19:43 - [MESSAGE][PASSED] - Delayed 2 second(s)

2018-12-07 16:19:43 - [TEST_STEP][PASSED] - click: Object: 'Object Repository/Final Object Repo/WorkFlow Listing Page/Search Information - To Put Ref No' is clicked on

2018-12-07 16:19:43 - [MESSAGE][PASSED] - Object: 'Object Repository/Final Object Repo/WorkFlow Listing Page/Search Information - To Put Ref No' is clicked on

2018-12-07 16:19:43 - [TEST_STEP][PASSED] - delay: Delayed 2 second(s)

2018-12-07 16:19:45 - [MESSAGE][PASSED] - Delayed 2 second(s)

2018-12-07 16:19:45 - [TEST_STEP][PASSED] - callTestCase: Call Test Case 'Test Cases/Final Aug 2018 - PKS Automation/Common/Reference Number Getter' successfully

2018-12-07 16:19:45 - [TEST_CASE][PASSED] - Test Cases/Final Aug 2018 - PKS Automation/Common/Reference Number Getter: Test Cases/Final Aug 2018 - PKS Automation/Common/Reference Number Getter

2018-12-07 16:19:45 - [TEST_STEP][PASSED] - Statement - Try: null

2018-12-07 16:19:45 - [TEST_STEP][PASSED] - Statement - RefNo = new java.io.File(C://Users//Admin//Desktop//PKS//Automation Reference Point//KatalonReference.txt): null

2018-12-07 16:19:45 - [TEST_STEP][PASSED] - Statement - bufferread = new java.io.BufferedReader(new java.io.FileReader(RefNo)): null

2018-12-07 16:19:45 - [TEST_STEP][PASSED] - Statement - readedVal = bufferread.readLine(): null

2018-12-07 16:19:45 - [TEST_STEP][PASSED] - Statement - out.println(CaseReferenceNo): null

2018-12-07 16:19:45 - [TEST_STEP][PASSED] - Statement - out.println(readedVal): null

2018-12-07 16:19:45 - [TEST_STEP][PASSED] - Statement - CaseReferenceNo = "": null

2018-12-07 16:19:45 - [TEST_STEP][PASSED] - Statement - CaseReferenceNo = readedVal: null

2018-12-07 16:19:45 - [MESSAGE][PASSED] - Call Test Case 'Test Cases/Final Aug 2018 - PKS Automation/Common/Reference Number Getter' successfully

2018-12-07 16:19:45 - [TEST_STEP][PASSED] - setText: Text 'CUN122018C100005906' is set on object 'Object Repository/Final Object Repo/WorkFlow Listing Page/Ref No Set Text'

2018-12-07 16:19:45 - [MESSAGE][PASSED] - Text 'CUN122018C100005906' is set on object 'Object Repository/Final Object Repo/WorkFlow Listing Page/Ref No Set Text'

2018-12-07 16:19:45 - [TEST_STEP][PASSED] - delay: Delayed 2 second(s)

2018-12-07 16:19:47 - [MESSAGE][PASSED] - Delayed 2 second(s)

2018-12-07 16:19:47 - [TEST_STEP][PASSED] - click: Object: 'Object Repository/Final Object Repo/WorkFlow Listing Page/Search Ref No Search Button' is clicked on

2018-12-07 16:19:47 - [MESSAGE][PASSED] - Object: 'Object Repository/Final Object Repo/WorkFlow Listing Page/Search Ref No Search Button' is clicked on

2018-12-07 16:19:47 - [TEST_STEP][PASSED] - delay: Delayed 6 second(s)

2018-12-07 16:19:53 - [MESSAGE][PASSED] - Delayed 6 second(s)

2018-12-07 16:19:53 - [TEST_STEP][PASSED] - click: Object: 'Object Repository/Final Object Repo/WorkFlow Listing Page/Click Continue Tooltip' is clicked on

2018-12-07 16:19:55 - [MESSAGE][PASSED] - Object: 'Object Repository/Final Object Repo/WorkFlow Listing Page/Click Continue Tooltip' is clicked on

2018-12-07 16:19:55 - [TEST_STEP][PASSED] - delay: Delayed 5 second(s)

2018-12-07 16:20:00 - [MESSAGE][PASSED] - Delayed 5 second(s)

2018-12-07 16:20:00 - [TEST_STEP][PASSED] - doubleClick: Object: 'Object Repository/Final Object Repo/WorkFlow Listing Page/Workflow Found - Listing 1' is double clicked on

2018-12-07 16:20:00 - [MESSAGE][PASSED] - Object: 'Object Repository/Final Object Repo/WorkFlow Listing Page/Workflow Found - Listing 1' is double clicked on

2018-12-07 16:20:00 - [TEST_STEP][PASSED] - Statement - println(OwnerID): null

2018-12-07 16:20:00 - [TEST_STEP][PASSED] - Statement - OwnerID = com.kms.katalon.core.webui.keyword.WebUiBuiltInKeywords.getText(com.kms.katalon.core.testobject.ObjectRepository.findTestObject(Final Object Repo/WorkFlow Listing Page/Workflow Found - Listing 1), STOP_ON_FAILURE): Text of object 'Object Repository/Final Object Repo/WorkFlow Listing Page/Workflow Found - Listing 1' is: 'JOHORuo1'

2018-12-07 16:20:00 - [MESSAGE][PASSED] - Text of object 'Object Repository/Final Object Repo/WorkFlow Listing Page/Workflow Found - Listing 1' is: 'JOHORuo1'

2018-12-07 16:20:00 - [TEST_STEP][PASSED] - Statement - OwnerID = OwnerID.toLowerCase() + "@gmail.com": null

2018-12-07 16:20:00 - [TEST_STEP][PASSED] - Statement - println(OwnerID): null

2018-12-07 16:20:00 - [TEST_STEP][PASSED] - delay: Delayed 2 second(s)

2018-12-07 16:20:02 - [MESSAGE][PASSED] - Delayed 2 second(s)

2018-12-07 16:20:02 - [MESSAGE][PASSED] - Call Test Case 'Test Cases/Final Aug 2018 - PKS Automation/Common/Workflow Owner Finder' successfully

2018-12-07 16:20:02 - [TEST_STEP][PASSED] - delay: Delayed 2 second(s)

2018-12-07 16:20:04 - [MESSAGE][PASSED] - Delayed 2 second(s)

2018-12-07 16:20:04 - [TEST_STEP][PASSED] - navigateToUrl: Navigate to 'https://assist2-uat.perkeso.gov.my/c/portal/logout' successfully

2018-12-07 16:20:05 - [MESSAGE][PASSED] - Navigate to 'https://assist2-uat.perkeso.gov.my/c/portal/logout' successfully

2018-12-07 16:20:05 - [TEST_STEP][PASSED] - delay: Delayed 2 second(s)

2018-12-07 16:20:07 - [MESSAGE][PASSED] - Delayed 2 second(s)

2018-12-07 16:20:07 - [TEST_STEP][PASSED] - callTestCase: Call Test Case 'Test Cases/Final Aug 2018 - PKS Automation/Registration Module/Workflow/Login and Search Case For Workflow' successfully

2018-12-07 16:20:07 - [TEST_CASE][PASSED] - Test Cases/Final Aug 2018 - PKS Automation/Registration Module/Workflow/Login and Search Case For Workflow: Test Cases/Final Aug 2018 - PKS Automation/Registration Module/Workflow/Login and Search Case For Workflow

2018-12-07 16:20:07 - [TEST_STEP][PASSED] - navigateToUrl: Navigate to 'https://assist2-uat.perkeso.gov.my/login' successfully

2018-12-07 16:20:08 - [MESSAGE][PASSED] - Navigate to 'https://assist2-uat.perkeso.gov.my/login' successfully

2018-12-07 16:20:08 - [TEST_STEP][PASSED] - setText: Text 'johoruo1@gmail.com' is set on object 'Object Repository/Final Object Repo/Login Page/Internal User/Email Address'

2018-12-07 16:20:08 - [MESSAGE][PASSED] - Text 'johoruo1@gmail.com' is set on object 'Object Repository/Final Object Repo/Login Page/Internal User/Email Address'

2018-12-07 16:20:08 - [TEST_STEP][PASSED] - click: Object: 'Object Repository/Final Object Repo/Login Page/Internal User/Next Button' is clicked on

2018-12-07 16:20:08 - [MESSAGE][PASSED] - Object: 'Object Repository/Final Object Repo/Login Page/Internal User/Next Button' is clicked on

2018-12-07 16:20:08 - [TEST_STEP][PASSED] - delay: Delayed 1 second(s)

2018-12-07 16:20:09 - [MESSAGE][PASSED] - Delayed 1 second(s)

2018-12-07 16:20:09 - [TEST_STEP][PASSED] - setEncryptedText: Text ****** has been set on object 'Object Repository/Final Object Repo/Login Page/Internal User/Password'

2018-12-07 16:20:09 - [MESSAGE][PASSED] - Text ****** has been set on object 'Object Repository/Final Object Repo/Login Page/Internal User/Password'

2018-12-07 16:20:09 - [TEST_STEP][PASSED] - click: Object: 'Object Repository/Final Object Repo/Login Page/Internal User/Login Button' is clicked on

2018-12-07 16:20:09 - [MESSAGE][PASSED] - Object: 'Object Repository/Final Object Repo/Login Page/Internal User/Login Button' is clicked on

2018-12-07 16:20:09 - [TEST_STEP][PASSED] - delay: Delayed 2 second(s)

2018-12-07 16:20:11 - [MESSAGE][PASSED] - Delayed 2 second(s)

2018-12-07 16:20:11 - [TEST_STEP][PASSED] - Statement - Try: Delayed 2 second(s)

2018-12-07 16:20:11 - [TEST_STEP][PASSED] - Statement - Checker = false: null

2018-12-07 16:20:11 - [TEST_STEP][PASSED] - Statement - Checker = com.kms.katalon.core.webui.keyword.WebUiBuiltInKeywords.verifyElementHasAttribute(com.kms.katalon.core.testobject.ObjectRepository.findTestObject(Final Object Repo/Landing Page/BM Detecting), "href", 20, OPTIONAL): Object 'Object Repository/Final Object Repo/Landing Page/BM Detecting' has attribute 'href'

2018-12-07 16:20:12 - [MESSAGE][PASSED] - Object 'Object Repository/Final Object Repo/Landing Page/BM Detecting' has attribute 'href'

2018-12-07 16:20:12 - [TEST_STEP][PASSED] - Statement - out.println(Checker): null

2018-12-07 16:20:12 - [TEST_STEP][PASSED] - Statement - If (Checker == false): null

2018-12-07 16:20:12 - [TEST_STEP][PASSED] - Statement - Else: null

2018-12-07 16:20:12 - [TEST_STEP][PASSED] - delay: Delayed 2 second(s)

2018-12-07 16:20:14 - [MESSAGE][PASSED] - Delayed 2 second(s)

2018-12-07 16:20:14 - [TEST_STEP][PASSED] - click: Object: 'Object Repository/Final Object Repo/Page_MyASSIST - ASSIST - Search Pending Case For Add Supporting Document/Search Information' is clicked on

2018-12-07 16:20:14 - [MESSAGE][PASSED] - Object: 'Object Repository/Final Object Repo/Page_MyASSIST - ASSIST - Search Pending Case For Add Supporting Document/Search Information' is clicked on

2018-12-07 16:20:14 - [TEST_STEP][PASSED] - delay: Delayed 3 second(s)

2018-12-07 16:20:17 - [MESSAGE][PASSED] - Delayed 3 second(s)

2018-12-07 16:20:17 - [TEST_STEP][PASSED] - sendKeys: Keys 'CUN122018C100005906' sent to object: 'Object Repository/Final Object Repo/Page_MyASSIST - ASSIST - Search Pending Case For Add Supporting Document/Reference No'

2018-12-07 16:20:17 - [MESSAGE][PASSED] - Keys 'CUN122018C100005906' sent to object: 'Object Repository/Final Object Repo/Page_MyASSIST - ASSIST - Search Pending Case For Add Supporting Document/Reference No'

2018-12-07 16:20:17 - [TEST_STEP][PASSED] - click: Object: 'Object Repository/Final Object Repo/Page_MyASSIST - ASSIST - Search Pending Case For Add Supporting Document/Search Reference No' is clicked on

2018-12-07 16:20:17 - [MESSAGE][PASSED] - Object: 'Object Repository/Final Object Repo/Page_MyASSIST - ASSIST - Search Pending Case For Add Supporting Document/Search Reference No' is clicked on

2018-12-07 16:20:17 - [TEST_STEP][PASSED] - delay: Delayed 2 second(s)

2018-12-07 16:20:19 - [MESSAGE][PASSED] - Delayed 2 second(s)

2018-12-07 16:20:19 - [TEST_STEP][PASSED] - click: Object: 'Object Repository/Final Object Repo/Page_MyASSIST - ASSIST - Search Pending Case For Add Supporting Document/Continue' is clicked on

2018-12-07 16:20:24 - [MESSAGE][PASSED] - Object: 'Object Repository/Final Object Repo/Page_MyASSIST - ASSIST - Search Pending Case For Add Supporting Document/Continue' is clicked on

2018-12-07 16:20:24 - [TEST_STEP][PASSED] - delay: Delayed 20 second(s)

2018-12-07 16:20:44 - [MESSAGE][PASSED] - Delayed 20 second(s)

2018-12-07 16:20:44 - [MESSAGE][PASSED] - Call Test Case 'Test Cases/Final Aug 2018 - PKS Automation/Registration Module/Workflow/Login and Search Case For Workflow' successfully

2018-12-07 16:20:44 - [TEST_STEP][PASSED] - delay: Delayed 2 second(s)

2018-12-07 16:20:46 - [MESSAGE][PASSED] - Delayed 2 second(s)

2018-12-07 16:20:46 - [TEST_STEP][PASSED] - click: Object: 'Object Repository/Final Object Repo/Page_Update Employee Information By Employer/Page_Update Employee Information by Employer (Approve)/Continue' is clicked on

2018-12-07 16:20:49 - [MESSAGE][PASSED] - Object: 'Object Repository/Final Object Repo/Page_Update Employee Information By Employer/Page_Update Employee Information by Employer (Approve)/Continue' is clicked on

2018-12-07 16:20:49 - [TEST_STEP][PASSED] - delay: Delayed 2 second(s)

2018-12-07 16:20:51 - [MESSAGE][PASSED] - Delayed 2 second(s)

2018-12-07 16:20:51 - [TEST_STEP][PASSED] - click: Object: 'Object Repository/Final Object Repo/Page_Update Employee Information By Employer/Page_Update Employee Information by Employer (Approve)/Save  Continue in Update Employee Information Page' is clicked on

2018-12-07 16:20:51 - [MESSAGE][PASSED] - Object: 'Object Repository/Final Object Repo/Page_Update Employee Information By Employer/Page_Update Employee Information by Employer (Approve)/Save  Continue in Update Employee Information Page' is clicked on

2018-12-07 16:20:51 - [TEST_STEP][PASSED] - delay: Delayed 4 second(s)

2018-12-07 16:20:55 - [MESSAGE][PASSED] - Delayed 4 second(s)

2018-12-07 16:20:55 - [TEST_STEP][PASSED] - click: Object: 'Object Repository/Final Object Repo/Page_Update Employee Information By Employer/Page_Update Employee Information by Employer (Approve)/Save  Continue in Upload Supporting Doucument Page' is clicked on

2018-12-07 16:20:56 - [MESSAGE][PASSED] - Object: 'Object Repository/Final Object Repo/Page_Update Employee Information By Employer/Page_Update Employee Information by Employer (Approve)/Save  Continue in Upload Supporting Doucument Page' is clicked on

2018-12-07 16:20:56 - [TEST_STEP][PASSED] - delay: Delayed 2 second(s)

2018-12-07 16:20:58 - [MESSAGE][PASSED] - Delayed 2 second(s)

2018-12-07 16:20:58 - [TEST_STEP][PASSED] - click: Object: 'Object Repository/Final Object Repo/Page_Update Employee Information By Employer/Page_Update Employee Information by Employer (Under enforcement)/Under enforcement' is clicked on

2018-12-07 16:20:59 - [MESSAGE][PASSED] - Object: 'Object Repository/Final Object Repo/Page_Update Employee Information By Employer/Page_Update Employee Information by Employer (Under enforcement)/Under enforcement' is clicked on

2018-12-07 16:20:59 - [TEST_STEP][PASSED] - delay: Delayed 2 second(s)

2018-12-07 16:21:01 - [MESSAGE][PASSED] - Delayed 2 second(s)

2018-12-07 16:21:01 - [TEST_STEP][PASSED] - setText: Text 'Remark' is set on object 'Object Repository/Final Object Repo/Page_Update Employee Information By Employer/Page_Update Employee Information by Employer (Under enforcement)/Under enforcement - Remark'

2018-12-07 16:21:03 - [MESSAGE][PASSED] - Text 'Remark' is set on object 'Object Repository/Final Object Repo/Page_Update Employee Information By Employer/Page_Update Employee Information by Employer (Under enforcement)/Under enforcement - Remark'

2018-12-07 16:21:03 - [TEST_STEP][PASSED] - delay: Delayed 2 second(s)

2018-12-07 16:21:05 - [MESSAGE][PASSED] - Delayed 2 second(s)

2018-12-07 16:21:05 - [TEST_STEP][PASSED] - click: Object: 'Object Repository/Final Object Repo/Page_Update Employee Information By Employer/Page_Update Employee Information by Employer (Under enforcement)/Save  Continu in Under enforcement Page' is clicked on

2018-12-07 16:21:05 - [MESSAGE][PASSED] - Object: 'Object Repository/Final Object Repo/Page_Update Employee Information By Employer/Page_Update Employee Information by Employer (Under enforcement)/Save  Continu in Under enforcement Page' is clicked on

2018-12-07 16:21:05 - [TEST_STEP][PASSED] - delay: Delayed 2 second(s)

2018-12-07 16:21:07 - [MESSAGE][PASSED] - Delayed 2 second(s)

2018-12-07 16:21:07 - [TEST_STEP][PASSED] - click: Object: 'Object Repository/Final Object Repo/Page_Update Employee Information By Employer/Page_Update Employee Information by Employer (Under enforcement)/Under enforceme Message The case is under enforcement' is clicked on

2018-12-07 16:21:08 - [MESSAGE][PASSED] - Object: 'Object Repository/Final Object Repo/Page_Update Employee Information By Employer/Page_Update Employee Information by Employer (Under enforcement)/Under enforceme Message The case is under enforcement' is clicked on

2018-12-07 16:21:08 - [TEST_STEP][PASSED] - click: Object: 'Object Repository/Final Object Repo/Page_Update Employee Information By Employer/Page_Update Employee Information by Employer (Under enforcement)/Under enforcement - OK button' is clicked on

2018-12-07 16:21:09 - [MESSAGE][PASSED] - Object: 'Object Repository/Final Object Repo/Page_Update Employee Information By Employer/Page_Update Employee Information by Employer (Under enforcement)/Under enforcement - OK button' is clicked on

2018-12-07 16:21:09 - [MESSAGE][PASSED] - Call Test Case 'Test Cases/Final Aug 2018 - PKS Automation/Registration Module/Workflow/Update Employee Information (Employer)/Template/Update Employee Information - Special Case - UO (UnderEnforcement)' successfully]]></system-out>
         <system-err><![CDATA[]]></system-err>
      </testcase>
      <testcase name="Test Cases/Final Aug 2018 - PKS Automation/Registration Module/Workflow/Update Employee Information (Employer)/PAU to UO (Approve)" classname="Test Cases/Final Aug 2018 - PKS Automation/Registration Module/Workflow/Update Employee Information (Employer)/PAU to UO (Approve)" status="PASSED">
         <system-out><![CDATA[2018-12-07 16:21:09 - [TEST_CASE][PASSED] - Test Cases/Final Aug 2018 - PKS Automation/Registration Module/Workflow/Update Employee Information (Employer)/PAU to UO (Approve): Test Cases/Final Aug 2018 - PKS Automation/Registration Module/Workflow/Update Employee Information (Employer)/PAU to UO (Approve)

2018-12-07 16:21:10 - [TEST_STEP][PASSED] - callTestCase: Call Test Case 'Test Cases/Final Aug 2018 - PKS Automation/Registration Module/Workflow/Update Employee Information (Employer)/Template/Update Employer Information - Special Case (PAU)' successfully

2018-12-07 16:21:10 - [TEST_CASE][PASSED] - Test Cases/Final Aug 2018 - PKS Automation/Registration Module/Workflow/Update Employee Information (Employer)/Template/Update Employer Information - Special Case (PAU): Test Cases/Final Aug 2018 - PKS Automation/Registration Module/Workflow/Update Employee Information (Employer)/Template/Update Employer Information - Special Case (PAU)

2018-12-07 16:21:10 - [TEST_STEP][PASSED] - openBrowser: Browser is opened with url: ''

2018-12-07 16:21:10 - [MESSAGE][WARNING] - A browser is already opened. Closing browser and opening a new one

2018-12-07 16:21:13 - [MESSAGE][PASSED] - Browser is opened with url: ''

2018-12-07 16:21:13 - [TEST_STEP][PASSED] - navigateToUrl: Navigate to 'https://assist2-uat.perkeso.gov.my/login' successfully

2018-12-07 16:21:14 - [MESSAGE][PASSED] - Navigate to 'https://assist2-uat.perkeso.gov.my/login' successfully

2018-12-07 16:21:14 - [TEST_STEP][PASSED] - setText: Text 'johorpau1@gmail.com' is set on object 'Object Repository/Final Object Repo/Login Page/Internal User/Email Address'

2018-12-07 16:21:14 - [MESSAGE][PASSED] - Text 'johorpau1@gmail.com' is set on object 'Object Repository/Final Object Repo/Login Page/Internal User/Email Address'

2018-12-07 16:21:14 - [TEST_STEP][PASSED] - click: Object: 'Object Repository/Final Object Repo/Login Page/Internal User/Next Button' is clicked on

2018-12-07 16:21:15 - [MESSAGE][PASSED] - Object: 'Object Repository/Final Object Repo/Login Page/Internal User/Next Button' is clicked on

2018-12-07 16:21:15 - [TEST_STEP][PASSED] - delay: Delayed 1 second(s)

2018-12-07 16:21:16 - [MESSAGE][PASSED] - Delayed 1 second(s)

2018-12-07 16:21:16 - [TEST_STEP][PASSED] - setEncryptedText: Text ****** has been set on object 'Object Repository/Final Object Repo/Login Page/Internal User/Password'

2018-12-07 16:21:16 - [MESSAGE][PASSED] - Text ****** has been set on object 'Object Repository/Final Object Repo/Login Page/Internal User/Password'

2018-12-07 16:21:16 - [TEST_STEP][PASSED] - click: Object: 'Object Repository/Final Object Repo/Login Page/Internal User/Login Button' is clicked on

2018-12-07 16:21:16 - [MESSAGE][PASSED] - Object: 'Object Repository/Final Object Repo/Login Page/Internal User/Login Button' is clicked on

2018-12-07 16:21:16 - [TEST_STEP][PASSED] - Statement - tester = com.kms.katalon.core.testobject.ObjectRepository.findTestObject(Final Object Repo/Landing Page/Select to English): Finding Test Object with id 'Object Repository/Final Object Repo/Landing Page/Select to English'

2018-12-07 16:21:16 - [TEST_STEP][PASSED] - Statement - Try: Delayed 2 second(s)

2018-12-07 16:21:16 - [TEST_STEP][PASSED] - Statement - Checker = com.kms.katalon.core.webui.keyword.WebUiBuiltInKeywords.verifyElementNotPresent(tester, 3): Web element with id: 'Object Repository/Final Object Repo/Landing Page/Select to English' located by 'By.xpath: //a[@class = 'taglib-language-list-text' and @lang = 'en-US' and (contains(text(), 'EN') or contains(., 'EN'))]' is not present after '3' second(s)

2018-12-07 16:21:18 - [MESSAGE][PASSED] - Web element with id: 'Object Repository/Final Object Repo/Landing Page/Select to English' located by 'By.xpath: //a[@class = 'taglib-language-list-text' and @lang = 'en-US' and (contains(text(), 'EN') or contains(., 'EN'))]' is not present after '3' second(s)

2018-12-07 16:21:18 - [TEST_STEP][PASSED] - Statement - If (Checker == false): null

2018-12-07 16:21:18 - [TEST_STEP][PASSED] - delay: Delayed 2 second(s)

2018-12-07 16:21:20 - [MESSAGE][PASSED] - Delayed 2 second(s)

2018-12-07 16:21:20 - [TEST_STEP][PASSED] - delay: Delayed 5 second(s)

2018-12-07 16:21:25 - [MESSAGE][PASSED] - Delayed 5 second(s)

2018-12-07 16:21:25 - [TEST_STEP][PASSED] - navigateToUrl: Navigate to 'https://assist2-uat.perkeso.gov.my/web/registration/update/update-employee-information-employer-' successfully

2018-12-07 16:21:26 - [MESSAGE][PASSED] - Navigate to 'https://assist2-uat.perkeso.gov.my/web/registration/update/update-employee-information-employer-' successfully

2018-12-07 16:21:26 - [TEST_STEP][PASSED] - setText: Text 'E1102001065V' is set on object 'Object Repository/Final Object Repo/Page_Update Employee Information By Employer/Employer Code'

2018-12-07 16:21:26 - [MESSAGE][PASSED] - Text 'E1102001065V' is set on object 'Object Repository/Final Object Repo/Page_Update Employee Information By Employer/Employer Code'

2018-12-07 16:21:26 - [TEST_STEP][PASSED] - click: Object: 'Object Repository/Final Object Repo/Page_Update Employee Information By Employer/Search Employer Code' is clicked on

2018-12-07 16:21:27 - [MESSAGE][PASSED] - Object: 'Object Repository/Final Object Repo/Page_Update Employee Information By Employer/Search Employer Code' is clicked on

2018-12-07 16:21:27 - [TEST_STEP][PASSED] - click: Object: 'Object Repository/Final Object Repo/Page_Update Employee Information By Employer/Edit Button' is clicked on

2018-12-07 16:21:30 - [MESSAGE][PASSED] - Object: 'Object Repository/Final Object Repo/Page_Update Employee Information By Employer/Edit Button' is clicked on

2018-12-07 16:21:30 - [TEST_STEP][PASSED] - click: Object: 'Object Repository/Final Object Repo/Page_Update Employee Information By Employer/Employee Name or New Identification' is clicked on

2018-12-07 16:21:30 - [MESSAGE][PASSED] - Object: 'Object Repository/Final Object Repo/Page_Update Employee Information By Employer/Employee Name or New Identification' is clicked on

2018-12-07 16:21:30 - [TEST_STEP][PASSED] - delay: Delayed 1 second(s)

2018-12-07 16:21:31 - [MESSAGE][PASSED] - Delayed 1 second(s)

2018-12-07 16:21:31 - [TEST_STEP][PASSED] - click: Object: 'Object Repository/Final Object Repo/Page_Update Employee Information By Employer/Selection - Employee Name' is clicked on

2018-12-07 16:21:32 - [MESSAGE][PASSED] - Object: 'Object Repository/Final Object Repo/Page_Update Employee Information By Employer/Selection - Employee Name' is clicked on

2018-12-07 16:21:32 - [TEST_STEP][PASSED] - delay: Delayed 1 second(s)

2018-12-07 16:21:33 - [MESSAGE][PASSED] - Delayed 1 second(s)

2018-12-07 16:21:33 - [TEST_STEP][PASSED] - setText: Text 'PERKESO' is set on object 'Object Repository/Final Object Repo/Page_Update Employee Information By Employer/Employee Name'

2018-12-07 16:21:33 - [MESSAGE][PASSED] - Text 'PERKESO' is set on object 'Object Repository/Final Object Repo/Page_Update Employee Information By Employer/Employee Name'

2018-12-07 16:21:33 - [TEST_STEP][PASSED] - delay: Delayed 2 second(s)

2018-12-07 16:21:35 - [MESSAGE][PASSED] - Delayed 2 second(s)

2018-12-07 16:21:35 - [TEST_STEP][PASSED] - click: Object: 'Object Repository/Final Object Repo/Page_Update Employee Information By Employer/Search Employee' is clicked on

2018-12-07 16:21:35 - [MESSAGE][PASSED] - Object: 'Object Repository/Final Object Repo/Page_Update Employee Information By Employer/Search Employee' is clicked on

2018-12-07 16:21:35 - [TEST_STEP][PASSED] - delay: Delayed 3 second(s)

2018-12-07 16:21:38 - [MESSAGE][PASSED] - Delayed 3 second(s)

2018-12-07 16:21:38 - [TEST_STEP][PASSED] - click: Object: 'Object Repository/Final Object Repo/Page_Update Employee Information By Employer/Employee Edit Button' is clicked on

2018-12-07 16:21:38 - [MESSAGE][PASSED] - Object: 'Object Repository/Final Object Repo/Page_Update Employee Information By Employer/Employee Edit Button' is clicked on

2018-12-07 16:21:38 - [TEST_STEP][PASSED] - delay: Delayed 3 second(s)

2018-12-07 16:21:41 - [MESSAGE][PASSED] - Delayed 3 second(s)

2018-12-07 16:21:41 - [TEST_STEP][PASSED] - setText: Text '' is set on object 'Object Repository/Final Object Repo/Page_Update Employee Information By Employer/Identification Number'

2018-12-07 16:21:42 - [MESSAGE][PASSED] - Text '' is set on object 'Object Repository/Final Object Repo/Page_Update Employee Information By Employer/Identification Number'

2018-12-07 16:21:42 - [TEST_STEP][PASSED] - Statement - rnd = new java.util.Random(): null

2018-12-07 16:21:42 - [TEST_STEP][PASSED] - Statement - snum = rnd.nextInt(899999 + 1) + 100000: null

2018-12-07 16:21:42 - [TEST_STEP][PASSED] - Statement - tnum = rnd.nextInt(899999 + 1) + 100000: null

2018-12-07 16:21:42 - [TEST_STEP][PASSED] - Statement - IC = java.lang.Integer.toString(snum) + java.lang.Integer.toString(tnum): null

2018-12-07 16:21:42 - [TEST_STEP][PASSED] - Statement - out.println(IC): null

2018-12-07 16:21:42 - [TEST_STEP][PASSED] - setText: Text '428353896852' is set on object 'Object Repository/Final Object Repo/Page_Update Employee Information By Employer/Identification Number'

2018-12-07 16:21:42 - [MESSAGE][PASSED] - Text '428353896852' is set on object 'Object Repository/Final Object Repo/Page_Update Employee Information By Employer/Identification Number'

2018-12-07 16:21:42 - [TEST_STEP][PASSED] - click: Object: 'Object Repository/Final Object Repo/Page_Update Employee Information By Employer/Save' is clicked on

2018-12-07 16:21:42 - [MESSAGE][PASSED] - Object: 'Object Repository/Final Object Repo/Page_Update Employee Information By Employer/Save' is clicked on

2018-12-07 16:21:42 - [TEST_STEP][PASSED] - delay: Delayed 5 second(s)

2018-12-07 16:21:47 - [MESSAGE][PASSED] - Delayed 5 second(s)

2018-12-07 16:21:47 - [TEST_STEP][PASSED] - Statement - CaseReferenceNo = com.kms.katalon.core.webui.keyword.WebUiBuiltInKeywords.getText(com.kms.katalon.core.testobject.ObjectRepository.findTestObject(Final Object Repo/Reference Number/Reference Number in Update Employee Information Page)): Text of object 'Object Repository/Final Object Repo/Reference Number/Reference Number in Update Employee Information Page' is: 'CUN122018C100005907'

2018-12-07 16:21:47 - [MESSAGE][PASSED] - Text of object 'Object Repository/Final Object Repo/Reference Number/Reference Number in Update Employee Information Page' is: 'CUN122018C100005907'

2018-12-07 16:21:47 - [TEST_STEP][PASSED] - callTestCase: Call Test Case 'Test Cases/Final Aug 2018 - PKS Automation/Common/Reference Number Setter' successfully

2018-12-07 16:21:47 - [TEST_CASE][PASSED] - Test Cases/Final Aug 2018 - PKS Automation/Common/Reference Number Setter: Test Cases/Final Aug 2018 - PKS Automation/Common/Reference Number Setter

2018-12-07 16:21:47 - [TEST_STEP][PASSED] - Statement - RefNoOldFile = new java.io.File(C://Users//Admin//Desktop//PKS//Automation Reference Point//KatalonReference.txt): null

2018-12-07 16:21:47 - [TEST_STEP][PASSED] - Statement - RefNoOldFile.delete(): null

2018-12-07 16:21:47 - [TEST_STEP][PASSED] - delay: Delayed 5 second(s)

2018-12-07 16:21:52 - [MESSAGE][PASSED] - Delayed 5 second(s)

2018-12-07 16:21:52 - [TEST_STEP][PASSED] - Statement - RefNo = new java.io.File(C://Users//Admin//Desktop//PKS//Automation Reference Point//KatalonReference.txt): null

2018-12-07 16:21:52 - [TEST_STEP][PASSED] - Statement - f2 = new java.io.FileWriter(RefNo, false): null

2018-12-07 16:21:52 - [TEST_STEP][PASSED] - Statement - f2.write(CaseReferenceNo): null

2018-12-07 16:21:52 - [TEST_STEP][PASSED] - Statement - f2.close(): null

2018-12-07 16:21:52 - [TEST_STEP][PASSED] - Statement - out.println("


" + CaseReferenceNo + "


"): null

2018-12-07 16:21:52 - [MESSAGE][PASSED] - Call Test Case 'Test Cases/Final Aug 2018 - PKS Automation/Common/Reference Number Setter' successfully

2018-12-07 16:21:52 - [TEST_STEP][PASSED] - delay: Delayed 5 second(s)

2018-12-07 16:21:57 - [MESSAGE][PASSED] - Delayed 5 second(s)

2018-12-07 16:21:57 - [TEST_STEP][PASSED] - click: Object: 'Object Repository/Final Object Repo/Page_Update Employee Information By Employer/Save  Continue in  Employee Information Page' is clicked on

2018-12-07 16:21:58 - [MESSAGE][PASSED] - Object: 'Object Repository/Final Object Repo/Page_Update Employee Information By Employer/Save  Continue in  Employee Information Page' is clicked on

2018-12-07 16:21:58 - [TEST_STEP][PASSED] - delay: Delayed 5 second(s)

2018-12-07 16:22:03 - [MESSAGE][PASSED] - Delayed 5 second(s)

2018-12-07 16:22:03 - [TEST_STEP][PASSED] - click: Object: 'Object Repository/Final Object Repo/Page_Update Employee Information By Employer/Save  Continue in Uploading Page 1' is clicked on

2018-12-07 16:22:03 - [MESSAGE][PASSED] - Object: 'Object Repository/Final Object Repo/Page_Update Employee Information By Employer/Save  Continue in Uploading Page 1' is clicked on

2018-12-07 16:22:03 - [TEST_STEP][PASSED] - delay: Delayed 5 second(s)

2018-12-07 16:22:08 - [MESSAGE][PASSED] - Delayed 5 second(s)

2018-12-07 16:22:08 - [TEST_STEP][PASSED] - click: Object: 'Object Repository/Final Object Repo/Page_Update Employee Information By Employer/Submit' is clicked on

2018-12-07 16:22:08 - [MESSAGE][PASSED] - Object: 'Object Repository/Final Object Repo/Page_Update Employee Information By Employer/Submit' is clicked on

2018-12-07 16:22:08 - [TEST_STEP][PASSED] - delay: Delayed 5 second(s)

2018-12-07 16:22:13 - [MESSAGE][PASSED] - Delayed 5 second(s)

2018-12-07 16:22:13 - [TEST_STEP][PASSED] - click: Object: 'Object Repository/Final Object Repo/Page_Update Employee Information By Employer/Confirm' is clicked on

2018-12-07 16:22:13 - [MESSAGE][PASSED] - Object: 'Object Repository/Final Object Repo/Page_Update Employee Information By Employer/Confirm' is clicked on

2018-12-07 16:22:13 - [TEST_STEP][PASSED] - delay: Delayed 5 second(s)

2018-12-07 16:22:18 - [MESSAGE][PASSED] - Delayed 5 second(s)

2018-12-07 16:22:18 - [TEST_STEP][PASSED] - verifyElementVisible: Object 'Object Repository/Final Object Repo/Page_Update Employee Information By Employer/Successfull Message Routed to UO' is visible

2018-12-07 16:22:18 - [MESSAGE][PASSED] - Object 'Object Repository/Final Object Repo/Page_Update Employee Information By Employer/Successfull Message Routed to UO' is visible

2018-12-07 16:22:18 - [MESSAGE][PASSED] - Call Test Case 'Test Cases/Final Aug 2018 - PKS Automation/Registration Module/Workflow/Update Employee Information (Employer)/Template/Update Employer Information - Special Case (PAU)' successfully

2018-12-07 16:22:18 - [TEST_STEP][PASSED] - callTestCase: Call Test Case 'Test Cases/Final Aug 2018 - PKS Automation/Registration Module/Workflow/Update Employee Information (Employer)/Template/Update Employee Information - Special Case - UO (Approve)' successfully

2018-12-07 16:22:18 - [TEST_CASE][PASSED] - Test Cases/Final Aug 2018 - PKS Automation/Registration Module/Workflow/Update Employee Information (Employer)/Template/Update Employee Information - Special Case - UO (Approve): Test Cases/Final Aug 2018 - PKS Automation/Registration Module/Workflow/Update Employee Information (Employer)/Template/Update Employee Information - Special Case - UO (Approve)

2018-12-07 16:22:18 - [TEST_STEP][NOT_RUN] - callTestCase: NOT_RUN: callTestCase

2018-12-07 16:22:18 - [MESSAGE][NOT_RUN] - NOT_RUN: callTestCase

2018-12-07 16:22:18 - [TEST_STEP][PASSED] - delay: Delayed 2 second(s)

2018-12-07 16:22:20 - [MESSAGE][PASSED] - Delayed 2 second(s)

2018-12-07 16:22:20 - [TEST_STEP][PASSED] - navigateToUrl: Navigate to 'https://assist2-uat.perkeso.gov.my/c/portal/logout' successfully

2018-12-07 16:22:21 - [MESSAGE][PASSED] - Navigate to 'https://assist2-uat.perkeso.gov.my/c/portal/logout' successfully

2018-12-07 16:22:21 - [TEST_STEP][PASSED] - delay: Delayed 2 second(s)

2018-12-07 16:22:23 - [MESSAGE][PASSED] - Delayed 2 second(s)

2018-12-07 16:22:23 - [TEST_STEP][PASSED] - callTestCase: Call Test Case 'Test Cases/Final Aug 2018 - PKS Automation/Common/Reference Number Getter' successfully

2018-12-07 16:22:23 - [TEST_CASE][PASSED] - Test Cases/Final Aug 2018 - PKS Automation/Common/Reference Number Getter: Test Cases/Final Aug 2018 - PKS Automation/Common/Reference Number Getter

2018-12-07 16:22:23 - [TEST_STEP][PASSED] - Statement - Try: null

2018-12-07 16:22:23 - [TEST_STEP][PASSED] - Statement - RefNo = new java.io.File(C://Users//Admin//Desktop//PKS//Automation Reference Point//KatalonReference.txt): null

2018-12-07 16:22:23 - [TEST_STEP][PASSED] - Statement - bufferread = new java.io.BufferedReader(new java.io.FileReader(RefNo)): null

2018-12-07 16:22:23 - [TEST_STEP][PASSED] - Statement - readedVal = bufferread.readLine(): null

2018-12-07 16:22:23 - [TEST_STEP][PASSED] - Statement - out.println(CaseReferenceNo): null

2018-12-07 16:22:23 - [TEST_STEP][PASSED] - Statement - out.println(readedVal): null

2018-12-07 16:22:23 - [TEST_STEP][PASSED] - Statement - CaseReferenceNo = "": null

2018-12-07 16:22:23 - [TEST_STEP][PASSED] - Statement - CaseReferenceNo = readedVal: null

2018-12-07 16:22:23 - [MESSAGE][PASSED] - Call Test Case 'Test Cases/Final Aug 2018 - PKS Automation/Common/Reference Number Getter' successfully

2018-12-07 16:22:23 - [TEST_STEP][PASSED] - callTestCase: Call Test Case 'Test Cases/Final Aug 2018 - PKS Automation/Common/Workflow Owner Finder' successfully

2018-12-07 16:22:23 - [TEST_CASE][PASSED] - Test Cases/Final Aug 2018 - PKS Automation/Common/Workflow Owner Finder: Test Cases/Final Aug 2018 - PKS Automation/Common/Workflow Owner Finder

2018-12-07 16:22:23 - [TEST_STEP][PASSED] - openBrowser: Browser is opened with url: ''

2018-12-07 16:22:24 - [MESSAGE][WARNING] - A browser is already opened. Closing browser and opening a new one

2018-12-07 16:22:26 - [MESSAGE][PASSED] - Browser is opened with url: ''

2018-12-07 16:22:26 - [TEST_STEP][PASSED] - navigateToUrl: Navigate to 'https://assist2-uat.perkeso.gov.my/login' successfully

2018-12-07 16:22:28 - [MESSAGE][PASSED] - Navigate to 'https://assist2-uat.perkeso.gov.my/login' successfully

2018-12-07 16:22:28 - [TEST_STEP][PASSED] - delay: Delayed 5 second(s)

2018-12-07 16:22:33 - [MESSAGE][PASSED] - Delayed 5 second(s)

2018-12-07 16:22:33 - [TEST_STEP][PASSED] - setText: Text 'test@liferay.com' is set on object 'Object Repository/Final Object Repo/Login Page/Internal User/Email Address'

2018-12-07 16:22:33 - [MESSAGE][PASSED] - Text 'test@liferay.com' is set on object 'Object Repository/Final Object Repo/Login Page/Internal User/Email Address'

2018-12-07 16:22:33 - [TEST_STEP][PASSED] - click: Object: 'Object Repository/Final Object Repo/Login Page/Internal User/Next Button' is clicked on

2018-12-07 16:22:33 - [MESSAGE][PASSED] - Object: 'Object Repository/Final Object Repo/Login Page/Internal User/Next Button' is clicked on

2018-12-07 16:22:33 - [TEST_STEP][PASSED] - delay: Delayed 2 second(s)

2018-12-07 16:22:35 - [MESSAGE][PASSED] - Delayed 2 second(s)

2018-12-07 16:22:35 - [TEST_STEP][PASSED] - setText: Text 'test' is set on object 'Object Repository/Final Object Repo/Login Page/Internal User/Password'

2018-12-07 16:22:35 - [MESSAGE][PASSED] - Text 'test' is set on object 'Object Repository/Final Object Repo/Login Page/Internal User/Password'

2018-12-07 16:22:35 - [TEST_STEP][PASSED] - delay: Delayed 2 second(s)

2018-12-07 16:22:37 - [MESSAGE][PASSED] - Delayed 2 second(s)

2018-12-07 16:22:37 - [TEST_STEP][PASSED] - click: Object: 'Object Repository/Final Object Repo/Login Page/Internal User/Login Button' is clicked on

2018-12-07 16:22:38 - [MESSAGE][PASSED] - Object: 'Object Repository/Final Object Repo/Login Page/Internal User/Login Button' is clicked on

2018-12-07 16:22:38 - [TEST_STEP][PASSED] - Statement - tester = com.kms.katalon.core.testobject.ObjectRepository.findTestObject(Final Object Repo/Landing Page/Select to English): Finding Test Object with id 'Object Repository/Final Object Repo/Landing Page/Select to English'

2018-12-07 16:22:38 - [TEST_STEP][PASSED] - Statement - Try: Delayed 2 second(s)

2018-12-07 16:22:38 - [TEST_STEP][PASSED] - Statement - Checker = com.kms.katalon.core.webui.keyword.WebUiBuiltInKeywords.verifyElementNotPresent(tester, 3): Web element with id: 'Object Repository/Final Object Repo/Landing Page/Select to English' located by 'By.xpath: //a[@class = 'taglib-language-list-text' and @lang = 'en-US' and (contains(text(), 'EN') or contains(., 'EN'))]' is not present after '3' second(s)

2018-12-07 16:22:40 - [MESSAGE][PASSED] - Web element with id: 'Object Repository/Final Object Repo/Landing Page/Select to English' located by 'By.xpath: //a[@class = 'taglib-language-list-text' and @lang = 'en-US' and (contains(text(), 'EN') or contains(., 'EN'))]' is not present after '3' second(s)

2018-12-07 16:22:40 - [TEST_STEP][PASSED] - Statement - If (Checker == false): null

2018-12-07 16:22:40 - [TEST_STEP][PASSED] - delay: Delayed 2 second(s)

2018-12-07 16:22:42 - [MESSAGE][PASSED] - Delayed 2 second(s)

2018-12-07 16:22:42 - [TEST_STEP][PASSED] - delay: Delayed 5 second(s)

2018-12-07 16:22:47 - [MESSAGE][PASSED] - Delayed 5 second(s)

2018-12-07 16:22:47 - [TEST_STEP][PASSED] - mouseOver: Object: 'Object Repository/Final Object Repo/Landing Page/WorkFlow Menu' is hovered

2018-12-07 16:22:47 - [MESSAGE][PASSED] - Object: 'Object Repository/Final Object Repo/Landing Page/WorkFlow Menu' is hovered

2018-12-07 16:22:47 - [TEST_STEP][PASSED] - delay: Delayed 2 second(s)

2018-12-07 16:22:49 - [MESSAGE][PASSED] - Delayed 2 second(s)

2018-12-07 16:22:49 - [TEST_STEP][PASSED] - click: Object: 'Object Repository/Final Object Repo/Landing Page/Select to Workflow Listing' is clicked on

2018-12-07 16:22:50 - [MESSAGE][PASSED] - Object: 'Object Repository/Final Object Repo/Landing Page/Select to Workflow Listing' is clicked on

2018-12-07 16:22:50 - [TEST_STEP][PASSED] - delay: Delayed 2 second(s)

2018-12-07 16:22:52 - [MESSAGE][PASSED] - Delayed 2 second(s)

2018-12-07 16:22:52 - [TEST_STEP][PASSED] - click: Object: 'Object Repository/Final Object Repo/WorkFlow Listing Page/Search Information - To Put Ref No' is clicked on

2018-12-07 16:22:52 - [MESSAGE][PASSED] - Object: 'Object Repository/Final Object Repo/WorkFlow Listing Page/Search Information - To Put Ref No' is clicked on

2018-12-07 16:22:52 - [TEST_STEP][PASSED] - delay: Delayed 2 second(s)

2018-12-07 16:22:54 - [MESSAGE][PASSED] - Delayed 2 second(s)

2018-12-07 16:22:54 - [TEST_STEP][PASSED] - callTestCase: Call Test Case 'Test Cases/Final Aug 2018 - PKS Automation/Common/Reference Number Getter' successfully

2018-12-07 16:22:54 - [TEST_CASE][PASSED] - Test Cases/Final Aug 2018 - PKS Automation/Common/Reference Number Getter: Test Cases/Final Aug 2018 - PKS Automation/Common/Reference Number Getter

2018-12-07 16:22:54 - [TEST_STEP][PASSED] - Statement - Try: null

2018-12-07 16:22:54 - [TEST_STEP][PASSED] - Statement - RefNo = new java.io.File(C://Users//Admin//Desktop//PKS//Automation Reference Point//KatalonReference.txt): null

2018-12-07 16:22:54 - [TEST_STEP][PASSED] - Statement - bufferread = new java.io.BufferedReader(new java.io.FileReader(RefNo)): null

2018-12-07 16:22:54 - [TEST_STEP][PASSED] - Statement - readedVal = bufferread.readLine(): null

2018-12-07 16:22:54 - [TEST_STEP][PASSED] - Statement - out.println(CaseReferenceNo): null

2018-12-07 16:22:54 - [TEST_STEP][PASSED] - Statement - out.println(readedVal): null

2018-12-07 16:22:54 - [TEST_STEP][PASSED] - Statement - CaseReferenceNo = "": null

2018-12-07 16:22:54 - [TEST_STEP][PASSED] - Statement - CaseReferenceNo = readedVal: null

2018-12-07 16:22:54 - [MESSAGE][PASSED] - Call Test Case 'Test Cases/Final Aug 2018 - PKS Automation/Common/Reference Number Getter' successfully

2018-12-07 16:22:54 - [TEST_STEP][PASSED] - setText: Text 'CUN122018C100005907' is set on object 'Object Repository/Final Object Repo/WorkFlow Listing Page/Ref No Set Text'

2018-12-07 16:22:55 - [MESSAGE][PASSED] - Text 'CUN122018C100005907' is set on object 'Object Repository/Final Object Repo/WorkFlow Listing Page/Ref No Set Text'

2018-12-07 16:22:55 - [TEST_STEP][PASSED] - delay: Delayed 2 second(s)

2018-12-07 16:22:57 - [MESSAGE][PASSED] - Delayed 2 second(s)

2018-12-07 16:22:57 - [TEST_STEP][PASSED] - click: Object: 'Object Repository/Final Object Repo/WorkFlow Listing Page/Search Ref No Search Button' is clicked on

2018-12-07 16:22:57 - [MESSAGE][PASSED] - Object: 'Object Repository/Final Object Repo/WorkFlow Listing Page/Search Ref No Search Button' is clicked on

2018-12-07 16:22:57 - [TEST_STEP][PASSED] - delay: Delayed 6 second(s)

2018-12-07 16:23:03 - [MESSAGE][PASSED] - Delayed 6 second(s)

2018-12-07 16:23:03 - [TEST_STEP][PASSED] - click: Object: 'Object Repository/Final Object Repo/WorkFlow Listing Page/Click Continue Tooltip' is clicked on

2018-12-07 16:23:04 - [MESSAGE][PASSED] - Object: 'Object Repository/Final Object Repo/WorkFlow Listing Page/Click Continue Tooltip' is clicked on

2018-12-07 16:23:04 - [TEST_STEP][PASSED] - delay: Delayed 5 second(s)

2018-12-07 16:23:09 - [MESSAGE][PASSED] - Delayed 5 second(s)

2018-12-07 16:23:09 - [TEST_STEP][PASSED] - doubleClick: Object: 'Object Repository/Final Object Repo/WorkFlow Listing Page/Workflow Found - Listing 1' is double clicked on

2018-12-07 16:23:09 - [MESSAGE][PASSED] - Object: 'Object Repository/Final Object Repo/WorkFlow Listing Page/Workflow Found - Listing 1' is double clicked on

2018-12-07 16:23:09 - [TEST_STEP][PASSED] - Statement - println(OwnerID): null

2018-12-07 16:23:09 - [TEST_STEP][PASSED] - Statement - OwnerID = com.kms.katalon.core.webui.keyword.WebUiBuiltInKeywords.getText(com.kms.katalon.core.testobject.ObjectRepository.findTestObject(Final Object Repo/WorkFlow Listing Page/Workflow Found - Listing 1), STOP_ON_FAILURE): Text of object 'Object Repository/Final Object Repo/WorkFlow Listing Page/Workflow Found - Listing 1' is: 'JOHORuo2'

2018-12-07 16:23:09 - [MESSAGE][PASSED] - Text of object 'Object Repository/Final Object Repo/WorkFlow Listing Page/Workflow Found - Listing 1' is: 'JOHORuo2'

2018-12-07 16:23:09 - [TEST_STEP][PASSED] - Statement - OwnerID = OwnerID.toLowerCase() + "@gmail.com": null

2018-12-07 16:23:09 - [TEST_STEP][PASSED] - Statement - println(OwnerID): null

2018-12-07 16:23:09 - [TEST_STEP][PASSED] - delay: Delayed 2 second(s)

2018-12-07 16:23:11 - [MESSAGE][PASSED] - Delayed 2 second(s)

2018-12-07 16:23:11 - [MESSAGE][PASSED] - Call Test Case 'Test Cases/Final Aug 2018 - PKS Automation/Common/Workflow Owner Finder' successfully

2018-12-07 16:23:11 - [TEST_STEP][PASSED] - delay: Delayed 2 second(s)

2018-12-07 16:23:13 - [MESSAGE][PASSED] - Delayed 2 second(s)

2018-12-07 16:23:13 - [TEST_STEP][PASSED] - navigateToUrl: Navigate to 'https://assist2-uat.perkeso.gov.my/c/portal/logout' successfully

2018-12-07 16:23:14 - [MESSAGE][PASSED] - Navigate to 'https://assist2-uat.perkeso.gov.my/c/portal/logout' successfully

2018-12-07 16:23:14 - [TEST_STEP][PASSED] - delay: Delayed 2 second(s)

2018-12-07 16:23:16 - [MESSAGE][PASSED] - Delayed 2 second(s)

2018-12-07 16:23:16 - [TEST_STEP][PASSED] - callTestCase: Call Test Case 'Test Cases/Final Aug 2018 - PKS Automation/Registration Module/Workflow/Login and Search Case For Workflow' successfully

2018-12-07 16:23:16 - [TEST_CASE][PASSED] - Test Cases/Final Aug 2018 - PKS Automation/Registration Module/Workflow/Login and Search Case For Workflow: Test Cases/Final Aug 2018 - PKS Automation/Registration Module/Workflow/Login and Search Case For Workflow

2018-12-07 16:23:16 - [TEST_STEP][PASSED] - navigateToUrl: Navigate to 'https://assist2-uat.perkeso.gov.my/login' successfully

2018-12-07 16:23:16 - [MESSAGE][PASSED] - Navigate to 'https://assist2-uat.perkeso.gov.my/login' successfully

2018-12-07 16:23:16 - [TEST_STEP][PASSED] - setText: Text 'johoruo2@gmail.com' is set on object 'Object Repository/Final Object Repo/Login Page/Internal User/Email Address'

2018-12-07 16:23:17 - [MESSAGE][PASSED] - Text 'johoruo2@gmail.com' is set on object 'Object Repository/Final Object Repo/Login Page/Internal User/Email Address'

2018-12-07 16:23:17 - [TEST_STEP][PASSED] - click: Object: 'Object Repository/Final Object Repo/Login Page/Internal User/Next Button' is clicked on

2018-12-07 16:23:17 - [MESSAGE][PASSED] - Object: 'Object Repository/Final Object Repo/Login Page/Internal User/Next Button' is clicked on

2018-12-07 16:23:17 - [TEST_STEP][PASSED] - delay: Delayed 1 second(s)

2018-12-07 16:23:18 - [MESSAGE][PASSED] - Delayed 1 second(s)

2018-12-07 16:23:18 - [TEST_STEP][PASSED] - setEncryptedText: Text ****** has been set on object 'Object Repository/Final Object Repo/Login Page/Internal User/Password'

2018-12-07 16:23:18 - [MESSAGE][PASSED] - Text ****** has been set on object 'Object Repository/Final Object Repo/Login Page/Internal User/Password'

2018-12-07 16:23:18 - [TEST_STEP][PASSED] - click: Object: 'Object Repository/Final Object Repo/Login Page/Internal User/Login Button' is clicked on

2018-12-07 16:23:18 - [MESSAGE][PASSED] - Object: 'Object Repository/Final Object Repo/Login Page/Internal User/Login Button' is clicked on

2018-12-07 16:23:18 - [TEST_STEP][PASSED] - delay: Delayed 2 second(s)

2018-12-07 16:23:20 - [MESSAGE][PASSED] - Delayed 2 second(s)

2018-12-07 16:23:20 - [TEST_STEP][PASSED] - Statement - Try: Delayed 2 second(s)

2018-12-07 16:23:20 - [TEST_STEP][PASSED] - Statement - Checker = false: null

2018-12-07 16:23:20 - [TEST_STEP][PASSED] - Statement - Checker = com.kms.katalon.core.webui.keyword.WebUiBuiltInKeywords.verifyElementHasAttribute(com.kms.katalon.core.testobject.ObjectRepository.findTestObject(Final Object Repo/Landing Page/BM Detecting), "href", 20, OPTIONAL): Object 'Object Repository/Final Object Repo/Landing Page/BM Detecting' has attribute 'href'

2018-12-07 16:23:20 - [MESSAGE][PASSED] - Object 'Object Repository/Final Object Repo/Landing Page/BM Detecting' has attribute 'href'

2018-12-07 16:23:20 - [TEST_STEP][PASSED] - Statement - out.println(Checker): null

2018-12-07 16:23:20 - [TEST_STEP][PASSED] - Statement - If (Checker == false): null

2018-12-07 16:23:20 - [TEST_STEP][PASSED] - Statement - Else: null

2018-12-07 16:23:20 - [TEST_STEP][PASSED] - delay: Delayed 2 second(s)

2018-12-07 16:23:22 - [MESSAGE][PASSED] - Delayed 2 second(s)

2018-12-07 16:23:22 - [TEST_STEP][PASSED] - click: Object: 'Object Repository/Final Object Repo/Page_MyASSIST - ASSIST - Search Pending Case For Add Supporting Document/Search Information' is clicked on

2018-12-07 16:23:23 - [MESSAGE][PASSED] - Object: 'Object Repository/Final Object Repo/Page_MyASSIST - ASSIST - Search Pending Case For Add Supporting Document/Search Information' is clicked on

2018-12-07 16:23:23 - [TEST_STEP][PASSED] - delay: Delayed 3 second(s)

2018-12-07 16:23:26 - [MESSAGE][PASSED] - Delayed 3 second(s)

2018-12-07 16:23:26 - [TEST_STEP][PASSED] - sendKeys: Keys 'CUN122018C100005907' sent to object: 'Object Repository/Final Object Repo/Page_MyASSIST - ASSIST - Search Pending Case For Add Supporting Document/Reference No'

2018-12-07 16:23:26 - [MESSAGE][PASSED] - Keys 'CUN122018C100005907' sent to object: 'Object Repository/Final Object Repo/Page_MyASSIST - ASSIST - Search Pending Case For Add Supporting Document/Reference No'

2018-12-07 16:23:26 - [TEST_STEP][PASSED] - click: Object: 'Object Repository/Final Object Repo/Page_MyASSIST - ASSIST - Search Pending Case For Add Supporting Document/Search Reference No' is clicked on

2018-12-07 16:23:26 - [MESSAGE][PASSED] - Object: 'Object Repository/Final Object Repo/Page_MyASSIST - ASSIST - Search Pending Case For Add Supporting Document/Search Reference No' is clicked on

2018-12-07 16:23:26 - [TEST_STEP][PASSED] - delay: Delayed 2 second(s)

2018-12-07 16:23:28 - [MESSAGE][PASSED] - Delayed 2 second(s)

2018-12-07 16:23:28 - [TEST_STEP][PASSED] - click: Object: 'Object Repository/Final Object Repo/Page_MyASSIST - ASSIST - Search Pending Case For Add Supporting Document/Continue' is clicked on

2018-12-07 16:23:32 - [MESSAGE][PASSED] - Object: 'Object Repository/Final Object Repo/Page_MyASSIST - ASSIST - Search Pending Case For Add Supporting Document/Continue' is clicked on

2018-12-07 16:23:32 - [TEST_STEP][PASSED] - delay: Delayed 20 second(s)

2018-12-07 16:23:52 - [MESSAGE][PASSED] - Delayed 20 second(s)

2018-12-07 16:23:52 - [MESSAGE][PASSED] - Call Test Case 'Test Cases/Final Aug 2018 - PKS Automation/Registration Module/Workflow/Login and Search Case For Workflow' successfully

2018-12-07 16:23:52 - [TEST_STEP][PASSED] - delay: Delayed 2 second(s)

2018-12-07 16:23:54 - [MESSAGE][PASSED] - Delayed 2 second(s)

2018-12-07 16:23:54 - [TEST_STEP][PASSED] - click: Object: 'Object Repository/Final Object Repo/Page_Update Employee Information By Employer/Page_Update Employee Information by Employer (Approve)/Continue' is clicked on

2018-12-07 16:23:57 - [MESSAGE][PASSED] - Object: 'Object Repository/Final Object Repo/Page_Update Employee Information By Employer/Page_Update Employee Information by Employer (Approve)/Continue' is clicked on

2018-12-07 16:23:57 - [TEST_STEP][PASSED] - delay: Delayed 2 second(s)

2018-12-07 16:23:59 - [MESSAGE][PASSED] - Delayed 2 second(s)

2018-12-07 16:23:59 - [TEST_STEP][PASSED] - click: Object: 'Object Repository/Final Object Repo/Page_Update Employee Information By Employer/Page_Update Employee Information by Employer (Approve)/Save  Continue in Update Employee Information Page' is clicked on

2018-12-07 16:23:59 - [MESSAGE][PASSED] - Object: 'Object Repository/Final Object Repo/Page_Update Employee Information By Employer/Page_Update Employee Information by Employer (Approve)/Save  Continue in Update Employee Information Page' is clicked on

2018-12-07 16:23:59 - [TEST_STEP][PASSED] - delay: Delayed 4 second(s)

2018-12-07 16:24:03 - [MESSAGE][PASSED] - Delayed 4 second(s)

2018-12-07 16:24:03 - [TEST_STEP][PASSED] - click: Object: 'Object Repository/Final Object Repo/Page_Update Employee Information By Employer/Page_Update Employee Information by Employer (Approve)/Save  Continue in Upload Supporting Doucument Page' is clicked on

2018-12-07 16:24:04 - [MESSAGE][PASSED] - Object: 'Object Repository/Final Object Repo/Page_Update Employee Information By Employer/Page_Update Employee Information by Employer (Approve)/Save  Continue in Upload Supporting Doucument Page' is clicked on

2018-12-07 16:24:04 - [TEST_STEP][PASSED] - delay: Delayed 2 second(s)

2018-12-07 16:24:06 - [MESSAGE][PASSED] - Delayed 2 second(s)

2018-12-07 16:24:06 - [TEST_STEP][PASSED] - click: Object: 'Object Repository/Final Object Repo/Page_Update Employee Information By Employer/Page_Update Employee Information by Employer (Approve)/Approve' is clicked on

2018-12-07 16:24:07 - [MESSAGE][PASSED] - Object: 'Object Repository/Final Object Repo/Page_Update Employee Information By Employer/Page_Update Employee Information by Employer (Approve)/Approve' is clicked on

2018-12-07 16:24:07 - [TEST_STEP][PASSED] - delay: Delayed 2 second(s)

2018-12-07 16:24:09 - [MESSAGE][PASSED] - Delayed 2 second(s)

2018-12-07 16:24:09 - [TEST_STEP][PASSED] - click: Object: 'Object Repository/Final Object Repo/Page_Update Employee Information By Employer/Page_Update Employee Information by Employer (Approve)/Confirm' is clicked on

2018-12-07 16:24:09 - [MESSAGE][PASSED] - Object: 'Object Repository/Final Object Repo/Page_Update Employee Information By Employer/Page_Update Employee Information by Employer (Approve)/Confirm' is clicked on

2018-12-07 16:24:09 - [TEST_STEP][PASSED] - delay: Delayed 2 second(s)

2018-12-07 16:24:11 - [MESSAGE][PASSED] - Delayed 2 second(s)

2018-12-07 16:24:11 - [TEST_STEP][PASSED] - verifyElementVisible: Object 'Object Repository/Final Object Repo/Page_Update Employee Information By Employer/Page_Update Employee Information by Employer (Approve)/Successfull Message Submitted Successfully' is visible

2018-12-07 16:24:15 - [MESSAGE][PASSED] - Object 'Object Repository/Final Object Repo/Page_Update Employee Information By Employer/Page_Update Employee Information by Employer (Approve)/Successfull Message Submitted Successfully' is visible

2018-12-07 16:24:15 - [TEST_STEP][PASSED] - delay: Delayed 2 second(s)

2018-12-07 16:24:17 - [MESSAGE][PASSED] - Delayed 2 second(s)

2018-12-07 16:24:17 - [TEST_STEP][PASSED] - verifyElementVisible: Object 'Object Repository/Final Object Repo/Page_Update Employee Information By Employer/Page_Update Employee Information by Employer (Approve)/Letter of Successful update' is visible

2018-12-07 16:24:17 - [MESSAGE][PASSED] - Object 'Object Repository/Final Object Repo/Page_Update Employee Information By Employer/Page_Update Employee Information by Employer (Approve)/Letter of Successful update' is visible

2018-12-07 16:24:17 - [MESSAGE][PASSED] - Call Test Case 'Test Cases/Final Aug 2018 - PKS Automation/Registration Module/Workflow/Update Employee Information (Employer)/Template/Update Employee Information - Special Case - UO (Approve)' successfully]]></system-out>
         <system-err><![CDATA[]]></system-err>
      </testcase>
      <testcase name="Test Cases/Final Aug 2018 - PKS Automation/Registration Module/Workflow/Update Employee Information (Employer)/PAU to UO (Query)" classname="Test Cases/Final Aug 2018 - PKS Automation/Registration Module/Workflow/Update Employee Information (Employer)/PAU to UO (Query)" status="PASSED">
         <system-out><![CDATA[2018-12-07 16:24:17 - [TEST_CASE][PASSED] - Test Cases/Final Aug 2018 - PKS Automation/Registration Module/Workflow/Update Employee Information (Employer)/PAU to UO (Query): Test Cases/Final Aug 2018 - PKS Automation/Registration Module/Workflow/Update Employee Information (Employer)/PAU to UO (Query)

2018-12-07 16:24:18 - [TEST_STEP][PASSED] - callTestCase: Call Test Case 'Test Cases/Final Aug 2018 - PKS Automation/Registration Module/Workflow/Update Employee Information (Employer)/Template/Update Employer Information - Special Case (PAU)' successfully

2018-12-07 16:24:18 - [TEST_CASE][PASSED] - Test Cases/Final Aug 2018 - PKS Automation/Registration Module/Workflow/Update Employee Information (Employer)/Template/Update Employer Information - Special Case (PAU): Test Cases/Final Aug 2018 - PKS Automation/Registration Module/Workflow/Update Employee Information (Employer)/Template/Update Employer Information - Special Case (PAU)

2018-12-07 16:24:18 - [TEST_STEP][PASSED] - openBrowser: Browser is opened with url: ''

2018-12-07 16:24:18 - [MESSAGE][WARNING] - A browser is already opened. Closing browser and opening a new one

2018-12-07 16:24:20 - [MESSAGE][PASSED] - Browser is opened with url: ''

2018-12-07 16:24:20 - [TEST_STEP][PASSED] - navigateToUrl: Navigate to 'https://assist2-uat.perkeso.gov.my/login' successfully

2018-12-07 16:24:22 - [MESSAGE][PASSED] - Navigate to 'https://assist2-uat.perkeso.gov.my/login' successfully

2018-12-07 16:24:22 - [TEST_STEP][PASSED] - setText: Text 'johorpau1@gmail.com' is set on object 'Object Repository/Final Object Repo/Login Page/Internal User/Email Address'

2018-12-07 16:24:22 - [MESSAGE][PASSED] - Text 'johorpau1@gmail.com' is set on object 'Object Repository/Final Object Repo/Login Page/Internal User/Email Address'

2018-12-07 16:24:22 - [TEST_STEP][PASSED] - click: Object: 'Object Repository/Final Object Repo/Login Page/Internal User/Next Button' is clicked on

2018-12-07 16:24:22 - [MESSAGE][PASSED] - Object: 'Object Repository/Final Object Repo/Login Page/Internal User/Next Button' is clicked on

2018-12-07 16:24:22 - [TEST_STEP][PASSED] - delay: Delayed 1 second(s)

2018-12-07 16:24:23 - [MESSAGE][PASSED] - Delayed 1 second(s)

2018-12-07 16:24:23 - [TEST_STEP][PASSED] - setEncryptedText: Text ****** has been set on object 'Object Repository/Final Object Repo/Login Page/Internal User/Password'

2018-12-07 16:24:24 - [MESSAGE][PASSED] - Text ****** has been set on object 'Object Repository/Final Object Repo/Login Page/Internal User/Password'

2018-12-07 16:24:24 - [TEST_STEP][PASSED] - click: Object: 'Object Repository/Final Object Repo/Login Page/Internal User/Login Button' is clicked on

2018-12-07 16:24:24 - [MESSAGE][PASSED] - Object: 'Object Repository/Final Object Repo/Login Page/Internal User/Login Button' is clicked on

2018-12-07 16:24:24 - [TEST_STEP][PASSED] - Statement - tester = com.kms.katalon.core.testobject.ObjectRepository.findTestObject(Final Object Repo/Landing Page/Select to English): Finding Test Object with id 'Object Repository/Final Object Repo/Landing Page/Select to English'

2018-12-07 16:24:24 - [TEST_STEP][PASSED] - Statement - Try: Delayed 2 second(s)

2018-12-07 16:24:24 - [TEST_STEP][PASSED] - Statement - Checker = com.kms.katalon.core.webui.keyword.WebUiBuiltInKeywords.verifyElementNotPresent(tester, 3): Web element with id: 'Object Repository/Final Object Repo/Landing Page/Select to English' located by 'By.xpath: //a[@class = 'taglib-language-list-text' and @lang = 'en-US' and (contains(text(), 'EN') or contains(., 'EN'))]' is not present after '3' second(s)

2018-12-07 16:24:26 - [MESSAGE][PASSED] - Web element with id: 'Object Repository/Final Object Repo/Landing Page/Select to English' located by 'By.xpath: //a[@class = 'taglib-language-list-text' and @lang = 'en-US' and (contains(text(), 'EN') or contains(., 'EN'))]' is not present after '3' second(s)

2018-12-07 16:24:26 - [TEST_STEP][PASSED] - Statement - If (Checker == false): null

2018-12-07 16:24:26 - [TEST_STEP][PASSED] - delay: Delayed 2 second(s)

2018-12-07 16:24:28 - [MESSAGE][PASSED] - Delayed 2 second(s)

2018-12-07 16:24:28 - [TEST_STEP][PASSED] - delay: Delayed 5 second(s)

2018-12-07 16:24:33 - [MESSAGE][PASSED] - Delayed 5 second(s)

2018-12-07 16:24:33 - [TEST_STEP][PASSED] - navigateToUrl: Navigate to 'https://assist2-uat.perkeso.gov.my/web/registration/update/update-employee-information-employer-' successfully

2018-12-07 16:24:34 - [MESSAGE][PASSED] - Navigate to 'https://assist2-uat.perkeso.gov.my/web/registration/update/update-employee-information-employer-' successfully

2018-12-07 16:24:34 - [TEST_STEP][PASSED] - setText: Text 'E1102001065V' is set on object 'Object Repository/Final Object Repo/Page_Update Employee Information By Employer/Employer Code'

2018-12-07 16:24:34 - [MESSAGE][PASSED] - Text 'E1102001065V' is set on object 'Object Repository/Final Object Repo/Page_Update Employee Information By Employer/Employer Code'

2018-12-07 16:24:34 - [TEST_STEP][PASSED] - click: Object: 'Object Repository/Final Object Repo/Page_Update Employee Information By Employer/Search Employer Code' is clicked on

2018-12-07 16:24:34 - [MESSAGE][PASSED] - Object: 'Object Repository/Final Object Repo/Page_Update Employee Information By Employer/Search Employer Code' is clicked on

2018-12-07 16:24:34 - [TEST_STEP][PASSED] - click: Object: 'Object Repository/Final Object Repo/Page_Update Employee Information By Employer/Edit Button' is clicked on

2018-12-07 16:24:38 - [MESSAGE][PASSED] - Object: 'Object Repository/Final Object Repo/Page_Update Employee Information By Employer/Edit Button' is clicked on

2018-12-07 16:24:38 - [TEST_STEP][PASSED] - click: Object: 'Object Repository/Final Object Repo/Page_Update Employee Information By Employer/Employee Name or New Identification' is clicked on

2018-12-07 16:24:38 - [MESSAGE][PASSED] - Object: 'Object Repository/Final Object Repo/Page_Update Employee Information By Employer/Employee Name or New Identification' is clicked on

2018-12-07 16:24:38 - [TEST_STEP][PASSED] - delay: Delayed 1 second(s)

2018-12-07 16:24:39 - [MESSAGE][PASSED] - Delayed 1 second(s)

2018-12-07 16:24:39 - [TEST_STEP][PASSED] - click: Object: 'Object Repository/Final Object Repo/Page_Update Employee Information By Employer/Selection - Employee Name' is clicked on

2018-12-07 16:24:40 - [MESSAGE][PASSED] - Object: 'Object Repository/Final Object Repo/Page_Update Employee Information By Employer/Selection - Employee Name' is clicked on

2018-12-07 16:24:40 - [TEST_STEP][PASSED] - delay: Delayed 1 second(s)

2018-12-07 16:24:41 - [MESSAGE][PASSED] - Delayed 1 second(s)

2018-12-07 16:24:41 - [TEST_STEP][PASSED] - setText: Text 'PERKESO' is set on object 'Object Repository/Final Object Repo/Page_Update Employee Information By Employer/Employee Name'

2018-12-07 16:24:41 - [MESSAGE][PASSED] - Text 'PERKESO' is set on object 'Object Repository/Final Object Repo/Page_Update Employee Information By Employer/Employee Name'

2018-12-07 16:24:41 - [TEST_STEP][PASSED] - delay: Delayed 2 second(s)

2018-12-07 16:24:43 - [MESSAGE][PASSED] - Delayed 2 second(s)

2018-12-07 16:24:43 - [TEST_STEP][PASSED] - click: Object: 'Object Repository/Final Object Repo/Page_Update Employee Information By Employer/Search Employee' is clicked on

2018-12-07 16:24:43 - [MESSAGE][PASSED] - Object: 'Object Repository/Final Object Repo/Page_Update Employee Information By Employer/Search Employee' is clicked on

2018-12-07 16:24:43 - [TEST_STEP][PASSED] - delay: Delayed 3 second(s)

2018-12-07 16:24:46 - [MESSAGE][PASSED] - Delayed 3 second(s)

2018-12-07 16:24:46 - [TEST_STEP][PASSED] - click: Object: 'Object Repository/Final Object Repo/Page_Update Employee Information By Employer/Employee Edit Button' is clicked on

2018-12-07 16:24:46 - [MESSAGE][PASSED] - Object: 'Object Repository/Final Object Repo/Page_Update Employee Information By Employer/Employee Edit Button' is clicked on

2018-12-07 16:24:46 - [TEST_STEP][PASSED] - delay: Delayed 3 second(s)

2018-12-07 16:24:49 - [MESSAGE][PASSED] - Delayed 3 second(s)

2018-12-07 16:24:49 - [TEST_STEP][PASSED] - setText: Text '' is set on object 'Object Repository/Final Object Repo/Page_Update Employee Information By Employer/Identification Number'

2018-12-07 16:24:50 - [MESSAGE][PASSED] - Text '' is set on object 'Object Repository/Final Object Repo/Page_Update Employee Information By Employer/Identification Number'

2018-12-07 16:24:50 - [TEST_STEP][PASSED] - Statement - rnd = new java.util.Random(): null

2018-12-07 16:24:50 - [TEST_STEP][PASSED] - Statement - snum = rnd.nextInt(899999 + 1) + 100000: null

2018-12-07 16:24:50 - [TEST_STEP][PASSED] - Statement - tnum = rnd.nextInt(899999 + 1) + 100000: null

2018-12-07 16:24:50 - [TEST_STEP][PASSED] - Statement - IC = java.lang.Integer.toString(snum) + java.lang.Integer.toString(tnum): null

2018-12-07 16:24:50 - [TEST_STEP][PASSED] - Statement - out.println(IC): null

2018-12-07 16:24:50 - [TEST_STEP][PASSED] - setText: Text '576188539068' is set on object 'Object Repository/Final Object Repo/Page_Update Employee Information By Employer/Identification Number'

2018-12-07 16:24:50 - [MESSAGE][PASSED] - Text '576188539068' is set on object 'Object Repository/Final Object Repo/Page_Update Employee Information By Employer/Identification Number'

2018-12-07 16:24:50 - [TEST_STEP][PASSED] - click: Object: 'Object Repository/Final Object Repo/Page_Update Employee Information By Employer/Save' is clicked on

2018-12-07 16:24:50 - [MESSAGE][PASSED] - Object: 'Object Repository/Final Object Repo/Page_Update Employee Information By Employer/Save' is clicked on

2018-12-07 16:24:50 - [TEST_STEP][PASSED] - delay: Delayed 5 second(s)

2018-12-07 16:24:55 - [MESSAGE][PASSED] - Delayed 5 second(s)

2018-12-07 16:24:55 - [TEST_STEP][PASSED] - Statement - CaseReferenceNo = com.kms.katalon.core.webui.keyword.WebUiBuiltInKeywords.getText(com.kms.katalon.core.testobject.ObjectRepository.findTestObject(Final Object Repo/Reference Number/Reference Number in Update Employee Information Page)): Text of object 'Object Repository/Final Object Repo/Reference Number/Reference Number in Update Employee Information Page' is: 'CUN122018C100005908'

2018-12-07 16:24:55 - [MESSAGE][PASSED] - Text of object 'Object Repository/Final Object Repo/Reference Number/Reference Number in Update Employee Information Page' is: 'CUN122018C100005908'

2018-12-07 16:24:55 - [TEST_STEP][PASSED] - callTestCase: Call Test Case 'Test Cases/Final Aug 2018 - PKS Automation/Common/Reference Number Setter' successfully

2018-12-07 16:24:55 - [TEST_CASE][PASSED] - Test Cases/Final Aug 2018 - PKS Automation/Common/Reference Number Setter: Test Cases/Final Aug 2018 - PKS Automation/Common/Reference Number Setter

2018-12-07 16:24:55 - [TEST_STEP][PASSED] - Statement - RefNoOldFile = new java.io.File(C://Users//Admin//Desktop//PKS//Automation Reference Point//KatalonReference.txt): null

2018-12-07 16:24:55 - [TEST_STEP][PASSED] - Statement - RefNoOldFile.delete(): null

2018-12-07 16:24:55 - [TEST_STEP][PASSED] - delay: Delayed 5 second(s)

2018-12-07 16:25:00 - [MESSAGE][PASSED] - Delayed 5 second(s)

2018-12-07 16:25:00 - [TEST_STEP][PASSED] - Statement - RefNo = new java.io.File(C://Users//Admin//Desktop//PKS//Automation Reference Point//KatalonReference.txt): null

2018-12-07 16:25:00 - [TEST_STEP][PASSED] - Statement - f2 = new java.io.FileWriter(RefNo, false): null

2018-12-07 16:25:00 - [TEST_STEP][PASSED] - Statement - f2.write(CaseReferenceNo): null

2018-12-07 16:25:00 - [TEST_STEP][PASSED] - Statement - f2.close(): null

2018-12-07 16:25:00 - [TEST_STEP][PASSED] - Statement - out.println("


" + CaseReferenceNo + "


"): null

2018-12-07 16:25:00 - [MESSAGE][PASSED] - Call Test Case 'Test Cases/Final Aug 2018 - PKS Automation/Common/Reference Number Setter' successfully

2018-12-07 16:25:00 - [TEST_STEP][PASSED] - delay: Delayed 5 second(s)

2018-12-07 16:25:05 - [MESSAGE][PASSED] - Delayed 5 second(s)

2018-12-07 16:25:05 - [TEST_STEP][PASSED] - click: Object: 'Object Repository/Final Object Repo/Page_Update Employee Information By Employer/Save  Continue in  Employee Information Page' is clicked on

2018-12-07 16:25:06 - [MESSAGE][PASSED] - Object: 'Object Repository/Final Object Repo/Page_Update Employee Information By Employer/Save  Continue in  Employee Information Page' is clicked on

2018-12-07 16:25:06 - [TEST_STEP][PASSED] - delay: Delayed 5 second(s)

2018-12-07 16:25:11 - [MESSAGE][PASSED] - Delayed 5 second(s)

2018-12-07 16:25:11 - [TEST_STEP][PASSED] - click: Object: 'Object Repository/Final Object Repo/Page_Update Employee Information By Employer/Save  Continue in Uploading Page 1' is clicked on

2018-12-07 16:25:11 - [MESSAGE][PASSED] - Object: 'Object Repository/Final Object Repo/Page_Update Employee Information By Employer/Save  Continue in Uploading Page 1' is clicked on

2018-12-07 16:25:11 - [TEST_STEP][PASSED] - delay: Delayed 5 second(s)

2018-12-07 16:25:16 - [MESSAGE][PASSED] - Delayed 5 second(s)

2018-12-07 16:25:16 - [TEST_STEP][PASSED] - click: Object: 'Object Repository/Final Object Repo/Page_Update Employee Information By Employer/Submit' is clicked on

2018-12-07 16:25:16 - [MESSAGE][PASSED] - Object: 'Object Repository/Final Object Repo/Page_Update Employee Information By Employer/Submit' is clicked on

2018-12-07 16:25:16 - [TEST_STEP][PASSED] - delay: Delayed 5 second(s)

2018-12-07 16:25:21 - [MESSAGE][PASSED] - Delayed 5 second(s)

2018-12-07 16:25:21 - [TEST_STEP][PASSED] - click: Object: 'Object Repository/Final Object Repo/Page_Update Employee Information By Employer/Confirm' is clicked on

2018-12-07 16:25:21 - [MESSAGE][PASSED] - Object: 'Object Repository/Final Object Repo/Page_Update Employee Information By Employer/Confirm' is clicked on

2018-12-07 16:25:21 - [TEST_STEP][PASSED] - delay: Delayed 5 second(s)

2018-12-07 16:25:26 - [MESSAGE][PASSED] - Delayed 5 second(s)

2018-12-07 16:25:26 - [TEST_STEP][PASSED] - verifyElementVisible: Object 'Object Repository/Final Object Repo/Page_Update Employee Information By Employer/Successfull Message Routed to UO' is visible

2018-12-07 16:25:26 - [MESSAGE][PASSED] - Object 'Object Repository/Final Object Repo/Page_Update Employee Information By Employer/Successfull Message Routed to UO' is visible

2018-12-07 16:25:26 - [MESSAGE][PASSED] - Call Test Case 'Test Cases/Final Aug 2018 - PKS Automation/Registration Module/Workflow/Update Employee Information (Employer)/Template/Update Employer Information - Special Case (PAU)' successfully

2018-12-07 16:25:26 - [TEST_STEP][PASSED] - callTestCase: Call Test Case 'Test Cases/Final Aug 2018 - PKS Automation/Registration Module/Workflow/Update Employee Information (Employer)/Template/Update Employee Information - Special Case - UO(Query)' successfully

2018-12-07 16:25:26 - [TEST_CASE][PASSED] - Test Cases/Final Aug 2018 - PKS Automation/Registration Module/Workflow/Update Employee Information (Employer)/Template/Update Employee Information - Special Case - UO(Query): Test Cases/Final Aug 2018 - PKS Automation/Registration Module/Workflow/Update Employee Information (Employer)/Template/Update Employee Information - Special Case - UO(Query)

2018-12-07 16:25:26 - [TEST_STEP][NOT_RUN] - callTestCase: NOT_RUN: callTestCase

2018-12-07 16:25:26 - [MESSAGE][NOT_RUN] - NOT_RUN: callTestCase

2018-12-07 16:25:26 - [TEST_STEP][PASSED] - delay: Delayed 2 second(s)

2018-12-07 16:25:28 - [MESSAGE][PASSED] - Delayed 2 second(s)

2018-12-07 16:25:28 - [TEST_STEP][PASSED] - navigateToUrl: Navigate to 'https://assist2-uat.perkeso.gov.my/c/portal/logout' successfully

2018-12-07 16:25:29 - [MESSAGE][PASSED] - Navigate to 'https://assist2-uat.perkeso.gov.my/c/portal/logout' successfully

2018-12-07 16:25:29 - [TEST_STEP][PASSED] - delay: Delayed 2 second(s)

2018-12-07 16:25:31 - [MESSAGE][PASSED] - Delayed 2 second(s)

2018-12-07 16:25:31 - [TEST_STEP][PASSED] - callTestCase: Call Test Case 'Test Cases/Final Aug 2018 - PKS Automation/Common/Reference Number Getter' successfully

2018-12-07 16:25:31 - [TEST_CASE][PASSED] - Test Cases/Final Aug 2018 - PKS Automation/Common/Reference Number Getter: Test Cases/Final Aug 2018 - PKS Automation/Common/Reference Number Getter

2018-12-07 16:25:31 - [TEST_STEP][PASSED] - Statement - Try: null

2018-12-07 16:25:31 - [TEST_STEP][PASSED] - Statement - RefNo = new java.io.File(C://Users//Admin//Desktop//PKS//Automation Reference Point//KatalonReference.txt): null

2018-12-07 16:25:31 - [TEST_STEP][PASSED] - Statement - bufferread = new java.io.BufferedReader(new java.io.FileReader(RefNo)): null

2018-12-07 16:25:31 - [TEST_STEP][PASSED] - Statement - readedVal = bufferread.readLine(): null

2018-12-07 16:25:31 - [TEST_STEP][PASSED] - Statement - out.println(CaseReferenceNo): null

2018-12-07 16:25:31 - [TEST_STEP][PASSED] - Statement - out.println(readedVal): null

2018-12-07 16:25:31 - [TEST_STEP][PASSED] - Statement - CaseReferenceNo = "": null

2018-12-07 16:25:31 - [TEST_STEP][PASSED] - Statement - CaseReferenceNo = readedVal: null

2018-12-07 16:25:31 - [MESSAGE][PASSED] - Call Test Case 'Test Cases/Final Aug 2018 - PKS Automation/Common/Reference Number Getter' successfully

2018-12-07 16:25:31 - [TEST_STEP][PASSED] - callTestCase: Call Test Case 'Test Cases/Final Aug 2018 - PKS Automation/Common/Workflow Owner Finder' successfully

2018-12-07 16:25:31 - [TEST_CASE][PASSED] - Test Cases/Final Aug 2018 - PKS Automation/Common/Workflow Owner Finder: Test Cases/Final Aug 2018 - PKS Automation/Common/Workflow Owner Finder

2018-12-07 16:25:31 - [TEST_STEP][PASSED] - openBrowser: Browser is opened with url: ''

2018-12-07 16:25:31 - [MESSAGE][WARNING] - A browser is already opened. Closing browser and opening a new one

2018-12-07 16:25:34 - [MESSAGE][PASSED] - Browser is opened with url: ''

2018-12-07 16:25:34 - [TEST_STEP][PASSED] - navigateToUrl: Navigate to 'https://assist2-uat.perkeso.gov.my/login' successfully

2018-12-07 16:25:35 - [MESSAGE][PASSED] - Navigate to 'https://assist2-uat.perkeso.gov.my/login' successfully

2018-12-07 16:25:35 - [TEST_STEP][PASSED] - delay: Delayed 5 second(s)

2018-12-07 16:25:40 - [MESSAGE][PASSED] - Delayed 5 second(s)

2018-12-07 16:25:40 - [TEST_STEP][PASSED] - setText: Text 'test@liferay.com' is set on object 'Object Repository/Final Object Repo/Login Page/Internal User/Email Address'

2018-12-07 16:25:41 - [MESSAGE][PASSED] - Text 'test@liferay.com' is set on object 'Object Repository/Final Object Repo/Login Page/Internal User/Email Address'

2018-12-07 16:25:41 - [TEST_STEP][PASSED] - click: Object: 'Object Repository/Final Object Repo/Login Page/Internal User/Next Button' is clicked on

2018-12-07 16:25:41 - [MESSAGE][PASSED] - Object: 'Object Repository/Final Object Repo/Login Page/Internal User/Next Button' is clicked on

2018-12-07 16:25:41 - [TEST_STEP][PASSED] - delay: Delayed 2 second(s)

2018-12-07 16:25:43 - [MESSAGE][PASSED] - Delayed 2 second(s)

2018-12-07 16:25:43 - [TEST_STEP][PASSED] - setText: Text 'test' is set on object 'Object Repository/Final Object Repo/Login Page/Internal User/Password'

2018-12-07 16:25:43 - [MESSAGE][PASSED] - Text 'test' is set on object 'Object Repository/Final Object Repo/Login Page/Internal User/Password'

2018-12-07 16:25:43 - [TEST_STEP][PASSED] - delay: Delayed 2 second(s)

2018-12-07 16:25:45 - [MESSAGE][PASSED] - Delayed 2 second(s)

2018-12-07 16:25:45 - [TEST_STEP][PASSED] - click: Object: 'Object Repository/Final Object Repo/Login Page/Internal User/Login Button' is clicked on

2018-12-07 16:25:45 - [MESSAGE][PASSED] - Object: 'Object Repository/Final Object Repo/Login Page/Internal User/Login Button' is clicked on

2018-12-07 16:25:45 - [TEST_STEP][PASSED] - Statement - tester = com.kms.katalon.core.testobject.ObjectRepository.findTestObject(Final Object Repo/Landing Page/Select to English): Finding Test Object with id 'Object Repository/Final Object Repo/Landing Page/Select to English'

2018-12-07 16:25:45 - [TEST_STEP][PASSED] - Statement - Try: Delayed 2 second(s)

2018-12-07 16:25:45 - [TEST_STEP][PASSED] - Statement - Checker = com.kms.katalon.core.webui.keyword.WebUiBuiltInKeywords.verifyElementNotPresent(tester, 3): Web element with id: 'Object Repository/Final Object Repo/Landing Page/Select to English' located by 'By.xpath: //a[@class = 'taglib-language-list-text' and @lang = 'en-US' and (contains(text(), 'EN') or contains(., 'EN'))]' is not present after '3' second(s)

2018-12-07 16:25:47 - [MESSAGE][PASSED] - Web element with id: 'Object Repository/Final Object Repo/Landing Page/Select to English' located by 'By.xpath: //a[@class = 'taglib-language-list-text' and @lang = 'en-US' and (contains(text(), 'EN') or contains(., 'EN'))]' is not present after '3' second(s)

2018-12-07 16:25:47 - [TEST_STEP][PASSED] - Statement - If (Checker == false): null

2018-12-07 16:25:47 - [TEST_STEP][PASSED] - delay: Delayed 2 second(s)

2018-12-07 16:25:49 - [MESSAGE][PASSED] - Delayed 2 second(s)

2018-12-07 16:25:49 - [TEST_STEP][PASSED] - delay: Delayed 5 second(s)

2018-12-07 16:25:54 - [MESSAGE][PASSED] - Delayed 5 second(s)

2018-12-07 16:25:54 - [TEST_STEP][PASSED] - mouseOver: Object: 'Object Repository/Final Object Repo/Landing Page/WorkFlow Menu' is hovered

2018-12-07 16:25:55 - [MESSAGE][PASSED] - Object: 'Object Repository/Final Object Repo/Landing Page/WorkFlow Menu' is hovered

2018-12-07 16:25:55 - [TEST_STEP][PASSED] - delay: Delayed 2 second(s)

2018-12-07 16:25:57 - [MESSAGE][PASSED] - Delayed 2 second(s)

2018-12-07 16:25:57 - [TEST_STEP][PASSED] - click: Object: 'Object Repository/Final Object Repo/Landing Page/Select to Workflow Listing' is clicked on

2018-12-07 16:25:58 - [MESSAGE][PASSED] - Object: 'Object Repository/Final Object Repo/Landing Page/Select to Workflow Listing' is clicked on

2018-12-07 16:25:58 - [TEST_STEP][PASSED] - delay: Delayed 2 second(s)

2018-12-07 16:26:00 - [MESSAGE][PASSED] - Delayed 2 second(s)

2018-12-07 16:26:00 - [TEST_STEP][PASSED] - click: Object: 'Object Repository/Final Object Repo/WorkFlow Listing Page/Search Information - To Put Ref No' is clicked on

2018-12-07 16:26:00 - [MESSAGE][PASSED] - Object: 'Object Repository/Final Object Repo/WorkFlow Listing Page/Search Information - To Put Ref No' is clicked on

2018-12-07 16:26:00 - [TEST_STEP][PASSED] - delay: Delayed 2 second(s)

2018-12-07 16:26:02 - [MESSAGE][PASSED] - Delayed 2 second(s)

2018-12-07 16:26:02 - [TEST_STEP][PASSED] - callTestCase: Call Test Case 'Test Cases/Final Aug 2018 - PKS Automation/Common/Reference Number Getter' successfully

2018-12-07 16:26:02 - [TEST_CASE][PASSED] - Test Cases/Final Aug 2018 - PKS Automation/Common/Reference Number Getter: Test Cases/Final Aug 2018 - PKS Automation/Common/Reference Number Getter

2018-12-07 16:26:02 - [TEST_STEP][PASSED] - Statement - Try: null

2018-12-07 16:26:02 - [TEST_STEP][PASSED] - Statement - RefNo = new java.io.File(C://Users//Admin//Desktop//PKS//Automation Reference Point//KatalonReference.txt): null

2018-12-07 16:26:02 - [TEST_STEP][PASSED] - Statement - bufferread = new java.io.BufferedReader(new java.io.FileReader(RefNo)): null

2018-12-07 16:26:02 - [TEST_STEP][PASSED] - Statement - readedVal = bufferread.readLine(): null

2018-12-07 16:26:02 - [TEST_STEP][PASSED] - Statement - out.println(CaseReferenceNo): null

2018-12-07 16:26:02 - [TEST_STEP][PASSED] - Statement - out.println(readedVal): null

2018-12-07 16:26:02 - [TEST_STEP][PASSED] - Statement - CaseReferenceNo = "": null

2018-12-07 16:26:02 - [TEST_STEP][PASSED] - Statement - CaseReferenceNo = readedVal: null

2018-12-07 16:26:02 - [MESSAGE][PASSED] - Call Test Case 'Test Cases/Final Aug 2018 - PKS Automation/Common/Reference Number Getter' successfully

2018-12-07 16:26:02 - [TEST_STEP][PASSED] - setText: Text 'CUN122018C100005908' is set on object 'Object Repository/Final Object Repo/WorkFlow Listing Page/Ref No Set Text'

2018-12-07 16:26:02 - [MESSAGE][PASSED] - Text 'CUN122018C100005908' is set on object 'Object Repository/Final Object Repo/WorkFlow Listing Page/Ref No Set Text'

2018-12-07 16:26:02 - [TEST_STEP][PASSED] - delay: Delayed 2 second(s)

2018-12-07 16:26:04 - [MESSAGE][PASSED] - Delayed 2 second(s)

2018-12-07 16:26:04 - [TEST_STEP][PASSED] - click: Object: 'Object Repository/Final Object Repo/WorkFlow Listing Page/Search Ref No Search Button' is clicked on

2018-12-07 16:26:05 - [MESSAGE][PASSED] - Object: 'Object Repository/Final Object Repo/WorkFlow Listing Page/Search Ref No Search Button' is clicked on

2018-12-07 16:26:05 - [TEST_STEP][PASSED] - delay: Delayed 6 second(s)

2018-12-07 16:26:11 - [MESSAGE][PASSED] - Delayed 6 second(s)

2018-12-07 16:26:11 - [TEST_STEP][PASSED] - click: Object: 'Object Repository/Final Object Repo/WorkFlow Listing Page/Click Continue Tooltip' is clicked on

2018-12-07 16:26:12 - [MESSAGE][PASSED] - Object: 'Object Repository/Final Object Repo/WorkFlow Listing Page/Click Continue Tooltip' is clicked on

2018-12-07 16:26:12 - [TEST_STEP][PASSED] - delay: Delayed 5 second(s)

2018-12-07 16:26:17 - [MESSAGE][PASSED] - Delayed 5 second(s)

2018-12-07 16:26:17 - [TEST_STEP][PASSED] - doubleClick: Object: 'Object Repository/Final Object Repo/WorkFlow Listing Page/Workflow Found - Listing 1' is double clicked on

2018-12-07 16:26:17 - [MESSAGE][PASSED] - Object: 'Object Repository/Final Object Repo/WorkFlow Listing Page/Workflow Found - Listing 1' is double clicked on

2018-12-07 16:26:17 - [TEST_STEP][PASSED] - Statement - println(OwnerID): null

2018-12-07 16:26:17 - [TEST_STEP][PASSED] - Statement - OwnerID = com.kms.katalon.core.webui.keyword.WebUiBuiltInKeywords.getText(com.kms.katalon.core.testobject.ObjectRepository.findTestObject(Final Object Repo/WorkFlow Listing Page/Workflow Found - Listing 1), STOP_ON_FAILURE): Text of object 'Object Repository/Final Object Repo/WorkFlow Listing Page/Workflow Found - Listing 1' is: 'JOHORuo3'

2018-12-07 16:26:17 - [MESSAGE][PASSED] - Text of object 'Object Repository/Final Object Repo/WorkFlow Listing Page/Workflow Found - Listing 1' is: 'JOHORuo3'

2018-12-07 16:26:17 - [TEST_STEP][PASSED] - Statement - OwnerID = OwnerID.toLowerCase() + "@gmail.com": null

2018-12-07 16:26:17 - [TEST_STEP][PASSED] - Statement - println(OwnerID): null

2018-12-07 16:26:17 - [TEST_STEP][PASSED] - delay: Delayed 2 second(s)

2018-12-07 16:26:19 - [MESSAGE][PASSED] - Delayed 2 second(s)

2018-12-07 16:26:19 - [MESSAGE][PASSED] - Call Test Case 'Test Cases/Final Aug 2018 - PKS Automation/Common/Workflow Owner Finder' successfully

2018-12-07 16:26:19 - [TEST_STEP][PASSED] - delay: Delayed 2 second(s)

2018-12-07 16:26:21 - [MESSAGE][PASSED] - Delayed 2 second(s)

2018-12-07 16:26:21 - [TEST_STEP][PASSED] - navigateToUrl: Navigate to 'https://assist2-uat.perkeso.gov.my/c/portal/logout' successfully

2018-12-07 16:26:22 - [MESSAGE][PASSED] - Navigate to 'https://assist2-uat.perkeso.gov.my/c/portal/logout' successfully

2018-12-07 16:26:22 - [TEST_STEP][PASSED] - delay: Delayed 2 second(s)

2018-12-07 16:26:24 - [MESSAGE][PASSED] - Delayed 2 second(s)

2018-12-07 16:26:24 - [TEST_STEP][PASSED] - callTestCase: Call Test Case 'Test Cases/Final Aug 2018 - PKS Automation/Registration Module/Workflow/Login and Search Case For Workflow' successfully

2018-12-07 16:26:24 - [TEST_CASE][PASSED] - Test Cases/Final Aug 2018 - PKS Automation/Registration Module/Workflow/Login and Search Case For Workflow: Test Cases/Final Aug 2018 - PKS Automation/Registration Module/Workflow/Login and Search Case For Workflow

2018-12-07 16:26:24 - [TEST_STEP][PASSED] - navigateToUrl: Navigate to 'https://assist2-uat.perkeso.gov.my/login' successfully

2018-12-07 16:26:25 - [MESSAGE][PASSED] - Navigate to 'https://assist2-uat.perkeso.gov.my/login' successfully

2018-12-07 16:26:25 - [TEST_STEP][PASSED] - setText: Text 'johoruo3@gmail.com' is set on object 'Object Repository/Final Object Repo/Login Page/Internal User/Email Address'

2018-12-07 16:26:25 - [MESSAGE][PASSED] - Text 'johoruo3@gmail.com' is set on object 'Object Repository/Final Object Repo/Login Page/Internal User/Email Address'

2018-12-07 16:26:25 - [TEST_STEP][PASSED] - click: Object: 'Object Repository/Final Object Repo/Login Page/Internal User/Next Button' is clicked on

2018-12-07 16:26:25 - [MESSAGE][PASSED] - Object: 'Object Repository/Final Object Repo/Login Page/Internal User/Next Button' is clicked on

2018-12-07 16:26:25 - [TEST_STEP][PASSED] - delay: Delayed 1 second(s)

2018-12-07 16:26:26 - [MESSAGE][PASSED] - Delayed 1 second(s)

2018-12-07 16:26:26 - [TEST_STEP][PASSED] - setEncryptedText: Text ****** has been set on object 'Object Repository/Final Object Repo/Login Page/Internal User/Password'

2018-12-07 16:26:27 - [MESSAGE][PASSED] - Text ****** has been set on object 'Object Repository/Final Object Repo/Login Page/Internal User/Password'

2018-12-07 16:26:27 - [TEST_STEP][PASSED] - click: Object: 'Object Repository/Final Object Repo/Login Page/Internal User/Login Button' is clicked on

2018-12-07 16:26:27 - [MESSAGE][PASSED] - Object: 'Object Repository/Final Object Repo/Login Page/Internal User/Login Button' is clicked on

2018-12-07 16:26:27 - [TEST_STEP][PASSED] - delay: Delayed 2 second(s)

2018-12-07 16:26:29 - [MESSAGE][PASSED] - Delayed 2 second(s)

2018-12-07 16:26:29 - [TEST_STEP][PASSED] - Statement - Try: Delayed 2 second(s)

2018-12-07 16:26:29 - [TEST_STEP][PASSED] - Statement - Checker = false: null

2018-12-07 16:26:29 - [TEST_STEP][PASSED] - Statement - Checker = com.kms.katalon.core.webui.keyword.WebUiBuiltInKeywords.verifyElementHasAttribute(com.kms.katalon.core.testobject.ObjectRepository.findTestObject(Final Object Repo/Landing Page/BM Detecting), "href", 20, OPTIONAL): Object 'Object Repository/Final Object Repo/Landing Page/BM Detecting' has attribute 'href'

2018-12-07 16:26:29 - [MESSAGE][PASSED] - Object 'Object Repository/Final Object Repo/Landing Page/BM Detecting' has attribute 'href'

2018-12-07 16:26:29 - [TEST_STEP][PASSED] - Statement - out.println(Checker): null

2018-12-07 16:26:29 - [TEST_STEP][PASSED] - Statement - If (Checker == false): null

2018-12-07 16:26:29 - [TEST_STEP][PASSED] - Statement - Else: null

2018-12-07 16:26:29 - [TEST_STEP][PASSED] - delay: Delayed 2 second(s)

2018-12-07 16:26:31 - [MESSAGE][PASSED] - Delayed 2 second(s)

2018-12-07 16:26:31 - [TEST_STEP][PASSED] - click: Object: 'Object Repository/Final Object Repo/Page_MyASSIST - ASSIST - Search Pending Case For Add Supporting Document/Search Information' is clicked on

2018-12-07 16:26:31 - [MESSAGE][PASSED] - Object: 'Object Repository/Final Object Repo/Page_MyASSIST - ASSIST - Search Pending Case For Add Supporting Document/Search Information' is clicked on

2018-12-07 16:26:31 - [TEST_STEP][PASSED] - delay: Delayed 3 second(s)

2018-12-07 16:26:34 - [MESSAGE][PASSED] - Delayed 3 second(s)

2018-12-07 16:26:34 - [TEST_STEP][PASSED] - sendKeys: Keys 'CUN122018C100005908' sent to object: 'Object Repository/Final Object Repo/Page_MyASSIST - ASSIST - Search Pending Case For Add Supporting Document/Reference No'

2018-12-07 16:26:34 - [MESSAGE][PASSED] - Keys 'CUN122018C100005908' sent to object: 'Object Repository/Final Object Repo/Page_MyASSIST - ASSIST - Search Pending Case For Add Supporting Document/Reference No'

2018-12-07 16:26:34 - [TEST_STEP][PASSED] - click: Object: 'Object Repository/Final Object Repo/Page_MyASSIST - ASSIST - Search Pending Case For Add Supporting Document/Search Reference No' is clicked on

2018-12-07 16:26:34 - [MESSAGE][PASSED] - Object: 'Object Repository/Final Object Repo/Page_MyASSIST - ASSIST - Search Pending Case For Add Supporting Document/Search Reference No' is clicked on

2018-12-07 16:26:34 - [TEST_STEP][PASSED] - delay: Delayed 2 second(s)

2018-12-07 16:26:36 - [MESSAGE][PASSED] - Delayed 2 second(s)

2018-12-07 16:26:36 - [TEST_STEP][PASSED] - click: Object: 'Object Repository/Final Object Repo/Page_MyASSIST - ASSIST - Search Pending Case For Add Supporting Document/Continue' is clicked on

2018-12-07 16:26:41 - [MESSAGE][PASSED] - Object: 'Object Repository/Final Object Repo/Page_MyASSIST - ASSIST - Search Pending Case For Add Supporting Document/Continue' is clicked on

2018-12-07 16:26:41 - [TEST_STEP][PASSED] - delay: Delayed 20 second(s)

2018-12-07 16:27:01 - [MESSAGE][PASSED] - Delayed 20 second(s)

2018-12-07 16:27:01 - [MESSAGE][PASSED] - Call Test Case 'Test Cases/Final Aug 2018 - PKS Automation/Registration Module/Workflow/Login and Search Case For Workflow' successfully

2018-12-07 16:27:01 - [TEST_STEP][PASSED] - delay: Delayed 2 second(s)

2018-12-07 16:27:03 - [MESSAGE][PASSED] - Delayed 2 second(s)

2018-12-07 16:27:03 - [TEST_STEP][PASSED] - click: Object: 'Object Repository/Final Object Repo/Page_Update Employee Information By Employer/Page_Update Employee Information by Employer (Approve)/Continue' is clicked on

2018-12-07 16:27:06 - [MESSAGE][PASSED] - Object: 'Object Repository/Final Object Repo/Page_Update Employee Information By Employer/Page_Update Employee Information by Employer (Approve)/Continue' is clicked on

2018-12-07 16:27:06 - [TEST_STEP][PASSED] - delay: Delayed 2 second(s)

2018-12-07 16:27:08 - [MESSAGE][PASSED] - Delayed 2 second(s)

2018-12-07 16:27:08 - [TEST_STEP][PASSED] - click: Object: 'Object Repository/Final Object Repo/Page_Update Employee Information By Employer/Page_Update Employee Information by Employer (Approve)/Save  Continue in Update Employee Information Page' is clicked on

2018-12-07 16:27:08 - [MESSAGE][PASSED] - Object: 'Object Repository/Final Object Repo/Page_Update Employee Information By Employer/Page_Update Employee Information by Employer (Approve)/Save  Continue in Update Employee Information Page' is clicked on

2018-12-07 16:27:08 - [TEST_STEP][PASSED] - delay: Delayed 4 second(s)

2018-12-07 16:27:12 - [MESSAGE][PASSED] - Delayed 4 second(s)

2018-12-07 16:27:12 - [TEST_STEP][PASSED] - setText: Text 'Query' is set on object 'Object Repository/Final Object Repo/Page_Update Employee Information By Employer/Page_Update Employee Information by Employer (Query)/Remark'

2018-12-07 16:27:13 - [MESSAGE][PASSED] - Text 'Query' is set on object 'Object Repository/Final Object Repo/Page_Update Employee Information By Employer/Page_Update Employee Information by Employer (Query)/Remark'

2018-12-07 16:27:13 - [TEST_STEP][PASSED] - delay: Delayed 2 second(s)

2018-12-07 16:27:15 - [MESSAGE][PASSED] - Delayed 2 second(s)

2018-12-07 16:27:15 - [TEST_STEP][PASSED] - click: Object: 'Object Repository/Final Object Repo/Page_Update Employee Information By Employer/Page_Update Employee Information by Employer (Approve)/Save  Continue in Upload Supporting Doucument Page' is clicked on

2018-12-07 16:27:15 - [MESSAGE][PASSED] - Object: 'Object Repository/Final Object Repo/Page_Update Employee Information By Employer/Page_Update Employee Information by Employer (Approve)/Save  Continue in Upload Supporting Doucument Page' is clicked on

2018-12-07 16:27:15 - [TEST_STEP][PASSED] - delay: Delayed 2 second(s)

2018-12-07 16:27:17 - [MESSAGE][PASSED] - Delayed 2 second(s)

2018-12-07 16:27:17 - [TEST_STEP][PASSED] - click: Object: 'Object Repository/Final Object Repo/Page_Update Employee Information By Employer/Page_Update Employee Information by Employer (Query)/Query' is clicked on

2018-12-07 16:27:18 - [MESSAGE][PASSED] - Object: 'Object Repository/Final Object Repo/Page_Update Employee Information By Employer/Page_Update Employee Information by Employer (Query)/Query' is clicked on

2018-12-07 16:27:18 - [TEST_STEP][PASSED] - delay: Delayed 2 second(s)

2018-12-07 16:27:20 - [MESSAGE][PASSED] - Delayed 2 second(s)

2018-12-07 16:27:20 - [TEST_STEP][PASSED] - click: Object: 'Object Repository/Final Object Repo/Page_Update Employee Information By Employer/Page_Update Employee Information by Employer (Approve)/Confirm' is clicked on

2018-12-07 16:27:21 - [MESSAGE][PASSED] - Object: 'Object Repository/Final Object Repo/Page_Update Employee Information By Employer/Page_Update Employee Information by Employer (Approve)/Confirm' is clicked on

2018-12-07 16:27:21 - [TEST_STEP][PASSED] - delay: Delayed 2 second(s)

2018-12-07 16:27:23 - [MESSAGE][PASSED] - Delayed 2 second(s)

2018-12-07 16:27:23 - [TEST_STEP][PASSED] - click: Object: 'Object Repository/Final Object Repo/Page_Update Employee Information By Employer/Page_Update Employee Information by Employer (Query)/Query Message The case is Under Query' is clicked on

2018-12-07 16:27:27 - [MESSAGE][PASSED] - Object: 'Object Repository/Final Object Repo/Page_Update Employee Information By Employer/Page_Update Employee Information by Employer (Query)/Query Message The case is Under Query' is clicked on

2018-12-07 16:27:27 - [TEST_STEP][PASSED] - delay: Delayed 2 second(s)

2018-12-07 16:27:29 - [MESSAGE][PASSED] - Delayed 2 second(s)

2018-12-07 16:27:29 - [TEST_STEP][PASSED] - click: Object: 'Object Repository/Final Object Repo/Page_Update Employee Information By Employer/Page_Update Employee Information by Employer (Query)/Letter of inquiry' is clicked on

2018-12-07 16:27:29 - [MESSAGE][PASSED] - Object: 'Object Repository/Final Object Repo/Page_Update Employee Information By Employer/Page_Update Employee Information by Employer (Query)/Letter of inquiry' is clicked on

2018-12-07 16:27:29 - [TEST_STEP][PASSED] - delay: Delayed 1 second(s)

2018-12-07 16:27:30 - [MESSAGE][PASSED] - Delayed 1 second(s)

2018-12-07 16:27:30 - [TEST_STEP][PASSED] - navigateToUrl: Navigate to 'https://assist2-uat.perkeso.gov.my/c/portal/logout' successfully

2018-12-07 16:27:31 - [MESSAGE][PASSED] - Navigate to 'https://assist2-uat.perkeso.gov.my/c/portal/logout' successfully

2018-12-07 16:27:31 - [TEST_STEP][PASSED] - delay: Delayed 1 second(s)

2018-12-07 16:27:32 - [MESSAGE][PASSED] - Delayed 1 second(s)

2018-12-07 16:27:32 - [TEST_STEP][PASSED] - callTestCase: Call Test Case 'Test Cases/Final Aug 2018 - PKS Automation/Registration Module/Workflow/Search Pending Case For Add Supporting Document (OTC)' successfully

2018-12-07 16:27:32 - [TEST_CASE][PASSED] - Test Cases/Final Aug 2018 - PKS Automation/Registration Module/Workflow/Search Pending Case For Add Supporting Document (OTC): Test Cases/Final Aug 2018 - PKS Automation/Registration Module/Workflow/Search Pending Case For Add Supporting Document (OTC)

2018-12-07 16:27:32 - [TEST_STEP][PASSED] - openBrowser: Browser is opened with url: ''

2018-12-07 16:27:32 - [MESSAGE][WARNING] - A browser is already opened. Closing browser and opening a new one

2018-12-07 16:27:35 - [MESSAGE][PASSED] - Browser is opened with url: ''

2018-12-07 16:27:35 - [TEST_STEP][PASSED] - navigateToUrl: Navigate to 'https://assist2-uat.perkeso.gov.my/login' successfully

2018-12-07 16:27:36 - [MESSAGE][PASSED] - Navigate to 'https://assist2-uat.perkeso.gov.my/login' successfully

2018-12-07 16:27:36 - [TEST_STEP][PASSED] - setText: Text 'johorotc1@gmail.com' is set on object 'Object Repository/Final Object Repo/Login Page/Internal User/Email Address'

2018-12-07 16:27:37 - [MESSAGE][PASSED] - Text 'johorotc1@gmail.com' is set on object 'Object Repository/Final Object Repo/Login Page/Internal User/Email Address'

2018-12-07 16:27:37 - [TEST_STEP][PASSED] - click: Object: 'Object Repository/Final Object Repo/Login Page/Internal User/Next Button' is clicked on

2018-12-07 16:27:37 - [MESSAGE][PASSED] - Object: 'Object Repository/Final Object Repo/Login Page/Internal User/Next Button' is clicked on

2018-12-07 16:27:37 - [TEST_STEP][PASSED] - delay: Delayed 1 second(s)

2018-12-07 16:27:38 - [MESSAGE][PASSED] - Delayed 1 second(s)

2018-12-07 16:27:38 - [TEST_STEP][PASSED] - setEncryptedText: Text ****** has been set on object 'Object Repository/Final Object Repo/Login Page/Internal User/Password'

2018-12-07 16:27:38 - [MESSAGE][PASSED] - Text ****** has been set on object 'Object Repository/Final Object Repo/Login Page/Internal User/Password'

2018-12-07 16:27:38 - [TEST_STEP][PASSED] - click: Object: 'Object Repository/Final Object Repo/Login Page/Internal User/Login Button' is clicked on

2018-12-07 16:27:39 - [MESSAGE][PASSED] - Object: 'Object Repository/Final Object Repo/Login Page/Internal User/Login Button' is clicked on

2018-12-07 16:27:39 - [TEST_STEP][PASSED] - delay: Delayed 1 second(s)

2018-12-07 16:27:40 - [MESSAGE][PASSED] - Delayed 1 second(s)

2018-12-07 16:27:40 - [TEST_STEP][PASSED] - Statement - Try: Delayed 2 second(s)

2018-12-07 16:27:40 - [TEST_STEP][PASSED] - Statement - Checker = false: null

2018-12-07 16:27:40 - [TEST_STEP][PASSED] - Statement - Checker = com.kms.katalon.core.webui.keyword.WebUiBuiltInKeywords.verifyElementHasAttribute(com.kms.katalon.core.testobject.ObjectRepository.findTestObject(Final Object Repo/Landing Page/BM Detecting), "href", 20, OPTIONAL): Object 'Object Repository/Final Object Repo/Landing Page/BM Detecting' has attribute 'href'

2018-12-07 16:27:41 - [MESSAGE][PASSED] - Object 'Object Repository/Final Object Repo/Landing Page/BM Detecting' has attribute 'href'

2018-12-07 16:27:41 - [TEST_STEP][PASSED] - Statement - out.println(Checker): null

2018-12-07 16:27:41 - [TEST_STEP][PASSED] - Statement - If (Checker == false): null

2018-12-07 16:27:41 - [TEST_STEP][PASSED] - Statement - Else: null

2018-12-07 16:27:41 - [TEST_STEP][PASSED] - delay: Delayed 2 second(s)

2018-12-07 16:27:43 - [MESSAGE][PASSED] - Delayed 2 second(s)

2018-12-07 16:27:43 - [TEST_STEP][PASSED] - navigateToUrl: Navigate to 'https://assist2-uat.perkeso.gov.my/web/registration/search/search-pending-case-for-add-supporting-document' successfully

2018-12-07 16:27:43 - [MESSAGE][PASSED] - Navigate to 'https://assist2-uat.perkeso.gov.my/web/registration/search/search-pending-case-for-add-supporting-document' successfully

2018-12-07 16:27:43 - [TEST_STEP][PASSED] - click: Object: 'Object Repository/Final Object Repo/Page_Search Pending Case For Add Suporting Document/Search By' is clicked on

2018-12-07 16:27:44 - [MESSAGE][PASSED] - Object: 'Object Repository/Final Object Repo/Page_Search Pending Case For Add Suporting Document/Search By' is clicked on

2018-12-07 16:27:44 - [TEST_STEP][PASSED] - click: Object: 'Object Repository/Final Object Repo/Page_Search Pending Case For Add Suporting Document/Search By - Reference ID' is clicked on

2018-12-07 16:27:44 - [MESSAGE][PASSED] - Object: 'Object Repository/Final Object Repo/Page_Search Pending Case For Add Suporting Document/Search By - Reference ID' is clicked on

2018-12-07 16:27:44 - [TEST_STEP][PASSED] - delay: Delayed 2 second(s)

2018-12-07 16:27:46 - [MESSAGE][PASSED] - Delayed 2 second(s)

2018-12-07 16:27:46 - [TEST_STEP][PASSED] - setText: Text 'CUN122018C100005908' is set on object 'Object Repository/Final Object Repo/Page_Search Pending Case For Add Suporting Document/Reference ID'

2018-12-07 16:27:46 - [MESSAGE][PASSED] - Text 'CUN122018C100005908' is set on object 'Object Repository/Final Object Repo/Page_Search Pending Case For Add Suporting Document/Reference ID'

2018-12-07 16:27:46 - [TEST_STEP][PASSED] - click: Object: 'Object Repository/Final Object Repo/Page_Search Pending Case For Add Suporting Document/Search' is clicked on

2018-12-07 16:27:46 - [MESSAGE][PASSED] - Object: 'Object Repository/Final Object Repo/Page_Search Pending Case For Add Suporting Document/Search' is clicked on

2018-12-07 16:27:46 - [TEST_STEP][PASSED] - delay: Delayed 2 second(s)

2018-12-07 16:27:48 - [MESSAGE][PASSED] - Delayed 2 second(s)

2018-12-07 16:27:48 - [TEST_STEP][PASSED] - click: Object: 'Object Repository/Final Object Repo/Page_Search Pending Case For Add Suporting Document/Edit' is clicked on

2018-12-07 16:27:52 - [MESSAGE][PASSED] - Object: 'Object Repository/Final Object Repo/Page_Search Pending Case For Add Suporting Document/Edit' is clicked on

2018-12-07 16:27:52 - [MESSAGE][PASSED] - Call Test Case 'Test Cases/Final Aug 2018 - PKS Automation/Registration Module/Workflow/Search Pending Case For Add Supporting Document (OTC)' successfully

2018-12-07 16:27:52 - [TEST_STEP][PASSED] - click: Object: 'Object Repository/Final Object Repo/Page_Update Employee Information By Employer/Page_Update Employee Information by Employer (Query -OTC -UO)/Next' is clicked on

2018-12-07 16:27:55 - [MESSAGE][PASSED] - Object: 'Object Repository/Final Object Repo/Page_Update Employee Information By Employer/Page_Update Employee Information by Employer (Query -OTC -UO)/Next' is clicked on

2018-12-07 16:27:55 - [TEST_STEP][PASSED] - delay: Delayed 2 second(s)

2018-12-07 16:27:57 - [MESSAGE][PASSED] - Delayed 2 second(s)

2018-12-07 16:27:57 - [TEST_STEP][PASSED] - click: Object: 'Object Repository/Final Object Repo/Page_Update Employee Information By Employer/Page_Update Employee Information by Employer (Query -OTC -UO)/Add Document Button' is clicked on

2018-12-07 16:27:57 - [MESSAGE][PASSED] - Object: 'Object Repository/Final Object Repo/Page_Update Employee Information By Employer/Page_Update Employee Information by Employer (Query -OTC -UO)/Add Document Button' is clicked on

2018-12-07 16:27:57 - [TEST_STEP][PASSED] - delay: Delayed 5 second(s)

2018-12-07 16:28:02 - [MESSAGE][PASSED] - Delayed 5 second(s)

2018-12-07 16:28:02 - [TEST_STEP][PASSED] - click: Object: 'Object Repository/Final Object Repo/Page_Update Employee Information By Employer/Page_Update Employee Information by Employer (Query -OTC -UO)/Document Type' is clicked on

2018-12-07 16:28:02 - [MESSAGE][PASSED] - Object: 'Object Repository/Final Object Repo/Page_Update Employee Information By Employer/Page_Update Employee Information by Employer (Query -OTC -UO)/Document Type' is clicked on

2018-12-07 16:28:02 - [TEST_STEP][PASSED] - click: Object: 'Object Repository/Final Object Repo/Page_Update Employee Information By Employer/Page_Update Employee Information by Employer (Query -OTC -UO)/Document Type - Other' is clicked on

2018-12-07 16:28:02 - [MESSAGE][PASSED] - Object: 'Object Repository/Final Object Repo/Page_Update Employee Information By Employer/Page_Update Employee Information by Employer (Query -OTC -UO)/Document Type - Other' is clicked on

2018-12-07 16:28:02 - [TEST_STEP][PASSED] - sendKeys: Keys 'C:\Users\Public\Pictures\Sample Pictures\Koala.jpg' sent to object: 'Object Repository/Final Object Repo/Page_Update Employee Information By Employer/Page_Update Employee Information by Employer (Query -OTC -UO)/Upload File'

2018-12-07 16:28:02 - [MESSAGE][PASSED] - Keys 'C:\Users\Public\Pictures\Sample Pictures\Koala.jpg' sent to object: 'Object Repository/Final Object Repo/Page_Update Employee Information By Employer/Page_Update Employee Information by Employer (Query -OTC -UO)/Upload File'

2018-12-07 16:28:02 - [TEST_STEP][PASSED] - click: Object: 'Object Repository/Final Object Repo/Page_Update Employee Information By Employer/Page_Update Employee Information by Employer (Query -OTC -UO)/Add Document' is clicked on

2018-12-07 16:28:02 - [MESSAGE][PASSED] - Object: 'Object Repository/Final Object Repo/Page_Update Employee Information By Employer/Page_Update Employee Information by Employer (Query -OTC -UO)/Add Document' is clicked on

2018-12-07 16:28:02 - [TEST_STEP][PASSED] - delay: Delayed 2 second(s)

2018-12-07 16:28:04 - [MESSAGE][PASSED] - Delayed 2 second(s)

2018-12-07 16:28:04 - [TEST_STEP][PASSED] - click: Object: 'Object Repository/Final Object Repo/Page_Update Employee Information By Employer/Page_Update Employee Information by Employer (Query -OTC -UO)/Exit' is clicked on

2018-12-07 16:28:07 - [MESSAGE][PASSED] - Object: 'Object Repository/Final Object Repo/Page_Update Employee Information By Employer/Page_Update Employee Information by Employer (Query -OTC -UO)/Exit' is clicked on

2018-12-07 16:28:07 - [TEST_STEP][PASSED] - delay: Delayed 2 second(s)

2018-12-07 16:28:09 - [MESSAGE][PASSED] - Delayed 2 second(s)

2018-12-07 16:28:09 - [TEST_STEP][PASSED] - navigateToUrl: Navigate to 'https://assist2-uat.perkeso.gov.my/c/portal/logout' successfully

2018-12-07 16:28:10 - [MESSAGE][PASSED] - Navigate to 'https://assist2-uat.perkeso.gov.my/c/portal/logout' successfully

2018-12-07 16:28:10 - [TEST_STEP][PASSED] - delay: Delayed 2 second(s)

2018-12-07 16:28:12 - [MESSAGE][PASSED] - Delayed 2 second(s)

2018-12-07 16:28:12 - [TEST_STEP][PASSED] - callTestCase: Call Test Case 'Test Cases/Final Aug 2018 - PKS Automation/Registration Module/Workflow/Login and Search Case For Workflow' successfully

2018-12-07 16:28:12 - [TEST_CASE][PASSED] - Test Cases/Final Aug 2018 - PKS Automation/Registration Module/Workflow/Login and Search Case For Workflow: Test Cases/Final Aug 2018 - PKS Automation/Registration Module/Workflow/Login and Search Case For Workflow

2018-12-07 16:28:12 - [TEST_STEP][PASSED] - navigateToUrl: Navigate to 'https://assist2-uat.perkeso.gov.my/login' successfully

2018-12-07 16:28:13 - [MESSAGE][PASSED] - Navigate to 'https://assist2-uat.perkeso.gov.my/login' successfully

2018-12-07 16:28:13 - [TEST_STEP][PASSED] - setText: Text 'johoruo3@gmail.com' is set on object 'Object Repository/Final Object Repo/Login Page/Internal User/Email Address'

2018-12-07 16:28:13 - [MESSAGE][PASSED] - Text 'johoruo3@gmail.com' is set on object 'Object Repository/Final Object Repo/Login Page/Internal User/Email Address'

2018-12-07 16:28:13 - [TEST_STEP][PASSED] - click: Object: 'Object Repository/Final Object Repo/Login Page/Internal User/Next Button' is clicked on

2018-12-07 16:28:13 - [MESSAGE][PASSED] - Object: 'Object Repository/Final Object Repo/Login Page/Internal User/Next Button' is clicked on

2018-12-07 16:28:13 - [TEST_STEP][PASSED] - delay: Delayed 1 second(s)

2018-12-07 16:28:14 - [MESSAGE][PASSED] - Delayed 1 second(s)

2018-12-07 16:28:14 - [TEST_STEP][PASSED] - setEncryptedText: Text ****** has been set on object 'Object Repository/Final Object Repo/Login Page/Internal User/Password'

2018-12-07 16:28:15 - [MESSAGE][PASSED] - Text ****** has been set on object 'Object Repository/Final Object Repo/Login Page/Internal User/Password'

2018-12-07 16:28:15 - [TEST_STEP][PASSED] - click: Object: 'Object Repository/Final Object Repo/Login Page/Internal User/Login Button' is clicked on

2018-12-07 16:28:15 - [MESSAGE][PASSED] - Object: 'Object Repository/Final Object Repo/Login Page/Internal User/Login Button' is clicked on

2018-12-07 16:28:15 - [TEST_STEP][PASSED] - delay: Delayed 2 second(s)

2018-12-07 16:28:17 - [MESSAGE][PASSED] - Delayed 2 second(s)

2018-12-07 16:28:17 - [TEST_STEP][PASSED] - Statement - Try: Delayed 2 second(s)

2018-12-07 16:28:17 - [TEST_STEP][PASSED] - Statement - Checker = false: null

2018-12-07 16:28:17 - [TEST_STEP][PASSED] - Statement - Checker = com.kms.katalon.core.webui.keyword.WebUiBuiltInKeywords.verifyElementHasAttribute(com.kms.katalon.core.testobject.ObjectRepository.findTestObject(Final Object Repo/Landing Page/BM Detecting), "href", 20, OPTIONAL): Object 'Object Repository/Final Object Repo/Landing Page/BM Detecting' has attribute 'href'

2018-12-07 16:28:17 - [MESSAGE][PASSED] - Object 'Object Repository/Final Object Repo/Landing Page/BM Detecting' has attribute 'href'

2018-12-07 16:28:17 - [TEST_STEP][PASSED] - Statement - out.println(Checker): null

2018-12-07 16:28:17 - [TEST_STEP][PASSED] - Statement - If (Checker == false): null

2018-12-07 16:28:17 - [TEST_STEP][PASSED] - Statement - Else: null

2018-12-07 16:28:17 - [TEST_STEP][PASSED] - delay: Delayed 2 second(s)

2018-12-07 16:28:19 - [MESSAGE][PASSED] - Delayed 2 second(s)

2018-12-07 16:28:19 - [TEST_STEP][PASSED] - click: Object: 'Object Repository/Final Object Repo/Page_MyASSIST - ASSIST - Search Pending Case For Add Supporting Document/Search Information' is clicked on

2018-12-07 16:28:19 - [MESSAGE][PASSED] - Object: 'Object Repository/Final Object Repo/Page_MyASSIST - ASSIST - Search Pending Case For Add Supporting Document/Search Information' is clicked on

2018-12-07 16:28:19 - [TEST_STEP][PASSED] - delay: Delayed 3 second(s)

2018-12-07 16:28:22 - [MESSAGE][PASSED] - Delayed 3 second(s)

2018-12-07 16:28:22 - [TEST_STEP][PASSED] - sendKeys: Keys 'CUN122018C100005908' sent to object: 'Object Repository/Final Object Repo/Page_MyASSIST - ASSIST - Search Pending Case For Add Supporting Document/Reference No'

2018-12-07 16:28:22 - [MESSAGE][PASSED] - Keys 'CUN122018C100005908' sent to object: 'Object Repository/Final Object Repo/Page_MyASSIST - ASSIST - Search Pending Case For Add Supporting Document/Reference No'

2018-12-07 16:28:22 - [TEST_STEP][PASSED] - click: Object: 'Object Repository/Final Object Repo/Page_MyASSIST - ASSIST - Search Pending Case For Add Supporting Document/Search Reference No' is clicked on

2018-12-07 16:28:23 - [MESSAGE][PASSED] - Object: 'Object Repository/Final Object Repo/Page_MyASSIST - ASSIST - Search Pending Case For Add Supporting Document/Search Reference No' is clicked on

2018-12-07 16:28:23 - [TEST_STEP][PASSED] - delay: Delayed 2 second(s)

2018-12-07 16:28:25 - [MESSAGE][PASSED] - Delayed 2 second(s)

2018-12-07 16:28:25 - [TEST_STEP][PASSED] - click: Object: 'Object Repository/Final Object Repo/Page_MyASSIST - ASSIST - Search Pending Case For Add Supporting Document/Continue' is clicked on

2018-12-07 16:28:29 - [MESSAGE][PASSED] - Object: 'Object Repository/Final Object Repo/Page_MyASSIST - ASSIST - Search Pending Case For Add Supporting Document/Continue' is clicked on

2018-12-07 16:28:29 - [TEST_STEP][PASSED] - delay: Delayed 20 second(s)

2018-12-07 16:28:49 - [MESSAGE][PASSED] - Delayed 20 second(s)

2018-12-07 16:28:49 - [MESSAGE][PASSED] - Call Test Case 'Test Cases/Final Aug 2018 - PKS Automation/Registration Module/Workflow/Login and Search Case For Workflow' successfully

2018-12-07 16:28:49 - [TEST_STEP][PASSED] - click: Object: 'Object Repository/Final Object Repo/Page_Update Employee Information By Employer/Page_Update Employee Information by Employer (Approve)/Continue' is clicked on

2018-12-07 16:28:52 - [MESSAGE][PASSED] - Object: 'Object Repository/Final Object Repo/Page_Update Employee Information By Employer/Page_Update Employee Information by Employer (Approve)/Continue' is clicked on

2018-12-07 16:28:52 - [TEST_STEP][PASSED] - delay: Delayed 2 second(s)

2018-12-07 16:28:54 - [MESSAGE][PASSED] - Delayed 2 second(s)

2018-12-07 16:28:54 - [TEST_STEP][PASSED] - click: Object: 'Object Repository/Final Object Repo/Page_Update Employee Information By Employer/Page_Update Employee Information by Employer (Approve)/Save  Continue in Update Employee Information Page' is clicked on

2018-12-07 16:28:55 - [MESSAGE][PASSED] - Object: 'Object Repository/Final Object Repo/Page_Update Employee Information By Employer/Page_Update Employee Information by Employer (Approve)/Save  Continue in Update Employee Information Page' is clicked on

2018-12-07 16:28:55 - [TEST_STEP][PASSED] - delay: Delayed 4 second(s)

2018-12-07 16:28:59 - [MESSAGE][PASSED] - Delayed 4 second(s)

2018-12-07 16:28:59 - [TEST_STEP][PASSED] - click: Object: 'Object Repository/Final Object Repo/Page_Update Employee Information By Employer/Page_Update Employee Information by Employer (Approve)/Save  Continue in Upload Supporting Doucument Page' is clicked on

2018-12-07 16:28:59 - [MESSAGE][PASSED] - Object: 'Object Repository/Final Object Repo/Page_Update Employee Information By Employer/Page_Update Employee Information by Employer (Approve)/Save  Continue in Upload Supporting Doucument Page' is clicked on

2018-12-07 16:28:59 - [TEST_STEP][PASSED] - delay: Delayed 2 second(s)

2018-12-07 16:29:01 - [MESSAGE][PASSED] - Delayed 2 second(s)

2018-12-07 16:29:01 - [TEST_STEP][PASSED] - click: Object: 'Object Repository/Final Object Repo/Page_Update Employee Information By Employer/Page_Update Employee Information by Employer (Approve)/Approve' is clicked on

2018-12-07 16:29:03 - [MESSAGE][PASSED] - Object: 'Object Repository/Final Object Repo/Page_Update Employee Information By Employer/Page_Update Employee Information by Employer (Approve)/Approve' is clicked on

2018-12-07 16:29:03 - [TEST_STEP][PASSED] - delay: Delayed 2 second(s)

2018-12-07 16:29:05 - [MESSAGE][PASSED] - Delayed 2 second(s)

2018-12-07 16:29:05 - [TEST_STEP][PASSED] - click: Object: 'Object Repository/Final Object Repo/Page_Update Employee Information By Employer/Page_Update Employee Information by Employer (Approve)/Confirm' is clicked on

2018-12-07 16:29:05 - [MESSAGE][PASSED] - Object: 'Object Repository/Final Object Repo/Page_Update Employee Information By Employer/Page_Update Employee Information by Employer (Approve)/Confirm' is clicked on

2018-12-07 16:29:05 - [TEST_STEP][PASSED] - delay: Delayed 2 second(s)

2018-12-07 16:29:07 - [MESSAGE][PASSED] - Delayed 2 second(s)

2018-12-07 16:29:07 - [TEST_STEP][PASSED] - verifyElementVisible: Object 'Object Repository/Final Object Repo/Page_Update Employee Information By Employer/Page_Update Employee Information by Employer (Approve)/Successfull Message Submitted Successfully' is visible

2018-12-07 16:29:11 - [MESSAGE][PASSED] - Object 'Object Repository/Final Object Repo/Page_Update Employee Information By Employer/Page_Update Employee Information by Employer (Approve)/Successfull Message Submitted Successfully' is visible

2018-12-07 16:29:11 - [TEST_STEP][PASSED] - delay: Delayed 2 second(s)

2018-12-07 16:29:13 - [MESSAGE][PASSED] - Delayed 2 second(s)

2018-12-07 16:29:13 - [TEST_STEP][PASSED] - verifyElementVisible: Object 'Object Repository/Final Object Repo/Page_Update Employee Information By Employer/Page_Update Employee Information by Employer (Approve)/Letter of Successful update' is visible

2018-12-07 16:29:13 - [MESSAGE][PASSED] - Object 'Object Repository/Final Object Repo/Page_Update Employee Information By Employer/Page_Update Employee Information by Employer (Approve)/Letter of Successful update' is visible

2018-12-07 16:29:13 - [MESSAGE][PASSED] - Call Test Case 'Test Cases/Final Aug 2018 - PKS Automation/Registration Module/Workflow/Update Employee Information (Employer)/Template/Update Employee Information - Special Case - UO(Query)' successfully]]></system-out>
         <system-err><![CDATA[]]></system-err>
      </testcase>
      <testcase name="Test Cases/Final Aug 2018 - PKS Automation/Registration Module/Workflow/Update Employee Information (Employer)/PAU to UO (Reject)" classname="Test Cases/Final Aug 2018 - PKS Automation/Registration Module/Workflow/Update Employee Information (Employer)/PAU to UO (Reject)" status="PASSED">
         <system-out><![CDATA[2018-12-07 16:29:13 - [TEST_CASE][PASSED] - Test Cases/Final Aug 2018 - PKS Automation/Registration Module/Workflow/Update Employee Information (Employer)/PAU to UO (Reject): Test Cases/Final Aug 2018 - PKS Automation/Registration Module/Workflow/Update Employee Information (Employer)/PAU to UO (Reject)

2018-12-07 16:29:13 - [TEST_STEP][PASSED] - callTestCase: Call Test Case 'Test Cases/Final Aug 2018 - PKS Automation/Registration Module/Workflow/Update Employee Information (Employer)/Template/Update Employer Information - Special Case (PAU)' successfully

2018-12-07 16:29:13 - [TEST_CASE][PASSED] - Test Cases/Final Aug 2018 - PKS Automation/Registration Module/Workflow/Update Employee Information (Employer)/Template/Update Employer Information - Special Case (PAU): Test Cases/Final Aug 2018 - PKS Automation/Registration Module/Workflow/Update Employee Information (Employer)/Template/Update Employer Information - Special Case (PAU)

2018-12-07 16:29:13 - [TEST_STEP][PASSED] - openBrowser: Browser is opened with url: ''

2018-12-07 16:29:13 - [MESSAGE][WARNING] - A browser is already opened. Closing browser and opening a new one

2018-12-07 16:29:16 - [MESSAGE][PASSED] - Browser is opened with url: ''

2018-12-07 16:29:16 - [TEST_STEP][PASSED] - navigateToUrl: Navigate to 'https://assist2-uat.perkeso.gov.my/login' successfully

2018-12-07 16:29:17 - [MESSAGE][PASSED] - Navigate to 'https://assist2-uat.perkeso.gov.my/login' successfully

2018-12-07 16:29:17 - [TEST_STEP][PASSED] - setText: Text 'johorpau1@gmail.com' is set on object 'Object Repository/Final Object Repo/Login Page/Internal User/Email Address'

2018-12-07 16:29:18 - [MESSAGE][PASSED] - Text 'johorpau1@gmail.com' is set on object 'Object Repository/Final Object Repo/Login Page/Internal User/Email Address'

2018-12-07 16:29:18 - [TEST_STEP][PASSED] - click: Object: 'Object Repository/Final Object Repo/Login Page/Internal User/Next Button' is clicked on

2018-12-07 16:29:18 - [MESSAGE][PASSED] - Object: 'Object Repository/Final Object Repo/Login Page/Internal User/Next Button' is clicked on

2018-12-07 16:29:18 - [TEST_STEP][PASSED] - delay: Delayed 1 second(s)

2018-12-07 16:29:19 - [MESSAGE][PASSED] - Delayed 1 second(s)

2018-12-07 16:29:19 - [TEST_STEP][PASSED] - setEncryptedText: Text ****** has been set on object 'Object Repository/Final Object Repo/Login Page/Internal User/Password'

2018-12-07 16:29:19 - [MESSAGE][PASSED] - Text ****** has been set on object 'Object Repository/Final Object Repo/Login Page/Internal User/Password'

2018-12-07 16:29:19 - [TEST_STEP][PASSED] - click: Object: 'Object Repository/Final Object Repo/Login Page/Internal User/Login Button' is clicked on

2018-12-07 16:29:19 - [MESSAGE][PASSED] - Object: 'Object Repository/Final Object Repo/Login Page/Internal User/Login Button' is clicked on

2018-12-07 16:29:19 - [TEST_STEP][PASSED] - Statement - tester = com.kms.katalon.core.testobject.ObjectRepository.findTestObject(Final Object Repo/Landing Page/Select to English): Finding Test Object with id 'Object Repository/Final Object Repo/Landing Page/Select to English'

2018-12-07 16:29:19 - [TEST_STEP][PASSED] - Statement - Try: Delayed 2 second(s)

2018-12-07 16:29:19 - [TEST_STEP][PASSED] - Statement - Checker = com.kms.katalon.core.webui.keyword.WebUiBuiltInKeywords.verifyElementNotPresent(tester, 3): Web element with id: 'Object Repository/Final Object Repo/Landing Page/Select to English' located by 'By.xpath: //a[@class = 'taglib-language-list-text' and @lang = 'en-US' and (contains(text(), 'EN') or contains(., 'EN'))]' is not present after '3' second(s)

2018-12-07 16:29:21 - [MESSAGE][PASSED] - Web element with id: 'Object Repository/Final Object Repo/Landing Page/Select to English' located by 'By.xpath: //a[@class = 'taglib-language-list-text' and @lang = 'en-US' and (contains(text(), 'EN') or contains(., 'EN'))]' is not present after '3' second(s)

2018-12-07 16:29:21 - [TEST_STEP][PASSED] - Statement - If (Checker == false): null

2018-12-07 16:29:21 - [TEST_STEP][PASSED] - delay: Delayed 2 second(s)

2018-12-07 16:29:23 - [MESSAGE][PASSED] - Delayed 2 second(s)

2018-12-07 16:29:23 - [TEST_STEP][PASSED] - delay: Delayed 5 second(s)

2018-12-07 16:29:28 - [MESSAGE][PASSED] - Delayed 5 second(s)

2018-12-07 16:29:28 - [TEST_STEP][PASSED] - navigateToUrl: Navigate to 'https://assist2-uat.perkeso.gov.my/web/registration/update/update-employee-information-employer-' successfully

2018-12-07 16:29:29 - [MESSAGE][PASSED] - Navigate to 'https://assist2-uat.perkeso.gov.my/web/registration/update/update-employee-information-employer-' successfully

2018-12-07 16:29:29 - [TEST_STEP][PASSED] - setText: Text 'E1102001065V' is set on object 'Object Repository/Final Object Repo/Page_Update Employee Information By Employer/Employer Code'

2018-12-07 16:29:29 - [MESSAGE][PASSED] - Text 'E1102001065V' is set on object 'Object Repository/Final Object Repo/Page_Update Employee Information By Employer/Employer Code'

2018-12-07 16:29:29 - [TEST_STEP][PASSED] - click: Object: 'Object Repository/Final Object Repo/Page_Update Employee Information By Employer/Search Employer Code' is clicked on

2018-12-07 16:29:30 - [MESSAGE][PASSED] - Object: 'Object Repository/Final Object Repo/Page_Update Employee Information By Employer/Search Employer Code' is clicked on

2018-12-07 16:29:30 - [TEST_STEP][PASSED] - click: Object: 'Object Repository/Final Object Repo/Page_Update Employee Information By Employer/Edit Button' is clicked on

2018-12-07 16:29:34 - [MESSAGE][PASSED] - Object: 'Object Repository/Final Object Repo/Page_Update Employee Information By Employer/Edit Button' is clicked on

2018-12-07 16:29:34 - [TEST_STEP][PASSED] - click: Object: 'Object Repository/Final Object Repo/Page_Update Employee Information By Employer/Employee Name or New Identification' is clicked on

2018-12-07 16:29:34 - [MESSAGE][PASSED] - Object: 'Object Repository/Final Object Repo/Page_Update Employee Information By Employer/Employee Name or New Identification' is clicked on

2018-12-07 16:29:34 - [TEST_STEP][PASSED] - delay: Delayed 1 second(s)

2018-12-07 16:29:35 - [MESSAGE][PASSED] - Delayed 1 second(s)

2018-12-07 16:29:35 - [TEST_STEP][PASSED] - click: Object: 'Object Repository/Final Object Repo/Page_Update Employee Information By Employer/Selection - Employee Name' is clicked on

2018-12-07 16:29:35 - [MESSAGE][PASSED] - Object: 'Object Repository/Final Object Repo/Page_Update Employee Information By Employer/Selection - Employee Name' is clicked on

2018-12-07 16:29:35 - [TEST_STEP][PASSED] - delay: Delayed 1 second(s)

2018-12-07 16:29:36 - [MESSAGE][PASSED] - Delayed 1 second(s)

2018-12-07 16:29:36 - [TEST_STEP][PASSED] - setText: Text 'PERKESO' is set on object 'Object Repository/Final Object Repo/Page_Update Employee Information By Employer/Employee Name'

2018-12-07 16:29:36 - [MESSAGE][PASSED] - Text 'PERKESO' is set on object 'Object Repository/Final Object Repo/Page_Update Employee Information By Employer/Employee Name'

2018-12-07 16:29:36 - [TEST_STEP][PASSED] - delay: Delayed 2 second(s)

2018-12-07 16:29:38 - [MESSAGE][PASSED] - Delayed 2 second(s)

2018-12-07 16:29:38 - [TEST_STEP][PASSED] - click: Object: 'Object Repository/Final Object Repo/Page_Update Employee Information By Employer/Search Employee' is clicked on

2018-12-07 16:29:39 - [MESSAGE][PASSED] - Object: 'Object Repository/Final Object Repo/Page_Update Employee Information By Employer/Search Employee' is clicked on

2018-12-07 16:29:39 - [TEST_STEP][PASSED] - delay: Delayed 3 second(s)

2018-12-07 16:29:42 - [MESSAGE][PASSED] - Delayed 3 second(s)

2018-12-07 16:29:42 - [TEST_STEP][PASSED] - click: Object: 'Object Repository/Final Object Repo/Page_Update Employee Information By Employer/Employee Edit Button' is clicked on

2018-12-07 16:29:42 - [MESSAGE][PASSED] - Object: 'Object Repository/Final Object Repo/Page_Update Employee Information By Employer/Employee Edit Button' is clicked on

2018-12-07 16:29:42 - [TEST_STEP][PASSED] - delay: Delayed 3 second(s)

2018-12-07 16:29:45 - [MESSAGE][PASSED] - Delayed 3 second(s)

2018-12-07 16:29:45 - [TEST_STEP][PASSED] - setText: Text '' is set on object 'Object Repository/Final Object Repo/Page_Update Employee Information By Employer/Identification Number'

2018-12-07 16:29:45 - [MESSAGE][PASSED] - Text '' is set on object 'Object Repository/Final Object Repo/Page_Update Employee Information By Employer/Identification Number'

2018-12-07 16:29:45 - [TEST_STEP][PASSED] - Statement - rnd = new java.util.Random(): null

2018-12-07 16:29:45 - [TEST_STEP][PASSED] - Statement - snum = rnd.nextInt(899999 + 1) + 100000: null

2018-12-07 16:29:45 - [TEST_STEP][PASSED] - Statement - tnum = rnd.nextInt(899999 + 1) + 100000: null

2018-12-07 16:29:45 - [TEST_STEP][PASSED] - Statement - IC = java.lang.Integer.toString(snum) + java.lang.Integer.toString(tnum): null

2018-12-07 16:29:45 - [TEST_STEP][PASSED] - Statement - out.println(IC): null

2018-12-07 16:29:45 - [TEST_STEP][PASSED] - setText: Text '191328903716' is set on object 'Object Repository/Final Object Repo/Page_Update Employee Information By Employer/Identification Number'

2018-12-07 16:29:45 - [MESSAGE][PASSED] - Text '191328903716' is set on object 'Object Repository/Final Object Repo/Page_Update Employee Information By Employer/Identification Number'

2018-12-07 16:29:45 - [TEST_STEP][PASSED] - click: Object: 'Object Repository/Final Object Repo/Page_Update Employee Information By Employer/Save' is clicked on

2018-12-07 16:29:46 - [MESSAGE][PASSED] - Object: 'Object Repository/Final Object Repo/Page_Update Employee Information By Employer/Save' is clicked on

2018-12-07 16:29:46 - [TEST_STEP][PASSED] - delay: Delayed 5 second(s)

2018-12-07 16:29:51 - [MESSAGE][PASSED] - Delayed 5 second(s)

2018-12-07 16:29:51 - [TEST_STEP][PASSED] - Statement - CaseReferenceNo = com.kms.katalon.core.webui.keyword.WebUiBuiltInKeywords.getText(com.kms.katalon.core.testobject.ObjectRepository.findTestObject(Final Object Repo/Reference Number/Reference Number in Update Employee Information Page)): Text of object 'Object Repository/Final Object Repo/Reference Number/Reference Number in Update Employee Information Page' is: 'CUN122018C100005909'

2018-12-07 16:29:51 - [MESSAGE][PASSED] - Text of object 'Object Repository/Final Object Repo/Reference Number/Reference Number in Update Employee Information Page' is: 'CUN122018C100005909'

2018-12-07 16:29:51 - [TEST_STEP][PASSED] - callTestCase: Call Test Case 'Test Cases/Final Aug 2018 - PKS Automation/Common/Reference Number Setter' successfully

2018-12-07 16:29:51 - [TEST_CASE][PASSED] - Test Cases/Final Aug 2018 - PKS Automation/Common/Reference Number Setter: Test Cases/Final Aug 2018 - PKS Automation/Common/Reference Number Setter

2018-12-07 16:29:51 - [TEST_STEP][PASSED] - Statement - RefNoOldFile = new java.io.File(C://Users//Admin//Desktop//PKS//Automation Reference Point//KatalonReference.txt): null

2018-12-07 16:29:51 - [TEST_STEP][PASSED] - Statement - RefNoOldFile.delete(): null

2018-12-07 16:29:51 - [TEST_STEP][PASSED] - delay: Delayed 5 second(s)

2018-12-07 16:29:56 - [MESSAGE][PASSED] - Delayed 5 second(s)

2018-12-07 16:29:56 - [TEST_STEP][PASSED] - Statement - RefNo = new java.io.File(C://Users//Admin//Desktop//PKS//Automation Reference Point//KatalonReference.txt): null

2018-12-07 16:29:56 - [TEST_STEP][PASSED] - Statement - f2 = new java.io.FileWriter(RefNo, false): null

2018-12-07 16:29:56 - [TEST_STEP][PASSED] - Statement - f2.write(CaseReferenceNo): null

2018-12-07 16:29:56 - [TEST_STEP][PASSED] - Statement - f2.close(): null

2018-12-07 16:29:56 - [TEST_STEP][PASSED] - Statement - out.println("


" + CaseReferenceNo + "


"): null

2018-12-07 16:29:56 - [MESSAGE][PASSED] - Call Test Case 'Test Cases/Final Aug 2018 - PKS Automation/Common/Reference Number Setter' successfully

2018-12-07 16:29:56 - [TEST_STEP][PASSED] - delay: Delayed 5 second(s)

2018-12-07 16:30:01 - [MESSAGE][PASSED] - Delayed 5 second(s)

2018-12-07 16:30:01 - [TEST_STEP][PASSED] - click: Object: 'Object Repository/Final Object Repo/Page_Update Employee Information By Employer/Save  Continue in  Employee Information Page' is clicked on

2018-12-07 16:30:01 - [MESSAGE][PASSED] - Object: 'Object Repository/Final Object Repo/Page_Update Employee Information By Employer/Save  Continue in  Employee Information Page' is clicked on

2018-12-07 16:30:01 - [TEST_STEP][PASSED] - delay: Delayed 5 second(s)

2018-12-07 16:30:06 - [MESSAGE][PASSED] - Delayed 5 second(s)

2018-12-07 16:30:06 - [TEST_STEP][PASSED] - click: Object: 'Object Repository/Final Object Repo/Page_Update Employee Information By Employer/Save  Continue in Uploading Page 1' is clicked on

2018-12-07 16:30:06 - [MESSAGE][PASSED] - Object: 'Object Repository/Final Object Repo/Page_Update Employee Information By Employer/Save  Continue in Uploading Page 1' is clicked on

2018-12-07 16:30:06 - [TEST_STEP][PASSED] - delay: Delayed 5 second(s)

2018-12-07 16:30:11 - [MESSAGE][PASSED] - Delayed 5 second(s)

2018-12-07 16:30:11 - [TEST_STEP][PASSED] - click: Object: 'Object Repository/Final Object Repo/Page_Update Employee Information By Employer/Submit' is clicked on

2018-12-07 16:30:11 - [MESSAGE][PASSED] - Object: 'Object Repository/Final Object Repo/Page_Update Employee Information By Employer/Submit' is clicked on

2018-12-07 16:30:11 - [TEST_STEP][PASSED] - delay: Delayed 5 second(s)

2018-12-07 16:30:16 - [MESSAGE][PASSED] - Delayed 5 second(s)

2018-12-07 16:30:16 - [TEST_STEP][PASSED] - click: Object: 'Object Repository/Final Object Repo/Page_Update Employee Information By Employer/Confirm' is clicked on

2018-12-07 16:30:17 - [MESSAGE][PASSED] - Object: 'Object Repository/Final Object Repo/Page_Update Employee Information By Employer/Confirm' is clicked on

2018-12-07 16:30:17 - [TEST_STEP][PASSED] - delay: Delayed 5 second(s)

2018-12-07 16:30:22 - [MESSAGE][PASSED] - Delayed 5 second(s)

2018-12-07 16:30:22 - [TEST_STEP][PASSED] - verifyElementVisible: Object 'Object Repository/Final Object Repo/Page_Update Employee Information By Employer/Successfull Message Routed to UO' is visible

2018-12-07 16:30:22 - [MESSAGE][PASSED] - Object 'Object Repository/Final Object Repo/Page_Update Employee Information By Employer/Successfull Message Routed to UO' is visible

2018-12-07 16:30:22 - [MESSAGE][PASSED] - Call Test Case 'Test Cases/Final Aug 2018 - PKS Automation/Registration Module/Workflow/Update Employee Information (Employer)/Template/Update Employer Information - Special Case (PAU)' successfully

2018-12-07 16:30:22 - [TEST_STEP][PASSED] - callTestCase: Call Test Case 'Test Cases/Final Aug 2018 - PKS Automation/Registration Module/Workflow/Update Employee Information (Employer)/Template/Update Employee Information - Special Case - UO (Reject)' successfully

2018-12-07 16:30:22 - [TEST_CASE][PASSED] - Test Cases/Final Aug 2018 - PKS Automation/Registration Module/Workflow/Update Employee Information (Employer)/Template/Update Employee Information - Special Case - UO (Reject): Test Cases/Final Aug 2018 - PKS Automation/Registration Module/Workflow/Update Employee Information (Employer)/Template/Update Employee Information - Special Case - UO (Reject)

2018-12-07 16:30:22 - [TEST_STEP][NOT_RUN] - callTestCase: NOT_RUN: callTestCase

2018-12-07 16:30:22 - [MESSAGE][NOT_RUN] - NOT_RUN: callTestCase

2018-12-07 16:30:22 - [TEST_STEP][PASSED] - delay: Delayed 2 second(s)

2018-12-07 16:30:24 - [MESSAGE][PASSED] - Delayed 2 second(s)

2018-12-07 16:30:24 - [TEST_STEP][PASSED] - navigateToUrl: Navigate to 'https://assist2-uat.perkeso.gov.my/c/portal/logout' successfully

2018-12-07 16:30:24 - [MESSAGE][PASSED] - Navigate to 'https://assist2-uat.perkeso.gov.my/c/portal/logout' successfully

2018-12-07 16:30:24 - [TEST_STEP][PASSED] - delay: Delayed 2 second(s)

2018-12-07 16:30:26 - [MESSAGE][PASSED] - Delayed 2 second(s)

2018-12-07 16:30:26 - [TEST_STEP][PASSED] - callTestCase: Call Test Case 'Test Cases/Final Aug 2018 - PKS Automation/Common/Reference Number Getter' successfully

2018-12-07 16:30:26 - [TEST_CASE][PASSED] - Test Cases/Final Aug 2018 - PKS Automation/Common/Reference Number Getter: Test Cases/Final Aug 2018 - PKS Automation/Common/Reference Number Getter

2018-12-07 16:30:26 - [TEST_STEP][PASSED] - Statement - Try: null

2018-12-07 16:30:26 - [TEST_STEP][PASSED] - Statement - RefNo = new java.io.File(C://Users//Admin//Desktop//PKS//Automation Reference Point//KatalonReference.txt): null

2018-12-07 16:30:26 - [TEST_STEP][PASSED] - Statement - bufferread = new java.io.BufferedReader(new java.io.FileReader(RefNo)): null

2018-12-07 16:30:26 - [TEST_STEP][PASSED] - Statement - readedVal = bufferread.readLine(): null

2018-12-07 16:30:26 - [TEST_STEP][PASSED] - Statement - out.println(CaseReferenceNo): null

2018-12-07 16:30:26 - [TEST_STEP][PASSED] - Statement - out.println(readedVal): null

2018-12-07 16:30:26 - [TEST_STEP][PASSED] - Statement - CaseReferenceNo = "": null

2018-12-07 16:30:26 - [TEST_STEP][PASSED] - Statement - CaseReferenceNo = readedVal: null

2018-12-07 16:30:26 - [MESSAGE][PASSED] - Call Test Case 'Test Cases/Final Aug 2018 - PKS Automation/Common/Reference Number Getter' successfully

2018-12-07 16:30:26 - [TEST_STEP][PASSED] - callTestCase: Call Test Case 'Test Cases/Final Aug 2018 - PKS Automation/Common/Workflow Owner Finder' successfully

2018-12-07 16:30:27 - [TEST_CASE][PASSED] - Test Cases/Final Aug 2018 - PKS Automation/Common/Workflow Owner Finder: Test Cases/Final Aug 2018 - PKS Automation/Common/Workflow Owner Finder

2018-12-07 16:30:27 - [TEST_STEP][PASSED] - openBrowser: Browser is opened with url: ''

2018-12-07 16:30:27 - [MESSAGE][WARNING] - A browser is already opened. Closing browser and opening a new one

2018-12-07 16:30:29 - [MESSAGE][PASSED] - Browser is opened with url: ''

2018-12-07 16:30:29 - [TEST_STEP][PASSED] - navigateToUrl: Navigate to 'https://assist2-uat.perkeso.gov.my/login' successfully

2018-12-07 16:30:30 - [MESSAGE][PASSED] - Navigate to 'https://assist2-uat.perkeso.gov.my/login' successfully

2018-12-07 16:30:30 - [TEST_STEP][PASSED] - delay: Delayed 5 second(s)

2018-12-07 16:30:35 - [MESSAGE][PASSED] - Delayed 5 second(s)

2018-12-07 16:30:35 - [TEST_STEP][PASSED] - setText: Text 'test@liferay.com' is set on object 'Object Repository/Final Object Repo/Login Page/Internal User/Email Address'

2018-12-07 16:30:36 - [MESSAGE][PASSED] - Text 'test@liferay.com' is set on object 'Object Repository/Final Object Repo/Login Page/Internal User/Email Address'

2018-12-07 16:30:36 - [TEST_STEP][PASSED] - click: Object: 'Object Repository/Final Object Repo/Login Page/Internal User/Next Button' is clicked on

2018-12-07 16:30:36 - [MESSAGE][PASSED] - Object: 'Object Repository/Final Object Repo/Login Page/Internal User/Next Button' is clicked on

2018-12-07 16:30:36 - [TEST_STEP][PASSED] - delay: Delayed 2 second(s)

2018-12-07 16:30:38 - [MESSAGE][PASSED] - Delayed 2 second(s)

2018-12-07 16:30:38 - [TEST_STEP][PASSED] - setText: Text 'test' is set on object 'Object Repository/Final Object Repo/Login Page/Internal User/Password'

2018-12-07 16:30:38 - [MESSAGE][PASSED] - Text 'test' is set on object 'Object Repository/Final Object Repo/Login Page/Internal User/Password'

2018-12-07 16:30:38 - [TEST_STEP][PASSED] - delay: Delayed 2 second(s)

2018-12-07 16:30:40 - [MESSAGE][PASSED] - Delayed 2 second(s)

2018-12-07 16:30:40 - [TEST_STEP][PASSED] - click: Object: 'Object Repository/Final Object Repo/Login Page/Internal User/Login Button' is clicked on

2018-12-07 16:30:40 - [MESSAGE][PASSED] - Object: 'Object Repository/Final Object Repo/Login Page/Internal User/Login Button' is clicked on

2018-12-07 16:30:40 - [TEST_STEP][PASSED] - Statement - tester = com.kms.katalon.core.testobject.ObjectRepository.findTestObject(Final Object Repo/Landing Page/Select to English): Finding Test Object with id 'Object Repository/Final Object Repo/Landing Page/Select to English'

2018-12-07 16:30:40 - [TEST_STEP][PASSED] - Statement - Try: Delayed 2 second(s)

2018-12-07 16:30:40 - [TEST_STEP][PASSED] - Statement - Checker = com.kms.katalon.core.webui.keyword.WebUiBuiltInKeywords.verifyElementNotPresent(tester, 3): Web element with id: 'Object Repository/Final Object Repo/Landing Page/Select to English' located by 'By.xpath: //a[@class = 'taglib-language-list-text' and @lang = 'en-US' and (contains(text(), 'EN') or contains(., 'EN'))]' is not present after '3' second(s)

2018-12-07 16:30:42 - [MESSAGE][PASSED] - Web element with id: 'Object Repository/Final Object Repo/Landing Page/Select to English' located by 'By.xpath: //a[@class = 'taglib-language-list-text' and @lang = 'en-US' and (contains(text(), 'EN') or contains(., 'EN'))]' is not present after '3' second(s)

2018-12-07 16:30:42 - [TEST_STEP][PASSED] - Statement - If (Checker == false): null

2018-12-07 16:30:42 - [TEST_STEP][PASSED] - delay: Delayed 2 second(s)

2018-12-07 16:30:44 - [MESSAGE][PASSED] - Delayed 2 second(s)

2018-12-07 16:30:44 - [TEST_STEP][PASSED] - delay: Delayed 5 second(s)

2018-12-07 16:30:49 - [MESSAGE][PASSED] - Delayed 5 second(s)

2018-12-07 16:30:49 - [TEST_STEP][PASSED] - mouseOver: Object: 'Object Repository/Final Object Repo/Landing Page/WorkFlow Menu' is hovered

2018-12-07 16:30:49 - [MESSAGE][PASSED] - Object: 'Object Repository/Final Object Repo/Landing Page/WorkFlow Menu' is hovered

2018-12-07 16:30:49 - [TEST_STEP][PASSED] - delay: Delayed 2 second(s)

2018-12-07 16:30:51 - [MESSAGE][PASSED] - Delayed 2 second(s)

2018-12-07 16:30:51 - [TEST_STEP][PASSED] - click: Object: 'Object Repository/Final Object Repo/Landing Page/Select to Workflow Listing' is clicked on

2018-12-07 16:30:53 - [MESSAGE][PASSED] - Object: 'Object Repository/Final Object Repo/Landing Page/Select to Workflow Listing' is clicked on

2018-12-07 16:30:53 - [TEST_STEP][PASSED] - delay: Delayed 2 second(s)

2018-12-07 16:30:55 - [MESSAGE][PASSED] - Delayed 2 second(s)

2018-12-07 16:30:55 - [TEST_STEP][PASSED] - click: Object: 'Object Repository/Final Object Repo/WorkFlow Listing Page/Search Information - To Put Ref No' is clicked on

2018-12-07 16:30:55 - [MESSAGE][PASSED] - Object: 'Object Repository/Final Object Repo/WorkFlow Listing Page/Search Information - To Put Ref No' is clicked on

2018-12-07 16:30:55 - [TEST_STEP][PASSED] - delay: Delayed 2 second(s)

2018-12-07 16:30:57 - [MESSAGE][PASSED] - Delayed 2 second(s)

2018-12-07 16:30:57 - [TEST_STEP][PASSED] - callTestCase: Call Test Case 'Test Cases/Final Aug 2018 - PKS Automation/Common/Reference Number Getter' successfully

2018-12-07 16:30:57 - [TEST_CASE][PASSED] - Test Cases/Final Aug 2018 - PKS Automation/Common/Reference Number Getter: Test Cases/Final Aug 2018 - PKS Automation/Common/Reference Number Getter

2018-12-07 16:30:57 - [TEST_STEP][PASSED] - Statement - Try: null

2018-12-07 16:30:57 - [TEST_STEP][PASSED] - Statement - RefNo = new java.io.File(C://Users//Admin//Desktop//PKS//Automation Reference Point//KatalonReference.txt): null

2018-12-07 16:30:57 - [TEST_STEP][PASSED] - Statement - bufferread = new java.io.BufferedReader(new java.io.FileReader(RefNo)): null

2018-12-07 16:30:57 - [TEST_STEP][PASSED] - Statement - readedVal = bufferread.readLine(): null

2018-12-07 16:30:57 - [TEST_STEP][PASSED] - Statement - out.println(CaseReferenceNo): null

2018-12-07 16:30:57 - [TEST_STEP][PASSED] - Statement - out.println(readedVal): null

2018-12-07 16:30:57 - [TEST_STEP][PASSED] - Statement - CaseReferenceNo = "": null

2018-12-07 16:30:57 - [TEST_STEP][PASSED] - Statement - CaseReferenceNo = readedVal: null

2018-12-07 16:30:57 - [MESSAGE][PASSED] - Call Test Case 'Test Cases/Final Aug 2018 - PKS Automation/Common/Reference Number Getter' successfully

2018-12-07 16:30:57 - [TEST_STEP][PASSED] - setText: Text 'CUN122018C100005909' is set on object 'Object Repository/Final Object Repo/WorkFlow Listing Page/Ref No Set Text'

2018-12-07 16:30:57 - [MESSAGE][PASSED] - Text 'CUN122018C100005909' is set on object 'Object Repository/Final Object Repo/WorkFlow Listing Page/Ref No Set Text'

2018-12-07 16:30:57 - [TEST_STEP][PASSED] - delay: Delayed 2 second(s)

2018-12-07 16:30:59 - [MESSAGE][PASSED] - Delayed 2 second(s)

2018-12-07 16:30:59 - [TEST_STEP][PASSED] - click: Object: 'Object Repository/Final Object Repo/WorkFlow Listing Page/Search Ref No Search Button' is clicked on

2018-12-07 16:30:59 - [MESSAGE][PASSED] - Object: 'Object Repository/Final Object Repo/WorkFlow Listing Page/Search Ref No Search Button' is clicked on

2018-12-07 16:30:59 - [TEST_STEP][PASSED] - delay: Delayed 6 second(s)

2018-12-07 16:31:05 - [MESSAGE][PASSED] - Delayed 6 second(s)

2018-12-07 16:31:05 - [TEST_STEP][PASSED] - click: Object: 'Object Repository/Final Object Repo/WorkFlow Listing Page/Click Continue Tooltip' is clicked on

2018-12-07 16:31:06 - [MESSAGE][PASSED] - Object: 'Object Repository/Final Object Repo/WorkFlow Listing Page/Click Continue Tooltip' is clicked on

2018-12-07 16:31:06 - [TEST_STEP][PASSED] - delay: Delayed 5 second(s)

2018-12-07 16:31:11 - [MESSAGE][PASSED] - Delayed 5 second(s)

2018-12-07 16:31:11 - [TEST_STEP][PASSED] - doubleClick: Object: 'Object Repository/Final Object Repo/WorkFlow Listing Page/Workflow Found - Listing 1' is double clicked on

2018-12-07 16:31:12 - [MESSAGE][PASSED] - Object: 'Object Repository/Final Object Repo/WorkFlow Listing Page/Workflow Found - Listing 1' is double clicked on

2018-12-07 16:31:12 - [TEST_STEP][PASSED] - Statement - println(OwnerID): null

2018-12-07 16:31:12 - [TEST_STEP][PASSED] - Statement - OwnerID = com.kms.katalon.core.webui.keyword.WebUiBuiltInKeywords.getText(com.kms.katalon.core.testobject.ObjectRepository.findTestObject(Final Object Repo/WorkFlow Listing Page/Workflow Found - Listing 1), STOP_ON_FAILURE): Text of object 'Object Repository/Final Object Repo/WorkFlow Listing Page/Workflow Found - Listing 1' is: 'JOHORuo1'

2018-12-07 16:31:12 - [MESSAGE][PASSED] - Text of object 'Object Repository/Final Object Repo/WorkFlow Listing Page/Workflow Found - Listing 1' is: 'JOHORuo1'

2018-12-07 16:31:12 - [TEST_STEP][PASSED] - Statement - OwnerID = OwnerID.toLowerCase() + "@gmail.com": null

2018-12-07 16:31:12 - [TEST_STEP][PASSED] - Statement - println(OwnerID): null

2018-12-07 16:31:12 - [TEST_STEP][PASSED] - delay: Delayed 2 second(s)

2018-12-07 16:31:14 - [MESSAGE][PASSED] - Delayed 2 second(s)

2018-12-07 16:31:14 - [MESSAGE][PASSED] - Call Test Case 'Test Cases/Final Aug 2018 - PKS Automation/Common/Workflow Owner Finder' successfully

2018-12-07 16:31:14 - [TEST_STEP][PASSED] - delay: Delayed 2 second(s)

2018-12-07 16:31:16 - [MESSAGE][PASSED] - Delayed 2 second(s)

2018-12-07 16:31:16 - [TEST_STEP][PASSED] - navigateToUrl: Navigate to 'https://assist2-uat.perkeso.gov.my/c/portal/logout' successfully

2018-12-07 16:31:16 - [MESSAGE][PASSED] - Navigate to 'https://assist2-uat.perkeso.gov.my/c/portal/logout' successfully

2018-12-07 16:31:16 - [TEST_STEP][PASSED] - delay: Delayed 2 second(s)

2018-12-07 16:31:18 - [MESSAGE][PASSED] - Delayed 2 second(s)

2018-12-07 16:31:18 - [TEST_STEP][PASSED] - callTestCase: Call Test Case 'Test Cases/Final Aug 2018 - PKS Automation/Registration Module/Workflow/Login and Search Case For Workflow' successfully

2018-12-07 16:31:18 - [TEST_CASE][PASSED] - Test Cases/Final Aug 2018 - PKS Automation/Registration Module/Workflow/Login and Search Case For Workflow: Test Cases/Final Aug 2018 - PKS Automation/Registration Module/Workflow/Login and Search Case For Workflow

2018-12-07 16:31:18 - [TEST_STEP][PASSED] - navigateToUrl: Navigate to 'https://assist2-uat.perkeso.gov.my/login' successfully

2018-12-07 16:31:19 - [MESSAGE][PASSED] - Navigate to 'https://assist2-uat.perkeso.gov.my/login' successfully

2018-12-07 16:31:19 - [TEST_STEP][PASSED] - setText: Text 'johoruo1@gmail.com' is set on object 'Object Repository/Final Object Repo/Login Page/Internal User/Email Address'

2018-12-07 16:31:19 - [MESSAGE][PASSED] - Text 'johoruo1@gmail.com' is set on object 'Object Repository/Final Object Repo/Login Page/Internal User/Email Address'

2018-12-07 16:31:19 - [TEST_STEP][PASSED] - click: Object: 'Object Repository/Final Object Repo/Login Page/Internal User/Next Button' is clicked on

2018-12-07 16:31:19 - [MESSAGE][PASSED] - Object: 'Object Repository/Final Object Repo/Login Page/Internal User/Next Button' is clicked on

2018-12-07 16:31:19 - [TEST_STEP][PASSED] - delay: Delayed 1 second(s)

2018-12-07 16:31:20 - [MESSAGE][PASSED] - Delayed 1 second(s)

2018-12-07 16:31:20 - [TEST_STEP][PASSED] - setEncryptedText: Text ****** has been set on object 'Object Repository/Final Object Repo/Login Page/Internal User/Password'

2018-12-07 16:31:21 - [MESSAGE][PASSED] - Text ****** has been set on object 'Object Repository/Final Object Repo/Login Page/Internal User/Password'

2018-12-07 16:31:21 - [TEST_STEP][PASSED] - click: Object: 'Object Repository/Final Object Repo/Login Page/Internal User/Login Button' is clicked on

2018-12-07 16:31:21 - [MESSAGE][PASSED] - Object: 'Object Repository/Final Object Repo/Login Page/Internal User/Login Button' is clicked on

2018-12-07 16:31:21 - [TEST_STEP][PASSED] - delay: Delayed 2 second(s)

2018-12-07 16:31:23 - [MESSAGE][PASSED] - Delayed 2 second(s)

2018-12-07 16:31:23 - [TEST_STEP][PASSED] - Statement - Try: Delayed 2 second(s)

2018-12-07 16:31:23 - [TEST_STEP][PASSED] - Statement - Checker = false: null

2018-12-07 16:31:23 - [TEST_STEP][PASSED] - Statement - Checker = com.kms.katalon.core.webui.keyword.WebUiBuiltInKeywords.verifyElementHasAttribute(com.kms.katalon.core.testobject.ObjectRepository.findTestObject(Final Object Repo/Landing Page/BM Detecting), "href", 20, OPTIONAL): Object 'Object Repository/Final Object Repo/Landing Page/BM Detecting' has attribute 'href'

2018-12-07 16:31:23 - [MESSAGE][PASSED] - Object 'Object Repository/Final Object Repo/Landing Page/BM Detecting' has attribute 'href'

2018-12-07 16:31:23 - [TEST_STEP][PASSED] - Statement - out.println(Checker): null

2018-12-07 16:31:23 - [TEST_STEP][PASSED] - Statement - If (Checker == false): null

2018-12-07 16:31:23 - [TEST_STEP][PASSED] - Statement - Else: null

2018-12-07 16:31:23 - [TEST_STEP][PASSED] - delay: Delayed 2 second(s)

2018-12-07 16:31:25 - [MESSAGE][PASSED] - Delayed 2 second(s)

2018-12-07 16:31:25 - [TEST_STEP][PASSED] - click: Object: 'Object Repository/Final Object Repo/Page_MyASSIST - ASSIST - Search Pending Case For Add Supporting Document/Search Information' is clicked on

2018-12-07 16:31:25 - [MESSAGE][PASSED] - Object: 'Object Repository/Final Object Repo/Page_MyASSIST - ASSIST - Search Pending Case For Add Supporting Document/Search Information' is clicked on

2018-12-07 16:31:25 - [TEST_STEP][PASSED] - delay: Delayed 3 second(s)

2018-12-07 16:31:28 - [MESSAGE][PASSED] - Delayed 3 second(s)

2018-12-07 16:31:28 - [TEST_STEP][PASSED] - sendKeys: Keys 'CUN122018C100005909' sent to object: 'Object Repository/Final Object Repo/Page_MyASSIST - ASSIST - Search Pending Case For Add Supporting Document/Reference No'

2018-12-07 16:31:28 - [MESSAGE][PASSED] - Keys 'CUN122018C100005909' sent to object: 'Object Repository/Final Object Repo/Page_MyASSIST - ASSIST - Search Pending Case For Add Supporting Document/Reference No'

2018-12-07 16:31:28 - [TEST_STEP][PASSED] - click: Object: 'Object Repository/Final Object Repo/Page_MyASSIST - ASSIST - Search Pending Case For Add Supporting Document/Search Reference No' is clicked on

2018-12-07 16:31:29 - [MESSAGE][PASSED] - Object: 'Object Repository/Final Object Repo/Page_MyASSIST - ASSIST - Search Pending Case For Add Supporting Document/Search Reference No' is clicked on

2018-12-07 16:31:29 - [TEST_STEP][PASSED] - delay: Delayed 2 second(s)

2018-12-07 16:31:31 - [MESSAGE][PASSED] - Delayed 2 second(s)

2018-12-07 16:31:31 - [TEST_STEP][PASSED] - click: Object: 'Object Repository/Final Object Repo/Page_MyASSIST - ASSIST - Search Pending Case For Add Supporting Document/Continue' is clicked on

2018-12-07 16:31:35 - [MESSAGE][PASSED] - Object: 'Object Repository/Final Object Repo/Page_MyASSIST - ASSIST - Search Pending Case For Add Supporting Document/Continue' is clicked on

2018-12-07 16:31:35 - [TEST_STEP][PASSED] - delay: Delayed 20 second(s)

2018-12-07 16:31:55 - [MESSAGE][PASSED] - Delayed 20 second(s)

2018-12-07 16:31:55 - [MESSAGE][PASSED] - Call Test Case 'Test Cases/Final Aug 2018 - PKS Automation/Registration Module/Workflow/Login and Search Case For Workflow' successfully

2018-12-07 16:31:55 - [TEST_STEP][PASSED] - delay: Delayed 2 second(s)

2018-12-07 16:31:57 - [MESSAGE][PASSED] - Delayed 2 second(s)

2018-12-07 16:31:57 - [TEST_STEP][PASSED] - click: Object: 'Object Repository/Final Object Repo/Page_Update Employee Information By Employer/Page_Update Employee Information by Employer (Approve)/Continue' is clicked on

2018-12-07 16:32:00 - [MESSAGE][PASSED] - Object: 'Object Repository/Final Object Repo/Page_Update Employee Information By Employer/Page_Update Employee Information by Employer (Approve)/Continue' is clicked on

2018-12-07 16:32:00 - [TEST_STEP][PASSED] - delay: Delayed 2 second(s)

2018-12-07 16:32:02 - [MESSAGE][PASSED] - Delayed 2 second(s)

2018-12-07 16:32:02 - [TEST_STEP][PASSED] - click: Object: 'Object Repository/Final Object Repo/Page_Update Employee Information By Employer/Page_Update Employee Information by Employer (Approve)/Save  Continue in Update Employee Information Page' is clicked on

2018-12-07 16:32:02 - [MESSAGE][PASSED] - Object: 'Object Repository/Final Object Repo/Page_Update Employee Information By Employer/Page_Update Employee Information by Employer (Approve)/Save  Continue in Update Employee Information Page' is clicked on

2018-12-07 16:32:02 - [TEST_STEP][PASSED] - delay: Delayed 4 second(s)

2018-12-07 16:32:06 - [MESSAGE][PASSED] - Delayed 4 second(s)

2018-12-07 16:32:06 - [TEST_STEP][PASSED] - click: Object: 'Object Repository/Final Object Repo/Page_Update Employee Information By Employer/Page_Update Employee Information by Employer (Approve)/Save  Continue in Upload Supporting Doucument Page' is clicked on

2018-12-07 16:32:06 - [MESSAGE][PASSED] - Object: 'Object Repository/Final Object Repo/Page_Update Employee Information By Employer/Page_Update Employee Information by Employer (Approve)/Save  Continue in Upload Supporting Doucument Page' is clicked on

2018-12-07 16:32:06 - [TEST_STEP][PASSED] - delay: Delayed 2 second(s)

2018-12-07 16:32:08 - [MESSAGE][PASSED] - Delayed 2 second(s)

2018-12-07 16:32:08 - [TEST_STEP][PASSED] - click: Object: 'Object Repository/Final Object Repo/Page_Update Employee Information By Employer/Page_Update Employee Information by Employer (Reject)/Reject' is clicked on

2018-12-07 16:32:10 - [MESSAGE][PASSED] - Object: 'Object Repository/Final Object Repo/Page_Update Employee Information By Employer/Page_Update Employee Information by Employer (Reject)/Reject' is clicked on

2018-12-07 16:32:10 - [TEST_STEP][PASSED] - delay: Delayed 2 second(s)

2018-12-07 16:32:12 - [MESSAGE][PASSED] - Delayed 2 second(s)

2018-12-07 16:32:12 - [TEST_STEP][PASSED] - click: Object: 'Object Repository/Final Object Repo/Page_Update Employee Information By Employer/Page_Update Employee Information by Employer (Approve)/Confirm' is clicked on

2018-12-07 16:32:12 - [MESSAGE][PASSED] - Object: 'Object Repository/Final Object Repo/Page_Update Employee Information By Employer/Page_Update Employee Information by Employer (Approve)/Confirm' is clicked on

2018-12-07 16:32:12 - [TEST_STEP][PASSED] - delay: Delayed 2 second(s)

2018-12-07 16:32:14 - [MESSAGE][PASSED] - Delayed 2 second(s)

2018-12-07 16:32:14 - [TEST_STEP][PASSED] - verifyElementVisible: Object 'Object Repository/Final Object Repo/Page_Update Employee Information By Employer/Page_Update Employee Information by Employer (Reject)/Rejected Messeage This Case has been Rejecte' is visible

2018-12-07 16:32:17 - [MESSAGE][PASSED] - Object 'Object Repository/Final Object Repo/Page_Update Employee Information By Employer/Page_Update Employee Information by Employer (Reject)/Rejected Messeage This Case has been Rejecte' is visible

2018-12-07 16:32:17 - [TEST_STEP][PASSED] - delay: Delayed 2 second(s)

2018-12-07 16:32:19 - [MESSAGE][PASSED] - Delayed 2 second(s)

2018-12-07 16:32:19 - [TEST_STEP][PASSED] - verifyElementVisible: Object 'Object Repository/Final Object Repo/Page_Update Employee Information By Employer/Page_Update Employee Information by Employer (Reject)/Letter of update rejection' is visible

2018-12-07 16:32:20 - [MESSAGE][PASSED] - Object 'Object Repository/Final Object Repo/Page_Update Employee Information By Employer/Page_Update Employee Information by Employer (Reject)/Letter of update rejection' is visible

2018-12-07 16:32:20 - [MESSAGE][PASSED] - Call Test Case 'Test Cases/Final Aug 2018 - PKS Automation/Registration Module/Workflow/Update Employee Information (Employer)/Template/Update Employee Information - Special Case - UO (Reject)' successfully]]></system-out>
         <system-err><![CDATA[]]></system-err>
      </testcase>
      <testcase name="Test Cases/Final Aug 2018 - PKS Automation/Registration Module/Workflow/Update Employee Information (Employer)/PAU to UO (Under enforcement)" classname="Test Cases/Final Aug 2018 - PKS Automation/Registration Module/Workflow/Update Employee Information (Employer)/PAU to UO (Under enforcement)" status="PASSED">
         <system-out><![CDATA[2018-12-07 16:32:20 - [TEST_CASE][PASSED] - Test Cases/Final Aug 2018 - PKS Automation/Registration Module/Workflow/Update Employee Information (Employer)/PAU to UO (Under enforcement): Test Cases/Final Aug 2018 - PKS Automation/Registration Module/Workflow/Update Employee Information (Employer)/PAU to UO (Under enforcement)

2018-12-07 16:32:20 - [TEST_STEP][PASSED] - callTestCase: Call Test Case 'Test Cases/Final Aug 2018 - PKS Automation/Registration Module/Workflow/Update Employee Information (Employer)/Template/Update Employer Information - Special Case (PAU)' successfully

2018-12-07 16:32:20 - [TEST_CASE][PASSED] - Test Cases/Final Aug 2018 - PKS Automation/Registration Module/Workflow/Update Employee Information (Employer)/Template/Update Employer Information - Special Case (PAU): Test Cases/Final Aug 2018 - PKS Automation/Registration Module/Workflow/Update Employee Information (Employer)/Template/Update Employer Information - Special Case (PAU)

2018-12-07 16:32:20 - [TEST_STEP][PASSED] - openBrowser: Browser is opened with url: ''

2018-12-07 16:32:20 - [MESSAGE][WARNING] - A browser is already opened. Closing browser and opening a new one

2018-12-07 16:32:23 - [MESSAGE][PASSED] - Browser is opened with url: ''

2018-12-07 16:32:23 - [TEST_STEP][PASSED] - navigateToUrl: Navigate to 'https://assist2-uat.perkeso.gov.my/login' successfully

2018-12-07 16:32:24 - [MESSAGE][PASSED] - Navigate to 'https://assist2-uat.perkeso.gov.my/login' successfully

2018-12-07 16:32:24 - [TEST_STEP][PASSED] - setText: Text 'johorpau1@gmail.com' is set on object 'Object Repository/Final Object Repo/Login Page/Internal User/Email Address'

2018-12-07 16:32:24 - [MESSAGE][PASSED] - Text 'johorpau1@gmail.com' is set on object 'Object Repository/Final Object Repo/Login Page/Internal User/Email Address'

2018-12-07 16:32:24 - [TEST_STEP][PASSED] - click: Object: 'Object Repository/Final Object Repo/Login Page/Internal User/Next Button' is clicked on

2018-12-07 16:32:25 - [MESSAGE][PASSED] - Object: 'Object Repository/Final Object Repo/Login Page/Internal User/Next Button' is clicked on

2018-12-07 16:32:25 - [TEST_STEP][PASSED] - delay: Delayed 1 second(s)

2018-12-07 16:32:26 - [MESSAGE][PASSED] - Delayed 1 second(s)

2018-12-07 16:32:26 - [TEST_STEP][PASSED] - setEncryptedText: Text ****** has been set on object 'Object Repository/Final Object Repo/Login Page/Internal User/Password'

2018-12-07 16:32:26 - [MESSAGE][PASSED] - Text ****** has been set on object 'Object Repository/Final Object Repo/Login Page/Internal User/Password'

2018-12-07 16:32:26 - [TEST_STEP][PASSED] - click: Object: 'Object Repository/Final Object Repo/Login Page/Internal User/Login Button' is clicked on

2018-12-07 16:32:26 - [MESSAGE][PASSED] - Object: 'Object Repository/Final Object Repo/Login Page/Internal User/Login Button' is clicked on

2018-12-07 16:32:26 - [TEST_STEP][PASSED] - Statement - tester = com.kms.katalon.core.testobject.ObjectRepository.findTestObject(Final Object Repo/Landing Page/Select to English): Finding Test Object with id 'Object Repository/Final Object Repo/Landing Page/Select to English'

2018-12-07 16:32:26 - [TEST_STEP][PASSED] - Statement - Try: Delayed 2 second(s)

2018-12-07 16:32:26 - [TEST_STEP][PASSED] - Statement - Checker = com.kms.katalon.core.webui.keyword.WebUiBuiltInKeywords.verifyElementNotPresent(tester, 3): Web element with id: 'Object Repository/Final Object Repo/Landing Page/Select to English' located by 'By.xpath: //a[@class = 'taglib-language-list-text' and @lang = 'en-US' and (contains(text(), 'EN') or contains(., 'EN'))]' is not present after '3' second(s)

2018-12-07 16:32:28 - [MESSAGE][PASSED] - Web element with id: 'Object Repository/Final Object Repo/Landing Page/Select to English' located by 'By.xpath: //a[@class = 'taglib-language-list-text' and @lang = 'en-US' and (contains(text(), 'EN') or contains(., 'EN'))]' is not present after '3' second(s)

2018-12-07 16:32:28 - [TEST_STEP][PASSED] - Statement - If (Checker == false): null

2018-12-07 16:32:28 - [TEST_STEP][PASSED] - delay: Delayed 2 second(s)

2018-12-07 16:32:30 - [MESSAGE][PASSED] - Delayed 2 second(s)

2018-12-07 16:32:30 - [TEST_STEP][PASSED] - delay: Delayed 5 second(s)

2018-12-07 16:32:35 - [MESSAGE][PASSED] - Delayed 5 second(s)

2018-12-07 16:32:35 - [TEST_STEP][PASSED] - navigateToUrl: Navigate to 'https://assist2-uat.perkeso.gov.my/web/registration/update/update-employee-information-employer-' successfully

2018-12-07 16:32:36 - [MESSAGE][PASSED] - Navigate to 'https://assist2-uat.perkeso.gov.my/web/registration/update/update-employee-information-employer-' successfully

2018-12-07 16:32:36 - [TEST_STEP][PASSED] - setText: Text 'E1102001065V' is set on object 'Object Repository/Final Object Repo/Page_Update Employee Information By Employer/Employer Code'

2018-12-07 16:32:36 - [MESSAGE][PASSED] - Text 'E1102001065V' is set on object 'Object Repository/Final Object Repo/Page_Update Employee Information By Employer/Employer Code'

2018-12-07 16:32:36 - [TEST_STEP][PASSED] - click: Object: 'Object Repository/Final Object Repo/Page_Update Employee Information By Employer/Search Employer Code' is clicked on

2018-12-07 16:32:36 - [MESSAGE][PASSED] - Object: 'Object Repository/Final Object Repo/Page_Update Employee Information By Employer/Search Employer Code' is clicked on

2018-12-07 16:32:36 - [TEST_STEP][PASSED] - click: Object: 'Object Repository/Final Object Repo/Page_Update Employee Information By Employer/Edit Button' is clicked on

2018-12-07 16:32:41 - [MESSAGE][PASSED] - Object: 'Object Repository/Final Object Repo/Page_Update Employee Information By Employer/Edit Button' is clicked on

2018-12-07 16:32:41 - [TEST_STEP][PASSED] - click: Object: 'Object Repository/Final Object Repo/Page_Update Employee Information By Employer/Employee Name or New Identification' is clicked on

2018-12-07 16:32:41 - [MESSAGE][PASSED] - Object: 'Object Repository/Final Object Repo/Page_Update Employee Information By Employer/Employee Name or New Identification' is clicked on

2018-12-07 16:32:41 - [TEST_STEP][PASSED] - delay: Delayed 1 second(s)

2018-12-07 16:32:42 - [MESSAGE][PASSED] - Delayed 1 second(s)

2018-12-07 16:32:42 - [TEST_STEP][PASSED] - click: Object: 'Object Repository/Final Object Repo/Page_Update Employee Information By Employer/Selection - Employee Name' is clicked on

2018-12-07 16:32:42 - [MESSAGE][PASSED] - Object: 'Object Repository/Final Object Repo/Page_Update Employee Information By Employer/Selection - Employee Name' is clicked on

2018-12-07 16:32:42 - [TEST_STEP][PASSED] - delay: Delayed 1 second(s)

2018-12-07 16:32:43 - [MESSAGE][PASSED] - Delayed 1 second(s)

2018-12-07 16:32:43 - [TEST_STEP][PASSED] - setText: Text 'PERKESO' is set on object 'Object Repository/Final Object Repo/Page_Update Employee Information By Employer/Employee Name'

2018-12-07 16:32:43 - [MESSAGE][PASSED] - Text 'PERKESO' is set on object 'Object Repository/Final Object Repo/Page_Update Employee Information By Employer/Employee Name'

2018-12-07 16:32:43 - [TEST_STEP][PASSED] - delay: Delayed 2 second(s)

2018-12-07 16:32:45 - [MESSAGE][PASSED] - Delayed 2 second(s)

2018-12-07 16:32:45 - [TEST_STEP][PASSED] - click: Object: 'Object Repository/Final Object Repo/Page_Update Employee Information By Employer/Search Employee' is clicked on

2018-12-07 16:32:45 - [MESSAGE][PASSED] - Object: 'Object Repository/Final Object Repo/Page_Update Employee Information By Employer/Search Employee' is clicked on

2018-12-07 16:32:45 - [TEST_STEP][PASSED] - delay: Delayed 3 second(s)

2018-12-07 16:32:48 - [MESSAGE][PASSED] - Delayed 3 second(s)

2018-12-07 16:32:48 - [TEST_STEP][PASSED] - click: Object: 'Object Repository/Final Object Repo/Page_Update Employee Information By Employer/Employee Edit Button' is clicked on

2018-12-07 16:32:49 - [MESSAGE][PASSED] - Object: 'Object Repository/Final Object Repo/Page_Update Employee Information By Employer/Employee Edit Button' is clicked on

2018-12-07 16:32:49 - [TEST_STEP][PASSED] - delay: Delayed 3 second(s)

2018-12-07 16:32:52 - [MESSAGE][PASSED] - Delayed 3 second(s)

2018-12-07 16:32:52 - [TEST_STEP][PASSED] - setText: Text '' is set on object 'Object Repository/Final Object Repo/Page_Update Employee Information By Employer/Identification Number'

2018-12-07 16:32:52 - [MESSAGE][PASSED] - Text '' is set on object 'Object Repository/Final Object Repo/Page_Update Employee Information By Employer/Identification Number'

2018-12-07 16:32:52 - [TEST_STEP][PASSED] - Statement - rnd = new java.util.Random(): null

2018-12-07 16:32:52 - [TEST_STEP][PASSED] - Statement - snum = rnd.nextInt(899999 + 1) + 100000: null

2018-12-07 16:32:52 - [TEST_STEP][PASSED] - Statement - tnum = rnd.nextInt(899999 + 1) + 100000: null

2018-12-07 16:32:52 - [TEST_STEP][PASSED] - Statement - IC = java.lang.Integer.toString(snum) + java.lang.Integer.toString(tnum): null

2018-12-07 16:32:52 - [TEST_STEP][PASSED] - Statement - out.println(IC): null

2018-12-07 16:32:52 - [TEST_STEP][PASSED] - setText: Text '343089796394' is set on object 'Object Repository/Final Object Repo/Page_Update Employee Information By Employer/Identification Number'

2018-12-07 16:32:52 - [MESSAGE][PASSED] - Text '343089796394' is set on object 'Object Repository/Final Object Repo/Page_Update Employee Information By Employer/Identification Number'

2018-12-07 16:32:52 - [TEST_STEP][PASSED] - click: Object: 'Object Repository/Final Object Repo/Page_Update Employee Information By Employer/Save' is clicked on

2018-12-07 16:32:53 - [MESSAGE][PASSED] - Object: 'Object Repository/Final Object Repo/Page_Update Employee Information By Employer/Save' is clicked on

2018-12-07 16:32:53 - [TEST_STEP][PASSED] - delay: Delayed 5 second(s)

2018-12-07 16:32:58 - [MESSAGE][PASSED] - Delayed 5 second(s)

2018-12-07 16:32:58 - [TEST_STEP][PASSED] - Statement - CaseReferenceNo = com.kms.katalon.core.webui.keyword.WebUiBuiltInKeywords.getText(com.kms.katalon.core.testobject.ObjectRepository.findTestObject(Final Object Repo/Reference Number/Reference Number in Update Employee Information Page)): Text of object 'Object Repository/Final Object Repo/Reference Number/Reference Number in Update Employee Information Page' is: 'CUN122018C100005910'

2018-12-07 16:32:58 - [MESSAGE][PASSED] - Text of object 'Object Repository/Final Object Repo/Reference Number/Reference Number in Update Employee Information Page' is: 'CUN122018C100005910'

2018-12-07 16:32:58 - [TEST_STEP][PASSED] - callTestCase: Call Test Case 'Test Cases/Final Aug 2018 - PKS Automation/Common/Reference Number Setter' successfully

2018-12-07 16:32:58 - [TEST_CASE][PASSED] - Test Cases/Final Aug 2018 - PKS Automation/Common/Reference Number Setter: Test Cases/Final Aug 2018 - PKS Automation/Common/Reference Number Setter

2018-12-07 16:32:58 - [TEST_STEP][PASSED] - Statement - RefNoOldFile = new java.io.File(C://Users//Admin//Desktop//PKS//Automation Reference Point//KatalonReference.txt): null

2018-12-07 16:32:58 - [TEST_STEP][PASSED] - Statement - RefNoOldFile.delete(): null

2018-12-07 16:32:58 - [TEST_STEP][PASSED] - delay: Delayed 5 second(s)

2018-12-07 16:33:03 - [MESSAGE][PASSED] - Delayed 5 second(s)

2018-12-07 16:33:03 - [TEST_STEP][PASSED] - Statement - RefNo = new java.io.File(C://Users//Admin//Desktop//PKS//Automation Reference Point//KatalonReference.txt): null

2018-12-07 16:33:03 - [TEST_STEP][PASSED] - Statement - f2 = new java.io.FileWriter(RefNo, false): null

2018-12-07 16:33:03 - [TEST_STEP][PASSED] - Statement - f2.write(CaseReferenceNo): null

2018-12-07 16:33:03 - [TEST_STEP][PASSED] - Statement - f2.close(): null

2018-12-07 16:33:03 - [TEST_STEP][PASSED] - Statement - out.println("


" + CaseReferenceNo + "


"): null

2018-12-07 16:33:03 - [MESSAGE][PASSED] - Call Test Case 'Test Cases/Final Aug 2018 - PKS Automation/Common/Reference Number Setter' successfully

2018-12-07 16:33:03 - [TEST_STEP][PASSED] - delay: Delayed 5 second(s)

2018-12-07 16:33:08 - [MESSAGE][PASSED] - Delayed 5 second(s)

2018-12-07 16:33:08 - [TEST_STEP][PASSED] - click: Object: 'Object Repository/Final Object Repo/Page_Update Employee Information By Employer/Save  Continue in  Employee Information Page' is clicked on

2018-12-07 16:33:08 - [MESSAGE][PASSED] - Object: 'Object Repository/Final Object Repo/Page_Update Employee Information By Employer/Save  Continue in  Employee Information Page' is clicked on

2018-12-07 16:33:08 - [TEST_STEP][PASSED] - delay: Delayed 5 second(s)

2018-12-07 16:33:13 - [MESSAGE][PASSED] - Delayed 5 second(s)

2018-12-07 16:33:13 - [TEST_STEP][PASSED] - click: Object: 'Object Repository/Final Object Repo/Page_Update Employee Information By Employer/Save  Continue in Uploading Page 1' is clicked on

2018-12-07 16:33:13 - [MESSAGE][PASSED] - Object: 'Object Repository/Final Object Repo/Page_Update Employee Information By Employer/Save  Continue in Uploading Page 1' is clicked on

2018-12-07 16:33:13 - [TEST_STEP][PASSED] - delay: Delayed 5 second(s)

2018-12-07 16:33:18 - [MESSAGE][PASSED] - Delayed 5 second(s)

2018-12-07 16:33:18 - [TEST_STEP][PASSED] - click: Object: 'Object Repository/Final Object Repo/Page_Update Employee Information By Employer/Submit' is clicked on

2018-12-07 16:33:18 - [MESSAGE][PASSED] - Object: 'Object Repository/Final Object Repo/Page_Update Employee Information By Employer/Submit' is clicked on

2018-12-07 16:33:18 - [TEST_STEP][PASSED] - delay: Delayed 5 second(s)

2018-12-07 16:33:23 - [MESSAGE][PASSED] - Delayed 5 second(s)

2018-12-07 16:33:23 - [TEST_STEP][PASSED] - click: Object: 'Object Repository/Final Object Repo/Page_Update Employee Information By Employer/Confirm' is clicked on

2018-12-07 16:33:24 - [MESSAGE][PASSED] - Object: 'Object Repository/Final Object Repo/Page_Update Employee Information By Employer/Confirm' is clicked on

2018-12-07 16:33:24 - [TEST_STEP][PASSED] - delay: Delayed 5 second(s)

2018-12-07 16:33:29 - [MESSAGE][PASSED] - Delayed 5 second(s)

2018-12-07 16:33:29 - [TEST_STEP][PASSED] - verifyElementVisible: Object 'Object Repository/Final Object Repo/Page_Update Employee Information By Employer/Successfull Message Routed to UO' is visible

2018-12-07 16:33:29 - [MESSAGE][PASSED] - Object 'Object Repository/Final Object Repo/Page_Update Employee Information By Employer/Successfull Message Routed to UO' is visible

2018-12-07 16:33:29 - [MESSAGE][PASSED] - Call Test Case 'Test Cases/Final Aug 2018 - PKS Automation/Registration Module/Workflow/Update Employee Information (Employer)/Template/Update Employer Information - Special Case (PAU)' successfully

2018-12-07 16:33:29 - [TEST_STEP][PASSED] - callTestCase: Call Test Case 'Test Cases/Final Aug 2018 - PKS Automation/Registration Module/Workflow/Update Employee Information (Employer)/Template/Update Employee Information - Special Case - UO (UnderEnforcement)' successfully

2018-12-07 16:33:29 - [TEST_CASE][PASSED] - Test Cases/Final Aug 2018 - PKS Automation/Registration Module/Workflow/Update Employee Information (Employer)/Template/Update Employee Information - Special Case - UO (UnderEnforcement): Test Cases/Final Aug 2018 - PKS Automation/Registration Module/Workflow/Update Employee Information (Employer)/Template/Update Employee Information - Special Case - UO (UnderEnforcement)

2018-12-07 16:33:29 - [TEST_STEP][NOT_RUN] - callTestCase: NOT_RUN: callTestCase

2018-12-07 16:33:29 - [MESSAGE][NOT_RUN] - NOT_RUN: callTestCase

2018-12-07 16:33:29 - [TEST_STEP][PASSED] - delay: Delayed 2 second(s)

2018-12-07 16:33:31 - [MESSAGE][PASSED] - Delayed 2 second(s)

2018-12-07 16:33:31 - [TEST_STEP][PASSED] - navigateToUrl: Navigate to 'https://assist2-uat.perkeso.gov.my/c/portal/logout' successfully

2018-12-07 16:33:32 - [MESSAGE][PASSED] - Navigate to 'https://assist2-uat.perkeso.gov.my/c/portal/logout' successfully

2018-12-07 16:33:32 - [TEST_STEP][PASSED] - delay: Delayed 2 second(s)

2018-12-07 16:33:34 - [MESSAGE][PASSED] - Delayed 2 second(s)

2018-12-07 16:33:34 - [TEST_STEP][PASSED] - callTestCase: Call Test Case 'Test Cases/Final Aug 2018 - PKS Automation/Common/Reference Number Getter' successfully

2018-12-07 16:33:34 - [TEST_CASE][PASSED] - Test Cases/Final Aug 2018 - PKS Automation/Common/Reference Number Getter: Test Cases/Final Aug 2018 - PKS Automation/Common/Reference Number Getter

2018-12-07 16:33:34 - [TEST_STEP][PASSED] - Statement - Try: null

2018-12-07 16:33:34 - [TEST_STEP][PASSED] - Statement - RefNo = new java.io.File(C://Users//Admin//Desktop//PKS//Automation Reference Point//KatalonReference.txt): null

2018-12-07 16:33:34 - [TEST_STEP][PASSED] - Statement - bufferread = new java.io.BufferedReader(new java.io.FileReader(RefNo)): null

2018-12-07 16:33:34 - [TEST_STEP][PASSED] - Statement - readedVal = bufferread.readLine(): null

2018-12-07 16:33:34 - [TEST_STEP][PASSED] - Statement - out.println(CaseReferenceNo): null

2018-12-07 16:33:34 - [TEST_STEP][PASSED] - Statement - out.println(readedVal): null

2018-12-07 16:33:34 - [TEST_STEP][PASSED] - Statement - CaseReferenceNo = "": null

2018-12-07 16:33:34 - [TEST_STEP][PASSED] - Statement - CaseReferenceNo = readedVal: null

2018-12-07 16:33:34 - [MESSAGE][PASSED] - Call Test Case 'Test Cases/Final Aug 2018 - PKS Automation/Common/Reference Number Getter' successfully

2018-12-07 16:33:34 - [TEST_STEP][PASSED] - callTestCase: Call Test Case 'Test Cases/Final Aug 2018 - PKS Automation/Common/Workflow Owner Finder' successfully

2018-12-07 16:33:34 - [TEST_CASE][PASSED] - Test Cases/Final Aug 2018 - PKS Automation/Common/Workflow Owner Finder: Test Cases/Final Aug 2018 - PKS Automation/Common/Workflow Owner Finder

2018-12-07 16:33:34 - [TEST_STEP][PASSED] - openBrowser: Browser is opened with url: ''

2018-12-07 16:33:34 - [MESSAGE][WARNING] - A browser is already opened. Closing browser and opening a new one

2018-12-07 16:33:37 - [MESSAGE][PASSED] - Browser is opened with url: ''

2018-12-07 16:33:37 - [TEST_STEP][PASSED] - navigateToUrl: Navigate to 'https://assist2-uat.perkeso.gov.my/login' successfully

2018-12-07 16:33:44 - [MESSAGE][PASSED] - Navigate to 'https://assist2-uat.perkeso.gov.my/login' successfully

2018-12-07 16:33:44 - [TEST_STEP][PASSED] - delay: Delayed 5 second(s)

2018-12-07 16:33:49 - [MESSAGE][PASSED] - Delayed 5 second(s)

2018-12-07 16:33:49 - [TEST_STEP][PASSED] - setText: Text 'test@liferay.com' is set on object 'Object Repository/Final Object Repo/Login Page/Internal User/Email Address'

2018-12-07 16:33:49 - [MESSAGE][PASSED] - Text 'test@liferay.com' is set on object 'Object Repository/Final Object Repo/Login Page/Internal User/Email Address'

2018-12-07 16:33:49 - [TEST_STEP][PASSED] - click: Object: 'Object Repository/Final Object Repo/Login Page/Internal User/Next Button' is clicked on

2018-12-07 16:33:49 - [MESSAGE][PASSED] - Object: 'Object Repository/Final Object Repo/Login Page/Internal User/Next Button' is clicked on

2018-12-07 16:33:49 - [TEST_STEP][PASSED] - delay: Delayed 2 second(s)

2018-12-07 16:33:51 - [MESSAGE][PASSED] - Delayed 2 second(s)

2018-12-07 16:33:51 - [TEST_STEP][PASSED] - setText: Text 'test' is set on object 'Object Repository/Final Object Repo/Login Page/Internal User/Password'

2018-12-07 16:33:52 - [MESSAGE][PASSED] - Text 'test' is set on object 'Object Repository/Final Object Repo/Login Page/Internal User/Password'

2018-12-07 16:33:52 - [TEST_STEP][PASSED] - delay: Delayed 2 second(s)

2018-12-07 16:33:54 - [MESSAGE][PASSED] - Delayed 2 second(s)

2018-12-07 16:33:54 - [TEST_STEP][PASSED] - click: Object: 'Object Repository/Final Object Repo/Login Page/Internal User/Login Button' is clicked on

2018-12-07 16:33:54 - [MESSAGE][PASSED] - Object: 'Object Repository/Final Object Repo/Login Page/Internal User/Login Button' is clicked on

2018-12-07 16:33:54 - [TEST_STEP][PASSED] - Statement - tester = com.kms.katalon.core.testobject.ObjectRepository.findTestObject(Final Object Repo/Landing Page/Select to English): Finding Test Object with id 'Object Repository/Final Object Repo/Landing Page/Select to English'

2018-12-07 16:33:54 - [TEST_STEP][PASSED] - Statement - Try: Delayed 2 second(s)

2018-12-07 16:33:54 - [TEST_STEP][PASSED] - Statement - Checker = com.kms.katalon.core.webui.keyword.WebUiBuiltInKeywords.verifyElementNotPresent(tester, 3): Web element with id: 'Object Repository/Final Object Repo/Landing Page/Select to English' located by 'By.xpath: //a[@class = 'taglib-language-list-text' and @lang = 'en-US' and (contains(text(), 'EN') or contains(., 'EN'))]' is not present after '3' second(s)

2018-12-07 16:33:56 - [MESSAGE][PASSED] - Web element with id: 'Object Repository/Final Object Repo/Landing Page/Select to English' located by 'By.xpath: //a[@class = 'taglib-language-list-text' and @lang = 'en-US' and (contains(text(), 'EN') or contains(., 'EN'))]' is not present after '3' second(s)

2018-12-07 16:33:56 - [TEST_STEP][PASSED] - Statement - If (Checker == false): null

2018-12-07 16:33:56 - [TEST_STEP][PASSED] - delay: Delayed 2 second(s)

2018-12-07 16:33:58 - [MESSAGE][PASSED] - Delayed 2 second(s)

2018-12-07 16:33:58 - [TEST_STEP][PASSED] - delay: Delayed 5 second(s)

2018-12-07 16:34:03 - [MESSAGE][PASSED] - Delayed 5 second(s)

2018-12-07 16:34:03 - [TEST_STEP][PASSED] - mouseOver: Object: 'Object Repository/Final Object Repo/Landing Page/WorkFlow Menu' is hovered

2018-12-07 16:34:03 - [MESSAGE][PASSED] - Object: 'Object Repository/Final Object Repo/Landing Page/WorkFlow Menu' is hovered

2018-12-07 16:34:03 - [TEST_STEP][PASSED] - delay: Delayed 2 second(s)

2018-12-07 16:34:05 - [MESSAGE][PASSED] - Delayed 2 second(s)

2018-12-07 16:34:05 - [TEST_STEP][PASSED] - click: Object: 'Object Repository/Final Object Repo/Landing Page/Select to Workflow Listing' is clicked on

2018-12-07 16:34:06 - [MESSAGE][PASSED] - Object: 'Object Repository/Final Object Repo/Landing Page/Select to Workflow Listing' is clicked on

2018-12-07 16:34:06 - [TEST_STEP][PASSED] - delay: Delayed 2 second(s)

2018-12-07 16:34:08 - [MESSAGE][PASSED] - Delayed 2 second(s)

2018-12-07 16:34:08 - [TEST_STEP][PASSED] - click: Object: 'Object Repository/Final Object Repo/WorkFlow Listing Page/Search Information - To Put Ref No' is clicked on

2018-12-07 16:34:08 - [MESSAGE][PASSED] - Object: 'Object Repository/Final Object Repo/WorkFlow Listing Page/Search Information - To Put Ref No' is clicked on

2018-12-07 16:34:08 - [TEST_STEP][PASSED] - delay: Delayed 2 second(s)

2018-12-07 16:34:10 - [MESSAGE][PASSED] - Delayed 2 second(s)

2018-12-07 16:34:10 - [TEST_STEP][PASSED] - callTestCase: Call Test Case 'Test Cases/Final Aug 2018 - PKS Automation/Common/Reference Number Getter' successfully

2018-12-07 16:34:10 - [TEST_CASE][PASSED] - Test Cases/Final Aug 2018 - PKS Automation/Common/Reference Number Getter: Test Cases/Final Aug 2018 - PKS Automation/Common/Reference Number Getter

2018-12-07 16:34:10 - [TEST_STEP][PASSED] - Statement - Try: null

2018-12-07 16:34:10 - [TEST_STEP][PASSED] - Statement - RefNo = new java.io.File(C://Users//Admin//Desktop//PKS//Automation Reference Point//KatalonReference.txt): null

2018-12-07 16:34:10 - [TEST_STEP][PASSED] - Statement - bufferread = new java.io.BufferedReader(new java.io.FileReader(RefNo)): null

2018-12-07 16:34:10 - [TEST_STEP][PASSED] - Statement - readedVal = bufferread.readLine(): null

2018-12-07 16:34:10 - [TEST_STEP][PASSED] - Statement - out.println(CaseReferenceNo): null

2018-12-07 16:34:10 - [TEST_STEP][PASSED] - Statement - out.println(readedVal): null

2018-12-07 16:34:10 - [TEST_STEP][PASSED] - Statement - CaseReferenceNo = "": null

2018-12-07 16:34:10 - [TEST_STEP][PASSED] - Statement - CaseReferenceNo = readedVal: null

2018-12-07 16:34:10 - [MESSAGE][PASSED] - Call Test Case 'Test Cases/Final Aug 2018 - PKS Automation/Common/Reference Number Getter' successfully

2018-12-07 16:34:10 - [TEST_STEP][PASSED] - setText: Text 'CUN122018C100005910' is set on object 'Object Repository/Final Object Repo/WorkFlow Listing Page/Ref No Set Text'

2018-12-07 16:34:11 - [MESSAGE][PASSED] - Text 'CUN122018C100005910' is set on object 'Object Repository/Final Object Repo/WorkFlow Listing Page/Ref No Set Text'

2018-12-07 16:34:11 - [TEST_STEP][PASSED] - delay: Delayed 2 second(s)

2018-12-07 16:34:13 - [MESSAGE][PASSED] - Delayed 2 second(s)

2018-12-07 16:34:13 - [TEST_STEP][PASSED] - click: Object: 'Object Repository/Final Object Repo/WorkFlow Listing Page/Search Ref No Search Button' is clicked on

2018-12-07 16:34:13 - [MESSAGE][PASSED] - Object: 'Object Repository/Final Object Repo/WorkFlow Listing Page/Search Ref No Search Button' is clicked on

2018-12-07 16:34:13 - [TEST_STEP][PASSED] - delay: Delayed 6 second(s)

2018-12-07 16:34:19 - [MESSAGE][PASSED] - Delayed 6 second(s)

2018-12-07 16:34:19 - [TEST_STEP][PASSED] - click: Object: 'Object Repository/Final Object Repo/WorkFlow Listing Page/Click Continue Tooltip' is clicked on

2018-12-07 16:34:20 - [MESSAGE][PASSED] - Object: 'Object Repository/Final Object Repo/WorkFlow Listing Page/Click Continue Tooltip' is clicked on

2018-12-07 16:34:20 - [TEST_STEP][PASSED] - delay: Delayed 5 second(s)

2018-12-07 16:34:25 - [MESSAGE][PASSED] - Delayed 5 second(s)

2018-12-07 16:34:25 - [TEST_STEP][PASSED] - doubleClick: Object: 'Object Repository/Final Object Repo/WorkFlow Listing Page/Workflow Found - Listing 1' is double clicked on

2018-12-07 16:34:25 - [MESSAGE][PASSED] - Object: 'Object Repository/Final Object Repo/WorkFlow Listing Page/Workflow Found - Listing 1' is double clicked on

2018-12-07 16:34:25 - [TEST_STEP][PASSED] - Statement - println(OwnerID): null

2018-12-07 16:34:25 - [TEST_STEP][PASSED] - Statement - OwnerID = com.kms.katalon.core.webui.keyword.WebUiBuiltInKeywords.getText(com.kms.katalon.core.testobject.ObjectRepository.findTestObject(Final Object Repo/WorkFlow Listing Page/Workflow Found - Listing 1), STOP_ON_FAILURE): Text of object 'Object Repository/Final Object Repo/WorkFlow Listing Page/Workflow Found - Listing 1' is: 'JOHORuo2'

2018-12-07 16:34:25 - [MESSAGE][PASSED] - Text of object 'Object Repository/Final Object Repo/WorkFlow Listing Page/Workflow Found - Listing 1' is: 'JOHORuo2'

2018-12-07 16:34:25 - [TEST_STEP][PASSED] - Statement - OwnerID = OwnerID.toLowerCase() + "@gmail.com": null

2018-12-07 16:34:25 - [TEST_STEP][PASSED] - Statement - println(OwnerID): null

2018-12-07 16:34:25 - [TEST_STEP][PASSED] - delay: Delayed 2 second(s)

2018-12-07 16:34:27 - [MESSAGE][PASSED] - Delayed 2 second(s)

2018-12-07 16:34:27 - [MESSAGE][PASSED] - Call Test Case 'Test Cases/Final Aug 2018 - PKS Automation/Common/Workflow Owner Finder' successfully

2018-12-07 16:34:27 - [TEST_STEP][PASSED] - delay: Delayed 2 second(s)

2018-12-07 16:34:29 - [MESSAGE][PASSED] - Delayed 2 second(s)

2018-12-07 16:34:29 - [TEST_STEP][PASSED] - navigateToUrl: Navigate to 'https://assist2-uat.perkeso.gov.my/c/portal/logout' successfully

2018-12-07 16:34:30 - [MESSAGE][PASSED] - Navigate to 'https://assist2-uat.perkeso.gov.my/c/portal/logout' successfully

2018-12-07 16:34:30 - [TEST_STEP][PASSED] - delay: Delayed 2 second(s)

2018-12-07 16:34:32 - [MESSAGE][PASSED] - Delayed 2 second(s)

2018-12-07 16:34:32 - [TEST_STEP][PASSED] - callTestCase: Call Test Case 'Test Cases/Final Aug 2018 - PKS Automation/Registration Module/Workflow/Login and Search Case For Workflow' successfully

2018-12-07 16:34:32 - [TEST_CASE][PASSED] - Test Cases/Final Aug 2018 - PKS Automation/Registration Module/Workflow/Login and Search Case For Workflow: Test Cases/Final Aug 2018 - PKS Automation/Registration Module/Workflow/Login and Search Case For Workflow

2018-12-07 16:34:32 - [TEST_STEP][PASSED] - navigateToUrl: Navigate to 'https://assist2-uat.perkeso.gov.my/login' successfully

2018-12-07 16:34:33 - [MESSAGE][PASSED] - Navigate to 'https://assist2-uat.perkeso.gov.my/login' successfully

2018-12-07 16:34:33 - [TEST_STEP][PASSED] - setText: Text 'johoruo2@gmail.com' is set on object 'Object Repository/Final Object Repo/Login Page/Internal User/Email Address'

2018-12-07 16:34:33 - [MESSAGE][PASSED] - Text 'johoruo2@gmail.com' is set on object 'Object Repository/Final Object Repo/Login Page/Internal User/Email Address'

2018-12-07 16:34:33 - [TEST_STEP][PASSED] - click: Object: 'Object Repository/Final Object Repo/Login Page/Internal User/Next Button' is clicked on

2018-12-07 16:34:33 - [MESSAGE][PASSED] - Object: 'Object Repository/Final Object Repo/Login Page/Internal User/Next Button' is clicked on

2018-12-07 16:34:33 - [TEST_STEP][PASSED] - delay: Delayed 1 second(s)

2018-12-07 16:34:34 - [MESSAGE][PASSED] - Delayed 1 second(s)

2018-12-07 16:34:34 - [TEST_STEP][PASSED] - setEncryptedText: Text ****** has been set on object 'Object Repository/Final Object Repo/Login Page/Internal User/Password'

2018-12-07 16:34:35 - [MESSAGE][PASSED] - Text ****** has been set on object 'Object Repository/Final Object Repo/Login Page/Internal User/Password'

2018-12-07 16:34:35 - [TEST_STEP][PASSED] - click: Object: 'Object Repository/Final Object Repo/Login Page/Internal User/Login Button' is clicked on

2018-12-07 16:34:35 - [MESSAGE][PASSED] - Object: 'Object Repository/Final Object Repo/Login Page/Internal User/Login Button' is clicked on

2018-12-07 16:34:35 - [TEST_STEP][PASSED] - delay: Delayed 2 second(s)

2018-12-07 16:34:37 - [MESSAGE][PASSED] - Delayed 2 second(s)

2018-12-07 16:34:37 - [TEST_STEP][PASSED] - Statement - Try: Delayed 2 second(s)

2018-12-07 16:34:37 - [TEST_STEP][PASSED] - Statement - Checker = false: null

2018-12-07 16:34:37 - [TEST_STEP][PASSED] - Statement - Checker = com.kms.katalon.core.webui.keyword.WebUiBuiltInKeywords.verifyElementHasAttribute(com.kms.katalon.core.testobject.ObjectRepository.findTestObject(Final Object Repo/Landing Page/BM Detecting), "href", 20, OPTIONAL): Object 'Object Repository/Final Object Repo/Landing Page/BM Detecting' has attribute 'href'

2018-12-07 16:34:37 - [MESSAGE][PASSED] - Object 'Object Repository/Final Object Repo/Landing Page/BM Detecting' has attribute 'href'

2018-12-07 16:34:37 - [TEST_STEP][PASSED] - Statement - out.println(Checker): null

2018-12-07 16:34:37 - [TEST_STEP][PASSED] - Statement - If (Checker == false): null

2018-12-07 16:34:37 - [TEST_STEP][PASSED] - Statement - Else: null

2018-12-07 16:34:37 - [TEST_STEP][PASSED] - delay: Delayed 2 second(s)

2018-12-07 16:34:39 - [MESSAGE][PASSED] - Delayed 2 second(s)

2018-12-07 16:34:39 - [TEST_STEP][PASSED] - click: Object: 'Object Repository/Final Object Repo/Page_MyASSIST - ASSIST - Search Pending Case For Add Supporting Document/Search Information' is clicked on

2018-12-07 16:34:39 - [MESSAGE][PASSED] - Object: 'Object Repository/Final Object Repo/Page_MyASSIST - ASSIST - Search Pending Case For Add Supporting Document/Search Information' is clicked on

2018-12-07 16:34:39 - [TEST_STEP][PASSED] - delay: Delayed 3 second(s)

2018-12-07 16:34:42 - [MESSAGE][PASSED] - Delayed 3 second(s)

2018-12-07 16:34:42 - [TEST_STEP][PASSED] - sendKeys: Keys 'CUN122018C100005910' sent to object: 'Object Repository/Final Object Repo/Page_MyASSIST - ASSIST - Search Pending Case For Add Supporting Document/Reference No'

2018-12-07 16:34:42 - [MESSAGE][PASSED] - Keys 'CUN122018C100005910' sent to object: 'Object Repository/Final Object Repo/Page_MyASSIST - ASSIST - Search Pending Case For Add Supporting Document/Reference No'

2018-12-07 16:34:42 - [TEST_STEP][PASSED] - click: Object: 'Object Repository/Final Object Repo/Page_MyASSIST - ASSIST - Search Pending Case For Add Supporting Document/Search Reference No' is clicked on

2018-12-07 16:34:43 - [MESSAGE][PASSED] - Object: 'Object Repository/Final Object Repo/Page_MyASSIST - ASSIST - Search Pending Case For Add Supporting Document/Search Reference No' is clicked on

2018-12-07 16:34:43 - [TEST_STEP][PASSED] - delay: Delayed 2 second(s)

2018-12-07 16:34:45 - [MESSAGE][PASSED] - Delayed 2 second(s)

2018-12-07 16:34:45 - [TEST_STEP][PASSED] - click: Object: 'Object Repository/Final Object Repo/Page_MyASSIST - ASSIST - Search Pending Case For Add Supporting Document/Continue' is clicked on

2018-12-07 16:34:49 - [MESSAGE][PASSED] - Object: 'Object Repository/Final Object Repo/Page_MyASSIST - ASSIST - Search Pending Case For Add Supporting Document/Continue' is clicked on

2018-12-07 16:34:49 - [TEST_STEP][PASSED] - delay: Delayed 20 second(s)

2018-12-07 16:35:09 - [MESSAGE][PASSED] - Delayed 20 second(s)

2018-12-07 16:35:09 - [MESSAGE][PASSED] - Call Test Case 'Test Cases/Final Aug 2018 - PKS Automation/Registration Module/Workflow/Login and Search Case For Workflow' successfully

2018-12-07 16:35:09 - [TEST_STEP][PASSED] - delay: Delayed 2 second(s)

2018-12-07 16:35:11 - [MESSAGE][PASSED] - Delayed 2 second(s)

2018-12-07 16:35:11 - [TEST_STEP][PASSED] - click: Object: 'Object Repository/Final Object Repo/Page_Update Employee Information By Employer/Page_Update Employee Information by Employer (Approve)/Continue' is clicked on

2018-12-07 16:35:14 - [MESSAGE][PASSED] - Object: 'Object Repository/Final Object Repo/Page_Update Employee Information By Employer/Page_Update Employee Information by Employer (Approve)/Continue' is clicked on

2018-12-07 16:35:14 - [TEST_STEP][PASSED] - delay: Delayed 2 second(s)

2018-12-07 16:35:16 - [MESSAGE][PASSED] - Delayed 2 second(s)

2018-12-07 16:35:16 - [TEST_STEP][PASSED] - click: Object: 'Object Repository/Final Object Repo/Page_Update Employee Information By Employer/Page_Update Employee Information by Employer (Approve)/Save  Continue in Update Employee Information Page' is clicked on

2018-12-07 16:35:16 - [MESSAGE][PASSED] - Object: 'Object Repository/Final Object Repo/Page_Update Employee Information By Employer/Page_Update Employee Information by Employer (Approve)/Save  Continue in Update Employee Information Page' is clicked on

2018-12-07 16:35:16 - [TEST_STEP][PASSED] - delay: Delayed 4 second(s)

2018-12-07 16:35:20 - [MESSAGE][PASSED] - Delayed 4 second(s)

2018-12-07 16:35:20 - [TEST_STEP][PASSED] - click: Object: 'Object Repository/Final Object Repo/Page_Update Employee Information By Employer/Page_Update Employee Information by Employer (Approve)/Save  Continue in Upload Supporting Doucument Page' is clicked on

2018-12-07 16:35:21 - [MESSAGE][PASSED] - Object: 'Object Repository/Final Object Repo/Page_Update Employee Information By Employer/Page_Update Employee Information by Employer (Approve)/Save  Continue in Upload Supporting Doucument Page' is clicked on

2018-12-07 16:35:21 - [TEST_STEP][PASSED] - delay: Delayed 2 second(s)

2018-12-07 16:35:23 - [MESSAGE][PASSED] - Delayed 2 second(s)

2018-12-07 16:35:23 - [TEST_STEP][PASSED] - click: Object: 'Object Repository/Final Object Repo/Page_Update Employee Information By Employer/Page_Update Employee Information by Employer (Under enforcement)/Under enforcement' is clicked on

2018-12-07 16:35:24 - [MESSAGE][PASSED] - Object: 'Object Repository/Final Object Repo/Page_Update Employee Information By Employer/Page_Update Employee Information by Employer (Under enforcement)/Under enforcement' is clicked on

2018-12-07 16:35:24 - [TEST_STEP][PASSED] - delay: Delayed 2 second(s)

2018-12-07 16:35:26 - [MESSAGE][PASSED] - Delayed 2 second(s)

2018-12-07 16:35:26 - [TEST_STEP][PASSED] - setText: Text 'Remark' is set on object 'Object Repository/Final Object Repo/Page_Update Employee Information By Employer/Page_Update Employee Information by Employer (Under enforcement)/Under enforcement - Remark'

2018-12-07 16:35:27 - [MESSAGE][PASSED] - Text 'Remark' is set on object 'Object Repository/Final Object Repo/Page_Update Employee Information By Employer/Page_Update Employee Information by Employer (Under enforcement)/Under enforcement - Remark'

2018-12-07 16:35:27 - [TEST_STEP][PASSED] - delay: Delayed 2 second(s)

2018-12-07 16:35:29 - [MESSAGE][PASSED] - Delayed 2 second(s)

2018-12-07 16:35:29 - [TEST_STEP][PASSED] - click: Object: 'Object Repository/Final Object Repo/Page_Update Employee Information By Employer/Page_Update Employee Information by Employer (Under enforcement)/Save  Continu in Under enforcement Page' is clicked on

2018-12-07 16:35:29 - [MESSAGE][PASSED] - Object: 'Object Repository/Final Object Repo/Page_Update Employee Information By Employer/Page_Update Employee Information by Employer (Under enforcement)/Save  Continu in Under enforcement Page' is clicked on

2018-12-07 16:35:29 - [TEST_STEP][PASSED] - delay: Delayed 2 second(s)

2018-12-07 16:35:31 - [MESSAGE][PASSED] - Delayed 2 second(s)

2018-12-07 16:35:31 - [TEST_STEP][PASSED] - click: Object: 'Object Repository/Final Object Repo/Page_Update Employee Information By Employer/Page_Update Employee Information by Employer (Under enforcement)/Under enforceme Message The case is under enforcement' is clicked on

2018-12-07 16:35:32 - [MESSAGE][PASSED] - Object: 'Object Repository/Final Object Repo/Page_Update Employee Information By Employer/Page_Update Employee Information by Employer (Under enforcement)/Under enforceme Message The case is under enforcement' is clicked on

2018-12-07 16:35:32 - [TEST_STEP][PASSED] - click: Object: 'Object Repository/Final Object Repo/Page_Update Employee Information By Employer/Page_Update Employee Information by Employer (Under enforcement)/Under enforcement - OK button' is clicked on

2018-12-07 16:35:33 - [MESSAGE][PASSED] - Object: 'Object Repository/Final Object Repo/Page_Update Employee Information By Employer/Page_Update Employee Information by Employer (Under enforcement)/Under enforcement - OK button' is clicked on

2018-12-07 16:35:33 - [MESSAGE][PASSED] - Call Test Case 'Test Cases/Final Aug 2018 - PKS Automation/Registration Module/Workflow/Update Employee Information (Employer)/Template/Update Employee Information - Special Case - UO (UnderEnforcement)' successfully]]></system-out>
         <system-err><![CDATA[]]></system-err>
      </testcase>
      <testcase name="Test Cases/Final Aug 2018 - PKS Automation/Registration Module/Workflow/Update Employee Information (Employer)/PKRBO - UO (Approve)" classname="Test Cases/Final Aug 2018 - PKS Automation/Registration Module/Workflow/Update Employee Information (Employer)/PKRBO - UO (Approve)" status="PASSED">
         <system-out><![CDATA[2018-12-07 16:35:33 - [TEST_CASE][PASSED] - Test Cases/Final Aug 2018 - PKS Automation/Registration Module/Workflow/Update Employee Information (Employer)/PKRBO - UO (Approve): Test Cases/Final Aug 2018 - PKS Automation/Registration Module/Workflow/Update Employee Information (Employer)/PKRBO - UO (Approve)

2018-12-07 16:35:33 - [TEST_STEP][PASSED] - callTestCase: Call Test Case 'Test Cases/Final Aug 2018 - PKS Automation/Registration Module/Workflow/Update Employee Information (Employer)/Template/Update Employer Information - Special Case (PKRBO)' successfully

2018-12-07 16:35:33 - [TEST_CASE][PASSED] - Test Cases/Final Aug 2018 - PKS Automation/Registration Module/Workflow/Update Employee Information (Employer)/Template/Update Employer Information - Special Case (PKRBO): Test Cases/Final Aug 2018 - PKS Automation/Registration Module/Workflow/Update Employee Information (Employer)/Template/Update Employer Information - Special Case (PKRBO)

2018-12-07 16:35:33 - [TEST_STEP][PASSED] - openBrowser: Browser is opened with url: ''

2018-12-07 16:35:33 - [MESSAGE][WARNING] - A browser is already opened. Closing browser and opening a new one

2018-12-07 16:35:36 - [MESSAGE][PASSED] - Browser is opened with url: ''

2018-12-07 16:35:36 - [TEST_STEP][PASSED] - navigateToUrl: Navigate to 'https://assist2-uat.perkeso.gov.my/login' successfully

2018-12-07 16:35:37 - [MESSAGE][PASSED] - Navigate to 'https://assist2-uat.perkeso.gov.my/login' successfully

2018-12-07 16:35:37 - [TEST_STEP][PASSED] - setText: Text 'johorpkrbo1@gmail.com' is set on object 'Object Repository/Final Object Repo/Login Page/Internal User/Email Address'

2018-12-07 16:35:38 - [MESSAGE][PASSED] - Text 'johorpkrbo1@gmail.com' is set on object 'Object Repository/Final Object Repo/Login Page/Internal User/Email Address'

2018-12-07 16:35:38 - [TEST_STEP][PASSED] - click: Object: 'Object Repository/Final Object Repo/Login Page/Internal User/Next Button' is clicked on

2018-12-07 16:35:38 - [MESSAGE][PASSED] - Object: 'Object Repository/Final Object Repo/Login Page/Internal User/Next Button' is clicked on

2018-12-07 16:35:38 - [TEST_STEP][PASSED] - delay: Delayed 1 second(s)

2018-12-07 16:35:39 - [MESSAGE][PASSED] - Delayed 1 second(s)

2018-12-07 16:35:39 - [TEST_STEP][PASSED] - setEncryptedText: Text ****** has been set on object 'Object Repository/Final Object Repo/Login Page/Internal User/Password'

2018-12-07 16:35:39 - [MESSAGE][PASSED] - Text ****** has been set on object 'Object Repository/Final Object Repo/Login Page/Internal User/Password'

2018-12-07 16:35:39 - [TEST_STEP][PASSED] - click: Object: 'Object Repository/Final Object Repo/Login Page/Internal User/Login Button' is clicked on

2018-12-07 16:35:39 - [MESSAGE][PASSED] - Object: 'Object Repository/Final Object Repo/Login Page/Internal User/Login Button' is clicked on

2018-12-07 16:35:39 - [TEST_STEP][PASSED] - Statement - tester = com.kms.katalon.core.testobject.ObjectRepository.findTestObject(Final Object Repo/Landing Page/Select to English): Finding Test Object with id 'Object Repository/Final Object Repo/Landing Page/Select to English'

2018-12-07 16:35:39 - [TEST_STEP][PASSED] - Statement - Try: Delayed 2 second(s)

2018-12-07 16:35:39 - [TEST_STEP][PASSED] - Statement - Checker = com.kms.katalon.core.webui.keyword.WebUiBuiltInKeywords.verifyElementNotPresent(tester, 3): Web element with id: 'Object Repository/Final Object Repo/Landing Page/Select to English' located by 'By.xpath: //a[@class = 'taglib-language-list-text' and @lang = 'en-US' and (contains(text(), 'EN') or contains(., 'EN'))]' is not present after '3' second(s)

2018-12-07 16:35:41 - [MESSAGE][PASSED] - Web element with id: 'Object Repository/Final Object Repo/Landing Page/Select to English' located by 'By.xpath: //a[@class = 'taglib-language-list-text' and @lang = 'en-US' and (contains(text(), 'EN') or contains(., 'EN'))]' is not present after '3' second(s)

2018-12-07 16:35:41 - [TEST_STEP][PASSED] - Statement - If (Checker == false): null

2018-12-07 16:35:41 - [TEST_STEP][PASSED] - delay: Delayed 2 second(s)

2018-12-07 16:35:43 - [MESSAGE][PASSED] - Delayed 2 second(s)

2018-12-07 16:35:43 - [TEST_STEP][PASSED] - delay: Delayed 5 second(s)

2018-12-07 16:35:48 - [MESSAGE][PASSED] - Delayed 5 second(s)

2018-12-07 16:35:48 - [TEST_STEP][PASSED] - navigateToUrl: Navigate to 'https://assist2-uat.perkeso.gov.my/web/registration/update/update-employee-information-employer-' successfully

2018-12-07 16:35:49 - [MESSAGE][PASSED] - Navigate to 'https://assist2-uat.perkeso.gov.my/web/registration/update/update-employee-information-employer-' successfully

2018-12-07 16:35:49 - [TEST_STEP][PASSED] - setText: Text 'E1102001065V' is set on object 'Object Repository/Final Object Repo/Page_Update Employee Information By Employer/Employer Code'

2018-12-07 16:35:50 - [MESSAGE][PASSED] - Text 'E1102001065V' is set on object 'Object Repository/Final Object Repo/Page_Update Employee Information By Employer/Employer Code'

2018-12-07 16:35:50 - [TEST_STEP][PASSED] - click: Object: 'Object Repository/Final Object Repo/Page_Update Employee Information By Employer/Search Employer Code' is clicked on

2018-12-07 16:35:50 - [MESSAGE][PASSED] - Object: 'Object Repository/Final Object Repo/Page_Update Employee Information By Employer/Search Employer Code' is clicked on

2018-12-07 16:35:50 - [TEST_STEP][PASSED] - click: Object: 'Object Repository/Final Object Repo/Page_Update Employee Information By Employer/Edit Button' is clicked on

2018-12-07 16:35:54 - [MESSAGE][PASSED] - Object: 'Object Repository/Final Object Repo/Page_Update Employee Information By Employer/Edit Button' is clicked on

2018-12-07 16:35:54 - [TEST_STEP][PASSED] - click: Object: 'Object Repository/Final Object Repo/Page_Update Employee Information By Employer/Employee Name or New Identification' is clicked on

2018-12-07 16:35:54 - [MESSAGE][PASSED] - Object: 'Object Repository/Final Object Repo/Page_Update Employee Information By Employer/Employee Name or New Identification' is clicked on

2018-12-07 16:35:54 - [TEST_STEP][PASSED] - delay: Delayed 1 second(s)

2018-12-07 16:35:55 - [MESSAGE][PASSED] - Delayed 1 second(s)

2018-12-07 16:35:55 - [TEST_STEP][PASSED] - click: Object: 'Object Repository/Final Object Repo/Page_Update Employee Information By Employer/Selection - Employee Name' is clicked on

2018-12-07 16:35:55 - [MESSAGE][PASSED] - Object: 'Object Repository/Final Object Repo/Page_Update Employee Information By Employer/Selection - Employee Name' is clicked on

2018-12-07 16:35:55 - [TEST_STEP][PASSED] - delay: Delayed 1 second(s)

2018-12-07 16:35:56 - [MESSAGE][PASSED] - Delayed 1 second(s)

2018-12-07 16:35:56 - [TEST_STEP][PASSED] - setText: Text 'PERKESO' is set on object 'Object Repository/Final Object Repo/Page_Update Employee Information By Employer/Employee Name'

2018-12-07 16:35:56 - [MESSAGE][PASSED] - Text 'PERKESO' is set on object 'Object Repository/Final Object Repo/Page_Update Employee Information By Employer/Employee Name'

2018-12-07 16:35:56 - [TEST_STEP][PASSED] - delay: Delayed 2 second(s)

2018-12-07 16:35:58 - [MESSAGE][PASSED] - Delayed 2 second(s)

2018-12-07 16:35:58 - [TEST_STEP][PASSED] - click: Object: 'Object Repository/Final Object Repo/Page_Update Employee Information By Employer/Search Employee' is clicked on

2018-12-07 16:35:59 - [MESSAGE][PASSED] - Object: 'Object Repository/Final Object Repo/Page_Update Employee Information By Employer/Search Employee' is clicked on

2018-12-07 16:35:59 - [TEST_STEP][PASSED] - delay: Delayed 3 second(s)

2018-12-07 16:36:02 - [MESSAGE][PASSED] - Delayed 3 second(s)

2018-12-07 16:36:02 - [TEST_STEP][PASSED] - click: Object: 'Object Repository/Final Object Repo/Page_Update Employee Information By Employer/Employee Edit Button' is clicked on

2018-12-07 16:36:02 - [MESSAGE][PASSED] - Object: 'Object Repository/Final Object Repo/Page_Update Employee Information By Employer/Employee Edit Button' is clicked on

2018-12-07 16:36:02 - [TEST_STEP][PASSED] - delay: Delayed 3 second(s)

2018-12-07 16:36:05 - [MESSAGE][PASSED] - Delayed 3 second(s)

2018-12-07 16:36:05 - [TEST_STEP][PASSED] - setText: Text '' is set on object 'Object Repository/Final Object Repo/Page_Update Employee Information By Employer/Identification Number'

2018-12-07 16:36:05 - [MESSAGE][PASSED] - Text '' is set on object 'Object Repository/Final Object Repo/Page_Update Employee Information By Employer/Identification Number'

2018-12-07 16:36:05 - [TEST_STEP][PASSED] - Statement - rnd = new java.util.Random(): null

2018-12-07 16:36:05 - [TEST_STEP][PASSED] - Statement - snum = rnd.nextInt(899999 + 1) + 100000: null

2018-12-07 16:36:05 - [TEST_STEP][PASSED] - Statement - tnum = rnd.nextInt(899999 + 1) + 100000: null

2018-12-07 16:36:05 - [TEST_STEP][PASSED] - Statement - IC = java.lang.Integer.toString(snum) + java.lang.Integer.toString(tnum): null

2018-12-07 16:36:05 - [TEST_STEP][PASSED] - Statement - out.println(IC): null

2018-12-07 16:36:05 - [TEST_STEP][PASSED] - setText: Text '685385597821' is set on object 'Object Repository/Final Object Repo/Page_Update Employee Information By Employer/Identification Number'

2018-12-07 16:36:05 - [MESSAGE][PASSED] - Text '685385597821' is set on object 'Object Repository/Final Object Repo/Page_Update Employee Information By Employer/Identification Number'

2018-12-07 16:36:05 - [TEST_STEP][PASSED] - click: Object: 'Object Repository/Final Object Repo/Page_Update Employee Information By Employer/Save' is clicked on

2018-12-07 16:36:06 - [MESSAGE][PASSED] - Object: 'Object Repository/Final Object Repo/Page_Update Employee Information By Employer/Save' is clicked on

2018-12-07 16:36:06 - [TEST_STEP][PASSED] - delay: Delayed 5 second(s)

2018-12-07 16:36:11 - [MESSAGE][PASSED] - Delayed 5 second(s)

2018-12-07 16:36:11 - [TEST_STEP][PASSED] - Statement - CaseReferenceNo = com.kms.katalon.core.webui.keyword.WebUiBuiltInKeywords.getText(com.kms.katalon.core.testobject.ObjectRepository.findTestObject(Final Object Repo/Reference Number/Reference Number in Update Employee Information Page)): Text of object 'Object Repository/Final Object Repo/Reference Number/Reference Number in Update Employee Information Page' is: 'CUN122018C100005911'

2018-12-07 16:36:11 - [MESSAGE][PASSED] - Text of object 'Object Repository/Final Object Repo/Reference Number/Reference Number in Update Employee Information Page' is: 'CUN122018C100005911'

2018-12-07 16:36:11 - [TEST_STEP][PASSED] - callTestCase: Call Test Case 'Test Cases/Final Aug 2018 - PKS Automation/Common/Reference Number Setter' successfully

2018-12-07 16:36:11 - [TEST_CASE][PASSED] - Test Cases/Final Aug 2018 - PKS Automation/Common/Reference Number Setter: Test Cases/Final Aug 2018 - PKS Automation/Common/Reference Number Setter

2018-12-07 16:36:11 - [TEST_STEP][PASSED] - Statement - RefNoOldFile = new java.io.File(C://Users//Admin//Desktop//PKS//Automation Reference Point//KatalonReference.txt): null

2018-12-07 16:36:11 - [TEST_STEP][PASSED] - Statement - RefNoOldFile.delete(): null

2018-12-07 16:36:11 - [TEST_STEP][PASSED] - delay: Delayed 5 second(s)

2018-12-07 16:36:16 - [MESSAGE][PASSED] - Delayed 5 second(s)

2018-12-07 16:36:16 - [TEST_STEP][PASSED] - Statement - RefNo = new java.io.File(C://Users//Admin//Desktop//PKS//Automation Reference Point//KatalonReference.txt): null

2018-12-07 16:36:16 - [TEST_STEP][PASSED] - Statement - f2 = new java.io.FileWriter(RefNo, false): null

2018-12-07 16:36:16 - [TEST_STEP][PASSED] - Statement - f2.write(CaseReferenceNo): null

2018-12-07 16:36:16 - [TEST_STEP][PASSED] - Statement - f2.close(): null

2018-12-07 16:36:16 - [TEST_STEP][PASSED] - Statement - out.println("


" + CaseReferenceNo + "


"): null

2018-12-07 16:36:16 - [MESSAGE][PASSED] - Call Test Case 'Test Cases/Final Aug 2018 - PKS Automation/Common/Reference Number Setter' successfully

2018-12-07 16:36:16 - [TEST_STEP][PASSED] - delay: Delayed 5 second(s)

2018-12-07 16:36:21 - [MESSAGE][PASSED] - Delayed 5 second(s)

2018-12-07 16:36:21 - [TEST_STEP][PASSED] - click: Object: 'Object Repository/Final Object Repo/Page_Update Employee Information By Employer/Save  Continue in  Employee Information Page' is clicked on

2018-12-07 16:36:21 - [MESSAGE][PASSED] - Object: 'Object Repository/Final Object Repo/Page_Update Employee Information By Employer/Save  Continue in  Employee Information Page' is clicked on

2018-12-07 16:36:21 - [TEST_STEP][PASSED] - delay: Delayed 5 second(s)

2018-12-07 16:36:26 - [MESSAGE][PASSED] - Delayed 5 second(s)

2018-12-07 16:36:26 - [TEST_STEP][PASSED] - click: Object: 'Object Repository/Final Object Repo/Page_Update Employee Information By Employer/Save  Continue in Uploading Page 1' is clicked on

2018-12-07 16:36:26 - [MESSAGE][PASSED] - Object: 'Object Repository/Final Object Repo/Page_Update Employee Information By Employer/Save  Continue in Uploading Page 1' is clicked on

2018-12-07 16:36:26 - [TEST_STEP][PASSED] - delay: Delayed 5 second(s)

2018-12-07 16:36:31 - [MESSAGE][PASSED] - Delayed 5 second(s)

2018-12-07 16:36:31 - [TEST_STEP][PASSED] - click: Object: 'Object Repository/Final Object Repo/Page_Update Employee Information By Employer/Submit' is clicked on

2018-12-07 16:36:31 - [MESSAGE][PASSED] - Object: 'Object Repository/Final Object Repo/Page_Update Employee Information By Employer/Submit' is clicked on

2018-12-07 16:36:31 - [TEST_STEP][PASSED] - delay: Delayed 5 second(s)

2018-12-07 16:36:36 - [MESSAGE][PASSED] - Delayed 5 second(s)

2018-12-07 16:36:36 - [TEST_STEP][PASSED] - click: Object: 'Object Repository/Final Object Repo/Page_Update Employee Information By Employer/Confirm' is clicked on

2018-12-07 16:36:37 - [MESSAGE][PASSED] - Object: 'Object Repository/Final Object Repo/Page_Update Employee Information By Employer/Confirm' is clicked on

2018-12-07 16:36:37 - [TEST_STEP][PASSED] - delay: Delayed 5 second(s)

2018-12-07 16:36:42 - [MESSAGE][PASSED] - Delayed 5 second(s)

2018-12-07 16:36:42 - [TEST_STEP][PASSED] - verifyElementVisible: Object 'Object Repository/Final Object Repo/Page_Update Employee Information By Employer/Successfull Message Routed to UO' is visible

2018-12-07 16:36:42 - [MESSAGE][PASSED] - Object 'Object Repository/Final Object Repo/Page_Update Employee Information By Employer/Successfull Message Routed to UO' is visible

2018-12-07 16:36:42 - [MESSAGE][PASSED] - Call Test Case 'Test Cases/Final Aug 2018 - PKS Automation/Registration Module/Workflow/Update Employee Information (Employer)/Template/Update Employer Information - Special Case (PKRBO)' successfully

2018-12-07 16:36:42 - [TEST_STEP][PASSED] - callTestCase: Call Test Case 'Test Cases/Final Aug 2018 - PKS Automation/Registration Module/Workflow/Update Employee Information (Employer)/Template/Update Employee Information - Special Case - UO (Approve)' successfully

2018-12-07 16:36:42 - [TEST_CASE][PASSED] - Test Cases/Final Aug 2018 - PKS Automation/Registration Module/Workflow/Update Employee Information (Employer)/Template/Update Employee Information - Special Case - UO (Approve): Test Cases/Final Aug 2018 - PKS Automation/Registration Module/Workflow/Update Employee Information (Employer)/Template/Update Employee Information - Special Case - UO (Approve)

2018-12-07 16:36:42 - [TEST_STEP][NOT_RUN] - callTestCase: NOT_RUN: callTestCase

2018-12-07 16:36:42 - [MESSAGE][NOT_RUN] - NOT_RUN: callTestCase

2018-12-07 16:36:42 - [TEST_STEP][PASSED] - delay: Delayed 2 second(s)

2018-12-07 16:36:44 - [MESSAGE][PASSED] - Delayed 2 second(s)

2018-12-07 16:36:44 - [TEST_STEP][PASSED] - navigateToUrl: Navigate to 'https://assist2-uat.perkeso.gov.my/c/portal/logout' successfully

2018-12-07 16:36:45 - [MESSAGE][PASSED] - Navigate to 'https://assist2-uat.perkeso.gov.my/c/portal/logout' successfully

2018-12-07 16:36:45 - [TEST_STEP][PASSED] - delay: Delayed 2 second(s)

2018-12-07 16:36:47 - [MESSAGE][PASSED] - Delayed 2 second(s)

2018-12-07 16:36:47 - [TEST_STEP][PASSED] - callTestCase: Call Test Case 'Test Cases/Final Aug 2018 - PKS Automation/Common/Reference Number Getter' successfully

2018-12-07 16:36:47 - [TEST_CASE][PASSED] - Test Cases/Final Aug 2018 - PKS Automation/Common/Reference Number Getter: Test Cases/Final Aug 2018 - PKS Automation/Common/Reference Number Getter

2018-12-07 16:36:47 - [TEST_STEP][PASSED] - Statement - Try: null

2018-12-07 16:36:47 - [TEST_STEP][PASSED] - Statement - RefNo = new java.io.File(C://Users//Admin//Desktop//PKS//Automation Reference Point//KatalonReference.txt): null

2018-12-07 16:36:47 - [TEST_STEP][PASSED] - Statement - bufferread = new java.io.BufferedReader(new java.io.FileReader(RefNo)): null

2018-12-07 16:36:47 - [TEST_STEP][PASSED] - Statement - readedVal = bufferread.readLine(): null

2018-12-07 16:36:47 - [TEST_STEP][PASSED] - Statement - out.println(CaseReferenceNo): null

2018-12-07 16:36:47 - [TEST_STEP][PASSED] - Statement - out.println(readedVal): null

2018-12-07 16:36:47 - [TEST_STEP][PASSED] - Statement - CaseReferenceNo = "": null

2018-12-07 16:36:47 - [TEST_STEP][PASSED] - Statement - CaseReferenceNo = readedVal: null

2018-12-07 16:36:47 - [MESSAGE][PASSED] - Call Test Case 'Test Cases/Final Aug 2018 - PKS Automation/Common/Reference Number Getter' successfully

2018-12-07 16:36:47 - [TEST_STEP][PASSED] - callTestCase: Call Test Case 'Test Cases/Final Aug 2018 - PKS Automation/Common/Workflow Owner Finder' successfully

2018-12-07 16:36:47 - [TEST_CASE][PASSED] - Test Cases/Final Aug 2018 - PKS Automation/Common/Workflow Owner Finder: Test Cases/Final Aug 2018 - PKS Automation/Common/Workflow Owner Finder

2018-12-07 16:36:47 - [TEST_STEP][PASSED] - openBrowser: Browser is opened with url: ''

2018-12-07 16:36:47 - [MESSAGE][WARNING] - A browser is already opened. Closing browser and opening a new one

2018-12-07 16:36:50 - [MESSAGE][PASSED] - Browser is opened with url: ''

2018-12-07 16:36:50 - [TEST_STEP][PASSED] - navigateToUrl: Navigate to 'https://assist2-uat.perkeso.gov.my/login' successfully

2018-12-07 16:36:51 - [MESSAGE][PASSED] - Navigate to 'https://assist2-uat.perkeso.gov.my/login' successfully

2018-12-07 16:36:51 - [TEST_STEP][PASSED] - delay: Delayed 5 second(s)

2018-12-07 16:36:56 - [MESSAGE][PASSED] - Delayed 5 second(s)

2018-12-07 16:36:56 - [TEST_STEP][PASSED] - setText: Text 'test@liferay.com' is set on object 'Object Repository/Final Object Repo/Login Page/Internal User/Email Address'

2018-12-07 16:36:56 - [MESSAGE][PASSED] - Text 'test@liferay.com' is set on object 'Object Repository/Final Object Repo/Login Page/Internal User/Email Address'

2018-12-07 16:36:56 - [TEST_STEP][PASSED] - click: Object: 'Object Repository/Final Object Repo/Login Page/Internal User/Next Button' is clicked on

2018-12-07 16:36:56 - [MESSAGE][PASSED] - Object: 'Object Repository/Final Object Repo/Login Page/Internal User/Next Button' is clicked on

2018-12-07 16:36:56 - [TEST_STEP][PASSED] - delay: Delayed 2 second(s)

2018-12-07 16:36:58 - [MESSAGE][PASSED] - Delayed 2 second(s)

2018-12-07 16:36:58 - [TEST_STEP][PASSED] - setText: Text 'test' is set on object 'Object Repository/Final Object Repo/Login Page/Internal User/Password'

2018-12-07 16:36:59 - [MESSAGE][PASSED] - Text 'test' is set on object 'Object Repository/Final Object Repo/Login Page/Internal User/Password'

2018-12-07 16:36:59 - [TEST_STEP][PASSED] - delay: Delayed 2 second(s)

2018-12-07 16:37:01 - [MESSAGE][PASSED] - Delayed 2 second(s)

2018-12-07 16:37:01 - [TEST_STEP][PASSED] - click: Object: 'Object Repository/Final Object Repo/Login Page/Internal User/Login Button' is clicked on

2018-12-07 16:37:01 - [MESSAGE][PASSED] - Object: 'Object Repository/Final Object Repo/Login Page/Internal User/Login Button' is clicked on

2018-12-07 16:37:01 - [TEST_STEP][PASSED] - Statement - tester = com.kms.katalon.core.testobject.ObjectRepository.findTestObject(Final Object Repo/Landing Page/Select to English): Finding Test Object with id 'Object Repository/Final Object Repo/Landing Page/Select to English'

2018-12-07 16:37:01 - [TEST_STEP][PASSED] - Statement - Try: Delayed 2 second(s)

2018-12-07 16:37:01 - [TEST_STEP][PASSED] - Statement - Checker = com.kms.katalon.core.webui.keyword.WebUiBuiltInKeywords.verifyElementNotPresent(tester, 3): Web element with id: 'Object Repository/Final Object Repo/Landing Page/Select to English' located by 'By.xpath: //a[@class = 'taglib-language-list-text' and @lang = 'en-US' and (contains(text(), 'EN') or contains(., 'EN'))]' is not present after '3' second(s)

2018-12-07 16:37:03 - [MESSAGE][PASSED] - Web element with id: 'Object Repository/Final Object Repo/Landing Page/Select to English' located by 'By.xpath: //a[@class = 'taglib-language-list-text' and @lang = 'en-US' and (contains(text(), 'EN') or contains(., 'EN'))]' is not present after '3' second(s)

2018-12-07 16:37:03 - [TEST_STEP][PASSED] - Statement - If (Checker == false): null

2018-12-07 16:37:03 - [TEST_STEP][PASSED] - delay: Delayed 2 second(s)

2018-12-07 16:37:05 - [MESSAGE][PASSED] - Delayed 2 second(s)

2018-12-07 16:37:05 - [TEST_STEP][PASSED] - delay: Delayed 5 second(s)

2018-12-07 16:37:10 - [MESSAGE][PASSED] - Delayed 5 second(s)

2018-12-07 16:37:10 - [TEST_STEP][PASSED] - mouseOver: Object: 'Object Repository/Final Object Repo/Landing Page/WorkFlow Menu' is hovered

2018-12-07 16:37:10 - [MESSAGE][PASSED] - Object: 'Object Repository/Final Object Repo/Landing Page/WorkFlow Menu' is hovered

2018-12-07 16:37:10 - [TEST_STEP][PASSED] - delay: Delayed 2 second(s)

2018-12-07 16:37:12 - [MESSAGE][PASSED] - Delayed 2 second(s)

2018-12-07 16:37:12 - [TEST_STEP][PASSED] - click: Object: 'Object Repository/Final Object Repo/Landing Page/Select to Workflow Listing' is clicked on

2018-12-07 16:37:13 - [MESSAGE][PASSED] - Object: 'Object Repository/Final Object Repo/Landing Page/Select to Workflow Listing' is clicked on

2018-12-07 16:37:13 - [TEST_STEP][PASSED] - delay: Delayed 2 second(s)

2018-12-07 16:37:15 - [MESSAGE][PASSED] - Delayed 2 second(s)

2018-12-07 16:37:15 - [TEST_STEP][PASSED] - click: Object: 'Object Repository/Final Object Repo/WorkFlow Listing Page/Search Information - To Put Ref No' is clicked on

2018-12-07 16:37:15 - [MESSAGE][PASSED] - Object: 'Object Repository/Final Object Repo/WorkFlow Listing Page/Search Information - To Put Ref No' is clicked on

2018-12-07 16:37:15 - [TEST_STEP][PASSED] - delay: Delayed 2 second(s)

2018-12-07 16:37:17 - [MESSAGE][PASSED] - Delayed 2 second(s)

2018-12-07 16:37:17 - [TEST_STEP][PASSED] - callTestCase: Call Test Case 'Test Cases/Final Aug 2018 - PKS Automation/Common/Reference Number Getter' successfully

2018-12-07 16:37:18 - [TEST_CASE][PASSED] - Test Cases/Final Aug 2018 - PKS Automation/Common/Reference Number Getter: Test Cases/Final Aug 2018 - PKS Automation/Common/Reference Number Getter

2018-12-07 16:37:18 - [TEST_STEP][PASSED] - Statement - Try: null

2018-12-07 16:37:18 - [TEST_STEP][PASSED] - Statement - RefNo = new java.io.File(C://Users//Admin//Desktop//PKS//Automation Reference Point//KatalonReference.txt): null

2018-12-07 16:37:18 - [TEST_STEP][PASSED] - Statement - bufferread = new java.io.BufferedReader(new java.io.FileReader(RefNo)): null

2018-12-07 16:37:18 - [TEST_STEP][PASSED] - Statement - readedVal = bufferread.readLine(): null

2018-12-07 16:37:18 - [TEST_STEP][PASSED] - Statement - out.println(CaseReferenceNo): null

2018-12-07 16:37:18 - [TEST_STEP][PASSED] - Statement - out.println(readedVal): null

2018-12-07 16:37:18 - [TEST_STEP][PASSED] - Statement - CaseReferenceNo = "": null

2018-12-07 16:37:18 - [TEST_STEP][PASSED] - Statement - CaseReferenceNo = readedVal: null

2018-12-07 16:37:18 - [MESSAGE][PASSED] - Call Test Case 'Test Cases/Final Aug 2018 - PKS Automation/Common/Reference Number Getter' successfully

2018-12-07 16:37:18 - [TEST_STEP][PASSED] - setText: Text 'CUN122018C100005911' is set on object 'Object Repository/Final Object Repo/WorkFlow Listing Page/Ref No Set Text'

2018-12-07 16:37:18 - [MESSAGE][PASSED] - Text 'CUN122018C100005911' is set on object 'Object Repository/Final Object Repo/WorkFlow Listing Page/Ref No Set Text'

2018-12-07 16:37:18 - [TEST_STEP][PASSED] - delay: Delayed 2 second(s)

2018-12-07 16:37:20 - [MESSAGE][PASSED] - Delayed 2 second(s)

2018-12-07 16:37:20 - [TEST_STEP][PASSED] - click: Object: 'Object Repository/Final Object Repo/WorkFlow Listing Page/Search Ref No Search Button' is clicked on

2018-12-07 16:37:20 - [MESSAGE][PASSED] - Object: 'Object Repository/Final Object Repo/WorkFlow Listing Page/Search Ref No Search Button' is clicked on

2018-12-07 16:37:20 - [TEST_STEP][PASSED] - delay: Delayed 6 second(s)

2018-12-07 16:37:26 - [MESSAGE][PASSED] - Delayed 6 second(s)

2018-12-07 16:37:26 - [TEST_STEP][PASSED] - click: Object: 'Object Repository/Final Object Repo/WorkFlow Listing Page/Click Continue Tooltip' is clicked on

2018-12-07 16:37:27 - [MESSAGE][PASSED] - Object: 'Object Repository/Final Object Repo/WorkFlow Listing Page/Click Continue Tooltip' is clicked on

2018-12-07 16:37:27 - [TEST_STEP][PASSED] - delay: Delayed 5 second(s)

2018-12-07 16:37:32 - [MESSAGE][PASSED] - Delayed 5 second(s)

2018-12-07 16:37:32 - [TEST_STEP][PASSED] - doubleClick: Object: 'Object Repository/Final Object Repo/WorkFlow Listing Page/Workflow Found - Listing 1' is double clicked on

2018-12-07 16:37:32 - [MESSAGE][PASSED] - Object: 'Object Repository/Final Object Repo/WorkFlow Listing Page/Workflow Found - Listing 1' is double clicked on

2018-12-07 16:37:32 - [TEST_STEP][PASSED] - Statement - println(OwnerID): null

2018-12-07 16:37:32 - [TEST_STEP][PASSED] - Statement - OwnerID = com.kms.katalon.core.webui.keyword.WebUiBuiltInKeywords.getText(com.kms.katalon.core.testobject.ObjectRepository.findTestObject(Final Object Repo/WorkFlow Listing Page/Workflow Found - Listing 1), STOP_ON_FAILURE): Text of object 'Object Repository/Final Object Repo/WorkFlow Listing Page/Workflow Found - Listing 1' is: 'JOHORuo3'

2018-12-07 16:37:32 - [MESSAGE][PASSED] - Text of object 'Object Repository/Final Object Repo/WorkFlow Listing Page/Workflow Found - Listing 1' is: 'JOHORuo3'

2018-12-07 16:37:32 - [TEST_STEP][PASSED] - Statement - OwnerID = OwnerID.toLowerCase() + "@gmail.com": null

2018-12-07 16:37:32 - [TEST_STEP][PASSED] - Statement - println(OwnerID): null

2018-12-07 16:37:32 - [TEST_STEP][PASSED] - delay: Delayed 2 second(s)

2018-12-07 16:37:34 - [MESSAGE][PASSED] - Delayed 2 second(s)

2018-12-07 16:37:34 - [MESSAGE][PASSED] - Call Test Case 'Test Cases/Final Aug 2018 - PKS Automation/Common/Workflow Owner Finder' successfully

2018-12-07 16:37:34 - [TEST_STEP][PASSED] - delay: Delayed 2 second(s)

2018-12-07 16:37:36 - [MESSAGE][PASSED] - Delayed 2 second(s)

2018-12-07 16:37:36 - [TEST_STEP][PASSED] - navigateToUrl: Navigate to 'https://assist2-uat.perkeso.gov.my/c/portal/logout' successfully

2018-12-07 16:37:37 - [MESSAGE][PASSED] - Navigate to 'https://assist2-uat.perkeso.gov.my/c/portal/logout' successfully

2018-12-07 16:37:37 - [TEST_STEP][PASSED] - delay: Delayed 2 second(s)

2018-12-07 16:37:39 - [MESSAGE][PASSED] - Delayed 2 second(s)

2018-12-07 16:37:39 - [TEST_STEP][PASSED] - callTestCase: Call Test Case 'Test Cases/Final Aug 2018 - PKS Automation/Registration Module/Workflow/Login and Search Case For Workflow' successfully

2018-12-07 16:37:39 - [TEST_CASE][PASSED] - Test Cases/Final Aug 2018 - PKS Automation/Registration Module/Workflow/Login and Search Case For Workflow: Test Cases/Final Aug 2018 - PKS Automation/Registration Module/Workflow/Login and Search Case For Workflow

2018-12-07 16:37:39 - [TEST_STEP][PASSED] - navigateToUrl: Navigate to 'https://assist2-uat.perkeso.gov.my/login' successfully

2018-12-07 16:37:40 - [MESSAGE][PASSED] - Navigate to 'https://assist2-uat.perkeso.gov.my/login' successfully

2018-12-07 16:37:40 - [TEST_STEP][PASSED] - setText: Text 'johoruo3@gmail.com' is set on object 'Object Repository/Final Object Repo/Login Page/Internal User/Email Address'

2018-12-07 16:37:40 - [MESSAGE][PASSED] - Text 'johoruo3@gmail.com' is set on object 'Object Repository/Final Object Repo/Login Page/Internal User/Email Address'

2018-12-07 16:37:40 - [TEST_STEP][PASSED] - click: Object: 'Object Repository/Final Object Repo/Login Page/Internal User/Next Button' is clicked on

2018-12-07 16:37:40 - [MESSAGE][PASSED] - Object: 'Object Repository/Final Object Repo/Login Page/Internal User/Next Button' is clicked on

2018-12-07 16:37:40 - [TEST_STEP][PASSED] - delay: Delayed 1 second(s)

2018-12-07 16:37:41 - [MESSAGE][PASSED] - Delayed 1 second(s)

2018-12-07 16:37:41 - [TEST_STEP][PASSED] - setEncryptedText: Text ****** has been set on object 'Object Repository/Final Object Repo/Login Page/Internal User/Password'

2018-12-07 16:37:42 - [MESSAGE][PASSED] - Text ****** has been set on object 'Object Repository/Final Object Repo/Login Page/Internal User/Password'

2018-12-07 16:37:42 - [TEST_STEP][PASSED] - click: Object: 'Object Repository/Final Object Repo/Login Page/Internal User/Login Button' is clicked on

2018-12-07 16:37:42 - [MESSAGE][PASSED] - Object: 'Object Repository/Final Object Repo/Login Page/Internal User/Login Button' is clicked on

2018-12-07 16:37:42 - [TEST_STEP][PASSED] - delay: Delayed 2 second(s)

2018-12-07 16:37:44 - [MESSAGE][PASSED] - Delayed 2 second(s)

2018-12-07 16:37:44 - [TEST_STEP][PASSED] - Statement - Try: Delayed 2 second(s)

2018-12-07 16:37:44 - [TEST_STEP][PASSED] - Statement - Checker = false: null

2018-12-07 16:37:44 - [TEST_STEP][PASSED] - Statement - Checker = com.kms.katalon.core.webui.keyword.WebUiBuiltInKeywords.verifyElementHasAttribute(com.kms.katalon.core.testobject.ObjectRepository.findTestObject(Final Object Repo/Landing Page/BM Detecting), "href", 20, OPTIONAL): Object 'Object Repository/Final Object Repo/Landing Page/BM Detecting' has attribute 'href'

2018-12-07 16:37:44 - [MESSAGE][PASSED] - Object 'Object Repository/Final Object Repo/Landing Page/BM Detecting' has attribute 'href'

2018-12-07 16:37:44 - [TEST_STEP][PASSED] - Statement - out.println(Checker): null

2018-12-07 16:37:44 - [TEST_STEP][PASSED] - Statement - If (Checker == false): null

2018-12-07 16:37:44 - [TEST_STEP][PASSED] - Statement - Else: null

2018-12-07 16:37:44 - [TEST_STEP][PASSED] - delay: Delayed 2 second(s)

2018-12-07 16:37:46 - [MESSAGE][PASSED] - Delayed 2 second(s)

2018-12-07 16:37:46 - [TEST_STEP][PASSED] - click: Object: 'Object Repository/Final Object Repo/Page_MyASSIST - ASSIST - Search Pending Case For Add Supporting Document/Search Information' is clicked on

2018-12-07 16:37:46 - [MESSAGE][PASSED] - Object: 'Object Repository/Final Object Repo/Page_MyASSIST - ASSIST - Search Pending Case For Add Supporting Document/Search Information' is clicked on

2018-12-07 16:37:46 - [TEST_STEP][PASSED] - delay: Delayed 3 second(s)

2018-12-07 16:37:49 - [MESSAGE][PASSED] - Delayed 3 second(s)

2018-12-07 16:37:49 - [TEST_STEP][PASSED] - sendKeys: Keys 'CUN122018C100005911' sent to object: 'Object Repository/Final Object Repo/Page_MyASSIST - ASSIST - Search Pending Case For Add Supporting Document/Reference No'

2018-12-07 16:37:49 - [MESSAGE][PASSED] - Keys 'CUN122018C100005911' sent to object: 'Object Repository/Final Object Repo/Page_MyASSIST - ASSIST - Search Pending Case For Add Supporting Document/Reference No'

2018-12-07 16:37:49 - [TEST_STEP][PASSED] - click: Object: 'Object Repository/Final Object Repo/Page_MyASSIST - ASSIST - Search Pending Case For Add Supporting Document/Search Reference No' is clicked on

2018-12-07 16:37:50 - [MESSAGE][PASSED] - Object: 'Object Repository/Final Object Repo/Page_MyASSIST - ASSIST - Search Pending Case For Add Supporting Document/Search Reference No' is clicked on

2018-12-07 16:37:50 - [TEST_STEP][PASSED] - delay: Delayed 2 second(s)

2018-12-07 16:37:52 - [MESSAGE][PASSED] - Delayed 2 second(s)

2018-12-07 16:37:52 - [TEST_STEP][PASSED] - click: Object: 'Object Repository/Final Object Repo/Page_MyASSIST - ASSIST - Search Pending Case For Add Supporting Document/Continue' is clicked on

2018-12-07 16:37:56 - [MESSAGE][PASSED] - Object: 'Object Repository/Final Object Repo/Page_MyASSIST - ASSIST - Search Pending Case For Add Supporting Document/Continue' is clicked on

2018-12-07 16:37:56 - [TEST_STEP][PASSED] - delay: Delayed 20 second(s)

2018-12-07 16:38:16 - [MESSAGE][PASSED] - Delayed 20 second(s)

2018-12-07 16:38:16 - [MESSAGE][PASSED] - Call Test Case 'Test Cases/Final Aug 2018 - PKS Automation/Registration Module/Workflow/Login and Search Case For Workflow' successfully

2018-12-07 16:38:16 - [TEST_STEP][PASSED] - delay: Delayed 2 second(s)

2018-12-07 16:38:18 - [MESSAGE][PASSED] - Delayed 2 second(s)

2018-12-07 16:38:18 - [TEST_STEP][PASSED] - click: Object: 'Object Repository/Final Object Repo/Page_Update Employee Information By Employer/Page_Update Employee Information by Employer (Approve)/Continue' is clicked on

2018-12-07 16:38:21 - [MESSAGE][PASSED] - Object: 'Object Repository/Final Object Repo/Page_Update Employee Information By Employer/Page_Update Employee Information by Employer (Approve)/Continue' is clicked on

2018-12-07 16:38:21 - [TEST_STEP][PASSED] - delay: Delayed 2 second(s)

2018-12-07 16:38:23 - [MESSAGE][PASSED] - Delayed 2 second(s)

2018-12-07 16:38:23 - [TEST_STEP][PASSED] - click: Object: 'Object Repository/Final Object Repo/Page_Update Employee Information By Employer/Page_Update Employee Information by Employer (Approve)/Save  Continue in Update Employee Information Page' is clicked on

2018-12-07 16:38:24 - [MESSAGE][PASSED] - Object: 'Object Repository/Final Object Repo/Page_Update Employee Information By Employer/Page_Update Employee Information by Employer (Approve)/Save  Continue in Update Employee Information Page' is clicked on

2018-12-07 16:38:24 - [TEST_STEP][PASSED] - delay: Delayed 4 second(s)

2018-12-07 16:38:28 - [MESSAGE][PASSED] - Delayed 4 second(s)

2018-12-07 16:38:28 - [TEST_STEP][PASSED] - click: Object: 'Object Repository/Final Object Repo/Page_Update Employee Information By Employer/Page_Update Employee Information by Employer (Approve)/Save  Continue in Upload Supporting Doucument Page' is clicked on

2018-12-07 16:38:28 - [MESSAGE][PASSED] - Object: 'Object Repository/Final Object Repo/Page_Update Employee Information By Employer/Page_Update Employee Information by Employer (Approve)/Save  Continue in Upload Supporting Doucument Page' is clicked on

2018-12-07 16:38:28 - [TEST_STEP][PASSED] - delay: Delayed 2 second(s)

2018-12-07 16:38:30 - [MESSAGE][PASSED] - Delayed 2 second(s)

2018-12-07 16:38:30 - [TEST_STEP][PASSED] - click: Object: 'Object Repository/Final Object Repo/Page_Update Employee Information By Employer/Page_Update Employee Information by Employer (Approve)/Approve' is clicked on

2018-12-07 16:38:31 - [MESSAGE][PASSED] - Object: 'Object Repository/Final Object Repo/Page_Update Employee Information By Employer/Page_Update Employee Information by Employer (Approve)/Approve' is clicked on

2018-12-07 16:38:31 - [TEST_STEP][PASSED] - delay: Delayed 2 second(s)

2018-12-07 16:38:33 - [MESSAGE][PASSED] - Delayed 2 second(s)

2018-12-07 16:38:33 - [TEST_STEP][PASSED] - click: Object: 'Object Repository/Final Object Repo/Page_Update Employee Information By Employer/Page_Update Employee Information by Employer (Approve)/Confirm' is clicked on

2018-12-07 16:38:34 - [MESSAGE][PASSED] - Object: 'Object Repository/Final Object Repo/Page_Update Employee Information By Employer/Page_Update Employee Information by Employer (Approve)/Confirm' is clicked on

2018-12-07 16:38:34 - [TEST_STEP][PASSED] - delay: Delayed 2 second(s)

2018-12-07 16:38:36 - [MESSAGE][PASSED] - Delayed 2 second(s)

2018-12-07 16:38:36 - [TEST_STEP][PASSED] - verifyElementVisible: Object 'Object Repository/Final Object Repo/Page_Update Employee Information By Employer/Page_Update Employee Information by Employer (Approve)/Successfull Message Submitted Successfully' is visible

2018-12-07 16:38:39 - [MESSAGE][PASSED] - Object 'Object Repository/Final Object Repo/Page_Update Employee Information By Employer/Page_Update Employee Information by Employer (Approve)/Successfull Message Submitted Successfully' is visible

2018-12-07 16:38:39 - [TEST_STEP][PASSED] - delay: Delayed 2 second(s)

2018-12-07 16:38:41 - [MESSAGE][PASSED] - Delayed 2 second(s)

2018-12-07 16:38:41 - [TEST_STEP][PASSED] - verifyElementVisible: Object 'Object Repository/Final Object Repo/Page_Update Employee Information By Employer/Page_Update Employee Information by Employer (Approve)/Letter of Successful update' is visible

2018-12-07 16:38:41 - [MESSAGE][PASSED] - Object 'Object Repository/Final Object Repo/Page_Update Employee Information By Employer/Page_Update Employee Information by Employer (Approve)/Letter of Successful update' is visible

2018-12-07 16:38:41 - [MESSAGE][PASSED] - Call Test Case 'Test Cases/Final Aug 2018 - PKS Automation/Registration Module/Workflow/Update Employee Information (Employer)/Template/Update Employee Information - Special Case - UO (Approve)' successfully]]></system-out>
         <system-err><![CDATA[]]></system-err>
      </testcase>
      <testcase name="Test Cases/Final Aug 2018 - PKS Automation/Registration Module/Workflow/Update Employee Information (Employer)/PKRBO - UO (Query)" classname="Test Cases/Final Aug 2018 - PKS Automation/Registration Module/Workflow/Update Employee Information (Employer)/PKRBO - UO (Query)" status="PASSED">
         <system-out><![CDATA[2018-12-07 16:38:41 - [TEST_CASE][PASSED] - Test Cases/Final Aug 2018 - PKS Automation/Registration Module/Workflow/Update Employee Information (Employer)/PKRBO - UO (Query): Test Cases/Final Aug 2018 - PKS Automation/Registration Module/Workflow/Update Employee Information (Employer)/PKRBO - UO (Query)

2018-12-07 16:38:41 - [TEST_STEP][PASSED] - callTestCase: Call Test Case 'Test Cases/Final Aug 2018 - PKS Automation/Registration Module/Workflow/Update Employee Information (Employer)/Template/Update Employer Information - Special Case (PKRBO)' successfully

2018-12-07 16:38:41 - [TEST_CASE][PASSED] - Test Cases/Final Aug 2018 - PKS Automation/Registration Module/Workflow/Update Employee Information (Employer)/Template/Update Employer Information - Special Case (PKRBO): Test Cases/Final Aug 2018 - PKS Automation/Registration Module/Workflow/Update Employee Information (Employer)/Template/Update Employer Information - Special Case (PKRBO)

2018-12-07 16:38:41 - [TEST_STEP][PASSED] - openBrowser: Browser is opened with url: ''

2018-12-07 16:38:41 - [MESSAGE][WARNING] - A browser is already opened. Closing browser and opening a new one

2018-12-07 16:38:44 - [MESSAGE][PASSED] - Browser is opened with url: ''

2018-12-07 16:38:44 - [TEST_STEP][PASSED] - navigateToUrl: Navigate to 'https://assist2-uat.perkeso.gov.my/login' successfully

2018-12-07 16:38:45 - [MESSAGE][PASSED] - Navigate to 'https://assist2-uat.perkeso.gov.my/login' successfully

2018-12-07 16:38:45 - [TEST_STEP][PASSED] - setText: Text 'johorpkrbo1@gmail.com' is set on object 'Object Repository/Final Object Repo/Login Page/Internal User/Email Address'

2018-12-07 16:38:46 - [MESSAGE][PASSED] - Text 'johorpkrbo1@gmail.com' is set on object 'Object Repository/Final Object Repo/Login Page/Internal User/Email Address'

2018-12-07 16:38:46 - [TEST_STEP][PASSED] - click: Object: 'Object Repository/Final Object Repo/Login Page/Internal User/Next Button' is clicked on

2018-12-07 16:38:46 - [MESSAGE][PASSED] - Object: 'Object Repository/Final Object Repo/Login Page/Internal User/Next Button' is clicked on

2018-12-07 16:38:46 - [TEST_STEP][PASSED] - delay: Delayed 1 second(s)

2018-12-07 16:38:47 - [MESSAGE][PASSED] - Delayed 1 second(s)

2018-12-07 16:38:47 - [TEST_STEP][PASSED] - setEncryptedText: Text ****** has been set on object 'Object Repository/Final Object Repo/Login Page/Internal User/Password'

2018-12-07 16:38:47 - [MESSAGE][PASSED] - Text ****** has been set on object 'Object Repository/Final Object Repo/Login Page/Internal User/Password'

2018-12-07 16:38:47 - [TEST_STEP][PASSED] - click: Object: 'Object Repository/Final Object Repo/Login Page/Internal User/Login Button' is clicked on

2018-12-07 16:38:47 - [MESSAGE][PASSED] - Object: 'Object Repository/Final Object Repo/Login Page/Internal User/Login Button' is clicked on

2018-12-07 16:38:47 - [TEST_STEP][PASSED] - Statement - tester = com.kms.katalon.core.testobject.ObjectRepository.findTestObject(Final Object Repo/Landing Page/Select to English): Finding Test Object with id 'Object Repository/Final Object Repo/Landing Page/Select to English'

2018-12-07 16:38:47 - [TEST_STEP][PASSED] - Statement - Try: Delayed 2 second(s)

2018-12-07 16:38:47 - [TEST_STEP][PASSED] - Statement - Checker = com.kms.katalon.core.webui.keyword.WebUiBuiltInKeywords.verifyElementNotPresent(tester, 3): Web element with id: 'Object Repository/Final Object Repo/Landing Page/Select to English' located by 'By.xpath: //a[@class = 'taglib-language-list-text' and @lang = 'en-US' and (contains(text(), 'EN') or contains(., 'EN'))]' is not present after '3' second(s)

2018-12-07 16:38:49 - [MESSAGE][PASSED] - Web element with id: 'Object Repository/Final Object Repo/Landing Page/Select to English' located by 'By.xpath: //a[@class = 'taglib-language-list-text' and @lang = 'en-US' and (contains(text(), 'EN') or contains(., 'EN'))]' is not present after '3' second(s)

2018-12-07 16:38:49 - [TEST_STEP][PASSED] - Statement - If (Checker == false): null

2018-12-07 16:38:49 - [TEST_STEP][PASSED] - delay: Delayed 2 second(s)

2018-12-07 16:38:51 - [MESSAGE][PASSED] - Delayed 2 second(s)

2018-12-07 16:38:51 - [TEST_STEP][PASSED] - delay: Delayed 5 second(s)

2018-12-07 16:38:56 - [MESSAGE][PASSED] - Delayed 5 second(s)

2018-12-07 16:38:56 - [TEST_STEP][PASSED] - navigateToUrl: Navigate to 'https://assist2-uat.perkeso.gov.my/web/registration/update/update-employee-information-employer-' successfully

2018-12-07 16:38:57 - [MESSAGE][PASSED] - Navigate to 'https://assist2-uat.perkeso.gov.my/web/registration/update/update-employee-information-employer-' successfully

2018-12-07 16:38:57 - [TEST_STEP][PASSED] - setText: Text 'E1102001065V' is set on object 'Object Repository/Final Object Repo/Page_Update Employee Information By Employer/Employer Code'

2018-12-07 16:38:58 - [MESSAGE][PASSED] - Text 'E1102001065V' is set on object 'Object Repository/Final Object Repo/Page_Update Employee Information By Employer/Employer Code'

2018-12-07 16:38:58 - [TEST_STEP][PASSED] - click: Object: 'Object Repository/Final Object Repo/Page_Update Employee Information By Employer/Search Employer Code' is clicked on

2018-12-07 16:38:58 - [MESSAGE][PASSED] - Object: 'Object Repository/Final Object Repo/Page_Update Employee Information By Employer/Search Employer Code' is clicked on

2018-12-07 16:38:58 - [TEST_STEP][PASSED] - click: Object: 'Object Repository/Final Object Repo/Page_Update Employee Information By Employer/Edit Button' is clicked on

2018-12-07 16:39:02 - [MESSAGE][PASSED] - Object: 'Object Repository/Final Object Repo/Page_Update Employee Information By Employer/Edit Button' is clicked on

2018-12-07 16:39:02 - [TEST_STEP][PASSED] - click: Object: 'Object Repository/Final Object Repo/Page_Update Employee Information By Employer/Employee Name or New Identification' is clicked on

2018-12-07 16:39:02 - [MESSAGE][PASSED] - Object: 'Object Repository/Final Object Repo/Page_Update Employee Information By Employer/Employee Name or New Identification' is clicked on

2018-12-07 16:39:02 - [TEST_STEP][PASSED] - delay: Delayed 1 second(s)

2018-12-07 16:39:03 - [MESSAGE][PASSED] - Delayed 1 second(s)

2018-12-07 16:39:03 - [TEST_STEP][PASSED] - click: Object: 'Object Repository/Final Object Repo/Page_Update Employee Information By Employer/Selection - Employee Name' is clicked on

2018-12-07 16:39:03 - [MESSAGE][PASSED] - Object: 'Object Repository/Final Object Repo/Page_Update Employee Information By Employer/Selection - Employee Name' is clicked on

2018-12-07 16:39:03 - [TEST_STEP][PASSED] - delay: Delayed 1 second(s)

2018-12-07 16:39:04 - [MESSAGE][PASSED] - Delayed 1 second(s)

2018-12-07 16:39:04 - [TEST_STEP][PASSED] - setText: Text 'PERKESO' is set on object 'Object Repository/Final Object Repo/Page_Update Employee Information By Employer/Employee Name'

2018-12-07 16:39:05 - [MESSAGE][PASSED] - Text 'PERKESO' is set on object 'Object Repository/Final Object Repo/Page_Update Employee Information By Employer/Employee Name'

2018-12-07 16:39:05 - [TEST_STEP][PASSED] - delay: Delayed 2 second(s)

2018-12-07 16:39:07 - [MESSAGE][PASSED] - Delayed 2 second(s)

2018-12-07 16:39:07 - [TEST_STEP][PASSED] - click: Object: 'Object Repository/Final Object Repo/Page_Update Employee Information By Employer/Search Employee' is clicked on

2018-12-07 16:39:07 - [MESSAGE][PASSED] - Object: 'Object Repository/Final Object Repo/Page_Update Employee Information By Employer/Search Employee' is clicked on

2018-12-07 16:39:07 - [TEST_STEP][PASSED] - delay: Delayed 3 second(s)

2018-12-07 16:39:10 - [MESSAGE][PASSED] - Delayed 3 second(s)

2018-12-07 16:39:10 - [TEST_STEP][PASSED] - click: Object: 'Object Repository/Final Object Repo/Page_Update Employee Information By Employer/Employee Edit Button' is clicked on

2018-12-07 16:39:10 - [MESSAGE][PASSED] - Object: 'Object Repository/Final Object Repo/Page_Update Employee Information By Employer/Employee Edit Button' is clicked on

2018-12-07 16:39:10 - [TEST_STEP][PASSED] - delay: Delayed 3 second(s)

2018-12-07 16:39:13 - [MESSAGE][PASSED] - Delayed 3 second(s)

2018-12-07 16:39:13 - [TEST_STEP][PASSED] - setText: Text '' is set on object 'Object Repository/Final Object Repo/Page_Update Employee Information By Employer/Identification Number'

2018-12-07 16:39:13 - [MESSAGE][PASSED] - Text '' is set on object 'Object Repository/Final Object Repo/Page_Update Employee Information By Employer/Identification Number'

2018-12-07 16:39:13 - [TEST_STEP][PASSED] - Statement - rnd = new java.util.Random(): null

2018-12-07 16:39:13 - [TEST_STEP][PASSED] - Statement - snum = rnd.nextInt(899999 + 1) + 100000: null

2018-12-07 16:39:13 - [TEST_STEP][PASSED] - Statement - tnum = rnd.nextInt(899999 + 1) + 100000: null

2018-12-07 16:39:13 - [TEST_STEP][PASSED] - Statement - IC = java.lang.Integer.toString(snum) + java.lang.Integer.toString(tnum): null

2018-12-07 16:39:13 - [TEST_STEP][PASSED] - Statement - out.println(IC): null

2018-12-07 16:39:13 - [TEST_STEP][PASSED] - setText: Text '584239811675' is set on object 'Object Repository/Final Object Repo/Page_Update Employee Information By Employer/Identification Number'

2018-12-07 16:39:14 - [MESSAGE][PASSED] - Text '584239811675' is set on object 'Object Repository/Final Object Repo/Page_Update Employee Information By Employer/Identification Number'

2018-12-07 16:39:14 - [TEST_STEP][PASSED] - click: Object: 'Object Repository/Final Object Repo/Page_Update Employee Information By Employer/Save' is clicked on

2018-12-07 16:39:14 - [MESSAGE][PASSED] - Object: 'Object Repository/Final Object Repo/Page_Update Employee Information By Employer/Save' is clicked on

2018-12-07 16:39:14 - [TEST_STEP][PASSED] - delay: Delayed 5 second(s)

2018-12-07 16:39:19 - [MESSAGE][PASSED] - Delayed 5 second(s)

2018-12-07 16:39:19 - [TEST_STEP][PASSED] - Statement - CaseReferenceNo = com.kms.katalon.core.webui.keyword.WebUiBuiltInKeywords.getText(com.kms.katalon.core.testobject.ObjectRepository.findTestObject(Final Object Repo/Reference Number/Reference Number in Update Employee Information Page)): Text of object 'Object Repository/Final Object Repo/Reference Number/Reference Number in Update Employee Information Page' is: 'CUN122018C100005912'

2018-12-07 16:39:19 - [MESSAGE][PASSED] - Text of object 'Object Repository/Final Object Repo/Reference Number/Reference Number in Update Employee Information Page' is: 'CUN122018C100005912'

2018-12-07 16:39:19 - [TEST_STEP][PASSED] - callTestCase: Call Test Case 'Test Cases/Final Aug 2018 - PKS Automation/Common/Reference Number Setter' successfully

2018-12-07 16:39:19 - [TEST_CASE][PASSED] - Test Cases/Final Aug 2018 - PKS Automation/Common/Reference Number Setter: Test Cases/Final Aug 2018 - PKS Automation/Common/Reference Number Setter

2018-12-07 16:39:19 - [TEST_STEP][PASSED] - Statement - RefNoOldFile = new java.io.File(C://Users//Admin//Desktop//PKS//Automation Reference Point//KatalonReference.txt): null

2018-12-07 16:39:19 - [TEST_STEP][PASSED] - Statement - RefNoOldFile.delete(): null

2018-12-07 16:39:19 - [TEST_STEP][PASSED] - delay: Delayed 5 second(s)

2018-12-07 16:39:24 - [MESSAGE][PASSED] - Delayed 5 second(s)

2018-12-07 16:39:24 - [TEST_STEP][PASSED] - Statement - RefNo = new java.io.File(C://Users//Admin//Desktop//PKS//Automation Reference Point//KatalonReference.txt): null

2018-12-07 16:39:24 - [TEST_STEP][PASSED] - Statement - f2 = new java.io.FileWriter(RefNo, false): null

2018-12-07 16:39:24 - [TEST_STEP][PASSED] - Statement - f2.write(CaseReferenceNo): null

2018-12-07 16:39:24 - [TEST_STEP][PASSED] - Statement - f2.close(): null

2018-12-07 16:39:24 - [TEST_STEP][PASSED] - Statement - out.println("


" + CaseReferenceNo + "


"): null

2018-12-07 16:39:24 - [MESSAGE][PASSED] - Call Test Case 'Test Cases/Final Aug 2018 - PKS Automation/Common/Reference Number Setter' successfully

2018-12-07 16:39:24 - [TEST_STEP][PASSED] - delay: Delayed 5 second(s)

2018-12-07 16:39:29 - [MESSAGE][PASSED] - Delayed 5 second(s)

2018-12-07 16:39:29 - [TEST_STEP][PASSED] - click: Object: 'Object Repository/Final Object Repo/Page_Update Employee Information By Employer/Save  Continue in  Employee Information Page' is clicked on

2018-12-07 16:39:29 - [MESSAGE][PASSED] - Object: 'Object Repository/Final Object Repo/Page_Update Employee Information By Employer/Save  Continue in  Employee Information Page' is clicked on

2018-12-07 16:39:29 - [TEST_STEP][PASSED] - delay: Delayed 5 second(s)

2018-12-07 16:39:34 - [MESSAGE][PASSED] - Delayed 5 second(s)

2018-12-07 16:39:34 - [TEST_STEP][PASSED] - click: Object: 'Object Repository/Final Object Repo/Page_Update Employee Information By Employer/Save  Continue in Uploading Page 1' is clicked on

2018-12-07 16:39:35 - [MESSAGE][PASSED] - Object: 'Object Repository/Final Object Repo/Page_Update Employee Information By Employer/Save  Continue in Uploading Page 1' is clicked on

2018-12-07 16:39:35 - [TEST_STEP][PASSED] - delay: Delayed 5 second(s)

2018-12-07 16:39:40 - [MESSAGE][PASSED] - Delayed 5 second(s)

2018-12-07 16:39:40 - [TEST_STEP][PASSED] - click: Object: 'Object Repository/Final Object Repo/Page_Update Employee Information By Employer/Submit' is clicked on

2018-12-07 16:39:40 - [MESSAGE][PASSED] - Object: 'Object Repository/Final Object Repo/Page_Update Employee Information By Employer/Submit' is clicked on

2018-12-07 16:39:40 - [TEST_STEP][PASSED] - delay: Delayed 5 second(s)

2018-12-07 16:39:45 - [MESSAGE][PASSED] - Delayed 5 second(s)

2018-12-07 16:39:45 - [TEST_STEP][PASSED] - click: Object: 'Object Repository/Final Object Repo/Page_Update Employee Information By Employer/Confirm' is clicked on

2018-12-07 16:39:45 - [MESSAGE][PASSED] - Object: 'Object Repository/Final Object Repo/Page_Update Employee Information By Employer/Confirm' is clicked on

2018-12-07 16:39:45 - [TEST_STEP][PASSED] - delay: Delayed 5 second(s)

2018-12-07 16:39:50 - [MESSAGE][PASSED] - Delayed 5 second(s)

2018-12-07 16:39:50 - [TEST_STEP][PASSED] - verifyElementVisible: Object 'Object Repository/Final Object Repo/Page_Update Employee Information By Employer/Successfull Message Routed to UO' is visible

2018-12-07 16:39:50 - [MESSAGE][PASSED] - Object 'Object Repository/Final Object Repo/Page_Update Employee Information By Employer/Successfull Message Routed to UO' is visible

2018-12-07 16:39:50 - [MESSAGE][PASSED] - Call Test Case 'Test Cases/Final Aug 2018 - PKS Automation/Registration Module/Workflow/Update Employee Information (Employer)/Template/Update Employer Information - Special Case (PKRBO)' successfully

2018-12-07 16:39:50 - [TEST_STEP][PASSED] - callTestCase: Call Test Case 'Test Cases/Final Aug 2018 - PKS Automation/Registration Module/Workflow/Update Employee Information (Employer)/Template/Update Employee Information - Special Case - UO(Query)' successfully

2018-12-07 16:39:50 - [TEST_CASE][PASSED] - Test Cases/Final Aug 2018 - PKS Automation/Registration Module/Workflow/Update Employee Information (Employer)/Template/Update Employee Information - Special Case - UO(Query): Test Cases/Final Aug 2018 - PKS Automation/Registration Module/Workflow/Update Employee Information (Employer)/Template/Update Employee Information - Special Case - UO(Query)

2018-12-07 16:39:50 - [TEST_STEP][NOT_RUN] - callTestCase: NOT_RUN: callTestCase

2018-12-07 16:39:50 - [MESSAGE][NOT_RUN] - NOT_RUN: callTestCase

2018-12-07 16:39:50 - [TEST_STEP][PASSED] - delay: Delayed 2 second(s)

2018-12-07 16:39:52 - [MESSAGE][PASSED] - Delayed 2 second(s)

2018-12-07 16:39:52 - [TEST_STEP][PASSED] - navigateToUrl: Navigate to 'https://assist2-uat.perkeso.gov.my/c/portal/logout' successfully

2018-12-07 16:39:53 - [MESSAGE][PASSED] - Navigate to 'https://assist2-uat.perkeso.gov.my/c/portal/logout' successfully

2018-12-07 16:39:53 - [TEST_STEP][PASSED] - delay: Delayed 2 second(s)

2018-12-07 16:39:55 - [MESSAGE][PASSED] - Delayed 2 second(s)

2018-12-07 16:39:55 - [TEST_STEP][PASSED] - callTestCase: Call Test Case 'Test Cases/Final Aug 2018 - PKS Automation/Common/Reference Number Getter' successfully

2018-12-07 16:39:55 - [TEST_CASE][PASSED] - Test Cases/Final Aug 2018 - PKS Automation/Common/Reference Number Getter: Test Cases/Final Aug 2018 - PKS Automation/Common/Reference Number Getter

2018-12-07 16:39:55 - [TEST_STEP][PASSED] - Statement - Try: null

2018-12-07 16:39:55 - [TEST_STEP][PASSED] - Statement - RefNo = new java.io.File(C://Users//Admin//Desktop//PKS//Automation Reference Point//KatalonReference.txt): null

2018-12-07 16:39:55 - [TEST_STEP][PASSED] - Statement - bufferread = new java.io.BufferedReader(new java.io.FileReader(RefNo)): null

2018-12-07 16:39:55 - [TEST_STEP][PASSED] - Statement - readedVal = bufferread.readLine(): null

2018-12-07 16:39:55 - [TEST_STEP][PASSED] - Statement - out.println(CaseReferenceNo): null

2018-12-07 16:39:55 - [TEST_STEP][PASSED] - Statement - out.println(readedVal): null

2018-12-07 16:39:55 - [TEST_STEP][PASSED] - Statement - CaseReferenceNo = "": null

2018-12-07 16:39:55 - [TEST_STEP][PASSED] - Statement - CaseReferenceNo = readedVal: null

2018-12-07 16:39:55 - [MESSAGE][PASSED] - Call Test Case 'Test Cases/Final Aug 2018 - PKS Automation/Common/Reference Number Getter' successfully

2018-12-07 16:39:55 - [TEST_STEP][PASSED] - callTestCase: Call Test Case 'Test Cases/Final Aug 2018 - PKS Automation/Common/Workflow Owner Finder' successfully

2018-12-07 16:39:55 - [TEST_CASE][PASSED] - Test Cases/Final Aug 2018 - PKS Automation/Common/Workflow Owner Finder: Test Cases/Final Aug 2018 - PKS Automation/Common/Workflow Owner Finder

2018-12-07 16:39:55 - [TEST_STEP][PASSED] - openBrowser: Browser is opened with url: ''

2018-12-07 16:39:55 - [MESSAGE][WARNING] - A browser is already opened. Closing browser and opening a new one

2018-12-07 16:39:58 - [MESSAGE][PASSED] - Browser is opened with url: ''

2018-12-07 16:39:58 - [TEST_STEP][PASSED] - navigateToUrl: Navigate to 'https://assist2-uat.perkeso.gov.my/login' successfully

2018-12-07 16:39:59 - [MESSAGE][PASSED] - Navigate to 'https://assist2-uat.perkeso.gov.my/login' successfully

2018-12-07 16:39:59 - [TEST_STEP][PASSED] - delay: Delayed 5 second(s)

2018-12-07 16:40:04 - [MESSAGE][PASSED] - Delayed 5 second(s)

2018-12-07 16:40:04 - [TEST_STEP][PASSED] - setText: Text 'test@liferay.com' is set on object 'Object Repository/Final Object Repo/Login Page/Internal User/Email Address'

2018-12-07 16:40:04 - [MESSAGE][PASSED] - Text 'test@liferay.com' is set on object 'Object Repository/Final Object Repo/Login Page/Internal User/Email Address'

2018-12-07 16:40:04 - [TEST_STEP][PASSED] - click: Object: 'Object Repository/Final Object Repo/Login Page/Internal User/Next Button' is clicked on

2018-12-07 16:40:05 - [MESSAGE][PASSED] - Object: 'Object Repository/Final Object Repo/Login Page/Internal User/Next Button' is clicked on

2018-12-07 16:40:05 - [TEST_STEP][PASSED] - delay: Delayed 2 second(s)

2018-12-07 16:40:07 - [MESSAGE][PASSED] - Delayed 2 second(s)

2018-12-07 16:40:07 - [TEST_STEP][PASSED] - setText: Text 'test' is set on object 'Object Repository/Final Object Repo/Login Page/Internal User/Password'

2018-12-07 16:40:07 - [MESSAGE][PASSED] - Text 'test' is set on object 'Object Repository/Final Object Repo/Login Page/Internal User/Password'

2018-12-07 16:40:07 - [TEST_STEP][PASSED] - delay: Delayed 2 second(s)

2018-12-07 16:40:09 - [MESSAGE][PASSED] - Delayed 2 second(s)

2018-12-07 16:40:09 - [TEST_STEP][PASSED] - click: Object: 'Object Repository/Final Object Repo/Login Page/Internal User/Login Button' is clicked on

2018-12-07 16:40:09 - [MESSAGE][PASSED] - Object: 'Object Repository/Final Object Repo/Login Page/Internal User/Login Button' is clicked on

2018-12-07 16:40:09 - [TEST_STEP][PASSED] - Statement - tester = com.kms.katalon.core.testobject.ObjectRepository.findTestObject(Final Object Repo/Landing Page/Select to English): Finding Test Object with id 'Object Repository/Final Object Repo/Landing Page/Select to English'

2018-12-07 16:40:09 - [TEST_STEP][PASSED] - Statement - Try: Delayed 2 second(s)

2018-12-07 16:40:09 - [TEST_STEP][PASSED] - Statement - Checker = com.kms.katalon.core.webui.keyword.WebUiBuiltInKeywords.verifyElementNotPresent(tester, 3): Web element with id: 'Object Repository/Final Object Repo/Landing Page/Select to English' located by 'By.xpath: //a[@class = 'taglib-language-list-text' and @lang = 'en-US' and (contains(text(), 'EN') or contains(., 'EN'))]' is not present after '3' second(s)

2018-12-07 16:40:11 - [MESSAGE][PASSED] - Web element with id: 'Object Repository/Final Object Repo/Landing Page/Select to English' located by 'By.xpath: //a[@class = 'taglib-language-list-text' and @lang = 'en-US' and (contains(text(), 'EN') or contains(., 'EN'))]' is not present after '3' second(s)

2018-12-07 16:40:11 - [TEST_STEP][PASSED] - Statement - If (Checker == false): null

2018-12-07 16:40:11 - [TEST_STEP][PASSED] - delay: Delayed 2 second(s)

2018-12-07 16:40:13 - [MESSAGE][PASSED] - Delayed 2 second(s)

2018-12-07 16:40:13 - [TEST_STEP][PASSED] - delay: Delayed 5 second(s)

2018-12-07 16:40:18 - [MESSAGE][PASSED] - Delayed 5 second(s)

2018-12-07 16:40:18 - [TEST_STEP][PASSED] - mouseOver: Object: 'Object Repository/Final Object Repo/Landing Page/WorkFlow Menu' is hovered

2018-12-07 16:40:18 - [MESSAGE][PASSED] - Object: 'Object Repository/Final Object Repo/Landing Page/WorkFlow Menu' is hovered

2018-12-07 16:40:18 - [TEST_STEP][PASSED] - delay: Delayed 2 second(s)

2018-12-07 16:40:20 - [MESSAGE][PASSED] - Delayed 2 second(s)

2018-12-07 16:40:20 - [TEST_STEP][PASSED] - click: Object: 'Object Repository/Final Object Repo/Landing Page/Select to Workflow Listing' is clicked on

2018-12-07 16:40:22 - [MESSAGE][PASSED] - Object: 'Object Repository/Final Object Repo/Landing Page/Select to Workflow Listing' is clicked on

2018-12-07 16:40:22 - [TEST_STEP][PASSED] - delay: Delayed 2 second(s)

2018-12-07 16:40:24 - [MESSAGE][PASSED] - Delayed 2 second(s)

2018-12-07 16:40:24 - [TEST_STEP][PASSED] - click: Object: 'Object Repository/Final Object Repo/WorkFlow Listing Page/Search Information - To Put Ref No' is clicked on

2018-12-07 16:40:24 - [MESSAGE][PASSED] - Object: 'Object Repository/Final Object Repo/WorkFlow Listing Page/Search Information - To Put Ref No' is clicked on

2018-12-07 16:40:24 - [TEST_STEP][PASSED] - delay: Delayed 2 second(s)

2018-12-07 16:40:26 - [MESSAGE][PASSED] - Delayed 2 second(s)

2018-12-07 16:40:26 - [TEST_STEP][PASSED] - callTestCase: Call Test Case 'Test Cases/Final Aug 2018 - PKS Automation/Common/Reference Number Getter' successfully

2018-12-07 16:40:26 - [TEST_CASE][PASSED] - Test Cases/Final Aug 2018 - PKS Automation/Common/Reference Number Getter: Test Cases/Final Aug 2018 - PKS Automation/Common/Reference Number Getter

2018-12-07 16:40:26 - [TEST_STEP][PASSED] - Statement - Try: null

2018-12-07 16:40:26 - [TEST_STEP][PASSED] - Statement - RefNo = new java.io.File(C://Users//Admin//Desktop//PKS//Automation Reference Point//KatalonReference.txt): null

2018-12-07 16:40:26 - [TEST_STEP][PASSED] - Statement - bufferread = new java.io.BufferedReader(new java.io.FileReader(RefNo)): null

2018-12-07 16:40:26 - [TEST_STEP][PASSED] - Statement - readedVal = bufferread.readLine(): null

2018-12-07 16:40:26 - [TEST_STEP][PASSED] - Statement - out.println(CaseReferenceNo): null

2018-12-07 16:40:26 - [TEST_STEP][PASSED] - Statement - out.println(readedVal): null

2018-12-07 16:40:26 - [TEST_STEP][PASSED] - Statement - CaseReferenceNo = "": null

2018-12-07 16:40:26 - [TEST_STEP][PASSED] - Statement - CaseReferenceNo = readedVal: null

2018-12-07 16:40:26 - [MESSAGE][PASSED] - Call Test Case 'Test Cases/Final Aug 2018 - PKS Automation/Common/Reference Number Getter' successfully

2018-12-07 16:40:26 - [TEST_STEP][PASSED] - setText: Text 'CUN122018C100005912' is set on object 'Object Repository/Final Object Repo/WorkFlow Listing Page/Ref No Set Text'

2018-12-07 16:40:27 - [MESSAGE][PASSED] - Text 'CUN122018C100005912' is set on object 'Object Repository/Final Object Repo/WorkFlow Listing Page/Ref No Set Text'

2018-12-07 16:40:27 - [TEST_STEP][PASSED] - delay: Delayed 2 second(s)

2018-12-07 16:40:29 - [MESSAGE][PASSED] - Delayed 2 second(s)

2018-12-07 16:40:29 - [TEST_STEP][PASSED] - click: Object: 'Object Repository/Final Object Repo/WorkFlow Listing Page/Search Ref No Search Button' is clicked on

2018-12-07 16:40:29 - [MESSAGE][PASSED] - Object: 'Object Repository/Final Object Repo/WorkFlow Listing Page/Search Ref No Search Button' is clicked on

2018-12-07 16:40:29 - [TEST_STEP][PASSED] - delay: Delayed 6 second(s)

2018-12-07 16:40:35 - [MESSAGE][PASSED] - Delayed 6 second(s)

2018-12-07 16:40:35 - [TEST_STEP][PASSED] - click: Object: 'Object Repository/Final Object Repo/WorkFlow Listing Page/Click Continue Tooltip' is clicked on

2018-12-07 16:40:36 - [MESSAGE][PASSED] - Object: 'Object Repository/Final Object Repo/WorkFlow Listing Page/Click Continue Tooltip' is clicked on

2018-12-07 16:40:36 - [TEST_STEP][PASSED] - delay: Delayed 5 second(s)

2018-12-07 16:40:41 - [MESSAGE][PASSED] - Delayed 5 second(s)

2018-12-07 16:40:41 - [TEST_STEP][PASSED] - doubleClick: Object: 'Object Repository/Final Object Repo/WorkFlow Listing Page/Workflow Found - Listing 1' is double clicked on

2018-12-07 16:40:41 - [MESSAGE][PASSED] - Object: 'Object Repository/Final Object Repo/WorkFlow Listing Page/Workflow Found - Listing 1' is double clicked on

2018-12-07 16:40:41 - [TEST_STEP][PASSED] - Statement - println(OwnerID): null

2018-12-07 16:40:41 - [TEST_STEP][PASSED] - Statement - OwnerID = com.kms.katalon.core.webui.keyword.WebUiBuiltInKeywords.getText(com.kms.katalon.core.testobject.ObjectRepository.findTestObject(Final Object Repo/WorkFlow Listing Page/Workflow Found - Listing 1), STOP_ON_FAILURE): Text of object 'Object Repository/Final Object Repo/WorkFlow Listing Page/Workflow Found - Listing 1' is: 'JOHORuo1'

2018-12-07 16:40:41 - [MESSAGE][PASSED] - Text of object 'Object Repository/Final Object Repo/WorkFlow Listing Page/Workflow Found - Listing 1' is: 'JOHORuo1'

2018-12-07 16:40:41 - [TEST_STEP][PASSED] - Statement - OwnerID = OwnerID.toLowerCase() + "@gmail.com": null

2018-12-07 16:40:41 - [TEST_STEP][PASSED] - Statement - println(OwnerID): null

2018-12-07 16:40:41 - [TEST_STEP][PASSED] - delay: Delayed 2 second(s)

2018-12-07 16:40:43 - [MESSAGE][PASSED] - Delayed 2 second(s)

2018-12-07 16:40:43 - [MESSAGE][PASSED] - Call Test Case 'Test Cases/Final Aug 2018 - PKS Automation/Common/Workflow Owner Finder' successfully

2018-12-07 16:40:43 - [TEST_STEP][PASSED] - delay: Delayed 2 second(s)

2018-12-07 16:40:45 - [MESSAGE][PASSED] - Delayed 2 second(s)

2018-12-07 16:40:45 - [TEST_STEP][PASSED] - navigateToUrl: Navigate to 'https://assist2-uat.perkeso.gov.my/c/portal/logout' successfully

2018-12-07 16:40:46 - [MESSAGE][PASSED] - Navigate to 'https://assist2-uat.perkeso.gov.my/c/portal/logout' successfully

2018-12-07 16:40:46 - [TEST_STEP][PASSED] - delay: Delayed 2 second(s)

2018-12-07 16:40:48 - [MESSAGE][PASSED] - Delayed 2 second(s)

2018-12-07 16:40:48 - [TEST_STEP][PASSED] - callTestCase: Call Test Case 'Test Cases/Final Aug 2018 - PKS Automation/Registration Module/Workflow/Login and Search Case For Workflow' successfully

2018-12-07 16:40:48 - [TEST_CASE][PASSED] - Test Cases/Final Aug 2018 - PKS Automation/Registration Module/Workflow/Login and Search Case For Workflow: Test Cases/Final Aug 2018 - PKS Automation/Registration Module/Workflow/Login and Search Case For Workflow

2018-12-07 16:40:48 - [TEST_STEP][PASSED] - navigateToUrl: Navigate to 'https://assist2-uat.perkeso.gov.my/login' successfully

2018-12-07 16:40:48 - [MESSAGE][PASSED] - Navigate to 'https://assist2-uat.perkeso.gov.my/login' successfully

2018-12-07 16:40:48 - [TEST_STEP][PASSED] - setText: Text 'johoruo1@gmail.com' is set on object 'Object Repository/Final Object Repo/Login Page/Internal User/Email Address'

2018-12-07 16:40:49 - [MESSAGE][PASSED] - Text 'johoruo1@gmail.com' is set on object 'Object Repository/Final Object Repo/Login Page/Internal User/Email Address'

2018-12-07 16:40:49 - [TEST_STEP][PASSED] - click: Object: 'Object Repository/Final Object Repo/Login Page/Internal User/Next Button' is clicked on

2018-12-07 16:40:49 - [MESSAGE][PASSED] - Object: 'Object Repository/Final Object Repo/Login Page/Internal User/Next Button' is clicked on

2018-12-07 16:40:49 - [TEST_STEP][PASSED] - delay: Delayed 1 second(s)

2018-12-07 16:40:50 - [MESSAGE][PASSED] - Delayed 1 second(s)

2018-12-07 16:40:50 - [TEST_STEP][PASSED] - setEncryptedText: Text ****** has been set on object 'Object Repository/Final Object Repo/Login Page/Internal User/Password'

2018-12-07 16:40:50 - [MESSAGE][PASSED] - Text ****** has been set on object 'Object Repository/Final Object Repo/Login Page/Internal User/Password'

2018-12-07 16:40:50 - [TEST_STEP][PASSED] - click: Object: 'Object Repository/Final Object Repo/Login Page/Internal User/Login Button' is clicked on

2018-12-07 16:40:50 - [MESSAGE][PASSED] - Object: 'Object Repository/Final Object Repo/Login Page/Internal User/Login Button' is clicked on

2018-12-07 16:40:50 - [TEST_STEP][PASSED] - delay: Delayed 2 second(s)

2018-12-07 16:40:52 - [MESSAGE][PASSED] - Delayed 2 second(s)

2018-12-07 16:40:52 - [TEST_STEP][PASSED] - Statement - Try: Delayed 2 second(s)

2018-12-07 16:40:52 - [TEST_STEP][PASSED] - Statement - Checker = false: null

2018-12-07 16:40:52 - [TEST_STEP][PASSED] - Statement - Checker = com.kms.katalon.core.webui.keyword.WebUiBuiltInKeywords.verifyElementHasAttribute(com.kms.katalon.core.testobject.ObjectRepository.findTestObject(Final Object Repo/Landing Page/BM Detecting), "href", 20, OPTIONAL): Object 'Object Repository/Final Object Repo/Landing Page/BM Detecting' has attribute 'href'

2018-12-07 16:40:53 - [MESSAGE][PASSED] - Object 'Object Repository/Final Object Repo/Landing Page/BM Detecting' has attribute 'href'

2018-12-07 16:40:53 - [TEST_STEP][PASSED] - Statement - out.println(Checker): null

2018-12-07 16:40:53 - [TEST_STEP][PASSED] - Statement - If (Checker == false): null

2018-12-07 16:40:53 - [TEST_STEP][PASSED] - Statement - Else: null

2018-12-07 16:40:53 - [TEST_STEP][PASSED] - delay: Delayed 2 second(s)

2018-12-07 16:40:55 - [MESSAGE][PASSED] - Delayed 2 second(s)

2018-12-07 16:40:55 - [TEST_STEP][PASSED] - click: Object: 'Object Repository/Final Object Repo/Page_MyASSIST - ASSIST - Search Pending Case For Add Supporting Document/Search Information' is clicked on

2018-12-07 16:40:55 - [MESSAGE][PASSED] - Object: 'Object Repository/Final Object Repo/Page_MyASSIST - ASSIST - Search Pending Case For Add Supporting Document/Search Information' is clicked on

2018-12-07 16:40:55 - [TEST_STEP][PASSED] - delay: Delayed 3 second(s)

2018-12-07 16:40:58 - [MESSAGE][PASSED] - Delayed 3 second(s)

2018-12-07 16:40:58 - [TEST_STEP][PASSED] - sendKeys: Keys 'CUN122018C100005912' sent to object: 'Object Repository/Final Object Repo/Page_MyASSIST - ASSIST - Search Pending Case For Add Supporting Document/Reference No'

2018-12-07 16:40:58 - [MESSAGE][PASSED] - Keys 'CUN122018C100005912' sent to object: 'Object Repository/Final Object Repo/Page_MyASSIST - ASSIST - Search Pending Case For Add Supporting Document/Reference No'

2018-12-07 16:40:58 - [TEST_STEP][PASSED] - click: Object: 'Object Repository/Final Object Repo/Page_MyASSIST - ASSIST - Search Pending Case For Add Supporting Document/Search Reference No' is clicked on

2018-12-07 16:40:58 - [MESSAGE][PASSED] - Object: 'Object Repository/Final Object Repo/Page_MyASSIST - ASSIST - Search Pending Case For Add Supporting Document/Search Reference No' is clicked on

2018-12-07 16:40:58 - [TEST_STEP][PASSED] - delay: Delayed 2 second(s)

2018-12-07 16:41:00 - [MESSAGE][PASSED] - Delayed 2 second(s)

2018-12-07 16:41:00 - [TEST_STEP][PASSED] - click: Object: 'Object Repository/Final Object Repo/Page_MyASSIST - ASSIST - Search Pending Case For Add Supporting Document/Continue' is clicked on

2018-12-07 16:41:04 - [MESSAGE][PASSED] - Object: 'Object Repository/Final Object Repo/Page_MyASSIST - ASSIST - Search Pending Case For Add Supporting Document/Continue' is clicked on

2018-12-07 16:41:04 - [TEST_STEP][PASSED] - delay: Delayed 20 second(s)

2018-12-07 16:41:24 - [MESSAGE][PASSED] - Delayed 20 second(s)

2018-12-07 16:41:24 - [MESSAGE][PASSED] - Call Test Case 'Test Cases/Final Aug 2018 - PKS Automation/Registration Module/Workflow/Login and Search Case For Workflow' successfully

2018-12-07 16:41:24 - [TEST_STEP][PASSED] - delay: Delayed 2 second(s)

2018-12-07 16:41:26 - [MESSAGE][PASSED] - Delayed 2 second(s)

2018-12-07 16:41:26 - [TEST_STEP][PASSED] - click: Object: 'Object Repository/Final Object Repo/Page_Update Employee Information By Employer/Page_Update Employee Information by Employer (Approve)/Continue' is clicked on

2018-12-07 16:41:30 - [MESSAGE][PASSED] - Object: 'Object Repository/Final Object Repo/Page_Update Employee Information By Employer/Page_Update Employee Information by Employer (Approve)/Continue' is clicked on

2018-12-07 16:41:30 - [TEST_STEP][PASSED] - delay: Delayed 2 second(s)

2018-12-07 16:41:32 - [MESSAGE][PASSED] - Delayed 2 second(s)

2018-12-07 16:41:32 - [TEST_STEP][PASSED] - click: Object: 'Object Repository/Final Object Repo/Page_Update Employee Information By Employer/Page_Update Employee Information by Employer (Approve)/Save  Continue in Update Employee Information Page' is clicked on

2018-12-07 16:41:32 - [MESSAGE][PASSED] - Object: 'Object Repository/Final Object Repo/Page_Update Employee Information By Employer/Page_Update Employee Information by Employer (Approve)/Save  Continue in Update Employee Information Page' is clicked on

2018-12-07 16:41:32 - [TEST_STEP][PASSED] - delay: Delayed 4 second(s)

2018-12-07 16:41:36 - [MESSAGE][PASSED] - Delayed 4 second(s)

2018-12-07 16:41:36 - [TEST_STEP][PASSED] - setText: Text 'Query' is set on object 'Object Repository/Final Object Repo/Page_Update Employee Information By Employer/Page_Update Employee Information by Employer (Query)/Remark'

2018-12-07 16:41:37 - [MESSAGE][PASSED] - Text 'Query' is set on object 'Object Repository/Final Object Repo/Page_Update Employee Information By Employer/Page_Update Employee Information by Employer (Query)/Remark'

2018-12-07 16:41:37 - [TEST_STEP][PASSED] - delay: Delayed 2 second(s)

2018-12-07 16:41:39 - [MESSAGE][PASSED] - Delayed 2 second(s)

2018-12-07 16:41:39 - [TEST_STEP][PASSED] - click: Object: 'Object Repository/Final Object Repo/Page_Update Employee Information By Employer/Page_Update Employee Information by Employer (Approve)/Save  Continue in Upload Supporting Doucument Page' is clicked on

2018-12-07 16:41:39 - [MESSAGE][PASSED] - Object: 'Object Repository/Final Object Repo/Page_Update Employee Information By Employer/Page_Update Employee Information by Employer (Approve)/Save  Continue in Upload Supporting Doucument Page' is clicked on

2018-12-07 16:41:39 - [TEST_STEP][PASSED] - delay: Delayed 2 second(s)

2018-12-07 16:41:41 - [MESSAGE][PASSED] - Delayed 2 second(s)

2018-12-07 16:41:41 - [TEST_STEP][PASSED] - click: Object: 'Object Repository/Final Object Repo/Page_Update Employee Information By Employer/Page_Update Employee Information by Employer (Query)/Query' is clicked on

2018-12-07 16:41:43 - [MESSAGE][PASSED] - Object: 'Object Repository/Final Object Repo/Page_Update Employee Information By Employer/Page_Update Employee Information by Employer (Query)/Query' is clicked on

2018-12-07 16:41:43 - [TEST_STEP][PASSED] - delay: Delayed 2 second(s)

2018-12-07 16:41:45 - [MESSAGE][PASSED] - Delayed 2 second(s)

2018-12-07 16:41:45 - [TEST_STEP][PASSED] - click: Object: 'Object Repository/Final Object Repo/Page_Update Employee Information By Employer/Page_Update Employee Information by Employer (Approve)/Confirm' is clicked on

2018-12-07 16:41:45 - [MESSAGE][PASSED] - Object: 'Object Repository/Final Object Repo/Page_Update Employee Information By Employer/Page_Update Employee Information by Employer (Approve)/Confirm' is clicked on

2018-12-07 16:41:45 - [TEST_STEP][PASSED] - delay: Delayed 2 second(s)

2018-12-07 16:41:47 - [MESSAGE][PASSED] - Delayed 2 second(s)

2018-12-07 16:41:47 - [TEST_STEP][PASSED] - click: Object: 'Object Repository/Final Object Repo/Page_Update Employee Information By Employer/Page_Update Employee Information by Employer (Query)/Query Message The case is Under Query' is clicked on

2018-12-07 16:41:51 - [MESSAGE][PASSED] - Object: 'Object Repository/Final Object Repo/Page_Update Employee Information By Employer/Page_Update Employee Information by Employer (Query)/Query Message The case is Under Query' is clicked on

2018-12-07 16:41:51 - [TEST_STEP][PASSED] - delay: Delayed 2 second(s)

2018-12-07 16:41:53 - [MESSAGE][PASSED] - Delayed 2 second(s)

2018-12-07 16:41:53 - [TEST_STEP][PASSED] - click: Object: 'Object Repository/Final Object Repo/Page_Update Employee Information By Employer/Page_Update Employee Information by Employer (Query)/Letter of inquiry' is clicked on

2018-12-07 16:41:54 - [MESSAGE][PASSED] - Object: 'Object Repository/Final Object Repo/Page_Update Employee Information By Employer/Page_Update Employee Information by Employer (Query)/Letter of inquiry' is clicked on

2018-12-07 16:41:54 - [TEST_STEP][PASSED] - delay: Delayed 1 second(s)

2018-12-07 16:41:55 - [MESSAGE][PASSED] - Delayed 1 second(s)

2018-12-07 16:41:55 - [TEST_STEP][PASSED] - navigateToUrl: Navigate to 'https://assist2-uat.perkeso.gov.my/c/portal/logout' successfully

2018-12-07 16:41:56 - [MESSAGE][PASSED] - Navigate to 'https://assist2-uat.perkeso.gov.my/c/portal/logout' successfully

2018-12-07 16:41:56 - [TEST_STEP][PASSED] - delay: Delayed 1 second(s)

2018-12-07 16:41:57 - [MESSAGE][PASSED] - Delayed 1 second(s)

2018-12-07 16:41:57 - [TEST_STEP][PASSED] - callTestCase: Call Test Case 'Test Cases/Final Aug 2018 - PKS Automation/Registration Module/Workflow/Search Pending Case For Add Supporting Document (OTC)' successfully

2018-12-07 16:41:57 - [TEST_CASE][PASSED] - Test Cases/Final Aug 2018 - PKS Automation/Registration Module/Workflow/Search Pending Case For Add Supporting Document (OTC): Test Cases/Final Aug 2018 - PKS Automation/Registration Module/Workflow/Search Pending Case For Add Supporting Document (OTC)

2018-12-07 16:41:57 - [TEST_STEP][PASSED] - openBrowser: Browser is opened with url: ''

2018-12-07 16:41:57 - [MESSAGE][WARNING] - A browser is already opened. Closing browser and opening a new one

2018-12-07 16:42:00 - [MESSAGE][PASSED] - Browser is opened with url: ''

2018-12-07 16:42:00 - [TEST_STEP][PASSED] - navigateToUrl: Navigate to 'https://assist2-uat.perkeso.gov.my/login' successfully

2018-12-07 16:42:01 - [MESSAGE][PASSED] - Navigate to 'https://assist2-uat.perkeso.gov.my/login' successfully

2018-12-07 16:42:01 - [TEST_STEP][PASSED] - setText: Text 'johorotc1@gmail.com' is set on object 'Object Repository/Final Object Repo/Login Page/Internal User/Email Address'

2018-12-07 16:42:01 - [MESSAGE][PASSED] - Text 'johorotc1@gmail.com' is set on object 'Object Repository/Final Object Repo/Login Page/Internal User/Email Address'

2018-12-07 16:42:01 - [TEST_STEP][PASSED] - click: Object: 'Object Repository/Final Object Repo/Login Page/Internal User/Next Button' is clicked on

2018-12-07 16:42:02 - [MESSAGE][PASSED] - Object: 'Object Repository/Final Object Repo/Login Page/Internal User/Next Button' is clicked on

2018-12-07 16:42:02 - [TEST_STEP][PASSED] - delay: Delayed 1 second(s)

2018-12-07 16:42:03 - [MESSAGE][PASSED] - Delayed 1 second(s)

2018-12-07 16:42:03 - [TEST_STEP][PASSED] - setEncryptedText: Text ****** has been set on object 'Object Repository/Final Object Repo/Login Page/Internal User/Password'

2018-12-07 16:42:03 - [MESSAGE][PASSED] - Text ****** has been set on object 'Object Repository/Final Object Repo/Login Page/Internal User/Password'

2018-12-07 16:42:03 - [TEST_STEP][PASSED] - click: Object: 'Object Repository/Final Object Repo/Login Page/Internal User/Login Button' is clicked on

2018-12-07 16:42:03 - [MESSAGE][PASSED] - Object: 'Object Repository/Final Object Repo/Login Page/Internal User/Login Button' is clicked on

2018-12-07 16:42:03 - [TEST_STEP][PASSED] - delay: Delayed 1 second(s)

2018-12-07 16:42:04 - [MESSAGE][PASSED] - Delayed 1 second(s)

2018-12-07 16:42:04 - [TEST_STEP][PASSED] - Statement - Try: Delayed 2 second(s)

2018-12-07 16:42:04 - [TEST_STEP][PASSED] - Statement - Checker = false: null

2018-12-07 16:42:04 - [TEST_STEP][PASSED] - Statement - Checker = com.kms.katalon.core.webui.keyword.WebUiBuiltInKeywords.verifyElementHasAttribute(com.kms.katalon.core.testobject.ObjectRepository.findTestObject(Final Object Repo/Landing Page/BM Detecting), "href", 20, OPTIONAL): Object 'Object Repository/Final Object Repo/Landing Page/BM Detecting' has attribute 'href'

2018-12-07 16:42:05 - [MESSAGE][PASSED] - Object 'Object Repository/Final Object Repo/Landing Page/BM Detecting' has attribute 'href'

2018-12-07 16:42:05 - [TEST_STEP][PASSED] - Statement - out.println(Checker): null

2018-12-07 16:42:05 - [TEST_STEP][PASSED] - Statement - If (Checker == false): null

2018-12-07 16:42:05 - [TEST_STEP][PASSED] - Statement - Else: null

2018-12-07 16:42:05 - [TEST_STEP][PASSED] - delay: Delayed 2 second(s)

2018-12-07 16:42:07 - [MESSAGE][PASSED] - Delayed 2 second(s)

2018-12-07 16:42:07 - [TEST_STEP][PASSED] - navigateToUrl: Navigate to 'https://assist2-uat.perkeso.gov.my/web/registration/search/search-pending-case-for-add-supporting-document' successfully

2018-12-07 16:42:08 - [MESSAGE][PASSED] - Navigate to 'https://assist2-uat.perkeso.gov.my/web/registration/search/search-pending-case-for-add-supporting-document' successfully

2018-12-07 16:42:08 - [TEST_STEP][PASSED] - click: Object: 'Object Repository/Final Object Repo/Page_Search Pending Case For Add Suporting Document/Search By' is clicked on

2018-12-07 16:42:08 - [MESSAGE][PASSED] - Object: 'Object Repository/Final Object Repo/Page_Search Pending Case For Add Suporting Document/Search By' is clicked on

2018-12-07 16:42:08 - [TEST_STEP][PASSED] - click: Object: 'Object Repository/Final Object Repo/Page_Search Pending Case For Add Suporting Document/Search By - Reference ID' is clicked on

2018-12-07 16:42:09 - [MESSAGE][PASSED] - Object: 'Object Repository/Final Object Repo/Page_Search Pending Case For Add Suporting Document/Search By - Reference ID' is clicked on

2018-12-07 16:42:09 - [TEST_STEP][PASSED] - delay: Delayed 2 second(s)

2018-12-07 16:42:11 - [MESSAGE][PASSED] - Delayed 2 second(s)

2018-12-07 16:42:11 - [TEST_STEP][PASSED] - setText: Text 'CUN122018C100005912' is set on object 'Object Repository/Final Object Repo/Page_Search Pending Case For Add Suporting Document/Reference ID'

2018-12-07 16:42:11 - [MESSAGE][PASSED] - Text 'CUN122018C100005912' is set on object 'Object Repository/Final Object Repo/Page_Search Pending Case For Add Suporting Document/Reference ID'

2018-12-07 16:42:11 - [TEST_STEP][PASSED] - click: Object: 'Object Repository/Final Object Repo/Page_Search Pending Case For Add Suporting Document/Search' is clicked on

2018-12-07 16:42:11 - [MESSAGE][PASSED] - Object: 'Object Repository/Final Object Repo/Page_Search Pending Case For Add Suporting Document/Search' is clicked on

2018-12-07 16:42:11 - [TEST_STEP][PASSED] - delay: Delayed 2 second(s)

2018-12-07 16:42:13 - [MESSAGE][PASSED] - Delayed 2 second(s)

2018-12-07 16:42:13 - [TEST_STEP][PASSED] - click: Object: 'Object Repository/Final Object Repo/Page_Search Pending Case For Add Suporting Document/Edit' is clicked on

2018-12-07 16:42:17 - [MESSAGE][PASSED] - Object: 'Object Repository/Final Object Repo/Page_Search Pending Case For Add Suporting Document/Edit' is clicked on

2018-12-07 16:42:17 - [MESSAGE][PASSED] - Call Test Case 'Test Cases/Final Aug 2018 - PKS Automation/Registration Module/Workflow/Search Pending Case For Add Supporting Document (OTC)' successfully

2018-12-07 16:42:17 - [TEST_STEP][PASSED] - click: Object: 'Object Repository/Final Object Repo/Page_Update Employee Information By Employer/Page_Update Employee Information by Employer (Query -OTC -UO)/Next' is clicked on

2018-12-07 16:42:20 - [MESSAGE][PASSED] - Object: 'Object Repository/Final Object Repo/Page_Update Employee Information By Employer/Page_Update Employee Information by Employer (Query -OTC -UO)/Next' is clicked on

2018-12-07 16:42:20 - [TEST_STEP][PASSED] - delay: Delayed 2 second(s)

2018-12-07 16:42:22 - [MESSAGE][PASSED] - Delayed 2 second(s)

2018-12-07 16:42:22 - [TEST_STEP][PASSED] - click: Object: 'Object Repository/Final Object Repo/Page_Update Employee Information By Employer/Page_Update Employee Information by Employer (Query -OTC -UO)/Add Document Button' is clicked on

2018-12-07 16:42:22 - [MESSAGE][PASSED] - Object: 'Object Repository/Final Object Repo/Page_Update Employee Information By Employer/Page_Update Employee Information by Employer (Query -OTC -UO)/Add Document Button' is clicked on

2018-12-07 16:42:22 - [TEST_STEP][PASSED] - delay: Delayed 5 second(s)

2018-12-07 16:42:27 - [MESSAGE][PASSED] - Delayed 5 second(s)

2018-12-07 16:42:27 - [TEST_STEP][PASSED] - click: Object: 'Object Repository/Final Object Repo/Page_Update Employee Information By Employer/Page_Update Employee Information by Employer (Query -OTC -UO)/Document Type' is clicked on

2018-12-07 16:42:27 - [MESSAGE][PASSED] - Object: 'Object Repository/Final Object Repo/Page_Update Employee Information By Employer/Page_Update Employee Information by Employer (Query -OTC -UO)/Document Type' is clicked on

2018-12-07 16:42:27 - [TEST_STEP][PASSED] - click: Object: 'Object Repository/Final Object Repo/Page_Update Employee Information By Employer/Page_Update Employee Information by Employer (Query -OTC -UO)/Document Type - Other' is clicked on

2018-12-07 16:42:27 - [MESSAGE][PASSED] - Object: 'Object Repository/Final Object Repo/Page_Update Employee Information By Employer/Page_Update Employee Information by Employer (Query -OTC -UO)/Document Type - Other' is clicked on

2018-12-07 16:42:27 - [TEST_STEP][PASSED] - sendKeys: Keys 'C:\Users\Public\Pictures\Sample Pictures\Koala.jpg' sent to object: 'Object Repository/Final Object Repo/Page_Update Employee Information By Employer/Page_Update Employee Information by Employer (Query -OTC -UO)/Upload File'

2018-12-07 16:42:27 - [MESSAGE][PASSED] - Keys 'C:\Users\Public\Pictures\Sample Pictures\Koala.jpg' sent to object: 'Object Repository/Final Object Repo/Page_Update Employee Information By Employer/Page_Update Employee Information by Employer (Query -OTC -UO)/Upload File'

2018-12-07 16:42:27 - [TEST_STEP][PASSED] - click: Object: 'Object Repository/Final Object Repo/Page_Update Employee Information By Employer/Page_Update Employee Information by Employer (Query -OTC -UO)/Add Document' is clicked on

2018-12-07 16:42:28 - [MESSAGE][PASSED] - Object: 'Object Repository/Final Object Repo/Page_Update Employee Information By Employer/Page_Update Employee Information by Employer (Query -OTC -UO)/Add Document' is clicked on

2018-12-07 16:42:28 - [TEST_STEP][PASSED] - delay: Delayed 2 second(s)

2018-12-07 16:42:30 - [MESSAGE][PASSED] - Delayed 2 second(s)

2018-12-07 16:42:30 - [TEST_STEP][PASSED] - click: Object: 'Object Repository/Final Object Repo/Page_Update Employee Information By Employer/Page_Update Employee Information by Employer (Query -OTC -UO)/Exit' is clicked on

2018-12-07 16:42:33 - [MESSAGE][PASSED] - Object: 'Object Repository/Final Object Repo/Page_Update Employee Information By Employer/Page_Update Employee Information by Employer (Query -OTC -UO)/Exit' is clicked on

2018-12-07 16:42:33 - [TEST_STEP][PASSED] - delay: Delayed 2 second(s)

2018-12-07 16:42:35 - [MESSAGE][PASSED] - Delayed 2 second(s)

2018-12-07 16:42:35 - [TEST_STEP][PASSED] - navigateToUrl: Navigate to 'https://assist2-uat.perkeso.gov.my/c/portal/logout' successfully

2018-12-07 16:42:35 - [MESSAGE][PASSED] - Navigate to 'https://assist2-uat.perkeso.gov.my/c/portal/logout' successfully

2018-12-07 16:42:35 - [TEST_STEP][PASSED] - delay: Delayed 2 second(s)

2018-12-07 16:42:37 - [MESSAGE][PASSED] - Delayed 2 second(s)

2018-12-07 16:42:37 - [TEST_STEP][PASSED] - callTestCase: Call Test Case 'Test Cases/Final Aug 2018 - PKS Automation/Registration Module/Workflow/Login and Search Case For Workflow' successfully

2018-12-07 16:42:37 - [TEST_CASE][PASSED] - Test Cases/Final Aug 2018 - PKS Automation/Registration Module/Workflow/Login and Search Case For Workflow: Test Cases/Final Aug 2018 - PKS Automation/Registration Module/Workflow/Login and Search Case For Workflow

2018-12-07 16:42:37 - [TEST_STEP][PASSED] - navigateToUrl: Navigate to 'https://assist2-uat.perkeso.gov.my/login' successfully

2018-12-07 16:42:38 - [MESSAGE][PASSED] - Navigate to 'https://assist2-uat.perkeso.gov.my/login' successfully

2018-12-07 16:42:38 - [TEST_STEP][PASSED] - setText: Text 'johoruo1@gmail.com' is set on object 'Object Repository/Final Object Repo/Login Page/Internal User/Email Address'

2018-12-07 16:42:38 - [MESSAGE][PASSED] - Text 'johoruo1@gmail.com' is set on object 'Object Repository/Final Object Repo/Login Page/Internal User/Email Address'

2018-12-07 16:42:38 - [TEST_STEP][PASSED] - click: Object: 'Object Repository/Final Object Repo/Login Page/Internal User/Next Button' is clicked on

2018-12-07 16:42:39 - [MESSAGE][PASSED] - Object: 'Object Repository/Final Object Repo/Login Page/Internal User/Next Button' is clicked on

2018-12-07 16:42:39 - [TEST_STEP][PASSED] - delay: Delayed 1 second(s)

2018-12-07 16:42:40 - [MESSAGE][PASSED] - Delayed 1 second(s)

2018-12-07 16:42:40 - [TEST_STEP][PASSED] - setEncryptedText: Text ****** has been set on object 'Object Repository/Final Object Repo/Login Page/Internal User/Password'

2018-12-07 16:42:40 - [MESSAGE][PASSED] - Text ****** has been set on object 'Object Repository/Final Object Repo/Login Page/Internal User/Password'

2018-12-07 16:42:40 - [TEST_STEP][PASSED] - click: Object: 'Object Repository/Final Object Repo/Login Page/Internal User/Login Button' is clicked on

2018-12-07 16:42:40 - [MESSAGE][PASSED] - Object: 'Object Repository/Final Object Repo/Login Page/Internal User/Login Button' is clicked on

2018-12-07 16:42:40 - [TEST_STEP][PASSED] - delay: Delayed 2 second(s)

2018-12-07 16:42:42 - [MESSAGE][PASSED] - Delayed 2 second(s)

2018-12-07 16:42:42 - [TEST_STEP][PASSED] - Statement - Try: Delayed 2 second(s)

2018-12-07 16:42:42 - [TEST_STEP][PASSED] - Statement - Checker = false: null

2018-12-07 16:42:42 - [TEST_STEP][PASSED] - Statement - Checker = com.kms.katalon.core.webui.keyword.WebUiBuiltInKeywords.verifyElementHasAttribute(com.kms.katalon.core.testobject.ObjectRepository.findTestObject(Final Object Repo/Landing Page/BM Detecting), "href", 20, OPTIONAL): Object 'Object Repository/Final Object Repo/Landing Page/BM Detecting' has attribute 'href'

2018-12-07 16:42:42 - [MESSAGE][PASSED] - Object 'Object Repository/Final Object Repo/Landing Page/BM Detecting' has attribute 'href'

2018-12-07 16:42:42 - [TEST_STEP][PASSED] - Statement - out.println(Checker): null

2018-12-07 16:42:42 - [TEST_STEP][PASSED] - Statement - If (Checker == false): null

2018-12-07 16:42:42 - [TEST_STEP][PASSED] - Statement - Else: null

2018-12-07 16:42:42 - [TEST_STEP][PASSED] - delay: Delayed 2 second(s)

2018-12-07 16:42:44 - [MESSAGE][PASSED] - Delayed 2 second(s)

2018-12-07 16:42:44 - [TEST_STEP][PASSED] - click: Object: 'Object Repository/Final Object Repo/Page_MyASSIST - ASSIST - Search Pending Case For Add Supporting Document/Search Information' is clicked on

2018-12-07 16:42:44 - [MESSAGE][PASSED] - Object: 'Object Repository/Final Object Repo/Page_MyASSIST - ASSIST - Search Pending Case For Add Supporting Document/Search Information' is clicked on

2018-12-07 16:42:44 - [TEST_STEP][PASSED] - delay: Delayed 3 second(s)

2018-12-07 16:42:47 - [MESSAGE][PASSED] - Delayed 3 second(s)

2018-12-07 16:42:47 - [TEST_STEP][PASSED] - sendKeys: Keys 'CUN122018C100005912' sent to object: 'Object Repository/Final Object Repo/Page_MyASSIST - ASSIST - Search Pending Case For Add Supporting Document/Reference No'

2018-12-07 16:42:48 - [MESSAGE][PASSED] - Keys 'CUN122018C100005912' sent to object: 'Object Repository/Final Object Repo/Page_MyASSIST - ASSIST - Search Pending Case For Add Supporting Document/Reference No'

2018-12-07 16:42:48 - [TEST_STEP][PASSED] - click: Object: 'Object Repository/Final Object Repo/Page_MyASSIST - ASSIST - Search Pending Case For Add Supporting Document/Search Reference No' is clicked on

2018-12-07 16:42:48 - [MESSAGE][PASSED] - Object: 'Object Repository/Final Object Repo/Page_MyASSIST - ASSIST - Search Pending Case For Add Supporting Document/Search Reference No' is clicked on

2018-12-07 16:42:48 - [TEST_STEP][PASSED] - delay: Delayed 2 second(s)

2018-12-07 16:42:50 - [MESSAGE][PASSED] - Delayed 2 second(s)

2018-12-07 16:42:50 - [TEST_STEP][PASSED] - click: Object: 'Object Repository/Final Object Repo/Page_MyASSIST - ASSIST - Search Pending Case For Add Supporting Document/Continue' is clicked on

2018-12-07 16:42:54 - [MESSAGE][PASSED] - Object: 'Object Repository/Final Object Repo/Page_MyASSIST - ASSIST - Search Pending Case For Add Supporting Document/Continue' is clicked on

2018-12-07 16:42:54 - [TEST_STEP][PASSED] - delay: Delayed 20 second(s)

2018-12-07 16:43:14 - [MESSAGE][PASSED] - Delayed 20 second(s)

2018-12-07 16:43:14 - [MESSAGE][PASSED] - Call Test Case 'Test Cases/Final Aug 2018 - PKS Automation/Registration Module/Workflow/Login and Search Case For Workflow' successfully

2018-12-07 16:43:14 - [TEST_STEP][PASSED] - click: Object: 'Object Repository/Final Object Repo/Page_Update Employee Information By Employer/Page_Update Employee Information by Employer (Approve)/Continue' is clicked on

2018-12-07 16:43:17 - [MESSAGE][PASSED] - Object: 'Object Repository/Final Object Repo/Page_Update Employee Information By Employer/Page_Update Employee Information by Employer (Approve)/Continue' is clicked on

2018-12-07 16:43:17 - [TEST_STEP][PASSED] - delay: Delayed 2 second(s)

2018-12-07 16:43:19 - [MESSAGE][PASSED] - Delayed 2 second(s)

2018-12-07 16:43:19 - [TEST_STEP][PASSED] - click: Object: 'Object Repository/Final Object Repo/Page_Update Employee Information By Employer/Page_Update Employee Information by Employer (Approve)/Save  Continue in Update Employee Information Page' is clicked on

2018-12-07 16:43:19 - [MESSAGE][PASSED] - Object: 'Object Repository/Final Object Repo/Page_Update Employee Information By Employer/Page_Update Employee Information by Employer (Approve)/Save  Continue in Update Employee Information Page' is clicked on

2018-12-07 16:43:19 - [TEST_STEP][PASSED] - delay: Delayed 4 second(s)

2018-12-07 16:43:23 - [MESSAGE][PASSED] - Delayed 4 second(s)

2018-12-07 16:43:23 - [TEST_STEP][PASSED] - click: Object: 'Object Repository/Final Object Repo/Page_Update Employee Information By Employer/Page_Update Employee Information by Employer (Approve)/Save  Continue in Upload Supporting Doucument Page' is clicked on

2018-12-07 16:43:23 - [MESSAGE][PASSED] - Object: 'Object Repository/Final Object Repo/Page_Update Employee Information By Employer/Page_Update Employee Information by Employer (Approve)/Save  Continue in Upload Supporting Doucument Page' is clicked on

2018-12-07 16:43:23 - [TEST_STEP][PASSED] - delay: Delayed 2 second(s)

2018-12-07 16:43:25 - [MESSAGE][PASSED] - Delayed 2 second(s)

2018-12-07 16:43:25 - [TEST_STEP][PASSED] - click: Object: 'Object Repository/Final Object Repo/Page_Update Employee Information By Employer/Page_Update Employee Information by Employer (Approve)/Approve' is clicked on

2018-12-07 16:43:27 - [MESSAGE][PASSED] - Object: 'Object Repository/Final Object Repo/Page_Update Employee Information By Employer/Page_Update Employee Information by Employer (Approve)/Approve' is clicked on

2018-12-07 16:43:27 - [TEST_STEP][PASSED] - delay: Delayed 2 second(s)

2018-12-07 16:43:29 - [MESSAGE][PASSED] - Delayed 2 second(s)

2018-12-07 16:43:29 - [TEST_STEP][PASSED] - click: Object: 'Object Repository/Final Object Repo/Page_Update Employee Information By Employer/Page_Update Employee Information by Employer (Approve)/Confirm' is clicked on

2018-12-07 16:43:29 - [MESSAGE][PASSED] - Object: 'Object Repository/Final Object Repo/Page_Update Employee Information By Employer/Page_Update Employee Information by Employer (Approve)/Confirm' is clicked on

2018-12-07 16:43:29 - [TEST_STEP][PASSED] - delay: Delayed 2 second(s)

2018-12-07 16:43:31 - [MESSAGE][PASSED] - Delayed 2 second(s)

2018-12-07 16:43:31 - [TEST_STEP][PASSED] - verifyElementVisible: Object 'Object Repository/Final Object Repo/Page_Update Employee Information By Employer/Page_Update Employee Information by Employer (Approve)/Successfull Message Submitted Successfully' is visible

2018-12-07 16:43:36 - [MESSAGE][PASSED] - Object 'Object Repository/Final Object Repo/Page_Update Employee Information By Employer/Page_Update Employee Information by Employer (Approve)/Successfull Message Submitted Successfully' is visible

2018-12-07 16:43:36 - [TEST_STEP][PASSED] - delay: Delayed 2 second(s)

2018-12-07 16:43:38 - [MESSAGE][PASSED] - Delayed 2 second(s)

2018-12-07 16:43:38 - [TEST_STEP][PASSED] - verifyElementVisible: Object 'Object Repository/Final Object Repo/Page_Update Employee Information By Employer/Page_Update Employee Information by Employer (Approve)/Letter of Successful update' is visible

2018-12-07 16:43:38 - [MESSAGE][PASSED] - Object 'Object Repository/Final Object Repo/Page_Update Employee Information By Employer/Page_Update Employee Information by Employer (Approve)/Letter of Successful update' is visible

2018-12-07 16:43:38 - [MESSAGE][PASSED] - Call Test Case 'Test Cases/Final Aug 2018 - PKS Automation/Registration Module/Workflow/Update Employee Information (Employer)/Template/Update Employee Information - Special Case - UO(Query)' successfully]]></system-out>
         <system-err><![CDATA[]]></system-err>
      </testcase>
      <testcase name="Test Cases/Final Aug 2018 - PKS Automation/Registration Module/Workflow/Update Employee Information (Employer)/PKRBO - UO (Reject)" classname="Test Cases/Final Aug 2018 - PKS Automation/Registration Module/Workflow/Update Employee Information (Employer)/PKRBO - UO (Reject)" status="PASSED">
         <system-out><![CDATA[2018-12-07 16:43:38 - [TEST_CASE][PASSED] - Test Cases/Final Aug 2018 - PKS Automation/Registration Module/Workflow/Update Employee Information (Employer)/PKRBO - UO (Reject): Test Cases/Final Aug 2018 - PKS Automation/Registration Module/Workflow/Update Employee Information (Employer)/PKRBO - UO (Reject)

2018-12-07 16:43:38 - [TEST_STEP][PASSED] - callTestCase: Call Test Case 'Test Cases/Final Aug 2018 - PKS Automation/Registration Module/Workflow/Update Employee Information (Employer)/Template/Update Employer Information - Special Case (PKRBO)' successfully

2018-12-07 16:43:38 - [TEST_CASE][PASSED] - Test Cases/Final Aug 2018 - PKS Automation/Registration Module/Workflow/Update Employee Information (Employer)/Template/Update Employer Information - Special Case (PKRBO): Test Cases/Final Aug 2018 - PKS Automation/Registration Module/Workflow/Update Employee Information (Employer)/Template/Update Employer Information - Special Case (PKRBO)

2018-12-07 16:43:38 - [TEST_STEP][PASSED] - openBrowser: Browser is opened with url: ''

2018-12-07 16:43:38 - [MESSAGE][WARNING] - A browser is already opened. Closing browser and opening a new one

2018-12-07 16:43:41 - [MESSAGE][PASSED] - Browser is opened with url: ''

2018-12-07 16:43:41 - [TEST_STEP][PASSED] - navigateToUrl: Navigate to 'https://assist2-uat.perkeso.gov.my/login' successfully

2018-12-07 16:43:42 - [MESSAGE][PASSED] - Navigate to 'https://assist2-uat.perkeso.gov.my/login' successfully

2018-12-07 16:43:42 - [TEST_STEP][PASSED] - setText: Text 'johorpkrbo1@gmail.com' is set on object 'Object Repository/Final Object Repo/Login Page/Internal User/Email Address'

2018-12-07 16:43:43 - [MESSAGE][PASSED] - Text 'johorpkrbo1@gmail.com' is set on object 'Object Repository/Final Object Repo/Login Page/Internal User/Email Address'

2018-12-07 16:43:43 - [TEST_STEP][PASSED] - click: Object: 'Object Repository/Final Object Repo/Login Page/Internal User/Next Button' is clicked on

2018-12-07 16:43:43 - [MESSAGE][PASSED] - Object: 'Object Repository/Final Object Repo/Login Page/Internal User/Next Button' is clicked on

2018-12-07 16:43:43 - [TEST_STEP][PASSED] - delay: Delayed 1 second(s)

2018-12-07 16:43:44 - [MESSAGE][PASSED] - Delayed 1 second(s)

2018-12-07 16:43:44 - [TEST_STEP][PASSED] - setEncryptedText: Text ****** has been set on object 'Object Repository/Final Object Repo/Login Page/Internal User/Password'

2018-12-07 16:43:44 - [MESSAGE][PASSED] - Text ****** has been set on object 'Object Repository/Final Object Repo/Login Page/Internal User/Password'

2018-12-07 16:43:44 - [TEST_STEP][PASSED] - click: Object: 'Object Repository/Final Object Repo/Login Page/Internal User/Login Button' is clicked on

2018-12-07 16:43:44 - [MESSAGE][PASSED] - Object: 'Object Repository/Final Object Repo/Login Page/Internal User/Login Button' is clicked on

2018-12-07 16:43:44 - [TEST_STEP][PASSED] - Statement - tester = com.kms.katalon.core.testobject.ObjectRepository.findTestObject(Final Object Repo/Landing Page/Select to English): Finding Test Object with id 'Object Repository/Final Object Repo/Landing Page/Select to English'

2018-12-07 16:43:44 - [TEST_STEP][PASSED] - Statement - Try: Delayed 2 second(s)

2018-12-07 16:43:44 - [TEST_STEP][PASSED] - Statement - Checker = com.kms.katalon.core.webui.keyword.WebUiBuiltInKeywords.verifyElementNotPresent(tester, 3): Web element with id: 'Object Repository/Final Object Repo/Landing Page/Select to English' located by 'By.xpath: //a[@class = 'taglib-language-list-text' and @lang = 'en-US' and (contains(text(), 'EN') or contains(., 'EN'))]' is not present after '3' second(s)

2018-12-07 16:43:46 - [MESSAGE][PASSED] - Web element with id: 'Object Repository/Final Object Repo/Landing Page/Select to English' located by 'By.xpath: //a[@class = 'taglib-language-list-text' and @lang = 'en-US' and (contains(text(), 'EN') or contains(., 'EN'))]' is not present after '3' second(s)

2018-12-07 16:43:46 - [TEST_STEP][PASSED] - Statement - If (Checker == false): null

2018-12-07 16:43:46 - [TEST_STEP][PASSED] - delay: Delayed 2 second(s)

2018-12-07 16:43:48 - [MESSAGE][PASSED] - Delayed 2 second(s)

2018-12-07 16:43:48 - [TEST_STEP][PASSED] - delay: Delayed 5 second(s)

2018-12-07 16:43:53 - [MESSAGE][PASSED] - Delayed 5 second(s)

2018-12-07 16:43:53 - [TEST_STEP][PASSED] - navigateToUrl: Navigate to 'https://assist2-uat.perkeso.gov.my/web/registration/update/update-employee-information-employer-' successfully

2018-12-07 16:43:54 - [MESSAGE][PASSED] - Navigate to 'https://assist2-uat.perkeso.gov.my/web/registration/update/update-employee-information-employer-' successfully

2018-12-07 16:43:54 - [TEST_STEP][PASSED] - setText: Text 'E1102001065V' is set on object 'Object Repository/Final Object Repo/Page_Update Employee Information By Employer/Employer Code'

2018-12-07 16:43:54 - [MESSAGE][PASSED] - Text 'E1102001065V' is set on object 'Object Repository/Final Object Repo/Page_Update Employee Information By Employer/Employer Code'

2018-12-07 16:43:54 - [TEST_STEP][PASSED] - click: Object: 'Object Repository/Final Object Repo/Page_Update Employee Information By Employer/Search Employer Code' is clicked on

2018-12-07 16:43:55 - [MESSAGE][PASSED] - Object: 'Object Repository/Final Object Repo/Page_Update Employee Information By Employer/Search Employer Code' is clicked on

2018-12-07 16:43:55 - [TEST_STEP][PASSED] - click: Object: 'Object Repository/Final Object Repo/Page_Update Employee Information By Employer/Edit Button' is clicked on

2018-12-07 16:43:58 - [MESSAGE][PASSED] - Object: 'Object Repository/Final Object Repo/Page_Update Employee Information By Employer/Edit Button' is clicked on

2018-12-07 16:43:58 - [TEST_STEP][PASSED] - click: Object: 'Object Repository/Final Object Repo/Page_Update Employee Information By Employer/Employee Name or New Identification' is clicked on

2018-12-07 16:43:59 - [MESSAGE][PASSED] - Object: 'Object Repository/Final Object Repo/Page_Update Employee Information By Employer/Employee Name or New Identification' is clicked on

2018-12-07 16:43:59 - [TEST_STEP][PASSED] - delay: Delayed 1 second(s)

2018-12-07 16:44:00 - [MESSAGE][PASSED] - Delayed 1 second(s)

2018-12-07 16:44:00 - [TEST_STEP][PASSED] - click: Object: 'Object Repository/Final Object Repo/Page_Update Employee Information By Employer/Selection - Employee Name' is clicked on

2018-12-07 16:44:00 - [MESSAGE][PASSED] - Object: 'Object Repository/Final Object Repo/Page_Update Employee Information By Employer/Selection - Employee Name' is clicked on

2018-12-07 16:44:00 - [TEST_STEP][PASSED] - delay: Delayed 1 second(s)

2018-12-07 16:44:01 - [MESSAGE][PASSED] - Delayed 1 second(s)

2018-12-07 16:44:01 - [TEST_STEP][PASSED] - setText: Text 'PERKESO' is set on object 'Object Repository/Final Object Repo/Page_Update Employee Information By Employer/Employee Name'

2018-12-07 16:44:01 - [MESSAGE][PASSED] - Text 'PERKESO' is set on object 'Object Repository/Final Object Repo/Page_Update Employee Information By Employer/Employee Name'

2018-12-07 16:44:01 - [TEST_STEP][PASSED] - delay: Delayed 2 second(s)

2018-12-07 16:44:03 - [MESSAGE][PASSED] - Delayed 2 second(s)

2018-12-07 16:44:03 - [TEST_STEP][PASSED] - click: Object: 'Object Repository/Final Object Repo/Page_Update Employee Information By Employer/Search Employee' is clicked on

2018-12-07 16:44:03 - [MESSAGE][PASSED] - Object: 'Object Repository/Final Object Repo/Page_Update Employee Information By Employer/Search Employee' is clicked on

2018-12-07 16:44:03 - [TEST_STEP][PASSED] - delay: Delayed 3 second(s)

2018-12-07 16:44:06 - [MESSAGE][PASSED] - Delayed 3 second(s)

2018-12-07 16:44:06 - [TEST_STEP][PASSED] - click: Object: 'Object Repository/Final Object Repo/Page_Update Employee Information By Employer/Employee Edit Button' is clicked on

2018-12-07 16:44:07 - [MESSAGE][PASSED] - Object: 'Object Repository/Final Object Repo/Page_Update Employee Information By Employer/Employee Edit Button' is clicked on

2018-12-07 16:44:07 - [TEST_STEP][PASSED] - delay: Delayed 3 second(s)

2018-12-07 16:44:10 - [MESSAGE][PASSED] - Delayed 3 second(s)

2018-12-07 16:44:10 - [TEST_STEP][PASSED] - setText: Text '' is set on object 'Object Repository/Final Object Repo/Page_Update Employee Information By Employer/Identification Number'

2018-12-07 16:44:10 - [MESSAGE][PASSED] - Text '' is set on object 'Object Repository/Final Object Repo/Page_Update Employee Information By Employer/Identification Number'

2018-12-07 16:44:10 - [TEST_STEP][PASSED] - Statement - rnd = new java.util.Random(): null

2018-12-07 16:44:10 - [TEST_STEP][PASSED] - Statement - snum = rnd.nextInt(899999 + 1) + 100000: null

2018-12-07 16:44:10 - [TEST_STEP][PASSED] - Statement - tnum = rnd.nextInt(899999 + 1) + 100000: null

2018-12-07 16:44:10 - [TEST_STEP][PASSED] - Statement - IC = java.lang.Integer.toString(snum) + java.lang.Integer.toString(tnum): null

2018-12-07 16:44:10 - [TEST_STEP][PASSED] - Statement - out.println(IC): null

2018-12-07 16:44:10 - [TEST_STEP][PASSED] - setText: Text '870835322334' is set on object 'Object Repository/Final Object Repo/Page_Update Employee Information By Employer/Identification Number'

2018-12-07 16:44:10 - [MESSAGE][PASSED] - Text '870835322334' is set on object 'Object Repository/Final Object Repo/Page_Update Employee Information By Employer/Identification Number'

2018-12-07 16:44:10 - [TEST_STEP][PASSED] - click: Object: 'Object Repository/Final Object Repo/Page_Update Employee Information By Employer/Save' is clicked on

2018-12-07 16:44:10 - [MESSAGE][PASSED] - Object: 'Object Repository/Final Object Repo/Page_Update Employee Information By Employer/Save' is clicked on

2018-12-07 16:44:10 - [TEST_STEP][PASSED] - delay: Delayed 5 second(s)

2018-12-07 16:44:15 - [MESSAGE][PASSED] - Delayed 5 second(s)

2018-12-07 16:44:15 - [TEST_STEP][PASSED] - Statement - CaseReferenceNo = com.kms.katalon.core.webui.keyword.WebUiBuiltInKeywords.getText(com.kms.katalon.core.testobject.ObjectRepository.findTestObject(Final Object Repo/Reference Number/Reference Number in Update Employee Information Page)): Text of object 'Object Repository/Final Object Repo/Reference Number/Reference Number in Update Employee Information Page' is: 'CUN122018C100005913'

2018-12-07 16:44:15 - [MESSAGE][PASSED] - Text of object 'Object Repository/Final Object Repo/Reference Number/Reference Number in Update Employee Information Page' is: 'CUN122018C100005913'

2018-12-07 16:44:15 - [TEST_STEP][PASSED] - callTestCase: Call Test Case 'Test Cases/Final Aug 2018 - PKS Automation/Common/Reference Number Setter' successfully

2018-12-07 16:44:15 - [TEST_CASE][PASSED] - Test Cases/Final Aug 2018 - PKS Automation/Common/Reference Number Setter: Test Cases/Final Aug 2018 - PKS Automation/Common/Reference Number Setter

2018-12-07 16:44:15 - [TEST_STEP][PASSED] - Statement - RefNoOldFile = new java.io.File(C://Users//Admin//Desktop//PKS//Automation Reference Point//KatalonReference.txt): null

2018-12-07 16:44:15 - [TEST_STEP][PASSED] - Statement - RefNoOldFile.delete(): null

2018-12-07 16:44:15 - [TEST_STEP][PASSED] - delay: Delayed 5 second(s)

2018-12-07 16:44:20 - [MESSAGE][PASSED] - Delayed 5 second(s)

2018-12-07 16:44:20 - [TEST_STEP][PASSED] - Statement - RefNo = new java.io.File(C://Users//Admin//Desktop//PKS//Automation Reference Point//KatalonReference.txt): null

2018-12-07 16:44:20 - [TEST_STEP][PASSED] - Statement - f2 = new java.io.FileWriter(RefNo, false): null

2018-12-07 16:44:20 - [TEST_STEP][PASSED] - Statement - f2.write(CaseReferenceNo): null

2018-12-07 16:44:20 - [TEST_STEP][PASSED] - Statement - f2.close(): null

2018-12-07 16:44:20 - [TEST_STEP][PASSED] - Statement - out.println("


" + CaseReferenceNo + "


"): null

2018-12-07 16:44:20 - [MESSAGE][PASSED] - Call Test Case 'Test Cases/Final Aug 2018 - PKS Automation/Common/Reference Number Setter' successfully

2018-12-07 16:44:20 - [TEST_STEP][PASSED] - delay: Delayed 5 second(s)

2018-12-07 16:44:25 - [MESSAGE][PASSED] - Delayed 5 second(s)

2018-12-07 16:44:25 - [TEST_STEP][PASSED] - click: Object: 'Object Repository/Final Object Repo/Page_Update Employee Information By Employer/Save  Continue in  Employee Information Page' is clicked on

2018-12-07 16:44:26 - [MESSAGE][PASSED] - Object: 'Object Repository/Final Object Repo/Page_Update Employee Information By Employer/Save  Continue in  Employee Information Page' is clicked on

2018-12-07 16:44:26 - [TEST_STEP][PASSED] - delay: Delayed 5 second(s)

2018-12-07 16:44:31 - [MESSAGE][PASSED] - Delayed 5 second(s)

2018-12-07 16:44:31 - [TEST_STEP][PASSED] - click: Object: 'Object Repository/Final Object Repo/Page_Update Employee Information By Employer/Save  Continue in Uploading Page 1' is clicked on

2018-12-07 16:44:31 - [MESSAGE][PASSED] - Object: 'Object Repository/Final Object Repo/Page_Update Employee Information By Employer/Save  Continue in Uploading Page 1' is clicked on

2018-12-07 16:44:31 - [TEST_STEP][PASSED] - delay: Delayed 5 second(s)

2018-12-07 16:44:36 - [MESSAGE][PASSED] - Delayed 5 second(s)

2018-12-07 16:44:36 - [TEST_STEP][PASSED] - click: Object: 'Object Repository/Final Object Repo/Page_Update Employee Information By Employer/Submit' is clicked on

2018-12-07 16:44:36 - [MESSAGE][PASSED] - Object: 'Object Repository/Final Object Repo/Page_Update Employee Information By Employer/Submit' is clicked on

2018-12-07 16:44:36 - [TEST_STEP][PASSED] - delay: Delayed 5 second(s)

2018-12-07 16:44:41 - [MESSAGE][PASSED] - Delayed 5 second(s)

2018-12-07 16:44:41 - [TEST_STEP][PASSED] - click: Object: 'Object Repository/Final Object Repo/Page_Update Employee Information By Employer/Confirm' is clicked on

2018-12-07 16:44:41 - [MESSAGE][PASSED] - Object: 'Object Repository/Final Object Repo/Page_Update Employee Information By Employer/Confirm' is clicked on

2018-12-07 16:44:41 - [TEST_STEP][PASSED] - delay: Delayed 5 second(s)

2018-12-07 16:44:46 - [MESSAGE][PASSED] - Delayed 5 second(s)

2018-12-07 16:44:46 - [TEST_STEP][PASSED] - verifyElementVisible: Object 'Object Repository/Final Object Repo/Page_Update Employee Information By Employer/Successfull Message Routed to UO' is visible

2018-12-07 16:44:46 - [MESSAGE][PASSED] - Object 'Object Repository/Final Object Repo/Page_Update Employee Information By Employer/Successfull Message Routed to UO' is visible

2018-12-07 16:44:46 - [MESSAGE][PASSED] - Call Test Case 'Test Cases/Final Aug 2018 - PKS Automation/Registration Module/Workflow/Update Employee Information (Employer)/Template/Update Employer Information - Special Case (PKRBO)' successfully

2018-12-07 16:44:46 - [TEST_STEP][PASSED] - callTestCase: Call Test Case 'Test Cases/Final Aug 2018 - PKS Automation/Registration Module/Workflow/Update Employee Information (Employer)/Template/Update Employee Information - Special Case - UO (Reject)' successfully

2018-12-07 16:44:46 - [TEST_CASE][PASSED] - Test Cases/Final Aug 2018 - PKS Automation/Registration Module/Workflow/Update Employee Information (Employer)/Template/Update Employee Information - Special Case - UO (Reject): Test Cases/Final Aug 2018 - PKS Automation/Registration Module/Workflow/Update Employee Information (Employer)/Template/Update Employee Information - Special Case - UO (Reject)

2018-12-07 16:44:46 - [TEST_STEP][NOT_RUN] - callTestCase: NOT_RUN: callTestCase

2018-12-07 16:44:46 - [MESSAGE][NOT_RUN] - NOT_RUN: callTestCase

2018-12-07 16:44:46 - [TEST_STEP][PASSED] - delay: Delayed 2 second(s)

2018-12-07 16:44:48 - [MESSAGE][PASSED] - Delayed 2 second(s)

2018-12-07 16:44:48 - [TEST_STEP][PASSED] - navigateToUrl: Navigate to 'https://assist2-uat.perkeso.gov.my/c/portal/logout' successfully

2018-12-07 16:44:49 - [MESSAGE][PASSED] - Navigate to 'https://assist2-uat.perkeso.gov.my/c/portal/logout' successfully

2018-12-07 16:44:49 - [TEST_STEP][PASSED] - delay: Delayed 2 second(s)

2018-12-07 16:44:51 - [MESSAGE][PASSED] - Delayed 2 second(s)

2018-12-07 16:44:51 - [TEST_STEP][PASSED] - callTestCase: Call Test Case 'Test Cases/Final Aug 2018 - PKS Automation/Common/Reference Number Getter' successfully

2018-12-07 16:44:51 - [TEST_CASE][PASSED] - Test Cases/Final Aug 2018 - PKS Automation/Common/Reference Number Getter: Test Cases/Final Aug 2018 - PKS Automation/Common/Reference Number Getter

2018-12-07 16:44:51 - [TEST_STEP][PASSED] - Statement - Try: null

2018-12-07 16:44:51 - [TEST_STEP][PASSED] - Statement - RefNo = new java.io.File(C://Users//Admin//Desktop//PKS//Automation Reference Point//KatalonReference.txt): null

2018-12-07 16:44:51 - [TEST_STEP][PASSED] - Statement - bufferread = new java.io.BufferedReader(new java.io.FileReader(RefNo)): null

2018-12-07 16:44:51 - [TEST_STEP][PASSED] - Statement - readedVal = bufferread.readLine(): null

2018-12-07 16:44:51 - [TEST_STEP][PASSED] - Statement - out.println(CaseReferenceNo): null

2018-12-07 16:44:51 - [TEST_STEP][PASSED] - Statement - out.println(readedVal): null

2018-12-07 16:44:51 - [TEST_STEP][PASSED] - Statement - CaseReferenceNo = "": null

2018-12-07 16:44:51 - [TEST_STEP][PASSED] - Statement - CaseReferenceNo = readedVal: null

2018-12-07 16:44:51 - [MESSAGE][PASSED] - Call Test Case 'Test Cases/Final Aug 2018 - PKS Automation/Common/Reference Number Getter' successfully

2018-12-07 16:44:51 - [TEST_STEP][PASSED] - callTestCase: Call Test Case 'Test Cases/Final Aug 2018 - PKS Automation/Common/Workflow Owner Finder' successfully

2018-12-07 16:44:51 - [TEST_CASE][PASSED] - Test Cases/Final Aug 2018 - PKS Automation/Common/Workflow Owner Finder: Test Cases/Final Aug 2018 - PKS Automation/Common/Workflow Owner Finder

2018-12-07 16:44:51 - [TEST_STEP][PASSED] - openBrowser: Browser is opened with url: ''

2018-12-07 16:44:51 - [MESSAGE][WARNING] - A browser is already opened. Closing browser and opening a new one

2018-12-07 16:44:54 - [MESSAGE][PASSED] - Browser is opened with url: ''

2018-12-07 16:44:54 - [TEST_STEP][PASSED] - navigateToUrl: Navigate to 'https://assist2-uat.perkeso.gov.my/login' successfully

2018-12-07 16:44:55 - [MESSAGE][PASSED] - Navigate to 'https://assist2-uat.perkeso.gov.my/login' successfully

2018-12-07 16:44:55 - [TEST_STEP][PASSED] - delay: Delayed 5 second(s)

2018-12-07 16:45:01 - [MESSAGE][PASSED] - Delayed 5 second(s)

2018-12-07 16:45:01 - [TEST_STEP][PASSED] - setText: Text 'test@liferay.com' is set on object 'Object Repository/Final Object Repo/Login Page/Internal User/Email Address'

2018-12-07 16:45:01 - [MESSAGE][PASSED] - Text 'test@liferay.com' is set on object 'Object Repository/Final Object Repo/Login Page/Internal User/Email Address'

2018-12-07 16:45:01 - [TEST_STEP][PASSED] - click: Object: 'Object Repository/Final Object Repo/Login Page/Internal User/Next Button' is clicked on

2018-12-07 16:45:01 - [MESSAGE][PASSED] - Object: 'Object Repository/Final Object Repo/Login Page/Internal User/Next Button' is clicked on

2018-12-07 16:45:01 - [TEST_STEP][PASSED] - delay: Delayed 2 second(s)

2018-12-07 16:45:03 - [MESSAGE][PASSED] - Delayed 2 second(s)

2018-12-07 16:45:03 - [TEST_STEP][PASSED] - setText: Text 'test' is set on object 'Object Repository/Final Object Repo/Login Page/Internal User/Password'

2018-12-07 16:45:03 - [MESSAGE][PASSED] - Text 'test' is set on object 'Object Repository/Final Object Repo/Login Page/Internal User/Password'

2018-12-07 16:45:03 - [TEST_STEP][PASSED] - delay: Delayed 2 second(s)

2018-12-07 16:45:05 - [MESSAGE][PASSED] - Delayed 2 second(s)

2018-12-07 16:45:05 - [TEST_STEP][PASSED] - click: Object: 'Object Repository/Final Object Repo/Login Page/Internal User/Login Button' is clicked on

2018-12-07 16:45:06 - [MESSAGE][PASSED] - Object: 'Object Repository/Final Object Repo/Login Page/Internal User/Login Button' is clicked on

2018-12-07 16:45:06 - [TEST_STEP][PASSED] - Statement - tester = com.kms.katalon.core.testobject.ObjectRepository.findTestObject(Final Object Repo/Landing Page/Select to English): Finding Test Object with id 'Object Repository/Final Object Repo/Landing Page/Select to English'

2018-12-07 16:45:06 - [TEST_STEP][PASSED] - Statement - Try: Delayed 2 second(s)

2018-12-07 16:45:06 - [TEST_STEP][PASSED] - Statement - Checker = com.kms.katalon.core.webui.keyword.WebUiBuiltInKeywords.verifyElementNotPresent(tester, 3): Web element with id: 'Object Repository/Final Object Repo/Landing Page/Select to English' located by 'By.xpath: //a[@class = 'taglib-language-list-text' and @lang = 'en-US' and (contains(text(), 'EN') or contains(., 'EN'))]' is not present after '3' second(s)

2018-12-07 16:45:08 - [MESSAGE][PASSED] - Web element with id: 'Object Repository/Final Object Repo/Landing Page/Select to English' located by 'By.xpath: //a[@class = 'taglib-language-list-text' and @lang = 'en-US' and (contains(text(), 'EN') or contains(., 'EN'))]' is not present after '3' second(s)

2018-12-07 16:45:08 - [TEST_STEP][PASSED] - Statement - If (Checker == false): null

2018-12-07 16:45:08 - [TEST_STEP][PASSED] - delay: Delayed 2 second(s)

2018-12-07 16:45:10 - [MESSAGE][PASSED] - Delayed 2 second(s)

2018-12-07 16:45:10 - [TEST_STEP][PASSED] - delay: Delayed 5 second(s)

2018-12-07 16:45:15 - [MESSAGE][PASSED] - Delayed 5 second(s)

2018-12-07 16:45:15 - [TEST_STEP][PASSED] - mouseOver: Object: 'Object Repository/Final Object Repo/Landing Page/WorkFlow Menu' is hovered

2018-12-07 16:45:15 - [MESSAGE][PASSED] - Object: 'Object Repository/Final Object Repo/Landing Page/WorkFlow Menu' is hovered

2018-12-07 16:45:15 - [TEST_STEP][PASSED] - delay: Delayed 2 second(s)

2018-12-07 16:45:17 - [MESSAGE][PASSED] - Delayed 2 second(s)

2018-12-07 16:45:17 - [TEST_STEP][PASSED] - click: Object: 'Object Repository/Final Object Repo/Landing Page/Select to Workflow Listing' is clicked on

2018-12-07 16:45:18 - [MESSAGE][PASSED] - Object: 'Object Repository/Final Object Repo/Landing Page/Select to Workflow Listing' is clicked on

2018-12-07 16:45:18 - [TEST_STEP][PASSED] - delay: Delayed 2 second(s)

2018-12-07 16:45:20 - [MESSAGE][PASSED] - Delayed 2 second(s)

2018-12-07 16:45:20 - [TEST_STEP][PASSED] - click: Object: 'Object Repository/Final Object Repo/WorkFlow Listing Page/Search Information - To Put Ref No' is clicked on

2018-12-07 16:45:20 - [MESSAGE][PASSED] - Object: 'Object Repository/Final Object Repo/WorkFlow Listing Page/Search Information - To Put Ref No' is clicked on

2018-12-07 16:45:20 - [TEST_STEP][PASSED] - delay: Delayed 2 second(s)

2018-12-07 16:45:22 - [MESSAGE][PASSED] - Delayed 2 second(s)

2018-12-07 16:45:22 - [TEST_STEP][PASSED] - callTestCase: Call Test Case 'Test Cases/Final Aug 2018 - PKS Automation/Common/Reference Number Getter' successfully

2018-12-07 16:45:22 - [TEST_CASE][PASSED] - Test Cases/Final Aug 2018 - PKS Automation/Common/Reference Number Getter: Test Cases/Final Aug 2018 - PKS Automation/Common/Reference Number Getter

2018-12-07 16:45:22 - [TEST_STEP][PASSED] - Statement - Try: null

2018-12-07 16:45:22 - [TEST_STEP][PASSED] - Statement - RefNo = new java.io.File(C://Users//Admin//Desktop//PKS//Automation Reference Point//KatalonReference.txt): null

2018-12-07 16:45:22 - [TEST_STEP][PASSED] - Statement - bufferread = new java.io.BufferedReader(new java.io.FileReader(RefNo)): null

2018-12-07 16:45:22 - [TEST_STEP][PASSED] - Statement - readedVal = bufferread.readLine(): null

2018-12-07 16:45:22 - [TEST_STEP][PASSED] - Statement - out.println(CaseReferenceNo): null

2018-12-07 16:45:22 - [TEST_STEP][PASSED] - Statement - out.println(readedVal): null

2018-12-07 16:45:22 - [TEST_STEP][PASSED] - Statement - CaseReferenceNo = "": null

2018-12-07 16:45:22 - [TEST_STEP][PASSED] - Statement - CaseReferenceNo = readedVal: null

2018-12-07 16:45:22 - [MESSAGE][PASSED] - Call Test Case 'Test Cases/Final Aug 2018 - PKS Automation/Common/Reference Number Getter' successfully

2018-12-07 16:45:22 - [TEST_STEP][PASSED] - setText: Text 'CUN122018C100005913' is set on object 'Object Repository/Final Object Repo/WorkFlow Listing Page/Ref No Set Text'

2018-12-07 16:45:23 - [MESSAGE][PASSED] - Text 'CUN122018C100005913' is set on object 'Object Repository/Final Object Repo/WorkFlow Listing Page/Ref No Set Text'

2018-12-07 16:45:23 - [TEST_STEP][PASSED] - delay: Delayed 2 second(s)

2018-12-07 16:45:25 - [MESSAGE][PASSED] - Delayed 2 second(s)

2018-12-07 16:45:25 - [TEST_STEP][PASSED] - click: Object: 'Object Repository/Final Object Repo/WorkFlow Listing Page/Search Ref No Search Button' is clicked on

2018-12-07 16:45:25 - [MESSAGE][PASSED] - Object: 'Object Repository/Final Object Repo/WorkFlow Listing Page/Search Ref No Search Button' is clicked on

2018-12-07 16:45:25 - [TEST_STEP][PASSED] - delay: Delayed 6 second(s)

2018-12-07 16:45:31 - [MESSAGE][PASSED] - Delayed 6 second(s)

2018-12-07 16:45:31 - [TEST_STEP][PASSED] - click: Object: 'Object Repository/Final Object Repo/WorkFlow Listing Page/Click Continue Tooltip' is clicked on

2018-12-07 16:45:32 - [MESSAGE][PASSED] - Object: 'Object Repository/Final Object Repo/WorkFlow Listing Page/Click Continue Tooltip' is clicked on

2018-12-07 16:45:32 - [TEST_STEP][PASSED] - delay: Delayed 5 second(s)

2018-12-07 16:45:37 - [MESSAGE][PASSED] - Delayed 5 second(s)

2018-12-07 16:45:37 - [TEST_STEP][PASSED] - doubleClick: Object: 'Object Repository/Final Object Repo/WorkFlow Listing Page/Workflow Found - Listing 1' is double clicked on

2018-12-07 16:45:37 - [MESSAGE][PASSED] - Object: 'Object Repository/Final Object Repo/WorkFlow Listing Page/Workflow Found - Listing 1' is double clicked on

2018-12-07 16:45:37 - [TEST_STEP][PASSED] - Statement - println(OwnerID): null

2018-12-07 16:45:37 - [TEST_STEP][PASSED] - Statement - OwnerID = com.kms.katalon.core.webui.keyword.WebUiBuiltInKeywords.getText(com.kms.katalon.core.testobject.ObjectRepository.findTestObject(Final Object Repo/WorkFlow Listing Page/Workflow Found - Listing 1), STOP_ON_FAILURE): Text of object 'Object Repository/Final Object Repo/WorkFlow Listing Page/Workflow Found - Listing 1' is: 'JOHORuo2'

2018-12-07 16:45:37 - [MESSAGE][PASSED] - Text of object 'Object Repository/Final Object Repo/WorkFlow Listing Page/Workflow Found - Listing 1' is: 'JOHORuo2'

2018-12-07 16:45:37 - [TEST_STEP][PASSED] - Statement - OwnerID = OwnerID.toLowerCase() + "@gmail.com": null

2018-12-07 16:45:37 - [TEST_STEP][PASSED] - Statement - println(OwnerID): null

2018-12-07 16:45:37 - [TEST_STEP][PASSED] - delay: Delayed 2 second(s)

2018-12-07 16:45:39 - [MESSAGE][PASSED] - Delayed 2 second(s)

2018-12-07 16:45:39 - [MESSAGE][PASSED] - Call Test Case 'Test Cases/Final Aug 2018 - PKS Automation/Common/Workflow Owner Finder' successfully

2018-12-07 16:45:39 - [TEST_STEP][PASSED] - delay: Delayed 2 second(s)

2018-12-07 16:45:41 - [MESSAGE][PASSED] - Delayed 2 second(s)

2018-12-07 16:45:41 - [TEST_STEP][PASSED] - navigateToUrl: Navigate to 'https://assist2-uat.perkeso.gov.my/c/portal/logout' successfully

2018-12-07 16:45:42 - [MESSAGE][PASSED] - Navigate to 'https://assist2-uat.perkeso.gov.my/c/portal/logout' successfully

2018-12-07 16:45:42 - [TEST_STEP][PASSED] - delay: Delayed 2 second(s)

2018-12-07 16:45:44 - [MESSAGE][PASSED] - Delayed 2 second(s)

2018-12-07 16:45:44 - [TEST_STEP][PASSED] - callTestCase: Call Test Case 'Test Cases/Final Aug 2018 - PKS Automation/Registration Module/Workflow/Login and Search Case For Workflow' successfully

2018-12-07 16:45:44 - [TEST_CASE][PASSED] - Test Cases/Final Aug 2018 - PKS Automation/Registration Module/Workflow/Login and Search Case For Workflow: Test Cases/Final Aug 2018 - PKS Automation/Registration Module/Workflow/Login and Search Case For Workflow

2018-12-07 16:45:44 - [TEST_STEP][PASSED] - navigateToUrl: Navigate to 'https://assist2-uat.perkeso.gov.my/login' successfully

2018-12-07 16:45:45 - [MESSAGE][PASSED] - Navigate to 'https://assist2-uat.perkeso.gov.my/login' successfully

2018-12-07 16:45:45 - [TEST_STEP][PASSED] - setText: Text 'johoruo2@gmail.com' is set on object 'Object Repository/Final Object Repo/Login Page/Internal User/Email Address'

2018-12-07 16:45:45 - [MESSAGE][PASSED] - Text 'johoruo2@gmail.com' is set on object 'Object Repository/Final Object Repo/Login Page/Internal User/Email Address'

2018-12-07 16:45:45 - [TEST_STEP][PASSED] - click: Object: 'Object Repository/Final Object Repo/Login Page/Internal User/Next Button' is clicked on

2018-12-07 16:45:45 - [MESSAGE][PASSED] - Object: 'Object Repository/Final Object Repo/Login Page/Internal User/Next Button' is clicked on

2018-12-07 16:45:45 - [TEST_STEP][PASSED] - delay: Delayed 1 second(s)

2018-12-07 16:45:46 - [MESSAGE][PASSED] - Delayed 1 second(s)

2018-12-07 16:45:46 - [TEST_STEP][PASSED] - setEncryptedText: Text ****** has been set on object 'Object Repository/Final Object Repo/Login Page/Internal User/Password'

2018-12-07 16:45:46 - [MESSAGE][PASSED] - Text ****** has been set on object 'Object Repository/Final Object Repo/Login Page/Internal User/Password'

2018-12-07 16:45:46 - [TEST_STEP][PASSED] - click: Object: 'Object Repository/Final Object Repo/Login Page/Internal User/Login Button' is clicked on

2018-12-07 16:45:46 - [MESSAGE][PASSED] - Object: 'Object Repository/Final Object Repo/Login Page/Internal User/Login Button' is clicked on

2018-12-07 16:45:46 - [TEST_STEP][PASSED] - delay: Delayed 2 second(s)

2018-12-07 16:45:48 - [MESSAGE][PASSED] - Delayed 2 second(s)

2018-12-07 16:45:48 - [TEST_STEP][PASSED] - Statement - Try: Delayed 2 second(s)

2018-12-07 16:45:48 - [TEST_STEP][PASSED] - Statement - Checker = false: null

2018-12-07 16:45:48 - [TEST_STEP][PASSED] - Statement - Checker = com.kms.katalon.core.webui.keyword.WebUiBuiltInKeywords.verifyElementHasAttribute(com.kms.katalon.core.testobject.ObjectRepository.findTestObject(Final Object Repo/Landing Page/BM Detecting), "href", 20, OPTIONAL): Object 'Object Repository/Final Object Repo/Landing Page/BM Detecting' has attribute 'href'

2018-12-07 16:45:49 - [MESSAGE][PASSED] - Object 'Object Repository/Final Object Repo/Landing Page/BM Detecting' has attribute 'href'

2018-12-07 16:45:49 - [TEST_STEP][PASSED] - Statement - out.println(Checker): null

2018-12-07 16:45:49 - [TEST_STEP][PASSED] - Statement - If (Checker == false): null

2018-12-07 16:45:49 - [TEST_STEP][PASSED] - Statement - Else: null

2018-12-07 16:45:49 - [TEST_STEP][PASSED] - delay: Delayed 2 second(s)

2018-12-07 16:45:51 - [MESSAGE][PASSED] - Delayed 2 second(s)

2018-12-07 16:45:51 - [TEST_STEP][PASSED] - click: Object: 'Object Repository/Final Object Repo/Page_MyASSIST - ASSIST - Search Pending Case For Add Supporting Document/Search Information' is clicked on

2018-12-07 16:45:51 - [MESSAGE][PASSED] - Object: 'Object Repository/Final Object Repo/Page_MyASSIST - ASSIST - Search Pending Case For Add Supporting Document/Search Information' is clicked on

2018-12-07 16:45:51 - [TEST_STEP][PASSED] - delay: Delayed 3 second(s)

2018-12-07 16:45:54 - [MESSAGE][PASSED] - Delayed 3 second(s)

2018-12-07 16:45:54 - [TEST_STEP][PASSED] - sendKeys: Keys 'CUN122018C100005913' sent to object: 'Object Repository/Final Object Repo/Page_MyASSIST - ASSIST - Search Pending Case For Add Supporting Document/Reference No'

2018-12-07 16:45:54 - [MESSAGE][PASSED] - Keys 'CUN122018C100005913' sent to object: 'Object Repository/Final Object Repo/Page_MyASSIST - ASSIST - Search Pending Case For Add Supporting Document/Reference No'

2018-12-07 16:45:54 - [TEST_STEP][PASSED] - click: Object: 'Object Repository/Final Object Repo/Page_MyASSIST - ASSIST - Search Pending Case For Add Supporting Document/Search Reference No' is clicked on

2018-12-07 16:45:54 - [MESSAGE][PASSED] - Object: 'Object Repository/Final Object Repo/Page_MyASSIST - ASSIST - Search Pending Case For Add Supporting Document/Search Reference No' is clicked on

2018-12-07 16:45:54 - [TEST_STEP][PASSED] - delay: Delayed 2 second(s)

2018-12-07 16:45:56 - [MESSAGE][PASSED] - Delayed 2 second(s)

2018-12-07 16:45:56 - [TEST_STEP][PASSED] - click: Object: 'Object Repository/Final Object Repo/Page_MyASSIST - ASSIST - Search Pending Case For Add Supporting Document/Continue' is clicked on

2018-12-07 16:46:00 - [MESSAGE][PASSED] - Object: 'Object Repository/Final Object Repo/Page_MyASSIST - ASSIST - Search Pending Case For Add Supporting Document/Continue' is clicked on

2018-12-07 16:46:00 - [TEST_STEP][PASSED] - delay: Delayed 20 second(s)

2018-12-07 16:46:20 - [MESSAGE][PASSED] - Delayed 20 second(s)

2018-12-07 16:46:20 - [MESSAGE][PASSED] - Call Test Case 'Test Cases/Final Aug 2018 - PKS Automation/Registration Module/Workflow/Login and Search Case For Workflow' successfully

2018-12-07 16:46:20 - [TEST_STEP][PASSED] - delay: Delayed 2 second(s)

2018-12-07 16:46:22 - [MESSAGE][PASSED] - Delayed 2 second(s)

2018-12-07 16:46:22 - [TEST_STEP][PASSED] - click: Object: 'Object Repository/Final Object Repo/Page_Update Employee Information By Employer/Page_Update Employee Information by Employer (Approve)/Continue' is clicked on

2018-12-07 16:46:26 - [MESSAGE][PASSED] - Object: 'Object Repository/Final Object Repo/Page_Update Employee Information By Employer/Page_Update Employee Information by Employer (Approve)/Continue' is clicked on

2018-12-07 16:46:26 - [TEST_STEP][PASSED] - delay: Delayed 2 second(s)

2018-12-07 16:46:28 - [MESSAGE][PASSED] - Delayed 2 second(s)

2018-12-07 16:46:28 - [TEST_STEP][PASSED] - click: Object: 'Object Repository/Final Object Repo/Page_Update Employee Information By Employer/Page_Update Employee Information by Employer (Approve)/Save  Continue in Update Employee Information Page' is clicked on

2018-12-07 16:46:28 - [MESSAGE][PASSED] - Object: 'Object Repository/Final Object Repo/Page_Update Employee Information By Employer/Page_Update Employee Information by Employer (Approve)/Save  Continue in Update Employee Information Page' is clicked on

2018-12-07 16:46:28 - [TEST_STEP][PASSED] - delay: Delayed 4 second(s)

2018-12-07 16:46:32 - [MESSAGE][PASSED] - Delayed 4 second(s)

2018-12-07 16:46:32 - [TEST_STEP][PASSED] - click: Object: 'Object Repository/Final Object Repo/Page_Update Employee Information By Employer/Page_Update Employee Information by Employer (Approve)/Save  Continue in Upload Supporting Doucument Page' is clicked on

2018-12-07 16:46:32 - [MESSAGE][PASSED] - Object: 'Object Repository/Final Object Repo/Page_Update Employee Information By Employer/Page_Update Employee Information by Employer (Approve)/Save  Continue in Upload Supporting Doucument Page' is clicked on

2018-12-07 16:46:32 - [TEST_STEP][PASSED] - delay: Delayed 2 second(s)

2018-12-07 16:46:34 - [MESSAGE][PASSED] - Delayed 2 second(s)

2018-12-07 16:46:34 - [TEST_STEP][PASSED] - click: Object: 'Object Repository/Final Object Repo/Page_Update Employee Information By Employer/Page_Update Employee Information by Employer (Reject)/Reject' is clicked on

2018-12-07 16:46:36 - [MESSAGE][PASSED] - Object: 'Object Repository/Final Object Repo/Page_Update Employee Information By Employer/Page_Update Employee Information by Employer (Reject)/Reject' is clicked on

2018-12-07 16:46:36 - [TEST_STEP][PASSED] - delay: Delayed 2 second(s)

2018-12-07 16:46:38 - [MESSAGE][PASSED] - Delayed 2 second(s)

2018-12-07 16:46:38 - [TEST_STEP][PASSED] - click: Object: 'Object Repository/Final Object Repo/Page_Update Employee Information By Employer/Page_Update Employee Information by Employer (Approve)/Confirm' is clicked on

2018-12-07 16:46:38 - [MESSAGE][PASSED] - Object: 'Object Repository/Final Object Repo/Page_Update Employee Information By Employer/Page_Update Employee Information by Employer (Approve)/Confirm' is clicked on

2018-12-07 16:46:38 - [TEST_STEP][PASSED] - delay: Delayed 2 second(s)

2018-12-07 16:46:40 - [MESSAGE][PASSED] - Delayed 2 second(s)

2018-12-07 16:46:40 - [TEST_STEP][PASSED] - verifyElementVisible: Object 'Object Repository/Final Object Repo/Page_Update Employee Information By Employer/Page_Update Employee Information by Employer (Reject)/Rejected Messeage This Case has been Rejecte' is visible

2018-12-07 16:46:43 - [MESSAGE][PASSED] - Object 'Object Repository/Final Object Repo/Page_Update Employee Information By Employer/Page_Update Employee Information by Employer (Reject)/Rejected Messeage This Case has been Rejecte' is visible

2018-12-07 16:46:43 - [TEST_STEP][PASSED] - delay: Delayed 2 second(s)

2018-12-07 16:46:45 - [MESSAGE][PASSED] - Delayed 2 second(s)

2018-12-07 16:46:45 - [TEST_STEP][PASSED] - verifyElementVisible: Object 'Object Repository/Final Object Repo/Page_Update Employee Information By Employer/Page_Update Employee Information by Employer (Reject)/Letter of update rejection' is visible

2018-12-07 16:46:45 - [MESSAGE][PASSED] - Object 'Object Repository/Final Object Repo/Page_Update Employee Information By Employer/Page_Update Employee Information by Employer (Reject)/Letter of update rejection' is visible

2018-12-07 16:46:45 - [MESSAGE][PASSED] - Call Test Case 'Test Cases/Final Aug 2018 - PKS Automation/Registration Module/Workflow/Update Employee Information (Employer)/Template/Update Employee Information - Special Case - UO (Reject)' successfully]]></system-out>
         <system-err><![CDATA[]]></system-err>
      </testcase>
      <testcase name="Test Cases/Final Aug 2018 - PKS Automation/Registration Module/Workflow/Update Employee Information (Employer)/PKRBO - UO (Under enforcement)" classname="Test Cases/Final Aug 2018 - PKS Automation/Registration Module/Workflow/Update Employee Information (Employer)/PKRBO - UO (Under enforcement)" status="PASSED">
         <system-out><![CDATA[2018-12-07 16:46:45 - [TEST_CASE][PASSED] - Test Cases/Final Aug 2018 - PKS Automation/Registration Module/Workflow/Update Employee Information (Employer)/PKRBO - UO (Under enforcement): Test Cases/Final Aug 2018 - PKS Automation/Registration Module/Workflow/Update Employee Information (Employer)/PKRBO - UO (Under enforcement)

2018-12-07 16:46:45 - [TEST_STEP][PASSED] - callTestCase: Call Test Case 'Test Cases/Final Aug 2018 - PKS Automation/Registration Module/Workflow/Update Employee Information (Employer)/Template/Update Employer Information - Special Case (PKRBO)' successfully

2018-12-07 16:46:45 - [TEST_CASE][PASSED] - Test Cases/Final Aug 2018 - PKS Automation/Registration Module/Workflow/Update Employee Information (Employer)/Template/Update Employer Information - Special Case (PKRBO): Test Cases/Final Aug 2018 - PKS Automation/Registration Module/Workflow/Update Employee Information (Employer)/Template/Update Employer Information - Special Case (PKRBO)

2018-12-07 16:46:45 - [TEST_STEP][PASSED] - openBrowser: Browser is opened with url: ''

2018-12-07 16:46:45 - [MESSAGE][WARNING] - A browser is already opened. Closing browser and opening a new one

2018-12-07 16:46:48 - [MESSAGE][PASSED] - Browser is opened with url: ''

2018-12-07 16:46:48 - [TEST_STEP][PASSED] - navigateToUrl: Navigate to 'https://assist2-uat.perkeso.gov.my/login' successfully

2018-12-07 16:46:49 - [MESSAGE][PASSED] - Navigate to 'https://assist2-uat.perkeso.gov.my/login' successfully

2018-12-07 16:46:49 - [TEST_STEP][PASSED] - setText: Text 'johorpkrbo1@gmail.com' is set on object 'Object Repository/Final Object Repo/Login Page/Internal User/Email Address'

2018-12-07 16:46:50 - [MESSAGE][PASSED] - Text 'johorpkrbo1@gmail.com' is set on object 'Object Repository/Final Object Repo/Login Page/Internal User/Email Address'

2018-12-07 16:46:50 - [TEST_STEP][PASSED] - click: Object: 'Object Repository/Final Object Repo/Login Page/Internal User/Next Button' is clicked on

2018-12-07 16:46:50 - [MESSAGE][PASSED] - Object: 'Object Repository/Final Object Repo/Login Page/Internal User/Next Button' is clicked on

2018-12-07 16:46:50 - [TEST_STEP][PASSED] - delay: Delayed 1 second(s)

2018-12-07 16:46:51 - [MESSAGE][PASSED] - Delayed 1 second(s)

2018-12-07 16:46:51 - [TEST_STEP][PASSED] - setEncryptedText: Text ****** has been set on object 'Object Repository/Final Object Repo/Login Page/Internal User/Password'

2018-12-07 16:46:53 - [MESSAGE][PASSED] - Text ****** has been set on object 'Object Repository/Final Object Repo/Login Page/Internal User/Password'

2018-12-07 16:46:53 - [TEST_STEP][PASSED] - click: Object: 'Object Repository/Final Object Repo/Login Page/Internal User/Login Button' is clicked on

2018-12-07 16:46:54 - [MESSAGE][PASSED] - Object: 'Object Repository/Final Object Repo/Login Page/Internal User/Login Button' is clicked on

2018-12-07 16:46:54 - [TEST_STEP][PASSED] - Statement - tester = com.kms.katalon.core.testobject.ObjectRepository.findTestObject(Final Object Repo/Landing Page/Select to English): Finding Test Object with id 'Object Repository/Final Object Repo/Landing Page/Select to English'

2018-12-07 16:46:54 - [TEST_STEP][PASSED] - Statement - Try: Delayed 2 second(s)

2018-12-07 16:46:54 - [TEST_STEP][PASSED] - Statement - Checker = com.kms.katalon.core.webui.keyword.WebUiBuiltInKeywords.verifyElementNotPresent(tester, 3): Web element with id: 'Object Repository/Final Object Repo/Landing Page/Select to English' located by 'By.xpath: //a[@class = 'taglib-language-list-text' and @lang = 'en-US' and (contains(text(), 'EN') or contains(., 'EN'))]' is not present after '3' second(s)

2018-12-07 16:46:57 - [MESSAGE][PASSED] - Web element with id: 'Object Repository/Final Object Repo/Landing Page/Select to English' located by 'By.xpath: //a[@class = 'taglib-language-list-text' and @lang = 'en-US' and (contains(text(), 'EN') or contains(., 'EN'))]' is not present after '3' second(s)

2018-12-07 16:46:57 - [TEST_STEP][PASSED] - Statement - If (Checker == false): null

2018-12-07 16:46:57 - [TEST_STEP][PASSED] - delay: Delayed 2 second(s)

2018-12-07 16:46:59 - [MESSAGE][PASSED] - Delayed 2 second(s)

2018-12-07 16:46:59 - [TEST_STEP][PASSED] - delay: Delayed 5 second(s)

2018-12-07 16:47:04 - [MESSAGE][PASSED] - Delayed 5 second(s)

2018-12-07 16:47:04 - [TEST_STEP][PASSED] - navigateToUrl: Navigate to 'https://assist2-uat.perkeso.gov.my/web/registration/update/update-employee-information-employer-' successfully

2018-12-07 16:47:04 - [MESSAGE][PASSED] - Navigate to 'https://assist2-uat.perkeso.gov.my/web/registration/update/update-employee-information-employer-' successfully

2018-12-07 16:47:04 - [TEST_STEP][PASSED] - setText: Text 'E1102001065V' is set on object 'Object Repository/Final Object Repo/Page_Update Employee Information By Employer/Employer Code'

2018-12-07 16:47:05 - [MESSAGE][PASSED] - Text 'E1102001065V' is set on object 'Object Repository/Final Object Repo/Page_Update Employee Information By Employer/Employer Code'

2018-12-07 16:47:05 - [TEST_STEP][PASSED] - click: Object: 'Object Repository/Final Object Repo/Page_Update Employee Information By Employer/Search Employer Code' is clicked on

2018-12-07 16:47:05 - [MESSAGE][PASSED] - Object: 'Object Repository/Final Object Repo/Page_Update Employee Information By Employer/Search Employer Code' is clicked on

2018-12-07 16:47:05 - [TEST_STEP][PASSED] - click: Object: 'Object Repository/Final Object Repo/Page_Update Employee Information By Employer/Edit Button' is clicked on

2018-12-07 16:47:09 - [MESSAGE][PASSED] - Object: 'Object Repository/Final Object Repo/Page_Update Employee Information By Employer/Edit Button' is clicked on

2018-12-07 16:47:09 - [TEST_STEP][PASSED] - click: Object: 'Object Repository/Final Object Repo/Page_Update Employee Information By Employer/Employee Name or New Identification' is clicked on

2018-12-07 16:47:09 - [MESSAGE][PASSED] - Object: 'Object Repository/Final Object Repo/Page_Update Employee Information By Employer/Employee Name or New Identification' is clicked on

2018-12-07 16:47:09 - [TEST_STEP][PASSED] - delay: Delayed 1 second(s)

2018-12-07 16:47:10 - [MESSAGE][PASSED] - Delayed 1 second(s)

2018-12-07 16:47:10 - [TEST_STEP][PASSED] - click: Object: 'Object Repository/Final Object Repo/Page_Update Employee Information By Employer/Selection - Employee Name' is clicked on

2018-12-07 16:47:10 - [MESSAGE][PASSED] - Object: 'Object Repository/Final Object Repo/Page_Update Employee Information By Employer/Selection - Employee Name' is clicked on

2018-12-07 16:47:10 - [TEST_STEP][PASSED] - delay: Delayed 1 second(s)

2018-12-07 16:47:11 - [MESSAGE][PASSED] - Delayed 1 second(s)

2018-12-07 16:47:11 - [TEST_STEP][PASSED] - setText: Text 'PERKESO' is set on object 'Object Repository/Final Object Repo/Page_Update Employee Information By Employer/Employee Name'

2018-12-07 16:47:12 - [MESSAGE][PASSED] - Text 'PERKESO' is set on object 'Object Repository/Final Object Repo/Page_Update Employee Information By Employer/Employee Name'

2018-12-07 16:47:12 - [TEST_STEP][PASSED] - delay: Delayed 2 second(s)

2018-12-07 16:47:14 - [MESSAGE][PASSED] - Delayed 2 second(s)

2018-12-07 16:47:14 - [TEST_STEP][PASSED] - click: Object: 'Object Repository/Final Object Repo/Page_Update Employee Information By Employer/Search Employee' is clicked on

2018-12-07 16:47:14 - [MESSAGE][PASSED] - Object: 'Object Repository/Final Object Repo/Page_Update Employee Information By Employer/Search Employee' is clicked on

2018-12-07 16:47:14 - [TEST_STEP][PASSED] - delay: Delayed 3 second(s)

2018-12-07 16:47:17 - [MESSAGE][PASSED] - Delayed 3 second(s)

2018-12-07 16:47:17 - [TEST_STEP][PASSED] - click: Object: 'Object Repository/Final Object Repo/Page_Update Employee Information By Employer/Employee Edit Button' is clicked on

2018-12-07 16:47:17 - [MESSAGE][PASSED] - Object: 'Object Repository/Final Object Repo/Page_Update Employee Information By Employer/Employee Edit Button' is clicked on

2018-12-07 16:47:17 - [TEST_STEP][PASSED] - delay: Delayed 3 second(s)

2018-12-07 16:47:20 - [MESSAGE][PASSED] - Delayed 3 second(s)

2018-12-07 16:47:20 - [TEST_STEP][PASSED] - setText: Text '' is set on object 'Object Repository/Final Object Repo/Page_Update Employee Information By Employer/Identification Number'

2018-12-07 16:47:20 - [MESSAGE][PASSED] - Text '' is set on object 'Object Repository/Final Object Repo/Page_Update Employee Information By Employer/Identification Number'

2018-12-07 16:47:20 - [TEST_STEP][PASSED] - Statement - rnd = new java.util.Random(): null

2018-12-07 16:47:20 - [TEST_STEP][PASSED] - Statement - snum = rnd.nextInt(899999 + 1) + 100000: null

2018-12-07 16:47:20 - [TEST_STEP][PASSED] - Statement - tnum = rnd.nextInt(899999 + 1) + 100000: null

2018-12-07 16:47:20 - [TEST_STEP][PASSED] - Statement - IC = java.lang.Integer.toString(snum) + java.lang.Integer.toString(tnum): null

2018-12-07 16:47:20 - [TEST_STEP][PASSED] - Statement - out.println(IC): null

2018-12-07 16:47:20 - [TEST_STEP][PASSED] - setText: Text '364245611403' is set on object 'Object Repository/Final Object Repo/Page_Update Employee Information By Employer/Identification Number'

2018-12-07 16:47:21 - [MESSAGE][PASSED] - Text '364245611403' is set on object 'Object Repository/Final Object Repo/Page_Update Employee Information By Employer/Identification Number'

2018-12-07 16:47:21 - [TEST_STEP][PASSED] - click: Object: 'Object Repository/Final Object Repo/Page_Update Employee Information By Employer/Save' is clicked on

2018-12-07 16:47:21 - [MESSAGE][PASSED] - Object: 'Object Repository/Final Object Repo/Page_Update Employee Information By Employer/Save' is clicked on

2018-12-07 16:47:21 - [TEST_STEP][PASSED] - delay: Delayed 5 second(s)

2018-12-07 16:47:26 - [MESSAGE][PASSED] - Delayed 5 second(s)

2018-12-07 16:47:26 - [TEST_STEP][PASSED] - Statement - CaseReferenceNo = com.kms.katalon.core.webui.keyword.WebUiBuiltInKeywords.getText(com.kms.katalon.core.testobject.ObjectRepository.findTestObject(Final Object Repo/Reference Number/Reference Number in Update Employee Information Page)): Text of object 'Object Repository/Final Object Repo/Reference Number/Reference Number in Update Employee Information Page' is: 'CUN122018C100005914'

2018-12-07 16:47:26 - [MESSAGE][PASSED] - Text of object 'Object Repository/Final Object Repo/Reference Number/Reference Number in Update Employee Information Page' is: 'CUN122018C100005914'

2018-12-07 16:47:26 - [TEST_STEP][PASSED] - callTestCase: Call Test Case 'Test Cases/Final Aug 2018 - PKS Automation/Common/Reference Number Setter' successfully

2018-12-07 16:47:26 - [TEST_CASE][PASSED] - Test Cases/Final Aug 2018 - PKS Automation/Common/Reference Number Setter: Test Cases/Final Aug 2018 - PKS Automation/Common/Reference Number Setter

2018-12-07 16:47:26 - [TEST_STEP][PASSED] - Statement - RefNoOldFile = new java.io.File(C://Users//Admin//Desktop//PKS//Automation Reference Point//KatalonReference.txt): null

2018-12-07 16:47:26 - [TEST_STEP][PASSED] - Statement - RefNoOldFile.delete(): null

2018-12-07 16:47:26 - [TEST_STEP][PASSED] - delay: Delayed 5 second(s)

2018-12-07 16:47:31 - [MESSAGE][PASSED] - Delayed 5 second(s)

2018-12-07 16:47:31 - [TEST_STEP][PASSED] - Statement - RefNo = new java.io.File(C://Users//Admin//Desktop//PKS//Automation Reference Point//KatalonReference.txt): null

2018-12-07 16:47:31 - [TEST_STEP][PASSED] - Statement - f2 = new java.io.FileWriter(RefNo, false): null

2018-12-07 16:47:31 - [TEST_STEP][PASSED] - Statement - f2.write(CaseReferenceNo): null

2018-12-07 16:47:31 - [TEST_STEP][PASSED] - Statement - f2.close(): null

2018-12-07 16:47:31 - [TEST_STEP][PASSED] - Statement - out.println("


" + CaseReferenceNo + "


"): null

2018-12-07 16:47:31 - [MESSAGE][PASSED] - Call Test Case 'Test Cases/Final Aug 2018 - PKS Automation/Common/Reference Number Setter' successfully

2018-12-07 16:47:31 - [TEST_STEP][PASSED] - delay: Delayed 5 second(s)

2018-12-07 16:47:36 - [MESSAGE][PASSED] - Delayed 5 second(s)

2018-12-07 16:47:36 - [TEST_STEP][PASSED] - click: Object: 'Object Repository/Final Object Repo/Page_Update Employee Information By Employer/Save  Continue in  Employee Information Page' is clicked on

2018-12-07 16:47:36 - [MESSAGE][PASSED] - Object: 'Object Repository/Final Object Repo/Page_Update Employee Information By Employer/Save  Continue in  Employee Information Page' is clicked on

2018-12-07 16:47:36 - [TEST_STEP][PASSED] - delay: Delayed 5 second(s)

2018-12-07 16:47:41 - [MESSAGE][PASSED] - Delayed 5 second(s)

2018-12-07 16:47:41 - [TEST_STEP][PASSED] - click: Object: 'Object Repository/Final Object Repo/Page_Update Employee Information By Employer/Save  Continue in Uploading Page 1' is clicked on

2018-12-07 16:47:41 - [MESSAGE][PASSED] - Object: 'Object Repository/Final Object Repo/Page_Update Employee Information By Employer/Save  Continue in Uploading Page 1' is clicked on

2018-12-07 16:47:41 - [TEST_STEP][PASSED] - delay: Delayed 5 second(s)

2018-12-07 16:47:46 - [MESSAGE][PASSED] - Delayed 5 second(s)

2018-12-07 16:47:46 - [TEST_STEP][PASSED] - click: Object: 'Object Repository/Final Object Repo/Page_Update Employee Information By Employer/Submit' is clicked on

2018-12-07 16:47:47 - [MESSAGE][PASSED] - Object: 'Object Repository/Final Object Repo/Page_Update Employee Information By Employer/Submit' is clicked on

2018-12-07 16:47:47 - [TEST_STEP][PASSED] - delay: Delayed 5 second(s)

2018-12-07 16:47:52 - [MESSAGE][PASSED] - Delayed 5 second(s)

2018-12-07 16:47:52 - [TEST_STEP][PASSED] - click: Object: 'Object Repository/Final Object Repo/Page_Update Employee Information By Employer/Confirm' is clicked on

2018-12-07 16:47:52 - [MESSAGE][PASSED] - Object: 'Object Repository/Final Object Repo/Page_Update Employee Information By Employer/Confirm' is clicked on

2018-12-07 16:47:52 - [TEST_STEP][PASSED] - delay: Delayed 5 second(s)

2018-12-07 16:47:57 - [MESSAGE][PASSED] - Delayed 5 second(s)

2018-12-07 16:47:57 - [TEST_STEP][PASSED] - verifyElementVisible: Object 'Object Repository/Final Object Repo/Page_Update Employee Information By Employer/Successfull Message Routed to UO' is visible

2018-12-07 16:47:57 - [MESSAGE][PASSED] - Object 'Object Repository/Final Object Repo/Page_Update Employee Information By Employer/Successfull Message Routed to UO' is visible

2018-12-07 16:47:57 - [MESSAGE][PASSED] - Call Test Case 'Test Cases/Final Aug 2018 - PKS Automation/Registration Module/Workflow/Update Employee Information (Employer)/Template/Update Employer Information - Special Case (PKRBO)' successfully

2018-12-07 16:47:57 - [TEST_STEP][PASSED] - callTestCase: Call Test Case 'Test Cases/Final Aug 2018 - PKS Automation/Registration Module/Workflow/Update Employee Information (Employer)/Template/Update Employee Information - Special Case - UO (UnderEnforcement)' successfully

2018-12-07 16:47:57 - [TEST_CASE][PASSED] - Test Cases/Final Aug 2018 - PKS Automation/Registration Module/Workflow/Update Employee Information (Employer)/Template/Update Employee Information - Special Case - UO (UnderEnforcement): Test Cases/Final Aug 2018 - PKS Automation/Registration Module/Workflow/Update Employee Information (Employer)/Template/Update Employee Information - Special Case - UO (UnderEnforcement)

2018-12-07 16:47:57 - [TEST_STEP][NOT_RUN] - callTestCase: NOT_RUN: callTestCase

2018-12-07 16:47:57 - [MESSAGE][NOT_RUN] - NOT_RUN: callTestCase

2018-12-07 16:47:57 - [TEST_STEP][PASSED] - delay: Delayed 2 second(s)

2018-12-07 16:47:59 - [MESSAGE][PASSED] - Delayed 2 second(s)

2018-12-07 16:47:59 - [TEST_STEP][PASSED] - navigateToUrl: Navigate to 'https://assist2-uat.perkeso.gov.my/c/portal/logout' successfully

2018-12-07 16:48:00 - [MESSAGE][PASSED] - Navigate to 'https://assist2-uat.perkeso.gov.my/c/portal/logout' successfully

2018-12-07 16:48:00 - [TEST_STEP][PASSED] - delay: Delayed 2 second(s)

2018-12-07 16:48:02 - [MESSAGE][PASSED] - Delayed 2 second(s)

2018-12-07 16:48:02 - [TEST_STEP][PASSED] - callTestCase: Call Test Case 'Test Cases/Final Aug 2018 - PKS Automation/Common/Reference Number Getter' successfully

2018-12-07 16:48:02 - [TEST_CASE][PASSED] - Test Cases/Final Aug 2018 - PKS Automation/Common/Reference Number Getter: Test Cases/Final Aug 2018 - PKS Automation/Common/Reference Number Getter

2018-12-07 16:48:02 - [TEST_STEP][PASSED] - Statement - Try: null

2018-12-07 16:48:02 - [TEST_STEP][PASSED] - Statement - RefNo = new java.io.File(C://Users//Admin//Desktop//PKS//Automation Reference Point//KatalonReference.txt): null

2018-12-07 16:48:02 - [TEST_STEP][PASSED] - Statement - bufferread = new java.io.BufferedReader(new java.io.FileReader(RefNo)): null

2018-12-07 16:48:02 - [TEST_STEP][PASSED] - Statement - readedVal = bufferread.readLine(): null

2018-12-07 16:48:02 - [TEST_STEP][PASSED] - Statement - out.println(CaseReferenceNo): null

2018-12-07 16:48:02 - [TEST_STEP][PASSED] - Statement - out.println(readedVal): null

2018-12-07 16:48:02 - [TEST_STEP][PASSED] - Statement - CaseReferenceNo = "": null

2018-12-07 16:48:02 - [TEST_STEP][PASSED] - Statement - CaseReferenceNo = readedVal: null

2018-12-07 16:48:02 - [MESSAGE][PASSED] - Call Test Case 'Test Cases/Final Aug 2018 - PKS Automation/Common/Reference Number Getter' successfully

2018-12-07 16:48:02 - [TEST_STEP][PASSED] - callTestCase: Call Test Case 'Test Cases/Final Aug 2018 - PKS Automation/Common/Workflow Owner Finder' successfully

2018-12-07 16:48:02 - [TEST_CASE][PASSED] - Test Cases/Final Aug 2018 - PKS Automation/Common/Workflow Owner Finder: Test Cases/Final Aug 2018 - PKS Automation/Common/Workflow Owner Finder

2018-12-07 16:48:02 - [TEST_STEP][PASSED] - openBrowser: Browser is opened with url: ''

2018-12-07 16:48:02 - [MESSAGE][WARNING] - A browser is already opened. Closing browser and opening a new one

2018-12-07 16:48:05 - [MESSAGE][PASSED] - Browser is opened with url: ''

2018-12-07 16:48:05 - [TEST_STEP][PASSED] - navigateToUrl: Navigate to 'https://assist2-uat.perkeso.gov.my/login' successfully

2018-12-07 16:48:06 - [MESSAGE][PASSED] - Navigate to 'https://assist2-uat.perkeso.gov.my/login' successfully

2018-12-07 16:48:06 - [TEST_STEP][PASSED] - delay: Delayed 5 second(s)

2018-12-07 16:48:11 - [MESSAGE][PASSED] - Delayed 5 second(s)

2018-12-07 16:48:11 - [TEST_STEP][PASSED] - setText: Text 'test@liferay.com' is set on object 'Object Repository/Final Object Repo/Login Page/Internal User/Email Address'

2018-12-07 16:48:12 - [MESSAGE][PASSED] - Text 'test@liferay.com' is set on object 'Object Repository/Final Object Repo/Login Page/Internal User/Email Address'

2018-12-07 16:48:12 - [TEST_STEP][PASSED] - click: Object: 'Object Repository/Final Object Repo/Login Page/Internal User/Next Button' is clicked on

2018-12-07 16:48:12 - [MESSAGE][PASSED] - Object: 'Object Repository/Final Object Repo/Login Page/Internal User/Next Button' is clicked on

2018-12-07 16:48:12 - [TEST_STEP][PASSED] - delay: Delayed 2 second(s)

2018-12-07 16:48:14 - [MESSAGE][PASSED] - Delayed 2 second(s)

2018-12-07 16:48:14 - [TEST_STEP][PASSED] - setText: Text 'test' is set on object 'Object Repository/Final Object Repo/Login Page/Internal User/Password'

2018-12-07 16:48:14 - [MESSAGE][PASSED] - Text 'test' is set on object 'Object Repository/Final Object Repo/Login Page/Internal User/Password'

2018-12-07 16:48:14 - [TEST_STEP][PASSED] - delay: Delayed 2 second(s)

2018-12-07 16:48:16 - [MESSAGE][PASSED] - Delayed 2 second(s)

2018-12-07 16:48:16 - [TEST_STEP][PASSED] - click: Object: 'Object Repository/Final Object Repo/Login Page/Internal User/Login Button' is clicked on

2018-12-07 16:48:16 - [MESSAGE][PASSED] - Object: 'Object Repository/Final Object Repo/Login Page/Internal User/Login Button' is clicked on

2018-12-07 16:48:16 - [TEST_STEP][PASSED] - Statement - tester = com.kms.katalon.core.testobject.ObjectRepository.findTestObject(Final Object Repo/Landing Page/Select to English): Finding Test Object with id 'Object Repository/Final Object Repo/Landing Page/Select to English'

2018-12-07 16:48:16 - [TEST_STEP][PASSED] - Statement - Try: Delayed 2 second(s)

2018-12-07 16:48:16 - [TEST_STEP][PASSED] - Statement - Checker = com.kms.katalon.core.webui.keyword.WebUiBuiltInKeywords.verifyElementNotPresent(tester, 3): Web element with id: 'Object Repository/Final Object Repo/Landing Page/Select to English' located by 'By.xpath: //a[@class = 'taglib-language-list-text' and @lang = 'en-US' and (contains(text(), 'EN') or contains(., 'EN'))]' is not present after '3' second(s)

2018-12-07 16:48:18 - [MESSAGE][PASSED] - Web element with id: 'Object Repository/Final Object Repo/Landing Page/Select to English' located by 'By.xpath: //a[@class = 'taglib-language-list-text' and @lang = 'en-US' and (contains(text(), 'EN') or contains(., 'EN'))]' is not present after '3' second(s)

2018-12-07 16:48:18 - [TEST_STEP][PASSED] - Statement - If (Checker == false): null

2018-12-07 16:48:18 - [TEST_STEP][PASSED] - delay: Delayed 2 second(s)

2018-12-07 16:48:20 - [MESSAGE][PASSED] - Delayed 2 second(s)

2018-12-07 16:48:20 - [TEST_STEP][PASSED] - delay: Delayed 5 second(s)

2018-12-07 16:48:25 - [MESSAGE][PASSED] - Delayed 5 second(s)

2018-12-07 16:48:25 - [TEST_STEP][PASSED] - mouseOver: Object: 'Object Repository/Final Object Repo/Landing Page/WorkFlow Menu' is hovered

2018-12-07 16:48:25 - [MESSAGE][PASSED] - Object: 'Object Repository/Final Object Repo/Landing Page/WorkFlow Menu' is hovered

2018-12-07 16:48:25 - [TEST_STEP][PASSED] - delay: Delayed 2 second(s)

2018-12-07 16:48:27 - [MESSAGE][PASSED] - Delayed 2 second(s)

2018-12-07 16:48:27 - [TEST_STEP][PASSED] - click: Object: 'Object Repository/Final Object Repo/Landing Page/Select to Workflow Listing' is clicked on

2018-12-07 16:48:28 - [MESSAGE][PASSED] - Object: 'Object Repository/Final Object Repo/Landing Page/Select to Workflow Listing' is clicked on

2018-12-07 16:48:28 - [TEST_STEP][PASSED] - delay: Delayed 2 second(s)

2018-12-07 16:48:30 - [MESSAGE][PASSED] - Delayed 2 second(s)

2018-12-07 16:48:30 - [TEST_STEP][PASSED] - click: Object: 'Object Repository/Final Object Repo/WorkFlow Listing Page/Search Information - To Put Ref No' is clicked on

2018-12-07 16:48:31 - [MESSAGE][PASSED] - Object: 'Object Repository/Final Object Repo/WorkFlow Listing Page/Search Information - To Put Ref No' is clicked on

2018-12-07 16:48:31 - [TEST_STEP][PASSED] - delay: Delayed 2 second(s)

2018-12-07 16:48:33 - [MESSAGE][PASSED] - Delayed 2 second(s)

2018-12-07 16:48:33 - [TEST_STEP][PASSED] - callTestCase: Call Test Case 'Test Cases/Final Aug 2018 - PKS Automation/Common/Reference Number Getter' successfully

2018-12-07 16:48:33 - [TEST_CASE][PASSED] - Test Cases/Final Aug 2018 - PKS Automation/Common/Reference Number Getter: Test Cases/Final Aug 2018 - PKS Automation/Common/Reference Number Getter

2018-12-07 16:48:33 - [TEST_STEP][PASSED] - Statement - Try: null

2018-12-07 16:48:33 - [TEST_STEP][PASSED] - Statement - RefNo = new java.io.File(C://Users//Admin//Desktop//PKS//Automation Reference Point//KatalonReference.txt): null

2018-12-07 16:48:33 - [TEST_STEP][PASSED] - Statement - bufferread = new java.io.BufferedReader(new java.io.FileReader(RefNo)): null

2018-12-07 16:48:33 - [TEST_STEP][PASSED] - Statement - readedVal = bufferread.readLine(): null

2018-12-07 16:48:33 - [TEST_STEP][PASSED] - Statement - out.println(CaseReferenceNo): null

2018-12-07 16:48:33 - [TEST_STEP][PASSED] - Statement - out.println(readedVal): null

2018-12-07 16:48:33 - [TEST_STEP][PASSED] - Statement - CaseReferenceNo = "": null

2018-12-07 16:48:33 - [TEST_STEP][PASSED] - Statement - CaseReferenceNo = readedVal: null

2018-12-07 16:48:33 - [MESSAGE][PASSED] - Call Test Case 'Test Cases/Final Aug 2018 - PKS Automation/Common/Reference Number Getter' successfully

2018-12-07 16:48:33 - [TEST_STEP][PASSED] - setText: Text 'CUN122018C100005914' is set on object 'Object Repository/Final Object Repo/WorkFlow Listing Page/Ref No Set Text'

2018-12-07 16:48:33 - [MESSAGE][PASSED] - Text 'CUN122018C100005914' is set on object 'Object Repository/Final Object Repo/WorkFlow Listing Page/Ref No Set Text'

2018-12-07 16:48:33 - [TEST_STEP][PASSED] - delay: Delayed 2 second(s)

2018-12-07 16:48:35 - [MESSAGE][PASSED] - Delayed 2 second(s)

2018-12-07 16:48:35 - [TEST_STEP][PASSED] - click: Object: 'Object Repository/Final Object Repo/WorkFlow Listing Page/Search Ref No Search Button' is clicked on

2018-12-07 16:48:35 - [MESSAGE][PASSED] - Object: 'Object Repository/Final Object Repo/WorkFlow Listing Page/Search Ref No Search Button' is clicked on

2018-12-07 16:48:35 - [TEST_STEP][PASSED] - delay: Delayed 6 second(s)

2018-12-07 16:48:41 - [MESSAGE][PASSED] - Delayed 6 second(s)

2018-12-07 16:48:41 - [TEST_STEP][PASSED] - click: Object: 'Object Repository/Final Object Repo/WorkFlow Listing Page/Click Continue Tooltip' is clicked on

2018-12-07 16:48:42 - [MESSAGE][PASSED] - Object: 'Object Repository/Final Object Repo/WorkFlow Listing Page/Click Continue Tooltip' is clicked on

2018-12-07 16:48:42 - [TEST_STEP][PASSED] - delay: Delayed 5 second(s)

2018-12-07 16:48:47 - [MESSAGE][PASSED] - Delayed 5 second(s)

2018-12-07 16:48:47 - [TEST_STEP][PASSED] - doubleClick: Object: 'Object Repository/Final Object Repo/WorkFlow Listing Page/Workflow Found - Listing 1' is double clicked on

2018-12-07 16:48:48 - [MESSAGE][PASSED] - Object: 'Object Repository/Final Object Repo/WorkFlow Listing Page/Workflow Found - Listing 1' is double clicked on

2018-12-07 16:48:48 - [TEST_STEP][PASSED] - Statement - println(OwnerID): null

2018-12-07 16:48:48 - [TEST_STEP][PASSED] - Statement - OwnerID = com.kms.katalon.core.webui.keyword.WebUiBuiltInKeywords.getText(com.kms.katalon.core.testobject.ObjectRepository.findTestObject(Final Object Repo/WorkFlow Listing Page/Workflow Found - Listing 1), STOP_ON_FAILURE): Text of object 'Object Repository/Final Object Repo/WorkFlow Listing Page/Workflow Found - Listing 1' is: 'JOHORuo3'

2018-12-07 16:48:48 - [MESSAGE][PASSED] - Text of object 'Object Repository/Final Object Repo/WorkFlow Listing Page/Workflow Found - Listing 1' is: 'JOHORuo3'

2018-12-07 16:48:48 - [TEST_STEP][PASSED] - Statement - OwnerID = OwnerID.toLowerCase() + "@gmail.com": null

2018-12-07 16:48:48 - [TEST_STEP][PASSED] - Statement - println(OwnerID): null

2018-12-07 16:48:48 - [TEST_STEP][PASSED] - delay: Delayed 2 second(s)

2018-12-07 16:48:50 - [MESSAGE][PASSED] - Delayed 2 second(s)

2018-12-07 16:48:50 - [MESSAGE][PASSED] - Call Test Case 'Test Cases/Final Aug 2018 - PKS Automation/Common/Workflow Owner Finder' successfully

2018-12-07 16:48:50 - [TEST_STEP][PASSED] - delay: Delayed 2 second(s)

2018-12-07 16:48:52 - [MESSAGE][PASSED] - Delayed 2 second(s)

2018-12-07 16:48:52 - [TEST_STEP][PASSED] - navigateToUrl: Navigate to 'https://assist2-uat.perkeso.gov.my/c/portal/logout' successfully

2018-12-07 16:48:53 - [MESSAGE][PASSED] - Navigate to 'https://assist2-uat.perkeso.gov.my/c/portal/logout' successfully

2018-12-07 16:48:53 - [TEST_STEP][PASSED] - delay: Delayed 2 second(s)

2018-12-07 16:48:55 - [MESSAGE][PASSED] - Delayed 2 second(s)

2018-12-07 16:48:55 - [TEST_STEP][PASSED] - callTestCase: Call Test Case 'Test Cases/Final Aug 2018 - PKS Automation/Registration Module/Workflow/Login and Search Case For Workflow' successfully

2018-12-07 16:48:55 - [TEST_CASE][PASSED] - Test Cases/Final Aug 2018 - PKS Automation/Registration Module/Workflow/Login and Search Case For Workflow: Test Cases/Final Aug 2018 - PKS Automation/Registration Module/Workflow/Login and Search Case For Workflow

2018-12-07 16:48:55 - [TEST_STEP][PASSED] - navigateToUrl: Navigate to 'https://assist2-uat.perkeso.gov.my/login' successfully

2018-12-07 16:48:55 - [MESSAGE][PASSED] - Navigate to 'https://assist2-uat.perkeso.gov.my/login' successfully

2018-12-07 16:48:55 - [TEST_STEP][PASSED] - setText: Text 'johoruo3@gmail.com' is set on object 'Object Repository/Final Object Repo/Login Page/Internal User/Email Address'

2018-12-07 16:48:56 - [MESSAGE][PASSED] - Text 'johoruo3@gmail.com' is set on object 'Object Repository/Final Object Repo/Login Page/Internal User/Email Address'

2018-12-07 16:48:56 - [TEST_STEP][PASSED] - click: Object: 'Object Repository/Final Object Repo/Login Page/Internal User/Next Button' is clicked on

2018-12-07 16:48:56 - [MESSAGE][PASSED] - Object: 'Object Repository/Final Object Repo/Login Page/Internal User/Next Button' is clicked on

2018-12-07 16:48:56 - [TEST_STEP][PASSED] - delay: Delayed 1 second(s)

2018-12-07 16:48:57 - [MESSAGE][PASSED] - Delayed 1 second(s)

2018-12-07 16:48:57 - [TEST_STEP][PASSED] - setEncryptedText: Text ****** has been set on object 'Object Repository/Final Object Repo/Login Page/Internal User/Password'

2018-12-07 16:48:57 - [MESSAGE][PASSED] - Text ****** has been set on object 'Object Repository/Final Object Repo/Login Page/Internal User/Password'

2018-12-07 16:48:57 - [TEST_STEP][PASSED] - click: Object: 'Object Repository/Final Object Repo/Login Page/Internal User/Login Button' is clicked on

2018-12-07 16:48:57 - [MESSAGE][PASSED] - Object: 'Object Repository/Final Object Repo/Login Page/Internal User/Login Button' is clicked on

2018-12-07 16:48:57 - [TEST_STEP][PASSED] - delay: Delayed 2 second(s)

2018-12-07 16:48:59 - [MESSAGE][PASSED] - Delayed 2 second(s)

2018-12-07 16:48:59 - [TEST_STEP][PASSED] - Statement - Try: Delayed 2 second(s)

2018-12-07 16:48:59 - [TEST_STEP][PASSED] - Statement - Checker = false: null

2018-12-07 16:48:59 - [TEST_STEP][PASSED] - Statement - Checker = com.kms.katalon.core.webui.keyword.WebUiBuiltInKeywords.verifyElementHasAttribute(com.kms.katalon.core.testobject.ObjectRepository.findTestObject(Final Object Repo/Landing Page/BM Detecting), "href", 20, OPTIONAL): Object 'Object Repository/Final Object Repo/Landing Page/BM Detecting' has attribute 'href'

2018-12-07 16:48:59 - [MESSAGE][PASSED] - Object 'Object Repository/Final Object Repo/Landing Page/BM Detecting' has attribute 'href'

2018-12-07 16:48:59 - [TEST_STEP][PASSED] - Statement - out.println(Checker): null

2018-12-07 16:48:59 - [TEST_STEP][PASSED] - Statement - If (Checker == false): null

2018-12-07 16:48:59 - [TEST_STEP][PASSED] - Statement - Else: null

2018-12-07 16:48:59 - [TEST_STEP][PASSED] - delay: Delayed 2 second(s)

2018-12-07 16:49:01 - [MESSAGE][PASSED] - Delayed 2 second(s)

2018-12-07 16:49:01 - [TEST_STEP][PASSED] - click: Object: 'Object Repository/Final Object Repo/Page_MyASSIST - ASSIST - Search Pending Case For Add Supporting Document/Search Information' is clicked on

2018-12-07 16:49:01 - [MESSAGE][PASSED] - Object: 'Object Repository/Final Object Repo/Page_MyASSIST - ASSIST - Search Pending Case For Add Supporting Document/Search Information' is clicked on

2018-12-07 16:49:01 - [TEST_STEP][PASSED] - delay: Delayed 3 second(s)

2018-12-07 16:49:04 - [MESSAGE][PASSED] - Delayed 3 second(s)

2018-12-07 16:49:04 - [TEST_STEP][PASSED] - sendKeys: Keys 'CUN122018C100005914' sent to object: 'Object Repository/Final Object Repo/Page_MyASSIST - ASSIST - Search Pending Case For Add Supporting Document/Reference No'

2018-12-07 16:49:05 - [MESSAGE][PASSED] - Keys 'CUN122018C100005914' sent to object: 'Object Repository/Final Object Repo/Page_MyASSIST - ASSIST - Search Pending Case For Add Supporting Document/Reference No'

2018-12-07 16:49:05 - [TEST_STEP][PASSED] - click: Object: 'Object Repository/Final Object Repo/Page_MyASSIST - ASSIST - Search Pending Case For Add Supporting Document/Search Reference No' is clicked on

2018-12-07 16:49:05 - [MESSAGE][PASSED] - Object: 'Object Repository/Final Object Repo/Page_MyASSIST - ASSIST - Search Pending Case For Add Supporting Document/Search Reference No' is clicked on

2018-12-07 16:49:05 - [TEST_STEP][PASSED] - delay: Delayed 2 second(s)

2018-12-07 16:49:07 - [MESSAGE][PASSED] - Delayed 2 second(s)

2018-12-07 16:49:07 - [TEST_STEP][PASSED] - click: Object: 'Object Repository/Final Object Repo/Page_MyASSIST - ASSIST - Search Pending Case For Add Supporting Document/Continue' is clicked on

2018-12-07 16:49:11 - [MESSAGE][PASSED] - Object: 'Object Repository/Final Object Repo/Page_MyASSIST - ASSIST - Search Pending Case For Add Supporting Document/Continue' is clicked on

2018-12-07 16:49:11 - [TEST_STEP][PASSED] - delay: Delayed 20 second(s)

2018-12-07 16:49:31 - [MESSAGE][PASSED] - Delayed 20 second(s)

2018-12-07 16:49:31 - [MESSAGE][PASSED] - Call Test Case 'Test Cases/Final Aug 2018 - PKS Automation/Registration Module/Workflow/Login and Search Case For Workflow' successfully

2018-12-07 16:49:31 - [TEST_STEP][PASSED] - delay: Delayed 2 second(s)

2018-12-07 16:49:33 - [MESSAGE][PASSED] - Delayed 2 second(s)

2018-12-07 16:49:33 - [TEST_STEP][PASSED] - click: Object: 'Object Repository/Final Object Repo/Page_Update Employee Information By Employer/Page_Update Employee Information by Employer (Approve)/Continue' is clicked on

2018-12-07 16:49:36 - [MESSAGE][PASSED] - Object: 'Object Repository/Final Object Repo/Page_Update Employee Information By Employer/Page_Update Employee Information by Employer (Approve)/Continue' is clicked on

2018-12-07 16:49:36 - [TEST_STEP][PASSED] - delay: Delayed 2 second(s)

2018-12-07 16:49:38 - [MESSAGE][PASSED] - Delayed 2 second(s)

2018-12-07 16:49:38 - [TEST_STEP][PASSED] - click: Object: 'Object Repository/Final Object Repo/Page_Update Employee Information By Employer/Page_Update Employee Information by Employer (Approve)/Save  Continue in Update Employee Information Page' is clicked on

2018-12-07 16:49:39 - [MESSAGE][PASSED] - Object: 'Object Repository/Final Object Repo/Page_Update Employee Information By Employer/Page_Update Employee Information by Employer (Approve)/Save  Continue in Update Employee Information Page' is clicked on

2018-12-07 16:49:39 - [TEST_STEP][PASSED] - delay: Delayed 4 second(s)

2018-12-07 16:49:43 - [MESSAGE][PASSED] - Delayed 4 second(s)

2018-12-07 16:49:43 - [TEST_STEP][PASSED] - click: Object: 'Object Repository/Final Object Repo/Page_Update Employee Information By Employer/Page_Update Employee Information by Employer (Approve)/Save  Continue in Upload Supporting Doucument Page' is clicked on

2018-12-07 16:49:43 - [MESSAGE][PASSED] - Object: 'Object Repository/Final Object Repo/Page_Update Employee Information By Employer/Page_Update Employee Information by Employer (Approve)/Save  Continue in Upload Supporting Doucument Page' is clicked on

2018-12-07 16:49:43 - [TEST_STEP][PASSED] - delay: Delayed 2 second(s)

2018-12-07 16:49:45 - [MESSAGE][PASSED] - Delayed 2 second(s)

2018-12-07 16:49:45 - [TEST_STEP][PASSED] - click: Object: 'Object Repository/Final Object Repo/Page_Update Employee Information By Employer/Page_Update Employee Information by Employer (Under enforcement)/Under enforcement' is clicked on

2018-12-07 16:49:47 - [MESSAGE][PASSED] - Object: 'Object Repository/Final Object Repo/Page_Update Employee Information By Employer/Page_Update Employee Information by Employer (Under enforcement)/Under enforcement' is clicked on

2018-12-07 16:49:47 - [TEST_STEP][PASSED] - delay: Delayed 2 second(s)

2018-12-07 16:49:49 - [MESSAGE][PASSED] - Delayed 2 second(s)

2018-12-07 16:49:49 - [TEST_STEP][PASSED] - setText: Text 'Remark' is set on object 'Object Repository/Final Object Repo/Page_Update Employee Information By Employer/Page_Update Employee Information by Employer (Under enforcement)/Under enforcement - Remark'

2018-12-07 16:49:49 - [MESSAGE][PASSED] - Text 'Remark' is set on object 'Object Repository/Final Object Repo/Page_Update Employee Information By Employer/Page_Update Employee Information by Employer (Under enforcement)/Under enforcement - Remark'

2018-12-07 16:49:49 - [TEST_STEP][PASSED] - delay: Delayed 2 second(s)

2018-12-07 16:49:51 - [MESSAGE][PASSED] - Delayed 2 second(s)

2018-12-07 16:49:51 - [TEST_STEP][PASSED] - click: Object: 'Object Repository/Final Object Repo/Page_Update Employee Information By Employer/Page_Update Employee Information by Employer (Under enforcement)/Save  Continu in Under enforcement Page' is clicked on

2018-12-07 16:49:51 - [MESSAGE][PASSED] - Object: 'Object Repository/Final Object Repo/Page_Update Employee Information By Employer/Page_Update Employee Information by Employer (Under enforcement)/Save  Continu in Under enforcement Page' is clicked on

2018-12-07 16:49:51 - [TEST_STEP][PASSED] - delay: Delayed 2 second(s)

2018-12-07 16:49:53 - [MESSAGE][PASSED] - Delayed 2 second(s)

2018-12-07 16:49:53 - [TEST_STEP][PASSED] - click: Object: 'Object Repository/Final Object Repo/Page_Update Employee Information By Employer/Page_Update Employee Information by Employer (Under enforcement)/Under enforceme Message The case is under enforcement' is clicked on

2018-12-07 16:49:54 - [MESSAGE][PASSED] - Object: 'Object Repository/Final Object Repo/Page_Update Employee Information By Employer/Page_Update Employee Information by Employer (Under enforcement)/Under enforceme Message The case is under enforcement' is clicked on

2018-12-07 16:49:54 - [TEST_STEP][PASSED] - click: Object: 'Object Repository/Final Object Repo/Page_Update Employee Information By Employer/Page_Update Employee Information by Employer (Under enforcement)/Under enforcement - OK button' is clicked on

2018-12-07 16:49:55 - [MESSAGE][PASSED] - Object: 'Object Repository/Final Object Repo/Page_Update Employee Information By Employer/Page_Update Employee Information by Employer (Under enforcement)/Under enforcement - OK button' is clicked on

2018-12-07 16:49:55 - [MESSAGE][PASSED] - Call Test Case 'Test Cases/Final Aug 2018 - PKS Automation/Registration Module/Workflow/Update Employee Information (Employer)/Template/Update Employee Information - Special Case - UO (UnderEnforcement)' successfully]]></system-out>
         <system-err><![CDATA[]]></system-err>
      </testcase>
      <system-out><![CDATA[2018-12-07 15:20:37 - [TEST_SUITE][PASSED] - Update Employee Information (Employer): Test Cases/Final Aug 2018 - PKS Automation/Registration Module/Workflow/Update Employee Information (Employer)/PKRBO - UO (Under enforcement)]]></system-out>
      <system-err><![CDATA[]]></system-err>
   </testsuite>
</testsuites>
